<?xml version="1.0" encoding="UTF-8"?>
<testsuite name="de.uka.ilkd.key.proof.runallproofs.RunAllProofsInfFlow" tests="29" skipped="0" failures="0" errors="0" timestamp="2023-04-14T23:26:52" hostname="fv-az446-676" time="2976.978">
  <properties/>
  <testcase name="ToyVoting" classname="de.uka.ilkd.key.proof.runallproofs.RunAllProofsInfFlow" time="26.895"/>
  <testcase name="ConditionalConfidential" classname="de.uka.ilkd.key.proof.runallproofs.RunAllProofsInfFlow" time="15.061"/>
  <testcase name="SumExample" classname="de.uka.ilkd.key.proof.runallproofs.RunAllProofsInfFlow" time="9.896"/>
  <testcase name="ToyBanking" classname="de.uka.ilkd.key.proof.runallproofs.RunAllProofsInfFlow" time="108.152"/>
  <testcase name="BlockContracts" classname="de.uka.ilkd.key.proof.runallproofs.RunAllProofsInfFlow" time="64.94"/>
  <testcase name="MethodContracts" classname="de.uka.ilkd.key.proof.runallproofs.RunAllProofsInfFlow" time="69.695"/>
  <testcase name="LoopInvariants" classname="de.uka.ilkd.key.proof.runallproofs.RunAllProofsInfFlow" time="69.728"/>
  <testcase name="MiniExamples" classname="de.uka.ilkd.key.proof.runallproofs.RunAllProofsInfFlow" time="94.808"/>
  <testcase name="NewObjects" classname="de.uka.ilkd.key.proof.runallproofs.RunAllProofsInfFlow" time="78.015"/>
  <testcase name="SimpleEvoting" classname="de.uka.ilkd.key.proof.runallproofs.RunAllProofsInfFlow" time="163.206"/>
  <testcase name="ToyVoting_nomacro" classname="de.uka.ilkd.key.proof.runallproofs.RunAllProofsInfFlow" time="39.432"/>
  <testcase name="ConditionalConfidential_nomacro" classname="de.uka.ilkd.key.proof.runallproofs.RunAllProofsInfFlow" time="0.001"/>
  <testcase name="SumExample_nomacro" classname="de.uka.ilkd.key.proof.runallproofs.RunAllProofsInfFlow" time="12.932"/>
  <testcase name="ToyBanking_nomacro" classname="de.uka.ilkd.key.proof.runallproofs.RunAllProofsInfFlow" time="128.732"/>
  <testcase name="BlockContracts_nomacro" classname="de.uka.ilkd.key.proof.runallproofs.RunAllProofsInfFlow" time="81.366"/>
  <testcase name="MethodContracts_nomacro" classname="de.uka.ilkd.key.proof.runallproofs.RunAllProofsInfFlow" time="72.156"/>
  <testcase name="LoopInvariants_nomacro" classname="de.uka.ilkd.key.proof.runallproofs.RunAllProofsInfFlow" time="116.129"/>
  <testcase name="MiniExamples_nomacro" classname="de.uka.ilkd.key.proof.runallproofs.RunAllProofsInfFlow" time="101.244"/>
  <testcase name="NewObjects_nomacro" classname="de.uka.ilkd.key.proof.runallproofs.RunAllProofsInfFlow" time="136.738"/>
  <testcase name="SimpleEvoting_nomacro" classname="de.uka.ilkd.key.proof.runallproofs.RunAllProofsInfFlow" time="197.116"/>
  <testcase name="ToyVoting_fullmacro" classname="de.uka.ilkd.key.proof.runallproofs.RunAllProofsInfFlow" time="61.651"/>
  <testcase name="SumExample_fullmacro" classname="de.uka.ilkd.key.proof.runallproofs.RunAllProofsInfFlow" time="11.306"/>
  <testcase name="ToyBanking_fullmacro" classname="de.uka.ilkd.key.proof.runallproofs.RunAllProofsInfFlow" time="359.927"/>
  <testcase name="BlockContracts_fullmacro" classname="de.uka.ilkd.key.proof.runallproofs.RunAllProofsInfFlow" time="82.216"/>
  <testcase name="MethodContracts_fullmacro" classname="de.uka.ilkd.key.proof.runallproofs.RunAllProofsInfFlow" time="76.523"/>
  <testcase name="InformationFlow_fullmacro" classname="de.uka.ilkd.key.proof.runallproofs.RunAllProofsInfFlow" time="320.261"/>
  <testcase name="MiniExamples_fullmacro" classname="de.uka.ilkd.key.proof.runallproofs.RunAllProofsInfFlow" time="97.15"/>
  <testcase name="NewObjects_fullmacro" classname="de.uka.ilkd.key.proof.runallproofs.RunAllProofsInfFlow" time="198.288"/>
  <testcase name="SimpleEvoting_fullmacro" classname="de.uka.ilkd.key.proof.runallproofs.RunAllProofsInfFlow" time="183.392"/>
  <system-out><![CDATA[279        INFO  Test worker     d.u.i.k.p.r.RunAllProofsTestUnit Running test ToyVoting 
336        INFO  Timeout watchdog d.u.i.k.p.r.p.ForkedTestFileRunner Timeout watcher launched (1000 secs.) 
342        WARN  main            d.u.i.k.s.ProofSettings   No proof-settings could be loaded, using defaults java.io.FileNotFoundException: /home/runner/.key/proof-settings.props (No such file or directory)
	at java.base/java.io.FileInputStream.open0(Native Method)

386        DEBUG main            d.u.i.k.s.TermLabelSettings TermLabelSettings: Failure while reading the setting "UseOriginLabels".Using the default value: true.The string read was: null 
389        INFO  main            d.u.i.k.p.r.p.TestFile    Now processing file /home/runner/work/key/key/key.core/../key.ui/examples/InformationFlow/ToyVoting/Voter(Voter__insecure_voting()).JML normal_behavior operation contract.0.key 
554        DEBUG main            d.u.i.k.p.i.KeYFile       Reading KeY file /home/runner/work/key/key/key.core/../key.ui/examples/InformationFlow/ToyVoting/Voter(Voter__insecure_voting()).JML normal_behavior operation contract.0.key 
804        DEBUG main            d.u.i.k.p.i.KeYFile       Reading KeY file file:/home/runner/work/key/key/key.core/build/resources/main/de/uka/ilkd/key/proof/rules/standardRules.key 
850        DEBUG main            d.u.i.k.p.i.KeYFile       Reading KeY file file:/home/runner/work/key/key/key.core/build/resources/main/de/uka/ilkd/key/proof/rules/ldt.key 
857        DEBUG main            d.u.i.k.p.i.KeYFile       Reading KeY file file:/home/runner/work/key/key/key.core/build/resources/main/de/uka/ilkd/key/proof/rules/boolean.key 
884        DEBUG main            d.u.i.k.p.i.KeYFile       Reading KeY file file:/home/runner/work/key/key/key.core/build/resources/main/de/uka/ilkd/key/proof/rules/ruleSetsDeclarations.key 
919        DEBUG main            d.u.i.k.p.i.KeYFile       Reading KeY file file:/home/runner/work/key/key/key.core/build/resources/main/de/uka/ilkd/key/proof/rules/integerHeader.key 
925        DEBUG main            d.u.i.k.p.i.KeYFile       Reading KeY file file:/home/runner/work/key/key/key.core/build/resources/main/de/uka/ilkd/key/proof/rules/floatHeader.key 
929        DEBUG main            d.u.i.k.p.i.KeYFile       Reading KeY file file:/home/runner/work/key/key/key.core/build/resources/main/de/uka/ilkd/key/proof/rules/heap.key 
933        DEBUG main            d.u.i.k.p.i.KeYFile       Reading KeY file file:/home/runner/work/key/key/key.core/build/resources/main/de/uka/ilkd/key/proof/rules/locSets.key 
935        DEBUG main            d.u.i.k.p.i.KeYFile       Reading KeY file file:/home/runner/work/key/key/key.core/build/resources/main/de/uka/ilkd/key/proof/rules/permission.key 
936        DEBUG main            d.u.i.k.p.i.KeYFile       Reading KeY file file:/home/runner/work/key/key/key.core/build/resources/main/de/uka/ilkd/key/proof/rules/reach.key 
937        DEBUG main            d.u.i.k.p.i.KeYFile       Reading KeY file file:/home/runner/work/key/key/key.core/build/resources/main/de/uka/ilkd/key/proof/rules/seq.key 
938        DEBUG main            d.u.i.k.p.i.KeYFile       Reading KeY file file:/home/runner/work/key/key/key.core/build/resources/main/de/uka/ilkd/key/proof/rules/map.key 
976        DEBUG main            d.u.i.k.p.i.KeYFile       Reading KeY file file:/home/runner/work/key/key/key.core/build/resources/main/de/uka/ilkd/key/proof/rules/freeADT.key 
977        DEBUG main            d.u.i.k.p.i.KeYFile       Reading KeY file file:/home/runner/work/key/key/key.core/build/resources/main/de/uka/ilkd/key/proof/rules/wellfound.key 
978        DEBUG main            d.u.i.k.p.i.KeYFile       Reading KeY file file:/home/runner/work/key/key/key.core/build/resources/main/de/uka/ilkd/key/proof/rules/charListHeader.key 
1088       DEBUG main            d.u.i.k.p.i.KeYFile       Reading KeY file file:/home/runner/work/key/key/key.core/build/resources/main/de/uka/ilkd/key/proof/rules/propRule.key 
1113       DEBUG main            d.u.i.k.p.i.KeYFile       Reading KeY file file:/home/runner/work/key/key/key.core/build/resources/main/de/uka/ilkd/key/proof/rules/firstOrderRules.key 
1133       DEBUG main            d.u.i.k.p.i.KeYFile       Reading KeY file file:/home/runner/work/key/key/key.core/build/resources/main/de/uka/ilkd/key/proof/rules/ifThenElseRules.key 
1178       DEBUG main            d.u.i.k.p.i.KeYFile       Reading KeY file file:/home/runner/work/key/key/key.core/build/resources/main/de/uka/ilkd/key/proof/rules/formulaNormalisationRules.key 
1253       DEBUG main            d.u.i.k.p.i.KeYFile       Reading KeY file file:/home/runner/work/key/key/key.core/build/resources/main/de/uka/ilkd/key/proof/rules/updateRules.key 
1273       DEBUG main            d.u.i.k.p.i.KeYFile       Reading KeY file file:/home/runner/work/key/key/key.core/build/resources/main/de/uka/ilkd/key/proof/rules/integerRulesCommon.key 
1362       DEBUG main            d.u.i.k.p.i.KeYFile       Reading KeY file file:/home/runner/work/key/key/key.core/build/resources/main/de/uka/ilkd/key/proof/rules/intRules.key 
1383       DEBUG main            d.u.i.k.p.i.KeYFile       Reading KeY file file:/home/runner/work/key/key/key.core/build/resources/main/de/uka/ilkd/key/proof/rules/intRulesUncheckedSemantics.key 
1393       DEBUG main            d.u.i.k.p.i.KeYFile       Reading KeY file file:/home/runner/work/key/key/key.core/build/resources/main/de/uka/ilkd/key/proof/rules/intRulesCheckedSemantics.key 
1399       DEBUG main            d.u.i.k.p.i.KeYFile       Reading KeY file file:/home/runner/work/key/key/key.core/build/resources/main/de/uka/ilkd/key/proof/rules/intRulesJavaSemantics.key 
1430       DEBUG main            d.u.i.k.p.i.KeYFile       Reading KeY file file:/home/runner/work/key/key/key.core/build/resources/main/de/uka/ilkd/key/proof/rules/integerSimplificationRules.key 
1592       DEBUG main            d.u.i.k.j.TypeConverter   No LDT found for Meta 
1593       DEBUG main            d.u.i.k.j.TypeConverter   No LDT found for Meta 
1596       DEBUG main            d.u.i.k.j.TypeConverter   No LDT found for Meta 
1596       DEBUG main            d.u.i.k.j.TypeConverter   No LDT found for Meta 
1669       DEBUG main            d.u.i.k.p.i.KeYFile       Reading KeY file file:/home/runner/work/key/key/key.core/build/resources/main/de/uka/ilkd/key/proof/rules/intDiv.key 
1726       DEBUG main            d.u.i.k.p.i.KeYFile       Reading KeY file file:/home/runner/work/key/key/key.core/build/resources/main/de/uka/ilkd/key/proof/rules/bsum.key 
1880       DEBUG main            d.u.i.k.p.i.KeYFile       Reading KeY file file:/home/runner/work/key/key/key.core/build/resources/main/de/uka/ilkd/key/proof/rules/bprod.key 
1924       DEBUG main            d.u.i.k.p.i.KeYFile       Reading KeY file file:/home/runner/work/key/key/key.core/build/resources/main/de/uka/ilkd/key/proof/rules/binaryAxioms.key 
1928       DEBUG main            d.u.i.k.p.i.KeYFile       Reading KeY file file:/home/runner/work/key/key/key.core/build/resources/main/de/uka/ilkd/key/proof/rules/binaryLemmas.key 
1943       DEBUG main            d.u.i.k.p.i.KeYFile       Reading KeY file file:/home/runner/work/key/key/key.core/build/resources/main/de/uka/ilkd/key/proof/rules/intPow.key 
1957       DEBUG main            d.u.i.k.p.i.KeYFile       Reading KeY file file:/home/runner/work/key/key/key.core/build/resources/main/de/uka/ilkd/key/proof/rules/floatRulesCommon.key 
1979       DEBUG main            d.u.i.k.p.i.KeYFile       Reading KeY file file:/home/runner/work/key/key/key.core/build/resources/main/de/uka/ilkd/key/proof/rules/floatRules.key 
1980       DEBUG main            d.u.i.k.p.i.KeYFile       Reading KeY file file:/home/runner/work/key/key/key.core/build/resources/main/de/uka/ilkd/key/proof/rules/floatRulesVerifyNormal.key 
1981       DEBUG main            d.u.i.k.p.i.KeYFile       Reading KeY file file:/home/runner/work/key/key/key.core/build/resources/main/de/uka/ilkd/key/proof/rules/floatRulesAssumeStrictfp.key 
1998       DEBUG main            d.u.i.k.p.i.KeYFile       Reading KeY file file:/home/runner/work/key/key/key.core/build/resources/main/de/uka/ilkd/key/proof/rules/genericRules.key 
2018       DEBUG main            d.u.i.k.p.i.KeYFile       Reading KeY file file:/home/runner/work/key/key/key.core/build/resources/main/de/uka/ilkd/key/proof/rules/booleanRules.key 
2023       DEBUG main            d.u.i.k.p.i.KeYFile       Reading KeY file file:/home/runner/work/key/key/key.core/build/resources/main/de/uka/ilkd/key/proof/rules/epsilon.key 
2026       DEBUG main            d.u.i.k.p.i.KeYFile       Reading KeY file file:/home/runner/work/key/key/key.core/build/resources/main/de/uka/ilkd/key/proof/rules/locSetsRules.key 
2104       DEBUG main            d.u.i.k.p.i.KeYFile       Reading KeY file file:/home/runner/work/key/key/key.core/build/resources/main/de/uka/ilkd/key/proof/rules/heapRules.key 
2150       DEBUG main            d.u.i.k.p.i.KeYFile       Reading KeY file file:/home/runner/work/key/key/key.core/build/resources/main/de/uka/ilkd/key/proof/rules/permissionRules.key 
2172       DEBUG main            d.u.i.k.p.i.KeYFile       Reading KeY file file:/home/runner/work/key/key/key.core/build/resources/main/de/uka/ilkd/key/proof/rules/reachRules.key 
2202       DEBUG main            d.u.i.k.p.i.KeYFile       Reading KeY file file:/home/runner/work/key/key/key.core/build/resources/main/de/uka/ilkd/key/proof/rules/seqCoreRules.key 
2207       DEBUG main            d.u.i.k.p.i.KeYFile       Reading KeY file file:/home/runner/work/key/key/key.core/build/resources/main/de/uka/ilkd/key/proof/rules/seqRules.key 
2243       DEBUG main            d.u.i.k.p.i.KeYFile       Reading KeY file file:/home/runner/work/key/key/key.core/build/resources/main/de/uka/ilkd/key/proof/rules/seqPerm.key 
2296       DEBUG main            d.u.i.k.p.i.KeYFile       Reading KeY file file:/home/runner/work/key/key/key.core/build/resources/main/de/uka/ilkd/key/proof/rules/seqPerm2.key 
2301       DEBUG main            d.u.i.k.p.i.KeYFile       Reading KeY file file:/home/runner/work/key/key/key.core/build/resources/main/de/uka/ilkd/key/proof/rules/javaRules.key 
2365       DEBUG main            d.u.i.k.p.i.KeYFile       Reading KeY file file:/home/runner/work/key/key/key.core/build/resources/main/de/uka/ilkd/key/proof/rules/assertions.key 
2887       DEBUG main            d.u.i.k.p.i.KeYFile       Reading KeY file file:/home/runner/work/key/key/key.core/build/resources/main/de/uka/ilkd/key/proof/rules/loopRules.key 
2897       DEBUG main            d.u.i.k.p.i.KeYFile       Reading KeY file file:/home/runner/work/key/key/key.core/build/resources/main/de/uka/ilkd/key/proof/rules/activeUse.key 
2938       DEBUG main            d.u.i.k.p.i.KeYFile       Reading KeY file file:/home/runner/work/key/key/key.core/build/resources/main/de/uka/ilkd/key/proof/rules/instanceAllocation.key 
2955       DEBUG main            d.u.i.k.p.i.KeYFile       Reading KeY file file:/home/runner/work/key/key/key.core/build/resources/main/de/uka/ilkd/key/proof/rules/java5.key 
2958       DEBUG main            d.u.i.k.p.i.KeYFile       Reading KeY file file:/home/runner/work/key/key/key.core/build/resources/main/de/uka/ilkd/key/proof/rules/integerAssignment2UpdateRules.key 
2987       DEBUG main            d.u.i.k.p.i.KeYFile       Reading KeY file file:/home/runner/work/key/key/key.core/build/resources/main/de/uka/ilkd/key/proof/rules/floatAssignment2UpdateRules.key 
3009       DEBUG main            d.u.i.k.p.i.KeYFile       Reading KeY file file:/home/runner/work/key/key/key.core/build/resources/main/de/uka/ilkd/key/proof/rules/bigint.key 
3022       DEBUG main            d.u.i.k.j.TypeConverter   No LDT found for JavaBigintExpression 
3025       DEBUG main            d.u.i.k.p.i.KeYFile       Reading KeY file file:/home/runner/work/key/key/key.core/build/resources/main/de/uka/ilkd/key/proof/rules/adtProgramDecompositionRules.key 
3042       DEBUG main            d.u.i.k.p.i.KeYFile       Reading KeY file file:/home/runner/work/key/key/key.core/build/resources/main/de/uka/ilkd/key/proof/rules/precRules.key 
3046       DEBUG main            d.u.i.k.p.i.KeYFile       Reading KeY file file:/home/runner/work/key/key/key.core/build/resources/main/de/uka/ilkd/key/proof/rules/charListRules.key 
3062       DEBUG main            d.u.i.k.p.i.KeYFile       Reading KeY file file:/home/runner/work/key/key/key.core/build/resources/main/de/uka/ilkd/key/proof/rules/regExTheory.key 
3063       DEBUG main            d.u.i.k.p.i.KeYFile       Reading KeY file file:/home/runner/work/key/key/key.core/build/resources/main/de/uka/ilkd/key/proof/rules/regExHeader.key 
3065       DEBUG main            d.u.i.k.p.i.KeYFile       Reading KeY file file:/home/runner/work/key/key/key.core/build/resources/main/de/uka/ilkd/key/proof/rules/regExAxioms.key 
3069       DEBUG main            d.u.i.k.p.i.KeYFile       Reading KeY file file:/home/runner/work/key/key/key.core/build/resources/main/de/uka/ilkd/key/proof/rules/regExLemmaProven.key 
3075       DEBUG main            d.u.i.k.p.i.KeYFile       Reading KeY file file:/home/runner/work/key/key/key.core/build/resources/main/de/uka/ilkd/key/proof/rules/seqEq.key 
3084       DEBUG main            d.u.i.k.p.i.KeYFile       Reading KeY file file:/home/runner/work/key/key/key.core/build/resources/main/de/uka/ilkd/key/proof/rules/infFlow.key 
3120       DEBUG main            d.u.i.k.p.i.KeYFile       Reading KeY file file:/home/runner/work/key/key/key.core/build/resources/main/de/uka/ilkd/key/proof/rules/mapSize.key 
3125       DEBUG main            d.u.i.k.p.i.KeYFile       Reading KeY file file:/home/runner/work/key/key/key.core/build/resources/main/de/uka/ilkd/key/proof/rules/wd.key 
3127       DEBUG main            d.u.i.k.p.i.KeYFile       Reading KeY file file:/home/runner/work/key/key/key.core/build/resources/main/de/uka/ilkd/key/proof/rules/wdHeader.key 
3128       DEBUG main            d.u.i.k.p.i.KeYFile       Reading KeY file file:/home/runner/work/key/key/key.core/build/resources/main/de/uka/ilkd/key/proof/rules/wdGeneralRules.key 
3133       DEBUG main            d.u.i.k.p.i.KeYFile       Reading KeY file file:/home/runner/work/key/key/key.core/build/resources/main/de/uka/ilkd/key/proof/rules/wdNumericalRules.key 
3156       DEBUG main            d.u.i.k.p.i.KeYFile       Reading KeY file file:/home/runner/work/key/key/key.core/build/resources/main/de/uka/ilkd/key/proof/rules/wdLocSetRules.key 
3162       DEBUG main            d.u.i.k.p.i.KeYFile       Reading KeY file file:/home/runner/work/key/key/key.core/build/resources/main/de/uka/ilkd/key/proof/rules/wdHeapRules.key 
3167       DEBUG main            d.u.i.k.p.i.KeYFile       Reading KeY file file:/home/runner/work/key/key/key.core/build/resources/main/de/uka/ilkd/key/proof/rules/wdReachRules.key 
3170       DEBUG main            d.u.i.k.p.i.KeYFile       Reading KeY file file:/home/runner/work/key/key/key.core/build/resources/main/de/uka/ilkd/key/proof/rules/wdSeqRules.key 
3173       DEBUG main            d.u.i.k.p.i.KeYFile       Reading KeY file file:/home/runner/work/key/key/key.core/build/resources/main/de/uka/ilkd/key/proof/rules/wdStringRules.key 
3177       DEBUG main            d.u.i.k.p.i.KeYFile       Reading KeY file file:/home/runner/work/key/key/key.core/build/resources/main/de/uka/ilkd/key/proof/rules/wdRegExRules.key 
3178       DEBUG main            d.u.i.k.p.i.KeYFile       Reading KeY file file:/home/runner/work/key/key/key.core/build/resources/main/de/uka/ilkd/key/proof/rules/wdFormulaRules.key 
3193       DEBUG main            d.u.i.k.p.i.KeYFile       Reading KeY file file:/home/runner/work/key/key/key.core/build/resources/main/de/uka/ilkd/key/proof/rules/loopInvariantRules.key 
3196       DEBUG main            d.u.i.k.p.i.KeYFile       Reading KeY file file:/home/runner/work/key/key/key.core/build/resources/main/de/uka/ilkd/key/proof/rules/forLoopRules.key 
3198       DEBUG main            d.u.i.k.p.i.KeYFile       Reading KeY file file:/home/runner/work/key/key/key.core/build/resources/main/de/uka/ilkd/key/proof/rules/execRules.key 
3260       DEBUG main            d.u.i.k.p.i.KeYFile       Reading KeY file file:/home/runner/work/key/key/key.core/build/resources/main/de/uka/ilkd/key/proof/rules/loopScopeRules.key 
5838       DEBUG main            d.u.i.k.j.Recoder2KeY     converting now /home/runner/work/key/key/key.core/../key.ui/examples/InformationFlow/ToyVoting/src/Voter.java 
5870       DEBUG main            d.u.i.k.s.TermLabelSettings TermLabelSettings: Failure while reading the setting "UseOriginLabels".Using the default value: true.The string read was: null 
5888       DEBUG main            d.u.i.k.p.i.KeYFile       Reading KeY file file:/home/runner/work/key/key/key.core/build/resources/main/de/uka/ilkd/key/java/JavaRedux/java/lang/String.key 
8378       DEBUG main            d.u.i.k.p.i.KeYFile       Reading KeY file /home/runner/work/key/key/key.core/../key.ui/examples/InformationFlow/ToyVoting/Voter(Voter__insecure_voting()).JML normal_behavior operation contract.0.key 
9002       DEBUG Thread-1        d.u.i.k.j.TypeConverter   typeconverter: (prefix this;, class class de.uka.ilkd.key.java.reference.ThisReference) 
9099       DEBUG Thread-1        d.u.i.k.j.TypeConverter   typeconverter: (prefix this;, class class de.uka.ilkd.key.java.reference.ThisReference) 
9181       DEBUG Thread-1        d.u.i.k.j.TypeConverter   TypeConverter: FieldReference: low_numOfVotes; 
9228       DEBUG Thread-1        d.u.i.k.j.TypeConverter   TypeConverter: FieldReference: low_numOfVotes; 
9323       DEBUG Thread-1        d.u.i.k.j.TypeConverter   typeconverter: (prefix this;, class class de.uka.ilkd.key.java.reference.ThisReference) 
9515       INFO  main            d.u.i.k.p.r.p.TestFile    ... finished proof: closed. 
9646       DEBUG main            d.u.i.k.s.TermLabelSettings TermLabelSettings: Failure while reading the setting "UseOriginLabels".Using the default value: true.The string read was: null 
9647       INFO  main            d.u.i.k.p.r.p.TestFile    Now processing file /home/runner/work/key/key/key.core/../key.ui/examples/InformationFlow/ToyVoting/Voter(Voter__publishVoterParticipation()).JML normal_behavior operation contract.0.key 
9648       DEBUG main            d.u.i.k.p.i.KeYFile       Reading KeY file /home/runner/work/key/key/key.core/../key.ui/examples/InformationFlow/ToyVoting/Voter(Voter__publishVoterParticipation()).JML normal_behavior operation contract.0.key 
10713      DEBUG main            d.u.i.k.j.Recoder2KeY     converting now /home/runner/work/key/key/key.core/../key.ui/examples/InformationFlow/ToyVoting/src/Voter.java 
10722      DEBUG main            d.u.i.k.s.TermLabelSettings TermLabelSettings: Failure while reading the setting "UseOriginLabels".Using the default value: true.The string read was: null 
10724      DEBUG main            d.u.i.k.p.i.KeYFile       Reading KeY file file:/home/runner/work/key/key/key.core/build/resources/main/de/uka/ilkd/key/java/JavaRedux/java/lang/String.key 
12739      DEBUG main            d.u.i.k.p.i.KeYFile       Reading KeY file /home/runner/work/key/key/key.core/../key.ui/examples/InformationFlow/ToyVoting/Voter(Voter__publishVoterParticipation()).JML normal_behavior operation contract.0.key 
12767      DEBUG Thread-3        d.u.i.k.j.TypeConverter   TypeConverter: FieldReference: low_numOfVotes; 
12779      DEBUG Thread-3        d.u.i.k.j.TypeConverter   TypeConverter: FieldReference: low_NUM_OF_VOTERS; 
12780      DEBUG Thread-3        d.u.i.k.j.TypeConverter   TypeConverter: FieldReference: low_NUM_OF_VOTERS; 
12790      DEBUG Thread-3        d.u.i.k.j.TypeConverter   TypeConverter: FieldReference: low_outputStream; 
12841      INFO  main            d.u.i.k.p.r.p.TestFile    ... finished proof: closed. 
12994      DEBUG main            d.u.i.k.s.TermLabelSettings TermLabelSettings: Failure while reading the setting "UseOriginLabels".Using the default value: true.The string read was: null 
12994      INFO  main            d.u.i.k.p.r.p.TestFile    Now processing file /home/runner/work/key/key/key.core/../key.ui/examples/InformationFlow/ToyVoting/Voter(Voter__isValid(int)).JML normal_behavior operation contract.0.key 
12994      DEBUG main            d.u.i.k.p.i.KeYFile       Reading KeY file /home/runner/work/key/key/key.core/../key.ui/examples/InformationFlow/ToyVoting/Voter(Voter__isValid(int)).JML normal_behavior operation contract.0.key 
14010      DEBUG main            d.u.i.k.j.Recoder2KeY     converting now /home/runner/work/key/key/key.core/../key.ui/examples/InformationFlow/ToyVoting/src/Voter.java 
14019      DEBUG main            d.u.i.k.s.TermLabelSettings TermLabelSettings: Failure while reading the setting "UseOriginLabels".Using the default value: true.The string read was: null 
14025      DEBUG main            d.u.i.k.p.i.KeYFile       Reading KeY file file:/home/runner/work/key/key/key.core/build/resources/main/de/uka/ilkd/key/java/JavaRedux/java/lang/String.key 
16028      DEBUG main            d.u.i.k.p.i.KeYFile       Reading KeY file /home/runner/work/key/key/key.core/../key.ui/examples/InformationFlow/ToyVoting/Voter(Voter__isValid(int)).JML normal_behavior operation contract.0.key 
16132      INFO  main            d.u.i.k.p.r.p.TestFile    ... finished proof: closed. 
16281      DEBUG main            d.u.i.k.s.TermLabelSettings TermLabelSettings: Failure while reading the setting "UseOriginLabels".Using the default value: true.The string read was: null 
16281      INFO  main            d.u.i.k.p.r.p.TestFile    Now processing file /home/runner/work/key/key/key.core/../key.ui/examples/InformationFlow/ToyVoting/Voter(Voter__sendVote(int)).JML normal_behavior operation contract.0.key 
16288      DEBUG main            d.u.i.k.p.i.KeYFile       Reading KeY file /home/runner/work/key/key/key.core/../key.ui/examples/InformationFlow/ToyVoting/Voter(Voter__sendVote(int)).JML normal_behavior operation contract.0.key 
17322      DEBUG main            d.u.i.k.j.Recoder2KeY     converting now /home/runner/work/key/key/key.core/../key.ui/examples/InformationFlow/ToyVoting/src/Voter.java 
17330      DEBUG main            d.u.i.k.s.TermLabelSettings TermLabelSettings: Failure while reading the setting "UseOriginLabels".Using the default value: true.The string read was: null 
17333      DEBUG main            d.u.i.k.p.i.KeYFile       Reading KeY file file:/home/runner/work/key/key/key.core/build/resources/main/de/uka/ilkd/key/java/JavaRedux/java/lang/String.key 
19318      DEBUG main            d.u.i.k.p.i.KeYFile       Reading KeY file /home/runner/work/key/key/key.core/../key.ui/examples/InformationFlow/ToyVoting/Voter(Voter__sendVote(int)).JML normal_behavior operation contract.0.key 
19337      DEBUG Thread-7        d.u.i.k.j.TypeConverter   TypeConverter: FieldReference: low_outputStreamAvailable; 
19420      INFO  main            d.u.i.k.p.r.p.TestFile    ... finished proof: closed. 
19546      DEBUG main            d.u.i.k.s.TermLabelSettings TermLabelSettings: Failure while reading the setting "UseOriginLabels".Using the default value: true.The string read was: null 
19546      INFO  main            d.u.i.k.p.r.p.TestFile    Now processing file /home/runner/work/key/key/key.core/../key.ui/examples/InformationFlow/ToyVoting/Voter(Voter__inputVote()).JML normal_behavior operation contract.0.key 
19546      DEBUG main            d.u.i.k.p.i.KeYFile       Reading KeY file /home/runner/work/key/key/key.core/../key.ui/examples/InformationFlow/ToyVoting/Voter(Voter__inputVote()).JML normal_behavior operation contract.0.key 
20462      DEBUG main            d.u.i.k.j.Recoder2KeY     converting now /home/runner/work/key/key/key.core/../key.ui/examples/InformationFlow/ToyVoting/src/Voter.java 
20471      DEBUG main            d.u.i.k.s.TermLabelSettings TermLabelSettings: Failure while reading the setting "UseOriginLabels".Using the default value: true.The string read was: null 
20473      DEBUG main            d.u.i.k.p.i.KeYFile       Reading KeY file file:/home/runner/work/key/key/key.core/build/resources/main/de/uka/ilkd/key/java/JavaRedux/java/lang/String.key 
22422      DEBUG main            d.u.i.k.p.i.KeYFile       Reading KeY file /home/runner/work/key/key/key.core/../key.ui/examples/InformationFlow/ToyVoting/Voter(Voter__inputVote()).JML normal_behavior operation contract.0.key 
22440      DEBUG Thread-9        d.u.i.k.j.TypeConverter   TypeConverter: FieldReference: high_inputStream; 
22526      INFO  main            d.u.i.k.p.r.p.TestFile    ... finished proof: closed. 
22661      DEBUG main            d.u.i.k.s.TermLabelSettings TermLabelSettings: Failure while reading the setting "UseOriginLabels".Using the default value: true.The string read was: null 
22662      INFO  main            d.u.i.k.p.r.p.TestFile    Now processing file /home/runner/work/key/key/key.core/../key.ui/examples/InformationFlow/ToyVoting/Voter(Voter__secure_voting()).JML normal_behavior operation contract.0.key 
22663      DEBUG main            d.u.i.k.p.i.KeYFile       Reading KeY file /home/runner/work/key/key/key.core/../key.ui/examples/InformationFlow/ToyVoting/Voter(Voter__secure_voting()).JML normal_behavior operation contract.0.key 
23565      DEBUG main            d.u.i.k.j.Recoder2KeY     converting now /home/runner/work/key/key/key.core/../key.ui/examples/InformationFlow/ToyVoting/src/Voter.java 
23571      DEBUG main            d.u.i.k.s.TermLabelSettings TermLabelSettings: Failure while reading the setting "UseOriginLabels".Using the default value: true.The string read was: null 
23572      DEBUG main            d.u.i.k.p.i.KeYFile       Reading KeY file file:/home/runner/work/key/key/key.core/build/resources/main/de/uka/ilkd/key/java/JavaRedux/java/lang/String.key 
25450      DEBUG main            d.u.i.k.p.i.KeYFile       Reading KeY file /home/runner/work/key/key/key.core/../key.ui/examples/InformationFlow/ToyVoting/Voter(Voter__secure_voting()).JML normal_behavior operation contract.0.key 
25496      DEBUG Thread-11       d.u.i.k.r.m.WhileLoopTransformation While-Loop-Tranform-Result: {
  int i = 0;
  while (i < low_NUM_OF_VOTERS) {
    {
      int high_vote = inputVote();
      {
        if (isValid(high_vote)) {
          this.high_voteValid = true;
          this.low_sendSuccessful = sendVote(high_vote);
        } else {
          this.high_voteValid = false;
          this.low_sendSuccessful = sendVote(0);
        }
      }
      {
        low_numOfVotes = (this.low_sendSuccessful ?
                            low_numOfVotes + 1 :
                            low_numOfVotes);
      }
    }
    i++;
  }
} 
25539      DEBUG Thread-11       d.u.i.k.r.m.WhileLoopTransformation While-Loop-Tranform-Result: try {
  {
    if (i < low_NUM_OF_VOTERS) {
      {
        int high_vote = inputVote();
        {
          if (isValid(high_vote)) {
            this.high_voteValid = true;
            this.low_sendSuccessful = sendVote(
              high_vote
            );
          } else {
            this.high_voteValid = false;
            this.low_sendSuccessful = sendVote(0);
          }
        }
        {
          low_numOfVotes = (this.low_sendSuccessful ?
                              low_numOfVotes + 1 :
                              low_numOfVotes);
        }
      }
      i++;
    }
  }
} catch (java.lang.Throwable e#5) {
  exc#4 = true;
  thrownExc#6 = e#5;
} 
25563      DEBUG Thread-11       d.u.i.k.j.TypeConverter   TypeConverter: FieldReference: low_NUM_OF_VOTERS; 
25698      DEBUG Thread-11       d.u.i.k.j.TypeConverter   TypeConverter: FieldReference: low_NUM_OF_VOTERS; 
25720      DEBUG Thread-11       d.u.i.k.j.TypeConverter   TypeConverter: FieldReference: low_NUM_OF_VOTERS; 
25858      DEBUG Thread-11       d.u.i.k.j.TypeConverter   typeconverter: (prefix this;, class class de.uka.ilkd.key.java.reference.ThisReference) 
25887      DEBUG Thread-11       d.u.i.k.j.TypeConverter   TypeConverter: FieldReference: low_numOfVotes; 
25903      DEBUG Thread-11       d.u.i.k.j.TypeConverter   TypeConverter: FieldReference: low_numOfVotes; 
26002      DEBUG Thread-11       d.u.i.k.j.TypeConverter   TypeConverter: FieldReference: low_numOfVotes; 
26029      DEBUG Thread-11       d.u.i.k.j.TypeConverter   TypeConverter: FieldReference: low_numOfVotes; 
26197      DEBUG Thread-11       d.u.i.k.j.TypeConverter   typeconverter: (prefix this;, class class de.uka.ilkd.key.java.reference.ThisReference) 
26231      DEBUG Thread-11       d.u.i.k.j.TypeConverter   typeconverter: (prefix this;, class class de.uka.ilkd.key.java.reference.ThisReference) 
26244      DEBUG Thread-11       d.u.i.k.j.TypeConverter   typeconverter: (prefix this;, class class de.uka.ilkd.key.java.reference.ThisReference) 
26278      DEBUG Thread-11       d.u.i.k.j.TypeConverter   typeconverter: (prefix this;, class class de.uka.ilkd.key.java.reference.ThisReference) 
26369      INFO  main            d.u.i.k.p.r.p.TestFile    ... finished proof: closed. 
27162      INFO  Test worker     d.u.i.k.p.r.RunAllProofsTestUnit Returning from test ToyVoting 
27171      INFO  Test worker     d.u.i.k.p.r.RunAllProofsTestUnit Running test ConditionalConfidential 
330        INFO  Timeout watchdog d.u.i.k.p.r.p.ForkedTestFileRunner Timeout watcher launched (1000 secs.) 
364        WARN  main            d.u.i.k.s.ProofSettings   The settings in /home/runner/.key/proof-settings.props are *not* read. 
403        DEBUG main            d.u.i.k.s.TermLabelSettings TermLabelSettings: Failure while reading the setting "UseOriginLabels".Using the default value: true.The string read was: null 
404        INFO  main            d.u.i.k.p.r.p.TestFile    Now processing file /home/runner/work/key/key/key.core/../key.ui/examples/InformationFlow/ConditionalConfidential/CCExample(CCExample__hasAccessRight(CCExample.User)).JML normal_behavior operation contract.0.key 
569        DEBUG main            d.u.i.k.p.i.KeYFile       Reading KeY file /home/runner/work/key/key/key.core/../key.ui/examples/InformationFlow/ConditionalConfidential/CCExample(CCExample__hasAccessRight(CCExample.User)).JML normal_behavior operation contract.0.key 
808        DEBUG main            d.u.i.k.p.i.KeYFile       Reading KeY file file:/home/runner/work/key/key/key.core/build/resources/main/de/uka/ilkd/key/proof/rules/standardRules.key 
853        DEBUG main            d.u.i.k.p.i.KeYFile       Reading KeY file file:/home/runner/work/key/key/key.core/build/resources/main/de/uka/ilkd/key/proof/rules/ldt.key 
864        DEBUG main            d.u.i.k.p.i.KeYFile       Reading KeY file file:/home/runner/work/key/key/key.core/build/resources/main/de/uka/ilkd/key/proof/rules/boolean.key 
890        DEBUG main            d.u.i.k.p.i.KeYFile       Reading KeY file file:/home/runner/work/key/key/key.core/build/resources/main/de/uka/ilkd/key/proof/rules/ruleSetsDeclarations.key 
926        DEBUG main            d.u.i.k.p.i.KeYFile       Reading KeY file file:/home/runner/work/key/key/key.core/build/resources/main/de/uka/ilkd/key/proof/rules/integerHeader.key 
939        DEBUG main            d.u.i.k.p.i.KeYFile       Reading KeY file file:/home/runner/work/key/key/key.core/build/resources/main/de/uka/ilkd/key/proof/rules/floatHeader.key 
946        DEBUG main            d.u.i.k.p.i.KeYFile       Reading KeY file file:/home/runner/work/key/key/key.core/build/resources/main/de/uka/ilkd/key/proof/rules/heap.key 
950        DEBUG main            d.u.i.k.p.i.KeYFile       Reading KeY file file:/home/runner/work/key/key/key.core/build/resources/main/de/uka/ilkd/key/proof/rules/locSets.key 
951        DEBUG main            d.u.i.k.p.i.KeYFile       Reading KeY file file:/home/runner/work/key/key/key.core/build/resources/main/de/uka/ilkd/key/proof/rules/permission.key 
953        DEBUG main            d.u.i.k.p.i.KeYFile       Reading KeY file file:/home/runner/work/key/key/key.core/build/resources/main/de/uka/ilkd/key/proof/rules/reach.key 
954        DEBUG main            d.u.i.k.p.i.KeYFile       Reading KeY file file:/home/runner/work/key/key/key.core/build/resources/main/de/uka/ilkd/key/proof/rules/seq.key 
956        DEBUG main            d.u.i.k.p.i.KeYFile       Reading KeY file file:/home/runner/work/key/key/key.core/build/resources/main/de/uka/ilkd/key/proof/rules/map.key 
1022       DEBUG main            d.u.i.k.p.i.KeYFile       Reading KeY file file:/home/runner/work/key/key/key.core/build/resources/main/de/uka/ilkd/key/proof/rules/freeADT.key 
1023       DEBUG main            d.u.i.k.p.i.KeYFile       Reading KeY file file:/home/runner/work/key/key/key.core/build/resources/main/de/uka/ilkd/key/proof/rules/wellfound.key 
1023       DEBUG main            d.u.i.k.p.i.KeYFile       Reading KeY file file:/home/runner/work/key/key/key.core/build/resources/main/de/uka/ilkd/key/proof/rules/charListHeader.key 
1184       DEBUG main            d.u.i.k.p.i.KeYFile       Reading KeY file file:/home/runner/work/key/key/key.core/build/resources/main/de/uka/ilkd/key/proof/rules/propRule.key 
1230       DEBUG main            d.u.i.k.p.i.KeYFile       Reading KeY file file:/home/runner/work/key/key/key.core/build/resources/main/de/uka/ilkd/key/proof/rules/firstOrderRules.key 
1272       DEBUG main            d.u.i.k.p.i.KeYFile       Reading KeY file file:/home/runner/work/key/key/key.core/build/resources/main/de/uka/ilkd/key/proof/rules/ifThenElseRules.key 
1307       DEBUG main            d.u.i.k.p.i.KeYFile       Reading KeY file file:/home/runner/work/key/key/key.core/build/resources/main/de/uka/ilkd/key/proof/rules/formulaNormalisationRules.key 
1408       DEBUG main            d.u.i.k.p.i.KeYFile       Reading KeY file file:/home/runner/work/key/key/key.core/build/resources/main/de/uka/ilkd/key/proof/rules/updateRules.key 
1439       DEBUG main            d.u.i.k.p.i.KeYFile       Reading KeY file file:/home/runner/work/key/key/key.core/build/resources/main/de/uka/ilkd/key/proof/rules/integerRulesCommon.key 
1535       DEBUG main            d.u.i.k.p.i.KeYFile       Reading KeY file file:/home/runner/work/key/key/key.core/build/resources/main/de/uka/ilkd/key/proof/rules/intRules.key 
1552       DEBUG main            d.u.i.k.p.i.KeYFile       Reading KeY file file:/home/runner/work/key/key/key.core/build/resources/main/de/uka/ilkd/key/proof/rules/intRulesUncheckedSemantics.key 
1562       DEBUG main            d.u.i.k.p.i.KeYFile       Reading KeY file file:/home/runner/work/key/key/key.core/build/resources/main/de/uka/ilkd/key/proof/rules/intRulesCheckedSemantics.key 
1569       DEBUG main            d.u.i.k.p.i.KeYFile       Reading KeY file file:/home/runner/work/key/key/key.core/build/resources/main/de/uka/ilkd/key/proof/rules/intRulesJavaSemantics.key 
1581       DEBUG main            d.u.i.k.p.i.KeYFile       Reading KeY file file:/home/runner/work/key/key/key.core/build/resources/main/de/uka/ilkd/key/proof/rules/integerSimplificationRules.key 
1807       DEBUG main            d.u.i.k.j.TypeConverter   No LDT found for Meta 
1814       DEBUG main            d.u.i.k.j.TypeConverter   No LDT found for Meta 
1817       DEBUG main            d.u.i.k.j.TypeConverter   No LDT found for Meta 
1821       DEBUG main            d.u.i.k.j.TypeConverter   No LDT found for Meta 
1853       DEBUG main            d.u.i.k.p.i.KeYFile       Reading KeY file file:/home/runner/work/key/key/key.core/build/resources/main/de/uka/ilkd/key/proof/rules/intDiv.key 
1898       DEBUG main            d.u.i.k.p.i.KeYFile       Reading KeY file file:/home/runner/work/key/key/key.core/build/resources/main/de/uka/ilkd/key/proof/rules/bsum.key 
2068       DEBUG main            d.u.i.k.p.i.KeYFile       Reading KeY file file:/home/runner/work/key/key/key.core/build/resources/main/de/uka/ilkd/key/proof/rules/bprod.key 
2125       DEBUG main            d.u.i.k.p.i.KeYFile       Reading KeY file file:/home/runner/work/key/key/key.core/build/resources/main/de/uka/ilkd/key/proof/rules/binaryAxioms.key 
2131       DEBUG main            d.u.i.k.p.i.KeYFile       Reading KeY file file:/home/runner/work/key/key/key.core/build/resources/main/de/uka/ilkd/key/proof/rules/binaryLemmas.key 
2143       DEBUG main            d.u.i.k.p.i.KeYFile       Reading KeY file file:/home/runner/work/key/key/key.core/build/resources/main/de/uka/ilkd/key/proof/rules/intPow.key 
2184       DEBUG main            d.u.i.k.p.i.KeYFile       Reading KeY file file:/home/runner/work/key/key/key.core/build/resources/main/de/uka/ilkd/key/proof/rules/floatRulesCommon.key 
2215       DEBUG main            d.u.i.k.p.i.KeYFile       Reading KeY file file:/home/runner/work/key/key/key.core/build/resources/main/de/uka/ilkd/key/proof/rules/floatRules.key 
2217       DEBUG main            d.u.i.k.p.i.KeYFile       Reading KeY file file:/home/runner/work/key/key/key.core/build/resources/main/de/uka/ilkd/key/proof/rules/floatRulesVerifyNormal.key 
2218       DEBUG main            d.u.i.k.p.i.KeYFile       Reading KeY file file:/home/runner/work/key/key/key.core/build/resources/main/de/uka/ilkd/key/proof/rules/floatRulesAssumeStrictfp.key 
2254       DEBUG main            d.u.i.k.p.i.KeYFile       Reading KeY file file:/home/runner/work/key/key/key.core/build/resources/main/de/uka/ilkd/key/proof/rules/genericRules.key 
2280       DEBUG main            d.u.i.k.p.i.KeYFile       Reading KeY file file:/home/runner/work/key/key/key.core/build/resources/main/de/uka/ilkd/key/proof/rules/booleanRules.key 
2285       DEBUG main            d.u.i.k.p.i.KeYFile       Reading KeY file file:/home/runner/work/key/key/key.core/build/resources/main/de/uka/ilkd/key/proof/rules/epsilon.key 
2291       DEBUG main            d.u.i.k.p.i.KeYFile       Reading KeY file file:/home/runner/work/key/key/key.core/build/resources/main/de/uka/ilkd/key/proof/rules/locSetsRules.key 
2355       DEBUG main            d.u.i.k.p.i.KeYFile       Reading KeY file file:/home/runner/work/key/key/key.core/build/resources/main/de/uka/ilkd/key/proof/rules/heapRules.key 
2437       DEBUG main            d.u.i.k.p.i.KeYFile       Reading KeY file file:/home/runner/work/key/key/key.core/build/resources/main/de/uka/ilkd/key/proof/rules/permissionRules.key 
2457       DEBUG main            d.u.i.k.p.i.KeYFile       Reading KeY file file:/home/runner/work/key/key/key.core/build/resources/main/de/uka/ilkd/key/proof/rules/reachRules.key 
2487       DEBUG main            d.u.i.k.p.i.KeYFile       Reading KeY file file:/home/runner/work/key/key/key.core/build/resources/main/de/uka/ilkd/key/proof/rules/seqCoreRules.key 
2491       DEBUG main            d.u.i.k.p.i.KeYFile       Reading KeY file file:/home/runner/work/key/key/key.core/build/resources/main/de/uka/ilkd/key/proof/rules/seqRules.key 
2537       DEBUG main            d.u.i.k.p.i.KeYFile       Reading KeY file file:/home/runner/work/key/key/key.core/build/resources/main/de/uka/ilkd/key/proof/rules/seqPerm.key 
2569       DEBUG main            d.u.i.k.p.i.KeYFile       Reading KeY file file:/home/runner/work/key/key/key.core/build/resources/main/de/uka/ilkd/key/proof/rules/seqPerm2.key 
2576       DEBUG main            d.u.i.k.p.i.KeYFile       Reading KeY file file:/home/runner/work/key/key/key.core/build/resources/main/de/uka/ilkd/key/proof/rules/javaRules.key 
2687       DEBUG main            d.u.i.k.p.i.KeYFile       Reading KeY file file:/home/runner/work/key/key/key.core/build/resources/main/de/uka/ilkd/key/proof/rules/assertions.key 
3170       DEBUG main            d.u.i.k.p.i.KeYFile       Reading KeY file file:/home/runner/work/key/key/key.core/build/resources/main/de/uka/ilkd/key/proof/rules/loopRules.key 
3179       DEBUG main            d.u.i.k.p.i.KeYFile       Reading KeY file file:/home/runner/work/key/key/key.core/build/resources/main/de/uka/ilkd/key/proof/rules/activeUse.key 
3214       DEBUG main            d.u.i.k.p.i.KeYFile       Reading KeY file file:/home/runner/work/key/key/key.core/build/resources/main/de/uka/ilkd/key/proof/rules/instanceAllocation.key 
3229       DEBUG main            d.u.i.k.p.i.KeYFile       Reading KeY file file:/home/runner/work/key/key/key.core/build/resources/main/de/uka/ilkd/key/proof/rules/java5.key 
3232       DEBUG main            d.u.i.k.p.i.KeYFile       Reading KeY file file:/home/runner/work/key/key/key.core/build/resources/main/de/uka/ilkd/key/proof/rules/integerAssignment2UpdateRules.key 
3260       DEBUG main            d.u.i.k.p.i.KeYFile       Reading KeY file file:/home/runner/work/key/key/key.core/build/resources/main/de/uka/ilkd/key/proof/rules/floatAssignment2UpdateRules.key 
3282       DEBUG main            d.u.i.k.p.i.KeYFile       Reading KeY file file:/home/runner/work/key/key/key.core/build/resources/main/de/uka/ilkd/key/proof/rules/bigint.key 
3296       DEBUG main            d.u.i.k.j.TypeConverter   No LDT found for JavaBigintExpression 
3300       DEBUG main            d.u.i.k.p.i.KeYFile       Reading KeY file file:/home/runner/work/key/key/key.core/build/resources/main/de/uka/ilkd/key/proof/rules/adtProgramDecompositionRules.key 
3316       DEBUG main            d.u.i.k.p.i.KeYFile       Reading KeY file file:/home/runner/work/key/key/key.core/build/resources/main/de/uka/ilkd/key/proof/rules/precRules.key 
3320       DEBUG main            d.u.i.k.p.i.KeYFile       Reading KeY file file:/home/runner/work/key/key/key.core/build/resources/main/de/uka/ilkd/key/proof/rules/charListRules.key 
3335       DEBUG main            d.u.i.k.p.i.KeYFile       Reading KeY file file:/home/runner/work/key/key/key.core/build/resources/main/de/uka/ilkd/key/proof/rules/regExTheory.key 
3336       DEBUG main            d.u.i.k.p.i.KeYFile       Reading KeY file file:/home/runner/work/key/key/key.core/build/resources/main/de/uka/ilkd/key/proof/rules/regExHeader.key 
3337       DEBUG main            d.u.i.k.p.i.KeYFile       Reading KeY file file:/home/runner/work/key/key/key.core/build/resources/main/de/uka/ilkd/key/proof/rules/regExAxioms.key 
3341       DEBUG main            d.u.i.k.p.i.KeYFile       Reading KeY file file:/home/runner/work/key/key/key.core/build/resources/main/de/uka/ilkd/key/proof/rules/regExLemmaProven.key 
3347       DEBUG main            d.u.i.k.p.i.KeYFile       Reading KeY file file:/home/runner/work/key/key/key.core/build/resources/main/de/uka/ilkd/key/proof/rules/seqEq.key 
3354       DEBUG main            d.u.i.k.p.i.KeYFile       Reading KeY file file:/home/runner/work/key/key/key.core/build/resources/main/de/uka/ilkd/key/proof/rules/infFlow.key 
3360       DEBUG main            d.u.i.k.p.i.KeYFile       Reading KeY file file:/home/runner/work/key/key/key.core/build/resources/main/de/uka/ilkd/key/proof/rules/mapSize.key 
3388       DEBUG main            d.u.i.k.p.i.KeYFile       Reading KeY file file:/home/runner/work/key/key/key.core/build/resources/main/de/uka/ilkd/key/proof/rules/wd.key 
3390       DEBUG main            d.u.i.k.p.i.KeYFile       Reading KeY file file:/home/runner/work/key/key/key.core/build/resources/main/de/uka/ilkd/key/proof/rules/wdHeader.key 
3391       DEBUG main            d.u.i.k.p.i.KeYFile       Reading KeY file file:/home/runner/work/key/key/key.core/build/resources/main/de/uka/ilkd/key/proof/rules/wdGeneralRules.key 
3398       DEBUG main            d.u.i.k.p.i.KeYFile       Reading KeY file file:/home/runner/work/key/key/key.core/build/resources/main/de/uka/ilkd/key/proof/rules/wdNumericalRules.key 
3423       DEBUG main            d.u.i.k.p.i.KeYFile       Reading KeY file file:/home/runner/work/key/key/key.core/build/resources/main/de/uka/ilkd/key/proof/rules/wdLocSetRules.key 
3428       DEBUG main            d.u.i.k.p.i.KeYFile       Reading KeY file file:/home/runner/work/key/key/key.core/build/resources/main/de/uka/ilkd/key/proof/rules/wdHeapRules.key 
3432       DEBUG main            d.u.i.k.p.i.KeYFile       Reading KeY file file:/home/runner/work/key/key/key.core/build/resources/main/de/uka/ilkd/key/proof/rules/wdReachRules.key 
3433       DEBUG main            d.u.i.k.p.i.KeYFile       Reading KeY file file:/home/runner/work/key/key/key.core/build/resources/main/de/uka/ilkd/key/proof/rules/wdSeqRules.key 
3437       DEBUG main            d.u.i.k.p.i.KeYFile       Reading KeY file file:/home/runner/work/key/key/key.core/build/resources/main/de/uka/ilkd/key/proof/rules/wdStringRules.key 
3439       DEBUG main            d.u.i.k.p.i.KeYFile       Reading KeY file file:/home/runner/work/key/key/key.core/build/resources/main/de/uka/ilkd/key/proof/rules/wdRegExRules.key 
3441       DEBUG main            d.u.i.k.p.i.KeYFile       Reading KeY file file:/home/runner/work/key/key/key.core/build/resources/main/de/uka/ilkd/key/proof/rules/wdFormulaRules.key 
3456       DEBUG main            d.u.i.k.p.i.KeYFile       Reading KeY file file:/home/runner/work/key/key/key.core/build/resources/main/de/uka/ilkd/key/proof/rules/loopInvariantRules.key 
3459       DEBUG main            d.u.i.k.p.i.KeYFile       Reading KeY file file:/home/runner/work/key/key/key.core/build/resources/main/de/uka/ilkd/key/proof/rules/forLoopRules.key 
3461       DEBUG main            d.u.i.k.p.i.KeYFile       Reading KeY file file:/home/runner/work/key/key/key.core/build/resources/main/de/uka/ilkd/key/proof/rules/execRules.key 
3533       DEBUG main            d.u.i.k.p.i.KeYFile       Reading KeY file file:/home/runner/work/key/key/key.core/build/resources/main/de/uka/ilkd/key/proof/rules/loopScopeRules.key 
6024       DEBUG main            d.u.i.k.j.r.ClassPreparationMethodBuilder clPrepBuilder: Inner Class detected. Reject building class initialisation methods. 
6113       DEBUG main            d.u.i.k.j.Recoder2KeY     converting now /home/runner/work/key/key/key.core/../key.ui/examples/InformationFlow/ConditionalConfidential/src/ConditionalConfidentialExample.java 
6180       DEBUG main            d.u.i.k.s.TermLabelSettings TermLabelSettings: Failure while reading the setting "UseOriginLabels".Using the default value: true.The string read was: null 
6194       DEBUG main            d.u.i.k.p.i.KeYFile       Reading KeY file file:/home/runner/work/key/key/key.core/build/resources/main/de/uka/ilkd/key/java/JavaRedux/java/lang/String.key 
8518       DEBUG main            d.u.i.k.p.i.KeYFile       Reading KeY file /home/runner/work/key/key/key.core/../key.ui/examples/InformationFlow/ConditionalConfidential/CCExample(CCExample__hasAccessRight(CCExample.User)).JML normal_behavior operation contract.0.key 
9017       DEBUG Thread-1        d.u.i.k.r.m.WhileLoopTransformation While-Loop-Tranform-Result: {
  int i = 0;
  while (i < this.trustworthyUsers.length) {
    {
      if (this.trustworthyUsers[i] == _u) {
        return true;
      }
    }
    i++;
  }
} 
9093       DEBUG Thread-1        d.u.i.k.r.m.WhileLoopTransformation While-Loop-Tranform-Result: try {
  {
    inner_label:
    if (i < this.trustworthyUsers.length) {
      {
        if (this.trustworthyUsers[i] == _u) {
          {
            returnExpr#6 = true;
            rtrn#1 = true;
            break inner_label;
          }
        }
      }
      i++;
    }
  }
} catch (java.lang.Throwable e#4) {
  exc#3 = true;
  thrownExc#5 = e#4;
} 
9312       DEBUG Thread-1        d.u.i.k.j.TypeConverter   typeconverter: (prefix this;, class class de.uka.ilkd.key.java.reference.ThisReference) 
10033      DEBUG Thread-1        d.u.i.k.j.TypeConverter   typeconverter: (prefix this;, class class de.uka.ilkd.key.java.reference.ThisReference) 
10138      DEBUG Thread-1        d.u.i.k.j.TypeConverter   typeconverter: (prefix this;, class class de.uka.ilkd.key.java.reference.ThisReference) 
10252      DEBUG Thread-1        d.u.i.k.j.TypeConverter   typeconverter: (prefix this;, class class de.uka.ilkd.key.java.reference.ThisReference) 
10961      INFO  main            d.u.i.k.p.r.p.TestFile    ... finished proof: closed. 
11128      DEBUG main            d.u.i.k.s.TermLabelSettings TermLabelSettings: Failure while reading the setting "UseOriginLabels".Using the default value: true.The string read was: null 
11128      INFO  main            d.u.i.k.p.r.p.TestFile    Now processing file /home/runner/work/key/key/key.core/../key.ui/examples/InformationFlow/ConditionalConfidential/CCExample(CCExample__getConfidentialData(CCExample.User)).JML normal_behavior operation contract.0.key 
11130      DEBUG main            d.u.i.k.p.i.KeYFile       Reading KeY file /home/runner/work/key/key/key.core/../key.ui/examples/InformationFlow/ConditionalConfidential/CCExample(CCExample__getConfidentialData(CCExample.User)).JML normal_behavior operation contract.0.key 
12165      DEBUG main            d.u.i.k.j.r.ClassPreparationMethodBuilder clPrepBuilder: Inner Class detected. Reject building class initialisation methods. 
12225      DEBUG main            d.u.i.k.j.Recoder2KeY     converting now /home/runner/work/key/key/key.core/../key.ui/examples/InformationFlow/ConditionalConfidential/src/ConditionalConfidentialExample.java 
12241      DEBUG main            d.u.i.k.s.TermLabelSettings TermLabelSettings: Failure while reading the setting "UseOriginLabels".Using the default value: true.The string read was: null 
12243      DEBUG main            d.u.i.k.p.i.KeYFile       Reading KeY file file:/home/runner/work/key/key/key.core/build/resources/main/de/uka/ilkd/key/java/JavaRedux/java/lang/String.key 
14143      DEBUG main            d.u.i.k.p.i.KeYFile       Reading KeY file /home/runner/work/key/key/key.core/../key.ui/examples/InformationFlow/ConditionalConfidential/CCExample(CCExample__getConfidentialData(CCExample.User)).JML normal_behavior operation contract.0.key 
14550      DEBUG Thread-3        d.u.i.k.l.o.ProgramSV     taclet: Stopped list matching because of incompatible elements #selist (program SimpleExpression) this.confidentialData; 
14552      DEBUG Thread-3        d.u.i.k.l.o.ProgramSV     taclet: Stopped list matching because of incompatible elements #selist (program SimpleExpression) this.confidentialData; 
14583      DEBUG Thread-3        d.u.i.k.j.TypeConverter   typeconverter: (prefix this;, class class de.uka.ilkd.key.java.reference.ThisReference) 
14651      DEBUG Thread-3        d.u.i.k.r.m.MethodCall    method-call: called for var.setData(var_1); 
14653      DEBUG Thread-3        d.u.i.k.r.m.MethodCall    method-call: invocation of non-private instance method detected.Requires dynamic resolving. 
14667      DEBUG Thread-3        d.u.i.k.j.TypeConverter   typeconverter: (prefix this;, class class de.uka.ilkd.key.java.reference.ThisReference) 
14748      INFO  main            d.u.i.k.p.r.p.TestFile    ... finished proof: closed. 
42231      INFO  Test worker     d.u.i.k.p.r.RunAllProofsTestUnit Returning from test ConditionalConfidential 
42233      INFO  Test worker     d.u.i.k.p.r.RunAllProofsTestUnit Running test SumExample 
332        INFO  Timeout watchdog d.u.i.k.p.r.p.ForkedTestFileRunner Timeout watcher launched (1000 secs.) 
363        WARN  main            d.u.i.k.s.ProofSettings   The settings in /home/runner/.key/proof-settings.props are *not* read. 
402        DEBUG main            d.u.i.k.s.TermLabelSettings TermLabelSettings: Failure while reading the setting "UseOriginLabels".Using the default value: true.The string read was: null 
403        INFO  main            d.u.i.k.p.r.p.TestFile    Now processing file /home/runner/work/key/key/key.core/../key.ui/examples/InformationFlow/Sum/SumExample(SumExample__getSum()).JML normal_behavior operation contract.0.key 
535        DEBUG main            d.u.i.k.p.i.KeYFile       Reading KeY file /home/runner/work/key/key/key.core/../key.ui/examples/InformationFlow/Sum/SumExample(SumExample__getSum()).JML normal_behavior operation contract.0.key 
738        DEBUG main            d.u.i.k.p.i.KeYFile       Reading KeY file file:/home/runner/work/key/key/key.core/build/resources/main/de/uka/ilkd/key/proof/rules/standardRules.key 
771        DEBUG main            d.u.i.k.p.i.KeYFile       Reading KeY file file:/home/runner/work/key/key/key.core/build/resources/main/de/uka/ilkd/key/proof/rules/ldt.key 
785        DEBUG main            d.u.i.k.p.i.KeYFile       Reading KeY file file:/home/runner/work/key/key/key.core/build/resources/main/de/uka/ilkd/key/proof/rules/boolean.key 
818        DEBUG main            d.u.i.k.p.i.KeYFile       Reading KeY file file:/home/runner/work/key/key/key.core/build/resources/main/de/uka/ilkd/key/proof/rules/ruleSetsDeclarations.key 
852        DEBUG main            d.u.i.k.p.i.KeYFile       Reading KeY file file:/home/runner/work/key/key/key.core/build/resources/main/de/uka/ilkd/key/proof/rules/integerHeader.key 
865        DEBUG main            d.u.i.k.p.i.KeYFile       Reading KeY file file:/home/runner/work/key/key/key.core/build/resources/main/de/uka/ilkd/key/proof/rules/floatHeader.key 
868        DEBUG main            d.u.i.k.p.i.KeYFile       Reading KeY file file:/home/runner/work/key/key/key.core/build/resources/main/de/uka/ilkd/key/proof/rules/heap.key 
872        DEBUG main            d.u.i.k.p.i.KeYFile       Reading KeY file file:/home/runner/work/key/key/key.core/build/resources/main/de/uka/ilkd/key/proof/rules/locSets.key 
874        DEBUG main            d.u.i.k.p.i.KeYFile       Reading KeY file file:/home/runner/work/key/key/key.core/build/resources/main/de/uka/ilkd/key/proof/rules/permission.key 
876        DEBUG main            d.u.i.k.p.i.KeYFile       Reading KeY file file:/home/runner/work/key/key/key.core/build/resources/main/de/uka/ilkd/key/proof/rules/reach.key 
876        DEBUG main            d.u.i.k.p.i.KeYFile       Reading KeY file file:/home/runner/work/key/key/key.core/build/resources/main/de/uka/ilkd/key/proof/rules/seq.key 
879        DEBUG main            d.u.i.k.p.i.KeYFile       Reading KeY file file:/home/runner/work/key/key/key.core/build/resources/main/de/uka/ilkd/key/proof/rules/map.key 
952        DEBUG main            d.u.i.k.p.i.KeYFile       Reading KeY file file:/home/runner/work/key/key/key.core/build/resources/main/de/uka/ilkd/key/proof/rules/freeADT.key 
952        DEBUG main            d.u.i.k.p.i.KeYFile       Reading KeY file file:/home/runner/work/key/key/key.core/build/resources/main/de/uka/ilkd/key/proof/rules/wellfound.key 
953        DEBUG main            d.u.i.k.p.i.KeYFile       Reading KeY file file:/home/runner/work/key/key/key.core/build/resources/main/de/uka/ilkd/key/proof/rules/charListHeader.key 
1118       DEBUG main            d.u.i.k.p.i.KeYFile       Reading KeY file file:/home/runner/work/key/key/key.core/build/resources/main/de/uka/ilkd/key/proof/rules/propRule.key 
1164       DEBUG main            d.u.i.k.p.i.KeYFile       Reading KeY file file:/home/runner/work/key/key/key.core/build/resources/main/de/uka/ilkd/key/proof/rules/firstOrderRules.key 
1181       DEBUG main            d.u.i.k.p.i.KeYFile       Reading KeY file file:/home/runner/work/key/key/key.core/build/resources/main/de/uka/ilkd/key/proof/rules/ifThenElseRules.key 
1204       DEBUG main            d.u.i.k.p.i.KeYFile       Reading KeY file file:/home/runner/work/key/key/key.core/build/resources/main/de/uka/ilkd/key/proof/rules/formulaNormalisationRules.key 
1334       DEBUG main            d.u.i.k.p.i.KeYFile       Reading KeY file file:/home/runner/work/key/key/key.core/build/resources/main/de/uka/ilkd/key/proof/rules/updateRules.key 
1351       DEBUG main            d.u.i.k.p.i.KeYFile       Reading KeY file file:/home/runner/work/key/key/key.core/build/resources/main/de/uka/ilkd/key/proof/rules/integerRulesCommon.key 
1464       DEBUG main            d.u.i.k.p.i.KeYFile       Reading KeY file file:/home/runner/work/key/key/key.core/build/resources/main/de/uka/ilkd/key/proof/rules/intRules.key 
1506       DEBUG main            d.u.i.k.p.i.KeYFile       Reading KeY file file:/home/runner/work/key/key/key.core/build/resources/main/de/uka/ilkd/key/proof/rules/intRulesUncheckedSemantics.key 
1515       DEBUG main            d.u.i.k.p.i.KeYFile       Reading KeY file file:/home/runner/work/key/key/key.core/build/resources/main/de/uka/ilkd/key/proof/rules/intRulesCheckedSemantics.key 
1520       DEBUG main            d.u.i.k.p.i.KeYFile       Reading KeY file file:/home/runner/work/key/key/key.core/build/resources/main/de/uka/ilkd/key/proof/rules/intRulesJavaSemantics.key 
1532       DEBUG main            d.u.i.k.p.i.KeYFile       Reading KeY file file:/home/runner/work/key/key/key.core/build/resources/main/de/uka/ilkd/key/proof/rules/integerSimplificationRules.key 
1697       DEBUG main            d.u.i.k.j.TypeConverter   No LDT found for Meta 
1697       DEBUG main            d.u.i.k.j.TypeConverter   No LDT found for Meta 
1698       DEBUG main            d.u.i.k.j.TypeConverter   No LDT found for Meta 
1698       DEBUG main            d.u.i.k.j.TypeConverter   No LDT found for Meta 
1740       DEBUG main            d.u.i.k.p.i.KeYFile       Reading KeY file file:/home/runner/work/key/key/key.core/build/resources/main/de/uka/ilkd/key/proof/rules/intDiv.key 
1763       DEBUG main            d.u.i.k.p.i.KeYFile       Reading KeY file file:/home/runner/work/key/key/key.core/build/resources/main/de/uka/ilkd/key/proof/rules/bsum.key 
1825       DEBUG main            d.u.i.k.p.i.KeYFile       Reading KeY file file:/home/runner/work/key/key/key.core/build/resources/main/de/uka/ilkd/key/proof/rules/bprod.key 
1883       DEBUG main            d.u.i.k.p.i.KeYFile       Reading KeY file file:/home/runner/work/key/key/key.core/build/resources/main/de/uka/ilkd/key/proof/rules/binaryAxioms.key 
1886       DEBUG main            d.u.i.k.p.i.KeYFile       Reading KeY file file:/home/runner/work/key/key/key.core/build/resources/main/de/uka/ilkd/key/proof/rules/binaryLemmas.key 
1891       DEBUG main            d.u.i.k.p.i.KeYFile       Reading KeY file file:/home/runner/work/key/key/key.core/build/resources/main/de/uka/ilkd/key/proof/rules/intPow.key 
1902       DEBUG main            d.u.i.k.p.i.KeYFile       Reading KeY file file:/home/runner/work/key/key/key.core/build/resources/main/de/uka/ilkd/key/proof/rules/floatRulesCommon.key 
1921       DEBUG main            d.u.i.k.p.i.KeYFile       Reading KeY file file:/home/runner/work/key/key/key.core/build/resources/main/de/uka/ilkd/key/proof/rules/floatRules.key 
1923       DEBUG main            d.u.i.k.p.i.KeYFile       Reading KeY file file:/home/runner/work/key/key/key.core/build/resources/main/de/uka/ilkd/key/proof/rules/floatRulesVerifyNormal.key 
1925       DEBUG main            d.u.i.k.p.i.KeYFile       Reading KeY file file:/home/runner/work/key/key/key.core/build/resources/main/de/uka/ilkd/key/proof/rules/floatRulesAssumeStrictfp.key 
1942       DEBUG main            d.u.i.k.p.i.KeYFile       Reading KeY file file:/home/runner/work/key/key/key.core/build/resources/main/de/uka/ilkd/key/proof/rules/genericRules.key 
1957       DEBUG main            d.u.i.k.p.i.KeYFile       Reading KeY file file:/home/runner/work/key/key/key.core/build/resources/main/de/uka/ilkd/key/proof/rules/booleanRules.key 
1960       DEBUG main            d.u.i.k.p.i.KeYFile       Reading KeY file file:/home/runner/work/key/key/key.core/build/resources/main/de/uka/ilkd/key/proof/rules/epsilon.key 
1964       DEBUG main            d.u.i.k.p.i.KeYFile       Reading KeY file file:/home/runner/work/key/key/key.core/build/resources/main/de/uka/ilkd/key/proof/rules/locSetsRules.key 
2032       DEBUG main            d.u.i.k.p.i.KeYFile       Reading KeY file file:/home/runner/work/key/key/key.core/build/resources/main/de/uka/ilkd/key/proof/rules/heapRules.key 
2080       DEBUG main            d.u.i.k.p.i.KeYFile       Reading KeY file file:/home/runner/work/key/key/key.core/build/resources/main/de/uka/ilkd/key/proof/rules/permissionRules.key 
2096       DEBUG main            d.u.i.k.p.i.KeYFile       Reading KeY file file:/home/runner/work/key/key/key.core/build/resources/main/de/uka/ilkd/key/proof/rules/reachRules.key 
2123       DEBUG main            d.u.i.k.p.i.KeYFile       Reading KeY file file:/home/runner/work/key/key/key.core/build/resources/main/de/uka/ilkd/key/proof/rules/seqCoreRules.key 
2126       DEBUG main            d.u.i.k.p.i.KeYFile       Reading KeY file file:/home/runner/work/key/key/key.core/build/resources/main/de/uka/ilkd/key/proof/rules/seqRules.key 
2194       DEBUG main            d.u.i.k.p.i.KeYFile       Reading KeY file file:/home/runner/work/key/key/key.core/build/resources/main/de/uka/ilkd/key/proof/rules/seqPerm.key 
2224       DEBUG main            d.u.i.k.p.i.KeYFile       Reading KeY file file:/home/runner/work/key/key/key.core/build/resources/main/de/uka/ilkd/key/proof/rules/seqPerm2.key 
2231       DEBUG main            d.u.i.k.p.i.KeYFile       Reading KeY file file:/home/runner/work/key/key/key.core/build/resources/main/de/uka/ilkd/key/proof/rules/javaRules.key 
2323       DEBUG main            d.u.i.k.p.i.KeYFile       Reading KeY file file:/home/runner/work/key/key/key.core/build/resources/main/de/uka/ilkd/key/proof/rules/assertions.key 
2870       DEBUG main            d.u.i.k.p.i.KeYFile       Reading KeY file file:/home/runner/work/key/key/key.core/build/resources/main/de/uka/ilkd/key/proof/rules/loopRules.key 
2878       DEBUG main            d.u.i.k.p.i.KeYFile       Reading KeY file file:/home/runner/work/key/key/key.core/build/resources/main/de/uka/ilkd/key/proof/rules/activeUse.key 
2935       DEBUG main            d.u.i.k.p.i.KeYFile       Reading KeY file file:/home/runner/work/key/key/key.core/build/resources/main/de/uka/ilkd/key/proof/rules/instanceAllocation.key 
2952       DEBUG main            d.u.i.k.p.i.KeYFile       Reading KeY file file:/home/runner/work/key/key/key.core/build/resources/main/de/uka/ilkd/key/proof/rules/java5.key 
2956       DEBUG main            d.u.i.k.p.i.KeYFile       Reading KeY file file:/home/runner/work/key/key/key.core/build/resources/main/de/uka/ilkd/key/proof/rules/integerAssignment2UpdateRules.key 
3002       DEBUG main            d.u.i.k.p.i.KeYFile       Reading KeY file file:/home/runner/work/key/key/key.core/build/resources/main/de/uka/ilkd/key/proof/rules/floatAssignment2UpdateRules.key 
3050       DEBUG main            d.u.i.k.p.i.KeYFile       Reading KeY file file:/home/runner/work/key/key/key.core/build/resources/main/de/uka/ilkd/key/proof/rules/bigint.key 
3062       DEBUG main            d.u.i.k.j.TypeConverter   No LDT found for JavaBigintExpression 
3064       DEBUG main            d.u.i.k.p.i.KeYFile       Reading KeY file file:/home/runner/work/key/key/key.core/build/resources/main/de/uka/ilkd/key/proof/rules/adtProgramDecompositionRules.key 
3081       DEBUG main            d.u.i.k.p.i.KeYFile       Reading KeY file file:/home/runner/work/key/key/key.core/build/resources/main/de/uka/ilkd/key/proof/rules/precRules.key 
3093       DEBUG main            d.u.i.k.p.i.KeYFile       Reading KeY file file:/home/runner/work/key/key/key.core/build/resources/main/de/uka/ilkd/key/proof/rules/charListRules.key 
3111       DEBUG main            d.u.i.k.p.i.KeYFile       Reading KeY file file:/home/runner/work/key/key/key.core/build/resources/main/de/uka/ilkd/key/proof/rules/regExTheory.key 
3112       DEBUG main            d.u.i.k.p.i.KeYFile       Reading KeY file file:/home/runner/work/key/key/key.core/build/resources/main/de/uka/ilkd/key/proof/rules/regExHeader.key 
3113       DEBUG main            d.u.i.k.p.i.KeYFile       Reading KeY file file:/home/runner/work/key/key/key.core/build/resources/main/de/uka/ilkd/key/proof/rules/regExAxioms.key 
3117       DEBUG main            d.u.i.k.p.i.KeYFile       Reading KeY file file:/home/runner/work/key/key/key.core/build/resources/main/de/uka/ilkd/key/proof/rules/regExLemmaProven.key 
3124       DEBUG main            d.u.i.k.p.i.KeYFile       Reading KeY file file:/home/runner/work/key/key/key.core/build/resources/main/de/uka/ilkd/key/proof/rules/seqEq.key 
3132       DEBUG main            d.u.i.k.p.i.KeYFile       Reading KeY file file:/home/runner/work/key/key/key.core/build/resources/main/de/uka/ilkd/key/proof/rules/infFlow.key 
3140       DEBUG main            d.u.i.k.p.i.KeYFile       Reading KeY file file:/home/runner/work/key/key/key.core/build/resources/main/de/uka/ilkd/key/proof/rules/mapSize.key 
3143       DEBUG main            d.u.i.k.p.i.KeYFile       Reading KeY file file:/home/runner/work/key/key/key.core/build/resources/main/de/uka/ilkd/key/proof/rules/wd.key 
3146       DEBUG main            d.u.i.k.p.i.KeYFile       Reading KeY file file:/home/runner/work/key/key/key.core/build/resources/main/de/uka/ilkd/key/proof/rules/wdHeader.key 
3148       DEBUG main            d.u.i.k.p.i.KeYFile       Reading KeY file file:/home/runner/work/key/key/key.core/build/resources/main/de/uka/ilkd/key/proof/rules/wdGeneralRules.key 
3153       DEBUG main            d.u.i.k.p.i.KeYFile       Reading KeY file file:/home/runner/work/key/key/key.core/build/resources/main/de/uka/ilkd/key/proof/rules/wdNumericalRules.key 
3180       DEBUG main            d.u.i.k.p.i.KeYFile       Reading KeY file file:/home/runner/work/key/key/key.core/build/resources/main/de/uka/ilkd/key/proof/rules/wdLocSetRules.key 
3187       DEBUG main            d.u.i.k.p.i.KeYFile       Reading KeY file file:/home/runner/work/key/key/key.core/build/resources/main/de/uka/ilkd/key/proof/rules/wdHeapRules.key 
3191       DEBUG main            d.u.i.k.p.i.KeYFile       Reading KeY file file:/home/runner/work/key/key/key.core/build/resources/main/de/uka/ilkd/key/proof/rules/wdReachRules.key 
3193       DEBUG main            d.u.i.k.p.i.KeYFile       Reading KeY file file:/home/runner/work/key/key/key.core/build/resources/main/de/uka/ilkd/key/proof/rules/wdSeqRules.key 
3196       DEBUG main            d.u.i.k.p.i.KeYFile       Reading KeY file file:/home/runner/work/key/key/key.core/build/resources/main/de/uka/ilkd/key/proof/rules/wdStringRules.key 
3199       DEBUG main            d.u.i.k.p.i.KeYFile       Reading KeY file file:/home/runner/work/key/key/key.core/build/resources/main/de/uka/ilkd/key/proof/rules/wdRegExRules.key 
3201       DEBUG main            d.u.i.k.p.i.KeYFile       Reading KeY file file:/home/runner/work/key/key/key.core/build/resources/main/de/uka/ilkd/key/proof/rules/wdFormulaRules.key 
3218       DEBUG main            d.u.i.k.p.i.KeYFile       Reading KeY file file:/home/runner/work/key/key/key.core/build/resources/main/de/uka/ilkd/key/proof/rules/loopInvariantRules.key 
3221       DEBUG main            d.u.i.k.p.i.KeYFile       Reading KeY file file:/home/runner/work/key/key/key.core/build/resources/main/de/uka/ilkd/key/proof/rules/forLoopRules.key 
3224       DEBUG main            d.u.i.k.p.i.KeYFile       Reading KeY file file:/home/runner/work/key/key/key.core/build/resources/main/de/uka/ilkd/key/proof/rules/execRules.key 
3318       DEBUG main            d.u.i.k.p.i.KeYFile       Reading KeY file file:/home/runner/work/key/key/key.core/build/resources/main/de/uka/ilkd/key/proof/rules/loopScopeRules.key 
5933       DEBUG main            d.u.i.k.j.Recoder2KeY     converting now /home/runner/work/key/key/key.core/../key.ui/examples/InformationFlow/Sum/src/SumExample.java 
5985       DEBUG main            d.u.i.k.s.TermLabelSettings TermLabelSettings: Failure while reading the setting "UseOriginLabels".Using the default value: true.The string read was: null 
6000       DEBUG main            d.u.i.k.p.i.KeYFile       Reading KeY file file:/home/runner/work/key/key/key.core/build/resources/main/de/uka/ilkd/key/java/JavaRedux/java/lang/String.key 
8315       DEBUG main            d.u.i.k.p.i.KeYFile       Reading KeY file /home/runner/work/key/key/key.core/../key.ui/examples/InformationFlow/Sum/SumExample(SumExample__getSum()).JML normal_behavior operation contract.0.key 
8653       DEBUG Thread-1        d.u.i.k.r.m.WhileLoopTransformation While-Loop-Tranform-Result: {
  int i = 0;
  while (i < this.values.length) {
    {
      sum_1 += this.values[i];
    }
    i++;
  }
} 
8716       DEBUG Thread-1        d.u.i.k.r.m.WhileLoopTransformation While-Loop-Tranform-Result: try {
  {
    if (i < this.values.length) {
      {
        sum_1 += this.values[i];
      }
      i++;
    }
  }
} catch (java.lang.Throwable e#4) {
  exc#3 = true;
  thrownExc#5 = e#4;
} 
8812       DEBUG Thread-1        d.u.i.k.j.TypeConverter   typeconverter: (prefix this;, class class de.uka.ilkd.key.java.reference.ThisReference) 
9072       DEBUG Thread-1        d.u.i.k.j.TypeConverter   typeconverter: (prefix this;, class class de.uka.ilkd.key.java.reference.ThisReference) 
9166       DEBUG Thread-1        d.u.i.k.j.TypeConverter   typeconverter: (prefix this;, class class de.uka.ilkd.key.java.reference.ThisReference) 
9297       DEBUG Thread-1        d.u.i.k.j.TypeConverter   typeconverter: (prefix this;, class class de.uka.ilkd.key.java.reference.ThisReference) 
9595       INFO  main            d.u.i.k.p.r.p.TestFile    ... finished proof: closed. 
52127      INFO  Test worker     d.u.i.k.p.r.RunAllProofsTestUnit Returning from test SumExample 
52129      INFO  Test worker     d.u.i.k.p.r.RunAllProofsTestUnit Running test ToyBanking 
382        INFO  Timeout watchdog d.u.i.k.p.r.p.ForkedTestFileRunner Timeout watcher launched (1000 secs.) 
406        WARN  main            d.u.i.k.s.ProofSettings   The settings in /home/runner/.key/proof-settings.props are *not* read. 
449        DEBUG main            d.u.i.k.s.TermLabelSettings TermLabelSettings: Failure while reading the setting "UseOriginLabels".Using the default value: true.The string read was: null 
449        INFO  main            d.u.i.k.p.r.p.TestFile    Now processing file /home/runner/work/key/key/key.core/../key.ui/examples/InformationFlow/ToyBanking/banking_example.UserAccount(banking_example.UserAccount__getBankAccount(int)).JML normal_behavior operation contract.0.key 
591        DEBUG main            d.u.i.k.p.i.KeYFile       Reading KeY file /home/runner/work/key/key/key.core/../key.ui/examples/InformationFlow/ToyBanking/banking_example.UserAccount(banking_example.UserAccount__getBankAccount(int)).JML normal_behavior operation contract.0.key 
820        DEBUG main            d.u.i.k.p.i.KeYFile       Reading KeY file file:/home/runner/work/key/key/key.core/build/resources/main/de/uka/ilkd/key/proof/rules/standardRules.key 
837        DEBUG main            d.u.i.k.p.i.KeYFile       Reading KeY file file:/home/runner/work/key/key/key.core/build/resources/main/de/uka/ilkd/key/proof/rules/ldt.key 
842        DEBUG main            d.u.i.k.p.i.KeYFile       Reading KeY file file:/home/runner/work/key/key/key.core/build/resources/main/de/uka/ilkd/key/proof/rules/boolean.key 
859        DEBUG main            d.u.i.k.p.i.KeYFile       Reading KeY file file:/home/runner/work/key/key/key.core/build/resources/main/de/uka/ilkd/key/proof/rules/ruleSetsDeclarations.key 
899        DEBUG main            d.u.i.k.p.i.KeYFile       Reading KeY file file:/home/runner/work/key/key/key.core/build/resources/main/de/uka/ilkd/key/proof/rules/integerHeader.key 
905        DEBUG main            d.u.i.k.p.i.KeYFile       Reading KeY file file:/home/runner/work/key/key/key.core/build/resources/main/de/uka/ilkd/key/proof/rules/floatHeader.key 
907        DEBUG main            d.u.i.k.p.i.KeYFile       Reading KeY file file:/home/runner/work/key/key/key.core/build/resources/main/de/uka/ilkd/key/proof/rules/heap.key 
912        DEBUG main            d.u.i.k.p.i.KeYFile       Reading KeY file file:/home/runner/work/key/key/key.core/build/resources/main/de/uka/ilkd/key/proof/rules/locSets.key 
917        DEBUG main            d.u.i.k.p.i.KeYFile       Reading KeY file file:/home/runner/work/key/key/key.core/build/resources/main/de/uka/ilkd/key/proof/rules/permission.key 
919        DEBUG main            d.u.i.k.p.i.KeYFile       Reading KeY file file:/home/runner/work/key/key/key.core/build/resources/main/de/uka/ilkd/key/proof/rules/reach.key 
919        DEBUG main            d.u.i.k.p.i.KeYFile       Reading KeY file file:/home/runner/work/key/key/key.core/build/resources/main/de/uka/ilkd/key/proof/rules/seq.key 
920        DEBUG main            d.u.i.k.p.i.KeYFile       Reading KeY file file:/home/runner/work/key/key/key.core/build/resources/main/de/uka/ilkd/key/proof/rules/map.key 
966        DEBUG main            d.u.i.k.p.i.KeYFile       Reading KeY file file:/home/runner/work/key/key/key.core/build/resources/main/de/uka/ilkd/key/proof/rules/freeADT.key 
967        DEBUG main            d.u.i.k.p.i.KeYFile       Reading KeY file file:/home/runner/work/key/key/key.core/build/resources/main/de/uka/ilkd/key/proof/rules/wellfound.key 
968        DEBUG main            d.u.i.k.p.i.KeYFile       Reading KeY file file:/home/runner/work/key/key/key.core/build/resources/main/de/uka/ilkd/key/proof/rules/charListHeader.key 
1117       DEBUG main            d.u.i.k.p.i.KeYFile       Reading KeY file file:/home/runner/work/key/key/key.core/build/resources/main/de/uka/ilkd/key/proof/rules/propRule.key 
1144       DEBUG main            d.u.i.k.p.i.KeYFile       Reading KeY file file:/home/runner/work/key/key/key.core/build/resources/main/de/uka/ilkd/key/proof/rules/firstOrderRules.key 
1171       DEBUG main            d.u.i.k.p.i.KeYFile       Reading KeY file file:/home/runner/work/key/key/key.core/build/resources/main/de/uka/ilkd/key/proof/rules/ifThenElseRules.key 
1242       DEBUG main            d.u.i.k.p.i.KeYFile       Reading KeY file file:/home/runner/work/key/key/key.core/build/resources/main/de/uka/ilkd/key/proof/rules/formulaNormalisationRules.key 
1383       DEBUG main            d.u.i.k.p.i.KeYFile       Reading KeY file file:/home/runner/work/key/key/key.core/build/resources/main/de/uka/ilkd/key/proof/rules/updateRules.key 
1411       DEBUG main            d.u.i.k.p.i.KeYFile       Reading KeY file file:/home/runner/work/key/key/key.core/build/resources/main/de/uka/ilkd/key/proof/rules/integerRulesCommon.key 
1527       DEBUG main            d.u.i.k.p.i.KeYFile       Reading KeY file file:/home/runner/work/key/key/key.core/build/resources/main/de/uka/ilkd/key/proof/rules/intRules.key 
1544       DEBUG main            d.u.i.k.p.i.KeYFile       Reading KeY file file:/home/runner/work/key/key/key.core/build/resources/main/de/uka/ilkd/key/proof/rules/intRulesUncheckedSemantics.key 
1561       DEBUG main            d.u.i.k.p.i.KeYFile       Reading KeY file file:/home/runner/work/key/key/key.core/build/resources/main/de/uka/ilkd/key/proof/rules/intRulesCheckedSemantics.key 
1566       DEBUG main            d.u.i.k.p.i.KeYFile       Reading KeY file file:/home/runner/work/key/key/key.core/build/resources/main/de/uka/ilkd/key/proof/rules/intRulesJavaSemantics.key 
1576       DEBUG main            d.u.i.k.p.i.KeYFile       Reading KeY file file:/home/runner/work/key/key/key.core/build/resources/main/de/uka/ilkd/key/proof/rules/integerSimplificationRules.key 
1759       DEBUG main            d.u.i.k.j.TypeConverter   No LDT found for Meta 
1764       DEBUG main            d.u.i.k.j.TypeConverter   No LDT found for Meta 
1767       DEBUG main            d.u.i.k.j.TypeConverter   No LDT found for Meta 
1768       DEBUG main            d.u.i.k.j.TypeConverter   No LDT found for Meta 
1805       DEBUG main            d.u.i.k.p.i.KeYFile       Reading KeY file file:/home/runner/work/key/key/key.core/build/resources/main/de/uka/ilkd/key/proof/rules/intDiv.key 
1847       DEBUG main            d.u.i.k.p.i.KeYFile       Reading KeY file file:/home/runner/work/key/key/key.core/build/resources/main/de/uka/ilkd/key/proof/rules/bsum.key 
1958       DEBUG main            d.u.i.k.p.i.KeYFile       Reading KeY file file:/home/runner/work/key/key/key.core/build/resources/main/de/uka/ilkd/key/proof/rules/bprod.key 
1992       DEBUG main            d.u.i.k.p.i.KeYFile       Reading KeY file file:/home/runner/work/key/key/key.core/build/resources/main/de/uka/ilkd/key/proof/rules/binaryAxioms.key 
1998       DEBUG main            d.u.i.k.p.i.KeYFile       Reading KeY file file:/home/runner/work/key/key/key.core/build/resources/main/de/uka/ilkd/key/proof/rules/binaryLemmas.key 
2009       DEBUG main            d.u.i.k.p.i.KeYFile       Reading KeY file file:/home/runner/work/key/key/key.core/build/resources/main/de/uka/ilkd/key/proof/rules/intPow.key 
2027       DEBUG main            d.u.i.k.p.i.KeYFile       Reading KeY file file:/home/runner/work/key/key/key.core/build/resources/main/de/uka/ilkd/key/proof/rules/floatRulesCommon.key 
2051       DEBUG main            d.u.i.k.p.i.KeYFile       Reading KeY file file:/home/runner/work/key/key/key.core/build/resources/main/de/uka/ilkd/key/proof/rules/floatRules.key 
2052       DEBUG main            d.u.i.k.p.i.KeYFile       Reading KeY file file:/home/runner/work/key/key/key.core/build/resources/main/de/uka/ilkd/key/proof/rules/floatRulesVerifyNormal.key 
2053       DEBUG main            d.u.i.k.p.i.KeYFile       Reading KeY file file:/home/runner/work/key/key/key.core/build/resources/main/de/uka/ilkd/key/proof/rules/floatRulesAssumeStrictfp.key 
2088       DEBUG main            d.u.i.k.p.i.KeYFile       Reading KeY file file:/home/runner/work/key/key/key.core/build/resources/main/de/uka/ilkd/key/proof/rules/genericRules.key 
2105       DEBUG main            d.u.i.k.p.i.KeYFile       Reading KeY file file:/home/runner/work/key/key/key.core/build/resources/main/de/uka/ilkd/key/proof/rules/booleanRules.key 
2125       DEBUG main            d.u.i.k.p.i.KeYFile       Reading KeY file file:/home/runner/work/key/key/key.core/build/resources/main/de/uka/ilkd/key/proof/rules/epsilon.key 
2131       DEBUG main            d.u.i.k.p.i.KeYFile       Reading KeY file file:/home/runner/work/key/key/key.core/build/resources/main/de/uka/ilkd/key/proof/rules/locSetsRules.key 
2185       DEBUG main            d.u.i.k.p.i.KeYFile       Reading KeY file file:/home/runner/work/key/key/key.core/build/resources/main/de/uka/ilkd/key/proof/rules/heapRules.key 
2238       DEBUG main            d.u.i.k.p.i.KeYFile       Reading KeY file file:/home/runner/work/key/key/key.core/build/resources/main/de/uka/ilkd/key/proof/rules/permissionRules.key 
2259       DEBUG main            d.u.i.k.p.i.KeYFile       Reading KeY file file:/home/runner/work/key/key/key.core/build/resources/main/de/uka/ilkd/key/proof/rules/reachRules.key 
2291       DEBUG main            d.u.i.k.p.i.KeYFile       Reading KeY file file:/home/runner/work/key/key/key.core/build/resources/main/de/uka/ilkd/key/proof/rules/seqCoreRules.key 
2295       DEBUG main            d.u.i.k.p.i.KeYFile       Reading KeY file file:/home/runner/work/key/key/key.core/build/resources/main/de/uka/ilkd/key/proof/rules/seqRules.key 
2368       DEBUG main            d.u.i.k.p.i.KeYFile       Reading KeY file file:/home/runner/work/key/key/key.core/build/resources/main/de/uka/ilkd/key/proof/rules/seqPerm.key 
2398       DEBUG main            d.u.i.k.p.i.KeYFile       Reading KeY file file:/home/runner/work/key/key/key.core/build/resources/main/de/uka/ilkd/key/proof/rules/seqPerm2.key 
2404       DEBUG main            d.u.i.k.p.i.KeYFile       Reading KeY file file:/home/runner/work/key/key/key.core/build/resources/main/de/uka/ilkd/key/proof/rules/javaRules.key 
2488       DEBUG main            d.u.i.k.p.i.KeYFile       Reading KeY file file:/home/runner/work/key/key/key.core/build/resources/main/de/uka/ilkd/key/proof/rules/assertions.key 
2986       DEBUG main            d.u.i.k.p.i.KeYFile       Reading KeY file file:/home/runner/work/key/key/key.core/build/resources/main/de/uka/ilkd/key/proof/rules/loopRules.key 
2993       DEBUG main            d.u.i.k.p.i.KeYFile       Reading KeY file file:/home/runner/work/key/key/key.core/build/resources/main/de/uka/ilkd/key/proof/rules/activeUse.key 
3030       DEBUG main            d.u.i.k.p.i.KeYFile       Reading KeY file file:/home/runner/work/key/key/key.core/build/resources/main/de/uka/ilkd/key/proof/rules/instanceAllocation.key 
3044       DEBUG main            d.u.i.k.p.i.KeYFile       Reading KeY file file:/home/runner/work/key/key/key.core/build/resources/main/de/uka/ilkd/key/proof/rules/java5.key 
3048       DEBUG main            d.u.i.k.p.i.KeYFile       Reading KeY file file:/home/runner/work/key/key/key.core/build/resources/main/de/uka/ilkd/key/proof/rules/integerAssignment2UpdateRules.key 
3075       DEBUG main            d.u.i.k.p.i.KeYFile       Reading KeY file file:/home/runner/work/key/key/key.core/build/resources/main/de/uka/ilkd/key/proof/rules/floatAssignment2UpdateRules.key 
3122       DEBUG main            d.u.i.k.p.i.KeYFile       Reading KeY file file:/home/runner/work/key/key/key.core/build/resources/main/de/uka/ilkd/key/proof/rules/bigint.key 
3132       DEBUG main            d.u.i.k.j.TypeConverter   No LDT found for JavaBigintExpression 
3134       DEBUG main            d.u.i.k.p.i.KeYFile       Reading KeY file file:/home/runner/work/key/key/key.core/build/resources/main/de/uka/ilkd/key/proof/rules/adtProgramDecompositionRules.key 
3150       DEBUG main            d.u.i.k.p.i.KeYFile       Reading KeY file file:/home/runner/work/key/key/key.core/build/resources/main/de/uka/ilkd/key/proof/rules/precRules.key 
3153       DEBUG main            d.u.i.k.p.i.KeYFile       Reading KeY file file:/home/runner/work/key/key/key.core/build/resources/main/de/uka/ilkd/key/proof/rules/charListRules.key 
3168       DEBUG main            d.u.i.k.p.i.KeYFile       Reading KeY file file:/home/runner/work/key/key/key.core/build/resources/main/de/uka/ilkd/key/proof/rules/regExTheory.key 
3169       DEBUG main            d.u.i.k.p.i.KeYFile       Reading KeY file file:/home/runner/work/key/key/key.core/build/resources/main/de/uka/ilkd/key/proof/rules/regExHeader.key 
3170       DEBUG main            d.u.i.k.p.i.KeYFile       Reading KeY file file:/home/runner/work/key/key/key.core/build/resources/main/de/uka/ilkd/key/proof/rules/regExAxioms.key 
3173       DEBUG main            d.u.i.k.p.i.KeYFile       Reading KeY file file:/home/runner/work/key/key/key.core/build/resources/main/de/uka/ilkd/key/proof/rules/regExLemmaProven.key 
3179       DEBUG main            d.u.i.k.p.i.KeYFile       Reading KeY file file:/home/runner/work/key/key/key.core/build/resources/main/de/uka/ilkd/key/proof/rules/seqEq.key 
3189       DEBUG main            d.u.i.k.p.i.KeYFile       Reading KeY file file:/home/runner/work/key/key/key.core/build/resources/main/de/uka/ilkd/key/proof/rules/infFlow.key 
3197       DEBUG main            d.u.i.k.p.i.KeYFile       Reading KeY file file:/home/runner/work/key/key/key.core/build/resources/main/de/uka/ilkd/key/proof/rules/mapSize.key 
3201       DEBUG main            d.u.i.k.p.i.KeYFile       Reading KeY file file:/home/runner/work/key/key/key.core/build/resources/main/de/uka/ilkd/key/proof/rules/wd.key 
3204       DEBUG main            d.u.i.k.p.i.KeYFile       Reading KeY file file:/home/runner/work/key/key/key.core/build/resources/main/de/uka/ilkd/key/proof/rules/wdHeader.key 
3207       DEBUG main            d.u.i.k.p.i.KeYFile       Reading KeY file file:/home/runner/work/key/key/key.core/build/resources/main/de/uka/ilkd/key/proof/rules/wdGeneralRules.key 
3212       DEBUG main            d.u.i.k.p.i.KeYFile       Reading KeY file file:/home/runner/work/key/key/key.core/build/resources/main/de/uka/ilkd/key/proof/rules/wdNumericalRules.key 
3234       DEBUG main            d.u.i.k.p.i.KeYFile       Reading KeY file file:/home/runner/work/key/key/key.core/build/resources/main/de/uka/ilkd/key/proof/rules/wdLocSetRules.key 
3242       DEBUG main            d.u.i.k.p.i.KeYFile       Reading KeY file file:/home/runner/work/key/key/key.core/build/resources/main/de/uka/ilkd/key/proof/rules/wdHeapRules.key 
3247       DEBUG main            d.u.i.k.p.i.KeYFile       Reading KeY file file:/home/runner/work/key/key/key.core/build/resources/main/de/uka/ilkd/key/proof/rules/wdReachRules.key 
3249       DEBUG main            d.u.i.k.p.i.KeYFile       Reading KeY file file:/home/runner/work/key/key/key.core/build/resources/main/de/uka/ilkd/key/proof/rules/wdSeqRules.key 
3252       DEBUG main            d.u.i.k.p.i.KeYFile       Reading KeY file file:/home/runner/work/key/key/key.core/build/resources/main/de/uka/ilkd/key/proof/rules/wdStringRules.key 
3255       DEBUG main            d.u.i.k.p.i.KeYFile       Reading KeY file file:/home/runner/work/key/key/key.core/build/resources/main/de/uka/ilkd/key/proof/rules/wdRegExRules.key 
3257       DEBUG main            d.u.i.k.p.i.KeYFile       Reading KeY file file:/home/runner/work/key/key/key.core/build/resources/main/de/uka/ilkd/key/proof/rules/wdFormulaRules.key 
3271       DEBUG main            d.u.i.k.p.i.KeYFile       Reading KeY file file:/home/runner/work/key/key/key.core/build/resources/main/de/uka/ilkd/key/proof/rules/loopInvariantRules.key 
3274       DEBUG main            d.u.i.k.p.i.KeYFile       Reading KeY file file:/home/runner/work/key/key/key.core/build/resources/main/de/uka/ilkd/key/proof/rules/forLoopRules.key 
3277       DEBUG main            d.u.i.k.p.i.KeYFile       Reading KeY file file:/home/runner/work/key/key/key.core/build/resources/main/de/uka/ilkd/key/proof/rules/execRules.key 
3407       DEBUG main            d.u.i.k.p.i.KeYFile       Reading KeY file file:/home/runner/work/key/key/key.core/build/resources/main/de/uka/ilkd/key/proof/rules/loopScopeRules.key 
6479       DEBUG main            d.u.i.k.j.Recoder2KeY     converting now /home/runner/work/key/key/key.core/../key.ui/examples/InformationFlow/ToyBanking/src/banking_example/UserAccount.java 
6487       DEBUG main            d.u.i.k.j.Recoder2KeY     converting now /home/runner/work/key/key/key.core/../key.ui/examples/InformationFlow/ToyBanking/src/banking_example/Bank.java 
6489       DEBUG main            d.u.i.k.j.Recoder2KeY     converting now /home/runner/work/key/key/key.core/../key.ui/examples/InformationFlow/ToyBanking/src/banking_example/BankAccount.java 
6520       DEBUG main            d.u.i.k.s.TermLabelSettings TermLabelSettings: Failure while reading the setting "UseOriginLabels".Using the default value: true.The string read was: null 
6529       DEBUG main            d.u.i.k.p.i.KeYFile       Reading KeY file file:/home/runner/work/key/key/key.core/build/resources/main/de/uka/ilkd/key/java/JavaRedux/java/lang/String.key 
8982       DEBUG main            d.u.i.k.p.i.KeYFile       Reading KeY file /home/runner/work/key/key/key.core/../key.ui/examples/InformationFlow/ToyBanking/banking_example.UserAccount(banking_example.UserAccount__getBankAccount(int)).JML normal_behavior operation contract.0.key 
9959       DEBUG Thread-1        d.u.i.k.j.TypeConverter   typeconverter: (prefix this;, class class de.uka.ilkd.key.java.reference.ThisReference) 
10042      DEBUG Thread-1        d.u.i.k.j.TypeConverter   typeconverter: (prefix this;, class class de.uka.ilkd.key.java.reference.ThisReference) 
10422      INFO  main            d.u.i.k.p.r.p.TestFile    ... finished proof: closed. 
10568      DEBUG main            d.u.i.k.s.TermLabelSettings TermLabelSettings: Failure while reading the setting "UseOriginLabels".Using the default value: true.The string read was: null 
10568      INFO  main            d.u.i.k.p.r.p.TestFile    Now processing file /home/runner/work/key/key/key.core/../key.ui/examples/InformationFlow/ToyBanking/banking_example.UserAccount(banking_example.UserAccount__tryLogin(int,(C)).JML normal_behavior operation contract.0.key 
10569      DEBUG main            d.u.i.k.p.i.KeYFile       Reading KeY file /home/runner/work/key/key/key.core/../key.ui/examples/InformationFlow/ToyBanking/banking_example.UserAccount(banking_example.UserAccount__tryLogin(int,(C)).JML normal_behavior operation contract.0.key 
11660      DEBUG main            d.u.i.k.j.Recoder2KeY     converting now /home/runner/work/key/key/key.core/../key.ui/examples/InformationFlow/ToyBanking/src/banking_example/UserAccount.java 
11663      DEBUG main            d.u.i.k.j.Recoder2KeY     converting now /home/runner/work/key/key/key.core/../key.ui/examples/InformationFlow/ToyBanking/src/banking_example/Bank.java 
11665      DEBUG main            d.u.i.k.j.Recoder2KeY     converting now /home/runner/work/key/key/key.core/../key.ui/examples/InformationFlow/ToyBanking/src/banking_example/BankAccount.java 
11673      DEBUG main            d.u.i.k.s.TermLabelSettings TermLabelSettings: Failure while reading the setting "UseOriginLabels".Using the default value: true.The string read was: null 
11675      DEBUG main            d.u.i.k.p.i.KeYFile       Reading KeY file file:/home/runner/work/key/key/key.core/build/resources/main/de/uka/ilkd/key/java/JavaRedux/java/lang/String.key 
13680      DEBUG main            d.u.i.k.p.i.KeYFile       Reading KeY file /home/runner/work/key/key/key.core/../key.ui/examples/InformationFlow/ToyBanking/banking_example.UserAccount(banking_example.UserAccount__tryLogin(int,(C)).JML normal_behavior operation contract.0.key 
13889      DEBUG Thread-3        d.u.i.k.j.TypeConverter   typeconverter: (prefix this;, class class de.uka.ilkd.key.java.reference.ThisReference) 
13936      DEBUG Thread-3        d.u.i.k.j.TypeConverter   typeconverter: (prefix this;, class class de.uka.ilkd.key.java.reference.ThisReference) 
13994      DEBUG Thread-3        d.u.i.k.r.m.WhileLoopTransformation While-Loop-Tranform-Result: {
  int i = 0;
  while (i < _password.length && pwdCorrect) {
    {
      pwdCorrect = (this.password[i] == _password[i]);
    }
    i++;
  }
} 
14031      DEBUG Thread-3        d.u.i.k.r.m.WhileLoopTransformation While-Loop-Tranform-Result: try {
  {
    if (i < _password.length && pwdCorrect) {
      {
        pwdCorrect = (this.password[i] == _password[i]);
      }
      i++;
    }
  }
} catch (java.lang.Throwable e#4) {
  exc#3 = true;
  thrownExc#5 = e#4;
} 
14460      DEBUG Thread-3        d.u.i.k.j.TypeConverter   typeconverter: (prefix this;, class class de.uka.ilkd.key.java.reference.ThisReference) 
14550      DEBUG Thread-3        d.u.i.k.j.TypeConverter   typeconverter: (prefix this;, class class de.uka.ilkd.key.java.reference.ThisReference) 
14639      DEBUG Thread-3        d.u.i.k.j.TypeConverter   typeconverter: (prefix this;, class class de.uka.ilkd.key.java.reference.ThisReference) 
14673      DEBUG Thread-3        d.u.i.k.j.TypeConverter   typeconverter: (prefix this;, class class de.uka.ilkd.key.java.reference.ThisReference) 
14706      DEBUG Thread-3        d.u.i.k.j.TypeConverter   typeconverter: (prefix this;, class class de.uka.ilkd.key.java.reference.ThisReference) 
14743      DEBUG Thread-3        d.u.i.k.j.TypeConverter   typeconverter: (prefix this;, class class de.uka.ilkd.key.java.reference.ThisReference) 
14758      DEBUG Thread-3        d.u.i.k.j.TypeConverter   TypeConverter: FieldReference: this.password.length; 
14759      DEBUG Thread-3        d.u.i.k.j.TypeConverter   typeconverter: (prefix this.password;, class class de.uka.ilkd.key.java.reference.FieldReference) 
14760      DEBUG Thread-3        d.u.i.k.j.TypeConverter   TypeConverter: FieldReference: this.password; 
14760      DEBUG Thread-3        d.u.i.k.j.TypeConverter   typeconverter: (prefix this;, class class de.uka.ilkd.key.java.reference.ThisReference) 
14761      DEBUG Thread-3        d.u.i.k.j.TypeConverter   TypeConverter: FieldReference: this.password; 
14761      DEBUG Thread-3        d.u.i.k.j.TypeConverter   typeconverter: (prefix this;, class class de.uka.ilkd.key.java.reference.ThisReference) 
14761      DEBUG Thread-3        d.u.i.k.j.TypeConverter   TypeConverter: FieldReference: this.bankAccounts.length; 
14762      DEBUG Thread-3        d.u.i.k.j.TypeConverter   typeconverter: (prefix this.bankAccounts;, class class de.uka.ilkd.key.java.reference.FieldReference) 
14762      DEBUG Thread-3        d.u.i.k.j.TypeConverter   TypeConverter: FieldReference: this.bankAccounts; 
14762      DEBUG Thread-3        d.u.i.k.j.TypeConverter   typeconverter: (prefix this;, class class de.uka.ilkd.key.java.reference.ThisReference) 
14762      DEBUG Thread-3        d.u.i.k.j.TypeConverter   TypeConverter: FieldReference: this.bankAccounts; 
14763      DEBUG Thread-3        d.u.i.k.j.TypeConverter   typeconverter: (prefix this;, class class de.uka.ilkd.key.java.reference.ThisReference) 
14763      DEBUG Thread-3        d.u.i.k.j.TypeConverter   TypeConverter: FieldReference: this.bankAccounts[0].customerViewOnBankAccount; 
14763      DEBUG Thread-3        d.u.i.k.j.TypeConverter   typeconverter: (prefix this.bankAccounts[0];, class class de.uka.ilkd.key.java.reference.ArrayReference) 
14763      DEBUG Thread-3        d.u.i.k.j.TypeConverter   TypeConverter: FieldReference: this.bankAccounts; 
14764      DEBUG Thread-3        d.u.i.k.j.TypeConverter   typeconverter: (prefix this;, class class de.uka.ilkd.key.java.reference.ThisReference) 
14809      DEBUG Thread-3        d.u.i.k.j.TypeConverter   typeconverter: (prefix this;, class class de.uka.ilkd.key.java.reference.ThisReference) 
14819      DEBUG Thread-3        d.u.i.k.j.TypeConverter   typeconverter: (prefix this;, class class de.uka.ilkd.key.java.reference.ThisReference) 
14858      DEBUG Thread-3        d.u.i.k.j.TypeConverter   typeconverter: (prefix this;, class class de.uka.ilkd.key.java.reference.ThisReference) 
14905      DEBUG Thread-3        d.u.i.k.j.TypeConverter   typeconverter: (prefix this;, class class de.uka.ilkd.key.java.reference.ThisReference) 
14953      DEBUG Thread-3        d.u.i.k.j.TypeConverter   typeconverter: (prefix this;, class class de.uka.ilkd.key.java.reference.ThisReference) 
14979      DEBUG Thread-3        d.u.i.k.j.TypeConverter   TypeConverter: FieldReference: this.bankAccounts.length; 
14979      DEBUG Thread-3        d.u.i.k.j.TypeConverter   typeconverter: (prefix this.bankAccounts;, class class de.uka.ilkd.key.java.reference.FieldReference) 
14980      DEBUG Thread-3        d.u.i.k.j.TypeConverter   TypeConverter: FieldReference: this.bankAccounts; 
14980      DEBUG Thread-3        d.u.i.k.j.TypeConverter   typeconverter: (prefix this;, class class de.uka.ilkd.key.java.reference.ThisReference) 
14980      DEBUG Thread-3        d.u.i.k.j.TypeConverter   TypeConverter: FieldReference: this.bankAccounts; 
14981      DEBUG Thread-3        d.u.i.k.j.TypeConverter   typeconverter: (prefix this;, class class de.uka.ilkd.key.java.reference.ThisReference) 
14981      DEBUG Thread-3        d.u.i.k.j.TypeConverter   TypeConverter: FieldReference: this.bankAccounts[0].customerViewOnBankAccount; 
14981      DEBUG Thread-3        d.u.i.k.j.TypeConverter   typeconverter: (prefix this.bankAccounts[0];, class class de.uka.ilkd.key.java.reference.ArrayReference) 
14981      DEBUG Thread-3        d.u.i.k.j.TypeConverter   TypeConverter: FieldReference: this.bankAccounts; 
14981      DEBUG Thread-3        d.u.i.k.j.TypeConverter   typeconverter: (prefix this;, class class de.uka.ilkd.key.java.reference.ThisReference) 
15044      DEBUG Thread-3        d.u.i.k.j.TypeConverter   typeconverter: (prefix this;, class class de.uka.ilkd.key.java.reference.ThisReference) 
15054      DEBUG Thread-3        d.u.i.k.j.TypeConverter   typeconverter: (prefix this;, class class de.uka.ilkd.key.java.reference.ThisReference) 
21507      DEBUG Thread-3        d.u.i.k.j.TypeConverter   typeconverter: (prefix this;, class class de.uka.ilkd.key.java.reference.ThisReference) 
21520      DEBUG Thread-3        d.u.i.k.j.TypeConverter   typeconverter: (prefix this;, class class de.uka.ilkd.key.java.reference.ThisReference) 
21544      DEBUG Thread-3        d.u.i.k.j.TypeConverter   typeconverter: (prefix this;, class class de.uka.ilkd.key.java.reference.ThisReference) 
21574      DEBUG Thread-3        d.u.i.k.j.TypeConverter   typeconverter: (prefix this;, class class de.uka.ilkd.key.java.reference.ThisReference) 
21611      DEBUG Thread-3        d.u.i.k.j.TypeConverter   typeconverter: (prefix this;, class class de.uka.ilkd.key.java.reference.ThisReference) 
21640      DEBUG Thread-3        d.u.i.k.j.TypeConverter   typeconverter: (prefix this;, class class de.uka.ilkd.key.java.reference.ThisReference) 
21654      DEBUG Thread-3        d.u.i.k.j.TypeConverter   TypeConverter: FieldReference: this.password.length; 
21655      DEBUG Thread-3        d.u.i.k.j.TypeConverter   typeconverter: (prefix this.password;, class class de.uka.ilkd.key.java.reference.FieldReference) 
21655      DEBUG Thread-3        d.u.i.k.j.TypeConverter   TypeConverter: FieldReference: this.password; 
21655      DEBUG Thread-3        d.u.i.k.j.TypeConverter   typeconverter: (prefix this;, class class de.uka.ilkd.key.java.reference.ThisReference) 
21655      DEBUG Thread-3        d.u.i.k.j.TypeConverter   TypeConverter: FieldReference: this.password; 
21656      DEBUG Thread-3        d.u.i.k.j.TypeConverter   typeconverter: (prefix this;, class class de.uka.ilkd.key.java.reference.ThisReference) 
21656      DEBUG Thread-3        d.u.i.k.j.TypeConverter   TypeConverter: FieldReference: this.bankAccounts.length; 
21656      DEBUG Thread-3        d.u.i.k.j.TypeConverter   typeconverter: (prefix this.bankAccounts;, class class de.uka.ilkd.key.java.reference.FieldReference) 
21656      DEBUG Thread-3        d.u.i.k.j.TypeConverter   TypeConverter: FieldReference: this.bankAccounts; 
21656      DEBUG Thread-3        d.u.i.k.j.TypeConverter   typeconverter: (prefix this;, class class de.uka.ilkd.key.java.reference.ThisReference) 
21657      DEBUG Thread-3        d.u.i.k.j.TypeConverter   TypeConverter: FieldReference: this.bankAccounts; 
21657      DEBUG Thread-3        d.u.i.k.j.TypeConverter   typeconverter: (prefix this;, class class de.uka.ilkd.key.java.reference.ThisReference) 
21657      DEBUG Thread-3        d.u.i.k.j.TypeConverter   TypeConverter: FieldReference: this.bankAccounts[0].customerViewOnBankAccount; 
21657      DEBUG Thread-3        d.u.i.k.j.TypeConverter   typeconverter: (prefix this.bankAccounts[0];, class class de.uka.ilkd.key.java.reference.ArrayReference) 
21657      DEBUG Thread-3        d.u.i.k.j.TypeConverter   TypeConverter: FieldReference: this.bankAccounts; 
21658      DEBUG Thread-3        d.u.i.k.j.TypeConverter   typeconverter: (prefix this;, class class de.uka.ilkd.key.java.reference.ThisReference) 
21712      DEBUG Thread-3        d.u.i.k.j.TypeConverter   typeconverter: (prefix this;, class class de.uka.ilkd.key.java.reference.ThisReference) 
21720      DEBUG Thread-3        d.u.i.k.j.TypeConverter   typeconverter: (prefix this;, class class de.uka.ilkd.key.java.reference.ThisReference) 
21751      DEBUG Thread-3        d.u.i.k.j.TypeConverter   typeconverter: (prefix this;, class class de.uka.ilkd.key.java.reference.ThisReference) 
21792      DEBUG Thread-3        d.u.i.k.j.TypeConverter   typeconverter: (prefix this;, class class de.uka.ilkd.key.java.reference.ThisReference) 
21833      DEBUG Thread-3        d.u.i.k.j.TypeConverter   typeconverter: (prefix this;, class class de.uka.ilkd.key.java.reference.ThisReference) 
21855      DEBUG Thread-3        d.u.i.k.j.TypeConverter   TypeConverter: FieldReference: this.bankAccounts.length; 
21856      DEBUG Thread-3        d.u.i.k.j.TypeConverter   typeconverter: (prefix this.bankAccounts;, class class de.uka.ilkd.key.java.reference.FieldReference) 
21856      DEBUG Thread-3        d.u.i.k.j.TypeConverter   TypeConverter: FieldReference: this.bankAccounts; 
21856      DEBUG Thread-3        d.u.i.k.j.TypeConverter   typeconverter: (prefix this;, class class de.uka.ilkd.key.java.reference.ThisReference) 
21857      DEBUG Thread-3        d.u.i.k.j.TypeConverter   TypeConverter: FieldReference: this.bankAccounts; 
21857      DEBUG Thread-3        d.u.i.k.j.TypeConverter   typeconverter: (prefix this;, class class de.uka.ilkd.key.java.reference.ThisReference) 
21857      DEBUG Thread-3        d.u.i.k.j.TypeConverter   TypeConverter: FieldReference: this.bankAccounts[0].customerViewOnBankAccount; 
21857      DEBUG Thread-3        d.u.i.k.j.TypeConverter   typeconverter: (prefix this.bankAccounts[0];, class class de.uka.ilkd.key.java.reference.ArrayReference) 
21858      DEBUG Thread-3        d.u.i.k.j.TypeConverter   TypeConverter: FieldReference: this.bankAccounts; 
21858      DEBUG Thread-3        d.u.i.k.j.TypeConverter   typeconverter: (prefix this;, class class de.uka.ilkd.key.java.reference.ThisReference) 
21987      DEBUG Thread-3        d.u.i.k.j.TypeConverter   typeconverter: (prefix this;, class class de.uka.ilkd.key.java.reference.ThisReference) 
21998      DEBUG Thread-3        d.u.i.k.j.TypeConverter   typeconverter: (prefix this;, class class de.uka.ilkd.key.java.reference.ThisReference) 
27921      DEBUG Thread-3        d.u.i.k.j.TypeConverter   typeconverter: (prefix this;, class class de.uka.ilkd.key.java.reference.ThisReference) 
27964      DEBUG Thread-3        d.u.i.k.j.TypeConverter   typeconverter: (prefix this;, class class de.uka.ilkd.key.java.reference.ThisReference) 
27989      DEBUG Thread-3        d.u.i.k.j.TypeConverter   typeconverter: (prefix this;, class class de.uka.ilkd.key.java.reference.ThisReference) 
28019      DEBUG Thread-3        d.u.i.k.j.TypeConverter   typeconverter: (prefix this;, class class de.uka.ilkd.key.java.reference.ThisReference) 
28044      DEBUG Thread-3        d.u.i.k.j.TypeConverter   typeconverter: (prefix this;, class class de.uka.ilkd.key.java.reference.ThisReference) 
28055      DEBUG Thread-3        d.u.i.k.j.TypeConverter   TypeConverter: FieldReference: this.password.length; 
28055      DEBUG Thread-3        d.u.i.k.j.TypeConverter   typeconverter: (prefix this.password;, class class de.uka.ilkd.key.java.reference.FieldReference) 
28056      DEBUG Thread-3        d.u.i.k.j.TypeConverter   TypeConverter: FieldReference: this.password; 
28056      DEBUG Thread-3        d.u.i.k.j.TypeConverter   typeconverter: (prefix this;, class class de.uka.ilkd.key.java.reference.ThisReference) 
28056      DEBUG Thread-3        d.u.i.k.j.TypeConverter   TypeConverter: FieldReference: this.password; 
28056      DEBUG Thread-3        d.u.i.k.j.TypeConverter   typeconverter: (prefix this;, class class de.uka.ilkd.key.java.reference.ThisReference) 
28057      DEBUG Thread-3        d.u.i.k.j.TypeConverter   TypeConverter: FieldReference: this.bankAccounts.length; 
28057      DEBUG Thread-3        d.u.i.k.j.TypeConverter   typeconverter: (prefix this.bankAccounts;, class class de.uka.ilkd.key.java.reference.FieldReference) 
28057      DEBUG Thread-3        d.u.i.k.j.TypeConverter   TypeConverter: FieldReference: this.bankAccounts; 
28057      DEBUG Thread-3        d.u.i.k.j.TypeConverter   typeconverter: (prefix this;, class class de.uka.ilkd.key.java.reference.ThisReference) 
28057      DEBUG Thread-3        d.u.i.k.j.TypeConverter   TypeConverter: FieldReference: this.bankAccounts; 
28058      DEBUG Thread-3        d.u.i.k.j.TypeConverter   typeconverter: (prefix this;, class class de.uka.ilkd.key.java.reference.ThisReference) 
28058      DEBUG Thread-3        d.u.i.k.j.TypeConverter   TypeConverter: FieldReference: this.bankAccounts[0].customerViewOnBankAccount; 
28058      DEBUG Thread-3        d.u.i.k.j.TypeConverter   typeconverter: (prefix this.bankAccounts[0];, class class de.uka.ilkd.key.java.reference.ArrayReference) 
28058      DEBUG Thread-3        d.u.i.k.j.TypeConverter   TypeConverter: FieldReference: this.bankAccounts; 
28058      DEBUG Thread-3        d.u.i.k.j.TypeConverter   typeconverter: (prefix this;, class class de.uka.ilkd.key.java.reference.ThisReference) 
28100      DEBUG Thread-3        d.u.i.k.j.TypeConverter   typeconverter: (prefix this;, class class de.uka.ilkd.key.java.reference.ThisReference) 
28105      DEBUG Thread-3        d.u.i.k.j.TypeConverter   typeconverter: (prefix this;, class class de.uka.ilkd.key.java.reference.ThisReference) 
28184      DEBUG Thread-3        d.u.i.k.j.TypeConverter   typeconverter: (prefix this;, class class de.uka.ilkd.key.java.reference.ThisReference) 
28216      DEBUG Thread-3        d.u.i.k.j.TypeConverter   typeconverter: (prefix this;, class class de.uka.ilkd.key.java.reference.ThisReference) 
28246      DEBUG Thread-3        d.u.i.k.j.TypeConverter   typeconverter: (prefix this;, class class de.uka.ilkd.key.java.reference.ThisReference) 
28261      DEBUG Thread-3        d.u.i.k.j.TypeConverter   TypeConverter: FieldReference: this.bankAccounts.length; 
28261      DEBUG Thread-3        d.u.i.k.j.TypeConverter   typeconverter: (prefix this.bankAccounts;, class class de.uka.ilkd.key.java.reference.FieldReference) 
28261      DEBUG Thread-3        d.u.i.k.j.TypeConverter   TypeConverter: FieldReference: this.bankAccounts; 
28262      DEBUG Thread-3        d.u.i.k.j.TypeConverter   typeconverter: (prefix this;, class class de.uka.ilkd.key.java.reference.ThisReference) 
28262      DEBUG Thread-3        d.u.i.k.j.TypeConverter   TypeConverter: FieldReference: this.bankAccounts; 
28263      DEBUG Thread-3        d.u.i.k.j.TypeConverter   typeconverter: (prefix this;, class class de.uka.ilkd.key.java.reference.ThisReference) 
28263      DEBUG Thread-3        d.u.i.k.j.TypeConverter   TypeConverter: FieldReference: this.bankAccounts[0].customerViewOnBankAccount; 
28263      DEBUG Thread-3        d.u.i.k.j.TypeConverter   typeconverter: (prefix this.bankAccounts[0];, class class de.uka.ilkd.key.java.reference.ArrayReference) 
28263      DEBUG Thread-3        d.u.i.k.j.TypeConverter   TypeConverter: FieldReference: this.bankAccounts; 
28263      DEBUG Thread-3        d.u.i.k.j.TypeConverter   typeconverter: (prefix this;, class class de.uka.ilkd.key.java.reference.ThisReference) 
28303      DEBUG Thread-3        d.u.i.k.j.TypeConverter   typeconverter: (prefix this;, class class de.uka.ilkd.key.java.reference.ThisReference) 
28309      DEBUG Thread-3        d.u.i.k.j.TypeConverter   typeconverter: (prefix this;, class class de.uka.ilkd.key.java.reference.ThisReference) 
33773      DEBUG Thread-3        d.u.i.k.j.TypeConverter   typeconverter: (prefix this;, class class de.uka.ilkd.key.java.reference.ThisReference) 
34236      INFO  main            d.u.i.k.p.r.p.TestFile    ... finished proof: closed. 
34451      DEBUG main            d.u.i.k.s.TermLabelSettings TermLabelSettings: Failure while reading the setting "UseOriginLabels".Using the default value: true.The string read was: null 
34451      INFO  main            d.u.i.k.p.r.p.TestFile    Now processing file /home/runner/work/key/key/key.core/../key.ui/examples/InformationFlow/ToyBanking/banking_example.UserAccount(java.lang.Object___inv_()).JML accessible clause.0.key 
34452      DEBUG main            d.u.i.k.p.i.KeYFile       Reading KeY file /home/runner/work/key/key/key.core/../key.ui/examples/InformationFlow/ToyBanking/banking_example.UserAccount(java.lang.Object___inv_()).JML accessible clause.0.key 
35452      DEBUG main            d.u.i.k.j.Recoder2KeY     converting now /home/runner/work/key/key/key.core/../key.ui/examples/InformationFlow/ToyBanking/src/banking_example/UserAccount.java 
35456      DEBUG main            d.u.i.k.j.Recoder2KeY     converting now /home/runner/work/key/key/key.core/../key.ui/examples/InformationFlow/ToyBanking/src/banking_example/Bank.java 
35457      DEBUG main            d.u.i.k.j.Recoder2KeY     converting now /home/runner/work/key/key/key.core/../key.ui/examples/InformationFlow/ToyBanking/src/banking_example/BankAccount.java 
35463      DEBUG main            d.u.i.k.s.TermLabelSettings TermLabelSettings: Failure while reading the setting "UseOriginLabels".Using the default value: true.The string read was: null 
35465      DEBUG main            d.u.i.k.p.i.KeYFile       Reading KeY file file:/home/runner/work/key/key/key.core/build/resources/main/de/uka/ilkd/key/java/JavaRedux/java/lang/String.key 
37419      DEBUG main            d.u.i.k.p.i.KeYFile       Reading KeY file /home/runner/work/key/key/key.core/../key.ui/examples/InformationFlow/ToyBanking/banking_example.UserAccount(java.lang.Object___inv_()).JML accessible clause.0.key 
42501      INFO  main            d.u.i.k.p.r.p.TestFile    ... finished proof: closed. 
42674      DEBUG main            d.u.i.k.s.TermLabelSettings TermLabelSettings: Failure while reading the setting "UseOriginLabels".Using the default value: true.The string read was: null 
42674      INFO  main            d.u.i.k.p.r.p.TestFile    Now processing file /home/runner/work/key/key/key.core/../key.ui/examples/InformationFlow/ToyBanking/banking_example.BankAccount(banking_example.BankAccount__depositMoney(int)).JML normal_behavior operation contract.0.key 
42675      DEBUG main            d.u.i.k.p.i.KeYFile       Reading KeY file /home/runner/work/key/key/key.core/../key.ui/examples/InformationFlow/ToyBanking/banking_example.BankAccount(banking_example.BankAccount__depositMoney(int)).JML normal_behavior operation contract.0.key 
43601      DEBUG main            d.u.i.k.j.Recoder2KeY     converting now /home/runner/work/key/key/key.core/../key.ui/examples/InformationFlow/ToyBanking/src/banking_example/UserAccount.java 
43603      DEBUG main            d.u.i.k.j.Recoder2KeY     converting now /home/runner/work/key/key/key.core/../key.ui/examples/InformationFlow/ToyBanking/src/banking_example/Bank.java 
43604      DEBUG main            d.u.i.k.j.Recoder2KeY     converting now /home/runner/work/key/key/key.core/../key.ui/examples/InformationFlow/ToyBanking/src/banking_example/BankAccount.java 
43609      DEBUG main            d.u.i.k.s.TermLabelSettings TermLabelSettings: Failure while reading the setting "UseOriginLabels".Using the default value: true.The string read was: null 
43611      DEBUG main            d.u.i.k.p.i.KeYFile       Reading KeY file file:/home/runner/work/key/key/key.core/build/resources/main/de/uka/ilkd/key/java/JavaRedux/java/lang/String.key 
45532      DEBUG main            d.u.i.k.p.i.KeYFile       Reading KeY file /home/runner/work/key/key/key.core/../key.ui/examples/InformationFlow/ToyBanking/banking_example.BankAccount(banking_example.BankAccount__depositMoney(int)).JML normal_behavior operation contract.0.key 
45553      DEBUG Thread-7        d.u.i.k.j.TypeConverter   typeconverter: (prefix this;, class class de.uka.ilkd.key.java.reference.ThisReference) 
45561      DEBUG Thread-7        d.u.i.k.j.TypeConverter   typeconverter: (prefix this;, class class de.uka.ilkd.key.java.reference.ThisReference) 
45573      DEBUG Thread-7        d.u.i.k.j.TypeConverter   typeconverter: (prefix this;, class class de.uka.ilkd.key.java.reference.ThisReference) 
45589      DEBUG Thread-7        d.u.i.k.j.TypeConverter   typeconverter: (prefix this;, class class de.uka.ilkd.key.java.reference.ThisReference) 
45600      DEBUG Thread-7        d.u.i.k.j.TypeConverter   typeconverter: (prefix this;, class class de.uka.ilkd.key.java.reference.ThisReference) 
45604      DEBUG Thread-7        d.u.i.k.j.TypeConverter   typeconverter: (prefix this;, class class de.uka.ilkd.key.java.reference.ThisReference) 
45835      INFO  main            d.u.i.k.p.r.p.TestFile    ... finished proof: closed. 
46000      DEBUG main            d.u.i.k.s.TermLabelSettings TermLabelSettings: Failure while reading the setting "UseOriginLabels".Using the default value: true.The string read was: null 
46000      INFO  main            d.u.i.k.p.r.p.TestFile    Now processing file /home/runner/work/key/key/key.core/../key.ui/examples/InformationFlow/ToyBanking/banking_example.BankAccount(banking_example.BankAccount__getBalance()).JML normal_behavior operation contract.0.key 
46001      DEBUG main            d.u.i.k.p.i.KeYFile       Reading KeY file /home/runner/work/key/key/key.core/../key.ui/examples/InformationFlow/ToyBanking/banking_example.BankAccount(banking_example.BankAccount__getBalance()).JML normal_behavior operation contract.0.key 
46911      DEBUG main            d.u.i.k.j.Recoder2KeY     converting now /home/runner/work/key/key/key.core/../key.ui/examples/InformationFlow/ToyBanking/src/banking_example/UserAccount.java 
46913      DEBUG main            d.u.i.k.j.Recoder2KeY     converting now /home/runner/work/key/key/key.core/../key.ui/examples/InformationFlow/ToyBanking/src/banking_example/Bank.java 
46915      DEBUG main            d.u.i.k.j.Recoder2KeY     converting now /home/runner/work/key/key/key.core/../key.ui/examples/InformationFlow/ToyBanking/src/banking_example/BankAccount.java 
46920      DEBUG main            d.u.i.k.s.TermLabelSettings TermLabelSettings: Failure while reading the setting "UseOriginLabels".Using the default value: true.The string read was: null 
46925      DEBUG main            d.u.i.k.p.i.KeYFile       Reading KeY file file:/home/runner/work/key/key/key.core/build/resources/main/de/uka/ilkd/key/java/JavaRedux/java/lang/String.key 
48843      DEBUG main            d.u.i.k.p.i.KeYFile       Reading KeY file /home/runner/work/key/key/key.core/../key.ui/examples/InformationFlow/ToyBanking/banking_example.BankAccount(banking_example.BankAccount__getBalance()).JML normal_behavior operation contract.0.key 
48857      DEBUG Thread-9        d.u.i.k.j.TypeConverter   typeconverter: (prefix this;, class class de.uka.ilkd.key.java.reference.ThisReference) 
48948      INFO  main            d.u.i.k.p.r.p.TestFile    ... finished proof: closed. 
49094      DEBUG main            d.u.i.k.s.TermLabelSettings TermLabelSettings: Failure while reading the setting "UseOriginLabels".Using the default value: true.The string read was: null 
49094      INFO  main            d.u.i.k.p.r.p.TestFile    Now processing file /home/runner/work/key/key/key.core/../key.ui/examples/InformationFlow/ToyBanking/banking_example.BankAccount(banking_example.BankAccount__getId()).JML normal_behavior operation contract.0.key 
49094      DEBUG main            d.u.i.k.p.i.KeYFile       Reading KeY file /home/runner/work/key/key/key.core/../key.ui/examples/InformationFlow/ToyBanking/banking_example.BankAccount(banking_example.BankAccount__getId()).JML normal_behavior operation contract.0.key 
50042      DEBUG main            d.u.i.k.j.Recoder2KeY     converting now /home/runner/work/key/key/key.core/../key.ui/examples/InformationFlow/ToyBanking/src/banking_example/UserAccount.java 
50045      DEBUG main            d.u.i.k.j.Recoder2KeY     converting now /home/runner/work/key/key/key.core/../key.ui/examples/InformationFlow/ToyBanking/src/banking_example/Bank.java 
50046      DEBUG main            d.u.i.k.j.Recoder2KeY     converting now /home/runner/work/key/key/key.core/../key.ui/examples/InformationFlow/ToyBanking/src/banking_example/BankAccount.java 
50051      DEBUG main            d.u.i.k.s.TermLabelSettings TermLabelSettings: Failure while reading the setting "UseOriginLabels".Using the default value: true.The string read was: null 
50053      DEBUG main            d.u.i.k.p.i.KeYFile       Reading KeY file file:/home/runner/work/key/key/key.core/build/resources/main/de/uka/ilkd/key/java/JavaRedux/java/lang/String.key 
51942      DEBUG main            d.u.i.k.p.i.KeYFile       Reading KeY file /home/runner/work/key/key/key.core/../key.ui/examples/InformationFlow/ToyBanking/banking_example.BankAccount(banking_example.BankAccount__getId()).JML normal_behavior operation contract.0.key 
51953      DEBUG Thread-11       d.u.i.k.j.TypeConverter   typeconverter: (prefix this;, class class de.uka.ilkd.key.java.reference.ThisReference) 
52044      INFO  main            d.u.i.k.p.r.p.TestFile    ... finished proof: closed. 
52187      DEBUG main            d.u.i.k.s.TermLabelSettings TermLabelSettings: Failure while reading the setting "UseOriginLabels".Using the default value: true.The string read was: null 
52187      INFO  main            d.u.i.k.p.r.p.TestFile    Now processing file /home/runner/work/key/key/key.core/../key.ui/examples/InformationFlow/ToyBanking/banking_example.Bank(banking_example.Bank__login(int,(C)).JML normal_behavior operation contract.0.key 
52189      DEBUG main            d.u.i.k.p.i.KeYFile       Reading KeY file /home/runner/work/key/key/key.core/../key.ui/examples/InformationFlow/ToyBanking/banking_example.Bank(banking_example.Bank__login(int,(C)).JML normal_behavior operation contract.0.key 
53108      DEBUG main            d.u.i.k.j.Recoder2KeY     converting now /home/runner/work/key/key/key.core/../key.ui/examples/InformationFlow/ToyBanking/src/banking_example/UserAccount.java 
53110      DEBUG main            d.u.i.k.j.Recoder2KeY     converting now /home/runner/work/key/key/key.core/../key.ui/examples/InformationFlow/ToyBanking/src/banking_example/Bank.java 
53112      DEBUG main            d.u.i.k.j.Recoder2KeY     converting now /home/runner/work/key/key/key.core/../key.ui/examples/InformationFlow/ToyBanking/src/banking_example/BankAccount.java 
53117      DEBUG main            d.u.i.k.s.TermLabelSettings TermLabelSettings: Failure while reading the setting "UseOriginLabels".Using the default value: true.The string read was: null 
53119      DEBUG main            d.u.i.k.p.i.KeYFile       Reading KeY file file:/home/runner/work/key/key/key.core/build/resources/main/de/uka/ilkd/key/java/JavaRedux/java/lang/String.key 
55036      DEBUG main            d.u.i.k.p.i.KeYFile       Reading KeY file /home/runner/work/key/key/key.core/../key.ui/examples/InformationFlow/ToyBanking/banking_example.Bank(banking_example.Bank__login(int,(C)).JML normal_behavior operation contract.0.key 
55178      DEBUG Thread-13       d.u.i.k.j.TypeConverter   typeconverter: (prefix this;, class class de.uka.ilkd.key.java.reference.ThisReference) 
55212      DEBUG Thread-13       d.u.i.k.j.TypeConverter   typeconverter: (prefix this;, class class de.uka.ilkd.key.java.reference.ThisReference) 
59347      DEBUG Thread-13       d.u.i.k.j.TypeConverter   typeconverter: (prefix this;, class class de.uka.ilkd.key.java.reference.ThisReference) 
61154      INFO  main            d.u.i.k.p.r.p.TestFile    ... finished proof: closed. 
61363      DEBUG main            d.u.i.k.s.TermLabelSettings TermLabelSettings: Failure while reading the setting "UseOriginLabels".Using the default value: true.The string read was: null 
61363      INFO  main            d.u.i.k.p.r.p.TestFile    Now processing file /home/runner/work/key/key/key.core/../key.ui/examples/InformationFlow/ToyBanking/banking_example2.UserAccount(banking_example2.UserAccount__getBankAccount(int)).JML normal_behavior operation contract.0.key 
61363      DEBUG main            d.u.i.k.p.i.KeYFile       Reading KeY file /home/runner/work/key/key/key.core/../key.ui/examples/InformationFlow/ToyBanking/banking_example2.UserAccount(banking_example2.UserAccount__getBankAccount(int)).JML normal_behavior operation contract.0.key 
62257      DEBUG main            d.u.i.k.j.Recoder2KeY     converting now /home/runner/work/key/key/key.core/../key.ui/examples/InformationFlow/ToyBanking/src/banking_example2/UserAccount.java 
62260      DEBUG main            d.u.i.k.j.Recoder2KeY     converting now /home/runner/work/key/key/key.core/../key.ui/examples/InformationFlow/ToyBanking/src/banking_example2/Bank.java 
62261      DEBUG main            d.u.i.k.j.Recoder2KeY     converting now /home/runner/work/key/key/key.core/../key.ui/examples/InformationFlow/ToyBanking/src/banking_example2/BankAccount.java 
62266      DEBUG main            d.u.i.k.s.TermLabelSettings TermLabelSettings: Failure while reading the setting "UseOriginLabels".Using the default value: true.The string read was: null 
62268      DEBUG main            d.u.i.k.p.i.KeYFile       Reading KeY file file:/home/runner/work/key/key/key.core/build/resources/main/de/uka/ilkd/key/java/JavaRedux/java/lang/String.key 
64131      DEBUG main            d.u.i.k.p.i.KeYFile       Reading KeY file /home/runner/work/key/key/key.core/../key.ui/examples/InformationFlow/ToyBanking/banking_example2.UserAccount(banking_example2.UserAccount__getBankAccount(int)).JML normal_behavior operation contract.0.key 
64285      DEBUG Thread-15       d.u.i.k.j.TypeConverter   typeconverter: (prefix this;, class class de.uka.ilkd.key.java.reference.ThisReference) 
64314      DEBUG Thread-15       d.u.i.k.j.TypeConverter   typeconverter: (prefix this;, class class de.uka.ilkd.key.java.reference.ThisReference) 
64536      INFO  main            d.u.i.k.p.r.p.TestFile    ... finished proof: closed. 
64696      DEBUG main            d.u.i.k.s.TermLabelSettings TermLabelSettings: Failure while reading the setting "UseOriginLabels".Using the default value: true.The string read was: null 
64696      INFO  main            d.u.i.k.p.r.p.TestFile    Now processing file /home/runner/work/key/key/key.core/../key.ui/examples/InformationFlow/ToyBanking/banking_example2.UserAccount(banking_example2.UserAccount__tryLogin(int,(C)).JML normal_behavior operation contract.0.key 
64697      DEBUG main            d.u.i.k.p.i.KeYFile       Reading KeY file /home/runner/work/key/key/key.core/../key.ui/examples/InformationFlow/ToyBanking/banking_example2.UserAccount(banking_example2.UserAccount__tryLogin(int,(C)).JML normal_behavior operation contract.0.key 
65578      DEBUG main            d.u.i.k.j.Recoder2KeY     converting now /home/runner/work/key/key/key.core/../key.ui/examples/InformationFlow/ToyBanking/src/banking_example2/UserAccount.java 
65581      DEBUG main            d.u.i.k.j.Recoder2KeY     converting now /home/runner/work/key/key/key.core/../key.ui/examples/InformationFlow/ToyBanking/src/banking_example2/Bank.java 
65582      DEBUG main            d.u.i.k.j.Recoder2KeY     converting now /home/runner/work/key/key/key.core/../key.ui/examples/InformationFlow/ToyBanking/src/banking_example2/BankAccount.java 
65587      DEBUG main            d.u.i.k.s.TermLabelSettings TermLabelSettings: Failure while reading the setting "UseOriginLabels".Using the default value: true.The string read was: null 
65588      DEBUG main            d.u.i.k.p.i.KeYFile       Reading KeY file file:/home/runner/work/key/key/key.core/build/resources/main/de/uka/ilkd/key/java/JavaRedux/java/lang/String.key 
67427      DEBUG main            d.u.i.k.p.i.KeYFile       Reading KeY file /home/runner/work/key/key/key.core/../key.ui/examples/InformationFlow/ToyBanking/banking_example2.UserAccount(banking_example2.UserAccount__tryLogin(int,(C)).JML normal_behavior operation contract.0.key 
67537      DEBUG Thread-17       d.u.i.k.j.TypeConverter   typeconverter: (prefix this;, class class de.uka.ilkd.key.java.reference.ThisReference) 
67574      DEBUG Thread-17       d.u.i.k.j.TypeConverter   typeconverter: (prefix this;, class class de.uka.ilkd.key.java.reference.ThisReference) 
67614      DEBUG Thread-17       d.u.i.k.r.m.WhileLoopTransformation While-Loop-Tranform-Result: {
  int i = 0;
  while (i < _password.length && pwdCorrect) {
    {
      pwdCorrect = (this.password[i] == _password[i]);
    }
    i++;
  }
} 
67635      DEBUG Thread-17       d.u.i.k.r.m.WhileLoopTransformation While-Loop-Tranform-Result: try {
  {
    if (i < _password.length && pwdCorrect) {
      {
        pwdCorrect = (this.password[i] == _password[i]);
      }
      i++;
    }
  }
} catch (java.lang.Throwable e#4) {
  exc#3 = true;
  thrownExc#5 = e#4;
} 
67901      DEBUG Thread-17       d.u.i.k.j.TypeConverter   typeconverter: (prefix this;, class class de.uka.ilkd.key.java.reference.ThisReference) 
67935      DEBUG Thread-17       d.u.i.k.j.TypeConverter   typeconverter: (prefix this;, class class de.uka.ilkd.key.java.reference.ThisReference) 
68023      DEBUG Thread-17       d.u.i.k.j.TypeConverter   typeconverter: (prefix this;, class class de.uka.ilkd.key.java.reference.ThisReference) 
68046      DEBUG Thread-17       d.u.i.k.j.TypeConverter   typeconverter: (prefix this;, class class de.uka.ilkd.key.java.reference.ThisReference) 
68069      DEBUG Thread-17       d.u.i.k.j.TypeConverter   typeconverter: (prefix this;, class class de.uka.ilkd.key.java.reference.ThisReference) 
68093      DEBUG Thread-17       d.u.i.k.j.TypeConverter   typeconverter: (prefix this;, class class de.uka.ilkd.key.java.reference.ThisReference) 
68103      DEBUG Thread-17       d.u.i.k.j.TypeConverter   TypeConverter: FieldReference: this.password.length; 
68103      DEBUG Thread-17       d.u.i.k.j.TypeConverter   typeconverter: (prefix this.password;, class class de.uka.ilkd.key.java.reference.FieldReference) 
68103      DEBUG Thread-17       d.u.i.k.j.TypeConverter   TypeConverter: FieldReference: this.password; 
68103      DEBUG Thread-17       d.u.i.k.j.TypeConverter   typeconverter: (prefix this;, class class de.uka.ilkd.key.java.reference.ThisReference) 
68104      DEBUG Thread-17       d.u.i.k.j.TypeConverter   TypeConverter: FieldReference: this.password; 
68104      DEBUG Thread-17       d.u.i.k.j.TypeConverter   typeconverter: (prefix this;, class class de.uka.ilkd.key.java.reference.ThisReference) 
68104      DEBUG Thread-17       d.u.i.k.j.TypeConverter   TypeConverter: FieldReference: this.bankAccounts.length; 
68104      DEBUG Thread-17       d.u.i.k.j.TypeConverter   typeconverter: (prefix this.bankAccounts;, class class de.uka.ilkd.key.java.reference.FieldReference) 
68104      DEBUG Thread-17       d.u.i.k.j.TypeConverter   TypeConverter: FieldReference: this.bankAccounts; 
68104      DEBUG Thread-17       d.u.i.k.j.TypeConverter   typeconverter: (prefix this;, class class de.uka.ilkd.key.java.reference.ThisReference) 
68104      DEBUG Thread-17       d.u.i.k.j.TypeConverter   TypeConverter: FieldReference: this.bankAccounts; 
68104      DEBUG Thread-17       d.u.i.k.j.TypeConverter   typeconverter: (prefix this;, class class de.uka.ilkd.key.java.reference.ThisReference) 
68104      DEBUG Thread-17       d.u.i.k.j.TypeConverter   TypeConverter: FieldReference: this.bankAccounts[0].customerViewOnBankAccount; 
68104      DEBUG Thread-17       d.u.i.k.j.TypeConverter   typeconverter: (prefix this.bankAccounts[0];, class class de.uka.ilkd.key.java.reference.ArrayReference) 
68104      DEBUG Thread-17       d.u.i.k.j.TypeConverter   TypeConverter: FieldReference: this.bankAccounts; 
68104      DEBUG Thread-17       d.u.i.k.j.TypeConverter   typeconverter: (prefix this;, class class de.uka.ilkd.key.java.reference.ThisReference) 
68134      DEBUG Thread-17       d.u.i.k.j.TypeConverter   typeconverter: (prefix this;, class class de.uka.ilkd.key.java.reference.ThisReference) 
68140      DEBUG Thread-17       d.u.i.k.j.TypeConverter   typeconverter: (prefix this;, class class de.uka.ilkd.key.java.reference.ThisReference) 
68169      DEBUG Thread-17       d.u.i.k.j.TypeConverter   typeconverter: (prefix this;, class class de.uka.ilkd.key.java.reference.ThisReference) 
68201      DEBUG Thread-17       d.u.i.k.j.TypeConverter   typeconverter: (prefix this;, class class de.uka.ilkd.key.java.reference.ThisReference) 
68234      DEBUG Thread-17       d.u.i.k.j.TypeConverter   typeconverter: (prefix this;, class class de.uka.ilkd.key.java.reference.ThisReference) 
68251      DEBUG Thread-17       d.u.i.k.j.TypeConverter   TypeConverter: FieldReference: this.bankAccounts.length; 
68251      DEBUG Thread-17       d.u.i.k.j.TypeConverter   typeconverter: (prefix this.bankAccounts;, class class de.uka.ilkd.key.java.reference.FieldReference) 
68251      DEBUG Thread-17       d.u.i.k.j.TypeConverter   TypeConverter: FieldReference: this.bankAccounts; 
68251      DEBUG Thread-17       d.u.i.k.j.TypeConverter   typeconverter: (prefix this;, class class de.uka.ilkd.key.java.reference.ThisReference) 
68251      DEBUG Thread-17       d.u.i.k.j.TypeConverter   TypeConverter: FieldReference: this.bankAccounts; 
68251      DEBUG Thread-17       d.u.i.k.j.TypeConverter   typeconverter: (prefix this;, class class de.uka.ilkd.key.java.reference.ThisReference) 
68251      DEBUG Thread-17       d.u.i.k.j.TypeConverter   TypeConverter: FieldReference: this.bankAccounts[0].customerViewOnBankAccount; 
68251      DEBUG Thread-17       d.u.i.k.j.TypeConverter   typeconverter: (prefix this.bankAccounts[0];, class class de.uka.ilkd.key.java.reference.ArrayReference) 
68251      DEBUG Thread-17       d.u.i.k.j.TypeConverter   TypeConverter: FieldReference: this.bankAccounts; 
68251      DEBUG Thread-17       d.u.i.k.j.TypeConverter   typeconverter: (prefix this;, class class de.uka.ilkd.key.java.reference.ThisReference) 
68293      DEBUG Thread-17       d.u.i.k.j.TypeConverter   typeconverter: (prefix this;, class class de.uka.ilkd.key.java.reference.ThisReference) 
68300      DEBUG Thread-17       d.u.i.k.j.TypeConverter   typeconverter: (prefix this;, class class de.uka.ilkd.key.java.reference.ThisReference) 
73783      DEBUG Thread-17       d.u.i.k.j.TypeConverter   typeconverter: (prefix this;, class class de.uka.ilkd.key.java.reference.ThisReference) 
73795      DEBUG Thread-17       d.u.i.k.j.TypeConverter   typeconverter: (prefix this;, class class de.uka.ilkd.key.java.reference.ThisReference) 
73815      DEBUG Thread-17       d.u.i.k.j.TypeConverter   typeconverter: (prefix this;, class class de.uka.ilkd.key.java.reference.ThisReference) 
73840      DEBUG Thread-17       d.u.i.k.j.TypeConverter   typeconverter: (prefix this;, class class de.uka.ilkd.key.java.reference.ThisReference) 
73900      DEBUG Thread-17       d.u.i.k.j.TypeConverter   typeconverter: (prefix this;, class class de.uka.ilkd.key.java.reference.ThisReference) 
73926      DEBUG Thread-17       d.u.i.k.j.TypeConverter   typeconverter: (prefix this;, class class de.uka.ilkd.key.java.reference.ThisReference) 
73938      DEBUG Thread-17       d.u.i.k.j.TypeConverter   TypeConverter: FieldReference: this.password.length; 
73938      DEBUG Thread-17       d.u.i.k.j.TypeConverter   typeconverter: (prefix this.password;, class class de.uka.ilkd.key.java.reference.FieldReference) 
73938      DEBUG Thread-17       d.u.i.k.j.TypeConverter   TypeConverter: FieldReference: this.password; 
73938      DEBUG Thread-17       d.u.i.k.j.TypeConverter   typeconverter: (prefix this;, class class de.uka.ilkd.key.java.reference.ThisReference) 
73938      DEBUG Thread-17       d.u.i.k.j.TypeConverter   TypeConverter: FieldReference: this.password; 
73938      DEBUG Thread-17       d.u.i.k.j.TypeConverter   typeconverter: (prefix this;, class class de.uka.ilkd.key.java.reference.ThisReference) 
73938      DEBUG Thread-17       d.u.i.k.j.TypeConverter   TypeConverter: FieldReference: this.bankAccounts.length; 
73938      DEBUG Thread-17       d.u.i.k.j.TypeConverter   typeconverter: (prefix this.bankAccounts;, class class de.uka.ilkd.key.java.reference.FieldReference) 
73938      DEBUG Thread-17       d.u.i.k.j.TypeConverter   TypeConverter: FieldReference: this.bankAccounts; 
73938      DEBUG Thread-17       d.u.i.k.j.TypeConverter   typeconverter: (prefix this;, class class de.uka.ilkd.key.java.reference.ThisReference) 
73938      DEBUG Thread-17       d.u.i.k.j.TypeConverter   TypeConverter: FieldReference: this.bankAccounts; 
73938      DEBUG Thread-17       d.u.i.k.j.TypeConverter   typeconverter: (prefix this;, class class de.uka.ilkd.key.java.reference.ThisReference) 
73938      DEBUG Thread-17       d.u.i.k.j.TypeConverter   TypeConverter: FieldReference: this.bankAccounts[0].customerViewOnBankAccount; 
73938      DEBUG Thread-17       d.u.i.k.j.TypeConverter   typeconverter: (prefix this.bankAccounts[0];, class class de.uka.ilkd.key.java.reference.ArrayReference) 
73938      DEBUG Thread-17       d.u.i.k.j.TypeConverter   TypeConverter: FieldReference: this.bankAccounts; 
73938      DEBUG Thread-17       d.u.i.k.j.TypeConverter   typeconverter: (prefix this;, class class de.uka.ilkd.key.java.reference.ThisReference) 
73984      DEBUG Thread-17       d.u.i.k.j.TypeConverter   typeconverter: (prefix this;, class class de.uka.ilkd.key.java.reference.ThisReference) 
73990      DEBUG Thread-17       d.u.i.k.j.TypeConverter   typeconverter: (prefix this;, class class de.uka.ilkd.key.java.reference.ThisReference) 
74018      DEBUG Thread-17       d.u.i.k.j.TypeConverter   typeconverter: (prefix this;, class class de.uka.ilkd.key.java.reference.ThisReference) 
74054      DEBUG Thread-17       d.u.i.k.j.TypeConverter   typeconverter: (prefix this;, class class de.uka.ilkd.key.java.reference.ThisReference) 
74089      DEBUG Thread-17       d.u.i.k.j.TypeConverter   typeconverter: (prefix this;, class class de.uka.ilkd.key.java.reference.ThisReference) 
74108      DEBUG Thread-17       d.u.i.k.j.TypeConverter   TypeConverter: FieldReference: this.bankAccounts.length; 
74108      DEBUG Thread-17       d.u.i.k.j.TypeConverter   typeconverter: (prefix this.bankAccounts;, class class de.uka.ilkd.key.java.reference.FieldReference) 
74108      DEBUG Thread-17       d.u.i.k.j.TypeConverter   TypeConverter: FieldReference: this.bankAccounts; 
74108      DEBUG Thread-17       d.u.i.k.j.TypeConverter   typeconverter: (prefix this;, class class de.uka.ilkd.key.java.reference.ThisReference) 
74108      DEBUG Thread-17       d.u.i.k.j.TypeConverter   TypeConverter: FieldReference: this.bankAccounts; 
74108      DEBUG Thread-17       d.u.i.k.j.TypeConverter   typeconverter: (prefix this;, class class de.uka.ilkd.key.java.reference.ThisReference) 
74108      DEBUG Thread-17       d.u.i.k.j.TypeConverter   TypeConverter: FieldReference: this.bankAccounts[0].customerViewOnBankAccount; 
74108      DEBUG Thread-17       d.u.i.k.j.TypeConverter   typeconverter: (prefix this.bankAccounts[0];, class class de.uka.ilkd.key.java.reference.ArrayReference) 
74108      DEBUG Thread-17       d.u.i.k.j.TypeConverter   TypeConverter: FieldReference: this.bankAccounts; 
74108      DEBUG Thread-17       d.u.i.k.j.TypeConverter   typeconverter: (prefix this;, class class de.uka.ilkd.key.java.reference.ThisReference) 
74168      DEBUG Thread-17       d.u.i.k.j.TypeConverter   typeconverter: (prefix this;, class class de.uka.ilkd.key.java.reference.ThisReference) 
74175      DEBUG Thread-17       d.u.i.k.j.TypeConverter   typeconverter: (prefix this;, class class de.uka.ilkd.key.java.reference.ThisReference) 
80284      DEBUG Thread-17       d.u.i.k.j.TypeConverter   typeconverter: (prefix this;, class class de.uka.ilkd.key.java.reference.ThisReference) 
80325      DEBUG Thread-17       d.u.i.k.j.TypeConverter   typeconverter: (prefix this;, class class de.uka.ilkd.key.java.reference.ThisReference) 
80348      DEBUG Thread-17       d.u.i.k.j.TypeConverter   typeconverter: (prefix this;, class class de.uka.ilkd.key.java.reference.ThisReference) 
80378      DEBUG Thread-17       d.u.i.k.j.TypeConverter   typeconverter: (prefix this;, class class de.uka.ilkd.key.java.reference.ThisReference) 
80401      DEBUG Thread-17       d.u.i.k.j.TypeConverter   typeconverter: (prefix this;, class class de.uka.ilkd.key.java.reference.ThisReference) 
80411      DEBUG Thread-17       d.u.i.k.j.TypeConverter   TypeConverter: FieldReference: this.password.length; 
80411      DEBUG Thread-17       d.u.i.k.j.TypeConverter   typeconverter: (prefix this.password;, class class de.uka.ilkd.key.java.reference.FieldReference) 
80411      DEBUG Thread-17       d.u.i.k.j.TypeConverter   TypeConverter: FieldReference: this.password; 
80411      DEBUG Thread-17       d.u.i.k.j.TypeConverter   typeconverter: (prefix this;, class class de.uka.ilkd.key.java.reference.ThisReference) 
80411      DEBUG Thread-17       d.u.i.k.j.TypeConverter   TypeConverter: FieldReference: this.password; 
80412      DEBUG Thread-17       d.u.i.k.j.TypeConverter   typeconverter: (prefix this;, class class de.uka.ilkd.key.java.reference.ThisReference) 
80412      DEBUG Thread-17       d.u.i.k.j.TypeConverter   TypeConverter: FieldReference: this.bankAccounts.length; 
80412      DEBUG Thread-17       d.u.i.k.j.TypeConverter   typeconverter: (prefix this.bankAccounts;, class class de.uka.ilkd.key.java.reference.FieldReference) 
80412      DEBUG Thread-17       d.u.i.k.j.TypeConverter   TypeConverter: FieldReference: this.bankAccounts; 
80412      DEBUG Thread-17       d.u.i.k.j.TypeConverter   typeconverter: (prefix this;, class class de.uka.ilkd.key.java.reference.ThisReference) 
80412      DEBUG Thread-17       d.u.i.k.j.TypeConverter   TypeConverter: FieldReference: this.bankAccounts; 
80412      DEBUG Thread-17       d.u.i.k.j.TypeConverter   typeconverter: (prefix this;, class class de.uka.ilkd.key.java.reference.ThisReference) 
80412      DEBUG Thread-17       d.u.i.k.j.TypeConverter   TypeConverter: FieldReference: this.bankAccounts[0].customerViewOnBankAccount; 
80416      DEBUG Thread-17       d.u.i.k.j.TypeConverter   typeconverter: (prefix this.bankAccounts[0];, class class de.uka.ilkd.key.java.reference.ArrayReference) 
80417      DEBUG Thread-17       d.u.i.k.j.TypeConverter   TypeConverter: FieldReference: this.bankAccounts; 
80417      DEBUG Thread-17       d.u.i.k.j.TypeConverter   typeconverter: (prefix this;, class class de.uka.ilkd.key.java.reference.ThisReference) 
80458      DEBUG Thread-17       d.u.i.k.j.TypeConverter   typeconverter: (prefix this;, class class de.uka.ilkd.key.java.reference.ThisReference) 
80464      DEBUG Thread-17       d.u.i.k.j.TypeConverter   typeconverter: (prefix this;, class class de.uka.ilkd.key.java.reference.ThisReference) 
80492      DEBUG Thread-17       d.u.i.k.j.TypeConverter   typeconverter: (prefix this;, class class de.uka.ilkd.key.java.reference.ThisReference) 
80569      DEBUG Thread-17       d.u.i.k.j.TypeConverter   typeconverter: (prefix this;, class class de.uka.ilkd.key.java.reference.ThisReference) 
80599      DEBUG Thread-17       d.u.i.k.j.TypeConverter   typeconverter: (prefix this;, class class de.uka.ilkd.key.java.reference.ThisReference) 
80614      DEBUG Thread-17       d.u.i.k.j.TypeConverter   TypeConverter: FieldReference: this.bankAccounts.length; 
80614      DEBUG Thread-17       d.u.i.k.j.TypeConverter   typeconverter: (prefix this.bankAccounts;, class class de.uka.ilkd.key.java.reference.FieldReference) 
80615      DEBUG Thread-17       d.u.i.k.j.TypeConverter   TypeConverter: FieldReference: this.bankAccounts; 
80615      DEBUG Thread-17       d.u.i.k.j.TypeConverter   typeconverter: (prefix this;, class class de.uka.ilkd.key.java.reference.ThisReference) 
80615      DEBUG Thread-17       d.u.i.k.j.TypeConverter   TypeConverter: FieldReference: this.bankAccounts; 
80615      DEBUG Thread-17       d.u.i.k.j.TypeConverter   typeconverter: (prefix this;, class class de.uka.ilkd.key.java.reference.ThisReference) 
80615      DEBUG Thread-17       d.u.i.k.j.TypeConverter   TypeConverter: FieldReference: this.bankAccounts[0].customerViewOnBankAccount; 
80615      DEBUG Thread-17       d.u.i.k.j.TypeConverter   typeconverter: (prefix this.bankAccounts[0];, class class de.uka.ilkd.key.java.reference.ArrayReference) 
80615      DEBUG Thread-17       d.u.i.k.j.TypeConverter   TypeConverter: FieldReference: this.bankAccounts; 
80615      DEBUG Thread-17       d.u.i.k.j.TypeConverter   typeconverter: (prefix this;, class class de.uka.ilkd.key.java.reference.ThisReference) 
80656      DEBUG Thread-17       d.u.i.k.j.TypeConverter   typeconverter: (prefix this;, class class de.uka.ilkd.key.java.reference.ThisReference) 
80662      DEBUG Thread-17       d.u.i.k.j.TypeConverter   typeconverter: (prefix this;, class class de.uka.ilkd.key.java.reference.ThisReference) 
86250      DEBUG Thread-17       d.u.i.k.j.TypeConverter   typeconverter: (prefix this;, class class de.uka.ilkd.key.java.reference.ThisReference) 
86619      INFO  main            d.u.i.k.p.r.p.TestFile    ... finished proof: closed. 
86864      DEBUG main            d.u.i.k.s.TermLabelSettings TermLabelSettings: Failure while reading the setting "UseOriginLabels".Using the default value: true.The string read was: null 
86864      INFO  main            d.u.i.k.p.r.p.TestFile    Now processing file /home/runner/work/key/key/key.core/../key.ui/examples/InformationFlow/ToyBanking/banking_example2.UserAccount(java.lang.Object___inv_()).JML accessible clause.0.key 
86865      DEBUG main            d.u.i.k.p.i.KeYFile       Reading KeY file /home/runner/work/key/key/key.core/../key.ui/examples/InformationFlow/ToyBanking/banking_example2.UserAccount(java.lang.Object___inv_()).JML accessible clause.0.key 
87749      DEBUG main            d.u.i.k.j.Recoder2KeY     converting now /home/runner/work/key/key/key.core/../key.ui/examples/InformationFlow/ToyBanking/src/banking_example2/UserAccount.java 
87751      DEBUG main            d.u.i.k.j.Recoder2KeY     converting now /home/runner/work/key/key/key.core/../key.ui/examples/InformationFlow/ToyBanking/src/banking_example2/Bank.java 
87752      DEBUG main            d.u.i.k.j.Recoder2KeY     converting now /home/runner/work/key/key/key.core/../key.ui/examples/InformationFlow/ToyBanking/src/banking_example2/BankAccount.java 
87757      DEBUG main            d.u.i.k.s.TermLabelSettings TermLabelSettings: Failure while reading the setting "UseOriginLabels".Using the default value: true.The string read was: null 
87758      DEBUG main            d.u.i.k.p.i.KeYFile       Reading KeY file file:/home/runner/work/key/key/key.core/build/resources/main/de/uka/ilkd/key/java/JavaRedux/java/lang/String.key 
89550      DEBUG main            d.u.i.k.p.i.KeYFile       Reading KeY file /home/runner/work/key/key/key.core/../key.ui/examples/InformationFlow/ToyBanking/banking_example2.UserAccount(java.lang.Object___inv_()).JML accessible clause.0.key 
92262      INFO  main            d.u.i.k.p.r.p.TestFile    ... finished proof: open goal(s) 
92463      DEBUG main            d.u.i.k.s.TermLabelSettings TermLabelSettings: Failure while reading the setting "UseOriginLabels".Using the default value: true.The string read was: null 
92463      INFO  main            d.u.i.k.p.r.p.TestFile    Now processing file /home/runner/work/key/key/key.core/../key.ui/examples/InformationFlow/ToyBanking/banking_example2.BankAccount(banking_example2.BankAccount__depositMoney(int)).JML normal_behavior operation contract.0.key 
92463      DEBUG main            d.u.i.k.p.i.KeYFile       Reading KeY file /home/runner/work/key/key/key.core/../key.ui/examples/InformationFlow/ToyBanking/banking_example2.BankAccount(banking_example2.BankAccount__depositMoney(int)).JML normal_behavior operation contract.0.key 
93332      DEBUG main            d.u.i.k.j.Recoder2KeY     converting now /home/runner/work/key/key/key.core/../key.ui/examples/InformationFlow/ToyBanking/src/banking_example2/UserAccount.java 
93334      DEBUG main            d.u.i.k.j.Recoder2KeY     converting now /home/runner/work/key/key/key.core/../key.ui/examples/InformationFlow/ToyBanking/src/banking_example2/Bank.java 
93335      DEBUG main            d.u.i.k.j.Recoder2KeY     converting now /home/runner/work/key/key/key.core/../key.ui/examples/InformationFlow/ToyBanking/src/banking_example2/BankAccount.java 
93340      DEBUG main            d.u.i.k.s.TermLabelSettings TermLabelSettings: Failure while reading the setting "UseOriginLabels".Using the default value: true.The string read was: null 
93341      DEBUG main            d.u.i.k.p.i.KeYFile       Reading KeY file file:/home/runner/work/key/key/key.core/build/resources/main/de/uka/ilkd/key/java/JavaRedux/java/lang/String.key 
95156      DEBUG main            d.u.i.k.p.i.KeYFile       Reading KeY file /home/runner/work/key/key/key.core/../key.ui/examples/InformationFlow/ToyBanking/banking_example2.BankAccount(banking_example2.BankAccount__depositMoney(int)).JML normal_behavior operation contract.0.key 
95175      DEBUG Thread-21       d.u.i.k.j.TypeConverter   typeconverter: (prefix this;, class class de.uka.ilkd.key.java.reference.ThisReference) 
95183      DEBUG Thread-21       d.u.i.k.j.TypeConverter   typeconverter: (prefix this;, class class de.uka.ilkd.key.java.reference.ThisReference) 
95194      DEBUG Thread-21       d.u.i.k.j.TypeConverter   typeconverter: (prefix this;, class class de.uka.ilkd.key.java.reference.ThisReference) 
95225      DEBUG Thread-21       d.u.i.k.j.TypeConverter   typeconverter: (prefix this;, class class de.uka.ilkd.key.java.reference.ThisReference) 
95236      DEBUG Thread-21       d.u.i.k.j.TypeConverter   typeconverter: (prefix this;, class class de.uka.ilkd.key.java.reference.ThisReference) 
95239      DEBUG Thread-21       d.u.i.k.j.TypeConverter   typeconverter: (prefix this;, class class de.uka.ilkd.key.java.reference.ThisReference) 
95459      INFO  main            d.u.i.k.p.r.p.TestFile    ... finished proof: closed. 
95638      DEBUG main            d.u.i.k.s.TermLabelSettings TermLabelSettings: Failure while reading the setting "UseOriginLabels".Using the default value: true.The string read was: null 
95639      INFO  main            d.u.i.k.p.r.p.TestFile    Now processing file /home/runner/work/key/key/key.core/../key.ui/examples/InformationFlow/ToyBanking/banking_example2.BankAccount(banking_example2.BankAccount__getBalance()).JML normal_behavior operation contract.0.key 
95639      DEBUG main            d.u.i.k.p.i.KeYFile       Reading KeY file /home/runner/work/key/key/key.core/../key.ui/examples/InformationFlow/ToyBanking/banking_example2.BankAccount(banking_example2.BankAccount__getBalance()).JML normal_behavior operation contract.0.key 
96503      DEBUG main            d.u.i.k.j.Recoder2KeY     converting now /home/runner/work/key/key/key.core/../key.ui/examples/InformationFlow/ToyBanking/src/banking_example2/UserAccount.java 
96507      DEBUG main            d.u.i.k.j.Recoder2KeY     converting now /home/runner/work/key/key/key.core/../key.ui/examples/InformationFlow/ToyBanking/src/banking_example2/Bank.java 
96508      DEBUG main            d.u.i.k.j.Recoder2KeY     converting now /home/runner/work/key/key/key.core/../key.ui/examples/InformationFlow/ToyBanking/src/banking_example2/BankAccount.java 
96512      DEBUG main            d.u.i.k.s.TermLabelSettings TermLabelSettings: Failure while reading the setting "UseOriginLabels".Using the default value: true.The string read was: null 
96514      DEBUG main            d.u.i.k.p.i.KeYFile       Reading KeY file file:/home/runner/work/key/key/key.core/build/resources/main/de/uka/ilkd/key/java/JavaRedux/java/lang/String.key 
98303      DEBUG main            d.u.i.k.p.i.KeYFile       Reading KeY file /home/runner/work/key/key/key.core/../key.ui/examples/InformationFlow/ToyBanking/banking_example2.BankAccount(banking_example2.BankAccount__getBalance()).JML normal_behavior operation contract.0.key 
98317      DEBUG Thread-23       d.u.i.k.j.TypeConverter   typeconverter: (prefix this;, class class de.uka.ilkd.key.java.reference.ThisReference) 
98408      INFO  main            d.u.i.k.p.r.p.TestFile    ... finished proof: closed. 
98567      DEBUG main            d.u.i.k.s.TermLabelSettings TermLabelSettings: Failure while reading the setting "UseOriginLabels".Using the default value: true.The string read was: null 
98567      INFO  main            d.u.i.k.p.r.p.TestFile    Now processing file /home/runner/work/key/key/key.core/../key.ui/examples/InformationFlow/ToyBanking/banking_example2.BankAccount(banking_example2.BankAccount__getId()).JML normal_behavior operation contract.0.key 
98567      DEBUG main            d.u.i.k.p.i.KeYFile       Reading KeY file /home/runner/work/key/key/key.core/../key.ui/examples/InformationFlow/ToyBanking/banking_example2.BankAccount(banking_example2.BankAccount__getId()).JML normal_behavior operation contract.0.key 
99451      DEBUG main            d.u.i.k.j.Recoder2KeY     converting now /home/runner/work/key/key/key.core/../key.ui/examples/InformationFlow/ToyBanking/src/banking_example2/UserAccount.java 
99453      DEBUG main            d.u.i.k.j.Recoder2KeY     converting now /home/runner/work/key/key/key.core/../key.ui/examples/InformationFlow/ToyBanking/src/banking_example2/Bank.java 
99454      DEBUG main            d.u.i.k.j.Recoder2KeY     converting now /home/runner/work/key/key/key.core/../key.ui/examples/InformationFlow/ToyBanking/src/banking_example2/BankAccount.java 
99459      DEBUG main            d.u.i.k.s.TermLabelSettings TermLabelSettings: Failure while reading the setting "UseOriginLabels".Using the default value: true.The string read was: null 
99460      DEBUG main            d.u.i.k.p.i.KeYFile       Reading KeY file file:/home/runner/work/key/key/key.core/build/resources/main/de/uka/ilkd/key/java/JavaRedux/java/lang/String.key 
101233     DEBUG main            d.u.i.k.p.i.KeYFile       Reading KeY file /home/runner/work/key/key/key.core/../key.ui/examples/InformationFlow/ToyBanking/banking_example2.BankAccount(banking_example2.BankAccount__getId()).JML normal_behavior operation contract.0.key 
101244     DEBUG Thread-25       d.u.i.k.j.TypeConverter   typeconverter: (prefix this;, class class de.uka.ilkd.key.java.reference.ThisReference) 
101335     INFO  main            d.u.i.k.p.r.p.TestFile    ... finished proof: closed. 
101498     DEBUG main            d.u.i.k.s.TermLabelSettings TermLabelSettings: Failure while reading the setting "UseOriginLabels".Using the default value: true.The string read was: null 
101498     INFO  main            d.u.i.k.p.r.p.TestFile    Now processing file /home/runner/work/key/key/key.core/../key.ui/examples/InformationFlow/ToyBanking/banking_example2.Bank(banking_example2.Bank__login(int,(C)).JML normal_behavior operation contract.0.key 
101498     DEBUG main            d.u.i.k.p.i.KeYFile       Reading KeY file /home/runner/work/key/key/key.core/../key.ui/examples/InformationFlow/ToyBanking/banking_example2.Bank(banking_example2.Bank__login(int,(C)).JML normal_behavior operation contract.0.key 
102349     DEBUG main            d.u.i.k.j.Recoder2KeY     converting now /home/runner/work/key/key/key.core/../key.ui/examples/InformationFlow/ToyBanking/src/banking_example2/UserAccount.java 
102351     DEBUG main            d.u.i.k.j.Recoder2KeY     converting now /home/runner/work/key/key/key.core/../key.ui/examples/InformationFlow/ToyBanking/src/banking_example2/Bank.java 
102352     DEBUG main            d.u.i.k.j.Recoder2KeY     converting now /home/runner/work/key/key/key.core/../key.ui/examples/InformationFlow/ToyBanking/src/banking_example2/BankAccount.java 
102357     DEBUG main            d.u.i.k.s.TermLabelSettings TermLabelSettings: Failure while reading the setting "UseOriginLabels".Using the default value: true.The string read was: null 
102358     DEBUG main            d.u.i.k.p.i.KeYFile       Reading KeY file file:/home/runner/work/key/key/key.core/build/resources/main/de/uka/ilkd/key/java/JavaRedux/java/lang/String.key 
104164     DEBUG main            d.u.i.k.p.i.KeYFile       Reading KeY file /home/runner/work/key/key/key.core/../key.ui/examples/InformationFlow/ToyBanking/banking_example2.Bank(banking_example2.Bank__login(int,(C)).JML normal_behavior operation contract.0.key 
104260     DEBUG Thread-27       d.u.i.k.j.TypeConverter   typeconverter: (prefix this;, class class de.uka.ilkd.key.java.reference.ThisReference) 
104289     DEBUG Thread-27       d.u.i.k.j.TypeConverter   typeconverter: (prefix this;, class class de.uka.ilkd.key.java.reference.ThisReference) 
106730     DEBUG Thread-27       d.u.i.k.j.TypeConverter   typeconverter: (prefix this;, class class de.uka.ilkd.key.java.reference.ThisReference) 
107772     INFO  main            d.u.i.k.p.r.p.TestFile    ... finished proof: closed. 
160280     INFO  Test worker     d.u.i.k.p.r.RunAllProofsTestUnit Returning from test ToyBanking 
160285     INFO  Test worker     d.u.i.k.p.r.RunAllProofsTestUnit Running test BlockContracts 
403        INFO  Timeout watchdog d.u.i.k.p.r.p.ForkedTestFileRunner Timeout watcher launched (1000 secs.) 
418        WARN  main            d.u.i.k.s.ProofSettings   The settings in /home/runner/.key/proof-settings.props are *not* read. 
440        DEBUG main            d.u.i.k.s.TermLabelSettings TermLabelSettings: Failure while reading the setting "UseOriginLabels".Using the default value: true.The string read was: null 
441        INFO  main            d.u.i.k.p.r.p.TestFile    Now processing file /home/runner/work/key/key/key.core/../key.ui/examples/InformationFlow/BlockContracts/contract.IFBlockExamples(contract.IFBlockExamples__secure_5()).JML operation contract.0.key 
555        DEBUG main            d.u.i.k.p.i.KeYFile       Reading KeY file /home/runner/work/key/key/key.core/../key.ui/examples/InformationFlow/BlockContracts/contract.IFBlockExamples(contract.IFBlockExamples__secure_5()).JML operation contract.0.key 
801        DEBUG main            d.u.i.k.p.i.KeYFile       Reading KeY file file:/home/runner/work/key/key/key.core/build/resources/main/de/uka/ilkd/key/proof/rules/standardRules.key 
844        DEBUG main            d.u.i.k.p.i.KeYFile       Reading KeY file file:/home/runner/work/key/key/key.core/build/resources/main/de/uka/ilkd/key/proof/rules/ldt.key 
852        DEBUG main            d.u.i.k.p.i.KeYFile       Reading KeY file file:/home/runner/work/key/key/key.core/build/resources/main/de/uka/ilkd/key/proof/rules/boolean.key 
881        DEBUG main            d.u.i.k.p.i.KeYFile       Reading KeY file file:/home/runner/work/key/key/key.core/build/resources/main/de/uka/ilkd/key/proof/rules/ruleSetsDeclarations.key 
929        DEBUG main            d.u.i.k.p.i.KeYFile       Reading KeY file file:/home/runner/work/key/key/key.core/build/resources/main/de/uka/ilkd/key/proof/rules/integerHeader.key 
940        DEBUG main            d.u.i.k.p.i.KeYFile       Reading KeY file file:/home/runner/work/key/key/key.core/build/resources/main/de/uka/ilkd/key/proof/rules/floatHeader.key 
946        DEBUG main            d.u.i.k.p.i.KeYFile       Reading KeY file file:/home/runner/work/key/key/key.core/build/resources/main/de/uka/ilkd/key/proof/rules/heap.key 
953        DEBUG main            d.u.i.k.p.i.KeYFile       Reading KeY file file:/home/runner/work/key/key/key.core/build/resources/main/de/uka/ilkd/key/proof/rules/locSets.key 
954        DEBUG main            d.u.i.k.p.i.KeYFile       Reading KeY file file:/home/runner/work/key/key/key.core/build/resources/main/de/uka/ilkd/key/proof/rules/permission.key 
957        DEBUG main            d.u.i.k.p.i.KeYFile       Reading KeY file file:/home/runner/work/key/key/key.core/build/resources/main/de/uka/ilkd/key/proof/rules/reach.key 
957        DEBUG main            d.u.i.k.p.i.KeYFile       Reading KeY file file:/home/runner/work/key/key/key.core/build/resources/main/de/uka/ilkd/key/proof/rules/seq.key 
960        DEBUG main            d.u.i.k.p.i.KeYFile       Reading KeY file file:/home/runner/work/key/key/key.core/build/resources/main/de/uka/ilkd/key/proof/rules/map.key 
1029       DEBUG main            d.u.i.k.p.i.KeYFile       Reading KeY file file:/home/runner/work/key/key/key.core/build/resources/main/de/uka/ilkd/key/proof/rules/freeADT.key 
1030       DEBUG main            d.u.i.k.p.i.KeYFile       Reading KeY file file:/home/runner/work/key/key/key.core/build/resources/main/de/uka/ilkd/key/proof/rules/wellfound.key 
1032       DEBUG main            d.u.i.k.p.i.KeYFile       Reading KeY file file:/home/runner/work/key/key/key.core/build/resources/main/de/uka/ilkd/key/proof/rules/charListHeader.key 
1141       DEBUG main            d.u.i.k.p.i.KeYFile       Reading KeY file file:/home/runner/work/key/key/key.core/build/resources/main/de/uka/ilkd/key/proof/rules/propRule.key 
1165       DEBUG main            d.u.i.k.p.i.KeYFile       Reading KeY file file:/home/runner/work/key/key/key.core/build/resources/main/de/uka/ilkd/key/proof/rules/firstOrderRules.key 
1184       DEBUG main            d.u.i.k.p.i.KeYFile       Reading KeY file file:/home/runner/work/key/key/key.core/build/resources/main/de/uka/ilkd/key/proof/rules/ifThenElseRules.key 
1220       DEBUG main            d.u.i.k.p.i.KeYFile       Reading KeY file file:/home/runner/work/key/key/key.core/build/resources/main/de/uka/ilkd/key/proof/rules/formulaNormalisationRules.key 
1367       DEBUG main            d.u.i.k.p.i.KeYFile       Reading KeY file file:/home/runner/work/key/key/key.core/build/resources/main/de/uka/ilkd/key/proof/rules/updateRules.key 
1400       DEBUG main            d.u.i.k.p.i.KeYFile       Reading KeY file file:/home/runner/work/key/key/key.core/build/resources/main/de/uka/ilkd/key/proof/rules/integerRulesCommon.key 
1507       DEBUG main            d.u.i.k.p.i.KeYFile       Reading KeY file file:/home/runner/work/key/key/key.core/build/resources/main/de/uka/ilkd/key/proof/rules/intRules.key 
1552       DEBUG main            d.u.i.k.p.i.KeYFile       Reading KeY file file:/home/runner/work/key/key/key.core/build/resources/main/de/uka/ilkd/key/proof/rules/intRulesUncheckedSemantics.key 
1562       DEBUG main            d.u.i.k.p.i.KeYFile       Reading KeY file file:/home/runner/work/key/key/key.core/build/resources/main/de/uka/ilkd/key/proof/rules/intRulesCheckedSemantics.key 
1567       DEBUG main            d.u.i.k.p.i.KeYFile       Reading KeY file file:/home/runner/work/key/key/key.core/build/resources/main/de/uka/ilkd/key/proof/rules/intRulesJavaSemantics.key 
1577       DEBUG main            d.u.i.k.p.i.KeYFile       Reading KeY file file:/home/runner/work/key/key/key.core/build/resources/main/de/uka/ilkd/key/proof/rules/integerSimplificationRules.key 
1736       DEBUG main            d.u.i.k.j.TypeConverter   No LDT found for Meta 
1737       DEBUG main            d.u.i.k.j.TypeConverter   No LDT found for Meta 
1738       DEBUG main            d.u.i.k.j.TypeConverter   No LDT found for Meta 
1738       DEBUG main            d.u.i.k.j.TypeConverter   No LDT found for Meta 
1761       DEBUG main            d.u.i.k.p.i.KeYFile       Reading KeY file file:/home/runner/work/key/key/key.core/build/resources/main/de/uka/ilkd/key/proof/rules/intDiv.key 
1806       DEBUG main            d.u.i.k.p.i.KeYFile       Reading KeY file file:/home/runner/work/key/key/key.core/build/resources/main/de/uka/ilkd/key/proof/rules/bsum.key 
1904       DEBUG main            d.u.i.k.p.i.KeYFile       Reading KeY file file:/home/runner/work/key/key/key.core/build/resources/main/de/uka/ilkd/key/proof/rules/bprod.key 
1970       DEBUG main            d.u.i.k.p.i.KeYFile       Reading KeY file file:/home/runner/work/key/key/key.core/build/resources/main/de/uka/ilkd/key/proof/rules/binaryAxioms.key 
1974       DEBUG main            d.u.i.k.p.i.KeYFile       Reading KeY file file:/home/runner/work/key/key/key.core/build/resources/main/de/uka/ilkd/key/proof/rules/binaryLemmas.key 
1979       DEBUG main            d.u.i.k.p.i.KeYFile       Reading KeY file file:/home/runner/work/key/key/key.core/build/resources/main/de/uka/ilkd/key/proof/rules/intPow.key 
1994       DEBUG main            d.u.i.k.p.i.KeYFile       Reading KeY file file:/home/runner/work/key/key/key.core/build/resources/main/de/uka/ilkd/key/proof/rules/floatRulesCommon.key 
2014       DEBUG main            d.u.i.k.p.i.KeYFile       Reading KeY file file:/home/runner/work/key/key/key.core/build/resources/main/de/uka/ilkd/key/proof/rules/floatRules.key 
2016       DEBUG main            d.u.i.k.p.i.KeYFile       Reading KeY file file:/home/runner/work/key/key/key.core/build/resources/main/de/uka/ilkd/key/proof/rules/floatRulesVerifyNormal.key 
2016       DEBUG main            d.u.i.k.p.i.KeYFile       Reading KeY file file:/home/runner/work/key/key/key.core/build/resources/main/de/uka/ilkd/key/proof/rules/floatRulesAssumeStrictfp.key 
2035       DEBUG main            d.u.i.k.p.i.KeYFile       Reading KeY file file:/home/runner/work/key/key/key.core/build/resources/main/de/uka/ilkd/key/proof/rules/genericRules.key 
2055       DEBUG main            d.u.i.k.p.i.KeYFile       Reading KeY file file:/home/runner/work/key/key/key.core/build/resources/main/de/uka/ilkd/key/proof/rules/booleanRules.key 
2059       DEBUG main            d.u.i.k.p.i.KeYFile       Reading KeY file file:/home/runner/work/key/key/key.core/build/resources/main/de/uka/ilkd/key/proof/rules/epsilon.key 
2065       DEBUG main            d.u.i.k.p.i.KeYFile       Reading KeY file file:/home/runner/work/key/key/key.core/build/resources/main/de/uka/ilkd/key/proof/rules/locSetsRules.key 
2132       DEBUG main            d.u.i.k.p.i.KeYFile       Reading KeY file file:/home/runner/work/key/key/key.core/build/resources/main/de/uka/ilkd/key/proof/rules/heapRules.key 
2221       DEBUG main            d.u.i.k.p.i.KeYFile       Reading KeY file file:/home/runner/work/key/key/key.core/build/resources/main/de/uka/ilkd/key/proof/rules/permissionRules.key 
2250       DEBUG main            d.u.i.k.p.i.KeYFile       Reading KeY file file:/home/runner/work/key/key/key.core/build/resources/main/de/uka/ilkd/key/proof/rules/reachRules.key 
2308       DEBUG main            d.u.i.k.p.i.KeYFile       Reading KeY file file:/home/runner/work/key/key/key.core/build/resources/main/de/uka/ilkd/key/proof/rules/seqCoreRules.key 
2312       DEBUG main            d.u.i.k.p.i.KeYFile       Reading KeY file file:/home/runner/work/key/key/key.core/build/resources/main/de/uka/ilkd/key/proof/rules/seqRules.key 
2382       DEBUG main            d.u.i.k.p.i.KeYFile       Reading KeY file file:/home/runner/work/key/key/key.core/build/resources/main/de/uka/ilkd/key/proof/rules/seqPerm.key 
2434       DEBUG main            d.u.i.k.p.i.KeYFile       Reading KeY file file:/home/runner/work/key/key/key.core/build/resources/main/de/uka/ilkd/key/proof/rules/seqPerm2.key 
2446       DEBUG main            d.u.i.k.p.i.KeYFile       Reading KeY file file:/home/runner/work/key/key/key.core/build/resources/main/de/uka/ilkd/key/proof/rules/javaRules.key 
2681       DEBUG main            d.u.i.k.p.i.KeYFile       Reading KeY file file:/home/runner/work/key/key/key.core/build/resources/main/de/uka/ilkd/key/proof/rules/assertions.key 
3218       DEBUG main            d.u.i.k.p.i.KeYFile       Reading KeY file file:/home/runner/work/key/key/key.core/build/resources/main/de/uka/ilkd/key/proof/rules/loopRules.key 
3230       DEBUG main            d.u.i.k.p.i.KeYFile       Reading KeY file file:/home/runner/work/key/key/key.core/build/resources/main/de/uka/ilkd/key/proof/rules/activeUse.key 
3292       DEBUG main            d.u.i.k.p.i.KeYFile       Reading KeY file file:/home/runner/work/key/key/key.core/build/resources/main/de/uka/ilkd/key/proof/rules/instanceAllocation.key 
3319       DEBUG main            d.u.i.k.p.i.KeYFile       Reading KeY file file:/home/runner/work/key/key/key.core/build/resources/main/de/uka/ilkd/key/proof/rules/java5.key 
3322       DEBUG main            d.u.i.k.p.i.KeYFile       Reading KeY file file:/home/runner/work/key/key/key.core/build/resources/main/de/uka/ilkd/key/proof/rules/integerAssignment2UpdateRules.key 
3359       DEBUG main            d.u.i.k.p.i.KeYFile       Reading KeY file file:/home/runner/work/key/key/key.core/build/resources/main/de/uka/ilkd/key/proof/rules/floatAssignment2UpdateRules.key 
3391       DEBUG main            d.u.i.k.p.i.KeYFile       Reading KeY file file:/home/runner/work/key/key/key.core/build/resources/main/de/uka/ilkd/key/proof/rules/bigint.key 
3404       DEBUG main            d.u.i.k.j.TypeConverter   No LDT found for JavaBigintExpression 
3408       DEBUG main            d.u.i.k.p.i.KeYFile       Reading KeY file file:/home/runner/work/key/key/key.core/build/resources/main/de/uka/ilkd/key/proof/rules/adtProgramDecompositionRules.key 
3437       DEBUG main            d.u.i.k.p.i.KeYFile       Reading KeY file file:/home/runner/work/key/key/key.core/build/resources/main/de/uka/ilkd/key/proof/rules/precRules.key 
3443       DEBUG main            d.u.i.k.p.i.KeYFile       Reading KeY file file:/home/runner/work/key/key/key.core/build/resources/main/de/uka/ilkd/key/proof/rules/charListRules.key 
3468       DEBUG main            d.u.i.k.p.i.KeYFile       Reading KeY file file:/home/runner/work/key/key/key.core/build/resources/main/de/uka/ilkd/key/proof/rules/regExTheory.key 
3469       DEBUG main            d.u.i.k.p.i.KeYFile       Reading KeY file file:/home/runner/work/key/key/key.core/build/resources/main/de/uka/ilkd/key/proof/rules/regExHeader.key 
3470       DEBUG main            d.u.i.k.p.i.KeYFile       Reading KeY file file:/home/runner/work/key/key/key.core/build/resources/main/de/uka/ilkd/key/proof/rules/regExAxioms.key 
3476       DEBUG main            d.u.i.k.p.i.KeYFile       Reading KeY file file:/home/runner/work/key/key/key.core/build/resources/main/de/uka/ilkd/key/proof/rules/regExLemmaProven.key 
3485       DEBUG main            d.u.i.k.p.i.KeYFile       Reading KeY file file:/home/runner/work/key/key/key.core/build/resources/main/de/uka/ilkd/key/proof/rules/seqEq.key 
3524       DEBUG main            d.u.i.k.p.i.KeYFile       Reading KeY file file:/home/runner/work/key/key/key.core/build/resources/main/de/uka/ilkd/key/proof/rules/infFlow.key 
3533       DEBUG main            d.u.i.k.p.i.KeYFile       Reading KeY file file:/home/runner/work/key/key/key.core/build/resources/main/de/uka/ilkd/key/proof/rules/mapSize.key 
3538       DEBUG main            d.u.i.k.p.i.KeYFile       Reading KeY file file:/home/runner/work/key/key/key.core/build/resources/main/de/uka/ilkd/key/proof/rules/wd.key 
3540       DEBUG main            d.u.i.k.p.i.KeYFile       Reading KeY file file:/home/runner/work/key/key/key.core/build/resources/main/de/uka/ilkd/key/proof/rules/wdHeader.key 
3541       DEBUG main            d.u.i.k.p.i.KeYFile       Reading KeY file file:/home/runner/work/key/key/key.core/build/resources/main/de/uka/ilkd/key/proof/rules/wdGeneralRules.key 
3548       DEBUG main            d.u.i.k.p.i.KeYFile       Reading KeY file file:/home/runner/work/key/key/key.core/build/resources/main/de/uka/ilkd/key/proof/rules/wdNumericalRules.key 
3583       DEBUG main            d.u.i.k.p.i.KeYFile       Reading KeY file file:/home/runner/work/key/key/key.core/build/resources/main/de/uka/ilkd/key/proof/rules/wdLocSetRules.key 
3592       DEBUG main            d.u.i.k.p.i.KeYFile       Reading KeY file file:/home/runner/work/key/key/key.core/build/resources/main/de/uka/ilkd/key/proof/rules/wdHeapRules.key 
3598       DEBUG main            d.u.i.k.p.i.KeYFile       Reading KeY file file:/home/runner/work/key/key/key.core/build/resources/main/de/uka/ilkd/key/proof/rules/wdReachRules.key 
3600       DEBUG main            d.u.i.k.p.i.KeYFile       Reading KeY file file:/home/runner/work/key/key/key.core/build/resources/main/de/uka/ilkd/key/proof/rules/wdSeqRules.key 
3605       DEBUG main            d.u.i.k.p.i.KeYFile       Reading KeY file file:/home/runner/work/key/key/key.core/build/resources/main/de/uka/ilkd/key/proof/rules/wdStringRules.key 
3610       DEBUG main            d.u.i.k.p.i.KeYFile       Reading KeY file file:/home/runner/work/key/key/key.core/build/resources/main/de/uka/ilkd/key/proof/rules/wdRegExRules.key 
3613       DEBUG main            d.u.i.k.p.i.KeYFile       Reading KeY file file:/home/runner/work/key/key/key.core/build/resources/main/de/uka/ilkd/key/proof/rules/wdFormulaRules.key 
3635       DEBUG main            d.u.i.k.p.i.KeYFile       Reading KeY file file:/home/runner/work/key/key/key.core/build/resources/main/de/uka/ilkd/key/proof/rules/loopInvariantRules.key 
3638       DEBUG main            d.u.i.k.p.i.KeYFile       Reading KeY file file:/home/runner/work/key/key/key.core/build/resources/main/de/uka/ilkd/key/proof/rules/forLoopRules.key 
3641       DEBUG main            d.u.i.k.p.i.KeYFile       Reading KeY file file:/home/runner/work/key/key/key.core/build/resources/main/de/uka/ilkd/key/proof/rules/execRules.key 
3715       DEBUG main            d.u.i.k.p.i.KeYFile       Reading KeY file file:/home/runner/work/key/key/key.core/build/resources/main/de/uka/ilkd/key/proof/rules/loopScopeRules.key 
6894       DEBUG main            d.u.i.k.j.Recoder2KeY     converting now /home/runner/work/key/key/key.core/../key.ui/examples/InformationFlow/BlockContracts/src/contract/IFBlockExamples.java 
6902       DEBUG main            d.u.i.k.j.Recoder2KeY     converting now /home/runner/work/key/key/key.core/../key.ui/examples/InformationFlow/BlockContracts/src/contract/IFEfficiencyExamples.java 
6932       DEBUG main            d.u.i.k.s.TermLabelSettings TermLabelSettings: Failure while reading the setting "UseOriginLabels".Using the default value: true.The string read was: null 
6941       DEBUG main            d.u.i.k.p.i.KeYFile       Reading KeY file file:/home/runner/work/key/key/key.core/build/resources/main/de/uka/ilkd/key/java/JavaRedux/java/lang/String.key 
9669       DEBUG main            d.u.i.k.p.i.KeYFile       Reading KeY file /home/runner/work/key/key/key.core/../key.ui/examples/InformationFlow/BlockContracts/contract.IFBlockExamples(contract.IFBlockExamples__secure_5()).JML operation contract.0.key 
10166      DEBUG Thread-1        d.u.i.k.j.TypeConverter   typeconverter: (prefix this;, class class de.uka.ilkd.key.java.reference.ThisReference) 
10399      INFO  main            d.u.i.k.p.r.p.TestFile    ... finished proof: closed. 
10522      DEBUG main            d.u.i.k.s.TermLabelSettings TermLabelSettings: Failure while reading the setting "UseOriginLabels".Using the default value: true.The string read was: null 
10523      INFO  main            d.u.i.k.p.r.p.TestFile    Now processing file /home/runner/work/key/key/key.core/../key.ui/examples/InformationFlow/BlockContracts/contract.IFBlockExamples(contract.IFBlockExamples__block_no_return_secure(int)).JML operation contract.0.key 
10523      DEBUG main            d.u.i.k.p.i.KeYFile       Reading KeY file /home/runner/work/key/key/key.core/../key.ui/examples/InformationFlow/BlockContracts/contract.IFBlockExamples(contract.IFBlockExamples__block_no_return_secure(int)).JML operation contract.0.key 
11560      DEBUG main            d.u.i.k.j.Recoder2KeY     converting now /home/runner/work/key/key/key.core/../key.ui/examples/InformationFlow/BlockContracts/src/contract/IFBlockExamples.java 
11567      DEBUG main            d.u.i.k.j.Recoder2KeY     converting now /home/runner/work/key/key/key.core/../key.ui/examples/InformationFlow/BlockContracts/src/contract/IFEfficiencyExamples.java 
11581      DEBUG main            d.u.i.k.s.TermLabelSettings TermLabelSettings: Failure while reading the setting "UseOriginLabels".Using the default value: true.The string read was: null 
11584      DEBUG main            d.u.i.k.p.i.KeYFile       Reading KeY file file:/home/runner/work/key/key/key.core/build/resources/main/de/uka/ilkd/key/java/JavaRedux/java/lang/String.key 
13694      DEBUG main            d.u.i.k.p.i.KeYFile       Reading KeY file /home/runner/work/key/key/key.core/../key.ui/examples/InformationFlow/BlockContracts/contract.IFBlockExamples(contract.IFBlockExamples__block_no_return_secure(int)).JML operation contract.0.key 
13734      DEBUG Thread-3        d.u.i.k.j.TypeConverter   typeconverter: (prefix this;, class class de.uka.ilkd.key.java.reference.ThisReference) 
13770      DEBUG Thread-3        d.u.i.k.j.TypeConverter   typeconverter: (prefix this;, class class de.uka.ilkd.key.java.reference.ThisReference) 
13897      INFO  main            d.u.i.k.p.r.p.TestFile    ... finished proof: closed. 
14034      DEBUG main            d.u.i.k.s.TermLabelSettings TermLabelSettings: Failure while reading the setting "UseOriginLabels".Using the default value: true.The string read was: null 
14034      INFO  main            d.u.i.k.p.r.p.TestFile    Now processing file /home/runner/work/key/key/key.core/../key.ui/examples/InformationFlow/BlockContracts/contract.IFBlockExamples(contract.IFBlockExamples__while_block_insecure(int)).JML operation contract.0.key 
14035      DEBUG main            d.u.i.k.p.i.KeYFile       Reading KeY file /home/runner/work/key/key/key.core/../key.ui/examples/InformationFlow/BlockContracts/contract.IFBlockExamples(contract.IFBlockExamples__while_block_insecure(int)).JML operation contract.0.key 
15064      DEBUG main            d.u.i.k.j.Recoder2KeY     converting now /home/runner/work/key/key/key.core/../key.ui/examples/InformationFlow/BlockContracts/src/contract/IFBlockExamples.java 
15067      DEBUG main            d.u.i.k.j.Recoder2KeY     converting now /home/runner/work/key/key/key.core/../key.ui/examples/InformationFlow/BlockContracts/src/contract/IFEfficiencyExamples.java 
15075      DEBUG main            d.u.i.k.s.TermLabelSettings TermLabelSettings: Failure while reading the setting "UseOriginLabels".Using the default value: true.The string read was: null 
15091      DEBUG main            d.u.i.k.p.i.KeYFile       Reading KeY file file:/home/runner/work/key/key/key.core/build/resources/main/de/uka/ilkd/key/java/JavaRedux/java/lang/String.key 
17130      DEBUG main            d.u.i.k.p.i.KeYFile       Reading KeY file /home/runner/work/key/key/key.core/../key.ui/examples/InformationFlow/BlockContracts/contract.IFBlockExamples(contract.IFBlockExamples__while_block_insecure(int)).JML operation contract.0.key 
17175      DEBUG Thread-5        d.u.i.k.j.TypeConverter   typeconverter: (prefix this;, class class de.uka.ilkd.key.java.reference.ThisReference) 
17194      DEBUG Thread-5        d.u.i.k.r.m.WhileLoopTransformation While-Loop-Tranform-Result: try {
  {
    if (_l > 0) {
      _l--;
      l1++;
    }
  }
} catch (java.lang.Throwable e#48) {
  exc#47 = true;
  thrownExc#49 = e#48;
} 
17288      DEBUG Thread-5        d.u.i.k.j.TypeConverter   typeconverter: (prefix this;, class class de.uka.ilkd.key.java.reference.ThisReference) 
17634      INFO  main            d.u.i.k.p.r.p.TestFile    ... finished proof: closed. 
17771      DEBUG main            d.u.i.k.s.TermLabelSettings TermLabelSettings: Failure while reading the setting "UseOriginLabels".Using the default value: true.The string read was: null 
17772      INFO  main            d.u.i.k.p.r.p.TestFile    Now processing file /home/runner/work/key/key/key.core/../key.ui/examples/InformationFlow/BlockContracts/contract.IFBlockExamples(contract.IFBlockExamples__while_block_secure(int)).JML operation contract.0.key 
17772      DEBUG main            d.u.i.k.p.i.KeYFile       Reading KeY file /home/runner/work/key/key/key.core/../key.ui/examples/InformationFlow/BlockContracts/contract.IFBlockExamples(contract.IFBlockExamples__while_block_secure(int)).JML operation contract.0.key 
18776      DEBUG main            d.u.i.k.j.Recoder2KeY     converting now /home/runner/work/key/key/key.core/../key.ui/examples/InformationFlow/BlockContracts/src/contract/IFBlockExamples.java 
18780      DEBUG main            d.u.i.k.j.Recoder2KeY     converting now /home/runner/work/key/key/key.core/../key.ui/examples/InformationFlow/BlockContracts/src/contract/IFEfficiencyExamples.java 
18786      DEBUG main            d.u.i.k.s.TermLabelSettings TermLabelSettings: Failure while reading the setting "UseOriginLabels".Using the default value: true.The string read was: null 
18804      DEBUG main            d.u.i.k.p.i.KeYFile       Reading KeY file file:/home/runner/work/key/key/key.core/build/resources/main/de/uka/ilkd/key/java/JavaRedux/java/lang/String.key 
20746      DEBUG main            d.u.i.k.p.i.KeYFile       Reading KeY file /home/runner/work/key/key/key.core/../key.ui/examples/InformationFlow/BlockContracts/contract.IFBlockExamples(contract.IFBlockExamples__while_block_secure(int)).JML operation contract.0.key 
20771      DEBUG Thread-7        d.u.i.k.j.TypeConverter   typeconverter: (prefix this;, class class de.uka.ilkd.key.java.reference.ThisReference) 
20778      DEBUG Thread-7        d.u.i.k.r.m.WhileLoopTransformation While-Loop-Tranform-Result: try {
  {
    if (_l > 0) {
      _l--;
      l1++;
    }
  }
} catch (java.lang.Throwable e#48) {
  exc#47 = true;
  thrownExc#49 = e#48;
} 
20826      DEBUG Thread-7        d.u.i.k.j.TypeConverter   typeconverter: (prefix this;, class class de.uka.ilkd.key.java.reference.ThisReference) 
21152      INFO  main            d.u.i.k.p.r.p.TestFile    ... finished proof: closed. 
21301      DEBUG main            d.u.i.k.s.TermLabelSettings TermLabelSettings: Failure while reading the setting "UseOriginLabels".Using the default value: true.The string read was: null 
21301      INFO  main            d.u.i.k.p.r.p.TestFile    Now processing file /home/runner/work/key/key/key.core/../key.ui/examples/InformationFlow/BlockContracts/contract.IFBlockExamples(contract.IFBlockExamples__block_while_secure(int)).JML operation contract.0.key 
21307      DEBUG main            d.u.i.k.p.i.KeYFile       Reading KeY file /home/runner/work/key/key/key.core/../key.ui/examples/InformationFlow/BlockContracts/contract.IFBlockExamples(contract.IFBlockExamples__block_while_secure(int)).JML operation contract.0.key 
22293      DEBUG main            d.u.i.k.j.Recoder2KeY     converting now /home/runner/work/key/key/key.core/../key.ui/examples/InformationFlow/BlockContracts/src/contract/IFBlockExamples.java 
22295      DEBUG main            d.u.i.k.j.Recoder2KeY     converting now /home/runner/work/key/key/key.core/../key.ui/examples/InformationFlow/BlockContracts/src/contract/IFEfficiencyExamples.java 
22303      DEBUG main            d.u.i.k.s.TermLabelSettings TermLabelSettings: Failure while reading the setting "UseOriginLabels".Using the default value: true.The string read was: null 
22304      DEBUG main            d.u.i.k.p.i.KeYFile       Reading KeY file file:/home/runner/work/key/key/key.core/build/resources/main/de/uka/ilkd/key/java/JavaRedux/java/lang/String.key 
24241      DEBUG main            d.u.i.k.p.i.KeYFile       Reading KeY file /home/runner/work/key/key/key.core/../key.ui/examples/InformationFlow/BlockContracts/contract.IFBlockExamples(contract.IFBlockExamples__block_while_secure(int)).JML operation contract.0.key 
24263      DEBUG Thread-9        d.u.i.k.j.TypeConverter   typeconverter: (prefix this;, class class de.uka.ilkd.key.java.reference.ThisReference) 
24292      DEBUG Thread-9        d.u.i.k.r.m.WhileLoopTransformation While-Loop-Tranform-Result: try {
  {
    if (_l > 0) {
      _l--;
      l1++;
    }
  }
} catch (java.lang.Throwable e#49) {
  exc#48 = true;
  thrownExc#50 = e#49;
} 
24317      DEBUG Thread-9        d.u.i.k.j.TypeConverter   typeconverter: (prefix this;, class class de.uka.ilkd.key.java.reference.ThisReference) 
24644      INFO  main            d.u.i.k.p.r.p.TestFile    ... finished proof: closed. 
24847      DEBUG main            d.u.i.k.s.TermLabelSettings TermLabelSettings: Failure while reading the setting "UseOriginLabels".Using the default value: true.The string read was: null 
24847      INFO  main            d.u.i.k.p.r.p.TestFile    Now processing file /home/runner/work/key/key/key.core/../key.ui/examples/InformationFlow/BlockContracts/contract.IFBlockExamples(contract.IFBlockExamples__insecure_4(int)).JML operation contract.0.key 
24847      DEBUG main            d.u.i.k.p.i.KeYFile       Reading KeY file /home/runner/work/key/key/key.core/../key.ui/examples/InformationFlow/BlockContracts/contract.IFBlockExamples(contract.IFBlockExamples__insecure_4(int)).JML operation contract.0.key 
25752      DEBUG main            d.u.i.k.j.Recoder2KeY     converting now /home/runner/work/key/key/key.core/../key.ui/examples/InformationFlow/BlockContracts/src/contract/IFBlockExamples.java 
25755      DEBUG main            d.u.i.k.j.Recoder2KeY     converting now /home/runner/work/key/key/key.core/../key.ui/examples/InformationFlow/BlockContracts/src/contract/IFEfficiencyExamples.java 
25761      DEBUG main            d.u.i.k.s.TermLabelSettings TermLabelSettings: Failure while reading the setting "UseOriginLabels".Using the default value: true.The string read was: null 
25762      DEBUG main            d.u.i.k.p.i.KeYFile       Reading KeY file file:/home/runner/work/key/key/key.core/build/resources/main/de/uka/ilkd/key/java/JavaRedux/java/lang/String.key 
27777      DEBUG main            d.u.i.k.p.i.KeYFile       Reading KeY file /home/runner/work/key/key/key.core/../key.ui/examples/InformationFlow/BlockContracts/contract.IFBlockExamples(contract.IFBlockExamples__insecure_4(int)).JML operation contract.0.key 
27802      DEBUG Thread-11       d.u.i.k.j.TypeConverter   typeconverter: (prefix this;, class class de.uka.ilkd.key.java.reference.ThisReference) 
28180      INFO  main            d.u.i.k.p.r.p.TestFile    ... finished proof: closed. 
28393      DEBUG main            d.u.i.k.s.TermLabelSettings TermLabelSettings: Failure while reading the setting "UseOriginLabels".Using the default value: true.The string read was: null 
28393      INFO  main            d.u.i.k.p.r.p.TestFile    Now processing file /home/runner/work/key/key/key.core/../key.ui/examples/InformationFlow/BlockContracts/contract.IFBlockExamples(contract.IFBlockExamples__insecure_3(int)).JML operation contract.0.key 
28394      DEBUG main            d.u.i.k.p.i.KeYFile       Reading KeY file /home/runner/work/key/key/key.core/../key.ui/examples/InformationFlow/BlockContracts/contract.IFBlockExamples(contract.IFBlockExamples__insecure_3(int)).JML operation contract.0.key 
29285      DEBUG main            d.u.i.k.j.Recoder2KeY     converting now /home/runner/work/key/key/key.core/../key.ui/examples/InformationFlow/BlockContracts/src/contract/IFBlockExamples.java 
29287      DEBUG main            d.u.i.k.j.Recoder2KeY     converting now /home/runner/work/key/key/key.core/../key.ui/examples/InformationFlow/BlockContracts/src/contract/IFEfficiencyExamples.java 
29292      DEBUG main            d.u.i.k.s.TermLabelSettings TermLabelSettings: Failure while reading the setting "UseOriginLabels".Using the default value: true.The string read was: null 
29293      DEBUG main            d.u.i.k.p.i.KeYFile       Reading KeY file file:/home/runner/work/key/key/key.core/build/resources/main/de/uka/ilkd/key/java/JavaRedux/java/lang/String.key 
31235      DEBUG main            d.u.i.k.p.i.KeYFile       Reading KeY file /home/runner/work/key/key/key.core/../key.ui/examples/InformationFlow/BlockContracts/contract.IFBlockExamples(contract.IFBlockExamples__insecure_3(int)).JML operation contract.0.key 
31280      DEBUG Thread-13       d.u.i.k.j.TypeConverter   typeconverter: (prefix this;, class class de.uka.ilkd.key.java.reference.ThisReference) 
31638      INFO  main            d.u.i.k.p.r.p.TestFile    ... finished proof: closed. 
31809      DEBUG main            d.u.i.k.s.TermLabelSettings TermLabelSettings: Failure while reading the setting "UseOriginLabels".Using the default value: true.The string read was: null 
31809      INFO  main            d.u.i.k.p.r.p.TestFile    Now processing file /home/runner/work/key/key/key.core/../key.ui/examples/InformationFlow/BlockContracts/contract.IFBlockExamples(contract.IFBlockExamples__secure_3(int)).JML operation contract.0.key 
31810      DEBUG main            d.u.i.k.p.i.KeYFile       Reading KeY file /home/runner/work/key/key/key.core/../key.ui/examples/InformationFlow/BlockContracts/contract.IFBlockExamples(contract.IFBlockExamples__secure_3(int)).JML operation contract.0.key 
32740      DEBUG main            d.u.i.k.j.Recoder2KeY     converting now /home/runner/work/key/key/key.core/../key.ui/examples/InformationFlow/BlockContracts/src/contract/IFBlockExamples.java 
32742      DEBUG main            d.u.i.k.j.Recoder2KeY     converting now /home/runner/work/key/key/key.core/../key.ui/examples/InformationFlow/BlockContracts/src/contract/IFEfficiencyExamples.java 
32747      DEBUG main            d.u.i.k.s.TermLabelSettings TermLabelSettings: Failure while reading the setting "UseOriginLabels".Using the default value: true.The string read was: null 
32748      DEBUG main            d.u.i.k.p.i.KeYFile       Reading KeY file file:/home/runner/work/key/key/key.core/build/resources/main/de/uka/ilkd/key/java/JavaRedux/java/lang/String.key 
34673      DEBUG main            d.u.i.k.p.i.KeYFile       Reading KeY file /home/runner/work/key/key/key.core/../key.ui/examples/InformationFlow/BlockContracts/contract.IFBlockExamples(contract.IFBlockExamples__secure_3(int)).JML operation contract.0.key 
34693      DEBUG Thread-15       d.u.i.k.j.TypeConverter   typeconverter: (prefix this;, class class de.uka.ilkd.key.java.reference.ThisReference) 
35077      INFO  main            d.u.i.k.p.r.p.TestFile    ... finished proof: closed. 
35319      DEBUG main            d.u.i.k.s.TermLabelSettings TermLabelSettings: Failure while reading the setting "UseOriginLabels".Using the default value: true.The string read was: null 
35319      INFO  main            d.u.i.k.p.r.p.TestFile    Now processing file /home/runner/work/key/key/key.core/../key.ui/examples/InformationFlow/BlockContracts/contract.IFBlockExamples(contract.IFBlockExamples__secure_2(int)).JML operation contract.0.key 
35320      DEBUG main            d.u.i.k.p.i.KeYFile       Reading KeY file /home/runner/work/key/key/key.core/../key.ui/examples/InformationFlow/BlockContracts/contract.IFBlockExamples(contract.IFBlockExamples__secure_2(int)).JML operation contract.0.key 
36213      DEBUG main            d.u.i.k.j.Recoder2KeY     converting now /home/runner/work/key/key/key.core/../key.ui/examples/InformationFlow/BlockContracts/src/contract/IFBlockExamples.java 
36215      DEBUG main            d.u.i.k.j.Recoder2KeY     converting now /home/runner/work/key/key/key.core/../key.ui/examples/InformationFlow/BlockContracts/src/contract/IFEfficiencyExamples.java 
36220      DEBUG main            d.u.i.k.s.TermLabelSettings TermLabelSettings: Failure while reading the setting "UseOriginLabels".Using the default value: true.The string read was: null 
36221      DEBUG main            d.u.i.k.p.i.KeYFile       Reading KeY file file:/home/runner/work/key/key/key.core/build/resources/main/de/uka/ilkd/key/java/JavaRedux/java/lang/String.key 
38130      DEBUG main            d.u.i.k.p.i.KeYFile       Reading KeY file /home/runner/work/key/key/key.core/../key.ui/examples/InformationFlow/BlockContracts/contract.IFBlockExamples(contract.IFBlockExamples__secure_2(int)).JML operation contract.0.key 
38148      DEBUG Thread-17       d.u.i.k.j.TypeConverter   typeconverter: (prefix this;, class class de.uka.ilkd.key.java.reference.ThisReference) 
38433      INFO  main            d.u.i.k.p.r.p.TestFile    ... finished proof: closed. 
38610      DEBUG main            d.u.i.k.s.TermLabelSettings TermLabelSettings: Failure while reading the setting "UseOriginLabels".Using the default value: true.The string read was: null 
38610      INFO  main            d.u.i.k.p.r.p.TestFile    Now processing file /home/runner/work/key/key/key.core/../key.ui/examples/InformationFlow/BlockContracts/contract.IFBlockExamples(contract.IFBlockExamples__secure_8(int)).JML operation contract.0.key 
38612      DEBUG main            d.u.i.k.p.i.KeYFile       Reading KeY file /home/runner/work/key/key/key.core/../key.ui/examples/InformationFlow/BlockContracts/contract.IFBlockExamples(contract.IFBlockExamples__secure_8(int)).JML operation contract.0.key 
39515      DEBUG main            d.u.i.k.j.Recoder2KeY     converting now /home/runner/work/key/key/key.core/../key.ui/examples/InformationFlow/BlockContracts/src/contract/IFBlockExamples.java 
39517      DEBUG main            d.u.i.k.j.Recoder2KeY     converting now /home/runner/work/key/key/key.core/../key.ui/examples/InformationFlow/BlockContracts/src/contract/IFEfficiencyExamples.java 
39522      DEBUG main            d.u.i.k.s.TermLabelSettings TermLabelSettings: Failure while reading the setting "UseOriginLabels".Using the default value: true.The string read was: null 
39524      DEBUG main            d.u.i.k.p.i.KeYFile       Reading KeY file file:/home/runner/work/key/key/key.core/build/resources/main/de/uka/ilkd/key/java/JavaRedux/java/lang/String.key 
41447      DEBUG main            d.u.i.k.p.i.KeYFile       Reading KeY file /home/runner/work/key/key/key.core/../key.ui/examples/InformationFlow/BlockContracts/contract.IFBlockExamples(contract.IFBlockExamples__secure_8(int)).JML operation contract.0.key 
41464      DEBUG Thread-19       d.u.i.k.j.TypeConverter   typeconverter: (prefix this;, class class de.uka.ilkd.key.java.reference.ThisReference) 
41516      DEBUG Thread-19       d.u.i.k.j.TypeConverter   typeconverter: (prefix this;, class class de.uka.ilkd.key.java.reference.ThisReference) 
41557      DEBUG Thread-19       d.u.i.k.j.TypeConverter   typeconverter: (prefix this;, class class de.uka.ilkd.key.java.reference.ThisReference) 
41652      INFO  main            d.u.i.k.p.r.p.TestFile    ... finished proof: closed. 
41816      DEBUG main            d.u.i.k.s.TermLabelSettings TermLabelSettings: Failure while reading the setting "UseOriginLabels".Using the default value: true.The string read was: null 
41816      INFO  main            d.u.i.k.p.r.p.TestFile    Now processing file /home/runner/work/key/key/key.core/../key.ui/examples/InformationFlow/BlockContracts/contract.IFBlockExamples(contract.IFBlockExamples__secure_7(int)).JML operation contract.0.key 
41816      DEBUG main            d.u.i.k.p.i.KeYFile       Reading KeY file /home/runner/work/key/key/key.core/../key.ui/examples/InformationFlow/BlockContracts/contract.IFBlockExamples(contract.IFBlockExamples__secure_7(int)).JML operation contract.0.key 
42725      DEBUG main            d.u.i.k.j.Recoder2KeY     converting now /home/runner/work/key/key/key.core/../key.ui/examples/InformationFlow/BlockContracts/src/contract/IFBlockExamples.java 
42728      DEBUG main            d.u.i.k.j.Recoder2KeY     converting now /home/runner/work/key/key/key.core/../key.ui/examples/InformationFlow/BlockContracts/src/contract/IFEfficiencyExamples.java 
42735      DEBUG main            d.u.i.k.s.TermLabelSettings TermLabelSettings: Failure while reading the setting "UseOriginLabels".Using the default value: true.The string read was: null 
42736      DEBUG main            d.u.i.k.p.i.KeYFile       Reading KeY file file:/home/runner/work/key/key/key.core/build/resources/main/de/uka/ilkd/key/java/JavaRedux/java/lang/String.key 
44665      DEBUG main            d.u.i.k.p.i.KeYFile       Reading KeY file /home/runner/work/key/key/key.core/../key.ui/examples/InformationFlow/BlockContracts/contract.IFBlockExamples(contract.IFBlockExamples__secure_7(int)).JML operation contract.0.key 
44680      DEBUG Thread-21       d.u.i.k.j.TypeConverter   typeconverter: (prefix this;, class class de.uka.ilkd.key.java.reference.ThisReference) 
44767      INFO  main            d.u.i.k.p.r.p.TestFile    ... finished proof: closed. 
44934      DEBUG main            d.u.i.k.s.TermLabelSettings TermLabelSettings: Failure while reading the setting "UseOriginLabels".Using the default value: true.The string read was: null 
44935      INFO  main            d.u.i.k.p.r.p.TestFile    Now processing file /home/runner/work/key/key/key.core/../key.ui/examples/InformationFlow/BlockContracts/contract.IFBlockExamples(contract.IFBlockExamples__secure_6(int)).JML operation contract.0.key 
44935      DEBUG main            d.u.i.k.p.i.KeYFile       Reading KeY file /home/runner/work/key/key/key.core/../key.ui/examples/InformationFlow/BlockContracts/contract.IFBlockExamples(contract.IFBlockExamples__secure_6(int)).JML operation contract.0.key 
45794      DEBUG main            d.u.i.k.j.Recoder2KeY     converting now /home/runner/work/key/key/key.core/../key.ui/examples/InformationFlow/BlockContracts/src/contract/IFBlockExamples.java 
45796      DEBUG main            d.u.i.k.j.Recoder2KeY     converting now /home/runner/work/key/key/key.core/../key.ui/examples/InformationFlow/BlockContracts/src/contract/IFEfficiencyExamples.java 
45801      DEBUG main            d.u.i.k.s.TermLabelSettings TermLabelSettings: Failure while reading the setting "UseOriginLabels".Using the default value: true.The string read was: null 
45803      DEBUG main            d.u.i.k.p.i.KeYFile       Reading KeY file file:/home/runner/work/key/key/key.core/build/resources/main/de/uka/ilkd/key/java/JavaRedux/java/lang/String.key 
47700      DEBUG main            d.u.i.k.p.i.KeYFile       Reading KeY file /home/runner/work/key/key/key.core/../key.ui/examples/InformationFlow/BlockContracts/contract.IFBlockExamples(contract.IFBlockExamples__secure_6(int)).JML operation contract.0.key 
47717      DEBUG Thread-23       d.u.i.k.j.TypeConverter   typeconverter: (prefix this;, class class de.uka.ilkd.key.java.reference.ThisReference) 
47902      INFO  main            d.u.i.k.p.r.p.TestFile    ... finished proof: closed. 
48162      DEBUG main            d.u.i.k.s.TermLabelSettings TermLabelSettings: Failure while reading the setting "UseOriginLabels".Using the default value: true.The string read was: null 
48162      INFO  main            d.u.i.k.p.r.p.TestFile    Now processing file /home/runner/work/key/key/key.core/../key.ui/examples/InformationFlow/BlockContracts/contract.IFBlockExamples(contract.IFBlockExamples__insecure_1(int)).JML operation contract.0.key 
48162      DEBUG main            d.u.i.k.p.i.KeYFile       Reading KeY file /home/runner/work/key/key/key.core/../key.ui/examples/InformationFlow/BlockContracts/contract.IFBlockExamples(contract.IFBlockExamples__insecure_1(int)).JML operation contract.0.key 
49021      DEBUG main            d.u.i.k.j.Recoder2KeY     converting now /home/runner/work/key/key/key.core/../key.ui/examples/InformationFlow/BlockContracts/src/contract/IFBlockExamples.java 
49023      DEBUG main            d.u.i.k.j.Recoder2KeY     converting now /home/runner/work/key/key/key.core/../key.ui/examples/InformationFlow/BlockContracts/src/contract/IFEfficiencyExamples.java 
49028      DEBUG main            d.u.i.k.s.TermLabelSettings TermLabelSettings: Failure while reading the setting "UseOriginLabels".Using the default value: true.The string read was: null 
49029      DEBUG main            d.u.i.k.p.i.KeYFile       Reading KeY file file:/home/runner/work/key/key/key.core/build/resources/main/de/uka/ilkd/key/java/JavaRedux/java/lang/String.key 
50929      DEBUG main            d.u.i.k.p.i.KeYFile       Reading KeY file /home/runner/work/key/key/key.core/../key.ui/examples/InformationFlow/BlockContracts/contract.IFBlockExamples(contract.IFBlockExamples__insecure_1(int)).JML operation contract.0.key 
50947      DEBUG Thread-25       d.u.i.k.j.TypeConverter   typeconverter: (prefix this;, class class de.uka.ilkd.key.java.reference.ThisReference) 
51131      INFO  main            d.u.i.k.p.r.p.TestFile    ... finished proof: closed. 
51350      DEBUG main            d.u.i.k.s.TermLabelSettings TermLabelSettings: Failure while reading the setting "UseOriginLabels".Using the default value: true.The string read was: null 
51350      INFO  main            d.u.i.k.p.r.p.TestFile    Now processing file /home/runner/work/key/key/key.core/../key.ui/examples/InformationFlow/BlockContracts/contract.IFBlockExamples(contract.IFBlockExamples__secure_4(int)).JML operation contract.0.key 
51351      DEBUG main            d.u.i.k.p.i.KeYFile       Reading KeY file /home/runner/work/key/key/key.core/../key.ui/examples/InformationFlow/BlockContracts/contract.IFBlockExamples(contract.IFBlockExamples__secure_4(int)).JML operation contract.0.key 
52205      DEBUG main            d.u.i.k.j.Recoder2KeY     converting now /home/runner/work/key/key/key.core/../key.ui/examples/InformationFlow/BlockContracts/src/contract/IFBlockExamples.java 
52207      DEBUG main            d.u.i.k.j.Recoder2KeY     converting now /home/runner/work/key/key/key.core/../key.ui/examples/InformationFlow/BlockContracts/src/contract/IFEfficiencyExamples.java 
52212      DEBUG main            d.u.i.k.s.TermLabelSettings TermLabelSettings: Failure while reading the setting "UseOriginLabels".Using the default value: true.The string read was: null 
52213      DEBUG main            d.u.i.k.p.i.KeYFile       Reading KeY file file:/home/runner/work/key/key/key.core/build/resources/main/de/uka/ilkd/key/java/JavaRedux/java/lang/String.key 
54089      DEBUG main            d.u.i.k.p.i.KeYFile       Reading KeY file /home/runner/work/key/key/key.core/../key.ui/examples/InformationFlow/BlockContracts/contract.IFBlockExamples(contract.IFBlockExamples__secure_4(int)).JML operation contract.0.key 
54107      DEBUG Thread-27       d.u.i.k.j.TypeConverter   typeconverter: (prefix this;, class class de.uka.ilkd.key.java.reference.ThisReference) 
54292      INFO  main            d.u.i.k.p.r.p.TestFile    ... finished proof: closed. 
54459      DEBUG main            d.u.i.k.s.TermLabelSettings TermLabelSettings: Failure while reading the setting "UseOriginLabels".Using the default value: true.The string read was: null 
54459      INFO  main            d.u.i.k.p.r.p.TestFile    Now processing file /home/runner/work/key/key/key.core/../key.ui/examples/InformationFlow/BlockContracts/contract.IFBlockExamples(contract.IFBlockExamples__secure_1(int)).JML operation contract.0.key 
54459      DEBUG main            d.u.i.k.p.i.KeYFile       Reading KeY file /home/runner/work/key/key/key.core/../key.ui/examples/InformationFlow/BlockContracts/contract.IFBlockExamples(contract.IFBlockExamples__secure_1(int)).JML operation contract.0.key 
55326      DEBUG main            d.u.i.k.j.Recoder2KeY     converting now /home/runner/work/key/key/key.core/../key.ui/examples/InformationFlow/BlockContracts/src/contract/IFBlockExamples.java 
55328      DEBUG main            d.u.i.k.j.Recoder2KeY     converting now /home/runner/work/key/key/key.core/../key.ui/examples/InformationFlow/BlockContracts/src/contract/IFEfficiencyExamples.java 
55332      DEBUG main            d.u.i.k.s.TermLabelSettings TermLabelSettings: Failure while reading the setting "UseOriginLabels".Using the default value: true.The string read was: null 
55334      DEBUG main            d.u.i.k.p.i.KeYFile       Reading KeY file file:/home/runner/work/key/key/key.core/build/resources/main/de/uka/ilkd/key/java/JavaRedux/java/lang/String.key 
57225      DEBUG main            d.u.i.k.p.i.KeYFile       Reading KeY file /home/runner/work/key/key/key.core/../key.ui/examples/InformationFlow/BlockContracts/contract.IFBlockExamples(contract.IFBlockExamples__secure_1(int)).JML operation contract.0.key 
57243      DEBUG Thread-29       d.u.i.k.j.TypeConverter   typeconverter: (prefix this;, class class de.uka.ilkd.key.java.reference.ThisReference) 
57428      INFO  main            d.u.i.k.p.r.p.TestFile    ... finished proof: closed. 
57610      DEBUG main            d.u.i.k.s.TermLabelSettings TermLabelSettings: Failure while reading the setting "UseOriginLabels".Using the default value: true.The string read was: null 
57610      INFO  main            d.u.i.k.p.r.p.TestFile    Now processing file /home/runner/work/key/key/key.core/../key.ui/examples/InformationFlow/BlockContracts/contract.IFEfficiencyExamples(contract.IFEfficiencyExamples__mWithoutBlockContract()).JML operation contract.0.key 
57611      DEBUG main            d.u.i.k.p.i.KeYFile       Reading KeY file /home/runner/work/key/key/key.core/../key.ui/examples/InformationFlow/BlockContracts/contract.IFEfficiencyExamples(contract.IFEfficiencyExamples__mWithoutBlockContract()).JML operation contract.0.key 
58460      DEBUG main            d.u.i.k.j.Recoder2KeY     converting now /home/runner/work/key/key/key.core/../key.ui/examples/InformationFlow/BlockContracts/src/contract/IFBlockExamples.java 
58462      DEBUG main            d.u.i.k.j.Recoder2KeY     converting now /home/runner/work/key/key/key.core/../key.ui/examples/InformationFlow/BlockContracts/src/contract/IFEfficiencyExamples.java 
58467      DEBUG main            d.u.i.k.s.TermLabelSettings TermLabelSettings: Failure while reading the setting "UseOriginLabels".Using the default value: true.The string read was: null 
58468      DEBUG main            d.u.i.k.p.i.KeYFile       Reading KeY file file:/home/runner/work/key/key/key.core/build/resources/main/de/uka/ilkd/key/java/JavaRedux/java/lang/String.key 
60354      DEBUG main            d.u.i.k.p.i.KeYFile       Reading KeY file /home/runner/work/key/key/key.core/../key.ui/examples/InformationFlow/BlockContracts/contract.IFEfficiencyExamples(contract.IFEfficiencyExamples__mWithoutBlockContract()).JML operation contract.0.key 
60368      DEBUG Thread-31       d.u.i.k.j.TypeConverter   typeconverter: (prefix this;, class class de.uka.ilkd.key.java.reference.ThisReference) 
60388      DEBUG Thread-31       d.u.i.k.j.TypeConverter   typeconverter: (prefix this;, class class de.uka.ilkd.key.java.reference.ThisReference) 
60408      DEBUG Thread-31       d.u.i.k.j.TypeConverter   typeconverter: (prefix this;, class class de.uka.ilkd.key.java.reference.ThisReference) 
60427      DEBUG Thread-31       d.u.i.k.j.TypeConverter   typeconverter: (prefix this;, class class de.uka.ilkd.key.java.reference.ThisReference) 
60449      DEBUG Thread-31       d.u.i.k.j.TypeConverter   typeconverter: (prefix this;, class class de.uka.ilkd.key.java.reference.ThisReference) 
60453      DEBUG Thread-31       d.u.i.k.j.TypeConverter   typeconverter: (prefix this;, class class de.uka.ilkd.key.java.reference.ThisReference) 
60462      DEBUG Thread-31       d.u.i.k.j.TypeConverter   typeconverter: (prefix this;, class class de.uka.ilkd.key.java.reference.ThisReference) 
60473      DEBUG Thread-31       d.u.i.k.j.TypeConverter   typeconverter: (prefix this;, class class de.uka.ilkd.key.java.reference.ThisReference) 
60482      DEBUG Thread-31       d.u.i.k.j.TypeConverter   typeconverter: (prefix this;, class class de.uka.ilkd.key.java.reference.ThisReference) 
60491      DEBUG Thread-31       d.u.i.k.j.TypeConverter   typeconverter: (prefix this;, class class de.uka.ilkd.key.java.reference.ThisReference) 
60501      DEBUG Thread-31       d.u.i.k.j.TypeConverter   typeconverter: (prefix this;, class class de.uka.ilkd.key.java.reference.ThisReference) 
60512      DEBUG Thread-31       d.u.i.k.j.TypeConverter   typeconverter: (prefix this;, class class de.uka.ilkd.key.java.reference.ThisReference) 
60519      DEBUG Thread-31       d.u.i.k.j.TypeConverter   typeconverter: (prefix this;, class class de.uka.ilkd.key.java.reference.ThisReference) 
60541      DEBUG Thread-31       d.u.i.k.j.TypeConverter   typeconverter: (prefix this;, class class de.uka.ilkd.key.java.reference.ThisReference) 
60546      DEBUG Thread-31       d.u.i.k.j.TypeConverter   typeconverter: (prefix this;, class class de.uka.ilkd.key.java.reference.ThisReference) 
60555      DEBUG Thread-31       d.u.i.k.j.TypeConverter   typeconverter: (prefix this;, class class de.uka.ilkd.key.java.reference.ThisReference) 
60567      DEBUG Thread-31       d.u.i.k.j.TypeConverter   typeconverter: (prefix this;, class class de.uka.ilkd.key.java.reference.ThisReference) 
60576      DEBUG Thread-31       d.u.i.k.j.TypeConverter   typeconverter: (prefix this;, class class de.uka.ilkd.key.java.reference.ThisReference) 
60597      DEBUG Thread-31       d.u.i.k.j.TypeConverter   typeconverter: (prefix this;, class class de.uka.ilkd.key.java.reference.ThisReference) 
60615      DEBUG Thread-31       d.u.i.k.j.TypeConverter   typeconverter: (prefix this;, class class de.uka.ilkd.key.java.reference.ThisReference) 
60623      DEBUG Thread-31       d.u.i.k.j.TypeConverter   typeconverter: (prefix this;, class class de.uka.ilkd.key.java.reference.ThisReference) 
60627      DEBUG Thread-31       d.u.i.k.j.TypeConverter   typeconverter: (prefix this;, class class de.uka.ilkd.key.java.reference.ThisReference) 
60653      DEBUG Thread-31       d.u.i.k.j.TypeConverter   typeconverter: (prefix this;, class class de.uka.ilkd.key.java.reference.ThisReference) 
60663      DEBUG Thread-31       d.u.i.k.j.TypeConverter   typeconverter: (prefix this;, class class de.uka.ilkd.key.java.reference.ThisReference) 
60672      DEBUG Thread-31       d.u.i.k.j.TypeConverter   typeconverter: (prefix this;, class class de.uka.ilkd.key.java.reference.ThisReference) 
60688      DEBUG Thread-31       d.u.i.k.j.TypeConverter   typeconverter: (prefix this;, class class de.uka.ilkd.key.java.reference.ThisReference) 
60699      DEBUG Thread-31       d.u.i.k.j.TypeConverter   typeconverter: (prefix this;, class class de.uka.ilkd.key.java.reference.ThisReference) 
60707      DEBUG Thread-31       d.u.i.k.j.TypeConverter   typeconverter: (prefix this;, class class de.uka.ilkd.key.java.reference.ThisReference) 
60727      DEBUG Thread-31       d.u.i.k.j.TypeConverter   typeconverter: (prefix this;, class class de.uka.ilkd.key.java.reference.ThisReference) 
60733      DEBUG Thread-31       d.u.i.k.j.TypeConverter   typeconverter: (prefix this;, class class de.uka.ilkd.key.java.reference.ThisReference) 
60738      DEBUG Thread-31       d.u.i.k.j.TypeConverter   typeconverter: (prefix this;, class class de.uka.ilkd.key.java.reference.ThisReference) 
60766      DEBUG Thread-31       d.u.i.k.j.TypeConverter   typeconverter: (prefix this;, class class de.uka.ilkd.key.java.reference.ThisReference) 
60774      DEBUG Thread-31       d.u.i.k.j.TypeConverter   typeconverter: (prefix this;, class class de.uka.ilkd.key.java.reference.ThisReference) 
60794      DEBUG Thread-31       d.u.i.k.j.TypeConverter   typeconverter: (prefix this;, class class de.uka.ilkd.key.java.reference.ThisReference) 
60815      DEBUG Thread-31       d.u.i.k.j.TypeConverter   typeconverter: (prefix this;, class class de.uka.ilkd.key.java.reference.ThisReference) 
60834      DEBUG Thread-31       d.u.i.k.j.TypeConverter   typeconverter: (prefix this;, class class de.uka.ilkd.key.java.reference.ThisReference) 
60841      DEBUG Thread-31       d.u.i.k.j.TypeConverter   typeconverter: (prefix this;, class class de.uka.ilkd.key.java.reference.ThisReference) 
60846      DEBUG Thread-31       d.u.i.k.j.TypeConverter   typeconverter: (prefix this;, class class de.uka.ilkd.key.java.reference.ThisReference) 
60867      DEBUG Thread-31       d.u.i.k.j.TypeConverter   typeconverter: (prefix this;, class class de.uka.ilkd.key.java.reference.ThisReference) 
60876      DEBUG Thread-31       d.u.i.k.j.TypeConverter   typeconverter: (prefix this;, class class de.uka.ilkd.key.java.reference.ThisReference) 
60885      DEBUG Thread-31       d.u.i.k.j.TypeConverter   typeconverter: (prefix this;, class class de.uka.ilkd.key.java.reference.ThisReference) 
60896      DEBUG Thread-31       d.u.i.k.j.TypeConverter   typeconverter: (prefix this;, class class de.uka.ilkd.key.java.reference.ThisReference) 
60906      DEBUG Thread-31       d.u.i.k.j.TypeConverter   typeconverter: (prefix this;, class class de.uka.ilkd.key.java.reference.ThisReference) 
60914      DEBUG Thread-31       d.u.i.k.j.TypeConverter   typeconverter: (prefix this;, class class de.uka.ilkd.key.java.reference.ThisReference) 
60935      DEBUG Thread-31       d.u.i.k.j.TypeConverter   typeconverter: (prefix this;, class class de.uka.ilkd.key.java.reference.ThisReference) 
60940      DEBUG Thread-31       d.u.i.k.j.TypeConverter   typeconverter: (prefix this;, class class de.uka.ilkd.key.java.reference.ThisReference) 
60951      DEBUG Thread-31       d.u.i.k.j.TypeConverter   typeconverter: (prefix this;, class class de.uka.ilkd.key.java.reference.ThisReference) 
61058      INFO  main            d.u.i.k.p.r.p.TestFile    ... finished proof: closed. 
61257      DEBUG main            d.u.i.k.s.TermLabelSettings TermLabelSettings: Failure while reading the setting "UseOriginLabels".Using the default value: true.The string read was: null 
61258      INFO  main            d.u.i.k.p.r.p.TestFile    Now processing file /home/runner/work/key/key/key.core/../key.ui/examples/InformationFlow/BlockContracts/contract.IFEfficiencyExamples(contract.IFEfficiencyExamples__mWithBlockContract()).JML operation contract.0.key 
61262      DEBUG main            d.u.i.k.p.i.KeYFile       Reading KeY file /home/runner/work/key/key/key.core/../key.ui/examples/InformationFlow/BlockContracts/contract.IFEfficiencyExamples(contract.IFEfficiencyExamples__mWithBlockContract()).JML operation contract.0.key 
62146      DEBUG main            d.u.i.k.j.Recoder2KeY     converting now /home/runner/work/key/key/key.core/../key.ui/examples/InformationFlow/BlockContracts/src/contract/IFBlockExamples.java 
62147      DEBUG main            d.u.i.k.j.Recoder2KeY     converting now /home/runner/work/key/key/key.core/../key.ui/examples/InformationFlow/BlockContracts/src/contract/IFEfficiencyExamples.java 
62152      DEBUG main            d.u.i.k.s.TermLabelSettings TermLabelSettings: Failure while reading the setting "UseOriginLabels".Using the default value: true.The string read was: null 
62153      DEBUG main            d.u.i.k.p.i.KeYFile       Reading KeY file file:/home/runner/work/key/key/key.core/build/resources/main/de/uka/ilkd/key/java/JavaRedux/java/lang/String.key 
64042      DEBUG main            d.u.i.k.p.i.KeYFile       Reading KeY file /home/runner/work/key/key/key.core/../key.ui/examples/InformationFlow/BlockContracts/contract.IFEfficiencyExamples(contract.IFEfficiencyExamples__mWithBlockContract()).JML operation contract.0.key 
64194      DEBUG Thread-33       d.u.i.k.j.TypeConverter   typeconverter: (prefix this;, class class de.uka.ilkd.key.java.reference.ThisReference) 
64220      DEBUG Thread-33       d.u.i.k.j.TypeConverter   typeconverter: (prefix this;, class class de.uka.ilkd.key.java.reference.ThisReference) 
64230      DEBUG Thread-33       d.u.i.k.j.TypeConverter   typeconverter: (prefix this;, class class de.uka.ilkd.key.java.reference.ThisReference) 
64304      DEBUG Thread-33       d.u.i.k.j.TypeConverter   typeconverter: (prefix this;, class class de.uka.ilkd.key.java.reference.ThisReference) 
64333      DEBUG Thread-33       d.u.i.k.j.TypeConverter   typeconverter: (prefix this;, class class de.uka.ilkd.key.java.reference.ThisReference) 
64359      DEBUG Thread-33       d.u.i.k.j.TypeConverter   typeconverter: (prefix this;, class class de.uka.ilkd.key.java.reference.ThisReference) 
64385      DEBUG Thread-33       d.u.i.k.j.TypeConverter   typeconverter: (prefix this;, class class de.uka.ilkd.key.java.reference.ThisReference) 
64408      DEBUG Thread-33       d.u.i.k.j.TypeConverter   typeconverter: (prefix this;, class class de.uka.ilkd.key.java.reference.ThisReference) 
64433      DEBUG Thread-33       d.u.i.k.j.TypeConverter   typeconverter: (prefix this;, class class de.uka.ilkd.key.java.reference.ThisReference) 
64448      DEBUG Thread-33       d.u.i.k.j.TypeConverter   typeconverter: (prefix this;, class class de.uka.ilkd.key.java.reference.ThisReference) 
64466      DEBUG Thread-33       d.u.i.k.j.TypeConverter   typeconverter: (prefix this;, class class de.uka.ilkd.key.java.reference.ThisReference) 
64549      INFO  main            d.u.i.k.p.r.p.TestFile    ... finished proof: closed. 
225223     INFO  Test worker     d.u.i.k.p.r.RunAllProofsTestUnit Returning from test BlockContracts 
225230     INFO  Test worker     d.u.i.k.p.r.RunAllProofsTestUnit Running test MethodContracts 
423        INFO  Timeout watchdog d.u.i.k.p.r.p.ForkedTestFileRunner Timeout watcher launched (1000 secs.) 
438        WARN  main            d.u.i.k.s.ProofSettings   The settings in /home/runner/.key/proof-settings.props are *not* read. 
467        DEBUG main            d.u.i.k.s.TermLabelSettings TermLabelSettings: Failure while reading the setting "UseOriginLabels".Using the default value: true.The string read was: null 
467        INFO  main            d.u.i.k.p.r.p.TestFile    Now processing file /home/runner/work/key/key/key.core/../key.ui/examples/InformationFlow/MethodContracts/contract.IFMethodContract(contract.IFMethodContract__secure_recursion_2((I,int)).JML normal_behavior operation contract.0.key 
595        DEBUG main            d.u.i.k.p.i.KeYFile       Reading KeY file /home/runner/work/key/key/key.core/../key.ui/examples/InformationFlow/MethodContracts/contract.IFMethodContract(contract.IFMethodContract__secure_recursion_2((I,int)).JML normal_behavior operation contract.0.key 
815        DEBUG main            d.u.i.k.p.i.KeYFile       Reading KeY file file:/home/runner/work/key/key/key.core/build/resources/main/de/uka/ilkd/key/proof/rules/standardRules.key 
865        DEBUG main            d.u.i.k.p.i.KeYFile       Reading KeY file file:/home/runner/work/key/key/key.core/build/resources/main/de/uka/ilkd/key/proof/rules/ldt.key 
879        DEBUG main            d.u.i.k.p.i.KeYFile       Reading KeY file file:/home/runner/work/key/key/key.core/build/resources/main/de/uka/ilkd/key/proof/rules/boolean.key 
905        DEBUG main            d.u.i.k.p.i.KeYFile       Reading KeY file file:/home/runner/work/key/key/key.core/build/resources/main/de/uka/ilkd/key/proof/rules/ruleSetsDeclarations.key 
947        DEBUG main            d.u.i.k.p.i.KeYFile       Reading KeY file file:/home/runner/work/key/key/key.core/build/resources/main/de/uka/ilkd/key/proof/rules/integerHeader.key 
961        DEBUG main            d.u.i.k.p.i.KeYFile       Reading KeY file file:/home/runner/work/key/key/key.core/build/resources/main/de/uka/ilkd/key/proof/rules/floatHeader.key 
966        DEBUG main            d.u.i.k.p.i.KeYFile       Reading KeY file file:/home/runner/work/key/key/key.core/build/resources/main/de/uka/ilkd/key/proof/rules/heap.key 
970        DEBUG main            d.u.i.k.p.i.KeYFile       Reading KeY file file:/home/runner/work/key/key/key.core/build/resources/main/de/uka/ilkd/key/proof/rules/locSets.key 
972        DEBUG main            d.u.i.k.p.i.KeYFile       Reading KeY file file:/home/runner/work/key/key/key.core/build/resources/main/de/uka/ilkd/key/proof/rules/permission.key 
975        DEBUG main            d.u.i.k.p.i.KeYFile       Reading KeY file file:/home/runner/work/key/key/key.core/build/resources/main/de/uka/ilkd/key/proof/rules/reach.key 
975        DEBUG main            d.u.i.k.p.i.KeYFile       Reading KeY file file:/home/runner/work/key/key/key.core/build/resources/main/de/uka/ilkd/key/proof/rules/seq.key 
978        DEBUG main            d.u.i.k.p.i.KeYFile       Reading KeY file file:/home/runner/work/key/key/key.core/build/resources/main/de/uka/ilkd/key/proof/rules/map.key 
1034       DEBUG main            d.u.i.k.p.i.KeYFile       Reading KeY file file:/home/runner/work/key/key/key.core/build/resources/main/de/uka/ilkd/key/proof/rules/freeADT.key 
1035       DEBUG main            d.u.i.k.p.i.KeYFile       Reading KeY file file:/home/runner/work/key/key/key.core/build/resources/main/de/uka/ilkd/key/proof/rules/wellfound.key 
1035       DEBUG main            d.u.i.k.p.i.KeYFile       Reading KeY file file:/home/runner/work/key/key/key.core/build/resources/main/de/uka/ilkd/key/proof/rules/charListHeader.key 
1179       DEBUG main            d.u.i.k.p.i.KeYFile       Reading KeY file file:/home/runner/work/key/key/key.core/build/resources/main/de/uka/ilkd/key/proof/rules/propRule.key 
1224       DEBUG main            d.u.i.k.p.i.KeYFile       Reading KeY file file:/home/runner/work/key/key/key.core/build/resources/main/de/uka/ilkd/key/proof/rules/firstOrderRules.key 
1259       DEBUG main            d.u.i.k.p.i.KeYFile       Reading KeY file file:/home/runner/work/key/key/key.core/build/resources/main/de/uka/ilkd/key/proof/rules/ifThenElseRules.key 
1287       DEBUG main            d.u.i.k.p.i.KeYFile       Reading KeY file file:/home/runner/work/key/key/key.core/build/resources/main/de/uka/ilkd/key/proof/rules/formulaNormalisationRules.key 
1474       DEBUG main            d.u.i.k.p.i.KeYFile       Reading KeY file file:/home/runner/work/key/key/key.core/build/resources/main/de/uka/ilkd/key/proof/rules/updateRules.key 
1505       DEBUG main            d.u.i.k.p.i.KeYFile       Reading KeY file file:/home/runner/work/key/key/key.core/build/resources/main/de/uka/ilkd/key/proof/rules/integerRulesCommon.key 
1592       DEBUG main            d.u.i.k.p.i.KeYFile       Reading KeY file file:/home/runner/work/key/key/key.core/build/resources/main/de/uka/ilkd/key/proof/rules/intRules.key 
1612       DEBUG main            d.u.i.k.p.i.KeYFile       Reading KeY file file:/home/runner/work/key/key/key.core/build/resources/main/de/uka/ilkd/key/proof/rules/intRulesUncheckedSemantics.key 
1626       DEBUG main            d.u.i.k.p.i.KeYFile       Reading KeY file file:/home/runner/work/key/key/key.core/build/resources/main/de/uka/ilkd/key/proof/rules/intRulesCheckedSemantics.key 
1639       DEBUG main            d.u.i.k.p.i.KeYFile       Reading KeY file file:/home/runner/work/key/key/key.core/build/resources/main/de/uka/ilkd/key/proof/rules/intRulesJavaSemantics.key 
1660       DEBUG main            d.u.i.k.p.i.KeYFile       Reading KeY file file:/home/runner/work/key/key/key.core/build/resources/main/de/uka/ilkd/key/proof/rules/integerSimplificationRules.key 
1858       DEBUG main            d.u.i.k.j.TypeConverter   No LDT found for Meta 
1859       DEBUG main            d.u.i.k.j.TypeConverter   No LDT found for Meta 
1862       DEBUG main            d.u.i.k.j.TypeConverter   No LDT found for Meta 
1862       DEBUG main            d.u.i.k.j.TypeConverter   No LDT found for Meta 
1887       DEBUG main            d.u.i.k.p.i.KeYFile       Reading KeY file file:/home/runner/work/key/key/key.core/build/resources/main/de/uka/ilkd/key/proof/rules/intDiv.key 
1921       DEBUG main            d.u.i.k.p.i.KeYFile       Reading KeY file file:/home/runner/work/key/key/key.core/build/resources/main/de/uka/ilkd/key/proof/rules/bsum.key 
2009       DEBUG main            d.u.i.k.p.i.KeYFile       Reading KeY file file:/home/runner/work/key/key/key.core/build/resources/main/de/uka/ilkd/key/proof/rules/bprod.key 
2031       DEBUG main            d.u.i.k.p.i.KeYFile       Reading KeY file file:/home/runner/work/key/key/key.core/build/resources/main/de/uka/ilkd/key/proof/rules/binaryAxioms.key 
2034       DEBUG main            d.u.i.k.p.i.KeYFile       Reading KeY file file:/home/runner/work/key/key/key.core/build/resources/main/de/uka/ilkd/key/proof/rules/binaryLemmas.key 
2038       DEBUG main            d.u.i.k.p.i.KeYFile       Reading KeY file file:/home/runner/work/key/key/key.core/build/resources/main/de/uka/ilkd/key/proof/rules/intPow.key 
2048       DEBUG main            d.u.i.k.p.i.KeYFile       Reading KeY file file:/home/runner/work/key/key/key.core/build/resources/main/de/uka/ilkd/key/proof/rules/floatRulesCommon.key 
2083       DEBUG main            d.u.i.k.p.i.KeYFile       Reading KeY file file:/home/runner/work/key/key/key.core/build/resources/main/de/uka/ilkd/key/proof/rules/floatRules.key 
2084       DEBUG main            d.u.i.k.p.i.KeYFile       Reading KeY file file:/home/runner/work/key/key/key.core/build/resources/main/de/uka/ilkd/key/proof/rules/floatRulesVerifyNormal.key 
2085       DEBUG main            d.u.i.k.p.i.KeYFile       Reading KeY file file:/home/runner/work/key/key/key.core/build/resources/main/de/uka/ilkd/key/proof/rules/floatRulesAssumeStrictfp.key 
2103       DEBUG main            d.u.i.k.p.i.KeYFile       Reading KeY file file:/home/runner/work/key/key/key.core/build/resources/main/de/uka/ilkd/key/proof/rules/genericRules.key 
2115       DEBUG main            d.u.i.k.p.i.KeYFile       Reading KeY file file:/home/runner/work/key/key/key.core/build/resources/main/de/uka/ilkd/key/proof/rules/booleanRules.key 
2118       DEBUG main            d.u.i.k.p.i.KeYFile       Reading KeY file file:/home/runner/work/key/key/key.core/build/resources/main/de/uka/ilkd/key/proof/rules/epsilon.key 
2121       DEBUG main            d.u.i.k.p.i.KeYFile       Reading KeY file file:/home/runner/work/key/key/key.core/build/resources/main/de/uka/ilkd/key/proof/rules/locSetsRules.key 
2158       DEBUG main            d.u.i.k.p.i.KeYFile       Reading KeY file file:/home/runner/work/key/key/key.core/build/resources/main/de/uka/ilkd/key/proof/rules/heapRules.key 
2191       DEBUG main            d.u.i.k.p.i.KeYFile       Reading KeY file file:/home/runner/work/key/key/key.core/build/resources/main/de/uka/ilkd/key/proof/rules/permissionRules.key 
2234       DEBUG main            d.u.i.k.p.i.KeYFile       Reading KeY file file:/home/runner/work/key/key/key.core/build/resources/main/de/uka/ilkd/key/proof/rules/reachRules.key 
2261       DEBUG main            d.u.i.k.p.i.KeYFile       Reading KeY file file:/home/runner/work/key/key/key.core/build/resources/main/de/uka/ilkd/key/proof/rules/seqCoreRules.key 
2264       DEBUG main            d.u.i.k.p.i.KeYFile       Reading KeY file file:/home/runner/work/key/key/key.core/build/resources/main/de/uka/ilkd/key/proof/rules/seqRules.key 
2300       DEBUG main            d.u.i.k.p.i.KeYFile       Reading KeY file file:/home/runner/work/key/key/key.core/build/resources/main/de/uka/ilkd/key/proof/rules/seqPerm.key 
2326       DEBUG main            d.u.i.k.p.i.KeYFile       Reading KeY file file:/home/runner/work/key/key/key.core/build/resources/main/de/uka/ilkd/key/proof/rules/seqPerm2.key 
2331       DEBUG main            d.u.i.k.p.i.KeYFile       Reading KeY file file:/home/runner/work/key/key/key.core/build/resources/main/de/uka/ilkd/key/proof/rules/javaRules.key 
2432       DEBUG main            d.u.i.k.p.i.KeYFile       Reading KeY file file:/home/runner/work/key/key/key.core/build/resources/main/de/uka/ilkd/key/proof/rules/assertions.key 
2891       DEBUG main            d.u.i.k.p.i.KeYFile       Reading KeY file file:/home/runner/work/key/key/key.core/build/resources/main/de/uka/ilkd/key/proof/rules/loopRules.key 
2927       DEBUG main            d.u.i.k.p.i.KeYFile       Reading KeY file file:/home/runner/work/key/key/key.core/build/resources/main/de/uka/ilkd/key/proof/rules/activeUse.key 
2962       DEBUG main            d.u.i.k.p.i.KeYFile       Reading KeY file file:/home/runner/work/key/key/key.core/build/resources/main/de/uka/ilkd/key/proof/rules/instanceAllocation.key 
2977       DEBUG main            d.u.i.k.p.i.KeYFile       Reading KeY file file:/home/runner/work/key/key/key.core/build/resources/main/de/uka/ilkd/key/proof/rules/java5.key 
2980       DEBUG main            d.u.i.k.p.i.KeYFile       Reading KeY file file:/home/runner/work/key/key/key.core/build/resources/main/de/uka/ilkd/key/proof/rules/integerAssignment2UpdateRules.key 
3007       DEBUG main            d.u.i.k.p.i.KeYFile       Reading KeY file file:/home/runner/work/key/key/key.core/build/resources/main/de/uka/ilkd/key/proof/rules/floatAssignment2UpdateRules.key 
3027       DEBUG main            d.u.i.k.p.i.KeYFile       Reading KeY file file:/home/runner/work/key/key/key.core/build/resources/main/de/uka/ilkd/key/proof/rules/bigint.key 
3038       DEBUG main            d.u.i.k.j.TypeConverter   No LDT found for JavaBigintExpression 
3041       DEBUG main            d.u.i.k.p.i.KeYFile       Reading KeY file file:/home/runner/work/key/key/key.core/build/resources/main/de/uka/ilkd/key/proof/rules/adtProgramDecompositionRules.key 
3057       DEBUG main            d.u.i.k.p.i.KeYFile       Reading KeY file file:/home/runner/work/key/key/key.core/build/resources/main/de/uka/ilkd/key/proof/rules/precRules.key 
3060       DEBUG main            d.u.i.k.p.i.KeYFile       Reading KeY file file:/home/runner/work/key/key/key.core/build/resources/main/de/uka/ilkd/key/proof/rules/charListRules.key 
3075       DEBUG main            d.u.i.k.p.i.KeYFile       Reading KeY file file:/home/runner/work/key/key/key.core/build/resources/main/de/uka/ilkd/key/proof/rules/regExTheory.key 
3076       DEBUG main            d.u.i.k.p.i.KeYFile       Reading KeY file file:/home/runner/work/key/key/key.core/build/resources/main/de/uka/ilkd/key/proof/rules/regExHeader.key 
3077       DEBUG main            d.u.i.k.p.i.KeYFile       Reading KeY file file:/home/runner/work/key/key/key.core/build/resources/main/de/uka/ilkd/key/proof/rules/regExAxioms.key 
3081       DEBUG main            d.u.i.k.p.i.KeYFile       Reading KeY file file:/home/runner/work/key/key/key.core/build/resources/main/de/uka/ilkd/key/proof/rules/regExLemmaProven.key 
3087       DEBUG main            d.u.i.k.p.i.KeYFile       Reading KeY file file:/home/runner/work/key/key/key.core/build/resources/main/de/uka/ilkd/key/proof/rules/seqEq.key 
3094       DEBUG main            d.u.i.k.p.i.KeYFile       Reading KeY file file:/home/runner/work/key/key/key.core/build/resources/main/de/uka/ilkd/key/proof/rules/infFlow.key 
3100       DEBUG main            d.u.i.k.p.i.KeYFile       Reading KeY file file:/home/runner/work/key/key/key.core/build/resources/main/de/uka/ilkd/key/proof/rules/mapSize.key 
3103       DEBUG main            d.u.i.k.p.i.KeYFile       Reading KeY file file:/home/runner/work/key/key/key.core/build/resources/main/de/uka/ilkd/key/proof/rules/wd.key 
3105       DEBUG main            d.u.i.k.p.i.KeYFile       Reading KeY file file:/home/runner/work/key/key/key.core/build/resources/main/de/uka/ilkd/key/proof/rules/wdHeader.key 
3106       DEBUG main            d.u.i.k.p.i.KeYFile       Reading KeY file file:/home/runner/work/key/key/key.core/build/resources/main/de/uka/ilkd/key/proof/rules/wdGeneralRules.key 
3110       DEBUG main            d.u.i.k.p.i.KeYFile       Reading KeY file file:/home/runner/work/key/key/key.core/build/resources/main/de/uka/ilkd/key/proof/rules/wdNumericalRules.key 
3160       DEBUG main            d.u.i.k.p.i.KeYFile       Reading KeY file file:/home/runner/work/key/key/key.core/build/resources/main/de/uka/ilkd/key/proof/rules/wdLocSetRules.key 
3166       DEBUG main            d.u.i.k.p.i.KeYFile       Reading KeY file file:/home/runner/work/key/key/key.core/build/resources/main/de/uka/ilkd/key/proof/rules/wdHeapRules.key 
3170       DEBUG main            d.u.i.k.p.i.KeYFile       Reading KeY file file:/home/runner/work/key/key/key.core/build/resources/main/de/uka/ilkd/key/proof/rules/wdReachRules.key 
3172       DEBUG main            d.u.i.k.p.i.KeYFile       Reading KeY file file:/home/runner/work/key/key/key.core/build/resources/main/de/uka/ilkd/key/proof/rules/wdSeqRules.key 
3175       DEBUG main            d.u.i.k.p.i.KeYFile       Reading KeY file file:/home/runner/work/key/key/key.core/build/resources/main/de/uka/ilkd/key/proof/rules/wdStringRules.key 
3178       DEBUG main            d.u.i.k.p.i.KeYFile       Reading KeY file file:/home/runner/work/key/key/key.core/build/resources/main/de/uka/ilkd/key/proof/rules/wdRegExRules.key 
3180       DEBUG main            d.u.i.k.p.i.KeYFile       Reading KeY file file:/home/runner/work/key/key/key.core/build/resources/main/de/uka/ilkd/key/proof/rules/wdFormulaRules.key 
3194       DEBUG main            d.u.i.k.p.i.KeYFile       Reading KeY file file:/home/runner/work/key/key/key.core/build/resources/main/de/uka/ilkd/key/proof/rules/loopInvariantRules.key 
3196       DEBUG main            d.u.i.k.p.i.KeYFile       Reading KeY file file:/home/runner/work/key/key/key.core/build/resources/main/de/uka/ilkd/key/proof/rules/forLoopRules.key 
3199       DEBUG main            d.u.i.k.p.i.KeYFile       Reading KeY file file:/home/runner/work/key/key/key.core/build/resources/main/de/uka/ilkd/key/proof/rules/execRules.key 
3258       DEBUG main            d.u.i.k.p.i.KeYFile       Reading KeY file file:/home/runner/work/key/key/key.core/build/resources/main/de/uka/ilkd/key/proof/rules/loopScopeRules.key 
5663       DEBUG main            d.u.i.k.j.Recoder2KeY     converting now /home/runner/work/key/key/key.core/../key.ui/examples/InformationFlow/MethodContracts/src/contract/IFMethodContract.java 
5700       DEBUG main            d.u.i.k.s.TermLabelSettings TermLabelSettings: Failure while reading the setting "UseOriginLabels".Using the default value: true.The string read was: null 
5710       DEBUG main            d.u.i.k.p.i.KeYFile       Reading KeY file file:/home/runner/work/key/key/key.core/build/resources/main/de/uka/ilkd/key/java/JavaRedux/java/lang/String.key 
8094       DEBUG main            d.u.i.k.p.i.KeYFile       Reading KeY file /home/runner/work/key/key/key.core/../key.ui/examples/InformationFlow/MethodContracts/contract.IFMethodContract(contract.IFMethodContract__secure_recursion_2((I,int)).JML normal_behavior operation contract.0.key 
8892       DEBUG Thread-1        d.u.i.k.j.TypeConverter   typeconverter: (prefix this;, class class de.uka.ilkd.key.java.reference.ThisReference) 
9027       INFO  main            d.u.i.k.p.r.p.TestFile    ... finished proof: closed. 
9144       DEBUG main            d.u.i.k.s.TermLabelSettings TermLabelSettings: Failure while reading the setting "UseOriginLabels".Using the default value: true.The string read was: null 
9145       INFO  main            d.u.i.k.p.r.p.TestFile    Now processing file /home/runner/work/key/key/key.core/../key.ui/examples/InformationFlow/MethodContracts/contract.IFMethodContract(contract.IFMethodContract__secure_recursion(int)).JML normal_behavior operation contract.0.key 
9145       DEBUG main            d.u.i.k.p.i.KeYFile       Reading KeY file /home/runner/work/key/key/key.core/../key.ui/examples/InformationFlow/MethodContracts/contract.IFMethodContract(contract.IFMethodContract__secure_recursion(int)).JML normal_behavior operation contract.0.key 
10168      DEBUG main            d.u.i.k.j.Recoder2KeY     converting now /home/runner/work/key/key/key.core/../key.ui/examples/InformationFlow/MethodContracts/src/contract/IFMethodContract.java 
10181      DEBUG main            d.u.i.k.s.TermLabelSettings TermLabelSettings: Failure while reading the setting "UseOriginLabels".Using the default value: true.The string read was: null 
10185      DEBUG main            d.u.i.k.p.i.KeYFile       Reading KeY file file:/home/runner/work/key/key/key.core/build/resources/main/de/uka/ilkd/key/java/JavaRedux/java/lang/String.key 
12050      DEBUG main            d.u.i.k.p.i.KeYFile       Reading KeY file /home/runner/work/key/key/key.core/../key.ui/examples/InformationFlow/MethodContracts/contract.IFMethodContract(contract.IFMethodContract__secure_recursion(int)).JML normal_behavior operation contract.0.key 
12165      DEBUG Thread-3        d.u.i.k.j.TypeConverter   typeconverter: (prefix this;, class class de.uka.ilkd.key.java.reference.ThisReference) 
12174      DEBUG Thread-3        d.u.i.k.j.TypeConverter   typeconverter: (prefix this;, class class de.uka.ilkd.key.java.reference.ThisReference) 
12253      INFO  main            d.u.i.k.p.r.p.TestFile    ... finished proof: closed. 
12380      DEBUG main            d.u.i.k.s.TermLabelSettings TermLabelSettings: Failure while reading the setting "UseOriginLabels".Using the default value: true.The string read was: null 
12380      INFO  main            d.u.i.k.p.r.p.TestFile    Now processing file /home/runner/work/key/key/key.core/../key.ui/examples/InformationFlow/MethodContracts/contract.IFMethodContract(contract.IFMethodContract__secure_catch_exception()).JML operation contract.0.key 
12380      DEBUG main            d.u.i.k.p.i.KeYFile       Reading KeY file /home/runner/work/key/key/key.core/../key.ui/examples/InformationFlow/MethodContracts/contract.IFMethodContract(contract.IFMethodContract__secure_catch_exception()).JML operation contract.0.key 
13288      DEBUG main            d.u.i.k.j.Recoder2KeY     converting now /home/runner/work/key/key/key.core/../key.ui/examples/InformationFlow/MethodContracts/src/contract/IFMethodContract.java 
13295      DEBUG main            d.u.i.k.s.TermLabelSettings TermLabelSettings: Failure while reading the setting "UseOriginLabels".Using the default value: true.The string read was: null 
13297      DEBUG main            d.u.i.k.p.i.KeYFile       Reading KeY file file:/home/runner/work/key/key/key.core/build/resources/main/de/uka/ilkd/key/java/JavaRedux/java/lang/String.key 
15183      DEBUG main            d.u.i.k.p.i.KeYFile       Reading KeY file /home/runner/work/key/key/key.core/../key.ui/examples/InformationFlow/MethodContracts/contract.IFMethodContract(contract.IFMethodContract__secure_catch_exception()).JML operation contract.0.key 
15214      DEBUG Thread-5        d.u.i.k.r.m.MethodCall    method-call: called for n7(); 
15215      DEBUG Thread-5        d.u.i.k.r.m.MethodCall    method-call: invocation of non-private instance method detected.Requires dynamic resolving. 
15364      DEBUG Thread-5        d.u.i.k.j.TypeConverter   typeconverter: (prefix this;, class class de.uka.ilkd.key.java.reference.ThisReference) 
15387      INFO  main            d.u.i.k.p.r.p.TestFile    ... finished proof: closed. 
15511      DEBUG main            d.u.i.k.s.TermLabelSettings TermLabelSettings: Failure while reading the setting "UseOriginLabels".Using the default value: true.The string read was: null 
15511      INFO  main            d.u.i.k.p.r.p.TestFile    Now processing file /home/runner/work/key/key/key.core/../key.ui/examples/InformationFlow/MethodContracts/contract.IFMethodContract(contract.IFMethodContract__n6()).JML normal_behavior operation contract.0.key 
15512      DEBUG main            d.u.i.k.p.i.KeYFile       Reading KeY file /home/runner/work/key/key/key.core/../key.ui/examples/InformationFlow/MethodContracts/contract.IFMethodContract(contract.IFMethodContract__n6()).JML normal_behavior operation contract.0.key 
16397      DEBUG main            d.u.i.k.j.Recoder2KeY     converting now /home/runner/work/key/key/key.core/../key.ui/examples/InformationFlow/MethodContracts/src/contract/IFMethodContract.java 
16405      DEBUG main            d.u.i.k.s.TermLabelSettings TermLabelSettings: Failure while reading the setting "UseOriginLabels".Using the default value: true.The string read was: null 
16407      DEBUG main            d.u.i.k.p.i.KeYFile       Reading KeY file file:/home/runner/work/key/key/key.core/build/resources/main/de/uka/ilkd/key/java/JavaRedux/java/lang/String.key 
18305      DEBUG main            d.u.i.k.p.i.KeYFile       Reading KeY file /home/runner/work/key/key/key.core/../key.ui/examples/InformationFlow/MethodContracts/contract.IFMethodContract(contract.IFMethodContract__n6()).JML normal_behavior operation contract.0.key 
18326      DEBUG Thread-7        d.u.i.k.j.TypeConverter   typeconverter: (prefix this;, class class de.uka.ilkd.key.java.reference.ThisReference) 
18333      DEBUG Thread-7        d.u.i.k.j.TypeConverter   typeconverter: (prefix this;, class class de.uka.ilkd.key.java.reference.ThisReference) 
18338      DEBUG Thread-7        d.u.i.k.j.TypeConverter   typeconverter: (prefix this;, class class de.uka.ilkd.key.java.reference.ThisReference) 
18408      INFO  main            d.u.i.k.p.r.p.TestFile    ... finished proof: closed. 
18541      DEBUG main            d.u.i.k.s.TermLabelSettings TermLabelSettings: Failure while reading the setting "UseOriginLabels".Using the default value: true.The string read was: null 
18542      INFO  main            d.u.i.k.p.r.p.TestFile    Now processing file /home/runner/work/key/key/key.core/../key.ui/examples/InformationFlow/MethodContracts/contract.IFMethodContract(contract.IFMethodContract__secure_n6()).JML operation contract.0.key 
18542      DEBUG main            d.u.i.k.p.i.KeYFile       Reading KeY file /home/runner/work/key/key/key.core/../key.ui/examples/InformationFlow/MethodContracts/contract.IFMethodContract(contract.IFMethodContract__secure_n6()).JML operation contract.0.key 
19417      DEBUG main            d.u.i.k.j.Recoder2KeY     converting now /home/runner/work/key/key/key.core/../key.ui/examples/InformationFlow/MethodContracts/src/contract/IFMethodContract.java 
19423      DEBUG main            d.u.i.k.s.TermLabelSettings TermLabelSettings: Failure while reading the setting "UseOriginLabels".Using the default value: true.The string read was: null 
19425      DEBUG main            d.u.i.k.p.i.KeYFile       Reading KeY file file:/home/runner/work/key/key/key.core/build/resources/main/de/uka/ilkd/key/java/JavaRedux/java/lang/String.key 
21259      DEBUG main            d.u.i.k.p.i.KeYFile       Reading KeY file /home/runner/work/key/key/key.core/../key.ui/examples/InformationFlow/MethodContracts/contract.IFMethodContract(contract.IFMethodContract__secure_n6()).JML operation contract.0.key 
21361      INFO  main            d.u.i.k.p.r.p.TestFile    ... finished proof: closed. 
21534      DEBUG main            d.u.i.k.s.TermLabelSettings TermLabelSettings: Failure while reading the setting "UseOriginLabels".Using the default value: true.The string read was: null 
21534      INFO  main            d.u.i.k.p.r.p.TestFile    Now processing file /home/runner/work/key/key/key.core/../key.ui/examples/InformationFlow/MethodContracts/contract.IFMethodContract(contract.IFMethodContract__secure_array_param_helper()).JML normal_behavior operation contract.0.key 
21535      DEBUG main            d.u.i.k.p.i.KeYFile       Reading KeY file /home/runner/work/key/key/key.core/../key.ui/examples/InformationFlow/MethodContracts/contract.IFMethodContract(contract.IFMethodContract__secure_array_param_helper()).JML normal_behavior operation contract.0.key 
22377      DEBUG main            d.u.i.k.j.Recoder2KeY     converting now /home/runner/work/key/key/key.core/../key.ui/examples/InformationFlow/MethodContracts/src/contract/IFMethodContract.java 
22384      DEBUG main            d.u.i.k.s.TermLabelSettings TermLabelSettings: Failure while reading the setting "UseOriginLabels".Using the default value: true.The string read was: null 
22385      DEBUG main            d.u.i.k.p.i.KeYFile       Reading KeY file file:/home/runner/work/key/key/key.core/build/resources/main/de/uka/ilkd/key/java/JavaRedux/java/lang/String.key 
24169      DEBUG main            d.u.i.k.p.i.KeYFile       Reading KeY file /home/runner/work/key/key/key.core/../key.ui/examples/InformationFlow/MethodContracts/contract.IFMethodContract(contract.IFMethodContract__secure_array_param_helper()).JML normal_behavior operation contract.0.key 
24271      INFO  main            d.u.i.k.p.r.p.TestFile    ... finished proof: closed. 
24399      DEBUG main            d.u.i.k.s.TermLabelSettings TermLabelSettings: Failure while reading the setting "UseOriginLabels".Using the default value: true.The string read was: null 
24399      INFO  main            d.u.i.k.p.r.p.TestFile    Now processing file /home/runner/work/key/key/key.core/../key.ui/examples/InformationFlow/MethodContracts/contract.IFMethodContract(contract.IFMethodContract__secure_array_param((I,int)).JML operation contract.0.key 
24400      DEBUG main            d.u.i.k.p.i.KeYFile       Reading KeY file /home/runner/work/key/key/key.core/../key.ui/examples/InformationFlow/MethodContracts/contract.IFMethodContract(contract.IFMethodContract__secure_array_param((I,int)).JML operation contract.0.key 
25235      DEBUG main            d.u.i.k.j.Recoder2KeY     converting now /home/runner/work/key/key/key.core/../key.ui/examples/InformationFlow/MethodContracts/src/contract/IFMethodContract.java 
25241      DEBUG main            d.u.i.k.s.TermLabelSettings TermLabelSettings: Failure while reading the setting "UseOriginLabels".Using the default value: true.The string read was: null 
25243      DEBUG main            d.u.i.k.p.i.KeYFile       Reading KeY file file:/home/runner/work/key/key/key.core/build/resources/main/de/uka/ilkd/key/java/JavaRedux/java/lang/String.key 
27057      DEBUG main            d.u.i.k.p.i.KeYFile       Reading KeY file /home/runner/work/key/key/key.core/../key.ui/examples/InformationFlow/MethodContracts/contract.IFMethodContract(contract.IFMethodContract__secure_array_param((I,int)).JML operation contract.0.key 
27159      INFO  main            d.u.i.k.p.r.p.TestFile    ... finished proof: closed. 
27298      DEBUG main            d.u.i.k.s.TermLabelSettings TermLabelSettings: Failure while reading the setting "UseOriginLabels".Using the default value: true.The string read was: null 
27298      INFO  main            d.u.i.k.p.r.p.TestFile    Now processing file /home/runner/work/key/key/key.core/../key.ui/examples/InformationFlow/MethodContracts/contract.IFMethodContract(contract.IFMethodContract__n9()).JML normal_behavior operation contract.0.key 
27298      DEBUG main            d.u.i.k.p.i.KeYFile       Reading KeY file /home/runner/work/key/key/key.core/../key.ui/examples/InformationFlow/MethodContracts/contract.IFMethodContract(contract.IFMethodContract__n9()).JML normal_behavior operation contract.0.key 
28120      DEBUG main            d.u.i.k.j.Recoder2KeY     converting now /home/runner/work/key/key/key.core/../key.ui/examples/InformationFlow/MethodContracts/src/contract/IFMethodContract.java 
28126      DEBUG main            d.u.i.k.s.TermLabelSettings TermLabelSettings: Failure while reading the setting "UseOriginLabels".Using the default value: true.The string read was: null 
28128      DEBUG main            d.u.i.k.p.i.KeYFile       Reading KeY file file:/home/runner/work/key/key/key.core/build/resources/main/de/uka/ilkd/key/java/JavaRedux/java/lang/String.key 
29885      DEBUG main            d.u.i.k.p.i.KeYFile       Reading KeY file /home/runner/work/key/key/key.core/../key.ui/examples/InformationFlow/MethodContracts/contract.IFMethodContract(contract.IFMethodContract__n9()).JML normal_behavior operation contract.0.key 
29907      DEBUG Thread-15       d.u.i.k.j.TypeConverter   typeconverter: (prefix this;, class class de.uka.ilkd.key.java.reference.ThisReference) 
29911      DEBUG Thread-15       d.u.i.k.j.TypeConverter   typeconverter: (prefix this;, class class de.uka.ilkd.key.java.reference.ThisReference) 
29990      INFO  main            d.u.i.k.p.r.p.TestFile    ... finished proof: closed. 
30123      DEBUG main            d.u.i.k.s.TermLabelSettings TermLabelSettings: Failure while reading the setting "UseOriginLabels".Using the default value: true.The string read was: null 
30123      INFO  main            d.u.i.k.p.r.p.TestFile    Now processing file /home/runner/work/key/key/key.core/../key.ui/examples/InformationFlow/MethodContracts/contract.IFMethodContract(contract.IFMethodContract__secure_assignment_0_n9()).JML operation contract.0.key 
30123      DEBUG main            d.u.i.k.p.i.KeYFile       Reading KeY file /home/runner/work/key/key/key.core/../key.ui/examples/InformationFlow/MethodContracts/contract.IFMethodContract(contract.IFMethodContract__secure_assignment_0_n9()).JML operation contract.0.key 
30954      DEBUG main            d.u.i.k.j.Recoder2KeY     converting now /home/runner/work/key/key/key.core/../key.ui/examples/InformationFlow/MethodContracts/src/contract/IFMethodContract.java 
30960      DEBUG main            d.u.i.k.s.TermLabelSettings TermLabelSettings: Failure while reading the setting "UseOriginLabels".Using the default value: true.The string read was: null 
30961      DEBUG main            d.u.i.k.p.i.KeYFile       Reading KeY file file:/home/runner/work/key/key/key.core/build/resources/main/de/uka/ilkd/key/java/JavaRedux/java/lang/String.key 
32687      DEBUG main            d.u.i.k.p.i.KeYFile       Reading KeY file /home/runner/work/key/key/key.core/../key.ui/examples/InformationFlow/MethodContracts/contract.IFMethodContract(contract.IFMethodContract__secure_assignment_0_n9()).JML operation contract.0.key 
32701      DEBUG Thread-17       d.u.i.k.j.TypeConverter   typeconverter: (prefix this;, class class de.uka.ilkd.key.java.reference.ThisReference) 
32790      INFO  main            d.u.i.k.p.r.p.TestFile    ... finished proof: closed. 
32954      DEBUG main            d.u.i.k.s.TermLabelSettings TermLabelSettings: Failure while reading the setting "UseOriginLabels".Using the default value: true.The string read was: null 
32954      INFO  main            d.u.i.k.p.r.p.TestFile    Now processing file /home/runner/work/key/key/key.core/../key.ui/examples/InformationFlow/MethodContracts/contract.IFMethodContract(contract.IFMethodContract__insecure_if_high_n5_n1()).JML operation contract.0.key 
32954      DEBUG main            d.u.i.k.p.i.KeYFile       Reading KeY file /home/runner/work/key/key/key.core/../key.ui/examples/InformationFlow/MethodContracts/contract.IFMethodContract(contract.IFMethodContract__insecure_if_high_n5_n1()).JML operation contract.0.key 
33749      DEBUG main            d.u.i.k.j.Recoder2KeY     converting now /home/runner/work/key/key/key.core/../key.ui/examples/InformationFlow/MethodContracts/src/contract/IFMethodContract.java 
33755      DEBUG main            d.u.i.k.s.TermLabelSettings TermLabelSettings: Failure while reading the setting "UseOriginLabels".Using the default value: true.The string read was: null 
33756      DEBUG main            d.u.i.k.p.i.KeYFile       Reading KeY file file:/home/runner/work/key/key/key.core/build/resources/main/de/uka/ilkd/key/java/JavaRedux/java/lang/String.key 
35511      DEBUG main            d.u.i.k.p.i.KeYFile       Reading KeY file /home/runner/work/key/key/key.core/../key.ui/examples/InformationFlow/MethodContracts/contract.IFMethodContract(contract.IFMethodContract__insecure_if_high_n5_n1()).JML operation contract.0.key 
35529      DEBUG Thread-19       d.u.i.k.j.TypeConverter   typeconverter: (prefix this;, class class de.uka.ilkd.key.java.reference.ThisReference) 
35548      DEBUG Thread-19       d.u.i.k.j.TypeConverter   typeconverter: (prefix this;, class class de.uka.ilkd.key.java.reference.ThisReference) 
35581      DEBUG Thread-19       d.u.i.k.j.TypeConverter   typeconverter: (prefix this;, class class de.uka.ilkd.key.java.reference.ThisReference) 
35588      DEBUG Thread-19       d.u.i.k.j.TypeConverter   typeconverter: (prefix this;, class class de.uka.ilkd.key.java.reference.ThisReference) 
35713      INFO  main            d.u.i.k.p.r.p.TestFile    ... finished proof: closed. 
35862      DEBUG main            d.u.i.k.s.TermLabelSettings TermLabelSettings: Failure while reading the setting "UseOriginLabels".Using the default value: true.The string read was: null 
35862      INFO  main            d.u.i.k.p.r.p.TestFile    Now processing file /home/runner/work/key/key/key.core/../key.ui/examples/InformationFlow/MethodContracts/contract.IFMethodContract(contract.IFMethodContract__n5(int)).JML normal_behavior operation contract.0.key 
35863      DEBUG main            d.u.i.k.p.i.KeYFile       Reading KeY file /home/runner/work/key/key/key.core/../key.ui/examples/InformationFlow/MethodContracts/contract.IFMethodContract(contract.IFMethodContract__n5(int)).JML normal_behavior operation contract.0.key 
36663      DEBUG main            d.u.i.k.j.Recoder2KeY     converting now /home/runner/work/key/key/key.core/../key.ui/examples/InformationFlow/MethodContracts/src/contract/IFMethodContract.java 
36668      DEBUG main            d.u.i.k.s.TermLabelSettings TermLabelSettings: Failure while reading the setting "UseOriginLabels".Using the default value: true.The string read was: null 
36670      DEBUG main            d.u.i.k.p.i.KeYFile       Reading KeY file file:/home/runner/work/key/key/key.core/build/resources/main/de/uka/ilkd/key/java/JavaRedux/java/lang/String.key 
38406      DEBUG main            d.u.i.k.p.i.KeYFile       Reading KeY file /home/runner/work/key/key/key.core/../key.ui/examples/InformationFlow/MethodContracts/contract.IFMethodContract(contract.IFMethodContract__n5(int)).JML normal_behavior operation contract.0.key 
38423      DEBUG Thread-21       d.u.i.k.j.TypeConverter   typeconverter: (prefix this;, class class de.uka.ilkd.key.java.reference.ThisReference) 
38509      INFO  main            d.u.i.k.p.r.p.TestFile    ... finished proof: closed. 
38653      DEBUG main            d.u.i.k.s.TermLabelSettings TermLabelSettings: Failure while reading the setting "UseOriginLabels".Using the default value: true.The string read was: null 
38653      INFO  main            d.u.i.k.p.r.p.TestFile    Now processing file /home/runner/work/key/key/key.core/../key.ui/examples/InformationFlow/MethodContracts/contract.IFMethodContract(contract.IFMethodContract__secure_if_high_n5_n1()).JML operation contract.0.key 
38654      DEBUG main            d.u.i.k.p.i.KeYFile       Reading KeY file /home/runner/work/key/key/key.core/../key.ui/examples/InformationFlow/MethodContracts/contract.IFMethodContract(contract.IFMethodContract__secure_if_high_n5_n1()).JML operation contract.0.key 
39459      DEBUG main            d.u.i.k.j.Recoder2KeY     converting now /home/runner/work/key/key/key.core/../key.ui/examples/InformationFlow/MethodContracts/src/contract/IFMethodContract.java 
39465      DEBUG main            d.u.i.k.s.TermLabelSettings TermLabelSettings: Failure while reading the setting "UseOriginLabels".Using the default value: true.The string read was: null 
39467      DEBUG main            d.u.i.k.p.i.KeYFile       Reading KeY file file:/home/runner/work/key/key/key.core/build/resources/main/de/uka/ilkd/key/java/JavaRedux/java/lang/String.key 
41238      DEBUG main            d.u.i.k.p.i.KeYFile       Reading KeY file /home/runner/work/key/key/key.core/../key.ui/examples/InformationFlow/MethodContracts/contract.IFMethodContract(contract.IFMethodContract__secure_if_high_n5_n1()).JML operation contract.0.key 
41255      DEBUG Thread-23       d.u.i.k.j.TypeConverter   typeconverter: (prefix this;, class class de.uka.ilkd.key.java.reference.ThisReference) 
41279      DEBUG Thread-23       d.u.i.k.j.TypeConverter   typeconverter: (prefix this;, class class de.uka.ilkd.key.java.reference.ThisReference) 
41287      DEBUG Thread-23       d.u.i.k.j.TypeConverter   typeconverter: (prefix this;, class class de.uka.ilkd.key.java.reference.ThisReference) 
41301      DEBUG Thread-23       d.u.i.k.j.TypeConverter   typeconverter: (prefix this;, class class de.uka.ilkd.key.java.reference.ThisReference) 
41312      DEBUG Thread-23       d.u.i.k.j.TypeConverter   typeconverter: (prefix this;, class class de.uka.ilkd.key.java.reference.ThisReference) 
41347      DEBUG Thread-23       d.u.i.k.j.TypeConverter   typeconverter: (prefix this;, class class de.uka.ilkd.key.java.reference.ThisReference) 
41380      DEBUG Thread-23       d.u.i.k.j.TypeConverter   typeconverter: (prefix this;, class class de.uka.ilkd.key.java.reference.ThisReference) 
41387      DEBUG Thread-23       d.u.i.k.j.TypeConverter   typeconverter: (prefix this;, class class de.uka.ilkd.key.java.reference.ThisReference) 
41440      INFO  main            d.u.i.k.p.r.p.TestFile    ... finished proof: closed. 
41610      DEBUG main            d.u.i.k.s.TermLabelSettings TermLabelSettings: Failure while reading the setting "UseOriginLabels".Using the default value: true.The string read was: null 
41610      INFO  main            d.u.i.k.p.r.p.TestFile    Now processing file /home/runner/work/key/key/key.core/../key.ui/examples/InformationFlow/MethodContracts/contract.IFMethodContract(contract.IFMethodContract__secure_if_high_n1()).JML operation contract.0.key 
41611      DEBUG main            d.u.i.k.p.i.KeYFile       Reading KeY file /home/runner/work/key/key/key.core/../key.ui/examples/InformationFlow/MethodContracts/contract.IFMethodContract(contract.IFMethodContract__secure_if_high_n1()).JML operation contract.0.key 
42430      DEBUG main            d.u.i.k.j.Recoder2KeY     converting now /home/runner/work/key/key/key.core/../key.ui/examples/InformationFlow/MethodContracts/src/contract/IFMethodContract.java 
42436      DEBUG main            d.u.i.k.s.TermLabelSettings TermLabelSettings: Failure while reading the setting "UseOriginLabels".Using the default value: true.The string read was: null 
42438      DEBUG main            d.u.i.k.p.i.KeYFile       Reading KeY file file:/home/runner/work/key/key/key.core/build/resources/main/de/uka/ilkd/key/java/JavaRedux/java/lang/String.key 
44114      DEBUG main            d.u.i.k.p.i.KeYFile       Reading KeY file /home/runner/work/key/key/key.core/../key.ui/examples/InformationFlow/MethodContracts/contract.IFMethodContract(contract.IFMethodContract__secure_if_high_n1()).JML operation contract.0.key 
44130      DEBUG Thread-25       d.u.i.k.j.TypeConverter   typeconverter: (prefix this;, class class de.uka.ilkd.key.java.reference.ThisReference) 
44156      DEBUG Thread-25       d.u.i.k.j.TypeConverter   typeconverter: (prefix this;, class class de.uka.ilkd.key.java.reference.ThisReference) 
44165      DEBUG Thread-25       d.u.i.k.j.TypeConverter   typeconverter: (prefix this;, class class de.uka.ilkd.key.java.reference.ThisReference) 
44195      DEBUG Thread-25       d.u.i.k.j.TypeConverter   typeconverter: (prefix this;, class class de.uka.ilkd.key.java.reference.ThisReference) 
44204      DEBUG Thread-25       d.u.i.k.j.TypeConverter   typeconverter: (prefix this;, class class de.uka.ilkd.key.java.reference.ThisReference) 
44317      INFO  main            d.u.i.k.p.r.p.TestFile    ... finished proof: closed. 
44481      DEBUG main            d.u.i.k.s.TermLabelSettings TermLabelSettings: Failure while reading the setting "UseOriginLabels".Using the default value: true.The string read was: null 
44481      INFO  main            d.u.i.k.p.r.p.TestFile    Now processing file /home/runner/work/key/key/key.core/../key.ui/examples/InformationFlow/MethodContracts/contract.IFMethodContract(contract.IFMethodContract__secure_n5()).JML operation contract.0.key 
44482      DEBUG main            d.u.i.k.p.i.KeYFile       Reading KeY file /home/runner/work/key/key/key.core/../key.ui/examples/InformationFlow/MethodContracts/contract.IFMethodContract(contract.IFMethodContract__secure_n5()).JML operation contract.0.key 
45289      DEBUG main            d.u.i.k.j.Recoder2KeY     converting now /home/runner/work/key/key/key.core/../key.ui/examples/InformationFlow/MethodContracts/src/contract/IFMethodContract.java 
45295      DEBUG main            d.u.i.k.s.TermLabelSettings TermLabelSettings: Failure while reading the setting "UseOriginLabels".Using the default value: true.The string read was: null 
45297      DEBUG main            d.u.i.k.p.i.KeYFile       Reading KeY file file:/home/runner/work/key/key/key.core/build/resources/main/de/uka/ilkd/key/java/JavaRedux/java/lang/String.key 
47034      DEBUG main            d.u.i.k.p.i.KeYFile       Reading KeY file /home/runner/work/key/key/key.core/../key.ui/examples/InformationFlow/MethodContracts/contract.IFMethodContract(contract.IFMethodContract__secure_n5()).JML operation contract.0.key 
47052      DEBUG Thread-27       d.u.i.k.j.TypeConverter   typeconverter: (prefix this;, class class de.uka.ilkd.key.java.reference.ThisReference) 
47070      DEBUG Thread-27       d.u.i.k.j.TypeConverter   typeconverter: (prefix this;, class class de.uka.ilkd.key.java.reference.ThisReference) 
47136      INFO  main            d.u.i.k.p.r.p.TestFile    ... finished proof: closed. 
47309      DEBUG main            d.u.i.k.s.TermLabelSettings TermLabelSettings: Failure while reading the setting "UseOriginLabels".Using the default value: true.The string read was: null 
47310      INFO  main            d.u.i.k.p.r.p.TestFile    Now processing file /home/runner/work/key/key/key.core/../key.ui/examples/InformationFlow/MethodContracts/contract.IFMethodContract(contract.IFMethodContract__n4()).JML normal_behavior operation contract.0.key 
47310      DEBUG main            d.u.i.k.p.i.KeYFile       Reading KeY file /home/runner/work/key/key/key.core/../key.ui/examples/InformationFlow/MethodContracts/contract.IFMethodContract(contract.IFMethodContract__n4()).JML normal_behavior operation contract.0.key 
48099      DEBUG main            d.u.i.k.j.Recoder2KeY     converting now /home/runner/work/key/key/key.core/../key.ui/examples/InformationFlow/MethodContracts/src/contract/IFMethodContract.java 
48105      DEBUG main            d.u.i.k.s.TermLabelSettings TermLabelSettings: Failure while reading the setting "UseOriginLabels".Using the default value: true.The string read was: null 
48106      DEBUG main            d.u.i.k.p.i.KeYFile       Reading KeY file file:/home/runner/work/key/key/key.core/build/resources/main/de/uka/ilkd/key/java/JavaRedux/java/lang/String.key 
49823      DEBUG main            d.u.i.k.p.i.KeYFile       Reading KeY file /home/runner/work/key/key/key.core/../key.ui/examples/InformationFlow/MethodContracts/contract.IFMethodContract(contract.IFMethodContract__n4()).JML normal_behavior operation contract.0.key 
49840      DEBUG Thread-29       d.u.i.k.j.TypeConverter   typeconverter: (prefix this;, class class de.uka.ilkd.key.java.reference.ThisReference) 
49857      DEBUG Thread-29       d.u.i.k.j.TypeConverter   typeconverter: (prefix this;, class class de.uka.ilkd.key.java.reference.ThisReference) 
49925      INFO  main            d.u.i.k.p.r.p.TestFile    ... finished proof: closed. 
50090      DEBUG main            d.u.i.k.s.TermLabelSettings TermLabelSettings: Failure while reading the setting "UseOriginLabels".Using the default value: true.The string read was: null 
50090      INFO  main            d.u.i.k.p.r.p.TestFile    Now processing file /home/runner/work/key/key/key.core/../key.ui/examples/InformationFlow/MethodContracts/contract.IFMethodContract(contract.IFMethodContract__n3()).JML normal_behavior operation contract.0.key 
50090      DEBUG main            d.u.i.k.p.i.KeYFile       Reading KeY file /home/runner/work/key/key/key.core/../key.ui/examples/InformationFlow/MethodContracts/contract.IFMethodContract(contract.IFMethodContract__n3()).JML normal_behavior operation contract.0.key 
50873      DEBUG main            d.u.i.k.j.Recoder2KeY     converting now /home/runner/work/key/key/key.core/../key.ui/examples/InformationFlow/MethodContracts/src/contract/IFMethodContract.java 
50878      DEBUG main            d.u.i.k.s.TermLabelSettings TermLabelSettings: Failure while reading the setting "UseOriginLabels".Using the default value: true.The string read was: null 
50880      DEBUG main            d.u.i.k.p.i.KeYFile       Reading KeY file file:/home/runner/work/key/key/key.core/build/resources/main/de/uka/ilkd/key/java/JavaRedux/java/lang/String.key 
52627      DEBUG main            d.u.i.k.p.i.KeYFile       Reading KeY file /home/runner/work/key/key/key.core/../key.ui/examples/InformationFlow/MethodContracts/contract.IFMethodContract(contract.IFMethodContract__n3()).JML normal_behavior operation contract.0.key 
52650      DEBUG Thread-31       d.u.i.k.j.TypeConverter   typeconverter: (prefix this;, class class de.uka.ilkd.key.java.reference.ThisReference) 
52729      INFO  main            d.u.i.k.p.r.p.TestFile    ... finished proof: closed. 
52889      DEBUG main            d.u.i.k.s.TermLabelSettings TermLabelSettings: Failure while reading the setting "UseOriginLabels".Using the default value: true.The string read was: null 
52889      INFO  main            d.u.i.k.p.r.p.TestFile    Now processing file /home/runner/work/key/key/key.core/../key.ui/examples/InformationFlow/MethodContracts/contract.IFMethodContract(contract.IFMethodContract__secure_sequential_n3_precond_n4()).JML operation contract.0.key 
52889      DEBUG main            d.u.i.k.p.i.KeYFile       Reading KeY file /home/runner/work/key/key/key.core/../key.ui/examples/InformationFlow/MethodContracts/contract.IFMethodContract(contract.IFMethodContract__secure_sequential_n3_precond_n4()).JML operation contract.0.key 
53669      DEBUG main            d.u.i.k.j.Recoder2KeY     converting now /home/runner/work/key/key/key.core/../key.ui/examples/InformationFlow/MethodContracts/src/contract/IFMethodContract.java 
53674      DEBUG main            d.u.i.k.s.TermLabelSettings TermLabelSettings: Failure while reading the setting "UseOriginLabels".Using the default value: true.The string read was: null 
53676      DEBUG main            d.u.i.k.p.i.KeYFile       Reading KeY file file:/home/runner/work/key/key/key.core/build/resources/main/de/uka/ilkd/key/java/JavaRedux/java/lang/String.key 
55406      DEBUG main            d.u.i.k.p.i.KeYFile       Reading KeY file /home/runner/work/key/key/key.core/../key.ui/examples/InformationFlow/MethodContracts/contract.IFMethodContract(contract.IFMethodContract__secure_sequential_n3_precond_n4()).JML operation contract.0.key 
55510      INFO  main            d.u.i.k.p.r.p.TestFile    ... finished proof: closed. 
55676      DEBUG main            d.u.i.k.s.TermLabelSettings TermLabelSettings: Failure while reading the setting "UseOriginLabels".Using the default value: true.The string read was: null 
55677      INFO  main            d.u.i.k.p.r.p.TestFile    Now processing file /home/runner/work/key/key/key.core/../key.ui/examples/InformationFlow/MethodContracts/contract.IFMethodContract(contract.IFMethodContract__insecure_assignment_n2()).JML operation contract.0.key 
55677      DEBUG main            d.u.i.k.p.i.KeYFile       Reading KeY file /home/runner/work/key/key/key.core/../key.ui/examples/InformationFlow/MethodContracts/contract.IFMethodContract(contract.IFMethodContract__insecure_assignment_n2()).JML operation contract.0.key 
56468      DEBUG main            d.u.i.k.j.Recoder2KeY     converting now /home/runner/work/key/key/key.core/../key.ui/examples/InformationFlow/MethodContracts/src/contract/IFMethodContract.java 
56474      DEBUG main            d.u.i.k.s.TermLabelSettings TermLabelSettings: Failure while reading the setting "UseOriginLabels".Using the default value: true.The string read was: null 
56475      DEBUG main            d.u.i.k.p.i.KeYFile       Reading KeY file file:/home/runner/work/key/key/key.core/build/resources/main/de/uka/ilkd/key/java/JavaRedux/java/lang/String.key 
58154      DEBUG main            d.u.i.k.p.i.KeYFile       Reading KeY file /home/runner/work/key/key/key.core/../key.ui/examples/InformationFlow/MethodContracts/contract.IFMethodContract(contract.IFMethodContract__insecure_assignment_n2()).JML operation contract.0.key 
58170      DEBUG Thread-35       d.u.i.k.j.TypeConverter   typeconverter: (prefix this;, class class de.uka.ilkd.key.java.reference.ThisReference) 
58173      DEBUG Thread-35       d.u.i.k.j.TypeConverter   typeconverter: (prefix this;, class class de.uka.ilkd.key.java.reference.ThisReference) 
58258      INFO  main            d.u.i.k.p.r.p.TestFile    ... finished proof: closed. 
58431      DEBUG main            d.u.i.k.s.TermLabelSettings TermLabelSettings: Failure while reading the setting "UseOriginLabels".Using the default value: true.The string read was: null 
58432      INFO  main            d.u.i.k.p.r.p.TestFile    Now processing file /home/runner/work/key/key/key.core/../key.ui/examples/InformationFlow/MethodContracts/contract.IFMethodContract(contract.IFMethodContract__secure_assignments_n2()).JML operation contract.0.key 
58432      DEBUG main            d.u.i.k.p.i.KeYFile       Reading KeY file /home/runner/work/key/key/key.core/../key.ui/examples/InformationFlow/MethodContracts/contract.IFMethodContract(contract.IFMethodContract__secure_assignments_n2()).JML operation contract.0.key 
59234      DEBUG main            d.u.i.k.j.Recoder2KeY     converting now /home/runner/work/key/key/key.core/../key.ui/examples/InformationFlow/MethodContracts/src/contract/IFMethodContract.java 
59240      DEBUG main            d.u.i.k.s.TermLabelSettings TermLabelSettings: Failure while reading the setting "UseOriginLabels".Using the default value: true.The string read was: null 
59241      DEBUG main            d.u.i.k.p.i.KeYFile       Reading KeY file file:/home/runner/work/key/key/key.core/build/resources/main/de/uka/ilkd/key/java/JavaRedux/java/lang/String.key 
60906      DEBUG main            d.u.i.k.p.i.KeYFile       Reading KeY file /home/runner/work/key/key/key.core/../key.ui/examples/InformationFlow/MethodContracts/contract.IFMethodContract(contract.IFMethodContract__secure_assignments_n2()).JML operation contract.0.key 
60920      DEBUG Thread-37       d.u.i.k.j.TypeConverter   typeconverter: (prefix this;, class class de.uka.ilkd.key.java.reference.ThisReference) 
60927      DEBUG Thread-37       d.u.i.k.j.TypeConverter   typeconverter: (prefix this;, class class de.uka.ilkd.key.java.reference.ThisReference) 
60933      DEBUG Thread-37       d.u.i.k.j.TypeConverter   typeconverter: (prefix this;, class class de.uka.ilkd.key.java.reference.ThisReference) 
60949      DEBUG Thread-37       d.u.i.k.j.TypeConverter   typeconverter: (prefix this;, class class de.uka.ilkd.key.java.reference.ThisReference) 
61010      INFO  main            d.u.i.k.p.r.p.TestFile    ... finished proof: closed. 
61179      DEBUG main            d.u.i.k.s.TermLabelSettings TermLabelSettings: Failure while reading the setting "UseOriginLabels".Using the default value: true.The string read was: null 
61179      INFO  main            d.u.i.k.p.r.p.TestFile    Now processing file /home/runner/work/key/key/key.core/../key.ui/examples/InformationFlow/MethodContracts/contract.IFMethodContract(contract.IFMethodContract__n2()).JML normal_behavior operation contract.0.key 
61179      DEBUG main            d.u.i.k.p.i.KeYFile       Reading KeY file /home/runner/work/key/key/key.core/../key.ui/examples/InformationFlow/MethodContracts/contract.IFMethodContract(contract.IFMethodContract__n2()).JML normal_behavior operation contract.0.key 
61974      DEBUG main            d.u.i.k.j.Recoder2KeY     converting now /home/runner/work/key/key/key.core/../key.ui/examples/InformationFlow/MethodContracts/src/contract/IFMethodContract.java 
61980      DEBUG main            d.u.i.k.s.TermLabelSettings TermLabelSettings: Failure while reading the setting "UseOriginLabels".Using the default value: true.The string read was: null 
61981      DEBUG main            d.u.i.k.p.i.KeYFile       Reading KeY file file:/home/runner/work/key/key/key.core/build/resources/main/de/uka/ilkd/key/java/JavaRedux/java/lang/String.key 
63663      DEBUG main            d.u.i.k.p.i.KeYFile       Reading KeY file /home/runner/work/key/key/key.core/../key.ui/examples/InformationFlow/MethodContracts/contract.IFMethodContract(contract.IFMethodContract__n2()).JML normal_behavior operation contract.0.key 
63682      DEBUG Thread-39       d.u.i.k.j.TypeConverter   typeconverter: (prefix this;, class class de.uka.ilkd.key.java.reference.ThisReference) 
63689      DEBUG Thread-39       d.u.i.k.j.TypeConverter   typeconverter: (prefix this;, class class de.uka.ilkd.key.java.reference.ThisReference) 
63770      INFO  main            d.u.i.k.p.r.p.TestFile    ... finished proof: closed. 
63940      DEBUG main            d.u.i.k.s.TermLabelSettings TermLabelSettings: Failure while reading the setting "UseOriginLabels".Using the default value: true.The string read was: null 
63940      INFO  main            d.u.i.k.p.r.p.TestFile    Now processing file /home/runner/work/key/key/key.core/../key.ui/examples/InformationFlow/MethodContracts/contract.IFMethodContract(contract.IFMethodContract__n1()).JML normal_behavior operation contract.0.key 
63942      DEBUG main            d.u.i.k.p.i.KeYFile       Reading KeY file /home/runner/work/key/key/key.core/../key.ui/examples/InformationFlow/MethodContracts/contract.IFMethodContract(contract.IFMethodContract__n1()).JML normal_behavior operation contract.0.key 
64728      DEBUG main            d.u.i.k.j.Recoder2KeY     converting now /home/runner/work/key/key/key.core/../key.ui/examples/InformationFlow/MethodContracts/src/contract/IFMethodContract.java 
64734      DEBUG main            d.u.i.k.s.TermLabelSettings TermLabelSettings: Failure while reading the setting "UseOriginLabels".Using the default value: true.The string read was: null 
64736      DEBUG main            d.u.i.k.p.i.KeYFile       Reading KeY file file:/home/runner/work/key/key/key.core/build/resources/main/de/uka/ilkd/key/java/JavaRedux/java/lang/String.key 
66424      DEBUG main            d.u.i.k.p.i.KeYFile       Reading KeY file /home/runner/work/key/key/key.core/../key.ui/examples/InformationFlow/MethodContracts/contract.IFMethodContract(contract.IFMethodContract__n1()).JML normal_behavior operation contract.0.key 
66440      DEBUG Thread-41       d.u.i.k.j.TypeConverter   typeconverter: (prefix this;, class class de.uka.ilkd.key.java.reference.ThisReference) 
66529      INFO  main            d.u.i.k.p.r.p.TestFile    ... finished proof: closed. 
66709      DEBUG main            d.u.i.k.s.TermLabelSettings TermLabelSettings: Failure while reading the setting "UseOriginLabels".Using the default value: true.The string read was: null 
66709      INFO  main            d.u.i.k.p.r.p.TestFile    Now processing file /home/runner/work/key/key/key.core/../key.ui/examples/InformationFlow/MethodContracts/contract.IFMethodContract(contract.IFMethodContract__secure_sequential_n1_n2()).JML operation contract.0.key 
66712      DEBUG main            d.u.i.k.p.i.KeYFile       Reading KeY file /home/runner/work/key/key/key.core/../key.ui/examples/InformationFlow/MethodContracts/contract.IFMethodContract(contract.IFMethodContract__secure_sequential_n1_n2()).JML operation contract.0.key 
67494      DEBUG main            d.u.i.k.j.Recoder2KeY     converting now /home/runner/work/key/key/key.core/../key.ui/examples/InformationFlow/MethodContracts/src/contract/IFMethodContract.java 
67500      DEBUG main            d.u.i.k.s.TermLabelSettings TermLabelSettings: Failure while reading the setting "UseOriginLabels".Using the default value: true.The string read was: null 
67502      DEBUG main            d.u.i.k.p.i.KeYFile       Reading KeY file file:/home/runner/work/key/key/key.core/build/resources/main/de/uka/ilkd/key/java/JavaRedux/java/lang/String.key 
69197      DEBUG main            d.u.i.k.p.i.KeYFile       Reading KeY file /home/runner/work/key/key/key.core/../key.ui/examples/InformationFlow/MethodContracts/contract.IFMethodContract(contract.IFMethodContract__secure_sequential_n1_n2()).JML operation contract.0.key 
69302      INFO  main            d.u.i.k.p.r.p.TestFile    ... finished proof: closed. 
294923     INFO  Test worker     d.u.i.k.p.r.RunAllProofsTestUnit Returning from test MethodContracts 
294926     INFO  Test worker     d.u.i.k.p.r.RunAllProofsTestUnit Running test LoopInvariants 
362        INFO  Timeout watchdog d.u.i.k.p.r.p.ForkedTestFileRunner Timeout watcher launched (1000 secs.) 
382        WARN  main            d.u.i.k.s.ProofSettings   The settings in /home/runner/.key/proof-settings.props are *not* read. 
419        DEBUG main            d.u.i.k.s.TermLabelSettings TermLabelSettings: Failure while reading the setting "UseOriginLabels".Using the default value: true.The string read was: null 
419        INFO  main            d.u.i.k.p.r.p.TestFile    Now processing file /home/runner/work/key/key/key.core/../key.ui/examples/InformationFlow/LoopInvariants/loop.IFLoopExamples(loop.IFLoopExamples__insecure_while_3(int)).JML operation contract.0.key 
553        DEBUG main            d.u.i.k.p.i.KeYFile       Reading KeY file /home/runner/work/key/key/key.core/../key.ui/examples/InformationFlow/LoopInvariants/loop.IFLoopExamples(loop.IFLoopExamples__insecure_while_3(int)).JML operation contract.0.key 
766        DEBUG main            d.u.i.k.p.i.KeYFile       Reading KeY file file:/home/runner/work/key/key/key.core/build/resources/main/de/uka/ilkd/key/proof/rules/standardRules.key 
815        DEBUG main            d.u.i.k.p.i.KeYFile       Reading KeY file file:/home/runner/work/key/key/key.core/build/resources/main/de/uka/ilkd/key/proof/rules/ldt.key 
827        DEBUG main            d.u.i.k.p.i.KeYFile       Reading KeY file file:/home/runner/work/key/key/key.core/build/resources/main/de/uka/ilkd/key/proof/rules/boolean.key 
850        DEBUG main            d.u.i.k.p.i.KeYFile       Reading KeY file file:/home/runner/work/key/key/key.core/build/resources/main/de/uka/ilkd/key/proof/rules/ruleSetsDeclarations.key 
877        DEBUG main            d.u.i.k.p.i.KeYFile       Reading KeY file file:/home/runner/work/key/key/key.core/build/resources/main/de/uka/ilkd/key/proof/rules/integerHeader.key 
885        DEBUG main            d.u.i.k.p.i.KeYFile       Reading KeY file file:/home/runner/work/key/key/key.core/build/resources/main/de/uka/ilkd/key/proof/rules/floatHeader.key 
888        DEBUG main            d.u.i.k.p.i.KeYFile       Reading KeY file file:/home/runner/work/key/key/key.core/build/resources/main/de/uka/ilkd/key/proof/rules/heap.key 
892        DEBUG main            d.u.i.k.p.i.KeYFile       Reading KeY file file:/home/runner/work/key/key/key.core/build/resources/main/de/uka/ilkd/key/proof/rules/locSets.key 
893        DEBUG main            d.u.i.k.p.i.KeYFile       Reading KeY file file:/home/runner/work/key/key/key.core/build/resources/main/de/uka/ilkd/key/proof/rules/permission.key 
894        DEBUG main            d.u.i.k.p.i.KeYFile       Reading KeY file file:/home/runner/work/key/key/key.core/build/resources/main/de/uka/ilkd/key/proof/rules/reach.key 
895        DEBUG main            d.u.i.k.p.i.KeYFile       Reading KeY file file:/home/runner/work/key/key/key.core/build/resources/main/de/uka/ilkd/key/proof/rules/seq.key 
895        DEBUG main            d.u.i.k.p.i.KeYFile       Reading KeY file file:/home/runner/work/key/key/key.core/build/resources/main/de/uka/ilkd/key/proof/rules/map.key 
934        DEBUG main            d.u.i.k.p.i.KeYFile       Reading KeY file file:/home/runner/work/key/key/key.core/build/resources/main/de/uka/ilkd/key/proof/rules/freeADT.key 
935        DEBUG main            d.u.i.k.p.i.KeYFile       Reading KeY file file:/home/runner/work/key/key/key.core/build/resources/main/de/uka/ilkd/key/proof/rules/wellfound.key 
936        DEBUG main            d.u.i.k.p.i.KeYFile       Reading KeY file file:/home/runner/work/key/key/key.core/build/resources/main/de/uka/ilkd/key/proof/rules/charListHeader.key 
1084       DEBUG main            d.u.i.k.p.i.KeYFile       Reading KeY file file:/home/runner/work/key/key/key.core/build/resources/main/de/uka/ilkd/key/proof/rules/propRule.key 
1109       DEBUG main            d.u.i.k.p.i.KeYFile       Reading KeY file file:/home/runner/work/key/key/key.core/build/resources/main/de/uka/ilkd/key/proof/rules/firstOrderRules.key 
1131       DEBUG main            d.u.i.k.p.i.KeYFile       Reading KeY file file:/home/runner/work/key/key/key.core/build/resources/main/de/uka/ilkd/key/proof/rules/ifThenElseRules.key 
1166       DEBUG main            d.u.i.k.p.i.KeYFile       Reading KeY file file:/home/runner/work/key/key/key.core/build/resources/main/de/uka/ilkd/key/proof/rules/formulaNormalisationRules.key 
1314       DEBUG main            d.u.i.k.p.i.KeYFile       Reading KeY file file:/home/runner/work/key/key/key.core/build/resources/main/de/uka/ilkd/key/proof/rules/updateRules.key 
1333       DEBUG main            d.u.i.k.p.i.KeYFile       Reading KeY file file:/home/runner/work/key/key/key.core/build/resources/main/de/uka/ilkd/key/proof/rules/integerRulesCommon.key 
1423       DEBUG main            d.u.i.k.p.i.KeYFile       Reading KeY file file:/home/runner/work/key/key/key.core/build/resources/main/de/uka/ilkd/key/proof/rules/intRules.key 
1442       DEBUG main            d.u.i.k.p.i.KeYFile       Reading KeY file file:/home/runner/work/key/key/key.core/build/resources/main/de/uka/ilkd/key/proof/rules/intRulesUncheckedSemantics.key 
1452       DEBUG main            d.u.i.k.p.i.KeYFile       Reading KeY file file:/home/runner/work/key/key/key.core/build/resources/main/de/uka/ilkd/key/proof/rules/intRulesCheckedSemantics.key 
1457       DEBUG main            d.u.i.k.p.i.KeYFile       Reading KeY file file:/home/runner/work/key/key/key.core/build/resources/main/de/uka/ilkd/key/proof/rules/intRulesJavaSemantics.key 
1469       DEBUG main            d.u.i.k.p.i.KeYFile       Reading KeY file file:/home/runner/work/key/key/key.core/build/resources/main/de/uka/ilkd/key/proof/rules/integerSimplificationRules.key 
1689       DEBUG main            d.u.i.k.j.TypeConverter   No LDT found for Meta 
1689       DEBUG main            d.u.i.k.j.TypeConverter   No LDT found for Meta 
1690       DEBUG main            d.u.i.k.j.TypeConverter   No LDT found for Meta 
1691       DEBUG main            d.u.i.k.j.TypeConverter   No LDT found for Meta 
1726       DEBUG main            d.u.i.k.p.i.KeYFile       Reading KeY file file:/home/runner/work/key/key/key.core/build/resources/main/de/uka/ilkd/key/proof/rules/intDiv.key 
1802       DEBUG main            d.u.i.k.p.i.KeYFile       Reading KeY file file:/home/runner/work/key/key/key.core/build/resources/main/de/uka/ilkd/key/proof/rules/bsum.key 
1929       DEBUG main            d.u.i.k.p.i.KeYFile       Reading KeY file file:/home/runner/work/key/key/key.core/build/resources/main/de/uka/ilkd/key/proof/rules/bprod.key 
1982       DEBUG main            d.u.i.k.p.i.KeYFile       Reading KeY file file:/home/runner/work/key/key/key.core/build/resources/main/de/uka/ilkd/key/proof/rules/binaryAxioms.key 
1986       DEBUG main            d.u.i.k.p.i.KeYFile       Reading KeY file file:/home/runner/work/key/key/key.core/build/resources/main/de/uka/ilkd/key/proof/rules/binaryLemmas.key 
1990       DEBUG main            d.u.i.k.p.i.KeYFile       Reading KeY file file:/home/runner/work/key/key/key.core/build/resources/main/de/uka/ilkd/key/proof/rules/intPow.key 
2001       DEBUG main            d.u.i.k.p.i.KeYFile       Reading KeY file file:/home/runner/work/key/key/key.core/build/resources/main/de/uka/ilkd/key/proof/rules/floatRulesCommon.key 
2018       DEBUG main            d.u.i.k.p.i.KeYFile       Reading KeY file file:/home/runner/work/key/key/key.core/build/resources/main/de/uka/ilkd/key/proof/rules/floatRules.key 
2019       DEBUG main            d.u.i.k.p.i.KeYFile       Reading KeY file file:/home/runner/work/key/key/key.core/build/resources/main/de/uka/ilkd/key/proof/rules/floatRulesVerifyNormal.key 
2020       DEBUG main            d.u.i.k.p.i.KeYFile       Reading KeY file file:/home/runner/work/key/key/key.core/build/resources/main/de/uka/ilkd/key/proof/rules/floatRulesAssumeStrictfp.key 
2037       DEBUG main            d.u.i.k.p.i.KeYFile       Reading KeY file file:/home/runner/work/key/key/key.core/build/resources/main/de/uka/ilkd/key/proof/rules/genericRules.key 
2050       DEBUG main            d.u.i.k.p.i.KeYFile       Reading KeY file file:/home/runner/work/key/key/key.core/build/resources/main/de/uka/ilkd/key/proof/rules/booleanRules.key 
2053       DEBUG main            d.u.i.k.p.i.KeYFile       Reading KeY file file:/home/runner/work/key/key/key.core/build/resources/main/de/uka/ilkd/key/proof/rules/epsilon.key 
2057       DEBUG main            d.u.i.k.p.i.KeYFile       Reading KeY file file:/home/runner/work/key/key/key.core/build/resources/main/de/uka/ilkd/key/proof/rules/locSetsRules.key 
2095       DEBUG main            d.u.i.k.p.i.KeYFile       Reading KeY file file:/home/runner/work/key/key/key.core/build/resources/main/de/uka/ilkd/key/proof/rules/heapRules.key 
2163       DEBUG main            d.u.i.k.p.i.KeYFile       Reading KeY file file:/home/runner/work/key/key/key.core/build/resources/main/de/uka/ilkd/key/proof/rules/permissionRules.key 
2179       DEBUG main            d.u.i.k.p.i.KeYFile       Reading KeY file file:/home/runner/work/key/key/key.core/build/resources/main/de/uka/ilkd/key/proof/rules/reachRules.key 
2205       DEBUG main            d.u.i.k.p.i.KeYFile       Reading KeY file file:/home/runner/work/key/key/key.core/build/resources/main/de/uka/ilkd/key/proof/rules/seqCoreRules.key 
2209       DEBUG main            d.u.i.k.p.i.KeYFile       Reading KeY file file:/home/runner/work/key/key/key.core/build/resources/main/de/uka/ilkd/key/proof/rules/seqRules.key 
2265       DEBUG main            d.u.i.k.p.i.KeYFile       Reading KeY file file:/home/runner/work/key/key/key.core/build/resources/main/de/uka/ilkd/key/proof/rules/seqPerm.key 
2298       DEBUG main            d.u.i.k.p.i.KeYFile       Reading KeY file file:/home/runner/work/key/key/key.core/build/resources/main/de/uka/ilkd/key/proof/rules/seqPerm2.key 
2304       DEBUG main            d.u.i.k.p.i.KeYFile       Reading KeY file file:/home/runner/work/key/key/key.core/build/resources/main/de/uka/ilkd/key/proof/rules/javaRules.key 
2394       DEBUG main            d.u.i.k.p.i.KeYFile       Reading KeY file file:/home/runner/work/key/key/key.core/build/resources/main/de/uka/ilkd/key/proof/rules/assertions.key 
2949       DEBUG main            d.u.i.k.p.i.KeYFile       Reading KeY file file:/home/runner/work/key/key/key.core/build/resources/main/de/uka/ilkd/key/proof/rules/loopRules.key 
2957       DEBUG main            d.u.i.k.p.i.KeYFile       Reading KeY file file:/home/runner/work/key/key/key.core/build/resources/main/de/uka/ilkd/key/proof/rules/activeUse.key 
3010       DEBUG main            d.u.i.k.p.i.KeYFile       Reading KeY file file:/home/runner/work/key/key/key.core/build/resources/main/de/uka/ilkd/key/proof/rules/instanceAllocation.key 
3028       DEBUG main            d.u.i.k.p.i.KeYFile       Reading KeY file file:/home/runner/work/key/key/key.core/build/resources/main/de/uka/ilkd/key/proof/rules/java5.key 
3031       DEBUG main            d.u.i.k.p.i.KeYFile       Reading KeY file file:/home/runner/work/key/key/key.core/build/resources/main/de/uka/ilkd/key/proof/rules/integerAssignment2UpdateRules.key 
3073       DEBUG main            d.u.i.k.p.i.KeYFile       Reading KeY file file:/home/runner/work/key/key/key.core/build/resources/main/de/uka/ilkd/key/proof/rules/floatAssignment2UpdateRules.key 
3100       DEBUG main            d.u.i.k.p.i.KeYFile       Reading KeY file file:/home/runner/work/key/key/key.core/build/resources/main/de/uka/ilkd/key/proof/rules/bigint.key 
3142       DEBUG main            d.u.i.k.j.TypeConverter   No LDT found for JavaBigintExpression 
3148       DEBUG main            d.u.i.k.p.i.KeYFile       Reading KeY file file:/home/runner/work/key/key/key.core/build/resources/main/de/uka/ilkd/key/proof/rules/adtProgramDecompositionRules.key 
3164       DEBUG main            d.u.i.k.p.i.KeYFile       Reading KeY file file:/home/runner/work/key/key/key.core/build/resources/main/de/uka/ilkd/key/proof/rules/precRules.key 
3167       DEBUG main            d.u.i.k.p.i.KeYFile       Reading KeY file file:/home/runner/work/key/key/key.core/build/resources/main/de/uka/ilkd/key/proof/rules/charListRules.key 
3183       DEBUG main            d.u.i.k.p.i.KeYFile       Reading KeY file file:/home/runner/work/key/key/key.core/build/resources/main/de/uka/ilkd/key/proof/rules/regExTheory.key 
3184       DEBUG main            d.u.i.k.p.i.KeYFile       Reading KeY file file:/home/runner/work/key/key/key.core/build/resources/main/de/uka/ilkd/key/proof/rules/regExHeader.key 
3185       DEBUG main            d.u.i.k.p.i.KeYFile       Reading KeY file file:/home/runner/work/key/key/key.core/build/resources/main/de/uka/ilkd/key/proof/rules/regExAxioms.key 
3189       DEBUG main            d.u.i.k.p.i.KeYFile       Reading KeY file file:/home/runner/work/key/key/key.core/build/resources/main/de/uka/ilkd/key/proof/rules/regExLemmaProven.key 
3194       DEBUG main            d.u.i.k.p.i.KeYFile       Reading KeY file file:/home/runner/work/key/key/key.core/build/resources/main/de/uka/ilkd/key/proof/rules/seqEq.key 
3202       DEBUG main            d.u.i.k.p.i.KeYFile       Reading KeY file file:/home/runner/work/key/key/key.core/build/resources/main/de/uka/ilkd/key/proof/rules/infFlow.key 
3208       DEBUG main            d.u.i.k.p.i.KeYFile       Reading KeY file file:/home/runner/work/key/key/key.core/build/resources/main/de/uka/ilkd/key/proof/rules/mapSize.key 
3211       DEBUG main            d.u.i.k.p.i.KeYFile       Reading KeY file file:/home/runner/work/key/key/key.core/build/resources/main/de/uka/ilkd/key/proof/rules/wd.key 
3213       DEBUG main            d.u.i.k.p.i.KeYFile       Reading KeY file file:/home/runner/work/key/key/key.core/build/resources/main/de/uka/ilkd/key/proof/rules/wdHeader.key 
3214       DEBUG main            d.u.i.k.p.i.KeYFile       Reading KeY file file:/home/runner/work/key/key/key.core/build/resources/main/de/uka/ilkd/key/proof/rules/wdGeneralRules.key 
3219       DEBUG main            d.u.i.k.p.i.KeYFile       Reading KeY file file:/home/runner/work/key/key/key.core/build/resources/main/de/uka/ilkd/key/proof/rules/wdNumericalRules.key 
3239       DEBUG main            d.u.i.k.p.i.KeYFile       Reading KeY file file:/home/runner/work/key/key/key.core/build/resources/main/de/uka/ilkd/key/proof/rules/wdLocSetRules.key 
3245       DEBUG main            d.u.i.k.p.i.KeYFile       Reading KeY file file:/home/runner/work/key/key/key.core/build/resources/main/de/uka/ilkd/key/proof/rules/wdHeapRules.key 
3249       DEBUG main            d.u.i.k.p.i.KeYFile       Reading KeY file file:/home/runner/work/key/key/key.core/build/resources/main/de/uka/ilkd/key/proof/rules/wdReachRules.key 
3251       DEBUG main            d.u.i.k.p.i.KeYFile       Reading KeY file file:/home/runner/work/key/key/key.core/build/resources/main/de/uka/ilkd/key/proof/rules/wdSeqRules.key 
3255       DEBUG main            d.u.i.k.p.i.KeYFile       Reading KeY file file:/home/runner/work/key/key/key.core/build/resources/main/de/uka/ilkd/key/proof/rules/wdStringRules.key 
3257       DEBUG main            d.u.i.k.p.i.KeYFile       Reading KeY file file:/home/runner/work/key/key/key.core/build/resources/main/de/uka/ilkd/key/proof/rules/wdRegExRules.key 
3259       DEBUG main            d.u.i.k.p.i.KeYFile       Reading KeY file file:/home/runner/work/key/key/key.core/build/resources/main/de/uka/ilkd/key/proof/rules/wdFormulaRules.key 
3273       DEBUG main            d.u.i.k.p.i.KeYFile       Reading KeY file file:/home/runner/work/key/key/key.core/build/resources/main/de/uka/ilkd/key/proof/rules/loopInvariantRules.key 
3276       DEBUG main            d.u.i.k.p.i.KeYFile       Reading KeY file file:/home/runner/work/key/key/key.core/build/resources/main/de/uka/ilkd/key/proof/rules/forLoopRules.key 
3278       DEBUG main            d.u.i.k.p.i.KeYFile       Reading KeY file file:/home/runner/work/key/key/key.core/build/resources/main/de/uka/ilkd/key/proof/rules/execRules.key 
3362       DEBUG main            d.u.i.k.p.i.KeYFile       Reading KeY file file:/home/runner/work/key/key/key.core/build/resources/main/de/uka/ilkd/key/proof/rules/loopScopeRules.key 
6241       DEBUG main            d.u.i.k.j.Recoder2KeY     converting now /home/runner/work/key/key/key.core/../key.ui/examples/InformationFlow/LoopInvariants/src/loop/IFLoopExamples.java 
6312       DEBUG main            d.u.i.k.s.TermLabelSettings TermLabelSettings: Failure while reading the setting "UseOriginLabels".Using the default value: true.The string read was: null 
6325       DEBUG main            d.u.i.k.p.i.KeYFile       Reading KeY file file:/home/runner/work/key/key/key.core/build/resources/main/de/uka/ilkd/key/java/JavaRedux/java/lang/String.key 
9245       DEBUG main            d.u.i.k.p.i.KeYFile       Reading KeY file /home/runner/work/key/key/key.core/../key.ui/examples/InformationFlow/LoopInvariants/loop.IFLoopExamples(loop.IFLoopExamples__insecure_while_3(int)).JML operation contract.0.key 
9677       DEBUG Thread-1        d.u.i.k.j.TypeConverter   typeconverter: (prefix this;, class class de.uka.ilkd.key.java.reference.ThisReference) 
9751       DEBUG Thread-1        d.u.i.k.j.TypeConverter   typeconverter: (prefix this;, class class de.uka.ilkd.key.java.reference.ThisReference) 
9787       DEBUG Thread-1        d.u.i.k.r.m.WhileLoopTransformation While-Loop-Tranform-Result: try {
  {
    if (_x > 0) {
      this.low = this.low + 1;
      _x = _x - 1;
    }
  }
} catch (java.lang.Throwable e#4) {
  exc#3 = true;
  thrownExc#5 = e#4;
} 
9909       DEBUG Thread-1        d.u.i.k.j.TypeConverter   typeconverter: (prefix this;, class class de.uka.ilkd.key.java.reference.ThisReference) 
9999       DEBUG Thread-1        d.u.i.k.j.TypeConverter   typeconverter: (prefix this;, class class de.uka.ilkd.key.java.reference.ThisReference) 
10328      DEBUG Thread-1        d.u.i.k.j.TypeConverter   typeconverter: (prefix this;, class class de.uka.ilkd.key.java.reference.ThisReference) 
10384      DEBUG Thread-1        d.u.i.k.j.TypeConverter   typeconverter: (prefix this;, class class de.uka.ilkd.key.java.reference.ThisReference) 
10670      INFO  main            d.u.i.k.p.r.p.TestFile    ... finished proof: closed. 
10799      DEBUG main            d.u.i.k.s.TermLabelSettings TermLabelSettings: Failure while reading the setting "UseOriginLabels".Using the default value: true.The string read was: null 
10799      INFO  main            d.u.i.k.p.r.p.TestFile    Now processing file /home/runner/work/key/key/key.core/../key.ui/examples/InformationFlow/LoopInvariants/loop.IFLoopExamples(loop.IFLoopExamples__secure_while_2(int)).JML operation contract.0.key 
10799      DEBUG main            d.u.i.k.p.i.KeYFile       Reading KeY file /home/runner/work/key/key/key.core/../key.ui/examples/InformationFlow/LoopInvariants/loop.IFLoopExamples(loop.IFLoopExamples__secure_while_2(int)).JML operation contract.0.key 
11962      DEBUG main            d.u.i.k.j.Recoder2KeY     converting now /home/runner/work/key/key/key.core/../key.ui/examples/InformationFlow/LoopInvariants/src/loop/IFLoopExamples.java 
11971      DEBUG main            d.u.i.k.s.TermLabelSettings TermLabelSettings: Failure while reading the setting "UseOriginLabels".Using the default value: true.The string read was: null 
11973      DEBUG main            d.u.i.k.p.i.KeYFile       Reading KeY file file:/home/runner/work/key/key/key.core/build/resources/main/de/uka/ilkd/key/java/JavaRedux/java/lang/String.key 
14182      DEBUG main            d.u.i.k.p.i.KeYFile       Reading KeY file /home/runner/work/key/key/key.core/../key.ui/examples/InformationFlow/LoopInvariants/loop.IFLoopExamples(loop.IFLoopExamples__secure_while_2(int)).JML operation contract.0.key 
14222      DEBUG Thread-3        d.u.i.k.j.TypeConverter   typeconverter: (prefix this;, class class de.uka.ilkd.key.java.reference.ThisReference) 
14238      DEBUG Thread-3        d.u.i.k.j.TypeConverter   typeconverter: (prefix this;, class class de.uka.ilkd.key.java.reference.ThisReference) 
14247      DEBUG Thread-3        d.u.i.k.r.m.WhileLoopTransformation While-Loop-Tranform-Result: try {
  {
    if (_x > 0) {
      this.low = this.low + 1;
      _x = _x - 1;
    }
  }
} catch (java.lang.Throwable e#4) {
  exc#3 = true;
  thrownExc#5 = e#4;
} 
14302      DEBUG Thread-3        d.u.i.k.j.TypeConverter   typeconverter: (prefix this;, class class de.uka.ilkd.key.java.reference.ThisReference) 
14337      DEBUG Thread-3        d.u.i.k.j.TypeConverter   typeconverter: (prefix this;, class class de.uka.ilkd.key.java.reference.ThisReference) 
14499      DEBUG Thread-3        d.u.i.k.j.TypeConverter   typeconverter: (prefix this;, class class de.uka.ilkd.key.java.reference.ThisReference) 
14552      DEBUG Thread-3        d.u.i.k.j.TypeConverter   typeconverter: (prefix this;, class class de.uka.ilkd.key.java.reference.ThisReference) 
14691      INFO  main            d.u.i.k.p.r.p.TestFile    ... finished proof: closed. 
14853      DEBUG main            d.u.i.k.s.TermLabelSettings TermLabelSettings: Failure while reading the setting "UseOriginLabels".Using the default value: true.The string read was: null 
14853      INFO  main            d.u.i.k.p.r.p.TestFile    Now processing file /home/runner/work/key/key/key.core/../key.ui/examples/InformationFlow/LoopInvariants/loop.IFLoopExamples(loop.IFLoopExamples__secure_while_4(int)).JML operation contract.0.key 
14854      DEBUG main            d.u.i.k.p.i.KeYFile       Reading KeY file /home/runner/work/key/key/key.core/../key.ui/examples/InformationFlow/LoopInvariants/loop.IFLoopExamples(loop.IFLoopExamples__secure_while_4(int)).JML operation contract.0.key 
15901      DEBUG main            d.u.i.k.j.Recoder2KeY     converting now /home/runner/work/key/key/key.core/../key.ui/examples/InformationFlow/LoopInvariants/src/loop/IFLoopExamples.java 
15912      DEBUG main            d.u.i.k.s.TermLabelSettings TermLabelSettings: Failure while reading the setting "UseOriginLabels".Using the default value: true.The string read was: null 
15914      DEBUG main            d.u.i.k.p.i.KeYFile       Reading KeY file file:/home/runner/work/key/key/key.core/build/resources/main/de/uka/ilkd/key/java/JavaRedux/java/lang/String.key 
18025      DEBUG main            d.u.i.k.p.i.KeYFile       Reading KeY file /home/runner/work/key/key/key.core/../key.ui/examples/InformationFlow/LoopInvariants/loop.IFLoopExamples(loop.IFLoopExamples__secure_while_4(int)).JML operation contract.0.key 
18064      DEBUG Thread-5        d.u.i.k.j.TypeConverter   typeconverter: (prefix this;, class class de.uka.ilkd.key.java.reference.ThisReference) 
18077      DEBUG Thread-5        d.u.i.k.j.TypeConverter   typeconverter: (prefix this;, class class de.uka.ilkd.key.java.reference.ThisReference) 
18088      DEBUG Thread-5        d.u.i.k.r.m.WhileLoopTransformation While-Loop-Tranform-Result: try {
  {
    if (_x > 0) {
      this.low = this.low + 1;
      _x = _x - 1;
    }
  }
} catch (java.lang.Throwable e#4) {
  exc#3 = true;
  thrownExc#5 = e#4;
} 
18137      DEBUG Thread-5        d.u.i.k.j.TypeConverter   typeconverter: (prefix this;, class class de.uka.ilkd.key.java.reference.ThisReference) 
18170      DEBUG Thread-5        d.u.i.k.j.TypeConverter   typeconverter: (prefix this;, class class de.uka.ilkd.key.java.reference.ThisReference) 
18347      DEBUG Thread-5        d.u.i.k.j.TypeConverter   typeconverter: (prefix this;, class class de.uka.ilkd.key.java.reference.ThisReference) 
18374      DEBUG Thread-5        d.u.i.k.j.TypeConverter   typeconverter: (prefix this;, class class de.uka.ilkd.key.java.reference.ThisReference) 
18531      INFO  main            d.u.i.k.p.r.p.TestFile    ... finished proof: closed. 
18674      DEBUG main            d.u.i.k.s.TermLabelSettings TermLabelSettings: Failure while reading the setting "UseOriginLabels".Using the default value: true.The string read was: null 
18674      INFO  main            d.u.i.k.p.r.p.TestFile    Now processing file /home/runner/work/key/key/key.core/../key.ui/examples/InformationFlow/LoopInvariants/loop.IFLoopExamples(loop.IFLoopExamples__insecure_doubleNestedWhile2(int)).JML operation contract.0.key 
18674      DEBUG main            d.u.i.k.p.i.KeYFile       Reading KeY file /home/runner/work/key/key/key.core/../key.ui/examples/InformationFlow/LoopInvariants/loop.IFLoopExamples(loop.IFLoopExamples__insecure_doubleNestedWhile2(int)).JML operation contract.0.key 
19715      DEBUG main            d.u.i.k.j.Recoder2KeY     converting now /home/runner/work/key/key/key.core/../key.ui/examples/InformationFlow/LoopInvariants/src/loop/IFLoopExamples.java 
19723      DEBUG main            d.u.i.k.s.TermLabelSettings TermLabelSettings: Failure while reading the setting "UseOriginLabels".Using the default value: true.The string read was: null 
19725      DEBUG main            d.u.i.k.p.i.KeYFile       Reading KeY file file:/home/runner/work/key/key/key.core/build/resources/main/de/uka/ilkd/key/java/JavaRedux/java/lang/String.key 
21840      DEBUG main            d.u.i.k.p.i.KeYFile       Reading KeY file /home/runner/work/key/key/key.core/../key.ui/examples/InformationFlow/LoopInvariants/loop.IFLoopExamples(loop.IFLoopExamples__insecure_doubleNestedWhile2(int)).JML operation contract.0.key 
21866      DEBUG Thread-7        d.u.i.k.r.m.WhileLoopTransformation While-Loop-Tranform-Result: try {
  {
    if (_x > 0) {
      this.low = this.low + 1;
      _x = _x - 1;
      while (_x > 0) {
        this.low = this.low + 1;
        _x = _x - 1;
        while (_x > 0) {
          this.low = this.low + 1;
          _x = _x - 1;
        }
      }
    }
  }
} catch (java.lang.Throwable e#4) {
  exc#3 = true;
  thrownExc#5 = e#4;
} 
21991      DEBUG Thread-7        d.u.i.k.j.TypeConverter   typeconverter: (prefix this;, class class de.uka.ilkd.key.java.reference.ThisReference) 
22001      DEBUG Thread-7        d.u.i.k.j.TypeConverter   typeconverter: (prefix this;, class class de.uka.ilkd.key.java.reference.ThisReference) 
22053      DEBUG Thread-7        d.u.i.k.r.m.WhileLoopTransformation While-Loop-Tranform-Result: try {
  {
    if (_x > 0) {
      this.low = this.low + 1;
      _x = _x - 1;
      while (_x > 0) {
        this.low = this.low + 1;
        _x = _x - 1;
      }
    }
  }
} catch (java.lang.Throwable e#10) {
  exc#9 = true;
  thrownExc#11 = e#10;
} 
22300      DEBUG Thread-7        d.u.i.k.j.TypeConverter   typeconverter: (prefix this;, class class de.uka.ilkd.key.java.reference.ThisReference) 
22337      DEBUG Thread-7        d.u.i.k.j.TypeConverter   typeconverter: (prefix this;, class class de.uka.ilkd.key.java.reference.ThisReference) 
22368      DEBUG Thread-7        d.u.i.k.r.m.WhileLoopTransformation While-Loop-Tranform-Result: try {
  {
    if (_x > 0) {
      this.low = this.low + 1;
      _x = _x - 1;
    }
  }
} catch (java.lang.Throwable e#16) {
  exc#15 = true;
  thrownExc#17 = e#16;
} 
22664      DEBUG Thread-7        d.u.i.k.j.TypeConverter   typeconverter: (prefix this;, class class de.uka.ilkd.key.java.reference.ThisReference) 
22703      DEBUG Thread-7        d.u.i.k.j.TypeConverter   typeconverter: (prefix this;, class class de.uka.ilkd.key.java.reference.ThisReference) 
22845      INFO  main            d.u.i.k.p.r.p.TestFile    ... finished proof: closed. 
23011      DEBUG main            d.u.i.k.s.TermLabelSettings TermLabelSettings: Failure while reading the setting "UseOriginLabels".Using the default value: true.The string read was: null 
23011      INFO  main            d.u.i.k.p.r.p.TestFile    Now processing file /home/runner/work/key/key/key.core/../key.ui/examples/InformationFlow/LoopInvariants/loop.IFLoopExamples(loop.IFLoopExamples__insecure_doubleNestedWhile(int)).JML operation contract.0.key 
23011      DEBUG main            d.u.i.k.p.i.KeYFile       Reading KeY file /home/runner/work/key/key/key.core/../key.ui/examples/InformationFlow/LoopInvariants/loop.IFLoopExamples(loop.IFLoopExamples__insecure_doubleNestedWhile(int)).JML operation contract.0.key 
23979      DEBUG main            d.u.i.k.j.Recoder2KeY     converting now /home/runner/work/key/key/key.core/../key.ui/examples/InformationFlow/LoopInvariants/src/loop/IFLoopExamples.java 
23988      DEBUG main            d.u.i.k.s.TermLabelSettings TermLabelSettings: Failure while reading the setting "UseOriginLabels".Using the default value: true.The string read was: null 
23989      DEBUG main            d.u.i.k.p.i.KeYFile       Reading KeY file file:/home/runner/work/key/key/key.core/build/resources/main/de/uka/ilkd/key/java/JavaRedux/java/lang/String.key 
26048      DEBUG main            d.u.i.k.p.i.KeYFile       Reading KeY file /home/runner/work/key/key/key.core/../key.ui/examples/InformationFlow/LoopInvariants/loop.IFLoopExamples(loop.IFLoopExamples__insecure_doubleNestedWhile(int)).JML operation contract.0.key 
26070      DEBUG Thread-9        d.u.i.k.r.m.WhileLoopTransformation While-Loop-Tranform-Result: try {
  {
    if (_x > 0) {
      this.low = this.low + 1;
      _x = _x - 1;
      while (_x > 0) {
        this.low = this.low + 1;
        _x = _x - 1;
        while (_x > 0) {
          this.low = this.low + 1;
          _x = _x - 1;
        }
      }
    }
  }
} catch (java.lang.Throwable e#4) {
  exc#3 = true;
  thrownExc#5 = e#4;
} 
26179      DEBUG Thread-9        d.u.i.k.j.TypeConverter   typeconverter: (prefix this;, class class de.uka.ilkd.key.java.reference.ThisReference) 
26188      DEBUG Thread-9        d.u.i.k.j.TypeConverter   typeconverter: (prefix this;, class class de.uka.ilkd.key.java.reference.ThisReference) 
26236      DEBUG Thread-9        d.u.i.k.r.m.WhileLoopTransformation While-Loop-Tranform-Result: try {
  {
    if (_x > 0) {
      this.low = this.low + 1;
      _x = _x - 1;
      while (_x > 0) {
        this.low = this.low + 1;
        _x = _x - 1;
      }
    }
  }
} catch (java.lang.Throwable e#10) {
  exc#9 = true;
  thrownExc#11 = e#10;
} 
26430      DEBUG Thread-9        d.u.i.k.j.TypeConverter   typeconverter: (prefix this;, class class de.uka.ilkd.key.java.reference.ThisReference) 
26461      DEBUG Thread-9        d.u.i.k.j.TypeConverter   typeconverter: (prefix this;, class class de.uka.ilkd.key.java.reference.ThisReference) 
26487      DEBUG Thread-9        d.u.i.k.r.m.WhileLoopTransformation While-Loop-Tranform-Result: try {
  {
    if (_x > 0) {
      this.low = this.low + 1;
      _x = _x - 1;
    }
  }
} catch (java.lang.Throwable e#16) {
  exc#15 = true;
  thrownExc#17 = e#16;
} 
26816      DEBUG Thread-9        d.u.i.k.j.TypeConverter   typeconverter: (prefix this;, class class de.uka.ilkd.key.java.reference.ThisReference) 
26854      DEBUG Thread-9        d.u.i.k.j.TypeConverter   typeconverter: (prefix this;, class class de.uka.ilkd.key.java.reference.ThisReference) 
27056      INFO  main            d.u.i.k.p.r.p.TestFile    ... finished proof: closed. 
27207      DEBUG main            d.u.i.k.s.TermLabelSettings TermLabelSettings: Failure while reading the setting "UseOriginLabels".Using the default value: true.The string read was: null 
27207      INFO  main            d.u.i.k.p.r.p.TestFile    Now processing file /home/runner/work/key/key/key.core/../key.ui/examples/InformationFlow/LoopInvariants/loop.IFLoopExamples(loop.IFLoopExamples__secure_doubleNestedWhile(int)).JML operation contract.0.key 
27207      DEBUG main            d.u.i.k.p.i.KeYFile       Reading KeY file /home/runner/work/key/key/key.core/../key.ui/examples/InformationFlow/LoopInvariants/loop.IFLoopExamples(loop.IFLoopExamples__secure_doubleNestedWhile(int)).JML operation contract.0.key 
28202      DEBUG main            d.u.i.k.j.Recoder2KeY     converting now /home/runner/work/key/key/key.core/../key.ui/examples/InformationFlow/LoopInvariants/src/loop/IFLoopExamples.java 
28211      DEBUG main            d.u.i.k.s.TermLabelSettings TermLabelSettings: Failure while reading the setting "UseOriginLabels".Using the default value: true.The string read was: null 
28212      DEBUG main            d.u.i.k.p.i.KeYFile       Reading KeY file file:/home/runner/work/key/key/key.core/build/resources/main/de/uka/ilkd/key/java/JavaRedux/java/lang/String.key 
30154      DEBUG main            d.u.i.k.p.i.KeYFile       Reading KeY file /home/runner/work/key/key/key.core/../key.ui/examples/InformationFlow/LoopInvariants/loop.IFLoopExamples(loop.IFLoopExamples__secure_doubleNestedWhile(int)).JML operation contract.0.key 
30176      DEBUG Thread-11       d.u.i.k.r.m.WhileLoopTransformation While-Loop-Tranform-Result: try {
  {
    if (_x > 0) {
      this.low = this.low + 1;
      _x = _x - 1;
      while (_x > 0) {
        this.low = this.low + 1;
        _x = _x - 1;
        while (_x > 0) {
          this.low = this.low + 1;
          _x = _x - 1;
        }
      }
    }
  }
} catch (java.lang.Throwable e#4) {
  exc#3 = true;
  thrownExc#5 = e#4;
} 
30289      DEBUG Thread-11       d.u.i.k.j.TypeConverter   typeconverter: (prefix this;, class class de.uka.ilkd.key.java.reference.ThisReference) 
30299      DEBUG Thread-11       d.u.i.k.j.TypeConverter   typeconverter: (prefix this;, class class de.uka.ilkd.key.java.reference.ThisReference) 
30347      DEBUG Thread-11       d.u.i.k.r.m.WhileLoopTransformation While-Loop-Tranform-Result: try {
  {
    if (_x > 0) {
      this.low = this.low + 1;
      _x = _x - 1;
      while (_x > 0) {
        this.low = this.low + 1;
        _x = _x - 1;
      }
    }
  }
} catch (java.lang.Throwable e#10) {
  exc#9 = true;
  thrownExc#11 = e#10;
} 
30533      DEBUG Thread-11       d.u.i.k.j.TypeConverter   typeconverter: (prefix this;, class class de.uka.ilkd.key.java.reference.ThisReference) 
30564      DEBUG Thread-11       d.u.i.k.j.TypeConverter   typeconverter: (prefix this;, class class de.uka.ilkd.key.java.reference.ThisReference) 
30590      DEBUG Thread-11       d.u.i.k.r.m.WhileLoopTransformation While-Loop-Tranform-Result: try {
  {
    if (_x > 0) {
      this.low = this.low + 1;
      _x = _x - 1;
    }
  }
} catch (java.lang.Throwable e#16) {
  exc#15 = true;
  thrownExc#17 = e#16;
} 
30878      DEBUG Thread-11       d.u.i.k.j.TypeConverter   typeconverter: (prefix this;, class class de.uka.ilkd.key.java.reference.ThisReference) 
30915      DEBUG Thread-11       d.u.i.k.j.TypeConverter   typeconverter: (prefix this;, class class de.uka.ilkd.key.java.reference.ThisReference) 
31058      INFO  main            d.u.i.k.p.r.p.TestFile    ... finished proof: closed. 
31215      DEBUG main            d.u.i.k.s.TermLabelSettings TermLabelSettings: Failure while reading the setting "UseOriginLabels".Using the default value: true.The string read was: null 
31215      INFO  main            d.u.i.k.p.r.p.TestFile    Now processing file /home/runner/work/key/key/key.core/../key.ui/examples/InformationFlow/LoopInvariants/loop.IFLoopExamples(loop.IFLoopExamples__secure_nestedTwoWhile(int)).JML operation contract.0.key 
31216      DEBUG main            d.u.i.k.p.i.KeYFile       Reading KeY file /home/runner/work/key/key/key.core/../key.ui/examples/InformationFlow/LoopInvariants/loop.IFLoopExamples(loop.IFLoopExamples__secure_nestedTwoWhile(int)).JML operation contract.0.key 
32181      DEBUG main            d.u.i.k.j.Recoder2KeY     converting now /home/runner/work/key/key/key.core/../key.ui/examples/InformationFlow/LoopInvariants/src/loop/IFLoopExamples.java 
32188      DEBUG main            d.u.i.k.s.TermLabelSettings TermLabelSettings: Failure while reading the setting "UseOriginLabels".Using the default value: true.The string read was: null 
32189      DEBUG main            d.u.i.k.p.i.KeYFile       Reading KeY file file:/home/runner/work/key/key/key.core/build/resources/main/de/uka/ilkd/key/java/JavaRedux/java/lang/String.key 
34224      DEBUG main            d.u.i.k.p.i.KeYFile       Reading KeY file /home/runner/work/key/key/key.core/../key.ui/examples/InformationFlow/LoopInvariants/loop.IFLoopExamples(loop.IFLoopExamples__secure_nestedTwoWhile(int)).JML operation contract.0.key 
34245      DEBUG Thread-13       d.u.i.k.r.m.WhileLoopTransformation While-Loop-Tranform-Result: try {
  {
    if (_x > 0) {
      this.low = this.low + 1;
      _x = _x - 1;
      while (_x > 0) {
        this.low = this.low + 1;
        _x = _x - 1;
      }
      while (_x > 0) {
        this.low = this.low + 1;
        _x = _x - 1;
      }
    }
  }
} catch (java.lang.Throwable e#4) {
  exc#3 = true;
  thrownExc#5 = e#4;
} 
34362      DEBUG Thread-13       d.u.i.k.j.TypeConverter   typeconverter: (prefix this;, class class de.uka.ilkd.key.java.reference.ThisReference) 
34370      DEBUG Thread-13       d.u.i.k.j.TypeConverter   typeconverter: (prefix this;, class class de.uka.ilkd.key.java.reference.ThisReference) 
34413      DEBUG Thread-13       d.u.i.k.r.m.WhileLoopTransformation While-Loop-Tranform-Result: try {
  {
    if (_x > 0) {
      this.low = this.low + 1;
      _x = _x - 1;
    }
  }
} catch (java.lang.Throwable e#10) {
  exc#9 = true;
  thrownExc#11 = e#10;
} 
34450      DEBUG Thread-13       d.u.i.k.r.m.WhileLoopTransformation While-Loop-Tranform-Result: try {
  {
    if (_x > 0) {
      this.low = this.low + 1;
      _x = _x - 1;
    }
  }
} catch (java.lang.Throwable e#16) {
  exc#15 = true;
  thrownExc#17 = e#16;
} 
34645      DEBUG Thread-13       d.u.i.k.j.TypeConverter   typeconverter: (prefix this;, class class de.uka.ilkd.key.java.reference.ThisReference) 
34676      DEBUG Thread-13       d.u.i.k.j.TypeConverter   typeconverter: (prefix this;, class class de.uka.ilkd.key.java.reference.ThisReference) 
34842      DEBUG Thread-13       d.u.i.k.j.TypeConverter   typeconverter: (prefix this;, class class de.uka.ilkd.key.java.reference.ThisReference) 
34871      DEBUG Thread-13       d.u.i.k.j.TypeConverter   typeconverter: (prefix this;, class class de.uka.ilkd.key.java.reference.ThisReference) 
35032      INFO  main            d.u.i.k.p.r.p.TestFile    ... finished proof: closed. 
35196      DEBUG main            d.u.i.k.s.TermLabelSettings TermLabelSettings: Failure while reading the setting "UseOriginLabels".Using the default value: true.The string read was: null 
35197      INFO  main            d.u.i.k.p.r.p.TestFile    Now processing file /home/runner/work/key/key/key.core/../key.ui/examples/InformationFlow/LoopInvariants/loop.IFLoopExamples(loop.IFLoopExamples__secure_nestedWhile(int)).JML operation contract.0.key 
35197      DEBUG main            d.u.i.k.p.i.KeYFile       Reading KeY file /home/runner/work/key/key/key.core/../key.ui/examples/InformationFlow/LoopInvariants/loop.IFLoopExamples(loop.IFLoopExamples__secure_nestedWhile(int)).JML operation contract.0.key 
36135      DEBUG main            d.u.i.k.j.Recoder2KeY     converting now /home/runner/work/key/key/key.core/../key.ui/examples/InformationFlow/LoopInvariants/src/loop/IFLoopExamples.java 
36141      DEBUG main            d.u.i.k.s.TermLabelSettings TermLabelSettings: Failure while reading the setting "UseOriginLabels".Using the default value: true.The string read was: null 
36143      DEBUG main            d.u.i.k.p.i.KeYFile       Reading KeY file file:/home/runner/work/key/key/key.core/build/resources/main/de/uka/ilkd/key/java/JavaRedux/java/lang/String.key 
38163      DEBUG main            d.u.i.k.p.i.KeYFile       Reading KeY file /home/runner/work/key/key/key.core/../key.ui/examples/InformationFlow/LoopInvariants/loop.IFLoopExamples(loop.IFLoopExamples__secure_nestedWhile(int)).JML operation contract.0.key 
38184      DEBUG Thread-15       d.u.i.k.r.m.WhileLoopTransformation While-Loop-Tranform-Result: try {
  {
    if (_x > 0) {
      this.low = this.low + 1;
      _x = _x - 1;
      while (_x > 0) {
        this.low = this.low + 1;
        _x = _x - 1;
      }
    }
  }
} catch (java.lang.Throwable e#4) {
  exc#3 = true;
  thrownExc#5 = e#4;
} 
38295      DEBUG Thread-15       d.u.i.k.j.TypeConverter   typeconverter: (prefix this;, class class de.uka.ilkd.key.java.reference.ThisReference) 
38303      DEBUG Thread-15       d.u.i.k.j.TypeConverter   typeconverter: (prefix this;, class class de.uka.ilkd.key.java.reference.ThisReference) 
38347      DEBUG Thread-15       d.u.i.k.r.m.WhileLoopTransformation While-Loop-Tranform-Result: try {
  {
    if (_x > 0) {
      this.low = this.low + 1;
      _x = _x - 1;
    }
  }
} catch (java.lang.Throwable e#10) {
  exc#9 = true;
  thrownExc#11 = e#10;
} 
38524      DEBUG Thread-15       d.u.i.k.j.TypeConverter   typeconverter: (prefix this;, class class de.uka.ilkd.key.java.reference.ThisReference) 
38553      DEBUG Thread-15       d.u.i.k.j.TypeConverter   typeconverter: (prefix this;, class class de.uka.ilkd.key.java.reference.ThisReference) 
38666      INFO  main            d.u.i.k.p.r.p.TestFile    ... finished proof: closed. 
38835      DEBUG main            d.u.i.k.s.TermLabelSettings TermLabelSettings: Failure while reading the setting "UseOriginLabels".Using the default value: true.The string read was: null 
38835      INFO  main            d.u.i.k.p.r.p.TestFile    Now processing file /home/runner/work/key/key/key.core/../key.ui/examples/InformationFlow/LoopInvariants/loop.IFLoopExamples(loop.IFLoopExamples__notSecure_while(int)).JML operation contract.0.key 
38836      DEBUG main            d.u.i.k.p.i.KeYFile       Reading KeY file /home/runner/work/key/key/key.core/../key.ui/examples/InformationFlow/LoopInvariants/loop.IFLoopExamples(loop.IFLoopExamples__notSecure_while(int)).JML operation contract.0.key 
39783      DEBUG main            d.u.i.k.j.Recoder2KeY     converting now /home/runner/work/key/key/key.core/../key.ui/examples/InformationFlow/LoopInvariants/src/loop/IFLoopExamples.java 
39790      DEBUG main            d.u.i.k.s.TermLabelSettings TermLabelSettings: Failure while reading the setting "UseOriginLabels".Using the default value: true.The string read was: null 
39791      DEBUG main            d.u.i.k.p.i.KeYFile       Reading KeY file file:/home/runner/work/key/key/key.core/build/resources/main/de/uka/ilkd/key/java/JavaRedux/java/lang/String.key 
41791      DEBUG main            d.u.i.k.p.i.KeYFile       Reading KeY file /home/runner/work/key/key/key.core/../key.ui/examples/InformationFlow/LoopInvariants/loop.IFLoopExamples(loop.IFLoopExamples__notSecure_while(int)).JML operation contract.0.key 
41811      DEBUG Thread-17       d.u.i.k.r.m.WhileLoopTransformation While-Loop-Tranform-Result: try {
  {
    if (_x > 0) {
      this.low = this.low + 1;
      _x = _x - 1;
    }
  }
} catch (java.lang.Throwable e#4) {
  exc#3 = true;
  thrownExc#5 = e#4;
} 
41907      DEBUG Thread-17       d.u.i.k.j.TypeConverter   typeconverter: (prefix this;, class class de.uka.ilkd.key.java.reference.ThisReference) 
41933      DEBUG Thread-17       d.u.i.k.j.TypeConverter   typeconverter: (prefix this;, class class de.uka.ilkd.key.java.reference.ThisReference) 
42094      INFO  main            d.u.i.k.p.r.p.TestFile    ... finished proof: closed. 
42264      DEBUG main            d.u.i.k.s.TermLabelSettings TermLabelSettings: Failure while reading the setting "UseOriginLabels".Using the default value: true.The string read was: null 
42264      INFO  main            d.u.i.k.p.r.p.TestFile    Now processing file /home/runner/work/key/key/key.core/../key.ui/examples/InformationFlow/LoopInvariants/loop.IFLoopExamples(loop.IFLoopExamples__notSecure_while_wrongInv(int)).JML operation contract.0.key 
42265      DEBUG main            d.u.i.k.p.i.KeYFile       Reading KeY file /home/runner/work/key/key/key.core/../key.ui/examples/InformationFlow/LoopInvariants/loop.IFLoopExamples(loop.IFLoopExamples__notSecure_while_wrongInv(int)).JML operation contract.0.key 
43185      DEBUG main            d.u.i.k.j.Recoder2KeY     converting now /home/runner/work/key/key/key.core/../key.ui/examples/InformationFlow/LoopInvariants/src/loop/IFLoopExamples.java 
43191      DEBUG main            d.u.i.k.s.TermLabelSettings TermLabelSettings: Failure while reading the setting "UseOriginLabels".Using the default value: true.The string read was: null 
43192      DEBUG main            d.u.i.k.p.i.KeYFile       Reading KeY file file:/home/runner/work/key/key/key.core/build/resources/main/de/uka/ilkd/key/java/JavaRedux/java/lang/String.key 
45182      DEBUG main            d.u.i.k.p.i.KeYFile       Reading KeY file /home/runner/work/key/key/key.core/../key.ui/examples/InformationFlow/LoopInvariants/loop.IFLoopExamples(loop.IFLoopExamples__notSecure_while_wrongInv(int)).JML operation contract.0.key 
45201      DEBUG Thread-19       d.u.i.k.r.m.WhileLoopTransformation While-Loop-Tranform-Result: try {
  {
    if (_x > 0) {
      this.low = this.low + 1;
      _x = _x - 1;
    }
  }
} catch (java.lang.Throwable e#4) {
  exc#3 = true;
  thrownExc#5 = e#4;
} 
45269      DEBUG Thread-19       d.u.i.k.j.TypeConverter   typeconverter: (prefix this;, class class de.uka.ilkd.key.java.reference.ThisReference) 
45277      DEBUG Thread-19       d.u.i.k.j.TypeConverter   typeconverter: (prefix this;, class class de.uka.ilkd.key.java.reference.ThisReference) 
45389      INFO  main            d.u.i.k.p.r.p.TestFile    ... finished proof: open goal(s) 
45540      DEBUG main            d.u.i.k.s.TermLabelSettings TermLabelSettings: Failure while reading the setting "UseOriginLabels".Using the default value: true.The string read was: null 
45540      INFO  main            d.u.i.k.p.r.p.TestFile    Now processing file /home/runner/work/key/key/key.core/../key.ui/examples/InformationFlow/LoopInvariants/loop.IFLoopExamples(loop.IFLoopExamples__insecure_twoWhile(int)).JML operation contract.0.key 
45541      DEBUG main            d.u.i.k.p.i.KeYFile       Reading KeY file /home/runner/work/key/key/key.core/../key.ui/examples/InformationFlow/LoopInvariants/loop.IFLoopExamples(loop.IFLoopExamples__insecure_twoWhile(int)).JML operation contract.0.key 
46528      DEBUG main            d.u.i.k.j.Recoder2KeY     converting now /home/runner/work/key/key/key.core/../key.ui/examples/InformationFlow/LoopInvariants/src/loop/IFLoopExamples.java 
46534      DEBUG main            d.u.i.k.s.TermLabelSettings TermLabelSettings: Failure while reading the setting "UseOriginLabels".Using the default value: true.The string read was: null 
46535      DEBUG main            d.u.i.k.p.i.KeYFile       Reading KeY file file:/home/runner/work/key/key/key.core/build/resources/main/de/uka/ilkd/key/java/JavaRedux/java/lang/String.key 
48541      DEBUG main            d.u.i.k.p.i.KeYFile       Reading KeY file /home/runner/work/key/key/key.core/../key.ui/examples/InformationFlow/LoopInvariants/loop.IFLoopExamples(loop.IFLoopExamples__insecure_twoWhile(int)).JML operation contract.0.key 
48562      DEBUG Thread-21       d.u.i.k.r.m.WhileLoopTransformation While-Loop-Tranform-Result: try {
  {
    if (_x > 0) {
      this.low = this.low + 1;
      _x = _x - 1;
    }
  }
} catch (java.lang.Throwable e#4) {
  exc#3 = true;
  thrownExc#5 = e#4;
} 
48589      DEBUG Thread-21       d.u.i.k.r.m.WhileLoopTransformation While-Loop-Tranform-Result: try {
  {
    if (_x == 0) {
      this.low = this.low + 1;
      _x = _x - 1;
    }
  }
} catch (java.lang.Throwable e#10) {
  exc#9 = true;
  thrownExc#11 = e#10;
} 
48692      DEBUG Thread-21       d.u.i.k.j.TypeConverter   typeconverter: (prefix this;, class class de.uka.ilkd.key.java.reference.ThisReference) 
48740      DEBUG Thread-21       d.u.i.k.j.TypeConverter   typeconverter: (prefix this;, class class de.uka.ilkd.key.java.reference.ThisReference) 
48846      DEBUG Thread-21       d.u.i.k.j.TypeConverter   typeconverter: (prefix this;, class class de.uka.ilkd.key.java.reference.ThisReference) 
48854      DEBUG Thread-21       d.u.i.k.j.TypeConverter   typeconverter: (prefix this;, class class de.uka.ilkd.key.java.reference.ThisReference) 
48945      INFO  main            d.u.i.k.p.r.p.TestFile    ... finished proof: closed. 
49112      DEBUG main            d.u.i.k.s.TermLabelSettings TermLabelSettings: Failure while reading the setting "UseOriginLabels".Using the default value: true.The string read was: null 
49112      INFO  main            d.u.i.k.p.r.p.TestFile    Now processing file /home/runner/work/key/key/key.core/../key.ui/examples/InformationFlow/LoopInvariants/loop.IFLoopExamples(loop.IFLoopExamples__insecure_twoWhile_2(int)).JML operation contract.0.key 
49113      DEBUG main            d.u.i.k.p.i.KeYFile       Reading KeY file /home/runner/work/key/key/key.core/../key.ui/examples/InformationFlow/LoopInvariants/loop.IFLoopExamples(loop.IFLoopExamples__insecure_twoWhile_2(int)).JML operation contract.0.key 
50073      DEBUG main            d.u.i.k.j.Recoder2KeY     converting now /home/runner/work/key/key/key.core/../key.ui/examples/InformationFlow/LoopInvariants/src/loop/IFLoopExamples.java 
50079      DEBUG main            d.u.i.k.s.TermLabelSettings TermLabelSettings: Failure while reading the setting "UseOriginLabels".Using the default value: true.The string read was: null 
50080      DEBUG main            d.u.i.k.p.i.KeYFile       Reading KeY file file:/home/runner/work/key/key/key.core/build/resources/main/de/uka/ilkd/key/java/JavaRedux/java/lang/String.key 
52030      DEBUG main            d.u.i.k.p.i.KeYFile       Reading KeY file /home/runner/work/key/key/key.core/../key.ui/examples/InformationFlow/LoopInvariants/loop.IFLoopExamples(loop.IFLoopExamples__insecure_twoWhile_2(int)).JML operation contract.0.key 
52049      DEBUG Thread-23       d.u.i.k.r.m.WhileLoopTransformation While-Loop-Tranform-Result: try {
  {
    if (_x > 0) {
      this.low = this.low + 1;
      _x = _x - 1;
    }
  }
} catch (java.lang.Throwable e#4) {
  exc#3 = true;
  thrownExc#5 = e#4;
} 
52077      DEBUG Thread-23       d.u.i.k.r.m.WhileLoopTransformation While-Loop-Tranform-Result: try {
  {
    if (_x == 0) {
      this.low = this.low + 1;
      _x = _x - 1;
    }
  }
} catch (java.lang.Throwable e#10) {
  exc#9 = true;
  thrownExc#11 = e#10;
} 
52179      DEBUG Thread-23       d.u.i.k.j.TypeConverter   typeconverter: (prefix this;, class class de.uka.ilkd.key.java.reference.ThisReference) 
52200      DEBUG Thread-23       d.u.i.k.j.TypeConverter   typeconverter: (prefix this;, class class de.uka.ilkd.key.java.reference.ThisReference) 
52309      DEBUG Thread-23       d.u.i.k.j.TypeConverter   typeconverter: (prefix this;, class class de.uka.ilkd.key.java.reference.ThisReference) 
52319      DEBUG Thread-23       d.u.i.k.j.TypeConverter   typeconverter: (prefix this;, class class de.uka.ilkd.key.java.reference.ThisReference) 
52434      INFO  main            d.u.i.k.p.r.p.TestFile    ... finished proof: closed. 
52604      DEBUG main            d.u.i.k.s.TermLabelSettings TermLabelSettings: Failure while reading the setting "UseOriginLabels".Using the default value: true.The string read was: null 
52604      INFO  main            d.u.i.k.p.r.p.TestFile    Now processing file /home/runner/work/key/key/key.core/../key.ui/examples/InformationFlow/LoopInvariants/loop.IFLoopExamples(loop.IFLoopExamples__secure_twoWhile(int)).JML operation contract.0.key 
52605      DEBUG main            d.u.i.k.p.i.KeYFile       Reading KeY file /home/runner/work/key/key/key.core/../key.ui/examples/InformationFlow/LoopInvariants/loop.IFLoopExamples(loop.IFLoopExamples__secure_twoWhile(int)).JML operation contract.0.key 
53519      DEBUG main            d.u.i.k.j.Recoder2KeY     converting now /home/runner/work/key/key/key.core/../key.ui/examples/InformationFlow/LoopInvariants/src/loop/IFLoopExamples.java 
53525      DEBUG main            d.u.i.k.s.TermLabelSettings TermLabelSettings: Failure while reading the setting "UseOriginLabels".Using the default value: true.The string read was: null 
53526      DEBUG main            d.u.i.k.p.i.KeYFile       Reading KeY file file:/home/runner/work/key/key/key.core/build/resources/main/de/uka/ilkd/key/java/JavaRedux/java/lang/String.key 
55503      DEBUG main            d.u.i.k.p.i.KeYFile       Reading KeY file /home/runner/work/key/key/key.core/../key.ui/examples/InformationFlow/LoopInvariants/loop.IFLoopExamples(loop.IFLoopExamples__secure_twoWhile(int)).JML operation contract.0.key 
55525      DEBUG Thread-25       d.u.i.k.r.m.WhileLoopTransformation While-Loop-Tranform-Result: try {
  {
    if (_x > 0) {
      this.low = this.low + 1;
      _x = _x - 1;
    }
  }
} catch (java.lang.Throwable e#4) {
  exc#3 = true;
  thrownExc#5 = e#4;
} 
55551      DEBUG Thread-25       d.u.i.k.r.m.WhileLoopTransformation While-Loop-Tranform-Result: try {
  {
    if (_x == 0) {
      this.low = this.low + 1;
      _x = _x - 1;
    }
  }
} catch (java.lang.Throwable e#10) {
  exc#9 = true;
  thrownExc#11 = e#10;
} 
55650      DEBUG Thread-25       d.u.i.k.j.TypeConverter   typeconverter: (prefix this;, class class de.uka.ilkd.key.java.reference.ThisReference) 
55670      DEBUG Thread-25       d.u.i.k.j.TypeConverter   typeconverter: (prefix this;, class class de.uka.ilkd.key.java.reference.ThisReference) 
55777      DEBUG Thread-25       d.u.i.k.j.TypeConverter   typeconverter: (prefix this;, class class de.uka.ilkd.key.java.reference.ThisReference) 
55785      DEBUG Thread-25       d.u.i.k.j.TypeConverter   typeconverter: (prefix this;, class class de.uka.ilkd.key.java.reference.ThisReference) 
55910      INFO  main            d.u.i.k.p.r.p.TestFile    ... finished proof: closed. 
56085      DEBUG main            d.u.i.k.s.TermLabelSettings TermLabelSettings: Failure while reading the setting "UseOriginLabels".Using the default value: true.The string read was: null 
56085      INFO  main            d.u.i.k.p.r.p.TestFile    Now processing file /home/runner/work/key/key/key.core/../key.ui/examples/InformationFlow/LoopInvariants/loop.IFLoopExamples(loop.IFLoopExamples__loc_secure_while(int)).JML operation contract.0.key 
56085      DEBUG main            d.u.i.k.p.i.KeYFile       Reading KeY file /home/runner/work/key/key/key.core/../key.ui/examples/InformationFlow/LoopInvariants/loop.IFLoopExamples(loop.IFLoopExamples__loc_secure_while(int)).JML operation contract.0.key 
56993      DEBUG main            d.u.i.k.j.Recoder2KeY     converting now /home/runner/work/key/key/key.core/../key.ui/examples/InformationFlow/LoopInvariants/src/loop/IFLoopExamples.java 
56998      DEBUG main            d.u.i.k.s.TermLabelSettings TermLabelSettings: Failure while reading the setting "UseOriginLabels".Using the default value: true.The string read was: null 
56999      DEBUG main            d.u.i.k.p.i.KeYFile       Reading KeY file file:/home/runner/work/key/key/key.core/build/resources/main/de/uka/ilkd/key/java/JavaRedux/java/lang/String.key 
58972      DEBUG main            d.u.i.k.p.i.KeYFile       Reading KeY file /home/runner/work/key/key/key.core/../key.ui/examples/InformationFlow/LoopInvariants/loop.IFLoopExamples(loop.IFLoopExamples__loc_secure_while(int)).JML operation contract.0.key 
58996      DEBUG Thread-27       d.u.i.k.r.m.WhileLoopTransformation While-Loop-Tranform-Result: try {
  {
    if (_x > 0) {
      this.low = this.low + 1;
      _x = _x - 1;
      z = z + _x;
    }
  }
} catch (java.lang.Throwable e#4) {
  exc#3 = true;
  thrownExc#5 = e#4;
} 
59085      DEBUG Thread-27       d.u.i.k.j.TypeConverter   typeconverter: (prefix this;, class class de.uka.ilkd.key.java.reference.ThisReference) 
59092      DEBUG Thread-27       d.u.i.k.j.TypeConverter   typeconverter: (prefix this;, class class de.uka.ilkd.key.java.reference.ThisReference) 
59277      INFO  main            d.u.i.k.p.r.p.TestFile    ... finished proof: closed. 
59444      DEBUG main            d.u.i.k.s.TermLabelSettings TermLabelSettings: Failure while reading the setting "UseOriginLabels".Using the default value: true.The string read was: null 
59444      INFO  main            d.u.i.k.p.r.p.TestFile    Now processing file /home/runner/work/key/key/key.core/../key.ui/examples/InformationFlow/LoopInvariants/loop.IFLoopExamples(loop.IFLoopExamples__secure_while(int)).JML operation contract.0.key 
59445      DEBUG main            d.u.i.k.p.i.KeYFile       Reading KeY file /home/runner/work/key/key/key.core/../key.ui/examples/InformationFlow/LoopInvariants/loop.IFLoopExamples(loop.IFLoopExamples__secure_while(int)).JML operation contract.0.key 
60363      DEBUG main            d.u.i.k.j.Recoder2KeY     converting now /home/runner/work/key/key/key.core/../key.ui/examples/InformationFlow/LoopInvariants/src/loop/IFLoopExamples.java 
60369      DEBUG main            d.u.i.k.s.TermLabelSettings TermLabelSettings: Failure while reading the setting "UseOriginLabels".Using the default value: true.The string read was: null 
60371      DEBUG main            d.u.i.k.p.i.KeYFile       Reading KeY file file:/home/runner/work/key/key/key.core/build/resources/main/de/uka/ilkd/key/java/JavaRedux/java/lang/String.key 
62382      DEBUG main            d.u.i.k.p.i.KeYFile       Reading KeY file /home/runner/work/key/key/key.core/../key.ui/examples/InformationFlow/LoopInvariants/loop.IFLoopExamples(loop.IFLoopExamples__secure_while(int)).JML operation contract.0.key 
62405      DEBUG Thread-29       d.u.i.k.r.m.WhileLoopTransformation While-Loop-Tranform-Result: try {
  {
    if (_x > 0) {
      this.low = this.low + 1;
      _x = _x - 1;
    }
  }
} catch (java.lang.Throwable e#4) {
  exc#3 = true;
  thrownExc#5 = e#4;
} 
62496      DEBUG Thread-29       d.u.i.k.j.TypeConverter   typeconverter: (prefix this;, class class de.uka.ilkd.key.java.reference.ThisReference) 
62503      DEBUG Thread-29       d.u.i.k.j.TypeConverter   typeconverter: (prefix this;, class class de.uka.ilkd.key.java.reference.ThisReference) 
62589      INFO  main            d.u.i.k.p.r.p.TestFile    ... finished proof: closed. 
62762      DEBUG main            d.u.i.k.s.TermLabelSettings TermLabelSettings: Failure while reading the setting "UseOriginLabels".Using the default value: true.The string read was: null 
62762      INFO  main            d.u.i.k.p.r.p.TestFile    Now processing file /home/runner/work/key/key/key.core/../key.ui/examples/InformationFlow/LoopInvariants/loop.IFLoopExamples(loop.IFLoopExamples__print(int)).JML normal_behavior operation contract.0.key 
62763      DEBUG main            d.u.i.k.p.i.KeYFile       Reading KeY file /home/runner/work/key/key/key.core/../key.ui/examples/InformationFlow/LoopInvariants/loop.IFLoopExamples(loop.IFLoopExamples__print(int)).JML normal_behavior operation contract.0.key 
63681      DEBUG main            d.u.i.k.j.Recoder2KeY     converting now /home/runner/work/key/key/key.core/../key.ui/examples/InformationFlow/LoopInvariants/src/loop/IFLoopExamples.java 
63688      DEBUG main            d.u.i.k.s.TermLabelSettings TermLabelSettings: Failure while reading the setting "UseOriginLabels".Using the default value: true.The string read was: null 
63689      DEBUG main            d.u.i.k.p.i.KeYFile       Reading KeY file file:/home/runner/work/key/key/key.core/build/resources/main/de/uka/ilkd/key/java/JavaRedux/java/lang/String.key 
65678      DEBUG main            d.u.i.k.p.i.KeYFile       Reading KeY file /home/runner/work/key/key/key.core/../key.ui/examples/InformationFlow/LoopInvariants/loop.IFLoopExamples(loop.IFLoopExamples__print(int)).JML normal_behavior operation contract.0.key 
65691      DEBUG Thread-31       d.u.i.k.j.TypeConverter   typeconverter: (prefix this;, class class de.uka.ilkd.key.java.reference.ThisReference) 
65780      INFO  main            d.u.i.k.p.r.p.TestFile    ... finished proof: closed. 
65963      DEBUG main            d.u.i.k.s.TermLabelSettings TermLabelSettings: Failure while reading the setting "UseOriginLabels".Using the default value: true.The string read was: null 
65963      INFO  main            d.u.i.k.p.r.p.TestFile    Now processing file /home/runner/work/key/key/key.core/../key.ui/examples/InformationFlow/LoopInvariants/loop.IFLoopExamples(loop.IFLoopExamples__hammer(int)).JML normal_behavior operation contract.0.key 
65963      DEBUG main            d.u.i.k.p.i.KeYFile       Reading KeY file /home/runner/work/key/key/key.core/../key.ui/examples/InformationFlow/LoopInvariants/loop.IFLoopExamples(loop.IFLoopExamples__hammer(int)).JML normal_behavior operation contract.0.key 
66884      DEBUG main            d.u.i.k.j.Recoder2KeY     converting now /home/runner/work/key/key/key.core/../key.ui/examples/InformationFlow/LoopInvariants/src/loop/IFLoopExamples.java 
66890      DEBUG main            d.u.i.k.s.TermLabelSettings TermLabelSettings: Failure while reading the setting "UseOriginLabels".Using the default value: true.The string read was: null 
66891      DEBUG main            d.u.i.k.p.i.KeYFile       Reading KeY file file:/home/runner/work/key/key/key.core/build/resources/main/de/uka/ilkd/key/java/JavaRedux/java/lang/String.key 
68858      DEBUG main            d.u.i.k.p.i.KeYFile       Reading KeY file /home/runner/work/key/key/key.core/../key.ui/examples/InformationFlow/LoopInvariants/loop.IFLoopExamples(loop.IFLoopExamples__hammer(int)).JML normal_behavior operation contract.0.key 
68880      DEBUG Thread-33       d.u.i.k.r.m.WhileLoopTransformation While-Loop-Tranform-Result: try {
  {
    if (y < 10) {
      print(x);
      if (y == 5) {
        x = _secret;
        y = 9;
      }
      x++;
      y++;
    }
  }
} catch (java.lang.Throwable e#4) {
  exc#3 = true;
  thrownExc#5 = e#4;
} 
69271      INFO  main            d.u.i.k.p.r.p.TestFile    ... finished proof: closed. 
364652     INFO  Test worker     d.u.i.k.p.r.RunAllProofsTestUnit Returning from test LoopInvariants 
364653     INFO  Test worker     d.u.i.k.p.r.RunAllProofsTestUnit Running test MiniExamples 
580        INFO  Timeout watchdog d.u.i.k.p.r.p.ForkedTestFileRunner Timeout watcher launched (1000 secs.) 
621        WARN  main            d.u.i.k.s.ProofSettings   The settings in /home/runner/.key/proof-settings.props are *not* read. 
658        DEBUG main            d.u.i.k.s.TermLabelSettings TermLabelSettings: Failure while reading the setting "UseOriginLabels".Using the default value: true.The string read was: null 
660        INFO  main            d.u.i.k.p.r.p.TestFile    Now processing file /home/runner/work/key/key/key.core/../key.ui/examples/InformationFlow/MiniExamples/mini.AliasingExamples(mini.AliasingExamples__insecure_1(mini.AliasingExamples,mini.AliasingExamples,int)).JML operation contract.0.key 
830        DEBUG main            d.u.i.k.p.i.KeYFile       Reading KeY file /home/runner/work/key/key/key.core/../key.ui/examples/InformationFlow/MiniExamples/mini.AliasingExamples(mini.AliasingExamples__insecure_1(mini.AliasingExamples,mini.AliasingExamples,int)).JML operation contract.0.key 
1262       DEBUG main            d.u.i.k.p.i.KeYFile       Reading KeY file file:/home/runner/work/key/key/key.core/build/resources/main/de/uka/ilkd/key/proof/rules/standardRules.key 
1298       DEBUG main            d.u.i.k.p.i.KeYFile       Reading KeY file file:/home/runner/work/key/key/key.core/build/resources/main/de/uka/ilkd/key/proof/rules/ldt.key 
1309       DEBUG main            d.u.i.k.p.i.KeYFile       Reading KeY file file:/home/runner/work/key/key/key.core/build/resources/main/de/uka/ilkd/key/proof/rules/boolean.key 
1343       DEBUG main            d.u.i.k.p.i.KeYFile       Reading KeY file file:/home/runner/work/key/key/key.core/build/resources/main/de/uka/ilkd/key/proof/rules/ruleSetsDeclarations.key 
1417       DEBUG main            d.u.i.k.p.i.KeYFile       Reading KeY file file:/home/runner/work/key/key/key.core/build/resources/main/de/uka/ilkd/key/proof/rules/integerHeader.key 
1436       DEBUG main            d.u.i.k.p.i.KeYFile       Reading KeY file file:/home/runner/work/key/key/key.core/build/resources/main/de/uka/ilkd/key/proof/rules/floatHeader.key 
1447       DEBUG main            d.u.i.k.p.i.KeYFile       Reading KeY file file:/home/runner/work/key/key/key.core/build/resources/main/de/uka/ilkd/key/proof/rules/heap.key 
1453       DEBUG main            d.u.i.k.p.i.KeYFile       Reading KeY file file:/home/runner/work/key/key/key.core/build/resources/main/de/uka/ilkd/key/proof/rules/locSets.key 
1455       DEBUG main            d.u.i.k.p.i.KeYFile       Reading KeY file file:/home/runner/work/key/key/key.core/build/resources/main/de/uka/ilkd/key/proof/rules/permission.key 
1457       DEBUG main            d.u.i.k.p.i.KeYFile       Reading KeY file file:/home/runner/work/key/key/key.core/build/resources/main/de/uka/ilkd/key/proof/rules/reach.key 
1458       DEBUG main            d.u.i.k.p.i.KeYFile       Reading KeY file file:/home/runner/work/key/key/key.core/build/resources/main/de/uka/ilkd/key/proof/rules/seq.key 
1460       DEBUG main            d.u.i.k.p.i.KeYFile       Reading KeY file file:/home/runner/work/key/key/key.core/build/resources/main/de/uka/ilkd/key/proof/rules/map.key 
1531       DEBUG main            d.u.i.k.p.i.KeYFile       Reading KeY file file:/home/runner/work/key/key/key.core/build/resources/main/de/uka/ilkd/key/proof/rules/freeADT.key 
1532       DEBUG main            d.u.i.k.p.i.KeYFile       Reading KeY file file:/home/runner/work/key/key/key.core/build/resources/main/de/uka/ilkd/key/proof/rules/wellfound.key 
1534       DEBUG main            d.u.i.k.p.i.KeYFile       Reading KeY file file:/home/runner/work/key/key/key.core/build/resources/main/de/uka/ilkd/key/proof/rules/charListHeader.key 
1773       DEBUG main            d.u.i.k.p.i.KeYFile       Reading KeY file file:/home/runner/work/key/key/key.core/build/resources/main/de/uka/ilkd/key/proof/rules/propRule.key 
1821       DEBUG main            d.u.i.k.p.i.KeYFile       Reading KeY file file:/home/runner/work/key/key/key.core/build/resources/main/de/uka/ilkd/key/proof/rules/firstOrderRules.key 
1865       DEBUG main            d.u.i.k.p.i.KeYFile       Reading KeY file file:/home/runner/work/key/key/key.core/build/resources/main/de/uka/ilkd/key/proof/rules/ifThenElseRules.key 
1896       DEBUG main            d.u.i.k.p.i.KeYFile       Reading KeY file file:/home/runner/work/key/key/key.core/build/resources/main/de/uka/ilkd/key/proof/rules/formulaNormalisationRules.key 
1999       DEBUG main            d.u.i.k.p.i.KeYFile       Reading KeY file file:/home/runner/work/key/key/key.core/build/resources/main/de/uka/ilkd/key/proof/rules/updateRules.key 
2019       DEBUG main            d.u.i.k.p.i.KeYFile       Reading KeY file file:/home/runner/work/key/key/key.core/build/resources/main/de/uka/ilkd/key/proof/rules/integerRulesCommon.key 
2114       DEBUG main            d.u.i.k.p.i.KeYFile       Reading KeY file file:/home/runner/work/key/key/key.core/build/resources/main/de/uka/ilkd/key/proof/rules/intRules.key 
2133       DEBUG main            d.u.i.k.p.i.KeYFile       Reading KeY file file:/home/runner/work/key/key/key.core/build/resources/main/de/uka/ilkd/key/proof/rules/intRulesUncheckedSemantics.key 
2146       DEBUG main            d.u.i.k.p.i.KeYFile       Reading KeY file file:/home/runner/work/key/key/key.core/build/resources/main/de/uka/ilkd/key/proof/rules/intRulesCheckedSemantics.key 
2152       DEBUG main            d.u.i.k.p.i.KeYFile       Reading KeY file file:/home/runner/work/key/key/key.core/build/resources/main/de/uka/ilkd/key/proof/rules/intRulesJavaSemantics.key 
2164       DEBUG main            d.u.i.k.p.i.KeYFile       Reading KeY file file:/home/runner/work/key/key/key.core/build/resources/main/de/uka/ilkd/key/proof/rules/integerSimplificationRules.key 
2306       DEBUG main            d.u.i.k.j.TypeConverter   No LDT found for Meta 
2307       DEBUG main            d.u.i.k.j.TypeConverter   No LDT found for Meta 
2308       DEBUG main            d.u.i.k.j.TypeConverter   No LDT found for Meta 
2309       DEBUG main            d.u.i.k.j.TypeConverter   No LDT found for Meta 
2355       DEBUG main            d.u.i.k.p.i.KeYFile       Reading KeY file file:/home/runner/work/key/key/key.core/build/resources/main/de/uka/ilkd/key/proof/rules/intDiv.key 
2385       DEBUG main            d.u.i.k.p.i.KeYFile       Reading KeY file file:/home/runner/work/key/key/key.core/build/resources/main/de/uka/ilkd/key/proof/rules/bsum.key 
2466       DEBUG main            d.u.i.k.p.i.KeYFile       Reading KeY file file:/home/runner/work/key/key/key.core/build/resources/main/de/uka/ilkd/key/proof/rules/bprod.key 
2520       DEBUG main            d.u.i.k.p.i.KeYFile       Reading KeY file file:/home/runner/work/key/key/key.core/build/resources/main/de/uka/ilkd/key/proof/rules/binaryAxioms.key 
2525       DEBUG main            d.u.i.k.p.i.KeYFile       Reading KeY file file:/home/runner/work/key/key/key.core/build/resources/main/de/uka/ilkd/key/proof/rules/binaryLemmas.key 
2530       DEBUG main            d.u.i.k.p.i.KeYFile       Reading KeY file file:/home/runner/work/key/key/key.core/build/resources/main/de/uka/ilkd/key/proof/rules/intPow.key 
2547       DEBUG main            d.u.i.k.p.i.KeYFile       Reading KeY file file:/home/runner/work/key/key/key.core/build/resources/main/de/uka/ilkd/key/proof/rules/floatRulesCommon.key 
2571       DEBUG main            d.u.i.k.p.i.KeYFile       Reading KeY file file:/home/runner/work/key/key/key.core/build/resources/main/de/uka/ilkd/key/proof/rules/floatRules.key 
2573       DEBUG main            d.u.i.k.p.i.KeYFile       Reading KeY file file:/home/runner/work/key/key/key.core/build/resources/main/de/uka/ilkd/key/proof/rules/floatRulesVerifyNormal.key 
2574       DEBUG main            d.u.i.k.p.i.KeYFile       Reading KeY file file:/home/runner/work/key/key/key.core/build/resources/main/de/uka/ilkd/key/proof/rules/floatRulesAssumeStrictfp.key 
2593       DEBUG main            d.u.i.k.p.i.KeYFile       Reading KeY file file:/home/runner/work/key/key/key.core/build/resources/main/de/uka/ilkd/key/proof/rules/genericRules.key 
2614       DEBUG main            d.u.i.k.p.i.KeYFile       Reading KeY file file:/home/runner/work/key/key/key.core/build/resources/main/de/uka/ilkd/key/proof/rules/booleanRules.key 
2618       DEBUG main            d.u.i.k.p.i.KeYFile       Reading KeY file file:/home/runner/work/key/key/key.core/build/resources/main/de/uka/ilkd/key/proof/rules/epsilon.key 
2624       DEBUG main            d.u.i.k.p.i.KeYFile       Reading KeY file file:/home/runner/work/key/key/key.core/build/resources/main/de/uka/ilkd/key/proof/rules/locSetsRules.key 
2717       DEBUG main            d.u.i.k.p.i.KeYFile       Reading KeY file file:/home/runner/work/key/key/key.core/build/resources/main/de/uka/ilkd/key/proof/rules/heapRules.key 
2779       DEBUG main            d.u.i.k.p.i.KeYFile       Reading KeY file file:/home/runner/work/key/key/key.core/build/resources/main/de/uka/ilkd/key/proof/rules/permissionRules.key 
2808       DEBUG main            d.u.i.k.p.i.KeYFile       Reading KeY file file:/home/runner/work/key/key/key.core/build/resources/main/de/uka/ilkd/key/proof/rules/reachRules.key 
2868       DEBUG main            d.u.i.k.p.i.KeYFile       Reading KeY file file:/home/runner/work/key/key/key.core/build/resources/main/de/uka/ilkd/key/proof/rules/seqCoreRules.key 
2874       DEBUG main            d.u.i.k.p.i.KeYFile       Reading KeY file file:/home/runner/work/key/key/key.core/build/resources/main/de/uka/ilkd/key/proof/rules/seqRules.key 
2944       DEBUG main            d.u.i.k.p.i.KeYFile       Reading KeY file file:/home/runner/work/key/key/key.core/build/resources/main/de/uka/ilkd/key/proof/rules/seqPerm.key 
3025       DEBUG main            d.u.i.k.p.i.KeYFile       Reading KeY file file:/home/runner/work/key/key/key.core/build/resources/main/de/uka/ilkd/key/proof/rules/seqPerm2.key 
3031       DEBUG main            d.u.i.k.p.i.KeYFile       Reading KeY file file:/home/runner/work/key/key/key.core/build/resources/main/de/uka/ilkd/key/proof/rules/javaRules.key 
3114       DEBUG main            d.u.i.k.p.i.KeYFile       Reading KeY file file:/home/runner/work/key/key/key.core/build/resources/main/de/uka/ilkd/key/proof/rules/assertions.key 
3627       DEBUG main            d.u.i.k.p.i.KeYFile       Reading KeY file file:/home/runner/work/key/key/key.core/build/resources/main/de/uka/ilkd/key/proof/rules/loopRules.key 
3637       DEBUG main            d.u.i.k.p.i.KeYFile       Reading KeY file file:/home/runner/work/key/key/key.core/build/resources/main/de/uka/ilkd/key/proof/rules/activeUse.key 
3690       DEBUG main            d.u.i.k.p.i.KeYFile       Reading KeY file file:/home/runner/work/key/key/key.core/build/resources/main/de/uka/ilkd/key/proof/rules/instanceAllocation.key 
3709       DEBUG main            d.u.i.k.p.i.KeYFile       Reading KeY file file:/home/runner/work/key/key/key.core/build/resources/main/de/uka/ilkd/key/proof/rules/java5.key 
3712       DEBUG main            d.u.i.k.p.i.KeYFile       Reading KeY file file:/home/runner/work/key/key/key.core/build/resources/main/de/uka/ilkd/key/proof/rules/integerAssignment2UpdateRules.key 
3776       DEBUG main            d.u.i.k.p.i.KeYFile       Reading KeY file file:/home/runner/work/key/key/key.core/build/resources/main/de/uka/ilkd/key/proof/rules/floatAssignment2UpdateRules.key 
3797       DEBUG main            d.u.i.k.p.i.KeYFile       Reading KeY file file:/home/runner/work/key/key/key.core/build/resources/main/de/uka/ilkd/key/proof/rules/bigint.key 
3808       DEBUG main            d.u.i.k.j.TypeConverter   No LDT found for JavaBigintExpression 
3811       DEBUG main            d.u.i.k.p.i.KeYFile       Reading KeY file file:/home/runner/work/key/key/key.core/build/resources/main/de/uka/ilkd/key/proof/rules/adtProgramDecompositionRules.key 
3827       DEBUG main            d.u.i.k.p.i.KeYFile       Reading KeY file file:/home/runner/work/key/key/key.core/build/resources/main/de/uka/ilkd/key/proof/rules/precRules.key 
3830       DEBUG main            d.u.i.k.p.i.KeYFile       Reading KeY file file:/home/runner/work/key/key/key.core/build/resources/main/de/uka/ilkd/key/proof/rules/charListRules.key 
3845       DEBUG main            d.u.i.k.p.i.KeYFile       Reading KeY file file:/home/runner/work/key/key/key.core/build/resources/main/de/uka/ilkd/key/proof/rules/regExTheory.key 
3846       DEBUG main            d.u.i.k.p.i.KeYFile       Reading KeY file file:/home/runner/work/key/key/key.core/build/resources/main/de/uka/ilkd/key/proof/rules/regExHeader.key 
3847       DEBUG main            d.u.i.k.p.i.KeYFile       Reading KeY file file:/home/runner/work/key/key/key.core/build/resources/main/de/uka/ilkd/key/proof/rules/regExAxioms.key 
3851       DEBUG main            d.u.i.k.p.i.KeYFile       Reading KeY file file:/home/runner/work/key/key/key.core/build/resources/main/de/uka/ilkd/key/proof/rules/regExLemmaProven.key 
3857       DEBUG main            d.u.i.k.p.i.KeYFile       Reading KeY file file:/home/runner/work/key/key/key.core/build/resources/main/de/uka/ilkd/key/proof/rules/seqEq.key 
3865       DEBUG main            d.u.i.k.p.i.KeYFile       Reading KeY file file:/home/runner/work/key/key/key.core/build/resources/main/de/uka/ilkd/key/proof/rules/infFlow.key 
3870       DEBUG main            d.u.i.k.p.i.KeYFile       Reading KeY file file:/home/runner/work/key/key/key.core/build/resources/main/de/uka/ilkd/key/proof/rules/mapSize.key 
3874       DEBUG main            d.u.i.k.p.i.KeYFile       Reading KeY file file:/home/runner/work/key/key/key.core/build/resources/main/de/uka/ilkd/key/proof/rules/wd.key 
3876       DEBUG main            d.u.i.k.p.i.KeYFile       Reading KeY file file:/home/runner/work/key/key/key.core/build/resources/main/de/uka/ilkd/key/proof/rules/wdHeader.key 
3877       DEBUG main            d.u.i.k.p.i.KeYFile       Reading KeY file file:/home/runner/work/key/key/key.core/build/resources/main/de/uka/ilkd/key/proof/rules/wdGeneralRules.key 
3881       DEBUG main            d.u.i.k.p.i.KeYFile       Reading KeY file file:/home/runner/work/key/key/key.core/build/resources/main/de/uka/ilkd/key/proof/rules/wdNumericalRules.key 
3902       DEBUG main            d.u.i.k.p.i.KeYFile       Reading KeY file file:/home/runner/work/key/key/key.core/build/resources/main/de/uka/ilkd/key/proof/rules/wdLocSetRules.key 
3908       DEBUG main            d.u.i.k.p.i.KeYFile       Reading KeY file file:/home/runner/work/key/key/key.core/build/resources/main/de/uka/ilkd/key/proof/rules/wdHeapRules.key 
3912       DEBUG main            d.u.i.k.p.i.KeYFile       Reading KeY file file:/home/runner/work/key/key/key.core/build/resources/main/de/uka/ilkd/key/proof/rules/wdReachRules.key 
3936       DEBUG main            d.u.i.k.p.i.KeYFile       Reading KeY file file:/home/runner/work/key/key/key.core/build/resources/main/de/uka/ilkd/key/proof/rules/wdSeqRules.key 
3940       DEBUG main            d.u.i.k.p.i.KeYFile       Reading KeY file file:/home/runner/work/key/key/key.core/build/resources/main/de/uka/ilkd/key/proof/rules/wdStringRules.key 
3944       DEBUG main            d.u.i.k.p.i.KeYFile       Reading KeY file file:/home/runner/work/key/key/key.core/build/resources/main/de/uka/ilkd/key/proof/rules/wdRegExRules.key 
3946       DEBUG main            d.u.i.k.p.i.KeYFile       Reading KeY file file:/home/runner/work/key/key/key.core/build/resources/main/de/uka/ilkd/key/proof/rules/wdFormulaRules.key 
3962       DEBUG main            d.u.i.k.p.i.KeYFile       Reading KeY file file:/home/runner/work/key/key/key.core/build/resources/main/de/uka/ilkd/key/proof/rules/loopInvariantRules.key 
3964       DEBUG main            d.u.i.k.p.i.KeYFile       Reading KeY file file:/home/runner/work/key/key/key.core/build/resources/main/de/uka/ilkd/key/proof/rules/forLoopRules.key 
3966       DEBUG main            d.u.i.k.p.i.KeYFile       Reading KeY file file:/home/runner/work/key/key/key.core/build/resources/main/de/uka/ilkd/key/proof/rules/execRules.key 
4027       DEBUG main            d.u.i.k.p.i.KeYFile       Reading KeY file file:/home/runner/work/key/key/key.core/build/resources/main/de/uka/ilkd/key/proof/rules/loopScopeRules.key 
6493       DEBUG main            d.u.i.k.j.Recoder2KeY     converting now /home/runner/work/key/key/key.core/../key.ui/examples/InformationFlow/MiniExamples/src/mini/MiniExamples.java 
6502       DEBUG main            d.u.i.k.j.Recoder2KeY     converting now /home/runner/work/key/key/key.core/../key.ui/examples/InformationFlow/MiniExamples/src/mini/AliasingExamples.java 
6505       DEBUG main            d.u.i.k.j.Recoder2KeY     converting now /home/runner/work/key/key/key.core/../key.ui/examples/InformationFlow/MiniExamples/src/mini/DifferenceSeqLocset.java 
6509       DEBUG main            d.u.i.k.j.Recoder2KeY     converting now /home/runner/work/key/key/key.core/../key.ui/examples/InformationFlow/MiniExamples/src/mini/MiniExamplesLecture.java 
6569       DEBUG main            d.u.i.k.s.TermLabelSettings TermLabelSettings: Failure while reading the setting "UseOriginLabels".Using the default value: true.The string read was: null 
6587       DEBUG main            d.u.i.k.p.i.KeYFile       Reading KeY file file:/home/runner/work/key/key/key.core/build/resources/main/de/uka/ilkd/key/java/JavaRedux/java/lang/String.key 
9156       DEBUG main            d.u.i.k.p.i.KeYFile       Reading KeY file /home/runner/work/key/key/key.core/../key.ui/examples/InformationFlow/MiniExamples/mini.AliasingExamples(mini.AliasingExamples__insecure_1(mini.AliasingExamples,mini.AliasingExamples,int)).JML operation contract.0.key 
9781       INFO  main            d.u.i.k.p.r.p.TestFile    ... finished proof: closed. 
9887       DEBUG main            d.u.i.k.s.TermLabelSettings TermLabelSettings: Failure while reading the setting "UseOriginLabels".Using the default value: true.The string read was: null 
9888       INFO  main            d.u.i.k.p.r.p.TestFile    Now processing file /home/runner/work/key/key/key.core/../key.ui/examples/InformationFlow/MiniExamples/mini.AliasingExamples(mini.AliasingExamples__secure_1(mini.AliasingExamples,mini.AliasingExamples,int)).JML operation contract.0.key 
9889       DEBUG main            d.u.i.k.p.i.KeYFile       Reading KeY file /home/runner/work/key/key/key.core/../key.ui/examples/InformationFlow/MiniExamples/mini.AliasingExamples(mini.AliasingExamples__secure_1(mini.AliasingExamples,mini.AliasingExamples,int)).JML operation contract.0.key 
10960      DEBUG main            d.u.i.k.j.Recoder2KeY     converting now /home/runner/work/key/key/key.core/../key.ui/examples/InformationFlow/MiniExamples/src/mini/MiniExamples.java 
10964      DEBUG main            d.u.i.k.j.Recoder2KeY     converting now /home/runner/work/key/key/key.core/../key.ui/examples/InformationFlow/MiniExamples/src/mini/AliasingExamples.java 
10966      DEBUG main            d.u.i.k.j.Recoder2KeY     converting now /home/runner/work/key/key/key.core/../key.ui/examples/InformationFlow/MiniExamples/src/mini/DifferenceSeqLocset.java 
10973      DEBUG main            d.u.i.k.j.Recoder2KeY     converting now /home/runner/work/key/key/key.core/../key.ui/examples/InformationFlow/MiniExamples/src/mini/MiniExamplesLecture.java 
10983      DEBUG main            d.u.i.k.s.TermLabelSettings TermLabelSettings: Failure while reading the setting "UseOriginLabels".Using the default value: true.The string read was: null 
10987      DEBUG main            d.u.i.k.p.i.KeYFile       Reading KeY file file:/home/runner/work/key/key/key.core/build/resources/main/de/uka/ilkd/key/java/JavaRedux/java/lang/String.key 
12965      DEBUG main            d.u.i.k.p.i.KeYFile       Reading KeY file /home/runner/work/key/key/key.core/../key.ui/examples/InformationFlow/MiniExamples/mini.AliasingExamples(mini.AliasingExamples__secure_1(mini.AliasingExamples,mini.AliasingExamples,int)).JML operation contract.0.key 
13168      INFO  main            d.u.i.k.p.r.p.TestFile    ... finished proof: closed. 
13286      DEBUG main            d.u.i.k.s.TermLabelSettings TermLabelSettings: Failure while reading the setting "UseOriginLabels".Using the default value: true.The string read was: null 
13286      INFO  main            d.u.i.k.p.r.p.TestFile    Now processing file /home/runner/work/key/key/key.core/../key.ui/examples/InformationFlow/MiniExamples/mini.MiniExamplesLecture(mini.MiniExamplesLecture__m_6()).JML normal_behavior operation contract.0.key 
13288      DEBUG main            d.u.i.k.p.i.KeYFile       Reading KeY file /home/runner/work/key/key/key.core/../key.ui/examples/InformationFlow/MiniExamples/mini.MiniExamplesLecture(mini.MiniExamplesLecture__m_6()).JML normal_behavior operation contract.0.key 
14251      DEBUG main            d.u.i.k.j.Recoder2KeY     converting now /home/runner/work/key/key/key.core/../key.ui/examples/InformationFlow/MiniExamples/src/mini/MiniExamples.java 
14255      DEBUG main            d.u.i.k.j.Recoder2KeY     converting now /home/runner/work/key/key/key.core/../key.ui/examples/InformationFlow/MiniExamples/src/mini/AliasingExamples.java 
14257      DEBUG main            d.u.i.k.j.Recoder2KeY     converting now /home/runner/work/key/key/key.core/../key.ui/examples/InformationFlow/MiniExamples/src/mini/DifferenceSeqLocset.java 
14260      DEBUG main            d.u.i.k.j.Recoder2KeY     converting now /home/runner/work/key/key/key.core/../key.ui/examples/InformationFlow/MiniExamples/src/mini/MiniExamplesLecture.java 
14266      DEBUG main            d.u.i.k.s.TermLabelSettings TermLabelSettings: Failure while reading the setting "UseOriginLabels".Using the default value: true.The string read was: null 
14268      DEBUG main            d.u.i.k.p.i.KeYFile       Reading KeY file file:/home/runner/work/key/key/key.core/build/resources/main/de/uka/ilkd/key/java/JavaRedux/java/lang/String.key 
16175      DEBUG main            d.u.i.k.p.i.KeYFile       Reading KeY file /home/runner/work/key/key/key.core/../key.ui/examples/InformationFlow/MiniExamples/mini.MiniExamplesLecture(mini.MiniExamplesLecture__m_6()).JML normal_behavior operation contract.0.key 
16277      INFO  main            d.u.i.k.p.r.p.TestFile    ... finished proof: closed. 
16389      DEBUG main            d.u.i.k.s.TermLabelSettings TermLabelSettings: Failure while reading the setting "UseOriginLabels".Using the default value: true.The string read was: null 
16389      INFO  main            d.u.i.k.p.r.p.TestFile    Now processing file /home/runner/work/key/key/key.core/../key.ui/examples/InformationFlow/MiniExamples/mini.MiniExamplesLecture(mini.MiniExamplesLecture__m_5()).JML normal_behavior operation contract.0.key 
16389      DEBUG main            d.u.i.k.p.i.KeYFile       Reading KeY file /home/runner/work/key/key/key.core/../key.ui/examples/InformationFlow/MiniExamples/mini.MiniExamplesLecture(mini.MiniExamplesLecture__m_5()).JML normal_behavior operation contract.0.key 
17323      DEBUG main            d.u.i.k.j.Recoder2KeY     converting now /home/runner/work/key/key/key.core/../key.ui/examples/InformationFlow/MiniExamples/src/mini/MiniExamples.java 
17326      DEBUG main            d.u.i.k.j.Recoder2KeY     converting now /home/runner/work/key/key/key.core/../key.ui/examples/InformationFlow/MiniExamples/src/mini/AliasingExamples.java 
17328      DEBUG main            d.u.i.k.j.Recoder2KeY     converting now /home/runner/work/key/key/key.core/../key.ui/examples/InformationFlow/MiniExamples/src/mini/DifferenceSeqLocset.java 
17331      DEBUG main            d.u.i.k.j.Recoder2KeY     converting now /home/runner/work/key/key/key.core/../key.ui/examples/InformationFlow/MiniExamples/src/mini/MiniExamplesLecture.java 
17337      DEBUG main            d.u.i.k.s.TermLabelSettings TermLabelSettings: Failure while reading the setting "UseOriginLabels".Using the default value: true.The string read was: null 
17339      DEBUG main            d.u.i.k.p.i.KeYFile       Reading KeY file file:/home/runner/work/key/key/key.core/build/resources/main/de/uka/ilkd/key/java/JavaRedux/java/lang/String.key 
19167      DEBUG main            d.u.i.k.p.i.KeYFile       Reading KeY file /home/runner/work/key/key/key.core/../key.ui/examples/InformationFlow/MiniExamples/mini.MiniExamplesLecture(mini.MiniExamplesLecture__m_5()).JML normal_behavior operation contract.0.key 
19190      DEBUG Thread-7        d.u.i.k.j.TypeConverter   TypeConverter: FieldReference: h; 
19194      DEBUG Thread-7        d.u.i.k.j.TypeConverter   TypeConverter: FieldReference: l; 
19210      DEBUG Thread-7        d.u.i.k.j.TypeConverter   TypeConverter: FieldReference: l; 
19226      DEBUG Thread-7        d.u.i.k.j.TypeConverter   TypeConverter: FieldReference: h; 
19248      DEBUG Thread-7        d.u.i.k.j.TypeConverter   TypeConverter: FieldReference: l; 
19270      INFO  main            d.u.i.k.p.r.p.TestFile    ... finished proof: closed. 
19417      DEBUG main            d.u.i.k.s.TermLabelSettings TermLabelSettings: Failure while reading the setting "UseOriginLabels".Using the default value: true.The string read was: null 
19417      INFO  main            d.u.i.k.p.r.p.TestFile    Now processing file /home/runner/work/key/key/key.core/../key.ui/examples/InformationFlow/MiniExamples/mini.MiniExamplesLecture(mini.MiniExamplesLecture__m_4()).JML normal_behavior operation contract.0.key 
19417      DEBUG main            d.u.i.k.p.i.KeYFile       Reading KeY file /home/runner/work/key/key/key.core/../key.ui/examples/InformationFlow/MiniExamples/mini.MiniExamplesLecture(mini.MiniExamplesLecture__m_4()).JML normal_behavior operation contract.0.key 
20297      DEBUG main            d.u.i.k.j.Recoder2KeY     converting now /home/runner/work/key/key/key.core/../key.ui/examples/InformationFlow/MiniExamples/src/mini/MiniExamples.java 
20300      DEBUG main            d.u.i.k.j.Recoder2KeY     converting now /home/runner/work/key/key/key.core/../key.ui/examples/InformationFlow/MiniExamples/src/mini/AliasingExamples.java 
20301      DEBUG main            d.u.i.k.j.Recoder2KeY     converting now /home/runner/work/key/key/key.core/../key.ui/examples/InformationFlow/MiniExamples/src/mini/DifferenceSeqLocset.java 
20303      DEBUG main            d.u.i.k.j.Recoder2KeY     converting now /home/runner/work/key/key/key.core/../key.ui/examples/InformationFlow/MiniExamples/src/mini/MiniExamplesLecture.java 
20309      DEBUG main            d.u.i.k.s.TermLabelSettings TermLabelSettings: Failure while reading the setting "UseOriginLabels".Using the default value: true.The string read was: null 
20310      DEBUG main            d.u.i.k.p.i.KeYFile       Reading KeY file file:/home/runner/work/key/key/key.core/build/resources/main/de/uka/ilkd/key/java/JavaRedux/java/lang/String.key 
22108      DEBUG main            d.u.i.k.p.i.KeYFile       Reading KeY file /home/runner/work/key/key/key.core/../key.ui/examples/InformationFlow/MiniExamples/mini.MiniExamplesLecture(mini.MiniExamplesLecture__m_4()).JML normal_behavior operation contract.0.key 
22147      DEBUG Thread-9        d.u.i.k.j.TypeConverter   TypeConverter: FieldReference: h; 
22157      DEBUG Thread-9        d.u.i.k.j.TypeConverter   TypeConverter: FieldReference: h; 
22169      DEBUG Thread-9        d.u.i.k.j.TypeConverter   TypeConverter: FieldReference: l; 
22211      INFO  main            d.u.i.k.p.r.p.TestFile    ... finished proof: closed. 
22339      DEBUG main            d.u.i.k.s.TermLabelSettings TermLabelSettings: Failure while reading the setting "UseOriginLabels".Using the default value: true.The string read was: null 
22339      INFO  main            d.u.i.k.p.r.p.TestFile    Now processing file /home/runner/work/key/key/key.core/../key.ui/examples/InformationFlow/MiniExamples/mini.MiniExamplesLecture(mini.MiniExamplesLecture__m_3()).JML normal_behavior operation contract.0.key 
22339      DEBUG main            d.u.i.k.p.i.KeYFile       Reading KeY file /home/runner/work/key/key/key.core/../key.ui/examples/InformationFlow/MiniExamples/mini.MiniExamplesLecture(mini.MiniExamplesLecture__m_3()).JML normal_behavior operation contract.0.key 
23201      DEBUG main            d.u.i.k.j.Recoder2KeY     converting now /home/runner/work/key/key/key.core/../key.ui/examples/InformationFlow/MiniExamples/src/mini/MiniExamples.java 
23203      DEBUG main            d.u.i.k.j.Recoder2KeY     converting now /home/runner/work/key/key/key.core/../key.ui/examples/InformationFlow/MiniExamples/src/mini/AliasingExamples.java 
23204      DEBUG main            d.u.i.k.j.Recoder2KeY     converting now /home/runner/work/key/key/key.core/../key.ui/examples/InformationFlow/MiniExamples/src/mini/DifferenceSeqLocset.java 
23205      DEBUG main            d.u.i.k.j.Recoder2KeY     converting now /home/runner/work/key/key/key.core/../key.ui/examples/InformationFlow/MiniExamples/src/mini/MiniExamplesLecture.java 
23212      DEBUG main            d.u.i.k.s.TermLabelSettings TermLabelSettings: Failure while reading the setting "UseOriginLabels".Using the default value: true.The string read was: null 
23213      DEBUG main            d.u.i.k.p.i.KeYFile       Reading KeY file file:/home/runner/work/key/key/key.core/build/resources/main/de/uka/ilkd/key/java/JavaRedux/java/lang/String.key 
25029      DEBUG main            d.u.i.k.p.i.KeYFile       Reading KeY file /home/runner/work/key/key/key.core/../key.ui/examples/InformationFlow/MiniExamples/mini.MiniExamplesLecture(mini.MiniExamplesLecture__m_3()).JML normal_behavior operation contract.0.key 
25051      DEBUG Thread-11       d.u.i.k.j.TypeConverter   TypeConverter: FieldReference: h; 
25081      DEBUG Thread-11       d.u.i.k.j.TypeConverter   TypeConverter: FieldReference: l; 
25100      DEBUG Thread-11       d.u.i.k.j.TypeConverter   TypeConverter: FieldReference: l; 
25131      INFO  main            d.u.i.k.p.r.p.TestFile    ... finished proof: closed. 
25257      DEBUG main            d.u.i.k.s.TermLabelSettings TermLabelSettings: Failure while reading the setting "UseOriginLabels".Using the default value: true.The string read was: null 
25257      INFO  main            d.u.i.k.p.r.p.TestFile    Now processing file /home/runner/work/key/key/key.core/../key.ui/examples/InformationFlow/MiniExamples/mini.MiniExamplesLecture(mini.MiniExamplesLecture__m_2()).JML normal_behavior operation contract.0.key 
25257      DEBUG main            d.u.i.k.p.i.KeYFile       Reading KeY file /home/runner/work/key/key/key.core/../key.ui/examples/InformationFlow/MiniExamples/mini.MiniExamplesLecture(mini.MiniExamplesLecture__m_2()).JML normal_behavior operation contract.0.key 
26112      DEBUG main            d.u.i.k.j.Recoder2KeY     converting now /home/runner/work/key/key/key.core/../key.ui/examples/InformationFlow/MiniExamples/src/mini/MiniExamples.java 
26114      DEBUG main            d.u.i.k.j.Recoder2KeY     converting now /home/runner/work/key/key/key.core/../key.ui/examples/InformationFlow/MiniExamples/src/mini/AliasingExamples.java 
26115      DEBUG main            d.u.i.k.j.Recoder2KeY     converting now /home/runner/work/key/key/key.core/../key.ui/examples/InformationFlow/MiniExamples/src/mini/DifferenceSeqLocset.java 
26117      DEBUG main            d.u.i.k.j.Recoder2KeY     converting now /home/runner/work/key/key/key.core/../key.ui/examples/InformationFlow/MiniExamples/src/mini/MiniExamplesLecture.java 
26122      DEBUG main            d.u.i.k.s.TermLabelSettings TermLabelSettings: Failure while reading the setting "UseOriginLabels".Using the default value: true.The string read was: null 
26123      DEBUG main            d.u.i.k.p.i.KeYFile       Reading KeY file file:/home/runner/work/key/key/key.core/build/resources/main/de/uka/ilkd/key/java/JavaRedux/java/lang/String.key 
27962      DEBUG main            d.u.i.k.p.i.KeYFile       Reading KeY file /home/runner/work/key/key/key.core/../key.ui/examples/InformationFlow/MiniExamples/mini.MiniExamplesLecture(mini.MiniExamplesLecture__m_2()).JML normal_behavior operation contract.0.key 
27982      DEBUG Thread-13       d.u.i.k.j.TypeConverter   TypeConverter: FieldReference: l; 
28024      DEBUG Thread-13       d.u.i.k.j.TypeConverter   TypeConverter: FieldReference: h; 
28046      DEBUG Thread-13       d.u.i.k.j.TypeConverter   TypeConverter: FieldReference: h; 
28064      INFO  main            d.u.i.k.p.r.p.TestFile    ... finished proof: closed. 
28204      DEBUG main            d.u.i.k.s.TermLabelSettings TermLabelSettings: Failure while reading the setting "UseOriginLabels".Using the default value: true.The string read was: null 
28204      INFO  main            d.u.i.k.p.r.p.TestFile    Now processing file /home/runner/work/key/key/key.core/../key.ui/examples/InformationFlow/MiniExamples/mini.MiniExamplesLecture(mini.MiniExamplesLecture__m_1()).JML normal_behavior operation contract.0.key 
28204      DEBUG main            d.u.i.k.p.i.KeYFile       Reading KeY file /home/runner/work/key/key/key.core/../key.ui/examples/InformationFlow/MiniExamples/mini.MiniExamplesLecture(mini.MiniExamplesLecture__m_1()).JML normal_behavior operation contract.0.key 
29047      DEBUG main            d.u.i.k.j.Recoder2KeY     converting now /home/runner/work/key/key/key.core/../key.ui/examples/InformationFlow/MiniExamples/src/mini/MiniExamples.java 
29049      DEBUG main            d.u.i.k.j.Recoder2KeY     converting now /home/runner/work/key/key/key.core/../key.ui/examples/InformationFlow/MiniExamples/src/mini/AliasingExamples.java 
29050      DEBUG main            d.u.i.k.j.Recoder2KeY     converting now /home/runner/work/key/key/key.core/../key.ui/examples/InformationFlow/MiniExamples/src/mini/DifferenceSeqLocset.java 
29051      DEBUG main            d.u.i.k.j.Recoder2KeY     converting now /home/runner/work/key/key/key.core/../key.ui/examples/InformationFlow/MiniExamples/src/mini/MiniExamplesLecture.java 
29056      DEBUG main            d.u.i.k.s.TermLabelSettings TermLabelSettings: Failure while reading the setting "UseOriginLabels".Using the default value: true.The string read was: null 
29057      DEBUG main            d.u.i.k.p.i.KeYFile       Reading KeY file file:/home/runner/work/key/key/key.core/build/resources/main/de/uka/ilkd/key/java/JavaRedux/java/lang/String.key 
30905      DEBUG main            d.u.i.k.p.i.KeYFile       Reading KeY file /home/runner/work/key/key/key.core/../key.ui/examples/InformationFlow/MiniExamples/mini.MiniExamplesLecture(mini.MiniExamplesLecture__m_1()).JML normal_behavior operation contract.0.key 
30930      DEBUG Thread-15       d.u.i.k.j.TypeConverter   TypeConverter: FieldReference: h; 
30934      DEBUG Thread-15       d.u.i.k.j.TypeConverter   TypeConverter: FieldReference: l; 
31008      INFO  main            d.u.i.k.p.r.p.TestFile    ... finished proof: closed. 
31140      DEBUG main            d.u.i.k.s.TermLabelSettings TermLabelSettings: Failure while reading the setting "UseOriginLabels".Using the default value: true.The string read was: null 
31140      INFO  main            d.u.i.k.p.r.p.TestFile    Now processing file /home/runner/work/key/key/key.core/../key.ui/examples/InformationFlow/MiniExamples/mini.DifferenceSeqLocset(mini.DifferenceSeqLocset__m()).JML normal_behavior operation contract.1.key 
31141      DEBUG main            d.u.i.k.p.i.KeYFile       Reading KeY file /home/runner/work/key/key/key.core/../key.ui/examples/InformationFlow/MiniExamples/mini.DifferenceSeqLocset(mini.DifferenceSeqLocset__m()).JML normal_behavior operation contract.1.key 
31976      DEBUG main            d.u.i.k.j.Recoder2KeY     converting now /home/runner/work/key/key/key.core/../key.ui/examples/InformationFlow/MiniExamples/src/mini/MiniExamples.java 
31978      DEBUG main            d.u.i.k.j.Recoder2KeY     converting now /home/runner/work/key/key/key.core/../key.ui/examples/InformationFlow/MiniExamples/src/mini/AliasingExamples.java 
31979      DEBUG main            d.u.i.k.j.Recoder2KeY     converting now /home/runner/work/key/key/key.core/../key.ui/examples/InformationFlow/MiniExamples/src/mini/DifferenceSeqLocset.java 
31980      DEBUG main            d.u.i.k.j.Recoder2KeY     converting now /home/runner/work/key/key/key.core/../key.ui/examples/InformationFlow/MiniExamples/src/mini/MiniExamplesLecture.java 
31984      DEBUG main            d.u.i.k.s.TermLabelSettings TermLabelSettings: Failure while reading the setting "UseOriginLabels".Using the default value: true.The string read was: null 
31986      DEBUG main            d.u.i.k.p.i.KeYFile       Reading KeY file file:/home/runner/work/key/key/key.core/build/resources/main/de/uka/ilkd/key/java/JavaRedux/java/lang/String.key 
33811      DEBUG main            d.u.i.k.p.i.KeYFile       Reading KeY file /home/runner/work/key/key/key.core/../key.ui/examples/InformationFlow/MiniExamples/mini.DifferenceSeqLocset(mini.DifferenceSeqLocset__m()).JML normal_behavior operation contract.1.key 
33831      DEBUG Thread-17       d.u.i.k.j.TypeConverter   typeconverter: (prefix this;, class class de.uka.ilkd.key.java.reference.ThisReference) 
33843      DEBUG Thread-17       d.u.i.k.j.TypeConverter   TypeConverter: FieldReference: l2; 
33846      DEBUG Thread-17       d.u.i.k.j.TypeConverter   TypeConverter: FieldReference: l3; 
33883      DEBUG Thread-17       d.u.i.k.j.TypeConverter   TypeConverter: FieldReference: l1; 
33886      DEBUG Thread-17       d.u.i.k.j.TypeConverter   TypeConverter: FieldReference: l3; 
34013      INFO  main            d.u.i.k.p.r.p.TestFile    ... finished proof: closed. 
34155      DEBUG main            d.u.i.k.s.TermLabelSettings TermLabelSettings: Failure while reading the setting "UseOriginLabels".Using the default value: true.The string read was: null 
34155      INFO  main            d.u.i.k.p.r.p.TestFile    Now processing file /home/runner/work/key/key/key.core/../key.ui/examples/InformationFlow/MiniExamples/mini.DifferenceSeqLocset(mini.DifferenceSeqLocset__m()).JML normal_behavior operation contract.0.key 
34156      DEBUG main            d.u.i.k.p.i.KeYFile       Reading KeY file /home/runner/work/key/key/key.core/../key.ui/examples/InformationFlow/MiniExamples/mini.DifferenceSeqLocset(mini.DifferenceSeqLocset__m()).JML normal_behavior operation contract.0.key 
34998      DEBUG main            d.u.i.k.j.Recoder2KeY     converting now /home/runner/work/key/key/key.core/../key.ui/examples/InformationFlow/MiniExamples/src/mini/MiniExamples.java 
35000      DEBUG main            d.u.i.k.j.Recoder2KeY     converting now /home/runner/work/key/key/key.core/../key.ui/examples/InformationFlow/MiniExamples/src/mini/AliasingExamples.java 
35000      DEBUG main            d.u.i.k.j.Recoder2KeY     converting now /home/runner/work/key/key/key.core/../key.ui/examples/InformationFlow/MiniExamples/src/mini/DifferenceSeqLocset.java 
35002      DEBUG main            d.u.i.k.j.Recoder2KeY     converting now /home/runner/work/key/key/key.core/../key.ui/examples/InformationFlow/MiniExamples/src/mini/MiniExamplesLecture.java 
35010      DEBUG main            d.u.i.k.s.TermLabelSettings TermLabelSettings: Failure while reading the setting "UseOriginLabels".Using the default value: true.The string read was: null 
35011      DEBUG main            d.u.i.k.p.i.KeYFile       Reading KeY file file:/home/runner/work/key/key/key.core/build/resources/main/de/uka/ilkd/key/java/JavaRedux/java/lang/String.key 
36843      DEBUG main            d.u.i.k.p.i.KeYFile       Reading KeY file /home/runner/work/key/key/key.core/../key.ui/examples/InformationFlow/MiniExamples/mini.DifferenceSeqLocset(mini.DifferenceSeqLocset__m()).JML normal_behavior operation contract.0.key 
36863      DEBUG Thread-19       d.u.i.k.j.TypeConverter   typeconverter: (prefix this;, class class de.uka.ilkd.key.java.reference.ThisReference) 
36874      DEBUG Thread-19       d.u.i.k.j.TypeConverter   TypeConverter: FieldReference: l2; 
36877      DEBUG Thread-19       d.u.i.k.j.TypeConverter   TypeConverter: FieldReference: l3; 
36911      DEBUG Thread-19       d.u.i.k.j.TypeConverter   TypeConverter: FieldReference: l1; 
36914      DEBUG Thread-19       d.u.i.k.j.TypeConverter   TypeConverter: FieldReference: l3; 
36946      INFO  main            d.u.i.k.p.r.p.TestFile    ... finished proof: closed. 
37089      DEBUG main            d.u.i.k.s.TermLabelSettings TermLabelSettings: Failure while reading the setting "UseOriginLabels".Using the default value: true.The string read was: null 
37089      INFO  main            d.u.i.k.p.r.p.TestFile    Now processing file /home/runner/work/key/key/key.core/../key.ui/examples/InformationFlow/MiniExamples/mini.MiniExamples(mini.MiniExamples__secure_p2_8()).JML normal_behavior operation contract.0.key 
37089      DEBUG main            d.u.i.k.p.i.KeYFile       Reading KeY file /home/runner/work/key/key/key.core/../key.ui/examples/InformationFlow/MiniExamples/mini.MiniExamples(mini.MiniExamples__secure_p2_8()).JML normal_behavior operation contract.0.key 
37924      DEBUG main            d.u.i.k.j.Recoder2KeY     converting now /home/runner/work/key/key/key.core/../key.ui/examples/InformationFlow/MiniExamples/src/mini/MiniExamples.java 
37926      DEBUG main            d.u.i.k.j.Recoder2KeY     converting now /home/runner/work/key/key/key.core/../key.ui/examples/InformationFlow/MiniExamples/src/mini/AliasingExamples.java 
37927      DEBUG main            d.u.i.k.j.Recoder2KeY     converting now /home/runner/work/key/key/key.core/../key.ui/examples/InformationFlow/MiniExamples/src/mini/DifferenceSeqLocset.java 
37928      DEBUG main            d.u.i.k.j.Recoder2KeY     converting now /home/runner/work/key/key/key.core/../key.ui/examples/InformationFlow/MiniExamples/src/mini/MiniExamplesLecture.java 
37932      DEBUG main            d.u.i.k.s.TermLabelSettings TermLabelSettings: Failure while reading the setting "UseOriginLabels".Using the default value: true.The string read was: null 
37933      DEBUG main            d.u.i.k.p.i.KeYFile       Reading KeY file file:/home/runner/work/key/key/key.core/build/resources/main/de/uka/ilkd/key/java/JavaRedux/java/lang/String.key 
39724      DEBUG main            d.u.i.k.p.i.KeYFile       Reading KeY file /home/runner/work/key/key/key.core/../key.ui/examples/InformationFlow/MiniExamples/mini.MiniExamples(mini.MiniExamples__secure_p2_8()).JML normal_behavior operation contract.0.key 
39741      DEBUG Thread-21       d.u.i.k.j.TypeConverter   TypeConverter: FieldReference: h; 
39763      DEBUG Thread-21       d.u.i.k.j.TypeConverter   TypeConverter: FieldReference: l; 
39771      DEBUG Thread-21       d.u.i.k.j.TypeConverter   TypeConverter: FieldReference: l; 
39785      DEBUG Thread-21       d.u.i.k.j.TypeConverter   TypeConverter: FieldReference: l; 
39793      DEBUG Thread-21       d.u.i.k.j.TypeConverter   TypeConverter: FieldReference: l; 
39826      INFO  main            d.u.i.k.p.r.p.TestFile    ... finished proof: closed. 
39981      DEBUG main            d.u.i.k.s.TermLabelSettings TermLabelSettings: Failure while reading the setting "UseOriginLabels".Using the default value: true.The string read was: null 
39981      INFO  main            d.u.i.k.p.r.p.TestFile    Now processing file /home/runner/work/key/key/key.core/../key.ui/examples/InformationFlow/MiniExamples/mini.MiniExamples(mini.MiniExamples__secure_parameter(int)).JML operation contract.0.key 
39982      DEBUG main            d.u.i.k.p.i.KeYFile       Reading KeY file /home/runner/work/key/key/key.core/../key.ui/examples/InformationFlow/MiniExamples/mini.MiniExamples(mini.MiniExamples__secure_parameter(int)).JML operation contract.0.key 
40814      DEBUG main            d.u.i.k.j.Recoder2KeY     converting now /home/runner/work/key/key/key.core/../key.ui/examples/InformationFlow/MiniExamples/src/mini/MiniExamples.java 
40816      DEBUG main            d.u.i.k.j.Recoder2KeY     converting now /home/runner/work/key/key/key.core/../key.ui/examples/InformationFlow/MiniExamples/src/mini/AliasingExamples.java 
40817      DEBUG main            d.u.i.k.j.Recoder2KeY     converting now /home/runner/work/key/key/key.core/../key.ui/examples/InformationFlow/MiniExamples/src/mini/DifferenceSeqLocset.java 
40825      DEBUG main            d.u.i.k.j.Recoder2KeY     converting now /home/runner/work/key/key/key.core/../key.ui/examples/InformationFlow/MiniExamples/src/mini/MiniExamplesLecture.java 
40831      DEBUG main            d.u.i.k.s.TermLabelSettings TermLabelSettings: Failure while reading the setting "UseOriginLabels".Using the default value: true.The string read was: null 
40833      DEBUG main            d.u.i.k.p.i.KeYFile       Reading KeY file file:/home/runner/work/key/key/key.core/build/resources/main/de/uka/ilkd/key/java/JavaRedux/java/lang/String.key 
42615      DEBUG main            d.u.i.k.p.i.KeYFile       Reading KeY file /home/runner/work/key/key/key.core/../key.ui/examples/InformationFlow/MiniExamples/mini.MiniExamples(mini.MiniExamples__secure_parameter(int)).JML operation contract.0.key 
42727      INFO  main            d.u.i.k.p.r.p.TestFile    ... finished proof: closed. 
42893      DEBUG main            d.u.i.k.s.TermLabelSettings TermLabelSettings: Failure while reading the setting "UseOriginLabels".Using the default value: true.The string read was: null 
42894      INFO  main            d.u.i.k.p.r.p.TestFile    Now processing file /home/runner/work/key/key/key.core/../key.ui/examples/InformationFlow/MiniExamples/mini.MiniExamples(mini.MiniExamples__secure_p2_7()).JML normal_behavior operation contract.0.key 
42894      DEBUG main            d.u.i.k.p.i.KeYFile       Reading KeY file /home/runner/work/key/key/key.core/../key.ui/examples/InformationFlow/MiniExamples/mini.MiniExamples(mini.MiniExamples__secure_p2_7()).JML normal_behavior operation contract.0.key 
43715      DEBUG main            d.u.i.k.j.Recoder2KeY     converting now /home/runner/work/key/key/key.core/../key.ui/examples/InformationFlow/MiniExamples/src/mini/MiniExamples.java 
43716      DEBUG main            d.u.i.k.j.Recoder2KeY     converting now /home/runner/work/key/key/key.core/../key.ui/examples/InformationFlow/MiniExamples/src/mini/AliasingExamples.java 
43717      DEBUG main            d.u.i.k.j.Recoder2KeY     converting now /home/runner/work/key/key/key.core/../key.ui/examples/InformationFlow/MiniExamples/src/mini/DifferenceSeqLocset.java 
43719      DEBUG main            d.u.i.k.j.Recoder2KeY     converting now /home/runner/work/key/key/key.core/../key.ui/examples/InformationFlow/MiniExamples/src/mini/MiniExamplesLecture.java 
43723      DEBUG main            d.u.i.k.s.TermLabelSettings TermLabelSettings: Failure while reading the setting "UseOriginLabels".Using the default value: true.The string read was: null 
43725      DEBUG main            d.u.i.k.p.i.KeYFile       Reading KeY file file:/home/runner/work/key/key/key.core/build/resources/main/de/uka/ilkd/key/java/JavaRedux/java/lang/String.key 
45532      DEBUG main            d.u.i.k.p.i.KeYFile       Reading KeY file /home/runner/work/key/key/key.core/../key.ui/examples/InformationFlow/MiniExamples/mini.MiniExamples(mini.MiniExamples__secure_p2_7()).JML normal_behavior operation contract.0.key 
45547      DEBUG Thread-25       d.u.i.k.j.TypeConverter   TypeConverter: FieldReference: h; 
45562      DEBUG Thread-25       d.u.i.k.j.TypeConverter   TypeConverter: FieldReference: l; 
45569      DEBUG Thread-25       d.u.i.k.j.TypeConverter   TypeConverter: FieldReference: l; 
45582      DEBUG Thread-25       d.u.i.k.j.TypeConverter   TypeConverter: FieldReference: l; 
45589      DEBUG Thread-25       d.u.i.k.j.TypeConverter   TypeConverter: FieldReference: l; 
45634      INFO  main            d.u.i.k.p.r.p.TestFile    ... finished proof: closed. 
45794      DEBUG main            d.u.i.k.s.TermLabelSettings TermLabelSettings: Failure while reading the setting "UseOriginLabels".Using the default value: true.The string read was: null 
45794      INFO  main            d.u.i.k.p.r.p.TestFile    Now processing file /home/runner/work/key/key/key.core/../key.ui/examples/InformationFlow/MiniExamples/mini.MiniExamples(mini.MiniExamples__insecure_p2_2()).JML normal_behavior operation contract.0.key 
45795      DEBUG main            d.u.i.k.p.i.KeYFile       Reading KeY file /home/runner/work/key/key/key.core/../key.ui/examples/InformationFlow/MiniExamples/mini.MiniExamples(mini.MiniExamples__insecure_p2_2()).JML normal_behavior operation contract.0.key 
46625      DEBUG main            d.u.i.k.j.Recoder2KeY     converting now /home/runner/work/key/key/key.core/../key.ui/examples/InformationFlow/MiniExamples/src/mini/MiniExamples.java 
46626      DEBUG main            d.u.i.k.j.Recoder2KeY     converting now /home/runner/work/key/key/key.core/../key.ui/examples/InformationFlow/MiniExamples/src/mini/AliasingExamples.java 
46627      DEBUG main            d.u.i.k.j.Recoder2KeY     converting now /home/runner/work/key/key/key.core/../key.ui/examples/InformationFlow/MiniExamples/src/mini/DifferenceSeqLocset.java 
46629      DEBUG main            d.u.i.k.j.Recoder2KeY     converting now /home/runner/work/key/key/key.core/../key.ui/examples/InformationFlow/MiniExamples/src/mini/MiniExamplesLecture.java 
46633      DEBUG main            d.u.i.k.s.TermLabelSettings TermLabelSettings: Failure while reading the setting "UseOriginLabels".Using the default value: true.The string read was: null 
46639      DEBUG main            d.u.i.k.p.i.KeYFile       Reading KeY file file:/home/runner/work/key/key/key.core/build/resources/main/de/uka/ilkd/key/java/JavaRedux/java/lang/String.key 
48446      DEBUG main            d.u.i.k.p.i.KeYFile       Reading KeY file /home/runner/work/key/key/key.core/../key.ui/examples/InformationFlow/MiniExamples/mini.MiniExamples(mini.MiniExamples__insecure_p2_2()).JML normal_behavior operation contract.0.key 
48464      DEBUG Thread-27       d.u.i.k.j.TypeConverter   TypeConverter: FieldReference: h; 
48480      DEBUG Thread-27       d.u.i.k.j.TypeConverter   TypeConverter: FieldReference: l; 
48493      DEBUG Thread-27       d.u.i.k.j.TypeConverter   TypeConverter: FieldReference: l; 
48552      INFO  main            d.u.i.k.p.r.p.TestFile    ... finished proof: closed. 
48707      DEBUG main            d.u.i.k.s.TermLabelSettings TermLabelSettings: Failure while reading the setting "UseOriginLabels".Using the default value: true.The string read was: null 
48707      INFO  main            d.u.i.k.p.r.p.TestFile    Now processing file /home/runner/work/key/key/key.core/../key.ui/examples/InformationFlow/MiniExamples/mini.MiniExamples(mini.MiniExamples__secure_p2_6()).JML normal_behavior operation contract.0.key 
48707      DEBUG main            d.u.i.k.p.i.KeYFile       Reading KeY file /home/runner/work/key/key/key.core/../key.ui/examples/InformationFlow/MiniExamples/mini.MiniExamples(mini.MiniExamples__secure_p2_6()).JML normal_behavior operation contract.0.key 
49518      DEBUG main            d.u.i.k.j.Recoder2KeY     converting now /home/runner/work/key/key/key.core/../key.ui/examples/InformationFlow/MiniExamples/src/mini/MiniExamples.java 
49520      DEBUG main            d.u.i.k.j.Recoder2KeY     converting now /home/runner/work/key/key/key.core/../key.ui/examples/InformationFlow/MiniExamples/src/mini/AliasingExamples.java 
49521      DEBUG main            d.u.i.k.j.Recoder2KeY     converting now /home/runner/work/key/key/key.core/../key.ui/examples/InformationFlow/MiniExamples/src/mini/DifferenceSeqLocset.java 
49522      DEBUG main            d.u.i.k.j.Recoder2KeY     converting now /home/runner/work/key/key/key.core/../key.ui/examples/InformationFlow/MiniExamples/src/mini/MiniExamplesLecture.java 
49526      DEBUG main            d.u.i.k.s.TermLabelSettings TermLabelSettings: Failure while reading the setting "UseOriginLabels".Using the default value: true.The string read was: null 
49528      DEBUG main            d.u.i.k.p.i.KeYFile       Reading KeY file file:/home/runner/work/key/key/key.core/build/resources/main/de/uka/ilkd/key/java/JavaRedux/java/lang/String.key 
51308      DEBUG main            d.u.i.k.p.i.KeYFile       Reading KeY file /home/runner/work/key/key/key.core/../key.ui/examples/InformationFlow/MiniExamples/mini.MiniExamples(mini.MiniExamples__secure_p2_6()).JML normal_behavior operation contract.0.key 
51410      INFO  main            d.u.i.k.p.r.p.TestFile    ... finished proof: closed. 
51567      DEBUG main            d.u.i.k.s.TermLabelSettings TermLabelSettings: Failure while reading the setting "UseOriginLabels".Using the default value: true.The string read was: null 
51567      INFO  main            d.u.i.k.p.r.p.TestFile    Now processing file /home/runner/work/key/key/key.core/../key.ui/examples/InformationFlow/MiniExamples/mini.MiniExamples(mini.MiniExamples__secure_p2_5()).JML normal_behavior operation contract.0.key 
51567      DEBUG main            d.u.i.k.p.i.KeYFile       Reading KeY file /home/runner/work/key/key/key.core/../key.ui/examples/InformationFlow/MiniExamples/mini.MiniExamples(mini.MiniExamples__secure_p2_5()).JML normal_behavior operation contract.0.key 
52385      DEBUG main            d.u.i.k.j.Recoder2KeY     converting now /home/runner/work/key/key/key.core/../key.ui/examples/InformationFlow/MiniExamples/src/mini/MiniExamples.java 
52387      DEBUG main            d.u.i.k.j.Recoder2KeY     converting now /home/runner/work/key/key/key.core/../key.ui/examples/InformationFlow/MiniExamples/src/mini/AliasingExamples.java 
52387      DEBUG main            d.u.i.k.j.Recoder2KeY     converting now /home/runner/work/key/key/key.core/../key.ui/examples/InformationFlow/MiniExamples/src/mini/DifferenceSeqLocset.java 
52388      DEBUG main            d.u.i.k.j.Recoder2KeY     converting now /home/runner/work/key/key/key.core/../key.ui/examples/InformationFlow/MiniExamples/src/mini/MiniExamplesLecture.java 
52393      DEBUG main            d.u.i.k.s.TermLabelSettings TermLabelSettings: Failure while reading the setting "UseOriginLabels".Using the default value: true.The string read was: null 
52394      DEBUG main            d.u.i.k.p.i.KeYFile       Reading KeY file file:/home/runner/work/key/key/key.core/build/resources/main/de/uka/ilkd/key/java/JavaRedux/java/lang/String.key 
54162      DEBUG main            d.u.i.k.p.i.KeYFile       Reading KeY file /home/runner/work/key/key/key.core/../key.ui/examples/InformationFlow/MiniExamples/mini.MiniExamples(mini.MiniExamples__secure_p2_5()).JML normal_behavior operation contract.0.key 
54177      DEBUG Thread-31       d.u.i.k.j.TypeConverter   TypeConverter: FieldReference: h; 
54179      DEBUG Thread-31       d.u.i.k.j.TypeConverter   TypeConverter: FieldReference: l; 
54191      DEBUG Thread-31       d.u.i.k.j.TypeConverter   TypeConverter: FieldReference: l; 
54205      DEBUG Thread-31       d.u.i.k.j.TypeConverter   TypeConverter: FieldReference: h; 
54218      DEBUG Thread-31       d.u.i.k.j.TypeConverter   TypeConverter: FieldReference: l; 
54264      INFO  main            d.u.i.k.p.r.p.TestFile    ... finished proof: closed. 
54430      DEBUG main            d.u.i.k.s.TermLabelSettings TermLabelSettings: Failure while reading the setting "UseOriginLabels".Using the default value: true.The string read was: null 
54430      INFO  main            d.u.i.k.p.r.p.TestFile    Now processing file /home/runner/work/key/key/key.core/../key.ui/examples/InformationFlow/MiniExamples/mini.MiniExamples(mini.MiniExamples__secure_p2_4()).JML normal_behavior operation contract.0.key 
54431      DEBUG main            d.u.i.k.p.i.KeYFile       Reading KeY file /home/runner/work/key/key/key.core/../key.ui/examples/InformationFlow/MiniExamples/mini.MiniExamples(mini.MiniExamples__secure_p2_4()).JML normal_behavior operation contract.0.key 
55249      DEBUG main            d.u.i.k.j.Recoder2KeY     converting now /home/runner/work/key/key/key.core/../key.ui/examples/InformationFlow/MiniExamples/src/mini/MiniExamples.java 
55251      DEBUG main            d.u.i.k.j.Recoder2KeY     converting now /home/runner/work/key/key/key.core/../key.ui/examples/InformationFlow/MiniExamples/src/mini/AliasingExamples.java 
55251      DEBUG main            d.u.i.k.j.Recoder2KeY     converting now /home/runner/work/key/key/key.core/../key.ui/examples/InformationFlow/MiniExamples/src/mini/DifferenceSeqLocset.java 
55253      DEBUG main            d.u.i.k.j.Recoder2KeY     converting now /home/runner/work/key/key/key.core/../key.ui/examples/InformationFlow/MiniExamples/src/mini/MiniExamplesLecture.java 
55257      DEBUG main            d.u.i.k.s.TermLabelSettings TermLabelSettings: Failure while reading the setting "UseOriginLabels".Using the default value: true.The string read was: null 
55258      DEBUG main            d.u.i.k.p.i.KeYFile       Reading KeY file file:/home/runner/work/key/key/key.core/build/resources/main/de/uka/ilkd/key/java/JavaRedux/java/lang/String.key 
57024      DEBUG main            d.u.i.k.p.i.KeYFile       Reading KeY file /home/runner/work/key/key/key.core/../key.ui/examples/InformationFlow/MiniExamples/mini.MiniExamples(mini.MiniExamples__secure_p2_4()).JML normal_behavior operation contract.0.key 
57039      DEBUG Thread-33       d.u.i.k.j.TypeConverter   TypeConverter: FieldReference: l; 
57042      DEBUG Thread-33       d.u.i.k.j.TypeConverter   TypeConverter: FieldReference: h; 
57047      DEBUG Thread-33       d.u.i.k.j.TypeConverter   TypeConverter: FieldReference: h; 
57056      DEBUG Thread-33       d.u.i.k.j.TypeConverter   TypeConverter: FieldReference: l; 
57128      INFO  main            d.u.i.k.p.r.p.TestFile    ... finished proof: closed. 
57286      DEBUG main            d.u.i.k.s.TermLabelSettings TermLabelSettings: Failure while reading the setting "UseOriginLabels".Using the default value: true.The string read was: null 
57286      INFO  main            d.u.i.k.p.r.p.TestFile    Now processing file /home/runner/work/key/key/key.core/../key.ui/examples/InformationFlow/MiniExamples/mini.MiniExamples(mini.MiniExamples__secure_p2_3()).JML normal_behavior operation contract.0.key 
57287      DEBUG main            d.u.i.k.p.i.KeYFile       Reading KeY file /home/runner/work/key/key/key.core/../key.ui/examples/InformationFlow/MiniExamples/mini.MiniExamples(mini.MiniExamples__secure_p2_3()).JML normal_behavior operation contract.0.key 
58097      DEBUG main            d.u.i.k.j.Recoder2KeY     converting now /home/runner/work/key/key/key.core/../key.ui/examples/InformationFlow/MiniExamples/src/mini/MiniExamples.java 
58099      DEBUG main            d.u.i.k.j.Recoder2KeY     converting now /home/runner/work/key/key/key.core/../key.ui/examples/InformationFlow/MiniExamples/src/mini/AliasingExamples.java 
58100      DEBUG main            d.u.i.k.j.Recoder2KeY     converting now /home/runner/work/key/key/key.core/../key.ui/examples/InformationFlow/MiniExamples/src/mini/DifferenceSeqLocset.java 
58101      DEBUG main            d.u.i.k.j.Recoder2KeY     converting now /home/runner/work/key/key/key.core/../key.ui/examples/InformationFlow/MiniExamples/src/mini/MiniExamplesLecture.java 
58106      DEBUG main            d.u.i.k.s.TermLabelSettings TermLabelSettings: Failure while reading the setting "UseOriginLabels".Using the default value: true.The string read was: null 
58107      DEBUG main            d.u.i.k.p.i.KeYFile       Reading KeY file file:/home/runner/work/key/key/key.core/build/resources/main/de/uka/ilkd/key/java/JavaRedux/java/lang/String.key 
59865      DEBUG main            d.u.i.k.p.i.KeYFile       Reading KeY file /home/runner/work/key/key/key.core/../key.ui/examples/InformationFlow/MiniExamples/mini.MiniExamples(mini.MiniExamples__secure_p2_3()).JML normal_behavior operation contract.0.key 
59878      DEBUG Thread-35       d.u.i.k.j.TypeConverter   TypeConverter: FieldReference: h; 
59881      DEBUG Thread-35       d.u.i.k.j.TypeConverter   TypeConverter: FieldReference: l; 
59890      DEBUG Thread-35       d.u.i.k.j.TypeConverter   TypeConverter: FieldReference: l; 
59967      INFO  main            d.u.i.k.p.r.p.TestFile    ... finished proof: closed. 
60150      DEBUG main            d.u.i.k.s.TermLabelSettings TermLabelSettings: Failure while reading the setting "UseOriginLabels".Using the default value: true.The string read was: null 
60150      INFO  main            d.u.i.k.p.r.p.TestFile    Now processing file /home/runner/work/key/key/key.core/../key.ui/examples/InformationFlow/MiniExamples/mini.MiniExamples(mini.MiniExamples__secure_p2_2()).JML normal_behavior operation contract.0.key 
60151      DEBUG main            d.u.i.k.p.i.KeYFile       Reading KeY file /home/runner/work/key/key/key.core/../key.ui/examples/InformationFlow/MiniExamples/mini.MiniExamples(mini.MiniExamples__secure_p2_2()).JML normal_behavior operation contract.0.key 
60984      DEBUG main            d.u.i.k.j.Recoder2KeY     converting now /home/runner/work/key/key/key.core/../key.ui/examples/InformationFlow/MiniExamples/src/mini/MiniExamples.java 
60986      DEBUG main            d.u.i.k.j.Recoder2KeY     converting now /home/runner/work/key/key/key.core/../key.ui/examples/InformationFlow/MiniExamples/src/mini/AliasingExamples.java 
60987      DEBUG main            d.u.i.k.j.Recoder2KeY     converting now /home/runner/work/key/key/key.core/../key.ui/examples/InformationFlow/MiniExamples/src/mini/DifferenceSeqLocset.java 
60988      DEBUG main            d.u.i.k.j.Recoder2KeY     converting now /home/runner/work/key/key/key.core/../key.ui/examples/InformationFlow/MiniExamples/src/mini/MiniExamplesLecture.java 
60994      DEBUG main            d.u.i.k.s.TermLabelSettings TermLabelSettings: Failure while reading the setting "UseOriginLabels".Using the default value: true.The string read was: null 
60996      DEBUG main            d.u.i.k.p.i.KeYFile       Reading KeY file file:/home/runner/work/key/key/key.core/build/resources/main/de/uka/ilkd/key/java/JavaRedux/java/lang/String.key 
62760      DEBUG main            d.u.i.k.p.i.KeYFile       Reading KeY file /home/runner/work/key/key/key.core/../key.ui/examples/InformationFlow/MiniExamples/mini.MiniExamples(mini.MiniExamples__secure_p2_2()).JML normal_behavior operation contract.0.key 
62777      DEBUG Thread-37       d.u.i.k.j.TypeConverter   TypeConverter: FieldReference: l; 
62863      INFO  main            d.u.i.k.p.r.p.TestFile    ... finished proof: closed. 
63114      DEBUG main            d.u.i.k.s.TermLabelSettings TermLabelSettings: Failure while reading the setting "UseOriginLabels".Using the default value: true.The string read was: null 
63114      INFO  main            d.u.i.k.p.r.p.TestFile    Now processing file /home/runner/work/key/key/key.core/../key.ui/examples/InformationFlow/MiniExamples/mini.MiniExamples(mini.MiniExamples__secure_p2_1()).JML normal_behavior operation contract.0.key 
63114      DEBUG main            d.u.i.k.p.i.KeYFile       Reading KeY file /home/runner/work/key/key/key.core/../key.ui/examples/InformationFlow/MiniExamples/mini.MiniExamples(mini.MiniExamples__secure_p2_1()).JML normal_behavior operation contract.0.key 
63934      DEBUG main            d.u.i.k.j.Recoder2KeY     converting now /home/runner/work/key/key/key.core/../key.ui/examples/InformationFlow/MiniExamples/src/mini/MiniExamples.java 
63935      DEBUG main            d.u.i.k.j.Recoder2KeY     converting now /home/runner/work/key/key/key.core/../key.ui/examples/InformationFlow/MiniExamples/src/mini/AliasingExamples.java 
63936      DEBUG main            d.u.i.k.j.Recoder2KeY     converting now /home/runner/work/key/key/key.core/../key.ui/examples/InformationFlow/MiniExamples/src/mini/DifferenceSeqLocset.java 
63937      DEBUG main            d.u.i.k.j.Recoder2KeY     converting now /home/runner/work/key/key/key.core/../key.ui/examples/InformationFlow/MiniExamples/src/mini/MiniExamplesLecture.java 
63941      DEBUG main            d.u.i.k.s.TermLabelSettings TermLabelSettings: Failure while reading the setting "UseOriginLabels".Using the default value: true.The string read was: null 
63942      DEBUG main            d.u.i.k.p.i.KeYFile       Reading KeY file file:/home/runner/work/key/key/key.core/build/resources/main/de/uka/ilkd/key/java/JavaRedux/java/lang/String.key 
65679      DEBUG main            d.u.i.k.p.i.KeYFile       Reading KeY file /home/runner/work/key/key/key.core/../key.ui/examples/InformationFlow/MiniExamples/mini.MiniExamples(mini.MiniExamples__secure_p2_1()).JML normal_behavior operation contract.0.key 
65697      DEBUG Thread-39       d.u.i.k.j.TypeConverter   TypeConverter: FieldReference: l; 
65700      DEBUG Thread-39       d.u.i.k.j.TypeConverter   TypeConverter: FieldReference: h; 
65781      INFO  main            d.u.i.k.p.r.p.TestFile    ... finished proof: closed. 
66018      DEBUG main            d.u.i.k.s.TermLabelSettings TermLabelSettings: Failure while reading the setting "UseOriginLabels".Using the default value: true.The string read was: null 
66018      INFO  main            d.u.i.k.p.r.p.TestFile    Now processing file /home/runner/work/key/key/key.core/../key.ui/examples/InformationFlow/MiniExamples/mini.MiniExamples(mini.MiniExamples__insecure_p2_1()).JML normal_behavior operation contract.0.key 
66019      DEBUG main            d.u.i.k.p.i.KeYFile       Reading KeY file /home/runner/work/key/key/key.core/../key.ui/examples/InformationFlow/MiniExamples/mini.MiniExamples(mini.MiniExamples__insecure_p2_1()).JML normal_behavior operation contract.0.key 
66837      DEBUG main            d.u.i.k.j.Recoder2KeY     converting now /home/runner/work/key/key/key.core/../key.ui/examples/InformationFlow/MiniExamples/src/mini/MiniExamples.java 
66838      DEBUG main            d.u.i.k.j.Recoder2KeY     converting now /home/runner/work/key/key/key.core/../key.ui/examples/InformationFlow/MiniExamples/src/mini/AliasingExamples.java 
66839      DEBUG main            d.u.i.k.j.Recoder2KeY     converting now /home/runner/work/key/key/key.core/../key.ui/examples/InformationFlow/MiniExamples/src/mini/DifferenceSeqLocset.java 
66840      DEBUG main            d.u.i.k.j.Recoder2KeY     converting now /home/runner/work/key/key/key.core/../key.ui/examples/InformationFlow/MiniExamples/src/mini/MiniExamplesLecture.java 
66845      DEBUG main            d.u.i.k.s.TermLabelSettings TermLabelSettings: Failure while reading the setting "UseOriginLabels".Using the default value: true.The string read was: null 
66846      DEBUG main            d.u.i.k.p.i.KeYFile       Reading KeY file file:/home/runner/work/key/key/key.core/build/resources/main/de/uka/ilkd/key/java/JavaRedux/java/lang/String.key 
68603      DEBUG main            d.u.i.k.p.i.KeYFile       Reading KeY file /home/runner/work/key/key/key.core/../key.ui/examples/InformationFlow/MiniExamples/mini.MiniExamples(mini.MiniExamples__insecure_p2_1()).JML normal_behavior operation contract.0.key 
68617      DEBUG Thread-41       d.u.i.k.j.TypeConverter   TypeConverter: FieldReference: h; 
68620      DEBUG Thread-41       d.u.i.k.j.TypeConverter   TypeConverter: FieldReference: l; 
68705      INFO  main            d.u.i.k.p.r.p.TestFile    ... finished proof: closed. 
68881      DEBUG main            d.u.i.k.s.TermLabelSettings TermLabelSettings: Failure while reading the setting "UseOriginLabels".Using the default value: true.The string read was: null 
68881      INFO  main            d.u.i.k.p.r.p.TestFile    Now processing file /home/runner/work/key/key/key.core/../key.ui/examples/InformationFlow/MiniExamples/mini.MiniExamples(mini.MiniExamples__secure_p1_6()).JML normal_behavior operation contract.0.key 
68882      DEBUG main            d.u.i.k.p.i.KeYFile       Reading KeY file /home/runner/work/key/key/key.core/../key.ui/examples/InformationFlow/MiniExamples/mini.MiniExamples(mini.MiniExamples__secure_p1_6()).JML normal_behavior operation contract.0.key 
69697      DEBUG main            d.u.i.k.j.Recoder2KeY     converting now /home/runner/work/key/key/key.core/../key.ui/examples/InformationFlow/MiniExamples/src/mini/MiniExamples.java 
69699      DEBUG main            d.u.i.k.j.Recoder2KeY     converting now /home/runner/work/key/key/key.core/../key.ui/examples/InformationFlow/MiniExamples/src/mini/AliasingExamples.java 
69699      DEBUG main            d.u.i.k.j.Recoder2KeY     converting now /home/runner/work/key/key/key.core/../key.ui/examples/InformationFlow/MiniExamples/src/mini/DifferenceSeqLocset.java 
69701      DEBUG main            d.u.i.k.j.Recoder2KeY     converting now /home/runner/work/key/key/key.core/../key.ui/examples/InformationFlow/MiniExamples/src/mini/MiniExamplesLecture.java 
69705      DEBUG main            d.u.i.k.s.TermLabelSettings TermLabelSettings: Failure while reading the setting "UseOriginLabels".Using the default value: true.The string read was: null 
69706      DEBUG main            d.u.i.k.p.i.KeYFile       Reading KeY file file:/home/runner/work/key/key/key.core/build/resources/main/de/uka/ilkd/key/java/JavaRedux/java/lang/String.key 
71455      DEBUG main            d.u.i.k.p.i.KeYFile       Reading KeY file /home/runner/work/key/key/key.core/../key.ui/examples/InformationFlow/MiniExamples/mini.MiniExamples(mini.MiniExamples__secure_p1_6()).JML normal_behavior operation contract.0.key 
71475      DEBUG Thread-43       d.u.i.k.j.TypeConverter   TypeConverter: FieldReference: h; 
71481      DEBUG Thread-43       d.u.i.k.j.TypeConverter   TypeConverter: FieldReference: h; 
71491      DEBUG Thread-43       d.u.i.k.j.TypeConverter   TypeConverter: FieldReference: l; 
71559      INFO  main            d.u.i.k.p.r.p.TestFile    ... finished proof: closed. 
71741      DEBUG main            d.u.i.k.s.TermLabelSettings TermLabelSettings: Failure while reading the setting "UseOriginLabels".Using the default value: true.The string read was: null 
71742      INFO  main            d.u.i.k.p.r.p.TestFile    Now processing file /home/runner/work/key/key/key.core/../key.ui/examples/InformationFlow/MiniExamples/mini.MiniExamples(mini.MiniExamples__secure_p1_5()).JML normal_behavior operation contract.0.key 
71742      DEBUG main            d.u.i.k.p.i.KeYFile       Reading KeY file /home/runner/work/key/key/key.core/../key.ui/examples/InformationFlow/MiniExamples/mini.MiniExamples(mini.MiniExamples__secure_p1_5()).JML normal_behavior operation contract.0.key 
72557      DEBUG main            d.u.i.k.j.Recoder2KeY     converting now /home/runner/work/key/key/key.core/../key.ui/examples/InformationFlow/MiniExamples/src/mini/MiniExamples.java 
72558      DEBUG main            d.u.i.k.j.Recoder2KeY     converting now /home/runner/work/key/key/key.core/../key.ui/examples/InformationFlow/MiniExamples/src/mini/AliasingExamples.java 
72563      DEBUG main            d.u.i.k.j.Recoder2KeY     converting now /home/runner/work/key/key/key.core/../key.ui/examples/InformationFlow/MiniExamples/src/mini/DifferenceSeqLocset.java 
72564      DEBUG main            d.u.i.k.j.Recoder2KeY     converting now /home/runner/work/key/key/key.core/../key.ui/examples/InformationFlow/MiniExamples/src/mini/MiniExamplesLecture.java 
72569      DEBUG main            d.u.i.k.s.TermLabelSettings TermLabelSettings: Failure while reading the setting "UseOriginLabels".Using the default value: true.The string read was: null 
72570      DEBUG main            d.u.i.k.p.i.KeYFile       Reading KeY file file:/home/runner/work/key/key/key.core/build/resources/main/de/uka/ilkd/key/java/JavaRedux/java/lang/String.key 
74306      DEBUG main            d.u.i.k.p.i.KeYFile       Reading KeY file /home/runner/work/key/key/key.core/../key.ui/examples/InformationFlow/MiniExamples/mini.MiniExamples(mini.MiniExamples__secure_p1_5()).JML normal_behavior operation contract.0.key 
74324      DEBUG Thread-45       d.u.i.k.j.TypeConverter   TypeConverter: FieldReference: h; 
74343      DEBUG Thread-45       d.u.i.k.j.TypeConverter   TypeConverter: FieldReference: l; 
74350      DEBUG Thread-45       d.u.i.k.j.TypeConverter   TypeConverter: FieldReference: h; 
74364      DEBUG Thread-45       d.u.i.k.j.TypeConverter   TypeConverter: FieldReference: l; 
74370      DEBUG Thread-45       d.u.i.k.j.TypeConverter   TypeConverter: FieldReference: h; 
74412      INFO  main            d.u.i.k.p.r.p.TestFile    ... finished proof: closed. 
74597      DEBUG main            d.u.i.k.s.TermLabelSettings TermLabelSettings: Failure while reading the setting "UseOriginLabels".Using the default value: true.The string read was: null 
74597      INFO  main            d.u.i.k.p.r.p.TestFile    Now processing file /home/runner/work/key/key/key.core/../key.ui/examples/InformationFlow/MiniExamples/mini.MiniExamples(mini.MiniExamples__secure_p1_4()).JML normal_behavior operation contract.0.key 
74597      DEBUG main            d.u.i.k.p.i.KeYFile       Reading KeY file /home/runner/work/key/key/key.core/../key.ui/examples/InformationFlow/MiniExamples/mini.MiniExamples(mini.MiniExamples__secure_p1_4()).JML normal_behavior operation contract.0.key 
75420      DEBUG main            d.u.i.k.j.Recoder2KeY     converting now /home/runner/work/key/key/key.core/../key.ui/examples/InformationFlow/MiniExamples/src/mini/MiniExamples.java 
75421      DEBUG main            d.u.i.k.j.Recoder2KeY     converting now /home/runner/work/key/key/key.core/../key.ui/examples/InformationFlow/MiniExamples/src/mini/AliasingExamples.java 
75422      DEBUG main            d.u.i.k.j.Recoder2KeY     converting now /home/runner/work/key/key/key.core/../key.ui/examples/InformationFlow/MiniExamples/src/mini/DifferenceSeqLocset.java 
75423      DEBUG main            d.u.i.k.j.Recoder2KeY     converting now /home/runner/work/key/key/key.core/../key.ui/examples/InformationFlow/MiniExamples/src/mini/MiniExamplesLecture.java 
75429      DEBUG main            d.u.i.k.s.TermLabelSettings TermLabelSettings: Failure while reading the setting "UseOriginLabels".Using the default value: true.The string read was: null 
75433      DEBUG main            d.u.i.k.p.i.KeYFile       Reading KeY file file:/home/runner/work/key/key/key.core/build/resources/main/de/uka/ilkd/key/java/JavaRedux/java/lang/String.key 
77177      DEBUG main            d.u.i.k.p.i.KeYFile       Reading KeY file /home/runner/work/key/key/key.core/../key.ui/examples/InformationFlow/MiniExamples/mini.MiniExamples(mini.MiniExamples__secure_p1_4()).JML normal_behavior operation contract.0.key 
77192      DEBUG Thread-47       d.u.i.k.j.TypeConverter   TypeConverter: FieldReference: h; 
77214      DEBUG Thread-47       d.u.i.k.j.TypeConverter   TypeConverter: FieldReference: l; 
77216      DEBUG Thread-47       d.u.i.k.j.TypeConverter   TypeConverter: FieldReference: h; 
77222      DEBUG Thread-47       d.u.i.k.j.TypeConverter   TypeConverter: FieldReference: h; 
77231      DEBUG Thread-47       d.u.i.k.j.TypeConverter   TypeConverter: FieldReference: l; 
77280      INFO  main            d.u.i.k.p.r.p.TestFile    ... finished proof: closed. 
77475      DEBUG main            d.u.i.k.s.TermLabelSettings TermLabelSettings: Failure while reading the setting "UseOriginLabels".Using the default value: true.The string read was: null 
77475      INFO  main            d.u.i.k.p.r.p.TestFile    Now processing file /home/runner/work/key/key/key.core/../key.ui/examples/InformationFlow/MiniExamples/mini.MiniExamples(mini.MiniExamples__secure_p1_3()).JML normal_behavior operation contract.0.key 
77476      DEBUG main            d.u.i.k.p.i.KeYFile       Reading KeY file /home/runner/work/key/key/key.core/../key.ui/examples/InformationFlow/MiniExamples/mini.MiniExamples(mini.MiniExamples__secure_p1_3()).JML normal_behavior operation contract.0.key 
78286      DEBUG main            d.u.i.k.j.Recoder2KeY     converting now /home/runner/work/key/key/key.core/../key.ui/examples/InformationFlow/MiniExamples/src/mini/MiniExamples.java 
78288      DEBUG main            d.u.i.k.j.Recoder2KeY     converting now /home/runner/work/key/key/key.core/../key.ui/examples/InformationFlow/MiniExamples/src/mini/AliasingExamples.java 
78289      DEBUG main            d.u.i.k.j.Recoder2KeY     converting now /home/runner/work/key/key/key.core/../key.ui/examples/InformationFlow/MiniExamples/src/mini/DifferenceSeqLocset.java 
78289      DEBUG main            d.u.i.k.j.Recoder2KeY     converting now /home/runner/work/key/key/key.core/../key.ui/examples/InformationFlow/MiniExamples/src/mini/MiniExamplesLecture.java 
78295      DEBUG main            d.u.i.k.s.TermLabelSettings TermLabelSettings: Failure while reading the setting "UseOriginLabels".Using the default value: true.The string read was: null 
78296      DEBUG main            d.u.i.k.p.i.KeYFile       Reading KeY file file:/home/runner/work/key/key/key.core/build/resources/main/de/uka/ilkd/key/java/JavaRedux/java/lang/String.key 
80042      DEBUG main            d.u.i.k.p.i.KeYFile       Reading KeY file /home/runner/work/key/key/key.core/../key.ui/examples/InformationFlow/MiniExamples/mini.MiniExamples(mini.MiniExamples__secure_p1_3()).JML normal_behavior operation contract.0.key 
80061      DEBUG Thread-49       d.u.i.k.j.TypeConverter   TypeConverter: FieldReference: h; 
80067      DEBUG Thread-49       d.u.i.k.j.TypeConverter   TypeConverter: FieldReference: h; 
80075      DEBUG Thread-49       d.u.i.k.j.TypeConverter   TypeConverter: FieldReference: l; 
80147      INFO  main            d.u.i.k.p.r.p.TestFile    ... finished proof: closed. 
80353      DEBUG main            d.u.i.k.s.TermLabelSettings TermLabelSettings: Failure while reading the setting "UseOriginLabels".Using the default value: true.The string read was: null 
80353      INFO  main            d.u.i.k.p.r.p.TestFile    Now processing file /home/runner/work/key/key/key.core/../key.ui/examples/InformationFlow/MiniExamples/mini.MiniExamples(mini.MiniExamples__secure_p1_2()).JML normal_behavior operation contract.0.key 
80354      DEBUG main            d.u.i.k.p.i.KeYFile       Reading KeY file /home/runner/work/key/key/key.core/../key.ui/examples/InformationFlow/MiniExamples/mini.MiniExamples(mini.MiniExamples__secure_p1_2()).JML normal_behavior operation contract.0.key 
81165      DEBUG main            d.u.i.k.j.Recoder2KeY     converting now /home/runner/work/key/key/key.core/../key.ui/examples/InformationFlow/MiniExamples/src/mini/MiniExamples.java 
81166      DEBUG main            d.u.i.k.j.Recoder2KeY     converting now /home/runner/work/key/key/key.core/../key.ui/examples/InformationFlow/MiniExamples/src/mini/AliasingExamples.java 
81167      DEBUG main            d.u.i.k.j.Recoder2KeY     converting now /home/runner/work/key/key/key.core/../key.ui/examples/InformationFlow/MiniExamples/src/mini/DifferenceSeqLocset.java 
81168      DEBUG main            d.u.i.k.j.Recoder2KeY     converting now /home/runner/work/key/key/key.core/../key.ui/examples/InformationFlow/MiniExamples/src/mini/MiniExamplesLecture.java 
81172      DEBUG main            d.u.i.k.s.TermLabelSettings TermLabelSettings: Failure while reading the setting "UseOriginLabels".Using the default value: true.The string read was: null 
81173      DEBUG main            d.u.i.k.p.i.KeYFile       Reading KeY file file:/home/runner/work/key/key/key.core/build/resources/main/de/uka/ilkd/key/java/JavaRedux/java/lang/String.key 
82918      DEBUG main            d.u.i.k.p.i.KeYFile       Reading KeY file /home/runner/work/key/key/key.core/../key.ui/examples/InformationFlow/MiniExamples/mini.MiniExamples(mini.MiniExamples__secure_p1_2()).JML normal_behavior operation contract.0.key 
82932      DEBUG Thread-51       d.u.i.k.j.TypeConverter   TypeConverter: FieldReference: h; 
82951      DEBUG Thread-51       d.u.i.k.j.TypeConverter   TypeConverter: FieldReference: l; 
82958      DEBUG Thread-51       d.u.i.k.j.TypeConverter   TypeConverter: FieldReference: l; 
82970      DEBUG Thread-51       d.u.i.k.j.TypeConverter   TypeConverter: FieldReference: l; 
82977      DEBUG Thread-51       d.u.i.k.j.TypeConverter   TypeConverter: FieldReference: l; 
83020      INFO  main            d.u.i.k.p.r.p.TestFile    ... finished proof: closed. 
83221      DEBUG main            d.u.i.k.s.TermLabelSettings TermLabelSettings: Failure while reading the setting "UseOriginLabels".Using the default value: true.The string read was: null 
83221      INFO  main            d.u.i.k.p.r.p.TestFile    Now processing file /home/runner/work/key/key/key.core/../key.ui/examples/InformationFlow/MiniExamples/mini.MiniExamples(mini.MiniExamples__secure_p1_1()).JML normal_behavior operation contract.1.key 
83222      DEBUG main            d.u.i.k.p.i.KeYFile       Reading KeY file /home/runner/work/key/key/key.core/../key.ui/examples/InformationFlow/MiniExamples/mini.MiniExamples(mini.MiniExamples__secure_p1_1()).JML normal_behavior operation contract.1.key 
84052      DEBUG main            d.u.i.k.j.Recoder2KeY     converting now /home/runner/work/key/key/key.core/../key.ui/examples/InformationFlow/MiniExamples/src/mini/MiniExamples.java 
84054      DEBUG main            d.u.i.k.j.Recoder2KeY     converting now /home/runner/work/key/key/key.core/../key.ui/examples/InformationFlow/MiniExamples/src/mini/AliasingExamples.java 
84054      DEBUG main            d.u.i.k.j.Recoder2KeY     converting now /home/runner/work/key/key/key.core/../key.ui/examples/InformationFlow/MiniExamples/src/mini/DifferenceSeqLocset.java 
84055      DEBUG main            d.u.i.k.j.Recoder2KeY     converting now /home/runner/work/key/key/key.core/../key.ui/examples/InformationFlow/MiniExamples/src/mini/MiniExamplesLecture.java 
84060      DEBUG main            d.u.i.k.s.TermLabelSettings TermLabelSettings: Failure while reading the setting "UseOriginLabels".Using the default value: true.The string read was: null 
84061      DEBUG main            d.u.i.k.p.i.KeYFile       Reading KeY file file:/home/runner/work/key/key/key.core/build/resources/main/de/uka/ilkd/key/java/JavaRedux/java/lang/String.key 
85797      DEBUG main            d.u.i.k.p.i.KeYFile       Reading KeY file /home/runner/work/key/key/key.core/../key.ui/examples/InformationFlow/MiniExamples/mini.MiniExamples(mini.MiniExamples__secure_p1_1()).JML normal_behavior operation contract.1.key 
85811      DEBUG Thread-53       d.u.i.k.j.TypeConverter   TypeConverter: FieldReference: l; 
85831      DEBUG Thread-53       d.u.i.k.j.TypeConverter   TypeConverter: FieldReference: h; 
85843      DEBUG Thread-53       d.u.i.k.j.TypeConverter   TypeConverter: FieldReference: h; 
85899      INFO  main            d.u.i.k.p.r.p.TestFile    ... finished proof: closed. 
86098      DEBUG main            d.u.i.k.s.TermLabelSettings TermLabelSettings: Failure while reading the setting "UseOriginLabels".Using the default value: true.The string read was: null 
86098      INFO  main            d.u.i.k.p.r.p.TestFile    Now processing file /home/runner/work/key/key/key.core/../key.ui/examples/InformationFlow/MiniExamples/mini.MiniExamples(mini.MiniExamples__secure_p1_1()).JML normal_behavior operation contract.0.key 
86098      DEBUG main            d.u.i.k.p.i.KeYFile       Reading KeY file /home/runner/work/key/key/key.core/../key.ui/examples/InformationFlow/MiniExamples/mini.MiniExamples(mini.MiniExamples__secure_p1_1()).JML normal_behavior operation contract.0.key 
86952      DEBUG main            d.u.i.k.j.Recoder2KeY     converting now /home/runner/work/key/key/key.core/../key.ui/examples/InformationFlow/MiniExamples/src/mini/MiniExamples.java 
86954      DEBUG main            d.u.i.k.j.Recoder2KeY     converting now /home/runner/work/key/key/key.core/../key.ui/examples/InformationFlow/MiniExamples/src/mini/AliasingExamples.java 
86954      DEBUG main            d.u.i.k.j.Recoder2KeY     converting now /home/runner/work/key/key/key.core/../key.ui/examples/InformationFlow/MiniExamples/src/mini/DifferenceSeqLocset.java 
86955      DEBUG main            d.u.i.k.j.Recoder2KeY     converting now /home/runner/work/key/key/key.core/../key.ui/examples/InformationFlow/MiniExamples/src/mini/MiniExamplesLecture.java 
86959      DEBUG main            d.u.i.k.s.TermLabelSettings TermLabelSettings: Failure while reading the setting "UseOriginLabels".Using the default value: true.The string read was: null 
86960      DEBUG main            d.u.i.k.p.i.KeYFile       Reading KeY file file:/home/runner/work/key/key/key.core/build/resources/main/de/uka/ilkd/key/java/JavaRedux/java/lang/String.key 
88634      DEBUG main            d.u.i.k.p.i.KeYFile       Reading KeY file /home/runner/work/key/key/key.core/../key.ui/examples/InformationFlow/MiniExamples/mini.MiniExamples(mini.MiniExamples__secure_p1_1()).JML normal_behavior operation contract.0.key 
88650      DEBUG Thread-55       d.u.i.k.j.TypeConverter   TypeConverter: FieldReference: l; 
88667      DEBUG Thread-55       d.u.i.k.j.TypeConverter   TypeConverter: FieldReference: h; 
88678      DEBUG Thread-55       d.u.i.k.j.TypeConverter   TypeConverter: FieldReference: h; 
88739      INFO  main            d.u.i.k.p.r.p.TestFile    ... finished proof: closed. 
88939      DEBUG main            d.u.i.k.s.TermLabelSettings TermLabelSettings: Failure while reading the setting "UseOriginLabels".Using the default value: true.The string read was: null 
88939      INFO  main            d.u.i.k.p.r.p.TestFile    Now processing file /home/runner/work/key/key/key.core/../key.ui/examples/InformationFlow/MiniExamples/mini.MiniExamples(mini.MiniExamples__insecure_p1_2()).JML normal_behavior operation contract.0.key 
88939      DEBUG main            d.u.i.k.p.i.KeYFile       Reading KeY file /home/runner/work/key/key/key.core/../key.ui/examples/InformationFlow/MiniExamples/mini.MiniExamples(mini.MiniExamples__insecure_p1_2()).JML normal_behavior operation contract.0.key 
89740      DEBUG main            d.u.i.k.j.Recoder2KeY     converting now /home/runner/work/key/key/key.core/../key.ui/examples/InformationFlow/MiniExamples/src/mini/MiniExamples.java 
89742      DEBUG main            d.u.i.k.j.Recoder2KeY     converting now /home/runner/work/key/key/key.core/../key.ui/examples/InformationFlow/MiniExamples/src/mini/AliasingExamples.java 
89742      DEBUG main            d.u.i.k.j.Recoder2KeY     converting now /home/runner/work/key/key/key.core/../key.ui/examples/InformationFlow/MiniExamples/src/mini/DifferenceSeqLocset.java 
89743      DEBUG main            d.u.i.k.j.Recoder2KeY     converting now /home/runner/work/key/key/key.core/../key.ui/examples/InformationFlow/MiniExamples/src/mini/MiniExamplesLecture.java 
89747      DEBUG main            d.u.i.k.s.TermLabelSettings TermLabelSettings: Failure while reading the setting "UseOriginLabels".Using the default value: true.The string read was: null 
89748      DEBUG main            d.u.i.k.p.i.KeYFile       Reading KeY file file:/home/runner/work/key/key/key.core/build/resources/main/de/uka/ilkd/key/java/JavaRedux/java/lang/String.key 
91435      DEBUG main            d.u.i.k.p.i.KeYFile       Reading KeY file /home/runner/work/key/key/key.core/../key.ui/examples/InformationFlow/MiniExamples/mini.MiniExamples(mini.MiniExamples__insecure_p1_2()).JML normal_behavior operation contract.0.key 
91448      DEBUG Thread-57       d.u.i.k.j.TypeConverter   TypeConverter: FieldReference: h; 
91466      DEBUG Thread-57       d.u.i.k.j.TypeConverter   TypeConverter: FieldReference: l; 
91477      DEBUG Thread-57       d.u.i.k.j.TypeConverter   TypeConverter: FieldReference: l; 
91537      INFO  main            d.u.i.k.p.r.p.TestFile    ... finished proof: closed. 
91734      DEBUG main            d.u.i.k.s.TermLabelSettings TermLabelSettings: Failure while reading the setting "UseOriginLabels".Using the default value: true.The string read was: null 
91734      INFO  main            d.u.i.k.p.r.p.TestFile    Now processing file /home/runner/work/key/key/key.core/../key.ui/examples/InformationFlow/MiniExamples/mini.MiniExamples(mini.MiniExamples__insecure_p1_1()).JML normal_behavior operation contract.0.key 
91735      DEBUG main            d.u.i.k.p.i.KeYFile       Reading KeY file /home/runner/work/key/key/key.core/../key.ui/examples/InformationFlow/MiniExamples/mini.MiniExamples(mini.MiniExamples__insecure_p1_1()).JML normal_behavior operation contract.0.key 
92530      DEBUG main            d.u.i.k.j.Recoder2KeY     converting now /home/runner/work/key/key/key.core/../key.ui/examples/InformationFlow/MiniExamples/src/mini/MiniExamples.java 
92531      DEBUG main            d.u.i.k.j.Recoder2KeY     converting now /home/runner/work/key/key/key.core/../key.ui/examples/InformationFlow/MiniExamples/src/mini/AliasingExamples.java 
92532      DEBUG main            d.u.i.k.j.Recoder2KeY     converting now /home/runner/work/key/key/key.core/../key.ui/examples/InformationFlow/MiniExamples/src/mini/DifferenceSeqLocset.java 
92533      DEBUG main            d.u.i.k.j.Recoder2KeY     converting now /home/runner/work/key/key/key.core/../key.ui/examples/InformationFlow/MiniExamples/src/mini/MiniExamplesLecture.java 
92537      DEBUG main            d.u.i.k.s.TermLabelSettings TermLabelSettings: Failure while reading the setting "UseOriginLabels".Using the default value: true.The string read was: null 
92538      DEBUG main            d.u.i.k.p.i.KeYFile       Reading KeY file file:/home/runner/work/key/key/key.core/build/resources/main/de/uka/ilkd/key/java/JavaRedux/java/lang/String.key 
94305      DEBUG main            d.u.i.k.p.i.KeYFile       Reading KeY file /home/runner/work/key/key/key.core/../key.ui/examples/InformationFlow/MiniExamples/mini.MiniExamples(mini.MiniExamples__insecure_p1_1()).JML normal_behavior operation contract.0.key 
94320      DEBUG Thread-59       d.u.i.k.j.TypeConverter   TypeConverter: FieldReference: h; 
94322      DEBUG Thread-59       d.u.i.k.j.TypeConverter   TypeConverter: FieldReference: l; 
94407      INFO  main            d.u.i.k.p.r.p.TestFile    ... finished proof: closed. 
459460     INFO  Test worker     d.u.i.k.p.r.RunAllProofsTestUnit Returning from test MiniExamples 
459462     INFO  Test worker     d.u.i.k.p.r.RunAllProofsTestUnit Running test NewObjects 
361        INFO  Timeout watchdog d.u.i.k.p.r.p.ForkedTestFileRunner Timeout watcher launched (1000 secs.) 
375        WARN  main            d.u.i.k.s.ProofSettings   The settings in /home/runner/.key/proof-settings.props are *not* read. 
415        DEBUG main            d.u.i.k.s.TermLabelSettings TermLabelSettings: Failure while reading the setting "UseOriginLabels".Using the default value: true.The string read was: null 
416        INFO  main            d.u.i.k.p.r.p.TestFile    Now processing file /home/runner/work/key/key/key.core/../key.ui/examples/InformationFlow/NewObjects/object.AmtoftBanerjee3(object.AmtoftBanerjee3__m()).JML operation contract.0.key 
570        DEBUG main            d.u.i.k.p.i.KeYFile       Reading KeY file /home/runner/work/key/key/key.core/../key.ui/examples/InformationFlow/NewObjects/object.AmtoftBanerjee3(object.AmtoftBanerjee3__m()).JML operation contract.0.key 
791        DEBUG main            d.u.i.k.p.i.KeYFile       Reading KeY file file:/home/runner/work/key/key/key.core/build/resources/main/de/uka/ilkd/key/proof/rules/standardRules.key 
834        DEBUG main            d.u.i.k.p.i.KeYFile       Reading KeY file file:/home/runner/work/key/key/key.core/build/resources/main/de/uka/ilkd/key/proof/rules/ldt.key 
838        DEBUG main            d.u.i.k.p.i.KeYFile       Reading KeY file file:/home/runner/work/key/key/key.core/build/resources/main/de/uka/ilkd/key/proof/rules/boolean.key 
858        DEBUG main            d.u.i.k.p.i.KeYFile       Reading KeY file file:/home/runner/work/key/key/key.core/build/resources/main/de/uka/ilkd/key/proof/rules/ruleSetsDeclarations.key 
908        DEBUG main            d.u.i.k.p.i.KeYFile       Reading KeY file file:/home/runner/work/key/key/key.core/build/resources/main/de/uka/ilkd/key/proof/rules/integerHeader.key 
923        DEBUG main            d.u.i.k.p.i.KeYFile       Reading KeY file file:/home/runner/work/key/key/key.core/build/resources/main/de/uka/ilkd/key/proof/rules/floatHeader.key 
930        DEBUG main            d.u.i.k.p.i.KeYFile       Reading KeY file file:/home/runner/work/key/key/key.core/build/resources/main/de/uka/ilkd/key/proof/rules/heap.key 
936        DEBUG main            d.u.i.k.p.i.KeYFile       Reading KeY file file:/home/runner/work/key/key/key.core/build/resources/main/de/uka/ilkd/key/proof/rules/locSets.key 
937        DEBUG main            d.u.i.k.p.i.KeYFile       Reading KeY file file:/home/runner/work/key/key/key.core/build/resources/main/de/uka/ilkd/key/proof/rules/permission.key 
940        DEBUG main            d.u.i.k.p.i.KeYFile       Reading KeY file file:/home/runner/work/key/key/key.core/build/resources/main/de/uka/ilkd/key/proof/rules/reach.key 
941        DEBUG main            d.u.i.k.p.i.KeYFile       Reading KeY file file:/home/runner/work/key/key/key.core/build/resources/main/de/uka/ilkd/key/proof/rules/seq.key 
944        DEBUG main            d.u.i.k.p.i.KeYFile       Reading KeY file file:/home/runner/work/key/key/key.core/build/resources/main/de/uka/ilkd/key/proof/rules/map.key 
1016       DEBUG main            d.u.i.k.p.i.KeYFile       Reading KeY file file:/home/runner/work/key/key/key.core/build/resources/main/de/uka/ilkd/key/proof/rules/freeADT.key 
1019       DEBUG main            d.u.i.k.p.i.KeYFile       Reading KeY file file:/home/runner/work/key/key/key.core/build/resources/main/de/uka/ilkd/key/proof/rules/wellfound.key 
1020       DEBUG main            d.u.i.k.p.i.KeYFile       Reading KeY file file:/home/runner/work/key/key/key.core/build/resources/main/de/uka/ilkd/key/proof/rules/charListHeader.key 
1132       DEBUG main            d.u.i.k.p.i.KeYFile       Reading KeY file file:/home/runner/work/key/key/key.core/build/resources/main/de/uka/ilkd/key/proof/rules/propRule.key 
1157       DEBUG main            d.u.i.k.p.i.KeYFile       Reading KeY file file:/home/runner/work/key/key/key.core/build/resources/main/de/uka/ilkd/key/proof/rules/firstOrderRules.key 
1177       DEBUG main            d.u.i.k.p.i.KeYFile       Reading KeY file file:/home/runner/work/key/key/key.core/build/resources/main/de/uka/ilkd/key/proof/rules/ifThenElseRules.key 
1209       DEBUG main            d.u.i.k.p.i.KeYFile       Reading KeY file file:/home/runner/work/key/key/key.core/build/resources/main/de/uka/ilkd/key/proof/rules/formulaNormalisationRules.key 
1325       DEBUG main            d.u.i.k.p.i.KeYFile       Reading KeY file file:/home/runner/work/key/key/key.core/build/resources/main/de/uka/ilkd/key/proof/rules/updateRules.key 
1344       DEBUG main            d.u.i.k.p.i.KeYFile       Reading KeY file file:/home/runner/work/key/key/key.core/build/resources/main/de/uka/ilkd/key/proof/rules/integerRulesCommon.key 
1435       DEBUG main            d.u.i.k.p.i.KeYFile       Reading KeY file file:/home/runner/work/key/key/key.core/build/resources/main/de/uka/ilkd/key/proof/rules/intRules.key 
1454       DEBUG main            d.u.i.k.p.i.KeYFile       Reading KeY file file:/home/runner/work/key/key/key.core/build/resources/main/de/uka/ilkd/key/proof/rules/intRulesUncheckedSemantics.key 
1471       DEBUG main            d.u.i.k.p.i.KeYFile       Reading KeY file file:/home/runner/work/key/key/key.core/build/resources/main/de/uka/ilkd/key/proof/rules/intRulesCheckedSemantics.key 
1478       DEBUG main            d.u.i.k.p.i.KeYFile       Reading KeY file file:/home/runner/work/key/key/key.core/build/resources/main/de/uka/ilkd/key/proof/rules/intRulesJavaSemantics.key 
1502       DEBUG main            d.u.i.k.p.i.KeYFile       Reading KeY file file:/home/runner/work/key/key/key.core/build/resources/main/de/uka/ilkd/key/proof/rules/integerSimplificationRules.key 
1706       DEBUG main            d.u.i.k.j.TypeConverter   No LDT found for Meta 
1707       DEBUG main            d.u.i.k.j.TypeConverter   No LDT found for Meta 
1708       DEBUG main            d.u.i.k.j.TypeConverter   No LDT found for Meta 
1708       DEBUG main            d.u.i.k.j.TypeConverter   No LDT found for Meta 
1734       DEBUG main            d.u.i.k.p.i.KeYFile       Reading KeY file file:/home/runner/work/key/key/key.core/build/resources/main/de/uka/ilkd/key/proof/rules/intDiv.key 
1766       DEBUG main            d.u.i.k.p.i.KeYFile       Reading KeY file file:/home/runner/work/key/key/key.core/build/resources/main/de/uka/ilkd/key/proof/rules/bsum.key 
1885       DEBUG main            d.u.i.k.p.i.KeYFile       Reading KeY file file:/home/runner/work/key/key/key.core/build/resources/main/de/uka/ilkd/key/proof/rules/bprod.key 
1914       DEBUG main            d.u.i.k.p.i.KeYFile       Reading KeY file file:/home/runner/work/key/key/key.core/build/resources/main/de/uka/ilkd/key/proof/rules/binaryAxioms.key 
1920       DEBUG main            d.u.i.k.p.i.KeYFile       Reading KeY file file:/home/runner/work/key/key/key.core/build/resources/main/de/uka/ilkd/key/proof/rules/binaryLemmas.key 
1930       DEBUG main            d.u.i.k.p.i.KeYFile       Reading KeY file file:/home/runner/work/key/key/key.core/build/resources/main/de/uka/ilkd/key/proof/rules/intPow.key 
1944       DEBUG main            d.u.i.k.p.i.KeYFile       Reading KeY file file:/home/runner/work/key/key/key.core/build/resources/main/de/uka/ilkd/key/proof/rules/floatRulesCommon.key 
1998       DEBUG main            d.u.i.k.p.i.KeYFile       Reading KeY file file:/home/runner/work/key/key/key.core/build/resources/main/de/uka/ilkd/key/proof/rules/floatRules.key 
1999       DEBUG main            d.u.i.k.p.i.KeYFile       Reading KeY file file:/home/runner/work/key/key/key.core/build/resources/main/de/uka/ilkd/key/proof/rules/floatRulesVerifyNormal.key 
2000       DEBUG main            d.u.i.k.p.i.KeYFile       Reading KeY file file:/home/runner/work/key/key/key.core/build/resources/main/de/uka/ilkd/key/proof/rules/floatRulesAssumeStrictfp.key 
2021       DEBUG main            d.u.i.k.p.i.KeYFile       Reading KeY file file:/home/runner/work/key/key/key.core/build/resources/main/de/uka/ilkd/key/proof/rules/genericRules.key 
2033       DEBUG main            d.u.i.k.p.i.KeYFile       Reading KeY file file:/home/runner/work/key/key/key.core/build/resources/main/de/uka/ilkd/key/proof/rules/booleanRules.key 
2036       DEBUG main            d.u.i.k.p.i.KeYFile       Reading KeY file file:/home/runner/work/key/key/key.core/build/resources/main/de/uka/ilkd/key/proof/rules/epsilon.key 
2039       DEBUG main            d.u.i.k.p.i.KeYFile       Reading KeY file file:/home/runner/work/key/key/key.core/build/resources/main/de/uka/ilkd/key/proof/rules/locSetsRules.key 
2081       DEBUG main            d.u.i.k.p.i.KeYFile       Reading KeY file file:/home/runner/work/key/key/key.core/build/resources/main/de/uka/ilkd/key/proof/rules/heapRules.key 
2124       DEBUG main            d.u.i.k.p.i.KeYFile       Reading KeY file file:/home/runner/work/key/key/key.core/build/resources/main/de/uka/ilkd/key/proof/rules/permissionRules.key 
2163       DEBUG main            d.u.i.k.p.i.KeYFile       Reading KeY file file:/home/runner/work/key/key/key.core/build/resources/main/de/uka/ilkd/key/proof/rules/reachRules.key 
2195       DEBUG main            d.u.i.k.p.i.KeYFile       Reading KeY file file:/home/runner/work/key/key/key.core/build/resources/main/de/uka/ilkd/key/proof/rules/seqCoreRules.key 
2199       DEBUG main            d.u.i.k.p.i.KeYFile       Reading KeY file file:/home/runner/work/key/key/key.core/build/resources/main/de/uka/ilkd/key/proof/rules/seqRules.key 
2235       DEBUG main            d.u.i.k.p.i.KeYFile       Reading KeY file file:/home/runner/work/key/key/key.core/build/resources/main/de/uka/ilkd/key/proof/rules/seqPerm.key 
2263       DEBUG main            d.u.i.k.p.i.KeYFile       Reading KeY file file:/home/runner/work/key/key/key.core/build/resources/main/de/uka/ilkd/key/proof/rules/seqPerm2.key 
2269       DEBUG main            d.u.i.k.p.i.KeYFile       Reading KeY file file:/home/runner/work/key/key/key.core/build/resources/main/de/uka/ilkd/key/proof/rules/javaRules.key 
2373       DEBUG main            d.u.i.k.p.i.KeYFile       Reading KeY file file:/home/runner/work/key/key/key.core/build/resources/main/de/uka/ilkd/key/proof/rules/assertions.key 
2882       DEBUG main            d.u.i.k.p.i.KeYFile       Reading KeY file file:/home/runner/work/key/key/key.core/build/resources/main/de/uka/ilkd/key/proof/rules/loopRules.key 
2891       DEBUG main            d.u.i.k.p.i.KeYFile       Reading KeY file file:/home/runner/work/key/key/key.core/build/resources/main/de/uka/ilkd/key/proof/rules/activeUse.key 
2946       DEBUG main            d.u.i.k.p.i.KeYFile       Reading KeY file file:/home/runner/work/key/key/key.core/build/resources/main/de/uka/ilkd/key/proof/rules/instanceAllocation.key 
2963       DEBUG main            d.u.i.k.p.i.KeYFile       Reading KeY file file:/home/runner/work/key/key/key.core/build/resources/main/de/uka/ilkd/key/proof/rules/java5.key 
2966       DEBUG main            d.u.i.k.p.i.KeYFile       Reading KeY file file:/home/runner/work/key/key/key.core/build/resources/main/de/uka/ilkd/key/proof/rules/integerAssignment2UpdateRules.key 
3007       DEBUG main            d.u.i.k.p.i.KeYFile       Reading KeY file file:/home/runner/work/key/key/key.core/build/resources/main/de/uka/ilkd/key/proof/rules/floatAssignment2UpdateRules.key 
3030       DEBUG main            d.u.i.k.p.i.KeYFile       Reading KeY file file:/home/runner/work/key/key/key.core/build/resources/main/de/uka/ilkd/key/proof/rules/bigint.key 
3042       DEBUG main            d.u.i.k.j.TypeConverter   No LDT found for JavaBigintExpression 
3053       DEBUG main            d.u.i.k.p.i.KeYFile       Reading KeY file file:/home/runner/work/key/key/key.core/build/resources/main/de/uka/ilkd/key/proof/rules/adtProgramDecompositionRules.key 
3071       DEBUG main            d.u.i.k.p.i.KeYFile       Reading KeY file file:/home/runner/work/key/key/key.core/build/resources/main/de/uka/ilkd/key/proof/rules/precRules.key 
3075       DEBUG main            d.u.i.k.p.i.KeYFile       Reading KeY file file:/home/runner/work/key/key/key.core/build/resources/main/de/uka/ilkd/key/proof/rules/charListRules.key 
3101       DEBUG main            d.u.i.k.p.i.KeYFile       Reading KeY file file:/home/runner/work/key/key/key.core/build/resources/main/de/uka/ilkd/key/proof/rules/regExTheory.key 
3106       DEBUG main            d.u.i.k.p.i.KeYFile       Reading KeY file file:/home/runner/work/key/key/key.core/build/resources/main/de/uka/ilkd/key/proof/rules/regExHeader.key 
3110       DEBUG main            d.u.i.k.p.i.KeYFile       Reading KeY file file:/home/runner/work/key/key/key.core/build/resources/main/de/uka/ilkd/key/proof/rules/regExAxioms.key 
3113       DEBUG main            d.u.i.k.p.i.KeYFile       Reading KeY file file:/home/runner/work/key/key/key.core/build/resources/main/de/uka/ilkd/key/proof/rules/regExLemmaProven.key 
3119       DEBUG main            d.u.i.k.p.i.KeYFile       Reading KeY file file:/home/runner/work/key/key/key.core/build/resources/main/de/uka/ilkd/key/proof/rules/seqEq.key 
3126       DEBUG main            d.u.i.k.p.i.KeYFile       Reading KeY file file:/home/runner/work/key/key/key.core/build/resources/main/de/uka/ilkd/key/proof/rules/infFlow.key 
3133       DEBUG main            d.u.i.k.p.i.KeYFile       Reading KeY file file:/home/runner/work/key/key/key.core/build/resources/main/de/uka/ilkd/key/proof/rules/mapSize.key 
3136       DEBUG main            d.u.i.k.p.i.KeYFile       Reading KeY file file:/home/runner/work/key/key/key.core/build/resources/main/de/uka/ilkd/key/proof/rules/wd.key 
3139       DEBUG main            d.u.i.k.p.i.KeYFile       Reading KeY file file:/home/runner/work/key/key/key.core/build/resources/main/de/uka/ilkd/key/proof/rules/wdHeader.key 
3142       DEBUG main            d.u.i.k.p.i.KeYFile       Reading KeY file file:/home/runner/work/key/key/key.core/build/resources/main/de/uka/ilkd/key/proof/rules/wdGeneralRules.key 
3156       DEBUG main            d.u.i.k.p.i.KeYFile       Reading KeY file file:/home/runner/work/key/key/key.core/build/resources/main/de/uka/ilkd/key/proof/rules/wdNumericalRules.key 
3225       DEBUG main            d.u.i.k.p.i.KeYFile       Reading KeY file file:/home/runner/work/key/key/key.core/build/resources/main/de/uka/ilkd/key/proof/rules/wdLocSetRules.key 
3238       DEBUG main            d.u.i.k.p.i.KeYFile       Reading KeY file file:/home/runner/work/key/key/key.core/build/resources/main/de/uka/ilkd/key/proof/rules/wdHeapRules.key 
3250       DEBUG main            d.u.i.k.p.i.KeYFile       Reading KeY file file:/home/runner/work/key/key/key.core/build/resources/main/de/uka/ilkd/key/proof/rules/wdReachRules.key 
3252       DEBUG main            d.u.i.k.p.i.KeYFile       Reading KeY file file:/home/runner/work/key/key/key.core/build/resources/main/de/uka/ilkd/key/proof/rules/wdSeqRules.key 
3255       DEBUG main            d.u.i.k.p.i.KeYFile       Reading KeY file file:/home/runner/work/key/key/key.core/build/resources/main/de/uka/ilkd/key/proof/rules/wdStringRules.key 
3263       DEBUG main            d.u.i.k.p.i.KeYFile       Reading KeY file file:/home/runner/work/key/key/key.core/build/resources/main/de/uka/ilkd/key/proof/rules/wdRegExRules.key 
3264       DEBUG main            d.u.i.k.p.i.KeYFile       Reading KeY file file:/home/runner/work/key/key/key.core/build/resources/main/de/uka/ilkd/key/proof/rules/wdFormulaRules.key 
3294       DEBUG main            d.u.i.k.p.i.KeYFile       Reading KeY file file:/home/runner/work/key/key/key.core/build/resources/main/de/uka/ilkd/key/proof/rules/loopInvariantRules.key 
3296       DEBUG main            d.u.i.k.p.i.KeYFile       Reading KeY file file:/home/runner/work/key/key/key.core/build/resources/main/de/uka/ilkd/key/proof/rules/forLoopRules.key 
3298       DEBUG main            d.u.i.k.p.i.KeYFile       Reading KeY file file:/home/runner/work/key/key/key.core/build/resources/main/de/uka/ilkd/key/proof/rules/execRules.key 
3398       DEBUG main            d.u.i.k.p.i.KeYFile       Reading KeY file file:/home/runner/work/key/key/key.core/build/resources/main/de/uka/ilkd/key/proof/rules/loopScopeRules.key 
6079       DEBUG main            d.u.i.k.j.r.ClassPreparationMethodBuilder clPrepBuilder: Inner Class detected. Reject building class initialisation methods. 
6191       DEBUG main            d.u.i.k.j.Recoder2KeY     converting now /home/runner/work/key/key/key.core/../key.ui/examples/InformationFlow/NewObjects/src/object/Naumann.java 
6199       DEBUG main            d.u.i.k.j.Recoder2KeY     converting now /home/runner/work/key/key/key.core/../key.ui/examples/InformationFlow/NewObjects/src/object/AmtoftBanerjee.java 
6215       DEBUG main            d.u.i.k.j.Recoder2KeY     converting now /home/runner/work/key/key/key.core/../key.ui/examples/InformationFlow/NewObjects/src/object/AmtoftBanerjee2.java 
6219       DEBUG main            d.u.i.k.j.Recoder2KeY     converting now /home/runner/work/key/key/key.core/../key.ui/examples/InformationFlow/NewObjects/src/object/ObjectOrientation.java 
6226       DEBUG main            d.u.i.k.j.Recoder2KeY     converting now /home/runner/work/key/key/key.core/../key.ui/examples/InformationFlow/NewObjects/src/object/AmtoftBanerjee3.java 
6264       DEBUG main            d.u.i.k.s.TermLabelSettings TermLabelSettings: Failure while reading the setting "UseOriginLabels".Using the default value: true.The string read was: null 
6278       DEBUG main            d.u.i.k.p.i.KeYFile       Reading KeY file file:/home/runner/work/key/key/key.core/build/resources/main/de/uka/ilkd/key/java/JavaRedux/java/lang/String.key 
8709       DEBUG main            d.u.i.k.p.i.KeYFile       Reading KeY file /home/runner/work/key/key/key.core/../key.ui/examples/InformationFlow/NewObjects/object.AmtoftBanerjee3(object.AmtoftBanerjee3__m()).JML operation contract.0.key 
8932       DEBUG Thread-1        d.u.i.k.j.TypeConverter   typeconverter: (prefix this;, class class de.uka.ilkd.key.java.reference.ThisReference) 
8983       DEBUG Thread-1        d.u.i.k.j.TypeConverter   typeconverter: (prefix this;, class class de.uka.ilkd.key.java.reference.ThisReference) 
9061       DEBUG Thread-1        d.u.i.k.j.TypeConverter   typeconverter: (prefix this;, class class de.uka.ilkd.key.java.reference.ThisReference) 
9148       INFO  main            d.u.i.k.p.r.p.TestFile    ... finished proof: closed. 
9287       DEBUG main            d.u.i.k.s.TermLabelSettings TermLabelSettings: Failure while reading the setting "UseOriginLabels".Using the default value: true.The string read was: null 
9287       INFO  main            d.u.i.k.p.r.p.TestFile    Now processing file /home/runner/work/key/key/key.core/../key.ui/examples/InformationFlow/NewObjects/object.AmtoftBanerjee(object.AmtoftBanerjee__m_2()).JML normal_behavior operation contract.0.key 
9288       DEBUG main            d.u.i.k.p.i.KeYFile       Reading KeY file /home/runner/work/key/key/key.core/../key.ui/examples/InformationFlow/NewObjects/object.AmtoftBanerjee(object.AmtoftBanerjee__m_2()).JML normal_behavior operation contract.0.key 
10212      DEBUG main            d.u.i.k.j.r.ClassPreparationMethodBuilder clPrepBuilder: Inner Class detected. Reject building class initialisation methods. 
10275      DEBUG main            d.u.i.k.j.Recoder2KeY     converting now /home/runner/work/key/key/key.core/../key.ui/examples/InformationFlow/NewObjects/src/object/Naumann.java 
10279      DEBUG main            d.u.i.k.j.Recoder2KeY     converting now /home/runner/work/key/key/key.core/../key.ui/examples/InformationFlow/NewObjects/src/object/AmtoftBanerjee.java 
10281      DEBUG main            d.u.i.k.j.Recoder2KeY     converting now /home/runner/work/key/key/key.core/../key.ui/examples/InformationFlow/NewObjects/src/object/AmtoftBanerjee2.java 
10283      DEBUG main            d.u.i.k.j.Recoder2KeY     converting now /home/runner/work/key/key/key.core/../key.ui/examples/InformationFlow/NewObjects/src/object/ObjectOrientation.java 
10286      DEBUG main            d.u.i.k.j.Recoder2KeY     converting now /home/runner/work/key/key/key.core/../key.ui/examples/InformationFlow/NewObjects/src/object/AmtoftBanerjee3.java 
10293      DEBUG main            d.u.i.k.s.TermLabelSettings TermLabelSettings: Failure while reading the setting "UseOriginLabels".Using the default value: true.The string read was: null 
10295      DEBUG main            d.u.i.k.p.i.KeYFile       Reading KeY file file:/home/runner/work/key/key/key.core/build/resources/main/de/uka/ilkd/key/java/JavaRedux/java/lang/String.key 
12268      DEBUG main            d.u.i.k.p.i.KeYFile       Reading KeY file /home/runner/work/key/key/key.core/../key.ui/examples/InformationFlow/NewObjects/object.AmtoftBanerjee(object.AmtoftBanerjee__m_2()).JML normal_behavior operation contract.0.key 
12296      DEBUG Thread-3        d.u.i.k.r.m.MethodCall    method-call: called for AmtoftBanerjee.<createObject>(); 
12297      DEBUG Thread-3        d.u.i.k.r.m.MethodCall    method-call: invocation of static method detected 
12304      DEBUG Thread-3        d.u.i.k.r.m.MethodCall    method-call: called for AmtoftBanerjee.<allocate>(); 
12305      DEBUG Thread-3        d.u.i.k.r.m.MethodCall    method-call: invocation of static method detected 
12325      DEBUG Thread-3        d.u.i.k.j.TypeConverter   typeconverter: (prefix this;, class class de.uka.ilkd.key.java.reference.ThisReference) 
12331      DEBUG Thread-3        d.u.i.k.r.m.MethodCall    method-call: called for <prepareEnter>(); 
12332      DEBUG Thread-3        d.u.i.k.r.m.MethodCall    method-call: invocation of private method detected.Requires static resolving. 
12336      DEBUG Thread-3        d.u.i.k.r.m.MethodCall    method-call: called for super.<prepare>(); 
12337      DEBUG Thread-3        d.u.i.k.r.m.MethodCall    method-call: super invocation of method detected.Requires static resolving. 
12344      DEBUG Thread-3        d.u.i.k.j.TypeConverter   typeconverter: (prefix this;, class class de.uka.ilkd.key.java.reference.ThisReference) 
12367      DEBUG Thread-3        d.u.i.k.r.m.MethodCall    method-call: called for super.<init>(); 
12367      DEBUG Thread-3        d.u.i.k.r.m.MethodCall    method-call: super invocation of method detected.Requires static resolving. 
12394      DEBUG Thread-3        d.u.i.k.r.m.MethodCall    method-call: called for AmtoftBanerjee.<createObject>(); 
12395      DEBUG Thread-3        d.u.i.k.r.m.MethodCall    method-call: invocation of static method detected 
12402      DEBUG Thread-3        d.u.i.k.r.m.MethodCall    method-call: called for AmtoftBanerjee.<allocate>(); 
12403      DEBUG Thread-3        d.u.i.k.r.m.MethodCall    method-call: invocation of static method detected 
12450      DEBUG Thread-3        d.u.i.k.j.TypeConverter   typeconverter: (prefix this;, class class de.uka.ilkd.key.java.reference.ThisReference) 
12456      DEBUG Thread-3        d.u.i.k.r.m.MethodCall    method-call: called for <prepareEnter>(); 
12457      DEBUG Thread-3        d.u.i.k.r.m.MethodCall    method-call: invocation of private method detected.Requires static resolving. 
12462      DEBUG Thread-3        d.u.i.k.r.m.MethodCall    method-call: called for super.<prepare>(); 
12462      DEBUG Thread-3        d.u.i.k.r.m.MethodCall    method-call: super invocation of method detected.Requires static resolving. 
12470      DEBUG Thread-3        d.u.i.k.j.TypeConverter   typeconverter: (prefix this;, class class de.uka.ilkd.key.java.reference.ThisReference) 
12496      DEBUG Thread-3        d.u.i.k.r.m.MethodCall    method-call: called for super.<init>(); 
12497      DEBUG Thread-3        d.u.i.k.r.m.MethodCall    method-call: super invocation of method detected.Requires static resolving. 
12516      DEBUG Thread-3        d.u.i.k.l.o.ProgramSV     taclet: Stopped list matching because of incompatible elements #selist (program SimpleExpression) secret; 
12532      DEBUG Thread-3        d.u.i.k.j.TypeConverter   TypeConverter: FieldReference: secret; 
12580      DEBUG Thread-3        d.u.i.k.r.m.MethodCall    method-call: called for var.setQ(var_1); 
12580      DEBUG Thread-3        d.u.i.k.r.m.MethodCall    method-call: invocation of non-private instance method detected.Requires dynamic resolving. 
12605      DEBUG Thread-3        d.u.i.k.j.TypeConverter   typeconverter: (prefix this;, class class de.uka.ilkd.key.java.reference.ThisReference) 
12725      DEBUG Thread-3        d.u.i.k.j.TypeConverter   TypeConverter: FieldReference: z; 
12773      INFO  main            d.u.i.k.p.r.p.TestFile    ... finished proof: closed. 
12916      DEBUG main            d.u.i.k.s.TermLabelSettings TermLabelSettings: Failure while reading the setting "UseOriginLabels".Using the default value: true.The string read was: null 
12917      INFO  main            d.u.i.k.p.r.p.TestFile    Now processing file /home/runner/work/key/key/key.core/../key.ui/examples/InformationFlow/NewObjects/object.AmtoftBanerjee(object.AmtoftBanerjee__m_1()).JML normal_behavior operation contract.1.key 
12917      DEBUG main            d.u.i.k.p.i.KeYFile       Reading KeY file /home/runner/work/key/key/key.core/../key.ui/examples/InformationFlow/NewObjects/object.AmtoftBanerjee(object.AmtoftBanerjee__m_1()).JML normal_behavior operation contract.1.key 
13813      DEBUG main            d.u.i.k.j.r.ClassPreparationMethodBuilder clPrepBuilder: Inner Class detected. Reject building class initialisation methods. 
13867      DEBUG main            d.u.i.k.j.Recoder2KeY     converting now /home/runner/work/key/key/key.core/../key.ui/examples/InformationFlow/NewObjects/src/object/Naumann.java 
13870      DEBUG main            d.u.i.k.j.Recoder2KeY     converting now /home/runner/work/key/key/key.core/../key.ui/examples/InformationFlow/NewObjects/src/object/AmtoftBanerjee.java 
13871      DEBUG main            d.u.i.k.j.Recoder2KeY     converting now /home/runner/work/key/key/key.core/../key.ui/examples/InformationFlow/NewObjects/src/object/AmtoftBanerjee2.java 
13873      DEBUG main            d.u.i.k.j.Recoder2KeY     converting now /home/runner/work/key/key/key.core/../key.ui/examples/InformationFlow/NewObjects/src/object/ObjectOrientation.java 
13875      DEBUG main            d.u.i.k.j.Recoder2KeY     converting now /home/runner/work/key/key/key.core/../key.ui/examples/InformationFlow/NewObjects/src/object/AmtoftBanerjee3.java 
13881      DEBUG main            d.u.i.k.s.TermLabelSettings TermLabelSettings: Failure while reading the setting "UseOriginLabels".Using the default value: true.The string read was: null 
13882      DEBUG main            d.u.i.k.p.i.KeYFile       Reading KeY file file:/home/runner/work/key/key/key.core/build/resources/main/de/uka/ilkd/key/java/JavaRedux/java/lang/String.key 
15817      DEBUG main            d.u.i.k.p.i.KeYFile       Reading KeY file /home/runner/work/key/key/key.core/../key.ui/examples/InformationFlow/NewObjects/object.AmtoftBanerjee(object.AmtoftBanerjee__m_1()).JML normal_behavior operation contract.1.key 
15832      DEBUG Thread-5        d.u.i.k.r.m.MethodCall    method-call: called for AmtoftBanerjee.<createObject>(); 
15832      DEBUG Thread-5        d.u.i.k.r.m.MethodCall    method-call: invocation of static method detected 
15838      DEBUG Thread-5        d.u.i.k.r.m.MethodCall    method-call: called for AmtoftBanerjee.<allocate>(); 
15838      DEBUG Thread-5        d.u.i.k.r.m.MethodCall    method-call: invocation of static method detected 
15852      DEBUG Thread-5        d.u.i.k.j.TypeConverter   typeconverter: (prefix this;, class class de.uka.ilkd.key.java.reference.ThisReference) 
15856      DEBUG Thread-5        d.u.i.k.r.m.MethodCall    method-call: called for <prepareEnter>(); 
15857      DEBUG Thread-5        d.u.i.k.r.m.MethodCall    method-call: invocation of private method detected.Requires static resolving. 
15860      DEBUG Thread-5        d.u.i.k.r.m.MethodCall    method-call: called for super.<prepare>(); 
15860      DEBUG Thread-5        d.u.i.k.r.m.MethodCall    method-call: super invocation of method detected.Requires static resolving. 
15866      DEBUG Thread-5        d.u.i.k.j.TypeConverter   typeconverter: (prefix this;, class class de.uka.ilkd.key.java.reference.ThisReference) 
15883      DEBUG Thread-5        d.u.i.k.r.m.MethodCall    method-call: called for super.<init>(); 
15883      DEBUG Thread-5        d.u.i.k.r.m.MethodCall    method-call: super invocation of method detected.Requires static resolving. 
15900      DEBUG Thread-5        d.u.i.k.l.o.ProgramSV     taclet: Stopped list matching because of incompatible elements #selist (program SimpleExpression) secret; 
15910      DEBUG Thread-5        d.u.i.k.j.TypeConverter   TypeConverter: FieldReference: secret; 
15925      DEBUG Thread-5        d.u.i.k.r.m.MethodCall    method-call: called for var.setQ(var_1); 
15925      DEBUG Thread-5        d.u.i.k.r.m.MethodCall    method-call: invocation of non-private instance method detected.Requires dynamic resolving. 
15937      DEBUG Thread-5        d.u.i.k.j.TypeConverter   typeconverter: (prefix this;, class class de.uka.ilkd.key.java.reference.ThisReference) 
16021      DEBUG Thread-5        d.u.i.k.j.TypeConverter   TypeConverter: FieldReference: z; 
16120      INFO  main            d.u.i.k.p.r.p.TestFile    ... finished proof: closed. 
16241      DEBUG main            d.u.i.k.s.TermLabelSettings TermLabelSettings: Failure while reading the setting "UseOriginLabels".Using the default value: true.The string read was: null 
16241      INFO  main            d.u.i.k.p.r.p.TestFile    Now processing file /home/runner/work/key/key/key.core/../key.ui/examples/InformationFlow/NewObjects/object.AmtoftBanerjee(object.AmtoftBanerjee__m_1()).JML normal_behavior operation contract.0.key 
16243      DEBUG main            d.u.i.k.p.i.KeYFile       Reading KeY file /home/runner/work/key/key/key.core/../key.ui/examples/InformationFlow/NewObjects/object.AmtoftBanerjee(object.AmtoftBanerjee__m_1()).JML normal_behavior operation contract.0.key 
17154      DEBUG main            d.u.i.k.j.r.ClassPreparationMethodBuilder clPrepBuilder: Inner Class detected. Reject building class initialisation methods. 
17209      DEBUG main            d.u.i.k.j.Recoder2KeY     converting now /home/runner/work/key/key/key.core/../key.ui/examples/InformationFlow/NewObjects/src/object/Naumann.java 
17212      DEBUG main            d.u.i.k.j.Recoder2KeY     converting now /home/runner/work/key/key/key.core/../key.ui/examples/InformationFlow/NewObjects/src/object/AmtoftBanerjee.java 
17213      DEBUG main            d.u.i.k.j.Recoder2KeY     converting now /home/runner/work/key/key/key.core/../key.ui/examples/InformationFlow/NewObjects/src/object/AmtoftBanerjee2.java 
17214      DEBUG main            d.u.i.k.j.Recoder2KeY     converting now /home/runner/work/key/key/key.core/../key.ui/examples/InformationFlow/NewObjects/src/object/ObjectOrientation.java 
17216      DEBUG main            d.u.i.k.j.Recoder2KeY     converting now /home/runner/work/key/key/key.core/../key.ui/examples/InformationFlow/NewObjects/src/object/AmtoftBanerjee3.java 
17222      DEBUG main            d.u.i.k.s.TermLabelSettings TermLabelSettings: Failure while reading the setting "UseOriginLabels".Using the default value: true.The string read was: null 
17224      DEBUG main            d.u.i.k.p.i.KeYFile       Reading KeY file file:/home/runner/work/key/key/key.core/build/resources/main/de/uka/ilkd/key/java/JavaRedux/java/lang/String.key 
19098      DEBUG main            d.u.i.k.p.i.KeYFile       Reading KeY file /home/runner/work/key/key/key.core/../key.ui/examples/InformationFlow/NewObjects/object.AmtoftBanerjee(object.AmtoftBanerjee__m_1()).JML normal_behavior operation contract.0.key 
19112      DEBUG Thread-7        d.u.i.k.r.m.MethodCall    method-call: called for AmtoftBanerjee.<createObject>(); 
19113      DEBUG Thread-7        d.u.i.k.r.m.MethodCall    method-call: invocation of static method detected 
19117      DEBUG Thread-7        d.u.i.k.r.m.MethodCall    method-call: called for AmtoftBanerjee.<allocate>(); 
19118      DEBUG Thread-7        d.u.i.k.r.m.MethodCall    method-call: invocation of static method detected 
19131      DEBUG Thread-7        d.u.i.k.j.TypeConverter   typeconverter: (prefix this;, class class de.uka.ilkd.key.java.reference.ThisReference) 
19135      DEBUG Thread-7        d.u.i.k.r.m.MethodCall    method-call: called for <prepareEnter>(); 
19135      DEBUG Thread-7        d.u.i.k.r.m.MethodCall    method-call: invocation of private method detected.Requires static resolving. 
19138      DEBUG Thread-7        d.u.i.k.r.m.MethodCall    method-call: called for super.<prepare>(); 
19138      DEBUG Thread-7        d.u.i.k.r.m.MethodCall    method-call: super invocation of method detected.Requires static resolving. 
19143      DEBUG Thread-7        d.u.i.k.j.TypeConverter   typeconverter: (prefix this;, class class de.uka.ilkd.key.java.reference.ThisReference) 
19159      DEBUG Thread-7        d.u.i.k.r.m.MethodCall    method-call: called for super.<init>(); 
19159      DEBUG Thread-7        d.u.i.k.r.m.MethodCall    method-call: super invocation of method detected.Requires static resolving. 
19174      DEBUG Thread-7        d.u.i.k.l.o.ProgramSV     taclet: Stopped list matching because of incompatible elements #selist (program SimpleExpression) secret; 
19184      DEBUG Thread-7        d.u.i.k.j.TypeConverter   TypeConverter: FieldReference: secret; 
19199      DEBUG Thread-7        d.u.i.k.r.m.MethodCall    method-call: called for var.setQ(var_1); 
19199      DEBUG Thread-7        d.u.i.k.r.m.MethodCall    method-call: invocation of non-private instance method detected.Requires dynamic resolving. 
19210      DEBUG Thread-7        d.u.i.k.j.TypeConverter   typeconverter: (prefix this;, class class de.uka.ilkd.key.java.reference.ThisReference) 
19256      DEBUG Thread-7        d.u.i.k.j.TypeConverter   TypeConverter: FieldReference: z; 
19301      INFO  main            d.u.i.k.p.r.p.TestFile    ... finished proof: closed. 
19443      DEBUG main            d.u.i.k.s.TermLabelSettings TermLabelSettings: Failure while reading the setting "UseOriginLabels".Using the default value: true.The string read was: null 
19443      INFO  main            d.u.i.k.p.r.p.TestFile    Now processing file /home/runner/work/key/key/key.core/../key.ui/examples/InformationFlow/NewObjects/object.AmtoftBanerjee(object.AmtoftBanerjee__getQ()).JML normal_behavior operation contract.0.key 
19444      DEBUG main            d.u.i.k.p.i.KeYFile       Reading KeY file /home/runner/work/key/key/key.core/../key.ui/examples/InformationFlow/NewObjects/object.AmtoftBanerjee(object.AmtoftBanerjee__getQ()).JML normal_behavior operation contract.0.key 
20272      DEBUG main            d.u.i.k.j.r.ClassPreparationMethodBuilder clPrepBuilder: Inner Class detected. Reject building class initialisation methods. 
20322      DEBUG main            d.u.i.k.j.Recoder2KeY     converting now /home/runner/work/key/key/key.core/../key.ui/examples/InformationFlow/NewObjects/src/object/Naumann.java 
20324      DEBUG main            d.u.i.k.j.Recoder2KeY     converting now /home/runner/work/key/key/key.core/../key.ui/examples/InformationFlow/NewObjects/src/object/AmtoftBanerjee.java 
20325      DEBUG main            d.u.i.k.j.Recoder2KeY     converting now /home/runner/work/key/key/key.core/../key.ui/examples/InformationFlow/NewObjects/src/object/AmtoftBanerjee2.java 
20326      DEBUG main            d.u.i.k.j.Recoder2KeY     converting now /home/runner/work/key/key/key.core/../key.ui/examples/InformationFlow/NewObjects/src/object/ObjectOrientation.java 
20328      DEBUG main            d.u.i.k.j.Recoder2KeY     converting now /home/runner/work/key/key/key.core/../key.ui/examples/InformationFlow/NewObjects/src/object/AmtoftBanerjee3.java 
20333      DEBUG main            d.u.i.k.s.TermLabelSettings TermLabelSettings: Failure while reading the setting "UseOriginLabels".Using the default value: true.The string read was: null 
20334      DEBUG main            d.u.i.k.p.i.KeYFile       Reading KeY file file:/home/runner/work/key/key/key.core/build/resources/main/de/uka/ilkd/key/java/JavaRedux/java/lang/String.key 
22188      DEBUG main            d.u.i.k.p.i.KeYFile       Reading KeY file /home/runner/work/key/key/key.core/../key.ui/examples/InformationFlow/NewObjects/object.AmtoftBanerjee(object.AmtoftBanerjee__getQ()).JML normal_behavior operation contract.0.key 
22206      DEBUG Thread-9        d.u.i.k.j.TypeConverter   typeconverter: (prefix this;, class class de.uka.ilkd.key.java.reference.ThisReference) 
22290      INFO  main            d.u.i.k.p.r.p.TestFile    ... finished proof: closed. 
22438      DEBUG main            d.u.i.k.s.TermLabelSettings TermLabelSettings: Failure while reading the setting "UseOriginLabels".Using the default value: true.The string read was: null 
22438      INFO  main            d.u.i.k.p.r.p.TestFile    Now processing file /home/runner/work/key/key/key.core/../key.ui/examples/InformationFlow/NewObjects/object.Naumann(object.Naumann__Pair_m(int,int)).JML operation contract.0.key 
22439      DEBUG main            d.u.i.k.p.i.KeYFile       Reading KeY file /home/runner/work/key/key/key.core/../key.ui/examples/InformationFlow/NewObjects/object.Naumann(object.Naumann__Pair_m(int,int)).JML operation contract.0.key 
23282      DEBUG main            d.u.i.k.j.r.ClassPreparationMethodBuilder clPrepBuilder: Inner Class detected. Reject building class initialisation methods. 
23331      DEBUG main            d.u.i.k.j.Recoder2KeY     converting now /home/runner/work/key/key/key.core/../key.ui/examples/InformationFlow/NewObjects/src/object/Naumann.java 
23332      DEBUG main            d.u.i.k.j.Recoder2KeY     converting now /home/runner/work/key/key/key.core/../key.ui/examples/InformationFlow/NewObjects/src/object/AmtoftBanerjee.java 
23333      DEBUG main            d.u.i.k.j.Recoder2KeY     converting now /home/runner/work/key/key/key.core/../key.ui/examples/InformationFlow/NewObjects/src/object/AmtoftBanerjee2.java 
23334      DEBUG main            d.u.i.k.j.Recoder2KeY     converting now /home/runner/work/key/key/key.core/../key.ui/examples/InformationFlow/NewObjects/src/object/ObjectOrientation.java 
23335      DEBUG main            d.u.i.k.j.Recoder2KeY     converting now /home/runner/work/key/key/key.core/../key.ui/examples/InformationFlow/NewObjects/src/object/AmtoftBanerjee3.java 
23340      DEBUG main            d.u.i.k.s.TermLabelSettings TermLabelSettings: Failure while reading the setting "UseOriginLabels".Using the default value: true.The string read was: null 
23341      DEBUG main            d.u.i.k.p.i.KeYFile       Reading KeY file file:/home/runner/work/key/key/key.core/build/resources/main/de/uka/ilkd/key/java/JavaRedux/java/lang/String.key 
25234      DEBUG main            d.u.i.k.p.i.KeYFile       Reading KeY file /home/runner/work/key/key/key.core/../key.ui/examples/InformationFlow/NewObjects/object.Naumann(object.Naumann__Pair_m(int,int)).JML operation contract.0.key 
25341      DEBUG Thread-11       d.u.i.k.r.m.WhileLoopTransformation While-Loop-Tranform-Result: try {
  {
    if (i < 10) {
      this.m_result[i] = new Node();
      this.m_result[i].val = _x;
      i++;
    }
  }
} catch (java.lang.Throwable e#5) {
  exc#4 = true;
  thrownExc#6 = e#5;
} 
25656      DEBUG Thread-11       d.u.i.k.j.TypeConverter   typeconverter: (prefix this;, class class de.uka.ilkd.key.java.reference.ThisReference) 
25717      DEBUG Thread-11       d.u.i.k.r.m.MethodCall    method-call: called for Node.<createObject>(); 
25717      DEBUG Thread-11       d.u.i.k.r.m.MethodCall    method-call: invocation of static method detected 
25733      DEBUG Thread-11       d.u.i.k.r.m.MethodCall    method-call: called for Node.<allocate>(); 
25734      DEBUG Thread-11       d.u.i.k.r.m.MethodCall    method-call: invocation of static method detected 
25791      DEBUG Thread-11       d.u.i.k.j.TypeConverter   typeconverter: (prefix this;, class class de.uka.ilkd.key.java.reference.ThisReference) 
25802      DEBUG Thread-11       d.u.i.k.r.m.MethodCall    method-call: called for <prepareEnter>(); 
25803      DEBUG Thread-11       d.u.i.k.r.m.MethodCall    method-call: invocation of private method detected.Requires static resolving. 
25813      DEBUG Thread-11       d.u.i.k.r.m.MethodCall    method-call: called for super.<prepare>(); 
25813      DEBUG Thread-11       d.u.i.k.r.m.MethodCall    method-call: super invocation of method detected.Requires static resolving. 
25825      DEBUG Thread-11       d.u.i.k.j.TypeConverter   typeconverter: (prefix this;, class class de.uka.ilkd.key.java.reference.ThisReference) 
25878      DEBUG Thread-11       d.u.i.k.j.TypeConverter   typeconverter: (prefix this;, class class de.uka.ilkd.key.java.reference.ThisReference) 
25888      DEBUG Thread-11       d.u.i.k.r.m.MethodCall    method-call: called for super.<init>(); 
25888      DEBUG Thread-11       d.u.i.k.r.m.MethodCall    method-call: super invocation of method detected.Requires static resolving. 
25962      DEBUG Thread-11       d.u.i.k.j.TypeConverter   typeconverter: (prefix this;, class class de.uka.ilkd.key.java.reference.ThisReference) 
26577      DEBUG Thread-11       d.u.i.k.r.m.MethodCall    method-call: called for object.Naumann.Node[].<createArray>(dim0); 
26578      DEBUG Thread-11       d.u.i.k.r.m.MethodCall    method-call: invocation of static method detected 
26588      DEBUG Thread-11       d.u.i.k.r.m.MethodCall    method-call: called for object.Naumann.Node[].<allocate>(length_1); 
26588      DEBUG Thread-11       d.u.i.k.r.m.MethodCall    method-call: invocation of static method detected 
26611      DEBUG Thread-11       d.u.i.k.r.m.MethodCall    method-call: called for newObject.<createArrayHelper>(); 
26611      DEBUG Thread-11       d.u.i.k.r.m.MethodCall    method-call: invocation of private method detected.Requires static resolving. 
26618      DEBUG Thread-11       d.u.i.k.j.TypeConverter   typeconverter: (prefix this;, class class de.uka.ilkd.key.java.reference.ThisReference) 
26622      DEBUG Thread-11       d.u.i.k.r.m.MethodCall    method-call: called for <prepare>(); 
26622      DEBUG Thread-11       d.u.i.k.r.m.MethodCall    method-call: invocation of private method detected.Requires static resolving. 
26639      DEBUG Thread-11       d.u.i.k.j.TypeConverter   typeconverter: (prefix this;, class class de.uka.ilkd.key.java.reference.ThisReference) 
26662      DEBUG Thread-11       d.u.i.k.j.TypeConverter   typeconverter: (prefix this;, class class de.uka.ilkd.key.java.reference.ThisReference) 
26741      INFO  main            d.u.i.k.p.r.p.TestFile    ... finished proof: closed. 
26939      DEBUG main            d.u.i.k.s.TermLabelSettings TermLabelSettings: Failure while reading the setting "UseOriginLabels".Using the default value: true.The string read was: null 
26939      INFO  main            d.u.i.k.p.r.p.TestFile    Now processing file /home/runner/work/key/key/key.core/../key.ui/examples/InformationFlow/NewObjects/object.ObjectOrientation(object.ObjectOrientation__secure_while_i((Ljava.lang.Object)).JML operation contract.0.key 
26939      DEBUG main            d.u.i.k.p.i.KeYFile       Reading KeY file /home/runner/work/key/key/key.core/../key.ui/examples/InformationFlow/NewObjects/object.ObjectOrientation(object.ObjectOrientation__secure_while_i((Ljava.lang.Object)).JML operation contract.0.key 
27744      DEBUG main            d.u.i.k.j.r.ClassPreparationMethodBuilder clPrepBuilder: Inner Class detected. Reject building class initialisation methods. 
27792      DEBUG main            d.u.i.k.j.Recoder2KeY     converting now /home/runner/work/key/key/key.core/../key.ui/examples/InformationFlow/NewObjects/src/object/Naumann.java 
27794      DEBUG main            d.u.i.k.j.Recoder2KeY     converting now /home/runner/work/key/key/key.core/../key.ui/examples/InformationFlow/NewObjects/src/object/AmtoftBanerjee.java 
27803      DEBUG main            d.u.i.k.j.Recoder2KeY     converting now /home/runner/work/key/key/key.core/../key.ui/examples/InformationFlow/NewObjects/src/object/AmtoftBanerjee2.java 
27804      DEBUG main            d.u.i.k.j.Recoder2KeY     converting now /home/runner/work/key/key/key.core/../key.ui/examples/InformationFlow/NewObjects/src/object/ObjectOrientation.java 
27806      DEBUG main            d.u.i.k.j.Recoder2KeY     converting now /home/runner/work/key/key/key.core/../key.ui/examples/InformationFlow/NewObjects/src/object/AmtoftBanerjee3.java 
27817      DEBUG main            d.u.i.k.s.TermLabelSettings TermLabelSettings: Failure while reading the setting "UseOriginLabels".Using the default value: true.The string read was: null 
27818      DEBUG main            d.u.i.k.p.i.KeYFile       Reading KeY file file:/home/runner/work/key/key/key.core/build/resources/main/de/uka/ilkd/key/java/JavaRedux/java/lang/String.key 
29688      DEBUG main            d.u.i.k.p.i.KeYFile       Reading KeY file /home/runner/work/key/key/key.core/../key.ui/examples/InformationFlow/NewObjects/object.ObjectOrientation(object.ObjectOrientation__secure_while_i((Ljava.lang.Object)).JML operation contract.0.key 
29745      DEBUG Thread-13       d.u.i.k.r.m.WhileLoopTransformation While-Loop-Tranform-Result: {
  int i = 0;
  while (i < _a.length) {
    {
      _a[i] = new Object();
    }
    i++;
  }
} 
29755      DEBUG Thread-13       d.u.i.k.r.m.WhileLoopTransformation While-Loop-Tranform-Result: try {
  {
    if (i < _a.length) {
      {
        _a[i] = new Object();
      }
      i++;
    }
  }
} catch (java.lang.Throwable e#4) {
  exc#3 = true;
  thrownExc#5 = e#4;
} 
30293      INFO  main            d.u.i.k.p.r.p.TestFile    ... finished proof: closed. 
30493      DEBUG main            d.u.i.k.s.TermLabelSettings TermLabelSettings: Failure while reading the setting "UseOriginLabels".Using the default value: true.The string read was: null 
30493      INFO  main            d.u.i.k.p.r.p.TestFile    Now processing file /home/runner/work/key/key/key.core/../key.ui/examples/InformationFlow/NewObjects/object.ObjectOrientation(object.ObjectOrientation__secure_method_call()).JML operation contract.0.key 
30493      DEBUG main            d.u.i.k.p.i.KeYFile       Reading KeY file /home/runner/work/key/key/key.core/../key.ui/examples/InformationFlow/NewObjects/object.ObjectOrientation(object.ObjectOrientation__secure_method_call()).JML operation contract.0.key 
31295      DEBUG main            d.u.i.k.j.r.ClassPreparationMethodBuilder clPrepBuilder: Inner Class detected. Reject building class initialisation methods. 
31343      DEBUG main            d.u.i.k.j.Recoder2KeY     converting now /home/runner/work/key/key/key.core/../key.ui/examples/InformationFlow/NewObjects/src/object/Naumann.java 
31345      DEBUG main            d.u.i.k.j.Recoder2KeY     converting now /home/runner/work/key/key/key.core/../key.ui/examples/InformationFlow/NewObjects/src/object/AmtoftBanerjee.java 
31346      DEBUG main            d.u.i.k.j.Recoder2KeY     converting now /home/runner/work/key/key/key.core/../key.ui/examples/InformationFlow/NewObjects/src/object/AmtoftBanerjee2.java 
31347      DEBUG main            d.u.i.k.j.Recoder2KeY     converting now /home/runner/work/key/key/key.core/../key.ui/examples/InformationFlow/NewObjects/src/object/ObjectOrientation.java 
31348      DEBUG main            d.u.i.k.j.Recoder2KeY     converting now /home/runner/work/key/key/key.core/../key.ui/examples/InformationFlow/NewObjects/src/object/AmtoftBanerjee3.java 
31353      DEBUG main            d.u.i.k.s.TermLabelSettings TermLabelSettings: Failure while reading the setting "UseOriginLabels".Using the default value: true.The string read was: null 
31354      DEBUG main            d.u.i.k.p.i.KeYFile       Reading KeY file file:/home/runner/work/key/key/key.core/build/resources/main/de/uka/ilkd/key/java/JavaRedux/java/lang/String.key 
33156      DEBUG main            d.u.i.k.p.i.KeYFile       Reading KeY file /home/runner/work/key/key/key.core/../key.ui/examples/InformationFlow/NewObjects/object.ObjectOrientation(object.ObjectOrientation__secure_method_call()).JML operation contract.0.key 
33193      DEBUG Thread-15       d.u.i.k.j.TypeConverter   TypeConverter: FieldReference: o1; 
33202      DEBUG Thread-15       d.u.i.k.j.TypeConverter   TypeConverter: FieldReference: o2; 
33262      INFO  main            d.u.i.k.p.r.p.TestFile    ... finished proof: closed. 
33403      DEBUG main            d.u.i.k.s.TermLabelSettings TermLabelSettings: Failure while reading the setting "UseOriginLabels".Using the default value: true.The string read was: null 
33404      INFO  main            d.u.i.k.p.r.p.TestFile    Now processing file /home/runner/work/key/key/key.core/../key.ui/examples/InformationFlow/NewObjects/object.ObjectOrientation(object.ObjectOrientation__if_two_object_creation_next()).JML operation contract.1.key 
33404      DEBUG main            d.u.i.k.p.i.KeYFile       Reading KeY file /home/runner/work/key/key/key.core/../key.ui/examples/InformationFlow/NewObjects/object.ObjectOrientation(object.ObjectOrientation__if_two_object_creation_next()).JML operation contract.1.key 
34199      DEBUG main            d.u.i.k.j.r.ClassPreparationMethodBuilder clPrepBuilder: Inner Class detected. Reject building class initialisation methods. 
34247      DEBUG main            d.u.i.k.j.Recoder2KeY     converting now /home/runner/work/key/key/key.core/../key.ui/examples/InformationFlow/NewObjects/src/object/Naumann.java 
34249      DEBUG main            d.u.i.k.j.Recoder2KeY     converting now /home/runner/work/key/key/key.core/../key.ui/examples/InformationFlow/NewObjects/src/object/AmtoftBanerjee.java 
34250      DEBUG main            d.u.i.k.j.Recoder2KeY     converting now /home/runner/work/key/key/key.core/../key.ui/examples/InformationFlow/NewObjects/src/object/AmtoftBanerjee2.java 
34250      DEBUG main            d.u.i.k.j.Recoder2KeY     converting now /home/runner/work/key/key/key.core/../key.ui/examples/InformationFlow/NewObjects/src/object/ObjectOrientation.java 
34251      DEBUG main            d.u.i.k.j.Recoder2KeY     converting now /home/runner/work/key/key/key.core/../key.ui/examples/InformationFlow/NewObjects/src/object/AmtoftBanerjee3.java 
34256      DEBUG main            d.u.i.k.s.TermLabelSettings TermLabelSettings: Failure while reading the setting "UseOriginLabels".Using the default value: true.The string read was: null 
34257      DEBUG main            d.u.i.k.p.i.KeYFile       Reading KeY file file:/home/runner/work/key/key/key.core/build/resources/main/de/uka/ilkd/key/java/JavaRedux/java/lang/String.key 
36089      DEBUG main            d.u.i.k.p.i.KeYFile       Reading KeY file /home/runner/work/key/key/key.core/../key.ui/examples/InformationFlow/NewObjects/object.ObjectOrientation(object.ObjectOrientation__if_two_object_creation_next()).JML operation contract.1.key 
36109      DEBUG Thread-17       d.u.i.k.j.TypeConverter   TypeConverter: FieldReference: high; 
36136      DEBUG Thread-17       d.u.i.k.r.m.MethodCall    method-call: called for ObjectOrientation.<createObject>(); 
36136      DEBUG Thread-17       d.u.i.k.r.m.MethodCall    method-call: invocation of static method detected 
36142      DEBUG Thread-17       d.u.i.k.r.m.MethodCall    method-call: called for ObjectOrientation.<allocate>(); 
36143      DEBUG Thread-17       d.u.i.k.r.m.MethodCall    method-call: invocation of static method detected 
36157      DEBUG Thread-17       d.u.i.k.j.TypeConverter   typeconverter: (prefix this;, class class de.uka.ilkd.key.java.reference.ThisReference) 
36162      DEBUG Thread-17       d.u.i.k.r.m.MethodCall    method-call: called for <prepareEnter>(); 
36162      DEBUG Thread-17       d.u.i.k.r.m.MethodCall    method-call: invocation of private method detected.Requires static resolving. 
36167      DEBUG Thread-17       d.u.i.k.r.m.MethodCall    method-call: called for super.<prepare>(); 
36168      DEBUG Thread-17       d.u.i.k.r.m.MethodCall    method-call: super invocation of method detected.Requires static resolving. 
36174      DEBUG Thread-17       d.u.i.k.j.TypeConverter   typeconverter: (prefix this;, class class de.uka.ilkd.key.java.reference.ThisReference) 
36179      DEBUG Thread-17       d.u.i.k.j.TypeConverter   typeconverter: (prefix this;, class class de.uka.ilkd.key.java.reference.ThisReference) 
36208      DEBUG Thread-17       d.u.i.k.r.m.MethodCall    method-call: called for super.<init>(); 
36209      DEBUG Thread-17       d.u.i.k.r.m.MethodCall    method-call: super invocation of method detected.Requires static resolving. 
36216      DEBUG Thread-17       d.u.i.k.j.TypeConverter   typeconverter: (prefix this;, class class de.uka.ilkd.key.java.reference.ThisReference) 
36231      DEBUG Thread-17       d.u.i.k.j.TypeConverter   TypeConverter: FieldReference: o1; 
36244      DEBUG Thread-17       d.u.i.k.r.m.MethodCall    method-call: called for ObjectOrientation.<createObject>(); 
36244      DEBUG Thread-17       d.u.i.k.r.m.MethodCall    method-call: invocation of static method detected 
36251      DEBUG Thread-17       d.u.i.k.r.m.MethodCall    method-call: called for ObjectOrientation.<allocate>(); 
36252      DEBUG Thread-17       d.u.i.k.r.m.MethodCall    method-call: invocation of static method detected 
36342      DEBUG Thread-17       d.u.i.k.j.TypeConverter   typeconverter: (prefix this;, class class de.uka.ilkd.key.java.reference.ThisReference) 
36348      DEBUG Thread-17       d.u.i.k.r.m.MethodCall    method-call: called for <prepareEnter>(); 
36348      DEBUG Thread-17       d.u.i.k.r.m.MethodCall    method-call: invocation of private method detected.Requires static resolving. 
36354      DEBUG Thread-17       d.u.i.k.r.m.MethodCall    method-call: called for super.<prepare>(); 
36354      DEBUG Thread-17       d.u.i.k.r.m.MethodCall    method-call: super invocation of method detected.Requires static resolving. 
36362      DEBUG Thread-17       d.u.i.k.j.TypeConverter   typeconverter: (prefix this;, class class de.uka.ilkd.key.java.reference.ThisReference) 
36368      DEBUG Thread-17       d.u.i.k.j.TypeConverter   typeconverter: (prefix this;, class class de.uka.ilkd.key.java.reference.ThisReference) 
36400      DEBUG Thread-17       d.u.i.k.r.m.MethodCall    method-call: called for super.<init>(); 
36400      DEBUG Thread-17       d.u.i.k.r.m.MethodCall    method-call: super invocation of method detected.Requires static resolving. 
36408      DEBUG Thread-17       d.u.i.k.j.TypeConverter   typeconverter: (prefix this;, class class de.uka.ilkd.key.java.reference.ThisReference) 
36426      DEBUG Thread-17       d.u.i.k.j.TypeConverter   TypeConverter: FieldReference: o0; 
36435      DEBUG Thread-17       d.u.i.k.j.TypeConverter   TypeConverter: FieldReference: o1; 
36470      DEBUG Thread-17       d.u.i.k.j.TypeConverter   TypeConverter: FieldReference: o0; 
36649      DEBUG Thread-17       d.u.i.k.r.m.MethodCall    method-call: called for ObjectOrientation.<createObject>(); 
36649      DEBUG Thread-17       d.u.i.k.r.m.MethodCall    method-call: invocation of static method detected 
36655      DEBUG Thread-17       d.u.i.k.r.m.MethodCall    method-call: called for ObjectOrientation.<allocate>(); 
36655      DEBUG Thread-17       d.u.i.k.r.m.MethodCall    method-call: invocation of static method detected 
36671      DEBUG Thread-17       d.u.i.k.j.TypeConverter   typeconverter: (prefix this;, class class de.uka.ilkd.key.java.reference.ThisReference) 
36677      DEBUG Thread-17       d.u.i.k.r.m.MethodCall    method-call: called for <prepareEnter>(); 
36677      DEBUG Thread-17       d.u.i.k.r.m.MethodCall    method-call: invocation of private method detected.Requires static resolving. 
36682      DEBUG Thread-17       d.u.i.k.r.m.MethodCall    method-call: called for super.<prepare>(); 
36682      DEBUG Thread-17       d.u.i.k.r.m.MethodCall    method-call: super invocation of method detected.Requires static resolving. 
36688      DEBUG Thread-17       d.u.i.k.j.TypeConverter   typeconverter: (prefix this;, class class de.uka.ilkd.key.java.reference.ThisReference) 
36693      DEBUG Thread-17       d.u.i.k.j.TypeConverter   typeconverter: (prefix this;, class class de.uka.ilkd.key.java.reference.ThisReference) 
36721      DEBUG Thread-17       d.u.i.k.r.m.MethodCall    method-call: called for super.<init>(); 
36721      DEBUG Thread-17       d.u.i.k.r.m.MethodCall    method-call: super invocation of method detected.Requires static resolving. 
36727      DEBUG Thread-17       d.u.i.k.j.TypeConverter   typeconverter: (prefix this;, class class de.uka.ilkd.key.java.reference.ThisReference) 
36743      DEBUG Thread-17       d.u.i.k.j.TypeConverter   TypeConverter: FieldReference: o0; 
36755      DEBUG Thread-17       d.u.i.k.r.m.MethodCall    method-call: called for ObjectOrientation.<createObject>(); 
36755      DEBUG Thread-17       d.u.i.k.r.m.MethodCall    method-call: invocation of static method detected 
36763      DEBUG Thread-17       d.u.i.k.r.m.MethodCall    method-call: called for ObjectOrientation.<allocate>(); 
36763      DEBUG Thread-17       d.u.i.k.r.m.MethodCall    method-call: invocation of static method detected 
36820      DEBUG Thread-17       d.u.i.k.j.TypeConverter   typeconverter: (prefix this;, class class de.uka.ilkd.key.java.reference.ThisReference) 
36826      DEBUG Thread-17       d.u.i.k.r.m.MethodCall    method-call: called for <prepareEnter>(); 
36826      DEBUG Thread-17       d.u.i.k.r.m.MethodCall    method-call: invocation of private method detected.Requires static resolving. 
36831      DEBUG Thread-17       d.u.i.k.r.m.MethodCall    method-call: called for super.<prepare>(); 
36831      DEBUG Thread-17       d.u.i.k.r.m.MethodCall    method-call: super invocation of method detected.Requires static resolving. 
36839      DEBUG Thread-17       d.u.i.k.j.TypeConverter   typeconverter: (prefix this;, class class de.uka.ilkd.key.java.reference.ThisReference) 
36845      DEBUG Thread-17       d.u.i.k.j.TypeConverter   typeconverter: (prefix this;, class class de.uka.ilkd.key.java.reference.ThisReference) 
36876      DEBUG Thread-17       d.u.i.k.r.m.MethodCall    method-call: called for super.<init>(); 
36876      DEBUG Thread-17       d.u.i.k.r.m.MethodCall    method-call: super invocation of method detected.Requires static resolving. 
36884      DEBUG Thread-17       d.u.i.k.j.TypeConverter   typeconverter: (prefix this;, class class de.uka.ilkd.key.java.reference.ThisReference) 
36901      DEBUG Thread-17       d.u.i.k.j.TypeConverter   TypeConverter: FieldReference: o1; 
36910      DEBUG Thread-17       d.u.i.k.j.TypeConverter   TypeConverter: FieldReference: o1; 
36933      DEBUG Thread-17       d.u.i.k.j.TypeConverter   TypeConverter: FieldReference: o1; 
37195      INFO  main            d.u.i.k.p.r.p.TestFile    ... finished proof: closed. 
37430      DEBUG main            d.u.i.k.s.TermLabelSettings TermLabelSettings: Failure while reading the setting "UseOriginLabels".Using the default value: true.The string read was: null 
37430      INFO  main            d.u.i.k.p.r.p.TestFile    Now processing file /home/runner/work/key/key/key.core/../key.ui/examples/InformationFlow/NewObjects/object.ObjectOrientation(object.ObjectOrientation__if_two_object_creation_next()).JML operation contract.0.key 
37430      DEBUG main            d.u.i.k.p.i.KeYFile       Reading KeY file /home/runner/work/key/key/key.core/../key.ui/examples/InformationFlow/NewObjects/object.ObjectOrientation(object.ObjectOrientation__if_two_object_creation_next()).JML operation contract.0.key 
38281      DEBUG main            d.u.i.k.j.r.ClassPreparationMethodBuilder clPrepBuilder: Inner Class detected. Reject building class initialisation methods. 
38332      DEBUG main            d.u.i.k.j.Recoder2KeY     converting now /home/runner/work/key/key/key.core/../key.ui/examples/InformationFlow/NewObjects/src/object/Naumann.java 
38334      DEBUG main            d.u.i.k.j.Recoder2KeY     converting now /home/runner/work/key/key/key.core/../key.ui/examples/InformationFlow/NewObjects/src/object/AmtoftBanerjee.java 
38335      DEBUG main            d.u.i.k.j.Recoder2KeY     converting now /home/runner/work/key/key/key.core/../key.ui/examples/InformationFlow/NewObjects/src/object/AmtoftBanerjee2.java 
38336      DEBUG main            d.u.i.k.j.Recoder2KeY     converting now /home/runner/work/key/key/key.core/../key.ui/examples/InformationFlow/NewObjects/src/object/ObjectOrientation.java 
38338      DEBUG main            d.u.i.k.j.Recoder2KeY     converting now /home/runner/work/key/key/key.core/../key.ui/examples/InformationFlow/NewObjects/src/object/AmtoftBanerjee3.java 
38343      DEBUG main            d.u.i.k.s.TermLabelSettings TermLabelSettings: Failure while reading the setting "UseOriginLabels".Using the default value: true.The string read was: null 
38344      DEBUG main            d.u.i.k.p.i.KeYFile       Reading KeY file file:/home/runner/work/key/key/key.core/build/resources/main/de/uka/ilkd/key/java/JavaRedux/java/lang/String.key 
40102      DEBUG main            d.u.i.k.p.i.KeYFile       Reading KeY file /home/runner/work/key/key/key.core/../key.ui/examples/InformationFlow/NewObjects/object.ObjectOrientation(object.ObjectOrientation__if_two_object_creation_next()).JML operation contract.0.key 
40121      DEBUG Thread-19       d.u.i.k.j.TypeConverter   TypeConverter: FieldReference: high; 
40147      DEBUG Thread-19       d.u.i.k.r.m.MethodCall    method-call: called for ObjectOrientation.<createObject>(); 
40147      DEBUG Thread-19       d.u.i.k.r.m.MethodCall    method-call: invocation of static method detected 
40153      DEBUG Thread-19       d.u.i.k.r.m.MethodCall    method-call: called for ObjectOrientation.<allocate>(); 
40153      DEBUG Thread-19       d.u.i.k.r.m.MethodCall    method-call: invocation of static method detected 
40167      DEBUG Thread-19       d.u.i.k.j.TypeConverter   typeconverter: (prefix this;, class class de.uka.ilkd.key.java.reference.ThisReference) 
40171      DEBUG Thread-19       d.u.i.k.r.m.MethodCall    method-call: called for <prepareEnter>(); 
40172      DEBUG Thread-19       d.u.i.k.r.m.MethodCall    method-call: invocation of private method detected.Requires static resolving. 
40176      DEBUG Thread-19       d.u.i.k.r.m.MethodCall    method-call: called for super.<prepare>(); 
40177      DEBUG Thread-19       d.u.i.k.r.m.MethodCall    method-call: super invocation of method detected.Requires static resolving. 
40183      DEBUG Thread-19       d.u.i.k.j.TypeConverter   typeconverter: (prefix this;, class class de.uka.ilkd.key.java.reference.ThisReference) 
40188      DEBUG Thread-19       d.u.i.k.j.TypeConverter   typeconverter: (prefix this;, class class de.uka.ilkd.key.java.reference.ThisReference) 
40213      DEBUG Thread-19       d.u.i.k.r.m.MethodCall    method-call: called for super.<init>(); 
40213      DEBUG Thread-19       d.u.i.k.r.m.MethodCall    method-call: super invocation of method detected.Requires static resolving. 
40220      DEBUG Thread-19       d.u.i.k.j.TypeConverter   typeconverter: (prefix this;, class class de.uka.ilkd.key.java.reference.ThisReference) 
40234      DEBUG Thread-19       d.u.i.k.j.TypeConverter   TypeConverter: FieldReference: o1; 
40245      DEBUG Thread-19       d.u.i.k.r.m.MethodCall    method-call: called for ObjectOrientation.<createObject>(); 
40245      DEBUG Thread-19       d.u.i.k.r.m.MethodCall    method-call: invocation of static method detected 
40253      DEBUG Thread-19       d.u.i.k.r.m.MethodCall    method-call: called for ObjectOrientation.<allocate>(); 
40253      DEBUG Thread-19       d.u.i.k.r.m.MethodCall    method-call: invocation of static method detected 
40304      DEBUG Thread-19       d.u.i.k.j.TypeConverter   typeconverter: (prefix this;, class class de.uka.ilkd.key.java.reference.ThisReference) 
40310      DEBUG Thread-19       d.u.i.k.r.m.MethodCall    method-call: called for <prepareEnter>(); 
40310      DEBUG Thread-19       d.u.i.k.r.m.MethodCall    method-call: invocation of private method detected.Requires static resolving. 
40316      DEBUG Thread-19       d.u.i.k.r.m.MethodCall    method-call: called for super.<prepare>(); 
40316      DEBUG Thread-19       d.u.i.k.r.m.MethodCall    method-call: super invocation of method detected.Requires static resolving. 
40324      DEBUG Thread-19       d.u.i.k.j.TypeConverter   typeconverter: (prefix this;, class class de.uka.ilkd.key.java.reference.ThisReference) 
40329      DEBUG Thread-19       d.u.i.k.j.TypeConverter   typeconverter: (prefix this;, class class de.uka.ilkd.key.java.reference.ThisReference) 
40359      DEBUG Thread-19       d.u.i.k.r.m.MethodCall    method-call: called for super.<init>(); 
40360      DEBUG Thread-19       d.u.i.k.r.m.MethodCall    method-call: super invocation of method detected.Requires static resolving. 
40367      DEBUG Thread-19       d.u.i.k.j.TypeConverter   typeconverter: (prefix this;, class class de.uka.ilkd.key.java.reference.ThisReference) 
40383      DEBUG Thread-19       d.u.i.k.j.TypeConverter   TypeConverter: FieldReference: o0; 
40392      DEBUG Thread-19       d.u.i.k.j.TypeConverter   TypeConverter: FieldReference: o1; 
40421      DEBUG Thread-19       d.u.i.k.j.TypeConverter   TypeConverter: FieldReference: o0; 
40607      DEBUG Thread-19       d.u.i.k.r.m.MethodCall    method-call: called for ObjectOrientation.<createObject>(); 
40607      DEBUG Thread-19       d.u.i.k.r.m.MethodCall    method-call: invocation of static method detected 
40613      DEBUG Thread-19       d.u.i.k.r.m.MethodCall    method-call: called for ObjectOrientation.<allocate>(); 
40613      DEBUG Thread-19       d.u.i.k.r.m.MethodCall    method-call: invocation of static method detected 
40627      DEBUG Thread-19       d.u.i.k.j.TypeConverter   typeconverter: (prefix this;, class class de.uka.ilkd.key.java.reference.ThisReference) 
40631      DEBUG Thread-19       d.u.i.k.r.m.MethodCall    method-call: called for <prepareEnter>(); 
40631      DEBUG Thread-19       d.u.i.k.r.m.MethodCall    method-call: invocation of private method detected.Requires static resolving. 
40636      DEBUG Thread-19       d.u.i.k.r.m.MethodCall    method-call: called for super.<prepare>(); 
40636      DEBUG Thread-19       d.u.i.k.r.m.MethodCall    method-call: super invocation of method detected.Requires static resolving. 
40642      DEBUG Thread-19       d.u.i.k.j.TypeConverter   typeconverter: (prefix this;, class class de.uka.ilkd.key.java.reference.ThisReference) 
40646      DEBUG Thread-19       d.u.i.k.j.TypeConverter   typeconverter: (prefix this;, class class de.uka.ilkd.key.java.reference.ThisReference) 
40667      DEBUG Thread-19       d.u.i.k.r.m.MethodCall    method-call: called for super.<init>(); 
40668      DEBUG Thread-19       d.u.i.k.r.m.MethodCall    method-call: super invocation of method detected.Requires static resolving. 
40673      DEBUG Thread-19       d.u.i.k.j.TypeConverter   typeconverter: (prefix this;, class class de.uka.ilkd.key.java.reference.ThisReference) 
40686      DEBUG Thread-19       d.u.i.k.j.TypeConverter   TypeConverter: FieldReference: o0; 
40697      DEBUG Thread-19       d.u.i.k.r.m.MethodCall    method-call: called for ObjectOrientation.<createObject>(); 
40697      DEBUG Thread-19       d.u.i.k.r.m.MethodCall    method-call: invocation of static method detected 
40703      DEBUG Thread-19       d.u.i.k.r.m.MethodCall    method-call: called for ObjectOrientation.<allocate>(); 
40704      DEBUG Thread-19       d.u.i.k.r.m.MethodCall    method-call: invocation of static method detected 
40753      DEBUG Thread-19       d.u.i.k.j.TypeConverter   typeconverter: (prefix this;, class class de.uka.ilkd.key.java.reference.ThisReference) 
40758      DEBUG Thread-19       d.u.i.k.r.m.MethodCall    method-call: called for <prepareEnter>(); 
40758      DEBUG Thread-19       d.u.i.k.r.m.MethodCall    method-call: invocation of private method detected.Requires static resolving. 
40763      DEBUG Thread-19       d.u.i.k.r.m.MethodCall    method-call: called for super.<prepare>(); 
40763      DEBUG Thread-19       d.u.i.k.r.m.MethodCall    method-call: super invocation of method detected.Requires static resolving. 
40770      DEBUG Thread-19       d.u.i.k.j.TypeConverter   typeconverter: (prefix this;, class class de.uka.ilkd.key.java.reference.ThisReference) 
40774      DEBUG Thread-19       d.u.i.k.j.TypeConverter   typeconverter: (prefix this;, class class de.uka.ilkd.key.java.reference.ThisReference) 
40803      DEBUG Thread-19       d.u.i.k.r.m.MethodCall    method-call: called for super.<init>(); 
40803      DEBUG Thread-19       d.u.i.k.r.m.MethodCall    method-call: super invocation of method detected.Requires static resolving. 
40809      DEBUG Thread-19       d.u.i.k.j.TypeConverter   typeconverter: (prefix this;, class class de.uka.ilkd.key.java.reference.ThisReference) 
40824      DEBUG Thread-19       d.u.i.k.j.TypeConverter   TypeConverter: FieldReference: o1; 
40832      DEBUG Thread-19       d.u.i.k.j.TypeConverter   TypeConverter: FieldReference: o1; 
40851      DEBUG Thread-19       d.u.i.k.j.TypeConverter   TypeConverter: FieldReference: o1; 
41006      INFO  main            d.u.i.k.p.r.p.TestFile    ... finished proof: closed. 
41232      DEBUG main            d.u.i.k.s.TermLabelSettings TermLabelSettings: Failure while reading the setting "UseOriginLabels".Using the default value: true.The string read was: null 
41232      INFO  main            d.u.i.k.p.r.p.TestFile    Now processing file /home/runner/work/key/key/key.core/../key.ui/examples/InformationFlow/NewObjects/object.ObjectOrientation(object.ObjectOrientation__secure_if_two_object_creation()).JML operation contract.0.key 
41233      DEBUG main            d.u.i.k.p.i.KeYFile       Reading KeY file /home/runner/work/key/key/key.core/../key.ui/examples/InformationFlow/NewObjects/object.ObjectOrientation(object.ObjectOrientation__secure_if_two_object_creation()).JML operation contract.0.key 
42036      DEBUG main            d.u.i.k.j.r.ClassPreparationMethodBuilder clPrepBuilder: Inner Class detected. Reject building class initialisation methods. 
42084      DEBUG main            d.u.i.k.j.Recoder2KeY     converting now /home/runner/work/key/key/key.core/../key.ui/examples/InformationFlow/NewObjects/src/object/Naumann.java 
42086      DEBUG main            d.u.i.k.j.Recoder2KeY     converting now /home/runner/work/key/key/key.core/../key.ui/examples/InformationFlow/NewObjects/src/object/AmtoftBanerjee.java 
42087      DEBUG main            d.u.i.k.j.Recoder2KeY     converting now /home/runner/work/key/key/key.core/../key.ui/examples/InformationFlow/NewObjects/src/object/AmtoftBanerjee2.java 
42087      DEBUG main            d.u.i.k.j.Recoder2KeY     converting now /home/runner/work/key/key/key.core/../key.ui/examples/InformationFlow/NewObjects/src/object/ObjectOrientation.java 
42089      DEBUG main            d.u.i.k.j.Recoder2KeY     converting now /home/runner/work/key/key/key.core/../key.ui/examples/InformationFlow/NewObjects/src/object/AmtoftBanerjee3.java 
42097      DEBUG main            d.u.i.k.s.TermLabelSettings TermLabelSettings: Failure while reading the setting "UseOriginLabels".Using the default value: true.The string read was: null 
42098      DEBUG main            d.u.i.k.p.i.KeYFile       Reading KeY file file:/home/runner/work/key/key/key.core/build/resources/main/de/uka/ilkd/key/java/JavaRedux/java/lang/String.key 
43896      DEBUG main            d.u.i.k.p.i.KeYFile       Reading KeY file /home/runner/work/key/key/key.core/../key.ui/examples/InformationFlow/NewObjects/object.ObjectOrientation(object.ObjectOrientation__secure_if_two_object_creation()).JML operation contract.0.key 
43913      DEBUG Thread-21       d.u.i.k.j.TypeConverter   TypeConverter: FieldReference: high; 
43932      DEBUG Thread-21       d.u.i.k.r.m.MethodCall    method-call: called for ObjectOrientation.<createObject>(); 
43932      DEBUG Thread-21       d.u.i.k.r.m.MethodCall    method-call: invocation of static method detected 
43937      DEBUG Thread-21       d.u.i.k.r.m.MethodCall    method-call: called for ObjectOrientation.<allocate>(); 
43937      DEBUG Thread-21       d.u.i.k.r.m.MethodCall    method-call: invocation of static method detected 
43949      DEBUG Thread-21       d.u.i.k.j.TypeConverter   typeconverter: (prefix this;, class class de.uka.ilkd.key.java.reference.ThisReference) 
43953      DEBUG Thread-21       d.u.i.k.r.m.MethodCall    method-call: called for <prepareEnter>(); 
43953      DEBUG Thread-21       d.u.i.k.r.m.MethodCall    method-call: invocation of private method detected.Requires static resolving. 
43956      DEBUG Thread-21       d.u.i.k.r.m.MethodCall    method-call: called for super.<prepare>(); 
43957      DEBUG Thread-21       d.u.i.k.r.m.MethodCall    method-call: super invocation of method detected.Requires static resolving. 
43962      DEBUG Thread-21       d.u.i.k.j.TypeConverter   typeconverter: (prefix this;, class class de.uka.ilkd.key.java.reference.ThisReference) 
43966      DEBUG Thread-21       d.u.i.k.j.TypeConverter   typeconverter: (prefix this;, class class de.uka.ilkd.key.java.reference.ThisReference) 
43987      DEBUG Thread-21       d.u.i.k.r.m.MethodCall    method-call: called for super.<init>(); 
43987      DEBUG Thread-21       d.u.i.k.r.m.MethodCall    method-call: super invocation of method detected.Requires static resolving. 
43992      DEBUG Thread-21       d.u.i.k.j.TypeConverter   typeconverter: (prefix this;, class class de.uka.ilkd.key.java.reference.ThisReference) 
44004      DEBUG Thread-21       d.u.i.k.j.TypeConverter   TypeConverter: FieldReference: o1; 
44014      DEBUG Thread-21       d.u.i.k.r.m.MethodCall    method-call: called for ObjectOrientation.<createObject>(); 
44015      DEBUG Thread-21       d.u.i.k.r.m.MethodCall    method-call: invocation of static method detected 
44021      DEBUG Thread-21       d.u.i.k.r.m.MethodCall    method-call: called for ObjectOrientation.<allocate>(); 
44021      DEBUG Thread-21       d.u.i.k.r.m.MethodCall    method-call: invocation of static method detected 
44066      DEBUG Thread-21       d.u.i.k.j.TypeConverter   typeconverter: (prefix this;, class class de.uka.ilkd.key.java.reference.ThisReference) 
44071      DEBUG Thread-21       d.u.i.k.r.m.MethodCall    method-call: called for <prepareEnter>(); 
44071      DEBUG Thread-21       d.u.i.k.r.m.MethodCall    method-call: invocation of private method detected.Requires static resolving. 
44076      DEBUG Thread-21       d.u.i.k.r.m.MethodCall    method-call: called for super.<prepare>(); 
44076      DEBUG Thread-21       d.u.i.k.r.m.MethodCall    method-call: super invocation of method detected.Requires static resolving. 
44083      DEBUG Thread-21       d.u.i.k.j.TypeConverter   typeconverter: (prefix this;, class class de.uka.ilkd.key.java.reference.ThisReference) 
44087      DEBUG Thread-21       d.u.i.k.j.TypeConverter   typeconverter: (prefix this;, class class de.uka.ilkd.key.java.reference.ThisReference) 
44113      DEBUG Thread-21       d.u.i.k.r.m.MethodCall    method-call: called for super.<init>(); 
44114      DEBUG Thread-21       d.u.i.k.r.m.MethodCall    method-call: super invocation of method detected.Requires static resolving. 
44120      DEBUG Thread-21       d.u.i.k.j.TypeConverter   typeconverter: (prefix this;, class class de.uka.ilkd.key.java.reference.ThisReference) 
44135      DEBUG Thread-21       d.u.i.k.j.TypeConverter   TypeConverter: FieldReference: o0; 
44274      DEBUG Thread-21       d.u.i.k.r.m.MethodCall    method-call: called for ObjectOrientation.<createObject>(); 
44275      DEBUG Thread-21       d.u.i.k.r.m.MethodCall    method-call: invocation of static method detected 
44280      DEBUG Thread-21       d.u.i.k.r.m.MethodCall    method-call: called for ObjectOrientation.<allocate>(); 
44280      DEBUG Thread-21       d.u.i.k.r.m.MethodCall    method-call: invocation of static method detected 
44292      DEBUG Thread-21       d.u.i.k.j.TypeConverter   typeconverter: (prefix this;, class class de.uka.ilkd.key.java.reference.ThisReference) 
44296      DEBUG Thread-21       d.u.i.k.r.m.MethodCall    method-call: called for <prepareEnter>(); 
44296      DEBUG Thread-21       d.u.i.k.r.m.MethodCall    method-call: invocation of private method detected.Requires static resolving. 
44300      DEBUG Thread-21       d.u.i.k.r.m.MethodCall    method-call: called for super.<prepare>(); 
44300      DEBUG Thread-21       d.u.i.k.r.m.MethodCall    method-call: super invocation of method detected.Requires static resolving. 
44306      DEBUG Thread-21       d.u.i.k.j.TypeConverter   typeconverter: (prefix this;, class class de.uka.ilkd.key.java.reference.ThisReference) 
44310      DEBUG Thread-21       d.u.i.k.j.TypeConverter   typeconverter: (prefix this;, class class de.uka.ilkd.key.java.reference.ThisReference) 
44330      DEBUG Thread-21       d.u.i.k.r.m.MethodCall    method-call: called for super.<init>(); 
44330      DEBUG Thread-21       d.u.i.k.r.m.MethodCall    method-call: super invocation of method detected.Requires static resolving. 
44336      DEBUG Thread-21       d.u.i.k.j.TypeConverter   typeconverter: (prefix this;, class class de.uka.ilkd.key.java.reference.ThisReference) 
44348      DEBUG Thread-21       d.u.i.k.j.TypeConverter   TypeConverter: FieldReference: o0; 
44357      DEBUG Thread-21       d.u.i.k.r.m.MethodCall    method-call: called for ObjectOrientation.<createObject>(); 
44358      DEBUG Thread-21       d.u.i.k.r.m.MethodCall    method-call: invocation of static method detected 
44364      DEBUG Thread-21       d.u.i.k.r.m.MethodCall    method-call: called for ObjectOrientation.<allocate>(); 
44364      DEBUG Thread-21       d.u.i.k.r.m.MethodCall    method-call: invocation of static method detected 
44408      DEBUG Thread-21       d.u.i.k.j.TypeConverter   typeconverter: (prefix this;, class class de.uka.ilkd.key.java.reference.ThisReference) 
44413      DEBUG Thread-21       d.u.i.k.r.m.MethodCall    method-call: called for <prepareEnter>(); 
44413      DEBUG Thread-21       d.u.i.k.r.m.MethodCall    method-call: invocation of private method detected.Requires static resolving. 
44418      DEBUG Thread-21       d.u.i.k.r.m.MethodCall    method-call: called for super.<prepare>(); 
44418      DEBUG Thread-21       d.u.i.k.r.m.MethodCall    method-call: super invocation of method detected.Requires static resolving. 
44425      DEBUG Thread-21       d.u.i.k.j.TypeConverter   typeconverter: (prefix this;, class class de.uka.ilkd.key.java.reference.ThisReference) 
44430      DEBUG Thread-21       d.u.i.k.j.TypeConverter   typeconverter: (prefix this;, class class de.uka.ilkd.key.java.reference.ThisReference) 
44455      DEBUG Thread-21       d.u.i.k.r.m.MethodCall    method-call: called for super.<init>(); 
44455      DEBUG Thread-21       d.u.i.k.r.m.MethodCall    method-call: super invocation of method detected.Requires static resolving. 
44461      DEBUG Thread-21       d.u.i.k.j.TypeConverter   typeconverter: (prefix this;, class class de.uka.ilkd.key.java.reference.ThisReference) 
44476      DEBUG Thread-21       d.u.i.k.j.TypeConverter   TypeConverter: FieldReference: o1; 
44699      INFO  main            d.u.i.k.p.r.p.TestFile    ... finished proof: closed. 
44858      DEBUG main            d.u.i.k.s.TermLabelSettings TermLabelSettings: Failure while reading the setting "UseOriginLabels".Using the default value: true.The string read was: null 
44859      INFO  main            d.u.i.k.p.r.p.TestFile    Now processing file /home/runner/work/key/key/key.core/../key.ui/examples/InformationFlow/NewObjects/object.ObjectOrientation(object.ObjectOrientation__insecure_two_object_creation()).JML operation contract.0.key 
44859      DEBUG main            d.u.i.k.p.i.KeYFile       Reading KeY file /home/runner/work/key/key/key.core/../key.ui/examples/InformationFlow/NewObjects/object.ObjectOrientation(object.ObjectOrientation__insecure_two_object_creation()).JML operation contract.0.key 
45639      DEBUG main            d.u.i.k.j.r.ClassPreparationMethodBuilder clPrepBuilder: Inner Class detected. Reject building class initialisation methods. 
45685      DEBUG main            d.u.i.k.j.Recoder2KeY     converting now /home/runner/work/key/key/key.core/../key.ui/examples/InformationFlow/NewObjects/src/object/Naumann.java 
45687      DEBUG main            d.u.i.k.j.Recoder2KeY     converting now /home/runner/work/key/key/key.core/../key.ui/examples/InformationFlow/NewObjects/src/object/AmtoftBanerjee.java 
45688      DEBUG main            d.u.i.k.j.Recoder2KeY     converting now /home/runner/work/key/key/key.core/../key.ui/examples/InformationFlow/NewObjects/src/object/AmtoftBanerjee2.java 
45689      DEBUG main            d.u.i.k.j.Recoder2KeY     converting now /home/runner/work/key/key/key.core/../key.ui/examples/InformationFlow/NewObjects/src/object/ObjectOrientation.java 
45690      DEBUG main            d.u.i.k.j.Recoder2KeY     converting now /home/runner/work/key/key/key.core/../key.ui/examples/InformationFlow/NewObjects/src/object/AmtoftBanerjee3.java 
45695      DEBUG main            d.u.i.k.s.TermLabelSettings TermLabelSettings: Failure while reading the setting "UseOriginLabels".Using the default value: true.The string read was: null 
45696      DEBUG main            d.u.i.k.p.i.KeYFile       Reading KeY file file:/home/runner/work/key/key/key.core/build/resources/main/de/uka/ilkd/key/java/JavaRedux/java/lang/String.key 
47475      DEBUG main            d.u.i.k.p.i.KeYFile       Reading KeY file /home/runner/work/key/key/key.core/../key.ui/examples/InformationFlow/NewObjects/object.ObjectOrientation(object.ObjectOrientation__insecure_two_object_creation()).JML operation contract.0.key 
47503      DEBUG Thread-23       d.u.i.k.r.m.MethodCall    method-call: called for ObjectOrientation.<createObject>(); 
47503      DEBUG Thread-23       d.u.i.k.r.m.MethodCall    method-call: invocation of static method detected 
47508      DEBUG Thread-23       d.u.i.k.r.m.MethodCall    method-call: called for ObjectOrientation.<allocate>(); 
47508      DEBUG Thread-23       d.u.i.k.r.m.MethodCall    method-call: invocation of static method detected 
47520      DEBUG Thread-23       d.u.i.k.j.TypeConverter   typeconverter: (prefix this;, class class de.uka.ilkd.key.java.reference.ThisReference) 
47524      DEBUG Thread-23       d.u.i.k.r.m.MethodCall    method-call: called for <prepareEnter>(); 
47524      DEBUG Thread-23       d.u.i.k.r.m.MethodCall    method-call: invocation of private method detected.Requires static resolving. 
47528      DEBUG Thread-23       d.u.i.k.r.m.MethodCall    method-call: called for super.<prepare>(); 
47528      DEBUG Thread-23       d.u.i.k.r.m.MethodCall    method-call: super invocation of method detected.Requires static resolving. 
47533      DEBUG Thread-23       d.u.i.k.j.TypeConverter   typeconverter: (prefix this;, class class de.uka.ilkd.key.java.reference.ThisReference) 
47537      DEBUG Thread-23       d.u.i.k.j.TypeConverter   typeconverter: (prefix this;, class class de.uka.ilkd.key.java.reference.ThisReference) 
47557      DEBUG Thread-23       d.u.i.k.r.m.MethodCall    method-call: called for super.<init>(); 
47558      DEBUG Thread-23       d.u.i.k.r.m.MethodCall    method-call: super invocation of method detected.Requires static resolving. 
47563      DEBUG Thread-23       d.u.i.k.j.TypeConverter   typeconverter: (prefix this;, class class de.uka.ilkd.key.java.reference.ThisReference) 
47575      DEBUG Thread-23       d.u.i.k.j.TypeConverter   TypeConverter: FieldReference: o0; 
47585      DEBUG Thread-23       d.u.i.k.r.m.MethodCall    method-call: called for ObjectOrientation.<createObject>(); 
47585      DEBUG Thread-23       d.u.i.k.r.m.MethodCall    method-call: invocation of static method detected 
47591      DEBUG Thread-23       d.u.i.k.r.m.MethodCall    method-call: called for ObjectOrientation.<allocate>(); 
47591      DEBUG Thread-23       d.u.i.k.r.m.MethodCall    method-call: invocation of static method detected 
47633      DEBUG Thread-23       d.u.i.k.j.TypeConverter   typeconverter: (prefix this;, class class de.uka.ilkd.key.java.reference.ThisReference) 
47638      DEBUG Thread-23       d.u.i.k.r.m.MethodCall    method-call: called for <prepareEnter>(); 
47638      DEBUG Thread-23       d.u.i.k.r.m.MethodCall    method-call: invocation of private method detected.Requires static resolving. 
47642      DEBUG Thread-23       d.u.i.k.r.m.MethodCall    method-call: called for super.<prepare>(); 
47643      DEBUG Thread-23       d.u.i.k.r.m.MethodCall    method-call: super invocation of method detected.Requires static resolving. 
47649      DEBUG Thread-23       d.u.i.k.j.TypeConverter   typeconverter: (prefix this;, class class de.uka.ilkd.key.java.reference.ThisReference) 
47653      DEBUG Thread-23       d.u.i.k.j.TypeConverter   typeconverter: (prefix this;, class class de.uka.ilkd.key.java.reference.ThisReference) 
47678      DEBUG Thread-23       d.u.i.k.r.m.MethodCall    method-call: called for super.<init>(); 
47678      DEBUG Thread-23       d.u.i.k.r.m.MethodCall    method-call: super invocation of method detected.Requires static resolving. 
47684      DEBUG Thread-23       d.u.i.k.j.TypeConverter   typeconverter: (prefix this;, class class de.uka.ilkd.key.java.reference.ThisReference) 
47699      DEBUG Thread-23       d.u.i.k.j.TypeConverter   TypeConverter: FieldReference: o1; 
47712      DEBUG Thread-23       d.u.i.k.j.TypeConverter   TypeConverter: FieldReference: high; 
47746      DEBUG Thread-23       d.u.i.k.j.TypeConverter   TypeConverter: FieldReference: o1; 
47756      DEBUG Thread-23       d.u.i.k.j.TypeConverter   TypeConverter: FieldReference: o2; 
47889      DEBUG Thread-23       d.u.i.k.j.TypeConverter   TypeConverter: FieldReference: o0; 
47906      DEBUG Thread-23       d.u.i.k.j.TypeConverter   TypeConverter: FieldReference: o2; 
48079      INFO  main            d.u.i.k.p.r.p.TestFile    ... finished proof: closed. 
48243      DEBUG main            d.u.i.k.s.TermLabelSettings TermLabelSettings: Failure while reading the setting "UseOriginLabels".Using the default value: true.The string read was: null 
48243      INFO  main            d.u.i.k.p.r.p.TestFile    Now processing file /home/runner/work/key/key/key.core/../key.ui/examples/InformationFlow/NewObjects/object.ObjectOrientation(object.ObjectOrientation__secure_two_object_creation()).JML normal_behavior operation contract.0.key 
48244      DEBUG main            d.u.i.k.p.i.KeYFile       Reading KeY file /home/runner/work/key/key/key.core/../key.ui/examples/InformationFlow/NewObjects/object.ObjectOrientation(object.ObjectOrientation__secure_two_object_creation()).JML normal_behavior operation contract.0.key 
49053      DEBUG main            d.u.i.k.j.r.ClassPreparationMethodBuilder clPrepBuilder: Inner Class detected. Reject building class initialisation methods. 
49098      DEBUG main            d.u.i.k.j.Recoder2KeY     converting now /home/runner/work/key/key/key.core/../key.ui/examples/InformationFlow/NewObjects/src/object/Naumann.java 
49100      DEBUG main            d.u.i.k.j.Recoder2KeY     converting now /home/runner/work/key/key/key.core/../key.ui/examples/InformationFlow/NewObjects/src/object/AmtoftBanerjee.java 
49101      DEBUG main            d.u.i.k.j.Recoder2KeY     converting now /home/runner/work/key/key/key.core/../key.ui/examples/InformationFlow/NewObjects/src/object/AmtoftBanerjee2.java 
49102      DEBUG main            d.u.i.k.j.Recoder2KeY     converting now /home/runner/work/key/key/key.core/../key.ui/examples/InformationFlow/NewObjects/src/object/ObjectOrientation.java 
49103      DEBUG main            d.u.i.k.j.Recoder2KeY     converting now /home/runner/work/key/key/key.core/../key.ui/examples/InformationFlow/NewObjects/src/object/AmtoftBanerjee3.java 
49108      DEBUG main            d.u.i.k.s.TermLabelSettings TermLabelSettings: Failure while reading the setting "UseOriginLabels".Using the default value: true.The string read was: null 
49109      DEBUG main            d.u.i.k.p.i.KeYFile       Reading KeY file file:/home/runner/work/key/key/key.core/build/resources/main/de/uka/ilkd/key/java/JavaRedux/java/lang/String.key 
50842      DEBUG main            d.u.i.k.p.i.KeYFile       Reading KeY file /home/runner/work/key/key/key.core/../key.ui/examples/InformationFlow/NewObjects/object.ObjectOrientation(object.ObjectOrientation__secure_two_object_creation()).JML normal_behavior operation contract.0.key 
50867      DEBUG Thread-25       d.u.i.k.r.m.MethodCall    method-call: called for ObjectOrientation.<createObject>(); 
50867      DEBUG Thread-25       d.u.i.k.r.m.MethodCall    method-call: invocation of static method detected 
50872      DEBUG Thread-25       d.u.i.k.r.m.MethodCall    method-call: called for ObjectOrientation.<allocate>(); 
50872      DEBUG Thread-25       d.u.i.k.r.m.MethodCall    method-call: invocation of static method detected 
50883      DEBUG Thread-25       d.u.i.k.j.TypeConverter   typeconverter: (prefix this;, class class de.uka.ilkd.key.java.reference.ThisReference) 
50886      DEBUG Thread-25       d.u.i.k.r.m.MethodCall    method-call: called for <prepareEnter>(); 
50887      DEBUG Thread-25       d.u.i.k.r.m.MethodCall    method-call: invocation of private method detected.Requires static resolving. 
50890      DEBUG Thread-25       d.u.i.k.r.m.MethodCall    method-call: called for super.<prepare>(); 
50890      DEBUG Thread-25       d.u.i.k.r.m.MethodCall    method-call: super invocation of method detected.Requires static resolving. 
50895      DEBUG Thread-25       d.u.i.k.j.TypeConverter   typeconverter: (prefix this;, class class de.uka.ilkd.key.java.reference.ThisReference) 
50899      DEBUG Thread-25       d.u.i.k.j.TypeConverter   typeconverter: (prefix this;, class class de.uka.ilkd.key.java.reference.ThisReference) 
50918      DEBUG Thread-25       d.u.i.k.r.m.MethodCall    method-call: called for super.<init>(); 
50918      DEBUG Thread-25       d.u.i.k.r.m.MethodCall    method-call: super invocation of method detected.Requires static resolving. 
50923      DEBUG Thread-25       d.u.i.k.j.TypeConverter   typeconverter: (prefix this;, class class de.uka.ilkd.key.java.reference.ThisReference) 
50934      DEBUG Thread-25       d.u.i.k.j.TypeConverter   TypeConverter: FieldReference: o0; 
50943      DEBUG Thread-25       d.u.i.k.r.m.MethodCall    method-call: called for ObjectOrientation.<createObject>(); 
50943      DEBUG Thread-25       d.u.i.k.r.m.MethodCall    method-call: invocation of static method detected 
50949      DEBUG Thread-25       d.u.i.k.r.m.MethodCall    method-call: called for ObjectOrientation.<allocate>(); 
50949      DEBUG Thread-25       d.u.i.k.r.m.MethodCall    method-call: invocation of static method detected 
50989      DEBUG Thread-25       d.u.i.k.j.TypeConverter   typeconverter: (prefix this;, class class de.uka.ilkd.key.java.reference.ThisReference) 
50994      DEBUG Thread-25       d.u.i.k.r.m.MethodCall    method-call: called for <prepareEnter>(); 
50994      DEBUG Thread-25       d.u.i.k.r.m.MethodCall    method-call: invocation of private method detected.Requires static resolving. 
50998      DEBUG Thread-25       d.u.i.k.r.m.MethodCall    method-call: called for super.<prepare>(); 
50999      DEBUG Thread-25       d.u.i.k.r.m.MethodCall    method-call: super invocation of method detected.Requires static resolving. 
51005      DEBUG Thread-25       d.u.i.k.j.TypeConverter   typeconverter: (prefix this;, class class de.uka.ilkd.key.java.reference.ThisReference) 
51009      DEBUG Thread-25       d.u.i.k.j.TypeConverter   typeconverter: (prefix this;, class class de.uka.ilkd.key.java.reference.ThisReference) 
51032      DEBUG Thread-25       d.u.i.k.r.m.MethodCall    method-call: called for super.<init>(); 
51033      DEBUG Thread-25       d.u.i.k.r.m.MethodCall    method-call: super invocation of method detected.Requires static resolving. 
51039      DEBUG Thread-25       d.u.i.k.j.TypeConverter   typeconverter: (prefix this;, class class de.uka.ilkd.key.java.reference.ThisReference) 
51052      DEBUG Thread-25       d.u.i.k.j.TypeConverter   TypeConverter: FieldReference: o1; 
51059      DEBUG Thread-25       d.u.i.k.j.TypeConverter   TypeConverter: FieldReference: o0; 
51078      DEBUG Thread-25       d.u.i.k.j.TypeConverter   TypeConverter: FieldReference: o2; 
51245      INFO  main            d.u.i.k.p.r.p.TestFile    ... finished proof: closed. 
51404      DEBUG main            d.u.i.k.s.TermLabelSettings TermLabelSettings: Failure while reading the setting "UseOriginLabels".Using the default value: true.The string read was: null 
51404      INFO  main            d.u.i.k.p.r.p.TestFile    Now processing file /home/runner/work/key/key/key.core/../key.ui/examples/InformationFlow/NewObjects/object.ObjectOrientation(object.ObjectOrientation__insecure_object_assignment()).JML operation contract.1.key 
51404      DEBUG main            d.u.i.k.p.i.KeYFile       Reading KeY file /home/runner/work/key/key/key.core/../key.ui/examples/InformationFlow/NewObjects/object.ObjectOrientation(object.ObjectOrientation__insecure_object_assignment()).JML operation contract.1.key 
52227      DEBUG main            d.u.i.k.j.r.ClassPreparationMethodBuilder clPrepBuilder: Inner Class detected. Reject building class initialisation methods. 
52273      DEBUG main            d.u.i.k.j.Recoder2KeY     converting now /home/runner/work/key/key/key.core/../key.ui/examples/InformationFlow/NewObjects/src/object/Naumann.java 
52274      DEBUG main            d.u.i.k.j.Recoder2KeY     converting now /home/runner/work/key/key/key.core/../key.ui/examples/InformationFlow/NewObjects/src/object/AmtoftBanerjee.java 
52275      DEBUG main            d.u.i.k.j.Recoder2KeY     converting now /home/runner/work/key/key/key.core/../key.ui/examples/InformationFlow/NewObjects/src/object/AmtoftBanerjee2.java 
52276      DEBUG main            d.u.i.k.j.Recoder2KeY     converting now /home/runner/work/key/key/key.core/../key.ui/examples/InformationFlow/NewObjects/src/object/ObjectOrientation.java 
52277      DEBUG main            d.u.i.k.j.Recoder2KeY     converting now /home/runner/work/key/key/key.core/../key.ui/examples/InformationFlow/NewObjects/src/object/AmtoftBanerjee3.java 
52282      DEBUG main            d.u.i.k.s.TermLabelSettings TermLabelSettings: Failure while reading the setting "UseOriginLabels".Using the default value: true.The string read was: null 
52283      DEBUG main            d.u.i.k.p.i.KeYFile       Reading KeY file file:/home/runner/work/key/key/key.core/build/resources/main/de/uka/ilkd/key/java/JavaRedux/java/lang/String.key 
54034      DEBUG main            d.u.i.k.p.i.KeYFile       Reading KeY file /home/runner/work/key/key/key.core/../key.ui/examples/InformationFlow/NewObjects/object.ObjectOrientation(object.ObjectOrientation__insecure_object_assignment()).JML operation contract.1.key 
54052      DEBUG Thread-27       d.u.i.k.j.TypeConverter   TypeConverter: FieldReference: high_object; 
54055      DEBUG Thread-27       d.u.i.k.j.TypeConverter   TypeConverter: FieldReference: o0; 
54137      INFO  main            d.u.i.k.p.r.p.TestFile    ... finished proof: closed. 
54291      DEBUG main            d.u.i.k.s.TermLabelSettings TermLabelSettings: Failure while reading the setting "UseOriginLabels".Using the default value: true.The string read was: null 
54291      INFO  main            d.u.i.k.p.r.p.TestFile    Now processing file /home/runner/work/key/key/key.core/../key.ui/examples/InformationFlow/NewObjects/object.ObjectOrientation(object.ObjectOrientation__insecure_object_assignment()).JML operation contract.0.key 
54292      DEBUG main            d.u.i.k.p.i.KeYFile       Reading KeY file /home/runner/work/key/key/key.core/../key.ui/examples/InformationFlow/NewObjects/object.ObjectOrientation(object.ObjectOrientation__insecure_object_assignment()).JML operation contract.0.key 
55083      DEBUG main            d.u.i.k.j.r.ClassPreparationMethodBuilder clPrepBuilder: Inner Class detected. Reject building class initialisation methods. 
55129      DEBUG main            d.u.i.k.j.Recoder2KeY     converting now /home/runner/work/key/key/key.core/../key.ui/examples/InformationFlow/NewObjects/src/object/Naumann.java 
55132      DEBUG main            d.u.i.k.j.Recoder2KeY     converting now /home/runner/work/key/key/key.core/../key.ui/examples/InformationFlow/NewObjects/src/object/AmtoftBanerjee.java 
55133      DEBUG main            d.u.i.k.j.Recoder2KeY     converting now /home/runner/work/key/key/key.core/../key.ui/examples/InformationFlow/NewObjects/src/object/AmtoftBanerjee2.java 
55133      DEBUG main            d.u.i.k.j.Recoder2KeY     converting now /home/runner/work/key/key/key.core/../key.ui/examples/InformationFlow/NewObjects/src/object/ObjectOrientation.java 
55135      DEBUG main            d.u.i.k.j.Recoder2KeY     converting now /home/runner/work/key/key/key.core/../key.ui/examples/InformationFlow/NewObjects/src/object/AmtoftBanerjee3.java 
55143      DEBUG main            d.u.i.k.s.TermLabelSettings TermLabelSettings: Failure while reading the setting "UseOriginLabels".Using the default value: true.The string read was: null 
55144      DEBUG main            d.u.i.k.p.i.KeYFile       Reading KeY file file:/home/runner/work/key/key/key.core/build/resources/main/de/uka/ilkd/key/java/JavaRedux/java/lang/String.key 
56938      DEBUG main            d.u.i.k.p.i.KeYFile       Reading KeY file /home/runner/work/key/key/key.core/../key.ui/examples/InformationFlow/NewObjects/object.ObjectOrientation(object.ObjectOrientation__insecure_object_assignment()).JML operation contract.0.key 
56960      DEBUG Thread-29       d.u.i.k.j.TypeConverter   TypeConverter: FieldReference: high_object; 
56962      DEBUG Thread-29       d.u.i.k.j.TypeConverter   TypeConverter: FieldReference: o0; 
57040      INFO  main            d.u.i.k.p.r.p.TestFile    ... finished proof: closed. 
57204      DEBUG main            d.u.i.k.s.TermLabelSettings TermLabelSettings: Failure while reading the setting "UseOriginLabels".Using the default value: true.The string read was: null 
57204      INFO  main            d.u.i.k.p.r.p.TestFile    Now processing file /home/runner/work/key/key/key.core/../key.ui/examples/InformationFlow/NewObjects/object.ObjectOrientation(object.ObjectOrientation__secure_object_creation_3()).JML operation contract.0.key 
57204      DEBUG main            d.u.i.k.p.i.KeYFile       Reading KeY file /home/runner/work/key/key/key.core/../key.ui/examples/InformationFlow/NewObjects/object.ObjectOrientation(object.ObjectOrientation__secure_object_creation_3()).JML operation contract.0.key 
58001      DEBUG main            d.u.i.k.j.r.ClassPreparationMethodBuilder clPrepBuilder: Inner Class detected. Reject building class initialisation methods. 
58046      DEBUG main            d.u.i.k.j.Recoder2KeY     converting now /home/runner/work/key/key/key.core/../key.ui/examples/InformationFlow/NewObjects/src/object/Naumann.java 
58048      DEBUG main            d.u.i.k.j.Recoder2KeY     converting now /home/runner/work/key/key/key.core/../key.ui/examples/InformationFlow/NewObjects/src/object/AmtoftBanerjee.java 
58049      DEBUG main            d.u.i.k.j.Recoder2KeY     converting now /home/runner/work/key/key/key.core/../key.ui/examples/InformationFlow/NewObjects/src/object/AmtoftBanerjee2.java 
58050      DEBUG main            d.u.i.k.j.Recoder2KeY     converting now /home/runner/work/key/key/key.core/../key.ui/examples/InformationFlow/NewObjects/src/object/ObjectOrientation.java 
58051      DEBUG main            d.u.i.k.j.Recoder2KeY     converting now /home/runner/work/key/key/key.core/../key.ui/examples/InformationFlow/NewObjects/src/object/AmtoftBanerjee3.java 
58056      DEBUG main            d.u.i.k.s.TermLabelSettings TermLabelSettings: Failure while reading the setting "UseOriginLabels".Using the default value: true.The string read was: null 
58057      DEBUG main            d.u.i.k.p.i.KeYFile       Reading KeY file file:/home/runner/work/key/key/key.core/build/resources/main/de/uka/ilkd/key/java/JavaRedux/java/lang/String.key 
59857      DEBUG main            d.u.i.k.p.i.KeYFile       Reading KeY file /home/runner/work/key/key/key.core/../key.ui/examples/InformationFlow/NewObjects/object.ObjectOrientation(object.ObjectOrientation__secure_object_creation_3()).JML operation contract.0.key 
59886      DEBUG Thread-31       d.u.i.k.r.m.MethodCall    method-call: called for ObjectOrientation.<createObject>(); 
59886      DEBUG Thread-31       d.u.i.k.r.m.MethodCall    method-call: invocation of static method detected 
59891      DEBUG Thread-31       d.u.i.k.r.m.MethodCall    method-call: called for ObjectOrientation.<allocate>(); 
59891      DEBUG Thread-31       d.u.i.k.r.m.MethodCall    method-call: invocation of static method detected 
59903      DEBUG Thread-31       d.u.i.k.j.TypeConverter   typeconverter: (prefix this;, class class de.uka.ilkd.key.java.reference.ThisReference) 
59907      DEBUG Thread-31       d.u.i.k.r.m.MethodCall    method-call: called for <prepareEnter>(); 
59907      DEBUG Thread-31       d.u.i.k.r.m.MethodCall    method-call: invocation of private method detected.Requires static resolving. 
59911      DEBUG Thread-31       d.u.i.k.r.m.MethodCall    method-call: called for super.<prepare>(); 
59912      DEBUG Thread-31       d.u.i.k.r.m.MethodCall    method-call: super invocation of method detected.Requires static resolving. 
59917      DEBUG Thread-31       d.u.i.k.j.TypeConverter   typeconverter: (prefix this;, class class de.uka.ilkd.key.java.reference.ThisReference) 
59921      DEBUG Thread-31       d.u.i.k.j.TypeConverter   typeconverter: (prefix this;, class class de.uka.ilkd.key.java.reference.ThisReference) 
59942      DEBUG Thread-31       d.u.i.k.r.m.MethodCall    method-call: called for super.<init>(); 
59943      DEBUG Thread-31       d.u.i.k.r.m.MethodCall    method-call: super invocation of method detected.Requires static resolving. 
59957      DEBUG Thread-31       d.u.i.k.j.TypeConverter   typeconverter: (prefix this;, class class de.uka.ilkd.key.java.reference.ThisReference) 
60059      INFO  main            d.u.i.k.p.r.p.TestFile    ... finished proof: closed. 
60236      DEBUG main            d.u.i.k.s.TermLabelSettings TermLabelSettings: Failure while reading the setting "UseOriginLabels".Using the default value: true.The string read was: null 
60236      INFO  main            d.u.i.k.p.r.p.TestFile    Now processing file /home/runner/work/key/key/key.core/../key.ui/examples/InformationFlow/NewObjects/object.ObjectOrientation(object.ObjectOrientation__secure_object_creation_2()).JML operation contract.0.key 
60237      DEBUG main            d.u.i.k.p.i.KeYFile       Reading KeY file /home/runner/work/key/key/key.core/../key.ui/examples/InformationFlow/NewObjects/object.ObjectOrientation(object.ObjectOrientation__secure_object_creation_2()).JML operation contract.0.key 
61015      DEBUG main            d.u.i.k.j.r.ClassPreparationMethodBuilder clPrepBuilder: Inner Class detected. Reject building class initialisation methods. 
61060      DEBUG main            d.u.i.k.j.Recoder2KeY     converting now /home/runner/work/key/key/key.core/../key.ui/examples/InformationFlow/NewObjects/src/object/Naumann.java 
61061      DEBUG main            d.u.i.k.j.Recoder2KeY     converting now /home/runner/work/key/key/key.core/../key.ui/examples/InformationFlow/NewObjects/src/object/AmtoftBanerjee.java 
61062      DEBUG main            d.u.i.k.j.Recoder2KeY     converting now /home/runner/work/key/key/key.core/../key.ui/examples/InformationFlow/NewObjects/src/object/AmtoftBanerjee2.java 
61063      DEBUG main            d.u.i.k.j.Recoder2KeY     converting now /home/runner/work/key/key/key.core/../key.ui/examples/InformationFlow/NewObjects/src/object/ObjectOrientation.java 
61064      DEBUG main            d.u.i.k.j.Recoder2KeY     converting now /home/runner/work/key/key/key.core/../key.ui/examples/InformationFlow/NewObjects/src/object/AmtoftBanerjee3.java 
61068      DEBUG main            d.u.i.k.s.TermLabelSettings TermLabelSettings: Failure while reading the setting "UseOriginLabels".Using the default value: true.The string read was: null 
61069      DEBUG main            d.u.i.k.p.i.KeYFile       Reading KeY file file:/home/runner/work/key/key/key.core/build/resources/main/de/uka/ilkd/key/java/JavaRedux/java/lang/String.key 
62878      DEBUG main            d.u.i.k.p.i.KeYFile       Reading KeY file /home/runner/work/key/key/key.core/../key.ui/examples/InformationFlow/NewObjects/object.ObjectOrientation(object.ObjectOrientation__secure_object_creation_2()).JML operation contract.0.key 
62905      DEBUG Thread-33       d.u.i.k.r.m.MethodCall    method-call: called for ObjectOrientation.<createObject>(); 
62905      DEBUG Thread-33       d.u.i.k.r.m.MethodCall    method-call: invocation of static method detected 
62910      DEBUG Thread-33       d.u.i.k.r.m.MethodCall    method-call: called for ObjectOrientation.<allocate>(); 
62910      DEBUG Thread-33       d.u.i.k.r.m.MethodCall    method-call: invocation of static method detected 
62922      DEBUG Thread-33       d.u.i.k.j.TypeConverter   typeconverter: (prefix this;, class class de.uka.ilkd.key.java.reference.ThisReference) 
62925      DEBUG Thread-33       d.u.i.k.r.m.MethodCall    method-call: called for <prepareEnter>(); 
62926      DEBUG Thread-33       d.u.i.k.r.m.MethodCall    method-call: invocation of private method detected.Requires static resolving. 
62929      DEBUG Thread-33       d.u.i.k.r.m.MethodCall    method-call: called for super.<prepare>(); 
62929      DEBUG Thread-33       d.u.i.k.r.m.MethodCall    method-call: super invocation of method detected.Requires static resolving. 
62934      DEBUG Thread-33       d.u.i.k.j.TypeConverter   typeconverter: (prefix this;, class class de.uka.ilkd.key.java.reference.ThisReference) 
62938      DEBUG Thread-33       d.u.i.k.j.TypeConverter   typeconverter: (prefix this;, class class de.uka.ilkd.key.java.reference.ThisReference) 
62958      DEBUG Thread-33       d.u.i.k.r.m.MethodCall    method-call: called for super.<init>(); 
62958      DEBUG Thread-33       d.u.i.k.r.m.MethodCall    method-call: super invocation of method detected.Requires static resolving. 
62963      DEBUG Thread-33       d.u.i.k.j.TypeConverter   typeconverter: (prefix this;, class class de.uka.ilkd.key.java.reference.ThisReference) 
63082      INFO  main            d.u.i.k.p.r.p.TestFile    ... finished proof: closed. 
63256      DEBUG main            d.u.i.k.s.TermLabelSettings TermLabelSettings: Failure while reading the setting "UseOriginLabels".Using the default value: true.The string read was: null 
63256      INFO  main            d.u.i.k.p.r.p.TestFile    Now processing file /home/runner/work/key/key/key.core/../key.ui/examples/InformationFlow/NewObjects/object.ObjectOrientation(object.ObjectOrientation__secure_object_creation()).JML operation contract.0.key 
63256      DEBUG main            d.u.i.k.p.i.KeYFile       Reading KeY file /home/runner/work/key/key/key.core/../key.ui/examples/InformationFlow/NewObjects/object.ObjectOrientation(object.ObjectOrientation__secure_object_creation()).JML operation contract.0.key 
64033      DEBUG main            d.u.i.k.j.r.ClassPreparationMethodBuilder clPrepBuilder: Inner Class detected. Reject building class initialisation methods. 
64078      DEBUG main            d.u.i.k.j.Recoder2KeY     converting now /home/runner/work/key/key/key.core/../key.ui/examples/InformationFlow/NewObjects/src/object/Naumann.java 
64079      DEBUG main            d.u.i.k.j.Recoder2KeY     converting now /home/runner/work/key/key/key.core/../key.ui/examples/InformationFlow/NewObjects/src/object/AmtoftBanerjee.java 
64080      DEBUG main            d.u.i.k.j.Recoder2KeY     converting now /home/runner/work/key/key/key.core/../key.ui/examples/InformationFlow/NewObjects/src/object/AmtoftBanerjee2.java 
64081      DEBUG main            d.u.i.k.j.Recoder2KeY     converting now /home/runner/work/key/key/key.core/../key.ui/examples/InformationFlow/NewObjects/src/object/ObjectOrientation.java 
64082      DEBUG main            d.u.i.k.j.Recoder2KeY     converting now /home/runner/work/key/key/key.core/../key.ui/examples/InformationFlow/NewObjects/src/object/AmtoftBanerjee3.java 
64089      DEBUG main            d.u.i.k.s.TermLabelSettings TermLabelSettings: Failure while reading the setting "UseOriginLabels".Using the default value: true.The string read was: null 
64090      DEBUG main            d.u.i.k.p.i.KeYFile       Reading KeY file file:/home/runner/work/key/key/key.core/build/resources/main/de/uka/ilkd/key/java/JavaRedux/java/lang/String.key 
65876      DEBUG main            d.u.i.k.p.i.KeYFile       Reading KeY file /home/runner/work/key/key/key.core/../key.ui/examples/InformationFlow/NewObjects/object.ObjectOrientation(object.ObjectOrientation__secure_object_creation()).JML operation contract.0.key 
65906      DEBUG Thread-35       d.u.i.k.r.m.MethodCall    method-call: called for ObjectOrientation.<createObject>(); 
65907      DEBUG Thread-35       d.u.i.k.r.m.MethodCall    method-call: invocation of static method detected 
65912      DEBUG Thread-35       d.u.i.k.r.m.MethodCall    method-call: called for ObjectOrientation.<allocate>(); 
65912      DEBUG Thread-35       d.u.i.k.r.m.MethodCall    method-call: invocation of static method detected 
65924      DEBUG Thread-35       d.u.i.k.j.TypeConverter   typeconverter: (prefix this;, class class de.uka.ilkd.key.java.reference.ThisReference) 
65928      DEBUG Thread-35       d.u.i.k.r.m.MethodCall    method-call: called for <prepareEnter>(); 
65928      DEBUG Thread-35       d.u.i.k.r.m.MethodCall    method-call: invocation of private method detected.Requires static resolving. 
65932      DEBUG Thread-35       d.u.i.k.r.m.MethodCall    method-call: called for super.<prepare>(); 
65932      DEBUG Thread-35       d.u.i.k.r.m.MethodCall    method-call: super invocation of method detected.Requires static resolving. 
65937      DEBUG Thread-35       d.u.i.k.j.TypeConverter   typeconverter: (prefix this;, class class de.uka.ilkd.key.java.reference.ThisReference) 
65942      DEBUG Thread-35       d.u.i.k.j.TypeConverter   typeconverter: (prefix this;, class class de.uka.ilkd.key.java.reference.ThisReference) 
65963      DEBUG Thread-35       d.u.i.k.r.m.MethodCall    method-call: called for super.<init>(); 
65963      DEBUG Thread-35       d.u.i.k.r.m.MethodCall    method-call: super invocation of method detected.Requires static resolving. 
65969      DEBUG Thread-35       d.u.i.k.j.TypeConverter   typeconverter: (prefix this;, class class de.uka.ilkd.key.java.reference.ThisReference) 
66082      INFO  main            d.u.i.k.p.r.p.TestFile    ... finished proof: closed. 
66266      DEBUG main            d.u.i.k.s.TermLabelSettings TermLabelSettings: Failure while reading the setting "UseOriginLabels".Using the default value: true.The string read was: null 
66266      INFO  main            d.u.i.k.p.r.p.TestFile    Now processing file /home/runner/work/key/key/key.core/../key.ui/examples/InformationFlow/NewObjects/object.AmtoftBanerjee2(object.AmtoftBanerjee2__expensive(int)).JML accessible clause.0.key 
66267      DEBUG main            d.u.i.k.p.i.KeYFile       Reading KeY file /home/runner/work/key/key/key.core/../key.ui/examples/InformationFlow/NewObjects/object.AmtoftBanerjee2(object.AmtoftBanerjee2__expensive(int)).JML accessible clause.0.key 
67057      DEBUG main            d.u.i.k.j.r.ClassPreparationMethodBuilder clPrepBuilder: Inner Class detected. Reject building class initialisation methods. 
67103      DEBUG main            d.u.i.k.j.Recoder2KeY     converting now /home/runner/work/key/key/key.core/../key.ui/examples/InformationFlow/NewObjects/src/object/Naumann.java 
67105      DEBUG main            d.u.i.k.j.Recoder2KeY     converting now /home/runner/work/key/key/key.core/../key.ui/examples/InformationFlow/NewObjects/src/object/AmtoftBanerjee.java 
67106      DEBUG main            d.u.i.k.j.Recoder2KeY     converting now /home/runner/work/key/key/key.core/../key.ui/examples/InformationFlow/NewObjects/src/object/AmtoftBanerjee2.java 
67107      DEBUG main            d.u.i.k.j.Recoder2KeY     converting now /home/runner/work/key/key/key.core/../key.ui/examples/InformationFlow/NewObjects/src/object/ObjectOrientation.java 
67108      DEBUG main            d.u.i.k.j.Recoder2KeY     converting now /home/runner/work/key/key/key.core/../key.ui/examples/InformationFlow/NewObjects/src/object/AmtoftBanerjee3.java 
67114      DEBUG main            d.u.i.k.s.TermLabelSettings TermLabelSettings: Failure while reading the setting "UseOriginLabels".Using the default value: true.The string read was: null 
67115      DEBUG main            d.u.i.k.p.i.KeYFile       Reading KeY file file:/home/runner/work/key/key/key.core/build/resources/main/de/uka/ilkd/key/java/JavaRedux/java/lang/String.key 
68875      DEBUG main            d.u.i.k.p.i.KeYFile       Reading KeY file /home/runner/work/key/key/key.core/../key.ui/examples/InformationFlow/NewObjects/object.AmtoftBanerjee2(object.AmtoftBanerjee2__expensive(int)).JML accessible clause.0.key 
68991      INFO  main            d.u.i.k.p.r.p.TestFile    ... finished proof: closed. 
69163      DEBUG main            d.u.i.k.s.TermLabelSettings TermLabelSettings: Failure while reading the setting "UseOriginLabels".Using the default value: true.The string read was: null 
69163      INFO  main            d.u.i.k.p.r.p.TestFile    Now processing file /home/runner/work/key/key/key.core/../key.ui/examples/InformationFlow/NewObjects/object.AmtoftBanerjee2(object.AmtoftBanerjee2__expensive(int)).JML normal_behavior operation contract.0.key 
69163      DEBUG main            d.u.i.k.p.i.KeYFile       Reading KeY file /home/runner/work/key/key/key.core/../key.ui/examples/InformationFlow/NewObjects/object.AmtoftBanerjee2(object.AmtoftBanerjee2__expensive(int)).JML normal_behavior operation contract.0.key 
69937      DEBUG main            d.u.i.k.j.r.ClassPreparationMethodBuilder clPrepBuilder: Inner Class detected. Reject building class initialisation methods. 
69982      DEBUG main            d.u.i.k.j.Recoder2KeY     converting now /home/runner/work/key/key/key.core/../key.ui/examples/InformationFlow/NewObjects/src/object/Naumann.java 
69983      DEBUG main            d.u.i.k.j.Recoder2KeY     converting now /home/runner/work/key/key/key.core/../key.ui/examples/InformationFlow/NewObjects/src/object/AmtoftBanerjee.java 
69984      DEBUG main            d.u.i.k.j.Recoder2KeY     converting now /home/runner/work/key/key/key.core/../key.ui/examples/InformationFlow/NewObjects/src/object/AmtoftBanerjee2.java 
69985      DEBUG main            d.u.i.k.j.Recoder2KeY     converting now /home/runner/work/key/key/key.core/../key.ui/examples/InformationFlow/NewObjects/src/object/ObjectOrientation.java 
69986      DEBUG main            d.u.i.k.j.Recoder2KeY     converting now /home/runner/work/key/key/key.core/../key.ui/examples/InformationFlow/NewObjects/src/object/AmtoftBanerjee3.java 
69990      DEBUG main            d.u.i.k.s.TermLabelSettings TermLabelSettings: Failure while reading the setting "UseOriginLabels".Using the default value: true.The string read was: null 
69991      DEBUG main            d.u.i.k.p.i.KeYFile       Reading KeY file file:/home/runner/work/key/key/key.core/build/resources/main/de/uka/ilkd/key/java/JavaRedux/java/lang/String.key 
71773      DEBUG main            d.u.i.k.p.i.KeYFile       Reading KeY file /home/runner/work/key/key/key.core/../key.ui/examples/InformationFlow/NewObjects/object.AmtoftBanerjee2(object.AmtoftBanerjee2__expensive(int)).JML normal_behavior operation contract.0.key 
71798      DEBUG Thread-39       d.u.i.k.r.m.MethodCall    method-call: called for callee.expensive(z_0); 
71798      DEBUG Thread-39       d.u.i.k.r.m.MethodCall    method-call: invocation of non-private instance method detected.Requires dynamic resolving. 
71877      INFO  main            d.u.i.k.p.r.p.TestFile    ... finished proof: closed. 
72057      DEBUG main            d.u.i.k.s.TermLabelSettings TermLabelSettings: Failure while reading the setting "UseOriginLabels".Using the default value: true.The string read was: null 
72057      INFO  main            d.u.i.k.p.r.p.TestFile    Now processing file /home/runner/work/key/key/key.core/../key.ui/examples/InformationFlow/NewObjects/object.AmtoftBanerjee2(object.AmtoftBanerjee2__cexp(int)).JML normal_behavior operation contract.0.key 
72057      DEBUG main            d.u.i.k.p.i.KeYFile       Reading KeY file /home/runner/work/key/key/key.core/../key.ui/examples/InformationFlow/NewObjects/object.AmtoftBanerjee2(object.AmtoftBanerjee2__cexp(int)).JML normal_behavior operation contract.0.key 
72834      DEBUG main            d.u.i.k.j.r.ClassPreparationMethodBuilder clPrepBuilder: Inner Class detected. Reject building class initialisation methods. 
72878      DEBUG main            d.u.i.k.j.Recoder2KeY     converting now /home/runner/work/key/key/key.core/../key.ui/examples/InformationFlow/NewObjects/src/object/Naumann.java 
72880      DEBUG main            d.u.i.k.j.Recoder2KeY     converting now /home/runner/work/key/key/key.core/../key.ui/examples/InformationFlow/NewObjects/src/object/AmtoftBanerjee.java 
72881      DEBUG main            d.u.i.k.j.Recoder2KeY     converting now /home/runner/work/key/key/key.core/../key.ui/examples/InformationFlow/NewObjects/src/object/AmtoftBanerjee2.java 
72881      DEBUG main            d.u.i.k.j.Recoder2KeY     converting now /home/runner/work/key/key/key.core/../key.ui/examples/InformationFlow/NewObjects/src/object/ObjectOrientation.java 
72883      DEBUG main            d.u.i.k.j.Recoder2KeY     converting now /home/runner/work/key/key/key.core/../key.ui/examples/InformationFlow/NewObjects/src/object/AmtoftBanerjee3.java 
72887      DEBUG main            d.u.i.k.s.TermLabelSettings TermLabelSettings: Failure while reading the setting "UseOriginLabels".Using the default value: true.The string read was: null 
72888      DEBUG main            d.u.i.k.p.i.KeYFile       Reading KeY file file:/home/runner/work/key/key/key.core/build/resources/main/de/uka/ilkd/key/java/JavaRedux/java/lang/String.key 
74631      DEBUG main            d.u.i.k.p.i.KeYFile       Reading KeY file /home/runner/work/key/key/key.core/../key.ui/examples/InformationFlow/NewObjects/object.AmtoftBanerjee2(object.AmtoftBanerjee2__cexp(int)).JML normal_behavior operation contract.0.key 
74687      DEBUG Thread-41       d.u.i.k.j.TypeConverter   typeconverter: (prefix this;, class class de.uka.ilkd.key.java.reference.ThisReference) 
74731      DEBUG Thread-41       d.u.i.k.j.TypeConverter   typeconverter: (prefix this;, class class de.uka.ilkd.key.java.reference.ThisReference) 
74734      DEBUG Thread-41       d.u.i.k.j.TypeConverter   typeconverter: (prefix this;, class class de.uka.ilkd.key.java.reference.ThisReference) 
74790      DEBUG Thread-41       d.u.i.k.j.TypeConverter   typeconverter: (prefix this;, class class de.uka.ilkd.key.java.reference.ThisReference) 
74826      DEBUG Thread-41       d.u.i.k.j.TypeConverter   typeconverter: (prefix this;, class class de.uka.ilkd.key.java.reference.ThisReference) 
74829      DEBUG Thread-41       d.u.i.k.j.TypeConverter   typeconverter: (prefix this;, class class de.uka.ilkd.key.java.reference.ThisReference) 
74934      INFO  main            d.u.i.k.p.r.p.TestFile    ... finished proof: closed. 
75124      DEBUG main            d.u.i.k.s.TermLabelSettings TermLabelSettings: Failure while reading the setting "UseOriginLabels".Using the default value: true.The string read was: null 
75124      INFO  main            d.u.i.k.p.r.p.TestFile    Now processing file /home/runner/work/key/key/key.core/../key.ui/examples/InformationFlow/PasswordFile/passwordfile.SecurePasswordFile(passwordfile.SecurePasswordFile___userIndex()).JML accessible clause.0.key 
75124      DEBUG main            d.u.i.k.p.i.KeYFile       Reading KeY file /home/runner/work/key/key/key.core/../key.ui/examples/InformationFlow/PasswordFile/passwordfile.SecurePasswordFile(passwordfile.SecurePasswordFile___userIndex()).JML accessible clause.0.key 
75914      DEBUG main            d.u.i.k.j.Recoder2KeY     converting now /home/runner/work/key/key/key.core/../key.ui/examples/InformationFlow/PasswordFile/src/passwordfile/SecurePasswordFile.java 
75919      DEBUG main            d.u.i.k.s.TermLabelSettings TermLabelSettings: Failure while reading the setting "UseOriginLabels".Using the default value: true.The string read was: null 
75920      DEBUG main            d.u.i.k.p.i.KeYFile       Reading KeY file file:/home/runner/work/key/key/key.core/build/resources/main/de/uka/ilkd/key/java/JavaRedux/java/lang/String.key 
77538      DEBUG main            d.u.i.k.p.i.KeYFile       Reading KeY file /home/runner/work/key/key/key.core/../key.ui/examples/InformationFlow/PasswordFile/passwordfile.SecurePasswordFile(passwordfile.SecurePasswordFile___userIndex()).JML accessible clause.0.key 
77646      INFO  main            d.u.i.k.p.r.p.TestFile    ... finished proof: open goal(s) 
537476     INFO  Test worker     d.u.i.k.p.r.RunAllProofsTestUnit Returning from test NewObjects 
537477     INFO  Test worker     d.u.i.k.p.r.RunAllProofsTestUnit Running test SimpleEvoting 
329        INFO  Timeout watchdog d.u.i.k.p.r.p.ForkedTestFileRunner Timeout watcher launched (1000 secs.) 
345        WARN  main            d.u.i.k.s.ProofSettings   The settings in /home/runner/.key/proof-settings.props are *not* read. 
385        DEBUG main            d.u.i.k.s.TermLabelSettings TermLabelSettings: Failure while reading the setting "UseOriginLabels".Using the default value: true.The string read was: null 
385        INFO  main            d.u.i.k.p.r.p.TestFile    Now processing file /home/runner/work/key/key/key.core/../key.ui/examples/InformationFlow/SimpleEvoting/simple_evoting.Environment(simple_evoting.Environment__untrustedOutputMessage((B)).JML normal_behavior operation contract.0.key 
546        DEBUG main            d.u.i.k.p.i.KeYFile       Reading KeY file /home/runner/work/key/key/key.core/../key.ui/examples/InformationFlow/SimpleEvoting/simple_evoting.Environment(simple_evoting.Environment__untrustedOutputMessage((B)).JML normal_behavior operation contract.0.key 
762        DEBUG main            d.u.i.k.p.i.KeYFile       Reading KeY file file:/home/runner/work/key/key/key.core/build/resources/main/de/uka/ilkd/key/proof/rules/standardRules.key 
813        DEBUG main            d.u.i.k.p.i.KeYFile       Reading KeY file file:/home/runner/work/key/key/key.core/build/resources/main/de/uka/ilkd/key/proof/rules/ldt.key 
826        DEBUG main            d.u.i.k.p.i.KeYFile       Reading KeY file file:/home/runner/work/key/key/key.core/build/resources/main/de/uka/ilkd/key/proof/rules/boolean.key 
850        DEBUG main            d.u.i.k.p.i.KeYFile       Reading KeY file file:/home/runner/work/key/key/key.core/build/resources/main/de/uka/ilkd/key/proof/rules/ruleSetsDeclarations.key 
892        DEBUG main            d.u.i.k.p.i.KeYFile       Reading KeY file file:/home/runner/work/key/key/key.core/build/resources/main/de/uka/ilkd/key/proof/rules/integerHeader.key 
908        DEBUG main            d.u.i.k.p.i.KeYFile       Reading KeY file file:/home/runner/work/key/key/key.core/build/resources/main/de/uka/ilkd/key/proof/rules/floatHeader.key 
914        DEBUG main            d.u.i.k.p.i.KeYFile       Reading KeY file file:/home/runner/work/key/key/key.core/build/resources/main/de/uka/ilkd/key/proof/rules/heap.key 
920        DEBUG main            d.u.i.k.p.i.KeYFile       Reading KeY file file:/home/runner/work/key/key/key.core/build/resources/main/de/uka/ilkd/key/proof/rules/locSets.key 
921        DEBUG main            d.u.i.k.p.i.KeYFile       Reading KeY file file:/home/runner/work/key/key/key.core/build/resources/main/de/uka/ilkd/key/proof/rules/permission.key 
923        DEBUG main            d.u.i.k.p.i.KeYFile       Reading KeY file file:/home/runner/work/key/key/key.core/build/resources/main/de/uka/ilkd/key/proof/rules/reach.key 
924        DEBUG main            d.u.i.k.p.i.KeYFile       Reading KeY file file:/home/runner/work/key/key/key.core/build/resources/main/de/uka/ilkd/key/proof/rules/seq.key 
927        DEBUG main            d.u.i.k.p.i.KeYFile       Reading KeY file file:/home/runner/work/key/key/key.core/build/resources/main/de/uka/ilkd/key/proof/rules/map.key 
972        DEBUG main            d.u.i.k.p.i.KeYFile       Reading KeY file file:/home/runner/work/key/key/key.core/build/resources/main/de/uka/ilkd/key/proof/rules/freeADT.key 
973        DEBUG main            d.u.i.k.p.i.KeYFile       Reading KeY file file:/home/runner/work/key/key/key.core/build/resources/main/de/uka/ilkd/key/proof/rules/wellfound.key 
974        DEBUG main            d.u.i.k.p.i.KeYFile       Reading KeY file file:/home/runner/work/key/key/key.core/build/resources/main/de/uka/ilkd/key/proof/rules/charListHeader.key 
1081       DEBUG main            d.u.i.k.p.i.KeYFile       Reading KeY file file:/home/runner/work/key/key/key.core/build/resources/main/de/uka/ilkd/key/proof/rules/propRule.key 
1107       DEBUG main            d.u.i.k.p.i.KeYFile       Reading KeY file file:/home/runner/work/key/key/key.core/build/resources/main/de/uka/ilkd/key/proof/rules/firstOrderRules.key 
1127       DEBUG main            d.u.i.k.p.i.KeYFile       Reading KeY file file:/home/runner/work/key/key/key.core/build/resources/main/de/uka/ilkd/key/proof/rules/ifThenElseRules.key 
1169       DEBUG main            d.u.i.k.p.i.KeYFile       Reading KeY file file:/home/runner/work/key/key/key.core/build/resources/main/de/uka/ilkd/key/proof/rules/formulaNormalisationRules.key 
1311       DEBUG main            d.u.i.k.p.i.KeYFile       Reading KeY file file:/home/runner/work/key/key/key.core/build/resources/main/de/uka/ilkd/key/proof/rules/updateRules.key 
1329       DEBUG main            d.u.i.k.p.i.KeYFile       Reading KeY file file:/home/runner/work/key/key/key.core/build/resources/main/de/uka/ilkd/key/proof/rules/integerRulesCommon.key 
1417       DEBUG main            d.u.i.k.p.i.KeYFile       Reading KeY file file:/home/runner/work/key/key/key.core/build/resources/main/de/uka/ilkd/key/proof/rules/intRules.key 
1435       DEBUG main            d.u.i.k.p.i.KeYFile       Reading KeY file file:/home/runner/work/key/key/key.core/build/resources/main/de/uka/ilkd/key/proof/rules/intRulesUncheckedSemantics.key 
1445       DEBUG main            d.u.i.k.p.i.KeYFile       Reading KeY file file:/home/runner/work/key/key/key.core/build/resources/main/de/uka/ilkd/key/proof/rules/intRulesCheckedSemantics.key 
1450       DEBUG main            d.u.i.k.p.i.KeYFile       Reading KeY file file:/home/runner/work/key/key/key.core/build/resources/main/de/uka/ilkd/key/proof/rules/intRulesJavaSemantics.key 
1462       DEBUG main            d.u.i.k.p.i.KeYFile       Reading KeY file file:/home/runner/work/key/key/key.core/build/resources/main/de/uka/ilkd/key/proof/rules/integerSimplificationRules.key 
1643       DEBUG main            d.u.i.k.j.TypeConverter   No LDT found for Meta 
1644       DEBUG main            d.u.i.k.j.TypeConverter   No LDT found for Meta 
1649       DEBUG main            d.u.i.k.j.TypeConverter   No LDT found for Meta 
1650       DEBUG main            d.u.i.k.j.TypeConverter   No LDT found for Meta 
1682       DEBUG main            d.u.i.k.p.i.KeYFile       Reading KeY file file:/home/runner/work/key/key/key.core/build/resources/main/de/uka/ilkd/key/proof/rules/intDiv.key 
1744       DEBUG main            d.u.i.k.p.i.KeYFile       Reading KeY file file:/home/runner/work/key/key/key.core/build/resources/main/de/uka/ilkd/key/proof/rules/bsum.key 
1820       DEBUG main            d.u.i.k.p.i.KeYFile       Reading KeY file file:/home/runner/work/key/key/key.core/build/resources/main/de/uka/ilkd/key/proof/rules/bprod.key 
1876       DEBUG main            d.u.i.k.p.i.KeYFile       Reading KeY file file:/home/runner/work/key/key/key.core/build/resources/main/de/uka/ilkd/key/proof/rules/binaryAxioms.key 
1882       DEBUG main            d.u.i.k.p.i.KeYFile       Reading KeY file file:/home/runner/work/key/key/key.core/build/resources/main/de/uka/ilkd/key/proof/rules/binaryLemmas.key 
1892       DEBUG main            d.u.i.k.p.i.KeYFile       Reading KeY file file:/home/runner/work/key/key/key.core/build/resources/main/de/uka/ilkd/key/proof/rules/intPow.key 
1905       DEBUG main            d.u.i.k.p.i.KeYFile       Reading KeY file file:/home/runner/work/key/key/key.core/build/resources/main/de/uka/ilkd/key/proof/rules/floatRulesCommon.key 
1929       DEBUG main            d.u.i.k.p.i.KeYFile       Reading KeY file file:/home/runner/work/key/key/key.core/build/resources/main/de/uka/ilkd/key/proof/rules/floatRules.key 
1930       DEBUG main            d.u.i.k.p.i.KeYFile       Reading KeY file file:/home/runner/work/key/key/key.core/build/resources/main/de/uka/ilkd/key/proof/rules/floatRulesVerifyNormal.key 
1933       DEBUG main            d.u.i.k.p.i.KeYFile       Reading KeY file file:/home/runner/work/key/key/key.core/build/resources/main/de/uka/ilkd/key/proof/rules/floatRulesAssumeStrictfp.key 
1969       DEBUG main            d.u.i.k.p.i.KeYFile       Reading KeY file file:/home/runner/work/key/key/key.core/build/resources/main/de/uka/ilkd/key/proof/rules/genericRules.key 
1985       DEBUG main            d.u.i.k.p.i.KeYFile       Reading KeY file file:/home/runner/work/key/key/key.core/build/resources/main/de/uka/ilkd/key/proof/rules/booleanRules.key 
1988       DEBUG main            d.u.i.k.p.i.KeYFile       Reading KeY file file:/home/runner/work/key/key/key.core/build/resources/main/de/uka/ilkd/key/proof/rules/epsilon.key 
1992       DEBUG main            d.u.i.k.p.i.KeYFile       Reading KeY file file:/home/runner/work/key/key/key.core/build/resources/main/de/uka/ilkd/key/proof/rules/locSetsRules.key 
2043       DEBUG main            d.u.i.k.p.i.KeYFile       Reading KeY file file:/home/runner/work/key/key/key.core/build/resources/main/de/uka/ilkd/key/proof/rules/heapRules.key 
2110       DEBUG main            d.u.i.k.p.i.KeYFile       Reading KeY file file:/home/runner/work/key/key/key.core/build/resources/main/de/uka/ilkd/key/proof/rules/permissionRules.key 
2129       DEBUG main            d.u.i.k.p.i.KeYFile       Reading KeY file file:/home/runner/work/key/key/key.core/build/resources/main/de/uka/ilkd/key/proof/rules/reachRules.key 
2150       DEBUG main            d.u.i.k.p.i.KeYFile       Reading KeY file file:/home/runner/work/key/key/key.core/build/resources/main/de/uka/ilkd/key/proof/rules/seqCoreRules.key 
2153       DEBUG main            d.u.i.k.p.i.KeYFile       Reading KeY file file:/home/runner/work/key/key/key.core/build/resources/main/de/uka/ilkd/key/proof/rules/seqRules.key 
2205       DEBUG main            d.u.i.k.p.i.KeYFile       Reading KeY file file:/home/runner/work/key/key/key.core/build/resources/main/de/uka/ilkd/key/proof/rules/seqPerm.key 
2230       DEBUG main            d.u.i.k.p.i.KeYFile       Reading KeY file file:/home/runner/work/key/key/key.core/build/resources/main/de/uka/ilkd/key/proof/rules/seqPerm2.key 
2234       DEBUG main            d.u.i.k.p.i.KeYFile       Reading KeY file file:/home/runner/work/key/key/key.core/build/resources/main/de/uka/ilkd/key/proof/rules/javaRules.key 
2310       DEBUG main            d.u.i.k.p.i.KeYFile       Reading KeY file file:/home/runner/work/key/key/key.core/build/resources/main/de/uka/ilkd/key/proof/rules/assertions.key 
2808       DEBUG main            d.u.i.k.p.i.KeYFile       Reading KeY file file:/home/runner/work/key/key/key.core/build/resources/main/de/uka/ilkd/key/proof/rules/loopRules.key 
2816       DEBUG main            d.u.i.k.p.i.KeYFile       Reading KeY file file:/home/runner/work/key/key/key.core/build/resources/main/de/uka/ilkd/key/proof/rules/activeUse.key 
2866       DEBUG main            d.u.i.k.p.i.KeYFile       Reading KeY file file:/home/runner/work/key/key/key.core/build/resources/main/de/uka/ilkd/key/proof/rules/instanceAllocation.key 
2883       DEBUG main            d.u.i.k.p.i.KeYFile       Reading KeY file file:/home/runner/work/key/key/key.core/build/resources/main/de/uka/ilkd/key/proof/rules/java5.key 
2885       DEBUG main            d.u.i.k.p.i.KeYFile       Reading KeY file file:/home/runner/work/key/key/key.core/build/resources/main/de/uka/ilkd/key/proof/rules/integerAssignment2UpdateRules.key 
2948       DEBUG main            d.u.i.k.p.i.KeYFile       Reading KeY file file:/home/runner/work/key/key/key.core/build/resources/main/de/uka/ilkd/key/proof/rules/floatAssignment2UpdateRules.key 
2978       DEBUG main            d.u.i.k.p.i.KeYFile       Reading KeY file file:/home/runner/work/key/key/key.core/build/resources/main/de/uka/ilkd/key/proof/rules/bigint.key 
2991       DEBUG main            d.u.i.k.j.TypeConverter   No LDT found for JavaBigintExpression 
2993       DEBUG main            d.u.i.k.p.i.KeYFile       Reading KeY file file:/home/runner/work/key/key/key.core/build/resources/main/de/uka/ilkd/key/proof/rules/adtProgramDecompositionRules.key 
3010       DEBUG main            d.u.i.k.p.i.KeYFile       Reading KeY file file:/home/runner/work/key/key/key.core/build/resources/main/de/uka/ilkd/key/proof/rules/precRules.key 
3013       DEBUG main            d.u.i.k.p.i.KeYFile       Reading KeY file file:/home/runner/work/key/key/key.core/build/resources/main/de/uka/ilkd/key/proof/rules/charListRules.key 
3027       DEBUG main            d.u.i.k.p.i.KeYFile       Reading KeY file file:/home/runner/work/key/key/key.core/build/resources/main/de/uka/ilkd/key/proof/rules/regExTheory.key 
3028       DEBUG main            d.u.i.k.p.i.KeYFile       Reading KeY file file:/home/runner/work/key/key/key.core/build/resources/main/de/uka/ilkd/key/proof/rules/regExHeader.key 
3029       DEBUG main            d.u.i.k.p.i.KeYFile       Reading KeY file file:/home/runner/work/key/key/key.core/build/resources/main/de/uka/ilkd/key/proof/rules/regExAxioms.key 
3033       DEBUG main            d.u.i.k.p.i.KeYFile       Reading KeY file file:/home/runner/work/key/key/key.core/build/resources/main/de/uka/ilkd/key/proof/rules/regExLemmaProven.key 
3039       DEBUG main            d.u.i.k.p.i.KeYFile       Reading KeY file file:/home/runner/work/key/key/key.core/build/resources/main/de/uka/ilkd/key/proof/rules/seqEq.key 
3046       DEBUG main            d.u.i.k.p.i.KeYFile       Reading KeY file file:/home/runner/work/key/key/key.core/build/resources/main/de/uka/ilkd/key/proof/rules/infFlow.key 
3052       DEBUG main            d.u.i.k.p.i.KeYFile       Reading KeY file file:/home/runner/work/key/key/key.core/build/resources/main/de/uka/ilkd/key/proof/rules/mapSize.key 
3054       DEBUG main            d.u.i.k.p.i.KeYFile       Reading KeY file file:/home/runner/work/key/key/key.core/build/resources/main/de/uka/ilkd/key/proof/rules/wd.key 
3057       DEBUG main            d.u.i.k.p.i.KeYFile       Reading KeY file file:/home/runner/work/key/key/key.core/build/resources/main/de/uka/ilkd/key/proof/rules/wdHeader.key 
3058       DEBUG main            d.u.i.k.p.i.KeYFile       Reading KeY file file:/home/runner/work/key/key/key.core/build/resources/main/de/uka/ilkd/key/proof/rules/wdGeneralRules.key 
3063       DEBUG main            d.u.i.k.p.i.KeYFile       Reading KeY file file:/home/runner/work/key/key/key.core/build/resources/main/de/uka/ilkd/key/proof/rules/wdNumericalRules.key 
3085       DEBUG main            d.u.i.k.p.i.KeYFile       Reading KeY file file:/home/runner/work/key/key/key.core/build/resources/main/de/uka/ilkd/key/proof/rules/wdLocSetRules.key 
3090       DEBUG main            d.u.i.k.p.i.KeYFile       Reading KeY file file:/home/runner/work/key/key/key.core/build/resources/main/de/uka/ilkd/key/proof/rules/wdHeapRules.key 
3095       DEBUG main            d.u.i.k.p.i.KeYFile       Reading KeY file file:/home/runner/work/key/key/key.core/build/resources/main/de/uka/ilkd/key/proof/rules/wdReachRules.key 
3096       DEBUG main            d.u.i.k.p.i.KeYFile       Reading KeY file file:/home/runner/work/key/key/key.core/build/resources/main/de/uka/ilkd/key/proof/rules/wdSeqRules.key 
3103       DEBUG main            d.u.i.k.p.i.KeYFile       Reading KeY file file:/home/runner/work/key/key/key.core/build/resources/main/de/uka/ilkd/key/proof/rules/wdStringRules.key 
3108       DEBUG main            d.u.i.k.p.i.KeYFile       Reading KeY file file:/home/runner/work/key/key/key.core/build/resources/main/de/uka/ilkd/key/proof/rules/wdRegExRules.key 
3113       DEBUG main            d.u.i.k.p.i.KeYFile       Reading KeY file file:/home/runner/work/key/key/key.core/build/resources/main/de/uka/ilkd/key/proof/rules/wdFormulaRules.key 
3132       DEBUG main            d.u.i.k.p.i.KeYFile       Reading KeY file file:/home/runner/work/key/key/key.core/build/resources/main/de/uka/ilkd/key/proof/rules/loopInvariantRules.key 
3135       DEBUG main            d.u.i.k.p.i.KeYFile       Reading KeY file file:/home/runner/work/key/key/key.core/build/resources/main/de/uka/ilkd/key/proof/rules/forLoopRules.key 
3138       DEBUG main            d.u.i.k.p.i.KeYFile       Reading KeY file file:/home/runner/work/key/key/key.core/build/resources/main/de/uka/ilkd/key/proof/rules/execRules.key 
3239       DEBUG main            d.u.i.k.p.i.KeYFile       Reading KeY file file:/home/runner/work/key/key/key.core/build/resources/main/de/uka/ilkd/key/proof/rules/loopScopeRules.key 
6137       DEBUG main            d.u.i.k.j.Recoder2KeY     converting now /home/runner/work/key/key/key.core/../key.ui/examples/InformationFlow/SimpleEvoting/src/simple_evoting/Voter.java 
6150       DEBUG main            d.u.i.k.j.Recoder2KeY     converting now /home/runner/work/key/key/key.core/../key.ui/examples/InformationFlow/SimpleEvoting/src/simple_evoting/NetworkClient.java 
6153       DEBUG main            d.u.i.k.j.Recoder2KeY     converting now /home/runner/work/key/key/key.core/../key.ui/examples/InformationFlow/SimpleEvoting/src/simple_evoting/SMT.java 
6154       DEBUG main            d.u.i.k.j.Recoder2KeY     converting now /home/runner/work/key/key/key.core/../key.ui/examples/InformationFlow/SimpleEvoting/src/simple_evoting/Environment.java 
6156       DEBUG main            d.u.i.k.j.Recoder2KeY     converting now /home/runner/work/key/key/key.core/../key.ui/examples/InformationFlow/SimpleEvoting/src/simple_evoting/Setup.java 
6160       DEBUG main            d.u.i.k.j.Recoder2KeY     converting now /home/runner/work/key/key/key.core/../key.ui/examples/InformationFlow/SimpleEvoting/src/simple_evoting/Server.java 
6165       DEBUG main            d.u.i.k.j.Recoder2KeY     converting now /home/runner/work/key/key/key.core/../key.ui/examples/InformationFlow/SimpleEvoting/src/simple_evoting/Message.java 
6167       DEBUG main            d.u.i.k.j.Recoder2KeY     converting now /home/runner/work/key/key/key.core/../key.ui/examples/InformationFlow/SimpleEvoting/src/simple_evoting/SMTEnv.java 
6219       DEBUG main            d.u.i.k.s.TermLabelSettings TermLabelSettings: Failure while reading the setting "UseOriginLabels".Using the default value: true.The string read was: null 
6230       DEBUG main            d.u.i.k.p.i.KeYFile       Reading KeY file file:/home/runner/work/key/key/key.core/build/resources/main/de/uka/ilkd/key/java/JavaRedux/java/lang/String.key 
9082       DEBUG main            d.u.i.k.p.i.KeYFile       Reading KeY file /home/runner/work/key/key/key.core/../key.ui/examples/InformationFlow/SimpleEvoting/simple_evoting.Environment(simple_evoting.Environment__untrustedOutputMessage((B)).JML normal_behavior operation contract.0.key 
9505       DEBUG Thread-1        d.u.i.k.r.m.WhileLoopTransformation While-Loop-Tranform-Result: {
  int i = 0;
  while (i < _t.length) {
    {
      untrustedOutput(_t[i]);
    }
    i++;
  }
} 
9556       DEBUG Thread-1        d.u.i.k.r.m.WhileLoopTransformation While-Loop-Tranform-Result: try {
  {
    if (i < _t.length) {
      {
        untrustedOutput(_t[i]);
      }
      i++;
    }
  }
} catch (java.lang.Throwable e#8) {
  exc#7 = true;
  thrownExc#9 = e#8;
} 
10511      INFO  main            d.u.i.k.p.r.p.TestFile    ... finished proof: closed. 
10656      DEBUG main            d.u.i.k.s.TermLabelSettings TermLabelSettings: Failure while reading the setting "UseOriginLabels".Using the default value: true.The string read was: null 
10657      INFO  main            d.u.i.k.p.r.p.TestFile    Now processing file /home/runner/work/key/key/key.core/../key.ui/examples/InformationFlow/SimpleEvoting/simple_evoting.Environment(simple_evoting.Environment__untrustedInputMessage((B)).JML normal_behavior operation contract.0.key 
10658      DEBUG main            d.u.i.k.p.i.KeYFile       Reading KeY file /home/runner/work/key/key/key.core/../key.ui/examples/InformationFlow/SimpleEvoting/simple_evoting.Environment(simple_evoting.Environment__untrustedInputMessage((B)).JML normal_behavior operation contract.0.key 
11793      DEBUG main            d.u.i.k.j.Recoder2KeY     converting now /home/runner/work/key/key/key.core/../key.ui/examples/InformationFlow/SimpleEvoting/src/simple_evoting/Voter.java 
11797      DEBUG main            d.u.i.k.j.Recoder2KeY     converting now /home/runner/work/key/key/key.core/../key.ui/examples/InformationFlow/SimpleEvoting/src/simple_evoting/NetworkClient.java 
11798      DEBUG main            d.u.i.k.j.Recoder2KeY     converting now /home/runner/work/key/key/key.core/../key.ui/examples/InformationFlow/SimpleEvoting/src/simple_evoting/SMT.java 
11800      DEBUG main            d.u.i.k.j.Recoder2KeY     converting now /home/runner/work/key/key/key.core/../key.ui/examples/InformationFlow/SimpleEvoting/src/simple_evoting/Environment.java 
11801      DEBUG main            d.u.i.k.j.Recoder2KeY     converting now /home/runner/work/key/key/key.core/../key.ui/examples/InformationFlow/SimpleEvoting/src/simple_evoting/Setup.java 
11803      DEBUG main            d.u.i.k.j.Recoder2KeY     converting now /home/runner/work/key/key/key.core/../key.ui/examples/InformationFlow/SimpleEvoting/src/simple_evoting/Server.java 
11805      DEBUG main            d.u.i.k.j.Recoder2KeY     converting now /home/runner/work/key/key/key.core/../key.ui/examples/InformationFlow/SimpleEvoting/src/simple_evoting/Message.java 
11806      DEBUG main            d.u.i.k.j.Recoder2KeY     converting now /home/runner/work/key/key/key.core/../key.ui/examples/InformationFlow/SimpleEvoting/src/simple_evoting/SMTEnv.java 
11813      DEBUG main            d.u.i.k.s.TermLabelSettings TermLabelSettings: Failure while reading the setting "UseOriginLabels".Using the default value: true.The string read was: null 
11815      DEBUG main            d.u.i.k.p.i.KeYFile       Reading KeY file file:/home/runner/work/key/key/key.core/build/resources/main/de/uka/ilkd/key/java/JavaRedux/java/lang/String.key 
14134      DEBUG main            d.u.i.k.p.i.KeYFile       Reading KeY file /home/runner/work/key/key/key.core/../key.ui/examples/InformationFlow/SimpleEvoting/simple_evoting.Environment(simple_evoting.Environment__untrustedInputMessage((B)).JML normal_behavior operation contract.0.key 
14175      DEBUG Thread-3        d.u.i.k.r.m.WhileLoopTransformation While-Loop-Tranform-Result: {
  int i = 0;
  while (i < _returnval.length) {
    {
      _returnval[i] = (byte) Environment.untrustedInput(
        
      );
    }
    i++;
  }
} 
14192      DEBUG Thread-3        d.u.i.k.r.m.WhileLoopTransformation While-Loop-Tranform-Result: try {
  {
    if (i < _returnval.length) {
      {
        _returnval[i] = (byte) Environment.untrustedInput(
          
        );
      }
      i++;
    }
  }
} catch (java.lang.Throwable e#7) {
  exc#6 = true;
  thrownExc#8 = e#7;
} 
14739      INFO  main            d.u.i.k.p.r.p.TestFile    ... finished proof: closed. 
14901      DEBUG main            d.u.i.k.s.TermLabelSettings TermLabelSettings: Failure while reading the setting "UseOriginLabels".Using the default value: true.The string read was: null 
14901      INFO  main            d.u.i.k.p.r.p.TestFile    Now processing file /home/runner/work/key/key/key.core/../key.ui/examples/InformationFlow/SimpleEvoting/simple_evoting.Environment(simple_evoting.Environment__untrustedInputMessage()).JML normal_behavior operation contract.0.key 
14901      DEBUG main            d.u.i.k.p.i.KeYFile       Reading KeY file /home/runner/work/key/key/key.core/../key.ui/examples/InformationFlow/SimpleEvoting/simple_evoting.Environment(simple_evoting.Environment__untrustedInputMessage()).JML normal_behavior operation contract.0.key 
15983      DEBUG main            d.u.i.k.j.Recoder2KeY     converting now /home/runner/work/key/key/key.core/../key.ui/examples/InformationFlow/SimpleEvoting/src/simple_evoting/Voter.java 
15987      DEBUG main            d.u.i.k.j.Recoder2KeY     converting now /home/runner/work/key/key/key.core/../key.ui/examples/InformationFlow/SimpleEvoting/src/simple_evoting/NetworkClient.java 
15989      DEBUG main            d.u.i.k.j.Recoder2KeY     converting now /home/runner/work/key/key/key.core/../key.ui/examples/InformationFlow/SimpleEvoting/src/simple_evoting/SMT.java 
15990      DEBUG main            d.u.i.k.j.Recoder2KeY     converting now /home/runner/work/key/key/key.core/../key.ui/examples/InformationFlow/SimpleEvoting/src/simple_evoting/Environment.java 
15991      DEBUG main            d.u.i.k.j.Recoder2KeY     converting now /home/runner/work/key/key/key.core/../key.ui/examples/InformationFlow/SimpleEvoting/src/simple_evoting/Setup.java 
15993      DEBUG main            d.u.i.k.j.Recoder2KeY     converting now /home/runner/work/key/key/key.core/../key.ui/examples/InformationFlow/SimpleEvoting/src/simple_evoting/Server.java 
15995      DEBUG main            d.u.i.k.j.Recoder2KeY     converting now /home/runner/work/key/key/key.core/../key.ui/examples/InformationFlow/SimpleEvoting/src/simple_evoting/Message.java 
15996      DEBUG main            d.u.i.k.j.Recoder2KeY     converting now /home/runner/work/key/key/key.core/../key.ui/examples/InformationFlow/SimpleEvoting/src/simple_evoting/SMTEnv.java 
16002      DEBUG main            d.u.i.k.s.TermLabelSettings TermLabelSettings: Failure while reading the setting "UseOriginLabels".Using the default value: true.The string read was: null 
16004      DEBUG main            d.u.i.k.p.i.KeYFile       Reading KeY file file:/home/runner/work/key/key/key.core/build/resources/main/de/uka/ilkd/key/java/JavaRedux/java/lang/String.key 
18183      DEBUG main            d.u.i.k.p.i.KeYFile       Reading KeY file /home/runner/work/key/key/key.core/../key.ui/examples/InformationFlow/SimpleEvoting/simple_evoting.Environment(simple_evoting.Environment__untrustedInputMessage()).JML normal_behavior operation contract.0.key 
18680      DEBUG Thread-5        d.u.i.k.r.m.MethodCall    method-call: called for byte[].<createArray>(dim0); 
18681      DEBUG Thread-5        d.u.i.k.r.m.MethodCall    method-call: invocation of static method detected 
18691      DEBUG Thread-5        d.u.i.k.r.m.MethodCall    method-call: called for byte[].<allocate>(length_1); 
18691      DEBUG Thread-5        d.u.i.k.r.m.MethodCall    method-call: invocation of static method detected 
18724      DEBUG Thread-5        d.u.i.k.r.m.MethodCall    method-call: called for newObject.<createArrayHelper>(); 
18724      DEBUG Thread-5        d.u.i.k.r.m.MethodCall    method-call: invocation of private method detected.Requires static resolving. 
18732      DEBUG Thread-5        d.u.i.k.j.TypeConverter   typeconverter: (prefix this;, class class de.uka.ilkd.key.java.reference.ThisReference) 
18737      DEBUG Thread-5        d.u.i.k.r.m.MethodCall    method-call: called for <prepare>(); 
18737      DEBUG Thread-5        d.u.i.k.r.m.MethodCall    method-call: invocation of private method detected.Requires static resolving. 
18753      DEBUG Thread-5        d.u.i.k.j.TypeConverter   typeconverter: (prefix this;, class class de.uka.ilkd.key.java.reference.ThisReference) 
19396      INFO  main            d.u.i.k.p.r.p.TestFile    ... finished proof: closed. 
19570      DEBUG main            d.u.i.k.s.TermLabelSettings TermLabelSettings: Failure while reading the setting "UseOriginLabels".Using the default value: true.The string read was: null 
19570      INFO  main            d.u.i.k.p.r.p.TestFile    Now processing file /home/runner/work/key/key/key.core/../key.ui/examples/InformationFlow/SimpleEvoting/simple_evoting.Environment(simple_evoting.Environment__untrustedOutput(int)).JML normal_behavior operation contract.0.key 
19570      DEBUG main            d.u.i.k.p.i.KeYFile       Reading KeY file /home/runner/work/key/key/key.core/../key.ui/examples/InformationFlow/SimpleEvoting/simple_evoting.Environment(simple_evoting.Environment__untrustedOutput(int)).JML normal_behavior operation contract.0.key 
20630      DEBUG main            d.u.i.k.j.Recoder2KeY     converting now /home/runner/work/key/key/key.core/../key.ui/examples/InformationFlow/SimpleEvoting/src/simple_evoting/Voter.java 
20633      DEBUG main            d.u.i.k.j.Recoder2KeY     converting now /home/runner/work/key/key/key.core/../key.ui/examples/InformationFlow/SimpleEvoting/src/simple_evoting/NetworkClient.java 
20634      DEBUG main            d.u.i.k.j.Recoder2KeY     converting now /home/runner/work/key/key/key.core/../key.ui/examples/InformationFlow/SimpleEvoting/src/simple_evoting/SMT.java 
20635      DEBUG main            d.u.i.k.j.Recoder2KeY     converting now /home/runner/work/key/key/key.core/../key.ui/examples/InformationFlow/SimpleEvoting/src/simple_evoting/Environment.java 
20636      DEBUG main            d.u.i.k.j.Recoder2KeY     converting now /home/runner/work/key/key/key.core/../key.ui/examples/InformationFlow/SimpleEvoting/src/simple_evoting/Setup.java 
20638      DEBUG main            d.u.i.k.j.Recoder2KeY     converting now /home/runner/work/key/key/key.core/../key.ui/examples/InformationFlow/SimpleEvoting/src/simple_evoting/Server.java 
20639      DEBUG main            d.u.i.k.j.Recoder2KeY     converting now /home/runner/work/key/key/key.core/../key.ui/examples/InformationFlow/SimpleEvoting/src/simple_evoting/Message.java 
20640      DEBUG main            d.u.i.k.j.Recoder2KeY     converting now /home/runner/work/key/key/key.core/../key.ui/examples/InformationFlow/SimpleEvoting/src/simple_evoting/SMTEnv.java 
20647      DEBUG main            d.u.i.k.s.TermLabelSettings TermLabelSettings: Failure while reading the setting "UseOriginLabels".Using the default value: true.The string read was: null 
20649      DEBUG main            d.u.i.k.p.i.KeYFile       Reading KeY file file:/home/runner/work/key/key/key.core/build/resources/main/de/uka/ilkd/key/java/JavaRedux/java/lang/String.key 
22753      DEBUG main            d.u.i.k.p.i.KeYFile       Reading KeY file /home/runner/work/key/key/key.core/../key.ui/examples/InformationFlow/SimpleEvoting/simple_evoting.Environment(simple_evoting.Environment__untrustedOutput(int)).JML normal_behavior operation contract.0.key 
22855      INFO  main            d.u.i.k.p.r.p.TestFile    ... finished proof: closed. 
23025      DEBUG main            d.u.i.k.s.TermLabelSettings TermLabelSettings: Failure while reading the setting "UseOriginLabels".Using the default value: true.The string read was: null 
23025      INFO  main            d.u.i.k.p.r.p.TestFile    Now processing file /home/runner/work/key/key/key.core/../key.ui/examples/InformationFlow/SimpleEvoting/simple_evoting.Environment(simple_evoting.Environment__untrustedInput(int)).JML normal_behavior operation contract.0.key 
23025      DEBUG main            d.u.i.k.p.i.KeYFile       Reading KeY file /home/runner/work/key/key/key.core/../key.ui/examples/InformationFlow/SimpleEvoting/simple_evoting.Environment(simple_evoting.Environment__untrustedInput(int)).JML normal_behavior operation contract.0.key 
24027      DEBUG main            d.u.i.k.j.Recoder2KeY     converting now /home/runner/work/key/key/key.core/../key.ui/examples/InformationFlow/SimpleEvoting/src/simple_evoting/Voter.java 
24030      DEBUG main            d.u.i.k.j.Recoder2KeY     converting now /home/runner/work/key/key/key.core/../key.ui/examples/InformationFlow/SimpleEvoting/src/simple_evoting/NetworkClient.java 
24031      DEBUG main            d.u.i.k.j.Recoder2KeY     converting now /home/runner/work/key/key/key.core/../key.ui/examples/InformationFlow/SimpleEvoting/src/simple_evoting/SMT.java 
24032      DEBUG main            d.u.i.k.j.Recoder2KeY     converting now /home/runner/work/key/key/key.core/../key.ui/examples/InformationFlow/SimpleEvoting/src/simple_evoting/Environment.java 
24032      DEBUG main            d.u.i.k.j.Recoder2KeY     converting now /home/runner/work/key/key/key.core/../key.ui/examples/InformationFlow/SimpleEvoting/src/simple_evoting/Setup.java 
24034      DEBUG main            d.u.i.k.j.Recoder2KeY     converting now /home/runner/work/key/key/key.core/../key.ui/examples/InformationFlow/SimpleEvoting/src/simple_evoting/Server.java 
24035      DEBUG main            d.u.i.k.j.Recoder2KeY     converting now /home/runner/work/key/key/key.core/../key.ui/examples/InformationFlow/SimpleEvoting/src/simple_evoting/Message.java 
24035      DEBUG main            d.u.i.k.j.Recoder2KeY     converting now /home/runner/work/key/key/key.core/../key.ui/examples/InformationFlow/SimpleEvoting/src/simple_evoting/SMTEnv.java 
24041      DEBUG main            d.u.i.k.s.TermLabelSettings TermLabelSettings: Failure while reading the setting "UseOriginLabels".Using the default value: true.The string read was: null 
24043      DEBUG main            d.u.i.k.p.i.KeYFile       Reading KeY file file:/home/runner/work/key/key/key.core/build/resources/main/de/uka/ilkd/key/java/JavaRedux/java/lang/String.key 
26175      DEBUG main            d.u.i.k.p.i.KeYFile       Reading KeY file /home/runner/work/key/key/key.core/../key.ui/examples/InformationFlow/SimpleEvoting/simple_evoting.Environment(simple_evoting.Environment__untrustedInput(int)).JML normal_behavior operation contract.0.key 
26286      INFO  main            d.u.i.k.p.r.p.TestFile    ... finished proof: open goal(s) 
26424      DEBUG main            d.u.i.k.s.TermLabelSettings TermLabelSettings: Failure while reading the setting "UseOriginLabels".Using the default value: true.The string read was: null 
26424      INFO  main            d.u.i.k.p.r.p.TestFile    Now processing file /home/runner/work/key/key/key.core/../key.ui/examples/InformationFlow/SimpleEvoting/simple_evoting.Environment(simple_evoting.Environment__untrustedInput()).JML normal_behavior operation contract.0.key 
26424      DEBUG main            d.u.i.k.p.i.KeYFile       Reading KeY file /home/runner/work/key/key/key.core/../key.ui/examples/InformationFlow/SimpleEvoting/simple_evoting.Environment(simple_evoting.Environment__untrustedInput()).JML normal_behavior operation contract.0.key 
27454      DEBUG main            d.u.i.k.j.Recoder2KeY     converting now /home/runner/work/key/key/key.core/../key.ui/examples/InformationFlow/SimpleEvoting/src/simple_evoting/Voter.java 
27457      DEBUG main            d.u.i.k.j.Recoder2KeY     converting now /home/runner/work/key/key/key.core/../key.ui/examples/InformationFlow/SimpleEvoting/src/simple_evoting/NetworkClient.java 
27458      DEBUG main            d.u.i.k.j.Recoder2KeY     converting now /home/runner/work/key/key/key.core/../key.ui/examples/InformationFlow/SimpleEvoting/src/simple_evoting/SMT.java 
27458      DEBUG main            d.u.i.k.j.Recoder2KeY     converting now /home/runner/work/key/key/key.core/../key.ui/examples/InformationFlow/SimpleEvoting/src/simple_evoting/Environment.java 
27459      DEBUG main            d.u.i.k.j.Recoder2KeY     converting now /home/runner/work/key/key/key.core/../key.ui/examples/InformationFlow/SimpleEvoting/src/simple_evoting/Setup.java 
27460      DEBUG main            d.u.i.k.j.Recoder2KeY     converting now /home/runner/work/key/key/key.core/../key.ui/examples/InformationFlow/SimpleEvoting/src/simple_evoting/Server.java 
27462      DEBUG main            d.u.i.k.j.Recoder2KeY     converting now /home/runner/work/key/key/key.core/../key.ui/examples/InformationFlow/SimpleEvoting/src/simple_evoting/Message.java 
27462      DEBUG main            d.u.i.k.j.Recoder2KeY     converting now /home/runner/work/key/key/key.core/../key.ui/examples/InformationFlow/SimpleEvoting/src/simple_evoting/SMTEnv.java 
27467      DEBUG main            d.u.i.k.s.TermLabelSettings TermLabelSettings: Failure while reading the setting "UseOriginLabels".Using the default value: true.The string read was: null 
27471      DEBUG main            d.u.i.k.p.i.KeYFile       Reading KeY file file:/home/runner/work/key/key/key.core/build/resources/main/de/uka/ilkd/key/java/JavaRedux/java/lang/String.key 
29535      DEBUG main            d.u.i.k.p.i.KeYFile       Reading KeY file /home/runner/work/key/key/key.core/../key.ui/examples/InformationFlow/SimpleEvoting/simple_evoting.Environment(simple_evoting.Environment__untrustedInput()).JML normal_behavior operation contract.0.key 
29637      INFO  main            d.u.i.k.p.r.p.TestFile    ... finished proof: open goal(s) 
29780      DEBUG main            d.u.i.k.s.TermLabelSettings TermLabelSettings: Failure while reading the setting "UseOriginLabels".Using the default value: true.The string read was: null 
29780      INFO  main            d.u.i.k.p.r.p.TestFile    Now processing file /home/runner/work/key/key/key.core/../key.ui/examples/InformationFlow/SimpleEvoting/simple_evoting.Environment(simple_evoting.Environment___rep()).JML accessible clause.0.key 
29780      DEBUG main            d.u.i.k.p.i.KeYFile       Reading KeY file /home/runner/work/key/key/key.core/../key.ui/examples/InformationFlow/SimpleEvoting/simple_evoting.Environment(simple_evoting.Environment___rep()).JML accessible clause.0.key 
30845      DEBUG main            d.u.i.k.j.Recoder2KeY     converting now /home/runner/work/key/key/key.core/../key.ui/examples/InformationFlow/SimpleEvoting/src/simple_evoting/Voter.java 
30851      DEBUG main            d.u.i.k.j.Recoder2KeY     converting now /home/runner/work/key/key/key.core/../key.ui/examples/InformationFlow/SimpleEvoting/src/simple_evoting/NetworkClient.java 
30852      DEBUG main            d.u.i.k.j.Recoder2KeY     converting now /home/runner/work/key/key/key.core/../key.ui/examples/InformationFlow/SimpleEvoting/src/simple_evoting/SMT.java 
30853      DEBUG main            d.u.i.k.j.Recoder2KeY     converting now /home/runner/work/key/key/key.core/../key.ui/examples/InformationFlow/SimpleEvoting/src/simple_evoting/Environment.java 
30853      DEBUG main            d.u.i.k.j.Recoder2KeY     converting now /home/runner/work/key/key/key.core/../key.ui/examples/InformationFlow/SimpleEvoting/src/simple_evoting/Setup.java 
30855      DEBUG main            d.u.i.k.j.Recoder2KeY     converting now /home/runner/work/key/key/key.core/../key.ui/examples/InformationFlow/SimpleEvoting/src/simple_evoting/Server.java 
30857      DEBUG main            d.u.i.k.j.Recoder2KeY     converting now /home/runner/work/key/key/key.core/../key.ui/examples/InformationFlow/SimpleEvoting/src/simple_evoting/Message.java 
30858      DEBUG main            d.u.i.k.j.Recoder2KeY     converting now /home/runner/work/key/key/key.core/../key.ui/examples/InformationFlow/SimpleEvoting/src/simple_evoting/SMTEnv.java 
30865      DEBUG main            d.u.i.k.s.TermLabelSettings TermLabelSettings: Failure while reading the setting "UseOriginLabels".Using the default value: true.The string read was: null 
30868      DEBUG main            d.u.i.k.p.i.KeYFile       Reading KeY file file:/home/runner/work/key/key/key.core/build/resources/main/de/uka/ilkd/key/java/JavaRedux/java/lang/String.key 
32976      DEBUG main            d.u.i.k.p.i.KeYFile       Reading KeY file /home/runner/work/key/key/key.core/../key.ui/examples/InformationFlow/SimpleEvoting/simple_evoting.Environment(simple_evoting.Environment___rep()).JML accessible clause.0.key 
33078      INFO  main            d.u.i.k.p.r.p.TestFile    ... finished proof: closed. 
33259      DEBUG main            d.u.i.k.s.TermLabelSettings TermLabelSettings: Failure while reading the setting "UseOriginLabels".Using the default value: true.The string read was: null 
33259      INFO  main            d.u.i.k.p.r.p.TestFile    Now processing file /home/runner/work/key/key/key.core/../key.ui/examples/InformationFlow/SimpleEvoting/simple_evoting.SMT(simple_evoting.SMT__send(simple_evoting.Message,int,simple_evoting.Server)).JML normal_behavior operation contract.1.key 
33259      DEBUG main            d.u.i.k.p.i.KeYFile       Reading KeY file /home/runner/work/key/key/key.core/../key.ui/examples/InformationFlow/SimpleEvoting/simple_evoting.SMT(simple_evoting.SMT__send(simple_evoting.Message,int,simple_evoting.Server)).JML normal_behavior operation contract.1.key 
34286      DEBUG main            d.u.i.k.j.Recoder2KeY     converting now /home/runner/work/key/key/key.core/../key.ui/examples/InformationFlow/SimpleEvoting/src/simple_evoting/Voter.java 
34289      DEBUG main            d.u.i.k.j.Recoder2KeY     converting now /home/runner/work/key/key/key.core/../key.ui/examples/InformationFlow/SimpleEvoting/src/simple_evoting/NetworkClient.java 
34290      DEBUG main            d.u.i.k.j.Recoder2KeY     converting now /home/runner/work/key/key/key.core/../key.ui/examples/InformationFlow/SimpleEvoting/src/simple_evoting/SMT.java 
34291      DEBUG main            d.u.i.k.j.Recoder2KeY     converting now /home/runner/work/key/key/key.core/../key.ui/examples/InformationFlow/SimpleEvoting/src/simple_evoting/Environment.java 
34291      DEBUG main            d.u.i.k.j.Recoder2KeY     converting now /home/runner/work/key/key/key.core/../key.ui/examples/InformationFlow/SimpleEvoting/src/simple_evoting/Setup.java 
34293      DEBUG main            d.u.i.k.j.Recoder2KeY     converting now /home/runner/work/key/key/key.core/../key.ui/examples/InformationFlow/SimpleEvoting/src/simple_evoting/Server.java 
34294      DEBUG main            d.u.i.k.j.Recoder2KeY     converting now /home/runner/work/key/key/key.core/../key.ui/examples/InformationFlow/SimpleEvoting/src/simple_evoting/Message.java 
34294      DEBUG main            d.u.i.k.j.Recoder2KeY     converting now /home/runner/work/key/key/key.core/../key.ui/examples/InformationFlow/SimpleEvoting/src/simple_evoting/SMTEnv.java 
34299      DEBUG main            d.u.i.k.s.TermLabelSettings TermLabelSettings: Failure while reading the setting "UseOriginLabels".Using the default value: true.The string read was: null 
34300      DEBUG main            d.u.i.k.p.i.KeYFile       Reading KeY file file:/home/runner/work/key/key/key.core/build/resources/main/de/uka/ilkd/key/java/JavaRedux/java/lang/String.key 
36372      DEBUG main            d.u.i.k.p.i.KeYFile       Reading KeY file /home/runner/work/key/key/key.core/../key.ui/examples/InformationFlow/SimpleEvoting/simple_evoting.SMT(simple_evoting.SMT__send(simple_evoting.Message,int,simple_evoting.Server)).JML normal_behavior operation contract.1.key 
45269      INFO  main            d.u.i.k.p.r.p.TestFile    ... finished proof: closed. 
45481      DEBUG main            d.u.i.k.s.TermLabelSettings TermLabelSettings: Failure while reading the setting "UseOriginLabels".Using the default value: true.The string read was: null 
45481      INFO  main            d.u.i.k.p.r.p.TestFile    Now processing file /home/runner/work/key/key/key.core/../key.ui/examples/InformationFlow/SimpleEvoting/simple_evoting.SMT(simple_evoting.SMT__send(simple_evoting.Message,int,simple_evoting.Server)).JML normal_behavior operation contract.0.key 
45481      DEBUG main            d.u.i.k.p.i.KeYFile       Reading KeY file /home/runner/work/key/key/key.core/../key.ui/examples/InformationFlow/SimpleEvoting/simple_evoting.SMT(simple_evoting.SMT__send(simple_evoting.Message,int,simple_evoting.Server)).JML normal_behavior operation contract.0.key 
46482      DEBUG main            d.u.i.k.j.Recoder2KeY     converting now /home/runner/work/key/key/key.core/../key.ui/examples/InformationFlow/SimpleEvoting/src/simple_evoting/Voter.java 
46485      DEBUG main            d.u.i.k.j.Recoder2KeY     converting now /home/runner/work/key/key/key.core/../key.ui/examples/InformationFlow/SimpleEvoting/src/simple_evoting/NetworkClient.java 
46485      DEBUG main            d.u.i.k.j.Recoder2KeY     converting now /home/runner/work/key/key/key.core/../key.ui/examples/InformationFlow/SimpleEvoting/src/simple_evoting/SMT.java 
46486      DEBUG main            d.u.i.k.j.Recoder2KeY     converting now /home/runner/work/key/key/key.core/../key.ui/examples/InformationFlow/SimpleEvoting/src/simple_evoting/Environment.java 
46487      DEBUG main            d.u.i.k.j.Recoder2KeY     converting now /home/runner/work/key/key/key.core/../key.ui/examples/InformationFlow/SimpleEvoting/src/simple_evoting/Setup.java 
46488      DEBUG main            d.u.i.k.j.Recoder2KeY     converting now /home/runner/work/key/key/key.core/../key.ui/examples/InformationFlow/SimpleEvoting/src/simple_evoting/Server.java 
46489      DEBUG main            d.u.i.k.j.Recoder2KeY     converting now /home/runner/work/key/key/key.core/../key.ui/examples/InformationFlow/SimpleEvoting/src/simple_evoting/Message.java 
46490      DEBUG main            d.u.i.k.j.Recoder2KeY     converting now /home/runner/work/key/key/key.core/../key.ui/examples/InformationFlow/SimpleEvoting/src/simple_evoting/SMTEnv.java 
46494      DEBUG main            d.u.i.k.s.TermLabelSettings TermLabelSettings: Failure while reading the setting "UseOriginLabels".Using the default value: true.The string read was: null 
46495      DEBUG main            d.u.i.k.p.i.KeYFile       Reading KeY file file:/home/runner/work/key/key/key.core/build/resources/main/de/uka/ilkd/key/java/JavaRedux/java/lang/String.key 
48496      DEBUG main            d.u.i.k.p.i.KeYFile       Reading KeY file /home/runner/work/key/key/key.core/../key.ui/examples/InformationFlow/SimpleEvoting/simple_evoting.SMT(simple_evoting.SMT__send(simple_evoting.Message,int,simple_evoting.Server)).JML normal_behavior operation contract.0.key 
57651      INFO  main            d.u.i.k.p.r.p.TestFile    ... finished proof: closed. 
57863      DEBUG main            d.u.i.k.s.TermLabelSettings TermLabelSettings: Failure while reading the setting "UseOriginLabels".Using the default value: true.The string read was: null 
57864      INFO  main            d.u.i.k.p.r.p.TestFile    Now processing file /home/runner/work/key/key/key.core/../key.ui/examples/InformationFlow/SimpleEvoting/simple_evoting.Message(java.lang.Object___inv_()).JML accessible clause.0.key 
57865      DEBUG main            d.u.i.k.p.i.KeYFile       Reading KeY file /home/runner/work/key/key/key.core/../key.ui/examples/InformationFlow/SimpleEvoting/simple_evoting.Message(java.lang.Object___inv_()).JML accessible clause.0.key 
58844      DEBUG main            d.u.i.k.j.Recoder2KeY     converting now /home/runner/work/key/key/key.core/../key.ui/examples/InformationFlow/SimpleEvoting/src/simple_evoting/Voter.java 
58846      DEBUG main            d.u.i.k.j.Recoder2KeY     converting now /home/runner/work/key/key/key.core/../key.ui/examples/InformationFlow/SimpleEvoting/src/simple_evoting/NetworkClient.java 
58848      DEBUG main            d.u.i.k.j.Recoder2KeY     converting now /home/runner/work/key/key/key.core/../key.ui/examples/InformationFlow/SimpleEvoting/src/simple_evoting/SMT.java 
58849      DEBUG main            d.u.i.k.j.Recoder2KeY     converting now /home/runner/work/key/key/key.core/../key.ui/examples/InformationFlow/SimpleEvoting/src/simple_evoting/Environment.java 
58850      DEBUG main            d.u.i.k.j.Recoder2KeY     converting now /home/runner/work/key/key/key.core/../key.ui/examples/InformationFlow/SimpleEvoting/src/simple_evoting/Setup.java 
58851      DEBUG main            d.u.i.k.j.Recoder2KeY     converting now /home/runner/work/key/key/key.core/../key.ui/examples/InformationFlow/SimpleEvoting/src/simple_evoting/Server.java 
58852      DEBUG main            d.u.i.k.j.Recoder2KeY     converting now /home/runner/work/key/key/key.core/../key.ui/examples/InformationFlow/SimpleEvoting/src/simple_evoting/Message.java 
58852      DEBUG main            d.u.i.k.j.Recoder2KeY     converting now /home/runner/work/key/key/key.core/../key.ui/examples/InformationFlow/SimpleEvoting/src/simple_evoting/SMTEnv.java 
58857      DEBUG main            d.u.i.k.s.TermLabelSettings TermLabelSettings: Failure while reading the setting "UseOriginLabels".Using the default value: true.The string read was: null 
58858      DEBUG main            d.u.i.k.p.i.KeYFile       Reading KeY file file:/home/runner/work/key/key/key.core/build/resources/main/de/uka/ilkd/key/java/JavaRedux/java/lang/String.key 
60870      DEBUG main            d.u.i.k.p.i.KeYFile       Reading KeY file /home/runner/work/key/key/key.core/../key.ui/examples/InformationFlow/SimpleEvoting/simple_evoting.Message(java.lang.Object___inv_()).JML accessible clause.0.key 
61076      INFO  main            d.u.i.k.p.r.p.TestFile    ... finished proof: closed. 
61241      DEBUG main            d.u.i.k.s.TermLabelSettings TermLabelSettings: Failure while reading the setting "UseOriginLabels".Using the default value: true.The string read was: null 
61241      INFO  main            d.u.i.k.p.r.p.TestFile    Now processing file /home/runner/work/key/key/key.core/../key.ui/examples/InformationFlow/SimpleEvoting/simple_evoting.Server(simple_evoting.Server__resultReady()).JML accessible clause.0.key 
61241      DEBUG main            d.u.i.k.p.i.KeYFile       Reading KeY file /home/runner/work/key/key/key.core/../key.ui/examples/InformationFlow/SimpleEvoting/simple_evoting.Server(simple_evoting.Server__resultReady()).JML accessible clause.0.key 
62239      DEBUG main            d.u.i.k.j.Recoder2KeY     converting now /home/runner/work/key/key/key.core/../key.ui/examples/InformationFlow/SimpleEvoting/src/simple_evoting/Voter.java 
62241      DEBUG main            d.u.i.k.j.Recoder2KeY     converting now /home/runner/work/key/key/key.core/../key.ui/examples/InformationFlow/SimpleEvoting/src/simple_evoting/NetworkClient.java 
62241      DEBUG main            d.u.i.k.j.Recoder2KeY     converting now /home/runner/work/key/key/key.core/../key.ui/examples/InformationFlow/SimpleEvoting/src/simple_evoting/SMT.java 
62242      DEBUG main            d.u.i.k.j.Recoder2KeY     converting now /home/runner/work/key/key/key.core/../key.ui/examples/InformationFlow/SimpleEvoting/src/simple_evoting/Environment.java 
62243      DEBUG main            d.u.i.k.j.Recoder2KeY     converting now /home/runner/work/key/key/key.core/../key.ui/examples/InformationFlow/SimpleEvoting/src/simple_evoting/Setup.java 
62244      DEBUG main            d.u.i.k.j.Recoder2KeY     converting now /home/runner/work/key/key/key.core/../key.ui/examples/InformationFlow/SimpleEvoting/src/simple_evoting/Server.java 
62245      DEBUG main            d.u.i.k.j.Recoder2KeY     converting now /home/runner/work/key/key/key.core/../key.ui/examples/InformationFlow/SimpleEvoting/src/simple_evoting/Message.java 
62245      DEBUG main            d.u.i.k.j.Recoder2KeY     converting now /home/runner/work/key/key/key.core/../key.ui/examples/InformationFlow/SimpleEvoting/src/simple_evoting/SMTEnv.java 
62250      DEBUG main            d.u.i.k.s.TermLabelSettings TermLabelSettings: Failure while reading the setting "UseOriginLabels".Using the default value: true.The string read was: null 
62251      DEBUG main            d.u.i.k.p.i.KeYFile       Reading KeY file file:/home/runner/work/key/key/key.core/build/resources/main/de/uka/ilkd/key/java/JavaRedux/java/lang/String.key 
64279      DEBUG main            d.u.i.k.p.i.KeYFile       Reading KeY file /home/runner/work/key/key/key.core/../key.ui/examples/InformationFlow/SimpleEvoting/simple_evoting.Server(simple_evoting.Server__resultReady()).JML accessible clause.0.key 
66314      INFO  main            d.u.i.k.p.r.p.TestFile    ... finished proof: closed. 
66502      DEBUG main            d.u.i.k.s.TermLabelSettings TermLabelSettings: Failure while reading the setting "UseOriginLabels".Using the default value: true.The string read was: null 
66502      INFO  main            d.u.i.k.p.r.p.TestFile    Now processing file /home/runner/work/key/key/key.core/../key.ui/examples/InformationFlow/SimpleEvoting/simple_evoting.Server(simple_evoting.Server__resultReady()).JML normal_behavior operation contract.0.key 
66503      DEBUG main            d.u.i.k.p.i.KeYFile       Reading KeY file /home/runner/work/key/key/key.core/../key.ui/examples/InformationFlow/SimpleEvoting/simple_evoting.Server(simple_evoting.Server__resultReady()).JML normal_behavior operation contract.0.key 
67477      DEBUG main            d.u.i.k.j.Recoder2KeY     converting now /home/runner/work/key/key/key.core/../key.ui/examples/InformationFlow/SimpleEvoting/src/simple_evoting/Voter.java 
67479      DEBUG main            d.u.i.k.j.Recoder2KeY     converting now /home/runner/work/key/key/key.core/../key.ui/examples/InformationFlow/SimpleEvoting/src/simple_evoting/NetworkClient.java 
67480      DEBUG main            d.u.i.k.j.Recoder2KeY     converting now /home/runner/work/key/key/key.core/../key.ui/examples/InformationFlow/SimpleEvoting/src/simple_evoting/SMT.java 
67481      DEBUG main            d.u.i.k.j.Recoder2KeY     converting now /home/runner/work/key/key/key.core/../key.ui/examples/InformationFlow/SimpleEvoting/src/simple_evoting/Environment.java 
67481      DEBUG main            d.u.i.k.j.Recoder2KeY     converting now /home/runner/work/key/key/key.core/../key.ui/examples/InformationFlow/SimpleEvoting/src/simple_evoting/Setup.java 
67483      DEBUG main            d.u.i.k.j.Recoder2KeY     converting now /home/runner/work/key/key/key.core/../key.ui/examples/InformationFlow/SimpleEvoting/src/simple_evoting/Server.java 
67484      DEBUG main            d.u.i.k.j.Recoder2KeY     converting now /home/runner/work/key/key/key.core/../key.ui/examples/InformationFlow/SimpleEvoting/src/simple_evoting/Message.java 
67484      DEBUG main            d.u.i.k.j.Recoder2KeY     converting now /home/runner/work/key/key/key.core/../key.ui/examples/InformationFlow/SimpleEvoting/src/simple_evoting/SMTEnv.java 
67489      DEBUG main            d.u.i.k.s.TermLabelSettings TermLabelSettings: Failure while reading the setting "UseOriginLabels".Using the default value: true.The string read was: null 
67490      DEBUG main            d.u.i.k.p.i.KeYFile       Reading KeY file file:/home/runner/work/key/key/key.core/build/resources/main/de/uka/ilkd/key/java/JavaRedux/java/lang/String.key 
69537      DEBUG main            d.u.i.k.p.i.KeYFile       Reading KeY file /home/runner/work/key/key/key.core/../key.ui/examples/InformationFlow/SimpleEvoting/simple_evoting.Server(simple_evoting.Server__resultReady()).JML normal_behavior operation contract.0.key 
69584      DEBUG Thread-23       d.u.i.k.r.m.WhileLoopTransformation While-Loop-Tranform-Result: {
  int i = 0;
  while (i < this.numberOfVoters) {
    {
      if (!this.ballotCast[i]) return false;
    }
    i++;
  }
} 
69596      DEBUG Thread-23       d.u.i.k.r.m.WhileLoopTransformation While-Loop-Tranform-Result: try {
  {
    inner_label:
    if (i < this.numberOfVoters) {
      {
        if (!this.ballotCast[i]) {
          returnExpr#9 = false;
          rtrn#4 = true;
          break inner_label;
        }
      }
      i++;
    }
  }
} catch (java.lang.Throwable e#7) {
  exc#6 = true;
  thrownExc#8 = e#7;
} 
69632      DEBUG Thread-23       d.u.i.k.j.TypeConverter   typeconverter: (prefix this;, class class de.uka.ilkd.key.java.reference.ThisReference) 
69803      DEBUG Thread-23       d.u.i.k.j.TypeConverter   typeconverter: (prefix this;, class class de.uka.ilkd.key.java.reference.ThisReference) 
69840      DEBUG Thread-23       d.u.i.k.j.TypeConverter   typeconverter: (prefix this;, class class de.uka.ilkd.key.java.reference.ThisReference) 
69886      DEBUG Thread-23       d.u.i.k.j.TypeConverter   typeconverter: (prefix this;, class class de.uka.ilkd.key.java.reference.ThisReference) 
70141      INFO  main            d.u.i.k.p.r.p.TestFile    ... finished proof: closed. 
70326      DEBUG main            d.u.i.k.s.TermLabelSettings TermLabelSettings: Failure while reading the setting "UseOriginLabels".Using the default value: true.The string read was: null 
70326      INFO  main            d.u.i.k.p.r.p.TestFile    Now processing file /home/runner/work/key/key/key.core/../key.ui/examples/InformationFlow/SimpleEvoting/simple_evoting.Server(simple_evoting.Server__onSendResult()).JML normal_behavior operation contract.0.key 
70327      DEBUG main            d.u.i.k.p.i.KeYFile       Reading KeY file /home/runner/work/key/key/key.core/../key.ui/examples/InformationFlow/SimpleEvoting/simple_evoting.Server(simple_evoting.Server__onSendResult()).JML normal_behavior operation contract.0.key 
71318      DEBUG main            d.u.i.k.j.Recoder2KeY     converting now /home/runner/work/key/key/key.core/../key.ui/examples/InformationFlow/SimpleEvoting/src/simple_evoting/Voter.java 
71323      DEBUG main            d.u.i.k.j.Recoder2KeY     converting now /home/runner/work/key/key/key.core/../key.ui/examples/InformationFlow/SimpleEvoting/src/simple_evoting/NetworkClient.java 
71325      DEBUG main            d.u.i.k.j.Recoder2KeY     converting now /home/runner/work/key/key/key.core/../key.ui/examples/InformationFlow/SimpleEvoting/src/simple_evoting/SMT.java 
71327      DEBUG main            d.u.i.k.j.Recoder2KeY     converting now /home/runner/work/key/key/key.core/../key.ui/examples/InformationFlow/SimpleEvoting/src/simple_evoting/Environment.java 
71327      DEBUG main            d.u.i.k.j.Recoder2KeY     converting now /home/runner/work/key/key/key.core/../key.ui/examples/InformationFlow/SimpleEvoting/src/simple_evoting/Setup.java 
71329      DEBUG main            d.u.i.k.j.Recoder2KeY     converting now /home/runner/work/key/key/key.core/../key.ui/examples/InformationFlow/SimpleEvoting/src/simple_evoting/Server.java 
71330      DEBUG main            d.u.i.k.j.Recoder2KeY     converting now /home/runner/work/key/key/key.core/../key.ui/examples/InformationFlow/SimpleEvoting/src/simple_evoting/Message.java 
71330      DEBUG main            d.u.i.k.j.Recoder2KeY     converting now /home/runner/work/key/key/key.core/../key.ui/examples/InformationFlow/SimpleEvoting/src/simple_evoting/SMTEnv.java 
71337      DEBUG main            d.u.i.k.s.TermLabelSettings TermLabelSettings: Failure while reading the setting "UseOriginLabels".Using the default value: true.The string read was: null 
71339      DEBUG main            d.u.i.k.p.i.KeYFile       Reading KeY file file:/home/runner/work/key/key/key.core/build/resources/main/de/uka/ilkd/key/java/JavaRedux/java/lang/String.key 
73375      DEBUG main            d.u.i.k.p.i.KeYFile       Reading KeY file /home/runner/work/key/key/key.core/../key.ui/examples/InformationFlow/SimpleEvoting/simple_evoting.Server(simple_evoting.Server__onSendResult()).JML normal_behavior operation contract.0.key 
73400      DEBUG Thread-25       d.u.i.k.r.m.MethodCall    method-call: called for getResult(); 
73400      DEBUG Thread-25       d.u.i.k.r.m.MethodCall    method-call: invocation of private method detected.Requires static resolving. 
73519      DEBUG Thread-25       d.u.i.k.j.TypeConverter   typeconverter: (prefix this;, class class de.uka.ilkd.key.java.reference.ThisReference) 
73577      INFO  main            d.u.i.k.p.r.p.TestFile    ... finished proof: closed. 
73739      DEBUG main            d.u.i.k.s.TermLabelSettings TermLabelSettings: Failure while reading the setting "UseOriginLabels".Using the default value: true.The string read was: null 
73739      INFO  main            d.u.i.k.p.r.p.TestFile    Now processing file /home/runner/work/key/key/key.core/../key.ui/examples/InformationFlow/SimpleEvoting/simple_evoting.Server(simple_evoting.Server__onCollectBallot(simple_evoting.Message)).JML normal_behavior operation contract.1.key 
73739      DEBUG main            d.u.i.k.p.i.KeYFile       Reading KeY file /home/runner/work/key/key/key.core/../key.ui/examples/InformationFlow/SimpleEvoting/simple_evoting.Server(simple_evoting.Server__onCollectBallot(simple_evoting.Message)).JML normal_behavior operation contract.1.key 
74716      DEBUG main            d.u.i.k.j.Recoder2KeY     converting now /home/runner/work/key/key/key.core/../key.ui/examples/InformationFlow/SimpleEvoting/src/simple_evoting/Voter.java 
74718      DEBUG main            d.u.i.k.j.Recoder2KeY     converting now /home/runner/work/key/key/key.core/../key.ui/examples/InformationFlow/SimpleEvoting/src/simple_evoting/NetworkClient.java 
74719      DEBUG main            d.u.i.k.j.Recoder2KeY     converting now /home/runner/work/key/key/key.core/../key.ui/examples/InformationFlow/SimpleEvoting/src/simple_evoting/SMT.java 
74719      DEBUG main            d.u.i.k.j.Recoder2KeY     converting now /home/runner/work/key/key/key.core/../key.ui/examples/InformationFlow/SimpleEvoting/src/simple_evoting/Environment.java 
74720      DEBUG main            d.u.i.k.j.Recoder2KeY     converting now /home/runner/work/key/key/key.core/../key.ui/examples/InformationFlow/SimpleEvoting/src/simple_evoting/Setup.java 
74721      DEBUG main            d.u.i.k.j.Recoder2KeY     converting now /home/runner/work/key/key/key.core/../key.ui/examples/InformationFlow/SimpleEvoting/src/simple_evoting/Server.java 
74722      DEBUG main            d.u.i.k.j.Recoder2KeY     converting now /home/runner/work/key/key/key.core/../key.ui/examples/InformationFlow/SimpleEvoting/src/simple_evoting/Message.java 
74722      DEBUG main            d.u.i.k.j.Recoder2KeY     converting now /home/runner/work/key/key/key.core/../key.ui/examples/InformationFlow/SimpleEvoting/src/simple_evoting/SMTEnv.java 
74726      DEBUG main            d.u.i.k.s.TermLabelSettings TermLabelSettings: Failure while reading the setting "UseOriginLabels".Using the default value: true.The string read was: null 
74727      DEBUG main            d.u.i.k.p.i.KeYFile       Reading KeY file file:/home/runner/work/key/key/key.core/build/resources/main/de/uka/ilkd/key/java/JavaRedux/java/lang/String.key 
76773      DEBUG main            d.u.i.k.p.i.KeYFile       Reading KeY file /home/runner/work/key/key/key.core/../key.ui/examples/InformationFlow/SimpleEvoting/simple_evoting.Server(simple_evoting.Server__onCollectBallot(simple_evoting.Message)).JML normal_behavior operation contract.1.key 
76865      DEBUG Thread-27       d.u.i.k.j.TypeConverter   typeconverter: (prefix this;, class class de.uka.ilkd.key.java.reference.ThisReference) 
76895      DEBUG Thread-27       d.u.i.k.j.TypeConverter   typeconverter: (prefix this;, class class de.uka.ilkd.key.java.reference.ThisReference) 
76975      INFO  main            d.u.i.k.p.r.p.TestFile    ... finished proof: closed. 
77148      DEBUG main            d.u.i.k.s.TermLabelSettings TermLabelSettings: Failure while reading the setting "UseOriginLabels".Using the default value: true.The string read was: null 
77148      INFO  main            d.u.i.k.p.r.p.TestFile    Now processing file /home/runner/work/key/key/key.core/../key.ui/examples/InformationFlow/SimpleEvoting/simple_evoting.Server(simple_evoting.Server__onCollectBallot(simple_evoting.Message)).JML normal_behavior operation contract.0.key 
77148      DEBUG main            d.u.i.k.p.i.KeYFile       Reading KeY file /home/runner/work/key/key/key.core/../key.ui/examples/InformationFlow/SimpleEvoting/simple_evoting.Server(simple_evoting.Server__onCollectBallot(simple_evoting.Message)).JML normal_behavior operation contract.0.key 
78136      DEBUG main            d.u.i.k.j.Recoder2KeY     converting now /home/runner/work/key/key/key.core/../key.ui/examples/InformationFlow/SimpleEvoting/src/simple_evoting/Voter.java 
78138      DEBUG main            d.u.i.k.j.Recoder2KeY     converting now /home/runner/work/key/key/key.core/../key.ui/examples/InformationFlow/SimpleEvoting/src/simple_evoting/NetworkClient.java 
78138      DEBUG main            d.u.i.k.j.Recoder2KeY     converting now /home/runner/work/key/key/key.core/../key.ui/examples/InformationFlow/SimpleEvoting/src/simple_evoting/SMT.java 
78139      DEBUG main            d.u.i.k.j.Recoder2KeY     converting now /home/runner/work/key/key/key.core/../key.ui/examples/InformationFlow/SimpleEvoting/src/simple_evoting/Environment.java 
78140      DEBUG main            d.u.i.k.j.Recoder2KeY     converting now /home/runner/work/key/key/key.core/../key.ui/examples/InformationFlow/SimpleEvoting/src/simple_evoting/Setup.java 
78141      DEBUG main            d.u.i.k.j.Recoder2KeY     converting now /home/runner/work/key/key/key.core/../key.ui/examples/InformationFlow/SimpleEvoting/src/simple_evoting/Server.java 
78142      DEBUG main            d.u.i.k.j.Recoder2KeY     converting now /home/runner/work/key/key/key.core/../key.ui/examples/InformationFlow/SimpleEvoting/src/simple_evoting/Message.java 
78143      DEBUG main            d.u.i.k.j.Recoder2KeY     converting now /home/runner/work/key/key/key.core/../key.ui/examples/InformationFlow/SimpleEvoting/src/simple_evoting/SMTEnv.java 
78147      DEBUG main            d.u.i.k.s.TermLabelSettings TermLabelSettings: Failure while reading the setting "UseOriginLabels".Using the default value: true.The string read was: null 
78148      DEBUG main            d.u.i.k.p.i.KeYFile       Reading KeY file file:/home/runner/work/key/key/key.core/build/resources/main/de/uka/ilkd/key/java/JavaRedux/java/lang/String.key 
80131      DEBUG main            d.u.i.k.p.i.KeYFile       Reading KeY file /home/runner/work/key/key/key.core/../key.ui/examples/InformationFlow/SimpleEvoting/simple_evoting.Server(simple_evoting.Server__onCollectBallot(simple_evoting.Message)).JML normal_behavior operation contract.0.key 
80256      DEBUG Thread-29       d.u.i.k.j.TypeConverter   typeconverter: (prefix this;, class class de.uka.ilkd.key.java.reference.ThisReference) 
80291      DEBUG Thread-29       d.u.i.k.j.TypeConverter   typeconverter: (prefix this;, class class de.uka.ilkd.key.java.reference.ThisReference) 
80324      DEBUG Thread-29       d.u.i.k.j.TypeConverter   typeconverter: (prefix this;, class class de.uka.ilkd.key.java.reference.ThisReference) 
80382      DEBUG Thread-29       d.u.i.k.j.TypeConverter   typeconverter: (prefix this;, class class de.uka.ilkd.key.java.reference.ThisReference) 
80447      DEBUG Thread-29       d.u.i.k.j.TypeConverter   typeconverter: (prefix this;, class class de.uka.ilkd.key.java.reference.ThisReference) 
80736      INFO  main            d.u.i.k.p.r.p.TestFile    ... finished proof: closed. 
80936      DEBUG main            d.u.i.k.s.TermLabelSettings TermLabelSettings: Failure while reading the setting "UseOriginLabels".Using the default value: true.The string read was: null 
80936      INFO  main            d.u.i.k.p.r.p.TestFile    Now processing file /home/runner/work/key/key/key.core/../key.ui/examples/InformationFlow/SimpleEvoting/simple_evoting.Server(java.lang.Object___inv_()).JML accessible clause.0.key 
80937      DEBUG main            d.u.i.k.p.i.KeYFile       Reading KeY file /home/runner/work/key/key/key.core/../key.ui/examples/InformationFlow/SimpleEvoting/simple_evoting.Server(java.lang.Object___inv_()).JML accessible clause.0.key 
81904      DEBUG main            d.u.i.k.j.Recoder2KeY     converting now /home/runner/work/key/key/key.core/../key.ui/examples/InformationFlow/SimpleEvoting/src/simple_evoting/Voter.java 
81906      DEBUG main            d.u.i.k.j.Recoder2KeY     converting now /home/runner/work/key/key/key.core/../key.ui/examples/InformationFlow/SimpleEvoting/src/simple_evoting/NetworkClient.java 
81907      DEBUG main            d.u.i.k.j.Recoder2KeY     converting now /home/runner/work/key/key/key.core/../key.ui/examples/InformationFlow/SimpleEvoting/src/simple_evoting/SMT.java 
81907      DEBUG main            d.u.i.k.j.Recoder2KeY     converting now /home/runner/work/key/key/key.core/../key.ui/examples/InformationFlow/SimpleEvoting/src/simple_evoting/Environment.java 
81908      DEBUG main            d.u.i.k.j.Recoder2KeY     converting now /home/runner/work/key/key/key.core/../key.ui/examples/InformationFlow/SimpleEvoting/src/simple_evoting/Setup.java 
81909      DEBUG main            d.u.i.k.j.Recoder2KeY     converting now /home/runner/work/key/key/key.core/../key.ui/examples/InformationFlow/SimpleEvoting/src/simple_evoting/Server.java 
81910      DEBUG main            d.u.i.k.j.Recoder2KeY     converting now /home/runner/work/key/key/key.core/../key.ui/examples/InformationFlow/SimpleEvoting/src/simple_evoting/Message.java 
81911      DEBUG main            d.u.i.k.j.Recoder2KeY     converting now /home/runner/work/key/key/key.core/../key.ui/examples/InformationFlow/SimpleEvoting/src/simple_evoting/SMTEnv.java 
81916      DEBUG main            d.u.i.k.s.TermLabelSettings TermLabelSettings: Failure while reading the setting "UseOriginLabels".Using the default value: true.The string read was: null 
81917      DEBUG main            d.u.i.k.p.i.KeYFile       Reading KeY file file:/home/runner/work/key/key/key.core/build/resources/main/de/uka/ilkd/key/java/JavaRedux/java/lang/String.key 
83929      DEBUG main            d.u.i.k.p.i.KeYFile       Reading KeY file /home/runner/work/key/key/key.core/../key.ui/examples/InformationFlow/SimpleEvoting/simple_evoting.Server(java.lang.Object___inv_()).JML accessible clause.0.key 
84131      INFO  main            d.u.i.k.p.r.p.TestFile    ... finished proof: closed. 
84308      DEBUG main            d.u.i.k.s.TermLabelSettings TermLabelSettings: Failure while reading the setting "UseOriginLabels".Using the default value: true.The string read was: null 
84308      INFO  main            d.u.i.k.p.r.p.TestFile    Now processing file /home/runner/work/key/key/key.core/../key.ui/examples/InformationFlow/SimpleEvoting/simple_evoting.SMTEnv(simple_evoting.SMTEnv__send(int,int,int,simple_evoting.Server,int)).JML normal_behavior operation contract.0.key 
84309      DEBUG main            d.u.i.k.p.i.KeYFile       Reading KeY file /home/runner/work/key/key/key.core/../key.ui/examples/InformationFlow/SimpleEvoting/simple_evoting.SMTEnv(simple_evoting.SMTEnv__send(int,int,int,simple_evoting.Server,int)).JML normal_behavior operation contract.0.key 
85298      DEBUG main            d.u.i.k.j.Recoder2KeY     converting now /home/runner/work/key/key/key.core/../key.ui/examples/InformationFlow/SimpleEvoting/src/simple_evoting/Voter.java 
85300      DEBUG main            d.u.i.k.j.Recoder2KeY     converting now /home/runner/work/key/key/key.core/../key.ui/examples/InformationFlow/SimpleEvoting/src/simple_evoting/NetworkClient.java 
85300      DEBUG main            d.u.i.k.j.Recoder2KeY     converting now /home/runner/work/key/key/key.core/../key.ui/examples/InformationFlow/SimpleEvoting/src/simple_evoting/SMT.java 
85301      DEBUG main            d.u.i.k.j.Recoder2KeY     converting now /home/runner/work/key/key/key.core/../key.ui/examples/InformationFlow/SimpleEvoting/src/simple_evoting/Environment.java 
85301      DEBUG main            d.u.i.k.j.Recoder2KeY     converting now /home/runner/work/key/key/key.core/../key.ui/examples/InformationFlow/SimpleEvoting/src/simple_evoting/Setup.java 
85302      DEBUG main            d.u.i.k.j.Recoder2KeY     converting now /home/runner/work/key/key/key.core/../key.ui/examples/InformationFlow/SimpleEvoting/src/simple_evoting/Server.java 
85303      DEBUG main            d.u.i.k.j.Recoder2KeY     converting now /home/runner/work/key/key/key.core/../key.ui/examples/InformationFlow/SimpleEvoting/src/simple_evoting/Message.java 
85304      DEBUG main            d.u.i.k.j.Recoder2KeY     converting now /home/runner/work/key/key/key.core/../key.ui/examples/InformationFlow/SimpleEvoting/src/simple_evoting/SMTEnv.java 
85308      DEBUG main            d.u.i.k.s.TermLabelSettings TermLabelSettings: Failure while reading the setting "UseOriginLabels".Using the default value: true.The string read was: null 
85309      DEBUG main            d.u.i.k.p.i.KeYFile       Reading KeY file file:/home/runner/work/key/key/key.core/build/resources/main/de/uka/ilkd/key/java/JavaRedux/java/lang/String.key 
87287      DEBUG main            d.u.i.k.p.i.KeYFile       Reading KeY file /home/runner/work/key/key/key.core/../key.ui/examples/InformationFlow/SimpleEvoting/simple_evoting.SMTEnv(simple_evoting.SMTEnv__send(int,int,int,simple_evoting.Server,int)).JML normal_behavior operation contract.0.key 
87592      INFO  main            d.u.i.k.p.r.p.TestFile    ... finished proof: closed. 
87786      DEBUG main            d.u.i.k.s.TermLabelSettings TermLabelSettings: Failure while reading the setting "UseOriginLabels".Using the default value: true.The string read was: null 
87786      INFO  main            d.u.i.k.p.r.p.TestFile    Now processing file /home/runner/work/key/key/key.core/../key.ui/examples/InformationFlow/SimpleEvoting/simple_evoting.NetworkClient(simple_evoting.NetworkClient__send((B,simple_evoting.Server,int)).JML normal_behavior operation contract.0.key 
87787      DEBUG main            d.u.i.k.p.i.KeYFile       Reading KeY file /home/runner/work/key/key/key.core/../key.ui/examples/InformationFlow/SimpleEvoting/simple_evoting.NetworkClient(simple_evoting.NetworkClient__send((B,simple_evoting.Server,int)).JML normal_behavior operation contract.0.key 
88777      DEBUG main            d.u.i.k.j.Recoder2KeY     converting now /home/runner/work/key/key/key.core/../key.ui/examples/InformationFlow/SimpleEvoting/src/simple_evoting/Voter.java 
88778      DEBUG main            d.u.i.k.j.Recoder2KeY     converting now /home/runner/work/key/key/key.core/../key.ui/examples/InformationFlow/SimpleEvoting/src/simple_evoting/NetworkClient.java 
88779      DEBUG main            d.u.i.k.j.Recoder2KeY     converting now /home/runner/work/key/key/key.core/../key.ui/examples/InformationFlow/SimpleEvoting/src/simple_evoting/SMT.java 
88779      DEBUG main            d.u.i.k.j.Recoder2KeY     converting now /home/runner/work/key/key/key.core/../key.ui/examples/InformationFlow/SimpleEvoting/src/simple_evoting/Environment.java 
88780      DEBUG main            d.u.i.k.j.Recoder2KeY     converting now /home/runner/work/key/key/key.core/../key.ui/examples/InformationFlow/SimpleEvoting/src/simple_evoting/Setup.java 
88781      DEBUG main            d.u.i.k.j.Recoder2KeY     converting now /home/runner/work/key/key/key.core/../key.ui/examples/InformationFlow/SimpleEvoting/src/simple_evoting/Server.java 
88782      DEBUG main            d.u.i.k.j.Recoder2KeY     converting now /home/runner/work/key/key/key.core/../key.ui/examples/InformationFlow/SimpleEvoting/src/simple_evoting/Message.java 
88782      DEBUG main            d.u.i.k.j.Recoder2KeY     converting now /home/runner/work/key/key/key.core/../key.ui/examples/InformationFlow/SimpleEvoting/src/simple_evoting/SMTEnv.java 
88787      DEBUG main            d.u.i.k.s.TermLabelSettings TermLabelSettings: Failure while reading the setting "UseOriginLabels".Using the default value: true.The string read was: null 
88788      DEBUG main            d.u.i.k.p.i.KeYFile       Reading KeY file file:/home/runner/work/key/key/key.core/build/resources/main/de/uka/ilkd/key/java/JavaRedux/java/lang/String.key 
90803      DEBUG main            d.u.i.k.p.i.KeYFile       Reading KeY file /home/runner/work/key/key/key.core/../key.ui/examples/InformationFlow/SimpleEvoting/simple_evoting.NetworkClient(simple_evoting.NetworkClient__send((B,simple_evoting.Server,int)).JML normal_behavior operation contract.0.key 
90906      INFO  main            d.u.i.k.p.r.p.TestFile    ... finished proof: closed. 
91095      DEBUG main            d.u.i.k.s.TermLabelSettings TermLabelSettings: Failure while reading the setting "UseOriginLabels".Using the default value: true.The string read was: null 
91095      INFO  main            d.u.i.k.p.r.p.TestFile    Now processing file /home/runner/work/key/key/key.core/../key.ui/examples/InformationFlow/SimpleEvoting/simple_evoting.Setup(simple_evoting.Setup__publishResult()).JML normal_behavior operation contract.0.key 
91095      DEBUG main            d.u.i.k.p.i.KeYFile       Reading KeY file /home/runner/work/key/key/key.core/../key.ui/examples/InformationFlow/SimpleEvoting/simple_evoting.Setup(simple_evoting.Setup__publishResult()).JML normal_behavior operation contract.0.key 
92061      DEBUG main            d.u.i.k.j.Recoder2KeY     converting now /home/runner/work/key/key/key.core/../key.ui/examples/InformationFlow/SimpleEvoting/src/simple_evoting/Voter.java 
92063      DEBUG main            d.u.i.k.j.Recoder2KeY     converting now /home/runner/work/key/key/key.core/../key.ui/examples/InformationFlow/SimpleEvoting/src/simple_evoting/NetworkClient.java 
92064      DEBUG main            d.u.i.k.j.Recoder2KeY     converting now /home/runner/work/key/key/key.core/../key.ui/examples/InformationFlow/SimpleEvoting/src/simple_evoting/SMT.java 
92064      DEBUG main            d.u.i.k.j.Recoder2KeY     converting now /home/runner/work/key/key/key.core/../key.ui/examples/InformationFlow/SimpleEvoting/src/simple_evoting/Environment.java 
92064      DEBUG main            d.u.i.k.j.Recoder2KeY     converting now /home/runner/work/key/key/key.core/../key.ui/examples/InformationFlow/SimpleEvoting/src/simple_evoting/Setup.java 
92065      DEBUG main            d.u.i.k.j.Recoder2KeY     converting now /home/runner/work/key/key/key.core/../key.ui/examples/InformationFlow/SimpleEvoting/src/simple_evoting/Server.java 
92066      DEBUG main            d.u.i.k.j.Recoder2KeY     converting now /home/runner/work/key/key/key.core/../key.ui/examples/InformationFlow/SimpleEvoting/src/simple_evoting/Message.java 
92067      DEBUG main            d.u.i.k.j.Recoder2KeY     converting now /home/runner/work/key/key/key.core/../key.ui/examples/InformationFlow/SimpleEvoting/src/simple_evoting/SMTEnv.java 
92071      DEBUG main            d.u.i.k.s.TermLabelSettings TermLabelSettings: Failure while reading the setting "UseOriginLabels".Using the default value: true.The string read was: null 
92072      DEBUG main            d.u.i.k.p.i.KeYFile       Reading KeY file file:/home/runner/work/key/key/key.core/build/resources/main/de/uka/ilkd/key/java/JavaRedux/java/lang/String.key 
94071      DEBUG main            d.u.i.k.p.i.KeYFile       Reading KeY file /home/runner/work/key/key/key.core/../key.ui/examples/InformationFlow/SimpleEvoting/simple_evoting.Setup(simple_evoting.Setup__publishResult()).JML normal_behavior operation contract.0.key 
94202      DEBUG Thread-37       d.u.i.k.j.TypeConverter   TypeConverter: FieldReference: server; 
94209      DEBUG Thread-37       d.u.i.k.j.TypeConverter   TypeConverter: FieldReference: out; 
94677      INFO  main            d.u.i.k.p.r.p.TestFile    ... finished proof: closed. 
94883      DEBUG main            d.u.i.k.s.TermLabelSettings TermLabelSettings: Failure while reading the setting "UseOriginLabels".Using the default value: true.The string read was: null 
94884      INFO  main            d.u.i.k.p.r.p.TestFile    Now processing file /home/runner/work/key/key/key.core/../key.ui/examples/InformationFlow/SimpleEvoting/simple_evoting.Setup(simple_evoting.Setup__main()).JML normal_behavior operation contract.0.key 
94884      DEBUG main            d.u.i.k.p.i.KeYFile       Reading KeY file /home/runner/work/key/key/key.core/../key.ui/examples/InformationFlow/SimpleEvoting/simple_evoting.Setup(simple_evoting.Setup__main()).JML normal_behavior operation contract.0.key 
95847      DEBUG main            d.u.i.k.j.Recoder2KeY     converting now /home/runner/work/key/key/key.core/../key.ui/examples/InformationFlow/SimpleEvoting/src/simple_evoting/Voter.java 
95849      DEBUG main            d.u.i.k.j.Recoder2KeY     converting now /home/runner/work/key/key/key.core/../key.ui/examples/InformationFlow/SimpleEvoting/src/simple_evoting/NetworkClient.java 
95850      DEBUG main            d.u.i.k.j.Recoder2KeY     converting now /home/runner/work/key/key/key.core/../key.ui/examples/InformationFlow/SimpleEvoting/src/simple_evoting/SMT.java 
95850      DEBUG main            d.u.i.k.j.Recoder2KeY     converting now /home/runner/work/key/key/key.core/../key.ui/examples/InformationFlow/SimpleEvoting/src/simple_evoting/Environment.java 
95851      DEBUG main            d.u.i.k.j.Recoder2KeY     converting now /home/runner/work/key/key/key.core/../key.ui/examples/InformationFlow/SimpleEvoting/src/simple_evoting/Setup.java 
95852      DEBUG main            d.u.i.k.j.Recoder2KeY     converting now /home/runner/work/key/key/key.core/../key.ui/examples/InformationFlow/SimpleEvoting/src/simple_evoting/Server.java 
95852      DEBUG main            d.u.i.k.j.Recoder2KeY     converting now /home/runner/work/key/key/key.core/../key.ui/examples/InformationFlow/SimpleEvoting/src/simple_evoting/Message.java 
95853      DEBUG main            d.u.i.k.j.Recoder2KeY     converting now /home/runner/work/key/key/key.core/../key.ui/examples/InformationFlow/SimpleEvoting/src/simple_evoting/SMTEnv.java 
95857      DEBUG main            d.u.i.k.s.TermLabelSettings TermLabelSettings: Failure while reading the setting "UseOriginLabels".Using the default value: true.The string read was: null 
95858      DEBUG main            d.u.i.k.p.i.KeYFile       Reading KeY file file:/home/runner/work/key/key/key.core/build/resources/main/de/uka/ilkd/key/java/JavaRedux/java/lang/String.key 
97898      DEBUG main            d.u.i.k.p.i.KeYFile       Reading KeY file /home/runner/work/key/key/key.core/../key.ui/examples/InformationFlow/SimpleEvoting/simple_evoting.Setup(simple_evoting.Setup__main()).JML normal_behavior operation contract.0.key 
98119      DEBUG Thread-39       d.u.i.k.j.TypeConverter   TypeConverter: FieldReference: server; 
98267      DEBUG Thread-39       d.u.i.k.r.m.WhileLoopTransformation While-Loop-Tranform-Result: try {
  {
    if (!resultReady) {
      final int k = Environment.untrustedInput(
          voters.length
        );
      final Voter v = voters[k];
      v.onSendBallot(server);
      resultReady = server.resultReady();
    }
  }
} catch (java.lang.Throwable e#7) {
  exc#6 = true;
  thrownExc#8 = e#7;
} 
133743     INFO  main            d.u.i.k.p.r.p.TestFile    ... finished proof: open goal(s) 
134032     DEBUG main            d.u.i.k.s.TermLabelSettings TermLabelSettings: Failure while reading the setting "UseOriginLabels".Using the default value: true.The string read was: null 
134032     INFO  main            d.u.i.k.p.r.p.TestFile    Now processing file /home/runner/work/key/key/key.core/../key.ui/examples/InformationFlow/SimpleEvoting/simple_evoting.Setup(java.lang.Object___inv_()).JML accessible clause.0.key 
134033     DEBUG main            d.u.i.k.p.i.KeYFile       Reading KeY file /home/runner/work/key/key/key.core/../key.ui/examples/InformationFlow/SimpleEvoting/simple_evoting.Setup(java.lang.Object___inv_()).JML accessible clause.0.key 
135006     DEBUG main            d.u.i.k.j.Recoder2KeY     converting now /home/runner/work/key/key/key.core/../key.ui/examples/InformationFlow/SimpleEvoting/src/simple_evoting/Voter.java 
135008     DEBUG main            d.u.i.k.j.Recoder2KeY     converting now /home/runner/work/key/key/key.core/../key.ui/examples/InformationFlow/SimpleEvoting/src/simple_evoting/NetworkClient.java 
135008     DEBUG main            d.u.i.k.j.Recoder2KeY     converting now /home/runner/work/key/key/key.core/../key.ui/examples/InformationFlow/SimpleEvoting/src/simple_evoting/SMT.java 
135009     DEBUG main            d.u.i.k.j.Recoder2KeY     converting now /home/runner/work/key/key/key.core/../key.ui/examples/InformationFlow/SimpleEvoting/src/simple_evoting/Environment.java 
135009     DEBUG main            d.u.i.k.j.Recoder2KeY     converting now /home/runner/work/key/key/key.core/../key.ui/examples/InformationFlow/SimpleEvoting/src/simple_evoting/Setup.java 
135010     DEBUG main            d.u.i.k.j.Recoder2KeY     converting now /home/runner/work/key/key/key.core/../key.ui/examples/InformationFlow/SimpleEvoting/src/simple_evoting/Server.java 
135011     DEBUG main            d.u.i.k.j.Recoder2KeY     converting now /home/runner/work/key/key/key.core/../key.ui/examples/InformationFlow/SimpleEvoting/src/simple_evoting/Message.java 
135011     DEBUG main            d.u.i.k.j.Recoder2KeY     converting now /home/runner/work/key/key/key.core/../key.ui/examples/InformationFlow/SimpleEvoting/src/simple_evoting/SMTEnv.java 
135015     DEBUG main            d.u.i.k.s.TermLabelSettings TermLabelSettings: Failure while reading the setting "UseOriginLabels".Using the default value: true.The string read was: null 
135016     DEBUG main            d.u.i.k.p.i.KeYFile       Reading KeY file file:/home/runner/work/key/key/key.core/build/resources/main/de/uka/ilkd/key/java/JavaRedux/java/lang/String.key 
137006     DEBUG main            d.u.i.k.p.i.KeYFile       Reading KeY file /home/runner/work/key/key/key.core/../key.ui/examples/InformationFlow/SimpleEvoting/simple_evoting.Setup(java.lang.Object___inv_()).JML accessible clause.0.key 
140654     INFO  main            d.u.i.k.p.r.p.TestFile    ... finished proof: closed. 
140986     DEBUG main            d.u.i.k.s.TermLabelSettings TermLabelSettings: Failure while reading the setting "UseOriginLabels".Using the default value: true.The string read was: null 
140987     INFO  main            d.u.i.k.p.r.p.TestFile    Now processing file /home/runner/work/key/key/key.core/../key.ui/examples/InformationFlow/SimpleEvoting/simple_evoting.Voter(simple_evoting.Voter__onSendBallot(simple_evoting.Server)).JML normal_behavior operation contract.1.key 
140987     DEBUG main            d.u.i.k.p.i.KeYFile       Reading KeY file /home/runner/work/key/key/key.core/../key.ui/examples/InformationFlow/SimpleEvoting/simple_evoting.Voter(simple_evoting.Voter__onSendBallot(simple_evoting.Server)).JML normal_behavior operation contract.1.key 
141999     DEBUG main            d.u.i.k.j.Recoder2KeY     converting now /home/runner/work/key/key/key.core/../key.ui/examples/InformationFlow/SimpleEvoting/src/simple_evoting/Voter.java 
142001     DEBUG main            d.u.i.k.j.Recoder2KeY     converting now /home/runner/work/key/key/key.core/../key.ui/examples/InformationFlow/SimpleEvoting/src/simple_evoting/NetworkClient.java 
142002     DEBUG main            d.u.i.k.j.Recoder2KeY     converting now /home/runner/work/key/key/key.core/../key.ui/examples/InformationFlow/SimpleEvoting/src/simple_evoting/SMT.java 
142003     DEBUG main            d.u.i.k.j.Recoder2KeY     converting now /home/runner/work/key/key/key.core/../key.ui/examples/InformationFlow/SimpleEvoting/src/simple_evoting/Environment.java 
142003     DEBUG main            d.u.i.k.j.Recoder2KeY     converting now /home/runner/work/key/key/key.core/../key.ui/examples/InformationFlow/SimpleEvoting/src/simple_evoting/Setup.java 
142004     DEBUG main            d.u.i.k.j.Recoder2KeY     converting now /home/runner/work/key/key/key.core/../key.ui/examples/InformationFlow/SimpleEvoting/src/simple_evoting/Server.java 
142005     DEBUG main            d.u.i.k.j.Recoder2KeY     converting now /home/runner/work/key/key/key.core/../key.ui/examples/InformationFlow/SimpleEvoting/src/simple_evoting/Message.java 
142006     DEBUG main            d.u.i.k.j.Recoder2KeY     converting now /home/runner/work/key/key/key.core/../key.ui/examples/InformationFlow/SimpleEvoting/src/simple_evoting/SMTEnv.java 
142010     DEBUG main            d.u.i.k.s.TermLabelSettings TermLabelSettings: Failure while reading the setting "UseOriginLabels".Using the default value: true.The string read was: null 
142012     DEBUG main            d.u.i.k.p.i.KeYFile       Reading KeY file file:/home/runner/work/key/key/key.core/build/resources/main/de/uka/ilkd/key/java/JavaRedux/java/lang/String.key 
143992     DEBUG main            d.u.i.k.p.i.KeYFile       Reading KeY file /home/runner/work/key/key/key.core/../key.ui/examples/InformationFlow/SimpleEvoting/simple_evoting.Voter(simple_evoting.Voter__onSendBallot(simple_evoting.Server)).JML normal_behavior operation contract.1.key 
144049     DEBUG Thread-43       d.u.i.k.j.TypeConverter   typeconverter: (prefix this;, class class de.uka.ilkd.key.java.reference.ThisReference) 
144054     DEBUG Thread-43       d.u.i.k.j.TypeConverter   typeconverter: (prefix this;, class class de.uka.ilkd.key.java.reference.ThisReference) 
144078     DEBUG Thread-43       d.u.i.k.r.m.MethodCall    method-call: called for Message.<createObject>(); 
144079     DEBUG Thread-43       d.u.i.k.r.m.MethodCall    method-call: invocation of static method detected 
144086     DEBUG Thread-43       d.u.i.k.r.m.MethodCall    method-call: called for Message.<allocate>(); 
144086     DEBUG Thread-43       d.u.i.k.r.m.MethodCall    method-call: invocation of static method detected 
144102     DEBUG Thread-43       d.u.i.k.j.TypeConverter   typeconverter: (prefix this;, class class de.uka.ilkd.key.java.reference.ThisReference) 
144107     DEBUG Thread-43       d.u.i.k.r.m.MethodCall    method-call: called for <prepareEnter>(); 
144107     DEBUG Thread-43       d.u.i.k.r.m.MethodCall    method-call: invocation of private method detected.Requires static resolving. 
144113     DEBUG Thread-43       d.u.i.k.r.m.MethodCall    method-call: called for super.<prepare>(); 
144113     DEBUG Thread-43       d.u.i.k.r.m.MethodCall    method-call: super invocation of method detected.Requires static resolving. 
144120     DEBUG Thread-43       d.u.i.k.j.TypeConverter   typeconverter: (prefix this;, class class de.uka.ilkd.key.java.reference.ThisReference) 
144125     DEBUG Thread-43       d.u.i.k.j.TypeConverter   typeconverter: (prefix this;, class class de.uka.ilkd.key.java.reference.ThisReference) 
144130     DEBUG Thread-43       d.u.i.k.j.TypeConverter   typeconverter: (prefix this;, class class de.uka.ilkd.key.java.reference.ThisReference) 
144165     DEBUG Thread-43       d.u.i.k.r.m.MethodCall    method-call: called for super.<init>(); 
144165     DEBUG Thread-43       d.u.i.k.r.m.MethodCall    method-call: super invocation of method detected.Requires static resolving. 
144172     DEBUG Thread-43       d.u.i.k.j.TypeConverter   typeconverter: (prefix this;, class class de.uka.ilkd.key.java.reference.ThisReference) 
144177     DEBUG Thread-43       d.u.i.k.j.TypeConverter   typeconverter: (prefix this;, class class de.uka.ilkd.key.java.reference.ThisReference) 
144193     DEBUG Thread-43       d.u.i.k.j.TypeConverter   typeconverter: (prefix this;, class class de.uka.ilkd.key.java.reference.ThisReference) 
144207     DEBUG Thread-43       d.u.i.k.j.TypeConverter   typeconverter: (prefix this;, class class de.uka.ilkd.key.java.reference.ThisReference) 
148549     INFO  main            d.u.i.k.p.r.p.TestFile    ... finished proof: closed. 
148818     DEBUG main            d.u.i.k.s.TermLabelSettings TermLabelSettings: Failure while reading the setting "UseOriginLabels".Using the default value: true.The string read was: null 
148818     INFO  main            d.u.i.k.p.r.p.TestFile    Now processing file /home/runner/work/key/key/key.core/../key.ui/examples/InformationFlow/SimpleEvoting/simple_evoting.Voter(simple_evoting.Voter__onSendBallot(simple_evoting.Server)).JML normal_behavior operation contract.0.key 
148818     DEBUG main            d.u.i.k.p.i.KeYFile       Reading KeY file /home/runner/work/key/key/key.core/../key.ui/examples/InformationFlow/SimpleEvoting/simple_evoting.Voter(simple_evoting.Voter__onSendBallot(simple_evoting.Server)).JML normal_behavior operation contract.0.key 
149817     DEBUG main            d.u.i.k.j.Recoder2KeY     converting now /home/runner/work/key/key/key.core/../key.ui/examples/InformationFlow/SimpleEvoting/src/simple_evoting/Voter.java 
149819     DEBUG main            d.u.i.k.j.Recoder2KeY     converting now /home/runner/work/key/key/key.core/../key.ui/examples/InformationFlow/SimpleEvoting/src/simple_evoting/NetworkClient.java 
149819     DEBUG main            d.u.i.k.j.Recoder2KeY     converting now /home/runner/work/key/key/key.core/../key.ui/examples/InformationFlow/SimpleEvoting/src/simple_evoting/SMT.java 
149819     DEBUG main            d.u.i.k.j.Recoder2KeY     converting now /home/runner/work/key/key/key.core/../key.ui/examples/InformationFlow/SimpleEvoting/src/simple_evoting/Environment.java 
149820     DEBUG main            d.u.i.k.j.Recoder2KeY     converting now /home/runner/work/key/key/key.core/../key.ui/examples/InformationFlow/SimpleEvoting/src/simple_evoting/Setup.java 
149821     DEBUG main            d.u.i.k.j.Recoder2KeY     converting now /home/runner/work/key/key/key.core/../key.ui/examples/InformationFlow/SimpleEvoting/src/simple_evoting/Server.java 
149822     DEBUG main            d.u.i.k.j.Recoder2KeY     converting now /home/runner/work/key/key/key.core/../key.ui/examples/InformationFlow/SimpleEvoting/src/simple_evoting/Message.java 
149822     DEBUG main            d.u.i.k.j.Recoder2KeY     converting now /home/runner/work/key/key/key.core/../key.ui/examples/InformationFlow/SimpleEvoting/src/simple_evoting/SMTEnv.java 
149826     DEBUG main            d.u.i.k.s.TermLabelSettings TermLabelSettings: Failure while reading the setting "UseOriginLabels".Using the default value: true.The string read was: null 
149827     DEBUG main            d.u.i.k.p.i.KeYFile       Reading KeY file file:/home/runner/work/key/key/key.core/build/resources/main/de/uka/ilkd/key/java/JavaRedux/java/lang/String.key 
151810     DEBUG main            d.u.i.k.p.i.KeYFile       Reading KeY file /home/runner/work/key/key/key.core/../key.ui/examples/InformationFlow/SimpleEvoting/simple_evoting.Voter(simple_evoting.Voter__onSendBallot(simple_evoting.Server)).JML normal_behavior operation contract.0.key 
151882     DEBUG Thread-45       d.u.i.k.j.TypeConverter   typeconverter: (prefix this;, class class de.uka.ilkd.key.java.reference.ThisReference) 
151887     DEBUG Thread-45       d.u.i.k.j.TypeConverter   typeconverter: (prefix this;, class class de.uka.ilkd.key.java.reference.ThisReference) 
151908     DEBUG Thread-45       d.u.i.k.r.m.MethodCall    method-call: called for Message.<createObject>(); 
151908     DEBUG Thread-45       d.u.i.k.r.m.MethodCall    method-call: invocation of static method detected 
151916     DEBUG Thread-45       d.u.i.k.r.m.MethodCall    method-call: called for Message.<allocate>(); 
151916     DEBUG Thread-45       d.u.i.k.r.m.MethodCall    method-call: invocation of static method detected 
151933     DEBUG Thread-45       d.u.i.k.j.TypeConverter   typeconverter: (prefix this;, class class de.uka.ilkd.key.java.reference.ThisReference) 
151938     DEBUG Thread-45       d.u.i.k.r.m.MethodCall    method-call: called for <prepareEnter>(); 
151939     DEBUG Thread-45       d.u.i.k.r.m.MethodCall    method-call: invocation of private method detected.Requires static resolving. 
151944     DEBUG Thread-45       d.u.i.k.r.m.MethodCall    method-call: called for super.<prepare>(); 
151944     DEBUG Thread-45       d.u.i.k.r.m.MethodCall    method-call: super invocation of method detected.Requires static resolving. 
151952     DEBUG Thread-45       d.u.i.k.j.TypeConverter   typeconverter: (prefix this;, class class de.uka.ilkd.key.java.reference.ThisReference) 
151957     DEBUG Thread-45       d.u.i.k.j.TypeConverter   typeconverter: (prefix this;, class class de.uka.ilkd.key.java.reference.ThisReference) 
151962     DEBUG Thread-45       d.u.i.k.j.TypeConverter   typeconverter: (prefix this;, class class de.uka.ilkd.key.java.reference.ThisReference) 
152001     DEBUG Thread-45       d.u.i.k.r.m.MethodCall    method-call: called for super.<init>(); 
152001     DEBUG Thread-45       d.u.i.k.r.m.MethodCall    method-call: super invocation of method detected.Requires static resolving. 
152009     DEBUG Thread-45       d.u.i.k.j.TypeConverter   typeconverter: (prefix this;, class class de.uka.ilkd.key.java.reference.ThisReference) 
152014     DEBUG Thread-45       d.u.i.k.j.TypeConverter   typeconverter: (prefix this;, class class de.uka.ilkd.key.java.reference.ThisReference) 
152032     DEBUG Thread-45       d.u.i.k.j.TypeConverter   typeconverter: (prefix this;, class class de.uka.ilkd.key.java.reference.ThisReference) 
152047     DEBUG Thread-45       d.u.i.k.j.TypeConverter   typeconverter: (prefix this;, class class de.uka.ilkd.key.java.reference.ThisReference) 
159399     INFO  main            d.u.i.k.p.r.p.TestFile    ... finished proof: closed. 
159656     DEBUG main            d.u.i.k.s.TermLabelSettings TermLabelSettings: Failure while reading the setting "UseOriginLabels".Using the default value: true.The string read was: null 
159656     INFO  main            d.u.i.k.p.r.p.TestFile    Now processing file /home/runner/work/key/key/key.core/../key.ui/examples/InformationFlow/SimpleEvoting/simple_evoting.Voter(java.lang.Object___inv_()).JML accessible clause.0.key 
159657     DEBUG main            d.u.i.k.p.i.KeYFile       Reading KeY file /home/runner/work/key/key/key.core/../key.ui/examples/InformationFlow/SimpleEvoting/simple_evoting.Voter(java.lang.Object___inv_()).JML accessible clause.0.key 
160636     DEBUG main            d.u.i.k.j.Recoder2KeY     converting now /home/runner/work/key/key/key.core/../key.ui/examples/InformationFlow/SimpleEvoting/src/simple_evoting/Voter.java 
160638     DEBUG main            d.u.i.k.j.Recoder2KeY     converting now /home/runner/work/key/key/key.core/../key.ui/examples/InformationFlow/SimpleEvoting/src/simple_evoting/NetworkClient.java 
160640     DEBUG main            d.u.i.k.j.Recoder2KeY     converting now /home/runner/work/key/key/key.core/../key.ui/examples/InformationFlow/SimpleEvoting/src/simple_evoting/SMT.java 
160641     DEBUG main            d.u.i.k.j.Recoder2KeY     converting now /home/runner/work/key/key/key.core/../key.ui/examples/InformationFlow/SimpleEvoting/src/simple_evoting/Environment.java 
160641     DEBUG main            d.u.i.k.j.Recoder2KeY     converting now /home/runner/work/key/key/key.core/../key.ui/examples/InformationFlow/SimpleEvoting/src/simple_evoting/Setup.java 
160642     DEBUG main            d.u.i.k.j.Recoder2KeY     converting now /home/runner/work/key/key/key.core/../key.ui/examples/InformationFlow/SimpleEvoting/src/simple_evoting/Server.java 
160643     DEBUG main            d.u.i.k.j.Recoder2KeY     converting now /home/runner/work/key/key/key.core/../key.ui/examples/InformationFlow/SimpleEvoting/src/simple_evoting/Message.java 
160644     DEBUG main            d.u.i.k.j.Recoder2KeY     converting now /home/runner/work/key/key/key.core/../key.ui/examples/InformationFlow/SimpleEvoting/src/simple_evoting/SMTEnv.java 
160647     DEBUG main            d.u.i.k.s.TermLabelSettings TermLabelSettings: Failure while reading the setting "UseOriginLabels".Using the default value: true.The string read was: null 
160648     DEBUG main            d.u.i.k.p.i.KeYFile       Reading KeY file file:/home/runner/work/key/key/key.core/build/resources/main/de/uka/ilkd/key/java/JavaRedux/java/lang/String.key 
162629     DEBUG main            d.u.i.k.p.i.KeYFile       Reading KeY file /home/runner/work/key/key/key.core/../key.ui/examples/InformationFlow/SimpleEvoting/simple_evoting.Voter(java.lang.Object___inv_()).JML accessible clause.0.key 
162831     INFO  main            d.u.i.k.p.r.p.TestFile    ... finished proof: closed. 
700681     INFO  Test worker     d.u.i.k.p.r.RunAllProofsTestUnit Returning from test SimpleEvoting 
700683     INFO  Test worker     d.u.i.k.p.r.RunAllProofsTestUnit Running test ToyVoting_nomacro 
382        INFO  Timeout watchdog d.u.i.k.p.r.p.ForkedTestFileRunner Timeout watcher launched (1000 secs.) 
403        WARN  main            d.u.i.k.s.ProofSettings   The settings in /home/runner/.key/proof-settings.props are *not* read. 
431        DEBUG main            d.u.i.k.s.TermLabelSettings TermLabelSettings: Failure while reading the setting "UseOriginLabels".Using the default value: true.The string read was: null 
433        INFO  main            d.u.i.k.p.r.p.TestFile    Now processing file /home/runner/work/key/key/key.core/../key.ui/examples/InformationFlow/ToyVoting/Voter(Voter__insecure_voting()).Non-interference contract.0.key 
600        DEBUG main            d.u.i.k.p.i.KeYFile       Reading KeY file /home/runner/work/key/key/key.core/../key.ui/examples/InformationFlow/ToyVoting/Voter(Voter__insecure_voting()).Non-interference contract.0.key 
842        DEBUG main            d.u.i.k.p.i.KeYFile       Reading KeY file file:/home/runner/work/key/key/key.core/build/resources/main/de/uka/ilkd/key/proof/rules/standardRules.key 
859        DEBUG main            d.u.i.k.p.i.KeYFile       Reading KeY file file:/home/runner/work/key/key/key.core/build/resources/main/de/uka/ilkd/key/proof/rules/ldt.key 
863        DEBUG main            d.u.i.k.p.i.KeYFile       Reading KeY file file:/home/runner/work/key/key/key.core/build/resources/main/de/uka/ilkd/key/proof/rules/boolean.key 
879        DEBUG main            d.u.i.k.p.i.KeYFile       Reading KeY file file:/home/runner/work/key/key/key.core/build/resources/main/de/uka/ilkd/key/proof/rules/ruleSetsDeclarations.key 
907        DEBUG main            d.u.i.k.p.i.KeYFile       Reading KeY file file:/home/runner/work/key/key/key.core/build/resources/main/de/uka/ilkd/key/proof/rules/integerHeader.key 
914        DEBUG main            d.u.i.k.p.i.KeYFile       Reading KeY file file:/home/runner/work/key/key/key.core/build/resources/main/de/uka/ilkd/key/proof/rules/floatHeader.key 
918        DEBUG main            d.u.i.k.p.i.KeYFile       Reading KeY file file:/home/runner/work/key/key/key.core/build/resources/main/de/uka/ilkd/key/proof/rules/heap.key 
922        DEBUG main            d.u.i.k.p.i.KeYFile       Reading KeY file file:/home/runner/work/key/key/key.core/build/resources/main/de/uka/ilkd/key/proof/rules/locSets.key 
923        DEBUG main            d.u.i.k.p.i.KeYFile       Reading KeY file file:/home/runner/work/key/key/key.core/build/resources/main/de/uka/ilkd/key/proof/rules/permission.key 
924        DEBUG main            d.u.i.k.p.i.KeYFile       Reading KeY file file:/home/runner/work/key/key/key.core/build/resources/main/de/uka/ilkd/key/proof/rules/reach.key 
925        DEBUG main            d.u.i.k.p.i.KeYFile       Reading KeY file file:/home/runner/work/key/key/key.core/build/resources/main/de/uka/ilkd/key/proof/rules/seq.key 
926        DEBUG main            d.u.i.k.p.i.KeYFile       Reading KeY file file:/home/runner/work/key/key/key.core/build/resources/main/de/uka/ilkd/key/proof/rules/map.key 
962        DEBUG main            d.u.i.k.p.i.KeYFile       Reading KeY file file:/home/runner/work/key/key/key.core/build/resources/main/de/uka/ilkd/key/proof/rules/freeADT.key 
963        DEBUG main            d.u.i.k.p.i.KeYFile       Reading KeY file file:/home/runner/work/key/key/key.core/build/resources/main/de/uka/ilkd/key/proof/rules/wellfound.key 
964        DEBUG main            d.u.i.k.p.i.KeYFile       Reading KeY file file:/home/runner/work/key/key/key.core/build/resources/main/de/uka/ilkd/key/proof/rules/charListHeader.key 
1075       DEBUG main            d.u.i.k.p.i.KeYFile       Reading KeY file file:/home/runner/work/key/key/key.core/build/resources/main/de/uka/ilkd/key/proof/rules/propRule.key 
1105       DEBUG main            d.u.i.k.p.i.KeYFile       Reading KeY file file:/home/runner/work/key/key/key.core/build/resources/main/de/uka/ilkd/key/proof/rules/firstOrderRules.key 
1150       DEBUG main            d.u.i.k.p.i.KeYFile       Reading KeY file file:/home/runner/work/key/key/key.core/build/resources/main/de/uka/ilkd/key/proof/rules/ifThenElseRules.key 
1206       DEBUG main            d.u.i.k.p.i.KeYFile       Reading KeY file file:/home/runner/work/key/key/key.core/build/resources/main/de/uka/ilkd/key/proof/rules/formulaNormalisationRules.key 
1349       DEBUG main            d.u.i.k.p.i.KeYFile       Reading KeY file file:/home/runner/work/key/key/key.core/build/resources/main/de/uka/ilkd/key/proof/rules/updateRules.key 
1384       DEBUG main            d.u.i.k.p.i.KeYFile       Reading KeY file file:/home/runner/work/key/key/key.core/build/resources/main/de/uka/ilkd/key/proof/rules/integerRulesCommon.key 
1476       DEBUG main            d.u.i.k.p.i.KeYFile       Reading KeY file file:/home/runner/work/key/key/key.core/build/resources/main/de/uka/ilkd/key/proof/rules/intRules.key 
1493       DEBUG main            d.u.i.k.p.i.KeYFile       Reading KeY file file:/home/runner/work/key/key/key.core/build/resources/main/de/uka/ilkd/key/proof/rules/intRulesUncheckedSemantics.key 
1503       DEBUG main            d.u.i.k.p.i.KeYFile       Reading KeY file file:/home/runner/work/key/key/key.core/build/resources/main/de/uka/ilkd/key/proof/rules/intRulesCheckedSemantics.key 
1508       DEBUG main            d.u.i.k.p.i.KeYFile       Reading KeY file file:/home/runner/work/key/key/key.core/build/resources/main/de/uka/ilkd/key/proof/rules/intRulesJavaSemantics.key 
1519       DEBUG main            d.u.i.k.p.i.KeYFile       Reading KeY file file:/home/runner/work/key/key/key.core/build/resources/main/de/uka/ilkd/key/proof/rules/integerSimplificationRules.key 
1725       DEBUG main            d.u.i.k.j.TypeConverter   No LDT found for Meta 
1725       DEBUG main            d.u.i.k.j.TypeConverter   No LDT found for Meta 
1728       DEBUG main            d.u.i.k.j.TypeConverter   No LDT found for Meta 
1728       DEBUG main            d.u.i.k.j.TypeConverter   No LDT found for Meta 
1756       DEBUG main            d.u.i.k.p.i.KeYFile       Reading KeY file file:/home/runner/work/key/key/key.core/build/resources/main/de/uka/ilkd/key/proof/rules/intDiv.key 
1799       DEBUG main            d.u.i.k.p.i.KeYFile       Reading KeY file file:/home/runner/work/key/key/key.core/build/resources/main/de/uka/ilkd/key/proof/rules/bsum.key 
1981       DEBUG main            d.u.i.k.p.i.KeYFile       Reading KeY file file:/home/runner/work/key/key/key.core/build/resources/main/de/uka/ilkd/key/proof/rules/bprod.key 
2043       DEBUG main            d.u.i.k.p.i.KeYFile       Reading KeY file file:/home/runner/work/key/key/key.core/build/resources/main/de/uka/ilkd/key/proof/rules/binaryAxioms.key 
2049       DEBUG main            d.u.i.k.p.i.KeYFile       Reading KeY file file:/home/runner/work/key/key/key.core/build/resources/main/de/uka/ilkd/key/proof/rules/binaryLemmas.key 
2060       DEBUG main            d.u.i.k.p.i.KeYFile       Reading KeY file file:/home/runner/work/key/key/key.core/build/resources/main/de/uka/ilkd/key/proof/rules/intPow.key 
2097       DEBUG main            d.u.i.k.p.i.KeYFile       Reading KeY file file:/home/runner/work/key/key/key.core/build/resources/main/de/uka/ilkd/key/proof/rules/floatRulesCommon.key 
2129       DEBUG main            d.u.i.k.p.i.KeYFile       Reading KeY file file:/home/runner/work/key/key/key.core/build/resources/main/de/uka/ilkd/key/proof/rules/floatRules.key 
2130       DEBUG main            d.u.i.k.p.i.KeYFile       Reading KeY file file:/home/runner/work/key/key/key.core/build/resources/main/de/uka/ilkd/key/proof/rules/floatRulesVerifyNormal.key 
2133       DEBUG main            d.u.i.k.p.i.KeYFile       Reading KeY file file:/home/runner/work/key/key/key.core/build/resources/main/de/uka/ilkd/key/proof/rules/floatRulesAssumeStrictfp.key 
2170       DEBUG main            d.u.i.k.p.i.KeYFile       Reading KeY file file:/home/runner/work/key/key/key.core/build/resources/main/de/uka/ilkd/key/proof/rules/genericRules.key 
2187       DEBUG main            d.u.i.k.p.i.KeYFile       Reading KeY file file:/home/runner/work/key/key/key.core/build/resources/main/de/uka/ilkd/key/proof/rules/booleanRules.key 
2191       DEBUG main            d.u.i.k.p.i.KeYFile       Reading KeY file file:/home/runner/work/key/key/key.core/build/resources/main/de/uka/ilkd/key/proof/rules/epsilon.key 
2194       DEBUG main            d.u.i.k.p.i.KeYFile       Reading KeY file file:/home/runner/work/key/key/key.core/build/resources/main/de/uka/ilkd/key/proof/rules/locSetsRules.key 
2247       DEBUG main            d.u.i.k.p.i.KeYFile       Reading KeY file file:/home/runner/work/key/key/key.core/build/resources/main/de/uka/ilkd/key/proof/rules/heapRules.key 
2328       DEBUG main            d.u.i.k.p.i.KeYFile       Reading KeY file file:/home/runner/work/key/key/key.core/build/resources/main/de/uka/ilkd/key/proof/rules/permissionRules.key 
2352       DEBUG main            d.u.i.k.p.i.KeYFile       Reading KeY file file:/home/runner/work/key/key/key.core/build/resources/main/de/uka/ilkd/key/proof/rules/reachRules.key 
2384       DEBUG main            d.u.i.k.p.i.KeYFile       Reading KeY file file:/home/runner/work/key/key/key.core/build/resources/main/de/uka/ilkd/key/proof/rules/seqCoreRules.key 
2388       DEBUG main            d.u.i.k.p.i.KeYFile       Reading KeY file file:/home/runner/work/key/key/key.core/build/resources/main/de/uka/ilkd/key/proof/rules/seqRules.key 
2435       DEBUG main            d.u.i.k.p.i.KeYFile       Reading KeY file file:/home/runner/work/key/key/key.core/build/resources/main/de/uka/ilkd/key/proof/rules/seqPerm.key 
2470       DEBUG main            d.u.i.k.p.i.KeYFile       Reading KeY file file:/home/runner/work/key/key/key.core/build/resources/main/de/uka/ilkd/key/proof/rules/seqPerm2.key 
2476       DEBUG main            d.u.i.k.p.i.KeYFile       Reading KeY file file:/home/runner/work/key/key/key.core/build/resources/main/de/uka/ilkd/key/proof/rules/javaRules.key 
2587       DEBUG main            d.u.i.k.p.i.KeYFile       Reading KeY file file:/home/runner/work/key/key/key.core/build/resources/main/de/uka/ilkd/key/proof/rules/assertions.key 
3140       DEBUG main            d.u.i.k.p.i.KeYFile       Reading KeY file file:/home/runner/work/key/key/key.core/build/resources/main/de/uka/ilkd/key/proof/rules/loopRules.key 
3150       DEBUG main            d.u.i.k.p.i.KeYFile       Reading KeY file file:/home/runner/work/key/key/key.core/build/resources/main/de/uka/ilkd/key/proof/rules/activeUse.key 
3186       DEBUG main            d.u.i.k.p.i.KeYFile       Reading KeY file file:/home/runner/work/key/key/key.core/build/resources/main/de/uka/ilkd/key/proof/rules/instanceAllocation.key 
3202       DEBUG main            d.u.i.k.p.i.KeYFile       Reading KeY file file:/home/runner/work/key/key/key.core/build/resources/main/de/uka/ilkd/key/proof/rules/java5.key 
3205       DEBUG main            d.u.i.k.p.i.KeYFile       Reading KeY file file:/home/runner/work/key/key/key.core/build/resources/main/de/uka/ilkd/key/proof/rules/integerAssignment2UpdateRules.key 
3232       DEBUG main            d.u.i.k.p.i.KeYFile       Reading KeY file file:/home/runner/work/key/key/key.core/build/resources/main/de/uka/ilkd/key/proof/rules/floatAssignment2UpdateRules.key 
3252       DEBUG main            d.u.i.k.p.i.KeYFile       Reading KeY file file:/home/runner/work/key/key/key.core/build/resources/main/de/uka/ilkd/key/proof/rules/bigint.key 
3263       DEBUG main            d.u.i.k.j.TypeConverter   No LDT found for JavaBigintExpression 
3265       DEBUG main            d.u.i.k.p.i.KeYFile       Reading KeY file file:/home/runner/work/key/key/key.core/build/resources/main/de/uka/ilkd/key/proof/rules/adtProgramDecompositionRules.key 
3281       DEBUG main            d.u.i.k.p.i.KeYFile       Reading KeY file file:/home/runner/work/key/key/key.core/build/resources/main/de/uka/ilkd/key/proof/rules/precRules.key 
3286       DEBUG main            d.u.i.k.p.i.KeYFile       Reading KeY file file:/home/runner/work/key/key/key.core/build/resources/main/de/uka/ilkd/key/proof/rules/charListRules.key 
3301       DEBUG main            d.u.i.k.p.i.KeYFile       Reading KeY file file:/home/runner/work/key/key/key.core/build/resources/main/de/uka/ilkd/key/proof/rules/regExTheory.key 
3302       DEBUG main            d.u.i.k.p.i.KeYFile       Reading KeY file file:/home/runner/work/key/key/key.core/build/resources/main/de/uka/ilkd/key/proof/rules/regExHeader.key 
3303       DEBUG main            d.u.i.k.p.i.KeYFile       Reading KeY file file:/home/runner/work/key/key/key.core/build/resources/main/de/uka/ilkd/key/proof/rules/regExAxioms.key 
3307       DEBUG main            d.u.i.k.p.i.KeYFile       Reading KeY file file:/home/runner/work/key/key/key.core/build/resources/main/de/uka/ilkd/key/proof/rules/regExLemmaProven.key 
3312       DEBUG main            d.u.i.k.p.i.KeYFile       Reading KeY file file:/home/runner/work/key/key/key.core/build/resources/main/de/uka/ilkd/key/proof/rules/seqEq.key 
3320       DEBUG main            d.u.i.k.p.i.KeYFile       Reading KeY file file:/home/runner/work/key/key/key.core/build/resources/main/de/uka/ilkd/key/proof/rules/infFlow.key 
3326       DEBUG main            d.u.i.k.p.i.KeYFile       Reading KeY file file:/home/runner/work/key/key/key.core/build/resources/main/de/uka/ilkd/key/proof/rules/mapSize.key 
3329       DEBUG main            d.u.i.k.p.i.KeYFile       Reading KeY file file:/home/runner/work/key/key/key.core/build/resources/main/de/uka/ilkd/key/proof/rules/wd.key 
3331       DEBUG main            d.u.i.k.p.i.KeYFile       Reading KeY file file:/home/runner/work/key/key/key.core/build/resources/main/de/uka/ilkd/key/proof/rules/wdHeader.key 
3332       DEBUG main            d.u.i.k.p.i.KeYFile       Reading KeY file file:/home/runner/work/key/key/key.core/build/resources/main/de/uka/ilkd/key/proof/rules/wdGeneralRules.key 
3336       DEBUG main            d.u.i.k.p.i.KeYFile       Reading KeY file file:/home/runner/work/key/key/key.core/build/resources/main/de/uka/ilkd/key/proof/rules/wdNumericalRules.key 
3391       DEBUG main            d.u.i.k.p.i.KeYFile       Reading KeY file file:/home/runner/work/key/key/key.core/build/resources/main/de/uka/ilkd/key/proof/rules/wdLocSetRules.key 
3397       DEBUG main            d.u.i.k.p.i.KeYFile       Reading KeY file file:/home/runner/work/key/key/key.core/build/resources/main/de/uka/ilkd/key/proof/rules/wdHeapRules.key 
3401       DEBUG main            d.u.i.k.p.i.KeYFile       Reading KeY file file:/home/runner/work/key/key/key.core/build/resources/main/de/uka/ilkd/key/proof/rules/wdReachRules.key 
3403       DEBUG main            d.u.i.k.p.i.KeYFile       Reading KeY file file:/home/runner/work/key/key/key.core/build/resources/main/de/uka/ilkd/key/proof/rules/wdSeqRules.key 
3406       DEBUG main            d.u.i.k.p.i.KeYFile       Reading KeY file file:/home/runner/work/key/key/key.core/build/resources/main/de/uka/ilkd/key/proof/rules/wdStringRules.key 
3409       DEBUG main            d.u.i.k.p.i.KeYFile       Reading KeY file file:/home/runner/work/key/key/key.core/build/resources/main/de/uka/ilkd/key/proof/rules/wdRegExRules.key 
3410       DEBUG main            d.u.i.k.p.i.KeYFile       Reading KeY file file:/home/runner/work/key/key/key.core/build/resources/main/de/uka/ilkd/key/proof/rules/wdFormulaRules.key 
3424       DEBUG main            d.u.i.k.p.i.KeYFile       Reading KeY file file:/home/runner/work/key/key/key.core/build/resources/main/de/uka/ilkd/key/proof/rules/loopInvariantRules.key 
3426       DEBUG main            d.u.i.k.p.i.KeYFile       Reading KeY file file:/home/runner/work/key/key/key.core/build/resources/main/de/uka/ilkd/key/proof/rules/forLoopRules.key 
3428       DEBUG main            d.u.i.k.p.i.KeYFile       Reading KeY file file:/home/runner/work/key/key/key.core/build/resources/main/de/uka/ilkd/key/proof/rules/execRules.key 
3487       DEBUG main            d.u.i.k.p.i.KeYFile       Reading KeY file file:/home/runner/work/key/key/key.core/build/resources/main/de/uka/ilkd/key/proof/rules/loopScopeRules.key 
6305       DEBUG main            d.u.i.k.j.Recoder2KeY     converting now /home/runner/work/key/key/key.core/../key.ui/examples/InformationFlow/ToyVoting/src/Voter.java 
6373       DEBUG main            d.u.i.k.s.TermLabelSettings TermLabelSettings: Failure while reading the setting "UseOriginLabels".Using the default value: true.The string read was: null 
6388       DEBUG main            d.u.i.k.p.i.KeYFile       Reading KeY file file:/home/runner/work/key/key/key.core/build/resources/main/de/uka/ilkd/key/java/JavaRedux/java/lang/String.key 
8773       DEBUG main            d.u.i.k.p.i.KeYFile       Reading KeY file /home/runner/work/key/key/key.core/../key.ui/examples/InformationFlow/ToyVoting/Voter(Voter__insecure_voting()).Non-interference contract.0.key 
9956       DEBUG Thread-1        d.u.i.k.j.TypeConverter   typeconverter: (prefix this;, class class de.uka.ilkd.key.java.reference.ThisReference) 
10488      DEBUG Thread-1        d.u.i.k.j.TypeConverter   typeconverter: (prefix this;, class class de.uka.ilkd.key.java.reference.ThisReference) 
17151      DEBUG Thread-1        d.u.i.k.j.TypeConverter   typeconverter: (prefix this;, class class de.uka.ilkd.key.java.reference.ThisReference) 
17287      DEBUG Thread-1        d.u.i.k.j.TypeConverter   TypeConverter: FieldReference: low_numOfVotes; 
17329      DEBUG Thread-1        d.u.i.k.j.TypeConverter   TypeConverter: FieldReference: low_numOfVotes; 
26054      INFO  main            d.u.i.k.p.r.p.TestFile    ... finished proof: open goal(s) 
26250      DEBUG main            d.u.i.k.s.TermLabelSettings TermLabelSettings: Failure while reading the setting "UseOriginLabels".Using the default value: true.The string read was: null 
26250      INFO  main            d.u.i.k.p.r.p.TestFile    Now processing file /home/runner/work/key/key/key.core/../key.ui/examples/InformationFlow/ToyVoting/Voter(Voter__publishVoterParticipation()).Non-interference contract.0.key 
26250      DEBUG main            d.u.i.k.p.i.KeYFile       Reading KeY file /home/runner/work/key/key/key.core/../key.ui/examples/InformationFlow/ToyVoting/Voter(Voter__publishVoterParticipation()).Non-interference contract.0.key 
27252      DEBUG main            d.u.i.k.j.Recoder2KeY     converting now /home/runner/work/key/key/key.core/../key.ui/examples/InformationFlow/ToyVoting/src/Voter.java 
27262      DEBUG main            d.u.i.k.s.TermLabelSettings TermLabelSettings: Failure while reading the setting "UseOriginLabels".Using the default value: true.The string read was: null 
27263      DEBUG main            d.u.i.k.p.i.KeYFile       Reading KeY file file:/home/runner/work/key/key/key.core/build/resources/main/de/uka/ilkd/key/java/JavaRedux/java/lang/String.key 
29131      DEBUG main            d.u.i.k.p.i.KeYFile       Reading KeY file /home/runner/work/key/key/key.core/../key.ui/examples/InformationFlow/ToyVoting/Voter(Voter__publishVoterParticipation()).Non-interference contract.0.key 
29249      DEBUG Thread-3        d.u.i.k.j.TypeConverter   TypeConverter: FieldReference: low_numOfVotes; 
29259      DEBUG Thread-3        d.u.i.k.j.TypeConverter   TypeConverter: FieldReference: low_numOfVotes; 
29277      DEBUG Thread-3        d.u.i.k.j.TypeConverter   TypeConverter: FieldReference: low_NUM_OF_VOTERS; 
29278      DEBUG Thread-3        d.u.i.k.j.TypeConverter   TypeConverter: FieldReference: low_NUM_OF_VOTERS; 
29284      DEBUG Thread-3        d.u.i.k.j.TypeConverter   TypeConverter: FieldReference: low_outputStream; 
29289      DEBUG Thread-3        d.u.i.k.j.TypeConverter   TypeConverter: FieldReference: low_NUM_OF_VOTERS; 
29289      DEBUG Thread-3        d.u.i.k.j.TypeConverter   TypeConverter: FieldReference: low_NUM_OF_VOTERS; 
29295      DEBUG Thread-3        d.u.i.k.j.TypeConverter   TypeConverter: FieldReference: low_outputStream; 
29448      INFO  main            d.u.i.k.p.r.p.TestFile    ... finished proof: closed. 
29652      DEBUG main            d.u.i.k.s.TermLabelSettings TermLabelSettings: Failure while reading the setting "UseOriginLabels".Using the default value: true.The string read was: null 
29652      INFO  main            d.u.i.k.p.r.p.TestFile    Now processing file /home/runner/work/key/key/key.core/../key.ui/examples/InformationFlow/ToyVoting/Voter(Voter__isValid(int)).Non-interference contract.0.key 
29654      DEBUG main            d.u.i.k.p.i.KeYFile       Reading KeY file /home/runner/work/key/key/key.core/../key.ui/examples/InformationFlow/ToyVoting/Voter(Voter__isValid(int)).Non-interference contract.0.key 
30598      DEBUG main            d.u.i.k.j.Recoder2KeY     converting now /home/runner/work/key/key/key.core/../key.ui/examples/InformationFlow/ToyVoting/src/Voter.java 
30606      DEBUG main            d.u.i.k.s.TermLabelSettings TermLabelSettings: Failure while reading the setting "UseOriginLabels".Using the default value: true.The string read was: null 
30608      DEBUG main            d.u.i.k.p.i.KeYFile       Reading KeY file file:/home/runner/work/key/key/key.core/build/resources/main/de/uka/ilkd/key/java/JavaRedux/java/lang/String.key 
32418      DEBUG main            d.u.i.k.p.i.KeYFile       Reading KeY file /home/runner/work/key/key/key.core/../key.ui/examples/InformationFlow/ToyVoting/Voter(Voter__isValid(int)).Non-interference contract.0.key 
32822      INFO  main            d.u.i.k.p.r.p.TestFile    ... finished proof: closed. 
32954      DEBUG main            d.u.i.k.s.TermLabelSettings TermLabelSettings: Failure while reading the setting "UseOriginLabels".Using the default value: true.The string read was: null 
32954      INFO  main            d.u.i.k.p.r.p.TestFile    Now processing file /home/runner/work/key/key/key.core/../key.ui/examples/InformationFlow/ToyVoting/Voter(Voter__sendVote(int)).Non-interference contract.0.key 
32955      DEBUG main            d.u.i.k.p.i.KeYFile       Reading KeY file /home/runner/work/key/key/key.core/../key.ui/examples/InformationFlow/ToyVoting/Voter(Voter__sendVote(int)).Non-interference contract.0.key 
33857      DEBUG main            d.u.i.k.j.Recoder2KeY     converting now /home/runner/work/key/key/key.core/../key.ui/examples/InformationFlow/ToyVoting/src/Voter.java 
33864      DEBUG main            d.u.i.k.s.TermLabelSettings TermLabelSettings: Failure while reading the setting "UseOriginLabels".Using the default value: true.The string read was: null 
33866      DEBUG main            d.u.i.k.p.i.KeYFile       Reading KeY file file:/home/runner/work/key/key/key.core/build/resources/main/de/uka/ilkd/key/java/JavaRedux/java/lang/String.key 
35780      DEBUG main            d.u.i.k.p.i.KeYFile       Reading KeY file /home/runner/work/key/key/key.core/../key.ui/examples/InformationFlow/ToyVoting/Voter(Voter__sendVote(int)).Non-interference contract.0.key 
35861      DEBUG Thread-7        d.u.i.k.j.TypeConverter   TypeConverter: FieldReference: low_outputStreamAvailable; 
35868      DEBUG Thread-7        d.u.i.k.j.TypeConverter   TypeConverter: FieldReference: low_outputStreamAvailable; 
36084      INFO  main            d.u.i.k.p.r.p.TestFile    ... finished proof: closed. 
36213      DEBUG main            d.u.i.k.s.TermLabelSettings TermLabelSettings: Failure while reading the setting "UseOriginLabels".Using the default value: true.The string read was: null 
36213      INFO  main            d.u.i.k.p.r.p.TestFile    Now processing file /home/runner/work/key/key/key.core/../key.ui/examples/InformationFlow/ToyVoting/Voter(Voter__inputVote()).Non-interference contract.0.key 
36213      DEBUG main            d.u.i.k.p.i.KeYFile       Reading KeY file /home/runner/work/key/key/key.core/../key.ui/examples/InformationFlow/ToyVoting/Voter(Voter__inputVote()).Non-interference contract.0.key 
37098      DEBUG main            d.u.i.k.j.Recoder2KeY     converting now /home/runner/work/key/key/key.core/../key.ui/examples/InformationFlow/ToyVoting/src/Voter.java 
37105      DEBUG main            d.u.i.k.s.TermLabelSettings TermLabelSettings: Failure while reading the setting "UseOriginLabels".Using the default value: true.The string read was: null 
37107      DEBUG main            d.u.i.k.p.i.KeYFile       Reading KeY file file:/home/runner/work/key/key/key.core/build/resources/main/de/uka/ilkd/key/java/JavaRedux/java/lang/String.key 
38930      DEBUG main            d.u.i.k.p.i.KeYFile       Reading KeY file /home/runner/work/key/key/key.core/../key.ui/examples/InformationFlow/ToyVoting/Voter(Voter__inputVote()).Non-interference contract.0.key 
38999      DEBUG Thread-9        d.u.i.k.j.TypeConverter   TypeConverter: FieldReference: high_inputStream; 
39006      DEBUG Thread-9        d.u.i.k.j.TypeConverter   TypeConverter: FieldReference: high_inputStream; 
39132      INFO  main            d.u.i.k.p.r.p.TestFile    ... finished proof: closed. 
740113     INFO  Test worker     d.u.i.k.p.r.RunAllProofsTestUnit Returning from test ToyVoting_nomacro 
740115     INFO  Test worker     d.u.i.k.p.r.RunAllProofsTestUnit Running test ConditionalConfidential_nomacro 
740115     INFO  Test worker     d.u.i.k.p.r.RunAllProofsTestUnit Returning from test ConditionalConfidential_nomacro 
740116     INFO  Test worker     d.u.i.k.p.r.RunAllProofsTestUnit Running test SumExample_nomacro 
370        INFO  Timeout watchdog d.u.i.k.p.r.p.ForkedTestFileRunner Timeout watcher launched (1000 secs.) 
396        WARN  main            d.u.i.k.s.ProofSettings   The settings in /home/runner/.key/proof-settings.props are *not* read. 
437        DEBUG main            d.u.i.k.s.TermLabelSettings TermLabelSettings: Failure while reading the setting "UseOriginLabels".Using the default value: true.The string read was: null 
437        INFO  main            d.u.i.k.p.r.p.TestFile    Now processing file /home/runner/work/key/key/key.core/../key.ui/examples/InformationFlow/Sum/SumExample(SumExample__getSum()).Non-interference contract.0.key 
575        DEBUG main            d.u.i.k.p.i.KeYFile       Reading KeY file /home/runner/work/key/key/key.core/../key.ui/examples/InformationFlow/Sum/SumExample(SumExample__getSum()).Non-interference contract.0.key 
796        DEBUG main            d.u.i.k.p.i.KeYFile       Reading KeY file file:/home/runner/work/key/key/key.core/build/resources/main/de/uka/ilkd/key/proof/rules/standardRules.key 
828        DEBUG main            d.u.i.k.p.i.KeYFile       Reading KeY file file:/home/runner/work/key/key/key.core/build/resources/main/de/uka/ilkd/key/proof/rules/ldt.key 
832        DEBUG main            d.u.i.k.p.i.KeYFile       Reading KeY file file:/home/runner/work/key/key/key.core/build/resources/main/de/uka/ilkd/key/proof/rules/boolean.key 
848        DEBUG main            d.u.i.k.p.i.KeYFile       Reading KeY file file:/home/runner/work/key/key/key.core/build/resources/main/de/uka/ilkd/key/proof/rules/ruleSetsDeclarations.key 
875        DEBUG main            d.u.i.k.p.i.KeYFile       Reading KeY file file:/home/runner/work/key/key/key.core/build/resources/main/de/uka/ilkd/key/proof/rules/integerHeader.key 
883        DEBUG main            d.u.i.k.p.i.KeYFile       Reading KeY file file:/home/runner/work/key/key/key.core/build/resources/main/de/uka/ilkd/key/proof/rules/floatHeader.key 
889        DEBUG main            d.u.i.k.p.i.KeYFile       Reading KeY file file:/home/runner/work/key/key/key.core/build/resources/main/de/uka/ilkd/key/proof/rules/heap.key 
896        DEBUG main            d.u.i.k.p.i.KeYFile       Reading KeY file file:/home/runner/work/key/key/key.core/build/resources/main/de/uka/ilkd/key/proof/rules/locSets.key 
897        DEBUG main            d.u.i.k.p.i.KeYFile       Reading KeY file file:/home/runner/work/key/key/key.core/build/resources/main/de/uka/ilkd/key/proof/rules/permission.key 
898        DEBUG main            d.u.i.k.p.i.KeYFile       Reading KeY file file:/home/runner/work/key/key/key.core/build/resources/main/de/uka/ilkd/key/proof/rules/reach.key 
898        DEBUG main            d.u.i.k.p.i.KeYFile       Reading KeY file file:/home/runner/work/key/key/key.core/build/resources/main/de/uka/ilkd/key/proof/rules/seq.key 
899        DEBUG main            d.u.i.k.p.i.KeYFile       Reading KeY file file:/home/runner/work/key/key/key.core/build/resources/main/de/uka/ilkd/key/proof/rules/map.key 
960        DEBUG main            d.u.i.k.p.i.KeYFile       Reading KeY file file:/home/runner/work/key/key/key.core/build/resources/main/de/uka/ilkd/key/proof/rules/freeADT.key 
961        DEBUG main            d.u.i.k.p.i.KeYFile       Reading KeY file file:/home/runner/work/key/key/key.core/build/resources/main/de/uka/ilkd/key/proof/rules/wellfound.key 
961        DEBUG main            d.u.i.k.p.i.KeYFile       Reading KeY file file:/home/runner/work/key/key/key.core/build/resources/main/de/uka/ilkd/key/proof/rules/charListHeader.key 
1077       DEBUG main            d.u.i.k.p.i.KeYFile       Reading KeY file file:/home/runner/work/key/key/key.core/build/resources/main/de/uka/ilkd/key/proof/rules/propRule.key 
1104       DEBUG main            d.u.i.k.p.i.KeYFile       Reading KeY file file:/home/runner/work/key/key/key.core/build/resources/main/de/uka/ilkd/key/proof/rules/firstOrderRules.key 
1135       DEBUG main            d.u.i.k.p.i.KeYFile       Reading KeY file file:/home/runner/work/key/key/key.core/build/resources/main/de/uka/ilkd/key/proof/rules/ifThenElseRules.key 
1198       DEBUG main            d.u.i.k.p.i.KeYFile       Reading KeY file file:/home/runner/work/key/key/key.core/build/resources/main/de/uka/ilkd/key/proof/rules/formulaNormalisationRules.key 
1352       DEBUG main            d.u.i.k.p.i.KeYFile       Reading KeY file file:/home/runner/work/key/key/key.core/build/resources/main/de/uka/ilkd/key/proof/rules/updateRules.key 
1386       DEBUG main            d.u.i.k.p.i.KeYFile       Reading KeY file file:/home/runner/work/key/key/key.core/build/resources/main/de/uka/ilkd/key/proof/rules/integerRulesCommon.key 
1504       DEBUG main            d.u.i.k.p.i.KeYFile       Reading KeY file file:/home/runner/work/key/key/key.core/build/resources/main/de/uka/ilkd/key/proof/rules/intRules.key 
1541       DEBUG main            d.u.i.k.p.i.KeYFile       Reading KeY file file:/home/runner/work/key/key/key.core/build/resources/main/de/uka/ilkd/key/proof/rules/intRulesUncheckedSemantics.key 
1560       DEBUG main            d.u.i.k.p.i.KeYFile       Reading KeY file file:/home/runner/work/key/key/key.core/build/resources/main/de/uka/ilkd/key/proof/rules/intRulesCheckedSemantics.key 
1577       DEBUG main            d.u.i.k.p.i.KeYFile       Reading KeY file file:/home/runner/work/key/key/key.core/build/resources/main/de/uka/ilkd/key/proof/rules/intRulesJavaSemantics.key 
1596       DEBUG main            d.u.i.k.p.i.KeYFile       Reading KeY file file:/home/runner/work/key/key/key.core/build/resources/main/de/uka/ilkd/key/proof/rules/integerSimplificationRules.key 
1767       DEBUG main            d.u.i.k.j.TypeConverter   No LDT found for Meta 
1768       DEBUG main            d.u.i.k.j.TypeConverter   No LDT found for Meta 
1769       DEBUG main            d.u.i.k.j.TypeConverter   No LDT found for Meta 
1770       DEBUG main            d.u.i.k.j.TypeConverter   No LDT found for Meta 
1794       DEBUG main            d.u.i.k.p.i.KeYFile       Reading KeY file file:/home/runner/work/key/key/key.core/build/resources/main/de/uka/ilkd/key/proof/rules/intDiv.key 
1824       DEBUG main            d.u.i.k.p.i.KeYFile       Reading KeY file file:/home/runner/work/key/key/key.core/build/resources/main/de/uka/ilkd/key/proof/rules/bsum.key 
1943       DEBUG main            d.u.i.k.p.i.KeYFile       Reading KeY file file:/home/runner/work/key/key/key.core/build/resources/main/de/uka/ilkd/key/proof/rules/bprod.key 
1982       DEBUG main            d.u.i.k.p.i.KeYFile       Reading KeY file file:/home/runner/work/key/key/key.core/build/resources/main/de/uka/ilkd/key/proof/rules/binaryAxioms.key 
1987       DEBUG main            d.u.i.k.p.i.KeYFile       Reading KeY file file:/home/runner/work/key/key/key.core/build/resources/main/de/uka/ilkd/key/proof/rules/binaryLemmas.key 
1993       DEBUG main            d.u.i.k.p.i.KeYFile       Reading KeY file file:/home/runner/work/key/key/key.core/build/resources/main/de/uka/ilkd/key/proof/rules/intPow.key 
2009       DEBUG main            d.u.i.k.p.i.KeYFile       Reading KeY file file:/home/runner/work/key/key/key.core/build/resources/main/de/uka/ilkd/key/proof/rules/floatRulesCommon.key 
2033       DEBUG main            d.u.i.k.p.i.KeYFile       Reading KeY file file:/home/runner/work/key/key/key.core/build/resources/main/de/uka/ilkd/key/proof/rules/floatRules.key 
2034       DEBUG main            d.u.i.k.p.i.KeYFile       Reading KeY file file:/home/runner/work/key/key/key.core/build/resources/main/de/uka/ilkd/key/proof/rules/floatRulesVerifyNormal.key 
2035       DEBUG main            d.u.i.k.p.i.KeYFile       Reading KeY file file:/home/runner/work/key/key/key.core/build/resources/main/de/uka/ilkd/key/proof/rules/floatRulesAssumeStrictfp.key 
2055       DEBUG main            d.u.i.k.p.i.KeYFile       Reading KeY file file:/home/runner/work/key/key/key.core/build/resources/main/de/uka/ilkd/key/proof/rules/genericRules.key 
2072       DEBUG main            d.u.i.k.p.i.KeYFile       Reading KeY file file:/home/runner/work/key/key/key.core/build/resources/main/de/uka/ilkd/key/proof/rules/booleanRules.key 
2077       DEBUG main            d.u.i.k.p.i.KeYFile       Reading KeY file file:/home/runner/work/key/key/key.core/build/resources/main/de/uka/ilkd/key/proof/rules/epsilon.key 
2082       DEBUG main            d.u.i.k.p.i.KeYFile       Reading KeY file file:/home/runner/work/key/key/key.core/build/resources/main/de/uka/ilkd/key/proof/rules/locSetsRules.key 
2166       DEBUG main            d.u.i.k.p.i.KeYFile       Reading KeY file file:/home/runner/work/key/key/key.core/build/resources/main/de/uka/ilkd/key/proof/rules/heapRules.key 
2218       DEBUG main            d.u.i.k.p.i.KeYFile       Reading KeY file file:/home/runner/work/key/key/key.core/build/resources/main/de/uka/ilkd/key/proof/rules/permissionRules.key 
2242       DEBUG main            d.u.i.k.p.i.KeYFile       Reading KeY file file:/home/runner/work/key/key/key.core/build/resources/main/de/uka/ilkd/key/proof/rules/reachRules.key 
2299       DEBUG main            d.u.i.k.p.i.KeYFile       Reading KeY file file:/home/runner/work/key/key/key.core/build/resources/main/de/uka/ilkd/key/proof/rules/seqCoreRules.key 
2331       DEBUG main            d.u.i.k.p.i.KeYFile       Reading KeY file file:/home/runner/work/key/key/key.core/build/resources/main/de/uka/ilkd/key/proof/rules/seqRules.key 
2409       DEBUG main            d.u.i.k.p.i.KeYFile       Reading KeY file file:/home/runner/work/key/key/key.core/build/resources/main/de/uka/ilkd/key/proof/rules/seqPerm.key 
2465       DEBUG main            d.u.i.k.p.i.KeYFile       Reading KeY file file:/home/runner/work/key/key/key.core/build/resources/main/de/uka/ilkd/key/proof/rules/seqPerm2.key 
2477       DEBUG main            d.u.i.k.p.i.KeYFile       Reading KeY file file:/home/runner/work/key/key/key.core/build/resources/main/de/uka/ilkd/key/proof/rules/javaRules.key 
2728       DEBUG main            d.u.i.k.p.i.KeYFile       Reading KeY file file:/home/runner/work/key/key/key.core/build/resources/main/de/uka/ilkd/key/proof/rules/assertions.key 
3127       DEBUG main            d.u.i.k.p.i.KeYFile       Reading KeY file file:/home/runner/work/key/key/key.core/build/resources/main/de/uka/ilkd/key/proof/rules/loopRules.key 
3139       DEBUG main            d.u.i.k.p.i.KeYFile       Reading KeY file file:/home/runner/work/key/key/key.core/build/resources/main/de/uka/ilkd/key/proof/rules/activeUse.key 
3210       DEBUG main            d.u.i.k.p.i.KeYFile       Reading KeY file file:/home/runner/work/key/key/key.core/build/resources/main/de/uka/ilkd/key/proof/rules/instanceAllocation.key 
3264       DEBUG main            d.u.i.k.p.i.KeYFile       Reading KeY file file:/home/runner/work/key/key/key.core/build/resources/main/de/uka/ilkd/key/proof/rules/java5.key 
3268       DEBUG main            d.u.i.k.p.i.KeYFile       Reading KeY file file:/home/runner/work/key/key/key.core/build/resources/main/de/uka/ilkd/key/proof/rules/integerAssignment2UpdateRules.key 
3308       DEBUG main            d.u.i.k.p.i.KeYFile       Reading KeY file file:/home/runner/work/key/key/key.core/build/resources/main/de/uka/ilkd/key/proof/rules/floatAssignment2UpdateRules.key 
3341       DEBUG main            d.u.i.k.p.i.KeYFile       Reading KeY file file:/home/runner/work/key/key/key.core/build/resources/main/de/uka/ilkd/key/proof/rules/bigint.key 
3355       DEBUG main            d.u.i.k.j.TypeConverter   No LDT found for JavaBigintExpression 
3359       DEBUG main            d.u.i.k.p.i.KeYFile       Reading KeY file file:/home/runner/work/key/key/key.core/build/resources/main/de/uka/ilkd/key/proof/rules/adtProgramDecompositionRules.key 
3389       DEBUG main            d.u.i.k.p.i.KeYFile       Reading KeY file file:/home/runner/work/key/key/key.core/build/resources/main/de/uka/ilkd/key/proof/rules/precRules.key 
3395       DEBUG main            d.u.i.k.p.i.KeYFile       Reading KeY file file:/home/runner/work/key/key/key.core/build/resources/main/de/uka/ilkd/key/proof/rules/charListRules.key 
3432       DEBUG main            d.u.i.k.p.i.KeYFile       Reading KeY file file:/home/runner/work/key/key/key.core/build/resources/main/de/uka/ilkd/key/proof/rules/regExTheory.key 
3434       DEBUG main            d.u.i.k.p.i.KeYFile       Reading KeY file file:/home/runner/work/key/key/key.core/build/resources/main/de/uka/ilkd/key/proof/rules/regExHeader.key 
3435       DEBUG main            d.u.i.k.p.i.KeYFile       Reading KeY file file:/home/runner/work/key/key/key.core/build/resources/main/de/uka/ilkd/key/proof/rules/regExAxioms.key 
3445       DEBUG main            d.u.i.k.p.i.KeYFile       Reading KeY file file:/home/runner/work/key/key/key.core/build/resources/main/de/uka/ilkd/key/proof/rules/regExLemmaProven.key 
3459       DEBUG main            d.u.i.k.p.i.KeYFile       Reading KeY file file:/home/runner/work/key/key/key.core/build/resources/main/de/uka/ilkd/key/proof/rules/seqEq.key 
3479       DEBUG main            d.u.i.k.p.i.KeYFile       Reading KeY file file:/home/runner/work/key/key/key.core/build/resources/main/de/uka/ilkd/key/proof/rules/infFlow.key 
3494       DEBUG main            d.u.i.k.p.i.KeYFile       Reading KeY file file:/home/runner/work/key/key/key.core/build/resources/main/de/uka/ilkd/key/proof/rules/mapSize.key 
3500       DEBUG main            d.u.i.k.p.i.KeYFile       Reading KeY file file:/home/runner/work/key/key/key.core/build/resources/main/de/uka/ilkd/key/proof/rules/wd.key 
3503       DEBUG main            d.u.i.k.p.i.KeYFile       Reading KeY file file:/home/runner/work/key/key/key.core/build/resources/main/de/uka/ilkd/key/proof/rules/wdHeader.key 
3504       DEBUG main            d.u.i.k.p.i.KeYFile       Reading KeY file file:/home/runner/work/key/key/key.core/build/resources/main/de/uka/ilkd/key/proof/rules/wdGeneralRules.key 
3513       DEBUG main            d.u.i.k.p.i.KeYFile       Reading KeY file file:/home/runner/work/key/key/key.core/build/resources/main/de/uka/ilkd/key/proof/rules/wdNumericalRules.key 
3555       DEBUG main            d.u.i.k.p.i.KeYFile       Reading KeY file file:/home/runner/work/key/key/key.core/build/resources/main/de/uka/ilkd/key/proof/rules/wdLocSetRules.key 
3567       DEBUG main            d.u.i.k.p.i.KeYFile       Reading KeY file file:/home/runner/work/key/key/key.core/build/resources/main/de/uka/ilkd/key/proof/rules/wdHeapRules.key 
3574       DEBUG main            d.u.i.k.p.i.KeYFile       Reading KeY file file:/home/runner/work/key/key/key.core/build/resources/main/de/uka/ilkd/key/proof/rules/wdReachRules.key 
3576       DEBUG main            d.u.i.k.p.i.KeYFile       Reading KeY file file:/home/runner/work/key/key/key.core/build/resources/main/de/uka/ilkd/key/proof/rules/wdSeqRules.key 
3582       DEBUG main            d.u.i.k.p.i.KeYFile       Reading KeY file file:/home/runner/work/key/key/key.core/build/resources/main/de/uka/ilkd/key/proof/rules/wdStringRules.key 
3615       DEBUG main            d.u.i.k.p.i.KeYFile       Reading KeY file file:/home/runner/work/key/key/key.core/build/resources/main/de/uka/ilkd/key/proof/rules/wdRegExRules.key 
3618       DEBUG main            d.u.i.k.p.i.KeYFile       Reading KeY file file:/home/runner/work/key/key/key.core/build/resources/main/de/uka/ilkd/key/proof/rules/wdFormulaRules.key 
3644       DEBUG main            d.u.i.k.p.i.KeYFile       Reading KeY file file:/home/runner/work/key/key/key.core/build/resources/main/de/uka/ilkd/key/proof/rules/loopInvariantRules.key 
3647       DEBUG main            d.u.i.k.p.i.KeYFile       Reading KeY file file:/home/runner/work/key/key/key.core/build/resources/main/de/uka/ilkd/key/proof/rules/forLoopRules.key 
3650       DEBUG main            d.u.i.k.p.i.KeYFile       Reading KeY file file:/home/runner/work/key/key/key.core/build/resources/main/de/uka/ilkd/key/proof/rules/execRules.key 
3727       DEBUG main            d.u.i.k.p.i.KeYFile       Reading KeY file file:/home/runner/work/key/key/key.core/build/resources/main/de/uka/ilkd/key/proof/rules/loopScopeRules.key 
6586       DEBUG main            d.u.i.k.j.Recoder2KeY     converting now /home/runner/work/key/key/key.core/../key.ui/examples/InformationFlow/Sum/src/SumExample.java 
6643       DEBUG main            d.u.i.k.s.TermLabelSettings TermLabelSettings: Failure while reading the setting "UseOriginLabels".Using the default value: true.The string read was: null 
6657       DEBUG main            d.u.i.k.p.i.KeYFile       Reading KeY file file:/home/runner/work/key/key/key.core/build/resources/main/de/uka/ilkd/key/java/JavaRedux/java/lang/String.key 
9014       DEBUG main            d.u.i.k.p.i.KeYFile       Reading KeY file /home/runner/work/key/key/key.core/../key.ui/examples/InformationFlow/Sum/SumExample(SumExample__getSum()).Non-interference contract.0.key 
9567       DEBUG Thread-1        d.u.i.k.r.m.WhileLoopTransformation While-Loop-Tranform-Result: {
  int i = 0;
  while (i < this.values.length) {
    {
      sum_1 += this.values[i];
    }
    i++;
  }
} 
9598       DEBUG Thread-1        d.u.i.k.r.m.WhileLoopTransformation While-Loop-Tranform-Result: {
  int i = 0;
  while (i < this.values.length) {
    {
      sum_2 += this.values[i];
    }
    i++;
  }
} 
9649       DEBUG Thread-1        d.u.i.k.r.m.WhileLoopTransformation While-Loop-Tranform-Result: try {
  {
    if (i < this.values.length) {
      {
        sum_1 += this.values[i];
      }
      i++;
    }
  }
} catch (java.lang.Throwable e#4) {
  exc#3 = true;
  thrownExc#5 = e#4;
} 
9724       DEBUG Thread-1        d.u.i.k.j.TypeConverter   typeconverter: (prefix this;, class class de.uka.ilkd.key.java.reference.ThisReference) 
9891       DEBUG Thread-1        d.u.i.k.r.m.WhileLoopTransformation While-Loop-Tranform-Result: try {
  {
    if (i_1 < this.values.length) {
      {
        sum_2 += this.values[i_1];
      }
      i_1++;
    }
  }
} catch (java.lang.Throwable e#11) {
  exc#10 = true;
  thrownExc#12 = e#11;
} 
9952       DEBUG Thread-1        d.u.i.k.j.TypeConverter   typeconverter: (prefix this;, class class de.uka.ilkd.key.java.reference.ThisReference) 
10206      DEBUG Thread-1        d.u.i.k.j.TypeConverter   typeconverter: (prefix this;, class class de.uka.ilkd.key.java.reference.ThisReference) 
10329      DEBUG Thread-1        d.u.i.k.j.TypeConverter   typeconverter: (prefix this;, class class de.uka.ilkd.key.java.reference.ThisReference) 
10462      DEBUG Thread-1        d.u.i.k.j.TypeConverter   typeconverter: (prefix this;, class class de.uka.ilkd.key.java.reference.ThisReference) 
10853      DEBUG Thread-1        d.u.i.k.j.TypeConverter   typeconverter: (prefix this;, class class de.uka.ilkd.key.java.reference.ThisReference) 
10903      DEBUG Thread-1        d.u.i.k.r.m.WhileLoopTransformation While-Loop-Tranform-Result: try {
  {
    if (i_1 < this.values.length) {
      {
        sum_2 += this.values[i_1];
      }
      i_1++;
    }
  }
} catch (java.lang.Throwable e#18) {
  exc#17 = true;
  thrownExc#19 = e#18;
} 
10941      DEBUG Thread-1        d.u.i.k.j.TypeConverter   typeconverter: (prefix this;, class class de.uka.ilkd.key.java.reference.ThisReference) 
11036      DEBUG Thread-1        d.u.i.k.j.TypeConverter   typeconverter: (prefix this;, class class de.uka.ilkd.key.java.reference.ThisReference) 
11161      DEBUG Thread-1        d.u.i.k.j.TypeConverter   typeconverter: (prefix this;, class class de.uka.ilkd.key.java.reference.ThisReference) 
11425      DEBUG Thread-1        d.u.i.k.j.TypeConverter   typeconverter: (prefix this;, class class de.uka.ilkd.key.java.reference.ThisReference) 
11501      DEBUG Thread-1        d.u.i.k.j.TypeConverter   typeconverter: (prefix this;, class class de.uka.ilkd.key.java.reference.ThisReference) 
11584      DEBUG Thread-1        d.u.i.k.j.TypeConverter   typeconverter: (prefix this;, class class de.uka.ilkd.key.java.reference.ThisReference) 
11812      DEBUG Thread-1        d.u.i.k.j.TypeConverter   typeconverter: (prefix this;, class class de.uka.ilkd.key.java.reference.ThisReference) 
12069      DEBUG Thread-1        d.u.i.k.j.TypeConverter   typeconverter: (prefix this;, class class de.uka.ilkd.key.java.reference.ThisReference) 
12200      DEBUG Thread-1        d.u.i.k.r.m.WhileLoopTransformation While-Loop-Tranform-Result: try {
  {
    if (i_1 < this.values.length) {
      {
        sum_2 += this.values[i_1];
      }
      i_1++;
    }
  }
} catch (java.lang.Throwable e#25) {
  exc#24 = true;
  thrownExc#26 = e#25;
} 
12244      DEBUG Thread-1        d.u.i.k.j.TypeConverter   typeconverter: (prefix this;, class class de.uka.ilkd.key.java.reference.ThisReference) 
12381      DEBUG Thread-1        d.u.i.k.j.TypeConverter   typeconverter: (prefix this;, class class de.uka.ilkd.key.java.reference.ThisReference) 
12435      DEBUG Thread-1        d.u.i.k.j.TypeConverter   typeconverter: (prefix this;, class class de.uka.ilkd.key.java.reference.ThisReference) 
12603      INFO  main            d.u.i.k.p.r.p.TestFile    ... finished proof: closed. 
753048     INFO  Test worker     d.u.i.k.p.r.RunAllProofsTestUnit Returning from test SumExample_nomacro 
753049     INFO  Test worker     d.u.i.k.p.r.RunAllProofsTestUnit Running test ToyBanking_nomacro 
331        INFO  Timeout watchdog d.u.i.k.p.r.p.ForkedTestFileRunner Timeout watcher launched (1000 secs.) 
346        WARN  main            d.u.i.k.s.ProofSettings   The settings in /home/runner/.key/proof-settings.props are *not* read. 
390        DEBUG main            d.u.i.k.s.TermLabelSettings TermLabelSettings: Failure while reading the setting "UseOriginLabels".Using the default value: true.The string read was: null 
391        INFO  main            d.u.i.k.p.r.p.TestFile    Now processing file /home/runner/work/key/key/key.core/../key.ui/examples/InformationFlow/ToyBanking/banking_example.UserAccount(banking_example.UserAccount__getBankAccount(int)).Non-interference contract.0.key 
519        DEBUG main            d.u.i.k.p.i.KeYFile       Reading KeY file /home/runner/work/key/key/key.core/../key.ui/examples/InformationFlow/ToyBanking/banking_example.UserAccount(banking_example.UserAccount__getBankAccount(int)).Non-interference contract.0.key 
738        DEBUG main            d.u.i.k.p.i.KeYFile       Reading KeY file file:/home/runner/work/key/key/key.core/build/resources/main/de/uka/ilkd/key/proof/rules/standardRules.key 
781        DEBUG main            d.u.i.k.p.i.KeYFile       Reading KeY file file:/home/runner/work/key/key/key.core/build/resources/main/de/uka/ilkd/key/proof/rules/ldt.key 
794        DEBUG main            d.u.i.k.p.i.KeYFile       Reading KeY file file:/home/runner/work/key/key/key.core/build/resources/main/de/uka/ilkd/key/proof/rules/boolean.key 
828        DEBUG main            d.u.i.k.p.i.KeYFile       Reading KeY file file:/home/runner/work/key/key/key.core/build/resources/main/de/uka/ilkd/key/proof/rules/ruleSetsDeclarations.key 
869        DEBUG main            d.u.i.k.p.i.KeYFile       Reading KeY file file:/home/runner/work/key/key/key.core/build/resources/main/de/uka/ilkd/key/proof/rules/integerHeader.key 
876        DEBUG main            d.u.i.k.p.i.KeYFile       Reading KeY file file:/home/runner/work/key/key/key.core/build/resources/main/de/uka/ilkd/key/proof/rules/floatHeader.key 
878        DEBUG main            d.u.i.k.p.i.KeYFile       Reading KeY file file:/home/runner/work/key/key/key.core/build/resources/main/de/uka/ilkd/key/proof/rules/heap.key 
882        DEBUG main            d.u.i.k.p.i.KeYFile       Reading KeY file file:/home/runner/work/key/key/key.core/build/resources/main/de/uka/ilkd/key/proof/rules/locSets.key 
884        DEBUG main            d.u.i.k.p.i.KeYFile       Reading KeY file file:/home/runner/work/key/key/key.core/build/resources/main/de/uka/ilkd/key/proof/rules/permission.key 
885        DEBUG main            d.u.i.k.p.i.KeYFile       Reading KeY file file:/home/runner/work/key/key/key.core/build/resources/main/de/uka/ilkd/key/proof/rules/reach.key 
885        DEBUG main            d.u.i.k.p.i.KeYFile       Reading KeY file file:/home/runner/work/key/key/key.core/build/resources/main/de/uka/ilkd/key/proof/rules/seq.key 
886        DEBUG main            d.u.i.k.p.i.KeYFile       Reading KeY file file:/home/runner/work/key/key/key.core/build/resources/main/de/uka/ilkd/key/proof/rules/map.key 
922        DEBUG main            d.u.i.k.p.i.KeYFile       Reading KeY file file:/home/runner/work/key/key/key.core/build/resources/main/de/uka/ilkd/key/proof/rules/freeADT.key 
923        DEBUG main            d.u.i.k.p.i.KeYFile       Reading KeY file file:/home/runner/work/key/key/key.core/build/resources/main/de/uka/ilkd/key/proof/rules/wellfound.key 
924        DEBUG main            d.u.i.k.p.i.KeYFile       Reading KeY file file:/home/runner/work/key/key/key.core/build/resources/main/de/uka/ilkd/key/proof/rules/charListHeader.key 
1048       DEBUG main            d.u.i.k.p.i.KeYFile       Reading KeY file file:/home/runner/work/key/key/key.core/build/resources/main/de/uka/ilkd/key/proof/rules/propRule.key 
1075       DEBUG main            d.u.i.k.p.i.KeYFile       Reading KeY file file:/home/runner/work/key/key/key.core/build/resources/main/de/uka/ilkd/key/proof/rules/firstOrderRules.key 
1098       DEBUG main            d.u.i.k.p.i.KeYFile       Reading KeY file file:/home/runner/work/key/key/key.core/build/resources/main/de/uka/ilkd/key/proof/rules/ifThenElseRules.key 
1132       DEBUG main            d.u.i.k.p.i.KeYFile       Reading KeY file file:/home/runner/work/key/key/key.core/build/resources/main/de/uka/ilkd/key/proof/rules/formulaNormalisationRules.key 
1297       DEBUG main            d.u.i.k.p.i.KeYFile       Reading KeY file file:/home/runner/work/key/key/key.core/build/resources/main/de/uka/ilkd/key/proof/rules/updateRules.key 
1348       DEBUG main            d.u.i.k.p.i.KeYFile       Reading KeY file file:/home/runner/work/key/key/key.core/build/resources/main/de/uka/ilkd/key/proof/rules/integerRulesCommon.key 
1452       DEBUG main            d.u.i.k.p.i.KeYFile       Reading KeY file file:/home/runner/work/key/key/key.core/build/resources/main/de/uka/ilkd/key/proof/rules/intRules.key 
1470       DEBUG main            d.u.i.k.p.i.KeYFile       Reading KeY file file:/home/runner/work/key/key/key.core/build/resources/main/de/uka/ilkd/key/proof/rules/intRulesUncheckedSemantics.key 
1480       DEBUG main            d.u.i.k.p.i.KeYFile       Reading KeY file file:/home/runner/work/key/key/key.core/build/resources/main/de/uka/ilkd/key/proof/rules/intRulesCheckedSemantics.key 
1486       DEBUG main            d.u.i.k.p.i.KeYFile       Reading KeY file file:/home/runner/work/key/key/key.core/build/resources/main/de/uka/ilkd/key/proof/rules/intRulesJavaSemantics.key 
1498       DEBUG main            d.u.i.k.p.i.KeYFile       Reading KeY file file:/home/runner/work/key/key/key.core/build/resources/main/de/uka/ilkd/key/proof/rules/integerSimplificationRules.key 
1731       DEBUG main            d.u.i.k.j.TypeConverter   No LDT found for Meta 
1732       DEBUG main            d.u.i.k.j.TypeConverter   No LDT found for Meta 
1735       DEBUG main            d.u.i.k.j.TypeConverter   No LDT found for Meta 
1736       DEBUG main            d.u.i.k.j.TypeConverter   No LDT found for Meta 
1763       DEBUG main            d.u.i.k.p.i.KeYFile       Reading KeY file file:/home/runner/work/key/key/key.core/build/resources/main/de/uka/ilkd/key/proof/rules/intDiv.key 
1809       DEBUG main            d.u.i.k.p.i.KeYFile       Reading KeY file file:/home/runner/work/key/key/key.core/build/resources/main/de/uka/ilkd/key/proof/rules/bsum.key 
1993       DEBUG main            d.u.i.k.p.i.KeYFile       Reading KeY file file:/home/runner/work/key/key/key.core/build/resources/main/de/uka/ilkd/key/proof/rules/bprod.key 
2032       DEBUG main            d.u.i.k.p.i.KeYFile       Reading KeY file file:/home/runner/work/key/key/key.core/build/resources/main/de/uka/ilkd/key/proof/rules/binaryAxioms.key 
2038       DEBUG main            d.u.i.k.p.i.KeYFile       Reading KeY file file:/home/runner/work/key/key/key.core/build/resources/main/de/uka/ilkd/key/proof/rules/binaryLemmas.key 
2049       DEBUG main            d.u.i.k.p.i.KeYFile       Reading KeY file file:/home/runner/work/key/key/key.core/build/resources/main/de/uka/ilkd/key/proof/rules/intPow.key 
2064       DEBUG main            d.u.i.k.p.i.KeYFile       Reading KeY file file:/home/runner/work/key/key/key.core/build/resources/main/de/uka/ilkd/key/proof/rules/floatRulesCommon.key 
2103       DEBUG main            d.u.i.k.p.i.KeYFile       Reading KeY file file:/home/runner/work/key/key/key.core/build/resources/main/de/uka/ilkd/key/proof/rules/floatRules.key 
2104       DEBUG main            d.u.i.k.p.i.KeYFile       Reading KeY file file:/home/runner/work/key/key/key.core/build/resources/main/de/uka/ilkd/key/proof/rules/floatRulesVerifyNormal.key 
2105       DEBUG main            d.u.i.k.p.i.KeYFile       Reading KeY file file:/home/runner/work/key/key/key.core/build/resources/main/de/uka/ilkd/key/proof/rules/floatRulesAssumeStrictfp.key 
2138       DEBUG main            d.u.i.k.p.i.KeYFile       Reading KeY file file:/home/runner/work/key/key/key.core/build/resources/main/de/uka/ilkd/key/proof/rules/genericRules.key 
2152       DEBUG main            d.u.i.k.p.i.KeYFile       Reading KeY file file:/home/runner/work/key/key/key.core/build/resources/main/de/uka/ilkd/key/proof/rules/booleanRules.key 
2156       DEBUG main            d.u.i.k.p.i.KeYFile       Reading KeY file file:/home/runner/work/key/key/key.core/build/resources/main/de/uka/ilkd/key/proof/rules/epsilon.key 
2160       DEBUG main            d.u.i.k.p.i.KeYFile       Reading KeY file file:/home/runner/work/key/key/key.core/build/resources/main/de/uka/ilkd/key/proof/rules/locSetsRules.key 
2208       DEBUG main            d.u.i.k.p.i.KeYFile       Reading KeY file file:/home/runner/work/key/key/key.core/build/resources/main/de/uka/ilkd/key/proof/rules/heapRules.key 
2247       DEBUG main            d.u.i.k.p.i.KeYFile       Reading KeY file file:/home/runner/work/key/key/key.core/build/resources/main/de/uka/ilkd/key/proof/rules/permissionRules.key 
2301       DEBUG main            d.u.i.k.p.i.KeYFile       Reading KeY file file:/home/runner/work/key/key/key.core/build/resources/main/de/uka/ilkd/key/proof/rules/reachRules.key 
2328       DEBUG main            d.u.i.k.p.i.KeYFile       Reading KeY file file:/home/runner/work/key/key/key.core/build/resources/main/de/uka/ilkd/key/proof/rules/seqCoreRules.key 
2332       DEBUG main            d.u.i.k.p.i.KeYFile       Reading KeY file file:/home/runner/work/key/key/key.core/build/resources/main/de/uka/ilkd/key/proof/rules/seqRules.key 
2370       DEBUG main            d.u.i.k.p.i.KeYFile       Reading KeY file file:/home/runner/work/key/key/key.core/build/resources/main/de/uka/ilkd/key/proof/rules/seqPerm.key 
2401       DEBUG main            d.u.i.k.p.i.KeYFile       Reading KeY file file:/home/runner/work/key/key/key.core/build/resources/main/de/uka/ilkd/key/proof/rules/seqPerm2.key 
2407       DEBUG main            d.u.i.k.p.i.KeYFile       Reading KeY file file:/home/runner/work/key/key/key.core/build/resources/main/de/uka/ilkd/key/proof/rules/javaRules.key 
2510       DEBUG main            d.u.i.k.p.i.KeYFile       Reading KeY file file:/home/runner/work/key/key/key.core/build/resources/main/de/uka/ilkd/key/proof/rules/assertions.key 
2923       DEBUG main            d.u.i.k.p.i.KeYFile       Reading KeY file file:/home/runner/work/key/key/key.core/build/resources/main/de/uka/ilkd/key/proof/rules/loopRules.key 
2931       DEBUG main            d.u.i.k.p.i.KeYFile       Reading KeY file file:/home/runner/work/key/key/key.core/build/resources/main/de/uka/ilkd/key/proof/rules/activeUse.key 
2993       DEBUG main            d.u.i.k.p.i.KeYFile       Reading KeY file file:/home/runner/work/key/key/key.core/build/resources/main/de/uka/ilkd/key/proof/rules/instanceAllocation.key 
3007       DEBUG main            d.u.i.k.p.i.KeYFile       Reading KeY file file:/home/runner/work/key/key/key.core/build/resources/main/de/uka/ilkd/key/proof/rules/java5.key 
3009       DEBUG main            d.u.i.k.p.i.KeYFile       Reading KeY file file:/home/runner/work/key/key/key.core/build/resources/main/de/uka/ilkd/key/proof/rules/integerAssignment2UpdateRules.key 
3035       DEBUG main            d.u.i.k.p.i.KeYFile       Reading KeY file file:/home/runner/work/key/key/key.core/build/resources/main/de/uka/ilkd/key/proof/rules/floatAssignment2UpdateRules.key 
3053       DEBUG main            d.u.i.k.p.i.KeYFile       Reading KeY file file:/home/runner/work/key/key/key.core/build/resources/main/de/uka/ilkd/key/proof/rules/bigint.key 
3063       DEBUG main            d.u.i.k.j.TypeConverter   No LDT found for JavaBigintExpression 
3065       DEBUG main            d.u.i.k.p.i.KeYFile       Reading KeY file file:/home/runner/work/key/key/key.core/build/resources/main/de/uka/ilkd/key/proof/rules/adtProgramDecompositionRules.key 
3080       DEBUG main            d.u.i.k.p.i.KeYFile       Reading KeY file file:/home/runner/work/key/key/key.core/build/resources/main/de/uka/ilkd/key/proof/rules/precRules.key 
3083       DEBUG main            d.u.i.k.p.i.KeYFile       Reading KeY file file:/home/runner/work/key/key/key.core/build/resources/main/de/uka/ilkd/key/proof/rules/charListRules.key 
3098       DEBUG main            d.u.i.k.p.i.KeYFile       Reading KeY file file:/home/runner/work/key/key/key.core/build/resources/main/de/uka/ilkd/key/proof/rules/regExTheory.key 
3098       DEBUG main            d.u.i.k.p.i.KeYFile       Reading KeY file file:/home/runner/work/key/key/key.core/build/resources/main/de/uka/ilkd/key/proof/rules/regExHeader.key 
3099       DEBUG main            d.u.i.k.p.i.KeYFile       Reading KeY file file:/home/runner/work/key/key/key.core/build/resources/main/de/uka/ilkd/key/proof/rules/regExAxioms.key 
3103       DEBUG main            d.u.i.k.p.i.KeYFile       Reading KeY file file:/home/runner/work/key/key/key.core/build/resources/main/de/uka/ilkd/key/proof/rules/regExLemmaProven.key 
3108       DEBUG main            d.u.i.k.p.i.KeYFile       Reading KeY file file:/home/runner/work/key/key/key.core/build/resources/main/de/uka/ilkd/key/proof/rules/seqEq.key 
3115       DEBUG main            d.u.i.k.p.i.KeYFile       Reading KeY file file:/home/runner/work/key/key/key.core/build/resources/main/de/uka/ilkd/key/proof/rules/infFlow.key 
3121       DEBUG main            d.u.i.k.p.i.KeYFile       Reading KeY file file:/home/runner/work/key/key/key.core/build/resources/main/de/uka/ilkd/key/proof/rules/mapSize.key 
3123       DEBUG main            d.u.i.k.p.i.KeYFile       Reading KeY file file:/home/runner/work/key/key/key.core/build/resources/main/de/uka/ilkd/key/proof/rules/wd.key 
3125       DEBUG main            d.u.i.k.p.i.KeYFile       Reading KeY file file:/home/runner/work/key/key/key.core/build/resources/main/de/uka/ilkd/key/proof/rules/wdHeader.key 
3126       DEBUG main            d.u.i.k.p.i.KeYFile       Reading KeY file file:/home/runner/work/key/key/key.core/build/resources/main/de/uka/ilkd/key/proof/rules/wdGeneralRules.key 
3129       DEBUG main            d.u.i.k.p.i.KeYFile       Reading KeY file file:/home/runner/work/key/key/key.core/build/resources/main/de/uka/ilkd/key/proof/rules/wdNumericalRules.key 
3149       DEBUG main            d.u.i.k.p.i.KeYFile       Reading KeY file file:/home/runner/work/key/key/key.core/build/resources/main/de/uka/ilkd/key/proof/rules/wdLocSetRules.key 
3155       DEBUG main            d.u.i.k.p.i.KeYFile       Reading KeY file file:/home/runner/work/key/key/key.core/build/resources/main/de/uka/ilkd/key/proof/rules/wdHeapRules.key 
3187       DEBUG main            d.u.i.k.p.i.KeYFile       Reading KeY file file:/home/runner/work/key/key/key.core/build/resources/main/de/uka/ilkd/key/proof/rules/wdReachRules.key 
3188       DEBUG main            d.u.i.k.p.i.KeYFile       Reading KeY file file:/home/runner/work/key/key/key.core/build/resources/main/de/uka/ilkd/key/proof/rules/wdSeqRules.key 
3192       DEBUG main            d.u.i.k.p.i.KeYFile       Reading KeY file file:/home/runner/work/key/key/key.core/build/resources/main/de/uka/ilkd/key/proof/rules/wdStringRules.key 
3195       DEBUG main            d.u.i.k.p.i.KeYFile       Reading KeY file file:/home/runner/work/key/key/key.core/build/resources/main/de/uka/ilkd/key/proof/rules/wdRegExRules.key 
3196       DEBUG main            d.u.i.k.p.i.KeYFile       Reading KeY file file:/home/runner/work/key/key/key.core/build/resources/main/de/uka/ilkd/key/proof/rules/wdFormulaRules.key 
3210       DEBUG main            d.u.i.k.p.i.KeYFile       Reading KeY file file:/home/runner/work/key/key/key.core/build/resources/main/de/uka/ilkd/key/proof/rules/loopInvariantRules.key 
3212       DEBUG main            d.u.i.k.p.i.KeYFile       Reading KeY file file:/home/runner/work/key/key/key.core/build/resources/main/de/uka/ilkd/key/proof/rules/forLoopRules.key 
3214       DEBUG main            d.u.i.k.p.i.KeYFile       Reading KeY file file:/home/runner/work/key/key/key.core/build/resources/main/de/uka/ilkd/key/proof/rules/execRules.key 
3270       DEBUG main            d.u.i.k.p.i.KeYFile       Reading KeY file file:/home/runner/work/key/key/key.core/build/resources/main/de/uka/ilkd/key/proof/rules/loopScopeRules.key 
6121       DEBUG main            d.u.i.k.j.Recoder2KeY     converting now /home/runner/work/key/key/key.core/../key.ui/examples/InformationFlow/ToyBanking/src/banking_example/UserAccount.java 
6129       DEBUG main            d.u.i.k.j.Recoder2KeY     converting now /home/runner/work/key/key/key.core/../key.ui/examples/InformationFlow/ToyBanking/src/banking_example/Bank.java 
6132       DEBUG main            d.u.i.k.j.Recoder2KeY     converting now /home/runner/work/key/key/key.core/../key.ui/examples/InformationFlow/ToyBanking/src/banking_example/BankAccount.java 
6163       DEBUG main            d.u.i.k.s.TermLabelSettings TermLabelSettings: Failure while reading the setting "UseOriginLabels".Using the default value: true.The string read was: null 
6173       DEBUG main            d.u.i.k.p.i.KeYFile       Reading KeY file file:/home/runner/work/key/key/key.core/build/resources/main/de/uka/ilkd/key/java/JavaRedux/java/lang/String.key 
8734       DEBUG main            d.u.i.k.p.i.KeYFile       Reading KeY file /home/runner/work/key/key/key.core/../key.ui/examples/InformationFlow/ToyBanking/banking_example.UserAccount(banking_example.UserAccount__getBankAccount(int)).Non-interference contract.0.key 
10211      DEBUG Thread-1        d.u.i.k.j.TypeConverter   typeconverter: (prefix this;, class class de.uka.ilkd.key.java.reference.ThisReference) 
10261      DEBUG Thread-1        d.u.i.k.j.TypeConverter   typeconverter: (prefix this;, class class de.uka.ilkd.key.java.reference.ThisReference) 
10314      DEBUG Thread-1        d.u.i.k.j.TypeConverter   typeconverter: (prefix this;, class class de.uka.ilkd.key.java.reference.ThisReference) 
10481      DEBUG Thread-1        d.u.i.k.j.TypeConverter   typeconverter: (prefix this;, class class de.uka.ilkd.key.java.reference.ThisReference) 
10811      DEBUG Thread-1        d.u.i.k.j.TypeConverter   typeconverter: (prefix this;, class class de.uka.ilkd.key.java.reference.ThisReference) 
11060      DEBUG Thread-1        d.u.i.k.j.TypeConverter   typeconverter: (prefix this;, class class de.uka.ilkd.key.java.reference.ThisReference) 
11314      DEBUG Thread-1        d.u.i.k.j.TypeConverter   typeconverter: (prefix this;, class class de.uka.ilkd.key.java.reference.ThisReference) 
11492      DEBUG Thread-1        d.u.i.k.j.TypeConverter   typeconverter: (prefix this;, class class de.uka.ilkd.key.java.reference.ThisReference) 
12013      INFO  main            d.u.i.k.p.r.p.TestFile    ... finished proof: closed. 
12193      DEBUG main            d.u.i.k.s.TermLabelSettings TermLabelSettings: Failure while reading the setting "UseOriginLabels".Using the default value: true.The string read was: null 
12193      INFO  main            d.u.i.k.p.r.p.TestFile    Now processing file /home/runner/work/key/key/key.core/../key.ui/examples/InformationFlow/ToyBanking/banking_example.BankAccount(banking_example.BankAccount__depositMoney(int)).Non-interference contract.0.key 
12193      DEBUG main            d.u.i.k.p.i.KeYFile       Reading KeY file /home/runner/work/key/key/key.core/../key.ui/examples/InformationFlow/ToyBanking/banking_example.BankAccount(banking_example.BankAccount__depositMoney(int)).Non-interference contract.0.key 
13277      DEBUG main            d.u.i.k.j.Recoder2KeY     converting now /home/runner/work/key/key/key.core/../key.ui/examples/InformationFlow/ToyBanking/src/banking_example/UserAccount.java 
13282      DEBUG main            d.u.i.k.j.Recoder2KeY     converting now /home/runner/work/key/key/key.core/../key.ui/examples/InformationFlow/ToyBanking/src/banking_example/Bank.java 
13284      DEBUG main            d.u.i.k.j.Recoder2KeY     converting now /home/runner/work/key/key/key.core/../key.ui/examples/InformationFlow/ToyBanking/src/banking_example/BankAccount.java 
13297      DEBUG main            d.u.i.k.s.TermLabelSettings TermLabelSettings: Failure while reading the setting "UseOriginLabels".Using the default value: true.The string read was: null 
13299      DEBUG main            d.u.i.k.p.i.KeYFile       Reading KeY file file:/home/runner/work/key/key/key.core/build/resources/main/de/uka/ilkd/key/java/JavaRedux/java/lang/String.key 
15383      DEBUG main            d.u.i.k.p.i.KeYFile       Reading KeY file /home/runner/work/key/key/key.core/../key.ui/examples/InformationFlow/ToyBanking/banking_example.BankAccount(banking_example.BankAccount__depositMoney(int)).Non-interference contract.0.key 
15864      DEBUG Thread-3        d.u.i.k.j.TypeConverter   typeconverter: (prefix this;, class class de.uka.ilkd.key.java.reference.ThisReference) 
15875      DEBUG Thread-3        d.u.i.k.j.TypeConverter   typeconverter: (prefix this;, class class de.uka.ilkd.key.java.reference.ThisReference) 
15902      DEBUG Thread-3        d.u.i.k.j.TypeConverter   typeconverter: (prefix this;, class class de.uka.ilkd.key.java.reference.ThisReference) 
15911      DEBUG Thread-3        d.u.i.k.j.TypeConverter   typeconverter: (prefix this;, class class de.uka.ilkd.key.java.reference.ThisReference) 
16003      DEBUG Thread-3        d.u.i.k.j.TypeConverter   typeconverter: (prefix this;, class class de.uka.ilkd.key.java.reference.ThisReference) 
16032      DEBUG Thread-3        d.u.i.k.j.TypeConverter   typeconverter: (prefix this;, class class de.uka.ilkd.key.java.reference.ThisReference) 
16076      DEBUG Thread-3        d.u.i.k.j.TypeConverter   typeconverter: (prefix this;, class class de.uka.ilkd.key.java.reference.ThisReference) 
16092      DEBUG Thread-3        d.u.i.k.j.TypeConverter   typeconverter: (prefix this;, class class de.uka.ilkd.key.java.reference.ThisReference) 
16096      DEBUG Thread-3        d.u.i.k.j.TypeConverter   typeconverter: (prefix this;, class class de.uka.ilkd.key.java.reference.ThisReference) 
16108      DEBUG Thread-3        d.u.i.k.j.TypeConverter   typeconverter: (prefix this;, class class de.uka.ilkd.key.java.reference.ThisReference) 
16122      DEBUG Thread-3        d.u.i.k.j.TypeConverter   typeconverter: (prefix this;, class class de.uka.ilkd.key.java.reference.ThisReference) 
16127      DEBUG Thread-3        d.u.i.k.j.TypeConverter   typeconverter: (prefix this;, class class de.uka.ilkd.key.java.reference.ThisReference) 
16488      INFO  main            d.u.i.k.p.r.p.TestFile    ... finished proof: closed. 
16632      DEBUG main            d.u.i.k.s.TermLabelSettings TermLabelSettings: Failure while reading the setting "UseOriginLabels".Using the default value: true.The string read was: null 
16633      INFO  main            d.u.i.k.p.r.p.TestFile    Now processing file /home/runner/work/key/key/key.core/../key.ui/examples/InformationFlow/ToyBanking/banking_example.BankAccount(banking_example.BankAccount__getBalance()).Non-interference contract.0.key 
16633      DEBUG main            d.u.i.k.p.i.KeYFile       Reading KeY file /home/runner/work/key/key/key.core/../key.ui/examples/InformationFlow/ToyBanking/banking_example.BankAccount(banking_example.BankAccount__getBalance()).Non-interference contract.0.key 
17709      DEBUG main            d.u.i.k.j.Recoder2KeY     converting now /home/runner/work/key/key/key.core/../key.ui/examples/InformationFlow/ToyBanking/src/banking_example/UserAccount.java 
17714      DEBUG main            d.u.i.k.j.Recoder2KeY     converting now /home/runner/work/key/key/key.core/../key.ui/examples/InformationFlow/ToyBanking/src/banking_example/Bank.java 
17716      DEBUG main            d.u.i.k.j.Recoder2KeY     converting now /home/runner/work/key/key/key.core/../key.ui/examples/InformationFlow/ToyBanking/src/banking_example/BankAccount.java 
17724      DEBUG main            d.u.i.k.s.TermLabelSettings TermLabelSettings: Failure while reading the setting "UseOriginLabels".Using the default value: true.The string read was: null 
17726      DEBUG main            d.u.i.k.p.i.KeYFile       Reading KeY file file:/home/runner/work/key/key/key.core/build/resources/main/de/uka/ilkd/key/java/JavaRedux/java/lang/String.key 
19809      DEBUG main            d.u.i.k.p.i.KeYFile       Reading KeY file /home/runner/work/key/key/key.core/../key.ui/examples/InformationFlow/ToyBanking/banking_example.BankAccount(banking_example.BankAccount__getBalance()).Non-interference contract.0.key 
19884      DEBUG Thread-5        d.u.i.k.j.TypeConverter   typeconverter: (prefix this;, class class de.uka.ilkd.key.java.reference.ThisReference) 
19891      DEBUG Thread-5        d.u.i.k.j.TypeConverter   typeconverter: (prefix this;, class class de.uka.ilkd.key.java.reference.ThisReference) 
20112      INFO  main            d.u.i.k.p.r.p.TestFile    ... finished proof: closed. 
20250      DEBUG main            d.u.i.k.s.TermLabelSettings TermLabelSettings: Failure while reading the setting "UseOriginLabels".Using the default value: true.The string read was: null 
20250      INFO  main            d.u.i.k.p.r.p.TestFile    Now processing file /home/runner/work/key/key/key.core/../key.ui/examples/InformationFlow/ToyBanking/banking_example.BankAccount(banking_example.BankAccount__getId()).Non-interference contract.0.key 
20250      DEBUG main            d.u.i.k.p.i.KeYFile       Reading KeY file /home/runner/work/key/key/key.core/../key.ui/examples/InformationFlow/ToyBanking/banking_example.BankAccount(banking_example.BankAccount__getId()).Non-interference contract.0.key 
21236      DEBUG main            d.u.i.k.j.Recoder2KeY     converting now /home/runner/work/key/key/key.core/../key.ui/examples/InformationFlow/ToyBanking/src/banking_example/UserAccount.java 
21239      DEBUG main            d.u.i.k.j.Recoder2KeY     converting now /home/runner/work/key/key/key.core/../key.ui/examples/InformationFlow/ToyBanking/src/banking_example/Bank.java 
21240      DEBUG main            d.u.i.k.j.Recoder2KeY     converting now /home/runner/work/key/key/key.core/../key.ui/examples/InformationFlow/ToyBanking/src/banking_example/BankAccount.java 
21246      DEBUG main            d.u.i.k.s.TermLabelSettings TermLabelSettings: Failure while reading the setting "UseOriginLabels".Using the default value: true.The string read was: null 
21247      DEBUG main            d.u.i.k.p.i.KeYFile       Reading KeY file file:/home/runner/work/key/key/key.core/build/resources/main/de/uka/ilkd/key/java/JavaRedux/java/lang/String.key 
23229      DEBUG main            d.u.i.k.p.i.KeYFile       Reading KeY file /home/runner/work/key/key/key.core/../key.ui/examples/InformationFlow/ToyBanking/banking_example.BankAccount(banking_example.BankAccount__getId()).Non-interference contract.0.key 
23298      DEBUG Thread-7        d.u.i.k.j.TypeConverter   typeconverter: (prefix this;, class class de.uka.ilkd.key.java.reference.ThisReference) 
23304      DEBUG Thread-7        d.u.i.k.j.TypeConverter   typeconverter: (prefix this;, class class de.uka.ilkd.key.java.reference.ThisReference) 
23532      INFO  main            d.u.i.k.p.r.p.TestFile    ... finished proof: closed. 
23683      DEBUG main            d.u.i.k.s.TermLabelSettings TermLabelSettings: Failure while reading the setting "UseOriginLabels".Using the default value: true.The string read was: null 
23683      INFO  main            d.u.i.k.p.r.p.TestFile    Now processing file /home/runner/work/key/key/key.core/../key.ui/examples/InformationFlow/ToyBanking/banking_example.Bank(banking_example.Bank__login(int,(C)).Non-interference contract.0.key 
23684      DEBUG main            d.u.i.k.p.i.KeYFile       Reading KeY file /home/runner/work/key/key/key.core/../key.ui/examples/InformationFlow/ToyBanking/banking_example.Bank(banking_example.Bank__login(int,(C)).Non-interference contract.0.key 
24658      DEBUG main            d.u.i.k.j.Recoder2KeY     converting now /home/runner/work/key/key/key.core/../key.ui/examples/InformationFlow/ToyBanking/src/banking_example/UserAccount.java 
24660      DEBUG main            d.u.i.k.j.Recoder2KeY     converting now /home/runner/work/key/key/key.core/../key.ui/examples/InformationFlow/ToyBanking/src/banking_example/Bank.java 
24661      DEBUG main            d.u.i.k.j.Recoder2KeY     converting now /home/runner/work/key/key/key.core/../key.ui/examples/InformationFlow/ToyBanking/src/banking_example/BankAccount.java 
24667      DEBUG main            d.u.i.k.s.TermLabelSettings TermLabelSettings: Failure while reading the setting "UseOriginLabels".Using the default value: true.The string read was: null 
24669      DEBUG main            d.u.i.k.p.i.KeYFile       Reading KeY file file:/home/runner/work/key/key/key.core/build/resources/main/de/uka/ilkd/key/java/JavaRedux/java/lang/String.key 
26609      DEBUG main            d.u.i.k.p.i.KeYFile       Reading KeY file /home/runner/work/key/key/key.core/../key.ui/examples/InformationFlow/ToyBanking/banking_example.Bank(banking_example.Bank__login(int,(C)).Non-interference contract.0.key 
29932      DEBUG Thread-9        d.u.i.k.j.TypeConverter   typeconverter: (prefix this;, class class de.uka.ilkd.key.java.reference.ThisReference) 
30074      DEBUG Thread-9        d.u.i.k.j.TypeConverter   typeconverter: (prefix this;, class class de.uka.ilkd.key.java.reference.ThisReference) 
30230      DEBUG Thread-9        d.u.i.k.j.TypeConverter   typeconverter: (prefix this;, class class de.uka.ilkd.key.java.reference.ThisReference) 
33420      DEBUG Thread-9        d.u.i.k.j.TypeConverter   typeconverter: (prefix this;, class class de.uka.ilkd.key.java.reference.ThisReference) 
113164     INFO  main            d.u.i.k.p.r.p.TestFile    ... finished proof: open goal(s) 
113488     DEBUG main            d.u.i.k.s.TermLabelSettings TermLabelSettings: Failure while reading the setting "UseOriginLabels".Using the default value: true.The string read was: null 
113488     INFO  main            d.u.i.k.p.r.p.TestFile    Now processing file /home/runner/work/key/key/key.core/../key.ui/examples/InformationFlow/ToyBanking/banking_example2.UserAccount(banking_example2.UserAccount__getBankAccount(int)).Non-interference contract.0.key 
113488     DEBUG main            d.u.i.k.p.i.KeYFile       Reading KeY file /home/runner/work/key/key/key.core/../key.ui/examples/InformationFlow/ToyBanking/banking_example2.UserAccount(banking_example2.UserAccount__getBankAccount(int)).Non-interference contract.0.key 
114388     DEBUG main            d.u.i.k.j.Recoder2KeY     converting now /home/runner/work/key/key/key.core/../key.ui/examples/InformationFlow/ToyBanking/src/banking_example2/UserAccount.java 
114391     DEBUG main            d.u.i.k.j.Recoder2KeY     converting now /home/runner/work/key/key/key.core/../key.ui/examples/InformationFlow/ToyBanking/src/banking_example2/Bank.java 
114392     DEBUG main            d.u.i.k.j.Recoder2KeY     converting now /home/runner/work/key/key/key.core/../key.ui/examples/InformationFlow/ToyBanking/src/banking_example2/BankAccount.java 
114397     DEBUG main            d.u.i.k.s.TermLabelSettings TermLabelSettings: Failure while reading the setting "UseOriginLabels".Using the default value: true.The string read was: null 
114399     DEBUG main            d.u.i.k.p.i.KeYFile       Reading KeY file file:/home/runner/work/key/key/key.core/build/resources/main/de/uka/ilkd/key/java/JavaRedux/java/lang/String.key 
116274     DEBUG main            d.u.i.k.p.i.KeYFile       Reading KeY file /home/runner/work/key/key/key.core/../key.ui/examples/InformationFlow/ToyBanking/banking_example2.UserAccount(banking_example2.UserAccount__getBankAccount(int)).Non-interference contract.0.key 
116832     DEBUG Thread-11       d.u.i.k.j.TypeConverter   typeconverter: (prefix this;, class class de.uka.ilkd.key.java.reference.ThisReference) 
116866     DEBUG Thread-11       d.u.i.k.j.TypeConverter   typeconverter: (prefix this;, class class de.uka.ilkd.key.java.reference.ThisReference) 
116904     DEBUG Thread-11       d.u.i.k.j.TypeConverter   typeconverter: (prefix this;, class class de.uka.ilkd.key.java.reference.ThisReference) 
117015     DEBUG Thread-11       d.u.i.k.j.TypeConverter   typeconverter: (prefix this;, class class de.uka.ilkd.key.java.reference.ThisReference) 
117239     DEBUG Thread-11       d.u.i.k.j.TypeConverter   typeconverter: (prefix this;, class class de.uka.ilkd.key.java.reference.ThisReference) 
117442     DEBUG Thread-11       d.u.i.k.j.TypeConverter   typeconverter: (prefix this;, class class de.uka.ilkd.key.java.reference.ThisReference) 
117666     DEBUG Thread-11       d.u.i.k.j.TypeConverter   typeconverter: (prefix this;, class class de.uka.ilkd.key.java.reference.ThisReference) 
117731     DEBUG Thread-11       d.u.i.k.j.TypeConverter   typeconverter: (prefix this;, class class de.uka.ilkd.key.java.reference.ThisReference) 
118007     INFO  main            d.u.i.k.p.r.p.TestFile    ... finished proof: closed. 
118306     DEBUG main            d.u.i.k.s.TermLabelSettings TermLabelSettings: Failure while reading the setting "UseOriginLabels".Using the default value: true.The string read was: null 
118306     INFO  main            d.u.i.k.p.r.p.TestFile    Now processing file /home/runner/work/key/key/key.core/../key.ui/examples/InformationFlow/ToyBanking/banking_example2.BankAccount(banking_example2.BankAccount__depositMoney(int)).Non-interference contract.0.key 
118307     DEBUG main            d.u.i.k.p.i.KeYFile       Reading KeY file /home/runner/work/key/key/key.core/../key.ui/examples/InformationFlow/ToyBanking/banking_example2.BankAccount(banking_example2.BankAccount__depositMoney(int)).Non-interference contract.0.key 
119220     DEBUG main            d.u.i.k.j.Recoder2KeY     converting now /home/runner/work/key/key/key.core/../key.ui/examples/InformationFlow/ToyBanking/src/banking_example2/UserAccount.java 
119223     DEBUG main            d.u.i.k.j.Recoder2KeY     converting now /home/runner/work/key/key/key.core/../key.ui/examples/InformationFlow/ToyBanking/src/banking_example2/Bank.java 
119224     DEBUG main            d.u.i.k.j.Recoder2KeY     converting now /home/runner/work/key/key/key.core/../key.ui/examples/InformationFlow/ToyBanking/src/banking_example2/BankAccount.java 
119229     DEBUG main            d.u.i.k.s.TermLabelSettings TermLabelSettings: Failure while reading the setting "UseOriginLabels".Using the default value: true.The string read was: null 
119231     DEBUG main            d.u.i.k.p.i.KeYFile       Reading KeY file file:/home/runner/work/key/key/key.core/build/resources/main/de/uka/ilkd/key/java/JavaRedux/java/lang/String.key 
121054     DEBUG main            d.u.i.k.p.i.KeYFile       Reading KeY file /home/runner/work/key/key/key.core/../key.ui/examples/InformationFlow/ToyBanking/banking_example2.BankAccount(banking_example2.BankAccount__depositMoney(int)).Non-interference contract.0.key 
121386     DEBUG Thread-13       d.u.i.k.j.TypeConverter   typeconverter: (prefix this;, class class de.uka.ilkd.key.java.reference.ThisReference) 
121401     DEBUG Thread-13       d.u.i.k.j.TypeConverter   typeconverter: (prefix this;, class class de.uka.ilkd.key.java.reference.ThisReference) 
121426     DEBUG Thread-13       d.u.i.k.j.TypeConverter   typeconverter: (prefix this;, class class de.uka.ilkd.key.java.reference.ThisReference) 
121434     DEBUG Thread-13       d.u.i.k.j.TypeConverter   typeconverter: (prefix this;, class class de.uka.ilkd.key.java.reference.ThisReference) 
121504     DEBUG Thread-13       d.u.i.k.j.TypeConverter   typeconverter: (prefix this;, class class de.uka.ilkd.key.java.reference.ThisReference) 
121524     DEBUG Thread-13       d.u.i.k.j.TypeConverter   typeconverter: (prefix this;, class class de.uka.ilkd.key.java.reference.ThisReference) 
121558     DEBUG Thread-13       d.u.i.k.j.TypeConverter   typeconverter: (prefix this;, class class de.uka.ilkd.key.java.reference.ThisReference) 
121569     DEBUG Thread-13       d.u.i.k.j.TypeConverter   typeconverter: (prefix this;, class class de.uka.ilkd.key.java.reference.ThisReference) 
121572     DEBUG Thread-13       d.u.i.k.j.TypeConverter   typeconverter: (prefix this;, class class de.uka.ilkd.key.java.reference.ThisReference) 
121582     DEBUG Thread-13       d.u.i.k.j.TypeConverter   typeconverter: (prefix this;, class class de.uka.ilkd.key.java.reference.ThisReference) 
121594     DEBUG Thread-13       d.u.i.k.j.TypeConverter   typeconverter: (prefix this;, class class de.uka.ilkd.key.java.reference.ThisReference) 
121597     DEBUG Thread-13       d.u.i.k.j.TypeConverter   typeconverter: (prefix this;, class class de.uka.ilkd.key.java.reference.ThisReference) 
121860     INFO  main            d.u.i.k.p.r.p.TestFile    ... finished proof: closed. 
122061     DEBUG main            d.u.i.k.s.TermLabelSettings TermLabelSettings: Failure while reading the setting "UseOriginLabels".Using the default value: true.The string read was: null 
122061     INFO  main            d.u.i.k.p.r.p.TestFile    Now processing file /home/runner/work/key/key/key.core/../key.ui/examples/InformationFlow/ToyBanking/banking_example2.BankAccount(banking_example2.BankAccount__getBalance()).Non-interference contract.0.key 
122061     DEBUG main            d.u.i.k.p.i.KeYFile       Reading KeY file /home/runner/work/key/key/key.core/../key.ui/examples/InformationFlow/ToyBanking/banking_example2.BankAccount(banking_example2.BankAccount__getBalance()).Non-interference contract.0.key 
123008     DEBUG main            d.u.i.k.j.Recoder2KeY     converting now /home/runner/work/key/key/key.core/../key.ui/examples/InformationFlow/ToyBanking/src/banking_example2/UserAccount.java 
123010     DEBUG main            d.u.i.k.j.Recoder2KeY     converting now /home/runner/work/key/key/key.core/../key.ui/examples/InformationFlow/ToyBanking/src/banking_example2/Bank.java 
123012     DEBUG main            d.u.i.k.j.Recoder2KeY     converting now /home/runner/work/key/key/key.core/../key.ui/examples/InformationFlow/ToyBanking/src/banking_example2/BankAccount.java 
123016     DEBUG main            d.u.i.k.s.TermLabelSettings TermLabelSettings: Failure while reading the setting "UseOriginLabels".Using the default value: true.The string read was: null 
123018     DEBUG main            d.u.i.k.p.i.KeYFile       Reading KeY file file:/home/runner/work/key/key/key.core/build/resources/main/de/uka/ilkd/key/java/JavaRedux/java/lang/String.key 
124854     DEBUG main            d.u.i.k.p.i.KeYFile       Reading KeY file /home/runner/work/key/key/key.core/../key.ui/examples/InformationFlow/ToyBanking/banking_example2.BankAccount(banking_example2.BankAccount__getBalance()).Non-interference contract.0.key 
124922     DEBUG Thread-15       d.u.i.k.j.TypeConverter   typeconverter: (prefix this;, class class de.uka.ilkd.key.java.reference.ThisReference) 
124928     DEBUG Thread-15       d.u.i.k.j.TypeConverter   typeconverter: (prefix this;, class class de.uka.ilkd.key.java.reference.ThisReference) 
125160     INFO  main            d.u.i.k.p.r.p.TestFile    ... finished proof: closed. 
125323     DEBUG main            d.u.i.k.s.TermLabelSettings TermLabelSettings: Failure while reading the setting "UseOriginLabels".Using the default value: true.The string read was: null 
125323     INFO  main            d.u.i.k.p.r.p.TestFile    Now processing file /home/runner/work/key/key/key.core/../key.ui/examples/InformationFlow/ToyBanking/banking_example2.BankAccount(banking_example2.BankAccount__getId()).Non-interference contract.0.key 
125323     DEBUG main            d.u.i.k.p.i.KeYFile       Reading KeY file /home/runner/work/key/key/key.core/../key.ui/examples/InformationFlow/ToyBanking/banking_example2.BankAccount(banking_example2.BankAccount__getId()).Non-interference contract.0.key 
126203     DEBUG main            d.u.i.k.j.Recoder2KeY     converting now /home/runner/work/key/key/key.core/../key.ui/examples/InformationFlow/ToyBanking/src/banking_example2/UserAccount.java 
126206     DEBUG main            d.u.i.k.j.Recoder2KeY     converting now /home/runner/work/key/key/key.core/../key.ui/examples/InformationFlow/ToyBanking/src/banking_example2/Bank.java 
126207     DEBUG main            d.u.i.k.j.Recoder2KeY     converting now /home/runner/work/key/key/key.core/../key.ui/examples/InformationFlow/ToyBanking/src/banking_example2/BankAccount.java 
126211     DEBUG main            d.u.i.k.s.TermLabelSettings TermLabelSettings: Failure while reading the setting "UseOriginLabels".Using the default value: true.The string read was: null 
126212     DEBUG main            d.u.i.k.p.i.KeYFile       Reading KeY file file:/home/runner/work/key/key/key.core/build/resources/main/de/uka/ilkd/key/java/JavaRedux/java/lang/String.key 
128076     DEBUG main            d.u.i.k.p.i.KeYFile       Reading KeY file /home/runner/work/key/key/key.core/../key.ui/examples/InformationFlow/ToyBanking/banking_example2.BankAccount(banking_example2.BankAccount__getId()).Non-interference contract.0.key 
128138     DEBUG Thread-17       d.u.i.k.j.TypeConverter   typeconverter: (prefix this;, class class de.uka.ilkd.key.java.reference.ThisReference) 
128143     DEBUG Thread-17       d.u.i.k.j.TypeConverter   typeconverter: (prefix this;, class class de.uka.ilkd.key.java.reference.ThisReference) 
128378     INFO  main            d.u.i.k.p.r.p.TestFile    ... finished proof: closed. 
881780     INFO  Test worker     d.u.i.k.p.r.RunAllProofsTestUnit Returning from test ToyBanking_nomacro 
881781     INFO  Test worker     d.u.i.k.p.r.RunAllProofsTestUnit Running test BlockContracts_nomacro 
345        INFO  Timeout watchdog d.u.i.k.p.r.p.ForkedTestFileRunner Timeout watcher launched (1000 secs.) 
354        WARN  main            d.u.i.k.s.ProofSettings   The settings in /home/runner/.key/proof-settings.props are *not* read. 
392        DEBUG main            d.u.i.k.s.TermLabelSettings TermLabelSettings: Failure while reading the setting "UseOriginLabels".Using the default value: true.The string read was: null 
393        INFO  main            d.u.i.k.p.r.p.TestFile    Now processing file /home/runner/work/key/key/key.core/../key.ui/examples/InformationFlow/BlockContracts/contract.IFBlockExamples(contract.IFBlockExamples__secure_5()).Non-interference contract.0.key 
536        DEBUG main            d.u.i.k.p.i.KeYFile       Reading KeY file /home/runner/work/key/key/key.core/../key.ui/examples/InformationFlow/BlockContracts/contract.IFBlockExamples(contract.IFBlockExamples__secure_5()).Non-interference contract.0.key 
753        DEBUG main            d.u.i.k.p.i.KeYFile       Reading KeY file file:/home/runner/work/key/key/key.core/build/resources/main/de/uka/ilkd/key/proof/rules/standardRules.key 
798        DEBUG main            d.u.i.k.p.i.KeYFile       Reading KeY file file:/home/runner/work/key/key/key.core/build/resources/main/de/uka/ilkd/key/proof/rules/ldt.key 
809        DEBUG main            d.u.i.k.p.i.KeYFile       Reading KeY file file:/home/runner/work/key/key/key.core/build/resources/main/de/uka/ilkd/key/proof/rules/boolean.key 
830        DEBUG main            d.u.i.k.p.i.KeYFile       Reading KeY file file:/home/runner/work/key/key/key.core/build/resources/main/de/uka/ilkd/key/proof/rules/ruleSetsDeclarations.key 
856        DEBUG main            d.u.i.k.p.i.KeYFile       Reading KeY file file:/home/runner/work/key/key/key.core/build/resources/main/de/uka/ilkd/key/proof/rules/integerHeader.key 
865        DEBUG main            d.u.i.k.p.i.KeYFile       Reading KeY file file:/home/runner/work/key/key/key.core/build/resources/main/de/uka/ilkd/key/proof/rules/floatHeader.key 
868        DEBUG main            d.u.i.k.p.i.KeYFile       Reading KeY file file:/home/runner/work/key/key/key.core/build/resources/main/de/uka/ilkd/key/proof/rules/heap.key 
872        DEBUG main            d.u.i.k.p.i.KeYFile       Reading KeY file file:/home/runner/work/key/key/key.core/build/resources/main/de/uka/ilkd/key/proof/rules/locSets.key 
873        DEBUG main            d.u.i.k.p.i.KeYFile       Reading KeY file file:/home/runner/work/key/key/key.core/build/resources/main/de/uka/ilkd/key/proof/rules/permission.key 
874        DEBUG main            d.u.i.k.p.i.KeYFile       Reading KeY file file:/home/runner/work/key/key/key.core/build/resources/main/de/uka/ilkd/key/proof/rules/reach.key 
875        DEBUG main            d.u.i.k.p.i.KeYFile       Reading KeY file file:/home/runner/work/key/key/key.core/build/resources/main/de/uka/ilkd/key/proof/rules/seq.key 
876        DEBUG main            d.u.i.k.p.i.KeYFile       Reading KeY file file:/home/runner/work/key/key/key.core/build/resources/main/de/uka/ilkd/key/proof/rules/map.key 
914        DEBUG main            d.u.i.k.p.i.KeYFile       Reading KeY file file:/home/runner/work/key/key/key.core/build/resources/main/de/uka/ilkd/key/proof/rules/freeADT.key 
915        DEBUG main            d.u.i.k.p.i.KeYFile       Reading KeY file file:/home/runner/work/key/key/key.core/build/resources/main/de/uka/ilkd/key/proof/rules/wellfound.key 
916        DEBUG main            d.u.i.k.p.i.KeYFile       Reading KeY file file:/home/runner/work/key/key/key.core/build/resources/main/de/uka/ilkd/key/proof/rules/charListHeader.key 
1063       DEBUG main            d.u.i.k.p.i.KeYFile       Reading KeY file file:/home/runner/work/key/key/key.core/build/resources/main/de/uka/ilkd/key/proof/rules/propRule.key 
1104       DEBUG main            d.u.i.k.p.i.KeYFile       Reading KeY file file:/home/runner/work/key/key/key.core/build/resources/main/de/uka/ilkd/key/proof/rules/firstOrderRules.key 
1144       DEBUG main            d.u.i.k.p.i.KeYFile       Reading KeY file file:/home/runner/work/key/key/key.core/build/resources/main/de/uka/ilkd/key/proof/rules/ifThenElseRules.key 
1202       DEBUG main            d.u.i.k.p.i.KeYFile       Reading KeY file file:/home/runner/work/key/key/key.core/build/resources/main/de/uka/ilkd/key/proof/rules/formulaNormalisationRules.key 
1331       DEBUG main            d.u.i.k.p.i.KeYFile       Reading KeY file file:/home/runner/work/key/key/key.core/build/resources/main/de/uka/ilkd/key/proof/rules/updateRules.key 
1366       DEBUG main            d.u.i.k.p.i.KeYFile       Reading KeY file file:/home/runner/work/key/key/key.core/build/resources/main/de/uka/ilkd/key/proof/rules/integerRulesCommon.key 
1487       DEBUG main            d.u.i.k.p.i.KeYFile       Reading KeY file file:/home/runner/work/key/key/key.core/build/resources/main/de/uka/ilkd/key/proof/rules/intRules.key 
1535       DEBUG main            d.u.i.k.p.i.KeYFile       Reading KeY file file:/home/runner/work/key/key/key.core/build/resources/main/de/uka/ilkd/key/proof/rules/intRulesUncheckedSemantics.key 
1552       DEBUG main            d.u.i.k.p.i.KeYFile       Reading KeY file file:/home/runner/work/key/key/key.core/build/resources/main/de/uka/ilkd/key/proof/rules/intRulesCheckedSemantics.key 
1558       DEBUG main            d.u.i.k.p.i.KeYFile       Reading KeY file file:/home/runner/work/key/key/key.core/build/resources/main/de/uka/ilkd/key/proof/rules/intRulesJavaSemantics.key 
1571       DEBUG main            d.u.i.k.p.i.KeYFile       Reading KeY file file:/home/runner/work/key/key/key.core/build/resources/main/de/uka/ilkd/key/proof/rules/integerSimplificationRules.key 
1699       DEBUG main            d.u.i.k.j.TypeConverter   No LDT found for Meta 
1700       DEBUG main            d.u.i.k.j.TypeConverter   No LDT found for Meta 
1702       DEBUG main            d.u.i.k.j.TypeConverter   No LDT found for Meta 
1702       DEBUG main            d.u.i.k.j.TypeConverter   No LDT found for Meta 
1739       DEBUG main            d.u.i.k.p.i.KeYFile       Reading KeY file file:/home/runner/work/key/key/key.core/build/resources/main/de/uka/ilkd/key/proof/rules/intDiv.key 
1812       DEBUG main            d.u.i.k.p.i.KeYFile       Reading KeY file file:/home/runner/work/key/key/key.core/build/resources/main/de/uka/ilkd/key/proof/rules/bsum.key 
1967       DEBUG main            d.u.i.k.p.i.KeYFile       Reading KeY file file:/home/runner/work/key/key/key.core/build/resources/main/de/uka/ilkd/key/proof/rules/bprod.key 
2047       DEBUG main            d.u.i.k.p.i.KeYFile       Reading KeY file file:/home/runner/work/key/key/key.core/build/resources/main/de/uka/ilkd/key/proof/rules/binaryAxioms.key 
2052       DEBUG main            d.u.i.k.p.i.KeYFile       Reading KeY file file:/home/runner/work/key/key/key.core/build/resources/main/de/uka/ilkd/key/proof/rules/binaryLemmas.key 
2064       DEBUG main            d.u.i.k.p.i.KeYFile       Reading KeY file file:/home/runner/work/key/key/key.core/build/resources/main/de/uka/ilkd/key/proof/rules/intPow.key 
2083       DEBUG main            d.u.i.k.p.i.KeYFile       Reading KeY file file:/home/runner/work/key/key/key.core/build/resources/main/de/uka/ilkd/key/proof/rules/floatRulesCommon.key 
2112       DEBUG main            d.u.i.k.p.i.KeYFile       Reading KeY file file:/home/runner/work/key/key/key.core/build/resources/main/de/uka/ilkd/key/proof/rules/floatRules.key 
2114       DEBUG main            d.u.i.k.p.i.KeYFile       Reading KeY file file:/home/runner/work/key/key/key.core/build/resources/main/de/uka/ilkd/key/proof/rules/floatRulesVerifyNormal.key 
2114       DEBUG main            d.u.i.k.p.i.KeYFile       Reading KeY file file:/home/runner/work/key/key/key.core/build/resources/main/de/uka/ilkd/key/proof/rules/floatRulesAssumeStrictfp.key 
2149       DEBUG main            d.u.i.k.p.i.KeYFile       Reading KeY file file:/home/runner/work/key/key/key.core/build/resources/main/de/uka/ilkd/key/proof/rules/genericRules.key 
2172       DEBUG main            d.u.i.k.p.i.KeYFile       Reading KeY file file:/home/runner/work/key/key/key.core/build/resources/main/de/uka/ilkd/key/proof/rules/booleanRules.key 
2177       DEBUG main            d.u.i.k.p.i.KeYFile       Reading KeY file file:/home/runner/work/key/key/key.core/build/resources/main/de/uka/ilkd/key/proof/rules/epsilon.key 
2183       DEBUG main            d.u.i.k.p.i.KeYFile       Reading KeY file file:/home/runner/work/key/key/key.core/build/resources/main/de/uka/ilkd/key/proof/rules/locSetsRules.key 
2244       DEBUG main            d.u.i.k.p.i.KeYFile       Reading KeY file file:/home/runner/work/key/key/key.core/build/resources/main/de/uka/ilkd/key/proof/rules/heapRules.key 
2315       DEBUG main            d.u.i.k.p.i.KeYFile       Reading KeY file file:/home/runner/work/key/key/key.core/build/resources/main/de/uka/ilkd/key/proof/rules/permissionRules.key 
2335       DEBUG main            d.u.i.k.p.i.KeYFile       Reading KeY file file:/home/runner/work/key/key/key.core/build/resources/main/de/uka/ilkd/key/proof/rules/reachRules.key 
2365       DEBUG main            d.u.i.k.p.i.KeYFile       Reading KeY file file:/home/runner/work/key/key/key.core/build/resources/main/de/uka/ilkd/key/proof/rules/seqCoreRules.key 
2370       DEBUG main            d.u.i.k.p.i.KeYFile       Reading KeY file file:/home/runner/work/key/key/key.core/build/resources/main/de/uka/ilkd/key/proof/rules/seqRules.key 
2431       DEBUG main            d.u.i.k.p.i.KeYFile       Reading KeY file file:/home/runner/work/key/key/key.core/build/resources/main/de/uka/ilkd/key/proof/rules/seqPerm.key 
2469       DEBUG main            d.u.i.k.p.i.KeYFile       Reading KeY file file:/home/runner/work/key/key/key.core/build/resources/main/de/uka/ilkd/key/proof/rules/seqPerm2.key 
2476       DEBUG main            d.u.i.k.p.i.KeYFile       Reading KeY file file:/home/runner/work/key/key/key.core/build/resources/main/de/uka/ilkd/key/proof/rules/javaRules.key 
2564       DEBUG main            d.u.i.k.p.i.KeYFile       Reading KeY file file:/home/runner/work/key/key/key.core/build/resources/main/de/uka/ilkd/key/proof/rules/assertions.key 
3098       DEBUG main            d.u.i.k.p.i.KeYFile       Reading KeY file file:/home/runner/work/key/key/key.core/build/resources/main/de/uka/ilkd/key/proof/rules/loopRules.key 
3107       DEBUG main            d.u.i.k.p.i.KeYFile       Reading KeY file file:/home/runner/work/key/key/key.core/build/resources/main/de/uka/ilkd/key/proof/rules/activeUse.key 
3161       DEBUG main            d.u.i.k.p.i.KeYFile       Reading KeY file file:/home/runner/work/key/key/key.core/build/resources/main/de/uka/ilkd/key/proof/rules/instanceAllocation.key 
3181       DEBUG main            d.u.i.k.p.i.KeYFile       Reading KeY file file:/home/runner/work/key/key/key.core/build/resources/main/de/uka/ilkd/key/proof/rules/java5.key 
3186       DEBUG main            d.u.i.k.p.i.KeYFile       Reading KeY file file:/home/runner/work/key/key/key.core/build/resources/main/de/uka/ilkd/key/proof/rules/integerAssignment2UpdateRules.key 
3243       DEBUG main            d.u.i.k.p.i.KeYFile       Reading KeY file file:/home/runner/work/key/key/key.core/build/resources/main/de/uka/ilkd/key/proof/rules/floatAssignment2UpdateRules.key 
3268       DEBUG main            d.u.i.k.p.i.KeYFile       Reading KeY file file:/home/runner/work/key/key/key.core/build/resources/main/de/uka/ilkd/key/proof/rules/bigint.key 
3281       DEBUG main            d.u.i.k.j.TypeConverter   No LDT found for JavaBigintExpression 
3283       DEBUG main            d.u.i.k.p.i.KeYFile       Reading KeY file file:/home/runner/work/key/key/key.core/build/resources/main/de/uka/ilkd/key/proof/rules/adtProgramDecompositionRules.key 
3301       DEBUG main            d.u.i.k.p.i.KeYFile       Reading KeY file file:/home/runner/work/key/key/key.core/build/resources/main/de/uka/ilkd/key/proof/rules/precRules.key 
3305       DEBUG main            d.u.i.k.p.i.KeYFile       Reading KeY file file:/home/runner/work/key/key/key.core/build/resources/main/de/uka/ilkd/key/proof/rules/charListRules.key 
3321       DEBUG main            d.u.i.k.p.i.KeYFile       Reading KeY file file:/home/runner/work/key/key/key.core/build/resources/main/de/uka/ilkd/key/proof/rules/regExTheory.key 
3322       DEBUG main            d.u.i.k.p.i.KeYFile       Reading KeY file file:/home/runner/work/key/key/key.core/build/resources/main/de/uka/ilkd/key/proof/rules/regExHeader.key 
3323       DEBUG main            d.u.i.k.p.i.KeYFile       Reading KeY file file:/home/runner/work/key/key/key.core/build/resources/main/de/uka/ilkd/key/proof/rules/regExAxioms.key 
3327       DEBUG main            d.u.i.k.p.i.KeYFile       Reading KeY file file:/home/runner/work/key/key/key.core/build/resources/main/de/uka/ilkd/key/proof/rules/regExLemmaProven.key 
3334       DEBUG main            d.u.i.k.p.i.KeYFile       Reading KeY file file:/home/runner/work/key/key/key.core/build/resources/main/de/uka/ilkd/key/proof/rules/seqEq.key 
3342       DEBUG main            d.u.i.k.p.i.KeYFile       Reading KeY file file:/home/runner/work/key/key/key.core/build/resources/main/de/uka/ilkd/key/proof/rules/infFlow.key 
3351       DEBUG main            d.u.i.k.p.i.KeYFile       Reading KeY file file:/home/runner/work/key/key/key.core/build/resources/main/de/uka/ilkd/key/proof/rules/mapSize.key 
3354       DEBUG main            d.u.i.k.p.i.KeYFile       Reading KeY file file:/home/runner/work/key/key/key.core/build/resources/main/de/uka/ilkd/key/proof/rules/wd.key 
3357       DEBUG main            d.u.i.k.p.i.KeYFile       Reading KeY file file:/home/runner/work/key/key/key.core/build/resources/main/de/uka/ilkd/key/proof/rules/wdHeader.key 
3360       DEBUG main            d.u.i.k.p.i.KeYFile       Reading KeY file file:/home/runner/work/key/key/key.core/build/resources/main/de/uka/ilkd/key/proof/rules/wdGeneralRules.key 
3365       DEBUG main            d.u.i.k.p.i.KeYFile       Reading KeY file file:/home/runner/work/key/key/key.core/build/resources/main/de/uka/ilkd/key/proof/rules/wdNumericalRules.key 
3389       DEBUG main            d.u.i.k.p.i.KeYFile       Reading KeY file file:/home/runner/work/key/key/key.core/build/resources/main/de/uka/ilkd/key/proof/rules/wdLocSetRules.key 
3395       DEBUG main            d.u.i.k.p.i.KeYFile       Reading KeY file file:/home/runner/work/key/key/key.core/build/resources/main/de/uka/ilkd/key/proof/rules/wdHeapRules.key 
3400       DEBUG main            d.u.i.k.p.i.KeYFile       Reading KeY file file:/home/runner/work/key/key/key.core/build/resources/main/de/uka/ilkd/key/proof/rules/wdReachRules.key 
3402       DEBUG main            d.u.i.k.p.i.KeYFile       Reading KeY file file:/home/runner/work/key/key/key.core/build/resources/main/de/uka/ilkd/key/proof/rules/wdSeqRules.key 
3406       DEBUG main            d.u.i.k.p.i.KeYFile       Reading KeY file file:/home/runner/work/key/key/key.core/build/resources/main/de/uka/ilkd/key/proof/rules/wdStringRules.key 
3409       DEBUG main            d.u.i.k.p.i.KeYFile       Reading KeY file file:/home/runner/work/key/key/key.core/build/resources/main/de/uka/ilkd/key/proof/rules/wdRegExRules.key 
3437       DEBUG main            d.u.i.k.p.i.KeYFile       Reading KeY file file:/home/runner/work/key/key/key.core/build/resources/main/de/uka/ilkd/key/proof/rules/wdFormulaRules.key 
3454       DEBUG main            d.u.i.k.p.i.KeYFile       Reading KeY file file:/home/runner/work/key/key/key.core/build/resources/main/de/uka/ilkd/key/proof/rules/loopInvariantRules.key 
3458       DEBUG main            d.u.i.k.p.i.KeYFile       Reading KeY file file:/home/runner/work/key/key/key.core/build/resources/main/de/uka/ilkd/key/proof/rules/forLoopRules.key 
3461       DEBUG main            d.u.i.k.p.i.KeYFile       Reading KeY file file:/home/runner/work/key/key/key.core/build/resources/main/de/uka/ilkd/key/proof/rules/execRules.key 
3540       DEBUG main            d.u.i.k.p.i.KeYFile       Reading KeY file file:/home/runner/work/key/key/key.core/build/resources/main/de/uka/ilkd/key/proof/rules/loopScopeRules.key 
6398       DEBUG main            d.u.i.k.j.Recoder2KeY     converting now /home/runner/work/key/key/key.core/../key.ui/examples/InformationFlow/BlockContracts/src/contract/IFBlockExamples.java 
6410       DEBUG main            d.u.i.k.j.Recoder2KeY     converting now /home/runner/work/key/key/key.core/../key.ui/examples/InformationFlow/BlockContracts/src/contract/IFEfficiencyExamples.java 
6466       DEBUG main            d.u.i.k.s.TermLabelSettings TermLabelSettings: Failure while reading the setting "UseOriginLabels".Using the default value: true.The string read was: null 
6483       DEBUG main            d.u.i.k.p.i.KeYFile       Reading KeY file file:/home/runner/work/key/key/key.core/build/resources/main/de/uka/ilkd/key/java/JavaRedux/java/lang/String.key 
9200       DEBUG main            d.u.i.k.p.i.KeYFile       Reading KeY file /home/runner/work/key/key/key.core/../key.ui/examples/InformationFlow/BlockContracts/contract.IFBlockExamples(contract.IFBlockExamples__secure_5()).Non-interference contract.0.key 
10011      DEBUG Thread-1        d.u.i.k.j.TypeConverter   typeconverter: (prefix this;, class class de.uka.ilkd.key.java.reference.ThisReference) 
10028      DEBUG Thread-1        d.u.i.k.j.TypeConverter   typeconverter: (prefix this;, class class de.uka.ilkd.key.java.reference.ThisReference) 
10216      DEBUG Thread-1        d.u.i.k.j.TypeConverter   typeconverter: (prefix this;, class class de.uka.ilkd.key.java.reference.ThisReference) 
10231      DEBUG Thread-1        d.u.i.k.j.TypeConverter   typeconverter: (prefix this;, class class de.uka.ilkd.key.java.reference.ThisReference) 
10432      INFO  main            d.u.i.k.p.r.p.TestFile    ... finished proof: closed. 
10643      DEBUG main            d.u.i.k.s.TermLabelSettings TermLabelSettings: Failure while reading the setting "UseOriginLabels".Using the default value: true.The string read was: null 
10643      INFO  main            d.u.i.k.p.r.p.TestFile    Now processing file /home/runner/work/key/key/key.core/../key.ui/examples/InformationFlow/BlockContracts/contract.IFBlockExamples(contract.IFBlockExamples__block_no_return_secure(int)).Non-interference contract.0.key 
10643      DEBUG main            d.u.i.k.p.i.KeYFile       Reading KeY file /home/runner/work/key/key/key.core/../key.ui/examples/InformationFlow/BlockContracts/contract.IFBlockExamples(contract.IFBlockExamples__block_no_return_secure(int)).Non-interference contract.0.key 
11684      DEBUG main            d.u.i.k.j.Recoder2KeY     converting now /home/runner/work/key/key/key.core/../key.ui/examples/InformationFlow/BlockContracts/src/contract/IFBlockExamples.java 
11689      DEBUG main            d.u.i.k.j.Recoder2KeY     converting now /home/runner/work/key/key/key.core/../key.ui/examples/InformationFlow/BlockContracts/src/contract/IFEfficiencyExamples.java 
11697      DEBUG main            d.u.i.k.s.TermLabelSettings TermLabelSettings: Failure while reading the setting "UseOriginLabels".Using the default value: true.The string read was: null 
11699      DEBUG main            d.u.i.k.p.i.KeYFile       Reading KeY file file:/home/runner/work/key/key/key.core/build/resources/main/de/uka/ilkd/key/java/JavaRedux/java/lang/String.key 
13726      DEBUG main            d.u.i.k.p.i.KeYFile       Reading KeY file /home/runner/work/key/key/key.core/../key.ui/examples/InformationFlow/BlockContracts/contract.IFBlockExamples(contract.IFBlockExamples__block_no_return_secure(int)).Non-interference contract.0.key 
13811      DEBUG Thread-3        d.u.i.k.j.TypeConverter   typeconverter: (prefix this;, class class de.uka.ilkd.key.java.reference.ThisReference) 
13886      DEBUG Thread-3        d.u.i.k.j.TypeConverter   typeconverter: (prefix this;, class class de.uka.ilkd.key.java.reference.ThisReference) 
14000      DEBUG Thread-3        d.u.i.k.j.TypeConverter   typeconverter: (prefix this;, class class de.uka.ilkd.key.java.reference.ThisReference) 
14049      DEBUG Thread-3        d.u.i.k.j.TypeConverter   typeconverter: (prefix this;, class class de.uka.ilkd.key.java.reference.ThisReference) 
14331      INFO  main            d.u.i.k.p.r.p.TestFile    ... finished proof: closed. 
14483      DEBUG main            d.u.i.k.s.TermLabelSettings TermLabelSettings: Failure while reading the setting "UseOriginLabels".Using the default value: true.The string read was: null 
14483      INFO  main            d.u.i.k.p.r.p.TestFile    Now processing file /home/runner/work/key/key/key.core/../key.ui/examples/InformationFlow/BlockContracts/contract.IFBlockExamples(contract.IFBlockExamples__while_block_insecure(int)).Non-interference contract.0.key 
14483      DEBUG main            d.u.i.k.p.i.KeYFile       Reading KeY file /home/runner/work/key/key/key.core/../key.ui/examples/InformationFlow/BlockContracts/contract.IFBlockExamples(contract.IFBlockExamples__while_block_insecure(int)).Non-interference contract.0.key 
15438      DEBUG main            d.u.i.k.j.Recoder2KeY     converting now /home/runner/work/key/key/key.core/../key.ui/examples/InformationFlow/BlockContracts/src/contract/IFBlockExamples.java 
15442      DEBUG main            d.u.i.k.j.Recoder2KeY     converting now /home/runner/work/key/key/key.core/../key.ui/examples/InformationFlow/BlockContracts/src/contract/IFEfficiencyExamples.java 
15449      DEBUG main            d.u.i.k.s.TermLabelSettings TermLabelSettings: Failure while reading the setting "UseOriginLabels".Using the default value: true.The string read was: null 
15450      DEBUG main            d.u.i.k.p.i.KeYFile       Reading KeY file file:/home/runner/work/key/key/key.core/build/resources/main/de/uka/ilkd/key/java/JavaRedux/java/lang/String.key 
17432      DEBUG main            d.u.i.k.p.i.KeYFile       Reading KeY file /home/runner/work/key/key/key.core/../key.ui/examples/InformationFlow/BlockContracts/contract.IFBlockExamples(contract.IFBlockExamples__while_block_insecure(int)).Non-interference contract.0.key 
17495      DEBUG Thread-5        d.u.i.k.j.TypeConverter   typeconverter: (prefix this;, class class de.uka.ilkd.key.java.reference.ThisReference) 
17511      DEBUG Thread-5        d.u.i.k.j.TypeConverter   typeconverter: (prefix this;, class class de.uka.ilkd.key.java.reference.ThisReference) 
17526      DEBUG Thread-5        d.u.i.k.r.m.WhileLoopTransformation While-Loop-Tranform-Result: try {
  {
    if (_l_A > 0) {
      _l_A--;
      l1++;
    }
  }
} catch (java.lang.Throwable e#48) {
  exc#47 = true;
  thrownExc#49 = e#48;
} 
17740      DEBUG Thread-5        d.u.i.k.j.TypeConverter   typeconverter: (prefix this;, class class de.uka.ilkd.key.java.reference.ThisReference) 
17787      DEBUG Thread-5        d.u.i.k.r.m.WhileLoopTransformation While-Loop-Tranform-Result: try {
  {
    if (_l_B > 0) {
      _l_B--;
      l1_1++;
    }
  }
} catch (java.lang.Throwable e#74) {
  exc#73 = true;
  thrownExc#75 = e#74;
} 
18061      DEBUG Thread-5        d.u.i.k.j.TypeConverter   typeconverter: (prefix this;, class class de.uka.ilkd.key.java.reference.ThisReference) 
19063      INFO  main            d.u.i.k.p.r.p.TestFile    ... finished proof: open goal(s) 
19233      DEBUG main            d.u.i.k.s.TermLabelSettings TermLabelSettings: Failure while reading the setting "UseOriginLabels".Using the default value: true.The string read was: null 
19233      INFO  main            d.u.i.k.p.r.p.TestFile    Now processing file /home/runner/work/key/key/key.core/../key.ui/examples/InformationFlow/BlockContracts/contract.IFBlockExamples(contract.IFBlockExamples__while_block_secure(int)).Non-interference contract.0.key 
19233      DEBUG main            d.u.i.k.p.i.KeYFile       Reading KeY file /home/runner/work/key/key/key.core/../key.ui/examples/InformationFlow/BlockContracts/contract.IFBlockExamples(contract.IFBlockExamples__while_block_secure(int)).Non-interference contract.0.key 
20166      DEBUG main            d.u.i.k.j.Recoder2KeY     converting now /home/runner/work/key/key/key.core/../key.ui/examples/InformationFlow/BlockContracts/src/contract/IFBlockExamples.java 
20170      DEBUG main            d.u.i.k.j.Recoder2KeY     converting now /home/runner/work/key/key/key.core/../key.ui/examples/InformationFlow/BlockContracts/src/contract/IFEfficiencyExamples.java 
20177      DEBUG main            d.u.i.k.s.TermLabelSettings TermLabelSettings: Failure while reading the setting "UseOriginLabels".Using the default value: true.The string read was: null 
20178      DEBUG main            d.u.i.k.p.i.KeYFile       Reading KeY file file:/home/runner/work/key/key/key.core/build/resources/main/de/uka/ilkd/key/java/JavaRedux/java/lang/String.key 
22102      DEBUG main            d.u.i.k.p.i.KeYFile       Reading KeY file /home/runner/work/key/key/key.core/../key.ui/examples/InformationFlow/BlockContracts/contract.IFBlockExamples(contract.IFBlockExamples__while_block_secure(int)).Non-interference contract.0.key 
22157      DEBUG Thread-7        d.u.i.k.j.TypeConverter   typeconverter: (prefix this;, class class de.uka.ilkd.key.java.reference.ThisReference) 
22168      DEBUG Thread-7        d.u.i.k.j.TypeConverter   typeconverter: (prefix this;, class class de.uka.ilkd.key.java.reference.ThisReference) 
22176      DEBUG Thread-7        d.u.i.k.r.m.WhileLoopTransformation While-Loop-Tranform-Result: try {
  {
    if (_l_A > 0) {
      _l_A--;
      l1++;
    }
  }
} catch (java.lang.Throwable e#48) {
  exc#47 = true;
  thrownExc#49 = e#48;
} 
22334      DEBUG Thread-7        d.u.i.k.j.TypeConverter   typeconverter: (prefix this;, class class de.uka.ilkd.key.java.reference.ThisReference) 
22368      DEBUG Thread-7        d.u.i.k.r.m.WhileLoopTransformation While-Loop-Tranform-Result: try {
  {
    if (_l_B > 0) {
      _l_B--;
      l1_1++;
    }
  }
} catch (java.lang.Throwable e#74) {
  exc#73 = true;
  thrownExc#75 = e#74;
} 
22552      DEBUG Thread-7        d.u.i.k.j.TypeConverter   typeconverter: (prefix this;, class class de.uka.ilkd.key.java.reference.ThisReference) 
23334      INFO  main            d.u.i.k.p.r.p.TestFile    ... finished proof: closed. 
23530      DEBUG main            d.u.i.k.s.TermLabelSettings TermLabelSettings: Failure while reading the setting "UseOriginLabels".Using the default value: true.The string read was: null 
23530      INFO  main            d.u.i.k.p.r.p.TestFile    Now processing file /home/runner/work/key/key/key.core/../key.ui/examples/InformationFlow/BlockContracts/contract.IFBlockExamples(contract.IFBlockExamples__block_while_secure(int)).Non-interference contract.0.key 
23530      DEBUG main            d.u.i.k.p.i.KeYFile       Reading KeY file /home/runner/work/key/key/key.core/../key.ui/examples/InformationFlow/BlockContracts/contract.IFBlockExamples(contract.IFBlockExamples__block_while_secure(int)).Non-interference contract.0.key 
24423      DEBUG main            d.u.i.k.j.Recoder2KeY     converting now /home/runner/work/key/key/key.core/../key.ui/examples/InformationFlow/BlockContracts/src/contract/IFBlockExamples.java 
24427      DEBUG main            d.u.i.k.j.Recoder2KeY     converting now /home/runner/work/key/key/key.core/../key.ui/examples/InformationFlow/BlockContracts/src/contract/IFEfficiencyExamples.java 
24433      DEBUG main            d.u.i.k.s.TermLabelSettings TermLabelSettings: Failure while reading the setting "UseOriginLabels".Using the default value: true.The string read was: null 
24434      DEBUG main            d.u.i.k.p.i.KeYFile       Reading KeY file file:/home/runner/work/key/key/key.core/build/resources/main/de/uka/ilkd/key/java/JavaRedux/java/lang/String.key 
26299      DEBUG main            d.u.i.k.p.i.KeYFile       Reading KeY file /home/runner/work/key/key/key.core/../key.ui/examples/InformationFlow/BlockContracts/contract.IFBlockExamples(contract.IFBlockExamples__block_while_secure(int)).Non-interference contract.0.key 
26347      DEBUG Thread-9        d.u.i.k.j.TypeConverter   typeconverter: (prefix this;, class class de.uka.ilkd.key.java.reference.ThisReference) 
26391      DEBUG Thread-9        d.u.i.k.j.TypeConverter   typeconverter: (prefix this;, class class de.uka.ilkd.key.java.reference.ThisReference) 
26470      DEBUG Thread-9        d.u.i.k.r.m.WhileLoopTransformation While-Loop-Tranform-Result: try {
  {
    if (_l_A > 0) {
      _l_A--;
      l1++;
    }
  }
} catch (java.lang.Throwable e#82) {
  exc#81 = true;
  thrownExc#83 = e#82;
} 
26614      DEBUG Thread-9        d.u.i.k.j.TypeConverter   typeconverter: (prefix this;, class class de.uka.ilkd.key.java.reference.ThisReference) 
26691      DEBUG Thread-9        d.u.i.k.r.m.WhileLoopTransformation While-Loop-Tranform-Result: try {
  {
    if (_l_B > 0) {
      _l_B--;
      l1_1++;
    }
  }
} catch (java.lang.Throwable e#108) {
  exc#107 = true;
  thrownExc#109 = e#108;
} 
26856      DEBUG Thread-9        d.u.i.k.j.TypeConverter   typeconverter: (prefix this;, class class de.uka.ilkd.key.java.reference.ThisReference) 
27909      INFO  main            d.u.i.k.p.r.p.TestFile    ... finished proof: closed. 
28122      DEBUG main            d.u.i.k.s.TermLabelSettings TermLabelSettings: Failure while reading the setting "UseOriginLabels".Using the default value: true.The string read was: null 
28122      INFO  main            d.u.i.k.p.r.p.TestFile    Now processing file /home/runner/work/key/key/key.core/../key.ui/examples/InformationFlow/BlockContracts/contract.IFBlockExamples(contract.IFBlockExamples__insecure_4(int)).Non-interference contract.0.key 
28124      DEBUG main            d.u.i.k.p.i.KeYFile       Reading KeY file /home/runner/work/key/key/key.core/../key.ui/examples/InformationFlow/BlockContracts/contract.IFBlockExamples(contract.IFBlockExamples__insecure_4(int)).Non-interference contract.0.key 
29000      DEBUG main            d.u.i.k.j.Recoder2KeY     converting now /home/runner/work/key/key/key.core/../key.ui/examples/InformationFlow/BlockContracts/src/contract/IFBlockExamples.java 
29002      DEBUG main            d.u.i.k.j.Recoder2KeY     converting now /home/runner/work/key/key/key.core/../key.ui/examples/InformationFlow/BlockContracts/src/contract/IFEfficiencyExamples.java 
29007      DEBUG main            d.u.i.k.s.TermLabelSettings TermLabelSettings: Failure while reading the setting "UseOriginLabels".Using the default value: true.The string read was: null 
29009      DEBUG main            d.u.i.k.p.i.KeYFile       Reading KeY file file:/home/runner/work/key/key/key.core/build/resources/main/de/uka/ilkd/key/java/JavaRedux/java/lang/String.key 
30886      DEBUG main            d.u.i.k.p.i.KeYFile       Reading KeY file /home/runner/work/key/key/key.core/../key.ui/examples/InformationFlow/BlockContracts/contract.IFBlockExamples(contract.IFBlockExamples__insecure_4(int)).Non-interference contract.0.key 
30938      DEBUG Thread-11       d.u.i.k.j.TypeConverter   typeconverter: (prefix this;, class class de.uka.ilkd.key.java.reference.ThisReference) 
30952      DEBUG Thread-11       d.u.i.k.j.TypeConverter   typeconverter: (prefix this;, class class de.uka.ilkd.key.java.reference.ThisReference) 
33040      INFO  main            d.u.i.k.p.r.p.TestFile    ... finished proof: open goal(s) 
33266      DEBUG main            d.u.i.k.s.TermLabelSettings TermLabelSettings: Failure while reading the setting "UseOriginLabels".Using the default value: true.The string read was: null 
33266      INFO  main            d.u.i.k.p.r.p.TestFile    Now processing file /home/runner/work/key/key/key.core/../key.ui/examples/InformationFlow/BlockContracts/contract.IFBlockExamples(contract.IFBlockExamples__insecure_3(int)).Non-interference contract.0.key 
33267      DEBUG main            d.u.i.k.p.i.KeYFile       Reading KeY file /home/runner/work/key/key/key.core/../key.ui/examples/InformationFlow/BlockContracts/contract.IFBlockExamples(contract.IFBlockExamples__insecure_3(int)).Non-interference contract.0.key 
34209      DEBUG main            d.u.i.k.j.Recoder2KeY     converting now /home/runner/work/key/key/key.core/../key.ui/examples/InformationFlow/BlockContracts/src/contract/IFBlockExamples.java 
34212      DEBUG main            d.u.i.k.j.Recoder2KeY     converting now /home/runner/work/key/key/key.core/../key.ui/examples/InformationFlow/BlockContracts/src/contract/IFEfficiencyExamples.java 
34218      DEBUG main            d.u.i.k.s.TermLabelSettings TermLabelSettings: Failure while reading the setting "UseOriginLabels".Using the default value: true.The string read was: null 
34220      DEBUG main            d.u.i.k.p.i.KeYFile       Reading KeY file file:/home/runner/work/key/key/key.core/build/resources/main/de/uka/ilkd/key/java/JavaRedux/java/lang/String.key 
36029      DEBUG main            d.u.i.k.p.i.KeYFile       Reading KeY file /home/runner/work/key/key/key.core/../key.ui/examples/InformationFlow/BlockContracts/contract.IFBlockExamples(contract.IFBlockExamples__insecure_3(int)).Non-interference contract.0.key 
36084      DEBUG Thread-13       d.u.i.k.j.TypeConverter   typeconverter: (prefix this;, class class de.uka.ilkd.key.java.reference.ThisReference) 
36096      DEBUG Thread-13       d.u.i.k.j.TypeConverter   typeconverter: (prefix this;, class class de.uka.ilkd.key.java.reference.ThisReference) 
38345      INFO  main            d.u.i.k.p.r.p.TestFile    ... finished proof: open goal(s) 
38609      DEBUG main            d.u.i.k.s.TermLabelSettings TermLabelSettings: Failure while reading the setting "UseOriginLabels".Using the default value: true.The string read was: null 
38609      INFO  main            d.u.i.k.p.r.p.TestFile    Now processing file /home/runner/work/key/key/key.core/../key.ui/examples/InformationFlow/BlockContracts/contract.IFBlockExamples(contract.IFBlockExamples__secure_3(int)).Non-interference contract.0.key 
38609      DEBUG main            d.u.i.k.p.i.KeYFile       Reading KeY file /home/runner/work/key/key/key.core/../key.ui/examples/InformationFlow/BlockContracts/contract.IFBlockExamples(contract.IFBlockExamples__secure_3(int)).Non-interference contract.0.key 
39514      DEBUG main            d.u.i.k.j.Recoder2KeY     converting now /home/runner/work/key/key/key.core/../key.ui/examples/InformationFlow/BlockContracts/src/contract/IFBlockExamples.java 
39517      DEBUG main            d.u.i.k.j.Recoder2KeY     converting now /home/runner/work/key/key/key.core/../key.ui/examples/InformationFlow/BlockContracts/src/contract/IFEfficiencyExamples.java 
39526      DEBUG main            d.u.i.k.s.TermLabelSettings TermLabelSettings: Failure while reading the setting "UseOriginLabels".Using the default value: true.The string read was: null 
39527      DEBUG main            d.u.i.k.p.i.KeYFile       Reading KeY file file:/home/runner/work/key/key/key.core/build/resources/main/de/uka/ilkd/key/java/JavaRedux/java/lang/String.key 
41346      DEBUG main            d.u.i.k.p.i.KeYFile       Reading KeY file /home/runner/work/key/key/key.core/../key.ui/examples/InformationFlow/BlockContracts/contract.IFBlockExamples(contract.IFBlockExamples__secure_3(int)).Non-interference contract.0.key 
41396      DEBUG Thread-15       d.u.i.k.j.TypeConverter   typeconverter: (prefix this;, class class de.uka.ilkd.key.java.reference.ThisReference) 
41407      DEBUG Thread-15       d.u.i.k.j.TypeConverter   typeconverter: (prefix this;, class class de.uka.ilkd.key.java.reference.ThisReference) 
43359      INFO  main            d.u.i.k.p.r.p.TestFile    ... finished proof: closed. 
43602      DEBUG main            d.u.i.k.s.TermLabelSettings TermLabelSettings: Failure while reading the setting "UseOriginLabels".Using the default value: true.The string read was: null 
43602      INFO  main            d.u.i.k.p.r.p.TestFile    Now processing file /home/runner/work/key/key/key.core/../key.ui/examples/InformationFlow/BlockContracts/contract.IFBlockExamples(contract.IFBlockExamples__secure_2(int)).Non-interference contract.0.key 
43602      DEBUG main            d.u.i.k.p.i.KeYFile       Reading KeY file /home/runner/work/key/key/key.core/../key.ui/examples/InformationFlow/BlockContracts/contract.IFBlockExamples(contract.IFBlockExamples__secure_2(int)).Non-interference contract.0.key 
44471      DEBUG main            d.u.i.k.j.Recoder2KeY     converting now /home/runner/work/key/key/key.core/../key.ui/examples/InformationFlow/BlockContracts/src/contract/IFBlockExamples.java 
44473      DEBUG main            d.u.i.k.j.Recoder2KeY     converting now /home/runner/work/key/key/key.core/../key.ui/examples/InformationFlow/BlockContracts/src/contract/IFEfficiencyExamples.java 
44478      DEBUG main            d.u.i.k.s.TermLabelSettings TermLabelSettings: Failure while reading the setting "UseOriginLabels".Using the default value: true.The string read was: null 
44480      DEBUG main            d.u.i.k.p.i.KeYFile       Reading KeY file file:/home/runner/work/key/key/key.core/build/resources/main/de/uka/ilkd/key/java/JavaRedux/java/lang/String.key 
46309      DEBUG main            d.u.i.k.p.i.KeYFile       Reading KeY file /home/runner/work/key/key/key.core/../key.ui/examples/InformationFlow/BlockContracts/contract.IFBlockExamples(contract.IFBlockExamples__secure_2(int)).Non-interference contract.0.key 
46363      DEBUG Thread-17       d.u.i.k.j.TypeConverter   typeconverter: (prefix this;, class class de.uka.ilkd.key.java.reference.ThisReference) 
46374      DEBUG Thread-17       d.u.i.k.j.TypeConverter   typeconverter: (prefix this;, class class de.uka.ilkd.key.java.reference.ThisReference) 
48620      INFO  main            d.u.i.k.p.r.p.TestFile    ... finished proof: closed. 
48894      DEBUG main            d.u.i.k.s.TermLabelSettings TermLabelSettings: Failure while reading the setting "UseOriginLabels".Using the default value: true.The string read was: null 
48894      INFO  main            d.u.i.k.p.r.p.TestFile    Now processing file /home/runner/work/key/key/key.core/../key.ui/examples/InformationFlow/BlockContracts/contract.IFBlockExamples(contract.IFBlockExamples__secure_8(int)).Non-interference contract.0.key 
48895      DEBUG main            d.u.i.k.p.i.KeYFile       Reading KeY file /home/runner/work/key/key/key.core/../key.ui/examples/InformationFlow/BlockContracts/contract.IFBlockExamples(contract.IFBlockExamples__secure_8(int)).Non-interference contract.0.key 
49753      DEBUG main            d.u.i.k.j.Recoder2KeY     converting now /home/runner/work/key/key/key.core/../key.ui/examples/InformationFlow/BlockContracts/src/contract/IFBlockExamples.java 
49757      DEBUG main            d.u.i.k.j.Recoder2KeY     converting now /home/runner/work/key/key/key.core/../key.ui/examples/InformationFlow/BlockContracts/src/contract/IFEfficiencyExamples.java 
49762      DEBUG main            d.u.i.k.s.TermLabelSettings TermLabelSettings: Failure while reading the setting "UseOriginLabels".Using the default value: true.The string read was: null 
49763      DEBUG main            d.u.i.k.p.i.KeYFile       Reading KeY file file:/home/runner/work/key/key/key.core/build/resources/main/de/uka/ilkd/key/java/JavaRedux/java/lang/String.key 
51586      DEBUG main            d.u.i.k.p.i.KeYFile       Reading KeY file /home/runner/work/key/key/key.core/../key.ui/examples/InformationFlow/BlockContracts/contract.IFBlockExamples(contract.IFBlockExamples__secure_8(int)).Non-interference contract.0.key 
51627      DEBUG Thread-19       d.u.i.k.j.TypeConverter   typeconverter: (prefix this;, class class de.uka.ilkd.key.java.reference.ThisReference) 
51637      DEBUG Thread-19       d.u.i.k.j.TypeConverter   typeconverter: (prefix this;, class class de.uka.ilkd.key.java.reference.ThisReference) 
51777      DEBUG Thread-19       d.u.i.k.j.TypeConverter   typeconverter: (prefix this;, class class de.uka.ilkd.key.java.reference.ThisReference) 
51840      DEBUG Thread-19       d.u.i.k.j.TypeConverter   typeconverter: (prefix this;, class class de.uka.ilkd.key.java.reference.ThisReference) 
51970      DEBUG Thread-19       d.u.i.k.j.TypeConverter   typeconverter: (prefix this;, class class de.uka.ilkd.key.java.reference.ThisReference) 
51980      DEBUG Thread-19       d.u.i.k.j.TypeConverter   typeconverter: (prefix this;, class class de.uka.ilkd.key.java.reference.ThisReference) 
52097      DEBUG Thread-19       d.u.i.k.j.TypeConverter   typeconverter: (prefix this;, class class de.uka.ilkd.key.java.reference.ThisReference) 
52107      DEBUG Thread-19       d.u.i.k.j.TypeConverter   typeconverter: (prefix this;, class class de.uka.ilkd.key.java.reference.ThisReference) 
52294      INFO  main            d.u.i.k.p.r.p.TestFile    ... finished proof: closed. 
52531      DEBUG main            d.u.i.k.s.TermLabelSettings TermLabelSettings: Failure while reading the setting "UseOriginLabels".Using the default value: true.The string read was: null 
52531      INFO  main            d.u.i.k.p.r.p.TestFile    Now processing file /home/runner/work/key/key/key.core/../key.ui/examples/InformationFlow/BlockContracts/contract.IFBlockExamples(contract.IFBlockExamples__secure_7(int)).Non-interference contract.0.key 
52534      DEBUG main            d.u.i.k.p.i.KeYFile       Reading KeY file /home/runner/work/key/key/key.core/../key.ui/examples/InformationFlow/BlockContracts/contract.IFBlockExamples(contract.IFBlockExamples__secure_7(int)).Non-interference contract.0.key 
53413      DEBUG main            d.u.i.k.j.Recoder2KeY     converting now /home/runner/work/key/key/key.core/../key.ui/examples/InformationFlow/BlockContracts/src/contract/IFBlockExamples.java 
53415      DEBUG main            d.u.i.k.j.Recoder2KeY     converting now /home/runner/work/key/key/key.core/../key.ui/examples/InformationFlow/BlockContracts/src/contract/IFEfficiencyExamples.java 
53420      DEBUG main            d.u.i.k.s.TermLabelSettings TermLabelSettings: Failure while reading the setting "UseOriginLabels".Using the default value: true.The string read was: null 
53421      DEBUG main            d.u.i.k.p.i.KeYFile       Reading KeY file file:/home/runner/work/key/key/key.core/build/resources/main/de/uka/ilkd/key/java/JavaRedux/java/lang/String.key 
55220      DEBUG main            d.u.i.k.p.i.KeYFile       Reading KeY file /home/runner/work/key/key/key.core/../key.ui/examples/InformationFlow/BlockContracts/contract.IFBlockExamples(contract.IFBlockExamples__secure_7(int)).Non-interference contract.0.key 
55253      DEBUG Thread-21       d.u.i.k.j.TypeConverter   typeconverter: (prefix this;, class class de.uka.ilkd.key.java.reference.ThisReference) 
55262      DEBUG Thread-21       d.u.i.k.j.TypeConverter   typeconverter: (prefix this;, class class de.uka.ilkd.key.java.reference.ThisReference) 
55723      INFO  main            d.u.i.k.p.r.p.TestFile    ... finished proof: closed. 
55905      DEBUG main            d.u.i.k.s.TermLabelSettings TermLabelSettings: Failure while reading the setting "UseOriginLabels".Using the default value: true.The string read was: null 
55905      INFO  main            d.u.i.k.p.r.p.TestFile    Now processing file /home/runner/work/key/key/key.core/../key.ui/examples/InformationFlow/BlockContracts/contract.IFBlockExamples(contract.IFBlockExamples__secure_6(int)).Non-interference contract.0.key 
55906      DEBUG main            d.u.i.k.p.i.KeYFile       Reading KeY file /home/runner/work/key/key/key.core/../key.ui/examples/InformationFlow/BlockContracts/contract.IFBlockExamples(contract.IFBlockExamples__secure_6(int)).Non-interference contract.0.key 
56749      DEBUG main            d.u.i.k.j.Recoder2KeY     converting now /home/runner/work/key/key/key.core/../key.ui/examples/InformationFlow/BlockContracts/src/contract/IFBlockExamples.java 
56751      DEBUG main            d.u.i.k.j.Recoder2KeY     converting now /home/runner/work/key/key/key.core/../key.ui/examples/InformationFlow/BlockContracts/src/contract/IFEfficiencyExamples.java 
56756      DEBUG main            d.u.i.k.s.TermLabelSettings TermLabelSettings: Failure while reading the setting "UseOriginLabels".Using the default value: true.The string read was: null 
56757      DEBUG main            d.u.i.k.p.i.KeYFile       Reading KeY file file:/home/runner/work/key/key/key.core/build/resources/main/de/uka/ilkd/key/java/JavaRedux/java/lang/String.key 
58577      DEBUG main            d.u.i.k.p.i.KeYFile       Reading KeY file /home/runner/work/key/key/key.core/../key.ui/examples/InformationFlow/BlockContracts/contract.IFBlockExamples(contract.IFBlockExamples__secure_6(int)).Non-interference contract.0.key 
58617      DEBUG Thread-23       d.u.i.k.j.TypeConverter   typeconverter: (prefix this;, class class de.uka.ilkd.key.java.reference.ThisReference) 
58626      DEBUG Thread-23       d.u.i.k.j.TypeConverter   typeconverter: (prefix this;, class class de.uka.ilkd.key.java.reference.ThisReference) 
58980      INFO  main            d.u.i.k.p.r.p.TestFile    ... finished proof: closed. 
59222      DEBUG main            d.u.i.k.s.TermLabelSettings TermLabelSettings: Failure while reading the setting "UseOriginLabels".Using the default value: true.The string read was: null 
59223      INFO  main            d.u.i.k.p.r.p.TestFile    Now processing file /home/runner/work/key/key/key.core/../key.ui/examples/InformationFlow/BlockContracts/contract.IFBlockExamples(contract.IFBlockExamples__insecure_1(int)).Non-interference contract.0.key 
59225      DEBUG main            d.u.i.k.p.i.KeYFile       Reading KeY file /home/runner/work/key/key/key.core/../key.ui/examples/InformationFlow/BlockContracts/contract.IFBlockExamples(contract.IFBlockExamples__insecure_1(int)).Non-interference contract.0.key 
60082      DEBUG main            d.u.i.k.j.Recoder2KeY     converting now /home/runner/work/key/key/key.core/../key.ui/examples/InformationFlow/BlockContracts/src/contract/IFBlockExamples.java 
60084      DEBUG main            d.u.i.k.j.Recoder2KeY     converting now /home/runner/work/key/key/key.core/../key.ui/examples/InformationFlow/BlockContracts/src/contract/IFEfficiencyExamples.java 
60089      DEBUG main            d.u.i.k.s.TermLabelSettings TermLabelSettings: Failure while reading the setting "UseOriginLabels".Using the default value: true.The string read was: null 
60090      DEBUG main            d.u.i.k.p.i.KeYFile       Reading KeY file file:/home/runner/work/key/key/key.core/build/resources/main/de/uka/ilkd/key/java/JavaRedux/java/lang/String.key 
61934      DEBUG main            d.u.i.k.p.i.KeYFile       Reading KeY file /home/runner/work/key/key/key.core/../key.ui/examples/InformationFlow/BlockContracts/contract.IFBlockExamples(contract.IFBlockExamples__insecure_1(int)).Non-interference contract.0.key 
61980      DEBUG Thread-25       d.u.i.k.j.TypeConverter   typeconverter: (prefix this;, class class de.uka.ilkd.key.java.reference.ThisReference) 
61988      DEBUG Thread-25       d.u.i.k.j.TypeConverter   typeconverter: (prefix this;, class class de.uka.ilkd.key.java.reference.ThisReference) 
62442      INFO  main            d.u.i.k.p.r.p.TestFile    ... finished proof: open goal(s) 
62634      DEBUG main            d.u.i.k.s.TermLabelSettings TermLabelSettings: Failure while reading the setting "UseOriginLabels".Using the default value: true.The string read was: null 
62634      INFO  main            d.u.i.k.p.r.p.TestFile    Now processing file /home/runner/work/key/key/key.core/../key.ui/examples/InformationFlow/BlockContracts/contract.IFBlockExamples(contract.IFBlockExamples__secure_4(int)).Non-interference contract.0.key 
62635      DEBUG main            d.u.i.k.p.i.KeYFile       Reading KeY file /home/runner/work/key/key/key.core/../key.ui/examples/InformationFlow/BlockContracts/contract.IFBlockExamples(contract.IFBlockExamples__secure_4(int)).Non-interference contract.0.key 
63482      DEBUG main            d.u.i.k.j.Recoder2KeY     converting now /home/runner/work/key/key/key.core/../key.ui/examples/InformationFlow/BlockContracts/src/contract/IFBlockExamples.java 
63484      DEBUG main            d.u.i.k.j.Recoder2KeY     converting now /home/runner/work/key/key/key.core/../key.ui/examples/InformationFlow/BlockContracts/src/contract/IFEfficiencyExamples.java 
63488      DEBUG main            d.u.i.k.s.TermLabelSettings TermLabelSettings: Failure while reading the setting "UseOriginLabels".Using the default value: true.The string read was: null 
63490      DEBUG main            d.u.i.k.p.i.KeYFile       Reading KeY file file:/home/runner/work/key/key/key.core/build/resources/main/de/uka/ilkd/key/java/JavaRedux/java/lang/String.key 
65289      DEBUG main            d.u.i.k.p.i.KeYFile       Reading KeY file /home/runner/work/key/key/key.core/../key.ui/examples/InformationFlow/BlockContracts/contract.IFBlockExamples(contract.IFBlockExamples__secure_4(int)).Non-interference contract.0.key 
65336      DEBUG Thread-27       d.u.i.k.j.TypeConverter   typeconverter: (prefix this;, class class de.uka.ilkd.key.java.reference.ThisReference) 
65345      DEBUG Thread-27       d.u.i.k.j.TypeConverter   typeconverter: (prefix this;, class class de.uka.ilkd.key.java.reference.ThisReference) 
65912      INFO  main            d.u.i.k.p.r.p.TestFile    ... finished proof: closed. 
66104      DEBUG main            d.u.i.k.s.TermLabelSettings TermLabelSettings: Failure while reading the setting "UseOriginLabels".Using the default value: true.The string read was: null 
66104      INFO  main            d.u.i.k.p.r.p.TestFile    Now processing file /home/runner/work/key/key/key.core/../key.ui/examples/InformationFlow/BlockContracts/contract.IFBlockExamples(contract.IFBlockExamples__secure_1(int)).Non-interference contract.0.key 
66105      DEBUG main            d.u.i.k.p.i.KeYFile       Reading KeY file /home/runner/work/key/key/key.core/../key.ui/examples/InformationFlow/BlockContracts/contract.IFBlockExamples(contract.IFBlockExamples__secure_1(int)).Non-interference contract.0.key 
66969      DEBUG main            d.u.i.k.j.Recoder2KeY     converting now /home/runner/work/key/key/key.core/../key.ui/examples/InformationFlow/BlockContracts/src/contract/IFBlockExamples.java 
66971      DEBUG main            d.u.i.k.j.Recoder2KeY     converting now /home/runner/work/key/key/key.core/../key.ui/examples/InformationFlow/BlockContracts/src/contract/IFEfficiencyExamples.java 
66976      DEBUG main            d.u.i.k.s.TermLabelSettings TermLabelSettings: Failure while reading the setting "UseOriginLabels".Using the default value: true.The string read was: null 
66978      DEBUG main            d.u.i.k.p.i.KeYFile       Reading KeY file file:/home/runner/work/key/key/key.core/build/resources/main/de/uka/ilkd/key/java/JavaRedux/java/lang/String.key 
68814      DEBUG main            d.u.i.k.p.i.KeYFile       Reading KeY file /home/runner/work/key/key/key.core/../key.ui/examples/InformationFlow/BlockContracts/contract.IFBlockExamples(contract.IFBlockExamples__secure_1(int)).Non-interference contract.0.key 
68864      DEBUG Thread-29       d.u.i.k.j.TypeConverter   typeconverter: (prefix this;, class class de.uka.ilkd.key.java.reference.ThisReference) 
68874      DEBUG Thread-29       d.u.i.k.j.TypeConverter   typeconverter: (prefix this;, class class de.uka.ilkd.key.java.reference.ThisReference) 
69529      INFO  main            d.u.i.k.p.r.p.TestFile    ... finished proof: closed. 
69734      DEBUG main            d.u.i.k.s.TermLabelSettings TermLabelSettings: Failure while reading the setting "UseOriginLabels".Using the default value: true.The string read was: null 
69734      INFO  main            d.u.i.k.p.r.p.TestFile    Now processing file /home/runner/work/key/key/key.core/../key.ui/examples/InformationFlow/BlockContracts/contract.IFEfficiencyExamples(contract.IFEfficiencyExamples__mWithoutBlockContract()).Non-interference contract.0.key 
69734      DEBUG main            d.u.i.k.p.i.KeYFile       Reading KeY file /home/runner/work/key/key/key.core/../key.ui/examples/InformationFlow/BlockContracts/contract.IFEfficiencyExamples(contract.IFEfficiencyExamples__mWithoutBlockContract()).Non-interference contract.0.key 
70571      DEBUG main            d.u.i.k.j.Recoder2KeY     converting now /home/runner/work/key/key/key.core/../key.ui/examples/InformationFlow/BlockContracts/src/contract/IFBlockExamples.java 
70573      DEBUG main            d.u.i.k.j.Recoder2KeY     converting now /home/runner/work/key/key/key.core/../key.ui/examples/InformationFlow/BlockContracts/src/contract/IFEfficiencyExamples.java 
70577      DEBUG main            d.u.i.k.s.TermLabelSettings TermLabelSettings: Failure while reading the setting "UseOriginLabels".Using the default value: true.The string read was: null 
70578      DEBUG main            d.u.i.k.p.i.KeYFile       Reading KeY file file:/home/runner/work/key/key/key.core/build/resources/main/de/uka/ilkd/key/java/JavaRedux/java/lang/String.key 
72401      DEBUG main            d.u.i.k.p.i.KeYFile       Reading KeY file /home/runner/work/key/key/key.core/../key.ui/examples/InformationFlow/BlockContracts/contract.IFEfficiencyExamples(contract.IFEfficiencyExamples__mWithoutBlockContract()).Non-interference contract.0.key 
72437      DEBUG Thread-31       d.u.i.k.j.TypeConverter   typeconverter: (prefix this;, class class de.uka.ilkd.key.java.reference.ThisReference) 
72452      DEBUG Thread-31       d.u.i.k.j.TypeConverter   typeconverter: (prefix this;, class class de.uka.ilkd.key.java.reference.ThisReference) 
72476      DEBUG Thread-31       d.u.i.k.j.TypeConverter   typeconverter: (prefix this;, class class de.uka.ilkd.key.java.reference.ThisReference) 
72495      DEBUG Thread-31       d.u.i.k.j.TypeConverter   typeconverter: (prefix this;, class class de.uka.ilkd.key.java.reference.ThisReference) 
72520      DEBUG Thread-31       d.u.i.k.j.TypeConverter   typeconverter: (prefix this;, class class de.uka.ilkd.key.java.reference.ThisReference) 
72540      DEBUG Thread-31       d.u.i.k.j.TypeConverter   typeconverter: (prefix this;, class class de.uka.ilkd.key.java.reference.ThisReference) 
72562      DEBUG Thread-31       d.u.i.k.j.TypeConverter   typeconverter: (prefix this;, class class de.uka.ilkd.key.java.reference.ThisReference) 
72585      DEBUG Thread-31       d.u.i.k.j.TypeConverter   typeconverter: (prefix this;, class class de.uka.ilkd.key.java.reference.ThisReference) 
72611      DEBUG Thread-31       d.u.i.k.j.TypeConverter   typeconverter: (prefix this;, class class de.uka.ilkd.key.java.reference.ThisReference) 
72615      DEBUG Thread-31       d.u.i.k.j.TypeConverter   typeconverter: (prefix this;, class class de.uka.ilkd.key.java.reference.ThisReference) 
72625      DEBUG Thread-31       d.u.i.k.j.TypeConverter   typeconverter: (prefix this;, class class de.uka.ilkd.key.java.reference.ThisReference) 
72655      DEBUG Thread-31       d.u.i.k.j.TypeConverter   typeconverter: (prefix this;, class class de.uka.ilkd.key.java.reference.ThisReference) 
72663      DEBUG Thread-31       d.u.i.k.j.TypeConverter   typeconverter: (prefix this;, class class de.uka.ilkd.key.java.reference.ThisReference) 
72667      DEBUG Thread-31       d.u.i.k.j.TypeConverter   typeconverter: (prefix this;, class class de.uka.ilkd.key.java.reference.ThisReference) 
72694      DEBUG Thread-31       d.u.i.k.j.TypeConverter   typeconverter: (prefix this;, class class de.uka.ilkd.key.java.reference.ThisReference) 
72701      DEBUG Thread-31       d.u.i.k.j.TypeConverter   typeconverter: (prefix this;, class class de.uka.ilkd.key.java.reference.ThisReference) 
72709      DEBUG Thread-31       d.u.i.k.j.TypeConverter   typeconverter: (prefix this;, class class de.uka.ilkd.key.java.reference.ThisReference) 
72717      DEBUG Thread-31       d.u.i.k.j.TypeConverter   typeconverter: (prefix this;, class class de.uka.ilkd.key.java.reference.ThisReference) 
72746      DEBUG Thread-31       d.u.i.k.j.TypeConverter   typeconverter: (prefix this;, class class de.uka.ilkd.key.java.reference.ThisReference) 
72751      DEBUG Thread-31       d.u.i.k.j.TypeConverter   typeconverter: (prefix this;, class class de.uka.ilkd.key.java.reference.ThisReference) 
72759      DEBUG Thread-31       d.u.i.k.j.TypeConverter   typeconverter: (prefix this;, class class de.uka.ilkd.key.java.reference.ThisReference) 
72767      DEBUG Thread-31       d.u.i.k.j.TypeConverter   typeconverter: (prefix this;, class class de.uka.ilkd.key.java.reference.ThisReference) 
72808      DEBUG Thread-31       d.u.i.k.j.TypeConverter   typeconverter: (prefix this;, class class de.uka.ilkd.key.java.reference.ThisReference) 
72811      DEBUG Thread-31       d.u.i.k.j.TypeConverter   typeconverter: (prefix this;, class class de.uka.ilkd.key.java.reference.ThisReference) 
72820      DEBUG Thread-31       d.u.i.k.j.TypeConverter   typeconverter: (prefix this;, class class de.uka.ilkd.key.java.reference.ThisReference) 
72835      DEBUG Thread-31       d.u.i.k.j.TypeConverter   typeconverter: (prefix this;, class class de.uka.ilkd.key.java.reference.ThisReference) 
72840      DEBUG Thread-31       d.u.i.k.j.TypeConverter   typeconverter: (prefix this;, class class de.uka.ilkd.key.java.reference.ThisReference) 
72847      DEBUG Thread-31       d.u.i.k.j.TypeConverter   typeconverter: (prefix this;, class class de.uka.ilkd.key.java.reference.ThisReference) 
72855      DEBUG Thread-31       d.u.i.k.j.TypeConverter   typeconverter: (prefix this;, class class de.uka.ilkd.key.java.reference.ThisReference) 
72884      DEBUG Thread-31       d.u.i.k.j.TypeConverter   typeconverter: (prefix this;, class class de.uka.ilkd.key.java.reference.ThisReference) 
72892      DEBUG Thread-31       d.u.i.k.j.TypeConverter   typeconverter: (prefix this;, class class de.uka.ilkd.key.java.reference.ThisReference) 
72916      DEBUG Thread-31       d.u.i.k.j.TypeConverter   typeconverter: (prefix this;, class class de.uka.ilkd.key.java.reference.ThisReference) 
72920      DEBUG Thread-31       d.u.i.k.j.TypeConverter   typeconverter: (prefix this;, class class de.uka.ilkd.key.java.reference.ThisReference) 
72928      DEBUG Thread-31       d.u.i.k.j.TypeConverter   typeconverter: (prefix this;, class class de.uka.ilkd.key.java.reference.ThisReference) 
72956      DEBUG Thread-31       d.u.i.k.j.TypeConverter   typeconverter: (prefix this;, class class de.uka.ilkd.key.java.reference.ThisReference) 
72960      DEBUG Thread-31       d.u.i.k.j.TypeConverter   typeconverter: (prefix this;, class class de.uka.ilkd.key.java.reference.ThisReference) 
72970      DEBUG Thread-31       d.u.i.k.j.TypeConverter   typeconverter: (prefix this;, class class de.uka.ilkd.key.java.reference.ThisReference) 
73013      DEBUG Thread-31       d.u.i.k.j.TypeConverter   typeconverter: (prefix this;, class class de.uka.ilkd.key.java.reference.ThisReference) 
73018      DEBUG Thread-31       d.u.i.k.j.TypeConverter   typeconverter: (prefix this;, class class de.uka.ilkd.key.java.reference.ThisReference) 
73025      DEBUG Thread-31       d.u.i.k.j.TypeConverter   typeconverter: (prefix this;, class class de.uka.ilkd.key.java.reference.ThisReference) 
73033      DEBUG Thread-31       d.u.i.k.j.TypeConverter   typeconverter: (prefix this;, class class de.uka.ilkd.key.java.reference.ThisReference) 
73069      DEBUG Thread-31       d.u.i.k.j.TypeConverter   typeconverter: (prefix this;, class class de.uka.ilkd.key.java.reference.ThisReference) 
73073      DEBUG Thread-31       d.u.i.k.j.TypeConverter   typeconverter: (prefix this;, class class de.uka.ilkd.key.java.reference.ThisReference) 
73083      DEBUG Thread-31       d.u.i.k.j.TypeConverter   typeconverter: (prefix this;, class class de.uka.ilkd.key.java.reference.ThisReference) 
73100      DEBUG Thread-31       d.u.i.k.j.TypeConverter   typeconverter: (prefix this;, class class de.uka.ilkd.key.java.reference.ThisReference) 
73107      DEBUG Thread-31       d.u.i.k.j.TypeConverter   typeconverter: (prefix this;, class class de.uka.ilkd.key.java.reference.ThisReference) 
73129      DEBUG Thread-31       d.u.i.k.j.TypeConverter   typeconverter: (prefix this;, class class de.uka.ilkd.key.java.reference.ThisReference) 
73148      DEBUG Thread-31       d.u.i.k.j.TypeConverter   typeconverter: (prefix this;, class class de.uka.ilkd.key.java.reference.ThisReference) 
73152      DEBUG Thread-31       d.u.i.k.j.TypeConverter   typeconverter: (prefix this;, class class de.uka.ilkd.key.java.reference.ThisReference) 
73160      DEBUG Thread-31       d.u.i.k.j.TypeConverter   typeconverter: (prefix this;, class class de.uka.ilkd.key.java.reference.ThisReference) 
73187      DEBUG Thread-31       d.u.i.k.j.TypeConverter   typeconverter: (prefix this;, class class de.uka.ilkd.key.java.reference.ThisReference) 
73190      DEBUG Thread-31       d.u.i.k.j.TypeConverter   typeconverter: (prefix this;, class class de.uka.ilkd.key.java.reference.ThisReference) 
73198      DEBUG Thread-31       d.u.i.k.j.TypeConverter   typeconverter: (prefix this;, class class de.uka.ilkd.key.java.reference.ThisReference) 
73213      DEBUG Thread-31       d.u.i.k.j.TypeConverter   typeconverter: (prefix this;, class class de.uka.ilkd.key.java.reference.ThisReference) 
73217      DEBUG Thread-31       d.u.i.k.j.TypeConverter   typeconverter: (prefix this;, class class de.uka.ilkd.key.java.reference.ThisReference) 
73224      DEBUG Thread-31       d.u.i.k.j.TypeConverter   typeconverter: (prefix this;, class class de.uka.ilkd.key.java.reference.ThisReference) 
73231      DEBUG Thread-31       d.u.i.k.j.TypeConverter   typeconverter: (prefix this;, class class de.uka.ilkd.key.java.reference.ThisReference) 
73258      DEBUG Thread-31       d.u.i.k.j.TypeConverter   typeconverter: (prefix this;, class class de.uka.ilkd.key.java.reference.ThisReference) 
73266      DEBUG Thread-31       d.u.i.k.j.TypeConverter   typeconverter: (prefix this;, class class de.uka.ilkd.key.java.reference.ThisReference) 
73286      DEBUG Thread-31       d.u.i.k.j.TypeConverter   typeconverter: (prefix this;, class class de.uka.ilkd.key.java.reference.ThisReference) 
73290      DEBUG Thread-31       d.u.i.k.j.TypeConverter   typeconverter: (prefix this;, class class de.uka.ilkd.key.java.reference.ThisReference) 
73298      DEBUG Thread-31       d.u.i.k.j.TypeConverter   typeconverter: (prefix this;, class class de.uka.ilkd.key.java.reference.ThisReference) 
73321      DEBUG Thread-31       d.u.i.k.j.TypeConverter   typeconverter: (prefix this;, class class de.uka.ilkd.key.java.reference.ThisReference) 
73325      DEBUG Thread-31       d.u.i.k.j.TypeConverter   typeconverter: (prefix this;, class class de.uka.ilkd.key.java.reference.ThisReference) 
73335      DEBUG Thread-31       d.u.i.k.j.TypeConverter   typeconverter: (prefix this;, class class de.uka.ilkd.key.java.reference.ThisReference) 
73354      DEBUG Thread-31       d.u.i.k.j.TypeConverter   typeconverter: (prefix this;, class class de.uka.ilkd.key.java.reference.ThisReference) 
73363      DEBUG Thread-31       d.u.i.k.j.TypeConverter   typeconverter: (prefix this;, class class de.uka.ilkd.key.java.reference.ThisReference) 
73376      DEBUG Thread-31       d.u.i.k.j.TypeConverter   typeconverter: (prefix this;, class class de.uka.ilkd.key.java.reference.ThisReference) 
73384      DEBUG Thread-31       d.u.i.k.j.TypeConverter   typeconverter: (prefix this;, class class de.uka.ilkd.key.java.reference.ThisReference) 
73404      DEBUG Thread-31       d.u.i.k.j.TypeConverter   typeconverter: (prefix this;, class class de.uka.ilkd.key.java.reference.ThisReference) 
73424      DEBUG Thread-31       d.u.i.k.j.TypeConverter   typeconverter: (prefix this;, class class de.uka.ilkd.key.java.reference.ThisReference) 
73446      DEBUG Thread-31       d.u.i.k.j.TypeConverter   typeconverter: (prefix this;, class class de.uka.ilkd.key.java.reference.ThisReference) 
73450      DEBUG Thread-31       d.u.i.k.j.TypeConverter   typeconverter: (prefix this;, class class de.uka.ilkd.key.java.reference.ThisReference) 
73463      DEBUG Thread-31       d.u.i.k.j.TypeConverter   typeconverter: (prefix this;, class class de.uka.ilkd.key.java.reference.ThisReference) 
73494      DEBUG Thread-31       d.u.i.k.j.TypeConverter   typeconverter: (prefix this;, class class de.uka.ilkd.key.java.reference.ThisReference) 
73498      DEBUG Thread-31       d.u.i.k.j.TypeConverter   typeconverter: (prefix this;, class class de.uka.ilkd.key.java.reference.ThisReference) 
73510      DEBUG Thread-31       d.u.i.k.j.TypeConverter   typeconverter: (prefix this;, class class de.uka.ilkd.key.java.reference.ThisReference) 
73524      DEBUG Thread-31       d.u.i.k.j.TypeConverter   typeconverter: (prefix this;, class class de.uka.ilkd.key.java.reference.ThisReference) 
73529      DEBUG Thread-31       d.u.i.k.j.TypeConverter   typeconverter: (prefix this;, class class de.uka.ilkd.key.java.reference.ThisReference) 
73536      DEBUG Thread-31       d.u.i.k.j.TypeConverter   typeconverter: (prefix this;, class class de.uka.ilkd.key.java.reference.ThisReference) 
73544      DEBUG Thread-31       d.u.i.k.j.TypeConverter   typeconverter: (prefix this;, class class de.uka.ilkd.key.java.reference.ThisReference) 
73573      DEBUG Thread-31       d.u.i.k.j.TypeConverter   typeconverter: (prefix this;, class class de.uka.ilkd.key.java.reference.ThisReference) 
73578      DEBUG Thread-31       d.u.i.k.j.TypeConverter   typeconverter: (prefix this;, class class de.uka.ilkd.key.java.reference.ThisReference) 
73586      DEBUG Thread-31       d.u.i.k.j.TypeConverter   typeconverter: (prefix this;, class class de.uka.ilkd.key.java.reference.ThisReference) 
73593      DEBUG Thread-31       d.u.i.k.j.TypeConverter   typeconverter: (prefix this;, class class de.uka.ilkd.key.java.reference.ThisReference) 
73636      DEBUG Thread-31       d.u.i.k.j.TypeConverter   typeconverter: (prefix this;, class class de.uka.ilkd.key.java.reference.ThisReference) 
73640      DEBUG Thread-31       d.u.i.k.j.TypeConverter   typeconverter: (prefix this;, class class de.uka.ilkd.key.java.reference.ThisReference) 
73652      DEBUG Thread-31       d.u.i.k.j.TypeConverter   typeconverter: (prefix this;, class class de.uka.ilkd.key.java.reference.ThisReference) 
73666      DEBUG Thread-31       d.u.i.k.j.TypeConverter   typeconverter: (prefix this;, class class de.uka.ilkd.key.java.reference.ThisReference) 
73670      DEBUG Thread-31       d.u.i.k.j.TypeConverter   typeconverter: (prefix this;, class class de.uka.ilkd.key.java.reference.ThisReference) 
73677      DEBUG Thread-31       d.u.i.k.j.TypeConverter   typeconverter: (prefix this;, class class de.uka.ilkd.key.java.reference.ThisReference) 
73685      DEBUG Thread-31       d.u.i.k.j.TypeConverter   typeconverter: (prefix this;, class class de.uka.ilkd.key.java.reference.ThisReference) 
73713      DEBUG Thread-31       d.u.i.k.j.TypeConverter   typeconverter: (prefix this;, class class de.uka.ilkd.key.java.reference.ThisReference) 
73721      DEBUG Thread-31       d.u.i.k.j.TypeConverter   typeconverter: (prefix this;, class class de.uka.ilkd.key.java.reference.ThisReference) 
73744      DEBUG Thread-31       d.u.i.k.j.TypeConverter   typeconverter: (prefix this;, class class de.uka.ilkd.key.java.reference.ThisReference) 
73748      DEBUG Thread-31       d.u.i.k.j.TypeConverter   typeconverter: (prefix this;, class class de.uka.ilkd.key.java.reference.ThisReference) 
73760      DEBUG Thread-31       d.u.i.k.j.TypeConverter   typeconverter: (prefix this;, class class de.uka.ilkd.key.java.reference.ThisReference) 
73787      DEBUG Thread-31       d.u.i.k.j.TypeConverter   typeconverter: (prefix this;, class class de.uka.ilkd.key.java.reference.ThisReference) 
73791      DEBUG Thread-31       d.u.i.k.j.TypeConverter   typeconverter: (prefix this;, class class de.uka.ilkd.key.java.reference.ThisReference) 
73806      DEBUG Thread-31       d.u.i.k.j.TypeConverter   typeconverter: (prefix this;, class class de.uka.ilkd.key.java.reference.ThisReference) 
73822      DEBUG Thread-31       d.u.i.k.j.TypeConverter   typeconverter: (prefix this;, class class de.uka.ilkd.key.java.reference.ThisReference) 
73827      DEBUG Thread-31       d.u.i.k.j.TypeConverter   typeconverter: (prefix this;, class class de.uka.ilkd.key.java.reference.ThisReference) 
73834      DEBUG Thread-31       d.u.i.k.j.TypeConverter   typeconverter: (prefix this;, class class de.uka.ilkd.key.java.reference.ThisReference) 
73842      DEBUG Thread-31       d.u.i.k.j.TypeConverter   typeconverter: (prefix this;, class class de.uka.ilkd.key.java.reference.ThisReference) 
73883      DEBUG Thread-31       d.u.i.k.j.TypeConverter   typeconverter: (prefix this;, class class de.uka.ilkd.key.java.reference.ThisReference) 
73888      DEBUG Thread-31       d.u.i.k.j.TypeConverter   typeconverter: (prefix this;, class class de.uka.ilkd.key.java.reference.ThisReference) 
73902      DEBUG Thread-31       d.u.i.k.j.TypeConverter   typeconverter: (prefix this;, class class de.uka.ilkd.key.java.reference.ThisReference) 
73917      DEBUG Thread-31       d.u.i.k.j.TypeConverter   typeconverter: (prefix this;, class class de.uka.ilkd.key.java.reference.ThisReference) 
73925      DEBUG Thread-31       d.u.i.k.j.TypeConverter   typeconverter: (prefix this;, class class de.uka.ilkd.key.java.reference.ThisReference) 
73948      DEBUG Thread-31       d.u.i.k.j.TypeConverter   typeconverter: (prefix this;, class class de.uka.ilkd.key.java.reference.ThisReference) 
73967      DEBUG Thread-31       d.u.i.k.j.TypeConverter   typeconverter: (prefix this;, class class de.uka.ilkd.key.java.reference.ThisReference) 
73972      DEBUG Thread-31       d.u.i.k.j.TypeConverter   typeconverter: (prefix this;, class class de.uka.ilkd.key.java.reference.ThisReference) 
73986      DEBUG Thread-31       d.u.i.k.j.TypeConverter   typeconverter: (prefix this;, class class de.uka.ilkd.key.java.reference.ThisReference) 
74018      DEBUG Thread-31       d.u.i.k.j.TypeConverter   typeconverter: (prefix this;, class class de.uka.ilkd.key.java.reference.ThisReference) 
74022      DEBUG Thread-31       d.u.i.k.j.TypeConverter   typeconverter: (prefix this;, class class de.uka.ilkd.key.java.reference.ThisReference) 
74034      DEBUG Thread-31       d.u.i.k.j.TypeConverter   typeconverter: (prefix this;, class class de.uka.ilkd.key.java.reference.ThisReference) 
74090      DEBUG Thread-31       d.u.i.k.j.TypeConverter   typeconverter: (prefix this;, class class de.uka.ilkd.key.java.reference.ThisReference) 
74095      DEBUG Thread-31       d.u.i.k.j.TypeConverter   typeconverter: (prefix this;, class class de.uka.ilkd.key.java.reference.ThisReference) 
74102      DEBUG Thread-31       d.u.i.k.j.TypeConverter   typeconverter: (prefix this;, class class de.uka.ilkd.key.java.reference.ThisReference) 
74110      DEBUG Thread-31       d.u.i.k.j.TypeConverter   typeconverter: (prefix this;, class class de.uka.ilkd.key.java.reference.ThisReference) 
74140      DEBUG Thread-31       d.u.i.k.j.TypeConverter   typeconverter: (prefix this;, class class de.uka.ilkd.key.java.reference.ThisReference) 
74148      DEBUG Thread-31       d.u.i.k.j.TypeConverter   typeconverter: (prefix this;, class class de.uka.ilkd.key.java.reference.ThisReference) 
74169      DEBUG Thread-31       d.u.i.k.j.TypeConverter   typeconverter: (prefix this;, class class de.uka.ilkd.key.java.reference.ThisReference) 
74173      DEBUG Thread-31       d.u.i.k.j.TypeConverter   typeconverter: (prefix this;, class class de.uka.ilkd.key.java.reference.ThisReference) 
74188      DEBUG Thread-31       d.u.i.k.j.TypeConverter   typeconverter: (prefix this;, class class de.uka.ilkd.key.java.reference.ThisReference) 
74213      DEBUG Thread-31       d.u.i.k.j.TypeConverter   typeconverter: (prefix this;, class class de.uka.ilkd.key.java.reference.ThisReference) 
74217      DEBUG Thread-31       d.u.i.k.j.TypeConverter   typeconverter: (prefix this;, class class de.uka.ilkd.key.java.reference.ThisReference) 
74233      DEBUG Thread-31       d.u.i.k.j.TypeConverter   typeconverter: (prefix this;, class class de.uka.ilkd.key.java.reference.ThisReference) 
74254      DEBUG Thread-31       d.u.i.k.j.TypeConverter   typeconverter: (prefix this;, class class de.uka.ilkd.key.java.reference.ThisReference) 
74261      DEBUG Thread-31       d.u.i.k.j.TypeConverter   typeconverter: (prefix this;, class class de.uka.ilkd.key.java.reference.ThisReference) 
74276      DEBUG Thread-31       d.u.i.k.j.TypeConverter   typeconverter: (prefix this;, class class de.uka.ilkd.key.java.reference.ThisReference) 
74283      DEBUG Thread-31       d.u.i.k.j.TypeConverter   typeconverter: (prefix this;, class class de.uka.ilkd.key.java.reference.ThisReference) 
74302      DEBUG Thread-31       d.u.i.k.j.TypeConverter   typeconverter: (prefix this;, class class de.uka.ilkd.key.java.reference.ThisReference) 
74320      DEBUG Thread-31       d.u.i.k.j.TypeConverter   typeconverter: (prefix this;, class class de.uka.ilkd.key.java.reference.ThisReference) 
74340      DEBUG Thread-31       d.u.i.k.j.TypeConverter   typeconverter: (prefix this;, class class de.uka.ilkd.key.java.reference.ThisReference) 
74361      DEBUG Thread-31       d.u.i.k.j.TypeConverter   typeconverter: (prefix this;, class class de.uka.ilkd.key.java.reference.ThisReference) 
74384      DEBUG Thread-31       d.u.i.k.j.TypeConverter   typeconverter: (prefix this;, class class de.uka.ilkd.key.java.reference.ThisReference) 
74388      DEBUG Thread-31       d.u.i.k.j.TypeConverter   typeconverter: (prefix this;, class class de.uka.ilkd.key.java.reference.ThisReference) 
74397      DEBUG Thread-31       d.u.i.k.j.TypeConverter   typeconverter: (prefix this;, class class de.uka.ilkd.key.java.reference.ThisReference) 
74426      DEBUG Thread-31       d.u.i.k.j.TypeConverter   typeconverter: (prefix this;, class class de.uka.ilkd.key.java.reference.ThisReference) 
74431      DEBUG Thread-31       d.u.i.k.j.TypeConverter   typeconverter: (prefix this;, class class de.uka.ilkd.key.java.reference.ThisReference) 
74440      DEBUG Thread-31       d.u.i.k.j.TypeConverter   typeconverter: (prefix this;, class class de.uka.ilkd.key.java.reference.ThisReference) 
74453      DEBUG Thread-31       d.u.i.k.j.TypeConverter   typeconverter: (prefix this;, class class de.uka.ilkd.key.java.reference.ThisReference) 
74462      DEBUG Thread-31       d.u.i.k.j.TypeConverter   typeconverter: (prefix this;, class class de.uka.ilkd.key.java.reference.ThisReference) 
74470      DEBUG Thread-31       d.u.i.k.j.TypeConverter   typeconverter: (prefix this;, class class de.uka.ilkd.key.java.reference.ThisReference) 
74480      DEBUG Thread-31       d.u.i.k.j.TypeConverter   typeconverter: (prefix this;, class class de.uka.ilkd.key.java.reference.ThisReference) 
74493      DEBUG Thread-31       d.u.i.k.j.TypeConverter   typeconverter: (prefix this;, class class de.uka.ilkd.key.java.reference.ThisReference) 
74498      DEBUG Thread-31       d.u.i.k.j.TypeConverter   typeconverter: (prefix this;, class class de.uka.ilkd.key.java.reference.ThisReference) 
74506      DEBUG Thread-31       d.u.i.k.j.TypeConverter   typeconverter: (prefix this;, class class de.uka.ilkd.key.java.reference.ThisReference) 
74514      DEBUG Thread-31       d.u.i.k.j.TypeConverter   typeconverter: (prefix this;, class class de.uka.ilkd.key.java.reference.ThisReference) 
74552      DEBUG Thread-31       d.u.i.k.j.TypeConverter   typeconverter: (prefix this;, class class de.uka.ilkd.key.java.reference.ThisReference) 
74556      DEBUG Thread-31       d.u.i.k.j.TypeConverter   typeconverter: (prefix this;, class class de.uka.ilkd.key.java.reference.ThisReference) 
74565      DEBUG Thread-31       d.u.i.k.j.TypeConverter   typeconverter: (prefix this;, class class de.uka.ilkd.key.java.reference.ThisReference) 
74577      DEBUG Thread-31       d.u.i.k.j.TypeConverter   typeconverter: (prefix this;, class class de.uka.ilkd.key.java.reference.ThisReference) 
74581      DEBUG Thread-31       d.u.i.k.j.TypeConverter   typeconverter: (prefix this;, class class de.uka.ilkd.key.java.reference.ThisReference) 
74588      DEBUG Thread-31       d.u.i.k.j.TypeConverter   typeconverter: (prefix this;, class class de.uka.ilkd.key.java.reference.ThisReference) 
74595      DEBUG Thread-31       d.u.i.k.j.TypeConverter   typeconverter: (prefix this;, class class de.uka.ilkd.key.java.reference.ThisReference) 
74619      DEBUG Thread-31       d.u.i.k.j.TypeConverter   typeconverter: (prefix this;, class class de.uka.ilkd.key.java.reference.ThisReference) 
74627      DEBUG Thread-31       d.u.i.k.j.TypeConverter   typeconverter: (prefix this;, class class de.uka.ilkd.key.java.reference.ThisReference) 
74652      DEBUG Thread-31       d.u.i.k.j.TypeConverter   typeconverter: (prefix this;, class class de.uka.ilkd.key.java.reference.ThisReference) 
74656      DEBUG Thread-31       d.u.i.k.j.TypeConverter   typeconverter: (prefix this;, class class de.uka.ilkd.key.java.reference.ThisReference) 
74665      DEBUG Thread-31       d.u.i.k.j.TypeConverter   typeconverter: (prefix this;, class class de.uka.ilkd.key.java.reference.ThisReference) 
74691      DEBUG Thread-31       d.u.i.k.j.TypeConverter   typeconverter: (prefix this;, class class de.uka.ilkd.key.java.reference.ThisReference) 
74695      DEBUG Thread-31       d.u.i.k.j.TypeConverter   typeconverter: (prefix this;, class class de.uka.ilkd.key.java.reference.ThisReference) 
74705      DEBUG Thread-31       d.u.i.k.j.TypeConverter   typeconverter: (prefix this;, class class de.uka.ilkd.key.java.reference.ThisReference) 
74720      DEBUG Thread-31       d.u.i.k.j.TypeConverter   typeconverter: (prefix this;, class class de.uka.ilkd.key.java.reference.ThisReference) 
74725      DEBUG Thread-31       d.u.i.k.j.TypeConverter   typeconverter: (prefix this;, class class de.uka.ilkd.key.java.reference.ThisReference) 
74733      DEBUG Thread-31       d.u.i.k.j.TypeConverter   typeconverter: (prefix this;, class class de.uka.ilkd.key.java.reference.ThisReference) 
74740      DEBUG Thread-31       d.u.i.k.j.TypeConverter   typeconverter: (prefix this;, class class de.uka.ilkd.key.java.reference.ThisReference) 
74776      DEBUG Thread-31       d.u.i.k.j.TypeConverter   typeconverter: (prefix this;, class class de.uka.ilkd.key.java.reference.ThisReference) 
74780      DEBUG Thread-31       d.u.i.k.j.TypeConverter   typeconverter: (prefix this;, class class de.uka.ilkd.key.java.reference.ThisReference) 
74790      DEBUG Thread-31       d.u.i.k.j.TypeConverter   typeconverter: (prefix this;, class class de.uka.ilkd.key.java.reference.ThisReference) 
74804      DEBUG Thread-31       d.u.i.k.j.TypeConverter   typeconverter: (prefix this;, class class de.uka.ilkd.key.java.reference.ThisReference) 
74812      DEBUG Thread-31       d.u.i.k.j.TypeConverter   typeconverter: (prefix this;, class class de.uka.ilkd.key.java.reference.ThisReference) 
74833      DEBUG Thread-31       d.u.i.k.j.TypeConverter   typeconverter: (prefix this;, class class de.uka.ilkd.key.java.reference.ThisReference) 
74852      DEBUG Thread-31       d.u.i.k.j.TypeConverter   typeconverter: (prefix this;, class class de.uka.ilkd.key.java.reference.ThisReference) 
74856      DEBUG Thread-31       d.u.i.k.j.TypeConverter   typeconverter: (prefix this;, class class de.uka.ilkd.key.java.reference.ThisReference) 
74866      DEBUG Thread-31       d.u.i.k.j.TypeConverter   typeconverter: (prefix this;, class class de.uka.ilkd.key.java.reference.ThisReference) 
74893      DEBUG Thread-31       d.u.i.k.j.TypeConverter   typeconverter: (prefix this;, class class de.uka.ilkd.key.java.reference.ThisReference) 
74897      DEBUG Thread-31       d.u.i.k.j.TypeConverter   typeconverter: (prefix this;, class class de.uka.ilkd.key.java.reference.ThisReference) 
74906      DEBUG Thread-31       d.u.i.k.j.TypeConverter   typeconverter: (prefix this;, class class de.uka.ilkd.key.java.reference.ThisReference) 
74918      DEBUG Thread-31       d.u.i.k.j.TypeConverter   typeconverter: (prefix this;, class class de.uka.ilkd.key.java.reference.ThisReference) 
74922      DEBUG Thread-31       d.u.i.k.j.TypeConverter   typeconverter: (prefix this;, class class de.uka.ilkd.key.java.reference.ThisReference) 
74929      DEBUG Thread-31       d.u.i.k.j.TypeConverter   typeconverter: (prefix this;, class class de.uka.ilkd.key.java.reference.ThisReference) 
74936      DEBUG Thread-31       d.u.i.k.j.TypeConverter   typeconverter: (prefix this;, class class de.uka.ilkd.key.java.reference.ThisReference) 
74961      DEBUG Thread-31       d.u.i.k.j.TypeConverter   typeconverter: (prefix this;, class class de.uka.ilkd.key.java.reference.ThisReference) 
74969      DEBUG Thread-31       d.u.i.k.j.TypeConverter   typeconverter: (prefix this;, class class de.uka.ilkd.key.java.reference.ThisReference) 
74989      DEBUG Thread-31       d.u.i.k.j.TypeConverter   typeconverter: (prefix this;, class class de.uka.ilkd.key.java.reference.ThisReference) 
74993      DEBUG Thread-31       d.u.i.k.j.TypeConverter   typeconverter: (prefix this;, class class de.uka.ilkd.key.java.reference.ThisReference) 
75003      DEBUG Thread-31       d.u.i.k.j.TypeConverter   typeconverter: (prefix this;, class class de.uka.ilkd.key.java.reference.ThisReference) 
75027      DEBUG Thread-31       d.u.i.k.j.TypeConverter   typeconverter: (prefix this;, class class de.uka.ilkd.key.java.reference.ThisReference) 
75031      DEBUG Thread-31       d.u.i.k.j.TypeConverter   typeconverter: (prefix this;, class class de.uka.ilkd.key.java.reference.ThisReference) 
75041      DEBUG Thread-31       d.u.i.k.j.TypeConverter   typeconverter: (prefix this;, class class de.uka.ilkd.key.java.reference.ThisReference) 
75159      INFO  main            d.u.i.k.p.r.p.TestFile    ... finished proof: closed. 
75389      DEBUG main            d.u.i.k.s.TermLabelSettings TermLabelSettings: Failure while reading the setting "UseOriginLabels".Using the default value: true.The string read was: null 
75389      INFO  main            d.u.i.k.p.r.p.TestFile    Now processing file /home/runner/work/key/key/key.core/../key.ui/examples/InformationFlow/BlockContracts/contract.IFEfficiencyExamples(contract.IFEfficiencyExamples__mWithBlockContract()).Non-interference contract.0.key 
75389      DEBUG main            d.u.i.k.p.i.KeYFile       Reading KeY file /home/runner/work/key/key/key.core/../key.ui/examples/InformationFlow/BlockContracts/contract.IFEfficiencyExamples(contract.IFEfficiencyExamples__mWithBlockContract()).Non-interference contract.0.key 
76266      DEBUG main            d.u.i.k.j.Recoder2KeY     converting now /home/runner/work/key/key/key.core/../key.ui/examples/InformationFlow/BlockContracts/src/contract/IFBlockExamples.java 
76268      DEBUG main            d.u.i.k.j.Recoder2KeY     converting now /home/runner/work/key/key/key.core/../key.ui/examples/InformationFlow/BlockContracts/src/contract/IFEfficiencyExamples.java 
76272      DEBUG main            d.u.i.k.s.TermLabelSettings TermLabelSettings: Failure while reading the setting "UseOriginLabels".Using the default value: true.The string read was: null 
76274      DEBUG main            d.u.i.k.p.i.KeYFile       Reading KeY file file:/home/runner/work/key/key/key.core/build/resources/main/de/uka/ilkd/key/java/JavaRedux/java/lang/String.key 
78019      DEBUG main            d.u.i.k.p.i.KeYFile       Reading KeY file /home/runner/work/key/key/key.core/../key.ui/examples/InformationFlow/BlockContracts/contract.IFEfficiencyExamples(contract.IFEfficiencyExamples__mWithBlockContract()).Non-interference contract.0.key 
79201      DEBUG Thread-33       d.u.i.k.j.TypeConverter   typeconverter: (prefix this;, class class de.uka.ilkd.key.java.reference.ThisReference) 
79217      DEBUG Thread-33       d.u.i.k.j.TypeConverter   typeconverter: (prefix this;, class class de.uka.ilkd.key.java.reference.ThisReference) 
79221      DEBUG Thread-33       d.u.i.k.j.TypeConverter   typeconverter: (prefix this;, class class de.uka.ilkd.key.java.reference.ThisReference) 
79229      DEBUG Thread-33       d.u.i.k.j.TypeConverter   typeconverter: (prefix this;, class class de.uka.ilkd.key.java.reference.ThisReference) 
79234      DEBUG Thread-33       d.u.i.k.j.TypeConverter   typeconverter: (prefix this;, class class de.uka.ilkd.key.java.reference.ThisReference) 
79241      DEBUG Thread-33       d.u.i.k.j.TypeConverter   typeconverter: (prefix this;, class class de.uka.ilkd.key.java.reference.ThisReference) 
79404      DEBUG Thread-33       d.u.i.k.j.TypeConverter   typeconverter: (prefix this;, class class de.uka.ilkd.key.java.reference.ThisReference) 
79419      DEBUG Thread-33       d.u.i.k.j.TypeConverter   typeconverter: (prefix this;, class class de.uka.ilkd.key.java.reference.ThisReference) 
79423      DEBUG Thread-33       d.u.i.k.j.TypeConverter   typeconverter: (prefix this;, class class de.uka.ilkd.key.java.reference.ThisReference) 
79431      DEBUG Thread-33       d.u.i.k.j.TypeConverter   typeconverter: (prefix this;, class class de.uka.ilkd.key.java.reference.ThisReference) 
79435      DEBUG Thread-33       d.u.i.k.j.TypeConverter   typeconverter: (prefix this;, class class de.uka.ilkd.key.java.reference.ThisReference) 
79442      DEBUG Thread-33       d.u.i.k.j.TypeConverter   typeconverter: (prefix this;, class class de.uka.ilkd.key.java.reference.ThisReference) 
79572      DEBUG Thread-33       d.u.i.k.j.TypeConverter   typeconverter: (prefix this;, class class de.uka.ilkd.key.java.reference.ThisReference) 
79588      DEBUG Thread-33       d.u.i.k.j.TypeConverter   typeconverter: (prefix this;, class class de.uka.ilkd.key.java.reference.ThisReference) 
79646      DEBUG Thread-33       d.u.i.k.j.TypeConverter   typeconverter: (prefix this;, class class de.uka.ilkd.key.java.reference.ThisReference) 
79663      DEBUG Thread-33       d.u.i.k.j.TypeConverter   typeconverter: (prefix this;, class class de.uka.ilkd.key.java.reference.ThisReference) 
79699      DEBUG Thread-33       d.u.i.k.j.TypeConverter   typeconverter: (prefix this;, class class de.uka.ilkd.key.java.reference.ThisReference) 
79794      DEBUG Thread-33       d.u.i.k.j.TypeConverter   typeconverter: (prefix this;, class class de.uka.ilkd.key.java.reference.ThisReference) 
79809      DEBUG Thread-33       d.u.i.k.j.TypeConverter   typeconverter: (prefix this;, class class de.uka.ilkd.key.java.reference.ThisReference) 
79865      DEBUG Thread-33       d.u.i.k.j.TypeConverter   typeconverter: (prefix this;, class class de.uka.ilkd.key.java.reference.ThisReference) 
79881      DEBUG Thread-33       d.u.i.k.j.TypeConverter   typeconverter: (prefix this;, class class de.uka.ilkd.key.java.reference.ThisReference) 
79917      DEBUG Thread-33       d.u.i.k.j.TypeConverter   typeconverter: (prefix this;, class class de.uka.ilkd.key.java.reference.ThisReference) 
80039      DEBUG Thread-33       d.u.i.k.j.TypeConverter   typeconverter: (prefix this;, class class de.uka.ilkd.key.java.reference.ThisReference) 
80054      DEBUG Thread-33       d.u.i.k.j.TypeConverter   typeconverter: (prefix this;, class class de.uka.ilkd.key.java.reference.ThisReference) 
80106      DEBUG Thread-33       d.u.i.k.j.TypeConverter   typeconverter: (prefix this;, class class de.uka.ilkd.key.java.reference.ThisReference) 
80121      DEBUG Thread-33       d.u.i.k.j.TypeConverter   typeconverter: (prefix this;, class class de.uka.ilkd.key.java.reference.ThisReference) 
80154      DEBUG Thread-33       d.u.i.k.j.TypeConverter   typeconverter: (prefix this;, class class de.uka.ilkd.key.java.reference.ThisReference) 
80220      DEBUG Thread-33       d.u.i.k.j.TypeConverter   typeconverter: (prefix this;, class class de.uka.ilkd.key.java.reference.ThisReference) 
80234      DEBUG Thread-33       d.u.i.k.j.TypeConverter   typeconverter: (prefix this;, class class de.uka.ilkd.key.java.reference.ThisReference) 
80284      DEBUG Thread-33       d.u.i.k.j.TypeConverter   typeconverter: (prefix this;, class class de.uka.ilkd.key.java.reference.ThisReference) 
80298      DEBUG Thread-33       d.u.i.k.j.TypeConverter   typeconverter: (prefix this;, class class de.uka.ilkd.key.java.reference.ThisReference) 
80329      DEBUG Thread-33       d.u.i.k.j.TypeConverter   typeconverter: (prefix this;, class class de.uka.ilkd.key.java.reference.ThisReference) 
80380      DEBUG Thread-33       d.u.i.k.j.TypeConverter   typeconverter: (prefix this;, class class de.uka.ilkd.key.java.reference.ThisReference) 
80393      DEBUG Thread-33       d.u.i.k.j.TypeConverter   typeconverter: (prefix this;, class class de.uka.ilkd.key.java.reference.ThisReference) 
80444      DEBUG Thread-33       d.u.i.k.j.TypeConverter   typeconverter: (prefix this;, class class de.uka.ilkd.key.java.reference.ThisReference) 
80459      DEBUG Thread-33       d.u.i.k.j.TypeConverter   typeconverter: (prefix this;, class class de.uka.ilkd.key.java.reference.ThisReference) 
80510      DEBUG Thread-33       d.u.i.k.j.TypeConverter   typeconverter: (prefix this;, class class de.uka.ilkd.key.java.reference.ThisReference) 
80524      DEBUG Thread-33       d.u.i.k.j.TypeConverter   typeconverter: (prefix this;, class class de.uka.ilkd.key.java.reference.ThisReference) 
80572      DEBUG Thread-33       d.u.i.k.j.TypeConverter   typeconverter: (prefix this;, class class de.uka.ilkd.key.java.reference.ThisReference) 
80588      DEBUG Thread-33       d.u.i.k.j.TypeConverter   typeconverter: (prefix this;, class class de.uka.ilkd.key.java.reference.ThisReference) 
80628      DEBUG Thread-33       d.u.i.k.j.TypeConverter   typeconverter: (prefix this;, class class de.uka.ilkd.key.java.reference.ThisReference) 
80642      DEBUG Thread-33       d.u.i.k.j.TypeConverter   typeconverter: (prefix this;, class class de.uka.ilkd.key.java.reference.ThisReference) 
80689      DEBUG Thread-33       d.u.i.k.j.TypeConverter   typeconverter: (prefix this;, class class de.uka.ilkd.key.java.reference.ThisReference) 
80705      DEBUG Thread-33       d.u.i.k.j.TypeConverter   typeconverter: (prefix this;, class class de.uka.ilkd.key.java.reference.ThisReference) 
80743      DEBUG Thread-33       d.u.i.k.j.TypeConverter   typeconverter: (prefix this;, class class de.uka.ilkd.key.java.reference.ThisReference) 
80756      DEBUG Thread-33       d.u.i.k.j.TypeConverter   typeconverter: (prefix this;, class class de.uka.ilkd.key.java.reference.ThisReference) 
80805      DEBUG Thread-33       d.u.i.k.j.TypeConverter   typeconverter: (prefix this;, class class de.uka.ilkd.key.java.reference.ThisReference) 
80820      DEBUG Thread-33       d.u.i.k.j.TypeConverter   typeconverter: (prefix this;, class class de.uka.ilkd.key.java.reference.ThisReference) 
80928      INFO  main            d.u.i.k.p.r.p.TestFile    ... finished proof: closed. 
963145     INFO  Test worker     d.u.i.k.p.r.RunAllProofsTestUnit Returning from test BlockContracts_nomacro 
963146     INFO  Test worker     d.u.i.k.p.r.RunAllProofsTestUnit Running test MethodContracts_nomacro 
367        INFO  Timeout watchdog d.u.i.k.p.r.p.ForkedTestFileRunner Timeout watcher launched (1000 secs.) 
371        WARN  main            d.u.i.k.s.ProofSettings   The settings in /home/runner/.key/proof-settings.props are *not* read. 
402        DEBUG main            d.u.i.k.s.TermLabelSettings TermLabelSettings: Failure while reading the setting "UseOriginLabels".Using the default value: true.The string read was: null 
403        INFO  main            d.u.i.k.p.r.p.TestFile    Now processing file /home/runner/work/key/key/key.core/../key.ui/examples/InformationFlow/MethodContracts/contract.IFMethodContract(contract.IFMethodContract__secure_recursion_2((I,int)).Non-interference contract.0.key 
533        DEBUG main            d.u.i.k.p.i.KeYFile       Reading KeY file /home/runner/work/key/key/key.core/../key.ui/examples/InformationFlow/MethodContracts/contract.IFMethodContract(contract.IFMethodContract__secure_recursion_2((I,int)).Non-interference contract.0.key 
745        DEBUG main            d.u.i.k.p.i.KeYFile       Reading KeY file file:/home/runner/work/key/key/key.core/build/resources/main/de/uka/ilkd/key/proof/rules/standardRules.key 
780        DEBUG main            d.u.i.k.p.i.KeYFile       Reading KeY file file:/home/runner/work/key/key/key.core/build/resources/main/de/uka/ilkd/key/proof/rules/ldt.key 
784        DEBUG main            d.u.i.k.p.i.KeYFile       Reading KeY file file:/home/runner/work/key/key/key.core/build/resources/main/de/uka/ilkd/key/proof/rules/boolean.key 
800        DEBUG main            d.u.i.k.p.i.KeYFile       Reading KeY file file:/home/runner/work/key/key/key.core/build/resources/main/de/uka/ilkd/key/proof/rules/ruleSetsDeclarations.key 
830        DEBUG main            d.u.i.k.p.i.KeYFile       Reading KeY file file:/home/runner/work/key/key/key.core/build/resources/main/de/uka/ilkd/key/proof/rules/integerHeader.key 
836        DEBUG main            d.u.i.k.p.i.KeYFile       Reading KeY file file:/home/runner/work/key/key/key.core/build/resources/main/de/uka/ilkd/key/proof/rules/floatHeader.key 
839        DEBUG main            d.u.i.k.p.i.KeYFile       Reading KeY file file:/home/runner/work/key/key/key.core/build/resources/main/de/uka/ilkd/key/proof/rules/heap.key 
843        DEBUG main            d.u.i.k.p.i.KeYFile       Reading KeY file file:/home/runner/work/key/key/key.core/build/resources/main/de/uka/ilkd/key/proof/rules/locSets.key 
843        DEBUG main            d.u.i.k.p.i.KeYFile       Reading KeY file file:/home/runner/work/key/key/key.core/build/resources/main/de/uka/ilkd/key/proof/rules/permission.key 
845        DEBUG main            d.u.i.k.p.i.KeYFile       Reading KeY file file:/home/runner/work/key/key/key.core/build/resources/main/de/uka/ilkd/key/proof/rules/reach.key 
845        DEBUG main            d.u.i.k.p.i.KeYFile       Reading KeY file file:/home/runner/work/key/key/key.core/build/resources/main/de/uka/ilkd/key/proof/rules/seq.key 
846        DEBUG main            d.u.i.k.p.i.KeYFile       Reading KeY file file:/home/runner/work/key/key/key.core/build/resources/main/de/uka/ilkd/key/proof/rules/map.key 
881        DEBUG main            d.u.i.k.p.i.KeYFile       Reading KeY file file:/home/runner/work/key/key/key.core/build/resources/main/de/uka/ilkd/key/proof/rules/freeADT.key 
882        DEBUG main            d.u.i.k.p.i.KeYFile       Reading KeY file file:/home/runner/work/key/key/key.core/build/resources/main/de/uka/ilkd/key/proof/rules/wellfound.key 
883        DEBUG main            d.u.i.k.p.i.KeYFile       Reading KeY file file:/home/runner/work/key/key/key.core/build/resources/main/de/uka/ilkd/key/proof/rules/charListHeader.key 
1013       DEBUG main            d.u.i.k.p.i.KeYFile       Reading KeY file file:/home/runner/work/key/key/key.core/build/resources/main/de/uka/ilkd/key/proof/rules/propRule.key 
1038       DEBUG main            d.u.i.k.p.i.KeYFile       Reading KeY file file:/home/runner/work/key/key/key.core/build/resources/main/de/uka/ilkd/key/proof/rules/firstOrderRules.key 
1066       DEBUG main            d.u.i.k.p.i.KeYFile       Reading KeY file file:/home/runner/work/key/key/key.core/build/resources/main/de/uka/ilkd/key/proof/rules/ifThenElseRules.key 
1124       DEBUG main            d.u.i.k.p.i.KeYFile       Reading KeY file file:/home/runner/work/key/key/key.core/build/resources/main/de/uka/ilkd/key/proof/rules/formulaNormalisationRules.key 
1278       DEBUG main            d.u.i.k.p.i.KeYFile       Reading KeY file file:/home/runner/work/key/key/key.core/build/resources/main/de/uka/ilkd/key/proof/rules/updateRules.key 
1321       DEBUG main            d.u.i.k.p.i.KeYFile       Reading KeY file file:/home/runner/work/key/key/key.core/build/resources/main/de/uka/ilkd/key/proof/rules/integerRulesCommon.key 
1438       DEBUG main            d.u.i.k.p.i.KeYFile       Reading KeY file file:/home/runner/work/key/key/key.core/build/resources/main/de/uka/ilkd/key/proof/rules/intRules.key 
1484       DEBUG main            d.u.i.k.p.i.KeYFile       Reading KeY file file:/home/runner/work/key/key/key.core/build/resources/main/de/uka/ilkd/key/proof/rules/intRulesUncheckedSemantics.key 
1493       DEBUG main            d.u.i.k.p.i.KeYFile       Reading KeY file file:/home/runner/work/key/key/key.core/build/resources/main/de/uka/ilkd/key/proof/rules/intRulesCheckedSemantics.key 
1508       DEBUG main            d.u.i.k.p.i.KeYFile       Reading KeY file file:/home/runner/work/key/key/key.core/build/resources/main/de/uka/ilkd/key/proof/rules/intRulesJavaSemantics.key 
1532       DEBUG main            d.u.i.k.p.i.KeYFile       Reading KeY file file:/home/runner/work/key/key/key.core/build/resources/main/de/uka/ilkd/key/proof/rules/integerSimplificationRules.key 
1729       DEBUG main            d.u.i.k.j.TypeConverter   No LDT found for Meta 
1730       DEBUG main            d.u.i.k.j.TypeConverter   No LDT found for Meta 
1733       DEBUG main            d.u.i.k.j.TypeConverter   No LDT found for Meta 
1733       DEBUG main            d.u.i.k.j.TypeConverter   No LDT found for Meta 
1759       DEBUG main            d.u.i.k.p.i.KeYFile       Reading KeY file file:/home/runner/work/key/key/key.core/build/resources/main/de/uka/ilkd/key/proof/rules/intDiv.key 
1823       DEBUG main            d.u.i.k.p.i.KeYFile       Reading KeY file file:/home/runner/work/key/key/key.core/build/resources/main/de/uka/ilkd/key/proof/rules/bsum.key 
1955       DEBUG main            d.u.i.k.p.i.KeYFile       Reading KeY file file:/home/runner/work/key/key/key.core/build/resources/main/de/uka/ilkd/key/proof/rules/bprod.key 
2038       DEBUG main            d.u.i.k.p.i.KeYFile       Reading KeY file file:/home/runner/work/key/key/key.core/build/resources/main/de/uka/ilkd/key/proof/rules/binaryAxioms.key 
2044       DEBUG main            d.u.i.k.p.i.KeYFile       Reading KeY file file:/home/runner/work/key/key/key.core/build/resources/main/de/uka/ilkd/key/proof/rules/binaryLemmas.key 
2055       DEBUG main            d.u.i.k.p.i.KeYFile       Reading KeY file file:/home/runner/work/key/key/key.core/build/resources/main/de/uka/ilkd/key/proof/rules/intPow.key 
2078       DEBUG main            d.u.i.k.p.i.KeYFile       Reading KeY file file:/home/runner/work/key/key/key.core/build/resources/main/de/uka/ilkd/key/proof/rules/floatRulesCommon.key 
2104       DEBUG main            d.u.i.k.p.i.KeYFile       Reading KeY file file:/home/runner/work/key/key/key.core/build/resources/main/de/uka/ilkd/key/proof/rules/floatRules.key 
2106       DEBUG main            d.u.i.k.p.i.KeYFile       Reading KeY file file:/home/runner/work/key/key/key.core/build/resources/main/de/uka/ilkd/key/proof/rules/floatRulesVerifyNormal.key 
2107       DEBUG main            d.u.i.k.p.i.KeYFile       Reading KeY file file:/home/runner/work/key/key/key.core/build/resources/main/de/uka/ilkd/key/proof/rules/floatRulesAssumeStrictfp.key 
2141       DEBUG main            d.u.i.k.p.i.KeYFile       Reading KeY file file:/home/runner/work/key/key/key.core/build/resources/main/de/uka/ilkd/key/proof/rules/genericRules.key 
2157       DEBUG main            d.u.i.k.p.i.KeYFile       Reading KeY file file:/home/runner/work/key/key/key.core/build/resources/main/de/uka/ilkd/key/proof/rules/booleanRules.key 
2161       DEBUG main            d.u.i.k.p.i.KeYFile       Reading KeY file file:/home/runner/work/key/key/key.core/build/resources/main/de/uka/ilkd/key/proof/rules/epsilon.key 
2165       DEBUG main            d.u.i.k.p.i.KeYFile       Reading KeY file file:/home/runner/work/key/key/key.core/build/resources/main/de/uka/ilkd/key/proof/rules/locSetsRules.key 
2216       DEBUG main            d.u.i.k.p.i.KeYFile       Reading KeY file file:/home/runner/work/key/key/key.core/build/resources/main/de/uka/ilkd/key/proof/rules/heapRules.key 
2291       DEBUG main            d.u.i.k.p.i.KeYFile       Reading KeY file file:/home/runner/work/key/key/key.core/build/resources/main/de/uka/ilkd/key/proof/rules/permissionRules.key 
2309       DEBUG main            d.u.i.k.p.i.KeYFile       Reading KeY file file:/home/runner/work/key/key/key.core/build/resources/main/de/uka/ilkd/key/proof/rules/reachRules.key 
2335       DEBUG main            d.u.i.k.p.i.KeYFile       Reading KeY file file:/home/runner/work/key/key/key.core/build/resources/main/de/uka/ilkd/key/proof/rules/seqCoreRules.key 
2338       DEBUG main            d.u.i.k.p.i.KeYFile       Reading KeY file file:/home/runner/work/key/key/key.core/build/resources/main/de/uka/ilkd/key/proof/rules/seqRules.key 
2399       DEBUG main            d.u.i.k.p.i.KeYFile       Reading KeY file file:/home/runner/work/key/key/key.core/build/resources/main/de/uka/ilkd/key/proof/rules/seqPerm.key 
2426       DEBUG main            d.u.i.k.p.i.KeYFile       Reading KeY file file:/home/runner/work/key/key/key.core/build/resources/main/de/uka/ilkd/key/proof/rules/seqPerm2.key 
2431       DEBUG main            d.u.i.k.p.i.KeYFile       Reading KeY file file:/home/runner/work/key/key/key.core/build/resources/main/de/uka/ilkd/key/proof/rules/javaRules.key 
2508       DEBUG main            d.u.i.k.p.i.KeYFile       Reading KeY file file:/home/runner/work/key/key/key.core/build/resources/main/de/uka/ilkd/key/proof/rules/assertions.key 
3044       DEBUG main            d.u.i.k.p.i.KeYFile       Reading KeY file file:/home/runner/work/key/key/key.core/build/resources/main/de/uka/ilkd/key/proof/rules/loopRules.key 
3052       DEBUG main            d.u.i.k.p.i.KeYFile       Reading KeY file file:/home/runner/work/key/key/key.core/build/resources/main/de/uka/ilkd/key/proof/rules/activeUse.key 
3105       DEBUG main            d.u.i.k.p.i.KeYFile       Reading KeY file file:/home/runner/work/key/key/key.core/build/resources/main/de/uka/ilkd/key/proof/rules/instanceAllocation.key 
3123       DEBUG main            d.u.i.k.p.i.KeYFile       Reading KeY file file:/home/runner/work/key/key/key.core/build/resources/main/de/uka/ilkd/key/proof/rules/java5.key 
3127       DEBUG main            d.u.i.k.p.i.KeYFile       Reading KeY file file:/home/runner/work/key/key/key.core/build/resources/main/de/uka/ilkd/key/proof/rules/integerAssignment2UpdateRules.key 
3188       DEBUG main            d.u.i.k.p.i.KeYFile       Reading KeY file file:/home/runner/work/key/key/key.core/build/resources/main/de/uka/ilkd/key/proof/rules/floatAssignment2UpdateRules.key 
3211       DEBUG main            d.u.i.k.p.i.KeYFile       Reading KeY file file:/home/runner/work/key/key/key.core/build/resources/main/de/uka/ilkd/key/proof/rules/bigint.key 
3227       DEBUG main            d.u.i.k.j.TypeConverter   No LDT found for JavaBigintExpression 
3235       DEBUG main            d.u.i.k.p.i.KeYFile       Reading KeY file file:/home/runner/work/key/key/key.core/build/resources/main/de/uka/ilkd/key/proof/rules/adtProgramDecompositionRules.key 
3254       DEBUG main            d.u.i.k.p.i.KeYFile       Reading KeY file file:/home/runner/work/key/key/key.core/build/resources/main/de/uka/ilkd/key/proof/rules/precRules.key 
3257       DEBUG main            d.u.i.k.p.i.KeYFile       Reading KeY file file:/home/runner/work/key/key/key.core/build/resources/main/de/uka/ilkd/key/proof/rules/charListRules.key 
3272       DEBUG main            d.u.i.k.p.i.KeYFile       Reading KeY file file:/home/runner/work/key/key/key.core/build/resources/main/de/uka/ilkd/key/proof/rules/regExTheory.key 
3274       DEBUG main            d.u.i.k.p.i.KeYFile       Reading KeY file file:/home/runner/work/key/key/key.core/build/resources/main/de/uka/ilkd/key/proof/rules/regExHeader.key 
3275       DEBUG main            d.u.i.k.p.i.KeYFile       Reading KeY file file:/home/runner/work/key/key/key.core/build/resources/main/de/uka/ilkd/key/proof/rules/regExAxioms.key 
3279       DEBUG main            d.u.i.k.p.i.KeYFile       Reading KeY file file:/home/runner/work/key/key/key.core/build/resources/main/de/uka/ilkd/key/proof/rules/regExLemmaProven.key 
3285       DEBUG main            d.u.i.k.p.i.KeYFile       Reading KeY file file:/home/runner/work/key/key/key.core/build/resources/main/de/uka/ilkd/key/proof/rules/seqEq.key 
3293       DEBUG main            d.u.i.k.p.i.KeYFile       Reading KeY file file:/home/runner/work/key/key/key.core/build/resources/main/de/uka/ilkd/key/proof/rules/infFlow.key 
3301       DEBUG main            d.u.i.k.p.i.KeYFile       Reading KeY file file:/home/runner/work/key/key/key.core/build/resources/main/de/uka/ilkd/key/proof/rules/mapSize.key 
3304       DEBUG main            d.u.i.k.p.i.KeYFile       Reading KeY file file:/home/runner/work/key/key/key.core/build/resources/main/de/uka/ilkd/key/proof/rules/wd.key 
3308       DEBUG main            d.u.i.k.p.i.KeYFile       Reading KeY file file:/home/runner/work/key/key/key.core/build/resources/main/de/uka/ilkd/key/proof/rules/wdHeader.key 
3309       DEBUG main            d.u.i.k.p.i.KeYFile       Reading KeY file file:/home/runner/work/key/key/key.core/build/resources/main/de/uka/ilkd/key/proof/rules/wdGeneralRules.key 
3315       DEBUG main            d.u.i.k.p.i.KeYFile       Reading KeY file file:/home/runner/work/key/key/key.core/build/resources/main/de/uka/ilkd/key/proof/rules/wdNumericalRules.key 
3335       DEBUG main            d.u.i.k.p.i.KeYFile       Reading KeY file file:/home/runner/work/key/key/key.core/build/resources/main/de/uka/ilkd/key/proof/rules/wdLocSetRules.key 
3340       DEBUG main            d.u.i.k.p.i.KeYFile       Reading KeY file file:/home/runner/work/key/key/key.core/build/resources/main/de/uka/ilkd/key/proof/rules/wdHeapRules.key 
3344       DEBUG main            d.u.i.k.p.i.KeYFile       Reading KeY file file:/home/runner/work/key/key/key.core/build/resources/main/de/uka/ilkd/key/proof/rules/wdReachRules.key 
3345       DEBUG main            d.u.i.k.p.i.KeYFile       Reading KeY file file:/home/runner/work/key/key/key.core/build/resources/main/de/uka/ilkd/key/proof/rules/wdSeqRules.key 
3348       DEBUG main            d.u.i.k.p.i.KeYFile       Reading KeY file file:/home/runner/work/key/key/key.core/build/resources/main/de/uka/ilkd/key/proof/rules/wdStringRules.key 
3352       DEBUG main            d.u.i.k.p.i.KeYFile       Reading KeY file file:/home/runner/work/key/key/key.core/build/resources/main/de/uka/ilkd/key/proof/rules/wdRegExRules.key 
3353       DEBUG main            d.u.i.k.p.i.KeYFile       Reading KeY file file:/home/runner/work/key/key/key.core/build/resources/main/de/uka/ilkd/key/proof/rules/wdFormulaRules.key 
3397       DEBUG main            d.u.i.k.p.i.KeYFile       Reading KeY file file:/home/runner/work/key/key/key.core/build/resources/main/de/uka/ilkd/key/proof/rules/loopInvariantRules.key 
3400       DEBUG main            d.u.i.k.p.i.KeYFile       Reading KeY file file:/home/runner/work/key/key/key.core/build/resources/main/de/uka/ilkd/key/proof/rules/forLoopRules.key 
3403       DEBUG main            d.u.i.k.p.i.KeYFile       Reading KeY file file:/home/runner/work/key/key/key.core/build/resources/main/de/uka/ilkd/key/proof/rules/execRules.key 
3478       DEBUG main            d.u.i.k.p.i.KeYFile       Reading KeY file file:/home/runner/work/key/key/key.core/build/resources/main/de/uka/ilkd/key/proof/rules/loopScopeRules.key 
5758       DEBUG main            d.u.i.k.j.Recoder2KeY     converting now /home/runner/work/key/key/key.core/../key.ui/examples/InformationFlow/MethodContracts/src/contract/IFMethodContract.java 
5792       DEBUG main            d.u.i.k.s.TermLabelSettings TermLabelSettings: Failure while reading the setting "UseOriginLabels".Using the default value: true.The string read was: null 
5801       DEBUG main            d.u.i.k.p.i.KeYFile       Reading KeY file file:/home/runner/work/key/key/key.core/build/resources/main/de/uka/ilkd/key/java/JavaRedux/java/lang/String.key 
8149       DEBUG main            d.u.i.k.p.i.KeYFile       Reading KeY file /home/runner/work/key/key/key.core/../key.ui/examples/InformationFlow/MethodContracts/contract.IFMethodContract(contract.IFMethodContract__secure_recursion_2((I,int)).Non-interference contract.0.key 
10430      DEBUG Thread-1        d.u.i.k.j.TypeConverter   typeconverter: (prefix this;, class class de.uka.ilkd.key.java.reference.ThisReference) 
11159      DEBUG Thread-1        d.u.i.k.j.TypeConverter   typeconverter: (prefix this;, class class de.uka.ilkd.key.java.reference.ThisReference) 
11751      DEBUG Thread-1        d.u.i.k.j.TypeConverter   typeconverter: (prefix this;, class class de.uka.ilkd.key.java.reference.ThisReference) 
12513      INFO  main            d.u.i.k.p.r.p.TestFile    ... finished proof: closed. 
12712      DEBUG main            d.u.i.k.s.TermLabelSettings TermLabelSettings: Failure while reading the setting "UseOriginLabels".Using the default value: true.The string read was: null 
12714      INFO  main            d.u.i.k.p.r.p.TestFile    Now processing file /home/runner/work/key/key/key.core/../key.ui/examples/InformationFlow/MethodContracts/contract.IFMethodContract(contract.IFMethodContract__secure_recursion(int)).Non-interference contract.0.key 
12716      DEBUG main            d.u.i.k.p.i.KeYFile       Reading KeY file /home/runner/work/key/key/key.core/../key.ui/examples/InformationFlow/MethodContracts/contract.IFMethodContract(contract.IFMethodContract__secure_recursion(int)).Non-interference contract.0.key 
13664      DEBUG main            d.u.i.k.j.Recoder2KeY     converting now /home/runner/work/key/key/key.core/../key.ui/examples/InformationFlow/MethodContracts/src/contract/IFMethodContract.java 
13674      DEBUG main            d.u.i.k.s.TermLabelSettings TermLabelSettings: Failure while reading the setting "UseOriginLabels".Using the default value: true.The string read was: null 
13676      DEBUG main            d.u.i.k.p.i.KeYFile       Reading KeY file file:/home/runner/work/key/key/key.core/build/resources/main/de/uka/ilkd/key/java/JavaRedux/java/lang/String.key 
15425      DEBUG main            d.u.i.k.p.i.KeYFile       Reading KeY file /home/runner/work/key/key/key.core/../key.ui/examples/InformationFlow/MethodContracts/contract.IFMethodContract(contract.IFMethodContract__secure_recursion(int)).Non-interference contract.0.key 
15619      DEBUG Thread-3        d.u.i.k.j.TypeConverter   typeconverter: (prefix this;, class class de.uka.ilkd.key.java.reference.ThisReference) 
15657      DEBUG Thread-3        d.u.i.k.j.TypeConverter   typeconverter: (prefix this;, class class de.uka.ilkd.key.java.reference.ThisReference) 
15753      DEBUG Thread-3        d.u.i.k.j.TypeConverter   typeconverter: (prefix this;, class class de.uka.ilkd.key.java.reference.ThisReference) 
15775      DEBUG Thread-3        d.u.i.k.j.TypeConverter   typeconverter: (prefix this;, class class de.uka.ilkd.key.java.reference.ThisReference) 
15928      INFO  main            d.u.i.k.p.r.p.TestFile    ... finished proof: closed. 
16125      DEBUG main            d.u.i.k.s.TermLabelSettings TermLabelSettings: Failure while reading the setting "UseOriginLabels".Using the default value: true.The string read was: null 
16125      INFO  main            d.u.i.k.p.r.p.TestFile    Now processing file /home/runner/work/key/key/key.core/../key.ui/examples/InformationFlow/MethodContracts/contract.IFMethodContract(contract.IFMethodContract__secure_catch_exception()).Non-interference contract.0.key 
16126      DEBUG main            d.u.i.k.p.i.KeYFile       Reading KeY file /home/runner/work/key/key/key.core/../key.ui/examples/InformationFlow/MethodContracts/contract.IFMethodContract(contract.IFMethodContract__secure_catch_exception()).Non-interference contract.0.key 
17050      DEBUG main            d.u.i.k.j.Recoder2KeY     converting now /home/runner/work/key/key/key.core/../key.ui/examples/InformationFlow/MethodContracts/src/contract/IFMethodContract.java 
17063      DEBUG main            d.u.i.k.s.TermLabelSettings TermLabelSettings: Failure while reading the setting "UseOriginLabels".Using the default value: true.The string read was: null 
17065      DEBUG main            d.u.i.k.p.i.KeYFile       Reading KeY file file:/home/runner/work/key/key/key.core/build/resources/main/de/uka/ilkd/key/java/JavaRedux/java/lang/String.key 
18872      DEBUG main            d.u.i.k.p.i.KeYFile       Reading KeY file /home/runner/work/key/key/key.core/../key.ui/examples/InformationFlow/MethodContracts/contract.IFMethodContract(contract.IFMethodContract__secure_catch_exception()).Non-interference contract.0.key 
18912      DEBUG Thread-5        d.u.i.k.r.m.MethodCall    method-call: called for n7(); 
18913      DEBUG Thread-5        d.u.i.k.r.m.MethodCall    method-call: invocation of non-private instance method detected.Requires dynamic resolving. 
19023      DEBUG Thread-5        d.u.i.k.j.TypeConverter   typeconverter: (prefix this;, class class de.uka.ilkd.key.java.reference.ThisReference) 
19048      DEBUG Thread-5        d.u.i.k.r.m.MethodCall    method-call: called for n7(); 
19049      DEBUG Thread-5        d.u.i.k.r.m.MethodCall    method-call: invocation of non-private instance method detected.Requires dynamic resolving. 
19189      DEBUG Thread-5        d.u.i.k.j.TypeConverter   typeconverter: (prefix this;, class class de.uka.ilkd.key.java.reference.ThisReference) 
19276      INFO  main            d.u.i.k.p.r.p.TestFile    ... finished proof: closed. 
19411      DEBUG main            d.u.i.k.s.TermLabelSettings TermLabelSettings: Failure while reading the setting "UseOriginLabels".Using the default value: true.The string read was: null 
19411      INFO  main            d.u.i.k.p.r.p.TestFile    Now processing file /home/runner/work/key/key/key.core/../key.ui/examples/InformationFlow/MethodContracts/contract.IFMethodContract(contract.IFMethodContract__n6()).Non-interference contract.0.key 
19411      DEBUG main            d.u.i.k.p.i.KeYFile       Reading KeY file /home/runner/work/key/key/key.core/../key.ui/examples/InformationFlow/MethodContracts/contract.IFMethodContract(contract.IFMethodContract__n6()).Non-interference contract.0.key 
20304      DEBUG main            d.u.i.k.j.Recoder2KeY     converting now /home/runner/work/key/key/key.core/../key.ui/examples/InformationFlow/MethodContracts/src/contract/IFMethodContract.java 
20313      DEBUG main            d.u.i.k.s.TermLabelSettings TermLabelSettings: Failure while reading the setting "UseOriginLabels".Using the default value: true.The string read was: null 
20315      DEBUG main            d.u.i.k.p.i.KeYFile       Reading KeY file file:/home/runner/work/key/key/key.core/build/resources/main/de/uka/ilkd/key/java/JavaRedux/java/lang/String.key 
21995      DEBUG main            d.u.i.k.p.i.KeYFile       Reading KeY file /home/runner/work/key/key/key.core/../key.ui/examples/InformationFlow/MethodContracts/contract.IFMethodContract(contract.IFMethodContract__n6()).Non-interference contract.0.key 
22041      DEBUG Thread-7        d.u.i.k.j.TypeConverter   typeconverter: (prefix this;, class class de.uka.ilkd.key.java.reference.ThisReference) 
22050      DEBUG Thread-7        d.u.i.k.j.TypeConverter   typeconverter: (prefix this;, class class de.uka.ilkd.key.java.reference.ThisReference) 
22057      DEBUG Thread-7        d.u.i.k.j.TypeConverter   typeconverter: (prefix this;, class class de.uka.ilkd.key.java.reference.ThisReference) 
22062      DEBUG Thread-7        d.u.i.k.j.TypeConverter   typeconverter: (prefix this;, class class de.uka.ilkd.key.java.reference.ThisReference) 
22070      DEBUG Thread-7        d.u.i.k.j.TypeConverter   typeconverter: (prefix this;, class class de.uka.ilkd.key.java.reference.ThisReference) 
22074      DEBUG Thread-7        d.u.i.k.j.TypeConverter   typeconverter: (prefix this;, class class de.uka.ilkd.key.java.reference.ThisReference) 
22198      INFO  main            d.u.i.k.p.r.p.TestFile    ... finished proof: closed. 
22334      DEBUG main            d.u.i.k.s.TermLabelSettings TermLabelSettings: Failure while reading the setting "UseOriginLabels".Using the default value: true.The string read was: null 
22334      INFO  main            d.u.i.k.p.r.p.TestFile    Now processing file /home/runner/work/key/key/key.core/../key.ui/examples/InformationFlow/MethodContracts/contract.IFMethodContract(contract.IFMethodContract__secure_n6()).Non-interference contract.0.key 
22334      DEBUG main            d.u.i.k.p.i.KeYFile       Reading KeY file /home/runner/work/key/key/key.core/../key.ui/examples/InformationFlow/MethodContracts/contract.IFMethodContract(contract.IFMethodContract__secure_n6()).Non-interference contract.0.key 
23167      DEBUG main            d.u.i.k.j.Recoder2KeY     converting now /home/runner/work/key/key/key.core/../key.ui/examples/InformationFlow/MethodContracts/src/contract/IFMethodContract.java 
23174      DEBUG main            d.u.i.k.s.TermLabelSettings TermLabelSettings: Failure while reading the setting "UseOriginLabels".Using the default value: true.The string read was: null 
23176      DEBUG main            d.u.i.k.p.i.KeYFile       Reading KeY file file:/home/runner/work/key/key/key.core/build/resources/main/de/uka/ilkd/key/java/JavaRedux/java/lang/String.key 
24901      DEBUG main            d.u.i.k.p.i.KeYFile       Reading KeY file /home/runner/work/key/key/key.core/../key.ui/examples/InformationFlow/MethodContracts/contract.IFMethodContract(contract.IFMethodContract__secure_n6()).Non-interference contract.0.key 
25107      INFO  main            d.u.i.k.p.r.p.TestFile    ... finished proof: closed. 
25301      DEBUG main            d.u.i.k.s.TermLabelSettings TermLabelSettings: Failure while reading the setting "UseOriginLabels".Using the default value: true.The string read was: null 
25301      INFO  main            d.u.i.k.p.r.p.TestFile    Now processing file /home/runner/work/key/key/key.core/../key.ui/examples/InformationFlow/MethodContracts/contract.IFMethodContract(contract.IFMethodContract__secure_array_param((I,int)).Non-interference contract.0.key 
25302      DEBUG main            d.u.i.k.p.i.KeYFile       Reading KeY file /home/runner/work/key/key/key.core/../key.ui/examples/InformationFlow/MethodContracts/contract.IFMethodContract(contract.IFMethodContract__secure_array_param((I,int)).Non-interference contract.0.key 
26098      DEBUG main            d.u.i.k.j.Recoder2KeY     converting now /home/runner/work/key/key/key.core/../key.ui/examples/InformationFlow/MethodContracts/src/contract/IFMethodContract.java 
26106      DEBUG main            d.u.i.k.s.TermLabelSettings TermLabelSettings: Failure while reading the setting "UseOriginLabels".Using the default value: true.The string read was: null 
26108      DEBUG main            d.u.i.k.p.i.KeYFile       Reading KeY file file:/home/runner/work/key/key/key.core/build/resources/main/de/uka/ilkd/key/java/JavaRedux/java/lang/String.key 
27813      DEBUG main            d.u.i.k.p.i.KeYFile       Reading KeY file /home/runner/work/key/key/key.core/../key.ui/examples/InformationFlow/MethodContracts/contract.IFMethodContract(contract.IFMethodContract__secure_array_param((I,int)).Non-interference contract.0.key 
29627      INFO  main            d.u.i.k.p.r.p.TestFile    ... finished proof: closed. 
29775      DEBUG main            d.u.i.k.s.TermLabelSettings TermLabelSettings: Failure while reading the setting "UseOriginLabels".Using the default value: true.The string read was: null 
29775      INFO  main            d.u.i.k.p.r.p.TestFile    Now processing file /home/runner/work/key/key/key.core/../key.ui/examples/InformationFlow/MethodContracts/contract.IFMethodContract(contract.IFMethodContract__secure_assignment_0_n9()).Non-interference contract.0.key 
29775      DEBUG main            d.u.i.k.p.i.KeYFile       Reading KeY file /home/runner/work/key/key/key.core/../key.ui/examples/InformationFlow/MethodContracts/contract.IFMethodContract(contract.IFMethodContract__secure_assignment_0_n9()).Non-interference contract.0.key 
30608      DEBUG main            d.u.i.k.j.Recoder2KeY     converting now /home/runner/work/key/key/key.core/../key.ui/examples/InformationFlow/MethodContracts/src/contract/IFMethodContract.java 
30625      DEBUG main            d.u.i.k.s.TermLabelSettings TermLabelSettings: Failure while reading the setting "UseOriginLabels".Using the default value: true.The string read was: null 
30626      DEBUG main            d.u.i.k.p.i.KeYFile       Reading KeY file file:/home/runner/work/key/key/key.core/build/resources/main/de/uka/ilkd/key/java/JavaRedux/java/lang/String.key 
32327      DEBUG main            d.u.i.k.p.i.KeYFile       Reading KeY file /home/runner/work/key/key/key.core/../key.ui/examples/InformationFlow/MethodContracts/contract.IFMethodContract(contract.IFMethodContract__secure_assignment_0_n9()).Non-interference contract.0.key 
32357      DEBUG Thread-13       d.u.i.k.j.TypeConverter   typeconverter: (prefix this;, class class de.uka.ilkd.key.java.reference.ThisReference) 
32362      DEBUG Thread-13       d.u.i.k.j.TypeConverter   typeconverter: (prefix this;, class class de.uka.ilkd.key.java.reference.ThisReference) 
32631      INFO  main            d.u.i.k.p.r.p.TestFile    ... finished proof: closed. 
32813      DEBUG main            d.u.i.k.s.TermLabelSettings TermLabelSettings: Failure while reading the setting "UseOriginLabels".Using the default value: true.The string read was: null 
32813      INFO  main            d.u.i.k.p.r.p.TestFile    Now processing file /home/runner/work/key/key/key.core/../key.ui/examples/InformationFlow/MethodContracts/contract.IFMethodContract(contract.IFMethodContract__insecure_if_high_n5_n1()).Non-interference contract.0.key 
32814      DEBUG main            d.u.i.k.p.i.KeYFile       Reading KeY file /home/runner/work/key/key/key.core/../key.ui/examples/InformationFlow/MethodContracts/contract.IFMethodContract(contract.IFMethodContract__insecure_if_high_n5_n1()).Non-interference contract.0.key 
33653      DEBUG main            d.u.i.k.j.Recoder2KeY     converting now /home/runner/work/key/key/key.core/../key.ui/examples/InformationFlow/MethodContracts/src/contract/IFMethodContract.java 
33661      DEBUG main            d.u.i.k.s.TermLabelSettings TermLabelSettings: Failure while reading the setting "UseOriginLabels".Using the default value: true.The string read was: null 
33662      DEBUG main            d.u.i.k.p.i.KeYFile       Reading KeY file file:/home/runner/work/key/key/key.core/build/resources/main/de/uka/ilkd/key/java/JavaRedux/java/lang/String.key 
35345      DEBUG main            d.u.i.k.p.i.KeYFile       Reading KeY file /home/runner/work/key/key/key.core/../key.ui/examples/InformationFlow/MethodContracts/contract.IFMethodContract(contract.IFMethodContract__insecure_if_high_n5_n1()).Non-interference contract.0.key 
35383      DEBUG Thread-15       d.u.i.k.j.TypeConverter   typeconverter: (prefix this;, class class de.uka.ilkd.key.java.reference.ThisReference) 
35398      DEBUG Thread-15       d.u.i.k.j.TypeConverter   typeconverter: (prefix this;, class class de.uka.ilkd.key.java.reference.ThisReference) 
35413      DEBUG Thread-15       d.u.i.k.j.TypeConverter   typeconverter: (prefix this;, class class de.uka.ilkd.key.java.reference.ThisReference) 
35480      DEBUG Thread-15       d.u.i.k.j.TypeConverter   typeconverter: (prefix this;, class class de.uka.ilkd.key.java.reference.ThisReference) 
35553      DEBUG Thread-15       d.u.i.k.j.TypeConverter   typeconverter: (prefix this;, class class de.uka.ilkd.key.java.reference.ThisReference) 
35560      DEBUG Thread-15       d.u.i.k.j.TypeConverter   typeconverter: (prefix this;, class class de.uka.ilkd.key.java.reference.ThisReference) 
35724      DEBUG Thread-15       d.u.i.k.j.TypeConverter   typeconverter: (prefix this;, class class de.uka.ilkd.key.java.reference.ThisReference) 
35747      DEBUG Thread-15       d.u.i.k.j.TypeConverter   typeconverter: (prefix this;, class class de.uka.ilkd.key.java.reference.ThisReference) 
35810      DEBUG Thread-15       d.u.i.k.j.TypeConverter   typeconverter: (prefix this;, class class de.uka.ilkd.key.java.reference.ThisReference) 
35932      DEBUG Thread-15       d.u.i.k.j.TypeConverter   typeconverter: (prefix this;, class class de.uka.ilkd.key.java.reference.ThisReference) 
35942      DEBUG Thread-15       d.u.i.k.j.TypeConverter   typeconverter: (prefix this;, class class de.uka.ilkd.key.java.reference.ThisReference) 
36159      INFO  main            d.u.i.k.p.r.p.TestFile    ... finished proof: open goal(s) 
36334      DEBUG main            d.u.i.k.s.TermLabelSettings TermLabelSettings: Failure while reading the setting "UseOriginLabels".Using the default value: true.The string read was: null 
36335      INFO  main            d.u.i.k.p.r.p.TestFile    Now processing file /home/runner/work/key/key/key.core/../key.ui/examples/InformationFlow/MethodContracts/contract.IFMethodContract(contract.IFMethodContract__n5(int)).Non-interference contract.0.key 
36335      DEBUG main            d.u.i.k.p.i.KeYFile       Reading KeY file /home/runner/work/key/key/key.core/../key.ui/examples/InformationFlow/MethodContracts/contract.IFMethodContract(contract.IFMethodContract__n5(int)).Non-interference contract.0.key 
37142      DEBUG main            d.u.i.k.j.Recoder2KeY     converting now /home/runner/work/key/key/key.core/../key.ui/examples/InformationFlow/MethodContracts/src/contract/IFMethodContract.java 
37148      DEBUG main            d.u.i.k.s.TermLabelSettings TermLabelSettings: Failure while reading the setting "UseOriginLabels".Using the default value: true.The string read was: null 
37149      DEBUG main            d.u.i.k.p.i.KeYFile       Reading KeY file file:/home/runner/work/key/key/key.core/build/resources/main/de/uka/ilkd/key/java/JavaRedux/java/lang/String.key 
38834      DEBUG main            d.u.i.k.p.i.KeYFile       Reading KeY file /home/runner/work/key/key/key.core/../key.ui/examples/InformationFlow/MethodContracts/contract.IFMethodContract(contract.IFMethodContract__n5(int)).Non-interference contract.0.key 
38880      DEBUG Thread-17       d.u.i.k.j.TypeConverter   typeconverter: (prefix this;, class class de.uka.ilkd.key.java.reference.ThisReference) 
38889      DEBUG Thread-17       d.u.i.k.j.TypeConverter   typeconverter: (prefix this;, class class de.uka.ilkd.key.java.reference.ThisReference) 
38936      INFO  main            d.u.i.k.p.r.p.TestFile    ... finished proof: closed. 
39095      DEBUG main            d.u.i.k.s.TermLabelSettings TermLabelSettings: Failure while reading the setting "UseOriginLabels".Using the default value: true.The string read was: null 
39095      INFO  main            d.u.i.k.p.r.p.TestFile    Now processing file /home/runner/work/key/key/key.core/../key.ui/examples/InformationFlow/MethodContracts/contract.IFMethodContract(contract.IFMethodContract__secure_if_high_n5_n1()).Non-interference contract.0.key 
39096      DEBUG main            d.u.i.k.p.i.KeYFile       Reading KeY file /home/runner/work/key/key/key.core/../key.ui/examples/InformationFlow/MethodContracts/contract.IFMethodContract(contract.IFMethodContract__secure_if_high_n5_n1()).Non-interference contract.0.key 
39878      DEBUG main            d.u.i.k.j.Recoder2KeY     converting now /home/runner/work/key/key/key.core/../key.ui/examples/InformationFlow/MethodContracts/src/contract/IFMethodContract.java 
39884      DEBUG main            d.u.i.k.s.TermLabelSettings TermLabelSettings: Failure while reading the setting "UseOriginLabels".Using the default value: true.The string read was: null 
39885      DEBUG main            d.u.i.k.p.i.KeYFile       Reading KeY file file:/home/runner/work/key/key/key.core/build/resources/main/de/uka/ilkd/key/java/JavaRedux/java/lang/String.key 
41566      DEBUG main            d.u.i.k.p.i.KeYFile       Reading KeY file /home/runner/work/key/key/key.core/../key.ui/examples/InformationFlow/MethodContracts/contract.IFMethodContract(contract.IFMethodContract__secure_if_high_n5_n1()).Non-interference contract.0.key 
41602      DEBUG Thread-19       d.u.i.k.j.TypeConverter   typeconverter: (prefix this;, class class de.uka.ilkd.key.java.reference.ThisReference) 
41620      DEBUG Thread-19       d.u.i.k.j.TypeConverter   typeconverter: (prefix this;, class class de.uka.ilkd.key.java.reference.ThisReference) 
41640      DEBUG Thread-19       d.u.i.k.j.TypeConverter   typeconverter: (prefix this;, class class de.uka.ilkd.key.java.reference.ThisReference) 
41646      DEBUG Thread-19       d.u.i.k.j.TypeConverter   typeconverter: (prefix this;, class class de.uka.ilkd.key.java.reference.ThisReference) 
41669      DEBUG Thread-19       d.u.i.k.j.TypeConverter   typeconverter: (prefix this;, class class de.uka.ilkd.key.java.reference.ThisReference) 
41678      DEBUG Thread-19       d.u.i.k.j.TypeConverter   typeconverter: (prefix this;, class class de.uka.ilkd.key.java.reference.ThisReference) 
41726      DEBUG Thread-19       d.u.i.k.j.TypeConverter   typeconverter: (prefix this;, class class de.uka.ilkd.key.java.reference.ThisReference) 
41818      DEBUG Thread-19       d.u.i.k.j.TypeConverter   typeconverter: (prefix this;, class class de.uka.ilkd.key.java.reference.ThisReference) 
41827      DEBUG Thread-19       d.u.i.k.j.TypeConverter   typeconverter: (prefix this;, class class de.uka.ilkd.key.java.reference.ThisReference) 
41842      DEBUG Thread-19       d.u.i.k.j.TypeConverter   typeconverter: (prefix this;, class class de.uka.ilkd.key.java.reference.ThisReference) 
41852      DEBUG Thread-19       d.u.i.k.j.TypeConverter   typeconverter: (prefix this;, class class de.uka.ilkd.key.java.reference.ThisReference) 
41899      DEBUG Thread-19       d.u.i.k.j.TypeConverter   typeconverter: (prefix this;, class class de.uka.ilkd.key.java.reference.ThisReference) 
42070      DEBUG Thread-19       d.u.i.k.j.TypeConverter   typeconverter: (prefix this;, class class de.uka.ilkd.key.java.reference.ThisReference) 
42098      DEBUG Thread-19       d.u.i.k.j.TypeConverter   typeconverter: (prefix this;, class class de.uka.ilkd.key.java.reference.ThisReference) 
42260      DEBUG Thread-19       d.u.i.k.j.TypeConverter   typeconverter: (prefix this;, class class de.uka.ilkd.key.java.reference.ThisReference) 
42284      DEBUG Thread-19       d.u.i.k.j.TypeConverter   typeconverter: (prefix this;, class class de.uka.ilkd.key.java.reference.ThisReference) 
42352      DEBUG Thread-19       d.u.i.k.j.TypeConverter   typeconverter: (prefix this;, class class de.uka.ilkd.key.java.reference.ThisReference) 
42360      DEBUG Thread-19       d.u.i.k.j.TypeConverter   typeconverter: (prefix this;, class class de.uka.ilkd.key.java.reference.ThisReference) 
42383      DEBUG Thread-19       d.u.i.k.j.TypeConverter   typeconverter: (prefix this;, class class de.uka.ilkd.key.java.reference.ThisReference) 
42393      DEBUG Thread-19       d.u.i.k.j.TypeConverter   typeconverter: (prefix this;, class class de.uka.ilkd.key.java.reference.ThisReference) 
42435      DEBUG Thread-19       d.u.i.k.j.TypeConverter   typeconverter: (prefix this;, class class de.uka.ilkd.key.java.reference.ThisReference) 
42587      DEBUG Thread-19       d.u.i.k.j.TypeConverter   typeconverter: (prefix this;, class class de.uka.ilkd.key.java.reference.ThisReference) 
42595      DEBUG Thread-19       d.u.i.k.j.TypeConverter   typeconverter: (prefix this;, class class de.uka.ilkd.key.java.reference.ThisReference) 
42871      INFO  main            d.u.i.k.p.r.p.TestFile    ... finished proof: closed. 
43051      DEBUG main            d.u.i.k.s.TermLabelSettings TermLabelSettings: Failure while reading the setting "UseOriginLabels".Using the default value: true.The string read was: null 
43051      INFO  main            d.u.i.k.p.r.p.TestFile    Now processing file /home/runner/work/key/key/key.core/../key.ui/examples/InformationFlow/MethodContracts/contract.IFMethodContract(contract.IFMethodContract__secure_if_high_n1()).Non-interference contract.0.key 
43052      DEBUG main            d.u.i.k.p.i.KeYFile       Reading KeY file /home/runner/work/key/key/key.core/../key.ui/examples/InformationFlow/MethodContracts/contract.IFMethodContract(contract.IFMethodContract__secure_if_high_n1()).Non-interference contract.0.key 
43872      DEBUG main            d.u.i.k.j.Recoder2KeY     converting now /home/runner/work/key/key/key.core/../key.ui/examples/InformationFlow/MethodContracts/src/contract/IFMethodContract.java 
43878      DEBUG main            d.u.i.k.s.TermLabelSettings TermLabelSettings: Failure while reading the setting "UseOriginLabels".Using the default value: true.The string read was: null 
43879      DEBUG main            d.u.i.k.p.i.KeYFile       Reading KeY file file:/home/runner/work/key/key/key.core/build/resources/main/de/uka/ilkd/key/java/JavaRedux/java/lang/String.key 
45517      DEBUG main            d.u.i.k.p.i.KeYFile       Reading KeY file /home/runner/work/key/key/key.core/../key.ui/examples/InformationFlow/MethodContracts/contract.IFMethodContract(contract.IFMethodContract__secure_if_high_n1()).Non-interference contract.0.key 
45551      DEBUG Thread-21       d.u.i.k.j.TypeConverter   typeconverter: (prefix this;, class class de.uka.ilkd.key.java.reference.ThisReference) 
45567      DEBUG Thread-21       d.u.i.k.j.TypeConverter   typeconverter: (prefix this;, class class de.uka.ilkd.key.java.reference.ThisReference) 
45585      DEBUG Thread-21       d.u.i.k.j.TypeConverter   typeconverter: (prefix this;, class class de.uka.ilkd.key.java.reference.ThisReference) 
45593      DEBUG Thread-21       d.u.i.k.j.TypeConverter   typeconverter: (prefix this;, class class de.uka.ilkd.key.java.reference.ThisReference) 
45657      DEBUG Thread-21       d.u.i.k.j.TypeConverter   typeconverter: (prefix this;, class class de.uka.ilkd.key.java.reference.ThisReference) 
45666      DEBUG Thread-21       d.u.i.k.j.TypeConverter   typeconverter: (prefix this;, class class de.uka.ilkd.key.java.reference.ThisReference) 
45748      DEBUG Thread-21       d.u.i.k.j.TypeConverter   typeconverter: (prefix this;, class class de.uka.ilkd.key.java.reference.ThisReference) 
45774      DEBUG Thread-21       d.u.i.k.j.TypeConverter   typeconverter: (prefix this;, class class de.uka.ilkd.key.java.reference.ThisReference) 
45864      DEBUG Thread-21       d.u.i.k.j.TypeConverter   typeconverter: (prefix this;, class class de.uka.ilkd.key.java.reference.ThisReference) 
45871      DEBUG Thread-21       d.u.i.k.j.TypeConverter   typeconverter: (prefix this;, class class de.uka.ilkd.key.java.reference.ThisReference) 
45929      DEBUG Thread-21       d.u.i.k.j.TypeConverter   typeconverter: (prefix this;, class class de.uka.ilkd.key.java.reference.ThisReference) 
45940      DEBUG Thread-21       d.u.i.k.j.TypeConverter   typeconverter: (prefix this;, class class de.uka.ilkd.key.java.reference.ThisReference) 
46028      DEBUG Thread-21       d.u.i.k.j.TypeConverter   typeconverter: (prefix this;, class class de.uka.ilkd.key.java.reference.ThisReference) 
46036      DEBUG Thread-21       d.u.i.k.j.TypeConverter   typeconverter: (prefix this;, class class de.uka.ilkd.key.java.reference.ThisReference) 
46121      INFO  main            d.u.i.k.p.r.p.TestFile    ... finished proof: closed. 
46332      DEBUG main            d.u.i.k.s.TermLabelSettings TermLabelSettings: Failure while reading the setting "UseOriginLabels".Using the default value: true.The string read was: null 
46333      INFO  main            d.u.i.k.p.r.p.TestFile    Now processing file /home/runner/work/key/key/key.core/../key.ui/examples/InformationFlow/MethodContracts/contract.IFMethodContract(contract.IFMethodContract__secure_n5()).Non-interference contract.0.key 
46333      DEBUG main            d.u.i.k.p.i.KeYFile       Reading KeY file /home/runner/work/key/key/key.core/../key.ui/examples/InformationFlow/MethodContracts/contract.IFMethodContract(contract.IFMethodContract__secure_n5()).Non-interference contract.0.key 
47104      DEBUG main            d.u.i.k.j.Recoder2KeY     converting now /home/runner/work/key/key/key.core/../key.ui/examples/InformationFlow/MethodContracts/src/contract/IFMethodContract.java 
47111      DEBUG main            d.u.i.k.s.TermLabelSettings TermLabelSettings: Failure while reading the setting "UseOriginLabels".Using the default value: true.The string read was: null 
47112      DEBUG main            d.u.i.k.p.i.KeYFile       Reading KeY file file:/home/runner/work/key/key/key.core/build/resources/main/de/uka/ilkd/key/java/JavaRedux/java/lang/String.key 
48767      DEBUG main            d.u.i.k.p.i.KeYFile       Reading KeY file /home/runner/work/key/key/key.core/../key.ui/examples/InformationFlow/MethodContracts/contract.IFMethodContract(contract.IFMethodContract__secure_n5()).Non-interference contract.0.key 
48799      DEBUG Thread-23       d.u.i.k.j.TypeConverter   typeconverter: (prefix this;, class class de.uka.ilkd.key.java.reference.ThisReference) 
48808      DEBUG Thread-23       d.u.i.k.j.TypeConverter   typeconverter: (prefix this;, class class de.uka.ilkd.key.java.reference.ThisReference) 
48855      DEBUG Thread-23       d.u.i.k.j.TypeConverter   typeconverter: (prefix this;, class class de.uka.ilkd.key.java.reference.ThisReference) 
48879      DEBUG Thread-23       d.u.i.k.j.TypeConverter   typeconverter: (prefix this;, class class de.uka.ilkd.key.java.reference.ThisReference) 
48970      INFO  main            d.u.i.k.p.r.p.TestFile    ... finished proof: closed. 
49140      DEBUG main            d.u.i.k.s.TermLabelSettings TermLabelSettings: Failure while reading the setting "UseOriginLabels".Using the default value: true.The string read was: null 
49141      INFO  main            d.u.i.k.p.r.p.TestFile    Now processing file /home/runner/work/key/key/key.core/../key.ui/examples/InformationFlow/MethodContracts/contract.IFMethodContract(contract.IFMethodContract__n4()).Non-interference contract.0.key 
49141      DEBUG main            d.u.i.k.p.i.KeYFile       Reading KeY file /home/runner/work/key/key/key.core/../key.ui/examples/InformationFlow/MethodContracts/contract.IFMethodContract(contract.IFMethodContract__n4()).Non-interference contract.0.key 
49915      DEBUG main            d.u.i.k.j.Recoder2KeY     converting now /home/runner/work/key/key/key.core/../key.ui/examples/InformationFlow/MethodContracts/src/contract/IFMethodContract.java 
49921      DEBUG main            d.u.i.k.s.TermLabelSettings TermLabelSettings: Failure while reading the setting "UseOriginLabels".Using the default value: true.The string read was: null 
49922      DEBUG main            d.u.i.k.p.i.KeYFile       Reading KeY file file:/home/runner/work/key/key/key.core/build/resources/main/de/uka/ilkd/key/java/JavaRedux/java/lang/String.key 
51599      DEBUG main            d.u.i.k.p.i.KeYFile       Reading KeY file /home/runner/work/key/key/key.core/../key.ui/examples/InformationFlow/MethodContracts/contract.IFMethodContract(contract.IFMethodContract__n4()).Non-interference contract.0.key 
51658      DEBUG Thread-25       d.u.i.k.j.TypeConverter   typeconverter: (prefix this;, class class de.uka.ilkd.key.java.reference.ThisReference) 
51674      DEBUG Thread-25       d.u.i.k.j.TypeConverter   typeconverter: (prefix this;, class class de.uka.ilkd.key.java.reference.ThisReference) 
51689      DEBUG Thread-25       d.u.i.k.j.TypeConverter   typeconverter: (prefix this;, class class de.uka.ilkd.key.java.reference.ThisReference) 
51709      DEBUG Thread-25       d.u.i.k.j.TypeConverter   typeconverter: (prefix this;, class class de.uka.ilkd.key.java.reference.ThisReference) 
51803      INFO  main            d.u.i.k.p.r.p.TestFile    ... finished proof: closed. 
51956      DEBUG main            d.u.i.k.s.TermLabelSettings TermLabelSettings: Failure while reading the setting "UseOriginLabels".Using the default value: true.The string read was: null 
51956      INFO  main            d.u.i.k.p.r.p.TestFile    Now processing file /home/runner/work/key/key/key.core/../key.ui/examples/InformationFlow/MethodContracts/contract.IFMethodContract(contract.IFMethodContract__n3()).Non-interference contract.0.key 
51957      DEBUG main            d.u.i.k.p.i.KeYFile       Reading KeY file /home/runner/work/key/key/key.core/../key.ui/examples/InformationFlow/MethodContracts/contract.IFMethodContract(contract.IFMethodContract__n3()).Non-interference contract.0.key 
52722      DEBUG main            d.u.i.k.j.Recoder2KeY     converting now /home/runner/work/key/key/key.core/../key.ui/examples/InformationFlow/MethodContracts/src/contract/IFMethodContract.java 
52727      DEBUG main            d.u.i.k.s.TermLabelSettings TermLabelSettings: Failure while reading the setting "UseOriginLabels".Using the default value: true.The string read was: null 
52729      DEBUG main            d.u.i.k.p.i.KeYFile       Reading KeY file file:/home/runner/work/key/key/key.core/build/resources/main/de/uka/ilkd/key/java/JavaRedux/java/lang/String.key 
54391      DEBUG main            d.u.i.k.p.i.KeYFile       Reading KeY file /home/runner/work/key/key/key.core/../key.ui/examples/InformationFlow/MethodContracts/contract.IFMethodContract(contract.IFMethodContract__n3()).Non-interference contract.0.key 
54420      DEBUG Thread-27       d.u.i.k.j.TypeConverter   typeconverter: (prefix this;, class class de.uka.ilkd.key.java.reference.ThisReference) 
54424      DEBUG Thread-27       d.u.i.k.j.TypeConverter   typeconverter: (prefix this;, class class de.uka.ilkd.key.java.reference.ThisReference) 
54493      INFO  main            d.u.i.k.p.r.p.TestFile    ... finished proof: closed. 
54726      DEBUG main            d.u.i.k.s.TermLabelSettings TermLabelSettings: Failure while reading the setting "UseOriginLabels".Using the default value: true.The string read was: null 
54726      INFO  main            d.u.i.k.p.r.p.TestFile    Now processing file /home/runner/work/key/key/key.core/../key.ui/examples/InformationFlow/MethodContracts/contract.IFMethodContract(contract.IFMethodContract__secure_sequential_n3_precond_n4()).Non-interference contract.0.key 
54727      DEBUG main            d.u.i.k.p.i.KeYFile       Reading KeY file /home/runner/work/key/key/key.core/../key.ui/examples/InformationFlow/MethodContracts/contract.IFMethodContract(contract.IFMethodContract__secure_sequential_n3_precond_n4()).Non-interference contract.0.key 
55486      DEBUG main            d.u.i.k.j.Recoder2KeY     converting now /home/runner/work/key/key/key.core/../key.ui/examples/InformationFlow/MethodContracts/src/contract/IFMethodContract.java 
55492      DEBUG main            d.u.i.k.s.TermLabelSettings TermLabelSettings: Failure while reading the setting "UseOriginLabels".Using the default value: true.The string read was: null 
55493      DEBUG main            d.u.i.k.p.i.KeYFile       Reading KeY file file:/home/runner/work/key/key/key.core/build/resources/main/de/uka/ilkd/key/java/JavaRedux/java/lang/String.key 
57155      DEBUG main            d.u.i.k.p.i.KeYFile       Reading KeY file /home/runner/work/key/key/key.core/../key.ui/examples/InformationFlow/MethodContracts/contract.IFMethodContract(contract.IFMethodContract__secure_sequential_n3_precond_n4()).Non-interference contract.0.key 
57560      INFO  main            d.u.i.k.p.r.p.TestFile    ... finished proof: closed. 
57729      DEBUG main            d.u.i.k.s.TermLabelSettings TermLabelSettings: Failure while reading the setting "UseOriginLabels".Using the default value: true.The string read was: null 
57729      INFO  main            d.u.i.k.p.r.p.TestFile    Now processing file /home/runner/work/key/key/key.core/../key.ui/examples/InformationFlow/MethodContracts/contract.IFMethodContract(contract.IFMethodContract__insecure_assignment_n2()).Non-interference contract.0.key 
57730      DEBUG main            d.u.i.k.p.i.KeYFile       Reading KeY file /home/runner/work/key/key/key.core/../key.ui/examples/InformationFlow/MethodContracts/contract.IFMethodContract(contract.IFMethodContract__insecure_assignment_n2()).Non-interference contract.0.key 
58516      DEBUG main            d.u.i.k.j.Recoder2KeY     converting now /home/runner/work/key/key/key.core/../key.ui/examples/InformationFlow/MethodContracts/src/contract/IFMethodContract.java 
58523      DEBUG main            d.u.i.k.s.TermLabelSettings TermLabelSettings: Failure while reading the setting "UseOriginLabels".Using the default value: true.The string read was: null 
58524      DEBUG main            d.u.i.k.p.i.KeYFile       Reading KeY file file:/home/runner/work/key/key/key.core/build/resources/main/de/uka/ilkd/key/java/JavaRedux/java/lang/String.key 
60195      DEBUG main            d.u.i.k.p.i.KeYFile       Reading KeY file /home/runner/work/key/key/key.core/../key.ui/examples/InformationFlow/MethodContracts/contract.IFMethodContract(contract.IFMethodContract__insecure_assignment_n2()).Non-interference contract.0.key 
60227      DEBUG Thread-31       d.u.i.k.j.TypeConverter   typeconverter: (prefix this;, class class de.uka.ilkd.key.java.reference.ThisReference) 
60231      DEBUG Thread-31       d.u.i.k.j.TypeConverter   typeconverter: (prefix this;, class class de.uka.ilkd.key.java.reference.ThisReference) 
60241      DEBUG Thread-31       d.u.i.k.j.TypeConverter   typeconverter: (prefix this;, class class de.uka.ilkd.key.java.reference.ThisReference) 
60243      DEBUG Thread-31       d.u.i.k.j.TypeConverter   typeconverter: (prefix this;, class class de.uka.ilkd.key.java.reference.ThisReference) 
60498      INFO  main            d.u.i.k.p.r.p.TestFile    ... finished proof: open goal(s) 
60660      DEBUG main            d.u.i.k.s.TermLabelSettings TermLabelSettings: Failure while reading the setting "UseOriginLabels".Using the default value: true.The string read was: null 
60660      INFO  main            d.u.i.k.p.r.p.TestFile    Now processing file /home/runner/work/key/key/key.core/../key.ui/examples/InformationFlow/MethodContracts/contract.IFMethodContract(contract.IFMethodContract__secure_assignments_n2()).Non-interference contract.0.key 
60660      DEBUG main            d.u.i.k.p.i.KeYFile       Reading KeY file /home/runner/work/key/key/key.core/../key.ui/examples/InformationFlow/MethodContracts/contract.IFMethodContract(contract.IFMethodContract__secure_assignments_n2()).Non-interference contract.0.key 
61439      DEBUG main            d.u.i.k.j.Recoder2KeY     converting now /home/runner/work/key/key/key.core/../key.ui/examples/InformationFlow/MethodContracts/src/contract/IFMethodContract.java 
61445      DEBUG main            d.u.i.k.s.TermLabelSettings TermLabelSettings: Failure while reading the setting "UseOriginLabels".Using the default value: true.The string read was: null 
61446      DEBUG main            d.u.i.k.p.i.KeYFile       Reading KeY file file:/home/runner/work/key/key/key.core/build/resources/main/de/uka/ilkd/key/java/JavaRedux/java/lang/String.key 
63086      DEBUG main            d.u.i.k.p.i.KeYFile       Reading KeY file /home/runner/work/key/key/key.core/../key.ui/examples/InformationFlow/MethodContracts/contract.IFMethodContract(contract.IFMethodContract__secure_assignments_n2()).Non-interference contract.0.key 
63115      DEBUG Thread-33       d.u.i.k.j.TypeConverter   typeconverter: (prefix this;, class class de.uka.ilkd.key.java.reference.ThisReference) 
63123      DEBUG Thread-33       d.u.i.k.j.TypeConverter   typeconverter: (prefix this;, class class de.uka.ilkd.key.java.reference.ThisReference) 
63132      DEBUG Thread-33       d.u.i.k.j.TypeConverter   typeconverter: (prefix this;, class class de.uka.ilkd.key.java.reference.ThisReference) 
63136      DEBUG Thread-33       d.u.i.k.j.TypeConverter   typeconverter: (prefix this;, class class de.uka.ilkd.key.java.reference.ThisReference) 
63143      DEBUG Thread-33       d.u.i.k.j.TypeConverter   typeconverter: (prefix this;, class class de.uka.ilkd.key.java.reference.ThisReference) 
63148      DEBUG Thread-33       d.u.i.k.j.TypeConverter   typeconverter: (prefix this;, class class de.uka.ilkd.key.java.reference.ThisReference) 
63156      DEBUG Thread-33       d.u.i.k.j.TypeConverter   typeconverter: (prefix this;, class class de.uka.ilkd.key.java.reference.ThisReference) 
63162      DEBUG Thread-33       d.u.i.k.j.TypeConverter   typeconverter: (prefix this;, class class de.uka.ilkd.key.java.reference.ThisReference) 
63389      INFO  main            d.u.i.k.p.r.p.TestFile    ... finished proof: closed. 
63566      DEBUG main            d.u.i.k.s.TermLabelSettings TermLabelSettings: Failure while reading the setting "UseOriginLabels".Using the default value: true.The string read was: null 
63566      INFO  main            d.u.i.k.p.r.p.TestFile    Now processing file /home/runner/work/key/key/key.core/../key.ui/examples/InformationFlow/MethodContracts/contract.IFMethodContract(contract.IFMethodContract__n2()).Non-interference contract.0.key 
63566      DEBUG main            d.u.i.k.p.i.KeYFile       Reading KeY file /home/runner/work/key/key/key.core/../key.ui/examples/InformationFlow/MethodContracts/contract.IFMethodContract(contract.IFMethodContract__n2()).Non-interference contract.0.key 
64358      DEBUG main            d.u.i.k.j.Recoder2KeY     converting now /home/runner/work/key/key/key.core/../key.ui/examples/InformationFlow/MethodContracts/src/contract/IFMethodContract.java 
64363      DEBUG main            d.u.i.k.s.TermLabelSettings TermLabelSettings: Failure while reading the setting "UseOriginLabels".Using the default value: true.The string read was: null 
64365      DEBUG main            d.u.i.k.p.i.KeYFile       Reading KeY file file:/home/runner/work/key/key/key.core/build/resources/main/de/uka/ilkd/key/java/JavaRedux/java/lang/String.key 
65999      DEBUG main            d.u.i.k.p.i.KeYFile       Reading KeY file /home/runner/work/key/key/key.core/../key.ui/examples/InformationFlow/MethodContracts/contract.IFMethodContract(contract.IFMethodContract__n2()).Non-interference contract.0.key 
66033      DEBUG Thread-35       d.u.i.k.j.TypeConverter   typeconverter: (prefix this;, class class de.uka.ilkd.key.java.reference.ThisReference) 
66044      DEBUG Thread-35       d.u.i.k.j.TypeConverter   typeconverter: (prefix this;, class class de.uka.ilkd.key.java.reference.ThisReference) 
66049      DEBUG Thread-35       d.u.i.k.j.TypeConverter   typeconverter: (prefix this;, class class de.uka.ilkd.key.java.reference.ThisReference) 
66068      DEBUG Thread-35       d.u.i.k.j.TypeConverter   typeconverter: (prefix this;, class class de.uka.ilkd.key.java.reference.ThisReference) 
66201      INFO  main            d.u.i.k.p.r.p.TestFile    ... finished proof: closed. 
66373      DEBUG main            d.u.i.k.s.TermLabelSettings TermLabelSettings: Failure while reading the setting "UseOriginLabels".Using the default value: true.The string read was: null 
66373      INFO  main            d.u.i.k.p.r.p.TestFile    Now processing file /home/runner/work/key/key/key.core/../key.ui/examples/InformationFlow/MethodContracts/contract.IFMethodContract(contract.IFMethodContract__n1()).Non-interference contract.0.key 
66373      DEBUG main            d.u.i.k.p.i.KeYFile       Reading KeY file /home/runner/work/key/key/key.core/../key.ui/examples/InformationFlow/MethodContracts/contract.IFMethodContract(contract.IFMethodContract__n1()).Non-interference contract.0.key 
67132      DEBUG main            d.u.i.k.j.Recoder2KeY     converting now /home/runner/work/key/key/key.core/../key.ui/examples/InformationFlow/MethodContracts/src/contract/IFMethodContract.java 
67138      DEBUG main            d.u.i.k.s.TermLabelSettings TermLabelSettings: Failure while reading the setting "UseOriginLabels".Using the default value: true.The string read was: null 
67139      DEBUG main            d.u.i.k.p.i.KeYFile       Reading KeY file file:/home/runner/work/key/key/key.core/build/resources/main/de/uka/ilkd/key/java/JavaRedux/java/lang/String.key 
68814      DEBUG main            d.u.i.k.p.i.KeYFile       Reading KeY file /home/runner/work/key/key/key.core/../key.ui/examples/InformationFlow/MethodContracts/contract.IFMethodContract(contract.IFMethodContract__n1()).Non-interference contract.0.key 
68845      DEBUG Thread-37       d.u.i.k.j.TypeConverter   typeconverter: (prefix this;, class class de.uka.ilkd.key.java.reference.ThisReference) 
68864      DEBUG Thread-37       d.u.i.k.j.TypeConverter   typeconverter: (prefix this;, class class de.uka.ilkd.key.java.reference.ThisReference) 
68916      INFO  main            d.u.i.k.p.r.p.TestFile    ... finished proof: closed. 
69084      DEBUG main            d.u.i.k.s.TermLabelSettings TermLabelSettings: Failure while reading the setting "UseOriginLabels".Using the default value: true.The string read was: null 
69085      INFO  main            d.u.i.k.p.r.p.TestFile    Now processing file /home/runner/work/key/key/key.core/../key.ui/examples/InformationFlow/MethodContracts/contract.IFMethodContract(contract.IFMethodContract__secure_sequential_n1_n2()).Non-interference contract.0.key 
69085      DEBUG main            d.u.i.k.p.i.KeYFile       Reading KeY file /home/runner/work/key/key/key.core/../key.ui/examples/InformationFlow/MethodContracts/contract.IFMethodContract(contract.IFMethodContract__secure_sequential_n1_n2()).Non-interference contract.0.key 
69855      DEBUG main            d.u.i.k.j.Recoder2KeY     converting now /home/runner/work/key/key/key.core/../key.ui/examples/InformationFlow/MethodContracts/src/contract/IFMethodContract.java 
69861      DEBUG main            d.u.i.k.s.TermLabelSettings TermLabelSettings: Failure while reading the setting "UseOriginLabels".Using the default value: true.The string read was: null 
69862      DEBUG main            d.u.i.k.p.i.KeYFile       Reading KeY file file:/home/runner/work/key/key/key.core/build/resources/main/de/uka/ilkd/key/java/JavaRedux/java/lang/String.key 
71492      DEBUG main            d.u.i.k.p.i.KeYFile       Reading KeY file /home/runner/work/key/key/key.core/../key.ui/examples/InformationFlow/MethodContracts/contract.IFMethodContract(contract.IFMethodContract__secure_sequential_n1_n2()).Non-interference contract.0.key 
71796      INFO  main            d.u.i.k.p.r.p.TestFile    ... finished proof: closed. 
1035301    INFO  Test worker     d.u.i.k.p.r.RunAllProofsTestUnit Returning from test MethodContracts_nomacro 
1035303    INFO  Test worker     d.u.i.k.p.r.RunAllProofsTestUnit Running test LoopInvariants_nomacro 
377        INFO  Timeout watchdog d.u.i.k.p.r.p.ForkedTestFileRunner Timeout watcher launched (1000 secs.) 
388        WARN  main            d.u.i.k.s.ProofSettings   The settings in /home/runner/.key/proof-settings.props are *not* read. 
414        DEBUG main            d.u.i.k.s.TermLabelSettings TermLabelSettings: Failure while reading the setting "UseOriginLabels".Using the default value: true.The string read was: null 
415        INFO  main            d.u.i.k.p.r.p.TestFile    Now processing file /home/runner/work/key/key/key.core/../key.ui/examples/InformationFlow/LoopInvariants/loop.IFLoopExamples(loop.IFLoopExamples__insecure_while_3(int)).Non-interference contract.0.key 
544        DEBUG main            d.u.i.k.p.i.KeYFile       Reading KeY file /home/runner/work/key/key/key.core/../key.ui/examples/InformationFlow/LoopInvariants/loop.IFLoopExamples(loop.IFLoopExamples__insecure_while_3(int)).Non-interference contract.0.key 
783        DEBUG main            d.u.i.k.p.i.KeYFile       Reading KeY file file:/home/runner/work/key/key/key.core/build/resources/main/de/uka/ilkd/key/proof/rules/standardRules.key 
815        DEBUG main            d.u.i.k.p.i.KeYFile       Reading KeY file file:/home/runner/work/key/key/key.core/build/resources/main/de/uka/ilkd/key/proof/rules/ldt.key 
820        DEBUG main            d.u.i.k.p.i.KeYFile       Reading KeY file file:/home/runner/work/key/key/key.core/build/resources/main/de/uka/ilkd/key/proof/rules/boolean.key 
836        DEBUG main            d.u.i.k.p.i.KeYFile       Reading KeY file file:/home/runner/work/key/key/key.core/build/resources/main/de/uka/ilkd/key/proof/rules/ruleSetsDeclarations.key 
864        DEBUG main            d.u.i.k.p.i.KeYFile       Reading KeY file file:/home/runner/work/key/key/key.core/build/resources/main/de/uka/ilkd/key/proof/rules/integerHeader.key 
872        DEBUG main            d.u.i.k.p.i.KeYFile       Reading KeY file file:/home/runner/work/key/key/key.core/build/resources/main/de/uka/ilkd/key/proof/rules/floatHeader.key 
875        DEBUG main            d.u.i.k.p.i.KeYFile       Reading KeY file file:/home/runner/work/key/key/key.core/build/resources/main/de/uka/ilkd/key/proof/rules/heap.key 
879        DEBUG main            d.u.i.k.p.i.KeYFile       Reading KeY file file:/home/runner/work/key/key/key.core/build/resources/main/de/uka/ilkd/key/proof/rules/locSets.key 
880        DEBUG main            d.u.i.k.p.i.KeYFile       Reading KeY file file:/home/runner/work/key/key/key.core/build/resources/main/de/uka/ilkd/key/proof/rules/permission.key 
881        DEBUG main            d.u.i.k.p.i.KeYFile       Reading KeY file file:/home/runner/work/key/key/key.core/build/resources/main/de/uka/ilkd/key/proof/rules/reach.key 
881        DEBUG main            d.u.i.k.p.i.KeYFile       Reading KeY file file:/home/runner/work/key/key/key.core/build/resources/main/de/uka/ilkd/key/proof/rules/seq.key 
882        DEBUG main            d.u.i.k.p.i.KeYFile       Reading KeY file file:/home/runner/work/key/key/key.core/build/resources/main/de/uka/ilkd/key/proof/rules/map.key 
920        DEBUG main            d.u.i.k.p.i.KeYFile       Reading KeY file file:/home/runner/work/key/key/key.core/build/resources/main/de/uka/ilkd/key/proof/rules/freeADT.key 
921        DEBUG main            d.u.i.k.p.i.KeYFile       Reading KeY file file:/home/runner/work/key/key/key.core/build/resources/main/de/uka/ilkd/key/proof/rules/wellfound.key 
922        DEBUG main            d.u.i.k.p.i.KeYFile       Reading KeY file file:/home/runner/work/key/key/key.core/build/resources/main/de/uka/ilkd/key/proof/rules/charListHeader.key 
1110       DEBUG main            d.u.i.k.p.i.KeYFile       Reading KeY file file:/home/runner/work/key/key/key.core/build/resources/main/de/uka/ilkd/key/proof/rules/propRule.key 
1142       DEBUG main            d.u.i.k.p.i.KeYFile       Reading KeY file file:/home/runner/work/key/key/key.core/build/resources/main/de/uka/ilkd/key/proof/rules/firstOrderRules.key 
1173       DEBUG main            d.u.i.k.p.i.KeYFile       Reading KeY file file:/home/runner/work/key/key/key.core/build/resources/main/de/uka/ilkd/key/proof/rules/ifThenElseRules.key 
1231       DEBUG main            d.u.i.k.p.i.KeYFile       Reading KeY file file:/home/runner/work/key/key/key.core/build/resources/main/de/uka/ilkd/key/proof/rules/formulaNormalisationRules.key 
1393       DEBUG main            d.u.i.k.p.i.KeYFile       Reading KeY file file:/home/runner/work/key/key/key.core/build/resources/main/de/uka/ilkd/key/proof/rules/updateRules.key 
1430       DEBUG main            d.u.i.k.p.i.KeYFile       Reading KeY file file:/home/runner/work/key/key/key.core/build/resources/main/de/uka/ilkd/key/proof/rules/integerRulesCommon.key 
1544       DEBUG main            d.u.i.k.p.i.KeYFile       Reading KeY file file:/home/runner/work/key/key/key.core/build/resources/main/de/uka/ilkd/key/proof/rules/intRules.key 
1582       DEBUG main            d.u.i.k.p.i.KeYFile       Reading KeY file file:/home/runner/work/key/key/key.core/build/resources/main/de/uka/ilkd/key/proof/rules/intRulesUncheckedSemantics.key 
1607       DEBUG main            d.u.i.k.p.i.KeYFile       Reading KeY file file:/home/runner/work/key/key/key.core/build/resources/main/de/uka/ilkd/key/proof/rules/intRulesCheckedSemantics.key 
1619       DEBUG main            d.u.i.k.p.i.KeYFile       Reading KeY file file:/home/runner/work/key/key/key.core/build/resources/main/de/uka/ilkd/key/proof/rules/intRulesJavaSemantics.key 
1639       DEBUG main            d.u.i.k.p.i.KeYFile       Reading KeY file file:/home/runner/work/key/key/key.core/build/resources/main/de/uka/ilkd/key/proof/rules/integerSimplificationRules.key 
1912       DEBUG main            d.u.i.k.j.TypeConverter   No LDT found for Meta 
1912       DEBUG main            d.u.i.k.j.TypeConverter   No LDT found for Meta 
1916       DEBUG main            d.u.i.k.j.TypeConverter   No LDT found for Meta 
1916       DEBUG main            d.u.i.k.j.TypeConverter   No LDT found for Meta 
1941       DEBUG main            d.u.i.k.p.i.KeYFile       Reading KeY file file:/home/runner/work/key/key/key.core/build/resources/main/de/uka/ilkd/key/proof/rules/intDiv.key 
1986       DEBUG main            d.u.i.k.p.i.KeYFile       Reading KeY file file:/home/runner/work/key/key/key.core/build/resources/main/de/uka/ilkd/key/proof/rules/bsum.key 
2173       DEBUG main            d.u.i.k.p.i.KeYFile       Reading KeY file file:/home/runner/work/key/key/key.core/build/resources/main/de/uka/ilkd/key/proof/rules/bprod.key 
2236       DEBUG main            d.u.i.k.p.i.KeYFile       Reading KeY file file:/home/runner/work/key/key/key.core/build/resources/main/de/uka/ilkd/key/proof/rules/binaryAxioms.key 
2243       DEBUG main            d.u.i.k.p.i.KeYFile       Reading KeY file file:/home/runner/work/key/key/key.core/build/resources/main/de/uka/ilkd/key/proof/rules/binaryLemmas.key 
2255       DEBUG main            d.u.i.k.p.i.KeYFile       Reading KeY file file:/home/runner/work/key/key/key.core/build/resources/main/de/uka/ilkd/key/proof/rules/intPow.key 
2287       DEBUG main            d.u.i.k.p.i.KeYFile       Reading KeY file file:/home/runner/work/key/key/key.core/build/resources/main/de/uka/ilkd/key/proof/rules/floatRulesCommon.key 
2316       DEBUG main            d.u.i.k.p.i.KeYFile       Reading KeY file file:/home/runner/work/key/key/key.core/build/resources/main/de/uka/ilkd/key/proof/rules/floatRules.key 
2318       DEBUG main            d.u.i.k.p.i.KeYFile       Reading KeY file file:/home/runner/work/key/key/key.core/build/resources/main/de/uka/ilkd/key/proof/rules/floatRulesVerifyNormal.key 
2319       DEBUG main            d.u.i.k.p.i.KeYFile       Reading KeY file file:/home/runner/work/key/key/key.core/build/resources/main/de/uka/ilkd/key/proof/rules/floatRulesAssumeStrictfp.key 
2355       DEBUG main            d.u.i.k.p.i.KeYFile       Reading KeY file file:/home/runner/work/key/key/key.core/build/resources/main/de/uka/ilkd/key/proof/rules/genericRules.key 
2379       DEBUG main            d.u.i.k.p.i.KeYFile       Reading KeY file file:/home/runner/work/key/key/key.core/build/resources/main/de/uka/ilkd/key/proof/rules/booleanRules.key 
2384       DEBUG main            d.u.i.k.p.i.KeYFile       Reading KeY file file:/home/runner/work/key/key/key.core/build/resources/main/de/uka/ilkd/key/proof/rules/epsilon.key 
2391       DEBUG main            d.u.i.k.p.i.KeYFile       Reading KeY file file:/home/runner/work/key/key/key.core/build/resources/main/de/uka/ilkd/key/proof/rules/locSetsRules.key 
2468       DEBUG main            d.u.i.k.p.i.KeYFile       Reading KeY file file:/home/runner/work/key/key/key.core/build/resources/main/de/uka/ilkd/key/proof/rules/heapRules.key 
2569       DEBUG main            d.u.i.k.p.i.KeYFile       Reading KeY file file:/home/runner/work/key/key/key.core/build/resources/main/de/uka/ilkd/key/proof/rules/permissionRules.key 
2596       DEBUG main            d.u.i.k.p.i.KeYFile       Reading KeY file file:/home/runner/work/key/key/key.core/build/resources/main/de/uka/ilkd/key/proof/rules/reachRules.key 
2637       DEBUG main            d.u.i.k.p.i.KeYFile       Reading KeY file file:/home/runner/work/key/key/key.core/build/resources/main/de/uka/ilkd/key/proof/rules/seqCoreRules.key 
2641       DEBUG main            d.u.i.k.p.i.KeYFile       Reading KeY file file:/home/runner/work/key/key/key.core/build/resources/main/de/uka/ilkd/key/proof/rules/seqRules.key 
2700       DEBUG main            d.u.i.k.p.i.KeYFile       Reading KeY file file:/home/runner/work/key/key/key.core/build/resources/main/de/uka/ilkd/key/proof/rules/seqPerm.key 
2742       DEBUG main            d.u.i.k.p.i.KeYFile       Reading KeY file file:/home/runner/work/key/key/key.core/build/resources/main/de/uka/ilkd/key/proof/rules/seqPerm2.key 
2750       DEBUG main            d.u.i.k.p.i.KeYFile       Reading KeY file file:/home/runner/work/key/key/key.core/build/resources/main/de/uka/ilkd/key/proof/rules/javaRules.key 
2886       DEBUG main            d.u.i.k.p.i.KeYFile       Reading KeY file file:/home/runner/work/key/key/key.core/build/resources/main/de/uka/ilkd/key/proof/rules/assertions.key 
3440       DEBUG main            d.u.i.k.p.i.KeYFile       Reading KeY file file:/home/runner/work/key/key/key.core/build/resources/main/de/uka/ilkd/key/proof/rules/loopRules.key 
3450       DEBUG main            d.u.i.k.p.i.KeYFile       Reading KeY file file:/home/runner/work/key/key/key.core/build/resources/main/de/uka/ilkd/key/proof/rules/activeUse.key 
3504       DEBUG main            d.u.i.k.p.i.KeYFile       Reading KeY file file:/home/runner/work/key/key/key.core/build/resources/main/de/uka/ilkd/key/proof/rules/instanceAllocation.key 
3522       DEBUG main            d.u.i.k.p.i.KeYFile       Reading KeY file file:/home/runner/work/key/key/key.core/build/resources/main/de/uka/ilkd/key/proof/rules/java5.key 
3526       DEBUG main            d.u.i.k.p.i.KeYFile       Reading KeY file file:/home/runner/work/key/key/key.core/build/resources/main/de/uka/ilkd/key/proof/rules/integerAssignment2UpdateRules.key 
3566       DEBUG main            d.u.i.k.p.i.KeYFile       Reading KeY file file:/home/runner/work/key/key/key.core/build/resources/main/de/uka/ilkd/key/proof/rules/floatAssignment2UpdateRules.key 
3588       DEBUG main            d.u.i.k.p.i.KeYFile       Reading KeY file file:/home/runner/work/key/key/key.core/build/resources/main/de/uka/ilkd/key/proof/rules/bigint.key 
3606       DEBUG main            d.u.i.k.j.TypeConverter   No LDT found for JavaBigintExpression 
3609       DEBUG main            d.u.i.k.p.i.KeYFile       Reading KeY file file:/home/runner/work/key/key/key.core/build/resources/main/de/uka/ilkd/key/proof/rules/adtProgramDecompositionRules.key 
3628       DEBUG main            d.u.i.k.p.i.KeYFile       Reading KeY file file:/home/runner/work/key/key/key.core/build/resources/main/de/uka/ilkd/key/proof/rules/precRules.key 
3632       DEBUG main            d.u.i.k.p.i.KeYFile       Reading KeY file file:/home/runner/work/key/key/key.core/build/resources/main/de/uka/ilkd/key/proof/rules/charListRules.key 
3647       DEBUG main            d.u.i.k.p.i.KeYFile       Reading KeY file file:/home/runner/work/key/key/key.core/build/resources/main/de/uka/ilkd/key/proof/rules/regExTheory.key 
3648       DEBUG main            d.u.i.k.p.i.KeYFile       Reading KeY file file:/home/runner/work/key/key/key.core/build/resources/main/de/uka/ilkd/key/proof/rules/regExHeader.key 
3649       DEBUG main            d.u.i.k.p.i.KeYFile       Reading KeY file file:/home/runner/work/key/key/key.core/build/resources/main/de/uka/ilkd/key/proof/rules/regExAxioms.key 
3652       DEBUG main            d.u.i.k.p.i.KeYFile       Reading KeY file file:/home/runner/work/key/key/key.core/build/resources/main/de/uka/ilkd/key/proof/rules/regExLemmaProven.key 
3659       DEBUG main            d.u.i.k.p.i.KeYFile       Reading KeY file file:/home/runner/work/key/key/key.core/build/resources/main/de/uka/ilkd/key/proof/rules/seqEq.key 
3666       DEBUG main            d.u.i.k.p.i.KeYFile       Reading KeY file file:/home/runner/work/key/key/key.core/build/resources/main/de/uka/ilkd/key/proof/rules/infFlow.key 
3674       DEBUG main            d.u.i.k.p.i.KeYFile       Reading KeY file file:/home/runner/work/key/key/key.core/build/resources/main/de/uka/ilkd/key/proof/rules/mapSize.key 
3707       DEBUG main            d.u.i.k.p.i.KeYFile       Reading KeY file file:/home/runner/work/key/key/key.core/build/resources/main/de/uka/ilkd/key/proof/rules/wd.key 
3708       DEBUG main            d.u.i.k.p.i.KeYFile       Reading KeY file file:/home/runner/work/key/key/key.core/build/resources/main/de/uka/ilkd/key/proof/rules/wdHeader.key 
3715       DEBUG main            d.u.i.k.p.i.KeYFile       Reading KeY file file:/home/runner/work/key/key/key.core/build/resources/main/de/uka/ilkd/key/proof/rules/wdGeneralRules.key 
3719       DEBUG main            d.u.i.k.p.i.KeYFile       Reading KeY file file:/home/runner/work/key/key/key.core/build/resources/main/de/uka/ilkd/key/proof/rules/wdNumericalRules.key 
3742       DEBUG main            d.u.i.k.p.i.KeYFile       Reading KeY file file:/home/runner/work/key/key/key.core/build/resources/main/de/uka/ilkd/key/proof/rules/wdLocSetRules.key 
3748       DEBUG main            d.u.i.k.p.i.KeYFile       Reading KeY file file:/home/runner/work/key/key/key.core/build/resources/main/de/uka/ilkd/key/proof/rules/wdHeapRules.key 
3753       DEBUG main            d.u.i.k.p.i.KeYFile       Reading KeY file file:/home/runner/work/key/key/key.core/build/resources/main/de/uka/ilkd/key/proof/rules/wdReachRules.key 
3755       DEBUG main            d.u.i.k.p.i.KeYFile       Reading KeY file file:/home/runner/work/key/key/key.core/build/resources/main/de/uka/ilkd/key/proof/rules/wdSeqRules.key 
3758       DEBUG main            d.u.i.k.p.i.KeYFile       Reading KeY file file:/home/runner/work/key/key/key.core/build/resources/main/de/uka/ilkd/key/proof/rules/wdStringRules.key 
3761       DEBUG main            d.u.i.k.p.i.KeYFile       Reading KeY file file:/home/runner/work/key/key/key.core/build/resources/main/de/uka/ilkd/key/proof/rules/wdRegExRules.key 
3763       DEBUG main            d.u.i.k.p.i.KeYFile       Reading KeY file file:/home/runner/work/key/key/key.core/build/resources/main/de/uka/ilkd/key/proof/rules/wdFormulaRules.key 
3777       DEBUG main            d.u.i.k.p.i.KeYFile       Reading KeY file file:/home/runner/work/key/key/key.core/build/resources/main/de/uka/ilkd/key/proof/rules/loopInvariantRules.key 
3779       DEBUG main            d.u.i.k.p.i.KeYFile       Reading KeY file file:/home/runner/work/key/key/key.core/build/resources/main/de/uka/ilkd/key/proof/rules/forLoopRules.key 
3782       DEBUG main            d.u.i.k.p.i.KeYFile       Reading KeY file file:/home/runner/work/key/key/key.core/build/resources/main/de/uka/ilkd/key/proof/rules/execRules.key 
3855       DEBUG main            d.u.i.k.p.i.KeYFile       Reading KeY file file:/home/runner/work/key/key/key.core/build/resources/main/de/uka/ilkd/key/proof/rules/loopScopeRules.key 
6586       DEBUG main            d.u.i.k.j.Recoder2KeY     converting now /home/runner/work/key/key/key.core/../key.ui/examples/InformationFlow/LoopInvariants/src/loop/IFLoopExamples.java 
6623       DEBUG main            d.u.i.k.s.TermLabelSettings TermLabelSettings: Failure while reading the setting "UseOriginLabels".Using the default value: true.The string read was: null 
6633       DEBUG main            d.u.i.k.p.i.KeYFile       Reading KeY file file:/home/runner/work/key/key/key.core/build/resources/main/de/uka/ilkd/key/java/JavaRedux/java/lang/String.key 
9309       DEBUG main            d.u.i.k.p.i.KeYFile       Reading KeY file /home/runner/work/key/key/key.core/../key.ui/examples/InformationFlow/LoopInvariants/loop.IFLoopExamples(loop.IFLoopExamples__insecure_while_3(int)).Non-interference contract.0.key 
9763       DEBUG Thread-1        d.u.i.k.j.TypeConverter   typeconverter: (prefix this;, class class de.uka.ilkd.key.java.reference.ThisReference) 
9796       DEBUG Thread-1        d.u.i.k.j.TypeConverter   typeconverter: (prefix this;, class class de.uka.ilkd.key.java.reference.ThisReference) 
9811       DEBUG Thread-1        d.u.i.k.j.TypeConverter   typeconverter: (prefix this;, class class de.uka.ilkd.key.java.reference.ThisReference) 
9826       DEBUG Thread-1        d.u.i.k.j.TypeConverter   typeconverter: (prefix this;, class class de.uka.ilkd.key.java.reference.ThisReference) 
9896       DEBUG Thread-1        d.u.i.k.r.m.WhileLoopTransformation While-Loop-Tranform-Result: try {
  {
    if (_x_A > 0) {
      this.low = this.low + 1;
      _x_A = _x_A - 1;
    }
  }
} catch (java.lang.Throwable e#4) {
  exc#3 = true;
  thrownExc#5 = e#4;
} 
10037      DEBUG Thread-1        d.u.i.k.j.TypeConverter   typeconverter: (prefix this;, class class de.uka.ilkd.key.java.reference.ThisReference) 
10172      DEBUG Thread-1        d.u.i.k.j.TypeConverter   typeconverter: (prefix this;, class class de.uka.ilkd.key.java.reference.ThisReference) 
10228      DEBUG Thread-1        d.u.i.k.r.m.WhileLoopTransformation While-Loop-Tranform-Result: try {
  {
    if (_x_B > 0) {
      this.low = this.low + 1;
      _x_B = _x_B - 1;
    }
  }
} catch (java.lang.Throwable e#26) {
  exc#25 = true;
  thrownExc#27 = e#26;
} 
10368      DEBUG Thread-1        d.u.i.k.j.TypeConverter   typeconverter: (prefix this;, class class de.uka.ilkd.key.java.reference.ThisReference) 
10609      DEBUG Thread-1        d.u.i.k.j.TypeConverter   typeconverter: (prefix this;, class class de.uka.ilkd.key.java.reference.ThisReference) 
10904      DEBUG Thread-1        d.u.i.k.j.TypeConverter   typeconverter: (prefix this;, class class de.uka.ilkd.key.java.reference.ThisReference) 
11126      DEBUG Thread-1        d.u.i.k.j.TypeConverter   typeconverter: (prefix this;, class class de.uka.ilkd.key.java.reference.ThisReference) 
11138      DEBUG Thread-1        d.u.i.k.j.TypeConverter   typeconverter: (prefix this;, class class de.uka.ilkd.key.java.reference.ThisReference) 
11151      DEBUG Thread-1        d.u.i.k.j.TypeConverter   typeconverter: (prefix this;, class class de.uka.ilkd.key.java.reference.ThisReference) 
11470      DEBUG Thread-1        d.u.i.k.j.TypeConverter   typeconverter: (prefix this;, class class de.uka.ilkd.key.java.reference.ThisReference) 
11788      DEBUG Thread-1        d.u.i.k.j.TypeConverter   typeconverter: (prefix this;, class class de.uka.ilkd.key.java.reference.ThisReference) 
11819      DEBUG Thread-1        d.u.i.k.j.TypeConverter   typeconverter: (prefix this;, class class de.uka.ilkd.key.java.reference.ThisReference) 
11846      DEBUG Thread-1        d.u.i.k.j.TypeConverter   typeconverter: (prefix this;, class class de.uka.ilkd.key.java.reference.ThisReference) 
12166      INFO  main            d.u.i.k.p.r.p.TestFile    ... finished proof: open goal(s) 
12388      DEBUG main            d.u.i.k.s.TermLabelSettings TermLabelSettings: Failure while reading the setting "UseOriginLabels".Using the default value: true.The string read was: null 
12389      INFO  main            d.u.i.k.p.r.p.TestFile    Now processing file /home/runner/work/key/key/key.core/../key.ui/examples/InformationFlow/LoopInvariants/loop.IFLoopExamples(loop.IFLoopExamples__secure_while_2(int)).Non-interference contract.0.key 
12390      DEBUG main            d.u.i.k.p.i.KeYFile       Reading KeY file /home/runner/work/key/key/key.core/../key.ui/examples/InformationFlow/LoopInvariants/loop.IFLoopExamples(loop.IFLoopExamples__secure_while_2(int)).Non-interference contract.0.key 
13477      DEBUG main            d.u.i.k.j.Recoder2KeY     converting now /home/runner/work/key/key/key.core/../key.ui/examples/InformationFlow/LoopInvariants/src/loop/IFLoopExamples.java 
13489      DEBUG main            d.u.i.k.s.TermLabelSettings TermLabelSettings: Failure while reading the setting "UseOriginLabels".Using the default value: true.The string read was: null 
13490      DEBUG main            d.u.i.k.p.i.KeYFile       Reading KeY file file:/home/runner/work/key/key/key.core/build/resources/main/de/uka/ilkd/key/java/JavaRedux/java/lang/String.key 
15783      DEBUG main            d.u.i.k.p.i.KeYFile       Reading KeY file /home/runner/work/key/key/key.core/../key.ui/examples/InformationFlow/LoopInvariants/loop.IFLoopExamples(loop.IFLoopExamples__secure_while_2(int)).Non-interference contract.0.key 
15860      DEBUG Thread-3        d.u.i.k.j.TypeConverter   typeconverter: (prefix this;, class class de.uka.ilkd.key.java.reference.ThisReference) 
15870      DEBUG Thread-3        d.u.i.k.j.TypeConverter   typeconverter: (prefix this;, class class de.uka.ilkd.key.java.reference.ThisReference) 
15885      DEBUG Thread-3        d.u.i.k.j.TypeConverter   typeconverter: (prefix this;, class class de.uka.ilkd.key.java.reference.ThisReference) 
15901      DEBUG Thread-3        d.u.i.k.j.TypeConverter   typeconverter: (prefix this;, class class de.uka.ilkd.key.java.reference.ThisReference) 
15911      DEBUG Thread-3        d.u.i.k.r.m.WhileLoopTransformation While-Loop-Tranform-Result: try {
  {
    if (_x_A > 0) {
      this.low = this.low + 1;
      _x_A = _x_A - 1;
    }
  }
} catch (java.lang.Throwable e#4) {
  exc#3 = true;
  thrownExc#5 = e#4;
} 
16030      DEBUG Thread-3        d.u.i.k.j.TypeConverter   typeconverter: (prefix this;, class class de.uka.ilkd.key.java.reference.ThisReference) 
16161      DEBUG Thread-3        d.u.i.k.j.TypeConverter   typeconverter: (prefix this;, class class de.uka.ilkd.key.java.reference.ThisReference) 
16262      DEBUG Thread-3        d.u.i.k.r.m.WhileLoopTransformation While-Loop-Tranform-Result: try {
  {
    if (_x_B > 0) {
      this.low = this.low + 1;
      _x_B = _x_B - 1;
    }
  }
} catch (java.lang.Throwable e#26) {
  exc#25 = true;
  thrownExc#27 = e#26;
} 
16355      DEBUG Thread-3        d.u.i.k.j.TypeConverter   typeconverter: (prefix this;, class class de.uka.ilkd.key.java.reference.ThisReference) 
16469      DEBUG Thread-3        d.u.i.k.j.TypeConverter   typeconverter: (prefix this;, class class de.uka.ilkd.key.java.reference.ThisReference) 
16786      DEBUG Thread-3        d.u.i.k.j.TypeConverter   typeconverter: (prefix this;, class class de.uka.ilkd.key.java.reference.ThisReference) 
16788      DEBUG Thread-3        d.u.i.k.j.TypeConverter   typeconverter: (prefix this;, class class de.uka.ilkd.key.java.reference.ThisReference) 
16949      DEBUG Thread-3        d.u.i.k.j.TypeConverter   typeconverter: (prefix this;, class class de.uka.ilkd.key.java.reference.ThisReference) 
16959      DEBUG Thread-3        d.u.i.k.j.TypeConverter   typeconverter: (prefix this;, class class de.uka.ilkd.key.java.reference.ThisReference) 
17232      DEBUG Thread-3        d.u.i.k.j.TypeConverter   typeconverter: (prefix this;, class class de.uka.ilkd.key.java.reference.ThisReference) 
17234      DEBUG Thread-3        d.u.i.k.j.TypeConverter   typeconverter: (prefix this;, class class de.uka.ilkd.key.java.reference.ThisReference) 
17382      DEBUG Thread-3        d.u.i.k.j.TypeConverter   typeconverter: (prefix this;, class class de.uka.ilkd.key.java.reference.ThisReference) 
17392      DEBUG Thread-3        d.u.i.k.j.TypeConverter   typeconverter: (prefix this;, class class de.uka.ilkd.key.java.reference.ThisReference) 
17600      INFO  main            d.u.i.k.p.r.p.TestFile    ... finished proof: closed. 
17799      DEBUG main            d.u.i.k.s.TermLabelSettings TermLabelSettings: Failure while reading the setting "UseOriginLabels".Using the default value: true.The string read was: null 
17800      INFO  main            d.u.i.k.p.r.p.TestFile    Now processing file /home/runner/work/key/key/key.core/../key.ui/examples/InformationFlow/LoopInvariants/loop.IFLoopExamples(loop.IFLoopExamples__secure_while_4(int)).Non-interference contract.0.key 
17800      DEBUG main            d.u.i.k.p.i.KeYFile       Reading KeY file /home/runner/work/key/key/key.core/../key.ui/examples/InformationFlow/LoopInvariants/loop.IFLoopExamples(loop.IFLoopExamples__secure_while_4(int)).Non-interference contract.0.key 
18869      DEBUG main            d.u.i.k.j.Recoder2KeY     converting now /home/runner/work/key/key/key.core/../key.ui/examples/InformationFlow/LoopInvariants/src/loop/IFLoopExamples.java 
18877      DEBUG main            d.u.i.k.s.TermLabelSettings TermLabelSettings: Failure while reading the setting "UseOriginLabels".Using the default value: true.The string read was: null 
18878      DEBUG main            d.u.i.k.p.i.KeYFile       Reading KeY file file:/home/runner/work/key/key/key.core/build/resources/main/de/uka/ilkd/key/java/JavaRedux/java/lang/String.key 
20928      DEBUG main            d.u.i.k.p.i.KeYFile       Reading KeY file /home/runner/work/key/key/key.core/../key.ui/examples/InformationFlow/LoopInvariants/loop.IFLoopExamples(loop.IFLoopExamples__secure_while_4(int)).Non-interference contract.0.key 
20988      DEBUG Thread-5        d.u.i.k.j.TypeConverter   typeconverter: (prefix this;, class class de.uka.ilkd.key.java.reference.ThisReference) 
20996      DEBUG Thread-5        d.u.i.k.j.TypeConverter   typeconverter: (prefix this;, class class de.uka.ilkd.key.java.reference.ThisReference) 
21008      DEBUG Thread-5        d.u.i.k.j.TypeConverter   typeconverter: (prefix this;, class class de.uka.ilkd.key.java.reference.ThisReference) 
21021      DEBUG Thread-5        d.u.i.k.j.TypeConverter   typeconverter: (prefix this;, class class de.uka.ilkd.key.java.reference.ThisReference) 
21028      DEBUG Thread-5        d.u.i.k.r.m.WhileLoopTransformation While-Loop-Tranform-Result: try {
  {
    if (_x_A > 0) {
      this.low = this.low + 1;
      _x_A = _x_A - 1;
    }
  }
} catch (java.lang.Throwable e#4) {
  exc#3 = true;
  thrownExc#5 = e#4;
} 
21130      DEBUG Thread-5        d.u.i.k.j.TypeConverter   typeconverter: (prefix this;, class class de.uka.ilkd.key.java.reference.ThisReference) 
21201      DEBUG Thread-5        d.u.i.k.j.TypeConverter   typeconverter: (prefix this;, class class de.uka.ilkd.key.java.reference.ThisReference) 
21267      DEBUG Thread-5        d.u.i.k.r.m.WhileLoopTransformation While-Loop-Tranform-Result: try {
  {
    if (_x_B > 0) {
      this.low = this.low + 1;
      _x_B = _x_B - 1;
    }
  }
} catch (java.lang.Throwable e#26) {
  exc#25 = true;
  thrownExc#27 = e#26;
} 
21348      DEBUG Thread-5        d.u.i.k.j.TypeConverter   typeconverter: (prefix this;, class class de.uka.ilkd.key.java.reference.ThisReference) 
21443      DEBUG Thread-5        d.u.i.k.j.TypeConverter   typeconverter: (prefix this;, class class de.uka.ilkd.key.java.reference.ThisReference) 
21716      DEBUG Thread-5        d.u.i.k.j.TypeConverter   typeconverter: (prefix this;, class class de.uka.ilkd.key.java.reference.ThisReference) 
21718      DEBUG Thread-5        d.u.i.k.j.TypeConverter   typeconverter: (prefix this;, class class de.uka.ilkd.key.java.reference.ThisReference) 
21863      DEBUG Thread-5        d.u.i.k.j.TypeConverter   typeconverter: (prefix this;, class class de.uka.ilkd.key.java.reference.ThisReference) 
21871      DEBUG Thread-5        d.u.i.k.j.TypeConverter   typeconverter: (prefix this;, class class de.uka.ilkd.key.java.reference.ThisReference) 
22086      DEBUG Thread-5        d.u.i.k.j.TypeConverter   typeconverter: (prefix this;, class class de.uka.ilkd.key.java.reference.ThisReference) 
22088      DEBUG Thread-5        d.u.i.k.j.TypeConverter   typeconverter: (prefix this;, class class de.uka.ilkd.key.java.reference.ThisReference) 
22254      DEBUG Thread-5        d.u.i.k.j.TypeConverter   typeconverter: (prefix this;, class class de.uka.ilkd.key.java.reference.ThisReference) 
22262      DEBUG Thread-5        d.u.i.k.j.TypeConverter   typeconverter: (prefix this;, class class de.uka.ilkd.key.java.reference.ThisReference) 
22434      INFO  main            d.u.i.k.p.r.p.TestFile    ... finished proof: closed. 
22603      DEBUG main            d.u.i.k.s.TermLabelSettings TermLabelSettings: Failure while reading the setting "UseOriginLabels".Using the default value: true.The string read was: null 
22604      INFO  main            d.u.i.k.p.r.p.TestFile    Now processing file /home/runner/work/key/key/key.core/../key.ui/examples/InformationFlow/LoopInvariants/loop.IFLoopExamples(loop.IFLoopExamples__insecure_doubleNestedWhile2(int)).Non-interference contract.0.key 
22604      DEBUG main            d.u.i.k.p.i.KeYFile       Reading KeY file /home/runner/work/key/key/key.core/../key.ui/examples/InformationFlow/LoopInvariants/loop.IFLoopExamples(loop.IFLoopExamples__insecure_doubleNestedWhile2(int)).Non-interference contract.0.key 
23589      DEBUG main            d.u.i.k.j.Recoder2KeY     converting now /home/runner/work/key/key/key.core/../key.ui/examples/InformationFlow/LoopInvariants/src/loop/IFLoopExamples.java 
23597      DEBUG main            d.u.i.k.s.TermLabelSettings TermLabelSettings: Failure while reading the setting "UseOriginLabels".Using the default value: true.The string read was: null 
23598      DEBUG main            d.u.i.k.p.i.KeYFile       Reading KeY file file:/home/runner/work/key/key/key.core/build/resources/main/de/uka/ilkd/key/java/JavaRedux/java/lang/String.key 
25745      DEBUG main            d.u.i.k.p.i.KeYFile       Reading KeY file /home/runner/work/key/key/key.core/../key.ui/examples/InformationFlow/LoopInvariants/loop.IFLoopExamples(loop.IFLoopExamples__insecure_doubleNestedWhile2(int)).Non-interference contract.0.key 
25803      DEBUG Thread-7        d.u.i.k.r.m.WhileLoopTransformation While-Loop-Tranform-Result: try {
  {
    if (_x_A > 0) {
      this.low = this.low + 1;
      _x_A = _x_A - 1;
      while (_x_A > 0) {
        this.low = this.low + 1;
        _x_A = _x_A - 1;
        while (_x_A > 0) {
          this.low = this.low + 1;
          _x_A = _x_A - 1;
        }
      }
    }
  }
} catch (java.lang.Throwable e#4) {
  exc#3 = true;
  thrownExc#5 = e#4;
} 
25938      DEBUG Thread-7        d.u.i.k.r.m.WhileLoopTransformation While-Loop-Tranform-Result: try {
  {
    if (_x_B > 0) {
      this.low = this.low + 1;
      _x_B = _x_B - 1;
      while (_x_B > 0) {
        this.low = this.low + 1;
        _x_B = _x_B - 1;
        while (_x_B > 0) {
          this.low = this.low + 1;
          _x_B = _x_B - 1;
        }
      }
    }
  }
} catch (java.lang.Throwable e#26) {
  exc#25 = true;
  thrownExc#27 = e#26;
} 
26235      DEBUG Thread-7        d.u.i.k.j.TypeConverter   typeconverter: (prefix this;, class class de.uka.ilkd.key.java.reference.ThisReference) 
26378      DEBUG Thread-7        d.u.i.k.j.TypeConverter   typeconverter: (prefix this;, class class de.uka.ilkd.key.java.reference.ThisReference) 
26388      DEBUG Thread-7        d.u.i.k.j.TypeConverter   typeconverter: (prefix this;, class class de.uka.ilkd.key.java.reference.ThisReference) 
26441      DEBUG Thread-7        d.u.i.k.j.TypeConverter   typeconverter: (prefix this;, class class de.uka.ilkd.key.java.reference.ThisReference) 
26467      DEBUG Thread-7        d.u.i.k.r.m.WhileLoopTransformation While-Loop-Tranform-Result: try {
  {
    if (_x_B > 0) {
      this.low = this.low + 1;
      _x_B = _x_B - 1;
      while (_x_B > 0) {
        this.low = this.low + 1;
        _x_B = _x_B - 1;
      }
    }
  }
} catch (java.lang.Throwable e#48) {
  exc#47 = true;
  thrownExc#49 = e#48;
} 
26664      DEBUG Thread-7        d.u.i.k.r.m.WhileLoopTransformation While-Loop-Tranform-Result: try {
  {
    if (_x_B > 0) {
      this.low = this.low + 1;
      _x_B = _x_B - 1;
      while (_x_B > 0) {
        this.low = this.low + 1;
        _x_B = _x_B - 1;
      }
    }
  }
} catch (java.lang.Throwable e#70) {
  exc#69 = true;
  thrownExc#71 = e#70;
} 
27104      DEBUG Thread-7        d.u.i.k.j.TypeConverter   typeconverter: (prefix this;, class class de.uka.ilkd.key.java.reference.ThisReference) 
27249      DEBUG Thread-7        d.u.i.k.j.TypeConverter   typeconverter: (prefix this;, class class de.uka.ilkd.key.java.reference.ThisReference) 
27258      DEBUG Thread-7        d.u.i.k.j.TypeConverter   typeconverter: (prefix this;, class class de.uka.ilkd.key.java.reference.ThisReference) 
27268      DEBUG Thread-7        d.u.i.k.j.TypeConverter   typeconverter: (prefix this;, class class de.uka.ilkd.key.java.reference.ThisReference) 
27304      DEBUG Thread-7        d.u.i.k.r.m.WhileLoopTransformation While-Loop-Tranform-Result: try {
  {
    if (_x_B > 0) {
      this.low = this.low + 1;
      _x_B = _x_B - 1;
    }
  }
} catch (java.lang.Throwable e#92) {
  exc#91 = true;
  thrownExc#93 = e#92;
} 
27516      DEBUG Thread-7        d.u.i.k.r.m.WhileLoopTransformation While-Loop-Tranform-Result: try {
  {
    if (_x_B > 0) {
      this.low = this.low + 1;
      _x_B = _x_B - 1;
    }
  }
} catch (java.lang.Throwable e#114) {
  exc#113 = true;
  thrownExc#115 = e#114;
} 
28290      DEBUG Thread-7        d.u.i.k.j.TypeConverter   typeconverter: (prefix this;, class class de.uka.ilkd.key.java.reference.ThisReference) 
28435      DEBUG Thread-7        d.u.i.k.j.TypeConverter   typeconverter: (prefix this;, class class de.uka.ilkd.key.java.reference.ThisReference) 
28442      DEBUG Thread-7        d.u.i.k.j.TypeConverter   typeconverter: (prefix this;, class class de.uka.ilkd.key.java.reference.ThisReference) 
28463      DEBUG Thread-7        d.u.i.k.j.TypeConverter   typeconverter: (prefix this;, class class de.uka.ilkd.key.java.reference.ThisReference) 
28702      DEBUG Thread-7        d.u.i.k.j.TypeConverter   typeconverter: (prefix this;, class class de.uka.ilkd.key.java.reference.ThisReference) 
28842      DEBUG Thread-7        d.u.i.k.j.TypeConverter   typeconverter: (prefix this;, class class de.uka.ilkd.key.java.reference.ThisReference) 
28849      DEBUG Thread-7        d.u.i.k.j.TypeConverter   typeconverter: (prefix this;, class class de.uka.ilkd.key.java.reference.ThisReference) 
28870      DEBUG Thread-7        d.u.i.k.j.TypeConverter   typeconverter: (prefix this;, class class de.uka.ilkd.key.java.reference.ThisReference) 
29052      DEBUG Thread-7        d.u.i.k.j.TypeConverter   typeconverter: (prefix this;, class class de.uka.ilkd.key.java.reference.ThisReference) 
29196      DEBUG Thread-7        d.u.i.k.j.TypeConverter   typeconverter: (prefix this;, class class de.uka.ilkd.key.java.reference.ThisReference) 
29205      DEBUG Thread-7        d.u.i.k.j.TypeConverter   typeconverter: (prefix this;, class class de.uka.ilkd.key.java.reference.ThisReference) 
29216      DEBUG Thread-7        d.u.i.k.j.TypeConverter   typeconverter: (prefix this;, class class de.uka.ilkd.key.java.reference.ThisReference) 
29253      DEBUG Thread-7        d.u.i.k.r.m.WhileLoopTransformation While-Loop-Tranform-Result: try {
  {
    if (_x_B > 0) {
      this.low = this.low + 1;
      _x_B = _x_B - 1;
    }
  }
} catch (java.lang.Throwable e#136) {
  exc#135 = true;
  thrownExc#137 = e#136;
} 
29410      DEBUG Thread-7        d.u.i.k.r.m.WhileLoopTransformation While-Loop-Tranform-Result: try {
  {
    if (_x_B > 0) {
      this.low = this.low + 1;
      _x_B = _x_B - 1;
    }
  }
} catch (java.lang.Throwable e#158) {
  exc#157 = true;
  thrownExc#159 = e#158;
} 
30191      DEBUG Thread-7        d.u.i.k.j.TypeConverter   typeconverter: (prefix this;, class class de.uka.ilkd.key.java.reference.ThisReference) 
30323      DEBUG Thread-7        d.u.i.k.j.TypeConverter   typeconverter: (prefix this;, class class de.uka.ilkd.key.java.reference.ThisReference) 
30329      DEBUG Thread-7        d.u.i.k.j.TypeConverter   typeconverter: (prefix this;, class class de.uka.ilkd.key.java.reference.ThisReference) 
30350      DEBUG Thread-7        d.u.i.k.j.TypeConverter   typeconverter: (prefix this;, class class de.uka.ilkd.key.java.reference.ThisReference) 
30523      DEBUG Thread-7        d.u.i.k.j.TypeConverter   typeconverter: (prefix this;, class class de.uka.ilkd.key.java.reference.ThisReference) 
30654      DEBUG Thread-7        d.u.i.k.j.TypeConverter   typeconverter: (prefix this;, class class de.uka.ilkd.key.java.reference.ThisReference) 
30660      DEBUG Thread-7        d.u.i.k.j.TypeConverter   typeconverter: (prefix this;, class class de.uka.ilkd.key.java.reference.ThisReference) 
30680      DEBUG Thread-7        d.u.i.k.j.TypeConverter   typeconverter: (prefix this;, class class de.uka.ilkd.key.java.reference.ThisReference) 
30860      DEBUG Thread-7        d.u.i.k.j.TypeConverter   typeconverter: (prefix this;, class class de.uka.ilkd.key.java.reference.ThisReference) 
31034      DEBUG Thread-7        d.u.i.k.j.TypeConverter   typeconverter: (prefix this;, class class de.uka.ilkd.key.java.reference.ThisReference) 
31042      DEBUG Thread-7        d.u.i.k.j.TypeConverter   typeconverter: (prefix this;, class class de.uka.ilkd.key.java.reference.ThisReference) 
31066      DEBUG Thread-7        d.u.i.k.j.TypeConverter   typeconverter: (prefix this;, class class de.uka.ilkd.key.java.reference.ThisReference) 
31090      DEBUG Thread-7        d.u.i.k.r.m.WhileLoopTransformation While-Loop-Tranform-Result: try {
  {
    if (_x_A > 0) {
      this.low = this.low + 1;
      _x_A = _x_A - 1;
      while (_x_A > 0) {
        this.low = this.low + 1;
        _x_A = _x_A - 1;
      }
    }
  }
} catch (java.lang.Throwable e#180) {
  exc#179 = true;
  thrownExc#181 = e#180;
} 
31272      DEBUG Thread-7        d.u.i.k.r.m.WhileLoopTransformation While-Loop-Tranform-Result: try {
  {
    if (_x_A > 0) {
      this.low = this.low + 1;
      _x_A = _x_A - 1;
      while (_x_A > 0) {
        this.low = this.low + 1;
        _x_A = _x_A - 1;
      }
    }
  }
} catch (java.lang.Throwable e#202) {
  exc#201 = true;
  thrownExc#203 = e#202;
} 
31663      DEBUG Thread-7        d.u.i.k.j.TypeConverter   typeconverter: (prefix this;, class class de.uka.ilkd.key.java.reference.ThisReference) 
31797      DEBUG Thread-7        d.u.i.k.j.TypeConverter   typeconverter: (prefix this;, class class de.uka.ilkd.key.java.reference.ThisReference) 
31805      DEBUG Thread-7        d.u.i.k.j.TypeConverter   typeconverter: (prefix this;, class class de.uka.ilkd.key.java.reference.ThisReference) 
31815      DEBUG Thread-7        d.u.i.k.j.TypeConverter   typeconverter: (prefix this;, class class de.uka.ilkd.key.java.reference.ThisReference) 
31848      DEBUG Thread-7        d.u.i.k.r.m.WhileLoopTransformation While-Loop-Tranform-Result: try {
  {
    if (_x_A > 0) {
      this.low = this.low + 1;
      _x_A = _x_A - 1;
    }
  }
} catch (java.lang.Throwable e#224) {
  exc#223 = true;
  thrownExc#225 = e#224;
} 
31999      DEBUG Thread-7        d.u.i.k.r.m.WhileLoopTransformation While-Loop-Tranform-Result: try {
  {
    if (_x_A > 0) {
      this.low = this.low + 1;
      _x_A = _x_A - 1;
    }
  }
} catch (java.lang.Throwable e#246) {
  exc#245 = true;
  thrownExc#247 = e#246;
} 
32788      DEBUG Thread-7        d.u.i.k.j.TypeConverter   typeconverter: (prefix this;, class class de.uka.ilkd.key.java.reference.ThisReference) 
32916      DEBUG Thread-7        d.u.i.k.j.TypeConverter   typeconverter: (prefix this;, class class de.uka.ilkd.key.java.reference.ThisReference) 
32922      DEBUG Thread-7        d.u.i.k.j.TypeConverter   typeconverter: (prefix this;, class class de.uka.ilkd.key.java.reference.ThisReference) 
32942      DEBUG Thread-7        d.u.i.k.j.TypeConverter   typeconverter: (prefix this;, class class de.uka.ilkd.key.java.reference.ThisReference) 
33120      DEBUG Thread-7        d.u.i.k.j.TypeConverter   typeconverter: (prefix this;, class class de.uka.ilkd.key.java.reference.ThisReference) 
33248      DEBUG Thread-7        d.u.i.k.j.TypeConverter   typeconverter: (prefix this;, class class de.uka.ilkd.key.java.reference.ThisReference) 
33254      DEBUG Thread-7        d.u.i.k.j.TypeConverter   typeconverter: (prefix this;, class class de.uka.ilkd.key.java.reference.ThisReference) 
33274      DEBUG Thread-7        d.u.i.k.j.TypeConverter   typeconverter: (prefix this;, class class de.uka.ilkd.key.java.reference.ThisReference) 
33446      DEBUG Thread-7        d.u.i.k.j.TypeConverter   typeconverter: (prefix this;, class class de.uka.ilkd.key.java.reference.ThisReference) 
33633      DEBUG Thread-7        d.u.i.k.j.TypeConverter   typeconverter: (prefix this;, class class de.uka.ilkd.key.java.reference.ThisReference) 
33641      DEBUG Thread-7        d.u.i.k.j.TypeConverter   typeconverter: (prefix this;, class class de.uka.ilkd.key.java.reference.ThisReference) 
33651      DEBUG Thread-7        d.u.i.k.j.TypeConverter   typeconverter: (prefix this;, class class de.uka.ilkd.key.java.reference.ThisReference) 
33684      DEBUG Thread-7        d.u.i.k.r.m.WhileLoopTransformation While-Loop-Tranform-Result: try {
  {
    if (_x_A > 0) {
      this.low = this.low + 1;
      _x_A = _x_A - 1;
    }
  }
} catch (java.lang.Throwable e#268) {
  exc#267 = true;
  thrownExc#269 = e#268;
} 
33834      DEBUG Thread-7        d.u.i.k.r.m.WhileLoopTransformation While-Loop-Tranform-Result: try {
  {
    if (_x_A > 0) {
      this.low = this.low + 1;
      _x_A = _x_A - 1;
    }
  }
} catch (java.lang.Throwable e#290) {
  exc#289 = true;
  thrownExc#291 = e#290;
} 
34531      DEBUG Thread-7        d.u.i.k.j.TypeConverter   typeconverter: (prefix this;, class class de.uka.ilkd.key.java.reference.ThisReference) 
34660      DEBUG Thread-7        d.u.i.k.j.TypeConverter   typeconverter: (prefix this;, class class de.uka.ilkd.key.java.reference.ThisReference) 
34666      DEBUG Thread-7        d.u.i.k.j.TypeConverter   typeconverter: (prefix this;, class class de.uka.ilkd.key.java.reference.ThisReference) 
34686      DEBUG Thread-7        d.u.i.k.j.TypeConverter   typeconverter: (prefix this;, class class de.uka.ilkd.key.java.reference.ThisReference) 
34858      DEBUG Thread-7        d.u.i.k.j.TypeConverter   typeconverter: (prefix this;, class class de.uka.ilkd.key.java.reference.ThisReference) 
35034      DEBUG Thread-7        d.u.i.k.j.TypeConverter   typeconverter: (prefix this;, class class de.uka.ilkd.key.java.reference.ThisReference) 
35040      DEBUG Thread-7        d.u.i.k.j.TypeConverter   typeconverter: (prefix this;, class class de.uka.ilkd.key.java.reference.ThisReference) 
35058      DEBUG Thread-7        d.u.i.k.j.TypeConverter   typeconverter: (prefix this;, class class de.uka.ilkd.key.java.reference.ThisReference) 
35225      INFO  main            d.u.i.k.p.r.p.TestFile    ... finished proof: open goal(s) 
35444      DEBUG main            d.u.i.k.s.TermLabelSettings TermLabelSettings: Failure while reading the setting "UseOriginLabels".Using the default value: true.The string read was: null 
35444      INFO  main            d.u.i.k.p.r.p.TestFile    Now processing file /home/runner/work/key/key/key.core/../key.ui/examples/InformationFlow/LoopInvariants/loop.IFLoopExamples(loop.IFLoopExamples__insecure_doubleNestedWhile(int)).Non-interference contract.0.key 
35445      DEBUG main            d.u.i.k.p.i.KeYFile       Reading KeY file /home/runner/work/key/key/key.core/../key.ui/examples/InformationFlow/LoopInvariants/loop.IFLoopExamples(loop.IFLoopExamples__insecure_doubleNestedWhile(int)).Non-interference contract.0.key 
36416      DEBUG main            d.u.i.k.j.Recoder2KeY     converting now /home/runner/work/key/key/key.core/../key.ui/examples/InformationFlow/LoopInvariants/src/loop/IFLoopExamples.java 
36426      DEBUG main            d.u.i.k.s.TermLabelSettings TermLabelSettings: Failure while reading the setting "UseOriginLabels".Using the default value: true.The string read was: null 
36428      DEBUG main            d.u.i.k.p.i.KeYFile       Reading KeY file file:/home/runner/work/key/key/key.core/build/resources/main/de/uka/ilkd/key/java/JavaRedux/java/lang/String.key 
38423      DEBUG main            d.u.i.k.p.i.KeYFile       Reading KeY file /home/runner/work/key/key/key.core/../key.ui/examples/InformationFlow/LoopInvariants/loop.IFLoopExamples(loop.IFLoopExamples__insecure_doubleNestedWhile(int)).Non-interference contract.0.key 
38467      DEBUG Thread-9        d.u.i.k.r.m.WhileLoopTransformation While-Loop-Tranform-Result: try {
  {
    if (_x_A > 0) {
      this.low = this.low + 1;
      _x_A = _x_A - 1;
      while (_x_A > 0) {
        this.low = this.low + 1;
        _x_A = _x_A - 1;
        while (_x_A > 0) {
          this.low = this.low + 1;
          _x_A = _x_A - 1;
        }
      }
    }
  }
} catch (java.lang.Throwable e#4) {
  exc#3 = true;
  thrownExc#5 = e#4;
} 
38579      DEBUG Thread-9        d.u.i.k.r.m.WhileLoopTransformation While-Loop-Tranform-Result: try {
  {
    if (_x_B > 0) {
      this.low = this.low + 1;
      _x_B = _x_B - 1;
      while (_x_B > 0) {
        this.low = this.low + 1;
        _x_B = _x_B - 1;
        while (_x_B > 0) {
          this.low = this.low + 1;
          _x_B = _x_B - 1;
        }
      }
    }
  }
} catch (java.lang.Throwable e#26) {
  exc#25 = true;
  thrownExc#27 = e#26;
} 
38995      DEBUG Thread-9        d.u.i.k.j.TypeConverter   typeconverter: (prefix this;, class class de.uka.ilkd.key.java.reference.ThisReference) 
39120      DEBUG Thread-9        d.u.i.k.j.TypeConverter   typeconverter: (prefix this;, class class de.uka.ilkd.key.java.reference.ThisReference) 
39128      DEBUG Thread-9        d.u.i.k.j.TypeConverter   typeconverter: (prefix this;, class class de.uka.ilkd.key.java.reference.ThisReference) 
39153      DEBUG Thread-9        d.u.i.k.j.TypeConverter   typeconverter: (prefix this;, class class de.uka.ilkd.key.java.reference.ThisReference) 
39176      DEBUG Thread-9        d.u.i.k.r.m.WhileLoopTransformation While-Loop-Tranform-Result: try {
  {
    if (_x_B > 0) {
      this.low = this.low + 1;
      _x_B = _x_B - 1;
      while (_x_B > 0) {
        this.low = this.low + 1;
        _x_B = _x_B - 1;
      }
    }
  }
} catch (java.lang.Throwable e#48) {
  exc#47 = true;
  thrownExc#49 = e#48;
} 
39402      DEBUG Thread-9        d.u.i.k.r.m.WhileLoopTransformation While-Loop-Tranform-Result: try {
  {
    if (_x_B > 0) {
      this.low = this.low + 1;
      _x_B = _x_B - 1;
      while (_x_B > 0) {
        this.low = this.low + 1;
        _x_B = _x_B - 1;
      }
    }
  }
} catch (java.lang.Throwable e#70) {
  exc#69 = true;
  thrownExc#71 = e#70;
} 
39844      DEBUG Thread-9        d.u.i.k.j.TypeConverter   typeconverter: (prefix this;, class class de.uka.ilkd.key.java.reference.ThisReference) 
39971      DEBUG Thread-9        d.u.i.k.j.TypeConverter   typeconverter: (prefix this;, class class de.uka.ilkd.key.java.reference.ThisReference) 
39978      DEBUG Thread-9        d.u.i.k.j.TypeConverter   typeconverter: (prefix this;, class class de.uka.ilkd.key.java.reference.ThisReference) 
40000      DEBUG Thread-9        d.u.i.k.j.TypeConverter   typeconverter: (prefix this;, class class de.uka.ilkd.key.java.reference.ThisReference) 
40021      DEBUG Thread-9        d.u.i.k.r.m.WhileLoopTransformation While-Loop-Tranform-Result: try {
  {
    if (_x_B > 0) {
      this.low = this.low + 1;
      _x_B = _x_B - 1;
    }
  }
} catch (java.lang.Throwable e#92) {
  exc#91 = true;
  thrownExc#93 = e#92;
} 
40184      DEBUG Thread-9        d.u.i.k.r.m.WhileLoopTransformation While-Loop-Tranform-Result: try {
  {
    if (_x_B > 0) {
      this.low = this.low + 1;
      _x_B = _x_B - 1;
    }
  }
} catch (java.lang.Throwable e#114) {
  exc#113 = true;
  thrownExc#115 = e#114;
} 
40700      DEBUG Thread-9        d.u.i.k.j.TypeConverter   typeconverter: (prefix this;, class class de.uka.ilkd.key.java.reference.ThisReference) 
40841      DEBUG Thread-9        d.u.i.k.j.TypeConverter   typeconverter: (prefix this;, class class de.uka.ilkd.key.java.reference.ThisReference) 
40848      DEBUG Thread-9        d.u.i.k.j.TypeConverter   typeconverter: (prefix this;, class class de.uka.ilkd.key.java.reference.ThisReference) 
40872      DEBUG Thread-9        d.u.i.k.j.TypeConverter   typeconverter: (prefix this;, class class de.uka.ilkd.key.java.reference.ThisReference) 
41058      DEBUG Thread-9        d.u.i.k.j.TypeConverter   typeconverter: (prefix this;, class class de.uka.ilkd.key.java.reference.ThisReference) 
41193      DEBUG Thread-9        d.u.i.k.j.TypeConverter   typeconverter: (prefix this;, class class de.uka.ilkd.key.java.reference.ThisReference) 
41200      DEBUG Thread-9        d.u.i.k.j.TypeConverter   typeconverter: (prefix this;, class class de.uka.ilkd.key.java.reference.ThisReference) 
41219      DEBUG Thread-9        d.u.i.k.j.TypeConverter   typeconverter: (prefix this;, class class de.uka.ilkd.key.java.reference.ThisReference) 
41428      DEBUG Thread-9        d.u.i.k.j.TypeConverter   typeconverter: (prefix this;, class class de.uka.ilkd.key.java.reference.ThisReference) 
41557      DEBUG Thread-9        d.u.i.k.j.TypeConverter   typeconverter: (prefix this;, class class de.uka.ilkd.key.java.reference.ThisReference) 
41564      DEBUG Thread-9        d.u.i.k.j.TypeConverter   typeconverter: (prefix this;, class class de.uka.ilkd.key.java.reference.ThisReference) 
41586      DEBUG Thread-9        d.u.i.k.j.TypeConverter   typeconverter: (prefix this;, class class de.uka.ilkd.key.java.reference.ThisReference) 
41610      DEBUG Thread-9        d.u.i.k.r.m.WhileLoopTransformation While-Loop-Tranform-Result: try {
  {
    if (_x_B > 0) {
      this.low = this.low + 1;
      _x_B = _x_B - 1;
    }
  }
} catch (java.lang.Throwable e#136) {
  exc#135 = true;
  thrownExc#137 = e#136;
} 
41774      DEBUG Thread-9        d.u.i.k.r.m.WhileLoopTransformation While-Loop-Tranform-Result: try {
  {
    if (_x_B > 0) {
      this.low = this.low + 1;
      _x_B = _x_B - 1;
    }
  }
} catch (java.lang.Throwable e#158) {
  exc#157 = true;
  thrownExc#159 = e#158;
} 
42207      DEBUG Thread-9        d.u.i.k.j.TypeConverter   typeconverter: (prefix this;, class class de.uka.ilkd.key.java.reference.ThisReference) 
42377      DEBUG Thread-9        d.u.i.k.j.TypeConverter   typeconverter: (prefix this;, class class de.uka.ilkd.key.java.reference.ThisReference) 
42383      DEBUG Thread-9        d.u.i.k.j.TypeConverter   typeconverter: (prefix this;, class class de.uka.ilkd.key.java.reference.ThisReference) 
42402      DEBUG Thread-9        d.u.i.k.j.TypeConverter   typeconverter: (prefix this;, class class de.uka.ilkd.key.java.reference.ThisReference) 
42565      DEBUG Thread-9        d.u.i.k.j.TypeConverter   typeconverter: (prefix this;, class class de.uka.ilkd.key.java.reference.ThisReference) 
42687      DEBUG Thread-9        d.u.i.k.j.TypeConverter   typeconverter: (prefix this;, class class de.uka.ilkd.key.java.reference.ThisReference) 
42693      DEBUG Thread-9        d.u.i.k.j.TypeConverter   typeconverter: (prefix this;, class class de.uka.ilkd.key.java.reference.ThisReference) 
42712      DEBUG Thread-9        d.u.i.k.j.TypeConverter   typeconverter: (prefix this;, class class de.uka.ilkd.key.java.reference.ThisReference) 
42887      DEBUG Thread-9        d.u.i.k.j.TypeConverter   typeconverter: (prefix this;, class class de.uka.ilkd.key.java.reference.ThisReference) 
43012      DEBUG Thread-9        d.u.i.k.j.TypeConverter   typeconverter: (prefix this;, class class de.uka.ilkd.key.java.reference.ThisReference) 
43020      DEBUG Thread-9        d.u.i.k.j.TypeConverter   typeconverter: (prefix this;, class class de.uka.ilkd.key.java.reference.ThisReference) 
43044      DEBUG Thread-9        d.u.i.k.j.TypeConverter   typeconverter: (prefix this;, class class de.uka.ilkd.key.java.reference.ThisReference) 
43068      DEBUG Thread-9        d.u.i.k.r.m.WhileLoopTransformation While-Loop-Tranform-Result: try {
  {
    if (_x_A > 0) {
      this.low = this.low + 1;
      _x_A = _x_A - 1;
      while (_x_A > 0) {
        this.low = this.low + 1;
        _x_A = _x_A - 1;
      }
    }
  }
} catch (java.lang.Throwable e#180) {
  exc#179 = true;
  thrownExc#181 = e#180;
} 
43313      DEBUG Thread-9        d.u.i.k.r.m.WhileLoopTransformation While-Loop-Tranform-Result: try {
  {
    if (_x_A > 0) {
      this.low = this.low + 1;
      _x_A = _x_A - 1;
      while (_x_A > 0) {
        this.low = this.low + 1;
        _x_A = _x_A - 1;
      }
    }
  }
} catch (java.lang.Throwable e#202) {
  exc#201 = true;
  thrownExc#203 = e#202;
} 
43702      DEBUG Thread-9        d.u.i.k.j.TypeConverter   typeconverter: (prefix this;, class class de.uka.ilkd.key.java.reference.ThisReference) 
43828      DEBUG Thread-9        d.u.i.k.j.TypeConverter   typeconverter: (prefix this;, class class de.uka.ilkd.key.java.reference.ThisReference) 
43835      DEBUG Thread-9        d.u.i.k.j.TypeConverter   typeconverter: (prefix this;, class class de.uka.ilkd.key.java.reference.ThisReference) 
43857      DEBUG Thread-9        d.u.i.k.j.TypeConverter   typeconverter: (prefix this;, class class de.uka.ilkd.key.java.reference.ThisReference) 
43879      DEBUG Thread-9        d.u.i.k.r.m.WhileLoopTransformation While-Loop-Tranform-Result: try {
  {
    if (_x_A > 0) {
      this.low = this.low + 1;
      _x_A = _x_A - 1;
    }
  }
} catch (java.lang.Throwable e#224) {
  exc#223 = true;
  thrownExc#225 = e#224;
} 
44044      DEBUG Thread-9        d.u.i.k.r.m.WhileLoopTransformation While-Loop-Tranform-Result: try {
  {
    if (_x_A > 0) {
      this.low = this.low + 1;
      _x_A = _x_A - 1;
    }
  }
} catch (java.lang.Throwable e#246) {
  exc#245 = true;
  thrownExc#247 = e#246;
} 
44572      DEBUG Thread-9        d.u.i.k.j.TypeConverter   typeconverter: (prefix this;, class class de.uka.ilkd.key.java.reference.ThisReference) 
44706      DEBUG Thread-9        d.u.i.k.j.TypeConverter   typeconverter: (prefix this;, class class de.uka.ilkd.key.java.reference.ThisReference) 
44712      DEBUG Thread-9        d.u.i.k.j.TypeConverter   typeconverter: (prefix this;, class class de.uka.ilkd.key.java.reference.ThisReference) 
44731      DEBUG Thread-9        d.u.i.k.j.TypeConverter   typeconverter: (prefix this;, class class de.uka.ilkd.key.java.reference.ThisReference) 
44895      DEBUG Thread-9        d.u.i.k.j.TypeConverter   typeconverter: (prefix this;, class class de.uka.ilkd.key.java.reference.ThisReference) 
45017      DEBUG Thread-9        d.u.i.k.j.TypeConverter   typeconverter: (prefix this;, class class de.uka.ilkd.key.java.reference.ThisReference) 
45023      DEBUG Thread-9        d.u.i.k.j.TypeConverter   typeconverter: (prefix this;, class class de.uka.ilkd.key.java.reference.ThisReference) 
45042      DEBUG Thread-9        d.u.i.k.j.TypeConverter   typeconverter: (prefix this;, class class de.uka.ilkd.key.java.reference.ThisReference) 
45216      DEBUG Thread-9        d.u.i.k.j.TypeConverter   typeconverter: (prefix this;, class class de.uka.ilkd.key.java.reference.ThisReference) 
45385      DEBUG Thread-9        d.u.i.k.j.TypeConverter   typeconverter: (prefix this;, class class de.uka.ilkd.key.java.reference.ThisReference) 
45391      DEBUG Thread-9        d.u.i.k.j.TypeConverter   typeconverter: (prefix this;, class class de.uka.ilkd.key.java.reference.ThisReference) 
45413      DEBUG Thread-9        d.u.i.k.j.TypeConverter   typeconverter: (prefix this;, class class de.uka.ilkd.key.java.reference.ThisReference) 
45439      DEBUG Thread-9        d.u.i.k.r.m.WhileLoopTransformation While-Loop-Tranform-Result: try {
  {
    if (_x_A > 0) {
      this.low = this.low + 1;
      _x_A = _x_A - 1;
    }
  }
} catch (java.lang.Throwable e#268) {
  exc#267 = true;
  thrownExc#269 = e#268;
} 
45602      DEBUG Thread-9        d.u.i.k.r.m.WhileLoopTransformation While-Loop-Tranform-Result: try {
  {
    if (_x_A > 0) {
      this.low = this.low + 1;
      _x_A = _x_A - 1;
    }
  }
} catch (java.lang.Throwable e#290) {
  exc#289 = true;
  thrownExc#291 = e#290;
} 
46023      DEBUG Thread-9        d.u.i.k.j.TypeConverter   typeconverter: (prefix this;, class class de.uka.ilkd.key.java.reference.ThisReference) 
46148      DEBUG Thread-9        d.u.i.k.j.TypeConverter   typeconverter: (prefix this;, class class de.uka.ilkd.key.java.reference.ThisReference) 
46154      DEBUG Thread-9        d.u.i.k.j.TypeConverter   typeconverter: (prefix this;, class class de.uka.ilkd.key.java.reference.ThisReference) 
46174      DEBUG Thread-9        d.u.i.k.j.TypeConverter   typeconverter: (prefix this;, class class de.uka.ilkd.key.java.reference.ThisReference) 
46340      DEBUG Thread-9        d.u.i.k.j.TypeConverter   typeconverter: (prefix this;, class class de.uka.ilkd.key.java.reference.ThisReference) 
46464      DEBUG Thread-9        d.u.i.k.j.TypeConverter   typeconverter: (prefix this;, class class de.uka.ilkd.key.java.reference.ThisReference) 
46470      DEBUG Thread-9        d.u.i.k.j.TypeConverter   typeconverter: (prefix this;, class class de.uka.ilkd.key.java.reference.ThisReference) 
46490      DEBUG Thread-9        d.u.i.k.j.TypeConverter   typeconverter: (prefix this;, class class de.uka.ilkd.key.java.reference.ThisReference) 
46725      INFO  main            d.u.i.k.p.r.p.TestFile    ... finished proof: open goal(s) 
47025      DEBUG main            d.u.i.k.s.TermLabelSettings TermLabelSettings: Failure while reading the setting "UseOriginLabels".Using the default value: true.The string read was: null 
47026      INFO  main            d.u.i.k.p.r.p.TestFile    Now processing file /home/runner/work/key/key/key.core/../key.ui/examples/InformationFlow/LoopInvariants/loop.IFLoopExamples(loop.IFLoopExamples__secure_doubleNestedWhile(int)).Non-interference contract.0.key 
47026      DEBUG main            d.u.i.k.p.i.KeYFile       Reading KeY file /home/runner/work/key/key/key.core/../key.ui/examples/InformationFlow/LoopInvariants/loop.IFLoopExamples(loop.IFLoopExamples__secure_doubleNestedWhile(int)).Non-interference contract.0.key 
47994      DEBUG main            d.u.i.k.j.Recoder2KeY     converting now /home/runner/work/key/key/key.core/../key.ui/examples/InformationFlow/LoopInvariants/src/loop/IFLoopExamples.java 
48002      DEBUG main            d.u.i.k.s.TermLabelSettings TermLabelSettings: Failure while reading the setting "UseOriginLabels".Using the default value: true.The string read was: null 
48003      DEBUG main            d.u.i.k.p.i.KeYFile       Reading KeY file file:/home/runner/work/key/key/key.core/build/resources/main/de/uka/ilkd/key/java/JavaRedux/java/lang/String.key 
50052      DEBUG main            d.u.i.k.p.i.KeYFile       Reading KeY file /home/runner/work/key/key/key.core/../key.ui/examples/InformationFlow/LoopInvariants/loop.IFLoopExamples(loop.IFLoopExamples__secure_doubleNestedWhile(int)).Non-interference contract.0.key 
50116      DEBUG Thread-11       d.u.i.k.r.m.WhileLoopTransformation While-Loop-Tranform-Result: try {
  {
    if (_x_A > 0) {
      this.low = this.low + 1;
      _x_A = _x_A - 1;
      while (_x_A > 0) {
        this.low = this.low + 1;
        _x_A = _x_A - 1;
        while (_x_A > 0) {
          this.low = this.low + 1;
          _x_A = _x_A - 1;
        }
      }
    }
  }
} catch (java.lang.Throwable e#4) {
  exc#3 = true;
  thrownExc#5 = e#4;
} 
50242      DEBUG Thread-11       d.u.i.k.r.m.WhileLoopTransformation While-Loop-Tranform-Result: try {
  {
    if (_x_B > 0) {
      this.low = this.low + 1;
      _x_B = _x_B - 1;
      while (_x_B > 0) {
        this.low = this.low + 1;
        _x_B = _x_B - 1;
        while (_x_B > 0) {
          this.low = this.low + 1;
          _x_B = _x_B - 1;
        }
      }
    }
  }
} catch (java.lang.Throwable e#26) {
  exc#25 = true;
  thrownExc#27 = e#26;
} 
50536      DEBUG Thread-11       d.u.i.k.j.TypeConverter   typeconverter: (prefix this;, class class de.uka.ilkd.key.java.reference.ThisReference) 
50679      DEBUG Thread-11       d.u.i.k.j.TypeConverter   typeconverter: (prefix this;, class class de.uka.ilkd.key.java.reference.ThisReference) 
50689      DEBUG Thread-11       d.u.i.k.j.TypeConverter   typeconverter: (prefix this;, class class de.uka.ilkd.key.java.reference.ThisReference) 
50716      DEBUG Thread-11       d.u.i.k.j.TypeConverter   typeconverter: (prefix this;, class class de.uka.ilkd.key.java.reference.ThisReference) 
50740      DEBUG Thread-11       d.u.i.k.r.m.WhileLoopTransformation While-Loop-Tranform-Result: try {
  {
    if (_x_B > 0) {
      this.low = this.low + 1;
      _x_B = _x_B - 1;
      while (_x_B > 0) {
        this.low = this.low + 1;
        _x_B = _x_B - 1;
      }
    }
  }
} catch (java.lang.Throwable e#48) {
  exc#47 = true;
  thrownExc#49 = e#48;
} 
50926      DEBUG Thread-11       d.u.i.k.r.m.WhileLoopTransformation While-Loop-Tranform-Result: try {
  {
    if (_x_B > 0) {
      this.low = this.low + 1;
      _x_B = _x_B - 1;
      while (_x_B > 0) {
        this.low = this.low + 1;
        _x_B = _x_B - 1;
      }
    }
  }
} catch (java.lang.Throwable e#70) {
  exc#69 = true;
  thrownExc#71 = e#70;
} 
51395      DEBUG Thread-11       d.u.i.k.j.TypeConverter   typeconverter: (prefix this;, class class de.uka.ilkd.key.java.reference.ThisReference) 
51525      DEBUG Thread-11       d.u.i.k.j.TypeConverter   typeconverter: (prefix this;, class class de.uka.ilkd.key.java.reference.ThisReference) 
51533      DEBUG Thread-11       d.u.i.k.j.TypeConverter   typeconverter: (prefix this;, class class de.uka.ilkd.key.java.reference.ThisReference) 
51556      DEBUG Thread-11       d.u.i.k.j.TypeConverter   typeconverter: (prefix this;, class class de.uka.ilkd.key.java.reference.ThisReference) 
51577      DEBUG Thread-11       d.u.i.k.r.m.WhileLoopTransformation While-Loop-Tranform-Result: try {
  {
    if (_x_B > 0) {
      this.low = this.low + 1;
      _x_B = _x_B - 1;
    }
  }
} catch (java.lang.Throwable e#92) {
  exc#91 = true;
  thrownExc#93 = e#92;
} 
51745      DEBUG Thread-11       d.u.i.k.r.m.WhileLoopTransformation While-Loop-Tranform-Result: try {
  {
    if (_x_B > 0) {
      this.low = this.low + 1;
      _x_B = _x_B - 1;
    }
  }
} catch (java.lang.Throwable e#114) {
  exc#113 = true;
  thrownExc#115 = e#114;
} 
52204      DEBUG Thread-11       d.u.i.k.j.TypeConverter   typeconverter: (prefix this;, class class de.uka.ilkd.key.java.reference.ThisReference) 
52336      DEBUG Thread-11       d.u.i.k.j.TypeConverter   typeconverter: (prefix this;, class class de.uka.ilkd.key.java.reference.ThisReference) 
52343      DEBUG Thread-11       d.u.i.k.j.TypeConverter   typeconverter: (prefix this;, class class de.uka.ilkd.key.java.reference.ThisReference) 
52363      DEBUG Thread-11       d.u.i.k.j.TypeConverter   typeconverter: (prefix this;, class class de.uka.ilkd.key.java.reference.ThisReference) 
52580      DEBUG Thread-11       d.u.i.k.j.TypeConverter   typeconverter: (prefix this;, class class de.uka.ilkd.key.java.reference.ThisReference) 
52706      DEBUG Thread-11       d.u.i.k.j.TypeConverter   typeconverter: (prefix this;, class class de.uka.ilkd.key.java.reference.ThisReference) 
52712      DEBUG Thread-11       d.u.i.k.j.TypeConverter   typeconverter: (prefix this;, class class de.uka.ilkd.key.java.reference.ThisReference) 
52732      DEBUG Thread-11       d.u.i.k.j.TypeConverter   typeconverter: (prefix this;, class class de.uka.ilkd.key.java.reference.ThisReference) 
52906      DEBUG Thread-11       d.u.i.k.j.TypeConverter   typeconverter: (prefix this;, class class de.uka.ilkd.key.java.reference.ThisReference) 
53033      DEBUG Thread-11       d.u.i.k.j.TypeConverter   typeconverter: (prefix this;, class class de.uka.ilkd.key.java.reference.ThisReference) 
53040      DEBUG Thread-11       d.u.i.k.j.TypeConverter   typeconverter: (prefix this;, class class de.uka.ilkd.key.java.reference.ThisReference) 
53063      DEBUG Thread-11       d.u.i.k.j.TypeConverter   typeconverter: (prefix this;, class class de.uka.ilkd.key.java.reference.ThisReference) 
53085      DEBUG Thread-11       d.u.i.k.r.m.WhileLoopTransformation While-Loop-Tranform-Result: try {
  {
    if (_x_B > 0) {
      this.low = this.low + 1;
      _x_B = _x_B - 1;
    }
  }
} catch (java.lang.Throwable e#136) {
  exc#135 = true;
  thrownExc#137 = e#136;
} 
53251      DEBUG Thread-11       d.u.i.k.r.m.WhileLoopTransformation While-Loop-Tranform-Result: try {
  {
    if (_x_B > 0) {
      this.low = this.low + 1;
      _x_B = _x_B - 1;
    }
  }
} catch (java.lang.Throwable e#158) {
  exc#157 = true;
  thrownExc#159 = e#158;
} 
53745      DEBUG Thread-11       d.u.i.k.j.TypeConverter   typeconverter: (prefix this;, class class de.uka.ilkd.key.java.reference.ThisReference) 
53872      DEBUG Thread-11       d.u.i.k.j.TypeConverter   typeconverter: (prefix this;, class class de.uka.ilkd.key.java.reference.ThisReference) 
53879      DEBUG Thread-11       d.u.i.k.j.TypeConverter   typeconverter: (prefix this;, class class de.uka.ilkd.key.java.reference.ThisReference) 
53898      DEBUG Thread-11       d.u.i.k.j.TypeConverter   typeconverter: (prefix this;, class class de.uka.ilkd.key.java.reference.ThisReference) 
54066      DEBUG Thread-11       d.u.i.k.j.TypeConverter   typeconverter: (prefix this;, class class de.uka.ilkd.key.java.reference.ThisReference) 
54189      DEBUG Thread-11       d.u.i.k.j.TypeConverter   typeconverter: (prefix this;, class class de.uka.ilkd.key.java.reference.ThisReference) 
54195      DEBUG Thread-11       d.u.i.k.j.TypeConverter   typeconverter: (prefix this;, class class de.uka.ilkd.key.java.reference.ThisReference) 
54214      DEBUG Thread-11       d.u.i.k.j.TypeConverter   typeconverter: (prefix this;, class class de.uka.ilkd.key.java.reference.ThisReference) 
54390      DEBUG Thread-11       d.u.i.k.j.TypeConverter   typeconverter: (prefix this;, class class de.uka.ilkd.key.java.reference.ThisReference) 
54516      DEBUG Thread-11       d.u.i.k.j.TypeConverter   typeconverter: (prefix this;, class class de.uka.ilkd.key.java.reference.ThisReference) 
54524      DEBUG Thread-11       d.u.i.k.j.TypeConverter   typeconverter: (prefix this;, class class de.uka.ilkd.key.java.reference.ThisReference) 
54548      DEBUG Thread-11       d.u.i.k.j.TypeConverter   typeconverter: (prefix this;, class class de.uka.ilkd.key.java.reference.ThisReference) 
54572      DEBUG Thread-11       d.u.i.k.r.m.WhileLoopTransformation While-Loop-Tranform-Result: try {
  {
    if (_x_A > 0) {
      this.low = this.low + 1;
      _x_A = _x_A - 1;
      while (_x_A > 0) {
        this.low = this.low + 1;
        _x_A = _x_A - 1;
      }
    }
  }
} catch (java.lang.Throwable e#180) {
  exc#179 = true;
  thrownExc#181 = e#180;
} 
54800      DEBUG Thread-11       d.u.i.k.r.m.WhileLoopTransformation While-Loop-Tranform-Result: try {
  {
    if (_x_A > 0) {
      this.low = this.low + 1;
      _x_A = _x_A - 1;
      while (_x_A > 0) {
        this.low = this.low + 1;
        _x_A = _x_A - 1;
      }
    }
  }
} catch (java.lang.Throwable e#202) {
  exc#201 = true;
  thrownExc#203 = e#202;
} 
55195      DEBUG Thread-11       d.u.i.k.j.TypeConverter   typeconverter: (prefix this;, class class de.uka.ilkd.key.java.reference.ThisReference) 
55319      DEBUG Thread-11       d.u.i.k.j.TypeConverter   typeconverter: (prefix this;, class class de.uka.ilkd.key.java.reference.ThisReference) 
55326      DEBUG Thread-11       d.u.i.k.j.TypeConverter   typeconverter: (prefix this;, class class de.uka.ilkd.key.java.reference.ThisReference) 
55348      DEBUG Thread-11       d.u.i.k.j.TypeConverter   typeconverter: (prefix this;, class class de.uka.ilkd.key.java.reference.ThisReference) 
55369      DEBUG Thread-11       d.u.i.k.r.m.WhileLoopTransformation While-Loop-Tranform-Result: try {
  {
    if (_x_A > 0) {
      this.low = this.low + 1;
      _x_A = _x_A - 1;
    }
  }
} catch (java.lang.Throwable e#224) {
  exc#223 = true;
  thrownExc#225 = e#224;
} 
55533      DEBUG Thread-11       d.u.i.k.r.m.WhileLoopTransformation While-Loop-Tranform-Result: try {
  {
    if (_x_A > 0) {
      this.low = this.low + 1;
      _x_A = _x_A - 1;
    }
  }
} catch (java.lang.Throwable e#246) {
  exc#245 = true;
  thrownExc#247 = e#246;
} 
56022      DEBUG Thread-11       d.u.i.k.j.TypeConverter   typeconverter: (prefix this;, class class de.uka.ilkd.key.java.reference.ThisReference) 
56152      DEBUG Thread-11       d.u.i.k.j.TypeConverter   typeconverter: (prefix this;, class class de.uka.ilkd.key.java.reference.ThisReference) 
56158      DEBUG Thread-11       d.u.i.k.j.TypeConverter   typeconverter: (prefix this;, class class de.uka.ilkd.key.java.reference.ThisReference) 
56178      DEBUG Thread-11       d.u.i.k.j.TypeConverter   typeconverter: (prefix this;, class class de.uka.ilkd.key.java.reference.ThisReference) 
56345      DEBUG Thread-11       d.u.i.k.j.TypeConverter   typeconverter: (prefix this;, class class de.uka.ilkd.key.java.reference.ThisReference) 
56469      DEBUG Thread-11       d.u.i.k.j.TypeConverter   typeconverter: (prefix this;, class class de.uka.ilkd.key.java.reference.ThisReference) 
56475      DEBUG Thread-11       d.u.i.k.j.TypeConverter   typeconverter: (prefix this;, class class de.uka.ilkd.key.java.reference.ThisReference) 
56494      DEBUG Thread-11       d.u.i.k.j.TypeConverter   typeconverter: (prefix this;, class class de.uka.ilkd.key.java.reference.ThisReference) 
56665      DEBUG Thread-11       d.u.i.k.j.TypeConverter   typeconverter: (prefix this;, class class de.uka.ilkd.key.java.reference.ThisReference) 
56789      DEBUG Thread-11       d.u.i.k.j.TypeConverter   typeconverter: (prefix this;, class class de.uka.ilkd.key.java.reference.ThisReference) 
56796      DEBUG Thread-11       d.u.i.k.j.TypeConverter   typeconverter: (prefix this;, class class de.uka.ilkd.key.java.reference.ThisReference) 
56817      DEBUG Thread-11       d.u.i.k.j.TypeConverter   typeconverter: (prefix this;, class class de.uka.ilkd.key.java.reference.ThisReference) 
56839      DEBUG Thread-11       d.u.i.k.r.m.WhileLoopTransformation While-Loop-Tranform-Result: try {
  {
    if (_x_A > 0) {
      this.low = this.low + 1;
      _x_A = _x_A - 1;
    }
  }
} catch (java.lang.Throwable e#268) {
  exc#267 = true;
  thrownExc#269 = e#268;
} 
57005      DEBUG Thread-11       d.u.i.k.r.m.WhileLoopTransformation While-Loop-Tranform-Result: try {
  {
    if (_x_A > 0) {
      this.low = this.low + 1;
      _x_A = _x_A - 1;
    }
  }
} catch (java.lang.Throwable e#290) {
  exc#289 = true;
  thrownExc#291 = e#290;
} 
57477      DEBUG Thread-11       d.u.i.k.j.TypeConverter   typeconverter: (prefix this;, class class de.uka.ilkd.key.java.reference.ThisReference) 
57601      DEBUG Thread-11       d.u.i.k.j.TypeConverter   typeconverter: (prefix this;, class class de.uka.ilkd.key.java.reference.ThisReference) 
57607      DEBUG Thread-11       d.u.i.k.j.TypeConverter   typeconverter: (prefix this;, class class de.uka.ilkd.key.java.reference.ThisReference) 
57627      DEBUG Thread-11       d.u.i.k.j.TypeConverter   typeconverter: (prefix this;, class class de.uka.ilkd.key.java.reference.ThisReference) 
57796      DEBUG Thread-11       d.u.i.k.j.TypeConverter   typeconverter: (prefix this;, class class de.uka.ilkd.key.java.reference.ThisReference) 
57919      DEBUG Thread-11       d.u.i.k.j.TypeConverter   typeconverter: (prefix this;, class class de.uka.ilkd.key.java.reference.ThisReference) 
57925      DEBUG Thread-11       d.u.i.k.j.TypeConverter   typeconverter: (prefix this;, class class de.uka.ilkd.key.java.reference.ThisReference) 
57944      DEBUG Thread-11       d.u.i.k.j.TypeConverter   typeconverter: (prefix this;, class class de.uka.ilkd.key.java.reference.ThisReference) 
58117      INFO  main            d.u.i.k.p.r.p.TestFile    ... finished proof: closed. 
58443      DEBUG main            d.u.i.k.s.TermLabelSettings TermLabelSettings: Failure while reading the setting "UseOriginLabels".Using the default value: true.The string read was: null 
58443      INFO  main            d.u.i.k.p.r.p.TestFile    Now processing file /home/runner/work/key/key/key.core/../key.ui/examples/InformationFlow/LoopInvariants/loop.IFLoopExamples(loop.IFLoopExamples__secure_nestedTwoWhile(int)).Non-interference contract.0.key 
58443      DEBUG main            d.u.i.k.p.i.KeYFile       Reading KeY file /home/runner/work/key/key/key.core/../key.ui/examples/InformationFlow/LoopInvariants/loop.IFLoopExamples(loop.IFLoopExamples__secure_nestedTwoWhile(int)).Non-interference contract.0.key 
59377      DEBUG main            d.u.i.k.j.Recoder2KeY     converting now /home/runner/work/key/key/key.core/../key.ui/examples/InformationFlow/LoopInvariants/src/loop/IFLoopExamples.java 
59386      DEBUG main            d.u.i.k.s.TermLabelSettings TermLabelSettings: Failure while reading the setting "UseOriginLabels".Using the default value: true.The string read was: null 
59387      DEBUG main            d.u.i.k.p.i.KeYFile       Reading KeY file file:/home/runner/work/key/key/key.core/build/resources/main/de/uka/ilkd/key/java/JavaRedux/java/lang/String.key 
61363      DEBUG main            d.u.i.k.p.i.KeYFile       Reading KeY file /home/runner/work/key/key/key.core/../key.ui/examples/InformationFlow/LoopInvariants/loop.IFLoopExamples(loop.IFLoopExamples__secure_nestedTwoWhile(int)).Non-interference contract.0.key 
61407      DEBUG Thread-13       d.u.i.k.r.m.WhileLoopTransformation While-Loop-Tranform-Result: try {
  {
    if (_x_A > 0) {
      this.low = this.low + 1;
      _x_A = _x_A - 1;
      while (_x_A > 0) {
        this.low = this.low + 1;
        _x_A = _x_A - 1;
      }
      while (_x_A > 0) {
        this.low = this.low + 1;
        _x_A = _x_A - 1;
      }
    }
  }
} catch (java.lang.Throwable e#4) {
  exc#3 = true;
  thrownExc#5 = e#4;
} 
61526      DEBUG Thread-13       d.u.i.k.r.m.WhileLoopTransformation While-Loop-Tranform-Result: try {
  {
    if (_x_B > 0) {
      this.low = this.low + 1;
      _x_B = _x_B - 1;
      while (_x_B > 0) {
        this.low = this.low + 1;
        _x_B = _x_B - 1;
      }
      while (_x_B > 0) {
        this.low = this.low + 1;
        _x_B = _x_B - 1;
      }
    }
  }
} catch (java.lang.Throwable e#26) {
  exc#25 = true;
  thrownExc#27 = e#26;
} 
61815      DEBUG Thread-13       d.u.i.k.j.TypeConverter   typeconverter: (prefix this;, class class de.uka.ilkd.key.java.reference.ThisReference) 
61943      DEBUG Thread-13       d.u.i.k.j.TypeConverter   typeconverter: (prefix this;, class class de.uka.ilkd.key.java.reference.ThisReference) 
61951      DEBUG Thread-13       d.u.i.k.j.TypeConverter   typeconverter: (prefix this;, class class de.uka.ilkd.key.java.reference.ThisReference) 
61976      DEBUG Thread-13       d.u.i.k.j.TypeConverter   typeconverter: (prefix this;, class class de.uka.ilkd.key.java.reference.ThisReference) 
61999      DEBUG Thread-13       d.u.i.k.r.m.WhileLoopTransformation While-Loop-Tranform-Result: try {
  {
    if (_x_B > 0) {
      this.low = this.low + 1;
      _x_B = _x_B - 1;
    }
  }
} catch (java.lang.Throwable e#48) {
  exc#47 = true;
  thrownExc#49 = e#48;
} 
62157      DEBUG Thread-13       d.u.i.k.r.m.WhileLoopTransformation While-Loop-Tranform-Result: try {
  {
    if (_x_B > 0) {
      this.low = this.low + 1;
      _x_B = _x_B - 1;
    }
  }
} catch (java.lang.Throwable e#70) {
  exc#69 = true;
  thrownExc#71 = e#70;
} 
62348      DEBUG Thread-13       d.u.i.k.r.m.WhileLoopTransformation While-Loop-Tranform-Result: try {
  {
    if (_x_B > 0) {
      this.low = this.low + 1;
      _x_B = _x_B - 1;
    }
  }
} catch (java.lang.Throwable e#92) {
  exc#91 = true;
  thrownExc#93 = e#92;
} 
62617      DEBUG Thread-13       d.u.i.k.r.m.WhileLoopTransformation While-Loop-Tranform-Result: try {
  {
    if (_x_B > 0) {
      this.low = this.low + 1;
      _x_B = _x_B - 1;
    }
  }
} catch (java.lang.Throwable e#114) {
  exc#113 = true;
  thrownExc#115 = e#114;
} 
63417      DEBUG Thread-13       d.u.i.k.j.TypeConverter   typeconverter: (prefix this;, class class de.uka.ilkd.key.java.reference.ThisReference) 
63547      DEBUG Thread-13       d.u.i.k.j.TypeConverter   typeconverter: (prefix this;, class class de.uka.ilkd.key.java.reference.ThisReference) 
63554      DEBUG Thread-13       d.u.i.k.j.TypeConverter   typeconverter: (prefix this;, class class de.uka.ilkd.key.java.reference.ThisReference) 
63574      DEBUG Thread-13       d.u.i.k.j.TypeConverter   typeconverter: (prefix this;, class class de.uka.ilkd.key.java.reference.ThisReference) 
63741      DEBUG Thread-13       d.u.i.k.j.TypeConverter   typeconverter: (prefix this;, class class de.uka.ilkd.key.java.reference.ThisReference) 
63866      DEBUG Thread-13       d.u.i.k.j.TypeConverter   typeconverter: (prefix this;, class class de.uka.ilkd.key.java.reference.ThisReference) 
63872      DEBUG Thread-13       d.u.i.k.j.TypeConverter   typeconverter: (prefix this;, class class de.uka.ilkd.key.java.reference.ThisReference) 
63892      DEBUG Thread-13       d.u.i.k.j.TypeConverter   typeconverter: (prefix this;, class class de.uka.ilkd.key.java.reference.ThisReference) 
64055      DEBUG Thread-13       d.u.i.k.j.TypeConverter   typeconverter: (prefix this;, class class de.uka.ilkd.key.java.reference.ThisReference) 
64211      DEBUG Thread-13       d.u.i.k.j.TypeConverter   typeconverter: (prefix this;, class class de.uka.ilkd.key.java.reference.ThisReference) 
64217      DEBUG Thread-13       d.u.i.k.j.TypeConverter   typeconverter: (prefix this;, class class de.uka.ilkd.key.java.reference.ThisReference) 
64236      DEBUG Thread-13       d.u.i.k.j.TypeConverter   typeconverter: (prefix this;, class class de.uka.ilkd.key.java.reference.ThisReference) 
64396      DEBUG Thread-13       d.u.i.k.j.TypeConverter   typeconverter: (prefix this;, class class de.uka.ilkd.key.java.reference.ThisReference) 
64518      DEBUG Thread-13       d.u.i.k.j.TypeConverter   typeconverter: (prefix this;, class class de.uka.ilkd.key.java.reference.ThisReference) 
64524      DEBUG Thread-13       d.u.i.k.j.TypeConverter   typeconverter: (prefix this;, class class de.uka.ilkd.key.java.reference.ThisReference) 
64543      DEBUG Thread-13       d.u.i.k.j.TypeConverter   typeconverter: (prefix this;, class class de.uka.ilkd.key.java.reference.ThisReference) 
64711      DEBUG Thread-13       d.u.i.k.j.TypeConverter   typeconverter: (prefix this;, class class de.uka.ilkd.key.java.reference.ThisReference) 
64874      DEBUG Thread-13       d.u.i.k.j.TypeConverter   typeconverter: (prefix this;, class class de.uka.ilkd.key.java.reference.ThisReference) 
64882      DEBUG Thread-13       d.u.i.k.j.TypeConverter   typeconverter: (prefix this;, class class de.uka.ilkd.key.java.reference.ThisReference) 
64906      DEBUG Thread-13       d.u.i.k.j.TypeConverter   typeconverter: (prefix this;, class class de.uka.ilkd.key.java.reference.ThisReference) 
64928      DEBUG Thread-13       d.u.i.k.r.m.WhileLoopTransformation While-Loop-Tranform-Result: try {
  {
    if (_x_A > 0) {
      this.low = this.low + 1;
      _x_A = _x_A - 1;
    }
  }
} catch (java.lang.Throwable e#136) {
  exc#135 = true;
  thrownExc#137 = e#136;
} 
65084      DEBUG Thread-13       d.u.i.k.r.m.WhileLoopTransformation While-Loop-Tranform-Result: try {
  {
    if (_x_A > 0) {
      this.low = this.low + 1;
      _x_A = _x_A - 1;
    }
  }
} catch (java.lang.Throwable e#158) {
  exc#157 = true;
  thrownExc#159 = e#158;
} 
65272      DEBUG Thread-13       d.u.i.k.r.m.WhileLoopTransformation While-Loop-Tranform-Result: try {
  {
    if (_x_A > 0) {
      this.low = this.low + 1;
      _x_A = _x_A - 1;
    }
  }
} catch (java.lang.Throwable e#180) {
  exc#179 = true;
  thrownExc#181 = e#180;
} 
65508      DEBUG Thread-13       d.u.i.k.r.m.WhileLoopTransformation While-Loop-Tranform-Result: try {
  {
    if (_x_A > 0) {
      this.low = this.low + 1;
      _x_A = _x_A - 1;
    }
  }
} catch (java.lang.Throwable e#202) {
  exc#201 = true;
  thrownExc#203 = e#202;
} 
66231      DEBUG Thread-13       d.u.i.k.j.TypeConverter   typeconverter: (prefix this;, class class de.uka.ilkd.key.java.reference.ThisReference) 
66398      DEBUG Thread-13       d.u.i.k.j.TypeConverter   typeconverter: (prefix this;, class class de.uka.ilkd.key.java.reference.ThisReference) 
66404      DEBUG Thread-13       d.u.i.k.j.TypeConverter   typeconverter: (prefix this;, class class de.uka.ilkd.key.java.reference.ThisReference) 
66426      DEBUG Thread-13       d.u.i.k.j.TypeConverter   typeconverter: (prefix this;, class class de.uka.ilkd.key.java.reference.ThisReference) 
66602      DEBUG Thread-13       d.u.i.k.j.TypeConverter   typeconverter: (prefix this;, class class de.uka.ilkd.key.java.reference.ThisReference) 
66734      DEBUG Thread-13       d.u.i.k.j.TypeConverter   typeconverter: (prefix this;, class class de.uka.ilkd.key.java.reference.ThisReference) 
66741      DEBUG Thread-13       d.u.i.k.j.TypeConverter   typeconverter: (prefix this;, class class de.uka.ilkd.key.java.reference.ThisReference) 
66760      DEBUG Thread-13       d.u.i.k.j.TypeConverter   typeconverter: (prefix this;, class class de.uka.ilkd.key.java.reference.ThisReference) 
66922      DEBUG Thread-13       d.u.i.k.j.TypeConverter   typeconverter: (prefix this;, class class de.uka.ilkd.key.java.reference.ThisReference) 
67044      DEBUG Thread-13       d.u.i.k.j.TypeConverter   typeconverter: (prefix this;, class class de.uka.ilkd.key.java.reference.ThisReference) 
67049      DEBUG Thread-13       d.u.i.k.j.TypeConverter   typeconverter: (prefix this;, class class de.uka.ilkd.key.java.reference.ThisReference) 
67068      DEBUG Thread-13       d.u.i.k.j.TypeConverter   typeconverter: (prefix this;, class class de.uka.ilkd.key.java.reference.ThisReference) 
67226      DEBUG Thread-13       d.u.i.k.j.TypeConverter   typeconverter: (prefix this;, class class de.uka.ilkd.key.java.reference.ThisReference) 
67389      DEBUG Thread-13       d.u.i.k.j.TypeConverter   typeconverter: (prefix this;, class class de.uka.ilkd.key.java.reference.ThisReference) 
67395      DEBUG Thread-13       d.u.i.k.j.TypeConverter   typeconverter: (prefix this;, class class de.uka.ilkd.key.java.reference.ThisReference) 
67413      DEBUG Thread-13       d.u.i.k.j.TypeConverter   typeconverter: (prefix this;, class class de.uka.ilkd.key.java.reference.ThisReference) 
67593      INFO  main            d.u.i.k.p.r.p.TestFile    ... finished proof: closed. 
67796      DEBUG main            d.u.i.k.s.TermLabelSettings TermLabelSettings: Failure while reading the setting "UseOriginLabels".Using the default value: true.The string read was: null 
67796      INFO  main            d.u.i.k.p.r.p.TestFile    Now processing file /home/runner/work/key/key/key.core/../key.ui/examples/InformationFlow/LoopInvariants/loop.IFLoopExamples(loop.IFLoopExamples__secure_nestedWhile(int)).Non-interference contract.0.key 
67796      DEBUG main            d.u.i.k.p.i.KeYFile       Reading KeY file /home/runner/work/key/key/key.core/../key.ui/examples/InformationFlow/LoopInvariants/loop.IFLoopExamples(loop.IFLoopExamples__secure_nestedWhile(int)).Non-interference contract.0.key 
68759      DEBUG main            d.u.i.k.j.Recoder2KeY     converting now /home/runner/work/key/key/key.core/../key.ui/examples/InformationFlow/LoopInvariants/src/loop/IFLoopExamples.java 
68765      DEBUG main            d.u.i.k.s.TermLabelSettings TermLabelSettings: Failure while reading the setting "UseOriginLabels".Using the default value: true.The string read was: null 
68767      DEBUG main            d.u.i.k.p.i.KeYFile       Reading KeY file file:/home/runner/work/key/key/key.core/build/resources/main/de/uka/ilkd/key/java/JavaRedux/java/lang/String.key 
70819      DEBUG main            d.u.i.k.p.i.KeYFile       Reading KeY file /home/runner/work/key/key/key.core/../key.ui/examples/InformationFlow/LoopInvariants/loop.IFLoopExamples(loop.IFLoopExamples__secure_nestedWhile(int)).Non-interference contract.0.key 
70865      DEBUG Thread-15       d.u.i.k.r.m.WhileLoopTransformation While-Loop-Tranform-Result: try {
  {
    if (_x_A > 0) {
      this.low = this.low + 1;
      _x_A = _x_A - 1;
      while (_x_A > 0) {
        this.low = this.low + 1;
        _x_A = _x_A - 1;
      }
    }
  }
} catch (java.lang.Throwable e#4) {
  exc#3 = true;
  thrownExc#5 = e#4;
} 
70985      DEBUG Thread-15       d.u.i.k.r.m.WhileLoopTransformation While-Loop-Tranform-Result: try {
  {
    if (_x_B > 0) {
      this.low = this.low + 1;
      _x_B = _x_B - 1;
      while (_x_B > 0) {
        this.low = this.low + 1;
        _x_B = _x_B - 1;
      }
    }
  }
} catch (java.lang.Throwable e#26) {
  exc#25 = true;
  thrownExc#27 = e#26;
} 
71251      DEBUG Thread-15       d.u.i.k.j.TypeConverter   typeconverter: (prefix this;, class class de.uka.ilkd.key.java.reference.ThisReference) 
71376      DEBUG Thread-15       d.u.i.k.j.TypeConverter   typeconverter: (prefix this;, class class de.uka.ilkd.key.java.reference.ThisReference) 
71382      DEBUG Thread-15       d.u.i.k.j.TypeConverter   typeconverter: (prefix this;, class class de.uka.ilkd.key.java.reference.ThisReference) 
71404      DEBUG Thread-15       d.u.i.k.j.TypeConverter   typeconverter: (prefix this;, class class de.uka.ilkd.key.java.reference.ThisReference) 
71425      DEBUG Thread-15       d.u.i.k.r.m.WhileLoopTransformation While-Loop-Tranform-Result: try {
  {
    if (_x_B > 0) {
      this.low = this.low + 1;
      _x_B = _x_B - 1;
    }
  }
} catch (java.lang.Throwable e#48) {
  exc#47 = true;
  thrownExc#49 = e#48;
} 
71634      DEBUG Thread-15       d.u.i.k.r.m.WhileLoopTransformation While-Loop-Tranform-Result: try {
  {
    if (_x_B > 0) {
      this.low = this.low + 1;
      _x_B = _x_B - 1;
    }
  }
} catch (java.lang.Throwable e#70) {
  exc#69 = true;
  thrownExc#71 = e#70;
} 
72047      DEBUG Thread-15       d.u.i.k.j.TypeConverter   typeconverter: (prefix this;, class class de.uka.ilkd.key.java.reference.ThisReference) 
72172      DEBUG Thread-15       d.u.i.k.j.TypeConverter   typeconverter: (prefix this;, class class de.uka.ilkd.key.java.reference.ThisReference) 
72178      DEBUG Thread-15       d.u.i.k.j.TypeConverter   typeconverter: (prefix this;, class class de.uka.ilkd.key.java.reference.ThisReference) 
72197      DEBUG Thread-15       d.u.i.k.j.TypeConverter   typeconverter: (prefix this;, class class de.uka.ilkd.key.java.reference.ThisReference) 
72358      DEBUG Thread-15       d.u.i.k.j.TypeConverter   typeconverter: (prefix this;, class class de.uka.ilkd.key.java.reference.ThisReference) 
72479      DEBUG Thread-15       d.u.i.k.j.TypeConverter   typeconverter: (prefix this;, class class de.uka.ilkd.key.java.reference.ThisReference) 
72484      DEBUG Thread-15       d.u.i.k.j.TypeConverter   typeconverter: (prefix this;, class class de.uka.ilkd.key.java.reference.ThisReference) 
72503      DEBUG Thread-15       d.u.i.k.j.TypeConverter   typeconverter: (prefix this;, class class de.uka.ilkd.key.java.reference.ThisReference) 
72709      DEBUG Thread-15       d.u.i.k.j.TypeConverter   typeconverter: (prefix this;, class class de.uka.ilkd.key.java.reference.ThisReference) 
72828      DEBUG Thread-15       d.u.i.k.j.TypeConverter   typeconverter: (prefix this;, class class de.uka.ilkd.key.java.reference.ThisReference) 
72834      DEBUG Thread-15       d.u.i.k.j.TypeConverter   typeconverter: (prefix this;, class class de.uka.ilkd.key.java.reference.ThisReference) 
72856      DEBUG Thread-15       d.u.i.k.j.TypeConverter   typeconverter: (prefix this;, class class de.uka.ilkd.key.java.reference.ThisReference) 
72875      DEBUG Thread-15       d.u.i.k.r.m.WhileLoopTransformation While-Loop-Tranform-Result: try {
  {
    if (_x_A > 0) {
      this.low = this.low + 1;
      _x_A = _x_A - 1;
    }
  }
} catch (java.lang.Throwable e#92) {
  exc#91 = true;
  thrownExc#93 = e#92;
} 
73053      DEBUG Thread-15       d.u.i.k.r.m.WhileLoopTransformation While-Loop-Tranform-Result: try {
  {
    if (_x_A > 0) {
      this.low = this.low + 1;
      _x_A = _x_A - 1;
    }
  }
} catch (java.lang.Throwable e#114) {
  exc#113 = true;
  thrownExc#115 = e#114;
} 
73459      DEBUG Thread-15       d.u.i.k.j.TypeConverter   typeconverter: (prefix this;, class class de.uka.ilkd.key.java.reference.ThisReference) 
73582      DEBUG Thread-15       d.u.i.k.j.TypeConverter   typeconverter: (prefix this;, class class de.uka.ilkd.key.java.reference.ThisReference) 
73588      DEBUG Thread-15       d.u.i.k.j.TypeConverter   typeconverter: (prefix this;, class class de.uka.ilkd.key.java.reference.ThisReference) 
73656      DEBUG Thread-15       d.u.i.k.j.TypeConverter   typeconverter: (prefix this;, class class de.uka.ilkd.key.java.reference.ThisReference) 
73814      DEBUG Thread-15       d.u.i.k.j.TypeConverter   typeconverter: (prefix this;, class class de.uka.ilkd.key.java.reference.ThisReference) 
73932      DEBUG Thread-15       d.u.i.k.j.TypeConverter   typeconverter: (prefix this;, class class de.uka.ilkd.key.java.reference.ThisReference) 
73937      DEBUG Thread-15       d.u.i.k.j.TypeConverter   typeconverter: (prefix this;, class class de.uka.ilkd.key.java.reference.ThisReference) 
73956      DEBUG Thread-15       d.u.i.k.j.TypeConverter   typeconverter: (prefix this;, class class de.uka.ilkd.key.java.reference.ThisReference) 
74159      INFO  main            d.u.i.k.p.r.p.TestFile    ... finished proof: closed. 
74360      DEBUG main            d.u.i.k.s.TermLabelSettings TermLabelSettings: Failure while reading the setting "UseOriginLabels".Using the default value: true.The string read was: null 
74360      INFO  main            d.u.i.k.p.r.p.TestFile    Now processing file /home/runner/work/key/key/key.core/../key.ui/examples/InformationFlow/LoopInvariants/loop.IFLoopExamples(loop.IFLoopExamples__notSecure_while(int)).Non-interference contract.0.key 
74360      DEBUG main            d.u.i.k.p.i.KeYFile       Reading KeY file /home/runner/work/key/key/key.core/../key.ui/examples/InformationFlow/LoopInvariants/loop.IFLoopExamples(loop.IFLoopExamples__notSecure_while(int)).Non-interference contract.0.key 
75293      DEBUG main            d.u.i.k.j.Recoder2KeY     converting now /home/runner/work/key/key/key.core/../key.ui/examples/InformationFlow/LoopInvariants/src/loop/IFLoopExamples.java 
75298      DEBUG main            d.u.i.k.s.TermLabelSettings TermLabelSettings: Failure while reading the setting "UseOriginLabels".Using the default value: true.The string read was: null 
75300      DEBUG main            d.u.i.k.p.i.KeYFile       Reading KeY file file:/home/runner/work/key/key/key.core/build/resources/main/de/uka/ilkd/key/java/JavaRedux/java/lang/String.key 
77353      DEBUG main            d.u.i.k.p.i.KeYFile       Reading KeY file /home/runner/work/key/key/key.core/../key.ui/examples/InformationFlow/LoopInvariants/loop.IFLoopExamples(loop.IFLoopExamples__notSecure_while(int)).Non-interference contract.0.key 
77394      DEBUG Thread-17       d.u.i.k.r.m.WhileLoopTransformation While-Loop-Tranform-Result: try {
  {
    if (_x_A > 0) {
      this.low = this.low + 1;
      _x_A = _x_A - 1;
    }
  }
} catch (java.lang.Throwable e#4) {
  exc#3 = true;
  thrownExc#5 = e#4;
} 
77514      DEBUG Thread-17       d.u.i.k.r.m.WhileLoopTransformation While-Loop-Tranform-Result: try {
  {
    if (_x_B > 0) {
      this.low = this.low + 1;
      _x_B = _x_B - 1;
    }
  }
} catch (java.lang.Throwable e#26) {
  exc#25 = true;
  thrownExc#27 = e#26;
} 
77864      DEBUG Thread-17       d.u.i.k.j.TypeConverter   typeconverter: (prefix this;, class class de.uka.ilkd.key.java.reference.ThisReference) 
77985      DEBUG Thread-17       d.u.i.k.j.TypeConverter   typeconverter: (prefix this;, class class de.uka.ilkd.key.java.reference.ThisReference) 
77992      DEBUG Thread-17       d.u.i.k.j.TypeConverter   typeconverter: (prefix this;, class class de.uka.ilkd.key.java.reference.ThisReference) 
78025      DEBUG Thread-17       d.u.i.k.j.TypeConverter   typeconverter: (prefix this;, class class de.uka.ilkd.key.java.reference.ThisReference) 
78212      DEBUG Thread-17       d.u.i.k.j.TypeConverter   typeconverter: (prefix this;, class class de.uka.ilkd.key.java.reference.ThisReference) 
78330      DEBUG Thread-17       d.u.i.k.j.TypeConverter   typeconverter: (prefix this;, class class de.uka.ilkd.key.java.reference.ThisReference) 
78337      DEBUG Thread-17       d.u.i.k.j.TypeConverter   typeconverter: (prefix this;, class class de.uka.ilkd.key.java.reference.ThisReference) 
78344      DEBUG Thread-17       d.u.i.k.j.TypeConverter   typeconverter: (prefix this;, class class de.uka.ilkd.key.java.reference.ThisReference) 
78561      INFO  main            d.u.i.k.p.r.p.TestFile    ... finished proof: open goal(s) 
78744      DEBUG main            d.u.i.k.s.TermLabelSettings TermLabelSettings: Failure while reading the setting "UseOriginLabels".Using the default value: true.The string read was: null 
78744      INFO  main            d.u.i.k.p.r.p.TestFile    Now processing file /home/runner/work/key/key/key.core/../key.ui/examples/InformationFlow/LoopInvariants/loop.IFLoopExamples(loop.IFLoopExamples__notSecure_while_wrongInv(int)).Non-interference contract.0.key 
78744      DEBUG main            d.u.i.k.p.i.KeYFile       Reading KeY file /home/runner/work/key/key/key.core/../key.ui/examples/InformationFlow/LoopInvariants/loop.IFLoopExamples(loop.IFLoopExamples__notSecure_while_wrongInv(int)).Non-interference contract.0.key 
79675      DEBUG main            d.u.i.k.j.Recoder2KeY     converting now /home/runner/work/key/key/key.core/../key.ui/examples/InformationFlow/LoopInvariants/src/loop/IFLoopExamples.java 
79680      DEBUG main            d.u.i.k.s.TermLabelSettings TermLabelSettings: Failure while reading the setting "UseOriginLabels".Using the default value: true.The string read was: null 
79682      DEBUG main            d.u.i.k.p.i.KeYFile       Reading KeY file file:/home/runner/work/key/key/key.core/build/resources/main/de/uka/ilkd/key/java/JavaRedux/java/lang/String.key 
81681      DEBUG main            d.u.i.k.p.i.KeYFile       Reading KeY file /home/runner/work/key/key/key.core/../key.ui/examples/InformationFlow/LoopInvariants/loop.IFLoopExamples(loop.IFLoopExamples__notSecure_while_wrongInv(int)).Non-interference contract.0.key 
81722      DEBUG Thread-19       d.u.i.k.r.m.WhileLoopTransformation While-Loop-Tranform-Result: try {
  {
    if (_x_A > 0) {
      this.low = this.low + 1;
      _x_A = _x_A - 1;
    }
  }
} catch (java.lang.Throwable e#4) {
  exc#3 = true;
  thrownExc#5 = e#4;
} 
81851      DEBUG Thread-19       d.u.i.k.j.TypeConverter   typeconverter: (prefix this;, class class de.uka.ilkd.key.java.reference.ThisReference) 
81908      DEBUG Thread-19       d.u.i.k.j.TypeConverter   typeconverter: (prefix this;, class class de.uka.ilkd.key.java.reference.ThisReference) 
81915      DEBUG Thread-19       d.u.i.k.j.TypeConverter   typeconverter: (prefix this;, class class de.uka.ilkd.key.java.reference.ThisReference) 
81922      DEBUG Thread-19       d.u.i.k.j.TypeConverter   typeconverter: (prefix this;, class class de.uka.ilkd.key.java.reference.ThisReference) 
82085      INFO  main            d.u.i.k.p.r.p.TestFile    ... finished proof: open goal(s) 
82291      DEBUG main            d.u.i.k.s.TermLabelSettings TermLabelSettings: Failure while reading the setting "UseOriginLabels".Using the default value: true.The string read was: null 
82291      INFO  main            d.u.i.k.p.r.p.TestFile    Now processing file /home/runner/work/key/key/key.core/../key.ui/examples/InformationFlow/LoopInvariants/loop.IFLoopExamples(loop.IFLoopExamples__insecure_twoWhile(int)).Non-interference contract.0.key 
82292      DEBUG main            d.u.i.k.p.i.KeYFile       Reading KeY file /home/runner/work/key/key/key.core/../key.ui/examples/InformationFlow/LoopInvariants/loop.IFLoopExamples(loop.IFLoopExamples__insecure_twoWhile(int)).Non-interference contract.0.key 
83239      DEBUG main            d.u.i.k.j.Recoder2KeY     converting now /home/runner/work/key/key/key.core/../key.ui/examples/InformationFlow/LoopInvariants/src/loop/IFLoopExamples.java 
83244      DEBUG main            d.u.i.k.s.TermLabelSettings TermLabelSettings: Failure while reading the setting "UseOriginLabels".Using the default value: true.The string read was: null 
83245      DEBUG main            d.u.i.k.p.i.KeYFile       Reading KeY file file:/home/runner/work/key/key/key.core/build/resources/main/de/uka/ilkd/key/java/JavaRedux/java/lang/String.key 
85208      DEBUG main            d.u.i.k.p.i.KeYFile       Reading KeY file /home/runner/work/key/key/key.core/../key.ui/examples/InformationFlow/LoopInvariants/loop.IFLoopExamples(loop.IFLoopExamples__insecure_twoWhile(int)).Non-interference contract.0.key 
85254      DEBUG Thread-21       d.u.i.k.r.m.WhileLoopTransformation While-Loop-Tranform-Result: try {
  {
    if (_x_A > 0) {
      this.low = this.low + 1;
      _x_A = _x_A - 1;
    }
  }
} catch (java.lang.Throwable e#4) {
  exc#3 = true;
  thrownExc#5 = e#4;
} 
85359      DEBUG Thread-21       d.u.i.k.r.m.WhileLoopTransformation While-Loop-Tranform-Result: try {
  {
    if (_x_B > 0) {
      this.low = this.low + 1;
      _x_B = _x_B - 1;
    }
  }
} catch (java.lang.Throwable e#26) {
  exc#25 = true;
  thrownExc#27 = e#26;
} 
85512      DEBUG Thread-21       d.u.i.k.r.m.WhileLoopTransformation While-Loop-Tranform-Result: try {
  {
    if (_x_A == 0) {
      this.low = this.low + 1;
      _x_A = _x_A - 1;
    }
  }
} catch (java.lang.Throwable e#48) {
  exc#47 = true;
  thrownExc#49 = e#48;
} 
85682      DEBUG Thread-21       d.u.i.k.r.m.WhileLoopTransformation While-Loop-Tranform-Result: try {
  {
    if (_x_B == 0) {
      this.low = this.low + 1;
      _x_B = _x_B - 1;
    }
  }
} catch (java.lang.Throwable e#70) {
  exc#69 = true;
  thrownExc#71 = e#70;
} 
86393      DEBUG Thread-21       d.u.i.k.j.TypeConverter   typeconverter: (prefix this;, class class de.uka.ilkd.key.java.reference.ThisReference) 
86395      DEBUG Thread-21       d.u.i.k.j.TypeConverter   typeconverter: (prefix this;, class class de.uka.ilkd.key.java.reference.ThisReference) 
86488      DEBUG Thread-21       d.u.i.k.j.TypeConverter   typeconverter: (prefix this;, class class de.uka.ilkd.key.java.reference.ThisReference) 
86493      DEBUG Thread-21       d.u.i.k.j.TypeConverter   typeconverter: (prefix this;, class class de.uka.ilkd.key.java.reference.ThisReference) 
86618      DEBUG Thread-21       d.u.i.k.j.TypeConverter   typeconverter: (prefix this;, class class de.uka.ilkd.key.java.reference.ThisReference) 
86620      DEBUG Thread-21       d.u.i.k.j.TypeConverter   typeconverter: (prefix this;, class class de.uka.ilkd.key.java.reference.ThisReference) 
86709      DEBUG Thread-21       d.u.i.k.j.TypeConverter   typeconverter: (prefix this;, class class de.uka.ilkd.key.java.reference.ThisReference) 
86714      DEBUG Thread-21       d.u.i.k.j.TypeConverter   typeconverter: (prefix this;, class class de.uka.ilkd.key.java.reference.ThisReference) 
86841      DEBUG Thread-21       d.u.i.k.j.TypeConverter   typeconverter: (prefix this;, class class de.uka.ilkd.key.java.reference.ThisReference) 
86999      DEBUG Thread-21       d.u.i.k.j.TypeConverter   typeconverter: (prefix this;, class class de.uka.ilkd.key.java.reference.ThisReference) 
87005      DEBUG Thread-21       d.u.i.k.j.TypeConverter   typeconverter: (prefix this;, class class de.uka.ilkd.key.java.reference.ThisReference) 
87024      DEBUG Thread-21       d.u.i.k.j.TypeConverter   typeconverter: (prefix this;, class class de.uka.ilkd.key.java.reference.ThisReference) 
87182      DEBUG Thread-21       d.u.i.k.j.TypeConverter   typeconverter: (prefix this;, class class de.uka.ilkd.key.java.reference.ThisReference) 
87295      DEBUG Thread-21       d.u.i.k.j.TypeConverter   typeconverter: (prefix this;, class class de.uka.ilkd.key.java.reference.ThisReference) 
87300      DEBUG Thread-21       d.u.i.k.j.TypeConverter   typeconverter: (prefix this;, class class de.uka.ilkd.key.java.reference.ThisReference) 
87318      DEBUG Thread-21       d.u.i.k.j.TypeConverter   typeconverter: (prefix this;, class class de.uka.ilkd.key.java.reference.ThisReference) 
87424      INFO  main            d.u.i.k.p.r.p.TestFile    ... finished proof: open goal(s) 
87639      DEBUG main            d.u.i.k.s.TermLabelSettings TermLabelSettings: Failure while reading the setting "UseOriginLabels".Using the default value: true.The string read was: null 
87639      INFO  main            d.u.i.k.p.r.p.TestFile    Now processing file /home/runner/work/key/key/key.core/../key.ui/examples/InformationFlow/LoopInvariants/loop.IFLoopExamples(loop.IFLoopExamples__insecure_twoWhile_2(int)).Non-interference contract.0.key 
87640      DEBUG main            d.u.i.k.p.i.KeYFile       Reading KeY file /home/runner/work/key/key/key.core/../key.ui/examples/InformationFlow/LoopInvariants/loop.IFLoopExamples(loop.IFLoopExamples__insecure_twoWhile_2(int)).Non-interference contract.0.key 
88563      DEBUG main            d.u.i.k.j.Recoder2KeY     converting now /home/runner/work/key/key/key.core/../key.ui/examples/InformationFlow/LoopInvariants/src/loop/IFLoopExamples.java 
88568      DEBUG main            d.u.i.k.s.TermLabelSettings TermLabelSettings: Failure while reading the setting "UseOriginLabels".Using the default value: true.The string read was: null 
88569      DEBUG main            d.u.i.k.p.i.KeYFile       Reading KeY file file:/home/runner/work/key/key/key.core/build/resources/main/de/uka/ilkd/key/java/JavaRedux/java/lang/String.key 
90539      DEBUG main            d.u.i.k.p.i.KeYFile       Reading KeY file /home/runner/work/key/key/key.core/../key.ui/examples/InformationFlow/LoopInvariants/loop.IFLoopExamples(loop.IFLoopExamples__insecure_twoWhile_2(int)).Non-interference contract.0.key 
90582      DEBUG Thread-23       d.u.i.k.r.m.WhileLoopTransformation While-Loop-Tranform-Result: try {
  {
    if (_x_A > 0) {
      this.low = this.low + 1;
      _x_A = _x_A - 1;
    }
  }
} catch (java.lang.Throwable e#4) {
  exc#3 = true;
  thrownExc#5 = e#4;
} 
90681      DEBUG Thread-23       d.u.i.k.r.m.WhileLoopTransformation While-Loop-Tranform-Result: try {
  {
    if (_x_B > 0) {
      this.low = this.low + 1;
      _x_B = _x_B - 1;
    }
  }
} catch (java.lang.Throwable e#26) {
  exc#25 = true;
  thrownExc#27 = e#26;
} 
90832      DEBUG Thread-23       d.u.i.k.r.m.WhileLoopTransformation While-Loop-Tranform-Result: try {
  {
    if (_x_A == 0) {
      this.low = this.low + 1;
      _x_A = _x_A - 1;
    }
  }
} catch (java.lang.Throwable e#48) {
  exc#47 = true;
  thrownExc#49 = e#48;
} 
91005      DEBUG Thread-23       d.u.i.k.r.m.WhileLoopTransformation While-Loop-Tranform-Result: try {
  {
    if (_x_B == 0) {
      this.low = this.low + 1;
      _x_B = _x_B - 1;
    }
  }
} catch (java.lang.Throwable e#70) {
  exc#69 = true;
  thrownExc#71 = e#70;
} 
92195      DEBUG Thread-23       d.u.i.k.j.TypeConverter   typeconverter: (prefix this;, class class de.uka.ilkd.key.java.reference.ThisReference) 
92202      DEBUG Thread-23       d.u.i.k.j.TypeConverter   typeconverter: (prefix this;, class class de.uka.ilkd.key.java.reference.ThisReference) 
92210      DEBUG Thread-23       d.u.i.k.j.TypeConverter   typeconverter: (prefix this;, class class de.uka.ilkd.key.java.reference.ThisReference) 
92220      DEBUG Thread-23       d.u.i.k.j.TypeConverter   typeconverter: (prefix this;, class class de.uka.ilkd.key.java.reference.ThisReference) 
92460      DEBUG Thread-23       d.u.i.k.j.TypeConverter   typeconverter: (prefix this;, class class de.uka.ilkd.key.java.reference.ThisReference) 
92467      DEBUG Thread-23       d.u.i.k.j.TypeConverter   typeconverter: (prefix this;, class class de.uka.ilkd.key.java.reference.ThisReference) 
92475      DEBUG Thread-23       d.u.i.k.j.TypeConverter   typeconverter: (prefix this;, class class de.uka.ilkd.key.java.reference.ThisReference) 
92484      DEBUG Thread-23       d.u.i.k.j.TypeConverter   typeconverter: (prefix this;, class class de.uka.ilkd.key.java.reference.ThisReference) 
92617      DEBUG Thread-23       d.u.i.k.j.TypeConverter   typeconverter: (prefix this;, class class de.uka.ilkd.key.java.reference.ThisReference) 
92736      DEBUG Thread-23       d.u.i.k.j.TypeConverter   typeconverter: (prefix this;, class class de.uka.ilkd.key.java.reference.ThisReference) 
92741      DEBUG Thread-23       d.u.i.k.j.TypeConverter   typeconverter: (prefix this;, class class de.uka.ilkd.key.java.reference.ThisReference) 
92790      DEBUG Thread-23       d.u.i.k.j.TypeConverter   typeconverter: (prefix this;, class class de.uka.ilkd.key.java.reference.ThisReference) 
92952      DEBUG Thread-23       d.u.i.k.j.TypeConverter   typeconverter: (prefix this;, class class de.uka.ilkd.key.java.reference.ThisReference) 
93074      DEBUG Thread-23       d.u.i.k.j.TypeConverter   typeconverter: (prefix this;, class class de.uka.ilkd.key.java.reference.ThisReference) 
93080      DEBUG Thread-23       d.u.i.k.j.TypeConverter   typeconverter: (prefix this;, class class de.uka.ilkd.key.java.reference.ThisReference) 
93100      DEBUG Thread-23       d.u.i.k.j.TypeConverter   typeconverter: (prefix this;, class class de.uka.ilkd.key.java.reference.ThisReference) 
93252      INFO  main            d.u.i.k.p.r.p.TestFile    ... finished proof: open goal(s) 
93507      DEBUG main            d.u.i.k.s.TermLabelSettings TermLabelSettings: Failure while reading the setting "UseOriginLabels".Using the default value: true.The string read was: null 
93507      INFO  main            d.u.i.k.p.r.p.TestFile    Now processing file /home/runner/work/key/key/key.core/../key.ui/examples/InformationFlow/LoopInvariants/loop.IFLoopExamples(loop.IFLoopExamples__secure_twoWhile(int)).Non-interference contract.0.key 
93507      DEBUG main            d.u.i.k.p.i.KeYFile       Reading KeY file /home/runner/work/key/key/key.core/../key.ui/examples/InformationFlow/LoopInvariants/loop.IFLoopExamples(loop.IFLoopExamples__secure_twoWhile(int)).Non-interference contract.0.key 
94447      DEBUG main            d.u.i.k.j.Recoder2KeY     converting now /home/runner/work/key/key/key.core/../key.ui/examples/InformationFlow/LoopInvariants/src/loop/IFLoopExamples.java 
94453      DEBUG main            d.u.i.k.s.TermLabelSettings TermLabelSettings: Failure while reading the setting "UseOriginLabels".Using the default value: true.The string read was: null 
94454      DEBUG main            d.u.i.k.p.i.KeYFile       Reading KeY file file:/home/runner/work/key/key/key.core/build/resources/main/de/uka/ilkd/key/java/JavaRedux/java/lang/String.key 
96394      DEBUG main            d.u.i.k.p.i.KeYFile       Reading KeY file /home/runner/work/key/key/key.core/../key.ui/examples/InformationFlow/LoopInvariants/loop.IFLoopExamples(loop.IFLoopExamples__secure_twoWhile(int)).Non-interference contract.0.key 
96440      DEBUG Thread-25       d.u.i.k.r.m.WhileLoopTransformation While-Loop-Tranform-Result: try {
  {
    if (_x_A > 0) {
      this.low = this.low + 1;
      _x_A = _x_A - 1;
    }
  }
} catch (java.lang.Throwable e#4) {
  exc#3 = true;
  thrownExc#5 = e#4;
} 
96541      DEBUG Thread-25       d.u.i.k.r.m.WhileLoopTransformation While-Loop-Tranform-Result: try {
  {
    if (_x_B > 0) {
      this.low = this.low + 1;
      _x_B = _x_B - 1;
    }
  }
} catch (java.lang.Throwable e#26) {
  exc#25 = true;
  thrownExc#27 = e#26;
} 
96678      DEBUG Thread-25       d.u.i.k.r.m.WhileLoopTransformation While-Loop-Tranform-Result: try {
  {
    if (_x_A == 0) {
      this.low = this.low + 1;
      _x_A = _x_A - 1;
    }
  }
} catch (java.lang.Throwable e#48) {
  exc#47 = true;
  thrownExc#49 = e#48;
} 
96870      DEBUG Thread-25       d.u.i.k.r.m.WhileLoopTransformation While-Loop-Tranform-Result: try {
  {
    if (_x_B == 0) {
      this.low = this.low + 1;
      _x_B = _x_B - 1;
    }
  }
} catch (java.lang.Throwable e#70) {
  exc#69 = true;
  thrownExc#71 = e#70;
} 
97415      DEBUG Thread-25       d.u.i.k.j.TypeConverter   typeconverter: (prefix this;, class class de.uka.ilkd.key.java.reference.ThisReference) 
97422      DEBUG Thread-25       d.u.i.k.j.TypeConverter   typeconverter: (prefix this;, class class de.uka.ilkd.key.java.reference.ThisReference) 
97430      DEBUG Thread-25       d.u.i.k.j.TypeConverter   typeconverter: (prefix this;, class class de.uka.ilkd.key.java.reference.ThisReference) 
97439      DEBUG Thread-25       d.u.i.k.j.TypeConverter   typeconverter: (prefix this;, class class de.uka.ilkd.key.java.reference.ThisReference) 
97699      DEBUG Thread-25       d.u.i.k.j.TypeConverter   typeconverter: (prefix this;, class class de.uka.ilkd.key.java.reference.ThisReference) 
97706      DEBUG Thread-25       d.u.i.k.j.TypeConverter   typeconverter: (prefix this;, class class de.uka.ilkd.key.java.reference.ThisReference) 
97714      DEBUG Thread-25       d.u.i.k.j.TypeConverter   typeconverter: (prefix this;, class class de.uka.ilkd.key.java.reference.ThisReference) 
97723      DEBUG Thread-25       d.u.i.k.j.TypeConverter   typeconverter: (prefix this;, class class de.uka.ilkd.key.java.reference.ThisReference) 
97854      DEBUG Thread-25       d.u.i.k.j.TypeConverter   typeconverter: (prefix this;, class class de.uka.ilkd.key.java.reference.ThisReference) 
97970      DEBUG Thread-25       d.u.i.k.j.TypeConverter   typeconverter: (prefix this;, class class de.uka.ilkd.key.java.reference.ThisReference) 
97975      DEBUG Thread-25       d.u.i.k.j.TypeConverter   typeconverter: (prefix this;, class class de.uka.ilkd.key.java.reference.ThisReference) 
97993      DEBUG Thread-25       d.u.i.k.j.TypeConverter   typeconverter: (prefix this;, class class de.uka.ilkd.key.java.reference.ThisReference) 
98186      DEBUG Thread-25       d.u.i.k.j.TypeConverter   typeconverter: (prefix this;, class class de.uka.ilkd.key.java.reference.ThisReference) 
98301      DEBUG Thread-25       d.u.i.k.j.TypeConverter   typeconverter: (prefix this;, class class de.uka.ilkd.key.java.reference.ThisReference) 
98306      DEBUG Thread-25       d.u.i.k.j.TypeConverter   typeconverter: (prefix this;, class class de.uka.ilkd.key.java.reference.ThisReference) 
98325      DEBUG Thread-25       d.u.i.k.j.TypeConverter   typeconverter: (prefix this;, class class de.uka.ilkd.key.java.reference.ThisReference) 
98511      INFO  main            d.u.i.k.p.r.p.TestFile    ... finished proof: closed. 
98761      DEBUG main            d.u.i.k.s.TermLabelSettings TermLabelSettings: Failure while reading the setting "UseOriginLabels".Using the default value: true.The string read was: null 
98761      INFO  main            d.u.i.k.p.r.p.TestFile    Now processing file /home/runner/work/key/key/key.core/../key.ui/examples/InformationFlow/LoopInvariants/loop.IFLoopExamples(loop.IFLoopExamples__loc_secure_while(int)).Non-interference contract.0.key 
98761      DEBUG main            d.u.i.k.p.i.KeYFile       Reading KeY file /home/runner/work/key/key/key.core/../key.ui/examples/InformationFlow/LoopInvariants/loop.IFLoopExamples(loop.IFLoopExamples__loc_secure_while(int)).Non-interference contract.0.key 
99676      DEBUG main            d.u.i.k.j.Recoder2KeY     converting now /home/runner/work/key/key/key.core/../key.ui/examples/InformationFlow/LoopInvariants/src/loop/IFLoopExamples.java 
99681      DEBUG main            d.u.i.k.s.TermLabelSettings TermLabelSettings: Failure while reading the setting "UseOriginLabels".Using the default value: true.The string read was: null 
99683      DEBUG main            d.u.i.k.p.i.KeYFile       Reading KeY file file:/home/runner/work/key/key/key.core/build/resources/main/de/uka/ilkd/key/java/JavaRedux/java/lang/String.key 
101668     DEBUG main            d.u.i.k.p.i.KeYFile       Reading KeY file /home/runner/work/key/key/key.core/../key.ui/examples/InformationFlow/LoopInvariants/loop.IFLoopExamples(loop.IFLoopExamples__loc_secure_while(int)).Non-interference contract.0.key 
101723     DEBUG Thread-27       d.u.i.k.r.m.WhileLoopTransformation While-Loop-Tranform-Result: try {
  {
    if (_x_A > 0) {
      this.low = this.low + 1;
      _x_A = _x_A - 1;
      z = z + _x_A;
    }
  }
} catch (java.lang.Throwable e#4) {
  exc#3 = true;
  thrownExc#5 = e#4;
} 
101879     DEBUG Thread-27       d.u.i.k.r.m.WhileLoopTransformation While-Loop-Tranform-Result: try {
  {
    if (_x_B > 0) {
      this.low = this.low + 1;
      _x_B = _x_B - 1;
      z_1 = z_1 + _x_B;
    }
  }
} catch (java.lang.Throwable e#30) {
  exc#29 = true;
  thrownExc#31 = e#30;
} 
102173     DEBUG Thread-27       d.u.i.k.j.TypeConverter   typeconverter: (prefix this;, class class de.uka.ilkd.key.java.reference.ThisReference) 
102314     DEBUG Thread-27       d.u.i.k.j.TypeConverter   typeconverter: (prefix this;, class class de.uka.ilkd.key.java.reference.ThisReference) 
102321     DEBUG Thread-27       d.u.i.k.j.TypeConverter   typeconverter: (prefix this;, class class de.uka.ilkd.key.java.reference.ThisReference) 
102331     DEBUG Thread-27       d.u.i.k.j.TypeConverter   typeconverter: (prefix this;, class class de.uka.ilkd.key.java.reference.ThisReference) 
102549     DEBUG Thread-27       d.u.i.k.j.TypeConverter   typeconverter: (prefix this;, class class de.uka.ilkd.key.java.reference.ThisReference) 
102687     DEBUG Thread-27       d.u.i.k.j.TypeConverter   typeconverter: (prefix this;, class class de.uka.ilkd.key.java.reference.ThisReference) 
102693     DEBUG Thread-27       d.u.i.k.j.TypeConverter   typeconverter: (prefix this;, class class de.uka.ilkd.key.java.reference.ThisReference) 
102703     DEBUG Thread-27       d.u.i.k.j.TypeConverter   typeconverter: (prefix this;, class class de.uka.ilkd.key.java.reference.ThisReference) 
102973     INFO  main            d.u.i.k.p.r.p.TestFile    ... finished proof: closed. 
103157     DEBUG main            d.u.i.k.s.TermLabelSettings TermLabelSettings: Failure while reading the setting "UseOriginLabels".Using the default value: true.The string read was: null 
103157     INFO  main            d.u.i.k.p.r.p.TestFile    Now processing file /home/runner/work/key/key/key.core/../key.ui/examples/InformationFlow/LoopInvariants/loop.IFLoopExamples(loop.IFLoopExamples__secure_while(int)).Non-interference contract.0.key 
103157     DEBUG main            d.u.i.k.p.i.KeYFile       Reading KeY file /home/runner/work/key/key/key.core/../key.ui/examples/InformationFlow/LoopInvariants/loop.IFLoopExamples(loop.IFLoopExamples__secure_while(int)).Non-interference contract.0.key 
104063     DEBUG main            d.u.i.k.j.Recoder2KeY     converting now /home/runner/work/key/key/key.core/../key.ui/examples/InformationFlow/LoopInvariants/src/loop/IFLoopExamples.java 
104068     DEBUG main            d.u.i.k.s.TermLabelSettings TermLabelSettings: Failure while reading the setting "UseOriginLabels".Using the default value: true.The string read was: null 
104069     DEBUG main            d.u.i.k.p.i.KeYFile       Reading KeY file file:/home/runner/work/key/key/key.core/build/resources/main/de/uka/ilkd/key/java/JavaRedux/java/lang/String.key 
106085     DEBUG main            d.u.i.k.p.i.KeYFile       Reading KeY file /home/runner/work/key/key/key.core/../key.ui/examples/InformationFlow/LoopInvariants/loop.IFLoopExamples(loop.IFLoopExamples__secure_while(int)).Non-interference contract.0.key 
106128     DEBUG Thread-29       d.u.i.k.r.m.WhileLoopTransformation While-Loop-Tranform-Result: try {
  {
    if (_x_A > 0) {
      this.low = this.low + 1;
      _x_A = _x_A - 1;
    }
  }
} catch (java.lang.Throwable e#4) {
  exc#3 = true;
  thrownExc#5 = e#4;
} 
106248     DEBUG Thread-29       d.u.i.k.r.m.WhileLoopTransformation While-Loop-Tranform-Result: try {
  {
    if (_x_B > 0) {
      this.low = this.low + 1;
      _x_B = _x_B - 1;
    }
  }
} catch (java.lang.Throwable e#26) {
  exc#25 = true;
  thrownExc#27 = e#26;
} 
106506     DEBUG Thread-29       d.u.i.k.j.TypeConverter   typeconverter: (prefix this;, class class de.uka.ilkd.key.java.reference.ThisReference) 
106623     DEBUG Thread-29       d.u.i.k.j.TypeConverter   typeconverter: (prefix this;, class class de.uka.ilkd.key.java.reference.ThisReference) 
106629     DEBUG Thread-29       d.u.i.k.j.TypeConverter   typeconverter: (prefix this;, class class de.uka.ilkd.key.java.reference.ThisReference) 
106648     DEBUG Thread-29       d.u.i.k.j.TypeConverter   typeconverter: (prefix this;, class class de.uka.ilkd.key.java.reference.ThisReference) 
106824     DEBUG Thread-29       d.u.i.k.j.TypeConverter   typeconverter: (prefix this;, class class de.uka.ilkd.key.java.reference.ThisReference) 
106939     DEBUG Thread-29       d.u.i.k.j.TypeConverter   typeconverter: (prefix this;, class class de.uka.ilkd.key.java.reference.ThisReference) 
106944     DEBUG Thread-29       d.u.i.k.j.TypeConverter   typeconverter: (prefix this;, class class de.uka.ilkd.key.java.reference.ThisReference) 
106962     DEBUG Thread-29       d.u.i.k.j.TypeConverter   typeconverter: (prefix this;, class class de.uka.ilkd.key.java.reference.ThisReference) 
107099     INFO  main            d.u.i.k.p.r.p.TestFile    ... finished proof: closed. 
107292     DEBUG main            d.u.i.k.s.TermLabelSettings TermLabelSettings: Failure while reading the setting "UseOriginLabels".Using the default value: true.The string read was: null 
107292     INFO  main            d.u.i.k.p.r.p.TestFile    Now processing file /home/runner/work/key/key/key.core/../key.ui/examples/InformationFlow/LoopInvariants/loop.IFLoopExamples(loop.IFLoopExamples__print(int)).Non-interference contract.0.key 
107293     DEBUG main            d.u.i.k.p.i.KeYFile       Reading KeY file /home/runner/work/key/key/key.core/../key.ui/examples/InformationFlow/LoopInvariants/loop.IFLoopExamples(loop.IFLoopExamples__print(int)).Non-interference contract.0.key 
108204     DEBUG main            d.u.i.k.j.Recoder2KeY     converting now /home/runner/work/key/key/key.core/../key.ui/examples/InformationFlow/LoopInvariants/src/loop/IFLoopExamples.java 
108210     DEBUG main            d.u.i.k.s.TermLabelSettings TermLabelSettings: Failure while reading the setting "UseOriginLabels".Using the default value: true.The string read was: null 
108219     DEBUG main            d.u.i.k.p.i.KeYFile       Reading KeY file file:/home/runner/work/key/key/key.core/build/resources/main/de/uka/ilkd/key/java/JavaRedux/java/lang/String.key 
110194     DEBUG main            d.u.i.k.p.i.KeYFile       Reading KeY file /home/runner/work/key/key/key.core/../key.ui/examples/InformationFlow/LoopInvariants/loop.IFLoopExamples(loop.IFLoopExamples__print(int)).Non-interference contract.0.key 
110229     DEBUG Thread-31       d.u.i.k.j.TypeConverter   typeconverter: (prefix this;, class class de.uka.ilkd.key.java.reference.ThisReference) 
110232     DEBUG Thread-31       d.u.i.k.j.TypeConverter   typeconverter: (prefix this;, class class de.uka.ilkd.key.java.reference.ThisReference) 
110299     INFO  main            d.u.i.k.p.r.p.TestFile    ... finished proof: closed. 
110467     DEBUG main            d.u.i.k.s.TermLabelSettings TermLabelSettings: Failure while reading the setting "UseOriginLabels".Using the default value: true.The string read was: null 
110467     INFO  main            d.u.i.k.p.r.p.TestFile    Now processing file /home/runner/work/key/key/key.core/../key.ui/examples/InformationFlow/LoopInvariants/loop.IFLoopExamples(loop.IFLoopExamples__hammer(int)).Non-interference contract.0.key 
110467     DEBUG main            d.u.i.k.p.i.KeYFile       Reading KeY file /home/runner/work/key/key/key.core/../key.ui/examples/InformationFlow/LoopInvariants/loop.IFLoopExamples(loop.IFLoopExamples__hammer(int)).Non-interference contract.0.key 
111401     DEBUG main            d.u.i.k.j.Recoder2KeY     converting now /home/runner/work/key/key/key.core/../key.ui/examples/InformationFlow/LoopInvariants/src/loop/IFLoopExamples.java 
111406     DEBUG main            d.u.i.k.s.TermLabelSettings TermLabelSettings: Failure while reading the setting "UseOriginLabels".Using the default value: true.The string read was: null 
111407     DEBUG main            d.u.i.k.p.i.KeYFile       Reading KeY file file:/home/runner/work/key/key/key.core/build/resources/main/de/uka/ilkd/key/java/JavaRedux/java/lang/String.key 
113420     DEBUG main            d.u.i.k.p.i.KeYFile       Reading KeY file /home/runner/work/key/key/key.core/../key.ui/examples/InformationFlow/LoopInvariants/loop.IFLoopExamples(loop.IFLoopExamples__hammer(int)).Non-interference contract.0.key 
113474     DEBUG Thread-33       d.u.i.k.r.m.WhileLoopTransformation While-Loop-Tranform-Result: try {
  {
    if (y < 10) {
      print(x);
      if (y == 5) {
        x = _secret_A;
        y = 9;
      }
      x++;
      y++;
    }
  }
} catch (java.lang.Throwable e#4) {
  exc#3 = true;
  thrownExc#5 = e#4;
} 
113598     DEBUG Thread-33       d.u.i.k.r.m.WhileLoopTransformation While-Loop-Tranform-Result: try {
  {
    if (y_1 < 10) {
      print(x_1);
      if (y_1 == 5) {
        x_1 = _secret_B;
        y_1 = 9;
      }
      x_1++;
      y_1++;
    }
  }
} catch (java.lang.Throwable e#32) {
  exc#31 = true;
  thrownExc#33 = e#32;
} 
115726     INFO  main            d.u.i.k.p.r.p.TestFile    ... finished proof: closed. 
1151432    INFO  Test worker     d.u.i.k.p.r.RunAllProofsTestUnit Returning from test LoopInvariants_nomacro 
1151439    INFO  Test worker     d.u.i.k.p.r.RunAllProofsTestUnit Running test MiniExamples_nomacro 
351        INFO  Timeout watchdog d.u.i.k.p.r.p.ForkedTestFileRunner Timeout watcher launched (1000 secs.) 
355        WARN  main            d.u.i.k.s.ProofSettings   The settings in /home/runner/.key/proof-settings.props are *not* read. 
377        DEBUG main            d.u.i.k.s.TermLabelSettings TermLabelSettings: Failure while reading the setting "UseOriginLabels".Using the default value: true.The string read was: null 
377        INFO  main            d.u.i.k.p.r.p.TestFile    Now processing file /home/runner/work/key/key/key.core/../key.ui/examples/InformationFlow/MiniExamples/mini.AliasingExamples(mini.AliasingExamples__insecure_1(mini.AliasingExamples,mini.AliasingExamples,int)).Non-interference contract.0.key 
484        DEBUG main            d.u.i.k.p.i.KeYFile       Reading KeY file /home/runner/work/key/key/key.core/../key.ui/examples/InformationFlow/MiniExamples/mini.AliasingExamples(mini.AliasingExamples__insecure_1(mini.AliasingExamples,mini.AliasingExamples,int)).Non-interference contract.0.key 
697        DEBUG main            d.u.i.k.p.i.KeYFile       Reading KeY file file:/home/runner/work/key/key/key.core/build/resources/main/de/uka/ilkd/key/proof/rules/standardRules.key 
729        DEBUG main            d.u.i.k.p.i.KeYFile       Reading KeY file file:/home/runner/work/key/key/key.core/build/resources/main/de/uka/ilkd/key/proof/rules/ldt.key 
734        DEBUG main            d.u.i.k.p.i.KeYFile       Reading KeY file file:/home/runner/work/key/key/key.core/build/resources/main/de/uka/ilkd/key/proof/rules/boolean.key 
749        DEBUG main            d.u.i.k.p.i.KeYFile       Reading KeY file file:/home/runner/work/key/key/key.core/build/resources/main/de/uka/ilkd/key/proof/rules/ruleSetsDeclarations.key 
774        DEBUG main            d.u.i.k.p.i.KeYFile       Reading KeY file file:/home/runner/work/key/key/key.core/build/resources/main/de/uka/ilkd/key/proof/rules/integerHeader.key 
786        DEBUG main            d.u.i.k.p.i.KeYFile       Reading KeY file file:/home/runner/work/key/key/key.core/build/resources/main/de/uka/ilkd/key/proof/rules/floatHeader.key 
789        DEBUG main            d.u.i.k.p.i.KeYFile       Reading KeY file file:/home/runner/work/key/key/key.core/build/resources/main/de/uka/ilkd/key/proof/rules/heap.key 
795        DEBUG main            d.u.i.k.p.i.KeYFile       Reading KeY file file:/home/runner/work/key/key/key.core/build/resources/main/de/uka/ilkd/key/proof/rules/locSets.key 
796        DEBUG main            d.u.i.k.p.i.KeYFile       Reading KeY file file:/home/runner/work/key/key/key.core/build/resources/main/de/uka/ilkd/key/proof/rules/permission.key 
797        DEBUG main            d.u.i.k.p.i.KeYFile       Reading KeY file file:/home/runner/work/key/key/key.core/build/resources/main/de/uka/ilkd/key/proof/rules/reach.key 
797        DEBUG main            d.u.i.k.p.i.KeYFile       Reading KeY file file:/home/runner/work/key/key/key.core/build/resources/main/de/uka/ilkd/key/proof/rules/seq.key 
798        DEBUG main            d.u.i.k.p.i.KeYFile       Reading KeY file file:/home/runner/work/key/key/key.core/build/resources/main/de/uka/ilkd/key/proof/rules/map.key 
851        DEBUG main            d.u.i.k.p.i.KeYFile       Reading KeY file file:/home/runner/work/key/key/key.core/build/resources/main/de/uka/ilkd/key/proof/rules/freeADT.key 
855        DEBUG main            d.u.i.k.p.i.KeYFile       Reading KeY file file:/home/runner/work/key/key/key.core/build/resources/main/de/uka/ilkd/key/proof/rules/wellfound.key 
856        DEBUG main            d.u.i.k.p.i.KeYFile       Reading KeY file file:/home/runner/work/key/key/key.core/build/resources/main/de/uka/ilkd/key/proof/rules/charListHeader.key 
1032       DEBUG main            d.u.i.k.p.i.KeYFile       Reading KeY file file:/home/runner/work/key/key/key.core/build/resources/main/de/uka/ilkd/key/proof/rules/propRule.key 
1073       DEBUG main            d.u.i.k.p.i.KeYFile       Reading KeY file file:/home/runner/work/key/key/key.core/build/resources/main/de/uka/ilkd/key/proof/rules/firstOrderRules.key 
1094       DEBUG main            d.u.i.k.p.i.KeYFile       Reading KeY file file:/home/runner/work/key/key/key.core/build/resources/main/de/uka/ilkd/key/proof/rules/ifThenElseRules.key 
1143       DEBUG main            d.u.i.k.p.i.KeYFile       Reading KeY file file:/home/runner/work/key/key/key.core/build/resources/main/de/uka/ilkd/key/proof/rules/formulaNormalisationRules.key 
1317       DEBUG main            d.u.i.k.p.i.KeYFile       Reading KeY file file:/home/runner/work/key/key/key.core/build/resources/main/de/uka/ilkd/key/proof/rules/updateRules.key 
1358       DEBUG main            d.u.i.k.p.i.KeYFile       Reading KeY file file:/home/runner/work/key/key/key.core/build/resources/main/de/uka/ilkd/key/proof/rules/integerRulesCommon.key 
1519       DEBUG main            d.u.i.k.p.i.KeYFile       Reading KeY file file:/home/runner/work/key/key/key.core/build/resources/main/de/uka/ilkd/key/proof/rules/intRules.key 
1543       DEBUG main            d.u.i.k.p.i.KeYFile       Reading KeY file file:/home/runner/work/key/key/key.core/build/resources/main/de/uka/ilkd/key/proof/rules/intRulesUncheckedSemantics.key 
1556       DEBUG main            d.u.i.k.p.i.KeYFile       Reading KeY file file:/home/runner/work/key/key/key.core/build/resources/main/de/uka/ilkd/key/proof/rules/intRulesCheckedSemantics.key 
1567       DEBUG main            d.u.i.k.p.i.KeYFile       Reading KeY file file:/home/runner/work/key/key/key.core/build/resources/main/de/uka/ilkd/key/proof/rules/intRulesJavaSemantics.key 
1585       DEBUG main            d.u.i.k.p.i.KeYFile       Reading KeY file file:/home/runner/work/key/key/key.core/build/resources/main/de/uka/ilkd/key/proof/rules/integerSimplificationRules.key 
1808       DEBUG main            d.u.i.k.j.TypeConverter   No LDT found for Meta 
1809       DEBUG main            d.u.i.k.j.TypeConverter   No LDT found for Meta 
1812       DEBUG main            d.u.i.k.j.TypeConverter   No LDT found for Meta 
1812       DEBUG main            d.u.i.k.j.TypeConverter   No LDT found for Meta 
1837       DEBUG main            d.u.i.k.p.i.KeYFile       Reading KeY file file:/home/runner/work/key/key/key.core/build/resources/main/de/uka/ilkd/key/proof/rules/intDiv.key 
1906       DEBUG main            d.u.i.k.p.i.KeYFile       Reading KeY file file:/home/runner/work/key/key/key.core/build/resources/main/de/uka/ilkd/key/proof/rules/bsum.key 
1987       DEBUG main            d.u.i.k.p.i.KeYFile       Reading KeY file file:/home/runner/work/key/key/key.core/build/resources/main/de/uka/ilkd/key/proof/rules/bprod.key 
2039       DEBUG main            d.u.i.k.p.i.KeYFile       Reading KeY file file:/home/runner/work/key/key/key.core/build/resources/main/de/uka/ilkd/key/proof/rules/binaryAxioms.key 
2045       DEBUG main            d.u.i.k.p.i.KeYFile       Reading KeY file file:/home/runner/work/key/key/key.core/build/resources/main/de/uka/ilkd/key/proof/rules/binaryLemmas.key 
2054       DEBUG main            d.u.i.k.p.i.KeYFile       Reading KeY file file:/home/runner/work/key/key/key.core/build/resources/main/de/uka/ilkd/key/proof/rules/intPow.key 
2069       DEBUG main            d.u.i.k.p.i.KeYFile       Reading KeY file file:/home/runner/work/key/key/key.core/build/resources/main/de/uka/ilkd/key/proof/rules/floatRulesCommon.key 
2090       DEBUG main            d.u.i.k.p.i.KeYFile       Reading KeY file file:/home/runner/work/key/key/key.core/build/resources/main/de/uka/ilkd/key/proof/rules/floatRules.key 
2092       DEBUG main            d.u.i.k.p.i.KeYFile       Reading KeY file file:/home/runner/work/key/key/key.core/build/resources/main/de/uka/ilkd/key/proof/rules/floatRulesVerifyNormal.key 
2093       DEBUG main            d.u.i.k.p.i.KeYFile       Reading KeY file file:/home/runner/work/key/key/key.core/build/resources/main/de/uka/ilkd/key/proof/rules/floatRulesAssumeStrictfp.key 
2133       DEBUG main            d.u.i.k.p.i.KeYFile       Reading KeY file file:/home/runner/work/key/key/key.core/build/resources/main/de/uka/ilkd/key/proof/rules/genericRules.key 
2150       DEBUG main            d.u.i.k.p.i.KeYFile       Reading KeY file file:/home/runner/work/key/key/key.core/build/resources/main/de/uka/ilkd/key/proof/rules/booleanRules.key 
2154       DEBUG main            d.u.i.k.p.i.KeYFile       Reading KeY file file:/home/runner/work/key/key/key.core/build/resources/main/de/uka/ilkd/key/proof/rules/epsilon.key 
2158       DEBUG main            d.u.i.k.p.i.KeYFile       Reading KeY file file:/home/runner/work/key/key/key.core/build/resources/main/de/uka/ilkd/key/proof/rules/locSetsRules.key 
2233       DEBUG main            d.u.i.k.p.i.KeYFile       Reading KeY file file:/home/runner/work/key/key/key.core/build/resources/main/de/uka/ilkd/key/proof/rules/heapRules.key 
2286       DEBUG main            d.u.i.k.p.i.KeYFile       Reading KeY file file:/home/runner/work/key/key/key.core/build/resources/main/de/uka/ilkd/key/proof/rules/permissionRules.key 
2305       DEBUG main            d.u.i.k.p.i.KeYFile       Reading KeY file file:/home/runner/work/key/key/key.core/build/resources/main/de/uka/ilkd/key/proof/rules/reachRules.key 
2335       DEBUG main            d.u.i.k.p.i.KeYFile       Reading KeY file file:/home/runner/work/key/key/key.core/build/resources/main/de/uka/ilkd/key/proof/rules/seqCoreRules.key 
2339       DEBUG main            d.u.i.k.p.i.KeYFile       Reading KeY file file:/home/runner/work/key/key/key.core/build/resources/main/de/uka/ilkd/key/proof/rules/seqRules.key 
2411       DEBUG main            d.u.i.k.p.i.KeYFile       Reading KeY file file:/home/runner/work/key/key/key.core/build/resources/main/de/uka/ilkd/key/proof/rules/seqPerm.key 
2446       DEBUG main            d.u.i.k.p.i.KeYFile       Reading KeY file file:/home/runner/work/key/key/key.core/build/resources/main/de/uka/ilkd/key/proof/rules/seqPerm2.key 
2453       DEBUG main            d.u.i.k.p.i.KeYFile       Reading KeY file file:/home/runner/work/key/key/key.core/build/resources/main/de/uka/ilkd/key/proof/rules/javaRules.key 
2585       DEBUG main            d.u.i.k.p.i.KeYFile       Reading KeY file file:/home/runner/work/key/key/key.core/build/resources/main/de/uka/ilkd/key/proof/rules/assertions.key 
3115       DEBUG main            d.u.i.k.p.i.KeYFile       Reading KeY file file:/home/runner/work/key/key/key.core/build/resources/main/de/uka/ilkd/key/proof/rules/loopRules.key 
3124       DEBUG main            d.u.i.k.p.i.KeYFile       Reading KeY file file:/home/runner/work/key/key/key.core/build/resources/main/de/uka/ilkd/key/proof/rules/activeUse.key 
3204       DEBUG main            d.u.i.k.p.i.KeYFile       Reading KeY file file:/home/runner/work/key/key/key.core/build/resources/main/de/uka/ilkd/key/proof/rules/instanceAllocation.key 
3221       DEBUG main            d.u.i.k.p.i.KeYFile       Reading KeY file file:/home/runner/work/key/key/key.core/build/resources/main/de/uka/ilkd/key/proof/rules/java5.key 
3224       DEBUG main            d.u.i.k.p.i.KeYFile       Reading KeY file file:/home/runner/work/key/key/key.core/build/resources/main/de/uka/ilkd/key/proof/rules/integerAssignment2UpdateRules.key 
3268       DEBUG main            d.u.i.k.p.i.KeYFile       Reading KeY file file:/home/runner/work/key/key/key.core/build/resources/main/de/uka/ilkd/key/proof/rules/floatAssignment2UpdateRules.key 
3297       DEBUG main            d.u.i.k.p.i.KeYFile       Reading KeY file file:/home/runner/work/key/key/key.core/build/resources/main/de/uka/ilkd/key/proof/rules/bigint.key 
3307       DEBUG main            d.u.i.k.j.TypeConverter   No LDT found for JavaBigintExpression 
3310       DEBUG main            d.u.i.k.p.i.KeYFile       Reading KeY file file:/home/runner/work/key/key/key.core/build/resources/main/de/uka/ilkd/key/proof/rules/adtProgramDecompositionRules.key 
3326       DEBUG main            d.u.i.k.p.i.KeYFile       Reading KeY file file:/home/runner/work/key/key/key.core/build/resources/main/de/uka/ilkd/key/proof/rules/precRules.key 
3329       DEBUG main            d.u.i.k.p.i.KeYFile       Reading KeY file file:/home/runner/work/key/key/key.core/build/resources/main/de/uka/ilkd/key/proof/rules/charListRules.key 
3344       DEBUG main            d.u.i.k.p.i.KeYFile       Reading KeY file file:/home/runner/work/key/key/key.core/build/resources/main/de/uka/ilkd/key/proof/rules/regExTheory.key 
3345       DEBUG main            d.u.i.k.p.i.KeYFile       Reading KeY file file:/home/runner/work/key/key/key.core/build/resources/main/de/uka/ilkd/key/proof/rules/regExHeader.key 
3346       DEBUG main            d.u.i.k.p.i.KeYFile       Reading KeY file file:/home/runner/work/key/key/key.core/build/resources/main/de/uka/ilkd/key/proof/rules/regExAxioms.key 
3349       DEBUG main            d.u.i.k.p.i.KeYFile       Reading KeY file file:/home/runner/work/key/key/key.core/build/resources/main/de/uka/ilkd/key/proof/rules/regExLemmaProven.key 
3355       DEBUG main            d.u.i.k.p.i.KeYFile       Reading KeY file file:/home/runner/work/key/key/key.core/build/resources/main/de/uka/ilkd/key/proof/rules/seqEq.key 
3362       DEBUG main            d.u.i.k.p.i.KeYFile       Reading KeY file file:/home/runner/work/key/key/key.core/build/resources/main/de/uka/ilkd/key/proof/rules/infFlow.key 
3367       DEBUG main            d.u.i.k.p.i.KeYFile       Reading KeY file file:/home/runner/work/key/key/key.core/build/resources/main/de/uka/ilkd/key/proof/rules/mapSize.key 
3370       DEBUG main            d.u.i.k.p.i.KeYFile       Reading KeY file file:/home/runner/work/key/key/key.core/build/resources/main/de/uka/ilkd/key/proof/rules/wd.key 
3372       DEBUG main            d.u.i.k.p.i.KeYFile       Reading KeY file file:/home/runner/work/key/key/key.core/build/resources/main/de/uka/ilkd/key/proof/rules/wdHeader.key 
3373       DEBUG main            d.u.i.k.p.i.KeYFile       Reading KeY file file:/home/runner/work/key/key/key.core/build/resources/main/de/uka/ilkd/key/proof/rules/wdGeneralRules.key 
3376       DEBUG main            d.u.i.k.p.i.KeYFile       Reading KeY file file:/home/runner/work/key/key/key.core/build/resources/main/de/uka/ilkd/key/proof/rules/wdNumericalRules.key 
3423       DEBUG main            d.u.i.k.p.i.KeYFile       Reading KeY file file:/home/runner/work/key/key/key.core/build/resources/main/de/uka/ilkd/key/proof/rules/wdLocSetRules.key 
3430       DEBUG main            d.u.i.k.p.i.KeYFile       Reading KeY file file:/home/runner/work/key/key/key.core/build/resources/main/de/uka/ilkd/key/proof/rules/wdHeapRules.key 
3434       DEBUG main            d.u.i.k.p.i.KeYFile       Reading KeY file file:/home/runner/work/key/key/key.core/build/resources/main/de/uka/ilkd/key/proof/rules/wdReachRules.key 
3436       DEBUG main            d.u.i.k.p.i.KeYFile       Reading KeY file file:/home/runner/work/key/key/key.core/build/resources/main/de/uka/ilkd/key/proof/rules/wdSeqRules.key 
3439       DEBUG main            d.u.i.k.p.i.KeYFile       Reading KeY file file:/home/runner/work/key/key/key.core/build/resources/main/de/uka/ilkd/key/proof/rules/wdStringRules.key 
3441       DEBUG main            d.u.i.k.p.i.KeYFile       Reading KeY file file:/home/runner/work/key/key/key.core/build/resources/main/de/uka/ilkd/key/proof/rules/wdRegExRules.key 
3443       DEBUG main            d.u.i.k.p.i.KeYFile       Reading KeY file file:/home/runner/work/key/key/key.core/build/resources/main/de/uka/ilkd/key/proof/rules/wdFormulaRules.key 
3456       DEBUG main            d.u.i.k.p.i.KeYFile       Reading KeY file file:/home/runner/work/key/key/key.core/build/resources/main/de/uka/ilkd/key/proof/rules/loopInvariantRules.key 
3458       DEBUG main            d.u.i.k.p.i.KeYFile       Reading KeY file file:/home/runner/work/key/key/key.core/build/resources/main/de/uka/ilkd/key/proof/rules/forLoopRules.key 
3460       DEBUG main            d.u.i.k.p.i.KeYFile       Reading KeY file file:/home/runner/work/key/key/key.core/build/resources/main/de/uka/ilkd/key/proof/rules/execRules.key 
3518       DEBUG main            d.u.i.k.p.i.KeYFile       Reading KeY file file:/home/runner/work/key/key/key.core/build/resources/main/de/uka/ilkd/key/proof/rules/loopScopeRules.key 
5882       DEBUG main            d.u.i.k.j.Recoder2KeY     converting now /home/runner/work/key/key/key.core/../key.ui/examples/InformationFlow/MiniExamples/src/mini/MiniExamples.java 
5895       DEBUG main            d.u.i.k.j.Recoder2KeY     converting now /home/runner/work/key/key/key.core/../key.ui/examples/InformationFlow/MiniExamples/src/mini/AliasingExamples.java 
5898       DEBUG main            d.u.i.k.j.Recoder2KeY     converting now /home/runner/work/key/key/key.core/../key.ui/examples/InformationFlow/MiniExamples/src/mini/DifferenceSeqLocset.java 
5903       DEBUG main            d.u.i.k.j.Recoder2KeY     converting now /home/runner/work/key/key/key.core/../key.ui/examples/InformationFlow/MiniExamples/src/mini/MiniExamplesLecture.java 
5956       DEBUG main            d.u.i.k.s.TermLabelSettings TermLabelSettings: Failure while reading the setting "UseOriginLabels".Using the default value: true.The string read was: null 
5977       DEBUG main            d.u.i.k.p.i.KeYFile       Reading KeY file file:/home/runner/work/key/key/key.core/build/resources/main/de/uka/ilkd/key/java/JavaRedux/java/lang/String.key 
8528       DEBUG main            d.u.i.k.p.i.KeYFile       Reading KeY file /home/runner/work/key/key/key.core/../key.ui/examples/InformationFlow/MiniExamples/mini.AliasingExamples(mini.AliasingExamples__insecure_1(mini.AliasingExamples,mini.AliasingExamples,int)).Non-interference contract.0.key 
9459       INFO  main            d.u.i.k.p.r.p.TestFile    ... finished proof: open goal(s) 
9581       DEBUG main            d.u.i.k.s.TermLabelSettings TermLabelSettings: Failure while reading the setting "UseOriginLabels".Using the default value: true.The string read was: null 
9581       INFO  main            d.u.i.k.p.r.p.TestFile    Now processing file /home/runner/work/key/key/key.core/../key.ui/examples/InformationFlow/MiniExamples/mini.AliasingExamples(mini.AliasingExamples__secure_1(mini.AliasingExamples,mini.AliasingExamples,int)).Non-interference contract.0.key 
9582       DEBUG main            d.u.i.k.p.i.KeYFile       Reading KeY file /home/runner/work/key/key/key.core/../key.ui/examples/InformationFlow/MiniExamples/mini.AliasingExamples(mini.AliasingExamples__secure_1(mini.AliasingExamples,mini.AliasingExamples,int)).Non-interference contract.0.key 
10581      DEBUG main            d.u.i.k.j.Recoder2KeY     converting now /home/runner/work/key/key/key.core/../key.ui/examples/InformationFlow/MiniExamples/src/mini/MiniExamples.java 
10586      DEBUG main            d.u.i.k.j.Recoder2KeY     converting now /home/runner/work/key/key/key.core/../key.ui/examples/InformationFlow/MiniExamples/src/mini/AliasingExamples.java 
10588      DEBUG main            d.u.i.k.j.Recoder2KeY     converting now /home/runner/work/key/key/key.core/../key.ui/examples/InformationFlow/MiniExamples/src/mini/DifferenceSeqLocset.java 
10592      DEBUG main            d.u.i.k.j.Recoder2KeY     converting now /home/runner/work/key/key/key.core/../key.ui/examples/InformationFlow/MiniExamples/src/mini/MiniExamplesLecture.java 
10600      DEBUG main            d.u.i.k.s.TermLabelSettings TermLabelSettings: Failure while reading the setting "UseOriginLabels".Using the default value: true.The string read was: null 
10602      DEBUG main            d.u.i.k.p.i.KeYFile       Reading KeY file file:/home/runner/work/key/key/key.core/build/resources/main/de/uka/ilkd/key/java/JavaRedux/java/lang/String.key 
12646      DEBUG main            d.u.i.k.p.i.KeYFile       Reading KeY file /home/runner/work/key/key/key.core/../key.ui/examples/InformationFlow/MiniExamples/mini.AliasingExamples(mini.AliasingExamples__secure_1(mini.AliasingExamples,mini.AliasingExamples,int)).Non-interference contract.0.key 
13050      INFO  main            d.u.i.k.p.r.p.TestFile    ... finished proof: closed. 
13178      DEBUG main            d.u.i.k.s.TermLabelSettings TermLabelSettings: Failure while reading the setting "UseOriginLabels".Using the default value: true.The string read was: null 
13178      INFO  main            d.u.i.k.p.r.p.TestFile    Now processing file /home/runner/work/key/key/key.core/../key.ui/examples/InformationFlow/MiniExamples/mini.MiniExamplesLecture(mini.MiniExamplesLecture__m_6()).Non-interference contract.0.key 
13179      DEBUG main            d.u.i.k.p.i.KeYFile       Reading KeY file /home/runner/work/key/key/key.core/../key.ui/examples/InformationFlow/MiniExamples/mini.MiniExamplesLecture(mini.MiniExamplesLecture__m_6()).Non-interference contract.0.key 
14151      DEBUG main            d.u.i.k.j.Recoder2KeY     converting now /home/runner/work/key/key/key.core/../key.ui/examples/InformationFlow/MiniExamples/src/mini/MiniExamples.java 
14154      DEBUG main            d.u.i.k.j.Recoder2KeY     converting now /home/runner/work/key/key/key.core/../key.ui/examples/InformationFlow/MiniExamples/src/mini/AliasingExamples.java 
14156      DEBUG main            d.u.i.k.j.Recoder2KeY     converting now /home/runner/work/key/key/key.core/../key.ui/examples/InformationFlow/MiniExamples/src/mini/DifferenceSeqLocset.java 
14158      DEBUG main            d.u.i.k.j.Recoder2KeY     converting now /home/runner/work/key/key/key.core/../key.ui/examples/InformationFlow/MiniExamples/src/mini/MiniExamplesLecture.java 
14164      DEBUG main            d.u.i.k.s.TermLabelSettings TermLabelSettings: Failure while reading the setting "UseOriginLabels".Using the default value: true.The string read was: null 
14166      DEBUG main            d.u.i.k.p.i.KeYFile       Reading KeY file file:/home/runner/work/key/key/key.core/build/resources/main/de/uka/ilkd/key/java/JavaRedux/java/lang/String.key 
16060      DEBUG main            d.u.i.k.p.i.KeYFile       Reading KeY file /home/runner/work/key/key/key.core/../key.ui/examples/InformationFlow/MiniExamples/mini.MiniExamplesLecture(mini.MiniExamplesLecture__m_6()).Non-interference contract.0.key 
16163      INFO  main            d.u.i.k.p.r.p.TestFile    ... finished proof: closed. 
16284      DEBUG main            d.u.i.k.s.TermLabelSettings TermLabelSettings: Failure while reading the setting "UseOriginLabels".Using the default value: true.The string read was: null 
16284      INFO  main            d.u.i.k.p.r.p.TestFile    Now processing file /home/runner/work/key/key/key.core/../key.ui/examples/InformationFlow/MiniExamples/mini.MiniExamplesLecture(mini.MiniExamplesLecture__m_5()).Non-interference contract.0.key 
16284      DEBUG main            d.u.i.k.p.i.KeYFile       Reading KeY file /home/runner/work/key/key/key.core/../key.ui/examples/InformationFlow/MiniExamples/mini.MiniExamplesLecture(mini.MiniExamplesLecture__m_5()).Non-interference contract.0.key 
17214      DEBUG main            d.u.i.k.j.Recoder2KeY     converting now /home/runner/work/key/key/key.core/../key.ui/examples/InformationFlow/MiniExamples/src/mini/MiniExamples.java 
17216      DEBUG main            d.u.i.k.j.Recoder2KeY     converting now /home/runner/work/key/key/key.core/../key.ui/examples/InformationFlow/MiniExamples/src/mini/AliasingExamples.java 
17218      DEBUG main            d.u.i.k.j.Recoder2KeY     converting now /home/runner/work/key/key/key.core/../key.ui/examples/InformationFlow/MiniExamples/src/mini/DifferenceSeqLocset.java 
17220      DEBUG main            d.u.i.k.j.Recoder2KeY     converting now /home/runner/work/key/key/key.core/../key.ui/examples/InformationFlow/MiniExamples/src/mini/MiniExamplesLecture.java 
17226      DEBUG main            d.u.i.k.s.TermLabelSettings TermLabelSettings: Failure while reading the setting "UseOriginLabels".Using the default value: true.The string read was: null 
17227      DEBUG main            d.u.i.k.p.i.KeYFile       Reading KeY file file:/home/runner/work/key/key/key.core/build/resources/main/de/uka/ilkd/key/java/JavaRedux/java/lang/String.key 
19096      DEBUG main            d.u.i.k.p.i.KeYFile       Reading KeY file /home/runner/work/key/key/key.core/../key.ui/examples/InformationFlow/MiniExamples/mini.MiniExamplesLecture(mini.MiniExamplesLecture__m_5()).Non-interference contract.0.key 
19143      DEBUG Thread-7        d.u.i.k.j.TypeConverter   TypeConverter: FieldReference: h; 
19147      DEBUG Thread-7        d.u.i.k.j.TypeConverter   TypeConverter: FieldReference: l; 
19162      DEBUG Thread-7        d.u.i.k.j.TypeConverter   TypeConverter: FieldReference: h; 
19165      DEBUG Thread-7        d.u.i.k.j.TypeConverter   TypeConverter: FieldReference: l; 
19177      DEBUG Thread-7        d.u.i.k.j.TypeConverter   TypeConverter: FieldReference: l; 
19190      DEBUG Thread-7        d.u.i.k.j.TypeConverter   TypeConverter: FieldReference: h; 
19202      DEBUG Thread-7        d.u.i.k.j.TypeConverter   TypeConverter: FieldReference: l; 
19215      DEBUG Thread-7        d.u.i.k.j.TypeConverter   TypeConverter: FieldReference: h; 
19233      DEBUG Thread-7        d.u.i.k.j.TypeConverter   TypeConverter: FieldReference: l; 
19247      DEBUG Thread-7        d.u.i.k.j.TypeConverter   TypeConverter: FieldReference: l; 
19300      INFO  main            d.u.i.k.p.r.p.TestFile    ... finished proof: closed. 
19445      DEBUG main            d.u.i.k.s.TermLabelSettings TermLabelSettings: Failure while reading the setting "UseOriginLabels".Using the default value: true.The string read was: null 
19445      INFO  main            d.u.i.k.p.r.p.TestFile    Now processing file /home/runner/work/key/key/key.core/../key.ui/examples/InformationFlow/MiniExamples/mini.MiniExamplesLecture(mini.MiniExamplesLecture__m_4()).Non-interference contract.0.key 
19445      DEBUG main            d.u.i.k.p.i.KeYFile       Reading KeY file /home/runner/work/key/key/key.core/../key.ui/examples/InformationFlow/MiniExamples/mini.MiniExamplesLecture(mini.MiniExamplesLecture__m_4()).Non-interference contract.0.key 
20341      DEBUG main            d.u.i.k.j.Recoder2KeY     converting now /home/runner/work/key/key/key.core/../key.ui/examples/InformationFlow/MiniExamples/src/mini/MiniExamples.java 
20343      DEBUG main            d.u.i.k.j.Recoder2KeY     converting now /home/runner/work/key/key/key.core/../key.ui/examples/InformationFlow/MiniExamples/src/mini/AliasingExamples.java 
20344      DEBUG main            d.u.i.k.j.Recoder2KeY     converting now /home/runner/work/key/key/key.core/../key.ui/examples/InformationFlow/MiniExamples/src/mini/DifferenceSeqLocset.java 
20346      DEBUG main            d.u.i.k.j.Recoder2KeY     converting now /home/runner/work/key/key/key.core/../key.ui/examples/InformationFlow/MiniExamples/src/mini/MiniExamplesLecture.java 
20351      DEBUG main            d.u.i.k.s.TermLabelSettings TermLabelSettings: Failure while reading the setting "UseOriginLabels".Using the default value: true.The string read was: null 
20352      DEBUG main            d.u.i.k.p.i.KeYFile       Reading KeY file file:/home/runner/work/key/key/key.core/build/resources/main/de/uka/ilkd/key/java/JavaRedux/java/lang/String.key 
22266      DEBUG main            d.u.i.k.p.i.KeYFile       Reading KeY file /home/runner/work/key/key/key.core/../key.ui/examples/InformationFlow/MiniExamples/mini.MiniExamplesLecture(mini.MiniExamplesLecture__m_4()).Non-interference contract.0.key 
22323      DEBUG Thread-9        d.u.i.k.j.TypeConverter   TypeConverter: FieldReference: h; 
22331      DEBUG Thread-9        d.u.i.k.j.TypeConverter   TypeConverter: FieldReference: h; 
22341      DEBUG Thread-9        d.u.i.k.j.TypeConverter   TypeConverter: FieldReference: l; 
22354      DEBUG Thread-9        d.u.i.k.j.TypeConverter   TypeConverter: FieldReference: h; 
22362      DEBUG Thread-9        d.u.i.k.j.TypeConverter   TypeConverter: FieldReference: h; 
22373      DEBUG Thread-9        d.u.i.k.j.TypeConverter   TypeConverter: FieldReference: l; 
22471      INFO  main            d.u.i.k.p.r.p.TestFile    ... finished proof: closed. 
22622      DEBUG main            d.u.i.k.s.TermLabelSettings TermLabelSettings: Failure while reading the setting "UseOriginLabels".Using the default value: true.The string read was: null 
22622      INFO  main            d.u.i.k.p.r.p.TestFile    Now processing file /home/runner/work/key/key/key.core/../key.ui/examples/InformationFlow/MiniExamples/mini.MiniExamplesLecture(mini.MiniExamplesLecture__m_3()).Non-interference contract.0.key 
22623      DEBUG main            d.u.i.k.p.i.KeYFile       Reading KeY file /home/runner/work/key/key/key.core/../key.ui/examples/InformationFlow/MiniExamples/mini.MiniExamplesLecture(mini.MiniExamplesLecture__m_3()).Non-interference contract.0.key 
23485      DEBUG main            d.u.i.k.j.Recoder2KeY     converting now /home/runner/work/key/key/key.core/../key.ui/examples/InformationFlow/MiniExamples/src/mini/MiniExamples.java 
23487      DEBUG main            d.u.i.k.j.Recoder2KeY     converting now /home/runner/work/key/key/key.core/../key.ui/examples/InformationFlow/MiniExamples/src/mini/AliasingExamples.java 
23488      DEBUG main            d.u.i.k.j.Recoder2KeY     converting now /home/runner/work/key/key/key.core/../key.ui/examples/InformationFlow/MiniExamples/src/mini/DifferenceSeqLocset.java 
23489      DEBUG main            d.u.i.k.j.Recoder2KeY     converting now /home/runner/work/key/key/key.core/../key.ui/examples/InformationFlow/MiniExamples/src/mini/MiniExamplesLecture.java 
23495      DEBUG main            d.u.i.k.s.TermLabelSettings TermLabelSettings: Failure while reading the setting "UseOriginLabels".Using the default value: true.The string read was: null 
23496      DEBUG main            d.u.i.k.p.i.KeYFile       Reading KeY file file:/home/runner/work/key/key/key.core/build/resources/main/de/uka/ilkd/key/java/JavaRedux/java/lang/String.key 
25374      DEBUG main            d.u.i.k.p.i.KeYFile       Reading KeY file /home/runner/work/key/key/key.core/../key.ui/examples/InformationFlow/MiniExamples/mini.MiniExamplesLecture(mini.MiniExamplesLecture__m_3()).Non-interference contract.0.key 
25424      DEBUG Thread-11       d.u.i.k.j.TypeConverter   TypeConverter: FieldReference: h; 
25444      DEBUG Thread-11       d.u.i.k.j.TypeConverter   TypeConverter: FieldReference: h; 
25470      DEBUG Thread-11       d.u.i.k.j.TypeConverter   TypeConverter: FieldReference: l; 
25503      DEBUG Thread-11       d.u.i.k.j.TypeConverter   TypeConverter: FieldReference: l; 
25525      DEBUG Thread-11       d.u.i.k.j.TypeConverter   TypeConverter: FieldReference: l; 
25552      DEBUG Thread-11       d.u.i.k.j.TypeConverter   TypeConverter: FieldReference: l; 
25582      DEBUG Thread-11       d.u.i.k.j.TypeConverter   TypeConverter: FieldReference: l; 
25607      DEBUG Thread-11       d.u.i.k.j.TypeConverter   TypeConverter: FieldReference: l; 
25681      INFO  main            d.u.i.k.p.r.p.TestFile    ... finished proof: open goal(s) 
25864      DEBUG main            d.u.i.k.s.TermLabelSettings TermLabelSettings: Failure while reading the setting "UseOriginLabels".Using the default value: true.The string read was: null 
25864      INFO  main            d.u.i.k.p.r.p.TestFile    Now processing file /home/runner/work/key/key/key.core/../key.ui/examples/InformationFlow/MiniExamples/mini.MiniExamplesLecture(mini.MiniExamplesLecture__m_2()).Non-interference contract.0.key 
25865      DEBUG main            d.u.i.k.p.i.KeYFile       Reading KeY file /home/runner/work/key/key/key.core/../key.ui/examples/InformationFlow/MiniExamples/mini.MiniExamplesLecture(mini.MiniExamplesLecture__m_2()).Non-interference contract.0.key 
26728      DEBUG main            d.u.i.k.j.Recoder2KeY     converting now /home/runner/work/key/key/key.core/../key.ui/examples/InformationFlow/MiniExamples/src/mini/MiniExamples.java 
26729      DEBUG main            d.u.i.k.j.Recoder2KeY     converting now /home/runner/work/key/key/key.core/../key.ui/examples/InformationFlow/MiniExamples/src/mini/AliasingExamples.java 
26730      DEBUG main            d.u.i.k.j.Recoder2KeY     converting now /home/runner/work/key/key/key.core/../key.ui/examples/InformationFlow/MiniExamples/src/mini/DifferenceSeqLocset.java 
26732      DEBUG main            d.u.i.k.j.Recoder2KeY     converting now /home/runner/work/key/key/key.core/../key.ui/examples/InformationFlow/MiniExamples/src/mini/MiniExamplesLecture.java 
26737      DEBUG main            d.u.i.k.s.TermLabelSettings TermLabelSettings: Failure while reading the setting "UseOriginLabels".Using the default value: true.The string read was: null 
26738      DEBUG main            d.u.i.k.p.i.KeYFile       Reading KeY file file:/home/runner/work/key/key/key.core/build/resources/main/de/uka/ilkd/key/java/JavaRedux/java/lang/String.key 
28612      DEBUG main            d.u.i.k.p.i.KeYFile       Reading KeY file /home/runner/work/key/key/key.core/../key.ui/examples/InformationFlow/MiniExamples/mini.MiniExamplesLecture(mini.MiniExamplesLecture__m_2()).Non-interference contract.0.key 
28660      DEBUG Thread-13       d.u.i.k.j.TypeConverter   TypeConverter: FieldReference: l; 
28679      DEBUG Thread-13       d.u.i.k.j.TypeConverter   TypeConverter: FieldReference: l; 
28708      DEBUG Thread-13       d.u.i.k.j.TypeConverter   TypeConverter: FieldReference: h; 
28735      DEBUG Thread-13       d.u.i.k.j.TypeConverter   TypeConverter: FieldReference: h; 
28759      DEBUG Thread-13       d.u.i.k.j.TypeConverter   TypeConverter: FieldReference: h; 
28787      DEBUG Thread-13       d.u.i.k.j.TypeConverter   TypeConverter: FieldReference: h; 
28815      INFO  main            d.u.i.k.p.r.p.TestFile    ... finished proof: closed. 
28965      DEBUG main            d.u.i.k.s.TermLabelSettings TermLabelSettings: Failure while reading the setting "UseOriginLabels".Using the default value: true.The string read was: null 
28965      INFO  main            d.u.i.k.p.r.p.TestFile    Now processing file /home/runner/work/key/key/key.core/../key.ui/examples/InformationFlow/MiniExamples/mini.MiniExamplesLecture(mini.MiniExamplesLecture__m_1()).Non-interference contract.0.key 
28965      DEBUG main            d.u.i.k.p.i.KeYFile       Reading KeY file /home/runner/work/key/key/key.core/../key.ui/examples/InformationFlow/MiniExamples/mini.MiniExamplesLecture(mini.MiniExamplesLecture__m_1()).Non-interference contract.0.key 
29844      DEBUG main            d.u.i.k.j.Recoder2KeY     converting now /home/runner/work/key/key/key.core/../key.ui/examples/InformationFlow/MiniExamples/src/mini/MiniExamples.java 
29846      DEBUG main            d.u.i.k.j.Recoder2KeY     converting now /home/runner/work/key/key/key.core/../key.ui/examples/InformationFlow/MiniExamples/src/mini/AliasingExamples.java 
29847      DEBUG main            d.u.i.k.j.Recoder2KeY     converting now /home/runner/work/key/key/key.core/../key.ui/examples/InformationFlow/MiniExamples/src/mini/DifferenceSeqLocset.java 
29848      DEBUG main            d.u.i.k.j.Recoder2KeY     converting now /home/runner/work/key/key/key.core/../key.ui/examples/InformationFlow/MiniExamples/src/mini/MiniExamplesLecture.java 
29853      DEBUG main            d.u.i.k.s.TermLabelSettings TermLabelSettings: Failure while reading the setting "UseOriginLabels".Using the default value: true.The string read was: null 
29854      DEBUG main            d.u.i.k.p.i.KeYFile       Reading KeY file file:/home/runner/work/key/key/key.core/build/resources/main/de/uka/ilkd/key/java/JavaRedux/java/lang/String.key 
31722      DEBUG main            d.u.i.k.p.i.KeYFile       Reading KeY file /home/runner/work/key/key/key.core/../key.ui/examples/InformationFlow/MiniExamples/mini.MiniExamplesLecture(mini.MiniExamplesLecture__m_1()).Non-interference contract.0.key 
31766      DEBUG Thread-15       d.u.i.k.j.TypeConverter   TypeConverter: FieldReference: h; 
31769      DEBUG Thread-15       d.u.i.k.j.TypeConverter   TypeConverter: FieldReference: l; 
31777      DEBUG Thread-15       d.u.i.k.j.TypeConverter   TypeConverter: FieldReference: h; 
31780      DEBUG Thread-15       d.u.i.k.j.TypeConverter   TypeConverter: FieldReference: l; 
31827      INFO  main            d.u.i.k.p.r.p.TestFile    ... finished proof: open goal(s) 
31968      DEBUG main            d.u.i.k.s.TermLabelSettings TermLabelSettings: Failure while reading the setting "UseOriginLabels".Using the default value: true.The string read was: null 
31968      INFO  main            d.u.i.k.p.r.p.TestFile    Now processing file /home/runner/work/key/key/key.core/../key.ui/examples/InformationFlow/MiniExamples/mini.DifferenceSeqLocset(mini.DifferenceSeqLocset__m()).Non-interference contract.1.key 
31968      DEBUG main            d.u.i.k.p.i.KeYFile       Reading KeY file /home/runner/work/key/key/key.core/../key.ui/examples/InformationFlow/MiniExamples/mini.DifferenceSeqLocset(mini.DifferenceSeqLocset__m()).Non-interference contract.1.key 
32814      DEBUG main            d.u.i.k.j.Recoder2KeY     converting now /home/runner/work/key/key/key.core/../key.ui/examples/InformationFlow/MiniExamples/src/mini/MiniExamples.java 
32816      DEBUG main            d.u.i.k.j.Recoder2KeY     converting now /home/runner/work/key/key/key.core/../key.ui/examples/InformationFlow/MiniExamples/src/mini/AliasingExamples.java 
32817      DEBUG main            d.u.i.k.j.Recoder2KeY     converting now /home/runner/work/key/key/key.core/../key.ui/examples/InformationFlow/MiniExamples/src/mini/DifferenceSeqLocset.java 
32818      DEBUG main            d.u.i.k.j.Recoder2KeY     converting now /home/runner/work/key/key/key.core/../key.ui/examples/InformationFlow/MiniExamples/src/mini/MiniExamplesLecture.java 
32822      DEBUG main            d.u.i.k.s.TermLabelSettings TermLabelSettings: Failure while reading the setting "UseOriginLabels".Using the default value: true.The string read was: null 
32823      DEBUG main            d.u.i.k.p.i.KeYFile       Reading KeY file file:/home/runner/work/key/key/key.core/build/resources/main/de/uka/ilkd/key/java/JavaRedux/java/lang/String.key 
34715      DEBUG main            d.u.i.k.p.i.KeYFile       Reading KeY file /home/runner/work/key/key/key.core/../key.ui/examples/InformationFlow/MiniExamples/mini.DifferenceSeqLocset(mini.DifferenceSeqLocset__m()).Non-interference contract.1.key 
34824      DEBUG Thread-17       d.u.i.k.j.TypeConverter   typeconverter: (prefix this;, class class de.uka.ilkd.key.java.reference.ThisReference) 
34832      DEBUG Thread-17       d.u.i.k.j.TypeConverter   typeconverter: (prefix this;, class class de.uka.ilkd.key.java.reference.ThisReference) 
34868      DEBUG Thread-17       d.u.i.k.j.TypeConverter   TypeConverter: FieldReference: l2; 
34872      DEBUG Thread-17       d.u.i.k.j.TypeConverter   TypeConverter: FieldReference: l3; 
34948      DEBUG Thread-17       d.u.i.k.j.TypeConverter   TypeConverter: FieldReference: l2; 
34951      DEBUG Thread-17       d.u.i.k.j.TypeConverter   TypeConverter: FieldReference: l3; 
35008      DEBUG Thread-17       d.u.i.k.j.TypeConverter   TypeConverter: FieldReference: l1; 
35011      DEBUG Thread-17       d.u.i.k.j.TypeConverter   TypeConverter: FieldReference: l3; 
35154      DEBUG Thread-17       d.u.i.k.j.TypeConverter   TypeConverter: FieldReference: l1; 
35158      DEBUG Thread-17       d.u.i.k.j.TypeConverter   TypeConverter: FieldReference: l3; 
35232      DEBUG Thread-17       d.u.i.k.j.TypeConverter   TypeConverter: FieldReference: l2; 
35235      DEBUG Thread-17       d.u.i.k.j.TypeConverter   TypeConverter: FieldReference: l3; 
35374      DEBUG Thread-17       d.u.i.k.j.TypeConverter   TypeConverter: FieldReference: l1; 
35377      DEBUG Thread-17       d.u.i.k.j.TypeConverter   TypeConverter: FieldReference: l3; 
35523      INFO  main            d.u.i.k.p.r.p.TestFile    ... finished proof: open goal(s) 
35684      DEBUG main            d.u.i.k.s.TermLabelSettings TermLabelSettings: Failure while reading the setting "UseOriginLabels".Using the default value: true.The string read was: null 
35685      INFO  main            d.u.i.k.p.r.p.TestFile    Now processing file /home/runner/work/key/key/key.core/../key.ui/examples/InformationFlow/MiniExamples/mini.DifferenceSeqLocset(mini.DifferenceSeqLocset__m()).Non-interference contract.0.key 
35686      DEBUG main            d.u.i.k.p.i.KeYFile       Reading KeY file /home/runner/work/key/key/key.core/../key.ui/examples/InformationFlow/MiniExamples/mini.DifferenceSeqLocset(mini.DifferenceSeqLocset__m()).Non-interference contract.0.key 
36547      DEBUG main            d.u.i.k.j.Recoder2KeY     converting now /home/runner/work/key/key/key.core/../key.ui/examples/InformationFlow/MiniExamples/src/mini/MiniExamples.java 
36549      DEBUG main            d.u.i.k.j.Recoder2KeY     converting now /home/runner/work/key/key/key.core/../key.ui/examples/InformationFlow/MiniExamples/src/mini/AliasingExamples.java 
36550      DEBUG main            d.u.i.k.j.Recoder2KeY     converting now /home/runner/work/key/key/key.core/../key.ui/examples/InformationFlow/MiniExamples/src/mini/DifferenceSeqLocset.java 
36551      DEBUG main            d.u.i.k.j.Recoder2KeY     converting now /home/runner/work/key/key/key.core/../key.ui/examples/InformationFlow/MiniExamples/src/mini/MiniExamplesLecture.java 
36556      DEBUG main            d.u.i.k.s.TermLabelSettings TermLabelSettings: Failure while reading the setting "UseOriginLabels".Using the default value: true.The string read was: null 
36557      DEBUG main            d.u.i.k.p.i.KeYFile       Reading KeY file file:/home/runner/work/key/key/key.core/build/resources/main/de/uka/ilkd/key/java/JavaRedux/java/lang/String.key 
38422      DEBUG main            d.u.i.k.p.i.KeYFile       Reading KeY file /home/runner/work/key/key/key.core/../key.ui/examples/InformationFlow/MiniExamples/mini.DifferenceSeqLocset(mini.DifferenceSeqLocset__m()).Non-interference contract.0.key 
38720      DEBUG Thread-19       d.u.i.k.j.TypeConverter   typeconverter: (prefix this;, class class de.uka.ilkd.key.java.reference.ThisReference) 
38730      DEBUG Thread-19       d.u.i.k.j.TypeConverter   typeconverter: (prefix this;, class class de.uka.ilkd.key.java.reference.ThisReference) 
38757      DEBUG Thread-19       d.u.i.k.j.TypeConverter   TypeConverter: FieldReference: l2; 
38761      DEBUG Thread-19       d.u.i.k.j.TypeConverter   TypeConverter: FieldReference: l3; 
38847      DEBUG Thread-19       d.u.i.k.j.TypeConverter   TypeConverter: FieldReference: l2; 
38851      DEBUG Thread-19       d.u.i.k.j.TypeConverter   TypeConverter: FieldReference: l3; 
39204      DEBUG Thread-19       d.u.i.k.j.TypeConverter   TypeConverter: FieldReference: l1; 
39208      DEBUG Thread-19       d.u.i.k.j.TypeConverter   TypeConverter: FieldReference: l3; 
39554      DEBUG Thread-19       d.u.i.k.j.TypeConverter   TypeConverter: FieldReference: l1; 
39558      DEBUG Thread-19       d.u.i.k.j.TypeConverter   TypeConverter: FieldReference: l3; 
39631      DEBUG Thread-19       d.u.i.k.j.TypeConverter   TypeConverter: FieldReference: l2; 
39639      DEBUG Thread-19       d.u.i.k.j.TypeConverter   TypeConverter: FieldReference: l3; 
39972      DEBUG Thread-19       d.u.i.k.j.TypeConverter   TypeConverter: FieldReference: l1; 
39975      DEBUG Thread-19       d.u.i.k.j.TypeConverter   TypeConverter: FieldReference: l3; 
40357      INFO  main            d.u.i.k.p.r.p.TestFile    ... finished proof: open goal(s) 
40532      DEBUG main            d.u.i.k.s.TermLabelSettings TermLabelSettings: Failure while reading the setting "UseOriginLabels".Using the default value: true.The string read was: null 
40532      INFO  main            d.u.i.k.p.r.p.TestFile    Now processing file /home/runner/work/key/key/key.core/../key.ui/examples/InformationFlow/MiniExamples/mini.MiniExamples(mini.MiniExamples__secure_p2_8()).Non-interference contract.0.key 
40532      DEBUG main            d.u.i.k.p.i.KeYFile       Reading KeY file /home/runner/work/key/key/key.core/../key.ui/examples/InformationFlow/MiniExamples/mini.MiniExamples(mini.MiniExamples__secure_p2_8()).Non-interference contract.0.key 
41388      DEBUG main            d.u.i.k.j.Recoder2KeY     converting now /home/runner/work/key/key/key.core/../key.ui/examples/InformationFlow/MiniExamples/src/mini/MiniExamples.java 
41389      DEBUG main            d.u.i.k.j.Recoder2KeY     converting now /home/runner/work/key/key/key.core/../key.ui/examples/InformationFlow/MiniExamples/src/mini/AliasingExamples.java 
41390      DEBUG main            d.u.i.k.j.Recoder2KeY     converting now /home/runner/work/key/key/key.core/../key.ui/examples/InformationFlow/MiniExamples/src/mini/DifferenceSeqLocset.java 
41391      DEBUG main            d.u.i.k.j.Recoder2KeY     converting now /home/runner/work/key/key/key.core/../key.ui/examples/InformationFlow/MiniExamples/src/mini/MiniExamplesLecture.java 
41396      DEBUG main            d.u.i.k.s.TermLabelSettings TermLabelSettings: Failure while reading the setting "UseOriginLabels".Using the default value: true.The string read was: null 
41397      DEBUG main            d.u.i.k.p.i.KeYFile       Reading KeY file file:/home/runner/work/key/key/key.core/build/resources/main/de/uka/ilkd/key/java/JavaRedux/java/lang/String.key 
43237      DEBUG main            d.u.i.k.p.i.KeYFile       Reading KeY file /home/runner/work/key/key/key.core/../key.ui/examples/InformationFlow/MiniExamples/mini.MiniExamples(mini.MiniExamples__secure_p2_8()).Non-interference contract.0.key 
43278      DEBUG Thread-21       d.u.i.k.j.TypeConverter   TypeConverter: FieldReference: h; 
43295      DEBUG Thread-21       d.u.i.k.j.TypeConverter   TypeConverter: FieldReference: h; 
43316      DEBUG Thread-21       d.u.i.k.j.TypeConverter   TypeConverter: FieldReference: l; 
43323      DEBUG Thread-21       d.u.i.k.j.TypeConverter   TypeConverter: FieldReference: l; 
43346      DEBUG Thread-21       d.u.i.k.j.TypeConverter   TypeConverter: FieldReference: l; 
43354      DEBUG Thread-21       d.u.i.k.j.TypeConverter   TypeConverter: FieldReference: l; 
43371      DEBUG Thread-21       d.u.i.k.j.TypeConverter   TypeConverter: FieldReference: l; 
43377      DEBUG Thread-21       d.u.i.k.j.TypeConverter   TypeConverter: FieldReference: l; 
43393      DEBUG Thread-21       d.u.i.k.j.TypeConverter   TypeConverter: FieldReference: l; 
43400      DEBUG Thread-21       d.u.i.k.j.TypeConverter   TypeConverter: FieldReference: l; 
43421      DEBUG Thread-21       d.u.i.k.j.TypeConverter   TypeConverter: FieldReference: l; 
43429      DEBUG Thread-21       d.u.i.k.j.TypeConverter   TypeConverter: FieldReference: l; 
43462      DEBUG Thread-21       d.u.i.k.j.TypeConverter   TypeConverter: FieldReference: l; 
43470      DEBUG Thread-21       d.u.i.k.j.TypeConverter   TypeConverter: FieldReference: l; 
43540      INFO  main            d.u.i.k.p.r.p.TestFile    ... finished proof: closed. 
43692      DEBUG main            d.u.i.k.s.TermLabelSettings TermLabelSettings: Failure while reading the setting "UseOriginLabels".Using the default value: true.The string read was: null 
43692      INFO  main            d.u.i.k.p.r.p.TestFile    Now processing file /home/runner/work/key/key/key.core/../key.ui/examples/InformationFlow/MiniExamples/mini.MiniExamples(mini.MiniExamples__secure_parameter(int)).Non-interference contract.0.key 
43693      DEBUG main            d.u.i.k.p.i.KeYFile       Reading KeY file /home/runner/work/key/key/key.core/../key.ui/examples/InformationFlow/MiniExamples/mini.MiniExamples(mini.MiniExamples__secure_parameter(int)).Non-interference contract.0.key 
44562      DEBUG main            d.u.i.k.j.Recoder2KeY     converting now /home/runner/work/key/key/key.core/../key.ui/examples/InformationFlow/MiniExamples/src/mini/MiniExamples.java 
44563      DEBUG main            d.u.i.k.j.Recoder2KeY     converting now /home/runner/work/key/key/key.core/../key.ui/examples/InformationFlow/MiniExamples/src/mini/AliasingExamples.java 
44564      DEBUG main            d.u.i.k.j.Recoder2KeY     converting now /home/runner/work/key/key/key.core/../key.ui/examples/InformationFlow/MiniExamples/src/mini/DifferenceSeqLocset.java 
44565      DEBUG main            d.u.i.k.j.Recoder2KeY     converting now /home/runner/work/key/key/key.core/../key.ui/examples/InformationFlow/MiniExamples/src/mini/MiniExamplesLecture.java 
44569      DEBUG main            d.u.i.k.s.TermLabelSettings TermLabelSettings: Failure while reading the setting "UseOriginLabels".Using the default value: true.The string read was: null 
44571      DEBUG main            d.u.i.k.p.i.KeYFile       Reading KeY file file:/home/runner/work/key/key/key.core/build/resources/main/de/uka/ilkd/key/java/JavaRedux/java/lang/String.key 
46359      DEBUG main            d.u.i.k.p.i.KeYFile       Reading KeY file /home/runner/work/key/key/key.core/../key.ui/examples/InformationFlow/MiniExamples/mini.MiniExamples(mini.MiniExamples__secure_parameter(int)).Non-interference contract.0.key 
46462      INFO  main            d.u.i.k.p.r.p.TestFile    ... finished proof: closed. 
46617      DEBUG main            d.u.i.k.s.TermLabelSettings TermLabelSettings: Failure while reading the setting "UseOriginLabels".Using the default value: true.The string read was: null 
46617      INFO  main            d.u.i.k.p.r.p.TestFile    Now processing file /home/runner/work/key/key/key.core/../key.ui/examples/InformationFlow/MiniExamples/mini.MiniExamples(mini.MiniExamples__secure_p2_7()).Non-interference contract.0.key 
46618      DEBUG main            d.u.i.k.p.i.KeYFile       Reading KeY file /home/runner/work/key/key/key.core/../key.ui/examples/InformationFlow/MiniExamples/mini.MiniExamples(mini.MiniExamples__secure_p2_7()).Non-interference contract.0.key 
47452      DEBUG main            d.u.i.k.j.Recoder2KeY     converting now /home/runner/work/key/key/key.core/../key.ui/examples/InformationFlow/MiniExamples/src/mini/MiniExamples.java 
47453      DEBUG main            d.u.i.k.j.Recoder2KeY     converting now /home/runner/work/key/key/key.core/../key.ui/examples/InformationFlow/MiniExamples/src/mini/AliasingExamples.java 
47454      DEBUG main            d.u.i.k.j.Recoder2KeY     converting now /home/runner/work/key/key/key.core/../key.ui/examples/InformationFlow/MiniExamples/src/mini/DifferenceSeqLocset.java 
47455      DEBUG main            d.u.i.k.j.Recoder2KeY     converting now /home/runner/work/key/key/key.core/../key.ui/examples/InformationFlow/MiniExamples/src/mini/MiniExamplesLecture.java 
47459      DEBUG main            d.u.i.k.s.TermLabelSettings TermLabelSettings: Failure while reading the setting "UseOriginLabels".Using the default value: true.The string read was: null 
47460      DEBUG main            d.u.i.k.p.i.KeYFile       Reading KeY file file:/home/runner/work/key/key/key.core/build/resources/main/de/uka/ilkd/key/java/JavaRedux/java/lang/String.key 
49299      DEBUG main            d.u.i.k.p.i.KeYFile       Reading KeY file /home/runner/work/key/key/key.core/../key.ui/examples/InformationFlow/MiniExamples/mini.MiniExamples(mini.MiniExamples__secure_p2_7()).Non-interference contract.0.key 
49341      DEBUG Thread-25       d.u.i.k.j.TypeConverter   TypeConverter: FieldReference: h; 
49353      DEBUG Thread-25       d.u.i.k.j.TypeConverter   TypeConverter: FieldReference: h; 
49368      DEBUG Thread-25       d.u.i.k.j.TypeConverter   TypeConverter: FieldReference: l; 
49375      DEBUG Thread-25       d.u.i.k.j.TypeConverter   TypeConverter: FieldReference: l; 
49399      DEBUG Thread-25       d.u.i.k.j.TypeConverter   TypeConverter: FieldReference: l; 
49406      DEBUG Thread-25       d.u.i.k.j.TypeConverter   TypeConverter: FieldReference: l; 
49425      DEBUG Thread-25       d.u.i.k.j.TypeConverter   TypeConverter: FieldReference: l; 
49433      DEBUG Thread-25       d.u.i.k.j.TypeConverter   TypeConverter: FieldReference: l; 
49448      DEBUG Thread-25       d.u.i.k.j.TypeConverter   TypeConverter: FieldReference: l; 
49455      DEBUG Thread-25       d.u.i.k.j.TypeConverter   TypeConverter: FieldReference: l; 
49477      DEBUG Thread-25       d.u.i.k.j.TypeConverter   TypeConverter: FieldReference: l; 
49484      DEBUG Thread-25       d.u.i.k.j.TypeConverter   TypeConverter: FieldReference: l; 
49500      DEBUG Thread-25       d.u.i.k.j.TypeConverter   TypeConverter: FieldReference: l; 
49507      DEBUG Thread-25       d.u.i.k.j.TypeConverter   TypeConverter: FieldReference: l; 
49603      INFO  main            d.u.i.k.p.r.p.TestFile    ... finished proof: closed. 
49764      DEBUG main            d.u.i.k.s.TermLabelSettings TermLabelSettings: Failure while reading the setting "UseOriginLabels".Using the default value: true.The string read was: null 
49764      INFO  main            d.u.i.k.p.r.p.TestFile    Now processing file /home/runner/work/key/key/key.core/../key.ui/examples/InformationFlow/MiniExamples/mini.MiniExamples(mini.MiniExamples__insecure_p2_2()).Non-interference contract.0.key 
49764      DEBUG main            d.u.i.k.p.i.KeYFile       Reading KeY file /home/runner/work/key/key/key.core/../key.ui/examples/InformationFlow/MiniExamples/mini.MiniExamples(mini.MiniExamples__insecure_p2_2()).Non-interference contract.0.key 
50601      DEBUG main            d.u.i.k.j.Recoder2KeY     converting now /home/runner/work/key/key/key.core/../key.ui/examples/InformationFlow/MiniExamples/src/mini/MiniExamples.java 
50602      DEBUG main            d.u.i.k.j.Recoder2KeY     converting now /home/runner/work/key/key/key.core/../key.ui/examples/InformationFlow/MiniExamples/src/mini/AliasingExamples.java 
50603      DEBUG main            d.u.i.k.j.Recoder2KeY     converting now /home/runner/work/key/key/key.core/../key.ui/examples/InformationFlow/MiniExamples/src/mini/DifferenceSeqLocset.java 
50604      DEBUG main            d.u.i.k.j.Recoder2KeY     converting now /home/runner/work/key/key/key.core/../key.ui/examples/InformationFlow/MiniExamples/src/mini/MiniExamplesLecture.java 
50609      DEBUG main            d.u.i.k.s.TermLabelSettings TermLabelSettings: Failure while reading the setting "UseOriginLabels".Using the default value: true.The string read was: null 
50610      DEBUG main            d.u.i.k.p.i.KeYFile       Reading KeY file file:/home/runner/work/key/key/key.core/build/resources/main/de/uka/ilkd/key/java/JavaRedux/java/lang/String.key 
52428      DEBUG main            d.u.i.k.p.i.KeYFile       Reading KeY file /home/runner/work/key/key/key.core/../key.ui/examples/InformationFlow/MiniExamples/mini.MiniExamples(mini.MiniExamples__insecure_p2_2()).Non-interference contract.0.key 
52475      DEBUG Thread-27       d.u.i.k.j.TypeConverter   TypeConverter: FieldReference: h; 
52488      DEBUG Thread-27       d.u.i.k.j.TypeConverter   TypeConverter: FieldReference: h; 
52503      DEBUG Thread-27       d.u.i.k.j.TypeConverter   TypeConverter: FieldReference: l; 
52531      DEBUG Thread-27       d.u.i.k.j.TypeConverter   TypeConverter: FieldReference: l; 
52550      DEBUG Thread-27       d.u.i.k.j.TypeConverter   TypeConverter: FieldReference: l; 
52571      DEBUG Thread-27       d.u.i.k.j.TypeConverter   TypeConverter: FieldReference: l; 
52597      DEBUG Thread-27       d.u.i.k.j.TypeConverter   TypeConverter: FieldReference: l; 
52620      DEBUG Thread-27       d.u.i.k.j.TypeConverter   TypeConverter: FieldReference: l; 
52735      INFO  main            d.u.i.k.p.r.p.TestFile    ... finished proof: open goal(s) 
52902      DEBUG main            d.u.i.k.s.TermLabelSettings TermLabelSettings: Failure while reading the setting "UseOriginLabels".Using the default value: true.The string read was: null 
52903      INFO  main            d.u.i.k.p.r.p.TestFile    Now processing file /home/runner/work/key/key/key.core/../key.ui/examples/InformationFlow/MiniExamples/mini.MiniExamples(mini.MiniExamples__secure_p2_6()).Non-interference contract.0.key 
52903      DEBUG main            d.u.i.k.p.i.KeYFile       Reading KeY file /home/runner/work/key/key/key.core/../key.ui/examples/InformationFlow/MiniExamples/mini.MiniExamples(mini.MiniExamples__secure_p2_6()).Non-interference contract.0.key 
53754      DEBUG main            d.u.i.k.j.Recoder2KeY     converting now /home/runner/work/key/key/key.core/../key.ui/examples/InformationFlow/MiniExamples/src/mini/MiniExamples.java 
53755      DEBUG main            d.u.i.k.j.Recoder2KeY     converting now /home/runner/work/key/key/key.core/../key.ui/examples/InformationFlow/MiniExamples/src/mini/AliasingExamples.java 
53756      DEBUG main            d.u.i.k.j.Recoder2KeY     converting now /home/runner/work/key/key/key.core/../key.ui/examples/InformationFlow/MiniExamples/src/mini/DifferenceSeqLocset.java 
53757      DEBUG main            d.u.i.k.j.Recoder2KeY     converting now /home/runner/work/key/key/key.core/../key.ui/examples/InformationFlow/MiniExamples/src/mini/MiniExamplesLecture.java 
53761      DEBUG main            d.u.i.k.s.TermLabelSettings TermLabelSettings: Failure while reading the setting "UseOriginLabels".Using the default value: true.The string read was: null 
53762      DEBUG main            d.u.i.k.p.i.KeYFile       Reading KeY file file:/home/runner/work/key/key/key.core/build/resources/main/de/uka/ilkd/key/java/JavaRedux/java/lang/String.key 
55619      DEBUG main            d.u.i.k.p.i.KeYFile       Reading KeY file /home/runner/work/key/key/key.core/../key.ui/examples/InformationFlow/MiniExamples/mini.MiniExamples(mini.MiniExamples__secure_p2_6()).Non-interference contract.0.key 
55721      INFO  main            d.u.i.k.p.r.p.TestFile    ... finished proof: closed. 
55949      DEBUG main            d.u.i.k.s.TermLabelSettings TermLabelSettings: Failure while reading the setting "UseOriginLabels".Using the default value: true.The string read was: null 
55949      INFO  main            d.u.i.k.p.r.p.TestFile    Now processing file /home/runner/work/key/key/key.core/../key.ui/examples/InformationFlow/MiniExamples/mini.MiniExamples(mini.MiniExamples__secure_p2_5()).Non-interference contract.0.key 
55950      DEBUG main            d.u.i.k.p.i.KeYFile       Reading KeY file /home/runner/work/key/key/key.core/../key.ui/examples/InformationFlow/MiniExamples/mini.MiniExamples(mini.MiniExamples__secure_p2_5()).Non-interference contract.0.key 
56779      DEBUG main            d.u.i.k.j.Recoder2KeY     converting now /home/runner/work/key/key/key.core/../key.ui/examples/InformationFlow/MiniExamples/src/mini/MiniExamples.java 
56781      DEBUG main            d.u.i.k.j.Recoder2KeY     converting now /home/runner/work/key/key/key.core/../key.ui/examples/InformationFlow/MiniExamples/src/mini/AliasingExamples.java 
56782      DEBUG main            d.u.i.k.j.Recoder2KeY     converting now /home/runner/work/key/key/key.core/../key.ui/examples/InformationFlow/MiniExamples/src/mini/DifferenceSeqLocset.java 
56783      DEBUG main            d.u.i.k.j.Recoder2KeY     converting now /home/runner/work/key/key/key.core/../key.ui/examples/InformationFlow/MiniExamples/src/mini/MiniExamplesLecture.java 
56787      DEBUG main            d.u.i.k.s.TermLabelSettings TermLabelSettings: Failure while reading the setting "UseOriginLabels".Using the default value: true.The string read was: null 
56789      DEBUG main            d.u.i.k.p.i.KeYFile       Reading KeY file file:/home/runner/work/key/key/key.core/build/resources/main/de/uka/ilkd/key/java/JavaRedux/java/lang/String.key 
58607      DEBUG main            d.u.i.k.p.i.KeYFile       Reading KeY file /home/runner/work/key/key/key.core/../key.ui/examples/InformationFlow/MiniExamples/mini.MiniExamples(mini.MiniExamples__secure_p2_5()).Non-interference contract.0.key 
58642      DEBUG Thread-31       d.u.i.k.j.TypeConverter   TypeConverter: FieldReference: h; 
58645      DEBUG Thread-31       d.u.i.k.j.TypeConverter   TypeConverter: FieldReference: l; 
58656      DEBUG Thread-31       d.u.i.k.j.TypeConverter   TypeConverter: FieldReference: h; 
58659      DEBUG Thread-31       d.u.i.k.j.TypeConverter   TypeConverter: FieldReference: l; 
58667      DEBUG Thread-31       d.u.i.k.j.TypeConverter   TypeConverter: FieldReference: l; 
58680      DEBUG Thread-31       d.u.i.k.j.TypeConverter   TypeConverter: FieldReference: h; 
58689      DEBUG Thread-31       d.u.i.k.j.TypeConverter   TypeConverter: FieldReference: l; 
58701      DEBUG Thread-31       d.u.i.k.j.TypeConverter   TypeConverter: FieldReference: h; 
58713      DEBUG Thread-31       d.u.i.k.j.TypeConverter   TypeConverter: FieldReference: l; 
58723      DEBUG Thread-31       d.u.i.k.j.TypeConverter   TypeConverter: FieldReference: l; 
58809      INFO  main            d.u.i.k.p.r.p.TestFile    ... finished proof: closed. 
58978      DEBUG main            d.u.i.k.s.TermLabelSettings TermLabelSettings: Failure while reading the setting "UseOriginLabels".Using the default value: true.The string read was: null 
58978      INFO  main            d.u.i.k.p.r.p.TestFile    Now processing file /home/runner/work/key/key/key.core/../key.ui/examples/InformationFlow/MiniExamples/mini.MiniExamples(mini.MiniExamples__secure_p2_4()).Non-interference contract.0.key 
58978      DEBUG main            d.u.i.k.p.i.KeYFile       Reading KeY file /home/runner/work/key/key/key.core/../key.ui/examples/InformationFlow/MiniExamples/mini.MiniExamples(mini.MiniExamples__secure_p2_4()).Non-interference contract.0.key 
59802      DEBUG main            d.u.i.k.j.Recoder2KeY     converting now /home/runner/work/key/key/key.core/../key.ui/examples/InformationFlow/MiniExamples/src/mini/MiniExamples.java 
59804      DEBUG main            d.u.i.k.j.Recoder2KeY     converting now /home/runner/work/key/key/key.core/../key.ui/examples/InformationFlow/MiniExamples/src/mini/AliasingExamples.java 
59804      DEBUG main            d.u.i.k.j.Recoder2KeY     converting now /home/runner/work/key/key/key.core/../key.ui/examples/InformationFlow/MiniExamples/src/mini/DifferenceSeqLocset.java 
59805      DEBUG main            d.u.i.k.j.Recoder2KeY     converting now /home/runner/work/key/key/key.core/../key.ui/examples/InformationFlow/MiniExamples/src/mini/MiniExamplesLecture.java 
59810      DEBUG main            d.u.i.k.s.TermLabelSettings TermLabelSettings: Failure while reading the setting "UseOriginLabels".Using the default value: true.The string read was: null 
59811      DEBUG main            d.u.i.k.p.i.KeYFile       Reading KeY file file:/home/runner/work/key/key/key.core/build/resources/main/de/uka/ilkd/key/java/JavaRedux/java/lang/String.key 
61601      DEBUG main            d.u.i.k.p.i.KeYFile       Reading KeY file /home/runner/work/key/key/key.core/../key.ui/examples/InformationFlow/MiniExamples/mini.MiniExamples(mini.MiniExamples__secure_p2_4()).Non-interference contract.0.key 
61636      DEBUG Thread-33       d.u.i.k.j.TypeConverter   TypeConverter: FieldReference: l; 
61644      DEBUG Thread-33       d.u.i.k.j.TypeConverter   TypeConverter: FieldReference: h; 
61649      DEBUG Thread-33       d.u.i.k.j.TypeConverter   TypeConverter: FieldReference: h; 
61658      DEBUG Thread-33       d.u.i.k.j.TypeConverter   TypeConverter: FieldReference: l; 
61666      DEBUG Thread-33       d.u.i.k.j.TypeConverter   TypeConverter: FieldReference: l; 
61669      DEBUG Thread-33       d.u.i.k.j.TypeConverter   TypeConverter: FieldReference: h; 
61674      DEBUG Thread-33       d.u.i.k.j.TypeConverter   TypeConverter: FieldReference: h; 
61683      DEBUG Thread-33       d.u.i.k.j.TypeConverter   TypeConverter: FieldReference: l; 
61803      INFO  main            d.u.i.k.p.r.p.TestFile    ... finished proof: closed. 
61972      DEBUG main            d.u.i.k.s.TermLabelSettings TermLabelSettings: Failure while reading the setting "UseOriginLabels".Using the default value: true.The string read was: null 
61972      INFO  main            d.u.i.k.p.r.p.TestFile    Now processing file /home/runner/work/key/key/key.core/../key.ui/examples/InformationFlow/MiniExamples/mini.MiniExamples(mini.MiniExamples__secure_p2_3()).Non-interference contract.0.key 
61972      DEBUG main            d.u.i.k.p.i.KeYFile       Reading KeY file /home/runner/work/key/key/key.core/../key.ui/examples/InformationFlow/MiniExamples/mini.MiniExamples(mini.MiniExamples__secure_p2_3()).Non-interference contract.0.key 
62816      DEBUG main            d.u.i.k.j.Recoder2KeY     converting now /home/runner/work/key/key/key.core/../key.ui/examples/InformationFlow/MiniExamples/src/mini/MiniExamples.java 
62817      DEBUG main            d.u.i.k.j.Recoder2KeY     converting now /home/runner/work/key/key/key.core/../key.ui/examples/InformationFlow/MiniExamples/src/mini/AliasingExamples.java 
62818      DEBUG main            d.u.i.k.j.Recoder2KeY     converting now /home/runner/work/key/key/key.core/../key.ui/examples/InformationFlow/MiniExamples/src/mini/DifferenceSeqLocset.java 
62819      DEBUG main            d.u.i.k.j.Recoder2KeY     converting now /home/runner/work/key/key/key.core/../key.ui/examples/InformationFlow/MiniExamples/src/mini/MiniExamplesLecture.java 
62823      DEBUG main            d.u.i.k.s.TermLabelSettings TermLabelSettings: Failure while reading the setting "UseOriginLabels".Using the default value: true.The string read was: null 
62824      DEBUG main            d.u.i.k.p.i.KeYFile       Reading KeY file file:/home/runner/work/key/key/key.core/build/resources/main/de/uka/ilkd/key/java/JavaRedux/java/lang/String.key 
64576      DEBUG main            d.u.i.k.p.i.KeYFile       Reading KeY file /home/runner/work/key/key/key.core/../key.ui/examples/InformationFlow/MiniExamples/mini.MiniExamples(mini.MiniExamples__secure_p2_3()).Non-interference contract.0.key 
64612      DEBUG Thread-35       d.u.i.k.j.TypeConverter   TypeConverter: FieldReference: h; 
64615      DEBUG Thread-35       d.u.i.k.j.TypeConverter   TypeConverter: FieldReference: l; 
64621      DEBUG Thread-35       d.u.i.k.j.TypeConverter   TypeConverter: FieldReference: l; 
64629      DEBUG Thread-35       d.u.i.k.j.TypeConverter   TypeConverter: FieldReference: h; 
64631      DEBUG Thread-35       d.u.i.k.j.TypeConverter   TypeConverter: FieldReference: l; 
64638      DEBUG Thread-35       d.u.i.k.j.TypeConverter   TypeConverter: FieldReference: l; 
64678      INFO  main            d.u.i.k.p.r.p.TestFile    ... finished proof: closed. 
64847      DEBUG main            d.u.i.k.s.TermLabelSettings TermLabelSettings: Failure while reading the setting "UseOriginLabels".Using the default value: true.The string read was: null 
64847      INFO  main            d.u.i.k.p.r.p.TestFile    Now processing file /home/runner/work/key/key/key.core/../key.ui/examples/InformationFlow/MiniExamples/mini.MiniExamples(mini.MiniExamples__secure_p2_2()).Non-interference contract.0.key 
64847      DEBUG main            d.u.i.k.p.i.KeYFile       Reading KeY file /home/runner/work/key/key/key.core/../key.ui/examples/InformationFlow/MiniExamples/mini.MiniExamples(mini.MiniExamples__secure_p2_2()).Non-interference contract.0.key 
65683      DEBUG main            d.u.i.k.j.Recoder2KeY     converting now /home/runner/work/key/key/key.core/../key.ui/examples/InformationFlow/MiniExamples/src/mini/MiniExamples.java 
65684      DEBUG main            d.u.i.k.j.Recoder2KeY     converting now /home/runner/work/key/key/key.core/../key.ui/examples/InformationFlow/MiniExamples/src/mini/AliasingExamples.java 
65685      DEBUG main            d.u.i.k.j.Recoder2KeY     converting now /home/runner/work/key/key/key.core/../key.ui/examples/InformationFlow/MiniExamples/src/mini/DifferenceSeqLocset.java 
65686      DEBUG main            d.u.i.k.j.Recoder2KeY     converting now /home/runner/work/key/key/key.core/../key.ui/examples/InformationFlow/MiniExamples/src/mini/MiniExamplesLecture.java 
65691      DEBUG main            d.u.i.k.s.TermLabelSettings TermLabelSettings: Failure while reading the setting "UseOriginLabels".Using the default value: true.The string read was: null 
65692      DEBUG main            d.u.i.k.p.i.KeYFile       Reading KeY file file:/home/runner/work/key/key/key.core/build/resources/main/de/uka/ilkd/key/java/JavaRedux/java/lang/String.key 
67473      DEBUG main            d.u.i.k.p.i.KeYFile       Reading KeY file /home/runner/work/key/key/key.core/../key.ui/examples/InformationFlow/MiniExamples/mini.MiniExamples(mini.MiniExamples__secure_p2_2()).Non-interference contract.0.key 
67512      DEBUG Thread-37       d.u.i.k.j.TypeConverter   TypeConverter: FieldReference: l; 
67520      DEBUG Thread-37       d.u.i.k.j.TypeConverter   TypeConverter: FieldReference: l; 
67578      INFO  main            d.u.i.k.p.r.p.TestFile    ... finished proof: closed. 
67752      DEBUG main            d.u.i.k.s.TermLabelSettings TermLabelSettings: Failure while reading the setting "UseOriginLabels".Using the default value: true.The string read was: null 
67752      INFO  main            d.u.i.k.p.r.p.TestFile    Now processing file /home/runner/work/key/key/key.core/../key.ui/examples/InformationFlow/MiniExamples/mini.MiniExamples(mini.MiniExamples__secure_p2_1()).Non-interference contract.0.key 
67752      DEBUG main            d.u.i.k.p.i.KeYFile       Reading KeY file /home/runner/work/key/key/key.core/../key.ui/examples/InformationFlow/MiniExamples/mini.MiniExamples(mini.MiniExamples__secure_p2_1()).Non-interference contract.0.key 
68597      DEBUG main            d.u.i.k.j.Recoder2KeY     converting now /home/runner/work/key/key/key.core/../key.ui/examples/InformationFlow/MiniExamples/src/mini/MiniExamples.java 
68599      DEBUG main            d.u.i.k.j.Recoder2KeY     converting now /home/runner/work/key/key/key.core/../key.ui/examples/InformationFlow/MiniExamples/src/mini/AliasingExamples.java 
68600      DEBUG main            d.u.i.k.j.Recoder2KeY     converting now /home/runner/work/key/key/key.core/../key.ui/examples/InformationFlow/MiniExamples/src/mini/DifferenceSeqLocset.java 
68601      DEBUG main            d.u.i.k.j.Recoder2KeY     converting now /home/runner/work/key/key/key.core/../key.ui/examples/InformationFlow/MiniExamples/src/mini/MiniExamplesLecture.java 
68607      DEBUG main            d.u.i.k.s.TermLabelSettings TermLabelSettings: Failure while reading the setting "UseOriginLabels".Using the default value: true.The string read was: null 
68609      DEBUG main            d.u.i.k.p.i.KeYFile       Reading KeY file file:/home/runner/work/key/key/key.core/build/resources/main/de/uka/ilkd/key/java/JavaRedux/java/lang/String.key 
70421      DEBUG main            d.u.i.k.p.i.KeYFile       Reading KeY file /home/runner/work/key/key/key.core/../key.ui/examples/InformationFlow/MiniExamples/mini.MiniExamples(mini.MiniExamples__secure_p2_1()).Non-interference contract.0.key 
70460      DEBUG Thread-39       d.u.i.k.j.TypeConverter   TypeConverter: FieldReference: l; 
70462      DEBUG Thread-39       d.u.i.k.j.TypeConverter   TypeConverter: FieldReference: h; 
70469      DEBUG Thread-39       d.u.i.k.j.TypeConverter   TypeConverter: FieldReference: l; 
70472      DEBUG Thread-39       d.u.i.k.j.TypeConverter   TypeConverter: FieldReference: h; 
70527      INFO  main            d.u.i.k.p.r.p.TestFile    ... finished proof: closed. 
70707      DEBUG main            d.u.i.k.s.TermLabelSettings TermLabelSettings: Failure while reading the setting "UseOriginLabels".Using the default value: true.The string read was: null 
70708      INFO  main            d.u.i.k.p.r.p.TestFile    Now processing file /home/runner/work/key/key/key.core/../key.ui/examples/InformationFlow/MiniExamples/mini.MiniExamples(mini.MiniExamples__insecure_p2_1()).Non-interference contract.0.key 
70708      DEBUG main            d.u.i.k.p.i.KeYFile       Reading KeY file /home/runner/work/key/key/key.core/../key.ui/examples/InformationFlow/MiniExamples/mini.MiniExamples(mini.MiniExamples__insecure_p2_1()).Non-interference contract.0.key 
71532      DEBUG main            d.u.i.k.j.Recoder2KeY     converting now /home/runner/work/key/key/key.core/../key.ui/examples/InformationFlow/MiniExamples/src/mini/MiniExamples.java 
71533      DEBUG main            d.u.i.k.j.Recoder2KeY     converting now /home/runner/work/key/key/key.core/../key.ui/examples/InformationFlow/MiniExamples/src/mini/AliasingExamples.java 
71533      DEBUG main            d.u.i.k.j.Recoder2KeY     converting now /home/runner/work/key/key/key.core/../key.ui/examples/InformationFlow/MiniExamples/src/mini/DifferenceSeqLocset.java 
71534      DEBUG main            d.u.i.k.j.Recoder2KeY     converting now /home/runner/work/key/key/key.core/../key.ui/examples/InformationFlow/MiniExamples/src/mini/MiniExamplesLecture.java 
71539      DEBUG main            d.u.i.k.s.TermLabelSettings TermLabelSettings: Failure while reading the setting "UseOriginLabels".Using the default value: true.The string read was: null 
71540      DEBUG main            d.u.i.k.p.i.KeYFile       Reading KeY file file:/home/runner/work/key/key/key.core/build/resources/main/de/uka/ilkd/key/java/JavaRedux/java/lang/String.key 
73306      DEBUG main            d.u.i.k.p.i.KeYFile       Reading KeY file /home/runner/work/key/key/key.core/../key.ui/examples/InformationFlow/MiniExamples/mini.MiniExamples(mini.MiniExamples__insecure_p2_1()).Non-interference contract.0.key 
73343      DEBUG Thread-41       d.u.i.k.j.TypeConverter   TypeConverter: FieldReference: h; 
73346      DEBUG Thread-41       d.u.i.k.j.TypeConverter   TypeConverter: FieldReference: l; 
73353      DEBUG Thread-41       d.u.i.k.j.TypeConverter   TypeConverter: FieldReference: h; 
73355      DEBUG Thread-41       d.u.i.k.j.TypeConverter   TypeConverter: FieldReference: l; 
73411      INFO  main            d.u.i.k.p.r.p.TestFile    ... finished proof: open goal(s) 
73593      DEBUG main            d.u.i.k.s.TermLabelSettings TermLabelSettings: Failure while reading the setting "UseOriginLabels".Using the default value: true.The string read was: null 
73593      INFO  main            d.u.i.k.p.r.p.TestFile    Now processing file /home/runner/work/key/key/key.core/../key.ui/examples/InformationFlow/MiniExamples/mini.MiniExamples(mini.MiniExamples__secure_p1_6()).Non-interference contract.0.key 
73593      DEBUG main            d.u.i.k.p.i.KeYFile       Reading KeY file /home/runner/work/key/key/key.core/../key.ui/examples/InformationFlow/MiniExamples/mini.MiniExamples(mini.MiniExamples__secure_p1_6()).Non-interference contract.0.key 
74432      DEBUG main            d.u.i.k.j.Recoder2KeY     converting now /home/runner/work/key/key/key.core/../key.ui/examples/InformationFlow/MiniExamples/src/mini/MiniExamples.java 
74434      DEBUG main            d.u.i.k.j.Recoder2KeY     converting now /home/runner/work/key/key/key.core/../key.ui/examples/InformationFlow/MiniExamples/src/mini/AliasingExamples.java 
74435      DEBUG main            d.u.i.k.j.Recoder2KeY     converting now /home/runner/work/key/key/key.core/../key.ui/examples/InformationFlow/MiniExamples/src/mini/DifferenceSeqLocset.java 
74436      DEBUG main            d.u.i.k.j.Recoder2KeY     converting now /home/runner/work/key/key/key.core/../key.ui/examples/InformationFlow/MiniExamples/src/mini/MiniExamplesLecture.java 
74440      DEBUG main            d.u.i.k.s.TermLabelSettings TermLabelSettings: Failure while reading the setting "UseOriginLabels".Using the default value: true.The string read was: null 
74441      DEBUG main            d.u.i.k.p.i.KeYFile       Reading KeY file file:/home/runner/work/key/key/key.core/build/resources/main/de/uka/ilkd/key/java/JavaRedux/java/lang/String.key 
76208      DEBUG main            d.u.i.k.p.i.KeYFile       Reading KeY file /home/runner/work/key/key/key.core/../key.ui/examples/InformationFlow/MiniExamples/mini.MiniExamples(mini.MiniExamples__secure_p1_6()).Non-interference contract.0.key 
76251      DEBUG Thread-43       d.u.i.k.j.TypeConverter   TypeConverter: FieldReference: h; 
76255      DEBUG Thread-43       d.u.i.k.j.TypeConverter   TypeConverter: FieldReference: h; 
76262      DEBUG Thread-43       d.u.i.k.j.TypeConverter   TypeConverter: FieldReference: h; 
76267      DEBUG Thread-43       d.u.i.k.j.TypeConverter   TypeConverter: FieldReference: h; 
76277      DEBUG Thread-43       d.u.i.k.j.TypeConverter   TypeConverter: FieldReference: l; 
76286      DEBUG Thread-43       d.u.i.k.j.TypeConverter   TypeConverter: FieldReference: l; 
76309      INFO  main            d.u.i.k.p.r.p.TestFile    ... finished proof: closed. 
76494      DEBUG main            d.u.i.k.s.TermLabelSettings TermLabelSettings: Failure while reading the setting "UseOriginLabels".Using the default value: true.The string read was: null 
76494      INFO  main            d.u.i.k.p.r.p.TestFile    Now processing file /home/runner/work/key/key/key.core/../key.ui/examples/InformationFlow/MiniExamples/mini.MiniExamples(mini.MiniExamples__secure_p1_5()).Non-interference contract.0.key 
76495      DEBUG main            d.u.i.k.p.i.KeYFile       Reading KeY file /home/runner/work/key/key/key.core/../key.ui/examples/InformationFlow/MiniExamples/mini.MiniExamples(mini.MiniExamples__secure_p1_5()).Non-interference contract.0.key 
77334      DEBUG main            d.u.i.k.j.Recoder2KeY     converting now /home/runner/work/key/key/key.core/../key.ui/examples/InformationFlow/MiniExamples/src/mini/MiniExamples.java 
77335      DEBUG main            d.u.i.k.j.Recoder2KeY     converting now /home/runner/work/key/key/key.core/../key.ui/examples/InformationFlow/MiniExamples/src/mini/AliasingExamples.java 
77336      DEBUG main            d.u.i.k.j.Recoder2KeY     converting now /home/runner/work/key/key/key.core/../key.ui/examples/InformationFlow/MiniExamples/src/mini/DifferenceSeqLocset.java 
77337      DEBUG main            d.u.i.k.j.Recoder2KeY     converting now /home/runner/work/key/key/key.core/../key.ui/examples/InformationFlow/MiniExamples/src/mini/MiniExamplesLecture.java 
77341      DEBUG main            d.u.i.k.s.TermLabelSettings TermLabelSettings: Failure while reading the setting "UseOriginLabels".Using the default value: true.The string read was: null 
77342      DEBUG main            d.u.i.k.p.i.KeYFile       Reading KeY file file:/home/runner/work/key/key/key.core/build/resources/main/de/uka/ilkd/key/java/JavaRedux/java/lang/String.key 
79126      DEBUG main            d.u.i.k.p.i.KeYFile       Reading KeY file /home/runner/work/key/key/key.core/../key.ui/examples/InformationFlow/MiniExamples/mini.MiniExamples(mini.MiniExamples__secure_p1_5()).Non-interference contract.0.key 
79168      DEBUG Thread-45       d.u.i.k.j.TypeConverter   TypeConverter: FieldReference: h; 
79185      DEBUG Thread-45       d.u.i.k.j.TypeConverter   TypeConverter: FieldReference: h; 
79204      DEBUG Thread-45       d.u.i.k.j.TypeConverter   TypeConverter: FieldReference: l; 
79211      DEBUG Thread-45       d.u.i.k.j.TypeConverter   TypeConverter: FieldReference: h; 
79238      DEBUG Thread-45       d.u.i.k.j.TypeConverter   TypeConverter: FieldReference: l; 
79245      DEBUG Thread-45       d.u.i.k.j.TypeConverter   TypeConverter: FieldReference: h; 
79264      DEBUG Thread-45       d.u.i.k.j.TypeConverter   TypeConverter: FieldReference: l; 
79270      DEBUG Thread-45       d.u.i.k.j.TypeConverter   TypeConverter: FieldReference: h; 
79290      DEBUG Thread-45       d.u.i.k.j.TypeConverter   TypeConverter: FieldReference: l; 
79297      DEBUG Thread-45       d.u.i.k.j.TypeConverter   TypeConverter: FieldReference: h; 
79325      DEBUG Thread-45       d.u.i.k.j.TypeConverter   TypeConverter: FieldReference: l; 
79332      DEBUG Thread-45       d.u.i.k.j.TypeConverter   TypeConverter: FieldReference: h; 
79354      DEBUG Thread-45       d.u.i.k.j.TypeConverter   TypeConverter: FieldReference: l; 
79360      DEBUG Thread-45       d.u.i.k.j.TypeConverter   TypeConverter: FieldReference: h; 
79429      INFO  main            d.u.i.k.p.r.p.TestFile    ... finished proof: closed. 
79654      DEBUG main            d.u.i.k.s.TermLabelSettings TermLabelSettings: Failure while reading the setting "UseOriginLabels".Using the default value: true.The string read was: null 
79654      INFO  main            d.u.i.k.p.r.p.TestFile    Now processing file /home/runner/work/key/key/key.core/../key.ui/examples/InformationFlow/MiniExamples/mini.MiniExamples(mini.MiniExamples__secure_p1_4()).Non-interference contract.0.key 
79655      DEBUG main            d.u.i.k.p.i.KeYFile       Reading KeY file /home/runner/work/key/key/key.core/../key.ui/examples/InformationFlow/MiniExamples/mini.MiniExamples(mini.MiniExamples__secure_p1_4()).Non-interference contract.0.key 
80492      DEBUG main            d.u.i.k.j.Recoder2KeY     converting now /home/runner/work/key/key/key.core/../key.ui/examples/InformationFlow/MiniExamples/src/mini/MiniExamples.java 
80493      DEBUG main            d.u.i.k.j.Recoder2KeY     converting now /home/runner/work/key/key/key.core/../key.ui/examples/InformationFlow/MiniExamples/src/mini/AliasingExamples.java 
80494      DEBUG main            d.u.i.k.j.Recoder2KeY     converting now /home/runner/work/key/key/key.core/../key.ui/examples/InformationFlow/MiniExamples/src/mini/DifferenceSeqLocset.java 
80495      DEBUG main            d.u.i.k.j.Recoder2KeY     converting now /home/runner/work/key/key/key.core/../key.ui/examples/InformationFlow/MiniExamples/src/mini/MiniExamplesLecture.java 
80499      DEBUG main            d.u.i.k.s.TermLabelSettings TermLabelSettings: Failure while reading the setting "UseOriginLabels".Using the default value: true.The string read was: null 
80500      DEBUG main            d.u.i.k.p.i.KeYFile       Reading KeY file file:/home/runner/work/key/key/key.core/build/resources/main/de/uka/ilkd/key/java/JavaRedux/java/lang/String.key 
82293      DEBUG main            d.u.i.k.p.i.KeYFile       Reading KeY file /home/runner/work/key/key/key.core/../key.ui/examples/InformationFlow/MiniExamples/mini.MiniExamples(mini.MiniExamples__secure_p1_4()).Non-interference contract.0.key 
82332      DEBUG Thread-47       d.u.i.k.j.TypeConverter   TypeConverter: FieldReference: h; 
82348      DEBUG Thread-47       d.u.i.k.j.TypeConverter   TypeConverter: FieldReference: h; 
82390      DEBUG Thread-47       d.u.i.k.j.TypeConverter   TypeConverter: FieldReference: l; 
82392      DEBUG Thread-47       d.u.i.k.j.TypeConverter   TypeConverter: FieldReference: h; 
82398      DEBUG Thread-47       d.u.i.k.j.TypeConverter   TypeConverter: FieldReference: h; 
82408      DEBUG Thread-47       d.u.i.k.j.TypeConverter   TypeConverter: FieldReference: l; 
82428      DEBUG Thread-47       d.u.i.k.j.TypeConverter   TypeConverter: FieldReference: l; 
82431      DEBUG Thread-47       d.u.i.k.j.TypeConverter   TypeConverter: FieldReference: h; 
82438      DEBUG Thread-47       d.u.i.k.j.TypeConverter   TypeConverter: FieldReference: h; 
82446      DEBUG Thread-47       d.u.i.k.j.TypeConverter   TypeConverter: FieldReference: l; 
82497      DEBUG Thread-47       d.u.i.k.j.TypeConverter   TypeConverter: FieldReference: l; 
82500      DEBUG Thread-47       d.u.i.k.j.TypeConverter   TypeConverter: FieldReference: h; 
82506      DEBUG Thread-47       d.u.i.k.j.TypeConverter   TypeConverter: FieldReference: h; 
82513      DEBUG Thread-47       d.u.i.k.j.TypeConverter   TypeConverter: FieldReference: l; 
82595      INFO  main            d.u.i.k.p.r.p.TestFile    ... finished proof: closed. 
82788      DEBUG main            d.u.i.k.s.TermLabelSettings TermLabelSettings: Failure while reading the setting "UseOriginLabels".Using the default value: true.The string read was: null 
82788      INFO  main            d.u.i.k.p.r.p.TestFile    Now processing file /home/runner/work/key/key/key.core/../key.ui/examples/InformationFlow/MiniExamples/mini.MiniExamples(mini.MiniExamples__secure_p1_3()).Non-interference contract.0.key 
82789      DEBUG main            d.u.i.k.p.i.KeYFile       Reading KeY file /home/runner/work/key/key/key.core/../key.ui/examples/InformationFlow/MiniExamples/mini.MiniExamples(mini.MiniExamples__secure_p1_3()).Non-interference contract.0.key 
83616      DEBUG main            d.u.i.k.j.Recoder2KeY     converting now /home/runner/work/key/key/key.core/../key.ui/examples/InformationFlow/MiniExamples/src/mini/MiniExamples.java 
83617      DEBUG main            d.u.i.k.j.Recoder2KeY     converting now /home/runner/work/key/key/key.core/../key.ui/examples/InformationFlow/MiniExamples/src/mini/AliasingExamples.java 
83618      DEBUG main            d.u.i.k.j.Recoder2KeY     converting now /home/runner/work/key/key/key.core/../key.ui/examples/InformationFlow/MiniExamples/src/mini/DifferenceSeqLocset.java 
83618      DEBUG main            d.u.i.k.j.Recoder2KeY     converting now /home/runner/work/key/key/key.core/../key.ui/examples/InformationFlow/MiniExamples/src/mini/MiniExamplesLecture.java 
83623      DEBUG main            d.u.i.k.s.TermLabelSettings TermLabelSettings: Failure while reading the setting "UseOriginLabels".Using the default value: true.The string read was: null 
83624      DEBUG main            d.u.i.k.p.i.KeYFile       Reading KeY file file:/home/runner/work/key/key/key.core/build/resources/main/de/uka/ilkd/key/java/JavaRedux/java/lang/String.key 
85582      DEBUG main            d.u.i.k.p.i.KeYFile       Reading KeY file /home/runner/work/key/key/key.core/../key.ui/examples/InformationFlow/MiniExamples/mini.MiniExamples(mini.MiniExamples__secure_p1_3()).Non-interference contract.0.key 
85619      DEBUG Thread-49       d.u.i.k.j.TypeConverter   TypeConverter: FieldReference: h; 
85624      DEBUG Thread-49       d.u.i.k.j.TypeConverter   TypeConverter: FieldReference: h; 
85632      DEBUG Thread-49       d.u.i.k.j.TypeConverter   TypeConverter: FieldReference: l; 
85641      DEBUG Thread-49       d.u.i.k.j.TypeConverter   TypeConverter: FieldReference: h; 
85646      DEBUG Thread-49       d.u.i.k.j.TypeConverter   TypeConverter: FieldReference: h; 
85662      DEBUG Thread-49       d.u.i.k.j.TypeConverter   TypeConverter: FieldReference: l; 
85784      INFO  main            d.u.i.k.p.r.p.TestFile    ... finished proof: closed. 
85979      DEBUG main            d.u.i.k.s.TermLabelSettings TermLabelSettings: Failure while reading the setting "UseOriginLabels".Using the default value: true.The string read was: null 
85979      INFO  main            d.u.i.k.p.r.p.TestFile    Now processing file /home/runner/work/key/key/key.core/../key.ui/examples/InformationFlow/MiniExamples/mini.MiniExamples(mini.MiniExamples__secure_p1_2()).Non-interference contract.0.key 
85979      DEBUG main            d.u.i.k.p.i.KeYFile       Reading KeY file /home/runner/work/key/key/key.core/../key.ui/examples/InformationFlow/MiniExamples/mini.MiniExamples(mini.MiniExamples__secure_p1_2()).Non-interference contract.0.key 
86817      DEBUG main            d.u.i.k.j.Recoder2KeY     converting now /home/runner/work/key/key/key.core/../key.ui/examples/InformationFlow/MiniExamples/src/mini/MiniExamples.java 
86818      DEBUG main            d.u.i.k.j.Recoder2KeY     converting now /home/runner/work/key/key/key.core/../key.ui/examples/InformationFlow/MiniExamples/src/mini/AliasingExamples.java 
86819      DEBUG main            d.u.i.k.j.Recoder2KeY     converting now /home/runner/work/key/key/key.core/../key.ui/examples/InformationFlow/MiniExamples/src/mini/DifferenceSeqLocset.java 
86820      DEBUG main            d.u.i.k.j.Recoder2KeY     converting now /home/runner/work/key/key/key.core/../key.ui/examples/InformationFlow/MiniExamples/src/mini/MiniExamplesLecture.java 
86824      DEBUG main            d.u.i.k.s.TermLabelSettings TermLabelSettings: Failure while reading the setting "UseOriginLabels".Using the default value: true.The string read was: null 
86825      DEBUG main            d.u.i.k.p.i.KeYFile       Reading KeY file file:/home/runner/work/key/key/key.core/build/resources/main/de/uka/ilkd/key/java/JavaRedux/java/lang/String.key 
88622      DEBUG main            d.u.i.k.p.i.KeYFile       Reading KeY file /home/runner/work/key/key/key.core/../key.ui/examples/InformationFlow/MiniExamples/mini.MiniExamples(mini.MiniExamples__secure_p1_2()).Non-interference contract.0.key 
88660      DEBUG Thread-51       d.u.i.k.j.TypeConverter   TypeConverter: FieldReference: h; 
88675      DEBUG Thread-51       d.u.i.k.j.TypeConverter   TypeConverter: FieldReference: h; 
88694      DEBUG Thread-51       d.u.i.k.j.TypeConverter   TypeConverter: FieldReference: l; 
88701      DEBUG Thread-51       d.u.i.k.j.TypeConverter   TypeConverter: FieldReference: l; 
88724      DEBUG Thread-51       d.u.i.k.j.TypeConverter   TypeConverter: FieldReference: l; 
88730      DEBUG Thread-51       d.u.i.k.j.TypeConverter   TypeConverter: FieldReference: l; 
88746      DEBUG Thread-51       d.u.i.k.j.TypeConverter   TypeConverter: FieldReference: l; 
88753      DEBUG Thread-51       d.u.i.k.j.TypeConverter   TypeConverter: FieldReference: l; 
88766      DEBUG Thread-51       d.u.i.k.j.TypeConverter   TypeConverter: FieldReference: l; 
88773      DEBUG Thread-51       d.u.i.k.j.TypeConverter   TypeConverter: FieldReference: l; 
88792      DEBUG Thread-51       d.u.i.k.j.TypeConverter   TypeConverter: FieldReference: l; 
88799      DEBUG Thread-51       d.u.i.k.j.TypeConverter   TypeConverter: FieldReference: l; 
88814      DEBUG Thread-51       d.u.i.k.j.TypeConverter   TypeConverter: FieldReference: l; 
88821      DEBUG Thread-51       d.u.i.k.j.TypeConverter   TypeConverter: FieldReference: l; 
88926      INFO  main            d.u.i.k.p.r.p.TestFile    ... finished proof: closed. 
89183      DEBUG main            d.u.i.k.s.TermLabelSettings TermLabelSettings: Failure while reading the setting "UseOriginLabels".Using the default value: true.The string read was: null 
89183      INFO  main            d.u.i.k.p.r.p.TestFile    Now processing file /home/runner/work/key/key/key.core/../key.ui/examples/InformationFlow/MiniExamples/mini.MiniExamples(mini.MiniExamples__secure_p1_1()).Non-interference contract.1.key 
89183      DEBUG main            d.u.i.k.p.i.KeYFile       Reading KeY file /home/runner/work/key/key/key.core/../key.ui/examples/InformationFlow/MiniExamples/mini.MiniExamples(mini.MiniExamples__secure_p1_1()).Non-interference contract.1.key 
90002      DEBUG main            d.u.i.k.j.Recoder2KeY     converting now /home/runner/work/key/key/key.core/../key.ui/examples/InformationFlow/MiniExamples/src/mini/MiniExamples.java 
90003      DEBUG main            d.u.i.k.j.Recoder2KeY     converting now /home/runner/work/key/key/key.core/../key.ui/examples/InformationFlow/MiniExamples/src/mini/AliasingExamples.java 
90004      DEBUG main            d.u.i.k.j.Recoder2KeY     converting now /home/runner/work/key/key/key.core/../key.ui/examples/InformationFlow/MiniExamples/src/mini/DifferenceSeqLocset.java 
90005      DEBUG main            d.u.i.k.j.Recoder2KeY     converting now /home/runner/work/key/key/key.core/../key.ui/examples/InformationFlow/MiniExamples/src/mini/MiniExamplesLecture.java 
90009      DEBUG main            d.u.i.k.s.TermLabelSettings TermLabelSettings: Failure while reading the setting "UseOriginLabels".Using the default value: true.The string read was: null 
90010      DEBUG main            d.u.i.k.p.i.KeYFile       Reading KeY file file:/home/runner/work/key/key/key.core/build/resources/main/de/uka/ilkd/key/java/JavaRedux/java/lang/String.key 
91753      DEBUG main            d.u.i.k.p.i.KeYFile       Reading KeY file /home/runner/work/key/key/key.core/../key.ui/examples/InformationFlow/MiniExamples/mini.MiniExamples(mini.MiniExamples__secure_p1_1()).Non-interference contract.1.key 
91790      DEBUG Thread-53       d.u.i.k.j.TypeConverter   TypeConverter: FieldReference: l; 
91805      DEBUG Thread-53       d.u.i.k.j.TypeConverter   TypeConverter: FieldReference: l; 
91826      DEBUG Thread-53       d.u.i.k.j.TypeConverter   TypeConverter: FieldReference: h; 
91848      DEBUG Thread-53       d.u.i.k.j.TypeConverter   TypeConverter: FieldReference: h; 
91866      DEBUG Thread-53       d.u.i.k.j.TypeConverter   TypeConverter: FieldReference: h; 
91887      DEBUG Thread-53       d.u.i.k.j.TypeConverter   TypeConverter: FieldReference: h; 
91955      INFO  main            d.u.i.k.p.r.p.TestFile    ... finished proof: closed. 
92182      DEBUG main            d.u.i.k.s.TermLabelSettings TermLabelSettings: Failure while reading the setting "UseOriginLabels".Using the default value: true.The string read was: null 
92182      INFO  main            d.u.i.k.p.r.p.TestFile    Now processing file /home/runner/work/key/key/key.core/../key.ui/examples/InformationFlow/MiniExamples/mini.MiniExamples(mini.MiniExamples__secure_p1_1()).Non-interference contract.0.key 
92182      DEBUG main            d.u.i.k.p.i.KeYFile       Reading KeY file /home/runner/work/key/key/key.core/../key.ui/examples/InformationFlow/MiniExamples/mini.MiniExamples(mini.MiniExamples__secure_p1_1()).Non-interference contract.0.key 
93003      DEBUG main            d.u.i.k.j.Recoder2KeY     converting now /home/runner/work/key/key/key.core/../key.ui/examples/InformationFlow/MiniExamples/src/mini/MiniExamples.java 
93005      DEBUG main            d.u.i.k.j.Recoder2KeY     converting now /home/runner/work/key/key/key.core/../key.ui/examples/InformationFlow/MiniExamples/src/mini/AliasingExamples.java 
93006      DEBUG main            d.u.i.k.j.Recoder2KeY     converting now /home/runner/work/key/key/key.core/../key.ui/examples/InformationFlow/MiniExamples/src/mini/DifferenceSeqLocset.java 
93006      DEBUG main            d.u.i.k.j.Recoder2KeY     converting now /home/runner/work/key/key/key.core/../key.ui/examples/InformationFlow/MiniExamples/src/mini/MiniExamplesLecture.java 
93011      DEBUG main            d.u.i.k.s.TermLabelSettings TermLabelSettings: Failure while reading the setting "UseOriginLabels".Using the default value: true.The string read was: null 
93012      DEBUG main            d.u.i.k.p.i.KeYFile       Reading KeY file file:/home/runner/work/key/key/key.core/build/resources/main/de/uka/ilkd/key/java/JavaRedux/java/lang/String.key 
94755      DEBUG main            d.u.i.k.p.i.KeYFile       Reading KeY file /home/runner/work/key/key/key.core/../key.ui/examples/InformationFlow/MiniExamples/mini.MiniExamples(mini.MiniExamples__secure_p1_1()).Non-interference contract.0.key 
94793      DEBUG Thread-55       d.u.i.k.j.TypeConverter   TypeConverter: FieldReference: l; 
94809      DEBUG Thread-55       d.u.i.k.j.TypeConverter   TypeConverter: FieldReference: l; 
94830      DEBUG Thread-55       d.u.i.k.j.TypeConverter   TypeConverter: FieldReference: h; 
94851      DEBUG Thread-55       d.u.i.k.j.TypeConverter   TypeConverter: FieldReference: h; 
94869      DEBUG Thread-55       d.u.i.k.j.TypeConverter   TypeConverter: FieldReference: h; 
94889      DEBUG Thread-55       d.u.i.k.j.TypeConverter   TypeConverter: FieldReference: h; 
94959      INFO  main            d.u.i.k.p.r.p.TestFile    ... finished proof: closed. 
95165      DEBUG main            d.u.i.k.s.TermLabelSettings TermLabelSettings: Failure while reading the setting "UseOriginLabels".Using the default value: true.The string read was: null 
95165      INFO  main            d.u.i.k.p.r.p.TestFile    Now processing file /home/runner/work/key/key/key.core/../key.ui/examples/InformationFlow/MiniExamples/mini.MiniExamples(mini.MiniExamples__insecure_p1_2()).Non-interference contract.0.key 
95166      DEBUG main            d.u.i.k.p.i.KeYFile       Reading KeY file /home/runner/work/key/key/key.core/../key.ui/examples/InformationFlow/MiniExamples/mini.MiniExamples(mini.MiniExamples__insecure_p1_2()).Non-interference contract.0.key 
95986      DEBUG main            d.u.i.k.j.Recoder2KeY     converting now /home/runner/work/key/key/key.core/../key.ui/examples/InformationFlow/MiniExamples/src/mini/MiniExamples.java 
95987      DEBUG main            d.u.i.k.j.Recoder2KeY     converting now /home/runner/work/key/key/key.core/../key.ui/examples/InformationFlow/MiniExamples/src/mini/AliasingExamples.java 
95988      DEBUG main            d.u.i.k.j.Recoder2KeY     converting now /home/runner/work/key/key/key.core/../key.ui/examples/InformationFlow/MiniExamples/src/mini/DifferenceSeqLocset.java 
95989      DEBUG main            d.u.i.k.j.Recoder2KeY     converting now /home/runner/work/key/key/key.core/../key.ui/examples/InformationFlow/MiniExamples/src/mini/MiniExamplesLecture.java 
95993      DEBUG main            d.u.i.k.s.TermLabelSettings TermLabelSettings: Failure while reading the setting "UseOriginLabels".Using the default value: true.The string read was: null 
95994      DEBUG main            d.u.i.k.p.i.KeYFile       Reading KeY file file:/home/runner/work/key/key/key.core/build/resources/main/de/uka/ilkd/key/java/JavaRedux/java/lang/String.key 
97791      DEBUG main            d.u.i.k.p.i.KeYFile       Reading KeY file /home/runner/work/key/key/key.core/../key.ui/examples/InformationFlow/MiniExamples/mini.MiniExamples(mini.MiniExamples__insecure_p1_2()).Non-interference contract.0.key 
97833      DEBUG Thread-57       d.u.i.k.j.TypeConverter   TypeConverter: FieldReference: h; 
97850      DEBUG Thread-57       d.u.i.k.j.TypeConverter   TypeConverter: FieldReference: h; 
97869      DEBUG Thread-57       d.u.i.k.j.TypeConverter   TypeConverter: FieldReference: l; 
97893      DEBUG Thread-57       d.u.i.k.j.TypeConverter   TypeConverter: FieldReference: l; 
97909      DEBUG Thread-57       d.u.i.k.j.TypeConverter   TypeConverter: FieldReference: l; 
97929      DEBUG Thread-57       d.u.i.k.j.TypeConverter   TypeConverter: FieldReference: l; 
97951      DEBUG Thread-57       d.u.i.k.j.TypeConverter   TypeConverter: FieldReference: l; 
97970      DEBUG Thread-57       d.u.i.k.j.TypeConverter   TypeConverter: FieldReference: l; 
97994      INFO  main            d.u.i.k.p.r.p.TestFile    ... finished proof: open goal(s) 
98204      DEBUG main            d.u.i.k.s.TermLabelSettings TermLabelSettings: Failure while reading the setting "UseOriginLabels".Using the default value: true.The string read was: null 
98204      INFO  main            d.u.i.k.p.r.p.TestFile    Now processing file /home/runner/work/key/key/key.core/../key.ui/examples/InformationFlow/MiniExamples/mini.MiniExamples(mini.MiniExamples__insecure_p1_1()).Non-interference contract.0.key 
98205      DEBUG main            d.u.i.k.p.i.KeYFile       Reading KeY file /home/runner/work/key/key/key.core/../key.ui/examples/InformationFlow/MiniExamples/mini.MiniExamples(mini.MiniExamples__insecure_p1_1()).Non-interference contract.0.key 
99024      DEBUG main            d.u.i.k.j.Recoder2KeY     converting now /home/runner/work/key/key/key.core/../key.ui/examples/InformationFlow/MiniExamples/src/mini/MiniExamples.java 
99025      DEBUG main            d.u.i.k.j.Recoder2KeY     converting now /home/runner/work/key/key/key.core/../key.ui/examples/InformationFlow/MiniExamples/src/mini/AliasingExamples.java 
99026      DEBUG main            d.u.i.k.j.Recoder2KeY     converting now /home/runner/work/key/key/key.core/../key.ui/examples/InformationFlow/MiniExamples/src/mini/DifferenceSeqLocset.java 
99026      DEBUG main            d.u.i.k.j.Recoder2KeY     converting now /home/runner/work/key/key/key.core/../key.ui/examples/InformationFlow/MiniExamples/src/mini/MiniExamplesLecture.java 
99030      DEBUG main            d.u.i.k.s.TermLabelSettings TermLabelSettings: Failure while reading the setting "UseOriginLabels".Using the default value: true.The string read was: null 
99031      DEBUG main            d.u.i.k.p.i.KeYFile       Reading KeY file file:/home/runner/work/key/key/key.core/build/resources/main/de/uka/ilkd/key/java/JavaRedux/java/lang/String.key 
100770     DEBUG main            d.u.i.k.p.i.KeYFile       Reading KeY file /home/runner/work/key/key/key.core/../key.ui/examples/InformationFlow/MiniExamples/mini.MiniExamples(mini.MiniExamples__insecure_p1_1()).Non-interference contract.0.key 
100816     DEBUG Thread-59       d.u.i.k.j.TypeConverter   TypeConverter: FieldReference: h; 
100819     DEBUG Thread-59       d.u.i.k.j.TypeConverter   TypeConverter: FieldReference: l; 
100825     DEBUG Thread-59       d.u.i.k.j.TypeConverter   TypeConverter: FieldReference: h; 
100827     DEBUG Thread-59       d.u.i.k.j.TypeConverter   TypeConverter: FieldReference: l; 
100872     INFO  main            d.u.i.k.p.r.p.TestFile    ... finished proof: open goal(s) 
1252682    INFO  Test worker     d.u.i.k.p.r.RunAllProofsTestUnit Returning from test MiniExamples_nomacro 
1252683    INFO  Test worker     d.u.i.k.p.r.RunAllProofsTestUnit Running test NewObjects_nomacro 
335        INFO  Timeout watchdog d.u.i.k.p.r.p.ForkedTestFileRunner Timeout watcher launched (1000 secs.) 
351        WARN  main            d.u.i.k.s.ProofSettings   The settings in /home/runner/.key/proof-settings.props are *not* read. 
373        DEBUG main            d.u.i.k.s.TermLabelSettings TermLabelSettings: Failure while reading the setting "UseOriginLabels".Using the default value: true.The string read was: null 
374        INFO  main            d.u.i.k.p.r.p.TestFile    Now processing file /home/runner/work/key/key/key.core/../key.ui/examples/InformationFlow/NewObjects/object.AmtoftBanerjee3(object.AmtoftBanerjee3__m()).Non-interference contract.0.key 
498        DEBUG main            d.u.i.k.p.i.KeYFile       Reading KeY file /home/runner/work/key/key/key.core/../key.ui/examples/InformationFlow/NewObjects/object.AmtoftBanerjee3(object.AmtoftBanerjee3__m()).Non-interference contract.0.key 
714        DEBUG main            d.u.i.k.p.i.KeYFile       Reading KeY file file:/home/runner/work/key/key/key.core/build/resources/main/de/uka/ilkd/key/proof/rules/standardRules.key 
753        DEBUG main            d.u.i.k.p.i.KeYFile       Reading KeY file file:/home/runner/work/key/key/key.core/build/resources/main/de/uka/ilkd/key/proof/rules/ldt.key 
757        DEBUG main            d.u.i.k.p.i.KeYFile       Reading KeY file file:/home/runner/work/key/key/key.core/build/resources/main/de/uka/ilkd/key/proof/rules/boolean.key 
772        DEBUG main            d.u.i.k.p.i.KeYFile       Reading KeY file file:/home/runner/work/key/key/key.core/build/resources/main/de/uka/ilkd/key/proof/rules/ruleSetsDeclarations.key 
798        DEBUG main            d.u.i.k.p.i.KeYFile       Reading KeY file file:/home/runner/work/key/key/key.core/build/resources/main/de/uka/ilkd/key/proof/rules/integerHeader.key 
804        DEBUG main            d.u.i.k.p.i.KeYFile       Reading KeY file file:/home/runner/work/key/key/key.core/build/resources/main/de/uka/ilkd/key/proof/rules/floatHeader.key 
807        DEBUG main            d.u.i.k.p.i.KeYFile       Reading KeY file file:/home/runner/work/key/key/key.core/build/resources/main/de/uka/ilkd/key/proof/rules/heap.key 
810        DEBUG main            d.u.i.k.p.i.KeYFile       Reading KeY file file:/home/runner/work/key/key/key.core/build/resources/main/de/uka/ilkd/key/proof/rules/locSets.key 
811        DEBUG main            d.u.i.k.p.i.KeYFile       Reading KeY file file:/home/runner/work/key/key/key.core/build/resources/main/de/uka/ilkd/key/proof/rules/permission.key 
812        DEBUG main            d.u.i.k.p.i.KeYFile       Reading KeY file file:/home/runner/work/key/key/key.core/build/resources/main/de/uka/ilkd/key/proof/rules/reach.key 
813        DEBUG main            d.u.i.k.p.i.KeYFile       Reading KeY file file:/home/runner/work/key/key/key.core/build/resources/main/de/uka/ilkd/key/proof/rules/seq.key 
814        DEBUG main            d.u.i.k.p.i.KeYFile       Reading KeY file file:/home/runner/work/key/key/key.core/build/resources/main/de/uka/ilkd/key/proof/rules/map.key 
885        DEBUG main            d.u.i.k.p.i.KeYFile       Reading KeY file file:/home/runner/work/key/key/key.core/build/resources/main/de/uka/ilkd/key/proof/rules/freeADT.key 
890        DEBUG main            d.u.i.k.p.i.KeYFile       Reading KeY file file:/home/runner/work/key/key/key.core/build/resources/main/de/uka/ilkd/key/proof/rules/wellfound.key 
891        DEBUG main            d.u.i.k.p.i.KeYFile       Reading KeY file file:/home/runner/work/key/key/key.core/build/resources/main/de/uka/ilkd/key/proof/rules/charListHeader.key 
1046       DEBUG main            d.u.i.k.p.i.KeYFile       Reading KeY file file:/home/runner/work/key/key/key.core/build/resources/main/de/uka/ilkd/key/proof/rules/propRule.key 
1073       DEBUG main            d.u.i.k.p.i.KeYFile       Reading KeY file file:/home/runner/work/key/key/key.core/build/resources/main/de/uka/ilkd/key/proof/rules/firstOrderRules.key 
1094       DEBUG main            d.u.i.k.p.i.KeYFile       Reading KeY file file:/home/runner/work/key/key/key.core/build/resources/main/de/uka/ilkd/key/proof/rules/ifThenElseRules.key 
1143       DEBUG main            d.u.i.k.p.i.KeYFile       Reading KeY file file:/home/runner/work/key/key/key.core/build/resources/main/de/uka/ilkd/key/proof/rules/formulaNormalisationRules.key 
1301       DEBUG main            d.u.i.k.p.i.KeYFile       Reading KeY file file:/home/runner/work/key/key/key.core/build/resources/main/de/uka/ilkd/key/proof/rules/updateRules.key 
1325       DEBUG main            d.u.i.k.p.i.KeYFile       Reading KeY file file:/home/runner/work/key/key/key.core/build/resources/main/de/uka/ilkd/key/proof/rules/integerRulesCommon.key 
1414       DEBUG main            d.u.i.k.p.i.KeYFile       Reading KeY file file:/home/runner/work/key/key/key.core/build/resources/main/de/uka/ilkd/key/proof/rules/intRules.key 
1434       DEBUG main            d.u.i.k.p.i.KeYFile       Reading KeY file file:/home/runner/work/key/key/key.core/build/resources/main/de/uka/ilkd/key/proof/rules/intRulesUncheckedSemantics.key 
1443       DEBUG main            d.u.i.k.p.i.KeYFile       Reading KeY file file:/home/runner/work/key/key/key.core/build/resources/main/de/uka/ilkd/key/proof/rules/intRulesCheckedSemantics.key 
1450       DEBUG main            d.u.i.k.p.i.KeYFile       Reading KeY file file:/home/runner/work/key/key/key.core/build/resources/main/de/uka/ilkd/key/proof/rules/intRulesJavaSemantics.key 
1461       DEBUG main            d.u.i.k.p.i.KeYFile       Reading KeY file file:/home/runner/work/key/key/key.core/build/resources/main/de/uka/ilkd/key/proof/rules/integerSimplificationRules.key 
1721       DEBUG main            d.u.i.k.j.TypeConverter   No LDT found for Meta 
1722       DEBUG main            d.u.i.k.j.TypeConverter   No LDT found for Meta 
1723       DEBUG main            d.u.i.k.j.TypeConverter   No LDT found for Meta 
1723       DEBUG main            d.u.i.k.j.TypeConverter   No LDT found for Meta 
1748       DEBUG main            d.u.i.k.p.i.KeYFile       Reading KeY file file:/home/runner/work/key/key/key.core/build/resources/main/de/uka/ilkd/key/proof/rules/intDiv.key 
1780       DEBUG main            d.u.i.k.p.i.KeYFile       Reading KeY file file:/home/runner/work/key/key/key.core/build/resources/main/de/uka/ilkd/key/proof/rules/bsum.key 
1929       DEBUG main            d.u.i.k.p.i.KeYFile       Reading KeY file file:/home/runner/work/key/key/key.core/build/resources/main/de/uka/ilkd/key/proof/rules/bprod.key 
2012       DEBUG main            d.u.i.k.p.i.KeYFile       Reading KeY file file:/home/runner/work/key/key/key.core/build/resources/main/de/uka/ilkd/key/proof/rules/binaryAxioms.key 
2018       DEBUG main            d.u.i.k.p.i.KeYFile       Reading KeY file file:/home/runner/work/key/key/key.core/build/resources/main/de/uka/ilkd/key/proof/rules/binaryLemmas.key 
2029       DEBUG main            d.u.i.k.p.i.KeYFile       Reading KeY file file:/home/runner/work/key/key/key.core/build/resources/main/de/uka/ilkd/key/proof/rules/intPow.key 
2049       DEBUG main            d.u.i.k.p.i.KeYFile       Reading KeY file file:/home/runner/work/key/key/key.core/build/resources/main/de/uka/ilkd/key/proof/rules/floatRulesCommon.key 
2078       DEBUG main            d.u.i.k.p.i.KeYFile       Reading KeY file file:/home/runner/work/key/key/key.core/build/resources/main/de/uka/ilkd/key/proof/rules/floatRules.key 
2080       DEBUG main            d.u.i.k.p.i.KeYFile       Reading KeY file file:/home/runner/work/key/key/key.core/build/resources/main/de/uka/ilkd/key/proof/rules/floatRulesVerifyNormal.key 
2082       DEBUG main            d.u.i.k.p.i.KeYFile       Reading KeY file file:/home/runner/work/key/key/key.core/build/resources/main/de/uka/ilkd/key/proof/rules/floatRulesAssumeStrictfp.key 
2118       DEBUG main            d.u.i.k.p.i.KeYFile       Reading KeY file file:/home/runner/work/key/key/key.core/build/resources/main/de/uka/ilkd/key/proof/rules/genericRules.key 
2141       DEBUG main            d.u.i.k.p.i.KeYFile       Reading KeY file file:/home/runner/work/key/key/key.core/build/resources/main/de/uka/ilkd/key/proof/rules/booleanRules.key 
2146       DEBUG main            d.u.i.k.p.i.KeYFile       Reading KeY file file:/home/runner/work/key/key/key.core/build/resources/main/de/uka/ilkd/key/proof/rules/epsilon.key 
2152       DEBUG main            d.u.i.k.p.i.KeYFile       Reading KeY file file:/home/runner/work/key/key/key.core/build/resources/main/de/uka/ilkd/key/proof/rules/locSetsRules.key 
2224       DEBUG main            d.u.i.k.p.i.KeYFile       Reading KeY file file:/home/runner/work/key/key/key.core/build/resources/main/de/uka/ilkd/key/proof/rules/heapRules.key 
2312       DEBUG main            d.u.i.k.p.i.KeYFile       Reading KeY file file:/home/runner/work/key/key/key.core/build/resources/main/de/uka/ilkd/key/proof/rules/permissionRules.key 
2340       DEBUG main            d.u.i.k.p.i.KeYFile       Reading KeY file file:/home/runner/work/key/key/key.core/build/resources/main/de/uka/ilkd/key/proof/rules/reachRules.key 
2378       DEBUG main            d.u.i.k.p.i.KeYFile       Reading KeY file file:/home/runner/work/key/key/key.core/build/resources/main/de/uka/ilkd/key/proof/rules/seqCoreRules.key 
2382       DEBUG main            d.u.i.k.p.i.KeYFile       Reading KeY file file:/home/runner/work/key/key/key.core/build/resources/main/de/uka/ilkd/key/proof/rules/seqRules.key 
2458       DEBUG main            d.u.i.k.p.i.KeYFile       Reading KeY file file:/home/runner/work/key/key/key.core/build/resources/main/de/uka/ilkd/key/proof/rules/seqPerm.key 
2496       DEBUG main            d.u.i.k.p.i.KeYFile       Reading KeY file file:/home/runner/work/key/key/key.core/build/resources/main/de/uka/ilkd/key/proof/rules/seqPerm2.key 
2503       DEBUG main            d.u.i.k.p.i.KeYFile       Reading KeY file file:/home/runner/work/key/key/key.core/build/resources/main/de/uka/ilkd/key/proof/rules/javaRules.key 
2604       DEBUG main            d.u.i.k.p.i.KeYFile       Reading KeY file file:/home/runner/work/key/key/key.core/build/resources/main/de/uka/ilkd/key/proof/rules/assertions.key 
3167       DEBUG main            d.u.i.k.p.i.KeYFile       Reading KeY file file:/home/runner/work/key/key/key.core/build/resources/main/de/uka/ilkd/key/proof/rules/loopRules.key 
3176       DEBUG main            d.u.i.k.p.i.KeYFile       Reading KeY file file:/home/runner/work/key/key/key.core/build/resources/main/de/uka/ilkd/key/proof/rules/activeUse.key 
3233       DEBUG main            d.u.i.k.p.i.KeYFile       Reading KeY file file:/home/runner/work/key/key/key.core/build/resources/main/de/uka/ilkd/key/proof/rules/instanceAllocation.key 
3253       DEBUG main            d.u.i.k.p.i.KeYFile       Reading KeY file file:/home/runner/work/key/key/key.core/build/resources/main/de/uka/ilkd/key/proof/rules/java5.key 
3257       DEBUG main            d.u.i.k.p.i.KeYFile       Reading KeY file file:/home/runner/work/key/key/key.core/build/resources/main/de/uka/ilkd/key/proof/rules/integerAssignment2UpdateRules.key 
3292       DEBUG main            d.u.i.k.p.i.KeYFile       Reading KeY file file:/home/runner/work/key/key/key.core/build/resources/main/de/uka/ilkd/key/proof/rules/floatAssignment2UpdateRules.key 
3326       DEBUG main            d.u.i.k.p.i.KeYFile       Reading KeY file file:/home/runner/work/key/key/key.core/build/resources/main/de/uka/ilkd/key/proof/rules/bigint.key 
3366       DEBUG main            d.u.i.k.j.TypeConverter   No LDT found for JavaBigintExpression 
3368       DEBUG main            d.u.i.k.p.i.KeYFile       Reading KeY file file:/home/runner/work/key/key/key.core/build/resources/main/de/uka/ilkd/key/proof/rules/adtProgramDecompositionRules.key 
3386       DEBUG main            d.u.i.k.p.i.KeYFile       Reading KeY file file:/home/runner/work/key/key/key.core/build/resources/main/de/uka/ilkd/key/proof/rules/precRules.key 
3390       DEBUG main            d.u.i.k.p.i.KeYFile       Reading KeY file file:/home/runner/work/key/key/key.core/build/resources/main/de/uka/ilkd/key/proof/rules/charListRules.key 
3416       DEBUG main            d.u.i.k.p.i.KeYFile       Reading KeY file file:/home/runner/work/key/key/key.core/build/resources/main/de/uka/ilkd/key/proof/rules/regExTheory.key 
3417       DEBUG main            d.u.i.k.p.i.KeYFile       Reading KeY file file:/home/runner/work/key/key/key.core/build/resources/main/de/uka/ilkd/key/proof/rules/regExHeader.key 
3418       DEBUG main            d.u.i.k.p.i.KeYFile       Reading KeY file file:/home/runner/work/key/key/key.core/build/resources/main/de/uka/ilkd/key/proof/rules/regExAxioms.key 
3422       DEBUG main            d.u.i.k.p.i.KeYFile       Reading KeY file file:/home/runner/work/key/key/key.core/build/resources/main/de/uka/ilkd/key/proof/rules/regExLemmaProven.key 
3430       DEBUG main            d.u.i.k.p.i.KeYFile       Reading KeY file file:/home/runner/work/key/key/key.core/build/resources/main/de/uka/ilkd/key/proof/rules/seqEq.key 
3437       DEBUG main            d.u.i.k.p.i.KeYFile       Reading KeY file file:/home/runner/work/key/key/key.core/build/resources/main/de/uka/ilkd/key/proof/rules/infFlow.key 
3446       DEBUG main            d.u.i.k.p.i.KeYFile       Reading KeY file file:/home/runner/work/key/key/key.core/build/resources/main/de/uka/ilkd/key/proof/rules/mapSize.key 
3449       DEBUG main            d.u.i.k.p.i.KeYFile       Reading KeY file file:/home/runner/work/key/key/key.core/build/resources/main/de/uka/ilkd/key/proof/rules/wd.key 
3452       DEBUG main            d.u.i.k.p.i.KeYFile       Reading KeY file file:/home/runner/work/key/key/key.core/build/resources/main/de/uka/ilkd/key/proof/rules/wdHeader.key 
3455       DEBUG main            d.u.i.k.p.i.KeYFile       Reading KeY file file:/home/runner/work/key/key/key.core/build/resources/main/de/uka/ilkd/key/proof/rules/wdGeneralRules.key 
3459       DEBUG main            d.u.i.k.p.i.KeYFile       Reading KeY file file:/home/runner/work/key/key/key.core/build/resources/main/de/uka/ilkd/key/proof/rules/wdNumericalRules.key 
3481       DEBUG main            d.u.i.k.p.i.KeYFile       Reading KeY file file:/home/runner/work/key/key/key.core/build/resources/main/de/uka/ilkd/key/proof/rules/wdLocSetRules.key 
3490       DEBUG main            d.u.i.k.p.i.KeYFile       Reading KeY file file:/home/runner/work/key/key/key.core/build/resources/main/de/uka/ilkd/key/proof/rules/wdHeapRules.key 
3494       DEBUG main            d.u.i.k.p.i.KeYFile       Reading KeY file file:/home/runner/work/key/key/key.core/build/resources/main/de/uka/ilkd/key/proof/rules/wdReachRules.key 
3496       DEBUG main            d.u.i.k.p.i.KeYFile       Reading KeY file file:/home/runner/work/key/key/key.core/build/resources/main/de/uka/ilkd/key/proof/rules/wdSeqRules.key 
3499       DEBUG main            d.u.i.k.p.i.KeYFile       Reading KeY file file:/home/runner/work/key/key/key.core/build/resources/main/de/uka/ilkd/key/proof/rules/wdStringRules.key 
3502       DEBUG main            d.u.i.k.p.i.KeYFile       Reading KeY file file:/home/runner/work/key/key/key.core/build/resources/main/de/uka/ilkd/key/proof/rules/wdRegExRules.key 
3505       DEBUG main            d.u.i.k.p.i.KeYFile       Reading KeY file file:/home/runner/work/key/key/key.core/build/resources/main/de/uka/ilkd/key/proof/rules/wdFormulaRules.key 
3521       DEBUG main            d.u.i.k.p.i.KeYFile       Reading KeY file file:/home/runner/work/key/key/key.core/build/resources/main/de/uka/ilkd/key/proof/rules/loopInvariantRules.key 
3524       DEBUG main            d.u.i.k.p.i.KeYFile       Reading KeY file file:/home/runner/work/key/key/key.core/build/resources/main/de/uka/ilkd/key/proof/rules/forLoopRules.key 
3528       DEBUG main            d.u.i.k.p.i.KeYFile       Reading KeY file file:/home/runner/work/key/key/key.core/build/resources/main/de/uka/ilkd/key/proof/rules/execRules.key 
3604       DEBUG main            d.u.i.k.p.i.KeYFile       Reading KeY file file:/home/runner/work/key/key/key.core/build/resources/main/de/uka/ilkd/key/proof/rules/loopScopeRules.key 
5927       DEBUG main            d.u.i.k.j.r.ClassPreparationMethodBuilder clPrepBuilder: Inner Class detected. Reject building class initialisation methods. 
6028       DEBUG main            d.u.i.k.j.Recoder2KeY     converting now /home/runner/work/key/key/key.core/../key.ui/examples/InformationFlow/NewObjects/src/object/Naumann.java 
6042       DEBUG main            d.u.i.k.j.Recoder2KeY     converting now /home/runner/work/key/key/key.core/../key.ui/examples/InformationFlow/NewObjects/src/object/AmtoftBanerjee.java 
6046       DEBUG main            d.u.i.k.j.Recoder2KeY     converting now /home/runner/work/key/key/key.core/../key.ui/examples/InformationFlow/NewObjects/src/object/AmtoftBanerjee2.java 
6050       DEBUG main            d.u.i.k.j.Recoder2KeY     converting now /home/runner/work/key/key/key.core/../key.ui/examples/InformationFlow/NewObjects/src/object/ObjectOrientation.java 
6056       DEBUG main            d.u.i.k.j.Recoder2KeY     converting now /home/runner/work/key/key/key.core/../key.ui/examples/InformationFlow/NewObjects/src/object/AmtoftBanerjee3.java 
6112       DEBUG main            d.u.i.k.s.TermLabelSettings TermLabelSettings: Failure while reading the setting "UseOriginLabels".Using the default value: true.The string read was: null 
6131       DEBUG main            d.u.i.k.p.i.KeYFile       Reading KeY file file:/home/runner/work/key/key/key.core/build/resources/main/de/uka/ilkd/key/java/JavaRedux/java/lang/String.key 
8693       DEBUG main            d.u.i.k.p.i.KeYFile       Reading KeY file /home/runner/work/key/key/key.core/../key.ui/examples/InformationFlow/NewObjects/object.AmtoftBanerjee3(object.AmtoftBanerjee3__m()).Non-interference contract.0.key 
9147       DEBUG Thread-1        d.u.i.k.j.TypeConverter   typeconverter: (prefix this;, class class de.uka.ilkd.key.java.reference.ThisReference) 
9171       DEBUG Thread-1        d.u.i.k.j.TypeConverter   typeconverter: (prefix this;, class class de.uka.ilkd.key.java.reference.ThisReference) 
9207       DEBUG Thread-1        d.u.i.k.j.TypeConverter   typeconverter: (prefix this;, class class de.uka.ilkd.key.java.reference.ThisReference) 
9253       DEBUG Thread-1        d.u.i.k.j.TypeConverter   typeconverter: (prefix this;, class class de.uka.ilkd.key.java.reference.ThisReference) 
9285       DEBUG Thread-1        d.u.i.k.j.TypeConverter   typeconverter: (prefix this;, class class de.uka.ilkd.key.java.reference.ThisReference) 
9298       DEBUG Thread-1        d.u.i.k.j.TypeConverter   typeconverter: (prefix this;, class class de.uka.ilkd.key.java.reference.ThisReference) 
9521       INFO  main            d.u.i.k.p.r.p.TestFile    ... finished proof: closed. 
9655       DEBUG main            d.u.i.k.s.TermLabelSettings TermLabelSettings: Failure while reading the setting "UseOriginLabels".Using the default value: true.The string read was: null 
9656       INFO  main            d.u.i.k.p.r.p.TestFile    Now processing file /home/runner/work/key/key/key.core/../key.ui/examples/InformationFlow/NewObjects/object.AmtoftBanerjee(object.AmtoftBanerjee__m_2()).Non-interference contract.0.key 
9656       DEBUG main            d.u.i.k.p.i.KeYFile       Reading KeY file /home/runner/work/key/key/key.core/../key.ui/examples/InformationFlow/NewObjects/object.AmtoftBanerjee(object.AmtoftBanerjee__m_2()).Non-interference contract.0.key 
10641      DEBUG main            d.u.i.k.j.r.ClassPreparationMethodBuilder clPrepBuilder: Inner Class detected. Reject building class initialisation methods. 
10707      DEBUG main            d.u.i.k.j.Recoder2KeY     converting now /home/runner/work/key/key/key.core/../key.ui/examples/InformationFlow/NewObjects/src/object/Naumann.java 
10711      DEBUG main            d.u.i.k.j.Recoder2KeY     converting now /home/runner/work/key/key/key.core/../key.ui/examples/InformationFlow/NewObjects/src/object/AmtoftBanerjee.java 
10712      DEBUG main            d.u.i.k.j.Recoder2KeY     converting now /home/runner/work/key/key/key.core/../key.ui/examples/InformationFlow/NewObjects/src/object/AmtoftBanerjee2.java 
10714      DEBUG main            d.u.i.k.j.Recoder2KeY     converting now /home/runner/work/key/key/key.core/../key.ui/examples/InformationFlow/NewObjects/src/object/ObjectOrientation.java 
10724      DEBUG main            d.u.i.k.j.Recoder2KeY     converting now /home/runner/work/key/key/key.core/../key.ui/examples/InformationFlow/NewObjects/src/object/AmtoftBanerjee3.java 
10731      DEBUG main            d.u.i.k.s.TermLabelSettings TermLabelSettings: Failure while reading the setting "UseOriginLabels".Using the default value: true.The string read was: null 
10732      DEBUG main            d.u.i.k.p.i.KeYFile       Reading KeY file file:/home/runner/work/key/key/key.core/build/resources/main/de/uka/ilkd/key/java/JavaRedux/java/lang/String.key 
12683      DEBUG main            d.u.i.k.p.i.KeYFile       Reading KeY file /home/runner/work/key/key/key.core/../key.ui/examples/InformationFlow/NewObjects/object.AmtoftBanerjee(object.AmtoftBanerjee__m_2()).Non-interference contract.0.key 
12763      DEBUG Thread-3        d.u.i.k.r.m.MethodCall    method-call: called for AmtoftBanerjee.<createObject>(); 
12764      DEBUG Thread-3        d.u.i.k.r.m.MethodCall    method-call: invocation of static method detected 
12775      DEBUG Thread-3        d.u.i.k.r.m.MethodCall    method-call: called for AmtoftBanerjee.<createObject>(); 
12776      DEBUG Thread-3        d.u.i.k.r.m.MethodCall    method-call: invocation of static method detected 
12784      DEBUG Thread-3        d.u.i.k.r.m.MethodCall    method-call: called for AmtoftBanerjee.<allocate>(); 
12785      DEBUG Thread-3        d.u.i.k.r.m.MethodCall    method-call: invocation of static method detected 
12788      DEBUG Thread-3        d.u.i.k.r.m.MethodCall    method-call: called for AmtoftBanerjee.<allocate>(); 
12789      DEBUG Thread-3        d.u.i.k.r.m.MethodCall    method-call: invocation of static method detected 
12828      DEBUG Thread-3        d.u.i.k.j.TypeConverter   typeconverter: (prefix this;, class class de.uka.ilkd.key.java.reference.ThisReference) 
12857      DEBUG Thread-3        d.u.i.k.j.TypeConverter   typeconverter: (prefix this;, class class de.uka.ilkd.key.java.reference.ThisReference) 
12863      DEBUG Thread-3        d.u.i.k.r.m.MethodCall    method-call: called for <prepareEnter>(); 
12864      DEBUG Thread-3        d.u.i.k.r.m.MethodCall    method-call: invocation of private method detected.Requires static resolving. 
12870      DEBUG Thread-3        d.u.i.k.r.m.MethodCall    method-call: called for <prepareEnter>(); 
12871      DEBUG Thread-3        d.u.i.k.r.m.MethodCall    method-call: invocation of private method detected.Requires static resolving. 
12881      DEBUG Thread-3        d.u.i.k.r.m.MethodCall    method-call: called for super.<prepare>(); 
12882      DEBUG Thread-3        d.u.i.k.r.m.MethodCall    method-call: super invocation of method detected.Requires static resolving. 
12897      DEBUG Thread-3        d.u.i.k.j.TypeConverter   typeconverter: (prefix this;, class class de.uka.ilkd.key.java.reference.ThisReference) 
12924      DEBUG Thread-3        d.u.i.k.r.m.MethodCall    method-call: called for super.<prepare>(); 
12924      DEBUG Thread-3        d.u.i.k.r.m.MethodCall    method-call: super invocation of method detected.Requires static resolving. 
12933      DEBUG Thread-3        d.u.i.k.j.TypeConverter   typeconverter: (prefix this;, class class de.uka.ilkd.key.java.reference.ThisReference) 
12958      DEBUG Thread-3        d.u.i.k.r.m.MethodCall    method-call: called for super.<init>(); 
12958      DEBUG Thread-3        d.u.i.k.r.m.MethodCall    method-call: super invocation of method detected.Requires static resolving. 
12981      DEBUG Thread-3        d.u.i.k.r.m.MethodCall    method-call: called for super.<init>(); 
12982      DEBUG Thread-3        d.u.i.k.r.m.MethodCall    method-call: super invocation of method detected.Requires static resolving. 
13021      DEBUG Thread-3        d.u.i.k.r.m.MethodCall    method-call: called for AmtoftBanerjee.<createObject>(); 
13021      DEBUG Thread-3        d.u.i.k.r.m.MethodCall    method-call: invocation of static method detected 
13034      DEBUG Thread-3        d.u.i.k.r.m.MethodCall    method-call: called for AmtoftBanerjee.<createObject>(); 
13035      DEBUG Thread-3        d.u.i.k.r.m.MethodCall    method-call: invocation of static method detected 
13046      DEBUG Thread-3        d.u.i.k.r.m.MethodCall    method-call: called for AmtoftBanerjee.<allocate>(); 
13046      DEBUG Thread-3        d.u.i.k.r.m.MethodCall    method-call: invocation of static method detected 
13050      DEBUG Thread-3        d.u.i.k.r.m.MethodCall    method-call: called for AmtoftBanerjee.<allocate>(); 
13051      DEBUG Thread-3        d.u.i.k.r.m.MethodCall    method-call: invocation of static method detected 
13105      DEBUG Thread-3        d.u.i.k.j.TypeConverter   typeconverter: (prefix this;, class class de.uka.ilkd.key.java.reference.ThisReference) 
13165      DEBUG Thread-3        d.u.i.k.j.TypeConverter   typeconverter: (prefix this;, class class de.uka.ilkd.key.java.reference.ThisReference) 
13171      DEBUG Thread-3        d.u.i.k.r.m.MethodCall    method-call: called for <prepareEnter>(); 
13172      DEBUG Thread-3        d.u.i.k.r.m.MethodCall    method-call: invocation of private method detected.Requires static resolving. 
13179      DEBUG Thread-3        d.u.i.k.r.m.MethodCall    method-call: called for <prepareEnter>(); 
13179      DEBUG Thread-3        d.u.i.k.r.m.MethodCall    method-call: invocation of private method detected.Requires static resolving. 
13186      DEBUG Thread-3        d.u.i.k.r.m.MethodCall    method-call: called for super.<prepare>(); 
13186      DEBUG Thread-3        d.u.i.k.r.m.MethodCall    method-call: super invocation of method detected.Requires static resolving. 
13196      DEBUG Thread-3        d.u.i.k.j.TypeConverter   typeconverter: (prefix this;, class class de.uka.ilkd.key.java.reference.ThisReference) 
13226      DEBUG Thread-3        d.u.i.k.r.m.MethodCall    method-call: called for super.<prepare>(); 
13227      DEBUG Thread-3        d.u.i.k.r.m.MethodCall    method-call: super invocation of method detected.Requires static resolving. 
13235      DEBUG Thread-3        d.u.i.k.j.TypeConverter   typeconverter: (prefix this;, class class de.uka.ilkd.key.java.reference.ThisReference) 
13267      DEBUG Thread-3        d.u.i.k.r.m.MethodCall    method-call: called for super.<init>(); 
13268      DEBUG Thread-3        d.u.i.k.r.m.MethodCall    method-call: super invocation of method detected.Requires static resolving. 
13310      DEBUG Thread-3        d.u.i.k.l.o.ProgramSV     taclet: Stopped list matching because of incompatible elements #selist (program SimpleExpression) secret; 
13346      DEBUG Thread-3        d.u.i.k.j.TypeConverter   TypeConverter: FieldReference: secret; 
13376      DEBUG Thread-3        d.u.i.k.r.m.MethodCall    method-call: called for super.<init>(); 
13377      DEBUG Thread-3        d.u.i.k.r.m.MethodCall    method-call: super invocation of method detected.Requires static resolving. 
13396      DEBUG Thread-3        d.u.i.k.l.o.ProgramSV     taclet: Stopped list matching because of incompatible elements #selist (program SimpleExpression) secret; 
13412      DEBUG Thread-3        d.u.i.k.j.TypeConverter   TypeConverter: FieldReference: secret; 
13442      DEBUG Thread-3        d.u.i.k.r.m.MethodCall    method-call: called for var.setQ(var_1); 
13442      DEBUG Thread-3        d.u.i.k.r.m.MethodCall    method-call: invocation of non-private instance method detected.Requires dynamic resolving. 
13459      DEBUG Thread-3        d.u.i.k.j.TypeConverter   typeconverter: (prefix this;, class class de.uka.ilkd.key.java.reference.ThisReference) 
13578      DEBUG Thread-3        d.u.i.k.j.TypeConverter   TypeConverter: FieldReference: z; 
13636      DEBUG Thread-3        d.u.i.k.r.m.MethodCall    method-call: called for var_2.setQ(var_3); 
13636      DEBUG Thread-3        d.u.i.k.r.m.MethodCall    method-call: invocation of non-private instance method detected.Requires dynamic resolving. 
13656      DEBUG Thread-3        d.u.i.k.j.TypeConverter   typeconverter: (prefix this;, class class de.uka.ilkd.key.java.reference.ThisReference) 
13770      DEBUG Thread-3        d.u.i.k.j.TypeConverter   TypeConverter: FieldReference: z; 
14002      INFO  main            d.u.i.k.p.r.p.TestFile    ... finished proof: closed. 
14138      DEBUG main            d.u.i.k.s.TermLabelSettings TermLabelSettings: Failure while reading the setting "UseOriginLabels".Using the default value: true.The string read was: null 
14138      INFO  main            d.u.i.k.p.r.p.TestFile    Now processing file /home/runner/work/key/key/key.core/../key.ui/examples/InformationFlow/NewObjects/object.AmtoftBanerjee(object.AmtoftBanerjee__m_1()).Non-interference contract.1.key 
14140      DEBUG main            d.u.i.k.p.i.KeYFile       Reading KeY file /home/runner/work/key/key/key.core/../key.ui/examples/InformationFlow/NewObjects/object.AmtoftBanerjee(object.AmtoftBanerjee__m_1()).Non-interference contract.1.key 
15056      DEBUG main            d.u.i.k.j.r.ClassPreparationMethodBuilder clPrepBuilder: Inner Class detected. Reject building class initialisation methods. 
15114      DEBUG main            d.u.i.k.j.Recoder2KeY     converting now /home/runner/work/key/key/key.core/../key.ui/examples/InformationFlow/NewObjects/src/object/Naumann.java 
15118      DEBUG main            d.u.i.k.j.Recoder2KeY     converting now /home/runner/work/key/key/key.core/../key.ui/examples/InformationFlow/NewObjects/src/object/AmtoftBanerjee.java 
15120      DEBUG main            d.u.i.k.j.Recoder2KeY     converting now /home/runner/work/key/key/key.core/../key.ui/examples/InformationFlow/NewObjects/src/object/AmtoftBanerjee2.java 
15121      DEBUG main            d.u.i.k.j.Recoder2KeY     converting now /home/runner/work/key/key/key.core/../key.ui/examples/InformationFlow/NewObjects/src/object/ObjectOrientation.java 
15124      DEBUG main            d.u.i.k.j.Recoder2KeY     converting now /home/runner/work/key/key/key.core/../key.ui/examples/InformationFlow/NewObjects/src/object/AmtoftBanerjee3.java 
15130      DEBUG main            d.u.i.k.s.TermLabelSettings TermLabelSettings: Failure while reading the setting "UseOriginLabels".Using the default value: true.The string read was: null 
15132      DEBUG main            d.u.i.k.p.i.KeYFile       Reading KeY file file:/home/runner/work/key/key/key.core/build/resources/main/de/uka/ilkd/key/java/JavaRedux/java/lang/String.key 
17068      DEBUG main            d.u.i.k.p.i.KeYFile       Reading KeY file /home/runner/work/key/key/key.core/../key.ui/examples/InformationFlow/NewObjects/object.AmtoftBanerjee(object.AmtoftBanerjee__m_1()).Non-interference contract.1.key 
17109      DEBUG Thread-5        d.u.i.k.r.m.MethodCall    method-call: called for AmtoftBanerjee.<createObject>(); 
17110      DEBUG Thread-5        d.u.i.k.r.m.MethodCall    method-call: invocation of static method detected 
17116      DEBUG Thread-5        d.u.i.k.r.m.MethodCall    method-call: called for AmtoftBanerjee.<createObject>(); 
17116      DEBUG Thread-5        d.u.i.k.r.m.MethodCall    method-call: invocation of static method detected 
17123      DEBUG Thread-5        d.u.i.k.r.m.MethodCall    method-call: called for AmtoftBanerjee.<allocate>(); 
17123      DEBUG Thread-5        d.u.i.k.r.m.MethodCall    method-call: invocation of static method detected 
17125      DEBUG Thread-5        d.u.i.k.r.m.MethodCall    method-call: called for AmtoftBanerjee.<allocate>(); 
17125      DEBUG Thread-5        d.u.i.k.r.m.MethodCall    method-call: invocation of static method detected 
17139      DEBUG Thread-5        d.u.i.k.j.TypeConverter   typeconverter: (prefix this;, class class de.uka.ilkd.key.java.reference.ThisReference) 
17157      DEBUG Thread-5        d.u.i.k.j.TypeConverter   typeconverter: (prefix this;, class class de.uka.ilkd.key.java.reference.ThisReference) 
17160      DEBUG Thread-5        d.u.i.k.r.m.MethodCall    method-call: called for <prepareEnter>(); 
17162      DEBUG Thread-5        d.u.i.k.r.m.MethodCall    method-call: invocation of private method detected.Requires static resolving. 
17166      DEBUG Thread-5        d.u.i.k.r.m.MethodCall    method-call: called for <prepareEnter>(); 
17167      DEBUG Thread-5        d.u.i.k.r.m.MethodCall    method-call: invocation of private method detected.Requires static resolving. 
17171      DEBUG Thread-5        d.u.i.k.r.m.MethodCall    method-call: called for super.<prepare>(); 
17171      DEBUG Thread-5        d.u.i.k.r.m.MethodCall    method-call: super invocation of method detected.Requires static resolving. 
17191      DEBUG Thread-5        d.u.i.k.j.TypeConverter   typeconverter: (prefix this;, class class de.uka.ilkd.key.java.reference.ThisReference) 
17210      DEBUG Thread-5        d.u.i.k.r.m.MethodCall    method-call: called for super.<prepare>(); 
17210      DEBUG Thread-5        d.u.i.k.r.m.MethodCall    method-call: super invocation of method detected.Requires static resolving. 
17217      DEBUG Thread-5        d.u.i.k.j.TypeConverter   typeconverter: (prefix this;, class class de.uka.ilkd.key.java.reference.ThisReference) 
17233      DEBUG Thread-5        d.u.i.k.r.m.MethodCall    method-call: called for super.<init>(); 
17234      DEBUG Thread-5        d.u.i.k.r.m.MethodCall    method-call: super invocation of method detected.Requires static resolving. 
17250      DEBUG Thread-5        d.u.i.k.l.o.ProgramSV     taclet: Stopped list matching because of incompatible elements #selist (program SimpleExpression) secret; 
17260      DEBUG Thread-5        d.u.i.k.j.TypeConverter   TypeConverter: FieldReference: secret; 
17273      DEBUG Thread-5        d.u.i.k.r.m.MethodCall    method-call: called for super.<init>(); 
17273      DEBUG Thread-5        d.u.i.k.r.m.MethodCall    method-call: super invocation of method detected.Requires static resolving. 
17288      DEBUG Thread-5        d.u.i.k.l.o.ProgramSV     taclet: Stopped list matching because of incompatible elements #selist (program SimpleExpression) secret; 
17297      DEBUG Thread-5        d.u.i.k.j.TypeConverter   TypeConverter: FieldReference: secret; 
17313      DEBUG Thread-5        d.u.i.k.r.m.MethodCall    method-call: called for var.setQ(var_1); 
17313      DEBUG Thread-5        d.u.i.k.r.m.MethodCall    method-call: invocation of non-private instance method detected.Requires dynamic resolving. 
17327      DEBUG Thread-5        d.u.i.k.j.TypeConverter   typeconverter: (prefix this;, class class de.uka.ilkd.key.java.reference.ThisReference) 
17394      DEBUG Thread-5        d.u.i.k.j.TypeConverter   TypeConverter: FieldReference: z; 
17426      DEBUG Thread-5        d.u.i.k.r.m.MethodCall    method-call: called for var_2.setQ(var_3); 
17426      DEBUG Thread-5        d.u.i.k.r.m.MethodCall    method-call: invocation of non-private instance method detected.Requires dynamic resolving. 
17440      DEBUG Thread-5        d.u.i.k.j.TypeConverter   typeconverter: (prefix this;, class class de.uka.ilkd.key.java.reference.ThisReference) 
17509      DEBUG Thread-5        d.u.i.k.j.TypeConverter   TypeConverter: FieldReference: z; 
17686      INFO  main            d.u.i.k.p.r.p.TestFile    ... finished proof: open goal(s) 
17841      DEBUG main            d.u.i.k.s.TermLabelSettings TermLabelSettings: Failure while reading the setting "UseOriginLabels".Using the default value: true.The string read was: null 
17841      INFO  main            d.u.i.k.p.r.p.TestFile    Now processing file /home/runner/work/key/key/key.core/../key.ui/examples/InformationFlow/NewObjects/object.AmtoftBanerjee(object.AmtoftBanerjee__m_1()).Non-interference contract.0.key 
17841      DEBUG main            d.u.i.k.p.i.KeYFile       Reading KeY file /home/runner/work/key/key/key.core/../key.ui/examples/InformationFlow/NewObjects/object.AmtoftBanerjee(object.AmtoftBanerjee__m_1()).Non-interference contract.0.key 
18713      DEBUG main            d.u.i.k.j.r.ClassPreparationMethodBuilder clPrepBuilder: Inner Class detected. Reject building class initialisation methods. 
18767      DEBUG main            d.u.i.k.j.Recoder2KeY     converting now /home/runner/work/key/key/key.core/../key.ui/examples/InformationFlow/NewObjects/src/object/Naumann.java 
18769      DEBUG main            d.u.i.k.j.Recoder2KeY     converting now /home/runner/work/key/key/key.core/../key.ui/examples/InformationFlow/NewObjects/src/object/AmtoftBanerjee.java 
18771      DEBUG main            d.u.i.k.j.Recoder2KeY     converting now /home/runner/work/key/key/key.core/../key.ui/examples/InformationFlow/NewObjects/src/object/AmtoftBanerjee2.java 
18772      DEBUG main            d.u.i.k.j.Recoder2KeY     converting now /home/runner/work/key/key/key.core/../key.ui/examples/InformationFlow/NewObjects/src/object/ObjectOrientation.java 
18773      DEBUG main            d.u.i.k.j.Recoder2KeY     converting now /home/runner/work/key/key/key.core/../key.ui/examples/InformationFlow/NewObjects/src/object/AmtoftBanerjee3.java 
18779      DEBUG main            d.u.i.k.s.TermLabelSettings TermLabelSettings: Failure while reading the setting "UseOriginLabels".Using the default value: true.The string read was: null 
18780      DEBUG main            d.u.i.k.p.i.KeYFile       Reading KeY file file:/home/runner/work/key/key/key.core/build/resources/main/de/uka/ilkd/key/java/JavaRedux/java/lang/String.key 
20686      DEBUG main            d.u.i.k.p.i.KeYFile       Reading KeY file /home/runner/work/key/key/key.core/../key.ui/examples/InformationFlow/NewObjects/object.AmtoftBanerjee(object.AmtoftBanerjee__m_1()).Non-interference contract.0.key 
20719      DEBUG Thread-7        d.u.i.k.r.m.MethodCall    method-call: called for AmtoftBanerjee.<createObject>(); 
20720      DEBUG Thread-7        d.u.i.k.r.m.MethodCall    method-call: invocation of static method detected 
20724      DEBUG Thread-7        d.u.i.k.r.m.MethodCall    method-call: called for AmtoftBanerjee.<createObject>(); 
20725      DEBUG Thread-7        d.u.i.k.r.m.MethodCall    method-call: invocation of static method detected 
20729      DEBUG Thread-7        d.u.i.k.r.m.MethodCall    method-call: called for AmtoftBanerjee.<allocate>(); 
20730      DEBUG Thread-7        d.u.i.k.r.m.MethodCall    method-call: invocation of static method detected 
20732      DEBUG Thread-7        d.u.i.k.r.m.MethodCall    method-call: called for AmtoftBanerjee.<allocate>(); 
20732      DEBUG Thread-7        d.u.i.k.r.m.MethodCall    method-call: invocation of static method detected 
20745      DEBUG Thread-7        d.u.i.k.j.TypeConverter   typeconverter: (prefix this;, class class de.uka.ilkd.key.java.reference.ThisReference) 
20759      DEBUG Thread-7        d.u.i.k.j.TypeConverter   typeconverter: (prefix this;, class class de.uka.ilkd.key.java.reference.ThisReference) 
20762      DEBUG Thread-7        d.u.i.k.r.m.MethodCall    method-call: called for <prepareEnter>(); 
20762      DEBUG Thread-7        d.u.i.k.r.m.MethodCall    method-call: invocation of private method detected.Requires static resolving. 
20766      DEBUG Thread-7        d.u.i.k.r.m.MethodCall    method-call: called for <prepareEnter>(); 
20766      DEBUG Thread-7        d.u.i.k.r.m.MethodCall    method-call: invocation of private method detected.Requires static resolving. 
20769      DEBUG Thread-7        d.u.i.k.r.m.MethodCall    method-call: called for super.<prepare>(); 
20770      DEBUG Thread-7        d.u.i.k.r.m.MethodCall    method-call: super invocation of method detected.Requires static resolving. 
20775      DEBUG Thread-7        d.u.i.k.j.TypeConverter   typeconverter: (prefix this;, class class de.uka.ilkd.key.java.reference.ThisReference) 
20791      DEBUG Thread-7        d.u.i.k.r.m.MethodCall    method-call: called for super.<prepare>(); 
20791      DEBUG Thread-7        d.u.i.k.r.m.MethodCall    method-call: super invocation of method detected.Requires static resolving. 
20797      DEBUG Thread-7        d.u.i.k.j.TypeConverter   typeconverter: (prefix this;, class class de.uka.ilkd.key.java.reference.ThisReference) 
20814      DEBUG Thread-7        d.u.i.k.r.m.MethodCall    method-call: called for super.<init>(); 
20814      DEBUG Thread-7        d.u.i.k.r.m.MethodCall    method-call: super invocation of method detected.Requires static resolving. 
20829      DEBUG Thread-7        d.u.i.k.l.o.ProgramSV     taclet: Stopped list matching because of incompatible elements #selist (program SimpleExpression) secret; 
20839      DEBUG Thread-7        d.u.i.k.j.TypeConverter   TypeConverter: FieldReference: secret; 
20851      DEBUG Thread-7        d.u.i.k.r.m.MethodCall    method-call: called for super.<init>(); 
20851      DEBUG Thread-7        d.u.i.k.r.m.MethodCall    method-call: super invocation of method detected.Requires static resolving. 
20867      DEBUG Thread-7        d.u.i.k.l.o.ProgramSV     taclet: Stopped list matching because of incompatible elements #selist (program SimpleExpression) secret; 
20876      DEBUG Thread-7        d.u.i.k.j.TypeConverter   TypeConverter: FieldReference: secret; 
20891      DEBUG Thread-7        d.u.i.k.r.m.MethodCall    method-call: called for var.setQ(var_1); 
20891      DEBUG Thread-7        d.u.i.k.r.m.MethodCall    method-call: invocation of non-private instance method detected.Requires dynamic resolving. 
20901      DEBUG Thread-7        d.u.i.k.j.TypeConverter   typeconverter: (prefix this;, class class de.uka.ilkd.key.java.reference.ThisReference) 
20956      DEBUG Thread-7        d.u.i.k.j.TypeConverter   TypeConverter: FieldReference: z; 
21005      DEBUG Thread-7        d.u.i.k.r.m.MethodCall    method-call: called for var_2.setQ(var_3); 
21006      DEBUG Thread-7        d.u.i.k.r.m.MethodCall    method-call: invocation of non-private instance method detected.Requires dynamic resolving. 
21016      DEBUG Thread-7        d.u.i.k.j.TypeConverter   typeconverter: (prefix this;, class class de.uka.ilkd.key.java.reference.ThisReference) 
21072      DEBUG Thread-7        d.u.i.k.j.TypeConverter   TypeConverter: FieldReference: z; 
21195      INFO  main            d.u.i.k.p.r.p.TestFile    ... finished proof: closed. 
21473      DEBUG main            d.u.i.k.s.TermLabelSettings TermLabelSettings: Failure while reading the setting "UseOriginLabels".Using the default value: true.The string read was: null 
21474      INFO  main            d.u.i.k.p.r.p.TestFile    Now processing file /home/runner/work/key/key/key.core/../key.ui/examples/InformationFlow/NewObjects/object.AmtoftBanerjee(object.AmtoftBanerjee__getQ()).Non-interference contract.0.key 
21474      DEBUG main            d.u.i.k.p.i.KeYFile       Reading KeY file /home/runner/work/key/key/key.core/../key.ui/examples/InformationFlow/NewObjects/object.AmtoftBanerjee(object.AmtoftBanerjee__getQ()).Non-interference contract.0.key 
22440      DEBUG main            d.u.i.k.j.r.ClassPreparationMethodBuilder clPrepBuilder: Inner Class detected. Reject building class initialisation methods. 
22492      DEBUG main            d.u.i.k.j.Recoder2KeY     converting now /home/runner/work/key/key/key.core/../key.ui/examples/InformationFlow/NewObjects/src/object/Naumann.java 
22494      DEBUG main            d.u.i.k.j.Recoder2KeY     converting now /home/runner/work/key/key/key.core/../key.ui/examples/InformationFlow/NewObjects/src/object/AmtoftBanerjee.java 
22495      DEBUG main            d.u.i.k.j.Recoder2KeY     converting now /home/runner/work/key/key/key.core/../key.ui/examples/InformationFlow/NewObjects/src/object/AmtoftBanerjee2.java 
22496      DEBUG main            d.u.i.k.j.Recoder2KeY     converting now /home/runner/work/key/key/key.core/../key.ui/examples/InformationFlow/NewObjects/src/object/ObjectOrientation.java 
22498      DEBUG main            d.u.i.k.j.Recoder2KeY     converting now /home/runner/work/key/key/key.core/../key.ui/examples/InformationFlow/NewObjects/src/object/AmtoftBanerjee3.java 
22503      DEBUG main            d.u.i.k.s.TermLabelSettings TermLabelSettings: Failure while reading the setting "UseOriginLabels".Using the default value: true.The string read was: null 
22504      DEBUG main            d.u.i.k.p.i.KeYFile       Reading KeY file file:/home/runner/work/key/key/key.core/build/resources/main/de/uka/ilkd/key/java/JavaRedux/java/lang/String.key 
24415      DEBUG main            d.u.i.k.p.i.KeYFile       Reading KeY file /home/runner/work/key/key/key.core/../key.ui/examples/InformationFlow/NewObjects/object.AmtoftBanerjee(object.AmtoftBanerjee__getQ()).Non-interference contract.0.key 
24461      DEBUG Thread-9        d.u.i.k.j.TypeConverter   typeconverter: (prefix this;, class class de.uka.ilkd.key.java.reference.ThisReference) 
24467      DEBUG Thread-9        d.u.i.k.j.TypeConverter   typeconverter: (prefix this;, class class de.uka.ilkd.key.java.reference.ThisReference) 
24517      INFO  main            d.u.i.k.p.r.p.TestFile    ... finished proof: closed. 
24647      DEBUG main            d.u.i.k.s.TermLabelSettings TermLabelSettings: Failure while reading the setting "UseOriginLabels".Using the default value: true.The string read was: null 
24648      INFO  main            d.u.i.k.p.r.p.TestFile    Now processing file /home/runner/work/key/key/key.core/../key.ui/examples/InformationFlow/NewObjects/object.ObjectOrientation(object.ObjectOrientation__secure_while_i((Ljava.lang.Object)).Non-interference contract.0.key 
24648      DEBUG main            d.u.i.k.p.i.KeYFile       Reading KeY file /home/runner/work/key/key/key.core/../key.ui/examples/InformationFlow/NewObjects/object.ObjectOrientation(object.ObjectOrientation__secure_while_i((Ljava.lang.Object)).Non-interference contract.0.key 
25466      DEBUG main            d.u.i.k.j.r.ClassPreparationMethodBuilder clPrepBuilder: Inner Class detected. Reject building class initialisation methods. 
25516      DEBUG main            d.u.i.k.j.Recoder2KeY     converting now /home/runner/work/key/key/key.core/../key.ui/examples/InformationFlow/NewObjects/src/object/Naumann.java 
25518      DEBUG main            d.u.i.k.j.Recoder2KeY     converting now /home/runner/work/key/key/key.core/../key.ui/examples/InformationFlow/NewObjects/src/object/AmtoftBanerjee.java 
25519      DEBUG main            d.u.i.k.j.Recoder2KeY     converting now /home/runner/work/key/key/key.core/../key.ui/examples/InformationFlow/NewObjects/src/object/AmtoftBanerjee2.java 
25519      DEBUG main            d.u.i.k.j.Recoder2KeY     converting now /home/runner/work/key/key/key.core/../key.ui/examples/InformationFlow/NewObjects/src/object/ObjectOrientation.java 
25521      DEBUG main            d.u.i.k.j.Recoder2KeY     converting now /home/runner/work/key/key/key.core/../key.ui/examples/InformationFlow/NewObjects/src/object/AmtoftBanerjee3.java 
25526      DEBUG main            d.u.i.k.s.TermLabelSettings TermLabelSettings: Failure while reading the setting "UseOriginLabels".Using the default value: true.The string read was: null 
25527      DEBUG main            d.u.i.k.p.i.KeYFile       Reading KeY file file:/home/runner/work/key/key/key.core/build/resources/main/de/uka/ilkd/key/java/JavaRedux/java/lang/String.key 
27410      DEBUG main            d.u.i.k.p.i.KeYFile       Reading KeY file /home/runner/work/key/key/key.core/../key.ui/examples/InformationFlow/NewObjects/object.ObjectOrientation(object.ObjectOrientation__secure_while_i((Ljava.lang.Object)).Non-interference contract.0.key 
27644      DEBUG Thread-11       d.u.i.k.r.m.WhileLoopTransformation While-Loop-Tranform-Result: {
  int i = 0;
  while (i < _a_A.length) {
    {
      _a_A[i] = new Object();
    }
    i++;
  }
} 
27658      DEBUG Thread-11       d.u.i.k.r.m.WhileLoopTransformation While-Loop-Tranform-Result: {
  int i = 0;
  while (i < _a_B.length) {
    {
      _a_B[i] = new Object();
    }
    i++;
  }
} 
27713      DEBUG Thread-11       d.u.i.k.r.m.WhileLoopTransformation While-Loop-Tranform-Result: try {
  {
    if (i < _a_A.length) {
      {
        _a_A[i] = new Object();
      }
      i++;
    }
  }
} catch (java.lang.Throwable e#4) {
  exc#3 = true;
  thrownExc#5 = e#4;
} 
28063      DEBUG Thread-11       d.u.i.k.r.m.WhileLoopTransformation While-Loop-Tranform-Result: try {
  {
    if (i_1 < _a_B.length) {
      {
        _a_B[i_1] = new Object();
      }
      i_1++;
    }
  }
} catch (java.lang.Throwable e#32) {
  exc#31 = true;
  thrownExc#33 = e#32;
} 
39353      INFO  main            d.u.i.k.p.r.p.TestFile    ... finished proof: closed. 
39555      DEBUG main            d.u.i.k.s.TermLabelSettings TermLabelSettings: Failure while reading the setting "UseOriginLabels".Using the default value: true.The string read was: null 
39555      INFO  main            d.u.i.k.p.r.p.TestFile    Now processing file /home/runner/work/key/key/key.core/../key.ui/examples/InformationFlow/NewObjects/object.ObjectOrientation(object.ObjectOrientation__secure_method_call()).Non-interference contract.0.key 
39556      DEBUG main            d.u.i.k.p.i.KeYFile       Reading KeY file /home/runner/work/key/key/key.core/../key.ui/examples/InformationFlow/NewObjects/object.ObjectOrientation(object.ObjectOrientation__secure_method_call()).Non-interference contract.0.key 
40386      DEBUG main            d.u.i.k.j.r.ClassPreparationMethodBuilder clPrepBuilder: Inner Class detected. Reject building class initialisation methods. 
40438      DEBUG main            d.u.i.k.j.Recoder2KeY     converting now /home/runner/work/key/key/key.core/../key.ui/examples/InformationFlow/NewObjects/src/object/Naumann.java 
40441      DEBUG main            d.u.i.k.j.Recoder2KeY     converting now /home/runner/work/key/key/key.core/../key.ui/examples/InformationFlow/NewObjects/src/object/AmtoftBanerjee.java 
40442      DEBUG main            d.u.i.k.j.Recoder2KeY     converting now /home/runner/work/key/key/key.core/../key.ui/examples/InformationFlow/NewObjects/src/object/AmtoftBanerjee2.java 
40443      DEBUG main            d.u.i.k.j.Recoder2KeY     converting now /home/runner/work/key/key/key.core/../key.ui/examples/InformationFlow/NewObjects/src/object/ObjectOrientation.java 
40446      DEBUG main            d.u.i.k.j.Recoder2KeY     converting now /home/runner/work/key/key/key.core/../key.ui/examples/InformationFlow/NewObjects/src/object/AmtoftBanerjee3.java 
40451      DEBUG main            d.u.i.k.s.TermLabelSettings TermLabelSettings: Failure while reading the setting "UseOriginLabels".Using the default value: true.The string read was: null 
40452      DEBUG main            d.u.i.k.p.i.KeYFile       Reading KeY file file:/home/runner/work/key/key/key.core/build/resources/main/de/uka/ilkd/key/java/JavaRedux/java/lang/String.key 
42341      DEBUG main            d.u.i.k.p.i.KeYFile       Reading KeY file /home/runner/work/key/key/key.core/../key.ui/examples/InformationFlow/NewObjects/object.ObjectOrientation(object.ObjectOrientation__secure_method_call()).Non-interference contract.0.key 
42423      DEBUG Thread-13       d.u.i.k.j.TypeConverter   TypeConverter: FieldReference: o1; 
42432      DEBUG Thread-13       d.u.i.k.j.TypeConverter   TypeConverter: FieldReference: o2; 
42552      DEBUG Thread-13       d.u.i.k.j.TypeConverter   TypeConverter: FieldReference: o1; 
42563      DEBUG Thread-13       d.u.i.k.j.TypeConverter   TypeConverter: FieldReference: o2; 
42950      INFO  main            d.u.i.k.p.r.p.TestFile    ... finished proof: closed. 
43109      DEBUG main            d.u.i.k.s.TermLabelSettings TermLabelSettings: Failure while reading the setting "UseOriginLabels".Using the default value: true.The string read was: null 
43109      INFO  main            d.u.i.k.p.r.p.TestFile    Now processing file /home/runner/work/key/key/key.core/../key.ui/examples/InformationFlow/NewObjects/object.ObjectOrientation(object.ObjectOrientation__if_two_object_creation_next()).Non-interference contract.1.key 
43109      DEBUG main            d.u.i.k.p.i.KeYFile       Reading KeY file /home/runner/work/key/key/key.core/../key.ui/examples/InformationFlow/NewObjects/object.ObjectOrientation(object.ObjectOrientation__if_two_object_creation_next()).Non-interference contract.1.key 
43932      DEBUG main            d.u.i.k.j.r.ClassPreparationMethodBuilder clPrepBuilder: Inner Class detected. Reject building class initialisation methods. 
43981      DEBUG main            d.u.i.k.j.Recoder2KeY     converting now /home/runner/work/key/key/key.core/../key.ui/examples/InformationFlow/NewObjects/src/object/Naumann.java 
43982      DEBUG main            d.u.i.k.j.Recoder2KeY     converting now /home/runner/work/key/key/key.core/../key.ui/examples/InformationFlow/NewObjects/src/object/AmtoftBanerjee.java 
43983      DEBUG main            d.u.i.k.j.Recoder2KeY     converting now /home/runner/work/key/key/key.core/../key.ui/examples/InformationFlow/NewObjects/src/object/AmtoftBanerjee2.java 
43984      DEBUG main            d.u.i.k.j.Recoder2KeY     converting now /home/runner/work/key/key/key.core/../key.ui/examples/InformationFlow/NewObjects/src/object/ObjectOrientation.java 
43986      DEBUG main            d.u.i.k.j.Recoder2KeY     converting now /home/runner/work/key/key/key.core/../key.ui/examples/InformationFlow/NewObjects/src/object/AmtoftBanerjee3.java 
43990      DEBUG main            d.u.i.k.s.TermLabelSettings TermLabelSettings: Failure while reading the setting "UseOriginLabels".Using the default value: true.The string read was: null 
43991      DEBUG main            d.u.i.k.p.i.KeYFile       Reading KeY file file:/home/runner/work/key/key/key.core/build/resources/main/de/uka/ilkd/key/java/JavaRedux/java/lang/String.key 
45955      DEBUG main            d.u.i.k.p.i.KeYFile       Reading KeY file /home/runner/work/key/key/key.core/../key.ui/examples/InformationFlow/NewObjects/object.ObjectOrientation(object.ObjectOrientation__if_two_object_creation_next()).Non-interference contract.1.key 
46312      DEBUG Thread-15       d.u.i.k.j.TypeConverter   TypeConverter: FieldReference: high; 
46321      DEBUG Thread-15       d.u.i.k.j.TypeConverter   TypeConverter: FieldReference: high; 
46420      DEBUG Thread-15       d.u.i.k.r.m.MethodCall    method-call: called for ObjectOrientation.<createObject>(); 
46421      DEBUG Thread-15       d.u.i.k.r.m.MethodCall    method-call: invocation of static method detected 
46434      DEBUG Thread-15       d.u.i.k.r.m.MethodCall    method-call: called for ObjectOrientation.<createObject>(); 
46435      DEBUG Thread-15       d.u.i.k.r.m.MethodCall    method-call: invocation of static method detected 
46449      DEBUG Thread-15       d.u.i.k.r.m.MethodCall    method-call: called for ObjectOrientation.<allocate>(); 
46449      DEBUG Thread-15       d.u.i.k.r.m.MethodCall    method-call: invocation of static method detected 
46455      DEBUG Thread-15       d.u.i.k.r.m.MethodCall    method-call: called for ObjectOrientation.<allocate>(); 
46456      DEBUG Thread-15       d.u.i.k.r.m.MethodCall    method-call: invocation of static method detected 
46480      DEBUG Thread-15       d.u.i.k.j.TypeConverter   typeconverter: (prefix this;, class class de.uka.ilkd.key.java.reference.ThisReference) 
46506      DEBUG Thread-15       d.u.i.k.j.TypeConverter   typeconverter: (prefix this;, class class de.uka.ilkd.key.java.reference.ThisReference) 
46513      DEBUG Thread-15       d.u.i.k.r.m.MethodCall    method-call: called for <prepareEnter>(); 
46513      DEBUG Thread-15       d.u.i.k.r.m.MethodCall    method-call: invocation of private method detected.Requires static resolving. 
46523      DEBUG Thread-15       d.u.i.k.r.m.MethodCall    method-call: called for <prepareEnter>(); 
46523      DEBUG Thread-15       d.u.i.k.r.m.MethodCall    method-call: invocation of private method detected.Requires static resolving. 
46533      DEBUG Thread-15       d.u.i.k.r.m.MethodCall    method-call: called for super.<prepare>(); 
46533      DEBUG Thread-15       d.u.i.k.r.m.MethodCall    method-call: super invocation of method detected.Requires static resolving. 
46547      DEBUG Thread-15       d.u.i.k.j.TypeConverter   typeconverter: (prefix this;, class class de.uka.ilkd.key.java.reference.ThisReference) 
46552      DEBUG Thread-15       d.u.i.k.j.TypeConverter   typeconverter: (prefix this;, class class de.uka.ilkd.key.java.reference.ThisReference) 
46598      DEBUG Thread-15       d.u.i.k.r.m.MethodCall    method-call: called for super.<prepare>(); 
46599      DEBUG Thread-15       d.u.i.k.r.m.MethodCall    method-call: super invocation of method detected.Requires static resolving. 
46612      DEBUG Thread-15       d.u.i.k.j.TypeConverter   typeconverter: (prefix this;, class class de.uka.ilkd.key.java.reference.ThisReference) 
46617      DEBUG Thread-15       d.u.i.k.j.TypeConverter   typeconverter: (prefix this;, class class de.uka.ilkd.key.java.reference.ThisReference) 
46665      DEBUG Thread-15       d.u.i.k.r.m.MethodCall    method-call: called for super.<init>(); 
46666      DEBUG Thread-15       d.u.i.k.r.m.MethodCall    method-call: super invocation of method detected.Requires static resolving. 
46679      DEBUG Thread-15       d.u.i.k.j.TypeConverter   typeconverter: (prefix this;, class class de.uka.ilkd.key.java.reference.ThisReference) 
46699      DEBUG Thread-15       d.u.i.k.j.TypeConverter   TypeConverter: FieldReference: o1; 
46712      DEBUG Thread-15       d.u.i.k.r.m.MethodCall    method-call: called for super.<init>(); 
46713      DEBUG Thread-15       d.u.i.k.r.m.MethodCall    method-call: super invocation of method detected.Requires static resolving. 
46727      DEBUG Thread-15       d.u.i.k.j.TypeConverter   typeconverter: (prefix this;, class class de.uka.ilkd.key.java.reference.ThisReference) 
46769      DEBUG Thread-15       d.u.i.k.j.TypeConverter   TypeConverter: FieldReference: o1; 
46799      DEBUG Thread-15       d.u.i.k.r.m.MethodCall    method-call: called for ObjectOrientation.<createObject>(); 
46799      DEBUG Thread-15       d.u.i.k.r.m.MethodCall    method-call: invocation of static method detected 
46815      DEBUG Thread-15       d.u.i.k.r.m.MethodCall    method-call: called for ObjectOrientation.<createObject>(); 
46815      DEBUG Thread-15       d.u.i.k.r.m.MethodCall    method-call: invocation of static method detected 
46831      DEBUG Thread-15       d.u.i.k.r.m.MethodCall    method-call: called for ObjectOrientation.<allocate>(); 
46831      DEBUG Thread-15       d.u.i.k.r.m.MethodCall    method-call: invocation of static method detected 
46838      DEBUG Thread-15       d.u.i.k.r.m.MethodCall    method-call: called for ObjectOrientation.<allocate>(); 
46838      DEBUG Thread-15       d.u.i.k.r.m.MethodCall    method-call: invocation of static method detected 
46930      DEBUG Thread-15       d.u.i.k.j.TypeConverter   typeconverter: (prefix this;, class class de.uka.ilkd.key.java.reference.ThisReference) 
47027      DEBUG Thread-15       d.u.i.k.j.TypeConverter   typeconverter: (prefix this;, class class de.uka.ilkd.key.java.reference.ThisReference) 
47036      DEBUG Thread-15       d.u.i.k.r.m.MethodCall    method-call: called for <prepareEnter>(); 
47036      DEBUG Thread-15       d.u.i.k.r.m.MethodCall    method-call: invocation of private method detected.Requires static resolving. 
47050      DEBUG Thread-15       d.u.i.k.r.m.MethodCall    method-call: called for <prepareEnter>(); 
47050      DEBUG Thread-15       d.u.i.k.r.m.MethodCall    method-call: invocation of private method detected.Requires static resolving. 
47063      DEBUG Thread-15       d.u.i.k.r.m.MethodCall    method-call: called for super.<prepare>(); 
47063      DEBUG Thread-15       d.u.i.k.r.m.MethodCall    method-call: super invocation of method detected.Requires static resolving. 
47080      DEBUG Thread-15       d.u.i.k.j.TypeConverter   typeconverter: (prefix this;, class class de.uka.ilkd.key.java.reference.ThisReference) 
47086      DEBUG Thread-15       d.u.i.k.j.TypeConverter   typeconverter: (prefix this;, class class de.uka.ilkd.key.java.reference.ThisReference) 
47146      DEBUG Thread-15       d.u.i.k.r.m.MethodCall    method-call: called for super.<prepare>(); 
47146      DEBUG Thread-15       d.u.i.k.r.m.MethodCall    method-call: super invocation of method detected.Requires static resolving. 
47163      DEBUG Thread-15       d.u.i.k.j.TypeConverter   typeconverter: (prefix this;, class class de.uka.ilkd.key.java.reference.ThisReference) 
47169      DEBUG Thread-15       d.u.i.k.j.TypeConverter   typeconverter: (prefix this;, class class de.uka.ilkd.key.java.reference.ThisReference) 
47228      DEBUG Thread-15       d.u.i.k.r.m.MethodCall    method-call: called for super.<init>(); 
47228      DEBUG Thread-15       d.u.i.k.r.m.MethodCall    method-call: super invocation of method detected.Requires static resolving. 
47245      DEBUG Thread-15       d.u.i.k.j.TypeConverter   typeconverter: (prefix this;, class class de.uka.ilkd.key.java.reference.ThisReference) 
47269      DEBUG Thread-15       d.u.i.k.j.TypeConverter   TypeConverter: FieldReference: o0; 
47283      DEBUG Thread-15       d.u.i.k.j.TypeConverter   TypeConverter: FieldReference: o1; 
47332      DEBUG Thread-15       d.u.i.k.j.TypeConverter   TypeConverter: FieldReference: o0; 
47461      DEBUG Thread-15       d.u.i.k.r.m.MethodCall    method-call: called for super.<init>(); 
47461      DEBUG Thread-15       d.u.i.k.r.m.MethodCall    method-call: super invocation of method detected.Requires static resolving. 
47476      DEBUG Thread-15       d.u.i.k.j.TypeConverter   typeconverter: (prefix this;, class class de.uka.ilkd.key.java.reference.ThisReference) 
47497      DEBUG Thread-15       d.u.i.k.j.TypeConverter   TypeConverter: FieldReference: o0; 
47507      DEBUG Thread-15       d.u.i.k.j.TypeConverter   TypeConverter: FieldReference: o1; 
47547      DEBUG Thread-15       d.u.i.k.j.TypeConverter   TypeConverter: FieldReference: o0; 
54125      DEBUG Thread-15       d.u.i.k.r.m.MethodCall    method-call: called for ObjectOrientation.<createObject>(); 
54125      DEBUG Thread-15       d.u.i.k.r.m.MethodCall    method-call: invocation of static method detected 
54137      DEBUG Thread-15       d.u.i.k.r.m.MethodCall    method-call: called for ObjectOrientation.<createObject>(); 
54137      DEBUG Thread-15       d.u.i.k.r.m.MethodCall    method-call: invocation of static method detected 
54148      DEBUG Thread-15       d.u.i.k.r.m.MethodCall    method-call: called for ObjectOrientation.<allocate>(); 
54149      DEBUG Thread-15       d.u.i.k.r.m.MethodCall    method-call: invocation of static method detected 
54154      DEBUG Thread-15       d.u.i.k.r.m.MethodCall    method-call: called for ObjectOrientation.<allocate>(); 
54154      DEBUG Thread-15       d.u.i.k.r.m.MethodCall    method-call: invocation of static method detected 
54176      DEBUG Thread-15       d.u.i.k.j.TypeConverter   typeconverter: (prefix this;, class class de.uka.ilkd.key.java.reference.ThisReference) 
54199      DEBUG Thread-15       d.u.i.k.j.TypeConverter   typeconverter: (prefix this;, class class de.uka.ilkd.key.java.reference.ThisReference) 
54206      DEBUG Thread-15       d.u.i.k.r.m.MethodCall    method-call: called for <prepareEnter>(); 
54206      DEBUG Thread-15       d.u.i.k.r.m.MethodCall    method-call: invocation of private method detected.Requires static resolving. 
54216      DEBUG Thread-15       d.u.i.k.r.m.MethodCall    method-call: called for <prepareEnter>(); 
54216      DEBUG Thread-15       d.u.i.k.r.m.MethodCall    method-call: invocation of private method detected.Requires static resolving. 
54226      DEBUG Thread-15       d.u.i.k.r.m.MethodCall    method-call: called for super.<prepare>(); 
54226      DEBUG Thread-15       d.u.i.k.r.m.MethodCall    method-call: super invocation of method detected.Requires static resolving. 
54239      DEBUG Thread-15       d.u.i.k.j.TypeConverter   typeconverter: (prefix this;, class class de.uka.ilkd.key.java.reference.ThisReference) 
54244      DEBUG Thread-15       d.u.i.k.j.TypeConverter   typeconverter: (prefix this;, class class de.uka.ilkd.key.java.reference.ThisReference) 
54288      DEBUG Thread-15       d.u.i.k.r.m.MethodCall    method-call: called for super.<prepare>(); 
54288      DEBUG Thread-15       d.u.i.k.r.m.MethodCall    method-call: super invocation of method detected.Requires static resolving. 
54301      DEBUG Thread-15       d.u.i.k.j.TypeConverter   typeconverter: (prefix this;, class class de.uka.ilkd.key.java.reference.ThisReference) 
54306      DEBUG Thread-15       d.u.i.k.j.TypeConverter   typeconverter: (prefix this;, class class de.uka.ilkd.key.java.reference.ThisReference) 
54351      DEBUG Thread-15       d.u.i.k.r.m.MethodCall    method-call: called for super.<init>(); 
54351      DEBUG Thread-15       d.u.i.k.r.m.MethodCall    method-call: super invocation of method detected.Requires static resolving. 
54364      DEBUG Thread-15       d.u.i.k.j.TypeConverter   typeconverter: (prefix this;, class class de.uka.ilkd.key.java.reference.ThisReference) 
54383      DEBUG Thread-15       d.u.i.k.j.TypeConverter   TypeConverter: FieldReference: o1; 
54395      DEBUG Thread-15       d.u.i.k.r.m.MethodCall    method-call: called for super.<init>(); 
54396      DEBUG Thread-15       d.u.i.k.r.m.MethodCall    method-call: super invocation of method detected.Requires static resolving. 
54409      DEBUG Thread-15       d.u.i.k.j.TypeConverter   typeconverter: (prefix this;, class class de.uka.ilkd.key.java.reference.ThisReference) 
54427      DEBUG Thread-15       d.u.i.k.j.TypeConverter   TypeConverter: FieldReference: o0; 
54457      DEBUG Thread-15       d.u.i.k.r.m.MethodCall    method-call: called for ObjectOrientation.<createObject>(); 
54458      DEBUG Thread-15       d.u.i.k.r.m.MethodCall    method-call: invocation of static method detected 
54473      DEBUG Thread-15       d.u.i.k.r.m.MethodCall    method-call: called for ObjectOrientation.<createObject>(); 
54473      DEBUG Thread-15       d.u.i.k.r.m.MethodCall    method-call: invocation of static method detected 
54489      DEBUG Thread-15       d.u.i.k.r.m.MethodCall    method-call: called for ObjectOrientation.<allocate>(); 
54489      DEBUG Thread-15       d.u.i.k.r.m.MethodCall    method-call: invocation of static method detected 
54496      DEBUG Thread-15       d.u.i.k.r.m.MethodCall    method-call: called for ObjectOrientation.<allocate>(); 
54496      DEBUG Thread-15       d.u.i.k.r.m.MethodCall    method-call: invocation of static method detected 
54618      DEBUG Thread-15       d.u.i.k.j.TypeConverter   typeconverter: (prefix this;, class class de.uka.ilkd.key.java.reference.ThisReference) 
54713      DEBUG Thread-15       d.u.i.k.j.TypeConverter   typeconverter: (prefix this;, class class de.uka.ilkd.key.java.reference.ThisReference) 
54721      DEBUG Thread-15       d.u.i.k.r.m.MethodCall    method-call: called for <prepareEnter>(); 
54722      DEBUG Thread-15       d.u.i.k.r.m.MethodCall    method-call: invocation of private method detected.Requires static resolving. 
54734      DEBUG Thread-15       d.u.i.k.r.m.MethodCall    method-call: called for <prepareEnter>(); 
54734      DEBUG Thread-15       d.u.i.k.r.m.MethodCall    method-call: invocation of private method detected.Requires static resolving. 
54747      DEBUG Thread-15       d.u.i.k.r.m.MethodCall    method-call: called for super.<prepare>(); 
54747      DEBUG Thread-15       d.u.i.k.r.m.MethodCall    method-call: super invocation of method detected.Requires static resolving. 
54763      DEBUG Thread-15       d.u.i.k.j.TypeConverter   typeconverter: (prefix this;, class class de.uka.ilkd.key.java.reference.ThisReference) 
54769      DEBUG Thread-15       d.u.i.k.j.TypeConverter   typeconverter: (prefix this;, class class de.uka.ilkd.key.java.reference.ThisReference) 
54826      DEBUG Thread-15       d.u.i.k.r.m.MethodCall    method-call: called for super.<prepare>(); 
54826      DEBUG Thread-15       d.u.i.k.r.m.MethodCall    method-call: super invocation of method detected.Requires static resolving. 
54842      DEBUG Thread-15       d.u.i.k.j.TypeConverter   typeconverter: (prefix this;, class class de.uka.ilkd.key.java.reference.ThisReference) 
54848      DEBUG Thread-15       d.u.i.k.j.TypeConverter   typeconverter: (prefix this;, class class de.uka.ilkd.key.java.reference.ThisReference) 
54906      DEBUG Thread-15       d.u.i.k.r.m.MethodCall    method-call: called for super.<init>(); 
54906      DEBUG Thread-15       d.u.i.k.r.m.MethodCall    method-call: super invocation of method detected.Requires static resolving. 
54922      DEBUG Thread-15       d.u.i.k.j.TypeConverter   typeconverter: (prefix this;, class class de.uka.ilkd.key.java.reference.ThisReference) 
54947      DEBUG Thread-15       d.u.i.k.j.TypeConverter   TypeConverter: FieldReference: o0; 
54961      DEBUG Thread-15       d.u.i.k.j.TypeConverter   TypeConverter: FieldReference: o1; 
55009      DEBUG Thread-15       d.u.i.k.j.TypeConverter   TypeConverter: FieldReference: o0; 
55133      DEBUG Thread-15       d.u.i.k.r.m.MethodCall    method-call: called for super.<init>(); 
55134      DEBUG Thread-15       d.u.i.k.r.m.MethodCall    method-call: super invocation of method detected.Requires static resolving. 
55148      DEBUG Thread-15       d.u.i.k.j.TypeConverter   typeconverter: (prefix this;, class class de.uka.ilkd.key.java.reference.ThisReference) 
55169      DEBUG Thread-15       d.u.i.k.j.TypeConverter   TypeConverter: FieldReference: o1; 
55179      DEBUG Thread-15       d.u.i.k.j.TypeConverter   TypeConverter: FieldReference: o1; 
55205      DEBUG Thread-15       d.u.i.k.j.TypeConverter   TypeConverter: FieldReference: o1; 
62062      DEBUG Thread-15       d.u.i.k.r.m.MethodCall    method-call: called for ObjectOrientation.<createObject>(); 
62063      DEBUG Thread-15       d.u.i.k.r.m.MethodCall    method-call: invocation of static method detected 
62075      DEBUG Thread-15       d.u.i.k.r.m.MethodCall    method-call: called for ObjectOrientation.<createObject>(); 
62075      DEBUG Thread-15       d.u.i.k.r.m.MethodCall    method-call: invocation of static method detected 
62087      DEBUG Thread-15       d.u.i.k.r.m.MethodCall    method-call: called for ObjectOrientation.<allocate>(); 
62087      DEBUG Thread-15       d.u.i.k.r.m.MethodCall    method-call: invocation of static method detected 
62093      DEBUG Thread-15       d.u.i.k.r.m.MethodCall    method-call: called for ObjectOrientation.<allocate>(); 
62093      DEBUG Thread-15       d.u.i.k.r.m.MethodCall    method-call: invocation of static method detected 
62116      DEBUG Thread-15       d.u.i.k.j.TypeConverter   typeconverter: (prefix this;, class class de.uka.ilkd.key.java.reference.ThisReference) 
62141      DEBUG Thread-15       d.u.i.k.j.TypeConverter   typeconverter: (prefix this;, class class de.uka.ilkd.key.java.reference.ThisReference) 
62148      DEBUG Thread-15       d.u.i.k.r.m.MethodCall    method-call: called for <prepareEnter>(); 
62148      DEBUG Thread-15       d.u.i.k.r.m.MethodCall    method-call: invocation of private method detected.Requires static resolving. 
62158      DEBUG Thread-15       d.u.i.k.r.m.MethodCall    method-call: called for <prepareEnter>(); 
62158      DEBUG Thread-15       d.u.i.k.r.m.MethodCall    method-call: invocation of private method detected.Requires static resolving. 
62168      DEBUG Thread-15       d.u.i.k.r.m.MethodCall    method-call: called for super.<prepare>(); 
62168      DEBUG Thread-15       d.u.i.k.r.m.MethodCall    method-call: super invocation of method detected.Requires static resolving. 
62181      DEBUG Thread-15       d.u.i.k.j.TypeConverter   typeconverter: (prefix this;, class class de.uka.ilkd.key.java.reference.ThisReference) 
62186      DEBUG Thread-15       d.u.i.k.j.TypeConverter   typeconverter: (prefix this;, class class de.uka.ilkd.key.java.reference.ThisReference) 
62231      DEBUG Thread-15       d.u.i.k.r.m.MethodCall    method-call: called for super.<prepare>(); 
62232      DEBUG Thread-15       d.u.i.k.r.m.MethodCall    method-call: super invocation of method detected.Requires static resolving. 
62245      DEBUG Thread-15       d.u.i.k.j.TypeConverter   typeconverter: (prefix this;, class class de.uka.ilkd.key.java.reference.ThisReference) 
62250      DEBUG Thread-15       d.u.i.k.j.TypeConverter   typeconverter: (prefix this;, class class de.uka.ilkd.key.java.reference.ThisReference) 
62296      DEBUG Thread-15       d.u.i.k.r.m.MethodCall    method-call: called for super.<init>(); 
62296      DEBUG Thread-15       d.u.i.k.r.m.MethodCall    method-call: super invocation of method detected.Requires static resolving. 
62309      DEBUG Thread-15       d.u.i.k.j.TypeConverter   typeconverter: (prefix this;, class class de.uka.ilkd.key.java.reference.ThisReference) 
62329      DEBUG Thread-15       d.u.i.k.j.TypeConverter   TypeConverter: FieldReference: o0; 
62341      DEBUG Thread-15       d.u.i.k.r.m.MethodCall    method-call: called for super.<init>(); 
62341      DEBUG Thread-15       d.u.i.k.r.m.MethodCall    method-call: super invocation of method detected.Requires static resolving. 
62355      DEBUG Thread-15       d.u.i.k.j.TypeConverter   typeconverter: (prefix this;, class class de.uka.ilkd.key.java.reference.ThisReference) 
62374      DEBUG Thread-15       d.u.i.k.j.TypeConverter   TypeConverter: FieldReference: o1; 
62404      DEBUG Thread-15       d.u.i.k.r.m.MethodCall    method-call: called for ObjectOrientation.<createObject>(); 
62404      DEBUG Thread-15       d.u.i.k.r.m.MethodCall    method-call: invocation of static method detected 
62419      DEBUG Thread-15       d.u.i.k.r.m.MethodCall    method-call: called for ObjectOrientation.<createObject>(); 
62420      DEBUG Thread-15       d.u.i.k.r.m.MethodCall    method-call: invocation of static method detected 
62435      DEBUG Thread-15       d.u.i.k.r.m.MethodCall    method-call: called for ObjectOrientation.<allocate>(); 
62435      DEBUG Thread-15       d.u.i.k.r.m.MethodCall    method-call: invocation of static method detected 
62443      DEBUG Thread-15       d.u.i.k.r.m.MethodCall    method-call: called for ObjectOrientation.<allocate>(); 
62443      DEBUG Thread-15       d.u.i.k.r.m.MethodCall    method-call: invocation of static method detected 
62535      DEBUG Thread-15       d.u.i.k.j.TypeConverter   typeconverter: (prefix this;, class class de.uka.ilkd.key.java.reference.ThisReference) 
62634      DEBUG Thread-15       d.u.i.k.j.TypeConverter   typeconverter: (prefix this;, class class de.uka.ilkd.key.java.reference.ThisReference) 
62643      DEBUG Thread-15       d.u.i.k.r.m.MethodCall    method-call: called for <prepareEnter>(); 
62643      DEBUG Thread-15       d.u.i.k.r.m.MethodCall    method-call: invocation of private method detected.Requires static resolving. 
62657      DEBUG Thread-15       d.u.i.k.r.m.MethodCall    method-call: called for <prepareEnter>(); 
62657      DEBUG Thread-15       d.u.i.k.r.m.MethodCall    method-call: invocation of private method detected.Requires static resolving. 
62670      DEBUG Thread-15       d.u.i.k.r.m.MethodCall    method-call: called for super.<prepare>(); 
62670      DEBUG Thread-15       d.u.i.k.r.m.MethodCall    method-call: super invocation of method detected.Requires static resolving. 
62687      DEBUG Thread-15       d.u.i.k.j.TypeConverter   typeconverter: (prefix this;, class class de.uka.ilkd.key.java.reference.ThisReference) 
62693      DEBUG Thread-15       d.u.i.k.j.TypeConverter   typeconverter: (prefix this;, class class de.uka.ilkd.key.java.reference.ThisReference) 
62753      DEBUG Thread-15       d.u.i.k.r.m.MethodCall    method-call: called for super.<prepare>(); 
62753      DEBUG Thread-15       d.u.i.k.r.m.MethodCall    method-call: super invocation of method detected.Requires static resolving. 
62770      DEBUG Thread-15       d.u.i.k.j.TypeConverter   typeconverter: (prefix this;, class class de.uka.ilkd.key.java.reference.ThisReference) 
62776      DEBUG Thread-15       d.u.i.k.j.TypeConverter   typeconverter: (prefix this;, class class de.uka.ilkd.key.java.reference.ThisReference) 
62837      DEBUG Thread-15       d.u.i.k.r.m.MethodCall    method-call: called for super.<init>(); 
62837      DEBUG Thread-15       d.u.i.k.r.m.MethodCall    method-call: super invocation of method detected.Requires static resolving. 
62893      DEBUG Thread-15       d.u.i.k.j.TypeConverter   typeconverter: (prefix this;, class class de.uka.ilkd.key.java.reference.ThisReference) 
62919      DEBUG Thread-15       d.u.i.k.j.TypeConverter   TypeConverter: FieldReference: o1; 
62934      DEBUG Thread-15       d.u.i.k.j.TypeConverter   TypeConverter: FieldReference: o1; 
62971      DEBUG Thread-15       d.u.i.k.j.TypeConverter   TypeConverter: FieldReference: o1; 
63092      DEBUG Thread-15       d.u.i.k.r.m.MethodCall    method-call: called for super.<init>(); 
63092      DEBUG Thread-15       d.u.i.k.r.m.MethodCall    method-call: super invocation of method detected.Requires static resolving. 
63107      DEBUG Thread-15       d.u.i.k.j.TypeConverter   typeconverter: (prefix this;, class class de.uka.ilkd.key.java.reference.ThisReference) 
63128      DEBUG Thread-15       d.u.i.k.j.TypeConverter   TypeConverter: FieldReference: o0; 
63138      DEBUG Thread-15       d.u.i.k.j.TypeConverter   TypeConverter: FieldReference: o1; 
63177      DEBUG Thread-15       d.u.i.k.j.TypeConverter   TypeConverter: FieldReference: o0; 
65137      INFO  main            d.u.i.k.p.r.p.TestFile    ... finished proof: open goal(s) 
65370      DEBUG main            d.u.i.k.s.TermLabelSettings TermLabelSettings: Failure while reading the setting "UseOriginLabels".Using the default value: true.The string read was: null 
65371      INFO  main            d.u.i.k.p.r.p.TestFile    Now processing file /home/runner/work/key/key/key.core/../key.ui/examples/InformationFlow/NewObjects/object.ObjectOrientation(object.ObjectOrientation__insecure_two_object_creation()).Non-interference contract.0.key 
65371      DEBUG main            d.u.i.k.p.i.KeYFile       Reading KeY file /home/runner/work/key/key/key.core/../key.ui/examples/InformationFlow/NewObjects/object.ObjectOrientation(object.ObjectOrientation__insecure_two_object_creation()).Non-interference contract.0.key 
66217      DEBUG main            d.u.i.k.j.r.ClassPreparationMethodBuilder clPrepBuilder: Inner Class detected. Reject building class initialisation methods. 
66267      DEBUG main            d.u.i.k.j.Recoder2KeY     converting now /home/runner/work/key/key/key.core/../key.ui/examples/InformationFlow/NewObjects/src/object/Naumann.java 
66269      DEBUG main            d.u.i.k.j.Recoder2KeY     converting now /home/runner/work/key/key/key.core/../key.ui/examples/InformationFlow/NewObjects/src/object/AmtoftBanerjee.java 
66270      DEBUG main            d.u.i.k.j.Recoder2KeY     converting now /home/runner/work/key/key/key.core/../key.ui/examples/InformationFlow/NewObjects/src/object/AmtoftBanerjee2.java 
66271      DEBUG main            d.u.i.k.j.Recoder2KeY     converting now /home/runner/work/key/key/key.core/../key.ui/examples/InformationFlow/NewObjects/src/object/ObjectOrientation.java 
66272      DEBUG main            d.u.i.k.j.Recoder2KeY     converting now /home/runner/work/key/key/key.core/../key.ui/examples/InformationFlow/NewObjects/src/object/AmtoftBanerjee3.java 
66277      DEBUG main            d.u.i.k.s.TermLabelSettings TermLabelSettings: Failure while reading the setting "UseOriginLabels".Using the default value: true.The string read was: null 
66278      DEBUG main            d.u.i.k.p.i.KeYFile       Reading KeY file file:/home/runner/work/key/key/key.core/build/resources/main/de/uka/ilkd/key/java/JavaRedux/java/lang/String.key 
68084      DEBUG main            d.u.i.k.p.i.KeYFile       Reading KeY file /home/runner/work/key/key/key.core/../key.ui/examples/InformationFlow/NewObjects/object.ObjectOrientation(object.ObjectOrientation__insecure_two_object_creation()).Non-interference contract.0.key 
68510      DEBUG Thread-17       d.u.i.k.r.m.MethodCall    method-call: called for ObjectOrientation.<createObject>(); 
68510      DEBUG Thread-17       d.u.i.k.r.m.MethodCall    method-call: invocation of static method detected 
68521      DEBUG Thread-17       d.u.i.k.r.m.MethodCall    method-call: called for ObjectOrientation.<createObject>(); 
68522      DEBUG Thread-17       d.u.i.k.r.m.MethodCall    method-call: invocation of static method detected 
68533      DEBUG Thread-17       d.u.i.k.r.m.MethodCall    method-call: called for ObjectOrientation.<allocate>(); 
68533      DEBUG Thread-17       d.u.i.k.r.m.MethodCall    method-call: invocation of static method detected 
68539      DEBUG Thread-17       d.u.i.k.r.m.MethodCall    method-call: called for ObjectOrientation.<allocate>(); 
68539      DEBUG Thread-17       d.u.i.k.r.m.MethodCall    method-call: invocation of static method detected 
68560      DEBUG Thread-17       d.u.i.k.j.TypeConverter   typeconverter: (prefix this;, class class de.uka.ilkd.key.java.reference.ThisReference) 
68582      DEBUG Thread-17       d.u.i.k.j.TypeConverter   typeconverter: (prefix this;, class class de.uka.ilkd.key.java.reference.ThisReference) 
68588      DEBUG Thread-17       d.u.i.k.r.m.MethodCall    method-call: called for <prepareEnter>(); 
68588      DEBUG Thread-17       d.u.i.k.r.m.MethodCall    method-call: invocation of private method detected.Requires static resolving. 
68598      DEBUG Thread-17       d.u.i.k.r.m.MethodCall    method-call: called for <prepareEnter>(); 
68598      DEBUG Thread-17       d.u.i.k.r.m.MethodCall    method-call: invocation of private method detected.Requires static resolving. 
68607      DEBUG Thread-17       d.u.i.k.r.m.MethodCall    method-call: called for super.<prepare>(); 
68607      DEBUG Thread-17       d.u.i.k.r.m.MethodCall    method-call: super invocation of method detected.Requires static resolving. 
68618      DEBUG Thread-17       d.u.i.k.j.TypeConverter   typeconverter: (prefix this;, class class de.uka.ilkd.key.java.reference.ThisReference) 
68622      DEBUG Thread-17       d.u.i.k.j.TypeConverter   typeconverter: (prefix this;, class class de.uka.ilkd.key.java.reference.ThisReference) 
68664      DEBUG Thread-17       d.u.i.k.r.m.MethodCall    method-call: called for super.<prepare>(); 
68664      DEBUG Thread-17       d.u.i.k.r.m.MethodCall    method-call: super invocation of method detected.Requires static resolving. 
68676      DEBUG Thread-17       d.u.i.k.j.TypeConverter   typeconverter: (prefix this;, class class de.uka.ilkd.key.java.reference.ThisReference) 
68681      DEBUG Thread-17       d.u.i.k.j.TypeConverter   typeconverter: (prefix this;, class class de.uka.ilkd.key.java.reference.ThisReference) 
68724      DEBUG Thread-17       d.u.i.k.r.m.MethodCall    method-call: called for super.<init>(); 
68724      DEBUG Thread-17       d.u.i.k.r.m.MethodCall    method-call: super invocation of method detected.Requires static resolving. 
68736      DEBUG Thread-17       d.u.i.k.j.TypeConverter   typeconverter: (prefix this;, class class de.uka.ilkd.key.java.reference.ThisReference) 
68754      DEBUG Thread-17       d.u.i.k.j.TypeConverter   TypeConverter: FieldReference: o0; 
68766      DEBUG Thread-17       d.u.i.k.r.m.MethodCall    method-call: called for super.<init>(); 
68766      DEBUG Thread-17       d.u.i.k.r.m.MethodCall    method-call: super invocation of method detected.Requires static resolving. 
68779      DEBUG Thread-17       d.u.i.k.j.TypeConverter   typeconverter: (prefix this;, class class de.uka.ilkd.key.java.reference.ThisReference) 
68796      DEBUG Thread-17       d.u.i.k.j.TypeConverter   TypeConverter: FieldReference: o0; 
68824      DEBUG Thread-17       d.u.i.k.r.m.MethodCall    method-call: called for ObjectOrientation.<createObject>(); 
68825      DEBUG Thread-17       d.u.i.k.r.m.MethodCall    method-call: invocation of static method detected 
68839      DEBUG Thread-17       d.u.i.k.r.m.MethodCall    method-call: called for ObjectOrientation.<createObject>(); 
68839      DEBUG Thread-17       d.u.i.k.r.m.MethodCall    method-call: invocation of static method detected 
68853      DEBUG Thread-17       d.u.i.k.r.m.MethodCall    method-call: called for ObjectOrientation.<allocate>(); 
68853      DEBUG Thread-17       d.u.i.k.r.m.MethodCall    method-call: invocation of static method detected 
68859      DEBUG Thread-17       d.u.i.k.r.m.MethodCall    method-call: called for ObjectOrientation.<allocate>(); 
68859      DEBUG Thread-17       d.u.i.k.r.m.MethodCall    method-call: invocation of static method detected 
68967      DEBUG Thread-17       d.u.i.k.j.TypeConverter   typeconverter: (prefix this;, class class de.uka.ilkd.key.java.reference.ThisReference) 
69058      DEBUG Thread-17       d.u.i.k.j.TypeConverter   typeconverter: (prefix this;, class class de.uka.ilkd.key.java.reference.ThisReference) 
69066      DEBUG Thread-17       d.u.i.k.r.m.MethodCall    method-call: called for <prepareEnter>(); 
69067      DEBUG Thread-17       d.u.i.k.r.m.MethodCall    method-call: invocation of private method detected.Requires static resolving. 
69079      DEBUG Thread-17       d.u.i.k.r.m.MethodCall    method-call: called for <prepareEnter>(); 
69079      DEBUG Thread-17       d.u.i.k.r.m.MethodCall    method-call: invocation of private method detected.Requires static resolving. 
69090      DEBUG Thread-17       d.u.i.k.r.m.MethodCall    method-call: called for super.<prepare>(); 
69090      DEBUG Thread-17       d.u.i.k.r.m.MethodCall    method-call: super invocation of method detected.Requires static resolving. 
69105      DEBUG Thread-17       d.u.i.k.j.TypeConverter   typeconverter: (prefix this;, class class de.uka.ilkd.key.java.reference.ThisReference) 
69111      DEBUG Thread-17       d.u.i.k.j.TypeConverter   typeconverter: (prefix this;, class class de.uka.ilkd.key.java.reference.ThisReference) 
69165      DEBUG Thread-17       d.u.i.k.r.m.MethodCall    method-call: called for super.<prepare>(); 
69165      DEBUG Thread-17       d.u.i.k.r.m.MethodCall    method-call: super invocation of method detected.Requires static resolving. 
69181      DEBUG Thread-17       d.u.i.k.j.TypeConverter   typeconverter: (prefix this;, class class de.uka.ilkd.key.java.reference.ThisReference) 
69186      DEBUG Thread-17       d.u.i.k.j.TypeConverter   typeconverter: (prefix this;, class class de.uka.ilkd.key.java.reference.ThisReference) 
69242      DEBUG Thread-17       d.u.i.k.r.m.MethodCall    method-call: called for super.<init>(); 
69242      DEBUG Thread-17       d.u.i.k.r.m.MethodCall    method-call: super invocation of method detected.Requires static resolving. 
69258      DEBUG Thread-17       d.u.i.k.j.TypeConverter   typeconverter: (prefix this;, class class de.uka.ilkd.key.java.reference.ThisReference) 
69281      DEBUG Thread-17       d.u.i.k.j.TypeConverter   TypeConverter: FieldReference: o1; 
69312      DEBUG Thread-17       d.u.i.k.j.TypeConverter   TypeConverter: FieldReference: high; 
69367      DEBUG Thread-17       d.u.i.k.j.TypeConverter   TypeConverter: FieldReference: o1; 
69385      DEBUG Thread-17       d.u.i.k.j.TypeConverter   TypeConverter: FieldReference: o2; 
69491      DEBUG Thread-17       d.u.i.k.r.m.MethodCall    method-call: called for super.<init>(); 
69492      DEBUG Thread-17       d.u.i.k.r.m.MethodCall    method-call: super invocation of method detected.Requires static resolving. 
69506      DEBUG Thread-17       d.u.i.k.j.TypeConverter   typeconverter: (prefix this;, class class de.uka.ilkd.key.java.reference.ThisReference) 
69526      DEBUG Thread-17       d.u.i.k.j.TypeConverter   TypeConverter: FieldReference: o1; 
69554      DEBUG Thread-17       d.u.i.k.j.TypeConverter   TypeConverter: FieldReference: high; 
69607      DEBUG Thread-17       d.u.i.k.j.TypeConverter   TypeConverter: FieldReference: o1; 
69621      DEBUG Thread-17       d.u.i.k.j.TypeConverter   TypeConverter: FieldReference: o2; 
75987      DEBUG Thread-17       d.u.i.k.j.TypeConverter   TypeConverter: FieldReference: o0; 
76012      DEBUG Thread-17       d.u.i.k.j.TypeConverter   TypeConverter: FieldReference: o2; 
82399      DEBUG Thread-17       d.u.i.k.j.TypeConverter   TypeConverter: FieldReference: o0; 
82428      DEBUG Thread-17       d.u.i.k.j.TypeConverter   TypeConverter: FieldReference: o2; 
82530      DEBUG Thread-17       d.u.i.k.r.m.MethodCall    method-call: called for super.<init>(); 
82530      DEBUG Thread-17       d.u.i.k.r.m.MethodCall    method-call: super invocation of method detected.Requires static resolving. 
82544      DEBUG Thread-17       d.u.i.k.j.TypeConverter   typeconverter: (prefix this;, class class de.uka.ilkd.key.java.reference.ThisReference) 
82597      DEBUG Thread-17       d.u.i.k.j.TypeConverter   TypeConverter: FieldReference: o1; 
82624      DEBUG Thread-17       d.u.i.k.j.TypeConverter   TypeConverter: FieldReference: high; 
82675      DEBUG Thread-17       d.u.i.k.j.TypeConverter   TypeConverter: FieldReference: o1; 
82689      DEBUG Thread-17       d.u.i.k.j.TypeConverter   TypeConverter: FieldReference: o2; 
86717      INFO  main            d.u.i.k.p.r.p.TestFile    ... finished proof: open goal(s) 
87000      DEBUG main            d.u.i.k.s.TermLabelSettings TermLabelSettings: Failure while reading the setting "UseOriginLabels".Using the default value: true.The string read was: null 
87000      INFO  main            d.u.i.k.p.r.p.TestFile    Now processing file /home/runner/work/key/key/key.core/../key.ui/examples/InformationFlow/NewObjects/object.ObjectOrientation(object.ObjectOrientation__secure_two_object_creation()).Non-interference contract.0.key 
87001      DEBUG main            d.u.i.k.p.i.KeYFile       Reading KeY file /home/runner/work/key/key/key.core/../key.ui/examples/InformationFlow/NewObjects/object.ObjectOrientation(object.ObjectOrientation__secure_two_object_creation()).Non-interference contract.0.key 
87851      DEBUG main            d.u.i.k.j.r.ClassPreparationMethodBuilder clPrepBuilder: Inner Class detected. Reject building class initialisation methods. 
87904      DEBUG main            d.u.i.k.j.Recoder2KeY     converting now /home/runner/work/key/key/key.core/../key.ui/examples/InformationFlow/NewObjects/src/object/Naumann.java 
87907      DEBUG main            d.u.i.k.j.Recoder2KeY     converting now /home/runner/work/key/key/key.core/../key.ui/examples/InformationFlow/NewObjects/src/object/AmtoftBanerjee.java 
87908      DEBUG main            d.u.i.k.j.Recoder2KeY     converting now /home/runner/work/key/key/key.core/../key.ui/examples/InformationFlow/NewObjects/src/object/AmtoftBanerjee2.java 
87909      DEBUG main            d.u.i.k.j.Recoder2KeY     converting now /home/runner/work/key/key/key.core/../key.ui/examples/InformationFlow/NewObjects/src/object/ObjectOrientation.java 
87910      DEBUG main            d.u.i.k.j.Recoder2KeY     converting now /home/runner/work/key/key/key.core/../key.ui/examples/InformationFlow/NewObjects/src/object/AmtoftBanerjee3.java 
87914      DEBUG main            d.u.i.k.s.TermLabelSettings TermLabelSettings: Failure while reading the setting "UseOriginLabels".Using the default value: true.The string read was: null 
87915      DEBUG main            d.u.i.k.p.i.KeYFile       Reading KeY file file:/home/runner/work/key/key/key.core/build/resources/main/de/uka/ilkd/key/java/JavaRedux/java/lang/String.key 
89693      DEBUG main            d.u.i.k.p.i.KeYFile       Reading KeY file /home/runner/work/key/key/key.core/../key.ui/examples/InformationFlow/NewObjects/object.ObjectOrientation(object.ObjectOrientation__secure_two_object_creation()).Non-interference contract.0.key 
90099      DEBUG Thread-19       d.u.i.k.r.m.MethodCall    method-call: called for ObjectOrientation.<createObject>(); 
90099      DEBUG Thread-19       d.u.i.k.r.m.MethodCall    method-call: invocation of static method detected 
90110      DEBUG Thread-19       d.u.i.k.r.m.MethodCall    method-call: called for ObjectOrientation.<createObject>(); 
90110      DEBUG Thread-19       d.u.i.k.r.m.MethodCall    method-call: invocation of static method detected 
90121      DEBUG Thread-19       d.u.i.k.r.m.MethodCall    method-call: called for ObjectOrientation.<allocate>(); 
90121      DEBUG Thread-19       d.u.i.k.r.m.MethodCall    method-call: invocation of static method detected 
90126      DEBUG Thread-19       d.u.i.k.r.m.MethodCall    method-call: called for ObjectOrientation.<allocate>(); 
90126      DEBUG Thread-19       d.u.i.k.r.m.MethodCall    method-call: invocation of static method detected 
90147      DEBUG Thread-19       d.u.i.k.j.TypeConverter   typeconverter: (prefix this;, class class de.uka.ilkd.key.java.reference.ThisReference) 
90170      DEBUG Thread-19       d.u.i.k.j.TypeConverter   typeconverter: (prefix this;, class class de.uka.ilkd.key.java.reference.ThisReference) 
90176      DEBUG Thread-19       d.u.i.k.r.m.MethodCall    method-call: called for <prepareEnter>(); 
90176      DEBUG Thread-19       d.u.i.k.r.m.MethodCall    method-call: invocation of private method detected.Requires static resolving. 
90185      DEBUG Thread-19       d.u.i.k.r.m.MethodCall    method-call: called for <prepareEnter>(); 
90185      DEBUG Thread-19       d.u.i.k.r.m.MethodCall    method-call: invocation of private method detected.Requires static resolving. 
90194      DEBUG Thread-19       d.u.i.k.r.m.MethodCall    method-call: called for super.<prepare>(); 
90194      DEBUG Thread-19       d.u.i.k.r.m.MethodCall    method-call: super invocation of method detected.Requires static resolving. 
90205      DEBUG Thread-19       d.u.i.k.j.TypeConverter   typeconverter: (prefix this;, class class de.uka.ilkd.key.java.reference.ThisReference) 
90210      DEBUG Thread-19       d.u.i.k.j.TypeConverter   typeconverter: (prefix this;, class class de.uka.ilkd.key.java.reference.ThisReference) 
90251      DEBUG Thread-19       d.u.i.k.r.m.MethodCall    method-call: called for super.<prepare>(); 
90251      DEBUG Thread-19       d.u.i.k.r.m.MethodCall    method-call: super invocation of method detected.Requires static resolving. 
90263      DEBUG Thread-19       d.u.i.k.j.TypeConverter   typeconverter: (prefix this;, class class de.uka.ilkd.key.java.reference.ThisReference) 
90268      DEBUG Thread-19       d.u.i.k.j.TypeConverter   typeconverter: (prefix this;, class class de.uka.ilkd.key.java.reference.ThisReference) 
90310      DEBUG Thread-19       d.u.i.k.r.m.MethodCall    method-call: called for super.<init>(); 
90310      DEBUG Thread-19       d.u.i.k.r.m.MethodCall    method-call: super invocation of method detected.Requires static resolving. 
90344      DEBUG Thread-19       d.u.i.k.j.TypeConverter   typeconverter: (prefix this;, class class de.uka.ilkd.key.java.reference.ThisReference) 
90362      DEBUG Thread-19       d.u.i.k.j.TypeConverter   TypeConverter: FieldReference: o0; 
90373      DEBUG Thread-19       d.u.i.k.r.m.MethodCall    method-call: called for super.<init>(); 
90373      DEBUG Thread-19       d.u.i.k.r.m.MethodCall    method-call: super invocation of method detected.Requires static resolving. 
90385      DEBUG Thread-19       d.u.i.k.j.TypeConverter   typeconverter: (prefix this;, class class de.uka.ilkd.key.java.reference.ThisReference) 
90402      DEBUG Thread-19       d.u.i.k.j.TypeConverter   TypeConverter: FieldReference: o0; 
90430      DEBUG Thread-19       d.u.i.k.r.m.MethodCall    method-call: called for ObjectOrientation.<createObject>(); 
90430      DEBUG Thread-19       d.u.i.k.r.m.MethodCall    method-call: invocation of static method detected 
90444      DEBUG Thread-19       d.u.i.k.r.m.MethodCall    method-call: called for ObjectOrientation.<createObject>(); 
90444      DEBUG Thread-19       d.u.i.k.r.m.MethodCall    method-call: invocation of static method detected 
90458      DEBUG Thread-19       d.u.i.k.r.m.MethodCall    method-call: called for ObjectOrientation.<allocate>(); 
90458      DEBUG Thread-19       d.u.i.k.r.m.MethodCall    method-call: invocation of static method detected 
90464      DEBUG Thread-19       d.u.i.k.r.m.MethodCall    method-call: called for ObjectOrientation.<allocate>(); 
90465      DEBUG Thread-19       d.u.i.k.r.m.MethodCall    method-call: invocation of static method detected 
90548      DEBUG Thread-19       d.u.i.k.j.TypeConverter   typeconverter: (prefix this;, class class de.uka.ilkd.key.java.reference.ThisReference) 
90639      DEBUG Thread-19       d.u.i.k.j.TypeConverter   typeconverter: (prefix this;, class class de.uka.ilkd.key.java.reference.ThisReference) 
90647      DEBUG Thread-19       d.u.i.k.r.m.MethodCall    method-call: called for <prepareEnter>(); 
90647      DEBUG Thread-19       d.u.i.k.r.m.MethodCall    method-call: invocation of private method detected.Requires static resolving. 
90659      DEBUG Thread-19       d.u.i.k.r.m.MethodCall    method-call: called for <prepareEnter>(); 
90660      DEBUG Thread-19       d.u.i.k.r.m.MethodCall    method-call: invocation of private method detected.Requires static resolving. 
90671      DEBUG Thread-19       d.u.i.k.r.m.MethodCall    method-call: called for super.<prepare>(); 
90671      DEBUG Thread-19       d.u.i.k.r.m.MethodCall    method-call: super invocation of method detected.Requires static resolving. 
90685      DEBUG Thread-19       d.u.i.k.j.TypeConverter   typeconverter: (prefix this;, class class de.uka.ilkd.key.java.reference.ThisReference) 
90690      DEBUG Thread-19       d.u.i.k.j.TypeConverter   typeconverter: (prefix this;, class class de.uka.ilkd.key.java.reference.ThisReference) 
90745      DEBUG Thread-19       d.u.i.k.r.m.MethodCall    method-call: called for super.<prepare>(); 
90745      DEBUG Thread-19       d.u.i.k.r.m.MethodCall    method-call: super invocation of method detected.Requires static resolving. 
90761      DEBUG Thread-19       d.u.i.k.j.TypeConverter   typeconverter: (prefix this;, class class de.uka.ilkd.key.java.reference.ThisReference) 
90766      DEBUG Thread-19       d.u.i.k.j.TypeConverter   typeconverter: (prefix this;, class class de.uka.ilkd.key.java.reference.ThisReference) 
90821      DEBUG Thread-19       d.u.i.k.r.m.MethodCall    method-call: called for super.<init>(); 
90821      DEBUG Thread-19       d.u.i.k.r.m.MethodCall    method-call: super invocation of method detected.Requires static resolving. 
90836      DEBUG Thread-19       d.u.i.k.j.TypeConverter   typeconverter: (prefix this;, class class de.uka.ilkd.key.java.reference.ThisReference) 
90859      DEBUG Thread-19       d.u.i.k.j.TypeConverter   TypeConverter: FieldReference: o1; 
90872      DEBUG Thread-19       d.u.i.k.j.TypeConverter   TypeConverter: FieldReference: o0; 
90902      DEBUG Thread-19       d.u.i.k.j.TypeConverter   TypeConverter: FieldReference: o2; 
91001      DEBUG Thread-19       d.u.i.k.r.m.MethodCall    method-call: called for super.<init>(); 
91002      DEBUG Thread-19       d.u.i.k.r.m.MethodCall    method-call: super invocation of method detected.Requires static resolving. 
91015      DEBUG Thread-19       d.u.i.k.j.TypeConverter   typeconverter: (prefix this;, class class de.uka.ilkd.key.java.reference.ThisReference) 
91035      DEBUG Thread-19       d.u.i.k.j.TypeConverter   TypeConverter: FieldReference: o1; 
91044      DEBUG Thread-19       d.u.i.k.j.TypeConverter   TypeConverter: FieldReference: o0; 
91069      DEBUG Thread-19       d.u.i.k.j.TypeConverter   TypeConverter: FieldReference: o2; 
97606      DEBUG Thread-19       d.u.i.k.r.m.MethodCall    method-call: called for ObjectOrientation.<createObject>(); 
97606      DEBUG Thread-19       d.u.i.k.r.m.MethodCall    method-call: invocation of static method detected 
97616      DEBUG Thread-19       d.u.i.k.r.m.MethodCall    method-call: called for ObjectOrientation.<createObject>(); 
97616      DEBUG Thread-19       d.u.i.k.r.m.MethodCall    method-call: invocation of static method detected 
97626      DEBUG Thread-19       d.u.i.k.r.m.MethodCall    method-call: called for ObjectOrientation.<allocate>(); 
97627      DEBUG Thread-19       d.u.i.k.r.m.MethodCall    method-call: invocation of static method detected 
97631      DEBUG Thread-19       d.u.i.k.r.m.MethodCall    method-call: called for ObjectOrientation.<allocate>(); 
97631      DEBUG Thread-19       d.u.i.k.r.m.MethodCall    method-call: invocation of static method detected 
97651      DEBUG Thread-19       d.u.i.k.j.TypeConverter   typeconverter: (prefix this;, class class de.uka.ilkd.key.java.reference.ThisReference) 
97672      DEBUG Thread-19       d.u.i.k.j.TypeConverter   typeconverter: (prefix this;, class class de.uka.ilkd.key.java.reference.ThisReference) 
97678      DEBUG Thread-19       d.u.i.k.r.m.MethodCall    method-call: called for <prepareEnter>(); 
97678      DEBUG Thread-19       d.u.i.k.r.m.MethodCall    method-call: invocation of private method detected.Requires static resolving. 
97686      DEBUG Thread-19       d.u.i.k.r.m.MethodCall    method-call: called for <prepareEnter>(); 
97686      DEBUG Thread-19       d.u.i.k.r.m.MethodCall    method-call: invocation of private method detected.Requires static resolving. 
97695      DEBUG Thread-19       d.u.i.k.r.m.MethodCall    method-call: called for super.<prepare>(); 
97695      DEBUG Thread-19       d.u.i.k.r.m.MethodCall    method-call: super invocation of method detected.Requires static resolving. 
97706      DEBUG Thread-19       d.u.i.k.j.TypeConverter   typeconverter: (prefix this;, class class de.uka.ilkd.key.java.reference.ThisReference) 
97711      DEBUG Thread-19       d.u.i.k.j.TypeConverter   typeconverter: (prefix this;, class class de.uka.ilkd.key.java.reference.ThisReference) 
97748      DEBUG Thread-19       d.u.i.k.r.m.MethodCall    method-call: called for super.<prepare>(); 
97749      DEBUG Thread-19       d.u.i.k.r.m.MethodCall    method-call: super invocation of method detected.Requires static resolving. 
97760      DEBUG Thread-19       d.u.i.k.j.TypeConverter   typeconverter: (prefix this;, class class de.uka.ilkd.key.java.reference.ThisReference) 
97764      DEBUG Thread-19       d.u.i.k.j.TypeConverter   typeconverter: (prefix this;, class class de.uka.ilkd.key.java.reference.ThisReference) 
97831      DEBUG Thread-19       d.u.i.k.r.m.MethodCall    method-call: called for super.<init>(); 
97831      DEBUG Thread-19       d.u.i.k.r.m.MethodCall    method-call: super invocation of method detected.Requires static resolving. 
97842      DEBUG Thread-19       d.u.i.k.j.TypeConverter   typeconverter: (prefix this;, class class de.uka.ilkd.key.java.reference.ThisReference) 
97858      DEBUG Thread-19       d.u.i.k.j.TypeConverter   TypeConverter: FieldReference: o0; 
97869      DEBUG Thread-19       d.u.i.k.r.m.MethodCall    method-call: called for super.<init>(); 
97869      DEBUG Thread-19       d.u.i.k.r.m.MethodCall    method-call: super invocation of method detected.Requires static resolving. 
97880      DEBUG Thread-19       d.u.i.k.j.TypeConverter   typeconverter: (prefix this;, class class de.uka.ilkd.key.java.reference.ThisReference) 
97896      DEBUG Thread-19       d.u.i.k.j.TypeConverter   TypeConverter: FieldReference: o0; 
97921      DEBUG Thread-19       d.u.i.k.r.m.MethodCall    method-call: called for ObjectOrientation.<createObject>(); 
97921      DEBUG Thread-19       d.u.i.k.r.m.MethodCall    method-call: invocation of static method detected 
97933      DEBUG Thread-19       d.u.i.k.r.m.MethodCall    method-call: called for ObjectOrientation.<createObject>(); 
97934      DEBUG Thread-19       d.u.i.k.r.m.MethodCall    method-call: invocation of static method detected 
97946      DEBUG Thread-19       d.u.i.k.r.m.MethodCall    method-call: called for ObjectOrientation.<allocate>(); 
97946      DEBUG Thread-19       d.u.i.k.r.m.MethodCall    method-call: invocation of static method detected 
97952      DEBUG Thread-19       d.u.i.k.r.m.MethodCall    method-call: called for ObjectOrientation.<allocate>(); 
97952      DEBUG Thread-19       d.u.i.k.r.m.MethodCall    method-call: invocation of static method detected 
98028      DEBUG Thread-19       d.u.i.k.j.TypeConverter   typeconverter: (prefix this;, class class de.uka.ilkd.key.java.reference.ThisReference) 
98112      DEBUG Thread-19       d.u.i.k.j.TypeConverter   typeconverter: (prefix this;, class class de.uka.ilkd.key.java.reference.ThisReference) 
98119      DEBUG Thread-19       d.u.i.k.r.m.MethodCall    method-call: called for <prepareEnter>(); 
98119      DEBUG Thread-19       d.u.i.k.r.m.MethodCall    method-call: invocation of private method detected.Requires static resolving. 
98130      DEBUG Thread-19       d.u.i.k.r.m.MethodCall    method-call: called for <prepareEnter>(); 
98130      DEBUG Thread-19       d.u.i.k.r.m.MethodCall    method-call: invocation of private method detected.Requires static resolving. 
98140      DEBUG Thread-19       d.u.i.k.r.m.MethodCall    method-call: called for super.<prepare>(); 
98140      DEBUG Thread-19       d.u.i.k.r.m.MethodCall    method-call: super invocation of method detected.Requires static resolving. 
98154      DEBUG Thread-19       d.u.i.k.j.TypeConverter   typeconverter: (prefix this;, class class de.uka.ilkd.key.java.reference.ThisReference) 
98159      DEBUG Thread-19       d.u.i.k.j.TypeConverter   typeconverter: (prefix this;, class class de.uka.ilkd.key.java.reference.ThisReference) 
98207      DEBUG Thread-19       d.u.i.k.r.m.MethodCall    method-call: called for super.<prepare>(); 
98207      DEBUG Thread-19       d.u.i.k.r.m.MethodCall    method-call: super invocation of method detected.Requires static resolving. 
98221      DEBUG Thread-19       d.u.i.k.j.TypeConverter   typeconverter: (prefix this;, class class de.uka.ilkd.key.java.reference.ThisReference) 
98226      DEBUG Thread-19       d.u.i.k.j.TypeConverter   typeconverter: (prefix this;, class class de.uka.ilkd.key.java.reference.ThisReference) 
98276      DEBUG Thread-19       d.u.i.k.r.m.MethodCall    method-call: called for super.<init>(); 
98276      DEBUG Thread-19       d.u.i.k.r.m.MethodCall    method-call: super invocation of method detected.Requires static resolving. 
98289      DEBUG Thread-19       d.u.i.k.j.TypeConverter   typeconverter: (prefix this;, class class de.uka.ilkd.key.java.reference.ThisReference) 
98310      DEBUG Thread-19       d.u.i.k.j.TypeConverter   TypeConverter: FieldReference: o1; 
98322      DEBUG Thread-19       d.u.i.k.j.TypeConverter   TypeConverter: FieldReference: o0; 
98349      DEBUG Thread-19       d.u.i.k.j.TypeConverter   TypeConverter: FieldReference: o2; 
98437      DEBUG Thread-19       d.u.i.k.r.m.MethodCall    method-call: called for super.<init>(); 
98437      DEBUG Thread-19       d.u.i.k.r.m.MethodCall    method-call: super invocation of method detected.Requires static resolving. 
98451      DEBUG Thread-19       d.u.i.k.j.TypeConverter   typeconverter: (prefix this;, class class de.uka.ilkd.key.java.reference.ThisReference) 
98470      DEBUG Thread-19       d.u.i.k.j.TypeConverter   TypeConverter: FieldReference: o1; 
98480      DEBUG Thread-19       d.u.i.k.j.TypeConverter   TypeConverter: FieldReference: o0; 
98505      DEBUG Thread-19       d.u.i.k.j.TypeConverter   TypeConverter: FieldReference: o2; 
98898      DEBUG Thread-19       d.u.i.k.r.m.MethodCall    method-call: called for ObjectOrientation.<createObject>(); 
98898      DEBUG Thread-19       d.u.i.k.r.m.MethodCall    method-call: invocation of static method detected 
98907      DEBUG Thread-19       d.u.i.k.r.m.MethodCall    method-call: called for ObjectOrientation.<createObject>(); 
98907      DEBUG Thread-19       d.u.i.k.r.m.MethodCall    method-call: invocation of static method detected 
98916      DEBUG Thread-19       d.u.i.k.r.m.MethodCall    method-call: called for ObjectOrientation.<allocate>(); 
98916      DEBUG Thread-19       d.u.i.k.r.m.MethodCall    method-call: invocation of static method detected 
98920      DEBUG Thread-19       d.u.i.k.r.m.MethodCall    method-call: called for ObjectOrientation.<allocate>(); 
98920      DEBUG Thread-19       d.u.i.k.r.m.MethodCall    method-call: invocation of static method detected 
98938      DEBUG Thread-19       d.u.i.k.j.TypeConverter   typeconverter: (prefix this;, class class de.uka.ilkd.key.java.reference.ThisReference) 
98957      DEBUG Thread-19       d.u.i.k.j.TypeConverter   typeconverter: (prefix this;, class class de.uka.ilkd.key.java.reference.ThisReference) 
98963      DEBUG Thread-19       d.u.i.k.r.m.MethodCall    method-call: called for <prepareEnter>(); 
98963      DEBUG Thread-19       d.u.i.k.r.m.MethodCall    method-call: invocation of private method detected.Requires static resolving. 
98970      DEBUG Thread-19       d.u.i.k.r.m.MethodCall    method-call: called for <prepareEnter>(); 
98971      DEBUG Thread-19       d.u.i.k.r.m.MethodCall    method-call: invocation of private method detected.Requires static resolving. 
98978      DEBUG Thread-19       d.u.i.k.r.m.MethodCall    method-call: called for super.<prepare>(); 
98978      DEBUG Thread-19       d.u.i.k.r.m.MethodCall    method-call: super invocation of method detected.Requires static resolving. 
98988      DEBUG Thread-19       d.u.i.k.j.TypeConverter   typeconverter: (prefix this;, class class de.uka.ilkd.key.java.reference.ThisReference) 
98992      DEBUG Thread-19       d.u.i.k.j.TypeConverter   typeconverter: (prefix this;, class class de.uka.ilkd.key.java.reference.ThisReference) 
99026      DEBUG Thread-19       d.u.i.k.r.m.MethodCall    method-call: called for super.<prepare>(); 
99026      DEBUG Thread-19       d.u.i.k.r.m.MethodCall    method-call: super invocation of method detected.Requires static resolving. 
99036      DEBUG Thread-19       d.u.i.k.j.TypeConverter   typeconverter: (prefix this;, class class de.uka.ilkd.key.java.reference.ThisReference) 
99040      DEBUG Thread-19       d.u.i.k.j.TypeConverter   typeconverter: (prefix this;, class class de.uka.ilkd.key.java.reference.ThisReference) 
99075      DEBUG Thread-19       d.u.i.k.r.m.MethodCall    method-call: called for super.<init>(); 
99075      DEBUG Thread-19       d.u.i.k.r.m.MethodCall    method-call: super invocation of method detected.Requires static resolving. 
99085      DEBUG Thread-19       d.u.i.k.j.TypeConverter   typeconverter: (prefix this;, class class de.uka.ilkd.key.java.reference.ThisReference) 
99101      DEBUG Thread-19       d.u.i.k.j.TypeConverter   TypeConverter: FieldReference: o0; 
99111      DEBUG Thread-19       d.u.i.k.r.m.MethodCall    method-call: called for super.<init>(); 
99111      DEBUG Thread-19       d.u.i.k.r.m.MethodCall    method-call: super invocation of method detected.Requires static resolving. 
99121      DEBUG Thread-19       d.u.i.k.j.TypeConverter   typeconverter: (prefix this;, class class de.uka.ilkd.key.java.reference.ThisReference) 
99136      DEBUG Thread-19       d.u.i.k.j.TypeConverter   TypeConverter: FieldReference: o0; 
99160      DEBUG Thread-19       d.u.i.k.r.m.MethodCall    method-call: called for ObjectOrientation.<createObject>(); 
99160      DEBUG Thread-19       d.u.i.k.r.m.MethodCall    method-call: invocation of static method detected 
99172      DEBUG Thread-19       d.u.i.k.r.m.MethodCall    method-call: called for ObjectOrientation.<createObject>(); 
99172      DEBUG Thread-19       d.u.i.k.r.m.MethodCall    method-call: invocation of static method detected 
99184      DEBUG Thread-19       d.u.i.k.r.m.MethodCall    method-call: called for ObjectOrientation.<allocate>(); 
99184      DEBUG Thread-19       d.u.i.k.r.m.MethodCall    method-call: invocation of static method detected 
99189      DEBUG Thread-19       d.u.i.k.r.m.MethodCall    method-call: called for ObjectOrientation.<allocate>(); 
99190      DEBUG Thread-19       d.u.i.k.r.m.MethodCall    method-call: invocation of static method detected 
99261      DEBUG Thread-19       d.u.i.k.j.TypeConverter   typeconverter: (prefix this;, class class de.uka.ilkd.key.java.reference.ThisReference) 
99340      DEBUG Thread-19       d.u.i.k.j.TypeConverter   typeconverter: (prefix this;, class class de.uka.ilkd.key.java.reference.ThisReference) 
99347      DEBUG Thread-19       d.u.i.k.r.m.MethodCall    method-call: called for <prepareEnter>(); 
99347      DEBUG Thread-19       d.u.i.k.r.m.MethodCall    method-call: invocation of private method detected.Requires static resolving. 
99357      DEBUG Thread-19       d.u.i.k.r.m.MethodCall    method-call: called for <prepareEnter>(); 
99357      DEBUG Thread-19       d.u.i.k.r.m.MethodCall    method-call: invocation of private method detected.Requires static resolving. 
99367      DEBUG Thread-19       d.u.i.k.r.m.MethodCall    method-call: called for super.<prepare>(); 
99367      DEBUG Thread-19       d.u.i.k.r.m.MethodCall    method-call: super invocation of method detected.Requires static resolving. 
99379      DEBUG Thread-19       d.u.i.k.j.TypeConverter   typeconverter: (prefix this;, class class de.uka.ilkd.key.java.reference.ThisReference) 
99384      DEBUG Thread-19       d.u.i.k.j.TypeConverter   typeconverter: (prefix this;, class class de.uka.ilkd.key.java.reference.ThisReference) 
99430      DEBUG Thread-19       d.u.i.k.r.m.MethodCall    method-call: called for super.<prepare>(); 
99430      DEBUG Thread-19       d.u.i.k.r.m.MethodCall    method-call: super invocation of method detected.Requires static resolving. 
99443      DEBUG Thread-19       d.u.i.k.j.TypeConverter   typeconverter: (prefix this;, class class de.uka.ilkd.key.java.reference.ThisReference) 
99448      DEBUG Thread-19       d.u.i.k.j.TypeConverter   typeconverter: (prefix this;, class class de.uka.ilkd.key.java.reference.ThisReference) 
99493      DEBUG Thread-19       d.u.i.k.r.m.MethodCall    method-call: called for super.<init>(); 
99493      DEBUG Thread-19       d.u.i.k.r.m.MethodCall    method-call: super invocation of method detected.Requires static resolving. 
99506      DEBUG Thread-19       d.u.i.k.j.TypeConverter   typeconverter: (prefix this;, class class de.uka.ilkd.key.java.reference.ThisReference) 
99526      DEBUG Thread-19       d.u.i.k.j.TypeConverter   TypeConverter: FieldReference: o1; 
99536      DEBUG Thread-19       d.u.i.k.j.TypeConverter   TypeConverter: FieldReference: o0; 
99562      DEBUG Thread-19       d.u.i.k.j.TypeConverter   TypeConverter: FieldReference: o2; 
99606      DEBUG Thread-19       d.u.i.k.r.m.MethodCall    method-call: called for super.<init>(); 
99607      DEBUG Thread-19       d.u.i.k.r.m.MethodCall    method-call: super invocation of method detected.Requires static resolving. 
99621      DEBUG Thread-19       d.u.i.k.j.TypeConverter   typeconverter: (prefix this;, class class de.uka.ilkd.key.java.reference.ThisReference) 
99641      DEBUG Thread-19       d.u.i.k.j.TypeConverter   TypeConverter: FieldReference: o1; 
99651      DEBUG Thread-19       d.u.i.k.j.TypeConverter   TypeConverter: FieldReference: o0; 
99677      DEBUG Thread-19       d.u.i.k.j.TypeConverter   TypeConverter: FieldReference: o2; 
100949     DEBUG Thread-19       d.u.i.k.r.m.MethodCall    method-call: called for ObjectOrientation.<createObject>(); 
100949     DEBUG Thread-19       d.u.i.k.r.m.MethodCall    method-call: invocation of static method detected 
100958     DEBUG Thread-19       d.u.i.k.r.m.MethodCall    method-call: called for ObjectOrientation.<createObject>(); 
100958     DEBUG Thread-19       d.u.i.k.r.m.MethodCall    method-call: invocation of static method detected 
100968     DEBUG Thread-19       d.u.i.k.r.m.MethodCall    method-call: called for ObjectOrientation.<allocate>(); 
100968     DEBUG Thread-19       d.u.i.k.r.m.MethodCall    method-call: invocation of static method detected 
100972     DEBUG Thread-19       d.u.i.k.r.m.MethodCall    method-call: called for ObjectOrientation.<allocate>(); 
100972     DEBUG Thread-19       d.u.i.k.r.m.MethodCall    method-call: invocation of static method detected 
100990     DEBUG Thread-19       d.u.i.k.j.TypeConverter   typeconverter: (prefix this;, class class de.uka.ilkd.key.java.reference.ThisReference) 
101010     DEBUG Thread-19       d.u.i.k.j.TypeConverter   typeconverter: (prefix this;, class class de.uka.ilkd.key.java.reference.ThisReference) 
101016     DEBUG Thread-19       d.u.i.k.r.m.MethodCall    method-call: called for <prepareEnter>(); 
101016     DEBUG Thread-19       d.u.i.k.r.m.MethodCall    method-call: invocation of private method detected.Requires static resolving. 
101023     DEBUG Thread-19       d.u.i.k.r.m.MethodCall    method-call: called for <prepareEnter>(); 
101023     DEBUG Thread-19       d.u.i.k.r.m.MethodCall    method-call: invocation of private method detected.Requires static resolving. 
101031     DEBUG Thread-19       d.u.i.k.r.m.MethodCall    method-call: called for super.<prepare>(); 
101031     DEBUG Thread-19       d.u.i.k.r.m.MethodCall    method-call: super invocation of method detected.Requires static resolving. 
101041     DEBUG Thread-19       d.u.i.k.j.TypeConverter   typeconverter: (prefix this;, class class de.uka.ilkd.key.java.reference.ThisReference) 
101045     DEBUG Thread-19       d.u.i.k.j.TypeConverter   typeconverter: (prefix this;, class class de.uka.ilkd.key.java.reference.ThisReference) 
101080     DEBUG Thread-19       d.u.i.k.r.m.MethodCall    method-call: called for super.<prepare>(); 
101080     DEBUG Thread-19       d.u.i.k.r.m.MethodCall    method-call: super invocation of method detected.Requires static resolving. 
101090     DEBUG Thread-19       d.u.i.k.j.TypeConverter   typeconverter: (prefix this;, class class de.uka.ilkd.key.java.reference.ThisReference) 
101094     DEBUG Thread-19       d.u.i.k.j.TypeConverter   typeconverter: (prefix this;, class class de.uka.ilkd.key.java.reference.ThisReference) 
101165     DEBUG Thread-19       d.u.i.k.r.m.MethodCall    method-call: called for super.<init>(); 
101166     DEBUG Thread-19       d.u.i.k.r.m.MethodCall    method-call: super invocation of method detected.Requires static resolving. 
101175     DEBUG Thread-19       d.u.i.k.j.TypeConverter   typeconverter: (prefix this;, class class de.uka.ilkd.key.java.reference.ThisReference) 
101190     DEBUG Thread-19       d.u.i.k.j.TypeConverter   TypeConverter: FieldReference: o0; 
101200     DEBUG Thread-19       d.u.i.k.r.m.MethodCall    method-call: called for super.<init>(); 
101200     DEBUG Thread-19       d.u.i.k.r.m.MethodCall    method-call: super invocation of method detected.Requires static resolving. 
101210     DEBUG Thread-19       d.u.i.k.j.TypeConverter   typeconverter: (prefix this;, class class de.uka.ilkd.key.java.reference.ThisReference) 
101225     DEBUG Thread-19       d.u.i.k.j.TypeConverter   TypeConverter: FieldReference: o0; 
101247     DEBUG Thread-19       d.u.i.k.r.m.MethodCall    method-call: called for ObjectOrientation.<createObject>(); 
101247     DEBUG Thread-19       d.u.i.k.r.m.MethodCall    method-call: invocation of static method detected 
101259     DEBUG Thread-19       d.u.i.k.r.m.MethodCall    method-call: called for ObjectOrientation.<createObject>(); 
101259     DEBUG Thread-19       d.u.i.k.r.m.MethodCall    method-call: invocation of static method detected 
101270     DEBUG Thread-19       d.u.i.k.r.m.MethodCall    method-call: called for ObjectOrientation.<allocate>(); 
101270     DEBUG Thread-19       d.u.i.k.r.m.MethodCall    method-call: invocation of static method detected 
101275     DEBUG Thread-19       d.u.i.k.r.m.MethodCall    method-call: called for ObjectOrientation.<allocate>(); 
101275     DEBUG Thread-19       d.u.i.k.r.m.MethodCall    method-call: invocation of static method detected 
101345     DEBUG Thread-19       d.u.i.k.j.TypeConverter   typeconverter: (prefix this;, class class de.uka.ilkd.key.java.reference.ThisReference) 
101422     DEBUG Thread-19       d.u.i.k.j.TypeConverter   typeconverter: (prefix this;, class class de.uka.ilkd.key.java.reference.ThisReference) 
101429     DEBUG Thread-19       d.u.i.k.r.m.MethodCall    method-call: called for <prepareEnter>(); 
101429     DEBUG Thread-19       d.u.i.k.r.m.MethodCall    method-call: invocation of private method detected.Requires static resolving. 
101438     DEBUG Thread-19       d.u.i.k.r.m.MethodCall    method-call: called for <prepareEnter>(); 
101439     DEBUG Thread-19       d.u.i.k.r.m.MethodCall    method-call: invocation of private method detected.Requires static resolving. 
101448     DEBUG Thread-19       d.u.i.k.r.m.MethodCall    method-call: called for super.<prepare>(); 
101448     DEBUG Thread-19       d.u.i.k.r.m.MethodCall    method-call: super invocation of method detected.Requires static resolving. 
101460     DEBUG Thread-19       d.u.i.k.j.TypeConverter   typeconverter: (prefix this;, class class de.uka.ilkd.key.java.reference.ThisReference) 
101465     DEBUG Thread-19       d.u.i.k.j.TypeConverter   typeconverter: (prefix this;, class class de.uka.ilkd.key.java.reference.ThisReference) 
101510     DEBUG Thread-19       d.u.i.k.r.m.MethodCall    method-call: called for super.<prepare>(); 
101510     DEBUG Thread-19       d.u.i.k.r.m.MethodCall    method-call: super invocation of method detected.Requires static resolving. 
101522     DEBUG Thread-19       d.u.i.k.j.TypeConverter   typeconverter: (prefix this;, class class de.uka.ilkd.key.java.reference.ThisReference) 
101527     DEBUG Thread-19       d.u.i.k.j.TypeConverter   typeconverter: (prefix this;, class class de.uka.ilkd.key.java.reference.ThisReference) 
101573     DEBUG Thread-19       d.u.i.k.r.m.MethodCall    method-call: called for super.<init>(); 
101573     DEBUG Thread-19       d.u.i.k.r.m.MethodCall    method-call: super invocation of method detected.Requires static resolving. 
101585     DEBUG Thread-19       d.u.i.k.j.TypeConverter   typeconverter: (prefix this;, class class de.uka.ilkd.key.java.reference.ThisReference) 
101605     DEBUG Thread-19       d.u.i.k.j.TypeConverter   TypeConverter: FieldReference: o1; 
101615     DEBUG Thread-19       d.u.i.k.j.TypeConverter   TypeConverter: FieldReference: o0; 
101641     DEBUG Thread-19       d.u.i.k.j.TypeConverter   TypeConverter: FieldReference: o2; 
101724     DEBUG Thread-19       d.u.i.k.r.m.MethodCall    method-call: called for super.<init>(); 
101724     DEBUG Thread-19       d.u.i.k.r.m.MethodCall    method-call: super invocation of method detected.Requires static resolving. 
101736     DEBUG Thread-19       d.u.i.k.j.TypeConverter   typeconverter: (prefix this;, class class de.uka.ilkd.key.java.reference.ThisReference) 
101753     DEBUG Thread-19       d.u.i.k.j.TypeConverter   TypeConverter: FieldReference: o1; 
101761     DEBUG Thread-19       d.u.i.k.j.TypeConverter   TypeConverter: FieldReference: o0; 
101784     DEBUG Thread-19       d.u.i.k.j.TypeConverter   TypeConverter: FieldReference: o2; 
102812     INFO  main            d.u.i.k.p.r.p.TestFile    ... finished proof: closed. 
103088     DEBUG main            d.u.i.k.s.TermLabelSettings TermLabelSettings: Failure while reading the setting "UseOriginLabels".Using the default value: true.The string read was: null 
103089     INFO  main            d.u.i.k.p.r.p.TestFile    Now processing file /home/runner/work/key/key/key.core/../key.ui/examples/InformationFlow/NewObjects/object.ObjectOrientation(object.ObjectOrientation__insecure_object_assignment()).Non-interference contract.1.key 
103089     DEBUG main            d.u.i.k.p.i.KeYFile       Reading KeY file /home/runner/work/key/key/key.core/../key.ui/examples/InformationFlow/NewObjects/object.ObjectOrientation(object.ObjectOrientation__insecure_object_assignment()).Non-interference contract.1.key 
103917     DEBUG main            d.u.i.k.j.r.ClassPreparationMethodBuilder clPrepBuilder: Inner Class detected. Reject building class initialisation methods. 
103968     DEBUG main            d.u.i.k.j.Recoder2KeY     converting now /home/runner/work/key/key/key.core/../key.ui/examples/InformationFlow/NewObjects/src/object/Naumann.java 
103969     DEBUG main            d.u.i.k.j.Recoder2KeY     converting now /home/runner/work/key/key/key.core/../key.ui/examples/InformationFlow/NewObjects/src/object/AmtoftBanerjee.java 
103970     DEBUG main            d.u.i.k.j.Recoder2KeY     converting now /home/runner/work/key/key/key.core/../key.ui/examples/InformationFlow/NewObjects/src/object/AmtoftBanerjee2.java 
103971     DEBUG main            d.u.i.k.j.Recoder2KeY     converting now /home/runner/work/key/key/key.core/../key.ui/examples/InformationFlow/NewObjects/src/object/ObjectOrientation.java 
103973     DEBUG main            d.u.i.k.j.Recoder2KeY     converting now /home/runner/work/key/key/key.core/../key.ui/examples/InformationFlow/NewObjects/src/object/AmtoftBanerjee3.java 
103978     DEBUG main            d.u.i.k.s.TermLabelSettings TermLabelSettings: Failure while reading the setting "UseOriginLabels".Using the default value: true.The string read was: null 
103979     DEBUG main            d.u.i.k.p.i.KeYFile       Reading KeY file file:/home/runner/work/key/key/key.core/build/resources/main/de/uka/ilkd/key/java/JavaRedux/java/lang/String.key 
105791     DEBUG main            d.u.i.k.p.i.KeYFile       Reading KeY file /home/runner/work/key/key/key.core/../key.ui/examples/InformationFlow/NewObjects/object.ObjectOrientation(object.ObjectOrientation__insecure_object_assignment()).Non-interference contract.1.key 
105836     DEBUG Thread-21       d.u.i.k.j.TypeConverter   TypeConverter: FieldReference: high_object; 
105839     DEBUG Thread-21       d.u.i.k.j.TypeConverter   TypeConverter: FieldReference: o0; 
105847     DEBUG Thread-21       d.u.i.k.j.TypeConverter   TypeConverter: FieldReference: high_object; 
105849     DEBUG Thread-21       d.u.i.k.j.TypeConverter   TypeConverter: FieldReference: o0; 
111901     DEBUG Thread-21       d.u.i.k.j.TypeConverter   TypeConverter: FieldReference: high_object; 
111903     DEBUG Thread-21       d.u.i.k.j.TypeConverter   TypeConverter: FieldReference: o0; 
111910     DEBUG Thread-21       d.u.i.k.j.TypeConverter   TypeConverter: FieldReference: high_object; 
111912     DEBUG Thread-21       d.u.i.k.j.TypeConverter   TypeConverter: FieldReference: o0; 
112325     DEBUG Thread-21       d.u.i.k.j.TypeConverter   TypeConverter: FieldReference: high_object; 
112327     DEBUG Thread-21       d.u.i.k.j.TypeConverter   TypeConverter: FieldReference: o0; 
112333     DEBUG Thread-21       d.u.i.k.j.TypeConverter   TypeConverter: FieldReference: high_object; 
112335     DEBUG Thread-21       d.u.i.k.j.TypeConverter   TypeConverter: FieldReference: o0; 
113313     DEBUG Thread-21       d.u.i.k.j.TypeConverter   TypeConverter: FieldReference: high_object; 
113315     DEBUG Thread-21       d.u.i.k.j.TypeConverter   TypeConverter: FieldReference: o0; 
113321     DEBUG Thread-21       d.u.i.k.j.TypeConverter   TypeConverter: FieldReference: high_object; 
113323     DEBUG Thread-21       d.u.i.k.j.TypeConverter   TypeConverter: FieldReference: o0; 
114431     INFO  main            d.u.i.k.p.r.p.TestFile    ... finished proof: open goal(s) 
114628     DEBUG main            d.u.i.k.s.TermLabelSettings TermLabelSettings: Failure while reading the setting "UseOriginLabels".Using the default value: true.The string read was: null 
114628     INFO  main            d.u.i.k.p.r.p.TestFile    Now processing file /home/runner/work/key/key/key.core/../key.ui/examples/InformationFlow/NewObjects/object.ObjectOrientation(object.ObjectOrientation__insecure_object_assignment()).Non-interference contract.0.key 
114629     DEBUG main            d.u.i.k.p.i.KeYFile       Reading KeY file /home/runner/work/key/key/key.core/../key.ui/examples/InformationFlow/NewObjects/object.ObjectOrientation(object.ObjectOrientation__insecure_object_assignment()).Non-interference contract.0.key 
115434     DEBUG main            d.u.i.k.j.r.ClassPreparationMethodBuilder clPrepBuilder: Inner Class detected. Reject building class initialisation methods. 
115481     DEBUG main            d.u.i.k.j.Recoder2KeY     converting now /home/runner/work/key/key/key.core/../key.ui/examples/InformationFlow/NewObjects/src/object/Naumann.java 
115482     DEBUG main            d.u.i.k.j.Recoder2KeY     converting now /home/runner/work/key/key/key.core/../key.ui/examples/InformationFlow/NewObjects/src/object/AmtoftBanerjee.java 
115483     DEBUG main            d.u.i.k.j.Recoder2KeY     converting now /home/runner/work/key/key/key.core/../key.ui/examples/InformationFlow/NewObjects/src/object/AmtoftBanerjee2.java 
115484     DEBUG main            d.u.i.k.j.Recoder2KeY     converting now /home/runner/work/key/key/key.core/../key.ui/examples/InformationFlow/NewObjects/src/object/ObjectOrientation.java 
115485     DEBUG main            d.u.i.k.j.Recoder2KeY     converting now /home/runner/work/key/key/key.core/../key.ui/examples/InformationFlow/NewObjects/src/object/AmtoftBanerjee3.java 
115489     DEBUG main            d.u.i.k.s.TermLabelSettings TermLabelSettings: Failure while reading the setting "UseOriginLabels".Using the default value: true.The string read was: null 
115491     DEBUG main            d.u.i.k.p.i.KeYFile       Reading KeY file file:/home/runner/work/key/key/key.core/build/resources/main/de/uka/ilkd/key/java/JavaRedux/java/lang/String.key 
117290     DEBUG main            d.u.i.k.p.i.KeYFile       Reading KeY file /home/runner/work/key/key/key.core/../key.ui/examples/InformationFlow/NewObjects/object.ObjectOrientation(object.ObjectOrientation__insecure_object_assignment()).Non-interference contract.0.key 
117339     DEBUG Thread-23       d.u.i.k.j.TypeConverter   TypeConverter: FieldReference: high_object; 
117342     DEBUG Thread-23       d.u.i.k.j.TypeConverter   TypeConverter: FieldReference: o0; 
117349     DEBUG Thread-23       d.u.i.k.j.TypeConverter   TypeConverter: FieldReference: high_object; 
117352     DEBUG Thread-23       d.u.i.k.j.TypeConverter   TypeConverter: FieldReference: o0; 
117493     INFO  main            d.u.i.k.p.r.p.TestFile    ... finished proof: open goal(s) 
117684     DEBUG main            d.u.i.k.s.TermLabelSettings TermLabelSettings: Failure while reading the setting "UseOriginLabels".Using the default value: true.The string read was: null 
117684     INFO  main            d.u.i.k.p.r.p.TestFile    Now processing file /home/runner/work/key/key/key.core/../key.ui/examples/InformationFlow/NewObjects/object.ObjectOrientation(object.ObjectOrientation__secure_object_creation_3()).Non-interference contract.0.key 
117685     DEBUG main            d.u.i.k.p.i.KeYFile       Reading KeY file /home/runner/work/key/key/key.core/../key.ui/examples/InformationFlow/NewObjects/object.ObjectOrientation(object.ObjectOrientation__secure_object_creation_3()).Non-interference contract.0.key 
118497     DEBUG main            d.u.i.k.j.r.ClassPreparationMethodBuilder clPrepBuilder: Inner Class detected. Reject building class initialisation methods. 
118545     DEBUG main            d.u.i.k.j.Recoder2KeY     converting now /home/runner/work/key/key/key.core/../key.ui/examples/InformationFlow/NewObjects/src/object/Naumann.java 
118546     DEBUG main            d.u.i.k.j.Recoder2KeY     converting now /home/runner/work/key/key/key.core/../key.ui/examples/InformationFlow/NewObjects/src/object/AmtoftBanerjee.java 
118547     DEBUG main            d.u.i.k.j.Recoder2KeY     converting now /home/runner/work/key/key/key.core/../key.ui/examples/InformationFlow/NewObjects/src/object/AmtoftBanerjee2.java 
118548     DEBUG main            d.u.i.k.j.Recoder2KeY     converting now /home/runner/work/key/key/key.core/../key.ui/examples/InformationFlow/NewObjects/src/object/ObjectOrientation.java 
118549     DEBUG main            d.u.i.k.j.Recoder2KeY     converting now /home/runner/work/key/key/key.core/../key.ui/examples/InformationFlow/NewObjects/src/object/AmtoftBanerjee3.java 
118554     DEBUG main            d.u.i.k.s.TermLabelSettings TermLabelSettings: Failure while reading the setting "UseOriginLabels".Using the default value: true.The string read was: null 
118555     DEBUG main            d.u.i.k.p.i.KeYFile       Reading KeY file file:/home/runner/work/key/key/key.core/build/resources/main/de/uka/ilkd/key/java/JavaRedux/java/lang/String.key 
120375     DEBUG main            d.u.i.k.p.i.KeYFile       Reading KeY file /home/runner/work/key/key/key.core/../key.ui/examples/InformationFlow/NewObjects/object.ObjectOrientation(object.ObjectOrientation__secure_object_creation_3()).Non-interference contract.0.key 
120447     DEBUG Thread-25       d.u.i.k.r.m.MethodCall    method-call: called for ObjectOrientation.<createObject>(); 
120447     DEBUG Thread-25       d.u.i.k.r.m.MethodCall    method-call: invocation of static method detected 
120453     DEBUG Thread-25       d.u.i.k.r.m.MethodCall    method-call: called for ObjectOrientation.<createObject>(); 
120453     DEBUG Thread-25       d.u.i.k.r.m.MethodCall    method-call: invocation of static method detected 
120459     DEBUG Thread-25       d.u.i.k.r.m.MethodCall    method-call: called for ObjectOrientation.<allocate>(); 
120459     DEBUG Thread-25       d.u.i.k.r.m.MethodCall    method-call: invocation of static method detected 
120461     DEBUG Thread-25       d.u.i.k.r.m.MethodCall    method-call: called for ObjectOrientation.<allocate>(); 
120462     DEBUG Thread-25       d.u.i.k.r.m.MethodCall    method-call: invocation of static method detected 
120475     DEBUG Thread-25       d.u.i.k.j.TypeConverter   typeconverter: (prefix this;, class class de.uka.ilkd.key.java.reference.ThisReference) 
120491     DEBUG Thread-25       d.u.i.k.j.TypeConverter   typeconverter: (prefix this;, class class de.uka.ilkd.key.java.reference.ThisReference) 
120495     DEBUG Thread-25       d.u.i.k.r.m.MethodCall    method-call: called for <prepareEnter>(); 
120495     DEBUG Thread-25       d.u.i.k.r.m.MethodCall    method-call: invocation of private method detected.Requires static resolving. 
120500     DEBUG Thread-25       d.u.i.k.r.m.MethodCall    method-call: called for <prepareEnter>(); 
120500     DEBUG Thread-25       d.u.i.k.r.m.MethodCall    method-call: invocation of private method detected.Requires static resolving. 
120505     DEBUG Thread-25       d.u.i.k.r.m.MethodCall    method-call: called for super.<prepare>(); 
120505     DEBUG Thread-25       d.u.i.k.r.m.MethodCall    method-call: super invocation of method detected.Requires static resolving. 
120511     DEBUG Thread-25       d.u.i.k.j.TypeConverter   typeconverter: (prefix this;, class class de.uka.ilkd.key.java.reference.ThisReference) 
120515     DEBUG Thread-25       d.u.i.k.j.TypeConverter   typeconverter: (prefix this;, class class de.uka.ilkd.key.java.reference.ThisReference) 
120540     DEBUG Thread-25       d.u.i.k.r.m.MethodCall    method-call: called for super.<prepare>(); 
120540     DEBUG Thread-25       d.u.i.k.r.m.MethodCall    method-call: super invocation of method detected.Requires static resolving. 
120547     DEBUG Thread-25       d.u.i.k.j.TypeConverter   typeconverter: (prefix this;, class class de.uka.ilkd.key.java.reference.ThisReference) 
120550     DEBUG Thread-25       d.u.i.k.j.TypeConverter   typeconverter: (prefix this;, class class de.uka.ilkd.key.java.reference.ThisReference) 
120576     DEBUG Thread-25       d.u.i.k.r.m.MethodCall    method-call: called for super.<init>(); 
120576     DEBUG Thread-25       d.u.i.k.r.m.MethodCall    method-call: super invocation of method detected.Requires static resolving. 
120583     DEBUG Thread-25       d.u.i.k.j.TypeConverter   typeconverter: (prefix this;, class class de.uka.ilkd.key.java.reference.ThisReference) 
120627     DEBUG Thread-25       d.u.i.k.r.m.MethodCall    method-call: called for super.<init>(); 
120627     DEBUG Thread-25       d.u.i.k.r.m.MethodCall    method-call: super invocation of method detected.Requires static resolving. 
120635     DEBUG Thread-25       d.u.i.k.j.TypeConverter   typeconverter: (prefix this;, class class de.uka.ilkd.key.java.reference.ThisReference) 
120877     INFO  main            d.u.i.k.p.r.p.TestFile    ... finished proof: closed. 
121064     DEBUG main            d.u.i.k.s.TermLabelSettings TermLabelSettings: Failure while reading the setting "UseOriginLabels".Using the default value: true.The string read was: null 
121064     INFO  main            d.u.i.k.p.r.p.TestFile    Now processing file /home/runner/work/key/key/key.core/../key.ui/examples/InformationFlow/NewObjects/object.ObjectOrientation(object.ObjectOrientation__secure_object_creation_2()).Non-interference contract.0.key 
121064     DEBUG main            d.u.i.k.p.i.KeYFile       Reading KeY file /home/runner/work/key/key/key.core/../key.ui/examples/InformationFlow/NewObjects/object.ObjectOrientation(object.ObjectOrientation__secure_object_creation_2()).Non-interference contract.0.key 
121866     DEBUG main            d.u.i.k.j.r.ClassPreparationMethodBuilder clPrepBuilder: Inner Class detected. Reject building class initialisation methods. 
121913     DEBUG main            d.u.i.k.j.Recoder2KeY     converting now /home/runner/work/key/key/key.core/../key.ui/examples/InformationFlow/NewObjects/src/object/Naumann.java 
121914     DEBUG main            d.u.i.k.j.Recoder2KeY     converting now /home/runner/work/key/key/key.core/../key.ui/examples/InformationFlow/NewObjects/src/object/AmtoftBanerjee.java 
121915     DEBUG main            d.u.i.k.j.Recoder2KeY     converting now /home/runner/work/key/key/key.core/../key.ui/examples/InformationFlow/NewObjects/src/object/AmtoftBanerjee2.java 
121916     DEBUG main            d.u.i.k.j.Recoder2KeY     converting now /home/runner/work/key/key/key.core/../key.ui/examples/InformationFlow/NewObjects/src/object/ObjectOrientation.java 
121917     DEBUG main            d.u.i.k.j.Recoder2KeY     converting now /home/runner/work/key/key/key.core/../key.ui/examples/InformationFlow/NewObjects/src/object/AmtoftBanerjee3.java 
121922     DEBUG main            d.u.i.k.s.TermLabelSettings TermLabelSettings: Failure while reading the setting "UseOriginLabels".Using the default value: true.The string read was: null 
121923     DEBUG main            d.u.i.k.p.i.KeYFile       Reading KeY file file:/home/runner/work/key/key/key.core/build/resources/main/de/uka/ilkd/key/java/JavaRedux/java/lang/String.key 
123747     DEBUG main            d.u.i.k.p.i.KeYFile       Reading KeY file /home/runner/work/key/key/key.core/../key.ui/examples/InformationFlow/NewObjects/object.ObjectOrientation(object.ObjectOrientation__secure_object_creation_2()).Non-interference contract.0.key 
123823     DEBUG Thread-27       d.u.i.k.r.m.MethodCall    method-call: called for ObjectOrientation.<createObject>(); 
123823     DEBUG Thread-27       d.u.i.k.r.m.MethodCall    method-call: invocation of static method detected 
123830     DEBUG Thread-27       d.u.i.k.r.m.MethodCall    method-call: called for ObjectOrientation.<createObject>(); 
123830     DEBUG Thread-27       d.u.i.k.r.m.MethodCall    method-call: invocation of static method detected 
123837     DEBUG Thread-27       d.u.i.k.r.m.MethodCall    method-call: called for ObjectOrientation.<allocate>(); 
123837     DEBUG Thread-27       d.u.i.k.r.m.MethodCall    method-call: invocation of static method detected 
123840     DEBUG Thread-27       d.u.i.k.r.m.MethodCall    method-call: called for ObjectOrientation.<allocate>(); 
123840     DEBUG Thread-27       d.u.i.k.r.m.MethodCall    method-call: invocation of static method detected 
123854     DEBUG Thread-27       d.u.i.k.j.TypeConverter   typeconverter: (prefix this;, class class de.uka.ilkd.key.java.reference.ThisReference) 
123870     DEBUG Thread-27       d.u.i.k.j.TypeConverter   typeconverter: (prefix this;, class class de.uka.ilkd.key.java.reference.ThisReference) 
123874     DEBUG Thread-27       d.u.i.k.r.m.MethodCall    method-call: called for <prepareEnter>(); 
123875     DEBUG Thread-27       d.u.i.k.r.m.MethodCall    method-call: invocation of private method detected.Requires static resolving. 
123880     DEBUG Thread-27       d.u.i.k.r.m.MethodCall    method-call: called for <prepareEnter>(); 
123880     DEBUG Thread-27       d.u.i.k.r.m.MethodCall    method-call: invocation of private method detected.Requires static resolving. 
123885     DEBUG Thread-27       d.u.i.k.r.m.MethodCall    method-call: called for super.<prepare>(); 
123885     DEBUG Thread-27       d.u.i.k.r.m.MethodCall    method-call: super invocation of method detected.Requires static resolving. 
123893     DEBUG Thread-27       d.u.i.k.j.TypeConverter   typeconverter: (prefix this;, class class de.uka.ilkd.key.java.reference.ThisReference) 
123897     DEBUG Thread-27       d.u.i.k.j.TypeConverter   typeconverter: (prefix this;, class class de.uka.ilkd.key.java.reference.ThisReference) 
123922     DEBUG Thread-27       d.u.i.k.r.m.MethodCall    method-call: called for super.<prepare>(); 
123922     DEBUG Thread-27       d.u.i.k.r.m.MethodCall    method-call: super invocation of method detected.Requires static resolving. 
123929     DEBUG Thread-27       d.u.i.k.j.TypeConverter   typeconverter: (prefix this;, class class de.uka.ilkd.key.java.reference.ThisReference) 
123933     DEBUG Thread-27       d.u.i.k.j.TypeConverter   typeconverter: (prefix this;, class class de.uka.ilkd.key.java.reference.ThisReference) 
123958     DEBUG Thread-27       d.u.i.k.r.m.MethodCall    method-call: called for super.<init>(); 
123958     DEBUG Thread-27       d.u.i.k.r.m.MethodCall    method-call: super invocation of method detected.Requires static resolving. 
123965     DEBUG Thread-27       d.u.i.k.j.TypeConverter   typeconverter: (prefix this;, class class de.uka.ilkd.key.java.reference.ThisReference) 
124007     DEBUG Thread-27       d.u.i.k.r.m.MethodCall    method-call: called for super.<init>(); 
124008     DEBUG Thread-27       d.u.i.k.r.m.MethodCall    method-call: super invocation of method detected.Requires static resolving. 
124015     DEBUG Thread-27       d.u.i.k.j.TypeConverter   typeconverter: (prefix this;, class class de.uka.ilkd.key.java.reference.ThisReference) 
124053     INFO  main            d.u.i.k.p.r.p.TestFile    ... finished proof: closed. 
124231     DEBUG main            d.u.i.k.s.TermLabelSettings TermLabelSettings: Failure while reading the setting "UseOriginLabels".Using the default value: true.The string read was: null 
124231     INFO  main            d.u.i.k.p.r.p.TestFile    Now processing file /home/runner/work/key/key/key.core/../key.ui/examples/InformationFlow/NewObjects/object.ObjectOrientation(object.ObjectOrientation__secure_object_creation()).Non-interference contract.0.key 
124232     DEBUG main            d.u.i.k.p.i.KeYFile       Reading KeY file /home/runner/work/key/key/key.core/../key.ui/examples/InformationFlow/NewObjects/object.ObjectOrientation(object.ObjectOrientation__secure_object_creation()).Non-interference contract.0.key 
125033     DEBUG main            d.u.i.k.j.r.ClassPreparationMethodBuilder clPrepBuilder: Inner Class detected. Reject building class initialisation methods. 
125079     DEBUG main            d.u.i.k.j.Recoder2KeY     converting now /home/runner/work/key/key/key.core/../key.ui/examples/InformationFlow/NewObjects/src/object/Naumann.java 
125081     DEBUG main            d.u.i.k.j.Recoder2KeY     converting now /home/runner/work/key/key/key.core/../key.ui/examples/InformationFlow/NewObjects/src/object/AmtoftBanerjee.java 
125081     DEBUG main            d.u.i.k.j.Recoder2KeY     converting now /home/runner/work/key/key/key.core/../key.ui/examples/InformationFlow/NewObjects/src/object/AmtoftBanerjee2.java 
125082     DEBUG main            d.u.i.k.j.Recoder2KeY     converting now /home/runner/work/key/key/key.core/../key.ui/examples/InformationFlow/NewObjects/src/object/ObjectOrientation.java 
125083     DEBUG main            d.u.i.k.j.Recoder2KeY     converting now /home/runner/work/key/key/key.core/../key.ui/examples/InformationFlow/NewObjects/src/object/AmtoftBanerjee3.java 
125087     DEBUG main            d.u.i.k.s.TermLabelSettings TermLabelSettings: Failure while reading the setting "UseOriginLabels".Using the default value: true.The string read was: null 
125088     DEBUG main            d.u.i.k.p.i.KeYFile       Reading KeY file file:/home/runner/work/key/key/key.core/build/resources/main/de/uka/ilkd/key/java/JavaRedux/java/lang/String.key 
126934     DEBUG main            d.u.i.k.p.i.KeYFile       Reading KeY file /home/runner/work/key/key/key.core/../key.ui/examples/InformationFlow/NewObjects/object.ObjectOrientation(object.ObjectOrientation__secure_object_creation()).Non-interference contract.0.key 
127062     DEBUG Thread-29       d.u.i.k.r.m.MethodCall    method-call: called for ObjectOrientation.<createObject>(); 
127062     DEBUG Thread-29       d.u.i.k.r.m.MethodCall    method-call: invocation of static method detected 
127068     DEBUG Thread-29       d.u.i.k.r.m.MethodCall    method-call: called for ObjectOrientation.<createObject>(); 
127068     DEBUG Thread-29       d.u.i.k.r.m.MethodCall    method-call: invocation of static method detected 
127074     DEBUG Thread-29       d.u.i.k.r.m.MethodCall    method-call: called for ObjectOrientation.<allocate>(); 
127075     DEBUG Thread-29       d.u.i.k.r.m.MethodCall    method-call: invocation of static method detected 
127077     DEBUG Thread-29       d.u.i.k.r.m.MethodCall    method-call: called for ObjectOrientation.<allocate>(); 
127077     DEBUG Thread-29       d.u.i.k.r.m.MethodCall    method-call: invocation of static method detected 
127091     DEBUG Thread-29       d.u.i.k.j.TypeConverter   typeconverter: (prefix this;, class class de.uka.ilkd.key.java.reference.ThisReference) 
127107     DEBUG Thread-29       d.u.i.k.j.TypeConverter   typeconverter: (prefix this;, class class de.uka.ilkd.key.java.reference.ThisReference) 
127111     DEBUG Thread-29       d.u.i.k.r.m.MethodCall    method-call: called for <prepareEnter>(); 
127111     DEBUG Thread-29       d.u.i.k.r.m.MethodCall    method-call: invocation of private method detected.Requires static resolving. 
127115     DEBUG Thread-29       d.u.i.k.r.m.MethodCall    method-call: called for <prepareEnter>(); 
127116     DEBUG Thread-29       d.u.i.k.r.m.MethodCall    method-call: invocation of private method detected.Requires static resolving. 
127120     DEBUG Thread-29       d.u.i.k.r.m.MethodCall    method-call: called for super.<prepare>(); 
127120     DEBUG Thread-29       d.u.i.k.r.m.MethodCall    method-call: super invocation of method detected.Requires static resolving. 
127127     DEBUG Thread-29       d.u.i.k.j.TypeConverter   typeconverter: (prefix this;, class class de.uka.ilkd.key.java.reference.ThisReference) 
127131     DEBUG Thread-29       d.u.i.k.j.TypeConverter   typeconverter: (prefix this;, class class de.uka.ilkd.key.java.reference.ThisReference) 
127155     DEBUG Thread-29       d.u.i.k.r.m.MethodCall    method-call: called for super.<prepare>(); 
127155     DEBUG Thread-29       d.u.i.k.r.m.MethodCall    method-call: super invocation of method detected.Requires static resolving. 
127162     DEBUG Thread-29       d.u.i.k.j.TypeConverter   typeconverter: (prefix this;, class class de.uka.ilkd.key.java.reference.ThisReference) 
127166     DEBUG Thread-29       d.u.i.k.j.TypeConverter   typeconverter: (prefix this;, class class de.uka.ilkd.key.java.reference.ThisReference) 
127191     DEBUG Thread-29       d.u.i.k.r.m.MethodCall    method-call: called for super.<init>(); 
127192     DEBUG Thread-29       d.u.i.k.r.m.MethodCall    method-call: super invocation of method detected.Requires static resolving. 
127198     DEBUG Thread-29       d.u.i.k.j.TypeConverter   typeconverter: (prefix this;, class class de.uka.ilkd.key.java.reference.ThisReference) 
127253     DEBUG Thread-29       d.u.i.k.r.m.MethodCall    method-call: called for super.<init>(); 
127254     DEBUG Thread-29       d.u.i.k.r.m.MethodCall    method-call: super invocation of method detected.Requires static resolving. 
127261     DEBUG Thread-29       d.u.i.k.j.TypeConverter   typeconverter: (prefix this;, class class de.uka.ilkd.key.java.reference.ThisReference) 
127340     DEBUG Thread-29       d.u.i.k.r.m.MethodCall    method-call: called for ObjectOrientation.<createObject>(); 
127341     DEBUG Thread-29       d.u.i.k.r.m.MethodCall    method-call: invocation of static method detected 
127346     DEBUG Thread-29       d.u.i.k.r.m.MethodCall    method-call: called for ObjectOrientation.<createObject>(); 
127346     DEBUG Thread-29       d.u.i.k.r.m.MethodCall    method-call: invocation of static method detected 
127352     DEBUG Thread-29       d.u.i.k.r.m.MethodCall    method-call: called for ObjectOrientation.<allocate>(); 
127352     DEBUG Thread-29       d.u.i.k.r.m.MethodCall    method-call: invocation of static method detected 
127355     DEBUG Thread-29       d.u.i.k.r.m.MethodCall    method-call: called for ObjectOrientation.<allocate>(); 
127355     DEBUG Thread-29       d.u.i.k.r.m.MethodCall    method-call: invocation of static method detected 
127368     DEBUG Thread-29       d.u.i.k.j.TypeConverter   typeconverter: (prefix this;, class class de.uka.ilkd.key.java.reference.ThisReference) 
127383     DEBUG Thread-29       d.u.i.k.j.TypeConverter   typeconverter: (prefix this;, class class de.uka.ilkd.key.java.reference.ThisReference) 
127387     DEBUG Thread-29       d.u.i.k.r.m.MethodCall    method-call: called for <prepareEnter>(); 
127387     DEBUG Thread-29       d.u.i.k.r.m.MethodCall    method-call: invocation of private method detected.Requires static resolving. 
127392     DEBUG Thread-29       d.u.i.k.r.m.MethodCall    method-call: called for <prepareEnter>(); 
127392     DEBUG Thread-29       d.u.i.k.r.m.MethodCall    method-call: invocation of private method detected.Requires static resolving. 
127396     DEBUG Thread-29       d.u.i.k.r.m.MethodCall    method-call: called for super.<prepare>(); 
127396     DEBUG Thread-29       d.u.i.k.r.m.MethodCall    method-call: super invocation of method detected.Requires static resolving. 
127403     DEBUG Thread-29       d.u.i.k.j.TypeConverter   typeconverter: (prefix this;, class class de.uka.ilkd.key.java.reference.ThisReference) 
127406     DEBUG Thread-29       d.u.i.k.j.TypeConverter   typeconverter: (prefix this;, class class de.uka.ilkd.key.java.reference.ThisReference) 
127430     DEBUG Thread-29       d.u.i.k.r.m.MethodCall    method-call: called for super.<prepare>(); 
127430     DEBUG Thread-29       d.u.i.k.r.m.MethodCall    method-call: super invocation of method detected.Requires static resolving. 
127436     DEBUG Thread-29       d.u.i.k.j.TypeConverter   typeconverter: (prefix this;, class class de.uka.ilkd.key.java.reference.ThisReference) 
127440     DEBUG Thread-29       d.u.i.k.j.TypeConverter   typeconverter: (prefix this;, class class de.uka.ilkd.key.java.reference.ThisReference) 
127463     DEBUG Thread-29       d.u.i.k.r.m.MethodCall    method-call: called for super.<init>(); 
127464     DEBUG Thread-29       d.u.i.k.r.m.MethodCall    method-call: super invocation of method detected.Requires static resolving. 
127470     DEBUG Thread-29       d.u.i.k.j.TypeConverter   typeconverter: (prefix this;, class class de.uka.ilkd.key.java.reference.ThisReference) 
127503     DEBUG Thread-29       d.u.i.k.r.m.MethodCall    method-call: called for super.<init>(); 
127503     DEBUG Thread-29       d.u.i.k.r.m.MethodCall    method-call: super invocation of method detected.Requires static resolving. 
127510     DEBUG Thread-29       d.u.i.k.j.TypeConverter   typeconverter: (prefix this;, class class de.uka.ilkd.key.java.reference.ThisReference) 
127589     DEBUG Thread-29       d.u.i.k.r.m.MethodCall    method-call: called for ObjectOrientation.<createObject>(); 
127589     DEBUG Thread-29       d.u.i.k.r.m.MethodCall    method-call: invocation of static method detected 
127595     DEBUG Thread-29       d.u.i.k.r.m.MethodCall    method-call: called for ObjectOrientation.<createObject>(); 
127595     DEBUG Thread-29       d.u.i.k.r.m.MethodCall    method-call: invocation of static method detected 
127601     DEBUG Thread-29       d.u.i.k.r.m.MethodCall    method-call: called for ObjectOrientation.<allocate>(); 
127601     DEBUG Thread-29       d.u.i.k.r.m.MethodCall    method-call: invocation of static method detected 
127603     DEBUG Thread-29       d.u.i.k.r.m.MethodCall    method-call: called for ObjectOrientation.<allocate>(); 
127604     DEBUG Thread-29       d.u.i.k.r.m.MethodCall    method-call: invocation of static method detected 
127617     DEBUG Thread-29       d.u.i.k.j.TypeConverter   typeconverter: (prefix this;, class class de.uka.ilkd.key.java.reference.ThisReference) 
127631     DEBUG Thread-29       d.u.i.k.j.TypeConverter   typeconverter: (prefix this;, class class de.uka.ilkd.key.java.reference.ThisReference) 
127635     DEBUG Thread-29       d.u.i.k.r.m.MethodCall    method-call: called for <prepareEnter>(); 
127635     DEBUG Thread-29       d.u.i.k.r.m.MethodCall    method-call: invocation of private method detected.Requires static resolving. 
127640     DEBUG Thread-29       d.u.i.k.r.m.MethodCall    method-call: called for <prepareEnter>(); 
127640     DEBUG Thread-29       d.u.i.k.r.m.MethodCall    method-call: invocation of private method detected.Requires static resolving. 
127645     DEBUG Thread-29       d.u.i.k.r.m.MethodCall    method-call: called for super.<prepare>(); 
127645     DEBUG Thread-29       d.u.i.k.r.m.MethodCall    method-call: super invocation of method detected.Requires static resolving. 
127651     DEBUG Thread-29       d.u.i.k.j.TypeConverter   typeconverter: (prefix this;, class class de.uka.ilkd.key.java.reference.ThisReference) 
127654     DEBUG Thread-29       d.u.i.k.j.TypeConverter   typeconverter: (prefix this;, class class de.uka.ilkd.key.java.reference.ThisReference) 
127677     DEBUG Thread-29       d.u.i.k.r.m.MethodCall    method-call: called for super.<prepare>(); 
127678     DEBUG Thread-29       d.u.i.k.r.m.MethodCall    method-call: super invocation of method detected.Requires static resolving. 
127684     DEBUG Thread-29       d.u.i.k.j.TypeConverter   typeconverter: (prefix this;, class class de.uka.ilkd.key.java.reference.ThisReference) 
127688     DEBUG Thread-29       d.u.i.k.j.TypeConverter   typeconverter: (prefix this;, class class de.uka.ilkd.key.java.reference.ThisReference) 
127712     DEBUG Thread-29       d.u.i.k.r.m.MethodCall    method-call: called for super.<init>(); 
127712     DEBUG Thread-29       d.u.i.k.r.m.MethodCall    method-call: super invocation of method detected.Requires static resolving. 
127718     DEBUG Thread-29       d.u.i.k.j.TypeConverter   typeconverter: (prefix this;, class class de.uka.ilkd.key.java.reference.ThisReference) 
127754     INFO  main            d.u.i.k.p.r.p.TestFile    ... finished proof: closed. 
127990     DEBUG main            d.u.i.k.s.TermLabelSettings TermLabelSettings: Failure while reading the setting "UseOriginLabels".Using the default value: true.The string read was: null 
127990     INFO  main            d.u.i.k.p.r.p.TestFile    Now processing file /home/runner/work/key/key/key.core/../key.ui/examples/InformationFlow/NewObjects/object.AmtoftBanerjee2(object.AmtoftBanerjee2__expensive(int)).Non-interference contract.0.key 
127990     DEBUG main            d.u.i.k.p.i.KeYFile       Reading KeY file /home/runner/work/key/key/key.core/../key.ui/examples/InformationFlow/NewObjects/object.AmtoftBanerjee2(object.AmtoftBanerjee2__expensive(int)).Non-interference contract.0.key 
128816     DEBUG main            d.u.i.k.j.r.ClassPreparationMethodBuilder clPrepBuilder: Inner Class detected. Reject building class initialisation methods. 
128862     DEBUG main            d.u.i.k.j.Recoder2KeY     converting now /home/runner/work/key/key/key.core/../key.ui/examples/InformationFlow/NewObjects/src/object/Naumann.java 
128864     DEBUG main            d.u.i.k.j.Recoder2KeY     converting now /home/runner/work/key/key/key.core/../key.ui/examples/InformationFlow/NewObjects/src/object/AmtoftBanerjee.java 
128864     DEBUG main            d.u.i.k.j.Recoder2KeY     converting now /home/runner/work/key/key/key.core/../key.ui/examples/InformationFlow/NewObjects/src/object/AmtoftBanerjee2.java 
128865     DEBUG main            d.u.i.k.j.Recoder2KeY     converting now /home/runner/work/key/key/key.core/../key.ui/examples/InformationFlow/NewObjects/src/object/ObjectOrientation.java 
128866     DEBUG main            d.u.i.k.j.Recoder2KeY     converting now /home/runner/work/key/key/key.core/../key.ui/examples/InformationFlow/NewObjects/src/object/AmtoftBanerjee3.java 
128872     DEBUG main            d.u.i.k.s.TermLabelSettings TermLabelSettings: Failure while reading the setting "UseOriginLabels".Using the default value: true.The string read was: null 
128874     DEBUG main            d.u.i.k.p.i.KeYFile       Reading KeY file file:/home/runner/work/key/key/key.core/build/resources/main/de/uka/ilkd/key/java/JavaRedux/java/lang/String.key 
130656     DEBUG main            d.u.i.k.p.i.KeYFile       Reading KeY file /home/runner/work/key/key/key.core/../key.ui/examples/InformationFlow/NewObjects/object.AmtoftBanerjee2(object.AmtoftBanerjee2__expensive(int)).Non-interference contract.0.key 
130758     INFO  main            d.u.i.k.p.r.p.TestFile    ... finished proof: closed. 
130934     DEBUG main            d.u.i.k.s.TermLabelSettings TermLabelSettings: Failure while reading the setting "UseOriginLabels".Using the default value: true.The string read was: null 
130934     INFO  main            d.u.i.k.p.r.p.TestFile    Now processing file /home/runner/work/key/key/key.core/../key.ui/examples/InformationFlow/NewObjects/object.AmtoftBanerjee2(object.AmtoftBanerjee2__cexp(int)).Non-interference contract.0.key 
130935     DEBUG main            d.u.i.k.p.i.KeYFile       Reading KeY file /home/runner/work/key/key/key.core/../key.ui/examples/InformationFlow/NewObjects/object.AmtoftBanerjee2(object.AmtoftBanerjee2__cexp(int)).Non-interference contract.0.key 
131733     DEBUG main            d.u.i.k.j.r.ClassPreparationMethodBuilder clPrepBuilder: Inner Class detected. Reject building class initialisation methods. 
131779     DEBUG main            d.u.i.k.j.Recoder2KeY     converting now /home/runner/work/key/key/key.core/../key.ui/examples/InformationFlow/NewObjects/src/object/Naumann.java 
131781     DEBUG main            d.u.i.k.j.Recoder2KeY     converting now /home/runner/work/key/key/key.core/../key.ui/examples/InformationFlow/NewObjects/src/object/AmtoftBanerjee.java 
131782     DEBUG main            d.u.i.k.j.Recoder2KeY     converting now /home/runner/work/key/key/key.core/../key.ui/examples/InformationFlow/NewObjects/src/object/AmtoftBanerjee2.java 
131782     DEBUG main            d.u.i.k.j.Recoder2KeY     converting now /home/runner/work/key/key/key.core/../key.ui/examples/InformationFlow/NewObjects/src/object/ObjectOrientation.java 
131783     DEBUG main            d.u.i.k.j.Recoder2KeY     converting now /home/runner/work/key/key/key.core/../key.ui/examples/InformationFlow/NewObjects/src/object/AmtoftBanerjee3.java 
131788     DEBUG main            d.u.i.k.s.TermLabelSettings TermLabelSettings: Failure while reading the setting "UseOriginLabels".Using the default value: true.The string read was: null 
131789     DEBUG main            d.u.i.k.p.i.KeYFile       Reading KeY file file:/home/runner/work/key/key/key.core/build/resources/main/de/uka/ilkd/key/java/JavaRedux/java/lang/String.key 
133606     DEBUG main            d.u.i.k.p.i.KeYFile       Reading KeY file /home/runner/work/key/key/key.core/../key.ui/examples/InformationFlow/NewObjects/object.AmtoftBanerjee2(object.AmtoftBanerjee2__cexp(int)).Non-interference contract.0.key 
133659     DEBUG Thread-33       d.u.i.k.j.TypeConverter   typeconverter: (prefix this;, class class de.uka.ilkd.key.java.reference.ThisReference) 
133679     DEBUG Thread-33       d.u.i.k.j.TypeConverter   typeconverter: (prefix this;, class class de.uka.ilkd.key.java.reference.ThisReference) 
133751     DEBUG Thread-33       d.u.i.k.j.TypeConverter   typeconverter: (prefix this;, class class de.uka.ilkd.key.java.reference.ThisReference) 
133753     DEBUG Thread-33       d.u.i.k.j.TypeConverter   typeconverter: (prefix this;, class class de.uka.ilkd.key.java.reference.ThisReference) 
133801     DEBUG Thread-33       d.u.i.k.j.TypeConverter   typeconverter: (prefix this;, class class de.uka.ilkd.key.java.reference.ThisReference) 
133803     DEBUG Thread-33       d.u.i.k.j.TypeConverter   typeconverter: (prefix this;, class class de.uka.ilkd.key.java.reference.ThisReference) 
133986     DEBUG Thread-33       d.u.i.k.j.TypeConverter   typeconverter: (prefix this;, class class de.uka.ilkd.key.java.reference.ThisReference) 
134008     DEBUG Thread-33       d.u.i.k.j.TypeConverter   typeconverter: (prefix this;, class class de.uka.ilkd.key.java.reference.ThisReference) 
134149     DEBUG Thread-33       d.u.i.k.j.TypeConverter   typeconverter: (prefix this;, class class de.uka.ilkd.key.java.reference.ThisReference) 
134152     DEBUG Thread-33       d.u.i.k.j.TypeConverter   typeconverter: (prefix this;, class class de.uka.ilkd.key.java.reference.ThisReference) 
134214     DEBUG Thread-33       d.u.i.k.j.TypeConverter   typeconverter: (prefix this;, class class de.uka.ilkd.key.java.reference.ThisReference) 
134217     DEBUG Thread-33       d.u.i.k.j.TypeConverter   typeconverter: (prefix this;, class class de.uka.ilkd.key.java.reference.ThisReference) 
134545     DEBUG Thread-33       d.u.i.k.j.TypeConverter   typeconverter: (prefix this;, class class de.uka.ilkd.key.java.reference.ThisReference) 
134828     DEBUG Thread-33       d.u.i.k.j.TypeConverter   typeconverter: (prefix this;, class class de.uka.ilkd.key.java.reference.ThisReference) 
134831     DEBUG Thread-33       d.u.i.k.j.TypeConverter   typeconverter: (prefix this;, class class de.uka.ilkd.key.java.reference.ThisReference) 
134901     DEBUG Thread-33       d.u.i.k.j.TypeConverter   typeconverter: (prefix this;, class class de.uka.ilkd.key.java.reference.ThisReference) 
134904     DEBUG Thread-33       d.u.i.k.j.TypeConverter   typeconverter: (prefix this;, class class de.uka.ilkd.key.java.reference.ThisReference) 
135227     DEBUG Thread-33       d.u.i.k.j.TypeConverter   typeconverter: (prefix this;, class class de.uka.ilkd.key.java.reference.ThisReference) 
135539     DEBUG Thread-33       d.u.i.k.j.TypeConverter   typeconverter: (prefix this;, class class de.uka.ilkd.key.java.reference.ThisReference) 
135543     DEBUG Thread-33       d.u.i.k.j.TypeConverter   typeconverter: (prefix this;, class class de.uka.ilkd.key.java.reference.ThisReference) 
136338     INFO  main            d.u.i.k.p.r.p.TestFile    ... finished proof: closed. 
1389421    INFO  Test worker     d.u.i.k.p.r.RunAllProofsTestUnit Returning from test NewObjects_nomacro 
1389422    INFO  Test worker     d.u.i.k.p.r.RunAllProofsTestUnit Running test SimpleEvoting_nomacro 
365        INFO  Timeout watchdog d.u.i.k.p.r.p.ForkedTestFileRunner Timeout watcher launched (1000 secs.) 
393        WARN  main            d.u.i.k.s.ProofSettings   The settings in /home/runner/.key/proof-settings.props are *not* read. 
418        DEBUG main            d.u.i.k.s.TermLabelSettings TermLabelSettings: Failure while reading the setting "UseOriginLabels".Using the default value: true.The string read was: null 
419        INFO  main            d.u.i.k.p.r.p.TestFile    Now processing file /home/runner/work/key/key/key.core/../key.ui/examples/InformationFlow/SimpleEvoting/simple_evoting.Environment(simple_evoting.Environment__untrustedOutputMessage((B)).Non-interference contract.0.key 
540        DEBUG main            d.u.i.k.p.i.KeYFile       Reading KeY file /home/runner/work/key/key/key.core/../key.ui/examples/InformationFlow/SimpleEvoting/simple_evoting.Environment(simple_evoting.Environment__untrustedOutputMessage((B)).Non-interference contract.0.key 
764        DEBUG main            d.u.i.k.p.i.KeYFile       Reading KeY file file:/home/runner/work/key/key/key.core/build/resources/main/de/uka/ilkd/key/proof/rules/standardRules.key 
783        DEBUG main            d.u.i.k.p.i.KeYFile       Reading KeY file file:/home/runner/work/key/key/key.core/build/resources/main/de/uka/ilkd/key/proof/rules/ldt.key 
787        DEBUG main            d.u.i.k.p.i.KeYFile       Reading KeY file file:/home/runner/work/key/key/key.core/build/resources/main/de/uka/ilkd/key/proof/rules/boolean.key 
803        DEBUG main            d.u.i.k.p.i.KeYFile       Reading KeY file file:/home/runner/work/key/key/key.core/build/resources/main/de/uka/ilkd/key/proof/rules/ruleSetsDeclarations.key 
833        DEBUG main            d.u.i.k.p.i.KeYFile       Reading KeY file file:/home/runner/work/key/key/key.core/build/resources/main/de/uka/ilkd/key/proof/rules/integerHeader.key 
839        DEBUG main            d.u.i.k.p.i.KeYFile       Reading KeY file file:/home/runner/work/key/key/key.core/build/resources/main/de/uka/ilkd/key/proof/rules/floatHeader.key 
841        DEBUG main            d.u.i.k.p.i.KeYFile       Reading KeY file file:/home/runner/work/key/key/key.core/build/resources/main/de/uka/ilkd/key/proof/rules/heap.key 
844        DEBUG main            d.u.i.k.p.i.KeYFile       Reading KeY file file:/home/runner/work/key/key/key.core/build/resources/main/de/uka/ilkd/key/proof/rules/locSets.key 
845        DEBUG main            d.u.i.k.p.i.KeYFile       Reading KeY file file:/home/runner/work/key/key/key.core/build/resources/main/de/uka/ilkd/key/proof/rules/permission.key 
846        DEBUG main            d.u.i.k.p.i.KeYFile       Reading KeY file file:/home/runner/work/key/key/key.core/build/resources/main/de/uka/ilkd/key/proof/rules/reach.key 
847        DEBUG main            d.u.i.k.p.i.KeYFile       Reading KeY file file:/home/runner/work/key/key/key.core/build/resources/main/de/uka/ilkd/key/proof/rules/seq.key 
847        DEBUG main            d.u.i.k.p.i.KeYFile       Reading KeY file file:/home/runner/work/key/key/key.core/build/resources/main/de/uka/ilkd/key/proof/rules/map.key 
882        DEBUG main            d.u.i.k.p.i.KeYFile       Reading KeY file file:/home/runner/work/key/key/key.core/build/resources/main/de/uka/ilkd/key/proof/rules/freeADT.key 
882        DEBUG main            d.u.i.k.p.i.KeYFile       Reading KeY file file:/home/runner/work/key/key/key.core/build/resources/main/de/uka/ilkd/key/proof/rules/wellfound.key 
883        DEBUG main            d.u.i.k.p.i.KeYFile       Reading KeY file file:/home/runner/work/key/key/key.core/build/resources/main/de/uka/ilkd/key/proof/rules/charListHeader.key 
1042       DEBUG main            d.u.i.k.p.i.KeYFile       Reading KeY file file:/home/runner/work/key/key/key.core/build/resources/main/de/uka/ilkd/key/proof/rules/propRule.key 
1068       DEBUG main            d.u.i.k.p.i.KeYFile       Reading KeY file file:/home/runner/work/key/key/key.core/build/resources/main/de/uka/ilkd/key/proof/rules/firstOrderRules.key 
1088       DEBUG main            d.u.i.k.p.i.KeYFile       Reading KeY file file:/home/runner/work/key/key/key.core/build/resources/main/de/uka/ilkd/key/proof/rules/ifThenElseRules.key 
1120       DEBUG main            d.u.i.k.p.i.KeYFile       Reading KeY file file:/home/runner/work/key/key/key.core/build/resources/main/de/uka/ilkd/key/proof/rules/formulaNormalisationRules.key 
1220       DEBUG main            d.u.i.k.p.i.KeYFile       Reading KeY file file:/home/runner/work/key/key/key.core/build/resources/main/de/uka/ilkd/key/proof/rules/updateRules.key 
1252       DEBUG main            d.u.i.k.p.i.KeYFile       Reading KeY file file:/home/runner/work/key/key/key.core/build/resources/main/de/uka/ilkd/key/proof/rules/integerRulesCommon.key 
1373       DEBUG main            d.u.i.k.p.i.KeYFile       Reading KeY file file:/home/runner/work/key/key/key.core/build/resources/main/de/uka/ilkd/key/proof/rules/intRules.key 
1412       DEBUG main            d.u.i.k.p.i.KeYFile       Reading KeY file file:/home/runner/work/key/key/key.core/build/resources/main/de/uka/ilkd/key/proof/rules/intRulesUncheckedSemantics.key 
1422       DEBUG main            d.u.i.k.p.i.KeYFile       Reading KeY file file:/home/runner/work/key/key/key.core/build/resources/main/de/uka/ilkd/key/proof/rules/intRulesCheckedSemantics.key 
1429       DEBUG main            d.u.i.k.p.i.KeYFile       Reading KeY file file:/home/runner/work/key/key/key.core/build/resources/main/de/uka/ilkd/key/proof/rules/intRulesJavaSemantics.key 
1443       DEBUG main            d.u.i.k.p.i.KeYFile       Reading KeY file file:/home/runner/work/key/key/key.core/build/resources/main/de/uka/ilkd/key/proof/rules/integerSimplificationRules.key 
1601       DEBUG main            d.u.i.k.j.TypeConverter   No LDT found for Meta 
1601       DEBUG main            d.u.i.k.j.TypeConverter   No LDT found for Meta 
1603       DEBUG main            d.u.i.k.j.TypeConverter   No LDT found for Meta 
1603       DEBUG main            d.u.i.k.j.TypeConverter   No LDT found for Meta 
1633       DEBUG main            d.u.i.k.p.i.KeYFile       Reading KeY file file:/home/runner/work/key/key/key.core/build/resources/main/de/uka/ilkd/key/proof/rules/intDiv.key 
1683       DEBUG main            d.u.i.k.p.i.KeYFile       Reading KeY file file:/home/runner/work/key/key/key.core/build/resources/main/de/uka/ilkd/key/proof/rules/bsum.key 
1809       DEBUG main            d.u.i.k.p.i.KeYFile       Reading KeY file file:/home/runner/work/key/key/key.core/build/resources/main/de/uka/ilkd/key/proof/rules/bprod.key 
1850       DEBUG main            d.u.i.k.p.i.KeYFile       Reading KeY file file:/home/runner/work/key/key/key.core/build/resources/main/de/uka/ilkd/key/proof/rules/binaryAxioms.key 
1856       DEBUG main            d.u.i.k.p.i.KeYFile       Reading KeY file file:/home/runner/work/key/key/key.core/build/resources/main/de/uka/ilkd/key/proof/rules/binaryLemmas.key 
1865       DEBUG main            d.u.i.k.p.i.KeYFile       Reading KeY file file:/home/runner/work/key/key/key.core/build/resources/main/de/uka/ilkd/key/proof/rules/intPow.key 
1881       DEBUG main            d.u.i.k.p.i.KeYFile       Reading KeY file file:/home/runner/work/key/key/key.core/build/resources/main/de/uka/ilkd/key/proof/rules/floatRulesCommon.key 
1927       DEBUG main            d.u.i.k.p.i.KeYFile       Reading KeY file file:/home/runner/work/key/key/key.core/build/resources/main/de/uka/ilkd/key/proof/rules/floatRules.key 
1929       DEBUG main            d.u.i.k.p.i.KeYFile       Reading KeY file file:/home/runner/work/key/key/key.core/build/resources/main/de/uka/ilkd/key/proof/rules/floatRulesVerifyNormal.key 
1930       DEBUG main            d.u.i.k.p.i.KeYFile       Reading KeY file file:/home/runner/work/key/key/key.core/build/resources/main/de/uka/ilkd/key/proof/rules/floatRulesAssumeStrictfp.key 
1965       DEBUG main            d.u.i.k.p.i.KeYFile       Reading KeY file file:/home/runner/work/key/key/key.core/build/resources/main/de/uka/ilkd/key/proof/rules/genericRules.key 
1982       DEBUG main            d.u.i.k.p.i.KeYFile       Reading KeY file file:/home/runner/work/key/key/key.core/build/resources/main/de/uka/ilkd/key/proof/rules/booleanRules.key 
1986       DEBUG main            d.u.i.k.p.i.KeYFile       Reading KeY file file:/home/runner/work/key/key/key.core/build/resources/main/de/uka/ilkd/key/proof/rules/epsilon.key 
1990       DEBUG main            d.u.i.k.p.i.KeYFile       Reading KeY file file:/home/runner/work/key/key/key.core/build/resources/main/de/uka/ilkd/key/proof/rules/locSetsRules.key 
2044       DEBUG main            d.u.i.k.p.i.KeYFile       Reading KeY file file:/home/runner/work/key/key/key.core/build/resources/main/de/uka/ilkd/key/proof/rules/heapRules.key 
2107       DEBUG main            d.u.i.k.p.i.KeYFile       Reading KeY file file:/home/runner/work/key/key/key.core/build/resources/main/de/uka/ilkd/key/proof/rules/permissionRules.key 
2126       DEBUG main            d.u.i.k.p.i.KeYFile       Reading KeY file file:/home/runner/work/key/key/key.core/build/resources/main/de/uka/ilkd/key/proof/rules/reachRules.key 
2153       DEBUG main            d.u.i.k.p.i.KeYFile       Reading KeY file file:/home/runner/work/key/key/key.core/build/resources/main/de/uka/ilkd/key/proof/rules/seqCoreRules.key 
2156       DEBUG main            d.u.i.k.p.i.KeYFile       Reading KeY file file:/home/runner/work/key/key/key.core/build/resources/main/de/uka/ilkd/key/proof/rules/seqRules.key 
2193       DEBUG main            d.u.i.k.p.i.KeYFile       Reading KeY file file:/home/runner/work/key/key/key.core/build/resources/main/de/uka/ilkd/key/proof/rules/seqPerm.key 
2222       DEBUG main            d.u.i.k.p.i.KeYFile       Reading KeY file file:/home/runner/work/key/key/key.core/build/resources/main/de/uka/ilkd/key/proof/rules/seqPerm2.key 
2227       DEBUG main            d.u.i.k.p.i.KeYFile       Reading KeY file file:/home/runner/work/key/key/key.core/build/resources/main/de/uka/ilkd/key/proof/rules/javaRules.key 
2334       DEBUG main            d.u.i.k.p.i.KeYFile       Reading KeY file file:/home/runner/work/key/key/key.core/build/resources/main/de/uka/ilkd/key/proof/rules/assertions.key 
2820       DEBUG main            d.u.i.k.p.i.KeYFile       Reading KeY file file:/home/runner/work/key/key/key.core/build/resources/main/de/uka/ilkd/key/proof/rules/loopRules.key 
2827       DEBUG main            d.u.i.k.p.i.KeYFile       Reading KeY file file:/home/runner/work/key/key/key.core/build/resources/main/de/uka/ilkd/key/proof/rules/activeUse.key 
2909       DEBUG main            d.u.i.k.p.i.KeYFile       Reading KeY file file:/home/runner/work/key/key/key.core/build/resources/main/de/uka/ilkd/key/proof/rules/instanceAllocation.key 
2926       DEBUG main            d.u.i.k.p.i.KeYFile       Reading KeY file file:/home/runner/work/key/key/key.core/build/resources/main/de/uka/ilkd/key/proof/rules/java5.key 
2929       DEBUG main            d.u.i.k.p.i.KeYFile       Reading KeY file file:/home/runner/work/key/key/key.core/build/resources/main/de/uka/ilkd/key/proof/rules/integerAssignment2UpdateRules.key 
2972       DEBUG main            d.u.i.k.p.i.KeYFile       Reading KeY file file:/home/runner/work/key/key/key.core/build/resources/main/de/uka/ilkd/key/proof/rules/floatAssignment2UpdateRules.key 
3003       DEBUG main            d.u.i.k.p.i.KeYFile       Reading KeY file file:/home/runner/work/key/key/key.core/build/resources/main/de/uka/ilkd/key/proof/rules/bigint.key 
3015       DEBUG main            d.u.i.k.j.TypeConverter   No LDT found for JavaBigintExpression 
3016       DEBUG main            d.u.i.k.p.i.KeYFile       Reading KeY file file:/home/runner/work/key/key/key.core/build/resources/main/de/uka/ilkd/key/proof/rules/adtProgramDecompositionRules.key 
3033       DEBUG main            d.u.i.k.p.i.KeYFile       Reading KeY file file:/home/runner/work/key/key/key.core/build/resources/main/de/uka/ilkd/key/proof/rules/precRules.key 
3036       DEBUG main            d.u.i.k.p.i.KeYFile       Reading KeY file file:/home/runner/work/key/key/key.core/build/resources/main/de/uka/ilkd/key/proof/rules/charListRules.key 
3050       DEBUG main            d.u.i.k.p.i.KeYFile       Reading KeY file file:/home/runner/work/key/key/key.core/build/resources/main/de/uka/ilkd/key/proof/rules/regExTheory.key 
3051       DEBUG main            d.u.i.k.p.i.KeYFile       Reading KeY file file:/home/runner/work/key/key/key.core/build/resources/main/de/uka/ilkd/key/proof/rules/regExHeader.key 
3053       DEBUG main            d.u.i.k.p.i.KeYFile       Reading KeY file file:/home/runner/work/key/key/key.core/build/resources/main/de/uka/ilkd/key/proof/rules/regExAxioms.key 
3057       DEBUG main            d.u.i.k.p.i.KeYFile       Reading KeY file file:/home/runner/work/key/key/key.core/build/resources/main/de/uka/ilkd/key/proof/rules/regExLemmaProven.key 
3063       DEBUG main            d.u.i.k.p.i.KeYFile       Reading KeY file file:/home/runner/work/key/key/key.core/build/resources/main/de/uka/ilkd/key/proof/rules/seqEq.key 
3070       DEBUG main            d.u.i.k.p.i.KeYFile       Reading KeY file file:/home/runner/work/key/key/key.core/build/resources/main/de/uka/ilkd/key/proof/rules/infFlow.key 
3078       DEBUG main            d.u.i.k.p.i.KeYFile       Reading KeY file file:/home/runner/work/key/key/key.core/build/resources/main/de/uka/ilkd/key/proof/rules/mapSize.key 
3084       DEBUG main            d.u.i.k.p.i.KeYFile       Reading KeY file file:/home/runner/work/key/key/key.core/build/resources/main/de/uka/ilkd/key/proof/rules/wd.key 
3087       DEBUG main            d.u.i.k.p.i.KeYFile       Reading KeY file file:/home/runner/work/key/key/key.core/build/resources/main/de/uka/ilkd/key/proof/rules/wdHeader.key 
3089       DEBUG main            d.u.i.k.p.i.KeYFile       Reading KeY file file:/home/runner/work/key/key/key.core/build/resources/main/de/uka/ilkd/key/proof/rules/wdGeneralRules.key 
3093       DEBUG main            d.u.i.k.p.i.KeYFile       Reading KeY file file:/home/runner/work/key/key/key.core/build/resources/main/de/uka/ilkd/key/proof/rules/wdNumericalRules.key 
3113       DEBUG main            d.u.i.k.p.i.KeYFile       Reading KeY file file:/home/runner/work/key/key/key.core/build/resources/main/de/uka/ilkd/key/proof/rules/wdLocSetRules.key 
3119       DEBUG main            d.u.i.k.p.i.KeYFile       Reading KeY file file:/home/runner/work/key/key/key.core/build/resources/main/de/uka/ilkd/key/proof/rules/wdHeapRules.key 
3123       DEBUG main            d.u.i.k.p.i.KeYFile       Reading KeY file file:/home/runner/work/key/key/key.core/build/resources/main/de/uka/ilkd/key/proof/rules/wdReachRules.key 
3124       DEBUG main            d.u.i.k.p.i.KeYFile       Reading KeY file file:/home/runner/work/key/key/key.core/build/resources/main/de/uka/ilkd/key/proof/rules/wdSeqRules.key 
3159       DEBUG main            d.u.i.k.p.i.KeYFile       Reading KeY file file:/home/runner/work/key/key/key.core/build/resources/main/de/uka/ilkd/key/proof/rules/wdStringRules.key 
3162       DEBUG main            d.u.i.k.p.i.KeYFile       Reading KeY file file:/home/runner/work/key/key/key.core/build/resources/main/de/uka/ilkd/key/proof/rules/wdRegExRules.key 
3165       DEBUG main            d.u.i.k.p.i.KeYFile       Reading KeY file file:/home/runner/work/key/key/key.core/build/resources/main/de/uka/ilkd/key/proof/rules/wdFormulaRules.key 
3178       DEBUG main            d.u.i.k.p.i.KeYFile       Reading KeY file file:/home/runner/work/key/key/key.core/build/resources/main/de/uka/ilkd/key/proof/rules/loopInvariantRules.key 
3180       DEBUG main            d.u.i.k.p.i.KeYFile       Reading KeY file file:/home/runner/work/key/key/key.core/build/resources/main/de/uka/ilkd/key/proof/rules/forLoopRules.key 
3182       DEBUG main            d.u.i.k.p.i.KeYFile       Reading KeY file file:/home/runner/work/key/key/key.core/build/resources/main/de/uka/ilkd/key/proof/rules/execRules.key 
3239       DEBUG main            d.u.i.k.p.i.KeYFile       Reading KeY file file:/home/runner/work/key/key/key.core/build/resources/main/de/uka/ilkd/key/proof/rules/loopScopeRules.key 
6224       DEBUG main            d.u.i.k.j.Recoder2KeY     converting now /home/runner/work/key/key/key.core/../key.ui/examples/InformationFlow/SimpleEvoting/src/simple_evoting/Voter.java 
6233       DEBUG main            d.u.i.k.j.Recoder2KeY     converting now /home/runner/work/key/key/key.core/../key.ui/examples/InformationFlow/SimpleEvoting/src/simple_evoting/NetworkClient.java 
6235       DEBUG main            d.u.i.k.j.Recoder2KeY     converting now /home/runner/work/key/key/key.core/../key.ui/examples/InformationFlow/SimpleEvoting/src/simple_evoting/SMT.java 
6236       DEBUG main            d.u.i.k.j.Recoder2KeY     converting now /home/runner/work/key/key/key.core/../key.ui/examples/InformationFlow/SimpleEvoting/src/simple_evoting/Environment.java 
6238       DEBUG main            d.u.i.k.j.Recoder2KeY     converting now /home/runner/work/key/key/key.core/../key.ui/examples/InformationFlow/SimpleEvoting/src/simple_evoting/Setup.java 
6240       DEBUG main            d.u.i.k.j.Recoder2KeY     converting now /home/runner/work/key/key/key.core/../key.ui/examples/InformationFlow/SimpleEvoting/src/simple_evoting/Server.java 
6243       DEBUG main            d.u.i.k.j.Recoder2KeY     converting now /home/runner/work/key/key/key.core/../key.ui/examples/InformationFlow/SimpleEvoting/src/simple_evoting/Message.java 
6245       DEBUG main            d.u.i.k.j.Recoder2KeY     converting now /home/runner/work/key/key/key.core/../key.ui/examples/InformationFlow/SimpleEvoting/src/simple_evoting/SMTEnv.java 
6275       DEBUG main            d.u.i.k.s.TermLabelSettings TermLabelSettings: Failure while reading the setting "UseOriginLabels".Using the default value: true.The string read was: null 
6283       DEBUG main            d.u.i.k.p.i.KeYFile       Reading KeY file file:/home/runner/work/key/key/key.core/build/resources/main/de/uka/ilkd/key/java/JavaRedux/java/lang/String.key 
9044       DEBUG main            d.u.i.k.p.i.KeYFile       Reading KeY file /home/runner/work/key/key/key.core/../key.ui/examples/InformationFlow/SimpleEvoting/simple_evoting.Environment(simple_evoting.Environment__untrustedOutputMessage((B)).Non-interference contract.0.key 
9651       DEBUG Thread-1        d.u.i.k.r.m.WhileLoopTransformation While-Loop-Tranform-Result: {
  int i = 0;
  while (i < _t_A.length) {
    {
      untrustedOutput(_t_A[i]);
    }
    i++;
  }
} 
9675       DEBUG Thread-1        d.u.i.k.r.m.WhileLoopTransformation While-Loop-Tranform-Result: try {
  {
    if (i < _t_A.length) {
      {
        untrustedOutput(_t_A[i]);
      }
      i++;
    }
  }
} catch (java.lang.Throwable e#16) {
  exc#15 = true;
  thrownExc#17 = e#16;
} 
10139      DEBUG Thread-1        d.u.i.k.r.m.WhileLoopTransformation While-Loop-Tranform-Result: {
  int i = 0;
  while (i < _t_B.length) {
    {
      untrustedOutput(_t_B[i]);
    }
    i++;
  }
} 
10156      DEBUG Thread-1        d.u.i.k.r.m.WhileLoopTransformation While-Loop-Tranform-Result: try {
  {
    if (i_7 < _t_B.length) {
      {
        untrustedOutput(_t_B[i_7]);
      }
      i_7++;
    }
  }
} catch (java.lang.Throwable e#49) {
  exc#48 = true;
  thrownExc#50 = e#49;
} 
15841      DEBUG Thread-1        d.u.i.k.r.m.WhileLoopTransformation While-Loop-Tranform-Result: {
  int i = 0;
  while (i < _t_B.length) {
    {
      untrustedOutput(_t_B[i]);
    }
    i++;
  }
} 
15852      DEBUG Thread-1        d.u.i.k.r.m.WhileLoopTransformation While-Loop-Tranform-Result: try {
  {
    if (i_1 < _t_B.length) {
      {
        untrustedOutput(_t_B[i_1]);
      }
      i_1++;
    }
  }
} catch (java.lang.Throwable e#118) {
  exc#117 = true;
  thrownExc#119 = e#118;
} 
17858      INFO  main            d.u.i.k.p.r.p.TestFile    ... finished proof: closed. 
18052      DEBUG main            d.u.i.k.s.TermLabelSettings TermLabelSettings: Failure while reading the setting "UseOriginLabels".Using the default value: true.The string read was: null 
18053      INFO  main            d.u.i.k.p.r.p.TestFile    Now processing file /home/runner/work/key/key/key.core/../key.ui/examples/InformationFlow/SimpleEvoting/simple_evoting.Environment(simple_evoting.Environment__untrustedOutput(int)).Non-interference contract.0.key 
18053      DEBUG main            d.u.i.k.p.i.KeYFile       Reading KeY file /home/runner/work/key/key/key.core/../key.ui/examples/InformationFlow/SimpleEvoting/simple_evoting.Environment(simple_evoting.Environment__untrustedOutput(int)).Non-interference contract.0.key 
19326      DEBUG main            d.u.i.k.j.Recoder2KeY     converting now /home/runner/work/key/key/key.core/../key.ui/examples/InformationFlow/SimpleEvoting/src/simple_evoting/Voter.java 
19335      DEBUG main            d.u.i.k.j.Recoder2KeY     converting now /home/runner/work/key/key/key.core/../key.ui/examples/InformationFlow/SimpleEvoting/src/simple_evoting/NetworkClient.java 
19336      DEBUG main            d.u.i.k.j.Recoder2KeY     converting now /home/runner/work/key/key/key.core/../key.ui/examples/InformationFlow/SimpleEvoting/src/simple_evoting/SMT.java 
19337      DEBUG main            d.u.i.k.j.Recoder2KeY     converting now /home/runner/work/key/key/key.core/../key.ui/examples/InformationFlow/SimpleEvoting/src/simple_evoting/Environment.java 
19339      DEBUG main            d.u.i.k.j.Recoder2KeY     converting now /home/runner/work/key/key/key.core/../key.ui/examples/InformationFlow/SimpleEvoting/src/simple_evoting/Setup.java 
19341      DEBUG main            d.u.i.k.j.Recoder2KeY     converting now /home/runner/work/key/key/key.core/../key.ui/examples/InformationFlow/SimpleEvoting/src/simple_evoting/Server.java 
19342      DEBUG main            d.u.i.k.j.Recoder2KeY     converting now /home/runner/work/key/key/key.core/../key.ui/examples/InformationFlow/SimpleEvoting/src/simple_evoting/Message.java 
19344      DEBUG main            d.u.i.k.j.Recoder2KeY     converting now /home/runner/work/key/key/key.core/../key.ui/examples/InformationFlow/SimpleEvoting/src/simple_evoting/SMTEnv.java 
19360      DEBUG main            d.u.i.k.s.TermLabelSettings TermLabelSettings: Failure while reading the setting "UseOriginLabels".Using the default value: true.The string read was: null 
19364      DEBUG main            d.u.i.k.p.i.KeYFile       Reading KeY file file:/home/runner/work/key/key/key.core/build/resources/main/de/uka/ilkd/key/java/JavaRedux/java/lang/String.key 
21738      DEBUG main            d.u.i.k.p.i.KeYFile       Reading KeY file /home/runner/work/key/key/key.core/../key.ui/examples/InformationFlow/SimpleEvoting/simple_evoting.Environment(simple_evoting.Environment__untrustedOutput(int)).Non-interference contract.0.key 
21841      INFO  main            d.u.i.k.p.r.p.TestFile    ... finished proof: closed. 
21976      DEBUG main            d.u.i.k.s.TermLabelSettings TermLabelSettings: Failure while reading the setting "UseOriginLabels".Using the default value: true.The string read was: null 
21976      INFO  main            d.u.i.k.p.r.p.TestFile    Now processing file /home/runner/work/key/key/key.core/../key.ui/examples/InformationFlow/SimpleEvoting/simple_evoting.Environment(simple_evoting.Environment__untrustedInput(int)).Non-interference contract.0.key 
21977      DEBUG main            d.u.i.k.p.i.KeYFile       Reading KeY file /home/runner/work/key/key/key.core/../key.ui/examples/InformationFlow/SimpleEvoting/simple_evoting.Environment(simple_evoting.Environment__untrustedInput(int)).Non-interference contract.0.key 
23073      DEBUG main            d.u.i.k.j.Recoder2KeY     converting now /home/runner/work/key/key/key.core/../key.ui/examples/InformationFlow/SimpleEvoting/src/simple_evoting/Voter.java 
23083      DEBUG main            d.u.i.k.j.Recoder2KeY     converting now /home/runner/work/key/key/key.core/../key.ui/examples/InformationFlow/SimpleEvoting/src/simple_evoting/NetworkClient.java 
23084      DEBUG main            d.u.i.k.j.Recoder2KeY     converting now /home/runner/work/key/key/key.core/../key.ui/examples/InformationFlow/SimpleEvoting/src/simple_evoting/SMT.java 
23085      DEBUG main            d.u.i.k.j.Recoder2KeY     converting now /home/runner/work/key/key/key.core/../key.ui/examples/InformationFlow/SimpleEvoting/src/simple_evoting/Environment.java 
23086      DEBUG main            d.u.i.k.j.Recoder2KeY     converting now /home/runner/work/key/key/key.core/../key.ui/examples/InformationFlow/SimpleEvoting/src/simple_evoting/Setup.java 
23098      DEBUG main            d.u.i.k.j.Recoder2KeY     converting now /home/runner/work/key/key/key.core/../key.ui/examples/InformationFlow/SimpleEvoting/src/simple_evoting/Server.java 
23100      DEBUG main            d.u.i.k.j.Recoder2KeY     converting now /home/runner/work/key/key/key.core/../key.ui/examples/InformationFlow/SimpleEvoting/src/simple_evoting/Message.java 
23102      DEBUG main            d.u.i.k.j.Recoder2KeY     converting now /home/runner/work/key/key/key.core/../key.ui/examples/InformationFlow/SimpleEvoting/src/simple_evoting/SMTEnv.java 
23107      DEBUG main            d.u.i.k.s.TermLabelSettings TermLabelSettings: Failure while reading the setting "UseOriginLabels".Using the default value: true.The string read was: null 
23109      DEBUG main            d.u.i.k.p.i.KeYFile       Reading KeY file file:/home/runner/work/key/key/key.core/build/resources/main/de/uka/ilkd/key/java/JavaRedux/java/lang/String.key 
25383      DEBUG main            d.u.i.k.p.i.KeYFile       Reading KeY file /home/runner/work/key/key/key.core/../key.ui/examples/InformationFlow/SimpleEvoting/simple_evoting.Environment(simple_evoting.Environment__untrustedInput(int)).Non-interference contract.0.key 
25487      INFO  main            d.u.i.k.p.r.p.TestFile    ... finished proof: open goal(s) 
25626      DEBUG main            d.u.i.k.s.TermLabelSettings TermLabelSettings: Failure while reading the setting "UseOriginLabels".Using the default value: true.The string read was: null 
25626      INFO  main            d.u.i.k.p.r.p.TestFile    Now processing file /home/runner/work/key/key/key.core/../key.ui/examples/InformationFlow/SimpleEvoting/simple_evoting.Environment(simple_evoting.Environment__untrustedInput()).Non-interference contract.0.key 
25627      DEBUG main            d.u.i.k.p.i.KeYFile       Reading KeY file /home/runner/work/key/key/key.core/../key.ui/examples/InformationFlow/SimpleEvoting/simple_evoting.Environment(simple_evoting.Environment__untrustedInput()).Non-interference contract.0.key 
26740      DEBUG main            d.u.i.k.j.Recoder2KeY     converting now /home/runner/work/key/key/key.core/../key.ui/examples/InformationFlow/SimpleEvoting/src/simple_evoting/Voter.java 
26743      DEBUG main            d.u.i.k.j.Recoder2KeY     converting now /home/runner/work/key/key/key.core/../key.ui/examples/InformationFlow/SimpleEvoting/src/simple_evoting/NetworkClient.java 
26744      DEBUG main            d.u.i.k.j.Recoder2KeY     converting now /home/runner/work/key/key/key.core/../key.ui/examples/InformationFlow/SimpleEvoting/src/simple_evoting/SMT.java 
26744      DEBUG main            d.u.i.k.j.Recoder2KeY     converting now /home/runner/work/key/key/key.core/../key.ui/examples/InformationFlow/SimpleEvoting/src/simple_evoting/Environment.java 
26746      DEBUG main            d.u.i.k.j.Recoder2KeY     converting now /home/runner/work/key/key/key.core/../key.ui/examples/InformationFlow/SimpleEvoting/src/simple_evoting/Setup.java 
26747      DEBUG main            d.u.i.k.j.Recoder2KeY     converting now /home/runner/work/key/key/key.core/../key.ui/examples/InformationFlow/SimpleEvoting/src/simple_evoting/Server.java 
26748      DEBUG main            d.u.i.k.j.Recoder2KeY     converting now /home/runner/work/key/key/key.core/../key.ui/examples/InformationFlow/SimpleEvoting/src/simple_evoting/Message.java 
26749      DEBUG main            d.u.i.k.j.Recoder2KeY     converting now /home/runner/work/key/key/key.core/../key.ui/examples/InformationFlow/SimpleEvoting/src/simple_evoting/SMTEnv.java 
26755      DEBUG main            d.u.i.k.s.TermLabelSettings TermLabelSettings: Failure while reading the setting "UseOriginLabels".Using the default value: true.The string read was: null 
26756      DEBUG main            d.u.i.k.p.i.KeYFile       Reading KeY file file:/home/runner/work/key/key/key.core/build/resources/main/de/uka/ilkd/key/java/JavaRedux/java/lang/String.key 
29040      DEBUG main            d.u.i.k.p.i.KeYFile       Reading KeY file /home/runner/work/key/key/key.core/../key.ui/examples/InformationFlow/SimpleEvoting/simple_evoting.Environment(simple_evoting.Environment__untrustedInput()).Non-interference contract.0.key 
29143      INFO  main            d.u.i.k.p.r.p.TestFile    ... finished proof: open goal(s) 
29284      DEBUG main            d.u.i.k.s.TermLabelSettings TermLabelSettings: Failure while reading the setting "UseOriginLabels".Using the default value: true.The string read was: null 
29284      INFO  main            d.u.i.k.p.r.p.TestFile    Now processing file /home/runner/work/key/key/key.core/../key.ui/examples/InformationFlow/SimpleEvoting/simple_evoting.SMT(simple_evoting.SMT__send(simple_evoting.Message,int,simple_evoting.Server)).Non-interference contract.1.key 
29284      DEBUG main            d.u.i.k.p.i.KeYFile       Reading KeY file /home/runner/work/key/key/key.core/../key.ui/examples/InformationFlow/SimpleEvoting/simple_evoting.SMT(simple_evoting.SMT__send(simple_evoting.Message,int,simple_evoting.Server)).Non-interference contract.1.key 
30318      DEBUG main            d.u.i.k.j.Recoder2KeY     converting now /home/runner/work/key/key/key.core/../key.ui/examples/InformationFlow/SimpleEvoting/src/simple_evoting/Voter.java 
30320      DEBUG main            d.u.i.k.j.Recoder2KeY     converting now /home/runner/work/key/key/key.core/../key.ui/examples/InformationFlow/SimpleEvoting/src/simple_evoting/NetworkClient.java 
30321      DEBUG main            d.u.i.k.j.Recoder2KeY     converting now /home/runner/work/key/key/key.core/../key.ui/examples/InformationFlow/SimpleEvoting/src/simple_evoting/SMT.java 
30322      DEBUG main            d.u.i.k.j.Recoder2KeY     converting now /home/runner/work/key/key/key.core/../key.ui/examples/InformationFlow/SimpleEvoting/src/simple_evoting/Environment.java 
30322      DEBUG main            d.u.i.k.j.Recoder2KeY     converting now /home/runner/work/key/key/key.core/../key.ui/examples/InformationFlow/SimpleEvoting/src/simple_evoting/Setup.java 
30323      DEBUG main            d.u.i.k.j.Recoder2KeY     converting now /home/runner/work/key/key/key.core/../key.ui/examples/InformationFlow/SimpleEvoting/src/simple_evoting/Server.java 
30324      DEBUG main            d.u.i.k.j.Recoder2KeY     converting now /home/runner/work/key/key/key.core/../key.ui/examples/InformationFlow/SimpleEvoting/src/simple_evoting/Message.java 
30325      DEBUG main            d.u.i.k.j.Recoder2KeY     converting now /home/runner/work/key/key/key.core/../key.ui/examples/InformationFlow/SimpleEvoting/src/simple_evoting/SMTEnv.java 
30330      DEBUG main            d.u.i.k.s.TermLabelSettings TermLabelSettings: Failure while reading the setting "UseOriginLabels".Using the default value: true.The string read was: null 
30331      DEBUG main            d.u.i.k.p.i.KeYFile       Reading KeY file file:/home/runner/work/key/key/key.core/build/resources/main/de/uka/ilkd/key/java/JavaRedux/java/lang/String.key 
32493      DEBUG main            d.u.i.k.p.i.KeYFile       Reading KeY file /home/runner/work/key/key/key.core/../key.ui/examples/InformationFlow/SimpleEvoting/simple_evoting.SMT(simple_evoting.SMT__send(simple_evoting.Message,int,simple_evoting.Server)).Non-interference contract.1.key 
83449      INFO  main            d.u.i.k.p.r.p.TestFile    ... finished proof: closed. 
83704      DEBUG main            d.u.i.k.s.TermLabelSettings TermLabelSettings: Failure while reading the setting "UseOriginLabels".Using the default value: true.The string read was: null 
83704      INFO  main            d.u.i.k.p.r.p.TestFile    Now processing file /home/runner/work/key/key/key.core/../key.ui/examples/InformationFlow/SimpleEvoting/simple_evoting.SMT(simple_evoting.SMT__send(simple_evoting.Message,int,simple_evoting.Server)).Non-interference contract.0.key 
83705      DEBUG main            d.u.i.k.p.i.KeYFile       Reading KeY file /home/runner/work/key/key/key.core/../key.ui/examples/InformationFlow/SimpleEvoting/simple_evoting.SMT(simple_evoting.SMT__send(simple_evoting.Message,int,simple_evoting.Server)).Non-interference contract.0.key 
84723      DEBUG main            d.u.i.k.j.Recoder2KeY     converting now /home/runner/work/key/key/key.core/../key.ui/examples/InformationFlow/SimpleEvoting/src/simple_evoting/Voter.java 
84726      DEBUG main            d.u.i.k.j.Recoder2KeY     converting now /home/runner/work/key/key/key.core/../key.ui/examples/InformationFlow/SimpleEvoting/src/simple_evoting/NetworkClient.java 
84727      DEBUG main            d.u.i.k.j.Recoder2KeY     converting now /home/runner/work/key/key/key.core/../key.ui/examples/InformationFlow/SimpleEvoting/src/simple_evoting/SMT.java 
84728      DEBUG main            d.u.i.k.j.Recoder2KeY     converting now /home/runner/work/key/key/key.core/../key.ui/examples/InformationFlow/SimpleEvoting/src/simple_evoting/Environment.java 
84729      DEBUG main            d.u.i.k.j.Recoder2KeY     converting now /home/runner/work/key/key/key.core/../key.ui/examples/InformationFlow/SimpleEvoting/src/simple_evoting/Setup.java 
84730      DEBUG main            d.u.i.k.j.Recoder2KeY     converting now /home/runner/work/key/key/key.core/../key.ui/examples/InformationFlow/SimpleEvoting/src/simple_evoting/Server.java 
84731      DEBUG main            d.u.i.k.j.Recoder2KeY     converting now /home/runner/work/key/key/key.core/../key.ui/examples/InformationFlow/SimpleEvoting/src/simple_evoting/Message.java 
84732      DEBUG main            d.u.i.k.j.Recoder2KeY     converting now /home/runner/work/key/key/key.core/../key.ui/examples/InformationFlow/SimpleEvoting/src/simple_evoting/SMTEnv.java 
84737      DEBUG main            d.u.i.k.s.TermLabelSettings TermLabelSettings: Failure while reading the setting "UseOriginLabels".Using the default value: true.The string read was: null 
84738      DEBUG main            d.u.i.k.p.i.KeYFile       Reading KeY file file:/home/runner/work/key/key/key.core/build/resources/main/de/uka/ilkd/key/java/JavaRedux/java/lang/String.key 
86826      DEBUG main            d.u.i.k.p.i.KeYFile       Reading KeY file /home/runner/work/key/key/key.core/../key.ui/examples/InformationFlow/SimpleEvoting/simple_evoting.SMT(simple_evoting.SMT__send(simple_evoting.Message,int,simple_evoting.Server)).Non-interference contract.0.key 
151901     INFO  main            d.u.i.k.p.r.p.TestFile    ... finished proof: closed. 
152154     DEBUG main            d.u.i.k.s.TermLabelSettings TermLabelSettings: Failure while reading the setting "UseOriginLabels".Using the default value: true.The string read was: null 
152154     INFO  main            d.u.i.k.p.r.p.TestFile    Now processing file /home/runner/work/key/key/key.core/../key.ui/examples/InformationFlow/SimpleEvoting/simple_evoting.NetworkClient(simple_evoting.NetworkClient__send((B,simple_evoting.Server,int)).Non-interference contract.0.key 
152154     DEBUG main            d.u.i.k.p.i.KeYFile       Reading KeY file /home/runner/work/key/key/key.core/../key.ui/examples/InformationFlow/SimpleEvoting/simple_evoting.NetworkClient(simple_evoting.NetworkClient__send((B,simple_evoting.Server,int)).Non-interference contract.0.key 
153168     DEBUG main            d.u.i.k.j.Recoder2KeY     converting now /home/runner/work/key/key/key.core/../key.ui/examples/InformationFlow/SimpleEvoting/src/simple_evoting/Voter.java 
153170     DEBUG main            d.u.i.k.j.Recoder2KeY     converting now /home/runner/work/key/key/key.core/../key.ui/examples/InformationFlow/SimpleEvoting/src/simple_evoting/NetworkClient.java 
153171     DEBUG main            d.u.i.k.j.Recoder2KeY     converting now /home/runner/work/key/key/key.core/../key.ui/examples/InformationFlow/SimpleEvoting/src/simple_evoting/SMT.java 
153172     DEBUG main            d.u.i.k.j.Recoder2KeY     converting now /home/runner/work/key/key/key.core/../key.ui/examples/InformationFlow/SimpleEvoting/src/simple_evoting/Environment.java 
153173     DEBUG main            d.u.i.k.j.Recoder2KeY     converting now /home/runner/work/key/key/key.core/../key.ui/examples/InformationFlow/SimpleEvoting/src/simple_evoting/Setup.java 
153174     DEBUG main            d.u.i.k.j.Recoder2KeY     converting now /home/runner/work/key/key/key.core/../key.ui/examples/InformationFlow/SimpleEvoting/src/simple_evoting/Server.java 
153175     DEBUG main            d.u.i.k.j.Recoder2KeY     converting now /home/runner/work/key/key/key.core/../key.ui/examples/InformationFlow/SimpleEvoting/src/simple_evoting/Message.java 
153176     DEBUG main            d.u.i.k.j.Recoder2KeY     converting now /home/runner/work/key/key/key.core/../key.ui/examples/InformationFlow/SimpleEvoting/src/simple_evoting/SMTEnv.java 
153181     DEBUG main            d.u.i.k.s.TermLabelSettings TermLabelSettings: Failure while reading the setting "UseOriginLabels".Using the default value: true.The string read was: null 
153182     DEBUG main            d.u.i.k.p.i.KeYFile       Reading KeY file file:/home/runner/work/key/key/key.core/build/resources/main/de/uka/ilkd/key/java/JavaRedux/java/lang/String.key 
155273     DEBUG main            d.u.i.k.p.i.KeYFile       Reading KeY file /home/runner/work/key/key/key.core/../key.ui/examples/InformationFlow/SimpleEvoting/simple_evoting.NetworkClient(simple_evoting.NetworkClient__send((B,simple_evoting.Server,int)).Non-interference contract.0.key 
159593     INFO  main            d.u.i.k.p.r.p.TestFile    ... finished proof: closed. 
159772     DEBUG main            d.u.i.k.s.TermLabelSettings TermLabelSettings: Failure while reading the setting "UseOriginLabels".Using the default value: true.The string read was: null 
159772     INFO  main            d.u.i.k.p.r.p.TestFile    Now processing file /home/runner/work/key/key/key.core/../key.ui/examples/InformationFlow/SimpleEvoting/simple_evoting.Voter(simple_evoting.Voter__onSendBallot(simple_evoting.Server)).Non-interference contract.1.key 
159773     DEBUG main            d.u.i.k.p.i.KeYFile       Reading KeY file /home/runner/work/key/key/key.core/../key.ui/examples/InformationFlow/SimpleEvoting/simple_evoting.Voter(simple_evoting.Voter__onSendBallot(simple_evoting.Server)).Non-interference contract.1.key 
160796     DEBUG main            d.u.i.k.j.Recoder2KeY     converting now /home/runner/work/key/key/key.core/../key.ui/examples/InformationFlow/SimpleEvoting/src/simple_evoting/Voter.java 
160798     DEBUG main            d.u.i.k.j.Recoder2KeY     converting now /home/runner/work/key/key/key.core/../key.ui/examples/InformationFlow/SimpleEvoting/src/simple_evoting/NetworkClient.java 
160799     DEBUG main            d.u.i.k.j.Recoder2KeY     converting now /home/runner/work/key/key/key.core/../key.ui/examples/InformationFlow/SimpleEvoting/src/simple_evoting/SMT.java 
160799     DEBUG main            d.u.i.k.j.Recoder2KeY     converting now /home/runner/work/key/key/key.core/../key.ui/examples/InformationFlow/SimpleEvoting/src/simple_evoting/Environment.java 
160800     DEBUG main            d.u.i.k.j.Recoder2KeY     converting now /home/runner/work/key/key/key.core/../key.ui/examples/InformationFlow/SimpleEvoting/src/simple_evoting/Setup.java 
160801     DEBUG main            d.u.i.k.j.Recoder2KeY     converting now /home/runner/work/key/key/key.core/../key.ui/examples/InformationFlow/SimpleEvoting/src/simple_evoting/Server.java 
160802     DEBUG main            d.u.i.k.j.Recoder2KeY     converting now /home/runner/work/key/key/key.core/../key.ui/examples/InformationFlow/SimpleEvoting/src/simple_evoting/Message.java 
160802     DEBUG main            d.u.i.k.j.Recoder2KeY     converting now /home/runner/work/key/key/key.core/../key.ui/examples/InformationFlow/SimpleEvoting/src/simple_evoting/SMTEnv.java 
160807     DEBUG main            d.u.i.k.s.TermLabelSettings TermLabelSettings: Failure while reading the setting "UseOriginLabels".Using the default value: true.The string read was: null 
160808     DEBUG main            d.u.i.k.p.i.KeYFile       Reading KeY file file:/home/runner/work/key/key/key.core/build/resources/main/de/uka/ilkd/key/java/JavaRedux/java/lang/String.key 
162929     DEBUG main            d.u.i.k.p.i.KeYFile       Reading KeY file /home/runner/work/key/key/key.core/../key.ui/examples/InformationFlow/SimpleEvoting/simple_evoting.Voter(simple_evoting.Voter__onSendBallot(simple_evoting.Server)).Non-interference contract.1.key 
163072     DEBUG Thread-15       d.u.i.k.j.TypeConverter   typeconverter: (prefix this;, class class de.uka.ilkd.key.java.reference.ThisReference) 
163077     DEBUG Thread-15       d.u.i.k.j.TypeConverter   typeconverter: (prefix this;, class class de.uka.ilkd.key.java.reference.ThisReference) 
163085     DEBUG Thread-15       d.u.i.k.j.TypeConverter   typeconverter: (prefix this;, class class de.uka.ilkd.key.java.reference.ThisReference) 
163089     DEBUG Thread-15       d.u.i.k.j.TypeConverter   typeconverter: (prefix this;, class class de.uka.ilkd.key.java.reference.ThisReference) 
163184     DEBUG Thread-15       d.u.i.k.r.m.MethodCall    method-call: called for Message.<createObject>(); 
163185     DEBUG Thread-15       d.u.i.k.r.m.MethodCall    method-call: invocation of static method detected 
163196     DEBUG Thread-15       d.u.i.k.r.m.MethodCall    method-call: called for Message.<createObject>(); 
163196     DEBUG Thread-15       d.u.i.k.r.m.MethodCall    method-call: invocation of static method detected 
163206     DEBUG Thread-15       d.u.i.k.r.m.MethodCall    method-call: called for Message.<allocate>(); 
163206     DEBUG Thread-15       d.u.i.k.r.m.MethodCall    method-call: invocation of static method detected 
163211     DEBUG Thread-15       d.u.i.k.r.m.MethodCall    method-call: called for Message.<allocate>(); 
163211     DEBUG Thread-15       d.u.i.k.r.m.MethodCall    method-call: invocation of static method detected 
163232     DEBUG Thread-15       d.u.i.k.j.TypeConverter   typeconverter: (prefix this;, class class de.uka.ilkd.key.java.reference.ThisReference) 
163254     DEBUG Thread-15       d.u.i.k.j.TypeConverter   typeconverter: (prefix this;, class class de.uka.ilkd.key.java.reference.ThisReference) 
163260     DEBUG Thread-15       d.u.i.k.r.m.MethodCall    method-call: called for <prepareEnter>(); 
163260     DEBUG Thread-15       d.u.i.k.r.m.MethodCall    method-call: invocation of private method detected.Requires static resolving. 
163268     DEBUG Thread-15       d.u.i.k.r.m.MethodCall    method-call: called for <prepareEnter>(); 
163268     DEBUG Thread-15       d.u.i.k.r.m.MethodCall    method-call: invocation of private method detected.Requires static resolving. 
163276     DEBUG Thread-15       d.u.i.k.r.m.MethodCall    method-call: called for super.<prepare>(); 
163276     DEBUG Thread-15       d.u.i.k.r.m.MethodCall    method-call: super invocation of method detected.Requires static resolving. 
163286     DEBUG Thread-15       d.u.i.k.j.TypeConverter   typeconverter: (prefix this;, class class de.uka.ilkd.key.java.reference.ThisReference) 
163291     DEBUG Thread-15       d.u.i.k.j.TypeConverter   typeconverter: (prefix this;, class class de.uka.ilkd.key.java.reference.ThisReference) 
163295     DEBUG Thread-15       d.u.i.k.j.TypeConverter   typeconverter: (prefix this;, class class de.uka.ilkd.key.java.reference.ThisReference) 
163340     DEBUG Thread-15       d.u.i.k.r.m.MethodCall    method-call: called for super.<prepare>(); 
163340     DEBUG Thread-15       d.u.i.k.r.m.MethodCall    method-call: super invocation of method detected.Requires static resolving. 
163350     DEBUG Thread-15       d.u.i.k.j.TypeConverter   typeconverter: (prefix this;, class class de.uka.ilkd.key.java.reference.ThisReference) 
163355     DEBUG Thread-15       d.u.i.k.j.TypeConverter   typeconverter: (prefix this;, class class de.uka.ilkd.key.java.reference.ThisReference) 
163360     DEBUG Thread-15       d.u.i.k.j.TypeConverter   typeconverter: (prefix this;, class class de.uka.ilkd.key.java.reference.ThisReference) 
163405     DEBUG Thread-15       d.u.i.k.r.m.MethodCall    method-call: called for super.<init>(); 
163405     DEBUG Thread-15       d.u.i.k.r.m.MethodCall    method-call: super invocation of method detected.Requires static resolving. 
163416     DEBUG Thread-15       d.u.i.k.j.TypeConverter   typeconverter: (prefix this;, class class de.uka.ilkd.key.java.reference.ThisReference) 
163421     DEBUG Thread-15       d.u.i.k.j.TypeConverter   typeconverter: (prefix this;, class class de.uka.ilkd.key.java.reference.ThisReference) 
163439     DEBUG Thread-15       d.u.i.k.j.TypeConverter   typeconverter: (prefix this;, class class de.uka.ilkd.key.java.reference.ThisReference) 
163455     DEBUG Thread-15       d.u.i.k.j.TypeConverter   typeconverter: (prefix this;, class class de.uka.ilkd.key.java.reference.ThisReference) 
168456     DEBUG Thread-15       d.u.i.k.r.m.MethodCall    method-call: called for super.<init>(); 
168456     DEBUG Thread-15       d.u.i.k.r.m.MethodCall    method-call: super invocation of method detected.Requires static resolving. 
168475     DEBUG Thread-15       d.u.i.k.j.TypeConverter   typeconverter: (prefix this;, class class de.uka.ilkd.key.java.reference.ThisReference) 
168481     DEBUG Thread-15       d.u.i.k.j.TypeConverter   typeconverter: (prefix this;, class class de.uka.ilkd.key.java.reference.ThisReference) 
168504     DEBUG Thread-15       d.u.i.k.j.TypeConverter   typeconverter: (prefix this;, class class de.uka.ilkd.key.java.reference.ThisReference) 
168525     DEBUG Thread-15       d.u.i.k.j.TypeConverter   typeconverter: (prefix this;, class class de.uka.ilkd.key.java.reference.ThisReference) 
178166     INFO  main            d.u.i.k.p.r.p.TestFile    ... finished proof: closed. 
178387     DEBUG main            d.u.i.k.s.TermLabelSettings TermLabelSettings: Failure while reading the setting "UseOriginLabels".Using the default value: true.The string read was: null 
178387     INFO  main            d.u.i.k.p.r.p.TestFile    Now processing file /home/runner/work/key/key/key.core/../key.ui/examples/InformationFlow/SimpleEvoting/simple_evoting.Voter(simple_evoting.Voter__onSendBallot(simple_evoting.Server)).Non-interference contract.0.key 
178387     DEBUG main            d.u.i.k.p.i.KeYFile       Reading KeY file /home/runner/work/key/key/key.core/../key.ui/examples/InformationFlow/SimpleEvoting/simple_evoting.Voter(simple_evoting.Voter__onSendBallot(simple_evoting.Server)).Non-interference contract.0.key 
179399     DEBUG main            d.u.i.k.j.Recoder2KeY     converting now /home/runner/work/key/key/key.core/../key.ui/examples/InformationFlow/SimpleEvoting/src/simple_evoting/Voter.java 
179401     DEBUG main            d.u.i.k.j.Recoder2KeY     converting now /home/runner/work/key/key/key.core/../key.ui/examples/InformationFlow/SimpleEvoting/src/simple_evoting/NetworkClient.java 
179402     DEBUG main            d.u.i.k.j.Recoder2KeY     converting now /home/runner/work/key/key/key.core/../key.ui/examples/InformationFlow/SimpleEvoting/src/simple_evoting/SMT.java 
179402     DEBUG main            d.u.i.k.j.Recoder2KeY     converting now /home/runner/work/key/key/key.core/../key.ui/examples/InformationFlow/SimpleEvoting/src/simple_evoting/Environment.java 
179403     DEBUG main            d.u.i.k.j.Recoder2KeY     converting now /home/runner/work/key/key/key.core/../key.ui/examples/InformationFlow/SimpleEvoting/src/simple_evoting/Setup.java 
179404     DEBUG main            d.u.i.k.j.Recoder2KeY     converting now /home/runner/work/key/key/key.core/../key.ui/examples/InformationFlow/SimpleEvoting/src/simple_evoting/Server.java 
179405     DEBUG main            d.u.i.k.j.Recoder2KeY     converting now /home/runner/work/key/key/key.core/../key.ui/examples/InformationFlow/SimpleEvoting/src/simple_evoting/Message.java 
179405     DEBUG main            d.u.i.k.j.Recoder2KeY     converting now /home/runner/work/key/key/key.core/../key.ui/examples/InformationFlow/SimpleEvoting/src/simple_evoting/SMTEnv.java 
179409     DEBUG main            d.u.i.k.s.TermLabelSettings TermLabelSettings: Failure while reading the setting "UseOriginLabels".Using the default value: true.The string read was: null 
179411     DEBUG main            d.u.i.k.p.i.KeYFile       Reading KeY file file:/home/runner/work/key/key/key.core/build/resources/main/de/uka/ilkd/key/java/JavaRedux/java/lang/String.key 
181519     DEBUG main            d.u.i.k.p.i.KeYFile       Reading KeY file /home/runner/work/key/key/key.core/../key.ui/examples/InformationFlow/SimpleEvoting/simple_evoting.Voter(simple_evoting.Voter__onSendBallot(simple_evoting.Server)).Non-interference contract.0.key 
181665     DEBUG Thread-17       d.u.i.k.j.TypeConverter   typeconverter: (prefix this;, class class de.uka.ilkd.key.java.reference.ThisReference) 
181670     DEBUG Thread-17       d.u.i.k.j.TypeConverter   typeconverter: (prefix this;, class class de.uka.ilkd.key.java.reference.ThisReference) 
181678     DEBUG Thread-17       d.u.i.k.j.TypeConverter   typeconverter: (prefix this;, class class de.uka.ilkd.key.java.reference.ThisReference) 
181682     DEBUG Thread-17       d.u.i.k.j.TypeConverter   typeconverter: (prefix this;, class class de.uka.ilkd.key.java.reference.ThisReference) 
181751     DEBUG Thread-17       d.u.i.k.r.m.MethodCall    method-call: called for Message.<createObject>(); 
181751     DEBUG Thread-17       d.u.i.k.r.m.MethodCall    method-call: invocation of static method detected 
181761     DEBUG Thread-17       d.u.i.k.r.m.MethodCall    method-call: called for Message.<createObject>(); 
181762     DEBUG Thread-17       d.u.i.k.r.m.MethodCall    method-call: invocation of static method detected 
181772     DEBUG Thread-17       d.u.i.k.r.m.MethodCall    method-call: called for Message.<allocate>(); 
181772     DEBUG Thread-17       d.u.i.k.r.m.MethodCall    method-call: invocation of static method detected 
181777     DEBUG Thread-17       d.u.i.k.r.m.MethodCall    method-call: called for Message.<allocate>(); 
181777     DEBUG Thread-17       d.u.i.k.r.m.MethodCall    method-call: invocation of static method detected 
181798     DEBUG Thread-17       d.u.i.k.j.TypeConverter   typeconverter: (prefix this;, class class de.uka.ilkd.key.java.reference.ThisReference) 
181820     DEBUG Thread-17       d.u.i.k.j.TypeConverter   typeconverter: (prefix this;, class class de.uka.ilkd.key.java.reference.ThisReference) 
181827     DEBUG Thread-17       d.u.i.k.r.m.MethodCall    method-call: called for <prepareEnter>(); 
181827     DEBUG Thread-17       d.u.i.k.r.m.MethodCall    method-call: invocation of private method detected.Requires static resolving. 
181835     DEBUG Thread-17       d.u.i.k.r.m.MethodCall    method-call: called for <prepareEnter>(); 
181835     DEBUG Thread-17       d.u.i.k.r.m.MethodCall    method-call: invocation of private method detected.Requires static resolving. 
181843     DEBUG Thread-17       d.u.i.k.r.m.MethodCall    method-call: called for super.<prepare>(); 
181843     DEBUG Thread-17       d.u.i.k.r.m.MethodCall    method-call: super invocation of method detected.Requires static resolving. 
181854     DEBUG Thread-17       d.u.i.k.j.TypeConverter   typeconverter: (prefix this;, class class de.uka.ilkd.key.java.reference.ThisReference) 
181859     DEBUG Thread-17       d.u.i.k.j.TypeConverter   typeconverter: (prefix this;, class class de.uka.ilkd.key.java.reference.ThisReference) 
181863     DEBUG Thread-17       d.u.i.k.j.TypeConverter   typeconverter: (prefix this;, class class de.uka.ilkd.key.java.reference.ThisReference) 
181909     DEBUG Thread-17       d.u.i.k.r.m.MethodCall    method-call: called for super.<prepare>(); 
181909     DEBUG Thread-17       d.u.i.k.r.m.MethodCall    method-call: super invocation of method detected.Requires static resolving. 
181919     DEBUG Thread-17       d.u.i.k.j.TypeConverter   typeconverter: (prefix this;, class class de.uka.ilkd.key.java.reference.ThisReference) 
181924     DEBUG Thread-17       d.u.i.k.j.TypeConverter   typeconverter: (prefix this;, class class de.uka.ilkd.key.java.reference.ThisReference) 
181928     DEBUG Thread-17       d.u.i.k.j.TypeConverter   typeconverter: (prefix this;, class class de.uka.ilkd.key.java.reference.ThisReference) 
181991     DEBUG Thread-17       d.u.i.k.r.m.MethodCall    method-call: called for super.<init>(); 
181991     DEBUG Thread-17       d.u.i.k.r.m.MethodCall    method-call: super invocation of method detected.Requires static resolving. 
182002     DEBUG Thread-17       d.u.i.k.j.TypeConverter   typeconverter: (prefix this;, class class de.uka.ilkd.key.java.reference.ThisReference) 
182006     DEBUG Thread-17       d.u.i.k.j.TypeConverter   typeconverter: (prefix this;, class class de.uka.ilkd.key.java.reference.ThisReference) 
182024     DEBUG Thread-17       d.u.i.k.j.TypeConverter   typeconverter: (prefix this;, class class de.uka.ilkd.key.java.reference.ThisReference) 
182039     DEBUG Thread-17       d.u.i.k.j.TypeConverter   typeconverter: (prefix this;, class class de.uka.ilkd.key.java.reference.ThisReference) 
188471     DEBUG Thread-17       d.u.i.k.r.m.MethodCall    method-call: called for super.<init>(); 
188472     DEBUG Thread-17       d.u.i.k.r.m.MethodCall    method-call: super invocation of method detected.Requires static resolving. 
188491     DEBUG Thread-17       d.u.i.k.j.TypeConverter   typeconverter: (prefix this;, class class de.uka.ilkd.key.java.reference.ThisReference) 
188496     DEBUG Thread-17       d.u.i.k.j.TypeConverter   typeconverter: (prefix this;, class class de.uka.ilkd.key.java.reference.ThisReference) 
188519     DEBUG Thread-17       d.u.i.k.j.TypeConverter   typeconverter: (prefix this;, class class de.uka.ilkd.key.java.reference.ThisReference) 
188541     DEBUG Thread-17       d.u.i.k.j.TypeConverter   typeconverter: (prefix this;, class class de.uka.ilkd.key.java.reference.ThisReference) 
196720     INFO  main            d.u.i.k.p.r.p.TestFile    ... finished proof: closed. 
1586537    INFO  Test worker     d.u.i.k.p.r.RunAllProofsTestUnit Returning from test SimpleEvoting_nomacro 
1586539    INFO  Test worker     d.u.i.k.p.r.RunAllProofsTestUnit Running test ToyVoting_fullmacro 
333        INFO  Timeout watchdog d.u.i.k.p.r.p.ForkedTestFileRunner Timeout watcher launched (1000 secs.) 
333        WARN  main            d.u.i.k.s.ProofSettings   The settings in /home/runner/.key/proof-settings.props are *not* read. 
361        DEBUG main            d.u.i.k.s.TermLabelSettings TermLabelSettings: Failure while reading the setting "UseOriginLabels".Using the default value: true.The string read was: null 
361        INFO  main            d.u.i.k.p.r.p.TestFile    Now processing file /home/runner/work/key/key/key.core/../key.ui/examples/InformationFlow/ToyVoting/Voter(Voter__insecure_voting()).Non-interference contract.0.m.key 
475        DEBUG main            d.u.i.k.p.i.KeYFile       Reading KeY file /home/runner/work/key/key/key.core/../key.ui/examples/InformationFlow/ToyVoting/Voter(Voter__insecure_voting()).Non-interference contract.0.m.key 
695        DEBUG main            d.u.i.k.p.i.KeYFile       Reading KeY file file:/home/runner/work/key/key/key.core/build/resources/main/de/uka/ilkd/key/proof/rules/standardRules.key 
733        DEBUG main            d.u.i.k.p.i.KeYFile       Reading KeY file file:/home/runner/work/key/key/key.core/build/resources/main/de/uka/ilkd/key/proof/rules/ldt.key 
738        DEBUG main            d.u.i.k.p.i.KeYFile       Reading KeY file file:/home/runner/work/key/key/key.core/build/resources/main/de/uka/ilkd/key/proof/rules/boolean.key 
753        DEBUG main            d.u.i.k.p.i.KeYFile       Reading KeY file file:/home/runner/work/key/key/key.core/build/resources/main/de/uka/ilkd/key/proof/rules/ruleSetsDeclarations.key 
798        DEBUG main            d.u.i.k.p.i.KeYFile       Reading KeY file file:/home/runner/work/key/key/key.core/build/resources/main/de/uka/ilkd/key/proof/rules/integerHeader.key 
811        DEBUG main            d.u.i.k.p.i.KeYFile       Reading KeY file file:/home/runner/work/key/key/key.core/build/resources/main/de/uka/ilkd/key/proof/rules/floatHeader.key 
816        DEBUG main            d.u.i.k.p.i.KeYFile       Reading KeY file file:/home/runner/work/key/key/key.core/build/resources/main/de/uka/ilkd/key/proof/rules/heap.key 
824        DEBUG main            d.u.i.k.p.i.KeYFile       Reading KeY file file:/home/runner/work/key/key/key.core/build/resources/main/de/uka/ilkd/key/proof/rules/locSets.key 
825        DEBUG main            d.u.i.k.p.i.KeYFile       Reading KeY file file:/home/runner/work/key/key/key.core/build/resources/main/de/uka/ilkd/key/proof/rules/permission.key 
827        DEBUG main            d.u.i.k.p.i.KeYFile       Reading KeY file file:/home/runner/work/key/key/key.core/build/resources/main/de/uka/ilkd/key/proof/rules/reach.key 
828        DEBUG main            d.u.i.k.p.i.KeYFile       Reading KeY file file:/home/runner/work/key/key/key.core/build/resources/main/de/uka/ilkd/key/proof/rules/seq.key 
831        DEBUG main            d.u.i.k.p.i.KeYFile       Reading KeY file file:/home/runner/work/key/key/key.core/build/resources/main/de/uka/ilkd/key/proof/rules/map.key 
887        DEBUG main            d.u.i.k.p.i.KeYFile       Reading KeY file file:/home/runner/work/key/key/key.core/build/resources/main/de/uka/ilkd/key/proof/rules/freeADT.key 
888        DEBUG main            d.u.i.k.p.i.KeYFile       Reading KeY file file:/home/runner/work/key/key/key.core/build/resources/main/de/uka/ilkd/key/proof/rules/wellfound.key 
889        DEBUG main            d.u.i.k.p.i.KeYFile       Reading KeY file file:/home/runner/work/key/key/key.core/build/resources/main/de/uka/ilkd/key/proof/rules/charListHeader.key 
1037       DEBUG main            d.u.i.k.p.i.KeYFile       Reading KeY file file:/home/runner/work/key/key/key.core/build/resources/main/de/uka/ilkd/key/proof/rules/propRule.key 
1064       DEBUG main            d.u.i.k.p.i.KeYFile       Reading KeY file file:/home/runner/work/key/key/key.core/build/resources/main/de/uka/ilkd/key/proof/rules/firstOrderRules.key 
1085       DEBUG main            d.u.i.k.p.i.KeYFile       Reading KeY file file:/home/runner/work/key/key/key.core/build/resources/main/de/uka/ilkd/key/proof/rules/ifThenElseRules.key 
1127       DEBUG main            d.u.i.k.p.i.KeYFile       Reading KeY file file:/home/runner/work/key/key/key.core/build/resources/main/de/uka/ilkd/key/proof/rules/formulaNormalisationRules.key 
1255       DEBUG main            d.u.i.k.p.i.KeYFile       Reading KeY file file:/home/runner/work/key/key/key.core/build/resources/main/de/uka/ilkd/key/proof/rules/updateRules.key 
1280       DEBUG main            d.u.i.k.p.i.KeYFile       Reading KeY file file:/home/runner/work/key/key/key.core/build/resources/main/de/uka/ilkd/key/proof/rules/integerRulesCommon.key 
1396       DEBUG main            d.u.i.k.p.i.KeYFile       Reading KeY file file:/home/runner/work/key/key/key.core/build/resources/main/de/uka/ilkd/key/proof/rules/intRules.key 
1426       DEBUG main            d.u.i.k.p.i.KeYFile       Reading KeY file file:/home/runner/work/key/key/key.core/build/resources/main/de/uka/ilkd/key/proof/rules/intRulesUncheckedSemantics.key 
1437       DEBUG main            d.u.i.k.p.i.KeYFile       Reading KeY file file:/home/runner/work/key/key/key.core/build/resources/main/de/uka/ilkd/key/proof/rules/intRulesCheckedSemantics.key 
1443       DEBUG main            d.u.i.k.p.i.KeYFile       Reading KeY file file:/home/runner/work/key/key/key.core/build/resources/main/de/uka/ilkd/key/proof/rules/intRulesJavaSemantics.key 
1456       DEBUG main            d.u.i.k.p.i.KeYFile       Reading KeY file file:/home/runner/work/key/key/key.core/build/resources/main/de/uka/ilkd/key/proof/rules/integerSimplificationRules.key 
1630       DEBUG main            d.u.i.k.j.TypeConverter   No LDT found for Meta 
1631       DEBUG main            d.u.i.k.j.TypeConverter   No LDT found for Meta 
1634       DEBUG main            d.u.i.k.j.TypeConverter   No LDT found for Meta 
1634       DEBUG main            d.u.i.k.j.TypeConverter   No LDT found for Meta 
1666       DEBUG main            d.u.i.k.p.i.KeYFile       Reading KeY file file:/home/runner/work/key/key/key.core/build/resources/main/de/uka/ilkd/key/proof/rules/intDiv.key 
1735       DEBUG main            d.u.i.k.p.i.KeYFile       Reading KeY file file:/home/runner/work/key/key/key.core/build/resources/main/de/uka/ilkd/key/proof/rules/bsum.key 
1815       DEBUG main            d.u.i.k.p.i.KeYFile       Reading KeY file file:/home/runner/work/key/key/key.core/build/resources/main/de/uka/ilkd/key/proof/rules/bprod.key 
1861       DEBUG main            d.u.i.k.p.i.KeYFile       Reading KeY file file:/home/runner/work/key/key/key.core/build/resources/main/de/uka/ilkd/key/proof/rules/binaryAxioms.key 
1868       DEBUG main            d.u.i.k.p.i.KeYFile       Reading KeY file file:/home/runner/work/key/key/key.core/build/resources/main/de/uka/ilkd/key/proof/rules/binaryLemmas.key 
1878       DEBUG main            d.u.i.k.p.i.KeYFile       Reading KeY file file:/home/runner/work/key/key/key.core/build/resources/main/de/uka/ilkd/key/proof/rules/intPow.key 
1893       DEBUG main            d.u.i.k.p.i.KeYFile       Reading KeY file file:/home/runner/work/key/key/key.core/build/resources/main/de/uka/ilkd/key/proof/rules/floatRulesCommon.key 
1920       DEBUG main            d.u.i.k.p.i.KeYFile       Reading KeY file file:/home/runner/work/key/key/key.core/build/resources/main/de/uka/ilkd/key/proof/rules/floatRules.key 
1922       DEBUG main            d.u.i.k.p.i.KeYFile       Reading KeY file file:/home/runner/work/key/key/key.core/build/resources/main/de/uka/ilkd/key/proof/rules/floatRulesVerifyNormal.key 
1922       DEBUG main            d.u.i.k.p.i.KeYFile       Reading KeY file file:/home/runner/work/key/key/key.core/build/resources/main/de/uka/ilkd/key/proof/rules/floatRulesAssumeStrictfp.key 
1954       DEBUG main            d.u.i.k.p.i.KeYFile       Reading KeY file file:/home/runner/work/key/key/key.core/build/resources/main/de/uka/ilkd/key/proof/rules/genericRules.key 
1970       DEBUG main            d.u.i.k.p.i.KeYFile       Reading KeY file file:/home/runner/work/key/key/key.core/build/resources/main/de/uka/ilkd/key/proof/rules/booleanRules.key 
1974       DEBUG main            d.u.i.k.p.i.KeYFile       Reading KeY file file:/home/runner/work/key/key/key.core/build/resources/main/de/uka/ilkd/key/proof/rules/epsilon.key 
1978       DEBUG main            d.u.i.k.p.i.KeYFile       Reading KeY file file:/home/runner/work/key/key/key.core/build/resources/main/de/uka/ilkd/key/proof/rules/locSetsRules.key 
2029       DEBUG main            d.u.i.k.p.i.KeYFile       Reading KeY file file:/home/runner/work/key/key/key.core/build/resources/main/de/uka/ilkd/key/proof/rules/heapRules.key 
2106       DEBUG main            d.u.i.k.p.i.KeYFile       Reading KeY file file:/home/runner/work/key/key/key.core/build/resources/main/de/uka/ilkd/key/proof/rules/permissionRules.key 
2126       DEBUG main            d.u.i.k.p.i.KeYFile       Reading KeY file file:/home/runner/work/key/key/key.core/build/resources/main/de/uka/ilkd/key/proof/rules/reachRules.key 
2153       DEBUG main            d.u.i.k.p.i.KeYFile       Reading KeY file file:/home/runner/work/key/key/key.core/build/resources/main/de/uka/ilkd/key/proof/rules/seqCoreRules.key 
2156       DEBUG main            d.u.i.k.p.i.KeYFile       Reading KeY file file:/home/runner/work/key/key/key.core/build/resources/main/de/uka/ilkd/key/proof/rules/seqRules.key 
2227       DEBUG main            d.u.i.k.p.i.KeYFile       Reading KeY file file:/home/runner/work/key/key/key.core/build/resources/main/de/uka/ilkd/key/proof/rules/seqPerm.key 
2261       DEBUG main            d.u.i.k.p.i.KeYFile       Reading KeY file file:/home/runner/work/key/key/key.core/build/resources/main/de/uka/ilkd/key/proof/rules/seqPerm2.key 
2267       DEBUG main            d.u.i.k.p.i.KeYFile       Reading KeY file file:/home/runner/work/key/key/key.core/build/resources/main/de/uka/ilkd/key/proof/rules/javaRules.key 
2365       DEBUG main            d.u.i.k.p.i.KeYFile       Reading KeY file file:/home/runner/work/key/key/key.core/build/resources/main/de/uka/ilkd/key/proof/rules/assertions.key 
2911       DEBUG main            d.u.i.k.p.i.KeYFile       Reading KeY file file:/home/runner/work/key/key/key.core/build/resources/main/de/uka/ilkd/key/proof/rules/loopRules.key 
2920       DEBUG main            d.u.i.k.p.i.KeYFile       Reading KeY file file:/home/runner/work/key/key/key.core/build/resources/main/de/uka/ilkd/key/proof/rules/activeUse.key 
2960       DEBUG main            d.u.i.k.p.i.KeYFile       Reading KeY file file:/home/runner/work/key/key/key.core/build/resources/main/de/uka/ilkd/key/proof/rules/instanceAllocation.key 
2975       DEBUG main            d.u.i.k.p.i.KeYFile       Reading KeY file file:/home/runner/work/key/key/key.core/build/resources/main/de/uka/ilkd/key/proof/rules/java5.key 
2978       DEBUG main            d.u.i.k.p.i.KeYFile       Reading KeY file file:/home/runner/work/key/key/key.core/build/resources/main/de/uka/ilkd/key/proof/rules/integerAssignment2UpdateRules.key 
3027       DEBUG main            d.u.i.k.p.i.KeYFile       Reading KeY file file:/home/runner/work/key/key/key.core/build/resources/main/de/uka/ilkd/key/proof/rules/floatAssignment2UpdateRules.key 
3047       DEBUG main            d.u.i.k.p.i.KeYFile       Reading KeY file file:/home/runner/work/key/key/key.core/build/resources/main/de/uka/ilkd/key/proof/rules/bigint.key 
3058       DEBUG main            d.u.i.k.j.TypeConverter   No LDT found for JavaBigintExpression 
3060       DEBUG main            d.u.i.k.p.i.KeYFile       Reading KeY file file:/home/runner/work/key/key/key.core/build/resources/main/de/uka/ilkd/key/proof/rules/adtProgramDecompositionRules.key 
3076       DEBUG main            d.u.i.k.p.i.KeYFile       Reading KeY file file:/home/runner/work/key/key/key.core/build/resources/main/de/uka/ilkd/key/proof/rules/precRules.key 
3079       DEBUG main            d.u.i.k.p.i.KeYFile       Reading KeY file file:/home/runner/work/key/key/key.core/build/resources/main/de/uka/ilkd/key/proof/rules/charListRules.key 
3094       DEBUG main            d.u.i.k.p.i.KeYFile       Reading KeY file file:/home/runner/work/key/key/key.core/build/resources/main/de/uka/ilkd/key/proof/rules/regExTheory.key 
3094       DEBUG main            d.u.i.k.p.i.KeYFile       Reading KeY file file:/home/runner/work/key/key/key.core/build/resources/main/de/uka/ilkd/key/proof/rules/regExHeader.key 
3095       DEBUG main            d.u.i.k.p.i.KeYFile       Reading KeY file file:/home/runner/work/key/key/key.core/build/resources/main/de/uka/ilkd/key/proof/rules/regExAxioms.key 
3099       DEBUG main            d.u.i.k.p.i.KeYFile       Reading KeY file file:/home/runner/work/key/key/key.core/build/resources/main/de/uka/ilkd/key/proof/rules/regExLemmaProven.key 
3104       DEBUG main            d.u.i.k.p.i.KeYFile       Reading KeY file file:/home/runner/work/key/key/key.core/build/resources/main/de/uka/ilkd/key/proof/rules/seqEq.key 
3111       DEBUG main            d.u.i.k.p.i.KeYFile       Reading KeY file file:/home/runner/work/key/key/key.core/build/resources/main/de/uka/ilkd/key/proof/rules/infFlow.key 
3117       DEBUG main            d.u.i.k.p.i.KeYFile       Reading KeY file file:/home/runner/work/key/key/key.core/build/resources/main/de/uka/ilkd/key/proof/rules/mapSize.key 
3120       DEBUG main            d.u.i.k.p.i.KeYFile       Reading KeY file file:/home/runner/work/key/key/key.core/build/resources/main/de/uka/ilkd/key/proof/rules/wd.key 
3121       DEBUG main            d.u.i.k.p.i.KeYFile       Reading KeY file file:/home/runner/work/key/key/key.core/build/resources/main/de/uka/ilkd/key/proof/rules/wdHeader.key 
3122       DEBUG main            d.u.i.k.p.i.KeYFile       Reading KeY file file:/home/runner/work/key/key/key.core/build/resources/main/de/uka/ilkd/key/proof/rules/wdGeneralRules.key 
3126       DEBUG main            d.u.i.k.p.i.KeYFile       Reading KeY file file:/home/runner/work/key/key/key.core/build/resources/main/de/uka/ilkd/key/proof/rules/wdNumericalRules.key 
3145       DEBUG main            d.u.i.k.p.i.KeYFile       Reading KeY file file:/home/runner/work/key/key/key.core/build/resources/main/de/uka/ilkd/key/proof/rules/wdLocSetRules.key 
3151       DEBUG main            d.u.i.k.p.i.KeYFile       Reading KeY file file:/home/runner/work/key/key/key.core/build/resources/main/de/uka/ilkd/key/proof/rules/wdHeapRules.key 
3155       DEBUG main            d.u.i.k.p.i.KeYFile       Reading KeY file file:/home/runner/work/key/key/key.core/build/resources/main/de/uka/ilkd/key/proof/rules/wdReachRules.key 
3156       DEBUG main            d.u.i.k.p.i.KeYFile       Reading KeY file file:/home/runner/work/key/key/key.core/build/resources/main/de/uka/ilkd/key/proof/rules/wdSeqRules.key 
3159       DEBUG main            d.u.i.k.p.i.KeYFile       Reading KeY file file:/home/runner/work/key/key/key.core/build/resources/main/de/uka/ilkd/key/proof/rules/wdStringRules.key 
3162       DEBUG main            d.u.i.k.p.i.KeYFile       Reading KeY file file:/home/runner/work/key/key/key.core/build/resources/main/de/uka/ilkd/key/proof/rules/wdRegExRules.key 
3163       DEBUG main            d.u.i.k.p.i.KeYFile       Reading KeY file file:/home/runner/work/key/key/key.core/build/resources/main/de/uka/ilkd/key/proof/rules/wdFormulaRules.key 
3176       DEBUG main            d.u.i.k.p.i.KeYFile       Reading KeY file file:/home/runner/work/key/key/key.core/build/resources/main/de/uka/ilkd/key/proof/rules/loopInvariantRules.key 
3205       DEBUG main            d.u.i.k.p.i.KeYFile       Reading KeY file file:/home/runner/work/key/key/key.core/build/resources/main/de/uka/ilkd/key/proof/rules/forLoopRules.key 
3207       DEBUG main            d.u.i.k.p.i.KeYFile       Reading KeY file file:/home/runner/work/key/key/key.core/build/resources/main/de/uka/ilkd/key/proof/rules/execRules.key 
3265       DEBUG main            d.u.i.k.p.i.KeYFile       Reading KeY file file:/home/runner/work/key/key/key.core/build/resources/main/de/uka/ilkd/key/proof/rules/loopScopeRules.key 
5968       DEBUG main            d.u.i.k.j.Recoder2KeY     converting now /home/runner/work/key/key/key.core/../key.ui/examples/InformationFlow/ToyVoting/src/Voter.java 
6029       DEBUG main            d.u.i.k.s.TermLabelSettings TermLabelSettings: Failure while reading the setting "UseOriginLabels".Using the default value: true.The string read was: null 
6041       DEBUG main            d.u.i.k.p.i.KeYFile       Reading KeY file file:/home/runner/work/key/key/key.core/build/resources/main/de/uka/ilkd/key/java/JavaRedux/java/lang/String.key 
8481       DEBUG main            d.u.i.k.p.i.KeYFile       Reading KeY file /home/runner/work/key/key/key.core/../key.ui/examples/InformationFlow/ToyVoting/Voter(Voter__insecure_voting()).Non-interference contract.0.m.key 
8557       DEBUG main            d.u.i.k.m.s.ProofScriptEngine 1: 'macro 'infflow-autopilot'' 
8854       DEBUG main            d.u.i.k.p.m.ProofCorrectnessMgt No justification found for rule Class_invariant_axiom_for_Voter 
9017       DEBUG main            d.u.i.k.p.m.ProofCorrectnessMgt No justification found for rule Class_invariant_axiom_for_Voter 
9019       DEBUG main            d.u.i.k.p.m.ProofCorrectnessMgt No justification found for rule Class_invariant_axiom_for_Voter 
9138       DEBUG main            d.u.i.k.j.TypeConverter   typeconverter: (prefix this;, class class de.uka.ilkd.key.java.reference.ThisReference) 
9209       DEBUG main            d.u.i.k.p.m.ProofCorrectnessMgt No justification found for rule Class_invariant_axiom_for_Voter 
9211       DEBUG main            d.u.i.k.p.m.ProofCorrectnessMgt No justification found for rule Class_invariant_axiom_for_Voter 
9257       DEBUG main            d.u.i.k.p.m.ProofCorrectnessMgt No justification found for rule Class_invariant_axiom_for_Voter 
9260       DEBUG main            d.u.i.k.p.m.ProofCorrectnessMgt No justification found for rule Class_invariant_axiom_for_Voter 
9319       DEBUG main            d.u.i.k.j.TypeConverter   typeconverter: (prefix this;, class class de.uka.ilkd.key.java.reference.ThisReference) 
9325       DEBUG main            d.u.i.k.p.m.ProofCorrectnessMgt No justification found for rule Class_invariant_axiom_for_Voter 
9326       DEBUG main            d.u.i.k.p.m.ProofCorrectnessMgt No justification found for rule Class_invariant_axiom_for_Voter 
9348       DEBUG main            d.u.i.k.j.TypeConverter   TypeConverter: FieldReference: low_numOfVotes; 
9391       DEBUG main            d.u.i.k.j.TypeConverter   TypeConverter: FieldReference: low_numOfVotes; 
9465       DEBUG main            d.u.i.k.p.m.ProofCorrectnessMgt No justification found for rule Class_invariant_axiom_for_Voter 
9467       DEBUG main            d.u.i.k.p.m.ProofCorrectnessMgt No justification found for rule Class_invariant_axiom_for_Voter 
9494       DEBUG main            d.u.i.k.j.TypeConverter   typeconverter: (prefix this;, class class de.uka.ilkd.key.java.reference.ThisReference) 
9548       DEBUG main            d.u.i.k.p.m.ProofCorrectnessMgt No justification found for rule Class_invariant_axiom_for_Voter 
9550       DEBUG main            d.u.i.k.p.m.ProofCorrectnessMgt No justification found for rule Class_invariant_axiom_for_Voter 
9587       DEBUG main            d.u.i.k.p.m.ProofCorrectnessMgt No justification found for rule Class_invariant_axiom_for_Voter 
9588       DEBUG main            d.u.i.k.p.m.ProofCorrectnessMgt No justification found for rule Class_invariant_axiom_for_Voter 
9670       DEBUG main            d.u.i.k.p.m.ProofCorrectnessMgt No justification found for rule Class_invariant_axiom_for_Voter 
9686       DEBUG main            d.u.i.k.p.m.ProofCorrectnessMgt No justification found for rule Class_invariant_axiom_for_Voter 
9753       DEBUG main            d.u.i.k.p.m.ProofCorrectnessMgt No justification found for rule Class_invariant_axiom_for_Voter 
9763       DEBUG main            d.u.i.k.p.m.ProofCorrectnessMgt No justification found for rule Class_invariant_axiom_for_Voter 
9830       DEBUG main            d.u.i.k.p.m.ProofCorrectnessMgt No justification found for rule Class_invariant_axiom_for_Voter 
9846       DEBUG main            d.u.i.k.p.m.ProofCorrectnessMgt No justification found for rule Class_invariant_axiom_for_Voter 
9849       DEBUG main            d.u.i.k.p.m.ProofCorrectnessMgt No justification found for rule Class_invariant_axiom_for_Voter 
36165      INFO  main            d.u.i.k.p.r.p.TestFile    ... finished proof: open goal(s) 
36352      DEBUG main            d.u.i.k.s.TermLabelSettings TermLabelSettings: Failure while reading the setting "UseOriginLabels".Using the default value: true.The string read was: null 
36352      INFO  main            d.u.i.k.p.r.p.TestFile    Now processing file /home/runner/work/key/key/key.core/../key.ui/examples/InformationFlow/ToyVoting/Voter(Voter__publishVoterParticipation()).Non-interference contract.0.m.key 
36354      DEBUG main            d.u.i.k.p.i.KeYFile       Reading KeY file /home/runner/work/key/key/key.core/../key.ui/examples/InformationFlow/ToyVoting/Voter(Voter__publishVoterParticipation()).Non-interference contract.0.m.key 
37397      DEBUG main            d.u.i.k.j.Recoder2KeY     converting now /home/runner/work/key/key/key.core/../key.ui/examples/InformationFlow/ToyVoting/src/Voter.java 
37416      DEBUG main            d.u.i.k.s.TermLabelSettings TermLabelSettings: Failure while reading the setting "UseOriginLabels".Using the default value: true.The string read was: null 
37418      DEBUG main            d.u.i.k.p.i.KeYFile       Reading KeY file file:/home/runner/work/key/key/key.core/build/resources/main/de/uka/ilkd/key/java/JavaRedux/java/lang/String.key 
39291      DEBUG main            d.u.i.k.p.i.KeYFile       Reading KeY file /home/runner/work/key/key/key.core/../key.ui/examples/InformationFlow/ToyVoting/Voter(Voter__publishVoterParticipation()).Non-interference contract.0.m.key 
39292      DEBUG main            d.u.i.k.m.s.ProofScriptEngine 1: 'macro 'infflow-autopilot'' 
39337      DEBUG main            d.u.i.k.p.m.ProofCorrectnessMgt No justification found for rule Class_invariant_axiom_for_Voter 
39350      DEBUG main            d.u.i.k.j.TypeConverter   TypeConverter: FieldReference: low_numOfVotes; 
39358      DEBUG main            d.u.i.k.j.TypeConverter   TypeConverter: FieldReference: low_NUM_OF_VOTERS; 
39359      DEBUG main            d.u.i.k.j.TypeConverter   TypeConverter: FieldReference: low_NUM_OF_VOTERS; 
39364      DEBUG main            d.u.i.k.j.TypeConverter   TypeConverter: FieldReference: low_outputStream; 
39487      INFO  main            d.u.i.k.p.r.p.TestFile    ... finished proof: closed. 
39723      DEBUG main            d.u.i.k.s.TermLabelSettings TermLabelSettings: Failure while reading the setting "UseOriginLabels".Using the default value: true.The string read was: null 
39723      INFO  main            d.u.i.k.p.r.p.TestFile    Now processing file /home/runner/work/key/key/key.core/../key.ui/examples/InformationFlow/ToyVoting/Voter(Voter__isValid(int)).Non-interference contract.0.m.key 
39723      DEBUG main            d.u.i.k.p.i.KeYFile       Reading KeY file /home/runner/work/key/key/key.core/../key.ui/examples/InformationFlow/ToyVoting/Voter(Voter__isValid(int)).Non-interference contract.0.m.key 
40655      DEBUG main            d.u.i.k.j.Recoder2KeY     converting now /home/runner/work/key/key/key.core/../key.ui/examples/InformationFlow/ToyVoting/src/Voter.java 
40661      DEBUG main            d.u.i.k.s.TermLabelSettings TermLabelSettings: Failure while reading the setting "UseOriginLabels".Using the default value: true.The string read was: null 
40663      DEBUG main            d.u.i.k.p.i.KeYFile       Reading KeY file file:/home/runner/work/key/key/key.core/build/resources/main/de/uka/ilkd/key/java/JavaRedux/java/lang/String.key 
42460      DEBUG main            d.u.i.k.p.i.KeYFile       Reading KeY file /home/runner/work/key/key/key.core/../key.ui/examples/InformationFlow/ToyVoting/Voter(Voter__isValid(int)).Non-interference contract.0.m.key 
42461      DEBUG main            d.u.i.k.m.s.ProofScriptEngine 1: 'macro 'infflow-autopilot'' 
42513      DEBUG main            d.u.i.k.p.m.ProofCorrectnessMgt No justification found for rule Class_invariant_axiom_for_Voter 
42826      INFO  main            d.u.i.k.p.r.p.TestFile    ... finished proof: closed. 
42988      DEBUG main            d.u.i.k.s.TermLabelSettings TermLabelSettings: Failure while reading the setting "UseOriginLabels".Using the default value: true.The string read was: null 
42988      INFO  main            d.u.i.k.p.r.p.TestFile    Now processing file /home/runner/work/key/key/key.core/../key.ui/examples/InformationFlow/ToyVoting/Voter(Voter__sendVote(int)).Non-interference contract.0.m.key 
42988      DEBUG main            d.u.i.k.p.i.KeYFile       Reading KeY file /home/runner/work/key/key/key.core/../key.ui/examples/InformationFlow/ToyVoting/Voter(Voter__sendVote(int)).Non-interference contract.0.m.key 
43874      DEBUG main            d.u.i.k.j.Recoder2KeY     converting now /home/runner/work/key/key/key.core/../key.ui/examples/InformationFlow/ToyVoting/src/Voter.java 
43881      DEBUG main            d.u.i.k.s.TermLabelSettings TermLabelSettings: Failure while reading the setting "UseOriginLabels".Using the default value: true.The string read was: null 
43882      DEBUG main            d.u.i.k.p.i.KeYFile       Reading KeY file file:/home/runner/work/key/key/key.core/build/resources/main/de/uka/ilkd/key/java/JavaRedux/java/lang/String.key 
45688      DEBUG main            d.u.i.k.p.i.KeYFile       Reading KeY file /home/runner/work/key/key/key.core/../key.ui/examples/InformationFlow/ToyVoting/Voter(Voter__sendVote(int)).Non-interference contract.0.m.key 
45688      DEBUG main            d.u.i.k.m.s.ProofScriptEngine 1: 'macro 'infflow-autopilot'' 
45729      DEBUG main            d.u.i.k.p.m.ProofCorrectnessMgt No justification found for rule Class_invariant_axiom_for_Voter 
45734      DEBUG main            d.u.i.k.j.TypeConverter   TypeConverter: FieldReference: low_outputStreamAvailable; 
45948      INFO  main            d.u.i.k.p.r.p.TestFile    ... finished proof: closed. 
46086      DEBUG main            d.u.i.k.s.TermLabelSettings TermLabelSettings: Failure while reading the setting "UseOriginLabels".Using the default value: true.The string read was: null 
46086      INFO  main            d.u.i.k.p.r.p.TestFile    Now processing file /home/runner/work/key/key/key.core/../key.ui/examples/InformationFlow/ToyVoting/Voter(Voter__inputVote()).Non-interference contract.0.m.key 
46086      DEBUG main            d.u.i.k.p.i.KeYFile       Reading KeY file /home/runner/work/key/key/key.core/../key.ui/examples/InformationFlow/ToyVoting/Voter(Voter__inputVote()).Non-interference contract.0.m.key 
47000      DEBUG main            d.u.i.k.j.Recoder2KeY     converting now /home/runner/work/key/key/key.core/../key.ui/examples/InformationFlow/ToyVoting/src/Voter.java 
47007      DEBUG main            d.u.i.k.s.TermLabelSettings TermLabelSettings: Failure while reading the setting "UseOriginLabels".Using the default value: true.The string read was: null 
47008      DEBUG main            d.u.i.k.p.i.KeYFile       Reading KeY file file:/home/runner/work/key/key/key.core/build/resources/main/de/uka/ilkd/key/java/JavaRedux/java/lang/String.key 
48804      DEBUG main            d.u.i.k.p.i.KeYFile       Reading KeY file /home/runner/work/key/key/key.core/../key.ui/examples/InformationFlow/ToyVoting/Voter(Voter__inputVote()).Non-interference contract.0.m.key 
48804      DEBUG main            d.u.i.k.m.s.ProofScriptEngine 1: 'macro 'infflow-autopilot'' 
48845      DEBUG main            d.u.i.k.p.m.ProofCorrectnessMgt No justification found for rule Class_invariant_axiom_for_Voter 
48851      DEBUG main            d.u.i.k.j.TypeConverter   TypeConverter: FieldReference: high_inputStream; 
48942      INFO  main            d.u.i.k.p.r.p.TestFile    ... finished proof: closed. 
49086      DEBUG main            d.u.i.k.s.TermLabelSettings TermLabelSettings: Failure while reading the setting "UseOriginLabels".Using the default value: true.The string read was: null 
49086      INFO  main            d.u.i.k.p.r.p.TestFile    Now processing file /home/runner/work/key/key/key.core/../key.ui/examples/InformationFlow/ToyVoting/Voter(Voter__secure_voting()).Non-interference contract.0.m.key 
49087      DEBUG main            d.u.i.k.p.i.KeYFile       Reading KeY file /home/runner/work/key/key/key.core/../key.ui/examples/InformationFlow/ToyVoting/Voter(Voter__secure_voting()).Non-interference contract.0.m.key 
49937      DEBUG main            d.u.i.k.j.Recoder2KeY     converting now /home/runner/work/key/key/key.core/../key.ui/examples/InformationFlow/ToyVoting/src/Voter.java 
49944      DEBUG main            d.u.i.k.s.TermLabelSettings TermLabelSettings: Failure while reading the setting "UseOriginLabels".Using the default value: true.The string read was: null 
49945      DEBUG main            d.u.i.k.p.i.KeYFile       Reading KeY file file:/home/runner/work/key/key/key.core/build/resources/main/de/uka/ilkd/key/java/JavaRedux/java/lang/String.key 
51789      DEBUG main            d.u.i.k.p.i.KeYFile       Reading KeY file /home/runner/work/key/key/key.core/../key.ui/examples/InformationFlow/ToyVoting/Voter(Voter__secure_voting()).Non-interference contract.0.m.key 
51789      DEBUG main            d.u.i.k.m.s.ProofScriptEngine 1: 'macro 'infflow-autopilot'' 
51829      DEBUG main            d.u.i.k.p.m.ProofCorrectnessMgt No justification found for rule Class_invariant_axiom_for_Voter 
51848      DEBUG main            d.u.i.k.r.m.WhileLoopTransformation While-Loop-Tranform-Result: {
  int i = 0;
  while (i < low_NUM_OF_VOTERS) {
    {
      int high_vote = inputVote();
      {
        if (isValid(high_vote)) {
          this.high_voteValid = true;
          this.low_sendSuccessful = sendVote(high_vote);
        } else {
          this.high_voteValid = false;
          this.low_sendSuccessful = sendVote(0);
        }
      }
      {
        low_numOfVotes = (this.low_sendSuccessful ?
                            low_numOfVotes + 1 :
                            low_numOfVotes);
      }
    }
    i++;
  }
} 
51869      DEBUG main            d.u.i.k.r.m.WhileLoopTransformation While-Loop-Tranform-Result: try {
  {
    if (i < low_NUM_OF_VOTERS) {
      {
        int high_vote = inputVote();
        {
          if (isValid(high_vote)) {
            this.high_voteValid = true;
            this.low_sendSuccessful = sendVote(
              high_vote
            );
          } else {
            this.high_voteValid = false;
            this.low_sendSuccessful = sendVote(0);
          }
        }
        {
          low_numOfVotes = (this.low_sendSuccessful ?
                              low_numOfVotes + 1 :
                              low_numOfVotes);
        }
      }
      i++;
    }
  }
} catch (java.lang.Throwable e#5) {
  exc#4 = true;
  thrownExc#6 = e#5;
} 
51937      DEBUG main            d.u.i.k.p.m.ProofCorrectnessMgt No justification found for rule Class_invariant_axiom_for_Voter 
51938      DEBUG main            d.u.i.k.j.TypeConverter   TypeConverter: FieldReference: low_NUM_OF_VOTERS; 
51942      DEBUG main            d.u.i.k.j.TypeConverter   TypeConverter: FieldReference: low_NUM_OF_VOTERS; 
51946      DEBUG main            d.u.i.k.j.TypeConverter   TypeConverter: FieldReference: low_NUM_OF_VOTERS; 
51990      DEBUG main            d.u.i.k.p.m.ProofCorrectnessMgt No justification found for rule Class_invariant_axiom_for_Voter 
51991      DEBUG main            d.u.i.k.p.m.ProofCorrectnessMgt No justification found for rule Class_invariant_axiom_for_Voter 
52093      DEBUG main            d.u.i.k.p.m.ProofCorrectnessMgt No justification found for rule Class_invariant_axiom_for_Voter 
52242      DEBUG main            d.u.i.k.p.m.ProofCorrectnessMgt No justification found for rule Class_invariant_axiom_for_Voter 
52245      DEBUG main            d.u.i.k.p.m.ProofCorrectnessMgt No justification found for rule Class_invariant_axiom_for_Voter 
52280      DEBUG main            d.u.i.k.j.TypeConverter   TypeConverter: FieldReference: low_NUM_OF_VOTERS; 
52294      DEBUG main            d.u.i.k.j.TypeConverter   TypeConverter: FieldReference: low_NUM_OF_VOTERS; 
52419      DEBUG main            d.u.i.k.j.TypeConverter   TypeConverter: FieldReference: low_NUM_OF_VOTERS; 
52424      DEBUG main            d.u.i.k.j.TypeConverter   TypeConverter: FieldReference: low_NUM_OF_VOTERS; 
52466      DEBUG main            d.u.i.k.p.m.ProofCorrectnessMgt No justification found for rule Class_invariant_axiom_for_Voter 
52575      DEBUG main            d.u.i.k.p.m.ProofCorrectnessMgt No justification found for rule Class_invariant_axiom_for_Voter 
52580      DEBUG main            d.u.i.k.p.m.ProofCorrectnessMgt No justification found for rule Class_invariant_axiom_for_Voter 
52597      DEBUG main            d.u.i.k.p.m.ProofCorrectnessMgt No justification found for rule Class_invariant_axiom_for_Voter 
52752      DEBUG main            d.u.i.k.p.m.ProofCorrectnessMgt No justification found for rule Class_invariant_axiom_for_Voter 
52759      DEBUG main            d.u.i.k.p.m.ProofCorrectnessMgt No justification found for rule Class_invariant_axiom_for_Voter 
52878      DEBUG main            d.u.i.k.j.TypeConverter   typeconverter: (prefix this;, class class de.uka.ilkd.key.java.reference.ThisReference) 
52950      DEBUG main            d.u.i.k.j.TypeConverter   typeconverter: (prefix this;, class class de.uka.ilkd.key.java.reference.ThisReference) 
52986      DEBUG main            d.u.i.k.j.TypeConverter   TypeConverter: FieldReference: low_numOfVotes; 
53051      DEBUG main            d.u.i.k.j.TypeConverter   TypeConverter: FieldReference: low_numOfVotes; 
53318      DEBUG main            d.u.i.k.j.TypeConverter   TypeConverter: FieldReference: low_NUM_OF_VOTERS; 
53363      DEBUG main            d.u.i.k.j.TypeConverter   TypeConverter: FieldReference: low_numOfVotes; 
53379      DEBUG main            d.u.i.k.j.TypeConverter   TypeConverter: FieldReference: low_numOfVotes; 
53522      DEBUG main            d.u.i.k.j.TypeConverter   TypeConverter: FieldReference: low_NUM_OF_VOTERS; 
53801      DEBUG main            d.u.i.k.p.m.ProofCorrectnessMgt No justification found for rule Class_invariant_axiom_for_Voter 
53805      DEBUG main            d.u.i.k.p.m.ProofCorrectnessMgt No justification found for rule Class_invariant_axiom_for_Voter 
53850      DEBUG main            d.u.i.k.p.m.ProofCorrectnessMgt No justification found for rule Class_invariant_axiom_for_Voter 
53854      DEBUG main            d.u.i.k.p.m.ProofCorrectnessMgt No justification found for rule Class_invariant_axiom_for_Voter 
53900      DEBUG main            d.u.i.k.p.m.ProofCorrectnessMgt No justification found for rule Class_invariant_axiom_for_Voter 
53904      DEBUG main            d.u.i.k.p.m.ProofCorrectnessMgt No justification found for rule Class_invariant_axiom_for_Voter 
53985      DEBUG main            d.u.i.k.p.m.ProofCorrectnessMgt No justification found for rule Class_invariant_axiom_for_Voter 
53989      DEBUG main            d.u.i.k.p.m.ProofCorrectnessMgt No justification found for rule Class_invariant_axiom_for_Voter 
54160      DEBUG main            d.u.i.k.p.m.ProofCorrectnessMgt No justification found for rule Class_invariant_axiom_for_Voter 
54164      DEBUG main            d.u.i.k.p.m.ProofCorrectnessMgt No justification found for rule Class_invariant_axiom_for_Voter 
54189      DEBUG main            d.u.i.k.p.m.ProofCorrectnessMgt No justification found for rule Class_invariant_axiom_for_Voter 
54264      DEBUG main            d.u.i.k.p.m.ProofCorrectnessMgt No justification found for rule Class_invariant_axiom_for_Voter 
54267      DEBUG main            d.u.i.k.j.TypeConverter   TypeConverter: FieldReference: low_NUM_OF_VOTERS; 
54287      DEBUG main            d.u.i.k.j.TypeConverter   TypeConverter: FieldReference: low_NUM_OF_VOTERS; 
54352      DEBUG main            d.u.i.k.p.m.ProofCorrectnessMgt No justification found for rule Class_invariant_axiom_for_Voter 
54353      DEBUG main            d.u.i.k.p.m.ProofCorrectnessMgt No justification found for rule Class_invariant_axiom_for_Voter 
54381      DEBUG main            d.u.i.k.j.TypeConverter   typeconverter: (prefix this;, class class de.uka.ilkd.key.java.reference.ThisReference) 
54399      DEBUG main            d.u.i.k.j.TypeConverter   TypeConverter: FieldReference: low_numOfVotes; 
54409      DEBUG main            d.u.i.k.j.TypeConverter   TypeConverter: FieldReference: low_numOfVotes; 
54454      DEBUG main            d.u.i.k.j.TypeConverter   TypeConverter: FieldReference: low_NUM_OF_VOTERS; 
54469      DEBUG main            d.u.i.k.j.TypeConverter   TypeConverter: FieldReference: low_numOfVotes; 
54489      DEBUG main            d.u.i.k.j.TypeConverter   TypeConverter: FieldReference: low_numOfVotes; 
54530      DEBUG main            d.u.i.k.j.TypeConverter   TypeConverter: FieldReference: low_NUM_OF_VOTERS; 
54779      DEBUG main            d.u.i.k.p.m.ProofCorrectnessMgt No justification found for rule Class_invariant_axiom_for_Voter 
54812      DEBUG main            d.u.i.k.p.m.ProofCorrectnessMgt No justification found for rule Class_invariant_axiom_for_Voter 
54814      DEBUG main            d.u.i.k.p.m.ProofCorrectnessMgt No justification found for rule Class_invariant_axiom_for_Voter 
54828      DEBUG main            d.u.i.k.p.m.ProofCorrectnessMgt No justification found for rule Class_invariant_axiom_for_Voter 
54865      DEBUG main            d.u.i.k.p.m.ProofCorrectnessMgt No justification found for rule Class_invariant_axiom_for_Voter 
54868      DEBUG main            d.u.i.k.p.m.ProofCorrectnessMgt No justification found for rule Class_invariant_axiom_for_Voter 
54879      DEBUG main            d.u.i.k.j.TypeConverter   typeconverter: (prefix this;, class class de.uka.ilkd.key.java.reference.ThisReference) 
54889      DEBUG main            d.u.i.k.j.TypeConverter   typeconverter: (prefix this;, class class de.uka.ilkd.key.java.reference.ThisReference) 
54912      DEBUG main            d.u.i.k.p.m.ProofCorrectnessMgt No justification found for rule Class_invariant_axiom_for_Voter 
54963      DEBUG main            d.u.i.k.p.m.ProofCorrectnessMgt No justification found for rule Class_invariant_axiom_for_Voter 
54967      DEBUG main            d.u.i.k.p.m.ProofCorrectnessMgt No justification found for rule Class_invariant_axiom_for_Voter 
55054      DEBUG main            d.u.i.k.j.TypeConverter   typeconverter: (prefix this;, class class de.uka.ilkd.key.java.reference.ThisReference) 
55079      DEBUG main            d.u.i.k.p.m.ProofCorrectnessMgt No justification found for rule Class_invariant_axiom_for_Voter 
55112      DEBUG main            d.u.i.k.j.TypeConverter   typeconverter: (prefix this;, class class de.uka.ilkd.key.java.reference.ThisReference) 
55127      DEBUG main            d.u.i.k.p.m.ProofCorrectnessMgt No justification found for rule Class_invariant_axiom_for_Voter 
55131      DEBUG main            d.u.i.k.p.m.ProofCorrectnessMgt No justification found for rule Class_invariant_axiom_for_Voter 
55353      DEBUG main            d.u.i.k.p.m.ProofCorrectnessMgt No justification found for rule Class_invariant_axiom_for_Voter 
55358      DEBUG main            d.u.i.k.p.m.ProofCorrectnessMgt No justification found for rule Class_invariant_axiom_for_Voter 
55415      DEBUG main            d.u.i.k.p.m.ProofCorrectnessMgt No justification found for rule Class_invariant_axiom_for_Voter 
55418      DEBUG main            d.u.i.k.p.m.ProofCorrectnessMgt No justification found for rule Class_invariant_axiom_for_Voter 
55452      DEBUG main            d.u.i.k.p.m.ProofCorrectnessMgt No justification found for rule Class_invariant_axiom_for_Voter 
55455      DEBUG main            d.u.i.k.p.m.ProofCorrectnessMgt No justification found for rule Class_invariant_axiom_for_Voter 
55488      DEBUG main            d.u.i.k.p.m.ProofCorrectnessMgt No justification found for rule Class_invariant_axiom_for_Voter 
55491      DEBUG main            d.u.i.k.p.m.ProofCorrectnessMgt No justification found for rule Class_invariant_axiom_for_Voter 
55518      DEBUG main            d.u.i.k.p.m.ProofCorrectnessMgt No justification found for rule Class_invariant_axiom_for_Voter 
55522      DEBUG main            d.u.i.k.p.m.ProofCorrectnessMgt No justification found for rule Class_invariant_axiom_for_Voter 
55637      DEBUG main            d.u.i.k.p.m.ProofCorrectnessMgt No justification found for rule Class_invariant_axiom_for_Voter 
55642      DEBUG main            d.u.i.k.p.m.ProofCorrectnessMgt No justification found for rule Class_invariant_axiom_for_Voter 
55699      DEBUG main            d.u.i.k.p.m.ProofCorrectnessMgt No justification found for rule Class_invariant_axiom_for_Voter 
55702      DEBUG main            d.u.i.k.p.m.ProofCorrectnessMgt No justification found for rule Class_invariant_axiom_for_Voter 
55736      DEBUG main            d.u.i.k.p.m.ProofCorrectnessMgt No justification found for rule Class_invariant_axiom_for_Voter 
55739      DEBUG main            d.u.i.k.p.m.ProofCorrectnessMgt No justification found for rule Class_invariant_axiom_for_Voter 
55771      DEBUG main            d.u.i.k.p.m.ProofCorrectnessMgt No justification found for rule Class_invariant_axiom_for_Voter 
55774      DEBUG main            d.u.i.k.p.m.ProofCorrectnessMgt No justification found for rule Class_invariant_axiom_for_Voter 
55803      DEBUG main            d.u.i.k.p.m.ProofCorrectnessMgt No justification found for rule Class_invariant_axiom_for_Voter 
55807      DEBUG main            d.u.i.k.p.m.ProofCorrectnessMgt No justification found for rule Class_invariant_axiom_for_Voter 
55915      DEBUG main            d.u.i.k.p.m.ProofCorrectnessMgt No justification found for rule Class_invariant_axiom_for_Voter 
55921      DEBUG main            d.u.i.k.p.m.ProofCorrectnessMgt No justification found for rule Class_invariant_axiom_for_Voter 
55978      DEBUG main            d.u.i.k.p.m.ProofCorrectnessMgt No justification found for rule Class_invariant_axiom_for_Voter 
55982      DEBUG main            d.u.i.k.p.m.ProofCorrectnessMgt No justification found for rule Class_invariant_axiom_for_Voter 
56015      DEBUG main            d.u.i.k.p.m.ProofCorrectnessMgt No justification found for rule Class_invariant_axiom_for_Voter 
56019      DEBUG main            d.u.i.k.p.m.ProofCorrectnessMgt No justification found for rule Class_invariant_axiom_for_Voter 
56051      DEBUG main            d.u.i.k.p.m.ProofCorrectnessMgt No justification found for rule Class_invariant_axiom_for_Voter 
56054      DEBUG main            d.u.i.k.p.m.ProofCorrectnessMgt No justification found for rule Class_invariant_axiom_for_Voter 
56083      DEBUG main            d.u.i.k.p.m.ProofCorrectnessMgt No justification found for rule Class_invariant_axiom_for_Voter 
56087      DEBUG main            d.u.i.k.p.m.ProofCorrectnessMgt No justification found for rule Class_invariant_axiom_for_Voter 
56151      DEBUG main            d.u.i.k.p.m.ProofCorrectnessMgt No justification found for rule Class_invariant_axiom_for_Voter 
56223      DEBUG main            d.u.i.k.p.m.ProofCorrectnessMgt No justification found for rule Class_invariant_axiom_for_Voter 
56224      DEBUG main            d.u.i.k.p.m.ProofCorrectnessMgt No justification found for rule Class_invariant_axiom_for_Voter 
56228      DEBUG main            d.u.i.k.j.TypeConverter   typeconverter: (prefix this;, class class de.uka.ilkd.key.java.reference.ThisReference) 
56256      DEBUG main            d.u.i.k.j.TypeConverter   typeconverter: (prefix this;, class class de.uka.ilkd.key.java.reference.ThisReference) 
56259      DEBUG main            d.u.i.k.p.m.ProofCorrectnessMgt No justification found for rule Class_invariant_axiom_for_Voter 
56260      DEBUG main            d.u.i.k.p.m.ProofCorrectnessMgt No justification found for rule Class_invariant_axiom_for_Voter 
56267      DEBUG main            d.u.i.k.j.TypeConverter   typeconverter: (prefix this;, class class de.uka.ilkd.key.java.reference.ThisReference) 
56353      DEBUG main            d.u.i.k.j.TypeConverter   typeconverter: (prefix this;, class class de.uka.ilkd.key.java.reference.ThisReference) 
56356      DEBUG main            d.u.i.k.p.m.ProofCorrectnessMgt No justification found for rule Class_invariant_axiom_for_Voter 
56356      DEBUG main            d.u.i.k.p.m.ProofCorrectnessMgt No justification found for rule Class_invariant_axiom_for_Voter 
56379      DEBUG main            d.u.i.k.p.m.ProofCorrectnessMgt No justification found for rule Class_invariant_axiom_for_Voter 
56396      DEBUG main            d.u.i.k.p.m.ProofCorrectnessMgt No justification found for rule Class_invariant_axiom_for_Voter 
56397      DEBUG main            d.u.i.k.p.m.ProofCorrectnessMgt No justification found for rule Class_invariant_axiom_for_Voter 
56823      DEBUG main            d.u.i.k.p.m.ProofCorrectnessMgt No justification found for rule Class_invariant_axiom_for_Voter 
56825      DEBUG main            d.u.i.k.p.m.ProofCorrectnessMgt No justification found for rule Class_invariant_axiom_for_Voter 
56827      DEBUG main            d.u.i.k.p.m.ProofCorrectnessMgt No justification found for rule Class_invariant_axiom_for_Voter 
56830      DEBUG main            d.u.i.k.p.m.ProofCorrectnessMgt No justification found for rule Class_invariant_axiom_for_Voter 
56999      DEBUG main            d.u.i.k.p.m.ProofCorrectnessMgt No justification found for rule Class_invariant_axiom_for_Voter 
57001      DEBUG main            d.u.i.k.p.m.ProofCorrectnessMgt No justification found for rule Class_invariant_axiom_for_Voter 
57034      DEBUG main            d.u.i.k.p.m.ProofCorrectnessMgt No justification found for rule Class_invariant_axiom_for_Voter 
57036      DEBUG main            d.u.i.k.p.m.ProofCorrectnessMgt No justification found for rule Class_invariant_axiom_for_Voter 
57136      DEBUG main            d.u.i.k.p.m.ProofCorrectnessMgt No justification found for rule Class_invariant_axiom_for_Voter 
57139      DEBUG main            d.u.i.k.p.m.ProofCorrectnessMgt No justification found for rule Class_invariant_axiom_for_Voter 
57210      DEBUG main            d.u.i.k.p.m.ProofCorrectnessMgt No justification found for rule Class_invariant_axiom_for_Voter 
57212      DEBUG main            d.u.i.k.p.m.ProofCorrectnessMgt No justification found for rule Class_invariant_axiom_for_Voter 
57349      DEBUG main            d.u.i.k.p.m.ProofCorrectnessMgt No justification found for rule Class_invariant_axiom_for_Voter 
57352      DEBUG main            d.u.i.k.p.m.ProofCorrectnessMgt No justification found for rule Class_invariant_axiom_for_Voter 
57427      DEBUG main            d.u.i.k.p.m.ProofCorrectnessMgt No justification found for rule Class_invariant_axiom_for_Voter 
57429      DEBUG main            d.u.i.k.p.m.ProofCorrectnessMgt No justification found for rule Class_invariant_axiom_for_Voter 
57547      DEBUG main            d.u.i.k.p.m.ProofCorrectnessMgt No justification found for rule Class_invariant_axiom_for_Voter 
57552      DEBUG main            d.u.i.k.p.m.ProofCorrectnessMgt No justification found for rule Class_invariant_axiom_for_Voter 
57616      DEBUG main            d.u.i.k.p.m.ProofCorrectnessMgt No justification found for rule Class_invariant_axiom_for_Voter 
57618      DEBUG main            d.u.i.k.p.m.ProofCorrectnessMgt No justification found for rule Class_invariant_axiom_for_Voter 
57725      DEBUG main            d.u.i.k.p.m.ProofCorrectnessMgt No justification found for rule Class_invariant_axiom_for_Voter 
57728      DEBUG main            d.u.i.k.p.m.ProofCorrectnessMgt No justification found for rule Class_invariant_axiom_for_Voter 
57882      DEBUG main            d.u.i.k.p.m.ProofCorrectnessMgt No justification found for rule Class_invariant_axiom_for_Voter 
57884      DEBUG main            d.u.i.k.p.m.ProofCorrectnessMgt No justification found for rule Class_invariant_axiom_for_Voter 
57966      DEBUG main            d.u.i.k.p.m.ProofCorrectnessMgt No justification found for rule Class_invariant_axiom_for_Voter 
57968      DEBUG main            d.u.i.k.p.m.ProofCorrectnessMgt No justification found for rule Class_invariant_axiom_for_Voter 
58737      DEBUG main            d.u.i.k.p.m.ProofCorrectnessMgt No justification found for rule Class_invariant_axiom_for_Voter 
58739      DEBUG main            d.u.i.k.p.m.ProofCorrectnessMgt No justification found for rule Class_invariant_axiom_for_Voter 
59080      DEBUG main            d.u.i.k.p.m.ProofCorrectnessMgt No justification found for rule Class_invariant_axiom_for_Voter 
59082      DEBUG main            d.u.i.k.p.m.ProofCorrectnessMgt No justification found for rule Class_invariant_axiom_for_Voter 
59209      DEBUG main            d.u.i.k.p.m.ProofCorrectnessMgt No justification found for rule Class_invariant_axiom_for_Voter 
59211      DEBUG main            d.u.i.k.p.m.ProofCorrectnessMgt No justification found for rule Class_invariant_axiom_for_Voter 
59573      DEBUG main            d.u.i.k.p.m.ProofCorrectnessMgt No justification found for rule Class_invariant_axiom_for_Voter 
59575      DEBUG main            d.u.i.k.p.m.ProofCorrectnessMgt No justification found for rule Class_invariant_axiom_for_Voter 
59710      DEBUG main            d.u.i.k.p.m.ProofCorrectnessMgt No justification found for rule Class_invariant_axiom_for_Voter 
59712      DEBUG main            d.u.i.k.p.m.ProofCorrectnessMgt No justification found for rule Class_invariant_axiom_for_Voter 
59866      DEBUG main            d.u.i.k.p.m.ProofCorrectnessMgt No justification found for rule Class_invariant_axiom_for_Voter 
59868      DEBUG main            d.u.i.k.p.m.ProofCorrectnessMgt No justification found for rule Class_invariant_axiom_for_Voter 
59970      DEBUG main            d.u.i.k.p.m.ProofCorrectnessMgt No justification found for rule Class_invariant_axiom_for_Voter 
59972      DEBUG main            d.u.i.k.p.m.ProofCorrectnessMgt No justification found for rule Class_invariant_axiom_for_Voter 
60104      DEBUG main            d.u.i.k.p.m.ProofCorrectnessMgt No justification found for rule Class_invariant_axiom_for_Voter 
60106      DEBUG main            d.u.i.k.p.m.ProofCorrectnessMgt No justification found for rule Class_invariant_axiom_for_Voter 
60227      DEBUG main            d.u.i.k.p.m.ProofCorrectnessMgt No justification found for rule Class_invariant_axiom_for_Voter 
60229      DEBUG main            d.u.i.k.p.m.ProofCorrectnessMgt No justification found for rule Class_invariant_axiom_for_Voter 
61264      INFO  main            d.u.i.k.p.r.p.TestFile    ... finished proof: closed. 
1648189    INFO  Test worker     d.u.i.k.p.r.RunAllProofsTestUnit Returning from test ToyVoting_fullmacro 
1648191    INFO  Test worker     d.u.i.k.p.r.RunAllProofsTestUnit Running test SumExample_fullmacro 
373        INFO  Timeout watchdog d.u.i.k.p.r.p.ForkedTestFileRunner Timeout watcher launched (1000 secs.) 
382        WARN  main            d.u.i.k.s.ProofSettings   The settings in /home/runner/.key/proof-settings.props are *not* read. 
415        DEBUG main            d.u.i.k.s.TermLabelSettings TermLabelSettings: Failure while reading the setting "UseOriginLabels".Using the default value: true.The string read was: null 
416        INFO  main            d.u.i.k.p.r.p.TestFile    Now processing file /home/runner/work/key/key/key.core/../key.ui/examples/InformationFlow/Sum/SumExample(SumExample__getSum()).Non-interference contract.0.m.key 
538        DEBUG main            d.u.i.k.p.i.KeYFile       Reading KeY file /home/runner/work/key/key/key.core/../key.ui/examples/InformationFlow/Sum/SumExample(SumExample__getSum()).Non-interference contract.0.m.key 
750        DEBUG main            d.u.i.k.p.i.KeYFile       Reading KeY file file:/home/runner/work/key/key/key.core/build/resources/main/de/uka/ilkd/key/proof/rules/standardRules.key 
795        DEBUG main            d.u.i.k.p.i.KeYFile       Reading KeY file file:/home/runner/work/key/key/key.core/build/resources/main/de/uka/ilkd/key/proof/rules/ldt.key 
801        DEBUG main            d.u.i.k.p.i.KeYFile       Reading KeY file file:/home/runner/work/key/key/key.core/build/resources/main/de/uka/ilkd/key/proof/rules/boolean.key 
828        DEBUG main            d.u.i.k.p.i.KeYFile       Reading KeY file file:/home/runner/work/key/key/key.core/build/resources/main/de/uka/ilkd/key/proof/rules/ruleSetsDeclarations.key 
885        DEBUG main            d.u.i.k.p.i.KeYFile       Reading KeY file file:/home/runner/work/key/key/key.core/build/resources/main/de/uka/ilkd/key/proof/rules/integerHeader.key 
898        DEBUG main            d.u.i.k.p.i.KeYFile       Reading KeY file file:/home/runner/work/key/key/key.core/build/resources/main/de/uka/ilkd/key/proof/rules/floatHeader.key 
904        DEBUG main            d.u.i.k.p.i.KeYFile       Reading KeY file file:/home/runner/work/key/key/key.core/build/resources/main/de/uka/ilkd/key/proof/rules/heap.key 
910        DEBUG main            d.u.i.k.p.i.KeYFile       Reading KeY file file:/home/runner/work/key/key/key.core/build/resources/main/de/uka/ilkd/key/proof/rules/locSets.key 
911        DEBUG main            d.u.i.k.p.i.KeYFile       Reading KeY file file:/home/runner/work/key/key/key.core/build/resources/main/de/uka/ilkd/key/proof/rules/permission.key 
913        DEBUG main            d.u.i.k.p.i.KeYFile       Reading KeY file file:/home/runner/work/key/key/key.core/build/resources/main/de/uka/ilkd/key/proof/rules/reach.key 
914        DEBUG main            d.u.i.k.p.i.KeYFile       Reading KeY file file:/home/runner/work/key/key/key.core/build/resources/main/de/uka/ilkd/key/proof/rules/seq.key 
916        DEBUG main            d.u.i.k.p.i.KeYFile       Reading KeY file file:/home/runner/work/key/key/key.core/build/resources/main/de/uka/ilkd/key/proof/rules/map.key 
982        DEBUG main            d.u.i.k.p.i.KeYFile       Reading KeY file file:/home/runner/work/key/key/key.core/build/resources/main/de/uka/ilkd/key/proof/rules/freeADT.key 
982        DEBUG main            d.u.i.k.p.i.KeYFile       Reading KeY file file:/home/runner/work/key/key/key.core/build/resources/main/de/uka/ilkd/key/proof/rules/wellfound.key 
983        DEBUG main            d.u.i.k.p.i.KeYFile       Reading KeY file file:/home/runner/work/key/key/key.core/build/resources/main/de/uka/ilkd/key/proof/rules/charListHeader.key 
1108       DEBUG main            d.u.i.k.p.i.KeYFile       Reading KeY file file:/home/runner/work/key/key/key.core/build/resources/main/de/uka/ilkd/key/proof/rules/propRule.key 
1131       DEBUG main            d.u.i.k.p.i.KeYFile       Reading KeY file file:/home/runner/work/key/key/key.core/build/resources/main/de/uka/ilkd/key/proof/rules/firstOrderRules.key 
1149       DEBUG main            d.u.i.k.p.i.KeYFile       Reading KeY file file:/home/runner/work/key/key/key.core/build/resources/main/de/uka/ilkd/key/proof/rules/ifThenElseRules.key 
1187       DEBUG main            d.u.i.k.p.i.KeYFile       Reading KeY file file:/home/runner/work/key/key/key.core/build/resources/main/de/uka/ilkd/key/proof/rules/formulaNormalisationRules.key 
1294       DEBUG main            d.u.i.k.p.i.KeYFile       Reading KeY file file:/home/runner/work/key/key/key.core/build/resources/main/de/uka/ilkd/key/proof/rules/updateRules.key 
1313       DEBUG main            d.u.i.k.p.i.KeYFile       Reading KeY file file:/home/runner/work/key/key/key.core/build/resources/main/de/uka/ilkd/key/proof/rules/integerRulesCommon.key 
1405       DEBUG main            d.u.i.k.p.i.KeYFile       Reading KeY file file:/home/runner/work/key/key/key.core/build/resources/main/de/uka/ilkd/key/proof/rules/intRules.key 
1424       DEBUG main            d.u.i.k.p.i.KeYFile       Reading KeY file file:/home/runner/work/key/key/key.core/build/resources/main/de/uka/ilkd/key/proof/rules/intRulesUncheckedSemantics.key 
1434       DEBUG main            d.u.i.k.p.i.KeYFile       Reading KeY file file:/home/runner/work/key/key/key.core/build/resources/main/de/uka/ilkd/key/proof/rules/intRulesCheckedSemantics.key 
1440       DEBUG main            d.u.i.k.p.i.KeYFile       Reading KeY file file:/home/runner/work/key/key/key.core/build/resources/main/de/uka/ilkd/key/proof/rules/intRulesJavaSemantics.key 
1451       DEBUG main            d.u.i.k.p.i.KeYFile       Reading KeY file file:/home/runner/work/key/key/key.core/build/resources/main/de/uka/ilkd/key/proof/rules/integerSimplificationRules.key 
1668       DEBUG main            d.u.i.k.j.TypeConverter   No LDT found for Meta 
1669       DEBUG main            d.u.i.k.j.TypeConverter   No LDT found for Meta 
1670       DEBUG main            d.u.i.k.j.TypeConverter   No LDT found for Meta 
1671       DEBUG main            d.u.i.k.j.TypeConverter   No LDT found for Meta 
1717       DEBUG main            d.u.i.k.p.i.KeYFile       Reading KeY file file:/home/runner/work/key/key/key.core/build/resources/main/de/uka/ilkd/key/proof/rules/intDiv.key 
1778       DEBUG main            d.u.i.k.p.i.KeYFile       Reading KeY file file:/home/runner/work/key/key/key.core/build/resources/main/de/uka/ilkd/key/proof/rules/bsum.key 
1856       DEBUG main            d.u.i.k.p.i.KeYFile       Reading KeY file file:/home/runner/work/key/key/key.core/build/resources/main/de/uka/ilkd/key/proof/rules/bprod.key 
1884       DEBUG main            d.u.i.k.p.i.KeYFile       Reading KeY file file:/home/runner/work/key/key/key.core/build/resources/main/de/uka/ilkd/key/proof/rules/binaryAxioms.key 
1889       DEBUG main            d.u.i.k.p.i.KeYFile       Reading KeY file file:/home/runner/work/key/key/key.core/build/resources/main/de/uka/ilkd/key/proof/rules/binaryLemmas.key 
1898       DEBUG main            d.u.i.k.p.i.KeYFile       Reading KeY file file:/home/runner/work/key/key/key.core/build/resources/main/de/uka/ilkd/key/proof/rules/intPow.key 
1933       DEBUG main            d.u.i.k.p.i.KeYFile       Reading KeY file file:/home/runner/work/key/key/key.core/build/resources/main/de/uka/ilkd/key/proof/rules/floatRulesCommon.key 
1956       DEBUG main            d.u.i.k.p.i.KeYFile       Reading KeY file file:/home/runner/work/key/key/key.core/build/resources/main/de/uka/ilkd/key/proof/rules/floatRules.key 
1957       DEBUG main            d.u.i.k.p.i.KeYFile       Reading KeY file file:/home/runner/work/key/key/key.core/build/resources/main/de/uka/ilkd/key/proof/rules/floatRulesVerifyNormal.key 
1957       DEBUG main            d.u.i.k.p.i.KeYFile       Reading KeY file file:/home/runner/work/key/key/key.core/build/resources/main/de/uka/ilkd/key/proof/rules/floatRulesAssumeStrictfp.key 
1995       DEBUG main            d.u.i.k.p.i.KeYFile       Reading KeY file file:/home/runner/work/key/key/key.core/build/resources/main/de/uka/ilkd/key/proof/rules/genericRules.key 
2011       DEBUG main            d.u.i.k.p.i.KeYFile       Reading KeY file file:/home/runner/work/key/key/key.core/build/resources/main/de/uka/ilkd/key/proof/rules/booleanRules.key 
2014       DEBUG main            d.u.i.k.p.i.KeYFile       Reading KeY file file:/home/runner/work/key/key/key.core/build/resources/main/de/uka/ilkd/key/proof/rules/epsilon.key 
2017       DEBUG main            d.u.i.k.p.i.KeYFile       Reading KeY file file:/home/runner/work/key/key/key.core/build/resources/main/de/uka/ilkd/key/proof/rules/locSetsRules.key 
2062       DEBUG main            d.u.i.k.p.i.KeYFile       Reading KeY file file:/home/runner/work/key/key/key.core/build/resources/main/de/uka/ilkd/key/proof/rules/heapRules.key 
2133       DEBUG main            d.u.i.k.p.i.KeYFile       Reading KeY file file:/home/runner/work/key/key/key.core/build/resources/main/de/uka/ilkd/key/proof/rules/permissionRules.key 
2149       DEBUG main            d.u.i.k.p.i.KeYFile       Reading KeY file file:/home/runner/work/key/key/key.core/build/resources/main/de/uka/ilkd/key/proof/rules/reachRules.key 
2175       DEBUG main            d.u.i.k.p.i.KeYFile       Reading KeY file file:/home/runner/work/key/key/key.core/build/resources/main/de/uka/ilkd/key/proof/rules/seqCoreRules.key 
2178       DEBUG main            d.u.i.k.p.i.KeYFile       Reading KeY file file:/home/runner/work/key/key/key.core/build/resources/main/de/uka/ilkd/key/proof/rules/seqRules.key 
2216       DEBUG main            d.u.i.k.p.i.KeYFile       Reading KeY file file:/home/runner/work/key/key/key.core/build/resources/main/de/uka/ilkd/key/proof/rules/seqPerm.key 
2263       DEBUG main            d.u.i.k.p.i.KeYFile       Reading KeY file file:/home/runner/work/key/key/key.core/build/resources/main/de/uka/ilkd/key/proof/rules/seqPerm2.key 
2269       DEBUG main            d.u.i.k.p.i.KeYFile       Reading KeY file file:/home/runner/work/key/key/key.core/build/resources/main/de/uka/ilkd/key/proof/rules/javaRules.key 
2341       DEBUG main            d.u.i.k.p.i.KeYFile       Reading KeY file file:/home/runner/work/key/key/key.core/build/resources/main/de/uka/ilkd/key/proof/rules/assertions.key 
2769       DEBUG main            d.u.i.k.p.i.KeYFile       Reading KeY file file:/home/runner/work/key/key/key.core/build/resources/main/de/uka/ilkd/key/proof/rules/loopRules.key 
2777       DEBUG main            d.u.i.k.p.i.KeYFile       Reading KeY file file:/home/runner/work/key/key/key.core/build/resources/main/de/uka/ilkd/key/proof/rules/activeUse.key 
2838       DEBUG main            d.u.i.k.p.i.KeYFile       Reading KeY file file:/home/runner/work/key/key/key.core/build/resources/main/de/uka/ilkd/key/proof/rules/instanceAllocation.key 
2856       DEBUG main            d.u.i.k.p.i.KeYFile       Reading KeY file file:/home/runner/work/key/key/key.core/build/resources/main/de/uka/ilkd/key/proof/rules/java5.key 
2859       DEBUG main            d.u.i.k.p.i.KeYFile       Reading KeY file file:/home/runner/work/key/key/key.core/build/resources/main/de/uka/ilkd/key/proof/rules/integerAssignment2UpdateRules.key 
2893       DEBUG main            d.u.i.k.p.i.KeYFile       Reading KeY file file:/home/runner/work/key/key/key.core/build/resources/main/de/uka/ilkd/key/proof/rules/floatAssignment2UpdateRules.key 
2917       DEBUG main            d.u.i.k.p.i.KeYFile       Reading KeY file file:/home/runner/work/key/key/key.core/build/resources/main/de/uka/ilkd/key/proof/rules/bigint.key 
2950       DEBUG main            d.u.i.k.j.TypeConverter   No LDT found for JavaBigintExpression 
2952       DEBUG main            d.u.i.k.p.i.KeYFile       Reading KeY file file:/home/runner/work/key/key/key.core/build/resources/main/de/uka/ilkd/key/proof/rules/adtProgramDecompositionRules.key 
2968       DEBUG main            d.u.i.k.p.i.KeYFile       Reading KeY file file:/home/runner/work/key/key/key.core/build/resources/main/de/uka/ilkd/key/proof/rules/precRules.key 
2971       DEBUG main            d.u.i.k.p.i.KeYFile       Reading KeY file file:/home/runner/work/key/key/key.core/build/resources/main/de/uka/ilkd/key/proof/rules/charListRules.key 
2985       DEBUG main            d.u.i.k.p.i.KeYFile       Reading KeY file file:/home/runner/work/key/key/key.core/build/resources/main/de/uka/ilkd/key/proof/rules/regExTheory.key 
2986       DEBUG main            d.u.i.k.p.i.KeYFile       Reading KeY file file:/home/runner/work/key/key/key.core/build/resources/main/de/uka/ilkd/key/proof/rules/regExHeader.key 
2987       DEBUG main            d.u.i.k.p.i.KeYFile       Reading KeY file file:/home/runner/work/key/key/key.core/build/resources/main/de/uka/ilkd/key/proof/rules/regExAxioms.key 
2990       DEBUG main            d.u.i.k.p.i.KeYFile       Reading KeY file file:/home/runner/work/key/key/key.core/build/resources/main/de/uka/ilkd/key/proof/rules/regExLemmaProven.key 
2996       DEBUG main            d.u.i.k.p.i.KeYFile       Reading KeY file file:/home/runner/work/key/key/key.core/build/resources/main/de/uka/ilkd/key/proof/rules/seqEq.key 
3003       DEBUG main            d.u.i.k.p.i.KeYFile       Reading KeY file file:/home/runner/work/key/key/key.core/build/resources/main/de/uka/ilkd/key/proof/rules/infFlow.key 
3009       DEBUG main            d.u.i.k.p.i.KeYFile       Reading KeY file file:/home/runner/work/key/key/key.core/build/resources/main/de/uka/ilkd/key/proof/rules/mapSize.key 
3012       DEBUG main            d.u.i.k.p.i.KeYFile       Reading KeY file file:/home/runner/work/key/key/key.core/build/resources/main/de/uka/ilkd/key/proof/rules/wd.key 
3014       DEBUG main            d.u.i.k.p.i.KeYFile       Reading KeY file file:/home/runner/work/key/key/key.core/build/resources/main/de/uka/ilkd/key/proof/rules/wdHeader.key 
3016       DEBUG main            d.u.i.k.p.i.KeYFile       Reading KeY file file:/home/runner/work/key/key/key.core/build/resources/main/de/uka/ilkd/key/proof/rules/wdGeneralRules.key 
3021       DEBUG main            d.u.i.k.p.i.KeYFile       Reading KeY file file:/home/runner/work/key/key/key.core/build/resources/main/de/uka/ilkd/key/proof/rules/wdNumericalRules.key 
3043       DEBUG main            d.u.i.k.p.i.KeYFile       Reading KeY file file:/home/runner/work/key/key/key.core/build/resources/main/de/uka/ilkd/key/proof/rules/wdLocSetRules.key 
3048       DEBUG main            d.u.i.k.p.i.KeYFile       Reading KeY file file:/home/runner/work/key/key/key.core/build/resources/main/de/uka/ilkd/key/proof/rules/wdHeapRules.key 
3052       DEBUG main            d.u.i.k.p.i.KeYFile       Reading KeY file file:/home/runner/work/key/key/key.core/build/resources/main/de/uka/ilkd/key/proof/rules/wdReachRules.key 
3053       DEBUG main            d.u.i.k.p.i.KeYFile       Reading KeY file file:/home/runner/work/key/key/key.core/build/resources/main/de/uka/ilkd/key/proof/rules/wdSeqRules.key 
3056       DEBUG main            d.u.i.k.p.i.KeYFile       Reading KeY file file:/home/runner/work/key/key/key.core/build/resources/main/de/uka/ilkd/key/proof/rules/wdStringRules.key 
3058       DEBUG main            d.u.i.k.p.i.KeYFile       Reading KeY file file:/home/runner/work/key/key/key.core/build/resources/main/de/uka/ilkd/key/proof/rules/wdRegExRules.key 
3061       DEBUG main            d.u.i.k.p.i.KeYFile       Reading KeY file file:/home/runner/work/key/key/key.core/build/resources/main/de/uka/ilkd/key/proof/rules/wdFormulaRules.key 
3075       DEBUG main            d.u.i.k.p.i.KeYFile       Reading KeY file file:/home/runner/work/key/key/key.core/build/resources/main/de/uka/ilkd/key/proof/rules/loopInvariantRules.key 
3078       DEBUG main            d.u.i.k.p.i.KeYFile       Reading KeY file file:/home/runner/work/key/key/key.core/build/resources/main/de/uka/ilkd/key/proof/rules/forLoopRules.key 
3082       DEBUG main            d.u.i.k.p.i.KeYFile       Reading KeY file file:/home/runner/work/key/key/key.core/build/resources/main/de/uka/ilkd/key/proof/rules/execRules.key 
3192       DEBUG main            d.u.i.k.p.i.KeYFile       Reading KeY file file:/home/runner/work/key/key/key.core/build/resources/main/de/uka/ilkd/key/proof/rules/loopScopeRules.key 
6107       DEBUG main            d.u.i.k.j.Recoder2KeY     converting now /home/runner/work/key/key/key.core/../key.ui/examples/InformationFlow/Sum/src/SumExample.java 
6158       DEBUG main            d.u.i.k.s.TermLabelSettings TermLabelSettings: Failure while reading the setting "UseOriginLabels".Using the default value: true.The string read was: null 
6176       DEBUG main            d.u.i.k.p.i.KeYFile       Reading KeY file file:/home/runner/work/key/key/key.core/build/resources/main/de/uka/ilkd/key/java/JavaRedux/java/lang/String.key 
8757       DEBUG main            d.u.i.k.p.i.KeYFile       Reading KeY file /home/runner/work/key/key/key.core/../key.ui/examples/InformationFlow/Sum/SumExample(SumExample__getSum()).Non-interference contract.0.m.key 
8797       DEBUG main            d.u.i.k.m.s.ProofScriptEngine 1: 'macro 'infflow-autopilot'' 
9142       DEBUG main            d.u.i.k.p.m.ProofCorrectnessMgt No justification found for rule Class_invariant_axiom_for_SumExample 
9211       DEBUG main            d.u.i.k.r.m.WhileLoopTransformation While-Loop-Tranform-Result: {
  int i = 0;
  while (i < this.values.length) {
    {
      sum_1 += this.values[i];
    }
    i++;
  }
} 
9275       DEBUG main            d.u.i.k.r.m.WhileLoopTransformation While-Loop-Tranform-Result: try {
  {
    if (i < this.values.length) {
      {
        sum_1 += this.values[i];
      }
      i++;
    }
  }
} catch (java.lang.Throwable e#4) {
  exc#3 = true;
  thrownExc#5 = e#4;
} 
9362       DEBUG main            d.u.i.k.j.TypeConverter   typeconverter: (prefix this;, class class de.uka.ilkd.key.java.reference.ThisReference) 
9608       DEBUG main            d.u.i.k.j.TypeConverter   typeconverter: (prefix this;, class class de.uka.ilkd.key.java.reference.ThisReference) 
9666       DEBUG main            d.u.i.k.j.TypeConverter   typeconverter: (prefix this;, class class de.uka.ilkd.key.java.reference.ThisReference) 
9841       DEBUG main            d.u.i.k.j.TypeConverter   typeconverter: (prefix this;, class class de.uka.ilkd.key.java.reference.ThisReference) 
10019      DEBUG main            d.u.i.k.j.TypeConverter   typeconverter: (prefix this;, class class de.uka.ilkd.key.java.reference.ThisReference) 
10123      DEBUG main            d.u.i.k.j.TypeConverter   typeconverter: (prefix this;, class class de.uka.ilkd.key.java.reference.ThisReference) 
10962      INFO  main            d.u.i.k.p.r.p.TestFile    ... finished proof: closed. 
1659496    INFO  Test worker     d.u.i.k.p.r.RunAllProofsTestUnit Returning from test SumExample_fullmacro 
1659497    INFO  Test worker     d.u.i.k.p.r.RunAllProofsTestUnit Running test ToyBanking_fullmacro 
369        INFO  Timeout watchdog d.u.i.k.p.r.p.ForkedTestFileRunner Timeout watcher launched (1000 secs.) 
382        WARN  main            d.u.i.k.s.ProofSettings   The settings in /home/runner/.key/proof-settings.props are *not* read. 
424        DEBUG main            d.u.i.k.s.TermLabelSettings TermLabelSettings: Failure while reading the setting "UseOriginLabels".Using the default value: true.The string read was: null 
425        INFO  main            d.u.i.k.p.r.p.TestFile    Now processing file /home/runner/work/key/key/key.core/../key.ui/examples/InformationFlow/ToyBanking/banking_example.UserAccount(banking_example.UserAccount__getBankAccount(int)).Non-interference contract.0.m.key 
577        DEBUG main            d.u.i.k.p.i.KeYFile       Reading KeY file /home/runner/work/key/key/key.core/../key.ui/examples/InformationFlow/ToyBanking/banking_example.UserAccount(banking_example.UserAccount__getBankAccount(int)).Non-interference contract.0.m.key 
797        DEBUG main            d.u.i.k.p.i.KeYFile       Reading KeY file file:/home/runner/work/key/key/key.core/build/resources/main/de/uka/ilkd/key/proof/rules/standardRules.key 
840        DEBUG main            d.u.i.k.p.i.KeYFile       Reading KeY file file:/home/runner/work/key/key/key.core/build/resources/main/de/uka/ilkd/key/proof/rules/ldt.key 
848        DEBUG main            d.u.i.k.p.i.KeYFile       Reading KeY file file:/home/runner/work/key/key/key.core/build/resources/main/de/uka/ilkd/key/proof/rules/boolean.key 
866        DEBUG main            d.u.i.k.p.i.KeYFile       Reading KeY file file:/home/runner/work/key/key/key.core/build/resources/main/de/uka/ilkd/key/proof/rules/ruleSetsDeclarations.key 
903        DEBUG main            d.u.i.k.p.i.KeYFile       Reading KeY file file:/home/runner/work/key/key/key.core/build/resources/main/de/uka/ilkd/key/proof/rules/integerHeader.key 
915        DEBUG main            d.u.i.k.p.i.KeYFile       Reading KeY file file:/home/runner/work/key/key/key.core/build/resources/main/de/uka/ilkd/key/proof/rules/floatHeader.key 
923        DEBUG main            d.u.i.k.p.i.KeYFile       Reading KeY file file:/home/runner/work/key/key/key.core/build/resources/main/de/uka/ilkd/key/proof/rules/heap.key 
930        DEBUG main            d.u.i.k.p.i.KeYFile       Reading KeY file file:/home/runner/work/key/key/key.core/build/resources/main/de/uka/ilkd/key/proof/rules/locSets.key 
932        DEBUG main            d.u.i.k.p.i.KeYFile       Reading KeY file file:/home/runner/work/key/key/key.core/build/resources/main/de/uka/ilkd/key/proof/rules/permission.key 
935        DEBUG main            d.u.i.k.p.i.KeYFile       Reading KeY file file:/home/runner/work/key/key/key.core/build/resources/main/de/uka/ilkd/key/proof/rules/reach.key 
935        DEBUG main            d.u.i.k.p.i.KeYFile       Reading KeY file file:/home/runner/work/key/key/key.core/build/resources/main/de/uka/ilkd/key/proof/rules/seq.key 
938        DEBUG main            d.u.i.k.p.i.KeYFile       Reading KeY file file:/home/runner/work/key/key/key.core/build/resources/main/de/uka/ilkd/key/proof/rules/map.key 
1009       DEBUG main            d.u.i.k.p.i.KeYFile       Reading KeY file file:/home/runner/work/key/key/key.core/build/resources/main/de/uka/ilkd/key/proof/rules/freeADT.key 
1011       DEBUG main            d.u.i.k.p.i.KeYFile       Reading KeY file file:/home/runner/work/key/key/key.core/build/resources/main/de/uka/ilkd/key/proof/rules/wellfound.key 
1013       DEBUG main            d.u.i.k.p.i.KeYFile       Reading KeY file file:/home/runner/work/key/key/key.core/build/resources/main/de/uka/ilkd/key/proof/rules/charListHeader.key 
1136       DEBUG main            d.u.i.k.p.i.KeYFile       Reading KeY file file:/home/runner/work/key/key/key.core/build/resources/main/de/uka/ilkd/key/proof/rules/propRule.key 
1161       DEBUG main            d.u.i.k.p.i.KeYFile       Reading KeY file file:/home/runner/work/key/key/key.core/build/resources/main/de/uka/ilkd/key/proof/rules/firstOrderRules.key 
1181       DEBUG main            d.u.i.k.p.i.KeYFile       Reading KeY file file:/home/runner/work/key/key/key.core/build/resources/main/de/uka/ilkd/key/proof/rules/ifThenElseRules.key 
1224       DEBUG main            d.u.i.k.p.i.KeYFile       Reading KeY file file:/home/runner/work/key/key/key.core/build/resources/main/de/uka/ilkd/key/proof/rules/formulaNormalisationRules.key 
1343       DEBUG main            d.u.i.k.p.i.KeYFile       Reading KeY file file:/home/runner/work/key/key/key.core/build/resources/main/de/uka/ilkd/key/proof/rules/updateRules.key 
1382       DEBUG main            d.u.i.k.p.i.KeYFile       Reading KeY file file:/home/runner/work/key/key/key.core/build/resources/main/de/uka/ilkd/key/proof/rules/integerRulesCommon.key 
1495       DEBUG main            d.u.i.k.p.i.KeYFile       Reading KeY file file:/home/runner/work/key/key/key.core/build/resources/main/de/uka/ilkd/key/proof/rules/intRules.key 
1538       DEBUG main            d.u.i.k.p.i.KeYFile       Reading KeY file file:/home/runner/work/key/key/key.core/build/resources/main/de/uka/ilkd/key/proof/rules/intRulesUncheckedSemantics.key 
1550       DEBUG main            d.u.i.k.p.i.KeYFile       Reading KeY file file:/home/runner/work/key/key/key.core/build/resources/main/de/uka/ilkd/key/proof/rules/intRulesCheckedSemantics.key 
1566       DEBUG main            d.u.i.k.p.i.KeYFile       Reading KeY file file:/home/runner/work/key/key/key.core/build/resources/main/de/uka/ilkd/key/proof/rules/intRulesJavaSemantics.key 
1592       DEBUG main            d.u.i.k.p.i.KeYFile       Reading KeY file file:/home/runner/work/key/key/key.core/build/resources/main/de/uka/ilkd/key/proof/rules/integerSimplificationRules.key 
1788       DEBUG main            d.u.i.k.j.TypeConverter   No LDT found for Meta 
1789       DEBUG main            d.u.i.k.j.TypeConverter   No LDT found for Meta 
1790       DEBUG main            d.u.i.k.j.TypeConverter   No LDT found for Meta 
1790       DEBUG main            d.u.i.k.j.TypeConverter   No LDT found for Meta 
1815       DEBUG main            d.u.i.k.p.i.KeYFile       Reading KeY file file:/home/runner/work/key/key/key.core/build/resources/main/de/uka/ilkd/key/proof/rules/intDiv.key 
1876       DEBUG main            d.u.i.k.p.i.KeYFile       Reading KeY file file:/home/runner/work/key/key/key.core/build/resources/main/de/uka/ilkd/key/proof/rules/bsum.key 
2031       DEBUG main            d.u.i.k.p.i.KeYFile       Reading KeY file file:/home/runner/work/key/key/key.core/build/resources/main/de/uka/ilkd/key/proof/rules/bprod.key 
2109       DEBUG main            d.u.i.k.p.i.KeYFile       Reading KeY file file:/home/runner/work/key/key/key.core/build/resources/main/de/uka/ilkd/key/proof/rules/binaryAxioms.key 
2114       DEBUG main            d.u.i.k.p.i.KeYFile       Reading KeY file file:/home/runner/work/key/key/key.core/build/resources/main/de/uka/ilkd/key/proof/rules/binaryLemmas.key 
2120       DEBUG main            d.u.i.k.p.i.KeYFile       Reading KeY file file:/home/runner/work/key/key/key.core/build/resources/main/de/uka/ilkd/key/proof/rules/intPow.key 
2138       DEBUG main            d.u.i.k.p.i.KeYFile       Reading KeY file file:/home/runner/work/key/key/key.core/build/resources/main/de/uka/ilkd/key/proof/rules/floatRulesCommon.key 
2164       DEBUG main            d.u.i.k.p.i.KeYFile       Reading KeY file file:/home/runner/work/key/key/key.core/build/resources/main/de/uka/ilkd/key/proof/rules/floatRules.key 
2166       DEBUG main            d.u.i.k.p.i.KeYFile       Reading KeY file file:/home/runner/work/key/key/key.core/build/resources/main/de/uka/ilkd/key/proof/rules/floatRulesVerifyNormal.key 
2166       DEBUG main            d.u.i.k.p.i.KeYFile       Reading KeY file file:/home/runner/work/key/key/key.core/build/resources/main/de/uka/ilkd/key/proof/rules/floatRulesAssumeStrictfp.key 
2186       DEBUG main            d.u.i.k.p.i.KeYFile       Reading KeY file file:/home/runner/work/key/key/key.core/build/resources/main/de/uka/ilkd/key/proof/rules/genericRules.key 
2209       DEBUG main            d.u.i.k.p.i.KeYFile       Reading KeY file file:/home/runner/work/key/key/key.core/build/resources/main/de/uka/ilkd/key/proof/rules/booleanRules.key 
2214       DEBUG main            d.u.i.k.p.i.KeYFile       Reading KeY file file:/home/runner/work/key/key/key.core/build/resources/main/de/uka/ilkd/key/proof/rules/epsilon.key 
2220       DEBUG main            d.u.i.k.p.i.KeYFile       Reading KeY file file:/home/runner/work/key/key/key.core/build/resources/main/de/uka/ilkd/key/proof/rules/locSetsRules.key 
2293       DEBUG main            d.u.i.k.p.i.KeYFile       Reading KeY file file:/home/runner/work/key/key/key.core/build/resources/main/de/uka/ilkd/key/proof/rules/heapRules.key 
2381       DEBUG main            d.u.i.k.p.i.KeYFile       Reading KeY file file:/home/runner/work/key/key/key.core/build/resources/main/de/uka/ilkd/key/proof/rules/permissionRules.key 
2411       DEBUG main            d.u.i.k.p.i.KeYFile       Reading KeY file file:/home/runner/work/key/key/key.core/build/resources/main/de/uka/ilkd/key/proof/rules/reachRules.key 
2456       DEBUG main            d.u.i.k.p.i.KeYFile       Reading KeY file file:/home/runner/work/key/key/key.core/build/resources/main/de/uka/ilkd/key/proof/rules/seqCoreRules.key 
2460       DEBUG main            d.u.i.k.p.i.KeYFile       Reading KeY file file:/home/runner/work/key/key/key.core/build/resources/main/de/uka/ilkd/key/proof/rules/seqRules.key 
2510       DEBUG main            d.u.i.k.p.i.KeYFile       Reading KeY file file:/home/runner/work/key/key/key.core/build/resources/main/de/uka/ilkd/key/proof/rules/seqPerm.key 
2546       DEBUG main            d.u.i.k.p.i.KeYFile       Reading KeY file file:/home/runner/work/key/key/key.core/build/resources/main/de/uka/ilkd/key/proof/rules/seqPerm2.key 
2553       DEBUG main            d.u.i.k.p.i.KeYFile       Reading KeY file file:/home/runner/work/key/key/key.core/build/resources/main/de/uka/ilkd/key/proof/rules/javaRules.key 
2675       DEBUG main            d.u.i.k.p.i.KeYFile       Reading KeY file file:/home/runner/work/key/key/key.core/build/resources/main/de/uka/ilkd/key/proof/rules/assertions.key 
3206       DEBUG main            d.u.i.k.p.i.KeYFile       Reading KeY file file:/home/runner/work/key/key/key.core/build/resources/main/de/uka/ilkd/key/proof/rules/loopRules.key 
3216       DEBUG main            d.u.i.k.p.i.KeYFile       Reading KeY file file:/home/runner/work/key/key/key.core/build/resources/main/de/uka/ilkd/key/proof/rules/activeUse.key 
3271       DEBUG main            d.u.i.k.p.i.KeYFile       Reading KeY file file:/home/runner/work/key/key/key.core/build/resources/main/de/uka/ilkd/key/proof/rules/instanceAllocation.key 
3289       DEBUG main            d.u.i.k.p.i.KeYFile       Reading KeY file file:/home/runner/work/key/key/key.core/build/resources/main/de/uka/ilkd/key/proof/rules/java5.key 
3294       DEBUG main            d.u.i.k.p.i.KeYFile       Reading KeY file file:/home/runner/work/key/key/key.core/build/resources/main/de/uka/ilkd/key/proof/rules/integerAssignment2UpdateRules.key 
3326       DEBUG main            d.u.i.k.p.i.KeYFile       Reading KeY file file:/home/runner/work/key/key/key.core/build/resources/main/de/uka/ilkd/key/proof/rules/floatAssignment2UpdateRules.key 
3358       DEBUG main            d.u.i.k.p.i.KeYFile       Reading KeY file file:/home/runner/work/key/key/key.core/build/resources/main/de/uka/ilkd/key/proof/rules/bigint.key 
3373       DEBUG main            d.u.i.k.j.TypeConverter   No LDT found for JavaBigintExpression 
3375       DEBUG main            d.u.i.k.p.i.KeYFile       Reading KeY file file:/home/runner/work/key/key/key.core/build/resources/main/de/uka/ilkd/key/proof/rules/adtProgramDecompositionRules.key 
3392       DEBUG main            d.u.i.k.p.i.KeYFile       Reading KeY file file:/home/runner/work/key/key/key.core/build/resources/main/de/uka/ilkd/key/proof/rules/precRules.key 
3396       DEBUG main            d.u.i.k.p.i.KeYFile       Reading KeY file file:/home/runner/work/key/key/key.core/build/resources/main/de/uka/ilkd/key/proof/rules/charListRules.key 
3419       DEBUG main            d.u.i.k.p.i.KeYFile       Reading KeY file file:/home/runner/work/key/key/key.core/build/resources/main/de/uka/ilkd/key/proof/rules/regExTheory.key 
3422       DEBUG main            d.u.i.k.p.i.KeYFile       Reading KeY file file:/home/runner/work/key/key/key.core/build/resources/main/de/uka/ilkd/key/proof/rules/regExHeader.key 
3424       DEBUG main            d.u.i.k.p.i.KeYFile       Reading KeY file file:/home/runner/work/key/key/key.core/build/resources/main/de/uka/ilkd/key/proof/rules/regExAxioms.key 
3428       DEBUG main            d.u.i.k.p.i.KeYFile       Reading KeY file file:/home/runner/work/key/key/key.core/build/resources/main/de/uka/ilkd/key/proof/rules/regExLemmaProven.key 
3434       DEBUG main            d.u.i.k.p.i.KeYFile       Reading KeY file file:/home/runner/work/key/key/key.core/build/resources/main/de/uka/ilkd/key/proof/rules/seqEq.key 
3443       DEBUG main            d.u.i.k.p.i.KeYFile       Reading KeY file file:/home/runner/work/key/key/key.core/build/resources/main/de/uka/ilkd/key/proof/rules/infFlow.key 
3450       DEBUG main            d.u.i.k.p.i.KeYFile       Reading KeY file file:/home/runner/work/key/key/key.core/build/resources/main/de/uka/ilkd/key/proof/rules/mapSize.key 
3453       DEBUG main            d.u.i.k.p.i.KeYFile       Reading KeY file file:/home/runner/work/key/key/key.core/build/resources/main/de/uka/ilkd/key/proof/rules/wd.key 
3455       DEBUG main            d.u.i.k.p.i.KeYFile       Reading KeY file file:/home/runner/work/key/key/key.core/build/resources/main/de/uka/ilkd/key/proof/rules/wdHeader.key 
3457       DEBUG main            d.u.i.k.p.i.KeYFile       Reading KeY file file:/home/runner/work/key/key/key.core/build/resources/main/de/uka/ilkd/key/proof/rules/wdGeneralRules.key 
3463       DEBUG main            d.u.i.k.p.i.KeYFile       Reading KeY file file:/home/runner/work/key/key/key.core/build/resources/main/de/uka/ilkd/key/proof/rules/wdNumericalRules.key 
3526       DEBUG main            d.u.i.k.p.i.KeYFile       Reading KeY file file:/home/runner/work/key/key/key.core/build/resources/main/de/uka/ilkd/key/proof/rules/wdLocSetRules.key 
3532       DEBUG main            d.u.i.k.p.i.KeYFile       Reading KeY file file:/home/runner/work/key/key/key.core/build/resources/main/de/uka/ilkd/key/proof/rules/wdHeapRules.key 
3536       DEBUG main            d.u.i.k.p.i.KeYFile       Reading KeY file file:/home/runner/work/key/key/key.core/build/resources/main/de/uka/ilkd/key/proof/rules/wdReachRules.key 
3538       DEBUG main            d.u.i.k.p.i.KeYFile       Reading KeY file file:/home/runner/work/key/key/key.core/build/resources/main/de/uka/ilkd/key/proof/rules/wdSeqRules.key 
3541       DEBUG main            d.u.i.k.p.i.KeYFile       Reading KeY file file:/home/runner/work/key/key/key.core/build/resources/main/de/uka/ilkd/key/proof/rules/wdStringRules.key 
3544       DEBUG main            d.u.i.k.p.i.KeYFile       Reading KeY file file:/home/runner/work/key/key/key.core/build/resources/main/de/uka/ilkd/key/proof/rules/wdRegExRules.key 
3546       DEBUG main            d.u.i.k.p.i.KeYFile       Reading KeY file file:/home/runner/work/key/key/key.core/build/resources/main/de/uka/ilkd/key/proof/rules/wdFormulaRules.key 
3560       DEBUG main            d.u.i.k.p.i.KeYFile       Reading KeY file file:/home/runner/work/key/key/key.core/build/resources/main/de/uka/ilkd/key/proof/rules/loopInvariantRules.key 
3563       DEBUG main            d.u.i.k.p.i.KeYFile       Reading KeY file file:/home/runner/work/key/key/key.core/build/resources/main/de/uka/ilkd/key/proof/rules/forLoopRules.key 
3565       DEBUG main            d.u.i.k.p.i.KeYFile       Reading KeY file file:/home/runner/work/key/key/key.core/build/resources/main/de/uka/ilkd/key/proof/rules/execRules.key 
3624       DEBUG main            d.u.i.k.p.i.KeYFile       Reading KeY file file:/home/runner/work/key/key/key.core/build/resources/main/de/uka/ilkd/key/proof/rules/loopScopeRules.key 
6637       DEBUG main            d.u.i.k.j.Recoder2KeY     converting now /home/runner/work/key/key/key.core/../key.ui/examples/InformationFlow/ToyBanking/src/banking_example/UserAccount.java 
6651       DEBUG main            d.u.i.k.j.Recoder2KeY     converting now /home/runner/work/key/key/key.core/../key.ui/examples/InformationFlow/ToyBanking/src/banking_example/Bank.java 
6656       DEBUG main            d.u.i.k.j.Recoder2KeY     converting now /home/runner/work/key/key/key.core/../key.ui/examples/InformationFlow/ToyBanking/src/banking_example/BankAccount.java 
6713       DEBUG main            d.u.i.k.s.TermLabelSettings TermLabelSettings: Failure while reading the setting "UseOriginLabels".Using the default value: true.The string read was: null 
6725       DEBUG main            d.u.i.k.p.i.KeYFile       Reading KeY file file:/home/runner/work/key/key/key.core/build/resources/main/de/uka/ilkd/key/java/JavaRedux/java/lang/String.key 
9252       DEBUG main            d.u.i.k.p.i.KeYFile       Reading KeY file /home/runner/work/key/key/key.core/../key.ui/examples/InformationFlow/ToyBanking/banking_example.UserAccount(banking_example.UserAccount__getBankAccount(int)).Non-interference contract.0.m.key 
9311       DEBUG main            d.u.i.k.m.s.ProofScriptEngine 1: 'macro 'infflow-autopilot'' 
9698       DEBUG main            d.u.i.k.p.m.ProofCorrectnessMgt No justification found for rule Class_invariant_axiom_for_banking_example_UserAccount 
9901       DEBUG main            d.u.i.k.j.TypeConverter   typeconverter: (prefix this;, class class de.uka.ilkd.key.java.reference.ThisReference) 
9989       DEBUG main            d.u.i.k.j.TypeConverter   typeconverter: (prefix this;, class class de.uka.ilkd.key.java.reference.ThisReference) 
13938      INFO  main            d.u.i.k.p.r.p.TestFile    ... finished proof: closed. 
14143      DEBUG main            d.u.i.k.s.TermLabelSettings TermLabelSettings: Failure while reading the setting "UseOriginLabels".Using the default value: true.The string read was: null 
14143      INFO  main            d.u.i.k.p.r.p.TestFile    Now processing file /home/runner/work/key/key/key.core/../key.ui/examples/InformationFlow/ToyBanking/banking_example.UserAccount(banking_example.UserAccount__tryLogin(int,(C)).Non-interference contract.0.m.key 
14144      DEBUG main            d.u.i.k.p.i.KeYFile       Reading KeY file /home/runner/work/key/key/key.core/../key.ui/examples/InformationFlow/ToyBanking/banking_example.UserAccount(banking_example.UserAccount__tryLogin(int,(C)).Non-interference contract.0.m.key 
15174      DEBUG main            d.u.i.k.j.Recoder2KeY     converting now /home/runner/work/key/key/key.core/../key.ui/examples/InformationFlow/ToyBanking/src/banking_example/UserAccount.java 
15177      DEBUG main            d.u.i.k.j.Recoder2KeY     converting now /home/runner/work/key/key/key.core/../key.ui/examples/InformationFlow/ToyBanking/src/banking_example/Bank.java 
15179      DEBUG main            d.u.i.k.j.Recoder2KeY     converting now /home/runner/work/key/key/key.core/../key.ui/examples/InformationFlow/ToyBanking/src/banking_example/BankAccount.java 
15185      DEBUG main            d.u.i.k.s.TermLabelSettings TermLabelSettings: Failure while reading the setting "UseOriginLabels".Using the default value: true.The string read was: null 
15186      DEBUG main            d.u.i.k.p.i.KeYFile       Reading KeY file file:/home/runner/work/key/key/key.core/build/resources/main/de/uka/ilkd/key/java/JavaRedux/java/lang/String.key 
17182      DEBUG main            d.u.i.k.p.i.KeYFile       Reading KeY file /home/runner/work/key/key/key.core/../key.ui/examples/InformationFlow/ToyBanking/banking_example.UserAccount(banking_example.UserAccount__tryLogin(int,(C)).Non-interference contract.0.m.key 
17183      DEBUG main            d.u.i.k.m.s.ProofScriptEngine 1: 'macro 'infflow-autopilot'' 
17256      DEBUG main            d.u.i.k.p.m.ProofCorrectnessMgt No justification found for rule Class_invariant_axiom_for_banking_example_UserAccount 
17302      DEBUG main            d.u.i.k.j.TypeConverter   typeconverter: (prefix this;, class class de.uka.ilkd.key.java.reference.ThisReference) 
17335      DEBUG main            d.u.i.k.j.TypeConverter   typeconverter: (prefix this;, class class de.uka.ilkd.key.java.reference.ThisReference) 
17404      DEBUG main            d.u.i.k.r.m.WhileLoopTransformation While-Loop-Tranform-Result: {
  int i = 0;
  while (i < _password.length && pwdCorrect) {
    {
      pwdCorrect = (this.password[i] == _password[i]);
    }
    i++;
  }
} 
17437      DEBUG main            d.u.i.k.r.m.WhileLoopTransformation While-Loop-Tranform-Result: try {
  {
    if (i < _password.length && pwdCorrect) {
      {
        pwdCorrect = (this.password[i] == _password[i]);
      }
      i++;
    }
  }
} catch (java.lang.Throwable e#4) {
  exc#3 = true;
  thrownExc#5 = e#4;
} 
17580      DEBUG main            d.u.i.k.j.TypeConverter   typeconverter: (prefix this;, class class de.uka.ilkd.key.java.reference.ThisReference) 
18999      DEBUG main            d.u.i.k.j.TypeConverter   typeconverter: (prefix this;, class class de.uka.ilkd.key.java.reference.ThisReference) 
19045      DEBUG main            d.u.i.k.j.TypeConverter   typeconverter: (prefix this;, class class de.uka.ilkd.key.java.reference.ThisReference) 
19074      DEBUG main            d.u.i.k.j.TypeConverter   typeconverter: (prefix this;, class class de.uka.ilkd.key.java.reference.ThisReference) 
19105      DEBUG main            d.u.i.k.j.TypeConverter   typeconverter: (prefix this;, class class de.uka.ilkd.key.java.reference.ThisReference) 
19132      DEBUG main            d.u.i.k.j.TypeConverter   typeconverter: (prefix this;, class class de.uka.ilkd.key.java.reference.ThisReference) 
19160      DEBUG main            d.u.i.k.j.TypeConverter   typeconverter: (prefix this;, class class de.uka.ilkd.key.java.reference.ThisReference) 
19174      DEBUG main            d.u.i.k.j.TypeConverter   TypeConverter: FieldReference: this.password.length; 
19174      DEBUG main            d.u.i.k.j.TypeConverter   typeconverter: (prefix this.password;, class class de.uka.ilkd.key.java.reference.FieldReference) 
19175      DEBUG main            d.u.i.k.j.TypeConverter   TypeConverter: FieldReference: this.password; 
19175      DEBUG main            d.u.i.k.j.TypeConverter   typeconverter: (prefix this;, class class de.uka.ilkd.key.java.reference.ThisReference) 
19177      DEBUG main            d.u.i.k.j.TypeConverter   TypeConverter: FieldReference: this.password; 
19177      DEBUG main            d.u.i.k.j.TypeConverter   typeconverter: (prefix this;, class class de.uka.ilkd.key.java.reference.ThisReference) 
19178      DEBUG main            d.u.i.k.j.TypeConverter   TypeConverter: FieldReference: this.bankAccounts.length; 
19178      DEBUG main            d.u.i.k.j.TypeConverter   typeconverter: (prefix this.bankAccounts;, class class de.uka.ilkd.key.java.reference.FieldReference) 
19178      DEBUG main            d.u.i.k.j.TypeConverter   TypeConverter: FieldReference: this.bankAccounts; 
19179      DEBUG main            d.u.i.k.j.TypeConverter   typeconverter: (prefix this;, class class de.uka.ilkd.key.java.reference.ThisReference) 
19179      DEBUG main            d.u.i.k.j.TypeConverter   TypeConverter: FieldReference: this.bankAccounts; 
19179      DEBUG main            d.u.i.k.j.TypeConverter   typeconverter: (prefix this;, class class de.uka.ilkd.key.java.reference.ThisReference) 
19179      DEBUG main            d.u.i.k.j.TypeConverter   TypeConverter: FieldReference: this.bankAccounts[0].customerViewOnBankAccount; 
19180      DEBUG main            d.u.i.k.j.TypeConverter   typeconverter: (prefix this.bankAccounts[0];, class class de.uka.ilkd.key.java.reference.ArrayReference) 
19180      DEBUG main            d.u.i.k.j.TypeConverter   TypeConverter: FieldReference: this.bankAccounts; 
19180      DEBUG main            d.u.i.k.j.TypeConverter   typeconverter: (prefix this;, class class de.uka.ilkd.key.java.reference.ThisReference) 
19216      DEBUG main            d.u.i.k.j.TypeConverter   typeconverter: (prefix this;, class class de.uka.ilkd.key.java.reference.ThisReference) 
19242      DEBUG main            d.u.i.k.j.TypeConverter   typeconverter: (prefix this;, class class de.uka.ilkd.key.java.reference.ThisReference) 
19275      DEBUG main            d.u.i.k.j.TypeConverter   typeconverter: (prefix this;, class class de.uka.ilkd.key.java.reference.ThisReference) 
19361      DEBUG main            d.u.i.k.j.TypeConverter   typeconverter: (prefix this;, class class de.uka.ilkd.key.java.reference.ThisReference) 
19404      DEBUG main            d.u.i.k.j.TypeConverter   typeconverter: (prefix this;, class class de.uka.ilkd.key.java.reference.ThisReference) 
19429      DEBUG main            d.u.i.k.j.TypeConverter   TypeConverter: FieldReference: this.bankAccounts.length; 
19429      DEBUG main            d.u.i.k.j.TypeConverter   typeconverter: (prefix this.bankAccounts;, class class de.uka.ilkd.key.java.reference.FieldReference) 
19430      DEBUG main            d.u.i.k.j.TypeConverter   TypeConverter: FieldReference: this.bankAccounts; 
19430      DEBUG main            d.u.i.k.j.TypeConverter   typeconverter: (prefix this;, class class de.uka.ilkd.key.java.reference.ThisReference) 
19430      DEBUG main            d.u.i.k.j.TypeConverter   TypeConverter: FieldReference: this.bankAccounts; 
19430      DEBUG main            d.u.i.k.j.TypeConverter   typeconverter: (prefix this;, class class de.uka.ilkd.key.java.reference.ThisReference) 
19430      DEBUG main            d.u.i.k.j.TypeConverter   TypeConverter: FieldReference: this.bankAccounts[0].customerViewOnBankAccount; 
19430      DEBUG main            d.u.i.k.j.TypeConverter   typeconverter: (prefix this.bankAccounts[0];, class class de.uka.ilkd.key.java.reference.ArrayReference) 
19430      DEBUG main            d.u.i.k.j.TypeConverter   TypeConverter: FieldReference: this.bankAccounts; 
19431      DEBUG main            d.u.i.k.j.TypeConverter   typeconverter: (prefix this;, class class de.uka.ilkd.key.java.reference.ThisReference) 
19492      DEBUG main            d.u.i.k.j.TypeConverter   typeconverter: (prefix this;, class class de.uka.ilkd.key.java.reference.ThisReference) 
19639      DEBUG main            d.u.i.k.j.TypeConverter   typeconverter: (prefix this;, class class de.uka.ilkd.key.java.reference.ThisReference) 
19652      DEBUG main            d.u.i.k.j.TypeConverter   typeconverter: (prefix this;, class class de.uka.ilkd.key.java.reference.ThisReference) 
19664      DEBUG main            d.u.i.k.j.TypeConverter   typeconverter: (prefix this;, class class de.uka.ilkd.key.java.reference.ThisReference) 
19687      DEBUG main            d.u.i.k.j.TypeConverter   typeconverter: (prefix this;, class class de.uka.ilkd.key.java.reference.ThisReference) 
19715      DEBUG main            d.u.i.k.j.TypeConverter   typeconverter: (prefix this;, class class de.uka.ilkd.key.java.reference.ThisReference) 
19763      DEBUG main            d.u.i.k.j.TypeConverter   typeconverter: (prefix this;, class class de.uka.ilkd.key.java.reference.ThisReference) 
19795      DEBUG main            d.u.i.k.j.TypeConverter   typeconverter: (prefix this;, class class de.uka.ilkd.key.java.reference.ThisReference) 
19810      DEBUG main            d.u.i.k.j.TypeConverter   TypeConverter: FieldReference: this.password.length; 
19810      DEBUG main            d.u.i.k.j.TypeConverter   typeconverter: (prefix this.password;, class class de.uka.ilkd.key.java.reference.FieldReference) 
19810      DEBUG main            d.u.i.k.j.TypeConverter   TypeConverter: FieldReference: this.password; 
19811      DEBUG main            d.u.i.k.j.TypeConverter   typeconverter: (prefix this;, class class de.uka.ilkd.key.java.reference.ThisReference) 
19811      DEBUG main            d.u.i.k.j.TypeConverter   TypeConverter: FieldReference: this.password; 
19811      DEBUG main            d.u.i.k.j.TypeConverter   typeconverter: (prefix this;, class class de.uka.ilkd.key.java.reference.ThisReference) 
19811      DEBUG main            d.u.i.k.j.TypeConverter   TypeConverter: FieldReference: this.bankAccounts.length; 
19811      DEBUG main            d.u.i.k.j.TypeConverter   typeconverter: (prefix this.bankAccounts;, class class de.uka.ilkd.key.java.reference.FieldReference) 
19812      DEBUG main            d.u.i.k.j.TypeConverter   TypeConverter: FieldReference: this.bankAccounts; 
19812      DEBUG main            d.u.i.k.j.TypeConverter   typeconverter: (prefix this;, class class de.uka.ilkd.key.java.reference.ThisReference) 
19812      DEBUG main            d.u.i.k.j.TypeConverter   TypeConverter: FieldReference: this.bankAccounts; 
19812      DEBUG main            d.u.i.k.j.TypeConverter   typeconverter: (prefix this;, class class de.uka.ilkd.key.java.reference.ThisReference) 
19813      DEBUG main            d.u.i.k.j.TypeConverter   TypeConverter: FieldReference: this.bankAccounts[0].customerViewOnBankAccount; 
19813      DEBUG main            d.u.i.k.j.TypeConverter   typeconverter: (prefix this.bankAccounts[0];, class class de.uka.ilkd.key.java.reference.ArrayReference) 
19813      DEBUG main            d.u.i.k.j.TypeConverter   TypeConverter: FieldReference: this.bankAccounts; 
19813      DEBUG main            d.u.i.k.j.TypeConverter   typeconverter: (prefix this;, class class de.uka.ilkd.key.java.reference.ThisReference) 
19879      DEBUG main            d.u.i.k.j.TypeConverter   typeconverter: (prefix this;, class class de.uka.ilkd.key.java.reference.ThisReference) 
19924      DEBUG main            d.u.i.k.j.TypeConverter   typeconverter: (prefix this;, class class de.uka.ilkd.key.java.reference.ThisReference) 
19975      DEBUG main            d.u.i.k.j.TypeConverter   typeconverter: (prefix this;, class class de.uka.ilkd.key.java.reference.ThisReference) 
20020      DEBUG main            d.u.i.k.j.TypeConverter   typeconverter: (prefix this;, class class de.uka.ilkd.key.java.reference.ThisReference) 
20045      DEBUG main            d.u.i.k.j.TypeConverter   TypeConverter: FieldReference: this.bankAccounts.length; 
20046      DEBUG main            d.u.i.k.j.TypeConverter   typeconverter: (prefix this.bankAccounts;, class class de.uka.ilkd.key.java.reference.FieldReference) 
20046      DEBUG main            d.u.i.k.j.TypeConverter   TypeConverter: FieldReference: this.bankAccounts; 
20046      DEBUG main            d.u.i.k.j.TypeConverter   typeconverter: (prefix this;, class class de.uka.ilkd.key.java.reference.ThisReference) 
20046      DEBUG main            d.u.i.k.j.TypeConverter   TypeConverter: FieldReference: this.bankAccounts; 
20046      DEBUG main            d.u.i.k.j.TypeConverter   typeconverter: (prefix this;, class class de.uka.ilkd.key.java.reference.ThisReference) 
20047      DEBUG main            d.u.i.k.j.TypeConverter   TypeConverter: FieldReference: this.bankAccounts[0].customerViewOnBankAccount; 
20047      DEBUG main            d.u.i.k.j.TypeConverter   typeconverter: (prefix this.bankAccounts[0];, class class de.uka.ilkd.key.java.reference.ArrayReference) 
20047      DEBUG main            d.u.i.k.j.TypeConverter   TypeConverter: FieldReference: this.bankAccounts; 
20048      DEBUG main            d.u.i.k.j.TypeConverter   typeconverter: (prefix this;, class class de.uka.ilkd.key.java.reference.ThisReference) 
20198      DEBUG main            d.u.i.k.j.TypeConverter   typeconverter: (prefix this;, class class de.uka.ilkd.key.java.reference.ThisReference) 
20208      DEBUG main            d.u.i.k.j.TypeConverter   typeconverter: (prefix this;, class class de.uka.ilkd.key.java.reference.ThisReference) 
20286      DEBUG main            d.u.i.k.j.TypeConverter   typeconverter: (prefix this;, class class de.uka.ilkd.key.java.reference.ThisReference) 
20294      DEBUG main            d.u.i.k.j.TypeConverter   typeconverter: (prefix this;, class class de.uka.ilkd.key.java.reference.ThisReference) 
20320      DEBUG main            d.u.i.k.j.TypeConverter   typeconverter: (prefix this;, class class de.uka.ilkd.key.java.reference.ThisReference) 
20346      DEBUG main            d.u.i.k.j.TypeConverter   typeconverter: (prefix this;, class class de.uka.ilkd.key.java.reference.ThisReference) 
20382      DEBUG main            d.u.i.k.j.TypeConverter   typeconverter: (prefix this;, class class de.uka.ilkd.key.java.reference.ThisReference) 
20410      DEBUG main            d.u.i.k.j.TypeConverter   typeconverter: (prefix this;, class class de.uka.ilkd.key.java.reference.ThisReference) 
20422      DEBUG main            d.u.i.k.j.TypeConverter   TypeConverter: FieldReference: this.password.length; 
20422      DEBUG main            d.u.i.k.j.TypeConverter   typeconverter: (prefix this.password;, class class de.uka.ilkd.key.java.reference.FieldReference) 
20422      DEBUG main            d.u.i.k.j.TypeConverter   TypeConverter: FieldReference: this.password; 
20422      DEBUG main            d.u.i.k.j.TypeConverter   typeconverter: (prefix this;, class class de.uka.ilkd.key.java.reference.ThisReference) 
20423      DEBUG main            d.u.i.k.j.TypeConverter   TypeConverter: FieldReference: this.password; 
20423      DEBUG main            d.u.i.k.j.TypeConverter   typeconverter: (prefix this;, class class de.uka.ilkd.key.java.reference.ThisReference) 
20423      DEBUG main            d.u.i.k.j.TypeConverter   TypeConverter: FieldReference: this.bankAccounts.length; 
20423      DEBUG main            d.u.i.k.j.TypeConverter   typeconverter: (prefix this.bankAccounts;, class class de.uka.ilkd.key.java.reference.FieldReference) 
20423      DEBUG main            d.u.i.k.j.TypeConverter   TypeConverter: FieldReference: this.bankAccounts; 
20424      DEBUG main            d.u.i.k.j.TypeConverter   typeconverter: (prefix this;, class class de.uka.ilkd.key.java.reference.ThisReference) 
20424      DEBUG main            d.u.i.k.j.TypeConverter   TypeConverter: FieldReference: this.bankAccounts; 
20424      DEBUG main            d.u.i.k.j.TypeConverter   typeconverter: (prefix this;, class class de.uka.ilkd.key.java.reference.ThisReference) 
20425      DEBUG main            d.u.i.k.j.TypeConverter   TypeConverter: FieldReference: this.bankAccounts[0].customerViewOnBankAccount; 
20425      DEBUG main            d.u.i.k.j.TypeConverter   typeconverter: (prefix this.bankAccounts[0];, class class de.uka.ilkd.key.java.reference.ArrayReference) 
20425      DEBUG main            d.u.i.k.j.TypeConverter   TypeConverter: FieldReference: this.bankAccounts; 
20425      DEBUG main            d.u.i.k.j.TypeConverter   typeconverter: (prefix this;, class class de.uka.ilkd.key.java.reference.ThisReference) 
20473      DEBUG main            d.u.i.k.j.TypeConverter   typeconverter: (prefix this;, class class de.uka.ilkd.key.java.reference.ThisReference) 
20514      DEBUG main            d.u.i.k.j.TypeConverter   typeconverter: (prefix this;, class class de.uka.ilkd.key.java.reference.ThisReference) 
20555      DEBUG main            d.u.i.k.j.TypeConverter   typeconverter: (prefix this;, class class de.uka.ilkd.key.java.reference.ThisReference) 
20594      DEBUG main            d.u.i.k.j.TypeConverter   typeconverter: (prefix this;, class class de.uka.ilkd.key.java.reference.ThisReference) 
20617      DEBUG main            d.u.i.k.j.TypeConverter   TypeConverter: FieldReference: this.bankAccounts.length; 
20617      DEBUG main            d.u.i.k.j.TypeConverter   typeconverter: (prefix this.bankAccounts;, class class de.uka.ilkd.key.java.reference.FieldReference) 
20617      DEBUG main            d.u.i.k.j.TypeConverter   TypeConverter: FieldReference: this.bankAccounts; 
20617      DEBUG main            d.u.i.k.j.TypeConverter   typeconverter: (prefix this;, class class de.uka.ilkd.key.java.reference.ThisReference) 
20617      DEBUG main            d.u.i.k.j.TypeConverter   TypeConverter: FieldReference: this.bankAccounts; 
20617      DEBUG main            d.u.i.k.j.TypeConverter   typeconverter: (prefix this;, class class de.uka.ilkd.key.java.reference.ThisReference) 
20617      DEBUG main            d.u.i.k.j.TypeConverter   TypeConverter: FieldReference: this.bankAccounts[0].customerViewOnBankAccount; 
20617      DEBUG main            d.u.i.k.j.TypeConverter   typeconverter: (prefix this.bankAccounts[0];, class class de.uka.ilkd.key.java.reference.ArrayReference) 
20617      DEBUG main            d.u.i.k.j.TypeConverter   TypeConverter: FieldReference: this.bankAccounts; 
20617      DEBUG main            d.u.i.k.j.TypeConverter   typeconverter: (prefix this;, class class de.uka.ilkd.key.java.reference.ThisReference) 
20692      DEBUG main            d.u.i.k.j.TypeConverter   typeconverter: (prefix this;, class class de.uka.ilkd.key.java.reference.ThisReference) 
20700      DEBUG main            d.u.i.k.j.TypeConverter   typeconverter: (prefix this;, class class de.uka.ilkd.key.java.reference.ThisReference) 
20810      DEBUG main            d.u.i.k.j.TypeConverter   typeconverter: (prefix this;, class class de.uka.ilkd.key.java.reference.ThisReference) 
20832      DEBUG main            d.u.i.k.j.TypeConverter   typeconverter: (prefix this;, class class de.uka.ilkd.key.java.reference.ThisReference) 
20933      DEBUG main            d.u.i.k.j.TypeConverter   typeconverter: (prefix this;, class class de.uka.ilkd.key.java.reference.ThisReference) 
20956      DEBUG main            d.u.i.k.j.TypeConverter   typeconverter: (prefix this;, class class de.uka.ilkd.key.java.reference.ThisReference) 
20965      DEBUG main            d.u.i.k.j.TypeConverter   TypeConverter: FieldReference: this.password.length; 
20965      DEBUG main            d.u.i.k.j.TypeConverter   typeconverter: (prefix this.password;, class class de.uka.ilkd.key.java.reference.FieldReference) 
20965      DEBUG main            d.u.i.k.j.TypeConverter   TypeConverter: FieldReference: this.password; 
20965      DEBUG main            d.u.i.k.j.TypeConverter   typeconverter: (prefix this;, class class de.uka.ilkd.key.java.reference.ThisReference) 
20965      DEBUG main            d.u.i.k.j.TypeConverter   TypeConverter: FieldReference: this.password; 
20965      DEBUG main            d.u.i.k.j.TypeConverter   typeconverter: (prefix this;, class class de.uka.ilkd.key.java.reference.ThisReference) 
20965      DEBUG main            d.u.i.k.j.TypeConverter   TypeConverter: FieldReference: this.bankAccounts.length; 
20965      DEBUG main            d.u.i.k.j.TypeConverter   typeconverter: (prefix this.bankAccounts;, class class de.uka.ilkd.key.java.reference.FieldReference) 
20966      DEBUG main            d.u.i.k.j.TypeConverter   TypeConverter: FieldReference: this.bankAccounts; 
20966      DEBUG main            d.u.i.k.j.TypeConverter   typeconverter: (prefix this;, class class de.uka.ilkd.key.java.reference.ThisReference) 
20966      DEBUG main            d.u.i.k.j.TypeConverter   TypeConverter: FieldReference: this.bankAccounts; 
20966      DEBUG main            d.u.i.k.j.TypeConverter   typeconverter: (prefix this;, class class de.uka.ilkd.key.java.reference.ThisReference) 
20966      DEBUG main            d.u.i.k.j.TypeConverter   TypeConverter: FieldReference: this.bankAccounts[0].customerViewOnBankAccount; 
20966      DEBUG main            d.u.i.k.j.TypeConverter   typeconverter: (prefix this.bankAccounts[0];, class class de.uka.ilkd.key.java.reference.ArrayReference) 
20966      DEBUG main            d.u.i.k.j.TypeConverter   TypeConverter: FieldReference: this.bankAccounts; 
20966      DEBUG main            d.u.i.k.j.TypeConverter   typeconverter: (prefix this;, class class de.uka.ilkd.key.java.reference.ThisReference) 
20994      DEBUG main            d.u.i.k.j.TypeConverter   typeconverter: (prefix this;, class class de.uka.ilkd.key.java.reference.ThisReference) 
21000      DEBUG main            d.u.i.k.j.TypeConverter   typeconverter: (prefix this;, class class de.uka.ilkd.key.java.reference.ThisReference) 
21029      DEBUG main            d.u.i.k.j.TypeConverter   typeconverter: (prefix this;, class class de.uka.ilkd.key.java.reference.ThisReference) 
21063      DEBUG main            d.u.i.k.j.TypeConverter   typeconverter: (prefix this;, class class de.uka.ilkd.key.java.reference.ThisReference) 
21098      DEBUG main            d.u.i.k.j.TypeConverter   typeconverter: (prefix this;, class class de.uka.ilkd.key.java.reference.ThisReference) 
21118      DEBUG main            d.u.i.k.j.TypeConverter   TypeConverter: FieldReference: this.bankAccounts.length; 
21119      DEBUG main            d.u.i.k.j.TypeConverter   typeconverter: (prefix this.bankAccounts;, class class de.uka.ilkd.key.java.reference.FieldReference) 
21119      DEBUG main            d.u.i.k.j.TypeConverter   TypeConverter: FieldReference: this.bankAccounts; 
21119      DEBUG main            d.u.i.k.j.TypeConverter   typeconverter: (prefix this;, class class de.uka.ilkd.key.java.reference.ThisReference) 
21119      DEBUG main            d.u.i.k.j.TypeConverter   TypeConverter: FieldReference: this.bankAccounts; 
21119      DEBUG main            d.u.i.k.j.TypeConverter   typeconverter: (prefix this;, class class de.uka.ilkd.key.java.reference.ThisReference) 
21119      DEBUG main            d.u.i.k.j.TypeConverter   TypeConverter: FieldReference: this.bankAccounts[0].customerViewOnBankAccount; 
21120      DEBUG main            d.u.i.k.j.TypeConverter   typeconverter: (prefix this.bankAccounts[0];, class class de.uka.ilkd.key.java.reference.ArrayReference) 
21120      DEBUG main            d.u.i.k.j.TypeConverter   TypeConverter: FieldReference: this.bankAccounts; 
21120      DEBUG main            d.u.i.k.j.TypeConverter   typeconverter: (prefix this;, class class de.uka.ilkd.key.java.reference.ThisReference) 
21172      DEBUG main            d.u.i.k.j.TypeConverter   typeconverter: (prefix this;, class class de.uka.ilkd.key.java.reference.ThisReference) 
21181      DEBUG main            d.u.i.k.j.TypeConverter   typeconverter: (prefix this;, class class de.uka.ilkd.key.java.reference.ThisReference) 
22759      DEBUG main            d.u.i.k.j.TypeConverter   typeconverter: (prefix this;, class class de.uka.ilkd.key.java.reference.ThisReference) 
87634      INFO  main            d.u.i.k.p.r.p.TestFile    ... finished proof: closed. 
87954      DEBUG main            d.u.i.k.s.TermLabelSettings TermLabelSettings: Failure while reading the setting "UseOriginLabels".Using the default value: true.The string read was: null 
87954      INFO  main            d.u.i.k.p.r.p.TestFile    Now processing file /home/runner/work/key/key/key.core/../key.ui/examples/InformationFlow/ToyBanking/banking_example.BankAccount(banking_example.BankAccount__depositMoney(int)).Non-interference contract.0.m.key 
87954      DEBUG main            d.u.i.k.p.i.KeYFile       Reading KeY file /home/runner/work/key/key/key.core/../key.ui/examples/InformationFlow/ToyBanking/banking_example.BankAccount(banking_example.BankAccount__depositMoney(int)).Non-interference contract.0.m.key 
88934      DEBUG main            d.u.i.k.j.Recoder2KeY     converting now /home/runner/work/key/key/key.core/../key.ui/examples/InformationFlow/ToyBanking/src/banking_example/UserAccount.java 
88937      DEBUG main            d.u.i.k.j.Recoder2KeY     converting now /home/runner/work/key/key/key.core/../key.ui/examples/InformationFlow/ToyBanking/src/banking_example/Bank.java 
88938      DEBUG main            d.u.i.k.j.Recoder2KeY     converting now /home/runner/work/key/key/key.core/../key.ui/examples/InformationFlow/ToyBanking/src/banking_example/BankAccount.java 
88945      DEBUG main            d.u.i.k.s.TermLabelSettings TermLabelSettings: Failure while reading the setting "UseOriginLabels".Using the default value: true.The string read was: null 
88946      DEBUG main            d.u.i.k.p.i.KeYFile       Reading KeY file file:/home/runner/work/key/key/key.core/build/resources/main/de/uka/ilkd/key/java/JavaRedux/java/lang/String.key 
90811      DEBUG main            d.u.i.k.p.i.KeYFile       Reading KeY file /home/runner/work/key/key/key.core/../key.ui/examples/InformationFlow/ToyBanking/banking_example.BankAccount(banking_example.BankAccount__depositMoney(int)).Non-interference contract.0.m.key 
90812      DEBUG main            d.u.i.k.m.s.ProofScriptEngine 1: 'macro 'infflow-autopilot'' 
90873      DEBUG main            d.u.i.k.p.m.ProofCorrectnessMgt No justification found for rule Class_invariant_axiom_for_banking_example_BankAccount 
90968      DEBUG main            d.u.i.k.j.TypeConverter   typeconverter: (prefix this;, class class de.uka.ilkd.key.java.reference.ThisReference) 
90977      DEBUG main            d.u.i.k.j.TypeConverter   typeconverter: (prefix this;, class class de.uka.ilkd.key.java.reference.ThisReference) 
91006      DEBUG main            d.u.i.k.j.TypeConverter   typeconverter: (prefix this;, class class de.uka.ilkd.key.java.reference.ThisReference) 
91032      DEBUG main            d.u.i.k.j.TypeConverter   typeconverter: (prefix this;, class class de.uka.ilkd.key.java.reference.ThisReference) 
91047      DEBUG main            d.u.i.k.j.TypeConverter   typeconverter: (prefix this;, class class de.uka.ilkd.key.java.reference.ThisReference) 
91051      DEBUG main            d.u.i.k.j.TypeConverter   typeconverter: (prefix this;, class class de.uka.ilkd.key.java.reference.ThisReference) 
91476      INFO  main            d.u.i.k.p.r.p.TestFile    ... finished proof: closed. 
91735      DEBUG main            d.u.i.k.s.TermLabelSettings TermLabelSettings: Failure while reading the setting "UseOriginLabels".Using the default value: true.The string read was: null 
91735      INFO  main            d.u.i.k.p.r.p.TestFile    Now processing file /home/runner/work/key/key/key.core/../key.ui/examples/InformationFlow/ToyBanking/banking_example.BankAccount(banking_example.BankAccount__getBalance()).Non-interference contract.0.m.key 
91736      DEBUG main            d.u.i.k.p.i.KeYFile       Reading KeY file /home/runner/work/key/key/key.core/../key.ui/examples/InformationFlow/ToyBanking/banking_example.BankAccount(banking_example.BankAccount__getBalance()).Non-interference contract.0.m.key 
92749      DEBUG main            d.u.i.k.j.Recoder2KeY     converting now /home/runner/work/key/key/key.core/../key.ui/examples/InformationFlow/ToyBanking/src/banking_example/UserAccount.java 
92754      DEBUG main            d.u.i.k.j.Recoder2KeY     converting now /home/runner/work/key/key/key.core/../key.ui/examples/InformationFlow/ToyBanking/src/banking_example/Bank.java 
92755      DEBUG main            d.u.i.k.j.Recoder2KeY     converting now /home/runner/work/key/key/key.core/../key.ui/examples/InformationFlow/ToyBanking/src/banking_example/BankAccount.java 
92761      DEBUG main            d.u.i.k.s.TermLabelSettings TermLabelSettings: Failure while reading the setting "UseOriginLabels".Using the default value: true.The string read was: null 
92763      DEBUG main            d.u.i.k.p.i.KeYFile       Reading KeY file file:/home/runner/work/key/key/key.core/build/resources/main/de/uka/ilkd/key/java/JavaRedux/java/lang/String.key 
94622      DEBUG main            d.u.i.k.p.i.KeYFile       Reading KeY file /home/runner/work/key/key/key.core/../key.ui/examples/InformationFlow/ToyBanking/banking_example.BankAccount(banking_example.BankAccount__getBalance()).Non-interference contract.0.m.key 
94622      DEBUG main            d.u.i.k.m.s.ProofScriptEngine 1: 'macro 'infflow-autopilot'' 
94660      DEBUG main            d.u.i.k.p.m.ProofCorrectnessMgt No justification found for rule Class_invariant_axiom_for_banking_example_BankAccount 
94664      DEBUG main            d.u.i.k.j.TypeConverter   typeconverter: (prefix this;, class class de.uka.ilkd.key.java.reference.ThisReference) 
94769      INFO  main            d.u.i.k.p.r.p.TestFile    ... finished proof: closed. 
94919      DEBUG main            d.u.i.k.s.TermLabelSettings TermLabelSettings: Failure while reading the setting "UseOriginLabels".Using the default value: true.The string read was: null 
94919      INFO  main            d.u.i.k.p.r.p.TestFile    Now processing file /home/runner/work/key/key/key.core/../key.ui/examples/InformationFlow/ToyBanking/banking_example.BankAccount(banking_example.BankAccount__getId()).Non-interference contract.0.m.key 
94920      DEBUG main            d.u.i.k.p.i.KeYFile       Reading KeY file /home/runner/work/key/key/key.core/../key.ui/examples/InformationFlow/ToyBanking/banking_example.BankAccount(banking_example.BankAccount__getId()).Non-interference contract.0.m.key 
95894      DEBUG main            d.u.i.k.j.Recoder2KeY     converting now /home/runner/work/key/key/key.core/../key.ui/examples/InformationFlow/ToyBanking/src/banking_example/UserAccount.java 
95897      DEBUG main            d.u.i.k.j.Recoder2KeY     converting now /home/runner/work/key/key/key.core/../key.ui/examples/InformationFlow/ToyBanking/src/banking_example/Bank.java 
95898      DEBUG main            d.u.i.k.j.Recoder2KeY     converting now /home/runner/work/key/key/key.core/../key.ui/examples/InformationFlow/ToyBanking/src/banking_example/BankAccount.java 
95903      DEBUG main            d.u.i.k.s.TermLabelSettings TermLabelSettings: Failure while reading the setting "UseOriginLabels".Using the default value: true.The string read was: null 
95904      DEBUG main            d.u.i.k.p.i.KeYFile       Reading KeY file file:/home/runner/work/key/key/key.core/build/resources/main/de/uka/ilkd/key/java/JavaRedux/java/lang/String.key 
97785      DEBUG main            d.u.i.k.p.i.KeYFile       Reading KeY file /home/runner/work/key/key/key.core/../key.ui/examples/InformationFlow/ToyBanking/banking_example.BankAccount(banking_example.BankAccount__getId()).Non-interference contract.0.m.key 
97785      DEBUG main            d.u.i.k.m.s.ProofScriptEngine 1: 'macro 'infflow-autopilot'' 
97826      DEBUG main            d.u.i.k.p.m.ProofCorrectnessMgt No justification found for rule Class_invariant_axiom_for_banking_example_BankAccount 
97830      DEBUG main            d.u.i.k.j.TypeConverter   typeconverter: (prefix this;, class class de.uka.ilkd.key.java.reference.ThisReference) 
97943      INFO  main            d.u.i.k.p.r.p.TestFile    ... finished proof: closed. 
98113      DEBUG main            d.u.i.k.s.TermLabelSettings TermLabelSettings: Failure while reading the setting "UseOriginLabels".Using the default value: true.The string read was: null 
98113      INFO  main            d.u.i.k.p.r.p.TestFile    Now processing file /home/runner/work/key/key/key.core/../key.ui/examples/InformationFlow/ToyBanking/banking_example.Bank(banking_example.Bank__login(int,(C)).Non-interference contract.0.m.key 
98113      DEBUG main            d.u.i.k.p.i.KeYFile       Reading KeY file /home/runner/work/key/key/key.core/../key.ui/examples/InformationFlow/ToyBanking/banking_example.Bank(banking_example.Bank__login(int,(C)).Non-interference contract.0.m.key 
99030      DEBUG main            d.u.i.k.j.Recoder2KeY     converting now /home/runner/work/key/key/key.core/../key.ui/examples/InformationFlow/ToyBanking/src/banking_example/UserAccount.java 
99032      DEBUG main            d.u.i.k.j.Recoder2KeY     converting now /home/runner/work/key/key/key.core/../key.ui/examples/InformationFlow/ToyBanking/src/banking_example/Bank.java 
99033      DEBUG main            d.u.i.k.j.Recoder2KeY     converting now /home/runner/work/key/key/key.core/../key.ui/examples/InformationFlow/ToyBanking/src/banking_example/BankAccount.java 
99038      DEBUG main            d.u.i.k.s.TermLabelSettings TermLabelSettings: Failure while reading the setting "UseOriginLabels".Using the default value: true.The string read was: null 
99039      DEBUG main            d.u.i.k.p.i.KeYFile       Reading KeY file file:/home/runner/work/key/key/key.core/build/resources/main/de/uka/ilkd/key/java/JavaRedux/java/lang/String.key 
100936     DEBUG main            d.u.i.k.p.i.KeYFile       Reading KeY file /home/runner/work/key/key/key.core/../key.ui/examples/InformationFlow/ToyBanking/banking_example.Bank(banking_example.Bank__login(int,(C)).Non-interference contract.0.m.key 
100937     DEBUG main            d.u.i.k.m.s.ProofScriptEngine 1: 'macro 'infflow-autopilot'' 
100978     DEBUG main            d.u.i.k.p.m.ProofCorrectnessMgt No justification found for rule Class_invariant_axiom_for_banking_example_Bank 
101032     DEBUG main            d.u.i.k.j.TypeConverter   typeconverter: (prefix this;, class class de.uka.ilkd.key.java.reference.ThisReference) 
101057     DEBUG main            d.u.i.k.j.TypeConverter   typeconverter: (prefix this;, class class de.uka.ilkd.key.java.reference.ThisReference) 
101311     DEBUG main            d.u.i.k.j.TypeConverter   typeconverter: (prefix this;, class class de.uka.ilkd.key.java.reference.ThisReference) 
102192     DEBUG main            d.u.i.k.p.m.ProofCorrectnessMgt No justification found for rule Partial_inv_axiom_for_JML_class_invariant_nr_15_in_UserAccount_EQ 
102207     DEBUG main            d.u.i.k.p.m.ProofCorrectnessMgt No justification found for rule Partial_inv_axiom_for_JML_class_invariant_nr_15_in_UserAccount 
102216     DEBUG main            d.u.i.k.p.m.ProofCorrectnessMgt No justification found for rule Partial_inv_axiom_for_JML_class_invariant_nr_11_in_UserAccount_EQ 
102310     DEBUG main            d.u.i.k.p.m.ProofCorrectnessMgt No justification found for rule Partial_inv_axiom_for_JML_class_invariant_nr_9_in_UserAccount 
102315     DEBUG main            d.u.i.k.p.m.ProofCorrectnessMgt No justification found for rule Partial_inv_axiom_for_JML_class_invariant_nr_13_in_UserAccount_EQ 
102460     DEBUG main            d.u.i.k.p.m.ProofCorrectnessMgt No justification found for rule Partial_inv_axiom_for_JML_class_invariant_nr_11_in_UserAccount 
103049     DEBUG main            d.u.i.k.p.m.ProofCorrectnessMgt No justification found for rule Partial_inv_axiom_for_JML_class_invariant_nr_9_in_UserAccount 
103080     DEBUG main            d.u.i.k.p.m.ProofCorrectnessMgt No justification found for rule Partial_inv_axiom_for_JML_class_invariant_nr_11_in_UserAccount 
103092     DEBUG main            d.u.i.k.p.m.ProofCorrectnessMgt No justification found for rule Partial_inv_axiom_for_JML_class_invariant_nr_13_in_UserAccount 
103745     DEBUG main            d.u.i.k.p.m.ProofCorrectnessMgt No justification found for rule Partial_inv_axiom_for_JML_class_invariant_nr_9_in_UserAccount 
103749     DEBUG main            d.u.i.k.p.m.ProofCorrectnessMgt No justification found for rule Partial_inv_axiom_for_JML_class_invariant_nr_11_in_UserAccount 
104338     DEBUG main            d.u.i.k.p.m.ProofCorrectnessMgt No justification found for rule Partial_inv_axiom_for_JML_class_invariant_nr_13_in_UserAccount 
326040     INFO  main            d.u.i.k.p.r.p.TestFile    ... finished proof: open goal(s) 
326381     DEBUG main            d.u.i.k.s.TermLabelSettings TermLabelSettings: Failure while reading the setting "UseOriginLabels".Using the default value: true.The string read was: null 
326381     INFO  main            d.u.i.k.p.r.p.TestFile    Now processing file /home/runner/work/key/key/key.core/../key.ui/examples/InformationFlow/ToyBanking/banking_example2.UserAccount(banking_example2.UserAccount__getBankAccount(int)).Non-interference contract.0.m.key 
326382     DEBUG main            d.u.i.k.p.i.KeYFile       Reading KeY file /home/runner/work/key/key/key.core/../key.ui/examples/InformationFlow/ToyBanking/banking_example2.UserAccount(banking_example2.UserAccount__getBankAccount(int)).Non-interference contract.0.m.key 
327237     DEBUG main            d.u.i.k.j.Recoder2KeY     converting now /home/runner/work/key/key/key.core/../key.ui/examples/InformationFlow/ToyBanking/src/banking_example2/UserAccount.java 
327240     DEBUG main            d.u.i.k.j.Recoder2KeY     converting now /home/runner/work/key/key/key.core/../key.ui/examples/InformationFlow/ToyBanking/src/banking_example2/Bank.java 
327241     DEBUG main            d.u.i.k.j.Recoder2KeY     converting now /home/runner/work/key/key/key.core/../key.ui/examples/InformationFlow/ToyBanking/src/banking_example2/BankAccount.java 
327246     DEBUG main            d.u.i.k.s.TermLabelSettings TermLabelSettings: Failure while reading the setting "UseOriginLabels".Using the default value: true.The string read was: null 
327247     DEBUG main            d.u.i.k.p.i.KeYFile       Reading KeY file file:/home/runner/work/key/key/key.core/build/resources/main/de/uka/ilkd/key/java/JavaRedux/java/lang/String.key 
328961     DEBUG main            d.u.i.k.p.i.KeYFile       Reading KeY file /home/runner/work/key/key/key.core/../key.ui/examples/InformationFlow/ToyBanking/banking_example2.UserAccount(banking_example2.UserAccount__getBankAccount(int)).Non-interference contract.0.m.key 
328961     DEBUG main            d.u.i.k.m.s.ProofScriptEngine 1: 'macro 'infflow-autopilot'' 
328998     DEBUG main            d.u.i.k.p.m.ProofCorrectnessMgt No justification found for rule Class_invariant_axiom_for_banking_example2_UserAccount 
329029     DEBUG main            d.u.i.k.j.TypeConverter   typeconverter: (prefix this;, class class de.uka.ilkd.key.java.reference.ThisReference) 
329046     DEBUG main            d.u.i.k.j.TypeConverter   typeconverter: (prefix this;, class class de.uka.ilkd.key.java.reference.ThisReference) 
330912     INFO  main            d.u.i.k.p.r.p.TestFile    ... finished proof: closed. 
331343     DEBUG main            d.u.i.k.s.TermLabelSettings TermLabelSettings: Failure while reading the setting "UseOriginLabels".Using the default value: true.The string read was: null 
331343     INFO  main            d.u.i.k.p.r.p.TestFile    Now processing file /home/runner/work/key/key/key.core/../key.ui/examples/InformationFlow/ToyBanking/banking_example2.UserAccount(banking_example2.UserAccount__tryLogin(int,(C)).Non-interference contract.0.m.key 
331344     DEBUG main            d.u.i.k.p.i.KeYFile       Reading KeY file /home/runner/work/key/key/key.core/../key.ui/examples/InformationFlow/ToyBanking/banking_example2.UserAccount(banking_example2.UserAccount__tryLogin(int,(C)).Non-interference contract.0.m.key 
332204     DEBUG main            d.u.i.k.j.Recoder2KeY     converting now /home/runner/work/key/key/key.core/../key.ui/examples/InformationFlow/ToyBanking/src/banking_example2/UserAccount.java 
332207     DEBUG main            d.u.i.k.j.Recoder2KeY     converting now /home/runner/work/key/key/key.core/../key.ui/examples/InformationFlow/ToyBanking/src/banking_example2/Bank.java 
332208     DEBUG main            d.u.i.k.j.Recoder2KeY     converting now /home/runner/work/key/key/key.core/../key.ui/examples/InformationFlow/ToyBanking/src/banking_example2/BankAccount.java 
332213     DEBUG main            d.u.i.k.s.TermLabelSettings TermLabelSettings: Failure while reading the setting "UseOriginLabels".Using the default value: true.The string read was: null 
332214     DEBUG main            d.u.i.k.p.i.KeYFile       Reading KeY file file:/home/runner/work/key/key/key.core/build/resources/main/de/uka/ilkd/key/java/JavaRedux/java/lang/String.key 
333952     DEBUG main            d.u.i.k.p.i.KeYFile       Reading KeY file /home/runner/work/key/key/key.core/../key.ui/examples/InformationFlow/ToyBanking/banking_example2.UserAccount(banking_example2.UserAccount__tryLogin(int,(C)).Non-interference contract.0.m.key 
333952     DEBUG main            d.u.i.k.m.s.ProofScriptEngine 1: 'macro 'infflow-autopilot'' 
333989     DEBUG main            d.u.i.k.p.m.ProofCorrectnessMgt No justification found for rule Class_invariant_axiom_for_banking_example2_UserAccount 
334016     DEBUG main            d.u.i.k.j.TypeConverter   typeconverter: (prefix this;, class class de.uka.ilkd.key.java.reference.ThisReference) 
334041     DEBUG main            d.u.i.k.j.TypeConverter   typeconverter: (prefix this;, class class de.uka.ilkd.key.java.reference.ThisReference) 
334070     DEBUG main            d.u.i.k.r.m.WhileLoopTransformation While-Loop-Tranform-Result: {
  int i = 0;
  while (i < _password.length && pwdCorrect) {
    {
      pwdCorrect = (this.password[i] == _password[i]);
    }
    i++;
  }
} 
334086     DEBUG main            d.u.i.k.r.m.WhileLoopTransformation While-Loop-Tranform-Result: try {
  {
    if (i < _password.length && pwdCorrect) {
      {
        pwdCorrect = (this.password[i] == _password[i]);
      }
      i++;
    }
  }
} catch (java.lang.Throwable e#4) {
  exc#3 = true;
  thrownExc#5 = e#4;
} 
334164     DEBUG main            d.u.i.k.j.TypeConverter   typeconverter: (prefix this;, class class de.uka.ilkd.key.java.reference.ThisReference) 
335232     DEBUG main            d.u.i.k.j.TypeConverter   typeconverter: (prefix this;, class class de.uka.ilkd.key.java.reference.ThisReference) 
335264     DEBUG main            d.u.i.k.j.TypeConverter   typeconverter: (prefix this;, class class de.uka.ilkd.key.java.reference.ThisReference) 
335283     DEBUG main            d.u.i.k.j.TypeConverter   typeconverter: (prefix this;, class class de.uka.ilkd.key.java.reference.ThisReference) 
335303     DEBUG main            d.u.i.k.j.TypeConverter   typeconverter: (prefix this;, class class de.uka.ilkd.key.java.reference.ThisReference) 
335324     DEBUG main            d.u.i.k.j.TypeConverter   typeconverter: (prefix this;, class class de.uka.ilkd.key.java.reference.ThisReference) 
335346     DEBUG main            d.u.i.k.j.TypeConverter   typeconverter: (prefix this;, class class de.uka.ilkd.key.java.reference.ThisReference) 
335356     DEBUG main            d.u.i.k.j.TypeConverter   TypeConverter: FieldReference: this.password.length; 
335356     DEBUG main            d.u.i.k.j.TypeConverter   typeconverter: (prefix this.password;, class class de.uka.ilkd.key.java.reference.FieldReference) 
335357     DEBUG main            d.u.i.k.j.TypeConverter   TypeConverter: FieldReference: this.password; 
335357     DEBUG main            d.u.i.k.j.TypeConverter   typeconverter: (prefix this;, class class de.uka.ilkd.key.java.reference.ThisReference) 
335357     DEBUG main            d.u.i.k.j.TypeConverter   TypeConverter: FieldReference: this.password; 
335358     DEBUG main            d.u.i.k.j.TypeConverter   typeconverter: (prefix this;, class class de.uka.ilkd.key.java.reference.ThisReference) 
335358     DEBUG main            d.u.i.k.j.TypeConverter   TypeConverter: FieldReference: this.bankAccounts.length; 
335359     DEBUG main            d.u.i.k.j.TypeConverter   typeconverter: (prefix this.bankAccounts;, class class de.uka.ilkd.key.java.reference.FieldReference) 
335359     DEBUG main            d.u.i.k.j.TypeConverter   TypeConverter: FieldReference: this.bankAccounts; 
335359     DEBUG main            d.u.i.k.j.TypeConverter   typeconverter: (prefix this;, class class de.uka.ilkd.key.java.reference.ThisReference) 
335359     DEBUG main            d.u.i.k.j.TypeConverter   TypeConverter: FieldReference: this.bankAccounts; 
335359     DEBUG main            d.u.i.k.j.TypeConverter   typeconverter: (prefix this;, class class de.uka.ilkd.key.java.reference.ThisReference) 
335359     DEBUG main            d.u.i.k.j.TypeConverter   TypeConverter: FieldReference: this.bankAccounts[0].customerViewOnBankAccount; 
335359     DEBUG main            d.u.i.k.j.TypeConverter   typeconverter: (prefix this.bankAccounts[0];, class class de.uka.ilkd.key.java.reference.ArrayReference) 
335359     DEBUG main            d.u.i.k.j.TypeConverter   TypeConverter: FieldReference: this.bankAccounts; 
335360     DEBUG main            d.u.i.k.j.TypeConverter   typeconverter: (prefix this;, class class de.uka.ilkd.key.java.reference.ThisReference) 
335388     DEBUG main            d.u.i.k.j.TypeConverter   typeconverter: (prefix this;, class class de.uka.ilkd.key.java.reference.ThisReference) 
335423     DEBUG main            d.u.i.k.j.TypeConverter   typeconverter: (prefix this;, class class de.uka.ilkd.key.java.reference.ThisReference) 
335457     DEBUG main            d.u.i.k.j.TypeConverter   typeconverter: (prefix this;, class class de.uka.ilkd.key.java.reference.ThisReference) 
335491     DEBUG main            d.u.i.k.j.TypeConverter   typeconverter: (prefix this;, class class de.uka.ilkd.key.java.reference.ThisReference) 
335512     DEBUG main            d.u.i.k.j.TypeConverter   TypeConverter: FieldReference: this.bankAccounts.length; 
335512     DEBUG main            d.u.i.k.j.TypeConverter   typeconverter: (prefix this.bankAccounts;, class class de.uka.ilkd.key.java.reference.FieldReference) 
335512     DEBUG main            d.u.i.k.j.TypeConverter   TypeConverter: FieldReference: this.bankAccounts; 
335512     DEBUG main            d.u.i.k.j.TypeConverter   typeconverter: (prefix this;, class class de.uka.ilkd.key.java.reference.ThisReference) 
335512     DEBUG main            d.u.i.k.j.TypeConverter   TypeConverter: FieldReference: this.bankAccounts; 
335512     DEBUG main            d.u.i.k.j.TypeConverter   typeconverter: (prefix this;, class class de.uka.ilkd.key.java.reference.ThisReference) 
335512     DEBUG main            d.u.i.k.j.TypeConverter   TypeConverter: FieldReference: this.bankAccounts[0].customerViewOnBankAccount; 
335513     DEBUG main            d.u.i.k.j.TypeConverter   typeconverter: (prefix this.bankAccounts[0];, class class de.uka.ilkd.key.java.reference.ArrayReference) 
335513     DEBUG main            d.u.i.k.j.TypeConverter   TypeConverter: FieldReference: this.bankAccounts; 
335513     DEBUG main            d.u.i.k.j.TypeConverter   typeconverter: (prefix this;, class class de.uka.ilkd.key.java.reference.ThisReference) 
335562     DEBUG main            d.u.i.k.j.TypeConverter   typeconverter: (prefix this;, class class de.uka.ilkd.key.java.reference.ThisReference) 
335571     DEBUG main            d.u.i.k.j.TypeConverter   typeconverter: (prefix this;, class class de.uka.ilkd.key.java.reference.ThisReference) 
335723     DEBUG main            d.u.i.k.j.TypeConverter   typeconverter: (prefix this;, class class de.uka.ilkd.key.java.reference.ThisReference) 
335733     DEBUG main            d.u.i.k.j.TypeConverter   typeconverter: (prefix this;, class class de.uka.ilkd.key.java.reference.ThisReference) 
335752     DEBUG main            d.u.i.k.j.TypeConverter   typeconverter: (prefix this;, class class de.uka.ilkd.key.java.reference.ThisReference) 
335773     DEBUG main            d.u.i.k.j.TypeConverter   typeconverter: (prefix this;, class class de.uka.ilkd.key.java.reference.ThisReference) 
335802     DEBUG main            d.u.i.k.j.TypeConverter   typeconverter: (prefix this;, class class de.uka.ilkd.key.java.reference.ThisReference) 
335825     DEBUG main            d.u.i.k.j.TypeConverter   typeconverter: (prefix this;, class class de.uka.ilkd.key.java.reference.ThisReference) 
335837     DEBUG main            d.u.i.k.j.TypeConverter   TypeConverter: FieldReference: this.password.length; 
335837     DEBUG main            d.u.i.k.j.TypeConverter   typeconverter: (prefix this.password;, class class de.uka.ilkd.key.java.reference.FieldReference) 
335837     DEBUG main            d.u.i.k.j.TypeConverter   TypeConverter: FieldReference: this.password; 
335837     DEBUG main            d.u.i.k.j.TypeConverter   typeconverter: (prefix this;, class class de.uka.ilkd.key.java.reference.ThisReference) 
335837     DEBUG main            d.u.i.k.j.TypeConverter   TypeConverter: FieldReference: this.password; 
335837     DEBUG main            d.u.i.k.j.TypeConverter   typeconverter: (prefix this;, class class de.uka.ilkd.key.java.reference.ThisReference) 
335837     DEBUG main            d.u.i.k.j.TypeConverter   TypeConverter: FieldReference: this.bankAccounts.length; 
335837     DEBUG main            d.u.i.k.j.TypeConverter   typeconverter: (prefix this.bankAccounts;, class class de.uka.ilkd.key.java.reference.FieldReference) 
335837     DEBUG main            d.u.i.k.j.TypeConverter   TypeConverter: FieldReference: this.bankAccounts; 
335837     DEBUG main            d.u.i.k.j.TypeConverter   typeconverter: (prefix this;, class class de.uka.ilkd.key.java.reference.ThisReference) 
335837     DEBUG main            d.u.i.k.j.TypeConverter   TypeConverter: FieldReference: this.bankAccounts; 
335837     DEBUG main            d.u.i.k.j.TypeConverter   typeconverter: (prefix this;, class class de.uka.ilkd.key.java.reference.ThisReference) 
335837     DEBUG main            d.u.i.k.j.TypeConverter   TypeConverter: FieldReference: this.bankAccounts[0].customerViewOnBankAccount; 
335837     DEBUG main            d.u.i.k.j.TypeConverter   typeconverter: (prefix this.bankAccounts[0];, class class de.uka.ilkd.key.java.reference.ArrayReference) 
335837     DEBUG main            d.u.i.k.j.TypeConverter   TypeConverter: FieldReference: this.bankAccounts; 
335837     DEBUG main            d.u.i.k.j.TypeConverter   typeconverter: (prefix this;, class class de.uka.ilkd.key.java.reference.ThisReference) 
335881     DEBUG main            d.u.i.k.j.TypeConverter   typeconverter: (prefix this;, class class de.uka.ilkd.key.java.reference.ThisReference) 
335888     DEBUG main            d.u.i.k.j.TypeConverter   typeconverter: (prefix this;, class class de.uka.ilkd.key.java.reference.ThisReference) 
335899     DEBUG main            d.u.i.k.j.TypeConverter   typeconverter: (prefix this;, class class de.uka.ilkd.key.java.reference.ThisReference) 
335921     DEBUG main            d.u.i.k.j.TypeConverter   typeconverter: (prefix this;, class class de.uka.ilkd.key.java.reference.ThisReference) 
335956     DEBUG main            d.u.i.k.j.TypeConverter   typeconverter: (prefix this;, class class de.uka.ilkd.key.java.reference.ThisReference) 
335993     DEBUG main            d.u.i.k.j.TypeConverter   typeconverter: (prefix this;, class class de.uka.ilkd.key.java.reference.ThisReference) 
336016     DEBUG main            d.u.i.k.j.TypeConverter   TypeConverter: FieldReference: this.bankAccounts.length; 
336016     DEBUG main            d.u.i.k.j.TypeConverter   typeconverter: (prefix this.bankAccounts;, class class de.uka.ilkd.key.java.reference.FieldReference) 
336016     DEBUG main            d.u.i.k.j.TypeConverter   TypeConverter: FieldReference: this.bankAccounts; 
336016     DEBUG main            d.u.i.k.j.TypeConverter   typeconverter: (prefix this;, class class de.uka.ilkd.key.java.reference.ThisReference) 
336016     DEBUG main            d.u.i.k.j.TypeConverter   TypeConverter: FieldReference: this.bankAccounts; 
336016     DEBUG main            d.u.i.k.j.TypeConverter   typeconverter: (prefix this;, class class de.uka.ilkd.key.java.reference.ThisReference) 
336016     DEBUG main            d.u.i.k.j.TypeConverter   TypeConverter: FieldReference: this.bankAccounts[0].customerViewOnBankAccount; 
336016     DEBUG main            d.u.i.k.j.TypeConverter   typeconverter: (prefix this.bankAccounts[0];, class class de.uka.ilkd.key.java.reference.ArrayReference) 
336017     DEBUG main            d.u.i.k.j.TypeConverter   TypeConverter: FieldReference: this.bankAccounts; 
336017     DEBUG main            d.u.i.k.j.TypeConverter   typeconverter: (prefix this;, class class de.uka.ilkd.key.java.reference.ThisReference) 
336086     DEBUG main            d.u.i.k.j.TypeConverter   typeconverter: (prefix this;, class class de.uka.ilkd.key.java.reference.ThisReference) 
336160     DEBUG main            d.u.i.k.j.TypeConverter   typeconverter: (prefix this;, class class de.uka.ilkd.key.java.reference.ThisReference) 
336183     DEBUG main            d.u.i.k.j.TypeConverter   typeconverter: (prefix this;, class class de.uka.ilkd.key.java.reference.ThisReference) 
336203     DEBUG main            d.u.i.k.j.TypeConverter   typeconverter: (prefix this;, class class de.uka.ilkd.key.java.reference.ThisReference) 
336230     DEBUG main            d.u.i.k.j.TypeConverter   typeconverter: (prefix this;, class class de.uka.ilkd.key.java.reference.ThisReference) 
336252     DEBUG main            d.u.i.k.j.TypeConverter   typeconverter: (prefix this;, class class de.uka.ilkd.key.java.reference.ThisReference) 
336261     DEBUG main            d.u.i.k.j.TypeConverter   TypeConverter: FieldReference: this.password.length; 
336262     DEBUG main            d.u.i.k.j.TypeConverter   typeconverter: (prefix this.password;, class class de.uka.ilkd.key.java.reference.FieldReference) 
336262     DEBUG main            d.u.i.k.j.TypeConverter   TypeConverter: FieldReference: this.password; 
336262     DEBUG main            d.u.i.k.j.TypeConverter   typeconverter: (prefix this;, class class de.uka.ilkd.key.java.reference.ThisReference) 
336262     DEBUG main            d.u.i.k.j.TypeConverter   TypeConverter: FieldReference: this.password; 
336262     DEBUG main            d.u.i.k.j.TypeConverter   typeconverter: (prefix this;, class class de.uka.ilkd.key.java.reference.ThisReference) 
336262     DEBUG main            d.u.i.k.j.TypeConverter   TypeConverter: FieldReference: this.bankAccounts.length; 
336262     DEBUG main            d.u.i.k.j.TypeConverter   typeconverter: (prefix this.bankAccounts;, class class de.uka.ilkd.key.java.reference.FieldReference) 
336262     DEBUG main            d.u.i.k.j.TypeConverter   TypeConverter: FieldReference: this.bankAccounts; 
336262     DEBUG main            d.u.i.k.j.TypeConverter   typeconverter: (prefix this;, class class de.uka.ilkd.key.java.reference.ThisReference) 
336262     DEBUG main            d.u.i.k.j.TypeConverter   TypeConverter: FieldReference: this.bankAccounts; 
336262     DEBUG main            d.u.i.k.j.TypeConverter   typeconverter: (prefix this;, class class de.uka.ilkd.key.java.reference.ThisReference) 
336262     DEBUG main            d.u.i.k.j.TypeConverter   TypeConverter: FieldReference: this.bankAccounts[0].customerViewOnBankAccount; 
336262     DEBUG main            d.u.i.k.j.TypeConverter   typeconverter: (prefix this.bankAccounts[0];, class class de.uka.ilkd.key.java.reference.ArrayReference) 
336262     DEBUG main            d.u.i.k.j.TypeConverter   TypeConverter: FieldReference: this.bankAccounts; 
336262     DEBUG main            d.u.i.k.j.TypeConverter   typeconverter: (prefix this;, class class de.uka.ilkd.key.java.reference.ThisReference) 
336302     DEBUG main            d.u.i.k.j.TypeConverter   typeconverter: (prefix this;, class class de.uka.ilkd.key.java.reference.ThisReference) 
336308     DEBUG main            d.u.i.k.j.TypeConverter   typeconverter: (prefix this;, class class de.uka.ilkd.key.java.reference.ThisReference) 
336333     DEBUG main            d.u.i.k.j.TypeConverter   typeconverter: (prefix this;, class class de.uka.ilkd.key.java.reference.ThisReference) 
336366     DEBUG main            d.u.i.k.j.TypeConverter   typeconverter: (prefix this;, class class de.uka.ilkd.key.java.reference.ThisReference) 
336400     DEBUG main            d.u.i.k.j.TypeConverter   typeconverter: (prefix this;, class class de.uka.ilkd.key.java.reference.ThisReference) 
336421     DEBUG main            d.u.i.k.j.TypeConverter   TypeConverter: FieldReference: this.bankAccounts.length; 
336421     DEBUG main            d.u.i.k.j.TypeConverter   typeconverter: (prefix this.bankAccounts;, class class de.uka.ilkd.key.java.reference.FieldReference) 
336421     DEBUG main            d.u.i.k.j.TypeConverter   TypeConverter: FieldReference: this.bankAccounts; 
336421     DEBUG main            d.u.i.k.j.TypeConverter   typeconverter: (prefix this;, class class de.uka.ilkd.key.java.reference.ThisReference) 
336421     DEBUG main            d.u.i.k.j.TypeConverter   TypeConverter: FieldReference: this.bankAccounts; 
336421     DEBUG main            d.u.i.k.j.TypeConverter   typeconverter: (prefix this;, class class de.uka.ilkd.key.java.reference.ThisReference) 
336421     DEBUG main            d.u.i.k.j.TypeConverter   TypeConverter: FieldReference: this.bankAccounts[0].customerViewOnBankAccount; 
336421     DEBUG main            d.u.i.k.j.TypeConverter   typeconverter: (prefix this.bankAccounts[0];, class class de.uka.ilkd.key.java.reference.ArrayReference) 
336421     DEBUG main            d.u.i.k.j.TypeConverter   TypeConverter: FieldReference: this.bankAccounts; 
336421     DEBUG main            d.u.i.k.j.TypeConverter   typeconverter: (prefix this;, class class de.uka.ilkd.key.java.reference.ThisReference) 
336479     DEBUG main            d.u.i.k.j.TypeConverter   typeconverter: (prefix this;, class class de.uka.ilkd.key.java.reference.ThisReference) 
336487     DEBUG main            d.u.i.k.j.TypeConverter   typeconverter: (prefix this;, class class de.uka.ilkd.key.java.reference.ThisReference) 
336662     DEBUG main            d.u.i.k.j.TypeConverter   typeconverter: (prefix this;, class class de.uka.ilkd.key.java.reference.ThisReference) 
336680     DEBUG main            d.u.i.k.j.TypeConverter   typeconverter: (prefix this;, class class de.uka.ilkd.key.java.reference.ThisReference) 
336699     DEBUG main            d.u.i.k.j.TypeConverter   typeconverter: (prefix this;, class class de.uka.ilkd.key.java.reference.ThisReference) 
336719     DEBUG main            d.u.i.k.j.TypeConverter   typeconverter: (prefix this;, class class de.uka.ilkd.key.java.reference.ThisReference) 
336727     DEBUG main            d.u.i.k.j.TypeConverter   TypeConverter: FieldReference: this.password.length; 
336727     DEBUG main            d.u.i.k.j.TypeConverter   typeconverter: (prefix this.password;, class class de.uka.ilkd.key.java.reference.FieldReference) 
336727     DEBUG main            d.u.i.k.j.TypeConverter   TypeConverter: FieldReference: this.password; 
336727     DEBUG main            d.u.i.k.j.TypeConverter   typeconverter: (prefix this;, class class de.uka.ilkd.key.java.reference.ThisReference) 
336727     DEBUG main            d.u.i.k.j.TypeConverter   TypeConverter: FieldReference: this.password; 
336727     DEBUG main            d.u.i.k.j.TypeConverter   typeconverter: (prefix this;, class class de.uka.ilkd.key.java.reference.ThisReference) 
336727     DEBUG main            d.u.i.k.j.TypeConverter   TypeConverter: FieldReference: this.bankAccounts.length; 
336727     DEBUG main            d.u.i.k.j.TypeConverter   typeconverter: (prefix this.bankAccounts;, class class de.uka.ilkd.key.java.reference.FieldReference) 
336727     DEBUG main            d.u.i.k.j.TypeConverter   TypeConverter: FieldReference: this.bankAccounts; 
336727     DEBUG main            d.u.i.k.j.TypeConverter   typeconverter: (prefix this;, class class de.uka.ilkd.key.java.reference.ThisReference) 
336727     DEBUG main            d.u.i.k.j.TypeConverter   TypeConverter: FieldReference: this.bankAccounts; 
336727     DEBUG main            d.u.i.k.j.TypeConverter   typeconverter: (prefix this;, class class de.uka.ilkd.key.java.reference.ThisReference) 
336727     DEBUG main            d.u.i.k.j.TypeConverter   TypeConverter: FieldReference: this.bankAccounts[0].customerViewOnBankAccount; 
336728     DEBUG main            d.u.i.k.j.TypeConverter   typeconverter: (prefix this.bankAccounts[0];, class class de.uka.ilkd.key.java.reference.ArrayReference) 
336728     DEBUG main            d.u.i.k.j.TypeConverter   TypeConverter: FieldReference: this.bankAccounts; 
336728     DEBUG main            d.u.i.k.j.TypeConverter   typeconverter: (prefix this;, class class de.uka.ilkd.key.java.reference.ThisReference) 
336753     DEBUG main            d.u.i.k.j.TypeConverter   typeconverter: (prefix this;, class class de.uka.ilkd.key.java.reference.ThisReference) 
336759     DEBUG main            d.u.i.k.j.TypeConverter   typeconverter: (prefix this;, class class de.uka.ilkd.key.java.reference.ThisReference) 
336784     DEBUG main            d.u.i.k.j.TypeConverter   typeconverter: (prefix this;, class class de.uka.ilkd.key.java.reference.ThisReference) 
336815     DEBUG main            d.u.i.k.j.TypeConverter   typeconverter: (prefix this;, class class de.uka.ilkd.key.java.reference.ThisReference) 
336848     DEBUG main            d.u.i.k.j.TypeConverter   typeconverter: (prefix this;, class class de.uka.ilkd.key.java.reference.ThisReference) 
336867     DEBUG main            d.u.i.k.j.TypeConverter   TypeConverter: FieldReference: this.bankAccounts.length; 
336867     DEBUG main            d.u.i.k.j.TypeConverter   typeconverter: (prefix this.bankAccounts;, class class de.uka.ilkd.key.java.reference.FieldReference) 
336867     DEBUG main            d.u.i.k.j.TypeConverter   TypeConverter: FieldReference: this.bankAccounts; 
336867     DEBUG main            d.u.i.k.j.TypeConverter   typeconverter: (prefix this;, class class de.uka.ilkd.key.java.reference.ThisReference) 
336867     DEBUG main            d.u.i.k.j.TypeConverter   TypeConverter: FieldReference: this.bankAccounts; 
336867     DEBUG main            d.u.i.k.j.TypeConverter   typeconverter: (prefix this;, class class de.uka.ilkd.key.java.reference.ThisReference) 
336867     DEBUG main            d.u.i.k.j.TypeConverter   TypeConverter: FieldReference: this.bankAccounts[0].customerViewOnBankAccount; 
336867     DEBUG main            d.u.i.k.j.TypeConverter   typeconverter: (prefix this.bankAccounts[0];, class class de.uka.ilkd.key.java.reference.ArrayReference) 
336867     DEBUG main            d.u.i.k.j.TypeConverter   TypeConverter: FieldReference: this.bankAccounts; 
336867     DEBUG main            d.u.i.k.j.TypeConverter   typeconverter: (prefix this;, class class de.uka.ilkd.key.java.reference.ThisReference) 
336917     DEBUG main            d.u.i.k.j.TypeConverter   typeconverter: (prefix this;, class class de.uka.ilkd.key.java.reference.ThisReference) 
336925     DEBUG main            d.u.i.k.j.TypeConverter   typeconverter: (prefix this;, class class de.uka.ilkd.key.java.reference.ThisReference) 
338249     DEBUG main            d.u.i.k.j.TypeConverter   typeconverter: (prefix this;, class class de.uka.ilkd.key.java.reference.ThisReference) 
350159     INFO  main            d.u.i.k.p.r.p.TestFile    ... finished proof: closed. 
350408     DEBUG main            d.u.i.k.s.TermLabelSettings TermLabelSettings: Failure while reading the setting "UseOriginLabels".Using the default value: true.The string read was: null 
350408     INFO  main            d.u.i.k.p.r.p.TestFile    Now processing file /home/runner/work/key/key/key.core/../key.ui/examples/InformationFlow/ToyBanking/banking_example2.BankAccount(banking_example2.BankAccount__depositMoney(int)).Non-interference contract.0.m.key 
350408     DEBUG main            d.u.i.k.p.i.KeYFile       Reading KeY file /home/runner/work/key/key/key.core/../key.ui/examples/InformationFlow/ToyBanking/banking_example2.BankAccount(banking_example2.BankAccount__depositMoney(int)).Non-interference contract.0.m.key 
351315     DEBUG main            d.u.i.k.j.Recoder2KeY     converting now /home/runner/work/key/key/key.core/../key.ui/examples/InformationFlow/ToyBanking/src/banking_example2/UserAccount.java 
351319     DEBUG main            d.u.i.k.j.Recoder2KeY     converting now /home/runner/work/key/key/key.core/../key.ui/examples/InformationFlow/ToyBanking/src/banking_example2/Bank.java 
351320     DEBUG main            d.u.i.k.j.Recoder2KeY     converting now /home/runner/work/key/key/key.core/../key.ui/examples/InformationFlow/ToyBanking/src/banking_example2/BankAccount.java 
351328     DEBUG main            d.u.i.k.s.TermLabelSettings TermLabelSettings: Failure while reading the setting "UseOriginLabels".Using the default value: true.The string read was: null 
351329     DEBUG main            d.u.i.k.p.i.KeYFile       Reading KeY file file:/home/runner/work/key/key/key.core/build/resources/main/de/uka/ilkd/key/java/JavaRedux/java/lang/String.key 
353067     DEBUG main            d.u.i.k.p.i.KeYFile       Reading KeY file /home/runner/work/key/key/key.core/../key.ui/examples/InformationFlow/ToyBanking/banking_example2.BankAccount(banking_example2.BankAccount__depositMoney(int)).Non-interference contract.0.m.key 
353067     DEBUG main            d.u.i.k.m.s.ProofScriptEngine 1: 'macro 'infflow-autopilot'' 
353099     DEBUG main            d.u.i.k.p.m.ProofCorrectnessMgt No justification found for rule Class_invariant_axiom_for_banking_example2_BankAccount 
353162     DEBUG main            d.u.i.k.j.TypeConverter   typeconverter: (prefix this;, class class de.uka.ilkd.key.java.reference.ThisReference) 
353167     DEBUG main            d.u.i.k.j.TypeConverter   typeconverter: (prefix this;, class class de.uka.ilkd.key.java.reference.ThisReference) 
353189     DEBUG main            d.u.i.k.j.TypeConverter   typeconverter: (prefix this;, class class de.uka.ilkd.key.java.reference.ThisReference) 
353209     DEBUG main            d.u.i.k.j.TypeConverter   typeconverter: (prefix this;, class class de.uka.ilkd.key.java.reference.ThisReference) 
353222     DEBUG main            d.u.i.k.j.TypeConverter   typeconverter: (prefix this;, class class de.uka.ilkd.key.java.reference.ThisReference) 
353225     DEBUG main            d.u.i.k.j.TypeConverter   typeconverter: (prefix this;, class class de.uka.ilkd.key.java.reference.ThisReference) 
353595     INFO  main            d.u.i.k.p.r.p.TestFile    ... finished proof: closed. 
353802     DEBUG main            d.u.i.k.s.TermLabelSettings TermLabelSettings: Failure while reading the setting "UseOriginLabels".Using the default value: true.The string read was: null 
353802     INFO  main            d.u.i.k.p.r.p.TestFile    Now processing file /home/runner/work/key/key/key.core/../key.ui/examples/InformationFlow/ToyBanking/banking_example2.BankAccount(banking_example2.BankAccount__getBalance()).Non-interference contract.0.m.key 
353803     DEBUG main            d.u.i.k.p.i.KeYFile       Reading KeY file /home/runner/work/key/key/key.core/../key.ui/examples/InformationFlow/ToyBanking/banking_example2.BankAccount(banking_example2.BankAccount__getBalance()).Non-interference contract.0.m.key 
354699     DEBUG main            d.u.i.k.j.Recoder2KeY     converting now /home/runner/work/key/key/key.core/../key.ui/examples/InformationFlow/ToyBanking/src/banking_example2/UserAccount.java 
354701     DEBUG main            d.u.i.k.j.Recoder2KeY     converting now /home/runner/work/key/key/key.core/../key.ui/examples/InformationFlow/ToyBanking/src/banking_example2/Bank.java 
354702     DEBUG main            d.u.i.k.j.Recoder2KeY     converting now /home/runner/work/key/key/key.core/../key.ui/examples/InformationFlow/ToyBanking/src/banking_example2/BankAccount.java 
354706     DEBUG main            d.u.i.k.s.TermLabelSettings TermLabelSettings: Failure while reading the setting "UseOriginLabels".Using the default value: true.The string read was: null 
354707     DEBUG main            d.u.i.k.p.i.KeYFile       Reading KeY file file:/home/runner/work/key/key/key.core/build/resources/main/de/uka/ilkd/key/java/JavaRedux/java/lang/String.key 
356442     DEBUG main            d.u.i.k.p.i.KeYFile       Reading KeY file /home/runner/work/key/key/key.core/../key.ui/examples/InformationFlow/ToyBanking/banking_example2.BankAccount(banking_example2.BankAccount__getBalance()).Non-interference contract.0.m.key 
356443     DEBUG main            d.u.i.k.m.s.ProofScriptEngine 1: 'macro 'infflow-autopilot'' 
356473     DEBUG main            d.u.i.k.p.m.ProofCorrectnessMgt No justification found for rule Class_invariant_axiom_for_banking_example2_BankAccount 
356477     DEBUG main            d.u.i.k.j.TypeConverter   typeconverter: (prefix this;, class class de.uka.ilkd.key.java.reference.ThisReference) 
356571     INFO  main            d.u.i.k.p.r.p.TestFile    ... finished proof: closed. 
356776     DEBUG main            d.u.i.k.s.TermLabelSettings TermLabelSettings: Failure while reading the setting "UseOriginLabels".Using the default value: true.The string read was: null 
356776     INFO  main            d.u.i.k.p.r.p.TestFile    Now processing file /home/runner/work/key/key/key.core/../key.ui/examples/InformationFlow/ToyBanking/banking_example2.BankAccount(banking_example2.BankAccount__getId()).Non-interference contract.0.m.key 
356777     DEBUG main            d.u.i.k.p.i.KeYFile       Reading KeY file /home/runner/work/key/key/key.core/../key.ui/examples/InformationFlow/ToyBanking/banking_example2.BankAccount(banking_example2.BankAccount__getId()).Non-interference contract.0.m.key 
357641     DEBUG main            d.u.i.k.j.Recoder2KeY     converting now /home/runner/work/key/key/key.core/../key.ui/examples/InformationFlow/ToyBanking/src/banking_example2/UserAccount.java 
357643     DEBUG main            d.u.i.k.j.Recoder2KeY     converting now /home/runner/work/key/key/key.core/../key.ui/examples/InformationFlow/ToyBanking/src/banking_example2/Bank.java 
357644     DEBUG main            d.u.i.k.j.Recoder2KeY     converting now /home/runner/work/key/key/key.core/../key.ui/examples/InformationFlow/ToyBanking/src/banking_example2/BankAccount.java 
357648     DEBUG main            d.u.i.k.s.TermLabelSettings TermLabelSettings: Failure while reading the setting "UseOriginLabels".Using the default value: true.The string read was: null 
357649     DEBUG main            d.u.i.k.p.i.KeYFile       Reading KeY file file:/home/runner/work/key/key/key.core/build/resources/main/de/uka/ilkd/key/java/JavaRedux/java/lang/String.key 
359433     DEBUG main            d.u.i.k.p.i.KeYFile       Reading KeY file /home/runner/work/key/key/key.core/../key.ui/examples/InformationFlow/ToyBanking/banking_example2.BankAccount(banking_example2.BankAccount__getId()).Non-interference contract.0.m.key 
359434     DEBUG main            d.u.i.k.m.s.ProofScriptEngine 1: 'macro 'infflow-autopilot'' 
359490     DEBUG main            d.u.i.k.p.m.ProofCorrectnessMgt No justification found for rule Class_invariant_axiom_for_banking_example2_BankAccount 
359493     DEBUG main            d.u.i.k.j.TypeConverter   typeconverter: (prefix this;, class class de.uka.ilkd.key.java.reference.ThisReference) 
359587     INFO  main            d.u.i.k.p.r.p.TestFile    ... finished proof: closed. 
2019423    INFO  Test worker     d.u.i.k.p.r.RunAllProofsTestUnit Returning from test ToyBanking_fullmacro 
2019423    INFO  Test worker     d.u.i.k.p.r.RunAllProofsTestUnit Running test BlockContracts_fullmacro 
418        INFO  Timeout watchdog d.u.i.k.p.r.p.ForkedTestFileRunner Timeout watcher launched (1000 secs.) 
440        WARN  main            d.u.i.k.s.ProofSettings   The settings in /home/runner/.key/proof-settings.props are *not* read. 
473        DEBUG main            d.u.i.k.s.TermLabelSettings TermLabelSettings: Failure while reading the setting "UseOriginLabels".Using the default value: true.The string read was: null 
474        INFO  main            d.u.i.k.p.r.p.TestFile    Now processing file /home/runner/work/key/key/key.core/../key.ui/examples/InformationFlow/BlockContracts/contract.IFBlockExamples(contract.IFBlockExamples__secure_5()).Non-interference contract.0.m.key 
597        DEBUG main            d.u.i.k.p.i.KeYFile       Reading KeY file /home/runner/work/key/key/key.core/../key.ui/examples/InformationFlow/BlockContracts/contract.IFBlockExamples(contract.IFBlockExamples__secure_5()).Non-interference contract.0.m.key 
821        DEBUG main            d.u.i.k.p.i.KeYFile       Reading KeY file file:/home/runner/work/key/key/key.core/build/resources/main/de/uka/ilkd/key/proof/rules/standardRules.key 
848        DEBUG main            d.u.i.k.p.i.KeYFile       Reading KeY file file:/home/runner/work/key/key/key.core/build/resources/main/de/uka/ilkd/key/proof/rules/ldt.key 
853        DEBUG main            d.u.i.k.p.i.KeYFile       Reading KeY file file:/home/runner/work/key/key/key.core/build/resources/main/de/uka/ilkd/key/proof/rules/boolean.key 
869        DEBUG main            d.u.i.k.p.i.KeYFile       Reading KeY file file:/home/runner/work/key/key/key.core/build/resources/main/de/uka/ilkd/key/proof/rules/ruleSetsDeclarations.key 
897        DEBUG main            d.u.i.k.p.i.KeYFile       Reading KeY file file:/home/runner/work/key/key/key.core/build/resources/main/de/uka/ilkd/key/proof/rules/integerHeader.key 
906        DEBUG main            d.u.i.k.p.i.KeYFile       Reading KeY file file:/home/runner/work/key/key/key.core/build/resources/main/de/uka/ilkd/key/proof/rules/floatHeader.key 
910        DEBUG main            d.u.i.k.p.i.KeYFile       Reading KeY file file:/home/runner/work/key/key/key.core/build/resources/main/de/uka/ilkd/key/proof/rules/heap.key 
914        DEBUG main            d.u.i.k.p.i.KeYFile       Reading KeY file file:/home/runner/work/key/key/key.core/build/resources/main/de/uka/ilkd/key/proof/rules/locSets.key 
915        DEBUG main            d.u.i.k.p.i.KeYFile       Reading KeY file file:/home/runner/work/key/key/key.core/build/resources/main/de/uka/ilkd/key/proof/rules/permission.key 
918        DEBUG main            d.u.i.k.p.i.KeYFile       Reading KeY file file:/home/runner/work/key/key/key.core/build/resources/main/de/uka/ilkd/key/proof/rules/reach.key 
919        DEBUG main            d.u.i.k.p.i.KeYFile       Reading KeY file file:/home/runner/work/key/key/key.core/build/resources/main/de/uka/ilkd/key/proof/rules/seq.key 
922        DEBUG main            d.u.i.k.p.i.KeYFile       Reading KeY file file:/home/runner/work/key/key/key.core/build/resources/main/de/uka/ilkd/key/proof/rules/map.key 
988        DEBUG main            d.u.i.k.p.i.KeYFile       Reading KeY file file:/home/runner/work/key/key/key.core/build/resources/main/de/uka/ilkd/key/proof/rules/freeADT.key 
988        DEBUG main            d.u.i.k.p.i.KeYFile       Reading KeY file file:/home/runner/work/key/key/key.core/build/resources/main/de/uka/ilkd/key/proof/rules/wellfound.key 
989        DEBUG main            d.u.i.k.p.i.KeYFile       Reading KeY file file:/home/runner/work/key/key/key.core/build/resources/main/de/uka/ilkd/key/proof/rules/charListHeader.key 
1129       DEBUG main            d.u.i.k.p.i.KeYFile       Reading KeY file file:/home/runner/work/key/key/key.core/build/resources/main/de/uka/ilkd/key/proof/rules/propRule.key 
1155       DEBUG main            d.u.i.k.p.i.KeYFile       Reading KeY file file:/home/runner/work/key/key/key.core/build/resources/main/de/uka/ilkd/key/proof/rules/firstOrderRules.key 
1179       DEBUG main            d.u.i.k.p.i.KeYFile       Reading KeY file file:/home/runner/work/key/key/key.core/build/resources/main/de/uka/ilkd/key/proof/rules/ifThenElseRules.key 
1233       DEBUG main            d.u.i.k.p.i.KeYFile       Reading KeY file file:/home/runner/work/key/key/key.core/build/resources/main/de/uka/ilkd/key/proof/rules/formulaNormalisationRules.key 
1406       DEBUG main            d.u.i.k.p.i.KeYFile       Reading KeY file file:/home/runner/work/key/key/key.core/build/resources/main/de/uka/ilkd/key/proof/rules/updateRules.key 
1430       DEBUG main            d.u.i.k.p.i.KeYFile       Reading KeY file file:/home/runner/work/key/key/key.core/build/resources/main/de/uka/ilkd/key/proof/rules/integerRulesCommon.key 
1520       DEBUG main            d.u.i.k.p.i.KeYFile       Reading KeY file file:/home/runner/work/key/key/key.core/build/resources/main/de/uka/ilkd/key/proof/rules/intRules.key 
1540       DEBUG main            d.u.i.k.p.i.KeYFile       Reading KeY file file:/home/runner/work/key/key/key.core/build/resources/main/de/uka/ilkd/key/proof/rules/intRulesUncheckedSemantics.key 
1555       DEBUG main            d.u.i.k.p.i.KeYFile       Reading KeY file file:/home/runner/work/key/key/key.core/build/resources/main/de/uka/ilkd/key/proof/rules/intRulesCheckedSemantics.key 
1567       DEBUG main            d.u.i.k.p.i.KeYFile       Reading KeY file file:/home/runner/work/key/key/key.core/build/resources/main/de/uka/ilkd/key/proof/rules/intRulesJavaSemantics.key 
1587       DEBUG main            d.u.i.k.p.i.KeYFile       Reading KeY file file:/home/runner/work/key/key/key.core/build/resources/main/de/uka/ilkd/key/proof/rules/integerSimplificationRules.key 
1822       DEBUG main            d.u.i.k.j.TypeConverter   No LDT found for Meta 
1822       DEBUG main            d.u.i.k.j.TypeConverter   No LDT found for Meta 
1823       DEBUG main            d.u.i.k.j.TypeConverter   No LDT found for Meta 
1823       DEBUG main            d.u.i.k.j.TypeConverter   No LDT found for Meta 
1847       DEBUG main            d.u.i.k.p.i.KeYFile       Reading KeY file file:/home/runner/work/key/key/key.core/build/resources/main/de/uka/ilkd/key/proof/rules/intDiv.key 
1881       DEBUG main            d.u.i.k.p.i.KeYFile       Reading KeY file file:/home/runner/work/key/key/key.core/build/resources/main/de/uka/ilkd/key/proof/rules/bsum.key 
2019       DEBUG main            d.u.i.k.p.i.KeYFile       Reading KeY file file:/home/runner/work/key/key/key.core/build/resources/main/de/uka/ilkd/key/proof/rules/bprod.key 
2047       DEBUG main            d.u.i.k.p.i.KeYFile       Reading KeY file file:/home/runner/work/key/key/key.core/build/resources/main/de/uka/ilkd/key/proof/rules/binaryAxioms.key 
2052       DEBUG main            d.u.i.k.p.i.KeYFile       Reading KeY file file:/home/runner/work/key/key/key.core/build/resources/main/de/uka/ilkd/key/proof/rules/binaryLemmas.key 
2057       DEBUG main            d.u.i.k.p.i.KeYFile       Reading KeY file file:/home/runner/work/key/key/key.core/build/resources/main/de/uka/ilkd/key/proof/rules/intPow.key 
2089       DEBUG main            d.u.i.k.p.i.KeYFile       Reading KeY file file:/home/runner/work/key/key/key.core/build/resources/main/de/uka/ilkd/key/proof/rules/floatRulesCommon.key 
2109       DEBUG main            d.u.i.k.p.i.KeYFile       Reading KeY file file:/home/runner/work/key/key/key.core/build/resources/main/de/uka/ilkd/key/proof/rules/floatRules.key 
2110       DEBUG main            d.u.i.k.p.i.KeYFile       Reading KeY file file:/home/runner/work/key/key/key.core/build/resources/main/de/uka/ilkd/key/proof/rules/floatRulesVerifyNormal.key 
2111       DEBUG main            d.u.i.k.p.i.KeYFile       Reading KeY file file:/home/runner/work/key/key/key.core/build/resources/main/de/uka/ilkd/key/proof/rules/floatRulesAssumeStrictfp.key 
2129       DEBUG main            d.u.i.k.p.i.KeYFile       Reading KeY file file:/home/runner/work/key/key/key.core/build/resources/main/de/uka/ilkd/key/proof/rules/genericRules.key 
2143       DEBUG main            d.u.i.k.p.i.KeYFile       Reading KeY file file:/home/runner/work/key/key/key.core/build/resources/main/de/uka/ilkd/key/proof/rules/booleanRules.key 
2147       DEBUG main            d.u.i.k.p.i.KeYFile       Reading KeY file file:/home/runner/work/key/key/key.core/build/resources/main/de/uka/ilkd/key/proof/rules/epsilon.key 
2150       DEBUG main            d.u.i.k.p.i.KeYFile       Reading KeY file file:/home/runner/work/key/key/key.core/build/resources/main/de/uka/ilkd/key/proof/rules/locSetsRules.key 
2203       DEBUG main            d.u.i.k.p.i.KeYFile       Reading KeY file file:/home/runner/work/key/key/key.core/build/resources/main/de/uka/ilkd/key/proof/rules/heapRules.key 
2280       DEBUG main            d.u.i.k.p.i.KeYFile       Reading KeY file file:/home/runner/work/key/key/key.core/build/resources/main/de/uka/ilkd/key/proof/rules/permissionRules.key 
2304       DEBUG main            d.u.i.k.p.i.KeYFile       Reading KeY file file:/home/runner/work/key/key/key.core/build/resources/main/de/uka/ilkd/key/proof/rules/reachRules.key 
2346       DEBUG main            d.u.i.k.p.i.KeYFile       Reading KeY file file:/home/runner/work/key/key/key.core/build/resources/main/de/uka/ilkd/key/proof/rules/seqCoreRules.key 
2349       DEBUG main            d.u.i.k.p.i.KeYFile       Reading KeY file file:/home/runner/work/key/key/key.core/build/resources/main/de/uka/ilkd/key/proof/rules/seqRules.key 
2405       DEBUG main            d.u.i.k.p.i.KeYFile       Reading KeY file file:/home/runner/work/key/key/key.core/build/resources/main/de/uka/ilkd/key/proof/rules/seqPerm.key 
2446       DEBUG main            d.u.i.k.p.i.KeYFile       Reading KeY file file:/home/runner/work/key/key/key.core/build/resources/main/de/uka/ilkd/key/proof/rules/seqPerm2.key 
2453       DEBUG main            d.u.i.k.p.i.KeYFile       Reading KeY file file:/home/runner/work/key/key/key.core/build/resources/main/de/uka/ilkd/key/proof/rules/javaRules.key 
2609       DEBUG main            d.u.i.k.p.i.KeYFile       Reading KeY file file:/home/runner/work/key/key/key.core/build/resources/main/de/uka/ilkd/key/proof/rules/assertions.key 
3070       DEBUG main            d.u.i.k.p.i.KeYFile       Reading KeY file file:/home/runner/work/key/key/key.core/build/resources/main/de/uka/ilkd/key/proof/rules/loopRules.key 
3079       DEBUG main            d.u.i.k.p.i.KeYFile       Reading KeY file file:/home/runner/work/key/key/key.core/build/resources/main/de/uka/ilkd/key/proof/rules/activeUse.key 
3147       DEBUG main            d.u.i.k.p.i.KeYFile       Reading KeY file file:/home/runner/work/key/key/key.core/build/resources/main/de/uka/ilkd/key/proof/rules/instanceAllocation.key 
3164       DEBUG main            d.u.i.k.p.i.KeYFile       Reading KeY file file:/home/runner/work/key/key/key.core/build/resources/main/de/uka/ilkd/key/proof/rules/java5.key 
3167       DEBUG main            d.u.i.k.p.i.KeYFile       Reading KeY file file:/home/runner/work/key/key/key.core/build/resources/main/de/uka/ilkd/key/proof/rules/integerAssignment2UpdateRules.key 
3199       DEBUG main            d.u.i.k.p.i.KeYFile       Reading KeY file file:/home/runner/work/key/key/key.core/build/resources/main/de/uka/ilkd/key/proof/rules/floatAssignment2UpdateRules.key 
3223       DEBUG main            d.u.i.k.p.i.KeYFile       Reading KeY file file:/home/runner/work/key/key/key.core/build/resources/main/de/uka/ilkd/key/proof/rules/bigint.key 
3236       DEBUG main            d.u.i.k.j.TypeConverter   No LDT found for JavaBigintExpression 
3238       DEBUG main            d.u.i.k.p.i.KeYFile       Reading KeY file file:/home/runner/work/key/key/key.core/build/resources/main/de/uka/ilkd/key/proof/rules/adtProgramDecompositionRules.key 
3257       DEBUG main            d.u.i.k.p.i.KeYFile       Reading KeY file file:/home/runner/work/key/key/key.core/build/resources/main/de/uka/ilkd/key/proof/rules/precRules.key 
3261       DEBUG main            d.u.i.k.p.i.KeYFile       Reading KeY file file:/home/runner/work/key/key/key.core/build/resources/main/de/uka/ilkd/key/proof/rules/charListRules.key 
3279       DEBUG main            d.u.i.k.p.i.KeYFile       Reading KeY file file:/home/runner/work/key/key/key.core/build/resources/main/de/uka/ilkd/key/proof/rules/regExTheory.key 
3280       DEBUG main            d.u.i.k.p.i.KeYFile       Reading KeY file file:/home/runner/work/key/key/key.core/build/resources/main/de/uka/ilkd/key/proof/rules/regExHeader.key 
3281       DEBUG main            d.u.i.k.p.i.KeYFile       Reading KeY file file:/home/runner/work/key/key/key.core/build/resources/main/de/uka/ilkd/key/proof/rules/regExAxioms.key 
3285       DEBUG main            d.u.i.k.p.i.KeYFile       Reading KeY file file:/home/runner/work/key/key/key.core/build/resources/main/de/uka/ilkd/key/proof/rules/regExLemmaProven.key 
3292       DEBUG main            d.u.i.k.p.i.KeYFile       Reading KeY file file:/home/runner/work/key/key/key.core/build/resources/main/de/uka/ilkd/key/proof/rules/seqEq.key 
3301       DEBUG main            d.u.i.k.p.i.KeYFile       Reading KeY file file:/home/runner/work/key/key/key.core/build/resources/main/de/uka/ilkd/key/proof/rules/infFlow.key 
3308       DEBUG main            d.u.i.k.p.i.KeYFile       Reading KeY file file:/home/runner/work/key/key/key.core/build/resources/main/de/uka/ilkd/key/proof/rules/mapSize.key 
3312       DEBUG main            d.u.i.k.p.i.KeYFile       Reading KeY file file:/home/runner/work/key/key/key.core/build/resources/main/de/uka/ilkd/key/proof/rules/wd.key 
3314       DEBUG main            d.u.i.k.p.i.KeYFile       Reading KeY file file:/home/runner/work/key/key/key.core/build/resources/main/de/uka/ilkd/key/proof/rules/wdHeader.key 
3315       DEBUG main            d.u.i.k.p.i.KeYFile       Reading KeY file file:/home/runner/work/key/key/key.core/build/resources/main/de/uka/ilkd/key/proof/rules/wdGeneralRules.key 
3319       DEBUG main            d.u.i.k.p.i.KeYFile       Reading KeY file file:/home/runner/work/key/key/key.core/build/resources/main/de/uka/ilkd/key/proof/rules/wdNumericalRules.key 
3346       DEBUG main            d.u.i.k.p.i.KeYFile       Reading KeY file file:/home/runner/work/key/key/key.core/build/resources/main/de/uka/ilkd/key/proof/rules/wdLocSetRules.key 
3353       DEBUG main            d.u.i.k.p.i.KeYFile       Reading KeY file file:/home/runner/work/key/key/key.core/build/resources/main/de/uka/ilkd/key/proof/rules/wdHeapRules.key 
3357       DEBUG main            d.u.i.k.p.i.KeYFile       Reading KeY file file:/home/runner/work/key/key/key.core/build/resources/main/de/uka/ilkd/key/proof/rules/wdReachRules.key 
3359       DEBUG main            d.u.i.k.p.i.KeYFile       Reading KeY file file:/home/runner/work/key/key/key.core/build/resources/main/de/uka/ilkd/key/proof/rules/wdSeqRules.key 
3393       DEBUG main            d.u.i.k.p.i.KeYFile       Reading KeY file file:/home/runner/work/key/key/key.core/build/resources/main/de/uka/ilkd/key/proof/rules/wdStringRules.key 
3397       DEBUG main            d.u.i.k.p.i.KeYFile       Reading KeY file file:/home/runner/work/key/key/key.core/build/resources/main/de/uka/ilkd/key/proof/rules/wdRegExRules.key 
3399       DEBUG main            d.u.i.k.p.i.KeYFile       Reading KeY file file:/home/runner/work/key/key/key.core/build/resources/main/de/uka/ilkd/key/proof/rules/wdFormulaRules.key 
3415       DEBUG main            d.u.i.k.p.i.KeYFile       Reading KeY file file:/home/runner/work/key/key/key.core/build/resources/main/de/uka/ilkd/key/proof/rules/loopInvariantRules.key 
3418       DEBUG main            d.u.i.k.p.i.KeYFile       Reading KeY file file:/home/runner/work/key/key/key.core/build/resources/main/de/uka/ilkd/key/proof/rules/forLoopRules.key 
3420       DEBUG main            d.u.i.k.p.i.KeYFile       Reading KeY file file:/home/runner/work/key/key/key.core/build/resources/main/de/uka/ilkd/key/proof/rules/execRules.key 
3487       DEBUG main            d.u.i.k.p.i.KeYFile       Reading KeY file file:/home/runner/work/key/key/key.core/build/resources/main/de/uka/ilkd/key/proof/rules/loopScopeRules.key 
6001       DEBUG main            d.u.i.k.j.Recoder2KeY     converting now /home/runner/work/key/key/key.core/../key.ui/examples/InformationFlow/BlockContracts/src/contract/IFBlockExamples.java 
6008       DEBUG main            d.u.i.k.j.Recoder2KeY     converting now /home/runner/work/key/key/key.core/../key.ui/examples/InformationFlow/BlockContracts/src/contract/IFEfficiencyExamples.java 
6038       DEBUG main            d.u.i.k.s.TermLabelSettings TermLabelSettings: Failure while reading the setting "UseOriginLabels".Using the default value: true.The string read was: null 
6047       DEBUG main            d.u.i.k.p.i.KeYFile       Reading KeY file file:/home/runner/work/key/key/key.core/build/resources/main/de/uka/ilkd/key/java/JavaRedux/java/lang/String.key 
8502       DEBUG main            d.u.i.k.p.i.KeYFile       Reading KeY file /home/runner/work/key/key/key.core/../key.ui/examples/InformationFlow/BlockContracts/contract.IFBlockExamples(contract.IFBlockExamples__secure_5()).Non-interference contract.0.m.key 
8559       DEBUG main            d.u.i.k.m.s.ProofScriptEngine 1: 'macro 'infflow-autopilot'' 
8926       DEBUG main            d.u.i.k.p.m.ProofCorrectnessMgt No justification found for rule Class_invariant_axiom_for_contract_IFBlockExamples 
9401       DEBUG main            d.u.i.k.j.TypeConverter   typeconverter: (prefix this;, class class de.uka.ilkd.key.java.reference.ThisReference) 
9429       DEBUG main            d.u.i.k.j.TypeConverter   typeconverter: (prefix this;, class class de.uka.ilkd.key.java.reference.ThisReference) 
9957       INFO  main            d.u.i.k.p.r.p.TestFile    ... finished proof: closed. 
10092      DEBUG main            d.u.i.k.s.TermLabelSettings TermLabelSettings: Failure while reading the setting "UseOriginLabels".Using the default value: true.The string read was: null 
10093      INFO  main            d.u.i.k.p.r.p.TestFile    Now processing file /home/runner/work/key/key/key.core/../key.ui/examples/InformationFlow/BlockContracts/contract.IFBlockExamples(contract.IFBlockExamples__block_no_return_secure(int)).Non-interference contract.0.m.key 
10094      DEBUG main            d.u.i.k.p.i.KeYFile       Reading KeY file /home/runner/work/key/key/key.core/../key.ui/examples/InformationFlow/BlockContracts/contract.IFBlockExamples(contract.IFBlockExamples__block_no_return_secure(int)).Non-interference contract.0.m.key 
11093      DEBUG main            d.u.i.k.j.Recoder2KeY     converting now /home/runner/work/key/key/key.core/../key.ui/examples/InformationFlow/BlockContracts/src/contract/IFBlockExamples.java 
11099      DEBUG main            d.u.i.k.j.Recoder2KeY     converting now /home/runner/work/key/key/key.core/../key.ui/examples/InformationFlow/BlockContracts/src/contract/IFEfficiencyExamples.java 
11116      DEBUG main            d.u.i.k.s.TermLabelSettings TermLabelSettings: Failure while reading the setting "UseOriginLabels".Using the default value: true.The string read was: null 
11118      DEBUG main            d.u.i.k.p.i.KeYFile       Reading KeY file file:/home/runner/work/key/key/key.core/build/resources/main/de/uka/ilkd/key/java/JavaRedux/java/lang/String.key 
13068      DEBUG main            d.u.i.k.p.i.KeYFile       Reading KeY file /home/runner/work/key/key/key.core/../key.ui/examples/InformationFlow/BlockContracts/contract.IFBlockExamples(contract.IFBlockExamples__block_no_return_secure(int)).Non-interference contract.0.m.key 
13069      DEBUG main            d.u.i.k.m.s.ProofScriptEngine 1: 'macro 'infflow-autopilot'' 
13129      DEBUG main            d.u.i.k.p.m.ProofCorrectnessMgt No justification found for rule Class_invariant_axiom_for_contract_IFBlockExamples 
13139      DEBUG main            d.u.i.k.j.TypeConverter   typeconverter: (prefix this;, class class de.uka.ilkd.key.java.reference.ThisReference) 
13210      DEBUG main            d.u.i.k.j.TypeConverter   typeconverter: (prefix this;, class class de.uka.ilkd.key.java.reference.ThisReference) 
13734      INFO  main            d.u.i.k.p.r.p.TestFile    ... finished proof: closed. 
13891      DEBUG main            d.u.i.k.s.TermLabelSettings TermLabelSettings: Failure while reading the setting "UseOriginLabels".Using the default value: true.The string read was: null 
13891      INFO  main            d.u.i.k.p.r.p.TestFile    Now processing file /home/runner/work/key/key/key.core/../key.ui/examples/InformationFlow/BlockContracts/contract.IFBlockExamples(contract.IFBlockExamples__while_block_insecure(int)).Non-interference contract.0.m.key 
13892      DEBUG main            d.u.i.k.p.i.KeYFile       Reading KeY file /home/runner/work/key/key/key.core/../key.ui/examples/InformationFlow/BlockContracts/contract.IFBlockExamples(contract.IFBlockExamples__while_block_insecure(int)).Non-interference contract.0.m.key 
14783      DEBUG main            d.u.i.k.j.Recoder2KeY     converting now /home/runner/work/key/key/key.core/../key.ui/examples/InformationFlow/BlockContracts/src/contract/IFBlockExamples.java 
14786      DEBUG main            d.u.i.k.j.Recoder2KeY     converting now /home/runner/work/key/key/key.core/../key.ui/examples/InformationFlow/BlockContracts/src/contract/IFEfficiencyExamples.java 
14793      DEBUG main            d.u.i.k.s.TermLabelSettings TermLabelSettings: Failure while reading the setting "UseOriginLabels".Using the default value: true.The string read was: null 
14794      DEBUG main            d.u.i.k.p.i.KeYFile       Reading KeY file file:/home/runner/work/key/key/key.core/build/resources/main/de/uka/ilkd/key/java/JavaRedux/java/lang/String.key 
16635      DEBUG main            d.u.i.k.p.i.KeYFile       Reading KeY file /home/runner/work/key/key/key.core/../key.ui/examples/InformationFlow/BlockContracts/contract.IFBlockExamples(contract.IFBlockExamples__while_block_insecure(int)).Non-interference contract.0.m.key 
16636      DEBUG main            d.u.i.k.m.s.ProofScriptEngine 1: 'macro 'infflow-autopilot'' 
16686      DEBUG main            d.u.i.k.p.m.ProofCorrectnessMgt No justification found for rule Class_invariant_axiom_for_contract_IFBlockExamples 
16694      DEBUG main            d.u.i.k.j.TypeConverter   typeconverter: (prefix this;, class class de.uka.ilkd.key.java.reference.ThisReference) 
16708      DEBUG main            d.u.i.k.r.m.WhileLoopTransformation While-Loop-Tranform-Result: try {
  {
    if (_l > 0) {
      _l--;
      l1++;
    }
  }
} catch (java.lang.Throwable e#48) {
  exc#47 = true;
  thrownExc#49 = e#48;
} 
16825      DEBUG main            d.u.i.k.j.TypeConverter   typeconverter: (prefix this;, class class de.uka.ilkd.key.java.reference.ThisReference) 
18093      INFO  main            d.u.i.k.p.r.p.TestFile    ... finished proof: open goal(s) 
18273      DEBUG main            d.u.i.k.s.TermLabelSettings TermLabelSettings: Failure while reading the setting "UseOriginLabels".Using the default value: true.The string read was: null 
18273      INFO  main            d.u.i.k.p.r.p.TestFile    Now processing file /home/runner/work/key/key/key.core/../key.ui/examples/InformationFlow/BlockContracts/contract.IFBlockExamples(contract.IFBlockExamples__while_block_secure(int)).Non-interference contract.0.m.key 
18273      DEBUG main            d.u.i.k.p.i.KeYFile       Reading KeY file /home/runner/work/key/key/key.core/../key.ui/examples/InformationFlow/BlockContracts/contract.IFBlockExamples(contract.IFBlockExamples__while_block_secure(int)).Non-interference contract.0.m.key 
19190      DEBUG main            d.u.i.k.j.Recoder2KeY     converting now /home/runner/work/key/key/key.core/../key.ui/examples/InformationFlow/BlockContracts/src/contract/IFBlockExamples.java 
19194      DEBUG main            d.u.i.k.j.Recoder2KeY     converting now /home/runner/work/key/key/key.core/../key.ui/examples/InformationFlow/BlockContracts/src/contract/IFEfficiencyExamples.java 
19200      DEBUG main            d.u.i.k.s.TermLabelSettings TermLabelSettings: Failure while reading the setting "UseOriginLabels".Using the default value: true.The string read was: null 
19202      DEBUG main            d.u.i.k.p.i.KeYFile       Reading KeY file file:/home/runner/work/key/key/key.core/build/resources/main/de/uka/ilkd/key/java/JavaRedux/java/lang/String.key 
20968      DEBUG main            d.u.i.k.p.i.KeYFile       Reading KeY file /home/runner/work/key/key/key.core/../key.ui/examples/InformationFlow/BlockContracts/contract.IFBlockExamples(contract.IFBlockExamples__while_block_secure(int)).Non-interference contract.0.m.key 
20969      DEBUG main            d.u.i.k.m.s.ProofScriptEngine 1: 'macro 'infflow-autopilot'' 
21018      DEBUG main            d.u.i.k.p.m.ProofCorrectnessMgt No justification found for rule Class_invariant_axiom_for_contract_IFBlockExamples 
21024      DEBUG main            d.u.i.k.j.TypeConverter   typeconverter: (prefix this;, class class de.uka.ilkd.key.java.reference.ThisReference) 
21030      DEBUG main            d.u.i.k.r.m.WhileLoopTransformation While-Loop-Tranform-Result: try {
  {
    if (_l > 0) {
      _l--;
      l1++;
    }
  }
} catch (java.lang.Throwable e#48) {
  exc#47 = true;
  thrownExc#49 = e#48;
} 
21134      DEBUG main            d.u.i.k.j.TypeConverter   typeconverter: (prefix this;, class class de.uka.ilkd.key.java.reference.ThisReference) 
22162      INFO  main            d.u.i.k.p.r.p.TestFile    ... finished proof: closed. 
22354      DEBUG main            d.u.i.k.s.TermLabelSettings TermLabelSettings: Failure while reading the setting "UseOriginLabels".Using the default value: true.The string read was: null 
22354      INFO  main            d.u.i.k.p.r.p.TestFile    Now processing file /home/runner/work/key/key/key.core/../key.ui/examples/InformationFlow/BlockContracts/contract.IFBlockExamples(contract.IFBlockExamples__block_while_secure(int)).Non-interference contract.0.m.key 
22354      DEBUG main            d.u.i.k.p.i.KeYFile       Reading KeY file /home/runner/work/key/key/key.core/../key.ui/examples/InformationFlow/BlockContracts/contract.IFBlockExamples(contract.IFBlockExamples__block_while_secure(int)).Non-interference contract.0.m.key 
23224      DEBUG main            d.u.i.k.j.Recoder2KeY     converting now /home/runner/work/key/key/key.core/../key.ui/examples/InformationFlow/BlockContracts/src/contract/IFBlockExamples.java 
23227      DEBUG main            d.u.i.k.j.Recoder2KeY     converting now /home/runner/work/key/key/key.core/../key.ui/examples/InformationFlow/BlockContracts/src/contract/IFEfficiencyExamples.java 
23233      DEBUG main            d.u.i.k.s.TermLabelSettings TermLabelSettings: Failure while reading the setting "UseOriginLabels".Using the default value: true.The string read was: null 
23234      DEBUG main            d.u.i.k.p.i.KeYFile       Reading KeY file file:/home/runner/work/key/key/key.core/build/resources/main/de/uka/ilkd/key/java/JavaRedux/java/lang/String.key 
25038      DEBUG main            d.u.i.k.p.i.KeYFile       Reading KeY file /home/runner/work/key/key/key.core/../key.ui/examples/InformationFlow/BlockContracts/contract.IFBlockExamples(contract.IFBlockExamples__block_while_secure(int)).Non-interference contract.0.m.key 
25039      DEBUG main            d.u.i.k.m.s.ProofScriptEngine 1: 'macro 'infflow-autopilot'' 
25091      DEBUG main            d.u.i.k.p.m.ProofCorrectnessMgt No justification found for rule Class_invariant_axiom_for_contract_IFBlockExamples 
25097      DEBUG main            d.u.i.k.j.TypeConverter   typeconverter: (prefix this;, class class de.uka.ilkd.key.java.reference.ThisReference) 
25142      DEBUG main            d.u.i.k.r.m.WhileLoopTransformation While-Loop-Tranform-Result: try {
  {
    if (_l > 0) {
      _l--;
      l1++;
    }
  }
} catch (java.lang.Throwable e#65) {
  exc#64 = true;
  thrownExc#66 = e#65;
} 
25236      DEBUG main            d.u.i.k.j.TypeConverter   typeconverter: (prefix this;, class class de.uka.ilkd.key.java.reference.ThisReference) 
26303      INFO  main            d.u.i.k.p.r.p.TestFile    ... finished proof: closed. 
26513      DEBUG main            d.u.i.k.s.TermLabelSettings TermLabelSettings: Failure while reading the setting "UseOriginLabels".Using the default value: true.The string read was: null 
26513      INFO  main            d.u.i.k.p.r.p.TestFile    Now processing file /home/runner/work/key/key/key.core/../key.ui/examples/InformationFlow/BlockContracts/contract.IFBlockExamples(contract.IFBlockExamples__insecure_4(int)).Non-interference contract.0.m.key 
26514      DEBUG main            d.u.i.k.p.i.KeYFile       Reading KeY file /home/runner/work/key/key/key.core/../key.ui/examples/InformationFlow/BlockContracts/contract.IFBlockExamples(contract.IFBlockExamples__insecure_4(int)).Non-interference contract.0.m.key 
27349      DEBUG main            d.u.i.k.j.Recoder2KeY     converting now /home/runner/work/key/key/key.core/../key.ui/examples/InformationFlow/BlockContracts/src/contract/IFBlockExamples.java 
27352      DEBUG main            d.u.i.k.j.Recoder2KeY     converting now /home/runner/work/key/key/key.core/../key.ui/examples/InformationFlow/BlockContracts/src/contract/IFEfficiencyExamples.java 
27357      DEBUG main            d.u.i.k.s.TermLabelSettings TermLabelSettings: Failure while reading the setting "UseOriginLabels".Using the default value: true.The string read was: null 
27359      DEBUG main            d.u.i.k.p.i.KeYFile       Reading KeY file file:/home/runner/work/key/key/key.core/build/resources/main/de/uka/ilkd/key/java/JavaRedux/java/lang/String.key 
29128      DEBUG main            d.u.i.k.p.i.KeYFile       Reading KeY file /home/runner/work/key/key/key.core/../key.ui/examples/InformationFlow/BlockContracts/contract.IFBlockExamples(contract.IFBlockExamples__insecure_4(int)).Non-interference contract.0.m.key 
29129      DEBUG main            d.u.i.k.m.s.ProofScriptEngine 1: 'macro 'infflow-autopilot'' 
29171      DEBUG main            d.u.i.k.p.m.ProofCorrectnessMgt No justification found for rule Class_invariant_axiom_for_contract_IFBlockExamples 
29180      DEBUG main            d.u.i.k.j.TypeConverter   typeconverter: (prefix this;, class class de.uka.ilkd.key.java.reference.ThisReference) 
30631      INFO  main            d.u.i.k.p.r.p.TestFile    ... finished proof: open goal(s) 
30857      DEBUG main            d.u.i.k.s.TermLabelSettings TermLabelSettings: Failure while reading the setting "UseOriginLabels".Using the default value: true.The string read was: null 
30858      INFO  main            d.u.i.k.p.r.p.TestFile    Now processing file /home/runner/work/key/key/key.core/../key.ui/examples/InformationFlow/BlockContracts/contract.IFBlockExamples(contract.IFBlockExamples__insecure_3(int)).Non-interference contract.0.m.key 
30858      DEBUG main            d.u.i.k.p.i.KeYFile       Reading KeY file /home/runner/work/key/key/key.core/../key.ui/examples/InformationFlow/BlockContracts/contract.IFBlockExamples(contract.IFBlockExamples__insecure_3(int)).Non-interference contract.0.m.key 
31702      DEBUG main            d.u.i.k.j.Recoder2KeY     converting now /home/runner/work/key/key/key.core/../key.ui/examples/InformationFlow/BlockContracts/src/contract/IFBlockExamples.java 
31705      DEBUG main            d.u.i.k.j.Recoder2KeY     converting now /home/runner/work/key/key/key.core/../key.ui/examples/InformationFlow/BlockContracts/src/contract/IFEfficiencyExamples.java 
31710      DEBUG main            d.u.i.k.s.TermLabelSettings TermLabelSettings: Failure while reading the setting "UseOriginLabels".Using the default value: true.The string read was: null 
31712      DEBUG main            d.u.i.k.p.i.KeYFile       Reading KeY file file:/home/runner/work/key/key/key.core/build/resources/main/de/uka/ilkd/key/java/JavaRedux/java/lang/String.key 
33523      DEBUG main            d.u.i.k.p.i.KeYFile       Reading KeY file /home/runner/work/key/key/key.core/../key.ui/examples/InformationFlow/BlockContracts/contract.IFBlockExamples(contract.IFBlockExamples__insecure_3(int)).Non-interference contract.0.m.key 
33523      DEBUG main            d.u.i.k.m.s.ProofScriptEngine 1: 'macro 'infflow-autopilot'' 
33564      DEBUG main            d.u.i.k.p.m.ProofCorrectnessMgt No justification found for rule Class_invariant_axiom_for_contract_IFBlockExamples 
33574      DEBUG main            d.u.i.k.j.TypeConverter   typeconverter: (prefix this;, class class de.uka.ilkd.key.java.reference.ThisReference) 
41438      INFO  main            d.u.i.k.p.r.p.TestFile    ... finished proof: open goal(s) 
41727      DEBUG main            d.u.i.k.s.TermLabelSettings TermLabelSettings: Failure while reading the setting "UseOriginLabels".Using the default value: true.The string read was: null 
41727      INFO  main            d.u.i.k.p.r.p.TestFile    Now processing file /home/runner/work/key/key/key.core/../key.ui/examples/InformationFlow/BlockContracts/contract.IFBlockExamples(contract.IFBlockExamples__secure_3(int)).Non-interference contract.0.m.key 
41728      DEBUG main            d.u.i.k.p.i.KeYFile       Reading KeY file /home/runner/work/key/key/key.core/../key.ui/examples/InformationFlow/BlockContracts/contract.IFBlockExamples(contract.IFBlockExamples__secure_3(int)).Non-interference contract.0.m.key 
42536      DEBUG main            d.u.i.k.j.Recoder2KeY     converting now /home/runner/work/key/key/key.core/../key.ui/examples/InformationFlow/BlockContracts/src/contract/IFBlockExamples.java 
42539      DEBUG main            d.u.i.k.j.Recoder2KeY     converting now /home/runner/work/key/key/key.core/../key.ui/examples/InformationFlow/BlockContracts/src/contract/IFEfficiencyExamples.java 
42543      DEBUG main            d.u.i.k.s.TermLabelSettings TermLabelSettings: Failure while reading the setting "UseOriginLabels".Using the default value: true.The string read was: null 
42545      DEBUG main            d.u.i.k.p.i.KeYFile       Reading KeY file file:/home/runner/work/key/key/key.core/build/resources/main/de/uka/ilkd/key/java/JavaRedux/java/lang/String.key 
44251      DEBUG main            d.u.i.k.p.i.KeYFile       Reading KeY file /home/runner/work/key/key/key.core/../key.ui/examples/InformationFlow/BlockContracts/contract.IFBlockExamples(contract.IFBlockExamples__secure_3(int)).Non-interference contract.0.m.key 
44252      DEBUG main            d.u.i.k.m.s.ProofScriptEngine 1: 'macro 'infflow-autopilot'' 
44294      DEBUG main            d.u.i.k.p.m.ProofCorrectnessMgt No justification found for rule Class_invariant_axiom_for_contract_IFBlockExamples 
44303      DEBUG main            d.u.i.k.j.TypeConverter   typeconverter: (prefix this;, class class de.uka.ilkd.key.java.reference.ThisReference) 
45591      INFO  main            d.u.i.k.p.r.p.TestFile    ... finished proof: closed. 
45860      DEBUG main            d.u.i.k.s.TermLabelSettings TermLabelSettings: Failure while reading the setting "UseOriginLabels".Using the default value: true.The string read was: null 
45860      INFO  main            d.u.i.k.p.r.p.TestFile    Now processing file /home/runner/work/key/key/key.core/../key.ui/examples/InformationFlow/BlockContracts/contract.IFBlockExamples(contract.IFBlockExamples__secure_2(int)).Non-interference contract.0.m.key 
45861      DEBUG main            d.u.i.k.p.i.KeYFile       Reading KeY file /home/runner/work/key/key/key.core/../key.ui/examples/InformationFlow/BlockContracts/contract.IFBlockExamples(contract.IFBlockExamples__secure_2(int)).Non-interference contract.0.m.key 
46687      DEBUG main            d.u.i.k.j.Recoder2KeY     converting now /home/runner/work/key/key/key.core/../key.ui/examples/InformationFlow/BlockContracts/src/contract/IFBlockExamples.java 
46689      DEBUG main            d.u.i.k.j.Recoder2KeY     converting now /home/runner/work/key/key/key.core/../key.ui/examples/InformationFlow/BlockContracts/src/contract/IFEfficiencyExamples.java 
46694      DEBUG main            d.u.i.k.s.TermLabelSettings TermLabelSettings: Failure while reading the setting "UseOriginLabels".Using the default value: true.The string read was: null 
46695      DEBUG main            d.u.i.k.p.i.KeYFile       Reading KeY file file:/home/runner/work/key/key/key.core/build/resources/main/de/uka/ilkd/key/java/JavaRedux/java/lang/String.key 
48377      DEBUG main            d.u.i.k.p.i.KeYFile       Reading KeY file /home/runner/work/key/key/key.core/../key.ui/examples/InformationFlow/BlockContracts/contract.IFBlockExamples(contract.IFBlockExamples__secure_2(int)).Non-interference contract.0.m.key 
48378      DEBUG main            d.u.i.k.m.s.ProofScriptEngine 1: 'macro 'infflow-autopilot'' 
48411      DEBUG main            d.u.i.k.p.m.ProofCorrectnessMgt No justification found for rule Class_invariant_axiom_for_contract_IFBlockExamples 
48419      DEBUG main            d.u.i.k.j.TypeConverter   typeconverter: (prefix this;, class class de.uka.ilkd.key.java.reference.ThisReference) 
50489      INFO  main            d.u.i.k.p.r.p.TestFile    ... finished proof: closed. 
50749      DEBUG main            d.u.i.k.s.TermLabelSettings TermLabelSettings: Failure while reading the setting "UseOriginLabels".Using the default value: true.The string read was: null 
50749      INFO  main            d.u.i.k.p.r.p.TestFile    Now processing file /home/runner/work/key/key/key.core/../key.ui/examples/InformationFlow/BlockContracts/contract.IFBlockExamples(contract.IFBlockExamples__secure_8(int)).Non-interference contract.0.m.key 
50750      DEBUG main            d.u.i.k.p.i.KeYFile       Reading KeY file /home/runner/work/key/key/key.core/../key.ui/examples/InformationFlow/BlockContracts/contract.IFBlockExamples(contract.IFBlockExamples__secure_8(int)).Non-interference contract.0.m.key 
51581      DEBUG main            d.u.i.k.j.Recoder2KeY     converting now /home/runner/work/key/key/key.core/../key.ui/examples/InformationFlow/BlockContracts/src/contract/IFBlockExamples.java 
51583      DEBUG main            d.u.i.k.j.Recoder2KeY     converting now /home/runner/work/key/key/key.core/../key.ui/examples/InformationFlow/BlockContracts/src/contract/IFEfficiencyExamples.java 
51588      DEBUG main            d.u.i.k.s.TermLabelSettings TermLabelSettings: Failure while reading the setting "UseOriginLabels".Using the default value: true.The string read was: null 
51593      DEBUG main            d.u.i.k.p.i.KeYFile       Reading KeY file file:/home/runner/work/key/key/key.core/build/resources/main/de/uka/ilkd/key/java/JavaRedux/java/lang/String.key 
53329      DEBUG main            d.u.i.k.p.i.KeYFile       Reading KeY file /home/runner/work/key/key/key.core/../key.ui/examples/InformationFlow/BlockContracts/contract.IFBlockExamples(contract.IFBlockExamples__secure_8(int)).Non-interference contract.0.m.key 
53330      DEBUG main            d.u.i.k.m.s.ProofScriptEngine 1: 'macro 'infflow-autopilot'' 
53363      DEBUG main            d.u.i.k.p.m.ProofCorrectnessMgt No justification found for rule Class_invariant_axiom_for_contract_IFBlockExamples 
53367      DEBUG main            d.u.i.k.j.TypeConverter   typeconverter: (prefix this;, class class de.uka.ilkd.key.java.reference.ThisReference) 
53428      DEBUG main            d.u.i.k.j.TypeConverter   typeconverter: (prefix this;, class class de.uka.ilkd.key.java.reference.ThisReference) 
53500      DEBUG main            d.u.i.k.j.TypeConverter   typeconverter: (prefix this;, class class de.uka.ilkd.key.java.reference.ThisReference) 
53511      DEBUG main            d.u.i.k.j.TypeConverter   typeconverter: (prefix this;, class class de.uka.ilkd.key.java.reference.ThisReference) 
53846      INFO  main            d.u.i.k.p.r.p.TestFile    ... finished proof: closed. 
54075      DEBUG main            d.u.i.k.s.TermLabelSettings TermLabelSettings: Failure while reading the setting "UseOriginLabels".Using the default value: true.The string read was: null 
54075      INFO  main            d.u.i.k.p.r.p.TestFile    Now processing file /home/runner/work/key/key/key.core/../key.ui/examples/InformationFlow/BlockContracts/contract.IFBlockExamples(contract.IFBlockExamples__secure_7(int)).Non-interference contract.0.m.key 
54075      DEBUG main            d.u.i.k.p.i.KeYFile       Reading KeY file /home/runner/work/key/key/key.core/../key.ui/examples/InformationFlow/BlockContracts/contract.IFBlockExamples(contract.IFBlockExamples__secure_7(int)).Non-interference contract.0.m.key 
54875      DEBUG main            d.u.i.k.j.Recoder2KeY     converting now /home/runner/work/key/key/key.core/../key.ui/examples/InformationFlow/BlockContracts/src/contract/IFBlockExamples.java 
54877      DEBUG main            d.u.i.k.j.Recoder2KeY     converting now /home/runner/work/key/key/key.core/../key.ui/examples/InformationFlow/BlockContracts/src/contract/IFEfficiencyExamples.java 
54881      DEBUG main            d.u.i.k.s.TermLabelSettings TermLabelSettings: Failure while reading the setting "UseOriginLabels".Using the default value: true.The string read was: null 
54883      DEBUG main            d.u.i.k.p.i.KeYFile       Reading KeY file file:/home/runner/work/key/key/key.core/build/resources/main/de/uka/ilkd/key/java/JavaRedux/java/lang/String.key 
56589      DEBUG main            d.u.i.k.p.i.KeYFile       Reading KeY file /home/runner/work/key/key/key.core/../key.ui/examples/InformationFlow/BlockContracts/contract.IFBlockExamples(contract.IFBlockExamples__secure_7(int)).Non-interference contract.0.m.key 
56590      DEBUG main            d.u.i.k.m.s.ProofScriptEngine 1: 'macro 'infflow-autopilot'' 
56625      DEBUG main            d.u.i.k.p.m.ProofCorrectnessMgt No justification found for rule Class_invariant_axiom_for_contract_IFBlockExamples 
56629      DEBUG main            d.u.i.k.j.TypeConverter   typeconverter: (prefix this;, class class de.uka.ilkd.key.java.reference.ThisReference) 
56950      INFO  main            d.u.i.k.p.r.p.TestFile    ... finished proof: closed. 
57169      DEBUG main            d.u.i.k.s.TermLabelSettings TermLabelSettings: Failure while reading the setting "UseOriginLabels".Using the default value: true.The string read was: null 
57169      INFO  main            d.u.i.k.p.r.p.TestFile    Now processing file /home/runner/work/key/key/key.core/../key.ui/examples/InformationFlow/BlockContracts/contract.IFBlockExamples(contract.IFBlockExamples__secure_6(int)).Non-interference contract.0.m.key 
57170      DEBUG main            d.u.i.k.p.i.KeYFile       Reading KeY file /home/runner/work/key/key/key.core/../key.ui/examples/InformationFlow/BlockContracts/contract.IFBlockExamples(contract.IFBlockExamples__secure_6(int)).Non-interference contract.0.m.key 
58056      DEBUG main            d.u.i.k.j.Recoder2KeY     converting now /home/runner/work/key/key/key.core/../key.ui/examples/InformationFlow/BlockContracts/src/contract/IFBlockExamples.java 
58059      DEBUG main            d.u.i.k.j.Recoder2KeY     converting now /home/runner/work/key/key/key.core/../key.ui/examples/InformationFlow/BlockContracts/src/contract/IFEfficiencyExamples.java 
58063      DEBUG main            d.u.i.k.s.TermLabelSettings TermLabelSettings: Failure while reading the setting "UseOriginLabels".Using the default value: true.The string read was: null 
58064      DEBUG main            d.u.i.k.p.i.KeYFile       Reading KeY file file:/home/runner/work/key/key/key.core/build/resources/main/de/uka/ilkd/key/java/JavaRedux/java/lang/String.key 
59792      DEBUG main            d.u.i.k.p.i.KeYFile       Reading KeY file /home/runner/work/key/key/key.core/../key.ui/examples/InformationFlow/BlockContracts/contract.IFBlockExamples(contract.IFBlockExamples__secure_6(int)).Non-interference contract.0.m.key 
59793      DEBUG main            d.u.i.k.m.s.ProofScriptEngine 1: 'macro 'infflow-autopilot'' 
59833      DEBUG main            d.u.i.k.p.m.ProofCorrectnessMgt No justification found for rule Class_invariant_axiom_for_contract_IFBlockExamples 
59841      DEBUG main            d.u.i.k.j.TypeConverter   typeconverter: (prefix this;, class class de.uka.ilkd.key.java.reference.ThisReference) 
60179      INFO  main            d.u.i.k.p.r.p.TestFile    ... finished proof: closed. 
60381      DEBUG main            d.u.i.k.s.TermLabelSettings TermLabelSettings: Failure while reading the setting "UseOriginLabels".Using the default value: true.The string read was: null 
60381      INFO  main            d.u.i.k.p.r.p.TestFile    Now processing file /home/runner/work/key/key/key.core/../key.ui/examples/InformationFlow/BlockContracts/contract.IFBlockExamples(contract.IFBlockExamples__insecure_1(int)).Non-interference contract.0.m.key 
60382      DEBUG main            d.u.i.k.p.i.KeYFile       Reading KeY file /home/runner/work/key/key/key.core/../key.ui/examples/InformationFlow/BlockContracts/contract.IFBlockExamples(contract.IFBlockExamples__insecure_1(int)).Non-interference contract.0.m.key 
61172      DEBUG main            d.u.i.k.j.Recoder2KeY     converting now /home/runner/work/key/key/key.core/../key.ui/examples/InformationFlow/BlockContracts/src/contract/IFBlockExamples.java 
61174      DEBUG main            d.u.i.k.j.Recoder2KeY     converting now /home/runner/work/key/key/key.core/../key.ui/examples/InformationFlow/BlockContracts/src/contract/IFEfficiencyExamples.java 
61178      DEBUG main            d.u.i.k.s.TermLabelSettings TermLabelSettings: Failure while reading the setting "UseOriginLabels".Using the default value: true.The string read was: null 
61180      DEBUG main            d.u.i.k.p.i.KeYFile       Reading KeY file file:/home/runner/work/key/key/key.core/build/resources/main/de/uka/ilkd/key/java/JavaRedux/java/lang/String.key 
62911      DEBUG main            d.u.i.k.p.i.KeYFile       Reading KeY file /home/runner/work/key/key/key.core/../key.ui/examples/InformationFlow/BlockContracts/contract.IFBlockExamples(contract.IFBlockExamples__insecure_1(int)).Non-interference contract.0.m.key 
62912      DEBUG main            d.u.i.k.m.s.ProofScriptEngine 1: 'macro 'infflow-autopilot'' 
62945      DEBUG main            d.u.i.k.p.m.ProofCorrectnessMgt No justification found for rule Class_invariant_axiom_for_contract_IFBlockExamples 
62952      DEBUG main            d.u.i.k.j.TypeConverter   typeconverter: (prefix this;, class class de.uka.ilkd.key.java.reference.ThisReference) 
63472      INFO  main            d.u.i.k.p.r.p.TestFile    ... finished proof: open goal(s) 
63663      DEBUG main            d.u.i.k.s.TermLabelSettings TermLabelSettings: Failure while reading the setting "UseOriginLabels".Using the default value: true.The string read was: null 
63663      INFO  main            d.u.i.k.p.r.p.TestFile    Now processing file /home/runner/work/key/key/key.core/../key.ui/examples/InformationFlow/BlockContracts/contract.IFBlockExamples(contract.IFBlockExamples__secure_4(int)).Non-interference contract.0.m.key 
63663      DEBUG main            d.u.i.k.p.i.KeYFile       Reading KeY file /home/runner/work/key/key/key.core/../key.ui/examples/InformationFlow/BlockContracts/contract.IFBlockExamples(contract.IFBlockExamples__secure_4(int)).Non-interference contract.0.m.key 
64471      DEBUG main            d.u.i.k.j.Recoder2KeY     converting now /home/runner/work/key/key/key.core/../key.ui/examples/InformationFlow/BlockContracts/src/contract/IFBlockExamples.java 
64473      DEBUG main            d.u.i.k.j.Recoder2KeY     converting now /home/runner/work/key/key/key.core/../key.ui/examples/InformationFlow/BlockContracts/src/contract/IFEfficiencyExamples.java 
64479      DEBUG main            d.u.i.k.s.TermLabelSettings TermLabelSettings: Failure while reading the setting "UseOriginLabels".Using the default value: true.The string read was: null 
64480      DEBUG main            d.u.i.k.p.i.KeYFile       Reading KeY file file:/home/runner/work/key/key/key.core/build/resources/main/de/uka/ilkd/key/java/JavaRedux/java/lang/String.key 
66240      DEBUG main            d.u.i.k.p.i.KeYFile       Reading KeY file /home/runner/work/key/key/key.core/../key.ui/examples/InformationFlow/BlockContracts/contract.IFBlockExamples(contract.IFBlockExamples__secure_4(int)).Non-interference contract.0.m.key 
66240      DEBUG main            d.u.i.k.m.s.ProofScriptEngine 1: 'macro 'infflow-autopilot'' 
66278      DEBUG main            d.u.i.k.p.m.ProofCorrectnessMgt No justification found for rule Class_invariant_axiom_for_contract_IFBlockExamples 
66286      DEBUG main            d.u.i.k.j.TypeConverter   typeconverter: (prefix this;, class class de.uka.ilkd.key.java.reference.ThisReference) 
66755      INFO  main            d.u.i.k.p.r.p.TestFile    ... finished proof: closed. 
66969      DEBUG main            d.u.i.k.s.TermLabelSettings TermLabelSettings: Failure while reading the setting "UseOriginLabels".Using the default value: true.The string read was: null 
66969      INFO  main            d.u.i.k.p.r.p.TestFile    Now processing file /home/runner/work/key/key/key.core/../key.ui/examples/InformationFlow/BlockContracts/contract.IFBlockExamples(contract.IFBlockExamples__secure_1(int)).Non-interference contract.0.m.key 
66970      DEBUG main            d.u.i.k.p.i.KeYFile       Reading KeY file /home/runner/work/key/key/key.core/../key.ui/examples/InformationFlow/BlockContracts/contract.IFBlockExamples(contract.IFBlockExamples__secure_1(int)).Non-interference contract.0.m.key 
67780      DEBUG main            d.u.i.k.j.Recoder2KeY     converting now /home/runner/work/key/key/key.core/../key.ui/examples/InformationFlow/BlockContracts/src/contract/IFBlockExamples.java 
67781      DEBUG main            d.u.i.k.j.Recoder2KeY     converting now /home/runner/work/key/key/key.core/../key.ui/examples/InformationFlow/BlockContracts/src/contract/IFEfficiencyExamples.java 
67785      DEBUG main            d.u.i.k.s.TermLabelSettings TermLabelSettings: Failure while reading the setting "UseOriginLabels".Using the default value: true.The string read was: null 
67786      DEBUG main            d.u.i.k.p.i.KeYFile       Reading KeY file file:/home/runner/work/key/key/key.core/build/resources/main/de/uka/ilkd/key/java/JavaRedux/java/lang/String.key 
69527      DEBUG main            d.u.i.k.p.i.KeYFile       Reading KeY file /home/runner/work/key/key/key.core/../key.ui/examples/InformationFlow/BlockContracts/contract.IFBlockExamples(contract.IFBlockExamples__secure_1(int)).Non-interference contract.0.m.key 
69528      DEBUG main            d.u.i.k.m.s.ProofScriptEngine 1: 'macro 'infflow-autopilot'' 
69558      DEBUG main            d.u.i.k.p.m.ProofCorrectnessMgt No justification found for rule Class_invariant_axiom_for_contract_IFBlockExamples 
69566      DEBUG main            d.u.i.k.j.TypeConverter   typeconverter: (prefix this;, class class de.uka.ilkd.key.java.reference.ThisReference) 
70079      INFO  main            d.u.i.k.p.r.p.TestFile    ... finished proof: closed. 
70285      DEBUG main            d.u.i.k.s.TermLabelSettings TermLabelSettings: Failure while reading the setting "UseOriginLabels".Using the default value: true.The string read was: null 
70285      INFO  main            d.u.i.k.p.r.p.TestFile    Now processing file /home/runner/work/key/key/key.core/../key.ui/examples/InformationFlow/BlockContracts/contract.IFEfficiencyExamples(contract.IFEfficiencyExamples__mWithoutBlockContract()).Non-interference contract.0.m.key 
70285      DEBUG main            d.u.i.k.p.i.KeYFile       Reading KeY file /home/runner/work/key/key/key.core/../key.ui/examples/InformationFlow/BlockContracts/contract.IFEfficiencyExamples(contract.IFEfficiencyExamples__mWithoutBlockContract()).Non-interference contract.0.m.key 
71091      DEBUG main            d.u.i.k.j.Recoder2KeY     converting now /home/runner/work/key/key/key.core/../key.ui/examples/InformationFlow/BlockContracts/src/contract/IFBlockExamples.java 
71093      DEBUG main            d.u.i.k.j.Recoder2KeY     converting now /home/runner/work/key/key/key.core/../key.ui/examples/InformationFlow/BlockContracts/src/contract/IFEfficiencyExamples.java 
71097      DEBUG main            d.u.i.k.s.TermLabelSettings TermLabelSettings: Failure while reading the setting "UseOriginLabels".Using the default value: true.The string read was: null 
71098      DEBUG main            d.u.i.k.p.i.KeYFile       Reading KeY file file:/home/runner/work/key/key/key.core/build/resources/main/de/uka/ilkd/key/java/JavaRedux/java/lang/String.key 
72821      DEBUG main            d.u.i.k.p.i.KeYFile       Reading KeY file /home/runner/work/key/key/key.core/../key.ui/examples/InformationFlow/BlockContracts/contract.IFEfficiencyExamples(contract.IFEfficiencyExamples__mWithoutBlockContract()).Non-interference contract.0.m.key 
72823      DEBUG main            d.u.i.k.m.s.ProofScriptEngine 1: 'macro 'infflow-autopilot'' 
72854      DEBUG main            d.u.i.k.p.m.ProofCorrectnessMgt No justification found for rule Class_invariant_axiom_for_contract_IFEfficiencyExamples 
72859      DEBUG main            d.u.i.k.j.TypeConverter   typeconverter: (prefix this;, class class de.uka.ilkd.key.java.reference.ThisReference) 
72870      DEBUG main            d.u.i.k.j.TypeConverter   typeconverter: (prefix this;, class class de.uka.ilkd.key.java.reference.ThisReference) 
72881      DEBUG main            d.u.i.k.j.TypeConverter   typeconverter: (prefix this;, class class de.uka.ilkd.key.java.reference.ThisReference) 
72892      DEBUG main            d.u.i.k.j.TypeConverter   typeconverter: (prefix this;, class class de.uka.ilkd.key.java.reference.ThisReference) 
72904      DEBUG main            d.u.i.k.j.TypeConverter   typeconverter: (prefix this;, class class de.uka.ilkd.key.java.reference.ThisReference) 
72907      DEBUG main            d.u.i.k.j.TypeConverter   typeconverter: (prefix this;, class class de.uka.ilkd.key.java.reference.ThisReference) 
72915      DEBUG main            d.u.i.k.j.TypeConverter   typeconverter: (prefix this;, class class de.uka.ilkd.key.java.reference.ThisReference) 
72921      DEBUG main            d.u.i.k.j.TypeConverter   typeconverter: (prefix this;, class class de.uka.ilkd.key.java.reference.ThisReference) 
72928      DEBUG main            d.u.i.k.j.TypeConverter   typeconverter: (prefix this;, class class de.uka.ilkd.key.java.reference.ThisReference) 
72936      DEBUG main            d.u.i.k.j.TypeConverter   typeconverter: (prefix this;, class class de.uka.ilkd.key.java.reference.ThisReference) 
72946      DEBUG main            d.u.i.k.j.TypeConverter   typeconverter: (prefix this;, class class de.uka.ilkd.key.java.reference.ThisReference) 
72953      DEBUG main            d.u.i.k.j.TypeConverter   typeconverter: (prefix this;, class class de.uka.ilkd.key.java.reference.ThisReference) 
72959      DEBUG main            d.u.i.k.j.TypeConverter   typeconverter: (prefix this;, class class de.uka.ilkd.key.java.reference.ThisReference) 
72982      DEBUG main            d.u.i.k.j.TypeConverter   typeconverter: (prefix this;, class class de.uka.ilkd.key.java.reference.ThisReference) 
72987      DEBUG main            d.u.i.k.j.TypeConverter   typeconverter: (prefix this;, class class de.uka.ilkd.key.java.reference.ThisReference) 
72996      DEBUG main            d.u.i.k.j.TypeConverter   typeconverter: (prefix this;, class class de.uka.ilkd.key.java.reference.ThisReference) 
73005      DEBUG main            d.u.i.k.j.TypeConverter   typeconverter: (prefix this;, class class de.uka.ilkd.key.java.reference.ThisReference) 
73011      DEBUG main            d.u.i.k.j.TypeConverter   typeconverter: (prefix this;, class class de.uka.ilkd.key.java.reference.ThisReference) 
73027      DEBUG main            d.u.i.k.j.TypeConverter   typeconverter: (prefix this;, class class de.uka.ilkd.key.java.reference.ThisReference) 
73042      DEBUG main            d.u.i.k.j.TypeConverter   typeconverter: (prefix this;, class class de.uka.ilkd.key.java.reference.ThisReference) 
73047      DEBUG main            d.u.i.k.j.TypeConverter   typeconverter: (prefix this;, class class de.uka.ilkd.key.java.reference.ThisReference) 
73060      DEBUG main            d.u.i.k.j.TypeConverter   typeconverter: (prefix this;, class class de.uka.ilkd.key.java.reference.ThisReference) 
73068      DEBUG main            d.u.i.k.j.TypeConverter   typeconverter: (prefix this;, class class de.uka.ilkd.key.java.reference.ThisReference) 
73076      DEBUG main            d.u.i.k.j.TypeConverter   typeconverter: (prefix this;, class class de.uka.ilkd.key.java.reference.ThisReference) 
73086      DEBUG main            d.u.i.k.j.TypeConverter   typeconverter: (prefix this;, class class de.uka.ilkd.key.java.reference.ThisReference) 
73102      DEBUG main            d.u.i.k.j.TypeConverter   typeconverter: (prefix this;, class class de.uka.ilkd.key.java.reference.ThisReference) 
73110      DEBUG main            d.u.i.k.j.TypeConverter   typeconverter: (prefix this;, class class de.uka.ilkd.key.java.reference.ThisReference) 
73117      DEBUG main            d.u.i.k.j.TypeConverter   typeconverter: (prefix this;, class class de.uka.ilkd.key.java.reference.ThisReference) 
73141      DEBUG main            d.u.i.k.j.TypeConverter   typeconverter: (prefix this;, class class de.uka.ilkd.key.java.reference.ThisReference) 
73147      DEBUG main            d.u.i.k.j.TypeConverter   typeconverter: (prefix this;, class class de.uka.ilkd.key.java.reference.ThisReference) 
73163      DEBUG main            d.u.i.k.j.TypeConverter   typeconverter: (prefix this;, class class de.uka.ilkd.key.java.reference.ThisReference) 
73173      DEBUG main            d.u.i.k.j.TypeConverter   typeconverter: (prefix this;, class class de.uka.ilkd.key.java.reference.ThisReference) 
73179      DEBUG main            d.u.i.k.j.TypeConverter   typeconverter: (prefix this;, class class de.uka.ilkd.key.java.reference.ThisReference) 
73197      DEBUG main            d.u.i.k.j.TypeConverter   typeconverter: (prefix this;, class class de.uka.ilkd.key.java.reference.ThisReference) 
73211      DEBUG main            d.u.i.k.j.TypeConverter   typeconverter: (prefix this;, class class de.uka.ilkd.key.java.reference.ThisReference) 
73226      DEBUG main            d.u.i.k.j.TypeConverter   typeconverter: (prefix this;, class class de.uka.ilkd.key.java.reference.ThisReference) 
73231      DEBUG main            d.u.i.k.j.TypeConverter   typeconverter: (prefix this;, class class de.uka.ilkd.key.java.reference.ThisReference) 
73241      DEBUG main            d.u.i.k.j.TypeConverter   typeconverter: (prefix this;, class class de.uka.ilkd.key.java.reference.ThisReference) 
73248      DEBUG main            d.u.i.k.j.TypeConverter   typeconverter: (prefix this;, class class de.uka.ilkd.key.java.reference.ThisReference) 
73253      DEBUG main            d.u.i.k.j.TypeConverter   typeconverter: (prefix this;, class class de.uka.ilkd.key.java.reference.ThisReference) 
73259      DEBUG main            d.u.i.k.j.TypeConverter   typeconverter: (prefix this;, class class de.uka.ilkd.key.java.reference.ThisReference) 
73296      DEBUG main            d.u.i.k.j.TypeConverter   typeconverter: (prefix this;, class class de.uka.ilkd.key.java.reference.ThisReference) 
73315      DEBUG main            d.u.i.k.j.TypeConverter   typeconverter: (prefix this;, class class de.uka.ilkd.key.java.reference.ThisReference) 
73322      DEBUG main            d.u.i.k.j.TypeConverter   typeconverter: (prefix this;, class class de.uka.ilkd.key.java.reference.ThisReference) 
73343      DEBUG main            d.u.i.k.j.TypeConverter   typeconverter: (prefix this;, class class de.uka.ilkd.key.java.reference.ThisReference) 
73348      DEBUG main            d.u.i.k.j.TypeConverter   typeconverter: (prefix this;, class class de.uka.ilkd.key.java.reference.ThisReference) 
73359      DEBUG main            d.u.i.k.j.TypeConverter   typeconverter: (prefix this;, class class de.uka.ilkd.key.java.reference.ThisReference) 
77490      INFO  main            d.u.i.k.p.r.p.TestFile    ... finished proof: closed. 
77745      DEBUG main            d.u.i.k.s.TermLabelSettings TermLabelSettings: Failure while reading the setting "UseOriginLabels".Using the default value: true.The string read was: null 
77745      INFO  main            d.u.i.k.p.r.p.TestFile    Now processing file /home/runner/work/key/key/key.core/../key.ui/examples/InformationFlow/BlockContracts/contract.IFEfficiencyExamples(contract.IFEfficiencyExamples__mWithBlockContract()).Non-interference contract.0.m.key 
77745      DEBUG main            d.u.i.k.p.i.KeYFile       Reading KeY file /home/runner/work/key/key/key.core/../key.ui/examples/InformationFlow/BlockContracts/contract.IFEfficiencyExamples(contract.IFEfficiencyExamples__mWithBlockContract()).Non-interference contract.0.m.key 
78607      DEBUG main            d.u.i.k.j.Recoder2KeY     converting now /home/runner/work/key/key/key.core/../key.ui/examples/InformationFlow/BlockContracts/src/contract/IFBlockExamples.java 
78608      DEBUG main            d.u.i.k.j.Recoder2KeY     converting now /home/runner/work/key/key/key.core/../key.ui/examples/InformationFlow/BlockContracts/src/contract/IFEfficiencyExamples.java 
78613      DEBUG main            d.u.i.k.s.TermLabelSettings TermLabelSettings: Failure while reading the setting "UseOriginLabels".Using the default value: true.The string read was: null 
78614      DEBUG main            d.u.i.k.p.i.KeYFile       Reading KeY file file:/home/runner/work/key/key/key.core/build/resources/main/de/uka/ilkd/key/java/JavaRedux/java/lang/String.key 
80266      DEBUG main            d.u.i.k.p.i.KeYFile       Reading KeY file /home/runner/work/key/key/key.core/../key.ui/examples/InformationFlow/BlockContracts/contract.IFEfficiencyExamples(contract.IFEfficiencyExamples__mWithBlockContract()).Non-interference contract.0.m.key 
80266      DEBUG main            d.u.i.k.m.s.ProofScriptEngine 1: 'macro 'infflow-autopilot'' 
80295      DEBUG main            d.u.i.k.p.m.ProofCorrectnessMgt No justification found for rule Class_invariant_axiom_for_contract_IFEfficiencyExamples 
80602      DEBUG main            d.u.i.k.j.TypeConverter   typeconverter: (prefix this;, class class de.uka.ilkd.key.java.reference.ThisReference) 
80617      DEBUG main            d.u.i.k.j.TypeConverter   typeconverter: (prefix this;, class class de.uka.ilkd.key.java.reference.ThisReference) 
80620      DEBUG main            d.u.i.k.j.TypeConverter   typeconverter: (prefix this;, class class de.uka.ilkd.key.java.reference.ThisReference) 
80628      DEBUG main            d.u.i.k.j.TypeConverter   typeconverter: (prefix this;, class class de.uka.ilkd.key.java.reference.ThisReference) 
80632      DEBUG main            d.u.i.k.j.TypeConverter   typeconverter: (prefix this;, class class de.uka.ilkd.key.java.reference.ThisReference) 
80640      DEBUG main            d.u.i.k.j.TypeConverter   typeconverter: (prefix this;, class class de.uka.ilkd.key.java.reference.ThisReference) 
80746      DEBUG main            d.u.i.k.j.TypeConverter   typeconverter: (prefix this;, class class de.uka.ilkd.key.java.reference.ThisReference) 
80763      DEBUG main            d.u.i.k.j.TypeConverter   typeconverter: (prefix this;, class class de.uka.ilkd.key.java.reference.ThisReference) 
80825      DEBUG main            d.u.i.k.j.TypeConverter   typeconverter: (prefix this;, class class de.uka.ilkd.key.java.reference.ThisReference) 
80845      DEBUG main            d.u.i.k.j.TypeConverter   typeconverter: (prefix this;, class class de.uka.ilkd.key.java.reference.ThisReference) 
80921      DEBUG main            d.u.i.k.j.TypeConverter   typeconverter: (prefix this;, class class de.uka.ilkd.key.java.reference.ThisReference) 
80983      DEBUG main            d.u.i.k.j.TypeConverter   typeconverter: (prefix this;, class class de.uka.ilkd.key.java.reference.ThisReference) 
80999      DEBUG main            d.u.i.k.j.TypeConverter   typeconverter: (prefix this;, class class de.uka.ilkd.key.java.reference.ThisReference) 
81056      DEBUG main            d.u.i.k.j.TypeConverter   typeconverter: (prefix this;, class class de.uka.ilkd.key.java.reference.ThisReference) 
81074      DEBUG main            d.u.i.k.j.TypeConverter   typeconverter: (prefix this;, class class de.uka.ilkd.key.java.reference.ThisReference) 
81105      DEBUG main            d.u.i.k.j.TypeConverter   typeconverter: (prefix this;, class class de.uka.ilkd.key.java.reference.ThisReference) 
81155      DEBUG main            d.u.i.k.j.TypeConverter   typeconverter: (prefix this;, class class de.uka.ilkd.key.java.reference.ThisReference) 
81171      DEBUG main            d.u.i.k.j.TypeConverter   typeconverter: (prefix this;, class class de.uka.ilkd.key.java.reference.ThisReference) 
81228      DEBUG main            d.u.i.k.j.TypeConverter   typeconverter: (prefix this;, class class de.uka.ilkd.key.java.reference.ThisReference) 
81247      DEBUG main            d.u.i.k.j.TypeConverter   typeconverter: (prefix this;, class class de.uka.ilkd.key.java.reference.ThisReference) 
81289      DEBUG main            d.u.i.k.j.TypeConverter   typeconverter: (prefix this;, class class de.uka.ilkd.key.java.reference.ThisReference) 
81304      DEBUG main            d.u.i.k.j.TypeConverter   typeconverter: (prefix this;, class class de.uka.ilkd.key.java.reference.ThisReference) 
81360      DEBUG main            d.u.i.k.j.TypeConverter   typeconverter: (prefix this;, class class de.uka.ilkd.key.java.reference.ThisReference) 
81379      DEBUG main            d.u.i.k.j.TypeConverter   typeconverter: (prefix this;, class class de.uka.ilkd.key.java.reference.ThisReference) 
81795      INFO  main            d.u.i.k.p.r.p.TestFile    ... finished proof: closed. 
2101639    INFO  Test worker     d.u.i.k.p.r.RunAllProofsTestUnit Returning from test BlockContracts_fullmacro 
2101640    INFO  Test worker     d.u.i.k.p.r.RunAllProofsTestUnit Running test MethodContracts_fullmacro 
380        INFO  Timeout watchdog d.u.i.k.p.r.p.ForkedTestFileRunner Timeout watcher launched (1000 secs.) 
404        WARN  main            d.u.i.k.s.ProofSettings   The settings in /home/runner/.key/proof-settings.props are *not* read. 
426        DEBUG main            d.u.i.k.s.TermLabelSettings TermLabelSettings: Failure while reading the setting "UseOriginLabels".Using the default value: true.The string read was: null 
427        INFO  main            d.u.i.k.p.r.p.TestFile    Now processing file /home/runner/work/key/key/key.core/../key.ui/examples/InformationFlow/MethodContracts/contract.IFMethodContract(contract.IFMethodContract__secure_recursion_2((I,int)).Non-interference contract.0.m.key 
535        DEBUG main            d.u.i.k.p.i.KeYFile       Reading KeY file /home/runner/work/key/key/key.core/../key.ui/examples/InformationFlow/MethodContracts/contract.IFMethodContract(contract.IFMethodContract__secure_recursion_2((I,int)).Non-interference contract.0.m.key 
761        DEBUG main            d.u.i.k.p.i.KeYFile       Reading KeY file file:/home/runner/work/key/key/key.core/build/resources/main/de/uka/ilkd/key/proof/rules/standardRules.key 
805        DEBUG main            d.u.i.k.p.i.KeYFile       Reading KeY file file:/home/runner/work/key/key/key.core/build/resources/main/de/uka/ilkd/key/proof/rules/ldt.key 
815        DEBUG main            d.u.i.k.p.i.KeYFile       Reading KeY file file:/home/runner/work/key/key/key.core/build/resources/main/de/uka/ilkd/key/proof/rules/boolean.key 
839        DEBUG main            d.u.i.k.p.i.KeYFile       Reading KeY file file:/home/runner/work/key/key/key.core/build/resources/main/de/uka/ilkd/key/proof/rules/ruleSetsDeclarations.key 
881        DEBUG main            d.u.i.k.p.i.KeYFile       Reading KeY file file:/home/runner/work/key/key/key.core/build/resources/main/de/uka/ilkd/key/proof/rules/integerHeader.key 
887        DEBUG main            d.u.i.k.p.i.KeYFile       Reading KeY file file:/home/runner/work/key/key/key.core/build/resources/main/de/uka/ilkd/key/proof/rules/floatHeader.key 
890        DEBUG main            d.u.i.k.p.i.KeYFile       Reading KeY file file:/home/runner/work/key/key/key.core/build/resources/main/de/uka/ilkd/key/proof/rules/heap.key 
894        DEBUG main            d.u.i.k.p.i.KeYFile       Reading KeY file file:/home/runner/work/key/key/key.core/build/resources/main/de/uka/ilkd/key/proof/rules/locSets.key 
894        DEBUG main            d.u.i.k.p.i.KeYFile       Reading KeY file file:/home/runner/work/key/key/key.core/build/resources/main/de/uka/ilkd/key/proof/rules/permission.key 
895        DEBUG main            d.u.i.k.p.i.KeYFile       Reading KeY file file:/home/runner/work/key/key/key.core/build/resources/main/de/uka/ilkd/key/proof/rules/reach.key 
896        DEBUG main            d.u.i.k.p.i.KeYFile       Reading KeY file file:/home/runner/work/key/key/key.core/build/resources/main/de/uka/ilkd/key/proof/rules/seq.key 
896        DEBUG main            d.u.i.k.p.i.KeYFile       Reading KeY file file:/home/runner/work/key/key/key.core/build/resources/main/de/uka/ilkd/key/proof/rules/map.key 
936        DEBUG main            d.u.i.k.p.i.KeYFile       Reading KeY file file:/home/runner/work/key/key/key.core/build/resources/main/de/uka/ilkd/key/proof/rules/freeADT.key 
936        DEBUG main            d.u.i.k.p.i.KeYFile       Reading KeY file file:/home/runner/work/key/key/key.core/build/resources/main/de/uka/ilkd/key/proof/rules/wellfound.key 
937        DEBUG main            d.u.i.k.p.i.KeYFile       Reading KeY file file:/home/runner/work/key/key/key.core/build/resources/main/de/uka/ilkd/key/proof/rules/charListHeader.key 
1043       DEBUG main            d.u.i.k.p.i.KeYFile       Reading KeY file file:/home/runner/work/key/key/key.core/build/resources/main/de/uka/ilkd/key/proof/rules/propRule.key 
1067       DEBUG main            d.u.i.k.p.i.KeYFile       Reading KeY file file:/home/runner/work/key/key/key.core/build/resources/main/de/uka/ilkd/key/proof/rules/firstOrderRules.key 
1086       DEBUG main            d.u.i.k.p.i.KeYFile       Reading KeY file file:/home/runner/work/key/key/key.core/build/resources/main/de/uka/ilkd/key/proof/rules/ifThenElseRules.key 
1134       DEBUG main            d.u.i.k.p.i.KeYFile       Reading KeY file file:/home/runner/work/key/key/key.core/build/resources/main/de/uka/ilkd/key/proof/rules/formulaNormalisationRules.key 
1258       DEBUG main            d.u.i.k.p.i.KeYFile       Reading KeY file file:/home/runner/work/key/key/key.core/build/resources/main/de/uka/ilkd/key/proof/rules/updateRules.key 
1296       DEBUG main            d.u.i.k.p.i.KeYFile       Reading KeY file file:/home/runner/work/key/key/key.core/build/resources/main/de/uka/ilkd/key/proof/rules/integerRulesCommon.key 
1390       DEBUG main            d.u.i.k.p.i.KeYFile       Reading KeY file file:/home/runner/work/key/key/key.core/build/resources/main/de/uka/ilkd/key/proof/rules/intRules.key 
1407       DEBUG main            d.u.i.k.p.i.KeYFile       Reading KeY file file:/home/runner/work/key/key/key.core/build/resources/main/de/uka/ilkd/key/proof/rules/intRulesUncheckedSemantics.key 
1417       DEBUG main            d.u.i.k.p.i.KeYFile       Reading KeY file file:/home/runner/work/key/key/key.core/build/resources/main/de/uka/ilkd/key/proof/rules/intRulesCheckedSemantics.key 
1423       DEBUG main            d.u.i.k.p.i.KeYFile       Reading KeY file file:/home/runner/work/key/key/key.core/build/resources/main/de/uka/ilkd/key/proof/rules/intRulesJavaSemantics.key 
1448       DEBUG main            d.u.i.k.p.i.KeYFile       Reading KeY file file:/home/runner/work/key/key/key.core/build/resources/main/de/uka/ilkd/key/proof/rules/integerSimplificationRules.key 
1697       DEBUG main            d.u.i.k.j.TypeConverter   No LDT found for Meta 
1698       DEBUG main            d.u.i.k.j.TypeConverter   No LDT found for Meta 
1701       DEBUG main            d.u.i.k.j.TypeConverter   No LDT found for Meta 
1702       DEBUG main            d.u.i.k.j.TypeConverter   No LDT found for Meta 
1727       DEBUG main            d.u.i.k.p.i.KeYFile       Reading KeY file file:/home/runner/work/key/key/key.core/build/resources/main/de/uka/ilkd/key/proof/rules/intDiv.key 
1781       DEBUG main            d.u.i.k.p.i.KeYFile       Reading KeY file file:/home/runner/work/key/key/key.core/build/resources/main/de/uka/ilkd/key/proof/rules/bsum.key 
1866       DEBUG main            d.u.i.k.p.i.KeYFile       Reading KeY file file:/home/runner/work/key/key/key.core/build/resources/main/de/uka/ilkd/key/proof/rules/bprod.key 
1909       DEBUG main            d.u.i.k.p.i.KeYFile       Reading KeY file file:/home/runner/work/key/key/key.core/build/resources/main/de/uka/ilkd/key/proof/rules/binaryAxioms.key 
1915       DEBUG main            d.u.i.k.p.i.KeYFile       Reading KeY file file:/home/runner/work/key/key/key.core/build/resources/main/de/uka/ilkd/key/proof/rules/binaryLemmas.key 
1925       DEBUG main            d.u.i.k.p.i.KeYFile       Reading KeY file file:/home/runner/work/key/key/key.core/build/resources/main/de/uka/ilkd/key/proof/rules/intPow.key 
1939       DEBUG main            d.u.i.k.p.i.KeYFile       Reading KeY file file:/home/runner/work/key/key/key.core/build/resources/main/de/uka/ilkd/key/proof/rules/floatRulesCommon.key 
1960       DEBUG main            d.u.i.k.p.i.KeYFile       Reading KeY file file:/home/runner/work/key/key/key.core/build/resources/main/de/uka/ilkd/key/proof/rules/floatRules.key 
1961       DEBUG main            d.u.i.k.p.i.KeYFile       Reading KeY file file:/home/runner/work/key/key/key.core/build/resources/main/de/uka/ilkd/key/proof/rules/floatRulesVerifyNormal.key 
1962       DEBUG main            d.u.i.k.p.i.KeYFile       Reading KeY file file:/home/runner/work/key/key/key.core/build/resources/main/de/uka/ilkd/key/proof/rules/floatRulesAssumeStrictfp.key 
1996       DEBUG main            d.u.i.k.p.i.KeYFile       Reading KeY file file:/home/runner/work/key/key/key.core/build/resources/main/de/uka/ilkd/key/proof/rules/genericRules.key 
2012       DEBUG main            d.u.i.k.p.i.KeYFile       Reading KeY file file:/home/runner/work/key/key/key.core/build/resources/main/de/uka/ilkd/key/proof/rules/booleanRules.key 
2016       DEBUG main            d.u.i.k.p.i.KeYFile       Reading KeY file file:/home/runner/work/key/key/key.core/build/resources/main/de/uka/ilkd/key/proof/rules/epsilon.key 
2019       DEBUG main            d.u.i.k.p.i.KeYFile       Reading KeY file file:/home/runner/work/key/key/key.core/build/resources/main/de/uka/ilkd/key/proof/rules/locSetsRules.key 
2067       DEBUG main            d.u.i.k.p.i.KeYFile       Reading KeY file file:/home/runner/work/key/key/key.core/build/resources/main/de/uka/ilkd/key/proof/rules/heapRules.key 
2143       DEBUG main            d.u.i.k.p.i.KeYFile       Reading KeY file file:/home/runner/work/key/key/key.core/build/resources/main/de/uka/ilkd/key/proof/rules/permissionRules.key 
2163       DEBUG main            d.u.i.k.p.i.KeYFile       Reading KeY file file:/home/runner/work/key/key/key.core/build/resources/main/de/uka/ilkd/key/proof/rules/reachRules.key 
2190       DEBUG main            d.u.i.k.p.i.KeYFile       Reading KeY file file:/home/runner/work/key/key/key.core/build/resources/main/de/uka/ilkd/key/proof/rules/seqCoreRules.key 
2193       DEBUG main            d.u.i.k.p.i.KeYFile       Reading KeY file file:/home/runner/work/key/key/key.core/build/resources/main/de/uka/ilkd/key/proof/rules/seqRules.key 
2232       DEBUG main            d.u.i.k.p.i.KeYFile       Reading KeY file file:/home/runner/work/key/key/key.core/build/resources/main/de/uka/ilkd/key/proof/rules/seqPerm.key 
2259       DEBUG main            d.u.i.k.p.i.KeYFile       Reading KeY file file:/home/runner/work/key/key/key.core/build/resources/main/de/uka/ilkd/key/proof/rules/seqPerm2.key 
2264       DEBUG main            d.u.i.k.p.i.KeYFile       Reading KeY file file:/home/runner/work/key/key/key.core/build/resources/main/de/uka/ilkd/key/proof/rules/javaRules.key 
2364       DEBUG main            d.u.i.k.p.i.KeYFile       Reading KeY file file:/home/runner/work/key/key/key.core/build/resources/main/de/uka/ilkd/key/proof/rules/assertions.key 
2884       DEBUG main            d.u.i.k.p.i.KeYFile       Reading KeY file file:/home/runner/work/key/key/key.core/build/resources/main/de/uka/ilkd/key/proof/rules/loopRules.key 
2894       DEBUG main            d.u.i.k.p.i.KeYFile       Reading KeY file file:/home/runner/work/key/key/key.core/build/resources/main/de/uka/ilkd/key/proof/rules/activeUse.key 
2983       DEBUG main            d.u.i.k.p.i.KeYFile       Reading KeY file file:/home/runner/work/key/key/key.core/build/resources/main/de/uka/ilkd/key/proof/rules/instanceAllocation.key 
3006       DEBUG main            d.u.i.k.p.i.KeYFile       Reading KeY file file:/home/runner/work/key/key/key.core/build/resources/main/de/uka/ilkd/key/proof/rules/java5.key 
3009       DEBUG main            d.u.i.k.p.i.KeYFile       Reading KeY file file:/home/runner/work/key/key/key.core/build/resources/main/de/uka/ilkd/key/proof/rules/integerAssignment2UpdateRules.key 
3051       DEBUG main            d.u.i.k.p.i.KeYFile       Reading KeY file file:/home/runner/work/key/key/key.core/build/resources/main/de/uka/ilkd/key/proof/rules/floatAssignment2UpdateRules.key 
3077       DEBUG main            d.u.i.k.p.i.KeYFile       Reading KeY file file:/home/runner/work/key/key/key.core/build/resources/main/de/uka/ilkd/key/proof/rules/bigint.key 
3091       DEBUG main            d.u.i.k.j.TypeConverter   No LDT found for JavaBigintExpression 
3094       DEBUG main            d.u.i.k.p.i.KeYFile       Reading KeY file file:/home/runner/work/key/key/key.core/build/resources/main/de/uka/ilkd/key/proof/rules/adtProgramDecompositionRules.key 
3116       DEBUG main            d.u.i.k.p.i.KeYFile       Reading KeY file file:/home/runner/work/key/key/key.core/build/resources/main/de/uka/ilkd/key/proof/rules/precRules.key 
3119       DEBUG main            d.u.i.k.p.i.KeYFile       Reading KeY file file:/home/runner/work/key/key/key.core/build/resources/main/de/uka/ilkd/key/proof/rules/charListRules.key 
3134       DEBUG main            d.u.i.k.p.i.KeYFile       Reading KeY file file:/home/runner/work/key/key/key.core/build/resources/main/de/uka/ilkd/key/proof/rules/regExTheory.key 
3135       DEBUG main            d.u.i.k.p.i.KeYFile       Reading KeY file file:/home/runner/work/key/key/key.core/build/resources/main/de/uka/ilkd/key/proof/rules/regExHeader.key 
3136       DEBUG main            d.u.i.k.p.i.KeYFile       Reading KeY file file:/home/runner/work/key/key/key.core/build/resources/main/de/uka/ilkd/key/proof/rules/regExAxioms.key 
3140       DEBUG main            d.u.i.k.p.i.KeYFile       Reading KeY file file:/home/runner/work/key/key/key.core/build/resources/main/de/uka/ilkd/key/proof/rules/regExLemmaProven.key 
3145       DEBUG main            d.u.i.k.p.i.KeYFile       Reading KeY file file:/home/runner/work/key/key/key.core/build/resources/main/de/uka/ilkd/key/proof/rules/seqEq.key 
3152       DEBUG main            d.u.i.k.p.i.KeYFile       Reading KeY file file:/home/runner/work/key/key/key.core/build/resources/main/de/uka/ilkd/key/proof/rules/infFlow.key 
3186       DEBUG main            d.u.i.k.p.i.KeYFile       Reading KeY file file:/home/runner/work/key/key/key.core/build/resources/main/de/uka/ilkd/key/proof/rules/mapSize.key 
3190       DEBUG main            d.u.i.k.p.i.KeYFile       Reading KeY file file:/home/runner/work/key/key/key.core/build/resources/main/de/uka/ilkd/key/proof/rules/wd.key 
3192       DEBUG main            d.u.i.k.p.i.KeYFile       Reading KeY file file:/home/runner/work/key/key/key.core/build/resources/main/de/uka/ilkd/key/proof/rules/wdHeader.key 
3195       DEBUG main            d.u.i.k.p.i.KeYFile       Reading KeY file file:/home/runner/work/key/key/key.core/build/resources/main/de/uka/ilkd/key/proof/rules/wdGeneralRules.key 
3204       DEBUG main            d.u.i.k.p.i.KeYFile       Reading KeY file file:/home/runner/work/key/key/key.core/build/resources/main/de/uka/ilkd/key/proof/rules/wdNumericalRules.key 
3227       DEBUG main            d.u.i.k.p.i.KeYFile       Reading KeY file file:/home/runner/work/key/key/key.core/build/resources/main/de/uka/ilkd/key/proof/rules/wdLocSetRules.key 
3233       DEBUG main            d.u.i.k.p.i.KeYFile       Reading KeY file file:/home/runner/work/key/key/key.core/build/resources/main/de/uka/ilkd/key/proof/rules/wdHeapRules.key 
3237       DEBUG main            d.u.i.k.p.i.KeYFile       Reading KeY file file:/home/runner/work/key/key/key.core/build/resources/main/de/uka/ilkd/key/proof/rules/wdReachRules.key 
3239       DEBUG main            d.u.i.k.p.i.KeYFile       Reading KeY file file:/home/runner/work/key/key/key.core/build/resources/main/de/uka/ilkd/key/proof/rules/wdSeqRules.key 
3242       DEBUG main            d.u.i.k.p.i.KeYFile       Reading KeY file file:/home/runner/work/key/key/key.core/build/resources/main/de/uka/ilkd/key/proof/rules/wdStringRules.key 
3245       DEBUG main            d.u.i.k.p.i.KeYFile       Reading KeY file file:/home/runner/work/key/key/key.core/build/resources/main/de/uka/ilkd/key/proof/rules/wdRegExRules.key 
3247       DEBUG main            d.u.i.k.p.i.KeYFile       Reading KeY file file:/home/runner/work/key/key/key.core/build/resources/main/de/uka/ilkd/key/proof/rules/wdFormulaRules.key 
3261       DEBUG main            d.u.i.k.p.i.KeYFile       Reading KeY file file:/home/runner/work/key/key/key.core/build/resources/main/de/uka/ilkd/key/proof/rules/loopInvariantRules.key 
3264       DEBUG main            d.u.i.k.p.i.KeYFile       Reading KeY file file:/home/runner/work/key/key/key.core/build/resources/main/de/uka/ilkd/key/proof/rules/forLoopRules.key 
3267       DEBUG main            d.u.i.k.p.i.KeYFile       Reading KeY file file:/home/runner/work/key/key/key.core/build/resources/main/de/uka/ilkd/key/proof/rules/execRules.key 
3353       DEBUG main            d.u.i.k.p.i.KeYFile       Reading KeY file file:/home/runner/work/key/key/key.core/build/resources/main/de/uka/ilkd/key/proof/rules/loopScopeRules.key 
6226       DEBUG main            d.u.i.k.j.Recoder2KeY     converting now /home/runner/work/key/key/key.core/../key.ui/examples/InformationFlow/MethodContracts/src/contract/IFMethodContract.java 
6259       DEBUG main            d.u.i.k.s.TermLabelSettings TermLabelSettings: Failure while reading the setting "UseOriginLabels".Using the default value: true.The string read was: null 
6269       DEBUG main            d.u.i.k.p.i.KeYFile       Reading KeY file file:/home/runner/work/key/key/key.core/build/resources/main/de/uka/ilkd/key/java/JavaRedux/java/lang/String.key 
9130       DEBUG main            d.u.i.k.p.i.KeYFile       Reading KeY file /home/runner/work/key/key/key.core/../key.ui/examples/InformationFlow/MethodContracts/contract.IFMethodContract(contract.IFMethodContract__secure_recursion_2((I,int)).Non-interference contract.0.m.key 
9160       DEBUG main            d.u.i.k.m.s.ProofScriptEngine 1: 'macro 'infflow-autopilot'' 
9539       DEBUG main            d.u.i.k.p.m.ProofCorrectnessMgt No justification found for rule Class_invariant_axiom_for_contract_IFMethodContract 
10048      DEBUG main            d.u.i.k.j.TypeConverter   typeconverter: (prefix this;, class class de.uka.ilkd.key.java.reference.ThisReference) 
10063      DEBUG main            d.u.i.k.p.m.ProofCorrectnessMgt No justification found for rule Class_invariant_axiom_for_contract_IFMethodContract 
10065      DEBUG main            d.u.i.k.p.m.ProofCorrectnessMgt No justification found for rule Class_invariant_axiom_for_contract_IFMethodContract 
10246      DEBUG main            d.u.i.k.p.m.ProofCorrectnessMgt No justification found for rule Class_invariant_axiom_for_contract_IFMethodContract 
13173      INFO  main            d.u.i.k.p.r.p.TestFile    ... finished proof: closed. 
13323      DEBUG main            d.u.i.k.s.TermLabelSettings TermLabelSettings: Failure while reading the setting "UseOriginLabels".Using the default value: true.The string read was: null 
13323      INFO  main            d.u.i.k.p.r.p.TestFile    Now processing file /home/runner/work/key/key/key.core/../key.ui/examples/InformationFlow/MethodContracts/contract.IFMethodContract(contract.IFMethodContract__secure_recursion(int)).Non-interference contract.0.m.key 
13325      DEBUG main            d.u.i.k.p.i.KeYFile       Reading KeY file /home/runner/work/key/key/key.core/../key.ui/examples/InformationFlow/MethodContracts/contract.IFMethodContract(contract.IFMethodContract__secure_recursion(int)).Non-interference contract.0.m.key 
14446      DEBUG main            d.u.i.k.j.Recoder2KeY     converting now /home/runner/work/key/key/key.core/../key.ui/examples/InformationFlow/MethodContracts/src/contract/IFMethodContract.java 
14456      DEBUG main            d.u.i.k.s.TermLabelSettings TermLabelSettings: Failure while reading the setting "UseOriginLabels".Using the default value: true.The string read was: null 
14458      DEBUG main            d.u.i.k.p.i.KeYFile       Reading KeY file file:/home/runner/work/key/key/key.core/build/resources/main/de/uka/ilkd/key/java/JavaRedux/java/lang/String.key 
16505      DEBUG main            d.u.i.k.p.i.KeYFile       Reading KeY file /home/runner/work/key/key/key.core/../key.ui/examples/InformationFlow/MethodContracts/contract.IFMethodContract(contract.IFMethodContract__secure_recursion(int)).Non-interference contract.0.m.key 
16506      DEBUG main            d.u.i.k.m.s.ProofScriptEngine 1: 'macro 'infflow-autopilot'' 
16563      DEBUG main            d.u.i.k.p.m.ProofCorrectnessMgt No justification found for rule Class_invariant_axiom_for_contract_IFMethodContract 
16628      DEBUG main            d.u.i.k.j.TypeConverter   typeconverter: (prefix this;, class class de.uka.ilkd.key.java.reference.ThisReference) 
16635      DEBUG main            d.u.i.k.p.m.ProofCorrectnessMgt No justification found for rule Class_invariant_axiom_for_contract_IFMethodContract 
16636      DEBUG main            d.u.i.k.p.m.ProofCorrectnessMgt No justification found for rule Class_invariant_axiom_for_contract_IFMethodContract 
16641      DEBUG main            d.u.i.k.j.TypeConverter   typeconverter: (prefix this;, class class de.uka.ilkd.key.java.reference.ThisReference) 
16703      DEBUG main            d.u.i.k.p.m.ProofCorrectnessMgt No justification found for rule Class_invariant_axiom_for_contract_IFMethodContract 
17148      INFO  main            d.u.i.k.p.r.p.TestFile    ... finished proof: closed. 
17290      DEBUG main            d.u.i.k.s.TermLabelSettings TermLabelSettings: Failure while reading the setting "UseOriginLabels".Using the default value: true.The string read was: null 
17290      INFO  main            d.u.i.k.p.r.p.TestFile    Now processing file /home/runner/work/key/key/key.core/../key.ui/examples/InformationFlow/MethodContracts/contract.IFMethodContract(contract.IFMethodContract__secure_catch_exception()).Non-interference contract.0.m.key 
17290      DEBUG main            d.u.i.k.p.i.KeYFile       Reading KeY file /home/runner/work/key/key/key.core/../key.ui/examples/InformationFlow/MethodContracts/contract.IFMethodContract(contract.IFMethodContract__secure_catch_exception()).Non-interference contract.0.m.key 
18232      DEBUG main            d.u.i.k.j.Recoder2KeY     converting now /home/runner/work/key/key/key.core/../key.ui/examples/InformationFlow/MethodContracts/src/contract/IFMethodContract.java 
18240      DEBUG main            d.u.i.k.s.TermLabelSettings TermLabelSettings: Failure while reading the setting "UseOriginLabels".Using the default value: true.The string read was: null 
18242      DEBUG main            d.u.i.k.p.i.KeYFile       Reading KeY file file:/home/runner/work/key/key/key.core/build/resources/main/de/uka/ilkd/key/java/JavaRedux/java/lang/String.key 
20173      DEBUG main            d.u.i.k.p.i.KeYFile       Reading KeY file /home/runner/work/key/key/key.core/../key.ui/examples/InformationFlow/MethodContracts/contract.IFMethodContract(contract.IFMethodContract__secure_catch_exception()).Non-interference contract.0.m.key 
20173      DEBUG main            d.u.i.k.m.s.ProofScriptEngine 1: 'macro 'infflow-autopilot'' 
20217      DEBUG main            d.u.i.k.p.m.ProofCorrectnessMgt No justification found for rule Class_invariant_axiom_for_contract_IFMethodContract 
20219      DEBUG main            d.u.i.k.r.m.MethodCall    method-call: called for n7(); 
20220      DEBUG main            d.u.i.k.r.m.MethodCall    method-call: invocation of non-private instance method detected.Requires dynamic resolving. 
20333      DEBUG main            d.u.i.k.j.TypeConverter   typeconverter: (prefix this;, class class de.uka.ilkd.key.java.reference.ThisReference) 
20488      INFO  main            d.u.i.k.p.r.p.TestFile    ... finished proof: closed. 
20634      DEBUG main            d.u.i.k.s.TermLabelSettings TermLabelSettings: Failure while reading the setting "UseOriginLabels".Using the default value: true.The string read was: null 
20635      INFO  main            d.u.i.k.p.r.p.TestFile    Now processing file /home/runner/work/key/key/key.core/../key.ui/examples/InformationFlow/MethodContracts/contract.IFMethodContract(contract.IFMethodContract__n6()).Non-interference contract.0.m.key 
20635      DEBUG main            d.u.i.k.p.i.KeYFile       Reading KeY file /home/runner/work/key/key/key.core/../key.ui/examples/InformationFlow/MethodContracts/contract.IFMethodContract(contract.IFMethodContract__n6()).Non-interference contract.0.m.key 
21554      DEBUG main            d.u.i.k.j.Recoder2KeY     converting now /home/runner/work/key/key/key.core/../key.ui/examples/InformationFlow/MethodContracts/src/contract/IFMethodContract.java 
21561      DEBUG main            d.u.i.k.s.TermLabelSettings TermLabelSettings: Failure while reading the setting "UseOriginLabels".Using the default value: true.The string read was: null 
21562      DEBUG main            d.u.i.k.p.i.KeYFile       Reading KeY file file:/home/runner/work/key/key/key.core/build/resources/main/de/uka/ilkd/key/java/JavaRedux/java/lang/String.key 
23501      DEBUG main            d.u.i.k.p.i.KeYFile       Reading KeY file /home/runner/work/key/key/key.core/../key.ui/examples/InformationFlow/MethodContracts/contract.IFMethodContract(contract.IFMethodContract__n6()).Non-interference contract.0.m.key 
23501      DEBUG main            d.u.i.k.m.s.ProofScriptEngine 1: 'macro 'infflow-autopilot'' 
23559      DEBUG main            d.u.i.k.p.m.ProofCorrectnessMgt No justification found for rule Class_invariant_axiom_for_contract_IFMethodContract 
23567      DEBUG main            d.u.i.k.j.TypeConverter   typeconverter: (prefix this;, class class de.uka.ilkd.key.java.reference.ThisReference) 
23571      DEBUG main            d.u.i.k.j.TypeConverter   typeconverter: (prefix this;, class class de.uka.ilkd.key.java.reference.ThisReference) 
23580      DEBUG main            d.u.i.k.j.TypeConverter   typeconverter: (prefix this;, class class de.uka.ilkd.key.java.reference.ThisReference) 
23669      INFO  main            d.u.i.k.p.r.p.TestFile    ... finished proof: closed. 
23806      DEBUG main            d.u.i.k.s.TermLabelSettings TermLabelSettings: Failure while reading the setting "UseOriginLabels".Using the default value: true.The string read was: null 
23806      INFO  main            d.u.i.k.p.r.p.TestFile    Now processing file /home/runner/work/key/key/key.core/../key.ui/examples/InformationFlow/MethodContracts/contract.IFMethodContract(contract.IFMethodContract__secure_n6()).Non-interference contract.0.m.key 
23807      DEBUG main            d.u.i.k.p.i.KeYFile       Reading KeY file /home/runner/work/key/key/key.core/../key.ui/examples/InformationFlow/MethodContracts/contract.IFMethodContract(contract.IFMethodContract__secure_n6()).Non-interference contract.0.m.key 
24700      DEBUG main            d.u.i.k.j.Recoder2KeY     converting now /home/runner/work/key/key/key.core/../key.ui/examples/InformationFlow/MethodContracts/src/contract/IFMethodContract.java 
24707      DEBUG main            d.u.i.k.s.TermLabelSettings TermLabelSettings: Failure while reading the setting "UseOriginLabels".Using the default value: true.The string read was: null 
24708      DEBUG main            d.u.i.k.p.i.KeYFile       Reading KeY file file:/home/runner/work/key/key/key.core/build/resources/main/de/uka/ilkd/key/java/JavaRedux/java/lang/String.key 
26570      DEBUG main            d.u.i.k.p.i.KeYFile       Reading KeY file /home/runner/work/key/key/key.core/../key.ui/examples/InformationFlow/MethodContracts/contract.IFMethodContract(contract.IFMethodContract__secure_n6()).Non-interference contract.0.m.key 
26570      DEBUG main            d.u.i.k.m.s.ProofScriptEngine 1: 'macro 'infflow-autopilot'' 
26614      DEBUG main            d.u.i.k.p.m.ProofCorrectnessMgt No justification found for rule Class_invariant_axiom_for_contract_IFMethodContract 
26637      DEBUG main            d.u.i.k.p.m.ProofCorrectnessMgt No justification found for rule Class_invariant_axiom_for_contract_IFMethodContract 
26638      DEBUG main            d.u.i.k.p.m.ProofCorrectnessMgt No justification found for rule Class_invariant_axiom_for_contract_IFMethodContract 
26652      DEBUG main            d.u.i.k.p.m.ProofCorrectnessMgt No justification found for rule Class_invariant_axiom_for_contract_IFMethodContract 
26820      INFO  main            d.u.i.k.p.r.p.TestFile    ... finished proof: closed. 
26964      DEBUG main            d.u.i.k.s.TermLabelSettings TermLabelSettings: Failure while reading the setting "UseOriginLabels".Using the default value: true.The string read was: null 
26964      INFO  main            d.u.i.k.p.r.p.TestFile    Now processing file /home/runner/work/key/key/key.core/../key.ui/examples/InformationFlow/MethodContracts/contract.IFMethodContract(contract.IFMethodContract__secure_array_param((I,int)).Non-interference contract.0.m.key 
26965      DEBUG main            d.u.i.k.p.i.KeYFile       Reading KeY file /home/runner/work/key/key/key.core/../key.ui/examples/InformationFlow/MethodContracts/contract.IFMethodContract(contract.IFMethodContract__secure_array_param((I,int)).Non-interference contract.0.m.key 
27833      DEBUG main            d.u.i.k.j.Recoder2KeY     converting now /home/runner/work/key/key/key.core/../key.ui/examples/InformationFlow/MethodContracts/src/contract/IFMethodContract.java 
27840      DEBUG main            d.u.i.k.s.TermLabelSettings TermLabelSettings: Failure while reading the setting "UseOriginLabels".Using the default value: true.The string read was: null 
27842      DEBUG main            d.u.i.k.p.i.KeYFile       Reading KeY file file:/home/runner/work/key/key/key.core/build/resources/main/de/uka/ilkd/key/java/JavaRedux/java/lang/String.key 
29789      DEBUG main            d.u.i.k.p.i.KeYFile       Reading KeY file /home/runner/work/key/key/key.core/../key.ui/examples/InformationFlow/MethodContracts/contract.IFMethodContract(contract.IFMethodContract__secure_array_param((I,int)).Non-interference contract.0.m.key 
29790      DEBUG main            d.u.i.k.m.s.ProofScriptEngine 1: 'macro 'infflow-autopilot'' 
29841      DEBUG main            d.u.i.k.p.m.ProofCorrectnessMgt No justification found for rule Class_invariant_axiom_for_contract_IFMethodContract 
29886      DEBUG main            d.u.i.k.p.m.ProofCorrectnessMgt No justification found for rule Class_invariant_axiom_for_contract_IFMethodContract 
29887      DEBUG main            d.u.i.k.p.m.ProofCorrectnessMgt No justification found for rule Class_invariant_axiom_for_contract_IFMethodContract 
29938      DEBUG main            d.u.i.k.p.m.ProofCorrectnessMgt No justification found for rule Class_invariant_axiom_for_contract_IFMethodContract 
31713      INFO  main            d.u.i.k.p.r.p.TestFile    ... finished proof: closed. 
31886      DEBUG main            d.u.i.k.s.TermLabelSettings TermLabelSettings: Failure while reading the setting "UseOriginLabels".Using the default value: true.The string read was: null 
31886      INFO  main            d.u.i.k.p.r.p.TestFile    Now processing file /home/runner/work/key/key/key.core/../key.ui/examples/InformationFlow/MethodContracts/contract.IFMethodContract(contract.IFMethodContract__secure_assignment_0_n9()).Non-interference contract.0.m.key 
31887      DEBUG main            d.u.i.k.p.i.KeYFile       Reading KeY file /home/runner/work/key/key/key.core/../key.ui/examples/InformationFlow/MethodContracts/contract.IFMethodContract(contract.IFMethodContract__secure_assignment_0_n9()).Non-interference contract.0.m.key 
32816      DEBUG main            d.u.i.k.j.Recoder2KeY     converting now /home/runner/work/key/key/key.core/../key.ui/examples/InformationFlow/MethodContracts/src/contract/IFMethodContract.java 
32825      DEBUG main            d.u.i.k.s.TermLabelSettings TermLabelSettings: Failure while reading the setting "UseOriginLabels".Using the default value: true.The string read was: null 
32827      DEBUG main            d.u.i.k.p.i.KeYFile       Reading KeY file file:/home/runner/work/key/key/key.core/build/resources/main/de/uka/ilkd/key/java/JavaRedux/java/lang/String.key 
34712      DEBUG main            d.u.i.k.p.i.KeYFile       Reading KeY file /home/runner/work/key/key/key.core/../key.ui/examples/InformationFlow/MethodContracts/contract.IFMethodContract(contract.IFMethodContract__secure_assignment_0_n9()).Non-interference contract.0.m.key 
34713      DEBUG main            d.u.i.k.m.s.ProofScriptEngine 1: 'macro 'infflow-autopilot'' 
34759      DEBUG main            d.u.i.k.p.m.ProofCorrectnessMgt No justification found for rule Class_invariant_axiom_for_contract_IFMethodContract 
34763      DEBUG main            d.u.i.k.j.TypeConverter   typeconverter: (prefix this;, class class de.uka.ilkd.key.java.reference.ThisReference) 
34823      DEBUG main            d.u.i.k.p.m.ProofCorrectnessMgt No justification found for rule Class_invariant_axiom_for_contract_IFMethodContract 
34824      DEBUG main            d.u.i.k.p.m.ProofCorrectnessMgt No justification found for rule Class_invariant_axiom_for_contract_IFMethodContract 
34838      DEBUG main            d.u.i.k.p.m.ProofCorrectnessMgt No justification found for rule Class_invariant_axiom_for_contract_IFMethodContract 
34964      INFO  main            d.u.i.k.p.r.p.TestFile    ... finished proof: closed. 
35127      DEBUG main            d.u.i.k.s.TermLabelSettings TermLabelSettings: Failure while reading the setting "UseOriginLabels".Using the default value: true.The string read was: null 
35127      INFO  main            d.u.i.k.p.r.p.TestFile    Now processing file /home/runner/work/key/key/key.core/../key.ui/examples/InformationFlow/MethodContracts/contract.IFMethodContract(contract.IFMethodContract__insecure_if_high_n5_n1()).Non-interference contract.0.m.key 
35127      DEBUG main            d.u.i.k.p.i.KeYFile       Reading KeY file /home/runner/work/key/key/key.core/../key.ui/examples/InformationFlow/MethodContracts/contract.IFMethodContract(contract.IFMethodContract__insecure_if_high_n5_n1()).Non-interference contract.0.m.key 
36004      DEBUG main            d.u.i.k.j.Recoder2KeY     converting now /home/runner/work/key/key/key.core/../key.ui/examples/InformationFlow/MethodContracts/src/contract/IFMethodContract.java 
36010      DEBUG main            d.u.i.k.s.TermLabelSettings TermLabelSettings: Failure while reading the setting "UseOriginLabels".Using the default value: true.The string read was: null 
36011      DEBUG main            d.u.i.k.p.i.KeYFile       Reading KeY file file:/home/runner/work/key/key/key.core/build/resources/main/de/uka/ilkd/key/java/JavaRedux/java/lang/String.key 
37856      DEBUG main            d.u.i.k.p.i.KeYFile       Reading KeY file /home/runner/work/key/key/key.core/../key.ui/examples/InformationFlow/MethodContracts/contract.IFMethodContract(contract.IFMethodContract__insecure_if_high_n5_n1()).Non-interference contract.0.m.key 
37857      DEBUG main            d.u.i.k.m.s.ProofScriptEngine 1: 'macro 'infflow-autopilot'' 
37890      DEBUG main            d.u.i.k.p.m.ProofCorrectnessMgt No justification found for rule Class_invariant_axiom_for_contract_IFMethodContract 
37896      DEBUG main            d.u.i.k.j.TypeConverter   typeconverter: (prefix this;, class class de.uka.ilkd.key.java.reference.ThisReference) 
37906      DEBUG main            d.u.i.k.j.TypeConverter   typeconverter: (prefix this;, class class de.uka.ilkd.key.java.reference.ThisReference) 
37927      DEBUG main            d.u.i.k.p.m.ProofCorrectnessMgt No justification found for rule Class_invariant_axiom_for_contract_IFMethodContract 
37928      DEBUG main            d.u.i.k.p.m.ProofCorrectnessMgt No justification found for rule Class_invariant_axiom_for_contract_IFMethodContract 
37936      DEBUG main            d.u.i.k.j.TypeConverter   typeconverter: (prefix this;, class class de.uka.ilkd.key.java.reference.ThisReference) 
37942      DEBUG main            d.u.i.k.j.TypeConverter   typeconverter: (prefix this;, class class de.uka.ilkd.key.java.reference.ThisReference) 
37972      DEBUG main            d.u.i.k.p.m.ProofCorrectnessMgt No justification found for rule Class_invariant_axiom_for_contract_IFMethodContract 
37972      DEBUG main            d.u.i.k.p.m.ProofCorrectnessMgt No justification found for rule Class_invariant_axiom_for_contract_IFMethodContract 
37993      DEBUG main            d.u.i.k.p.m.ProofCorrectnessMgt No justification found for rule Class_invariant_axiom_for_contract_IFMethodContract 
37994      DEBUG main            d.u.i.k.p.m.ProofCorrectnessMgt No justification found for rule Class_invariant_axiom_for_contract_IFMethodContract 
38015      DEBUG main            d.u.i.k.p.m.ProofCorrectnessMgt No justification found for rule Class_invariant_axiom_for_contract_IFMethodContract 
38020      DEBUG main            d.u.i.k.p.m.ProofCorrectnessMgt No justification found for rule Class_invariant_axiom_for_contract_IFMethodContract 
38032      DEBUG main            d.u.i.k.p.m.ProofCorrectnessMgt No justification found for rule Class_invariant_axiom_for_contract_IFMethodContract 
38616      INFO  main            d.u.i.k.p.r.p.TestFile    ... finished proof: open goal(s) 
38811      DEBUG main            d.u.i.k.s.TermLabelSettings TermLabelSettings: Failure while reading the setting "UseOriginLabels".Using the default value: true.The string read was: null 
38812      INFO  main            d.u.i.k.p.r.p.TestFile    Now processing file /home/runner/work/key/key/key.core/../key.ui/examples/InformationFlow/MethodContracts/contract.IFMethodContract(contract.IFMethodContract__n5(int)).Non-interference contract.0.m.key 
38812      DEBUG main            d.u.i.k.p.i.KeYFile       Reading KeY file /home/runner/work/key/key/key.core/../key.ui/examples/InformationFlow/MethodContracts/contract.IFMethodContract(contract.IFMethodContract__n5(int)).Non-interference contract.0.m.key 
39690      DEBUG main            d.u.i.k.j.Recoder2KeY     converting now /home/runner/work/key/key/key.core/../key.ui/examples/InformationFlow/MethodContracts/src/contract/IFMethodContract.java 
39696      DEBUG main            d.u.i.k.s.TermLabelSettings TermLabelSettings: Failure while reading the setting "UseOriginLabels".Using the default value: true.The string read was: null 
39697      DEBUG main            d.u.i.k.p.i.KeYFile       Reading KeY file file:/home/runner/work/key/key/key.core/build/resources/main/de/uka/ilkd/key/java/JavaRedux/java/lang/String.key 
41564      DEBUG main            d.u.i.k.p.i.KeYFile       Reading KeY file /home/runner/work/key/key/key.core/../key.ui/examples/InformationFlow/MethodContracts/contract.IFMethodContract(contract.IFMethodContract__n5(int)).Non-interference contract.0.m.key 
41565      DEBUG main            d.u.i.k.m.s.ProofScriptEngine 1: 'macro 'infflow-autopilot'' 
41601      DEBUG main            d.u.i.k.p.m.ProofCorrectnessMgt No justification found for rule Class_invariant_axiom_for_contract_IFMethodContract 
41606      DEBUG main            d.u.i.k.j.TypeConverter   typeconverter: (prefix this;, class class de.uka.ilkd.key.java.reference.ThisReference) 
41692      INFO  main            d.u.i.k.p.r.p.TestFile    ... finished proof: closed. 
41898      DEBUG main            d.u.i.k.s.TermLabelSettings TermLabelSettings: Failure while reading the setting "UseOriginLabels".Using the default value: true.The string read was: null 
41899      INFO  main            d.u.i.k.p.r.p.TestFile    Now processing file /home/runner/work/key/key/key.core/../key.ui/examples/InformationFlow/MethodContracts/contract.IFMethodContract(contract.IFMethodContract__secure_if_high_n5_n1()).Non-interference contract.0.m.key 
41899      DEBUG main            d.u.i.k.p.i.KeYFile       Reading KeY file /home/runner/work/key/key/key.core/../key.ui/examples/InformationFlow/MethodContracts/contract.IFMethodContract(contract.IFMethodContract__secure_if_high_n5_n1()).Non-interference contract.0.m.key 
42765      DEBUG main            d.u.i.k.j.Recoder2KeY     converting now /home/runner/work/key/key/key.core/../key.ui/examples/InformationFlow/MethodContracts/src/contract/IFMethodContract.java 
42771      DEBUG main            d.u.i.k.s.TermLabelSettings TermLabelSettings: Failure while reading the setting "UseOriginLabels".Using the default value: true.The string read was: null 
42772      DEBUG main            d.u.i.k.p.i.KeYFile       Reading KeY file file:/home/runner/work/key/key/key.core/build/resources/main/de/uka/ilkd/key/java/JavaRedux/java/lang/String.key 
44531      DEBUG main            d.u.i.k.p.i.KeYFile       Reading KeY file /home/runner/work/key/key/key.core/../key.ui/examples/InformationFlow/MethodContracts/contract.IFMethodContract(contract.IFMethodContract__secure_if_high_n5_n1()).Non-interference contract.0.m.key 
44532      DEBUG main            d.u.i.k.m.s.ProofScriptEngine 1: 'macro 'infflow-autopilot'' 
44584      DEBUG main            d.u.i.k.p.m.ProofCorrectnessMgt No justification found for rule Class_invariant_axiom_for_contract_IFMethodContract 
44590      DEBUG main            d.u.i.k.j.TypeConverter   typeconverter: (prefix this;, class class de.uka.ilkd.key.java.reference.ThisReference) 
44602      DEBUG main            d.u.i.k.j.TypeConverter   typeconverter: (prefix this;, class class de.uka.ilkd.key.java.reference.ThisReference) 
44607      DEBUG main            d.u.i.k.j.TypeConverter   typeconverter: (prefix this;, class class de.uka.ilkd.key.java.reference.ThisReference) 
44628      DEBUG main            d.u.i.k.j.TypeConverter   typeconverter: (prefix this;, class class de.uka.ilkd.key.java.reference.ThisReference) 
44639      DEBUG main            d.u.i.k.j.TypeConverter   typeconverter: (prefix this;, class class de.uka.ilkd.key.java.reference.ThisReference) 
44680      DEBUG main            d.u.i.k.j.TypeConverter   typeconverter: (prefix this;, class class de.uka.ilkd.key.java.reference.ThisReference) 
44683      DEBUG main            d.u.i.k.p.m.ProofCorrectnessMgt No justification found for rule Class_invariant_axiom_for_contract_IFMethodContract 
44684      DEBUG main            d.u.i.k.p.m.ProofCorrectnessMgt No justification found for rule Class_invariant_axiom_for_contract_IFMethodContract 
44707      DEBUG main            d.u.i.k.p.m.ProofCorrectnessMgt No justification found for rule Class_invariant_axiom_for_contract_IFMethodContract 
44708      DEBUG main            d.u.i.k.p.m.ProofCorrectnessMgt No justification found for rule Class_invariant_axiom_for_contract_IFMethodContract 
44716      DEBUG main            d.u.i.k.j.TypeConverter   typeconverter: (prefix this;, class class de.uka.ilkd.key.java.reference.ThisReference) 
44722      DEBUG main            d.u.i.k.j.TypeConverter   typeconverter: (prefix this;, class class de.uka.ilkd.key.java.reference.ThisReference) 
44750      DEBUG main            d.u.i.k.p.m.ProofCorrectnessMgt No justification found for rule Class_invariant_axiom_for_contract_IFMethodContract 
44751      DEBUG main            d.u.i.k.p.m.ProofCorrectnessMgt No justification found for rule Class_invariant_axiom_for_contract_IFMethodContract 
44771      DEBUG main            d.u.i.k.p.m.ProofCorrectnessMgt No justification found for rule Class_invariant_axiom_for_contract_IFMethodContract 
44772      DEBUG main            d.u.i.k.p.m.ProofCorrectnessMgt No justification found for rule Class_invariant_axiom_for_contract_IFMethodContract 
44793      DEBUG main            d.u.i.k.p.m.ProofCorrectnessMgt No justification found for rule Class_invariant_axiom_for_contract_IFMethodContract 
44798      DEBUG main            d.u.i.k.p.m.ProofCorrectnessMgt No justification found for rule Class_invariant_axiom_for_contract_IFMethodContract 
44817      DEBUG main            d.u.i.k.p.m.ProofCorrectnessMgt No justification found for rule Class_invariant_axiom_for_contract_IFMethodContract 
44821      DEBUG main            d.u.i.k.p.m.ProofCorrectnessMgt No justification found for rule Class_invariant_axiom_for_contract_IFMethodContract 
45427      INFO  main            d.u.i.k.p.r.p.TestFile    ... finished proof: closed. 
45610      DEBUG main            d.u.i.k.s.TermLabelSettings TermLabelSettings: Failure while reading the setting "UseOriginLabels".Using the default value: true.The string read was: null 
45610      INFO  main            d.u.i.k.p.r.p.TestFile    Now processing file /home/runner/work/key/key/key.core/../key.ui/examples/InformationFlow/MethodContracts/contract.IFMethodContract(contract.IFMethodContract__secure_if_high_n1()).Non-interference contract.0.m.key 
45611      DEBUG main            d.u.i.k.p.i.KeYFile       Reading KeY file /home/runner/work/key/key/key.core/../key.ui/examples/InformationFlow/MethodContracts/contract.IFMethodContract(contract.IFMethodContract__secure_if_high_n1()).Non-interference contract.0.m.key 
46449      DEBUG main            d.u.i.k.j.Recoder2KeY     converting now /home/runner/work/key/key/key.core/../key.ui/examples/InformationFlow/MethodContracts/src/contract/IFMethodContract.java 
46454      DEBUG main            d.u.i.k.s.TermLabelSettings TermLabelSettings: Failure while reading the setting "UseOriginLabels".Using the default value: true.The string read was: null 
46456      DEBUG main            d.u.i.k.p.i.KeYFile       Reading KeY file file:/home/runner/work/key/key/key.core/build/resources/main/de/uka/ilkd/key/java/JavaRedux/java/lang/String.key 
48278      DEBUG main            d.u.i.k.p.i.KeYFile       Reading KeY file /home/runner/work/key/key/key.core/../key.ui/examples/InformationFlow/MethodContracts/contract.IFMethodContract(contract.IFMethodContract__secure_if_high_n1()).Non-interference contract.0.m.key 
48278      DEBUG main            d.u.i.k.m.s.ProofScriptEngine 1: 'macro 'infflow-autopilot'' 
48309      DEBUG main            d.u.i.k.p.m.ProofCorrectnessMgt No justification found for rule Class_invariant_axiom_for_contract_IFMethodContract 
48315      DEBUG main            d.u.i.k.j.TypeConverter   typeconverter: (prefix this;, class class de.uka.ilkd.key.java.reference.ThisReference) 
48327      DEBUG main            d.u.i.k.j.TypeConverter   typeconverter: (prefix this;, class class de.uka.ilkd.key.java.reference.ThisReference) 
48335      DEBUG main            d.u.i.k.j.TypeConverter   typeconverter: (prefix this;, class class de.uka.ilkd.key.java.reference.ThisReference) 
48367      DEBUG main            d.u.i.k.p.m.ProofCorrectnessMgt No justification found for rule Class_invariant_axiom_for_contract_IFMethodContract 
48368      DEBUG main            d.u.i.k.p.m.ProofCorrectnessMgt No justification found for rule Class_invariant_axiom_for_contract_IFMethodContract 
48375      DEBUG main            d.u.i.k.j.TypeConverter   typeconverter: (prefix this;, class class de.uka.ilkd.key.java.reference.ThisReference) 
48383      DEBUG main            d.u.i.k.j.TypeConverter   typeconverter: (prefix this;, class class de.uka.ilkd.key.java.reference.ThisReference) 
48414      DEBUG main            d.u.i.k.p.m.ProofCorrectnessMgt No justification found for rule Class_invariant_axiom_for_contract_IFMethodContract 
48415      DEBUG main            d.u.i.k.p.m.ProofCorrectnessMgt No justification found for rule Class_invariant_axiom_for_contract_IFMethodContract 
48432      DEBUG main            d.u.i.k.p.m.ProofCorrectnessMgt No justification found for rule Class_invariant_axiom_for_contract_IFMethodContract 
48445      DEBUG main            d.u.i.k.p.m.ProofCorrectnessMgt No justification found for rule Class_invariant_axiom_for_contract_IFMethodContract 
48772      INFO  main            d.u.i.k.p.r.p.TestFile    ... finished proof: closed. 
48946      DEBUG main            d.u.i.k.s.TermLabelSettings TermLabelSettings: Failure while reading the setting "UseOriginLabels".Using the default value: true.The string read was: null 
48946      INFO  main            d.u.i.k.p.r.p.TestFile    Now processing file /home/runner/work/key/key/key.core/../key.ui/examples/InformationFlow/MethodContracts/contract.IFMethodContract(contract.IFMethodContract__secure_n5()).Non-interference contract.0.m.key 
48946      DEBUG main            d.u.i.k.p.i.KeYFile       Reading KeY file /home/runner/work/key/key/key.core/../key.ui/examples/InformationFlow/MethodContracts/contract.IFMethodContract(contract.IFMethodContract__secure_n5()).Non-interference contract.0.m.key 
49786      DEBUG main            d.u.i.k.j.Recoder2KeY     converting now /home/runner/work/key/key/key.core/../key.ui/examples/InformationFlow/MethodContracts/src/contract/IFMethodContract.java 
49792      DEBUG main            d.u.i.k.s.TermLabelSettings TermLabelSettings: Failure while reading the setting "UseOriginLabels".Using the default value: true.The string read was: null 
49793      DEBUG main            d.u.i.k.p.i.KeYFile       Reading KeY file file:/home/runner/work/key/key/key.core/build/resources/main/de/uka/ilkd/key/java/JavaRedux/java/lang/String.key 
51604      DEBUG main            d.u.i.k.p.i.KeYFile       Reading KeY file /home/runner/work/key/key/key.core/../key.ui/examples/InformationFlow/MethodContracts/contract.IFMethodContract(contract.IFMethodContract__secure_n5()).Non-interference contract.0.m.key 
51604      DEBUG main            d.u.i.k.m.s.ProofScriptEngine 1: 'macro 'infflow-autopilot'' 
51636      DEBUG main            d.u.i.k.p.m.ProofCorrectnessMgt No justification found for rule Class_invariant_axiom_for_contract_IFMethodContract 
51640      DEBUG main            d.u.i.k.j.TypeConverter   typeconverter: (prefix this;, class class de.uka.ilkd.key.java.reference.ThisReference) 
51645      DEBUG main            d.u.i.k.j.TypeConverter   typeconverter: (prefix this;, class class de.uka.ilkd.key.java.reference.ThisReference) 
51671      DEBUG main            d.u.i.k.p.m.ProofCorrectnessMgt No justification found for rule Class_invariant_axiom_for_contract_IFMethodContract 
51671      DEBUG main            d.u.i.k.p.m.ProofCorrectnessMgt No justification found for rule Class_invariant_axiom_for_contract_IFMethodContract 
51682      DEBUG main            d.u.i.k.p.m.ProofCorrectnessMgt No justification found for rule Class_invariant_axiom_for_contract_IFMethodContract 
51804      INFO  main            d.u.i.k.p.r.p.TestFile    ... finished proof: closed. 
51982      DEBUG main            d.u.i.k.s.TermLabelSettings TermLabelSettings: Failure while reading the setting "UseOriginLabels".Using the default value: true.The string read was: null 
51982      INFO  main            d.u.i.k.p.r.p.TestFile    Now processing file /home/runner/work/key/key/key.core/../key.ui/examples/InformationFlow/MethodContracts/contract.IFMethodContract(contract.IFMethodContract__n4()).Non-interference contract.0.m.key 
51982      DEBUG main            d.u.i.k.p.i.KeYFile       Reading KeY file /home/runner/work/key/key/key.core/../key.ui/examples/InformationFlow/MethodContracts/contract.IFMethodContract(contract.IFMethodContract__n4()).Non-interference contract.0.m.key 
52823      DEBUG main            d.u.i.k.j.Recoder2KeY     converting now /home/runner/work/key/key/key.core/../key.ui/examples/InformationFlow/MethodContracts/src/contract/IFMethodContract.java 
52829      DEBUG main            d.u.i.k.s.TermLabelSettings TermLabelSettings: Failure while reading the setting "UseOriginLabels".Using the default value: true.The string read was: null 
52830      DEBUG main            d.u.i.k.p.i.KeYFile       Reading KeY file file:/home/runner/work/key/key/key.core/build/resources/main/de/uka/ilkd/key/java/JavaRedux/java/lang/String.key 
54648      DEBUG main            d.u.i.k.p.i.KeYFile       Reading KeY file /home/runner/work/key/key/key.core/../key.ui/examples/InformationFlow/MethodContracts/contract.IFMethodContract(contract.IFMethodContract__n4()).Non-interference contract.0.m.key 
54648      DEBUG main            d.u.i.k.m.s.ProofScriptEngine 1: 'macro 'infflow-autopilot'' 
54680      DEBUG main            d.u.i.k.p.m.ProofCorrectnessMgt No justification found for rule Class_invariant_axiom_for_contract_IFMethodContract 
54686      DEBUG main            d.u.i.k.j.TypeConverter   typeconverter: (prefix this;, class class de.uka.ilkd.key.java.reference.ThisReference) 
54697      DEBUG main            d.u.i.k.j.TypeConverter   typeconverter: (prefix this;, class class de.uka.ilkd.key.java.reference.ThisReference) 
54699      DEBUG main            d.u.i.k.j.TypeConverter   typeconverter: (prefix this;, class class de.uka.ilkd.key.java.reference.ThisReference) 
54705      DEBUG main            d.u.i.k.j.TypeConverter   typeconverter: (prefix this;, class class de.uka.ilkd.key.java.reference.ThisReference) 
54798      INFO  main            d.u.i.k.p.r.p.TestFile    ... finished proof: closed. 
54982      DEBUG main            d.u.i.k.s.TermLabelSettings TermLabelSettings: Failure while reading the setting "UseOriginLabels".Using the default value: true.The string read was: null 
54982      INFO  main            d.u.i.k.p.r.p.TestFile    Now processing file /home/runner/work/key/key/key.core/../key.ui/examples/InformationFlow/MethodContracts/contract.IFMethodContract(contract.IFMethodContract__n3()).Non-interference contract.0.m.key 
54983      DEBUG main            d.u.i.k.p.i.KeYFile       Reading KeY file /home/runner/work/key/key/key.core/../key.ui/examples/InformationFlow/MethodContracts/contract.IFMethodContract(contract.IFMethodContract__n3()).Non-interference contract.0.m.key 
55818      DEBUG main            d.u.i.k.j.Recoder2KeY     converting now /home/runner/work/key/key/key.core/../key.ui/examples/InformationFlow/MethodContracts/src/contract/IFMethodContract.java 
55823      DEBUG main            d.u.i.k.s.TermLabelSettings TermLabelSettings: Failure while reading the setting "UseOriginLabels".Using the default value: true.The string read was: null 
55824      DEBUG main            d.u.i.k.p.i.KeYFile       Reading KeY file file:/home/runner/work/key/key/key.core/build/resources/main/de/uka/ilkd/key/java/JavaRedux/java/lang/String.key 
57616      DEBUG main            d.u.i.k.p.i.KeYFile       Reading KeY file /home/runner/work/key/key/key.core/../key.ui/examples/InformationFlow/MethodContracts/contract.IFMethodContract(contract.IFMethodContract__n3()).Non-interference contract.0.m.key 
57617      DEBUG main            d.u.i.k.m.s.ProofScriptEngine 1: 'macro 'infflow-autopilot'' 
57647      DEBUG main            d.u.i.k.p.m.ProofCorrectnessMgt No justification found for rule Class_invariant_axiom_for_contract_IFMethodContract 
57650      DEBUG main            d.u.i.k.j.TypeConverter   typeconverter: (prefix this;, class class de.uka.ilkd.key.java.reference.ThisReference) 
57708      INFO  main            d.u.i.k.p.r.p.TestFile    ... finished proof: closed. 
57895      DEBUG main            d.u.i.k.s.TermLabelSettings TermLabelSettings: Failure while reading the setting "UseOriginLabels".Using the default value: true.The string read was: null 
57895      INFO  main            d.u.i.k.p.r.p.TestFile    Now processing file /home/runner/work/key/key/key.core/../key.ui/examples/InformationFlow/MethodContracts/contract.IFMethodContract(contract.IFMethodContract__secure_sequential_n3_precond_n4()).Non-interference contract.0.m.key 
57895      DEBUG main            d.u.i.k.p.i.KeYFile       Reading KeY file /home/runner/work/key/key/key.core/../key.ui/examples/InformationFlow/MethodContracts/contract.IFMethodContract(contract.IFMethodContract__secure_sequential_n3_precond_n4()).Non-interference contract.0.m.key 
58766      DEBUG main            d.u.i.k.j.Recoder2KeY     converting now /home/runner/work/key/key/key.core/../key.ui/examples/InformationFlow/MethodContracts/src/contract/IFMethodContract.java 
58771      DEBUG main            d.u.i.k.s.TermLabelSettings TermLabelSettings: Failure while reading the setting "UseOriginLabels".Using the default value: true.The string read was: null 
58772      DEBUG main            d.u.i.k.p.i.KeYFile       Reading KeY file file:/home/runner/work/key/key/key.core/build/resources/main/de/uka/ilkd/key/java/JavaRedux/java/lang/String.key 
60575      DEBUG main            d.u.i.k.p.i.KeYFile       Reading KeY file /home/runner/work/key/key/key.core/../key.ui/examples/InformationFlow/MethodContracts/contract.IFMethodContract(contract.IFMethodContract__secure_sequential_n3_precond_n4()).Non-interference contract.0.m.key 
60576      DEBUG main            d.u.i.k.m.s.ProofScriptEngine 1: 'macro 'infflow-autopilot'' 
60605      DEBUG main            d.u.i.k.p.m.ProofCorrectnessMgt No justification found for rule Class_invariant_axiom_for_contract_IFMethodContract 
60647      DEBUG main            d.u.i.k.p.m.ProofCorrectnessMgt No justification found for rule Class_invariant_axiom_for_contract_IFMethodContract 
60648      DEBUG main            d.u.i.k.p.m.ProofCorrectnessMgt No justification found for rule Class_invariant_axiom_for_contract_IFMethodContract 
60668      DEBUG main            d.u.i.k.p.m.ProofCorrectnessMgt No justification found for rule Class_invariant_axiom_for_contract_IFMethodContract 
60669      DEBUG main            d.u.i.k.p.m.ProofCorrectnessMgt No justification found for rule Class_invariant_axiom_for_contract_IFMethodContract 
60688      DEBUG main            d.u.i.k.p.m.ProofCorrectnessMgt No justification found for rule Class_invariant_axiom_for_contract_IFMethodContract 
60690      DEBUG main            d.u.i.k.p.m.ProofCorrectnessMgt No justification found for rule Class_invariant_axiom_for_contract_IFMethodContract 
60910      INFO  main            d.u.i.k.p.r.p.TestFile    ... finished proof: closed. 
61112      DEBUG main            d.u.i.k.s.TermLabelSettings TermLabelSettings: Failure while reading the setting "UseOriginLabels".Using the default value: true.The string read was: null 
61112      INFO  main            d.u.i.k.p.r.p.TestFile    Now processing file /home/runner/work/key/key/key.core/../key.ui/examples/InformationFlow/MethodContracts/contract.IFMethodContract(contract.IFMethodContract__insecure_assignment_n2()).Non-interference contract.0.m.key 
61112      DEBUG main            d.u.i.k.p.i.KeYFile       Reading KeY file /home/runner/work/key/key/key.core/../key.ui/examples/InformationFlow/MethodContracts/contract.IFMethodContract(contract.IFMethodContract__insecure_assignment_n2()).Non-interference contract.0.m.key 
61973      DEBUG main            d.u.i.k.j.Recoder2KeY     converting now /home/runner/work/key/key/key.core/../key.ui/examples/InformationFlow/MethodContracts/src/contract/IFMethodContract.java 
61980      DEBUG main            d.u.i.k.s.TermLabelSettings TermLabelSettings: Failure while reading the setting "UseOriginLabels".Using the default value: true.The string read was: null 
61981      DEBUG main            d.u.i.k.p.i.KeYFile       Reading KeY file file:/home/runner/work/key/key/key.core/build/resources/main/de/uka/ilkd/key/java/JavaRedux/java/lang/String.key 
63774      DEBUG main            d.u.i.k.p.i.KeYFile       Reading KeY file /home/runner/work/key/key/key.core/../key.ui/examples/InformationFlow/MethodContracts/contract.IFMethodContract(contract.IFMethodContract__insecure_assignment_n2()).Non-interference contract.0.m.key 
63775      DEBUG main            d.u.i.k.m.s.ProofScriptEngine 1: 'macro 'infflow-autopilot'' 
63804      DEBUG main            d.u.i.k.p.m.ProofCorrectnessMgt No justification found for rule Class_invariant_axiom_for_contract_IFMethodContract 
63808      DEBUG main            d.u.i.k.j.TypeConverter   typeconverter: (prefix this;, class class de.uka.ilkd.key.java.reference.ThisReference) 
63811      DEBUG main            d.u.i.k.j.TypeConverter   typeconverter: (prefix this;, class class de.uka.ilkd.key.java.reference.ThisReference) 
63833      DEBUG main            d.u.i.k.p.m.ProofCorrectnessMgt No justification found for rule Class_invariant_axiom_for_contract_IFMethodContract 
63834      DEBUG main            d.u.i.k.p.m.ProofCorrectnessMgt No justification found for rule Class_invariant_axiom_for_contract_IFMethodContract 
63844      DEBUG main            d.u.i.k.p.m.ProofCorrectnessMgt No justification found for rule Class_invariant_axiom_for_contract_IFMethodContract 
64102      INFO  main            d.u.i.k.p.r.p.TestFile    ... finished proof: open goal(s) 
64286      DEBUG main            d.u.i.k.s.TermLabelSettings TermLabelSettings: Failure while reading the setting "UseOriginLabels".Using the default value: true.The string read was: null 
64286      INFO  main            d.u.i.k.p.r.p.TestFile    Now processing file /home/runner/work/key/key/key.core/../key.ui/examples/InformationFlow/MethodContracts/contract.IFMethodContract(contract.IFMethodContract__secure_assignments_n2()).Non-interference contract.0.m.key 
64287      DEBUG main            d.u.i.k.p.i.KeYFile       Reading KeY file /home/runner/work/key/key/key.core/../key.ui/examples/InformationFlow/MethodContracts/contract.IFMethodContract(contract.IFMethodContract__secure_assignments_n2()).Non-interference contract.0.m.key 
65118      DEBUG main            d.u.i.k.j.Recoder2KeY     converting now /home/runner/work/key/key/key.core/../key.ui/examples/InformationFlow/MethodContracts/src/contract/IFMethodContract.java 
65124      DEBUG main            d.u.i.k.s.TermLabelSettings TermLabelSettings: Failure while reading the setting "UseOriginLabels".Using the default value: true.The string read was: null 
65125      DEBUG main            d.u.i.k.p.i.KeYFile       Reading KeY file file:/home/runner/work/key/key/key.core/build/resources/main/de/uka/ilkd/key/java/JavaRedux/java/lang/String.key 
66929      DEBUG main            d.u.i.k.p.i.KeYFile       Reading KeY file /home/runner/work/key/key/key.core/../key.ui/examples/InformationFlow/MethodContracts/contract.IFMethodContract(contract.IFMethodContract__secure_assignments_n2()).Non-interference contract.0.m.key 
66930      DEBUG main            d.u.i.k.m.s.ProofScriptEngine 1: 'macro 'infflow-autopilot'' 
66958      DEBUG main            d.u.i.k.p.m.ProofCorrectnessMgt No justification found for rule Class_invariant_axiom_for_contract_IFMethodContract 
66960      DEBUG main            d.u.i.k.j.TypeConverter   typeconverter: (prefix this;, class class de.uka.ilkd.key.java.reference.ThisReference) 
66966      DEBUG main            d.u.i.k.j.TypeConverter   typeconverter: (prefix this;, class class de.uka.ilkd.key.java.reference.ThisReference) 
66971      DEBUG main            d.u.i.k.j.TypeConverter   typeconverter: (prefix this;, class class de.uka.ilkd.key.java.reference.ThisReference) 
66979      DEBUG main            d.u.i.k.j.TypeConverter   typeconverter: (prefix this;, class class de.uka.ilkd.key.java.reference.ThisReference) 
67002      DEBUG main            d.u.i.k.p.m.ProofCorrectnessMgt No justification found for rule Class_invariant_axiom_for_contract_IFMethodContract 
67003      DEBUG main            d.u.i.k.p.m.ProofCorrectnessMgt No justification found for rule Class_invariant_axiom_for_contract_IFMethodContract 
67016      DEBUG main            d.u.i.k.p.m.ProofCorrectnessMgt No justification found for rule Class_invariant_axiom_for_contract_IFMethodContract 
67220      INFO  main            d.u.i.k.p.r.p.TestFile    ... finished proof: closed. 
67425      DEBUG main            d.u.i.k.s.TermLabelSettings TermLabelSettings: Failure while reading the setting "UseOriginLabels".Using the default value: true.The string read was: null 
67425      INFO  main            d.u.i.k.p.r.p.TestFile    Now processing file /home/runner/work/key/key/key.core/../key.ui/examples/InformationFlow/MethodContracts/contract.IFMethodContract(contract.IFMethodContract__n2()).Non-interference contract.0.m.key 
67426      DEBUG main            d.u.i.k.p.i.KeYFile       Reading KeY file /home/runner/work/key/key/key.core/../key.ui/examples/InformationFlow/MethodContracts/contract.IFMethodContract(contract.IFMethodContract__n2()).Non-interference contract.0.m.key 
68269      DEBUG main            d.u.i.k.j.Recoder2KeY     converting now /home/runner/work/key/key/key.core/../key.ui/examples/InformationFlow/MethodContracts/src/contract/IFMethodContract.java 
68274      DEBUG main            d.u.i.k.s.TermLabelSettings TermLabelSettings: Failure while reading the setting "UseOriginLabels".Using the default value: true.The string read was: null 
68275      DEBUG main            d.u.i.k.p.i.KeYFile       Reading KeY file file:/home/runner/work/key/key/key.core/build/resources/main/de/uka/ilkd/key/java/JavaRedux/java/lang/String.key 
70024      DEBUG main            d.u.i.k.p.i.KeYFile       Reading KeY file /home/runner/work/key/key/key.core/../key.ui/examples/InformationFlow/MethodContracts/contract.IFMethodContract(contract.IFMethodContract__n2()).Non-interference contract.0.m.key 
70024      DEBUG main            d.u.i.k.m.s.ProofScriptEngine 1: 'macro 'infflow-autopilot'' 
70052      DEBUG main            d.u.i.k.p.m.ProofCorrectnessMgt No justification found for rule Class_invariant_axiom_for_contract_IFMethodContract 
70073      DEBUG main            d.u.i.k.j.TypeConverter   typeconverter: (prefix this;, class class de.uka.ilkd.key.java.reference.ThisReference) 
70077      DEBUG main            d.u.i.k.j.TypeConverter   typeconverter: (prefix this;, class class de.uka.ilkd.key.java.reference.ThisReference) 
70157      INFO  main            d.u.i.k.p.r.p.TestFile    ... finished proof: closed. 
70330      DEBUG main            d.u.i.k.s.TermLabelSettings TermLabelSettings: Failure while reading the setting "UseOriginLabels".Using the default value: true.The string read was: null 
70330      INFO  main            d.u.i.k.p.r.p.TestFile    Now processing file /home/runner/work/key/key/key.core/../key.ui/examples/InformationFlow/MethodContracts/contract.IFMethodContract(contract.IFMethodContract__n1()).Non-interference contract.0.m.key 
70330      DEBUG main            d.u.i.k.p.i.KeYFile       Reading KeY file /home/runner/work/key/key/key.core/../key.ui/examples/InformationFlow/MethodContracts/contract.IFMethodContract(contract.IFMethodContract__n1()).Non-interference contract.0.m.key 
71176      DEBUG main            d.u.i.k.j.Recoder2KeY     converting now /home/runner/work/key/key/key.core/../key.ui/examples/InformationFlow/MethodContracts/src/contract/IFMethodContract.java 
71182      DEBUG main            d.u.i.k.s.TermLabelSettings TermLabelSettings: Failure while reading the setting "UseOriginLabels".Using the default value: true.The string read was: null 
71183      DEBUG main            d.u.i.k.p.i.KeYFile       Reading KeY file file:/home/runner/work/key/key/key.core/build/resources/main/de/uka/ilkd/key/java/JavaRedux/java/lang/String.key 
72977      DEBUG main            d.u.i.k.p.i.KeYFile       Reading KeY file /home/runner/work/key/key/key.core/../key.ui/examples/InformationFlow/MethodContracts/contract.IFMethodContract(contract.IFMethodContract__n1()).Non-interference contract.0.m.key 
72977      DEBUG main            d.u.i.k.m.s.ProofScriptEngine 1: 'macro 'infflow-autopilot'' 
73007      DEBUG main            d.u.i.k.p.m.ProofCorrectnessMgt No justification found for rule Class_invariant_axiom_for_contract_IFMethodContract 
73009      DEBUG main            d.u.i.k.j.TypeConverter   typeconverter: (prefix this;, class class de.uka.ilkd.key.java.reference.ThisReference) 
73091      INFO  main            d.u.i.k.p.r.p.TestFile    ... finished proof: closed. 
73278      DEBUG main            d.u.i.k.s.TermLabelSettings TermLabelSettings: Failure while reading the setting "UseOriginLabels".Using the default value: true.The string read was: null 
73278      INFO  main            d.u.i.k.p.r.p.TestFile    Now processing file /home/runner/work/key/key/key.core/../key.ui/examples/InformationFlow/MethodContracts/contract.IFMethodContract(contract.IFMethodContract__secure_sequential_n1_n2()).Non-interference contract.0.m.key 
73279      DEBUG main            d.u.i.k.p.i.KeYFile       Reading KeY file /home/runner/work/key/key/key.core/../key.ui/examples/InformationFlow/MethodContracts/contract.IFMethodContract(contract.IFMethodContract__secure_sequential_n1_n2()).Non-interference contract.0.m.key 
74110      DEBUG main            d.u.i.k.j.Recoder2KeY     converting now /home/runner/work/key/key/key.core/../key.ui/examples/InformationFlow/MethodContracts/src/contract/IFMethodContract.java 
74116      DEBUG main            d.u.i.k.s.TermLabelSettings TermLabelSettings: Failure while reading the setting "UseOriginLabels".Using the default value: true.The string read was: null 
74117      DEBUG main            d.u.i.k.p.i.KeYFile       Reading KeY file file:/home/runner/work/key/key/key.core/build/resources/main/de/uka/ilkd/key/java/JavaRedux/java/lang/String.key 
75906      DEBUG main            d.u.i.k.p.i.KeYFile       Reading KeY file /home/runner/work/key/key/key.core/../key.ui/examples/InformationFlow/MethodContracts/contract.IFMethodContract(contract.IFMethodContract__secure_sequential_n1_n2()).Non-interference contract.0.m.key 
75906      DEBUG main            d.u.i.k.m.s.ProofScriptEngine 1: 'macro 'infflow-autopilot'' 
75937      DEBUG main            d.u.i.k.p.m.ProofCorrectnessMgt No justification found for rule Class_invariant_axiom_for_contract_IFMethodContract 
75954      DEBUG main            d.u.i.k.p.m.ProofCorrectnessMgt No justification found for rule Class_invariant_axiom_for_contract_IFMethodContract 
75955      DEBUG main            d.u.i.k.p.m.ProofCorrectnessMgt No justification found for rule Class_invariant_axiom_for_contract_IFMethodContract 
75973      DEBUG main            d.u.i.k.p.m.ProofCorrectnessMgt No justification found for rule Class_invariant_axiom_for_contract_IFMethodContract 
75973      DEBUG main            d.u.i.k.p.m.ProofCorrectnessMgt No justification found for rule Class_invariant_axiom_for_contract_IFMethodContract 
75986      DEBUG main            d.u.i.k.p.m.ProofCorrectnessMgt No justification found for rule Class_invariant_axiom_for_contract_IFMethodContract 
75988      DEBUG main            d.u.i.k.p.m.ProofCorrectnessMgt No justification found for rule Class_invariant_axiom_for_contract_IFMethodContract 
76148      INFO  main            d.u.i.k.p.r.p.TestFile    ... finished proof: closed. 
2178162    INFO  Test worker     d.u.i.k.p.r.RunAllProofsTestUnit Returning from test MethodContracts_fullmacro 
2178163    INFO  Test worker     d.u.i.k.p.r.RunAllProofsTestUnit Running test InformationFlow_fullmacro 
328        INFO  Timeout watchdog d.u.i.k.p.r.p.ForkedTestFileRunner Timeout watcher launched (1000 secs.) 
336        WARN  main            d.u.i.k.s.ProofSettings   The settings in /home/runner/.key/proof-settings.props are *not* read. 
357        DEBUG main            d.u.i.k.s.TermLabelSettings TermLabelSettings: Failure while reading the setting "UseOriginLabels".Using the default value: true.The string read was: null 
358        INFO  main            d.u.i.k.p.r.p.TestFile    Now processing file /home/runner/work/key/key/key.core/../key.ui/examples/InformationFlow/LoopInvariants/loop.IFLoopExamples(loop.IFLoopExamples__insecure_while_3(int)).Non-interference contract.0.m.key 
482        DEBUG main            d.u.i.k.p.i.KeYFile       Reading KeY file /home/runner/work/key/key/key.core/../key.ui/examples/InformationFlow/LoopInvariants/loop.IFLoopExamples(loop.IFLoopExamples__insecure_while_3(int)).Non-interference contract.0.m.key 
736        DEBUG main            d.u.i.k.p.i.KeYFile       Reading KeY file file:/home/runner/work/key/key/key.core/build/resources/main/de/uka/ilkd/key/proof/rules/standardRules.key 
772        DEBUG main            d.u.i.k.p.i.KeYFile       Reading KeY file file:/home/runner/work/key/key/key.core/build/resources/main/de/uka/ilkd/key/proof/rules/ldt.key 
776        DEBUG main            d.u.i.k.p.i.KeYFile       Reading KeY file file:/home/runner/work/key/key/key.core/build/resources/main/de/uka/ilkd/key/proof/rules/boolean.key 
790        DEBUG main            d.u.i.k.p.i.KeYFile       Reading KeY file file:/home/runner/work/key/key/key.core/build/resources/main/de/uka/ilkd/key/proof/rules/ruleSetsDeclarations.key 
816        DEBUG main            d.u.i.k.p.i.KeYFile       Reading KeY file file:/home/runner/work/key/key/key.core/build/resources/main/de/uka/ilkd/key/proof/rules/integerHeader.key 
822        DEBUG main            d.u.i.k.p.i.KeYFile       Reading KeY file file:/home/runner/work/key/key/key.core/build/resources/main/de/uka/ilkd/key/proof/rules/floatHeader.key 
824        DEBUG main            d.u.i.k.p.i.KeYFile       Reading KeY file file:/home/runner/work/key/key/key.core/build/resources/main/de/uka/ilkd/key/proof/rules/heap.key 
827        DEBUG main            d.u.i.k.p.i.KeYFile       Reading KeY file file:/home/runner/work/key/key/key.core/build/resources/main/de/uka/ilkd/key/proof/rules/locSets.key 
828        DEBUG main            d.u.i.k.p.i.KeYFile       Reading KeY file file:/home/runner/work/key/key/key.core/build/resources/main/de/uka/ilkd/key/proof/rules/permission.key 
829        DEBUG main            d.u.i.k.p.i.KeYFile       Reading KeY file file:/home/runner/work/key/key/key.core/build/resources/main/de/uka/ilkd/key/proof/rules/reach.key 
829        DEBUG main            d.u.i.k.p.i.KeYFile       Reading KeY file file:/home/runner/work/key/key/key.core/build/resources/main/de/uka/ilkd/key/proof/rules/seq.key 
830        DEBUG main            d.u.i.k.p.i.KeYFile       Reading KeY file file:/home/runner/work/key/key/key.core/build/resources/main/de/uka/ilkd/key/proof/rules/map.key 
891        DEBUG main            d.u.i.k.p.i.KeYFile       Reading KeY file file:/home/runner/work/key/key/key.core/build/resources/main/de/uka/ilkd/key/proof/rules/freeADT.key 
892        DEBUG main            d.u.i.k.p.i.KeYFile       Reading KeY file file:/home/runner/work/key/key/key.core/build/resources/main/de/uka/ilkd/key/proof/rules/wellfound.key 
893        DEBUG main            d.u.i.k.p.i.KeYFile       Reading KeY file file:/home/runner/work/key/key/key.core/build/resources/main/de/uka/ilkd/key/proof/rules/charListHeader.key 
1050       DEBUG main            d.u.i.k.p.i.KeYFile       Reading KeY file file:/home/runner/work/key/key/key.core/build/resources/main/de/uka/ilkd/key/proof/rules/propRule.key 
1075       DEBUG main            d.u.i.k.p.i.KeYFile       Reading KeY file file:/home/runner/work/key/key/key.core/build/resources/main/de/uka/ilkd/key/proof/rules/firstOrderRules.key 
1096       DEBUG main            d.u.i.k.p.i.KeYFile       Reading KeY file file:/home/runner/work/key/key/key.core/build/resources/main/de/uka/ilkd/key/proof/rules/ifThenElseRules.key 
1127       DEBUG main            d.u.i.k.p.i.KeYFile       Reading KeY file file:/home/runner/work/key/key/key.core/build/resources/main/de/uka/ilkd/key/proof/rules/formulaNormalisationRules.key 
1290       DEBUG main            d.u.i.k.p.i.KeYFile       Reading KeY file file:/home/runner/work/key/key/key.core/build/resources/main/de/uka/ilkd/key/proof/rules/updateRules.key 
1329       DEBUG main            d.u.i.k.p.i.KeYFile       Reading KeY file file:/home/runner/work/key/key/key.core/build/resources/main/de/uka/ilkd/key/proof/rules/integerRulesCommon.key 
1444       DEBUG main            d.u.i.k.p.i.KeYFile       Reading KeY file file:/home/runner/work/key/key/key.core/build/resources/main/de/uka/ilkd/key/proof/rules/intRules.key 
1489       DEBUG main            d.u.i.k.p.i.KeYFile       Reading KeY file file:/home/runner/work/key/key/key.core/build/resources/main/de/uka/ilkd/key/proof/rules/intRulesUncheckedSemantics.key 
1504       DEBUG main            d.u.i.k.p.i.KeYFile       Reading KeY file file:/home/runner/work/key/key/key.core/build/resources/main/de/uka/ilkd/key/proof/rules/intRulesCheckedSemantics.key 
1517       DEBUG main            d.u.i.k.p.i.KeYFile       Reading KeY file file:/home/runner/work/key/key/key.core/build/resources/main/de/uka/ilkd/key/proof/rules/intRulesJavaSemantics.key 
1536       DEBUG main            d.u.i.k.p.i.KeYFile       Reading KeY file file:/home/runner/work/key/key/key.core/build/resources/main/de/uka/ilkd/key/proof/rules/integerSimplificationRules.key 
1749       DEBUG main            d.u.i.k.j.TypeConverter   No LDT found for Meta 
1750       DEBUG main            d.u.i.k.j.TypeConverter   No LDT found for Meta 
1753       DEBUG main            d.u.i.k.j.TypeConverter   No LDT found for Meta 
1754       DEBUG main            d.u.i.k.j.TypeConverter   No LDT found for Meta 
1778       DEBUG main            d.u.i.k.p.i.KeYFile       Reading KeY file file:/home/runner/work/key/key/key.core/build/resources/main/de/uka/ilkd/key/proof/rules/intDiv.key 
1811       DEBUG main            d.u.i.k.p.i.KeYFile       Reading KeY file file:/home/runner/work/key/key/key.core/build/resources/main/de/uka/ilkd/key/proof/rules/bsum.key 
1911       DEBUG main            d.u.i.k.p.i.KeYFile       Reading KeY file file:/home/runner/work/key/key/key.core/build/resources/main/de/uka/ilkd/key/proof/rules/bprod.key 
1938       DEBUG main            d.u.i.k.p.i.KeYFile       Reading KeY file file:/home/runner/work/key/key/key.core/build/resources/main/de/uka/ilkd/key/proof/rules/binaryAxioms.key 
1944       DEBUG main            d.u.i.k.p.i.KeYFile       Reading KeY file file:/home/runner/work/key/key/key.core/build/resources/main/de/uka/ilkd/key/proof/rules/binaryLemmas.key 
1955       DEBUG main            d.u.i.k.p.i.KeYFile       Reading KeY file file:/home/runner/work/key/key/key.core/build/resources/main/de/uka/ilkd/key/proof/rules/intPow.key 
1971       DEBUG main            d.u.i.k.p.i.KeYFile       Reading KeY file file:/home/runner/work/key/key/key.core/build/resources/main/de/uka/ilkd/key/proof/rules/floatRulesCommon.key 
1994       DEBUG main            d.u.i.k.p.i.KeYFile       Reading KeY file file:/home/runner/work/key/key/key.core/build/resources/main/de/uka/ilkd/key/proof/rules/floatRules.key 
1996       DEBUG main            d.u.i.k.p.i.KeYFile       Reading KeY file file:/home/runner/work/key/key/key.core/build/resources/main/de/uka/ilkd/key/proof/rules/floatRulesVerifyNormal.key 
1997       DEBUG main            d.u.i.k.p.i.KeYFile       Reading KeY file file:/home/runner/work/key/key/key.core/build/resources/main/de/uka/ilkd/key/proof/rules/floatRulesAssumeStrictfp.key 
2037       DEBUG main            d.u.i.k.p.i.KeYFile       Reading KeY file file:/home/runner/work/key/key/key.core/build/resources/main/de/uka/ilkd/key/proof/rules/genericRules.key 
2053       DEBUG main            d.u.i.k.p.i.KeYFile       Reading KeY file file:/home/runner/work/key/key/key.core/build/resources/main/de/uka/ilkd/key/proof/rules/booleanRules.key 
2059       DEBUG main            d.u.i.k.p.i.KeYFile       Reading KeY file file:/home/runner/work/key/key/key.core/build/resources/main/de/uka/ilkd/key/proof/rules/epsilon.key 
2062       DEBUG main            d.u.i.k.p.i.KeYFile       Reading KeY file file:/home/runner/work/key/key/key.core/build/resources/main/de/uka/ilkd/key/proof/rules/locSetsRules.key 
2139       DEBUG main            d.u.i.k.p.i.KeYFile       Reading KeY file file:/home/runner/work/key/key/key.core/build/resources/main/de/uka/ilkd/key/proof/rules/heapRules.key 
2179       DEBUG main            d.u.i.k.p.i.KeYFile       Reading KeY file file:/home/runner/work/key/key/key.core/build/resources/main/de/uka/ilkd/key/proof/rules/permissionRules.key 
2196       DEBUG main            d.u.i.k.p.i.KeYFile       Reading KeY file file:/home/runner/work/key/key/key.core/build/resources/main/de/uka/ilkd/key/proof/rules/reachRules.key 
2245       DEBUG main            d.u.i.k.p.i.KeYFile       Reading KeY file file:/home/runner/work/key/key/key.core/build/resources/main/de/uka/ilkd/key/proof/rules/seqCoreRules.key 
2253       DEBUG main            d.u.i.k.p.i.KeYFile       Reading KeY file file:/home/runner/work/key/key/key.core/build/resources/main/de/uka/ilkd/key/proof/rules/seqRules.key 
2288       DEBUG main            d.u.i.k.p.i.KeYFile       Reading KeY file file:/home/runner/work/key/key/key.core/build/resources/main/de/uka/ilkd/key/proof/rules/seqPerm.key 
2315       DEBUG main            d.u.i.k.p.i.KeYFile       Reading KeY file file:/home/runner/work/key/key/key.core/build/resources/main/de/uka/ilkd/key/proof/rules/seqPerm2.key 
2320       DEBUG main            d.u.i.k.p.i.KeYFile       Reading KeY file file:/home/runner/work/key/key/key.core/build/resources/main/de/uka/ilkd/key/proof/rules/javaRules.key 
2426       DEBUG main            d.u.i.k.p.i.KeYFile       Reading KeY file file:/home/runner/work/key/key/key.core/build/resources/main/de/uka/ilkd/key/proof/rules/assertions.key 
2843       DEBUG main            d.u.i.k.p.i.KeYFile       Reading KeY file file:/home/runner/work/key/key/key.core/build/resources/main/de/uka/ilkd/key/proof/rules/loopRules.key 
2853       DEBUG main            d.u.i.k.p.i.KeYFile       Reading KeY file file:/home/runner/work/key/key/key.core/build/resources/main/de/uka/ilkd/key/proof/rules/activeUse.key 
2948       DEBUG main            d.u.i.k.p.i.KeYFile       Reading KeY file file:/home/runner/work/key/key/key.core/build/resources/main/de/uka/ilkd/key/proof/rules/instanceAllocation.key 
2966       DEBUG main            d.u.i.k.p.i.KeYFile       Reading KeY file file:/home/runner/work/key/key/key.core/build/resources/main/de/uka/ilkd/key/proof/rules/java5.key 
2969       DEBUG main            d.u.i.k.p.i.KeYFile       Reading KeY file file:/home/runner/work/key/key/key.core/build/resources/main/de/uka/ilkd/key/proof/rules/integerAssignment2UpdateRules.key 
3012       DEBUG main            d.u.i.k.p.i.KeYFile       Reading KeY file file:/home/runner/work/key/key/key.core/build/resources/main/de/uka/ilkd/key/proof/rules/floatAssignment2UpdateRules.key 
3045       DEBUG main            d.u.i.k.p.i.KeYFile       Reading KeY file file:/home/runner/work/key/key/key.core/build/resources/main/de/uka/ilkd/key/proof/rules/bigint.key 
3058       DEBUG main            d.u.i.k.j.TypeConverter   No LDT found for JavaBigintExpression 
3061       DEBUG main            d.u.i.k.p.i.KeYFile       Reading KeY file file:/home/runner/work/key/key/key.core/build/resources/main/de/uka/ilkd/key/proof/rules/adtProgramDecompositionRules.key 
3081       DEBUG main            d.u.i.k.p.i.KeYFile       Reading KeY file file:/home/runner/work/key/key/key.core/build/resources/main/de/uka/ilkd/key/proof/rules/precRules.key 
3085       DEBUG main            d.u.i.k.p.i.KeYFile       Reading KeY file file:/home/runner/work/key/key/key.core/build/resources/main/de/uka/ilkd/key/proof/rules/charListRules.key 
3099       DEBUG main            d.u.i.k.p.i.KeYFile       Reading KeY file file:/home/runner/work/key/key/key.core/build/resources/main/de/uka/ilkd/key/proof/rules/regExTheory.key 
3100       DEBUG main            d.u.i.k.p.i.KeYFile       Reading KeY file file:/home/runner/work/key/key/key.core/build/resources/main/de/uka/ilkd/key/proof/rules/regExHeader.key 
3102       DEBUG main            d.u.i.k.p.i.KeYFile       Reading KeY file file:/home/runner/work/key/key/key.core/build/resources/main/de/uka/ilkd/key/proof/rules/regExAxioms.key 
3106       DEBUG main            d.u.i.k.p.i.KeYFile       Reading KeY file file:/home/runner/work/key/key/key.core/build/resources/main/de/uka/ilkd/key/proof/rules/regExLemmaProven.key 
3112       DEBUG main            d.u.i.k.p.i.KeYFile       Reading KeY file file:/home/runner/work/key/key/key.core/build/resources/main/de/uka/ilkd/key/proof/rules/seqEq.key 
3119       DEBUG main            d.u.i.k.p.i.KeYFile       Reading KeY file file:/home/runner/work/key/key/key.core/build/resources/main/de/uka/ilkd/key/proof/rules/infFlow.key 
3126       DEBUG main            d.u.i.k.p.i.KeYFile       Reading KeY file file:/home/runner/work/key/key/key.core/build/resources/main/de/uka/ilkd/key/proof/rules/mapSize.key 
3130       DEBUG main            d.u.i.k.p.i.KeYFile       Reading KeY file file:/home/runner/work/key/key/key.core/build/resources/main/de/uka/ilkd/key/proof/rules/wd.key 
3133       DEBUG main            d.u.i.k.p.i.KeYFile       Reading KeY file file:/home/runner/work/key/key/key.core/build/resources/main/de/uka/ilkd/key/proof/rules/wdHeader.key 
3135       DEBUG main            d.u.i.k.p.i.KeYFile       Reading KeY file file:/home/runner/work/key/key/key.core/build/resources/main/de/uka/ilkd/key/proof/rules/wdGeneralRules.key 
3140       DEBUG main            d.u.i.k.p.i.KeYFile       Reading KeY file file:/home/runner/work/key/key/key.core/build/resources/main/de/uka/ilkd/key/proof/rules/wdNumericalRules.key 
3162       DEBUG main            d.u.i.k.p.i.KeYFile       Reading KeY file file:/home/runner/work/key/key/key.core/build/resources/main/de/uka/ilkd/key/proof/rules/wdLocSetRules.key 
3205       DEBUG main            d.u.i.k.p.i.KeYFile       Reading KeY file file:/home/runner/work/key/key/key.core/build/resources/main/de/uka/ilkd/key/proof/rules/wdHeapRules.key 
3209       DEBUG main            d.u.i.k.p.i.KeYFile       Reading KeY file file:/home/runner/work/key/key/key.core/build/resources/main/de/uka/ilkd/key/proof/rules/wdReachRules.key 
3211       DEBUG main            d.u.i.k.p.i.KeYFile       Reading KeY file file:/home/runner/work/key/key/key.core/build/resources/main/de/uka/ilkd/key/proof/rules/wdSeqRules.key 
3214       DEBUG main            d.u.i.k.p.i.KeYFile       Reading KeY file file:/home/runner/work/key/key/key.core/build/resources/main/de/uka/ilkd/key/proof/rules/wdStringRules.key 
3217       DEBUG main            d.u.i.k.p.i.KeYFile       Reading KeY file file:/home/runner/work/key/key/key.core/build/resources/main/de/uka/ilkd/key/proof/rules/wdRegExRules.key 
3220       DEBUG main            d.u.i.k.p.i.KeYFile       Reading KeY file file:/home/runner/work/key/key/key.core/build/resources/main/de/uka/ilkd/key/proof/rules/wdFormulaRules.key 
3235       DEBUG main            d.u.i.k.p.i.KeYFile       Reading KeY file file:/home/runner/work/key/key/key.core/build/resources/main/de/uka/ilkd/key/proof/rules/loopInvariantRules.key 
3238       DEBUG main            d.u.i.k.p.i.KeYFile       Reading KeY file file:/home/runner/work/key/key/key.core/build/resources/main/de/uka/ilkd/key/proof/rules/forLoopRules.key 
3241       DEBUG main            d.u.i.k.p.i.KeYFile       Reading KeY file file:/home/runner/work/key/key/key.core/build/resources/main/de/uka/ilkd/key/proof/rules/execRules.key 
3320       DEBUG main            d.u.i.k.p.i.KeYFile       Reading KeY file file:/home/runner/work/key/key/key.core/build/resources/main/de/uka/ilkd/key/proof/rules/loopScopeRules.key 
5943       DEBUG main            d.u.i.k.j.Recoder2KeY     converting now /home/runner/work/key/key/key.core/../key.ui/examples/InformationFlow/LoopInvariants/src/loop/IFLoopExamples.java 
6008       DEBUG main            d.u.i.k.s.TermLabelSettings TermLabelSettings: Failure while reading the setting "UseOriginLabels".Using the default value: true.The string read was: null 
6023       DEBUG main            d.u.i.k.p.i.KeYFile       Reading KeY file file:/home/runner/work/key/key/key.core/build/resources/main/de/uka/ilkd/key/java/JavaRedux/java/lang/String.key 
8594       DEBUG main            d.u.i.k.p.i.KeYFile       Reading KeY file /home/runner/work/key/key/key.core/../key.ui/examples/InformationFlow/LoopInvariants/loop.IFLoopExamples(loop.IFLoopExamples__insecure_while_3(int)).Non-interference contract.0.m.key 
8658       DEBUG main            d.u.i.k.m.s.ProofScriptEngine 1: 'macro 'infflow-autopilot'' 
9002       DEBUG main            d.u.i.k.p.m.ProofCorrectnessMgt No justification found for rule Class_invariant_axiom_for_loop_IFLoopExamples 
9042       DEBUG main            d.u.i.k.j.TypeConverter   typeconverter: (prefix this;, class class de.uka.ilkd.key.java.reference.ThisReference) 
9089       DEBUG main            d.u.i.k.j.TypeConverter   typeconverter: (prefix this;, class class de.uka.ilkd.key.java.reference.ThisReference) 
9154       DEBUG main            d.u.i.k.r.m.WhileLoopTransformation While-Loop-Tranform-Result: try {
  {
    if (_x > 0) {
      this.low = this.low + 1;
      _x = _x - 1;
    }
  }
} catch (java.lang.Throwable e#4) {
  exc#3 = true;
  thrownExc#5 = e#4;
} 
9436       DEBUG main            d.u.i.k.j.TypeConverter   typeconverter: (prefix this;, class class de.uka.ilkd.key.java.reference.ThisReference) 
9532       DEBUG main            d.u.i.k.j.TypeConverter   typeconverter: (prefix this;, class class de.uka.ilkd.key.java.reference.ThisReference) 
9834       DEBUG main            d.u.i.k.j.TypeConverter   typeconverter: (prefix this;, class class de.uka.ilkd.key.java.reference.ThisReference) 
10164      DEBUG main            d.u.i.k.j.TypeConverter   typeconverter: (prefix this;, class class de.uka.ilkd.key.java.reference.ThisReference) 
10180      DEBUG main            d.u.i.k.j.TypeConverter   typeconverter: (prefix this;, class class de.uka.ilkd.key.java.reference.ThisReference) 
10199      DEBUG main            d.u.i.k.j.TypeConverter   typeconverter: (prefix this;, class class de.uka.ilkd.key.java.reference.ThisReference) 
10660      DEBUG main            d.u.i.k.j.TypeConverter   typeconverter: (prefix this;, class class de.uka.ilkd.key.java.reference.ThisReference) 
10676      DEBUG main            d.u.i.k.j.TypeConverter   typeconverter: (prefix this;, class class de.uka.ilkd.key.java.reference.ThisReference) 
14194      INFO  main            d.u.i.k.p.r.p.TestFile    ... finished proof: open goal(s) 
14387      DEBUG main            d.u.i.k.s.TermLabelSettings TermLabelSettings: Failure while reading the setting "UseOriginLabels".Using the default value: true.The string read was: null 
14388      INFO  main            d.u.i.k.p.r.p.TestFile    Now processing file /home/runner/work/key/key/key.core/../key.ui/examples/InformationFlow/LoopInvariants/loop.IFLoopExamples(loop.IFLoopExamples__secure_while_2(int)).Non-interference contract.0.m.key 
14389      DEBUG main            d.u.i.k.p.i.KeYFile       Reading KeY file /home/runner/work/key/key/key.core/../key.ui/examples/InformationFlow/LoopInvariants/loop.IFLoopExamples(loop.IFLoopExamples__secure_while_2(int)).Non-interference contract.0.m.key 
15478      DEBUG main            d.u.i.k.j.Recoder2KeY     converting now /home/runner/work/key/key/key.core/../key.ui/examples/InformationFlow/LoopInvariants/src/loop/IFLoopExamples.java 
15487      DEBUG main            d.u.i.k.s.TermLabelSettings TermLabelSettings: Failure while reading the setting "UseOriginLabels".Using the default value: true.The string read was: null 
15489      DEBUG main            d.u.i.k.p.i.KeYFile       Reading KeY file file:/home/runner/work/key/key/key.core/build/resources/main/de/uka/ilkd/key/java/JavaRedux/java/lang/String.key 
17554      DEBUG main            d.u.i.k.p.i.KeYFile       Reading KeY file /home/runner/work/key/key/key.core/../key.ui/examples/InformationFlow/LoopInvariants/loop.IFLoopExamples(loop.IFLoopExamples__secure_while_2(int)).Non-interference contract.0.m.key 
17555      DEBUG main            d.u.i.k.m.s.ProofScriptEngine 1: 'macro 'infflow-autopilot'' 
17605      DEBUG main            d.u.i.k.p.m.ProofCorrectnessMgt No justification found for rule Class_invariant_axiom_for_loop_IFLoopExamples 
17615      DEBUG main            d.u.i.k.j.TypeConverter   typeconverter: (prefix this;, class class de.uka.ilkd.key.java.reference.ThisReference) 
17624      DEBUG main            d.u.i.k.j.TypeConverter   typeconverter: (prefix this;, class class de.uka.ilkd.key.java.reference.ThisReference) 
17647      DEBUG main            d.u.i.k.r.m.WhileLoopTransformation While-Loop-Tranform-Result: try {
  {
    if (_x > 0) {
      this.low = this.low + 1;
      _x = _x - 1;
    }
  }
} catch (java.lang.Throwable e#4) {
  exc#3 = true;
  thrownExc#5 = e#4;
} 
17760      DEBUG main            d.u.i.k.j.TypeConverter   typeconverter: (prefix this;, class class de.uka.ilkd.key.java.reference.ThisReference) 
17800      DEBUG main            d.u.i.k.j.TypeConverter   typeconverter: (prefix this;, class class de.uka.ilkd.key.java.reference.ThisReference) 
18117      DEBUG main            d.u.i.k.j.TypeConverter   typeconverter: (prefix this;, class class de.uka.ilkd.key.java.reference.ThisReference) 
18127      DEBUG main            d.u.i.k.j.TypeConverter   typeconverter: (prefix this;, class class de.uka.ilkd.key.java.reference.ThisReference) 
18139      DEBUG main            d.u.i.k.j.TypeConverter   typeconverter: (prefix this;, class class de.uka.ilkd.key.java.reference.ThisReference) 
18150      DEBUG main            d.u.i.k.j.TypeConverter   typeconverter: (prefix this;, class class de.uka.ilkd.key.java.reference.ThisReference) 
18970      INFO  main            d.u.i.k.p.r.p.TestFile    ... finished proof: closed. 
19155      DEBUG main            d.u.i.k.s.TermLabelSettings TermLabelSettings: Failure while reading the setting "UseOriginLabels".Using the default value: true.The string read was: null 
19155      INFO  main            d.u.i.k.p.r.p.TestFile    Now processing file /home/runner/work/key/key/key.core/../key.ui/examples/InformationFlow/LoopInvariants/loop.IFLoopExamples(loop.IFLoopExamples__secure_while_4(int)).Non-interference contract.0.m.key 
19158      DEBUG main            d.u.i.k.p.i.KeYFile       Reading KeY file /home/runner/work/key/key/key.core/../key.ui/examples/InformationFlow/LoopInvariants/loop.IFLoopExamples(loop.IFLoopExamples__secure_while_4(int)).Non-interference contract.0.m.key 
20204      DEBUG main            d.u.i.k.j.Recoder2KeY     converting now /home/runner/work/key/key/key.core/../key.ui/examples/InformationFlow/LoopInvariants/src/loop/IFLoopExamples.java 
20212      DEBUG main            d.u.i.k.s.TermLabelSettings TermLabelSettings: Failure while reading the setting "UseOriginLabels".Using the default value: true.The string read was: null 
20213      DEBUG main            d.u.i.k.p.i.KeYFile       Reading KeY file file:/home/runner/work/key/key/key.core/build/resources/main/de/uka/ilkd/key/java/JavaRedux/java/lang/String.key 
22190      DEBUG main            d.u.i.k.p.i.KeYFile       Reading KeY file /home/runner/work/key/key/key.core/../key.ui/examples/InformationFlow/LoopInvariants/loop.IFLoopExamples(loop.IFLoopExamples__secure_while_4(int)).Non-interference contract.0.m.key 
22190      DEBUG main            d.u.i.k.m.s.ProofScriptEngine 1: 'macro 'infflow-autopilot'' 
22233      DEBUG main            d.u.i.k.p.m.ProofCorrectnessMgt No justification found for rule Class_invariant_axiom_for_loop_IFLoopExamples 
22240      DEBUG main            d.u.i.k.j.TypeConverter   typeconverter: (prefix this;, class class de.uka.ilkd.key.java.reference.ThisReference) 
22247      DEBUG main            d.u.i.k.j.TypeConverter   typeconverter: (prefix this;, class class de.uka.ilkd.key.java.reference.ThisReference) 
22264      DEBUG main            d.u.i.k.r.m.WhileLoopTransformation While-Loop-Tranform-Result: try {
  {
    if (_x > 0) {
      this.low = this.low + 1;
      _x = _x - 1;
    }
  }
} catch (java.lang.Throwable e#4) {
  exc#3 = true;
  thrownExc#5 = e#4;
} 
22348      DEBUG main            d.u.i.k.j.TypeConverter   typeconverter: (prefix this;, class class de.uka.ilkd.key.java.reference.ThisReference) 
22379      DEBUG main            d.u.i.k.j.TypeConverter   typeconverter: (prefix this;, class class de.uka.ilkd.key.java.reference.ThisReference) 
22683      DEBUG main            d.u.i.k.j.TypeConverter   typeconverter: (prefix this;, class class de.uka.ilkd.key.java.reference.ThisReference) 
22692      DEBUG main            d.u.i.k.j.TypeConverter   typeconverter: (prefix this;, class class de.uka.ilkd.key.java.reference.ThisReference) 
22703      DEBUG main            d.u.i.k.j.TypeConverter   typeconverter: (prefix this;, class class de.uka.ilkd.key.java.reference.ThisReference) 
22714      DEBUG main            d.u.i.k.j.TypeConverter   typeconverter: (prefix this;, class class de.uka.ilkd.key.java.reference.ThisReference) 
23508      INFO  main            d.u.i.k.p.r.p.TestFile    ... finished proof: closed. 
23717      DEBUG main            d.u.i.k.s.TermLabelSettings TermLabelSettings: Failure while reading the setting "UseOriginLabels".Using the default value: true.The string read was: null 
23718      INFO  main            d.u.i.k.p.r.p.TestFile    Now processing file /home/runner/work/key/key/key.core/../key.ui/examples/InformationFlow/LoopInvariants/loop.IFLoopExamples(loop.IFLoopExamples__insecure_doubleNestedWhile2(int)).Non-interference contract.0.m.key 
23718      DEBUG main            d.u.i.k.p.i.KeYFile       Reading KeY file /home/runner/work/key/key/key.core/../key.ui/examples/InformationFlow/LoopInvariants/loop.IFLoopExamples(loop.IFLoopExamples__insecure_doubleNestedWhile2(int)).Non-interference contract.0.m.key 
24674      DEBUG main            d.u.i.k.j.Recoder2KeY     converting now /home/runner/work/key/key/key.core/../key.ui/examples/InformationFlow/LoopInvariants/src/loop/IFLoopExamples.java 
24681      DEBUG main            d.u.i.k.s.TermLabelSettings TermLabelSettings: Failure while reading the setting "UseOriginLabels".Using the default value: true.The string read was: null 
24682      DEBUG main            d.u.i.k.p.i.KeYFile       Reading KeY file file:/home/runner/work/key/key/key.core/build/resources/main/de/uka/ilkd/key/java/JavaRedux/java/lang/String.key 
26611      DEBUG main            d.u.i.k.p.i.KeYFile       Reading KeY file /home/runner/work/key/key/key.core/../key.ui/examples/InformationFlow/LoopInvariants/loop.IFLoopExamples(loop.IFLoopExamples__insecure_doubleNestedWhile2(int)).Non-interference contract.0.m.key 
26611      DEBUG main            d.u.i.k.m.s.ProofScriptEngine 1: 'macro 'infflow-autopilot'' 
26652      DEBUG main            d.u.i.k.p.m.ProofCorrectnessMgt No justification found for rule Class_invariant_axiom_for_loop_IFLoopExamples 
26658      DEBUG main            d.u.i.k.r.m.WhileLoopTransformation While-Loop-Tranform-Result: try {
  {
    if (_x > 0) {
      this.low = this.low + 1;
      _x = _x - 1;
      while (_x > 0) {
        this.low = this.low + 1;
        _x = _x - 1;
        while (_x > 0) {
          this.low = this.low + 1;
          _x = _x - 1;
        }
      }
    }
  }
} catch (java.lang.Throwable e#4) {
  exc#3 = true;
  thrownExc#5 = e#4;
} 
26852      DEBUG main            d.u.i.k.j.TypeConverter   typeconverter: (prefix this;, class class de.uka.ilkd.key.java.reference.ThisReference) 
26854      DEBUG main            d.u.i.k.j.TypeConverter   typeconverter: (prefix this;, class class de.uka.ilkd.key.java.reference.ThisReference) 
27007      DEBUG main            d.u.i.k.j.TypeConverter   typeconverter: (prefix this;, class class de.uka.ilkd.key.java.reference.ThisReference) 
27016      DEBUG main            d.u.i.k.j.TypeConverter   typeconverter: (prefix this;, class class de.uka.ilkd.key.java.reference.ThisReference) 
27079      DEBUG main            d.u.i.k.r.m.WhileLoopTransformation While-Loop-Tranform-Result: try {
  {
    if (_x > 0) {
      this.low = this.low + 1;
      _x = _x - 1;
      while (_x > 0) {
        this.low = this.low + 1;
        _x = _x - 1;
      }
    }
  }
} catch (java.lang.Throwable e#26) {
  exc#25 = true;
  thrownExc#27 = e#26;
} 
27310      DEBUG main            d.u.i.k.r.m.WhileLoopTransformation While-Loop-Tranform-Result: try {
  {
    if (_x > 0) {
      this.low = this.low + 1;
      _x = _x - 1;
      while (_x > 0) {
        this.low = this.low + 1;
        _x = _x - 1;
      }
    }
  }
} catch (java.lang.Throwable e#48) {
  exc#47 = true;
  thrownExc#49 = e#48;
} 
27842      DEBUG main            d.u.i.k.j.TypeConverter   typeconverter: (prefix this;, class class de.uka.ilkd.key.java.reference.ThisReference) 
27998      DEBUG main            d.u.i.k.j.TypeConverter   typeconverter: (prefix this;, class class de.uka.ilkd.key.java.reference.ThisReference) 
28008      DEBUG main            d.u.i.k.j.TypeConverter   typeconverter: (prefix this;, class class de.uka.ilkd.key.java.reference.ThisReference) 
28019      DEBUG main            d.u.i.k.j.TypeConverter   typeconverter: (prefix this;, class class de.uka.ilkd.key.java.reference.ThisReference) 
28059      DEBUG main            d.u.i.k.r.m.WhileLoopTransformation While-Loop-Tranform-Result: try {
  {
    if (_x > 0) {
      this.low = this.low + 1;
      _x = _x - 1;
    }
  }
} catch (java.lang.Throwable e#70) {
  exc#69 = true;
  thrownExc#71 = e#70;
} 
28227      DEBUG main            d.u.i.k.r.m.WhileLoopTransformation While-Loop-Tranform-Result: try {
  {
    if (_x > 0) {
      this.low = this.low + 1;
      _x = _x - 1;
    }
  }
} catch (java.lang.Throwable e#92) {
  exc#91 = true;
  thrownExc#93 = e#92;
} 
28331      DEBUG main            d.u.i.k.j.TypeConverter   typeconverter: (prefix this;, class class de.uka.ilkd.key.java.reference.ThisReference) 
28372      DEBUG main            d.u.i.k.j.TypeConverter   typeconverter: (prefix this;, class class de.uka.ilkd.key.java.reference.ThisReference) 
28409      DEBUG main            d.u.i.k.r.m.WhileLoopTransformation While-Loop-Tranform-Result: try {
  {
    if (_x > 0) {
      this.low = this.low + 1;
      _x = _x - 1;
      while (_x > 0) {
        this.low = this.low + 1;
        _x = _x - 1;
      }
    }
  }
} catch (java.lang.Throwable e#4) {
  exc#3 = true;
  thrownExc#5 = e#4;
} 
28855      DEBUG main            d.u.i.k.j.TypeConverter   typeconverter: (prefix this;, class class de.uka.ilkd.key.java.reference.ThisReference) 
28865      DEBUG main            d.u.i.k.j.TypeConverter   typeconverter: (prefix this;, class class de.uka.ilkd.key.java.reference.ThisReference) 
28876      DEBUG main            d.u.i.k.j.TypeConverter   typeconverter: (prefix this;, class class de.uka.ilkd.key.java.reference.ThisReference) 
28887      DEBUG main            d.u.i.k.j.TypeConverter   typeconverter: (prefix this;, class class de.uka.ilkd.key.java.reference.ThisReference) 
28916      DEBUG main            d.u.i.k.r.m.WhileLoopTransformation While-Loop-Tranform-Result: try {
  {
    if (_x > 0) {
      this.low = this.low + 1;
      _x = _x - 1;
    }
  }
} catch (java.lang.Throwable e#26) {
  exc#25 = true;
  thrownExc#27 = e#26;
} 
29080      DEBUG main            d.u.i.k.r.m.WhileLoopTransformation While-Loop-Tranform-Result: try {
  {
    if (_x > 0) {
      this.low = this.low + 1;
      _x = _x - 1;
    }
  }
} catch (java.lang.Throwable e#48) {
  exc#47 = true;
  thrownExc#49 = e#48;
} 
29932      DEBUG main            d.u.i.k.j.TypeConverter   typeconverter: (prefix this;, class class de.uka.ilkd.key.java.reference.ThisReference) 
30132      DEBUG main            d.u.i.k.j.TypeConverter   typeconverter: (prefix this;, class class de.uka.ilkd.key.java.reference.ThisReference) 
30173      DEBUG main            d.u.i.k.j.TypeConverter   typeconverter: (prefix this;, class class de.uka.ilkd.key.java.reference.ThisReference) 
30202      DEBUG main            d.u.i.k.r.m.WhileLoopTransformation While-Loop-Tranform-Result: try {
  {
    if (_x > 0) {
      this.low = this.low + 1;
      _x = _x - 1;
    }
  }
} catch (java.lang.Throwable e#4) {
  exc#3 = true;
  thrownExc#5 = e#4;
} 
30432      DEBUG main            d.u.i.k.j.TypeConverter   typeconverter: (prefix this;, class class de.uka.ilkd.key.java.reference.ThisReference) 
30433      DEBUG main            d.u.i.k.j.TypeConverter   typeconverter: (prefix this;, class class de.uka.ilkd.key.java.reference.ThisReference) 
30575      DEBUG main            d.u.i.k.j.TypeConverter   typeconverter: (prefix this;, class class de.uka.ilkd.key.java.reference.ThisReference) 
30581      DEBUG main            d.u.i.k.j.TypeConverter   typeconverter: (prefix this;, class class de.uka.ilkd.key.java.reference.ThisReference) 
250181     INFO  main            d.u.i.k.p.r.p.TestFile    ... finished proof: open goal(s) 
250482     DEBUG main            d.u.i.k.s.TermLabelSettings TermLabelSettings: Failure while reading the setting "UseOriginLabels".Using the default value: true.The string read was: null 
250482     INFO  main            d.u.i.k.p.r.p.TestFile    Now processing file /home/runner/work/key/key/key.core/../key.ui/examples/InformationFlow/LoopInvariants/loop.IFLoopExamples(loop.IFLoopExamples__insecure_doubleNestedWhile(int)).Non-interference contract.0.m.key 
250482     DEBUG main            d.u.i.k.p.i.KeYFile       Reading KeY file /home/runner/work/key/key/key.core/../key.ui/examples/InformationFlow/LoopInvariants/loop.IFLoopExamples(loop.IFLoopExamples__insecure_doubleNestedWhile(int)).Non-interference contract.0.m.key 
251467     DEBUG main            d.u.i.k.j.Recoder2KeY     converting now /home/runner/work/key/key/key.core/../key.ui/examples/InformationFlow/LoopInvariants/src/loop/IFLoopExamples.java 
251473     DEBUG main            d.u.i.k.s.TermLabelSettings TermLabelSettings: Failure while reading the setting "UseOriginLabels".Using the default value: true.The string read was: null 
251474     DEBUG main            d.u.i.k.p.i.KeYFile       Reading KeY file file:/home/runner/work/key/key/key.core/build/resources/main/de/uka/ilkd/key/java/JavaRedux/java/lang/String.key 
253333     DEBUG main            d.u.i.k.p.i.KeYFile       Reading KeY file /home/runner/work/key/key/key.core/../key.ui/examples/InformationFlow/LoopInvariants/loop.IFLoopExamples(loop.IFLoopExamples__insecure_doubleNestedWhile(int)).Non-interference contract.0.m.key 
253334     DEBUG main            d.u.i.k.m.s.ProofScriptEngine 1: 'macro 'infflow-autopilot'' 
253372     DEBUG main            d.u.i.k.p.m.ProofCorrectnessMgt No justification found for rule Class_invariant_axiom_for_loop_IFLoopExamples 
253392     DEBUG main            d.u.i.k.r.m.WhileLoopTransformation While-Loop-Tranform-Result: try {
  {
    if (_x > 0) {
      this.low = this.low + 1;
      _x = _x - 1;
      while (_x > 0) {
        this.low = this.low + 1;
        _x = _x - 1;
        while (_x > 0) {
          this.low = this.low + 1;
          _x = _x - 1;
        }
      }
    }
  }
} catch (java.lang.Throwable e#4) {
  exc#3 = true;
  thrownExc#5 = e#4;
} 
253557     DEBUG main            d.u.i.k.j.TypeConverter   typeconverter: (prefix this;, class class de.uka.ilkd.key.java.reference.ThisReference) 
253559     DEBUG main            d.u.i.k.j.TypeConverter   typeconverter: (prefix this;, class class de.uka.ilkd.key.java.reference.ThisReference) 
253741     DEBUG main            d.u.i.k.j.TypeConverter   typeconverter: (prefix this;, class class de.uka.ilkd.key.java.reference.ThisReference) 
253750     DEBUG main            d.u.i.k.j.TypeConverter   typeconverter: (prefix this;, class class de.uka.ilkd.key.java.reference.ThisReference) 
253810     DEBUG main            d.u.i.k.r.m.WhileLoopTransformation While-Loop-Tranform-Result: try {
  {
    if (_x > 0) {
      this.low = this.low + 1;
      _x = _x - 1;
      while (_x > 0) {
        this.low = this.low + 1;
        _x = _x - 1;
      }
    }
  }
} catch (java.lang.Throwable e#26) {
  exc#25 = true;
  thrownExc#27 = e#26;
} 
254013     DEBUG main            d.u.i.k.r.m.WhileLoopTransformation While-Loop-Tranform-Result: try {
  {
    if (_x > 0) {
      this.low = this.low + 1;
      _x = _x - 1;
      while (_x > 0) {
        this.low = this.low + 1;
        _x = _x - 1;
      }
    }
  }
} catch (java.lang.Throwable e#48) {
  exc#47 = true;
  thrownExc#49 = e#48;
} 
254437     DEBUG main            d.u.i.k.j.TypeConverter   typeconverter: (prefix this;, class class de.uka.ilkd.key.java.reference.ThisReference) 
254572     DEBUG main            d.u.i.k.j.TypeConverter   typeconverter: (prefix this;, class class de.uka.ilkd.key.java.reference.ThisReference) 
254580     DEBUG main            d.u.i.k.j.TypeConverter   typeconverter: (prefix this;, class class de.uka.ilkd.key.java.reference.ThisReference) 
254604     DEBUG main            d.u.i.k.j.TypeConverter   typeconverter: (prefix this;, class class de.uka.ilkd.key.java.reference.ThisReference) 
254671     DEBUG main            d.u.i.k.r.m.WhileLoopTransformation While-Loop-Tranform-Result: try {
  {
    if (_x > 0) {
      this.low = this.low + 1;
      _x = _x - 1;
    }
  }
} catch (java.lang.Throwable e#70) {
  exc#69 = true;
  thrownExc#71 = e#70;
} 
254846     DEBUG main            d.u.i.k.r.m.WhileLoopTransformation While-Loop-Tranform-Result: try {
  {
    if (_x > 0) {
      this.low = this.low + 1;
      _x = _x - 1;
    }
  }
} catch (java.lang.Throwable e#92) {
  exc#91 = true;
  thrownExc#93 = e#92;
} 
254934     DEBUG main            d.u.i.k.j.TypeConverter   typeconverter: (prefix this;, class class de.uka.ilkd.key.java.reference.ThisReference) 
254970     DEBUG main            d.u.i.k.j.TypeConverter   typeconverter: (prefix this;, class class de.uka.ilkd.key.java.reference.ThisReference) 
254999     DEBUG main            d.u.i.k.r.m.WhileLoopTransformation While-Loop-Tranform-Result: try {
  {
    if (_x > 0) {
      this.low = this.low + 1;
      _x = _x - 1;
      while (_x > 0) {
        this.low = this.low + 1;
        _x = _x - 1;
      }
    }
  }
} catch (java.lang.Throwable e#4) {
  exc#3 = true;
  thrownExc#5 = e#4;
} 
255212     DEBUG main            d.u.i.k.j.TypeConverter   typeconverter: (prefix this;, class class de.uka.ilkd.key.java.reference.ThisReference) 
255214     DEBUG main            d.u.i.k.j.TypeConverter   typeconverter: (prefix this;, class class de.uka.ilkd.key.java.reference.ThisReference) 
255355     DEBUG main            d.u.i.k.j.TypeConverter   typeconverter: (prefix this;, class class de.uka.ilkd.key.java.reference.ThisReference) 
255363     DEBUG main            d.u.i.k.j.TypeConverter   typeconverter: (prefix this;, class class de.uka.ilkd.key.java.reference.ThisReference) 
255414     DEBUG main            d.u.i.k.r.m.WhileLoopTransformation While-Loop-Tranform-Result: try {
  {
    if (_x > 0) {
      this.low = this.low + 1;
      _x = _x - 1;
    }
  }
} catch (java.lang.Throwable e#26) {
  exc#25 = true;
  thrownExc#27 = e#26;
} 
255651     DEBUG main            d.u.i.k.r.m.WhileLoopTransformation While-Loop-Tranform-Result: try {
  {
    if (_x > 0) {
      this.low = this.low + 1;
      _x = _x - 1;
    }
  }
} catch (java.lang.Throwable e#48) {
  exc#47 = true;
  thrownExc#49 = e#48;
} 
256064     DEBUG main            d.u.i.k.j.TypeConverter   typeconverter: (prefix this;, class class de.uka.ilkd.key.java.reference.ThisReference) 
256196     DEBUG main            d.u.i.k.j.TypeConverter   typeconverter: (prefix this;, class class de.uka.ilkd.key.java.reference.ThisReference) 
256202     DEBUG main            d.u.i.k.j.TypeConverter   typeconverter: (prefix this;, class class de.uka.ilkd.key.java.reference.ThisReference) 
256223     DEBUG main            d.u.i.k.j.TypeConverter   typeconverter: (prefix this;, class class de.uka.ilkd.key.java.reference.ThisReference) 
256450     DEBUG main            d.u.i.k.j.TypeConverter   typeconverter: (prefix this;, class class de.uka.ilkd.key.java.reference.ThisReference) 
256484     DEBUG main            d.u.i.k.j.TypeConverter   typeconverter: (prefix this;, class class de.uka.ilkd.key.java.reference.ThisReference) 
256509     DEBUG main            d.u.i.k.r.m.WhileLoopTransformation While-Loop-Tranform-Result: try {
  {
    if (_x > 0) {
      this.low = this.low + 1;
      _x = _x - 1;
    }
  }
} catch (java.lang.Throwable e#4) {
  exc#3 = true;
  thrownExc#5 = e#4;
} 
256773     DEBUG main            d.u.i.k.j.TypeConverter   typeconverter: (prefix this;, class class de.uka.ilkd.key.java.reference.ThisReference) 
256775     DEBUG main            d.u.i.k.j.TypeConverter   typeconverter: (prefix this;, class class de.uka.ilkd.key.java.reference.ThisReference) 
256901     DEBUG main            d.u.i.k.j.TypeConverter   typeconverter: (prefix this;, class class de.uka.ilkd.key.java.reference.ThisReference) 
256907     DEBUG main            d.u.i.k.j.TypeConverter   typeconverter: (prefix this;, class class de.uka.ilkd.key.java.reference.ThisReference) 
258548     INFO  main            d.u.i.k.p.r.p.TestFile    ... finished proof: open goal(s) 
258858     DEBUG main            d.u.i.k.s.TermLabelSettings TermLabelSettings: Failure while reading the setting "UseOriginLabels".Using the default value: true.The string read was: null 
258858     INFO  main            d.u.i.k.p.r.p.TestFile    Now processing file /home/runner/work/key/key/key.core/../key.ui/examples/InformationFlow/LoopInvariants/loop.IFLoopExamples(loop.IFLoopExamples__secure_doubleNestedWhile(int)).Non-interference contract.0.m.key 
258859     DEBUG main            d.u.i.k.p.i.KeYFile       Reading KeY file /home/runner/work/key/key/key.core/../key.ui/examples/InformationFlow/LoopInvariants/loop.IFLoopExamples(loop.IFLoopExamples__secure_doubleNestedWhile(int)).Non-interference contract.0.m.key 
259830     DEBUG main            d.u.i.k.j.Recoder2KeY     converting now /home/runner/work/key/key/key.core/../key.ui/examples/InformationFlow/LoopInvariants/src/loop/IFLoopExamples.java 
259836     DEBUG main            d.u.i.k.s.TermLabelSettings TermLabelSettings: Failure while reading the setting "UseOriginLabels".Using the default value: true.The string read was: null 
259837     DEBUG main            d.u.i.k.p.i.KeYFile       Reading KeY file file:/home/runner/work/key/key/key.core/build/resources/main/de/uka/ilkd/key/java/JavaRedux/java/lang/String.key 
261739     DEBUG main            d.u.i.k.p.i.KeYFile       Reading KeY file /home/runner/work/key/key/key.core/../key.ui/examples/InformationFlow/LoopInvariants/loop.IFLoopExamples(loop.IFLoopExamples__secure_doubleNestedWhile(int)).Non-interference contract.0.m.key 
261740     DEBUG main            d.u.i.k.m.s.ProofScriptEngine 1: 'macro 'infflow-autopilot'' 
261772     DEBUG main            d.u.i.k.p.m.ProofCorrectnessMgt No justification found for rule Class_invariant_axiom_for_loop_IFLoopExamples 
261778     DEBUG main            d.u.i.k.r.m.WhileLoopTransformation While-Loop-Tranform-Result: try {
  {
    if (_x > 0) {
      this.low = this.low + 1;
      _x = _x - 1;
      while (_x > 0) {
        this.low = this.low + 1;
        _x = _x - 1;
        while (_x > 0) {
          this.low = this.low + 1;
          _x = _x - 1;
        }
      }
    }
  }
} catch (java.lang.Throwable e#4) {
  exc#3 = true;
  thrownExc#5 = e#4;
} 
261929     DEBUG main            d.u.i.k.j.TypeConverter   typeconverter: (prefix this;, class class de.uka.ilkd.key.java.reference.ThisReference) 
261931     DEBUG main            d.u.i.k.j.TypeConverter   typeconverter: (prefix this;, class class de.uka.ilkd.key.java.reference.ThisReference) 
262069     DEBUG main            d.u.i.k.j.TypeConverter   typeconverter: (prefix this;, class class de.uka.ilkd.key.java.reference.ThisReference) 
262078     DEBUG main            d.u.i.k.j.TypeConverter   typeconverter: (prefix this;, class class de.uka.ilkd.key.java.reference.ThisReference) 
262133     DEBUG main            d.u.i.k.r.m.WhileLoopTransformation While-Loop-Tranform-Result: try {
  {
    if (_x > 0) {
      this.low = this.low + 1;
      _x = _x - 1;
      while (_x > 0) {
        this.low = this.low + 1;
        _x = _x - 1;
      }
    }
  }
} catch (java.lang.Throwable e#26) {
  exc#25 = true;
  thrownExc#27 = e#26;
} 
262358     DEBUG main            d.u.i.k.r.m.WhileLoopTransformation While-Loop-Tranform-Result: try {
  {
    if (_x > 0) {
      this.low = this.low + 1;
      _x = _x - 1;
      while (_x > 0) {
        this.low = this.low + 1;
        _x = _x - 1;
      }
    }
  }
} catch (java.lang.Throwable e#48) {
  exc#47 = true;
  thrownExc#49 = e#48;
} 
262779     DEBUG main            d.u.i.k.j.TypeConverter   typeconverter: (prefix this;, class class de.uka.ilkd.key.java.reference.ThisReference) 
262910     DEBUG main            d.u.i.k.j.TypeConverter   typeconverter: (prefix this;, class class de.uka.ilkd.key.java.reference.ThisReference) 
262917     DEBUG main            d.u.i.k.j.TypeConverter   typeconverter: (prefix this;, class class de.uka.ilkd.key.java.reference.ThisReference) 
262941     DEBUG main            d.u.i.k.j.TypeConverter   typeconverter: (prefix this;, class class de.uka.ilkd.key.java.reference.ThisReference) 
262963     DEBUG main            d.u.i.k.r.m.WhileLoopTransformation While-Loop-Tranform-Result: try {
  {
    if (_x > 0) {
      this.low = this.low + 1;
      _x = _x - 1;
    }
  }
} catch (java.lang.Throwable e#70) {
  exc#69 = true;
  thrownExc#71 = e#70;
} 
263178     DEBUG main            d.u.i.k.r.m.WhileLoopTransformation While-Loop-Tranform-Result: try {
  {
    if (_x > 0) {
      this.low = this.low + 1;
      _x = _x - 1;
    }
  }
} catch (java.lang.Throwable e#92) {
  exc#91 = true;
  thrownExc#93 = e#92;
} 
263261     DEBUG main            d.u.i.k.j.TypeConverter   typeconverter: (prefix this;, class class de.uka.ilkd.key.java.reference.ThisReference) 
263296     DEBUG main            d.u.i.k.j.TypeConverter   typeconverter: (prefix this;, class class de.uka.ilkd.key.java.reference.ThisReference) 
263324     DEBUG main            d.u.i.k.r.m.WhileLoopTransformation While-Loop-Tranform-Result: try {
  {
    if (_x > 0) {
      this.low = this.low + 1;
      _x = _x - 1;
      while (_x > 0) {
        this.low = this.low + 1;
        _x = _x - 1;
      }
    }
  }
} catch (java.lang.Throwable e#4) {
  exc#3 = true;
  thrownExc#5 = e#4;
} 
263531     DEBUG main            d.u.i.k.j.TypeConverter   typeconverter: (prefix this;, class class de.uka.ilkd.key.java.reference.ThisReference) 
263533     DEBUG main            d.u.i.k.j.TypeConverter   typeconverter: (prefix this;, class class de.uka.ilkd.key.java.reference.ThisReference) 
263668     DEBUG main            d.u.i.k.j.TypeConverter   typeconverter: (prefix this;, class class de.uka.ilkd.key.java.reference.ThisReference) 
263676     DEBUG main            d.u.i.k.j.TypeConverter   typeconverter: (prefix this;, class class de.uka.ilkd.key.java.reference.ThisReference) 
263726     DEBUG main            d.u.i.k.r.m.WhileLoopTransformation While-Loop-Tranform-Result: try {
  {
    if (_x > 0) {
      this.low = this.low + 1;
      _x = _x - 1;
    }
  }
} catch (java.lang.Throwable e#26) {
  exc#25 = true;
  thrownExc#27 = e#26;
} 
263965     DEBUG main            d.u.i.k.r.m.WhileLoopTransformation While-Loop-Tranform-Result: try {
  {
    if (_x > 0) {
      this.low = this.low + 1;
      _x = _x - 1;
    }
  }
} catch (java.lang.Throwable e#48) {
  exc#47 = true;
  thrownExc#49 = e#48;
} 
264411     DEBUG main            d.u.i.k.j.TypeConverter   typeconverter: (prefix this;, class class de.uka.ilkd.key.java.reference.ThisReference) 
264540     DEBUG main            d.u.i.k.j.TypeConverter   typeconverter: (prefix this;, class class de.uka.ilkd.key.java.reference.ThisReference) 
264546     DEBUG main            d.u.i.k.j.TypeConverter   typeconverter: (prefix this;, class class de.uka.ilkd.key.java.reference.ThisReference) 
264567     DEBUG main            d.u.i.k.j.TypeConverter   typeconverter: (prefix this;, class class de.uka.ilkd.key.java.reference.ThisReference) 
264789     DEBUG main            d.u.i.k.j.TypeConverter   typeconverter: (prefix this;, class class de.uka.ilkd.key.java.reference.ThisReference) 
264822     DEBUG main            d.u.i.k.j.TypeConverter   typeconverter: (prefix this;, class class de.uka.ilkd.key.java.reference.ThisReference) 
264847     DEBUG main            d.u.i.k.r.m.WhileLoopTransformation While-Loop-Tranform-Result: try {
  {
    if (_x > 0) {
      this.low = this.low + 1;
      _x = _x - 1;
    }
  }
} catch (java.lang.Throwable e#4) {
  exc#3 = true;
  thrownExc#5 = e#4;
} 
265118     DEBUG main            d.u.i.k.j.TypeConverter   typeconverter: (prefix this;, class class de.uka.ilkd.key.java.reference.ThisReference) 
265119     DEBUG main            d.u.i.k.j.TypeConverter   typeconverter: (prefix this;, class class de.uka.ilkd.key.java.reference.ThisReference) 
265245     DEBUG main            d.u.i.k.j.TypeConverter   typeconverter: (prefix this;, class class de.uka.ilkd.key.java.reference.ThisReference) 
265251     DEBUG main            d.u.i.k.j.TypeConverter   typeconverter: (prefix this;, class class de.uka.ilkd.key.java.reference.ThisReference) 
266516     INFO  main            d.u.i.k.p.r.p.TestFile    ... finished proof: closed. 
266790     DEBUG main            d.u.i.k.s.TermLabelSettings TermLabelSettings: Failure while reading the setting "UseOriginLabels".Using the default value: true.The string read was: null 
266790     INFO  main            d.u.i.k.p.r.p.TestFile    Now processing file /home/runner/work/key/key/key.core/../key.ui/examples/InformationFlow/LoopInvariants/loop.IFLoopExamples(loop.IFLoopExamples__secure_nestedTwoWhile(int)).Non-interference contract.0.m.key 
266791     DEBUG main            d.u.i.k.p.i.KeYFile       Reading KeY file /home/runner/work/key/key/key.core/../key.ui/examples/InformationFlow/LoopInvariants/loop.IFLoopExamples(loop.IFLoopExamples__secure_nestedTwoWhile(int)).Non-interference contract.0.m.key 
267709     DEBUG main            d.u.i.k.j.Recoder2KeY     converting now /home/runner/work/key/key/key.core/../key.ui/examples/InformationFlow/LoopInvariants/src/loop/IFLoopExamples.java 
267715     DEBUG main            d.u.i.k.s.TermLabelSettings TermLabelSettings: Failure while reading the setting "UseOriginLabels".Using the default value: true.The string read was: null 
267716     DEBUG main            d.u.i.k.p.i.KeYFile       Reading KeY file file:/home/runner/work/key/key/key.core/build/resources/main/de/uka/ilkd/key/java/JavaRedux/java/lang/String.key 
269661     DEBUG main            d.u.i.k.p.i.KeYFile       Reading KeY file /home/runner/work/key/key/key.core/../key.ui/examples/InformationFlow/LoopInvariants/loop.IFLoopExamples(loop.IFLoopExamples__secure_nestedTwoWhile(int)).Non-interference contract.0.m.key 
269661     DEBUG main            d.u.i.k.m.s.ProofScriptEngine 1: 'macro 'infflow-autopilot'' 
269694     DEBUG main            d.u.i.k.p.m.ProofCorrectnessMgt No justification found for rule Class_invariant_axiom_for_loop_IFLoopExamples 
269699     DEBUG main            d.u.i.k.r.m.WhileLoopTransformation While-Loop-Tranform-Result: try {
  {
    if (_x > 0) {
      this.low = this.low + 1;
      _x = _x - 1;
      while (_x > 0) {
        this.low = this.low + 1;
        _x = _x - 1;
      }
      while (_x > 0) {
        this.low = this.low + 1;
        _x = _x - 1;
      }
    }
  }
} catch (java.lang.Throwable e#4) {
  exc#3 = true;
  thrownExc#5 = e#4;
} 
269870     DEBUG main            d.u.i.k.j.TypeConverter   typeconverter: (prefix this;, class class de.uka.ilkd.key.java.reference.ThisReference) 
269872     DEBUG main            d.u.i.k.j.TypeConverter   typeconverter: (prefix this;, class class de.uka.ilkd.key.java.reference.ThisReference) 
270011     DEBUG main            d.u.i.k.j.TypeConverter   typeconverter: (prefix this;, class class de.uka.ilkd.key.java.reference.ThisReference) 
270019     DEBUG main            d.u.i.k.j.TypeConverter   typeconverter: (prefix this;, class class de.uka.ilkd.key.java.reference.ThisReference) 
270073     DEBUG main            d.u.i.k.r.m.WhileLoopTransformation While-Loop-Tranform-Result: try {
  {
    if (_x > 0) {
      this.low = this.low + 1;
      _x = _x - 1;
    }
  }
} catch (java.lang.Throwable e#26) {
  exc#25 = true;
  thrownExc#27 = e#26;
} 
270245     DEBUG main            d.u.i.k.r.m.WhileLoopTransformation While-Loop-Tranform-Result: try {
  {
    if (_x > 0) {
      this.low = this.low + 1;
      _x = _x - 1;
    }
  }
} catch (java.lang.Throwable e#48) {
  exc#47 = true;
  thrownExc#49 = e#48;
} 
270452     DEBUG main            d.u.i.k.r.m.WhileLoopTransformation While-Loop-Tranform-Result: try {
  {
    if (_x > 0) {
      this.low = this.low + 1;
      _x = _x - 1;
    }
  }
} catch (java.lang.Throwable e#70) {
  exc#69 = true;
  thrownExc#71 = e#70;
} 
270699     DEBUG main            d.u.i.k.r.m.WhileLoopTransformation While-Loop-Tranform-Result: try {
  {
    if (_x > 0) {
      this.low = this.low + 1;
      _x = _x - 1;
    }
  }
} catch (java.lang.Throwable e#92) {
  exc#91 = true;
  thrownExc#93 = e#92;
} 
271439     DEBUG main            d.u.i.k.j.TypeConverter   typeconverter: (prefix this;, class class de.uka.ilkd.key.java.reference.ThisReference) 
271590     DEBUG main            d.u.i.k.j.TypeConverter   typeconverter: (prefix this;, class class de.uka.ilkd.key.java.reference.ThisReference) 
271626     DEBUG main            d.u.i.k.j.TypeConverter   typeconverter: (prefix this;, class class de.uka.ilkd.key.java.reference.ThisReference) 
271654     DEBUG main            d.u.i.k.r.m.WhileLoopTransformation While-Loop-Tranform-Result: try {
  {
    if (_x > 0) {
      this.low = this.low + 1;
      _x = _x - 1;
    }
  }
} catch (java.lang.Throwable e#4) {
  exc#3 = true;
  thrownExc#5 = e#4;
} 
271738     DEBUG main            d.u.i.k.r.m.WhileLoopTransformation While-Loop-Tranform-Result: try {
  {
    if (_x > 0) {
      this.low = this.low + 1;
      _x = _x - 1;
    }
  }
} catch (java.lang.Throwable e#26) {
  exc#25 = true;
  thrownExc#27 = e#26;
} 
272054     DEBUG main            d.u.i.k.j.TypeConverter   typeconverter: (prefix this;, class class de.uka.ilkd.key.java.reference.ThisReference) 
272055     DEBUG main            d.u.i.k.j.TypeConverter   typeconverter: (prefix this;, class class de.uka.ilkd.key.java.reference.ThisReference) 
272186     DEBUG main            d.u.i.k.j.TypeConverter   typeconverter: (prefix this;, class class de.uka.ilkd.key.java.reference.ThisReference) 
272192     DEBUG main            d.u.i.k.j.TypeConverter   typeconverter: (prefix this;, class class de.uka.ilkd.key.java.reference.ThisReference) 
272377     DEBUG main            d.u.i.k.j.TypeConverter   typeconverter: (prefix this;, class class de.uka.ilkd.key.java.reference.ThisReference) 
272379     DEBUG main            d.u.i.k.j.TypeConverter   typeconverter: (prefix this;, class class de.uka.ilkd.key.java.reference.ThisReference) 
272507     DEBUG main            d.u.i.k.j.TypeConverter   typeconverter: (prefix this;, class class de.uka.ilkd.key.java.reference.ThisReference) 
272514     DEBUG main            d.u.i.k.j.TypeConverter   typeconverter: (prefix this;, class class de.uka.ilkd.key.java.reference.ThisReference) 
273719     INFO  main            d.u.i.k.p.r.p.TestFile    ... finished proof: closed. 
273961     DEBUG main            d.u.i.k.s.TermLabelSettings TermLabelSettings: Failure while reading the setting "UseOriginLabels".Using the default value: true.The string read was: null 
273961     INFO  main            d.u.i.k.p.r.p.TestFile    Now processing file /home/runner/work/key/key/key.core/../key.ui/examples/InformationFlow/LoopInvariants/loop.IFLoopExamples(loop.IFLoopExamples__secure_nestedWhile(int)).Non-interference contract.0.m.key 
273962     DEBUG main            d.u.i.k.p.i.KeYFile       Reading KeY file /home/runner/work/key/key/key.core/../key.ui/examples/InformationFlow/LoopInvariants/loop.IFLoopExamples(loop.IFLoopExamples__secure_nestedWhile(int)).Non-interference contract.0.m.key 
274864     DEBUG main            d.u.i.k.j.Recoder2KeY     converting now /home/runner/work/key/key/key.core/../key.ui/examples/InformationFlow/LoopInvariants/src/loop/IFLoopExamples.java 
274870     DEBUG main            d.u.i.k.s.TermLabelSettings TermLabelSettings: Failure while reading the setting "UseOriginLabels".Using the default value: true.The string read was: null 
274871     DEBUG main            d.u.i.k.p.i.KeYFile       Reading KeY file file:/home/runner/work/key/key/key.core/build/resources/main/de/uka/ilkd/key/java/JavaRedux/java/lang/String.key 
276702     DEBUG main            d.u.i.k.p.i.KeYFile       Reading KeY file /home/runner/work/key/key/key.core/../key.ui/examples/InformationFlow/LoopInvariants/loop.IFLoopExamples(loop.IFLoopExamples__secure_nestedWhile(int)).Non-interference contract.0.m.key 
276702     DEBUG main            d.u.i.k.m.s.ProofScriptEngine 1: 'macro 'infflow-autopilot'' 
276757     DEBUG main            d.u.i.k.p.m.ProofCorrectnessMgt No justification found for rule Class_invariant_axiom_for_loop_IFLoopExamples 
276762     DEBUG main            d.u.i.k.r.m.WhileLoopTransformation While-Loop-Tranform-Result: try {
  {
    if (_x > 0) {
      this.low = this.low + 1;
      _x = _x - 1;
      while (_x > 0) {
        this.low = this.low + 1;
        _x = _x - 1;
      }
    }
  }
} catch (java.lang.Throwable e#4) {
  exc#3 = true;
  thrownExc#5 = e#4;
} 
276903     DEBUG main            d.u.i.k.j.TypeConverter   typeconverter: (prefix this;, class class de.uka.ilkd.key.java.reference.ThisReference) 
276904     DEBUG main            d.u.i.k.j.TypeConverter   typeconverter: (prefix this;, class class de.uka.ilkd.key.java.reference.ThisReference) 
277031     DEBUG main            d.u.i.k.j.TypeConverter   typeconverter: (prefix this;, class class de.uka.ilkd.key.java.reference.ThisReference) 
277037     DEBUG main            d.u.i.k.j.TypeConverter   typeconverter: (prefix this;, class class de.uka.ilkd.key.java.reference.ThisReference) 
277083     DEBUG main            d.u.i.k.r.m.WhileLoopTransformation While-Loop-Tranform-Result: try {
  {
    if (_x > 0) {
      this.low = this.low + 1;
      _x = _x - 1;
    }
  }
} catch (java.lang.Throwable e#26) {
  exc#25 = true;
  thrownExc#27 = e#26;
} 
277275     DEBUG main            d.u.i.k.r.m.WhileLoopTransformation While-Loop-Tranform-Result: try {
  {
    if (_x > 0) {
      this.low = this.low + 1;
      _x = _x - 1;
    }
  }
} catch (java.lang.Throwable e#48) {
  exc#47 = true;
  thrownExc#49 = e#48;
} 
277709     DEBUG main            d.u.i.k.j.TypeConverter   typeconverter: (prefix this;, class class de.uka.ilkd.key.java.reference.ThisReference) 
277832     DEBUG main            d.u.i.k.j.TypeConverter   typeconverter: (prefix this;, class class de.uka.ilkd.key.java.reference.ThisReference) 
277838     DEBUG main            d.u.i.k.j.TypeConverter   typeconverter: (prefix this;, class class de.uka.ilkd.key.java.reference.ThisReference) 
277857     DEBUG main            d.u.i.k.j.TypeConverter   typeconverter: (prefix this;, class class de.uka.ilkd.key.java.reference.ThisReference) 
278090     DEBUG main            d.u.i.k.j.TypeConverter   typeconverter: (prefix this;, class class de.uka.ilkd.key.java.reference.ThisReference) 
278123     DEBUG main            d.u.i.k.j.TypeConverter   typeconverter: (prefix this;, class class de.uka.ilkd.key.java.reference.ThisReference) 
278146     DEBUG main            d.u.i.k.r.m.WhileLoopTransformation While-Loop-Tranform-Result: try {
  {
    if (_x > 0) {
      this.low = this.low + 1;
      _x = _x - 1;
    }
  }
} catch (java.lang.Throwable e#4) {
  exc#3 = true;
  thrownExc#5 = e#4;
} 
278343     DEBUG main            d.u.i.k.j.TypeConverter   typeconverter: (prefix this;, class class de.uka.ilkd.key.java.reference.ThisReference) 
278345     DEBUG main            d.u.i.k.j.TypeConverter   typeconverter: (prefix this;, class class de.uka.ilkd.key.java.reference.ThisReference) 
278501     DEBUG main            d.u.i.k.j.TypeConverter   typeconverter: (prefix this;, class class de.uka.ilkd.key.java.reference.ThisReference) 
278506     DEBUG main            d.u.i.k.j.TypeConverter   typeconverter: (prefix this;, class class de.uka.ilkd.key.java.reference.ThisReference) 
279409     INFO  main            d.u.i.k.p.r.p.TestFile    ... finished proof: closed. 
279655     DEBUG main            d.u.i.k.s.TermLabelSettings TermLabelSettings: Failure while reading the setting "UseOriginLabels".Using the default value: true.The string read was: null 
279655     INFO  main            d.u.i.k.p.r.p.TestFile    Now processing file /home/runner/work/key/key/key.core/../key.ui/examples/InformationFlow/LoopInvariants/loop.IFLoopExamples(loop.IFLoopExamples__notSecure_while(int)).Non-interference contract.0.m.key 
279655     DEBUG main            d.u.i.k.p.i.KeYFile       Reading KeY file /home/runner/work/key/key/key.core/../key.ui/examples/InformationFlow/LoopInvariants/loop.IFLoopExamples(loop.IFLoopExamples__notSecure_while(int)).Non-interference contract.0.m.key 
280557     DEBUG main            d.u.i.k.j.Recoder2KeY     converting now /home/runner/work/key/key/key.core/../key.ui/examples/InformationFlow/LoopInvariants/src/loop/IFLoopExamples.java 
280563     DEBUG main            d.u.i.k.s.TermLabelSettings TermLabelSettings: Failure while reading the setting "UseOriginLabels".Using the default value: true.The string read was: null 
280564     DEBUG main            d.u.i.k.p.i.KeYFile       Reading KeY file file:/home/runner/work/key/key/key.core/build/resources/main/de/uka/ilkd/key/java/JavaRedux/java/lang/String.key 
282439     DEBUG main            d.u.i.k.p.i.KeYFile       Reading KeY file /home/runner/work/key/key/key.core/../key.ui/examples/InformationFlow/LoopInvariants/loop.IFLoopExamples(loop.IFLoopExamples__notSecure_while(int)).Non-interference contract.0.m.key 
282439     DEBUG main            d.u.i.k.m.s.ProofScriptEngine 1: 'macro 'infflow-autopilot'' 
282474     DEBUG main            d.u.i.k.p.m.ProofCorrectnessMgt No justification found for rule Class_invariant_axiom_for_loop_IFLoopExamples 
282479     DEBUG main            d.u.i.k.r.m.WhileLoopTransformation While-Loop-Tranform-Result: try {
  {
    if (_x > 0) {
      this.low = this.low + 1;
      _x = _x - 1;
    }
  }
} catch (java.lang.Throwable e#4) {
  exc#3 = true;
  thrownExc#5 = e#4;
} 
282732     DEBUG main            d.u.i.k.j.TypeConverter   typeconverter: (prefix this;, class class de.uka.ilkd.key.java.reference.ThisReference) 
282738     DEBUG main            d.u.i.k.j.TypeConverter   typeconverter: (prefix this;, class class de.uka.ilkd.key.java.reference.ThisReference) 
282748     DEBUG main            d.u.i.k.j.TypeConverter   typeconverter: (prefix this;, class class de.uka.ilkd.key.java.reference.ThisReference) 
282757     DEBUG main            d.u.i.k.j.TypeConverter   typeconverter: (prefix this;, class class de.uka.ilkd.key.java.reference.ThisReference) 
282939     DEBUG main            d.u.i.k.j.TypeConverter   typeconverter: (prefix this;, class class de.uka.ilkd.key.java.reference.ThisReference) 
282969     DEBUG main            d.u.i.k.j.TypeConverter   typeconverter: (prefix this;, class class de.uka.ilkd.key.java.reference.ThisReference) 
285100     INFO  main            d.u.i.k.p.r.p.TestFile    ... finished proof: open goal(s) 
285311     DEBUG main            d.u.i.k.s.TermLabelSettings TermLabelSettings: Failure while reading the setting "UseOriginLabels".Using the default value: true.The string read was: null 
285311     INFO  main            d.u.i.k.p.r.p.TestFile    Now processing file /home/runner/work/key/key/key.core/../key.ui/examples/InformationFlow/LoopInvariants/loop.IFLoopExamples(loop.IFLoopExamples__notSecure_while_wrongInv(int)).Non-interference contract.0.m.key 
285311     DEBUG main            d.u.i.k.p.i.KeYFile       Reading KeY file /home/runner/work/key/key/key.core/../key.ui/examples/InformationFlow/LoopInvariants/loop.IFLoopExamples(loop.IFLoopExamples__notSecure_while_wrongInv(int)).Non-interference contract.0.m.key 
286189     DEBUG main            d.u.i.k.j.Recoder2KeY     converting now /home/runner/work/key/key/key.core/../key.ui/examples/InformationFlow/LoopInvariants/src/loop/IFLoopExamples.java 
286195     DEBUG main            d.u.i.k.s.TermLabelSettings TermLabelSettings: Failure while reading the setting "UseOriginLabels".Using the default value: true.The string read was: null 
286196     DEBUG main            d.u.i.k.p.i.KeYFile       Reading KeY file file:/home/runner/work/key/key/key.core/build/resources/main/de/uka/ilkd/key/java/JavaRedux/java/lang/String.key 
288111     DEBUG main            d.u.i.k.p.i.KeYFile       Reading KeY file /home/runner/work/key/key/key.core/../key.ui/examples/InformationFlow/LoopInvariants/loop.IFLoopExamples(loop.IFLoopExamples__notSecure_while_wrongInv(int)).Non-interference contract.0.m.key 
288111     DEBUG main            d.u.i.k.m.s.ProofScriptEngine 1: 'macro 'infflow-autopilot'' 
288141     DEBUG main            d.u.i.k.p.m.ProofCorrectnessMgt No justification found for rule Class_invariant_axiom_for_loop_IFLoopExamples 
288145     DEBUG main            d.u.i.k.r.m.WhileLoopTransformation While-Loop-Tranform-Result: try {
  {
    if (_x > 0) {
      this.low = this.low + 1;
      _x = _x - 1;
    }
  }
} catch (java.lang.Throwable e#4) {
  exc#3 = true;
  thrownExc#5 = e#4;
} 
288306     DEBUG main            d.u.i.k.j.TypeConverter   typeconverter: (prefix this;, class class de.uka.ilkd.key.java.reference.ThisReference) 
288312     DEBUG main            d.u.i.k.j.TypeConverter   typeconverter: (prefix this;, class class de.uka.ilkd.key.java.reference.ThisReference) 
288321     DEBUG main            d.u.i.k.j.TypeConverter   typeconverter: (prefix this;, class class de.uka.ilkd.key.java.reference.ThisReference) 
288330     DEBUG main            d.u.i.k.j.TypeConverter   typeconverter: (prefix this;, class class de.uka.ilkd.key.java.reference.ThisReference) 
288540     DEBUG main            d.u.i.k.j.TypeConverter   typeconverter: (prefix this;, class class de.uka.ilkd.key.java.reference.ThisReference) 
288570     DEBUG main            d.u.i.k.j.TypeConverter   typeconverter: (prefix this;, class class de.uka.ilkd.key.java.reference.ThisReference) 
289759     INFO  main            d.u.i.k.p.r.p.TestFile    ... finished proof: open goal(s) 
289997     DEBUG main            d.u.i.k.s.TermLabelSettings TermLabelSettings: Failure while reading the setting "UseOriginLabels".Using the default value: true.The string read was: null 
289997     INFO  main            d.u.i.k.p.r.p.TestFile    Now processing file /home/runner/work/key/key/key.core/../key.ui/examples/InformationFlow/LoopInvariants/loop.IFLoopExamples(loop.IFLoopExamples__insecure_twoWhile(int)).Non-interference contract.0.m.key 
289997     DEBUG main            d.u.i.k.p.i.KeYFile       Reading KeY file /home/runner/work/key/key/key.core/../key.ui/examples/InformationFlow/LoopInvariants/loop.IFLoopExamples(loop.IFLoopExamples__insecure_twoWhile(int)).Non-interference contract.0.m.key 
290880     DEBUG main            d.u.i.k.j.Recoder2KeY     converting now /home/runner/work/key/key/key.core/../key.ui/examples/InformationFlow/LoopInvariants/src/loop/IFLoopExamples.java 
290885     DEBUG main            d.u.i.k.s.TermLabelSettings TermLabelSettings: Failure while reading the setting "UseOriginLabels".Using the default value: true.The string read was: null 
290887     DEBUG main            d.u.i.k.p.i.KeYFile       Reading KeY file file:/home/runner/work/key/key/key.core/build/resources/main/de/uka/ilkd/key/java/JavaRedux/java/lang/String.key 
292766     DEBUG main            d.u.i.k.p.i.KeYFile       Reading KeY file /home/runner/work/key/key/key.core/../key.ui/examples/InformationFlow/LoopInvariants/loop.IFLoopExamples(loop.IFLoopExamples__insecure_twoWhile(int)).Non-interference contract.0.m.key 
292766     DEBUG main            d.u.i.k.m.s.ProofScriptEngine 1: 'macro 'infflow-autopilot'' 
292798     DEBUG main            d.u.i.k.p.m.ProofCorrectnessMgt No justification found for rule Class_invariant_axiom_for_loop_IFLoopExamples 
292803     DEBUG main            d.u.i.k.r.m.WhileLoopTransformation While-Loop-Tranform-Result: try {
  {
    if (_x > 0) {
      this.low = this.low + 1;
      _x = _x - 1;
    }
  }
} catch (java.lang.Throwable e#4) {
  exc#3 = true;
  thrownExc#5 = e#4;
} 
292857     DEBUG main            d.u.i.k.r.m.WhileLoopTransformation While-Loop-Tranform-Result: try {
  {
    if (_x == 0) {
      this.low = this.low + 1;
      _x = _x - 1;
    }
  }
} catch (java.lang.Throwable e#26) {
  exc#25 = true;
  thrownExc#27 = e#26;
} 
293067     DEBUG main            d.u.i.k.j.TypeConverter   typeconverter: (prefix this;, class class de.uka.ilkd.key.java.reference.ThisReference) 
293154     DEBUG main            d.u.i.k.j.TypeConverter   typeconverter: (prefix this;, class class de.uka.ilkd.key.java.reference.ThisReference) 
293159     DEBUG main            d.u.i.k.j.TypeConverter   typeconverter: (prefix this;, class class de.uka.ilkd.key.java.reference.ThisReference) 
293178     DEBUG main            d.u.i.k.j.TypeConverter   typeconverter: (prefix this;, class class de.uka.ilkd.key.java.reference.ThisReference) 
293323     DEBUG main            d.u.i.k.j.TypeConverter   typeconverter: (prefix this;, class class de.uka.ilkd.key.java.reference.ThisReference) 
293325     DEBUG main            d.u.i.k.j.TypeConverter   typeconverter: (prefix this;, class class de.uka.ilkd.key.java.reference.ThisReference) 
293451     DEBUG main            d.u.i.k.j.TypeConverter   typeconverter: (prefix this;, class class de.uka.ilkd.key.java.reference.ThisReference) 
293457     DEBUG main            d.u.i.k.j.TypeConverter   typeconverter: (prefix this;, class class de.uka.ilkd.key.java.reference.ThisReference) 
294539     INFO  main            d.u.i.k.p.r.p.TestFile    ... finished proof: open goal(s) 
294780     DEBUG main            d.u.i.k.s.TermLabelSettings TermLabelSettings: Failure while reading the setting "UseOriginLabels".Using the default value: true.The string read was: null 
294780     INFO  main            d.u.i.k.p.r.p.TestFile    Now processing file /home/runner/work/key/key/key.core/../key.ui/examples/InformationFlow/LoopInvariants/loop.IFLoopExamples(loop.IFLoopExamples__insecure_twoWhile_2(int)).Non-interference contract.0.m.key 
294780     DEBUG main            d.u.i.k.p.i.KeYFile       Reading KeY file /home/runner/work/key/key/key.core/../key.ui/examples/InformationFlow/LoopInvariants/loop.IFLoopExamples(loop.IFLoopExamples__insecure_twoWhile_2(int)).Non-interference contract.0.m.key 
295667     DEBUG main            d.u.i.k.j.Recoder2KeY     converting now /home/runner/work/key/key/key.core/../key.ui/examples/InformationFlow/LoopInvariants/src/loop/IFLoopExamples.java 
295672     DEBUG main            d.u.i.k.s.TermLabelSettings TermLabelSettings: Failure while reading the setting "UseOriginLabels".Using the default value: true.The string read was: null 
295673     DEBUG main            d.u.i.k.p.i.KeYFile       Reading KeY file file:/home/runner/work/key/key/key.core/build/resources/main/de/uka/ilkd/key/java/JavaRedux/java/lang/String.key 
297542     DEBUG main            d.u.i.k.p.i.KeYFile       Reading KeY file /home/runner/work/key/key/key.core/../key.ui/examples/InformationFlow/LoopInvariants/loop.IFLoopExamples(loop.IFLoopExamples__insecure_twoWhile_2(int)).Non-interference contract.0.m.key 
297542     DEBUG main            d.u.i.k.m.s.ProofScriptEngine 1: 'macro 'infflow-autopilot'' 
297579     DEBUG main            d.u.i.k.p.m.ProofCorrectnessMgt No justification found for rule Class_invariant_axiom_for_loop_IFLoopExamples 
297585     DEBUG main            d.u.i.k.r.m.WhileLoopTransformation While-Loop-Tranform-Result: try {
  {
    if (_x > 0) {
      this.low = this.low + 1;
      _x = _x - 1;
    }
  }
} catch (java.lang.Throwable e#4) {
  exc#3 = true;
  thrownExc#5 = e#4;
} 
297642     DEBUG main            d.u.i.k.r.m.WhileLoopTransformation While-Loop-Tranform-Result: try {
  {
    if (_x == 0) {
      this.low = this.low + 1;
      _x = _x - 1;
    }
  }
} catch (java.lang.Throwable e#26) {
  exc#25 = true;
  thrownExc#27 = e#26;
} 
297976     DEBUG main            d.u.i.k.j.TypeConverter   typeconverter: (prefix this;, class class de.uka.ilkd.key.java.reference.ThisReference) 
297984     DEBUG main            d.u.i.k.j.TypeConverter   typeconverter: (prefix this;, class class de.uka.ilkd.key.java.reference.ThisReference) 
297995     DEBUG main            d.u.i.k.j.TypeConverter   typeconverter: (prefix this;, class class de.uka.ilkd.key.java.reference.ThisReference) 
298005     DEBUG main            d.u.i.k.j.TypeConverter   typeconverter: (prefix this;, class class de.uka.ilkd.key.java.reference.ThisReference) 
298144     DEBUG main            d.u.i.k.j.TypeConverter   typeconverter: (prefix this;, class class de.uka.ilkd.key.java.reference.ThisReference) 
298145     DEBUG main            d.u.i.k.j.TypeConverter   typeconverter: (prefix this;, class class de.uka.ilkd.key.java.reference.ThisReference) 
298301     DEBUG main            d.u.i.k.j.TypeConverter   typeconverter: (prefix this;, class class de.uka.ilkd.key.java.reference.ThisReference) 
298307     DEBUG main            d.u.i.k.j.TypeConverter   typeconverter: (prefix this;, class class de.uka.ilkd.key.java.reference.ThisReference) 
299863     INFO  main            d.u.i.k.p.r.p.TestFile    ... finished proof: open goal(s) 
300108     DEBUG main            d.u.i.k.s.TermLabelSettings TermLabelSettings: Failure while reading the setting "UseOriginLabels".Using the default value: true.The string read was: null 
300109     INFO  main            d.u.i.k.p.r.p.TestFile    Now processing file /home/runner/work/key/key/key.core/../key.ui/examples/InformationFlow/LoopInvariants/loop.IFLoopExamples(loop.IFLoopExamples__secure_twoWhile(int)).Non-interference contract.0.m.key 
300109     DEBUG main            d.u.i.k.p.i.KeYFile       Reading KeY file /home/runner/work/key/key/key.core/../key.ui/examples/InformationFlow/LoopInvariants/loop.IFLoopExamples(loop.IFLoopExamples__secure_twoWhile(int)).Non-interference contract.0.m.key 
301016     DEBUG main            d.u.i.k.j.Recoder2KeY     converting now /home/runner/work/key/key/key.core/../key.ui/examples/InformationFlow/LoopInvariants/src/loop/IFLoopExamples.java 
301021     DEBUG main            d.u.i.k.s.TermLabelSettings TermLabelSettings: Failure while reading the setting "UseOriginLabels".Using the default value: true.The string read was: null 
301022     DEBUG main            d.u.i.k.p.i.KeYFile       Reading KeY file file:/home/runner/work/key/key/key.core/build/resources/main/de/uka/ilkd/key/java/JavaRedux/java/lang/String.key 
302963     DEBUG main            d.u.i.k.p.i.KeYFile       Reading KeY file /home/runner/work/key/key/key.core/../key.ui/examples/InformationFlow/LoopInvariants/loop.IFLoopExamples(loop.IFLoopExamples__secure_twoWhile(int)).Non-interference contract.0.m.key 
302963     DEBUG main            d.u.i.k.m.s.ProofScriptEngine 1: 'macro 'infflow-autopilot'' 
302997     DEBUG main            d.u.i.k.p.m.ProofCorrectnessMgt No justification found for rule Class_invariant_axiom_for_loop_IFLoopExamples 
303002     DEBUG main            d.u.i.k.r.m.WhileLoopTransformation While-Loop-Tranform-Result: try {
  {
    if (_x > 0) {
      this.low = this.low + 1;
      _x = _x - 1;
    }
  }
} catch (java.lang.Throwable e#4) {
  exc#3 = true;
  thrownExc#5 = e#4;
} 
303056     DEBUG main            d.u.i.k.r.m.WhileLoopTransformation While-Loop-Tranform-Result: try {
  {
    if (_x == 0) {
      this.low = this.low + 1;
      _x = _x - 1;
    }
  }
} catch (java.lang.Throwable e#26) {
  exc#25 = true;
  thrownExc#27 = e#26;
} 
303391     DEBUG main            d.u.i.k.j.TypeConverter   typeconverter: (prefix this;, class class de.uka.ilkd.key.java.reference.ThisReference) 
303397     DEBUG main            d.u.i.k.j.TypeConverter   typeconverter: (prefix this;, class class de.uka.ilkd.key.java.reference.ThisReference) 
303407     DEBUG main            d.u.i.k.j.TypeConverter   typeconverter: (prefix this;, class class de.uka.ilkd.key.java.reference.ThisReference) 
303416     DEBUG main            d.u.i.k.j.TypeConverter   typeconverter: (prefix this;, class class de.uka.ilkd.key.java.reference.ThisReference) 
303553     DEBUG main            d.u.i.k.j.TypeConverter   typeconverter: (prefix this;, class class de.uka.ilkd.key.java.reference.ThisReference) 
303555     DEBUG main            d.u.i.k.j.TypeConverter   typeconverter: (prefix this;, class class de.uka.ilkd.key.java.reference.ThisReference) 
303677     DEBUG main            d.u.i.k.j.TypeConverter   typeconverter: (prefix this;, class class de.uka.ilkd.key.java.reference.ThisReference) 
303683     DEBUG main            d.u.i.k.j.TypeConverter   typeconverter: (prefix this;, class class de.uka.ilkd.key.java.reference.ThisReference) 
304513     INFO  main            d.u.i.k.p.r.p.TestFile    ... finished proof: closed. 
304770     DEBUG main            d.u.i.k.s.TermLabelSettings TermLabelSettings: Failure while reading the setting "UseOriginLabels".Using the default value: true.The string read was: null 
304770     INFO  main            d.u.i.k.p.r.p.TestFile    Now processing file /home/runner/work/key/key/key.core/../key.ui/examples/InformationFlow/LoopInvariants/loop.IFLoopExamples(loop.IFLoopExamples__loc_secure_while(int)).Non-interference contract.0.m.key 
304770     DEBUG main            d.u.i.k.p.i.KeYFile       Reading KeY file /home/runner/work/key/key/key.core/../key.ui/examples/InformationFlow/LoopInvariants/loop.IFLoopExamples(loop.IFLoopExamples__loc_secure_while(int)).Non-interference contract.0.m.key 
305677     DEBUG main            d.u.i.k.j.Recoder2KeY     converting now /home/runner/work/key/key/key.core/../key.ui/examples/InformationFlow/LoopInvariants/src/loop/IFLoopExamples.java 
305682     DEBUG main            d.u.i.k.s.TermLabelSettings TermLabelSettings: Failure while reading the setting "UseOriginLabels".Using the default value: true.The string read was: null 
305683     DEBUG main            d.u.i.k.p.i.KeYFile       Reading KeY file file:/home/runner/work/key/key/key.core/build/resources/main/de/uka/ilkd/key/java/JavaRedux/java/lang/String.key 
307545     DEBUG main            d.u.i.k.p.i.KeYFile       Reading KeY file /home/runner/work/key/key/key.core/../key.ui/examples/InformationFlow/LoopInvariants/loop.IFLoopExamples(loop.IFLoopExamples__loc_secure_while(int)).Non-interference contract.0.m.key 
307546     DEBUG main            d.u.i.k.m.s.ProofScriptEngine 1: 'macro 'infflow-autopilot'' 
307581     DEBUG main            d.u.i.k.p.m.ProofCorrectnessMgt No justification found for rule Class_invariant_axiom_for_loop_IFLoopExamples 
307589     DEBUG main            d.u.i.k.r.m.WhileLoopTransformation While-Loop-Tranform-Result: try {
  {
    if (_x > 0) {
      this.low = this.low + 1;
      _x = _x - 1;
      z = z + _x;
    }
  }
} catch (java.lang.Throwable e#4) {
  exc#3 = true;
  thrownExc#5 = e#4;
} 
307774     DEBUG main            d.u.i.k.j.TypeConverter   typeconverter: (prefix this;, class class de.uka.ilkd.key.java.reference.ThisReference) 
307931     DEBUG main            d.u.i.k.j.TypeConverter   typeconverter: (prefix this;, class class de.uka.ilkd.key.java.reference.ThisReference) 
307937     DEBUG main            d.u.i.k.j.TypeConverter   typeconverter: (prefix this;, class class de.uka.ilkd.key.java.reference.ThisReference) 
307949     DEBUG main            d.u.i.k.j.TypeConverter   typeconverter: (prefix this;, class class de.uka.ilkd.key.java.reference.ThisReference) 
308522     INFO  main            d.u.i.k.p.r.p.TestFile    ... finished proof: closed. 
308762     DEBUG main            d.u.i.k.s.TermLabelSettings TermLabelSettings: Failure while reading the setting "UseOriginLabels".Using the default value: true.The string read was: null 
308762     INFO  main            d.u.i.k.p.r.p.TestFile    Now processing file /home/runner/work/key/key/key.core/../key.ui/examples/InformationFlow/LoopInvariants/loop.IFLoopExamples(loop.IFLoopExamples__secure_while(int)).Non-interference contract.0.m.key 
308762     DEBUG main            d.u.i.k.p.i.KeYFile       Reading KeY file /home/runner/work/key/key/key.core/../key.ui/examples/InformationFlow/LoopInvariants/loop.IFLoopExamples(loop.IFLoopExamples__secure_while(int)).Non-interference contract.0.m.key 
309644     DEBUG main            d.u.i.k.j.Recoder2KeY     converting now /home/runner/work/key/key/key.core/../key.ui/examples/InformationFlow/LoopInvariants/src/loop/IFLoopExamples.java 
309649     DEBUG main            d.u.i.k.s.TermLabelSettings TermLabelSettings: Failure while reading the setting "UseOriginLabels".Using the default value: true.The string read was: null 
309650     DEBUG main            d.u.i.k.p.i.KeYFile       Reading KeY file file:/home/runner/work/key/key/key.core/build/resources/main/de/uka/ilkd/key/java/JavaRedux/java/lang/String.key 
311512     DEBUG main            d.u.i.k.p.i.KeYFile       Reading KeY file /home/runner/work/key/key/key.core/../key.ui/examples/InformationFlow/LoopInvariants/loop.IFLoopExamples(loop.IFLoopExamples__secure_while(int)).Non-interference contract.0.m.key 
311513     DEBUG main            d.u.i.k.m.s.ProofScriptEngine 1: 'macro 'infflow-autopilot'' 
311542     DEBUG main            d.u.i.k.p.m.ProofCorrectnessMgt No justification found for rule Class_invariant_axiom_for_loop_IFLoopExamples 
311546     DEBUG main            d.u.i.k.r.m.WhileLoopTransformation While-Loop-Tranform-Result: try {
  {
    if (_x > 0) {
      this.low = this.low + 1;
      _x = _x - 1;
    }
  }
} catch (java.lang.Throwable e#4) {
  exc#3 = true;
  thrownExc#5 = e#4;
} 
311685     DEBUG main            d.u.i.k.j.TypeConverter   typeconverter: (prefix this;, class class de.uka.ilkd.key.java.reference.ThisReference) 
311687     DEBUG main            d.u.i.k.j.TypeConverter   typeconverter: (prefix this;, class class de.uka.ilkd.key.java.reference.ThisReference) 
311834     DEBUG main            d.u.i.k.j.TypeConverter   typeconverter: (prefix this;, class class de.uka.ilkd.key.java.reference.ThisReference) 
311840     DEBUG main            d.u.i.k.j.TypeConverter   typeconverter: (prefix this;, class class de.uka.ilkd.key.java.reference.ThisReference) 
312278     INFO  main            d.u.i.k.p.r.p.TestFile    ... finished proof: closed. 
312491     DEBUG main            d.u.i.k.s.TermLabelSettings TermLabelSettings: Failure while reading the setting "UseOriginLabels".Using the default value: true.The string read was: null 
312491     INFO  main            d.u.i.k.p.r.p.TestFile    Now processing file /home/runner/work/key/key/key.core/../key.ui/examples/InformationFlow/LoopInvariants/loop.IFLoopExamples(loop.IFLoopExamples__print(int)).Non-interference contract.0.m.key 
312492     DEBUG main            d.u.i.k.p.i.KeYFile       Reading KeY file /home/runner/work/key/key/key.core/../key.ui/examples/InformationFlow/LoopInvariants/loop.IFLoopExamples(loop.IFLoopExamples__print(int)).Non-interference contract.0.m.key 
313387     DEBUG main            d.u.i.k.j.Recoder2KeY     converting now /home/runner/work/key/key/key.core/../key.ui/examples/InformationFlow/LoopInvariants/src/loop/IFLoopExamples.java 
313394     DEBUG main            d.u.i.k.s.TermLabelSettings TermLabelSettings: Failure while reading the setting "UseOriginLabels".Using the default value: true.The string read was: null 
313395     DEBUG main            d.u.i.k.p.i.KeYFile       Reading KeY file file:/home/runner/work/key/key/key.core/build/resources/main/de/uka/ilkd/key/java/JavaRedux/java/lang/String.key 
315331     DEBUG main            d.u.i.k.p.i.KeYFile       Reading KeY file /home/runner/work/key/key/key.core/../key.ui/examples/InformationFlow/LoopInvariants/loop.IFLoopExamples(loop.IFLoopExamples__print(int)).Non-interference contract.0.m.key 
315331     DEBUG main            d.u.i.k.m.s.ProofScriptEngine 1: 'macro 'infflow-autopilot'' 
315362     DEBUG main            d.u.i.k.j.TypeConverter   typeconverter: (prefix this;, class class de.uka.ilkd.key.java.reference.ThisReference) 
315427     INFO  main            d.u.i.k.p.r.p.TestFile    ... finished proof: closed. 
315618     DEBUG main            d.u.i.k.s.TermLabelSettings TermLabelSettings: Failure while reading the setting "UseOriginLabels".Using the default value: true.The string read was: null 
315618     INFO  main            d.u.i.k.p.r.p.TestFile    Now processing file /home/runner/work/key/key/key.core/../key.ui/examples/InformationFlow/LoopInvariants/loop.IFLoopExamples(loop.IFLoopExamples__hammer(int)).Non-interference contract.0.m.key 
315618     DEBUG main            d.u.i.k.p.i.KeYFile       Reading KeY file /home/runner/work/key/key/key.core/../key.ui/examples/InformationFlow/LoopInvariants/loop.IFLoopExamples(loop.IFLoopExamples__hammer(int)).Non-interference contract.0.m.key 
316491     DEBUG main            d.u.i.k.j.Recoder2KeY     converting now /home/runner/work/key/key/key.core/../key.ui/examples/InformationFlow/LoopInvariants/src/loop/IFLoopExamples.java 
316497     DEBUG main            d.u.i.k.s.TermLabelSettings TermLabelSettings: Failure while reading the setting "UseOriginLabels".Using the default value: true.The string read was: null 
316498     DEBUG main            d.u.i.k.p.i.KeYFile       Reading KeY file file:/home/runner/work/key/key/key.core/build/resources/main/de/uka/ilkd/key/java/JavaRedux/java/lang/String.key 
318390     DEBUG main            d.u.i.k.p.i.KeYFile       Reading KeY file /home/runner/work/key/key/key.core/../key.ui/examples/InformationFlow/LoopInvariants/loop.IFLoopExamples(loop.IFLoopExamples__hammer(int)).Non-interference contract.0.m.key 
318391     DEBUG main            d.u.i.k.m.s.ProofScriptEngine 1: 'macro 'infflow-autopilot'' 
318418     DEBUG main            d.u.i.k.p.m.ProofCorrectnessMgt No justification found for rule Class_invariant_axiom_for_loop_IFLoopExamples 
318430     DEBUG main            d.u.i.k.r.m.WhileLoopTransformation While-Loop-Tranform-Result: try {
  {
    if (y < 10) {
      print(x);
      if (y == 5) {
        x = _secret;
        y = 9;
      }
      x++;
      y++;
    }
  }
} catch (java.lang.Throwable e#4) {
  exc#3 = true;
  thrownExc#5 = e#4;
} 
319863     INFO  main            d.u.i.k.p.r.p.TestFile    ... finished proof: closed. 
2498422    INFO  Test worker     d.u.i.k.p.r.RunAllProofsTestUnit Returning from test InformationFlow_fullmacro 
2498423    INFO  Test worker     d.u.i.k.p.r.RunAllProofsTestUnit Running test MiniExamples_fullmacro 
343        INFO  Timeout watchdog d.u.i.k.p.r.p.ForkedTestFileRunner Timeout watcher launched (1000 secs.) 
361        WARN  main            d.u.i.k.s.ProofSettings   The settings in /home/runner/.key/proof-settings.props are *not* read. 
402        DEBUG main            d.u.i.k.s.TermLabelSettings TermLabelSettings: Failure while reading the setting "UseOriginLabels".Using the default value: true.The string read was: null 
403        INFO  main            d.u.i.k.p.r.p.TestFile    Now processing file /home/runner/work/key/key/key.core/../key.ui/examples/InformationFlow/MiniExamples/mini.AliasingExamples(mini.AliasingExamples__insecure_1(mini.AliasingExamples,mini.AliasingExamples,int)).Non-interference contract.0.m.key 
543        DEBUG main            d.u.i.k.p.i.KeYFile       Reading KeY file /home/runner/work/key/key/key.core/../key.ui/examples/InformationFlow/MiniExamples/mini.AliasingExamples(mini.AliasingExamples__insecure_1(mini.AliasingExamples,mini.AliasingExamples,int)).Non-interference contract.0.m.key 
771        DEBUG main            d.u.i.k.p.i.KeYFile       Reading KeY file file:/home/runner/work/key/key/key.core/build/resources/main/de/uka/ilkd/key/proof/rules/standardRules.key 
806        DEBUG main            d.u.i.k.p.i.KeYFile       Reading KeY file file:/home/runner/work/key/key/key.core/build/resources/main/de/uka/ilkd/key/proof/rules/ldt.key 
811        DEBUG main            d.u.i.k.p.i.KeYFile       Reading KeY file file:/home/runner/work/key/key/key.core/build/resources/main/de/uka/ilkd/key/proof/rules/boolean.key 
828        DEBUG main            d.u.i.k.p.i.KeYFile       Reading KeY file file:/home/runner/work/key/key/key.core/build/resources/main/de/uka/ilkd/key/proof/rules/ruleSetsDeclarations.key 
876        DEBUG main            d.u.i.k.p.i.KeYFile       Reading KeY file file:/home/runner/work/key/key/key.core/build/resources/main/de/uka/ilkd/key/proof/rules/integerHeader.key 
890        DEBUG main            d.u.i.k.p.i.KeYFile       Reading KeY file file:/home/runner/work/key/key/key.core/build/resources/main/de/uka/ilkd/key/proof/rules/floatHeader.key 
896        DEBUG main            d.u.i.k.p.i.KeYFile       Reading KeY file file:/home/runner/work/key/key/key.core/build/resources/main/de/uka/ilkd/key/proof/rules/heap.key 
903        DEBUG main            d.u.i.k.p.i.KeYFile       Reading KeY file file:/home/runner/work/key/key/key.core/build/resources/main/de/uka/ilkd/key/proof/rules/locSets.key 
904        DEBUG main            d.u.i.k.p.i.KeYFile       Reading KeY file file:/home/runner/work/key/key/key.core/build/resources/main/de/uka/ilkd/key/proof/rules/permission.key 
906        DEBUG main            d.u.i.k.p.i.KeYFile       Reading KeY file file:/home/runner/work/key/key/key.core/build/resources/main/de/uka/ilkd/key/proof/rules/reach.key 
907        DEBUG main            d.u.i.k.p.i.KeYFile       Reading KeY file file:/home/runner/work/key/key/key.core/build/resources/main/de/uka/ilkd/key/proof/rules/seq.key 
910        DEBUG main            d.u.i.k.p.i.KeYFile       Reading KeY file file:/home/runner/work/key/key/key.core/build/resources/main/de/uka/ilkd/key/proof/rules/map.key 
965        DEBUG main            d.u.i.k.p.i.KeYFile       Reading KeY file file:/home/runner/work/key/key/key.core/build/resources/main/de/uka/ilkd/key/proof/rules/freeADT.key 
966        DEBUG main            d.u.i.k.p.i.KeYFile       Reading KeY file file:/home/runner/work/key/key/key.core/build/resources/main/de/uka/ilkd/key/proof/rules/wellfound.key 
966        DEBUG main            d.u.i.k.p.i.KeYFile       Reading KeY file file:/home/runner/work/key/key/key.core/build/resources/main/de/uka/ilkd/key/proof/rules/charListHeader.key 
1134       DEBUG main            d.u.i.k.p.i.KeYFile       Reading KeY file file:/home/runner/work/key/key/key.core/build/resources/main/de/uka/ilkd/key/proof/rules/propRule.key 
1187       DEBUG main            d.u.i.k.p.i.KeYFile       Reading KeY file file:/home/runner/work/key/key/key.core/build/resources/main/de/uka/ilkd/key/proof/rules/firstOrderRules.key 
1217       DEBUG main            d.u.i.k.p.i.KeYFile       Reading KeY file file:/home/runner/work/key/key/key.core/build/resources/main/de/uka/ilkd/key/proof/rules/ifThenElseRules.key 
1275       DEBUG main            d.u.i.k.p.i.KeYFile       Reading KeY file file:/home/runner/work/key/key/key.core/build/resources/main/de/uka/ilkd/key/proof/rules/formulaNormalisationRules.key 
1426       DEBUG main            d.u.i.k.p.i.KeYFile       Reading KeY file file:/home/runner/work/key/key/key.core/build/resources/main/de/uka/ilkd/key/proof/rules/updateRules.key 
1463       DEBUG main            d.u.i.k.p.i.KeYFile       Reading KeY file file:/home/runner/work/key/key/key.core/build/resources/main/de/uka/ilkd/key/proof/rules/integerRulesCommon.key 
1566       DEBUG main            d.u.i.k.p.i.KeYFile       Reading KeY file file:/home/runner/work/key/key/key.core/build/resources/main/de/uka/ilkd/key/proof/rules/intRules.key 
1584       DEBUG main            d.u.i.k.p.i.KeYFile       Reading KeY file file:/home/runner/work/key/key/key.core/build/resources/main/de/uka/ilkd/key/proof/rules/intRulesUncheckedSemantics.key 
1593       DEBUG main            d.u.i.k.p.i.KeYFile       Reading KeY file file:/home/runner/work/key/key/key.core/build/resources/main/de/uka/ilkd/key/proof/rules/intRulesCheckedSemantics.key 
1599       DEBUG main            d.u.i.k.p.i.KeYFile       Reading KeY file file:/home/runner/work/key/key/key.core/build/resources/main/de/uka/ilkd/key/proof/rules/intRulesJavaSemantics.key 
1610       DEBUG main            d.u.i.k.p.i.KeYFile       Reading KeY file file:/home/runner/work/key/key/key.core/build/resources/main/de/uka/ilkd/key/proof/rules/integerSimplificationRules.key 
1751       DEBUG main            d.u.i.k.j.TypeConverter   No LDT found for Meta 
1752       DEBUG main            d.u.i.k.j.TypeConverter   No LDT found for Meta 
1754       DEBUG main            d.u.i.k.j.TypeConverter   No LDT found for Meta 
1754       DEBUG main            d.u.i.k.j.TypeConverter   No LDT found for Meta 
1776       DEBUG main            d.u.i.k.p.i.KeYFile       Reading KeY file file:/home/runner/work/key/key/key.core/build/resources/main/de/uka/ilkd/key/proof/rules/intDiv.key 
1802       DEBUG main            d.u.i.k.p.i.KeYFile       Reading KeY file file:/home/runner/work/key/key/key.core/build/resources/main/de/uka/ilkd/key/proof/rules/bsum.key 
1975       DEBUG main            d.u.i.k.p.i.KeYFile       Reading KeY file file:/home/runner/work/key/key/key.core/build/resources/main/de/uka/ilkd/key/proof/rules/bprod.key 
2040       DEBUG main            d.u.i.k.p.i.KeYFile       Reading KeY file file:/home/runner/work/key/key/key.core/build/resources/main/de/uka/ilkd/key/proof/rules/binaryAxioms.key 
2047       DEBUG main            d.u.i.k.p.i.KeYFile       Reading KeY file file:/home/runner/work/key/key/key.core/build/resources/main/de/uka/ilkd/key/proof/rules/binaryLemmas.key 
2057       DEBUG main            d.u.i.k.p.i.KeYFile       Reading KeY file file:/home/runner/work/key/key/key.core/build/resources/main/de/uka/ilkd/key/proof/rules/intPow.key 
2078       DEBUG main            d.u.i.k.p.i.KeYFile       Reading KeY file file:/home/runner/work/key/key/key.core/build/resources/main/de/uka/ilkd/key/proof/rules/floatRulesCommon.key 
2104       DEBUG main            d.u.i.k.p.i.KeYFile       Reading KeY file file:/home/runner/work/key/key/key.core/build/resources/main/de/uka/ilkd/key/proof/rules/floatRules.key 
2105       DEBUG main            d.u.i.k.p.i.KeYFile       Reading KeY file file:/home/runner/work/key/key/key.core/build/resources/main/de/uka/ilkd/key/proof/rules/floatRulesVerifyNormal.key 
2106       DEBUG main            d.u.i.k.p.i.KeYFile       Reading KeY file file:/home/runner/work/key/key/key.core/build/resources/main/de/uka/ilkd/key/proof/rules/floatRulesAssumeStrictfp.key 
2141       DEBUG main            d.u.i.k.p.i.KeYFile       Reading KeY file file:/home/runner/work/key/key/key.core/build/resources/main/de/uka/ilkd/key/proof/rules/genericRules.key 
2163       DEBUG main            d.u.i.k.p.i.KeYFile       Reading KeY file file:/home/runner/work/key/key/key.core/build/resources/main/de/uka/ilkd/key/proof/rules/booleanRules.key 
2167       DEBUG main            d.u.i.k.p.i.KeYFile       Reading KeY file file:/home/runner/work/key/key/key.core/build/resources/main/de/uka/ilkd/key/proof/rules/epsilon.key 
2174       DEBUG main            d.u.i.k.p.i.KeYFile       Reading KeY file file:/home/runner/work/key/key/key.core/build/resources/main/de/uka/ilkd/key/proof/rules/locSetsRules.key 
2265       DEBUG main            d.u.i.k.p.i.KeYFile       Reading KeY file file:/home/runner/work/key/key/key.core/build/resources/main/de/uka/ilkd/key/proof/rules/heapRules.key 
2314       DEBUG main            d.u.i.k.p.i.KeYFile       Reading KeY file file:/home/runner/work/key/key/key.core/build/resources/main/de/uka/ilkd/key/proof/rules/permissionRules.key 
2332       DEBUG main            d.u.i.k.p.i.KeYFile       Reading KeY file file:/home/runner/work/key/key/key.core/build/resources/main/de/uka/ilkd/key/proof/rules/reachRules.key 
2358       DEBUG main            d.u.i.k.p.i.KeYFile       Reading KeY file file:/home/runner/work/key/key/key.core/build/resources/main/de/uka/ilkd/key/proof/rules/seqCoreRules.key 
2361       DEBUG main            d.u.i.k.p.i.KeYFile       Reading KeY file file:/home/runner/work/key/key/key.core/build/resources/main/de/uka/ilkd/key/proof/rules/seqRules.key 
2426       DEBUG main            d.u.i.k.p.i.KeYFile       Reading KeY file file:/home/runner/work/key/key/key.core/build/resources/main/de/uka/ilkd/key/proof/rules/seqPerm.key 
2457       DEBUG main            d.u.i.k.p.i.KeYFile       Reading KeY file file:/home/runner/work/key/key/key.core/build/resources/main/de/uka/ilkd/key/proof/rules/seqPerm2.key 
2463       DEBUG main            d.u.i.k.p.i.KeYFile       Reading KeY file file:/home/runner/work/key/key/key.core/build/resources/main/de/uka/ilkd/key/proof/rules/javaRules.key 
2585       DEBUG main            d.u.i.k.p.i.KeYFile       Reading KeY file file:/home/runner/work/key/key/key.core/build/resources/main/de/uka/ilkd/key/proof/rules/assertions.key 
3037       DEBUG main            d.u.i.k.p.i.KeYFile       Reading KeY file file:/home/runner/work/key/key/key.core/build/resources/main/de/uka/ilkd/key/proof/rules/loopRules.key 
3046       DEBUG main            d.u.i.k.p.i.KeYFile       Reading KeY file file:/home/runner/work/key/key/key.core/build/resources/main/de/uka/ilkd/key/proof/rules/activeUse.key 
3103       DEBUG main            d.u.i.k.p.i.KeYFile       Reading KeY file file:/home/runner/work/key/key/key.core/build/resources/main/de/uka/ilkd/key/proof/rules/instanceAllocation.key 
3142       DEBUG main            d.u.i.k.p.i.KeYFile       Reading KeY file file:/home/runner/work/key/key/key.core/build/resources/main/de/uka/ilkd/key/proof/rules/java5.key 
3145       DEBUG main            d.u.i.k.p.i.KeYFile       Reading KeY file file:/home/runner/work/key/key/key.core/build/resources/main/de/uka/ilkd/key/proof/rules/integerAssignment2UpdateRules.key 
3188       DEBUG main            d.u.i.k.p.i.KeYFile       Reading KeY file file:/home/runner/work/key/key/key.core/build/resources/main/de/uka/ilkd/key/proof/rules/floatAssignment2UpdateRules.key 
3221       DEBUG main            d.u.i.k.p.i.KeYFile       Reading KeY file file:/home/runner/work/key/key/key.core/build/resources/main/de/uka/ilkd/key/proof/rules/bigint.key 
3234       DEBUG main            d.u.i.k.j.TypeConverter   No LDT found for JavaBigintExpression 
3236       DEBUG main            d.u.i.k.p.i.KeYFile       Reading KeY file file:/home/runner/work/key/key/key.core/build/resources/main/de/uka/ilkd/key/proof/rules/adtProgramDecompositionRules.key 
3254       DEBUG main            d.u.i.k.p.i.KeYFile       Reading KeY file file:/home/runner/work/key/key/key.core/build/resources/main/de/uka/ilkd/key/proof/rules/precRules.key 
3258       DEBUG main            d.u.i.k.p.i.KeYFile       Reading KeY file file:/home/runner/work/key/key/key.core/build/resources/main/de/uka/ilkd/key/proof/rules/charListRules.key 
3273       DEBUG main            d.u.i.k.p.i.KeYFile       Reading KeY file file:/home/runner/work/key/key/key.core/build/resources/main/de/uka/ilkd/key/proof/rules/regExTheory.key 
3275       DEBUG main            d.u.i.k.p.i.KeYFile       Reading KeY file file:/home/runner/work/key/key/key.core/build/resources/main/de/uka/ilkd/key/proof/rules/regExHeader.key 
3276       DEBUG main            d.u.i.k.p.i.KeYFile       Reading KeY file file:/home/runner/work/key/key/key.core/build/resources/main/de/uka/ilkd/key/proof/rules/regExAxioms.key 
3280       DEBUG main            d.u.i.k.p.i.KeYFile       Reading KeY file file:/home/runner/work/key/key/key.core/build/resources/main/de/uka/ilkd/key/proof/rules/regExLemmaProven.key 
3287       DEBUG main            d.u.i.k.p.i.KeYFile       Reading KeY file file:/home/runner/work/key/key/key.core/build/resources/main/de/uka/ilkd/key/proof/rules/seqEq.key 
3294       DEBUG main            d.u.i.k.p.i.KeYFile       Reading KeY file file:/home/runner/work/key/key/key.core/build/resources/main/de/uka/ilkd/key/proof/rules/infFlow.key 
3302       DEBUG main            d.u.i.k.p.i.KeYFile       Reading KeY file file:/home/runner/work/key/key/key.core/build/resources/main/de/uka/ilkd/key/proof/rules/mapSize.key 
3304       DEBUG main            d.u.i.k.p.i.KeYFile       Reading KeY file file:/home/runner/work/key/key/key.core/build/resources/main/de/uka/ilkd/key/proof/rules/wd.key 
3308       DEBUG main            d.u.i.k.p.i.KeYFile       Reading KeY file file:/home/runner/work/key/key/key.core/build/resources/main/de/uka/ilkd/key/proof/rules/wdHeader.key 
3309       DEBUG main            d.u.i.k.p.i.KeYFile       Reading KeY file file:/home/runner/work/key/key/key.core/build/resources/main/de/uka/ilkd/key/proof/rules/wdGeneralRules.key 
3314       DEBUG main            d.u.i.k.p.i.KeYFile       Reading KeY file file:/home/runner/work/key/key/key.core/build/resources/main/de/uka/ilkd/key/proof/rules/wdNumericalRules.key 
3336       DEBUG main            d.u.i.k.p.i.KeYFile       Reading KeY file file:/home/runner/work/key/key/key.core/build/resources/main/de/uka/ilkd/key/proof/rules/wdLocSetRules.key 
3345       DEBUG main            d.u.i.k.p.i.KeYFile       Reading KeY file file:/home/runner/work/key/key/key.core/build/resources/main/de/uka/ilkd/key/proof/rules/wdHeapRules.key 
3349       DEBUG main            d.u.i.k.p.i.KeYFile       Reading KeY file file:/home/runner/work/key/key/key.core/build/resources/main/de/uka/ilkd/key/proof/rules/wdReachRules.key 
3351       DEBUG main            d.u.i.k.p.i.KeYFile       Reading KeY file file:/home/runner/work/key/key/key.core/build/resources/main/de/uka/ilkd/key/proof/rules/wdSeqRules.key 
3355       DEBUG main            d.u.i.k.p.i.KeYFile       Reading KeY file file:/home/runner/work/key/key/key.core/build/resources/main/de/uka/ilkd/key/proof/rules/wdStringRules.key 
3385       DEBUG main            d.u.i.k.p.i.KeYFile       Reading KeY file file:/home/runner/work/key/key/key.core/build/resources/main/de/uka/ilkd/key/proof/rules/wdRegExRules.key 
3387       DEBUG main            d.u.i.k.p.i.KeYFile       Reading KeY file file:/home/runner/work/key/key/key.core/build/resources/main/de/uka/ilkd/key/proof/rules/wdFormulaRules.key 
3402       DEBUG main            d.u.i.k.p.i.KeYFile       Reading KeY file file:/home/runner/work/key/key/key.core/build/resources/main/de/uka/ilkd/key/proof/rules/loopInvariantRules.key 
3405       DEBUG main            d.u.i.k.p.i.KeYFile       Reading KeY file file:/home/runner/work/key/key/key.core/build/resources/main/de/uka/ilkd/key/proof/rules/forLoopRules.key 
3408       DEBUG main            d.u.i.k.p.i.KeYFile       Reading KeY file file:/home/runner/work/key/key/key.core/build/resources/main/de/uka/ilkd/key/proof/rules/execRules.key 
3470       DEBUG main            d.u.i.k.p.i.KeYFile       Reading KeY file file:/home/runner/work/key/key/key.core/build/resources/main/de/uka/ilkd/key/proof/rules/loopScopeRules.key 
5946       DEBUG main            d.u.i.k.j.Recoder2KeY     converting now /home/runner/work/key/key/key.core/../key.ui/examples/InformationFlow/MiniExamples/src/mini/MiniExamples.java 
5959       DEBUG main            d.u.i.k.j.Recoder2KeY     converting now /home/runner/work/key/key/key.core/../key.ui/examples/InformationFlow/MiniExamples/src/mini/AliasingExamples.java 
5962       DEBUG main            d.u.i.k.j.Recoder2KeY     converting now /home/runner/work/key/key/key.core/../key.ui/examples/InformationFlow/MiniExamples/src/mini/DifferenceSeqLocset.java 
5965       DEBUG main            d.u.i.k.j.Recoder2KeY     converting now /home/runner/work/key/key/key.core/../key.ui/examples/InformationFlow/MiniExamples/src/mini/MiniExamplesLecture.java 
6020       DEBUG main            d.u.i.k.s.TermLabelSettings TermLabelSettings: Failure while reading the setting "UseOriginLabels".Using the default value: true.The string read was: null 
6037       DEBUG main            d.u.i.k.p.i.KeYFile       Reading KeY file file:/home/runner/work/key/key/key.core/build/resources/main/de/uka/ilkd/key/java/JavaRedux/java/lang/String.key 
8402       DEBUG main            d.u.i.k.p.i.KeYFile       Reading KeY file /home/runner/work/key/key/key.core/../key.ui/examples/InformationFlow/MiniExamples/mini.AliasingExamples(mini.AliasingExamples__insecure_1(mini.AliasingExamples,mini.AliasingExamples,int)).Non-interference contract.0.m.key 
8462       DEBUG main            d.u.i.k.m.s.ProofScriptEngine 1: 'macro 'infflow-autopilot'' 
8910       DEBUG main            d.u.i.k.p.m.ProofCorrectnessMgt No justification found for rule Class_invariant_axiom_for_mini_AliasingExamples 
9590       INFO  main            d.u.i.k.p.r.p.TestFile    ... finished proof: open goal(s) 
9800       DEBUG main            d.u.i.k.s.TermLabelSettings TermLabelSettings: Failure while reading the setting "UseOriginLabels".Using the default value: true.The string read was: null 
9800       INFO  main            d.u.i.k.p.r.p.TestFile    Now processing file /home/runner/work/key/key/key.core/../key.ui/examples/InformationFlow/MiniExamples/mini.AliasingExamples(mini.AliasingExamples__secure_1(mini.AliasingExamples,mini.AliasingExamples,int)).Non-interference contract.0.m.key 
9801       DEBUG main            d.u.i.k.p.i.KeYFile       Reading KeY file /home/runner/work/key/key/key.core/../key.ui/examples/InformationFlow/MiniExamples/mini.AliasingExamples(mini.AliasingExamples__secure_1(mini.AliasingExamples,mini.AliasingExamples,int)).Non-interference contract.0.m.key 
10879      DEBUG main            d.u.i.k.j.Recoder2KeY     converting now /home/runner/work/key/key/key.core/../key.ui/examples/InformationFlow/MiniExamples/src/mini/MiniExamples.java 
10883      DEBUG main            d.u.i.k.j.Recoder2KeY     converting now /home/runner/work/key/key/key.core/../key.ui/examples/InformationFlow/MiniExamples/src/mini/AliasingExamples.java 
10885      DEBUG main            d.u.i.k.j.Recoder2KeY     converting now /home/runner/work/key/key/key.core/../key.ui/examples/InformationFlow/MiniExamples/src/mini/DifferenceSeqLocset.java 
10892      DEBUG main            d.u.i.k.j.Recoder2KeY     converting now /home/runner/work/key/key/key.core/../key.ui/examples/InformationFlow/MiniExamples/src/mini/MiniExamplesLecture.java 
10904      DEBUG main            d.u.i.k.s.TermLabelSettings TermLabelSettings: Failure while reading the setting "UseOriginLabels".Using the default value: true.The string read was: null 
10906      DEBUG main            d.u.i.k.p.i.KeYFile       Reading KeY file file:/home/runner/work/key/key/key.core/build/resources/main/de/uka/ilkd/key/java/JavaRedux/java/lang/String.key 
13000      DEBUG main            d.u.i.k.p.i.KeYFile       Reading KeY file /home/runner/work/key/key/key.core/../key.ui/examples/InformationFlow/MiniExamples/mini.AliasingExamples(mini.AliasingExamples__secure_1(mini.AliasingExamples,mini.AliasingExamples,int)).Non-interference contract.0.m.key 
13001      DEBUG main            d.u.i.k.m.s.ProofScriptEngine 1: 'macro 'infflow-autopilot'' 
13098      DEBUG main            d.u.i.k.p.m.ProofCorrectnessMgt No justification found for rule Class_invariant_axiom_for_mini_AliasingExamples 
13351      INFO  main            d.u.i.k.p.r.p.TestFile    ... finished proof: closed. 
13527      DEBUG main            d.u.i.k.s.TermLabelSettings TermLabelSettings: Failure while reading the setting "UseOriginLabels".Using the default value: true.The string read was: null 
13527      INFO  main            d.u.i.k.p.r.p.TestFile    Now processing file /home/runner/work/key/key/key.core/../key.ui/examples/InformationFlow/MiniExamples/mini.MiniExamplesLecture(mini.MiniExamplesLecture__m_6()).Non-interference contract.0.m.key 
13528      DEBUG main            d.u.i.k.p.i.KeYFile       Reading KeY file /home/runner/work/key/key/key.core/../key.ui/examples/InformationFlow/MiniExamples/mini.MiniExamplesLecture(mini.MiniExamplesLecture__m_6()).Non-interference contract.0.m.key 
14424      DEBUG main            d.u.i.k.j.Recoder2KeY     converting now /home/runner/work/key/key/key.core/../key.ui/examples/InformationFlow/MiniExamples/src/mini/MiniExamples.java 
14427      DEBUG main            d.u.i.k.j.Recoder2KeY     converting now /home/runner/work/key/key/key.core/../key.ui/examples/InformationFlow/MiniExamples/src/mini/AliasingExamples.java 
14428      DEBUG main            d.u.i.k.j.Recoder2KeY     converting now /home/runner/work/key/key/key.core/../key.ui/examples/InformationFlow/MiniExamples/src/mini/DifferenceSeqLocset.java 
14430      DEBUG main            d.u.i.k.j.Recoder2KeY     converting now /home/runner/work/key/key/key.core/../key.ui/examples/InformationFlow/MiniExamples/src/mini/MiniExamplesLecture.java 
14436      DEBUG main            d.u.i.k.s.TermLabelSettings TermLabelSettings: Failure while reading the setting "UseOriginLabels".Using the default value: true.The string read was: null 
14438      DEBUG main            d.u.i.k.p.i.KeYFile       Reading KeY file file:/home/runner/work/key/key/key.core/build/resources/main/de/uka/ilkd/key/java/JavaRedux/java/lang/String.key 
16320      DEBUG main            d.u.i.k.p.i.KeYFile       Reading KeY file /home/runner/work/key/key/key.core/../key.ui/examples/InformationFlow/MiniExamples/mini.MiniExamplesLecture(mini.MiniExamplesLecture__m_6()).Non-interference contract.0.m.key 
16321      DEBUG main            d.u.i.k.m.s.ProofScriptEngine 1: 'macro 'infflow-autopilot'' 
16394      DEBUG main            d.u.i.k.p.m.ProofCorrectnessMgt No justification found for rule Class_invariant_axiom_for_mini_MiniExamplesLecture 
16470      INFO  main            d.u.i.k.p.r.p.TestFile    ... finished proof: closed. 
16626      DEBUG main            d.u.i.k.s.TermLabelSettings TermLabelSettings: Failure while reading the setting "UseOriginLabels".Using the default value: true.The string read was: null 
16627      INFO  main            d.u.i.k.p.r.p.TestFile    Now processing file /home/runner/work/key/key/key.core/../key.ui/examples/InformationFlow/MiniExamples/mini.MiniExamplesLecture(mini.MiniExamplesLecture__m_5()).Non-interference contract.0.m.key 
16627      DEBUG main            d.u.i.k.p.i.KeYFile       Reading KeY file /home/runner/work/key/key/key.core/../key.ui/examples/InformationFlow/MiniExamples/mini.MiniExamplesLecture(mini.MiniExamplesLecture__m_5()).Non-interference contract.0.m.key 
17561      DEBUG main            d.u.i.k.j.Recoder2KeY     converting now /home/runner/work/key/key/key.core/../key.ui/examples/InformationFlow/MiniExamples/src/mini/MiniExamples.java 
17563      DEBUG main            d.u.i.k.j.Recoder2KeY     converting now /home/runner/work/key/key/key.core/../key.ui/examples/InformationFlow/MiniExamples/src/mini/AliasingExamples.java 
17565      DEBUG main            d.u.i.k.j.Recoder2KeY     converting now /home/runner/work/key/key/key.core/../key.ui/examples/InformationFlow/MiniExamples/src/mini/DifferenceSeqLocset.java 
17567      DEBUG main            d.u.i.k.j.Recoder2KeY     converting now /home/runner/work/key/key/key.core/../key.ui/examples/InformationFlow/MiniExamples/src/mini/MiniExamplesLecture.java 
17575      DEBUG main            d.u.i.k.s.TermLabelSettings TermLabelSettings: Failure while reading the setting "UseOriginLabels".Using the default value: true.The string read was: null 
17576      DEBUG main            d.u.i.k.p.i.KeYFile       Reading KeY file file:/home/runner/work/key/key/key.core/build/resources/main/de/uka/ilkd/key/java/JavaRedux/java/lang/String.key 
19376      DEBUG main            d.u.i.k.p.i.KeYFile       Reading KeY file /home/runner/work/key/key/key.core/../key.ui/examples/InformationFlow/MiniExamples/mini.MiniExamplesLecture(mini.MiniExamplesLecture__m_5()).Non-interference contract.0.m.key 
19377      DEBUG main            d.u.i.k.m.s.ProofScriptEngine 1: 'macro 'infflow-autopilot'' 
19420      DEBUG main            d.u.i.k.p.m.ProofCorrectnessMgt No justification found for rule Class_invariant_axiom_for_mini_MiniExamplesLecture 
19428      DEBUG main            d.u.i.k.j.TypeConverter   TypeConverter: FieldReference: h; 
19431      DEBUG main            d.u.i.k.j.TypeConverter   TypeConverter: FieldReference: l; 
19444      DEBUG main            d.u.i.k.j.TypeConverter   TypeConverter: FieldReference: l; 
19456      DEBUG main            d.u.i.k.j.TypeConverter   TypeConverter: FieldReference: h; 
19474      DEBUG main            d.u.i.k.j.TypeConverter   TypeConverter: FieldReference: l; 
19558      INFO  main            d.u.i.k.p.r.p.TestFile    ... finished proof: closed. 
19701      DEBUG main            d.u.i.k.s.TermLabelSettings TermLabelSettings: Failure while reading the setting "UseOriginLabels".Using the default value: true.The string read was: null 
19701      INFO  main            d.u.i.k.p.r.p.TestFile    Now processing file /home/runner/work/key/key/key.core/../key.ui/examples/InformationFlow/MiniExamples/mini.MiniExamplesLecture(mini.MiniExamplesLecture__m_4()).Non-interference contract.0.m.key 
19701      DEBUG main            d.u.i.k.p.i.KeYFile       Reading KeY file /home/runner/work/key/key/key.core/../key.ui/examples/InformationFlow/MiniExamples/mini.MiniExamplesLecture(mini.MiniExamplesLecture__m_4()).Non-interference contract.0.m.key 
20603      DEBUG main            d.u.i.k.j.Recoder2KeY     converting now /home/runner/work/key/key/key.core/../key.ui/examples/InformationFlow/MiniExamples/src/mini/MiniExamples.java 
20606      DEBUG main            d.u.i.k.j.Recoder2KeY     converting now /home/runner/work/key/key/key.core/../key.ui/examples/InformationFlow/MiniExamples/src/mini/AliasingExamples.java 
20607      DEBUG main            d.u.i.k.j.Recoder2KeY     converting now /home/runner/work/key/key/key.core/../key.ui/examples/InformationFlow/MiniExamples/src/mini/DifferenceSeqLocset.java 
20609      DEBUG main            d.u.i.k.j.Recoder2KeY     converting now /home/runner/work/key/key/key.core/../key.ui/examples/InformationFlow/MiniExamples/src/mini/MiniExamplesLecture.java 
20614      DEBUG main            d.u.i.k.s.TermLabelSettings TermLabelSettings: Failure while reading the setting "UseOriginLabels".Using the default value: true.The string read was: null 
20615      DEBUG main            d.u.i.k.p.i.KeYFile       Reading KeY file file:/home/runner/work/key/key/key.core/build/resources/main/de/uka/ilkd/key/java/JavaRedux/java/lang/String.key 
22403      DEBUG main            d.u.i.k.p.i.KeYFile       Reading KeY file /home/runner/work/key/key/key.core/../key.ui/examples/InformationFlow/MiniExamples/mini.MiniExamplesLecture(mini.MiniExamplesLecture__m_4()).Non-interference contract.0.m.key 
22404      DEBUG main            d.u.i.k.m.s.ProofScriptEngine 1: 'macro 'infflow-autopilot'' 
22448      DEBUG main            d.u.i.k.p.m.ProofCorrectnessMgt No justification found for rule Class_invariant_axiom_for_mini_MiniExamplesLecture 
22461      DEBUG main            d.u.i.k.j.TypeConverter   TypeConverter: FieldReference: h; 
22471      DEBUG main            d.u.i.k.j.TypeConverter   TypeConverter: FieldReference: h; 
22482      DEBUG main            d.u.i.k.j.TypeConverter   TypeConverter: FieldReference: l; 
22587      INFO  main            d.u.i.k.p.r.p.TestFile    ... finished proof: closed. 
22720      DEBUG main            d.u.i.k.s.TermLabelSettings TermLabelSettings: Failure while reading the setting "UseOriginLabels".Using the default value: true.The string read was: null 
22720      INFO  main            d.u.i.k.p.r.p.TestFile    Now processing file /home/runner/work/key/key/key.core/../key.ui/examples/InformationFlow/MiniExamples/mini.MiniExamplesLecture(mini.MiniExamplesLecture__m_3()).Non-interference contract.0.m.key 
22721      DEBUG main            d.u.i.k.p.i.KeYFile       Reading KeY file /home/runner/work/key/key/key.core/../key.ui/examples/InformationFlow/MiniExamples/mini.MiniExamplesLecture(mini.MiniExamplesLecture__m_3()).Non-interference contract.0.m.key 
23545      DEBUG main            d.u.i.k.j.Recoder2KeY     converting now /home/runner/work/key/key/key.core/../key.ui/examples/InformationFlow/MiniExamples/src/mini/MiniExamples.java 
23547      DEBUG main            d.u.i.k.j.Recoder2KeY     converting now /home/runner/work/key/key/key.core/../key.ui/examples/InformationFlow/MiniExamples/src/mini/AliasingExamples.java 
23548      DEBUG main            d.u.i.k.j.Recoder2KeY     converting now /home/runner/work/key/key/key.core/../key.ui/examples/InformationFlow/MiniExamples/src/mini/DifferenceSeqLocset.java 
23549      DEBUG main            d.u.i.k.j.Recoder2KeY     converting now /home/runner/work/key/key/key.core/../key.ui/examples/InformationFlow/MiniExamples/src/mini/MiniExamplesLecture.java 
23554      DEBUG main            d.u.i.k.s.TermLabelSettings TermLabelSettings: Failure while reading the setting "UseOriginLabels".Using the default value: true.The string read was: null 
23556      DEBUG main            d.u.i.k.p.i.KeYFile       Reading KeY file file:/home/runner/work/key/key/key.core/build/resources/main/de/uka/ilkd/key/java/JavaRedux/java/lang/String.key 
25358      DEBUG main            d.u.i.k.p.i.KeYFile       Reading KeY file /home/runner/work/key/key/key.core/../key.ui/examples/InformationFlow/MiniExamples/mini.MiniExamplesLecture(mini.MiniExamplesLecture__m_3()).Non-interference contract.0.m.key 
25359      DEBUG main            d.u.i.k.m.s.ProofScriptEngine 1: 'macro 'infflow-autopilot'' 
25403      DEBUG main            d.u.i.k.p.m.ProofCorrectnessMgt No justification found for rule Class_invariant_axiom_for_mini_MiniExamplesLecture 
25413      DEBUG main            d.u.i.k.j.TypeConverter   TypeConverter: FieldReference: h; 
25432      DEBUG main            d.u.i.k.j.TypeConverter   TypeConverter: FieldReference: l; 
25449      DEBUG main            d.u.i.k.j.TypeConverter   TypeConverter: FieldReference: l; 
25717      INFO  main            d.u.i.k.p.r.p.TestFile    ... finished proof: open goal(s) 
25879      DEBUG main            d.u.i.k.s.TermLabelSettings TermLabelSettings: Failure while reading the setting "UseOriginLabels".Using the default value: true.The string read was: null 
25879      INFO  main            d.u.i.k.p.r.p.TestFile    Now processing file /home/runner/work/key/key/key.core/../key.ui/examples/InformationFlow/MiniExamples/mini.MiniExamplesLecture(mini.MiniExamplesLecture__m_2()).Non-interference contract.0.m.key 
25880      DEBUG main            d.u.i.k.p.i.KeYFile       Reading KeY file /home/runner/work/key/key/key.core/../key.ui/examples/InformationFlow/MiniExamples/mini.MiniExamplesLecture(mini.MiniExamplesLecture__m_2()).Non-interference contract.0.m.key 
26698      DEBUG main            d.u.i.k.j.Recoder2KeY     converting now /home/runner/work/key/key/key.core/../key.ui/examples/InformationFlow/MiniExamples/src/mini/MiniExamples.java 
26699      DEBUG main            d.u.i.k.j.Recoder2KeY     converting now /home/runner/work/key/key/key.core/../key.ui/examples/InformationFlow/MiniExamples/src/mini/AliasingExamples.java 
26700      DEBUG main            d.u.i.k.j.Recoder2KeY     converting now /home/runner/work/key/key/key.core/../key.ui/examples/InformationFlow/MiniExamples/src/mini/DifferenceSeqLocset.java 
26701      DEBUG main            d.u.i.k.j.Recoder2KeY     converting now /home/runner/work/key/key/key.core/../key.ui/examples/InformationFlow/MiniExamples/src/mini/MiniExamplesLecture.java 
26706      DEBUG main            d.u.i.k.s.TermLabelSettings TermLabelSettings: Failure while reading the setting "UseOriginLabels".Using the default value: true.The string read was: null 
26707      DEBUG main            d.u.i.k.p.i.KeYFile       Reading KeY file file:/home/runner/work/key/key/key.core/build/resources/main/de/uka/ilkd/key/java/JavaRedux/java/lang/String.key 
28491      DEBUG main            d.u.i.k.p.i.KeYFile       Reading KeY file /home/runner/work/key/key/key.core/../key.ui/examples/InformationFlow/MiniExamples/mini.MiniExamplesLecture(mini.MiniExamplesLecture__m_2()).Non-interference contract.0.m.key 
28491      DEBUG main            d.u.i.k.m.s.ProofScriptEngine 1: 'macro 'infflow-autopilot'' 
28531      DEBUG main            d.u.i.k.p.m.ProofCorrectnessMgt No justification found for rule Class_invariant_axiom_for_mini_MiniExamplesLecture 
28540      DEBUG main            d.u.i.k.j.TypeConverter   TypeConverter: FieldReference: l; 
28557      DEBUG main            d.u.i.k.j.TypeConverter   TypeConverter: FieldReference: h; 
28575      DEBUG main            d.u.i.k.j.TypeConverter   TypeConverter: FieldReference: h; 
28728      INFO  main            d.u.i.k.p.r.p.TestFile    ... finished proof: closed. 
28915      DEBUG main            d.u.i.k.s.TermLabelSettings TermLabelSettings: Failure while reading the setting "UseOriginLabels".Using the default value: true.The string read was: null 
28916      INFO  main            d.u.i.k.p.r.p.TestFile    Now processing file /home/runner/work/key/key/key.core/../key.ui/examples/InformationFlow/MiniExamples/mini.MiniExamplesLecture(mini.MiniExamplesLecture__m_1()).Non-interference contract.0.m.key 
28916      DEBUG main            d.u.i.k.p.i.KeYFile       Reading KeY file /home/runner/work/key/key/key.core/../key.ui/examples/InformationFlow/MiniExamples/mini.MiniExamplesLecture(mini.MiniExamplesLecture__m_1()).Non-interference contract.0.m.key 
29761      DEBUG main            d.u.i.k.j.Recoder2KeY     converting now /home/runner/work/key/key/key.core/../key.ui/examples/InformationFlow/MiniExamples/src/mini/MiniExamples.java 
29762      DEBUG main            d.u.i.k.j.Recoder2KeY     converting now /home/runner/work/key/key/key.core/../key.ui/examples/InformationFlow/MiniExamples/src/mini/AliasingExamples.java 
29763      DEBUG main            d.u.i.k.j.Recoder2KeY     converting now /home/runner/work/key/key/key.core/../key.ui/examples/InformationFlow/MiniExamples/src/mini/DifferenceSeqLocset.java 
29771      DEBUG main            d.u.i.k.j.Recoder2KeY     converting now /home/runner/work/key/key/key.core/../key.ui/examples/InformationFlow/MiniExamples/src/mini/MiniExamplesLecture.java 
29777      DEBUG main            d.u.i.k.s.TermLabelSettings TermLabelSettings: Failure while reading the setting "UseOriginLabels".Using the default value: true.The string read was: null 
29778      DEBUG main            d.u.i.k.p.i.KeYFile       Reading KeY file file:/home/runner/work/key/key/key.core/build/resources/main/de/uka/ilkd/key/java/JavaRedux/java/lang/String.key 
31549      DEBUG main            d.u.i.k.p.i.KeYFile       Reading KeY file /home/runner/work/key/key/key.core/../key.ui/examples/InformationFlow/MiniExamples/mini.MiniExamplesLecture(mini.MiniExamplesLecture__m_1()).Non-interference contract.0.m.key 
31549      DEBUG main            d.u.i.k.m.s.ProofScriptEngine 1: 'macro 'infflow-autopilot'' 
31585      DEBUG main            d.u.i.k.p.m.ProofCorrectnessMgt No justification found for rule Class_invariant_axiom_for_mini_MiniExamplesLecture 
31590      DEBUG main            d.u.i.k.j.TypeConverter   TypeConverter: FieldReference: h; 
31593      DEBUG main            d.u.i.k.j.TypeConverter   TypeConverter: FieldReference: l; 
31689      INFO  main            d.u.i.k.p.r.p.TestFile    ... finished proof: open goal(s) 
31859      DEBUG main            d.u.i.k.s.TermLabelSettings TermLabelSettings: Failure while reading the setting "UseOriginLabels".Using the default value: true.The string read was: null 
31859      INFO  main            d.u.i.k.p.r.p.TestFile    Now processing file /home/runner/work/key/key/key.core/../key.ui/examples/InformationFlow/MiniExamples/mini.DifferenceSeqLocset(mini.DifferenceSeqLocset__m()).Non-interference contract.1.m.key 
31860      DEBUG main            d.u.i.k.p.i.KeYFile       Reading KeY file /home/runner/work/key/key/key.core/../key.ui/examples/InformationFlow/MiniExamples/mini.DifferenceSeqLocset(mini.DifferenceSeqLocset__m()).Non-interference contract.1.m.key 
32671      DEBUG main            d.u.i.k.j.Recoder2KeY     converting now /home/runner/work/key/key/key.core/../key.ui/examples/InformationFlow/MiniExamples/src/mini/MiniExamples.java 
32673      DEBUG main            d.u.i.k.j.Recoder2KeY     converting now /home/runner/work/key/key/key.core/../key.ui/examples/InformationFlow/MiniExamples/src/mini/AliasingExamples.java 
32674      DEBUG main            d.u.i.k.j.Recoder2KeY     converting now /home/runner/work/key/key/key.core/../key.ui/examples/InformationFlow/MiniExamples/src/mini/DifferenceSeqLocset.java 
32675      DEBUG main            d.u.i.k.j.Recoder2KeY     converting now /home/runner/work/key/key/key.core/../key.ui/examples/InformationFlow/MiniExamples/src/mini/MiniExamplesLecture.java 
32680      DEBUG main            d.u.i.k.s.TermLabelSettings TermLabelSettings: Failure while reading the setting "UseOriginLabels".Using the default value: true.The string read was: null 
32681      DEBUG main            d.u.i.k.p.i.KeYFile       Reading KeY file file:/home/runner/work/key/key/key.core/build/resources/main/de/uka/ilkd/key/java/JavaRedux/java/lang/String.key 
34425      DEBUG main            d.u.i.k.p.i.KeYFile       Reading KeY file /home/runner/work/key/key/key.core/../key.ui/examples/InformationFlow/MiniExamples/mini.DifferenceSeqLocset(mini.DifferenceSeqLocset__m()).Non-interference contract.1.m.key 
34426      DEBUG main            d.u.i.k.m.s.ProofScriptEngine 1: 'macro 'infflow-autopilot'' 
34474      DEBUG main            d.u.i.k.p.m.ProofCorrectnessMgt No justification found for rule Class_invariant_axiom_for_mini_DifferenceSeqLocset 
34483      DEBUG main            d.u.i.k.j.TypeConverter   typeconverter: (prefix this;, class class de.uka.ilkd.key.java.reference.ThisReference) 
34493      DEBUG main            d.u.i.k.j.TypeConverter   TypeConverter: FieldReference: l2; 
34495      DEBUG main            d.u.i.k.j.TypeConverter   TypeConverter: FieldReference: l3; 
34506      DEBUG main            d.u.i.k.j.TypeConverter   TypeConverter: FieldReference: l1; 
34508      DEBUG main            d.u.i.k.j.TypeConverter   TypeConverter: FieldReference: l3; 
35026      INFO  main            d.u.i.k.p.r.p.TestFile    ... finished proof: open goal(s) 
35180      DEBUG main            d.u.i.k.s.TermLabelSettings TermLabelSettings: Failure while reading the setting "UseOriginLabels".Using the default value: true.The string read was: null 
35180      INFO  main            d.u.i.k.p.r.p.TestFile    Now processing file /home/runner/work/key/key/key.core/../key.ui/examples/InformationFlow/MiniExamples/mini.DifferenceSeqLocset(mini.DifferenceSeqLocset__m()).Non-interference contract.0.m.key 
35181      DEBUG main            d.u.i.k.p.i.KeYFile       Reading KeY file /home/runner/work/key/key/key.core/../key.ui/examples/InformationFlow/MiniExamples/mini.DifferenceSeqLocset(mini.DifferenceSeqLocset__m()).Non-interference contract.0.m.key 
36044      DEBUG main            d.u.i.k.j.Recoder2KeY     converting now /home/runner/work/key/key/key.core/../key.ui/examples/InformationFlow/MiniExamples/src/mini/MiniExamples.java 
36045      DEBUG main            d.u.i.k.j.Recoder2KeY     converting now /home/runner/work/key/key/key.core/../key.ui/examples/InformationFlow/MiniExamples/src/mini/AliasingExamples.java 
36048      DEBUG main            d.u.i.k.j.Recoder2KeY     converting now /home/runner/work/key/key/key.core/../key.ui/examples/InformationFlow/MiniExamples/src/mini/DifferenceSeqLocset.java 
36049      DEBUG main            d.u.i.k.j.Recoder2KeY     converting now /home/runner/work/key/key/key.core/../key.ui/examples/InformationFlow/MiniExamples/src/mini/MiniExamplesLecture.java 
36054      DEBUG main            d.u.i.k.s.TermLabelSettings TermLabelSettings: Failure while reading the setting "UseOriginLabels".Using the default value: true.The string read was: null 
36055      DEBUG main            d.u.i.k.p.i.KeYFile       Reading KeY file file:/home/runner/work/key/key/key.core/build/resources/main/de/uka/ilkd/key/java/JavaRedux/java/lang/String.key 
37761      DEBUG main            d.u.i.k.p.i.KeYFile       Reading KeY file /home/runner/work/key/key/key.core/../key.ui/examples/InformationFlow/MiniExamples/mini.DifferenceSeqLocset(mini.DifferenceSeqLocset__m()).Non-interference contract.0.m.key 
37762      DEBUG main            d.u.i.k.m.s.ProofScriptEngine 1: 'macro 'infflow-autopilot'' 
37795      DEBUG main            d.u.i.k.p.m.ProofCorrectnessMgt No justification found for rule Class_invariant_axiom_for_mini_DifferenceSeqLocset 
37803      DEBUG main            d.u.i.k.j.TypeConverter   typeconverter: (prefix this;, class class de.uka.ilkd.key.java.reference.ThisReference) 
37813      DEBUG main            d.u.i.k.j.TypeConverter   TypeConverter: FieldReference: l2; 
37816      DEBUG main            d.u.i.k.j.TypeConverter   TypeConverter: FieldReference: l3; 
37826      DEBUG main            d.u.i.k.j.TypeConverter   TypeConverter: FieldReference: l1; 
37829      DEBUG main            d.u.i.k.j.TypeConverter   TypeConverter: FieldReference: l3; 
39365      INFO  main            d.u.i.k.p.r.p.TestFile    ... finished proof: open goal(s) 
39544      DEBUG main            d.u.i.k.s.TermLabelSettings TermLabelSettings: Failure while reading the setting "UseOriginLabels".Using the default value: true.The string read was: null 
39544      INFO  main            d.u.i.k.p.r.p.TestFile    Now processing file /home/runner/work/key/key/key.core/../key.ui/examples/InformationFlow/MiniExamples/mini.MiniExamples(mini.MiniExamples__secure_p2_8()).Non-interference contract.0.m.key 
39545      DEBUG main            d.u.i.k.p.i.KeYFile       Reading KeY file /home/runner/work/key/key/key.core/../key.ui/examples/InformationFlow/MiniExamples/mini.MiniExamples(mini.MiniExamples__secure_p2_8()).Non-interference contract.0.m.key 
40382      DEBUG main            d.u.i.k.j.Recoder2KeY     converting now /home/runner/work/key/key/key.core/../key.ui/examples/InformationFlow/MiniExamples/src/mini/MiniExamples.java 
40384      DEBUG main            d.u.i.k.j.Recoder2KeY     converting now /home/runner/work/key/key/key.core/../key.ui/examples/InformationFlow/MiniExamples/src/mini/AliasingExamples.java 
40384      DEBUG main            d.u.i.k.j.Recoder2KeY     converting now /home/runner/work/key/key/key.core/../key.ui/examples/InformationFlow/MiniExamples/src/mini/DifferenceSeqLocset.java 
40386      DEBUG main            d.u.i.k.j.Recoder2KeY     converting now /home/runner/work/key/key/key.core/../key.ui/examples/InformationFlow/MiniExamples/src/mini/MiniExamplesLecture.java 
40390      DEBUG main            d.u.i.k.s.TermLabelSettings TermLabelSettings: Failure while reading the setting "UseOriginLabels".Using the default value: true.The string read was: null 
40391      DEBUG main            d.u.i.k.p.i.KeYFile       Reading KeY file file:/home/runner/work/key/key/key.core/build/resources/main/de/uka/ilkd/key/java/JavaRedux/java/lang/String.key 
42086      DEBUG main            d.u.i.k.p.i.KeYFile       Reading KeY file /home/runner/work/key/key/key.core/../key.ui/examples/InformationFlow/MiniExamples/mini.MiniExamples(mini.MiniExamples__secure_p2_8()).Non-interference contract.0.m.key 
42086      DEBUG main            d.u.i.k.m.s.ProofScriptEngine 1: 'macro 'infflow-autopilot'' 
42118      DEBUG main            d.u.i.k.p.m.ProofCorrectnessMgt No justification found for rule Class_invariant_axiom_for_mini_MiniExamples 
42125      DEBUG main            d.u.i.k.j.TypeConverter   TypeConverter: FieldReference: h; 
42138      DEBUG main            d.u.i.k.j.TypeConverter   TypeConverter: FieldReference: l; 
42146      DEBUG main            d.u.i.k.j.TypeConverter   TypeConverter: FieldReference: l; 
42156      DEBUG main            d.u.i.k.j.TypeConverter   TypeConverter: FieldReference: l; 
42164      DEBUG main            d.u.i.k.j.TypeConverter   TypeConverter: FieldReference: l; 
42319      INFO  main            d.u.i.k.p.r.p.TestFile    ... finished proof: closed. 
42520      DEBUG main            d.u.i.k.s.TermLabelSettings TermLabelSettings: Failure while reading the setting "UseOriginLabels".Using the default value: true.The string read was: null 
42520      INFO  main            d.u.i.k.p.r.p.TestFile    Now processing file /home/runner/work/key/key/key.core/../key.ui/examples/InformationFlow/MiniExamples/mini.MiniExamples(mini.MiniExamples__secure_parameter(int)).Non-interference contract.0.m.key 
42521      DEBUG main            d.u.i.k.p.i.KeYFile       Reading KeY file /home/runner/work/key/key/key.core/../key.ui/examples/InformationFlow/MiniExamples/mini.MiniExamples(mini.MiniExamples__secure_parameter(int)).Non-interference contract.0.m.key 
43359      DEBUG main            d.u.i.k.j.Recoder2KeY     converting now /home/runner/work/key/key/key.core/../key.ui/examples/InformationFlow/MiniExamples/src/mini/MiniExamples.java 
43361      DEBUG main            d.u.i.k.j.Recoder2KeY     converting now /home/runner/work/key/key/key.core/../key.ui/examples/InformationFlow/MiniExamples/src/mini/AliasingExamples.java 
43362      DEBUG main            d.u.i.k.j.Recoder2KeY     converting now /home/runner/work/key/key/key.core/../key.ui/examples/InformationFlow/MiniExamples/src/mini/DifferenceSeqLocset.java 
43363      DEBUG main            d.u.i.k.j.Recoder2KeY     converting now /home/runner/work/key/key/key.core/../key.ui/examples/InformationFlow/MiniExamples/src/mini/MiniExamplesLecture.java 
43368      DEBUG main            d.u.i.k.s.TermLabelSettings TermLabelSettings: Failure while reading the setting "UseOriginLabels".Using the default value: true.The string read was: null 
43369      DEBUG main            d.u.i.k.p.i.KeYFile       Reading KeY file file:/home/runner/work/key/key/key.core/build/resources/main/de/uka/ilkd/key/java/JavaRedux/java/lang/String.key 
45125      DEBUG main            d.u.i.k.p.i.KeYFile       Reading KeY file /home/runner/work/key/key/key.core/../key.ui/examples/InformationFlow/MiniExamples/mini.MiniExamples(mini.MiniExamples__secure_parameter(int)).Non-interference contract.0.m.key 
45126      DEBUG main            d.u.i.k.m.s.ProofScriptEngine 1: 'macro 'infflow-autopilot'' 
45164      DEBUG main            d.u.i.k.p.m.ProofCorrectnessMgt No justification found for rule Class_invariant_axiom_for_mini_MiniExamples 
45321      INFO  main            d.u.i.k.p.r.p.TestFile    ... finished proof: closed. 
45492      DEBUG main            d.u.i.k.s.TermLabelSettings TermLabelSettings: Failure while reading the setting "UseOriginLabels".Using the default value: true.The string read was: null 
45492      INFO  main            d.u.i.k.p.r.p.TestFile    Now processing file /home/runner/work/key/key/key.core/../key.ui/examples/InformationFlow/MiniExamples/mini.MiniExamples(mini.MiniExamples__secure_p2_7()).Non-interference contract.0.m.key 
45493      DEBUG main            d.u.i.k.p.i.KeYFile       Reading KeY file /home/runner/work/key/key/key.core/../key.ui/examples/InformationFlow/MiniExamples/mini.MiniExamples(mini.MiniExamples__secure_p2_7()).Non-interference contract.0.m.key 
46299      DEBUG main            d.u.i.k.j.Recoder2KeY     converting now /home/runner/work/key/key/key.core/../key.ui/examples/InformationFlow/MiniExamples/src/mini/MiniExamples.java 
46301      DEBUG main            d.u.i.k.j.Recoder2KeY     converting now /home/runner/work/key/key/key.core/../key.ui/examples/InformationFlow/MiniExamples/src/mini/AliasingExamples.java 
46302      DEBUG main            d.u.i.k.j.Recoder2KeY     converting now /home/runner/work/key/key/key.core/../key.ui/examples/InformationFlow/MiniExamples/src/mini/DifferenceSeqLocset.java 
46303      DEBUG main            d.u.i.k.j.Recoder2KeY     converting now /home/runner/work/key/key/key.core/../key.ui/examples/InformationFlow/MiniExamples/src/mini/MiniExamplesLecture.java 
46308      DEBUG main            d.u.i.k.s.TermLabelSettings TermLabelSettings: Failure while reading the setting "UseOriginLabels".Using the default value: true.The string read was: null 
46309      DEBUG main            d.u.i.k.p.i.KeYFile       Reading KeY file file:/home/runner/work/key/key/key.core/build/resources/main/de/uka/ilkd/key/java/JavaRedux/java/lang/String.key 
48062      DEBUG main            d.u.i.k.p.i.KeYFile       Reading KeY file /home/runner/work/key/key/key.core/../key.ui/examples/InformationFlow/MiniExamples/mini.MiniExamples(mini.MiniExamples__secure_p2_7()).Non-interference contract.0.m.key 
48063      DEBUG main            d.u.i.k.m.s.ProofScriptEngine 1: 'macro 'infflow-autopilot'' 
48094      DEBUG main            d.u.i.k.p.m.ProofCorrectnessMgt No justification found for rule Class_invariant_axiom_for_mini_MiniExamples 
48101      DEBUG main            d.u.i.k.j.TypeConverter   TypeConverter: FieldReference: h; 
48117      DEBUG main            d.u.i.k.j.TypeConverter   TypeConverter: FieldReference: l; 
48125      DEBUG main            d.u.i.k.j.TypeConverter   TypeConverter: FieldReference: l; 
48136      DEBUG main            d.u.i.k.j.TypeConverter   TypeConverter: FieldReference: l; 
48144      DEBUG main            d.u.i.k.j.TypeConverter   TypeConverter: FieldReference: l; 
48309      INFO  main            d.u.i.k.p.r.p.TestFile    ... finished proof: closed. 
48479      DEBUG main            d.u.i.k.s.TermLabelSettings TermLabelSettings: Failure while reading the setting "UseOriginLabels".Using the default value: true.The string read was: null 
48479      INFO  main            d.u.i.k.p.r.p.TestFile    Now processing file /home/runner/work/key/key/key.core/../key.ui/examples/InformationFlow/MiniExamples/mini.MiniExamples(mini.MiniExamples__insecure_p2_2()).Non-interference contract.0.m.key 
48480      DEBUG main            d.u.i.k.p.i.KeYFile       Reading KeY file /home/runner/work/key/key/key.core/../key.ui/examples/InformationFlow/MiniExamples/mini.MiniExamples(mini.MiniExamples__insecure_p2_2()).Non-interference contract.0.m.key 
49284      DEBUG main            d.u.i.k.j.Recoder2KeY     converting now /home/runner/work/key/key/key.core/../key.ui/examples/InformationFlow/MiniExamples/src/mini/MiniExamples.java 
49286      DEBUG main            d.u.i.k.j.Recoder2KeY     converting now /home/runner/work/key/key/key.core/../key.ui/examples/InformationFlow/MiniExamples/src/mini/AliasingExamples.java 
49287      DEBUG main            d.u.i.k.j.Recoder2KeY     converting now /home/runner/work/key/key/key.core/../key.ui/examples/InformationFlow/MiniExamples/src/mini/DifferenceSeqLocset.java 
49288      DEBUG main            d.u.i.k.j.Recoder2KeY     converting now /home/runner/work/key/key/key.core/../key.ui/examples/InformationFlow/MiniExamples/src/mini/MiniExamplesLecture.java 
49293      DEBUG main            d.u.i.k.s.TermLabelSettings TermLabelSettings: Failure while reading the setting "UseOriginLabels".Using the default value: true.The string read was: null 
49294      DEBUG main            d.u.i.k.p.i.KeYFile       Reading KeY file file:/home/runner/work/key/key/key.core/build/resources/main/de/uka/ilkd/key/java/JavaRedux/java/lang/String.key 
51032      DEBUG main            d.u.i.k.p.i.KeYFile       Reading KeY file /home/runner/work/key/key/key.core/../key.ui/examples/InformationFlow/MiniExamples/mini.MiniExamples(mini.MiniExamples__insecure_p2_2()).Non-interference contract.0.m.key 
51033      DEBUG main            d.u.i.k.m.s.ProofScriptEngine 1: 'macro 'infflow-autopilot'' 
51063      DEBUG main            d.u.i.k.p.m.ProofCorrectnessMgt No justification found for rule Class_invariant_axiom_for_mini_MiniExamples 
51069      DEBUG main            d.u.i.k.j.TypeConverter   TypeConverter: FieldReference: h; 
51083      DEBUG main            d.u.i.k.j.TypeConverter   TypeConverter: FieldReference: l; 
51093      DEBUG main            d.u.i.k.j.TypeConverter   TypeConverter: FieldReference: l; 
51262      INFO  main            d.u.i.k.p.r.p.TestFile    ... finished proof: open goal(s) 
51444      DEBUG main            d.u.i.k.s.TermLabelSettings TermLabelSettings: Failure while reading the setting "UseOriginLabels".Using the default value: true.The string read was: null 
51444      INFO  main            d.u.i.k.p.r.p.TestFile    Now processing file /home/runner/work/key/key/key.core/../key.ui/examples/InformationFlow/MiniExamples/mini.MiniExamples(mini.MiniExamples__secure_p2_6()).Non-interference contract.0.m.key 
51445      DEBUG main            d.u.i.k.p.i.KeYFile       Reading KeY file /home/runner/work/key/key/key.core/../key.ui/examples/InformationFlow/MiniExamples/mini.MiniExamples(mini.MiniExamples__secure_p2_6()).Non-interference contract.0.m.key 
52244      DEBUG main            d.u.i.k.j.Recoder2KeY     converting now /home/runner/work/key/key/key.core/../key.ui/examples/InformationFlow/MiniExamples/src/mini/MiniExamples.java 
52246      DEBUG main            d.u.i.k.j.Recoder2KeY     converting now /home/runner/work/key/key/key.core/../key.ui/examples/InformationFlow/MiniExamples/src/mini/AliasingExamples.java 
52247      DEBUG main            d.u.i.k.j.Recoder2KeY     converting now /home/runner/work/key/key/key.core/../key.ui/examples/InformationFlow/MiniExamples/src/mini/DifferenceSeqLocset.java 
52248      DEBUG main            d.u.i.k.j.Recoder2KeY     converting now /home/runner/work/key/key/key.core/../key.ui/examples/InformationFlow/MiniExamples/src/mini/MiniExamplesLecture.java 
52256      DEBUG main            d.u.i.k.s.TermLabelSettings TermLabelSettings: Failure while reading the setting "UseOriginLabels".Using the default value: true.The string read was: null 
52257      DEBUG main            d.u.i.k.p.i.KeYFile       Reading KeY file file:/home/runner/work/key/key/key.core/build/resources/main/de/uka/ilkd/key/java/JavaRedux/java/lang/String.key 
53999      DEBUG main            d.u.i.k.p.i.KeYFile       Reading KeY file /home/runner/work/key/key/key.core/../key.ui/examples/InformationFlow/MiniExamples/mini.MiniExamples(mini.MiniExamples__secure_p2_6()).Non-interference contract.0.m.key 
53999      DEBUG main            d.u.i.k.m.s.ProofScriptEngine 1: 'macro 'infflow-autopilot'' 
54029      DEBUG main            d.u.i.k.p.m.ProofCorrectnessMgt No justification found for rule Class_invariant_axiom_for_mini_MiniExamples 
54109      INFO  main            d.u.i.k.p.r.p.TestFile    ... finished proof: closed. 
54316      DEBUG main            d.u.i.k.s.TermLabelSettings TermLabelSettings: Failure while reading the setting "UseOriginLabels".Using the default value: true.The string read was: null 
54316      INFO  main            d.u.i.k.p.r.p.TestFile    Now processing file /home/runner/work/key/key/key.core/../key.ui/examples/InformationFlow/MiniExamples/mini.MiniExamples(mini.MiniExamples__secure_p2_5()).Non-interference contract.0.m.key 
54316      DEBUG main            d.u.i.k.p.i.KeYFile       Reading KeY file /home/runner/work/key/key/key.core/../key.ui/examples/InformationFlow/MiniExamples/mini.MiniExamples(mini.MiniExamples__secure_p2_5()).Non-interference contract.0.m.key 
55100      DEBUG main            d.u.i.k.j.Recoder2KeY     converting now /home/runner/work/key/key/key.core/../key.ui/examples/InformationFlow/MiniExamples/src/mini/MiniExamples.java 
55101      DEBUG main            d.u.i.k.j.Recoder2KeY     converting now /home/runner/work/key/key/key.core/../key.ui/examples/InformationFlow/MiniExamples/src/mini/AliasingExamples.java 
55102      DEBUG main            d.u.i.k.j.Recoder2KeY     converting now /home/runner/work/key/key/key.core/../key.ui/examples/InformationFlow/MiniExamples/src/mini/DifferenceSeqLocset.java 
55103      DEBUG main            d.u.i.k.j.Recoder2KeY     converting now /home/runner/work/key/key/key.core/../key.ui/examples/InformationFlow/MiniExamples/src/mini/MiniExamplesLecture.java 
55108      DEBUG main            d.u.i.k.s.TermLabelSettings TermLabelSettings: Failure while reading the setting "UseOriginLabels".Using the default value: true.The string read was: null 
55109      DEBUG main            d.u.i.k.p.i.KeYFile       Reading KeY file file:/home/runner/work/key/key/key.core/build/resources/main/de/uka/ilkd/key/java/JavaRedux/java/lang/String.key 
56821      DEBUG main            d.u.i.k.p.i.KeYFile       Reading KeY file /home/runner/work/key/key/key.core/../key.ui/examples/InformationFlow/MiniExamples/mini.MiniExamples(mini.MiniExamples__secure_p2_5()).Non-interference contract.0.m.key 
56822      DEBUG main            d.u.i.k.m.s.ProofScriptEngine 1: 'macro 'infflow-autopilot'' 
56874      DEBUG main            d.u.i.k.p.m.ProofCorrectnessMgt No justification found for rule Class_invariant_axiom_for_mini_MiniExamples 
56880      DEBUG main            d.u.i.k.j.TypeConverter   TypeConverter: FieldReference: h; 
56882      DEBUG main            d.u.i.k.j.TypeConverter   TypeConverter: FieldReference: l; 
56890      DEBUG main            d.u.i.k.j.TypeConverter   TypeConverter: FieldReference: l; 
56900      DEBUG main            d.u.i.k.j.TypeConverter   TypeConverter: FieldReference: h; 
56916      DEBUG main            d.u.i.k.j.TypeConverter   TypeConverter: FieldReference: l; 
56980      INFO  main            d.u.i.k.p.r.p.TestFile    ... finished proof: closed. 
57154      DEBUG main            d.u.i.k.s.TermLabelSettings TermLabelSettings: Failure while reading the setting "UseOriginLabels".Using the default value: true.The string read was: null 
57154      INFO  main            d.u.i.k.p.r.p.TestFile    Now processing file /home/runner/work/key/key/key.core/../key.ui/examples/InformationFlow/MiniExamples/mini.MiniExamples(mini.MiniExamples__secure_p2_4()).Non-interference contract.0.m.key 
57154      DEBUG main            d.u.i.k.p.i.KeYFile       Reading KeY file /home/runner/work/key/key/key.core/../key.ui/examples/InformationFlow/MiniExamples/mini.MiniExamples(mini.MiniExamples__secure_p2_4()).Non-interference contract.0.m.key 
57939      DEBUG main            d.u.i.k.j.Recoder2KeY     converting now /home/runner/work/key/key/key.core/../key.ui/examples/InformationFlow/MiniExamples/src/mini/MiniExamples.java 
57941      DEBUG main            d.u.i.k.j.Recoder2KeY     converting now /home/runner/work/key/key/key.core/../key.ui/examples/InformationFlow/MiniExamples/src/mini/AliasingExamples.java 
57941      DEBUG main            d.u.i.k.j.Recoder2KeY     converting now /home/runner/work/key/key/key.core/../key.ui/examples/InformationFlow/MiniExamples/src/mini/DifferenceSeqLocset.java 
57942      DEBUG main            d.u.i.k.j.Recoder2KeY     converting now /home/runner/work/key/key/key.core/../key.ui/examples/InformationFlow/MiniExamples/src/mini/MiniExamplesLecture.java 
57946      DEBUG main            d.u.i.k.s.TermLabelSettings TermLabelSettings: Failure while reading the setting "UseOriginLabels".Using the default value: true.The string read was: null 
57947      DEBUG main            d.u.i.k.p.i.KeYFile       Reading KeY file file:/home/runner/work/key/key/key.core/build/resources/main/de/uka/ilkd/key/java/JavaRedux/java/lang/String.key 
59648      DEBUG main            d.u.i.k.p.i.KeYFile       Reading KeY file /home/runner/work/key/key/key.core/../key.ui/examples/InformationFlow/MiniExamples/mini.MiniExamples(mini.MiniExamples__secure_p2_4()).Non-interference contract.0.m.key 
59649      DEBUG main            d.u.i.k.m.s.ProofScriptEngine 1: 'macro 'infflow-autopilot'' 
59679      DEBUG main            d.u.i.k.p.m.ProofCorrectnessMgt No justification found for rule Class_invariant_axiom_for_mini_MiniExamples 
59684      DEBUG main            d.u.i.k.j.TypeConverter   TypeConverter: FieldReference: l; 
59686      DEBUG main            d.u.i.k.j.TypeConverter   TypeConverter: FieldReference: h; 
59692      DEBUG main            d.u.i.k.j.TypeConverter   TypeConverter: FieldReference: h; 
59700      DEBUG main            d.u.i.k.j.TypeConverter   TypeConverter: FieldReference: l; 
59769      INFO  main            d.u.i.k.p.r.p.TestFile    ... finished proof: closed. 
59952      DEBUG main            d.u.i.k.s.TermLabelSettings TermLabelSettings: Failure while reading the setting "UseOriginLabels".Using the default value: true.The string read was: null 
59952      INFO  main            d.u.i.k.p.r.p.TestFile    Now processing file /home/runner/work/key/key/key.core/../key.ui/examples/InformationFlow/MiniExamples/mini.MiniExamples(mini.MiniExamples__secure_p2_3()).Non-interference contract.0.m.key 
59952      DEBUG main            d.u.i.k.p.i.KeYFile       Reading KeY file /home/runner/work/key/key/key.core/../key.ui/examples/InformationFlow/MiniExamples/mini.MiniExamples(mini.MiniExamples__secure_p2_3()).Non-interference contract.0.m.key 
60762      DEBUG main            d.u.i.k.j.Recoder2KeY     converting now /home/runner/work/key/key/key.core/../key.ui/examples/InformationFlow/MiniExamples/src/mini/MiniExamples.java 
60763      DEBUG main            d.u.i.k.j.Recoder2KeY     converting now /home/runner/work/key/key/key.core/../key.ui/examples/InformationFlow/MiniExamples/src/mini/AliasingExamples.java 
60764      DEBUG main            d.u.i.k.j.Recoder2KeY     converting now /home/runner/work/key/key/key.core/../key.ui/examples/InformationFlow/MiniExamples/src/mini/DifferenceSeqLocset.java 
60765      DEBUG main            d.u.i.k.j.Recoder2KeY     converting now /home/runner/work/key/key/key.core/../key.ui/examples/InformationFlow/MiniExamples/src/mini/MiniExamplesLecture.java 
60769      DEBUG main            d.u.i.k.s.TermLabelSettings TermLabelSettings: Failure while reading the setting "UseOriginLabels".Using the default value: true.The string read was: null 
60771      DEBUG main            d.u.i.k.p.i.KeYFile       Reading KeY file file:/home/runner/work/key/key/key.core/build/resources/main/de/uka/ilkd/key/java/JavaRedux/java/lang/String.key 
62458      DEBUG main            d.u.i.k.p.i.KeYFile       Reading KeY file /home/runner/work/key/key/key.core/../key.ui/examples/InformationFlow/MiniExamples/mini.MiniExamples(mini.MiniExamples__secure_p2_3()).Non-interference contract.0.m.key 
62459      DEBUG main            d.u.i.k.m.s.ProofScriptEngine 1: 'macro 'infflow-autopilot'' 
62488      DEBUG main            d.u.i.k.p.m.ProofCorrectnessMgt No justification found for rule Class_invariant_axiom_for_mini_MiniExamples 
62493      DEBUG main            d.u.i.k.j.TypeConverter   TypeConverter: FieldReference: h; 
62496      DEBUG main            d.u.i.k.j.TypeConverter   TypeConverter: FieldReference: l; 
62503      DEBUG main            d.u.i.k.j.TypeConverter   TypeConverter: FieldReference: l; 
62571      INFO  main            d.u.i.k.p.r.p.TestFile    ... finished proof: closed. 
62756      DEBUG main            d.u.i.k.s.TermLabelSettings TermLabelSettings: Failure while reading the setting "UseOriginLabels".Using the default value: true.The string read was: null 
62756      INFO  main            d.u.i.k.p.r.p.TestFile    Now processing file /home/runner/work/key/key/key.core/../key.ui/examples/InformationFlow/MiniExamples/mini.MiniExamples(mini.MiniExamples__secure_p2_2()).Non-interference contract.0.m.key 
62756      DEBUG main            d.u.i.k.p.i.KeYFile       Reading KeY file /home/runner/work/key/key/key.core/../key.ui/examples/InformationFlow/MiniExamples/mini.MiniExamples(mini.MiniExamples__secure_p2_2()).Non-interference contract.0.m.key 
63575      DEBUG main            d.u.i.k.j.Recoder2KeY     converting now /home/runner/work/key/key/key.core/../key.ui/examples/InformationFlow/MiniExamples/src/mini/MiniExamples.java 
63576      DEBUG main            d.u.i.k.j.Recoder2KeY     converting now /home/runner/work/key/key/key.core/../key.ui/examples/InformationFlow/MiniExamples/src/mini/AliasingExamples.java 
63577      DEBUG main            d.u.i.k.j.Recoder2KeY     converting now /home/runner/work/key/key/key.core/../key.ui/examples/InformationFlow/MiniExamples/src/mini/DifferenceSeqLocset.java 
63578      DEBUG main            d.u.i.k.j.Recoder2KeY     converting now /home/runner/work/key/key/key.core/../key.ui/examples/InformationFlow/MiniExamples/src/mini/MiniExamplesLecture.java 
63582      DEBUG main            d.u.i.k.s.TermLabelSettings TermLabelSettings: Failure while reading the setting "UseOriginLabels".Using the default value: true.The string read was: null 
63583      DEBUG main            d.u.i.k.p.i.KeYFile       Reading KeY file file:/home/runner/work/key/key/key.core/build/resources/main/de/uka/ilkd/key/java/JavaRedux/java/lang/String.key 
65311      DEBUG main            d.u.i.k.p.i.KeYFile       Reading KeY file /home/runner/work/key/key/key.core/../key.ui/examples/InformationFlow/MiniExamples/mini.MiniExamples(mini.MiniExamples__secure_p2_2()).Non-interference contract.0.m.key 
65312      DEBUG main            d.u.i.k.m.s.ProofScriptEngine 1: 'macro 'infflow-autopilot'' 
65339      DEBUG main            d.u.i.k.p.m.ProofCorrectnessMgt No justification found for rule Class_invariant_axiom_for_mini_MiniExamples 
65345      DEBUG main            d.u.i.k.j.TypeConverter   TypeConverter: FieldReference: l; 
65402      INFO  main            d.u.i.k.p.r.p.TestFile    ... finished proof: closed. 
65639      DEBUG main            d.u.i.k.s.TermLabelSettings TermLabelSettings: Failure while reading the setting "UseOriginLabels".Using the default value: true.The string read was: null 
65640      INFO  main            d.u.i.k.p.r.p.TestFile    Now processing file /home/runner/work/key/key/key.core/../key.ui/examples/InformationFlow/MiniExamples/mini.MiniExamples(mini.MiniExamples__secure_p2_1()).Non-interference contract.0.m.key 
65640      DEBUG main            d.u.i.k.p.i.KeYFile       Reading KeY file /home/runner/work/key/key/key.core/../key.ui/examples/InformationFlow/MiniExamples/mini.MiniExamples(mini.MiniExamples__secure_p2_1()).Non-interference contract.0.m.key 
66418      DEBUG main            d.u.i.k.j.Recoder2KeY     converting now /home/runner/work/key/key/key.core/../key.ui/examples/InformationFlow/MiniExamples/src/mini/MiniExamples.java 
66419      DEBUG main            d.u.i.k.j.Recoder2KeY     converting now /home/runner/work/key/key/key.core/../key.ui/examples/InformationFlow/MiniExamples/src/mini/AliasingExamples.java 
66420      DEBUG main            d.u.i.k.j.Recoder2KeY     converting now /home/runner/work/key/key/key.core/../key.ui/examples/InformationFlow/MiniExamples/src/mini/DifferenceSeqLocset.java 
66421      DEBUG main            d.u.i.k.j.Recoder2KeY     converting now /home/runner/work/key/key/key.core/../key.ui/examples/InformationFlow/MiniExamples/src/mini/MiniExamplesLecture.java 
66425      DEBUG main            d.u.i.k.s.TermLabelSettings TermLabelSettings: Failure while reading the setting "UseOriginLabels".Using the default value: true.The string read was: null 
66426      DEBUG main            d.u.i.k.p.i.KeYFile       Reading KeY file file:/home/runner/work/key/key/key.core/build/resources/main/de/uka/ilkd/key/java/JavaRedux/java/lang/String.key 
68095      DEBUG main            d.u.i.k.p.i.KeYFile       Reading KeY file /home/runner/work/key/key/key.core/../key.ui/examples/InformationFlow/MiniExamples/mini.MiniExamples(mini.MiniExamples__secure_p2_1()).Non-interference contract.0.m.key 
68096      DEBUG main            d.u.i.k.m.s.ProofScriptEngine 1: 'macro 'infflow-autopilot'' 
68124      DEBUG main            d.u.i.k.p.m.ProofCorrectnessMgt No justification found for rule Class_invariant_axiom_for_mini_MiniExamples 
68129      DEBUG main            d.u.i.k.j.TypeConverter   TypeConverter: FieldReference: l; 
68131      DEBUG main            d.u.i.k.j.TypeConverter   TypeConverter: FieldReference: h; 
68180      INFO  main            d.u.i.k.p.r.p.TestFile    ... finished proof: closed. 
68364      DEBUG main            d.u.i.k.s.TermLabelSettings TermLabelSettings: Failure while reading the setting "UseOriginLabels".Using the default value: true.The string read was: null 
68364      INFO  main            d.u.i.k.p.r.p.TestFile    Now processing file /home/runner/work/key/key/key.core/../key.ui/examples/InformationFlow/MiniExamples/mini.MiniExamples(mini.MiniExamples__insecure_p2_1()).Non-interference contract.0.m.key 
68364      DEBUG main            d.u.i.k.p.i.KeYFile       Reading KeY file /home/runner/work/key/key/key.core/../key.ui/examples/InformationFlow/MiniExamples/mini.MiniExamples(mini.MiniExamples__insecure_p2_1()).Non-interference contract.0.m.key 
69146      DEBUG main            d.u.i.k.j.Recoder2KeY     converting now /home/runner/work/key/key/key.core/../key.ui/examples/InformationFlow/MiniExamples/src/mini/MiniExamples.java 
69147      DEBUG main            d.u.i.k.j.Recoder2KeY     converting now /home/runner/work/key/key/key.core/../key.ui/examples/InformationFlow/MiniExamples/src/mini/AliasingExamples.java 
69148      DEBUG main            d.u.i.k.j.Recoder2KeY     converting now /home/runner/work/key/key/key.core/../key.ui/examples/InformationFlow/MiniExamples/src/mini/DifferenceSeqLocset.java 
69149      DEBUG main            d.u.i.k.j.Recoder2KeY     converting now /home/runner/work/key/key/key.core/../key.ui/examples/InformationFlow/MiniExamples/src/mini/MiniExamplesLecture.java 
69153      DEBUG main            d.u.i.k.s.TermLabelSettings TermLabelSettings: Failure while reading the setting "UseOriginLabels".Using the default value: true.The string read was: null 
69154      DEBUG main            d.u.i.k.p.i.KeYFile       Reading KeY file file:/home/runner/work/key/key/key.core/build/resources/main/de/uka/ilkd/key/java/JavaRedux/java/lang/String.key 
70858      DEBUG main            d.u.i.k.p.i.KeYFile       Reading KeY file /home/runner/work/key/key/key.core/../key.ui/examples/InformationFlow/MiniExamples/mini.MiniExamples(mini.MiniExamples__insecure_p2_1()).Non-interference contract.0.m.key 
70858      DEBUG main            d.u.i.k.m.s.ProofScriptEngine 1: 'macro 'infflow-autopilot'' 
70887      DEBUG main            d.u.i.k.p.m.ProofCorrectnessMgt No justification found for rule Class_invariant_axiom_for_mini_MiniExamples 
70892      DEBUG main            d.u.i.k.j.TypeConverter   TypeConverter: FieldReference: h; 
70894      DEBUG main            d.u.i.k.j.TypeConverter   TypeConverter: FieldReference: l; 
70974      INFO  main            d.u.i.k.p.r.p.TestFile    ... finished proof: open goal(s) 
71164      DEBUG main            d.u.i.k.s.TermLabelSettings TermLabelSettings: Failure while reading the setting "UseOriginLabels".Using the default value: true.The string read was: null 
71164      INFO  main            d.u.i.k.p.r.p.TestFile    Now processing file /home/runner/work/key/key/key.core/../key.ui/examples/InformationFlow/MiniExamples/mini.MiniExamples(mini.MiniExamples__secure_p1_6()).Non-interference contract.0.m.key 
71164      DEBUG main            d.u.i.k.p.i.KeYFile       Reading KeY file /home/runner/work/key/key/key.core/../key.ui/examples/InformationFlow/MiniExamples/mini.MiniExamples(mini.MiniExamples__secure_p1_6()).Non-interference contract.0.m.key 
71955      DEBUG main            d.u.i.k.j.Recoder2KeY     converting now /home/runner/work/key/key/key.core/../key.ui/examples/InformationFlow/MiniExamples/src/mini/MiniExamples.java 
71957      DEBUG main            d.u.i.k.j.Recoder2KeY     converting now /home/runner/work/key/key/key.core/../key.ui/examples/InformationFlow/MiniExamples/src/mini/AliasingExamples.java 
71958      DEBUG main            d.u.i.k.j.Recoder2KeY     converting now /home/runner/work/key/key/key.core/../key.ui/examples/InformationFlow/MiniExamples/src/mini/DifferenceSeqLocset.java 
71959      DEBUG main            d.u.i.k.j.Recoder2KeY     converting now /home/runner/work/key/key/key.core/../key.ui/examples/InformationFlow/MiniExamples/src/mini/MiniExamplesLecture.java 
71964      DEBUG main            d.u.i.k.s.TermLabelSettings TermLabelSettings: Failure while reading the setting "UseOriginLabels".Using the default value: true.The string read was: null 
71966      DEBUG main            d.u.i.k.p.i.KeYFile       Reading KeY file file:/home/runner/work/key/key/key.core/build/resources/main/de/uka/ilkd/key/java/JavaRedux/java/lang/String.key 
73664      DEBUG main            d.u.i.k.p.i.KeYFile       Reading KeY file /home/runner/work/key/key/key.core/../key.ui/examples/InformationFlow/MiniExamples/mini.MiniExamples(mini.MiniExamples__secure_p1_6()).Non-interference contract.0.m.key 
73665      DEBUG main            d.u.i.k.m.s.ProofScriptEngine 1: 'macro 'infflow-autopilot'' 
73692      DEBUG main            d.u.i.k.p.m.ProofCorrectnessMgt No justification found for rule Class_invariant_axiom_for_mini_MiniExamples 
73699      DEBUG main            d.u.i.k.j.TypeConverter   TypeConverter: FieldReference: h; 
73702      DEBUG main            d.u.i.k.j.TypeConverter   TypeConverter: FieldReference: h; 
73712      DEBUG main            d.u.i.k.j.TypeConverter   TypeConverter: FieldReference: l; 
73770      INFO  main            d.u.i.k.p.r.p.TestFile    ... finished proof: closed. 
73971      DEBUG main            d.u.i.k.s.TermLabelSettings TermLabelSettings: Failure while reading the setting "UseOriginLabels".Using the default value: true.The string read was: null 
73971      INFO  main            d.u.i.k.p.r.p.TestFile    Now processing file /home/runner/work/key/key/key.core/../key.ui/examples/InformationFlow/MiniExamples/mini.MiniExamples(mini.MiniExamples__secure_p1_5()).Non-interference contract.0.m.key 
73972      DEBUG main            d.u.i.k.p.i.KeYFile       Reading KeY file /home/runner/work/key/key/key.core/../key.ui/examples/InformationFlow/MiniExamples/mini.MiniExamples(mini.MiniExamples__secure_p1_5()).Non-interference contract.0.m.key 
74750      DEBUG main            d.u.i.k.j.Recoder2KeY     converting now /home/runner/work/key/key/key.core/../key.ui/examples/InformationFlow/MiniExamples/src/mini/MiniExamples.java 
74751      DEBUG main            d.u.i.k.j.Recoder2KeY     converting now /home/runner/work/key/key/key.core/../key.ui/examples/InformationFlow/MiniExamples/src/mini/AliasingExamples.java 
74752      DEBUG main            d.u.i.k.j.Recoder2KeY     converting now /home/runner/work/key/key/key.core/../key.ui/examples/InformationFlow/MiniExamples/src/mini/DifferenceSeqLocset.java 
74753      DEBUG main            d.u.i.k.j.Recoder2KeY     converting now /home/runner/work/key/key/key.core/../key.ui/examples/InformationFlow/MiniExamples/src/mini/MiniExamplesLecture.java 
74757      DEBUG main            d.u.i.k.s.TermLabelSettings TermLabelSettings: Failure while reading the setting "UseOriginLabels".Using the default value: true.The string read was: null 
74758      DEBUG main            d.u.i.k.p.i.KeYFile       Reading KeY file file:/home/runner/work/key/key/key.core/build/resources/main/de/uka/ilkd/key/java/JavaRedux/java/lang/String.key 
76440      DEBUG main            d.u.i.k.p.i.KeYFile       Reading KeY file /home/runner/work/key/key/key.core/../key.ui/examples/InformationFlow/MiniExamples/mini.MiniExamples(mini.MiniExamples__secure_p1_5()).Non-interference contract.0.m.key 
76441      DEBUG main            d.u.i.k.m.s.ProofScriptEngine 1: 'macro 'infflow-autopilot'' 
76468      DEBUG main            d.u.i.k.p.m.ProofCorrectnessMgt No justification found for rule Class_invariant_axiom_for_mini_MiniExamples 
76474      DEBUG main            d.u.i.k.j.TypeConverter   TypeConverter: FieldReference: h; 
76487      DEBUG main            d.u.i.k.j.TypeConverter   TypeConverter: FieldReference: l; 
76494      DEBUG main            d.u.i.k.j.TypeConverter   TypeConverter: FieldReference: h; 
76504      DEBUG main            d.u.i.k.j.TypeConverter   TypeConverter: FieldReference: l; 
76511      DEBUG main            d.u.i.k.j.TypeConverter   TypeConverter: FieldReference: h; 
76711      INFO  main            d.u.i.k.p.r.p.TestFile    ... finished proof: closed. 
76968      DEBUG main            d.u.i.k.s.TermLabelSettings TermLabelSettings: Failure while reading the setting "UseOriginLabels".Using the default value: true.The string read was: null 
76968      INFO  main            d.u.i.k.p.r.p.TestFile    Now processing file /home/runner/work/key/key/key.core/../key.ui/examples/InformationFlow/MiniExamples/mini.MiniExamples(mini.MiniExamples__secure_p1_4()).Non-interference contract.0.m.key 
76968      DEBUG main            d.u.i.k.p.i.KeYFile       Reading KeY file /home/runner/work/key/key/key.core/../key.ui/examples/InformationFlow/MiniExamples/mini.MiniExamples(mini.MiniExamples__secure_p1_4()).Non-interference contract.0.m.key 
77755      DEBUG main            d.u.i.k.j.Recoder2KeY     converting now /home/runner/work/key/key/key.core/../key.ui/examples/InformationFlow/MiniExamples/src/mini/MiniExamples.java 
77756      DEBUG main            d.u.i.k.j.Recoder2KeY     converting now /home/runner/work/key/key/key.core/../key.ui/examples/InformationFlow/MiniExamples/src/mini/AliasingExamples.java 
77757      DEBUG main            d.u.i.k.j.Recoder2KeY     converting now /home/runner/work/key/key/key.core/../key.ui/examples/InformationFlow/MiniExamples/src/mini/DifferenceSeqLocset.java 
77758      DEBUG main            d.u.i.k.j.Recoder2KeY     converting now /home/runner/work/key/key/key.core/../key.ui/examples/InformationFlow/MiniExamples/src/mini/MiniExamplesLecture.java 
77762      DEBUG main            d.u.i.k.s.TermLabelSettings TermLabelSettings: Failure while reading the setting "UseOriginLabels".Using the default value: true.The string read was: null 
77763      DEBUG main            d.u.i.k.p.i.KeYFile       Reading KeY file file:/home/runner/work/key/key/key.core/build/resources/main/de/uka/ilkd/key/java/JavaRedux/java/lang/String.key 
79452      DEBUG main            d.u.i.k.p.i.KeYFile       Reading KeY file /home/runner/work/key/key/key.core/../key.ui/examples/InformationFlow/MiniExamples/mini.MiniExamples(mini.MiniExamples__secure_p1_4()).Non-interference contract.0.m.key 
79453      DEBUG main            d.u.i.k.m.s.ProofScriptEngine 1: 'macro 'infflow-autopilot'' 
79481      DEBUG main            d.u.i.k.p.m.ProofCorrectnessMgt No justification found for rule Class_invariant_axiom_for_mini_MiniExamples 
79488      DEBUG main            d.u.i.k.j.TypeConverter   TypeConverter: FieldReference: h; 
79508      DEBUG main            d.u.i.k.j.TypeConverter   TypeConverter: FieldReference: l; 
79515      DEBUG main            d.u.i.k.j.TypeConverter   TypeConverter: FieldReference: h; 
79523      DEBUG main            d.u.i.k.j.TypeConverter   TypeConverter: FieldReference: h; 
79532      DEBUG main            d.u.i.k.j.TypeConverter   TypeConverter: FieldReference: l; 
79681      INFO  main            d.u.i.k.p.r.p.TestFile    ... finished proof: closed. 
79894      DEBUG main            d.u.i.k.s.TermLabelSettings TermLabelSettings: Failure while reading the setting "UseOriginLabels".Using the default value: true.The string read was: null 
79894      INFO  main            d.u.i.k.p.r.p.TestFile    Now processing file /home/runner/work/key/key/key.core/../key.ui/examples/InformationFlow/MiniExamples/mini.MiniExamples(mini.MiniExamples__secure_p1_3()).Non-interference contract.0.m.key 
79895      DEBUG main            d.u.i.k.p.i.KeYFile       Reading KeY file /home/runner/work/key/key/key.core/../key.ui/examples/InformationFlow/MiniExamples/mini.MiniExamples(mini.MiniExamples__secure_p1_3()).Non-interference contract.0.m.key 
80678      DEBUG main            d.u.i.k.j.Recoder2KeY     converting now /home/runner/work/key/key/key.core/../key.ui/examples/InformationFlow/MiniExamples/src/mini/MiniExamples.java 
80679      DEBUG main            d.u.i.k.j.Recoder2KeY     converting now /home/runner/work/key/key/key.core/../key.ui/examples/InformationFlow/MiniExamples/src/mini/AliasingExamples.java 
80680      DEBUG main            d.u.i.k.j.Recoder2KeY     converting now /home/runner/work/key/key/key.core/../key.ui/examples/InformationFlow/MiniExamples/src/mini/DifferenceSeqLocset.java 
80681      DEBUG main            d.u.i.k.j.Recoder2KeY     converting now /home/runner/work/key/key/key.core/../key.ui/examples/InformationFlow/MiniExamples/src/mini/MiniExamplesLecture.java 
80685      DEBUG main            d.u.i.k.s.TermLabelSettings TermLabelSettings: Failure while reading the setting "UseOriginLabels".Using the default value: true.The string read was: null 
80686      DEBUG main            d.u.i.k.p.i.KeYFile       Reading KeY file file:/home/runner/work/key/key/key.core/build/resources/main/de/uka/ilkd/key/java/JavaRedux/java/lang/String.key 
82341      DEBUG main            d.u.i.k.p.i.KeYFile       Reading KeY file /home/runner/work/key/key/key.core/../key.ui/examples/InformationFlow/MiniExamples/mini.MiniExamples(mini.MiniExamples__secure_p1_3()).Non-interference contract.0.m.key 
82341      DEBUG main            d.u.i.k.m.s.ProofScriptEngine 1: 'macro 'infflow-autopilot'' 
82369      DEBUG main            d.u.i.k.p.m.ProofCorrectnessMgt No justification found for rule Class_invariant_axiom_for_mini_MiniExamples 
82375      DEBUG main            d.u.i.k.j.TypeConverter   TypeConverter: FieldReference: h; 
82381      DEBUG main            d.u.i.k.j.TypeConverter   TypeConverter: FieldReference: h; 
82388      DEBUG main            d.u.i.k.j.TypeConverter   TypeConverter: FieldReference: l; 
82462      INFO  main            d.u.i.k.p.r.p.TestFile    ... finished proof: closed. 
82662      DEBUG main            d.u.i.k.s.TermLabelSettings TermLabelSettings: Failure while reading the setting "UseOriginLabels".Using the default value: true.The string read was: null 
82662      INFO  main            d.u.i.k.p.r.p.TestFile    Now processing file /home/runner/work/key/key/key.core/../key.ui/examples/InformationFlow/MiniExamples/mini.MiniExamples(mini.MiniExamples__secure_p1_2()).Non-interference contract.0.m.key 
82662      DEBUG main            d.u.i.k.p.i.KeYFile       Reading KeY file /home/runner/work/key/key/key.core/../key.ui/examples/InformationFlow/MiniExamples/mini.MiniExamples(mini.MiniExamples__secure_p1_2()).Non-interference contract.0.m.key 
83506      DEBUG main            d.u.i.k.j.Recoder2KeY     converting now /home/runner/work/key/key/key.core/../key.ui/examples/InformationFlow/MiniExamples/src/mini/MiniExamples.java 
83508      DEBUG main            d.u.i.k.j.Recoder2KeY     converting now /home/runner/work/key/key/key.core/../key.ui/examples/InformationFlow/MiniExamples/src/mini/AliasingExamples.java 
83508      DEBUG main            d.u.i.k.j.Recoder2KeY     converting now /home/runner/work/key/key/key.core/../key.ui/examples/InformationFlow/MiniExamples/src/mini/DifferenceSeqLocset.java 
83509      DEBUG main            d.u.i.k.j.Recoder2KeY     converting now /home/runner/work/key/key/key.core/../key.ui/examples/InformationFlow/MiniExamples/src/mini/MiniExamplesLecture.java 
83513      DEBUG main            d.u.i.k.s.TermLabelSettings TermLabelSettings: Failure while reading the setting "UseOriginLabels".Using the default value: true.The string read was: null 
83514      DEBUG main            d.u.i.k.p.i.KeYFile       Reading KeY file file:/home/runner/work/key/key/key.core/build/resources/main/de/uka/ilkd/key/java/JavaRedux/java/lang/String.key 
85169      DEBUG main            d.u.i.k.p.i.KeYFile       Reading KeY file /home/runner/work/key/key/key.core/../key.ui/examples/InformationFlow/MiniExamples/mini.MiniExamples(mini.MiniExamples__secure_p1_2()).Non-interference contract.0.m.key 
85169      DEBUG main            d.u.i.k.m.s.ProofScriptEngine 1: 'macro 'infflow-autopilot'' 
85196      DEBUG main            d.u.i.k.p.m.ProofCorrectnessMgt No justification found for rule Class_invariant_axiom_for_mini_MiniExamples 
85202      DEBUG main            d.u.i.k.j.TypeConverter   TypeConverter: FieldReference: h; 
85214      DEBUG main            d.u.i.k.j.TypeConverter   TypeConverter: FieldReference: l; 
85221      DEBUG main            d.u.i.k.j.TypeConverter   TypeConverter: FieldReference: l; 
85231      DEBUG main            d.u.i.k.j.TypeConverter   TypeConverter: FieldReference: l; 
85237      DEBUG main            d.u.i.k.j.TypeConverter   TypeConverter: FieldReference: l; 
85378      INFO  main            d.u.i.k.p.r.p.TestFile    ... finished proof: closed. 
85596      DEBUG main            d.u.i.k.s.TermLabelSettings TermLabelSettings: Failure while reading the setting "UseOriginLabels".Using the default value: true.The string read was: null 
85596      INFO  main            d.u.i.k.p.r.p.TestFile    Now processing file /home/runner/work/key/key/key.core/../key.ui/examples/InformationFlow/MiniExamples/mini.MiniExamples(mini.MiniExamples__secure_p1_1()).Non-interference contract.1.m.key 
85596      DEBUG main            d.u.i.k.p.i.KeYFile       Reading KeY file /home/runner/work/key/key/key.core/../key.ui/examples/InformationFlow/MiniExamples/mini.MiniExamples(mini.MiniExamples__secure_p1_1()).Non-interference contract.1.m.key 
86367      DEBUG main            d.u.i.k.j.Recoder2KeY     converting now /home/runner/work/key/key/key.core/../key.ui/examples/InformationFlow/MiniExamples/src/mini/MiniExamples.java 
86368      DEBUG main            d.u.i.k.j.Recoder2KeY     converting now /home/runner/work/key/key/key.core/../key.ui/examples/InformationFlow/MiniExamples/src/mini/AliasingExamples.java 
86369      DEBUG main            d.u.i.k.j.Recoder2KeY     converting now /home/runner/work/key/key/key.core/../key.ui/examples/InformationFlow/MiniExamples/src/mini/DifferenceSeqLocset.java 
86370      DEBUG main            d.u.i.k.j.Recoder2KeY     converting now /home/runner/work/key/key/key.core/../key.ui/examples/InformationFlow/MiniExamples/src/mini/MiniExamplesLecture.java 
86374      DEBUG main            d.u.i.k.s.TermLabelSettings TermLabelSettings: Failure while reading the setting "UseOriginLabels".Using the default value: true.The string read was: null 
86375      DEBUG main            d.u.i.k.p.i.KeYFile       Reading KeY file file:/home/runner/work/key/key/key.core/build/resources/main/de/uka/ilkd/key/java/JavaRedux/java/lang/String.key 
88027      DEBUG main            d.u.i.k.p.i.KeYFile       Reading KeY file /home/runner/work/key/key/key.core/../key.ui/examples/InformationFlow/MiniExamples/mini.MiniExamples(mini.MiniExamples__secure_p1_1()).Non-interference contract.1.m.key 
88027      DEBUG main            d.u.i.k.m.s.ProofScriptEngine 1: 'macro 'infflow-autopilot'' 
88055      DEBUG main            d.u.i.k.p.m.ProofCorrectnessMgt No justification found for rule Class_invariant_axiom_for_mini_MiniExamples 
88061      DEBUG main            d.u.i.k.j.TypeConverter   TypeConverter: FieldReference: l; 
88074      DEBUG main            d.u.i.k.j.TypeConverter   TypeConverter: FieldReference: h; 
88084      DEBUG main            d.u.i.k.j.TypeConverter   TypeConverter: FieldReference: h; 
88190      INFO  main            d.u.i.k.p.r.p.TestFile    ... finished proof: closed. 
88408      DEBUG main            d.u.i.k.s.TermLabelSettings TermLabelSettings: Failure while reading the setting "UseOriginLabels".Using the default value: true.The string read was: null 
88408      INFO  main            d.u.i.k.p.r.p.TestFile    Now processing file /home/runner/work/key/key/key.core/../key.ui/examples/InformationFlow/MiniExamples/mini.MiniExamples(mini.MiniExamples__secure_p1_1()).Non-interference contract.0.m.key 
88409      DEBUG main            d.u.i.k.p.i.KeYFile       Reading KeY file /home/runner/work/key/key/key.core/../key.ui/examples/InformationFlow/MiniExamples/mini.MiniExamples(mini.MiniExamples__secure_p1_1()).Non-interference contract.0.m.key 
89227      DEBUG main            d.u.i.k.j.Recoder2KeY     converting now /home/runner/work/key/key/key.core/../key.ui/examples/InformationFlow/MiniExamples/src/mini/MiniExamples.java 
89228      DEBUG main            d.u.i.k.j.Recoder2KeY     converting now /home/runner/work/key/key/key.core/../key.ui/examples/InformationFlow/MiniExamples/src/mini/AliasingExamples.java 
89229      DEBUG main            d.u.i.k.j.Recoder2KeY     converting now /home/runner/work/key/key/key.core/../key.ui/examples/InformationFlow/MiniExamples/src/mini/DifferenceSeqLocset.java 
89230      DEBUG main            d.u.i.k.j.Recoder2KeY     converting now /home/runner/work/key/key/key.core/../key.ui/examples/InformationFlow/MiniExamples/src/mini/MiniExamplesLecture.java 
89234      DEBUG main            d.u.i.k.s.TermLabelSettings TermLabelSettings: Failure while reading the setting "UseOriginLabels".Using the default value: true.The string read was: null 
89235      DEBUG main            d.u.i.k.p.i.KeYFile       Reading KeY file file:/home/runner/work/key/key/key.core/build/resources/main/de/uka/ilkd/key/java/JavaRedux/java/lang/String.key 
90891      DEBUG main            d.u.i.k.p.i.KeYFile       Reading KeY file /home/runner/work/key/key/key.core/../key.ui/examples/InformationFlow/MiniExamples/mini.MiniExamples(mini.MiniExamples__secure_p1_1()).Non-interference contract.0.m.key 
90892      DEBUG main            d.u.i.k.m.s.ProofScriptEngine 1: 'macro 'infflow-autopilot'' 
90918      DEBUG main            d.u.i.k.p.m.ProofCorrectnessMgt No justification found for rule Class_invariant_axiom_for_mini_MiniExamples 
90924      DEBUG main            d.u.i.k.j.TypeConverter   TypeConverter: FieldReference: l; 
90936      DEBUG main            d.u.i.k.j.TypeConverter   TypeConverter: FieldReference: h; 
90946      DEBUG main            d.u.i.k.j.TypeConverter   TypeConverter: FieldReference: h; 
91050      INFO  main            d.u.i.k.p.r.p.TestFile    ... finished proof: closed. 
91281      DEBUG main            d.u.i.k.s.TermLabelSettings TermLabelSettings: Failure while reading the setting "UseOriginLabels".Using the default value: true.The string read was: null 
91281      INFO  main            d.u.i.k.p.r.p.TestFile    Now processing file /home/runner/work/key/key/key.core/../key.ui/examples/InformationFlow/MiniExamples/mini.MiniExamples(mini.MiniExamples__insecure_p1_2()).Non-interference contract.0.m.key 
91281      DEBUG main            d.u.i.k.p.i.KeYFile       Reading KeY file /home/runner/work/key/key/key.core/../key.ui/examples/InformationFlow/MiniExamples/mini.MiniExamples(mini.MiniExamples__insecure_p1_2()).Non-interference contract.0.m.key 
92062      DEBUG main            d.u.i.k.j.Recoder2KeY     converting now /home/runner/work/key/key/key.core/../key.ui/examples/InformationFlow/MiniExamples/src/mini/MiniExamples.java 
92063      DEBUG main            d.u.i.k.j.Recoder2KeY     converting now /home/runner/work/key/key/key.core/../key.ui/examples/InformationFlow/MiniExamples/src/mini/AliasingExamples.java 
92064      DEBUG main            d.u.i.k.j.Recoder2KeY     converting now /home/runner/work/key/key/key.core/../key.ui/examples/InformationFlow/MiniExamples/src/mini/DifferenceSeqLocset.java 
92064      DEBUG main            d.u.i.k.j.Recoder2KeY     converting now /home/runner/work/key/key/key.core/../key.ui/examples/InformationFlow/MiniExamples/src/mini/MiniExamplesLecture.java 
92068      DEBUG main            d.u.i.k.s.TermLabelSettings TermLabelSettings: Failure while reading the setting "UseOriginLabels".Using the default value: true.The string read was: null 
92069      DEBUG main            d.u.i.k.p.i.KeYFile       Reading KeY file file:/home/runner/work/key/key/key.core/build/resources/main/de/uka/ilkd/key/java/JavaRedux/java/lang/String.key 
93704      DEBUG main            d.u.i.k.p.i.KeYFile       Reading KeY file /home/runner/work/key/key/key.core/../key.ui/examples/InformationFlow/MiniExamples/mini.MiniExamples(mini.MiniExamples__insecure_p1_2()).Non-interference contract.0.m.key 
93704      DEBUG main            d.u.i.k.m.s.ProofScriptEngine 1: 'macro 'infflow-autopilot'' 
93731      DEBUG main            d.u.i.k.p.m.ProofCorrectnessMgt No justification found for rule Class_invariant_axiom_for_mini_MiniExamples 
93737      DEBUG main            d.u.i.k.j.TypeConverter   TypeConverter: FieldReference: h; 
93749      DEBUG main            d.u.i.k.j.TypeConverter   TypeConverter: FieldReference: l; 
93774      DEBUG main            d.u.i.k.j.TypeConverter   TypeConverter: FieldReference: l; 
93935      INFO  main            d.u.i.k.p.r.p.TestFile    ... finished proof: open goal(s) 
94153      DEBUG main            d.u.i.k.s.TermLabelSettings TermLabelSettings: Failure while reading the setting "UseOriginLabels".Using the default value: true.The string read was: null 
94153      INFO  main            d.u.i.k.p.r.p.TestFile    Now processing file /home/runner/work/key/key/key.core/../key.ui/examples/InformationFlow/MiniExamples/mini.MiniExamples(mini.MiniExamples__insecure_p1_1()).Non-interference contract.0.m.key 
94154      DEBUG main            d.u.i.k.p.i.KeYFile       Reading KeY file /home/runner/work/key/key/key.core/../key.ui/examples/InformationFlow/MiniExamples/mini.MiniExamples(mini.MiniExamples__insecure_p1_1()).Non-interference contract.0.m.key 
94936      DEBUG main            d.u.i.k.j.Recoder2KeY     converting now /home/runner/work/key/key/key.core/../key.ui/examples/InformationFlow/MiniExamples/src/mini/MiniExamples.java 
94937      DEBUG main            d.u.i.k.j.Recoder2KeY     converting now /home/runner/work/key/key/key.core/../key.ui/examples/InformationFlow/MiniExamples/src/mini/AliasingExamples.java 
94938      DEBUG main            d.u.i.k.j.Recoder2KeY     converting now /home/runner/work/key/key/key.core/../key.ui/examples/InformationFlow/MiniExamples/src/mini/DifferenceSeqLocset.java 
94938      DEBUG main            d.u.i.k.j.Recoder2KeY     converting now /home/runner/work/key/key/key.core/../key.ui/examples/InformationFlow/MiniExamples/src/mini/MiniExamplesLecture.java 
94942      DEBUG main            d.u.i.k.s.TermLabelSettings TermLabelSettings: Failure while reading the setting "UseOriginLabels".Using the default value: true.The string read was: null 
94943      DEBUG main            d.u.i.k.p.i.KeYFile       Reading KeY file file:/home/runner/work/key/key/key.core/build/resources/main/de/uka/ilkd/key/java/JavaRedux/java/lang/String.key 
96606      DEBUG main            d.u.i.k.p.i.KeYFile       Reading KeY file /home/runner/work/key/key/key.core/../key.ui/examples/InformationFlow/MiniExamples/mini.MiniExamples(mini.MiniExamples__insecure_p1_1()).Non-interference contract.0.m.key 
96607      DEBUG main            d.u.i.k.m.s.ProofScriptEngine 1: 'macro 'infflow-autopilot'' 
96636      DEBUG main            d.u.i.k.p.m.ProofCorrectnessMgt No justification found for rule Class_invariant_axiom_for_mini_MiniExamples 
96641      DEBUG main            d.u.i.k.j.TypeConverter   TypeConverter: FieldReference: h; 
96643      DEBUG main            d.u.i.k.j.TypeConverter   TypeConverter: FieldReference: l; 
96721      INFO  main            d.u.i.k.p.r.p.TestFile    ... finished proof: open goal(s) 
2595573    INFO  Test worker     d.u.i.k.p.r.RunAllProofsTestUnit Returning from test MiniExamples_fullmacro 
2595574    INFO  Test worker     d.u.i.k.p.r.RunAllProofsTestUnit Running test NewObjects_fullmacro 
333        INFO  Timeout watchdog d.u.i.k.p.r.p.ForkedTestFileRunner Timeout watcher launched (1000 secs.) 
339        WARN  main            d.u.i.k.s.ProofSettings   The settings in /home/runner/.key/proof-settings.props are *not* read. 
375        DEBUG main            d.u.i.k.s.TermLabelSettings TermLabelSettings: Failure while reading the setting "UseOriginLabels".Using the default value: true.The string read was: null 
377        INFO  main            d.u.i.k.p.r.p.TestFile    Now processing file /home/runner/work/key/key/key.core/../key.ui/examples/InformationFlow/NewObjects/object.AmtoftBanerjee3(object.AmtoftBanerjee3__m()).Non-interference contract.0.m.key 
544        DEBUG main            d.u.i.k.p.i.KeYFile       Reading KeY file /home/runner/work/key/key/key.core/../key.ui/examples/InformationFlow/NewObjects/object.AmtoftBanerjee3(object.AmtoftBanerjee3__m()).Non-interference contract.0.m.key 
758        DEBUG main            d.u.i.k.p.i.KeYFile       Reading KeY file file:/home/runner/work/key/key/key.core/build/resources/main/de/uka/ilkd/key/proof/rules/standardRules.key 
792        DEBUG main            d.u.i.k.p.i.KeYFile       Reading KeY file file:/home/runner/work/key/key/key.core/build/resources/main/de/uka/ilkd/key/proof/rules/ldt.key 
801        DEBUG main            d.u.i.k.p.i.KeYFile       Reading KeY file file:/home/runner/work/key/key/key.core/build/resources/main/de/uka/ilkd/key/proof/rules/boolean.key 
826        DEBUG main            d.u.i.k.p.i.KeYFile       Reading KeY file file:/home/runner/work/key/key/key.core/build/resources/main/de/uka/ilkd/key/proof/rules/ruleSetsDeclarations.key 
871        DEBUG main            d.u.i.k.p.i.KeYFile       Reading KeY file file:/home/runner/work/key/key/key.core/build/resources/main/de/uka/ilkd/key/proof/rules/integerHeader.key 
881        DEBUG main            d.u.i.k.p.i.KeYFile       Reading KeY file file:/home/runner/work/key/key/key.core/build/resources/main/de/uka/ilkd/key/proof/rules/floatHeader.key 
889        DEBUG main            d.u.i.k.p.i.KeYFile       Reading KeY file file:/home/runner/work/key/key/key.core/build/resources/main/de/uka/ilkd/key/proof/rules/heap.key 
896        DEBUG main            d.u.i.k.p.i.KeYFile       Reading KeY file file:/home/runner/work/key/key/key.core/build/resources/main/de/uka/ilkd/key/proof/rules/locSets.key 
897        DEBUG main            d.u.i.k.p.i.KeYFile       Reading KeY file file:/home/runner/work/key/key/key.core/build/resources/main/de/uka/ilkd/key/proof/rules/permission.key 
899        DEBUG main            d.u.i.k.p.i.KeYFile       Reading KeY file file:/home/runner/work/key/key/key.core/build/resources/main/de/uka/ilkd/key/proof/rules/reach.key 
900        DEBUG main            d.u.i.k.p.i.KeYFile       Reading KeY file file:/home/runner/work/key/key/key.core/build/resources/main/de/uka/ilkd/key/proof/rules/seq.key 
902        DEBUG main            d.u.i.k.p.i.KeYFile       Reading KeY file file:/home/runner/work/key/key/key.core/build/resources/main/de/uka/ilkd/key/proof/rules/map.key 
965        DEBUG main            d.u.i.k.p.i.KeYFile       Reading KeY file file:/home/runner/work/key/key/key.core/build/resources/main/de/uka/ilkd/key/proof/rules/freeADT.key 
972        DEBUG main            d.u.i.k.p.i.KeYFile       Reading KeY file file:/home/runner/work/key/key/key.core/build/resources/main/de/uka/ilkd/key/proof/rules/wellfound.key 
973        DEBUG main            d.u.i.k.p.i.KeYFile       Reading KeY file file:/home/runner/work/key/key/key.core/build/resources/main/de/uka/ilkd/key/proof/rules/charListHeader.key 
1119       DEBUG main            d.u.i.k.p.i.KeYFile       Reading KeY file file:/home/runner/work/key/key/key.core/build/resources/main/de/uka/ilkd/key/proof/rules/propRule.key 
1160       DEBUG main            d.u.i.k.p.i.KeYFile       Reading KeY file file:/home/runner/work/key/key/key.core/build/resources/main/de/uka/ilkd/key/proof/rules/firstOrderRules.key 
1198       DEBUG main            d.u.i.k.p.i.KeYFile       Reading KeY file file:/home/runner/work/key/key/key.core/build/resources/main/de/uka/ilkd/key/proof/rules/ifThenElseRules.key 
1245       DEBUG main            d.u.i.k.p.i.KeYFile       Reading KeY file file:/home/runner/work/key/key/key.core/build/resources/main/de/uka/ilkd/key/proof/rules/formulaNormalisationRules.key 
1406       DEBUG main            d.u.i.k.p.i.KeYFile       Reading KeY file file:/home/runner/work/key/key/key.core/build/resources/main/de/uka/ilkd/key/proof/rules/updateRules.key 
1444       DEBUG main            d.u.i.k.p.i.KeYFile       Reading KeY file file:/home/runner/work/key/key/key.core/build/resources/main/de/uka/ilkd/key/proof/rules/integerRulesCommon.key 
1550       DEBUG main            d.u.i.k.p.i.KeYFile       Reading KeY file file:/home/runner/work/key/key/key.core/build/resources/main/de/uka/ilkd/key/proof/rules/intRules.key 
1572       DEBUG main            d.u.i.k.p.i.KeYFile       Reading KeY file file:/home/runner/work/key/key/key.core/build/resources/main/de/uka/ilkd/key/proof/rules/intRulesUncheckedSemantics.key 
1581       DEBUG main            d.u.i.k.p.i.KeYFile       Reading KeY file file:/home/runner/work/key/key/key.core/build/resources/main/de/uka/ilkd/key/proof/rules/intRulesCheckedSemantics.key 
1587       DEBUG main            d.u.i.k.p.i.KeYFile       Reading KeY file file:/home/runner/work/key/key/key.core/build/resources/main/de/uka/ilkd/key/proof/rules/intRulesJavaSemantics.key 
1599       DEBUG main            d.u.i.k.p.i.KeYFile       Reading KeY file file:/home/runner/work/key/key/key.core/build/resources/main/de/uka/ilkd/key/proof/rules/integerSimplificationRules.key 
1819       DEBUG main            d.u.i.k.j.TypeConverter   No LDT found for Meta 
1820       DEBUG main            d.u.i.k.j.TypeConverter   No LDT found for Meta 
1821       DEBUG main            d.u.i.k.j.TypeConverter   No LDT found for Meta 
1821       DEBUG main            d.u.i.k.j.TypeConverter   No LDT found for Meta 
1847       DEBUG main            d.u.i.k.p.i.KeYFile       Reading KeY file file:/home/runner/work/key/key/key.core/build/resources/main/de/uka/ilkd/key/proof/rules/intDiv.key 
1886       DEBUG main            d.u.i.k.p.i.KeYFile       Reading KeY file file:/home/runner/work/key/key/key.core/build/resources/main/de/uka/ilkd/key/proof/rules/bsum.key 
2076       DEBUG main            d.u.i.k.p.i.KeYFile       Reading KeY file file:/home/runner/work/key/key/key.core/build/resources/main/de/uka/ilkd/key/proof/rules/bprod.key 
2106       DEBUG main            d.u.i.k.p.i.KeYFile       Reading KeY file file:/home/runner/work/key/key/key.core/build/resources/main/de/uka/ilkd/key/proof/rules/binaryAxioms.key 
2110       DEBUG main            d.u.i.k.p.i.KeYFile       Reading KeY file file:/home/runner/work/key/key/key.core/build/resources/main/de/uka/ilkd/key/proof/rules/binaryLemmas.key 
2116       DEBUG main            d.u.i.k.p.i.KeYFile       Reading KeY file file:/home/runner/work/key/key/key.core/build/resources/main/de/uka/ilkd/key/proof/rules/intPow.key 
2131       DEBUG main            d.u.i.k.p.i.KeYFile       Reading KeY file file:/home/runner/work/key/key/key.core/build/resources/main/de/uka/ilkd/key/proof/rules/floatRulesCommon.key 
2171       DEBUG main            d.u.i.k.p.i.KeYFile       Reading KeY file file:/home/runner/work/key/key/key.core/build/resources/main/de/uka/ilkd/key/proof/rules/floatRules.key 
2172       DEBUG main            d.u.i.k.p.i.KeYFile       Reading KeY file file:/home/runner/work/key/key/key.core/build/resources/main/de/uka/ilkd/key/proof/rules/floatRulesVerifyNormal.key 
2173       DEBUG main            d.u.i.k.p.i.KeYFile       Reading KeY file file:/home/runner/work/key/key/key.core/build/resources/main/de/uka/ilkd/key/proof/rules/floatRulesAssumeStrictfp.key 
2192       DEBUG main            d.u.i.k.p.i.KeYFile       Reading KeY file file:/home/runner/work/key/key/key.core/build/resources/main/de/uka/ilkd/key/proof/rules/genericRules.key 
2206       DEBUG main            d.u.i.k.p.i.KeYFile       Reading KeY file file:/home/runner/work/key/key/key.core/build/resources/main/de/uka/ilkd/key/proof/rules/booleanRules.key 
2210       DEBUG main            d.u.i.k.p.i.KeYFile       Reading KeY file file:/home/runner/work/key/key/key.core/build/resources/main/de/uka/ilkd/key/proof/rules/epsilon.key 
2214       DEBUG main            d.u.i.k.p.i.KeYFile       Reading KeY file file:/home/runner/work/key/key/key.core/build/resources/main/de/uka/ilkd/key/proof/rules/locSetsRules.key 
2270       DEBUG main            d.u.i.k.p.i.KeYFile       Reading KeY file file:/home/runner/work/key/key/key.core/build/resources/main/de/uka/ilkd/key/proof/rules/heapRules.key 
2349       DEBUG main            d.u.i.k.p.i.KeYFile       Reading KeY file file:/home/runner/work/key/key/key.core/build/resources/main/de/uka/ilkd/key/proof/rules/permissionRules.key 
2376       DEBUG main            d.u.i.k.p.i.KeYFile       Reading KeY file file:/home/runner/work/key/key/key.core/build/resources/main/de/uka/ilkd/key/proof/rules/reachRules.key 
2420       DEBUG main            d.u.i.k.p.i.KeYFile       Reading KeY file file:/home/runner/work/key/key/key.core/build/resources/main/de/uka/ilkd/key/proof/rules/seqCoreRules.key 
2425       DEBUG main            d.u.i.k.p.i.KeYFile       Reading KeY file file:/home/runner/work/key/key/key.core/build/resources/main/de/uka/ilkd/key/proof/rules/seqRules.key 
2483       DEBUG main            d.u.i.k.p.i.KeYFile       Reading KeY file file:/home/runner/work/key/key/key.core/build/resources/main/de/uka/ilkd/key/proof/rules/seqPerm.key 
2527       DEBUG main            d.u.i.k.p.i.KeYFile       Reading KeY file file:/home/runner/work/key/key/key.core/build/resources/main/de/uka/ilkd/key/proof/rules/seqPerm2.key 
2535       DEBUG main            d.u.i.k.p.i.KeYFile       Reading KeY file file:/home/runner/work/key/key/key.core/build/resources/main/de/uka/ilkd/key/proof/rules/javaRules.key 
2706       DEBUG main            d.u.i.k.p.i.KeYFile       Reading KeY file file:/home/runner/work/key/key/key.core/build/resources/main/de/uka/ilkd/key/proof/rules/assertions.key 
3259       DEBUG main            d.u.i.k.p.i.KeYFile       Reading KeY file file:/home/runner/work/key/key/key.core/build/resources/main/de/uka/ilkd/key/proof/rules/loopRules.key 
3269       DEBUG main            d.u.i.k.p.i.KeYFile       Reading KeY file file:/home/runner/work/key/key/key.core/build/resources/main/de/uka/ilkd/key/proof/rules/activeUse.key 
3327       DEBUG main            d.u.i.k.p.i.KeYFile       Reading KeY file file:/home/runner/work/key/key/key.core/build/resources/main/de/uka/ilkd/key/proof/rules/instanceAllocation.key 
3346       DEBUG main            d.u.i.k.p.i.KeYFile       Reading KeY file file:/home/runner/work/key/key/key.core/build/resources/main/de/uka/ilkd/key/proof/rules/java5.key 
3349       DEBUG main            d.u.i.k.p.i.KeYFile       Reading KeY file file:/home/runner/work/key/key/key.core/build/resources/main/de/uka/ilkd/key/proof/rules/integerAssignment2UpdateRules.key 
3397       DEBUG main            d.u.i.k.p.i.KeYFile       Reading KeY file file:/home/runner/work/key/key/key.core/build/resources/main/de/uka/ilkd/key/proof/rules/floatAssignment2UpdateRules.key 
3429       DEBUG main            d.u.i.k.p.i.KeYFile       Reading KeY file file:/home/runner/work/key/key/key.core/build/resources/main/de/uka/ilkd/key/proof/rules/bigint.key 
3443       DEBUG main            d.u.i.k.j.TypeConverter   No LDT found for JavaBigintExpression 
3445       DEBUG main            d.u.i.k.p.i.KeYFile       Reading KeY file file:/home/runner/work/key/key/key.core/build/resources/main/de/uka/ilkd/key/proof/rules/adtProgramDecompositionRules.key 
3463       DEBUG main            d.u.i.k.p.i.KeYFile       Reading KeY file file:/home/runner/work/key/key/key.core/build/resources/main/de/uka/ilkd/key/proof/rules/precRules.key 
3467       DEBUG main            d.u.i.k.p.i.KeYFile       Reading KeY file file:/home/runner/work/key/key/key.core/build/resources/main/de/uka/ilkd/key/proof/rules/charListRules.key 
3482       DEBUG main            d.u.i.k.p.i.KeYFile       Reading KeY file file:/home/runner/work/key/key/key.core/build/resources/main/de/uka/ilkd/key/proof/rules/regExTheory.key 
3483       DEBUG main            d.u.i.k.p.i.KeYFile       Reading KeY file file:/home/runner/work/key/key/key.core/build/resources/main/de/uka/ilkd/key/proof/rules/regExHeader.key 
3484       DEBUG main            d.u.i.k.p.i.KeYFile       Reading KeY file file:/home/runner/work/key/key/key.core/build/resources/main/de/uka/ilkd/key/proof/rules/regExAxioms.key 
3488       DEBUG main            d.u.i.k.p.i.KeYFile       Reading KeY file file:/home/runner/work/key/key/key.core/build/resources/main/de/uka/ilkd/key/proof/rules/regExLemmaProven.key 
3494       DEBUG main            d.u.i.k.p.i.KeYFile       Reading KeY file file:/home/runner/work/key/key/key.core/build/resources/main/de/uka/ilkd/key/proof/rules/seqEq.key 
3502       DEBUG main            d.u.i.k.p.i.KeYFile       Reading KeY file file:/home/runner/work/key/key/key.core/build/resources/main/de/uka/ilkd/key/proof/rules/infFlow.key 
3509       DEBUG main            d.u.i.k.p.i.KeYFile       Reading KeY file file:/home/runner/work/key/key/key.core/build/resources/main/de/uka/ilkd/key/proof/rules/mapSize.key 
3511       DEBUG main            d.u.i.k.p.i.KeYFile       Reading KeY file file:/home/runner/work/key/key/key.core/build/resources/main/de/uka/ilkd/key/proof/rules/wd.key 
3514       DEBUG main            d.u.i.k.p.i.KeYFile       Reading KeY file file:/home/runner/work/key/key/key.core/build/resources/main/de/uka/ilkd/key/proof/rules/wdHeader.key 
3515       DEBUG main            d.u.i.k.p.i.KeYFile       Reading KeY file file:/home/runner/work/key/key/key.core/build/resources/main/de/uka/ilkd/key/proof/rules/wdGeneralRules.key 
3545       DEBUG main            d.u.i.k.p.i.KeYFile       Reading KeY file file:/home/runner/work/key/key/key.core/build/resources/main/de/uka/ilkd/key/proof/rules/wdNumericalRules.key 
3571       DEBUG main            d.u.i.k.p.i.KeYFile       Reading KeY file file:/home/runner/work/key/key/key.core/build/resources/main/de/uka/ilkd/key/proof/rules/wdLocSetRules.key 
3578       DEBUG main            d.u.i.k.p.i.KeYFile       Reading KeY file file:/home/runner/work/key/key/key.core/build/resources/main/de/uka/ilkd/key/proof/rules/wdHeapRules.key 
3582       DEBUG main            d.u.i.k.p.i.KeYFile       Reading KeY file file:/home/runner/work/key/key/key.core/build/resources/main/de/uka/ilkd/key/proof/rules/wdReachRules.key 
3583       DEBUG main            d.u.i.k.p.i.KeYFile       Reading KeY file file:/home/runner/work/key/key/key.core/build/resources/main/de/uka/ilkd/key/proof/rules/wdSeqRules.key 
3587       DEBUG main            d.u.i.k.p.i.KeYFile       Reading KeY file file:/home/runner/work/key/key/key.core/build/resources/main/de/uka/ilkd/key/proof/rules/wdStringRules.key 
3590       DEBUG main            d.u.i.k.p.i.KeYFile       Reading KeY file file:/home/runner/work/key/key/key.core/build/resources/main/de/uka/ilkd/key/proof/rules/wdRegExRules.key 
3592       DEBUG main            d.u.i.k.p.i.KeYFile       Reading KeY file file:/home/runner/work/key/key/key.core/build/resources/main/de/uka/ilkd/key/proof/rules/wdFormulaRules.key 
3607       DEBUG main            d.u.i.k.p.i.KeYFile       Reading KeY file file:/home/runner/work/key/key/key.core/build/resources/main/de/uka/ilkd/key/proof/rules/loopInvariantRules.key 
3610       DEBUG main            d.u.i.k.p.i.KeYFile       Reading KeY file file:/home/runner/work/key/key/key.core/build/resources/main/de/uka/ilkd/key/proof/rules/forLoopRules.key 
3613       DEBUG main            d.u.i.k.p.i.KeYFile       Reading KeY file file:/home/runner/work/key/key/key.core/build/resources/main/de/uka/ilkd/key/proof/rules/execRules.key 
3690       DEBUG main            d.u.i.k.p.i.KeYFile       Reading KeY file file:/home/runner/work/key/key/key.core/build/resources/main/de/uka/ilkd/key/proof/rules/loopScopeRules.key 
6209       DEBUG main            d.u.i.k.j.r.ClassPreparationMethodBuilder clPrepBuilder: Inner Class detected. Reject building class initialisation methods. 
6312       DEBUG main            d.u.i.k.j.Recoder2KeY     converting now /home/runner/work/key/key/key.core/../key.ui/examples/InformationFlow/NewObjects/src/object/Naumann.java 
6326       DEBUG main            d.u.i.k.j.Recoder2KeY     converting now /home/runner/work/key/key/key.core/../key.ui/examples/InformationFlow/NewObjects/src/object/AmtoftBanerjee.java 
6329       DEBUG main            d.u.i.k.j.Recoder2KeY     converting now /home/runner/work/key/key/key.core/../key.ui/examples/InformationFlow/NewObjects/src/object/AmtoftBanerjee2.java 
6332       DEBUG main            d.u.i.k.j.Recoder2KeY     converting now /home/runner/work/key/key/key.core/../key.ui/examples/InformationFlow/NewObjects/src/object/ObjectOrientation.java 
6339       DEBUG main            d.u.i.k.j.Recoder2KeY     converting now /home/runner/work/key/key/key.core/../key.ui/examples/InformationFlow/NewObjects/src/object/AmtoftBanerjee3.java 
6388       DEBUG main            d.u.i.k.s.TermLabelSettings TermLabelSettings: Failure while reading the setting "UseOriginLabels".Using the default value: true.The string read was: null 
6408       DEBUG main            d.u.i.k.p.i.KeYFile       Reading KeY file file:/home/runner/work/key/key/key.core/build/resources/main/de/uka/ilkd/key/java/JavaRedux/java/lang/String.key 
8949       DEBUG main            d.u.i.k.p.i.KeYFile       Reading KeY file /home/runner/work/key/key/key.core/../key.ui/examples/InformationFlow/NewObjects/object.AmtoftBanerjee3(object.AmtoftBanerjee3__m()).Non-interference contract.0.m.key 
9012       DEBUG main            d.u.i.k.m.s.ProofScriptEngine 1: 'macro 'infflow-autopilot'' 
9390       DEBUG main            d.u.i.k.p.m.ProofCorrectnessMgt No justification found for rule Class_invariant_axiom_for_object_AmtoftBanerjee3 
9436       DEBUG main            d.u.i.k.j.TypeConverter   typeconverter: (prefix this;, class class de.uka.ilkd.key.java.reference.ThisReference) 
9468       DEBUG main            d.u.i.k.j.TypeConverter   typeconverter: (prefix this;, class class de.uka.ilkd.key.java.reference.ThisReference) 
9496       DEBUG main            d.u.i.k.j.TypeConverter   typeconverter: (prefix this;, class class de.uka.ilkd.key.java.reference.ThisReference) 
9947       INFO  main            d.u.i.k.p.r.p.TestFile    ... finished proof: closed. 
10079      DEBUG main            d.u.i.k.s.TermLabelSettings TermLabelSettings: Failure while reading the setting "UseOriginLabels".Using the default value: true.The string read was: null 
10079      INFO  main            d.u.i.k.p.r.p.TestFile    Now processing file /home/runner/work/key/key/key.core/../key.ui/examples/InformationFlow/NewObjects/object.AmtoftBanerjee(object.AmtoftBanerjee__m_2()).Non-interference contract.0.m.key 
10080      DEBUG main            d.u.i.k.p.i.KeYFile       Reading KeY file /home/runner/work/key/key/key.core/../key.ui/examples/InformationFlow/NewObjects/object.AmtoftBanerjee(object.AmtoftBanerjee__m_2()).Non-interference contract.0.m.key 
11079      DEBUG main            d.u.i.k.j.r.ClassPreparationMethodBuilder clPrepBuilder: Inner Class detected. Reject building class initialisation methods. 
11142      DEBUG main            d.u.i.k.j.Recoder2KeY     converting now /home/runner/work/key/key/key.core/../key.ui/examples/InformationFlow/NewObjects/src/object/Naumann.java 
11147      DEBUG main            d.u.i.k.j.Recoder2KeY     converting now /home/runner/work/key/key/key.core/../key.ui/examples/InformationFlow/NewObjects/src/object/AmtoftBanerjee.java 
11149      DEBUG main            d.u.i.k.j.Recoder2KeY     converting now /home/runner/work/key/key/key.core/../key.ui/examples/InformationFlow/NewObjects/src/object/AmtoftBanerjee2.java 
11151      DEBUG main            d.u.i.k.j.Recoder2KeY     converting now /home/runner/work/key/key/key.core/../key.ui/examples/InformationFlow/NewObjects/src/object/ObjectOrientation.java 
11154      DEBUG main            d.u.i.k.j.Recoder2KeY     converting now /home/runner/work/key/key/key.core/../key.ui/examples/InformationFlow/NewObjects/src/object/AmtoftBanerjee3.java 
11161      DEBUG main            d.u.i.k.s.TermLabelSettings TermLabelSettings: Failure while reading the setting "UseOriginLabels".Using the default value: true.The string read was: null 
11163      DEBUG main            d.u.i.k.p.i.KeYFile       Reading KeY file file:/home/runner/work/key/key/key.core/build/resources/main/de/uka/ilkd/key/java/JavaRedux/java/lang/String.key 
13248      DEBUG main            d.u.i.k.p.i.KeYFile       Reading KeY file /home/runner/work/key/key/key.core/../key.ui/examples/InformationFlow/NewObjects/object.AmtoftBanerjee(object.AmtoftBanerjee__m_2()).Non-interference contract.0.m.key 
13249      DEBUG main            d.u.i.k.m.s.ProofScriptEngine 1: 'macro 'infflow-autopilot'' 
13321      DEBUG main            d.u.i.k.r.m.MethodCall    method-call: called for AmtoftBanerjee.<createObject>(); 
13321      DEBUG main            d.u.i.k.r.m.MethodCall    method-call: invocation of static method detected 
13328      DEBUG main            d.u.i.k.r.m.MethodCall    method-call: called for AmtoftBanerjee.<allocate>(); 
13329      DEBUG main            d.u.i.k.r.m.MethodCall    method-call: invocation of static method detected 
13347      DEBUG main            d.u.i.k.j.TypeConverter   typeconverter: (prefix this;, class class de.uka.ilkd.key.java.reference.ThisReference) 
13352      DEBUG main            d.u.i.k.r.m.MethodCall    method-call: called for <prepareEnter>(); 
13353      DEBUG main            d.u.i.k.r.m.MethodCall    method-call: invocation of private method detected.Requires static resolving. 
13358      DEBUG main            d.u.i.k.r.m.MethodCall    method-call: called for super.<prepare>(); 
13358      DEBUG main            d.u.i.k.r.m.MethodCall    method-call: super invocation of method detected.Requires static resolving. 
13365      DEBUG main            d.u.i.k.j.TypeConverter   typeconverter: (prefix this;, class class de.uka.ilkd.key.java.reference.ThisReference) 
13389      DEBUG main            d.u.i.k.r.m.MethodCall    method-call: called for super.<init>(); 
13389      DEBUG main            d.u.i.k.r.m.MethodCall    method-call: super invocation of method detected.Requires static resolving. 
13417      DEBUG main            d.u.i.k.r.m.MethodCall    method-call: called for AmtoftBanerjee.<createObject>(); 
13417      DEBUG main            d.u.i.k.r.m.MethodCall    method-call: invocation of static method detected 
13425      DEBUG main            d.u.i.k.r.m.MethodCall    method-call: called for AmtoftBanerjee.<allocate>(); 
13425      DEBUG main            d.u.i.k.r.m.MethodCall    method-call: invocation of static method detected 
13463      DEBUG main            d.u.i.k.j.TypeConverter   typeconverter: (prefix this;, class class de.uka.ilkd.key.java.reference.ThisReference) 
13469      DEBUG main            d.u.i.k.r.m.MethodCall    method-call: called for <prepareEnter>(); 
13470      DEBUG main            d.u.i.k.r.m.MethodCall    method-call: invocation of private method detected.Requires static resolving. 
13476      DEBUG main            d.u.i.k.r.m.MethodCall    method-call: called for super.<prepare>(); 
13476      DEBUG main            d.u.i.k.r.m.MethodCall    method-call: super invocation of method detected.Requires static resolving. 
13484      DEBUG main            d.u.i.k.j.TypeConverter   typeconverter: (prefix this;, class class de.uka.ilkd.key.java.reference.ThisReference) 
13512      DEBUG main            d.u.i.k.r.m.MethodCall    method-call: called for super.<init>(); 
13512      DEBUG main            d.u.i.k.r.m.MethodCall    method-call: super invocation of method detected.Requires static resolving. 
13534      DEBUG main            d.u.i.k.l.o.ProgramSV     taclet: Stopped list matching because of incompatible elements #selist (program SimpleExpression) secret; 
13558      DEBUG main            d.u.i.k.j.TypeConverter   TypeConverter: FieldReference: secret; 
13601      DEBUG main            d.u.i.k.r.m.MethodCall    method-call: called for var.setQ(var_1); 
13601      DEBUG main            d.u.i.k.r.m.MethodCall    method-call: invocation of non-private instance method detected.Requires dynamic resolving. 
13623      DEBUG main            d.u.i.k.j.TypeConverter   typeconverter: (prefix this;, class class de.uka.ilkd.key.java.reference.ThisReference) 
13762      DEBUG main            d.u.i.k.j.TypeConverter   TypeConverter: FieldReference: z; 
13785      DEBUG main            d.u.i.k.p.m.ProofCorrectnessMgt No justification found for rule Class_invariant_axiom_for_object_AmtoftBanerjee 
13786      DEBUG main            d.u.i.k.p.m.ProofCorrectnessMgt No justification found for rule Class_invariant_axiom_for_object_AmtoftBanerjee 
13889      DEBUG main            d.u.i.k.p.m.ProofCorrectnessMgt No justification found for rule Class_invariant_axiom_for_object_AmtoftBanerjee 
14467      INFO  main            d.u.i.k.p.r.p.TestFile    ... finished proof: closed. 
14611      DEBUG main            d.u.i.k.s.TermLabelSettings TermLabelSettings: Failure while reading the setting "UseOriginLabels".Using the default value: true.The string read was: null 
14611      INFO  main            d.u.i.k.p.r.p.TestFile    Now processing file /home/runner/work/key/key/key.core/../key.ui/examples/InformationFlow/NewObjects/object.AmtoftBanerjee(object.AmtoftBanerjee__m_1()).Non-interference contract.1.m.key 
14611      DEBUG main            d.u.i.k.p.i.KeYFile       Reading KeY file /home/runner/work/key/key/key.core/../key.ui/examples/InformationFlow/NewObjects/object.AmtoftBanerjee(object.AmtoftBanerjee__m_1()).Non-interference contract.1.m.key 
15597      DEBUG main            d.u.i.k.j.r.ClassPreparationMethodBuilder clPrepBuilder: Inner Class detected. Reject building class initialisation methods. 
15651      DEBUG main            d.u.i.k.j.Recoder2KeY     converting now /home/runner/work/key/key/key.core/../key.ui/examples/InformationFlow/NewObjects/src/object/Naumann.java 
15654      DEBUG main            d.u.i.k.j.Recoder2KeY     converting now /home/runner/work/key/key/key.core/../key.ui/examples/InformationFlow/NewObjects/src/object/AmtoftBanerjee.java 
15655      DEBUG main            d.u.i.k.j.Recoder2KeY     converting now /home/runner/work/key/key/key.core/../key.ui/examples/InformationFlow/NewObjects/src/object/AmtoftBanerjee2.java 
15657      DEBUG main            d.u.i.k.j.Recoder2KeY     converting now /home/runner/work/key/key/key.core/../key.ui/examples/InformationFlow/NewObjects/src/object/ObjectOrientation.java 
15659      DEBUG main            d.u.i.k.j.Recoder2KeY     converting now /home/runner/work/key/key/key.core/../key.ui/examples/InformationFlow/NewObjects/src/object/AmtoftBanerjee3.java 
15667      DEBUG main            d.u.i.k.s.TermLabelSettings TermLabelSettings: Failure while reading the setting "UseOriginLabels".Using the default value: true.The string read was: null 
15669      DEBUG main            d.u.i.k.p.i.KeYFile       Reading KeY file file:/home/runner/work/key/key/key.core/build/resources/main/de/uka/ilkd/key/java/JavaRedux/java/lang/String.key 
17667      DEBUG main            d.u.i.k.p.i.KeYFile       Reading KeY file /home/runner/work/key/key/key.core/../key.ui/examples/InformationFlow/NewObjects/object.AmtoftBanerjee(object.AmtoftBanerjee__m_1()).Non-interference contract.1.m.key 
17667      DEBUG main            d.u.i.k.m.s.ProofScriptEngine 1: 'macro 'infflow-autopilot'' 
17718      DEBUG main            d.u.i.k.r.m.MethodCall    method-call: called for AmtoftBanerjee.<createObject>(); 
17718      DEBUG main            d.u.i.k.r.m.MethodCall    method-call: invocation of static method detected 
17723      DEBUG main            d.u.i.k.r.m.MethodCall    method-call: called for AmtoftBanerjee.<allocate>(); 
17724      DEBUG main            d.u.i.k.r.m.MethodCall    method-call: invocation of static method detected 
17737      DEBUG main            d.u.i.k.j.TypeConverter   typeconverter: (prefix this;, class class de.uka.ilkd.key.java.reference.ThisReference) 
17741      DEBUG main            d.u.i.k.r.m.MethodCall    method-call: called for <prepareEnter>(); 
17741      DEBUG main            d.u.i.k.r.m.MethodCall    method-call: invocation of private method detected.Requires static resolving. 
17744      DEBUG main            d.u.i.k.r.m.MethodCall    method-call: called for super.<prepare>(); 
17745      DEBUG main            d.u.i.k.r.m.MethodCall    method-call: super invocation of method detected.Requires static resolving. 
17750      DEBUG main            d.u.i.k.j.TypeConverter   typeconverter: (prefix this;, class class de.uka.ilkd.key.java.reference.ThisReference) 
17767      DEBUG main            d.u.i.k.r.m.MethodCall    method-call: called for super.<init>(); 
17767      DEBUG main            d.u.i.k.r.m.MethodCall    method-call: super invocation of method detected.Requires static resolving. 
17783      DEBUG main            d.u.i.k.l.o.ProgramSV     taclet: Stopped list matching because of incompatible elements #selist (program SimpleExpression) secret; 
17794      DEBUG main            d.u.i.k.j.TypeConverter   TypeConverter: FieldReference: secret; 
17808      DEBUG main            d.u.i.k.r.m.MethodCall    method-call: called for var.setQ(var_1); 
17808      DEBUG main            d.u.i.k.r.m.MethodCall    method-call: invocation of non-private instance method detected.Requires dynamic resolving. 
17819      DEBUG main            d.u.i.k.j.TypeConverter   typeconverter: (prefix this;, class class de.uka.ilkd.key.java.reference.ThisReference) 
17870      DEBUG main            d.u.i.k.j.TypeConverter   TypeConverter: FieldReference: z; 
17880      DEBUG main            d.u.i.k.p.m.ProofCorrectnessMgt No justification found for rule Class_invariant_axiom_for_object_AmtoftBanerjee 
17881      DEBUG main            d.u.i.k.p.m.ProofCorrectnessMgt No justification found for rule Class_invariant_axiom_for_object_AmtoftBanerjee 
17912      DEBUG main            d.u.i.k.p.m.ProofCorrectnessMgt No justification found for rule Class_invariant_axiom_for_object_AmtoftBanerjee 
18209      INFO  main            d.u.i.k.p.r.p.TestFile    ... finished proof: open goal(s) 
18356      DEBUG main            d.u.i.k.s.TermLabelSettings TermLabelSettings: Failure while reading the setting "UseOriginLabels".Using the default value: true.The string read was: null 
18356      INFO  main            d.u.i.k.p.r.p.TestFile    Now processing file /home/runner/work/key/key/key.core/../key.ui/examples/InformationFlow/NewObjects/object.AmtoftBanerjee(object.AmtoftBanerjee__m_1()).Non-interference contract.0.m.key 
18357      DEBUG main            d.u.i.k.p.i.KeYFile       Reading KeY file /home/runner/work/key/key/key.core/../key.ui/examples/InformationFlow/NewObjects/object.AmtoftBanerjee(object.AmtoftBanerjee__m_1()).Non-interference contract.0.m.key 
19211      DEBUG main            d.u.i.k.j.r.ClassPreparationMethodBuilder clPrepBuilder: Inner Class detected. Reject building class initialisation methods. 
19264      DEBUG main            d.u.i.k.j.Recoder2KeY     converting now /home/runner/work/key/key/key.core/../key.ui/examples/InformationFlow/NewObjects/src/object/Naumann.java 
19266      DEBUG main            d.u.i.k.j.Recoder2KeY     converting now /home/runner/work/key/key/key.core/../key.ui/examples/InformationFlow/NewObjects/src/object/AmtoftBanerjee.java 
19268      DEBUG main            d.u.i.k.j.Recoder2KeY     converting now /home/runner/work/key/key/key.core/../key.ui/examples/InformationFlow/NewObjects/src/object/AmtoftBanerjee2.java 
19269      DEBUG main            d.u.i.k.j.Recoder2KeY     converting now /home/runner/work/key/key/key.core/../key.ui/examples/InformationFlow/NewObjects/src/object/ObjectOrientation.java 
19270      DEBUG main            d.u.i.k.j.Recoder2KeY     converting now /home/runner/work/key/key/key.core/../key.ui/examples/InformationFlow/NewObjects/src/object/AmtoftBanerjee3.java 
19276      DEBUG main            d.u.i.k.s.TermLabelSettings TermLabelSettings: Failure while reading the setting "UseOriginLabels".Using the default value: true.The string read was: null 
19277      DEBUG main            d.u.i.k.p.i.KeYFile       Reading KeY file file:/home/runner/work/key/key/key.core/build/resources/main/de/uka/ilkd/key/java/JavaRedux/java/lang/String.key 
21243      DEBUG main            d.u.i.k.p.i.KeYFile       Reading KeY file /home/runner/work/key/key/key.core/../key.ui/examples/InformationFlow/NewObjects/object.AmtoftBanerjee(object.AmtoftBanerjee__m_1()).Non-interference contract.0.m.key 
21243      DEBUG main            d.u.i.k.m.s.ProofScriptEngine 1: 'macro 'infflow-autopilot'' 
21286      DEBUG main            d.u.i.k.r.m.MethodCall    method-call: called for AmtoftBanerjee.<createObject>(); 
21286      DEBUG main            d.u.i.k.r.m.MethodCall    method-call: invocation of static method detected 
21291      DEBUG main            d.u.i.k.r.m.MethodCall    method-call: called for AmtoftBanerjee.<allocate>(); 
21291      DEBUG main            d.u.i.k.r.m.MethodCall    method-call: invocation of static method detected 
21303      DEBUG main            d.u.i.k.j.TypeConverter   typeconverter: (prefix this;, class class de.uka.ilkd.key.java.reference.ThisReference) 
21307      DEBUG main            d.u.i.k.r.m.MethodCall    method-call: called for <prepareEnter>(); 
21308      DEBUG main            d.u.i.k.r.m.MethodCall    method-call: invocation of private method detected.Requires static resolving. 
21311      DEBUG main            d.u.i.k.r.m.MethodCall    method-call: called for super.<prepare>(); 
21311      DEBUG main            d.u.i.k.r.m.MethodCall    method-call: super invocation of method detected.Requires static resolving. 
21316      DEBUG main            d.u.i.k.j.TypeConverter   typeconverter: (prefix this;, class class de.uka.ilkd.key.java.reference.ThisReference) 
21332      DEBUG main            d.u.i.k.r.m.MethodCall    method-call: called for super.<init>(); 
21333      DEBUG main            d.u.i.k.r.m.MethodCall    method-call: super invocation of method detected.Requires static resolving. 
21347      DEBUG main            d.u.i.k.l.o.ProgramSV     taclet: Stopped list matching because of incompatible elements #selist (program SimpleExpression) secret; 
21357      DEBUG main            d.u.i.k.j.TypeConverter   TypeConverter: FieldReference: secret; 
21371      DEBUG main            d.u.i.k.r.m.MethodCall    method-call: called for var.setQ(var_1); 
21371      DEBUG main            d.u.i.k.r.m.MethodCall    method-call: invocation of non-private instance method detected.Requires dynamic resolving. 
21382      DEBUG main            d.u.i.k.j.TypeConverter   typeconverter: (prefix this;, class class de.uka.ilkd.key.java.reference.ThisReference) 
21430      DEBUG main            d.u.i.k.j.TypeConverter   TypeConverter: FieldReference: z; 
21439      DEBUG main            d.u.i.k.p.m.ProofCorrectnessMgt No justification found for rule Class_invariant_axiom_for_object_AmtoftBanerjee 
21440      DEBUG main            d.u.i.k.p.m.ProofCorrectnessMgt No justification found for rule Class_invariant_axiom_for_object_AmtoftBanerjee 
21469      DEBUG main            d.u.i.k.p.m.ProofCorrectnessMgt No justification found for rule Class_invariant_axiom_for_object_AmtoftBanerjee 
21671      INFO  main            d.u.i.k.p.r.p.TestFile    ... finished proof: closed. 
21852      DEBUG main            d.u.i.k.s.TermLabelSettings TermLabelSettings: Failure while reading the setting "UseOriginLabels".Using the default value: true.The string read was: null 
21852      INFO  main            d.u.i.k.p.r.p.TestFile    Now processing file /home/runner/work/key/key/key.core/../key.ui/examples/InformationFlow/NewObjects/object.AmtoftBanerjee(object.AmtoftBanerjee__getQ()).Non-interference contract.0.m.key 
21853      DEBUG main            d.u.i.k.p.i.KeYFile       Reading KeY file /home/runner/work/key/key/key.core/../key.ui/examples/InformationFlow/NewObjects/object.AmtoftBanerjee(object.AmtoftBanerjee__getQ()).Non-interference contract.0.m.key 
22756      DEBUG main            d.u.i.k.j.r.ClassPreparationMethodBuilder clPrepBuilder: Inner Class detected. Reject building class initialisation methods. 
22808      DEBUG main            d.u.i.k.j.Recoder2KeY     converting now /home/runner/work/key/key/key.core/../key.ui/examples/InformationFlow/NewObjects/src/object/Naumann.java 
22811      DEBUG main            d.u.i.k.j.Recoder2KeY     converting now /home/runner/work/key/key/key.core/../key.ui/examples/InformationFlow/NewObjects/src/object/AmtoftBanerjee.java 
22812      DEBUG main            d.u.i.k.j.Recoder2KeY     converting now /home/runner/work/key/key/key.core/../key.ui/examples/InformationFlow/NewObjects/src/object/AmtoftBanerjee2.java 
22813      DEBUG main            d.u.i.k.j.Recoder2KeY     converting now /home/runner/work/key/key/key.core/../key.ui/examples/InformationFlow/NewObjects/src/object/ObjectOrientation.java 
22815      DEBUG main            d.u.i.k.j.Recoder2KeY     converting now /home/runner/work/key/key/key.core/../key.ui/examples/InformationFlow/NewObjects/src/object/AmtoftBanerjee3.java 
22820      DEBUG main            d.u.i.k.s.TermLabelSettings TermLabelSettings: Failure while reading the setting "UseOriginLabels".Using the default value: true.The string read was: null 
22822      DEBUG main            d.u.i.k.p.i.KeYFile       Reading KeY file file:/home/runner/work/key/key/key.core/build/resources/main/de/uka/ilkd/key/java/JavaRedux/java/lang/String.key 
24790      DEBUG main            d.u.i.k.p.i.KeYFile       Reading KeY file /home/runner/work/key/key/key.core/../key.ui/examples/InformationFlow/NewObjects/object.AmtoftBanerjee(object.AmtoftBanerjee__getQ()).Non-interference contract.0.m.key 
24790      DEBUG main            d.u.i.k.m.s.ProofScriptEngine 1: 'macro 'infflow-autopilot'' 
24833      DEBUG main            d.u.i.k.p.m.ProofCorrectnessMgt No justification found for rule Class_invariant_axiom_for_object_AmtoftBanerjee 
24837      DEBUG main            d.u.i.k.j.TypeConverter   typeconverter: (prefix this;, class class de.uka.ilkd.key.java.reference.ThisReference) 
24912      INFO  main            d.u.i.k.p.r.p.TestFile    ... finished proof: closed. 
25152      DEBUG main            d.u.i.k.s.TermLabelSettings TermLabelSettings: Failure while reading the setting "UseOriginLabels".Using the default value: true.The string read was: null 
25152      INFO  main            d.u.i.k.p.r.p.TestFile    Now processing file /home/runner/work/key/key/key.core/../key.ui/examples/InformationFlow/NewObjects/object.Naumann(object.Naumann__Pair_m(int,int)).Non-interference contract.0.m.key 
25152      DEBUG main            d.u.i.k.p.i.KeYFile       Reading KeY file /home/runner/work/key/key/key.core/../key.ui/examples/InformationFlow/NewObjects/object.Naumann(object.Naumann__Pair_m(int,int)).Non-interference contract.0.m.key 
26003      DEBUG main            d.u.i.k.j.r.ClassPreparationMethodBuilder clPrepBuilder: Inner Class detected. Reject building class initialisation methods. 
26054      DEBUG main            d.u.i.k.j.Recoder2KeY     converting now /home/runner/work/key/key/key.core/../key.ui/examples/InformationFlow/NewObjects/src/object/Naumann.java 
26056      DEBUG main            d.u.i.k.j.Recoder2KeY     converting now /home/runner/work/key/key/key.core/../key.ui/examples/InformationFlow/NewObjects/src/object/AmtoftBanerjee.java 
26057      DEBUG main            d.u.i.k.j.Recoder2KeY     converting now /home/runner/work/key/key/key.core/../key.ui/examples/InformationFlow/NewObjects/src/object/AmtoftBanerjee2.java 
26058      DEBUG main            d.u.i.k.j.Recoder2KeY     converting now /home/runner/work/key/key/key.core/../key.ui/examples/InformationFlow/NewObjects/src/object/ObjectOrientation.java 
26059      DEBUG main            d.u.i.k.j.Recoder2KeY     converting now /home/runner/work/key/key/key.core/../key.ui/examples/InformationFlow/NewObjects/src/object/AmtoftBanerjee3.java 
26064      DEBUG main            d.u.i.k.s.TermLabelSettings TermLabelSettings: Failure while reading the setting "UseOriginLabels".Using the default value: true.The string read was: null 
26065      DEBUG main            d.u.i.k.p.i.KeYFile       Reading KeY file file:/home/runner/work/key/key/key.core/build/resources/main/de/uka/ilkd/key/java/JavaRedux/java/lang/String.key 
28016      DEBUG main            d.u.i.k.p.i.KeYFile       Reading KeY file /home/runner/work/key/key/key.core/../key.ui/examples/InformationFlow/NewObjects/object.Naumann(object.Naumann__Pair_m(int,int)).Non-interference contract.0.m.key 
28016      DEBUG main            d.u.i.k.m.s.ProofScriptEngine 1: 'macro 'infflow-autopilot'' 
28202      DEBUG main            d.u.i.k.r.m.WhileLoopTransformation While-Loop-Tranform-Result: try {
  {
    if (i < 10) {
      this.m_result[i] = new Node();
      this.m_result[i].val = _x;
      i++;
    }
  }
} catch (java.lang.Throwable e#17) {
  exc#16 = true;
  thrownExc#18 = e#17;
} 
29392      DEBUG main            d.u.i.k.j.TypeConverter   typeconverter: (prefix this;, class class de.uka.ilkd.key.java.reference.ThisReference) 
29428      DEBUG main            d.u.i.k.j.TypeConverter   typeconverter: (prefix this;, class class de.uka.ilkd.key.java.reference.ThisReference) 
30760      DEBUG main            d.u.i.k.r.m.MethodCall    method-call: called for Node.<createObject>(); 
30765      DEBUG main            d.u.i.k.r.m.MethodCall    method-call: invocation of static method detected 
30784      DEBUG main            d.u.i.k.r.m.MethodCall    method-call: called for Node.<createObject>(); 
30785      DEBUG main            d.u.i.k.r.m.MethodCall    method-call: invocation of static method detected 
30802      DEBUG main            d.u.i.k.r.m.MethodCall    method-call: called for Node.<allocate>(); 
30802      DEBUG main            d.u.i.k.r.m.MethodCall    method-call: invocation of static method detected 
30812      DEBUG main            d.u.i.k.r.m.MethodCall    method-call: called for Node.<allocate>(); 
30812      DEBUG main            d.u.i.k.r.m.MethodCall    method-call: invocation of static method detected 
30842      DEBUG main            d.u.i.k.j.TypeConverter   typeconverter: (prefix this;, class class de.uka.ilkd.key.java.reference.ThisReference) 
30879      DEBUG main            d.u.i.k.j.TypeConverter   typeconverter: (prefix this;, class class de.uka.ilkd.key.java.reference.ThisReference) 
30889      DEBUG main            d.u.i.k.r.m.MethodCall    method-call: called for <prepareEnter>(); 
30890      DEBUG main            d.u.i.k.r.m.MethodCall    method-call: invocation of private method detected.Requires static resolving. 
30902      DEBUG main            d.u.i.k.r.m.MethodCall    method-call: called for <prepareEnter>(); 
30902      DEBUG main            d.u.i.k.r.m.MethodCall    method-call: invocation of private method detected.Requires static resolving. 
30915      DEBUG main            d.u.i.k.r.m.MethodCall    method-call: called for super.<prepare>(); 
30915      DEBUG main            d.u.i.k.r.m.MethodCall    method-call: super invocation of method detected.Requires static resolving. 
30929      DEBUG main            d.u.i.k.j.TypeConverter   typeconverter: (prefix this;, class class de.uka.ilkd.key.java.reference.ThisReference) 
30978      DEBUG main            d.u.i.k.j.TypeConverter   typeconverter: (prefix this;, class class de.uka.ilkd.key.java.reference.ThisReference) 
30989      DEBUG main            d.u.i.k.r.m.MethodCall    method-call: called for super.<prepare>(); 
30990      DEBUG main            d.u.i.k.r.m.MethodCall    method-call: super invocation of method detected.Requires static resolving. 
31004      DEBUG main            d.u.i.k.j.TypeConverter   typeconverter: (prefix this;, class class de.uka.ilkd.key.java.reference.ThisReference) 
31059      DEBUG main            d.u.i.k.j.TypeConverter   typeconverter: (prefix this;, class class de.uka.ilkd.key.java.reference.ThisReference) 
31072      DEBUG main            d.u.i.k.r.m.MethodCall    method-call: called for super.<init>(); 
31073      DEBUG main            d.u.i.k.r.m.MethodCall    method-call: super invocation of method detected.Requires static resolving. 
31157      DEBUG main            d.u.i.k.j.TypeConverter   typeconverter: (prefix this;, class class de.uka.ilkd.key.java.reference.ThisReference) 
31278      DEBUG main            d.u.i.k.j.TypeConverter   typeconverter: (prefix this;, class class de.uka.ilkd.key.java.reference.ThisReference) 
31458      DEBUG main            d.u.i.k.r.m.MethodCall    method-call: called for object.Naumann.Node[].<createArray>(dim0); 
31458      DEBUG main            d.u.i.k.r.m.MethodCall    method-call: invocation of static method detected 
31470      DEBUG main            d.u.i.k.r.m.MethodCall    method-call: called for object.Naumann.Node[].<createArray>(dim0_1); 
31470      DEBUG main            d.u.i.k.r.m.MethodCall    method-call: invocation of static method detected 
31482      DEBUG main            d.u.i.k.r.m.MethodCall    method-call: called for object.Naumann.Node[].<allocate>(length_1); 
31482      DEBUG main            d.u.i.k.r.m.MethodCall    method-call: invocation of static method detected 
31490      DEBUG main            d.u.i.k.r.m.MethodCall    method-call: called for object.Naumann.Node[].<allocate>(length_2); 
31490      DEBUG main            d.u.i.k.r.m.MethodCall    method-call: invocation of static method detected 
31539      DEBUG main            d.u.i.k.r.m.MethodCall    method-call: called for newObject.<createArrayHelper>(); 
31539      DEBUG main            d.u.i.k.r.m.MethodCall    method-call: invocation of private method detected.Requires static resolving. 
31547      DEBUG main            d.u.i.k.j.TypeConverter   typeconverter: (prefix this;, class class de.uka.ilkd.key.java.reference.ThisReference) 
31554      DEBUG main            d.u.i.k.r.m.MethodCall    method-call: called for newObject_1.<createArrayHelper>(); 
31555      DEBUG main            d.u.i.k.r.m.MethodCall    method-call: invocation of private method detected.Requires static resolving. 
31563      DEBUG main            d.u.i.k.j.TypeConverter   typeconverter: (prefix this;, class class de.uka.ilkd.key.java.reference.ThisReference) 
31569      DEBUG main            d.u.i.k.r.m.MethodCall    method-call: called for <prepare>(); 
31570      DEBUG main            d.u.i.k.r.m.MethodCall    method-call: invocation of private method detected.Requires static resolving. 
31590      DEBUG main            d.u.i.k.j.TypeConverter   typeconverter: (prefix this;, class class de.uka.ilkd.key.java.reference.ThisReference) 
31615      DEBUG main            d.u.i.k.j.TypeConverter   typeconverter: (prefix this;, class class de.uka.ilkd.key.java.reference.ThisReference) 
31646      DEBUG main            d.u.i.k.r.m.MethodCall    method-call: called for <prepare>(); 
31646      DEBUG main            d.u.i.k.r.m.MethodCall    method-call: invocation of private method detected.Requires static resolving. 
31667      DEBUG main            d.u.i.k.j.TypeConverter   typeconverter: (prefix this;, class class de.uka.ilkd.key.java.reference.ThisReference) 
31793      DEBUG main            d.u.i.k.r.m.MethodCall    method-call: called for object.Naumann.Node[].<createArray>(dim0); 
31794      DEBUG main            d.u.i.k.r.m.MethodCall    method-call: invocation of static method detected 
31805      DEBUG main            d.u.i.k.r.m.MethodCall    method-call: called for object.Naumann.Node[].<createArray>(dim0_1); 
31806      DEBUG main            d.u.i.k.r.m.MethodCall    method-call: invocation of static method detected 
31819      DEBUG main            d.u.i.k.r.m.MethodCall    method-call: called for object.Naumann.Node[].<allocate>(length_1); 
31819      DEBUG main            d.u.i.k.r.m.MethodCall    method-call: invocation of static method detected 
31828      DEBUG main            d.u.i.k.r.m.MethodCall    method-call: called for object.Naumann.Node[].<allocate>(length_2); 
31829      DEBUG main            d.u.i.k.r.m.MethodCall    method-call: invocation of static method detected 
31879      DEBUG main            d.u.i.k.r.m.MethodCall    method-call: called for newObject.<createArrayHelper>(); 
31880      DEBUG main            d.u.i.k.r.m.MethodCall    method-call: invocation of private method detected.Requires static resolving. 
31888      DEBUG main            d.u.i.k.j.TypeConverter   typeconverter: (prefix this;, class class de.uka.ilkd.key.java.reference.ThisReference) 
31894      DEBUG main            d.u.i.k.r.m.MethodCall    method-call: called for newObject_1.<createArrayHelper>(); 
31894      DEBUG main            d.u.i.k.r.m.MethodCall    method-call: invocation of private method detected.Requires static resolving. 
31902      DEBUG main            d.u.i.k.j.TypeConverter   typeconverter: (prefix this;, class class de.uka.ilkd.key.java.reference.ThisReference) 
31907      DEBUG main            d.u.i.k.r.m.MethodCall    method-call: called for <prepare>(); 
31908      DEBUG main            d.u.i.k.r.m.MethodCall    method-call: invocation of private method detected.Requires static resolving. 
31928      DEBUG main            d.u.i.k.j.TypeConverter   typeconverter: (prefix this;, class class de.uka.ilkd.key.java.reference.ThisReference) 
31954      DEBUG main            d.u.i.k.j.TypeConverter   typeconverter: (prefix this;, class class de.uka.ilkd.key.java.reference.ThisReference) 
32051      DEBUG main            d.u.i.k.r.m.MethodCall    method-call: called for object.Naumann.Node[].<createArray>(dim0); 
32051      DEBUG main            d.u.i.k.r.m.MethodCall    method-call: invocation of static method detected 
32065      DEBUG main            d.u.i.k.r.m.MethodCall    method-call: called for object.Naumann.Node[].<createArray>(dim0_1); 
32065      DEBUG main            d.u.i.k.r.m.MethodCall    method-call: invocation of static method detected 
32076      DEBUG main            d.u.i.k.r.m.MethodCall    method-call: called for object.Naumann.Node[].<allocate>(length_1); 
32077      DEBUG main            d.u.i.k.r.m.MethodCall    method-call: invocation of static method detected 
32088      DEBUG main            d.u.i.k.r.m.MethodCall    method-call: called for object.Naumann.Node[].<allocate>(length_2); 
32089      DEBUG main            d.u.i.k.r.m.MethodCall    method-call: invocation of static method detected 
32137      DEBUG main            d.u.i.k.r.m.MethodCall    method-call: called for newObject.<createArrayHelper>(); 
32138      DEBUG main            d.u.i.k.r.m.MethodCall    method-call: invocation of private method detected.Requires static resolving. 
32145      DEBUG main            d.u.i.k.j.TypeConverter   typeconverter: (prefix this;, class class de.uka.ilkd.key.java.reference.ThisReference) 
32151      DEBUG main            d.u.i.k.r.m.MethodCall    method-call: called for newObject_1.<createArrayHelper>(); 
32151      DEBUG main            d.u.i.k.r.m.MethodCall    method-call: invocation of private method detected.Requires static resolving. 
32158      DEBUG main            d.u.i.k.j.TypeConverter   typeconverter: (prefix this;, class class de.uka.ilkd.key.java.reference.ThisReference) 
32163      DEBUG main            d.u.i.k.r.m.MethodCall    method-call: called for <prepare>(); 
32164      DEBUG main            d.u.i.k.r.m.MethodCall    method-call: invocation of private method detected.Requires static resolving. 
32184      DEBUG main            d.u.i.k.j.TypeConverter   typeconverter: (prefix this;, class class de.uka.ilkd.key.java.reference.ThisReference) 
32212      DEBUG main            d.u.i.k.j.TypeConverter   typeconverter: (prefix this;, class class de.uka.ilkd.key.java.reference.ThisReference) 
32238      DEBUG main            d.u.i.k.r.m.MethodCall    method-call: called for <prepare>(); 
32239      DEBUG main            d.u.i.k.r.m.MethodCall    method-call: invocation of private method detected.Requires static resolving. 
32260      DEBUG main            d.u.i.k.j.TypeConverter   typeconverter: (prefix this;, class class de.uka.ilkd.key.java.reference.ThisReference) 
32444      DEBUG main            d.u.i.k.j.TypeConverter   typeconverter: (prefix this;, class class de.uka.ilkd.key.java.reference.ThisReference) 
32477      DEBUG main            d.u.i.k.r.m.MethodCall    method-call: called for Node.<createObject>(); 
32477      DEBUG main            d.u.i.k.r.m.MethodCall    method-call: invocation of static method detected 
32483      DEBUG main            d.u.i.k.r.m.MethodCall    method-call: called for Node.<allocate>(); 
32483      DEBUG main            d.u.i.k.r.m.MethodCall    method-call: invocation of static method detected 
32502      DEBUG main            d.u.i.k.j.TypeConverter   typeconverter: (prefix this;, class class de.uka.ilkd.key.java.reference.ThisReference) 
32507      DEBUG main            d.u.i.k.r.m.MethodCall    method-call: called for <prepareEnter>(); 
32507      DEBUG main            d.u.i.k.r.m.MethodCall    method-call: invocation of private method detected.Requires static resolving. 
32512      DEBUG main            d.u.i.k.r.m.MethodCall    method-call: called for super.<prepare>(); 
32512      DEBUG main            d.u.i.k.r.m.MethodCall    method-call: super invocation of method detected.Requires static resolving. 
32520      DEBUG main            d.u.i.k.j.TypeConverter   typeconverter: (prefix this;, class class de.uka.ilkd.key.java.reference.ThisReference) 
32547      DEBUG main            d.u.i.k.j.TypeConverter   typeconverter: (prefix this;, class class de.uka.ilkd.key.java.reference.ThisReference) 
32552      DEBUG main            d.u.i.k.r.m.MethodCall    method-call: called for super.<init>(); 
32552      DEBUG main            d.u.i.k.r.m.MethodCall    method-call: super invocation of method detected.Requires static resolving. 
32585      DEBUG main            d.u.i.k.j.TypeConverter   typeconverter: (prefix this;, class class de.uka.ilkd.key.java.reference.ThisReference) 
40481      INFO  main            d.u.i.k.p.r.p.TestFile    ... finished proof: closed. 
40725      DEBUG main            d.u.i.k.s.TermLabelSettings TermLabelSettings: Failure while reading the setting "UseOriginLabels".Using the default value: true.The string read was: null 
40725      INFO  main            d.u.i.k.p.r.p.TestFile    Now processing file /home/runner/work/key/key/key.core/../key.ui/examples/InformationFlow/NewObjects/object.ObjectOrientation(object.ObjectOrientation__secure_while_i((Ljava.lang.Object)).Non-interference contract.0.m.key 
40725      DEBUG main            d.u.i.k.p.i.KeYFile       Reading KeY file /home/runner/work/key/key/key.core/../key.ui/examples/InformationFlow/NewObjects/object.ObjectOrientation(object.ObjectOrientation__secure_while_i((Ljava.lang.Object)).Non-interference contract.0.m.key 
41592      DEBUG main            d.u.i.k.j.r.ClassPreparationMethodBuilder clPrepBuilder: Inner Class detected. Reject building class initialisation methods. 
41641      DEBUG main            d.u.i.k.j.Recoder2KeY     converting now /home/runner/work/key/key/key.core/../key.ui/examples/InformationFlow/NewObjects/src/object/Naumann.java 
41643      DEBUG main            d.u.i.k.j.Recoder2KeY     converting now /home/runner/work/key/key/key.core/../key.ui/examples/InformationFlow/NewObjects/src/object/AmtoftBanerjee.java 
41644      DEBUG main            d.u.i.k.j.Recoder2KeY     converting now /home/runner/work/key/key/key.core/../key.ui/examples/InformationFlow/NewObjects/src/object/AmtoftBanerjee2.java 
41645      DEBUG main            d.u.i.k.j.Recoder2KeY     converting now /home/runner/work/key/key/key.core/../key.ui/examples/InformationFlow/NewObjects/src/object/ObjectOrientation.java 
41646      DEBUG main            d.u.i.k.j.Recoder2KeY     converting now /home/runner/work/key/key/key.core/../key.ui/examples/InformationFlow/NewObjects/src/object/AmtoftBanerjee3.java 
41651      DEBUG main            d.u.i.k.s.TermLabelSettings TermLabelSettings: Failure while reading the setting "UseOriginLabels".Using the default value: true.The string read was: null 
41652      DEBUG main            d.u.i.k.p.i.KeYFile       Reading KeY file file:/home/runner/work/key/key/key.core/build/resources/main/de/uka/ilkd/key/java/JavaRedux/java/lang/String.key 
43552      DEBUG main            d.u.i.k.p.i.KeYFile       Reading KeY file /home/runner/work/key/key/key.core/../key.ui/examples/InformationFlow/NewObjects/object.ObjectOrientation(object.ObjectOrientation__secure_while_i((Ljava.lang.Object)).Non-interference contract.0.m.key 
43553      DEBUG main            d.u.i.k.m.s.ProofScriptEngine 1: 'macro 'infflow-autopilot'' 
43606      DEBUG main            d.u.i.k.p.m.ProofCorrectnessMgt No justification found for rule Class_invariant_axiom_for_object_ObjectOrientation 
43620      DEBUG main            d.u.i.k.r.m.WhileLoopTransformation While-Loop-Tranform-Result: {
  int i = 0;
  while (i < _a.length) {
    {
      _a[i] = new Object();
    }
    i++;
  }
} 
43630      DEBUG main            d.u.i.k.r.m.WhileLoopTransformation While-Loop-Tranform-Result: try {
  {
    if (i < _a.length) {
      {
        _a[i] = new Object();
      }
      i++;
    }
  }
} catch (java.lang.Throwable e#4) {
  exc#3 = true;
  thrownExc#5 = e#4;
} 
50566      INFO  main            d.u.i.k.p.r.p.TestFile    ... finished proof: closed. 
50838      DEBUG main            d.u.i.k.s.TermLabelSettings TermLabelSettings: Failure while reading the setting "UseOriginLabels".Using the default value: true.The string read was: null 
50839      INFO  main            d.u.i.k.p.r.p.TestFile    Now processing file /home/runner/work/key/key/key.core/../key.ui/examples/InformationFlow/NewObjects/object.ObjectOrientation(object.ObjectOrientation__secure_method_call()).Non-interference contract.0.m.key 
50839      DEBUG main            d.u.i.k.p.i.KeYFile       Reading KeY file /home/runner/work/key/key/key.core/../key.ui/examples/InformationFlow/NewObjects/object.ObjectOrientation(object.ObjectOrientation__secure_method_call()).Non-interference contract.0.m.key 
51651      DEBUG main            d.u.i.k.j.r.ClassPreparationMethodBuilder clPrepBuilder: Inner Class detected. Reject building class initialisation methods. 
51700      DEBUG main            d.u.i.k.j.Recoder2KeY     converting now /home/runner/work/key/key/key.core/../key.ui/examples/InformationFlow/NewObjects/src/object/Naumann.java 
51702      DEBUG main            d.u.i.k.j.Recoder2KeY     converting now /home/runner/work/key/key/key.core/../key.ui/examples/InformationFlow/NewObjects/src/object/AmtoftBanerjee.java 
51703      DEBUG main            d.u.i.k.j.Recoder2KeY     converting now /home/runner/work/key/key/key.core/../key.ui/examples/InformationFlow/NewObjects/src/object/AmtoftBanerjee2.java 
51704      DEBUG main            d.u.i.k.j.Recoder2KeY     converting now /home/runner/work/key/key/key.core/../key.ui/examples/InformationFlow/NewObjects/src/object/ObjectOrientation.java 
51705      DEBUG main            d.u.i.k.j.Recoder2KeY     converting now /home/runner/work/key/key/key.core/../key.ui/examples/InformationFlow/NewObjects/src/object/AmtoftBanerjee3.java 
51710      DEBUG main            d.u.i.k.s.TermLabelSettings TermLabelSettings: Failure while reading the setting "UseOriginLabels".Using the default value: true.The string read was: null 
51711      DEBUG main            d.u.i.k.p.i.KeYFile       Reading KeY file file:/home/runner/work/key/key/key.core/build/resources/main/de/uka/ilkd/key/java/JavaRedux/java/lang/String.key 
53592      DEBUG main            d.u.i.k.p.i.KeYFile       Reading KeY file /home/runner/work/key/key/key.core/../key.ui/examples/InformationFlow/NewObjects/object.ObjectOrientation(object.ObjectOrientation__secure_method_call()).Non-interference contract.0.m.key 
53592      DEBUG main            d.u.i.k.m.s.ProofScriptEngine 1: 'macro 'infflow-autopilot'' 
53625      DEBUG main            d.u.i.k.p.m.ProofCorrectnessMgt No justification found for rule Class_invariant_axiom_for_object_ObjectOrientation 
53652      DEBUG main            d.u.i.k.j.TypeConverter   TypeConverter: FieldReference: o1; 
53661      DEBUG main            d.u.i.k.j.TypeConverter   TypeConverter: FieldReference: o2; 
53664      DEBUG main            d.u.i.k.p.m.ProofCorrectnessMgt No justification found for rule Class_invariant_axiom_for_object_ObjectOrientation 
53688      DEBUG main            d.u.i.k.p.m.ProofCorrectnessMgt No justification found for rule Class_invariant_axiom_for_object_ObjectOrientation 
53734      DEBUG main            d.u.i.k.p.m.ProofCorrectnessMgt No justification found for rule Class_invariant_axiom_for_object_ObjectOrientation 
54076      INFO  main            d.u.i.k.p.r.p.TestFile    ... finished proof: closed. 
54275      DEBUG main            d.u.i.k.s.TermLabelSettings TermLabelSettings: Failure while reading the setting "UseOriginLabels".Using the default value: true.The string read was: null 
54276      INFO  main            d.u.i.k.p.r.p.TestFile    Now processing file /home/runner/work/key/key/key.core/../key.ui/examples/InformationFlow/NewObjects/object.ObjectOrientation(object.ObjectOrientation__if_two_object_creation_next()).Non-interference contract.1.m.key 
54276      DEBUG main            d.u.i.k.p.i.KeYFile       Reading KeY file /home/runner/work/key/key/key.core/../key.ui/examples/InformationFlow/NewObjects/object.ObjectOrientation(object.ObjectOrientation__if_two_object_creation_next()).Non-interference contract.1.m.key 
55092      DEBUG main            d.u.i.k.j.r.ClassPreparationMethodBuilder clPrepBuilder: Inner Class detected. Reject building class initialisation methods. 
55141      DEBUG main            d.u.i.k.j.Recoder2KeY     converting now /home/runner/work/key/key/key.core/../key.ui/examples/InformationFlow/NewObjects/src/object/Naumann.java 
55142      DEBUG main            d.u.i.k.j.Recoder2KeY     converting now /home/runner/work/key/key/key.core/../key.ui/examples/InformationFlow/NewObjects/src/object/AmtoftBanerjee.java 
55143      DEBUG main            d.u.i.k.j.Recoder2KeY     converting now /home/runner/work/key/key/key.core/../key.ui/examples/InformationFlow/NewObjects/src/object/AmtoftBanerjee2.java 
55144      DEBUG main            d.u.i.k.j.Recoder2KeY     converting now /home/runner/work/key/key/key.core/../key.ui/examples/InformationFlow/NewObjects/src/object/ObjectOrientation.java 
55145      DEBUG main            d.u.i.k.j.Recoder2KeY     converting now /home/runner/work/key/key/key.core/../key.ui/examples/InformationFlow/NewObjects/src/object/AmtoftBanerjee3.java 
55160      DEBUG main            d.u.i.k.s.TermLabelSettings TermLabelSettings: Failure while reading the setting "UseOriginLabels".Using the default value: true.The string read was: null 
55162      DEBUG main            d.u.i.k.p.i.KeYFile       Reading KeY file file:/home/runner/work/key/key/key.core/build/resources/main/de/uka/ilkd/key/java/JavaRedux/java/lang/String.key 
57077      DEBUG main            d.u.i.k.p.i.KeYFile       Reading KeY file /home/runner/work/key/key/key.core/../key.ui/examples/InformationFlow/NewObjects/object.ObjectOrientation(object.ObjectOrientation__if_two_object_creation_next()).Non-interference contract.1.m.key 
57078      DEBUG main            d.u.i.k.m.s.ProofScriptEngine 1: 'macro 'infflow-autopilot'' 
57113      DEBUG main            d.u.i.k.p.m.ProofCorrectnessMgt No justification found for rule Class_invariant_axiom_for_object_ObjectOrientation 
57122      DEBUG main            d.u.i.k.j.TypeConverter   TypeConverter: FieldReference: high; 
57141      DEBUG main            d.u.i.k.r.m.MethodCall    method-call: called for ObjectOrientation.<createObject>(); 
57141      DEBUG main            d.u.i.k.r.m.MethodCall    method-call: invocation of static method detected 
57146      DEBUG main            d.u.i.k.r.m.MethodCall    method-call: called for ObjectOrientation.<allocate>(); 
57146      DEBUG main            d.u.i.k.r.m.MethodCall    method-call: invocation of static method detected 
57159      DEBUG main            d.u.i.k.j.TypeConverter   typeconverter: (prefix this;, class class de.uka.ilkd.key.java.reference.ThisReference) 
57162      DEBUG main            d.u.i.k.r.m.MethodCall    method-call: called for <prepareEnter>(); 
57163      DEBUG main            d.u.i.k.r.m.MethodCall    method-call: invocation of private method detected.Requires static resolving. 
57166      DEBUG main            d.u.i.k.r.m.MethodCall    method-call: called for super.<prepare>(); 
57167      DEBUG main            d.u.i.k.r.m.MethodCall    method-call: super invocation of method detected.Requires static resolving. 
57173      DEBUG main            d.u.i.k.j.TypeConverter   typeconverter: (prefix this;, class class de.uka.ilkd.key.java.reference.ThisReference) 
57177      DEBUG main            d.u.i.k.j.TypeConverter   typeconverter: (prefix this;, class class de.uka.ilkd.key.java.reference.ThisReference) 
57206      DEBUG main            d.u.i.k.r.m.MethodCall    method-call: called for super.<init>(); 
57206      DEBUG main            d.u.i.k.r.m.MethodCall    method-call: super invocation of method detected.Requires static resolving. 
57212      DEBUG main            d.u.i.k.j.TypeConverter   typeconverter: (prefix this;, class class de.uka.ilkd.key.java.reference.ThisReference) 
57228      DEBUG main            d.u.i.k.j.TypeConverter   TypeConverter: FieldReference: o1; 
57239      DEBUG main            d.u.i.k.r.m.MethodCall    method-call: called for ObjectOrientation.<createObject>(); 
57239      DEBUG main            d.u.i.k.r.m.MethodCall    method-call: invocation of static method detected 
57246      DEBUG main            d.u.i.k.r.m.MethodCall    method-call: called for ObjectOrientation.<allocate>(); 
57246      DEBUG main            d.u.i.k.r.m.MethodCall    method-call: invocation of static method detected 
57290      DEBUG main            d.u.i.k.j.TypeConverter   typeconverter: (prefix this;, class class de.uka.ilkd.key.java.reference.ThisReference) 
57296      DEBUG main            d.u.i.k.r.m.MethodCall    method-call: called for <prepareEnter>(); 
57296      DEBUG main            d.u.i.k.r.m.MethodCall    method-call: invocation of private method detected.Requires static resolving. 
57300      DEBUG main            d.u.i.k.r.m.MethodCall    method-call: called for super.<prepare>(); 
57301      DEBUG main            d.u.i.k.r.m.MethodCall    method-call: super invocation of method detected.Requires static resolving. 
57307      DEBUG main            d.u.i.k.j.TypeConverter   typeconverter: (prefix this;, class class de.uka.ilkd.key.java.reference.ThisReference) 
57313      DEBUG main            d.u.i.k.j.TypeConverter   typeconverter: (prefix this;, class class de.uka.ilkd.key.java.reference.ThisReference) 
57339      DEBUG main            d.u.i.k.r.m.MethodCall    method-call: called for super.<init>(); 
57340      DEBUG main            d.u.i.k.r.m.MethodCall    method-call: super invocation of method detected.Requires static resolving. 
57346      DEBUG main            d.u.i.k.j.TypeConverter   typeconverter: (prefix this;, class class de.uka.ilkd.key.java.reference.ThisReference) 
57362      DEBUG main            d.u.i.k.j.TypeConverter   TypeConverter: FieldReference: o0; 
57371      DEBUG main            d.u.i.k.j.TypeConverter   TypeConverter: FieldReference: o1; 
57405      DEBUG main            d.u.i.k.j.TypeConverter   TypeConverter: FieldReference: o0; 
57442      DEBUG main            d.u.i.k.r.m.MethodCall    method-call: called for ObjectOrientation.<createObject>(); 
57443      DEBUG main            d.u.i.k.r.m.MethodCall    method-call: invocation of static method detected 
57448      DEBUG main            d.u.i.k.r.m.MethodCall    method-call: called for ObjectOrientation.<allocate>(); 
57448      DEBUG main            d.u.i.k.r.m.MethodCall    method-call: invocation of static method detected 
57461      DEBUG main            d.u.i.k.j.TypeConverter   typeconverter: (prefix this;, class class de.uka.ilkd.key.java.reference.ThisReference) 
57478      DEBUG main            d.u.i.k.r.m.MethodCall    method-call: called for <prepareEnter>(); 
57482      DEBUG main            d.u.i.k.r.m.MethodCall    method-call: invocation of private method detected.Requires static resolving. 
57486      DEBUG main            d.u.i.k.r.m.MethodCall    method-call: called for super.<prepare>(); 
57486      DEBUG main            d.u.i.k.r.m.MethodCall    method-call: super invocation of method detected.Requires static resolving. 
57492      DEBUG main            d.u.i.k.j.TypeConverter   typeconverter: (prefix this;, class class de.uka.ilkd.key.java.reference.ThisReference) 
57496      DEBUG main            d.u.i.k.j.TypeConverter   typeconverter: (prefix this;, class class de.uka.ilkd.key.java.reference.ThisReference) 
57518      DEBUG main            d.u.i.k.r.m.MethodCall    method-call: called for super.<init>(); 
57518      DEBUG main            d.u.i.k.r.m.MethodCall    method-call: super invocation of method detected.Requires static resolving. 
57524      DEBUG main            d.u.i.k.j.TypeConverter   typeconverter: (prefix this;, class class de.uka.ilkd.key.java.reference.ThisReference) 
57536      DEBUG main            d.u.i.k.j.TypeConverter   TypeConverter: FieldReference: o0; 
57547      DEBUG main            d.u.i.k.r.m.MethodCall    method-call: called for ObjectOrientation.<createObject>(); 
57547      DEBUG main            d.u.i.k.r.m.MethodCall    method-call: invocation of static method detected 
57553      DEBUG main            d.u.i.k.r.m.MethodCall    method-call: called for ObjectOrientation.<allocate>(); 
57553      DEBUG main            d.u.i.k.r.m.MethodCall    method-call: invocation of static method detected 
57601      DEBUG main            d.u.i.k.j.TypeConverter   typeconverter: (prefix this;, class class de.uka.ilkd.key.java.reference.ThisReference) 
57607      DEBUG main            d.u.i.k.r.m.MethodCall    method-call: called for <prepareEnter>(); 
57607      DEBUG main            d.u.i.k.r.m.MethodCall    method-call: invocation of private method detected.Requires static resolving. 
57612      DEBUG main            d.u.i.k.r.m.MethodCall    method-call: called for super.<prepare>(); 
57612      DEBUG main            d.u.i.k.r.m.MethodCall    method-call: super invocation of method detected.Requires static resolving. 
57619      DEBUG main            d.u.i.k.j.TypeConverter   typeconverter: (prefix this;, class class de.uka.ilkd.key.java.reference.ThisReference) 
57624      DEBUG main            d.u.i.k.j.TypeConverter   typeconverter: (prefix this;, class class de.uka.ilkd.key.java.reference.ThisReference) 
57652      DEBUG main            d.u.i.k.r.m.MethodCall    method-call: called for super.<init>(); 
57652      DEBUG main            d.u.i.k.r.m.MethodCall    method-call: super invocation of method detected.Requires static resolving. 
57658      DEBUG main            d.u.i.k.j.TypeConverter   typeconverter: (prefix this;, class class de.uka.ilkd.key.java.reference.ThisReference) 
57675      DEBUG main            d.u.i.k.j.TypeConverter   TypeConverter: FieldReference: o1; 
57684      DEBUG main            d.u.i.k.j.TypeConverter   TypeConverter: FieldReference: o1; 
57707      DEBUG main            d.u.i.k.j.TypeConverter   TypeConverter: FieldReference: o1; 
87639      INFO  main            d.u.i.k.p.r.p.TestFile    ... finished proof: open goal(s) 
87892      DEBUG main            d.u.i.k.s.TermLabelSettings TermLabelSettings: Failure while reading the setting "UseOriginLabels".Using the default value: true.The string read was: null 
87892      INFO  main            d.u.i.k.p.r.p.TestFile    Now processing file /home/runner/work/key/key/key.core/../key.ui/examples/InformationFlow/NewObjects/object.ObjectOrientation(object.ObjectOrientation__if_two_object_creation_next()).Non-interference contract.0.m.key 
87893      DEBUG main            d.u.i.k.p.i.KeYFile       Reading KeY file /home/runner/work/key/key/key.core/../key.ui/examples/InformationFlow/NewObjects/object.ObjectOrientation(object.ObjectOrientation__if_two_object_creation_next()).Non-interference contract.0.m.key 
88718      DEBUG main            d.u.i.k.j.r.ClassPreparationMethodBuilder clPrepBuilder: Inner Class detected. Reject building class initialisation methods. 
88770      DEBUG main            d.u.i.k.j.Recoder2KeY     converting now /home/runner/work/key/key/key.core/../key.ui/examples/InformationFlow/NewObjects/src/object/Naumann.java 
88772      DEBUG main            d.u.i.k.j.Recoder2KeY     converting now /home/runner/work/key/key/key.core/../key.ui/examples/InformationFlow/NewObjects/src/object/AmtoftBanerjee.java 
88772      DEBUG main            d.u.i.k.j.Recoder2KeY     converting now /home/runner/work/key/key/key.core/../key.ui/examples/InformationFlow/NewObjects/src/object/AmtoftBanerjee2.java 
88773      DEBUG main            d.u.i.k.j.Recoder2KeY     converting now /home/runner/work/key/key/key.core/../key.ui/examples/InformationFlow/NewObjects/src/object/ObjectOrientation.java 
88774      DEBUG main            d.u.i.k.j.Recoder2KeY     converting now /home/runner/work/key/key/key.core/../key.ui/examples/InformationFlow/NewObjects/src/object/AmtoftBanerjee3.java 
88779      DEBUG main            d.u.i.k.s.TermLabelSettings TermLabelSettings: Failure while reading the setting "UseOriginLabels".Using the default value: true.The string read was: null 
88780      DEBUG main            d.u.i.k.p.i.KeYFile       Reading KeY file file:/home/runner/work/key/key/key.core/build/resources/main/de/uka/ilkd/key/java/JavaRedux/java/lang/String.key 
90636      DEBUG main            d.u.i.k.p.i.KeYFile       Reading KeY file /home/runner/work/key/key/key.core/../key.ui/examples/InformationFlow/NewObjects/object.ObjectOrientation(object.ObjectOrientation__if_two_object_creation_next()).Non-interference contract.0.m.key 
90637      DEBUG main            d.u.i.k.m.s.ProofScriptEngine 1: 'macro 'infflow-autopilot'' 
90671      DEBUG main            d.u.i.k.p.m.ProofCorrectnessMgt No justification found for rule Class_invariant_axiom_for_object_ObjectOrientation 
90680      DEBUG main            d.u.i.k.j.TypeConverter   TypeConverter: FieldReference: high; 
90701      DEBUG main            d.u.i.k.r.m.MethodCall    method-call: called for ObjectOrientation.<createObject>(); 
90701      DEBUG main            d.u.i.k.r.m.MethodCall    method-call: invocation of static method detected 
90706      DEBUG main            d.u.i.k.r.m.MethodCall    method-call: called for ObjectOrientation.<allocate>(); 
90706      DEBUG main            d.u.i.k.r.m.MethodCall    method-call: invocation of static method detected 
90717      DEBUG main            d.u.i.k.j.TypeConverter   typeconverter: (prefix this;, class class de.uka.ilkd.key.java.reference.ThisReference) 
90720      DEBUG main            d.u.i.k.r.m.MethodCall    method-call: called for <prepareEnter>(); 
90721      DEBUG main            d.u.i.k.r.m.MethodCall    method-call: invocation of private method detected.Requires static resolving. 
90724      DEBUG main            d.u.i.k.r.m.MethodCall    method-call: called for super.<prepare>(); 
90724      DEBUG main            d.u.i.k.r.m.MethodCall    method-call: super invocation of method detected.Requires static resolving. 
90729      DEBUG main            d.u.i.k.j.TypeConverter   typeconverter: (prefix this;, class class de.uka.ilkd.key.java.reference.ThisReference) 
90733      DEBUG main            d.u.i.k.j.TypeConverter   typeconverter: (prefix this;, class class de.uka.ilkd.key.java.reference.ThisReference) 
90753      DEBUG main            d.u.i.k.r.m.MethodCall    method-call: called for super.<init>(); 
90754      DEBUG main            d.u.i.k.r.m.MethodCall    method-call: super invocation of method detected.Requires static resolving. 
90758      DEBUG main            d.u.i.k.j.TypeConverter   typeconverter: (prefix this;, class class de.uka.ilkd.key.java.reference.ThisReference) 
90770      DEBUG main            d.u.i.k.j.TypeConverter   TypeConverter: FieldReference: o1; 
90780      DEBUG main            d.u.i.k.r.m.MethodCall    method-call: called for ObjectOrientation.<createObject>(); 
90780      DEBUG main            d.u.i.k.r.m.MethodCall    method-call: invocation of static method detected 
90786      DEBUG main            d.u.i.k.r.m.MethodCall    method-call: called for ObjectOrientation.<allocate>(); 
90786      DEBUG main            d.u.i.k.r.m.MethodCall    method-call: invocation of static method detected 
90830      DEBUG main            d.u.i.k.j.TypeConverter   typeconverter: (prefix this;, class class de.uka.ilkd.key.java.reference.ThisReference) 
90834      DEBUG main            d.u.i.k.r.m.MethodCall    method-call: called for <prepareEnter>(); 
90834      DEBUG main            d.u.i.k.r.m.MethodCall    method-call: invocation of private method detected.Requires static resolving. 
90839      DEBUG main            d.u.i.k.r.m.MethodCall    method-call: called for super.<prepare>(); 
90839      DEBUG main            d.u.i.k.r.m.MethodCall    method-call: super invocation of method detected.Requires static resolving. 
90845      DEBUG main            d.u.i.k.j.TypeConverter   typeconverter: (prefix this;, class class de.uka.ilkd.key.java.reference.ThisReference) 
90850      DEBUG main            d.u.i.k.j.TypeConverter   typeconverter: (prefix this;, class class de.uka.ilkd.key.java.reference.ThisReference) 
90876      DEBUG main            d.u.i.k.r.m.MethodCall    method-call: called for super.<init>(); 
90876      DEBUG main            d.u.i.k.r.m.MethodCall    method-call: super invocation of method detected.Requires static resolving. 
90882      DEBUG main            d.u.i.k.j.TypeConverter   typeconverter: (prefix this;, class class de.uka.ilkd.key.java.reference.ThisReference) 
90897      DEBUG main            d.u.i.k.j.TypeConverter   TypeConverter: FieldReference: o0; 
90905      DEBUG main            d.u.i.k.j.TypeConverter   TypeConverter: FieldReference: o1; 
90938      DEBUG main            d.u.i.k.j.TypeConverter   TypeConverter: FieldReference: o0; 
90974      DEBUG main            d.u.i.k.r.m.MethodCall    method-call: called for ObjectOrientation.<createObject>(); 
90974      DEBUG main            d.u.i.k.r.m.MethodCall    method-call: invocation of static method detected 
90978      DEBUG main            d.u.i.k.r.m.MethodCall    method-call: called for ObjectOrientation.<allocate>(); 
90979      DEBUG main            d.u.i.k.r.m.MethodCall    method-call: invocation of static method detected 
90990      DEBUG main            d.u.i.k.j.TypeConverter   typeconverter: (prefix this;, class class de.uka.ilkd.key.java.reference.ThisReference) 
90993      DEBUG main            d.u.i.k.r.m.MethodCall    method-call: called for <prepareEnter>(); 
90993      DEBUG main            d.u.i.k.r.m.MethodCall    method-call: invocation of private method detected.Requires static resolving. 
90996      DEBUG main            d.u.i.k.r.m.MethodCall    method-call: called for super.<prepare>(); 
90997      DEBUG main            d.u.i.k.r.m.MethodCall    method-call: super invocation of method detected.Requires static resolving. 
91002      DEBUG main            d.u.i.k.j.TypeConverter   typeconverter: (prefix this;, class class de.uka.ilkd.key.java.reference.ThisReference) 
91005      DEBUG main            d.u.i.k.j.TypeConverter   typeconverter: (prefix this;, class class de.uka.ilkd.key.java.reference.ThisReference) 
91026      DEBUG main            d.u.i.k.r.m.MethodCall    method-call: called for super.<init>(); 
91026      DEBUG main            d.u.i.k.r.m.MethodCall    method-call: super invocation of method detected.Requires static resolving. 
91031      DEBUG main            d.u.i.k.j.TypeConverter   typeconverter: (prefix this;, class class de.uka.ilkd.key.java.reference.ThisReference) 
91043      DEBUG main            d.u.i.k.j.TypeConverter   TypeConverter: FieldReference: o0; 
91052      DEBUG main            d.u.i.k.r.m.MethodCall    method-call: called for ObjectOrientation.<createObject>(); 
91053      DEBUG main            d.u.i.k.r.m.MethodCall    method-call: invocation of static method detected 
91059      DEBUG main            d.u.i.k.r.m.MethodCall    method-call: called for ObjectOrientation.<allocate>(); 
91059      DEBUG main            d.u.i.k.r.m.MethodCall    method-call: invocation of static method detected 
91100      DEBUG main            d.u.i.k.j.TypeConverter   typeconverter: (prefix this;, class class de.uka.ilkd.key.java.reference.ThisReference) 
91105      DEBUG main            d.u.i.k.r.m.MethodCall    method-call: called for <prepareEnter>(); 
91106      DEBUG main            d.u.i.k.r.m.MethodCall    method-call: invocation of private method detected.Requires static resolving. 
91110      DEBUG main            d.u.i.k.r.m.MethodCall    method-call: called for super.<prepare>(); 
91110      DEBUG main            d.u.i.k.r.m.MethodCall    method-call: super invocation of method detected.Requires static resolving. 
91116      DEBUG main            d.u.i.k.j.TypeConverter   typeconverter: (prefix this;, class class de.uka.ilkd.key.java.reference.ThisReference) 
91121      DEBUG main            d.u.i.k.j.TypeConverter   typeconverter: (prefix this;, class class de.uka.ilkd.key.java.reference.ThisReference) 
91147      DEBUG main            d.u.i.k.r.m.MethodCall    method-call: called for super.<init>(); 
91148      DEBUG main            d.u.i.k.r.m.MethodCall    method-call: super invocation of method detected.Requires static resolving. 
91154      DEBUG main            d.u.i.k.j.TypeConverter   typeconverter: (prefix this;, class class de.uka.ilkd.key.java.reference.ThisReference) 
91169      DEBUG main            d.u.i.k.j.TypeConverter   TypeConverter: FieldReference: o1; 
91177      DEBUG main            d.u.i.k.j.TypeConverter   TypeConverter: FieldReference: o1; 
91231      DEBUG main            d.u.i.k.j.TypeConverter   TypeConverter: FieldReference: o1; 
103507     INFO  main            d.u.i.k.p.r.p.TestFile    ... finished proof: closed. 
103814     DEBUG main            d.u.i.k.s.TermLabelSettings TermLabelSettings: Failure while reading the setting "UseOriginLabels".Using the default value: true.The string read was: null 
103814     INFO  main            d.u.i.k.p.r.p.TestFile    Now processing file /home/runner/work/key/key/key.core/../key.ui/examples/InformationFlow/NewObjects/object.ObjectOrientation(object.ObjectOrientation__secure_if_two_object_creation()).Non-interference contract.0.m.key 
103814     DEBUG main            d.u.i.k.p.i.KeYFile       Reading KeY file /home/runner/work/key/key/key.core/../key.ui/examples/InformationFlow/NewObjects/object.ObjectOrientation(object.ObjectOrientation__secure_if_two_object_creation()).Non-interference contract.0.m.key 
104623     DEBUG main            d.u.i.k.j.r.ClassPreparationMethodBuilder clPrepBuilder: Inner Class detected. Reject building class initialisation methods. 
104673     DEBUG main            d.u.i.k.j.Recoder2KeY     converting now /home/runner/work/key/key/key.core/../key.ui/examples/InformationFlow/NewObjects/src/object/Naumann.java 
104674     DEBUG main            d.u.i.k.j.Recoder2KeY     converting now /home/runner/work/key/key/key.core/../key.ui/examples/InformationFlow/NewObjects/src/object/AmtoftBanerjee.java 
104675     DEBUG main            d.u.i.k.j.Recoder2KeY     converting now /home/runner/work/key/key/key.core/../key.ui/examples/InformationFlow/NewObjects/src/object/AmtoftBanerjee2.java 
104676     DEBUG main            d.u.i.k.j.Recoder2KeY     converting now /home/runner/work/key/key/key.core/../key.ui/examples/InformationFlow/NewObjects/src/object/ObjectOrientation.java 
104677     DEBUG main            d.u.i.k.j.Recoder2KeY     converting now /home/runner/work/key/key/key.core/../key.ui/examples/InformationFlow/NewObjects/src/object/AmtoftBanerjee3.java 
104682     DEBUG main            d.u.i.k.s.TermLabelSettings TermLabelSettings: Failure while reading the setting "UseOriginLabels".Using the default value: true.The string read was: null 
104683     DEBUG main            d.u.i.k.p.i.KeYFile       Reading KeY file file:/home/runner/work/key/key/key.core/build/resources/main/de/uka/ilkd/key/java/JavaRedux/java/lang/String.key 
106513     DEBUG main            d.u.i.k.p.i.KeYFile       Reading KeY file /home/runner/work/key/key/key.core/../key.ui/examples/InformationFlow/NewObjects/object.ObjectOrientation(object.ObjectOrientation__secure_if_two_object_creation()).Non-interference contract.0.m.key 
106514     DEBUG main            d.u.i.k.m.s.ProofScriptEngine 1: 'macro 'infflow-autopilot'' 
106545     DEBUG main            d.u.i.k.p.m.ProofCorrectnessMgt No justification found for rule Class_invariant_axiom_for_object_ObjectOrientation 
106552     DEBUG main            d.u.i.k.j.TypeConverter   TypeConverter: FieldReference: high; 
106570     DEBUG main            d.u.i.k.r.m.MethodCall    method-call: called for ObjectOrientation.<createObject>(); 
106570     DEBUG main            d.u.i.k.r.m.MethodCall    method-call: invocation of static method detected 
106575     DEBUG main            d.u.i.k.r.m.MethodCall    method-call: called for ObjectOrientation.<allocate>(); 
106575     DEBUG main            d.u.i.k.r.m.MethodCall    method-call: invocation of static method detected 
106586     DEBUG main            d.u.i.k.j.TypeConverter   typeconverter: (prefix this;, class class de.uka.ilkd.key.java.reference.ThisReference) 
106589     DEBUG main            d.u.i.k.r.m.MethodCall    method-call: called for <prepareEnter>(); 
106589     DEBUG main            d.u.i.k.r.m.MethodCall    method-call: invocation of private method detected.Requires static resolving. 
106593     DEBUG main            d.u.i.k.r.m.MethodCall    method-call: called for super.<prepare>(); 
106593     DEBUG main            d.u.i.k.r.m.MethodCall    method-call: super invocation of method detected.Requires static resolving. 
106598     DEBUG main            d.u.i.k.j.TypeConverter   typeconverter: (prefix this;, class class de.uka.ilkd.key.java.reference.ThisReference) 
106602     DEBUG main            d.u.i.k.j.TypeConverter   typeconverter: (prefix this;, class class de.uka.ilkd.key.java.reference.ThisReference) 
106622     DEBUG main            d.u.i.k.r.m.MethodCall    method-call: called for super.<init>(); 
106623     DEBUG main            d.u.i.k.r.m.MethodCall    method-call: super invocation of method detected.Requires static resolving. 
106628     DEBUG main            d.u.i.k.j.TypeConverter   typeconverter: (prefix this;, class class de.uka.ilkd.key.java.reference.ThisReference) 
106640     DEBUG main            d.u.i.k.j.TypeConverter   TypeConverter: FieldReference: o1; 
106649     DEBUG main            d.u.i.k.r.m.MethodCall    method-call: called for ObjectOrientation.<createObject>(); 
106650     DEBUG main            d.u.i.k.r.m.MethodCall    method-call: invocation of static method detected 
106656     DEBUG main            d.u.i.k.r.m.MethodCall    method-call: called for ObjectOrientation.<allocate>(); 
106656     DEBUG main            d.u.i.k.r.m.MethodCall    method-call: invocation of static method detected 
106698     DEBUG main            d.u.i.k.j.TypeConverter   typeconverter: (prefix this;, class class de.uka.ilkd.key.java.reference.ThisReference) 
106703     DEBUG main            d.u.i.k.r.m.MethodCall    method-call: called for <prepareEnter>(); 
106703     DEBUG main            d.u.i.k.r.m.MethodCall    method-call: invocation of private method detected.Requires static resolving. 
106707     DEBUG main            d.u.i.k.r.m.MethodCall    method-call: called for super.<prepare>(); 
106707     DEBUG main            d.u.i.k.r.m.MethodCall    method-call: super invocation of method detected.Requires static resolving. 
106713     DEBUG main            d.u.i.k.j.TypeConverter   typeconverter: (prefix this;, class class de.uka.ilkd.key.java.reference.ThisReference) 
106718     DEBUG main            d.u.i.k.j.TypeConverter   typeconverter: (prefix this;, class class de.uka.ilkd.key.java.reference.ThisReference) 
106744     DEBUG main            d.u.i.k.r.m.MethodCall    method-call: called for super.<init>(); 
106744     DEBUG main            d.u.i.k.r.m.MethodCall    method-call: super invocation of method detected.Requires static resolving. 
106771     DEBUG main            d.u.i.k.j.TypeConverter   typeconverter: (prefix this;, class class de.uka.ilkd.key.java.reference.ThisReference) 
106787     DEBUG main            d.u.i.k.j.TypeConverter   TypeConverter: FieldReference: o0; 
106806     DEBUG main            d.u.i.k.r.m.MethodCall    method-call: called for ObjectOrientation.<createObject>(); 
106806     DEBUG main            d.u.i.k.r.m.MethodCall    method-call: invocation of static method detected 
106810     DEBUG main            d.u.i.k.r.m.MethodCall    method-call: called for ObjectOrientation.<allocate>(); 
106811     DEBUG main            d.u.i.k.r.m.MethodCall    method-call: invocation of static method detected 
106822     DEBUG main            d.u.i.k.j.TypeConverter   typeconverter: (prefix this;, class class de.uka.ilkd.key.java.reference.ThisReference) 
106825     DEBUG main            d.u.i.k.r.m.MethodCall    method-call: called for <prepareEnter>(); 
106826     DEBUG main            d.u.i.k.r.m.MethodCall    method-call: invocation of private method detected.Requires static resolving. 
106829     DEBUG main            d.u.i.k.r.m.MethodCall    method-call: called for super.<prepare>(); 
106830     DEBUG main            d.u.i.k.r.m.MethodCall    method-call: super invocation of method detected.Requires static resolving. 
106835     DEBUG main            d.u.i.k.j.TypeConverter   typeconverter: (prefix this;, class class de.uka.ilkd.key.java.reference.ThisReference) 
106839     DEBUG main            d.u.i.k.j.TypeConverter   typeconverter: (prefix this;, class class de.uka.ilkd.key.java.reference.ThisReference) 
106859     DEBUG main            d.u.i.k.r.m.MethodCall    method-call: called for super.<init>(); 
106860     DEBUG main            d.u.i.k.r.m.MethodCall    method-call: super invocation of method detected.Requires static resolving. 
106865     DEBUG main            d.u.i.k.j.TypeConverter   typeconverter: (prefix this;, class class de.uka.ilkd.key.java.reference.ThisReference) 
106877     DEBUG main            d.u.i.k.j.TypeConverter   TypeConverter: FieldReference: o0; 
106886     DEBUG main            d.u.i.k.r.m.MethodCall    method-call: called for ObjectOrientation.<createObject>(); 
106887     DEBUG main            d.u.i.k.r.m.MethodCall    method-call: invocation of static method detected 
106893     DEBUG main            d.u.i.k.r.m.MethodCall    method-call: called for ObjectOrientation.<allocate>(); 
106893     DEBUG main            d.u.i.k.r.m.MethodCall    method-call: invocation of static method detected 
106932     DEBUG main            d.u.i.k.j.TypeConverter   typeconverter: (prefix this;, class class de.uka.ilkd.key.java.reference.ThisReference) 
106937     DEBUG main            d.u.i.k.r.m.MethodCall    method-call: called for <prepareEnter>(); 
106938     DEBUG main            d.u.i.k.r.m.MethodCall    method-call: invocation of private method detected.Requires static resolving. 
106942     DEBUG main            d.u.i.k.r.m.MethodCall    method-call: called for super.<prepare>(); 
106942     DEBUG main            d.u.i.k.r.m.MethodCall    method-call: super invocation of method detected.Requires static resolving. 
106948     DEBUG main            d.u.i.k.j.TypeConverter   typeconverter: (prefix this;, class class de.uka.ilkd.key.java.reference.ThisReference) 
106953     DEBUG main            d.u.i.k.j.TypeConverter   typeconverter: (prefix this;, class class de.uka.ilkd.key.java.reference.ThisReference) 
106979     DEBUG main            d.u.i.k.r.m.MethodCall    method-call: called for super.<init>(); 
106979     DEBUG main            d.u.i.k.r.m.MethodCall    method-call: super invocation of method detected.Requires static resolving. 
106985     DEBUG main            d.u.i.k.j.TypeConverter   typeconverter: (prefix this;, class class de.uka.ilkd.key.java.reference.ThisReference) 
107000     DEBUG main            d.u.i.k.j.TypeConverter   TypeConverter: FieldReference: o1; 
119092     INFO  main            d.u.i.k.p.r.p.TestFile    ... finished proof: closed. 
119360     DEBUG main            d.u.i.k.s.TermLabelSettings TermLabelSettings: Failure while reading the setting "UseOriginLabels".Using the default value: true.The string read was: null 
119360     INFO  main            d.u.i.k.p.r.p.TestFile    Now processing file /home/runner/work/key/key/key.core/../key.ui/examples/InformationFlow/NewObjects/object.ObjectOrientation(object.ObjectOrientation__insecure_two_object_creation()).Non-interference contract.0.m.key 
119360     DEBUG main            d.u.i.k.p.i.KeYFile       Reading KeY file /home/runner/work/key/key/key.core/../key.ui/examples/InformationFlow/NewObjects/object.ObjectOrientation(object.ObjectOrientation__insecure_two_object_creation()).Non-interference contract.0.m.key 
120172     DEBUG main            d.u.i.k.j.r.ClassPreparationMethodBuilder clPrepBuilder: Inner Class detected. Reject building class initialisation methods. 
120219     DEBUG main            d.u.i.k.j.Recoder2KeY     converting now /home/runner/work/key/key/key.core/../key.ui/examples/InformationFlow/NewObjects/src/object/Naumann.java 
120221     DEBUG main            d.u.i.k.j.Recoder2KeY     converting now /home/runner/work/key/key/key.core/../key.ui/examples/InformationFlow/NewObjects/src/object/AmtoftBanerjee.java 
120222     DEBUG main            d.u.i.k.j.Recoder2KeY     converting now /home/runner/work/key/key/key.core/../key.ui/examples/InformationFlow/NewObjects/src/object/AmtoftBanerjee2.java 
120223     DEBUG main            d.u.i.k.j.Recoder2KeY     converting now /home/runner/work/key/key/key.core/../key.ui/examples/InformationFlow/NewObjects/src/object/ObjectOrientation.java 
120224     DEBUG main            d.u.i.k.j.Recoder2KeY     converting now /home/runner/work/key/key/key.core/../key.ui/examples/InformationFlow/NewObjects/src/object/AmtoftBanerjee3.java 
120228     DEBUG main            d.u.i.k.s.TermLabelSettings TermLabelSettings: Failure while reading the setting "UseOriginLabels".Using the default value: true.The string read was: null 
120229     DEBUG main            d.u.i.k.p.i.KeYFile       Reading KeY file file:/home/runner/work/key/key/key.core/build/resources/main/de/uka/ilkd/key/java/JavaRedux/java/lang/String.key 
122045     DEBUG main            d.u.i.k.p.i.KeYFile       Reading KeY file /home/runner/work/key/key/key.core/../key.ui/examples/InformationFlow/NewObjects/object.ObjectOrientation(object.ObjectOrientation__insecure_two_object_creation()).Non-interference contract.0.m.key 
122046     DEBUG main            d.u.i.k.m.s.ProofScriptEngine 1: 'macro 'infflow-autopilot'' 
122073     DEBUG main            d.u.i.k.p.m.ProofCorrectnessMgt No justification found for rule Class_invariant_axiom_for_object_ObjectOrientation 
122090     DEBUG main            d.u.i.k.r.m.MethodCall    method-call: called for ObjectOrientation.<createObject>(); 
122090     DEBUG main            d.u.i.k.r.m.MethodCall    method-call: invocation of static method detected 
122095     DEBUG main            d.u.i.k.r.m.MethodCall    method-call: called for ObjectOrientation.<allocate>(); 
122095     DEBUG main            d.u.i.k.r.m.MethodCall    method-call: invocation of static method detected 
122105     DEBUG main            d.u.i.k.j.TypeConverter   typeconverter: (prefix this;, class class de.uka.ilkd.key.java.reference.ThisReference) 
122108     DEBUG main            d.u.i.k.r.m.MethodCall    method-call: called for <prepareEnter>(); 
122108     DEBUG main            d.u.i.k.r.m.MethodCall    method-call: invocation of private method detected.Requires static resolving. 
122111     DEBUG main            d.u.i.k.r.m.MethodCall    method-call: called for super.<prepare>(); 
122112     DEBUG main            d.u.i.k.r.m.MethodCall    method-call: super invocation of method detected.Requires static resolving. 
122116     DEBUG main            d.u.i.k.j.TypeConverter   typeconverter: (prefix this;, class class de.uka.ilkd.key.java.reference.ThisReference) 
122120     DEBUG main            d.u.i.k.j.TypeConverter   typeconverter: (prefix this;, class class de.uka.ilkd.key.java.reference.ThisReference) 
122139     DEBUG main            d.u.i.k.r.m.MethodCall    method-call: called for super.<init>(); 
122139     DEBUG main            d.u.i.k.r.m.MethodCall    method-call: super invocation of method detected.Requires static resolving. 
122144     DEBUG main            d.u.i.k.j.TypeConverter   typeconverter: (prefix this;, class class de.uka.ilkd.key.java.reference.ThisReference) 
122155     DEBUG main            d.u.i.k.j.TypeConverter   TypeConverter: FieldReference: o0; 
122164     DEBUG main            d.u.i.k.r.m.MethodCall    method-call: called for ObjectOrientation.<createObject>(); 
122164     DEBUG main            d.u.i.k.r.m.MethodCall    method-call: invocation of static method detected 
122169     DEBUG main            d.u.i.k.r.m.MethodCall    method-call: called for ObjectOrientation.<allocate>(); 
122170     DEBUG main            d.u.i.k.r.m.MethodCall    method-call: invocation of static method detected 
122209     DEBUG main            d.u.i.k.j.TypeConverter   typeconverter: (prefix this;, class class de.uka.ilkd.key.java.reference.ThisReference) 
122213     DEBUG main            d.u.i.k.r.m.MethodCall    method-call: called for <prepareEnter>(); 
122214     DEBUG main            d.u.i.k.r.m.MethodCall    method-call: invocation of private method detected.Requires static resolving. 
122218     DEBUG main            d.u.i.k.r.m.MethodCall    method-call: called for super.<prepare>(); 
122218     DEBUG main            d.u.i.k.r.m.MethodCall    method-call: super invocation of method detected.Requires static resolving. 
122224     DEBUG main            d.u.i.k.j.TypeConverter   typeconverter: (prefix this;, class class de.uka.ilkd.key.java.reference.ThisReference) 
122229     DEBUG main            d.u.i.k.j.TypeConverter   typeconverter: (prefix this;, class class de.uka.ilkd.key.java.reference.ThisReference) 
122254     DEBUG main            d.u.i.k.r.m.MethodCall    method-call: called for super.<init>(); 
122254     DEBUG main            d.u.i.k.r.m.MethodCall    method-call: super invocation of method detected.Requires static resolving. 
122260     DEBUG main            d.u.i.k.j.TypeConverter   typeconverter: (prefix this;, class class de.uka.ilkd.key.java.reference.ThisReference) 
122275     DEBUG main            d.u.i.k.j.TypeConverter   TypeConverter: FieldReference: o1; 
122288     DEBUG main            d.u.i.k.j.TypeConverter   TypeConverter: FieldReference: high; 
122328     DEBUG main            d.u.i.k.j.TypeConverter   TypeConverter: FieldReference: o1; 
122342     DEBUG main            d.u.i.k.j.TypeConverter   TypeConverter: FieldReference: o2; 
122355     DEBUG main            d.u.i.k.j.TypeConverter   TypeConverter: FieldReference: o0; 
122377     DEBUG main            d.u.i.k.j.TypeConverter   TypeConverter: FieldReference: o2; 
151728     INFO  main            d.u.i.k.p.r.p.TestFile    ... finished proof: open goal(s) 
152011     DEBUG main            d.u.i.k.s.TermLabelSettings TermLabelSettings: Failure while reading the setting "UseOriginLabels".Using the default value: true.The string read was: null 
152011     INFO  main            d.u.i.k.p.r.p.TestFile    Now processing file /home/runner/work/key/key/key.core/../key.ui/examples/InformationFlow/NewObjects/object.ObjectOrientation(object.ObjectOrientation__secure_two_object_creation()).Non-interference contract.0.m.key 
152011     DEBUG main            d.u.i.k.p.i.KeYFile       Reading KeY file /home/runner/work/key/key/key.core/../key.ui/examples/InformationFlow/NewObjects/object.ObjectOrientation(object.ObjectOrientation__secure_two_object_creation()).Non-interference contract.0.m.key 
152841     DEBUG main            d.u.i.k.j.r.ClassPreparationMethodBuilder clPrepBuilder: Inner Class detected. Reject building class initialisation methods. 
152891     DEBUG main            d.u.i.k.j.Recoder2KeY     converting now /home/runner/work/key/key/key.core/../key.ui/examples/InformationFlow/NewObjects/src/object/Naumann.java 
152893     DEBUG main            d.u.i.k.j.Recoder2KeY     converting now /home/runner/work/key/key/key.core/../key.ui/examples/InformationFlow/NewObjects/src/object/AmtoftBanerjee.java 
152894     DEBUG main            d.u.i.k.j.Recoder2KeY     converting now /home/runner/work/key/key/key.core/../key.ui/examples/InformationFlow/NewObjects/src/object/AmtoftBanerjee2.java 
152894     DEBUG main            d.u.i.k.j.Recoder2KeY     converting now /home/runner/work/key/key/key.core/../key.ui/examples/InformationFlow/NewObjects/src/object/ObjectOrientation.java 
152895     DEBUG main            d.u.i.k.j.Recoder2KeY     converting now /home/runner/work/key/key/key.core/../key.ui/examples/InformationFlow/NewObjects/src/object/AmtoftBanerjee3.java 
152900     DEBUG main            d.u.i.k.s.TermLabelSettings TermLabelSettings: Failure while reading the setting "UseOriginLabels".Using the default value: true.The string read was: null 
152903     DEBUG main            d.u.i.k.p.i.KeYFile       Reading KeY file file:/home/runner/work/key/key/key.core/build/resources/main/de/uka/ilkd/key/java/JavaRedux/java/lang/String.key 
154771     DEBUG main            d.u.i.k.p.i.KeYFile       Reading KeY file /home/runner/work/key/key/key.core/../key.ui/examples/InformationFlow/NewObjects/object.ObjectOrientation(object.ObjectOrientation__secure_two_object_creation()).Non-interference contract.0.m.key 
154771     DEBUG main            d.u.i.k.m.s.ProofScriptEngine 1: 'macro 'infflow-autopilot'' 
154801     DEBUG main            d.u.i.k.p.m.ProofCorrectnessMgt No justification found for rule Class_invariant_axiom_for_object_ObjectOrientation 
154819     DEBUG main            d.u.i.k.r.m.MethodCall    method-call: called for ObjectOrientation.<createObject>(); 
154819     DEBUG main            d.u.i.k.r.m.MethodCall    method-call: invocation of static method detected 
154824     DEBUG main            d.u.i.k.r.m.MethodCall    method-call: called for ObjectOrientation.<allocate>(); 
154824     DEBUG main            d.u.i.k.r.m.MethodCall    method-call: invocation of static method detected 
154835     DEBUG main            d.u.i.k.j.TypeConverter   typeconverter: (prefix this;, class class de.uka.ilkd.key.java.reference.ThisReference) 
154838     DEBUG main            d.u.i.k.r.m.MethodCall    method-call: called for <prepareEnter>(); 
154839     DEBUG main            d.u.i.k.r.m.MethodCall    method-call: invocation of private method detected.Requires static resolving. 
154842     DEBUG main            d.u.i.k.r.m.MethodCall    method-call: called for super.<prepare>(); 
154842     DEBUG main            d.u.i.k.r.m.MethodCall    method-call: super invocation of method detected.Requires static resolving. 
154847     DEBUG main            d.u.i.k.j.TypeConverter   typeconverter: (prefix this;, class class de.uka.ilkd.key.java.reference.ThisReference) 
154851     DEBUG main            d.u.i.k.j.TypeConverter   typeconverter: (prefix this;, class class de.uka.ilkd.key.java.reference.ThisReference) 
154871     DEBUG main            d.u.i.k.r.m.MethodCall    method-call: called for super.<init>(); 
154871     DEBUG main            d.u.i.k.r.m.MethodCall    method-call: super invocation of method detected.Requires static resolving. 
154876     DEBUG main            d.u.i.k.j.TypeConverter   typeconverter: (prefix this;, class class de.uka.ilkd.key.java.reference.ThisReference) 
154888     DEBUG main            d.u.i.k.j.TypeConverter   TypeConverter: FieldReference: o0; 
154897     DEBUG main            d.u.i.k.r.m.MethodCall    method-call: called for ObjectOrientation.<createObject>(); 
154897     DEBUG main            d.u.i.k.r.m.MethodCall    method-call: invocation of static method detected 
154903     DEBUG main            d.u.i.k.r.m.MethodCall    method-call: called for ObjectOrientation.<allocate>(); 
154903     DEBUG main            d.u.i.k.r.m.MethodCall    method-call: invocation of static method detected 
154943     DEBUG main            d.u.i.k.j.TypeConverter   typeconverter: (prefix this;, class class de.uka.ilkd.key.java.reference.ThisReference) 
154948     DEBUG main            d.u.i.k.r.m.MethodCall    method-call: called for <prepareEnter>(); 
154948     DEBUG main            d.u.i.k.r.m.MethodCall    method-call: invocation of private method detected.Requires static resolving. 
154952     DEBUG main            d.u.i.k.r.m.MethodCall    method-call: called for super.<prepare>(); 
154952     DEBUG main            d.u.i.k.r.m.MethodCall    method-call: super invocation of method detected.Requires static resolving. 
154958     DEBUG main            d.u.i.k.j.TypeConverter   typeconverter: (prefix this;, class class de.uka.ilkd.key.java.reference.ThisReference) 
154963     DEBUG main            d.u.i.k.j.TypeConverter   typeconverter: (prefix this;, class class de.uka.ilkd.key.java.reference.ThisReference) 
154988     DEBUG main            d.u.i.k.r.m.MethodCall    method-call: called for super.<init>(); 
154988     DEBUG main            d.u.i.k.r.m.MethodCall    method-call: super invocation of method detected.Requires static resolving. 
154994     DEBUG main            d.u.i.k.j.TypeConverter   typeconverter: (prefix this;, class class de.uka.ilkd.key.java.reference.ThisReference) 
155009     DEBUG main            d.u.i.k.j.TypeConverter   TypeConverter: FieldReference: o1; 
155017     DEBUG main            d.u.i.k.j.TypeConverter   TypeConverter: FieldReference: o0; 
155041     DEBUG main            d.u.i.k.j.TypeConverter   TypeConverter: FieldReference: o2; 
164959     INFO  main            d.u.i.k.p.r.p.TestFile    ... finished proof: closed. 
165265     DEBUG main            d.u.i.k.s.TermLabelSettings TermLabelSettings: Failure while reading the setting "UseOriginLabels".Using the default value: true.The string read was: null 
165265     INFO  main            d.u.i.k.p.r.p.TestFile    Now processing file /home/runner/work/key/key/key.core/../key.ui/examples/InformationFlow/NewObjects/object.ObjectOrientation(object.ObjectOrientation__insecure_object_assignment()).Non-interference contract.1.m.key 
165266     DEBUG main            d.u.i.k.p.i.KeYFile       Reading KeY file /home/runner/work/key/key/key.core/../key.ui/examples/InformationFlow/NewObjects/object.ObjectOrientation(object.ObjectOrientation__insecure_object_assignment()).Non-interference contract.1.m.key 
166080     DEBUG main            d.u.i.k.j.r.ClassPreparationMethodBuilder clPrepBuilder: Inner Class detected. Reject building class initialisation methods. 
166129     DEBUG main            d.u.i.k.j.Recoder2KeY     converting now /home/runner/work/key/key/key.core/../key.ui/examples/InformationFlow/NewObjects/src/object/Naumann.java 
166130     DEBUG main            d.u.i.k.j.Recoder2KeY     converting now /home/runner/work/key/key/key.core/../key.ui/examples/InformationFlow/NewObjects/src/object/AmtoftBanerjee.java 
166131     DEBUG main            d.u.i.k.j.Recoder2KeY     converting now /home/runner/work/key/key/key.core/../key.ui/examples/InformationFlow/NewObjects/src/object/AmtoftBanerjee2.java 
166132     DEBUG main            d.u.i.k.j.Recoder2KeY     converting now /home/runner/work/key/key/key.core/../key.ui/examples/InformationFlow/NewObjects/src/object/ObjectOrientation.java 
166133     DEBUG main            d.u.i.k.j.Recoder2KeY     converting now /home/runner/work/key/key/key.core/../key.ui/examples/InformationFlow/NewObjects/src/object/AmtoftBanerjee3.java 
166138     DEBUG main            d.u.i.k.s.TermLabelSettings TermLabelSettings: Failure while reading the setting "UseOriginLabels".Using the default value: true.The string read was: null 
166139     DEBUG main            d.u.i.k.p.i.KeYFile       Reading KeY file file:/home/runner/work/key/key/key.core/build/resources/main/de/uka/ilkd/key/java/JavaRedux/java/lang/String.key 
167971     DEBUG main            d.u.i.k.p.i.KeYFile       Reading KeY file /home/runner/work/key/key/key.core/../key.ui/examples/InformationFlow/NewObjects/object.ObjectOrientation(object.ObjectOrientation__insecure_object_assignment()).Non-interference contract.1.m.key 
167972     DEBUG main            d.u.i.k.m.s.ProofScriptEngine 1: 'macro 'infflow-autopilot'' 
168001     DEBUG main            d.u.i.k.p.m.ProofCorrectnessMgt No justification found for rule Class_invariant_axiom_for_object_ObjectOrientation 
168009     DEBUG main            d.u.i.k.j.TypeConverter   TypeConverter: FieldReference: high_object; 
168012     DEBUG main            d.u.i.k.j.TypeConverter   TypeConverter: FieldReference: o0; 
176584     INFO  main            d.u.i.k.p.r.p.TestFile    ... finished proof: open goal(s) 
176817     DEBUG main            d.u.i.k.s.TermLabelSettings TermLabelSettings: Failure while reading the setting "UseOriginLabels".Using the default value: true.The string read was: null 
176817     INFO  main            d.u.i.k.p.r.p.TestFile    Now processing file /home/runner/work/key/key/key.core/../key.ui/examples/InformationFlow/NewObjects/object.ObjectOrientation(object.ObjectOrientation__insecure_object_assignment()).Non-interference contract.0.m.key 
176817     DEBUG main            d.u.i.k.p.i.KeYFile       Reading KeY file /home/runner/work/key/key/key.core/../key.ui/examples/InformationFlow/NewObjects/object.ObjectOrientation(object.ObjectOrientation__insecure_object_assignment()).Non-interference contract.0.m.key 
177632     DEBUG main            d.u.i.k.j.r.ClassPreparationMethodBuilder clPrepBuilder: Inner Class detected. Reject building class initialisation methods. 
177687     DEBUG main            d.u.i.k.j.Recoder2KeY     converting now /home/runner/work/key/key/key.core/../key.ui/examples/InformationFlow/NewObjects/src/object/Naumann.java 
177689     DEBUG main            d.u.i.k.j.Recoder2KeY     converting now /home/runner/work/key/key/key.core/../key.ui/examples/InformationFlow/NewObjects/src/object/AmtoftBanerjee.java 
177690     DEBUG main            d.u.i.k.j.Recoder2KeY     converting now /home/runner/work/key/key/key.core/../key.ui/examples/InformationFlow/NewObjects/src/object/AmtoftBanerjee2.java 
177691     DEBUG main            d.u.i.k.j.Recoder2KeY     converting now /home/runner/work/key/key/key.core/../key.ui/examples/InformationFlow/NewObjects/src/object/ObjectOrientation.java 
177692     DEBUG main            d.u.i.k.j.Recoder2KeY     converting now /home/runner/work/key/key/key.core/../key.ui/examples/InformationFlow/NewObjects/src/object/AmtoftBanerjee3.java 
177696     DEBUG main            d.u.i.k.s.TermLabelSettings TermLabelSettings: Failure while reading the setting "UseOriginLabels".Using the default value: true.The string read was: null 
177697     DEBUG main            d.u.i.k.p.i.KeYFile       Reading KeY file file:/home/runner/work/key/key/key.core/build/resources/main/de/uka/ilkd/key/java/JavaRedux/java/lang/String.key 
179506     DEBUG main            d.u.i.k.p.i.KeYFile       Reading KeY file /home/runner/work/key/key/key.core/../key.ui/examples/InformationFlow/NewObjects/object.ObjectOrientation(object.ObjectOrientation__insecure_object_assignment()).Non-interference contract.0.m.key 
179507     DEBUG main            d.u.i.k.m.s.ProofScriptEngine 1: 'macro 'infflow-autopilot'' 
179538     DEBUG main            d.u.i.k.p.m.ProofCorrectnessMgt No justification found for rule Class_invariant_axiom_for_object_ObjectOrientation 
179547     DEBUG main            d.u.i.k.j.TypeConverter   TypeConverter: FieldReference: high_object; 
179550     DEBUG main            d.u.i.k.j.TypeConverter   TypeConverter: FieldReference: o0; 
179736     INFO  main            d.u.i.k.p.r.p.TestFile    ... finished proof: open goal(s) 
179958     DEBUG main            d.u.i.k.s.TermLabelSettings TermLabelSettings: Failure while reading the setting "UseOriginLabels".Using the default value: true.The string read was: null 
179958     INFO  main            d.u.i.k.p.r.p.TestFile    Now processing file /home/runner/work/key/key/key.core/../key.ui/examples/InformationFlow/NewObjects/object.ObjectOrientation(object.ObjectOrientation__secure_object_creation_3()).Non-interference contract.0.m.key 
179959     DEBUG main            d.u.i.k.p.i.KeYFile       Reading KeY file /home/runner/work/key/key/key.core/../key.ui/examples/InformationFlow/NewObjects/object.ObjectOrientation(object.ObjectOrientation__secure_object_creation_3()).Non-interference contract.0.m.key 
180785     DEBUG main            d.u.i.k.j.r.ClassPreparationMethodBuilder clPrepBuilder: Inner Class detected. Reject building class initialisation methods. 
180832     DEBUG main            d.u.i.k.j.Recoder2KeY     converting now /home/runner/work/key/key/key.core/../key.ui/examples/InformationFlow/NewObjects/src/object/Naumann.java 
180833     DEBUG main            d.u.i.k.j.Recoder2KeY     converting now /home/runner/work/key/key/key.core/../key.ui/examples/InformationFlow/NewObjects/src/object/AmtoftBanerjee.java 
180834     DEBUG main            d.u.i.k.j.Recoder2KeY     converting now /home/runner/work/key/key/key.core/../key.ui/examples/InformationFlow/NewObjects/src/object/AmtoftBanerjee2.java 
180835     DEBUG main            d.u.i.k.j.Recoder2KeY     converting now /home/runner/work/key/key/key.core/../key.ui/examples/InformationFlow/NewObjects/src/object/ObjectOrientation.java 
180837     DEBUG main            d.u.i.k.j.Recoder2KeY     converting now /home/runner/work/key/key/key.core/../key.ui/examples/InformationFlow/NewObjects/src/object/AmtoftBanerjee3.java 
180841     DEBUG main            d.u.i.k.s.TermLabelSettings TermLabelSettings: Failure while reading the setting "UseOriginLabels".Using the default value: true.The string read was: null 
180842     DEBUG main            d.u.i.k.p.i.KeYFile       Reading KeY file file:/home/runner/work/key/key/key.core/build/resources/main/de/uka/ilkd/key/java/JavaRedux/java/lang/String.key 
182692     DEBUG main            d.u.i.k.p.i.KeYFile       Reading KeY file /home/runner/work/key/key/key.core/../key.ui/examples/InformationFlow/NewObjects/object.ObjectOrientation(object.ObjectOrientation__secure_object_creation_3()).Non-interference contract.0.m.key 
182693     DEBUG main            d.u.i.k.m.s.ProofScriptEngine 1: 'macro 'infflow-autopilot'' 
182722     DEBUG main            d.u.i.k.p.m.ProofCorrectnessMgt No justification found for rule Class_invariant_axiom_for_object_ObjectOrientation 
182738     DEBUG main            d.u.i.k.r.m.MethodCall    method-call: called for ObjectOrientation.<createObject>(); 
182739     DEBUG main            d.u.i.k.r.m.MethodCall    method-call: invocation of static method detected 
182743     DEBUG main            d.u.i.k.r.m.MethodCall    method-call: called for ObjectOrientation.<allocate>(); 
182743     DEBUG main            d.u.i.k.r.m.MethodCall    method-call: invocation of static method detected 
182754     DEBUG main            d.u.i.k.j.TypeConverter   typeconverter: (prefix this;, class class de.uka.ilkd.key.java.reference.ThisReference) 
182758     DEBUG main            d.u.i.k.r.m.MethodCall    method-call: called for <prepareEnter>(); 
182758     DEBUG main            d.u.i.k.r.m.MethodCall    method-call: invocation of private method detected.Requires static resolving. 
182761     DEBUG main            d.u.i.k.r.m.MethodCall    method-call: called for super.<prepare>(); 
182761     DEBUG main            d.u.i.k.r.m.MethodCall    method-call: super invocation of method detected.Requires static resolving. 
182766     DEBUG main            d.u.i.k.j.TypeConverter   typeconverter: (prefix this;, class class de.uka.ilkd.key.java.reference.ThisReference) 
182770     DEBUG main            d.u.i.k.j.TypeConverter   typeconverter: (prefix this;, class class de.uka.ilkd.key.java.reference.ThisReference) 
182821     DEBUG main            d.u.i.k.r.m.MethodCall    method-call: called for super.<init>(); 
182821     DEBUG main            d.u.i.k.r.m.MethodCall    method-call: super invocation of method detected.Requires static resolving. 
182826     DEBUG main            d.u.i.k.j.TypeConverter   typeconverter: (prefix this;, class class de.uka.ilkd.key.java.reference.ThisReference) 
183123     INFO  main            d.u.i.k.p.r.p.TestFile    ... finished proof: closed. 
183336     DEBUG main            d.u.i.k.s.TermLabelSettings TermLabelSettings: Failure while reading the setting "UseOriginLabels".Using the default value: true.The string read was: null 
183336     INFO  main            d.u.i.k.p.r.p.TestFile    Now processing file /home/runner/work/key/key/key.core/../key.ui/examples/InformationFlow/NewObjects/object.ObjectOrientation(object.ObjectOrientation__secure_object_creation_2()).Non-interference contract.0.m.key 
183336     DEBUG main            d.u.i.k.p.i.KeYFile       Reading KeY file /home/runner/work/key/key/key.core/../key.ui/examples/InformationFlow/NewObjects/object.ObjectOrientation(object.ObjectOrientation__secure_object_creation_2()).Non-interference contract.0.m.key 
184151     DEBUG main            d.u.i.k.j.r.ClassPreparationMethodBuilder clPrepBuilder: Inner Class detected. Reject building class initialisation methods. 
184197     DEBUG main            d.u.i.k.j.Recoder2KeY     converting now /home/runner/work/key/key/key.core/../key.ui/examples/InformationFlow/NewObjects/src/object/Naumann.java 
184199     DEBUG main            d.u.i.k.j.Recoder2KeY     converting now /home/runner/work/key/key/key.core/../key.ui/examples/InformationFlow/NewObjects/src/object/AmtoftBanerjee.java 
184200     DEBUG main            d.u.i.k.j.Recoder2KeY     converting now /home/runner/work/key/key/key.core/../key.ui/examples/InformationFlow/NewObjects/src/object/AmtoftBanerjee2.java 
184200     DEBUG main            d.u.i.k.j.Recoder2KeY     converting now /home/runner/work/key/key/key.core/../key.ui/examples/InformationFlow/NewObjects/src/object/ObjectOrientation.java 
184202     DEBUG main            d.u.i.k.j.Recoder2KeY     converting now /home/runner/work/key/key/key.core/../key.ui/examples/InformationFlow/NewObjects/src/object/AmtoftBanerjee3.java 
184205     DEBUG main            d.u.i.k.s.TermLabelSettings TermLabelSettings: Failure while reading the setting "UseOriginLabels".Using the default value: true.The string read was: null 
184206     DEBUG main            d.u.i.k.p.i.KeYFile       Reading KeY file file:/home/runner/work/key/key/key.core/build/resources/main/de/uka/ilkd/key/java/JavaRedux/java/lang/String.key 
186046     DEBUG main            d.u.i.k.p.i.KeYFile       Reading KeY file /home/runner/work/key/key/key.core/../key.ui/examples/InformationFlow/NewObjects/object.ObjectOrientation(object.ObjectOrientation__secure_object_creation_2()).Non-interference contract.0.m.key 
186047     DEBUG main            d.u.i.k.m.s.ProofScriptEngine 1: 'macro 'infflow-autopilot'' 
186075     DEBUG main            d.u.i.k.p.m.ProofCorrectnessMgt No justification found for rule Class_invariant_axiom_for_object_ObjectOrientation 
186091     DEBUG main            d.u.i.k.r.m.MethodCall    method-call: called for ObjectOrientation.<createObject>(); 
186092     DEBUG main            d.u.i.k.r.m.MethodCall    method-call: invocation of static method detected 
186096     DEBUG main            d.u.i.k.r.m.MethodCall    method-call: called for ObjectOrientation.<allocate>(); 
186096     DEBUG main            d.u.i.k.r.m.MethodCall    method-call: invocation of static method detected 
186107     DEBUG main            d.u.i.k.j.TypeConverter   typeconverter: (prefix this;, class class de.uka.ilkd.key.java.reference.ThisReference) 
186110     DEBUG main            d.u.i.k.r.m.MethodCall    method-call: called for <prepareEnter>(); 
186110     DEBUG main            d.u.i.k.r.m.MethodCall    method-call: invocation of private method detected.Requires static resolving. 
186113     DEBUG main            d.u.i.k.r.m.MethodCall    method-call: called for super.<prepare>(); 
186113     DEBUG main            d.u.i.k.r.m.MethodCall    method-call: super invocation of method detected.Requires static resolving. 
186118     DEBUG main            d.u.i.k.j.TypeConverter   typeconverter: (prefix this;, class class de.uka.ilkd.key.java.reference.ThisReference) 
186122     DEBUG main            d.u.i.k.j.TypeConverter   typeconverter: (prefix this;, class class de.uka.ilkd.key.java.reference.ThisReference) 
186141     DEBUG main            d.u.i.k.r.m.MethodCall    method-call: called for super.<init>(); 
186141     DEBUG main            d.u.i.k.r.m.MethodCall    method-call: super invocation of method detected.Requires static resolving. 
186145     DEBUG main            d.u.i.k.j.TypeConverter   typeconverter: (prefix this;, class class de.uka.ilkd.key.java.reference.ThisReference) 
186338     INFO  main            d.u.i.k.p.r.p.TestFile    ... finished proof: closed. 
186545     DEBUG main            d.u.i.k.s.TermLabelSettings TermLabelSettings: Failure while reading the setting "UseOriginLabels".Using the default value: true.The string read was: null 
186545     INFO  main            d.u.i.k.p.r.p.TestFile    Now processing file /home/runner/work/key/key/key.core/../key.ui/examples/InformationFlow/NewObjects/object.ObjectOrientation(object.ObjectOrientation__secure_object_creation()).Non-interference contract.0.m.key 
186548     DEBUG main            d.u.i.k.p.i.KeYFile       Reading KeY file /home/runner/work/key/key/key.core/../key.ui/examples/InformationFlow/NewObjects/object.ObjectOrientation(object.ObjectOrientation__secure_object_creation()).Non-interference contract.0.m.key 
187384     DEBUG main            d.u.i.k.j.r.ClassPreparationMethodBuilder clPrepBuilder: Inner Class detected. Reject building class initialisation methods. 
187432     DEBUG main            d.u.i.k.j.Recoder2KeY     converting now /home/runner/work/key/key/key.core/../key.ui/examples/InformationFlow/NewObjects/src/object/Naumann.java 
187435     DEBUG main            d.u.i.k.j.Recoder2KeY     converting now /home/runner/work/key/key/key.core/../key.ui/examples/InformationFlow/NewObjects/src/object/AmtoftBanerjee.java 
187436     DEBUG main            d.u.i.k.j.Recoder2KeY     converting now /home/runner/work/key/key/key.core/../key.ui/examples/InformationFlow/NewObjects/src/object/AmtoftBanerjee2.java 
187437     DEBUG main            d.u.i.k.j.Recoder2KeY     converting now /home/runner/work/key/key/key.core/../key.ui/examples/InformationFlow/NewObjects/src/object/ObjectOrientation.java 
187438     DEBUG main            d.u.i.k.j.Recoder2KeY     converting now /home/runner/work/key/key/key.core/../key.ui/examples/InformationFlow/NewObjects/src/object/AmtoftBanerjee3.java 
187443     DEBUG main            d.u.i.k.s.TermLabelSettings TermLabelSettings: Failure while reading the setting "UseOriginLabels".Using the default value: true.The string read was: null 
187444     DEBUG main            d.u.i.k.p.i.KeYFile       Reading KeY file file:/home/runner/work/key/key/key.core/build/resources/main/de/uka/ilkd/key/java/JavaRedux/java/lang/String.key 
189272     DEBUG main            d.u.i.k.p.i.KeYFile       Reading KeY file /home/runner/work/key/key/key.core/../key.ui/examples/InformationFlow/NewObjects/object.ObjectOrientation(object.ObjectOrientation__secure_object_creation()).Non-interference contract.0.m.key 
189272     DEBUG main            d.u.i.k.m.s.ProofScriptEngine 1: 'macro 'infflow-autopilot'' 
189304     DEBUG main            d.u.i.k.p.m.ProofCorrectnessMgt No justification found for rule Class_invariant_axiom_for_object_ObjectOrientation 
189322     DEBUG main            d.u.i.k.r.m.MethodCall    method-call: called for ObjectOrientation.<createObject>(); 
189323     DEBUG main            d.u.i.k.r.m.MethodCall    method-call: invocation of static method detected 
189327     DEBUG main            d.u.i.k.r.m.MethodCall    method-call: called for ObjectOrientation.<allocate>(); 
189327     DEBUG main            d.u.i.k.r.m.MethodCall    method-call: invocation of static method detected 
189339     DEBUG main            d.u.i.k.j.TypeConverter   typeconverter: (prefix this;, class class de.uka.ilkd.key.java.reference.ThisReference) 
189342     DEBUG main            d.u.i.k.r.m.MethodCall    method-call: called for <prepareEnter>(); 
189342     DEBUG main            d.u.i.k.r.m.MethodCall    method-call: invocation of private method detected.Requires static resolving. 
189346     DEBUG main            d.u.i.k.r.m.MethodCall    method-call: called for super.<prepare>(); 
189346     DEBUG main            d.u.i.k.r.m.MethodCall    method-call: super invocation of method detected.Requires static resolving. 
189351     DEBUG main            d.u.i.k.j.TypeConverter   typeconverter: (prefix this;, class class de.uka.ilkd.key.java.reference.ThisReference) 
189356     DEBUG main            d.u.i.k.j.TypeConverter   typeconverter: (prefix this;, class class de.uka.ilkd.key.java.reference.ThisReference) 
189377     DEBUG main            d.u.i.k.r.m.MethodCall    method-call: called for super.<init>(); 
189378     DEBUG main            d.u.i.k.r.m.MethodCall    method-call: super invocation of method detected.Requires static resolving. 
189383     DEBUG main            d.u.i.k.j.TypeConverter   typeconverter: (prefix this;, class class de.uka.ilkd.key.java.reference.ThisReference) 
189662     INFO  main            d.u.i.k.p.r.p.TestFile    ... finished proof: closed. 
189871     DEBUG main            d.u.i.k.s.TermLabelSettings TermLabelSettings: Failure while reading the setting "UseOriginLabels".Using the default value: true.The string read was: null 
189871     INFO  main            d.u.i.k.p.r.p.TestFile    Now processing file /home/runner/work/key/key/key.core/../key.ui/examples/InformationFlow/NewObjects/object.AmtoftBanerjee2(object.AmtoftBanerjee2__expensive(int)).Non-interference contract.0.m.key 
189872     DEBUG main            d.u.i.k.p.i.KeYFile       Reading KeY file /home/runner/work/key/key/key.core/../key.ui/examples/InformationFlow/NewObjects/object.AmtoftBanerjee2(object.AmtoftBanerjee2__expensive(int)).Non-interference contract.0.m.key 
190696     DEBUG main            d.u.i.k.j.r.ClassPreparationMethodBuilder clPrepBuilder: Inner Class detected. Reject building class initialisation methods. 
190741     DEBUG main            d.u.i.k.j.Recoder2KeY     converting now /home/runner/work/key/key/key.core/../key.ui/examples/InformationFlow/NewObjects/src/object/Naumann.java 
190742     DEBUG main            d.u.i.k.j.Recoder2KeY     converting now /home/runner/work/key/key/key.core/../key.ui/examples/InformationFlow/NewObjects/src/object/AmtoftBanerjee.java 
190743     DEBUG main            d.u.i.k.j.Recoder2KeY     converting now /home/runner/work/key/key/key.core/../key.ui/examples/InformationFlow/NewObjects/src/object/AmtoftBanerjee2.java 
190744     DEBUG main            d.u.i.k.j.Recoder2KeY     converting now /home/runner/work/key/key/key.core/../key.ui/examples/InformationFlow/NewObjects/src/object/ObjectOrientation.java 
190745     DEBUG main            d.u.i.k.j.Recoder2KeY     converting now /home/runner/work/key/key/key.core/../key.ui/examples/InformationFlow/NewObjects/src/object/AmtoftBanerjee3.java 
190749     DEBUG main            d.u.i.k.s.TermLabelSettings TermLabelSettings: Failure while reading the setting "UseOriginLabels".Using the default value: true.The string read was: null 
190749     DEBUG main            d.u.i.k.p.i.KeYFile       Reading KeY file file:/home/runner/work/key/key/key.core/build/resources/main/de/uka/ilkd/key/java/JavaRedux/java/lang/String.key 
192563     DEBUG main            d.u.i.k.p.i.KeYFile       Reading KeY file /home/runner/work/key/key/key.core/../key.ui/examples/InformationFlow/NewObjects/object.AmtoftBanerjee2(object.AmtoftBanerjee2__expensive(int)).Non-interference contract.0.m.key 
192564     DEBUG main            d.u.i.k.m.s.ProofScriptEngine 1: 'macro 'infflow-autopilot'' 
192650     INFO  main            d.u.i.k.p.r.p.TestFile    ... finished proof: closed. 
192844     DEBUG main            d.u.i.k.s.TermLabelSettings TermLabelSettings: Failure while reading the setting "UseOriginLabels".Using the default value: true.The string read was: null 
192844     INFO  main            d.u.i.k.p.r.p.TestFile    Now processing file /home/runner/work/key/key/key.core/../key.ui/examples/InformationFlow/NewObjects/object.AmtoftBanerjee2(object.AmtoftBanerjee2__cexp(int)).Non-interference contract.0.m.key 
192844     DEBUG main            d.u.i.k.p.i.KeYFile       Reading KeY file /home/runner/work/key/key/key.core/../key.ui/examples/InformationFlow/NewObjects/object.AmtoftBanerjee2(object.AmtoftBanerjee2__cexp(int)).Non-interference contract.0.m.key 
193688     DEBUG main            d.u.i.k.j.r.ClassPreparationMethodBuilder clPrepBuilder: Inner Class detected. Reject building class initialisation methods. 
193735     DEBUG main            d.u.i.k.j.Recoder2KeY     converting now /home/runner/work/key/key/key.core/../key.ui/examples/InformationFlow/NewObjects/src/object/Naumann.java 
193736     DEBUG main            d.u.i.k.j.Recoder2KeY     converting now /home/runner/work/key/key/key.core/../key.ui/examples/InformationFlow/NewObjects/src/object/AmtoftBanerjee.java 
193737     DEBUG main            d.u.i.k.j.Recoder2KeY     converting now /home/runner/work/key/key/key.core/../key.ui/examples/InformationFlow/NewObjects/src/object/AmtoftBanerjee2.java 
193737     DEBUG main            d.u.i.k.j.Recoder2KeY     converting now /home/runner/work/key/key/key.core/../key.ui/examples/InformationFlow/NewObjects/src/object/ObjectOrientation.java 
193738     DEBUG main            d.u.i.k.j.Recoder2KeY     converting now /home/runner/work/key/key/key.core/../key.ui/examples/InformationFlow/NewObjects/src/object/AmtoftBanerjee3.java 
193743     DEBUG main            d.u.i.k.s.TermLabelSettings TermLabelSettings: Failure while reading the setting "UseOriginLabels".Using the default value: true.The string read was: null 
193744     DEBUG main            d.u.i.k.p.i.KeYFile       Reading KeY file file:/home/runner/work/key/key/key.core/build/resources/main/de/uka/ilkd/key/java/JavaRedux/java/lang/String.key 
195554     DEBUG main            d.u.i.k.p.i.KeYFile       Reading KeY file /home/runner/work/key/key/key.core/../key.ui/examples/InformationFlow/NewObjects/object.AmtoftBanerjee2(object.AmtoftBanerjee2__cexp(int)).Non-interference contract.0.m.key 
195555     DEBUG main            d.u.i.k.m.s.ProofScriptEngine 1: 'macro 'infflow-autopilot'' 
195585     DEBUG main            d.u.i.k.p.m.ProofCorrectnessMgt No justification found for rule Class_invariant_axiom_for_object_AmtoftBanerjee2 
195598     DEBUG main            d.u.i.k.j.TypeConverter   typeconverter: (prefix this;, class class de.uka.ilkd.key.java.reference.ThisReference) 
195635     DEBUG main            d.u.i.k.j.TypeConverter   typeconverter: (prefix this;, class class de.uka.ilkd.key.java.reference.ThisReference) 
195638     DEBUG main            d.u.i.k.j.TypeConverter   typeconverter: (prefix this;, class class de.uka.ilkd.key.java.reference.ThisReference) 
195650     DEBUG main            d.u.i.k.j.TypeConverter   typeconverter: (prefix this;, class class de.uka.ilkd.key.java.reference.ThisReference) 
195677     DEBUG main            d.u.i.k.j.TypeConverter   typeconverter: (prefix this;, class class de.uka.ilkd.key.java.reference.ThisReference) 
195680     DEBUG main            d.u.i.k.j.TypeConverter   typeconverter: (prefix this;, class class de.uka.ilkd.key.java.reference.ThisReference) 
197869     INFO  main            d.u.i.k.p.r.p.TestFile    ... finished proof: closed. 
2793861    INFO  Test worker     d.u.i.k.p.r.RunAllProofsTestUnit Returning from test NewObjects_fullmacro 
2793862    INFO  Test worker     d.u.i.k.p.r.RunAllProofsTestUnit Running test SimpleEvoting_fullmacro 
370        INFO  Timeout watchdog d.u.i.k.p.r.p.ForkedTestFileRunner Timeout watcher launched (1000 secs.) 
388        WARN  main            d.u.i.k.s.ProofSettings   The settings in /home/runner/.key/proof-settings.props are *not* read. 
413        DEBUG main            d.u.i.k.s.TermLabelSettings TermLabelSettings: Failure while reading the setting "UseOriginLabels".Using the default value: true.The string read was: null 
413        INFO  main            d.u.i.k.p.r.p.TestFile    Now processing file /home/runner/work/key/key/key.core/../key.ui/examples/InformationFlow/SimpleEvoting/simple_evoting.Environment(simple_evoting.Environment__untrustedOutputMessage((B)).Non-interference contract.0.m.key 
522        DEBUG main            d.u.i.k.p.i.KeYFile       Reading KeY file /home/runner/work/key/key/key.core/../key.ui/examples/InformationFlow/SimpleEvoting/simple_evoting.Environment(simple_evoting.Environment__untrustedOutputMessage((B)).Non-interference contract.0.m.key 
758        DEBUG main            d.u.i.k.p.i.KeYFile       Reading KeY file file:/home/runner/work/key/key/key.core/build/resources/main/de/uka/ilkd/key/proof/rules/standardRules.key 
790        DEBUG main            d.u.i.k.p.i.KeYFile       Reading KeY file file:/home/runner/work/key/key/key.core/build/resources/main/de/uka/ilkd/key/proof/rules/ldt.key 
800        DEBUG main            d.u.i.k.p.i.KeYFile       Reading KeY file file:/home/runner/work/key/key/key.core/build/resources/main/de/uka/ilkd/key/proof/rules/boolean.key 
829        DEBUG main            d.u.i.k.p.i.KeYFile       Reading KeY file file:/home/runner/work/key/key/key.core/build/resources/main/de/uka/ilkd/key/proof/rules/ruleSetsDeclarations.key 
878        DEBUG main            d.u.i.k.p.i.KeYFile       Reading KeY file file:/home/runner/work/key/key/key.core/build/resources/main/de/uka/ilkd/key/proof/rules/integerHeader.key 
889        DEBUG main            d.u.i.k.p.i.KeYFile       Reading KeY file file:/home/runner/work/key/key/key.core/build/resources/main/de/uka/ilkd/key/proof/rules/floatHeader.key 
895        DEBUG main            d.u.i.k.p.i.KeYFile       Reading KeY file file:/home/runner/work/key/key/key.core/build/resources/main/de/uka/ilkd/key/proof/rules/heap.key 
902        DEBUG main            d.u.i.k.p.i.KeYFile       Reading KeY file file:/home/runner/work/key/key/key.core/build/resources/main/de/uka/ilkd/key/proof/rules/locSets.key 
902        DEBUG main            d.u.i.k.p.i.KeYFile       Reading KeY file file:/home/runner/work/key/key/key.core/build/resources/main/de/uka/ilkd/key/proof/rules/permission.key 
904        DEBUG main            d.u.i.k.p.i.KeYFile       Reading KeY file file:/home/runner/work/key/key/key.core/build/resources/main/de/uka/ilkd/key/proof/rules/reach.key 
905        DEBUG main            d.u.i.k.p.i.KeYFile       Reading KeY file file:/home/runner/work/key/key/key.core/build/resources/main/de/uka/ilkd/key/proof/rules/seq.key 
906        DEBUG main            d.u.i.k.p.i.KeYFile       Reading KeY file file:/home/runner/work/key/key/key.core/build/resources/main/de/uka/ilkd/key/proof/rules/map.key 
975        DEBUG main            d.u.i.k.p.i.KeYFile       Reading KeY file file:/home/runner/work/key/key/key.core/build/resources/main/de/uka/ilkd/key/proof/rules/freeADT.key 
975        DEBUG main            d.u.i.k.p.i.KeYFile       Reading KeY file file:/home/runner/work/key/key/key.core/build/resources/main/de/uka/ilkd/key/proof/rules/wellfound.key 
976        DEBUG main            d.u.i.k.p.i.KeYFile       Reading KeY file file:/home/runner/work/key/key/key.core/build/resources/main/de/uka/ilkd/key/proof/rules/charListHeader.key 
1115       DEBUG main            d.u.i.k.p.i.KeYFile       Reading KeY file file:/home/runner/work/key/key/key.core/build/resources/main/de/uka/ilkd/key/proof/rules/propRule.key 
1141       DEBUG main            d.u.i.k.p.i.KeYFile       Reading KeY file file:/home/runner/work/key/key/key.core/build/resources/main/de/uka/ilkd/key/proof/rules/firstOrderRules.key 
1161       DEBUG main            d.u.i.k.p.i.KeYFile       Reading KeY file file:/home/runner/work/key/key/key.core/build/resources/main/de/uka/ilkd/key/proof/rules/ifThenElseRules.key 
1191       DEBUG main            d.u.i.k.p.i.KeYFile       Reading KeY file file:/home/runner/work/key/key/key.core/build/resources/main/de/uka/ilkd/key/proof/rules/formulaNormalisationRules.key 
1315       DEBUG main            d.u.i.k.p.i.KeYFile       Reading KeY file file:/home/runner/work/key/key/key.core/build/resources/main/de/uka/ilkd/key/proof/rules/updateRules.key 
1349       DEBUG main            d.u.i.k.p.i.KeYFile       Reading KeY file file:/home/runner/work/key/key/key.core/build/resources/main/de/uka/ilkd/key/proof/rules/integerRulesCommon.key 
1466       DEBUG main            d.u.i.k.p.i.KeYFile       Reading KeY file file:/home/runner/work/key/key/key.core/build/resources/main/de/uka/ilkd/key/proof/rules/intRules.key 
1509       DEBUG main            d.u.i.k.p.i.KeYFile       Reading KeY file file:/home/runner/work/key/key/key.core/build/resources/main/de/uka/ilkd/key/proof/rules/intRulesUncheckedSemantics.key 
1528       DEBUG main            d.u.i.k.p.i.KeYFile       Reading KeY file file:/home/runner/work/key/key/key.core/build/resources/main/de/uka/ilkd/key/proof/rules/intRulesCheckedSemantics.key 
1541       DEBUG main            d.u.i.k.p.i.KeYFile       Reading KeY file file:/home/runner/work/key/key/key.core/build/resources/main/de/uka/ilkd/key/proof/rules/intRulesJavaSemantics.key 
1564       DEBUG main            d.u.i.k.p.i.KeYFile       Reading KeY file file:/home/runner/work/key/key/key.core/build/resources/main/de/uka/ilkd/key/proof/rules/integerSimplificationRules.key 
1799       DEBUG main            d.u.i.k.j.TypeConverter   No LDT found for Meta 
1799       DEBUG main            d.u.i.k.j.TypeConverter   No LDT found for Meta 
1803       DEBUG main            d.u.i.k.j.TypeConverter   No LDT found for Meta 
1803       DEBUG main            d.u.i.k.j.TypeConverter   No LDT found for Meta 
1829       DEBUG main            d.u.i.k.p.i.KeYFile       Reading KeY file file:/home/runner/work/key/key/key.core/build/resources/main/de/uka/ilkd/key/proof/rules/intDiv.key 
1896       DEBUG main            d.u.i.k.p.i.KeYFile       Reading KeY file file:/home/runner/work/key/key/key.core/build/resources/main/de/uka/ilkd/key/proof/rules/bsum.key 
2017       DEBUG main            d.u.i.k.p.i.KeYFile       Reading KeY file file:/home/runner/work/key/key/key.core/build/resources/main/de/uka/ilkd/key/proof/rules/bprod.key 
2081       DEBUG main            d.u.i.k.p.i.KeYFile       Reading KeY file file:/home/runner/work/key/key/key.core/build/resources/main/de/uka/ilkd/key/proof/rules/binaryAxioms.key 
2087       DEBUG main            d.u.i.k.p.i.KeYFile       Reading KeY file file:/home/runner/work/key/key/key.core/build/resources/main/de/uka/ilkd/key/proof/rules/binaryLemmas.key 
2097       DEBUG main            d.u.i.k.p.i.KeYFile       Reading KeY file file:/home/runner/work/key/key/key.core/build/resources/main/de/uka/ilkd/key/proof/rules/intPow.key 
2134       DEBUG main            d.u.i.k.p.i.KeYFile       Reading KeY file file:/home/runner/work/key/key/key.core/build/resources/main/de/uka/ilkd/key/proof/rules/floatRulesCommon.key 
2163       DEBUG main            d.u.i.k.p.i.KeYFile       Reading KeY file file:/home/runner/work/key/key/key.core/build/resources/main/de/uka/ilkd/key/proof/rules/floatRules.key 
2165       DEBUG main            d.u.i.k.p.i.KeYFile       Reading KeY file file:/home/runner/work/key/key/key.core/build/resources/main/de/uka/ilkd/key/proof/rules/floatRulesVerifyNormal.key 
2166       DEBUG main            d.u.i.k.p.i.KeYFile       Reading KeY file file:/home/runner/work/key/key/key.core/build/resources/main/de/uka/ilkd/key/proof/rules/floatRulesAssumeStrictfp.key 
2200       DEBUG main            d.u.i.k.p.i.KeYFile       Reading KeY file file:/home/runner/work/key/key/key.core/build/resources/main/de/uka/ilkd/key/proof/rules/genericRules.key 
2223       DEBUG main            d.u.i.k.p.i.KeYFile       Reading KeY file file:/home/runner/work/key/key/key.core/build/resources/main/de/uka/ilkd/key/proof/rules/booleanRules.key 
2227       DEBUG main            d.u.i.k.p.i.KeYFile       Reading KeY file file:/home/runner/work/key/key/key.core/build/resources/main/de/uka/ilkd/key/proof/rules/epsilon.key 
2233       DEBUG main            d.u.i.k.p.i.KeYFile       Reading KeY file file:/home/runner/work/key/key/key.core/build/resources/main/de/uka/ilkd/key/proof/rules/locSetsRules.key 
2308       DEBUG main            d.u.i.k.p.i.KeYFile       Reading KeY file file:/home/runner/work/key/key/key.core/build/resources/main/de/uka/ilkd/key/proof/rules/heapRules.key 
2409       DEBUG main            d.u.i.k.p.i.KeYFile       Reading KeY file file:/home/runner/work/key/key/key.core/build/resources/main/de/uka/ilkd/key/proof/rules/permissionRules.key 
2432       DEBUG main            d.u.i.k.p.i.KeYFile       Reading KeY file file:/home/runner/work/key/key/key.core/build/resources/main/de/uka/ilkd/key/proof/rules/reachRules.key 
2464       DEBUG main            d.u.i.k.p.i.KeYFile       Reading KeY file file:/home/runner/work/key/key/key.core/build/resources/main/de/uka/ilkd/key/proof/rules/seqCoreRules.key 
2468       DEBUG main            d.u.i.k.p.i.KeYFile       Reading KeY file file:/home/runner/work/key/key/key.core/build/resources/main/de/uka/ilkd/key/proof/rules/seqRules.key 
2516       DEBUG main            d.u.i.k.p.i.KeYFile       Reading KeY file file:/home/runner/work/key/key/key.core/build/resources/main/de/uka/ilkd/key/proof/rules/seqPerm.key 
2548       DEBUG main            d.u.i.k.p.i.KeYFile       Reading KeY file file:/home/runner/work/key/key/key.core/build/resources/main/de/uka/ilkd/key/proof/rules/seqPerm2.key 
2555       DEBUG main            d.u.i.k.p.i.KeYFile       Reading KeY file file:/home/runner/work/key/key/key.core/build/resources/main/de/uka/ilkd/key/proof/rules/javaRules.key 
2649       DEBUG main            d.u.i.k.p.i.KeYFile       Reading KeY file file:/home/runner/work/key/key/key.core/build/resources/main/de/uka/ilkd/key/proof/rules/assertions.key 
3169       DEBUG main            d.u.i.k.p.i.KeYFile       Reading KeY file file:/home/runner/work/key/key/key.core/build/resources/main/de/uka/ilkd/key/proof/rules/loopRules.key 
3179       DEBUG main            d.u.i.k.p.i.KeYFile       Reading KeY file file:/home/runner/work/key/key/key.core/build/resources/main/de/uka/ilkd/key/proof/rules/activeUse.key 
3234       DEBUG main            d.u.i.k.p.i.KeYFile       Reading KeY file file:/home/runner/work/key/key/key.core/build/resources/main/de/uka/ilkd/key/proof/rules/instanceAllocation.key 
3253       DEBUG main            d.u.i.k.p.i.KeYFile       Reading KeY file file:/home/runner/work/key/key/key.core/build/resources/main/de/uka/ilkd/key/proof/rules/java5.key 
3257       DEBUG main            d.u.i.k.p.i.KeYFile       Reading KeY file file:/home/runner/work/key/key/key.core/build/resources/main/de/uka/ilkd/key/proof/rules/integerAssignment2UpdateRules.key 
3288       DEBUG main            d.u.i.k.p.i.KeYFile       Reading KeY file file:/home/runner/work/key/key/key.core/build/resources/main/de/uka/ilkd/key/proof/rules/floatAssignment2UpdateRules.key 
3323       DEBUG main            d.u.i.k.p.i.KeYFile       Reading KeY file file:/home/runner/work/key/key/key.core/build/resources/main/de/uka/ilkd/key/proof/rules/bigint.key 
3339       DEBUG main            d.u.i.k.j.TypeConverter   No LDT found for JavaBigintExpression 
3341       DEBUG main            d.u.i.k.p.i.KeYFile       Reading KeY file file:/home/runner/work/key/key/key.core/build/resources/main/de/uka/ilkd/key/proof/rules/adtProgramDecompositionRules.key 
3358       DEBUG main            d.u.i.k.p.i.KeYFile       Reading KeY file file:/home/runner/work/key/key/key.core/build/resources/main/de/uka/ilkd/key/proof/rules/precRules.key 
3362       DEBUG main            d.u.i.k.p.i.KeYFile       Reading KeY file file:/home/runner/work/key/key/key.core/build/resources/main/de/uka/ilkd/key/proof/rules/charListRules.key 
3377       DEBUG main            d.u.i.k.p.i.KeYFile       Reading KeY file file:/home/runner/work/key/key/key.core/build/resources/main/de/uka/ilkd/key/proof/rules/regExTheory.key 
3378       DEBUG main            d.u.i.k.p.i.KeYFile       Reading KeY file file:/home/runner/work/key/key/key.core/build/resources/main/de/uka/ilkd/key/proof/rules/regExHeader.key 
3379       DEBUG main            d.u.i.k.p.i.KeYFile       Reading KeY file file:/home/runner/work/key/key/key.core/build/resources/main/de/uka/ilkd/key/proof/rules/regExAxioms.key 
3416       DEBUG main            d.u.i.k.p.i.KeYFile       Reading KeY file file:/home/runner/work/key/key/key.core/build/resources/main/de/uka/ilkd/key/proof/rules/regExLemmaProven.key 
3423       DEBUG main            d.u.i.k.p.i.KeYFile       Reading KeY file file:/home/runner/work/key/key/key.core/build/resources/main/de/uka/ilkd/key/proof/rules/seqEq.key 
3431       DEBUG main            d.u.i.k.p.i.KeYFile       Reading KeY file file:/home/runner/work/key/key/key.core/build/resources/main/de/uka/ilkd/key/proof/rules/infFlow.key 
3438       DEBUG main            d.u.i.k.p.i.KeYFile       Reading KeY file file:/home/runner/work/key/key/key.core/build/resources/main/de/uka/ilkd/key/proof/rules/mapSize.key 
3441       DEBUG main            d.u.i.k.p.i.KeYFile       Reading KeY file file:/home/runner/work/key/key/key.core/build/resources/main/de/uka/ilkd/key/proof/rules/wd.key 
3444       DEBUG main            d.u.i.k.p.i.KeYFile       Reading KeY file file:/home/runner/work/key/key/key.core/build/resources/main/de/uka/ilkd/key/proof/rules/wdHeader.key 
3445       DEBUG main            d.u.i.k.p.i.KeYFile       Reading KeY file file:/home/runner/work/key/key/key.core/build/resources/main/de/uka/ilkd/key/proof/rules/wdGeneralRules.key 
3451       DEBUG main            d.u.i.k.p.i.KeYFile       Reading KeY file file:/home/runner/work/key/key/key.core/build/resources/main/de/uka/ilkd/key/proof/rules/wdNumericalRules.key 
3472       DEBUG main            d.u.i.k.p.i.KeYFile       Reading KeY file file:/home/runner/work/key/key/key.core/build/resources/main/de/uka/ilkd/key/proof/rules/wdLocSetRules.key 
3478       DEBUG main            d.u.i.k.p.i.KeYFile       Reading KeY file file:/home/runner/work/key/key/key.core/build/resources/main/de/uka/ilkd/key/proof/rules/wdHeapRules.key 
3484       DEBUG main            d.u.i.k.p.i.KeYFile       Reading KeY file file:/home/runner/work/key/key/key.core/build/resources/main/de/uka/ilkd/key/proof/rules/wdReachRules.key 
3485       DEBUG main            d.u.i.k.p.i.KeYFile       Reading KeY file file:/home/runner/work/key/key/key.core/build/resources/main/de/uka/ilkd/key/proof/rules/wdSeqRules.key 
3488       DEBUG main            d.u.i.k.p.i.KeYFile       Reading KeY file file:/home/runner/work/key/key/key.core/build/resources/main/de/uka/ilkd/key/proof/rules/wdStringRules.key 
3491       DEBUG main            d.u.i.k.p.i.KeYFile       Reading KeY file file:/home/runner/work/key/key/key.core/build/resources/main/de/uka/ilkd/key/proof/rules/wdRegExRules.key 
3493       DEBUG main            d.u.i.k.p.i.KeYFile       Reading KeY file file:/home/runner/work/key/key/key.core/build/resources/main/de/uka/ilkd/key/proof/rules/wdFormulaRules.key 
3508       DEBUG main            d.u.i.k.p.i.KeYFile       Reading KeY file file:/home/runner/work/key/key/key.core/build/resources/main/de/uka/ilkd/key/proof/rules/loopInvariantRules.key 
3511       DEBUG main            d.u.i.k.p.i.KeYFile       Reading KeY file file:/home/runner/work/key/key/key.core/build/resources/main/de/uka/ilkd/key/proof/rules/forLoopRules.key 
3514       DEBUG main            d.u.i.k.p.i.KeYFile       Reading KeY file file:/home/runner/work/key/key/key.core/build/resources/main/de/uka/ilkd/key/proof/rules/execRules.key 
3590       DEBUG main            d.u.i.k.p.i.KeYFile       Reading KeY file file:/home/runner/work/key/key/key.core/build/resources/main/de/uka/ilkd/key/proof/rules/loopScopeRules.key 
6742       DEBUG main            d.u.i.k.j.Recoder2KeY     converting now /home/runner/work/key/key/key.core/../key.ui/examples/InformationFlow/SimpleEvoting/src/simple_evoting/Voter.java 
6753       DEBUG main            d.u.i.k.j.Recoder2KeY     converting now /home/runner/work/key/key/key.core/../key.ui/examples/InformationFlow/SimpleEvoting/src/simple_evoting/NetworkClient.java 
6755       DEBUG main            d.u.i.k.j.Recoder2KeY     converting now /home/runner/work/key/key/key.core/../key.ui/examples/InformationFlow/SimpleEvoting/src/simple_evoting/SMT.java 
6757       DEBUG main            d.u.i.k.j.Recoder2KeY     converting now /home/runner/work/key/key/key.core/../key.ui/examples/InformationFlow/SimpleEvoting/src/simple_evoting/Environment.java 
6759       DEBUG main            d.u.i.k.j.Recoder2KeY     converting now /home/runner/work/key/key/key.core/../key.ui/examples/InformationFlow/SimpleEvoting/src/simple_evoting/Setup.java 
6763       DEBUG main            d.u.i.k.j.Recoder2KeY     converting now /home/runner/work/key/key/key.core/../key.ui/examples/InformationFlow/SimpleEvoting/src/simple_evoting/Server.java 
6768       DEBUG main            d.u.i.k.j.Recoder2KeY     converting now /home/runner/work/key/key/key.core/../key.ui/examples/InformationFlow/SimpleEvoting/src/simple_evoting/Message.java 
6770       DEBUG main            d.u.i.k.j.Recoder2KeY     converting now /home/runner/work/key/key/key.core/../key.ui/examples/InformationFlow/SimpleEvoting/src/simple_evoting/SMTEnv.java 
6819       DEBUG main            d.u.i.k.s.TermLabelSettings TermLabelSettings: Failure while reading the setting "UseOriginLabels".Using the default value: true.The string read was: null 
6831       DEBUG main            d.u.i.k.p.i.KeYFile       Reading KeY file file:/home/runner/work/key/key/key.core/build/resources/main/de/uka/ilkd/key/java/JavaRedux/java/lang/String.key 
10021      DEBUG main            d.u.i.k.p.i.KeYFile       Reading KeY file /home/runner/work/key/key/key.core/../key.ui/examples/InformationFlow/SimpleEvoting/simple_evoting.Environment(simple_evoting.Environment__untrustedOutputMessage((B)).Non-interference contract.0.m.key 
10082      DEBUG main            d.u.i.k.m.s.ProofScriptEngine 1: 'macro 'infflow-autopilot'' 
10693      DEBUG main            d.u.i.k.p.m.ProofCorrectnessMgt No justification found for rule JML_represents_clause_for_simple_evoting_Environment_rep 
10704      DEBUG main            d.u.i.k.r.m.WhileLoopTransformation While-Loop-Tranform-Result: {
  int i = 0;
  while (i < _t.length) {
    {
      untrustedOutput(_t[i]);
    }
    i++;
  }
} 
10736      DEBUG main            d.u.i.k.r.m.WhileLoopTransformation While-Loop-Tranform-Result: try {
  {
    if (i < _t.length) {
      {
        untrustedOutput(_t[i]);
      }
      i++;
    }
  }
} catch (java.lang.Throwable e#16) {
  exc#15 = true;
  thrownExc#17 = e#16;
} 
10911      DEBUG main            d.u.i.k.p.m.ProofCorrectnessMgt No justification found for rule JML_represents_clause_for_simple_evoting_Environment_rep 
12420      DEBUG main            d.u.i.k.p.m.ProofCorrectnessMgt No justification found for rule JML_represents_clause_for_simple_evoting_Environment_rep 
12525      DEBUG main            d.u.i.k.p.m.ProofCorrectnessMgt No justification found for rule JML_represents_clause_for_simple_evoting_Environment_rep 
14133      DEBUG main            d.u.i.k.p.m.ProofCorrectnessMgt No justification found for rule JML_represents_clause_for_simple_evoting_Environment_rep 
16157      INFO  main            d.u.i.k.p.r.p.TestFile    ... finished proof: closed. 
16349      DEBUG main            d.u.i.k.s.TermLabelSettings TermLabelSettings: Failure while reading the setting "UseOriginLabels".Using the default value: true.The string read was: null 
16350      INFO  main            d.u.i.k.p.r.p.TestFile    Now processing file /home/runner/work/key/key/key.core/../key.ui/examples/InformationFlow/SimpleEvoting/simple_evoting.Environment(simple_evoting.Environment__untrustedInputMessage()).Non-interference contract.0.m.key 
16350      DEBUG main            d.u.i.k.p.i.KeYFile       Reading KeY file /home/runner/work/key/key/key.core/../key.ui/examples/InformationFlow/SimpleEvoting/simple_evoting.Environment(simple_evoting.Environment__untrustedInputMessage()).Non-interference contract.0.m.key 
17616      DEBUG main            d.u.i.k.j.Recoder2KeY     converting now /home/runner/work/key/key/key.core/../key.ui/examples/InformationFlow/SimpleEvoting/src/simple_evoting/Voter.java 
17620      DEBUG main            d.u.i.k.j.Recoder2KeY     converting now /home/runner/work/key/key/key.core/../key.ui/examples/InformationFlow/SimpleEvoting/src/simple_evoting/NetworkClient.java 
17621      DEBUG main            d.u.i.k.j.Recoder2KeY     converting now /home/runner/work/key/key/key.core/../key.ui/examples/InformationFlow/SimpleEvoting/src/simple_evoting/SMT.java 
17622      DEBUG main            d.u.i.k.j.Recoder2KeY     converting now /home/runner/work/key/key/key.core/../key.ui/examples/InformationFlow/SimpleEvoting/src/simple_evoting/Environment.java 
17623      DEBUG main            d.u.i.k.j.Recoder2KeY     converting now /home/runner/work/key/key/key.core/../key.ui/examples/InformationFlow/SimpleEvoting/src/simple_evoting/Setup.java 
17625      DEBUG main            d.u.i.k.j.Recoder2KeY     converting now /home/runner/work/key/key/key.core/../key.ui/examples/InformationFlow/SimpleEvoting/src/simple_evoting/Server.java 
17626      DEBUG main            d.u.i.k.j.Recoder2KeY     converting now /home/runner/work/key/key/key.core/../key.ui/examples/InformationFlow/SimpleEvoting/src/simple_evoting/Message.java 
17628      DEBUG main            d.u.i.k.j.Recoder2KeY     converting now /home/runner/work/key/key/key.core/../key.ui/examples/InformationFlow/SimpleEvoting/src/simple_evoting/SMTEnv.java 
17634      DEBUG main            d.u.i.k.s.TermLabelSettings TermLabelSettings: Failure while reading the setting "UseOriginLabels".Using the default value: true.The string read was: null 
17636      DEBUG main            d.u.i.k.p.i.KeYFile       Reading KeY file file:/home/runner/work/key/key/key.core/build/resources/main/de/uka/ilkd/key/java/JavaRedux/java/lang/String.key 
19967      DEBUG main            d.u.i.k.p.i.KeYFile       Reading KeY file /home/runner/work/key/key/key.core/../key.ui/examples/InformationFlow/SimpleEvoting/simple_evoting.Environment(simple_evoting.Environment__untrustedInputMessage()).Non-interference contract.0.m.key 
19968      DEBUG main            d.u.i.k.m.s.ProofScriptEngine 1: 'macro 'infflow-autopilot'' 
20037      DEBUG main            d.u.i.k.p.m.ProofCorrectnessMgt No justification found for rule JML_represents_clause_for_simple_evoting_Environment_rep 
20260      DEBUG main            d.u.i.k.p.m.ProofCorrectnessMgt No justification found for rule JML_represents_clause_for_simple_evoting_Environment_rep 
21240      DEBUG main            d.u.i.k.r.m.MethodCall    method-call: called for byte[].<createArray>(dim0); 
21240      DEBUG main            d.u.i.k.r.m.MethodCall    method-call: invocation of static method detected 
21252      DEBUG main            d.u.i.k.r.m.MethodCall    method-call: called for byte[].<createArray>(dim0_1); 
21252      DEBUG main            d.u.i.k.r.m.MethodCall    method-call: invocation of static method detected 
21264      DEBUG main            d.u.i.k.r.m.MethodCall    method-call: called for byte[].<allocate>(length_1); 
21265      DEBUG main            d.u.i.k.r.m.MethodCall    method-call: invocation of static method detected 
21273      DEBUG main            d.u.i.k.r.m.MethodCall    method-call: called for byte[].<allocate>(length_2); 
21273      DEBUG main            d.u.i.k.r.m.MethodCall    method-call: invocation of static method detected 
21323      DEBUG main            d.u.i.k.r.m.MethodCall    method-call: called for newObject.<createArrayHelper>(); 
21323      DEBUG main            d.u.i.k.r.m.MethodCall    method-call: invocation of private method detected.Requires static resolving. 
21330      DEBUG main            d.u.i.k.j.TypeConverter   typeconverter: (prefix this;, class class de.uka.ilkd.key.java.reference.ThisReference) 
21338      DEBUG main            d.u.i.k.r.m.MethodCall    method-call: called for newObject_1.<createArrayHelper>(); 
21339      DEBUG main            d.u.i.k.r.m.MethodCall    method-call: invocation of private method detected.Requires static resolving. 
21345      DEBUG main            d.u.i.k.j.TypeConverter   typeconverter: (prefix this;, class class de.uka.ilkd.key.java.reference.ThisReference) 
21351      DEBUG main            d.u.i.k.r.m.MethodCall    method-call: called for <prepare>(); 
21351      DEBUG main            d.u.i.k.r.m.MethodCall    method-call: invocation of private method detected.Requires static resolving. 
21371      DEBUG main            d.u.i.k.j.TypeConverter   typeconverter: (prefix this;, class class de.uka.ilkd.key.java.reference.ThisReference) 
21444      DEBUG main            d.u.i.k.r.m.MethodCall    method-call: called for <prepare>(); 
21444      DEBUG main            d.u.i.k.r.m.MethodCall    method-call: invocation of private method detected.Requires static resolving. 
21464      DEBUG main            d.u.i.k.j.TypeConverter   typeconverter: (prefix this;, class class de.uka.ilkd.key.java.reference.ThisReference) 
22770      INFO  main            d.u.i.k.p.r.p.TestFile    ... finished proof: closed. 
22964      DEBUG main            d.u.i.k.s.TermLabelSettings TermLabelSettings: Failure while reading the setting "UseOriginLabels".Using the default value: true.The string read was: null 
22964      INFO  main            d.u.i.k.p.r.p.TestFile    Now processing file /home/runner/work/key/key/key.core/../key.ui/examples/InformationFlow/SimpleEvoting/simple_evoting.Environment(simple_evoting.Environment__untrustedOutput(int)).Non-interference contract.0.m.key 
22965      DEBUG main            d.u.i.k.p.i.KeYFile       Reading KeY file /home/runner/work/key/key/key.core/../key.ui/examples/InformationFlow/SimpleEvoting/simple_evoting.Environment(simple_evoting.Environment__untrustedOutput(int)).Non-interference contract.0.m.key 
24079      DEBUG main            d.u.i.k.j.Recoder2KeY     converting now /home/runner/work/key/key/key.core/../key.ui/examples/InformationFlow/SimpleEvoting/src/simple_evoting/Voter.java 
24083      DEBUG main            d.u.i.k.j.Recoder2KeY     converting now /home/runner/work/key/key/key.core/../key.ui/examples/InformationFlow/SimpleEvoting/src/simple_evoting/NetworkClient.java 
24084      DEBUG main            d.u.i.k.j.Recoder2KeY     converting now /home/runner/work/key/key/key.core/../key.ui/examples/InformationFlow/SimpleEvoting/src/simple_evoting/SMT.java 
24085      DEBUG main            d.u.i.k.j.Recoder2KeY     converting now /home/runner/work/key/key/key.core/../key.ui/examples/InformationFlow/SimpleEvoting/src/simple_evoting/Environment.java 
24087      DEBUG main            d.u.i.k.j.Recoder2KeY     converting now /home/runner/work/key/key/key.core/../key.ui/examples/InformationFlow/SimpleEvoting/src/simple_evoting/Setup.java 
24088      DEBUG main            d.u.i.k.j.Recoder2KeY     converting now /home/runner/work/key/key/key.core/../key.ui/examples/InformationFlow/SimpleEvoting/src/simple_evoting/Server.java 
24091      DEBUG main            d.u.i.k.j.Recoder2KeY     converting now /home/runner/work/key/key/key.core/../key.ui/examples/InformationFlow/SimpleEvoting/src/simple_evoting/Message.java 
24092      DEBUG main            d.u.i.k.j.Recoder2KeY     converting now /home/runner/work/key/key/key.core/../key.ui/examples/InformationFlow/SimpleEvoting/src/simple_evoting/SMTEnv.java 
24098      DEBUG main            d.u.i.k.s.TermLabelSettings TermLabelSettings: Failure while reading the setting "UseOriginLabels".Using the default value: true.The string read was: null 
24099      DEBUG main            d.u.i.k.p.i.KeYFile       Reading KeY file file:/home/runner/work/key/key/key.core/build/resources/main/de/uka/ilkd/key/java/JavaRedux/java/lang/String.key 
26326      DEBUG main            d.u.i.k.p.i.KeYFile       Reading KeY file /home/runner/work/key/key/key.core/../key.ui/examples/InformationFlow/SimpleEvoting/simple_evoting.Environment(simple_evoting.Environment__untrustedOutput(int)).Non-interference contract.0.m.key 
26326      DEBUG main            d.u.i.k.m.s.ProofScriptEngine 1: 'macro 'infflow-autopilot'' 
26447      INFO  main            d.u.i.k.p.r.p.TestFile    ... finished proof: closed. 
26614      DEBUG main            d.u.i.k.s.TermLabelSettings TermLabelSettings: Failure while reading the setting "UseOriginLabels".Using the default value: true.The string read was: null 
26614      INFO  main            d.u.i.k.p.r.p.TestFile    Now processing file /home/runner/work/key/key/key.core/../key.ui/examples/InformationFlow/SimpleEvoting/simple_evoting.Environment(simple_evoting.Environment__untrustedInput(int)).Non-interference contract.0.m.key 
26615      DEBUG main            d.u.i.k.p.i.KeYFile       Reading KeY file /home/runner/work/key/key/key.core/../key.ui/examples/InformationFlow/SimpleEvoting/simple_evoting.Environment(simple_evoting.Environment__untrustedInput(int)).Non-interference contract.0.m.key 
27714      DEBUG main            d.u.i.k.j.Recoder2KeY     converting now /home/runner/work/key/key/key.core/../key.ui/examples/InformationFlow/SimpleEvoting/src/simple_evoting/Voter.java 
27718      DEBUG main            d.u.i.k.j.Recoder2KeY     converting now /home/runner/work/key/key/key.core/../key.ui/examples/InformationFlow/SimpleEvoting/src/simple_evoting/NetworkClient.java 
27719      DEBUG main            d.u.i.k.j.Recoder2KeY     converting now /home/runner/work/key/key/key.core/../key.ui/examples/InformationFlow/SimpleEvoting/src/simple_evoting/SMT.java 
27720      DEBUG main            d.u.i.k.j.Recoder2KeY     converting now /home/runner/work/key/key/key.core/../key.ui/examples/InformationFlow/SimpleEvoting/src/simple_evoting/Environment.java 
27722      DEBUG main            d.u.i.k.j.Recoder2KeY     converting now /home/runner/work/key/key/key.core/../key.ui/examples/InformationFlow/SimpleEvoting/src/simple_evoting/Setup.java 
27724      DEBUG main            d.u.i.k.j.Recoder2KeY     converting now /home/runner/work/key/key/key.core/../key.ui/examples/InformationFlow/SimpleEvoting/src/simple_evoting/Server.java 
27725      DEBUG main            d.u.i.k.j.Recoder2KeY     converting now /home/runner/work/key/key/key.core/../key.ui/examples/InformationFlow/SimpleEvoting/src/simple_evoting/Message.java 
27726      DEBUG main            d.u.i.k.j.Recoder2KeY     converting now /home/runner/work/key/key/key.core/../key.ui/examples/InformationFlow/SimpleEvoting/src/simple_evoting/SMTEnv.java 
27733      DEBUG main            d.u.i.k.s.TermLabelSettings TermLabelSettings: Failure while reading the setting "UseOriginLabels".Using the default value: true.The string read was: null 
27734      DEBUG main            d.u.i.k.p.i.KeYFile       Reading KeY file file:/home/runner/work/key/key/key.core/build/resources/main/de/uka/ilkd/key/java/JavaRedux/java/lang/String.key 
29931      DEBUG main            d.u.i.k.p.i.KeYFile       Reading KeY file /home/runner/work/key/key/key.core/../key.ui/examples/InformationFlow/SimpleEvoting/simple_evoting.Environment(simple_evoting.Environment__untrustedInput(int)).Non-interference contract.0.m.key 
29931      DEBUG main            d.u.i.k.m.s.ProofScriptEngine 1: 'macro 'infflow-autopilot'' 
30031      INFO  main            d.u.i.k.p.r.p.TestFile    ... finished proof: open goal(s) 
30184      DEBUG main            d.u.i.k.s.TermLabelSettings TermLabelSettings: Failure while reading the setting "UseOriginLabels".Using the default value: true.The string read was: null 
30185      INFO  main            d.u.i.k.p.r.p.TestFile    Now processing file /home/runner/work/key/key/key.core/../key.ui/examples/InformationFlow/SimpleEvoting/simple_evoting.Environment(simple_evoting.Environment__untrustedInput()).Non-interference contract.0.m.key 
30185      DEBUG main            d.u.i.k.p.i.KeYFile       Reading KeY file /home/runner/work/key/key/key.core/../key.ui/examples/InformationFlow/SimpleEvoting/simple_evoting.Environment(simple_evoting.Environment__untrustedInput()).Non-interference contract.0.m.key 
31243      DEBUG main            d.u.i.k.j.Recoder2KeY     converting now /home/runner/work/key/key/key.core/../key.ui/examples/InformationFlow/SimpleEvoting/src/simple_evoting/Voter.java 
31246      DEBUG main            d.u.i.k.j.Recoder2KeY     converting now /home/runner/work/key/key/key.core/../key.ui/examples/InformationFlow/SimpleEvoting/src/simple_evoting/NetworkClient.java 
31246      DEBUG main            d.u.i.k.j.Recoder2KeY     converting now /home/runner/work/key/key/key.core/../key.ui/examples/InformationFlow/SimpleEvoting/src/simple_evoting/SMT.java 
31247      DEBUG main            d.u.i.k.j.Recoder2KeY     converting now /home/runner/work/key/key/key.core/../key.ui/examples/InformationFlow/SimpleEvoting/src/simple_evoting/Environment.java 
31248      DEBUG main            d.u.i.k.j.Recoder2KeY     converting now /home/runner/work/key/key/key.core/../key.ui/examples/InformationFlow/SimpleEvoting/src/simple_evoting/Setup.java 
31249      DEBUG main            d.u.i.k.j.Recoder2KeY     converting now /home/runner/work/key/key/key.core/../key.ui/examples/InformationFlow/SimpleEvoting/src/simple_evoting/Server.java 
31250      DEBUG main            d.u.i.k.j.Recoder2KeY     converting now /home/runner/work/key/key/key.core/../key.ui/examples/InformationFlow/SimpleEvoting/src/simple_evoting/Message.java 
31251      DEBUG main            d.u.i.k.j.Recoder2KeY     converting now /home/runner/work/key/key/key.core/../key.ui/examples/InformationFlow/SimpleEvoting/src/simple_evoting/SMTEnv.java 
31256      DEBUG main            d.u.i.k.s.TermLabelSettings TermLabelSettings: Failure while reading the setting "UseOriginLabels".Using the default value: true.The string read was: null 
31257      DEBUG main            d.u.i.k.p.i.KeYFile       Reading KeY file file:/home/runner/work/key/key/key.core/build/resources/main/de/uka/ilkd/key/java/JavaRedux/java/lang/String.key 
33515      DEBUG main            d.u.i.k.p.i.KeYFile       Reading KeY file /home/runner/work/key/key/key.core/../key.ui/examples/InformationFlow/SimpleEvoting/simple_evoting.Environment(simple_evoting.Environment__untrustedInput()).Non-interference contract.0.m.key 
33516      DEBUG main            d.u.i.k.m.s.ProofScriptEngine 1: 'macro 'infflow-autopilot'' 
33598      INFO  main            d.u.i.k.p.r.p.TestFile    ... finished proof: open goal(s) 
33760      DEBUG main            d.u.i.k.s.TermLabelSettings TermLabelSettings: Failure while reading the setting "UseOriginLabels".Using the default value: true.The string read was: null 
33761      INFO  main            d.u.i.k.p.r.p.TestFile    Now processing file /home/runner/work/key/key/key.core/../key.ui/examples/InformationFlow/SimpleEvoting/simple_evoting.SMT(simple_evoting.SMT__send(simple_evoting.Message,int,simple_evoting.Server)).Non-interference contract.1.m.key 
33761      DEBUG main            d.u.i.k.p.i.KeYFile       Reading KeY file /home/runner/work/key/key/key.core/../key.ui/examples/InformationFlow/SimpleEvoting/simple_evoting.SMT(simple_evoting.SMT__send(simple_evoting.Message,int,simple_evoting.Server)).Non-interference contract.1.m.key 
34864      DEBUG main            d.u.i.k.j.Recoder2KeY     converting now /home/runner/work/key/key/key.core/../key.ui/examples/InformationFlow/SimpleEvoting/src/simple_evoting/Voter.java 
34867      DEBUG main            d.u.i.k.j.Recoder2KeY     converting now /home/runner/work/key/key/key.core/../key.ui/examples/InformationFlow/SimpleEvoting/src/simple_evoting/NetworkClient.java 
34868      DEBUG main            d.u.i.k.j.Recoder2KeY     converting now /home/runner/work/key/key/key.core/../key.ui/examples/InformationFlow/SimpleEvoting/src/simple_evoting/SMT.java 
34868      DEBUG main            d.u.i.k.j.Recoder2KeY     converting now /home/runner/work/key/key/key.core/../key.ui/examples/InformationFlow/SimpleEvoting/src/simple_evoting/Environment.java 
34869      DEBUG main            d.u.i.k.j.Recoder2KeY     converting now /home/runner/work/key/key/key.core/../key.ui/examples/InformationFlow/SimpleEvoting/src/simple_evoting/Setup.java 
34870      DEBUG main            d.u.i.k.j.Recoder2KeY     converting now /home/runner/work/key/key/key.core/../key.ui/examples/InformationFlow/SimpleEvoting/src/simple_evoting/Server.java 
34871      DEBUG main            d.u.i.k.j.Recoder2KeY     converting now /home/runner/work/key/key/key.core/../key.ui/examples/InformationFlow/SimpleEvoting/src/simple_evoting/Message.java 
34872      DEBUG main            d.u.i.k.j.Recoder2KeY     converting now /home/runner/work/key/key/key.core/../key.ui/examples/InformationFlow/SimpleEvoting/src/simple_evoting/SMTEnv.java 
34876      DEBUG main            d.u.i.k.s.TermLabelSettings TermLabelSettings: Failure while reading the setting "UseOriginLabels".Using the default value: true.The string read was: null 
34878      DEBUG main            d.u.i.k.p.i.KeYFile       Reading KeY file file:/home/runner/work/key/key/key.core/build/resources/main/de/uka/ilkd/key/java/JavaRedux/java/lang/String.key 
37049      DEBUG main            d.u.i.k.p.i.KeYFile       Reading KeY file /home/runner/work/key/key/key.core/../key.ui/examples/InformationFlow/SimpleEvoting/simple_evoting.SMT(simple_evoting.SMT__send(simple_evoting.Message,int,simple_evoting.Server)).Non-interference contract.1.m.key 
37050      DEBUG main            d.u.i.k.m.s.ProofScriptEngine 1: 'macro 'infflow-autopilot'' 
37098      DEBUG main            d.u.i.k.p.m.ProofCorrectnessMgt No justification found for rule Class_invariant_axiom_for_simple_evoting_Server 
37106      DEBUG main            d.u.i.k.p.m.ProofCorrectnessMgt No justification found for rule Class_invariant_axiom_for_simple_evoting_Message 
37173      DEBUG main            d.u.i.k.p.m.ProofCorrectnessMgt No justification found for rule JML_represents_clause_for_simple_evoting_Environment_rep 
37450      DEBUG main            d.u.i.k.p.m.ProofCorrectnessMgt No justification found for rule Class_invariant_axiom_for_simple_evoting_Message 
37494      DEBUG main            d.u.i.k.p.m.ProofCorrectnessMgt No justification found for rule Class_invariant_axiom_for_simple_evoting_Server 
37571      DEBUG main            d.u.i.k.p.m.ProofCorrectnessMgt No justification found for rule Class_invariant_axiom_for_simple_evoting_Message 
37583      DEBUG main            d.u.i.k.p.m.ProofCorrectnessMgt No justification found for rule Class_invariant_axiom_for_simple_evoting_Server 
38858      DEBUG main            d.u.i.k.p.m.ProofCorrectnessMgt No justification found for rule Class_invariant_axiom_for_simple_evoting_Message 
38948      DEBUG main            d.u.i.k.p.m.ProofCorrectnessMgt No justification found for rule Class_invariant_axiom_for_simple_evoting_Server 
39125      DEBUG main            d.u.i.k.p.m.ProofCorrectnessMgt No justification found for rule Class_invariant_axiom_for_simple_evoting_Server 
39197      DEBUG main            d.u.i.k.p.m.ProofCorrectnessMgt No justification found for rule Class_invariant_axiom_for_simple_evoting_Server 
39261      DEBUG main            d.u.i.k.p.m.ProofCorrectnessMgt No justification found for rule Class_invariant_axiom_for_simple_evoting_Message 
39291      DEBUG main            d.u.i.k.p.m.ProofCorrectnessMgt No justification found for rule Class_invariant_axiom_for_simple_evoting_Server 
39552      DEBUG main            d.u.i.k.p.m.ProofCorrectnessMgt No justification found for rule Class_invariant_axiom_for_simple_evoting_Server 
39616      DEBUG main            d.u.i.k.p.m.ProofCorrectnessMgt No justification found for rule Class_invariant_axiom_for_simple_evoting_Message 
39645      DEBUG main            d.u.i.k.p.m.ProofCorrectnessMgt No justification found for rule Class_invariant_axiom_for_simple_evoting_Message 
39674      DEBUG main            d.u.i.k.p.m.ProofCorrectnessMgt No justification found for rule Class_invariant_axiom_for_simple_evoting_Message 
39698      DEBUG main            d.u.i.k.p.m.ProofCorrectnessMgt No justification found for rule Class_invariant_axiom_for_simple_evoting_Server 
39761      DEBUG main            d.u.i.k.p.m.ProofCorrectnessMgt No justification found for rule Class_invariant_axiom_for_simple_evoting_Server 
39832      DEBUG main            d.u.i.k.p.m.ProofCorrectnessMgt No justification found for rule Class_invariant_axiom_for_simple_evoting_Server 
39950      DEBUG main            d.u.i.k.p.m.ProofCorrectnessMgt No justification found for rule Class_invariant_axiom_for_simple_evoting_Message 
39971      DEBUG main            d.u.i.k.p.m.ProofCorrectnessMgt No justification found for rule Class_invariant_axiom_for_simple_evoting_Message 
39991      DEBUG main            d.u.i.k.p.m.ProofCorrectnessMgt No justification found for rule Class_invariant_axiom_for_simple_evoting_Message 
40015      DEBUG main            d.u.i.k.p.m.ProofCorrectnessMgt No justification found for rule Class_invariant_axiom_for_simple_evoting_Server 
40085      DEBUG main            d.u.i.k.p.m.ProofCorrectnessMgt No justification found for rule Class_invariant_axiom_for_simple_evoting_Server 
40134      DEBUG main            d.u.i.k.p.m.ProofCorrectnessMgt No justification found for rule Class_invariant_axiom_for_simple_evoting_Server 
40173      DEBUG main            d.u.i.k.p.m.ProofCorrectnessMgt No justification found for rule Class_invariant_axiom_for_simple_evoting_Message 
40197      DEBUG main            d.u.i.k.p.m.ProofCorrectnessMgt No justification found for rule Class_invariant_axiom_for_simple_evoting_Message 
40215      DEBUG main            d.u.i.k.p.m.ProofCorrectnessMgt No justification found for rule Class_invariant_axiom_for_simple_evoting_Server 
40249      DEBUG main            d.u.i.k.p.m.ProofCorrectnessMgt No justification found for rule Class_invariant_axiom_for_simple_evoting_Message 
40282      DEBUG main            d.u.i.k.p.m.ProofCorrectnessMgt No justification found for rule Class_invariant_axiom_for_simple_evoting_Message 
40315      DEBUG main            d.u.i.k.p.m.ProofCorrectnessMgt No justification found for rule Class_invariant_axiom_for_simple_evoting_Message 
40353      DEBUG main            d.u.i.k.p.m.ProofCorrectnessMgt No justification found for rule Class_invariant_axiom_for_simple_evoting_Message 
40384      DEBUG main            d.u.i.k.p.m.ProofCorrectnessMgt No justification found for rule Class_invariant_axiom_for_simple_evoting_Server 
40448      DEBUG main            d.u.i.k.p.m.ProofCorrectnessMgt No justification found for rule Class_invariant_axiom_for_simple_evoting_Server 
40521      DEBUG main            d.u.i.k.p.m.ProofCorrectnessMgt No justification found for rule Class_invariant_axiom_for_simple_evoting_Server 
40581      DEBUG main            d.u.i.k.p.m.ProofCorrectnessMgt No justification found for rule Class_invariant_axiom_for_simple_evoting_Server 
40632      DEBUG main            d.u.i.k.p.m.ProofCorrectnessMgt No justification found for rule Class_invariant_axiom_for_simple_evoting_Server 
40717      DEBUG main            d.u.i.k.p.m.ProofCorrectnessMgt No justification found for rule Class_invariant_axiom_for_simple_evoting_Message 
40793      DEBUG main            d.u.i.k.p.m.ProofCorrectnessMgt No justification found for rule Class_invariant_axiom_for_simple_evoting_Server 
40865      DEBUG main            d.u.i.k.p.m.ProofCorrectnessMgt No justification found for rule Class_invariant_axiom_for_simple_evoting_Message 
40901      DEBUG main            d.u.i.k.p.m.ProofCorrectnessMgt No justification found for rule Class_invariant_axiom_for_simple_evoting_Server 
40986      DEBUG main            d.u.i.k.p.m.ProofCorrectnessMgt No justification found for rule Class_invariant_axiom_for_simple_evoting_Server 
41061      DEBUG main            d.u.i.k.p.m.ProofCorrectnessMgt No justification found for rule Class_invariant_axiom_for_simple_evoting_Message 
41093      DEBUG main            d.u.i.k.p.m.ProofCorrectnessMgt No justification found for rule Class_invariant_axiom_for_simple_evoting_Message 
43031      DEBUG main            d.u.i.k.p.m.ProofCorrectnessMgt No justification found for rule JML_represents_clause_for_simple_evoting_Environment_rep 
43080      DEBUG main            d.u.i.k.p.m.ProofCorrectnessMgt No justification found for rule Class_invariant_axiom_for_simple_evoting_Message 
43128      DEBUG main            d.u.i.k.p.m.ProofCorrectnessMgt No justification found for rule Class_invariant_axiom_for_simple_evoting_Message 
43170      DEBUG main            d.u.i.k.p.m.ProofCorrectnessMgt No justification found for rule Class_invariant_axiom_for_simple_evoting_Message 
43216      DEBUG main            d.u.i.k.p.m.ProofCorrectnessMgt No justification found for rule Class_invariant_axiom_for_simple_evoting_Message 
43257      DEBUG main            d.u.i.k.p.m.ProofCorrectnessMgt No justification found for rule Class_invariant_axiom_for_simple_evoting_Message 
43302      DEBUG main            d.u.i.k.p.m.ProofCorrectnessMgt No justification found for rule Class_invariant_axiom_for_simple_evoting_Message 
43344      DEBUG main            d.u.i.k.p.m.ProofCorrectnessMgt No justification found for rule Class_invariant_axiom_for_simple_evoting_Message 
43389      DEBUG main            d.u.i.k.p.m.ProofCorrectnessMgt No justification found for rule Class_invariant_axiom_for_simple_evoting_Message 
43431      DEBUG main            d.u.i.k.p.m.ProofCorrectnessMgt No justification found for rule Class_invariant_axiom_for_simple_evoting_Message 
43517      DEBUG main            d.u.i.k.p.m.ProofCorrectnessMgt No justification found for rule Class_invariant_axiom_for_simple_evoting_Message 
43854      DEBUG main            d.u.i.k.p.m.ProofCorrectnessMgt No justification found for rule Class_invariant_axiom_for_simple_evoting_Server 
43955      DEBUG main            d.u.i.k.p.m.ProofCorrectnessMgt No justification found for rule Class_invariant_axiom_for_simple_evoting_Server 
44041      DEBUG main            d.u.i.k.p.m.ProofCorrectnessMgt No justification found for rule Class_invariant_axiom_for_simple_evoting_Server 
44119      DEBUG main            d.u.i.k.p.m.ProofCorrectnessMgt No justification found for rule Class_invariant_axiom_for_simple_evoting_Server 
44190      DEBUG main            d.u.i.k.p.m.ProofCorrectnessMgt No justification found for rule Class_invariant_axiom_for_simple_evoting_Server 
44280      DEBUG main            d.u.i.k.p.m.ProofCorrectnessMgt No justification found for rule Class_invariant_axiom_for_simple_evoting_Server 
44387      DEBUG main            d.u.i.k.p.m.ProofCorrectnessMgt No justification found for rule Class_invariant_axiom_for_simple_evoting_Server 
44472      DEBUG main            d.u.i.k.p.m.ProofCorrectnessMgt No justification found for rule Class_invariant_axiom_for_simple_evoting_Server 
44550      DEBUG main            d.u.i.k.p.m.ProofCorrectnessMgt No justification found for rule Class_invariant_axiom_for_simple_evoting_Server 
44625      DEBUG main            d.u.i.k.p.m.ProofCorrectnessMgt No justification found for rule Class_invariant_axiom_for_simple_evoting_Server 
61466      DEBUG main            d.u.i.k.p.m.ProofCorrectnessMgt No justification found for rule Class_invariant_axiom_for_simple_evoting_Message 
61523      DEBUG main            d.u.i.k.p.m.ProofCorrectnessMgt No justification found for rule Class_invariant_axiom_for_simple_evoting_Message 
61557      DEBUG main            d.u.i.k.p.m.ProofCorrectnessMgt No justification found for rule Class_invariant_axiom_for_simple_evoting_Server 
61640      DEBUG main            d.u.i.k.p.m.ProofCorrectnessMgt No justification found for rule Class_invariant_axiom_for_simple_evoting_Server 
61716      DEBUG main            d.u.i.k.p.m.ProofCorrectnessMgt No justification found for rule Class_invariant_axiom_for_simple_evoting_Server 
61795      DEBUG main            d.u.i.k.p.m.ProofCorrectnessMgt No justification found for rule Class_invariant_axiom_for_simple_evoting_Server 
81527      INFO  main            d.u.i.k.p.r.p.TestFile    ... finished proof: closed. 
81888      DEBUG main            d.u.i.k.s.TermLabelSettings TermLabelSettings: Failure while reading the setting "UseOriginLabels".Using the default value: true.The string read was: null 
81888      INFO  main            d.u.i.k.p.r.p.TestFile    Now processing file /home/runner/work/key/key/key.core/../key.ui/examples/InformationFlow/SimpleEvoting/simple_evoting.SMT(simple_evoting.SMT__send(simple_evoting.Message,int,simple_evoting.Server)).Non-interference contract.0.m.key 
81888      DEBUG main            d.u.i.k.p.i.KeYFile       Reading KeY file /home/runner/work/key/key/key.core/../key.ui/examples/InformationFlow/SimpleEvoting/simple_evoting.SMT(simple_evoting.SMT__send(simple_evoting.Message,int,simple_evoting.Server)).Non-interference contract.0.m.key 
82958      DEBUG main            d.u.i.k.j.Recoder2KeY     converting now /home/runner/work/key/key/key.core/../key.ui/examples/InformationFlow/SimpleEvoting/src/simple_evoting/Voter.java 
82960      DEBUG main            d.u.i.k.j.Recoder2KeY     converting now /home/runner/work/key/key/key.core/../key.ui/examples/InformationFlow/SimpleEvoting/src/simple_evoting/NetworkClient.java 
82961      DEBUG main            d.u.i.k.j.Recoder2KeY     converting now /home/runner/work/key/key/key.core/../key.ui/examples/InformationFlow/SimpleEvoting/src/simple_evoting/SMT.java 
82962      DEBUG main            d.u.i.k.j.Recoder2KeY     converting now /home/runner/work/key/key/key.core/../key.ui/examples/InformationFlow/SimpleEvoting/src/simple_evoting/Environment.java 
82963      DEBUG main            d.u.i.k.j.Recoder2KeY     converting now /home/runner/work/key/key/key.core/../key.ui/examples/InformationFlow/SimpleEvoting/src/simple_evoting/Setup.java 
82964      DEBUG main            d.u.i.k.j.Recoder2KeY     converting now /home/runner/work/key/key/key.core/../key.ui/examples/InformationFlow/SimpleEvoting/src/simple_evoting/Server.java 
82965      DEBUG main            d.u.i.k.j.Recoder2KeY     converting now /home/runner/work/key/key/key.core/../key.ui/examples/InformationFlow/SimpleEvoting/src/simple_evoting/Message.java 
82966      DEBUG main            d.u.i.k.j.Recoder2KeY     converting now /home/runner/work/key/key/key.core/../key.ui/examples/InformationFlow/SimpleEvoting/src/simple_evoting/SMTEnv.java 
82971      DEBUG main            d.u.i.k.s.TermLabelSettings TermLabelSettings: Failure while reading the setting "UseOriginLabels".Using the default value: true.The string read was: null 
82972      DEBUG main            d.u.i.k.p.i.KeYFile       Reading KeY file file:/home/runner/work/key/key/key.core/build/resources/main/de/uka/ilkd/key/java/JavaRedux/java/lang/String.key 
85158      DEBUG main            d.u.i.k.p.i.KeYFile       Reading KeY file /home/runner/work/key/key/key.core/../key.ui/examples/InformationFlow/SimpleEvoting/simple_evoting.SMT(simple_evoting.SMT__send(simple_evoting.Message,int,simple_evoting.Server)).Non-interference contract.0.m.key 
85158      DEBUG main            d.u.i.k.m.s.ProofScriptEngine 1: 'macro 'infflow-autopilot'' 
85212      DEBUG main            d.u.i.k.p.m.ProofCorrectnessMgt No justification found for rule Class_invariant_axiom_for_simple_evoting_Server 
85220      DEBUG main            d.u.i.k.p.m.ProofCorrectnessMgt No justification found for rule Class_invariant_axiom_for_simple_evoting_Message 
85268      DEBUG main            d.u.i.k.p.m.ProofCorrectnessMgt No justification found for rule JML_represents_clause_for_simple_evoting_Environment_rep 
85513      DEBUG main            d.u.i.k.p.m.ProofCorrectnessMgt No justification found for rule Class_invariant_axiom_for_simple_evoting_Server 
85602      DEBUG main            d.u.i.k.p.m.ProofCorrectnessMgt No justification found for rule Class_invariant_axiom_for_simple_evoting_Message 
85638      DEBUG main            d.u.i.k.p.m.ProofCorrectnessMgt No justification found for rule Class_invariant_axiom_for_simple_evoting_Message 
85649      DEBUG main            d.u.i.k.p.m.ProofCorrectnessMgt No justification found for rule Class_invariant_axiom_for_simple_evoting_Server 
86840      DEBUG main            d.u.i.k.p.m.ProofCorrectnessMgt No justification found for rule Class_invariant_axiom_for_simple_evoting_Message 
86917      DEBUG main            d.u.i.k.p.m.ProofCorrectnessMgt No justification found for rule Class_invariant_axiom_for_simple_evoting_Server 
87256      DEBUG main            d.u.i.k.p.m.ProofCorrectnessMgt No justification found for rule Class_invariant_axiom_for_simple_evoting_Message 
87278      DEBUG main            d.u.i.k.p.m.ProofCorrectnessMgt No justification found for rule Class_invariant_axiom_for_simple_evoting_Server 
87311      DEBUG main            d.u.i.k.p.m.ProofCorrectnessMgt No justification found for rule Class_invariant_axiom_for_simple_evoting_Message 
87333      DEBUG main            d.u.i.k.p.m.ProofCorrectnessMgt No justification found for rule Class_invariant_axiom_for_simple_evoting_Server 
87382      DEBUG main            d.u.i.k.p.m.ProofCorrectnessMgt No justification found for rule Class_invariant_axiom_for_simple_evoting_Message 
87403      DEBUG main            d.u.i.k.p.m.ProofCorrectnessMgt No justification found for rule Class_invariant_axiom_for_simple_evoting_Server 
87448      DEBUG main            d.u.i.k.p.m.ProofCorrectnessMgt No justification found for rule Class_invariant_axiom_for_simple_evoting_Server 
87487      DEBUG main            d.u.i.k.p.m.ProofCorrectnessMgt No justification found for rule Class_invariant_axiom_for_simple_evoting_Server 
87523      DEBUG main            d.u.i.k.p.m.ProofCorrectnessMgt No justification found for rule Class_invariant_axiom_for_simple_evoting_Server 
87602      DEBUG main            d.u.i.k.p.m.ProofCorrectnessMgt No justification found for rule Class_invariant_axiom_for_simple_evoting_Message 
87634      DEBUG main            d.u.i.k.p.m.ProofCorrectnessMgt No justification found for rule Class_invariant_axiom_for_simple_evoting_Server 
87701      DEBUG main            d.u.i.k.p.m.ProofCorrectnessMgt No justification found for rule Class_invariant_axiom_for_simple_evoting_Message 
87728      DEBUG main            d.u.i.k.p.m.ProofCorrectnessMgt No justification found for rule Class_invariant_axiom_for_simple_evoting_Message 
87761      DEBUG main            d.u.i.k.p.m.ProofCorrectnessMgt No justification found for rule Class_invariant_axiom_for_simple_evoting_Server 
87841      DEBUG main            d.u.i.k.p.m.ProofCorrectnessMgt No justification found for rule Class_invariant_axiom_for_simple_evoting_Server 
87912      DEBUG main            d.u.i.k.p.m.ProofCorrectnessMgt No justification found for rule Class_invariant_axiom_for_simple_evoting_Server 
87986      DEBUG main            d.u.i.k.p.m.ProofCorrectnessMgt No justification found for rule Class_invariant_axiom_for_simple_evoting_Message 
88073      DEBUG main            d.u.i.k.p.m.ProofCorrectnessMgt No justification found for rule Class_invariant_axiom_for_simple_evoting_Message 
88100      DEBUG main            d.u.i.k.p.m.ProofCorrectnessMgt No justification found for rule Class_invariant_axiom_for_simple_evoting_Server 
88171      DEBUG main            d.u.i.k.p.m.ProofCorrectnessMgt No justification found for rule Class_invariant_axiom_for_simple_evoting_Message 
88200      DEBUG main            d.u.i.k.p.m.ProofCorrectnessMgt No justification found for rule Class_invariant_axiom_for_simple_evoting_Server 
88257      DEBUG main            d.u.i.k.p.m.ProofCorrectnessMgt No justification found for rule Class_invariant_axiom_for_simple_evoting_Message 
88281      DEBUG main            d.u.i.k.p.m.ProofCorrectnessMgt No justification found for rule Class_invariant_axiom_for_simple_evoting_Server 
88356      DEBUG main            d.u.i.k.p.m.ProofCorrectnessMgt No justification found for rule Class_invariant_axiom_for_simple_evoting_Message 
88385      DEBUG main            d.u.i.k.p.m.ProofCorrectnessMgt No justification found for rule Class_invariant_axiom_for_simple_evoting_Server 
88465      DEBUG main            d.u.i.k.p.m.ProofCorrectnessMgt No justification found for rule Class_invariant_axiom_for_simple_evoting_Server 
88525      DEBUG main            d.u.i.k.p.m.ProofCorrectnessMgt No justification found for rule Class_invariant_axiom_for_simple_evoting_Message 
88553      DEBUG main            d.u.i.k.p.m.ProofCorrectnessMgt No justification found for rule Class_invariant_axiom_for_simple_evoting_Server 
88634      DEBUG main            d.u.i.k.p.m.ProofCorrectnessMgt No justification found for rule Class_invariant_axiom_for_simple_evoting_Server 
88712      DEBUG main            d.u.i.k.p.m.ProofCorrectnessMgt No justification found for rule Class_invariant_axiom_for_simple_evoting_Message 
88739      DEBUG main            d.u.i.k.p.m.ProofCorrectnessMgt No justification found for rule Class_invariant_axiom_for_simple_evoting_Message 
88776      DEBUG main            d.u.i.k.p.m.ProofCorrectnessMgt No justification found for rule Class_invariant_axiom_for_simple_evoting_Server 
88859      DEBUG main            d.u.i.k.p.m.ProofCorrectnessMgt No justification found for rule Class_invariant_axiom_for_simple_evoting_Server 
88922      DEBUG main            d.u.i.k.p.m.ProofCorrectnessMgt No justification found for rule Class_invariant_axiom_for_simple_evoting_Message 
88953      DEBUG main            d.u.i.k.p.m.ProofCorrectnessMgt No justification found for rule Class_invariant_axiom_for_simple_evoting_Message 
89024      DEBUG main            d.u.i.k.p.m.ProofCorrectnessMgt No justification found for rule Class_invariant_axiom_for_simple_evoting_Message 
90971      DEBUG main            d.u.i.k.p.m.ProofCorrectnessMgt No justification found for rule JML_represents_clause_for_simple_evoting_Environment_rep 
91018      DEBUG main            d.u.i.k.p.m.ProofCorrectnessMgt No justification found for rule Class_invariant_axiom_for_simple_evoting_Message 
91067      DEBUG main            d.u.i.k.p.m.ProofCorrectnessMgt No justification found for rule Class_invariant_axiom_for_simple_evoting_Message 
91115      DEBUG main            d.u.i.k.p.m.ProofCorrectnessMgt No justification found for rule Class_invariant_axiom_for_simple_evoting_Message 
91156      DEBUG main            d.u.i.k.p.m.ProofCorrectnessMgt No justification found for rule Class_invariant_axiom_for_simple_evoting_Message 
91199      DEBUG main            d.u.i.k.p.m.ProofCorrectnessMgt No justification found for rule Class_invariant_axiom_for_simple_evoting_Message 
91245      DEBUG main            d.u.i.k.p.m.ProofCorrectnessMgt No justification found for rule Class_invariant_axiom_for_simple_evoting_Message 
91287      DEBUG main            d.u.i.k.p.m.ProofCorrectnessMgt No justification found for rule Class_invariant_axiom_for_simple_evoting_Message 
91332      DEBUG main            d.u.i.k.p.m.ProofCorrectnessMgt No justification found for rule Class_invariant_axiom_for_simple_evoting_Message 
91411      DEBUG main            d.u.i.k.p.m.ProofCorrectnessMgt No justification found for rule Class_invariant_axiom_for_simple_evoting_Message 
91456      DEBUG main            d.u.i.k.p.m.ProofCorrectnessMgt No justification found for rule Class_invariant_axiom_for_simple_evoting_Message 
91849      DEBUG main            d.u.i.k.p.m.ProofCorrectnessMgt No justification found for rule Class_invariant_axiom_for_simple_evoting_Server 
91946      DEBUG main            d.u.i.k.p.m.ProofCorrectnessMgt No justification found for rule Class_invariant_axiom_for_simple_evoting_Server 
92031      DEBUG main            d.u.i.k.p.m.ProofCorrectnessMgt No justification found for rule Class_invariant_axiom_for_simple_evoting_Server 
92113      DEBUG main            d.u.i.k.p.m.ProofCorrectnessMgt No justification found for rule Class_invariant_axiom_for_simple_evoting_Server 
92191      DEBUG main            d.u.i.k.p.m.ProofCorrectnessMgt No justification found for rule Class_invariant_axiom_for_simple_evoting_Server 
92276      DEBUG main            d.u.i.k.p.m.ProofCorrectnessMgt No justification found for rule Class_invariant_axiom_for_simple_evoting_Server 
92359      DEBUG main            d.u.i.k.p.m.ProofCorrectnessMgt No justification found for rule Class_invariant_axiom_for_simple_evoting_Server 
92428      DEBUG main            d.u.i.k.p.m.ProofCorrectnessMgt No justification found for rule Class_invariant_axiom_for_simple_evoting_Server 
92497      DEBUG main            d.u.i.k.p.m.ProofCorrectnessMgt No justification found for rule Class_invariant_axiom_for_simple_evoting_Server 
92566      DEBUG main            d.u.i.k.p.m.ProofCorrectnessMgt No justification found for rule Class_invariant_axiom_for_simple_evoting_Server 
107864     DEBUG main            d.u.i.k.p.m.ProofCorrectnessMgt No justification found for rule Class_invariant_axiom_for_simple_evoting_Message 
107920     DEBUG main            d.u.i.k.p.m.ProofCorrectnessMgt No justification found for rule Class_invariant_axiom_for_simple_evoting_Message 
107945     DEBUG main            d.u.i.k.p.m.ProofCorrectnessMgt No justification found for rule Class_invariant_axiom_for_simple_evoting_Server 
108055     DEBUG main            d.u.i.k.p.m.ProofCorrectnessMgt No justification found for rule Class_invariant_axiom_for_simple_evoting_Server 
128998     INFO  main            d.u.i.k.p.r.p.TestFile    ... finished proof: closed. 
129313     DEBUG main            d.u.i.k.s.TermLabelSettings TermLabelSettings: Failure while reading the setting "UseOriginLabels".Using the default value: true.The string read was: null 
129313     INFO  main            d.u.i.k.p.r.p.TestFile    Now processing file /home/runner/work/key/key/key.core/../key.ui/examples/InformationFlow/SimpleEvoting/simple_evoting.SMTEnv(simple_evoting.SMTEnv__send(int,int,int,simple_evoting.Server,int)).Non-interference contract.0.m.key 
129313     DEBUG main            d.u.i.k.p.i.KeYFile       Reading KeY file /home/runner/work/key/key/key.core/../key.ui/examples/InformationFlow/SimpleEvoting/simple_evoting.SMTEnv(simple_evoting.SMTEnv__send(int,int,int,simple_evoting.Server,int)).Non-interference contract.0.m.key 
130357     DEBUG main            d.u.i.k.j.Recoder2KeY     converting now /home/runner/work/key/key/key.core/../key.ui/examples/InformationFlow/SimpleEvoting/src/simple_evoting/Voter.java 
130359     DEBUG main            d.u.i.k.j.Recoder2KeY     converting now /home/runner/work/key/key/key.core/../key.ui/examples/InformationFlow/SimpleEvoting/src/simple_evoting/NetworkClient.java 
130360     DEBUG main            d.u.i.k.j.Recoder2KeY     converting now /home/runner/work/key/key/key.core/../key.ui/examples/InformationFlow/SimpleEvoting/src/simple_evoting/SMT.java 
130360     DEBUG main            d.u.i.k.j.Recoder2KeY     converting now /home/runner/work/key/key/key.core/../key.ui/examples/InformationFlow/SimpleEvoting/src/simple_evoting/Environment.java 
130361     DEBUG main            d.u.i.k.j.Recoder2KeY     converting now /home/runner/work/key/key/key.core/../key.ui/examples/InformationFlow/SimpleEvoting/src/simple_evoting/Setup.java 
130362     DEBUG main            d.u.i.k.j.Recoder2KeY     converting now /home/runner/work/key/key/key.core/../key.ui/examples/InformationFlow/SimpleEvoting/src/simple_evoting/Server.java 
130363     DEBUG main            d.u.i.k.j.Recoder2KeY     converting now /home/runner/work/key/key/key.core/../key.ui/examples/InformationFlow/SimpleEvoting/src/simple_evoting/Message.java 
130364     DEBUG main            d.u.i.k.j.Recoder2KeY     converting now /home/runner/work/key/key/key.core/../key.ui/examples/InformationFlow/SimpleEvoting/src/simple_evoting/SMTEnv.java 
130368     DEBUG main            d.u.i.k.s.TermLabelSettings TermLabelSettings: Failure while reading the setting "UseOriginLabels".Using the default value: true.The string read was: null 
130369     DEBUG main            d.u.i.k.p.i.KeYFile       Reading KeY file file:/home/runner/work/key/key/key.core/build/resources/main/de/uka/ilkd/key/java/JavaRedux/java/lang/String.key 
132467     DEBUG main            d.u.i.k.p.i.KeYFile       Reading KeY file /home/runner/work/key/key/key.core/../key.ui/examples/InformationFlow/SimpleEvoting/simple_evoting.SMTEnv(simple_evoting.SMTEnv__send(int,int,int,simple_evoting.Server,int)).Non-interference contract.0.m.key 
132467     DEBUG main            d.u.i.k.m.s.ProofScriptEngine 1: 'macro 'infflow-autopilot'' 
132518     DEBUG main            d.u.i.k.p.m.ProofCorrectnessMgt No justification found for rule JML_represents_clause_for_simple_evoting_Environment_rep 
132551     DEBUG main            d.u.i.k.p.m.ProofCorrectnessMgt No justification found for rule JML_represents_clause_for_simple_evoting_Environment_rep 
132567     DEBUG main            d.u.i.k.p.m.ProofCorrectnessMgt No justification found for rule JML_represents_clause_for_simple_evoting_Environment_rep 
132584     DEBUG main            d.u.i.k.p.m.ProofCorrectnessMgt No justification found for rule JML_represents_clause_for_simple_evoting_Environment_rep 
132602     DEBUG main            d.u.i.k.p.m.ProofCorrectnessMgt No justification found for rule JML_represents_clause_for_simple_evoting_Environment_rep 
132664     DEBUG main            d.u.i.k.p.m.ProofCorrectnessMgt No justification found for rule JML_represents_clause_for_simple_evoting_Environment_rep 
133897     INFO  main            d.u.i.k.p.r.p.TestFile    ... finished proof: closed. 
134186     DEBUG main            d.u.i.k.s.TermLabelSettings TermLabelSettings: Failure while reading the setting "UseOriginLabels".Using the default value: true.The string read was: null 
134186     INFO  main            d.u.i.k.p.r.p.TestFile    Now processing file /home/runner/work/key/key/key.core/../key.ui/examples/InformationFlow/SimpleEvoting/simple_evoting.NetworkClient(simple_evoting.NetworkClient__send((B,simple_evoting.Server,int)).Non-interference contract.0.m.key 
134186     DEBUG main            d.u.i.k.p.i.KeYFile       Reading KeY file /home/runner/work/key/key/key.core/../key.ui/examples/InformationFlow/SimpleEvoting/simple_evoting.NetworkClient(simple_evoting.NetworkClient__send((B,simple_evoting.Server,int)).Non-interference contract.0.m.key 
135235     DEBUG main            d.u.i.k.j.Recoder2KeY     converting now /home/runner/work/key/key/key.core/../key.ui/examples/InformationFlow/SimpleEvoting/src/simple_evoting/Voter.java 
135237     DEBUG main            d.u.i.k.j.Recoder2KeY     converting now /home/runner/work/key/key/key.core/../key.ui/examples/InformationFlow/SimpleEvoting/src/simple_evoting/NetworkClient.java 
135238     DEBUG main            d.u.i.k.j.Recoder2KeY     converting now /home/runner/work/key/key/key.core/../key.ui/examples/InformationFlow/SimpleEvoting/src/simple_evoting/SMT.java 
135238     DEBUG main            d.u.i.k.j.Recoder2KeY     converting now /home/runner/work/key/key/key.core/../key.ui/examples/InformationFlow/SimpleEvoting/src/simple_evoting/Environment.java 
135239     DEBUG main            d.u.i.k.j.Recoder2KeY     converting now /home/runner/work/key/key/key.core/../key.ui/examples/InformationFlow/SimpleEvoting/src/simple_evoting/Setup.java 
135240     DEBUG main            d.u.i.k.j.Recoder2KeY     converting now /home/runner/work/key/key/key.core/../key.ui/examples/InformationFlow/SimpleEvoting/src/simple_evoting/Server.java 
135241     DEBUG main            d.u.i.k.j.Recoder2KeY     converting now /home/runner/work/key/key/key.core/../key.ui/examples/InformationFlow/SimpleEvoting/src/simple_evoting/Message.java 
135242     DEBUG main            d.u.i.k.j.Recoder2KeY     converting now /home/runner/work/key/key/key.core/../key.ui/examples/InformationFlow/SimpleEvoting/src/simple_evoting/SMTEnv.java 
135246     DEBUG main            d.u.i.k.s.TermLabelSettings TermLabelSettings: Failure while reading the setting "UseOriginLabels".Using the default value: true.The string read was: null 
135248     DEBUG main            d.u.i.k.p.i.KeYFile       Reading KeY file file:/home/runner/work/key/key/key.core/build/resources/main/de/uka/ilkd/key/java/JavaRedux/java/lang/String.key 
137375     DEBUG main            d.u.i.k.p.i.KeYFile       Reading KeY file /home/runner/work/key/key/key.core/../key.ui/examples/InformationFlow/SimpleEvoting/simple_evoting.NetworkClient(simple_evoting.NetworkClient__send((B,simple_evoting.Server,int)).Non-interference contract.0.m.key 
137375     DEBUG main            d.u.i.k.m.s.ProofScriptEngine 1: 'macro 'infflow-autopilot'' 
137420     DEBUG main            d.u.i.k.p.m.ProofCorrectnessMgt No justification found for rule JML_represents_clause_for_simple_evoting_Environment_rep 
137441     DEBUG main            d.u.i.k.p.m.ProofCorrectnessMgt No justification found for rule JML_represents_clause_for_simple_evoting_Environment_rep 
137459     DEBUG main            d.u.i.k.p.m.ProofCorrectnessMgt No justification found for rule JML_represents_clause_for_simple_evoting_Environment_rep 
138431     INFO  main            d.u.i.k.p.r.p.TestFile    ... finished proof: closed. 
138644     DEBUG main            d.u.i.k.s.TermLabelSettings TermLabelSettings: Failure while reading the setting "UseOriginLabels".Using the default value: true.The string read was: null 
138644     INFO  main            d.u.i.k.p.r.p.TestFile    Now processing file /home/runner/work/key/key/key.core/../key.ui/examples/InformationFlow/SimpleEvoting/simple_evoting.Voter(simple_evoting.Voter__onSendBallot(simple_evoting.Server)).Non-interference contract.1.m.key 
138645     DEBUG main            d.u.i.k.p.i.KeYFile       Reading KeY file /home/runner/work/key/key/key.core/../key.ui/examples/InformationFlow/SimpleEvoting/simple_evoting.Voter(simple_evoting.Voter__onSendBallot(simple_evoting.Server)).Non-interference contract.1.m.key 
139699     DEBUG main            d.u.i.k.j.Recoder2KeY     converting now /home/runner/work/key/key/key.core/../key.ui/examples/InformationFlow/SimpleEvoting/src/simple_evoting/Voter.java 
139701     DEBUG main            d.u.i.k.j.Recoder2KeY     converting now /home/runner/work/key/key/key.core/../key.ui/examples/InformationFlow/SimpleEvoting/src/simple_evoting/NetworkClient.java 
139702     DEBUG main            d.u.i.k.j.Recoder2KeY     converting now /home/runner/work/key/key/key.core/../key.ui/examples/InformationFlow/SimpleEvoting/src/simple_evoting/SMT.java 
139702     DEBUG main            d.u.i.k.j.Recoder2KeY     converting now /home/runner/work/key/key/key.core/../key.ui/examples/InformationFlow/SimpleEvoting/src/simple_evoting/Environment.java 
139712     DEBUG main            d.u.i.k.j.Recoder2KeY     converting now /home/runner/work/key/key/key.core/../key.ui/examples/InformationFlow/SimpleEvoting/src/simple_evoting/Setup.java 
139713     DEBUG main            d.u.i.k.j.Recoder2KeY     converting now /home/runner/work/key/key/key.core/../key.ui/examples/InformationFlow/SimpleEvoting/src/simple_evoting/Server.java 
139720     DEBUG main            d.u.i.k.j.Recoder2KeY     converting now /home/runner/work/key/key/key.core/../key.ui/examples/InformationFlow/SimpleEvoting/src/simple_evoting/Message.java 
139720     DEBUG main            d.u.i.k.j.Recoder2KeY     converting now /home/runner/work/key/key/key.core/../key.ui/examples/InformationFlow/SimpleEvoting/src/simple_evoting/SMTEnv.java 
139725     DEBUG main            d.u.i.k.s.TermLabelSettings TermLabelSettings: Failure while reading the setting "UseOriginLabels".Using the default value: true.The string read was: null 
139726     DEBUG main            d.u.i.k.p.i.KeYFile       Reading KeY file file:/home/runner/work/key/key/key.core/build/resources/main/de/uka/ilkd/key/java/JavaRedux/java/lang/String.key 
141829     DEBUG main            d.u.i.k.p.i.KeYFile       Reading KeY file /home/runner/work/key/key/key.core/../key.ui/examples/InformationFlow/SimpleEvoting/simple_evoting.Voter(simple_evoting.Voter__onSendBallot(simple_evoting.Server)).Non-interference contract.1.m.key 
141830     DEBUG main            d.u.i.k.m.s.ProofScriptEngine 1: 'macro 'infflow-autopilot'' 
141881     DEBUG main            d.u.i.k.p.m.ProofCorrectnessMgt No justification found for rule Class_invariant_axiom_for_simple_evoting_Voter 
141885     DEBUG main            d.u.i.k.p.m.ProofCorrectnessMgt No justification found for rule Class_invariant_axiom_for_simple_evoting_Server 
141899     DEBUG main            d.u.i.k.j.TypeConverter   typeconverter: (prefix this;, class class de.uka.ilkd.key.java.reference.ThisReference) 
141903     DEBUG main            d.u.i.k.j.TypeConverter   typeconverter: (prefix this;, class class de.uka.ilkd.key.java.reference.ThisReference) 
141916     DEBUG main            d.u.i.k.r.m.MethodCall    method-call: called for Message.<createObject>(); 
141917     DEBUG main            d.u.i.k.r.m.MethodCall    method-call: invocation of static method detected 
141922     DEBUG main            d.u.i.k.r.m.MethodCall    method-call: called for Message.<allocate>(); 
141922     DEBUG main            d.u.i.k.r.m.MethodCall    method-call: invocation of static method detected 
141936     DEBUG main            d.u.i.k.j.TypeConverter   typeconverter: (prefix this;, class class de.uka.ilkd.key.java.reference.ThisReference) 
141940     DEBUG main            d.u.i.k.r.m.MethodCall    method-call: called for <prepareEnter>(); 
141941     DEBUG main            d.u.i.k.r.m.MethodCall    method-call: invocation of private method detected.Requires static resolving. 
141945     DEBUG main            d.u.i.k.r.m.MethodCall    method-call: called for super.<prepare>(); 
141945     DEBUG main            d.u.i.k.r.m.MethodCall    method-call: super invocation of method detected.Requires static resolving. 
141951     DEBUG main            d.u.i.k.j.TypeConverter   typeconverter: (prefix this;, class class de.uka.ilkd.key.java.reference.ThisReference) 
141956     DEBUG main            d.u.i.k.j.TypeConverter   typeconverter: (prefix this;, class class de.uka.ilkd.key.java.reference.ThisReference) 
141961     DEBUG main            d.u.i.k.j.TypeConverter   typeconverter: (prefix this;, class class de.uka.ilkd.key.java.reference.ThisReference) 
141992     DEBUG main            d.u.i.k.r.m.MethodCall    method-call: called for super.<init>(); 
141992     DEBUG main            d.u.i.k.r.m.MethodCall    method-call: super invocation of method detected.Requires static resolving. 
141998     DEBUG main            d.u.i.k.j.TypeConverter   typeconverter: (prefix this;, class class de.uka.ilkd.key.java.reference.ThisReference) 
142003     DEBUG main            d.u.i.k.j.TypeConverter   typeconverter: (prefix this;, class class de.uka.ilkd.key.java.reference.ThisReference) 
142018     DEBUG main            d.u.i.k.j.TypeConverter   typeconverter: (prefix this;, class class de.uka.ilkd.key.java.reference.ThisReference) 
142031     DEBUG main            d.u.i.k.j.TypeConverter   typeconverter: (prefix this;, class class de.uka.ilkd.key.java.reference.ThisReference) 
142463     DEBUG main            d.u.i.k.p.m.ProofCorrectnessMgt No justification found for rule Class_invariant_axiom_for_simple_evoting_Message 
142520     DEBUG main            d.u.i.k.p.m.ProofCorrectnessMgt No justification found for rule Class_invariant_axiom_for_simple_evoting_Message 
142602     DEBUG main            d.u.i.k.p.m.ProofCorrectnessMgt No justification found for rule Class_invariant_axiom_for_simple_evoting_Server 
142744     DEBUG main            d.u.i.k.p.m.ProofCorrectnessMgt No justification found for rule Class_invariant_axiom_for_simple_evoting_Server 
145399     DEBUG main            d.u.i.k.p.m.ProofCorrectnessMgt No justification found for rule JML_represents_clause_for_simple_evoting_Environment_rep 
145407     DEBUG main            d.u.i.k.p.m.ProofCorrectnessMgt No justification found for rule JML_represents_clause_for_simple_evoting_Environment_rep 
145476     DEBUG main            d.u.i.k.p.m.ProofCorrectnessMgt No justification found for rule JML_represents_clause_for_simple_evoting_Environment_rep 
145499     DEBUG main            d.u.i.k.p.m.ProofCorrectnessMgt No justification found for rule JML_represents_clause_for_simple_evoting_Environment_rep 
145514     DEBUG main            d.u.i.k.p.m.ProofCorrectnessMgt No justification found for rule JML_represents_clause_for_simple_evoting_Environment_rep 
145521     DEBUG main            d.u.i.k.p.m.ProofCorrectnessMgt No justification found for rule JML_represents_clause_for_simple_evoting_Environment_rep 
145537     DEBUG main            d.u.i.k.p.m.ProofCorrectnessMgt No justification found for rule JML_represents_clause_for_simple_evoting_Environment_rep 
145544     DEBUG main            d.u.i.k.p.m.ProofCorrectnessMgt No justification found for rule JML_represents_clause_for_simple_evoting_Environment_rep 
145566     DEBUG main            d.u.i.k.p.m.ProofCorrectnessMgt No justification found for rule JML_represents_clause_for_simple_evoting_Environment_rep 
145589     DEBUG main            d.u.i.k.p.m.ProofCorrectnessMgt No justification found for rule JML_represents_clause_for_simple_evoting_Environment_rep 
145596     DEBUG main            d.u.i.k.p.m.ProofCorrectnessMgt No justification found for rule JML_represents_clause_for_simple_evoting_Environment_rep 
145603     DEBUG main            d.u.i.k.p.m.ProofCorrectnessMgt No justification found for rule JML_represents_clause_for_simple_evoting_Environment_rep 
145618     DEBUG main            d.u.i.k.p.m.ProofCorrectnessMgt No justification found for rule JML_represents_clause_for_simple_evoting_Environment_rep 
145632     DEBUG main            d.u.i.k.p.m.ProofCorrectnessMgt No justification found for rule JML_represents_clause_for_simple_evoting_Environment_rep 
145645     DEBUG main            d.u.i.k.p.m.ProofCorrectnessMgt No justification found for rule Class_invariant_axiom_for_simple_evoting_Message 
145785     DEBUG main            d.u.i.k.p.m.ProofCorrectnessMgt No justification found for rule Class_invariant_axiom_for_simple_evoting_Server 
146026     DEBUG main            d.u.i.k.p.m.ProofCorrectnessMgt No justification found for rule Class_invariant_axiom_for_simple_evoting_Message 
146093     DEBUG main            d.u.i.k.p.m.ProofCorrectnessMgt No justification found for rule Class_invariant_axiom_for_simple_evoting_Server 
146445     DEBUG main            d.u.i.k.p.m.ProofCorrectnessMgt No justification found for rule Class_invariant_axiom_for_simple_evoting_Server 
146740     DEBUG main            d.u.i.k.p.m.ProofCorrectnessMgt No justification found for rule Class_invariant_axiom_for_simple_evoting_Message 
146865     DEBUG main            d.u.i.k.p.m.ProofCorrectnessMgt No justification found for rule Class_invariant_axiom_for_simple_evoting_Message 
146981     DEBUG main            d.u.i.k.p.m.ProofCorrectnessMgt No justification found for rule Class_invariant_axiom_for_simple_evoting_Message 
147155     DEBUG main            d.u.i.k.p.m.ProofCorrectnessMgt No justification found for rule Class_invariant_axiom_for_simple_evoting_Message 
147284     DEBUG main            d.u.i.k.p.m.ProofCorrectnessMgt No justification found for rule Class_invariant_axiom_for_simple_evoting_Message 
147406     DEBUG main            d.u.i.k.p.m.ProofCorrectnessMgt No justification found for rule Class_invariant_axiom_for_simple_evoting_Server 
147719     DEBUG main            d.u.i.k.p.m.ProofCorrectnessMgt No justification found for rule Class_invariant_axiom_for_simple_evoting_Server 
148066     DEBUG main            d.u.i.k.p.m.ProofCorrectnessMgt No justification found for rule Class_invariant_axiom_for_simple_evoting_Message 
148199     DEBUG main            d.u.i.k.p.m.ProofCorrectnessMgt No justification found for rule Class_invariant_axiom_for_simple_evoting_Server 
148486     DEBUG main            d.u.i.k.p.m.ProofCorrectnessMgt No justification found for rule Class_invariant_axiom_for_simple_evoting_Message 
148713     DEBUG main            d.u.i.k.p.m.ProofCorrectnessMgt No justification found for rule Class_invariant_axiom_for_simple_evoting_Message 
148825     DEBUG main            d.u.i.k.p.m.ProofCorrectnessMgt No justification found for rule Class_invariant_axiom_for_simple_evoting_Message 
148926     DEBUG main            d.u.i.k.p.m.ProofCorrectnessMgt No justification found for rule Class_invariant_axiom_for_simple_evoting_Server 
149291     DEBUG main            d.u.i.k.p.m.ProofCorrectnessMgt No justification found for rule Class_invariant_axiom_for_simple_evoting_Server 
149584     DEBUG main            d.u.i.k.p.m.ProofCorrectnessMgt No justification found for rule Class_invariant_axiom_for_simple_evoting_Message 
149682     DEBUG main            d.u.i.k.p.m.ProofCorrectnessMgt No justification found for rule Class_invariant_axiom_for_simple_evoting_Message 
149783     DEBUG main            d.u.i.k.p.m.ProofCorrectnessMgt No justification found for rule Class_invariant_axiom_for_simple_evoting_Message 
149904     DEBUG main            d.u.i.k.p.m.ProofCorrectnessMgt No justification found for rule Class_invariant_axiom_for_simple_evoting_Message 
150032     DEBUG main            d.u.i.k.p.m.ProofCorrectnessMgt No justification found for rule Class_invariant_axiom_for_simple_evoting_Server 
150376     DEBUG main            d.u.i.k.p.m.ProofCorrectnessMgt No justification found for rule Class_invariant_axiom_for_simple_evoting_Message 
150487     DEBUG main            d.u.i.k.p.m.ProofCorrectnessMgt No justification found for rule Class_invariant_axiom_for_simple_evoting_Server 
150725     DEBUG main            d.u.i.k.p.m.ProofCorrectnessMgt No justification found for rule Class_invariant_axiom_for_simple_evoting_Server 
150921     DEBUG main            d.u.i.k.p.m.ProofCorrectnessMgt No justification found for rule Class_invariant_axiom_for_simple_evoting_Message 
152454     DEBUG main            d.u.i.k.p.m.ProofCorrectnessMgt No justification found for rule Class_invariant_axiom_for_simple_evoting_Server 
152640     DEBUG main            d.u.i.k.p.m.ProofCorrectnessMgt No justification found for rule Class_invariant_axiom_for_simple_evoting_Server 
152864     DEBUG main            d.u.i.k.p.m.ProofCorrectnessMgt No justification found for rule Class_invariant_axiom_for_simple_evoting_Server 
153624     DEBUG main            d.u.i.k.p.m.ProofCorrectnessMgt No justification found for rule Class_invariant_axiom_for_simple_evoting_Message 
153682     DEBUG main            d.u.i.k.p.m.ProofCorrectnessMgt No justification found for rule Class_invariant_axiom_for_simple_evoting_Server 
159141     INFO  main            d.u.i.k.p.r.p.TestFile    ... finished proof: closed. 
159426     DEBUG main            d.u.i.k.s.TermLabelSettings TermLabelSettings: Failure while reading the setting "UseOriginLabels".Using the default value: true.The string read was: null 
159427     INFO  main            d.u.i.k.p.r.p.TestFile    Now processing file /home/runner/work/key/key/key.core/../key.ui/examples/InformationFlow/SimpleEvoting/simple_evoting.Voter(simple_evoting.Voter__onSendBallot(simple_evoting.Server)).Non-interference contract.0.m.key 
159427     DEBUG main            d.u.i.k.p.i.KeYFile       Reading KeY file /home/runner/work/key/key/key.core/../key.ui/examples/InformationFlow/SimpleEvoting/simple_evoting.Voter(simple_evoting.Voter__onSendBallot(simple_evoting.Server)).Non-interference contract.0.m.key 
160442     DEBUG main            d.u.i.k.j.Recoder2KeY     converting now /home/runner/work/key/key/key.core/../key.ui/examples/InformationFlow/SimpleEvoting/src/simple_evoting/Voter.java 
160445     DEBUG main            d.u.i.k.j.Recoder2KeY     converting now /home/runner/work/key/key/key.core/../key.ui/examples/InformationFlow/SimpleEvoting/src/simple_evoting/NetworkClient.java 
160446     DEBUG main            d.u.i.k.j.Recoder2KeY     converting now /home/runner/work/key/key/key.core/../key.ui/examples/InformationFlow/SimpleEvoting/src/simple_evoting/SMT.java 
160446     DEBUG main            d.u.i.k.j.Recoder2KeY     converting now /home/runner/work/key/key/key.core/../key.ui/examples/InformationFlow/SimpleEvoting/src/simple_evoting/Environment.java 
160447     DEBUG main            d.u.i.k.j.Recoder2KeY     converting now /home/runner/work/key/key/key.core/../key.ui/examples/InformationFlow/SimpleEvoting/src/simple_evoting/Setup.java 
160448     DEBUG main            d.u.i.k.j.Recoder2KeY     converting now /home/runner/work/key/key/key.core/../key.ui/examples/InformationFlow/SimpleEvoting/src/simple_evoting/Server.java 
160449     DEBUG main            d.u.i.k.j.Recoder2KeY     converting now /home/runner/work/key/key/key.core/../key.ui/examples/InformationFlow/SimpleEvoting/src/simple_evoting/Message.java 
160450     DEBUG main            d.u.i.k.j.Recoder2KeY     converting now /home/runner/work/key/key/key.core/../key.ui/examples/InformationFlow/SimpleEvoting/src/simple_evoting/SMTEnv.java 
160459     DEBUG main            d.u.i.k.s.TermLabelSettings TermLabelSettings: Failure while reading the setting "UseOriginLabels".Using the default value: true.The string read was: null 
160461     DEBUG main            d.u.i.k.p.i.KeYFile       Reading KeY file file:/home/runner/work/key/key/key.core/build/resources/main/de/uka/ilkd/key/java/JavaRedux/java/lang/String.key 
162573     DEBUG main            d.u.i.k.p.i.KeYFile       Reading KeY file /home/runner/work/key/key/key.core/../key.ui/examples/InformationFlow/SimpleEvoting/simple_evoting.Voter(simple_evoting.Voter__onSendBallot(simple_evoting.Server)).Non-interference contract.0.m.key 
162574     DEBUG main            d.u.i.k.m.s.ProofScriptEngine 1: 'macro 'infflow-autopilot'' 
162611     DEBUG main            d.u.i.k.p.m.ProofCorrectnessMgt No justification found for rule Class_invariant_axiom_for_simple_evoting_Voter 
162615     DEBUG main            d.u.i.k.p.m.ProofCorrectnessMgt No justification found for rule Class_invariant_axiom_for_simple_evoting_Server 
162628     DEBUG main            d.u.i.k.j.TypeConverter   typeconverter: (prefix this;, class class de.uka.ilkd.key.java.reference.ThisReference) 
162632     DEBUG main            d.u.i.k.j.TypeConverter   typeconverter: (prefix this;, class class de.uka.ilkd.key.java.reference.ThisReference) 
162644     DEBUG main            d.u.i.k.r.m.MethodCall    method-call: called for Message.<createObject>(); 
162645     DEBUG main            d.u.i.k.r.m.MethodCall    method-call: invocation of static method detected 
162650     DEBUG main            d.u.i.k.r.m.MethodCall    method-call: called for Message.<allocate>(); 
162650     DEBUG main            d.u.i.k.r.m.MethodCall    method-call: invocation of static method detected 
162663     DEBUG main            d.u.i.k.j.TypeConverter   typeconverter: (prefix this;, class class de.uka.ilkd.key.java.reference.ThisReference) 
162668     DEBUG main            d.u.i.k.r.m.MethodCall    method-call: called for <prepareEnter>(); 
162668     DEBUG main            d.u.i.k.r.m.MethodCall    method-call: invocation of private method detected.Requires static resolving. 
162672     DEBUG main            d.u.i.k.r.m.MethodCall    method-call: called for super.<prepare>(); 
162672     DEBUG main            d.u.i.k.r.m.MethodCall    method-call: super invocation of method detected.Requires static resolving. 
162677     DEBUG main            d.u.i.k.j.TypeConverter   typeconverter: (prefix this;, class class de.uka.ilkd.key.java.reference.ThisReference) 
162682     DEBUG main            d.u.i.k.j.TypeConverter   typeconverter: (prefix this;, class class de.uka.ilkd.key.java.reference.ThisReference) 
162688     DEBUG main            d.u.i.k.j.TypeConverter   typeconverter: (prefix this;, class class de.uka.ilkd.key.java.reference.ThisReference) 
162718     DEBUG main            d.u.i.k.r.m.MethodCall    method-call: called for super.<init>(); 
162719     DEBUG main            d.u.i.k.r.m.MethodCall    method-call: super invocation of method detected.Requires static resolving. 
162724     DEBUG main            d.u.i.k.j.TypeConverter   typeconverter: (prefix this;, class class de.uka.ilkd.key.java.reference.ThisReference) 
162729     DEBUG main            d.u.i.k.j.TypeConverter   typeconverter: (prefix this;, class class de.uka.ilkd.key.java.reference.ThisReference) 
162744     DEBUG main            d.u.i.k.j.TypeConverter   typeconverter: (prefix this;, class class de.uka.ilkd.key.java.reference.ThisReference) 
162756     DEBUG main            d.u.i.k.j.TypeConverter   typeconverter: (prefix this;, class class de.uka.ilkd.key.java.reference.ThisReference) 
163206     DEBUG main            d.u.i.k.p.m.ProofCorrectnessMgt No justification found for rule Class_invariant_axiom_for_simple_evoting_Server 
163358     DEBUG main            d.u.i.k.p.m.ProofCorrectnessMgt No justification found for rule Class_invariant_axiom_for_simple_evoting_Message 
163411     DEBUG main            d.u.i.k.p.m.ProofCorrectnessMgt No justification found for rule Class_invariant_axiom_for_simple_evoting_Message 
163458     DEBUG main            d.u.i.k.p.m.ProofCorrectnessMgt No justification found for rule Class_invariant_axiom_for_simple_evoting_Server 
166185     DEBUG main            d.u.i.k.p.m.ProofCorrectnessMgt No justification found for rule JML_represents_clause_for_simple_evoting_Environment_rep 
166193     DEBUG main            d.u.i.k.p.m.ProofCorrectnessMgt No justification found for rule JML_represents_clause_for_simple_evoting_Environment_rep 
166250     DEBUG main            d.u.i.k.p.m.ProofCorrectnessMgt No justification found for rule JML_represents_clause_for_simple_evoting_Environment_rep 
166275     DEBUG main            d.u.i.k.p.m.ProofCorrectnessMgt No justification found for rule JML_represents_clause_for_simple_evoting_Environment_rep 
166283     DEBUG main            d.u.i.k.p.m.ProofCorrectnessMgt No justification found for rule JML_represents_clause_for_simple_evoting_Environment_rep 
166299     DEBUG main            d.u.i.k.p.m.ProofCorrectnessMgt No justification found for rule JML_represents_clause_for_simple_evoting_Environment_rep 
166307     DEBUG main            d.u.i.k.p.m.ProofCorrectnessMgt No justification found for rule JML_represents_clause_for_simple_evoting_Environment_rep 
166322     DEBUG main            d.u.i.k.p.m.ProofCorrectnessMgt No justification found for rule JML_represents_clause_for_simple_evoting_Environment_rep 
166331     DEBUG main            d.u.i.k.p.m.ProofCorrectnessMgt No justification found for rule JML_represents_clause_for_simple_evoting_Environment_rep 
166346     DEBUG main            d.u.i.k.p.m.ProofCorrectnessMgt No justification found for rule JML_represents_clause_for_simple_evoting_Environment_rep 
166355     DEBUG main            d.u.i.k.p.m.ProofCorrectnessMgt No justification found for rule JML_represents_clause_for_simple_evoting_Environment_rep 
166378     DEBUG main            d.u.i.k.p.m.ProofCorrectnessMgt No justification found for rule JML_represents_clause_for_simple_evoting_Environment_rep 
166386     DEBUG main            d.u.i.k.p.m.ProofCorrectnessMgt No justification found for rule JML_represents_clause_for_simple_evoting_Environment_rep 
166401     DEBUG main            d.u.i.k.p.m.ProofCorrectnessMgt No justification found for rule JML_represents_clause_for_simple_evoting_Environment_rep 
166423     DEBUG main            d.u.i.k.p.m.ProofCorrectnessMgt No justification found for rule Class_invariant_axiom_for_simple_evoting_Server 
166796     DEBUG main            d.u.i.k.p.m.ProofCorrectnessMgt No justification found for rule Class_invariant_axiom_for_simple_evoting_Message 
166912     DEBUG main            d.u.i.k.p.m.ProofCorrectnessMgt No justification found for rule Class_invariant_axiom_for_simple_evoting_Message 
166989     DEBUG main            d.u.i.k.p.m.ProofCorrectnessMgt No justification found for rule Class_invariant_axiom_for_simple_evoting_Server 
167289     DEBUG main            d.u.i.k.p.m.ProofCorrectnessMgt No justification found for rule Class_invariant_axiom_for_simple_evoting_Server 
167609     DEBUG main            d.u.i.k.p.m.ProofCorrectnessMgt No justification found for rule Class_invariant_axiom_for_simple_evoting_Message 
167721     DEBUG main            d.u.i.k.p.m.ProofCorrectnessMgt No justification found for rule Class_invariant_axiom_for_simple_evoting_Server 
168046     DEBUG main            d.u.i.k.p.m.ProofCorrectnessMgt No justification found for rule Class_invariant_axiom_for_simple_evoting_Message 
168166     DEBUG main            d.u.i.k.p.m.ProofCorrectnessMgt No justification found for rule Class_invariant_axiom_for_simple_evoting_Server 
168517     DEBUG main            d.u.i.k.p.m.ProofCorrectnessMgt No justification found for rule Class_invariant_axiom_for_simple_evoting_Message 
168635     DEBUG main            d.u.i.k.p.m.ProofCorrectnessMgt No justification found for rule Class_invariant_axiom_for_simple_evoting_Server 
168959     DEBUG main            d.u.i.k.p.m.ProofCorrectnessMgt No justification found for rule Class_invariant_axiom_for_simple_evoting_Message 
169088     DEBUG main            d.u.i.k.p.m.ProofCorrectnessMgt No justification found for rule Class_invariant_axiom_for_simple_evoting_Message 
169267     DEBUG main            d.u.i.k.p.m.ProofCorrectnessMgt No justification found for rule Class_invariant_axiom_for_simple_evoting_Message 
169443     DEBUG main            d.u.i.k.p.m.ProofCorrectnessMgt No justification found for rule Class_invariant_axiom_for_simple_evoting_Message 
169651     DEBUG main            d.u.i.k.p.m.ProofCorrectnessMgt No justification found for rule Class_invariant_axiom_for_simple_evoting_Message 
169741     DEBUG main            d.u.i.k.p.m.ProofCorrectnessMgt No justification found for rule Class_invariant_axiom_for_simple_evoting_Server 
170066     DEBUG main            d.u.i.k.p.m.ProofCorrectnessMgt No justification found for rule Class_invariant_axiom_for_simple_evoting_Server 
170402     DEBUG main            d.u.i.k.p.m.ProofCorrectnessMgt No justification found for rule Class_invariant_axiom_for_simple_evoting_Message 
170530     DEBUG main            d.u.i.k.p.m.ProofCorrectnessMgt No justification found for rule Class_invariant_axiom_for_simple_evoting_Server 
170818     DEBUG main            d.u.i.k.p.m.ProofCorrectnessMgt No justification found for rule Class_invariant_axiom_for_simple_evoting_Message 
170926     DEBUG main            d.u.i.k.p.m.ProofCorrectnessMgt No justification found for rule Class_invariant_axiom_for_simple_evoting_Message 
171034     DEBUG main            d.u.i.k.p.m.ProofCorrectnessMgt No justification found for rule Class_invariant_axiom_for_simple_evoting_Message 
171146     DEBUG main            d.u.i.k.p.m.ProofCorrectnessMgt No justification found for rule Class_invariant_axiom_for_simple_evoting_Message 
171261     DEBUG main            d.u.i.k.p.m.ProofCorrectnessMgt No justification found for rule Class_invariant_axiom_for_simple_evoting_Message 
171396     DEBUG main            d.u.i.k.p.m.ProofCorrectnessMgt No justification found for rule Class_invariant_axiom_for_simple_evoting_Server 
171600     DEBUG main            d.u.i.k.p.m.ProofCorrectnessMgt No justification found for rule Class_invariant_axiom_for_simple_evoting_Server 
171898     DEBUG main            d.u.i.k.p.m.ProofCorrectnessMgt No justification found for rule Class_invariant_axiom_for_simple_evoting_Message 
173697     DEBUG main            d.u.i.k.p.m.ProofCorrectnessMgt No justification found for rule Class_invariant_axiom_for_simple_evoting_Server 
173930     DEBUG main            d.u.i.k.p.m.ProofCorrectnessMgt No justification found for rule Class_invariant_axiom_for_simple_evoting_Server 
174060     DEBUG main            d.u.i.k.p.m.ProofCorrectnessMgt No justification found for rule Class_invariant_axiom_for_simple_evoting_Server 
174844     DEBUG main            d.u.i.k.p.m.ProofCorrectnessMgt No justification found for rule Class_invariant_axiom_for_simple_evoting_Message 
174953     DEBUG main            d.u.i.k.p.m.ProofCorrectnessMgt No justification found for rule Class_invariant_axiom_for_simple_evoting_Server 
182888     INFO  main            d.u.i.k.p.r.p.TestFile    ... finished proof: closed. 
2977253    INFO  Test worker     d.u.i.k.p.r.RunAllProofsTestUnit Returning from test SimpleEvoting_fullmacro 
]]></system-out>
  <system-err><![CDATA[]]></system-err>
</testsuite>
