<?xml version="1.0" encoding="UTF-8"?>
<testsuite name="de.uka.ilkd.key.proof.runallproofs.RunAllProofsFunctional" tests="34" skipped="0" failures="0" errors="0" timestamp="2023-06-10T23:13:06" hostname="fv-az620-447" time="6172.632">
  <properties/>
  <testcase name="newBook" classname="de.uka.ilkd.key.proof.runallproofs.RunAllProofsFunctional" time="69.737"/>
  <testcase name="oldBook" classname="de.uka.ilkd.key.proof.runallproofs.RunAllProofsFunctional" time="20.04"/>
  <testcase name="comprehensions" classname="de.uka.ilkd.key.proof.runallproofs.RunAllProofsFunctional" time="78.615"/>
  <testcase name="performance" classname="de.uka.ilkd.key.proof.runallproofs.RunAllProofsFunctional" time="270.503"/>
  <testcase name="performancePOConstruction" classname="de.uka.ilkd.key.proof.runallproofs.RunAllProofsFunctional" time="90.303"/>
  <testcase name="applicationRestrictions" classname="de.uka.ilkd.key.proof.runallproofs.RunAllProofsFunctional" time="56.427"/>
  <testcase name="blockContracts" classname="de.uka.ilkd.key.proof.runallproofs.RunAllProofsFunctional" time="157.205"/>
  <testcase name="jmlAsserts" classname="de.uka.ilkd.key.proof.runallproofs.RunAllProofsFunctional" time="108.432"/>
  <testcase name="javaCard" classname="de.uka.ilkd.key.proof.runallproofs.RunAllProofsFunctional" time="150.949"/>
  <testcase name="list" classname="de.uka.ilkd.key.proof.runallproofs.RunAllProofsFunctional" time="301.392"/>
  <testcase name="list_ghost" classname="de.uka.ilkd.key.proof.runallproofs.RunAllProofsFunctional" time="82.115"/>
  <testcase name="list_recursive" classname="de.uka.ilkd.key.proof.runallproofs.RunAllProofsFunctional" time="25.968"/>
  <testcase name="list_seq" classname="de.uka.ilkd.key.proof.runallproofs.RunAllProofsFunctional" time="184.025"/>
  <testcase name="observer" classname="de.uka.ilkd.key.proof.runallproofs.RunAllProofsFunctional" time="111.021"/>
  <testcase name="removeDups" classname="de.uka.ilkd.key.proof.runallproofs.RunAllProofsFunctional" time="154.922"/>
  <testcase name="quicksort" classname="de.uka.ilkd.key.proof.runallproofs.RunAllProofsFunctional" time="130.451"/>
  <testcase name="simpleTests" classname="de.uka.ilkd.key.proof.runallproofs.RunAllProofsFunctional" time="181.309"/>
  <testcase name="SmansEtAl" classname="de.uka.ilkd.key.proof.runallproofs.RunAllProofsFunctional" time="234.918"/>
  <testcase name="VACID0" classname="de.uka.ilkd.key.proof.runallproofs.RunAllProofsFunctional" time="92.056"/>
  <testcase name="VSTTE10" classname="de.uka.ilkd.key.proof.runallproofs.RunAllProofsFunctional" time="216.509"/>
  <testcase name="WeideEtAl" classname="de.uka.ilkd.key.proof.runallproofs.RunAllProofsFunctional" time="33.214"/>
  <testcase name="arithmetic" classname="de.uka.ilkd.key.proof.runallproofs.RunAllProofsFunctional" time="579.865"/>
  <testcase name="arrays" classname="de.uka.ilkd.key.proof.runallproofs.RunAllProofsFunctional" time="69.071"/>
  <testcase name="javadl" classname="de.uka.ilkd.key.proof.runallproofs.RunAllProofsFunctional" time="714.349"/>
  <testcase name="FOL" classname="de.uka.ilkd.key.proof.runallproofs.RunAllProofsFunctional" time="326.399"/>
  <testcase name="strings" classname="de.uka.ilkd.key.proof.runallproofs.RunAllProofsFunctional" time="174.645"/>
  <testcase name="simple_info_flow" classname="de.uka.ilkd.key.proof.runallproofs.RunAllProofsFunctional" time="15.353"/>
  <testcase name="modelMethods" classname="de.uka.ilkd.key.proof.runallproofs.RunAllProofsFunctional" time="221.765"/>
  <testcase name="permissionHeap" classname="de.uka.ilkd.key.proof.runallproofs.RunAllProofsFunctional" time="971.546"/>
  <testcase name="completionScopes" classname="de.uka.ilkd.key.proof.runallproofs.RunAllProofsFunctional" time="58.869"/>
  <testcase name="reload_examples" classname="de.uka.ilkd.key.proof.runallproofs.RunAllProofsFunctional" time="47.559"/>
  <testcase name="proofLoadRepair" classname="de.uka.ilkd.key.proof.runallproofs.RunAllProofsFunctional" time="22.035"/>
  <testcase name="switch" classname="de.uka.ilkd.key.proof.runallproofs.RunAllProofsFunctional" time="72.73"/>
  <testcase name="redux" classname="de.uka.ilkd.key.proof.runallproofs.RunAllProofsFunctional" time="148.32"/>
  <system-out><![CDATA[666        INFO  Test worker     d.u.i.k.p.r.RunAllProofsTestUnit Running test newBook 
423        INFO  Timeout watchdog d.u.i.k.p.r.p.ForkedTestFileRunner Timeout watcher launched (2000 secs.) 
440        WARN  main            d.u.i.k.s.ProofSettings   No proof-settings could be loaded, using defaults java.io.FileNotFoundException: /home/runner/.key/proof-settings.props (No such file or directory)
	at java.base/java.io.FileInputStream.open0(Native Method)

476        INFO  main            d.u.i.k.p.r.p.TestFile    Now processing file /home/runner/work/key/key/key.core/../key.ui/examples/newBook/09.list_modelfield/ArrayList.add.key 
666        INFO  main            d.u.i.k.p.i.AbstractProblemLoader Loading environment from /home/runner/work/key/key/key.core/../key.ui/examples/newBook/09.list_modelfield/ArrayList.add.key 
686        DEBUG main            d.u.i.k.p.i.AbstractProblemLoader Environment load took 2.17ms 
954        INFO  main            d.u.i.k.p.i.AbstractProblemLoader Creating init config 
1953       DEBUG main            d.u.i.k.j.TypeConverter   No LDT found for Meta 
1954       DEBUG main            d.u.i.k.j.TypeConverter   No LDT found for Meta 
1956       DEBUG main            d.u.i.k.j.TypeConverter   No LDT found for Meta 
1956       DEBUG main            d.u.i.k.j.TypeConverter   No LDT found for Meta 
3492       DEBUG main            d.u.i.k.j.TypeConverter   No LDT found for JavaBigintExpression 
9643       DEBUG main            d.u.i.k.p.i.AbstractProblemLoader Init config took 8.69s 
9870       INFO  main            d.u.i.k.p.i.AbstractProblemLoader Replaying proof ArrayList[List::add(int)].JML normal_behavior operation contract.0 
9914       DEBUG main            d.u.i.k.p.i.IntermediateProofReplayer Proof replay took 37.1ns 
29525      INFO  main            d.u.i.k.p.r.p.TestFile    ... finished proof: closed. 
29778      INFO  main            d.u.i.k.p.i.AbstractProblemLoader Loading environment from /home/runner/work/key/key/key.core/../key.ui/examples/newBook/09.list_modelfield/ArrayList.add.key.proof 
29778      DEBUG main            d.u.i.k.p.i.AbstractProblemLoader Environment load took 204.31ns 
29784      INFO  main            d.u.i.k.p.i.AbstractProblemLoader Creating init config 
33057      DEBUG main            d.u.i.k.p.i.AbstractProblemLoader Init config took 3.27s 
33140      INFO  main            d.u.i.k.p.i.AbstractProblemLoader Replaying proof ArrayList[List::add(int)].JML normal_behavior operation contract.0 
34226      DEBUG main            d.u.i.k.p.i.IntermediateProofReplayer Proof replay took 1.01s 
34244      DEBUG main            d.u.i.k.p.r.p.TestFile    ... success: reloaded. 
34251      INFO  main            d.u.i.k.p.r.p.TestFile    Now processing file /home/runner/work/key/key/key.core/../key.ui/examples/newBook/09.list_modelfield/ArrayList.remFirst.key 
34252      INFO  main            d.u.i.k.p.i.AbstractProblemLoader Loading environment from /home/runner/work/key/key/key.core/../key.ui/examples/newBook/09.list_modelfield/ArrayList.remFirst.key 
34253      DEBUG main            d.u.i.k.p.i.AbstractProblemLoader Environment load took 678.92ns 
34257      INFO  main            d.u.i.k.p.i.AbstractProblemLoader Creating init config 
37707      DEBUG main            d.u.i.k.p.i.AbstractProblemLoader Init config took 3.45s 
37771      INFO  main            d.u.i.k.p.i.AbstractProblemLoader Replaying proof ArrayList[List::remFirst()].JML normal_behavior operation contract.0 
37773      DEBUG main            d.u.i.k.p.i.IntermediateProofReplayer Proof replay took 19.3ns 
42447      INFO  main            d.u.i.k.p.r.p.TestFile    ... finished proof: closed. 
42663      INFO  main            d.u.i.k.p.i.AbstractProblemLoader Loading environment from /home/runner/work/key/key/key.core/../key.ui/examples/newBook/09.list_modelfield/ArrayList.remFirst.key.proof 
42664      DEBUG main            d.u.i.k.p.i.AbstractProblemLoader Environment load took 903.43ns 
42666      INFO  main            d.u.i.k.p.i.AbstractProblemLoader Creating init config 
45977      DEBUG main            d.u.i.k.p.i.AbstractProblemLoader Init config took 3.31s 
46064      INFO  main            d.u.i.k.p.i.AbstractProblemLoader Replaying proof ArrayList[List::remFirst()].JML normal_behavior operation contract.0 
46533      DEBUG main            d.u.i.k.p.i.IntermediateProofReplayer Proof replay took 440.73ms 
46540      DEBUG main            d.u.i.k.p.r.p.TestFile    ... success: reloaded. 
46541      INFO  main            d.u.i.k.p.r.p.TestFile    Now processing file /home/runner/work/key/key/key.core/../key.ui/examples/newBook/09.list_modelfield/ArrayList.empty.key 
46541      INFO  main            d.u.i.k.p.i.AbstractProblemLoader Loading environment from /home/runner/work/key/key/key.core/../key.ui/examples/newBook/09.list_modelfield/ArrayList.empty.key 
46541      DEBUG main            d.u.i.k.p.i.AbstractProblemLoader Environment load took 86.2ns 
46542      INFO  main            d.u.i.k.p.i.AbstractProblemLoader Creating init config 
49670      DEBUG main            d.u.i.k.p.i.AbstractProblemLoader Init config took 3.13s 
49726      INFO  main            d.u.i.k.p.i.AbstractProblemLoader Replaying proof ArrayList[List::empty()].JML normal_behavior operation contract.0 
49729      DEBUG main            d.u.i.k.p.i.IntermediateProofReplayer Proof replay took 6.9ns 
50837      INFO  main            d.u.i.k.p.r.p.TestFile    ... finished proof: closed. 
51028      INFO  main            d.u.i.k.p.i.AbstractProblemLoader Loading environment from /home/runner/work/key/key/key.core/../key.ui/examples/newBook/09.list_modelfield/ArrayList.empty.key.proof 
51032      DEBUG main            d.u.i.k.p.i.AbstractProblemLoader Environment load took 4.57ms 
51036      INFO  main            d.u.i.k.p.i.AbstractProblemLoader Creating init config 
54168      DEBUG main            d.u.i.k.p.i.AbstractProblemLoader Init config took 3.13s 
54224      INFO  main            d.u.i.k.p.i.AbstractProblemLoader Replaying proof ArrayList[List::empty()].JML normal_behavior operation contract.0 
54316      DEBUG main            d.u.i.k.p.i.IntermediateProofReplayer Proof replay took 84.07ms 
54319      DEBUG main            d.u.i.k.p.r.p.TestFile    ... success: reloaded. 
54320      INFO  main            d.u.i.k.p.r.p.TestFile    Now processing file /home/runner/work/key/key/key.core/../key.ui/examples/newBook/09.list_modelfield/ArrayList.size.key 
54321      INFO  main            d.u.i.k.p.i.AbstractProblemLoader Loading environment from /home/runner/work/key/key/key.core/../key.ui/examples/newBook/09.list_modelfield/ArrayList.size.key 
54322      DEBUG main            d.u.i.k.p.i.AbstractProblemLoader Environment load took 633.02ns 
54323      INFO  main            d.u.i.k.p.i.AbstractProblemLoader Creating init config 
57451      DEBUG main            d.u.i.k.p.i.AbstractProblemLoader Init config took 3.13s 
57577      INFO  main            d.u.i.k.p.i.AbstractProblemLoader Replaying proof ArrayList[List::size()].JML normal_behavior operation contract.0 
57581      DEBUG main            d.u.i.k.p.i.IntermediateProofReplayer Proof replay took 6.2ns 
58089      INFO  main            d.u.i.k.p.r.p.TestFile    ... finished proof: closed. 
58281      INFO  main            d.u.i.k.p.i.AbstractProblemLoader Loading environment from /home/runner/work/key/key/key.core/../key.ui/examples/newBook/09.list_modelfield/ArrayList.size.key.proof 
58282      DEBUG main            d.u.i.k.p.i.AbstractProblemLoader Environment load took 962.73ns 
58284      INFO  main            d.u.i.k.p.i.AbstractProblemLoader Creating init config 
61446      DEBUG main            d.u.i.k.p.i.AbstractProblemLoader Init config took 3.16s 
61503      INFO  main            d.u.i.k.p.i.AbstractProblemLoader Replaying proof ArrayList[List::size()].JML normal_behavior operation contract.0 
61541      DEBUG main            d.u.i.k.p.i.IntermediateProofReplayer Proof replay took 34.17ms 
61542      DEBUG main            d.u.i.k.p.r.p.TestFile    ... success: reloaded. 
61543      INFO  main            d.u.i.k.p.r.p.TestFile    Now processing file /home/runner/work/key/key/key.core/../key.ui/examples/newBook/09.list_modelfield/ArrayList.get.key 
61543      INFO  main            d.u.i.k.p.i.AbstractProblemLoader Loading environment from /home/runner/work/key/key/key.core/../key.ui/examples/newBook/09.list_modelfield/ArrayList.get.key 
61543      DEBUG main            d.u.i.k.p.i.AbstractProblemLoader Environment load took 67.3ns 
61544      INFO  main            d.u.i.k.p.i.AbstractProblemLoader Creating init config 
64689      DEBUG main            d.u.i.k.p.i.AbstractProblemLoader Init config took 3.15s 
64750      INFO  main            d.u.i.k.p.i.AbstractProblemLoader Replaying proof ArrayList[List::get(int)].JML normal_behavior operation contract.0 
64751      DEBUG main            d.u.i.k.p.i.IntermediateProofReplayer Proof replay took 7.3ns 
65958      INFO  main            d.u.i.k.p.r.p.TestFile    ... finished proof: closed. 
66216      INFO  main            d.u.i.k.p.i.AbstractProblemLoader Loading environment from /home/runner/work/key/key/key.core/../key.ui/examples/newBook/09.list_modelfield/ArrayList.get.key.proof 
66217      DEBUG main            d.u.i.k.p.i.AbstractProblemLoader Environment load took 867.33ns 
66219      INFO  main            d.u.i.k.p.i.AbstractProblemLoader Creating init config 
69337      DEBUG main            d.u.i.k.p.i.AbstractProblemLoader Init config took 3.12s 
69390      INFO  main            d.u.i.k.p.i.AbstractProblemLoader Replaying proof ArrayList[List::get(int)].JML normal_behavior operation contract.0 
69460      DEBUG main            d.u.i.k.p.i.IntermediateProofReplayer Proof replay took 64.14ms 
69461      DEBUG main            d.u.i.k.p.r.p.TestFile    ... success: reloaded. 
70396      INFO  Test worker     d.u.i.k.p.r.RunAllProofsTestUnit Returning from test newBook 
70404      INFO  Test worker     d.u.i.k.p.r.RunAllProofsTestUnit Running test oldBook 
426        INFO  Timeout watchdog d.u.i.k.p.r.p.ForkedTestFileRunner Timeout watcher launched (2000 secs.) 
435        WARN  main            d.u.i.k.s.ProofSettings   The settings in /home/runner/.key/proof-settings.props are *not* read. 
478        INFO  main            d.u.i.k.p.r.p.TestFile    Now processing file /home/runner/work/key/key/key.core/../key.ui/examples/standard_key/BookExamples/02FirstOrderLogic/Ex2.58.key 
676        INFO  main            d.u.i.k.p.i.AbstractProblemLoader Loading environment from /home/runner/work/key/key/key.core/../key.ui/examples/standard_key/BookExamples/02FirstOrderLogic/Ex2.58.key 
702        DEBUG main            d.u.i.k.p.i.AbstractProblemLoader Environment load took 3.29ms 
989        INFO  main            d.u.i.k.p.i.AbstractProblemLoader Creating init config 
2193       DEBUG main            d.u.i.k.j.TypeConverter   No LDT found for Meta 
2194       DEBUG main            d.u.i.k.j.TypeConverter   No LDT found for Meta 
2197       DEBUG main            d.u.i.k.j.TypeConverter   No LDT found for Meta 
2199       DEBUG main            d.u.i.k.j.TypeConverter   No LDT found for Meta 
3887       DEBUG main            d.u.i.k.j.TypeConverter   No LDT found for JavaBigintExpression 
9325       DEBUG main            d.u.i.k.p.i.AbstractProblemLoader Init config took 8.34s 
9392       INFO  main            d.u.i.k.p.i.AbstractProblemLoader Replaying proof Ex2.58.key 
9431       DEBUG main            d.u.i.k.p.i.IntermediateProofReplayer Proof replay took 43ns 
9602       INFO  main            d.u.i.k.p.r.p.TestFile    ... finished proof: closed. 
9717       INFO  main            d.u.i.k.p.i.AbstractProblemLoader Loading environment from /home/runner/work/key/key/key.core/../key.ui/examples/standard_key/BookExamples/02FirstOrderLogic/Ex2.58.key.proof 
9720       DEBUG main            d.u.i.k.p.i.AbstractProblemLoader Environment load took 2.6ms 
9732       INFO  main            d.u.i.k.p.i.AbstractProblemLoader Creating init config 
13064      DEBUG main            d.u.i.k.p.i.AbstractProblemLoader Init config took 3.33s 
13109      INFO  main            d.u.i.k.p.i.AbstractProblemLoader Replaying proof Ex2.58.key.proof 
13117      DEBUG main            d.u.i.k.p.i.IntermediateProofReplayer Proof replay took 3.12ms 
13130      DEBUG main            d.u.i.k.p.r.p.TestFile    ... success: reloaded. 
13131      INFO  main            d.u.i.k.p.r.p.TestFile    Now processing file /home/runner/work/key/key/key.core/../key.ui/examples/standard_key/BookExamples/03DynamicLogic/Sect3.3.1.key 
13131      INFO  main            d.u.i.k.p.i.AbstractProblemLoader Loading environment from /home/runner/work/key/key/key.core/../key.ui/examples/standard_key/BookExamples/03DynamicLogic/Sect3.3.1.key 
13131      DEBUG main            d.u.i.k.p.i.AbstractProblemLoader Environment load took 122.3ns 
13133      INFO  main            d.u.i.k.p.i.AbstractProblemLoader Creating init config 
16032      DEBUG main            d.u.i.k.p.i.AbstractProblemLoader Init config took 2.9s 
16067      INFO  main            d.u.i.k.p.i.AbstractProblemLoader Replaying proof Sect3.3.1.key 
16072      DEBUG main            d.u.i.k.p.i.IntermediateProofReplayer Proof replay took 7.4ns 
16678      INFO  main            d.u.i.k.p.r.p.TestFile    ... finished proof: closed. 
16836      INFO  main            d.u.i.k.p.i.AbstractProblemLoader Loading environment from /home/runner/work/key/key/key.core/../key.ui/examples/standard_key/BookExamples/03DynamicLogic/Sect3.3.1.key.proof 
16838      DEBUG main            d.u.i.k.p.i.AbstractProblemLoader Environment load took 155.81ns 
16840      INFO  main            d.u.i.k.p.i.AbstractProblemLoader Creating init config 
19743      DEBUG main            d.u.i.k.p.i.AbstractProblemLoader Init config took 2.9s 
19774      INFO  main            d.u.i.k.p.i.AbstractProblemLoader Replaying proof Sect3.3.1.key.proof 
19837      DEBUG main            d.u.i.k.p.i.IntermediateProofReplayer Proof replay took 58.59ms 
19838      DEBUG main            d.u.i.k.p.r.p.TestFile    ... success: reloaded. 
90443      INFO  Test worker     d.u.i.k.p.r.RunAllProofsTestUnit Returning from test oldBook 
90446      INFO  Test worker     d.u.i.k.p.r.RunAllProofsTestUnit Running test comprehensions 
439        INFO  Timeout watchdog d.u.i.k.p.r.p.ForkedTestFileRunner Timeout watcher launched (2000 secs.) 
457        WARN  main            d.u.i.k.s.ProofSettings   The settings in /home/runner/.key/proof-settings.props are *not* read. 
494        INFO  main            d.u.i.k.p.r.p.TestFile    Now processing file /home/runner/work/key/key/key.core/../key.ui/examples/heap/comprehensions/general_sum.key 
614        INFO  main            d.u.i.k.p.i.AbstractProblemLoader Loading environment from /home/runner/work/key/key/key.core/../key.ui/examples/heap/comprehensions/general_sum.key 
637        DEBUG main            d.u.i.k.p.i.AbstractProblemLoader Environment load took 2.72ms 
959        INFO  main            d.u.i.k.p.i.AbstractProblemLoader Creating init config 
2054       DEBUG main            d.u.i.k.j.TypeConverter   No LDT found for Meta 
2054       DEBUG main            d.u.i.k.j.TypeConverter   No LDT found for Meta 
2058       DEBUG main            d.u.i.k.j.TypeConverter   No LDT found for Meta 
2058       DEBUG main            d.u.i.k.j.TypeConverter   No LDT found for Meta 
3815       DEBUG main            d.u.i.k.j.TypeConverter   No LDT found for JavaBigintExpression 
9489       DEBUG main            d.u.i.k.p.i.AbstractProblemLoader Init config took 8.53s 
9673       INFO  main            d.u.i.k.p.i.AbstractProblemLoader Replaying proof GSum[GSum::doNothing()].JML operation contract.0 
9719       DEBUG main            d.u.i.k.p.i.IntermediateProofReplayer Proof replay took 35.6ns 
10170      INFO  main            d.u.i.k.p.r.p.TestFile    ... finished proof: closed. 
10289      INFO  main            d.u.i.k.p.i.AbstractProblemLoader Loading environment from /home/runner/work/key/key/key.core/../key.ui/examples/heap/comprehensions/general_sum.key.proof 
10289      DEBUG main            d.u.i.k.p.i.AbstractProblemLoader Environment load took 168ns 
10295      INFO  main            d.u.i.k.p.i.AbstractProblemLoader Creating init config 
13818      DEBUG main            d.u.i.k.p.i.AbstractProblemLoader Init config took 3.52s 
13920      INFO  main            d.u.i.k.p.i.AbstractProblemLoader Replaying proof GSum[GSum::doNothing()].JML operation contract.0 
13956      DEBUG main            d.u.i.k.p.i.IntermediateProofReplayer Proof replay took 25.36ms 
13964      DEBUG main            d.u.i.k.p.r.p.TestFile    ... success: reloaded. 
13966      INFO  main            d.u.i.k.p.r.p.TestFile    Now processing file /home/runner/work/key/key/key.core/../key.ui/examples/heap/comprehensions/sum0.key 
13967      INFO  main            d.u.i.k.p.i.AbstractProblemLoader Loading environment from /home/runner/work/key/key/key.core/../key.ui/examples/heap/comprehensions/sum0.key 
13968      DEBUG main            d.u.i.k.p.i.AbstractProblemLoader Environment load took 520.22ns 
13970      INFO  main            d.u.i.k.p.i.AbstractProblemLoader Creating init config 
17209      DEBUG main            d.u.i.k.p.i.AbstractProblemLoader Init config took 3.24s 
17286      INFO  main            d.u.i.k.p.i.AbstractProblemLoader Replaying proof Sum[Sum::sum0([I)].JML normal_behavior operation contract.0 
17294      DEBUG main            d.u.i.k.p.i.IntermediateProofReplayer Proof replay took 7.5ns 
17423      DEBUG Thread-4        d.u.i.k.l.l.OriginTermLabel commonFileName is null! 
17424      DEBUG Thread-4        d.u.i.k.l.l.OriginTermLabel commonFileName is null! 
17748      DEBUG Thread-4        d.u.i.k.l.l.OriginTermLabel commonFileName is null! 
17749      DEBUG Thread-4        d.u.i.k.l.l.OriginTermLabel commonFileName is null! 
17934      DEBUG Thread-4        d.u.i.k.l.l.OriginTermLabel commonFileName is null! 
18113      INFO  main            d.u.i.k.p.r.p.TestFile    ... finished proof: closed. 
18266      INFO  main            d.u.i.k.p.i.AbstractProblemLoader Loading environment from /home/runner/work/key/key/key.core/../key.ui/examples/heap/comprehensions/sum0.key.proof 
18273      DEBUG main            d.u.i.k.p.i.AbstractProblemLoader Environment load took 6.43ms 
18275      INFO  main            d.u.i.k.p.i.AbstractProblemLoader Creating init config 
21536      DEBUG main            d.u.i.k.p.i.AbstractProblemLoader Init config took 3.26s 
21594      INFO  main            d.u.i.k.p.i.AbstractProblemLoader Replaying proof Sum[Sum::sum0([I)].JML normal_behavior operation contract.0 
21628      DEBUG main            d.u.i.k.l.l.OriginTermLabel commonFileName is null! 
21629      DEBUG main            d.u.i.k.l.l.OriginTermLabel commonFileName is null! 
21681      DEBUG main            d.u.i.k.l.l.OriginTermLabel commonFileName is null! 
21716      DEBUG main            d.u.i.k.l.l.OriginTermLabel commonFileName is null! 
21717      DEBUG main            d.u.i.k.l.l.OriginTermLabel commonFileName is null! 
21721      DEBUG main            d.u.i.k.p.i.IntermediateProofReplayer Proof replay took 121.29ms 
21723      DEBUG main            d.u.i.k.p.r.p.TestFile    ... success: reloaded. 
21725      INFO  main            d.u.i.k.p.r.p.TestFile    Now processing file /home/runner/work/key/key/key.core/../key.ui/examples/heap/comprehensions/sum1.key 
21725      INFO  main            d.u.i.k.p.i.AbstractProblemLoader Loading environment from /home/runner/work/key/key/key.core/../key.ui/examples/heap/comprehensions/sum1.key 
21726      DEBUG main            d.u.i.k.p.i.AbstractProblemLoader Environment load took 459.71ns 
21728      INFO  main            d.u.i.k.p.i.AbstractProblemLoader Creating init config 
24991      DEBUG main            d.u.i.k.p.i.AbstractProblemLoader Init config took 3.26s 
25047      INFO  main            d.u.i.k.p.i.AbstractProblemLoader Replaying proof Sum[Sum::sum1([I)].JML normal_behavior operation contract.0 
25050      DEBUG main            d.u.i.k.p.i.IntermediateProofReplayer Proof replay took 7.5ns 
25148      DEBUG Thread-7        d.u.i.k.l.l.OriginTermLabel commonFileName is null! 
25149      DEBUG Thread-7        d.u.i.k.l.l.OriginTermLabel commonFileName is null! 
25355      DEBUG Thread-7        d.u.i.k.l.l.OriginTermLabel commonFileName is null! 
25356      DEBUG Thread-7        d.u.i.k.l.l.OriginTermLabel commonFileName is null! 
25529      DEBUG Thread-7        d.u.i.k.l.l.OriginTermLabel commonFileName is null! 
25754      INFO  main            d.u.i.k.p.r.p.TestFile    ... finished proof: closed. 
25958      INFO  main            d.u.i.k.p.i.AbstractProblemLoader Loading environment from /home/runner/work/key/key/key.core/../key.ui/examples/heap/comprehensions/sum1.key.proof 
25961      DEBUG main            d.u.i.k.p.i.AbstractProblemLoader Environment load took 3.17ms 
25963      INFO  main            d.u.i.k.p.i.AbstractProblemLoader Creating init config 
29175      DEBUG main            d.u.i.k.p.i.AbstractProblemLoader Init config took 3.21s 
29239      INFO  main            d.u.i.k.p.i.AbstractProblemLoader Replaying proof Sum[Sum::sum1([I)].JML normal_behavior operation contract.0 
29271      DEBUG main            d.u.i.k.l.l.OriginTermLabel commonFileName is null! 
29273      DEBUG main            d.u.i.k.l.l.OriginTermLabel commonFileName is null! 
29316      DEBUG main            d.u.i.k.l.l.OriginTermLabel commonFileName is null! 
29347      DEBUG main            d.u.i.k.l.l.OriginTermLabel commonFileName is null! 
29350      DEBUG main            d.u.i.k.l.l.OriginTermLabel commonFileName is null! 
29353      DEBUG main            d.u.i.k.p.i.IntermediateProofReplayer Proof replay took 109.62ms 
29355      DEBUG main            d.u.i.k.p.r.p.TestFile    ... success: reloaded. 
29356      INFO  main            d.u.i.k.p.r.p.TestFile    Now processing file /home/runner/work/key/key/key.core/../key.ui/examples/heap/comprehensions/sum2.key 
29357      INFO  main            d.u.i.k.p.i.AbstractProblemLoader Loading environment from /home/runner/work/key/key/key.core/../key.ui/examples/heap/comprehensions/sum2.key 
29358      DEBUG main            d.u.i.k.p.i.AbstractProblemLoader Environment load took 411.51ns 
29359      INFO  main            d.u.i.k.p.i.AbstractProblemLoader Creating init config 
32480      DEBUG main            d.u.i.k.p.i.AbstractProblemLoader Init config took 3.12s 
32545      INFO  main            d.u.i.k.p.i.AbstractProblemLoader Replaying proof Sum[Sum::sum2([I)].JML normal_behavior operation contract.0 
32550      DEBUG main            d.u.i.k.p.i.IntermediateProofReplayer Proof replay took 8ns 
32631      DEBUG Thread-10       d.u.i.k.l.l.OriginTermLabel commonFileName is null! 
32631      DEBUG Thread-10       d.u.i.k.l.l.OriginTermLabel commonFileName is null! 
32790      DEBUG Thread-10       d.u.i.k.l.l.OriginTermLabel commonFileName is null! 
32791      DEBUG Thread-10       d.u.i.k.l.l.OriginTermLabel commonFileName is null! 
32926      DEBUG Thread-10       d.u.i.k.l.l.OriginTermLabel commonFileName is null! 
33154      INFO  main            d.u.i.k.p.r.p.TestFile    ... finished proof: closed. 
33333      INFO  main            d.u.i.k.p.i.AbstractProblemLoader Loading environment from /home/runner/work/key/key/key.core/../key.ui/examples/heap/comprehensions/sum2.key.proof 
33334      DEBUG main            d.u.i.k.p.i.AbstractProblemLoader Environment load took 1.42ms 
33336      INFO  main            d.u.i.k.p.i.AbstractProblemLoader Creating init config 
36510      DEBUG main            d.u.i.k.p.i.AbstractProblemLoader Init config took 3.17s 
36560      INFO  main            d.u.i.k.p.i.AbstractProblemLoader Replaying proof Sum[Sum::sum2([I)].JML normal_behavior operation contract.0 
36586      DEBUG main            d.u.i.k.l.l.OriginTermLabel commonFileName is null! 
36586      DEBUG main            d.u.i.k.l.l.OriginTermLabel commonFileName is null! 
36617      DEBUG main            d.u.i.k.l.l.OriginTermLabel commonFileName is null! 
36640      DEBUG main            d.u.i.k.l.l.OriginTermLabel commonFileName is null! 
36640      DEBUG main            d.u.i.k.l.l.OriginTermLabel commonFileName is null! 
36644      DEBUG main            d.u.i.k.p.i.IntermediateProofReplayer Proof replay took 80.04ms 
36645      DEBUG main            d.u.i.k.p.r.p.TestFile    ... success: reloaded. 
36646      INFO  main            d.u.i.k.p.r.p.TestFile    Now processing file /home/runner/work/key/key/key.core/../key.ui/examples/heap/comprehensions/sum3.key 
36646      INFO  main            d.u.i.k.p.i.AbstractProblemLoader Loading environment from /home/runner/work/key/key/key.core/../key.ui/examples/heap/comprehensions/sum3.key 
36646      DEBUG main            d.u.i.k.p.i.AbstractProblemLoader Environment load took 71.4ns 
36647      INFO  main            d.u.i.k.p.i.AbstractProblemLoader Creating init config 
39799      DEBUG main            d.u.i.k.p.i.AbstractProblemLoader Init config took 3.15s 
39870      INFO  main            d.u.i.k.p.i.AbstractProblemLoader Replaying proof Sum[Sum::sum3([I)].JML normal_behavior operation contract.0 
39872      DEBUG main            d.u.i.k.p.i.IntermediateProofReplayer Proof replay took 7.1ns 
39935      DEBUG Thread-13       d.u.i.k.l.l.OriginTermLabel commonFileName is null! 
39936      DEBUG Thread-13       d.u.i.k.l.l.OriginTermLabel commonFileName is null! 
40095      DEBUG Thread-13       d.u.i.k.l.l.OriginTermLabel commonFileName is null! 
40101      DEBUG Thread-13       d.u.i.k.l.l.OriginTermLabel commonFileName is null! 
40201      DEBUG Thread-13       d.u.i.k.l.l.OriginTermLabel commonFileName is null! 
40376      INFO  main            d.u.i.k.p.r.p.TestFile    ... finished proof: closed. 
40552      INFO  main            d.u.i.k.p.i.AbstractProblemLoader Loading environment from /home/runner/work/key/key/key.core/../key.ui/examples/heap/comprehensions/sum3.key.proof 
40553      DEBUG main            d.u.i.k.p.i.AbstractProblemLoader Environment load took 951.93ns 
40560      INFO  main            d.u.i.k.p.i.AbstractProblemLoader Creating init config 
43704      DEBUG main            d.u.i.k.p.i.AbstractProblemLoader Init config took 3.14s 
43764      INFO  main            d.u.i.k.p.i.AbstractProblemLoader Replaying proof Sum[Sum::sum3([I)].JML normal_behavior operation contract.0 
43798      DEBUG main            d.u.i.k.l.l.OriginTermLabel commonFileName is null! 
43800      DEBUG main            d.u.i.k.l.l.OriginTermLabel commonFileName is null! 
43839      DEBUG main            d.u.i.k.l.l.OriginTermLabel commonFileName is null! 
43861      DEBUG main            d.u.i.k.l.l.OriginTermLabel commonFileName is null! 
43861      DEBUG main            d.u.i.k.l.l.OriginTermLabel commonFileName is null! 
43863      DEBUG main            d.u.i.k.p.i.IntermediateProofReplayer Proof replay took 92.34ms 
43864      DEBUG main            d.u.i.k.p.r.p.TestFile    ... success: reloaded. 
43865      INFO  main            d.u.i.k.p.r.p.TestFile    Now processing file /home/runner/work/key/key/key.core/../key.ui/examples/heap/comprehensions/segsum.key 
43865      INFO  main            d.u.i.k.p.i.AbstractProblemLoader Loading environment from /home/runner/work/key/key/key.core/../key.ui/examples/heap/comprehensions/segsum.key 
43865      DEBUG main            d.u.i.k.p.i.AbstractProblemLoader Environment load took 70.1ns 
43866      INFO  main            d.u.i.k.p.i.AbstractProblemLoader Creating init config 
46973      DEBUG main            d.u.i.k.p.i.AbstractProblemLoader Init config took 3.11s 
47023      INFO  main            d.u.i.k.p.i.AbstractProblemLoader Replaying proof SegSum[SegSum::segSum([I,int,int)].JML normal_behavior operation contract.0 
47026      DEBUG main            d.u.i.k.p.i.IntermediateProofReplayer Proof replay took 16.1ns 
47530      INFO  main            d.u.i.k.p.r.p.TestFile    ... finished proof: closed. 
47782      INFO  main            d.u.i.k.p.i.AbstractProblemLoader Loading environment from /home/runner/work/key/key/key.core/../key.ui/examples/heap/comprehensions/segsum.key.proof 
47782      DEBUG main            d.u.i.k.p.i.AbstractProblemLoader Environment load took 851.23ns 
47784      INFO  main            d.u.i.k.p.i.AbstractProblemLoader Creating init config 
50807      DEBUG main            d.u.i.k.p.i.AbstractProblemLoader Init config took 3.02s 
50855      INFO  main            d.u.i.k.p.i.AbstractProblemLoader Replaying proof SegSum[SegSum::segSum([I,int,int)].JML normal_behavior operation contract.0 
50943      DEBUG main            d.u.i.k.p.i.IntermediateProofReplayer Proof replay took 83.53ms 
50945      DEBUG main            d.u.i.k.p.r.p.TestFile    ... success: reloaded. 
50947      INFO  main            d.u.i.k.p.r.p.TestFile    Now processing file /home/runner/work/key/key/key.core/../key.ui/examples/heap/comprehensions/bsum_negative.key 
50947      INFO  main            d.u.i.k.p.i.AbstractProblemLoader Loading environment from /home/runner/work/key/key/key.core/../key.ui/examples/heap/comprehensions/bsum_negative.key 
50948      DEBUG main            d.u.i.k.p.i.AbstractProblemLoader Environment load took 79.9ns 
50950      INFO  main            d.u.i.k.p.i.AbstractProblemLoader Creating init config 
53840      DEBUG main            d.u.i.k.p.i.AbstractProblemLoader Init config took 2.89s 
53860      INFO  main            d.u.i.k.p.i.AbstractProblemLoader Replaying proof bsum_negative.key 
53861      DEBUG main            d.u.i.k.p.i.IntermediateProofReplayer Proof replay took 7.5ns 
53965      INFO  main            d.u.i.k.p.r.p.TestFile    ... finished proof: closed. 
54156      INFO  main            d.u.i.k.p.i.AbstractProblemLoader Loading environment from /home/runner/work/key/key/key.core/../key.ui/examples/heap/comprehensions/bsum_negative.key.proof 
54156      DEBUG main            d.u.i.k.p.i.AbstractProblemLoader Environment load took 132.2ns 
54157      INFO  main            d.u.i.k.p.i.AbstractProblemLoader Creating init config 
56956      DEBUG main            d.u.i.k.p.i.AbstractProblemLoader Init config took 2.8s 
56977      INFO  main            d.u.i.k.p.i.AbstractProblemLoader Replaying proof bsum_negative.key.proof 
56981      DEBUG main            d.u.i.k.p.i.IntermediateProofReplayer Proof replay took 1.31ms 
56983      DEBUG main            d.u.i.k.p.r.p.TestFile    ... success: reloaded. 
56984      INFO  main            d.u.i.k.p.r.p.TestFile    Now processing file /home/runner/work/key/key/key.core/../key.ui/examples/heap/comprehensions/bsum_neg2.key 
56985      INFO  main            d.u.i.k.p.i.AbstractProblemLoader Loading environment from /home/runner/work/key/key/key.core/../key.ui/examples/heap/comprehensions/bsum_neg2.key 
56985      DEBUG main            d.u.i.k.p.i.AbstractProblemLoader Environment load took 358.91ns 
56986      INFO  main            d.u.i.k.p.i.AbstractProblemLoader Creating init config 
59872      DEBUG main            d.u.i.k.p.i.AbstractProblemLoader Init config took 2.89s 
59891      INFO  main            d.u.i.k.p.i.AbstractProblemLoader Replaying proof bsum_neg2.key 
59893      DEBUG main            d.u.i.k.p.i.IntermediateProofReplayer Proof replay took 7.7ns 
59996      INFO  main            d.u.i.k.p.r.p.TestFile    ... finished proof: closed. 
60186      INFO  main            d.u.i.k.p.i.AbstractProblemLoader Loading environment from /home/runner/work/key/key/key.core/../key.ui/examples/heap/comprehensions/bsum_neg2.key.proof 
60186      DEBUG main            d.u.i.k.p.i.AbstractProblemLoader Environment load took 137.4ns 
60187      INFO  main            d.u.i.k.p.i.AbstractProblemLoader Creating init config 
62988      DEBUG main            d.u.i.k.p.i.AbstractProblemLoader Init config took 2.8s 
63007      INFO  main            d.u.i.k.p.i.AbstractProblemLoader Replaying proof bsum_neg2.key.proof 
63010      DEBUG main            d.u.i.k.p.i.IntermediateProofReplayer Proof replay took 740.82ns 
63011      DEBUG main            d.u.i.k.p.r.p.TestFile    ... success: reloaded. 
63012      INFO  main            d.u.i.k.p.r.p.TestFile    Now processing file /home/runner/work/key/key/key.core/../key.ui/examples/heap/comprehensions/bsumSplit.key 
63012      INFO  main            d.u.i.k.p.i.AbstractProblemLoader Loading environment from /home/runner/work/key/key/key.core/../key.ui/examples/heap/comprehensions/bsumSplit.key 
63013      DEBUG main            d.u.i.k.p.i.AbstractProblemLoader Environment load took 355.01ns 
63014      INFO  main            d.u.i.k.p.i.AbstractProblemLoader Creating init config 
65894      DEBUG main            d.u.i.k.p.i.AbstractProblemLoader Init config took 2.88s 
65913      INFO  main            d.u.i.k.p.i.AbstractProblemLoader Replaying proof bsumSplit.key 
65914      DEBUG main            d.u.i.k.p.i.IntermediateProofReplayer Proof replay took 9.2ns 
66020      INFO  main            d.u.i.k.p.r.p.TestFile    ... finished proof: closed. 
66228      INFO  main            d.u.i.k.p.i.AbstractProblemLoader Loading environment from /home/runner/work/key/key/key.core/../key.ui/examples/heap/comprehensions/bsumSplit.key.proof 
66228      DEBUG main            d.u.i.k.p.i.AbstractProblemLoader Environment load took 126.9ns 
66229      INFO  main            d.u.i.k.p.i.AbstractProblemLoader Creating init config 
69045      DEBUG main            d.u.i.k.p.i.AbstractProblemLoader Init config took 2.82s 
69063      INFO  main            d.u.i.k.p.i.AbstractProblemLoader Replaying proof bsumSplit.key.proof 
69068      DEBUG main            d.u.i.k.p.i.IntermediateProofReplayer Proof replay took 3.19ms 
69069      DEBUG main            d.u.i.k.p.r.p.TestFile    ... success: reloaded. 
69070      INFO  main            d.u.i.k.p.r.p.TestFile    Now processing file /home/runner/work/key/key/key.core/../key.ui/examples/heap/comprehensions/bprodSplit.key 
69070      INFO  main            d.u.i.k.p.i.AbstractProblemLoader Loading environment from /home/runner/work/key/key/key.core/../key.ui/examples/heap/comprehensions/bprodSplit.key 
69071      DEBUG main            d.u.i.k.p.i.AbstractProblemLoader Environment load took 187.31ns 
69072      INFO  main            d.u.i.k.p.i.AbstractProblemLoader Creating init config 
71944      DEBUG main            d.u.i.k.p.i.AbstractProblemLoader Init config took 2.87s 
71962      INFO  main            d.u.i.k.p.i.AbstractProblemLoader Replaying proof bprodSplit.key 
71963      DEBUG main            d.u.i.k.p.i.IntermediateProofReplayer Proof replay took 8ns 
72068      INFO  main            d.u.i.k.p.r.p.TestFile    ... finished proof: closed. 
72303      INFO  main            d.u.i.k.p.i.AbstractProblemLoader Loading environment from /home/runner/work/key/key/key.core/../key.ui/examples/heap/comprehensions/bprodSplit.key.proof 
72303      DEBUG main            d.u.i.k.p.i.AbstractProblemLoader Environment load took 127.5ns 
72304      INFO  main            d.u.i.k.p.i.AbstractProblemLoader Creating init config 
75085      DEBUG main            d.u.i.k.p.i.AbstractProblemLoader Init config took 2.78s 
75104      INFO  main            d.u.i.k.p.i.AbstractProblemLoader Replaying proof bprodSplit.key.proof 
75108      DEBUG main            d.u.i.k.p.i.IntermediateProofReplayer Proof replay took 2.08ms 
75109      DEBUG main            d.u.i.k.p.r.p.TestFile    ... success: reloaded. 
75110      INFO  main            d.u.i.k.p.r.p.TestFile    Now processing file /home/runner/work/key/key/key.core/../key.ui/examples/heap/comprehensions/bsumSplitInvalid.key 
75111      INFO  main            d.u.i.k.p.i.AbstractProblemLoader Loading environment from /home/runner/work/key/key/key.core/../key.ui/examples/heap/comprehensions/bsumSplitInvalid.key 
75111      DEBUG main            d.u.i.k.p.i.AbstractProblemLoader Environment load took 368.51ns 
75112      INFO  main            d.u.i.k.p.i.AbstractProblemLoader Creating init config 
78018      DEBUG main            d.u.i.k.p.i.AbstractProblemLoader Init config took 2.91s 
78037      INFO  main            d.u.i.k.p.i.AbstractProblemLoader Replaying proof bsumSplitInvalid.key 
78045      DEBUG main            d.u.i.k.p.i.IntermediateProofReplayer Proof replay took 8.2ns 
78148      INFO  main            d.u.i.k.p.r.p.TestFile    ... finished proof: open goal(s) 
169055     INFO  Test worker     d.u.i.k.p.r.RunAllProofsTestUnit Returning from test comprehensions 
169063     INFO  Test worker     d.u.i.k.p.r.RunAllProofsTestUnit Running test performance 
448        INFO  Timeout watchdog d.u.i.k.p.r.p.ForkedTestFileRunner Timeout watcher launched (2000 secs.) 
464        WARN  main            d.u.i.k.s.ProofSettings   The settings in /home/runner/.key/proof-settings.props are *not* read. 
505        INFO  main            d.u.i.k.p.r.p.TestFile    Now processing file /home/runner/work/key/key/key.core/../key.ui/examples/performance-test/Disjoint(Disjoint__disjoint_08()).JML_operation_contract.0.key 
628        INFO  main            d.u.i.k.p.i.AbstractProblemLoader Loading environment from /home/runner/work/key/key/key.core/../key.ui/examples/performance-test/Disjoint(Disjoint__disjoint_08()).JML_operation_contract.0.key 
661        DEBUG main            d.u.i.k.p.i.AbstractProblemLoader Environment load took 2.71ms 
913        INFO  main            d.u.i.k.p.i.AbstractProblemLoader Creating init config 
2109       DEBUG main            d.u.i.k.j.TypeConverter   No LDT found for Meta 
2110       DEBUG main            d.u.i.k.j.TypeConverter   No LDT found for Meta 
2113       DEBUG main            d.u.i.k.j.TypeConverter   No LDT found for Meta 
2114       DEBUG main            d.u.i.k.j.TypeConverter   No LDT found for Meta 
3786       DEBUG main            d.u.i.k.j.TypeConverter   No LDT found for JavaBigintExpression 
11043      DEBUG main            d.u.i.k.j.r.ClassPreparationMethodBuilder clPrepBuilder: Inner Class detected. Reject building class initialisation methods. 
20741      DEBUG main            d.u.i.k.p.i.AbstractProblemLoader Init config took 19.83s 
20989      INFO  main            d.u.i.k.p.i.AbstractProblemLoader Replaying proof Disjoint[Disjoint::disjoint_8()].JML operation contract.0 
21064      DEBUG main            d.u.i.k.p.i.IntermediateProofReplayer Proof replay took 359.91ns 
24143      INFO  main            d.u.i.k.p.r.p.TestFile    ... finished proof: closed. 
24399      INFO  main            d.u.i.k.p.i.AbstractProblemLoader Loading environment from /home/runner/work/key/key/key.core/../key.ui/examples/performance-test/Disjoint(Disjoint__disjoint_08()).JML_operation_contract.0.key.proof 
24406      DEBUG main            d.u.i.k.p.i.AbstractProblemLoader Environment load took 6.46ms 
24408      INFO  main            d.u.i.k.p.i.AbstractProblemLoader Creating init config 
28426      DEBUG main            d.u.i.k.j.r.ClassPreparationMethodBuilder clPrepBuilder: Inner Class detected. Reject building class initialisation methods. 
37245      DEBUG main            d.u.i.k.p.i.AbstractProblemLoader Init config took 12.84s 
37357      INFO  main            d.u.i.k.p.i.AbstractProblemLoader Replaying proof Disjoint[Disjoint::disjoint_8()].JML operation contract.0 
37703      DEBUG main            d.u.i.k.p.i.IntermediateProofReplayer Proof replay took 333.52ms 
37714      DEBUG main            d.u.i.k.p.r.p.TestFile    ... success: reloaded. 
37717      INFO  main            d.u.i.k.p.r.p.TestFile    Now processing file /home/runner/work/key/key/key.core/../key.ui/examples/performance-test/Disjoint(Disjoint__disjoint2_08()).JML_operation_contract.0.key 
37718      INFO  main            d.u.i.k.p.i.AbstractProblemLoader Loading environment from /home/runner/work/key/key/key.core/../key.ui/examples/performance-test/Disjoint(Disjoint__disjoint2_08()).JML_operation_contract.0.key 
37719      DEBUG main            d.u.i.k.p.i.AbstractProblemLoader Environment load took 423.11ns 
37721      INFO  main            d.u.i.k.p.i.AbstractProblemLoader Creating init config 
41701      DEBUG main            d.u.i.k.j.r.ClassPreparationMethodBuilder clPrepBuilder: Inner Class detected. Reject building class initialisation methods. 
50471      DEBUG main            d.u.i.k.p.i.AbstractProblemLoader Init config took 12.75s 
50582      INFO  main            d.u.i.k.p.i.AbstractProblemLoader Replaying proof Disjoint[Disjoint::disjoint2_8()].JML operation contract.0 
50585      DEBUG main            d.u.i.k.p.i.IntermediateProofReplayer Proof replay took 22.8ns 
51704      INFO  main            d.u.i.k.p.r.p.TestFile    ... finished proof: closed. 
52091      INFO  main            d.u.i.k.p.i.AbstractProblemLoader Loading environment from /home/runner/work/key/key/key.core/../key.ui/examples/performance-test/Disjoint(Disjoint__disjoint2_08()).JML_operation_contract.0.key.proof 
52093      DEBUG main            d.u.i.k.p.i.AbstractProblemLoader Environment load took 1.22ms 
52095      INFO  main            d.u.i.k.p.i.AbstractProblemLoader Creating init config 
55947      DEBUG main            d.u.i.k.j.r.ClassPreparationMethodBuilder clPrepBuilder: Inner Class detected. Reject building class initialisation methods. 
64505      DEBUG main            d.u.i.k.p.i.AbstractProblemLoader Init config took 12.41s 
64642      INFO  main            d.u.i.k.p.i.AbstractProblemLoader Replaying proof Disjoint[Disjoint::disjoint2_8()].JML operation contract.0 
64732      DEBUG main            d.u.i.k.p.i.IntermediateProofReplayer Proof replay took 86.88ms 
64734      DEBUG main            d.u.i.k.p.r.p.TestFile    ... success: reloaded. 
64736      INFO  main            d.u.i.k.p.r.p.TestFile    Now processing file /home/runner/work/key/key/key.core/../key.ui/examples/performance-test/AccessChain1(AccessChain1__foo_08()).JML_operation_contract.0.key 
64736      INFO  main            d.u.i.k.p.i.AbstractProblemLoader Loading environment from /home/runner/work/key/key/key.core/../key.ui/examples/performance-test/AccessChain1(AccessChain1__foo_08()).JML_operation_contract.0.key 
64736      DEBUG main            d.u.i.k.p.i.AbstractProblemLoader Environment load took 67.9ns 
64737      INFO  main            d.u.i.k.p.i.AbstractProblemLoader Creating init config 
68461      DEBUG main            d.u.i.k.j.r.ClassPreparationMethodBuilder clPrepBuilder: Inner Class detected. Reject building class initialisation methods. 
76866      DEBUG main            d.u.i.k.p.i.AbstractProblemLoader Init config took 12.13s 
76972      INFO  main            d.u.i.k.p.i.AbstractProblemLoader Replaying proof AccessChain1[AccessChain1::foo_8()].JML operation contract.0 
76978      DEBUG main            d.u.i.k.p.i.IntermediateProofReplayer Proof replay took 14.8ns 
80103      INFO  main            d.u.i.k.p.r.p.TestFile    ... finished proof: closed. 
80533      INFO  main            d.u.i.k.p.i.AbstractProblemLoader Loading environment from /home/runner/work/key/key/key.core/../key.ui/examples/performance-test/AccessChain1(AccessChain1__foo_08()).JML_operation_contract.0.key.proof 
80538      DEBUG main            d.u.i.k.p.i.AbstractProblemLoader Environment load took 4.65ms 
80543      INFO  main            d.u.i.k.p.i.AbstractProblemLoader Creating init config 
84257      DEBUG main            d.u.i.k.j.r.ClassPreparationMethodBuilder clPrepBuilder: Inner Class detected. Reject building class initialisation methods. 
92752      DEBUG main            d.u.i.k.p.i.AbstractProblemLoader Init config took 12.21s 
92851      INFO  main            d.u.i.k.p.i.AbstractProblemLoader Replaying proof AccessChain1[AccessChain1::foo_8()].JML operation contract.0 
93323      DEBUG main            d.u.i.k.p.i.IntermediateProofReplayer Proof replay took 457.29ms 
93326      DEBUG main            d.u.i.k.p.r.p.TestFile    ... success: reloaded. 
93330      INFO  main            d.u.i.k.p.r.p.TestFile    Now processing file /home/runner/work/key/key/key.core/../key.ui/examples/performance-test/AccessChain4(AccessChain4__foo_08()).JML_operation_contract.0.key 
93330      INFO  main            d.u.i.k.p.i.AbstractProblemLoader Loading environment from /home/runner/work/key/key/key.core/../key.ui/examples/performance-test/AccessChain4(AccessChain4__foo_08()).JML_operation_contract.0.key 
93331      DEBUG main            d.u.i.k.p.i.AbstractProblemLoader Environment load took 387.81ns 
93332      INFO  main            d.u.i.k.p.i.AbstractProblemLoader Creating init config 
97086      DEBUG main            d.u.i.k.j.r.ClassPreparationMethodBuilder clPrepBuilder: Inner Class detected. Reject building class initialisation methods. 
105488     DEBUG main            d.u.i.k.p.i.AbstractProblemLoader Init config took 12.16s 
105625     INFO  main            d.u.i.k.p.i.AbstractProblemLoader Replaying proof AccessChain4[AccessChain4::foo_8()].JML operation contract.0 
105627     DEBUG main            d.u.i.k.p.i.IntermediateProofReplayer Proof replay took 12.3ns 
112994     INFO  main            d.u.i.k.p.r.p.TestFile    ... finished proof: closed. 
113441     INFO  main            d.u.i.k.p.i.AbstractProblemLoader Loading environment from /home/runner/work/key/key/key.core/../key.ui/examples/performance-test/AccessChain4(AccessChain4__foo_08()).JML_operation_contract.0.key.proof 
113453     DEBUG main            d.u.i.k.p.i.AbstractProblemLoader Environment load took 12.41ms 
113462     INFO  main            d.u.i.k.p.i.AbstractProblemLoader Creating init config 
117113     DEBUG main            d.u.i.k.j.r.ClassPreparationMethodBuilder clPrepBuilder: Inner Class detected. Reject building class initialisation methods. 
125516     DEBUG main            d.u.i.k.p.i.AbstractProblemLoader Init config took 12.05s 
125646     INFO  main            d.u.i.k.p.i.AbstractProblemLoader Replaying proof AccessChain4[AccessChain4::foo_8()].JML operation contract.0 
126464     DEBUG main            d.u.i.k.p.i.IntermediateProofReplayer Proof replay took 788ms 
126468     DEBUG main            d.u.i.k.p.r.p.TestFile    ... success: reloaded. 
126470     INFO  main            d.u.i.k.p.r.p.TestFile    Now processing file /home/runner/work/key/key/key.core/../key.ui/examples/performance-test/Disjoint(Disjoint__xZero_08()).JML_operation_contract.0.key 
126470     INFO  main            d.u.i.k.p.i.AbstractProblemLoader Loading environment from /home/runner/work/key/key/key.core/../key.ui/examples/performance-test/Disjoint(Disjoint__xZero_08()).JML_operation_contract.0.key 
126470     DEBUG main            d.u.i.k.p.i.AbstractProblemLoader Environment load took 278.21ns 
126472     INFO  main            d.u.i.k.p.i.AbstractProblemLoader Creating init config 
130218     DEBUG main            d.u.i.k.j.r.ClassPreparationMethodBuilder clPrepBuilder: Inner Class detected. Reject building class initialisation methods. 
138630     DEBUG main            d.u.i.k.p.i.AbstractProblemLoader Init config took 12.16s 
138727     INFO  main            d.u.i.k.p.i.AbstractProblemLoader Replaying proof Disjoint[Disjoint::xZero_8()].JML operation contract.0 
138729     DEBUG main            d.u.i.k.p.i.IntermediateProofReplayer Proof replay took 13.4ns 
139947     INFO  main            d.u.i.k.p.r.p.TestFile    ... finished proof: closed. 
140419     INFO  main            d.u.i.k.p.i.AbstractProblemLoader Loading environment from /home/runner/work/key/key/key.core/../key.ui/examples/performance-test/Disjoint(Disjoint__xZero_08()).JML_operation_contract.0.key.proof 
140424     DEBUG main            d.u.i.k.p.i.AbstractProblemLoader Environment load took 4.34ms 
140425     INFO  main            d.u.i.k.p.i.AbstractProblemLoader Creating init config 
143979     DEBUG main            d.u.i.k.j.r.ClassPreparationMethodBuilder clPrepBuilder: Inner Class detected. Reject building class initialisation methods. 
152237     DEBUG main            d.u.i.k.p.i.AbstractProblemLoader Init config took 11.81s 
152345     INFO  main            d.u.i.k.p.i.AbstractProblemLoader Replaying proof Disjoint[Disjoint::xZero_8()].JML operation contract.0 
152574     DEBUG main            d.u.i.k.p.i.IntermediateProofReplayer Proof replay took 221.21ms 
152576     DEBUG main            d.u.i.k.p.r.p.TestFile    ... success: reloaded. 
152578     INFO  main            d.u.i.k.p.r.p.TestFile    Now processing file /home/runner/work/key/key/key.core/../key.ui/examples/performance-test/Dynamic(Dynamic__foo_08()).JML_operation_contract.0.key 
152579     INFO  main            d.u.i.k.p.i.AbstractProblemLoader Loading environment from /home/runner/work/key/key/key.core/../key.ui/examples/performance-test/Dynamic(Dynamic__foo_08()).JML_operation_contract.0.key 
152579     DEBUG main            d.u.i.k.p.i.AbstractProblemLoader Environment load took 331.81ns 
152580     INFO  main            d.u.i.k.p.i.AbstractProblemLoader Creating init config 
156264     DEBUG main            d.u.i.k.j.r.ClassPreparationMethodBuilder clPrepBuilder: Inner Class detected. Reject building class initialisation methods. 
164570     DEBUG main            d.u.i.k.p.i.AbstractProblemLoader Init config took 11.99s 
164664     INFO  main            d.u.i.k.p.i.AbstractProblemLoader Replaying proof Dynamic[Dynamic::foo_8()].JML operation contract.0 
164666     DEBUG main            d.u.i.k.p.i.IntermediateProofReplayer Proof replay took 12.4ns 
170733     INFO  main            d.u.i.k.p.r.p.TestFile    ... finished proof: closed. 
171187     INFO  main            d.u.i.k.p.i.AbstractProblemLoader Loading environment from /home/runner/work/key/key/key.core/../key.ui/examples/performance-test/Dynamic(Dynamic__foo_08()).JML_operation_contract.0.key.proof 
171188     DEBUG main            d.u.i.k.p.i.AbstractProblemLoader Environment load took 428.91ns 
171190     INFO  main            d.u.i.k.p.i.AbstractProblemLoader Creating init config 
174886     DEBUG main            d.u.i.k.j.r.ClassPreparationMethodBuilder clPrepBuilder: Inner Class detected. Reject building class initialisation methods. 
183174     DEBUG main            d.u.i.k.p.i.AbstractProblemLoader Init config took 11.98s 
183272     INFO  main            d.u.i.k.p.i.AbstractProblemLoader Replaying proof Dynamic[Dynamic::foo_8()].JML operation contract.0 
183861     DEBUG main            d.u.i.k.p.i.IntermediateProofReplayer Proof replay took 563.87ms 
183863     DEBUG main            d.u.i.k.p.r.p.TestFile    ... success: reloaded. 
183865     INFO  main            d.u.i.k.p.r.p.TestFile    Now processing file /home/runner/work/key/key/key.core/../key.ui/examples/performance-test/DynamicGhost(DynamicGhost__dynamicGhost_08()).JML_normal_behavior_operation_contract.0.key 
183866     INFO  main            d.u.i.k.p.i.AbstractProblemLoader Loading environment from /home/runner/work/key/key/key.core/../key.ui/examples/performance-test/DynamicGhost(DynamicGhost__dynamicGhost_08()).JML_normal_behavior_operation_contract.0.key 
183866     DEBUG main            d.u.i.k.p.i.AbstractProblemLoader Environment load took 319.41ns 
183867     INFO  main            d.u.i.k.p.i.AbstractProblemLoader Creating init config 
187628     DEBUG main            d.u.i.k.j.r.ClassPreparationMethodBuilder clPrepBuilder: Inner Class detected. Reject building class initialisation methods. 
195980     DEBUG main            d.u.i.k.p.i.AbstractProblemLoader Init config took 12.11s 
196077     INFO  main            d.u.i.k.p.i.AbstractProblemLoader Replaying proof DynamicGhost[DynamicGhost::dynamicGhost_8()].JML normal_behavior operation contract.0 
196079     DEBUG main            d.u.i.k.p.i.IntermediateProofReplayer Proof replay took 12.6ns 
200831     INFO  main            d.u.i.k.p.r.p.TestFile    ... finished proof: closed. 
201351     INFO  main            d.u.i.k.p.i.AbstractProblemLoader Loading environment from /home/runner/work/key/key/key.core/../key.ui/examples/performance-test/DynamicGhost(DynamicGhost__dynamicGhost_08()).JML_normal_behavior_operation_contract.0.key.proof 
201352     DEBUG main            d.u.i.k.p.i.AbstractProblemLoader Environment load took 700.02ns 
201368     INFO  main            d.u.i.k.p.i.AbstractProblemLoader Creating init config 
205079     DEBUG main            d.u.i.k.j.r.ClassPreparationMethodBuilder clPrepBuilder: Inner Class detected. Reject building class initialisation methods. 
213574     DEBUG main            d.u.i.k.p.i.AbstractProblemLoader Init config took 12.21s 
213670     INFO  main            d.u.i.k.p.i.AbstractProblemLoader Replaying proof DynamicGhost[DynamicGhost::dynamicGhost_8()].JML normal_behavior operation contract.0 
214299     DEBUG main            d.u.i.k.p.i.IntermediateProofReplayer Proof replay took 598.07ms 
214302     DEBUG main            d.u.i.k.p.r.p.TestFile    ... success: reloaded. 
214304     INFO  main            d.u.i.k.p.r.p.TestFile    Now processing file /home/runner/work/key/key/key.core/../key.ui/examples/performance-test/GhostFrame(GhostFrame__foo_08()).JML_operation_contract.0.key 
214305     INFO  main            d.u.i.k.p.i.AbstractProblemLoader Loading environment from /home/runner/work/key/key/key.core/../key.ui/examples/performance-test/GhostFrame(GhostFrame__foo_08()).JML_operation_contract.0.key 
214307     DEBUG main            d.u.i.k.p.i.AbstractProblemLoader Environment load took 2.55ms 
214310     INFO  main            d.u.i.k.p.i.AbstractProblemLoader Creating init config 
218014     DEBUG main            d.u.i.k.j.r.ClassPreparationMethodBuilder clPrepBuilder: Inner Class detected. Reject building class initialisation methods. 
226447     DEBUG main            d.u.i.k.p.i.AbstractProblemLoader Init config took 12.14s 
226538     INFO  main            d.u.i.k.p.i.AbstractProblemLoader Replaying proof GhostFrame[GhostFrame::foo_8()].JML operation contract.0 
226540     DEBUG main            d.u.i.k.p.i.IntermediateProofReplayer Proof replay took 13.7ns 
228649     INFO  main            d.u.i.k.p.r.p.TestFile    ... finished proof: closed. 
229166     INFO  main            d.u.i.k.p.i.AbstractProblemLoader Loading environment from /home/runner/work/key/key/key.core/../key.ui/examples/performance-test/GhostFrame(GhostFrame__foo_08()).JML_operation_contract.0.key.proof 
229167     DEBUG main            d.u.i.k.p.i.AbstractProblemLoader Environment load took 660.42ns 
229169     INFO  main            d.u.i.k.p.i.AbstractProblemLoader Creating init config 
232788     DEBUG main            d.u.i.k.j.r.ClassPreparationMethodBuilder clPrepBuilder: Inner Class detected. Reject building class initialisation methods. 
241109     DEBUG main            d.u.i.k.p.i.AbstractProblemLoader Init config took 11.94s 
241199     INFO  main            d.u.i.k.p.i.AbstractProblemLoader Replaying proof GhostFrame[GhostFrame::foo_8()].JML operation contract.0 
241499     DEBUG main            d.u.i.k.p.i.IntermediateProofReplayer Proof replay took 288.61ms 
241500     DEBUG main            d.u.i.k.p.r.p.TestFile    ... success: reloaded. 
241502     INFO  main            d.u.i.k.p.r.p.TestFile    Now processing file /home/runner/work/key/key/key.core/../key.ui/examples/performance-test/Modelfield(Modelfield__foo_08()).JML_operation_contract.0.key 
241502     INFO  main            d.u.i.k.p.i.AbstractProblemLoader Loading environment from /home/runner/work/key/key/key.core/../key.ui/examples/performance-test/Modelfield(Modelfield__foo_08()).JML_operation_contract.0.key 
241502     DEBUG main            d.u.i.k.p.i.AbstractProblemLoader Environment load took 128.8ns 
241504     INFO  main            d.u.i.k.p.i.AbstractProblemLoader Creating init config 
245201     DEBUG main            d.u.i.k.j.r.ClassPreparationMethodBuilder clPrepBuilder: Inner Class detected. Reject building class initialisation methods. 
253686     DEBUG main            d.u.i.k.p.i.AbstractProblemLoader Init config took 12.18s 
253786     INFO  main            d.u.i.k.p.i.AbstractProblemLoader Replaying proof Modelfield[Modelfield::foo_8()].JML operation contract.0 
253787     DEBUG main            d.u.i.k.p.i.IntermediateProofReplayer Proof replay took 6.4ns 
257330     INFO  main            d.u.i.k.p.r.p.TestFile    ... finished proof: closed. 
257847     INFO  main            d.u.i.k.p.i.AbstractProblemLoader Loading environment from /home/runner/work/key/key/key.core/../key.ui/examples/performance-test/Modelfield(Modelfield__foo_08()).JML_operation_contract.0.key.proof 
257847     DEBUG main            d.u.i.k.p.i.AbstractProblemLoader Environment load took 643.52ns 
257850     INFO  main            d.u.i.k.p.i.AbstractProblemLoader Creating init config 
261409     DEBUG main            d.u.i.k.j.r.ClassPreparationMethodBuilder clPrepBuilder: Inner Class detected. Reject building class initialisation methods. 
269835     DEBUG main            d.u.i.k.p.i.AbstractProblemLoader Init config took 11.99s 
269925     INFO  main            d.u.i.k.p.i.AbstractProblemLoader Replaying proof Modelfield[Modelfield::foo_8()].JML operation contract.0 
270293     DEBUG main            d.u.i.k.p.i.IntermediateProofReplayer Proof replay took 351.61ms 
270297     DEBUG main            d.u.i.k.p.r.p.TestFile    ... success: reloaded. 
439563     INFO  Test worker     d.u.i.k.p.r.RunAllProofsTestUnit Returning from test performance 
439565     INFO  Test worker     d.u.i.k.p.r.RunAllProofsTestUnit Running test performancePOConstruction 
411        INFO  Timeout watchdog d.u.i.k.p.r.p.ForkedTestFileRunner Timeout watcher launched (2000 secs.) 
435        WARN  main            d.u.i.k.s.ProofSettings   The settings in /home/runner/.key/proof-settings.props are *not* read. 
490        INFO  main            d.u.i.k.p.r.p.TestFile    Now processing file /home/runner/work/key/key/key.core/../key.ui/examples/performance-test/Test(Test__a0(int)).JML_normal_behavior_operation_contract.0.key 
649        INFO  main            d.u.i.k.p.i.AbstractProblemLoader Loading environment from /home/runner/work/key/key/key.core/../key.ui/examples/performance-test/Test(Test__a0(int)).JML_normal_behavior_operation_contract.0.key 
671        DEBUG main            d.u.i.k.p.i.AbstractProblemLoader Environment load took 3.58ms 
962        INFO  main            d.u.i.k.p.i.AbstractProblemLoader Creating init config 
2123       DEBUG main            d.u.i.k.j.TypeConverter   No LDT found for Meta 
2123       DEBUG main            d.u.i.k.j.TypeConverter   No LDT found for Meta 
2127       DEBUG main            d.u.i.k.j.TypeConverter   No LDT found for Meta 
2128       DEBUG main            d.u.i.k.j.TypeConverter   No LDT found for Meta 
3607       DEBUG main            d.u.i.k.j.TypeConverter   No LDT found for JavaBigintExpression 
10826      DEBUG main            d.u.i.k.j.r.ClassPreparationMethodBuilder clPrepBuilder: Inner Class detected. Reject building class initialisation methods. 
20611      DEBUG main            d.u.i.k.p.i.AbstractProblemLoader Init config took 19.65s 
21807      INFO  main            d.u.i.k.p.i.AbstractProblemLoader Replaying proof Test[Test::a0(int)].JML normal_behavior operation contract.0 
21910      DEBUG main            d.u.i.k.p.i.IntermediateProofReplayer Proof replay took 39.6ns 
22367      INFO  main            d.u.i.k.p.r.p.TestFile    ... finished proof: closed. 
22586      INFO  main            d.u.i.k.p.i.AbstractProblemLoader Loading environment from /home/runner/work/key/key/key.core/../key.ui/examples/performance-test/Test(Test__a0(int)).JML_normal_behavior_operation_contract.0.key.proof 
22594      DEBUG main            d.u.i.k.p.i.AbstractProblemLoader Environment load took 7.55ms 
22599      INFO  main            d.u.i.k.p.i.AbstractProblemLoader Creating init config 
26452      DEBUG main            d.u.i.k.j.r.ClassPreparationMethodBuilder clPrepBuilder: Inner Class detected. Reject building class initialisation methods. 
35166      DEBUG main            d.u.i.k.p.i.AbstractProblemLoader Init config took 12.57s 
36166      INFO  main            d.u.i.k.p.i.AbstractProblemLoader Replaying proof Test[Test::a0(int)].JML normal_behavior operation contract.0 
36219      DEBUG main            d.u.i.k.p.i.IntermediateProofReplayer Proof replay took 43.77ms 
36237      DEBUG main            d.u.i.k.p.r.p.TestFile    ... success: reloaded. 
36239      INFO  main            d.u.i.k.p.r.p.TestFile    Now processing file /home/runner/work/key/key/key.core/../key.ui/examples/performance-test/Test(Test__a1(int)).JML_normal_behavior_operation_contract.0.key 
36240      INFO  main            d.u.i.k.p.i.AbstractProblemLoader Loading environment from /home/runner/work/key/key/key.core/../key.ui/examples/performance-test/Test(Test__a1(int)).JML_normal_behavior_operation_contract.0.key 
36240      DEBUG main            d.u.i.k.p.i.AbstractProblemLoader Environment load took 357.31ns 
36243      INFO  main            d.u.i.k.p.i.AbstractProblemLoader Creating init config 
40001      DEBUG main            d.u.i.k.j.r.ClassPreparationMethodBuilder clPrepBuilder: Inner Class detected. Reject building class initialisation methods. 
48488      DEBUG main            d.u.i.k.p.i.AbstractProblemLoader Init config took 12.25s 
49461      INFO  main            d.u.i.k.p.i.AbstractProblemLoader Replaying proof Test[Test::a1(int)].JML normal_behavior operation contract.0 
49464      DEBUG main            d.u.i.k.p.i.IntermediateProofReplayer Proof replay took 8.1ns 
49871      INFO  main            d.u.i.k.p.r.p.TestFile    ... finished proof: closed. 
50174      INFO  main            d.u.i.k.p.i.AbstractProblemLoader Loading environment from /home/runner/work/key/key/key.core/../key.ui/examples/performance-test/Test(Test__a1(int)).JML_normal_behavior_operation_contract.0.key.proof 
50174      DEBUG main            d.u.i.k.p.i.AbstractProblemLoader Environment load took 173.61ns 
50175      INFO  main            d.u.i.k.p.i.AbstractProblemLoader Creating init config 
53906      DEBUG main            d.u.i.k.j.r.ClassPreparationMethodBuilder clPrepBuilder: Inner Class detected. Reject building class initialisation methods. 
62343      DEBUG main            d.u.i.k.p.i.AbstractProblemLoader Init config took 12.17s 
63335      INFO  main            d.u.i.k.p.i.AbstractProblemLoader Replaying proof Test[Test::a1(int)].JML normal_behavior operation contract.0 
63394      DEBUG main            d.u.i.k.p.i.IntermediateProofReplayer Proof replay took 55.1ms 
63396      DEBUG main            d.u.i.k.p.r.p.TestFile    ... success: reloaded. 
63397      INFO  main            d.u.i.k.p.r.p.TestFile    Now processing file /home/runner/work/key/key/key.core/../key.ui/examples/performance-test/Test(Test__f1(int)).JML_normal_behavior_operation_contract.0.key 
63398      INFO  main            d.u.i.k.p.i.AbstractProblemLoader Loading environment from /home/runner/work/key/key/key.core/../key.ui/examples/performance-test/Test(Test__f1(int)).JML_normal_behavior_operation_contract.0.key 
63398      DEBUG main            d.u.i.k.p.i.AbstractProblemLoader Environment load took 281.91ns 
63399      INFO  main            d.u.i.k.p.i.AbstractProblemLoader Creating init config 
67049      DEBUG main            d.u.i.k.j.r.ClassPreparationMethodBuilder clPrepBuilder: Inner Class detected. Reject building class initialisation methods. 
75499      DEBUG main            d.u.i.k.p.i.AbstractProblemLoader Init config took 12.1s 
76489      INFO  main            d.u.i.k.p.i.AbstractProblemLoader Replaying proof Test[Test::f1(int)].JML normal_behavior operation contract.0 
76491      DEBUG main            d.u.i.k.p.i.IntermediateProofReplayer Proof replay took 7.3ns 
76794      INFO  main            d.u.i.k.p.r.p.TestFile    ... finished proof: closed. 
77103      INFO  main            d.u.i.k.p.i.AbstractProblemLoader Loading environment from /home/runner/work/key/key/key.core/../key.ui/examples/performance-test/Test(Test__f1(int)).JML_normal_behavior_operation_contract.0.key.proof 
77107      DEBUG main            d.u.i.k.p.i.AbstractProblemLoader Environment load took 3.28ms 
77108      INFO  main            d.u.i.k.p.i.AbstractProblemLoader Creating init config 
80784      DEBUG main            d.u.i.k.j.r.ClassPreparationMethodBuilder clPrepBuilder: Inner Class detected. Reject building class initialisation methods. 
89099      DEBUG main            d.u.i.k.p.i.AbstractProblemLoader Init config took 11.99s 
90052      INFO  main            d.u.i.k.p.i.AbstractProblemLoader Replaying proof Test[Test::f1(int)].JML normal_behavior operation contract.0 
90104      DEBUG main            d.u.i.k.p.i.IntermediateProofReplayer Proof replay took 48.76ms 
90106      DEBUG main            d.u.i.k.p.r.p.TestFile    ... success: reloaded. 
529866     INFO  Test worker     d.u.i.k.p.r.RunAllProofsTestUnit Returning from test performancePOConstruction 
529869     INFO  Test worker     d.u.i.k.p.r.RunAllProofsTestUnit Running test applicationRestrictions 
391        INFO  Timeout watchdog d.u.i.k.p.r.p.ForkedTestFileRunner Timeout watcher launched (2000 secs.) 
409        WARN  main            d.u.i.k.s.ProofSettings   The settings in /home/runner/.key/proof-settings.props are *not* read. 
469        INFO  main            d.u.i.k.p.r.p.TestFile    Now processing file /home/runner/work/key/key/key.core/../key.ui/examples/heap/polarity_tests/wellformed1.key 
618        INFO  main            d.u.i.k.p.i.AbstractProblemLoader Loading environment from /home/runner/work/key/key/key.core/../key.ui/examples/heap/polarity_tests/wellformed1.key 
646        DEBUG main            d.u.i.k.p.i.AbstractProblemLoader Environment load took 2.46ms 
964        INFO  main            d.u.i.k.p.i.AbstractProblemLoader Creating init config 
2167       DEBUG main            d.u.i.k.j.TypeConverter   No LDT found for Meta 
2168       DEBUG main            d.u.i.k.j.TypeConverter   No LDT found for Meta 
2172       DEBUG main            d.u.i.k.j.TypeConverter   No LDT found for Meta 
2173       DEBUG main            d.u.i.k.j.TypeConverter   No LDT found for Meta 
3739       DEBUG main            d.u.i.k.j.TypeConverter   No LDT found for JavaBigintExpression 
9665       DEBUG main            d.u.i.k.p.i.AbstractProblemLoader Init config took 8.7s 
9753       INFO  main            d.u.i.k.p.i.AbstractProblemLoader Replaying proof wellformed1.key 
9795       DEBUG main            d.u.i.k.p.i.IntermediateProofReplayer Proof replay took 38.9ns 
9965       INFO  main            d.u.i.k.p.r.p.TestFile    ... finished proof: closed. 
10071      INFO  main            d.u.i.k.p.i.AbstractProblemLoader Loading environment from /home/runner/work/key/key/key.core/../key.ui/examples/heap/polarity_tests/wellformed1.key.proof 
10071      DEBUG main            d.u.i.k.p.i.AbstractProblemLoader Environment load took 157.51ns 
10081      INFO  main            d.u.i.k.p.i.AbstractProblemLoader Creating init config 
13186      DEBUG main            d.u.i.k.p.i.AbstractProblemLoader Init config took 3.1s 
13215      INFO  main            d.u.i.k.p.i.AbstractProblemLoader Replaying proof wellformed1.key.proof 
13223      DEBUG main            d.u.i.k.p.i.IntermediateProofReplayer Proof replay took 2.44ms 
13237      DEBUG main            d.u.i.k.p.r.p.TestFile    ... success: reloaded. 
13244      INFO  main            d.u.i.k.p.r.p.TestFile    Now processing file /home/runner/work/key/key/key.core/../key.ui/examples/heap/polarity_tests/wellformed2.key 
13245      INFO  main            d.u.i.k.p.i.AbstractProblemLoader Loading environment from /home/runner/work/key/key/key.core/../key.ui/examples/heap/polarity_tests/wellformed2.key 
13245      DEBUG main            d.u.i.k.p.i.AbstractProblemLoader Environment load took 201.11ns 
13247      INFO  main            d.u.i.k.p.i.AbstractProblemLoader Creating init config 
16389      DEBUG main            d.u.i.k.p.i.AbstractProblemLoader Init config took 3.14s 
16420      INFO  main            d.u.i.k.p.i.AbstractProblemLoader Replaying proof wellformed2.key 
16424      DEBUG main            d.u.i.k.p.i.IntermediateProofReplayer Proof replay took 7.6ns 
16528      INFO  main            d.u.i.k.p.r.p.TestFile    ... finished proof: open goal(s) 
16666      INFO  main            d.u.i.k.p.r.p.TestFile    Now processing file /home/runner/work/key/key/key.core/../key.ui/examples/heap/polarity_tests/wellformed3.key 
16666      INFO  main            d.u.i.k.p.i.AbstractProblemLoader Loading environment from /home/runner/work/key/key/key.core/../key.ui/examples/heap/polarity_tests/wellformed3.key 
16666      DEBUG main            d.u.i.k.p.i.AbstractProblemLoader Environment load took 110.5ns 
16670      INFO  main            d.u.i.k.p.i.AbstractProblemLoader Creating init config 
19565      DEBUG main            d.u.i.k.p.i.AbstractProblemLoader Init config took 2.89s 
19590      INFO  main            d.u.i.k.p.i.AbstractProblemLoader Replaying proof wellformed3.key 
19592      DEBUG main            d.u.i.k.p.i.IntermediateProofReplayer Proof replay took 8ns 
19695      INFO  main            d.u.i.k.p.r.p.TestFile    ... finished proof: closed. 
19859      INFO  main            d.u.i.k.p.i.AbstractProblemLoader Loading environment from /home/runner/work/key/key/key.core/../key.ui/examples/heap/polarity_tests/wellformed3.key.proof 
19859      DEBUG main            d.u.i.k.p.i.AbstractProblemLoader Environment load took 158.31ns 
19863      INFO  main            d.u.i.k.p.i.AbstractProblemLoader Creating init config 
22808      DEBUG main            d.u.i.k.p.i.AbstractProblemLoader Init config took 2.94s 
22832      INFO  main            d.u.i.k.p.i.AbstractProblemLoader Replaying proof wellformed3.key.proof 
22837      DEBUG main            d.u.i.k.p.i.IntermediateProofReplayer Proof replay took 1.87ms 
22838      DEBUG main            d.u.i.k.p.r.p.TestFile    ... success: reloaded. 
22839      INFO  main            d.u.i.k.p.r.p.TestFile    Now processing file /home/runner/work/key/key/key.core/../key.ui/examples/heap/polarity_tests/wellformed4.key 
22840      INFO  main            d.u.i.k.p.i.AbstractProblemLoader Loading environment from /home/runner/work/key/key/key.core/../key.ui/examples/heap/polarity_tests/wellformed4.key 
22840      DEBUG main            d.u.i.k.p.i.AbstractProblemLoader Environment load took 292.01ns 
22842      INFO  main            d.u.i.k.p.i.AbstractProblemLoader Creating init config 
25718      DEBUG main            d.u.i.k.p.i.AbstractProblemLoader Init config took 2.88s 
25743      INFO  main            d.u.i.k.p.i.AbstractProblemLoader Replaying proof wellformed4.key 
25744      DEBUG main            d.u.i.k.p.i.IntermediateProofReplayer Proof replay took 7.7ns 
25852      INFO  main            d.u.i.k.p.r.p.TestFile    ... finished proof: open goal(s) 
26015      INFO  main            d.u.i.k.p.r.p.TestFile    Now processing file /home/runner/work/key/key/key.core/../key.ui/examples/heap/polarity_tests/wellformed5.key 
26015      INFO  main            d.u.i.k.p.i.AbstractProblemLoader Loading environment from /home/runner/work/key/key/key.core/../key.ui/examples/heap/polarity_tests/wellformed5.key 
26015      DEBUG main            d.u.i.k.p.i.AbstractProblemLoader Environment load took 126.7ns 
26017      INFO  main            d.u.i.k.p.i.AbstractProblemLoader Creating init config 
28861      DEBUG main            d.u.i.k.p.i.AbstractProblemLoader Init config took 2.84s 
28883      INFO  main            d.u.i.k.p.i.AbstractProblemLoader Replaying proof wellformed5.key 
28885      DEBUG main            d.u.i.k.p.i.IntermediateProofReplayer Proof replay took 8.6ns 
28991      INFO  main            d.u.i.k.p.r.p.TestFile    ... finished proof: closed. 
29143      INFO  main            d.u.i.k.p.i.AbstractProblemLoader Loading environment from /home/runner/work/key/key/key.core/../key.ui/examples/heap/polarity_tests/wellformed5.key.proof 
29143      DEBUG main            d.u.i.k.p.i.AbstractProblemLoader Environment load took 136.31ns 
29145      INFO  main            d.u.i.k.p.i.AbstractProblemLoader Creating init config 
31963      DEBUG main            d.u.i.k.p.i.AbstractProblemLoader Init config took 2.82s 
31985      INFO  main            d.u.i.k.p.i.AbstractProblemLoader Replaying proof wellformed5.key.proof 
31988      DEBUG main            d.u.i.k.p.i.IntermediateProofReplayer Proof replay took 985.43ns 
31989      DEBUG main            d.u.i.k.p.r.p.TestFile    ... success: reloaded. 
31990      INFO  main            d.u.i.k.p.r.p.TestFile    Now processing file /home/runner/work/key/key/key.core/../key.ui/examples/heap/polarity_tests/wellformed6.key 
31990      INFO  main            d.u.i.k.p.i.AbstractProblemLoader Loading environment from /home/runner/work/key/key/key.core/../key.ui/examples/heap/polarity_tests/wellformed6.key 
31990      DEBUG main            d.u.i.k.p.i.AbstractProblemLoader Environment load took 124.5ns 
31992      INFO  main            d.u.i.k.p.i.AbstractProblemLoader Creating init config 
34796      DEBUG main            d.u.i.k.p.i.AbstractProblemLoader Init config took 2.8s 
34817      INFO  main            d.u.i.k.p.i.AbstractProblemLoader Replaying proof wellformed6.key 
34819      DEBUG main            d.u.i.k.p.i.IntermediateProofReplayer Proof replay took 8.3ns 
34922      INFO  main            d.u.i.k.p.r.p.TestFile    ... finished proof: open goal(s) 
35098      INFO  main            d.u.i.k.p.r.p.TestFile    Now processing file /home/runner/work/key/key/key.core/../key.ui/examples/heap/polarity_tests/wellformed7.key 
35098      INFO  main            d.u.i.k.p.i.AbstractProblemLoader Loading environment from /home/runner/work/key/key/key.core/../key.ui/examples/heap/polarity_tests/wellformed7.key 
35099      DEBUG main            d.u.i.k.p.i.AbstractProblemLoader Environment load took 119.2ns 
35100      INFO  main            d.u.i.k.p.i.AbstractProblemLoader Creating init config 
37900      DEBUG main            d.u.i.k.p.i.AbstractProblemLoader Init config took 2.8s 
37921      INFO  main            d.u.i.k.p.i.AbstractProblemLoader Replaying proof wellformed7.key 
37925      DEBUG main            d.u.i.k.p.i.IntermediateProofReplayer Proof replay took 8.5ns 
38031      INFO  main            d.u.i.k.p.r.p.TestFile    ... finished proof: closed. 
38181      INFO  main            d.u.i.k.p.i.AbstractProblemLoader Loading environment from /home/runner/work/key/key/key.core/../key.ui/examples/heap/polarity_tests/wellformed7.key.proof 
38181      DEBUG main            d.u.i.k.p.i.AbstractProblemLoader Environment load took 135.3ns 
38182      INFO  main            d.u.i.k.p.i.AbstractProblemLoader Creating init config 
41026      DEBUG main            d.u.i.k.p.i.AbstractProblemLoader Init config took 2.84s 
41046      INFO  main            d.u.i.k.p.i.AbstractProblemLoader Replaying proof wellformed7.key.proof 
41050      DEBUG main            d.u.i.k.p.i.IntermediateProofReplayer Proof replay took 1.51ms 
41051      DEBUG main            d.u.i.k.p.r.p.TestFile    ... success: reloaded. 
41052      INFO  main            d.u.i.k.p.r.p.TestFile    Now processing file /home/runner/work/key/key/key.core/../key.ui/examples/heap/polarity_tests/wellformed8.key 
41053      INFO  main            d.u.i.k.p.i.AbstractProblemLoader Loading environment from /home/runner/work/key/key/key.core/../key.ui/examples/heap/polarity_tests/wellformed8.key 
41053      DEBUG main            d.u.i.k.p.i.AbstractProblemLoader Environment load took 286.91ns 
41054      INFO  main            d.u.i.k.p.i.AbstractProblemLoader Creating init config 
43882      DEBUG main            d.u.i.k.p.i.AbstractProblemLoader Init config took 2.83s 
43902      INFO  main            d.u.i.k.p.i.AbstractProblemLoader Replaying proof wellformed8.key 
43904      DEBUG main            d.u.i.k.p.i.IntermediateProofReplayer Proof replay took 8.6ns 
44008      INFO  main            d.u.i.k.p.r.p.TestFile    ... finished proof: open goal(s) 
44184      INFO  main            d.u.i.k.p.r.p.TestFile    Now processing file /home/runner/work/key/key/key.core/../key.ui/examples/heap/polarity_tests/wellformed9.key 
44184      INFO  main            d.u.i.k.p.i.AbstractProblemLoader Loading environment from /home/runner/work/key/key/key.core/../key.ui/examples/heap/polarity_tests/wellformed9.key 
44184      DEBUG main            d.u.i.k.p.i.AbstractProblemLoader Environment load took 97ns 
44187      INFO  main            d.u.i.k.p.i.AbstractProblemLoader Creating init config 
46955      DEBUG main            d.u.i.k.p.i.AbstractProblemLoader Init config took 2.77s 
46975      INFO  main            d.u.i.k.p.i.AbstractProblemLoader Replaying proof wellformed9.key 
46976      DEBUG main            d.u.i.k.p.i.IntermediateProofReplayer Proof replay took 8.6ns 
47079      INFO  main            d.u.i.k.p.r.p.TestFile    ... finished proof: closed. 
47256      INFO  main            d.u.i.k.p.i.AbstractProblemLoader Loading environment from /home/runner/work/key/key/key.core/../key.ui/examples/heap/polarity_tests/wellformed9.key.proof 
47257      DEBUG main            d.u.i.k.p.i.AbstractProblemLoader Environment load took 137.9ns 
47259      INFO  main            d.u.i.k.p.i.AbstractProblemLoader Creating init config 
50023      DEBUG main            d.u.i.k.p.i.AbstractProblemLoader Init config took 2.76s 
50048      INFO  main            d.u.i.k.p.i.AbstractProblemLoader Replaying proof wellformed9.key.proof 
50054      DEBUG main            d.u.i.k.p.i.IntermediateProofReplayer Proof replay took 4.29ms 
50056      DEBUG main            d.u.i.k.p.r.p.TestFile    ... success: reloaded. 
50057      INFO  main            d.u.i.k.p.r.p.TestFile    Now processing file /home/runner/work/key/key/key.core/../key.ui/examples/heap/polarity_tests/wellformed10.key 
50058      INFO  main            d.u.i.k.p.i.AbstractProblemLoader Loading environment from /home/runner/work/key/key/key.core/../key.ui/examples/heap/polarity_tests/wellformed10.key 
50058      DEBUG main            d.u.i.k.p.i.AbstractProblemLoader Environment load took 386.71ns 
50061      INFO  main            d.u.i.k.p.i.AbstractProblemLoader Creating init config 
52866      DEBUG main            d.u.i.k.p.i.AbstractProblemLoader Init config took 2.81s 
52885      INFO  main            d.u.i.k.p.i.AbstractProblemLoader Replaying proof wellformed10.key 
52887      DEBUG main            d.u.i.k.p.i.IntermediateProofReplayer Proof replay took 8.8ns 
52989      INFO  main            d.u.i.k.p.r.p.TestFile    ... finished proof: open goal(s) 
53196      INFO  main            d.u.i.k.p.r.p.TestFile    Now processing file /home/runner/work/key/key/key.core/../key.ui/examples/heap/polarity_tests/wellformed11.key 
53196      INFO  main            d.u.i.k.p.i.AbstractProblemLoader Loading environment from /home/runner/work/key/key/key.core/../key.ui/examples/heap/polarity_tests/wellformed11.key 
53196      DEBUG main            d.u.i.k.p.i.AbstractProblemLoader Environment load took 85.5ns 
53198      INFO  main            d.u.i.k.p.i.AbstractProblemLoader Creating init config 
55938      DEBUG main            d.u.i.k.p.i.AbstractProblemLoader Init config took 2.74s 
55956      INFO  main            d.u.i.k.p.i.AbstractProblemLoader Replaying proof wellformed11.key 
55958      DEBUG main            d.u.i.k.p.i.IntermediateProofReplayer Proof replay took 8.3ns 
56063      INFO  main            d.u.i.k.p.r.p.TestFile    ... finished proof: open goal(s) 
586295     INFO  Test worker     d.u.i.k.p.r.RunAllProofsTestUnit Returning from test applicationRestrictions 
586296     INFO  Test worker     d.u.i.k.p.r.RunAllProofsTestUnit Running test blockContracts 
405        INFO  Timeout watchdog d.u.i.k.p.r.p.ForkedTestFileRunner Timeout watcher launched (2000 secs.) 
428        WARN  main            d.u.i.k.s.ProofSettings   The settings in /home/runner/.key/proof-settings.props are *not* read. 
469        INFO  main            d.u.i.k.p.r.p.TestFile    Now processing file /home/runner/work/key/key/key.core/../key.ui/examples/heap/block_contracts/Simple__add.key 
628        INFO  main            d.u.i.k.p.i.AbstractProblemLoader Loading environment from /home/runner/work/key/key/key.core/../key.ui/examples/heap/block_contracts/Simple__add.key 
653        DEBUG main            d.u.i.k.p.i.AbstractProblemLoader Environment load took 2.55ms 
921        INFO  main            d.u.i.k.p.i.AbstractProblemLoader Creating init config 
1942       DEBUG main            d.u.i.k.j.TypeConverter   No LDT found for Meta 
1942       DEBUG main            d.u.i.k.j.TypeConverter   No LDT found for Meta 
1943       DEBUG main            d.u.i.k.j.TypeConverter   No LDT found for Meta 
1943       DEBUG main            d.u.i.k.j.TypeConverter   No LDT found for Meta 
4131       DEBUG main            d.u.i.k.j.TypeConverter   No LDT found for JavaBigintExpression 
10794      DEBUG main            d.u.i.k.p.i.AbstractProblemLoader Init config took 9.87s 
10933      INFO  main            d.u.i.k.p.i.AbstractProblemLoader Replaying proof Simple[Simple::add(int,int)].JML operation contract.0 
11039      DEBUG main            d.u.i.k.p.i.IntermediateProofReplayer Proof replay took 393.51ns 
11885      INFO  main            d.u.i.k.p.r.p.TestFile    ... finished proof: closed. 
12018      INFO  main            d.u.i.k.p.i.AbstractProblemLoader Loading environment from /home/runner/work/key/key/key.core/../key.ui/examples/heap/block_contracts/Simple__add.key.proof 
12020      DEBUG main            d.u.i.k.p.i.AbstractProblemLoader Environment load took 2.17ms 
12025      INFO  main            d.u.i.k.p.i.AbstractProblemLoader Creating init config 
15869      DEBUG main            d.u.i.k.p.i.AbstractProblemLoader Init config took 3.84s 
15952      INFO  main            d.u.i.k.p.i.AbstractProblemLoader Replaying proof Simple[Simple::add(int,int)].JML operation contract.0 
16025      DEBUG main            d.u.i.k.p.i.IntermediateProofReplayer Proof replay took 68.43ms 
16033      DEBUG main            d.u.i.k.p.r.p.TestFile    ... success: reloaded. 
16035      INFO  main            d.u.i.k.p.r.p.TestFile    Now processing file /home/runner/work/key/key/key.core/../key.ui/examples/heap/block_contracts/Simple__addAbsoluteValues.key 
16036      INFO  main            d.u.i.k.p.i.AbstractProblemLoader Loading environment from /home/runner/work/key/key/key.core/../key.ui/examples/heap/block_contracts/Simple__addAbsoluteValues.key 
16036      DEBUG main            d.u.i.k.p.i.AbstractProblemLoader Environment load took 312.41ns 
16038      INFO  main            d.u.i.k.p.i.AbstractProblemLoader Creating init config 
19742      DEBUG main            d.u.i.k.p.i.AbstractProblemLoader Init config took 3.7s 
19812      INFO  main            d.u.i.k.p.i.AbstractProblemLoader Replaying proof Simple[Simple::addAbsoluteValues(int,int)].JML normal_behavior operation contract.0 
19821      DEBUG main            d.u.i.k.p.i.IntermediateProofReplayer Proof replay took 16.6ns 
21244      INFO  main            d.u.i.k.p.r.p.TestFile    ... finished proof: closed. 
21463      INFO  main            d.u.i.k.p.i.AbstractProblemLoader Loading environment from /home/runner/work/key/key/key.core/../key.ui/examples/heap/block_contracts/Simple__addAbsoluteValues.key.proof 
21465      DEBUG main            d.u.i.k.p.i.AbstractProblemLoader Environment load took 1.96ms 
21467      INFO  main            d.u.i.k.p.i.AbstractProblemLoader Creating init config 
25029      DEBUG main            d.u.i.k.p.i.AbstractProblemLoader Init config took 3.56s 
25092      INFO  main            d.u.i.k.p.i.AbstractProblemLoader Replaying proof Simple[Simple::addAbsoluteValues(int,int)].JML normal_behavior operation contract.0 
25266      DEBUG main            d.u.i.k.p.i.IntermediateProofReplayer Proof replay took 164.68ms 
25267      DEBUG main            d.u.i.k.p.r.p.TestFile    ... success: reloaded. 
25269      INFO  main            d.u.i.k.p.r.p.TestFile    Now processing file /home/runner/work/key/key/key.core/../key.ui/examples/heap/block_contracts/Simple__addWithJump.key 
25270      INFO  main            d.u.i.k.p.i.AbstractProblemLoader Loading environment from /home/runner/work/key/key/key.core/../key.ui/examples/heap/block_contracts/Simple__addWithJump.key 
25270      DEBUG main            d.u.i.k.p.i.AbstractProblemLoader Environment load took 319.21ns 
25272      INFO  main            d.u.i.k.p.i.AbstractProblemLoader Creating init config 
28824      DEBUG main            d.u.i.k.p.i.AbstractProblemLoader Init config took 3.55s 
28881      INFO  main            d.u.i.k.p.i.AbstractProblemLoader Replaying proof Simple[Simple::addWithJump(int,int,int)].JML operation contract.0 
28884      DEBUG main            d.u.i.k.p.i.IntermediateProofReplayer Proof replay took 25.2ns 
29087      INFO  main            d.u.i.k.p.r.p.TestFile    ... finished proof: closed. 
29314      INFO  main            d.u.i.k.p.i.AbstractProblemLoader Loading environment from /home/runner/work/key/key/key.core/../key.ui/examples/heap/block_contracts/Simple__addWithJump.key.proof 
29315      DEBUG main            d.u.i.k.p.i.AbstractProblemLoader Environment load took 629.72ns 
29316      INFO  main            d.u.i.k.p.i.AbstractProblemLoader Creating init config 
32708      DEBUG main            d.u.i.k.p.i.AbstractProblemLoader Init config took 3.39s 
32763      INFO  main            d.u.i.k.p.i.AbstractProblemLoader Replaying proof Simple[Simple::addWithJump(int,int,int)].JML operation contract.0 
32808      DEBUG main            d.u.i.k.p.i.IntermediateProofReplayer Proof replay took 41.3ms 
32809      DEBUG main            d.u.i.k.p.r.p.TestFile    ... success: reloaded. 
32811      INFO  main            d.u.i.k.p.r.p.TestFile    Now processing file /home/runner/work/key/key/key.core/../key.ui/examples/heap/block_contracts/Simple__addWithTwoBlockContracts.key 
32811      INFO  main            d.u.i.k.p.i.AbstractProblemLoader Loading environment from /home/runner/work/key/key/key.core/../key.ui/examples/heap/block_contracts/Simple__addWithTwoBlockContracts.key 
32812      DEBUG main            d.u.i.k.p.i.AbstractProblemLoader Environment load took 267.81ns 
32813      INFO  main            d.u.i.k.p.i.AbstractProblemLoader Creating init config 
36319      DEBUG main            d.u.i.k.p.i.AbstractProblemLoader Init config took 3.51s 
36392      INFO  main            d.u.i.k.p.i.AbstractProblemLoader Replaying proof Simple[Simple::addWithTwoBlockContracts(int,int,int)].JML operation contract.0 
36395      DEBUG main            d.u.i.k.p.i.IntermediateProofReplayer Proof replay took 12.6ns 
36699      INFO  main            d.u.i.k.p.r.p.TestFile    ... finished proof: closed. 
36927      INFO  main            d.u.i.k.p.i.AbstractProblemLoader Loading environment from /home/runner/work/key/key/key.core/../key.ui/examples/heap/block_contracts/Simple__addWithTwoBlockContracts.key.proof 
36928      DEBUG main            d.u.i.k.p.i.AbstractProblemLoader Environment load took 634.02ns 
36929      INFO  main            d.u.i.k.p.i.AbstractProblemLoader Creating init config 
40337      DEBUG main            d.u.i.k.p.i.AbstractProblemLoader Init config took 3.41s 
40411      INFO  main            d.u.i.k.p.i.AbstractProblemLoader Replaying proof Simple[Simple::addWithTwoBlockContracts(int,int,int)].JML operation contract.0 
40481      DEBUG main            d.u.i.k.p.i.IntermediateProofReplayer Proof replay took 64.45ms 
40482      DEBUG main            d.u.i.k.p.r.p.TestFile    ... success: reloaded. 
40483      INFO  main            d.u.i.k.p.r.p.TestFile    Now processing file /home/runner/work/key/key/key.core/../key.ui/examples/heap/block_contracts/Simple__generateByteArray.key 
40484      INFO  main            d.u.i.k.p.i.AbstractProblemLoader Loading environment from /home/runner/work/key/key/key.core/../key.ui/examples/heap/block_contracts/Simple__generateByteArray.key 
40484      DEBUG main            d.u.i.k.p.i.AbstractProblemLoader Environment load took 89.9ns 
40485      INFO  main            d.u.i.k.p.i.AbstractProblemLoader Creating init config 
43959      DEBUG main            d.u.i.k.p.i.AbstractProblemLoader Init config took 3.47s 
44010      INFO  main            d.u.i.k.p.i.AbstractProblemLoader Replaying proof Simple[Simple::generateByteArray()].JML normal_behavior operation contract.0 
44013      DEBUG main            d.u.i.k.p.i.IntermediateProofReplayer Proof replay took 13.7ns 
46237      INFO  main            d.u.i.k.p.r.p.TestFile    ... finished proof: closed. 
46530      INFO  main            d.u.i.k.p.i.AbstractProblemLoader Loading environment from /home/runner/work/key/key/key.core/../key.ui/examples/heap/block_contracts/Simple__generateByteArray.key.proof 
46531      DEBUG main            d.u.i.k.p.i.AbstractProblemLoader Environment load took 1.2ms 
46544      INFO  main            d.u.i.k.p.i.AbstractProblemLoader Creating init config 
50057      DEBUG main            d.u.i.k.p.i.AbstractProblemLoader Init config took 3.51s 
50108      INFO  main            d.u.i.k.p.i.AbstractProblemLoader Replaying proof Simple[Simple::generateByteArray()].JML normal_behavior operation contract.0 
50366      DEBUG main            d.u.i.k.p.i.IntermediateProofReplayer Proof replay took 244.36ms 
50368      DEBUG main            d.u.i.k.p.r.p.TestFile    ... success: reloaded. 
50369      INFO  main            d.u.i.k.p.r.p.TestFile    Now processing file /home/runner/work/key/key/key.core/../key.ui/examples/heap/block_contracts/Simple__getLength.key 
50370      INFO  main            d.u.i.k.p.i.AbstractProblemLoader Loading environment from /home/runner/work/key/key/key.core/../key.ui/examples/heap/block_contracts/Simple__getLength.key 
50370      DEBUG main            d.u.i.k.p.i.AbstractProblemLoader Environment load took 303.21ns 
50371      INFO  main            d.u.i.k.p.i.AbstractProblemLoader Creating init config 
53856      DEBUG main            d.u.i.k.p.i.AbstractProblemLoader Init config took 3.48s 
53915      INFO  main            d.u.i.k.p.i.AbstractProblemLoader Replaying proof Simple[Simple::getLength()].JML normal_behavior operation contract.0 
53919      DEBUG main            d.u.i.k.p.i.IntermediateProofReplayer Proof replay took 38.1ns 
54023      INFO  main            d.u.i.k.p.r.p.TestFile    ... finished proof: closed. 
54260      INFO  main            d.u.i.k.p.i.AbstractProblemLoader Loading environment from /home/runner/work/key/key/key.core/../key.ui/examples/heap/block_contracts/Simple__getLength.key.proof 
54260      DEBUG main            d.u.i.k.p.i.AbstractProblemLoader Environment load took 154.71ns 
54261      INFO  main            d.u.i.k.p.i.AbstractProblemLoader Creating init config 
57619      DEBUG main            d.u.i.k.p.i.AbstractProblemLoader Init config took 3.36s 
57670      INFO  main            d.u.i.k.p.i.AbstractProblemLoader Replaying proof Simple[Simple::getLength()].JML normal_behavior operation contract.0 
57679      DEBUG main            d.u.i.k.p.i.IntermediateProofReplayer Proof replay took 7.37ms 
57680      DEBUG main            d.u.i.k.p.r.p.TestFile    ... success: reloaded. 
57682      INFO  main            d.u.i.k.p.r.p.TestFile    Now processing file /home/runner/work/key/key/key.core/../key.ui/examples/heap/block_contracts/Simple__square.key 
57682      INFO  main            d.u.i.k.p.i.AbstractProblemLoader Loading environment from /home/runner/work/key/key/key.core/../key.ui/examples/heap/block_contracts/Simple__square.key 
57682      DEBUG main            d.u.i.k.p.i.AbstractProblemLoader Environment load took 123.3ns 
57683      INFO  main            d.u.i.k.p.i.AbstractProblemLoader Creating init config 
61198      DEBUG main            d.u.i.k.p.i.AbstractProblemLoader Init config took 3.51s 
61247      INFO  main            d.u.i.k.p.i.AbstractProblemLoader Replaying proof Simple[Simple::square(int)].JML operation contract.0 
61250      DEBUG main            d.u.i.k.p.i.IntermediateProofReplayer Proof replay took 14.6ns 
61754      INFO  main            d.u.i.k.p.r.p.TestFile    ... finished proof: closed. 
61969      INFO  main            d.u.i.k.p.i.AbstractProblemLoader Loading environment from /home/runner/work/key/key/key.core/../key.ui/examples/heap/block_contracts/Simple__square.key.proof 
61969      DEBUG main            d.u.i.k.p.i.AbstractProblemLoader Environment load took 596.12ns 
61971      INFO  main            d.u.i.k.p.i.AbstractProblemLoader Creating init config 
65436      DEBUG main            d.u.i.k.p.i.AbstractProblemLoader Init config took 3.46s 
65495      INFO  main            d.u.i.k.p.i.AbstractProblemLoader Replaying proof Simple[Simple::square(int)].JML operation contract.0 
65592      DEBUG main            d.u.i.k.p.i.IntermediateProofReplayer Proof replay took 92.88ms 
65600      DEBUG main            d.u.i.k.p.r.p.TestFile    ... success: reloaded. 
65601      INFO  main            d.u.i.k.p.r.p.TestFile    Now processing file /home/runner/work/key/key/key.core/../key.ui/examples/heap/block_contracts/Simple__unnecessaryBlockContract.key 
65601      INFO  main            d.u.i.k.p.i.AbstractProblemLoader Loading environment from /home/runner/work/key/key/key.core/../key.ui/examples/heap/block_contracts/Simple__unnecessaryBlockContract.key 
65601      DEBUG main            d.u.i.k.p.i.AbstractProblemLoader Environment load took 93.4ns 
65602      INFO  main            d.u.i.k.p.i.AbstractProblemLoader Creating init config 
69107      DEBUG main            d.u.i.k.p.i.AbstractProblemLoader Init config took 3.5s 
69181      INFO  main            d.u.i.k.p.i.AbstractProblemLoader Replaying proof Simple[Simple::unnecessaryBlockContract()].JML operation contract.0 
69183      DEBUG main            d.u.i.k.p.i.IntermediateProofReplayer Proof replay took 14.6ns 
69288      INFO  main            d.u.i.k.p.r.p.TestFile    ... finished proof: closed. 
69526      INFO  main            d.u.i.k.p.i.AbstractProblemLoader Loading environment from /home/runner/work/key/key/key.core/../key.ui/examples/heap/block_contracts/Simple__unnecessaryBlockContract.key.proof 
69526      DEBUG main            d.u.i.k.p.i.AbstractProblemLoader Environment load took 144.41ns 
69529      INFO  main            d.u.i.k.p.i.AbstractProblemLoader Creating init config 
72878      DEBUG main            d.u.i.k.p.i.AbstractProblemLoader Init config took 3.35s 
72926      INFO  main            d.u.i.k.p.i.AbstractProblemLoader Replaying proof Simple[Simple::unnecessaryBlockContract()].JML operation contract.0 
72950      DEBUG main            d.u.i.k.p.i.IntermediateProofReplayer Proof replay took 21.15ms 
72951      DEBUG main            d.u.i.k.p.r.p.TestFile    ... success: reloaded. 
72952      INFO  main            d.u.i.k.p.r.p.TestFile    Now processing file /home/runner/work/key/key/key.core/../key.ui/examples/heap/block_contracts/Simple__unnecessaryLoopInvariant.key 
72952      INFO  main            d.u.i.k.p.i.AbstractProblemLoader Loading environment from /home/runner/work/key/key/key.core/../key.ui/examples/heap/block_contracts/Simple__unnecessaryLoopInvariant.key 
72952      DEBUG main            d.u.i.k.p.i.AbstractProblemLoader Environment load took 111.6ns 
72953      INFO  main            d.u.i.k.p.i.AbstractProblemLoader Creating init config 
76397      DEBUG main            d.u.i.k.p.i.AbstractProblemLoader Init config took 3.44s 
76443      INFO  main            d.u.i.k.p.i.AbstractProblemLoader Replaying proof Simple[Simple::unnecessaryLoopInvariant()].JML operation contract.0 
76445      DEBUG main            d.u.i.k.p.i.IntermediateProofReplayer Proof replay took 12.1ns 
76552      INFO  main            d.u.i.k.p.r.p.TestFile    ... finished proof: closed. 
76781      INFO  main            d.u.i.k.p.i.AbstractProblemLoader Loading environment from /home/runner/work/key/key/key.core/../key.ui/examples/heap/block_contracts/Simple__unnecessaryLoopInvariant.key.proof 
76781      DEBUG main            d.u.i.k.p.i.AbstractProblemLoader Environment load took 140.9ns 
76782      INFO  main            d.u.i.k.p.i.AbstractProblemLoader Creating init config 
80116      DEBUG main            d.u.i.k.p.i.AbstractProblemLoader Init config took 3.33s 
80166      INFO  main            d.u.i.k.p.i.AbstractProblemLoader Replaying proof Simple[Simple::unnecessaryLoopInvariant()].JML operation contract.0 
80186      DEBUG main            d.u.i.k.p.i.IntermediateProofReplayer Proof replay took 18.55ms 
80190      DEBUG main            d.u.i.k.p.r.p.TestFile    ... success: reloaded. 
80192      INFO  main            d.u.i.k.p.r.p.TestFile    Now processing file /home/runner/work/key/key/key.core/../key.ui/examples/standard_key/java_dl/jml-assert/assert.key 
80193      INFO  main            d.u.i.k.p.i.AbstractProblemLoader Loading environment from /home/runner/work/key/key/key.core/../key.ui/examples/standard_key/java_dl/jml-assert/assert.key 
80193      DEBUG main            d.u.i.k.p.i.AbstractProblemLoader Environment load took 284.31ns 
80194      INFO  main            d.u.i.k.p.i.AbstractProblemLoader Creating init config 
83215      DEBUG main            d.u.i.k.p.i.AbstractProblemLoader Init config took 3.02s 
83264      INFO  main            d.u.i.k.p.i.AbstractProblemLoader Replaying proof Assert[Assert::createArray(int)].JML normal_behavior operation contract.0 
83266      DEBUG main            d.u.i.k.p.i.IntermediateProofReplayer Proof replay took 19.5ns 
83573      INFO  main            d.u.i.k.p.r.p.TestFile    ... finished proof: closed. 
83787      INFO  main            d.u.i.k.p.i.AbstractProblemLoader Loading environment from /home/runner/work/key/key/key.core/../key.ui/examples/standard_key/java_dl/jml-assert/assert.key.proof 
83788      DEBUG main            d.u.i.k.p.i.AbstractProblemLoader Environment load took 135.71ns 
83789      INFO  main            d.u.i.k.p.i.AbstractProblemLoader Creating init config 
86709      DEBUG main            d.u.i.k.p.i.AbstractProblemLoader Init config took 2.92s 
86766      INFO  main            d.u.i.k.p.i.AbstractProblemLoader Replaying proof Assert[Assert::createArray(int)].JML normal_behavior operation contract.0 
86828      DEBUG main            d.u.i.k.p.i.IntermediateProofReplayer Proof replay took 59.49ms 
86830      DEBUG main            d.u.i.k.p.r.p.TestFile    ... success: reloaded. 
86833      INFO  main            d.u.i.k.p.r.p.TestFile    Now processing file /home/runner/work/key/key/key.core/../key.ui/examples/standard_key/java_dl/jml-assert/assert_assume_order.key 
86833      INFO  main            d.u.i.k.p.i.AbstractProblemLoader Loading environment from /home/runner/work/key/key/key.core/../key.ui/examples/standard_key/java_dl/jml-assert/assert_assume_order.key 
86833      DEBUG main            d.u.i.k.p.i.AbstractProblemLoader Environment load took 137.6ns 
86834      INFO  main            d.u.i.k.p.i.AbstractProblemLoader Creating init config 
89830      DEBUG main            d.u.i.k.p.i.AbstractProblemLoader Init config took 3s 
89875      INFO  main            d.u.i.k.p.i.AbstractProblemLoader Replaying proof AssertAssume[AssertAssume::singleAssumeAssert(int)].JML normal_behavior operation contract.0 
89876      DEBUG main            d.u.i.k.p.i.IntermediateProofReplayer Proof replay took 7.2ns 
89980      INFO  main            d.u.i.k.p.r.p.TestFile    ... finished proof: closed. 
90209      INFO  main            d.u.i.k.p.i.AbstractProblemLoader Loading environment from /home/runner/work/key/key/key.core/../key.ui/examples/standard_key/java_dl/jml-assert/assert_assume_order.key.proof 
90209      DEBUG main            d.u.i.k.p.i.AbstractProblemLoader Environment load took 140.1ns 
90210      INFO  main            d.u.i.k.p.i.AbstractProblemLoader Creating init config 
93180      DEBUG main            d.u.i.k.p.i.AbstractProblemLoader Init config took 2.97s 
93224      INFO  main            d.u.i.k.p.i.AbstractProblemLoader Replaying proof AssertAssume[AssertAssume::singleAssumeAssert(int)].JML normal_behavior operation contract.0 
93235      DEBUG main            d.u.i.k.p.i.IntermediateProofReplayer Proof replay took 8.1ms 
93236      DEBUG main            d.u.i.k.p.r.p.TestFile    ... success: reloaded. 
93237      INFO  main            d.u.i.k.p.r.p.TestFile    Now processing file /home/runner/work/key/key/key.core/../key.ui/examples/heap/block_loop_contracts/SimpleVariants/sum_onBlock_external.key 
93238      INFO  main            d.u.i.k.p.i.AbstractProblemLoader Loading environment from /home/runner/work/key/key/key.core/../key.ui/examples/heap/block_loop_contracts/SimpleVariants/sum_onBlock_external.key 
93238      DEBUG main            d.u.i.k.p.i.AbstractProblemLoader Environment load took 183.3ns 
93239      INFO  main            d.u.i.k.p.i.AbstractProblemLoader Creating init config 
96435      DEBUG main            d.u.i.k.p.i.AbstractProblemLoader Init config took 3.2s 
96509      INFO  main            d.u.i.k.p.i.AbstractProblemLoader Replaying proof LoopContractExamplesAll[LoopContractExamplesAll::sum_loopContract_onBlock([I)].JML normal_behavior operation contract.0 
96512      DEBUG main            d.u.i.k.p.i.IntermediateProofReplayer Proof replay took 12.7ns 
96614      INFO  main            d.u.i.k.p.r.p.TestFile    ... finished proof: closed. 
96868      INFO  main            d.u.i.k.p.i.AbstractProblemLoader Loading environment from /home/runner/work/key/key/key.core/../key.ui/examples/heap/block_loop_contracts/SimpleVariants/sum_onBlock_external.key.proof 
96869      DEBUG main            d.u.i.k.p.i.AbstractProblemLoader Environment load took 141.81ns 
96870      INFO  main            d.u.i.k.p.i.AbstractProblemLoader Creating init config 
99990      DEBUG main            d.u.i.k.p.i.AbstractProblemLoader Init config took 3.12s 
100033     INFO  main            d.u.i.k.p.i.AbstractProblemLoader Replaying proof LoopContractExamplesAll[LoopContractExamplesAll::sum_loopContract_onBlock([I)].JML normal_behavior operation contract.0 
100066     DEBUG main            d.u.i.k.p.i.IntermediateProofReplayer Proof replay took 31.33ms 
100068     DEBUG main            d.u.i.k.p.r.p.TestFile    ... success: reloaded. 
100069     INFO  main            d.u.i.k.p.r.p.TestFile    Now processing file /home/runner/work/key/key/key.core/../key.ui/examples/heap/block_loop_contracts/SimpleVariants/sum_onBlock_internal.key 
100069     INFO  main            d.u.i.k.p.i.AbstractProblemLoader Loading environment from /home/runner/work/key/key/key.core/../key.ui/examples/heap/block_loop_contracts/SimpleVariants/sum_onBlock_internal.key 
100070     DEBUG main            d.u.i.k.p.i.AbstractProblemLoader Environment load took 275.81ns 
100071     INFO  main            d.u.i.k.p.i.AbstractProblemLoader Creating init config 
103231     DEBUG main            d.u.i.k.p.i.AbstractProblemLoader Init config took 3.16s 
103280     INFO  main            d.u.i.k.p.i.AbstractProblemLoader Replaying proof LoopContractExamplesAll[LoopContractExamplesAll::sum_loopContract_onBlock([I)].JML normal_behavior operation contract.0 
103282     DEBUG main            d.u.i.k.p.i.IntermediateProofReplayer Proof replay took 12.7ns 
103993     INFO  main            d.u.i.k.p.r.p.TestFile    ... finished proof: closed. 
104300     INFO  main            d.u.i.k.p.i.AbstractProblemLoader Loading environment from /home/runner/work/key/key/key.core/../key.ui/examples/heap/block_loop_contracts/SimpleVariants/sum_onBlock_internal.key.proof 
104300     DEBUG main            d.u.i.k.p.i.AbstractProblemLoader Environment load took 190.11ns 
104302     INFO  main            d.u.i.k.p.i.AbstractProblemLoader Creating init config 
107365     DEBUG main            d.u.i.k.p.i.AbstractProblemLoader Init config took 3.06s 
107407     INFO  main            d.u.i.k.p.i.AbstractProblemLoader Replaying proof LoopContractExamplesAll[LoopContractExamplesAll::sum_loopContract_onBlock([I)].JML normal_behavior operation contract.0 
107621     DEBUG main            d.u.i.k.p.i.IntermediateProofReplayer Proof replay took 210.28ms 
107623     DEBUG main            d.u.i.k.p.r.p.TestFile    ... success: reloaded. 
107625     INFO  main            d.u.i.k.p.r.p.TestFile    Now processing file /home/runner/work/key/key/key.core/../key.ui/examples/heap/block_loop_contracts/SimpleVariants/sum_onBlock_loop.key 
107625     INFO  main            d.u.i.k.p.i.AbstractProblemLoader Loading environment from /home/runner/work/key/key/key.core/../key.ui/examples/heap/block_loop_contracts/SimpleVariants/sum_onBlock_loop.key 
107625     DEBUG main            d.u.i.k.p.i.AbstractProblemLoader Environment load took 262.11ns 
107627     INFO  main            d.u.i.k.p.i.AbstractProblemLoader Creating init config 
110822     DEBUG main            d.u.i.k.p.i.AbstractProblemLoader Init config took 3.2s 
110866     INFO  main            d.u.i.k.p.i.AbstractProblemLoader Replaying proof LoopContractExamplesAll[LoopContractExamplesAll::sum_loopContract_onBlock([I)].JML normal_behavior loop contract.0 
110868     DEBUG main            d.u.i.k.p.i.IntermediateProofReplayer Proof replay took 12.2ns 
111696     INFO  main            d.u.i.k.p.r.p.TestFile    ... finished proof: closed. 
112017     INFO  main            d.u.i.k.p.i.AbstractProblemLoader Loading environment from /home/runner/work/key/key/key.core/../key.ui/examples/heap/block_loop_contracts/SimpleVariants/sum_onBlock_loop.key.proof 
112018     DEBUG main            d.u.i.k.p.i.AbstractProblemLoader Environment load took 1.46ms 
112020     INFO  main            d.u.i.k.p.i.AbstractProblemLoader Creating init config 
115118     DEBUG main            d.u.i.k.p.i.AbstractProblemLoader Init config took 3.1s 
115160     INFO  main            d.u.i.k.p.i.AbstractProblemLoader Replaying proof LoopContractExamplesAll[LoopContractExamplesAll::sum_loopContract_onBlock([I)].JML normal_behavior loop contract.0 
115383     DEBUG main            d.u.i.k.p.i.IntermediateProofReplayer Proof replay took 218.46ms 
115384     DEBUG main            d.u.i.k.p.r.p.TestFile    ... success: reloaded. 
115385     INFO  main            d.u.i.k.p.r.p.TestFile    Now processing file /home/runner/work/key/key/key.core/../key.ui/examples/heap/block_loop_contracts/SimpleVariants/sum_onLoop_external.key 
115386     INFO  main            d.u.i.k.p.i.AbstractProblemLoader Loading environment from /home/runner/work/key/key/key.core/../key.ui/examples/heap/block_loop_contracts/SimpleVariants/sum_onLoop_external.key 
115386     DEBUG main            d.u.i.k.p.i.AbstractProblemLoader Environment load took 280.61ns 
115387     INFO  main            d.u.i.k.p.i.AbstractProblemLoader Creating init config 
118482     DEBUG main            d.u.i.k.p.i.AbstractProblemLoader Init config took 3.09s 
118522     INFO  main            d.u.i.k.p.i.AbstractProblemLoader Replaying proof LoopContractExamplesAll[LoopContractExamplesAll::sum_loopContract_onLoop([I)].JML normal_behavior operation contract.0 
118524     DEBUG main            d.u.i.k.p.i.IntermediateProofReplayer Proof replay took 29.8ns 
118628     INFO  main            d.u.i.k.p.r.p.TestFile    ... finished proof: closed. 
118943     INFO  main            d.u.i.k.p.i.AbstractProblemLoader Loading environment from /home/runner/work/key/key/key.core/../key.ui/examples/heap/block_loop_contracts/SimpleVariants/sum_onLoop_external.key.proof 
118943     DEBUG main            d.u.i.k.p.i.AbstractProblemLoader Environment load took 128.2ns 
118944     INFO  main            d.u.i.k.p.i.AbstractProblemLoader Creating init config 
122023     DEBUG main            d.u.i.k.p.i.AbstractProblemLoader Init config took 3.08s 
122064     INFO  main            d.u.i.k.p.i.AbstractProblemLoader Replaying proof LoopContractExamplesAll[LoopContractExamplesAll::sum_loopContract_onLoop([I)].JML normal_behavior operation contract.0 
122093     DEBUG main            d.u.i.k.p.i.IntermediateProofReplayer Proof replay took 27.18ms 
122094     DEBUG main            d.u.i.k.p.r.p.TestFile    ... success: reloaded. 
122096     INFO  main            d.u.i.k.p.r.p.TestFile    Now processing file /home/runner/work/key/key/key.core/../key.ui/examples/heap/block_loop_contracts/SimpleVariants/sum_onLoop_internal.key 
122096     INFO  main            d.u.i.k.p.i.AbstractProblemLoader Loading environment from /home/runner/work/key/key/key.core/../key.ui/examples/heap/block_loop_contracts/SimpleVariants/sum_onLoop_internal.key 
122096     DEBUG main            d.u.i.k.p.i.AbstractProblemLoader Environment load took 102.1ns 
122097     INFO  main            d.u.i.k.p.i.AbstractProblemLoader Creating init config 
125238     DEBUG main            d.u.i.k.p.i.AbstractProblemLoader Init config took 3.14s 
125278     INFO  main            d.u.i.k.p.i.AbstractProblemLoader Replaying proof LoopContractExamplesAll[LoopContractExamplesAll::sum_loopContract_onLoop([I)].JML normal_behavior operation contract.0 
125280     DEBUG main            d.u.i.k.p.i.IntermediateProofReplayer Proof replay took 13.9ns 
125985     INFO  main            d.u.i.k.p.r.p.TestFile    ... finished proof: closed. 
126275     INFO  main            d.u.i.k.p.i.AbstractProblemLoader Loading environment from /home/runner/work/key/key/key.core/../key.ui/examples/heap/block_loop_contracts/SimpleVariants/sum_onLoop_internal.key.proof 
126275     DEBUG main            d.u.i.k.p.i.AbstractProblemLoader Environment load took 249.41ns 
126276     INFO  main            d.u.i.k.p.i.AbstractProblemLoader Creating init config 
129383     DEBUG main            d.u.i.k.p.i.AbstractProblemLoader Init config took 3.11s 
129430     INFO  main            d.u.i.k.p.i.AbstractProblemLoader Replaying proof LoopContractExamplesAll[LoopContractExamplesAll::sum_loopContract_onLoop([I)].JML normal_behavior operation contract.0 
129635     DEBUG main            d.u.i.k.p.i.IntermediateProofReplayer Proof replay took 184.46ms 
129637     DEBUG main            d.u.i.k.p.r.p.TestFile    ... success: reloaded. 
129638     INFO  main            d.u.i.k.p.r.p.TestFile    Now processing file /home/runner/work/key/key/key.core/../key.ui/examples/heap/block_loop_contracts/SimpleVariants/sum_onLoop_loop.key 
129638     INFO  main            d.u.i.k.p.i.AbstractProblemLoader Loading environment from /home/runner/work/key/key/key.core/../key.ui/examples/heap/block_loop_contracts/SimpleVariants/sum_onLoop_loop.key 
129639     DEBUG main            d.u.i.k.p.i.AbstractProblemLoader Environment load took 328.81ns 
129640     INFO  main            d.u.i.k.p.i.AbstractProblemLoader Creating init config 
132780     DEBUG main            d.u.i.k.p.i.AbstractProblemLoader Init config took 3.14s 
132822     INFO  main            d.u.i.k.p.i.AbstractProblemLoader Replaying proof LoopContractExamplesAll[LoopContractExamplesAll::sum_loopContract_onLoop([I)].JML normal_behavior loop contract.0 
132825     DEBUG main            d.u.i.k.p.i.IntermediateProofReplayer Proof replay took 13.7ns 
133632     INFO  main            d.u.i.k.p.r.p.TestFile    ... finished proof: closed. 
133963     INFO  main            d.u.i.k.p.i.AbstractProblemLoader Loading environment from /home/runner/work/key/key/key.core/../key.ui/examples/heap/block_loop_contracts/SimpleVariants/sum_onLoop_loop.key.proof 
133964     DEBUG main            d.u.i.k.p.i.AbstractProblemLoader Environment load took 621.52ns 
133965     INFO  main            d.u.i.k.p.i.AbstractProblemLoader Creating init config 
137017     DEBUG main            d.u.i.k.p.i.AbstractProblemLoader Init config took 3.05s 
137058     INFO  main            d.u.i.k.p.i.AbstractProblemLoader Replaying proof LoopContractExamplesAll[LoopContractExamplesAll::sum_loopContract_onLoop([I)].JML normal_behavior loop contract.0 
137271     DEBUG main            d.u.i.k.p.i.IntermediateProofReplayer Proof replay took 207.64ms 
137272     DEBUG main            d.u.i.k.p.r.p.TestFile    ... success: reloaded. 
137274     INFO  main            d.u.i.k.p.r.p.TestFile    Now processing file /home/runner/work/key/key/key.core/../key.ui/examples/heap/block_loop_contracts/Free/blockContracts0.key 
137275     INFO  main            d.u.i.k.p.i.AbstractProblemLoader Loading environment from /home/runner/work/key/key/key.core/../key.ui/examples/heap/block_loop_contracts/Free/blockContracts0.key 
137276     DEBUG main            d.u.i.k.p.i.AbstractProblemLoader Environment load took 291.91ns 
137278     INFO  main            d.u.i.k.p.i.AbstractProblemLoader Creating init config 
140159     DEBUG main            d.u.i.k.p.i.AbstractProblemLoader Init config took 2.88s 
140200     INFO  main            d.u.i.k.p.i.AbstractProblemLoader Replaying proof FreeConditions[FreeConditions::blockContract0()].JML normal_behavior operation contract.0 
140203     DEBUG main            d.u.i.k.p.i.IntermediateProofReplayer Proof replay took 14.8ns 
140305     INFO  main            d.u.i.k.p.r.p.TestFile    ... finished proof: closed. 
140638     INFO  main            d.u.i.k.p.i.AbstractProblemLoader Loading environment from /home/runner/work/key/key/key.core/../key.ui/examples/heap/block_loop_contracts/Free/blockContracts0.key.proof 
140638     DEBUG main            d.u.i.k.p.i.AbstractProblemLoader Environment load took 146.31ns 
140639     INFO  main            d.u.i.k.p.i.AbstractProblemLoader Creating init config 
143317     DEBUG main            d.u.i.k.p.i.AbstractProblemLoader Init config took 2.68s 
143358     INFO  main            d.u.i.k.p.i.AbstractProblemLoader Replaying proof FreeConditions[FreeConditions::blockContract0()].JML normal_behavior operation contract.0 
143381     DEBUG main            d.u.i.k.p.i.IntermediateProofReplayer Proof replay took 20.76ms 
143382     DEBUG main            d.u.i.k.p.r.p.TestFile    ... success: reloaded. 
143383     INFO  main            d.u.i.k.p.r.p.TestFile    Now processing file /home/runner/work/key/key/key.core/../key.ui/examples/heap/block_loop_contracts/Free/blockContracts1.key 
143383     INFO  main            d.u.i.k.p.i.AbstractProblemLoader Loading environment from /home/runner/work/key/key/key.core/../key.ui/examples/heap/block_loop_contracts/Free/blockContracts1.key 
143383     DEBUG main            d.u.i.k.p.i.AbstractProblemLoader Environment load took 99.8ns 
143384     INFO  main            d.u.i.k.p.i.AbstractProblemLoader Creating init config 
146117     DEBUG main            d.u.i.k.p.i.AbstractProblemLoader Init config took 2.73s 
146157     INFO  main            d.u.i.k.p.i.AbstractProblemLoader Replaying proof FreeConditions[FreeConditions::blockContract1()].JML normal_behavior operation contract.0 
146158     DEBUG main            d.u.i.k.p.i.IntermediateProofReplayer Proof replay took 12.7ns 
146261     INFO  main            d.u.i.k.p.r.p.TestFile    ... finished proof: closed. 
146598     INFO  main            d.u.i.k.p.i.AbstractProblemLoader Loading environment from /home/runner/work/key/key/key.core/../key.ui/examples/heap/block_loop_contracts/Free/blockContracts1.key.proof 
146598     DEBUG main            d.u.i.k.p.i.AbstractProblemLoader Environment load took 130.21ns 
146600     INFO  main            d.u.i.k.p.i.AbstractProblemLoader Creating init config 
149343     DEBUG main            d.u.i.k.p.i.AbstractProblemLoader Init config took 2.74s 
149392     INFO  main            d.u.i.k.p.i.AbstractProblemLoader Replaying proof FreeConditions[FreeConditions::blockContract1()].JML normal_behavior operation contract.0 
149410     DEBUG main            d.u.i.k.p.i.IntermediateProofReplayer Proof replay took 16.22ms 
149412     DEBUG main            d.u.i.k.p.r.p.TestFile    ... success: reloaded. 
149413     INFO  main            d.u.i.k.p.r.p.TestFile    Now processing file /home/runner/work/key/key/key.core/../key.ui/examples/heap/block_loop_contracts/Finally/block_finally.key 
149413     INFO  main            d.u.i.k.p.i.AbstractProblemLoader Loading environment from /home/runner/work/key/key/key.core/../key.ui/examples/heap/block_loop_contracts/Finally/block_finally.key 
149414     DEBUG main            d.u.i.k.p.i.AbstractProblemLoader Environment load took 270.91ns 
149415     INFO  main            d.u.i.k.p.i.AbstractProblemLoader Creating init config 
152192     DEBUG main            d.u.i.k.p.i.AbstractProblemLoader Init config took 2.78s 
152238     INFO  main            d.u.i.k.p.i.AbstractProblemLoader Replaying proof AuxiliaryContractsFinally[AuxiliaryContractsFinally::breakThrowContinueBlockContract(java.lang.Exception)].JML block contract.0 
152240     DEBUG main            d.u.i.k.p.i.IntermediateProofReplayer Proof replay took 14.3ns 
152845     INFO  main            d.u.i.k.p.r.p.TestFile    ... finished proof: open goal(s) 
153176     INFO  main            d.u.i.k.p.r.p.TestFile    Now processing file /home/runner/work/key/key/key.core/../key.ui/examples/heap/block_loop_contracts/Finally/loop_finally.key 
153176     INFO  main            d.u.i.k.p.i.AbstractProblemLoader Loading environment from /home/runner/work/key/key/key.core/../key.ui/examples/heap/block_loop_contracts/Finally/loop_finally.key 
153176     DEBUG main            d.u.i.k.p.i.AbstractProblemLoader Environment load took 71.9ns 
153177     INFO  main            d.u.i.k.p.i.AbstractProblemLoader Creating init config 
155883     DEBUG main            d.u.i.k.p.i.AbstractProblemLoader Init config took 2.71s 
155931     INFO  main            d.u.i.k.p.i.AbstractProblemLoader Replaying proof AuxiliaryContractsFinally[AuxiliaryContractsFinally::breakThrowContinueLoopContract(java.lang.Exception)].JML normal_behavior loop contract.0 
155933     DEBUG main            d.u.i.k.p.i.IntermediateProofReplayer Proof replay took 14.7ns 
156674     INFO  main            d.u.i.k.p.r.p.TestFile    ... finished proof: open goal(s) 
743500     INFO  Test worker     d.u.i.k.p.r.RunAllProofsTestUnit Returning from test blockContracts 
743501     INFO  Test worker     d.u.i.k.p.r.RunAllProofsTestUnit Running test jmlAsserts 
377        INFO  Timeout watchdog d.u.i.k.p.r.p.ForkedTestFileRunner Timeout watcher launched (2000 secs.) 
397        WARN  main            d.u.i.k.s.ProofSettings   The settings in /home/runner/.key/proof-settings.props are *not* read. 
433        INFO  main            d.u.i.k.p.r.p.TestFile    Now processing file /home/runner/work/key/key/key.core/../key.ui/examples/standard_key/java_dl/jml-assert/assert.key 
606        INFO  main            d.u.i.k.p.i.AbstractProblemLoader Loading environment from /home/runner/work/key/key/key.core/../key.ui/examples/standard_key/java_dl/jml-assert/assert.key 
625        DEBUG main            d.u.i.k.p.i.AbstractProblemLoader Environment load took 2.04ms 
940        INFO  main            d.u.i.k.p.i.AbstractProblemLoader Creating init config 
1964       DEBUG main            d.u.i.k.j.TypeConverter   No LDT found for Meta 
1964       DEBUG main            d.u.i.k.j.TypeConverter   No LDT found for Meta 
1965       DEBUG main            d.u.i.k.j.TypeConverter   No LDT found for Meta 
1966       DEBUG main            d.u.i.k.j.TypeConverter   No LDT found for Meta 
3595       DEBUG main            d.u.i.k.j.TypeConverter   No LDT found for JavaBigintExpression 
9610       DEBUG main            d.u.i.k.p.i.AbstractProblemLoader Init config took 8.67s 
9752       INFO  main            d.u.i.k.p.i.AbstractProblemLoader Replaying proof Assert[Assert::createArray(int)].JML normal_behavior operation contract.0 
9790       DEBUG main            d.u.i.k.p.i.IntermediateProofReplayer Proof replay took 35.8ns 
10926      INFO  main            d.u.i.k.p.r.p.TestFile    ... finished proof: closed. 
11064      INFO  main            d.u.i.k.p.i.AbstractProblemLoader Loading environment from /home/runner/work/key/key/key.core/../key.ui/examples/standard_key/java_dl/jml-assert/assert.key.proof 
11064      DEBUG main            d.u.i.k.p.i.AbstractProblemLoader Environment load took 231.31ns 
11066      INFO  main            d.u.i.k.p.i.AbstractProblemLoader Creating init config 
14479      DEBUG main            d.u.i.k.p.i.AbstractProblemLoader Init config took 3.41s 
14565      INFO  main            d.u.i.k.p.i.AbstractProblemLoader Replaying proof Assert[Assert::createArray(int)].JML normal_behavior operation contract.0 
14710      DEBUG main            d.u.i.k.p.i.IntermediateProofReplayer Proof replay took 131.91ms 
14719      DEBUG main            d.u.i.k.p.r.p.TestFile    ... success: reloaded. 
14727      INFO  main            d.u.i.k.p.r.p.TestFile    Now processing file /home/runner/work/key/key/key.core/../key.ui/examples/heap/block_loop_contracts/Free/assertions0.key 
14730      INFO  main            d.u.i.k.p.i.AbstractProblemLoader Loading environment from /home/runner/work/key/key/key.core/../key.ui/examples/heap/block_loop_contracts/Free/assertions0.key 
14730      DEBUG main            d.u.i.k.p.i.AbstractProblemLoader Environment load took 153.21ns 
14732      INFO  main            d.u.i.k.p.i.AbstractProblemLoader Creating init config 
18048      DEBUG main            d.u.i.k.p.i.AbstractProblemLoader Init config took 3.32s 
18110      INFO  main            d.u.i.k.p.i.AbstractProblemLoader Replaying proof FreeConditions[FreeConditions::assertions0()].JML normal_behavior operation contract.0 
18114      DEBUG main            d.u.i.k.p.i.IntermediateProofReplayer Proof replay took 14.4ns 
18318      INFO  main            d.u.i.k.p.r.p.TestFile    ... finished proof: closed. 
18467      INFO  main            d.u.i.k.p.i.AbstractProblemLoader Loading environment from /home/runner/work/key/key/key.core/../key.ui/examples/heap/block_loop_contracts/Free/assertions0.key.proof 
18467      DEBUG main            d.u.i.k.p.i.AbstractProblemLoader Environment load took 139.5ns 
18470      INFO  main            d.u.i.k.p.i.AbstractProblemLoader Creating init config 
21630      DEBUG main            d.u.i.k.p.i.AbstractProblemLoader Init config took 3.16s 
21687      INFO  main            d.u.i.k.p.i.AbstractProblemLoader Replaying proof FreeConditions[FreeConditions::assertions0()].JML normal_behavior operation contract.0 
21711      DEBUG main            d.u.i.k.p.i.IntermediateProofReplayer Proof replay took 21.25ms 
21713      DEBUG main            d.u.i.k.p.r.p.TestFile    ... success: reloaded. 
21715      INFO  main            d.u.i.k.p.r.p.TestFile    Now processing file /home/runner/work/key/key/key.core/../key.ui/examples/heap/block_loop_contracts/Free/assertions1.key 
21715      INFO  main            d.u.i.k.p.i.AbstractProblemLoader Loading environment from /home/runner/work/key/key/key.core/../key.ui/examples/heap/block_loop_contracts/Free/assertions1.key 
21715      DEBUG main            d.u.i.k.p.i.AbstractProblemLoader Environment load took 284.91ns 
21717      INFO  main            d.u.i.k.p.i.AbstractProblemLoader Creating init config 
24733      DEBUG main            d.u.i.k.p.i.AbstractProblemLoader Init config took 3.02s 
24791      INFO  main            d.u.i.k.p.i.AbstractProblemLoader Replaying proof FreeConditions[FreeConditions::assertions1()].JML normal_behavior operation contract.0 
24794      DEBUG main            d.u.i.k.p.i.IntermediateProofReplayer Proof replay took 13.9ns 
24898      INFO  main            d.u.i.k.p.r.p.TestFile    ... finished proof: closed. 
25080      INFO  main            d.u.i.k.p.i.AbstractProblemLoader Loading environment from /home/runner/work/key/key/key.core/../key.ui/examples/heap/block_loop_contracts/Free/assertions1.key.proof 
25080      DEBUG main            d.u.i.k.p.i.AbstractProblemLoader Environment load took 147.8ns 
25086      INFO  main            d.u.i.k.p.i.AbstractProblemLoader Creating init config 
28118      DEBUG main            d.u.i.k.p.i.AbstractProblemLoader Init config took 3.03s 
28168      INFO  main            d.u.i.k.p.i.AbstractProblemLoader Replaying proof FreeConditions[FreeConditions::assertions1()].JML normal_behavior operation contract.0 
28176      DEBUG main            d.u.i.k.p.i.IntermediateProofReplayer Proof replay took 5.29ms 
28177      DEBUG main            d.u.i.k.p.r.p.TestFile    ... success: reloaded. 
28179      INFO  main            d.u.i.k.p.r.p.TestFile    Now processing file /home/runner/work/key/key/key.core/../key.ui/examples/standard_key/java_dl/jml-assert/recursion-assert.key 
28179      INFO  main            d.u.i.k.p.i.AbstractProblemLoader Loading environment from /home/runner/work/key/key/key.core/../key.ui/examples/standard_key/java_dl/jml-assert/recursion-assert.key 
28180      DEBUG main            d.u.i.k.p.i.AbstractProblemLoader Environment load took 279.01ns 
28181      INFO  main            d.u.i.k.p.i.AbstractProblemLoader Creating init config 
31383      DEBUG main            d.u.i.k.p.i.AbstractProblemLoader Init config took 3.2s 
31437      INFO  main            d.u.i.k.p.i.AbstractProblemLoader Replaying proof RecursiveMethod[RecursiveMethod::fac1(int)].JML normal_behavior operation contract.0 
31440      DEBUG main            d.u.i.k.p.i.IntermediateProofReplayer Proof replay took 6.3ns 
31643      INFO  main            d.u.i.k.p.r.p.TestFile    ... finished proof: closed. 
31866      INFO  main            d.u.i.k.p.i.AbstractProblemLoader Loading environment from /home/runner/work/key/key/key.core/../key.ui/examples/standard_key/java_dl/jml-assert/recursion-assert.key.proof 
31867      DEBUG main            d.u.i.k.p.i.AbstractProblemLoader Environment load took 145.81ns 
31868      INFO  main            d.u.i.k.p.i.AbstractProblemLoader Creating init config 
35010      DEBUG main            d.u.i.k.p.i.AbstractProblemLoader Init config took 3.14s 
35062      INFO  main            d.u.i.k.p.i.AbstractProblemLoader Replaying proof RecursiveMethod[RecursiveMethod::fac1(int)].JML normal_behavior operation contract.0 
35106      DEBUG main            d.u.i.k.p.i.IntermediateProofReplayer Proof replay took 40.27ms 
35108      DEBUG main            d.u.i.k.p.r.p.TestFile    ... success: reloaded. 
35109      INFO  main            d.u.i.k.p.r.p.TestFile    Now processing file /home/runner/work/key/key/key.core/../key.ui/examples/standard_key/java_dl/jml-assert/recursion-assume.key 
35109      INFO  main            d.u.i.k.p.i.AbstractProblemLoader Loading environment from /home/runner/work/key/key/key.core/../key.ui/examples/standard_key/java_dl/jml-assert/recursion-assume.key 
35110      DEBUG main            d.u.i.k.p.i.AbstractProblemLoader Environment load took 284.91ns 
35111      INFO  main            d.u.i.k.p.i.AbstractProblemLoader Creating init config 
38320      DEBUG main            d.u.i.k.p.i.AbstractProblemLoader Init config took 3.21s 
38371      INFO  main            d.u.i.k.p.i.AbstractProblemLoader Replaying proof RecursiveMethod[RecursiveMethod::fac2(int)].JML normal_behavior operation contract.0 
38373      DEBUG main            d.u.i.k.p.i.IntermediateProofReplayer Proof replay took 7.2ns 
38576      INFO  main            d.u.i.k.p.r.p.TestFile    ... finished proof: closed. 
38804      INFO  main            d.u.i.k.p.i.AbstractProblemLoader Loading environment from /home/runner/work/key/key/key.core/../key.ui/examples/standard_key/java_dl/jml-assert/recursion-assume.key.proof 
38805      DEBUG main            d.u.i.k.p.i.AbstractProblemLoader Environment load took 566.72ns 
38806      INFO  main            d.u.i.k.p.i.AbstractProblemLoader Creating init config 
41950      DEBUG main            d.u.i.k.p.i.AbstractProblemLoader Init config took 3.14s 
42020      INFO  main            d.u.i.k.p.i.AbstractProblemLoader Replaying proof RecursiveMethod[RecursiveMethod::fac2(int)].JML normal_behavior operation contract.0 
42060      DEBUG main            d.u.i.k.p.i.IntermediateProofReplayer Proof replay took 35.54ms 
42062      DEBUG main            d.u.i.k.p.r.p.TestFile    ... success: reloaded. 
42063      INFO  main            d.u.i.k.p.r.p.TestFile    Now processing file /home/runner/work/key/key/key.core/../key.ui/examples/standard_key/java_dl/jml-assert/quantor-assert.key 
42063      INFO  main            d.u.i.k.p.i.AbstractProblemLoader Loading environment from /home/runner/work/key/key/key.core/../key.ui/examples/standard_key/java_dl/jml-assert/quantor-assert.key 
42064      DEBUG main            d.u.i.k.p.i.AbstractProblemLoader Environment load took 282.51ns 
42065      INFO  main            d.u.i.k.p.i.AbstractProblemLoader Creating init config 
45233      DEBUG main            d.u.i.k.p.i.AbstractProblemLoader Init config took 3.17s 
45283      INFO  main            d.u.i.k.p.i.AbstractProblemLoader Replaying proof Quantor[Quantor::square1(int)].JML normal_behavior operation contract.0 
45284      DEBUG main            d.u.i.k.p.i.IntermediateProofReplayer Proof replay took 7.3ns 
45387      INFO  main            d.u.i.k.p.r.p.TestFile    ... finished proof: closed. 
45619      INFO  main            d.u.i.k.p.i.AbstractProblemLoader Loading environment from /home/runner/work/key/key/key.core/../key.ui/examples/standard_key/java_dl/jml-assert/quantor-assert.key.proof 
45620      DEBUG main            d.u.i.k.p.i.AbstractProblemLoader Environment load took 137ns 
45621      INFO  main            d.u.i.k.p.i.AbstractProblemLoader Creating init config 
48691      DEBUG main            d.u.i.k.p.i.AbstractProblemLoader Init config took 3.07s 
48766      INFO  main            d.u.i.k.p.i.AbstractProblemLoader Replaying proof Quantor[Quantor::square1(int)].JML normal_behavior operation contract.0 
48784      DEBUG main            d.u.i.k.p.i.IntermediateProofReplayer Proof replay took 15.42ms 
48785      DEBUG main            d.u.i.k.p.r.p.TestFile    ... success: reloaded. 
48786      INFO  main            d.u.i.k.p.r.p.TestFile    Now processing file /home/runner/work/key/key/key.core/../key.ui/examples/standard_key/java_dl/jml-assert/quantor-assume.key 
48787      INFO  main            d.u.i.k.p.i.AbstractProblemLoader Loading environment from /home/runner/work/key/key/key.core/../key.ui/examples/standard_key/java_dl/jml-assert/quantor-assume.key 
48787      DEBUG main            d.u.i.k.p.i.AbstractProblemLoader Environment load took 269.41ns 
48788      INFO  main            d.u.i.k.p.i.AbstractProblemLoader Creating init config 
51951      DEBUG main            d.u.i.k.p.i.AbstractProblemLoader Init config took 3.16s 
51999      INFO  main            d.u.i.k.p.i.AbstractProblemLoader Replaying proof Quantor[Quantor::square2(int)].JML normal_behavior operation contract.0 
52000      DEBUG main            d.u.i.k.p.i.IntermediateProofReplayer Proof replay took 7.4ns 
52106      INFO  main            d.u.i.k.p.r.p.TestFile    ... finished proof: closed. 
52334      INFO  main            d.u.i.k.p.i.AbstractProblemLoader Loading environment from /home/runner/work/key/key/key.core/../key.ui/examples/standard_key/java_dl/jml-assert/quantor-assume.key.proof 
52334      DEBUG main            d.u.i.k.p.i.AbstractProblemLoader Environment load took 132.7ns 
52335      INFO  main            d.u.i.k.p.i.AbstractProblemLoader Creating init config 
55377      DEBUG main            d.u.i.k.p.i.AbstractProblemLoader Init config took 3.04s 
55423      INFO  main            d.u.i.k.p.i.AbstractProblemLoader Replaying proof Quantor[Quantor::square2(int)].JML normal_behavior operation contract.0 
55438      DEBUG main            d.u.i.k.p.i.IntermediateProofReplayer Proof replay took 13.12ms 
55439      DEBUG main            d.u.i.k.p.r.p.TestFile    ... success: reloaded. 
55440      INFO  main            d.u.i.k.p.r.p.TestFile    Now processing file /home/runner/work/key/key/key.core/../key.ui/examples/standard_key/java_dl/jml-assert/model-methods-static-static.key 
55440      INFO  main            d.u.i.k.p.i.AbstractProblemLoader Loading environment from /home/runner/work/key/key/key.core/../key.ui/examples/standard_key/java_dl/jml-assert/model-methods-static-static.key 
55441      DEBUG main            d.u.i.k.p.i.AbstractProblemLoader Environment load took 287.21ns 
55442      INFO  main            d.u.i.k.p.i.AbstractProblemLoader Creating init config 
58557      DEBUG main            d.u.i.k.p.i.AbstractProblemLoader Init config took 3.12s 
58601      INFO  main            d.u.i.k.p.i.AbstractProblemLoader Replaying proof ModelMethods[ModelMethods::test1()].JML normal_behavior operation contract.0 
58603      DEBUG main            d.u.i.k.p.i.IntermediateProofReplayer Proof replay took 7.3ns 
58710      INFO  main            d.u.i.k.p.r.p.TestFile    ... finished proof: closed. 
58930      INFO  main            d.u.i.k.p.i.AbstractProblemLoader Loading environment from /home/runner/work/key/key/key.core/../key.ui/examples/standard_key/java_dl/jml-assert/model-methods-static-static.key.proof 
58930      DEBUG main            d.u.i.k.p.i.AbstractProblemLoader Environment load took 144.21ns 
58931      INFO  main            d.u.i.k.p.i.AbstractProblemLoader Creating init config 
61996      DEBUG main            d.u.i.k.p.i.AbstractProblemLoader Init config took 3.06s 
62040      INFO  main            d.u.i.k.p.i.AbstractProblemLoader Replaying proof ModelMethods[ModelMethods::test1()].JML normal_behavior operation contract.0 
62049      DEBUG main            d.u.i.k.p.i.IntermediateProofReplayer Proof replay took 6.58ms 
62050      DEBUG main            d.u.i.k.p.r.p.TestFile    ... success: reloaded. 
62051      INFO  main            d.u.i.k.p.r.p.TestFile    Now processing file /home/runner/work/key/key/key.core/../key.ui/examples/standard_key/java_dl/jml-assert/model-methods-instance-static.key 
62051      INFO  main            d.u.i.k.p.i.AbstractProblemLoader Loading environment from /home/runner/work/key/key/key.core/../key.ui/examples/standard_key/java_dl/jml-assert/model-methods-instance-static.key 
62051      DEBUG main            d.u.i.k.p.i.AbstractProblemLoader Environment load took 171.5ns 
62052      INFO  main            d.u.i.k.p.i.AbstractProblemLoader Creating init config 
65194      DEBUG main            d.u.i.k.p.i.AbstractProblemLoader Init config took 3.14s 
65238      INFO  main            d.u.i.k.p.i.AbstractProblemLoader Replaying proof ModelMethods[ModelMethods::test2()].JML normal_behavior operation contract.0 
65239      DEBUG main            d.u.i.k.p.i.IntermediateProofReplayer Proof replay took 9ns 
65342      INFO  main            d.u.i.k.p.r.p.TestFile    ... finished proof: closed. 
65579      INFO  main            d.u.i.k.p.i.AbstractProblemLoader Loading environment from /home/runner/work/key/key/key.core/../key.ui/examples/standard_key/java_dl/jml-assert/model-methods-instance-static.key.proof 
65579      DEBUG main            d.u.i.k.p.i.AbstractProblemLoader Environment load took 131ns 
65580      INFO  main            d.u.i.k.p.i.AbstractProblemLoader Creating init config 
68633      DEBUG main            d.u.i.k.p.i.AbstractProblemLoader Init config took 3.05s 
68689      INFO  main            d.u.i.k.p.i.AbstractProblemLoader Replaying proof ModelMethods[ModelMethods::test2()].JML normal_behavior operation contract.0 
68700      DEBUG main            d.u.i.k.p.i.IntermediateProofReplayer Proof replay took 8.79ms 
68701      DEBUG main            d.u.i.k.p.r.p.TestFile    ... success: reloaded. 
68703      INFO  main            d.u.i.k.p.r.p.TestFile    Now processing file /home/runner/work/key/key/key.core/../key.ui/examples/standard_key/java_dl/jml-assert/model-methods-instance-instance.key 
68703      INFO  main            d.u.i.k.p.i.AbstractProblemLoader Loading environment from /home/runner/work/key/key/key.core/../key.ui/examples/standard_key/java_dl/jml-assert/model-methods-instance-instance.key 
68703      DEBUG main            d.u.i.k.p.i.AbstractProblemLoader Environment load took 264.11ns 
68704      INFO  main            d.u.i.k.p.i.AbstractProblemLoader Creating init config 
71811      DEBUG main            d.u.i.k.p.i.AbstractProblemLoader Init config took 3.11s 
71854      INFO  main            d.u.i.k.p.i.AbstractProblemLoader Replaying proof ModelMethods[ModelMethods::test3()].JML normal_behavior operation contract.0 
71856      DEBUG main            d.u.i.k.p.i.IntermediateProofReplayer Proof replay took 8.1ns 
71962      INFO  main            d.u.i.k.p.r.p.TestFile    ... finished proof: closed. 
72195      INFO  main            d.u.i.k.p.i.AbstractProblemLoader Loading environment from /home/runner/work/key/key/key.core/../key.ui/examples/standard_key/java_dl/jml-assert/model-methods-instance-instance.key.proof 
72196      DEBUG main            d.u.i.k.p.i.AbstractProblemLoader Environment load took 145.1ns 
72197      INFO  main            d.u.i.k.p.i.AbstractProblemLoader Creating init config 
75257      DEBUG main            d.u.i.k.p.i.AbstractProblemLoader Init config took 3.06s 
75301      INFO  main            d.u.i.k.p.i.AbstractProblemLoader Replaying proof ModelMethods[ModelMethods::test3()].JML normal_behavior operation contract.0 
75314      DEBUG main            d.u.i.k.p.i.IntermediateProofReplayer Proof replay took 11.14ms 
75316      DEBUG main            d.u.i.k.p.r.p.TestFile    ... success: reloaded. 
75317      INFO  main            d.u.i.k.p.r.p.TestFile    Now processing file /home/runner/work/key/key/key.core/../key.ui/examples/standard_key/java_dl/jml-assert/model-methods-static-instance.key 
75317      INFO  main            d.u.i.k.p.i.AbstractProblemLoader Loading environment from /home/runner/work/key/key/key.core/../key.ui/examples/standard_key/java_dl/jml-assert/model-methods-static-instance.key 
75318      DEBUG main            d.u.i.k.p.i.AbstractProblemLoader Environment load took 260.31ns 
75319      INFO  main            d.u.i.k.p.i.AbstractProblemLoader Creating init config 
78495      DEBUG main            d.u.i.k.p.i.AbstractProblemLoader Init config took 3.18s 
78538      INFO  main            d.u.i.k.p.i.AbstractProblemLoader Replaying proof ModelMethods[ModelMethods::test4()].JML normal_behavior operation contract.0 
78539      DEBUG main            d.u.i.k.p.i.IntermediateProofReplayer Proof replay took 6.8ns 
78742      INFO  main            d.u.i.k.p.r.p.TestFile    ... finished proof: closed. 
78986      INFO  main            d.u.i.k.p.i.AbstractProblemLoader Loading environment from /home/runner/work/key/key/key.core/../key.ui/examples/standard_key/java_dl/jml-assert/model-methods-static-instance.key.proof 
78987      DEBUG main            d.u.i.k.p.i.AbstractProblemLoader Environment load took 1.27ms 
78991      INFO  main            d.u.i.k.p.i.AbstractProblemLoader Creating init config 
82068      DEBUG main            d.u.i.k.p.i.AbstractProblemLoader Init config took 3.08s 
82113      INFO  main            d.u.i.k.p.i.AbstractProblemLoader Replaying proof ModelMethods[ModelMethods::test4()].JML normal_behavior operation contract.0 
82147      DEBUG main            d.u.i.k.p.i.IntermediateProofReplayer Proof replay took 31.85ms 
82148      DEBUG main            d.u.i.k.p.r.p.TestFile    ... success: reloaded. 
82149      INFO  main            d.u.i.k.p.r.p.TestFile    Now processing file /home/runner/work/key/key/key.core/../key.ui/examples/standard_key/java_dl/jml-assert/assert-old/inc-field.key 
82149      INFO  main            d.u.i.k.p.i.AbstractProblemLoader Loading environment from /home/runner/work/key/key/key.core/../key.ui/examples/standard_key/java_dl/jml-assert/assert-old/inc-field.key 
82149      DEBUG main            d.u.i.k.p.i.AbstractProblemLoader Environment load took 73.8ns 
82150      INFO  main            d.u.i.k.p.i.AbstractProblemLoader Creating init config 
85182      DEBUG main            d.u.i.k.p.i.AbstractProblemLoader Init config took 3.03s 
85222      INFO  main            d.u.i.k.p.i.AbstractProblemLoader Replaying proof Inc[Inc::inc_field()].JML normal_behavior operation contract.0 
85224      DEBUG main            d.u.i.k.p.i.IntermediateProofReplayer Proof replay took 7.3ns 
85426      INFO  main            d.u.i.k.p.r.p.TestFile    ... finished proof: closed. 
85691      INFO  main            d.u.i.k.p.i.AbstractProblemLoader Loading environment from /home/runner/work/key/key/key.core/../key.ui/examples/standard_key/java_dl/jml-assert/assert-old/inc-field.key.proof 
85691      DEBUG main            d.u.i.k.p.i.AbstractProblemLoader Environment load took 136.4ns 
85692      INFO  main            d.u.i.k.p.i.AbstractProblemLoader Creating init config 
88708      DEBUG main            d.u.i.k.p.i.AbstractProblemLoader Init config took 3.02s 
88749      INFO  main            d.u.i.k.p.i.AbstractProblemLoader Replaying proof Inc[Inc::inc_field()].JML normal_behavior operation contract.0 
88777      DEBUG main            d.u.i.k.p.i.IntermediateProofReplayer Proof replay took 26.22ms 
88778      DEBUG main            d.u.i.k.p.r.p.TestFile    ... success: reloaded. 
88779      INFO  main            d.u.i.k.p.r.p.TestFile    Now processing file /home/runner/work/key/key/key.core/../key.ui/examples/standard_key/java_dl/jml-assert/assert-old/inc-parameter.key 
88779      INFO  main            d.u.i.k.p.i.AbstractProblemLoader Loading environment from /home/runner/work/key/key/key.core/../key.ui/examples/standard_key/java_dl/jml-assert/assert-old/inc-parameter.key 
88779      DEBUG main            d.u.i.k.p.i.AbstractProblemLoader Environment load took 119.8ns 
88780      INFO  main            d.u.i.k.p.i.AbstractProblemLoader Creating init config 
91751      DEBUG main            d.u.i.k.p.i.AbstractProblemLoader Init config took 2.97s 
91792      INFO  main            d.u.i.k.p.i.AbstractProblemLoader Replaying proof Inc[Inc::inc_parameter(int)].JML normal_behavior operation contract.0 
91793      DEBUG main            d.u.i.k.p.i.IntermediateProofReplayer Proof replay took 8.5ns 
91895      INFO  main            d.u.i.k.p.r.p.TestFile    ... finished proof: closed. 
92163      INFO  main            d.u.i.k.p.i.AbstractProblemLoader Loading environment from /home/runner/work/key/key/key.core/../key.ui/examples/standard_key/java_dl/jml-assert/assert-old/inc-parameter.key.proof 
92163      DEBUG main            d.u.i.k.p.i.AbstractProblemLoader Environment load took 136.1ns 
92164      INFO  main            d.u.i.k.p.i.AbstractProblemLoader Creating init config 
95145      DEBUG main            d.u.i.k.p.i.AbstractProblemLoader Init config took 2.98s 
95191      INFO  main            d.u.i.k.p.i.AbstractProblemLoader Replaying proof Inc[Inc::inc_parameter(int)].JML normal_behavior operation contract.0 
95207      DEBUG main            d.u.i.k.p.i.IntermediateProofReplayer Proof replay took 13.95ms 
95208      DEBUG main            d.u.i.k.p.r.p.TestFile    ... success: reloaded. 
95209      INFO  main            d.u.i.k.p.r.p.TestFile    Now processing file /home/runner/work/key/key/key.core/../key.ui/examples/standard_key/java_dl/jml-assert/assert-old/inc-parameter-field.key 
95210      INFO  main            d.u.i.k.p.i.AbstractProblemLoader Loading environment from /home/runner/work/key/key/key.core/../key.ui/examples/standard_key/java_dl/jml-assert/assert-old/inc-parameter-field.key 
95210      DEBUG main            d.u.i.k.p.i.AbstractProblemLoader Environment load took 253.61ns 
95211      INFO  main            d.u.i.k.p.i.AbstractProblemLoader Creating init config 
98230      DEBUG main            d.u.i.k.p.i.AbstractProblemLoader Init config took 3.02s 
98270      INFO  main            d.u.i.k.p.i.AbstractProblemLoader Replaying proof Inc[Inc::inc_parameter_field(Inc)].JML normal_behavior operation contract.0 
98271      DEBUG main            d.u.i.k.p.i.IntermediateProofReplayer Proof replay took 9ns 
98475      INFO  main            d.u.i.k.p.r.p.TestFile    ... finished proof: closed. 
98750      INFO  main            d.u.i.k.p.i.AbstractProblemLoader Loading environment from /home/runner/work/key/key/key.core/../key.ui/examples/standard_key/java_dl/jml-assert/assert-old/inc-parameter-field.key.proof 
98750      DEBUG main            d.u.i.k.p.i.AbstractProblemLoader Environment load took 148.5ns 
98751      INFO  main            d.u.i.k.p.i.AbstractProblemLoader Creating init config 
101689     DEBUG main            d.u.i.k.p.i.AbstractProblemLoader Init config took 2.94s 
101729     INFO  main            d.u.i.k.p.i.AbstractProblemLoader Replaying proof Inc[Inc::inc_parameter_field(Inc)].JML normal_behavior operation contract.0 
101759     DEBUG main            d.u.i.k.p.i.IntermediateProofReplayer Proof replay took 27.5ms 
101760     DEBUG main            d.u.i.k.p.r.p.TestFile    ... success: reloaded. 
101761     INFO  main            d.u.i.k.p.r.p.TestFile    Now processing file /home/runner/work/key/key/key.core/../key.ui/examples/standard_key/java_dl/jml-assert/assert-old/inc-ghost-field.key 
101761     INFO  main            d.u.i.k.p.i.AbstractProblemLoader Loading environment from /home/runner/work/key/key/key.core/../key.ui/examples/standard_key/java_dl/jml-assert/assert-old/inc-ghost-field.key 
101761     DEBUG main            d.u.i.k.p.i.AbstractProblemLoader Environment load took 98.7ns 
101762     INFO  main            d.u.i.k.p.i.AbstractProblemLoader Creating init config 
104744     DEBUG main            d.u.i.k.p.i.AbstractProblemLoader Init config took 2.98s 
104784     INFO  main            d.u.i.k.p.i.AbstractProblemLoader Replaying proof Inc[Inc::inc_ghost_field()].JML normal_behavior operation contract.0 
104785     DEBUG main            d.u.i.k.p.i.IntermediateProofReplayer Proof replay took 8ns 
104987     INFO  main            d.u.i.k.p.r.p.TestFile    ... finished proof: closed. 
105267     INFO  main            d.u.i.k.p.i.AbstractProblemLoader Loading environment from /home/runner/work/key/key/key.core/../key.ui/examples/standard_key/java_dl/jml-assert/assert-old/inc-ghost-field.key.proof 
105267     DEBUG main            d.u.i.k.p.i.AbstractProblemLoader Environment load took 133.5ns 
105268     INFO  main            d.u.i.k.p.i.AbstractProblemLoader Creating init config 
108148     DEBUG main            d.u.i.k.p.i.AbstractProblemLoader Init config took 2.88s 
108188     INFO  main            d.u.i.k.p.i.AbstractProblemLoader Replaying proof Inc[Inc::inc_ghost_field()].JML normal_behavior operation contract.0 
108212     DEBUG main            d.u.i.k.p.i.IntermediateProofReplayer Proof replay took 21.89ms 
108213     DEBUG main            d.u.i.k.p.r.p.TestFile    ... success: reloaded. 
851932     INFO  Test worker     d.u.i.k.p.r.RunAllProofsTestUnit Returning from test jmlAsserts 
851933     INFO  Test worker     d.u.i.k.p.r.RunAllProofsTestUnit Running test javaCard 
400        INFO  Timeout watchdog d.u.i.k.p.r.p.ForkedTestFileRunner Timeout watcher launched (2000 secs.) 
408        WARN  main            d.u.i.k.s.ProofSettings   The settings in /home/runner/.key/proof-settings.props are *not* read. 
445        INFO  main            d.u.i.k.p.r.p.TestFile    Now processing file /home/runner/work/key/key/key.core/../key.ui/examples/heap/javacard/updateBalance0.key 
601        INFO  main            d.u.i.k.p.i.AbstractProblemLoader Loading environment from /home/runner/work/key/key/key.core/../key.ui/examples/heap/javacard/updateBalance0.key 
626        DEBUG main            d.u.i.k.p.i.AbstractProblemLoader Environment load took 2.6ms 
887        INFO  main            d.u.i.k.p.i.AbstractProblemLoader Creating init config 
2001       DEBUG main            d.u.i.k.j.TypeConverter   No LDT found for Meta 
2001       DEBUG main            d.u.i.k.j.TypeConverter   No LDT found for Meta 
2005       DEBUG main            d.u.i.k.j.TypeConverter   No LDT found for Meta 
2005       DEBUG main            d.u.i.k.j.TypeConverter   No LDT found for Meta 
3619       DEBUG main            d.u.i.k.j.TypeConverter   No LDT found for JavaBigintExpression 
7540       DEBUG main            d.u.i.k.p.i.AbstractProblemLoader Init config took 6.65s 
7755       INFO  main            d.u.i.k.p.i.AbstractProblemLoader Replaying proof Examples[Examples::updateBalance(short)].JML normal_behavior operation contract.0 
7799       DEBUG main            d.u.i.k.p.i.IntermediateProofReplayer Proof replay took 35.5ns 
9334       INFO  main            d.u.i.k.p.r.p.TestFile    ... finished proof: closed. 
9500       INFO  main            d.u.i.k.p.i.AbstractProblemLoader Loading environment from /home/runner/work/key/key/key.core/../key.ui/examples/heap/javacard/updateBalance0.key.proof 
9502       DEBUG main            d.u.i.k.p.i.AbstractProblemLoader Environment load took 2.06ms 
9504       INFO  main            d.u.i.k.p.i.AbstractProblemLoader Creating init config 
11465      DEBUG main            d.u.i.k.p.i.AbstractProblemLoader Init config took 1.96s 
11528      INFO  main            d.u.i.k.p.i.AbstractProblemLoader Replaying proof Examples[Examples::updateBalance(short)].JML normal_behavior operation contract.0 
11681      DEBUG main            d.u.i.k.p.i.IntermediateProofReplayer Proof replay took 144.44ms 
11694      DEBUG main            d.u.i.k.p.r.p.TestFile    ... success: reloaded. 
11702      INFO  main            d.u.i.k.p.r.p.TestFile    Now processing file /home/runner/work/key/key/key.core/../key.ui/examples/heap/javacard/updateBalance1.key 
11702      INFO  main            d.u.i.k.p.i.AbstractProblemLoader Loading environment from /home/runner/work/key/key/key.core/../key.ui/examples/heap/javacard/updateBalance1.key 
11702      DEBUG main            d.u.i.k.p.i.AbstractProblemLoader Environment load took 149.21ns 
11705      INFO  main            d.u.i.k.p.i.AbstractProblemLoader Creating init config 
13768      DEBUG main            d.u.i.k.p.i.AbstractProblemLoader Init config took 2.06s 
13841      INFO  main            d.u.i.k.p.i.AbstractProblemLoader Replaying proof Examples[Examples::updateBalance(short)].JML normal_behavior operation contract.1 
13844      DEBUG main            d.u.i.k.p.i.IntermediateProofReplayer Proof replay took 7.3ns 
14654      INFO  main            d.u.i.k.p.r.p.TestFile    ... finished proof: closed. 
14787      INFO  main            d.u.i.k.p.i.AbstractProblemLoader Loading environment from /home/runner/work/key/key/key.core/../key.ui/examples/heap/javacard/updateBalance1.key.proof 
14788      DEBUG main            d.u.i.k.p.i.AbstractProblemLoader Environment load took 619.02ns 
14790      INFO  main            d.u.i.k.p.i.AbstractProblemLoader Creating init config 
16635      DEBUG main            d.u.i.k.p.i.AbstractProblemLoader Init config took 1.84s 
16685      INFO  main            d.u.i.k.p.i.AbstractProblemLoader Replaying proof Examples[Examples::updateBalance(short)].JML normal_behavior operation contract.1 
16816      DEBUG main            d.u.i.k.p.i.IntermediateProofReplayer Proof replay took 126.36ms 
16818      DEBUG main            d.u.i.k.p.r.p.TestFile    ... success: reloaded. 
16821      INFO  main            d.u.i.k.p.r.p.TestFile    Now processing file /home/runner/work/key/key/key.core/../key.ui/examples/heap/javacard/setArray1.key 
16821      INFO  main            d.u.i.k.p.i.AbstractProblemLoader Loading environment from /home/runner/work/key/key/key.core/../key.ui/examples/heap/javacard/setArray1.key 
16821      DEBUG main            d.u.i.k.p.i.AbstractProblemLoader Environment load took 140.21ns 
16823      INFO  main            d.u.i.k.p.i.AbstractProblemLoader Creating init config 
18630      DEBUG main            d.u.i.k.p.i.AbstractProblemLoader Init config took 1.81s 
18685      INFO  main            d.u.i.k.p.i.AbstractProblemLoader Replaying proof Examples[Examples::setArray1([B)].JML normal_behavior operation contract.0 
18690      DEBUG main            d.u.i.k.p.i.IntermediateProofReplayer Proof replay took 6.4ns 
19918      INFO  main            d.u.i.k.p.r.p.TestFile    ... finished proof: closed. 
20064      INFO  main            d.u.i.k.p.i.AbstractProblemLoader Loading environment from /home/runner/work/key/key/key.core/../key.ui/examples/heap/javacard/setArray1.key.proof 
20067      DEBUG main            d.u.i.k.p.i.AbstractProblemLoader Environment load took 2.67ms 
20068      INFO  main            d.u.i.k.p.i.AbstractProblemLoader Creating init config 
21837      DEBUG main            d.u.i.k.p.i.AbstractProblemLoader Init config took 1.77s 
21900      INFO  main            d.u.i.k.p.i.AbstractProblemLoader Replaying proof Examples[Examples::setArray1([B)].JML normal_behavior operation contract.0 
22110      DEBUG main            d.u.i.k.p.i.IntermediateProofReplayer Proof replay took 200.65ms 
22114      DEBUG main            d.u.i.k.p.r.p.TestFile    ... success: reloaded. 
22118      INFO  main            d.u.i.k.p.r.p.TestFile    Now processing file /home/runner/work/key/key/key.core/../key.ui/examples/heap/javacard/setArray2.key 
22119      INFO  main            d.u.i.k.p.i.AbstractProblemLoader Loading environment from /home/runner/work/key/key/key.core/../key.ui/examples/heap/javacard/setArray2.key 
22119      DEBUG main            d.u.i.k.p.i.AbstractProblemLoader Environment load took 301.01ns 
22120      INFO  main            d.u.i.k.p.i.AbstractProblemLoader Creating init config 
24003      DEBUG main            d.u.i.k.p.i.AbstractProblemLoader Init config took 1.88s 
24052      INFO  main            d.u.i.k.p.i.AbstractProblemLoader Replaying proof Examples[Examples::setArray2([B)].JML normal_behavior operation contract.0 
24054      DEBUG main            d.u.i.k.p.i.IntermediateProofReplayer Proof replay took 6.7ns 
25360      INFO  main            d.u.i.k.p.r.p.TestFile    ... finished proof: closed. 
25567      INFO  main            d.u.i.k.p.i.AbstractProblemLoader Loading environment from /home/runner/work/key/key/key.core/../key.ui/examples/heap/javacard/setArray2.key.proof 
25569      DEBUG main            d.u.i.k.p.i.AbstractProblemLoader Environment load took 2.26ms 
25571      INFO  main            d.u.i.k.p.i.AbstractProblemLoader Creating init config 
27332      DEBUG main            d.u.i.k.p.i.AbstractProblemLoader Init config took 1.76s 
27391      INFO  main            d.u.i.k.p.i.AbstractProblemLoader Replaying proof Examples[Examples::setArray2([B)].JML normal_behavior operation contract.0 
27588      DEBUG main            d.u.i.k.p.i.IntermediateProofReplayer Proof replay took 190.87ms 
27591      DEBUG main            d.u.i.k.p.r.p.TestFile    ... success: reloaded. 
27593      INFO  main            d.u.i.k.p.r.p.TestFile    Now processing file /home/runner/work/key/key/key.core/../key.ui/examples/heap/javacard/arrayFillNonAtomic.key 
27594      INFO  main            d.u.i.k.p.i.AbstractProblemLoader Loading environment from /home/runner/work/key/key/key.core/../key.ui/examples/heap/javacard/arrayFillNonAtomic.key 
27594      DEBUG main            d.u.i.k.p.i.AbstractProblemLoader Environment load took 283.11ns 
27595      INFO  main            d.u.i.k.p.i.AbstractProblemLoader Creating init config 
29420      DEBUG main            d.u.i.k.p.i.AbstractProblemLoader Init config took 1.83s 
29486      INFO  main            d.u.i.k.p.i.AbstractProblemLoader Replaying proof javacard.framework.Util[javacard.framework.Util::arrayFillNonAtomic([B,short,short,byte)].JML behavior operation contract.0.transaction_inactive 
29488      DEBUG main            d.u.i.k.p.i.IntermediateProofReplayer Proof replay took 7.1ns 
30439      DEBUG Thread-13       d.u.i.k.l.o.ProgramSV     Match failed: Former match of  SchemaVariable incompatible with  the current match. 
30439      DEBUG Thread-13       d.u.i.k.l.o.ProgramSV     Match failed: Former match of  SchemaVariable incompatible with  the current match. 
32113      DEBUG Thread-13       d.u.i.k.l.o.ProgramSV     Match failed: Former match of  SchemaVariable incompatible with  the current match. 
32114      DEBUG Thread-13       d.u.i.k.l.o.ProgramSV     Match failed: Former match of  SchemaVariable incompatible with  the current match. 
33961      INFO  main            d.u.i.k.p.r.p.TestFile    ... finished proof: closed. 
34151      INFO  main            d.u.i.k.p.i.AbstractProblemLoader Loading environment from /home/runner/work/key/key/key.core/../key.ui/examples/heap/javacard/arrayFillNonAtomic.key.proof 
34152      DEBUG main            d.u.i.k.p.i.AbstractProblemLoader Environment load took 570.92ns 
34156      INFO  main            d.u.i.k.p.i.AbstractProblemLoader Creating init config 
35984      DEBUG main            d.u.i.k.p.i.AbstractProblemLoader Init config took 1.83s 
36066      INFO  main            d.u.i.k.p.i.AbstractProblemLoader Replaying proof javacard.framework.Util[javacard.framework.Util::arrayFillNonAtomic([B,short,short,byte)].JML behavior operation contract.0.transaction_inactive 
36945      DEBUG main            d.u.i.k.p.i.IntermediateProofReplayer Proof replay took 857.36ms 
36947      DEBUG main            d.u.i.k.p.r.p.TestFile    ... success: reloaded. 
36949      INFO  main            d.u.i.k.p.r.p.TestFile    Now processing file /home/runner/work/key/key/key.core/../key.ui/examples/heap/coincidence_count/project.key 
36949      INFO  main            d.u.i.k.p.i.AbstractProblemLoader Loading environment from /home/runner/work/key/key/key.core/../key.ui/examples/heap/coincidence_count/project.key 
36950      DEBUG main            d.u.i.k.p.i.AbstractProblemLoader Environment load took 272.31ns 
36951      INFO  main            d.u.i.k.p.i.AbstractProblemLoader Creating init config 
40841      DEBUG main            d.u.i.k.p.i.AbstractProblemLoader Init config took 3.89s 
40893      INFO  main            d.u.i.k.p.i.AbstractProblemLoader Replaying proof CC[CC::calcCoinIndex([I,[I)].JML normal_behavior operation contract.0 
40898      DEBUG main            d.u.i.k.p.i.IntermediateProofReplayer Proof replay took 7.7ns 
61630      INFO  main            d.u.i.k.p.r.p.TestFile    ... finished proof: closed. 
61974      INFO  main            d.u.i.k.p.i.AbstractProblemLoader Loading environment from /home/runner/work/key/key/key.core/../key.ui/examples/heap/coincidence_count/project.key.proof 
61974      DEBUG main            d.u.i.k.p.i.AbstractProblemLoader Environment load took 583.32ns 
61979      INFO  main            d.u.i.k.p.i.AbstractProblemLoader Creating init config 
64949      DEBUG main            d.u.i.k.p.i.AbstractProblemLoader Init config took 2.97s 
65016      INFO  main            d.u.i.k.p.i.AbstractProblemLoader Replaying proof CC[CC::calcCoinIndex([I,[I)].JML normal_behavior operation contract.0 
65869      DEBUG main            d.u.i.k.p.i.IntermediateProofReplayer Proof replay took 790.57ms 
65873      DEBUG main            d.u.i.k.p.r.p.TestFile    ... success: reloaded. 
65876      INFO  main            d.u.i.k.p.r.p.TestFile    Now processing file /home/runner/work/key/key/key.core/../key.ui/examples/heap/verifyThis11_1_Maximum/project.key 
65877      INFO  main            d.u.i.k.p.i.AbstractProblemLoader Loading environment from /home/runner/work/key/key/key.core/../key.ui/examples/heap/verifyThis11_1_Maximum/project.key 
65877      DEBUG main            d.u.i.k.p.i.AbstractProblemLoader Environment load took 125.3ns 
65878      INFO  main            d.u.i.k.p.i.AbstractProblemLoader Creating init config 
68770      DEBUG main            d.u.i.k.p.i.AbstractProblemLoader Init config took 2.89s 
68816      INFO  main            d.u.i.k.p.i.AbstractProblemLoader Replaying proof Maximum[Maximum::maxIndex([I)].JML normal_behavior operation contract.0 
68818      DEBUG main            d.u.i.k.p.i.IntermediateProofReplayer Proof replay took 7.6ns 
69923      INFO  main            d.u.i.k.p.r.p.TestFile    ... finished proof: closed. 
70230      INFO  main            d.u.i.k.p.i.AbstractProblemLoader Loading environment from /home/runner/work/key/key/key.core/../key.ui/examples/heap/verifyThis11_1_Maximum/project.key.proof 
70230      DEBUG main            d.u.i.k.p.i.AbstractProblemLoader Environment load took 555.02ns 
70232      INFO  main            d.u.i.k.p.i.AbstractProblemLoader Creating init config 
73087      DEBUG main            d.u.i.k.p.i.AbstractProblemLoader Init config took 2.86s 
73133      INFO  main            d.u.i.k.p.i.AbstractProblemLoader Replaying proof Maximum[Maximum::maxIndex([I)].JML normal_behavior operation contract.0 
73272      DEBUG main            d.u.i.k.p.i.IntermediateProofReplayer Proof replay took 132.62ms 
73273      DEBUG main            d.u.i.k.p.r.p.TestFile    ... success: reloaded. 
73274      INFO  main            d.u.i.k.p.r.p.TestFile    Now processing file /home/runner/work/key/key/key.core/../key.ui/examples/heap/fm12_01_LRS/lcp.key 
73274      INFO  main            d.u.i.k.p.i.AbstractProblemLoader Loading environment from /home/runner/work/key/key/key.core/../key.ui/examples/heap/fm12_01_LRS/lcp.key 
73274      DEBUG main            d.u.i.k.p.i.AbstractProblemLoader Environment load took 112.5ns 
73275      INFO  main            d.u.i.k.p.i.AbstractProblemLoader Creating init config 
76963      DEBUG main            d.u.i.k.p.i.AbstractProblemLoader Init config took 3.69s 
77029      INFO  main            d.u.i.k.p.i.AbstractProblemLoader Replaying proof LCP[LCP::lcp([I,int,int)].JML normal_behavior operation contract.0 
77033      DEBUG main            d.u.i.k.p.i.IntermediateProofReplayer Proof replay took 6.7ns 
78073      INFO  main            d.u.i.k.p.r.p.TestFile    ... finished proof: closed. 
78374      INFO  main            d.u.i.k.p.i.AbstractProblemLoader Loading environment from /home/runner/work/key/key/key.core/../key.ui/examples/heap/fm12_01_LRS/lcp.key.proof 
78375      DEBUG main            d.u.i.k.p.i.AbstractProblemLoader Environment load took 553.32ns 
78376      INFO  main            d.u.i.k.p.i.AbstractProblemLoader Creating init config 
81809      DEBUG main            d.u.i.k.p.i.AbstractProblemLoader Init config took 3.43s 
81877      INFO  main            d.u.i.k.p.i.AbstractProblemLoader Replaying proof LCP[LCP::lcp([I,int,int)].JML normal_behavior operation contract.0 
82055      DEBUG main            d.u.i.k.p.i.IntermediateProofReplayer Proof replay took 171.59ms 
82057      DEBUG main            d.u.i.k.p.r.p.TestFile    ... success: reloaded. 
82058      INFO  main            d.u.i.k.p.r.p.TestFile    Now processing file /home/runner/work/key/key/key.core/../key.ui/examples/heap/SemanticSlicing/project.key 
82059      INFO  main            d.u.i.k.p.i.AbstractProblemLoader Loading environment from /home/runner/work/key/key/key.core/../key.ui/examples/heap/SemanticSlicing/project.key 
82059      DEBUG main            d.u.i.k.p.i.AbstractProblemLoader Environment load took 261.71ns 
82060      INFO  main            d.u.i.k.p.i.AbstractProblemLoader Creating init config 
85122      DEBUG main            d.u.i.k.p.i.AbstractProblemLoader Init config took 3.06s 
85184      INFO  main            d.u.i.k.p.i.AbstractProblemLoader Replaying proof unsatcore_after.competition.postcond5.scope333.LRS[unsatcore_after.competition.postcond5.scope333.LRS::doLRS()].JML operation contract.0 
85186      DEBUG main            d.u.i.k.p.i.IntermediateProofReplayer Proof replay took 6.4ns 
89788      INFO  main            d.u.i.k.p.r.p.TestFile    ... finished proof: closed. 
90122      INFO  main            d.u.i.k.p.i.AbstractProblemLoader Loading environment from /home/runner/work/key/key/key.core/../key.ui/examples/heap/SemanticSlicing/project.key.proof 
90123      DEBUG main            d.u.i.k.p.i.AbstractProblemLoader Environment load took 610.02ns 
90125      INFO  main            d.u.i.k.p.i.AbstractProblemLoader Creating init config 
93094      DEBUG main            d.u.i.k.p.i.AbstractProblemLoader Init config took 2.97s 
93158      INFO  main            d.u.i.k.p.i.AbstractProblemLoader Replaying proof unsatcore_after.competition.postcond5.scope333.LRS[unsatcore_after.competition.postcond5.scope333.LRS::doLRS()].JML operation contract.0 
93838      DEBUG main            d.u.i.k.p.i.IntermediateProofReplayer Proof replay took 667.52ms 
93840      DEBUG main            d.u.i.k.p.r.p.TestFile    ... success: reloaded. 
93842      INFO  main            d.u.i.k.p.r.p.TestFile    Now processing file /home/runner/work/key/key/key.core/../key.ui/examples/heap/information_flow/ArrayList_contains.key 
93842      INFO  main            d.u.i.k.p.i.AbstractProblemLoader Loading environment from /home/runner/work/key/key/key.core/../key.ui/examples/heap/information_flow/ArrayList_contains.key 
93843      DEBUG main            d.u.i.k.p.i.AbstractProblemLoader Environment load took 263.21ns 
93844      INFO  main            d.u.i.k.p.i.AbstractProblemLoader Creating init config 
97024      DEBUG main            d.u.i.k.p.i.AbstractProblemLoader Init config took 3.18s 
97070      INFO  main            d.u.i.k.p.i.AbstractProblemLoader Replaying proof ArrayList[ArrayList::get(int)].JML normal_behavior operation contract.0 
97072      DEBUG main            d.u.i.k.p.i.IntermediateProofReplayer Proof replay took 6.1ns 
97475      INFO  main            d.u.i.k.p.r.p.TestFile    ... finished proof: closed. 
97747      INFO  main            d.u.i.k.p.i.AbstractProblemLoader Loading environment from /home/runner/work/key/key/key.core/../key.ui/examples/heap/information_flow/ArrayList_contains.key.proof 
97747      DEBUG main            d.u.i.k.p.i.AbstractProblemLoader Environment load took 137ns 
97748      INFO  main            d.u.i.k.p.i.AbstractProblemLoader Creating init config 
100872     DEBUG main            d.u.i.k.p.i.AbstractProblemLoader Init config took 3.12s 
100918     INFO  main            d.u.i.k.p.i.AbstractProblemLoader Replaying proof ArrayList[ArrayList::get(int)].JML normal_behavior operation contract.0 
100996     DEBUG main            d.u.i.k.p.i.IntermediateProofReplayer Proof replay took 74.49ms 
100997     DEBUG main            d.u.i.k.p.r.p.TestFile    ... success: reloaded. 
100998     INFO  main            d.u.i.k.p.r.p.TestFile    Now processing file /home/runner/work/key/key/key.core/../key.ui/examples/heap/information_flow/ArrayList_get.key 
100999     INFO  main            d.u.i.k.p.i.AbstractProblemLoader Loading environment from /home/runner/work/key/key/key.core/../key.ui/examples/heap/information_flow/ArrayList_get.key 
100999     DEBUG main            d.u.i.k.p.i.AbstractProblemLoader Environment load took 266.21ns 
101000     INFO  main            d.u.i.k.p.i.AbstractProblemLoader Creating init config 
104120     DEBUG main            d.u.i.k.p.i.AbstractProblemLoader Init config took 3.12s 
104187     INFO  main            d.u.i.k.p.i.AbstractProblemLoader Replaying proof ArrayList[ArrayList::contains(java.lang.Object)].JML normal_behavior operation contract.0 
104189     DEBUG main            d.u.i.k.p.i.IntermediateProofReplayer Proof replay took 6.4ns 
105196     INFO  main            d.u.i.k.p.r.p.TestFile    ... finished proof: closed. 
105535     INFO  main            d.u.i.k.p.i.AbstractProblemLoader Loading environment from /home/runner/work/key/key/key.core/../key.ui/examples/heap/information_flow/ArrayList_get.key.proof 
105536     DEBUG main            d.u.i.k.p.i.AbstractProblemLoader Environment load took 655.92ns 
105537     INFO  main            d.u.i.k.p.i.AbstractProblemLoader Creating init config 
108578     DEBUG main            d.u.i.k.p.i.AbstractProblemLoader Init config took 3.04s 
108621     INFO  main            d.u.i.k.p.i.AbstractProblemLoader Replaying proof ArrayList[ArrayList::contains(java.lang.Object)].JML normal_behavior operation contract.0 
108781     DEBUG main            d.u.i.k.p.i.IntermediateProofReplayer Proof replay took 154.55ms 
108783     DEBUG main            d.u.i.k.p.r.p.TestFile    ... success: reloaded. 
108784     INFO  main            d.u.i.k.p.r.p.TestFile    Now processing file /home/runner/work/key/key/key.core/../key.ui/examples/heap/information_flow/ArrayList_size.key 
108784     INFO  main            d.u.i.k.p.i.AbstractProblemLoader Loading environment from /home/runner/work/key/key/key.core/../key.ui/examples/heap/information_flow/ArrayList_size.key 
108785     DEBUG main            d.u.i.k.p.i.AbstractProblemLoader Environment load took 285.81ns 
108786     INFO  main            d.u.i.k.p.i.AbstractProblemLoader Creating init config 
111846     DEBUG main            d.u.i.k.p.i.AbstractProblemLoader Init config took 3.06s 
111889     INFO  main            d.u.i.k.p.i.AbstractProblemLoader Replaying proof ArrayList[ArrayList::size()].JML normal_behavior operation contract.0 
111891     DEBUG main            d.u.i.k.p.i.IntermediateProofReplayer Proof replay took 7.2ns 
111993     INFO  main            d.u.i.k.p.r.p.TestFile    ... finished proof: closed. 
112368     INFO  main            d.u.i.k.p.i.AbstractProblemLoader Loading environment from /home/runner/work/key/key/key.core/../key.ui/examples/heap/information_flow/ArrayList_size.key.proof 
112369     DEBUG main            d.u.i.k.p.i.AbstractProblemLoader Environment load took 172.31ns 
112370     INFO  main            d.u.i.k.p.i.AbstractProblemLoader Creating init config 
115458     DEBUG main            d.u.i.k.p.i.AbstractProblemLoader Init config took 3.09s 
115502     INFO  main            d.u.i.k.p.i.AbstractProblemLoader Replaying proof ArrayList[ArrayList::size()].JML normal_behavior operation contract.0 
115517     DEBUG main            d.u.i.k.p.i.IntermediateProofReplayer Proof replay took 12.49ms 
115518     DEBUG main            d.u.i.k.p.r.p.TestFile    ... success: reloaded. 
115519     INFO  main            d.u.i.k.p.r.p.TestFile    Now processing file /home/runner/work/key/key/key.core/../key.ui/examples/heap/information_flow/UpdateAbstraction_ex7_3_secure.key 
115520     INFO  main            d.u.i.k.p.i.AbstractProblemLoader Loading environment from /home/runner/work/key/key/key.core/../key.ui/examples/heap/information_flow/UpdateAbstraction_ex7_3_secure.key 
115520     DEBUG main            d.u.i.k.p.i.AbstractProblemLoader Environment load took 297.41ns 
115521     INFO  main            d.u.i.k.p.i.AbstractProblemLoader Creating init config 
118700     DEBUG main            d.u.i.k.p.i.AbstractProblemLoader Init config took 3.18s 
118746     INFO  main            d.u.i.k.p.i.AbstractProblemLoader Replaying proof UpdateAbstraction[UpdateAbstraction::ex7_3_secure()].JML operation contract.0 
118747     DEBUG main            d.u.i.k.p.i.IntermediateProofReplayer Proof replay took 6.2ns 
118949     INFO  main            d.u.i.k.p.r.p.TestFile    ... finished proof: closed. 
119265     INFO  main            d.u.i.k.p.i.AbstractProblemLoader Loading environment from /home/runner/work/key/key/key.core/../key.ui/examples/heap/information_flow/UpdateAbstraction_ex7_3_secure.key.proof 
119265     DEBUG main            d.u.i.k.p.i.AbstractProblemLoader Environment load took 140.7ns 
119266     INFO  main            d.u.i.k.p.i.AbstractProblemLoader Creating init config 
122310     DEBUG main            d.u.i.k.p.i.AbstractProblemLoader Init config took 3.04s 
122350     INFO  main            d.u.i.k.p.i.AbstractProblemLoader Replaying proof UpdateAbstraction[UpdateAbstraction::ex7_3_secure()].JML operation contract.0 
122379     DEBUG main            d.u.i.k.p.i.IntermediateProofReplayer Proof replay took 26.55ms 
122380     DEBUG main            d.u.i.k.p.r.p.TestFile    ... success: reloaded. 
122381     INFO  main            d.u.i.k.p.r.p.TestFile    Now processing file /home/runner/work/key/key/key.core/../key.ui/examples/heap/information_flow/UpdateAbstraction_ex7_4_secure.key 
122381     INFO  main            d.u.i.k.p.i.AbstractProblemLoader Loading environment from /home/runner/work/key/key/key.core/../key.ui/examples/heap/information_flow/UpdateAbstraction_ex7_4_secure.key 
122381     DEBUG main            d.u.i.k.p.i.AbstractProblemLoader Environment load took 101.3ns 
122382     INFO  main            d.u.i.k.p.i.AbstractProblemLoader Creating init config 
125498     DEBUG main            d.u.i.k.p.i.AbstractProblemLoader Init config took 3.12s 
125546     INFO  main            d.u.i.k.p.i.AbstractProblemLoader Replaying proof UpdateAbstraction[UpdateAbstraction::ex7_4_secure()].JML operation contract.0 
125547     DEBUG main            d.u.i.k.p.i.IntermediateProofReplayer Proof replay took 6ns 
125751     INFO  main            d.u.i.k.p.r.p.TestFile    ... finished proof: closed. 
126092     INFO  main            d.u.i.k.p.i.AbstractProblemLoader Loading environment from /home/runner/work/key/key/key.core/../key.ui/examples/heap/information_flow/UpdateAbstraction_ex7_4_secure.key.proof 
126092     DEBUG main            d.u.i.k.p.i.AbstractProblemLoader Environment load took 136.7ns 
126093     INFO  main            d.u.i.k.p.i.AbstractProblemLoader Creating init config 
129150     DEBUG main            d.u.i.k.p.i.AbstractProblemLoader Init config took 3.06s 
129191     INFO  main            d.u.i.k.p.i.AbstractProblemLoader Replaying proof UpdateAbstraction[UpdateAbstraction::ex7_4_secure()].JML operation contract.0 
129235     DEBUG main            d.u.i.k.p.i.IntermediateProofReplayer Proof replay took 41.44ms 
129236     DEBUG main            d.u.i.k.p.r.p.TestFile    ... success: reloaded. 
129237     INFO  main            d.u.i.k.p.r.p.TestFile    Now processing file /home/runner/work/key/key/key.core/../key.ui/examples/heap/information_flow/UpdateAbstraction_ex7_5_secure.key 
129237     INFO  main            d.u.i.k.p.i.AbstractProblemLoader Loading environment from /home/runner/work/key/key/key.core/../key.ui/examples/heap/information_flow/UpdateAbstraction_ex7_5_secure.key 
129237     DEBUG main            d.u.i.k.p.i.AbstractProblemLoader Environment load took 117.4ns 
129238     INFO  main            d.u.i.k.p.i.AbstractProblemLoader Creating init config 
132308     DEBUG main            d.u.i.k.p.i.AbstractProblemLoader Init config took 3.07s 
132349     INFO  main            d.u.i.k.p.i.AbstractProblemLoader Replaying proof UpdateAbstraction[UpdateAbstraction::ex7_5_secure()].JML operation contract.0 
132351     DEBUG main            d.u.i.k.p.i.IntermediateProofReplayer Proof replay took 7.1ns 
132454     INFO  main            d.u.i.k.p.r.p.TestFile    ... finished proof: closed. 
132774     INFO  main            d.u.i.k.p.i.AbstractProblemLoader Loading environment from /home/runner/work/key/key/key.core/../key.ui/examples/heap/information_flow/UpdateAbstraction_ex7_5_secure.key.proof 
132774     DEBUG main            d.u.i.k.p.i.AbstractProblemLoader Environment load took 137.8ns 
132775     INFO  main            d.u.i.k.p.i.AbstractProblemLoader Creating init config 
135804     DEBUG main            d.u.i.k.p.i.AbstractProblemLoader Init config took 3.03s 
135844     INFO  main            d.u.i.k.p.i.AbstractProblemLoader Replaying proof UpdateAbstraction[UpdateAbstraction::ex7_5_secure()].JML operation contract.0 
135863     DEBUG main            d.u.i.k.p.i.IntermediateProofReplayer Proof replay took 16.57ms 
135864     DEBUG main            d.u.i.k.p.r.p.TestFile    ... success: reloaded. 
135864     INFO  main            d.u.i.k.p.r.p.TestFile    Now processing file /home/runner/work/key/key/key.core/../key.ui/examples/heap/information_flow/UpdateAbstraction_ex7_6_secure.key 
135864     INFO  main            d.u.i.k.p.i.AbstractProblemLoader Loading environment from /home/runner/work/key/key/key.core/../key.ui/examples/heap/information_flow/UpdateAbstraction_ex7_6_secure.key 
135865     DEBUG main            d.u.i.k.p.i.AbstractProblemLoader Environment load took 72.9ns 
135865     INFO  main            d.u.i.k.p.i.AbstractProblemLoader Creating init config 
138976     DEBUG main            d.u.i.k.p.i.AbstractProblemLoader Init config took 3.11s 
139016     INFO  main            d.u.i.k.p.i.AbstractProblemLoader Replaying proof UpdateAbstraction[UpdateAbstraction::ex7_6_secure()].JML operation contract.0 
139018     DEBUG main            d.u.i.k.p.i.IntermediateProofReplayer Proof replay took 5.5ns 
139321     INFO  main            d.u.i.k.p.r.p.TestFile    ... finished proof: closed. 
139664     INFO  main            d.u.i.k.p.i.AbstractProblemLoader Loading environment from /home/runner/work/key/key/key.core/../key.ui/examples/heap/information_flow/UpdateAbstraction_ex7_6_secure.key.proof 
139665     DEBUG main            d.u.i.k.p.i.AbstractProblemLoader Environment load took 340.61ns 
139666     INFO  main            d.u.i.k.p.i.AbstractProblemLoader Creating init config 
142726     DEBUG main            d.u.i.k.p.i.AbstractProblemLoader Init config took 3.06s 
142774     INFO  main            d.u.i.k.p.i.AbstractProblemLoader Replaying proof UpdateAbstraction[UpdateAbstraction::ex7_6_secure()].JML operation contract.0 
142837     DEBUG main            d.u.i.k.p.i.IntermediateProofReplayer Proof replay took 60.65ms 
142839     DEBUG main            d.u.i.k.p.r.p.TestFile    ... success: reloaded. 
142839     INFO  main            d.u.i.k.p.r.p.TestFile    Now processing file /home/runner/work/key/key/key.core/../key.ui/examples/heap/information_flow/UpdateAbstraction_ex9_secure.key 
142840     INFO  main            d.u.i.k.p.i.AbstractProblemLoader Loading environment from /home/runner/work/key/key/key.core/../key.ui/examples/heap/information_flow/UpdateAbstraction_ex9_secure.key 
142840     DEBUG main            d.u.i.k.p.i.AbstractProblemLoader Environment load took 100.6ns 
142841     INFO  main            d.u.i.k.p.i.AbstractProblemLoader Creating init config 
145915     DEBUG main            d.u.i.k.p.i.AbstractProblemLoader Init config took 3.07s 
145956     INFO  main            d.u.i.k.p.i.AbstractProblemLoader Replaying proof UpdateAbstraction[UpdateAbstraction::ex9_secure()].JML operation contract.0 
145961     DEBUG main            d.u.i.k.p.i.IntermediateProofReplayer Proof replay took 10.5ns 
147066     INFO  main            d.u.i.k.p.r.p.TestFile    ... finished proof: closed. 
147445     INFO  main            d.u.i.k.p.i.AbstractProblemLoader Loading environment from /home/runner/work/key/key/key.core/../key.ui/examples/heap/information_flow/UpdateAbstraction_ex9_secure.key.proof 
147445     DEBUG main            d.u.i.k.p.i.AbstractProblemLoader Environment load took 136.2ns 
147446     INFO  main            d.u.i.k.p.i.AbstractProblemLoader Creating init config 
150509     DEBUG main            d.u.i.k.p.i.AbstractProblemLoader Init config took 3.06s 
150557     INFO  main            d.u.i.k.p.i.AbstractProblemLoader Replaying proof UpdateAbstraction[UpdateAbstraction::ex9_secure()].JML operation contract.0 
150731     DEBUG main            d.u.i.k.p.i.IntermediateProofReplayer Proof replay took 170.72ms 
150733     DEBUG main            d.u.i.k.p.r.p.TestFile    ... success: reloaded. 
1002880    INFO  Test worker     d.u.i.k.p.r.RunAllProofsTestUnit Returning from test javaCard 
1002882    INFO  Test worker     d.u.i.k.p.r.RunAllProofsTestUnit Running test list 
457        INFO  Timeout watchdog d.u.i.k.p.r.p.ForkedTestFileRunner Timeout watcher launched (2000 secs.) 
486        WARN  main            d.u.i.k.s.ProofSettings   The settings in /home/runner/.key/proof-settings.props are *not* read. 
538        INFO  main            d.u.i.k.p.r.p.TestFile    Now processing file /home/runner/work/key/key/key.core/../key.ui/examples/heap/list/ArrayList_add.key 
687        INFO  main            d.u.i.k.p.i.AbstractProblemLoader Loading environment from /home/runner/work/key/key/key.core/../key.ui/examples/heap/list/ArrayList_add.key 
714        DEBUG main            d.u.i.k.p.i.AbstractProblemLoader Environment load took 8.27ms 
973        INFO  main            d.u.i.k.p.i.AbstractProblemLoader Creating init config 
2152       DEBUG main            d.u.i.k.j.TypeConverter   No LDT found for Meta 
2153       DEBUG main            d.u.i.k.j.TypeConverter   No LDT found for Meta 
2157       DEBUG main            d.u.i.k.j.TypeConverter   No LDT found for Meta 
2157       DEBUG main            d.u.i.k.j.TypeConverter   No LDT found for Meta 
3960       DEBUG main            d.u.i.k.j.TypeConverter   No LDT found for JavaBigintExpression 
7806       DEBUG main            d.u.i.k.j.r.ClassPreparationMethodBuilder clPrepBuilder: Inner Class detected. Reject building class initialisation methods. 
10938      DEBUG main            d.u.i.k.p.i.AbstractProblemLoader Init config took 9.97s 
11107      INFO  main            d.u.i.k.p.i.AbstractProblemLoader Replaying proof ArrayList[List::add(java.lang.Object)].JML normal_behavior operation contract.0 
11148      DEBUG main            d.u.i.k.p.i.IntermediateProofReplayer Proof replay took 40.9ns 
17753      INFO  main            d.u.i.k.p.r.p.TestFile    ... finished proof: closed. 
17986      INFO  main            d.u.i.k.p.i.AbstractProblemLoader Loading environment from /home/runner/work/key/key/key.core/../key.ui/examples/heap/list/ArrayList_add.key.proof 
17987      DEBUG main            d.u.i.k.p.i.AbstractProblemLoader Environment load took 576.82ns 
17995      INFO  main            d.u.i.k.p.i.AbstractProblemLoader Creating init config 
19308      DEBUG main            d.u.i.k.j.r.ClassPreparationMethodBuilder clPrepBuilder: Inner Class detected. Reject building class initialisation methods. 
21861      DEBUG main            d.u.i.k.p.i.AbstractProblemLoader Init config took 3.87s 
21966      INFO  main            d.u.i.k.p.i.AbstractProblemLoader Replaying proof ArrayList[List::add(java.lang.Object)].JML normal_behavior operation contract.0 
22677      DEBUG main            d.u.i.k.p.i.IntermediateProofReplayer Proof replay took 658.24ms 
22689      DEBUG main            d.u.i.k.p.r.p.TestFile    ... success: reloaded. 
22694      INFO  main            d.u.i.k.p.r.p.TestFile    Now processing file /home/runner/work/key/key/key.core/../key.ui/examples/heap/list/ArrayList_ArrayList.key 
22695      INFO  main            d.u.i.k.p.i.AbstractProblemLoader Loading environment from /home/runner/work/key/key/key.core/../key.ui/examples/heap/list/ArrayList_ArrayList.key 
22695      DEBUG main            d.u.i.k.p.i.AbstractProblemLoader Environment load took 312.71ns 
22699      INFO  main            d.u.i.k.p.i.AbstractProblemLoader Creating init config 
24075      DEBUG main            d.u.i.k.j.r.ClassPreparationMethodBuilder clPrepBuilder: Inner Class detected. Reject building class initialisation methods. 
26586      DEBUG main            d.u.i.k.p.i.AbstractProblemLoader Init config took 3.89s 
26661      INFO  main            d.u.i.k.p.i.AbstractProblemLoader Replaying proof ArrayList[ArrayList::ArrayList()].JML normal_behavior operation contract.0 
26664      DEBUG main            d.u.i.k.p.i.IntermediateProofReplayer Proof replay took 6.7ns 
28273      INFO  main            d.u.i.k.p.r.p.TestFile    ... finished proof: closed. 
28493      INFO  main            d.u.i.k.p.i.AbstractProblemLoader Loading environment from /home/runner/work/key/key/key.core/../key.ui/examples/heap/list/ArrayList_ArrayList.key.proof 
28494      DEBUG main            d.u.i.k.p.i.AbstractProblemLoader Environment load took 941.43ns 
28496      INFO  main            d.u.i.k.p.i.AbstractProblemLoader Creating init config 
29798      DEBUG main            d.u.i.k.j.r.ClassPreparationMethodBuilder clPrepBuilder: Inner Class detected. Reject building class initialisation methods. 
32215      DEBUG main            d.u.i.k.p.i.AbstractProblemLoader Init config took 3.72s 
32286      INFO  main            d.u.i.k.p.i.AbstractProblemLoader Replaying proof ArrayList[ArrayList::ArrayList()].JML normal_behavior operation contract.0 
32482      DEBUG main            d.u.i.k.p.i.IntermediateProofReplayer Proof replay took 186.52ms 
32484      DEBUG main            d.u.i.k.p.r.p.TestFile    ... success: reloaded. 
32486      INFO  main            d.u.i.k.p.r.p.TestFile    Now processing file /home/runner/work/key/key/key.core/../key.ui/examples/heap/list/ArrayList_concatenate.key 
32487      INFO  main            d.u.i.k.p.i.AbstractProblemLoader Loading environment from /home/runner/work/key/key/key.core/../key.ui/examples/heap/list/ArrayList_concatenate.key 
32487      DEBUG main            d.u.i.k.p.i.AbstractProblemLoader Environment load took 288.11ns 
32489      INFO  main            d.u.i.k.p.i.AbstractProblemLoader Creating init config 
33709      DEBUG main            d.u.i.k.j.r.ClassPreparationMethodBuilder clPrepBuilder: Inner Class detected. Reject building class initialisation methods. 
36169      DEBUG main            d.u.i.k.p.i.AbstractProblemLoader Init config took 3.68s 
36237      INFO  main            d.u.i.k.p.i.AbstractProblemLoader Replaying proof ArrayList[List::concatenate(List)].JML normal_behavior operation contract.0 
36240      DEBUG main            d.u.i.k.p.i.IntermediateProofReplayer Proof replay took 7.9ns 
63444      INFO  main            d.u.i.k.p.r.p.TestFile    ... finished proof: closed. 
63751      INFO  main            d.u.i.k.p.i.AbstractProblemLoader Loading environment from /home/runner/work/key/key/key.core/../key.ui/examples/heap/list/ArrayList_concatenate.key.proof 
63751      DEBUG main            d.u.i.k.p.i.AbstractProblemLoader Environment load took 537.51ns 
63757      INFO  main            d.u.i.k.p.i.AbstractProblemLoader Creating init config 
65013      DEBUG main            d.u.i.k.j.r.ClassPreparationMethodBuilder clPrepBuilder: Inner Class detected. Reject building class initialisation methods. 
67395      DEBUG main            d.u.i.k.p.i.AbstractProblemLoader Init config took 3.64s 
67481      INFO  main            d.u.i.k.p.i.AbstractProblemLoader Replaying proof ArrayList[List::concatenate(List)].JML normal_behavior operation contract.0 
69270      DEBUG main            d.u.i.k.p.i.IntermediateProofReplayer Proof replay took 1.72s 
69274      DEBUG main            d.u.i.k.p.r.p.TestFile    ... success: reloaded. 
69276      INFO  main            d.u.i.k.p.r.p.TestFile    Now processing file /home/runner/work/key/key/key.core/../key.ui/examples/heap/list/ArrayList_contains_dep.key 
69277      INFO  main            d.u.i.k.p.i.AbstractProblemLoader Loading environment from /home/runner/work/key/key/key.core/../key.ui/examples/heap/list/ArrayList_contains_dep.key 
69277      DEBUG main            d.u.i.k.p.i.AbstractProblemLoader Environment load took 363.51ns 
69278      INFO  main            d.u.i.k.p.i.AbstractProblemLoader Creating init config 
70459      DEBUG main            d.u.i.k.j.r.ClassPreparationMethodBuilder clPrepBuilder: Inner Class detected. Reject building class initialisation methods. 
72881      DEBUG main            d.u.i.k.p.i.AbstractProblemLoader Init config took 3.6s 
72946      INFO  main            d.u.i.k.p.i.AbstractProblemLoader Replaying proof ArrayList[List::contains(java.lang.Object)].JML accessible clause.0 
72949      DEBUG main            d.u.i.k.p.i.IntermediateProofReplayer Proof replay took 5.8ns 
75959      INFO  main            d.u.i.k.p.r.p.TestFile    ... finished proof: closed. 
76213      INFO  main            d.u.i.k.p.i.AbstractProblemLoader Loading environment from /home/runner/work/key/key/key.core/../key.ui/examples/heap/list/ArrayList_contains_dep.key.proof 
76213      DEBUG main            d.u.i.k.p.i.AbstractProblemLoader Environment load took 264.31ns 
76215      INFO  main            d.u.i.k.p.i.AbstractProblemLoader Creating init config 
77346      DEBUG main            d.u.i.k.j.r.ClassPreparationMethodBuilder clPrepBuilder: Inner Class detected. Reject building class initialisation methods. 
79775      DEBUG main            d.u.i.k.p.i.AbstractProblemLoader Init config took 3.56s 
79843      INFO  main            d.u.i.k.p.i.AbstractProblemLoader Replaying proof ArrayList[List::contains(java.lang.Object)].JML accessible clause.0 
80213      DEBUG main            d.u.i.k.p.i.IntermediateProofReplayer Proof replay took 339.58ms 
80215      DEBUG main            d.u.i.k.p.r.p.TestFile    ... success: reloaded. 
80216      INFO  main            d.u.i.k.p.r.p.TestFile    Now processing file /home/runner/work/key/key/key.core/../key.ui/examples/heap/list/ArrayList_enlarge.key 
80217      INFO  main            d.u.i.k.p.i.AbstractProblemLoader Loading environment from /home/runner/work/key/key/key.core/../key.ui/examples/heap/list/ArrayList_enlarge.key 
80217      DEBUG main            d.u.i.k.p.i.AbstractProblemLoader Environment load took 283.11ns 
80218      INFO  main            d.u.i.k.p.i.AbstractProblemLoader Creating init config 
81407      DEBUG main            d.u.i.k.j.r.ClassPreparationMethodBuilder clPrepBuilder: Inner Class detected. Reject building class initialisation methods. 
83794      DEBUG main            d.u.i.k.p.i.AbstractProblemLoader Init config took 3.58s 
83855      INFO  main            d.u.i.k.p.i.AbstractProblemLoader Replaying proof ArrayList[ArrayList::enlarge()].JML normal_behavior operation contract.0 
83857      DEBUG main            d.u.i.k.p.i.IntermediateProofReplayer Proof replay took 6.5ns 
86568      INFO  main            d.u.i.k.p.r.p.TestFile    ... finished proof: closed. 
86959      INFO  main            d.u.i.k.p.i.AbstractProblemLoader Loading environment from /home/runner/work/key/key/key.core/../key.ui/examples/heap/list/ArrayList_enlarge.key.proof 
86960      DEBUG main            d.u.i.k.p.i.AbstractProblemLoader Environment load took 542.51ns 
86962      INFO  main            d.u.i.k.p.i.AbstractProblemLoader Creating init config 
88173      DEBUG main            d.u.i.k.j.r.ClassPreparationMethodBuilder clPrepBuilder: Inner Class detected. Reject building class initialisation methods. 
90555      DEBUG main            d.u.i.k.p.i.AbstractProblemLoader Init config took 3.59s 
90617      INFO  main            d.u.i.k.p.i.AbstractProblemLoader Replaying proof ArrayList[ArrayList::enlarge()].JML normal_behavior operation contract.0 
90964      DEBUG main            d.u.i.k.p.i.IntermediateProofReplayer Proof replay took 336.15ms 
90966      DEBUG main            d.u.i.k.p.r.p.TestFile    ... success: reloaded. 
90968      INFO  main            d.u.i.k.p.r.p.TestFile    Now processing file /home/runner/work/key/key/key.core/../key.ui/examples/heap/list/ArrayList_footprint.key 
90968      INFO  main            d.u.i.k.p.i.AbstractProblemLoader Loading environment from /home/runner/work/key/key/key.core/../key.ui/examples/heap/list/ArrayList_footprint.key 
90969      DEBUG main            d.u.i.k.p.i.AbstractProblemLoader Environment load took 315.21ns 
90970      INFO  main            d.u.i.k.p.i.AbstractProblemLoader Creating init config 
92152      DEBUG main            d.u.i.k.j.r.ClassPreparationMethodBuilder clPrepBuilder: Inner Class detected. Reject building class initialisation methods. 
94619      DEBUG main            d.u.i.k.p.i.AbstractProblemLoader Init config took 3.65s 
94669      INFO  main            d.u.i.k.p.i.AbstractProblemLoader Replaying proof List[List::$footprint()].JML accessible clause.0 
94671      DEBUG main            d.u.i.k.p.i.IntermediateProofReplayer Proof replay took 6.5ns 
94777      INFO  main            d.u.i.k.p.r.p.TestFile    ... finished proof: closed. 
95022      INFO  main            d.u.i.k.p.i.AbstractProblemLoader Loading environment from /home/runner/work/key/key/key.core/../key.ui/examples/heap/list/ArrayList_footprint.key.proof 
95022      DEBUG main            d.u.i.k.p.i.AbstractProblemLoader Environment load took 143.5ns 
95023      INFO  main            d.u.i.k.p.i.AbstractProblemLoader Creating init config 
96173      DEBUG main            d.u.i.k.j.r.ClassPreparationMethodBuilder clPrepBuilder: Inner Class detected. Reject building class initialisation methods. 
98516      DEBUG main            d.u.i.k.p.i.AbstractProblemLoader Init config took 3.49s 
98571      INFO  main            d.u.i.k.p.i.AbstractProblemLoader Replaying proof List[List::$footprint()].JML accessible clause.0 
98576      DEBUG main            d.u.i.k.p.i.IntermediateProofReplayer Proof replay took 1.09ms 
98578      DEBUG main            d.u.i.k.p.r.p.TestFile    ... success: reloaded. 
98579      INFO  main            d.u.i.k.p.r.p.TestFile    Now processing file /home/runner/work/key/key/key.core/../key.ui/examples/heap/list/ArrayList_get_dep.key 
98580      INFO  main            d.u.i.k.p.i.AbstractProblemLoader Loading environment from /home/runner/work/key/key/key.core/../key.ui/examples/heap/list/ArrayList_get_dep.key 
98580      DEBUG main            d.u.i.k.p.i.AbstractProblemLoader Environment load took 393.21ns 
98582      INFO  main            d.u.i.k.p.i.AbstractProblemLoader Creating init config 
99776      DEBUG main            d.u.i.k.j.r.ClassPreparationMethodBuilder clPrepBuilder: Inner Class detected. Reject building class initialisation methods. 
102185     DEBUG main            d.u.i.k.p.i.AbstractProblemLoader Init config took 3.6s 
102244     INFO  main            d.u.i.k.p.i.AbstractProblemLoader Replaying proof ArrayList[List::get(int)].JML accessible clause.0 
102247     DEBUG main            d.u.i.k.p.i.IntermediateProofReplayer Proof replay took 6.3ns 
102766     INFO  main            d.u.i.k.p.r.p.TestFile    ... finished proof: closed. 
102974     INFO  main            d.u.i.k.p.i.AbstractProblemLoader Loading environment from /home/runner/work/key/key/key.core/../key.ui/examples/heap/list/ArrayList_get_dep.key.proof 
102974     DEBUG main            d.u.i.k.p.i.AbstractProblemLoader Environment load took 241.71ns 
102976     INFO  main            d.u.i.k.p.i.AbstractProblemLoader Creating init config 
104089     DEBUG main            d.u.i.k.j.r.ClassPreparationMethodBuilder clPrepBuilder: Inner Class detected. Reject building class initialisation methods. 
106462     DEBUG main            d.u.i.k.p.i.AbstractProblemLoader Init config took 3.49s 
106517     INFO  main            d.u.i.k.p.i.AbstractProblemLoader Replaying proof ArrayList[List::get(int)].JML accessible clause.0 
106580     DEBUG main            d.u.i.k.p.i.IntermediateProofReplayer Proof replay took 58.8ms 
106581     DEBUG main            d.u.i.k.p.r.p.TestFile    ... success: reloaded. 
106582     INFO  main            d.u.i.k.p.r.p.TestFile    Now processing file /home/runner/work/key/key/key.core/../key.ui/examples/heap/list/ArrayList_get_exceptional.key 
106583     INFO  main            d.u.i.k.p.i.AbstractProblemLoader Loading environment from /home/runner/work/key/key/key.core/../key.ui/examples/heap/list/ArrayList_get_exceptional.key 
106583     DEBUG main            d.u.i.k.p.i.AbstractProblemLoader Environment load took 232.31ns 
106584     INFO  main            d.u.i.k.p.i.AbstractProblemLoader Creating init config 
107752     DEBUG main            d.u.i.k.j.r.ClassPreparationMethodBuilder clPrepBuilder: Inner Class detected. Reject building class initialisation methods. 
110151     DEBUG main            d.u.i.k.p.i.AbstractProblemLoader Init config took 3.57s 
110205     INFO  main            d.u.i.k.p.i.AbstractProblemLoader Replaying proof ArrayList[List::get(int)].JML exceptional_behavior operation contract.0 
110207     DEBUG main            d.u.i.k.p.i.IntermediateProofReplayer Proof replay took 6.3ns 
111614     INFO  main            d.u.i.k.p.r.p.TestFile    ... finished proof: closed. 
111876     INFO  main            d.u.i.k.p.i.AbstractProblemLoader Loading environment from /home/runner/work/key/key/key.core/../key.ui/examples/heap/list/ArrayList_get_exceptional.key.proof 
111876     DEBUG main            d.u.i.k.p.i.AbstractProblemLoader Environment load took 230.51ns 
111878     INFO  main            d.u.i.k.p.i.AbstractProblemLoader Creating init config 
113067     DEBUG main            d.u.i.k.j.r.ClassPreparationMethodBuilder clPrepBuilder: Inner Class detected. Reject building class initialisation methods. 
115392     DEBUG main            d.u.i.k.p.i.AbstractProblemLoader Init config took 3.51s 
115450     INFO  main            d.u.i.k.p.i.AbstractProblemLoader Replaying proof ArrayList[List::get(int)].JML exceptional_behavior operation contract.0 
115630     DEBUG main            d.u.i.k.p.i.IntermediateProofReplayer Proof replay took 170.15ms 
115632     DEBUG main            d.u.i.k.p.r.p.TestFile    ... success: reloaded. 
115634     INFO  main            d.u.i.k.p.r.p.TestFile    Now processing file /home/runner/work/key/key/key.core/../key.ui/examples/heap/list/ArrayList_get_normal.key 
115634     INFO  main            d.u.i.k.p.i.AbstractProblemLoader Loading environment from /home/runner/work/key/key/key.core/../key.ui/examples/heap/list/ArrayList_get_normal.key 
115634     DEBUG main            d.u.i.k.p.i.AbstractProblemLoader Environment load took 228.31ns 
115637     INFO  main            d.u.i.k.p.i.AbstractProblemLoader Creating init config 
116771     DEBUG main            d.u.i.k.j.r.ClassPreparationMethodBuilder clPrepBuilder: Inner Class detected. Reject building class initialisation methods. 
119173     DEBUG main            d.u.i.k.p.i.AbstractProblemLoader Init config took 3.54s 
119226     INFO  main            d.u.i.k.p.i.AbstractProblemLoader Replaying proof ArrayList[List::get(int)].JML normal_behavior operation contract.0 
119228     DEBUG main            d.u.i.k.p.i.IntermediateProofReplayer Proof replay took 6.6ns 
119746     INFO  main            d.u.i.k.p.r.p.TestFile    ... finished proof: closed. 
119985     INFO  main            d.u.i.k.p.i.AbstractProblemLoader Loading environment from /home/runner/work/key/key/key.core/../key.ui/examples/heap/list/ArrayList_get_normal.key.proof 
119986     DEBUG main            d.u.i.k.p.i.AbstractProblemLoader Environment load took 567.42ns 
119987     INFO  main            d.u.i.k.p.i.AbstractProblemLoader Creating init config 
121160     DEBUG main            d.u.i.k.j.r.ClassPreparationMethodBuilder clPrepBuilder: Inner Class detected. Reject building class initialisation methods. 
123628     DEBUG main            d.u.i.k.p.i.AbstractProblemLoader Init config took 3.64s 
123687     INFO  main            d.u.i.k.p.i.AbstractProblemLoader Replaying proof ArrayList[List::get(int)].JML normal_behavior operation contract.0 
123751     DEBUG main            d.u.i.k.p.i.IntermediateProofReplayer Proof replay took 59.87ms 
123753     DEBUG main            d.u.i.k.p.r.p.TestFile    ... success: reloaded. 
123754     INFO  main            d.u.i.k.p.r.p.TestFile    Now processing file /home/runner/work/key/key/key.core/../key.ui/examples/heap/list/ArrayList_inv.key 
123755     INFO  main            d.u.i.k.p.i.AbstractProblemLoader Loading environment from /home/runner/work/key/key/key.core/../key.ui/examples/heap/list/ArrayList_inv.key 
123755     DEBUG main            d.u.i.k.p.i.AbstractProblemLoader Environment load took 266.91ns 
123756     INFO  main            d.u.i.k.p.i.AbstractProblemLoader Creating init config 
124893     DEBUG main            d.u.i.k.j.r.ClassPreparationMethodBuilder clPrepBuilder: Inner Class detected. Reject building class initialisation methods. 
127270     DEBUG main            d.u.i.k.p.i.AbstractProblemLoader Init config took 3.51s 
127325     INFO  main            d.u.i.k.p.i.AbstractProblemLoader Replaying proof ArrayList[java.lang.Object::<inv>()].JML accessible clause.0 
127327     DEBUG main            d.u.i.k.p.i.IntermediateProofReplayer Proof replay took 8.2ns 
127730     INFO  main            d.u.i.k.p.r.p.TestFile    ... finished proof: closed. 
127994     INFO  main            d.u.i.k.p.i.AbstractProblemLoader Loading environment from /home/runner/work/key/key/key.core/../key.ui/examples/heap/list/ArrayList_inv.key.proof 
127994     DEBUG main            d.u.i.k.p.i.AbstractProblemLoader Environment load took 549.02ns 
127996     INFO  main            d.u.i.k.p.i.AbstractProblemLoader Creating init config 
129138     DEBUG main            d.u.i.k.j.r.ClassPreparationMethodBuilder clPrepBuilder: Inner Class detected. Reject building class initialisation methods. 
131388     DEBUG main            d.u.i.k.p.i.AbstractProblemLoader Init config took 3.39s 
131442     INFO  main            d.u.i.k.p.i.AbstractProblemLoader Replaying proof ArrayList[java.lang.Object::<inv>()].JML accessible clause.0 
131481     DEBUG main            d.u.i.k.p.i.IntermediateProofReplayer Proof replay took 34.96ms 
131482     DEBUG main            d.u.i.k.p.r.p.TestFile    ... success: reloaded. 
131484     INFO  main            d.u.i.k.p.r.p.TestFile    Now processing file /home/runner/work/key/key/key.core/../key.ui/examples/heap/list/ArrayList_iterator.key 
131485     INFO  main            d.u.i.k.p.i.AbstractProblemLoader Loading environment from /home/runner/work/key/key/key.core/../key.ui/examples/heap/list/ArrayList_iterator.key 
131485     DEBUG main            d.u.i.k.p.i.AbstractProblemLoader Environment load took 272.01ns 
131486     INFO  main            d.u.i.k.p.i.AbstractProblemLoader Creating init config 
132595     DEBUG main            d.u.i.k.j.r.ClassPreparationMethodBuilder clPrepBuilder: Inner Class detected. Reject building class initialisation methods. 
134938     DEBUG main            d.u.i.k.p.i.AbstractProblemLoader Init config took 3.45s 
134992     INFO  main            d.u.i.k.p.i.AbstractProblemLoader Replaying proof ArrayList[List::iterator()].JML normal_behavior operation contract.0 
134994     DEBUG main            d.u.i.k.p.i.IntermediateProofReplayer Proof replay took 7.7ns 
135604     INFO  main            d.u.i.k.p.r.p.TestFile    ... finished proof: closed. 
135889     INFO  main            d.u.i.k.p.i.AbstractProblemLoader Loading environment from /home/runner/work/key/key/key.core/../key.ui/examples/heap/list/ArrayList_iterator.key.proof 
135889     DEBUG main            d.u.i.k.p.i.AbstractProblemLoader Environment load took 223.61ns 
135890     INFO  main            d.u.i.k.p.i.AbstractProblemLoader Creating init config 
137023     DEBUG main            d.u.i.k.j.r.ClassPreparationMethodBuilder clPrepBuilder: Inner Class detected. Reject building class initialisation methods. 
139331     DEBUG main            d.u.i.k.p.i.AbstractProblemLoader Init config took 3.44s 
139388     INFO  main            d.u.i.k.p.i.AbstractProblemLoader Replaying proof ArrayList[List::iterator()].JML normal_behavior operation contract.0 
139462     DEBUG main            d.u.i.k.p.i.IntermediateProofReplayer Proof replay took 69.67ms 
139463     DEBUG main            d.u.i.k.p.r.p.TestFile    ... success: reloaded. 
139464     INFO  main            d.u.i.k.p.r.p.TestFile    Now processing file /home/runner/work/key/key/key.core/../key.ui/examples/heap/list/ArrayList_size_dep.key 
139465     INFO  main            d.u.i.k.p.i.AbstractProblemLoader Loading environment from /home/runner/work/key/key/key.core/../key.ui/examples/heap/list/ArrayList_size_dep.key 
139465     DEBUG main            d.u.i.k.p.i.AbstractProblemLoader Environment load took 237.71ns 
139466     INFO  main            d.u.i.k.p.i.AbstractProblemLoader Creating init config 
140613     DEBUG main            d.u.i.k.j.r.ClassPreparationMethodBuilder clPrepBuilder: Inner Class detected. Reject building class initialisation methods. 
142997     DEBUG main            d.u.i.k.p.i.AbstractProblemLoader Init config took 3.53s 
143048     INFO  main            d.u.i.k.p.i.AbstractProblemLoader Replaying proof ArrayList[List::size()].JML accessible clause.0 
143050     DEBUG main            d.u.i.k.p.i.IntermediateProofReplayer Proof replay took 7.3ns 
143252     INFO  main            d.u.i.k.p.r.p.TestFile    ... finished proof: closed. 
143521     INFO  main            d.u.i.k.p.i.AbstractProblemLoader Loading environment from /home/runner/work/key/key/key.core/../key.ui/examples/heap/list/ArrayList_size_dep.key.proof 
143521     DEBUG main            d.u.i.k.p.i.AbstractProblemLoader Environment load took 137.6ns 
143522     INFO  main            d.u.i.k.p.i.AbstractProblemLoader Creating init config 
144647     DEBUG main            d.u.i.k.j.r.ClassPreparationMethodBuilder clPrepBuilder: Inner Class detected. Reject building class initialisation methods. 
146994     DEBUG main            d.u.i.k.p.i.AbstractProblemLoader Init config took 3.47s 
147063     INFO  main            d.u.i.k.p.i.AbstractProblemLoader Replaying proof ArrayList[List::size()].JML accessible clause.0 
147087     DEBUG main            d.u.i.k.p.i.IntermediateProofReplayer Proof replay took 20.15ms 
147088     DEBUG main            d.u.i.k.p.r.p.TestFile    ... success: reloaded. 
147091     INFO  main            d.u.i.k.p.r.p.TestFile    Now processing file /home/runner/work/key/key/key.core/../key.ui/examples/heap/list/ArrayList_size.key 
147091     INFO  main            d.u.i.k.p.i.AbstractProblemLoader Loading environment from /home/runner/work/key/key/key.core/../key.ui/examples/heap/list/ArrayList_size.key 
147091     DEBUG main            d.u.i.k.p.i.AbstractProblemLoader Environment load took 139ns 
147094     INFO  main            d.u.i.k.p.i.AbstractProblemLoader Creating init config 
148236     DEBUG main            d.u.i.k.j.r.ClassPreparationMethodBuilder clPrepBuilder: Inner Class detected. Reject building class initialisation methods. 
150610     DEBUG main            d.u.i.k.p.i.AbstractProblemLoader Init config took 3.52s 
150666     INFO  main            d.u.i.k.p.i.AbstractProblemLoader Replaying proof ArrayList[List::size()].JML normal_behavior operation contract.0 
150668     DEBUG main            d.u.i.k.p.i.IntermediateProofReplayer Proof replay took 6.1ns 
150970     INFO  main            d.u.i.k.p.r.p.TestFile    ... finished proof: closed. 
151260     INFO  main            d.u.i.k.p.i.AbstractProblemLoader Loading environment from /home/runner/work/key/key/key.core/../key.ui/examples/heap/list/ArrayList_size.key.proof 
151260     DEBUG main            d.u.i.k.p.i.AbstractProblemLoader Environment load took 235.11ns 
151262     INFO  main            d.u.i.k.p.i.AbstractProblemLoader Creating init config 
152416     DEBUG main            d.u.i.k.j.r.ClassPreparationMethodBuilder clPrepBuilder: Inner Class detected. Reject building class initialisation methods. 
154718     DEBUG main            d.u.i.k.p.i.AbstractProblemLoader Init config took 3.46s 
154789     INFO  main            d.u.i.k.p.i.AbstractProblemLoader Replaying proof ArrayList[List::size()].JML normal_behavior operation contract.0 
154824     DEBUG main            d.u.i.k.p.i.IntermediateProofReplayer Proof replay took 29.42ms 
154826     DEBUG main            d.u.i.k.p.r.p.TestFile    ... success: reloaded. 
154827     INFO  main            d.u.i.k.p.r.p.TestFile    Now processing file /home/runner/work/key/key/key.core/../key.ui/examples/heap/list/ArrayList.ArrayListIterator_ArrayListIterator.key 
154827     INFO  main            d.u.i.k.p.i.AbstractProblemLoader Loading environment from /home/runner/work/key/key/key.core/../key.ui/examples/heap/list/ArrayList.ArrayListIterator_ArrayListIterator.key 
154827     DEBUG main            d.u.i.k.p.i.AbstractProblemLoader Environment load took 96.8ns 
154828     INFO  main            d.u.i.k.p.i.AbstractProblemLoader Creating init config 
155995     DEBUG main            d.u.i.k.j.r.ClassPreparationMethodBuilder clPrepBuilder: Inner Class detected. Reject building class initialisation methods. 
158361     DEBUG main            d.u.i.k.p.i.AbstractProblemLoader Init config took 3.53s 
158431     INFO  main            d.u.i.k.p.i.AbstractProblemLoader Replaying proof ArrayList.ArrayListIterator[ArrayList.ArrayListIterator::ArrayListIterator(ArrayList)].JML normal_behavior operation contract.0 
158433     DEBUG main            d.u.i.k.p.i.IntermediateProofReplayer Proof replay took 7.6ns 
159237     INFO  main            d.u.i.k.p.r.p.TestFile    ... finished proof: closed. 
159508     INFO  main            d.u.i.k.p.i.AbstractProblemLoader Loading environment from /home/runner/work/key/key/key.core/../key.ui/examples/heap/list/ArrayList.ArrayListIterator_ArrayListIterator.key.proof 
159508     DEBUG main            d.u.i.k.p.i.AbstractProblemLoader Environment load took 145ns 
159510     INFO  main            d.u.i.k.p.i.AbstractProblemLoader Creating init config 
160641     DEBUG main            d.u.i.k.j.r.ClassPreparationMethodBuilder clPrepBuilder: Inner Class detected. Reject building class initialisation methods. 
163016     DEBUG main            d.u.i.k.p.i.AbstractProblemLoader Init config took 3.51s 
163082     INFO  main            d.u.i.k.p.i.AbstractProblemLoader Replaying proof ArrayList.ArrayListIterator[ArrayList.ArrayListIterator::ArrayListIterator(ArrayList)].JML normal_behavior operation contract.0 
163198     DEBUG main            d.u.i.k.p.i.IntermediateProofReplayer Proof replay took 80.07ms 
163199     DEBUG main            d.u.i.k.p.r.p.TestFile    ... success: reloaded. 
163200     INFO  main            d.u.i.k.p.r.p.TestFile    Now processing file /home/runner/work/key/key/key.core/../key.ui/examples/heap/list/ArrayList.ArrayListIterator_hasNext_dep.key 
163201     INFO  main            d.u.i.k.p.i.AbstractProblemLoader Loading environment from /home/runner/work/key/key/key.core/../key.ui/examples/heap/list/ArrayList.ArrayListIterator_hasNext_dep.key 
163201     DEBUG main            d.u.i.k.p.i.AbstractProblemLoader Environment load took 279.21ns 
163202     INFO  main            d.u.i.k.p.i.AbstractProblemLoader Creating init config 
164346     DEBUG main            d.u.i.k.j.r.ClassPreparationMethodBuilder clPrepBuilder: Inner Class detected. Reject building class initialisation methods. 
166663     DEBUG main            d.u.i.k.p.i.AbstractProblemLoader Init config took 3.46s 
166751     INFO  main            d.u.i.k.p.i.AbstractProblemLoader Replaying proof ArrayList.ArrayListIterator[ListIterator::hasNext()].JML accessible clause.0 
166753     DEBUG main            d.u.i.k.p.i.IntermediateProofReplayer Proof replay took 7.5ns 
167159     INFO  main            d.u.i.k.p.r.p.TestFile    ... finished proof: closed. 
167462     INFO  main            d.u.i.k.p.i.AbstractProblemLoader Loading environment from /home/runner/work/key/key/key.core/../key.ui/examples/heap/list/ArrayList.ArrayListIterator_hasNext_dep.key.proof 
167462     DEBUG main            d.u.i.k.p.i.AbstractProblemLoader Environment load took 152.7ns 
167463     INFO  main            d.u.i.k.p.i.AbstractProblemLoader Creating init config 
168606     DEBUG main            d.u.i.k.j.r.ClassPreparationMethodBuilder clPrepBuilder: Inner Class detected. Reject building class initialisation methods. 
170959     DEBUG main            d.u.i.k.p.i.AbstractProblemLoader Init config took 3.5s 
171022     INFO  main            d.u.i.k.p.i.AbstractProblemLoader Replaying proof ArrayList.ArrayListIterator[ListIterator::hasNext()].JML accessible clause.0 
171064     DEBUG main            d.u.i.k.p.i.IntermediateProofReplayer Proof replay took 38.8ms 
171065     DEBUG main            d.u.i.k.p.r.p.TestFile    ... success: reloaded. 
171067     INFO  main            d.u.i.k.p.r.p.TestFile    Now processing file /home/runner/work/key/key/key.core/../key.ui/examples/heap/list/ArrayList.ArrayListIterator_hasNext.key 
171067     INFO  main            d.u.i.k.p.i.AbstractProblemLoader Loading environment from /home/runner/work/key/key/key.core/../key.ui/examples/heap/list/ArrayList.ArrayListIterator_hasNext.key 
171067     DEBUG main            d.u.i.k.p.i.AbstractProblemLoader Environment load took 344.81ns 
171069     INFO  main            d.u.i.k.p.i.AbstractProblemLoader Creating init config 
172230     DEBUG main            d.u.i.k.j.r.ClassPreparationMethodBuilder clPrepBuilder: Inner Class detected. Reject building class initialisation methods. 
174626     DEBUG main            d.u.i.k.p.i.AbstractProblemLoader Init config took 3.56s 
174689     INFO  main            d.u.i.k.p.i.AbstractProblemLoader Replaying proof ArrayList.ArrayListIterator[ListIterator::hasNext()].JML normal_behavior operation contract.0 
174690     DEBUG main            d.u.i.k.p.i.IntermediateProofReplayer Proof replay took 6.2ns 
175093     INFO  main            d.u.i.k.p.r.p.TestFile    ... finished proof: closed. 
175409     INFO  main            d.u.i.k.p.i.AbstractProblemLoader Loading environment from /home/runner/work/key/key/key.core/../key.ui/examples/heap/list/ArrayList.ArrayListIterator_hasNext.key.proof 
175409     DEBUG main            d.u.i.k.p.i.AbstractProblemLoader Environment load took 132.7ns 
175410     INFO  main            d.u.i.k.p.i.AbstractProblemLoader Creating init config 
176533     DEBUG main            d.u.i.k.j.r.ClassPreparationMethodBuilder clPrepBuilder: Inner Class detected. Reject building class initialisation methods. 
178843     DEBUG main            d.u.i.k.p.i.AbstractProblemLoader Init config took 3.43s 
178904     INFO  main            d.u.i.k.p.i.AbstractProblemLoader Replaying proof ArrayList.ArrayListIterator[ListIterator::hasNext()].JML normal_behavior operation contract.0 
178947     DEBUG main            d.u.i.k.p.i.IntermediateProofReplayer Proof replay took 40.16ms 
178948     DEBUG main            d.u.i.k.p.r.p.TestFile    ... success: reloaded. 
178950     INFO  main            d.u.i.k.p.r.p.TestFile    Now processing file /home/runner/work/key/key/key.core/../key.ui/examples/heap/list/ArrayList.ArrayListIterator_inv.key 
178950     INFO  main            d.u.i.k.p.i.AbstractProblemLoader Loading environment from /home/runner/work/key/key/key.core/../key.ui/examples/heap/list/ArrayList.ArrayListIterator_inv.key 
178950     DEBUG main            d.u.i.k.p.i.AbstractProblemLoader Environment load took 119ns 
178951     INFO  main            d.u.i.k.p.i.AbstractProblemLoader Creating init config 
180087     DEBUG main            d.u.i.k.j.r.ClassPreparationMethodBuilder clPrepBuilder: Inner Class detected. Reject building class initialisation methods. 
182495     DEBUG main            d.u.i.k.p.i.AbstractProblemLoader Init config took 3.54s 
182555     INFO  main            d.u.i.k.p.i.AbstractProblemLoader Replaying proof ArrayList.ArrayListIterator[java.lang.Object::<inv>()].JML accessible clause.0 
182557     DEBUG main            d.u.i.k.p.i.IntermediateProofReplayer Proof replay took 6.9ns 
183761     INFO  main            d.u.i.k.p.r.p.TestFile    ... finished proof: closed. 
184069     INFO  main            d.u.i.k.p.i.AbstractProblemLoader Loading environment from /home/runner/work/key/key/key.core/../key.ui/examples/heap/list/ArrayList.ArrayListIterator_inv.key.proof 
184070     DEBUG main            d.u.i.k.p.i.AbstractProblemLoader Environment load took 529.51ns 
184071     INFO  main            d.u.i.k.p.i.AbstractProblemLoader Creating init config 
185230     DEBUG main            d.u.i.k.j.r.ClassPreparationMethodBuilder clPrepBuilder: Inner Class detected. Reject building class initialisation methods. 
187536     DEBUG main            d.u.i.k.p.i.AbstractProblemLoader Init config took 3.46s 
187598     INFO  main            d.u.i.k.p.i.AbstractProblemLoader Replaying proof ArrayList.ArrayListIterator[java.lang.Object::<inv>()].JML accessible clause.0 
187706     DEBUG main            d.u.i.k.p.i.IntermediateProofReplayer Proof replay took 102.84ms 
187707     DEBUG main            d.u.i.k.p.r.p.TestFile    ... success: reloaded. 
187708     INFO  main            d.u.i.k.p.r.p.TestFile    Now processing file /home/runner/work/key/key/key.core/../key.ui/examples/heap/list/ArrayList.ArrayListIterator_list.key 
187708     INFO  main            d.u.i.k.p.i.AbstractProblemLoader Loading environment from /home/runner/work/key/key/key.core/../key.ui/examples/heap/list/ArrayList.ArrayListIterator_list.key 
187709     DEBUG main            d.u.i.k.p.i.AbstractProblemLoader Environment load took 64.2ns 
187710     INFO  main            d.u.i.k.p.i.AbstractProblemLoader Creating init config 
188884     DEBUG main            d.u.i.k.j.r.ClassPreparationMethodBuilder clPrepBuilder: Inner Class detected. Reject building class initialisation methods. 
191216     DEBUG main            d.u.i.k.p.i.AbstractProblemLoader Init config took 3.51s 
191262     INFO  main            d.u.i.k.p.i.AbstractProblemLoader Replaying proof ListIterator[ListIterator::$list()].JML accessible clause.0 
191263     DEBUG main            d.u.i.k.p.i.IntermediateProofReplayer Proof replay took 7.3ns 
191366     INFO  main            d.u.i.k.p.r.p.TestFile    ... finished proof: closed. 
191683     INFO  main            d.u.i.k.p.i.AbstractProblemLoader Loading environment from /home/runner/work/key/key/key.core/../key.ui/examples/heap/list/ArrayList.ArrayListIterator_list.key.proof 
191683     DEBUG main            d.u.i.k.p.i.AbstractProblemLoader Environment load took 128.6ns 
191684     INFO  main            d.u.i.k.p.i.AbstractProblemLoader Creating init config 
192789     DEBUG main            d.u.i.k.j.r.ClassPreparationMethodBuilder clPrepBuilder: Inner Class detected. Reject building class initialisation methods. 
195067     DEBUG main            d.u.i.k.p.i.AbstractProblemLoader Init config took 3.38s 
195116     INFO  main            d.u.i.k.p.i.AbstractProblemLoader Replaying proof ListIterator[ListIterator::$list()].JML accessible clause.0 
195119     DEBUG main            d.u.i.k.p.i.IntermediateProofReplayer Proof replay took 902.33ns 
195120     DEBUG main            d.u.i.k.p.r.p.TestFile    ... success: reloaded. 
195121     INFO  main            d.u.i.k.p.r.p.TestFile    Now processing file /home/runner/work/key/key/key.core/../key.ui/examples/heap/list/ArrayList.ArrayListIterator_next_exceptional.key 
195121     INFO  main            d.u.i.k.p.i.AbstractProblemLoader Loading environment from /home/runner/work/key/key/key.core/../key.ui/examples/heap/list/ArrayList.ArrayListIterator_next_exceptional.key 
195121     DEBUG main            d.u.i.k.p.i.AbstractProblemLoader Environment load took 140.9ns 
195122     INFO  main            d.u.i.k.p.i.AbstractProblemLoader Creating init config 
196300     DEBUG main            d.u.i.k.j.r.ClassPreparationMethodBuilder clPrepBuilder: Inner Class detected. Reject building class initialisation methods. 
198574     DEBUG main            d.u.i.k.p.i.AbstractProblemLoader Init config took 3.45s 
198658     INFO  main            d.u.i.k.p.i.AbstractProblemLoader Replaying proof ArrayList.ArrayListIterator[ListIterator::next()].JML exceptional_behavior operation contract.0 
198659     DEBUG main            d.u.i.k.p.i.IntermediateProofReplayer Proof replay took 7.4ns 
199565     INFO  main            d.u.i.k.p.r.p.TestFile    ... finished proof: closed. 
199926     INFO  main            d.u.i.k.p.i.AbstractProblemLoader Loading environment from /home/runner/work/key/key/key.core/../key.ui/examples/heap/list/ArrayList.ArrayListIterator_next_exceptional.key.proof 
199927     DEBUG main            d.u.i.k.p.i.AbstractProblemLoader Environment load took 190.21ns 
199928     INFO  main            d.u.i.k.p.i.AbstractProblemLoader Creating init config 
201030     DEBUG main            d.u.i.k.j.r.ClassPreparationMethodBuilder clPrepBuilder: Inner Class detected. Reject building class initialisation methods. 
203303     DEBUG main            d.u.i.k.p.i.AbstractProblemLoader Init config took 3.37s 
203362     INFO  main            d.u.i.k.p.i.AbstractProblemLoader Replaying proof ArrayList.ArrayListIterator[ListIterator::next()].JML exceptional_behavior operation contract.0 
203490     DEBUG main            d.u.i.k.p.i.IntermediateProofReplayer Proof replay took 122.1ms 
203491     DEBUG main            d.u.i.k.p.r.p.TestFile    ... success: reloaded. 
203492     INFO  main            d.u.i.k.p.r.p.TestFile    Now processing file /home/runner/work/key/key/key.core/../key.ui/examples/heap/list/ArrayList.ArrayListIterator_next_normal.key 
203493     INFO  main            d.u.i.k.p.i.AbstractProblemLoader Loading environment from /home/runner/work/key/key/key.core/../key.ui/examples/heap/list/ArrayList.ArrayListIterator_next_normal.key 
203493     DEBUG main            d.u.i.k.p.i.AbstractProblemLoader Environment load took 115.9ns 
203494     INFO  main            d.u.i.k.p.i.AbstractProblemLoader Creating init config 
204660     DEBUG main            d.u.i.k.j.r.ClassPreparationMethodBuilder clPrepBuilder: Inner Class detected. Reject building class initialisation methods. 
206949     DEBUG main            d.u.i.k.p.i.AbstractProblemLoader Init config took 3.46s 
207009     INFO  main            d.u.i.k.p.i.AbstractProblemLoader Replaying proof ArrayList.ArrayListIterator[ListIterator::next()].JML normal_behavior operation contract.0 
207011     DEBUG main            d.u.i.k.p.i.IntermediateProofReplayer Proof replay took 6.9ns 
208020     INFO  main            d.u.i.k.p.r.p.TestFile    ... finished proof: closed. 
208455     INFO  main            d.u.i.k.p.i.AbstractProblemLoader Loading environment from /home/runner/work/key/key/key.core/../key.ui/examples/heap/list/ArrayList.ArrayListIterator_next_normal.key.proof 
208455     DEBUG main            d.u.i.k.p.i.AbstractProblemLoader Environment load took 601.82ns 
208457     INFO  main            d.u.i.k.p.i.AbstractProblemLoader Creating init config 
209557     DEBUG main            d.u.i.k.j.r.ClassPreparationMethodBuilder clPrepBuilder: Inner Class detected. Reject building class initialisation methods. 
211931     DEBUG main            d.u.i.k.p.i.AbstractProblemLoader Init config took 3.47s 
211991     INFO  main            d.u.i.k.p.i.AbstractProblemLoader Replaying proof ArrayList.ArrayListIterator[ListIterator::next()].JML normal_behavior operation contract.0 
212106     DEBUG main            d.u.i.k.p.i.IntermediateProofReplayer Proof replay took 109.61ms 
212108     DEBUG main            d.u.i.k.p.r.p.TestFile    ... success: reloaded. 
212109     INFO  main            d.u.i.k.p.r.p.TestFile    Now processing file /home/runner/work/key/key/key.core/../key.ui/examples/heap/list/ArrayList.ArrayListIterator_pos.key 
212109     INFO  main            d.u.i.k.p.i.AbstractProblemLoader Loading environment from /home/runner/work/key/key/key.core/../key.ui/examples/heap/list/ArrayList.ArrayListIterator_pos.key 
212109     DEBUG main            d.u.i.k.p.i.AbstractProblemLoader Environment load took 115.1ns 
212110     INFO  main            d.u.i.k.p.i.AbstractProblemLoader Creating init config 
213243     DEBUG main            d.u.i.k.j.r.ClassPreparationMethodBuilder clPrepBuilder: Inner Class detected. Reject building class initialisation methods. 
215562     DEBUG main            d.u.i.k.p.i.AbstractProblemLoader Init config took 3.45s 
215608     INFO  main            d.u.i.k.p.i.AbstractProblemLoader Replaying proof ListIterator[ListIterator::$pos()].JML accessible clause.0 
215609     DEBUG main            d.u.i.k.p.i.IntermediateProofReplayer Proof replay took 7.6ns 
215714     INFO  main            d.u.i.k.p.r.p.TestFile    ... finished proof: closed. 
216045     INFO  main            d.u.i.k.p.i.AbstractProblemLoader Loading environment from /home/runner/work/key/key/key.core/../key.ui/examples/heap/list/ArrayList.ArrayListIterator_pos.key.proof 
216045     DEBUG main            d.u.i.k.p.i.AbstractProblemLoader Environment load took 132.1ns 
216046     INFO  main            d.u.i.k.p.i.AbstractProblemLoader Creating init config 
217172     DEBUG main            d.u.i.k.j.r.ClassPreparationMethodBuilder clPrepBuilder: Inner Class detected. Reject building class initialisation methods. 
219452     DEBUG main            d.u.i.k.p.i.AbstractProblemLoader Init config took 3.41s 
219498     INFO  main            d.u.i.k.p.i.AbstractProblemLoader Replaying proof ListIterator[ListIterator::$pos()].JML accessible clause.0 
219500     DEBUG main            d.u.i.k.p.i.IntermediateProofReplayer Proof replay took 849.92ns 
219501     DEBUG main            d.u.i.k.p.r.p.TestFile    ... success: reloaded. 
219502     INFO  main            d.u.i.k.p.r.p.TestFile    Now processing file /home/runner/work/key/key/key.core/../key.ui/examples/heap/list/Client_m.key 
219502     INFO  main            d.u.i.k.p.i.AbstractProblemLoader Loading environment from /home/runner/work/key/key/key.core/../key.ui/examples/heap/list/Client_m.key 
219502     DEBUG main            d.u.i.k.p.i.AbstractProblemLoader Environment load took 92.2ns 
219503     INFO  main            d.u.i.k.p.i.AbstractProblemLoader Creating init config 
220651     DEBUG main            d.u.i.k.j.r.ClassPreparationMethodBuilder clPrepBuilder: Inner Class detected. Reject building class initialisation methods. 
223085     DEBUG main            d.u.i.k.p.i.AbstractProblemLoader Init config took 3.58s 
223133     INFO  main            d.u.i.k.p.i.AbstractProblemLoader Replaying proof Client[Client::m(List)].JML normal_behavior operation contract.0 
223135     DEBUG main            d.u.i.k.p.i.IntermediateProofReplayer Proof replay took 7.2ns 
223444     INFO  main            d.u.i.k.p.r.p.TestFile    ... finished proof: closed. 
223797     INFO  main            d.u.i.k.p.i.AbstractProblemLoader Loading environment from /home/runner/work/key/key/key.core/../key.ui/examples/heap/list/Client_m.key.proof 
223797     DEBUG main            d.u.i.k.p.i.AbstractProblemLoader Environment load took 132.9ns 
223799     INFO  main            d.u.i.k.p.i.AbstractProblemLoader Creating init config 
224955     DEBUG main            d.u.i.k.j.r.ClassPreparationMethodBuilder clPrepBuilder: Inner Class detected. Reject building class initialisation methods. 
227204     DEBUG main            d.u.i.k.p.i.AbstractProblemLoader Init config took 3.4s 
227250     INFO  main            d.u.i.k.p.i.AbstractProblemLoader Replaying proof Client[Client::m(List)].JML normal_behavior operation contract.0 
227308     DEBUG main            d.u.i.k.p.i.IntermediateProofReplayer Proof replay took 55.01ms 
227309     DEBUG main            d.u.i.k.p.r.p.TestFile    ... success: reloaded. 
227310     INFO  main            d.u.i.k.p.r.p.TestFile    Now processing file /home/runner/work/key/key/key.core/../key.ui/examples/heap/list/Client_n.key 
227312     INFO  main            d.u.i.k.p.i.AbstractProblemLoader Loading environment from /home/runner/work/key/key/key.core/../key.ui/examples/heap/list/Client_n.key 
227313     DEBUG main            d.u.i.k.p.i.AbstractProblemLoader Environment load took 261.71ns 
227316     INFO  main            d.u.i.k.p.i.AbstractProblemLoader Creating init config 
228466     DEBUG main            d.u.i.k.j.r.ClassPreparationMethodBuilder clPrepBuilder: Inner Class detected. Reject building class initialisation methods. 
230794     DEBUG main            d.u.i.k.p.i.AbstractProblemLoader Init config took 3.48s 
230866     INFO  main            d.u.i.k.p.i.AbstractProblemLoader Replaying proof Client[Client::n(List)].JML normal_behavior operation contract.0 
230868     DEBUG main            d.u.i.k.p.i.IntermediateProofReplayer Proof replay took 7.9ns 
230970     INFO  main            d.u.i.k.p.r.p.TestFile    ... finished proof: closed. 
231319     INFO  main            d.u.i.k.p.i.AbstractProblemLoader Loading environment from /home/runner/work/key/key/key.core/../key.ui/examples/heap/list/Client_n.key.proof 
231319     DEBUG main            d.u.i.k.p.i.AbstractProblemLoader Environment load took 134.7ns 
231320     INFO  main            d.u.i.k.p.i.AbstractProblemLoader Creating init config 
232427     DEBUG main            d.u.i.k.j.r.ClassPreparationMethodBuilder clPrepBuilder: Inner Class detected. Reject building class initialisation methods. 
234680     DEBUG main            d.u.i.k.p.i.AbstractProblemLoader Init config took 3.36s 
234732     INFO  main            d.u.i.k.p.i.AbstractProblemLoader Replaying proof Client[Client::n(List)].JML normal_behavior operation contract.0 
234752     DEBUG main            d.u.i.k.p.i.IntermediateProofReplayer Proof replay took 16.68ms 
234753     DEBUG main            d.u.i.k.p.r.p.TestFile    ... success: reloaded. 
234754     INFO  main            d.u.i.k.p.r.p.TestFile    Now processing file /home/runner/work/key/key/key.core/../key.ui/examples/heap/list/LinkedList_get_exceptional.key 
234754     INFO  main            d.u.i.k.p.i.AbstractProblemLoader Loading environment from /home/runner/work/key/key/key.core/../key.ui/examples/heap/list/LinkedList_get_exceptional.key 
234754     DEBUG main            d.u.i.k.p.i.AbstractProblemLoader Environment load took 102.8ns 
234755     INFO  main            d.u.i.k.p.i.AbstractProblemLoader Creating init config 
235942     DEBUG main            d.u.i.k.j.r.ClassPreparationMethodBuilder clPrepBuilder: Inner Class detected. Reject building class initialisation methods. 
238217     DEBUG main            d.u.i.k.p.i.AbstractProblemLoader Init config took 3.46s 
238270     INFO  main            d.u.i.k.p.i.AbstractProblemLoader Replaying proof LinkedList[List::get(int)].JML exceptional_behavior operation contract.0 
238272     DEBUG main            d.u.i.k.p.i.IntermediateProofReplayer Proof replay took 7.6ns 
240702     INFO  main            d.u.i.k.p.r.p.TestFile    ... finished proof: closed. 
241139     INFO  main            d.u.i.k.p.i.AbstractProblemLoader Loading environment from /home/runner/work/key/key/key.core/../key.ui/examples/heap/list/LinkedList_get_exceptional.key.proof 
241140     DEBUG main            d.u.i.k.p.i.AbstractProblemLoader Environment load took 521.31ns 
241141     INFO  main            d.u.i.k.p.i.AbstractProblemLoader Creating init config 
242239     DEBUG main            d.u.i.k.j.r.ClassPreparationMethodBuilder clPrepBuilder: Inner Class detected. Reject building class initialisation methods. 
244494     DEBUG main            d.u.i.k.p.i.AbstractProblemLoader Init config took 3.35s 
244561     INFO  main            d.u.i.k.p.i.AbstractProblemLoader Replaying proof LinkedList[List::get(int)].JML exceptional_behavior operation contract.0 
244798     DEBUG main            d.u.i.k.p.i.IntermediateProofReplayer Proof replay took 227.38ms 
244800     DEBUG main            d.u.i.k.p.r.p.TestFile    ... success: reloaded. 
244801     INFO  main            d.u.i.k.p.r.p.TestFile    Now processing file /home/runner/work/key/key/key.core/../key.ui/examples/heap/list/LinkedList_get_normal.key 
244801     INFO  main            d.u.i.k.p.i.AbstractProblemLoader Loading environment from /home/runner/work/key/key/key.core/../key.ui/examples/heap/list/LinkedList_get_normal.key 
244802     DEBUG main            d.u.i.k.p.i.AbstractProblemLoader Environment load took 253.21ns 
244803     INFO  main            d.u.i.k.p.i.AbstractProblemLoader Creating init config 
245913     DEBUG main            d.u.i.k.j.r.ClassPreparationMethodBuilder clPrepBuilder: Inner Class detected. Reject building class initialisation methods. 
248226     DEBUG main            d.u.i.k.p.i.AbstractProblemLoader Init config took 3.42s 
248278     INFO  main            d.u.i.k.p.i.AbstractProblemLoader Replaying proof LinkedList[List::get(int)].JML normal_behavior operation contract.0 
248281     DEBUG main            d.u.i.k.p.i.IntermediateProofReplayer Proof replay took 7.2ns 
255101     INFO  main            d.u.i.k.p.r.p.TestFile    ... finished proof: closed. 
255615     INFO  main            d.u.i.k.p.i.AbstractProblemLoader Loading environment from /home/runner/work/key/key/key.core/../key.ui/examples/heap/list/LinkedList_get_normal.key.proof 
255615     DEBUG main            d.u.i.k.p.i.AbstractProblemLoader Environment load took 536.12ns 
255618     INFO  main            d.u.i.k.p.i.AbstractProblemLoader Creating init config 
256707     DEBUG main            d.u.i.k.j.r.ClassPreparationMethodBuilder clPrepBuilder: Inner Class detected. Reject building class initialisation methods. 
258978     DEBUG main            d.u.i.k.p.i.AbstractProblemLoader Init config took 3.36s 
259033     INFO  main            d.u.i.k.p.i.AbstractProblemLoader Replaying proof LinkedList[List::get(int)].JML normal_behavior operation contract.0 
259472     DEBUG main            d.u.i.k.p.i.IntermediateProofReplayer Proof replay took 406.17ms 
259474     DEBUG main            d.u.i.k.p.r.p.TestFile    ... success: reloaded. 
259476     INFO  main            d.u.i.k.p.r.p.TestFile    Now processing file /home/runner/work/key/key/key.core/../key.ui/examples/heap/list/LinkedList_LinkedList.key 
259476     INFO  main            d.u.i.k.p.i.AbstractProblemLoader Loading environment from /home/runner/work/key/key/key.core/../key.ui/examples/heap/list/LinkedList_LinkedList.key 
259477     DEBUG main            d.u.i.k.p.i.AbstractProblemLoader Environment load took 297.31ns 
259478     INFO  main            d.u.i.k.p.i.AbstractProblemLoader Creating init config 
260602     DEBUG main            d.u.i.k.j.r.ClassPreparationMethodBuilder clPrepBuilder: Inner Class detected. Reject building class initialisation methods. 
262965     DEBUG main            d.u.i.k.p.i.AbstractProblemLoader Init config took 3.49s 
263016     INFO  main            d.u.i.k.p.i.AbstractProblemLoader Replaying proof LinkedList[LinkedList::LinkedList()].JML normal_behavior operation contract.0 
263018     DEBUG main            d.u.i.k.p.i.IntermediateProofReplayer Proof replay took 7ns 
263623     INFO  main            d.u.i.k.p.r.p.TestFile    ... finished proof: closed. 
264013     INFO  main            d.u.i.k.p.i.AbstractProblemLoader Loading environment from /home/runner/work/key/key/key.core/../key.ui/examples/heap/list/LinkedList_LinkedList.key.proof 
264013     DEBUG main            d.u.i.k.p.i.AbstractProblemLoader Environment load took 225.41ns 
264015     INFO  main            d.u.i.k.p.i.AbstractProblemLoader Creating init config 
265115     DEBUG main            d.u.i.k.j.r.ClassPreparationMethodBuilder clPrepBuilder: Inner Class detected. Reject building class initialisation methods. 
267373     DEBUG main            d.u.i.k.p.i.AbstractProblemLoader Init config took 3.36s 
267427     INFO  main            d.u.i.k.p.i.AbstractProblemLoader Replaying proof LinkedList[LinkedList::LinkedList()].JML normal_behavior operation contract.0 
267503     DEBUG main            d.u.i.k.p.i.IntermediateProofReplayer Proof replay took 72.04ms 
267505     DEBUG main            d.u.i.k.p.r.p.TestFile    ... success: reloaded. 
267506     INFO  main            d.u.i.k.p.r.p.TestFile    Now processing file /home/runner/work/key/key/key.core/../key.ui/examples/heap/list/LinkedList_size_dep.key 
267507     INFO  main            d.u.i.k.p.i.AbstractProblemLoader Loading environment from /home/runner/work/key/key/key.core/../key.ui/examples/heap/list/LinkedList_size_dep.key 
267507     DEBUG main            d.u.i.k.p.i.AbstractProblemLoader Environment load took 259.31ns 
267508     INFO  main            d.u.i.k.p.i.AbstractProblemLoader Creating init config 
268643     DEBUG main            d.u.i.k.j.r.ClassPreparationMethodBuilder clPrepBuilder: Inner Class detected. Reject building class initialisation methods. 
270930     DEBUG main            d.u.i.k.p.i.AbstractProblemLoader Init config took 3.42s 
270980     INFO  main            d.u.i.k.p.i.AbstractProblemLoader Replaying proof LinkedList[List::size()].JML accessible clause.0 
270982     DEBUG main            d.u.i.k.p.i.IntermediateProofReplayer Proof replay took 6.8ns 
271585     INFO  main            d.u.i.k.p.r.p.TestFile    ... finished proof: closed. 
271936     INFO  main            d.u.i.k.p.i.AbstractProblemLoader Loading environment from /home/runner/work/key/key/key.core/../key.ui/examples/heap/list/LinkedList_size_dep.key.proof 
271936     DEBUG main            d.u.i.k.p.i.AbstractProblemLoader Environment load took 129.1ns 
271938     INFO  main            d.u.i.k.p.i.AbstractProblemLoader Creating init config 
273026     DEBUG main            d.u.i.k.j.r.ClassPreparationMethodBuilder clPrepBuilder: Inner Class detected. Reject building class initialisation methods. 
275285     DEBUG main            d.u.i.k.p.i.AbstractProblemLoader Init config took 3.35s 
275336     INFO  main            d.u.i.k.p.i.AbstractProblemLoader Replaying proof LinkedList[List::size()].JML accessible clause.0 
275373     DEBUG main            d.u.i.k.p.i.IntermediateProofReplayer Proof replay took 34.72ms 
275375     DEBUG main            d.u.i.k.p.r.p.TestFile    ... success: reloaded. 
275376     INFO  main            d.u.i.k.p.r.p.TestFile    Now processing file /home/runner/work/key/key/key.core/../key.ui/examples/heap/list/LinkedList_size.key 
275376     INFO  main            d.u.i.k.p.i.AbstractProblemLoader Loading environment from /home/runner/work/key/key/key.core/../key.ui/examples/heap/list/LinkedList_size.key 
275376     DEBUG main            d.u.i.k.p.i.AbstractProblemLoader Environment load took 167.6ns 
275377     INFO  main            d.u.i.k.p.i.AbstractProblemLoader Creating init config 
276510     DEBUG main            d.u.i.k.j.r.ClassPreparationMethodBuilder clPrepBuilder: Inner Class detected. Reject building class initialisation methods. 
278812     DEBUG main            d.u.i.k.p.i.AbstractProblemLoader Init config took 3.43s 
278864     INFO  main            d.u.i.k.p.i.AbstractProblemLoader Replaying proof LinkedList[List::size()].JML normal_behavior operation contract.0 
278865     DEBUG main            d.u.i.k.p.i.IntermediateProofReplayer Proof replay took 7.2ns 
279370     INFO  main            d.u.i.k.p.r.p.TestFile    ... finished proof: closed. 
279734     INFO  main            d.u.i.k.p.i.AbstractProblemLoader Loading environment from /home/runner/work/key/key/key.core/../key.ui/examples/heap/list/LinkedList_size.key.proof 
279734     DEBUG main            d.u.i.k.p.i.AbstractProblemLoader Environment load took 159ns 
279735     INFO  main            d.u.i.k.p.i.AbstractProblemLoader Creating init config 
280834     DEBUG main            d.u.i.k.j.r.ClassPreparationMethodBuilder clPrepBuilder: Inner Class detected. Reject building class initialisation methods. 
283058     DEBUG main            d.u.i.k.p.i.AbstractProblemLoader Init config took 3.32s 
283108     INFO  main            d.u.i.k.p.i.AbstractProblemLoader Replaying proof LinkedList[List::size()].JML normal_behavior operation contract.0 
283140     DEBUG main            d.u.i.k.p.i.IntermediateProofReplayer Proof replay took 29.87ms 
283141     DEBUG main            d.u.i.k.p.r.p.TestFile    ... success: reloaded. 
283142     INFO  main            d.u.i.k.p.r.p.TestFile    Now processing file /home/runner/work/key/key/key.core/../key.ui/examples/heap/list/MySet_footprint.key 
283142     INFO  main            d.u.i.k.p.i.AbstractProblemLoader Loading environment from /home/runner/work/key/key/key.core/../key.ui/examples/heap/list/MySet_footprint.key 
283142     DEBUG main            d.u.i.k.p.i.AbstractProblemLoader Environment load took 140.8ns 
283143     INFO  main            d.u.i.k.p.i.AbstractProblemLoader Creating init config 
284265     DEBUG main            d.u.i.k.j.r.ClassPreparationMethodBuilder clPrepBuilder: Inner Class detected. Reject building class initialisation methods. 
286553     DEBUG main            d.u.i.k.p.i.AbstractProblemLoader Init config took 3.41s 
286607     INFO  main            d.u.i.k.p.i.AbstractProblemLoader Replaying proof MySet[MySet::$footprint()].JML accessible clause.0 
286609     DEBUG main            d.u.i.k.p.i.IntermediateProofReplayer Proof replay took 7.5ns 
286911     INFO  main            d.u.i.k.p.r.p.TestFile    ... finished proof: closed. 
287298     INFO  main            d.u.i.k.p.i.AbstractProblemLoader Loading environment from /home/runner/work/key/key/key.core/../key.ui/examples/heap/list/MySet_footprint.key.proof 
287299     DEBUG main            d.u.i.k.p.i.AbstractProblemLoader Environment load took 123.5ns 
287300     INFO  main            d.u.i.k.p.i.AbstractProblemLoader Creating init config 
288415     DEBUG main            d.u.i.k.j.r.ClassPreparationMethodBuilder clPrepBuilder: Inner Class detected. Reject building class initialisation methods. 
290640     DEBUG main            d.u.i.k.p.i.AbstractProblemLoader Init config took 3.34s 
290710     INFO  main            d.u.i.k.p.i.AbstractProblemLoader Replaying proof MySet[MySet::$footprint()].JML accessible clause.0 
290738     DEBUG main            d.u.i.k.p.i.IntermediateProofReplayer Proof replay took 25.57ms 
290741     DEBUG main            d.u.i.k.p.r.p.TestFile    ... success: reloaded. 
290742     INFO  main            d.u.i.k.p.r.p.TestFile    Now processing file /home/runner/work/key/key/key.core/../key.ui/examples/heap/list/MySet_MySet.key 
290742     INFO  main            d.u.i.k.p.i.AbstractProblemLoader Loading environment from /home/runner/work/key/key/key.core/../key.ui/examples/heap/list/MySet_MySet.key 
290743     DEBUG main            d.u.i.k.p.i.AbstractProblemLoader Environment load took 115.4ns 
290744     INFO  main            d.u.i.k.p.i.AbstractProblemLoader Creating init config 
291867     DEBUG main            d.u.i.k.j.r.ClassPreparationMethodBuilder clPrepBuilder: Inner Class detected. Reject building class initialisation methods. 
294140     DEBUG main            d.u.i.k.p.i.AbstractProblemLoader Init config took 3.4s 
294195     INFO  main            d.u.i.k.p.i.AbstractProblemLoader Replaying proof MySet[MySet::MySet()].JML normal_behavior operation contract.0 
294196     DEBUG main            d.u.i.k.p.i.IntermediateProofReplayer Proof replay took 7.4ns 
296945     INFO  main            d.u.i.k.p.r.p.TestFile    ... finished proof: closed. 
297365     INFO  main            d.u.i.k.p.i.AbstractProblemLoader Loading environment from /home/runner/work/key/key/key.core/../key.ui/examples/heap/list/MySet_MySet.key.proof 
297365     DEBUG main            d.u.i.k.p.i.AbstractProblemLoader Environment load took 133.2ns 
297369     INFO  main            d.u.i.k.p.i.AbstractProblemLoader Creating init config 
298484     DEBUG main            d.u.i.k.j.r.ClassPreparationMethodBuilder clPrepBuilder: Inner Class detected. Reject building class initialisation methods. 
300799     DEBUG main            d.u.i.k.p.i.AbstractProblemLoader Init config took 3.43s 
300854     INFO  main            d.u.i.k.p.i.AbstractProblemLoader Replaying proof MySet[MySet::MySet()].JML normal_behavior operation contract.0 
301172     DEBUG main            d.u.i.k.p.i.IntermediateProofReplayer Proof replay took 302.98ms 
301174     DEBUG main            d.u.i.k.p.r.p.TestFile    ... success: reloaded. 
1304273    INFO  Test worker     d.u.i.k.p.r.RunAllProofsTestUnit Returning from test list 
1304274    INFO  Test worker     d.u.i.k.p.r.RunAllProofsTestUnit Running test list_ghost 
407        INFO  Timeout watchdog d.u.i.k.p.r.p.ForkedTestFileRunner Timeout watcher launched (2000 secs.) 
413        WARN  main            d.u.i.k.s.ProofSettings   The settings in /home/runner/.key/proof-settings.props are *not* read. 
450        INFO  main            d.u.i.k.p.r.p.TestFile    Now processing file /home/runner/work/key/key/key.core/../key.ui/examples/heap/list_ghost/ArrayList_add.key 
595        INFO  main            d.u.i.k.p.i.AbstractProblemLoader Loading environment from /home/runner/work/key/key/key.core/../key.ui/examples/heap/list_ghost/ArrayList_add.key 
616        DEBUG main            d.u.i.k.p.i.AbstractProblemLoader Environment load took 2.83ms 
928        INFO  main            d.u.i.k.p.i.AbstractProblemLoader Creating init config 
2021       DEBUG main            d.u.i.k.j.TypeConverter   No LDT found for Meta 
2021       DEBUG main            d.u.i.k.j.TypeConverter   No LDT found for Meta 
2022       DEBUG main            d.u.i.k.j.TypeConverter   No LDT found for Meta 
2022       DEBUG main            d.u.i.k.j.TypeConverter   No LDT found for Meta 
3648       DEBUG main            d.u.i.k.j.TypeConverter   No LDT found for JavaBigintExpression 
9844       DEBUG main            d.u.i.k.p.i.AbstractProblemLoader Init config took 8.92s 
9987       INFO  main            d.u.i.k.p.i.AbstractProblemLoader Replaying proof ArrayList[List::add(java.lang.Object)].JML normal_behavior operation contract.0 
10025      DEBUG main            d.u.i.k.p.i.IntermediateProofReplayer Proof replay took 40.9ns 
16223      INFO  main            d.u.i.k.p.r.p.TestFile    ... finished proof: closed. 
16443      INFO  main            d.u.i.k.p.i.AbstractProblemLoader Loading environment from /home/runner/work/key/key/key.core/../key.ui/examples/heap/list_ghost/ArrayList_add.key.proof 
16445      DEBUG main            d.u.i.k.p.i.AbstractProblemLoader Environment load took 1.31ms 
16450      INFO  main            d.u.i.k.p.i.AbstractProblemLoader Creating init config 
20055      DEBUG main            d.u.i.k.p.i.AbstractProblemLoader Init config took 3.61s 
20132      INFO  main            d.u.i.k.p.i.AbstractProblemLoader Replaying proof ArrayList[List::add(java.lang.Object)].JML normal_behavior operation contract.0 
20667      DEBUG main            d.u.i.k.p.i.IntermediateProofReplayer Proof replay took 507.32ms 
20677      DEBUG main            d.u.i.k.p.r.p.TestFile    ... success: reloaded. 
20679      INFO  main            d.u.i.k.p.r.p.TestFile    Now processing file /home/runner/work/key/key/key.core/../key.ui/examples/heap/list_ghost/ArrayList_ArrayList.key 
20679      INFO  main            d.u.i.k.p.i.AbstractProblemLoader Loading environment from /home/runner/work/key/key/key.core/../key.ui/examples/heap/list_ghost/ArrayList_ArrayList.key 
20680      DEBUG main            d.u.i.k.p.i.AbstractProblemLoader Environment load took 337.41ns 
20681      INFO  main            d.u.i.k.p.i.AbstractProblemLoader Creating init config 
24084      DEBUG main            d.u.i.k.p.i.AbstractProblemLoader Init config took 3.4s 
24147      INFO  main            d.u.i.k.p.i.AbstractProblemLoader Replaying proof ArrayList[ArrayList::ArrayList()].JML normal_behavior operation contract.0 
24150      DEBUG main            d.u.i.k.p.i.IntermediateProofReplayer Proof replay took 7.5ns 
25373      INFO  main            d.u.i.k.p.r.p.TestFile    ... finished proof: closed. 
25537      INFO  main            d.u.i.k.p.i.AbstractProblemLoader Loading environment from /home/runner/work/key/key/key.core/../key.ui/examples/heap/list_ghost/ArrayList_ArrayList.key.proof 
25538      DEBUG main            d.u.i.k.p.i.AbstractProblemLoader Environment load took 572.22ns 
25542      INFO  main            d.u.i.k.p.i.AbstractProblemLoader Creating init config 
29005      DEBUG main            d.u.i.k.p.i.AbstractProblemLoader Init config took 3.46s 
29072      INFO  main            d.u.i.k.p.i.AbstractProblemLoader Replaying proof ArrayList[ArrayList::ArrayList()].JML normal_behavior operation contract.0 
29233      DEBUG main            d.u.i.k.p.i.IntermediateProofReplayer Proof replay took 152.5ms 
29234      DEBUG main            d.u.i.k.p.r.p.TestFile    ... success: reloaded. 
29236      INFO  main            d.u.i.k.p.r.p.TestFile    Now processing file /home/runner/work/key/key/key.core/../key.ui/examples/heap/list_ghost/ArrayList_enlarge.key 
29237      INFO  main            d.u.i.k.p.i.AbstractProblemLoader Loading environment from /home/runner/work/key/key/key.core/../key.ui/examples/heap/list_ghost/ArrayList_enlarge.key 
29237      DEBUG main            d.u.i.k.p.i.AbstractProblemLoader Environment load took 321.61ns 
29238      INFO  main            d.u.i.k.p.i.AbstractProblemLoader Creating init config 
32541      DEBUG main            d.u.i.k.p.i.AbstractProblemLoader Init config took 3.3s 
32602      INFO  main            d.u.i.k.p.i.AbstractProblemLoader Replaying proof ArrayList[ArrayList::enlarge()].JML normal_behavior operation contract.0 
32605      DEBUG main            d.u.i.k.p.i.IntermediateProofReplayer Proof replay took 7.6ns 
35058      INFO  main            d.u.i.k.p.r.p.TestFile    ... finished proof: closed. 
35279      INFO  main            d.u.i.k.p.i.AbstractProblemLoader Loading environment from /home/runner/work/key/key/key.core/../key.ui/examples/heap/list_ghost/ArrayList_enlarge.key.proof 
35280      DEBUG main            d.u.i.k.p.i.AbstractProblemLoader Environment load took 560.42ns 
35281      INFO  main            d.u.i.k.p.i.AbstractProblemLoader Creating init config 
38600      DEBUG main            d.u.i.k.p.i.AbstractProblemLoader Init config took 3.32s 
38670      INFO  main            d.u.i.k.p.i.AbstractProblemLoader Replaying proof ArrayList[ArrayList::enlarge()].JML normal_behavior operation contract.0 
39004      DEBUG main            d.u.i.k.p.i.IntermediateProofReplayer Proof replay took 323.48ms 
39006      DEBUG main            d.u.i.k.p.r.p.TestFile    ... success: reloaded. 
39008      INFO  main            d.u.i.k.p.r.p.TestFile    Now processing file /home/runner/work/key/key/key.core/../key.ui/examples/heap/list_ghost/ArrayList_get_dep.key 
39008      INFO  main            d.u.i.k.p.i.AbstractProblemLoader Loading environment from /home/runner/work/key/key/key.core/../key.ui/examples/heap/list_ghost/ArrayList_get_dep.key 
39008      DEBUG main            d.u.i.k.p.i.AbstractProblemLoader Environment load took 267.31ns 
39010      INFO  main            d.u.i.k.p.i.AbstractProblemLoader Creating init config 
42268      DEBUG main            d.u.i.k.p.i.AbstractProblemLoader Init config took 3.26s 
42326      INFO  main            d.u.i.k.p.i.AbstractProblemLoader Replaying proof ArrayList[List::get(int)].JML accessible clause.0 
42328      DEBUG main            d.u.i.k.p.i.IntermediateProofReplayer Proof replay took 15.3ns 
42732      INFO  main            d.u.i.k.p.r.p.TestFile    ... finished proof: closed. 
42929      INFO  main            d.u.i.k.p.i.AbstractProblemLoader Loading environment from /home/runner/work/key/key/key.core/../key.ui/examples/heap/list_ghost/ArrayList_get_dep.key.proof 
42930      DEBUG main            d.u.i.k.p.i.AbstractProblemLoader Environment load took 560.32ns 
42931      INFO  main            d.u.i.k.p.i.AbstractProblemLoader Creating init config 
46107      DEBUG main            d.u.i.k.p.i.AbstractProblemLoader Init config took 3.18s 
46164      INFO  main            d.u.i.k.p.i.AbstractProblemLoader Replaying proof ArrayList[List::get(int)].JML accessible clause.0 
46228      DEBUG main            d.u.i.k.p.i.IntermediateProofReplayer Proof replay took 57.98ms 
46229      DEBUG main            d.u.i.k.p.r.p.TestFile    ... success: reloaded. 
46231      INFO  main            d.u.i.k.p.r.p.TestFile    Now processing file /home/runner/work/key/key/key.core/../key.ui/examples/heap/list_ghost/ArrayList_get_exceptional.key 
46231      INFO  main            d.u.i.k.p.i.AbstractProblemLoader Loading environment from /home/runner/work/key/key/key.core/../key.ui/examples/heap/list_ghost/ArrayList_get_exceptional.key 
46231      DEBUG main            d.u.i.k.p.i.AbstractProblemLoader Environment load took 273.21ns 
46235      INFO  main            d.u.i.k.p.i.AbstractProblemLoader Creating init config 
49539      DEBUG main            d.u.i.k.p.i.AbstractProblemLoader Init config took 3.3s 
49593      INFO  main            d.u.i.k.p.i.AbstractProblemLoader Replaying proof ArrayList[List::get(int)].JML exceptional_behavior operation contract.0 
49595      DEBUG main            d.u.i.k.p.i.IntermediateProofReplayer Proof replay took 7.7ns 
50500      INFO  main            d.u.i.k.p.r.p.TestFile    ... finished proof: closed. 
50695      INFO  main            d.u.i.k.p.i.AbstractProblemLoader Loading environment from /home/runner/work/key/key/key.core/../key.ui/examples/heap/list_ghost/ArrayList_get_exceptional.key.proof 
50695      DEBUG main            d.u.i.k.p.i.AbstractProblemLoader Environment load took 589.12ns 
50697      INFO  main            d.u.i.k.p.i.AbstractProblemLoader Creating init config 
53899      DEBUG main            d.u.i.k.p.i.AbstractProblemLoader Init config took 3.2s 
53949      INFO  main            d.u.i.k.p.i.AbstractProblemLoader Replaying proof ArrayList[List::get(int)].JML exceptional_behavior operation contract.0 
54088      DEBUG main            d.u.i.k.p.i.IntermediateProofReplayer Proof replay took 132.34ms 
54090      DEBUG main            d.u.i.k.p.r.p.TestFile    ... success: reloaded. 
54091      INFO  main            d.u.i.k.p.r.p.TestFile    Now processing file /home/runner/work/key/key/key.core/../key.ui/examples/heap/list_ghost/ArrayList_get_normal.key 
54092      INFO  main            d.u.i.k.p.i.AbstractProblemLoader Loading environment from /home/runner/work/key/key/key.core/../key.ui/examples/heap/list_ghost/ArrayList_get_normal.key 
54092      DEBUG main            d.u.i.k.p.i.AbstractProblemLoader Environment load took 288.91ns 
54093      INFO  main            d.u.i.k.p.i.AbstractProblemLoader Creating init config 
57318      DEBUG main            d.u.i.k.p.i.AbstractProblemLoader Init config took 3.23s 
57368      INFO  main            d.u.i.k.p.i.AbstractProblemLoader Replaying proof ArrayList[List::get(int)].JML normal_behavior operation contract.0 
57370      DEBUG main            d.u.i.k.p.i.IntermediateProofReplayer Proof replay took 7.5ns 
57674      INFO  main            d.u.i.k.p.r.p.TestFile    ... finished proof: closed. 
57950      INFO  main            d.u.i.k.p.i.AbstractProblemLoader Loading environment from /home/runner/work/key/key/key.core/../key.ui/examples/heap/list_ghost/ArrayList_get_normal.key.proof 
57950      DEBUG main            d.u.i.k.p.i.AbstractProblemLoader Environment load took 536.41ns 
57952      INFO  main            d.u.i.k.p.i.AbstractProblemLoader Creating init config 
61083      DEBUG main            d.u.i.k.p.i.AbstractProblemLoader Init config took 3.13s 
61152      INFO  main            d.u.i.k.p.i.AbstractProblemLoader Replaying proof ArrayList[List::get(int)].JML normal_behavior operation contract.0 
61205      DEBUG main            d.u.i.k.p.i.IntermediateProofReplayer Proof replay took 48.37ms 
61207      DEBUG main            d.u.i.k.p.r.p.TestFile    ... success: reloaded. 
61208      INFO  main            d.u.i.k.p.r.p.TestFile    Now processing file /home/runner/work/key/key/key.core/../key.ui/examples/heap/list_ghost/ArrayList_inv.key 
61209      INFO  main            d.u.i.k.p.i.AbstractProblemLoader Loading environment from /home/runner/work/key/key/key.core/../key.ui/examples/heap/list_ghost/ArrayList_inv.key 
61209      DEBUG main            d.u.i.k.p.i.AbstractProblemLoader Environment load took 117.1ns 
61210      INFO  main            d.u.i.k.p.i.AbstractProblemLoader Creating init config 
64461      DEBUG main            d.u.i.k.p.i.AbstractProblemLoader Init config took 3.25s 
64508      INFO  main            d.u.i.k.p.i.AbstractProblemLoader Replaying proof ArrayList[java.lang.Object::<inv>()].JML accessible clause.0 
64510      DEBUG main            d.u.i.k.p.i.IntermediateProofReplayer Proof replay took 7.2ns 
64612      INFO  main            d.u.i.k.p.r.p.TestFile    ... finished proof: closed. 
64822      INFO  main            d.u.i.k.p.i.AbstractProblemLoader Loading environment from /home/runner/work/key/key/key.core/../key.ui/examples/heap/list_ghost/ArrayList_inv.key.proof 
64822      DEBUG main            d.u.i.k.p.i.AbstractProblemLoader Environment load took 138.8ns 
64824      INFO  main            d.u.i.k.p.i.AbstractProblemLoader Creating init config 
68021      DEBUG main            d.u.i.k.p.i.AbstractProblemLoader Init config took 3.2s 
68071      INFO  main            d.u.i.k.p.i.AbstractProblemLoader Replaying proof ArrayList[java.lang.Object::<inv>()].JML accessible clause.0 
68084      DEBUG main            d.u.i.k.p.i.IntermediateProofReplayer Proof replay took 8.94ms 
68085      DEBUG main            d.u.i.k.p.r.p.TestFile    ... success: reloaded. 
68086      INFO  main            d.u.i.k.p.r.p.TestFile    Now processing file /home/runner/work/key/key/key.core/../key.ui/examples/heap/list_ghost/ArrayList_size_dep.key 
68087      INFO  main            d.u.i.k.p.i.AbstractProblemLoader Loading environment from /home/runner/work/key/key/key.core/../key.ui/examples/heap/list_ghost/ArrayList_size_dep.key 
68087      DEBUG main            d.u.i.k.p.i.AbstractProblemLoader Environment load took 275.71ns 
68088      INFO  main            d.u.i.k.p.i.AbstractProblemLoader Creating init config 
71332      DEBUG main            d.u.i.k.p.i.AbstractProblemLoader Init config took 3.24s 
71379      INFO  main            d.u.i.k.p.i.AbstractProblemLoader Replaying proof ArrayList[List::size()].JML accessible clause.0 
71381      DEBUG main            d.u.i.k.p.i.IntermediateProofReplayer Proof replay took 7.5ns 
71486      INFO  main            d.u.i.k.p.r.p.TestFile    ... finished proof: closed. 
71726      INFO  main            d.u.i.k.p.i.AbstractProblemLoader Loading environment from /home/runner/work/key/key/key.core/../key.ui/examples/heap/list_ghost/ArrayList_size_dep.key.proof 
71726      DEBUG main            d.u.i.k.p.i.AbstractProblemLoader Environment load took 158ns 
71727      INFO  main            d.u.i.k.p.i.AbstractProblemLoader Creating init config 
74913      DEBUG main            d.u.i.k.p.i.AbstractProblemLoader Init config took 3.19s 
74988      INFO  main            d.u.i.k.p.i.AbstractProblemLoader Replaying proof ArrayList[List::size()].JML accessible clause.0 
75003      DEBUG main            d.u.i.k.p.i.IntermediateProofReplayer Proof replay took 12.47ms 
75005      DEBUG main            d.u.i.k.p.r.p.TestFile    ... success: reloaded. 
75006      INFO  main            d.u.i.k.p.r.p.TestFile    Now processing file /home/runner/work/key/key/key.core/../key.ui/examples/heap/list_ghost/ArrayList_size.key 
75007      INFO  main            d.u.i.k.p.i.AbstractProblemLoader Loading environment from /home/runner/work/key/key/key.core/../key.ui/examples/heap/list_ghost/ArrayList_size.key 
75007      DEBUG main            d.u.i.k.p.i.AbstractProblemLoader Environment load took 259.41ns 
75008      INFO  main            d.u.i.k.p.i.AbstractProblemLoader Creating init config 
78232      DEBUG main            d.u.i.k.p.i.AbstractProblemLoader Init config took 3.22s 
78278      INFO  main            d.u.i.k.p.i.AbstractProblemLoader Replaying proof ArrayList[List::size()].JML normal_behavior operation contract.0 
78280      DEBUG main            d.u.i.k.p.i.IntermediateProofReplayer Proof replay took 6.7ns 
78382      INFO  main            d.u.i.k.p.r.p.TestFile    ... finished proof: closed. 
78602      INFO  main            d.u.i.k.p.i.AbstractProblemLoader Loading environment from /home/runner/work/key/key/key.core/../key.ui/examples/heap/list_ghost/ArrayList_size.key.proof 
78602      DEBUG main            d.u.i.k.p.i.AbstractProblemLoader Environment load took 132.4ns 
78603      INFO  main            d.u.i.k.p.i.AbstractProblemLoader Creating init config 
81825      DEBUG main            d.u.i.k.p.i.AbstractProblemLoader Init config took 3.22s 
81874      INFO  main            d.u.i.k.p.i.AbstractProblemLoader Replaying proof ArrayList[List::size()].JML normal_behavior operation contract.0 
81890      DEBUG main            d.u.i.k.p.i.IntermediateProofReplayer Proof replay took 12.99ms 
81891      DEBUG main            d.u.i.k.p.r.p.TestFile    ... success: reloaded. 
1386388    INFO  Test worker     d.u.i.k.p.r.RunAllProofsTestUnit Returning from test list_ghost 
1386389    INFO  Test worker     d.u.i.k.p.r.RunAllProofsTestUnit Running test list_recursive 
388        INFO  Timeout watchdog d.u.i.k.p.r.p.ForkedTestFileRunner Timeout watcher launched (2000 secs.) 
405        WARN  main            d.u.i.k.s.ProofSettings   The settings in /home/runner/.key/proof-settings.props are *not* read. 
438        INFO  main            d.u.i.k.p.r.p.TestFile    Now processing file /home/runner/work/key/key/key.core/../key.ui/examples/heap/list_recursiveSpec/ListOperationsNonNull_getNextNN_normal_behavior.key 
573        INFO  main            d.u.i.k.p.i.AbstractProblemLoader Loading environment from /home/runner/work/key/key/key.core/../key.ui/examples/heap/list_recursiveSpec/ListOperationsNonNull_getNextNN_normal_behavior.key 
602        DEBUG main            d.u.i.k.p.i.AbstractProblemLoader Environment load took 4.69ms 
896        INFO  main            d.u.i.k.p.i.AbstractProblemLoader Creating init config 
1954       DEBUG main            d.u.i.k.j.TypeConverter   No LDT found for Meta 
1954       DEBUG main            d.u.i.k.j.TypeConverter   No LDT found for Meta 
1956       DEBUG main            d.u.i.k.j.TypeConverter   No LDT found for Meta 
1956       DEBUG main            d.u.i.k.j.TypeConverter   No LDT found for Meta 
3715       DEBUG main            d.u.i.k.j.TypeConverter   No LDT found for JavaBigintExpression 
9694       DEBUG main            d.u.i.k.p.i.AbstractProblemLoader Init config took 8.8s 
9884       INFO  main            d.u.i.k.p.i.AbstractProblemLoader Replaying proof ListOperationsNonNull[ListOperationsNonNull::getNextNN(ListNN,int)].JML normal_behavior operation contract.0 
9924       DEBUG main            d.u.i.k.p.i.IntermediateProofReplayer Proof replay took 36.1ns 
11516      INFO  main            d.u.i.k.p.r.p.TestFile    ... finished proof: closed. 
11675      INFO  main            d.u.i.k.p.i.AbstractProblemLoader Loading environment from /home/runner/work/key/key/key.core/../key.ui/examples/heap/list_recursiveSpec/ListOperationsNonNull_getNextNN_normal_behavior.key.proof 
11677      DEBUG main            d.u.i.k.p.i.AbstractProblemLoader Environment load took 1.58ms 
11679      INFO  main            d.u.i.k.p.i.AbstractProblemLoader Creating init config 
15366      DEBUG main            d.u.i.k.p.i.AbstractProblemLoader Init config took 3.69s 
15495      INFO  main            d.u.i.k.p.i.AbstractProblemLoader Replaying proof ListOperationsNonNull[ListOperationsNonNull::getNextNN(ListNN,int)].JML normal_behavior operation contract.0 
15733      DEBUG main            d.u.i.k.p.i.IntermediateProofReplayer Proof replay took 220.45ms 
15741      DEBUG main            d.u.i.k.p.r.p.TestFile    ... success: reloaded. 
15746      INFO  main            d.u.i.k.p.r.p.TestFile    Now processing file /home/runner/work/key/key/key.core/../key.ui/examples/heap/list_recursiveSpec/ListOperationsNonNull_setValueAt_normal_behavior.key 
15746      INFO  main            d.u.i.k.p.i.AbstractProblemLoader Loading environment from /home/runner/work/key/key/key.core/../key.ui/examples/heap/list_recursiveSpec/ListOperationsNonNull_setValueAt_normal_behavior.key 
15746      DEBUG main            d.u.i.k.p.i.AbstractProblemLoader Environment load took 305.11ns 
15751      INFO  main            d.u.i.k.p.i.AbstractProblemLoader Creating init config 
19168      DEBUG main            d.u.i.k.p.i.AbstractProblemLoader Init config took 3.42s 
19253      INFO  main            d.u.i.k.p.i.AbstractProblemLoader Replaying proof ListOperationsNonNull[ListOperationsNonNull::setValueAt_NN(ListNN,int,int)].JML normal_behavior operation contract.0 
19259      DEBUG main            d.u.i.k.p.i.IntermediateProofReplayer Proof replay took 9ns 
19304      DEBUG main            d.u.i.k.m.s.ProofScriptEngine [1] goal: 0, source line: 51, command: 'macro autopilot' 
22048      DEBUG main            d.u.i.k.m.s.ProofScriptEngine [2] goal: 79, source line: 52, command: 'macro simp-upd' 
22056      DEBUG main            d.u.i.k.m.s.ProofScriptEngine [3] goal: 1451, source line: 53, command: 'rule observerDependencyEQ' 
22071      DEBUG main            d.u.i.k.m.s.ProofScriptEngine [4] goal: 1452, source line: 54, command: 'tryclose' 
22108      INFO  main            d.u.i.k.p.r.p.TestFile    ... finished proof: closed. 
22289      INFO  main            d.u.i.k.p.i.AbstractProblemLoader Loading environment from /home/runner/work/key/key/key.core/../key.ui/examples/heap/list_recursiveSpec/ListOperationsNonNull_setValueAt_normal_behavior.key.proof 
22289      DEBUG main            d.u.i.k.p.i.AbstractProblemLoader Environment load took 518.51ns 
22292      INFO  main            d.u.i.k.p.i.AbstractProblemLoader Creating init config 
25592      DEBUG main            d.u.i.k.p.i.AbstractProblemLoader Init config took 3.3s 
25655      INFO  main            d.u.i.k.p.i.AbstractProblemLoader Replaying proof ListOperationsNonNull[ListOperationsNonNull::setValueAt_NN(ListNN,int,int)].JML normal_behavior operation contract.0 
25776      DEBUG main            d.u.i.k.p.i.IntermediateProofReplayer Proof replay took 115.24ms 
25777      DEBUG main            d.u.i.k.p.r.p.TestFile    ... success: reloaded. 
1412356    INFO  Test worker     d.u.i.k.p.r.RunAllProofsTestUnit Returning from test list_recursive 
1412358    INFO  Test worker     d.u.i.k.p.r.RunAllProofsTestUnit Running test list_seq 
360        INFO  Timeout watchdog d.u.i.k.p.r.p.ForkedTestFileRunner Timeout watcher launched (2000 secs.) 
373        WARN  main            d.u.i.k.s.ProofSettings   The settings in /home/runner/.key/proof-settings.props are *not* read. 
420        INFO  main            d.u.i.k.p.r.p.TestFile    Now processing file /home/runner/work/key/key/key.core/../key.ui/examples/heap/list_seq/SimplifiedLinkedList.remove.key 
575        INFO  main            d.u.i.k.p.i.AbstractProblemLoader Loading environment from /home/runner/work/key/key/key.core/../key.ui/examples/heap/list_seq/SimplifiedLinkedList.remove.key 
595        DEBUG main            d.u.i.k.p.i.AbstractProblemLoader Environment load took 2.63ms 
896        INFO  main            d.u.i.k.p.i.AbstractProblemLoader Creating init config 
2001       DEBUG main            d.u.i.k.j.TypeConverter   No LDT found for Meta 
2002       DEBUG main            d.u.i.k.j.TypeConverter   No LDT found for Meta 
2003       DEBUG main            d.u.i.k.j.TypeConverter   No LDT found for Meta 
2003       DEBUG main            d.u.i.k.j.TypeConverter   No LDT found for Meta 
3541       DEBUG main            d.u.i.k.j.TypeConverter   No LDT found for JavaBigintExpression 
10036      DEBUG main            d.u.i.k.p.i.AbstractProblemLoader Init config took 9.14s 
10282      INFO  main            d.u.i.k.p.i.AbstractProblemLoader Replaying proof SimplifiedLinkedList[SimplifiedLinkedList::remove(int)].JML normal_behavior operation contract.0 
10325      DEBUG main            d.u.i.k.p.i.IntermediateProofReplayer Proof replay took 38.3ns 
89002      INFO  main            d.u.i.k.p.r.p.TestFile    ... finished proof: closed. 
89406      INFO  main            d.u.i.k.p.i.AbstractProblemLoader Loading environment from /home/runner/work/key/key/key.core/../key.ui/examples/heap/list_seq/SimplifiedLinkedList.remove.key.proof 
89406      DEBUG main            d.u.i.k.p.i.AbstractProblemLoader Environment load took 215.81ns 
89421      INFO  main            d.u.i.k.p.i.AbstractProblemLoader Creating init config 
93178      DEBUG main            d.u.i.k.p.i.AbstractProblemLoader Init config took 3.76s 
93275      INFO  main            d.u.i.k.p.i.AbstractProblemLoader Replaying proof SimplifiedLinkedList[SimplifiedLinkedList::remove(int)].JML normal_behavior operation contract.0 
96307      DEBUG main            d.u.i.k.p.i.IntermediateProofReplayer Proof replay took 2.69s 
96361      DEBUG main            d.u.i.k.p.r.p.TestFile    ... success: reloaded. 
96365      INFO  main            d.u.i.k.p.r.p.TestFile    Now processing file /home/runner/work/key/key/key.core/../key.ui/examples/heap/list_seq/ArrayList.ArrayList.key 
96366      INFO  main            d.u.i.k.p.i.AbstractProblemLoader Loading environment from /home/runner/work/key/key/key.core/../key.ui/examples/heap/list_seq/ArrayList.ArrayList.key 
96370      DEBUG main            d.u.i.k.p.i.AbstractProblemLoader Environment load took 3.61ms 
96374      INFO  main            d.u.i.k.p.i.AbstractProblemLoader Creating init config 
100279     DEBUG main            d.u.i.k.p.i.AbstractProblemLoader Init config took 3.91s 
100378     INFO  main            d.u.i.k.p.i.AbstractProblemLoader Replaying proof ArrayList[ArrayList::ArrayList()].JML normal_behavior operation contract.0 
100381     DEBUG main            d.u.i.k.p.i.IntermediateProofReplayer Proof replay took 6.6ns 
101587     INFO  main            d.u.i.k.p.r.p.TestFile    ... finished proof: closed. 
101784     INFO  main            d.u.i.k.p.i.AbstractProblemLoader Loading environment from /home/runner/work/key/key/key.core/../key.ui/examples/heap/list_seq/ArrayList.ArrayList.key.proof 
101785     DEBUG main            d.u.i.k.p.i.AbstractProblemLoader Environment load took 541.32ns 
101787     INFO  main            d.u.i.k.p.i.AbstractProblemLoader Creating init config 
105510     DEBUG main            d.u.i.k.p.i.AbstractProblemLoader Init config took 3.72s 
105631     INFO  main            d.u.i.k.p.i.AbstractProblemLoader Replaying proof ArrayList[ArrayList::ArrayList()].JML normal_behavior operation contract.0 
105749     DEBUG main            d.u.i.k.p.i.IntermediateProofReplayer Proof replay took 112.87ms 
105750     DEBUG main            d.u.i.k.p.r.p.TestFile    ... success: reloaded. 
105751     INFO  main            d.u.i.k.p.r.p.TestFile    Now processing file /home/runner/work/key/key/key.core/../key.ui/examples/heap/list_seq/ArrayList.add.key 
105752     INFO  main            d.u.i.k.p.i.AbstractProblemLoader Loading environment from /home/runner/work/key/key/key.core/../key.ui/examples/heap/list_seq/ArrayList.add.key 
105752     DEBUG main            d.u.i.k.p.i.AbstractProblemLoader Environment load took 276.21ns 
105754     INFO  main            d.u.i.k.p.i.AbstractProblemLoader Creating init config 
109369     DEBUG main            d.u.i.k.p.i.AbstractProblemLoader Init config took 3.62s 
109458     INFO  main            d.u.i.k.p.i.AbstractProblemLoader Replaying proof ArrayList[List::add(java.lang.Object)].JML normal_behavior operation contract.0 
109460     DEBUG main            d.u.i.k.p.i.IntermediateProofReplayer Proof replay took 6.6ns 
113105     INFO  main            d.u.i.k.p.r.p.TestFile    ... finished proof: closed. 
113330     INFO  main            d.u.i.k.p.i.AbstractProblemLoader Loading environment from /home/runner/work/key/key/key.core/../key.ui/examples/heap/list_seq/ArrayList.add.key.proof 
113331     DEBUG main            d.u.i.k.p.i.AbstractProblemLoader Environment load took 521.72ns 
113333     INFO  main            d.u.i.k.p.i.AbstractProblemLoader Creating init config 
116875     DEBUG main            d.u.i.k.p.i.AbstractProblemLoader Init config took 3.54s 
116987     INFO  main            d.u.i.k.p.i.AbstractProblemLoader Replaying proof ArrayList[List::add(java.lang.Object)].JML normal_behavior operation contract.0 
117262     DEBUG main            d.u.i.k.p.i.IntermediateProofReplayer Proof replay took 262.3ms 
117265     DEBUG main            d.u.i.k.p.r.p.TestFile    ... success: reloaded. 
117267     INFO  main            d.u.i.k.p.r.p.TestFile    Now processing file /home/runner/work/key/key/key.core/../key.ui/examples/heap/list_seq/ArrayList.contains.key 
117276     INFO  main            d.u.i.k.p.i.AbstractProblemLoader Loading environment from /home/runner/work/key/key/key.core/../key.ui/examples/heap/list_seq/ArrayList.contains.key 
117276     DEBUG main            d.u.i.k.p.i.AbstractProblemLoader Environment load took 288.51ns 
117277     INFO  main            d.u.i.k.p.i.AbstractProblemLoader Creating init config 
120841     DEBUG main            d.u.i.k.p.i.AbstractProblemLoader Init config took 3.56s 
120934     INFO  main            d.u.i.k.p.i.AbstractProblemLoader Replaying proof ArrayList[List::contains(java.lang.Object)].JML normal_behavior operation contract.0 
120936     DEBUG main            d.u.i.k.p.i.IntermediateProofReplayer Proof replay took 6ns 
122742     INFO  main            d.u.i.k.p.r.p.TestFile    ... finished proof: closed. 
122990     INFO  main            d.u.i.k.p.i.AbstractProblemLoader Loading environment from /home/runner/work/key/key/key.core/../key.ui/examples/heap/list_seq/ArrayList.contains.key.proof 
122991     DEBUG main            d.u.i.k.p.i.AbstractProblemLoader Environment load took 526.92ns 
122993     INFO  main            d.u.i.k.p.i.AbstractProblemLoader Creating init config 
126526     DEBUG main            d.u.i.k.p.i.AbstractProblemLoader Init config took 3.53s 
126613     INFO  main            d.u.i.k.p.i.AbstractProblemLoader Replaying proof ArrayList[List::contains(java.lang.Object)].JML normal_behavior operation contract.0 
126803     DEBUG main            d.u.i.k.p.i.IntermediateProofReplayer Proof replay took 181.53ms 
126805     DEBUG main            d.u.i.k.p.r.p.TestFile    ... success: reloaded. 
126806     INFO  main            d.u.i.k.p.r.p.TestFile    Now processing file /home/runner/work/key/key/key.core/../key.ui/examples/heap/list_seq/ArrayList.enlarge.key 
126806     INFO  main            d.u.i.k.p.i.AbstractProblemLoader Loading environment from /home/runner/work/key/key/key.core/../key.ui/examples/heap/list_seq/ArrayList.enlarge.key 
126806     DEBUG main            d.u.i.k.p.i.AbstractProblemLoader Environment load took 183.21ns 
126807     INFO  main            d.u.i.k.p.i.AbstractProblemLoader Creating init config 
130269     DEBUG main            d.u.i.k.p.i.AbstractProblemLoader Init config took 3.46s 
130359     INFO  main            d.u.i.k.p.i.AbstractProblemLoader Replaying proof ArrayList[ArrayList::enlarge()].JML normal_behavior operation contract.0 
130361     DEBUG main            d.u.i.k.p.i.IntermediateProofReplayer Proof replay took 6.9ns 
132705     INFO  main            d.u.i.k.p.r.p.TestFile    ... finished proof: closed. 
132936     INFO  main            d.u.i.k.p.i.AbstractProblemLoader Loading environment from /home/runner/work/key/key/key.core/../key.ui/examples/heap/list_seq/ArrayList.enlarge.key.proof 
132936     DEBUG main            d.u.i.k.p.i.AbstractProblemLoader Environment load took 535.02ns 
132938     INFO  main            d.u.i.k.p.i.AbstractProblemLoader Creating init config 
136353     DEBUG main            d.u.i.k.p.i.AbstractProblemLoader Init config took 3.41s 
136463     INFO  main            d.u.i.k.p.i.AbstractProblemLoader Replaying proof ArrayList[ArrayList::enlarge()].JML normal_behavior operation contract.0 
136718     DEBUG main            d.u.i.k.p.i.IntermediateProofReplayer Proof replay took 245.25ms 
136720     DEBUG main            d.u.i.k.p.r.p.TestFile    ... success: reloaded. 
136721     INFO  main            d.u.i.k.p.r.p.TestFile    Now processing file /home/runner/work/key/key/key.core/../key.ui/examples/heap/list_seq/ArrayList.get.key 
136721     INFO  main            d.u.i.k.p.i.AbstractProblemLoader Loading environment from /home/runner/work/key/key/key.core/../key.ui/examples/heap/list_seq/ArrayList.get.key 
136722     DEBUG main            d.u.i.k.p.i.AbstractProblemLoader Environment load took 272.11ns 
136723     INFO  main            d.u.i.k.p.i.AbstractProblemLoader Creating init config 
140240     DEBUG main            d.u.i.k.p.i.AbstractProblemLoader Init config took 3.52s 
140328     INFO  main            d.u.i.k.p.i.AbstractProblemLoader Replaying proof ArrayList[List::get(int)].JML normal_behavior operation contract.0 
140330     DEBUG main            d.u.i.k.p.i.IntermediateProofReplayer Proof replay took 7.5ns 
140934     INFO  main            d.u.i.k.p.r.p.TestFile    ... finished proof: closed. 
141207     INFO  main            d.u.i.k.p.i.AbstractProblemLoader Loading environment from /home/runner/work/key/key/key.core/../key.ui/examples/heap/list_seq/ArrayList.get.key.proof 
141208     DEBUG main            d.u.i.k.p.i.AbstractProblemLoader Environment load took 525.22ns 
141209     INFO  main            d.u.i.k.p.i.AbstractProblemLoader Creating init config 
144719     DEBUG main            d.u.i.k.p.i.AbstractProblemLoader Init config took 3.51s 
144811     INFO  main            d.u.i.k.p.i.AbstractProblemLoader Replaying proof ArrayList[List::get(int)].JML normal_behavior operation contract.0 
144889     DEBUG main            d.u.i.k.p.i.IntermediateProofReplayer Proof replay took 74.1ms 
144891     DEBUG main            d.u.i.k.p.r.p.TestFile    ... success: reloaded. 
144892     INFO  main            d.u.i.k.p.r.p.TestFile    Now processing file /home/runner/work/key/key/key.core/../key.ui/examples/heap/list_seq/ArrayList.newArray.key 
144892     INFO  main            d.u.i.k.p.i.AbstractProblemLoader Loading environment from /home/runner/work/key/key/key.core/../key.ui/examples/heap/list_seq/ArrayList.newArray.key 
144893     DEBUG main            d.u.i.k.p.i.AbstractProblemLoader Environment load took 222.11ns 
144894     INFO  main            d.u.i.k.p.i.AbstractProblemLoader Creating init config 
148346     DEBUG main            d.u.i.k.p.i.AbstractProblemLoader Init config took 3.45s 
148432     INFO  main            d.u.i.k.p.i.AbstractProblemLoader Replaying proof ArrayList[ArrayList::newArray(int)].JML normal_behavior operation contract.0 
148433     DEBUG main            d.u.i.k.p.i.IntermediateProofReplayer Proof replay took 7.6ns 
148736     INFO  main            d.u.i.k.p.r.p.TestFile    ... finished proof: closed. 
148969     INFO  main            d.u.i.k.p.i.AbstractProblemLoader Loading environment from /home/runner/work/key/key/key.core/../key.ui/examples/heap/list_seq/ArrayList.newArray.key.proof 
148969     DEBUG main            d.u.i.k.p.i.AbstractProblemLoader Environment load took 449.51ns 
148971     INFO  main            d.u.i.k.p.i.AbstractProblemLoader Creating init config 
152382     DEBUG main            d.u.i.k.p.i.AbstractProblemLoader Init config took 3.41s 
152482     INFO  main            d.u.i.k.p.i.AbstractProblemLoader Replaying proof ArrayList[ArrayList::newArray(int)].JML normal_behavior operation contract.0 
152532     DEBUG main            d.u.i.k.p.i.IntermediateProofReplayer Proof replay took 46.08ms 
152534     DEBUG main            d.u.i.k.p.r.p.TestFile    ... success: reloaded. 
152536     INFO  main            d.u.i.k.p.r.p.TestFile    Now processing file /home/runner/work/key/key/key.core/../key.ui/examples/heap/list_seq/ArrayList.remove.0.key 
152536     INFO  main            d.u.i.k.p.i.AbstractProblemLoader Loading environment from /home/runner/work/key/key/key.core/../key.ui/examples/heap/list_seq/ArrayList.remove.0.key 
152536     DEBUG main            d.u.i.k.p.i.AbstractProblemLoader Environment load took 121.61ns 
152537     INFO  main            d.u.i.k.p.i.AbstractProblemLoader Creating init config 
156021     DEBUG main            d.u.i.k.p.i.AbstractProblemLoader Init config took 3.48s 
156106     INFO  main            d.u.i.k.p.i.AbstractProblemLoader Replaying proof ArrayList[List::remove(java.lang.Object)].JML normal_behavior operation contract.0 
156107     DEBUG main            d.u.i.k.p.i.IntermediateProofReplayer Proof replay took 6.7ns 
158314     INFO  main            d.u.i.k.p.r.p.TestFile    ... finished proof: closed. 
158583     INFO  main            d.u.i.k.p.i.AbstractProblemLoader Loading environment from /home/runner/work/key/key/key.core/../key.ui/examples/heap/list_seq/ArrayList.remove.0.key.proof 
158584     DEBUG main            d.u.i.k.p.i.AbstractProblemLoader Environment load took 242.61ns 
158585     INFO  main            d.u.i.k.p.i.AbstractProblemLoader Creating init config 
162023     DEBUG main            d.u.i.k.p.i.AbstractProblemLoader Init config took 3.44s 
162107     INFO  main            d.u.i.k.p.i.AbstractProblemLoader Replaying proof ArrayList[List::remove(java.lang.Object)].JML normal_behavior operation contract.0 
162480     DEBUG main            d.u.i.k.p.i.IntermediateProofReplayer Proof replay took 365.21ms 
162482     DEBUG main            d.u.i.k.p.r.p.TestFile    ... success: reloaded. 
162483     INFO  main            d.u.i.k.p.r.p.TestFile    Now processing file /home/runner/work/key/key/key.core/../key.ui/examples/heap/list_seq/ArrayList.remove.1.key 
162483     INFO  main            d.u.i.k.p.i.AbstractProblemLoader Loading environment from /home/runner/work/key/key/key.core/../key.ui/examples/heap/list_seq/ArrayList.remove.1.key 
162483     DEBUG main            d.u.i.k.p.i.AbstractProblemLoader Environment load took 101.5ns 
162484     INFO  main            d.u.i.k.p.i.AbstractProblemLoader Creating init config 
165887     DEBUG main            d.u.i.k.p.i.AbstractProblemLoader Init config took 3.4s 
165970     INFO  main            d.u.i.k.p.i.AbstractProblemLoader Replaying proof ArrayList[List::remove(java.lang.Object)].JML normal_behavior operation contract.1 
165972     DEBUG main            d.u.i.k.p.i.IntermediateProofReplayer Proof replay took 7.2ns 
179095     INFO  main            d.u.i.k.p.r.p.TestFile    ... finished proof: closed. 
179419     INFO  main            d.u.i.k.p.i.AbstractProblemLoader Loading environment from /home/runner/work/key/key/key.core/../key.ui/examples/heap/list_seq/ArrayList.remove.1.key.proof 
179419     DEBUG main            d.u.i.k.p.i.AbstractProblemLoader Environment load took 240.11ns 
179422     INFO  main            d.u.i.k.p.i.AbstractProblemLoader Creating init config 
182749     DEBUG main            d.u.i.k.p.i.AbstractProblemLoader Init config took 3.33s 
182831     INFO  main            d.u.i.k.p.i.AbstractProblemLoader Replaying proof ArrayList[List::remove(java.lang.Object)].JML normal_behavior operation contract.1 
183792     DEBUG main            d.u.i.k.p.i.IntermediateProofReplayer Proof replay took 923.35ms 
183796     DEBUG main            d.u.i.k.p.r.p.TestFile    ... success: reloaded. 
1596382    INFO  Test worker     d.u.i.k.p.r.RunAllProofsTestUnit Returning from test list_seq 
1596386    INFO  Test worker     d.u.i.k.p.r.RunAllProofsTestUnit Running test observer 
369        INFO  Timeout watchdog d.u.i.k.p.r.p.ForkedTestFileRunner Timeout watcher launched (2000 secs.) 
386        WARN  main            d.u.i.k.s.ProofSettings   The settings in /home/runner/.key/proof-settings.props are *not* read. 
441        INFO  main            d.u.i.k.p.r.p.TestFile    Now processing file /home/runner/work/key/key/key.core/../key.ui/examples/heap/observer/ExampleObserver_ExampleObserver.key 
578        INFO  main            d.u.i.k.p.i.AbstractProblemLoader Loading environment from /home/runner/work/key/key/key.core/../key.ui/examples/heap/observer/ExampleObserver_ExampleObserver.key 
604        DEBUG main            d.u.i.k.p.i.AbstractProblemLoader Environment load took 2.53ms 
863        INFO  main            d.u.i.k.p.i.AbstractProblemLoader Creating init config 
1914       DEBUG main            d.u.i.k.j.TypeConverter   No LDT found for Meta 
1915       DEBUG main            d.u.i.k.j.TypeConverter   No LDT found for Meta 
1916       DEBUG main            d.u.i.k.j.TypeConverter   No LDT found for Meta 
1917       DEBUG main            d.u.i.k.j.TypeConverter   No LDT found for Meta 
3644       DEBUG main            d.u.i.k.j.TypeConverter   No LDT found for JavaBigintExpression 
9472       DEBUG main            d.u.i.k.p.i.AbstractProblemLoader Init config took 8.61s 
9620       INFO  main            d.u.i.k.p.i.AbstractProblemLoader Replaying proof ExampleObserver[ExampleObserver::ExampleObserver(ExampleSubject)].JML normal_behavior operation contract.0 
9658       DEBUG main            d.u.i.k.p.i.IntermediateProofReplayer Proof replay took 76.4ns 
10935      INFO  main            d.u.i.k.p.r.p.TestFile    ... finished proof: closed. 
11105      INFO  main            d.u.i.k.p.i.AbstractProblemLoader Loading environment from /home/runner/work/key/key/key.core/../key.ui/examples/heap/observer/ExampleObserver_ExampleObserver.key.proof 
11110      DEBUG main            d.u.i.k.p.i.AbstractProblemLoader Environment load took 4.94ms 
11114      INFO  main            d.u.i.k.p.i.AbstractProblemLoader Creating init config 
14526      DEBUG main            d.u.i.k.p.i.AbstractProblemLoader Init config took 3.41s 
14625      INFO  main            d.u.i.k.p.i.AbstractProblemLoader Replaying proof ExampleObserver[ExampleObserver::ExampleObserver(ExampleSubject)].JML normal_behavior operation contract.0 
14817      DEBUG main            d.u.i.k.p.i.IntermediateProofReplayer Proof replay took 176.43ms 
14827      DEBUG main            d.u.i.k.p.r.p.TestFile    ... success: reloaded. 
14833      INFO  main            d.u.i.k.p.r.p.TestFile    Now processing file /home/runner/work/key/key/key.core/../key.ui/examples/heap/observer/ExampleObserver_inv.key 
14833      INFO  main            d.u.i.k.p.i.AbstractProblemLoader Loading environment from /home/runner/work/key/key/key.core/../key.ui/examples/heap/observer/ExampleObserver_inv.key 
14833      DEBUG main            d.u.i.k.p.i.AbstractProblemLoader Environment load took 133.3ns 
14837      INFO  main            d.u.i.k.p.i.AbstractProblemLoader Creating init config 
18236      DEBUG main            d.u.i.k.p.i.AbstractProblemLoader Init config took 3.4s 
18322      INFO  main            d.u.i.k.p.i.AbstractProblemLoader Replaying proof ExampleObserver[java.lang.Object::<inv>()].JML accessible clause.0 
18328      DEBUG main            d.u.i.k.p.i.IntermediateProofReplayer Proof replay took 8.2ns 
18431      INFO  main            d.u.i.k.p.r.p.TestFile    ... finished proof: closed. 
18588      INFO  main            d.u.i.k.p.i.AbstractProblemLoader Loading environment from /home/runner/work/key/key/key.core/../key.ui/examples/heap/observer/ExampleObserver_inv.key.proof 
18588      DEBUG main            d.u.i.k.p.i.AbstractProblemLoader Environment load took 149.81ns 
18590      INFO  main            d.u.i.k.p.i.AbstractProblemLoader Creating init config 
21729      DEBUG main            d.u.i.k.p.i.AbstractProblemLoader Init config took 3.14s 
21792      INFO  main            d.u.i.k.p.i.AbstractProblemLoader Replaying proof ExampleObserver[java.lang.Object::<inv>()].JML accessible clause.0 
21824      DEBUG main            d.u.i.k.p.i.IntermediateProofReplayer Proof replay took 23.73ms 
21826      DEBUG main            d.u.i.k.p.r.p.TestFile    ... success: reloaded. 
21829      INFO  main            d.u.i.k.p.r.p.TestFile    Now processing file /home/runner/work/key/key/key.core/../key.ui/examples/heap/observer/ExampleObserver_subject.key 
21829      INFO  main            d.u.i.k.p.i.AbstractProblemLoader Loading environment from /home/runner/work/key/key/key.core/../key.ui/examples/heap/observer/ExampleObserver_subject.key 
21829      DEBUG main            d.u.i.k.p.i.AbstractProblemLoader Environment load took 135.81ns 
21833      INFO  main            d.u.i.k.p.i.AbstractProblemLoader Creating init config 
25139      DEBUG main            d.u.i.k.p.i.AbstractProblemLoader Init config took 3.31s 
25197      INFO  main            d.u.i.k.p.i.AbstractProblemLoader Replaying proof Observer[Observer::$subject()].JML accessible clause.0 
25199      DEBUG main            d.u.i.k.p.i.IntermediateProofReplayer Proof replay took 7.3ns 
25301      INFO  main            d.u.i.k.p.r.p.TestFile    ... finished proof: closed. 
25471      INFO  main            d.u.i.k.p.i.AbstractProblemLoader Loading environment from /home/runner/work/key/key/key.core/../key.ui/examples/heap/observer/ExampleObserver_subject.key.proof 
25471      DEBUG main            d.u.i.k.p.i.AbstractProblemLoader Environment load took 132.7ns 
25472      INFO  main            d.u.i.k.p.i.AbstractProblemLoader Creating init config 
28587      DEBUG main            d.u.i.k.p.i.AbstractProblemLoader Init config took 3.11s 
28655      INFO  main            d.u.i.k.p.i.AbstractProblemLoader Replaying proof Observer[Observer::$subject()].JML accessible clause.0 
28659      DEBUG main            d.u.i.k.p.i.IntermediateProofReplayer Proof replay took 1.6ms 
28660      DEBUG main            d.u.i.k.p.r.p.TestFile    ... success: reloaded. 
28662      INFO  main            d.u.i.k.p.r.p.TestFile    Now processing file /home/runner/work/key/key/key.core/../key.ui/examples/heap/observer/ExampleObserver_update.key 
28662      INFO  main            d.u.i.k.p.i.AbstractProblemLoader Loading environment from /home/runner/work/key/key/key.core/../key.ui/examples/heap/observer/ExampleObserver_update.key 
28663      DEBUG main            d.u.i.k.p.i.AbstractProblemLoader Environment load took 252.31ns 
28664      INFO  main            d.u.i.k.p.i.AbstractProblemLoader Creating init config 
31742      DEBUG main            d.u.i.k.p.i.AbstractProblemLoader Init config took 3.08s 
31798      INFO  main            d.u.i.k.p.i.AbstractProblemLoader Replaying proof ExampleObserver[Observer::update()].JML normal_behavior operation contract.0 
31800      DEBUG main            d.u.i.k.p.i.IntermediateProofReplayer Proof replay took 6.8ns 
32204      INFO  main            d.u.i.k.p.r.p.TestFile    ... finished proof: closed. 
32431      INFO  main            d.u.i.k.p.i.AbstractProblemLoader Loading environment from /home/runner/work/key/key/key.core/../key.ui/examples/heap/observer/ExampleObserver_update.key.proof 
32433      DEBUG main            d.u.i.k.p.i.AbstractProblemLoader Environment load took 2.79ms 
32435      INFO  main            d.u.i.k.p.i.AbstractProblemLoader Creating init config 
35478      DEBUG main            d.u.i.k.p.i.AbstractProblemLoader Init config took 3.04s 
35534      INFO  main            d.u.i.k.p.i.AbstractProblemLoader Replaying proof ExampleObserver[Observer::update()].JML normal_behavior operation contract.0 
35592      DEBUG main            d.u.i.k.p.i.IntermediateProofReplayer Proof replay took 54.65ms 
35593      DEBUG main            d.u.i.k.p.r.p.TestFile    ... success: reloaded. 
35595      INFO  main            d.u.i.k.p.r.p.TestFile    Now processing file /home/runner/work/key/key/key.core/../key.ui/examples/heap/observer/ExampleObserver_upToDate.key 
35595      INFO  main            d.u.i.k.p.i.AbstractProblemLoader Loading environment from /home/runner/work/key/key/key.core/../key.ui/examples/heap/observer/ExampleObserver_upToDate.key 
35596      DEBUG main            d.u.i.k.p.i.AbstractProblemLoader Environment load took 253.71ns 
35597      INFO  main            d.u.i.k.p.i.AbstractProblemLoader Creating init config 
38676      DEBUG main            d.u.i.k.p.i.AbstractProblemLoader Init config took 3.08s 
38730      INFO  main            d.u.i.k.p.i.AbstractProblemLoader Replaying proof ExampleObserver[Observer::$upToDate()].JML accessible clause.0 
38732      DEBUG main            d.u.i.k.p.i.IntermediateProofReplayer Proof replay took 7ns 
38960      INFO  main            d.u.i.k.p.r.p.TestFile    ... finished proof: closed. 
39180      INFO  main            d.u.i.k.p.i.AbstractProblemLoader Loading environment from /home/runner/work/key/key/key.core/../key.ui/examples/heap/observer/ExampleObserver_upToDate.key.proof 
39180      DEBUG main            d.u.i.k.p.i.AbstractProblemLoader Environment load took 139.71ns 
39182      INFO  main            d.u.i.k.p.i.AbstractProblemLoader Creating init config 
42207      DEBUG main            d.u.i.k.p.i.AbstractProblemLoader Init config took 3.02s 
42260      INFO  main            d.u.i.k.p.i.AbstractProblemLoader Replaying proof ExampleObserver[Observer::$upToDate()].JML accessible clause.0 
42281      DEBUG main            d.u.i.k.p.i.IntermediateProofReplayer Proof replay took 18.22ms 
42283      DEBUG main            d.u.i.k.p.r.p.TestFile    ... success: reloaded. 
42284      INFO  main            d.u.i.k.p.r.p.TestFile    Now processing file /home/runner/work/key/key/key.core/../key.ui/examples/heap/observer/ExampleObserver_value.key 
42284      INFO  main            d.u.i.k.p.i.AbstractProblemLoader Loading environment from /home/runner/work/key/key/key.core/../key.ui/examples/heap/observer/ExampleObserver_value.key 
42284      DEBUG main            d.u.i.k.p.i.AbstractProblemLoader Environment load took 122.3ns 
42285      INFO  main            d.u.i.k.p.i.AbstractProblemLoader Creating init config 
45352      DEBUG main            d.u.i.k.p.i.AbstractProblemLoader Init config took 3.07s 
45405      INFO  main            d.u.i.k.p.i.AbstractProblemLoader Replaying proof ExampleObserver[ExampleObserver::value()].JML normal_behavior operation contract.0 
45407      DEBUG main            d.u.i.k.p.i.IntermediateProofReplayer Proof replay took 7.6ns 
45512      INFO  main            d.u.i.k.p.r.p.TestFile    ... finished proof: closed. 
45712      INFO  main            d.u.i.k.p.i.AbstractProblemLoader Loading environment from /home/runner/work/key/key/key.core/../key.ui/examples/heap/observer/ExampleObserver_value.key.proof 
45712      DEBUG main            d.u.i.k.p.i.AbstractProblemLoader Environment load took 148.71ns 
45713      INFO  main            d.u.i.k.p.i.AbstractProblemLoader Creating init config 
48741      DEBUG main            d.u.i.k.p.i.AbstractProblemLoader Init config took 3.03s 
48827      INFO  main            d.u.i.k.p.i.AbstractProblemLoader Replaying proof ExampleObserver[ExampleObserver::value()].JML normal_behavior operation contract.0 
48852      DEBUG main            d.u.i.k.p.i.IntermediateProofReplayer Proof replay took 21.06ms 
48853      DEBUG main            d.u.i.k.p.r.p.TestFile    ... success: reloaded. 
48855      INFO  main            d.u.i.k.p.r.p.TestFile    Now processing file /home/runner/work/key/key/key.core/../key.ui/examples/heap/observer/ExampleSubject_addObserver.key 
48855      INFO  main            d.u.i.k.p.i.AbstractProblemLoader Loading environment from /home/runner/work/key/key/key.core/../key.ui/examples/heap/observer/ExampleSubject_addObserver.key 
48855      DEBUG main            d.u.i.k.p.i.AbstractProblemLoader Environment load took 124.2ns 
48857      INFO  main            d.u.i.k.p.i.AbstractProblemLoader Creating init config 
51928      DEBUG main            d.u.i.k.p.i.AbstractProblemLoader Init config took 3.07s 
51991      INFO  main            d.u.i.k.p.i.AbstractProblemLoader Replaying proof ExampleSubject[Subject::addObserver(Observer)].JML normal_behavior operation contract.0 
51993      DEBUG main            d.u.i.k.p.i.IntermediateProofReplayer Proof replay took 6.8ns 
58400      INFO  main            d.u.i.k.p.r.p.TestFile    ... finished proof: closed. 
58673      INFO  main            d.u.i.k.p.i.AbstractProblemLoader Loading environment from /home/runner/work/key/key/key.core/../key.ui/examples/heap/observer/ExampleSubject_addObserver.key.proof 
58673      DEBUG main            d.u.i.k.p.i.AbstractProblemLoader Environment load took 523.02ns 
58677      INFO  main            d.u.i.k.p.i.AbstractProblemLoader Creating init config 
61638      DEBUG main            d.u.i.k.p.i.AbstractProblemLoader Init config took 2.96s 
61702      INFO  main            d.u.i.k.p.i.AbstractProblemLoader Replaying proof ExampleSubject[Subject::addObserver(Observer)].JML normal_behavior operation contract.0 
62309      DEBUG main            d.u.i.k.p.i.IntermediateProofReplayer Proof replay took 580.95ms 
62311      DEBUG main            d.u.i.k.p.r.p.TestFile    ... success: reloaded. 
62313      INFO  main            d.u.i.k.p.r.p.TestFile    Now processing file /home/runner/work/key/key/key.core/../key.ui/examples/heap/observer/ExampleSubject_change.key 
62313      INFO  main            d.u.i.k.p.i.AbstractProblemLoader Loading environment from /home/runner/work/key/key/key.core/../key.ui/examples/heap/observer/ExampleSubject_change.key 
62313      DEBUG main            d.u.i.k.p.i.AbstractProblemLoader Environment load took 255.01ns 
62314      INFO  main            d.u.i.k.p.i.AbstractProblemLoader Creating init config 
65318      DEBUG main            d.u.i.k.p.i.AbstractProblemLoader Init config took 3s 
65383      INFO  main            d.u.i.k.p.i.AbstractProblemLoader Replaying proof ExampleSubject[ExampleSubject::change()].JML normal_behavior operation contract.0 
65386      DEBUG main            d.u.i.k.p.i.IntermediateProofReplayer Proof replay took 7.7ns 
65991      INFO  main            d.u.i.k.p.r.p.TestFile    ... finished proof: closed. 
66231      INFO  main            d.u.i.k.p.i.AbstractProblemLoader Loading environment from /home/runner/work/key/key/key.core/../key.ui/examples/heap/observer/ExampleSubject_change.key.proof 
66238      DEBUG main            d.u.i.k.p.i.AbstractProblemLoader Environment load took 6.46ms 
66239      INFO  main            d.u.i.k.p.i.AbstractProblemLoader Creating init config 
69257      DEBUG main            d.u.i.k.p.i.AbstractProblemLoader Init config took 3.02s 
69315      INFO  main            d.u.i.k.p.i.AbstractProblemLoader Replaying proof ExampleSubject[ExampleSubject::change()].JML normal_behavior operation contract.0 
69382      DEBUG main            d.u.i.k.p.i.IntermediateProofReplayer Proof replay took 61.05ms 
69383      DEBUG main            d.u.i.k.p.r.p.TestFile    ... success: reloaded. 
69385      INFO  main            d.u.i.k.p.r.p.TestFile    Now processing file /home/runner/work/key/key/key.core/../key.ui/examples/heap/observer/ExampleSubject_ExampleSubject.key 
69385      INFO  main            d.u.i.k.p.i.AbstractProblemLoader Loading environment from /home/runner/work/key/key/key.core/../key.ui/examples/heap/observer/ExampleSubject_ExampleSubject.key 
69386      DEBUG main            d.u.i.k.p.i.AbstractProblemLoader Environment load took 267.21ns 
69387      INFO  main            d.u.i.k.p.i.AbstractProblemLoader Creating init config 
72558      DEBUG main            d.u.i.k.p.i.AbstractProblemLoader Init config took 3.17s 
72611      INFO  main            d.u.i.k.p.i.AbstractProblemLoader Replaying proof ExampleSubject[ExampleSubject::ExampleSubject()].JML normal_behavior operation contract.0 
72613      DEBUG main            d.u.i.k.p.i.IntermediateProofReplayer Proof replay took 17.1ns 
73824      INFO  main            d.u.i.k.p.r.p.TestFile    ... finished proof: closed. 
74083      INFO  main            d.u.i.k.p.i.AbstractProblemLoader Loading environment from /home/runner/work/key/key/key.core/../key.ui/examples/heap/observer/ExampleSubject_ExampleSubject.key.proof 
74083      DEBUG main            d.u.i.k.p.i.AbstractProblemLoader Environment load took 476.62ns 
74085      INFO  main            d.u.i.k.p.i.AbstractProblemLoader Creating init config 
77204      DEBUG main            d.u.i.k.p.i.AbstractProblemLoader Init config took 3.12s 
77256      INFO  main            d.u.i.k.p.i.AbstractProblemLoader Replaying proof ExampleSubject[ExampleSubject::ExampleSubject()].JML normal_behavior operation contract.0 
77429      DEBUG main            d.u.i.k.p.i.IntermediateProofReplayer Proof replay took 166.14ms 
77431      DEBUG main            d.u.i.k.p.r.p.TestFile    ... success: reloaded. 
77432      INFO  main            d.u.i.k.p.r.p.TestFile    Now processing file /home/runner/work/key/key/key.core/../key.ui/examples/heap/observer/ExampleSubject_footprint.key 
77433      INFO  main            d.u.i.k.p.i.AbstractProblemLoader Loading environment from /home/runner/work/key/key/key.core/../key.ui/examples/heap/observer/ExampleSubject_footprint.key 
77433      DEBUG main            d.u.i.k.p.i.AbstractProblemLoader Environment load took 246.31ns 
77434      INFO  main            d.u.i.k.p.i.AbstractProblemLoader Creating init config 
80405      DEBUG main            d.u.i.k.p.i.AbstractProblemLoader Init config took 2.97s 
80456      INFO  main            d.u.i.k.p.i.AbstractProblemLoader Replaying proof ExampleSubject[Subject::$footprint()].JML accessible clause.0 
80458      DEBUG main            d.u.i.k.p.i.IntermediateProofReplayer Proof replay took 7.8ns 
80563      INFO  main            d.u.i.k.p.r.p.TestFile    ... finished proof: closed. 
80795      INFO  main            d.u.i.k.p.i.AbstractProblemLoader Loading environment from /home/runner/work/key/key/key.core/../key.ui/examples/heap/observer/ExampleSubject_footprint.key.proof 
80795      DEBUG main            d.u.i.k.p.i.AbstractProblemLoader Environment load took 135.31ns 
80796      INFO  main            d.u.i.k.p.i.AbstractProblemLoader Creating init config 
83859      DEBUG main            d.u.i.k.p.i.AbstractProblemLoader Init config took 3.06s 
83910      INFO  main            d.u.i.k.p.i.AbstractProblemLoader Replaying proof ExampleSubject[Subject::$footprint()].JML accessible clause.0 
83925      DEBUG main            d.u.i.k.p.i.IntermediateProofReplayer Proof replay took 12.64ms 
83926      DEBUG main            d.u.i.k.p.r.p.TestFile    ... success: reloaded. 
83927      INFO  main            d.u.i.k.p.r.p.TestFile    Now processing file /home/runner/work/key/key/key.core/../key.ui/examples/heap/observer/ExampleSubject_inv.key 
83928      INFO  main            d.u.i.k.p.i.AbstractProblemLoader Loading environment from /home/runner/work/key/key/key.core/../key.ui/examples/heap/observer/ExampleSubject_inv.key 
83928      DEBUG main            d.u.i.k.p.i.AbstractProblemLoader Environment load took 96.2ns 
83929      INFO  main            d.u.i.k.p.i.AbstractProblemLoader Creating init config 
86872      DEBUG main            d.u.i.k.p.i.AbstractProblemLoader Init config took 2.94s 
86922      INFO  main            d.u.i.k.p.i.AbstractProblemLoader Replaying proof ExampleSubject[java.lang.Object::<inv>()].JML accessible clause.0 
86924      DEBUG main            d.u.i.k.p.i.IntermediateProofReplayer Proof replay took 7.5ns 
88251      INFO  main            d.u.i.k.p.r.p.TestFile    ... finished proof: closed. 
88502      INFO  main            d.u.i.k.p.i.AbstractProblemLoader Loading environment from /home/runner/work/key/key/key.core/../key.ui/examples/heap/observer/ExampleSubject_inv.key.proof 
88502      DEBUG main            d.u.i.k.p.i.AbstractProblemLoader Environment load took 580.62ns 
88504      INFO  main            d.u.i.k.p.i.AbstractProblemLoader Creating init config 
91441      DEBUG main            d.u.i.k.p.i.AbstractProblemLoader Init config took 2.94s 
91493      INFO  main            d.u.i.k.p.i.AbstractProblemLoader Replaying proof ExampleSubject[java.lang.Object::<inv>()].JML accessible clause.0 
91578      DEBUG main            d.u.i.k.p.i.IntermediateProofReplayer Proof replay took 78.32ms 
91582      DEBUG main            d.u.i.k.p.r.p.TestFile    ... success: reloaded. 
91584      INFO  main            d.u.i.k.p.r.p.TestFile    Now processing file /home/runner/work/key/key/key.core/../key.ui/examples/heap/observer/ExampleSubject_notifyObservers.key 
91584      INFO  main            d.u.i.k.p.i.AbstractProblemLoader Loading environment from /home/runner/work/key/key/key.core/../key.ui/examples/heap/observer/ExampleSubject_notifyObservers.key 
91585      DEBUG main            d.u.i.k.p.i.AbstractProblemLoader Environment load took 249.61ns 
91586      INFO  main            d.u.i.k.p.i.AbstractProblemLoader Creating init config 
94570      DEBUG main            d.u.i.k.p.i.AbstractProblemLoader Init config took 2.98s 
94619      INFO  main            d.u.i.k.p.i.AbstractProblemLoader Replaying proof Subject[Subject::notifyObservers()].JML normal_behavior operation contract.0 
94621      DEBUG main            d.u.i.k.p.i.IntermediateProofReplayer Proof replay took 6.8ns 
94727      INFO  main            d.u.i.k.p.r.p.TestFile    ... finished proof: closed. 
94962      INFO  main            d.u.i.k.p.i.AbstractProblemLoader Loading environment from /home/runner/work/key/key/key.core/../key.ui/examples/heap/observer/ExampleSubject_notifyObservers.key.proof 
94962      DEBUG main            d.u.i.k.p.i.AbstractProblemLoader Environment load took 129.3ns 
94963      INFO  main            d.u.i.k.p.i.AbstractProblemLoader Creating init config 
97918      DEBUG main            d.u.i.k.p.i.AbstractProblemLoader Init config took 2.95s 
97968      INFO  main            d.u.i.k.p.i.AbstractProblemLoader Replaying proof Subject[Subject::notifyObservers()].JML normal_behavior operation contract.0 
97972      DEBUG main            d.u.i.k.p.i.IntermediateProofReplayer Proof replay took 2.36ms 
97973      DEBUG main            d.u.i.k.p.r.p.TestFile    ... success: reloaded. 
97974      INFO  main            d.u.i.k.p.r.p.TestFile    Now processing file /home/runner/work/key/key/key.core/../key.ui/examples/heap/observer/ExampleSubject_value_dep.key 
97974      INFO  main            d.u.i.k.p.i.AbstractProblemLoader Loading environment from /home/runner/work/key/key/key.core/../key.ui/examples/heap/observer/ExampleSubject_value_dep.key 
97974      DEBUG main            d.u.i.k.p.i.AbstractProblemLoader Environment load took 148.1ns 
97975      INFO  main            d.u.i.k.p.i.AbstractProblemLoader Creating init config 
101026     DEBUG main            d.u.i.k.p.i.AbstractProblemLoader Init config took 3.05s 
101079     INFO  main            d.u.i.k.p.i.AbstractProblemLoader Replaying proof ExampleSubject[ExampleSubject::value()].JML accessible clause.0 
101081     DEBUG main            d.u.i.k.p.i.IntermediateProofReplayer Proof replay took 7.7ns 
101183     INFO  main            d.u.i.k.p.r.p.TestFile    ... finished proof: closed. 
101479     INFO  main            d.u.i.k.p.i.AbstractProblemLoader Loading environment from /home/runner/work/key/key/key.core/../key.ui/examples/heap/observer/ExampleSubject_value_dep.key.proof 
101479     DEBUG main            d.u.i.k.p.i.AbstractProblemLoader Environment load took 132.7ns 
101480     INFO  main            d.u.i.k.p.i.AbstractProblemLoader Creating init config 
104399     DEBUG main            d.u.i.k.p.i.AbstractProblemLoader Init config took 2.92s 
104447     INFO  main            d.u.i.k.p.i.AbstractProblemLoader Replaying proof ExampleSubject[ExampleSubject::value()].JML accessible clause.0 
104460     DEBUG main            d.u.i.k.p.i.IntermediateProofReplayer Proof replay took 10.89ms 
104461     DEBUG main            d.u.i.k.p.r.p.TestFile    ... success: reloaded. 
104465     INFO  main            d.u.i.k.p.r.p.TestFile    Now processing file /home/runner/work/key/key/key.core/../key.ui/examples/heap/observer/ExampleSubject_value.key 
104466     INFO  main            d.u.i.k.p.i.AbstractProblemLoader Loading environment from /home/runner/work/key/key/key.core/../key.ui/examples/heap/observer/ExampleSubject_value.key 
104466     DEBUG main            d.u.i.k.p.i.AbstractProblemLoader Environment load took 166.21ns 
104467     INFO  main            d.u.i.k.p.i.AbstractProblemLoader Creating init config 
107404     DEBUG main            d.u.i.k.p.i.AbstractProblemLoader Init config took 2.94s 
107453     INFO  main            d.u.i.k.p.i.AbstractProblemLoader Replaying proof ExampleSubject[ExampleSubject::value()].JML normal_behavior operation contract.0 
107454     DEBUG main            d.u.i.k.p.i.IntermediateProofReplayer Proof replay took 7.1ns 
107557     INFO  main            d.u.i.k.p.r.p.TestFile    ... finished proof: closed. 
107808     INFO  main            d.u.i.k.p.i.AbstractProblemLoader Loading environment from /home/runner/work/key/key/key.core/../key.ui/examples/heap/observer/ExampleSubject_value.key.proof 
107808     DEBUG main            d.u.i.k.p.i.AbstractProblemLoader Environment load took 136.2ns 
107809     INFO  main            d.u.i.k.p.i.AbstractProblemLoader Creating init config 
110768     DEBUG main            d.u.i.k.p.i.AbstractProblemLoader Init config took 2.96s 
110818     INFO  main            d.u.i.k.p.i.AbstractProblemLoader Replaying proof ExampleSubject[ExampleSubject::value()].JML normal_behavior operation contract.0 
110831     DEBUG main            d.u.i.k.p.i.IntermediateProofReplayer Proof replay took 10.23ms 
110832     DEBUG main            d.u.i.k.p.r.p.TestFile    ... success: reloaded. 
1707405    INFO  Test worker     d.u.i.k.p.r.RunAllProofsTestUnit Returning from test observer 
1707406    INFO  Test worker     d.u.i.k.p.r.RunAllProofsTestUnit Running test removeDups 
376        INFO  Timeout watchdog d.u.i.k.p.r.p.ForkedTestFileRunner Timeout watcher launched (2000 secs.) 
392        WARN  main            d.u.i.k.s.ProofSettings   The settings in /home/runner/.key/proof-settings.props are *not* read. 
450        INFO  main            d.u.i.k.p.r.p.TestFile    Now processing file /home/runner/work/key/key/key.core/../key.ui/examples/heap/removeDups/arrayPart.key 
611        INFO  main            d.u.i.k.p.i.AbstractProblemLoader Loading environment from /home/runner/work/key/key/key.core/../key.ui/examples/heap/removeDups/arrayPart.key 
638        DEBUG main            d.u.i.k.p.i.AbstractProblemLoader Environment load took 2.53ms 
902        INFO  main            d.u.i.k.p.i.AbstractProblemLoader Creating init config 
2019       DEBUG main            d.u.i.k.j.TypeConverter   No LDT found for Meta 
2019       DEBUG main            d.u.i.k.j.TypeConverter   No LDT found for Meta 
2023       DEBUG main            d.u.i.k.j.TypeConverter   No LDT found for Meta 
2023       DEBUG main            d.u.i.k.j.TypeConverter   No LDT found for Meta 
3558       DEBUG main            d.u.i.k.j.TypeConverter   No LDT found for JavaBigintExpression 
8958       DEBUG main            d.u.i.k.p.i.AbstractProblemLoader Init config took 8.06s 
9100       INFO  main            d.u.i.k.p.i.AbstractProblemLoader Replaying proof RemoveDup[RemoveDup::arrayPart([I,int)].JML normal_behavior operation contract.0 
9139       DEBUG main            d.u.i.k.p.i.IntermediateProofReplayer Proof replay took 40.1ns 
12302      INFO  main            d.u.i.k.p.r.p.TestFile    ... finished proof: closed. 
12542      INFO  main            d.u.i.k.p.i.AbstractProblemLoader Loading environment from /home/runner/work/key/key/key.core/../key.ui/examples/heap/removeDups/arrayPart.key.proof 
12547      DEBUG main            d.u.i.k.p.i.AbstractProblemLoader Environment load took 5.49ms 
12550      INFO  main            d.u.i.k.p.i.AbstractProblemLoader Creating init config 
15931      DEBUG main            d.u.i.k.p.i.AbstractProblemLoader Init config took 3.38s 
16006      INFO  main            d.u.i.k.p.i.AbstractProblemLoader Replaying proof RemoveDup[RemoveDup::arrayPart([I,int)].JML normal_behavior operation contract.0 
16344      DEBUG main            d.u.i.k.p.i.IntermediateProofReplayer Proof replay took 320.15ms 
16357      DEBUG main            d.u.i.k.p.r.p.TestFile    ... success: reloaded. 
16359      INFO  main            d.u.i.k.p.r.p.TestFile    Now processing file /home/runner/work/key/key/key.core/../key.ui/examples/heap/removeDups/contains.key 
16359      INFO  main            d.u.i.k.p.i.AbstractProblemLoader Loading environment from /home/runner/work/key/key/key.core/../key.ui/examples/heap/removeDups/contains.key 
16360      DEBUG main            d.u.i.k.p.i.AbstractProblemLoader Environment load took 290.71ns 
16361      INFO  main            d.u.i.k.p.i.AbstractProblemLoader Creating init config 
19455      DEBUG main            d.u.i.k.p.i.AbstractProblemLoader Init config took 3.09s 
19516      INFO  main            d.u.i.k.p.i.AbstractProblemLoader Replaying proof RemoveDup[RemoveDup::contains([I,int,int)].JML normal_behavior operation contract.0 
19519      DEBUG main            d.u.i.k.p.i.IntermediateProofReplayer Proof replay took 7.3ns 
20124      INFO  main            d.u.i.k.p.r.p.TestFile    ... finished proof: closed. 
20369      INFO  main            d.u.i.k.p.i.AbstractProblemLoader Loading environment from /home/runner/work/key/key/key.core/../key.ui/examples/heap/removeDups/contains.key.proof 
20369      DEBUG main            d.u.i.k.p.i.AbstractProblemLoader Environment load took 573.92ns 
20372      INFO  main            d.u.i.k.p.i.AbstractProblemLoader Creating init config 
23398      DEBUG main            d.u.i.k.p.i.AbstractProblemLoader Init config took 3.03s 
23457      INFO  main            d.u.i.k.p.i.AbstractProblemLoader Replaying proof RemoveDup[RemoveDup::contains([I,int,int)].JML normal_behavior operation contract.0 
23552      DEBUG main            d.u.i.k.p.i.IntermediateProofReplayer Proof replay took 89.74ms 
23553      DEBUG main            d.u.i.k.p.r.p.TestFile    ... success: reloaded. 
23555      INFO  main            d.u.i.k.p.r.p.TestFile    Now processing file /home/runner/work/key/key/key.core/../key.ui/examples/heap/removeDups/removeDup.key 
23555      INFO  main            d.u.i.k.p.i.AbstractProblemLoader Loading environment from /home/runner/work/key/key/key.core/../key.ui/examples/heap/removeDups/removeDup.key 
23555      DEBUG main            d.u.i.k.p.i.AbstractProblemLoader Environment load took 296.11ns 
23557      INFO  main            d.u.i.k.p.i.AbstractProblemLoader Creating init config 
26535      DEBUG main            d.u.i.k.p.i.AbstractProblemLoader Init config took 2.98s 
26605      INFO  main            d.u.i.k.p.i.AbstractProblemLoader Replaying proof RemoveDup[RemoveDup::removeDup([I)].JML normal_behavior operation contract.0 
26608      DEBUG main            d.u.i.k.p.i.IntermediateProofReplayer Proof replay took 6.6ns 
50493      INFO  main            d.u.i.k.p.r.p.TestFile    ... finished proof: closed. 
50785      INFO  main            d.u.i.k.p.i.AbstractProblemLoader Loading environment from /home/runner/work/key/key/key.core/../key.ui/examples/heap/removeDups/removeDup.key.proof 
50786      DEBUG main            d.u.i.k.p.i.AbstractProblemLoader Environment load took 580.32ns 
50794      INFO  main            d.u.i.k.p.i.AbstractProblemLoader Creating init config 
53818      DEBUG main            d.u.i.k.p.i.AbstractProblemLoader Init config took 3.02s 
53901      INFO  main            d.u.i.k.p.i.AbstractProblemLoader Replaying proof RemoveDup[RemoveDup::removeDup([I)].JML normal_behavior operation contract.0 
55362      DEBUG main            d.u.i.k.p.i.IntermediateProofReplayer Proof replay took 1.41s 
55366      DEBUG main            d.u.i.k.p.r.p.TestFile    ... success: reloaded. 
55368      INFO  main            d.u.i.k.p.r.p.TestFile    Now processing file /home/runner/work/key/key/key.core/../key.ui/examples/heap/saddleback_search/Saddleback_search.key 
55369      INFO  main            d.u.i.k.p.i.AbstractProblemLoader Loading environment from /home/runner/work/key/key/key.core/../key.ui/examples/heap/saddleback_search/Saddleback_search.key 
55371      DEBUG main            d.u.i.k.p.i.AbstractProblemLoader Environment load took 2.28ms 
55372      INFO  main            d.u.i.k.p.i.AbstractProblemLoader Creating init config 
58571      DEBUG main            d.u.i.k.p.i.AbstractProblemLoader Init config took 3.2s 
58635      INFO  main            d.u.i.k.p.i.AbstractProblemLoader Replaying proof Saddleback[Saddleback::search([[I,int)].JML normal_behavior operation contract.0 
58652      DEBUG main            d.u.i.k.p.i.IntermediateProofReplayer Proof replay took 8ns 
149388     INFO  main            d.u.i.k.p.r.p.TestFile    ... finished proof: closed. 
149858     INFO  main            d.u.i.k.p.i.AbstractProblemLoader Loading environment from /home/runner/work/key/key/key.core/../key.ui/examples/heap/saddleback_search/Saddleback_search.key.proof 
149859     DEBUG main            d.u.i.k.p.i.AbstractProblemLoader Environment load took 580.92ns 
149873     INFO  main            d.u.i.k.p.i.AbstractProblemLoader Creating init config 
152715     DEBUG main            d.u.i.k.p.i.AbstractProblemLoader Init config took 2.84s 
152761     INFO  main            d.u.i.k.p.i.AbstractProblemLoader Replaying proof Saddleback[Saddleback::search([[I,int)].JML normal_behavior operation contract.0 
154715     DEBUG main            d.u.i.k.p.i.IntermediateProofReplayer Proof replay took 1.79s 
154727     DEBUG main            d.u.i.k.p.r.p.TestFile    ... success: reloaded. 
1862327    INFO  Test worker     d.u.i.k.p.r.RunAllProofsTestUnit Returning from test removeDups 
1862329    INFO  Test worker     d.u.i.k.p.r.RunAllProofsTestUnit Running test quicksort 
443        INFO  Timeout watchdog d.u.i.k.p.r.p.ForkedTestFileRunner Timeout watcher launched (2000 secs.) 
458        WARN  main            d.u.i.k.s.ProofSettings   The settings in /home/runner/.key/proof-settings.props are *not* read. 
497        INFO  main            d.u.i.k.p.r.p.TestFile    Now processing file /home/runner/work/key/key/key.core/../key.ui/examples/heap/quicksort/toplevel.key 
627        INFO  main            d.u.i.k.p.i.AbstractProblemLoader Loading environment from /home/runner/work/key/key/key.core/../key.ui/examples/heap/quicksort/toplevel.key 
649        DEBUG main            d.u.i.k.p.i.AbstractProblemLoader Environment load took 2.1ms 
940        INFO  main            d.u.i.k.p.i.AbstractProblemLoader Creating init config 
2121       DEBUG main            d.u.i.k.j.TypeConverter   No LDT found for Meta 
2121       DEBUG main            d.u.i.k.j.TypeConverter   No LDT found for Meta 
2125       DEBUG main            d.u.i.k.j.TypeConverter   No LDT found for Meta 
2125       DEBUG main            d.u.i.k.j.TypeConverter   No LDT found for Meta 
3753       DEBUG main            d.u.i.k.j.TypeConverter   No LDT found for JavaBigintExpression 
9907       DEBUG main            d.u.i.k.p.i.AbstractProblemLoader Init config took 8.97s 
10068      INFO  main            d.u.i.k.p.i.AbstractProblemLoader Replaying proof Quicksort[Quicksort::sort([I)].JML normal_behavior operation contract.0 
10107      DEBUG main            d.u.i.k.p.i.IntermediateProofReplayer Proof replay took 42.1ns 
11753      INFO  main            d.u.i.k.p.r.p.TestFile    ... finished proof: closed. 
11905      INFO  main            d.u.i.k.p.i.AbstractProblemLoader Loading environment from /home/runner/work/key/key/key.core/../key.ui/examples/heap/quicksort/toplevel.key.proof 
11909      DEBUG main            d.u.i.k.p.i.AbstractProblemLoader Environment load took 4.06ms 
11912      INFO  main            d.u.i.k.p.i.AbstractProblemLoader Creating init config 
15410      DEBUG main            d.u.i.k.p.i.AbstractProblemLoader Init config took 3.5s 
15490      INFO  main            d.u.i.k.p.i.AbstractProblemLoader Replaying proof Quicksort[Quicksort::sort([I)].JML normal_behavior operation contract.0 
15664      DEBUG main            d.u.i.k.p.i.IntermediateProofReplayer Proof replay took 166.1ms 
15672      DEBUG main            d.u.i.k.p.r.p.TestFile    ... success: reloaded. 
15675      INFO  main            d.u.i.k.p.r.p.TestFile    Now processing file /home/runner/work/key/key/key.core/../key.ui/examples/heap/quicksort/sort.key 
15675      INFO  main            d.u.i.k.p.i.AbstractProblemLoader Loading environment from /home/runner/work/key/key/key.core/../key.ui/examples/heap/quicksort/sort.key 
15676      DEBUG main            d.u.i.k.p.i.AbstractProblemLoader Environment load took 284.61ns 
15678      INFO  main            d.u.i.k.p.i.AbstractProblemLoader Creating init config 
19211      DEBUG main            d.u.i.k.p.i.AbstractProblemLoader Init config took 3.53s 
19295      INFO  main            d.u.i.k.p.i.AbstractProblemLoader Replaying proof Quicksort[Quicksort::sort([I,int,int)].JML normal_behavior operation contract.0 
19305      DEBUG main            d.u.i.k.p.i.IntermediateProofReplayer Proof replay took 8.6ns 
19347      DEBUG main            d.u.i.k.m.s.ProofScriptEngine [1] goal: 0, source line: 7, command: 'script 'sort.script'' 
19348      INFO  main            d.u.i.k.m.s.ProofScriptCommand Included script /home/runner/work/key/key/key.core/../key.ui/examples/heap/quicksort/sort.script 
19351      DEBUG main            d.u.i.k.m.s.ProofScriptEngine [1] goal: 0, source line: 1, command: 'macro autopilot-prep' 
20837      DEBUG main            d.u.i.k.m.s.ProofScriptEngine [2] goal: 358, source line: 3, command: 'select formula="{heapAtPre:=heap || exc:=null || heap:=heapAfter_sort_0}
   seq ...' 
20838      DEBUG main            d.u.i.k.m.s.ProofScriptEngine [3] goal: 358, source line: 9, command: 'macro simp-upd' 
20848      DEBUG main            d.u.i.k.m.s.ProofScriptEngine [4] goal: 369, source line: 11, command: 'let   @seqPre="seqDef{int u;}(0, array.length, array[u])"
    @seqSplit="seqDef ...' 
20851      DEBUG main            d.u.i.k.m.s.ProofScriptEngine [5] goal: 369, source line: 16, command: 'rule seqPermSym 
  formula="seqPerm(@seqSplit, @seqPre)"' 
20868      DEBUG main            d.u.i.k.m.s.ProofScriptEngine [6] goal: 370, source line: 19, command: 'rule seqPermSym
  formula="seqPerm(@seqSort, @seqSplit)"' 
20870      DEBUG main            d.u.i.k.m.s.ProofScriptEngine [7] goal: 371, source line: 22, command: 'rule seqPermSym
  formula="seqPerm(@seqSort0, @seqSort)"' 
20871      DEBUG main            d.u.i.k.m.s.ProofScriptEngine [8] goal: 372, source line: 25, command: 'rule seqPermTrans
  formula="seqPerm(@seqPre, @seqSplit)"' 
20873      DEBUG main            d.u.i.k.m.s.ProofScriptEngine [9] goal: 373, source line: 28, command: 'rule seqPermTrans
  formula="seqPerm(@seqPre, @seqSort)"' 
20874      DEBUG main            d.u.i.k.m.s.ProofScriptEngine [10] goal: 374, source line: 31, command: 'rule seqPermSym
  formula="seqPerm(@seqPre, @seqSort0)"' 
20875      DEBUG main            d.u.i.k.m.s.ProofScriptEngine [11] goal: 375, source line: 34, command: 'tryclose' 
52295      INFO  main            d.u.i.k.p.r.p.TestFile    ... finished proof: closed. 
52709      INFO  main            d.u.i.k.p.i.AbstractProblemLoader Loading environment from /home/runner/work/key/key/key.core/../key.ui/examples/heap/quicksort/sort.key.proof 
52709      DEBUG main            d.u.i.k.p.i.AbstractProblemLoader Environment load took 295.61ns 
52718      INFO  main            d.u.i.k.p.i.AbstractProblemLoader Creating init config 
55843      DEBUG main            d.u.i.k.p.i.AbstractProblemLoader Init config took 3.13s 
55899      INFO  main            d.u.i.k.p.i.AbstractProblemLoader Replaying proof Quicksort[Quicksort::sort([I,int,int)].JML normal_behavior operation contract.0 
57811      DEBUG main            d.u.i.k.p.i.IntermediateProofReplayer Proof replay took 1.79s 
57819      DEBUG main            d.u.i.k.p.r.p.TestFile    ... success: reloaded. 
57824      INFO  main            d.u.i.k.p.r.p.TestFile    Now processing file /home/runner/work/key/key/key.core/../key.ui/examples/heap/quicksort/split.key 
57834      INFO  main            d.u.i.k.p.i.AbstractProblemLoader Loading environment from /home/runner/work/key/key/key.core/../key.ui/examples/heap/quicksort/split.key 
57834      DEBUG main            d.u.i.k.p.i.AbstractProblemLoader Environment load took 814.52ns 
57844      INFO  main            d.u.i.k.p.i.AbstractProblemLoader Creating init config 
61404      DEBUG main            d.u.i.k.p.i.AbstractProblemLoader Init config took 3.56s 
61458      INFO  main            d.u.i.k.p.i.AbstractProblemLoader Replaying proof Quicksort[Quicksort::split([I,int,int)].JML normal_behavior operation contract.0 
61462      DEBUG main            d.u.i.k.p.i.IntermediateProofReplayer Proof replay took 6.1ns 
61463      DEBUG main            d.u.i.k.m.s.ProofScriptEngine [1] goal: 0, source line: 15, command: 'macro autopilot-prep' 
62968      DEBUG main            d.u.i.k.m.s.ProofScriptEngine [2] goal: 520, source line: 17, command: 'tryclose' 
108182     DEBUG main            d.u.i.k.m.s.ProofScriptEngine [3] goal: 495, source line: 20, command: 'macro simp-upd' 
108320     DEBUG main            d.u.i.k.m.s.ProofScriptEngine [4] goal: 495, source line: 25, command: 'rule seqPermFromSwap' 
108336     DEBUG main            d.u.i.k.m.s.ProofScriptEngine [5] goal: 40829, source line: 26, command: 'rule andRight' 
108342     DEBUG main            d.u.i.k.m.s.ProofScriptEngine [6] goal: 40830, source line: 27, command: 'auto' 
108433     DEBUG main            d.u.i.k.m.s.ProofScriptEngine [7] goal: 40831, source line: 29, command: 'instantiate hide var=iv with=i_0' 
108435     DEBUG main            d.u.i.k.m.s.ProofScriptEngine [8] goal: 40836, source line: 31, command: 'instantiate hide var=jv with=j_0' 
108438     DEBUG main            d.u.i.k.m.s.ProofScriptEngine [9] goal: 40837, source line: 32, command: 'auto' 
116001     DEBUG main            d.u.i.k.m.s.ProofScriptEngine [10] goal: 190, source line: 34, command: 'macro simp-upd' 
116105     DEBUG main            d.u.i.k.m.s.ProofScriptEngine [11] goal: 46168, source line: 36, command: 'rule seqPermFromSwap' 
116107     DEBUG main            d.u.i.k.m.s.ProofScriptEngine [12] goal: 46169, source line: 37, command: 'rule andRight' 
116111     DEBUG main            d.u.i.k.m.s.ProofScriptEngine [13] goal: 46170, source line: 38, command: 'auto' 
116130     DEBUG main            d.u.i.k.m.s.ProofScriptEngine [14] goal: 46171, source line: 40, command: 'instantiate hide var=iv with=i_0' 
116131     DEBUG main            d.u.i.k.m.s.ProofScriptEngine [15] goal: 46176, source line: 42, command: 'instantiate hide var=jv with=to' 
116134     DEBUG main            d.u.i.k.m.s.ProofScriptEngine [16] goal: 46177, source line: 43, command: 'auto' 
122199     INFO  main            d.u.i.k.p.r.p.TestFile    ... finished proof: closed. 
122811     INFO  main            d.u.i.k.p.i.AbstractProblemLoader Loading environment from /home/runner/work/key/key/key.core/../key.ui/examples/heap/quicksort/split.key.proof 
122811     DEBUG main            d.u.i.k.p.i.AbstractProblemLoader Environment load took 265.11ns 
122825     INFO  main            d.u.i.k.p.i.AbstractProblemLoader Creating init config 
126064     DEBUG main            d.u.i.k.p.i.AbstractProblemLoader Init config took 3.24s 
126135     INFO  main            d.u.i.k.p.i.AbstractProblemLoader Replaying proof Quicksort[Quicksort::split([I,int,int)].JML normal_behavior operation contract.0 
129217     DEBUG main            d.u.i.k.p.i.IntermediateProofReplayer Proof replay took 2.85s 
129301     DEBUG main            d.u.i.k.p.r.p.TestFile    ... success: reloaded. 
1992778    INFO  Test worker     d.u.i.k.p.r.RunAllProofsTestUnit Returning from test quicksort 
1992782    INFO  Test worker     d.u.i.k.p.r.RunAllProofsTestUnit Running test simpleTests 
429        INFO  Timeout watchdog d.u.i.k.p.r.p.ForkedTestFileRunner Timeout watcher launched (2000 secs.) 
459        WARN  main            d.u.i.k.s.ProofSettings   The settings in /home/runner/.key/proof-settings.props are *not* read. 
503        INFO  main            d.u.i.k.p.r.p.TestFile    Now processing file /home/runner/work/key/key/key.core/../key.ui/examples/heap/simple/anonymise_datagroup.key 
668        INFO  main            d.u.i.k.p.i.AbstractProblemLoader Loading environment from /home/runner/work/key/key/key.core/../key.ui/examples/heap/simple/anonymise_datagroup.key 
692        DEBUG main            d.u.i.k.p.i.AbstractProblemLoader Environment load took 2.16ms 
987        INFO  main            d.u.i.k.p.i.AbstractProblemLoader Creating init config 
2005       DEBUG main            d.u.i.k.j.TypeConverter   No LDT found for Meta 
2006       DEBUG main            d.u.i.k.j.TypeConverter   No LDT found for Meta 
2007       DEBUG main            d.u.i.k.j.TypeConverter   No LDT found for Meta 
2008       DEBUG main            d.u.i.k.j.TypeConverter   No LDT found for Meta 
3508       DEBUG main            d.u.i.k.j.TypeConverter   No LDT found for JavaBigintExpression 
9524       DEBUG main            d.u.i.k.p.i.AbstractProblemLoader Init config took 8.54s 
9591       INFO  main            d.u.i.k.p.i.AbstractProblemLoader Replaying proof anonymise_datagroup.key 
9630       DEBUG main            d.u.i.k.p.i.IntermediateProofReplayer Proof replay took 38.4ns 
9913       INFO  main            d.u.i.k.p.r.p.TestFile    ... finished proof: closed. 
10029      INFO  main            d.u.i.k.p.i.AbstractProblemLoader Loading environment from /home/runner/work/key/key/key.core/../key.ui/examples/heap/simple/anonymise_datagroup.key.proof 
10029      DEBUG main            d.u.i.k.p.i.AbstractProblemLoader Environment load took 164.81ns 
10034      INFO  main            d.u.i.k.p.i.AbstractProblemLoader Creating init config 
13127      DEBUG main            d.u.i.k.p.i.AbstractProblemLoader Init config took 3.09s 
13159      INFO  main            d.u.i.k.p.i.AbstractProblemLoader Replaying proof anonymise_datagroup.key.proof 
13183      DEBUG main            d.u.i.k.p.i.IntermediateProofReplayer Proof replay took 17.94ms 
13207      DEBUG main            d.u.i.k.p.r.p.TestFile    ... success: reloaded. 
13209      INFO  main            d.u.i.k.p.r.p.TestFile    Now processing file /home/runner/work/key/key/key.core/../key.ui/examples/heap/simple/array_creation.key 
13213      INFO  main            d.u.i.k.p.i.AbstractProblemLoader Loading environment from /home/runner/work/key/key/key.core/../key.ui/examples/heap/simple/array_creation.key 
13214      DEBUG main            d.u.i.k.p.i.AbstractProblemLoader Environment load took 410.41ns 
13217      INFO  main            d.u.i.k.p.i.AbstractProblemLoader Creating init config 
16176      DEBUG main            d.u.i.k.p.i.AbstractProblemLoader Init config took 2.96s 
16210      INFO  main            d.u.i.k.p.i.AbstractProblemLoader Replaying proof array_creation.key 
16215      DEBUG main            d.u.i.k.p.i.IntermediateProofReplayer Proof replay took 7.4ns 
17023      INFO  main            d.u.i.k.p.r.p.TestFile    ... finished proof: closed. 
17205      INFO  main            d.u.i.k.p.i.AbstractProblemLoader Loading environment from /home/runner/work/key/key/key.core/../key.ui/examples/heap/simple/array_creation.key.proof 
17210      DEBUG main            d.u.i.k.p.i.AbstractProblemLoader Environment load took 4.47ms 
17213      INFO  main            d.u.i.k.p.i.AbstractProblemLoader Creating init config 
20078      DEBUG main            d.u.i.k.p.i.AbstractProblemLoader Init config took 2.87s 
20109      INFO  main            d.u.i.k.p.i.AbstractProblemLoader Replaying proof array_creation.key.proof 
20232      DEBUG main            d.u.i.k.p.i.IntermediateProofReplayer Proof replay took 117.63ms 
20236      DEBUG main            d.u.i.k.p.r.p.TestFile    ... success: reloaded. 
20239      INFO  main            d.u.i.k.p.r.p.TestFile    Now processing file /home/runner/work/key/key/key.core/../key.ui/examples/heap/simple/arrays_with_disjoint_sorts.key 
20239      INFO  main            d.u.i.k.p.i.AbstractProblemLoader Loading environment from /home/runner/work/key/key/key.core/../key.ui/examples/heap/simple/arrays_with_disjoint_sorts.key 
20240      DEBUG main            d.u.i.k.p.i.AbstractProblemLoader Environment load took 291.71ns 
20243      INFO  main            d.u.i.k.p.i.AbstractProblemLoader Creating init config 
23089      DEBUG main            d.u.i.k.p.i.AbstractProblemLoader Init config took 2.85s 
23117      INFO  main            d.u.i.k.p.i.AbstractProblemLoader Replaying proof arrays_with_disjoint_sorts.key 
23119      DEBUG main            d.u.i.k.p.i.IntermediateProofReplayer Proof replay took 6.8ns 
23323      INFO  main            d.u.i.k.p.r.p.TestFile    ... finished proof: closed. 
23538      INFO  main            d.u.i.k.p.i.AbstractProblemLoader Loading environment from /home/runner/work/key/key/key.core/../key.ui/examples/heap/simple/arrays_with_disjoint_sorts.key.proof 
23540      DEBUG main            d.u.i.k.p.i.AbstractProblemLoader Environment load took 1.87ms 
23546      INFO  main            d.u.i.k.p.i.AbstractProblemLoader Creating init config 
26448      DEBUG main            d.u.i.k.p.i.AbstractProblemLoader Init config took 2.9s 
26474      INFO  main            d.u.i.k.p.i.AbstractProblemLoader Replaying proof arrays_with_disjoint_sorts.key.proof 
26504      DEBUG main            d.u.i.k.p.i.IntermediateProofReplayer Proof replay took 26.31ms 
26507      DEBUG main            d.u.i.k.p.r.p.TestFile    ... success: reloaded. 
26509      INFO  main            d.u.i.k.p.r.p.TestFile    Now processing file /home/runner/work/key/key/key.core/../key.ui/examples/heap/simple/arrays.key 
26509      INFO  main            d.u.i.k.p.i.AbstractProblemLoader Loading environment from /home/runner/work/key/key/key.core/../key.ui/examples/heap/simple/arrays.key 
26510      DEBUG main            d.u.i.k.p.i.AbstractProblemLoader Environment load took 312.71ns 
26512      INFO  main            d.u.i.k.p.i.AbstractProblemLoader Creating init config 
29323      DEBUG main            d.u.i.k.p.i.AbstractProblemLoader Init config took 2.81s 
29348      INFO  main            d.u.i.k.p.i.AbstractProblemLoader Replaying proof arrays.key 
29351      DEBUG main            d.u.i.k.p.i.IntermediateProofReplayer Proof replay took 17.6ns 
29561      INFO  main            d.u.i.k.p.r.p.TestFile    ... finished proof: closed. 
29735      INFO  main            d.u.i.k.p.i.AbstractProblemLoader Loading environment from /home/runner/work/key/key/key.core/../key.ui/examples/heap/simple/arrays.key.proof 
29736      DEBUG main            d.u.i.k.p.i.AbstractProblemLoader Environment load took 516.82ns 
29738      INFO  main            d.u.i.k.p.i.AbstractProblemLoader Creating init config 
32536      DEBUG main            d.u.i.k.p.i.AbstractProblemLoader Init config took 2.8s 
32563      INFO  main            d.u.i.k.p.i.AbstractProblemLoader Replaying proof arrays.key.proof 
32586      DEBUG main            d.u.i.k.p.i.IntermediateProofReplayer Proof replay took 19.17ms 
32588      DEBUG main            d.u.i.k.p.r.p.TestFile    ... success: reloaded. 
32589      INFO  main            d.u.i.k.p.r.p.TestFile    Now processing file /home/runner/work/key/key/key.core/../key.ui/examples/heap/simple/attributes.key 
32590      INFO  main            d.u.i.k.p.i.AbstractProblemLoader Loading environment from /home/runner/work/key/key/key.core/../key.ui/examples/heap/simple/attributes.key 
32590      DEBUG main            d.u.i.k.p.i.AbstractProblemLoader Environment load took 261.01ns 
32591      INFO  main            d.u.i.k.p.i.AbstractProblemLoader Creating init config 
35331      DEBUG main            d.u.i.k.p.i.AbstractProblemLoader Init config took 2.74s 
35355      INFO  main            d.u.i.k.p.i.AbstractProblemLoader Replaying proof attributes.key 
35357      DEBUG main            d.u.i.k.p.i.IntermediateProofReplayer Proof replay took 7.6ns 
35467      INFO  main            d.u.i.k.p.r.p.TestFile    ... finished proof: closed. 
35652      INFO  main            d.u.i.k.p.i.AbstractProblemLoader Loading environment from /home/runner/work/key/key/key.core/../key.ui/examples/heap/simple/attributes.key.proof 
35652      DEBUG main            d.u.i.k.p.i.AbstractProblemLoader Environment load took 143.7ns 
35654      INFO  main            d.u.i.k.p.i.AbstractProblemLoader Creating init config 
38413      DEBUG main            d.u.i.k.p.i.AbstractProblemLoader Init config took 2.76s 
38452      INFO  main            d.u.i.k.p.i.AbstractProblemLoader Replaying proof attributes.key.proof 
38460      DEBUG main            d.u.i.k.p.i.IntermediateProofReplayer Proof replay took 3.28ms 
38461      DEBUG main            d.u.i.k.p.r.p.TestFile    ... success: reloaded. 
38462      INFO  main            d.u.i.k.p.r.p.TestFile    Now processing file /home/runner/work/key/key/key.core/../key.ui/examples/heap/simple/constructor_contracts.key 
38463      INFO  main            d.u.i.k.p.i.AbstractProblemLoader Loading environment from /home/runner/work/key/key/key.core/../key.ui/examples/heap/simple/constructor_contracts.key 
38463      DEBUG main            d.u.i.k.p.i.AbstractProblemLoader Environment load took 647.12ns 
38466      INFO  main            d.u.i.k.p.i.AbstractProblemLoader Creating init config 
41713      DEBUG main            d.u.i.k.p.i.AbstractProblemLoader Init config took 3.25s 
41737      INFO  main            d.u.i.k.p.i.AbstractProblemLoader Replaying proof constructor_contracts.key 
41740      DEBUG main            d.u.i.k.p.i.IntermediateProofReplayer Proof replay took 8.9ns 
42454      INFO  main            d.u.i.k.p.r.p.TestFile    ... finished proof: closed. 
42679      INFO  main            d.u.i.k.p.i.AbstractProblemLoader Loading environment from /home/runner/work/key/key/key.core/../key.ui/examples/heap/simple/constructor_contracts.key.proof 
42681      DEBUG main            d.u.i.k.p.i.AbstractProblemLoader Environment load took 1.99ms 
42684      INFO  main            d.u.i.k.p.i.AbstractProblemLoader Creating init config 
45832      DEBUG main            d.u.i.k.p.i.AbstractProblemLoader Init config took 3.15s 
45855      INFO  main            d.u.i.k.p.i.AbstractProblemLoader Replaying proof constructor_contracts.key.proof 
45962      DEBUG main            d.u.i.k.p.i.IntermediateProofReplayer Proof replay took 101.89ms 
45964      DEBUG main            d.u.i.k.p.r.p.TestFile    ... success: reloaded. 
45966      INFO  main            d.u.i.k.p.r.p.TestFile    Now processing file /home/runner/work/key/key/key.core/../key.ui/examples/heap/simple/dependencies.key 
45966      INFO  main            d.u.i.k.p.i.AbstractProblemLoader Loading environment from /home/runner/work/key/key/key.core/../key.ui/examples/heap/simple/dependencies.key 
45967      DEBUG main            d.u.i.k.p.i.AbstractProblemLoader Environment load took 263.61ns 
45968      INFO  main            d.u.i.k.p.i.AbstractProblemLoader Creating init config 
48744      DEBUG main            d.u.i.k.p.i.AbstractProblemLoader Init config took 2.78s 
48786      INFO  main            d.u.i.k.p.i.AbstractProblemLoader Replaying proof dependencies.key 
48788      DEBUG main            d.u.i.k.p.i.IntermediateProofReplayer Proof replay took 8.1ns 
48890      INFO  main            d.u.i.k.p.r.p.TestFile    ... finished proof: closed. 
49100      INFO  main            d.u.i.k.p.i.AbstractProblemLoader Loading environment from /home/runner/work/key/key/key.core/../key.ui/examples/heap/simple/dependencies.key.proof 
49100      DEBUG main            d.u.i.k.p.i.AbstractProblemLoader Environment load took 142ns 
49102      INFO  main            d.u.i.k.p.i.AbstractProblemLoader Creating init config 
51821      DEBUG main            d.u.i.k.p.i.AbstractProblemLoader Init config took 2.72s 
51841      INFO  main            d.u.i.k.p.i.AbstractProblemLoader Replaying proof dependencies.key.proof 
51850      DEBUG main            d.u.i.k.p.i.IntermediateProofReplayer Proof replay took 6.66ms 
51852      DEBUG main            d.u.i.k.p.r.p.TestFile    ... success: reloaded. 
51852      INFO  main            d.u.i.k.p.r.p.TestFile    Now processing file /home/runner/work/key/key/key.core/../key.ui/examples/heap/simple/dependency_contracts.key 
51853      INFO  main            d.u.i.k.p.i.AbstractProblemLoader Loading environment from /home/runner/work/key/key/key.core/../key.ui/examples/heap/simple/dependency_contracts.key 
51853      DEBUG main            d.u.i.k.p.i.AbstractProblemLoader Environment load took 237.71ns 
51855      INFO  main            d.u.i.k.p.i.AbstractProblemLoader Creating init config 
54902      DEBUG main            d.u.i.k.p.i.AbstractProblemLoader Init config took 3.05s 
54926      INFO  main            d.u.i.k.p.i.AbstractProblemLoader Replaying proof dependency_contracts.key 
54930      DEBUG main            d.u.i.k.p.i.IntermediateProofReplayer Proof replay took 8.1ns 
56540      INFO  main            d.u.i.k.p.r.p.TestFile    ... finished proof: closed. 
56792      INFO  main            d.u.i.k.p.i.AbstractProblemLoader Loading environment from /home/runner/work/key/key/key.core/../key.ui/examples/heap/simple/dependency_contracts.key.proof 
56792      DEBUG main            d.u.i.k.p.i.AbstractProblemLoader Environment load took 633.32ns 
56795      INFO  main            d.u.i.k.p.i.AbstractProblemLoader Creating init config 
59826      DEBUG main            d.u.i.k.p.i.AbstractProblemLoader Init config took 3.03s 
59850      INFO  main            d.u.i.k.p.i.AbstractProblemLoader Replaying proof dependency_contracts.key.proof 
60026      DEBUG main            d.u.i.k.p.i.IntermediateProofReplayer Proof replay took 166.94ms 
60029      DEBUG main            d.u.i.k.p.r.p.TestFile    ... success: reloaded. 
60030      INFO  main            d.u.i.k.p.r.p.TestFile    Now processing file /home/runner/work/key/key/key.core/../key.ui/examples/heap/simple/invariant_preservation.key 
60031      INFO  main            d.u.i.k.p.i.AbstractProblemLoader Loading environment from /home/runner/work/key/key/key.core/../key.ui/examples/heap/simple/invariant_preservation.key 
60031      DEBUG main            d.u.i.k.p.i.AbstractProblemLoader Environment load took 257.91ns 
60033      INFO  main            d.u.i.k.p.i.AbstractProblemLoader Creating init config 
63122      DEBUG main            d.u.i.k.p.i.AbstractProblemLoader Init config took 3.09s 
63143      INFO  main            d.u.i.k.p.i.AbstractProblemLoader Replaying proof invariant_preservation.key 
63145      DEBUG main            d.u.i.k.p.i.IntermediateProofReplayer Proof replay took 7.3ns 
63350      INFO  main            d.u.i.k.p.r.p.TestFile    ... finished proof: closed. 
63612      INFO  main            d.u.i.k.p.i.AbstractProblemLoader Loading environment from /home/runner/work/key/key/key.core/../key.ui/examples/heap/simple/invariant_preservation.key.proof 
63612      DEBUG main            d.u.i.k.p.i.AbstractProblemLoader Environment load took 495.31ns 
63615      INFO  main            d.u.i.k.p.i.AbstractProblemLoader Creating init config 
66607      DEBUG main            d.u.i.k.p.i.AbstractProblemLoader Init config took 2.99s 
66628      INFO  main            d.u.i.k.p.i.AbstractProblemLoader Replaying proof invariant_preservation.key.proof 
66671      DEBUG main            d.u.i.k.p.i.IntermediateProofReplayer Proof replay took 40.45ms 
66673      DEBUG main            d.u.i.k.p.r.p.TestFile    ... success: reloaded. 
66674      INFO  main            d.u.i.k.p.r.p.TestFile    Now processing file /home/runner/work/key/key/key.core/../key.ui/examples/heap/simple/locsets.key 
66674      INFO  main            d.u.i.k.p.i.AbstractProblemLoader Loading environment from /home/runner/work/key/key/key.core/../key.ui/examples/heap/simple/locsets.key 
66674      DEBUG main            d.u.i.k.p.i.AbstractProblemLoader Environment load took 67.3ns 
66675      INFO  main            d.u.i.k.p.i.AbstractProblemLoader Creating init config 
69394      DEBUG main            d.u.i.k.p.i.AbstractProblemLoader Init config took 2.72s 
69411      INFO  main            d.u.i.k.p.i.AbstractProblemLoader Replaying proof locsets.key 
69413      DEBUG main            d.u.i.k.p.i.IntermediateProofReplayer Proof replay took 7.8ns 
69516      INFO  main            d.u.i.k.p.r.p.TestFile    ... finished proof: closed. 
69735      INFO  main            d.u.i.k.p.i.AbstractProblemLoader Loading environment from /home/runner/work/key/key/key.core/../key.ui/examples/heap/simple/locsets.key.proof 
69735      DEBUG main            d.u.i.k.p.i.AbstractProblemLoader Environment load took 140.2ns 
69736      INFO  main            d.u.i.k.p.i.AbstractProblemLoader Creating init config 
72441      DEBUG main            d.u.i.k.p.i.AbstractProblemLoader Init config took 2.71s 
72463      INFO  main            d.u.i.k.p.i.AbstractProblemLoader Replaying proof locsets.key.proof 
72467      DEBUG main            d.u.i.k.p.i.IntermediateProofReplayer Proof replay took 1.21ms 
72468      DEBUG main            d.u.i.k.p.r.p.TestFile    ... success: reloaded. 
72469      INFO  main            d.u.i.k.p.r.p.TestFile    Now processing file /home/runner/work/key/key/key.core/../key.ui/examples/heap/simple/loop1.key 
72469      INFO  main            d.u.i.k.p.i.AbstractProblemLoader Loading environment from /home/runner/work/key/key/key.core/../key.ui/examples/heap/simple/loop1.key 
72469      DEBUG main            d.u.i.k.p.i.AbstractProblemLoader Environment load took 122.4ns 
72471      INFO  main            d.u.i.k.p.i.AbstractProblemLoader Creating init config 
75430      DEBUG main            d.u.i.k.p.i.AbstractProblemLoader Init config took 2.96s 
75471      INFO  main            d.u.i.k.p.i.AbstractProblemLoader Replaying proof loop1.key 
75473      DEBUG main            d.u.i.k.p.i.IntermediateProofReplayer Proof replay took 7.5ns 
75676      INFO  main            d.u.i.k.p.r.p.TestFile    ... finished proof: closed. 
75902      INFO  main            d.u.i.k.p.i.AbstractProblemLoader Loading environment from /home/runner/work/key/key/key.core/../key.ui/examples/heap/simple/loop1.key.proof 
75903      DEBUG main            d.u.i.k.p.i.AbstractProblemLoader Environment load took 143.4ns 
75904      INFO  main            d.u.i.k.p.i.AbstractProblemLoader Creating init config 
78907      DEBUG main            d.u.i.k.p.i.AbstractProblemLoader Init config took 3s 
78926      INFO  main            d.u.i.k.p.i.AbstractProblemLoader Replaying proof loop1.key.proof 
79009      DEBUG main            d.u.i.k.p.i.IntermediateProofReplayer Proof replay took 81.37ms 
79011      DEBUG main            d.u.i.k.p.r.p.TestFile    ... success: reloaded. 
79012      INFO  main            d.u.i.k.p.r.p.TestFile    Now processing file /home/runner/work/key/key/key.core/../key.ui/examples/heap/simple/loop2.key 
79012      INFO  main            d.u.i.k.p.i.AbstractProblemLoader Loading environment from /home/runner/work/key/key/key.core/../key.ui/examples/heap/simple/loop2.key 
79012      DEBUG main            d.u.i.k.p.i.AbstractProblemLoader Environment load took 216.71ns 
79014      INFO  main            d.u.i.k.p.i.AbstractProblemLoader Creating init config 
81946      DEBUG main            d.u.i.k.p.i.AbstractProblemLoader Init config took 2.93s 
81965      INFO  main            d.u.i.k.p.i.AbstractProblemLoader Replaying proof loop2.key 
81968      DEBUG main            d.u.i.k.p.i.IntermediateProofReplayer Proof replay took 7.5ns 
82573      INFO  main            d.u.i.k.p.r.p.TestFile    ... finished proof: closed. 
82857      INFO  main            d.u.i.k.p.i.AbstractProblemLoader Loading environment from /home/runner/work/key/key/key.core/../key.ui/examples/heap/simple/loop2.key.proof 
82857      DEBUG main            d.u.i.k.p.i.AbstractProblemLoader Environment load took 494.71ns 
82859      INFO  main            d.u.i.k.p.i.AbstractProblemLoader Creating init config 
85860      DEBUG main            d.u.i.k.p.i.AbstractProblemLoader Init config took 3s 
85880      INFO  main            d.u.i.k.p.i.AbstractProblemLoader Replaying proof loop2.key.proof 
85993      DEBUG main            d.u.i.k.p.i.IntermediateProofReplayer Proof replay took 108.15ms 
85995      DEBUG main            d.u.i.k.p.r.p.TestFile    ... success: reloaded. 
85996      INFO  main            d.u.i.k.p.r.p.TestFile    Now processing file /home/runner/work/key/key/key.core/../key.ui/examples/heap/simple/modifies_datagroup.key 
85997      INFO  main            d.u.i.k.p.i.AbstractProblemLoader Loading environment from /home/runner/work/key/key/key.core/../key.ui/examples/heap/simple/modifies_datagroup.key 
85997      DEBUG main            d.u.i.k.p.i.AbstractProblemLoader Environment load took 254.21ns 
85998      INFO  main            d.u.i.k.p.i.AbstractProblemLoader Creating init config 
88665      DEBUG main            d.u.i.k.p.i.AbstractProblemLoader Init config took 2.67s 
88684      INFO  main            d.u.i.k.p.i.AbstractProblemLoader Replaying proof modifies_datagroup.key 
88685      DEBUG main            d.u.i.k.p.i.IntermediateProofReplayer Proof replay took 7.1ns 
88791      INFO  main            d.u.i.k.p.r.p.TestFile    ... finished proof: closed. 
89052      INFO  main            d.u.i.k.p.i.AbstractProblemLoader Loading environment from /home/runner/work/key/key/key.core/../key.ui/examples/heap/simple/modifies_datagroup.key.proof 
89052      DEBUG main            d.u.i.k.p.i.AbstractProblemLoader Environment load took 131.8ns 
89053      INFO  main            d.u.i.k.p.i.AbstractProblemLoader Creating init config 
91734      DEBUG main            d.u.i.k.p.i.AbstractProblemLoader Init config took 2.68s 
91752      INFO  main            d.u.i.k.p.i.AbstractProblemLoader Replaying proof modifies_datagroup.key.proof 
91757      DEBUG main            d.u.i.k.p.i.IntermediateProofReplayer Proof replay took 2.96ms 
91758      DEBUG main            d.u.i.k.p.r.p.TestFile    ... success: reloaded. 
91758      INFO  main            d.u.i.k.p.r.p.TestFile    Now processing file /home/runner/work/key/key/key.core/../key.ui/examples/heap/simple/modifies.key 
91759      INFO  main            d.u.i.k.p.i.AbstractProblemLoader Loading environment from /home/runner/work/key/key/key.core/../key.ui/examples/heap/simple/modifies.key 
91759      DEBUG main            d.u.i.k.p.i.AbstractProblemLoader Environment load took 113.1ns 
91761      INFO  main            d.u.i.k.p.i.AbstractProblemLoader Creating init config 
94466      DEBUG main            d.u.i.k.p.i.AbstractProblemLoader Init config took 2.71s 
94484      INFO  main            d.u.i.k.p.i.AbstractProblemLoader Replaying proof modifies.key 
94485      DEBUG main            d.u.i.k.p.i.IntermediateProofReplayer Proof replay took 7.2ns 
94591      INFO  main            d.u.i.k.p.r.p.TestFile    ... finished proof: closed. 
94869      INFO  main            d.u.i.k.p.i.AbstractProblemLoader Loading environment from /home/runner/work/key/key/key.core/../key.ui/examples/heap/simple/modifies.key.proof 
94869      DEBUG main            d.u.i.k.p.i.AbstractProblemLoader Environment load took 136ns 
94873      INFO  main            d.u.i.k.p.i.AbstractProblemLoader Creating init config 
97488      DEBUG main            d.u.i.k.p.i.AbstractProblemLoader Init config took 2.61s 
97505      INFO  main            d.u.i.k.p.i.AbstractProblemLoader Replaying proof modifies.key.proof 
97520      DEBUG main            d.u.i.k.p.i.IntermediateProofReplayer Proof replay took 12.85ms 
97521      DEBUG main            d.u.i.k.p.r.p.TestFile    ... success: reloaded. 
97522      INFO  main            d.u.i.k.p.r.p.TestFile    Now processing file /home/runner/work/key/key/key.core/../key.ui/examples/heap/simple/object_creation.key 
97522      INFO  main            d.u.i.k.p.i.AbstractProblemLoader Loading environment from /home/runner/work/key/key/key.core/../key.ui/examples/heap/simple/object_creation.key 
97522      DEBUG main            d.u.i.k.p.i.AbstractProblemLoader Environment load took 111.9ns 
97523      INFO  main            d.u.i.k.p.i.AbstractProblemLoader Creating init config 
100222     DEBUG main            d.u.i.k.p.i.AbstractProblemLoader Init config took 2.7s 
100241     INFO  main            d.u.i.k.p.i.AbstractProblemLoader Replaying proof object_creation.key 
100242     DEBUG main            d.u.i.k.p.i.IntermediateProofReplayer Proof replay took 7.2ns 
100548     INFO  main            d.u.i.k.p.r.p.TestFile    ... finished proof: closed. 
100812     INFO  main            d.u.i.k.p.i.AbstractProblemLoader Loading environment from /home/runner/work/key/key/key.core/../key.ui/examples/heap/simple/object_creation.key.proof 
100812     DEBUG main            d.u.i.k.p.i.AbstractProblemLoader Environment load took 141.1ns 
100813     INFO  main            d.u.i.k.p.i.AbstractProblemLoader Creating init config 
103448     DEBUG main            d.u.i.k.p.i.AbstractProblemLoader Init config took 2.63s 
103467     INFO  main            d.u.i.k.p.i.AbstractProblemLoader Replaying proof object_creation.key.proof 
103519     DEBUG main            d.u.i.k.p.i.IntermediateProofReplayer Proof replay took 48.78ms 
103520     DEBUG main            d.u.i.k.p.r.p.TestFile    ... success: reloaded. 
103521     INFO  main            d.u.i.k.p.r.p.TestFile    Now processing file /home/runner/work/key/key/key.core/../key.ui/examples/heap/simple/operation_contracts.key 
103521     INFO  main            d.u.i.k.p.i.AbstractProblemLoader Loading environment from /home/runner/work/key/key/key.core/../key.ui/examples/heap/simple/operation_contracts.key 
103522     DEBUG main            d.u.i.k.p.i.AbstractProblemLoader Environment load took 300.91ns 
103524     INFO  main            d.u.i.k.p.i.AbstractProblemLoader Creating init config 
106515     DEBUG main            d.u.i.k.p.i.AbstractProblemLoader Init config took 2.99s 
106534     INFO  main            d.u.i.k.p.i.AbstractProblemLoader Replaying proof operation_contracts.key 
106536     DEBUG main            d.u.i.k.p.i.IntermediateProofReplayer Proof replay took 7.2ns 
107546     INFO  main            d.u.i.k.p.r.p.TestFile    ... finished proof: closed. 
107827     INFO  main            d.u.i.k.p.i.AbstractProblemLoader Loading environment from /home/runner/work/key/key/key.core/../key.ui/examples/heap/simple/operation_contracts.key.proof 
107828     DEBUG main            d.u.i.k.p.i.AbstractProblemLoader Environment load took 502.81ns 
107830     INFO  main            d.u.i.k.p.i.AbstractProblemLoader Creating init config 
110868     DEBUG main            d.u.i.k.p.i.AbstractProblemLoader Init config took 3.04s 
110887     INFO  main            d.u.i.k.p.i.AbstractProblemLoader Replaying proof operation_contracts.key.proof 
111025     DEBUG main            d.u.i.k.p.i.IntermediateProofReplayer Proof replay took 130.35ms 
111027     DEBUG main            d.u.i.k.p.r.p.TestFile    ... success: reloaded. 
111029     INFO  main            d.u.i.k.p.r.p.TestFile    Now processing file /home/runner/work/key/key/key.core/../key.ui/examples/heap/simple/select_store.key 
111030     INFO  main            d.u.i.k.p.i.AbstractProblemLoader Loading environment from /home/runner/work/key/key/key.core/../key.ui/examples/heap/simple/select_store.key 
111030     DEBUG main            d.u.i.k.p.i.AbstractProblemLoader Environment load took 301.71ns 
111032     INFO  main            d.u.i.k.p.i.AbstractProblemLoader Creating init config 
113698     DEBUG main            d.u.i.k.p.i.AbstractProblemLoader Init config took 2.67s 
113715     INFO  main            d.u.i.k.p.i.AbstractProblemLoader Replaying proof select_store.key 
113717     DEBUG main            d.u.i.k.p.i.IntermediateProofReplayer Proof replay took 7ns 
113823     INFO  main            d.u.i.k.p.r.p.TestFile    ... finished proof: closed. 
114139     INFO  main            d.u.i.k.p.i.AbstractProblemLoader Loading environment from /home/runner/work/key/key/key.core/../key.ui/examples/heap/simple/select_store.key.proof 
114140     DEBUG main            d.u.i.k.p.i.AbstractProblemLoader Environment load took 173.1ns 
114141     INFO  main            d.u.i.k.p.i.AbstractProblemLoader Creating init config 
116840     DEBUG main            d.u.i.k.p.i.AbstractProblemLoader Init config took 2.7s 
116859     INFO  main            d.u.i.k.p.i.AbstractProblemLoader Replaying proof select_store.key.proof 
116864     DEBUG main            d.u.i.k.p.i.IntermediateProofReplayer Proof replay took 2.43ms 
116865     DEBUG main            d.u.i.k.p.r.p.TestFile    ... success: reloaded. 
116866     INFO  main            d.u.i.k.p.r.p.TestFile    Now processing file /home/runner/work/key/key/key.core/../key.ui/examples/heap/simple/selection_sort.key 
116867     INFO  main            d.u.i.k.p.i.AbstractProblemLoader Loading environment from /home/runner/work/key/key/key.core/../key.ui/examples/heap/simple/selection_sort.key 
116867     DEBUG main            d.u.i.k.p.i.AbstractProblemLoader Environment load took 105.2ns 
116869     INFO  main            d.u.i.k.p.i.AbstractProblemLoader Creating init config 
119873     DEBUG main            d.u.i.k.p.i.AbstractProblemLoader Init config took 3.01s 
119891     INFO  main            d.u.i.k.p.i.AbstractProblemLoader Replaying proof selection_sort.key 
119894     DEBUG main            d.u.i.k.p.i.IntermediateProofReplayer Proof replay took 8.6ns 
124143     INFO  main            d.u.i.k.p.r.p.TestFile    ... finished proof: closed. 
124491     INFO  main            d.u.i.k.p.i.AbstractProblemLoader Loading environment from /home/runner/work/key/key/key.core/../key.ui/examples/heap/simple/selection_sort.key.proof 
124491     DEBUG main            d.u.i.k.p.i.AbstractProblemLoader Environment load took 159.9ns 
124493     INFO  main            d.u.i.k.p.i.AbstractProblemLoader Creating init config 
127377     DEBUG main            d.u.i.k.p.i.AbstractProblemLoader Init config took 2.88s 
127395     INFO  main            d.u.i.k.p.i.AbstractProblemLoader Replaying proof selection_sort.key.proof 
127875     DEBUG main            d.u.i.k.p.i.IntermediateProofReplayer Proof replay took 458.19ms 
127877     DEBUG main            d.u.i.k.p.r.p.TestFile    ... success: reloaded. 
127879     INFO  main            d.u.i.k.p.r.p.TestFile    Now processing file /home/runner/work/key/key/key.core/../key.ui/examples/heap/simple/seq.key 
127879     INFO  main            d.u.i.k.p.i.AbstractProblemLoader Loading environment from /home/runner/work/key/key/key.core/../key.ui/examples/heap/simple/seq.key 
127880     DEBUG main            d.u.i.k.p.i.AbstractProblemLoader Environment load took 294.31ns 
127881     INFO  main            d.u.i.k.p.i.AbstractProblemLoader Creating init config 
130586     DEBUG main            d.u.i.k.p.i.AbstractProblemLoader Init config took 2.71s 
130613     INFO  main            d.u.i.k.p.i.AbstractProblemLoader Replaying proof seq.key 
130615     DEBUG main            d.u.i.k.p.i.IntermediateProofReplayer Proof replay took 8.5ns 
131120     INFO  main            d.u.i.k.p.r.p.TestFile    ... finished proof: closed. 
131500     INFO  main            d.u.i.k.p.i.AbstractProblemLoader Loading environment from /home/runner/work/key/key/key.core/../key.ui/examples/heap/simple/seq.key.proof 
131500     DEBUG main            d.u.i.k.p.i.AbstractProblemLoader Environment load took 630.62ns 
131502     INFO  main            d.u.i.k.p.i.AbstractProblemLoader Creating init config 
134071     DEBUG main            d.u.i.k.p.i.AbstractProblemLoader Init config took 2.57s 
134089     INFO  main            d.u.i.k.p.i.AbstractProblemLoader Replaying proof seq.key.proof 
134125     DEBUG main            d.u.i.k.p.i.IntermediateProofReplayer Proof replay took 32.14ms 
134127     DEBUG main            d.u.i.k.p.r.p.TestFile    ... success: reloaded. 
134128     INFO  main            d.u.i.k.p.r.p.TestFile    Now processing file /home/runner/work/key/key/key.core/../key.ui/examples/heap/simple/oldForParams.key 
134128     INFO  main            d.u.i.k.p.i.AbstractProblemLoader Loading environment from /home/runner/work/key/key/key.core/../key.ui/examples/heap/simple/oldForParams.key 
134128     DEBUG main            d.u.i.k.p.i.AbstractProblemLoader Environment load took 236.81ns 
134129     INFO  main            d.u.i.k.p.i.AbstractProblemLoader Creating init config 
137098     DEBUG main            d.u.i.k.p.i.AbstractProblemLoader Init config took 2.97s 
137173     INFO  main            d.u.i.k.p.i.AbstractProblemLoader Replaying proof OldForParameters[OldForParameters::method(int)].JML operation contract.0 
137175     DEBUG main            d.u.i.k.p.i.IntermediateProofReplayer Proof replay took 7.2ns 
137379     INFO  main            d.u.i.k.p.r.p.TestFile    ... finished proof: closed. 
137694     INFO  main            d.u.i.k.p.i.AbstractProblemLoader Loading environment from /home/runner/work/key/key/key.core/../key.ui/examples/heap/simple/oldForParams.key.proof 
137695     DEBUG main            d.u.i.k.p.i.AbstractProblemLoader Environment load took 125.3ns 
137696     INFO  main            d.u.i.k.p.i.AbstractProblemLoader Creating init config 
140581     DEBUG main            d.u.i.k.p.i.AbstractProblemLoader Init config took 2.89s 
140634     INFO  main            d.u.i.k.p.i.AbstractProblemLoader Replaying proof OldForParameters[OldForParameters::method(int)].JML operation contract.0 
140679     DEBUG main            d.u.i.k.p.i.IntermediateProofReplayer Proof replay took 42.61ms 
140680     DEBUG main            d.u.i.k.p.r.p.TestFile    ... success: reloaded. 
140682     INFO  main            d.u.i.k.p.r.p.TestFile    Now processing file /home/runner/work/key/key/key.core/../key.ui/examples/heap/simple/parse_lmtd.key 
140683     INFO  main            d.u.i.k.p.i.AbstractProblemLoader Loading environment from /home/runner/work/key/key/key.core/../key.ui/examples/heap/simple/parse_lmtd.key 
140683     DEBUG main            d.u.i.k.p.i.AbstractProblemLoader Environment load took 115.4ns 
140684     INFO  main            d.u.i.k.p.i.AbstractProblemLoader Creating init config 
143681     DEBUG main            d.u.i.k.p.i.AbstractProblemLoader Init config took 3s 
143729     INFO  main            d.u.i.k.p.i.AbstractProblemLoader Replaying proof ParseLmtd[ParseLmtd::simple(int)].JML normal_behavior operation contract.0 
143730     DEBUG main            d.u.i.k.p.i.IntermediateProofReplayer Proof replay took 7.2ns 
143935     INFO  main            d.u.i.k.p.r.p.TestFile    ... finished proof: closed. 
144292     INFO  main            d.u.i.k.p.i.AbstractProblemLoader Loading environment from /home/runner/work/key/key/key.core/../key.ui/examples/heap/simple/parse_lmtd.key.proof 
144292     DEBUG main            d.u.i.k.p.i.AbstractProblemLoader Environment load took 127.9ns 
144294     INFO  main            d.u.i.k.p.i.AbstractProblemLoader Creating init config 
147157     DEBUG main            d.u.i.k.p.i.AbstractProblemLoader Init config took 2.86s 
147222     INFO  main            d.u.i.k.p.i.AbstractProblemLoader Replaying proof ParseLmtd[ParseLmtd::simple(int)].JML normal_behavior operation contract.0 
147246     DEBUG main            d.u.i.k.p.i.IntermediateProofReplayer Proof replay took 21ms 
147247     DEBUG main            d.u.i.k.p.r.p.TestFile    ... success: reloaded. 
147248     INFO  main            d.u.i.k.p.r.p.TestFile    Now processing file /home/runner/work/key/key/key.core/../key.ui/examples/heap/strictly_pure/strictlyPureMethod.key 
147249     INFO  main            d.u.i.k.p.i.AbstractProblemLoader Loading environment from /home/runner/work/key/key/key.core/../key.ui/examples/heap/strictly_pure/strictlyPureMethod.key 
147249     DEBUG main            d.u.i.k.p.i.AbstractProblemLoader Environment load took 258.71ns 
147250     INFO  main            d.u.i.k.p.i.AbstractProblemLoader Creating init config 
150061     DEBUG main            d.u.i.k.p.i.AbstractProblemLoader Init config took 2.81s 
150105     INFO  main            d.u.i.k.p.i.AbstractProblemLoader Replaying proof StrictlyPure[StrictlyPure::strictlyPureMethod()].JML operation contract.0 
150106     DEBUG main            d.u.i.k.p.i.IntermediateProofReplayer Proof replay took 6.5ns 
150314     INFO  main            d.u.i.k.p.r.p.TestFile    ... finished proof: closed. 
150623     INFO  main            d.u.i.k.p.i.AbstractProblemLoader Loading environment from /home/runner/work/key/key/key.core/../key.ui/examples/heap/strictly_pure/strictlyPureMethod.key.proof 
150623     DEBUG main            d.u.i.k.p.i.AbstractProblemLoader Environment load took 131ns 
150624     INFO  main            d.u.i.k.p.i.AbstractProblemLoader Creating init config 
153334     DEBUG main            d.u.i.k.p.i.AbstractProblemLoader Init config took 2.71s 
153375     INFO  main            d.u.i.k.p.i.AbstractProblemLoader Replaying proof StrictlyPure[StrictlyPure::strictlyPureMethod()].JML operation contract.0 
153412     DEBUG main            d.u.i.k.p.i.IntermediateProofReplayer Proof replay took 33.62ms 
153413     DEBUG main            d.u.i.k.p.r.p.TestFile    ... success: reloaded. 
153414     INFO  main            d.u.i.k.p.r.p.TestFile    Now processing file /home/runner/work/key/key/key.core/../key.ui/examples/heap/strictly_pure/useStrictlyPureMethod.key 
153414     INFO  main            d.u.i.k.p.i.AbstractProblemLoader Loading environment from /home/runner/work/key/key/key.core/../key.ui/examples/heap/strictly_pure/useStrictlyPureMethod.key 
153414     DEBUG main            d.u.i.k.p.i.AbstractProblemLoader Environment load took 113ns 
153415     INFO  main            d.u.i.k.p.i.AbstractProblemLoader Creating init config 
156191     DEBUG main            d.u.i.k.p.i.AbstractProblemLoader Init config took 2.78s 
156232     INFO  main            d.u.i.k.p.i.AbstractProblemLoader Replaying proof StrictlyPure[StrictlyPure::useStrictlyPureMethod(StrictlyPureClass)].JML operation contract.0 
156234     DEBUG main            d.u.i.k.p.i.IntermediateProofReplayer Proof replay took 7.2ns 
156540     INFO  main            d.u.i.k.p.r.p.TestFile    ... finished proof: closed. 
156855     INFO  main            d.u.i.k.p.i.AbstractProblemLoader Loading environment from /home/runner/work/key/key/key.core/../key.ui/examples/heap/strictly_pure/useStrictlyPureMethod.key.proof 
156855     DEBUG main            d.u.i.k.p.i.AbstractProblemLoader Environment load took 477.21ns 
156857     INFO  main            d.u.i.k.p.i.AbstractProblemLoader Creating init config 
159563     DEBUG main            d.u.i.k.p.i.AbstractProblemLoader Init config took 2.71s 
159605     INFO  main            d.u.i.k.p.i.AbstractProblemLoader Replaying proof StrictlyPure[StrictlyPure::useStrictlyPureMethod(StrictlyPureClass)].JML operation contract.0 
159658     DEBUG main            d.u.i.k.p.i.IntermediateProofReplayer Proof replay took 50.34ms 
159659     DEBUG main            d.u.i.k.p.r.p.TestFile    ... success: reloaded. 
159660     INFO  main            d.u.i.k.p.r.p.TestFile    Now processing file /home/runner/work/key/key/key.core/../key.ui/examples/heap/Wellfounded/ackermann.key 
159661     INFO  main            d.u.i.k.p.i.AbstractProblemLoader Loading environment from /home/runner/work/key/key/key.core/../key.ui/examples/heap/Wellfounded/ackermann.key 
159661     DEBUG main            d.u.i.k.p.i.AbstractProblemLoader Environment load took 123.9ns 
159662     INFO  main            d.u.i.k.p.i.AbstractProblemLoader Creating init config 
162502     DEBUG main            d.u.i.k.p.i.AbstractProblemLoader Init config took 2.84s 
162562     INFO  main            d.u.i.k.p.i.AbstractProblemLoader Replaying proof Ackermann[Ackermann::a(int,int)].JML normal_behavior operation contract.0 
162564     DEBUG main            d.u.i.k.p.i.IntermediateProofReplayer Proof replay took 7.7ns 
162869     INFO  main            d.u.i.k.p.r.p.TestFile    ... finished proof: closed. 
163295     INFO  main            d.u.i.k.p.i.AbstractProblemLoader Loading environment from /home/runner/work/key/key/key.core/../key.ui/examples/heap/Wellfounded/ackermann.key.proof 
163295     DEBUG main            d.u.i.k.p.i.AbstractProblemLoader Environment load took 469.91ns 
163296     INFO  main            d.u.i.k.p.i.AbstractProblemLoader Creating init config 
166036     DEBUG main            d.u.i.k.p.i.AbstractProblemLoader Init config took 2.74s 
166077     INFO  main            d.u.i.k.p.i.AbstractProblemLoader Replaying proof Ackermann[Ackermann::a(int,int)].JML normal_behavior operation contract.0 
166136     DEBUG main            d.u.i.k.p.i.IntermediateProofReplayer Proof replay took 55.82ms 
166137     DEBUG main            d.u.i.k.p.r.p.TestFile    ... success: reloaded. 
166139     INFO  main            d.u.i.k.p.r.p.TestFile    Now processing file /home/runner/work/key/key/key.core/../key.ui/examples/standard_key/unicode_test.key 
166139     INFO  main            d.u.i.k.p.i.AbstractProblemLoader Loading environment from /home/runner/work/key/key/key.core/../key.ui/examples/standard_key/unicode_test.key 
166139     DEBUG main            d.u.i.k.p.i.AbstractProblemLoader Environment load took 243.21ns 
166142     INFO  main            d.u.i.k.p.i.AbstractProblemLoader Creating init config 
168795     DEBUG main            d.u.i.k.p.i.AbstractProblemLoader Init config took 2.65s 
168812     INFO  main            d.u.i.k.p.i.AbstractProblemLoader Replaying proof unicode_test.key 
168814     DEBUG main            d.u.i.k.p.i.IntermediateProofReplayer Proof replay took 7.6ns 
168915     INFO  main            d.u.i.k.p.r.p.TestFile    ... finished proof: closed. 
169237     INFO  main            d.u.i.k.p.i.AbstractProblemLoader Loading environment from /home/runner/work/key/key/key.core/../key.ui/examples/standard_key/unicode_test.key.proof 
169239     DEBUG main            d.u.i.k.p.i.AbstractProblemLoader Environment load took 123ns 
169240     INFO  main            d.u.i.k.p.i.AbstractProblemLoader Creating init config 
171869     DEBUG main            d.u.i.k.p.i.AbstractProblemLoader Init config took 2.63s 
171887     INFO  main            d.u.i.k.p.i.AbstractProblemLoader Replaying proof unicode_test.key.proof 
171893     DEBUG main            d.u.i.k.p.i.IntermediateProofReplayer Proof replay took 408.81ns 
171895     DEBUG main            d.u.i.k.p.r.p.TestFile    ... success: reloaded. 
171896     INFO  main            d.u.i.k.p.r.p.TestFile    Now processing file /home/runner/work/key/key/key.core/../key.ui/examples/heap/strictlyModular/mayExpand.key 
171898     INFO  main            d.u.i.k.p.i.AbstractProblemLoader Loading environment from /home/runner/work/key/key/key.core/../key.ui/examples/heap/strictlyModular/mayExpand.key 
171901     DEBUG main            d.u.i.k.p.i.AbstractProblemLoader Environment load took 4.06ms 
171903     INFO  main            d.u.i.k.p.i.AbstractProblemLoader Creating init config 
174638     DEBUG main            d.u.i.k.p.i.AbstractProblemLoader Init config took 2.73s 
174681     INFO  main            d.u.i.k.p.i.AbstractProblemLoader Replaying proof Modular[Modular::m()].JML operation contract.0 
174682     DEBUG main            d.u.i.k.p.i.IntermediateProofReplayer Proof replay took 7.7ns 
174784     INFO  main            d.u.i.k.p.r.p.TestFile    ... finished proof: closed. 
175116     INFO  main            d.u.i.k.p.i.AbstractProblemLoader Loading environment from /home/runner/work/key/key/key.core/../key.ui/examples/heap/strictlyModular/mayExpand.key.proof 
175117     DEBUG main            d.u.i.k.p.i.AbstractProblemLoader Environment load took 110.6ns 
175118     INFO  main            d.u.i.k.p.i.AbstractProblemLoader Creating init config 
177825     DEBUG main            d.u.i.k.p.i.AbstractProblemLoader Init config took 2.71s 
177866     INFO  main            d.u.i.k.p.i.AbstractProblemLoader Replaying proof Modular[Modular::m()].JML operation contract.0 
177882     DEBUG main            d.u.i.k.p.i.IntermediateProofReplayer Proof replay took 13.88ms 
177883     DEBUG main            d.u.i.k.p.r.p.TestFile    ... success: reloaded. 
177884     INFO  main            d.u.i.k.p.r.p.TestFile    Now processing file /home/runner/work/key/key/key.core/../key.ui/examples/heap/strictlyModular/modularOnly.key 
177884     INFO  main            d.u.i.k.p.i.AbstractProblemLoader Loading environment from /home/runner/work/key/key/key.core/../key.ui/examples/heap/strictlyModular/modularOnly.key 
177885     DEBUG main            d.u.i.k.p.i.AbstractProblemLoader Environment load took 100.7ns 
177885     INFO  main            d.u.i.k.p.i.AbstractProblemLoader Creating init config 
180606     DEBUG main            d.u.i.k.p.i.AbstractProblemLoader Init config took 2.72s 
180648     INFO  main            d.u.i.k.p.i.AbstractProblemLoader Replaying proof Modular[Modular::m()].JML operation contract.0 
180649     DEBUG main            d.u.i.k.p.i.IntermediateProofReplayer Proof replay took 7.5ns 
180759     INFO  main            d.u.i.k.p.r.p.TestFile    ... finished proof: open goal(s) 
2174090    INFO  Test worker     d.u.i.k.p.r.RunAllProofsTestUnit Returning from test simpleTests 
2174091    INFO  Test worker     d.u.i.k.p.r.RunAllProofsTestUnit Running test SmansEtAl 
405        INFO  Timeout watchdog d.u.i.k.p.r.p.ForkedTestFileRunner Timeout watcher launched (2000 secs.) 
422        WARN  main            d.u.i.k.s.ProofSettings   The settings in /home/runner/.key/proof-settings.props are *not* read. 
481        INFO  main            d.u.i.k.p.r.p.TestFile    Now processing file /home/runner/work/key/key/key.core/../key.ui/examples/heap/SmansEtAl/ArrayList_add.key 
637        INFO  main            d.u.i.k.p.i.AbstractProblemLoader Loading environment from /home/runner/work/key/key/key.core/../key.ui/examples/heap/SmansEtAl/ArrayList_add.key 
657        DEBUG main            d.u.i.k.p.i.AbstractProblemLoader Environment load took 2.26ms 
944        INFO  main            d.u.i.k.p.i.AbstractProblemLoader Creating init config 
2013       DEBUG main            d.u.i.k.j.TypeConverter   No LDT found for Meta 
2013       DEBUG main            d.u.i.k.j.TypeConverter   No LDT found for Meta 
2014       DEBUG main            d.u.i.k.j.TypeConverter   No LDT found for Meta 
2014       DEBUG main            d.u.i.k.j.TypeConverter   No LDT found for Meta 
3744       DEBUG main            d.u.i.k.j.TypeConverter   No LDT found for JavaBigintExpression 
9897       DEBUG main            d.u.i.k.p.i.AbstractProblemLoader Init config took 8.95s 
10098      INFO  main            d.u.i.k.p.i.AbstractProblemLoader Replaying proof ArrayList[ArrayList::add(java.lang.Object)].JML normal_behavior operation contract.0 
10143      DEBUG main            d.u.i.k.p.i.IntermediateProofReplayer Proof replay took 40.2ns 
18774      INFO  main            d.u.i.k.p.r.p.TestFile    ... finished proof: closed. 
19011      INFO  main            d.u.i.k.p.i.AbstractProblemLoader Loading environment from /home/runner/work/key/key/key.core/../key.ui/examples/heap/SmansEtAl/ArrayList_add.key.proof 
19012      DEBUG main            d.u.i.k.p.i.AbstractProblemLoader Environment load took 571.02ns 
19016      INFO  main            d.u.i.k.p.i.AbstractProblemLoader Creating init config 
22753      DEBUG main            d.u.i.k.p.i.AbstractProblemLoader Init config took 3.74s 
22856      INFO  main            d.u.i.k.p.i.AbstractProblemLoader Replaying proof ArrayList[ArrayList::add(java.lang.Object)].JML normal_behavior operation contract.0 
23960      DEBUG main            d.u.i.k.p.i.IntermediateProofReplayer Proof replay took 1.05s 
23976      DEBUG main            d.u.i.k.p.r.p.TestFile    ... success: reloaded. 
23979      INFO  main            d.u.i.k.p.r.p.TestFile    Now processing file /home/runner/work/key/key/key.core/../key.ui/examples/heap/SmansEtAl/ArrayList_ArrayList.key 
23980      INFO  main            d.u.i.k.p.i.AbstractProblemLoader Loading environment from /home/runner/work/key/key/key.core/../key.ui/examples/heap/SmansEtAl/ArrayList_ArrayList.key 
23980      DEBUG main            d.u.i.k.p.i.AbstractProblemLoader Environment load took 267.91ns 
23984      INFO  main            d.u.i.k.p.i.AbstractProblemLoader Creating init config 
27515      DEBUG main            d.u.i.k.p.i.AbstractProblemLoader Init config took 3.53s 
27574      INFO  main            d.u.i.k.p.i.AbstractProblemLoader Replaying proof ArrayList[ArrayList::ArrayList()].JML normal_behavior operation contract.0 
27579      DEBUG main            d.u.i.k.p.i.IntermediateProofReplayer Proof replay took 6.5ns 
28787      INFO  main            d.u.i.k.p.r.p.TestFile    ... finished proof: closed. 
29004      INFO  main            d.u.i.k.p.i.AbstractProblemLoader Loading environment from /home/runner/work/key/key/key.core/../key.ui/examples/heap/SmansEtAl/ArrayList_ArrayList.key.proof 
29005      DEBUG main            d.u.i.k.p.i.AbstractProblemLoader Environment load took 509.71ns 
29007      INFO  main            d.u.i.k.p.i.AbstractProblemLoader Creating init config 
32434      DEBUG main            d.u.i.k.p.i.AbstractProblemLoader Init config took 3.43s 
32489      INFO  main            d.u.i.k.p.i.AbstractProblemLoader Replaying proof ArrayList[ArrayList::ArrayList()].JML normal_behavior operation contract.0 
32641      DEBUG main            d.u.i.k.p.i.IntermediateProofReplayer Proof replay took 143.86ms 
32643      DEBUG main            d.u.i.k.p.r.p.TestFile    ... success: reloaded. 
32644      INFO  main            d.u.i.k.p.r.p.TestFile    Now processing file /home/runner/work/key/key/key.core/../key.ui/examples/heap/SmansEtAl/ArrayList_footprint.key 
32645      INFO  main            d.u.i.k.p.i.AbstractProblemLoader Loading environment from /home/runner/work/key/key/key.core/../key.ui/examples/heap/SmansEtAl/ArrayList_footprint.key 
32645      DEBUG main            d.u.i.k.p.i.AbstractProblemLoader Environment load took 263.61ns 
32646      INFO  main            d.u.i.k.p.i.AbstractProblemLoader Creating init config 
36102      DEBUG main            d.u.i.k.p.i.AbstractProblemLoader Init config took 3.46s 
36158      INFO  main            d.u.i.k.p.i.AbstractProblemLoader Replaying proof ArrayList[ArrayList::$footprint()].JML accessible clause.0 
36160      DEBUG main            d.u.i.k.p.i.IntermediateProofReplayer Proof replay took 7.7ns 
36263      INFO  main            d.u.i.k.p.r.p.TestFile    ... finished proof: closed. 
36510      INFO  main            d.u.i.k.p.i.AbstractProblemLoader Loading environment from /home/runner/work/key/key/key.core/../key.ui/examples/heap/SmansEtAl/ArrayList_footprint.key.proof 
36510      DEBUG main            d.u.i.k.p.i.AbstractProblemLoader Environment load took 154.41ns 
36511      INFO  main            d.u.i.k.p.i.AbstractProblemLoader Creating init config 
39894      DEBUG main            d.u.i.k.p.i.AbstractProblemLoader Init config took 3.38s 
39964      INFO  main            d.u.i.k.p.i.AbstractProblemLoader Replaying proof ArrayList[ArrayList::$footprint()].JML accessible clause.0 
39984      DEBUG main            d.u.i.k.p.i.IntermediateProofReplayer Proof replay took 14.55ms 
39986      DEBUG main            d.u.i.k.p.r.p.TestFile    ... success: reloaded. 
39988      INFO  main            d.u.i.k.p.r.p.TestFile    Now processing file /home/runner/work/key/key/key.core/../key.ui/examples/heap/SmansEtAl/ArrayList_get_dep.key 
39988      INFO  main            d.u.i.k.p.i.AbstractProblemLoader Loading environment from /home/runner/work/key/key/key.core/../key.ui/examples/heap/SmansEtAl/ArrayList_get_dep.key 
39988      DEBUG main            d.u.i.k.p.i.AbstractProblemLoader Environment load took 389.91ns 
39990      INFO  main            d.u.i.k.p.i.AbstractProblemLoader Creating init config 
43363      DEBUG main            d.u.i.k.p.i.AbstractProblemLoader Init config took 3.37s 
43415      INFO  main            d.u.i.k.p.i.AbstractProblemLoader Replaying proof ArrayList[ArrayList::get(int)].JML accessible clause.0 
43417      DEBUG main            d.u.i.k.p.i.IntermediateProofReplayer Proof replay took 8ns 
43821      INFO  main            d.u.i.k.p.r.p.TestFile    ... finished proof: closed. 
44030      INFO  main            d.u.i.k.p.i.AbstractProblemLoader Loading environment from /home/runner/work/key/key/key.core/../key.ui/examples/heap/SmansEtAl/ArrayList_get_dep.key.proof 
44030      DEBUG main            d.u.i.k.p.i.AbstractProblemLoader Environment load took 152ns 
44031      INFO  main            d.u.i.k.p.i.AbstractProblemLoader Creating init config 
47347      DEBUG main            d.u.i.k.p.i.AbstractProblemLoader Init config took 3.32s 
47398      INFO  main            d.u.i.k.p.i.AbstractProblemLoader Replaying proof ArrayList[ArrayList::get(int)].JML accessible clause.0 
47450      DEBUG main            d.u.i.k.p.i.IntermediateProofReplayer Proof replay took 47.66ms 
47452      DEBUG main            d.u.i.k.p.r.p.TestFile    ... success: reloaded. 
47453      INFO  main            d.u.i.k.p.r.p.TestFile    Now processing file /home/runner/work/key/key/key.core/../key.ui/examples/heap/SmansEtAl/ArrayList_get.key 
47453      INFO  main            d.u.i.k.p.i.AbstractProblemLoader Loading environment from /home/runner/work/key/key/key.core/../key.ui/examples/heap/SmansEtAl/ArrayList_get.key 
47454      DEBUG main            d.u.i.k.p.i.AbstractProblemLoader Environment load took 253.91ns 
47455      INFO  main            d.u.i.k.p.i.AbstractProblemLoader Creating init config 
50771      DEBUG main            d.u.i.k.p.i.AbstractProblemLoader Init config took 3.32s 
50822      INFO  main            d.u.i.k.p.i.AbstractProblemLoader Replaying proof ArrayList[ArrayList::get(int)].JML normal_behavior operation contract.0 
50825      DEBUG main            d.u.i.k.p.i.IntermediateProofReplayer Proof replay took 6.8ns 
51028      INFO  main            d.u.i.k.p.r.p.TestFile    ... finished proof: closed. 
51232      INFO  main            d.u.i.k.p.i.AbstractProblemLoader Loading environment from /home/runner/work/key/key/key.core/../key.ui/examples/heap/SmansEtAl/ArrayList_get.key.proof 
51233      DEBUG main            d.u.i.k.p.i.AbstractProblemLoader Environment load took 507.01ns 
51234      INFO  main            d.u.i.k.p.i.AbstractProblemLoader Creating init config 
54453      DEBUG main            d.u.i.k.p.i.AbstractProblemLoader Init config took 3.22s 
54503      INFO  main            d.u.i.k.p.i.AbstractProblemLoader Replaying proof ArrayList[ArrayList::get(int)].JML normal_behavior operation contract.0 
54534      DEBUG main            d.u.i.k.p.i.IntermediateProofReplayer Proof replay took 28.56ms 
54536      DEBUG main            d.u.i.k.p.r.p.TestFile    ... success: reloaded. 
54537      INFO  main            d.u.i.k.p.r.p.TestFile    Now processing file /home/runner/work/key/key/key.core/../key.ui/examples/heap/SmansEtAl/ArrayList_inv.key 
54538      INFO  main            d.u.i.k.p.i.AbstractProblemLoader Loading environment from /home/runner/work/key/key/key.core/../key.ui/examples/heap/SmansEtAl/ArrayList_inv.key 
54538      DEBUG main            d.u.i.k.p.i.AbstractProblemLoader Environment load took 305.71ns 
54539      INFO  main            d.u.i.k.p.i.AbstractProblemLoader Creating init config 
57855      DEBUG main            d.u.i.k.p.i.AbstractProblemLoader Init config took 3.32s 
57910      INFO  main            d.u.i.k.p.i.AbstractProblemLoader Replaying proof ArrayList[java.lang.Object::<inv>()].JML accessible clause.0 
57912      DEBUG main            d.u.i.k.p.i.IntermediateProofReplayer Proof replay took 7.4ns 
58017      INFO  main            d.u.i.k.p.r.p.TestFile    ... finished proof: closed. 
58216      INFO  main            d.u.i.k.p.i.AbstractProblemLoader Loading environment from /home/runner/work/key/key/key.core/../key.ui/examples/heap/SmansEtAl/ArrayList_inv.key.proof 
58216      DEBUG main            d.u.i.k.p.i.AbstractProblemLoader Environment load took 141ns 
58217      INFO  main            d.u.i.k.p.i.AbstractProblemLoader Creating init config 
61439      DEBUG main            d.u.i.k.p.i.AbstractProblemLoader Init config took 3.22s 
61507      INFO  main            d.u.i.k.p.i.AbstractProblemLoader Replaying proof ArrayList[java.lang.Object::<inv>()].JML accessible clause.0 
61519      DEBUG main            d.u.i.k.p.i.IntermediateProofReplayer Proof replay took 10.2ms 
61521      DEBUG main            d.u.i.k.p.r.p.TestFile    ... success: reloaded. 
61522      INFO  main            d.u.i.k.p.r.p.TestFile    Now processing file /home/runner/work/key/key/key.core/../key.ui/examples/heap/SmansEtAl/ArrayList_size_dep.key 
61522      INFO  main            d.u.i.k.p.i.AbstractProblemLoader Loading environment from /home/runner/work/key/key/key.core/../key.ui/examples/heap/SmansEtAl/ArrayList_size_dep.key 
61522      DEBUG main            d.u.i.k.p.i.AbstractProblemLoader Environment load took 116.8ns 
61523      INFO  main            d.u.i.k.p.i.AbstractProblemLoader Creating init config 
64783      DEBUG main            d.u.i.k.p.i.AbstractProblemLoader Init config took 3.26s 
64831      INFO  main            d.u.i.k.p.i.AbstractProblemLoader Replaying proof ArrayList[ArrayList::size()].JML accessible clause.0 
64833      DEBUG main            d.u.i.k.p.i.IntermediateProofReplayer Proof replay took 10.1ns 
64942      INFO  main            d.u.i.k.p.r.p.TestFile    ... finished proof: closed. 
65153      INFO  main            d.u.i.k.p.i.AbstractProblemLoader Loading environment from /home/runner/work/key/key/key.core/../key.ui/examples/heap/SmansEtAl/ArrayList_size_dep.key.proof 
65154      DEBUG main            d.u.i.k.p.i.AbstractProblemLoader Environment load took 138.6ns 
65156      INFO  main            d.u.i.k.p.i.AbstractProblemLoader Creating init config 
68441      DEBUG main            d.u.i.k.p.i.AbstractProblemLoader Init config took 3.28s 
68501      INFO  main            d.u.i.k.p.i.AbstractProblemLoader Replaying proof ArrayList[ArrayList::size()].JML accessible clause.0 
68540      DEBUG main            d.u.i.k.p.i.IntermediateProofReplayer Proof replay took 31.63ms 
68541      DEBUG main            d.u.i.k.p.r.p.TestFile    ... success: reloaded. 
68543      INFO  main            d.u.i.k.p.r.p.TestFile    Now processing file /home/runner/work/key/key/key.core/../key.ui/examples/heap/SmansEtAl/ArrayList_size.key 
68543      INFO  main            d.u.i.k.p.i.AbstractProblemLoader Loading environment from /home/runner/work/key/key/key.core/../key.ui/examples/heap/SmansEtAl/ArrayList_size.key 
68543      DEBUG main            d.u.i.k.p.i.AbstractProblemLoader Environment load took 279.91ns 
68545      INFO  main            d.u.i.k.p.i.AbstractProblemLoader Creating init config 
71816      DEBUG main            d.u.i.k.p.i.AbstractProblemLoader Init config took 3.27s 
71861      INFO  main            d.u.i.k.p.i.AbstractProblemLoader Replaying proof ArrayList[ArrayList::size()].JML normal_behavior operation contract.0 
71863      DEBUG main            d.u.i.k.p.i.IntermediateProofReplayer Proof replay took 6.4ns 
71967      INFO  main            d.u.i.k.p.r.p.TestFile    ... finished proof: closed. 
72187      INFO  main            d.u.i.k.p.i.AbstractProblemLoader Loading environment from /home/runner/work/key/key/key.core/../key.ui/examples/heap/SmansEtAl/ArrayList_size.key.proof 
72187      DEBUG main            d.u.i.k.p.i.AbstractProblemLoader Environment load took 139.4ns 
72189      INFO  main            d.u.i.k.p.i.AbstractProblemLoader Creating init config 
75358      DEBUG main            d.u.i.k.p.i.AbstractProblemLoader Init config took 3.17s 
75403      INFO  main            d.u.i.k.p.i.AbstractProblemLoader Replaying proof ArrayList[ArrayList::size()].JML normal_behavior operation contract.0 
75420      DEBUG main            d.u.i.k.p.i.IntermediateProofReplayer Proof replay took 14.24ms 
75421      DEBUG main            d.u.i.k.p.r.p.TestFile    ... success: reloaded. 
75423      INFO  main            d.u.i.k.p.r.p.TestFile    Now processing file /home/runner/work/key/key/key.core/../key.ui/examples/heap/SmansEtAl/Cell_Cell.key 
75423      INFO  main            d.u.i.k.p.i.AbstractProblemLoader Loading environment from /home/runner/work/key/key/key.core/../key.ui/examples/heap/SmansEtAl/Cell_Cell.key 
75423      DEBUG main            d.u.i.k.p.i.AbstractProblemLoader Environment load took 280.31ns 
75424      INFO  main            d.u.i.k.p.i.AbstractProblemLoader Creating init config 
78652      DEBUG main            d.u.i.k.p.i.AbstractProblemLoader Init config took 3.23s 
78694      INFO  main            d.u.i.k.p.i.AbstractProblemLoader Replaying proof Cell[Cell::Cell()].JML normal_behavior operation contract.0 
78696      DEBUG main            d.u.i.k.p.i.IntermediateProofReplayer Proof replay took 7.3ns 
78901      INFO  main            d.u.i.k.p.r.p.TestFile    ... finished proof: closed. 
79151      INFO  main            d.u.i.k.p.i.AbstractProblemLoader Loading environment from /home/runner/work/key/key/key.core/../key.ui/examples/heap/SmansEtAl/Cell_Cell.key.proof 
79151      DEBUG main            d.u.i.k.p.i.AbstractProblemLoader Environment load took 150.6ns 
79153      INFO  main            d.u.i.k.p.i.AbstractProblemLoader Creating init config 
82310      DEBUG main            d.u.i.k.p.i.AbstractProblemLoader Init config took 3.16s 
82364      INFO  main            d.u.i.k.p.i.AbstractProblemLoader Replaying proof Cell[Cell::Cell()].JML normal_behavior operation contract.0 
82406      DEBUG main            d.u.i.k.p.i.IntermediateProofReplayer Proof replay took 39.15ms 
82408      DEBUG main            d.u.i.k.p.r.p.TestFile    ... success: reloaded. 
82410      INFO  main            d.u.i.k.p.r.p.TestFile    Now processing file /home/runner/work/key/key/key.core/../key.ui/examples/heap/SmansEtAl/Cell_footprint.key 
82410      INFO  main            d.u.i.k.p.i.AbstractProblemLoader Loading environment from /home/runner/work/key/key/key.core/../key.ui/examples/heap/SmansEtAl/Cell_footprint.key 
82411      DEBUG main            d.u.i.k.p.i.AbstractProblemLoader Environment load took 279.91ns 
82412      INFO  main            d.u.i.k.p.i.AbstractProblemLoader Creating init config 
85646      DEBUG main            d.u.i.k.p.i.AbstractProblemLoader Init config took 3.23s 
85712      INFO  main            d.u.i.k.p.i.AbstractProblemLoader Replaying proof Cell[Cell::$footprint()].JML accessible clause.0 
85715      DEBUG main            d.u.i.k.p.i.IntermediateProofReplayer Proof replay took 7.4ns 
85817      INFO  main            d.u.i.k.p.r.p.TestFile    ... finished proof: closed. 
86042      INFO  main            d.u.i.k.p.i.AbstractProblemLoader Loading environment from /home/runner/work/key/key/key.core/../key.ui/examples/heap/SmansEtAl/Cell_footprint.key.proof 
86042      DEBUG main            d.u.i.k.p.i.AbstractProblemLoader Environment load took 136.9ns 
86043      INFO  main            d.u.i.k.p.i.AbstractProblemLoader Creating init config 
89251      DEBUG main            d.u.i.k.p.i.AbstractProblemLoader Init config took 3.21s 
89312      INFO  main            d.u.i.k.p.i.AbstractProblemLoader Replaying proof Cell[Cell::$footprint()].JML accessible clause.0 
89318      DEBUG main            d.u.i.k.p.i.IntermediateProofReplayer Proof replay took 3.94ms 
89320      DEBUG main            d.u.i.k.p.r.p.TestFile    ... success: reloaded. 
89321      INFO  main            d.u.i.k.p.r.p.TestFile    Now processing file /home/runner/work/key/key/key.core/../key.ui/examples/heap/SmansEtAl/Cell_getX_dep.key 
89321      INFO  main            d.u.i.k.p.i.AbstractProblemLoader Loading environment from /home/runner/work/key/key/key.core/../key.ui/examples/heap/SmansEtAl/Cell_getX_dep.key 
89322      DEBUG main            d.u.i.k.p.i.AbstractProblemLoader Environment load took 256.81ns 
89323      INFO  main            d.u.i.k.p.i.AbstractProblemLoader Creating init config 
92562      DEBUG main            d.u.i.k.p.i.AbstractProblemLoader Init config took 3.24s 
92602      INFO  main            d.u.i.k.p.i.AbstractProblemLoader Replaying proof Cell[Cell::getX()].JML accessible clause.0 
92603      DEBUG main            d.u.i.k.p.i.IntermediateProofReplayer Proof replay took 7.5ns 
92706      INFO  main            d.u.i.k.p.r.p.TestFile    ... finished proof: closed. 
92944      INFO  main            d.u.i.k.p.i.AbstractProblemLoader Loading environment from /home/runner/work/key/key/key.core/../key.ui/examples/heap/SmansEtAl/Cell_getX_dep.key.proof 
92944      DEBUG main            d.u.i.k.p.i.AbstractProblemLoader Environment load took 144.6ns 
92945      INFO  main            d.u.i.k.p.i.AbstractProblemLoader Creating init config 
96105      DEBUG main            d.u.i.k.p.i.AbstractProblemLoader Init config took 3.16s 
96151      INFO  main            d.u.i.k.p.i.AbstractProblemLoader Replaying proof Cell[Cell::getX()].JML accessible clause.0 
96167      DEBUG main            d.u.i.k.p.i.IntermediateProofReplayer Proof replay took 13.97ms 
96168      DEBUG main            d.u.i.k.p.r.p.TestFile    ... success: reloaded. 
96169      INFO  main            d.u.i.k.p.r.p.TestFile    Now processing file /home/runner/work/key/key/key.core/../key.ui/examples/heap/SmansEtAl/Cell_getX.key 
96170      INFO  main            d.u.i.k.p.i.AbstractProblemLoader Loading environment from /home/runner/work/key/key/key.core/../key.ui/examples/heap/SmansEtAl/Cell_getX.key 
96170      DEBUG main            d.u.i.k.p.i.AbstractProblemLoader Environment load took 120.8ns 
96171      INFO  main            d.u.i.k.p.i.AbstractProblemLoader Creating init config 
99408      DEBUG main            d.u.i.k.p.i.AbstractProblemLoader Init config took 3.24s 
99448      INFO  main            d.u.i.k.p.i.AbstractProblemLoader Replaying proof Cell[Cell::getX()].JML normal_behavior operation contract.0 
99450      DEBUG main            d.u.i.k.p.i.IntermediateProofReplayer Proof replay took 6.5ns 
99553      INFO  main            d.u.i.k.p.r.p.TestFile    ... finished proof: closed. 
99825      INFO  main            d.u.i.k.p.i.AbstractProblemLoader Loading environment from /home/runner/work/key/key/key.core/../key.ui/examples/heap/SmansEtAl/Cell_getX.key.proof 
99825      DEBUG main            d.u.i.k.p.i.AbstractProblemLoader Environment load took 144.5ns 
99826      INFO  main            d.u.i.k.p.i.AbstractProblemLoader Creating init config 
103057     DEBUG main            d.u.i.k.p.i.AbstractProblemLoader Init config took 3.23s 
103097     INFO  main            d.u.i.k.p.i.AbstractProblemLoader Replaying proof Cell[Cell::getX()].JML normal_behavior operation contract.0 
103121     DEBUG main            d.u.i.k.p.i.IntermediateProofReplayer Proof replay took 21.31ms 
103122     DEBUG main            d.u.i.k.p.r.p.TestFile    ... success: reloaded. 
103123     INFO  main            d.u.i.k.p.r.p.TestFile    Now processing file /home/runner/work/key/key/key.core/../key.ui/examples/heap/SmansEtAl/Cell_inv.key 
103129     INFO  main            d.u.i.k.p.i.AbstractProblemLoader Loading environment from /home/runner/work/key/key/key.core/../key.ui/examples/heap/SmansEtAl/Cell_inv.key 
103129     DEBUG main            d.u.i.k.p.i.AbstractProblemLoader Environment load took 279.01ns 
103130     INFO  main            d.u.i.k.p.i.AbstractProblemLoader Creating init config 
106278     DEBUG main            d.u.i.k.p.i.AbstractProblemLoader Init config took 3.15s 
106318     INFO  main            d.u.i.k.p.i.AbstractProblemLoader Replaying proof Cell[java.lang.Object::<inv>()].JML accessible clause.0 
106320     DEBUG main            d.u.i.k.p.i.IntermediateProofReplayer Proof replay took 7.2ns 
106424     INFO  main            d.u.i.k.p.r.p.TestFile    ... finished proof: closed. 
106669     INFO  main            d.u.i.k.p.i.AbstractProblemLoader Loading environment from /home/runner/work/key/key/key.core/../key.ui/examples/heap/SmansEtAl/Cell_inv.key.proof 
106669     DEBUG main            d.u.i.k.p.i.AbstractProblemLoader Environment load took 142.5ns 
106670     INFO  main            d.u.i.k.p.i.AbstractProblemLoader Creating init config 
109806     DEBUG main            d.u.i.k.p.i.AbstractProblemLoader Init config took 3.14s 
109846     INFO  main            d.u.i.k.p.i.AbstractProblemLoader Replaying proof Cell[java.lang.Object::<inv>()].JML accessible clause.0 
109849     DEBUG main            d.u.i.k.p.i.IntermediateProofReplayer Proof replay took 1.76ms 
109850     DEBUG main            d.u.i.k.p.r.p.TestFile    ... success: reloaded. 
109851     INFO  main            d.u.i.k.p.r.p.TestFile    Now processing file /home/runner/work/key/key/key.core/../key.ui/examples/heap/SmansEtAl/Cell_setX.key 
109851     INFO  main            d.u.i.k.p.i.AbstractProblemLoader Loading environment from /home/runner/work/key/key/key.core/../key.ui/examples/heap/SmansEtAl/Cell_setX.key 
109851     DEBUG main            d.u.i.k.p.i.AbstractProblemLoader Environment load took 70.1ns 
109852     INFO  main            d.u.i.k.p.i.AbstractProblemLoader Creating init config 
113065     DEBUG main            d.u.i.k.p.i.AbstractProblemLoader Init config took 3.21s 
113104     INFO  main            d.u.i.k.p.i.AbstractProblemLoader Replaying proof Cell[Cell::setX(int)].JML normal_behavior operation contract.0 
113106     DEBUG main            d.u.i.k.p.i.IntermediateProofReplayer Proof replay took 6.6ns 
113209     INFO  main            d.u.i.k.p.r.p.TestFile    ... finished proof: closed. 
113533     INFO  main            d.u.i.k.p.i.AbstractProblemLoader Loading environment from /home/runner/work/key/key/key.core/../key.ui/examples/heap/SmansEtAl/Cell_setX.key.proof 
113533     DEBUG main            d.u.i.k.p.i.AbstractProblemLoader Environment load took 141.3ns 
113534     INFO  main            d.u.i.k.p.i.AbstractProblemLoader Creating init config 
116679     DEBUG main            d.u.i.k.p.i.AbstractProblemLoader Init config took 3.14s 
116735     INFO  main            d.u.i.k.p.i.AbstractProblemLoader Replaying proof Cell[Cell::setX(int)].JML normal_behavior operation contract.0 
116759     DEBUG main            d.u.i.k.p.i.IntermediateProofReplayer Proof replay took 21.08ms 
116760     DEBUG main            d.u.i.k.p.r.p.TestFile    ... success: reloaded. 
116761     INFO  main            d.u.i.k.p.r.p.TestFile    Now processing file /home/runner/work/key/key/key.core/../key.ui/examples/heap/SmansEtAl/CellClient_m.key 
116761     INFO  main            d.u.i.k.p.i.AbstractProblemLoader Loading environment from /home/runner/work/key/key/key.core/../key.ui/examples/heap/SmansEtAl/CellClient_m.key 
116761     DEBUG main            d.u.i.k.p.i.AbstractProblemLoader Environment load took 115.1ns 
116762     INFO  main            d.u.i.k.p.i.AbstractProblemLoader Creating init config 
119937     DEBUG main            d.u.i.k.p.i.AbstractProblemLoader Init config took 3.18s 
120002     INFO  main            d.u.i.k.p.i.AbstractProblemLoader Replaying proof CellClient[CellClient::m()].JML operation contract.0 
120004     DEBUG main            d.u.i.k.p.i.IntermediateProofReplayer Proof replay took 7ns 
120611     INFO  main            d.u.i.k.p.r.p.TestFile    ... finished proof: closed. 
120908     INFO  main            d.u.i.k.p.i.AbstractProblemLoader Loading environment from /home/runner/work/key/key/key.core/../key.ui/examples/heap/SmansEtAl/CellClient_m.key.proof 
120909     DEBUG main            d.u.i.k.p.i.AbstractProblemLoader Environment load took 489.51ns 
120910     INFO  main            d.u.i.k.p.i.AbstractProblemLoader Creating init config 
124089     DEBUG main            d.u.i.k.p.i.AbstractProblemLoader Init config took 3.18s 
124133     INFO  main            d.u.i.k.p.i.AbstractProblemLoader Replaying proof CellClient[CellClient::m()].JML operation contract.0 
124237     DEBUG main            d.u.i.k.p.i.IntermediateProofReplayer Proof replay took 100.19ms 
124238     DEBUG main            d.u.i.k.p.r.p.TestFile    ... success: reloaded. 
124239     INFO  main            d.u.i.k.p.r.p.TestFile    Now processing file /home/runner/work/key/key/key.core/../key.ui/examples/heap/SmansEtAl/Iterator_footprint.key 
124239     INFO  main            d.u.i.k.p.i.AbstractProblemLoader Loading environment from /home/runner/work/key/key/key.core/../key.ui/examples/heap/SmansEtAl/Iterator_footprint.key 
124240     DEBUG main            d.u.i.k.p.i.AbstractProblemLoader Environment load took 140.8ns 
124241     INFO  main            d.u.i.k.p.i.AbstractProblemLoader Creating init config 
127411     DEBUG main            d.u.i.k.p.i.AbstractProblemLoader Init config took 3.17s 
127455     INFO  main            d.u.i.k.p.i.AbstractProblemLoader Replaying proof Iterator[Iterator::$footprint()].JML accessible clause.0 
127457     DEBUG main            d.u.i.k.p.i.IntermediateProofReplayer Proof replay took 8ns 
127562     INFO  main            d.u.i.k.p.r.p.TestFile    ... finished proof: closed. 
127843     INFO  main            d.u.i.k.p.i.AbstractProblemLoader Loading environment from /home/runner/work/key/key/key.core/../key.ui/examples/heap/SmansEtAl/Iterator_footprint.key.proof 
127843     DEBUG main            d.u.i.k.p.i.AbstractProblemLoader Environment load took 138.4ns 
127845     INFO  main            d.u.i.k.p.i.AbstractProblemLoader Creating init config 
130920     DEBUG main            d.u.i.k.p.i.AbstractProblemLoader Init config took 3.08s 
130967     INFO  main            d.u.i.k.p.i.AbstractProblemLoader Replaying proof Iterator[Iterator::$footprint()].JML accessible clause.0 
130979     DEBUG main            d.u.i.k.p.i.IntermediateProofReplayer Proof replay took 6.77ms 
130980     DEBUG main            d.u.i.k.p.r.p.TestFile    ... success: reloaded. 
130983     INFO  main            d.u.i.k.p.r.p.TestFile    Now processing file /home/runner/work/key/key/key.core/../key.ui/examples/heap/SmansEtAl/Iterator_hasNext_dep.key 
130983     INFO  main            d.u.i.k.p.i.AbstractProblemLoader Loading environment from /home/runner/work/key/key/key.core/../key.ui/examples/heap/SmansEtAl/Iterator_hasNext_dep.key 
130984     DEBUG main            d.u.i.k.p.i.AbstractProblemLoader Environment load took 322.51ns 
130985     INFO  main            d.u.i.k.p.i.AbstractProblemLoader Creating init config 
134173     DEBUG main            d.u.i.k.p.i.AbstractProblemLoader Init config took 3.19s 
134214     INFO  main            d.u.i.k.p.i.AbstractProblemLoader Replaying proof Iterator[Iterator::hasNext()].JML accessible clause.0 
134221     DEBUG main            d.u.i.k.p.i.IntermediateProofReplayer Proof replay took 8ns 
134932     INFO  main            d.u.i.k.p.r.p.TestFile    ... finished proof: closed. 
135261     INFO  main            d.u.i.k.p.i.AbstractProblemLoader Loading environment from /home/runner/work/key/key/key.core/../key.ui/examples/heap/SmansEtAl/Iterator_hasNext_dep.key.proof 
135261     DEBUG main            d.u.i.k.p.i.AbstractProblemLoader Environment load took 574.22ns 
135263     INFO  main            d.u.i.k.p.i.AbstractProblemLoader Creating init config 
138401     DEBUG main            d.u.i.k.p.i.AbstractProblemLoader Init config took 3.14s 
138445     INFO  main            d.u.i.k.p.i.AbstractProblemLoader Replaying proof Iterator[Iterator::hasNext()].JML accessible clause.0 
138528     DEBUG main            d.u.i.k.p.i.IntermediateProofReplayer Proof replay took 77.21ms 
138529     DEBUG main            d.u.i.k.p.r.p.TestFile    ... success: reloaded. 
138530     INFO  main            d.u.i.k.p.r.p.TestFile    Now processing file /home/runner/work/key/key/key.core/../key.ui/examples/heap/SmansEtAl/Iterator_hasNext.key 
138530     INFO  main            d.u.i.k.p.i.AbstractProblemLoader Loading environment from /home/runner/work/key/key/key.core/../key.ui/examples/heap/SmansEtAl/Iterator_hasNext.key 
138531     DEBUG main            d.u.i.k.p.i.AbstractProblemLoader Environment load took 93.6ns 
138532     INFO  main            d.u.i.k.p.i.AbstractProblemLoader Creating init config 
141674     DEBUG main            d.u.i.k.p.i.AbstractProblemLoader Init config took 3.14s 
141722     INFO  main            d.u.i.k.p.i.AbstractProblemLoader Replaying proof Iterator[Iterator::hasNext()].JML normal_behavior operation contract.0 
141724     DEBUG main            d.u.i.k.p.i.IntermediateProofReplayer Proof replay took 6.5ns 
142428     INFO  main            d.u.i.k.p.r.p.TestFile    ... finished proof: closed. 
142715     INFO  main            d.u.i.k.p.i.AbstractProblemLoader Loading environment from /home/runner/work/key/key/key.core/../key.ui/examples/heap/SmansEtAl/Iterator_hasNext.key.proof 
142720     DEBUG main            d.u.i.k.p.i.AbstractProblemLoader Environment load took 4.99ms 
142721     INFO  main            d.u.i.k.p.i.AbstractProblemLoader Creating init config 
145858     DEBUG main            d.u.i.k.p.i.AbstractProblemLoader Init config took 3.14s 
145900     INFO  main            d.u.i.k.p.i.AbstractProblemLoader Replaying proof Iterator[Iterator::hasNext()].JML normal_behavior operation contract.0 
145978     DEBUG main            d.u.i.k.p.i.IntermediateProofReplayer Proof replay took 72.66ms 
145979     DEBUG main            d.u.i.k.p.r.p.TestFile    ... success: reloaded. 
145980     INFO  main            d.u.i.k.p.r.p.TestFile    Now processing file /home/runner/work/key/key/key.core/../key.ui/examples/heap/SmansEtAl/Iterator_inv.key 
145981     INFO  main            d.u.i.k.p.i.AbstractProblemLoader Loading environment from /home/runner/work/key/key/key.core/../key.ui/examples/heap/SmansEtAl/Iterator_inv.key 
145981     DEBUG main            d.u.i.k.p.i.AbstractProblemLoader Environment load took 136.2ns 
145982     INFO  main            d.u.i.k.p.i.AbstractProblemLoader Creating init config 
149194     DEBUG main            d.u.i.k.p.i.AbstractProblemLoader Init config took 3.21s 
149238     INFO  main            d.u.i.k.p.i.AbstractProblemLoader Replaying proof Iterator[java.lang.Object::<inv>()].JML accessible clause.0 
149240     DEBUG main            d.u.i.k.p.i.IntermediateProofReplayer Proof replay took 7.2ns 
149445     INFO  main            d.u.i.k.p.r.p.TestFile    ... finished proof: closed. 
149731     INFO  main            d.u.i.k.p.i.AbstractProblemLoader Loading environment from /home/runner/work/key/key/key.core/../key.ui/examples/heap/SmansEtAl/Iterator_inv.key.proof 
149731     DEBUG main            d.u.i.k.p.i.AbstractProblemLoader Environment load took 122.4ns 
149733     INFO  main            d.u.i.k.p.i.AbstractProblemLoader Creating init config 
152856     DEBUG main            d.u.i.k.p.i.AbstractProblemLoader Init config took 3.12s 
152897     INFO  main            d.u.i.k.p.i.AbstractProblemLoader Replaying proof Iterator[java.lang.Object::<inv>()].JML accessible clause.0 
152919     DEBUG main            d.u.i.k.p.i.IntermediateProofReplayer Proof replay took 19.34ms 
152920     DEBUG main            d.u.i.k.p.r.p.TestFile    ... success: reloaded. 
152921     INFO  main            d.u.i.k.p.r.p.TestFile    Now processing file /home/runner/work/key/key/key.core/../key.ui/examples/heap/SmansEtAl/Iterator_Iterator.key 
152921     INFO  main            d.u.i.k.p.i.AbstractProblemLoader Loading environment from /home/runner/work/key/key/key.core/../key.ui/examples/heap/SmansEtAl/Iterator_Iterator.key 
152922     DEBUG main            d.u.i.k.p.i.AbstractProblemLoader Environment load took 105.5ns 
152922     INFO  main            d.u.i.k.p.i.AbstractProblemLoader Creating init config 
156107     DEBUG main            d.u.i.k.p.i.AbstractProblemLoader Init config took 3.18s 
156150     INFO  main            d.u.i.k.p.i.AbstractProblemLoader Replaying proof Iterator[Iterator::Iterator(ArrayList)].JML normal_behavior operation contract.0 
156152     DEBUG main            d.u.i.k.p.i.IntermediateProofReplayer Proof replay took 6.8ns 
157760     INFO  main            d.u.i.k.p.r.p.TestFile    ... finished proof: closed. 
158067     INFO  main            d.u.i.k.p.i.AbstractProblemLoader Loading environment from /home/runner/work/key/key/key.core/../key.ui/examples/heap/SmansEtAl/Iterator_Iterator.key.proof 
158067     DEBUG main            d.u.i.k.p.i.AbstractProblemLoader Environment load took 484.71ns 
158069     INFO  main            d.u.i.k.p.i.AbstractProblemLoader Creating init config 
161156     DEBUG main            d.u.i.k.p.i.AbstractProblemLoader Init config took 3.09s 
161198     INFO  main            d.u.i.k.p.i.AbstractProblemLoader Replaying proof Iterator[Iterator::Iterator(ArrayList)].JML normal_behavior operation contract.0 
161369     DEBUG main            d.u.i.k.p.i.IntermediateProofReplayer Proof replay took 158.85ms 
161371     DEBUG main            d.u.i.k.p.r.p.TestFile    ... success: reloaded. 
161372     INFO  main            d.u.i.k.p.r.p.TestFile    Now processing file /home/runner/work/key/key/key.core/../key.ui/examples/heap/SmansEtAl/Iterator_list_dep.key 
161373     INFO  main            d.u.i.k.p.i.AbstractProblemLoader Loading environment from /home/runner/work/key/key/key.core/../key.ui/examples/heap/SmansEtAl/Iterator_list_dep.key 
161373     DEBUG main            d.u.i.k.p.i.AbstractProblemLoader Environment load took 254.91ns 
161374     INFO  main            d.u.i.k.p.i.AbstractProblemLoader Creating init config 
164597     DEBUG main            d.u.i.k.p.i.AbstractProblemLoader Init config took 3.22s 
164640     INFO  main            d.u.i.k.p.i.AbstractProblemLoader Replaying proof Iterator[Iterator::list()].JML accessible clause.0 
164642     DEBUG main            d.u.i.k.p.i.IntermediateProofReplayer Proof replay took 6.4ns 
164745     INFO  main            d.u.i.k.p.r.p.TestFile    ... finished proof: closed. 
165049     INFO  main            d.u.i.k.p.i.AbstractProblemLoader Loading environment from /home/runner/work/key/key/key.core/../key.ui/examples/heap/SmansEtAl/Iterator_list_dep.key.proof 
165049     DEBUG main            d.u.i.k.p.i.AbstractProblemLoader Environment load took 133ns 
165050     INFO  main            d.u.i.k.p.i.AbstractProblemLoader Creating init config 
168183     DEBUG main            d.u.i.k.p.i.AbstractProblemLoader Init config took 3.13s 
168225     INFO  main            d.u.i.k.p.i.AbstractProblemLoader Replaying proof Iterator[Iterator::list()].JML accessible clause.0 
168243     DEBUG main            d.u.i.k.p.i.IntermediateProofReplayer Proof replay took 16.15ms 
168244     DEBUG main            d.u.i.k.p.r.p.TestFile    ... success: reloaded. 
168245     INFO  main            d.u.i.k.p.r.p.TestFile    Now processing file /home/runner/work/key/key/key.core/../key.ui/examples/heap/SmansEtAl/Iterator_list.key 
168246     INFO  main            d.u.i.k.p.i.AbstractProblemLoader Loading environment from /home/runner/work/key/key/key.core/../key.ui/examples/heap/SmansEtAl/Iterator_list.key 
168246     DEBUG main            d.u.i.k.p.i.AbstractProblemLoader Environment load took 88.2ns 
168247     INFO  main            d.u.i.k.p.i.AbstractProblemLoader Creating init config 
171451     DEBUG main            d.u.i.k.p.i.AbstractProblemLoader Init config took 3.2s 
171504     INFO  main            d.u.i.k.p.i.AbstractProblemLoader Replaying proof Iterator[Iterator::list()].JML normal_behavior operation contract.0 
171505     DEBUG main            d.u.i.k.p.i.IntermediateProofReplayer Proof replay took 7.6ns 
171608     INFO  main            d.u.i.k.p.r.p.TestFile    ... finished proof: closed. 
171916     INFO  main            d.u.i.k.p.i.AbstractProblemLoader Loading environment from /home/runner/work/key/key/key.core/../key.ui/examples/heap/SmansEtAl/Iterator_list.key.proof 
171916     DEBUG main            d.u.i.k.p.i.AbstractProblemLoader Environment load took 138.7ns 
171917     INFO  main            d.u.i.k.p.i.AbstractProblemLoader Creating init config 
175025     DEBUG main            d.u.i.k.p.i.AbstractProblemLoader Init config took 3.11s 
175075     INFO  main            d.u.i.k.p.i.AbstractProblemLoader Replaying proof Iterator[Iterator::list()].JML normal_behavior operation contract.0 
175110     DEBUG main            d.u.i.k.p.i.IntermediateProofReplayer Proof replay took 33.74ms 
175112     DEBUG main            d.u.i.k.p.r.p.TestFile    ... success: reloaded. 
175113     INFO  main            d.u.i.k.p.r.p.TestFile    Now processing file /home/runner/work/key/key/key.core/../key.ui/examples/heap/SmansEtAl/Iterator_next.key 
175114     INFO  main            d.u.i.k.p.i.AbstractProblemLoader Loading environment from /home/runner/work/key/key/key.core/../key.ui/examples/heap/SmansEtAl/Iterator_next.key 
175114     DEBUG main            d.u.i.k.p.i.AbstractProblemLoader Environment load took 260.81ns 
175115     INFO  main            d.u.i.k.p.i.AbstractProblemLoader Creating init config 
178405     DEBUG main            d.u.i.k.p.i.AbstractProblemLoader Init config took 3.29s 
178452     INFO  main            d.u.i.k.p.i.AbstractProblemLoader Replaying proof Iterator[Iterator::next()].JML normal_behavior operation contract.0 
178456     DEBUG main            d.u.i.k.p.i.IntermediateProofReplayer Proof replay took 8.6ns 
181691     INFO  main            d.u.i.k.p.r.p.TestFile    ... finished proof: closed. 
182072     INFO  main            d.u.i.k.p.i.AbstractProblemLoader Loading environment from /home/runner/work/key/key/key.core/../key.ui/examples/heap/SmansEtAl/Iterator_next.key.proof 
182073     DEBUG main            d.u.i.k.p.i.AbstractProblemLoader Environment load took 495.51ns 
182075     INFO  main            d.u.i.k.p.i.AbstractProblemLoader Creating init config 
185194     DEBUG main            d.u.i.k.p.i.AbstractProblemLoader Init config took 3.12s 
185236     INFO  main            d.u.i.k.p.i.AbstractProblemLoader Replaying proof Iterator[Iterator::next()].JML normal_behavior operation contract.0 
185502     DEBUG main            d.u.i.k.p.i.IntermediateProofReplayer Proof replay took 248.68ms 
185505     DEBUG main            d.u.i.k.p.r.p.TestFile    ... success: reloaded. 
185506     INFO  main            d.u.i.k.p.r.p.TestFile    Now processing file /home/runner/work/key/key/key.core/../key.ui/examples/heap/SmansEtAl/Stack_footprint.key 
185507     INFO  main            d.u.i.k.p.i.AbstractProblemLoader Loading environment from /home/runner/work/key/key/key.core/../key.ui/examples/heap/SmansEtAl/Stack_footprint.key 
185507     DEBUG main            d.u.i.k.p.i.AbstractProblemLoader Environment load took 239.51ns 
185508     INFO  main            d.u.i.k.p.i.AbstractProblemLoader Creating init config 
188670     DEBUG main            d.u.i.k.p.i.AbstractProblemLoader Init config took 3.16s 
188740     INFO  main            d.u.i.k.p.i.AbstractProblemLoader Replaying proof Stack[Stack::$footprint()].JML accessible clause.0 
188742     DEBUG main            d.u.i.k.p.i.IntermediateProofReplayer Proof replay took 7.8ns 
188945     INFO  main            d.u.i.k.p.r.p.TestFile    ... finished proof: closed. 
189297     INFO  main            d.u.i.k.p.i.AbstractProblemLoader Loading environment from /home/runner/work/key/key/key.core/../key.ui/examples/heap/SmansEtAl/Stack_footprint.key.proof 
189297     DEBUG main            d.u.i.k.p.i.AbstractProblemLoader Environment load took 120.3ns 
189298     INFO  main            d.u.i.k.p.i.AbstractProblemLoader Creating init config 
192469     DEBUG main            d.u.i.k.p.i.AbstractProblemLoader Init config took 3.17s 
192508     INFO  main            d.u.i.k.p.i.AbstractProblemLoader Replaying proof Stack[Stack::$footprint()].JML accessible clause.0 
192534     DEBUG main            d.u.i.k.p.i.IntermediateProofReplayer Proof replay took 22.91ms 
192535     DEBUG main            d.u.i.k.p.r.p.TestFile    ... success: reloaded. 
192537     INFO  main            d.u.i.k.p.r.p.TestFile    Now processing file /home/runner/work/key/key/key.core/../key.ui/examples/heap/SmansEtAl/Stack_inv.key 
192537     INFO  main            d.u.i.k.p.i.AbstractProblemLoader Loading environment from /home/runner/work/key/key/key.core/../key.ui/examples/heap/SmansEtAl/Stack_inv.key 
192537     DEBUG main            d.u.i.k.p.i.AbstractProblemLoader Environment load took 232.81ns 
192538     INFO  main            d.u.i.k.p.i.AbstractProblemLoader Creating init config 
195673     DEBUG main            d.u.i.k.p.i.AbstractProblemLoader Init config took 3.13s 
195712     INFO  main            d.u.i.k.p.i.AbstractProblemLoader Replaying proof Stack[java.lang.Object::<inv>()].JML accessible clause.0 
195714     DEBUG main            d.u.i.k.p.i.IntermediateProofReplayer Proof replay took 7.8ns 
195816     INFO  main            d.u.i.k.p.r.p.TestFile    ... finished proof: closed. 
196157     INFO  main            d.u.i.k.p.i.AbstractProblemLoader Loading environment from /home/runner/work/key/key/key.core/../key.ui/examples/heap/SmansEtAl/Stack_inv.key.proof 
196157     DEBUG main            d.u.i.k.p.i.AbstractProblemLoader Environment load took 120.5ns 
196158     INFO  main            d.u.i.k.p.i.AbstractProblemLoader Creating init config 
199295     DEBUG main            d.u.i.k.p.i.AbstractProblemLoader Init config took 3.14s 
199334     INFO  main            d.u.i.k.p.i.AbstractProblemLoader Replaying proof Stack[java.lang.Object::<inv>()].JML accessible clause.0 
199345     DEBUG main            d.u.i.k.p.i.IntermediateProofReplayer Proof replay took 9.01ms 
199346     DEBUG main            d.u.i.k.p.r.p.TestFile    ... success: reloaded. 
199347     INFO  main            d.u.i.k.p.r.p.TestFile    Now processing file /home/runner/work/key/key/key.core/../key.ui/examples/heap/SmansEtAl/Stack_push.key 
199348     INFO  main            d.u.i.k.p.i.AbstractProblemLoader Loading environment from /home/runner/work/key/key/key.core/../key.ui/examples/heap/SmansEtAl/Stack_push.key 
199348     DEBUG main            d.u.i.k.p.i.AbstractProblemLoader Environment load took 229.11ns 
199349     INFO  main            d.u.i.k.p.i.AbstractProblemLoader Creating init config 
202494     DEBUG main            d.u.i.k.p.i.AbstractProblemLoader Init config took 3.15s 
202537     INFO  main            d.u.i.k.p.i.AbstractProblemLoader Replaying proof Stack[Stack::push(java.lang.Object)].JML normal_behavior operation contract.0 
202539     DEBUG main            d.u.i.k.p.i.IntermediateProofReplayer Proof replay took 7.3ns 
203373     INFO  main            d.u.i.k.p.r.p.TestFile    ... finished proof: closed. 
203733     INFO  main            d.u.i.k.p.i.AbstractProblemLoader Loading environment from /home/runner/work/key/key/key.core/../key.ui/examples/heap/SmansEtAl/Stack_push.key.proof 
203733     DEBUG main            d.u.i.k.p.i.AbstractProblemLoader Environment load took 463.91ns 
203735     INFO  main            d.u.i.k.p.i.AbstractProblemLoader Creating init config 
206797     DEBUG main            d.u.i.k.p.i.AbstractProblemLoader Init config took 3.06s 
206838     INFO  main            d.u.i.k.p.i.AbstractProblemLoader Replaying proof Stack[Stack::push(java.lang.Object)].JML normal_behavior operation contract.0 
206943     DEBUG main            d.u.i.k.p.i.IntermediateProofReplayer Proof replay took 100.53ms 
206944     DEBUG main            d.u.i.k.p.r.p.TestFile    ... success: reloaded. 
206945     INFO  main            d.u.i.k.p.r.p.TestFile    Now processing file /home/runner/work/key/key/key.core/../key.ui/examples/heap/SmansEtAl/Stack_size.key 
206946     INFO  main            d.u.i.k.p.i.AbstractProblemLoader Loading environment from /home/runner/work/key/key/key.core/../key.ui/examples/heap/SmansEtAl/Stack_size.key 
206946     DEBUG main            d.u.i.k.p.i.AbstractProblemLoader Environment load took 111.7ns 
206947     INFO  main            d.u.i.k.p.i.AbstractProblemLoader Creating init config 
210134     DEBUG main            d.u.i.k.p.i.AbstractProblemLoader Init config took 3.19s 
210197     INFO  main            d.u.i.k.p.i.AbstractProblemLoader Replaying proof Stack[Stack::size()].JML accessible clause.0 
210199     DEBUG main            d.u.i.k.p.i.IntermediateProofReplayer Proof replay took 7.9ns 
210505     INFO  main            d.u.i.k.p.r.p.TestFile    ... finished proof: closed. 
210869     INFO  main            d.u.i.k.p.i.AbstractProblemLoader Loading environment from /home/runner/work/key/key/key.core/../key.ui/examples/heap/SmansEtAl/Stack_size.key.proof 
210869     DEBUG main            d.u.i.k.p.i.AbstractProblemLoader Environment load took 115.4ns 
210870     INFO  main            d.u.i.k.p.i.AbstractProblemLoader Creating init config 
213984     DEBUG main            d.u.i.k.p.i.AbstractProblemLoader Init config took 3.11s 
214027     INFO  main            d.u.i.k.p.i.AbstractProblemLoader Replaying proof Stack[Stack::size()].JML accessible clause.0 
214076     DEBUG main            d.u.i.k.p.i.IntermediateProofReplayer Proof replay took 44.69ms 
214077     DEBUG main            d.u.i.k.p.r.p.TestFile    ... success: reloaded. 
214078     INFO  main            d.u.i.k.p.r.p.TestFile    Now processing file /home/runner/work/key/key/key.core/../key.ui/examples/heap/SmansEtAl/Stack_Stack.key 
214078     INFO  main            d.u.i.k.p.i.AbstractProblemLoader Loading environment from /home/runner/work/key/key/key.core/../key.ui/examples/heap/SmansEtAl/Stack_Stack.key 
214078     DEBUG main            d.u.i.k.p.i.AbstractProblemLoader Environment load took 99.9ns 
214079     INFO  main            d.u.i.k.p.i.AbstractProblemLoader Creating init config 
217252     DEBUG main            d.u.i.k.p.i.AbstractProblemLoader Init config took 3.17s 
217294     INFO  main            d.u.i.k.p.i.AbstractProblemLoader Replaying proof Stack[Stack::Stack()].JML normal_behavior operation contract.0 
217296     DEBUG main            d.u.i.k.p.i.IntermediateProofReplayer Proof replay took 7.4ns 
218510     INFO  main            d.u.i.k.p.r.p.TestFile    ... finished proof: closed. 
218879     INFO  main            d.u.i.k.p.i.AbstractProblemLoader Loading environment from /home/runner/work/key/key/key.core/../key.ui/examples/heap/SmansEtAl/Stack_Stack.key.proof 
218879     DEBUG main            d.u.i.k.p.i.AbstractProblemLoader Environment load took 474.21ns 
218881     INFO  main            d.u.i.k.p.i.AbstractProblemLoader Creating init config 
222013     DEBUG main            d.u.i.k.p.i.AbstractProblemLoader Init config took 3.13s 
222064     INFO  main            d.u.i.k.p.i.AbstractProblemLoader Replaying proof Stack[Stack::Stack()].JML normal_behavior operation contract.0 
222264     DEBUG main            d.u.i.k.p.i.IntermediateProofReplayer Proof replay took 188.98ms 
222265     DEBUG main            d.u.i.k.p.r.p.TestFile    ... success: reloaded. 
222266     INFO  main            d.u.i.k.p.r.p.TestFile    Now processing file /home/runner/work/key/key/key.core/../key.ui/examples/heap/SmansEtAl/Stack_switchContents.key 
222266     INFO  main            d.u.i.k.p.i.AbstractProblemLoader Loading environment from /home/runner/work/key/key/key.core/../key.ui/examples/heap/SmansEtAl/Stack_switchContents.key 
222266     DEBUG main            d.u.i.k.p.i.AbstractProblemLoader Environment load took 81.4ns 
222267     INFO  main            d.u.i.k.p.i.AbstractProblemLoader Creating init config 
225408     DEBUG main            d.u.i.k.p.i.AbstractProblemLoader Init config took 3.14s 
225454     INFO  main            d.u.i.k.p.i.AbstractProblemLoader Replaying proof Stack[Stack::switchContents(Stack)].JML normal_behavior operation contract.0 
225456     DEBUG main            d.u.i.k.p.i.IntermediateProofReplayer Proof replay took 7.5ns 
230831     INFO  main            d.u.i.k.p.r.p.TestFile    ... finished proof: closed. 
231221     INFO  main            d.u.i.k.p.i.AbstractProblemLoader Loading environment from /home/runner/work/key/key/key.core/../key.ui/examples/heap/SmansEtAl/Stack_switchContents.key.proof 
231221     DEBUG main            d.u.i.k.p.i.AbstractProblemLoader Environment load took 483.21ns 
231227     INFO  main            d.u.i.k.p.i.AbstractProblemLoader Creating init config 
234308     DEBUG main            d.u.i.k.p.i.AbstractProblemLoader Init config took 3.08s 
234363     INFO  main            d.u.i.k.p.i.AbstractProblemLoader Replaying proof Stack[Stack::switchContents(Stack)].JML normal_behavior operation contract.0 
234684     DEBUG main            d.u.i.k.p.i.IntermediateProofReplayer Proof replay took 305.14ms 
234687     DEBUG main            d.u.i.k.p.r.p.TestFile    ... success: reloaded. 
2409008    INFO  Test worker     d.u.i.k.p.r.RunAllProofsTestUnit Returning from test SmansEtAl 
2409009    INFO  Test worker     d.u.i.k.p.r.RunAllProofsTestUnit Running test VACID0 
496        INFO  Timeout watchdog d.u.i.k.p.r.p.ForkedTestFileRunner Timeout watcher launched (2000 secs.) 
516        WARN  main            d.u.i.k.s.ProofSettings   The settings in /home/runner/.key/proof-settings.props are *not* read. 
565        INFO  main            d.u.i.k.p.r.p.TestFile    Now processing file /home/runner/work/key/key/key.core/../key.ui/examples/heap/vacid0_01_SparseArray/Harness_sparseArrayTestHarness1.key 
704        INFO  main            d.u.i.k.p.i.AbstractProblemLoader Loading environment from /home/runner/work/key/key/key.core/../key.ui/examples/heap/vacid0_01_SparseArray/Harness_sparseArrayTestHarness1.key 
723        DEBUG main            d.u.i.k.p.i.AbstractProblemLoader Environment load took 2.55ms 
974        INFO  main            d.u.i.k.p.i.AbstractProblemLoader Creating init config 
2136       DEBUG main            d.u.i.k.j.TypeConverter   No LDT found for Meta 
2137       DEBUG main            d.u.i.k.j.TypeConverter   No LDT found for Meta 
2140       DEBUG main            d.u.i.k.j.TypeConverter   No LDT found for Meta 
2141       DEBUG main            d.u.i.k.j.TypeConverter   No LDT found for Meta 
3581       DEBUG main            d.u.i.k.j.TypeConverter   No LDT found for JavaBigintExpression 
9622       DEBUG main            d.u.i.k.p.i.AbstractProblemLoader Init config took 8.65s 
9824       INFO  main            d.u.i.k.p.i.AbstractProblemLoader Replaying proof Harness[Harness::sparseArrayTestHarness1()].JML normal_behavior operation contract.0 
9866       DEBUG main            d.u.i.k.p.i.IntermediateProofReplayer Proof replay took 38.2ns 
11709      INFO  main            d.u.i.k.p.r.p.TestFile    ... finished proof: closed. 
11866      INFO  main            d.u.i.k.p.i.AbstractProblemLoader Loading environment from /home/runner/work/key/key/key.core/../key.ui/examples/heap/vacid0_01_SparseArray/Harness_sparseArrayTestHarness1.key.proof 
11870      DEBUG main            d.u.i.k.p.i.AbstractProblemLoader Environment load took 3.39ms 
11872      INFO  main            d.u.i.k.p.i.AbstractProblemLoader Creating init config 
15414      DEBUG main            d.u.i.k.p.i.AbstractProblemLoader Init config took 3.54s 
15481      INFO  main            d.u.i.k.p.i.AbstractProblemLoader Replaying proof Harness[Harness::sparseArrayTestHarness1()].JML normal_behavior operation contract.0 
15645      DEBUG main            d.u.i.k.p.i.IntermediateProofReplayer Proof replay took 155.42ms 
15654      DEBUG main            d.u.i.k.p.r.p.TestFile    ... success: reloaded. 
15656      INFO  main            d.u.i.k.p.r.p.TestFile    Now processing file /home/runner/work/key/key/key.core/../key.ui/examples/heap/vacid0_01_SparseArray/Harness_sparseArrayTestHarness2.key 
15656      INFO  main            d.u.i.k.p.i.AbstractProblemLoader Loading environment from /home/runner/work/key/key/key.core/../key.ui/examples/heap/vacid0_01_SparseArray/Harness_sparseArrayTestHarness2.key 
15657      DEBUG main            d.u.i.k.p.i.AbstractProblemLoader Environment load took 306.41ns 
15659      INFO  main            d.u.i.k.p.i.AbstractProblemLoader Creating init config 
18987      DEBUG main            d.u.i.k.p.i.AbstractProblemLoader Init config took 3.33s 
19050      INFO  main            d.u.i.k.p.i.AbstractProblemLoader Replaying proof Harness[Harness::sparseArrayTestHarness2()].JML normal_behavior operation contract.0 
19053      DEBUG main            d.u.i.k.p.i.IntermediateProofReplayer Proof replay took 7.3ns 
32746      INFO  main            d.u.i.k.p.r.p.TestFile    ... finished proof: closed. 
33010      INFO  main            d.u.i.k.p.i.AbstractProblemLoader Loading environment from /home/runner/work/key/key/key.core/../key.ui/examples/heap/vacid0_01_SparseArray/Harness_sparseArrayTestHarness2.key.proof 
33010      DEBUG main            d.u.i.k.p.i.AbstractProblemLoader Environment load took 448.51ns 
33018      INFO  main            d.u.i.k.p.i.AbstractProblemLoader Creating init config 
36320      DEBUG main            d.u.i.k.p.i.AbstractProblemLoader Init config took 3.3s 
36379      INFO  main            d.u.i.k.p.i.AbstractProblemLoader Replaying proof Harness[Harness::sparseArrayTestHarness2()].JML normal_behavior operation contract.0 
37609      DEBUG main            d.u.i.k.p.i.IntermediateProofReplayer Proof replay took 1.18s 
37612      DEBUG main            d.u.i.k.p.r.p.TestFile    ... success: reloaded. 
37615      INFO  main            d.u.i.k.p.r.p.TestFile    Now processing file /home/runner/work/key/key/key.core/../key.ui/examples/heap/vacid0_01_SparseArray/MemoryAllocator_alloc_unsigned.key 
37616      INFO  main            d.u.i.k.p.i.AbstractProblemLoader Loading environment from /home/runner/work/key/key/key.core/../key.ui/examples/heap/vacid0_01_SparseArray/MemoryAllocator_alloc_unsigned.key 
37616      DEBUG main            d.u.i.k.p.i.AbstractProblemLoader Environment load took 139.3ns 
37617      INFO  main            d.u.i.k.p.i.AbstractProblemLoader Creating init config 
40992      DEBUG main            d.u.i.k.p.i.AbstractProblemLoader Init config took 3.37s 
41047      INFO  main            d.u.i.k.p.i.AbstractProblemLoader Replaying proof MemoryAllocator[MemoryAllocator::alloc_unsigned(int)].JML normal_behavior operation contract.0 
41050      DEBUG main            d.u.i.k.p.i.IntermediateProofReplayer Proof replay took 6.4ns 
42055      INFO  main            d.u.i.k.p.r.p.TestFile    ... finished proof: closed. 
42269      INFO  main            d.u.i.k.p.i.AbstractProblemLoader Loading environment from /home/runner/work/key/key/key.core/../key.ui/examples/heap/vacid0_01_SparseArray/MemoryAllocator_alloc_unsigned.key.proof 
42270      DEBUG main            d.u.i.k.p.i.AbstractProblemLoader Environment load took 733.52ns 
42271      INFO  main            d.u.i.k.p.i.AbstractProblemLoader Creating init config 
45372      DEBUG main            d.u.i.k.p.i.AbstractProblemLoader Init config took 3.1s 
45423      INFO  main            d.u.i.k.p.i.AbstractProblemLoader Replaying proof MemoryAllocator[MemoryAllocator::alloc_unsigned(int)].JML normal_behavior operation contract.0 
45598      DEBUG main            d.u.i.k.p.i.IntermediateProofReplayer Proof replay took 169.56ms 
45600      DEBUG main            d.u.i.k.p.r.p.TestFile    ... success: reloaded. 
45601      INFO  main            d.u.i.k.p.r.p.TestFile    Now processing file /home/runner/work/key/key/key.core/../key.ui/examples/heap/vacid0_01_SparseArray/MemoryAllocator_alloc.key 
45602      INFO  main            d.u.i.k.p.i.AbstractProblemLoader Loading environment from /home/runner/work/key/key/key.core/../key.ui/examples/heap/vacid0_01_SparseArray/MemoryAllocator_alloc.key 
45602      DEBUG main            d.u.i.k.p.i.AbstractProblemLoader Environment load took 246.01ns 
45603      INFO  main            d.u.i.k.p.i.AbstractProblemLoader Creating init config 
48790      DEBUG main            d.u.i.k.p.i.AbstractProblemLoader Init config took 3.19s 
48840      INFO  main            d.u.i.k.p.i.AbstractProblemLoader Replaying proof MemoryAllocator[MemoryAllocator::alloc(int)].JML normal_behavior operation contract.0 
48842      DEBUG main            d.u.i.k.p.i.IntermediateProofReplayer Proof replay took 6.8ns 
49546      INFO  main            d.u.i.k.p.r.p.TestFile    ... finished proof: closed. 
49734      INFO  main            d.u.i.k.p.i.AbstractProblemLoader Loading environment from /home/runner/work/key/key/key.core/../key.ui/examples/heap/vacid0_01_SparseArray/MemoryAllocator_alloc.key.proof 
49735      DEBUG main            d.u.i.k.p.i.AbstractProblemLoader Environment load took 1.35ms 
49737      INFO  main            d.u.i.k.p.i.AbstractProblemLoader Creating init config 
52844      DEBUG main            d.u.i.k.p.i.AbstractProblemLoader Init config took 3.11s 
52892      INFO  main            d.u.i.k.p.i.AbstractProblemLoader Replaying proof MemoryAllocator[MemoryAllocator::alloc(int)].JML normal_behavior operation contract.0 
53016      DEBUG main            d.u.i.k.p.i.IntermediateProofReplayer Proof replay took 119.1ms 
53017      DEBUG main            d.u.i.k.p.r.p.TestFile    ... success: reloaded. 
53018      INFO  main            d.u.i.k.p.r.p.TestFile    Now processing file /home/runner/work/key/key/key.core/../key.ui/examples/heap/vacid0_01_SparseArray/SparseArray_get_dep.key 
53019      INFO  main            d.u.i.k.p.i.AbstractProblemLoader Loading environment from /home/runner/work/key/key/key.core/../key.ui/examples/heap/vacid0_01_SparseArray/SparseArray_get_dep.key 
53019      DEBUG main            d.u.i.k.p.i.AbstractProblemLoader Environment load took 219.71ns 
53020      INFO  main            d.u.i.k.p.i.AbstractProblemLoader Creating init config 
56140      DEBUG main            d.u.i.k.p.i.AbstractProblemLoader Init config took 3.12s 
56216      INFO  main            d.u.i.k.p.i.AbstractProblemLoader Replaying proof SparseArray[SparseArray::get(int)].JML accessible clause.0 
56218      DEBUG main            d.u.i.k.p.i.IntermediateProofReplayer Proof replay took 7.1ns 
59027      INFO  main            d.u.i.k.p.r.p.TestFile    ... finished proof: closed. 
59270      INFO  main            d.u.i.k.p.i.AbstractProblemLoader Loading environment from /home/runner/work/key/key/key.core/../key.ui/examples/heap/vacid0_01_SparseArray/SparseArray_get_dep.key.proof 
59271      DEBUG main            d.u.i.k.p.i.AbstractProblemLoader Environment load took 503.41ns 
59273      INFO  main            d.u.i.k.p.i.AbstractProblemLoader Creating init config 
62494      DEBUG main            d.u.i.k.p.i.AbstractProblemLoader Init config took 3.22s 
62566      INFO  main            d.u.i.k.p.i.AbstractProblemLoader Replaying proof SparseArray[SparseArray::get(int)].JML accessible clause.0 
62767      DEBUG main            d.u.i.k.p.i.IntermediateProofReplayer Proof replay took 191.21ms 
62769      DEBUG main            d.u.i.k.p.r.p.TestFile    ... success: reloaded. 
62771      INFO  main            d.u.i.k.p.r.p.TestFile    Now processing file /home/runner/work/key/key/key.core/../key.ui/examples/heap/vacid0_01_SparseArray/SparseArray_get.key 
62771      INFO  main            d.u.i.k.p.i.AbstractProblemLoader Loading environment from /home/runner/work/key/key/key.core/../key.ui/examples/heap/vacid0_01_SparseArray/SparseArray_get.key 
62771      DEBUG main            d.u.i.k.p.i.AbstractProblemLoader Environment load took 280.51ns 
62773      INFO  main            d.u.i.k.p.i.AbstractProblemLoader Creating init config 
65975      DEBUG main            d.u.i.k.p.i.AbstractProblemLoader Init config took 3.2s 
66045      INFO  main            d.u.i.k.p.i.AbstractProblemLoader Replaying proof SparseArray[SparseArray::get(int)].JML normal_behavior operation contract.0 
66047      DEBUG main            d.u.i.k.p.i.IntermediateProofReplayer Proof replay took 6.9ns 
68556      INFO  main            d.u.i.k.p.r.p.TestFile    ... finished proof: closed. 
68827      INFO  main            d.u.i.k.p.i.AbstractProblemLoader Loading environment from /home/runner/work/key/key/key.core/../key.ui/examples/heap/vacid0_01_SparseArray/SparseArray_get.key.proof 
68828      DEBUG main            d.u.i.k.p.i.AbstractProblemLoader Environment load took 501.71ns 
68830      INFO  main            d.u.i.k.p.i.AbstractProblemLoader Creating init config 
71945      DEBUG main            d.u.i.k.p.i.AbstractProblemLoader Init config took 3.12s 
72019      INFO  main            d.u.i.k.p.i.AbstractProblemLoader Replaying proof SparseArray[SparseArray::get(int)].JML normal_behavior operation contract.0 
72229      DEBUG main            d.u.i.k.p.i.IntermediateProofReplayer Proof replay took 199.45ms 
72231      DEBUG main            d.u.i.k.p.r.p.TestFile    ... success: reloaded. 
72233      INFO  main            d.u.i.k.p.r.p.TestFile    Now processing file /home/runner/work/key/key/key.core/../key.ui/examples/heap/vacid0_01_SparseArray/SparseArray_inv.key 
72233      INFO  main            d.u.i.k.p.i.AbstractProblemLoader Loading environment from /home/runner/work/key/key/key.core/../key.ui/examples/heap/vacid0_01_SparseArray/SparseArray_inv.key 
72233      DEBUG main            d.u.i.k.p.i.AbstractProblemLoader Environment load took 267.71ns 
72235      INFO  main            d.u.i.k.p.i.AbstractProblemLoader Creating init config 
75316      DEBUG main            d.u.i.k.p.i.AbstractProblemLoader Init config took 3.08s 
75384      INFO  main            d.u.i.k.p.i.AbstractProblemLoader Replaying proof SparseArray[java.lang.Object::<inv>()].JML accessible clause.0 
75386      DEBUG main            d.u.i.k.p.i.IntermediateProofReplayer Proof replay took 6.6ns 
77491      INFO  main            d.u.i.k.p.r.p.TestFile    ... finished proof: closed. 
77705      INFO  main            d.u.i.k.p.i.AbstractProblemLoader Loading environment from /home/runner/work/key/key/key.core/../key.ui/examples/heap/vacid0_01_SparseArray/SparseArray_inv.key.proof 
77705      DEBUG main            d.u.i.k.p.i.AbstractProblemLoader Environment load took 152.5ns 
77707      INFO  main            d.u.i.k.p.i.AbstractProblemLoader Creating init config 
80855      DEBUG main            d.u.i.k.p.i.AbstractProblemLoader Init config took 3.15s 
80921      INFO  main            d.u.i.k.p.i.AbstractProblemLoader Replaying proof SparseArray[java.lang.Object::<inv>()].JML accessible clause.0 
81001      DEBUG main            d.u.i.k.p.i.IntermediateProofReplayer Proof replay took 74.58ms 
81003      DEBUG main            d.u.i.k.p.r.p.TestFile    ... success: reloaded. 
81004      INFO  main            d.u.i.k.p.r.p.TestFile    Now processing file /home/runner/work/key/key/key.core/../key.ui/examples/heap/vacid0_01_SparseArray/SparseArray_SparseArray.key 
81004      INFO  main            d.u.i.k.p.i.AbstractProblemLoader Loading environment from /home/runner/work/key/key/key.core/../key.ui/examples/heap/vacid0_01_SparseArray/SparseArray_SparseArray.key 
81004      DEBUG main            d.u.i.k.p.i.AbstractProblemLoader Environment load took 115.31ns 
81005      INFO  main            d.u.i.k.p.i.AbstractProblemLoader Creating init config 
84164      DEBUG main            d.u.i.k.p.i.AbstractProblemLoader Init config took 3.16s 
84231      INFO  main            d.u.i.k.p.i.AbstractProblemLoader Replaying proof SparseArray[SparseArray::SparseArray(int)].JML normal_behavior operation contract.0 
84233      DEBUG main            d.u.i.k.p.i.IntermediateProofReplayer Proof replay took 7.2ns 
88141      INFO  main            d.u.i.k.p.r.p.TestFile    ... finished proof: closed. 
88390      INFO  main            d.u.i.k.p.i.AbstractProblemLoader Loading environment from /home/runner/work/key/key/key.core/../key.ui/examples/heap/vacid0_01_SparseArray/SparseArray_SparseArray.key.proof 
88392      DEBUG main            d.u.i.k.p.i.AbstractProblemLoader Environment load took 1.69ms 
88397      INFO  main            d.u.i.k.p.i.AbstractProblemLoader Creating init config 
91435      DEBUG main            d.u.i.k.p.i.AbstractProblemLoader Init config took 3.04s 
91501      INFO  main            d.u.i.k.p.i.AbstractProblemLoader Replaying proof SparseArray[SparseArray::SparseArray(int)].JML normal_behavior operation contract.0 
91827      DEBUG main            d.u.i.k.p.i.IntermediateProofReplayer Proof replay took 315.68ms 
91828      DEBUG main            d.u.i.k.p.r.p.TestFile    ... success: reloaded. 
2501063    INFO  Test worker     d.u.i.k.p.r.RunAllProofsTestUnit Returning from test VACID0 
2501064    INFO  Test worker     d.u.i.k.p.r.RunAllProofsTestUnit Running test VSTTE10 
431        INFO  Timeout watchdog d.u.i.k.p.r.p.ForkedTestFileRunner Timeout watcher launched (2000 secs.) 
453        WARN  main            d.u.i.k.s.ProofSettings   The settings in /home/runner/.key/proof-settings.props are *not* read. 
484        INFO  main            d.u.i.k.p.r.p.TestFile    Now processing file /home/runner/work/key/key/key.core/../key.ui/examples/heap/vstte10_01_SumAndMax/SumAndMax_sumAndMax.key 
616        INFO  main            d.u.i.k.p.i.AbstractProblemLoader Loading environment from /home/runner/work/key/key/key.core/../key.ui/examples/heap/vstte10_01_SumAndMax/SumAndMax_sumAndMax.key 
637        DEBUG main            d.u.i.k.p.i.AbstractProblemLoader Environment load took 2.7ms 
905        INFO  main            d.u.i.k.p.i.AbstractProblemLoader Creating init config 
2090       DEBUG main            d.u.i.k.j.TypeConverter   No LDT found for Meta 
2091       DEBUG main            d.u.i.k.j.TypeConverter   No LDT found for Meta 
2095       DEBUG main            d.u.i.k.j.TypeConverter   No LDT found for Meta 
2095       DEBUG main            d.u.i.k.j.TypeConverter   No LDT found for Meta 
3679       DEBUG main            d.u.i.k.j.TypeConverter   No LDT found for JavaBigintExpression 
9338       DEBUG main            d.u.i.k.p.i.AbstractProblemLoader Init config took 8.43s 
9485       INFO  main            d.u.i.k.p.i.AbstractProblemLoader Replaying proof SumAndMax[SumAndMax::sumAndMax([I)].JML normal_behavior operation contract.0 
9526       DEBUG main            d.u.i.k.p.i.IntermediateProofReplayer Proof replay took 38.7ns 
15809      INFO  main            d.u.i.k.p.r.p.TestFile    ... finished proof: closed. 
16035      INFO  main            d.u.i.k.p.i.AbstractProblemLoader Loading environment from /home/runner/work/key/key/key.core/../key.ui/examples/heap/vstte10_01_SumAndMax/SumAndMax_sumAndMax.key.proof 
16040      DEBUG main            d.u.i.k.p.i.AbstractProblemLoader Environment load took 5.16ms 
16043      INFO  main            d.u.i.k.p.i.AbstractProblemLoader Creating init config 
19353      DEBUG main            d.u.i.k.p.i.AbstractProblemLoader Init config took 3.31s 
19435      INFO  main            d.u.i.k.p.i.AbstractProblemLoader Replaying proof SumAndMax[SumAndMax::sumAndMax([I)].JML normal_behavior operation contract.0 
20128      DEBUG main            d.u.i.k.p.i.IntermediateProofReplayer Proof replay took 666.76ms 
20139      DEBUG main            d.u.i.k.p.r.p.TestFile    ... success: reloaded. 
20141      INFO  main            d.u.i.k.p.r.p.TestFile    Now processing file /home/runner/work/key/key/key.core/../key.ui/examples/heap/vstte10_03_LinkedList/Node_cons.key 
20142      INFO  main            d.u.i.k.p.i.AbstractProblemLoader Loading environment from /home/runner/work/key/key/key.core/../key.ui/examples/heap/vstte10_03_LinkedList/Node_cons.key 
20142      DEBUG main            d.u.i.k.p.i.AbstractProblemLoader Environment load took 273.81ns 
20144      INFO  main            d.u.i.k.p.i.AbstractProblemLoader Creating init config 
23581      DEBUG main            d.u.i.k.p.i.AbstractProblemLoader Init config took 3.44s 
23654      INFO  main            d.u.i.k.p.i.AbstractProblemLoader Replaying proof Node[Node::cons(int,Node)].JML normal_behavior operation contract.0 
23657      DEBUG main            d.u.i.k.p.i.IntermediateProofReplayer Proof replay took 9.2ns 
25570      INFO  main            d.u.i.k.p.r.p.TestFile    ... finished proof: closed. 
25762      INFO  main            d.u.i.k.p.i.AbstractProblemLoader Loading environment from /home/runner/work/key/key/key.core/../key.ui/examples/heap/vstte10_03_LinkedList/Node_cons.key.proof 
25763      DEBUG main            d.u.i.k.p.i.AbstractProblemLoader Environment load took 1.25ms 
25767      INFO  main            d.u.i.k.p.i.AbstractProblemLoader Creating init config 
29024      DEBUG main            d.u.i.k.p.i.AbstractProblemLoader Init config took 3.26s 
29091      INFO  main            d.u.i.k.p.i.AbstractProblemLoader Replaying proof Node[Node::cons(int,Node)].JML normal_behavior operation contract.0 
29340      DEBUG main            d.u.i.k.p.i.IntermediateProofReplayer Proof replay took 236.11ms 
29342      DEBUG main            d.u.i.k.p.r.p.TestFile    ... success: reloaded. 
29343      INFO  main            d.u.i.k.p.r.p.TestFile    Now processing file /home/runner/work/key/key/key.core/../key.ui/examples/heap/vstte10_03_LinkedList/Node_inv.key 
29344      INFO  main            d.u.i.k.p.i.AbstractProblemLoader Loading environment from /home/runner/work/key/key/key.core/../key.ui/examples/heap/vstte10_03_LinkedList/Node_inv.key 
29344      DEBUG main            d.u.i.k.p.i.AbstractProblemLoader Environment load took 288.01ns 
29345      INFO  main            d.u.i.k.p.i.AbstractProblemLoader Creating init config 
32482      DEBUG main            d.u.i.k.p.i.AbstractProblemLoader Init config took 3.14s 
32548      INFO  main            d.u.i.k.p.i.AbstractProblemLoader Replaying proof Node[java.lang.Object::<inv>()].JML accessible clause.0 
32550      DEBUG main            d.u.i.k.p.i.IntermediateProofReplayer Proof replay took 7.6ns 
32954      INFO  main            d.u.i.k.p.r.p.TestFile    ... finished proof: closed. 
33139      INFO  main            d.u.i.k.p.i.AbstractProblemLoader Loading environment from /home/runner/work/key/key/key.core/../key.ui/examples/heap/vstte10_03_LinkedList/Node_inv.key.proof 
33139      DEBUG main            d.u.i.k.p.i.AbstractProblemLoader Environment load took 480.32ns 
33141      INFO  main            d.u.i.k.p.i.AbstractProblemLoader Creating init config 
36217      DEBUG main            d.u.i.k.p.i.AbstractProblemLoader Init config took 3.08s 
36287      INFO  main            d.u.i.k.p.i.AbstractProblemLoader Replaying proof Node[java.lang.Object::<inv>()].JML accessible clause.0 
36320      DEBUG main            d.u.i.k.p.i.IntermediateProofReplayer Proof replay took 28.07ms 
36321      DEBUG main            d.u.i.k.p.r.p.TestFile    ... success: reloaded. 
36323      INFO  main            d.u.i.k.p.r.p.TestFile    Now processing file /home/runner/work/key/key/key.core/../key.ui/examples/heap/vstte10_03_LinkedList/Node_search.key 
36323      INFO  main            d.u.i.k.p.i.AbstractProblemLoader Loading environment from /home/runner/work/key/key/key.core/../key.ui/examples/heap/vstte10_03_LinkedList/Node_search.key 
36323      DEBUG main            d.u.i.k.p.i.AbstractProblemLoader Environment load took 258.51ns 
36324      INFO  main            d.u.i.k.p.i.AbstractProblemLoader Creating init config 
39555      DEBUG main            d.u.i.k.p.i.AbstractProblemLoader Init config took 3.23s 
39643      INFO  main            d.u.i.k.p.i.AbstractProblemLoader Replaying proof Node[Node::search()].JML normal_behavior operation contract.0 
39646      DEBUG main            d.u.i.k.p.i.IntermediateProofReplayer Proof replay took 7.8ns 
47120      INFO  main            d.u.i.k.p.r.p.TestFile    ... finished proof: closed. 
47371      INFO  main            d.u.i.k.p.i.AbstractProblemLoader Loading environment from /home/runner/work/key/key/key.core/../key.ui/examples/heap/vstte10_03_LinkedList/Node_search.key.proof 
47371      DEBUG main            d.u.i.k.p.i.AbstractProblemLoader Environment load took 284.61ns 
47375      INFO  main            d.u.i.k.p.i.AbstractProblemLoader Creating init config 
50462      DEBUG main            d.u.i.k.p.i.AbstractProblemLoader Init config took 3.09s 
50525      INFO  main            d.u.i.k.p.i.AbstractProblemLoader Replaying proof Node[Node::search()].JML normal_behavior operation contract.0 
51120      DEBUG main            d.u.i.k.p.i.IntermediateProofReplayer Proof replay took 538.87ms 
51123      DEBUG main            d.u.i.k.p.r.p.TestFile    ... success: reloaded. 
51125      INFO  main            d.u.i.k.p.r.p.TestFile    Now processing file /home/runner/work/key/key/key.core/../key.ui/examples/heap/vstte10_04_Queens/Queens_isConsistent.key 
51125      INFO  main            d.u.i.k.p.i.AbstractProblemLoader Loading environment from /home/runner/work/key/key/key.core/../key.ui/examples/heap/vstte10_04_Queens/Queens_isConsistent.key 
51126      DEBUG main            d.u.i.k.p.i.AbstractProblemLoader Environment load took 245.11ns 
51127      INFO  main            d.u.i.k.p.i.AbstractProblemLoader Creating init config 
54570      DEBUG main            d.u.i.k.p.i.AbstractProblemLoader Init config took 3.44s 
54621      INFO  main            d.u.i.k.p.i.AbstractProblemLoader Replaying proof Queens[Queens::isConsistent([I,int)].JML normal_behavior operation contract.0 
54623      DEBUG main            d.u.i.k.p.i.IntermediateProofReplayer Proof replay took 7.6ns 
56844      INFO  main            d.u.i.k.p.r.p.TestFile    ... finished proof: closed. 
57107      INFO  main            d.u.i.k.p.i.AbstractProblemLoader Loading environment from /home/runner/work/key/key/key.core/../key.ui/examples/heap/vstte10_04_Queens/Queens_isConsistent.key.proof 
57107      DEBUG main            d.u.i.k.p.i.AbstractProblemLoader Environment load took 494.62ns 
57109      INFO  main            d.u.i.k.p.i.AbstractProblemLoader Creating init config 
60200      DEBUG main            d.u.i.k.p.i.AbstractProblemLoader Init config took 3.09s 
60248      INFO  main            d.u.i.k.p.i.AbstractProblemLoader Replaying proof Queens[Queens::isConsistent([I,int)].JML normal_behavior operation contract.0 
60564      DEBUG main            d.u.i.k.p.i.IntermediateProofReplayer Proof replay took 304.83ms 
60566      DEBUG main            d.u.i.k.p.r.p.TestFile    ... success: reloaded. 
60567      INFO  main            d.u.i.k.p.r.p.TestFile    Now processing file /home/runner/work/key/key/key.core/../key.ui/examples/heap/vstte10_04_Queens/Queens_nQueens.key 
60567      INFO  main            d.u.i.k.p.i.AbstractProblemLoader Loading environment from /home/runner/work/key/key/key.core/../key.ui/examples/heap/vstte10_04_Queens/Queens_nQueens.key 
60568      DEBUG main            d.u.i.k.p.i.AbstractProblemLoader Environment load took 270.01ns 
60569      INFO  main            d.u.i.k.p.i.AbstractProblemLoader Creating init config 
63743      DEBUG main            d.u.i.k.p.i.AbstractProblemLoader Init config took 3.17s 
63794      INFO  main            d.u.i.k.p.i.AbstractProblemLoader Replaying proof Queens[Queens::nQueens(int)].JML normal_behavior operation contract.0 
63796      DEBUG main            d.u.i.k.p.i.IntermediateProofReplayer Proof replay took 7.8ns 
79512      INFO  main            d.u.i.k.p.r.p.TestFile    ... finished proof: closed. 
79811      INFO  main            d.u.i.k.p.i.AbstractProblemLoader Loading environment from /home/runner/work/key/key/key.core/../key.ui/examples/heap/vstte10_04_Queens/Queens_nQueens.key.proof 
79811      DEBUG main            d.u.i.k.p.i.AbstractProblemLoader Environment load took 485.22ns 
79813      INFO  main            d.u.i.k.p.i.AbstractProblemLoader Creating init config 
82948      DEBUG main            d.u.i.k.p.i.AbstractProblemLoader Init config took 3.13s 
83000      INFO  main            d.u.i.k.p.i.AbstractProblemLoader Replaying proof Queens[Queens::nQueens(int)].JML normal_behavior operation contract.0 
83479      DEBUG main            d.u.i.k.p.i.IntermediateProofReplayer Proof replay took 457.82ms 
83481      DEBUG main            d.u.i.k.p.r.p.TestFile    ... success: reloaded. 
83483      INFO  main            d.u.i.k.p.r.p.TestFile    Now processing file /home/runner/work/key/key/key.core/../key.ui/examples/heap/vstte10_05_Queue/AmortizedQueue_AmortizedQueue.key 
83483      INFO  main            d.u.i.k.p.i.AbstractProblemLoader Loading environment from /home/runner/work/key/key/key.core/../key.ui/examples/heap/vstte10_05_Queue/AmortizedQueue_AmortizedQueue.key 
83483      DEBUG main            d.u.i.k.p.i.AbstractProblemLoader Environment load took 277.81ns 
83485      INFO  main            d.u.i.k.p.i.AbstractProblemLoader Creating init config 
86761      DEBUG main            d.u.i.k.p.i.AbstractProblemLoader Init config took 3.28s 
86832      INFO  main            d.u.i.k.p.i.AbstractProblemLoader Replaying proof AmortizedQueue[AmortizedQueue::AmortizedQueue()].JML normal_behavior operation contract.0 
86834      DEBUG main            d.u.i.k.p.i.IntermediateProofReplayer Proof replay took 6.1ns 
88643      INFO  main            d.u.i.k.p.r.p.TestFile    ... finished proof: closed. 
88958      INFO  main            d.u.i.k.p.i.AbstractProblemLoader Loading environment from /home/runner/work/key/key/key.core/../key.ui/examples/heap/vstte10_05_Queue/AmortizedQueue_AmortizedQueue.key.proof 
88959      DEBUG main            d.u.i.k.p.i.AbstractProblemLoader Environment load took 485.32ns 
88960      INFO  main            d.u.i.k.p.i.AbstractProblemLoader Creating init config 
92232      DEBUG main            d.u.i.k.p.i.AbstractProblemLoader Init config took 3.27s 
92285      INFO  main            d.u.i.k.p.i.AbstractProblemLoader Replaying proof AmortizedQueue[AmortizedQueue::AmortizedQueue()].JML normal_behavior operation contract.0 
92489      DEBUG main            d.u.i.k.p.i.IntermediateProofReplayer Proof replay took 196.78ms 
92491      DEBUG main            d.u.i.k.p.r.p.TestFile    ... success: reloaded. 
92492      INFO  main            d.u.i.k.p.r.p.TestFile    Now processing file /home/runner/work/key/key/key.core/../key.ui/examples/heap/vstte10_05_Queue/AmortizedQueue_front.key 
92493      INFO  main            d.u.i.k.p.i.AbstractProblemLoader Loading environment from /home/runner/work/key/key/key.core/../key.ui/examples/heap/vstte10_05_Queue/AmortizedQueue_front.key 
92493      DEBUG main            d.u.i.k.p.i.AbstractProblemLoader Environment load took 252.31ns 
92494      INFO  main            d.u.i.k.p.i.AbstractProblemLoader Creating init config 
95624      DEBUG main            d.u.i.k.p.i.AbstractProblemLoader Init config took 3.13s 
95725      INFO  main            d.u.i.k.p.i.AbstractProblemLoader Replaying proof AmortizedQueue[AmortizedQueue::front()].JML normal_behavior operation contract.0 
95731      DEBUG main            d.u.i.k.p.i.IntermediateProofReplayer Proof replay took 7.8ns 
96336      INFO  main            d.u.i.k.p.r.p.TestFile    ... finished proof: closed. 
96657      INFO  main            d.u.i.k.p.i.AbstractProblemLoader Loading environment from /home/runner/work/key/key/key.core/../key.ui/examples/heap/vstte10_05_Queue/AmortizedQueue_front.key.proof 
96658      DEBUG main            d.u.i.k.p.i.AbstractProblemLoader Environment load took 514.02ns 
96659      INFO  main            d.u.i.k.p.i.AbstractProblemLoader Creating init config 
99749      DEBUG main            d.u.i.k.p.i.AbstractProblemLoader Init config took 3.09s 
99804      INFO  main            d.u.i.k.p.i.AbstractProblemLoader Replaying proof AmortizedQueue[AmortizedQueue::front()].JML normal_behavior operation contract.0 
99854      DEBUG main            d.u.i.k.p.i.IntermediateProofReplayer Proof replay took 45.25ms 
99855      DEBUG main            d.u.i.k.p.r.p.TestFile    ... success: reloaded. 
99857      INFO  main            d.u.i.k.p.r.p.TestFile    Now processing file /home/runner/work/key/key/key.core/../key.ui/examples/heap/vstte10_05_Queue/LinkedList_concat.key 
99860      INFO  main            d.u.i.k.p.i.AbstractProblemLoader Loading environment from /home/runner/work/key/key/key.core/../key.ui/examples/heap/vstte10_05_Queue/LinkedList_concat.key 
99860      DEBUG main            d.u.i.k.p.i.AbstractProblemLoader Environment load took 293.91ns 
99862      INFO  main            d.u.i.k.p.i.AbstractProblemLoader Creating init config 
103080     DEBUG main            d.u.i.k.p.i.AbstractProblemLoader Init config took 3.22s 
103163     INFO  main            d.u.i.k.p.i.AbstractProblemLoader Replaying proof LinkedList[LinkedList::concat(LinkedList)].JML normal_behavior operation contract.0 
103165     DEBUG main            d.u.i.k.p.i.IntermediateProofReplayer Proof replay took 8.2ns 
113026     INFO  main            d.u.i.k.p.r.p.TestFile    ... finished proof: closed. 
113344     INFO  main            d.u.i.k.p.i.AbstractProblemLoader Loading environment from /home/runner/work/key/key/key.core/../key.ui/examples/heap/vstte10_05_Queue/LinkedList_concat.key.proof 
113344     DEBUG main            d.u.i.k.p.i.AbstractProblemLoader Environment load took 229.41ns 
113347     INFO  main            d.u.i.k.p.i.AbstractProblemLoader Creating init config 
116394     DEBUG main            d.u.i.k.p.i.AbstractProblemLoader Init config took 3.05s 
116450     INFO  main            d.u.i.k.p.i.AbstractProblemLoader Replaying proof LinkedList[LinkedList::concat(LinkedList)].JML normal_behavior operation contract.0 
117031     DEBUG main            d.u.i.k.p.i.IntermediateProofReplayer Proof replay took 547.13ms 
117034     DEBUG main            d.u.i.k.p.r.p.TestFile    ... success: reloaded. 
117035     INFO  main            d.u.i.k.p.r.p.TestFile    Now processing file /home/runner/work/key/key/key.core/../key.ui/examples/heap/vstte10_05_Queue/LinkedList_cons.key 
117036     INFO  main            d.u.i.k.p.i.AbstractProblemLoader Loading environment from /home/runner/work/key/key/key.core/../key.ui/examples/heap/vstte10_05_Queue/LinkedList_cons.key 
117037     DEBUG main            d.u.i.k.p.i.AbstractProblemLoader Environment load took 1.55ms 
117040     INFO  main            d.u.i.k.p.i.AbstractProblemLoader Creating init config 
120191     DEBUG main            d.u.i.k.p.i.AbstractProblemLoader Init config took 3.15s 
120245     INFO  main            d.u.i.k.p.i.AbstractProblemLoader Replaying proof LinkedList[LinkedList::cons(int)].JML normal_behavior operation contract.0 
120247     DEBUG main            d.u.i.k.p.i.IntermediateProofReplayer Proof replay took 8ns 
123121     INFO  main            d.u.i.k.p.r.p.TestFile    ... finished proof: closed. 
123405     INFO  main            d.u.i.k.p.i.AbstractProblemLoader Loading environment from /home/runner/work/key/key/key.core/../key.ui/examples/heap/vstte10_05_Queue/LinkedList_cons.key.proof 
123406     DEBUG main            d.u.i.k.p.i.AbstractProblemLoader Environment load took 573.32ns 
123408     INFO  main            d.u.i.k.p.i.AbstractProblemLoader Creating init config 
126469     DEBUG main            d.u.i.k.p.i.AbstractProblemLoader Init config took 3.06s 
126523     INFO  main            d.u.i.k.p.i.AbstractProblemLoader Replaying proof LinkedList[LinkedList::cons(int)].JML normal_behavior operation contract.0 
126746     DEBUG main            d.u.i.k.p.i.IntermediateProofReplayer Proof replay took 212.21ms 
126747     DEBUG main            d.u.i.k.p.r.p.TestFile    ... success: reloaded. 
126749     INFO  main            d.u.i.k.p.r.p.TestFile    Now processing file /home/runner/work/key/key/key.core/../key.ui/examples/heap/vstte10_05_Queue/LinkedList_head.key 
126749     INFO  main            d.u.i.k.p.i.AbstractProblemLoader Loading environment from /home/runner/work/key/key/key.core/../key.ui/examples/heap/vstte10_05_Queue/LinkedList_head.key 
126749     DEBUG main            d.u.i.k.p.i.AbstractProblemLoader Environment load took 113ns 
126750     INFO  main            d.u.i.k.p.i.AbstractProblemLoader Creating init config 
129897     DEBUG main            d.u.i.k.p.i.AbstractProblemLoader Init config took 3.15s 
129950     INFO  main            d.u.i.k.p.i.AbstractProblemLoader Replaying proof LinkedList[LinkedList::head()].JML normal_behavior operation contract.0 
129952     DEBUG main            d.u.i.k.p.i.IntermediateProofReplayer Proof replay took 7.9ns 
130054     INFO  main            d.u.i.k.p.r.p.TestFile    ... finished proof: closed. 
130382     INFO  main            d.u.i.k.p.i.AbstractProblemLoader Loading environment from /home/runner/work/key/key/key.core/../key.ui/examples/heap/vstte10_05_Queue/LinkedList_head.key.proof 
130383     DEBUG main            d.u.i.k.p.i.AbstractProblemLoader Environment load took 147ns 
130384     INFO  main            d.u.i.k.p.i.AbstractProblemLoader Creating init config 
133479     DEBUG main            d.u.i.k.p.i.AbstractProblemLoader Init config took 3.09s 
133532     INFO  main            d.u.i.k.p.i.AbstractProblemLoader Replaying proof LinkedList[LinkedList::head()].JML normal_behavior operation contract.0 
133550     DEBUG main            d.u.i.k.p.i.IntermediateProofReplayer Proof replay took 12.28ms 
133551     DEBUG main            d.u.i.k.p.r.p.TestFile    ... success: reloaded. 
133552     INFO  main            d.u.i.k.p.r.p.TestFile    Now processing file /home/runner/work/key/key/key.core/../key.ui/examples/heap/vstte10_05_Queue/LinkedList_inv.key 
133553     INFO  main            d.u.i.k.p.i.AbstractProblemLoader Loading environment from /home/runner/work/key/key/key.core/../key.ui/examples/heap/vstte10_05_Queue/LinkedList_inv.key 
133553     DEBUG main            d.u.i.k.p.i.AbstractProblemLoader Environment load took 124.1ns 
133554     INFO  main            d.u.i.k.p.i.AbstractProblemLoader Creating init config 
136770     DEBUG main            d.u.i.k.p.i.AbstractProblemLoader Init config took 3.22s 
136820     INFO  main            d.u.i.k.p.i.AbstractProblemLoader Replaying proof LinkedList[java.lang.Object::<inv>()].JML accessible clause.0 
136822     DEBUG main            d.u.i.k.p.i.IntermediateProofReplayer Proof replay took 7.7ns 
137224     INFO  main            d.u.i.k.p.r.p.TestFile    ... finished proof: closed. 
137468     INFO  main            d.u.i.k.p.i.AbstractProblemLoader Loading environment from /home/runner/work/key/key/key.core/../key.ui/examples/heap/vstte10_05_Queue/LinkedList_inv.key.proof 
137468     DEBUG main            d.u.i.k.p.i.AbstractProblemLoader Environment load took 139.21ns 
137469     INFO  main            d.u.i.k.p.i.AbstractProblemLoader Creating init config 
140553     DEBUG main            d.u.i.k.p.i.AbstractProblemLoader Init config took 3.08s 
140609     INFO  main            d.u.i.k.p.i.AbstractProblemLoader Replaying proof LinkedList[java.lang.Object::<inv>()].JML accessible clause.0 
140633     DEBUG main            d.u.i.k.p.i.IntermediateProofReplayer Proof replay took 21.55ms 
140634     DEBUG main            d.u.i.k.p.r.p.TestFile    ... success: reloaded. 
140636     INFO  main            d.u.i.k.p.r.p.TestFile    Now processing file /home/runner/work/key/key/key.core/../key.ui/examples/heap/vstte10_05_Queue/LinkedList_length.key 
140636     INFO  main            d.u.i.k.p.i.AbstractProblemLoader Loading environment from /home/runner/work/key/key/key.core/../key.ui/examples/heap/vstte10_05_Queue/LinkedList_length.key 
140636     DEBUG main            d.u.i.k.p.i.AbstractProblemLoader Environment load took 124ns 
140637     INFO  main            d.u.i.k.p.i.AbstractProblemLoader Creating init config 
143917     DEBUG main            d.u.i.k.p.i.AbstractProblemLoader Init config took 3.28s 
143967     INFO  main            d.u.i.k.p.i.AbstractProblemLoader Replaying proof LinkedList[LinkedList::length()].JML normal_behavior operation contract.0 
143969     DEBUG main            d.u.i.k.p.i.IntermediateProofReplayer Proof replay took 8.6ns 
144172     INFO  main            d.u.i.k.p.r.p.TestFile    ... finished proof: closed. 
144443     INFO  main            d.u.i.k.p.i.AbstractProblemLoader Loading environment from /home/runner/work/key/key/key.core/../key.ui/examples/heap/vstte10_05_Queue/LinkedList_length.key.proof 
144443     DEBUG main            d.u.i.k.p.i.AbstractProblemLoader Environment load took 136.3ns 
144444     INFO  main            d.u.i.k.p.i.AbstractProblemLoader Creating init config 
147519     DEBUG main            d.u.i.k.p.i.AbstractProblemLoader Init config took 3.07s 
147571     INFO  main            d.u.i.k.p.i.AbstractProblemLoader Replaying proof LinkedList[LinkedList::length()].JML normal_behavior operation contract.0 
147585     DEBUG main            d.u.i.k.p.i.IntermediateProofReplayer Proof replay took 11.62ms 
147586     DEBUG main            d.u.i.k.p.r.p.TestFile    ... success: reloaded. 
147587     INFO  main            d.u.i.k.p.r.p.TestFile    Now processing file /home/runner/work/key/key/key.core/../key.ui/examples/heap/vstte10_05_Queue/LinkedList_LinkedList1.key 
147588     INFO  main            d.u.i.k.p.i.AbstractProblemLoader Loading environment from /home/runner/work/key/key/key.core/../key.ui/examples/heap/vstte10_05_Queue/LinkedList_LinkedList1.key 
147588     DEBUG main            d.u.i.k.p.i.AbstractProblemLoader Environment load took 100ns 
147589     INFO  main            d.u.i.k.p.i.AbstractProblemLoader Creating init config 
150768     DEBUG main            d.u.i.k.p.i.AbstractProblemLoader Init config took 3.18s 
150819     INFO  main            d.u.i.k.p.i.AbstractProblemLoader Replaying proof LinkedList[LinkedList::LinkedList(int,LinkedList)].JML normal_behavior operation contract.0 
150821     DEBUG main            d.u.i.k.p.i.IntermediateProofReplayer Proof replay took 8.2ns 
153144     INFO  main            d.u.i.k.p.r.p.TestFile    ... finished proof: closed. 
153455     INFO  main            d.u.i.k.p.i.AbstractProblemLoader Loading environment from /home/runner/work/key/key/key.core/../key.ui/examples/heap/vstte10_05_Queue/LinkedList_LinkedList1.key.proof 
153457     DEBUG main            d.u.i.k.p.i.AbstractProblemLoader Environment load took 1.69ms 
153459     INFO  main            d.u.i.k.p.i.AbstractProblemLoader Creating init config 
156602     DEBUG main            d.u.i.k.p.i.AbstractProblemLoader Init config took 3.14s 
156658     INFO  main            d.u.i.k.p.i.AbstractProblemLoader Replaying proof LinkedList[LinkedList::LinkedList(int,LinkedList)].JML normal_behavior operation contract.0 
156864     DEBUG main            d.u.i.k.p.i.IntermediateProofReplayer Proof replay took 197.12ms 
156866     DEBUG main            d.u.i.k.p.r.p.TestFile    ... success: reloaded. 
156867     INFO  main            d.u.i.k.p.r.p.TestFile    Now processing file /home/runner/work/key/key/key.core/../key.ui/examples/heap/vstte10_05_Queue/LinkedList_LinkedList2.key 
156868     INFO  main            d.u.i.k.p.i.AbstractProblemLoader Loading environment from /home/runner/work/key/key/key.core/../key.ui/examples/heap/vstte10_05_Queue/LinkedList_LinkedList2.key 
156868     DEBUG main            d.u.i.k.p.i.AbstractProblemLoader Environment load took 291.41ns 
156869     INFO  main            d.u.i.k.p.i.AbstractProblemLoader Creating init config 
160125     DEBUG main            d.u.i.k.p.i.AbstractProblemLoader Init config took 3.26s 
160177     INFO  main            d.u.i.k.p.i.AbstractProblemLoader Replaying proof LinkedList[LinkedList::LinkedList(int,LinkedList)].JML normal_behavior operation contract.0 
160179     DEBUG main            d.u.i.k.p.i.IntermediateProofReplayer Proof replay took 7.5ns 
162487     INFO  main            d.u.i.k.p.r.p.TestFile    ... finished proof: closed. 
162792     INFO  main            d.u.i.k.p.i.AbstractProblemLoader Loading environment from /home/runner/work/key/key/key.core/../key.ui/examples/heap/vstte10_05_Queue/LinkedList_LinkedList2.key.proof 
162792     DEBUG main            d.u.i.k.p.i.AbstractProblemLoader Environment load took 409.41ns 
162794     INFO  main            d.u.i.k.p.i.AbstractProblemLoader Creating init config 
165880     DEBUG main            d.u.i.k.p.i.AbstractProblemLoader Init config took 3.09s 
165932     INFO  main            d.u.i.k.p.i.AbstractProblemLoader Replaying proof LinkedList[LinkedList::LinkedList(int,LinkedList)].JML normal_behavior operation contract.0 
166132     DEBUG main            d.u.i.k.p.i.IntermediateProofReplayer Proof replay took 192.28ms 
166133     DEBUG main            d.u.i.k.p.r.p.TestFile    ... success: reloaded. 
166135     INFO  main            d.u.i.k.p.r.p.TestFile    Now processing file /home/runner/work/key/key/key.core/../key.ui/examples/heap/vstte10_05_Queue/LinkedList_LinkedList3.key 
166135     INFO  main            d.u.i.k.p.i.AbstractProblemLoader Loading environment from /home/runner/work/key/key/key.core/../key.ui/examples/heap/vstte10_05_Queue/LinkedList_LinkedList3.key 
166135     DEBUG main            d.u.i.k.p.i.AbstractProblemLoader Environment load took 142.5ns 
166136     INFO  main            d.u.i.k.p.i.AbstractProblemLoader Creating init config 
169224     DEBUG main            d.u.i.k.p.i.AbstractProblemLoader Init config took 3.09s 
169275     INFO  main            d.u.i.k.p.i.AbstractProblemLoader Replaying proof LinkedList[LinkedList::LinkedList(int,LinkedList)].JML normal_behavior operation contract.0 
169276     DEBUG main            d.u.i.k.p.i.IntermediateProofReplayer Proof replay took 7ns 
185754     INFO  main            d.u.i.k.p.r.p.TestFile    ... finished proof: closed. 
186171     INFO  main            d.u.i.k.p.i.AbstractProblemLoader Loading environment from /home/runner/work/key/key/key.core/../key.ui/examples/heap/vstte10_05_Queue/LinkedList_LinkedList3.key.proof 
186172     DEBUG main            d.u.i.k.p.i.AbstractProblemLoader Environment load took 236.91ns 
186179     INFO  main            d.u.i.k.p.i.AbstractProblemLoader Creating init config 
189245     DEBUG main            d.u.i.k.p.i.AbstractProblemLoader Init config took 3.07s 
189313     INFO  main            d.u.i.k.p.i.AbstractProblemLoader Replaying proof LinkedList[LinkedList::LinkedList(int,LinkedList)].JML normal_behavior operation contract.0 
190520     DEBUG main            d.u.i.k.p.i.IntermediateProofReplayer Proof replay took 1.1s 
190527     DEBUG main            d.u.i.k.p.r.p.TestFile    ... success: reloaded. 
190528     INFO  main            d.u.i.k.p.r.p.TestFile    Now processing file /home/runner/work/key/key/key.core/../key.ui/examples/heap/vstte10_05_Queue/LinkedList_reverse.key 
190529     INFO  main            d.u.i.k.p.i.AbstractProblemLoader Loading environment from /home/runner/work/key/key/key.core/../key.ui/examples/heap/vstte10_05_Queue/LinkedList_reverse.key 
190529     DEBUG main            d.u.i.k.p.i.AbstractProblemLoader Environment load took 98.8ns 
190530     INFO  main            d.u.i.k.p.i.AbstractProblemLoader Creating init config 
193874     DEBUG main            d.u.i.k.p.i.AbstractProblemLoader Init config took 3.34s 
193933     INFO  main            d.u.i.k.p.i.AbstractProblemLoader Replaying proof LinkedList[LinkedList::reverse()].JML normal_behavior operation contract.0 
193935     DEBUG main            d.u.i.k.p.i.IntermediateProofReplayer Proof replay took 8.2ns 
204883     INFO  main            d.u.i.k.p.r.p.TestFile    ... finished proof: closed. 
205236     INFO  main            d.u.i.k.p.i.AbstractProblemLoader Loading environment from /home/runner/work/key/key/key.core/../key.ui/examples/heap/vstte10_05_Queue/LinkedList_reverse.key.proof 
205237     DEBUG main            d.u.i.k.p.i.AbstractProblemLoader Environment load took 621.72ns 
205240     INFO  main            d.u.i.k.p.i.AbstractProblemLoader Creating init config 
208363     DEBUG main            d.u.i.k.p.i.AbstractProblemLoader Init config took 3.12s 
208414     INFO  main            d.u.i.k.p.i.AbstractProblemLoader Replaying proof LinkedList[LinkedList::reverse()].JML normal_behavior operation contract.0 
209034     DEBUG main            d.u.i.k.p.i.IntermediateProofReplayer Proof replay took 542.84ms 
209036     DEBUG main            d.u.i.k.p.r.p.TestFile    ... success: reloaded. 
209038     INFO  main            d.u.i.k.p.r.p.TestFile    Now processing file /home/runner/work/key/key/key.core/../key.ui/examples/heap/vstte10_05_Queue/LinkedList_tail.key 
209038     INFO  main            d.u.i.k.p.i.AbstractProblemLoader Loading environment from /home/runner/work/key/key/key.core/../key.ui/examples/heap/vstte10_05_Queue/LinkedList_tail.key 
209038     DEBUG main            d.u.i.k.p.i.AbstractProblemLoader Environment load took 136ns 
209039     INFO  main            d.u.i.k.p.i.AbstractProblemLoader Creating init config 
212169     DEBUG main            d.u.i.k.p.i.AbstractProblemLoader Init config took 3.13s 
212219     INFO  main            d.u.i.k.p.i.AbstractProblemLoader Replaying proof LinkedList[LinkedList::tail()].JML normal_behavior operation contract.0 
212221     DEBUG main            d.u.i.k.p.i.IntermediateProofReplayer Proof replay took 58.5ns 
212827     INFO  main            d.u.i.k.p.r.p.TestFile    ... finished proof: closed. 
213132     INFO  main            d.u.i.k.p.i.AbstractProblemLoader Loading environment from /home/runner/work/key/key/key.core/../key.ui/examples/heap/vstte10_05_Queue/LinkedList_tail.key.proof 
213132     DEBUG main            d.u.i.k.p.i.AbstractProblemLoader Environment load took 130.3ns 
213134     INFO  main            d.u.i.k.p.i.AbstractProblemLoader Creating init config 
216153     DEBUG main            d.u.i.k.p.i.AbstractProblemLoader Init config took 3.02s 
216204     INFO  main            d.u.i.k.p.i.AbstractProblemLoader Replaying proof LinkedList[LinkedList::tail()].JML normal_behavior operation contract.0 
216292     DEBUG main            d.u.i.k.p.i.IntermediateProofReplayer Proof replay took 84.28ms 
216293     DEBUG main            d.u.i.k.p.r.p.TestFile    ... success: reloaded. 
2717573    INFO  Test worker     d.u.i.k.p.r.RunAllProofsTestUnit Returning from test VSTTE10 
2717574    INFO  Test worker     d.u.i.k.p.r.RunAllProofsTestUnit Running test WeideEtAl 
477        INFO  Timeout watchdog d.u.i.k.p.r.p.ForkedTestFileRunner Timeout watcher launched (2000 secs.) 
507        WARN  main            d.u.i.k.s.ProofSettings   The settings in /home/runner/.key/proof-settings.props are *not* read. 
569        INFO  main            d.u.i.k.p.r.p.TestFile    Now processing file /home/runner/work/key/key/key.core/../key.ui/examples/heap/WeideEtAl_01_AddAndMultiply/AddAndMultiply_add.key 
708        INFO  main            d.u.i.k.p.i.AbstractProblemLoader Loading environment from /home/runner/work/key/key/key.core/../key.ui/examples/heap/WeideEtAl_01_AddAndMultiply/AddAndMultiply_add.key 
728        DEBUG main            d.u.i.k.p.i.AbstractProblemLoader Environment load took 2.7ms 
1003       INFO  main            d.u.i.k.p.i.AbstractProblemLoader Creating init config 
2043       DEBUG main            d.u.i.k.j.TypeConverter   No LDT found for Meta 
2043       DEBUG main            d.u.i.k.j.TypeConverter   No LDT found for Meta 
2044       DEBUG main            d.u.i.k.j.TypeConverter   No LDT found for Meta 
2044       DEBUG main            d.u.i.k.j.TypeConverter   No LDT found for Meta 
3653       DEBUG main            d.u.i.k.j.TypeConverter   No LDT found for JavaBigintExpression 
9422       DEBUG main            d.u.i.k.p.i.AbstractProblemLoader Init config took 8.42s 
9637       INFO  main            d.u.i.k.p.i.AbstractProblemLoader Replaying proof AddAndMultiply[AddAndMultiply::add(int,int)].JML normal_behavior operation contract.0 
9679       DEBUG main            d.u.i.k.p.i.IntermediateProofReplayer Proof replay took 39.3ns 
11524      INFO  main            d.u.i.k.p.r.p.TestFile    ... finished proof: closed. 
11691      INFO  main            d.u.i.k.p.i.AbstractProblemLoader Loading environment from /home/runner/work/key/key/key.core/../key.ui/examples/heap/WeideEtAl_01_AddAndMultiply/AddAndMultiply_add.key.proof 
11692      DEBUG main            d.u.i.k.p.i.AbstractProblemLoader Environment load took 1.63ms 
11697      INFO  main            d.u.i.k.p.i.AbstractProblemLoader Creating init config 
15001      DEBUG main            d.u.i.k.p.i.AbstractProblemLoader Init config took 3.3s 
15081      INFO  main            d.u.i.k.p.i.AbstractProblemLoader Replaying proof AddAndMultiply[AddAndMultiply::add(int,int)].JML normal_behavior operation contract.0 
15289      DEBUG main            d.u.i.k.p.i.IntermediateProofReplayer Proof replay took 197.96ms 
15298      DEBUG main            d.u.i.k.p.r.p.TestFile    ... success: reloaded. 
15300      INFO  main            d.u.i.k.p.r.p.TestFile    Now processing file /home/runner/work/key/key/key.core/../key.ui/examples/heap/WeideEtAl_01_AddAndMultiply/AddAndMultiply_mul.key 
15300      INFO  main            d.u.i.k.p.i.AbstractProblemLoader Loading environment from /home/runner/work/key/key/key.core/../key.ui/examples/heap/WeideEtAl_01_AddAndMultiply/AddAndMultiply_mul.key 
15300      DEBUG main            d.u.i.k.p.i.AbstractProblemLoader Environment load took 322.91ns 
15302      INFO  main            d.u.i.k.p.i.AbstractProblemLoader Creating init config 
18584      DEBUG main            d.u.i.k.p.i.AbstractProblemLoader Init config took 3.28s 
18658      INFO  main            d.u.i.k.p.i.AbstractProblemLoader Replaying proof AddAndMultiply[AddAndMultiply::mul(int,int)].JML normal_behavior operation contract.0 
18663      DEBUG main            d.u.i.k.p.i.IntermediateProofReplayer Proof replay took 7.1ns 
19298      INFO  main            d.u.i.k.p.r.p.TestFile    ... finished proof: closed. 
19478      INFO  main            d.u.i.k.p.i.AbstractProblemLoader Loading environment from /home/runner/work/key/key/key.core/../key.ui/examples/heap/WeideEtAl_01_AddAndMultiply/AddAndMultiply_mul.key.proof 
19478      DEBUG main            d.u.i.k.p.i.AbstractProblemLoader Environment load took 474.92ns 
19480      INFO  main            d.u.i.k.p.i.AbstractProblemLoader Creating init config 
22557      DEBUG main            d.u.i.k.p.i.AbstractProblemLoader Init config took 3.08s 
22613      INFO  main            d.u.i.k.p.i.AbstractProblemLoader Replaying proof AddAndMultiply[AddAndMultiply::mul(int,int)].JML normal_behavior operation contract.0 
22719      DEBUG main            d.u.i.k.p.i.IntermediateProofReplayer Proof replay took 100.7ms 
22721      DEBUG main            d.u.i.k.p.r.p.TestFile    ... success: reloaded. 
22722      INFO  main            d.u.i.k.p.r.p.TestFile    Now processing file /home/runner/work/key/key/key.core/../key.ui/examples/heap/WeideEtAl_02_BinarySearch/BinarySearch_search.key 
22723      INFO  main            d.u.i.k.p.i.AbstractProblemLoader Loading environment from /home/runner/work/key/key/key.core/../key.ui/examples/heap/WeideEtAl_02_BinarySearch/BinarySearch_search.key 
22723      DEBUG main            d.u.i.k.p.i.AbstractProblemLoader Environment load took 262.01ns 
22725      INFO  main            d.u.i.k.p.i.AbstractProblemLoader Creating init config 
25802      DEBUG main            d.u.i.k.p.i.AbstractProblemLoader Init config took 3.08s 
25856      INFO  main            d.u.i.k.p.i.AbstractProblemLoader Replaying proof BinarySearch[BinarySearch::search([I,int)].JML normal_behavior operation contract.0 
25860      DEBUG main            d.u.i.k.p.i.IntermediateProofReplayer Proof replay took 7.3ns 
29327      INFO  main            d.u.i.k.p.r.p.TestFile    ... finished proof: closed. 
29570      INFO  main            d.u.i.k.p.i.AbstractProblemLoader Loading environment from /home/runner/work/key/key/key.core/../key.ui/examples/heap/WeideEtAl_02_BinarySearch/BinarySearch_search.key.proof 
29571      DEBUG main            d.u.i.k.p.i.AbstractProblemLoader Environment load took 1.35ms 
29577      INFO  main            d.u.i.k.p.i.AbstractProblemLoader Creating init config 
32528      DEBUG main            d.u.i.k.p.i.AbstractProblemLoader Init config took 2.95s 
32580      INFO  main            d.u.i.k.p.i.AbstractProblemLoader Replaying proof BinarySearch[BinarySearch::search([I,int)].JML normal_behavior operation contract.0 
33018      DEBUG main            d.u.i.k.p.i.IntermediateProofReplayer Proof replay took 419.33ms 
33020      DEBUG main            d.u.i.k.p.r.p.TestFile    ... success: reloaded. 
2750787    INFO  Test worker     d.u.i.k.p.r.RunAllProofsTestUnit Returning from test WeideEtAl 
2750788    INFO  Test worker     d.u.i.k.p.r.RunAllProofsTestUnit Running test arithmetic 
404        INFO  Timeout watchdog d.u.i.k.p.r.p.ForkedTestFileRunner Timeout watcher launched (2000 secs.) 
420        WARN  main            d.u.i.k.s.ProofSettings   The settings in /home/runner/.key/proof-settings.props are *not* read. 
460        INFO  main            d.u.i.k.p.r.p.TestFile    Now processing file /home/runner/work/key/key/key.core/../key.ui/examples/standard_key/arith/binomial1.key 
645        INFO  main            d.u.i.k.p.i.AbstractProblemLoader Loading environment from /home/runner/work/key/key/key.core/../key.ui/examples/standard_key/arith/binomial1.key 
666        DEBUG main            d.u.i.k.p.i.AbstractProblemLoader Environment load took 2.79ms 
956        INFO  main            d.u.i.k.p.i.AbstractProblemLoader Creating init config 
1872       DEBUG main            d.u.i.k.j.TypeConverter   No LDT found for Meta 
1873       DEBUG main            d.u.i.k.j.TypeConverter   No LDT found for Meta 
1874       DEBUG main            d.u.i.k.j.TypeConverter   No LDT found for Meta 
1874       DEBUG main            d.u.i.k.j.TypeConverter   No LDT found for Meta 
3585       DEBUG main            d.u.i.k.j.TypeConverter   No LDT found for JavaBigintExpression 
8744       DEBUG main            d.u.i.k.p.i.AbstractProblemLoader Init config took 7.79s 
8813       INFO  main            d.u.i.k.p.i.AbstractProblemLoader Replaying proof binomial1.key 
8851       DEBUG main            d.u.i.k.p.i.IntermediateProofReplayer Proof replay took 41ns 
9123       INFO  main            d.u.i.k.p.r.p.TestFile    ... finished proof: closed. 
9236       INFO  main            d.u.i.k.p.i.AbstractProblemLoader Loading environment from /home/runner/work/key/key/key.core/../key.ui/examples/standard_key/arith/binomial1.key.proof 
9238       DEBUG main            d.u.i.k.p.i.AbstractProblemLoader Environment load took 2.26ms 
9249       INFO  main            d.u.i.k.p.i.AbstractProblemLoader Creating init config 
12438      DEBUG main            d.u.i.k.p.i.AbstractProblemLoader Init config took 3.19s 
12483      INFO  main            d.u.i.k.p.i.AbstractProblemLoader Replaying proof binomial1.key.proof 
12497      DEBUG main            d.u.i.k.p.i.IntermediateProofReplayer Proof replay took 9.18ms 
12509      DEBUG main            d.u.i.k.p.r.p.TestFile    ... success: reloaded. 
12510      INFO  main            d.u.i.k.p.r.p.TestFile    Now processing file /home/runner/work/key/key/key.core/../key.ui/examples/standard_key/arith/binomial2.key 
12511      INFO  main            d.u.i.k.p.i.AbstractProblemLoader Loading environment from /home/runner/work/key/key/key.core/../key.ui/examples/standard_key/arith/binomial2.key 
12511      DEBUG main            d.u.i.k.p.i.AbstractProblemLoader Environment load took 276.71ns 
12513      INFO  main            d.u.i.k.p.i.AbstractProblemLoader Creating init config 
15507      DEBUG main            d.u.i.k.p.i.AbstractProblemLoader Init config took 2.99s 
15538      INFO  main            d.u.i.k.p.i.AbstractProblemLoader Replaying proof binomial2.key 
15545      DEBUG main            d.u.i.k.p.i.IntermediateProofReplayer Proof replay took 8.3ns 
15750      INFO  main            d.u.i.k.p.r.p.TestFile    ... finished proof: closed. 
15909      INFO  main            d.u.i.k.p.i.AbstractProblemLoader Loading environment from /home/runner/work/key/key/key.core/../key.ui/examples/standard_key/arith/binomial2.key.proof 
15911      DEBUG main            d.u.i.k.p.i.AbstractProblemLoader Environment load took 1.37ms 
15915      INFO  main            d.u.i.k.p.i.AbstractProblemLoader Creating init config 
18958      DEBUG main            d.u.i.k.p.i.AbstractProblemLoader Init config took 3.04s 
18984      INFO  main            d.u.i.k.p.i.AbstractProblemLoader Replaying proof binomial2.key.proof 
18994      DEBUG main            d.u.i.k.p.i.IntermediateProofReplayer Proof replay took 6.71ms 
18995      DEBUG main            d.u.i.k.p.r.p.TestFile    ... success: reloaded. 
18997      INFO  main            d.u.i.k.p.r.p.TestFile    Now processing file /home/runner/work/key/key/key.core/../key.ui/examples/standard_key/arith/check_jdiv.key 
18997      INFO  main            d.u.i.k.p.i.AbstractProblemLoader Loading environment from /home/runner/work/key/key/key.core/../key.ui/examples/standard_key/arith/check_jdiv.key 
18997      DEBUG main            d.u.i.k.p.i.AbstractProblemLoader Environment load took 249.21ns 
18999      INFO  main            d.u.i.k.p.i.AbstractProblemLoader Creating init config 
21912      DEBUG main            d.u.i.k.p.i.AbstractProblemLoader Init config took 2.91s 
21939      INFO  main            d.u.i.k.p.i.AbstractProblemLoader Replaying proof check_jdiv.key 
21946      DEBUG main            d.u.i.k.p.i.IntermediateProofReplayer Proof replay took 8.1ns 
28089      INFO  main            d.u.i.k.p.r.p.TestFile    ... finished proof: closed. 
28328      INFO  main            d.u.i.k.p.i.AbstractProblemLoader Loading environment from /home/runner/work/key/key/key.core/../key.ui/examples/standard_key/arith/check_jdiv.key.proof 
28328      DEBUG main            d.u.i.k.p.i.AbstractProblemLoader Environment load took 614.02ns 
28336      INFO  main            d.u.i.k.p.i.AbstractProblemLoader Creating init config 
31151      DEBUG main            d.u.i.k.p.i.AbstractProblemLoader Init config took 2.81s 
31174      INFO  main            d.u.i.k.p.i.AbstractProblemLoader Replaying proof check_jdiv.key.proof 
31549      DEBUG main            d.u.i.k.p.i.IntermediateProofReplayer Proof replay took 334.81ms 
31552      DEBUG main            d.u.i.k.p.r.p.TestFile    ... success: reloaded. 
31554      INFO  main            d.u.i.k.p.r.p.TestFile    Now processing file /home/runner/work/key/key/key.core/../key.ui/examples/standard_key/arith/check_jdiv_concrete.key 
31554      INFO  main            d.u.i.k.p.i.AbstractProblemLoader Loading environment from /home/runner/work/key/key/key.core/../key.ui/examples/standard_key/arith/check_jdiv_concrete.key 
31554      DEBUG main            d.u.i.k.p.i.AbstractProblemLoader Environment load took 122.2ns 
31557      INFO  main            d.u.i.k.p.i.AbstractProblemLoader Creating init config 
34417      DEBUG main            d.u.i.k.p.i.AbstractProblemLoader Init config took 2.86s 
34439      INFO  main            d.u.i.k.p.i.AbstractProblemLoader Replaying proof check_jdiv_concrete.key 
34442      DEBUG main            d.u.i.k.p.i.IntermediateProofReplayer Proof replay took 6.5ns 
34547      INFO  main            d.u.i.k.p.r.p.TestFile    ... finished proof: closed. 
34783      INFO  main            d.u.i.k.p.i.AbstractProblemLoader Loading environment from /home/runner/work/key/key/key.core/../key.ui/examples/standard_key/arith/check_jdiv_concrete.key.proof 
34783      DEBUG main            d.u.i.k.p.i.AbstractProblemLoader Environment load took 145.5ns 
34785      INFO  main            d.u.i.k.p.i.AbstractProblemLoader Creating init config 
37526      DEBUG main            d.u.i.k.p.i.AbstractProblemLoader Init config took 2.74s 
37554      INFO  main            d.u.i.k.p.i.AbstractProblemLoader Replaying proof check_jdiv_concrete.key.proof 
37561      DEBUG main            d.u.i.k.p.i.IntermediateProofReplayer Proof replay took 2.93ms 
37562      DEBUG main            d.u.i.k.p.r.p.TestFile    ... success: reloaded. 
37564      INFO  main            d.u.i.k.p.r.p.TestFile    Now processing file /home/runner/work/key/key/key.core/../key.ui/examples/standard_key/arith/check_jdiv_instantiated.key 
37564      INFO  main            d.u.i.k.p.i.AbstractProblemLoader Loading environment from /home/runner/work/key/key/key.core/../key.ui/examples/standard_key/arith/check_jdiv_instantiated.key 
37564      DEBUG main            d.u.i.k.p.i.AbstractProblemLoader Environment load took 145.5ns 
37566      INFO  main            d.u.i.k.p.i.AbstractProblemLoader Creating init config 
40512      DEBUG main            d.u.i.k.p.i.AbstractProblemLoader Init config took 2.95s 
40539      INFO  main            d.u.i.k.p.i.AbstractProblemLoader Replaying proof check_jdiv_instantiated.key 
40545      DEBUG main            d.u.i.k.p.i.IntermediateProofReplayer Proof replay took 7.5ns 
44784      INFO  main            d.u.i.k.p.r.p.TestFile    ... finished proof: closed. 
45020      INFO  main            d.u.i.k.p.i.AbstractProblemLoader Loading environment from /home/runner/work/key/key/key.core/../key.ui/examples/standard_key/arith/check_jdiv_instantiated.key.proof 
45020      DEBUG main            d.u.i.k.p.i.AbstractProblemLoader Environment load took 251.01ns 
45023      INFO  main            d.u.i.k.p.i.AbstractProblemLoader Creating init config 
47813      DEBUG main            d.u.i.k.p.i.AbstractProblemLoader Init config took 2.79s 
47837      INFO  main            d.u.i.k.p.i.AbstractProblemLoader Replaying proof check_jdiv_instantiated.key.proof 
48030      DEBUG main            d.u.i.k.p.i.IntermediateProofReplayer Proof replay took 164.24ms 
48033      DEBUG main            d.u.i.k.p.r.p.TestFile    ... success: reloaded. 
48035      INFO  main            d.u.i.k.p.r.p.TestFile    Now processing file /home/runner/work/key/key/key.core/../key.ui/examples/standard_key/arith/check_jmod.key 
48035      INFO  main            d.u.i.k.p.i.AbstractProblemLoader Loading environment from /home/runner/work/key/key/key.core/../key.ui/examples/standard_key/arith/check_jmod.key 
48036      DEBUG main            d.u.i.k.p.i.AbstractProblemLoader Environment load took 311.51ns 
48037      INFO  main            d.u.i.k.p.i.AbstractProblemLoader Creating init config 
50863      DEBUG main            d.u.i.k.p.i.AbstractProblemLoader Init config took 2.83s 
50884      INFO  main            d.u.i.k.p.i.AbstractProblemLoader Replaying proof check_jmod.key 
50888      DEBUG main            d.u.i.k.p.i.IntermediateProofReplayer Proof replay took 6.9ns 
51523      INFO  main            d.u.i.k.p.r.p.TestFile    ... finished proof: closed. 
51792      INFO  main            d.u.i.k.p.i.AbstractProblemLoader Loading environment from /home/runner/work/key/key/key.core/../key.ui/examples/standard_key/arith/check_jmod.key.proof 
51792      DEBUG main            d.u.i.k.p.i.AbstractProblemLoader Environment load took 485.31ns 
51794      INFO  main            d.u.i.k.p.i.AbstractProblemLoader Creating init config 
54515      DEBUG main            d.u.i.k.p.i.AbstractProblemLoader Init config took 2.72s 
54537      INFO  main            d.u.i.k.p.i.AbstractProblemLoader Replaying proof check_jmod.key.proof 
54573      DEBUG main            d.u.i.k.p.i.IntermediateProofReplayer Proof replay took 28.61ms 
54574      DEBUG main            d.u.i.k.p.r.p.TestFile    ... success: reloaded. 
54576      INFO  main            d.u.i.k.p.r.p.TestFile    Now processing file /home/runner/work/key/key/key.core/../key.ui/examples/standard_key/arith/complexExpressions.key 
54576      INFO  main            d.u.i.k.p.i.AbstractProblemLoader Loading environment from /home/runner/work/key/key/key.core/../key.ui/examples/standard_key/arith/complexExpressions.key 
54576      DEBUG main            d.u.i.k.p.i.AbstractProblemLoader Environment load took 241.51ns 
54577      INFO  main            d.u.i.k.p.i.AbstractProblemLoader Creating init config 
57425      DEBUG main            d.u.i.k.p.i.AbstractProblemLoader Init config took 2.85s 
57451      INFO  main            d.u.i.k.p.i.AbstractProblemLoader Replaying proof complexExpressions.key 
57454      DEBUG main            d.u.i.k.p.i.IntermediateProofReplayer Proof replay took 7.3ns 
57560      INFO  main            d.u.i.k.p.r.p.TestFile    ... finished proof: closed. 
57774      INFO  main            d.u.i.k.p.i.AbstractProblemLoader Loading environment from /home/runner/work/key/key/key.core/../key.ui/examples/standard_key/arith/complexExpressions.key.proof 
57774      DEBUG main            d.u.i.k.p.i.AbstractProblemLoader Environment load took 141.5ns 
57776      INFO  main            d.u.i.k.p.i.AbstractProblemLoader Creating init config 
60541      DEBUG main            d.u.i.k.p.i.AbstractProblemLoader Init config took 2.76s 
60564      INFO  main            d.u.i.k.p.i.AbstractProblemLoader Replaying proof complexExpressions.key.proof 
60575      DEBUG main            d.u.i.k.p.i.IntermediateProofReplayer Proof replay took 8.24ms 
60577      DEBUG main            d.u.i.k.p.r.p.TestFile    ... success: reloaded. 
60578      INFO  main            d.u.i.k.p.r.p.TestFile    Now processing file /home/runner/work/key/key/key.core/../key.ui/examples/standard_key/arith/compound_unaryMinus.key 
60578      INFO  main            d.u.i.k.p.i.AbstractProblemLoader Loading environment from /home/runner/work/key/key/key.core/../key.ui/examples/standard_key/arith/compound_unaryMinus.key 
60578      DEBUG main            d.u.i.k.p.i.AbstractProblemLoader Environment load took 242.11ns 
60580      INFO  main            d.u.i.k.p.i.AbstractProblemLoader Creating init config 
63444      DEBUG main            d.u.i.k.p.i.AbstractProblemLoader Init config took 2.86s 
63468      INFO  main            d.u.i.k.p.i.AbstractProblemLoader Replaying proof compound_unaryMinus.key 
63469      DEBUG main            d.u.i.k.p.i.IntermediateProofReplayer Proof replay took 22.6ns 
63575      INFO  main            d.u.i.k.p.r.p.TestFile    ... finished proof: closed. 
63780      INFO  main            d.u.i.k.p.i.AbstractProblemLoader Loading environment from /home/runner/work/key/key/key.core/../key.ui/examples/standard_key/arith/compound_unaryMinus.key.proof 
63780      DEBUG main            d.u.i.k.p.i.AbstractProblemLoader Environment load took 145.4ns 
63782      INFO  main            d.u.i.k.p.i.AbstractProblemLoader Creating init config 
66567      DEBUG main            d.u.i.k.p.i.AbstractProblemLoader Init config took 2.79s 
66590      INFO  main            d.u.i.k.p.i.AbstractProblemLoader Replaying proof compound_unaryMinus.key.proof 
66596      DEBUG main            d.u.i.k.p.i.IntermediateProofReplayer Proof replay took 3.64ms 
66597      DEBUG main            d.u.i.k.p.r.p.TestFile    ... success: reloaded. 
66598      INFO  main            d.u.i.k.p.r.p.TestFile    Now processing file /home/runner/work/key/key/key.core/../key.ui/examples/standard_key/arith/computation.key 
66598      INFO  main            d.u.i.k.p.i.AbstractProblemLoader Loading environment from /home/runner/work/key/key/key.core/../key.ui/examples/standard_key/arith/computation.key 
66598      DEBUG main            d.u.i.k.p.i.AbstractProblemLoader Environment load took 93.7ns 
66600      INFO  main            d.u.i.k.p.i.AbstractProblemLoader Creating init config 
69471      DEBUG main            d.u.i.k.p.i.AbstractProblemLoader Init config took 2.87s 
69500      INFO  main            d.u.i.k.p.i.AbstractProblemLoader Replaying proof computation.key 
69503      DEBUG main            d.u.i.k.p.i.IntermediateProofReplayer Proof replay took 8.5ns 
71261      INFO  main            d.u.i.k.p.r.p.TestFile    ... finished proof: closed. 
71524      INFO  main            d.u.i.k.p.i.AbstractProblemLoader Loading environment from /home/runner/work/key/key/key.core/../key.ui/examples/standard_key/arith/computation.key.proof 
71525      DEBUG main            d.u.i.k.p.i.AbstractProblemLoader Environment load took 545.12ns 
71527      INFO  main            d.u.i.k.p.i.AbstractProblemLoader Creating init config 
74277      DEBUG main            d.u.i.k.p.i.AbstractProblemLoader Init config took 2.75s 
74299      INFO  main            d.u.i.k.p.i.AbstractProblemLoader Replaying proof computation.key.proof 
74393      DEBUG main            d.u.i.k.p.i.IntermediateProofReplayer Proof replay took 85.94ms 
74395      DEBUG main            d.u.i.k.p.r.p.TestFile    ... success: reloaded. 
74396      INFO  main            d.u.i.k.p.r.p.TestFile    Now processing file /home/runner/work/key/key/key.core/../key.ui/examples/standard_key/arith/cubicSum.key 
74396      INFO  main            d.u.i.k.p.i.AbstractProblemLoader Loading environment from /home/runner/work/key/key/key.core/../key.ui/examples/standard_key/arith/cubicSum.key 
74396      DEBUG main            d.u.i.k.p.i.AbstractProblemLoader Environment load took 115.1ns 
74398      INFO  main            d.u.i.k.p.i.AbstractProblemLoader Creating init config 
77351      DEBUG main            d.u.i.k.p.i.AbstractProblemLoader Init config took 2.95s 
77372      INFO  main            d.u.i.k.p.i.AbstractProblemLoader Replaying proof cubicSum.key 
77375      DEBUG main            d.u.i.k.p.i.IntermediateProofReplayer Proof replay took 7ns 
78898      INFO  main            d.u.i.k.p.r.p.TestFile    ... finished proof: closed. 
79298      INFO  main            d.u.i.k.p.i.AbstractProblemLoader Loading environment from /home/runner/work/key/key/key.core/../key.ui/examples/standard_key/arith/cubicSum.key.proof 
79298      DEBUG main            d.u.i.k.p.i.AbstractProblemLoader Environment load took 152.81ns 
79299      INFO  main            d.u.i.k.p.i.AbstractProblemLoader Creating init config 
82265      DEBUG main            d.u.i.k.p.i.AbstractProblemLoader Init config took 2.97s 
82293      INFO  main            d.u.i.k.p.i.AbstractProblemLoader Replaying proof cubicSum.key.proof 
82407      DEBUG main            d.u.i.k.p.i.IntermediateProofReplayer Proof replay took 108.83ms 
82408      DEBUG main            d.u.i.k.p.r.p.TestFile    ... success: reloaded. 
82410      INFO  main            d.u.i.k.p.r.p.TestFile    Now processing file /home/runner/work/key/key/key.core/../key.ui/examples/standard_key/arith/divByZero.key 
82410      INFO  main            d.u.i.k.p.i.AbstractProblemLoader Loading environment from /home/runner/work/key/key/key.core/../key.ui/examples/standard_key/arith/divByZero.key 
82410      DEBUG main            d.u.i.k.p.i.AbstractProblemLoader Environment load took 112.5ns 
82412      INFO  main            d.u.i.k.p.i.AbstractProblemLoader Creating init config 
85356      DEBUG main            d.u.i.k.p.i.AbstractProblemLoader Init config took 2.94s 
85400      INFO  main            d.u.i.k.p.i.AbstractProblemLoader Replaying proof divByZero.key 
85406      DEBUG main            d.u.i.k.p.i.IntermediateProofReplayer Proof replay took 7.4ns 
85609      INFO  main            d.u.i.k.p.r.p.TestFile    ... finished proof: closed. 
85915      INFO  main            d.u.i.k.p.i.AbstractProblemLoader Loading environment from /home/runner/work/key/key/key.core/../key.ui/examples/standard_key/arith/divByZero.key.proof 
85915      DEBUG main            d.u.i.k.p.i.AbstractProblemLoader Environment load took 163.1ns 
85917      INFO  main            d.u.i.k.p.i.AbstractProblemLoader Creating init config 
88757      DEBUG main            d.u.i.k.p.i.AbstractProblemLoader Init config took 2.84s 
88777      INFO  main            d.u.i.k.p.i.AbstractProblemLoader Replaying proof divByZero.key.proof 
88816      DEBUG main            d.u.i.k.p.i.IntermediateProofReplayer Proof replay took 35.89ms 
88817      DEBUG main            d.u.i.k.p.r.p.TestFile    ... success: reloaded. 
88818      INFO  main            d.u.i.k.p.r.p.TestFile    Now processing file /home/runner/work/key/key/key.core/../key.ui/examples/standard_key/arith/divisionAssoc.key 
88819      INFO  main            d.u.i.k.p.i.AbstractProblemLoader Loading environment from /home/runner/work/key/key/key.core/../key.ui/examples/standard_key/arith/divisionAssoc.key 
88819      DEBUG main            d.u.i.k.p.i.AbstractProblemLoader Environment load took 247.01ns 
88820      INFO  main            d.u.i.k.p.i.AbstractProblemLoader Creating init config 
91597      DEBUG main            d.u.i.k.p.i.AbstractProblemLoader Init config took 2.78s 
91621      INFO  main            d.u.i.k.p.i.AbstractProblemLoader Replaying proof divisionAssoc.key 
91623      DEBUG main            d.u.i.k.p.i.IntermediateProofReplayer Proof replay took 6.8ns 
92436      INFO  main            d.u.i.k.p.r.p.TestFile    ... finished proof: closed. 
92717      INFO  main            d.u.i.k.p.i.AbstractProblemLoader Loading environment from /home/runner/work/key/key/key.core/../key.ui/examples/standard_key/arith/divisionAssoc.key.proof 
92718      DEBUG main            d.u.i.k.p.i.AbstractProblemLoader Environment load took 685.62ns 
92720      INFO  main            d.u.i.k.p.i.AbstractProblemLoader Creating init config 
95442      DEBUG main            d.u.i.k.p.i.AbstractProblemLoader Init config took 2.72s 
95460      INFO  main            d.u.i.k.p.i.AbstractProblemLoader Replaying proof divisionAssoc.key.proof 
95497      DEBUG main            d.u.i.k.p.i.IntermediateProofReplayer Proof replay took 30.76ms 
95498      DEBUG main            d.u.i.k.p.r.p.TestFile    ... success: reloaded. 
95500      INFO  main            d.u.i.k.p.r.p.TestFile    Now processing file /home/runner/work/key/key/key.core/../key.ui/examples/standard_key/arith/divisionBy2.key 
95500      INFO  main            d.u.i.k.p.i.AbstractProblemLoader Loading environment from /home/runner/work/key/key/key.core/../key.ui/examples/standard_key/arith/divisionBy2.key 
95500      DEBUG main            d.u.i.k.p.i.AbstractProblemLoader Environment load took 248.01ns 
95502      INFO  main            d.u.i.k.p.i.AbstractProblemLoader Creating init config 
98389      DEBUG main            d.u.i.k.p.i.AbstractProblemLoader Init config took 2.89s 
98407      INFO  main            d.u.i.k.p.i.AbstractProblemLoader Replaying proof divisionBy2.key 
98408      DEBUG main            d.u.i.k.p.i.IntermediateProofReplayer Proof replay took 8.1ns 
98511      INFO  main            d.u.i.k.p.r.p.TestFile    ... finished proof: closed. 
98772      INFO  main            d.u.i.k.p.i.AbstractProblemLoader Loading environment from /home/runner/work/key/key/key.core/../key.ui/examples/standard_key/arith/divisionBy2.key.proof 
98772      DEBUG main            d.u.i.k.p.i.AbstractProblemLoader Environment load took 152.71ns 
98774      INFO  main            d.u.i.k.p.i.AbstractProblemLoader Creating init config 
101565     DEBUG main            d.u.i.k.p.i.AbstractProblemLoader Init config took 2.79s 
101589     INFO  main            d.u.i.k.p.i.AbstractProblemLoader Replaying proof divisionBy2.key.proof 
101595     DEBUG main            d.u.i.k.p.i.IntermediateProofReplayer Proof replay took 4.31ms 
101596     DEBUG main            d.u.i.k.p.r.p.TestFile    ... success: reloaded. 
101597     INFO  main            d.u.i.k.p.r.p.TestFile    Now processing file /home/runner/work/key/key/key.core/../key.ui/examples/standard_key/arith/euclidean/gcdHelp-post.key 
101598     INFO  main            d.u.i.k.p.i.AbstractProblemLoader Loading environment from /home/runner/work/key/key/key.core/../key.ui/examples/standard_key/arith/euclidean/gcdHelp-post.key 
101598     DEBUG main            d.u.i.k.p.i.AbstractProblemLoader Environment load took 245.41ns 
101600     INFO  main            d.u.i.k.p.i.AbstractProblemLoader Creating init config 
104640     DEBUG main            d.u.i.k.p.i.AbstractProblemLoader Init config took 3.04s 
104664     INFO  main            d.u.i.k.p.i.AbstractProblemLoader Replaying proof gcdHelp-post.key 
104666     DEBUG main            d.u.i.k.p.i.IntermediateProofReplayer Proof replay took 7.9ns 
108437     INFO  main            d.u.i.k.p.r.p.TestFile    ... finished proof: closed. 
108752     INFO  main            d.u.i.k.p.i.AbstractProblemLoader Loading environment from /home/runner/work/key/key/key.core/../key.ui/examples/standard_key/arith/euclidean/gcdHelp-post.key.proof 
108752     DEBUG main            d.u.i.k.p.i.AbstractProblemLoader Environment load took 484.42ns 
108754     INFO  main            d.u.i.k.p.i.AbstractProblemLoader Creating init config 
111639     DEBUG main            d.u.i.k.p.i.AbstractProblemLoader Init config took 2.88s 
111662     INFO  main            d.u.i.k.p.i.AbstractProblemLoader Replaying proof gcdHelp-post.key.proof 
111862     DEBUG main            d.u.i.k.p.i.IntermediateProofReplayer Proof replay took 174.3ms 
111864     DEBUG main            d.u.i.k.p.r.p.TestFile    ... success: reloaded. 
111866     INFO  main            d.u.i.k.p.r.p.TestFile    Now processing file /home/runner/work/key/key/key.core/../key.ui/examples/standard_key/arith/gemplusDecimal/add.key 
111866     INFO  main            d.u.i.k.p.i.AbstractProblemLoader Loading environment from /home/runner/work/key/key/key.core/../key.ui/examples/standard_key/arith/gemplusDecimal/add.key 
111867     DEBUG main            d.u.i.k.p.i.AbstractProblemLoader Environment load took 231.41ns 
111869     INFO  main            d.u.i.k.p.i.AbstractProblemLoader Creating init config 
114994     DEBUG main            d.u.i.k.p.i.AbstractProblemLoader Init config took 3.12s 
115016     INFO  main            d.u.i.k.p.i.AbstractProblemLoader Replaying proof add.key 
115026     DEBUG main            d.u.i.k.p.i.IntermediateProofReplayer Proof replay took 7.8ns 
165070     INFO  main            d.u.i.k.p.r.p.TestFile    ... finished proof: closed. 
165598     INFO  main            d.u.i.k.p.i.AbstractProblemLoader Loading environment from /home/runner/work/key/key/key.core/../key.ui/examples/standard_key/arith/gemplusDecimal/add.key.proof 
165599     DEBUG main            d.u.i.k.p.i.AbstractProblemLoader Environment load took 501.42ns 
165609     INFO  main            d.u.i.k.p.i.AbstractProblemLoader Creating init config 
168445     DEBUG main            d.u.i.k.p.i.AbstractProblemLoader Init config took 2.84s 
168493     INFO  main            d.u.i.k.p.i.AbstractProblemLoader Replaying proof add.key.proof 
170967     DEBUG main            d.u.i.k.p.i.IntermediateProofReplayer Proof replay took 2.31s 
170976     DEBUG main            d.u.i.k.p.r.p.TestFile    ... success: reloaded. 
170978     INFO  main            d.u.i.k.p.r.p.TestFile    Now processing file /home/runner/work/key/key/key.core/../key.ui/examples/standard_key/arith/jdivevenodd.key 
170978     INFO  main            d.u.i.k.p.i.AbstractProblemLoader Loading environment from /home/runner/work/key/key/key.core/../key.ui/examples/standard_key/arith/jdivevenodd.key 
170979     DEBUG main            d.u.i.k.p.i.AbstractProblemLoader Environment load took 327.91ns 
170981     INFO  main            d.u.i.k.p.i.AbstractProblemLoader Creating init config 
173843     DEBUG main            d.u.i.k.p.i.AbstractProblemLoader Init config took 2.86s 
173860     INFO  main            d.u.i.k.p.i.AbstractProblemLoader Replaying proof jdivevenodd.key 
173863     DEBUG main            d.u.i.k.p.i.IntermediateProofReplayer Proof replay took 7.6ns 
174070     INFO  main            d.u.i.k.p.r.p.TestFile    ... finished proof: closed. 
174515     INFO  main            d.u.i.k.p.i.AbstractProblemLoader Loading environment from /home/runner/work/key/key/key.core/../key.ui/examples/standard_key/arith/jdivevenodd.key.proof 
174515     DEBUG main            d.u.i.k.p.i.AbstractProblemLoader Environment load took 131.4ns 
174517     INFO  main            d.u.i.k.p.i.AbstractProblemLoader Creating init config 
177303     DEBUG main            d.u.i.k.p.i.AbstractProblemLoader Init config took 2.79s 
177320     INFO  main            d.u.i.k.p.i.AbstractProblemLoader Replaying proof jdivevenodd.key.proof 
177332     DEBUG main            d.u.i.k.p.i.IntermediateProofReplayer Proof replay took 8.82ms 
177333     DEBUG main            d.u.i.k.p.r.p.TestFile    ... success: reloaded. 
177335     INFO  main            d.u.i.k.p.r.p.TestFile    Now processing file /home/runner/work/key/key/key.core/../key.ui/examples/standard_key/arith/median.key 
177335     INFO  main            d.u.i.k.p.i.AbstractProblemLoader Loading environment from /home/runner/work/key/key/key.core/../key.ui/examples/standard_key/arith/median.key 
177335     DEBUG main            d.u.i.k.p.i.AbstractProblemLoader Environment load took 243.21ns 
177337     INFO  main            d.u.i.k.p.i.AbstractProblemLoader Creating init config 
180050     DEBUG main            d.u.i.k.p.i.AbstractProblemLoader Init config took 2.71s 
180069     INFO  main            d.u.i.k.p.i.AbstractProblemLoader Replaying proof median.key 
180071     DEBUG main            d.u.i.k.p.i.IntermediateProofReplayer Proof replay took 7.4ns 
197387     INFO  main            d.u.i.k.p.r.p.TestFile    ... finished proof: closed. 
197769     INFO  main            d.u.i.k.p.i.AbstractProblemLoader Loading environment from /home/runner/work/key/key/key.core/../key.ui/examples/standard_key/arith/median.key.proof 
197769     DEBUG main            d.u.i.k.p.i.AbstractProblemLoader Environment load took 603.52ns 
197774     INFO  main            d.u.i.k.p.i.AbstractProblemLoader Creating init config 
200540     DEBUG main            d.u.i.k.p.i.AbstractProblemLoader Init config took 2.77s 
200559     INFO  main            d.u.i.k.p.i.AbstractProblemLoader Replaying proof median.key.proof 
201217     DEBUG main            d.u.i.k.p.i.IntermediateProofReplayer Proof replay took 577.62ms 
201222     DEBUG main            d.u.i.k.p.r.p.TestFile    ... success: reloaded. 
201223     INFO  main            d.u.i.k.p.r.p.TestFile    Now processing file /home/runner/work/key/key/key.core/../key.ui/examples/standard_key/arith/mod1.key 
201223     INFO  main            d.u.i.k.p.i.AbstractProblemLoader Loading environment from /home/runner/work/key/key/key.core/../key.ui/examples/standard_key/arith/mod1.key 
201224     DEBUG main            d.u.i.k.p.i.AbstractProblemLoader Environment load took 238.51ns 
201225     INFO  main            d.u.i.k.p.i.AbstractProblemLoader Creating init config 
204022     DEBUG main            d.u.i.k.p.i.AbstractProblemLoader Init config took 2.8s 
204038     INFO  main            d.u.i.k.p.i.AbstractProblemLoader Replaying proof mod1.key 
204040     DEBUG main            d.u.i.k.p.i.IntermediateProofReplayer Proof replay took 7.3ns 
204143     INFO  main            d.u.i.k.p.r.p.TestFile    ... finished proof: closed. 
204528     INFO  main            d.u.i.k.p.i.AbstractProblemLoader Loading environment from /home/runner/work/key/key/key.core/../key.ui/examples/standard_key/arith/mod1.key.proof 
204529     DEBUG main            d.u.i.k.p.i.AbstractProblemLoader Environment load took 122.9ns 
204530     INFO  main            d.u.i.k.p.i.AbstractProblemLoader Creating init config 
207374     DEBUG main            d.u.i.k.p.i.AbstractProblemLoader Init config took 2.84s 
207395     INFO  main            d.u.i.k.p.i.AbstractProblemLoader Replaying proof mod1.key.proof 
207399     DEBUG main            d.u.i.k.p.i.IntermediateProofReplayer Proof replay took 1.73ms 
207400     DEBUG main            d.u.i.k.p.r.p.TestFile    ... success: reloaded. 
207402     INFO  main            d.u.i.k.p.r.p.TestFile    Now processing file /home/runner/work/key/key/key.core/../key.ui/examples/standard_key/arith/mod2.key 
207402     INFO  main            d.u.i.k.p.i.AbstractProblemLoader Loading environment from /home/runner/work/key/key/key.core/../key.ui/examples/standard_key/arith/mod2.key 
207402     DEBUG main            d.u.i.k.p.i.AbstractProblemLoader Environment load took 253.41ns 
207404     INFO  main            d.u.i.k.p.i.AbstractProblemLoader Creating init config 
210138     DEBUG main            d.u.i.k.p.i.AbstractProblemLoader Init config took 2.73s 
210154     INFO  main            d.u.i.k.p.i.AbstractProblemLoader Replaying proof mod2.key 
210156     DEBUG main            d.u.i.k.p.i.IntermediateProofReplayer Proof replay took 7.4ns 
210260     INFO  main            d.u.i.k.p.r.p.TestFile    ... finished proof: closed. 
210544     INFO  main            d.u.i.k.p.i.AbstractProblemLoader Loading environment from /home/runner/work/key/key/key.core/../key.ui/examples/standard_key/arith/mod2.key.proof 
210544     DEBUG main            d.u.i.k.p.i.AbstractProblemLoader Environment load took 139.7ns 
210546     INFO  main            d.u.i.k.p.i.AbstractProblemLoader Creating init config 
213322     DEBUG main            d.u.i.k.p.i.AbstractProblemLoader Init config took 2.78s 
213338     INFO  main            d.u.i.k.p.i.AbstractProblemLoader Replaying proof mod2.key.proof 
213341     DEBUG main            d.u.i.k.p.i.IntermediateProofReplayer Proof replay took 1.27ms 
213341     DEBUG main            d.u.i.k.p.r.p.TestFile    ... success: reloaded. 
213342     INFO  main            d.u.i.k.p.r.p.TestFile    Now processing file /home/runner/work/key/key/key.core/../key.ui/examples/standard_key/arith/mod7.key 
213343     INFO  main            d.u.i.k.p.i.AbstractProblemLoader Loading environment from /home/runner/work/key/key/key.core/../key.ui/examples/standard_key/arith/mod7.key 
213343     DEBUG main            d.u.i.k.p.i.AbstractProblemLoader Environment load took 91.1ns 
213344     INFO  main            d.u.i.k.p.i.AbstractProblemLoader Creating init config 
216147     DEBUG main            d.u.i.k.p.i.AbstractProblemLoader Init config took 2.8s 
216163     INFO  main            d.u.i.k.p.i.AbstractProblemLoader Replaying proof mod7.key 
216166     DEBUG main            d.u.i.k.p.i.IntermediateProofReplayer Proof replay took 8.5ns 
216268     INFO  main            d.u.i.k.p.r.p.TestFile    ... finished proof: closed. 
216564     INFO  main            d.u.i.k.p.i.AbstractProblemLoader Loading environment from /home/runner/work/key/key/key.core/../key.ui/examples/standard_key/arith/mod7.key.proof 
216564     DEBUG main            d.u.i.k.p.i.AbstractProblemLoader Environment load took 474.21ns 
216566     INFO  main            d.u.i.k.p.i.AbstractProblemLoader Creating init config 
219403     DEBUG main            d.u.i.k.p.i.AbstractProblemLoader Init config took 2.84s 
219419     INFO  main            d.u.i.k.p.i.AbstractProblemLoader Replaying proof mod7.key.proof 
219424     DEBUG main            d.u.i.k.p.i.IntermediateProofReplayer Proof replay took 3.58ms 
219425     DEBUG main            d.u.i.k.p.r.p.TestFile    ... success: reloaded. 
219426     INFO  main            d.u.i.k.p.r.p.TestFile    Now processing file /home/runner/work/key/key/key.core/../key.ui/examples/standard_key/arith/overflow_hija.key 
219426     INFO  main            d.u.i.k.p.i.AbstractProblemLoader Loading environment from /home/runner/work/key/key/key.core/../key.ui/examples/standard_key/arith/overflow_hija.key 
219426     DEBUG main            d.u.i.k.p.i.AbstractProblemLoader Environment load took 88.7ns 
219428     INFO  main            d.u.i.k.p.i.AbstractProblemLoader Creating init config 
222295     DEBUG main            d.u.i.k.p.i.AbstractProblemLoader Init config took 2.87s 
222315     INFO  main            d.u.i.k.p.i.AbstractProblemLoader Replaying proof overflow_hija.key 
222317     DEBUG main            d.u.i.k.p.i.IntermediateProofReplayer Proof replay took 8.3ns 
227862     INFO  main            d.u.i.k.p.r.p.TestFile    ... finished proof: closed. 
228227     INFO  main            d.u.i.k.p.i.AbstractProblemLoader Loading environment from /home/runner/work/key/key/key.core/../key.ui/examples/standard_key/arith/overflow_hija.key.proof 
228227     DEBUG main            d.u.i.k.p.i.AbstractProblemLoader Environment load took 140.8ns 
228229     INFO  main            d.u.i.k.p.i.AbstractProblemLoader Creating init config 
230950     DEBUG main            d.u.i.k.p.i.AbstractProblemLoader Init config took 2.72s 
230971     INFO  main            d.u.i.k.p.i.AbstractProblemLoader Replaying proof overflow_hija.key.proof 
231151     DEBUG main            d.u.i.k.p.i.IntermediateProofReplayer Proof replay took 167.52ms 
231154     DEBUG main            d.u.i.k.p.r.p.TestFile    ... success: reloaded. 
231155     INFO  main            d.u.i.k.p.r.p.TestFile    Now processing file /home/runner/work/key/key/key.core/../key.ui/examples/standard_key/arith/poly_division0.key 
231155     INFO  main            d.u.i.k.p.i.AbstractProblemLoader Loading environment from /home/runner/work/key/key/key.core/../key.ui/examples/standard_key/arith/poly_division0.key 
231155     DEBUG main            d.u.i.k.p.i.AbstractProblemLoader Environment load took 232.21ns 
231157     INFO  main            d.u.i.k.p.i.AbstractProblemLoader Creating init config 
233963     DEBUG main            d.u.i.k.p.i.AbstractProblemLoader Init config took 2.81s 
233978     INFO  main            d.u.i.k.p.i.AbstractProblemLoader Replaying proof poly_division0.key 
233980     DEBUG main            d.u.i.k.p.i.IntermediateProofReplayer Proof replay took 7ns 
234083     INFO  main            d.u.i.k.p.r.p.TestFile    ... finished proof: closed. 
234455     INFO  main            d.u.i.k.p.i.AbstractProblemLoader Loading environment from /home/runner/work/key/key/key.core/../key.ui/examples/standard_key/arith/poly_division0.key.proof 
234455     DEBUG main            d.u.i.k.p.i.AbstractProblemLoader Environment load took 119ns 
234459     INFO  main            d.u.i.k.p.i.AbstractProblemLoader Creating init config 
237171     DEBUG main            d.u.i.k.p.i.AbstractProblemLoader Init config took 2.71s 
237187     INFO  main            d.u.i.k.p.i.AbstractProblemLoader Replaying proof poly_division0.key.proof 
237193     DEBUG main            d.u.i.k.p.i.IntermediateProofReplayer Proof replay took 4.06ms 
237194     DEBUG main            d.u.i.k.p.r.p.TestFile    ... success: reloaded. 
237195     INFO  main            d.u.i.k.p.r.p.TestFile    Now processing file /home/runner/work/key/key/key.core/../key.ui/examples/standard_key/arith/poly_division1.key 
237195     INFO  main            d.u.i.k.p.i.AbstractProblemLoader Loading environment from /home/runner/work/key/key/key.core/../key.ui/examples/standard_key/arith/poly_division1.key 
237195     DEBUG main            d.u.i.k.p.i.AbstractProblemLoader Environment load took 84.9ns 
237196     INFO  main            d.u.i.k.p.i.AbstractProblemLoader Creating init config 
240011     DEBUG main            d.u.i.k.p.i.AbstractProblemLoader Init config took 2.81s 
240027     INFO  main            d.u.i.k.p.i.AbstractProblemLoader Replaying proof poly_division1.key 
240028     DEBUG main            d.u.i.k.p.i.IntermediateProofReplayer Proof replay took 7.3ns 
240131     INFO  main            d.u.i.k.p.r.p.TestFile    ... finished proof: closed. 
240442     INFO  main            d.u.i.k.p.i.AbstractProblemLoader Loading environment from /home/runner/work/key/key/key.core/../key.ui/examples/standard_key/arith/poly_division1.key.proof 
240442     DEBUG main            d.u.i.k.p.i.AbstractProblemLoader Environment load took 131.3ns 
240444     INFO  main            d.u.i.k.p.i.AbstractProblemLoader Creating init config 
243156     DEBUG main            d.u.i.k.p.i.AbstractProblemLoader Init config took 2.71s 
243172     INFO  main            d.u.i.k.p.i.AbstractProblemLoader Replaying proof poly_division1.key.proof 
243177     DEBUG main            d.u.i.k.p.i.IntermediateProofReplayer Proof replay took 3.56ms 
243178     DEBUG main            d.u.i.k.p.r.p.TestFile    ... success: reloaded. 
243179     INFO  main            d.u.i.k.p.r.p.TestFile    Now processing file /home/runner/work/key/key/key.core/../key.ui/examples/standard_key/inEqSimp/division.key 
243179     INFO  main            d.u.i.k.p.i.AbstractProblemLoader Loading environment from /home/runner/work/key/key/key.core/../key.ui/examples/standard_key/inEqSimp/division.key 
243179     DEBUG main            d.u.i.k.p.i.AbstractProblemLoader Environment load took 103.2ns 
243180     INFO  main            d.u.i.k.p.i.AbstractProblemLoader Creating init config 
246099     DEBUG main            d.u.i.k.p.i.AbstractProblemLoader Init config took 2.92s 
246117     INFO  main            d.u.i.k.p.i.AbstractProblemLoader Replaying proof division.key 
246119     DEBUG main            d.u.i.k.p.i.IntermediateProofReplayer Proof replay took 6.4ns 
248531     INFO  main            d.u.i.k.p.r.p.TestFile    ... finished proof: closed. 
248867     INFO  main            d.u.i.k.p.i.AbstractProblemLoader Loading environment from /home/runner/work/key/key/key.core/../key.ui/examples/standard_key/inEqSimp/division.key.proof 
248868     DEBUG main            d.u.i.k.p.i.AbstractProblemLoader Environment load took 470.11ns 
248870     INFO  main            d.u.i.k.p.i.AbstractProblemLoader Creating init config 
251571     DEBUG main            d.u.i.k.p.i.AbstractProblemLoader Init config took 2.7s 
251587     INFO  main            d.u.i.k.p.i.AbstractProblemLoader Replaying proof division.key.proof 
251653     DEBUG main            d.u.i.k.p.i.IntermediateProofReplayer Proof replay took 56.07ms 
251655     DEBUG main            d.u.i.k.p.r.p.TestFile    ... success: reloaded. 
251656     INFO  main            d.u.i.k.p.r.p.TestFile    Now processing file /home/runner/work/key/key/key.core/../key.ui/examples/standard_key/inEqSimp/inequations0.key 
251656     INFO  main            d.u.i.k.p.i.AbstractProblemLoader Loading environment from /home/runner/work/key/key/key.core/../key.ui/examples/standard_key/inEqSimp/inequations0.key 
251656     DEBUG main            d.u.i.k.p.i.AbstractProblemLoader Environment load took 231.71ns 
251658     INFO  main            d.u.i.k.p.i.AbstractProblemLoader Creating init config 
254448     DEBUG main            d.u.i.k.p.i.AbstractProblemLoader Init config took 2.79s 
254463     INFO  main            d.u.i.k.p.i.AbstractProblemLoader Replaying proof inequations0.key 
254465     DEBUG main            d.u.i.k.p.i.IntermediateProofReplayer Proof replay took 47.7ns 
254569     INFO  main            d.u.i.k.p.r.p.TestFile    ... finished proof: closed. 
254950     INFO  main            d.u.i.k.p.i.AbstractProblemLoader Loading environment from /home/runner/work/key/key/key.core/../key.ui/examples/standard_key/inEqSimp/inequations0.key.proof 
254950     DEBUG main            d.u.i.k.p.i.AbstractProblemLoader Environment load took 125.2ns 
254951     INFO  main            d.u.i.k.p.i.AbstractProblemLoader Creating init config 
257678     DEBUG main            d.u.i.k.p.i.AbstractProblemLoader Init config took 2.73s 
257694     INFO  main            d.u.i.k.p.i.AbstractProblemLoader Replaying proof inequations0.key.proof 
257697     DEBUG main            d.u.i.k.p.i.IntermediateProofReplayer Proof replay took 1.91ms 
257698     DEBUG main            d.u.i.k.p.r.p.TestFile    ... success: reloaded. 
257699     INFO  main            d.u.i.k.p.r.p.TestFile    Now processing file /home/runner/work/key/key/key.core/../key.ui/examples/standard_key/inEqSimp/inequations1.key 
257700     INFO  main            d.u.i.k.p.i.AbstractProblemLoader Loading environment from /home/runner/work/key/key/key.core/../key.ui/examples/standard_key/inEqSimp/inequations1.key 
257700     DEBUG main            d.u.i.k.p.i.AbstractProblemLoader Environment load took 273.51ns 
257704     INFO  main            d.u.i.k.p.i.AbstractProblemLoader Creating init config 
260492     DEBUG main            d.u.i.k.p.i.AbstractProblemLoader Init config took 2.79s 
260507     INFO  main            d.u.i.k.p.i.AbstractProblemLoader Replaying proof inequations1.key 
260509     DEBUG main            d.u.i.k.p.i.IntermediateProofReplayer Proof replay took 4ns 
260611     INFO  main            d.u.i.k.p.r.p.TestFile    ... finished proof: closed. 
260938     INFO  main            d.u.i.k.p.i.AbstractProblemLoader Loading environment from /home/runner/work/key/key/key.core/../key.ui/examples/standard_key/inEqSimp/inequations1.key.proof 
260938     DEBUG main            d.u.i.k.p.i.AbstractProblemLoader Environment load took 404.51ns 
260940     INFO  main            d.u.i.k.p.i.AbstractProblemLoader Creating init config 
263638     DEBUG main            d.u.i.k.p.i.AbstractProblemLoader Init config took 2.7s 
263653     INFO  main            d.u.i.k.p.i.AbstractProblemLoader Replaying proof inequations1.key.proof 
263656     DEBUG main            d.u.i.k.p.i.IntermediateProofReplayer Proof replay took 1.04ms 
263657     DEBUG main            d.u.i.k.p.r.p.TestFile    ... success: reloaded. 
263657     INFO  main            d.u.i.k.p.r.p.TestFile    Now processing file /home/runner/work/key/key/key.core/../key.ui/examples/standard_key/inEqSimp/inequations2.key 
263658     INFO  main            d.u.i.k.p.i.AbstractProblemLoader Loading environment from /home/runner/work/key/key/key.core/../key.ui/examples/standard_key/inEqSimp/inequations2.key 
263658     DEBUG main            d.u.i.k.p.i.AbstractProblemLoader Environment load took 67.1ns 
263659     INFO  main            d.u.i.k.p.i.AbstractProblemLoader Creating init config 
266499     DEBUG main            d.u.i.k.p.i.AbstractProblemLoader Init config took 2.84s 
266514     INFO  main            d.u.i.k.p.i.AbstractProblemLoader Replaying proof inequations2.key 
266515     DEBUG main            d.u.i.k.p.i.IntermediateProofReplayer Proof replay took 3.3ns 
266617     INFO  main            d.u.i.k.p.r.p.TestFile    ... finished proof: closed. 
266950     INFO  main            d.u.i.k.p.i.AbstractProblemLoader Loading environment from /home/runner/work/key/key/key.core/../key.ui/examples/standard_key/inEqSimp/inequations2.key.proof 
266950     DEBUG main            d.u.i.k.p.i.AbstractProblemLoader Environment load took 108.1ns 
266951     INFO  main            d.u.i.k.p.i.AbstractProblemLoader Creating init config 
269655     DEBUG main            d.u.i.k.p.i.AbstractProblemLoader Init config took 2.7s 
269670     INFO  main            d.u.i.k.p.i.AbstractProblemLoader Replaying proof inequations2.key.proof 
269674     DEBUG main            d.u.i.k.p.i.IntermediateProofReplayer Proof replay took 1.42ms 
269675     DEBUG main            d.u.i.k.p.r.p.TestFile    ... success: reloaded. 
269675     INFO  main            d.u.i.k.p.r.p.TestFile    Now processing file /home/runner/work/key/key/key.core/../key.ui/examples/standard_key/inEqSimp/linApprox.key 
269676     INFO  main            d.u.i.k.p.i.AbstractProblemLoader Loading environment from /home/runner/work/key/key/key.core/../key.ui/examples/standard_key/inEqSimp/linApprox.key 
269676     DEBUG main            d.u.i.k.p.i.AbstractProblemLoader Environment load took 154.8ns 
269677     INFO  main            d.u.i.k.p.i.AbstractProblemLoader Creating init config 
272426     DEBUG main            d.u.i.k.p.i.AbstractProblemLoader Init config took 2.75s 
272441     INFO  main            d.u.i.k.p.i.AbstractProblemLoader Replaying proof linApprox.key 
272443     DEBUG main            d.u.i.k.p.i.IntermediateProofReplayer Proof replay took 3.3ns 
272545     INFO  main            d.u.i.k.p.r.p.TestFile    ... finished proof: closed. 
272871     INFO  main            d.u.i.k.p.i.AbstractProblemLoader Loading environment from /home/runner/work/key/key/key.core/../key.ui/examples/standard_key/inEqSimp/linApprox.key.proof 
272871     DEBUG main            d.u.i.k.p.i.AbstractProblemLoader Environment load took 111.4ns 
272872     INFO  main            d.u.i.k.p.i.AbstractProblemLoader Creating init config 
275613     DEBUG main            d.u.i.k.p.i.AbstractProblemLoader Init config took 2.74s 
275628     INFO  main            d.u.i.k.p.i.AbstractProblemLoader Replaying proof linApprox.key.proof 
275631     DEBUG main            d.u.i.k.p.i.IntermediateProofReplayer Proof replay took 1.66ms 
275632     DEBUG main            d.u.i.k.p.r.p.TestFile    ... success: reloaded. 
275633     INFO  main            d.u.i.k.p.r.p.TestFile    Now processing file /home/runner/work/key/key/key.core/../key.ui/examples/standard_key/inEqSimp/nonLinInEqExample0.key 
275633     INFO  main            d.u.i.k.p.i.AbstractProblemLoader Loading environment from /home/runner/work/key/key/key.core/../key.ui/examples/standard_key/inEqSimp/nonLinInEqExample0.key 
275633     DEBUG main            d.u.i.k.p.i.AbstractProblemLoader Environment load took 131.3ns 
275634     INFO  main            d.u.i.k.p.i.AbstractProblemLoader Creating init config 
278405     DEBUG main            d.u.i.k.p.i.AbstractProblemLoader Init config took 2.77s 
278420     INFO  main            d.u.i.k.p.i.AbstractProblemLoader Replaying proof nonLinInEqExample0.key 
278422     DEBUG main            d.u.i.k.p.i.IntermediateProofReplayer Proof replay took 4ns 
278531     INFO  main            d.u.i.k.p.r.p.TestFile    ... finished proof: closed. 
278860     INFO  main            d.u.i.k.p.i.AbstractProblemLoader Loading environment from /home/runner/work/key/key/key.core/../key.ui/examples/standard_key/inEqSimp/nonLinInEqExample0.key.proof 
278860     DEBUG main            d.u.i.k.p.i.AbstractProblemLoader Environment load took 113.8ns 
278862     INFO  main            d.u.i.k.p.i.AbstractProblemLoader Creating init config 
281544     DEBUG main            d.u.i.k.p.i.AbstractProblemLoader Init config took 2.68s 
281560     INFO  main            d.u.i.k.p.i.AbstractProblemLoader Replaying proof nonLinInEqExample0.key.proof 
281562     DEBUG main            d.u.i.k.p.i.IntermediateProofReplayer Proof replay took 667.52ns 
281563     DEBUG main            d.u.i.k.p.r.p.TestFile    ... success: reloaded. 
281564     INFO  main            d.u.i.k.p.r.p.TestFile    Now processing file /home/runner/work/key/key/key.core/../key.ui/examples/standard_key/inEqSimp/nonLinInEqExample2.key 
281565     INFO  main            d.u.i.k.p.i.AbstractProblemLoader Loading environment from /home/runner/work/key/key/key.core/../key.ui/examples/standard_key/inEqSimp/nonLinInEqExample2.key 
281565     DEBUG main            d.u.i.k.p.i.AbstractProblemLoader Environment load took 229.31ns 
281567     INFO  main            d.u.i.k.p.i.AbstractProblemLoader Creating init config 
284350     DEBUG main            d.u.i.k.p.i.AbstractProblemLoader Init config took 2.78s 
284365     INFO  main            d.u.i.k.p.i.AbstractProblemLoader Replaying proof nonLinInEqExample2.key 
284367     DEBUG main            d.u.i.k.p.i.IntermediateProofReplayer Proof replay took 3.4ns 
284771     INFO  main            d.u.i.k.p.r.p.TestFile    ... finished proof: closed. 
285128     INFO  main            d.u.i.k.p.i.AbstractProblemLoader Loading environment from /home/runner/work/key/key/key.core/../key.ui/examples/standard_key/inEqSimp/nonLinInEqExample2.key.proof 
285129     DEBUG main            d.u.i.k.p.i.AbstractProblemLoader Environment load took 200.11ns 
285130     INFO  main            d.u.i.k.p.i.AbstractProblemLoader Creating init config 
287838     DEBUG main            d.u.i.k.p.i.AbstractProblemLoader Init config took 2.71s 
287855     INFO  main            d.u.i.k.p.i.AbstractProblemLoader Replaying proof nonLinInEqExample2.key.proof 
287883     DEBUG main            d.u.i.k.p.i.IntermediateProofReplayer Proof replay took 23.66ms 
287884     DEBUG main            d.u.i.k.p.r.p.TestFile    ... success: reloaded. 
287885     INFO  main            d.u.i.k.p.r.p.TestFile    Now processing file /home/runner/work/key/key/key.core/../key.ui/examples/standard_key/inEqSimp/nonLinInEqExample3.key 
287885     INFO  main            d.u.i.k.p.i.AbstractProblemLoader Loading environment from /home/runner/work/key/key/key.core/../key.ui/examples/standard_key/inEqSimp/nonLinInEqExample3.key 
287885     DEBUG main            d.u.i.k.p.i.AbstractProblemLoader Environment load took 80.2ns 
287886     INFO  main            d.u.i.k.p.i.AbstractProblemLoader Creating init config 
290686     DEBUG main            d.u.i.k.p.i.AbstractProblemLoader Init config took 2.8s 
290704     INFO  main            d.u.i.k.p.i.AbstractProblemLoader Replaying proof nonLinInEqExample3.key 
290705     DEBUG main            d.u.i.k.p.i.IntermediateProofReplayer Proof replay took 3ns 
290908     INFO  main            d.u.i.k.p.r.p.TestFile    ... finished proof: closed. 
291298     INFO  main            d.u.i.k.p.i.AbstractProblemLoader Loading environment from /home/runner/work/key/key/key.core/../key.ui/examples/standard_key/inEqSimp/nonLinInEqExample3.key.proof 
291298     DEBUG main            d.u.i.k.p.i.AbstractProblemLoader Environment load took 107.6ns 
291299     INFO  main            d.u.i.k.p.i.AbstractProblemLoader Creating init config 
294008     DEBUG main            d.u.i.k.p.i.AbstractProblemLoader Init config took 2.71s 
294023     INFO  main            d.u.i.k.p.i.AbstractProblemLoader Replaying proof nonLinInEqExample3.key.proof 
294039     DEBUG main            d.u.i.k.p.i.IntermediateProofReplayer Proof replay took 12.86ms 
294039     DEBUG main            d.u.i.k.p.r.p.TestFile    ... success: reloaded. 
294040     INFO  main            d.u.i.k.p.r.p.TestFile    Now processing file /home/runner/work/key/key/key.core/../key.ui/examples/standard_key/inEqSimp/nonLinInEqExample4.key 
294041     INFO  main            d.u.i.k.p.i.AbstractProblemLoader Loading environment from /home/runner/work/key/key/key.core/../key.ui/examples/standard_key/inEqSimp/nonLinInEqExample4.key 
294041     DEBUG main            d.u.i.k.p.i.AbstractProblemLoader Environment load took 97.2ns 
294042     INFO  main            d.u.i.k.p.i.AbstractProblemLoader Creating init config 
296817     DEBUG main            d.u.i.k.p.i.AbstractProblemLoader Init config took 2.78s 
296832     INFO  main            d.u.i.k.p.i.AbstractProblemLoader Replaying proof nonLinInEqExample4.key 
296834     DEBUG main            d.u.i.k.p.i.IntermediateProofReplayer Proof replay took 3.1ns 
296936     INFO  main            d.u.i.k.p.r.p.TestFile    ... finished proof: closed. 
297309     INFO  main            d.u.i.k.p.i.AbstractProblemLoader Loading environment from /home/runner/work/key/key/key.core/../key.ui/examples/standard_key/inEqSimp/nonLinInEqExample4.key.proof 
297309     DEBUG main            d.u.i.k.p.i.AbstractProblemLoader Environment load took 113.7ns 
297310     INFO  main            d.u.i.k.p.i.AbstractProblemLoader Creating init config 
300021     DEBUG main            d.u.i.k.p.i.AbstractProblemLoader Init config took 2.71s 
300038     INFO  main            d.u.i.k.p.i.AbstractProblemLoader Replaying proof nonLinInEqExample4.key.proof 
300048     DEBUG main            d.u.i.k.p.i.IntermediateProofReplayer Proof replay took 8.84ms 
300051     DEBUG main            d.u.i.k.p.r.p.TestFile    ... success: reloaded. 
300052     INFO  main            d.u.i.k.p.r.p.TestFile    Now processing file /home/runner/work/key/key/key.core/../key.ui/examples/standard_key/inEqSimp/quadraticInEq.key 
300053     INFO  main            d.u.i.k.p.i.AbstractProblemLoader Loading environment from /home/runner/work/key/key/key.core/../key.ui/examples/standard_key/inEqSimp/quadraticInEq.key 
300053     DEBUG main            d.u.i.k.p.i.AbstractProblemLoader Environment load took 259.71ns 
300055     INFO  main            d.u.i.k.p.i.AbstractProblemLoader Creating init config 
302807     DEBUG main            d.u.i.k.p.i.AbstractProblemLoader Init config took 2.75s 
302824     INFO  main            d.u.i.k.p.i.AbstractProblemLoader Replaying proof quadraticInEq.key 
302826     DEBUG main            d.u.i.k.p.i.IntermediateProofReplayer Proof replay took 4.2ns 
303233     INFO  main            d.u.i.k.p.r.p.TestFile    ... finished proof: closed. 
303660     INFO  main            d.u.i.k.p.i.AbstractProblemLoader Loading environment from /home/runner/work/key/key/key.core/../key.ui/examples/standard_key/inEqSimp/quadraticInEq.key.proof 
303660     DEBUG main            d.u.i.k.p.i.AbstractProblemLoader Environment load took 128.1ns 
303663     INFO  main            d.u.i.k.p.i.AbstractProblemLoader Creating init config 
306431     DEBUG main            d.u.i.k.p.i.AbstractProblemLoader Init config took 2.77s 
306450     INFO  main            d.u.i.k.p.i.AbstractProblemLoader Replaying proof quadraticInEq.key.proof 
306488     DEBUG main            d.u.i.k.p.i.IntermediateProofReplayer Proof replay took 32.1ms 
306489     DEBUG main            d.u.i.k.p.r.p.TestFile    ... success: reloaded. 
306490     INFO  main            d.u.i.k.p.r.p.TestFile    Now processing file /home/runner/work/key/key/key.core/../key.ui/examples/standard_key/inEqSimp/quadraticInEq10.key 
306490     INFO  main            d.u.i.k.p.i.AbstractProblemLoader Loading environment from /home/runner/work/key/key/key.core/../key.ui/examples/standard_key/inEqSimp/quadraticInEq10.key 
306490     DEBUG main            d.u.i.k.p.i.AbstractProblemLoader Environment load took 105.5ns 
306492     INFO  main            d.u.i.k.p.i.AbstractProblemLoader Creating init config 
309222     DEBUG main            d.u.i.k.p.i.AbstractProblemLoader Init config took 2.73s 
309237     INFO  main            d.u.i.k.p.i.AbstractProblemLoader Replaying proof quadraticInEq10.key 
309239     DEBUG main            d.u.i.k.p.i.IntermediateProofReplayer Proof replay took 4.5ns 
309442     INFO  main            d.u.i.k.p.r.p.TestFile    ... finished proof: closed. 
309834     INFO  main            d.u.i.k.p.i.AbstractProblemLoader Loading environment from /home/runner/work/key/key/key.core/../key.ui/examples/standard_key/inEqSimp/quadraticInEq10.key.proof 
309834     DEBUG main            d.u.i.k.p.i.AbstractProblemLoader Environment load took 126.4ns 
309835     INFO  main            d.u.i.k.p.i.AbstractProblemLoader Creating init config 
312555     DEBUG main            d.u.i.k.p.i.AbstractProblemLoader Init config took 2.72s 
312570     INFO  main            d.u.i.k.p.i.AbstractProblemLoader Replaying proof quadraticInEq10.key.proof 
312586     DEBUG main            d.u.i.k.p.i.IntermediateProofReplayer Proof replay took 10.13ms 
312592     DEBUG main            d.u.i.k.p.r.p.TestFile    ... success: reloaded. 
312593     INFO  main            d.u.i.k.p.r.p.TestFile    Now processing file /home/runner/work/key/key/key.core/../key.ui/examples/standard_key/inEqSimp/quadraticInEq13.key 
312593     INFO  main            d.u.i.k.p.i.AbstractProblemLoader Loading environment from /home/runner/work/key/key/key.core/../key.ui/examples/standard_key/inEqSimp/quadraticInEq13.key 
312594     DEBUG main            d.u.i.k.p.i.AbstractProblemLoader Environment load took 270.51ns 
312595     INFO  main            d.u.i.k.p.i.AbstractProblemLoader Creating init config 
315342     DEBUG main            d.u.i.k.p.i.AbstractProblemLoader Init config took 2.75s 
315358     INFO  main            d.u.i.k.p.i.AbstractProblemLoader Replaying proof quadraticInEq13.key 
315359     DEBUG main            d.u.i.k.p.i.IntermediateProofReplayer Proof replay took 3.4ns 
315662     INFO  main            d.u.i.k.p.r.p.TestFile    ... finished proof: closed. 
316058     INFO  main            d.u.i.k.p.i.AbstractProblemLoader Loading environment from /home/runner/work/key/key/key.core/../key.ui/examples/standard_key/inEqSimp/quadraticInEq13.key.proof 
316058     DEBUG main            d.u.i.k.p.i.AbstractProblemLoader Environment load took 105.1ns 
316059     INFO  main            d.u.i.k.p.i.AbstractProblemLoader Creating init config 
318714     DEBUG main            d.u.i.k.p.i.AbstractProblemLoader Init config took 2.66s 
318730     INFO  main            d.u.i.k.p.i.AbstractProblemLoader Replaying proof quadraticInEq13.key.proof 
318743     DEBUG main            d.u.i.k.p.i.IntermediateProofReplayer Proof replay took 10.45ms 
318744     DEBUG main            d.u.i.k.p.r.p.TestFile    ... success: reloaded. 
318745     INFO  main            d.u.i.k.p.r.p.TestFile    Now processing file /home/runner/work/key/key/key.core/../key.ui/examples/standard_key/inEqSimp/quadraticInEq14.key 
318745     INFO  main            d.u.i.k.p.i.AbstractProblemLoader Loading environment from /home/runner/work/key/key/key.core/../key.ui/examples/standard_key/inEqSimp/quadraticInEq14.key 
318745     DEBUG main            d.u.i.k.p.i.AbstractProblemLoader Environment load took 59.1ns 
318746     INFO  main            d.u.i.k.p.i.AbstractProblemLoader Creating init config 
321433     DEBUG main            d.u.i.k.p.i.AbstractProblemLoader Init config took 2.69s 
321470     INFO  main            d.u.i.k.p.i.AbstractProblemLoader Replaying proof quadraticInEq14.key 
321472     DEBUG main            d.u.i.k.p.i.IntermediateProofReplayer Proof replay took 3.7ns 
321774     INFO  main            d.u.i.k.p.r.p.TestFile    ... finished proof: closed. 
322199     INFO  main            d.u.i.k.p.i.AbstractProblemLoader Loading environment from /home/runner/work/key/key/key.core/../key.ui/examples/standard_key/inEqSimp/quadraticInEq14.key.proof 
322199     DEBUG main            d.u.i.k.p.i.AbstractProblemLoader Environment load took 112.2ns 
322200     INFO  main            d.u.i.k.p.i.AbstractProblemLoader Creating init config 
324855     DEBUG main            d.u.i.k.p.i.AbstractProblemLoader Init config took 2.65s 
324883     INFO  main            d.u.i.k.p.i.AbstractProblemLoader Replaying proof quadraticInEq14.key.proof 
324900     DEBUG main            d.u.i.k.p.i.IntermediateProofReplayer Proof replay took 13.09ms 
324901     DEBUG main            d.u.i.k.p.r.p.TestFile    ... success: reloaded. 
324902     INFO  main            d.u.i.k.p.r.p.TestFile    Now processing file /home/runner/work/key/key/key.core/../key.ui/examples/standard_key/inEqSimp/quadraticInEq2.key 
324902     INFO  main            d.u.i.k.p.i.AbstractProblemLoader Loading environment from /home/runner/work/key/key/key.core/../key.ui/examples/standard_key/inEqSimp/quadraticInEq2.key 
324902     DEBUG main            d.u.i.k.p.i.AbstractProblemLoader Environment load took 110.4ns 
324903     INFO  main            d.u.i.k.p.i.AbstractProblemLoader Creating init config 
327596     DEBUG main            d.u.i.k.p.i.AbstractProblemLoader Init config took 2.69s 
327611     INFO  main            d.u.i.k.p.i.AbstractProblemLoader Replaying proof quadraticInEq2.key 
327612     DEBUG main            d.u.i.k.p.i.IntermediateProofReplayer Proof replay took 3.4ns 
327716     INFO  main            d.u.i.k.p.r.p.TestFile    ... finished proof: closed. 
328121     INFO  main            d.u.i.k.p.i.AbstractProblemLoader Loading environment from /home/runner/work/key/key/key.core/../key.ui/examples/standard_key/inEqSimp/quadraticInEq2.key.proof 
328121     DEBUG main            d.u.i.k.p.i.AbstractProblemLoader Environment load took 110.4ns 
328122     INFO  main            d.u.i.k.p.i.AbstractProblemLoader Creating init config 
330782     DEBUG main            d.u.i.k.p.i.AbstractProblemLoader Init config took 2.66s 
330813     INFO  main            d.u.i.k.p.i.AbstractProblemLoader Replaying proof quadraticInEq2.key.proof 
330817     DEBUG main            d.u.i.k.p.i.IntermediateProofReplayer Proof replay took 2.08ms 
330818     DEBUG main            d.u.i.k.p.r.p.TestFile    ... success: reloaded. 
330819     INFO  main            d.u.i.k.p.r.p.TestFile    Now processing file /home/runner/work/key/key/key.core/../key.ui/examples/standard_key/inEqSimp/quadraticInEq3.key 
330819     INFO  main            d.u.i.k.p.i.AbstractProblemLoader Loading environment from /home/runner/work/key/key/key.core/../key.ui/examples/standard_key/inEqSimp/quadraticInEq3.key 
330819     DEBUG main            d.u.i.k.p.i.AbstractProblemLoader Environment load took 57.6ns 
330820     INFO  main            d.u.i.k.p.i.AbstractProblemLoader Creating init config 
333553     DEBUG main            d.u.i.k.p.i.AbstractProblemLoader Init config took 2.73s 
333568     INFO  main            d.u.i.k.p.i.AbstractProblemLoader Replaying proof quadraticInEq3.key 
333569     DEBUG main            d.u.i.k.p.i.IntermediateProofReplayer Proof replay took 3.5ns 
333675     INFO  main            d.u.i.k.p.r.p.TestFile    ... finished proof: closed. 
334084     INFO  main            d.u.i.k.p.i.AbstractProblemLoader Loading environment from /home/runner/work/key/key/key.core/../key.ui/examples/standard_key/inEqSimp/quadraticInEq3.key.proof 
334085     DEBUG main            d.u.i.k.p.i.AbstractProblemLoader Environment load took 107.1ns 
334086     INFO  main            d.u.i.k.p.i.AbstractProblemLoader Creating init config 
336756     DEBUG main            d.u.i.k.p.i.AbstractProblemLoader Init config took 2.67s 
336772     INFO  main            d.u.i.k.p.i.AbstractProblemLoader Replaying proof quadraticInEq3.key.proof 
336779     DEBUG main            d.u.i.k.p.i.IntermediateProofReplayer Proof replay took 5.35ms 
336780     DEBUG main            d.u.i.k.p.r.p.TestFile    ... success: reloaded. 
336781     INFO  main            d.u.i.k.p.r.p.TestFile    Now processing file /home/runner/work/key/key/key.core/../key.ui/examples/standard_key/inEqSimp/quadraticInEq4.key 
336781     INFO  main            d.u.i.k.p.i.AbstractProblemLoader Loading environment from /home/runner/work/key/key/key.core/../key.ui/examples/standard_key/inEqSimp/quadraticInEq4.key 
336781     DEBUG main            d.u.i.k.p.i.AbstractProblemLoader Environment load took 84.1ns 
336782     INFO  main            d.u.i.k.p.i.AbstractProblemLoader Creating init config 
339531     DEBUG main            d.u.i.k.p.i.AbstractProblemLoader Init config took 2.75s 
339546     INFO  main            d.u.i.k.p.i.AbstractProblemLoader Replaying proof quadraticInEq4.key 
339549     DEBUG main            d.u.i.k.p.i.IntermediateProofReplayer Proof replay took 3.7ns 
339651     INFO  main            d.u.i.k.p.r.p.TestFile    ... finished proof: closed. 
340066     INFO  main            d.u.i.k.p.i.AbstractProblemLoader Loading environment from /home/runner/work/key/key/key.core/../key.ui/examples/standard_key/inEqSimp/quadraticInEq4.key.proof 
340067     DEBUG main            d.u.i.k.p.i.AbstractProblemLoader Environment load took 99.7ns 
340068     INFO  main            d.u.i.k.p.i.AbstractProblemLoader Creating init config 
342743     DEBUG main            d.u.i.k.p.i.AbstractProblemLoader Init config took 2.68s 
342758     INFO  main            d.u.i.k.p.i.AbstractProblemLoader Replaying proof quadraticInEq4.key.proof 
342763     DEBUG main            d.u.i.k.p.i.IntermediateProofReplayer Proof replay took 3.1ms 
342765     DEBUG main            d.u.i.k.p.r.p.TestFile    ... success: reloaded. 
342765     INFO  main            d.u.i.k.p.r.p.TestFile    Now processing file /home/runner/work/key/key/key.core/../key.ui/examples/standard_key/inEqSimp/quadraticInEq5.key 
342766     INFO  main            d.u.i.k.p.i.AbstractProblemLoader Loading environment from /home/runner/work/key/key/key.core/../key.ui/examples/standard_key/inEqSimp/quadraticInEq5.key 
342766     DEBUG main            d.u.i.k.p.i.AbstractProblemLoader Environment load took 107ns 
342767     INFO  main            d.u.i.k.p.i.AbstractProblemLoader Creating init config 
345503     DEBUG main            d.u.i.k.p.i.AbstractProblemLoader Init config took 2.74s 
345518     INFO  main            d.u.i.k.p.i.AbstractProblemLoader Replaying proof quadraticInEq5.key 
345519     DEBUG main            d.u.i.k.p.i.IntermediateProofReplayer Proof replay took 3.4ns 
345623     INFO  main            d.u.i.k.p.r.p.TestFile    ... finished proof: closed. 
346048     INFO  main            d.u.i.k.p.i.AbstractProblemLoader Loading environment from /home/runner/work/key/key/key.core/../key.ui/examples/standard_key/inEqSimp/quadraticInEq5.key.proof 
346048     DEBUG main            d.u.i.k.p.i.AbstractProblemLoader Environment load took 106.6ns 
346049     INFO  main            d.u.i.k.p.i.AbstractProblemLoader Creating init config 
348722     DEBUG main            d.u.i.k.p.i.AbstractProblemLoader Init config took 2.67s 
348737     INFO  main            d.u.i.k.p.i.AbstractProblemLoader Replaying proof quadraticInEq5.key.proof 
348743     DEBUG main            d.u.i.k.p.i.IntermediateProofReplayer Proof replay took 3.3ms 
348743     DEBUG main            d.u.i.k.p.r.p.TestFile    ... success: reloaded. 
348744     INFO  main            d.u.i.k.p.r.p.TestFile    Now processing file /home/runner/work/key/key/key.core/../key.ui/examples/standard_key/inEqSimp/quadraticInEq6.key 
348745     INFO  main            d.u.i.k.p.i.AbstractProblemLoader Loading environment from /home/runner/work/key/key/key.core/../key.ui/examples/standard_key/inEqSimp/quadraticInEq6.key 
348745     DEBUG main            d.u.i.k.p.i.AbstractProblemLoader Environment load took 77.3ns 
348746     INFO  main            d.u.i.k.p.i.AbstractProblemLoader Creating init config 
351462     DEBUG main            d.u.i.k.p.i.AbstractProblemLoader Init config took 2.72s 
351478     INFO  main            d.u.i.k.p.i.AbstractProblemLoader Replaying proof quadraticInEq6.key 
351479     DEBUG main            d.u.i.k.p.i.IntermediateProofReplayer Proof replay took 3.3ns 
351582     INFO  main            d.u.i.k.p.r.p.TestFile    ... finished proof: closed. 
352010     INFO  main            d.u.i.k.p.i.AbstractProblemLoader Loading environment from /home/runner/work/key/key/key.core/../key.ui/examples/standard_key/inEqSimp/quadraticInEq6.key.proof 
352010     DEBUG main            d.u.i.k.p.i.AbstractProblemLoader Environment load took 102.7ns 
352011     INFO  main            d.u.i.k.p.i.AbstractProblemLoader Creating init config 
354706     DEBUG main            d.u.i.k.p.i.AbstractProblemLoader Init config took 2.7s 
354722     INFO  main            d.u.i.k.p.i.AbstractProblemLoader Replaying proof quadraticInEq6.key.proof 
354727     DEBUG main            d.u.i.k.p.i.IntermediateProofReplayer Proof replay took 3.88ms 
354728     DEBUG main            d.u.i.k.p.r.p.TestFile    ... success: reloaded. 
354729     INFO  main            d.u.i.k.p.r.p.TestFile    Now processing file /home/runner/work/key/key/key.core/../key.ui/examples/standard_key/inEqSimp/quadraticInEq7.key 
354729     INFO  main            d.u.i.k.p.i.AbstractProblemLoader Loading environment from /home/runner/work/key/key/key.core/../key.ui/examples/standard_key/inEqSimp/quadraticInEq7.key 
354729     DEBUG main            d.u.i.k.p.i.AbstractProblemLoader Environment load took 132.5ns 
354730     INFO  main            d.u.i.k.p.i.AbstractProblemLoader Creating init config 
357587     DEBUG main            d.u.i.k.p.i.AbstractProblemLoader Init config took 2.86s 
357602     INFO  main            d.u.i.k.p.i.AbstractProblemLoader Replaying proof quadraticInEq7.key 
357605     DEBUG main            d.u.i.k.p.i.IntermediateProofReplayer Proof replay took 3.5ns 
357706     INFO  main            d.u.i.k.p.r.p.TestFile    ... finished proof: closed. 
358141     INFO  main            d.u.i.k.p.i.AbstractProblemLoader Loading environment from /home/runner/work/key/key/key.core/../key.ui/examples/standard_key/inEqSimp/quadraticInEq7.key.proof 
358142     DEBUG main            d.u.i.k.p.i.AbstractProblemLoader Environment load took 145.6ns 
358143     INFO  main            d.u.i.k.p.i.AbstractProblemLoader Creating init config 
360828     DEBUG main            d.u.i.k.p.i.AbstractProblemLoader Init config took 2.69s 
360844     INFO  main            d.u.i.k.p.i.AbstractProblemLoader Replaying proof quadraticInEq7.key.proof 
360847     DEBUG main            d.u.i.k.p.i.IntermediateProofReplayer Proof replay took 1.86ms 
360849     DEBUG main            d.u.i.k.p.r.p.TestFile    ... success: reloaded. 
360850     INFO  main            d.u.i.k.p.r.p.TestFile    Now processing file /home/runner/work/key/key/key.core/../key.ui/examples/standard_key/inEqSimp/quadraticInEq8.key 
360850     INFO  main            d.u.i.k.p.i.AbstractProblemLoader Loading environment from /home/runner/work/key/key/key.core/../key.ui/examples/standard_key/inEqSimp/quadraticInEq8.key 
360851     DEBUG main            d.u.i.k.p.i.AbstractProblemLoader Environment load took 55.6ns 
360855     INFO  main            d.u.i.k.p.i.AbstractProblemLoader Creating init config 
363662     DEBUG main            d.u.i.k.p.i.AbstractProblemLoader Init config took 2.81s 
363677     INFO  main            d.u.i.k.p.i.AbstractProblemLoader Replaying proof quadraticInEq8.key 
363679     DEBUG main            d.u.i.k.p.i.IntermediateProofReplayer Proof replay took 3.8ns 
363781     INFO  main            d.u.i.k.p.r.p.TestFile    ... finished proof: closed. 
364210     INFO  main            d.u.i.k.p.i.AbstractProblemLoader Loading environment from /home/runner/work/key/key/key.core/../key.ui/examples/standard_key/inEqSimp/quadraticInEq8.key.proof 
364210     DEBUG main            d.u.i.k.p.i.AbstractProblemLoader Environment load took 112.6ns 
364212     INFO  main            d.u.i.k.p.i.AbstractProblemLoader Creating init config 
366877     DEBUG main            d.u.i.k.p.i.AbstractProblemLoader Init config took 2.67s 
366892     INFO  main            d.u.i.k.p.i.AbstractProblemLoader Replaying proof quadraticInEq8.key.proof 
366899     DEBUG main            d.u.i.k.p.i.IntermediateProofReplayer Proof replay took 4.67ms 
366900     DEBUG main            d.u.i.k.p.r.p.TestFile    ... success: reloaded. 
366901     INFO  main            d.u.i.k.p.r.p.TestFile    Now processing file /home/runner/work/key/key/key.core/../key.ui/examples/standard_key/inEqSimp/simplify0.key 
366901     INFO  main            d.u.i.k.p.i.AbstractProblemLoader Loading environment from /home/runner/work/key/key/key.core/../key.ui/examples/standard_key/inEqSimp/simplify0.key 
366902     DEBUG main            d.u.i.k.p.i.AbstractProblemLoader Environment load took 112.8ns 
366903     INFO  main            d.u.i.k.p.i.AbstractProblemLoader Creating init config 
369621     DEBUG main            d.u.i.k.p.i.AbstractProblemLoader Init config took 2.72s 
369637     INFO  main            d.u.i.k.p.i.AbstractProblemLoader Replaying proof simplify0.key 
369638     DEBUG main            d.u.i.k.p.i.IntermediateProofReplayer Proof replay took 3.1ns 
369740     INFO  main            d.u.i.k.p.r.p.TestFile    ... finished proof: closed. 
370174     INFO  main            d.u.i.k.p.i.AbstractProblemLoader Loading environment from /home/runner/work/key/key/key.core/../key.ui/examples/standard_key/inEqSimp/simplify0.key.proof 
370175     DEBUG main            d.u.i.k.p.i.AbstractProblemLoader Environment load took 94.4ns 
370178     INFO  main            d.u.i.k.p.i.AbstractProblemLoader Creating init config 
372911     DEBUG main            d.u.i.k.p.i.AbstractProblemLoader Init config took 2.73s 
372927     INFO  main            d.u.i.k.p.i.AbstractProblemLoader Replaying proof simplify0.key.proof 
372930     DEBUG main            d.u.i.k.p.i.IntermediateProofReplayer Proof replay took 929.83ns 
372931     DEBUG main            d.u.i.k.p.r.p.TestFile    ... success: reloaded. 
372932     INFO  main            d.u.i.k.p.r.p.TestFile    Now processing file /home/runner/work/key/key/key.core/../key.ui/examples/standard_key/inEqSimp/simplify1.key 
372932     INFO  main            d.u.i.k.p.i.AbstractProblemLoader Loading environment from /home/runner/work/key/key/key.core/../key.ui/examples/standard_key/inEqSimp/simplify1.key 
372932     DEBUG main            d.u.i.k.p.i.AbstractProblemLoader Environment load took 207.01ns 
372933     INFO  main            d.u.i.k.p.i.AbstractProblemLoader Creating init config 
375636     DEBUG main            d.u.i.k.p.i.AbstractProblemLoader Init config took 2.7s 
375651     INFO  main            d.u.i.k.p.i.AbstractProblemLoader Replaying proof simplify1.key 
375652     DEBUG main            d.u.i.k.p.i.IntermediateProofReplayer Proof replay took 3.9ns 
375754     INFO  main            d.u.i.k.p.r.p.TestFile    ... finished proof: closed. 
376208     INFO  main            d.u.i.k.p.i.AbstractProblemLoader Loading environment from /home/runner/work/key/key/key.core/../key.ui/examples/standard_key/inEqSimp/simplify1.key.proof 
376209     DEBUG main            d.u.i.k.p.i.AbstractProblemLoader Environment load took 95.8ns 
376210     INFO  main            d.u.i.k.p.i.AbstractProblemLoader Creating init config 
378984     DEBUG main            d.u.i.k.p.i.AbstractProblemLoader Init config took 2.77s 
379000     INFO  main            d.u.i.k.p.i.AbstractProblemLoader Replaying proof simplify1.key.proof 
379002     DEBUG main            d.u.i.k.p.i.IntermediateProofReplayer Proof replay took 1.07ms 
379003     DEBUG main            d.u.i.k.p.r.p.TestFile    ... success: reloaded. 
379003     INFO  main            d.u.i.k.p.r.p.TestFile    Now processing file /home/runner/work/key/key/key.core/../key.ui/examples/standard_key/inEqSimp/simplify2.key 
379004     INFO  main            d.u.i.k.p.i.AbstractProblemLoader Loading environment from /home/runner/work/key/key/key.core/../key.ui/examples/standard_key/inEqSimp/simplify2.key 
379004     DEBUG main            d.u.i.k.p.i.AbstractProblemLoader Environment load took 55.5ns 
379005     INFO  main            d.u.i.k.p.i.AbstractProblemLoader Creating init config 
381764     DEBUG main            d.u.i.k.p.i.AbstractProblemLoader Init config took 2.76s 
381781     INFO  main            d.u.i.k.p.i.AbstractProblemLoader Replaying proof simplify2.key 
381782     DEBUG main            d.u.i.k.p.i.IntermediateProofReplayer Proof replay took 4.3ns 
381984     INFO  main            d.u.i.k.p.r.p.TestFile    ... finished proof: closed. 
382448     INFO  main            d.u.i.k.p.i.AbstractProblemLoader Loading environment from /home/runner/work/key/key/key.core/../key.ui/examples/standard_key/inEqSimp/simplify2.key.proof 
382448     DEBUG main            d.u.i.k.p.i.AbstractProblemLoader Environment load took 97.4ns 
382450     INFO  main            d.u.i.k.p.i.AbstractProblemLoader Creating init config 
385144     DEBUG main            d.u.i.k.p.i.AbstractProblemLoader Init config took 2.69s 
385159     INFO  main            d.u.i.k.p.i.AbstractProblemLoader Replaying proof simplify2.key.proof 
385168     DEBUG main            d.u.i.k.p.i.IntermediateProofReplayer Proof replay took 7.23ms 
385169     DEBUG main            d.u.i.k.p.r.p.TestFile    ... success: reloaded. 
385170     INFO  main            d.u.i.k.p.r.p.TestFile    Now processing file /home/runner/work/key/key/key.core/../key.ui/examples/standard_key/inEqSimp/simplify3.key 
385170     INFO  main            d.u.i.k.p.i.AbstractProblemLoader Loading environment from /home/runner/work/key/key/key.core/../key.ui/examples/standard_key/inEqSimp/simplify3.key 
385170     DEBUG main            d.u.i.k.p.i.AbstractProblemLoader Environment load took 59.4ns 
385171     INFO  main            d.u.i.k.p.i.AbstractProblemLoader Creating init config 
387979     DEBUG main            d.u.i.k.p.i.AbstractProblemLoader Init config took 2.81s 
387996     INFO  main            d.u.i.k.p.i.AbstractProblemLoader Replaying proof simplify3.key 
387997     DEBUG main            d.u.i.k.p.i.IntermediateProofReplayer Proof replay took 3.7ns 
388099     INFO  main            d.u.i.k.p.r.p.TestFile    ... finished proof: closed. 
388589     INFO  main            d.u.i.k.p.i.AbstractProblemLoader Loading environment from /home/runner/work/key/key/key.core/../key.ui/examples/standard_key/inEqSimp/simplify3.key.proof 
388589     DEBUG main            d.u.i.k.p.i.AbstractProblemLoader Environment load took 93.8ns 
388591     INFO  main            d.u.i.k.p.i.AbstractProblemLoader Creating init config 
391289     DEBUG main            d.u.i.k.p.i.AbstractProblemLoader Init config took 2.7s 
391304     INFO  main            d.u.i.k.p.i.AbstractProblemLoader Replaying proof simplify3.key.proof 
391307     DEBUG main            d.u.i.k.p.i.IntermediateProofReplayer Proof replay took 1.62ms 
391308     DEBUG main            d.u.i.k.p.r.p.TestFile    ... success: reloaded. 
391308     INFO  main            d.u.i.k.p.r.p.TestFile    Now processing file /home/runner/work/key/key/key.core/../key.ui/examples/standard_key/inEqSimp/simplify4.key 
391309     INFO  main            d.u.i.k.p.i.AbstractProblemLoader Loading environment from /home/runner/work/key/key/key.core/../key.ui/examples/standard_key/inEqSimp/simplify4.key 
391309     DEBUG main            d.u.i.k.p.i.AbstractProblemLoader Environment load took 53.1ns 
391310     INFO  main            d.u.i.k.p.i.AbstractProblemLoader Creating init config 
394054     DEBUG main            d.u.i.k.p.i.AbstractProblemLoader Init config took 2.74s 
394070     INFO  main            d.u.i.k.p.i.AbstractProblemLoader Replaying proof simplify4.key 
394071     DEBUG main            d.u.i.k.p.i.IntermediateProofReplayer Proof replay took 3.3ns 
394273     INFO  main            d.u.i.k.p.r.p.TestFile    ... finished proof: closed. 
394727     INFO  main            d.u.i.k.p.i.AbstractProblemLoader Loading environment from /home/runner/work/key/key/key.core/../key.ui/examples/standard_key/inEqSimp/simplify4.key.proof 
394727     DEBUG main            d.u.i.k.p.i.AbstractProblemLoader Environment load took 97.3ns 
394728     INFO  main            d.u.i.k.p.i.AbstractProblemLoader Creating init config 
397379     DEBUG main            d.u.i.k.p.i.AbstractProblemLoader Init config took 2.65s 
397395     INFO  main            d.u.i.k.p.i.AbstractProblemLoader Replaying proof simplify4.key.proof 
397403     DEBUG main            d.u.i.k.p.i.IntermediateProofReplayer Proof replay took 5.69ms 
397403     DEBUG main            d.u.i.k.p.r.p.TestFile    ... success: reloaded. 
397404     INFO  main            d.u.i.k.p.r.p.TestFile    Now processing file /home/runner/work/key/key/key.core/../key.ui/examples/standard_key/inEqSimp/simplify5.key 
397404     INFO  main            d.u.i.k.p.i.AbstractProblemLoader Loading environment from /home/runner/work/key/key/key.core/../key.ui/examples/standard_key/inEqSimp/simplify5.key 
397404     DEBUG main            d.u.i.k.p.i.AbstractProblemLoader Environment load took 74.1ns 
397405     INFO  main            d.u.i.k.p.i.AbstractProblemLoader Creating init config 
400187     DEBUG main            d.u.i.k.p.i.AbstractProblemLoader Init config took 2.78s 
400204     INFO  main            d.u.i.k.p.i.AbstractProblemLoader Replaying proof simplify5.key 
400206     DEBUG main            d.u.i.k.p.i.IntermediateProofReplayer Proof replay took 3.7ns 
400811     INFO  main            d.u.i.k.p.r.p.TestFile    ... finished proof: closed. 
401330     INFO  main            d.u.i.k.p.i.AbstractProblemLoader Loading environment from /home/runner/work/key/key/key.core/../key.ui/examples/standard_key/inEqSimp/simplify5.key.proof 
401331     DEBUG main            d.u.i.k.p.i.AbstractProblemLoader Environment load took 542.12ns 
401333     INFO  main            d.u.i.k.p.i.AbstractProblemLoader Creating init config 
404054     DEBUG main            d.u.i.k.p.i.AbstractProblemLoader Init config took 2.72s 
404070     INFO  main            d.u.i.k.p.i.AbstractProblemLoader Replaying proof simplify5.key.proof 
404115     DEBUG main            d.u.i.k.p.i.IntermediateProofReplayer Proof replay took 38.43ms 
404118     DEBUG main            d.u.i.k.p.r.p.TestFile    ... success: reloaded. 
404126     INFO  main            d.u.i.k.p.r.p.TestFile    Now processing file /home/runner/work/key/key/key.core/../key.ui/examples/standard_key/inEqSimp/subsumptionExample.key 
404126     INFO  main            d.u.i.k.p.i.AbstractProblemLoader Loading environment from /home/runner/work/key/key/key.core/../key.ui/examples/standard_key/inEqSimp/subsumptionExample.key 
404126     DEBUG main            d.u.i.k.p.i.AbstractProblemLoader Environment load took 270.11ns 
404127     INFO  main            d.u.i.k.p.i.AbstractProblemLoader Creating init config 
406896     DEBUG main            d.u.i.k.p.i.AbstractProblemLoader Init config took 2.77s 
406911     INFO  main            d.u.i.k.p.i.AbstractProblemLoader Replaying proof subsumptionExample.key 
406912     DEBUG main            d.u.i.k.p.i.IntermediateProofReplayer Proof replay took 3.9ns 
407016     INFO  main            d.u.i.k.p.r.p.TestFile    ... finished proof: closed. 
407521     INFO  main            d.u.i.k.p.i.AbstractProblemLoader Loading environment from /home/runner/work/key/key/key.core/../key.ui/examples/standard_key/inEqSimp/subsumptionExample.key.proof 
407521     DEBUG main            d.u.i.k.p.i.AbstractProblemLoader Environment load took 94.6ns 
407522     INFO  main            d.u.i.k.p.i.AbstractProblemLoader Creating init config 
410291     DEBUG main            d.u.i.k.p.i.AbstractProblemLoader Init config took 2.77s 
410306     INFO  main            d.u.i.k.p.i.AbstractProblemLoader Replaying proof subsumptionExample.key.proof 
410308     DEBUG main            d.u.i.k.p.i.IntermediateProofReplayer Proof replay took 641.92ns 
410309     DEBUG main            d.u.i.k.p.r.p.TestFile    ... success: reloaded. 
410310     INFO  main            d.u.i.k.p.r.p.TestFile    Now processing file /home/runner/work/key/key/key.core/../key.ui/examples/standard_key/polySimp/simplify0.key 
410310     INFO  main            d.u.i.k.p.i.AbstractProblemLoader Loading environment from /home/runner/work/key/key/key.core/../key.ui/examples/standard_key/polySimp/simplify0.key 
410310     DEBUG main            d.u.i.k.p.i.AbstractProblemLoader Environment load took 52.1ns 
410311     INFO  main            d.u.i.k.p.i.AbstractProblemLoader Creating init config 
413116     DEBUG main            d.u.i.k.p.i.AbstractProblemLoader Init config took 2.8s 
413135     INFO  main            d.u.i.k.p.i.AbstractProblemLoader Replaying proof simplify0.key 
413136     DEBUG main            d.u.i.k.p.i.IntermediateProofReplayer Proof replay took 3.6ns 
413339     INFO  main            d.u.i.k.p.r.p.TestFile    ... finished proof: closed. 
413851     INFO  main            d.u.i.k.p.i.AbstractProblemLoader Loading environment from /home/runner/work/key/key/key.core/../key.ui/examples/standard_key/polySimp/simplify0.key.proof 
413851     DEBUG main            d.u.i.k.p.i.AbstractProblemLoader Environment load took 96.5ns 
413853     INFO  main            d.u.i.k.p.i.AbstractProblemLoader Creating init config 
416604     DEBUG main            d.u.i.k.p.i.AbstractProblemLoader Init config took 2.75s 
416621     INFO  main            d.u.i.k.p.i.AbstractProblemLoader Replaying proof simplify0.key.proof 
416629     DEBUG main            d.u.i.k.p.i.IntermediateProofReplayer Proof replay took 5.34ms 
416630     DEBUG main            d.u.i.k.p.r.p.TestFile    ... success: reloaded. 
416630     INFO  main            d.u.i.k.p.r.p.TestFile    Now processing file /home/runner/work/key/key/key.core/../key.ui/examples/standard_key/polySimp/simplify1.key 
416631     INFO  main            d.u.i.k.p.i.AbstractProblemLoader Loading environment from /home/runner/work/key/key/key.core/../key.ui/examples/standard_key/polySimp/simplify1.key 
416631     DEBUG main            d.u.i.k.p.i.AbstractProblemLoader Environment load took 55.7ns 
416632     INFO  main            d.u.i.k.p.i.AbstractProblemLoader Creating init config 
419366     DEBUG main            d.u.i.k.p.i.AbstractProblemLoader Init config took 2.73s 
419381     INFO  main            d.u.i.k.p.i.AbstractProblemLoader Replaying proof simplify1.key 
419382     DEBUG main            d.u.i.k.p.i.IntermediateProofReplayer Proof replay took 3.7ns 
419785     INFO  main            d.u.i.k.p.r.p.TestFile    ... finished proof: closed. 
420298     INFO  main            d.u.i.k.p.i.AbstractProblemLoader Loading environment from /home/runner/work/key/key/key.core/../key.ui/examples/standard_key/polySimp/simplify1.key.proof 
420298     DEBUG main            d.u.i.k.p.i.AbstractProblemLoader Environment load took 93ns 
420300     INFO  main            d.u.i.k.p.i.AbstractProblemLoader Creating init config 
423042     DEBUG main            d.u.i.k.p.i.AbstractProblemLoader Init config took 2.74s 
423058     INFO  main            d.u.i.k.p.i.AbstractProblemLoader Replaying proof simplify1.key.proof 
423081     DEBUG main            d.u.i.k.p.i.IntermediateProofReplayer Proof replay took 7.32ms 
423083     DEBUG main            d.u.i.k.p.r.p.TestFile    ... success: reloaded. 
423083     INFO  main            d.u.i.k.p.r.p.TestFile    Now processing file /home/runner/work/key/key/key.core/../key.ui/examples/standard_key/polySimp/simplify10.key 
423083     INFO  main            d.u.i.k.p.i.AbstractProblemLoader Loading environment from /home/runner/work/key/key/key.core/../key.ui/examples/standard_key/polySimp/simplify10.key 
423083     DEBUG main            d.u.i.k.p.i.AbstractProblemLoader Environment load took 48.9ns 
423085     INFO  main            d.u.i.k.p.i.AbstractProblemLoader Creating init config 
425818     DEBUG main            d.u.i.k.p.i.AbstractProblemLoader Init config took 2.73s 
425835     INFO  main            d.u.i.k.p.i.AbstractProblemLoader Replaying proof simplify10.key 
425836     DEBUG main            d.u.i.k.p.i.IntermediateProofReplayer Proof replay took 4.3ns 
426139     INFO  main            d.u.i.k.p.r.p.TestFile    ... finished proof: closed. 
426672     INFO  main            d.u.i.k.p.i.AbstractProblemLoader Loading environment from /home/runner/work/key/key/key.core/../key.ui/examples/standard_key/polySimp/simplify10.key.proof 
426672     DEBUG main            d.u.i.k.p.i.AbstractProblemLoader Environment load took 92.5ns 
426674     INFO  main            d.u.i.k.p.i.AbstractProblemLoader Creating init config 
429527     DEBUG main            d.u.i.k.p.i.AbstractProblemLoader Init config took 2.85s 
429545     INFO  main            d.u.i.k.p.i.AbstractProblemLoader Replaying proof simplify10.key.proof 
429558     DEBUG main            d.u.i.k.p.i.IntermediateProofReplayer Proof replay took 9.95ms 
429559     DEBUG main            d.u.i.k.p.r.p.TestFile    ... success: reloaded. 
429560     INFO  main            d.u.i.k.p.r.p.TestFile    Now processing file /home/runner/work/key/key/key.core/../key.ui/examples/standard_key/polySimp/simplify11.key 
429560     INFO  main            d.u.i.k.p.i.AbstractProblemLoader Loading environment from /home/runner/work/key/key/key.core/../key.ui/examples/standard_key/polySimp/simplify11.key 
429560     DEBUG main            d.u.i.k.p.i.AbstractProblemLoader Environment load took 57.9ns 
429561     INFO  main            d.u.i.k.p.i.AbstractProblemLoader Creating init config 
432293     DEBUG main            d.u.i.k.p.i.AbstractProblemLoader Init config took 2.73s 
432308     INFO  main            d.u.i.k.p.i.AbstractProblemLoader Replaying proof simplify11.key 
432309     DEBUG main            d.u.i.k.p.i.IntermediateProofReplayer Proof replay took 3.6ns 
432612     INFO  main            d.u.i.k.p.r.p.TestFile    ... finished proof: closed. 
433163     INFO  main            d.u.i.k.p.i.AbstractProblemLoader Loading environment from /home/runner/work/key/key/key.core/../key.ui/examples/standard_key/polySimp/simplify11.key.proof 
433163     DEBUG main            d.u.i.k.p.i.AbstractProblemLoader Environment load took 91.2ns 
433164     INFO  main            d.u.i.k.p.i.AbstractProblemLoader Creating init config 
435883     DEBUG main            d.u.i.k.p.i.AbstractProblemLoader Init config took 2.72s 
435898     INFO  main            d.u.i.k.p.i.AbstractProblemLoader Replaying proof simplify11.key.proof 
435909     DEBUG main            d.u.i.k.p.i.IntermediateProofReplayer Proof replay took 8.23ms 
435911     DEBUG main            d.u.i.k.p.r.p.TestFile    ... success: reloaded. 
435911     INFO  main            d.u.i.k.p.r.p.TestFile    Now processing file /home/runner/work/key/key/key.core/../key.ui/examples/standard_key/polySimp/simplify12.key 
435911     INFO  main            d.u.i.k.p.i.AbstractProblemLoader Loading environment from /home/runner/work/key/key/key.core/../key.ui/examples/standard_key/polySimp/simplify12.key 
435911     DEBUG main            d.u.i.k.p.i.AbstractProblemLoader Environment load took 52.2ns 
435912     INFO  main            d.u.i.k.p.i.AbstractProblemLoader Creating init config 
438615     DEBUG main            d.u.i.k.p.i.AbstractProblemLoader Init config took 2.7s 
438630     INFO  main            d.u.i.k.p.i.AbstractProblemLoader Replaying proof simplify12.key 
438631     DEBUG main            d.u.i.k.p.i.IntermediateProofReplayer Proof replay took 3.7ns 
438733     INFO  main            d.u.i.k.p.r.p.TestFile    ... finished proof: closed. 
439253     INFO  main            d.u.i.k.p.i.AbstractProblemLoader Loading environment from /home/runner/work/key/key/key.core/../key.ui/examples/standard_key/polySimp/simplify12.key.proof 
439254     DEBUG main            d.u.i.k.p.i.AbstractProblemLoader Environment load took 129.1ns 
439255     INFO  main            d.u.i.k.p.i.AbstractProblemLoader Creating init config 
441929     DEBUG main            d.u.i.k.p.i.AbstractProblemLoader Init config took 2.67s 
441944     INFO  main            d.u.i.k.p.i.AbstractProblemLoader Replaying proof simplify12.key.proof 
441950     DEBUG main            d.u.i.k.p.i.IntermediateProofReplayer Proof replay took 4.09ms 
441951     DEBUG main            d.u.i.k.p.r.p.TestFile    ... success: reloaded. 
441952     INFO  main            d.u.i.k.p.r.p.TestFile    Now processing file /home/runner/work/key/key/key.core/../key.ui/examples/standard_key/polySimp/simplify13.key 
441952     INFO  main            d.u.i.k.p.i.AbstractProblemLoader Loading environment from /home/runner/work/key/key/key.core/../key.ui/examples/standard_key/polySimp/simplify13.key 
441952     DEBUG main            d.u.i.k.p.i.AbstractProblemLoader Environment load took 53.9ns 
441953     INFO  main            d.u.i.k.p.i.AbstractProblemLoader Creating init config 
444675     DEBUG main            d.u.i.k.p.i.AbstractProblemLoader Init config took 2.72s 
444690     INFO  main            d.u.i.k.p.i.AbstractProblemLoader Replaying proof simplify13.key 
444691     DEBUG main            d.u.i.k.p.i.IntermediateProofReplayer Proof replay took 4.3ns 
444793     INFO  main            d.u.i.k.p.r.p.TestFile    ... finished proof: closed. 
445310     INFO  main            d.u.i.k.p.i.AbstractProblemLoader Loading environment from /home/runner/work/key/key/key.core/../key.ui/examples/standard_key/polySimp/simplify13.key.proof 
445310     DEBUG main            d.u.i.k.p.i.AbstractProblemLoader Environment load took 99.7ns 
445311     INFO  main            d.u.i.k.p.i.AbstractProblemLoader Creating init config 
447975     DEBUG main            d.u.i.k.p.i.AbstractProblemLoader Init config took 2.66s 
447991     INFO  main            d.u.i.k.p.i.AbstractProblemLoader Replaying proof simplify13.key.proof 
447995     DEBUG main            d.u.i.k.p.i.IntermediateProofReplayer Proof replay took 3.27ms 
447996     DEBUG main            d.u.i.k.p.r.p.TestFile    ... success: reloaded. 
447997     INFO  main            d.u.i.k.p.r.p.TestFile    Now processing file /home/runner/work/key/key/key.core/../key.ui/examples/standard_key/polySimp/simplify14.key 
447997     INFO  main            d.u.i.k.p.i.AbstractProblemLoader Loading environment from /home/runner/work/key/key/key.core/../key.ui/examples/standard_key/polySimp/simplify14.key 
447997     DEBUG main            d.u.i.k.p.i.AbstractProblemLoader Environment load took 110.7ns 
447998     INFO  main            d.u.i.k.p.i.AbstractProblemLoader Creating init config 
450709     DEBUG main            d.u.i.k.p.i.AbstractProblemLoader Init config took 2.71s 
450725     INFO  main            d.u.i.k.p.i.AbstractProblemLoader Replaying proof simplify14.key 
450726     DEBUG main            d.u.i.k.p.i.IntermediateProofReplayer Proof replay took 4ns 
450829     INFO  main            d.u.i.k.p.r.p.TestFile    ... finished proof: closed. 
451335     INFO  main            d.u.i.k.p.i.AbstractProblemLoader Loading environment from /home/runner/work/key/key/key.core/../key.ui/examples/standard_key/polySimp/simplify14.key.proof 
451335     DEBUG main            d.u.i.k.p.i.AbstractProblemLoader Environment load took 95.8ns 
451336     INFO  main            d.u.i.k.p.i.AbstractProblemLoader Creating init config 
454027     DEBUG main            d.u.i.k.p.i.AbstractProblemLoader Init config took 2.69s 
454043     INFO  main            d.u.i.k.p.i.AbstractProblemLoader Replaying proof simplify14.key.proof 
454046     DEBUG main            d.u.i.k.p.i.IntermediateProofReplayer Proof replay took 517.72ns 
454048     DEBUG main            d.u.i.k.p.r.p.TestFile    ... success: reloaded. 
454048     INFO  main            d.u.i.k.p.r.p.TestFile    Now processing file /home/runner/work/key/key/key.core/../key.ui/examples/standard_key/polySimp/simplify15.key 
454048     INFO  main            d.u.i.k.p.i.AbstractProblemLoader Loading environment from /home/runner/work/key/key/key.core/../key.ui/examples/standard_key/polySimp/simplify15.key 
454048     DEBUG main            d.u.i.k.p.i.AbstractProblemLoader Environment load took 50.7ns 
454049     INFO  main            d.u.i.k.p.i.AbstractProblemLoader Creating init config 
456807     DEBUG main            d.u.i.k.p.i.AbstractProblemLoader Init config took 2.76s 
456822     INFO  main            d.u.i.k.p.i.AbstractProblemLoader Replaying proof simplify15.key 
456823     DEBUG main            d.u.i.k.p.i.IntermediateProofReplayer Proof replay took 3.7ns 
456925     INFO  main            d.u.i.k.p.r.p.TestFile    ... finished proof: closed. 
457444     INFO  main            d.u.i.k.p.i.AbstractProblemLoader Loading environment from /home/runner/work/key/key/key.core/../key.ui/examples/standard_key/polySimp/simplify15.key.proof 
457444     DEBUG main            d.u.i.k.p.i.AbstractProblemLoader Environment load took 91.1ns 
457445     INFO  main            d.u.i.k.p.i.AbstractProblemLoader Creating init config 
460137     DEBUG main            d.u.i.k.p.i.AbstractProblemLoader Init config took 2.69s 
460152     INFO  main            d.u.i.k.p.i.AbstractProblemLoader Replaying proof simplify15.key.proof 
460155     DEBUG main            d.u.i.k.p.i.IntermediateProofReplayer Proof replay took 354.11ns 
460156     DEBUG main            d.u.i.k.p.r.p.TestFile    ... success: reloaded. 
460157     INFO  main            d.u.i.k.p.r.p.TestFile    Now processing file /home/runner/work/key/key/key.core/../key.ui/examples/standard_key/polySimp/simplify16.key 
460157     INFO  main            d.u.i.k.p.i.AbstractProblemLoader Loading environment from /home/runner/work/key/key/key.core/../key.ui/examples/standard_key/polySimp/simplify16.key 
460157     DEBUG main            d.u.i.k.p.i.AbstractProblemLoader Environment load took 75ns 
460158     INFO  main            d.u.i.k.p.i.AbstractProblemLoader Creating init config 
462881     DEBUG main            d.u.i.k.p.i.AbstractProblemLoader Init config took 2.72s 
462897     INFO  main            d.u.i.k.p.i.AbstractProblemLoader Replaying proof simplify16.key 
462898     DEBUG main            d.u.i.k.p.i.IntermediateProofReplayer Proof replay took 3.8ns 
463000     INFO  main            d.u.i.k.p.r.p.TestFile    ... finished proof: closed. 
463528     INFO  main            d.u.i.k.p.i.AbstractProblemLoader Loading environment from /home/runner/work/key/key/key.core/../key.ui/examples/standard_key/polySimp/simplify16.key.proof 
463528     DEBUG main            d.u.i.k.p.i.AbstractProblemLoader Environment load took 112ns 
463529     INFO  main            d.u.i.k.p.i.AbstractProblemLoader Creating init config 
466203     DEBUG main            d.u.i.k.p.i.AbstractProblemLoader Init config took 2.67s 
466218     INFO  main            d.u.i.k.p.i.AbstractProblemLoader Replaying proof simplify16.key.proof 
466220     DEBUG main            d.u.i.k.p.i.IntermediateProofReplayer Proof replay took 250.51ns 
466221     DEBUG main            d.u.i.k.p.r.p.TestFile    ... success: reloaded. 
466221     INFO  main            d.u.i.k.p.r.p.TestFile    Now processing file /home/runner/work/key/key/key.core/../key.ui/examples/standard_key/polySimp/simplify17.key 
466221     INFO  main            d.u.i.k.p.i.AbstractProblemLoader Loading environment from /home/runner/work/key/key/key.core/../key.ui/examples/standard_key/polySimp/simplify17.key 
466221     DEBUG main            d.u.i.k.p.i.AbstractProblemLoader Environment load took 48.1ns 
466222     INFO  main            d.u.i.k.p.i.AbstractProblemLoader Creating init config 
468937     DEBUG main            d.u.i.k.p.i.AbstractProblemLoader Init config took 2.71s 
468952     INFO  main            d.u.i.k.p.i.AbstractProblemLoader Replaying proof simplify17.key 
468953     DEBUG main            d.u.i.k.p.i.IntermediateProofReplayer Proof replay took 3.6ns 
469055     INFO  main            d.u.i.k.p.r.p.TestFile    ... finished proof: closed. 
469591     INFO  main            d.u.i.k.p.i.AbstractProblemLoader Loading environment from /home/runner/work/key/key/key.core/../key.ui/examples/standard_key/polySimp/simplify17.key.proof 
469591     DEBUG main            d.u.i.k.p.i.AbstractProblemLoader Environment load took 92.9ns 
469592     INFO  main            d.u.i.k.p.i.AbstractProblemLoader Creating init config 
472273     DEBUG main            d.u.i.k.p.i.AbstractProblemLoader Init config took 2.68s 
472288     INFO  main            d.u.i.k.p.i.AbstractProblemLoader Replaying proof simplify17.key.proof 
472293     DEBUG main            d.u.i.k.p.i.IntermediateProofReplayer Proof replay took 3.17ms 
472294     DEBUG main            d.u.i.k.p.r.p.TestFile    ... success: reloaded. 
472294     INFO  main            d.u.i.k.p.r.p.TestFile    Now processing file /home/runner/work/key/key/key.core/../key.ui/examples/standard_key/polySimp/simplify18.key 
472294     INFO  main            d.u.i.k.p.i.AbstractProblemLoader Loading environment from /home/runner/work/key/key/key.core/../key.ui/examples/standard_key/polySimp/simplify18.key 
472294     DEBUG main            d.u.i.k.p.i.AbstractProblemLoader Environment load took 53.9ns 
472295     INFO  main            d.u.i.k.p.i.AbstractProblemLoader Creating init config 
475041     DEBUG main            d.u.i.k.p.i.AbstractProblemLoader Init config took 2.75s 
475057     INFO  main            d.u.i.k.p.i.AbstractProblemLoader Replaying proof simplify18.key 
475058     DEBUG main            d.u.i.k.p.i.IntermediateProofReplayer Proof replay took 3.9ns 
475261     INFO  main            d.u.i.k.p.r.p.TestFile    ... finished proof: closed. 
475838     INFO  main            d.u.i.k.p.i.AbstractProblemLoader Loading environment from /home/runner/work/key/key/key.core/../key.ui/examples/standard_key/polySimp/simplify18.key.proof 
475839     DEBUG main            d.u.i.k.p.i.AbstractProblemLoader Environment load took 88.7ns 
475840     INFO  main            d.u.i.k.p.i.AbstractProblemLoader Creating init config 
478664     DEBUG main            d.u.i.k.p.i.AbstractProblemLoader Init config took 2.82s 
478682     INFO  main            d.u.i.k.p.i.AbstractProblemLoader Replaying proof simplify18.key.proof 
478691     DEBUG main            d.u.i.k.p.i.IntermediateProofReplayer Proof replay took 7.03ms 
478692     DEBUG main            d.u.i.k.p.r.p.TestFile    ... success: reloaded. 
478694     INFO  main            d.u.i.k.p.r.p.TestFile    Now processing file /home/runner/work/key/key/key.core/../key.ui/examples/standard_key/polySimp/simplify19.key 
478694     INFO  main            d.u.i.k.p.i.AbstractProblemLoader Loading environment from /home/runner/work/key/key/key.core/../key.ui/examples/standard_key/polySimp/simplify19.key 
478694     DEBUG main            d.u.i.k.p.i.AbstractProblemLoader Environment load took 90.4ns 
478695     INFO  main            d.u.i.k.p.i.AbstractProblemLoader Creating init config 
481594     DEBUG main            d.u.i.k.p.i.AbstractProblemLoader Init config took 2.9s 
481611     INFO  main            d.u.i.k.p.i.AbstractProblemLoader Replaying proof simplify19.key 
481612     DEBUG main            d.u.i.k.p.i.IntermediateProofReplayer Proof replay took 3.7ns 
485504     INFO  main            d.u.i.k.p.r.p.TestFile    ... finished proof: closed. 
486086     INFO  main            d.u.i.k.p.i.AbstractProblemLoader Loading environment from /home/runner/work/key/key/key.core/../key.ui/examples/standard_key/polySimp/simplify19.key.proof 
486086     DEBUG main            d.u.i.k.p.i.AbstractProblemLoader Environment load took 93.7ns 
486088     INFO  main            d.u.i.k.p.i.AbstractProblemLoader Creating init config 
488786     DEBUG main            d.u.i.k.p.i.AbstractProblemLoader Init config took 2.7s 
488802     INFO  main            d.u.i.k.p.i.AbstractProblemLoader Replaying proof simplify19.key.proof 
488919     DEBUG main            d.u.i.k.p.i.IntermediateProofReplayer Proof replay took 102.57ms 
488921     DEBUG main            d.u.i.k.p.r.p.TestFile    ... success: reloaded. 
488922     INFO  main            d.u.i.k.p.r.p.TestFile    Now processing file /home/runner/work/key/key/key.core/../key.ui/examples/standard_key/polySimp/simplify2.key 
488922     INFO  main            d.u.i.k.p.i.AbstractProblemLoader Loading environment from /home/runner/work/key/key/key.core/../key.ui/examples/standard_key/polySimp/simplify2.key 
488922     DEBUG main            d.u.i.k.p.i.AbstractProblemLoader Environment load took 71ns 
488923     INFO  main            d.u.i.k.p.i.AbstractProblemLoader Creating init config 
491679     DEBUG main            d.u.i.k.p.i.AbstractProblemLoader Init config took 2.76s 
491694     INFO  main            d.u.i.k.p.i.AbstractProblemLoader Replaying proof simplify2.key 
491695     DEBUG main            d.u.i.k.p.i.IntermediateProofReplayer Proof replay took 4.7ns 
491797     INFO  main            d.u.i.k.p.r.p.TestFile    ... finished proof: closed. 
492430     INFO  main            d.u.i.k.p.i.AbstractProblemLoader Loading environment from /home/runner/work/key/key/key.core/../key.ui/examples/standard_key/polySimp/simplify2.key.proof 
492430     DEBUG main            d.u.i.k.p.i.AbstractProblemLoader Environment load took 83.4ns 
492431     INFO  main            d.u.i.k.p.i.AbstractProblemLoader Creating init config 
495102     DEBUG main            d.u.i.k.p.i.AbstractProblemLoader Init config took 2.67s 
495117     INFO  main            d.u.i.k.p.i.AbstractProblemLoader Replaying proof simplify2.key.proof 
495119     DEBUG main            d.u.i.k.p.i.IntermediateProofReplayer Proof replay took 541.12ns 
495121     DEBUG main            d.u.i.k.p.r.p.TestFile    ... success: reloaded. 
495121     INFO  main            d.u.i.k.p.r.p.TestFile    Now processing file /home/runner/work/key/key/key.core/../key.ui/examples/standard_key/polySimp/simplify20.key 
495121     INFO  main            d.u.i.k.p.i.AbstractProblemLoader Loading environment from /home/runner/work/key/key/key.core/../key.ui/examples/standard_key/polySimp/simplify20.key 
495121     DEBUG main            d.u.i.k.p.i.AbstractProblemLoader Environment load took 125.6ns 
495123     INFO  main            d.u.i.k.p.i.AbstractProblemLoader Creating init config 
497817     DEBUG main            d.u.i.k.p.i.AbstractProblemLoader Init config took 2.69s 
497832     INFO  main            d.u.i.k.p.i.AbstractProblemLoader Replaying proof simplify20.key 
497833     DEBUG main            d.u.i.k.p.i.IntermediateProofReplayer Proof replay took 3.1ns 
498537     INFO  main            d.u.i.k.p.r.p.TestFile    ... finished proof: closed. 
499139     INFO  main            d.u.i.k.p.i.AbstractProblemLoader Loading environment from /home/runner/work/key/key/key.core/../key.ui/examples/standard_key/polySimp/simplify20.key.proof 
499139     DEBUG main            d.u.i.k.p.i.AbstractProblemLoader Environment load took 428.81ns 
499142     INFO  main            d.u.i.k.p.i.AbstractProblemLoader Creating init config 
501761     DEBUG main            d.u.i.k.p.i.AbstractProblemLoader Init config took 2.62s 
501776     INFO  main            d.u.i.k.p.i.AbstractProblemLoader Replaying proof simplify20.key.proof 
501827     DEBUG main            d.u.i.k.p.i.IntermediateProofReplayer Proof replay took 45.36ms 
501830     DEBUG main            d.u.i.k.p.r.p.TestFile    ... success: reloaded. 
501831     INFO  main            d.u.i.k.p.r.p.TestFile    Now processing file /home/runner/work/key/key/key.core/../key.ui/examples/standard_key/polySimp/simplify21.key 
501831     INFO  main            d.u.i.k.p.i.AbstractProblemLoader Loading environment from /home/runner/work/key/key/key.core/../key.ui/examples/standard_key/polySimp/simplify21.key 
501831     DEBUG main            d.u.i.k.p.i.AbstractProblemLoader Environment load took 78.7ns 
501834     INFO  main            d.u.i.k.p.i.AbstractProblemLoader Creating init config 
504517     DEBUG main            d.u.i.k.p.i.AbstractProblemLoader Init config took 2.68s 
504533     INFO  main            d.u.i.k.p.i.AbstractProblemLoader Replaying proof simplify21.key 
504535     DEBUG main            d.u.i.k.p.i.IntermediateProofReplayer Proof replay took 3.4ns 
505241     INFO  main            d.u.i.k.p.r.p.TestFile    ... finished proof: closed. 
505896     INFO  main            d.u.i.k.p.i.AbstractProblemLoader Loading environment from /home/runner/work/key/key/key.core/../key.ui/examples/standard_key/polySimp/simplify21.key.proof 
505896     DEBUG main            d.u.i.k.p.i.AbstractProblemLoader Environment load took 94.9ns 
505898     INFO  main            d.u.i.k.p.i.AbstractProblemLoader Creating init config 
508537     DEBUG main            d.u.i.k.p.i.AbstractProblemLoader Init config took 2.64s 
508555     INFO  main            d.u.i.k.p.i.AbstractProblemLoader Replaying proof simplify21.key.proof 
508581     DEBUG main            d.u.i.k.p.i.IntermediateProofReplayer Proof replay took 21.75ms 
508584     DEBUG main            d.u.i.k.p.r.p.TestFile    ... success: reloaded. 
508584     INFO  main            d.u.i.k.p.r.p.TestFile    Now processing file /home/runner/work/key/key/key.core/../key.ui/examples/standard_key/polySimp/simplify22.key 
508584     INFO  main            d.u.i.k.p.i.AbstractProblemLoader Loading environment from /home/runner/work/key/key/key.core/../key.ui/examples/standard_key/polySimp/simplify22.key 
508584     DEBUG main            d.u.i.k.p.i.AbstractProblemLoader Environment load took 82.6ns 
508585     INFO  main            d.u.i.k.p.i.AbstractProblemLoader Creating init config 
511286     DEBUG main            d.u.i.k.p.i.AbstractProblemLoader Init config took 2.7s 
511301     INFO  main            d.u.i.k.p.i.AbstractProblemLoader Replaying proof simplify22.key 
511302     DEBUG main            d.u.i.k.p.i.IntermediateProofReplayer Proof replay took 3.5ns 
511404     INFO  main            d.u.i.k.p.r.p.TestFile    ... finished proof: closed. 
512015     INFO  main            d.u.i.k.p.i.AbstractProblemLoader Loading environment from /home/runner/work/key/key/key.core/../key.ui/examples/standard_key/polySimp/simplify22.key.proof 
512015     DEBUG main            d.u.i.k.p.i.AbstractProblemLoader Environment load took 86ns 
512016     INFO  main            d.u.i.k.p.i.AbstractProblemLoader Creating init config 
514654     DEBUG main            d.u.i.k.p.i.AbstractProblemLoader Init config took 2.64s 
514669     INFO  main            d.u.i.k.p.i.AbstractProblemLoader Replaying proof simplify22.key.proof 
514673     DEBUG main            d.u.i.k.p.i.IntermediateProofReplayer Proof replay took 2.23ms 
514674     DEBUG main            d.u.i.k.p.r.p.TestFile    ... success: reloaded. 
514674     INFO  main            d.u.i.k.p.r.p.TestFile    Now processing file /home/runner/work/key/key/key.core/../key.ui/examples/standard_key/polySimp/simplify23.key 
514674     INFO  main            d.u.i.k.p.i.AbstractProblemLoader Loading environment from /home/runner/work/key/key/key.core/../key.ui/examples/standard_key/polySimp/simplify23.key 
514674     DEBUG main            d.u.i.k.p.i.AbstractProblemLoader Environment load took 84ns 
514675     INFO  main            d.u.i.k.p.i.AbstractProblemLoader Creating init config 
517335     DEBUG main            d.u.i.k.p.i.AbstractProblemLoader Init config took 2.66s 
517350     INFO  main            d.u.i.k.p.i.AbstractProblemLoader Replaying proof simplify23.key 
517351     DEBUG main            d.u.i.k.p.i.IntermediateProofReplayer Proof replay took 3.7ns 
517554     INFO  main            d.u.i.k.p.r.p.TestFile    ... finished proof: closed. 
518149     INFO  main            d.u.i.k.p.i.AbstractProblemLoader Loading environment from /home/runner/work/key/key/key.core/../key.ui/examples/standard_key/polySimp/simplify23.key.proof 
518149     DEBUG main            d.u.i.k.p.i.AbstractProblemLoader Environment load took 93.1ns 
518151     INFO  main            d.u.i.k.p.i.AbstractProblemLoader Creating init config 
520747     DEBUG main            d.u.i.k.p.i.AbstractProblemLoader Init config took 2.6s 
520762     INFO  main            d.u.i.k.p.i.AbstractProblemLoader Replaying proof simplify23.key.proof 
520771     DEBUG main            d.u.i.k.p.i.IntermediateProofReplayer Proof replay took 6.7ms 
520772     DEBUG main            d.u.i.k.p.r.p.TestFile    ... success: reloaded. 
520772     INFO  main            d.u.i.k.p.r.p.TestFile    Now processing file /home/runner/work/key/key/key.core/../key.ui/examples/standard_key/polySimp/simplify24.key 
520772     INFO  main            d.u.i.k.p.i.AbstractProblemLoader Loading environment from /home/runner/work/key/key/key.core/../key.ui/examples/standard_key/polySimp/simplify24.key 
520772     DEBUG main            d.u.i.k.p.i.AbstractProblemLoader Environment load took 50ns 
520773     INFO  main            d.u.i.k.p.i.AbstractProblemLoader Creating init config 
523403     DEBUG main            d.u.i.k.p.i.AbstractProblemLoader Init config took 2.63s 
523418     INFO  main            d.u.i.k.p.i.AbstractProblemLoader Replaying proof simplify24.key 
523419     DEBUG main            d.u.i.k.p.i.IntermediateProofReplayer Proof replay took 2.9ns 
523527     INFO  main            d.u.i.k.p.r.p.TestFile    ... finished proof: closed. 
524119     INFO  main            d.u.i.k.p.i.AbstractProblemLoader Loading environment from /home/runner/work/key/key/key.core/../key.ui/examples/standard_key/polySimp/simplify24.key.proof 
524119     DEBUG main            d.u.i.k.p.i.AbstractProblemLoader Environment load took 94.7ns 
524120     INFO  main            d.u.i.k.p.i.AbstractProblemLoader Creating init config 
526706     DEBUG main            d.u.i.k.p.i.AbstractProblemLoader Init config took 2.59s 
526721     INFO  main            d.u.i.k.p.i.AbstractProblemLoader Replaying proof simplify24.key.proof 
526724     DEBUG main            d.u.i.k.p.i.IntermediateProofReplayer Proof replay took 1.23ms 
526725     DEBUG main            d.u.i.k.p.r.p.TestFile    ... success: reloaded. 
526725     INFO  main            d.u.i.k.p.r.p.TestFile    Now processing file /home/runner/work/key/key/key.core/../key.ui/examples/standard_key/polySimp/simplify25.key 
526725     INFO  main            d.u.i.k.p.i.AbstractProblemLoader Loading environment from /home/runner/work/key/key/key.core/../key.ui/examples/standard_key/polySimp/simplify25.key 
526726     DEBUG main            d.u.i.k.p.i.AbstractProblemLoader Environment load took 74.6ns 
526726     INFO  main            d.u.i.k.p.i.AbstractProblemLoader Creating init config 
529353     DEBUG main            d.u.i.k.p.i.AbstractProblemLoader Init config took 2.63s 
529370     INFO  main            d.u.i.k.p.i.AbstractProblemLoader Replaying proof simplify25.key 
529371     DEBUG main            d.u.i.k.p.i.IntermediateProofReplayer Proof replay took 3.5ns 
529473     INFO  main            d.u.i.k.p.r.p.TestFile    ... finished proof: closed. 
530053     INFO  main            d.u.i.k.p.i.AbstractProblemLoader Loading environment from /home/runner/work/key/key/key.core/../key.ui/examples/standard_key/polySimp/simplify25.key.proof 
530053     DEBUG main            d.u.i.k.p.i.AbstractProblemLoader Environment load took 82.3ns 
530054     INFO  main            d.u.i.k.p.i.AbstractProblemLoader Creating init config 
532655     DEBUG main            d.u.i.k.p.i.AbstractProblemLoader Init config took 2.6s 
532670     INFO  main            d.u.i.k.p.i.AbstractProblemLoader Replaying proof simplify25.key.proof 
532673     DEBUG main            d.u.i.k.p.i.IntermediateProofReplayer Proof replay took 1.6ms 
532674     DEBUG main            d.u.i.k.p.r.p.TestFile    ... success: reloaded. 
532674     INFO  main            d.u.i.k.p.r.p.TestFile    Now processing file /home/runner/work/key/key/key.core/../key.ui/examples/standard_key/polySimp/simplify3.key 
532675     INFO  main            d.u.i.k.p.i.AbstractProblemLoader Loading environment from /home/runner/work/key/key/key.core/../key.ui/examples/standard_key/polySimp/simplify3.key 
532675     DEBUG main            d.u.i.k.p.i.AbstractProblemLoader Environment load took 111.4ns 
532676     INFO  main            d.u.i.k.p.i.AbstractProblemLoader Creating init config 
535322     DEBUG main            d.u.i.k.p.i.AbstractProblemLoader Init config took 2.65s 
535336     INFO  main            d.u.i.k.p.i.AbstractProblemLoader Replaying proof simplify3.key 
535337     DEBUG main            d.u.i.k.p.i.IntermediateProofReplayer Proof replay took 4.1ns 
535439     INFO  main            d.u.i.k.p.r.p.TestFile    ... finished proof: closed. 
536023     INFO  main            d.u.i.k.p.i.AbstractProblemLoader Loading environment from /home/runner/work/key/key/key.core/../key.ui/examples/standard_key/polySimp/simplify3.key.proof 
536023     DEBUG main            d.u.i.k.p.i.AbstractProblemLoader Environment load took 83.2ns 
536024     INFO  main            d.u.i.k.p.i.AbstractProblemLoader Creating init config 
538631     DEBUG main            d.u.i.k.p.i.AbstractProblemLoader Init config took 2.61s 
538646     INFO  main            d.u.i.k.p.i.AbstractProblemLoader Replaying proof simplify3.key.proof 
538649     DEBUG main            d.u.i.k.p.i.IntermediateProofReplayer Proof replay took 564.52ns 
538650     DEBUG main            d.u.i.k.p.r.p.TestFile    ... success: reloaded. 
538651     INFO  main            d.u.i.k.p.r.p.TestFile    Now processing file /home/runner/work/key/key/key.core/../key.ui/examples/standard_key/polySimp/simplify4.key 
538651     INFO  main            d.u.i.k.p.i.AbstractProblemLoader Loading environment from /home/runner/work/key/key/key.core/../key.ui/examples/standard_key/polySimp/simplify4.key 
538651     DEBUG main            d.u.i.k.p.i.AbstractProblemLoader Environment load took 44.7ns 
538652     INFO  main            d.u.i.k.p.i.AbstractProblemLoader Creating init config 
541306     DEBUG main            d.u.i.k.p.i.AbstractProblemLoader Init config took 2.65s 
541321     INFO  main            d.u.i.k.p.i.AbstractProblemLoader Replaying proof simplify4.key 
541322     DEBUG main            d.u.i.k.p.i.IntermediateProofReplayer Proof replay took 3ns 
541424     INFO  main            d.u.i.k.p.r.p.TestFile    ... finished proof: closed. 
542032     INFO  main            d.u.i.k.p.i.AbstractProblemLoader Loading environment from /home/runner/work/key/key/key.core/../key.ui/examples/standard_key/polySimp/simplify4.key.proof 
542032     DEBUG main            d.u.i.k.p.i.AbstractProblemLoader Environment load took 77.7ns 
542033     INFO  main            d.u.i.k.p.i.AbstractProblemLoader Creating init config 
544624     DEBUG main            d.u.i.k.p.i.AbstractProblemLoader Init config took 2.59s 
544639     INFO  main            d.u.i.k.p.i.AbstractProblemLoader Replaying proof simplify4.key.proof 
544641     DEBUG main            d.u.i.k.p.i.IntermediateProofReplayer Proof replay took 688.02ns 
544642     DEBUG main            d.u.i.k.p.r.p.TestFile    ... success: reloaded. 
544643     INFO  main            d.u.i.k.p.r.p.TestFile    Now processing file /home/runner/work/key/key/key.core/../key.ui/examples/standard_key/polySimp/simplify5.key 
544643     INFO  main            d.u.i.k.p.i.AbstractProblemLoader Loading environment from /home/runner/work/key/key/key.core/../key.ui/examples/standard_key/polySimp/simplify5.key 
544643     DEBUG main            d.u.i.k.p.i.AbstractProblemLoader Environment load took 62.3ns 
544644     INFO  main            d.u.i.k.p.i.AbstractProblemLoader Creating init config 
547277     DEBUG main            d.u.i.k.p.i.AbstractProblemLoader Init config took 2.63s 
547292     INFO  main            d.u.i.k.p.i.AbstractProblemLoader Replaying proof simplify5.key 
547293     DEBUG main            d.u.i.k.p.i.IntermediateProofReplayer Proof replay took 3.2ns 
547395     INFO  main            d.u.i.k.p.r.p.TestFile    ... finished proof: closed. 
548025     INFO  main            d.u.i.k.p.i.AbstractProblemLoader Loading environment from /home/runner/work/key/key/key.core/../key.ui/examples/standard_key/polySimp/simplify5.key.proof 
548025     DEBUG main            d.u.i.k.p.i.AbstractProblemLoader Environment load took 81.3ns 
548026     INFO  main            d.u.i.k.p.i.AbstractProblemLoader Creating init config 
550646     DEBUG main            d.u.i.k.p.i.AbstractProblemLoader Init config took 2.62s 
550665     INFO  main            d.u.i.k.p.i.AbstractProblemLoader Replaying proof simplify5.key.proof 
550670     DEBUG main            d.u.i.k.p.i.IntermediateProofReplayer Proof replay took 2.64ms 
550670     DEBUG main            d.u.i.k.p.r.p.TestFile    ... success: reloaded. 
550671     INFO  main            d.u.i.k.p.r.p.TestFile    Now processing file /home/runner/work/key/key/key.core/../key.ui/examples/standard_key/polySimp/simplify6.key 
550671     INFO  main            d.u.i.k.p.i.AbstractProblemLoader Loading environment from /home/runner/work/key/key/key.core/../key.ui/examples/standard_key/polySimp/simplify6.key 
550671     DEBUG main            d.u.i.k.p.i.AbstractProblemLoader Environment load took 46.9ns 
550672     INFO  main            d.u.i.k.p.i.AbstractProblemLoader Creating init config 
553344     DEBUG main            d.u.i.k.p.i.AbstractProblemLoader Init config took 2.67s 
553363     INFO  main            d.u.i.k.p.i.AbstractProblemLoader Replaying proof simplify6.key 
553365     DEBUG main            d.u.i.k.p.i.IntermediateProofReplayer Proof replay took 2.9ns 
553467     INFO  main            d.u.i.k.p.r.p.TestFile    ... finished proof: closed. 
554080     INFO  main            d.u.i.k.p.i.AbstractProblemLoader Loading environment from /home/runner/work/key/key/key.core/../key.ui/examples/standard_key/polySimp/simplify6.key.proof 
554080     DEBUG main            d.u.i.k.p.i.AbstractProblemLoader Environment load took 74.3ns 
554081     INFO  main            d.u.i.k.p.i.AbstractProblemLoader Creating init config 
556710     DEBUG main            d.u.i.k.p.i.AbstractProblemLoader Init config took 2.63s 
556737     INFO  main            d.u.i.k.p.i.AbstractProblemLoader Replaying proof simplify6.key.proof 
556740     DEBUG main            d.u.i.k.p.i.IntermediateProofReplayer Proof replay took 156.5ns 
556740     DEBUG main            d.u.i.k.p.r.p.TestFile    ... success: reloaded. 
556741     INFO  main            d.u.i.k.p.r.p.TestFile    Now processing file /home/runner/work/key/key/key.core/../key.ui/examples/standard_key/polySimp/simplify7.key 
556741     INFO  main            d.u.i.k.p.i.AbstractProblemLoader Loading environment from /home/runner/work/key/key/key.core/../key.ui/examples/standard_key/polySimp/simplify7.key 
556741     DEBUG main            d.u.i.k.p.i.AbstractProblemLoader Environment load took 45.4ns 
556742     INFO  main            d.u.i.k.p.i.AbstractProblemLoader Creating init config 
559384     DEBUG main            d.u.i.k.p.i.AbstractProblemLoader Init config took 2.64s 
559400     INFO  main            d.u.i.k.p.i.AbstractProblemLoader Replaying proof simplify7.key 
559401     DEBUG main            d.u.i.k.p.i.IntermediateProofReplayer Proof replay took 3.1ns 
559502     INFO  main            d.u.i.k.p.r.p.TestFile    ... finished proof: closed. 
560106     INFO  main            d.u.i.k.p.i.AbstractProblemLoader Loading environment from /home/runner/work/key/key/key.core/../key.ui/examples/standard_key/polySimp/simplify7.key.proof 
560106     DEBUG main            d.u.i.k.p.i.AbstractProblemLoader Environment load took 78.5ns 
560107     INFO  main            d.u.i.k.p.i.AbstractProblemLoader Creating init config 
562732     DEBUG main            d.u.i.k.p.i.AbstractProblemLoader Init config took 2.63s 
562748     INFO  main            d.u.i.k.p.i.AbstractProblemLoader Replaying proof simplify7.key.proof 
562749     DEBUG main            d.u.i.k.p.i.IntermediateProofReplayer Proof replay took 277.21ns 
562750     DEBUG main            d.u.i.k.p.r.p.TestFile    ... success: reloaded. 
562751     INFO  main            d.u.i.k.p.r.p.TestFile    Now processing file /home/runner/work/key/key/key.core/../key.ui/examples/standard_key/polySimp/simplify8.key 
562751     INFO  main            d.u.i.k.p.i.AbstractProblemLoader Loading environment from /home/runner/work/key/key/key.core/../key.ui/examples/standard_key/polySimp/simplify8.key 
562751     DEBUG main            d.u.i.k.p.i.AbstractProblemLoader Environment load took 61.8ns 
562754     INFO  main            d.u.i.k.p.i.AbstractProblemLoader Creating init config 
565440     DEBUG main            d.u.i.k.p.i.AbstractProblemLoader Init config took 2.69s 
565458     INFO  main            d.u.i.k.p.i.AbstractProblemLoader Replaying proof simplify8.key 
565459     DEBUG main            d.u.i.k.p.i.IntermediateProofReplayer Proof replay took 2.5ns 
570085     INFO  main            d.u.i.k.p.r.p.TestFile    ... finished proof: closed. 
570729     INFO  main            d.u.i.k.p.i.AbstractProblemLoader Loading environment from /home/runner/work/key/key/key.core/../key.ui/examples/standard_key/polySimp/simplify8.key.proof 
570729     DEBUG main            d.u.i.k.p.i.AbstractProblemLoader Environment load took 82.7ns 
570732     INFO  main            d.u.i.k.p.i.AbstractProblemLoader Creating init config 
573340     DEBUG main            d.u.i.k.p.i.AbstractProblemLoader Init config took 2.61s 
573358     INFO  main            d.u.i.k.p.i.AbstractProblemLoader Replaying proof simplify8.key.proof 
573411     DEBUG main            d.u.i.k.p.i.IntermediateProofReplayer Proof replay took 47.09ms 
573413     DEBUG main            d.u.i.k.p.r.p.TestFile    ... success: reloaded. 
573413     INFO  main            d.u.i.k.p.r.p.TestFile    Now processing file /home/runner/work/key/key/key.core/../key.ui/examples/standard_key/polySimp/simplify9.key 
573414     INFO  main            d.u.i.k.p.i.AbstractProblemLoader Loading environment from /home/runner/work/key/key/key.core/../key.ui/examples/standard_key/polySimp/simplify9.key 
573414     DEBUG main            d.u.i.k.p.i.AbstractProblemLoader Environment load took 76.1ns 
573415     INFO  main            d.u.i.k.p.i.AbstractProblemLoader Creating init config 
576049     DEBUG main            d.u.i.k.p.i.AbstractProblemLoader Init config took 2.63s 
576064     INFO  main            d.u.i.k.p.i.AbstractProblemLoader Replaying proof simplify9.key 
576065     DEBUG main            d.u.i.k.p.i.IntermediateProofReplayer Proof replay took 3ns 
576267     INFO  main            d.u.i.k.p.r.p.TestFile    ... finished proof: closed. 
576967     INFO  main            d.u.i.k.p.i.AbstractProblemLoader Loading environment from /home/runner/work/key/key/key.core/../key.ui/examples/standard_key/polySimp/simplify9.key.proof 
576967     DEBUG main            d.u.i.k.p.i.AbstractProblemLoader Environment load took 85.6ns 
576969     INFO  main            d.u.i.k.p.i.AbstractProblemLoader Creating init config 
579617     DEBUG main            d.u.i.k.p.i.AbstractProblemLoader Init config took 2.65s 
579633     INFO  main            d.u.i.k.p.i.AbstractProblemLoader Replaying proof simplify9.key.proof 
579638     DEBUG main            d.u.i.k.p.i.IntermediateProofReplayer Proof replay took 3.42ms 
579639     DEBUG main            d.u.i.k.p.r.p.TestFile    ... success: reloaded. 
3330651    INFO  Test worker     d.u.i.k.p.r.RunAllProofsTestUnit Returning from test arithmetic 
3330653    INFO  Test worker     d.u.i.k.p.r.RunAllProofsTestUnit Running test arrays 
410        INFO  Timeout watchdog d.u.i.k.p.r.p.ForkedTestFileRunner Timeout watcher launched (2000 secs.) 
418        WARN  main            d.u.i.k.s.ProofSettings   The settings in /home/runner/.key/proof-settings.props are *not* read. 
464        INFO  main            d.u.i.k.p.r.p.TestFile    Now processing file /home/runner/work/key/key/key.core/../key.ui/examples/standard_key/arrays/arrayStoreException/array2DimPrim.key 
610        INFO  main            d.u.i.k.p.i.AbstractProblemLoader Loading environment from /home/runner/work/key/key/key.core/../key.ui/examples/standard_key/arrays/arrayStoreException/array2DimPrim.key 
635        DEBUG main            d.u.i.k.p.i.AbstractProblemLoader Environment load took 2.28ms 
936        INFO  main            d.u.i.k.p.i.AbstractProblemLoader Creating init config 
1969       DEBUG main            d.u.i.k.j.TypeConverter   No LDT found for Meta 
1970       DEBUG main            d.u.i.k.j.TypeConverter   No LDT found for Meta 
1974       DEBUG main            d.u.i.k.j.TypeConverter   No LDT found for Meta 
1974       DEBUG main            d.u.i.k.j.TypeConverter   No LDT found for Meta 
3626       DEBUG main            d.u.i.k.j.TypeConverter   No LDT found for JavaBigintExpression 
9691       DEBUG main            d.u.i.k.p.i.AbstractProblemLoader Init config took 8.75s 
9763       INFO  main            d.u.i.k.p.i.AbstractProblemLoader Replaying proof array2DimPrim.key 
9804       DEBUG main            d.u.i.k.p.i.IntermediateProofReplayer Proof replay took 41.8ns 
14792      INFO  main            d.u.i.k.p.r.p.TestFile    ... finished proof: closed. 
15029      INFO  main            d.u.i.k.p.i.AbstractProblemLoader Loading environment from /home/runner/work/key/key/key.core/../key.ui/examples/standard_key/arrays/arrayStoreException/array2DimPrim.key.proof 
15030      DEBUG main            d.u.i.k.p.i.AbstractProblemLoader Environment load took 1.16ms 
15035      INFO  main            d.u.i.k.p.i.AbstractProblemLoader Creating init config 
18411      DEBUG main            d.u.i.k.p.i.AbstractProblemLoader Init config took 3.38s 
18447      INFO  main            d.u.i.k.p.i.AbstractProblemLoader Replaying proof array2DimPrim.key.proof 
18873      DEBUG main            d.u.i.k.p.i.IntermediateProofReplayer Proof replay took 406.17ms 
18887      DEBUG main            d.u.i.k.p.r.p.TestFile    ... success: reloaded. 
18889      INFO  main            d.u.i.k.p.r.p.TestFile    Now processing file /home/runner/work/key/key/key.core/../key.ui/examples/standard_key/arrays/arrayStoreException/arrayStoreKnownDynType.key 
18890      INFO  main            d.u.i.k.p.i.AbstractProblemLoader Loading environment from /home/runner/work/key/key/key.core/../key.ui/examples/standard_key/arrays/arrayStoreException/arrayStoreKnownDynType.key 
18890      DEBUG main            d.u.i.k.p.i.AbstractProblemLoader Environment load took 278.41ns 
18892      INFO  main            d.u.i.k.p.i.AbstractProblemLoader Creating init config 
22037      DEBUG main            d.u.i.k.p.i.AbstractProblemLoader Init config took 3.14s 
22069      INFO  main            d.u.i.k.p.i.AbstractProblemLoader Replaying proof arrayStoreKnownDynType.key 
22072      DEBUG main            d.u.i.k.p.i.IntermediateProofReplayer Proof replay took 7.7ns 
22276      INFO  main            d.u.i.k.p.r.p.TestFile    ... finished proof: closed. 
22549      INFO  main            d.u.i.k.p.i.AbstractProblemLoader Loading environment from /home/runner/work/key/key/key.core/../key.ui/examples/standard_key/arrays/arrayStoreException/arrayStoreKnownDynType.key.proof 
22553      DEBUG main            d.u.i.k.p.i.AbstractProblemLoader Environment load took 4.1ms 
22556      INFO  main            d.u.i.k.p.i.AbstractProblemLoader Creating init config 
25735      DEBUG main            d.u.i.k.p.i.AbstractProblemLoader Init config took 3.18s 
25765      INFO  main            d.u.i.k.p.i.AbstractProblemLoader Replaying proof arrayStoreKnownDynType.key.proof 
25812      DEBUG main            d.u.i.k.p.i.IntermediateProofReplayer Proof replay took 42.38ms 
25814      DEBUG main            d.u.i.k.p.r.p.TestFile    ... success: reloaded. 
25816      INFO  main            d.u.i.k.p.r.p.TestFile    Now processing file /home/runner/work/key/key/key.core/../key.ui/examples/standard_key/arrays/arrayStoreException/reverseArray.key 
25816      INFO  main            d.u.i.k.p.i.AbstractProblemLoader Loading environment from /home/runner/work/key/key/key.core/../key.ui/examples/standard_key/arrays/arrayStoreException/reverseArray.key 
25817      DEBUG main            d.u.i.k.p.i.AbstractProblemLoader Environment load took 300.01ns 
25819      INFO  main            d.u.i.k.p.i.AbstractProblemLoader Creating init config 
28860      DEBUG main            d.u.i.k.p.i.AbstractProblemLoader Init config took 3.04s 
28888      INFO  main            d.u.i.k.p.i.AbstractProblemLoader Replaying proof reverseArray.key 
28891      DEBUG main            d.u.i.k.p.i.IntermediateProofReplayer Proof replay took 7.1ns 
29598      INFO  main            d.u.i.k.p.r.p.TestFile    ... finished proof: closed. 
29811      INFO  main            d.u.i.k.p.i.AbstractProblemLoader Loading environment from /home/runner/work/key/key/key.core/../key.ui/examples/standard_key/arrays/arrayStoreException/reverseArray.key.proof 
29811      DEBUG main            d.u.i.k.p.i.AbstractProblemLoader Environment load took 502.42ns 
29813      INFO  main            d.u.i.k.p.i.AbstractProblemLoader Creating init config 
32882      DEBUG main            d.u.i.k.p.i.AbstractProblemLoader Init config took 3.07s 
32910      INFO  main            d.u.i.k.p.i.AbstractProblemLoader Replaying proof reverseArray.key.proof 
33041      DEBUG main            d.u.i.k.p.i.IntermediateProofReplayer Proof replay took 123.03ms 
33043      DEBUG main            d.u.i.k.p.r.p.TestFile    ... success: reloaded. 
33044      INFO  main            d.u.i.k.p.r.p.TestFile    Now processing file /home/runner/work/key/key/key.core/../key.ui/examples/standard_key/arrays/arrayStoreException/throwArrayStoreException.key 
33045      INFO  main            d.u.i.k.p.i.AbstractProblemLoader Loading environment from /home/runner/work/key/key/key.core/../key.ui/examples/standard_key/arrays/arrayStoreException/throwArrayStoreException.key 
33045      DEBUG main            d.u.i.k.p.i.AbstractProblemLoader Environment load took 253.81ns 
33047      INFO  main            d.u.i.k.p.i.AbstractProblemLoader Creating init config 
36258      DEBUG main            d.u.i.k.p.i.AbstractProblemLoader Init config took 3.21s 
36284      INFO  main            d.u.i.k.p.i.AbstractProblemLoader Replaying proof throwArrayStoreException.key 
36290      DEBUG main            d.u.i.k.p.i.IntermediateProofReplayer Proof replay took 9.5ns 
36794      INFO  main            d.u.i.k.p.r.p.TestFile    ... finished proof: closed. 
37028      INFO  main            d.u.i.k.p.i.AbstractProblemLoader Loading environment from /home/runner/work/key/key/key.core/../key.ui/examples/standard_key/arrays/arrayStoreException/throwArrayStoreException.key.proof 
37028      DEBUG main            d.u.i.k.p.i.AbstractProblemLoader Environment load took 153.5ns 
37029      INFO  main            d.u.i.k.p.i.AbstractProblemLoader Creating init config 
40015      DEBUG main            d.u.i.k.p.i.AbstractProblemLoader Init config took 2.99s 
40041      INFO  main            d.u.i.k.p.i.AbstractProblemLoader Replaying proof throwArrayStoreException.key.proof 
40166      DEBUG main            d.u.i.k.p.i.IntermediateProofReplayer Proof replay took 120.07ms 
40168      DEBUG main            d.u.i.k.p.r.p.TestFile    ... success: reloaded. 
40170      INFO  main            d.u.i.k.p.r.p.TestFile    Now processing file /home/runner/work/key/key/key.core/../key.ui/examples/standard_key/arrays/creation/arrayCreation1.key 
40170      INFO  main            d.u.i.k.p.i.AbstractProblemLoader Loading environment from /home/runner/work/key/key/key.core/../key.ui/examples/standard_key/arrays/creation/arrayCreation1.key 
40171      DEBUG main            d.u.i.k.p.i.AbstractProblemLoader Environment load took 409.01ns 
40173      INFO  main            d.u.i.k.p.i.AbstractProblemLoader Creating init config 
43118      DEBUG main            d.u.i.k.p.i.AbstractProblemLoader Init config took 2.95s 
43162      INFO  main            d.u.i.k.p.i.AbstractProblemLoader Replaying proof arrayCreation1.key 
43164      DEBUG main            d.u.i.k.p.i.IntermediateProofReplayer Proof replay took 7.5ns 
43369      INFO  main            d.u.i.k.p.r.p.TestFile    ... finished proof: closed. 
43568      INFO  main            d.u.i.k.p.i.AbstractProblemLoader Loading environment from /home/runner/work/key/key/key.core/../key.ui/examples/standard_key/arrays/creation/arrayCreation1.key.proof 
43569      DEBUG main            d.u.i.k.p.i.AbstractProblemLoader Environment load took 504.71ns 
43571      INFO  main            d.u.i.k.p.i.AbstractProblemLoader Creating init config 
46608      DEBUG main            d.u.i.k.p.i.AbstractProblemLoader Init config took 3.04s 
46632      INFO  main            d.u.i.k.p.i.AbstractProblemLoader Replaying proof arrayCreation1.key.proof 
46660      DEBUG main            d.u.i.k.p.i.IntermediateProofReplayer Proof replay took 24.62ms 
46662      DEBUG main            d.u.i.k.p.r.p.TestFile    ... success: reloaded. 
46663      INFO  main            d.u.i.k.p.r.p.TestFile    Now processing file /home/runner/work/key/key/key.core/../key.ui/examples/standard_key/arrays/arrayStoreException/array2Dim.key 
46663      INFO  main            d.u.i.k.p.i.AbstractProblemLoader Loading environment from /home/runner/work/key/key/key.core/../key.ui/examples/standard_key/arrays/arrayStoreException/array2Dim.key 
46664      DEBUG main            d.u.i.k.p.i.AbstractProblemLoader Environment load took 299.01ns 
46665      INFO  main            d.u.i.k.p.i.AbstractProblemLoader Creating init config 
49676      DEBUG main            d.u.i.k.p.i.AbstractProblemLoader Init config took 3.01s 
49708      INFO  main            d.u.i.k.p.i.AbstractProblemLoader Replaying proof array2Dim.key 
49725      DEBUG main            d.u.i.k.p.i.IntermediateProofReplayer Proof replay took 7.9ns 
53903      INFO  main            d.u.i.k.p.r.p.TestFile    ... finished proof: open goal(s) 
54229      INFO  main            d.u.i.k.p.r.p.TestFile    Now processing file /home/runner/work/key/key/key.core/../key.ui/examples/standard_key/arrays/arrayStoreException/array2DimClose.key 
54232      INFO  main            d.u.i.k.p.i.AbstractProblemLoader Loading environment from /home/runner/work/key/key/key.core/../key.ui/examples/standard_key/arrays/arrayStoreException/array2DimClose.key 
54232      DEBUG main            d.u.i.k.p.i.AbstractProblemLoader Environment load took 367.81ns 
54234      INFO  main            d.u.i.k.p.i.AbstractProblemLoader Creating init config 
57205      DEBUG main            d.u.i.k.p.i.AbstractProblemLoader Init config took 2.97s 
57244      INFO  main            d.u.i.k.p.i.AbstractProblemLoader Replaying proof array2DimClose.key 
57246      DEBUG main            d.u.i.k.p.i.IntermediateProofReplayer Proof replay took 17.7ns 
59920      INFO  main            d.u.i.k.p.r.p.TestFile    ... finished proof: open goal(s) 
60326      INFO  main            d.u.i.k.p.r.p.TestFile    Now processing file /home/runner/work/key/key/key.core/../key.ui/examples/standard_key/arrays/arrayStoreException/throwASEForPrim.key 
60326      INFO  main            d.u.i.k.p.i.AbstractProblemLoader Loading environment from /home/runner/work/key/key/key.core/../key.ui/examples/standard_key/arrays/arrayStoreException/throwASEForPrim.key 
60326      DEBUG main            d.u.i.k.p.i.AbstractProblemLoader Environment load took 81.3ns 
60327      INFO  main            d.u.i.k.p.i.AbstractProblemLoader Creating init config 
63190      DEBUG main            d.u.i.k.p.i.AbstractProblemLoader Init config took 2.86s 
63214      INFO  main            d.u.i.k.p.i.AbstractProblemLoader Replaying proof throwASEForPrim.key 
63219      DEBUG main            d.u.i.k.p.i.IntermediateProofReplayer Proof replay took 8ns 
68500      INFO  main            d.u.i.k.p.r.p.TestFile    ... finished proof: open goal(s) 
3399723    INFO  Test worker     d.u.i.k.p.r.RunAllProofsTestUnit Returning from test arrays 
3399724    INFO  Test worker     d.u.i.k.p.r.RunAllProofsTestUnit Running test javadl 
455        INFO  Timeout watchdog d.u.i.k.p.r.p.ForkedTestFileRunner Timeout watcher launched (2000 secs.) 
487        WARN  main            d.u.i.k.s.ProofSettings   The settings in /home/runner/.key/proof-settings.props are *not* read. 
569        INFO  main            d.u.i.k.p.r.p.TestFile    Now processing file /home/runner/work/key/key/key.core/../key.ui/examples/standard_key/instanceCreation/instanceCreation1.key 
707        INFO  main            d.u.i.k.p.i.AbstractProblemLoader Loading environment from /home/runner/work/key/key/key.core/../key.ui/examples/standard_key/instanceCreation/instanceCreation1.key 
726        DEBUG main            d.u.i.k.p.i.AbstractProblemLoader Environment load took 2.51ms 
1034       INFO  main            d.u.i.k.p.i.AbstractProblemLoader Creating init config 
2123       DEBUG main            d.u.i.k.j.TypeConverter   No LDT found for Meta 
2124       DEBUG main            d.u.i.k.j.TypeConverter   No LDT found for Meta 
2125       DEBUG main            d.u.i.k.j.TypeConverter   No LDT found for Meta 
2125       DEBUG main            d.u.i.k.j.TypeConverter   No LDT found for Meta 
3798       DEBUG main            d.u.i.k.j.TypeConverter   No LDT found for JavaBigintExpression 
10037      DEBUG main            d.u.i.k.p.i.AbstractProblemLoader Init config took 9s 
10112      INFO  main            d.u.i.k.p.i.AbstractProblemLoader Replaying proof instanceCreation1.key 
10151      DEBUG main            d.u.i.k.p.i.IntermediateProofReplayer Proof replay took 45.3ns 
11400      INFO  main            d.u.i.k.p.r.p.TestFile    ... finished proof: closed. 
11535      INFO  main            d.u.i.k.p.i.AbstractProblemLoader Loading environment from /home/runner/work/key/key/key.core/../key.ui/examples/standard_key/instanceCreation/instanceCreation1.key.proof 
11535      DEBUG main            d.u.i.k.p.i.AbstractProblemLoader Environment load took 171.6ns 
11546      INFO  main            d.u.i.k.p.i.AbstractProblemLoader Creating init config 
14920      DEBUG main            d.u.i.k.p.i.AbstractProblemLoader Init config took 3.37s 
14957      INFO  main            d.u.i.k.p.i.AbstractProblemLoader Replaying proof instanceCreation1.key.proof 
15070      DEBUG main            d.u.i.k.p.i.IntermediateProofReplayer Proof replay took 99.27ms 
15084      DEBUG main            d.u.i.k.p.r.p.TestFile    ... success: reloaded. 
15090      INFO  main            d.u.i.k.p.r.p.TestFile    Now processing file /home/runner/work/key/key/key.core/../key.ui/examples/standard_key/instanceCreation/instanceCreation2.key 
15097      INFO  main            d.u.i.k.p.i.AbstractProblemLoader Loading environment from /home/runner/work/key/key/key.core/../key.ui/examples/standard_key/instanceCreation/instanceCreation2.key 
15108      DEBUG main            d.u.i.k.p.i.AbstractProblemLoader Environment load took 10.43ms 
15110      INFO  main            d.u.i.k.p.i.AbstractProblemLoader Creating init config 
18300      DEBUG main            d.u.i.k.p.i.AbstractProblemLoader Init config took 3.19s 
18333      INFO  main            d.u.i.k.p.i.AbstractProblemLoader Replaying proof instanceCreation2.key 
18336      DEBUG main            d.u.i.k.p.i.IntermediateProofReplayer Proof replay took 7.4ns 
19057      INFO  main            d.u.i.k.p.r.p.TestFile    ... finished proof: closed. 
19258      INFO  main            d.u.i.k.p.i.AbstractProblemLoader Loading environment from /home/runner/work/key/key/key.core/../key.ui/examples/standard_key/instanceCreation/instanceCreation2.key.proof 
19264      DEBUG main            d.u.i.k.p.i.AbstractProblemLoader Environment load took 6.02ms 
19266      INFO  main            d.u.i.k.p.i.AbstractProblemLoader Creating init config 
22365      DEBUG main            d.u.i.k.p.i.AbstractProblemLoader Init config took 3.1s 
22395      INFO  main            d.u.i.k.p.i.AbstractProblemLoader Replaying proof instanceCreation2.key.proof 
22490      DEBUG main            d.u.i.k.p.i.IntermediateProofReplayer Proof replay took 90.53ms 
22492      DEBUG main            d.u.i.k.p.r.p.TestFile    ... success: reloaded. 
22494      INFO  main            d.u.i.k.p.r.p.TestFile    Now processing file /home/runner/work/key/key/key.core/../key.ui/examples/standard_key/instanceCreation/interfacesAndAbstractClassesHaveNoInstances.key 
22494      INFO  main            d.u.i.k.p.i.AbstractProblemLoader Loading environment from /home/runner/work/key/key/key.core/../key.ui/examples/standard_key/instanceCreation/interfacesAndAbstractClassesHaveNoInstances.key 
22494      DEBUG main            d.u.i.k.p.i.AbstractProblemLoader Environment load took 257.21ns 
22496      INFO  main            d.u.i.k.p.i.AbstractProblemLoader Creating init config 
25687      DEBUG main            d.u.i.k.p.i.AbstractProblemLoader Init config took 3.19s 
25712      INFO  main            d.u.i.k.p.i.AbstractProblemLoader Replaying proof interfacesAndAbstractClassesHaveNoInstances.key 
25714      DEBUG main            d.u.i.k.p.i.IntermediateProofReplayer Proof replay took 8.1ns 
25817      INFO  main            d.u.i.k.p.r.p.TestFile    ... finished proof: closed. 
25994      INFO  main            d.u.i.k.p.i.AbstractProblemLoader Loading environment from /home/runner/work/key/key/key.core/../key.ui/examples/standard_key/instanceCreation/interfacesAndAbstractClassesHaveNoInstances.key.proof 
25994      DEBUG main            d.u.i.k.p.i.AbstractProblemLoader Environment load took 147.6ns 
25998      INFO  main            d.u.i.k.p.i.AbstractProblemLoader Creating init config 
29055      DEBUG main            d.u.i.k.p.i.AbstractProblemLoader Init config took 3.06s 
29079      INFO  main            d.u.i.k.p.i.AbstractProblemLoader Replaying proof interfacesAndAbstractClassesHaveNoInstances.key.proof 
29083      DEBUG main            d.u.i.k.p.i.IntermediateProofReplayer Proof replay took 1.4ms 
29085      DEBUG main            d.u.i.k.p.r.p.TestFile    ... success: reloaded. 
29086      INFO  main            d.u.i.k.p.r.p.TestFile    Now processing file /home/runner/work/key/key/key.core/../key.ui/examples/standard_key/instanceCreation/successiveCreatedObjectsAreDistinct.key 
29086      INFO  main            d.u.i.k.p.i.AbstractProblemLoader Loading environment from /home/runner/work/key/key/key.core/../key.ui/examples/standard_key/instanceCreation/successiveCreatedObjectsAreDistinct.key 
29087      DEBUG main            d.u.i.k.p.i.AbstractProblemLoader Environment load took 247.7ns 
29088      INFO  main            d.u.i.k.p.i.AbstractProblemLoader Creating init config 
32194      DEBUG main            d.u.i.k.p.i.AbstractProblemLoader Init config took 3.11s 
32220      INFO  main            d.u.i.k.p.i.AbstractProblemLoader Replaying proof successiveCreatedObjectsAreDistinct.key 
32222      DEBUG main            d.u.i.k.p.i.IntermediateProofReplayer Proof replay took 8.1ns 
32626      INFO  main            d.u.i.k.p.r.p.TestFile    ... finished proof: closed. 
32916      INFO  main            d.u.i.k.p.i.AbstractProblemLoader Loading environment from /home/runner/work/key/key/key.core/../key.ui/examples/standard_key/instanceCreation/successiveCreatedObjectsAreDistinct.key.proof 
32917      DEBUG main            d.u.i.k.p.i.AbstractProblemLoader Environment load took 478.71ns 
32919      INFO  main            d.u.i.k.p.i.AbstractProblemLoader Creating init config 
35896      DEBUG main            d.u.i.k.p.i.AbstractProblemLoader Init config took 2.98s 
35922      INFO  main            d.u.i.k.p.i.AbstractProblemLoader Replaying proof successiveCreatedObjectsAreDistinct.key.proof 
36000      DEBUG main            d.u.i.k.p.i.IntermediateProofReplayer Proof replay took 74.29ms 
36003      DEBUG main            d.u.i.k.p.r.p.TestFile    ... success: reloaded. 
36004      INFO  main            d.u.i.k.p.r.p.TestFile    Now processing file /home/runner/work/key/key/key.core/../key.ui/examples/standard_key/instanceCreation/testOverloadingConstructors.key 
36004      INFO  main            d.u.i.k.p.i.AbstractProblemLoader Loading environment from /home/runner/work/key/key/key.core/../key.ui/examples/standard_key/instanceCreation/testOverloadingConstructors.key 
36005      DEBUG main            d.u.i.k.p.i.AbstractProblemLoader Environment load took 113.1ns 
36006      INFO  main            d.u.i.k.p.i.AbstractProblemLoader Creating init config 
38961      DEBUG main            d.u.i.k.p.i.AbstractProblemLoader Init config took 2.96s 
38985      INFO  main            d.u.i.k.p.i.AbstractProblemLoader Replaying proof testOverloadingConstructors.key 
38990      DEBUG main            d.u.i.k.p.i.IntermediateProofReplayer Proof replay took 8.9ns 
39298      INFO  main            d.u.i.k.p.r.p.TestFile    ... finished proof: closed. 
39502      INFO  main            d.u.i.k.p.i.AbstractProblemLoader Loading environment from /home/runner/work/key/key/key.core/../key.ui/examples/standard_key/instanceCreation/testOverloadingConstructors.key.proof 
39503      DEBUG main            d.u.i.k.p.i.AbstractProblemLoader Environment load took 636.92ns 
39504      INFO  main            d.u.i.k.p.i.AbstractProblemLoader Creating init config 
42496      DEBUG main            d.u.i.k.p.i.AbstractProblemLoader Init config took 2.99s 
42519      INFO  main            d.u.i.k.p.i.AbstractProblemLoader Replaying proof testOverloadingConstructors.key.proof 
42572      DEBUG main            d.u.i.k.p.i.IntermediateProofReplayer Proof replay took 49.93ms 
42574      DEBUG main            d.u.i.k.p.r.p.TestFile    ... success: reloaded. 
42575      INFO  main            d.u.i.k.p.r.p.TestFile    Now processing file /home/runner/work/key/key/key.core/../key.ui/examples/standard_key/java_dl/SimpleAttributes.key 
42575      INFO  main            d.u.i.k.p.i.AbstractProblemLoader Loading environment from /home/runner/work/key/key/key.core/../key.ui/examples/standard_key/java_dl/SimpleAttributes.key 
42576      DEBUG main            d.u.i.k.p.i.AbstractProblemLoader Environment load took 266.71ns 
42577      INFO  main            d.u.i.k.p.i.AbstractProblemLoader Creating init config 
45493      DEBUG main            d.u.i.k.p.i.AbstractProblemLoader Init config took 2.92s 
45516      INFO  main            d.u.i.k.p.i.AbstractProblemLoader Replaying proof SimpleAttributes.key 
45518      DEBUG main            d.u.i.k.p.i.IntermediateProofReplayer Proof replay took 8.9ns 
45621      INFO  main            d.u.i.k.p.r.p.TestFile    ... finished proof: closed. 
45818      INFO  main            d.u.i.k.p.i.AbstractProblemLoader Loading environment from /home/runner/work/key/key/key.core/../key.ui/examples/standard_key/java_dl/SimpleAttributes.key.proof 
45819      DEBUG main            d.u.i.k.p.i.AbstractProblemLoader Environment load took 149.5ns 
45822      INFO  main            d.u.i.k.p.i.AbstractProblemLoader Creating init config 
48679      DEBUG main            d.u.i.k.p.i.AbstractProblemLoader Init config took 2.86s 
48702      INFO  main            d.u.i.k.p.i.AbstractProblemLoader Replaying proof SimpleAttributes.key.proof 
48728      DEBUG main            d.u.i.k.p.i.IntermediateProofReplayer Proof replay took 23.25ms 
48729      DEBUG main            d.u.i.k.p.r.p.TestFile    ... success: reloaded. 
48730      INFO  main            d.u.i.k.p.r.p.TestFile    Now processing file /home/runner/work/key/key/key.core/../key.ui/examples/standard_key/java_dl/arrayMax.key 
48730      INFO  main            d.u.i.k.p.i.AbstractProblemLoader Loading environment from /home/runner/work/key/key/key.core/../key.ui/examples/standard_key/java_dl/arrayMax.key 
48730      DEBUG main            d.u.i.k.p.i.AbstractProblemLoader Environment load took 93.6ns 
48732      INFO  main            d.u.i.k.p.i.AbstractProblemLoader Creating init config 
51755      DEBUG main            d.u.i.k.p.i.AbstractProblemLoader Init config took 3.02s 
51779      INFO  main            d.u.i.k.p.i.AbstractProblemLoader Replaying proof arrayMax.key 
51781      DEBUG main            d.u.i.k.p.i.IntermediateProofReplayer Proof replay took 9.1ns 
53190      INFO  main            d.u.i.k.p.r.p.TestFile    ... finished proof: closed. 
53467      INFO  main            d.u.i.k.p.i.AbstractProblemLoader Loading environment from /home/runner/work/key/key/key.core/../key.ui/examples/standard_key/java_dl/arrayMax.key.proof 
53468      DEBUG main            d.u.i.k.p.i.AbstractProblemLoader Environment load took 1.54ms 
53471      INFO  main            d.u.i.k.p.i.AbstractProblemLoader Creating init config 
56373      DEBUG main            d.u.i.k.p.i.AbstractProblemLoader Init config took 2.9s 
56398      INFO  main            d.u.i.k.p.i.AbstractProblemLoader Replaying proof arrayMax.key.proof 
56644      DEBUG main            d.u.i.k.p.i.IntermediateProofReplayer Proof replay took 236.4ms 
56646      DEBUG main            d.u.i.k.p.r.p.TestFile    ... success: reloaded. 
56647      INFO  main            d.u.i.k.p.r.p.TestFile    Now processing file /home/runner/work/key/key/key.core/../key.ui/examples/standard_key/java_dl/arrayUpdateSimp.key 
56648      INFO  main            d.u.i.k.p.i.AbstractProblemLoader Loading environment from /home/runner/work/key/key/key.core/../key.ui/examples/standard_key/java_dl/arrayUpdateSimp.key 
56648      DEBUG main            d.u.i.k.p.i.AbstractProblemLoader Environment load took 177.51ns 
56651      INFO  main            d.u.i.k.p.i.AbstractProblemLoader Creating init config 
56682      WARN  main            d.u.i.k.j.r.KeYCrossReferenceNameInfo Datatype java.io.PrintStream declared twice: Once in FILE:/home/runner/work/key/key/key.core/../key.ui/examples/standard_key/java_dl/./classpath/PrintStream.java and once in URL:file:/home/runner/work/key/key/key.core/build/resources/main/de/uka/ilkd/key/java/JavaRedux/java/io/PrintStream.java, Keeping one from URL:file:/home/runner/work/key/key/key.core/build/resources/main/de/uka/ilkd/key/java/JavaRedux/java/io/PrintStream.java 
56682      WARN  main            d.u.i.k.j.r.KeYCrossReferenceNameInfo Datatype java.lang.System declared twice: Once in FILE:/home/runner/work/key/key/key.core/../key.ui/examples/standard_key/java_dl/./classpath/System.java and once in URL:file:/home/runner/work/key/key/key.core/build/resources/main/de/uka/ilkd/key/java/JavaRedux/java/lang/System.java, Keeping one from URL:file:/home/runner/work/key/key/key.core/build/resources/main/de/uka/ilkd/key/java/JavaRedux/java/lang/System.java 
56683      WARN  main            d.u.i.k.j.r.KeYCrossReferenceNameInfo Datatype java.io.InputStream declared twice: Once in FILE:/home/runner/work/key/key/key.core/../key.ui/examples/standard_key/java_dl/./classpath/InputStream.java and once in URL:file:/home/runner/work/key/key/key.core/build/resources/main/de/uka/ilkd/key/java/JavaRedux/java/io/InputStream.java, Keeping one from URL:file:/home/runner/work/key/key/key.core/build/resources/main/de/uka/ilkd/key/java/JavaRedux/java/io/InputStream.java 
56690      DEBUG main            d.u.i.k.j.r.ClassFileDeclarationBuilder Parsing: package java.io; public class Closeable { } 
56690      DEBUG main            r.s.KeYCrossReferenceSourceInfo Dynamically created class: java.io.Closeable 
59591      DEBUG main            d.u.i.k.p.i.AbstractProblemLoader Init config took 2.94s 
59637      INFO  main            d.u.i.k.p.i.AbstractProblemLoader Replaying proof arrayUpdateSimp.key 
59638      DEBUG main            d.u.i.k.p.i.IntermediateProofReplayer Proof replay took 9.4ns 
59742      INFO  main            d.u.i.k.p.r.p.TestFile    ... finished proof: closed. 
59977      INFO  main            d.u.i.k.p.i.AbstractProblemLoader Loading environment from /home/runner/work/key/key/key.core/../key.ui/examples/standard_key/java_dl/arrayUpdateSimp.key.proof 
59977      DEBUG main            d.u.i.k.p.i.AbstractProblemLoader Environment load took 141.5ns 
59983      INFO  main            d.u.i.k.p.i.AbstractProblemLoader Creating init config 
60012      WARN  main            d.u.i.k.j.r.KeYCrossReferenceNameInfo Datatype java.io.PrintStream declared twice: Once in FILE:/home/runner/work/key/key/key.core/../key.ui/examples/standard_key/java_dl/classpath/PrintStream.java and once in URL:file:/home/runner/work/key/key/key.core/build/resources/main/de/uka/ilkd/key/java/JavaRedux/java/io/PrintStream.java, Keeping one from URL:file:/home/runner/work/key/key/key.core/build/resources/main/de/uka/ilkd/key/java/JavaRedux/java/io/PrintStream.java 
60013      WARN  main            d.u.i.k.j.r.KeYCrossReferenceNameInfo Datatype java.lang.System declared twice: Once in FILE:/home/runner/work/key/key/key.core/../key.ui/examples/standard_key/java_dl/classpath/System.java and once in URL:file:/home/runner/work/key/key/key.core/build/resources/main/de/uka/ilkd/key/java/JavaRedux/java/lang/System.java, Keeping one from URL:file:/home/runner/work/key/key/key.core/build/resources/main/de/uka/ilkd/key/java/JavaRedux/java/lang/System.java 
60013      WARN  main            d.u.i.k.j.r.KeYCrossReferenceNameInfo Datatype java.io.InputStream declared twice: Once in FILE:/home/runner/work/key/key/key.core/../key.ui/examples/standard_key/java_dl/classpath/InputStream.java and once in URL:file:/home/runner/work/key/key/key.core/build/resources/main/de/uka/ilkd/key/java/JavaRedux/java/io/InputStream.java, Keeping one from URL:file:/home/runner/work/key/key/key.core/build/resources/main/de/uka/ilkd/key/java/JavaRedux/java/io/InputStream.java 
60018      DEBUG main            d.u.i.k.j.r.ClassFileDeclarationBuilder Parsing: package java.io; public class Closeable { } 
60018      DEBUG main            r.s.KeYCrossReferenceSourceInfo Dynamically created class: java.io.Closeable 
62865      DEBUG main            d.u.i.k.p.i.AbstractProblemLoader Init config took 2.88s 
62889      INFO  main            d.u.i.k.p.i.AbstractProblemLoader Replaying proof arrayUpdateSimp.key.proof 
62892      DEBUG main            d.u.i.k.p.i.IntermediateProofReplayer Proof replay took 725.62ns 
62896      DEBUG main            d.u.i.k.p.r.p.TestFile    ... success: reloaded. 
62897      INFO  main            d.u.i.k.p.r.p.TestFile    Now processing file /home/runner/work/key/key/key.core/../key.ui/examples/standard_key/java_dl/attributes.key 
62897      INFO  main            d.u.i.k.p.i.AbstractProblemLoader Loading environment from /home/runner/work/key/key/key.core/../key.ui/examples/standard_key/java_dl/attributes.key 
62898      DEBUG main            d.u.i.k.p.i.AbstractProblemLoader Environment load took 240.01ns 
62899      INFO  main            d.u.i.k.p.i.AbstractProblemLoader Creating init config 
65814      DEBUG main            d.u.i.k.p.i.AbstractProblemLoader Init config took 2.91s 
65835      INFO  main            d.u.i.k.p.i.AbstractProblemLoader Replaying proof attributes.key 
65837      DEBUG main            d.u.i.k.p.i.IntermediateProofReplayer Proof replay took 7.8ns 
66040      INFO  main            d.u.i.k.p.r.p.TestFile    ... finished proof: closed. 
66258      INFO  main            d.u.i.k.p.i.AbstractProblemLoader Loading environment from /home/runner/work/key/key/key.core/../key.ui/examples/standard_key/java_dl/attributes.key.proof 
66258      DEBUG main            d.u.i.k.p.i.AbstractProblemLoader Environment load took 159.41ns 
66259      INFO  main            d.u.i.k.p.i.AbstractProblemLoader Creating init config 
69128      DEBUG main            d.u.i.k.p.i.AbstractProblemLoader Init config took 2.87s 
69148      INFO  main            d.u.i.k.p.i.AbstractProblemLoader Replaying proof attributes.key.proof 
69188      DEBUG main            d.u.i.k.p.i.IntermediateProofReplayer Proof replay took 36.75ms 
69189      DEBUG main            d.u.i.k.p.r.p.TestFile    ... success: reloaded. 
69190      INFO  main            d.u.i.k.p.r.p.TestFile    Now processing file /home/runner/work/key/key/key.core/../key.ui/examples/standard_key/java_dl/break.key 
69190      INFO  main            d.u.i.k.p.i.AbstractProblemLoader Loading environment from /home/runner/work/key/key/key.core/../key.ui/examples/standard_key/java_dl/break.key 
69191      DEBUG main            d.u.i.k.p.i.AbstractProblemLoader Environment load took 266.01ns 
69192      INFO  main            d.u.i.k.p.i.AbstractProblemLoader Creating init config 
69224      WARN  main            d.u.i.k.j.r.KeYCrossReferenceNameInfo Datatype java.io.PrintStream declared twice: Once in FILE:/home/runner/work/key/key/key.core/../key.ui/examples/standard_key/java_dl/classpath/PrintStream.java and once in URL:file:/home/runner/work/key/key/key.core/build/resources/main/de/uka/ilkd/key/java/JavaRedux/java/io/PrintStream.java, Keeping one from URL:file:/home/runner/work/key/key/key.core/build/resources/main/de/uka/ilkd/key/java/JavaRedux/java/io/PrintStream.java 
69225      WARN  main            d.u.i.k.j.r.KeYCrossReferenceNameInfo Datatype java.lang.System declared twice: Once in FILE:/home/runner/work/key/key/key.core/../key.ui/examples/standard_key/java_dl/classpath/System.java and once in URL:file:/home/runner/work/key/key/key.core/build/resources/main/de/uka/ilkd/key/java/JavaRedux/java/lang/System.java, Keeping one from URL:file:/home/runner/work/key/key/key.core/build/resources/main/de/uka/ilkd/key/java/JavaRedux/java/lang/System.java 
69225      WARN  main            d.u.i.k.j.r.KeYCrossReferenceNameInfo Datatype java.io.InputStream declared twice: Once in FILE:/home/runner/work/key/key/key.core/../key.ui/examples/standard_key/java_dl/classpath/InputStream.java and once in URL:file:/home/runner/work/key/key/key.core/build/resources/main/de/uka/ilkd/key/java/JavaRedux/java/io/InputStream.java, Keeping one from URL:file:/home/runner/work/key/key/key.core/build/resources/main/de/uka/ilkd/key/java/JavaRedux/java/io/InputStream.java 
69230      DEBUG main            d.u.i.k.j.r.ClassFileDeclarationBuilder Parsing: package java.io; public class Closeable { } 
69244      DEBUG main            r.s.KeYCrossReferenceSourceInfo Dynamically created class: java.io.Closeable 
72172      DEBUG main            d.u.i.k.p.i.AbstractProblemLoader Init config took 2.98s 
72191      INFO  main            d.u.i.k.p.i.AbstractProblemLoader Replaying proof break.key 
72193      DEBUG main            d.u.i.k.p.i.IntermediateProofReplayer Proof replay took 8.5ns 
72295      INFO  main            d.u.i.k.p.r.p.TestFile    ... finished proof: closed. 
72520      INFO  main            d.u.i.k.p.i.AbstractProblemLoader Loading environment from /home/runner/work/key/key/key.core/../key.ui/examples/standard_key/java_dl/break.key.proof 
72521      DEBUG main            d.u.i.k.p.i.AbstractProblemLoader Environment load took 145.4ns 
72522      INFO  main            d.u.i.k.p.i.AbstractProblemLoader Creating init config 
72551      WARN  main            d.u.i.k.j.r.KeYCrossReferenceNameInfo Datatype java.io.PrintStream declared twice: Once in FILE:/home/runner/work/key/key/key.core/../key.ui/examples/standard_key/java_dl/classpath/PrintStream.java and once in URL:file:/home/runner/work/key/key/key.core/build/resources/main/de/uka/ilkd/key/java/JavaRedux/java/io/PrintStream.java, Keeping one from URL:file:/home/runner/work/key/key/key.core/build/resources/main/de/uka/ilkd/key/java/JavaRedux/java/io/PrintStream.java 
72551      WARN  main            d.u.i.k.j.r.KeYCrossReferenceNameInfo Datatype java.lang.System declared twice: Once in FILE:/home/runner/work/key/key/key.core/../key.ui/examples/standard_key/java_dl/classpath/System.java and once in URL:file:/home/runner/work/key/key/key.core/build/resources/main/de/uka/ilkd/key/java/JavaRedux/java/lang/System.java, Keeping one from URL:file:/home/runner/work/key/key/key.core/build/resources/main/de/uka/ilkd/key/java/JavaRedux/java/lang/System.java 
72551      WARN  main            d.u.i.k.j.r.KeYCrossReferenceNameInfo Datatype java.io.InputStream declared twice: Once in FILE:/home/runner/work/key/key/key.core/../key.ui/examples/standard_key/java_dl/classpath/InputStream.java and once in URL:file:/home/runner/work/key/key/key.core/build/resources/main/de/uka/ilkd/key/java/JavaRedux/java/io/InputStream.java, Keeping one from URL:file:/home/runner/work/key/key/key.core/build/resources/main/de/uka/ilkd/key/java/JavaRedux/java/io/InputStream.java 
72556      DEBUG main            d.u.i.k.j.r.ClassFileDeclarationBuilder Parsing: package java.io; public class Closeable { } 
72557      DEBUG main            r.s.KeYCrossReferenceSourceInfo Dynamically created class: java.io.Closeable 
75421      DEBUG main            d.u.i.k.p.i.AbstractProblemLoader Init config took 2.9s 
75440      INFO  main            d.u.i.k.p.i.AbstractProblemLoader Replaying proof break.key.proof 
75450      DEBUG main            d.u.i.k.p.i.IntermediateProofReplayer Proof replay took 7.56ms 
75451      DEBUG main            d.u.i.k.p.r.p.TestFile    ... success: reloaded. 
75452      INFO  main            d.u.i.k.p.r.p.TestFile    Now processing file /home/runner/work/key/key/key.core/../key.ui/examples/standard_key/java_dl/char.key 
75453      INFO  main            d.u.i.k.p.i.AbstractProblemLoader Loading environment from /home/runner/work/key/key/key.core/../key.ui/examples/standard_key/java_dl/char.key 
75453      DEBUG main            d.u.i.k.p.i.AbstractProblemLoader Environment load took 108.5ns 
75454      INFO  main            d.u.i.k.p.i.AbstractProblemLoader Creating init config 
78322      DEBUG main            d.u.i.k.p.i.AbstractProblemLoader Init config took 2.87s 
78342      INFO  main            d.u.i.k.p.i.AbstractProblemLoader Replaying proof char.key 
78357      DEBUG main            d.u.i.k.p.i.IntermediateProofReplayer Proof replay took 10.4ns 
78469      INFO  main            d.u.i.k.p.r.p.TestFile    ... finished proof: closed. 
78704      INFO  main            d.u.i.k.p.i.AbstractProblemLoader Loading environment from /home/runner/work/key/key/key.core/../key.ui/examples/standard_key/java_dl/char.key.proof 
78704      DEBUG main            d.u.i.k.p.i.AbstractProblemLoader Environment load took 135.5ns 
78705      INFO  main            d.u.i.k.p.i.AbstractProblemLoader Creating init config 
81484      DEBUG main            d.u.i.k.p.i.AbstractProblemLoader Init config took 2.78s 
81505      INFO  main            d.u.i.k.p.i.AbstractProblemLoader Replaying proof char.key.proof 
81513      DEBUG main            d.u.i.k.p.i.IntermediateProofReplayer Proof replay took 3.14ms 
81514      DEBUG main            d.u.i.k.p.r.p.TestFile    ... success: reloaded. 
81517      INFO  main            d.u.i.k.p.r.p.TestFile    Now processing file /home/runner/work/key/key/key.core/../key.ui/examples/standard_key/java_dl/compileTimeConstants.key 
81517      INFO  main            d.u.i.k.p.i.AbstractProblemLoader Loading environment from /home/runner/work/key/key/key.core/../key.ui/examples/standard_key/java_dl/compileTimeConstants.key 
81517      DEBUG main            d.u.i.k.p.i.AbstractProblemLoader Environment load took 134ns 
81518      INFO  main            d.u.i.k.p.i.AbstractProblemLoader Creating init config 
84399      DEBUG main            d.u.i.k.p.i.AbstractProblemLoader Init config took 2.88s 
84417      INFO  main            d.u.i.k.p.i.AbstractProblemLoader Replaying proof compileTimeConstants.key 
84419      DEBUG main            d.u.i.k.p.i.IntermediateProofReplayer Proof replay took 7.8ns 
84525      INFO  main            d.u.i.k.p.r.p.TestFile    ... finished proof: closed. 
84758      INFO  main            d.u.i.k.p.i.AbstractProblemLoader Loading environment from /home/runner/work/key/key/key.core/../key.ui/examples/standard_key/java_dl/compileTimeConstants.key.proof 
84758      DEBUG main            d.u.i.k.p.i.AbstractProblemLoader Environment load took 136.2ns 
84759      INFO  main            d.u.i.k.p.i.AbstractProblemLoader Creating init config 
87602      DEBUG main            d.u.i.k.p.i.AbstractProblemLoader Init config took 2.84s 
87622      INFO  main            d.u.i.k.p.i.AbstractProblemLoader Replaying proof compileTimeConstants.key.proof 
87636      DEBUG main            d.u.i.k.p.i.IntermediateProofReplayer Proof replay took 11.55ms 
87637      DEBUG main            d.u.i.k.p.r.p.TestFile    ... success: reloaded. 
87638      INFO  main            d.u.i.k.p.r.p.TestFile    Now processing file /home/runner/work/key/key/key.core/../key.ui/examples/standard_key/java_dl/constructorException/test.key 
87638      INFO  main            d.u.i.k.p.i.AbstractProblemLoader Loading environment from /home/runner/work/key/key/key.core/../key.ui/examples/standard_key/java_dl/constructorException/test.key 
87638      DEBUG main            d.u.i.k.p.i.AbstractProblemLoader Environment load took 89ns 
87639      INFO  main            d.u.i.k.p.i.AbstractProblemLoader Creating init config 
90648      DEBUG main            d.u.i.k.p.i.AbstractProblemLoader Init config took 3.01s 
90739      INFO  main            d.u.i.k.p.i.AbstractProblemLoader Replaying proof Test[Test::Test(int)].JML operation contract.0 
90740      DEBUG main            d.u.i.k.p.i.IntermediateProofReplayer Proof replay took 7.9ns 
91043      INFO  main            d.u.i.k.p.r.p.TestFile    ... finished proof: closed. 
91301      INFO  main            d.u.i.k.p.i.AbstractProblemLoader Loading environment from /home/runner/work/key/key/key.core/../key.ui/examples/standard_key/java_dl/constructorException/test.key.proof 
91302      DEBUG main            d.u.i.k.p.i.AbstractProblemLoader Environment load took 206.41ns 
91303      INFO  main            d.u.i.k.p.i.AbstractProblemLoader Creating init config 
94157      DEBUG main            d.u.i.k.p.i.AbstractProblemLoader Init config took 2.85s 
94214      INFO  main            d.u.i.k.p.i.AbstractProblemLoader Replaying proof Test[Test::Test(int)].JML operation contract.0 
94272      DEBUG main            d.u.i.k.p.i.IntermediateProofReplayer Proof replay took 54.41ms 
94273      DEBUG main            d.u.i.k.p.r.p.TestFile    ... success: reloaded. 
94274      INFO  main            d.u.i.k.p.r.p.TestFile    Now processing file /home/runner/work/key/key/key.core/../key.ui/examples/standard_key/java_dl/constructorException/regressionTestBug1333.key 
94274      INFO  main            d.u.i.k.p.i.AbstractProblemLoader Loading environment from /home/runner/work/key/key/key.core/../key.ui/examples/standard_key/java_dl/constructorException/regressionTestBug1333.key 
94274      DEBUG main            d.u.i.k.p.i.AbstractProblemLoader Environment load took 151.1ns 
94275      INFO  main            d.u.i.k.p.i.AbstractProblemLoader Creating init config 
97261      DEBUG main            d.u.i.k.p.i.AbstractProblemLoader Init config took 2.99s 
97305      INFO  main            d.u.i.k.p.i.AbstractProblemLoader Replaying proof False[False::False()].JML normal_behavior operation contract.0 
97308      DEBUG main            d.u.i.k.p.i.IntermediateProofReplayer Proof replay took 7.8ns 
97415      INFO  main            d.u.i.k.p.r.p.TestFile    ... finished proof: open goal(s) 
97701      INFO  main            d.u.i.k.p.r.p.TestFile    Now processing file /home/runner/work/key/key/key.core/../key.ui/examples/standard_key/java_dl/continue1.key 
97701      INFO  main            d.u.i.k.p.i.AbstractProblemLoader Loading environment from /home/runner/work/key/key/key.core/../key.ui/examples/standard_key/java_dl/continue1.key 
97701      DEBUG main            d.u.i.k.p.i.AbstractProblemLoader Environment load took 100ns 
97702      INFO  main            d.u.i.k.p.i.AbstractProblemLoader Creating init config 
97731      WARN  main            d.u.i.k.j.r.KeYCrossReferenceNameInfo Datatype java.io.PrintStream declared twice: Once in FILE:/home/runner/work/key/key/key.core/../key.ui/examples/standard_key/java_dl/classpath/PrintStream.java and once in URL:file:/home/runner/work/key/key/key.core/build/resources/main/de/uka/ilkd/key/java/JavaRedux/java/io/PrintStream.java, Keeping one from URL:file:/home/runner/work/key/key/key.core/build/resources/main/de/uka/ilkd/key/java/JavaRedux/java/io/PrintStream.java 
97731      WARN  main            d.u.i.k.j.r.KeYCrossReferenceNameInfo Datatype java.lang.System declared twice: Once in FILE:/home/runner/work/key/key/key.core/../key.ui/examples/standard_key/java_dl/classpath/System.java and once in URL:file:/home/runner/work/key/key/key.core/build/resources/main/de/uka/ilkd/key/java/JavaRedux/java/lang/System.java, Keeping one from URL:file:/home/runner/work/key/key/key.core/build/resources/main/de/uka/ilkd/key/java/JavaRedux/java/lang/System.java 
97732      WARN  main            d.u.i.k.j.r.KeYCrossReferenceNameInfo Datatype java.io.InputStream declared twice: Once in FILE:/home/runner/work/key/key/key.core/../key.ui/examples/standard_key/java_dl/classpath/InputStream.java and once in URL:file:/home/runner/work/key/key/key.core/build/resources/main/de/uka/ilkd/key/java/JavaRedux/java/io/InputStream.java, Keeping one from URL:file:/home/runner/work/key/key/key.core/build/resources/main/de/uka/ilkd/key/java/JavaRedux/java/io/InputStream.java 
97736      DEBUG main            d.u.i.k.j.r.ClassFileDeclarationBuilder Parsing: package java.io; public class Closeable { } 
97736      DEBUG main            r.s.KeYCrossReferenceSourceInfo Dynamically created class: java.io.Closeable 
100518     DEBUG main            d.u.i.k.p.i.AbstractProblemLoader Init config took 2.82s 
100535     INFO  main            d.u.i.k.p.i.AbstractProblemLoader Replaying proof continue1.key 
100537     DEBUG main            d.u.i.k.p.i.IntermediateProofReplayer Proof replay took 7ns 
100640     INFO  main            d.u.i.k.p.r.p.TestFile    ... finished proof: closed. 
100935     INFO  main            d.u.i.k.p.i.AbstractProblemLoader Loading environment from /home/runner/work/key/key/key.core/../key.ui/examples/standard_key/java_dl/continue1.key.proof 
100936     DEBUG main            d.u.i.k.p.i.AbstractProblemLoader Environment load took 628.62ns 
100937     INFO  main            d.u.i.k.p.i.AbstractProblemLoader Creating init config 
100964     WARN  main            d.u.i.k.j.r.KeYCrossReferenceNameInfo Datatype java.io.PrintStream declared twice: Once in FILE:/home/runner/work/key/key/key.core/../key.ui/examples/standard_key/java_dl/classpath/PrintStream.java and once in URL:file:/home/runner/work/key/key/key.core/build/resources/main/de/uka/ilkd/key/java/JavaRedux/java/io/PrintStream.java, Keeping one from URL:file:/home/runner/work/key/key/key.core/build/resources/main/de/uka/ilkd/key/java/JavaRedux/java/io/PrintStream.java 
100965     WARN  main            d.u.i.k.j.r.KeYCrossReferenceNameInfo Datatype java.lang.System declared twice: Once in FILE:/home/runner/work/key/key/key.core/../key.ui/examples/standard_key/java_dl/classpath/System.java and once in URL:file:/home/runner/work/key/key/key.core/build/resources/main/de/uka/ilkd/key/java/JavaRedux/java/lang/System.java, Keeping one from URL:file:/home/runner/work/key/key/key.core/build/resources/main/de/uka/ilkd/key/java/JavaRedux/java/lang/System.java 
100965     WARN  main            d.u.i.k.j.r.KeYCrossReferenceNameInfo Datatype java.io.InputStream declared twice: Once in FILE:/home/runner/work/key/key/key.core/../key.ui/examples/standard_key/java_dl/classpath/InputStream.java and once in URL:file:/home/runner/work/key/key/key.core/build/resources/main/de/uka/ilkd/key/java/JavaRedux/java/io/InputStream.java, Keeping one from URL:file:/home/runner/work/key/key/key.core/build/resources/main/de/uka/ilkd/key/java/JavaRedux/java/io/InputStream.java 
100969     DEBUG main            d.u.i.k.j.r.ClassFileDeclarationBuilder Parsing: package java.io; public class Closeable { } 
100969     DEBUG main            r.s.KeYCrossReferenceSourceInfo Dynamically created class: java.io.Closeable 
103764     DEBUG main            d.u.i.k.p.i.AbstractProblemLoader Init config took 2.83s 
103784     INFO  main            d.u.i.k.p.i.AbstractProblemLoader Replaying proof continue1.key.proof 
103807     DEBUG main            d.u.i.k.p.i.IntermediateProofReplayer Proof replay took 19.79ms 
103810     DEBUG main            d.u.i.k.p.r.p.TestFile    ... success: reloaded. 
103813     INFO  main            d.u.i.k.p.r.p.TestFile    Now processing file /home/runner/work/key/key/key.core/../key.ui/examples/standard_key/java_dl/continue2.key 
103818     INFO  main            d.u.i.k.p.i.AbstractProblemLoader Loading environment from /home/runner/work/key/key/key.core/../key.ui/examples/standard_key/java_dl/continue2.key 
103819     DEBUG main            d.u.i.k.p.i.AbstractProblemLoader Environment load took 846.52ns 
103820     INFO  main            d.u.i.k.p.i.AbstractProblemLoader Creating init config 
103847     WARN  main            d.u.i.k.j.r.KeYCrossReferenceNameInfo Datatype java.io.PrintStream declared twice: Once in FILE:/home/runner/work/key/key/key.core/../key.ui/examples/standard_key/java_dl/classpath/PrintStream.java and once in URL:file:/home/runner/work/key/key/key.core/build/resources/main/de/uka/ilkd/key/java/JavaRedux/java/io/PrintStream.java, Keeping one from URL:file:/home/runner/work/key/key/key.core/build/resources/main/de/uka/ilkd/key/java/JavaRedux/java/io/PrintStream.java 
103847     WARN  main            d.u.i.k.j.r.KeYCrossReferenceNameInfo Datatype java.lang.System declared twice: Once in FILE:/home/runner/work/key/key/key.core/../key.ui/examples/standard_key/java_dl/classpath/System.java and once in URL:file:/home/runner/work/key/key/key.core/build/resources/main/de/uka/ilkd/key/java/JavaRedux/java/lang/System.java, Keeping one from URL:file:/home/runner/work/key/key/key.core/build/resources/main/de/uka/ilkd/key/java/JavaRedux/java/lang/System.java 
103847     WARN  main            d.u.i.k.j.r.KeYCrossReferenceNameInfo Datatype java.io.InputStream declared twice: Once in FILE:/home/runner/work/key/key/key.core/../key.ui/examples/standard_key/java_dl/classpath/InputStream.java and once in URL:file:/home/runner/work/key/key/key.core/build/resources/main/de/uka/ilkd/key/java/JavaRedux/java/io/InputStream.java, Keeping one from URL:file:/home/runner/work/key/key/key.core/build/resources/main/de/uka/ilkd/key/java/JavaRedux/java/io/InputStream.java 
103851     DEBUG main            d.u.i.k.j.r.ClassFileDeclarationBuilder Parsing: package java.io; public class Closeable { } 
103851     DEBUG main            r.s.KeYCrossReferenceSourceInfo Dynamically created class: java.io.Closeable 
106792     DEBUG main            d.u.i.k.p.i.AbstractProblemLoader Init config took 2.97s 
106810     INFO  main            d.u.i.k.p.i.AbstractProblemLoader Replaying proof continue2.key 
106811     DEBUG main            d.u.i.k.p.i.IntermediateProofReplayer Proof replay took 39.7ns 
107114     INFO  main            d.u.i.k.p.r.p.TestFile    ... finished proof: closed. 
107403     INFO  main            d.u.i.k.p.i.AbstractProblemLoader Loading environment from /home/runner/work/key/key/key.core/../key.ui/examples/standard_key/java_dl/continue2.key.proof 
107403     DEBUG main            d.u.i.k.p.i.AbstractProblemLoader Environment load took 119.7ns 
107405     INFO  main            d.u.i.k.p.i.AbstractProblemLoader Creating init config 
107431     WARN  main            d.u.i.k.j.r.KeYCrossReferenceNameInfo Datatype java.io.PrintStream declared twice: Once in FILE:/home/runner/work/key/key/key.core/../key.ui/examples/standard_key/java_dl/classpath/PrintStream.java and once in URL:file:/home/runner/work/key/key/key.core/build/resources/main/de/uka/ilkd/key/java/JavaRedux/java/io/PrintStream.java, Keeping one from URL:file:/home/runner/work/key/key/key.core/build/resources/main/de/uka/ilkd/key/java/JavaRedux/java/io/PrintStream.java 
107432     WARN  main            d.u.i.k.j.r.KeYCrossReferenceNameInfo Datatype java.lang.System declared twice: Once in FILE:/home/runner/work/key/key/key.core/../key.ui/examples/standard_key/java_dl/classpath/System.java and once in URL:file:/home/runner/work/key/key/key.core/build/resources/main/de/uka/ilkd/key/java/JavaRedux/java/lang/System.java, Keeping one from URL:file:/home/runner/work/key/key/key.core/build/resources/main/de/uka/ilkd/key/java/JavaRedux/java/lang/System.java 
107432     WARN  main            d.u.i.k.j.r.KeYCrossReferenceNameInfo Datatype java.io.InputStream declared twice: Once in FILE:/home/runner/work/key/key/key.core/../key.ui/examples/standard_key/java_dl/classpath/InputStream.java and once in URL:file:/home/runner/work/key/key/key.core/build/resources/main/de/uka/ilkd/key/java/JavaRedux/java/io/InputStream.java, Keeping one from URL:file:/home/runner/work/key/key/key.core/build/resources/main/de/uka/ilkd/key/java/JavaRedux/java/io/InputStream.java 
107436     DEBUG main            d.u.i.k.j.r.ClassFileDeclarationBuilder Parsing: package java.io; public class Closeable { } 
107436     DEBUG main            r.s.KeYCrossReferenceSourceInfo Dynamically created class: java.io.Closeable 
110180     DEBUG main            d.u.i.k.p.i.AbstractProblemLoader Init config took 2.78s 
110197     INFO  main            d.u.i.k.p.i.AbstractProblemLoader Replaying proof continue2.key.proof 
110277     DEBUG main            d.u.i.k.p.i.IntermediateProofReplayer Proof replay took 76.13ms 
110278     DEBUG main            d.u.i.k.p.r.p.TestFile    ... success: reloaded. 
110279     INFO  main            d.u.i.k.p.r.p.TestFile    Now processing file /home/runner/work/key/key/key.core/../key.ui/examples/standard_key/java_dl/complexAssignment.key 
110280     INFO  main            d.u.i.k.p.i.AbstractProblemLoader Loading environment from /home/runner/work/key/key/key.core/../key.ui/examples/standard_key/java_dl/complexAssignment.key 
110280     DEBUG main            d.u.i.k.p.i.AbstractProblemLoader Environment load took 151.9ns 
110281     INFO  main            d.u.i.k.p.i.AbstractProblemLoader Creating init config 
113120     DEBUG main            d.u.i.k.p.i.AbstractProblemLoader Init config took 2.84s 
113138     INFO  main            d.u.i.k.p.i.AbstractProblemLoader Replaying proof complexAssignment.key 
113140     DEBUG main            d.u.i.k.p.i.IntermediateProofReplayer Proof replay took 7.7ns 
113242     INFO  main            d.u.i.k.p.r.p.TestFile    ... finished proof: closed. 
113511     INFO  main            d.u.i.k.p.i.AbstractProblemLoader Loading environment from /home/runner/work/key/key/key.core/../key.ui/examples/standard_key/java_dl/complexAssignment.key.proof 
113512     DEBUG main            d.u.i.k.p.i.AbstractProblemLoader Environment load took 248.41ns 
113513     INFO  main            d.u.i.k.p.i.AbstractProblemLoader Creating init config 
116223     DEBUG main            d.u.i.k.p.i.AbstractProblemLoader Init config took 2.71s 
116241     INFO  main            d.u.i.k.p.i.AbstractProblemLoader Replaying proof complexAssignment.key.proof 
116255     DEBUG main            d.u.i.k.p.i.IntermediateProofReplayer Proof replay took 11.8ms 
116256     DEBUG main            d.u.i.k.p.r.p.TestFile    ... success: reloaded. 
116258     INFO  main            d.u.i.k.p.r.p.TestFile    Now processing file /home/runner/work/key/key/key.core/../key.ui/examples/standard_key/java_dl/danglingElseSolution1.key 
116259     INFO  main            d.u.i.k.p.i.AbstractProblemLoader Loading environment from /home/runner/work/key/key/key.core/../key.ui/examples/standard_key/java_dl/danglingElseSolution1.key 
116259     DEBUG main            d.u.i.k.p.i.AbstractProblemLoader Environment load took 102.31ns 
116260     INFO  main            d.u.i.k.p.i.AbstractProblemLoader Creating init config 
119086     DEBUG main            d.u.i.k.p.i.AbstractProblemLoader Init config took 2.83s 
119104     INFO  main            d.u.i.k.p.i.AbstractProblemLoader Replaying proof danglingElseSolution1.key 
119106     DEBUG main            d.u.i.k.p.i.IntermediateProofReplayer Proof replay took 9.4ns 
119208     INFO  main            d.u.i.k.p.r.p.TestFile    ... finished proof: closed. 
119509     INFO  main            d.u.i.k.p.i.AbstractProblemLoader Loading environment from /home/runner/work/key/key/key.core/../key.ui/examples/standard_key/java_dl/danglingElseSolution1.key.proof 
119509     DEBUG main            d.u.i.k.p.i.AbstractProblemLoader Environment load took 124.9ns 
119510     INFO  main            d.u.i.k.p.i.AbstractProblemLoader Creating init config 
122209     DEBUG main            d.u.i.k.p.i.AbstractProblemLoader Init config took 2.7s 
122228     INFO  main            d.u.i.k.p.i.AbstractProblemLoader Replaying proof danglingElseSolution1.key.proof 
122241     DEBUG main            d.u.i.k.p.i.IntermediateProofReplayer Proof replay took 9.5ms 
122244     DEBUG main            d.u.i.k.p.r.p.TestFile    ... success: reloaded. 
122245     INFO  main            d.u.i.k.p.r.p.TestFile    Now processing file /home/runner/work/key/key/key.core/../key.ui/examples/standard_key/java_dl/danglingElseSolution2.key 
122245     INFO  main            d.u.i.k.p.i.AbstractProblemLoader Loading environment from /home/runner/work/key/key/key.core/../key.ui/examples/standard_key/java_dl/danglingElseSolution2.key 
122245     DEBUG main            d.u.i.k.p.i.AbstractProblemLoader Environment load took 248.91ns 
122246     INFO  main            d.u.i.k.p.i.AbstractProblemLoader Creating init config 
125142     DEBUG main            d.u.i.k.p.i.AbstractProblemLoader Init config took 2.9s 
125160     INFO  main            d.u.i.k.p.i.AbstractProblemLoader Replaying proof danglingElseSolution2.key 
125167     DEBUG main            d.u.i.k.p.i.IntermediateProofReplayer Proof replay took 10ns 
125269     INFO  main            d.u.i.k.p.r.p.TestFile    ... finished proof: closed. 
125557     INFO  main            d.u.i.k.p.i.AbstractProblemLoader Loading environment from /home/runner/work/key/key/key.core/../key.ui/examples/standard_key/java_dl/danglingElseSolution2.key.proof 
125557     DEBUG main            d.u.i.k.p.i.AbstractProblemLoader Environment load took 118.6ns 
125558     INFO  main            d.u.i.k.p.i.AbstractProblemLoader Creating init config 
128264     DEBUG main            d.u.i.k.p.i.AbstractProblemLoader Init config took 2.71s 
128282     INFO  main            d.u.i.k.p.i.AbstractProblemLoader Replaying proof danglingElseSolution2.key.proof 
128293     DEBUG main            d.u.i.k.p.i.IntermediateProofReplayer Proof replay took 8.45ms 
128294     DEBUG main            d.u.i.k.p.r.p.TestFile    ... success: reloaded. 
128295     INFO  main            d.u.i.k.p.r.p.TestFile    Now processing file /home/runner/work/key/key/key.core/../key.ui/examples/standard_key/java_dl/deepNonNull/deepNonNull0.key 
128295     INFO  main            d.u.i.k.p.i.AbstractProblemLoader Loading environment from /home/runner/work/key/key/key.core/../key.ui/examples/standard_key/java_dl/deepNonNull/deepNonNull0.key 
128295     DEBUG main            d.u.i.k.p.i.AbstractProblemLoader Environment load took 105.1ns 
128296     INFO  main            d.u.i.k.p.i.AbstractProblemLoader Creating init config 
131183     DEBUG main            d.u.i.k.p.i.AbstractProblemLoader Init config took 2.89s 
131235     INFO  main            d.u.i.k.p.i.AbstractProblemLoader Replaying proof Arrays[Arrays::get()].JML operation contract.0 
131237     DEBUG main            d.u.i.k.p.i.IntermediateProofReplayer Proof replay took 8.4ns 
131440     INFO  main            d.u.i.k.p.r.p.TestFile    ... finished proof: closed. 
131758     INFO  main            d.u.i.k.p.i.AbstractProblemLoader Loading environment from /home/runner/work/key/key/key.core/../key.ui/examples/standard_key/java_dl/deepNonNull/deepNonNull0.key.proof 
131759     DEBUG main            d.u.i.k.p.i.AbstractProblemLoader Environment load took 639.84ns 
131762     INFO  main            d.u.i.k.p.i.AbstractProblemLoader Creating init config 
134579     DEBUG main            d.u.i.k.p.i.AbstractProblemLoader Init config took 2.82s 
134625     INFO  main            d.u.i.k.p.i.AbstractProblemLoader Replaying proof Arrays[Arrays::get()].JML operation contract.0 
134646     DEBUG main            d.u.i.k.p.i.IntermediateProofReplayer Proof replay took 18.34ms 
134647     DEBUG main            d.u.i.k.p.r.p.TestFile    ... success: reloaded. 
134647     INFO  main            d.u.i.k.p.r.p.TestFile    Now processing file /home/runner/work/key/key/key.core/../key.ui/examples/standard_key/java_dl/deepNonNull/deepNonNull1.key 
134648     INFO  main            d.u.i.k.p.i.AbstractProblemLoader Loading environment from /home/runner/work/key/key/key.core/../key.ui/examples/standard_key/java_dl/deepNonNull/deepNonNull1.key 
134648     DEBUG main            d.u.i.k.p.i.AbstractProblemLoader Environment load took 99.6ns 
134649     INFO  main            d.u.i.k.p.i.AbstractProblemLoader Creating init config 
137503     DEBUG main            d.u.i.k.p.i.AbstractProblemLoader Init config took 2.85s 
137548     INFO  main            d.u.i.k.p.i.AbstractProblemLoader Replaying proof Arrays[Arrays::head()].JML operation contract.0 
137550     DEBUG main            d.u.i.k.p.i.IntermediateProofReplayer Proof replay took 8.9ns 
137752     INFO  main            d.u.i.k.p.r.p.TestFile    ... finished proof: closed. 
138056     INFO  main            d.u.i.k.p.i.AbstractProblemLoader Loading environment from /home/runner/work/key/key/key.core/../key.ui/examples/standard_key/java_dl/deepNonNull/deepNonNull1.key.proof 
138056     DEBUG main            d.u.i.k.p.i.AbstractProblemLoader Environment load took 407.11ns 
138057     INFO  main            d.u.i.k.p.i.AbstractProblemLoader Creating init config 
140899     DEBUG main            d.u.i.k.p.i.AbstractProblemLoader Init config took 2.84s 
140942     INFO  main            d.u.i.k.p.i.AbstractProblemLoader Replaying proof Arrays[Arrays::head()].JML operation contract.0 
140963     DEBUG main            d.u.i.k.p.i.IntermediateProofReplayer Proof replay took 18.52ms 
140963     DEBUG main            d.u.i.k.p.r.p.TestFile    ... success: reloaded. 
140964     INFO  main            d.u.i.k.p.r.p.TestFile    Now processing file /home/runner/work/key/key/key.core/../key.ui/examples/standard_key/java_dl/deepNonNull/deepNonNull2.key 
140964     INFO  main            d.u.i.k.p.i.AbstractProblemLoader Loading environment from /home/runner/work/key/key/key.core/../key.ui/examples/standard_key/java_dl/deepNonNull/deepNonNull2.key 
140965     DEBUG main            d.u.i.k.p.i.AbstractProblemLoader Environment load took 93.6ns 
140966     INFO  main            d.u.i.k.p.i.AbstractProblemLoader Creating init config 
143820     DEBUG main            d.u.i.k.p.i.AbstractProblemLoader Init config took 2.85s 
143886     INFO  main            d.u.i.k.p.i.AbstractProblemLoader Replaying proof Arrays[Arrays::unprovable(java.lang.Object)].JML operation contract.0 
143888     DEBUG main            d.u.i.k.p.i.IntermediateProofReplayer Proof replay took 8.6ns 
143995     INFO  main            d.u.i.k.p.r.p.TestFile    ... finished proof: open goal(s) 
144294     INFO  main            d.u.i.k.p.r.p.TestFile    Now processing file /home/runner/work/key/key/key.core/../key.ui/examples/standard_key/java_dl/deepNonNull/deepNonNull3.key 
144294     INFO  main            d.u.i.k.p.i.AbstractProblemLoader Loading environment from /home/runner/work/key/key/key.core/../key.ui/examples/standard_key/java_dl/deepNonNull/deepNonNull3.key 
144294     DEBUG main            d.u.i.k.p.i.AbstractProblemLoader Environment load took 62.3ns 
144295     INFO  main            d.u.i.k.p.i.AbstractProblemLoader Creating init config 
147190     DEBUG main            d.u.i.k.p.i.AbstractProblemLoader Init config took 2.9s 
147237     INFO  main            d.u.i.k.p.i.AbstractProblemLoader Replaying proof Arrays[Arrays::head([[[[Ljava.lang.Object)].JML operation contract.0 
147239     DEBUG main            d.u.i.k.p.i.IntermediateProofReplayer Proof replay took 8.6ns 
148358     INFO  main            d.u.i.k.p.r.p.TestFile    ... finished proof: closed. 
148667     INFO  main            d.u.i.k.p.i.AbstractProblemLoader Loading environment from /home/runner/work/key/key/key.core/../key.ui/examples/standard_key/java_dl/deepNonNull/deepNonNull3.key.proof 
148668     DEBUG main            d.u.i.k.p.i.AbstractProblemLoader Environment load took 491.02ns 
148669     INFO  main            d.u.i.k.p.i.AbstractProblemLoader Creating init config 
151480     DEBUG main            d.u.i.k.p.i.AbstractProblemLoader Init config took 2.81s 
151531     INFO  main            d.u.i.k.p.i.AbstractProblemLoader Replaying proof Arrays[Arrays::head([[[[Ljava.lang.Object)].JML operation contract.0 
151604     DEBUG main            d.u.i.k.p.i.IntermediateProofReplayer Proof replay took 67.75ms 
151605     DEBUG main            d.u.i.k.p.r.p.TestFile    ... success: reloaded. 
151605     INFO  main            d.u.i.k.p.r.p.TestFile    Now processing file /home/runner/work/key/key/key.core/../key.ui/examples/standard_key/java_dl/exceptions.key 
151606     INFO  main            d.u.i.k.p.i.AbstractProblemLoader Loading environment from /home/runner/work/key/key/key.core/../key.ui/examples/standard_key/java_dl/exceptions.key 
151606     DEBUG main            d.u.i.k.p.i.AbstractProblemLoader Environment load took 207.81ns 
151607     INFO  main            d.u.i.k.p.i.AbstractProblemLoader Creating init config 
151632     WARN  main            d.u.i.k.j.r.KeYCrossReferenceNameInfo Datatype java.io.PrintStream declared twice: Once in FILE:/home/runner/work/key/key/key.core/../key.ui/examples/standard_key/java_dl/classpath/PrintStream.java and once in URL:file:/home/runner/work/key/key/key.core/build/resources/main/de/uka/ilkd/key/java/JavaRedux/java/io/PrintStream.java, Keeping one from URL:file:/home/runner/work/key/key/key.core/build/resources/main/de/uka/ilkd/key/java/JavaRedux/java/io/PrintStream.java 
151636     WARN  main            d.u.i.k.j.r.KeYCrossReferenceNameInfo Datatype java.lang.System declared twice: Once in FILE:/home/runner/work/key/key/key.core/../key.ui/examples/standard_key/java_dl/classpath/System.java and once in URL:file:/home/runner/work/key/key/key.core/build/resources/main/de/uka/ilkd/key/java/JavaRedux/java/lang/System.java, Keeping one from URL:file:/home/runner/work/key/key/key.core/build/resources/main/de/uka/ilkd/key/java/JavaRedux/java/lang/System.java 
151637     WARN  main            d.u.i.k.j.r.KeYCrossReferenceNameInfo Datatype java.io.InputStream declared twice: Once in FILE:/home/runner/work/key/key/key.core/../key.ui/examples/standard_key/java_dl/classpath/InputStream.java and once in URL:file:/home/runner/work/key/key/key.core/build/resources/main/de/uka/ilkd/key/java/JavaRedux/java/io/InputStream.java, Keeping one from URL:file:/home/runner/work/key/key/key.core/build/resources/main/de/uka/ilkd/key/java/JavaRedux/java/io/InputStream.java 
151641     DEBUG main            d.u.i.k.j.r.ClassFileDeclarationBuilder Parsing: package java.io; public class Closeable { } 
151641     DEBUG main            r.s.KeYCrossReferenceSourceInfo Dynamically created class: java.io.Closeable 
154550     DEBUG main            d.u.i.k.p.i.AbstractProblemLoader Init config took 2.94s 
154567     INFO  main            d.u.i.k.p.i.AbstractProblemLoader Replaying proof exceptions.key 
154569     DEBUG main            d.u.i.k.p.i.IntermediateProofReplayer Proof replay took 10.3ns 
154772     INFO  main            d.u.i.k.p.r.p.TestFile    ... finished proof: closed. 
155105     INFO  main            d.u.i.k.p.i.AbstractProblemLoader Loading environment from /home/runner/work/key/key/key.core/../key.ui/examples/standard_key/java_dl/exceptions.key.proof 
155105     DEBUG main            d.u.i.k.p.i.AbstractProblemLoader Environment load took 91.1ns 
155107     INFO  main            d.u.i.k.p.i.AbstractProblemLoader Creating init config 
155133     WARN  main            d.u.i.k.j.r.KeYCrossReferenceNameInfo Datatype java.io.PrintStream declared twice: Once in FILE:/home/runner/work/key/key/key.core/../key.ui/examples/standard_key/java_dl/classpath/PrintStream.java and once in URL:file:/home/runner/work/key/key/key.core/build/resources/main/de/uka/ilkd/key/java/JavaRedux/java/io/PrintStream.java, Keeping one from URL:file:/home/runner/work/key/key/key.core/build/resources/main/de/uka/ilkd/key/java/JavaRedux/java/io/PrintStream.java 
155133     WARN  main            d.u.i.k.j.r.KeYCrossReferenceNameInfo Datatype java.lang.System declared twice: Once in FILE:/home/runner/work/key/key/key.core/../key.ui/examples/standard_key/java_dl/classpath/System.java and once in URL:file:/home/runner/work/key/key/key.core/build/resources/main/de/uka/ilkd/key/java/JavaRedux/java/lang/System.java, Keeping one from URL:file:/home/runner/work/key/key/key.core/build/resources/main/de/uka/ilkd/key/java/JavaRedux/java/lang/System.java 
155133     WARN  main            d.u.i.k.j.r.KeYCrossReferenceNameInfo Datatype java.io.InputStream declared twice: Once in FILE:/home/runner/work/key/key/key.core/../key.ui/examples/standard_key/java_dl/classpath/InputStream.java and once in URL:file:/home/runner/work/key/key/key.core/build/resources/main/de/uka/ilkd/key/java/JavaRedux/java/io/InputStream.java, Keeping one from URL:file:/home/runner/work/key/key/key.core/build/resources/main/de/uka/ilkd/key/java/JavaRedux/java/io/InputStream.java 
155138     DEBUG main            d.u.i.k.j.r.ClassFileDeclarationBuilder Parsing: package java.io; public class Closeable { } 
155138     DEBUG main            r.s.KeYCrossReferenceSourceInfo Dynamically created class: java.io.Closeable 
157930     DEBUG main            d.u.i.k.p.i.AbstractProblemLoader Init config took 2.82s 
157947     INFO  main            d.u.i.k.p.i.AbstractProblemLoader Replaying proof exceptions.key.proof 
157994     DEBUG main            d.u.i.k.p.i.IntermediateProofReplayer Proof replay took 44.48ms 
157996     DEBUG main            d.u.i.k.p.r.p.TestFile    ... success: reloaded. 
157996     INFO  main            d.u.i.k.p.r.p.TestFile    Now processing file /home/runner/work/key/key/key.core/../key.ui/examples/standard_key/java_dl/exceptions1.key 
157997     INFO  main            d.u.i.k.p.i.AbstractProblemLoader Loading environment from /home/runner/work/key/key/key.core/../key.ui/examples/standard_key/java_dl/exceptions1.key 
157997     DEBUG main            d.u.i.k.p.i.AbstractProblemLoader Environment load took 86.8ns 
157998     INFO  main            d.u.i.k.p.i.AbstractProblemLoader Creating init config 
160785     DEBUG main            d.u.i.k.p.i.AbstractProblemLoader Init config took 2.79s 
160803     INFO  main            d.u.i.k.p.i.AbstractProblemLoader Replaying proof exceptions1.key 
160805     DEBUG main            d.u.i.k.p.i.IntermediateProofReplayer Proof replay took 8ns 
161009     INFO  main            d.u.i.k.p.r.p.TestFile    ... finished proof: closed. 
161335     INFO  main            d.u.i.k.p.i.AbstractProblemLoader Loading environment from /home/runner/work/key/key/key.core/../key.ui/examples/standard_key/java_dl/exceptions1.key.proof 
161335     DEBUG main            d.u.i.k.p.i.AbstractProblemLoader Environment load took 96.9ns 
161336     INFO  main            d.u.i.k.p.i.AbstractProblemLoader Creating init config 
164040     DEBUG main            d.u.i.k.p.i.AbstractProblemLoader Init config took 2.7s 
164059     INFO  main            d.u.i.k.p.i.AbstractProblemLoader Replaying proof exceptions1.key.proof 
164096     DEBUG main            d.u.i.k.p.i.IntermediateProofReplayer Proof replay took 34.08ms 
164097     DEBUG main            d.u.i.k.p.r.p.TestFile    ... success: reloaded. 
164098     INFO  main            d.u.i.k.p.r.p.TestFile    Now processing file /home/runner/work/key/key/key.core/../key.ui/examples/standard_key/java_dl/exceptions2.key 
164099     INFO  main            d.u.i.k.p.i.AbstractProblemLoader Loading environment from /home/runner/work/key/key/key.core/../key.ui/examples/standard_key/java_dl/exceptions2.key 
164099     DEBUG main            d.u.i.k.p.i.AbstractProblemLoader Environment load took 199.41ns 
164100     INFO  main            d.u.i.k.p.i.AbstractProblemLoader Creating init config 
166879     DEBUG main            d.u.i.k.p.i.AbstractProblemLoader Init config took 2.78s 
166896     INFO  main            d.u.i.k.p.i.AbstractProblemLoader Replaying proof exceptions2.key 
166899     DEBUG main            d.u.i.k.p.i.IntermediateProofReplayer Proof replay took 9ns 
167105     INFO  main            d.u.i.k.p.r.p.TestFile    ... finished proof: closed. 
167431     INFO  main            d.u.i.k.p.i.AbstractProblemLoader Loading environment from /home/runner/work/key/key/key.core/../key.ui/examples/standard_key/java_dl/exceptions2.key.proof 
167431     DEBUG main            d.u.i.k.p.i.AbstractProblemLoader Environment load took 115.5ns 
167432     INFO  main            d.u.i.k.p.i.AbstractProblemLoader Creating init config 
170150     DEBUG main            d.u.i.k.p.i.AbstractProblemLoader Init config took 2.72s 
170168     INFO  main            d.u.i.k.p.i.AbstractProblemLoader Replaying proof exceptions2.key.proof 
170203     DEBUG main            d.u.i.k.p.i.IntermediateProofReplayer Proof replay took 32.37ms 
170204     DEBUG main            d.u.i.k.p.r.p.TestFile    ... success: reloaded. 
170205     INFO  main            d.u.i.k.p.r.p.TestFile    Now processing file /home/runner/work/key/key/key.core/../key.ui/examples/standard_key/java_dl/exceptions3.key 
170205     INFO  main            d.u.i.k.p.i.AbstractProblemLoader Loading environment from /home/runner/work/key/key/key.core/../key.ui/examples/standard_key/java_dl/exceptions3.key 
170205     DEBUG main            d.u.i.k.p.i.AbstractProblemLoader Environment load took 88.7ns 
170206     INFO  main            d.u.i.k.p.i.AbstractProblemLoader Creating init config 
170234     WARN  main            d.u.i.k.j.r.KeYCrossReferenceNameInfo Datatype java.io.PrintStream declared twice: Once in FILE:/home/runner/work/key/key/key.core/../key.ui/examples/standard_key/java_dl/classpath/PrintStream.java and once in URL:file:/home/runner/work/key/key/key.core/build/resources/main/de/uka/ilkd/key/java/JavaRedux/java/io/PrintStream.java, Keeping one from URL:file:/home/runner/work/key/key/key.core/build/resources/main/de/uka/ilkd/key/java/JavaRedux/java/io/PrintStream.java 
170234     WARN  main            d.u.i.k.j.r.KeYCrossReferenceNameInfo Datatype java.lang.System declared twice: Once in FILE:/home/runner/work/key/key/key.core/../key.ui/examples/standard_key/java_dl/classpath/System.java and once in URL:file:/home/runner/work/key/key/key.core/build/resources/main/de/uka/ilkd/key/java/JavaRedux/java/lang/System.java, Keeping one from URL:file:/home/runner/work/key/key/key.core/build/resources/main/de/uka/ilkd/key/java/JavaRedux/java/lang/System.java 
170234     WARN  main            d.u.i.k.j.r.KeYCrossReferenceNameInfo Datatype java.io.InputStream declared twice: Once in FILE:/home/runner/work/key/key/key.core/../key.ui/examples/standard_key/java_dl/classpath/InputStream.java and once in URL:file:/home/runner/work/key/key/key.core/build/resources/main/de/uka/ilkd/key/java/JavaRedux/java/io/InputStream.java, Keeping one from URL:file:/home/runner/work/key/key/key.core/build/resources/main/de/uka/ilkd/key/java/JavaRedux/java/io/InputStream.java 
170239     DEBUG main            d.u.i.k.j.r.ClassFileDeclarationBuilder Parsing: package java.io; public class Closeable { } 
170239     DEBUG main            r.s.KeYCrossReferenceSourceInfo Dynamically created class: java.io.Closeable 
173113     DEBUG main            d.u.i.k.p.i.AbstractProblemLoader Init config took 2.91s 
173130     INFO  main            d.u.i.k.p.i.AbstractProblemLoader Replaying proof exceptions3.key 
173131     DEBUG main            d.u.i.k.p.i.IntermediateProofReplayer Proof replay took 10ns 
173238     INFO  main            d.u.i.k.p.r.p.TestFile    ... finished proof: closed. 
173578     INFO  main            d.u.i.k.p.i.AbstractProblemLoader Loading environment from /home/runner/work/key/key/key.core/../key.ui/examples/standard_key/java_dl/exceptions3.key.proof 
173578     DEBUG main            d.u.i.k.p.i.AbstractProblemLoader Environment load took 96.9ns 
173579     INFO  main            d.u.i.k.p.i.AbstractProblemLoader Creating init config 
173604     WARN  main            d.u.i.k.j.r.KeYCrossReferenceNameInfo Datatype java.io.PrintStream declared twice: Once in FILE:/home/runner/work/key/key/key.core/../key.ui/examples/standard_key/java_dl/classpath/PrintStream.java and once in URL:file:/home/runner/work/key/key/key.core/build/resources/main/de/uka/ilkd/key/java/JavaRedux/java/io/PrintStream.java, Keeping one from URL:file:/home/runner/work/key/key/key.core/build/resources/main/de/uka/ilkd/key/java/JavaRedux/java/io/PrintStream.java 
173604     WARN  main            d.u.i.k.j.r.KeYCrossReferenceNameInfo Datatype java.lang.System declared twice: Once in FILE:/home/runner/work/key/key/key.core/../key.ui/examples/standard_key/java_dl/classpath/System.java and once in URL:file:/home/runner/work/key/key/key.core/build/resources/main/de/uka/ilkd/key/java/JavaRedux/java/lang/System.java, Keeping one from URL:file:/home/runner/work/key/key/key.core/build/resources/main/de/uka/ilkd/key/java/JavaRedux/java/lang/System.java 
173605     WARN  main            d.u.i.k.j.r.KeYCrossReferenceNameInfo Datatype java.io.InputStream declared twice: Once in FILE:/home/runner/work/key/key/key.core/../key.ui/examples/standard_key/java_dl/classpath/InputStream.java and once in URL:file:/home/runner/work/key/key/key.core/build/resources/main/de/uka/ilkd/key/java/JavaRedux/java/io/InputStream.java, Keeping one from URL:file:/home/runner/work/key/key/key.core/build/resources/main/de/uka/ilkd/key/java/JavaRedux/java/io/InputStream.java 
173609     DEBUG main            d.u.i.k.j.r.ClassFileDeclarationBuilder Parsing: package java.io; public class Closeable { } 
173609     DEBUG main            r.s.KeYCrossReferenceSourceInfo Dynamically created class: java.io.Closeable 
176341     DEBUG main            d.u.i.k.p.i.AbstractProblemLoader Init config took 2.76s 
176358     INFO  main            d.u.i.k.p.i.AbstractProblemLoader Replaying proof exceptions3.key.proof 
176363     DEBUG main            d.u.i.k.p.i.IntermediateProofReplayer Proof replay took 3.37ms 
176365     DEBUG main            d.u.i.k.p.r.p.TestFile    ... success: reloaded. 
176366     INFO  main            d.u.i.k.p.r.p.TestFile    Now processing file /home/runner/work/key/key/key.core/../key.ui/examples/standard_key/java_dl/exchange.key 
176366     INFO  main            d.u.i.k.p.i.AbstractProblemLoader Loading environment from /home/runner/work/key/key/key.core/../key.ui/examples/standard_key/java_dl/exchange.key 
176366     DEBUG main            d.u.i.k.p.i.AbstractProblemLoader Environment load took 193.71ns 
176368     INFO  main            d.u.i.k.p.i.AbstractProblemLoader Creating init config 
179127     DEBUG main            d.u.i.k.p.i.AbstractProblemLoader Init config took 2.76s 
179144     INFO  main            d.u.i.k.p.i.AbstractProblemLoader Replaying proof exchange.key 
179145     DEBUG main            d.u.i.k.p.i.IntermediateProofReplayer Proof replay took 9.5ns 
179247     INFO  main            d.u.i.k.p.r.p.TestFile    ... finished proof: closed. 
179581     INFO  main            d.u.i.k.p.i.AbstractProblemLoader Loading environment from /home/runner/work/key/key/key.core/../key.ui/examples/standard_key/java_dl/exchange.key.proof 
179581     DEBUG main            d.u.i.k.p.i.AbstractProblemLoader Environment load took 98.3ns 
179584     INFO  main            d.u.i.k.p.i.AbstractProblemLoader Creating init config 
182238     DEBUG main            d.u.i.k.p.i.AbstractProblemLoader Init config took 2.65s 
182257     INFO  main            d.u.i.k.p.i.AbstractProblemLoader Replaying proof exchange.key.proof 
182265     DEBUG main            d.u.i.k.p.i.IntermediateProofReplayer Proof replay took 5.31ms 
182266     DEBUG main            d.u.i.k.p.r.p.TestFile    ... success: reloaded. 
182267     INFO  main            d.u.i.k.p.r.p.TestFile    Now processing file /home/runner/work/key/key/key.core/../key.ui/examples/standard_key/java_dl/if.key 
182267     INFO  main            d.u.i.k.p.i.AbstractProblemLoader Loading environment from /home/runner/work/key/key/key.core/../key.ui/examples/standard_key/java_dl/if.key 
182268     DEBUG main            d.u.i.k.p.i.AbstractProblemLoader Environment load took 230.51ns 
182269     INFO  main            d.u.i.k.p.i.AbstractProblemLoader Creating init config 
185054     DEBUG main            d.u.i.k.p.i.AbstractProblemLoader Init config took 2.79s 
185070     INFO  main            d.u.i.k.p.i.AbstractProblemLoader Replaying proof if.key 
185072     DEBUG main            d.u.i.k.p.i.IntermediateProofReplayer Proof replay took 8.7ns 
185174     INFO  main            d.u.i.k.p.r.p.TestFile    ... finished proof: closed. 
185529     INFO  main            d.u.i.k.p.i.AbstractProblemLoader Loading environment from /home/runner/work/key/key/key.core/../key.ui/examples/standard_key/java_dl/if.key.proof 
185529     DEBUG main            d.u.i.k.p.i.AbstractProblemLoader Environment load took 100ns 
185530     INFO  main            d.u.i.k.p.i.AbstractProblemLoader Creating init config 
188189     DEBUG main            d.u.i.k.p.i.AbstractProblemLoader Init config took 2.66s 
188206     INFO  main            d.u.i.k.p.i.AbstractProblemLoader Replaying proof if.key.proof 
188211     DEBUG main            d.u.i.k.p.i.IntermediateProofReplayer Proof replay took 2.8ms 
188211     DEBUG main            d.u.i.k.p.r.p.TestFile    ... success: reloaded. 
188212     INFO  main            d.u.i.k.p.r.p.TestFile    Now processing file /home/runner/work/key/key/key.core/../key.ui/examples/standard_key/java_dl/incrementcounter.key 
188212     INFO  main            d.u.i.k.p.i.AbstractProblemLoader Loading environment from /home/runner/work/key/key/key.core/../key.ui/examples/standard_key/java_dl/incrementcounter.key 
188213     DEBUG main            d.u.i.k.p.i.AbstractProblemLoader Environment load took 177.01ns 
188214     INFO  main            d.u.i.k.p.i.AbstractProblemLoader Creating init config 
190926     DEBUG main            d.u.i.k.p.i.AbstractProblemLoader Init config took 2.71s 
190943     INFO  main            d.u.i.k.p.i.AbstractProblemLoader Replaying proof incrementcounter.key 
190945     DEBUG main            d.u.i.k.p.i.IntermediateProofReplayer Proof replay took 8.5ns 
191047     INFO  main            d.u.i.k.p.r.p.TestFile    ... finished proof: closed. 
191391     INFO  main            d.u.i.k.p.i.AbstractProblemLoader Loading environment from /home/runner/work/key/key/key.core/../key.ui/examples/standard_key/java_dl/incrementcounter.key.proof 
191391     DEBUG main            d.u.i.k.p.i.AbstractProblemLoader Environment load took 93.6ns 
191392     INFO  main            d.u.i.k.p.i.AbstractProblemLoader Creating init config 
194097     DEBUG main            d.u.i.k.p.i.AbstractProblemLoader Init config took 2.7s 
194113     INFO  main            d.u.i.k.p.i.AbstractProblemLoader Replaying proof incrementcounter.key.proof 
194116     DEBUG main            d.u.i.k.p.i.IntermediateProofReplayer Proof replay took 1.78ms 
194117     DEBUG main            d.u.i.k.p.r.p.TestFile    ... success: reloaded. 
194118     INFO  main            d.u.i.k.p.r.p.TestFile    Now processing file /home/runner/work/key/key/key.core/../key.ui/examples/standard_key/java_dl/danglingElse.key 
194118     INFO  main            d.u.i.k.p.i.AbstractProblemLoader Loading environment from /home/runner/work/key/key/key.core/../key.ui/examples/standard_key/java_dl/danglingElse.key 
194118     DEBUG main            d.u.i.k.p.i.AbstractProblemLoader Environment load took 83.3ns 
194119     INFO  main            d.u.i.k.p.i.AbstractProblemLoader Creating init config 
196866     DEBUG main            d.u.i.k.p.i.AbstractProblemLoader Init config took 2.75s 
196883     INFO  main            d.u.i.k.p.i.AbstractProblemLoader Replaying proof danglingElse.key 
196885     DEBUG main            d.u.i.k.p.i.IntermediateProofReplayer Proof replay took 8.7ns 
196989     INFO  main            d.u.i.k.p.r.p.TestFile    ... finished proof: open goal(s) 
197337     INFO  main            d.u.i.k.p.r.p.TestFile    Now processing file /home/runner/work/key/key/key.core/../key.ui/examples/standard_key/java_dl/iteratedAssignment.key 
197337     INFO  main            d.u.i.k.p.i.AbstractProblemLoader Loading environment from /home/runner/work/key/key/key.core/../key.ui/examples/standard_key/java_dl/iteratedAssignment.key 
197337     DEBUG main            d.u.i.k.p.i.AbstractProblemLoader Environment load took 85.4ns 
197339     INFO  main            d.u.i.k.p.i.AbstractProblemLoader Creating init config 
200008     DEBUG main            d.u.i.k.p.i.AbstractProblemLoader Init config took 2.67s 
200025     INFO  main            d.u.i.k.p.i.AbstractProblemLoader Replaying proof iteratedAssignment.key 
200028     DEBUG main            d.u.i.k.p.i.IntermediateProofReplayer Proof replay took 8.5ns 
200439     INFO  main            d.u.i.k.p.r.p.TestFile    ... finished proof: closed. 
200799     INFO  main            d.u.i.k.p.i.AbstractProblemLoader Loading environment from /home/runner/work/key/key/key.core/../key.ui/examples/standard_key/java_dl/iteratedAssignment.key.proof 
200799     DEBUG main            d.u.i.k.p.i.AbstractProblemLoader Environment load took 100.8ns 
200800     INFO  main            d.u.i.k.p.i.AbstractProblemLoader Creating init config 
203470     DEBUG main            d.u.i.k.p.i.AbstractProblemLoader Init config took 2.67s 
203487     INFO  main            d.u.i.k.p.i.AbstractProblemLoader Replaying proof iteratedAssignment.key.proof 
203565     DEBUG main            d.u.i.k.p.i.IntermediateProofReplayer Proof replay took 74.62ms 
203566     DEBUG main            d.u.i.k.p.r.p.TestFile    ... success: reloaded. 
203567     INFO  main            d.u.i.k.p.r.p.TestFile    Now processing file /home/runner/work/key/key/key.core/../key.ui/examples/standard_key/java_dl/assert/assert1.key 
203568     INFO  main            d.u.i.k.p.i.AbstractProblemLoader Loading environment from /home/runner/work/key/key/key.core/../key.ui/examples/standard_key/java_dl/assert/assert1.key 
203568     DEBUG main            d.u.i.k.p.i.AbstractProblemLoader Environment load took 183.71ns 
203569     INFO  main            d.u.i.k.p.i.AbstractProblemLoader Creating init config 
206415     DEBUG main            d.u.i.k.p.i.AbstractProblemLoader Init config took 2.85s 
206455     INFO  main            d.u.i.k.p.i.AbstractProblemLoader Replaying proof C[C::foo()].JML normal_behavior operation contract.0 
206459     DEBUG main            d.u.i.k.p.i.IntermediateProofReplayer Proof replay took 9.8ns 
206662     INFO  main            d.u.i.k.p.r.p.TestFile    ... finished proof: open goal(s) 
207044     INFO  main            d.u.i.k.p.r.p.TestFile    Now processing file /home/runner/work/key/key/key.core/../key.ui/examples/standard_key/java_dl/assert/assert2.key 
207044     INFO  main            d.u.i.k.p.i.AbstractProblemLoader Loading environment from /home/runner/work/key/key/key.core/../key.ui/examples/standard_key/java_dl/assert/assert2.key 
207044     DEBUG main            d.u.i.k.p.i.AbstractProblemLoader Environment load took 57.2ns 
207045     INFO  main            d.u.i.k.p.i.AbstractProblemLoader Creating init config 
209834     DEBUG main            d.u.i.k.p.i.AbstractProblemLoader Init config took 2.79s 
209873     INFO  main            d.u.i.k.p.i.AbstractProblemLoader Replaying proof C[C::bar()].JML exceptional_behavior operation contract.0 
209875     DEBUG main            d.u.i.k.p.i.IntermediateProofReplayer Proof replay took 8.3ns 
210077     INFO  main            d.u.i.k.p.r.p.TestFile    ... finished proof: closed. 
210510     INFO  main            d.u.i.k.p.i.AbstractProblemLoader Loading environment from /home/runner/work/key/key/key.core/../key.ui/examples/standard_key/java_dl/assert/assert2.key.proof 
210510     DEBUG main            d.u.i.k.p.i.AbstractProblemLoader Environment load took 93.9ns 
210511     INFO  main            d.u.i.k.p.i.AbstractProblemLoader Creating init config 
213315     DEBUG main            d.u.i.k.p.i.AbstractProblemLoader Init config took 2.8s 
213356     INFO  main            d.u.i.k.p.i.AbstractProblemLoader Replaying proof C[C::bar()].JML exceptional_behavior operation contract.0 
213402     DEBUG main            d.u.i.k.p.i.IntermediateProofReplayer Proof replay took 35.78ms 
213403     DEBUG main            d.u.i.k.p.r.p.TestFile    ... success: reloaded. 
213404     INFO  main            d.u.i.k.p.r.p.TestFile    Now processing file /home/runner/work/key/key/key.core/../key.ui/examples/standard_key/java_dl/assert/assert3.key 
213405     INFO  main            d.u.i.k.p.i.AbstractProblemLoader Loading environment from /home/runner/work/key/key/key.core/../key.ui/examples/standard_key/java_dl/assert/assert3.key 
213405     DEBUG main            d.u.i.k.p.i.AbstractProblemLoader Environment load took 103.6ns 
213406     INFO  main            d.u.i.k.p.i.AbstractProblemLoader Creating init config 
216200     DEBUG main            d.u.i.k.p.i.AbstractProblemLoader Init config took 2.79s 
216240     INFO  main            d.u.i.k.p.i.AbstractProblemLoader Replaying proof C[C::foo()].JML normal_behavior operation contract.0 
216242     DEBUG main            d.u.i.k.p.i.IntermediateProofReplayer Proof replay took 9.5ns 
216345     INFO  main            d.u.i.k.p.r.p.TestFile    ... finished proof: open goal(s) 
216724     INFO  main            d.u.i.k.p.r.p.TestFile    Now processing file /home/runner/work/key/key/key.core/../key.ui/examples/standard_key/java_dl/java5/vararg.key 
216724     INFO  main            d.u.i.k.p.i.AbstractProblemLoader Loading environment from /home/runner/work/key/key/key.core/../key.ui/examples/standard_key/java_dl/java5/vararg.key 
216724     DEBUG main            d.u.i.k.p.i.AbstractProblemLoader Environment load took 100.3ns 
216725     INFO  main            d.u.i.k.p.i.AbstractProblemLoader Creating init config 
217735     DEBUG main            d.u.i.k.j.r.ClassPreparationMethodBuilder clPrepBuilder: Inner Class detected. Reject building class initialisation methods. 
219860     DEBUG main            d.u.i.k.p.i.AbstractProblemLoader Init config took 3.13s 
219892     INFO  main            d.u.i.k.p.i.AbstractProblemLoader Replaying proof vararg.key 
219894     DEBUG main            d.u.i.k.p.i.IntermediateProofReplayer Proof replay took 10.5ns 
221303     INFO  main            d.u.i.k.p.r.p.TestFile    ... finished proof: closed. 
221725     INFO  main            d.u.i.k.p.i.AbstractProblemLoader Loading environment from /home/runner/work/key/key/key.core/../key.ui/examples/standard_key/java_dl/java5/vararg.key.proof 
221725     DEBUG main            d.u.i.k.p.i.AbstractProblemLoader Environment load took 103.5ns 
221726     INFO  main            d.u.i.k.p.i.AbstractProblemLoader Creating init config 
222709     DEBUG main            d.u.i.k.j.r.ClassPreparationMethodBuilder clPrepBuilder: Inner Class detected. Reject building class initialisation methods. 
224742     DEBUG main            d.u.i.k.p.i.AbstractProblemLoader Init config took 3.02s 
224796     INFO  main            d.u.i.k.p.i.AbstractProblemLoader Replaying proof vararg.key.proof 
225121     DEBUG main            d.u.i.k.p.i.IntermediateProofReplayer Proof replay took 314.75ms 
225124     DEBUG main            d.u.i.k.p.r.p.TestFile    ... success: reloaded. 
225125     INFO  main            d.u.i.k.p.r.p.TestFile    Now processing file /home/runner/work/key/key/key.core/../key.ui/examples/standard_key/java_dl/java5/for_Array.key 
225125     INFO  main            d.u.i.k.p.i.AbstractProblemLoader Loading environment from /home/runner/work/key/key/key.core/../key.ui/examples/standard_key/java_dl/java5/for_Array.key 
225125     DEBUG main            d.u.i.k.p.i.AbstractProblemLoader Environment load took 182.21ns 
225126     INFO  main            d.u.i.k.p.i.AbstractProblemLoader Creating init config 
226098     DEBUG main            d.u.i.k.j.r.ClassPreparationMethodBuilder clPrepBuilder: Inner Class detected. Reject building class initialisation methods. 
228124     DEBUG main            d.u.i.k.p.i.AbstractProblemLoader Init config took 3s 
228210     INFO  main            d.u.i.k.p.i.AbstractProblemLoader Replaying proof For[For::sum([I)].JML operation contract.0 
228212     DEBUG main            d.u.i.k.p.i.IntermediateProofReplayer Proof replay took 9ns 
228618     INFO  main            d.u.i.k.p.r.p.TestFile    ... finished proof: closed. 
229071     INFO  main            d.u.i.k.p.i.AbstractProblemLoader Loading environment from /home/runner/work/key/key/key.core/../key.ui/examples/standard_key/java_dl/java5/for_Array.key.proof 
229071     DEBUG main            d.u.i.k.p.i.AbstractProblemLoader Environment load took 94.8ns 
229072     INFO  main            d.u.i.k.p.i.AbstractProblemLoader Creating init config 
230029     DEBUG main            d.u.i.k.j.r.ClassPreparationMethodBuilder clPrepBuilder: Inner Class detected. Reject building class initialisation methods. 
232057     DEBUG main            d.u.i.k.p.i.AbstractProblemLoader Init config took 2.98s 
232117     INFO  main            d.u.i.k.p.i.AbstractProblemLoader Replaying proof For[For::sum([I)].JML operation contract.0 
232220     DEBUG main            d.u.i.k.p.i.IntermediateProofReplayer Proof replay took 99.71ms 
232221     DEBUG main            d.u.i.k.p.r.p.TestFile    ... success: reloaded. 
232222     INFO  main            d.u.i.k.p.r.p.TestFile    Now processing file /home/runner/work/key/key/key.core/../key.ui/examples/standard_key/java_dl/java5/for_Iterable.key 
232222     INFO  main            d.u.i.k.p.i.AbstractProblemLoader Loading environment from /home/runner/work/key/key/key.core/../key.ui/examples/standard_key/java_dl/java5/for_Iterable.key 
232222     DEBUG main            d.u.i.k.p.i.AbstractProblemLoader Environment load took 54.9ns 
232223     INFO  main            d.u.i.k.p.i.AbstractProblemLoader Creating init config 
233184     DEBUG main            d.u.i.k.j.r.ClassPreparationMethodBuilder clPrepBuilder: Inner Class detected. Reject building class initialisation methods. 
235227     DEBUG main            d.u.i.k.p.i.AbstractProblemLoader Init config took 3s 
235285     INFO  main            d.u.i.k.p.i.AbstractProblemLoader Replaying proof For[For::infiniteLoop(For)].JML operation contract.0 
235287     DEBUG main            d.u.i.k.p.i.IntermediateProofReplayer Proof replay took 8.9ns 
235490     INFO  main            d.u.i.k.p.r.p.TestFile    ... finished proof: closed. 
235897     INFO  main            d.u.i.k.p.i.AbstractProblemLoader Loading environment from /home/runner/work/key/key/key.core/../key.ui/examples/standard_key/java_dl/java5/for_Iterable.key.proof 
235897     DEBUG main            d.u.i.k.p.i.AbstractProblemLoader Environment load took 97.8ns 
235898     INFO  main            d.u.i.k.p.i.AbstractProblemLoader Creating init config 
236863     DEBUG main            d.u.i.k.j.r.ClassPreparationMethodBuilder clPrepBuilder: Inner Class detected. Reject building class initialisation methods. 
238865     DEBUG main            d.u.i.k.p.i.AbstractProblemLoader Init config took 2.97s 
238922     INFO  main            d.u.i.k.p.i.AbstractProblemLoader Replaying proof For[For::infiniteLoop(For)].JML operation contract.0 
238969     DEBUG main            d.u.i.k.p.i.IntermediateProofReplayer Proof replay took 44.21ms 
238970     DEBUG main            d.u.i.k.p.r.p.TestFile    ... success: reloaded. 
238971     INFO  main            d.u.i.k.p.r.p.TestFile    Now processing file /home/runner/work/key/key/key.core/../key.ui/examples/standard_key/java_dl/java5/for_ReferenceArray.key 
238972     INFO  main            d.u.i.k.p.i.AbstractProblemLoader Loading environment from /home/runner/work/key/key/key.core/../key.ui/examples/standard_key/java_dl/java5/for_ReferenceArray.key 
238972     DEBUG main            d.u.i.k.p.i.AbstractProblemLoader Environment load took 70ns 
238973     INFO  main            d.u.i.k.p.i.AbstractProblemLoader Creating init config 
239962     DEBUG main            d.u.i.k.j.r.ClassPreparationMethodBuilder clPrepBuilder: Inner Class detected. Reject building class initialisation methods. 
241988     DEBUG main            d.u.i.k.p.i.AbstractProblemLoader Init config took 3.02s 
242047     INFO  main            d.u.i.k.p.i.AbstractProblemLoader Replaying proof ForReferenceArray[ForReferenceArray::foo([Ljava.lang.Object)].JML operation contract.0 
242051     DEBUG main            d.u.i.k.p.i.IntermediateProofReplayer Proof replay took 31.8ns 
242355     INFO  main            d.u.i.k.p.r.p.TestFile    ... finished proof: closed. 
242784     INFO  main            d.u.i.k.p.i.AbstractProblemLoader Loading environment from /home/runner/work/key/key/key.core/../key.ui/examples/standard_key/java_dl/java5/for_ReferenceArray.key.proof 
242784     DEBUG main            d.u.i.k.p.i.AbstractProblemLoader Environment load took 640.42ns 
242785     INFO  main            d.u.i.k.p.i.AbstractProblemLoader Creating init config 
243736     DEBUG main            d.u.i.k.j.r.ClassPreparationMethodBuilder clPrepBuilder: Inner Class detected. Reject building class initialisation methods. 
245772     DEBUG main            d.u.i.k.p.i.AbstractProblemLoader Init config took 2.99s 
245829     INFO  main            d.u.i.k.p.i.AbstractProblemLoader Replaying proof ForReferenceArray[ForReferenceArray::foo([Ljava.lang.Object)].JML operation contract.0 
245879     DEBUG main            d.u.i.k.p.i.IntermediateProofReplayer Proof replay took 47.09ms 
245880     DEBUG main            d.u.i.k.p.r.p.TestFile    ... success: reloaded. 
245881     INFO  main            d.u.i.k.p.r.p.TestFile    Now processing file /home/runner/work/key/key/key.core/../key.ui/examples/standard_key/java_dl/jml-bigint/cast.key 
245881     INFO  main            d.u.i.k.p.i.AbstractProblemLoader Loading environment from /home/runner/work/key/key/key.core/../key.ui/examples/standard_key/java_dl/jml-bigint/cast.key 
245881     DEBUG main            d.u.i.k.p.i.AbstractProblemLoader Environment load took 79.1ns 
245882     INFO  main            d.u.i.k.p.i.AbstractProblemLoader Creating init config 
248779     DEBUG main            d.u.i.k.p.i.AbstractProblemLoader Init config took 2.9s 
248819     INFO  main            d.u.i.k.p.i.AbstractProblemLoader Replaying proof Mult[Mult::cast()].JML operation contract.0 
248821     DEBUG main            d.u.i.k.p.i.IntermediateProofReplayer Proof replay took 8ns 
248923     INFO  main            d.u.i.k.p.r.p.TestFile    ... finished proof: closed. 
249386     INFO  main            d.u.i.k.p.i.AbstractProblemLoader Loading environment from /home/runner/work/key/key/key.core/../key.ui/examples/standard_key/java_dl/jml-bigint/cast.key.proof 
249386     DEBUG main            d.u.i.k.p.i.AbstractProblemLoader Environment load took 95.2ns 
249387     INFO  main            d.u.i.k.p.i.AbstractProblemLoader Creating init config 
252198     DEBUG main            d.u.i.k.p.i.AbstractProblemLoader Init config took 2.81s 
252238     INFO  main            d.u.i.k.p.i.AbstractProblemLoader Replaying proof Mult[Mult::cast()].JML operation contract.0 
252251     DEBUG main            d.u.i.k.p.i.IntermediateProofReplayer Proof replay took 10.39ms 
252252     DEBUG main            d.u.i.k.p.r.p.TestFile    ... success: reloaded. 
252253     INFO  main            d.u.i.k.p.r.p.TestFile    Now processing file /home/runner/work/key/key/key.core/../key.ui/examples/standard_key/java_dl/jml-free/loopInvFree.key 
252253     INFO  main            d.u.i.k.p.i.AbstractProblemLoader Loading environment from /home/runner/work/key/key/key.core/../key.ui/examples/standard_key/java_dl/jml-free/loopInvFree.key 
252253     DEBUG main            d.u.i.k.p.i.AbstractProblemLoader Environment load took 189.41ns 
252254     INFO  main            d.u.i.k.p.i.AbstractProblemLoader Creating init config 
255183     DEBUG main            d.u.i.k.p.i.AbstractProblemLoader Init config took 2.93s 
255221     INFO  main            d.u.i.k.p.i.AbstractProblemLoader Replaying proof LoopInvFree[LoopInvFree::test()].JML operation contract.0 
255223     DEBUG main            d.u.i.k.p.i.IntermediateProofReplayer Proof replay took 8.6ns 
255427     INFO  main            d.u.i.k.p.r.p.TestFile    ... finished proof: closed. 
255881     INFO  main            d.u.i.k.p.i.AbstractProblemLoader Loading environment from /home/runner/work/key/key/key.core/../key.ui/examples/standard_key/java_dl/jml-free/loopInvFree.key.proof 
255881     DEBUG main            d.u.i.k.p.i.AbstractProblemLoader Environment load took 822.33ns 
255882     INFO  main            d.u.i.k.p.i.AbstractProblemLoader Creating init config 
258637     DEBUG main            d.u.i.k.p.i.AbstractProblemLoader Init config took 2.75s 
258681     INFO  main            d.u.i.k.p.i.AbstractProblemLoader Replaying proof LoopInvFree[LoopInvFree::test()].JML operation contract.0 
258720     DEBUG main            d.u.i.k.p.i.IntermediateProofReplayer Proof replay took 36.52ms 
258721     DEBUG main            d.u.i.k.p.r.p.TestFile    ... success: reloaded. 
258722     INFO  main            d.u.i.k.p.r.p.TestFile    Now processing file /home/runner/work/key/key/key.core/../key.ui/examples/standard_key/java_dl/jml-free/ensuresFree.key 
258722     INFO  main            d.u.i.k.p.i.AbstractProblemLoader Loading environment from /home/runner/work/key/key/key.core/../key.ui/examples/standard_key/java_dl/jml-free/ensuresFree.key 
258723     DEBUG main            d.u.i.k.p.i.AbstractProblemLoader Environment load took 200.91ns 
258723     INFO  main            d.u.i.k.p.i.AbstractProblemLoader Creating init config 
261523     DEBUG main            d.u.i.k.p.i.AbstractProblemLoader Init config took 2.8s 
261562     INFO  main            d.u.i.k.p.i.AbstractProblemLoader Replaying proof EnsuresFree[EnsuresFree::test()].JML operation contract.0 
261563     DEBUG main            d.u.i.k.p.i.IntermediateProofReplayer Proof replay took 8.7ns 
261665     INFO  main            d.u.i.k.p.r.p.TestFile    ... finished proof: closed. 
262090     INFO  main            d.u.i.k.p.i.AbstractProblemLoader Loading environment from /home/runner/work/key/key/key.core/../key.ui/examples/standard_key/java_dl/jml-free/ensuresFree.key.proof 
262090     DEBUG main            d.u.i.k.p.i.AbstractProblemLoader Environment load took 118.1ns 
262091     INFO  main            d.u.i.k.p.i.AbstractProblemLoader Creating init config 
264858     DEBUG main            d.u.i.k.p.i.AbstractProblemLoader Init config took 2.77s 
264900     INFO  main            d.u.i.k.p.i.AbstractProblemLoader Replaying proof EnsuresFree[EnsuresFree::test()].JML operation contract.0 
264923     DEBUG main            d.u.i.k.p.i.IntermediateProofReplayer Proof replay took 20.84ms 
264924     DEBUG main            d.u.i.k.p.r.p.TestFile    ... success: reloaded. 
264925     INFO  main            d.u.i.k.p.r.p.TestFile    Now processing file /home/runner/work/key/key/key.core/../key.ui/examples/standard_key/java_dl/jml-information-flow.key 
264927     INFO  main            d.u.i.k.p.i.AbstractProblemLoader Loading environment from /home/runner/work/key/key/key.core/../key.ui/examples/standard_key/java_dl/jml-information-flow.key 
264927     DEBUG main            d.u.i.k.p.i.AbstractProblemLoader Environment load took 203.31ns 
264935     INFO  main            d.u.i.k.p.i.AbstractProblemLoader Creating init config 
267977     DEBUG main            d.u.i.k.p.i.AbstractProblemLoader Init config took 3.04s 
267997     INFO  main            d.u.i.k.p.i.AbstractProblemLoader Replaying proof jml-information-flow.key 
267999     DEBUG main            d.u.i.k.p.i.IntermediateProofReplayer Proof replay took 8.3ns 
401237     INFO  main            d.u.i.k.p.r.p.TestFile    ... finished proof: closed. 
401893     INFO  main            d.u.i.k.p.i.AbstractProblemLoader Loading environment from /home/runner/work/key/key/key.core/../key.ui/examples/standard_key/java_dl/jml-information-flow.key.proof 
401893     DEBUG main            d.u.i.k.p.i.AbstractProblemLoader Environment load took 388.91ns 
401904     INFO  main            d.u.i.k.p.i.AbstractProblemLoader Creating init config 
404771     DEBUG main            d.u.i.k.p.i.AbstractProblemLoader Init config took 2.87s 
404793     INFO  main            d.u.i.k.p.i.AbstractProblemLoader Replaying proof jml-information-flow.key.proof 
408059     DEBUG main            d.u.i.k.p.i.IntermediateProofReplayer Proof replay took 3.15s 
408070     DEBUG main            d.u.i.k.p.r.p.TestFile    ... success: reloaded. 
408071     INFO  main            d.u.i.k.p.r.p.TestFile    Now processing file /home/runner/work/key/key/key.core/../key.ui/examples/standard_key/java_dl/jml-min/min-unprovable1.key 
408072     INFO  main            d.u.i.k.p.i.AbstractProblemLoader Loading environment from /home/runner/work/key/key/key.core/../key.ui/examples/standard_key/java_dl/jml-min/min-unprovable1.key 
408072     DEBUG main            d.u.i.k.p.i.AbstractProblemLoader Environment load took 196.31ns 
408073     INFO  main            d.u.i.k.p.i.AbstractProblemLoader Creating init config 
410994     DEBUG main            d.u.i.k.p.i.AbstractProblemLoader Init config took 2.92s 
411034     INFO  main            d.u.i.k.p.i.AbstractProblemLoader Replaying proof Min[Min::foo()].JML operation contract.0 
411035     DEBUG main            d.u.i.k.p.i.IntermediateProofReplayer Proof replay took 7.9ns 
411140     INFO  main            d.u.i.k.p.r.p.TestFile    ... finished proof: open goal(s) 
411782     INFO  main            d.u.i.k.p.r.p.TestFile    Now processing file /home/runner/work/key/key/key.core/../key.ui/examples/standard_key/java_dl/jml-min/min-unprovable2.key 
411783     INFO  main            d.u.i.k.p.i.AbstractProblemLoader Loading environment from /home/runner/work/key/key/key.core/../key.ui/examples/standard_key/java_dl/jml-min/min-unprovable2.key 
411783     DEBUG main            d.u.i.k.p.i.AbstractProblemLoader Environment load took 64.7ns 
411784     INFO  main            d.u.i.k.p.i.AbstractProblemLoader Creating init config 
414579     DEBUG main            d.u.i.k.p.i.AbstractProblemLoader Init config took 2.8s 
414617     INFO  main            d.u.i.k.p.i.AbstractProblemLoader Replaying proof Min[Min::foo2()].JML operation contract.0 
414618     DEBUG main            d.u.i.k.p.i.IntermediateProofReplayer Proof replay took 8.6ns 
414720     INFO  main            d.u.i.k.p.r.p.TestFile    ... finished proof: open goal(s) 
415168     INFO  main            d.u.i.k.p.r.p.TestFile    Now processing file /home/runner/work/key/key/key.core/../key.ui/examples/standard_key/java_dl/methodCall.key 
415168     INFO  main            d.u.i.k.p.i.AbstractProblemLoader Loading environment from /home/runner/work/key/key/key.core/../key.ui/examples/standard_key/java_dl/methodCall.key 
415168     DEBUG main            d.u.i.k.p.i.AbstractProblemLoader Environment load took 58.4ns 
415169     INFO  main            d.u.i.k.p.i.AbstractProblemLoader Creating init config 
417924     DEBUG main            d.u.i.k.p.i.AbstractProblemLoader Init config took 2.75s 
417940     INFO  main            d.u.i.k.p.i.AbstractProblemLoader Replaying proof methodCall.key 
417943     DEBUG main            d.u.i.k.p.i.IntermediateProofReplayer Proof replay took 8.3ns 
418046     INFO  main            d.u.i.k.p.r.p.TestFile    ... finished proof: closed. 
418502     INFO  main            d.u.i.k.p.i.AbstractProblemLoader Loading environment from /home/runner/work/key/key/key.core/../key.ui/examples/standard_key/java_dl/methodCall.key.proof 
418503     DEBUG main            d.u.i.k.p.i.AbstractProblemLoader Environment load took 90.9ns 
418507     INFO  main            d.u.i.k.p.i.AbstractProblemLoader Creating init config 
421297     DEBUG main            d.u.i.k.p.i.AbstractProblemLoader Init config took 2.79s 
421314     INFO  main            d.u.i.k.p.i.AbstractProblemLoader Replaying proof methodCall.key.proof 
421318     DEBUG main            d.u.i.k.p.i.IntermediateProofReplayer Proof replay took 1.8ms 
421320     DEBUG main            d.u.i.k.p.r.p.TestFile    ... success: reloaded. 
421321     INFO  main            d.u.i.k.p.r.p.TestFile    Now processing file /home/runner/work/key/key/key.core/../key.ui/examples/standard_key/java_dl/methodCall1.key 
421321     INFO  main            d.u.i.k.p.i.AbstractProblemLoader Loading environment from /home/runner/work/key/key/key.core/../key.ui/examples/standard_key/java_dl/methodCall1.key 
421321     DEBUG main            d.u.i.k.p.i.AbstractProblemLoader Environment load took 71.1ns 
421322     INFO  main            d.u.i.k.p.i.AbstractProblemLoader Creating init config 
424109     DEBUG main            d.u.i.k.p.i.AbstractProblemLoader Init config took 2.79s 
424125     INFO  main            d.u.i.k.p.i.AbstractProblemLoader Replaying proof methodCall1.key 
424127     DEBUG main            d.u.i.k.p.i.IntermediateProofReplayer Proof replay took 8.3ns 
424228     INFO  main            d.u.i.k.p.r.p.TestFile    ... finished proof: closed. 
424724     INFO  main            d.u.i.k.p.i.AbstractProblemLoader Loading environment from /home/runner/work/key/key/key.core/../key.ui/examples/standard_key/java_dl/methodCall1.key.proof 
424724     DEBUG main            d.u.i.k.p.i.AbstractProblemLoader Environment load took 87.9ns 
424725     INFO  main            d.u.i.k.p.i.AbstractProblemLoader Creating init config 
427467     DEBUG main            d.u.i.k.p.i.AbstractProblemLoader Init config took 2.74s 
427483     INFO  main            d.u.i.k.p.i.AbstractProblemLoader Replaying proof methodCall1.key.proof 
427497     DEBUG main            d.u.i.k.p.i.IntermediateProofReplayer Proof replay took 11.54ms 
427499     DEBUG main            d.u.i.k.p.r.p.TestFile    ... success: reloaded. 
427499     INFO  main            d.u.i.k.p.r.p.TestFile    Now processing file /home/runner/work/key/key/key.core/../key.ui/examples/standard_key/java_dl/methodCall1box.key 
427500     INFO  main            d.u.i.k.p.i.AbstractProblemLoader Loading environment from /home/runner/work/key/key/key.core/../key.ui/examples/standard_key/java_dl/methodCall1box.key 
427500     DEBUG main            d.u.i.k.p.i.AbstractProblemLoader Environment load took 345.61ns 
427501     INFO  main            d.u.i.k.p.i.AbstractProblemLoader Creating init config 
430293     DEBUG main            d.u.i.k.p.i.AbstractProblemLoader Init config took 2.79s 
430309     INFO  main            d.u.i.k.p.i.AbstractProblemLoader Replaying proof methodCall1box.key 
430311     DEBUG main            d.u.i.k.p.i.IntermediateProofReplayer Proof replay took 11.1ns 
430414     INFO  main            d.u.i.k.p.r.p.TestFile    ... finished proof: closed. 
430889     INFO  main            d.u.i.k.p.i.AbstractProblemLoader Loading environment from /home/runner/work/key/key/key.core/../key.ui/examples/standard_key/java_dl/methodCall1box.key.proof 
430889     DEBUG main            d.u.i.k.p.i.AbstractProblemLoader Environment load took 96ns 
430890     INFO  main            d.u.i.k.p.i.AbstractProblemLoader Creating init config 
433674     DEBUG main            d.u.i.k.p.i.AbstractProblemLoader Init config took 2.78s 
433691     INFO  main            d.u.i.k.p.i.AbstractProblemLoader Replaying proof methodCall1box.key.proof 
433704     DEBUG main            d.u.i.k.p.i.IntermediateProofReplayer Proof replay took 11.32ms 
433705     DEBUG main            d.u.i.k.p.r.p.TestFile    ... success: reloaded. 
433706     INFO  main            d.u.i.k.p.r.p.TestFile    Now processing file /home/runner/work/key/key/key.core/../key.ui/examples/standard_key/java_dl/methodCall3.key 
433706     INFO  main            d.u.i.k.p.i.AbstractProblemLoader Loading environment from /home/runner/work/key/key/key.core/../key.ui/examples/standard_key/java_dl/methodCall3.key 
433706     DEBUG main            d.u.i.k.p.i.AbstractProblemLoader Environment load took 86.1ns 
433707     INFO  main            d.u.i.k.p.i.AbstractProblemLoader Creating init config 
436507     DEBUG main            d.u.i.k.p.i.AbstractProblemLoader Init config took 2.8s 
436523     INFO  main            d.u.i.k.p.i.AbstractProblemLoader Replaying proof methodCall3.key 
436524     DEBUG main            d.u.i.k.p.i.IntermediateProofReplayer Proof replay took 7.1ns 
436626     INFO  main            d.u.i.k.p.r.p.TestFile    ... finished proof: closed. 
437120     INFO  main            d.u.i.k.p.i.AbstractProblemLoader Loading environment from /home/runner/work/key/key/key.core/../key.ui/examples/standard_key/java_dl/methodCall3.key.proof 
437120     DEBUG main            d.u.i.k.p.i.AbstractProblemLoader Environment load took 94ns 
437121     INFO  main            d.u.i.k.p.i.AbstractProblemLoader Creating init config 
439917     DEBUG main            d.u.i.k.p.i.AbstractProblemLoader Init config took 2.8s 
439934     INFO  main            d.u.i.k.p.i.AbstractProblemLoader Replaying proof methodCall3.key.proof 
439943     DEBUG main            d.u.i.k.p.i.IntermediateProofReplayer Proof replay took 7.73ms 
439944     DEBUG main            d.u.i.k.p.r.p.TestFile    ... success: reloaded. 
439945     INFO  main            d.u.i.k.p.r.p.TestFile    Now processing file /home/runner/work/key/key/key.core/../key.ui/examples/standard_key/java_dl/polishFlagSort.key 
439945     INFO  main            d.u.i.k.p.i.AbstractProblemLoader Loading environment from /home/runner/work/key/key/key.core/../key.ui/examples/standard_key/java_dl/polishFlagSort.key 
439945     DEBUG main            d.u.i.k.p.i.AbstractProblemLoader Environment load took 55ns 
439947     INFO  main            d.u.i.k.p.i.AbstractProblemLoader Creating init config 
442802     DEBUG main            d.u.i.k.p.i.AbstractProblemLoader Init config took 2.86s 
442820     INFO  main            d.u.i.k.p.i.AbstractProblemLoader Replaying proof polishFlagSort.key 
442821     DEBUG main            d.u.i.k.p.i.IntermediateProofReplayer Proof replay took 10.1ns 
445436     INFO  main            d.u.i.k.p.r.p.TestFile    ... finished proof: closed. 
445989     INFO  main            d.u.i.k.p.i.AbstractProblemLoader Loading environment from /home/runner/work/key/key/key.core/../key.ui/examples/standard_key/java_dl/polishFlagSort.key.proof 
445989     DEBUG main            d.u.i.k.p.i.AbstractProblemLoader Environment load took 391.61ns 
445991     INFO  main            d.u.i.k.p.i.AbstractProblemLoader Creating init config 
448770     DEBUG main            d.u.i.k.p.i.AbstractProblemLoader Init config took 2.78s 
448789     INFO  main            d.u.i.k.p.i.AbstractProblemLoader Replaying proof polishFlagSort.key.proof 
449140     DEBUG main            d.u.i.k.p.i.IntermediateProofReplayer Proof replay took 338.58ms 
449142     DEBUG main            d.u.i.k.p.r.p.TestFile    ... success: reloaded. 
449143     INFO  main            d.u.i.k.p.r.p.TestFile    Now processing file /home/runner/work/key/key/key.core/../key.ui/examples/standard_key/java_dl/postConditionTaclets1.key 
449144     INFO  main            d.u.i.k.p.i.AbstractProblemLoader Loading environment from /home/runner/work/key/key/key.core/../key.ui/examples/standard_key/java_dl/postConditionTaclets1.key 
449144     DEBUG main            d.u.i.k.p.i.AbstractProblemLoader Environment load took 175.21ns 
449146     INFO  main            d.u.i.k.p.i.AbstractProblemLoader Creating init config 
451869     DEBUG main            d.u.i.k.p.i.AbstractProblemLoader Init config took 2.72s 
451885     INFO  main            d.u.i.k.p.i.AbstractProblemLoader Replaying proof postConditionTaclets1.key 
451887     DEBUG main            d.u.i.k.p.i.IntermediateProofReplayer Proof replay took 8.4ns 
451993     INFO  main            d.u.i.k.p.r.p.TestFile    ... finished proof: closed. 
452581     INFO  main            d.u.i.k.p.i.AbstractProblemLoader Loading environment from /home/runner/work/key/key/key.core/../key.ui/examples/standard_key/java_dl/postConditionTaclets1.key.proof 
452581     DEBUG main            d.u.i.k.p.i.AbstractProblemLoader Environment load took 92.4ns 
452582     INFO  main            d.u.i.k.p.i.AbstractProblemLoader Creating init config 
455309     DEBUG main            d.u.i.k.p.i.AbstractProblemLoader Init config took 2.73s 
455325     INFO  main            d.u.i.k.p.i.AbstractProblemLoader Replaying proof postConditionTaclets1.key.proof 
455327     DEBUG main            d.u.i.k.p.i.IntermediateProofReplayer Proof replay took 303.21ns 
455328     DEBUG main            d.u.i.k.p.r.p.TestFile    ... success: reloaded. 
455329     INFO  main            d.u.i.k.p.r.p.TestFile    Now processing file /home/runner/work/key/key/key.core/../key.ui/examples/standard_key/java_dl/postConditionTaclets2.key 
455329     INFO  main            d.u.i.k.p.i.AbstractProblemLoader Loading environment from /home/runner/work/key/key/key.core/../key.ui/examples/standard_key/java_dl/postConditionTaclets2.key 
455329     DEBUG main            d.u.i.k.p.i.AbstractProblemLoader Environment load took 79.5ns 
455330     INFO  main            d.u.i.k.p.i.AbstractProblemLoader Creating init config 
458058     DEBUG main            d.u.i.k.p.i.AbstractProblemLoader Init config took 2.73s 
458074     INFO  main            d.u.i.k.p.i.AbstractProblemLoader Replaying proof postConditionTaclets2.key 
458075     DEBUG main            d.u.i.k.p.i.IntermediateProofReplayer Proof replay took 8.9ns 
458177     INFO  main            d.u.i.k.p.r.p.TestFile    ... finished proof: closed. 
458691     INFO  main            d.u.i.k.p.i.AbstractProblemLoader Loading environment from /home/runner/work/key/key/key.core/../key.ui/examples/standard_key/java_dl/postConditionTaclets2.key.proof 
458691     DEBUG main            d.u.i.k.p.i.AbstractProblemLoader Environment load took 120.4ns 
458693     INFO  main            d.u.i.k.p.i.AbstractProblemLoader Creating init config 
461332     DEBUG main            d.u.i.k.p.i.AbstractProblemLoader Init config took 2.64s 
461348     INFO  main            d.u.i.k.p.i.AbstractProblemLoader Replaying proof postConditionTaclets2.key.proof 
461349     DEBUG main            d.u.i.k.p.i.IntermediateProofReplayer Proof replay took 578.32ns 
461350     DEBUG main            d.u.i.k.p.r.p.TestFile    ... success: reloaded. 
461351     INFO  main            d.u.i.k.p.r.p.TestFile    Now processing file /home/runner/work/key/key/key.core/../key.ui/examples/standard_key/java_dl/quantifiedQuery.key 
461351     INFO  main            d.u.i.k.p.i.AbstractProblemLoader Loading environment from /home/runner/work/key/key/key.core/../key.ui/examples/standard_key/java_dl/quantifiedQuery.key 
461351     DEBUG main            d.u.i.k.p.i.AbstractProblemLoader Environment load took 49.5ns 
461353     INFO  main            d.u.i.k.p.i.AbstractProblemLoader Creating init config 
464148     DEBUG main            d.u.i.k.p.i.AbstractProblemLoader Init config took 2.8s 
464165     INFO  main            d.u.i.k.p.i.AbstractProblemLoader Replaying proof quantifiedQuery.key 
464167     DEBUG main            d.u.i.k.p.i.IntermediateProofReplayer Proof replay took 9ns 
464270     INFO  main            d.u.i.k.p.r.p.TestFile    ... finished proof: closed. 
464789     INFO  main            d.u.i.k.p.i.AbstractProblemLoader Loading environment from /home/runner/work/key/key/key.core/../key.ui/examples/standard_key/java_dl/quantifiedQuery.key.proof 
464789     DEBUG main            d.u.i.k.p.i.AbstractProblemLoader Environment load took 100.8ns 
464791     INFO  main            d.u.i.k.p.i.AbstractProblemLoader Creating init config 
467597     DEBUG main            d.u.i.k.p.i.AbstractProblemLoader Init config took 2.81s 
467613     INFO  main            d.u.i.k.p.i.AbstractProblemLoader Replaying proof quantifiedQuery.key.proof 
467624     DEBUG main            d.u.i.k.p.i.IntermediateProofReplayer Proof replay took 8.37ms 
467625     DEBUG main            d.u.i.k.p.r.p.TestFile    ... success: reloaded. 
467626     INFO  main            d.u.i.k.p.r.p.TestFile    Now processing file /home/runner/work/key/key/key.core/../key.ui/examples/standard_key/java_dl/recursion/triangular.key 
467626     INFO  main            d.u.i.k.p.i.AbstractProblemLoader Loading environment from /home/runner/work/key/key/key.core/../key.ui/examples/standard_key/java_dl/recursion/triangular.key 
467626     DEBUG main            d.u.i.k.p.i.AbstractProblemLoader Environment load took 84.6ns 
467627     INFO  main            d.u.i.k.p.i.AbstractProblemLoader Creating init config 
470411     DEBUG main            d.u.i.k.p.i.AbstractProblemLoader Init config took 2.78s 
470467     INFO  main            d.u.i.k.p.i.AbstractProblemLoader Replaying proof Triangular[Triangular::tria(int)].JML normal_behavior operation contract.0 
470468     DEBUG main            d.u.i.k.p.i.IntermediateProofReplayer Proof replay took 7.8ns 
470671     INFO  main            d.u.i.k.p.r.p.TestFile    ... finished proof: closed. 
471186     INFO  main            d.u.i.k.p.i.AbstractProblemLoader Loading environment from /home/runner/work/key/key/key.core/../key.ui/examples/standard_key/java_dl/recursion/triangular.key.proof 
471186     DEBUG main            d.u.i.k.p.i.AbstractProblemLoader Environment load took 94ns 
471187     INFO  main            d.u.i.k.p.i.AbstractProblemLoader Creating init config 
473893     DEBUG main            d.u.i.k.p.i.AbstractProblemLoader Init config took 2.71s 
473931     INFO  main            d.u.i.k.p.i.AbstractProblemLoader Replaying proof Triangular[Triangular::tria(int)].JML normal_behavior operation contract.0 
473958     DEBUG main            d.u.i.k.p.i.IntermediateProofReplayer Proof replay took 25.33ms 
473959     DEBUG main            d.u.i.k.p.r.p.TestFile    ... success: reloaded. 
473960     INFO  main            d.u.i.k.p.r.p.TestFile    Now processing file /home/runner/work/key/key/key.core/../key.ui/examples/standard_key/java_dl/reverseArray.key 
473960     INFO  main            d.u.i.k.p.i.AbstractProblemLoader Loading environment from /home/runner/work/key/key/key.core/../key.ui/examples/standard_key/java_dl/reverseArray.key 
473960     DEBUG main            d.u.i.k.p.i.AbstractProblemLoader Environment load took 50.8ns 
473962     INFO  main            d.u.i.k.p.i.AbstractProblemLoader Creating init config 
473986     WARN  main            d.u.i.k.j.r.KeYCrossReferenceNameInfo Datatype java.io.PrintStream declared twice: Once in FILE:/home/runner/work/key/key/key.core/../key.ui/examples/standard_key/java_dl/./classpath/PrintStream.java and once in URL:file:/home/runner/work/key/key/key.core/build/resources/main/de/uka/ilkd/key/java/JavaRedux/java/io/PrintStream.java, Keeping one from URL:file:/home/runner/work/key/key/key.core/build/resources/main/de/uka/ilkd/key/java/JavaRedux/java/io/PrintStream.java 
473986     WARN  main            d.u.i.k.j.r.KeYCrossReferenceNameInfo Datatype java.lang.System declared twice: Once in FILE:/home/runner/work/key/key/key.core/../key.ui/examples/standard_key/java_dl/./classpath/System.java and once in URL:file:/home/runner/work/key/key/key.core/build/resources/main/de/uka/ilkd/key/java/JavaRedux/java/lang/System.java, Keeping one from URL:file:/home/runner/work/key/key/key.core/build/resources/main/de/uka/ilkd/key/java/JavaRedux/java/lang/System.java 
473986     WARN  main            d.u.i.k.j.r.KeYCrossReferenceNameInfo Datatype java.io.InputStream declared twice: Once in FILE:/home/runner/work/key/key/key.core/../key.ui/examples/standard_key/java_dl/./classpath/InputStream.java and once in URL:file:/home/runner/work/key/key/key.core/build/resources/main/de/uka/ilkd/key/java/JavaRedux/java/io/InputStream.java, Keeping one from URL:file:/home/runner/work/key/key/key.core/build/resources/main/de/uka/ilkd/key/java/JavaRedux/java/io/InputStream.java 
473990     DEBUG main            d.u.i.k.j.r.ClassFileDeclarationBuilder Parsing: package java.io; public class Closeable { } 
473990     DEBUG main            r.s.KeYCrossReferenceSourceInfo Dynamically created class: java.io.Closeable 
476878     DEBUG main            d.u.i.k.p.i.AbstractProblemLoader Init config took 2.92s 
476899     INFO  main            d.u.i.k.p.i.AbstractProblemLoader Replaying proof reverseArray.key 
476901     DEBUG main            d.u.i.k.p.i.IntermediateProofReplayer Proof replay took 8.5ns 
481976     INFO  main            d.u.i.k.p.r.p.TestFile    ... finished proof: closed. 
482548     INFO  main            d.u.i.k.p.i.AbstractProblemLoader Loading environment from /home/runner/work/key/key/key.core/../key.ui/examples/standard_key/java_dl/reverseArray.key.proof 
482548     DEBUG main            d.u.i.k.p.i.AbstractProblemLoader Environment load took 368.81ns 
482551     INFO  main            d.u.i.k.p.i.AbstractProblemLoader Creating init config 
482581     WARN  main            d.u.i.k.j.r.KeYCrossReferenceNameInfo Datatype java.io.PrintStream declared twice: Once in FILE:/home/runner/work/key/key/key.core/../key.ui/examples/standard_key/java_dl/classpath/PrintStream.java and once in URL:file:/home/runner/work/key/key/key.core/build/resources/main/de/uka/ilkd/key/java/JavaRedux/java/io/PrintStream.java, Keeping one from URL:file:/home/runner/work/key/key/key.core/build/resources/main/de/uka/ilkd/key/java/JavaRedux/java/io/PrintStream.java 
482581     WARN  main            d.u.i.k.j.r.KeYCrossReferenceNameInfo Datatype java.lang.System declared twice: Once in FILE:/home/runner/work/key/key/key.core/../key.ui/examples/standard_key/java_dl/classpath/System.java and once in URL:file:/home/runner/work/key/key/key.core/build/resources/main/de/uka/ilkd/key/java/JavaRedux/java/lang/System.java, Keeping one from URL:file:/home/runner/work/key/key/key.core/build/resources/main/de/uka/ilkd/key/java/JavaRedux/java/lang/System.java 
482581     WARN  main            d.u.i.k.j.r.KeYCrossReferenceNameInfo Datatype java.io.InputStream declared twice: Once in FILE:/home/runner/work/key/key/key.core/../key.ui/examples/standard_key/java_dl/classpath/InputStream.java and once in URL:file:/home/runner/work/key/key/key.core/build/resources/main/de/uka/ilkd/key/java/JavaRedux/java/io/InputStream.java, Keeping one from URL:file:/home/runner/work/key/key/key.core/build/resources/main/de/uka/ilkd/key/java/JavaRedux/java/io/InputStream.java 
482585     DEBUG main            d.u.i.k.j.r.ClassFileDeclarationBuilder Parsing: package java.io; public class Closeable { } 
482585     DEBUG main            r.s.KeYCrossReferenceSourceInfo Dynamically created class: java.io.Closeable 
485501     DEBUG main            d.u.i.k.p.i.AbstractProblemLoader Init config took 2.95s 
485524     INFO  main            d.u.i.k.p.i.AbstractProblemLoader Replaying proof reverseArray.key.proof 
485990     DEBUG main            d.u.i.k.p.i.IntermediateProofReplayer Proof replay took 454.48ms 
485992     DEBUG main            d.u.i.k.p.r.p.TestFile    ... success: reloaded. 
485993     INFO  main            d.u.i.k.p.r.p.TestFile    Now processing file /home/runner/work/key/key/key.core/../key.ui/examples/standard_key/java_dl/reverseArray2.key 
485994     INFO  main            d.u.i.k.p.i.AbstractProblemLoader Loading environment from /home/runner/work/key/key/key.core/../key.ui/examples/standard_key/java_dl/reverseArray2.key 
485994     DEBUG main            d.u.i.k.p.i.AbstractProblemLoader Environment load took 88.6ns 
485996     INFO  main            d.u.i.k.p.i.AbstractProblemLoader Creating init config 
486020     WARN  main            d.u.i.k.j.r.KeYCrossReferenceNameInfo Datatype java.io.PrintStream declared twice: Once in FILE:/home/runner/work/key/key/key.core/../key.ui/examples/standard_key/java_dl/classpath/PrintStream.java and once in URL:file:/home/runner/work/key/key/key.core/build/resources/main/de/uka/ilkd/key/java/JavaRedux/java/io/PrintStream.java, Keeping one from URL:file:/home/runner/work/key/key/key.core/build/resources/main/de/uka/ilkd/key/java/JavaRedux/java/io/PrintStream.java 
486020     WARN  main            d.u.i.k.j.r.KeYCrossReferenceNameInfo Datatype java.lang.System declared twice: Once in FILE:/home/runner/work/key/key/key.core/../key.ui/examples/standard_key/java_dl/classpath/System.java and once in URL:file:/home/runner/work/key/key/key.core/build/resources/main/de/uka/ilkd/key/java/JavaRedux/java/lang/System.java, Keeping one from URL:file:/home/runner/work/key/key/key.core/build/resources/main/de/uka/ilkd/key/java/JavaRedux/java/lang/System.java 
486020     WARN  main            d.u.i.k.j.r.KeYCrossReferenceNameInfo Datatype java.io.InputStream declared twice: Once in FILE:/home/runner/work/key/key/key.core/../key.ui/examples/standard_key/java_dl/classpath/InputStream.java and once in URL:file:/home/runner/work/key/key/key.core/build/resources/main/de/uka/ilkd/key/java/JavaRedux/java/io/InputStream.java, Keeping one from URL:file:/home/runner/work/key/key/key.core/build/resources/main/de/uka/ilkd/key/java/JavaRedux/java/io/InputStream.java 
486024     DEBUG main            d.u.i.k.j.r.ClassFileDeclarationBuilder Parsing: package java.io; public class Closeable { } 
486024     DEBUG main            r.s.KeYCrossReferenceSourceInfo Dynamically created class: java.io.Closeable 
488827     DEBUG main            d.u.i.k.p.i.AbstractProblemLoader Init config took 2.83s 
488845     INFO  main            d.u.i.k.p.i.AbstractProblemLoader Replaying proof reverseArray2.key 
488847     DEBUG main            d.u.i.k.p.i.IntermediateProofReplayer Proof replay took 45.3ns 
490462     INFO  main            d.u.i.k.p.r.p.TestFile    ... finished proof: closed. 
491092     INFO  main            d.u.i.k.p.i.AbstractProblemLoader Loading environment from /home/runner/work/key/key/key.core/../key.ui/examples/standard_key/java_dl/reverseArray2.key.proof 
491092     DEBUG main            d.u.i.k.p.i.AbstractProblemLoader Environment load took 348.71ns 
491094     INFO  main            d.u.i.k.p.i.AbstractProblemLoader Creating init config 
491118     WARN  main            d.u.i.k.j.r.KeYCrossReferenceNameInfo Datatype java.io.PrintStream declared twice: Once in FILE:/home/runner/work/key/key/key.core/../key.ui/examples/standard_key/java_dl/classpath/PrintStream.java and once in URL:file:/home/runner/work/key/key/key.core/build/resources/main/de/uka/ilkd/key/java/JavaRedux/java/io/PrintStream.java, Keeping one from URL:file:/home/runner/work/key/key/key.core/build/resources/main/de/uka/ilkd/key/java/JavaRedux/java/io/PrintStream.java 
491118     WARN  main            d.u.i.k.j.r.KeYCrossReferenceNameInfo Datatype java.lang.System declared twice: Once in FILE:/home/runner/work/key/key/key.core/../key.ui/examples/standard_key/java_dl/classpath/System.java and once in URL:file:/home/runner/work/key/key/key.core/build/resources/main/de/uka/ilkd/key/java/JavaRedux/java/lang/System.java, Keeping one from URL:file:/home/runner/work/key/key/key.core/build/resources/main/de/uka/ilkd/key/java/JavaRedux/java/lang/System.java 
491118     WARN  main            d.u.i.k.j.r.KeYCrossReferenceNameInfo Datatype java.io.InputStream declared twice: Once in FILE:/home/runner/work/key/key/key.core/../key.ui/examples/standard_key/java_dl/classpath/InputStream.java and once in URL:file:/home/runner/work/key/key/key.core/build/resources/main/de/uka/ilkd/key/java/JavaRedux/java/io/InputStream.java, Keeping one from URL:file:/home/runner/work/key/key/key.core/build/resources/main/de/uka/ilkd/key/java/JavaRedux/java/io/InputStream.java 
491122     DEBUG main            d.u.i.k.j.r.ClassFileDeclarationBuilder Parsing: package java.io; public class Closeable { } 
491123     DEBUG main            r.s.KeYCrossReferenceSourceInfo Dynamically created class: java.io.Closeable 
493891     DEBUG main            d.u.i.k.p.i.AbstractProblemLoader Init config took 2.8s 
493910     INFO  main            d.u.i.k.p.i.AbstractProblemLoader Replaying proof reverseArray2.key.proof 
494088     DEBUG main            d.u.i.k.p.i.IntermediateProofReplayer Proof replay took 173.62ms 
494090     DEBUG main            d.u.i.k.p.r.p.TestFile    ... success: reloaded. 
494091     INFO  main            d.u.i.k.p.r.p.TestFile    Now processing file /home/runner/work/key/key/key.core/../key.ui/examples/standard_key/java_dl/simpleAssignment.key 
494091     INFO  main            d.u.i.k.p.i.AbstractProblemLoader Loading environment from /home/runner/work/key/key/key.core/../key.ui/examples/standard_key/java_dl/simpleAssignment.key 
494091     DEBUG main            d.u.i.k.p.i.AbstractProblemLoader Environment load took 53.9ns 
494092     INFO  main            d.u.i.k.p.i.AbstractProblemLoader Creating init config 
496762     DEBUG main            d.u.i.k.p.i.AbstractProblemLoader Init config took 2.67s 
496778     INFO  main            d.u.i.k.p.i.AbstractProblemLoader Replaying proof simpleAssignment.key 
496779     DEBUG main            d.u.i.k.p.i.IntermediateProofReplayer Proof replay took 3.2ns 
496881     INFO  main            d.u.i.k.p.r.p.TestFile    ... finished proof: closed. 
497472     INFO  main            d.u.i.k.p.i.AbstractProblemLoader Loading environment from /home/runner/work/key/key/key.core/../key.ui/examples/standard_key/java_dl/simpleAssignment.key.proof 
497473     DEBUG main            d.u.i.k.p.i.AbstractProblemLoader Environment load took 85.7ns 
497473     INFO  main            d.u.i.k.p.i.AbstractProblemLoader Creating init config 
500102     DEBUG main            d.u.i.k.p.i.AbstractProblemLoader Init config took 2.63s 
500118     INFO  main            d.u.i.k.p.i.AbstractProblemLoader Replaying proof simpleAssignment.key.proof 
500122     DEBUG main            d.u.i.k.p.i.IntermediateProofReplayer Proof replay took 691.12ns 
500123     DEBUG main            d.u.i.k.p.r.p.TestFile    ... success: reloaded. 
500124     INFO  main            d.u.i.k.p.r.p.TestFile    Now processing file /home/runner/work/key/key/key.core/../key.ui/examples/standard_key/java_dl/simpleAssignment2.key 
500124     INFO  main            d.u.i.k.p.i.AbstractProblemLoader Loading environment from /home/runner/work/key/key/key.core/../key.ui/examples/standard_key/java_dl/simpleAssignment2.key 
500124     DEBUG main            d.u.i.k.p.i.AbstractProblemLoader Environment load took 48.9ns 
500125     INFO  main            d.u.i.k.p.i.AbstractProblemLoader Creating init config 
502811     DEBUG main            d.u.i.k.p.i.AbstractProblemLoader Init config took 2.69s 
502826     INFO  main            d.u.i.k.p.i.AbstractProblemLoader Replaying proof simpleAssignment2.key 
502829     DEBUG main            d.u.i.k.p.i.IntermediateProofReplayer Proof replay took 3.4ns 
502930     INFO  main            d.u.i.k.p.r.p.TestFile    ... finished proof: closed. 
503483     INFO  main            d.u.i.k.p.i.AbstractProblemLoader Loading environment from /home/runner/work/key/key/key.core/../key.ui/examples/standard_key/java_dl/simpleAssignment2.key.proof 
503483     DEBUG main            d.u.i.k.p.i.AbstractProblemLoader Environment load took 123.2ns 
503484     INFO  main            d.u.i.k.p.i.AbstractProblemLoader Creating init config 
506136     DEBUG main            d.u.i.k.p.i.AbstractProblemLoader Init config took 2.65s 
506151     INFO  main            d.u.i.k.p.i.AbstractProblemLoader Replaying proof simpleAssignment2.key.proof 
506153     DEBUG main            d.u.i.k.p.i.IntermediateProofReplayer Proof replay took 418.41ns 
506154     DEBUG main            d.u.i.k.p.r.p.TestFile    ... success: reloaded. 
506154     INFO  main            d.u.i.k.p.r.p.TestFile    Now processing file /home/runner/work/key/key/key.core/../key.ui/examples/standard_key/java_dl/splittingWithQueries.key 
506155     INFO  main            d.u.i.k.p.i.AbstractProblemLoader Loading environment from /home/runner/work/key/key/key.core/../key.ui/examples/standard_key/java_dl/splittingWithQueries.key 
506155     DEBUG main            d.u.i.k.p.i.AbstractProblemLoader Environment load took 226.31ns 
506156     INFO  main            d.u.i.k.p.i.AbstractProblemLoader Creating init config 
508969     DEBUG main            d.u.i.k.p.i.AbstractProblemLoader Init config took 2.81s 
508984     INFO  main            d.u.i.k.p.i.AbstractProblemLoader Replaying proof splittingWithQueries.key 
508986     DEBUG main            d.u.i.k.p.i.IntermediateProofReplayer Proof replay took 4.1ns 
509088     INFO  main            d.u.i.k.p.r.p.TestFile    ... finished proof: closed. 
509659     INFO  main            d.u.i.k.p.i.AbstractProblemLoader Loading environment from /home/runner/work/key/key/key.core/../key.ui/examples/standard_key/java_dl/splittingWithQueries.key.proof 
509659     DEBUG main            d.u.i.k.p.i.AbstractProblemLoader Environment load took 92.5ns 
509660     INFO  main            d.u.i.k.p.i.AbstractProblemLoader Creating init config 
512388     DEBUG main            d.u.i.k.p.i.AbstractProblemLoader Init config took 2.73s 
512403     INFO  main            d.u.i.k.p.i.AbstractProblemLoader Replaying proof splittingWithQueries.key.proof 
512407     DEBUG main            d.u.i.k.p.i.IntermediateProofReplayer Proof replay took 1.37ms 
512408     DEBUG main            d.u.i.k.p.r.p.TestFile    ... success: reloaded. 
512409     INFO  main            d.u.i.k.p.r.p.TestFile    Now processing file /home/runner/work/key/key/key.core/../key.ui/examples/standard_key/java_dl/strassen/strassen.key 
512409     INFO  main            d.u.i.k.p.i.AbstractProblemLoader Loading environment from /home/runner/work/key/key/key.core/../key.ui/examples/standard_key/java_dl/strassen/strassen.key 
512409     DEBUG main            d.u.i.k.p.i.AbstractProblemLoader Environment load took 175.6ns 
512410     INFO  main            d.u.i.k.p.i.AbstractProblemLoader Creating init config 
515325     DEBUG main            d.u.i.k.p.i.AbstractProblemLoader Init config took 2.91s 
515368     INFO  main            d.u.i.k.p.i.AbstractProblemLoader Replaying proof Matrix22[Matrix22::strassen(Matrix22,Matrix22)].JML normal_behavior operation contract.0 
515370     DEBUG main            d.u.i.k.p.i.IntermediateProofReplayer Proof replay took 4.2ns 
520973     INFO  main            d.u.i.k.p.r.p.TestFile    ... finished proof: closed. 
521681     INFO  main            d.u.i.k.p.i.AbstractProblemLoader Loading environment from /home/runner/work/key/key/key.core/../key.ui/examples/standard_key/java_dl/strassen/strassen.key.proof 
521682     DEBUG main            d.u.i.k.p.i.AbstractProblemLoader Environment load took 362.51ns 
521683     INFO  main            d.u.i.k.p.i.AbstractProblemLoader Creating init config 
524498     DEBUG main            d.u.i.k.p.i.AbstractProblemLoader Init config took 2.81s 
524539     INFO  main            d.u.i.k.p.i.AbstractProblemLoader Replaying proof Matrix22[Matrix22::strassen(Matrix22,Matrix22)].JML normal_behavior operation contract.0 
525023     DEBUG main            d.u.i.k.p.i.IntermediateProofReplayer Proof replay took 473.33ms 
525025     DEBUG main            d.u.i.k.p.r.p.TestFile    ... success: reloaded. 
525025     INFO  main            d.u.i.k.p.r.p.TestFile    Now processing file /home/runner/work/key/key/key.core/../key.ui/examples/standard_key/java_dl/symmArray.key 
525026     INFO  main            d.u.i.k.p.i.AbstractProblemLoader Loading environment from /home/runner/work/key/key/key.core/../key.ui/examples/standard_key/java_dl/symmArray.key 
525026     DEBUG main            d.u.i.k.p.i.AbstractProblemLoader Environment load took 101.9ns 
525029     INFO  main            d.u.i.k.p.i.AbstractProblemLoader Creating init config 
527917     DEBUG main            d.u.i.k.p.i.AbstractProblemLoader Init config took 2.89s 
527935     INFO  main            d.u.i.k.p.i.AbstractProblemLoader Replaying proof symmArray.key 
527936     DEBUG main            d.u.i.k.p.i.IntermediateProofReplayer Proof replay took 3.3ns 
620684     INFO  main            d.u.i.k.p.r.p.TestFile    ... finished proof: closed. 
621407     INFO  main            d.u.i.k.p.i.AbstractProblemLoader Loading environment from /home/runner/work/key/key/key.core/../key.ui/examples/standard_key/java_dl/symmArray.key.proof 
621408     DEBUG main            d.u.i.k.p.i.AbstractProblemLoader Environment load took 559.12ns 
621415     INFO  main            d.u.i.k.p.i.AbstractProblemLoader Creating init config 
624228     DEBUG main            d.u.i.k.p.i.AbstractProblemLoader Init config took 2.81s 
624246     INFO  main            d.u.i.k.p.i.AbstractProblemLoader Replaying proof symmArray.key.proof 
625236     DEBUG main            d.u.i.k.p.i.IntermediateProofReplayer Proof replay took 935.37ms 
625242     DEBUG main            d.u.i.k.p.r.p.TestFile    ... success: reloaded. 
625243     INFO  main            d.u.i.k.p.r.p.TestFile    Now processing file /home/runner/work/key/key/key.core/../key.ui/examples/standard_key/java_dl/testcontext.key 
625243     INFO  main            d.u.i.k.p.i.AbstractProblemLoader Loading environment from /home/runner/work/key/key/key.core/../key.ui/examples/standard_key/java_dl/testcontext.key 
625243     DEBUG main            d.u.i.k.p.i.AbstractProblemLoader Environment load took 86.2ns 
625244     INFO  main            d.u.i.k.p.i.AbstractProblemLoader Creating init config 
625268     WARN  main            d.u.i.k.j.r.KeYCrossReferenceNameInfo Datatype java.io.PrintStream declared twice: Once in FILE:/home/runner/work/key/key/key.core/../key.ui/examples/standard_key/java_dl/classpath/PrintStream.java and once in URL:file:/home/runner/work/key/key/key.core/build/resources/main/de/uka/ilkd/key/java/JavaRedux/java/io/PrintStream.java, Keeping one from URL:file:/home/runner/work/key/key/key.core/build/resources/main/de/uka/ilkd/key/java/JavaRedux/java/io/PrintStream.java 
625268     WARN  main            d.u.i.k.j.r.KeYCrossReferenceNameInfo Datatype java.lang.System declared twice: Once in FILE:/home/runner/work/key/key/key.core/../key.ui/examples/standard_key/java_dl/classpath/System.java and once in URL:file:/home/runner/work/key/key/key.core/build/resources/main/de/uka/ilkd/key/java/JavaRedux/java/lang/System.java, Keeping one from URL:file:/home/runner/work/key/key/key.core/build/resources/main/de/uka/ilkd/key/java/JavaRedux/java/lang/System.java 
625268     WARN  main            d.u.i.k.j.r.KeYCrossReferenceNameInfo Datatype java.io.InputStream declared twice: Once in FILE:/home/runner/work/key/key/key.core/../key.ui/examples/standard_key/java_dl/classpath/InputStream.java and once in URL:file:/home/runner/work/key/key/key.core/build/resources/main/de/uka/ilkd/key/java/JavaRedux/java/io/InputStream.java, Keeping one from URL:file:/home/runner/work/key/key/key.core/build/resources/main/de/uka/ilkd/key/java/JavaRedux/java/io/InputStream.java 
625272     DEBUG main            d.u.i.k.j.r.ClassFileDeclarationBuilder Parsing: package java.io; public class Closeable { } 
625272     DEBUG main            r.s.KeYCrossReferenceSourceInfo Dynamically created class: java.io.Closeable 
628075     DEBUG main            d.u.i.k.p.i.AbstractProblemLoader Init config took 2.83s 
628091     INFO  main            d.u.i.k.p.i.AbstractProblemLoader Replaying proof testcontext.key 
628093     DEBUG main            d.u.i.k.p.i.IntermediateProofReplayer Proof replay took 3.5ns 
628396     INFO  main            d.u.i.k.p.r.p.TestFile    ... finished proof: closed. 
629111     INFO  main            d.u.i.k.p.i.AbstractProblemLoader Loading environment from /home/runner/work/key/key/key.core/../key.ui/examples/standard_key/java_dl/testcontext.key.proof 
629111     DEBUG main            d.u.i.k.p.i.AbstractProblemLoader Environment load took 116.1ns 
629113     INFO  main            d.u.i.k.p.i.AbstractProblemLoader Creating init config 
629137     WARN  main            d.u.i.k.j.r.KeYCrossReferenceNameInfo Datatype java.io.PrintStream declared twice: Once in FILE:/home/runner/work/key/key/key.core/../key.ui/examples/standard_key/java_dl/classpath/PrintStream.java and once in URL:file:/home/runner/work/key/key/key.core/build/resources/main/de/uka/ilkd/key/java/JavaRedux/java/io/PrintStream.java, Keeping one from URL:file:/home/runner/work/key/key/key.core/build/resources/main/de/uka/ilkd/key/java/JavaRedux/java/io/PrintStream.java 
629137     WARN  main            d.u.i.k.j.r.KeYCrossReferenceNameInfo Datatype java.lang.System declared twice: Once in FILE:/home/runner/work/key/key/key.core/../key.ui/examples/standard_key/java_dl/classpath/System.java and once in URL:file:/home/runner/work/key/key/key.core/build/resources/main/de/uka/ilkd/key/java/JavaRedux/java/lang/System.java, Keeping one from URL:file:/home/runner/work/key/key/key.core/build/resources/main/de/uka/ilkd/key/java/JavaRedux/java/lang/System.java 
629137     WARN  main            d.u.i.k.j.r.KeYCrossReferenceNameInfo Datatype java.io.InputStream declared twice: Once in FILE:/home/runner/work/key/key/key.core/../key.ui/examples/standard_key/java_dl/classpath/InputStream.java and once in URL:file:/home/runner/work/key/key/key.core/build/resources/main/de/uka/ilkd/key/java/JavaRedux/java/io/InputStream.java, Keeping one from URL:file:/home/runner/work/key/key/key.core/build/resources/main/de/uka/ilkd/key/java/JavaRedux/java/io/InputStream.java 
629142     DEBUG main            d.u.i.k.j.r.ClassFileDeclarationBuilder Parsing: package java.io; public class Closeable { } 
629142     DEBUG main            r.s.KeYCrossReferenceSourceInfo Dynamically created class: java.io.Closeable 
631849     DEBUG main            d.u.i.k.p.i.AbstractProblemLoader Init config took 2.74s 
631865     INFO  main            d.u.i.k.p.i.AbstractProblemLoader Replaying proof testcontext.key.proof 
631912     DEBUG main            d.u.i.k.p.i.IntermediateProofReplayer Proof replay took 44.17ms 
631914     DEBUG main            d.u.i.k.p.r.p.TestFile    ... success: reloaded. 
631914     INFO  main            d.u.i.k.p.r.p.TestFile    Now processing file /home/runner/work/key/key/key.core/../key.ui/examples/standard_key/staticInitialisation/cascadeStaticInitialisation.key 
631915     INFO  main            d.u.i.k.p.i.AbstractProblemLoader Loading environment from /home/runner/work/key/key/key.core/../key.ui/examples/standard_key/staticInitialisation/cascadeStaticInitialisation.key 
631915     DEBUG main            d.u.i.k.p.i.AbstractProblemLoader Environment load took 53.4ns 
631917     INFO  main            d.u.i.k.p.i.AbstractProblemLoader Creating init config 
631940     WARN  main            d.u.i.k.j.r.KeYCrossReferenceNameInfo Datatype java.io.PrintStream declared twice: Once in FILE:/home/runner/work/key/key/key.core/../key.ui/examples/standard_key/staticInitialisation/classpath/PrintStream.java and once in URL:file:/home/runner/work/key/key/key.core/build/resources/main/de/uka/ilkd/key/java/JavaRedux/java/io/PrintStream.java, Keeping one from URL:file:/home/runner/work/key/key/key.core/build/resources/main/de/uka/ilkd/key/java/JavaRedux/java/io/PrintStream.java 
631940     WARN  main            d.u.i.k.j.r.KeYCrossReferenceNameInfo Datatype java.lang.System declared twice: Once in FILE:/home/runner/work/key/key/key.core/../key.ui/examples/standard_key/staticInitialisation/classpath/System.java and once in URL:file:/home/runner/work/key/key/key.core/build/resources/main/de/uka/ilkd/key/java/JavaRedux/java/lang/System.java, Keeping one from URL:file:/home/runner/work/key/key/key.core/build/resources/main/de/uka/ilkd/key/java/JavaRedux/java/lang/System.java 
634707     DEBUG main            d.u.i.k.p.i.AbstractProblemLoader Init config took 2.79s 
634724     INFO  main            d.u.i.k.p.i.AbstractProblemLoader Replaying proof cascadeStaticInitialisation.key 
634726     DEBUG main            d.u.i.k.p.i.IntermediateProofReplayer Proof replay took 4.2ns 
635531     INFO  main            d.u.i.k.p.r.p.TestFile    ... finished proof: closed. 
636178     INFO  main            d.u.i.k.p.i.AbstractProblemLoader Loading environment from /home/runner/work/key/key/key.core/../key.ui/examples/standard_key/staticInitialisation/cascadeStaticInitialisation.key.proof 
636179     DEBUG main            d.u.i.k.p.i.AbstractProblemLoader Environment load took 396.81ns 
636180     INFO  main            d.u.i.k.p.i.AbstractProblemLoader Creating init config 
636207     WARN  main            d.u.i.k.j.r.KeYCrossReferenceNameInfo Datatype java.io.PrintStream declared twice: Once in FILE:/home/runner/work/key/key/key.core/../key.ui/examples/standard_key/staticInitialisation/classpath/PrintStream.java and once in URL:file:/home/runner/work/key/key/key.core/build/resources/main/de/uka/ilkd/key/java/JavaRedux/java/io/PrintStream.java, Keeping one from URL:file:/home/runner/work/key/key/key.core/build/resources/main/de/uka/ilkd/key/java/JavaRedux/java/io/PrintStream.java 
636207     WARN  main            d.u.i.k.j.r.KeYCrossReferenceNameInfo Datatype java.lang.System declared twice: Once in FILE:/home/runner/work/key/key/key.core/../key.ui/examples/standard_key/staticInitialisation/classpath/System.java and once in URL:file:/home/runner/work/key/key/key.core/build/resources/main/de/uka/ilkd/key/java/JavaRedux/java/lang/System.java, Keeping one from URL:file:/home/runner/work/key/key/key.core/build/resources/main/de/uka/ilkd/key/java/JavaRedux/java/lang/System.java 
639007     DEBUG main            d.u.i.k.p.i.AbstractProblemLoader Init config took 2.83s 
639023     INFO  main            d.u.i.k.p.i.AbstractProblemLoader Replaying proof cascadeStaticInitialisation.key.proof 
639145     DEBUG main            d.u.i.k.p.i.IntermediateProofReplayer Proof replay took 119.5ms 
639147     DEBUG main            d.u.i.k.p.r.p.TestFile    ... success: reloaded. 
639147     INFO  main            d.u.i.k.p.r.p.TestFile    Now processing file /home/runner/work/key/key/key.core/../key.ui/examples/standard_key/staticInitialisation/erroneousClassImpliesErroneousSubclass.key 
639148     INFO  main            d.u.i.k.p.i.AbstractProblemLoader Loading environment from /home/runner/work/key/key/key.core/../key.ui/examples/standard_key/staticInitialisation/erroneousClassImpliesErroneousSubclass.key 
639148     DEBUG main            d.u.i.k.p.i.AbstractProblemLoader Environment load took 77.9ns 
639149     INFO  main            d.u.i.k.p.i.AbstractProblemLoader Creating init config 
639173     WARN  main            d.u.i.k.j.r.KeYCrossReferenceNameInfo Datatype java.io.PrintStream declared twice: Once in FILE:/home/runner/work/key/key/key.core/../key.ui/examples/standard_key/staticInitialisation/classpath/PrintStream.java and once in URL:file:/home/runner/work/key/key/key.core/build/resources/main/de/uka/ilkd/key/java/JavaRedux/java/io/PrintStream.java, Keeping one from URL:file:/home/runner/work/key/key/key.core/build/resources/main/de/uka/ilkd/key/java/JavaRedux/java/io/PrintStream.java 
639173     WARN  main            d.u.i.k.j.r.KeYCrossReferenceNameInfo Datatype java.lang.System declared twice: Once in FILE:/home/runner/work/key/key/key.core/../key.ui/examples/standard_key/staticInitialisation/classpath/System.java and once in URL:file:/home/runner/work/key/key/key.core/build/resources/main/de/uka/ilkd/key/java/JavaRedux/java/lang/System.java, Keeping one from URL:file:/home/runner/work/key/key/key.core/build/resources/main/de/uka/ilkd/key/java/JavaRedux/java/lang/System.java 
641894     DEBUG main            d.u.i.k.p.i.AbstractProblemLoader Init config took 2.75s 
641909     INFO  main            d.u.i.k.p.i.AbstractProblemLoader Replaying proof erroneousClassImpliesErroneousSubclass.key 
641910     DEBUG main            d.u.i.k.p.i.IntermediateProofReplayer Proof replay took 3.7ns 
642013     INFO  main            d.u.i.k.p.r.p.TestFile    ... finished proof: closed. 
642668     INFO  main            d.u.i.k.p.i.AbstractProblemLoader Loading environment from /home/runner/work/key/key/key.core/../key.ui/examples/standard_key/staticInitialisation/erroneousClassImpliesErroneousSubclass.key.proof 
642668     DEBUG main            d.u.i.k.p.i.AbstractProblemLoader Environment load took 93.8ns 
642669     INFO  main            d.u.i.k.p.i.AbstractProblemLoader Creating init config 
642693     WARN  main            d.u.i.k.j.r.KeYCrossReferenceNameInfo Datatype java.io.PrintStream declared twice: Once in FILE:/home/runner/work/key/key/key.core/../key.ui/examples/standard_key/staticInitialisation/classpath/PrintStream.java and once in URL:file:/home/runner/work/key/key/key.core/build/resources/main/de/uka/ilkd/key/java/JavaRedux/java/io/PrintStream.java, Keeping one from URL:file:/home/runner/work/key/key/key.core/build/resources/main/de/uka/ilkd/key/java/JavaRedux/java/io/PrintStream.java 
642694     WARN  main            d.u.i.k.j.r.KeYCrossReferenceNameInfo Datatype java.lang.System declared twice: Once in FILE:/home/runner/work/key/key/key.core/../key.ui/examples/standard_key/staticInitialisation/classpath/System.java and once in URL:file:/home/runner/work/key/key/key.core/build/resources/main/de/uka/ilkd/key/java/JavaRedux/java/lang/System.java, Keeping one from URL:file:/home/runner/work/key/key/key.core/build/resources/main/de/uka/ilkd/key/java/JavaRedux/java/lang/System.java 
645381     DEBUG main            d.u.i.k.p.i.AbstractProblemLoader Init config took 2.71s 
645395     INFO  main            d.u.i.k.p.i.AbstractProblemLoader Replaying proof erroneousClassImpliesErroneousSubclass.key.proof 
645397     DEBUG main            d.u.i.k.p.i.IntermediateProofReplayer Proof replay took 502.81ns 
645398     DEBUG main            d.u.i.k.p.r.p.TestFile    ... success: reloaded. 
645399     INFO  main            d.u.i.k.p.r.p.TestFile    Now processing file /home/runner/work/key/key/key.core/../key.ui/examples/standard_key/staticInitialisation/initializedSubclassImpliesInitializedSuperclass.key 
645399     INFO  main            d.u.i.k.p.i.AbstractProblemLoader Loading environment from /home/runner/work/key/key/key.core/../key.ui/examples/standard_key/staticInitialisation/initializedSubclassImpliesInitializedSuperclass.key 
645399     DEBUG main            d.u.i.k.p.i.AbstractProblemLoader Environment load took 65.6ns 
645400     INFO  main            d.u.i.k.p.i.AbstractProblemLoader Creating init config 
645422     WARN  main            d.u.i.k.j.r.KeYCrossReferenceNameInfo Datatype java.io.PrintStream declared twice: Once in FILE:/home/runner/work/key/key/key.core/../key.ui/examples/standard_key/staticInitialisation/classpath/PrintStream.java and once in URL:file:/home/runner/work/key/key/key.core/build/resources/main/de/uka/ilkd/key/java/JavaRedux/java/io/PrintStream.java, Keeping one from URL:file:/home/runner/work/key/key/key.core/build/resources/main/de/uka/ilkd/key/java/JavaRedux/java/io/PrintStream.java 
645422     WARN  main            d.u.i.k.j.r.KeYCrossReferenceNameInfo Datatype java.lang.System declared twice: Once in FILE:/home/runner/work/key/key/key.core/../key.ui/examples/standard_key/staticInitialisation/classpath/System.java and once in URL:file:/home/runner/work/key/key/key.core/build/resources/main/de/uka/ilkd/key/java/JavaRedux/java/lang/System.java, Keeping one from URL:file:/home/runner/work/key/key/key.core/build/resources/main/de/uka/ilkd/key/java/JavaRedux/java/lang/System.java 
648133     DEBUG main            d.u.i.k.p.i.AbstractProblemLoader Init config took 2.73s 
648148     INFO  main            d.u.i.k.p.i.AbstractProblemLoader Replaying proof initializedSubclassImpliesInitializedSuperclass.key 
648149     DEBUG main            d.u.i.k.p.i.IntermediateProofReplayer Proof replay took 3.2ns 
648252     INFO  main            d.u.i.k.p.r.p.TestFile    ... finished proof: closed. 
648859     INFO  main            d.u.i.k.p.i.AbstractProblemLoader Loading environment from /home/runner/work/key/key/key.core/../key.ui/examples/standard_key/staticInitialisation/initializedSubclassImpliesInitializedSuperclass.key.proof 
648859     DEBUG main            d.u.i.k.p.i.AbstractProblemLoader Environment load took 98.6ns 
648860     INFO  main            d.u.i.k.p.i.AbstractProblemLoader Creating init config 
648883     WARN  main            d.u.i.k.j.r.KeYCrossReferenceNameInfo Datatype java.io.PrintStream declared twice: Once in FILE:/home/runner/work/key/key/key.core/../key.ui/examples/standard_key/staticInitialisation/classpath/PrintStream.java and once in URL:file:/home/runner/work/key/key/key.core/build/resources/main/de/uka/ilkd/key/java/JavaRedux/java/io/PrintStream.java, Keeping one from URL:file:/home/runner/work/key/key/key.core/build/resources/main/de/uka/ilkd/key/java/JavaRedux/java/io/PrintStream.java 
648884     WARN  main            d.u.i.k.j.r.KeYCrossReferenceNameInfo Datatype java.lang.System declared twice: Once in FILE:/home/runner/work/key/key/key.core/../key.ui/examples/standard_key/staticInitialisation/classpath/System.java and once in URL:file:/home/runner/work/key/key/key.core/build/resources/main/de/uka/ilkd/key/java/JavaRedux/java/lang/System.java, Keeping one from URL:file:/home/runner/work/key/key/key.core/build/resources/main/de/uka/ilkd/key/java/JavaRedux/java/lang/System.java 
651657     DEBUG main            d.u.i.k.p.i.AbstractProblemLoader Init config took 2.8s 
651672     INFO  main            d.u.i.k.p.i.AbstractProblemLoader Replaying proof initializedSubclassImpliesInitializedSuperclass.key.proof 
651673     DEBUG main            d.u.i.k.p.i.IntermediateProofReplayer Proof replay took 348.01ns 
651674     DEBUG main            d.u.i.k.p.r.p.TestFile    ... success: reloaded. 
651675     INFO  main            d.u.i.k.p.r.p.TestFile    Now processing file /home/runner/work/key/key/key.core/../key.ui/examples/standard_key/staticInitialisation/localDeclared.key 
651675     INFO  main            d.u.i.k.p.i.AbstractProblemLoader Loading environment from /home/runner/work/key/key/key.core/../key.ui/examples/standard_key/staticInitialisation/localDeclared.key 
651675     DEBUG main            d.u.i.k.p.i.AbstractProblemLoader Environment load took 85.9ns 
651677     INFO  main            d.u.i.k.p.i.AbstractProblemLoader Creating init config 
651699     WARN  main            d.u.i.k.j.r.KeYCrossReferenceNameInfo Datatype java.io.PrintStream declared twice: Once in FILE:/home/runner/work/key/key/key.core/../key.ui/examples/standard_key/staticInitialisation/classpath/PrintStream.java and once in URL:file:/home/runner/work/key/key/key.core/build/resources/main/de/uka/ilkd/key/java/JavaRedux/java/io/PrintStream.java, Keeping one from URL:file:/home/runner/work/key/key/key.core/build/resources/main/de/uka/ilkd/key/java/JavaRedux/java/io/PrintStream.java 
651699     WARN  main            d.u.i.k.j.r.KeYCrossReferenceNameInfo Datatype java.lang.System declared twice: Once in FILE:/home/runner/work/key/key/key.core/../key.ui/examples/standard_key/staticInitialisation/classpath/System.java and once in URL:file:/home/runner/work/key/key/key.core/build/resources/main/de/uka/ilkd/key/java/JavaRedux/java/lang/System.java, Keeping one from URL:file:/home/runner/work/key/key/key.core/build/resources/main/de/uka/ilkd/key/java/JavaRedux/java/lang/System.java 
654513     DEBUG main            d.u.i.k.p.i.AbstractProblemLoader Init config took 2.84s 
654529     INFO  main            d.u.i.k.p.i.AbstractProblemLoader Replaying proof localDeclared.key 
654530     DEBUG main            d.u.i.k.p.i.IntermediateProofReplayer Proof replay took 3.3ns 
654836     INFO  main            d.u.i.k.p.r.p.TestFile    ... finished proof: closed. 
655446     INFO  main            d.u.i.k.p.i.AbstractProblemLoader Loading environment from /home/runner/work/key/key/key.core/../key.ui/examples/standard_key/staticInitialisation/localDeclared.key.proof 
655446     DEBUG main            d.u.i.k.p.i.AbstractProblemLoader Environment load took 104.3ns 
655448     INFO  main            d.u.i.k.p.i.AbstractProblemLoader Creating init config 
655473     WARN  main            d.u.i.k.j.r.KeYCrossReferenceNameInfo Datatype java.io.PrintStream declared twice: Once in FILE:/home/runner/work/key/key/key.core/../key.ui/examples/standard_key/staticInitialisation/classpath/PrintStream.java and once in URL:file:/home/runner/work/key/key/key.core/build/resources/main/de/uka/ilkd/key/java/JavaRedux/java/io/PrintStream.java, Keeping one from URL:file:/home/runner/work/key/key/key.core/build/resources/main/de/uka/ilkd/key/java/JavaRedux/java/io/PrintStream.java 
655473     WARN  main            d.u.i.k.j.r.KeYCrossReferenceNameInfo Datatype java.lang.System declared twice: Once in FILE:/home/runner/work/key/key/key.core/../key.ui/examples/standard_key/staticInitialisation/classpath/System.java and once in URL:file:/home/runner/work/key/key/key.core/build/resources/main/de/uka/ilkd/key/java/JavaRedux/java/lang/System.java, Keeping one from URL:file:/home/runner/work/key/key/key.core/build/resources/main/de/uka/ilkd/key/java/JavaRedux/java/lang/System.java 
658268     DEBUG main            d.u.i.k.p.i.AbstractProblemLoader Init config took 2.82s 
658284     INFO  main            d.u.i.k.p.i.AbstractProblemLoader Replaying proof localDeclared.key.proof 
658333     DEBUG main            d.u.i.k.p.i.IntermediateProofReplayer Proof replay took 46.55ms 
658334     DEBUG main            d.u.i.k.p.r.p.TestFile    ... success: reloaded. 
658335     INFO  main            d.u.i.k.p.r.p.TestFile    Now processing file /home/runner/work/key/key/key.core/../key.ui/examples/standard_key/staticInitialisation/localDeclaredMethod.key 
658335     INFO  main            d.u.i.k.p.i.AbstractProblemLoader Loading environment from /home/runner/work/key/key/key.core/../key.ui/examples/standard_key/staticInitialisation/localDeclaredMethod.key 
658335     DEBUG main            d.u.i.k.p.i.AbstractProblemLoader Environment load took 102.9ns 
658337     INFO  main            d.u.i.k.p.i.AbstractProblemLoader Creating init config 
658359     WARN  main            d.u.i.k.j.r.KeYCrossReferenceNameInfo Datatype java.io.PrintStream declared twice: Once in FILE:/home/runner/work/key/key/key.core/../key.ui/examples/standard_key/staticInitialisation/classpath/PrintStream.java and once in URL:file:/home/runner/work/key/key/key.core/build/resources/main/de/uka/ilkd/key/java/JavaRedux/java/io/PrintStream.java, Keeping one from URL:file:/home/runner/work/key/key/key.core/build/resources/main/de/uka/ilkd/key/java/JavaRedux/java/io/PrintStream.java 
658360     WARN  main            d.u.i.k.j.r.KeYCrossReferenceNameInfo Datatype java.lang.System declared twice: Once in FILE:/home/runner/work/key/key/key.core/../key.ui/examples/standard_key/staticInitialisation/classpath/System.java and once in URL:file:/home/runner/work/key/key/key.core/build/resources/main/de/uka/ilkd/key/java/JavaRedux/java/lang/System.java, Keeping one from URL:file:/home/runner/work/key/key/key.core/build/resources/main/de/uka/ilkd/key/java/JavaRedux/java/lang/System.java 
661077     DEBUG main            d.u.i.k.p.i.AbstractProblemLoader Init config took 2.74s 
661093     INFO  main            d.u.i.k.p.i.AbstractProblemLoader Replaying proof localDeclaredMethod.key 
661095     DEBUG main            d.u.i.k.p.i.IntermediateProofReplayer Proof replay took 2.9ns 
661398     INFO  main            d.u.i.k.p.r.p.TestFile    ... finished proof: closed. 
662067     INFO  main            d.u.i.k.p.i.AbstractProblemLoader Loading environment from /home/runner/work/key/key/key.core/../key.ui/examples/standard_key/staticInitialisation/localDeclaredMethod.key.proof 
662067     DEBUG main            d.u.i.k.p.i.AbstractProblemLoader Environment load took 128.9ns 
662069     INFO  main            d.u.i.k.p.i.AbstractProblemLoader Creating init config 
662091     WARN  main            d.u.i.k.j.r.KeYCrossReferenceNameInfo Datatype java.io.PrintStream declared twice: Once in FILE:/home/runner/work/key/key/key.core/../key.ui/examples/standard_key/staticInitialisation/classpath/PrintStream.java and once in URL:file:/home/runner/work/key/key/key.core/build/resources/main/de/uka/ilkd/key/java/JavaRedux/java/io/PrintStream.java, Keeping one from URL:file:/home/runner/work/key/key/key.core/build/resources/main/de/uka/ilkd/key/java/JavaRedux/java/io/PrintStream.java 
662091     WARN  main            d.u.i.k.j.r.KeYCrossReferenceNameInfo Datatype java.lang.System declared twice: Once in FILE:/home/runner/work/key/key/key.core/../key.ui/examples/standard_key/staticInitialisation/classpath/System.java and once in URL:file:/home/runner/work/key/key/key.core/build/resources/main/de/uka/ilkd/key/java/JavaRedux/java/lang/System.java, Keeping one from URL:file:/home/runner/work/key/key/key.core/build/resources/main/de/uka/ilkd/key/java/JavaRedux/java/lang/System.java 
664804     DEBUG main            d.u.i.k.p.i.AbstractProblemLoader Init config took 2.74s 
664821     INFO  main            d.u.i.k.p.i.AbstractProblemLoader Replaying proof localDeclaredMethod.key.proof 
664867     DEBUG main            d.u.i.k.p.i.IntermediateProofReplayer Proof replay took 44.04ms 
664868     DEBUG main            d.u.i.k.p.r.p.TestFile    ... success: reloaded. 
664869     INFO  main            d.u.i.k.p.r.p.TestFile    Now processing file /home/runner/work/key/key/key.core/../key.ui/examples/standard_key/staticInitialisation/objectOfErroneousClass.key 
664869     INFO  main            d.u.i.k.p.i.AbstractProblemLoader Loading environment from /home/runner/work/key/key/key.core/../key.ui/examples/standard_key/staticInitialisation/objectOfErroneousClass.key 
664869     DEBUG main            d.u.i.k.p.i.AbstractProblemLoader Environment load took 55.5ns 
664871     INFO  main            d.u.i.k.p.i.AbstractProblemLoader Creating init config 
664893     WARN  main            d.u.i.k.j.r.KeYCrossReferenceNameInfo Datatype java.io.PrintStream declared twice: Once in FILE:/home/runner/work/key/key/key.core/../key.ui/examples/standard_key/staticInitialisation/classpath/PrintStream.java and once in URL:file:/home/runner/work/key/key/key.core/build/resources/main/de/uka/ilkd/key/java/JavaRedux/java/io/PrintStream.java, Keeping one from URL:file:/home/runner/work/key/key/key.core/build/resources/main/de/uka/ilkd/key/java/JavaRedux/java/io/PrintStream.java 
664893     WARN  main            d.u.i.k.j.r.KeYCrossReferenceNameInfo Datatype java.lang.System declared twice: Once in FILE:/home/runner/work/key/key/key.core/../key.ui/examples/standard_key/staticInitialisation/classpath/System.java and once in URL:file:/home/runner/work/key/key/key.core/build/resources/main/de/uka/ilkd/key/java/JavaRedux/java/lang/System.java, Keeping one from URL:file:/home/runner/work/key/key/key.core/build/resources/main/de/uka/ilkd/key/java/JavaRedux/java/lang/System.java 
667684     DEBUG main            d.u.i.k.p.i.AbstractProblemLoader Init config took 2.81s 
667702     INFO  main            d.u.i.k.p.i.AbstractProblemLoader Replaying proof objectOfErroneousClass.key 
667705     DEBUG main            d.u.i.k.p.i.IntermediateProofReplayer Proof replay took 3.2ns 
682369     INFO  main            d.u.i.k.p.r.p.TestFile    ... finished proof: closed. 
683070     INFO  main            d.u.i.k.p.i.AbstractProblemLoader Loading environment from /home/runner/work/key/key/key.core/../key.ui/examples/standard_key/staticInitialisation/objectOfErroneousClass.key.proof 
683070     DEBUG main            d.u.i.k.p.i.AbstractProblemLoader Environment load took 160.5ns 
683074     INFO  main            d.u.i.k.p.i.AbstractProblemLoader Creating init config 
683097     WARN  main            d.u.i.k.j.r.KeYCrossReferenceNameInfo Datatype java.io.PrintStream declared twice: Once in FILE:/home/runner/work/key/key/key.core/../key.ui/examples/standard_key/staticInitialisation/classpath/PrintStream.java and once in URL:file:/home/runner/work/key/key/key.core/build/resources/main/de/uka/ilkd/key/java/JavaRedux/java/io/PrintStream.java, Keeping one from URL:file:/home/runner/work/key/key/key.core/build/resources/main/de/uka/ilkd/key/java/JavaRedux/java/io/PrintStream.java 
683097     WARN  main            d.u.i.k.j.r.KeYCrossReferenceNameInfo Datatype java.lang.System declared twice: Once in FILE:/home/runner/work/key/key/key.core/../key.ui/examples/standard_key/staticInitialisation/classpath/System.java and once in URL:file:/home/runner/work/key/key/key.core/build/resources/main/de/uka/ilkd/key/java/JavaRedux/java/lang/System.java, Keeping one from URL:file:/home/runner/work/key/key/key.core/build/resources/main/de/uka/ilkd/key/java/JavaRedux/java/lang/System.java 
685795     DEBUG main            d.u.i.k.p.i.AbstractProblemLoader Init config took 2.72s 
685812     INFO  main            d.u.i.k.p.i.AbstractProblemLoader Replaying proof objectOfErroneousClass.key.proof 
687490     DEBUG main            d.u.i.k.p.i.IntermediateProofReplayer Proof replay took 1.65s 
687495     DEBUG main            d.u.i.k.p.r.p.TestFile    ... success: reloaded. 
687496     INFO  main            d.u.i.k.p.r.p.TestFile    Now processing file /home/runner/work/key/key/key.core/../key.ui/examples/standard_key/staticInitialisation/staticInitialisersAreNonSimple.key 
687496     INFO  main            d.u.i.k.p.i.AbstractProblemLoader Loading environment from /home/runner/work/key/key/key.core/../key.ui/examples/standard_key/staticInitialisation/staticInitialisersAreNonSimple.key 
687496     DEBUG main            d.u.i.k.p.i.AbstractProblemLoader Environment load took 75.5ns 
687498     INFO  main            d.u.i.k.p.i.AbstractProblemLoader Creating init config 
687524     WARN  main            d.u.i.k.j.r.KeYCrossReferenceNameInfo Datatype java.io.PrintStream declared twice: Once in FILE:/home/runner/work/key/key/key.core/../key.ui/examples/standard_key/staticInitialisation/classpath/PrintStream.java and once in URL:file:/home/runner/work/key/key/key.core/build/resources/main/de/uka/ilkd/key/java/JavaRedux/java/io/PrintStream.java, Keeping one from URL:file:/home/runner/work/key/key/key.core/build/resources/main/de/uka/ilkd/key/java/JavaRedux/java/io/PrintStream.java 
687524     WARN  main            d.u.i.k.j.r.KeYCrossReferenceNameInfo Datatype java.lang.System declared twice: Once in FILE:/home/runner/work/key/key/key.core/../key.ui/examples/standard_key/staticInitialisation/classpath/System.java and once in URL:file:/home/runner/work/key/key/key.core/build/resources/main/de/uka/ilkd/key/java/JavaRedux/java/lang/System.java, Keeping one from URL:file:/home/runner/work/key/key/key.core/build/resources/main/de/uka/ilkd/key/java/JavaRedux/java/lang/System.java 
690364     DEBUG main            d.u.i.k.p.i.AbstractProblemLoader Init config took 2.87s 
690380     INFO  main            d.u.i.k.p.i.AbstractProblemLoader Replaying proof staticInitialisersAreNonSimple.key 
690382     DEBUG main            d.u.i.k.p.i.IntermediateProofReplayer Proof replay took 3.1ns 
690787     INFO  main            d.u.i.k.p.r.p.TestFile    ... finished proof: closed. 
691541     INFO  main            d.u.i.k.p.i.AbstractProblemLoader Loading environment from /home/runner/work/key/key/key.core/../key.ui/examples/standard_key/staticInitialisation/staticInitialisersAreNonSimple.key.proof 
691541     DEBUG main            d.u.i.k.p.i.AbstractProblemLoader Environment load took 103ns 
691544     INFO  main            d.u.i.k.p.i.AbstractProblemLoader Creating init config 
691568     WARN  main            d.u.i.k.j.r.KeYCrossReferenceNameInfo Datatype java.io.PrintStream declared twice: Once in FILE:/home/runner/work/key/key/key.core/../key.ui/examples/standard_key/staticInitialisation/classpath/PrintStream.java and once in URL:file:/home/runner/work/key/key/key.core/build/resources/main/de/uka/ilkd/key/java/JavaRedux/java/io/PrintStream.java, Keeping one from URL:file:/home/runner/work/key/key/key.core/build/resources/main/de/uka/ilkd/key/java/JavaRedux/java/io/PrintStream.java 
691569     WARN  main            d.u.i.k.j.r.KeYCrossReferenceNameInfo Datatype java.lang.System declared twice: Once in FILE:/home/runner/work/key/key/key.core/../key.ui/examples/standard_key/staticInitialisation/classpath/System.java and once in URL:file:/home/runner/work/key/key/key.core/build/resources/main/de/uka/ilkd/key/java/JavaRedux/java/lang/System.java, Keeping one from URL:file:/home/runner/work/key/key/key.core/build/resources/main/de/uka/ilkd/key/java/JavaRedux/java/lang/System.java 
694276     DEBUG main            d.u.i.k.p.i.AbstractProblemLoader Init config took 2.73s 
694293     INFO  main            d.u.i.k.p.i.AbstractProblemLoader Replaying proof staticInitialisersAreNonSimple.key.proof 
694358     DEBUG main            d.u.i.k.p.i.IntermediateProofReplayer Proof replay took 63.4ms 
694360     DEBUG main            d.u.i.k.p.r.p.TestFile    ... success: reloaded. 
694361     INFO  main            d.u.i.k.p.r.p.TestFile    Now processing file /home/runner/work/key/key/key.core/../key.ui/examples/standard_key/types/disjoint.key 
694361     INFO  main            d.u.i.k.p.i.AbstractProblemLoader Loading environment from /home/runner/work/key/key/key.core/../key.ui/examples/standard_key/types/disjoint.key 
694361     DEBUG main            d.u.i.k.p.i.AbstractProblemLoader Environment load took 97.9ns 
694362     INFO  main            d.u.i.k.p.i.AbstractProblemLoader Creating init config 
697065     DEBUG main            d.u.i.k.p.i.AbstractProblemLoader Init config took 2.7s 
697080     INFO  main            d.u.i.k.p.i.AbstractProblemLoader Replaying proof disjoint.key 
697081     DEBUG main            d.u.i.k.p.i.IntermediateProofReplayer Proof replay took 3.8ns 
697185     INFO  main            d.u.i.k.p.r.p.TestFile    ... finished proof: closed. 
697830     INFO  main            d.u.i.k.p.i.AbstractProblemLoader Loading environment from /home/runner/work/key/key/key.core/../key.ui/examples/standard_key/types/disjoint.key.proof 
697831     DEBUG main            d.u.i.k.p.i.AbstractProblemLoader Environment load took 90.1ns 
697832     INFO  main            d.u.i.k.p.i.AbstractProblemLoader Creating init config 
700433     DEBUG main            d.u.i.k.p.i.AbstractProblemLoader Init config took 2.6s 
700447     INFO  main            d.u.i.k.p.i.AbstractProblemLoader Replaying proof disjoint.key.proof 
700449     DEBUG main            d.u.i.k.p.i.IntermediateProofReplayer Proof replay took 308.31ns 
700450     DEBUG main            d.u.i.k.p.r.p.TestFile    ... success: reloaded. 
700450     INFO  main            d.u.i.k.p.r.p.TestFile    Now processing file /home/runner/work/key/key/key.core/../key.ui/examples/../../key.core/src/test/resources/testcase/classpath/classpath.key 
700450     INFO  main            d.u.i.k.p.i.AbstractProblemLoader Loading environment from /home/runner/work/key/key/key.core/../key.ui/examples/../../key.core/src/test/resources/testcase/classpath/classpath.key 
700450     DEBUG main            d.u.i.k.p.i.AbstractProblemLoader Environment load took 97.1ns 
700451     INFO  main            d.u.i.k.p.i.AbstractProblemLoader Creating init config 
700476     WARN  main            d.u.i.k.j.r.KeYCrossReferenceNameInfo Datatype cp.C declared twice: Once in FILE:/home/runner/work/key/key/key.core/../key.ui/examples/../../key.core/src/test/resources/testcase/classpath/classpath/C.class and once in FILE:/home/runner/work/key/key/key.core/../key.ui/examples/../../key.core/src/test/resources/testcase/classpath/classpath/C.jml, Keeping one from FILE:/home/runner/work/key/key/key.core/../key.ui/examples/../../key.core/src/test/resources/testcase/classpath/classpath/C.jml 
700480     DEBUG main            d.u.i.k.j.r.ClassFileDeclarationBuilder Parsing: package cp; public class Unresolved1 { } 
700480     DEBUG main            r.s.KeYCrossReferenceSourceInfo Dynamically created class: cp.Unresolved1 
700480     DEBUG main            d.u.i.k.j.r.ClassFileDeclarationBuilder Parsing: package cp; public class Unresolved2 { } 
700480     DEBUG main            r.s.KeYCrossReferenceSourceInfo Dynamically created class: cp.Unresolved2 
703291     DEBUG main            d.u.i.k.p.i.AbstractProblemLoader Init config took 2.84s 
703309     INFO  main            d.u.i.k.p.i.AbstractProblemLoader Replaying proof classpath.key 
703310     DEBUG main            d.u.i.k.p.i.IntermediateProofReplayer Proof replay took 3.7ns 
703412     INFO  main            d.u.i.k.p.r.p.TestFile    ... finished proof: closed. 
704071     INFO  main            d.u.i.k.p.i.AbstractProblemLoader Loading environment from /home/runner/work/key/key/key.core/../key.ui/examples/../../key.core/src/test/resources/testcase/classpath/classpath.key.proof 
704071     DEBUG main            d.u.i.k.p.i.AbstractProblemLoader Environment load took 90.5ns 
704072     INFO  main            d.u.i.k.p.i.AbstractProblemLoader Creating init config 
704106     WARN  main            d.u.i.k.j.r.KeYCrossReferenceNameInfo Datatype cp.C declared twice: Once in FILE:/home/runner/work/key/key/key.core/../key.ui/examples/../../key.core/src/test/resources/testcase/classpath/classpath/C.class and once in FILE:/home/runner/work/key/key/key.core/../key.ui/examples/../../key.core/src/test/resources/testcase/classpath/classpath/C.jml, Keeping one from FILE:/home/runner/work/key/key/key.core/../key.ui/examples/../../key.core/src/test/resources/testcase/classpath/classpath/C.jml 
704113     DEBUG main            d.u.i.k.j.r.ClassFileDeclarationBuilder Parsing: package cp; public class Unresolved1 { } 
704113     DEBUG main            r.s.KeYCrossReferenceSourceInfo Dynamically created class: cp.Unresolved1 
704114     DEBUG main            d.u.i.k.j.r.ClassFileDeclarationBuilder Parsing: package cp; public class Unresolved2 { } 
704114     DEBUG main            r.s.KeYCrossReferenceSourceInfo Dynamically created class: cp.Unresolved2 
706982     DEBUG main            d.u.i.k.p.i.AbstractProblemLoader Init config took 2.91s 
707000     INFO  main            d.u.i.k.p.i.AbstractProblemLoader Replaying proof classpath.key.proof 
707002     DEBUG main            d.u.i.k.p.i.IntermediateProofReplayer Proof replay took 509.42ns 
707003     DEBUG main            d.u.i.k.p.r.p.TestFile    ... success: reloaded. 
707004     INFO  main            d.u.i.k.p.r.p.TestFile    Now processing file /home/runner/work/key/key/key.core/../key.ui/examples/heap/inconsistent_represents/MyClass_m.key 
707004     INFO  main            d.u.i.k.p.i.AbstractProblemLoader Loading environment from /home/runner/work/key/key/key.core/../key.ui/examples/heap/inconsistent_represents/MyClass_m.key 
707004     DEBUG main            d.u.i.k.p.i.AbstractProblemLoader Environment load took 67.9ns 
707005     INFO  main            d.u.i.k.p.i.AbstractProblemLoader Creating init config 
709815     DEBUG main            d.u.i.k.p.i.AbstractProblemLoader Init config took 2.81s 
709856     INFO  main            d.u.i.k.p.i.AbstractProblemLoader Replaying proof MyClass[MyClass::m()].JML operation contract.0 
709857     DEBUG main            d.u.i.k.p.i.IntermediateProofReplayer Proof replay took 4ns 
709961     INFO  main            d.u.i.k.p.r.p.TestFile    ... finished proof: open goal(s) 
710611     INFO  main            d.u.i.k.p.r.p.TestFile    Now processing file /home/runner/work/key/key/key.core/../key.ui/examples/heap/inconsistent_represents/MyClass_n.key 
710612     INFO  main            d.u.i.k.p.i.AbstractProblemLoader Loading environment from /home/runner/work/key/key/key.core/../key.ui/examples/heap/inconsistent_represents/MyClass_n.key 
710612     DEBUG main            d.u.i.k.p.i.AbstractProblemLoader Environment load took 60.8ns 
710612     INFO  main            d.u.i.k.p.i.AbstractProblemLoader Creating init config 
713320     DEBUG main            d.u.i.k.p.i.AbstractProblemLoader Init config took 2.71s 
713359     INFO  main            d.u.i.k.p.i.AbstractProblemLoader Replaying proof MyClass[MyClass::n()].JML operation contract.0 
713360     DEBUG main            d.u.i.k.p.i.IntermediateProofReplayer Proof replay took 4ns 
713463     INFO  main            d.u.i.k.p.r.p.TestFile    ... finished proof: open goal(s) 
4114068    INFO  Test worker     d.u.i.k.p.r.RunAllProofsTestUnit Returning from test javadl 
4114075    INFO  Test worker     d.u.i.k.p.r.RunAllProofsTestUnit Running test FOL 
405        INFO  Timeout watchdog d.u.i.k.p.r.p.ForkedTestFileRunner Timeout watcher launched (2000 secs.) 
420        WARN  main            d.u.i.k.s.ProofSettings   The settings in /home/runner/.key/proof-settings.props are *not* read. 
469        INFO  main            d.u.i.k.p.r.p.TestFile    Now processing file /home/runner/work/key/key/key.core/../key.ui/examples/standard_key/pred_log/count.key 
631        INFO  main            d.u.i.k.p.i.AbstractProblemLoader Loading environment from /home/runner/work/key/key/key.core/../key.ui/examples/standard_key/pred_log/count.key 
650        DEBUG main            d.u.i.k.p.i.AbstractProblemLoader Environment load took 2.18ms 
962        INFO  main            d.u.i.k.p.i.AbstractProblemLoader Creating init config 
2112       DEBUG main            d.u.i.k.j.TypeConverter   No LDT found for Meta 
2113       DEBUG main            d.u.i.k.j.TypeConverter   No LDT found for Meta 
2117       DEBUG main            d.u.i.k.j.TypeConverter   No LDT found for Meta 
2117       DEBUG main            d.u.i.k.j.TypeConverter   No LDT found for Meta 
3998       DEBUG main            d.u.i.k.j.TypeConverter   No LDT found for JavaBigintExpression 
9888       DEBUG main            d.u.i.k.p.i.AbstractProblemLoader Init config took 8.93s 
9977       INFO  main            d.u.i.k.p.i.AbstractProblemLoader Replaying proof count.key 
10033      DEBUG main            d.u.i.k.p.i.IntermediateProofReplayer Proof replay took 57.2ns 
10311      INFO  main            d.u.i.k.p.r.p.TestFile    ... finished proof: closed. 
10429      INFO  main            d.u.i.k.p.i.AbstractProblemLoader Loading environment from /home/runner/work/key/key/key.core/../key.ui/examples/standard_key/pred_log/count.key.proof 
10430      DEBUG main            d.u.i.k.p.i.AbstractProblemLoader Environment load took 471.01ns 
10434      INFO  main            d.u.i.k.p.i.AbstractProblemLoader Creating init config 
13744      DEBUG main            d.u.i.k.p.i.AbstractProblemLoader Init config took 3.31s 
13783      INFO  main            d.u.i.k.p.i.AbstractProblemLoader Replaying proof count.key.proof 
13803      DEBUG main            d.u.i.k.p.i.IntermediateProofReplayer Proof replay took 10.52ms 
13821      DEBUG main            d.u.i.k.p.r.p.TestFile    ... success: reloaded. 
13823      INFO  main            d.u.i.k.p.r.p.TestFile    Now processing file /home/runner/work/key/key/key.core/../key.ui/examples/standard_key/pred_log/count2.key 
13823      INFO  main            d.u.i.k.p.i.AbstractProblemLoader Loading environment from /home/runner/work/key/key/key.core/../key.ui/examples/standard_key/pred_log/count2.key 
13823      DEBUG main            d.u.i.k.p.i.AbstractProblemLoader Environment load took 205.61ns 
13829      INFO  main            d.u.i.k.p.i.AbstractProblemLoader Creating init config 
16926      DEBUG main            d.u.i.k.p.i.AbstractProblemLoader Init config took 3.1s 
16967      INFO  main            d.u.i.k.p.i.AbstractProblemLoader Replaying proof count2.key 
16969      DEBUG main            d.u.i.k.p.i.IntermediateProofReplayer Proof replay took 7.8ns 
17076      INFO  main            d.u.i.k.p.r.p.TestFile    ... finished proof: closed. 
17221      INFO  main            d.u.i.k.p.i.AbstractProblemLoader Loading environment from /home/runner/work/key/key/key.core/../key.ui/examples/standard_key/pred_log/count2.key.proof 
17221      DEBUG main            d.u.i.k.p.i.AbstractProblemLoader Environment load took 330.61ns 
17223      INFO  main            d.u.i.k.p.i.AbstractProblemLoader Creating init config 
20185      DEBUG main            d.u.i.k.p.i.AbstractProblemLoader Init config took 2.96s 
20211      INFO  main            d.u.i.k.p.i.AbstractProblemLoader Replaying proof count2.key.proof 
20216      DEBUG main            d.u.i.k.p.i.IntermediateProofReplayer Proof replay took 2.5ms 
20217      DEBUG main            d.u.i.k.p.r.p.TestFile    ... success: reloaded. 
20218      INFO  main            d.u.i.k.p.r.p.TestFile    Now processing file /home/runner/work/key/key/key.core/../key.ui/examples/standard_key/pred_log/count3.key 
20219      INFO  main            d.u.i.k.p.i.AbstractProblemLoader Loading environment from /home/runner/work/key/key/key.core/../key.ui/examples/standard_key/pred_log/count3.key 
20219      DEBUG main            d.u.i.k.p.i.AbstractProblemLoader Environment load took 225.01ns 
20220      INFO  main            d.u.i.k.p.i.AbstractProblemLoader Creating init config 
23088      DEBUG main            d.u.i.k.p.i.AbstractProblemLoader Init config took 2.87s 
23112      INFO  main            d.u.i.k.p.i.AbstractProblemLoader Replaying proof count3.key 
23114      DEBUG main            d.u.i.k.p.i.IntermediateProofReplayer Proof replay took 7.1ns 
23217      INFO  main            d.u.i.k.p.r.p.TestFile    ... finished proof: closed. 
23372      INFO  main            d.u.i.k.p.i.AbstractProblemLoader Loading environment from /home/runner/work/key/key/key.core/../key.ui/examples/standard_key/pred_log/count3.key.proof 
23373      DEBUG main            d.u.i.k.p.i.AbstractProblemLoader Environment load took 430.71ns 
23374      INFO  main            d.u.i.k.p.i.AbstractProblemLoader Creating init config 
26183      DEBUG main            d.u.i.k.p.i.AbstractProblemLoader Init config took 2.81s 
26206      INFO  main            d.u.i.k.p.i.AbstractProblemLoader Replaying proof count3.key.proof 
26210      DEBUG main            d.u.i.k.p.i.IntermediateProofReplayer Proof replay took 2.27ms 
26211      DEBUG main            d.u.i.k.p.r.p.TestFile    ... success: reloaded. 
26212      INFO  main            d.u.i.k.p.r.p.TestFile    Now processing file /home/runner/work/key/key/key.core/../key.ui/examples/standard_key/pred_log/equalities.key 
26212      INFO  main            d.u.i.k.p.i.AbstractProblemLoader Loading environment from /home/runner/work/key/key/key.core/../key.ui/examples/standard_key/pred_log/equalities.key 
26213      DEBUG main            d.u.i.k.p.i.AbstractProblemLoader Environment load took 117.3ns 
26214      INFO  main            d.u.i.k.p.i.AbstractProblemLoader Creating init config 
29037      DEBUG main            d.u.i.k.p.i.AbstractProblemLoader Init config took 2.82s 
29059      INFO  main            d.u.i.k.p.i.AbstractProblemLoader Replaying proof equalities.key 
29060      DEBUG main            d.u.i.k.p.i.IntermediateProofReplayer Proof replay took 7.2ns 
29164      INFO  main            d.u.i.k.p.r.p.TestFile    ... finished proof: closed. 
29321      INFO  main            d.u.i.k.p.i.AbstractProblemLoader Loading environment from /home/runner/work/key/key/key.core/../key.ui/examples/standard_key/pred_log/equalities.key.proof 
29321      DEBUG main            d.u.i.k.p.i.AbstractProblemLoader Environment load took 140.4ns 
29323      INFO  main            d.u.i.k.p.i.AbstractProblemLoader Creating init config 
32157      DEBUG main            d.u.i.k.p.i.AbstractProblemLoader Init config took 2.83s 
32197      INFO  main            d.u.i.k.p.i.AbstractProblemLoader Replaying proof equalities.key.proof 
32203      DEBUG main            d.u.i.k.p.i.IntermediateProofReplayer Proof replay took 2.15ms 
32205      DEBUG main            d.u.i.k.p.r.p.TestFile    ... success: reloaded. 
32205      INFO  main            d.u.i.k.p.r.p.TestFile    Now processing file /home/runner/work/key/key/key.core/../key.ui/examples/standard_key/pred_log/equalities2.key 
32206      INFO  main            d.u.i.k.p.i.AbstractProblemLoader Loading environment from /home/runner/work/key/key/key.core/../key.ui/examples/standard_key/pred_log/equalities2.key 
32206      DEBUG main            d.u.i.k.p.i.AbstractProblemLoader Environment load took 245.41ns 
32208      INFO  main            d.u.i.k.p.i.AbstractProblemLoader Creating init config 
35099      DEBUG main            d.u.i.k.p.i.AbstractProblemLoader Init config took 2.89s 
35123      INFO  main            d.u.i.k.p.i.AbstractProblemLoader Replaying proof equalities2.key 
35125      DEBUG main            d.u.i.k.p.i.IntermediateProofReplayer Proof replay took 8.3ns 
35228      INFO  main            d.u.i.k.p.r.p.TestFile    ... finished proof: closed. 
35438      INFO  main            d.u.i.k.p.i.AbstractProblemLoader Loading environment from /home/runner/work/key/key/key.core/../key.ui/examples/standard_key/pred_log/equalities2.key.proof 
35438      DEBUG main            d.u.i.k.p.i.AbstractProblemLoader Environment load took 140.4ns 
35440      INFO  main            d.u.i.k.p.i.AbstractProblemLoader Creating init config 
38258      DEBUG main            d.u.i.k.p.i.AbstractProblemLoader Init config took 2.82s 
38281      INFO  main            d.u.i.k.p.i.AbstractProblemLoader Replaying proof equalities2.key.proof 
38287      DEBUG main            d.u.i.k.p.i.IntermediateProofReplayer Proof replay took 3.16ms 
38288      DEBUG main            d.u.i.k.p.r.p.TestFile    ... success: reloaded. 
38289      INFO  main            d.u.i.k.p.r.p.TestFile    Now processing file /home/runner/work/key/key/key.core/../key.ui/examples/standard_key/pred_log/equalities3.key 
38289      INFO  main            d.u.i.k.p.i.AbstractProblemLoader Loading environment from /home/runner/work/key/key/key.core/../key.ui/examples/standard_key/pred_log/equalities3.key 
38289      DEBUG main            d.u.i.k.p.i.AbstractProblemLoader Environment load took 220.41ns 
38291      INFO  main            d.u.i.k.p.i.AbstractProblemLoader Creating init config 
41144      DEBUG main            d.u.i.k.p.i.AbstractProblemLoader Init config took 2.85s 
41164      INFO  main            d.u.i.k.p.i.AbstractProblemLoader Replaying proof equalities3.key 
41166      DEBUG main            d.u.i.k.p.i.IntermediateProofReplayer Proof replay took 7.7ns 
41269      INFO  main            d.u.i.k.p.r.p.TestFile    ... finished proof: closed. 
41453      INFO  main            d.u.i.k.p.i.AbstractProblemLoader Loading environment from /home/runner/work/key/key/key.core/../key.ui/examples/standard_key/pred_log/equalities3.key.proof 
41453      DEBUG main            d.u.i.k.p.i.AbstractProblemLoader Environment load took 137.6ns 
41454      INFO  main            d.u.i.k.p.i.AbstractProblemLoader Creating init config 
44244      DEBUG main            d.u.i.k.p.i.AbstractProblemLoader Init config took 2.79s 
44287      INFO  main            d.u.i.k.p.i.AbstractProblemLoader Replaying proof equalities3.key.proof 
44295      DEBUG main            d.u.i.k.p.i.IntermediateProofReplayer Proof replay took 5.64ms 
44296      DEBUG main            d.u.i.k.p.r.p.TestFile    ... success: reloaded. 
44297      INFO  main            d.u.i.k.p.r.p.TestFile    Now processing file /home/runner/work/key/key/key.core/../key.ui/examples/standard_key/pred_log/functions.key 
44298      INFO  main            d.u.i.k.p.i.AbstractProblemLoader Loading environment from /home/runner/work/key/key/key.core/../key.ui/examples/standard_key/pred_log/functions.key 
44298      DEBUG main            d.u.i.k.p.i.AbstractProblemLoader Environment load took 208.81ns 
44299      INFO  main            d.u.i.k.p.i.AbstractProblemLoader Creating init config 
47107      DEBUG main            d.u.i.k.p.i.AbstractProblemLoader Init config took 2.81s 
47126      INFO  main            d.u.i.k.p.i.AbstractProblemLoader Replaying proof functions.key 
47128      DEBUG main            d.u.i.k.p.i.IntermediateProofReplayer Proof replay took 7.2ns 
47232      INFO  main            d.u.i.k.p.r.p.TestFile    ... finished proof: closed. 
47424      INFO  main            d.u.i.k.p.i.AbstractProblemLoader Loading environment from /home/runner/work/key/key/key.core/../key.ui/examples/standard_key/pred_log/functions.key.proof 
47424      DEBUG main            d.u.i.k.p.i.AbstractProblemLoader Environment load took 144.4ns 
47426      INFO  main            d.u.i.k.p.i.AbstractProblemLoader Creating init config 
50173      DEBUG main            d.u.i.k.p.i.AbstractProblemLoader Init config took 2.75s 
50191      INFO  main            d.u.i.k.p.i.AbstractProblemLoader Replaying proof functions.key.proof 
50195      DEBUG main            d.u.i.k.p.i.IntermediateProofReplayer Proof replay took 1.94ms 
50196      DEBUG main            d.u.i.k.p.r.p.TestFile    ... success: reloaded. 
50197      INFO  main            d.u.i.k.p.r.p.TestFile    Now processing file /home/runner/work/key/key/key.core/../key.ui/examples/standard_key/pred_log/mv1.key 
50197      INFO  main            d.u.i.k.p.i.AbstractProblemLoader Loading environment from /home/runner/work/key/key/key.core/../key.ui/examples/standard_key/pred_log/mv1.key 
50197      DEBUG main            d.u.i.k.p.i.AbstractProblemLoader Environment load took 88.3ns 
50198      INFO  main            d.u.i.k.p.i.AbstractProblemLoader Creating init config 
52973      DEBUG main            d.u.i.k.p.i.AbstractProblemLoader Init config took 2.77s 
52991      INFO  main            d.u.i.k.p.i.AbstractProblemLoader Replaying proof mv1.key 
52993      DEBUG main            d.u.i.k.p.i.IntermediateProofReplayer Proof replay took 23.9ns 
53095      INFO  main            d.u.i.k.p.r.p.TestFile    ... finished proof: closed. 
53328      INFO  main            d.u.i.k.p.i.AbstractProblemLoader Loading environment from /home/runner/work/key/key/key.core/../key.ui/examples/standard_key/pred_log/mv1.key.proof 
53328      DEBUG main            d.u.i.k.p.i.AbstractProblemLoader Environment load took 150.7ns 
53329      INFO  main            d.u.i.k.p.i.AbstractProblemLoader Creating init config 
56012      DEBUG main            d.u.i.k.p.i.AbstractProblemLoader Init config took 2.68s 
56030      INFO  main            d.u.i.k.p.i.AbstractProblemLoader Replaying proof mv1.key.proof 
56033      DEBUG main            d.u.i.k.p.i.IntermediateProofReplayer Proof replay took 870.83ns 
56034      DEBUG main            d.u.i.k.p.r.p.TestFile    ... success: reloaded. 
56035      INFO  main            d.u.i.k.p.r.p.TestFile    Now processing file /home/runner/work/key/key/key.core/../key.ui/examples/standard_key/pred_log/mv2.key 
56035      INFO  main            d.u.i.k.p.i.AbstractProblemLoader Loading environment from /home/runner/work/key/key/key.core/../key.ui/examples/standard_key/pred_log/mv2.key 
56036      DEBUG main            d.u.i.k.p.i.AbstractProblemLoader Environment load took 242.71ns 
56037      INFO  main            d.u.i.k.p.i.AbstractProblemLoader Creating init config 
58711      DEBUG main            d.u.i.k.p.i.AbstractProblemLoader Init config took 2.67s 
58728      INFO  main            d.u.i.k.p.i.AbstractProblemLoader Replaying proof mv2.key 
58730      DEBUG main            d.u.i.k.p.i.IntermediateProofReplayer Proof replay took 8ns 
58833      INFO  main            d.u.i.k.p.r.p.TestFile    ... finished proof: closed. 
59077      INFO  main            d.u.i.k.p.i.AbstractProblemLoader Loading environment from /home/runner/work/key/key/key.core/../key.ui/examples/standard_key/pred_log/mv2.key.proof 
59078      DEBUG main            d.u.i.k.p.i.AbstractProblemLoader Environment load took 130.7ns 
59080      INFO  main            d.u.i.k.p.i.AbstractProblemLoader Creating init config 
61735      DEBUG main            d.u.i.k.p.i.AbstractProblemLoader Init config took 2.66s 
61752      INFO  main            d.u.i.k.p.i.AbstractProblemLoader Replaying proof mv2.key.proof 
61756      DEBUG main            d.u.i.k.p.i.IntermediateProofReplayer Proof replay took 1.58ms 
61757      DEBUG main            d.u.i.k.p.r.p.TestFile    ... success: reloaded. 
61757      INFO  main            d.u.i.k.p.r.p.TestFile    Now processing file /home/runner/work/key/key/key.core/../key.ui/examples/standard_key/pred_log/quantifiers.key 
61758      INFO  main            d.u.i.k.p.i.AbstractProblemLoader Loading environment from /home/runner/work/key/key/key.core/../key.ui/examples/standard_key/pred_log/quantifiers.key 
61758      DEBUG main            d.u.i.k.p.i.AbstractProblemLoader Environment load took 108.9ns 
61759      INFO  main            d.u.i.k.p.i.AbstractProblemLoader Creating init config 
64486      DEBUG main            d.u.i.k.p.i.AbstractProblemLoader Init config took 2.73s 
64502      INFO  main            d.u.i.k.p.i.AbstractProblemLoader Replaying proof quantifiers.key 
64504      DEBUG main            d.u.i.k.p.i.IntermediateProofReplayer Proof replay took 7.9ns 
64608      INFO  main            d.u.i.k.p.r.p.TestFile    ... finished proof: closed. 
64812      INFO  main            d.u.i.k.p.i.AbstractProblemLoader Loading environment from /home/runner/work/key/key/key.core/../key.ui/examples/standard_key/pred_log/quantifiers.key.proof 
64812      DEBUG main            d.u.i.k.p.i.AbstractProblemLoader Environment load took 128.1ns 
64813      INFO  main            d.u.i.k.p.i.AbstractProblemLoader Creating init config 
67485      DEBUG main            d.u.i.k.p.i.AbstractProblemLoader Init config took 2.67s 
67502      INFO  main            d.u.i.k.p.i.AbstractProblemLoader Replaying proof quantifiers.key.proof 
67515      DEBUG main            d.u.i.k.p.i.IntermediateProofReplayer Proof replay took 7.08ms 
67516      DEBUG main            d.u.i.k.p.r.p.TestFile    ... success: reloaded. 
67517      INFO  main            d.u.i.k.p.r.p.TestFile    Now processing file /home/runner/work/key/key/key.core/../key.ui/examples/standard_key/pred_log/simpleEps.key 
67517      INFO  main            d.u.i.k.p.i.AbstractProblemLoader Loading environment from /home/runner/work/key/key/key.core/../key.ui/examples/standard_key/pred_log/simpleEps.key 
67517      DEBUG main            d.u.i.k.p.i.AbstractProblemLoader Environment load took 110.4ns 
67519      INFO  main            d.u.i.k.p.i.AbstractProblemLoader Creating init config 
70236      DEBUG main            d.u.i.k.p.i.AbstractProblemLoader Init config took 2.72s 
70253      INFO  main            d.u.i.k.p.i.AbstractProblemLoader Replaying proof simpleEps.key 
70255      DEBUG main            d.u.i.k.p.i.IntermediateProofReplayer Proof replay took 8.7ns 
70357      INFO  main            d.u.i.k.p.r.p.TestFile    ... finished proof: closed. 
70559      INFO  main            d.u.i.k.p.i.AbstractProblemLoader Loading environment from /home/runner/work/key/key/key.core/../key.ui/examples/standard_key/pred_log/simpleEps.key.proof 
70560      DEBUG main            d.u.i.k.p.i.AbstractProblemLoader Environment load took 133.1ns 
70561      INFO  main            d.u.i.k.p.i.AbstractProblemLoader Creating init config 
73235      DEBUG main            d.u.i.k.p.i.AbstractProblemLoader Init config took 2.67s 
73252      INFO  main            d.u.i.k.p.i.AbstractProblemLoader Replaying proof simpleEps.key.proof 
73255      DEBUG main            d.u.i.k.p.i.IntermediateProofReplayer Proof replay took 1.21ms 
73256      DEBUG main            d.u.i.k.p.r.p.TestFile    ... success: reloaded. 
73257      INFO  main            d.u.i.k.p.r.p.TestFile    Now processing file /home/runner/work/key/key/key.core/../key.ui/examples/standard_key/pred_log/steam1.key 
73257      INFO  main            d.u.i.k.p.i.AbstractProblemLoader Loading environment from /home/runner/work/key/key/key.core/../key.ui/examples/standard_key/pred_log/steam1.key 
73257      DEBUG main            d.u.i.k.p.i.AbstractProblemLoader Environment load took 204.91ns 
73260      INFO  main            d.u.i.k.p.i.AbstractProblemLoader Creating init config 
76010      DEBUG main            d.u.i.k.p.i.AbstractProblemLoader Init config took 2.75s 
76033      INFO  main            d.u.i.k.p.i.AbstractProblemLoader Replaying proof steam1.key 
76035      DEBUG main            d.u.i.k.p.i.IntermediateProofReplayer Proof replay took 7.6ns 
76442      INFO  main            d.u.i.k.p.r.p.TestFile    ... finished proof: closed. 
76665      INFO  main            d.u.i.k.p.i.AbstractProblemLoader Loading environment from /home/runner/work/key/key/key.core/../key.ui/examples/standard_key/pred_log/steam1.key.proof 
76666      DEBUG main            d.u.i.k.p.i.AbstractProblemLoader Environment load took 149.8ns 
76668      INFO  main            d.u.i.k.p.i.AbstractProblemLoader Creating init config 
79340      DEBUG main            d.u.i.k.p.i.AbstractProblemLoader Init config took 2.67s 
79365      INFO  main            d.u.i.k.p.i.AbstractProblemLoader Replaying proof steam1.key.proof 
79387      DEBUG main            d.u.i.k.p.i.IntermediateProofReplayer Proof replay took 18.67ms 
79389      DEBUG main            d.u.i.k.p.r.p.TestFile    ... success: reloaded. 
79390      INFO  main            d.u.i.k.p.r.p.TestFile    Now processing file /home/runner/work/key/key/key.core/../key.ui/examples/standard_key/pred_log/tptp/PUZ/PUZ001p1.key 
79391      INFO  main            d.u.i.k.p.i.AbstractProblemLoader Loading environment from /home/runner/work/key/key/key.core/../key.ui/examples/standard_key/pred_log/tptp/PUZ/PUZ001p1.key 
79391      DEBUG main            d.u.i.k.p.i.AbstractProblemLoader Environment load took 217.41ns 
79393      INFO  main            d.u.i.k.p.i.AbstractProblemLoader Creating init config 
82135      DEBUG main            d.u.i.k.p.i.AbstractProblemLoader Init config took 2.74s 
82158      INFO  main            d.u.i.k.p.i.AbstractProblemLoader Replaying proof PUZ001p1.key 
82160      DEBUG main            d.u.i.k.p.i.IntermediateProofReplayer Proof replay took 8ns 
85684      INFO  main            d.u.i.k.p.r.p.TestFile    ... finished proof: closed. 
85946      INFO  main            d.u.i.k.p.i.AbstractProblemLoader Loading environment from /home/runner/work/key/key/key.core/../key.ui/examples/standard_key/pred_log/tptp/PUZ/PUZ001p1.key.proof 
85946      DEBUG main            d.u.i.k.p.i.AbstractProblemLoader Environment load took 218.01ns 
85948      INFO  main            d.u.i.k.p.i.AbstractProblemLoader Creating init config 
88630      DEBUG main            d.u.i.k.p.i.AbstractProblemLoader Init config took 2.68s 
88661      INFO  main            d.u.i.k.p.i.AbstractProblemLoader Replaying proof PUZ001p1.key.proof 
88778      DEBUG main            d.u.i.k.p.i.IntermediateProofReplayer Proof replay took 109.2ms 
88780      DEBUG main            d.u.i.k.p.r.p.TestFile    ... success: reloaded. 
88781      INFO  main            d.u.i.k.p.r.p.TestFile    Now processing file /home/runner/work/key/key/key.core/../key.ui/examples/standard_key/pred_log/tptp/PUZ/PUZ001p1-eq.key 
88781      INFO  main            d.u.i.k.p.i.AbstractProblemLoader Loading environment from /home/runner/work/key/key/key.core/../key.ui/examples/standard_key/pred_log/tptp/PUZ/PUZ001p1-eq.key 
88781      DEBUG main            d.u.i.k.p.i.AbstractProblemLoader Environment load took 210.91ns 
88783      INFO  main            d.u.i.k.p.i.AbstractProblemLoader Creating init config 
91509      DEBUG main            d.u.i.k.p.i.AbstractProblemLoader Init config took 2.73s 
91525      INFO  main            d.u.i.k.p.i.AbstractProblemLoader Replaying proof PUZ001p1-eq.key 
91527      DEBUG main            d.u.i.k.p.i.IntermediateProofReplayer Proof replay took 8.9ns 
91630      INFO  main            d.u.i.k.p.r.p.TestFile    ... finished proof: closed. 
91918      INFO  main            d.u.i.k.p.i.AbstractProblemLoader Loading environment from /home/runner/work/key/key/key.core/../key.ui/examples/standard_key/pred_log/tptp/PUZ/PUZ001p1-eq.key.proof 
91918      DEBUG main            d.u.i.k.p.i.AbstractProblemLoader Environment load took 571.92ns 
91920      INFO  main            d.u.i.k.p.i.AbstractProblemLoader Creating init config 
94604      DEBUG main            d.u.i.k.p.i.AbstractProblemLoader Init config took 2.68s 
94630      INFO  main            d.u.i.k.p.i.AbstractProblemLoader Replaying proof PUZ001p1-eq.key.proof 
94647      DEBUG main            d.u.i.k.p.i.IntermediateProofReplayer Proof replay took 14.6ms 
94649      DEBUG main            d.u.i.k.p.r.p.TestFile    ... success: reloaded. 
94650      INFO  main            d.u.i.k.p.r.p.TestFile    Now processing file /home/runner/work/key/key/key.core/../key.ui/examples/standard_key/pred_log/tptp/PUZ/PUZ031p1.key 
94650      INFO  main            d.u.i.k.p.i.AbstractProblemLoader Loading environment from /home/runner/work/key/key/key.core/../key.ui/examples/standard_key/pred_log/tptp/PUZ/PUZ031p1.key 
94651      DEBUG main            d.u.i.k.p.i.AbstractProblemLoader Environment load took 131.8ns 
94652      INFO  main            d.u.i.k.p.i.AbstractProblemLoader Creating init config 
97418      DEBUG main            d.u.i.k.p.i.AbstractProblemLoader Init config took 2.77s 
97435      INFO  main            d.u.i.k.p.i.AbstractProblemLoader Replaying proof PUZ031p1.key 
97437      DEBUG main            d.u.i.k.p.i.IntermediateProofReplayer Proof replay took 9.1ns 
107321     INFO  main            d.u.i.k.p.r.p.TestFile    ... finished proof: closed. 
107602     INFO  main            d.u.i.k.p.i.AbstractProblemLoader Loading environment from /home/runner/work/key/key/key.core/../key.ui/examples/standard_key/pred_log/tptp/PUZ/PUZ031p1.key.proof 
107604     DEBUG main            d.u.i.k.p.i.AbstractProblemLoader Environment load took 2.95ms 
107608     INFO  main            d.u.i.k.p.i.AbstractProblemLoader Creating init config 
110307     DEBUG main            d.u.i.k.p.i.AbstractProblemLoader Init config took 2.7s 
110325     INFO  main            d.u.i.k.p.i.AbstractProblemLoader Replaying proof PUZ031p1.key.proof 
110402     DEBUG main            d.u.i.k.p.i.IntermediateProofReplayer Proof replay took 71.49ms 
110404     DEBUG main            d.u.i.k.p.r.p.TestFile    ... success: reloaded. 
110404     INFO  main            d.u.i.k.p.r.p.TestFile    Now processing file /home/runner/work/key/key/key.core/../key.ui/examples/standard_key/pred_log/tptp/SET/SET027p3.key 
110405     INFO  main            d.u.i.k.p.i.AbstractProblemLoader Loading environment from /home/runner/work/key/key/key.core/../key.ui/examples/standard_key/pred_log/tptp/SET/SET027p3.key 
110405     DEBUG main            d.u.i.k.p.i.AbstractProblemLoader Environment load took 215.71ns 
110406     INFO  main            d.u.i.k.p.i.AbstractProblemLoader Creating init config 
113204     DEBUG main            d.u.i.k.p.i.AbstractProblemLoader Init config took 2.8s 
113221     INFO  main            d.u.i.k.p.i.AbstractProblemLoader Replaying proof SET027p3.key 
113222     DEBUG main            d.u.i.k.p.i.IntermediateProofReplayer Proof replay took 9.3ns 
113329     INFO  main            d.u.i.k.p.r.p.TestFile    ... finished proof: closed. 
113593     INFO  main            d.u.i.k.p.i.AbstractProblemLoader Loading environment from /home/runner/work/key/key/key.core/../key.ui/examples/standard_key/pred_log/tptp/SET/SET027p3.key.proof 
113593     DEBUG main            d.u.i.k.p.i.AbstractProblemLoader Environment load took 143.9ns 
113594     INFO  main            d.u.i.k.p.i.AbstractProblemLoader Creating init config 
116275     DEBUG main            d.u.i.k.p.i.AbstractProblemLoader Init config took 2.68s 
116291     INFO  main            d.u.i.k.p.i.AbstractProblemLoader Replaying proof SET027p3.key.proof 
116297     DEBUG main            d.u.i.k.p.i.IntermediateProofReplayer Proof replay took 3.78ms 
116298     DEBUG main            d.u.i.k.p.r.p.TestFile    ... success: reloaded. 
116299     INFO  main            d.u.i.k.p.r.p.TestFile    Now processing file /home/runner/work/key/key/key.core/../key.ui/examples/standard_key/pred_log/tptp/SET/SET043p1.key 
116300     INFO  main            d.u.i.k.p.i.AbstractProblemLoader Loading environment from /home/runner/work/key/key/key.core/../key.ui/examples/standard_key/pred_log/tptp/SET/SET043p1.key 
116300     DEBUG main            d.u.i.k.p.i.AbstractProblemLoader Environment load took 217.91ns 
116301     INFO  main            d.u.i.k.p.i.AbstractProblemLoader Creating init config 
118999     DEBUG main            d.u.i.k.p.i.AbstractProblemLoader Init config took 2.7s 
119015     INFO  main            d.u.i.k.p.i.AbstractProblemLoader Replaying proof SET043p1.key 
119017     DEBUG main            d.u.i.k.p.i.IntermediateProofReplayer Proof replay took 9.4ns 
119120     INFO  main            d.u.i.k.p.r.p.TestFile    ... finished proof: closed. 
119371     INFO  main            d.u.i.k.p.i.AbstractProblemLoader Loading environment from /home/runner/work/key/key/key.core/../key.ui/examples/standard_key/pred_log/tptp/SET/SET043p1.key.proof 
119372     DEBUG main            d.u.i.k.p.i.AbstractProblemLoader Environment load took 240.81ns 
119373     INFO  main            d.u.i.k.p.i.AbstractProblemLoader Creating init config 
122104     DEBUG main            d.u.i.k.p.i.AbstractProblemLoader Init config took 2.73s 
122120     INFO  main            d.u.i.k.p.i.AbstractProblemLoader Replaying proof SET043p1.key.proof 
122128     DEBUG main            d.u.i.k.p.i.IntermediateProofReplayer Proof replay took 2.04ms 
122130     DEBUG main            d.u.i.k.p.r.p.TestFile    ... success: reloaded. 
122131     INFO  main            d.u.i.k.p.r.p.TestFile    Now processing file /home/runner/work/key/key/key.core/../key.ui/examples/standard_key/pred_log/tptp/SET/SET045p1.key 
122131     INFO  main            d.u.i.k.p.i.AbstractProblemLoader Loading environment from /home/runner/work/key/key/key.core/../key.ui/examples/standard_key/pred_log/tptp/SET/SET045p1.key 
122131     DEBUG main            d.u.i.k.p.i.AbstractProblemLoader Environment load took 111ns 
122132     INFO  main            d.u.i.k.p.i.AbstractProblemLoader Creating init config 
124847     DEBUG main            d.u.i.k.p.i.AbstractProblemLoader Init config took 2.71s 
124862     INFO  main            d.u.i.k.p.i.AbstractProblemLoader Replaying proof SET045p1.key 
124863     DEBUG main            d.u.i.k.p.i.IntermediateProofReplayer Proof replay took 9ns 
124965     INFO  main            d.u.i.k.p.r.p.TestFile    ... finished proof: closed. 
125225     INFO  main            d.u.i.k.p.i.AbstractProblemLoader Loading environment from /home/runner/work/key/key/key.core/../key.ui/examples/standard_key/pred_log/tptp/SET/SET045p1.key.proof 
125225     DEBUG main            d.u.i.k.p.i.AbstractProblemLoader Environment load took 120ns 
125226     INFO  main            d.u.i.k.p.i.AbstractProblemLoader Creating init config 
127894     DEBUG main            d.u.i.k.p.i.AbstractProblemLoader Init config took 2.67s 
127910     INFO  main            d.u.i.k.p.i.AbstractProblemLoader Replaying proof SET045p1.key.proof 
127915     DEBUG main            d.u.i.k.p.i.IntermediateProofReplayer Proof replay took 3.16ms 
127916     DEBUG main            d.u.i.k.p.r.p.TestFile    ... success: reloaded. 
127917     INFO  main            d.u.i.k.p.r.p.TestFile    Now processing file /home/runner/work/key/key/key.core/../key.ui/examples/standard_key/pred_log/tptp/SET/SET062p3.key 
127917     INFO  main            d.u.i.k.p.i.AbstractProblemLoader Loading environment from /home/runner/work/key/key/key.core/../key.ui/examples/standard_key/pred_log/tptp/SET/SET062p3.key 
127917     DEBUG main            d.u.i.k.p.i.AbstractProblemLoader Environment load took 107.3ns 
127918     INFO  main            d.u.i.k.p.i.AbstractProblemLoader Creating init config 
130622     DEBUG main            d.u.i.k.p.i.AbstractProblemLoader Init config took 2.7s 
130660     INFO  main            d.u.i.k.p.i.AbstractProblemLoader Replaying proof SET062p3.key 
130661     DEBUG main            d.u.i.k.p.i.IntermediateProofReplayer Proof replay took 9.4ns 
130766     INFO  main            d.u.i.k.p.r.p.TestFile    ... finished proof: closed. 
131028     INFO  main            d.u.i.k.p.i.AbstractProblemLoader Loading environment from /home/runner/work/key/key/key.core/../key.ui/examples/standard_key/pred_log/tptp/SET/SET062p3.key.proof 
131028     DEBUG main            d.u.i.k.p.i.AbstractProblemLoader Environment load took 116.2ns 
131030     INFO  main            d.u.i.k.p.i.AbstractProblemLoader Creating init config 
133661     DEBUG main            d.u.i.k.p.i.AbstractProblemLoader Init config took 2.63s 
133679     INFO  main            d.u.i.k.p.i.AbstractProblemLoader Replaying proof SET062p3.key.proof 
133683     DEBUG main            d.u.i.k.p.i.IntermediateProofReplayer Proof replay took 2.77ms 
133684     DEBUG main            d.u.i.k.p.r.p.TestFile    ... success: reloaded. 
133685     INFO  main            d.u.i.k.p.r.p.TestFile    Now processing file /home/runner/work/key/key/key.core/../key.ui/examples/standard_key/pred_log/tptp/SET/SET063p3.key 
133685     INFO  main            d.u.i.k.p.i.AbstractProblemLoader Loading environment from /home/runner/work/key/key/key.core/../key.ui/examples/standard_key/pred_log/tptp/SET/SET063p3.key 
133685     DEBUG main            d.u.i.k.p.i.AbstractProblemLoader Environment load took 108.5ns 
133687     INFO  main            d.u.i.k.p.i.AbstractProblemLoader Creating init config 
136494     DEBUG main            d.u.i.k.p.i.AbstractProblemLoader Init config took 2.81s 
136510     INFO  main            d.u.i.k.p.i.AbstractProblemLoader Replaying proof SET063p3.key 
136512     DEBUG main            d.u.i.k.p.i.IntermediateProofReplayer Proof replay took 9.1ns 
136614     INFO  main            d.u.i.k.p.r.p.TestFile    ... finished proof: closed. 
136941     INFO  main            d.u.i.k.p.i.AbstractProblemLoader Loading environment from /home/runner/work/key/key/key.core/../key.ui/examples/standard_key/pred_log/tptp/SET/SET063p3.key.proof 
136941     DEBUG main            d.u.i.k.p.i.AbstractProblemLoader Environment load took 127.2ns 
136943     INFO  main            d.u.i.k.p.i.AbstractProblemLoader Creating init config 
139639     DEBUG main            d.u.i.k.p.i.AbstractProblemLoader Init config took 2.7s 
139655     INFO  main            d.u.i.k.p.i.AbstractProblemLoader Replaying proof SET063p3.key.proof 
139660     DEBUG main            d.u.i.k.p.i.IntermediateProofReplayer Proof replay took 3.03ms 
139662     DEBUG main            d.u.i.k.p.r.p.TestFile    ... success: reloaded. 
139662     INFO  main            d.u.i.k.p.r.p.TestFile    Now processing file /home/runner/work/key/key/key.core/../key.ui/examples/standard_key/pred_log/tptp/SYN/SYN036p2.key 
139663     INFO  main            d.u.i.k.p.i.AbstractProblemLoader Loading environment from /home/runner/work/key/key/key.core/../key.ui/examples/standard_key/pred_log/tptp/SYN/SYN036p2.key 
139663     DEBUG main            d.u.i.k.p.i.AbstractProblemLoader Environment load took 204.51ns 
139664     INFO  main            d.u.i.k.p.i.AbstractProblemLoader Creating init config 
142465     DEBUG main            d.u.i.k.p.i.AbstractProblemLoader Init config took 2.8s 
142481     INFO  main            d.u.i.k.p.i.AbstractProblemLoader Replaying proof SYN036p2.key 
142483     DEBUG main            d.u.i.k.p.i.IntermediateProofReplayer Proof replay took 8.2ns 
142791     INFO  main            d.u.i.k.p.r.p.TestFile    ... finished proof: closed. 
143097     INFO  main            d.u.i.k.p.i.AbstractProblemLoader Loading environment from /home/runner/work/key/key/key.core/../key.ui/examples/standard_key/pred_log/tptp/SYN/SYN036p2.key.proof 
143097     DEBUG main            d.u.i.k.p.i.AbstractProblemLoader Environment load took 427.71ns 
143099     INFO  main            d.u.i.k.p.i.AbstractProblemLoader Creating init config 
145769     DEBUG main            d.u.i.k.p.i.AbstractProblemLoader Init config took 2.67s 
145785     INFO  main            d.u.i.k.p.i.AbstractProblemLoader Replaying proof SYN036p2.key.proof 
145852     DEBUG main            d.u.i.k.p.i.IntermediateProofReplayer Proof replay took 59.52ms 
145854     DEBUG main            d.u.i.k.p.r.p.TestFile    ... success: reloaded. 
145855     INFO  main            d.u.i.k.p.r.p.TestFile    Now processing file /home/runner/work/key/key/key.core/../key.ui/examples/standard_key/pred_log/tptp/SYN/SYN550p1.key 
145855     INFO  main            d.u.i.k.p.i.AbstractProblemLoader Loading environment from /home/runner/work/key/key/key.core/../key.ui/examples/standard_key/pred_log/tptp/SYN/SYN550p1.key 
145855     DEBUG main            d.u.i.k.p.i.AbstractProblemLoader Environment load took 204.01ns 
145857     INFO  main            d.u.i.k.p.i.AbstractProblemLoader Creating init config 
148602     DEBUG main            d.u.i.k.p.i.AbstractProblemLoader Init config took 2.75s 
148618     INFO  main            d.u.i.k.p.i.AbstractProblemLoader Replaying proof SYN550p1.key 
148620     DEBUG main            d.u.i.k.p.i.IntermediateProofReplayer Proof replay took 9.3ns 
152171     INFO  main            d.u.i.k.p.r.p.TestFile    ... finished proof: closed. 
152492     INFO  main            d.u.i.k.p.i.AbstractProblemLoader Loading environment from /home/runner/work/key/key/key.core/../key.ui/examples/standard_key/pred_log/tptp/SYN/SYN550p1.key.proof 
152492     DEBUG main            d.u.i.k.p.i.AbstractProblemLoader Environment load took 396.31ns 
152494     INFO  main            d.u.i.k.p.i.AbstractProblemLoader Creating init config 
155211     DEBUG main            d.u.i.k.p.i.AbstractProblemLoader Init config took 2.72s 
155227     INFO  main            d.u.i.k.p.i.AbstractProblemLoader Replaying proof SYN550p1.key.proof 
155320     DEBUG main            d.u.i.k.p.i.IntermediateProofReplayer Proof replay took 86.93ms 
155321     DEBUG main            d.u.i.k.p.r.p.TestFile    ... success: reloaded. 
155322     INFO  main            d.u.i.k.p.r.p.TestFile    Now processing file /home/runner/work/key/key/key.core/../key.ui/examples/standard_key/prop_log/reallySimple.key 
155322     INFO  main            d.u.i.k.p.i.AbstractProblemLoader Loading environment from /home/runner/work/key/key/key.core/../key.ui/examples/standard_key/prop_log/reallySimple.key 
155322     DEBUG main            d.u.i.k.p.i.AbstractProblemLoader Environment load took 93.5ns 
155323     INFO  main            d.u.i.k.p.i.AbstractProblemLoader Creating init config 
158020     DEBUG main            d.u.i.k.p.i.AbstractProblemLoader Init config took 2.7s 
158036     INFO  main            d.u.i.k.p.i.AbstractProblemLoader Replaying proof reallySimple.key 
158037     DEBUG main            d.u.i.k.p.i.IntermediateProofReplayer Proof replay took 7.6ns 
158140     INFO  main            d.u.i.k.p.r.p.TestFile    ... finished proof: open goal(s) 
158457     INFO  main            d.u.i.k.p.r.p.TestFile    Now processing file /home/runner/work/key/key/key.core/../key.ui/examples/standard_key/pred_log/sameName1.key 
158457     INFO  main            d.u.i.k.p.i.AbstractProblemLoader Loading environment from /home/runner/work/key/key/key.core/../key.ui/examples/standard_key/pred_log/sameName1.key 
158457     DEBUG main            d.u.i.k.p.i.AbstractProblemLoader Environment load took 69.3ns 
158458     INFO  main            d.u.i.k.p.i.AbstractProblemLoader Creating init config 
161089     DEBUG main            d.u.i.k.p.i.AbstractProblemLoader Init config took 2.63s 
161105     INFO  main            d.u.i.k.p.i.AbstractProblemLoader Replaying proof sameName1.key 
161106     DEBUG main            d.u.i.k.p.i.IntermediateProofReplayer Proof replay took 7.9ns 
161212     INFO  main            d.u.i.k.p.r.p.TestFile    ... finished proof: open goal(s) 
161529     INFO  main            d.u.i.k.p.r.p.TestFile    Now processing file /home/runner/work/key/key/key.core/../key.ui/examples/standard_key/pred_log/jbyteIfEx.key 
161529     INFO  main            d.u.i.k.p.i.AbstractProblemLoader Loading environment from /home/runner/work/key/key/key.core/../key.ui/examples/standard_key/pred_log/jbyteIfEx.key 
161529     DEBUG main            d.u.i.k.p.i.AbstractProblemLoader Environment load took 66.9ns 
161530     INFO  main            d.u.i.k.p.i.AbstractProblemLoader Creating init config 
164215     DEBUG main            d.u.i.k.p.i.AbstractProblemLoader Init config took 2.68s 
164231     INFO  main            d.u.i.k.p.i.AbstractProblemLoader Replaying proof jbyteIfEx.key 
164232     DEBUG main            d.u.i.k.p.i.IntermediateProofReplayer Proof replay took 8.6ns 
164336     INFO  main            d.u.i.k.p.r.p.TestFile    ... finished proof: closed. 
164618     INFO  main            d.u.i.k.p.i.AbstractProblemLoader Loading environment from /home/runner/work/key/key/key.core/../key.ui/examples/standard_key/pred_log/jbyteIfEx.key.proof 
164618     DEBUG main            d.u.i.k.p.i.AbstractProblemLoader Environment load took 117.4ns 
164620     INFO  main            d.u.i.k.p.i.AbstractProblemLoader Creating init config 
167243     DEBUG main            d.u.i.k.p.i.AbstractProblemLoader Init config took 2.62s 
167271     INFO  main            d.u.i.k.p.i.AbstractProblemLoader Replaying proof jbyteIfEx.key.proof 
167276     DEBUG main            d.u.i.k.p.i.IntermediateProofReplayer Proof replay took 3.29ms 
167277     DEBUG main            d.u.i.k.p.r.p.TestFile    ... success: reloaded. 
167278     INFO  main            d.u.i.k.p.r.p.TestFile    Now processing file /home/runner/work/key/key/key.core/../key.ui/examples/standard_key/prop_log/allClausesLength4.key 
167278     INFO  main            d.u.i.k.p.i.AbstractProblemLoader Loading environment from /home/runner/work/key/key/key.core/../key.ui/examples/standard_key/prop_log/allClausesLength4.key 
167278     DEBUG main            d.u.i.k.p.i.AbstractProblemLoader Environment load took 101.7ns 
167279     INFO  main            d.u.i.k.p.i.AbstractProblemLoader Creating init config 
169986     DEBUG main            d.u.i.k.p.i.AbstractProblemLoader Init config took 2.71s 
170002     INFO  main            d.u.i.k.p.i.AbstractProblemLoader Replaying proof allClausesLength4.key 
170003     DEBUG main            d.u.i.k.p.i.IntermediateProofReplayer Proof replay took 7.9ns 
170107     INFO  main            d.u.i.k.p.r.p.TestFile    ... finished proof: closed. 
170420     INFO  main            d.u.i.k.p.i.AbstractProblemLoader Loading environment from /home/runner/work/key/key/key.core/../key.ui/examples/standard_key/prop_log/allClausesLength4.key.proof 
170421     DEBUG main            d.u.i.k.p.i.AbstractProblemLoader Environment load took 128.5ns 
170422     INFO  main            d.u.i.k.p.i.AbstractProblemLoader Creating init config 
173049     DEBUG main            d.u.i.k.p.i.AbstractProblemLoader Init config took 2.63s 
173066     INFO  main            d.u.i.k.p.i.AbstractProblemLoader Replaying proof allClausesLength4.key.proof 
173085     DEBUG main            d.u.i.k.p.i.IntermediateProofReplayer Proof replay took 15.59ms 
173087     DEBUG main            d.u.i.k.p.r.p.TestFile    ... success: reloaded. 
173088     INFO  main            d.u.i.k.p.r.p.TestFile    Now processing file /home/runner/work/key/key/key.core/../key.ui/examples/standard_key/prop_log/allClausesLength5.key 
173088     INFO  main            d.u.i.k.p.i.AbstractProblemLoader Loading environment from /home/runner/work/key/key/key.core/../key.ui/examples/standard_key/prop_log/allClausesLength5.key 
173088     DEBUG main            d.u.i.k.p.i.AbstractProblemLoader Environment load took 234.51ns 
173090     INFO  main            d.u.i.k.p.i.AbstractProblemLoader Creating init config 
175839     DEBUG main            d.u.i.k.p.i.AbstractProblemLoader Init config took 2.75s 
175856     INFO  main            d.u.i.k.p.i.AbstractProblemLoader Replaying proof allClausesLength5.key 
175857     DEBUG main            d.u.i.k.p.i.IntermediateProofReplayer Proof replay took 7.6ns 
176162     INFO  main            d.u.i.k.p.r.p.TestFile    ... finished proof: closed. 
176514     INFO  main            d.u.i.k.p.i.AbstractProblemLoader Loading environment from /home/runner/work/key/key/key.core/../key.ui/examples/standard_key/prop_log/allClausesLength5.key.proof 
176515     DEBUG main            d.u.i.k.p.i.AbstractProblemLoader Environment load took 558.22ns 
176517     INFO  main            d.u.i.k.p.i.AbstractProblemLoader Creating init config 
179162     DEBUG main            d.u.i.k.p.i.AbstractProblemLoader Init config took 2.65s 
179179     INFO  main            d.u.i.k.p.i.AbstractProblemLoader Replaying proof allClausesLength5.key.proof 
179211     DEBUG main            d.u.i.k.p.i.IntermediateProofReplayer Proof replay took 26.82ms 
179213     DEBUG main            d.u.i.k.p.r.p.TestFile    ... success: reloaded. 
179213     INFO  main            d.u.i.k.p.r.p.TestFile    Now processing file /home/runner/work/key/key/key.core/../key.ui/examples/standard_key/prop_log/doubleNeg.key 
179214     INFO  main            d.u.i.k.p.i.AbstractProblemLoader Loading environment from /home/runner/work/key/key/key.core/../key.ui/examples/standard_key/prop_log/doubleNeg.key 
179214     DEBUG main            d.u.i.k.p.i.AbstractProblemLoader Environment load took 199.51ns 
179215     INFO  main            d.u.i.k.p.i.AbstractProblemLoader Creating init config 
181965     DEBUG main            d.u.i.k.p.i.AbstractProblemLoader Init config took 2.75s 
181980     INFO  main            d.u.i.k.p.i.AbstractProblemLoader Replaying proof doubleNeg.key 
181981     DEBUG main            d.u.i.k.p.i.IntermediateProofReplayer Proof replay took 8.5ns 
182083     INFO  main            d.u.i.k.p.r.p.TestFile    ... finished proof: closed. 
182401     INFO  main            d.u.i.k.p.i.AbstractProblemLoader Loading environment from /home/runner/work/key/key/key.core/../key.ui/examples/standard_key/prop_log/doubleNeg.key.proof 
182401     DEBUG main            d.u.i.k.p.i.AbstractProblemLoader Environment load took 109.5ns 
182402     INFO  main            d.u.i.k.p.i.AbstractProblemLoader Creating init config 
185011     DEBUG main            d.u.i.k.p.i.AbstractProblemLoader Init config took 2.61s 
185028     INFO  main            d.u.i.k.p.i.AbstractProblemLoader Replaying proof doubleNeg.key.proof 
185030     DEBUG main            d.u.i.k.p.i.IntermediateProofReplayer Proof replay took 393.01ns 
185032     DEBUG main            d.u.i.k.p.r.p.TestFile    ... success: reloaded. 
185033     INFO  main            d.u.i.k.p.r.p.TestFile    Now processing file /home/runner/work/key/key/key.core/../key.ui/examples/standard_key/prop_log/liarsville.key 
185034     INFO  main            d.u.i.k.p.i.AbstractProblemLoader Loading environment from /home/runner/work/key/key/key.core/../key.ui/examples/standard_key/prop_log/liarsville.key 
185034     DEBUG main            d.u.i.k.p.i.AbstractProblemLoader Environment load took 191.71ns 
185036     INFO  main            d.u.i.k.p.i.AbstractProblemLoader Creating init config 
187791     DEBUG main            d.u.i.k.p.i.AbstractProblemLoader Init config took 2.76s 
187806     INFO  main            d.u.i.k.p.i.AbstractProblemLoader Replaying proof liarsville.key 
187808     DEBUG main            d.u.i.k.p.i.IntermediateProofReplayer Proof replay took 8.7ns 
187912     INFO  main            d.u.i.k.p.r.p.TestFile    ... finished proof: closed. 
188231     INFO  main            d.u.i.k.p.i.AbstractProblemLoader Loading environment from /home/runner/work/key/key/key.core/../key.ui/examples/standard_key/prop_log/liarsville.key.proof 
188231     DEBUG main            d.u.i.k.p.i.AbstractProblemLoader Environment load took 106.1ns 
188233     INFO  main            d.u.i.k.p.i.AbstractProblemLoader Creating init config 
190931     DEBUG main            d.u.i.k.p.i.AbstractProblemLoader Init config took 2.7s 
190951     INFO  main            d.u.i.k.p.i.AbstractProblemLoader Replaying proof liarsville.key.proof 
190955     DEBUG main            d.u.i.k.p.i.IntermediateProofReplayer Proof replay took 2.32ms 
190956     DEBUG main            d.u.i.k.p.r.p.TestFile    ... success: reloaded. 
190956     INFO  main            d.u.i.k.p.r.p.TestFile    Now processing file /home/runner/work/key/key/key.core/../key.ui/examples/standard_key/prop_log/simplest.key 
190956     INFO  main            d.u.i.k.p.i.AbstractProblemLoader Loading environment from /home/runner/work/key/key/key.core/../key.ui/examples/standard_key/prop_log/simplest.key 
190956     DEBUG main            d.u.i.k.p.i.AbstractProblemLoader Environment load took 58.5ns 
190957     INFO  main            d.u.i.k.p.i.AbstractProblemLoader Creating init config 
193713     DEBUG main            d.u.i.k.p.i.AbstractProblemLoader Init config took 2.76s 
193731     INFO  main            d.u.i.k.p.i.AbstractProblemLoader Replaying proof simplest.key 
193732     DEBUG main            d.u.i.k.p.i.IntermediateProofReplayer Proof replay took 8.5ns 
193835     INFO  main            d.u.i.k.p.r.p.TestFile    ... finished proof: closed. 
194179     INFO  main            d.u.i.k.p.i.AbstractProblemLoader Loading environment from /home/runner/work/key/key/key.core/../key.ui/examples/standard_key/prop_log/simplest.key.proof 
194180     DEBUG main            d.u.i.k.p.i.AbstractProblemLoader Environment load took 103.4ns 
194181     INFO  main            d.u.i.k.p.i.AbstractProblemLoader Creating init config 
196847     DEBUG main            d.u.i.k.p.i.AbstractProblemLoader Init config took 2.67s 
196862     INFO  main            d.u.i.k.p.i.AbstractProblemLoader Replaying proof simplest.key.proof 
196864     DEBUG main            d.u.i.k.p.i.IntermediateProofReplayer Proof replay took 99.6ns 
196865     DEBUG main            d.u.i.k.p.r.p.TestFile    ... success: reloaded. 
196865     INFO  main            d.u.i.k.p.r.p.TestFile    Now processing file /home/runner/work/key/key/key.core/../key.ui/examples/standard_key/prop_log/contraposition.key 
196865     INFO  main            d.u.i.k.p.i.AbstractProblemLoader Loading environment from /home/runner/work/key/key/key.core/../key.ui/examples/standard_key/prop_log/contraposition.key 
196865     DEBUG main            d.u.i.k.p.i.AbstractProblemLoader Environment load took 70.8ns 
196866     INFO  main            d.u.i.k.p.i.AbstractProblemLoader Creating init config 
199546     DEBUG main            d.u.i.k.p.i.AbstractProblemLoader Init config took 2.68s 
199561     INFO  main            d.u.i.k.p.i.AbstractProblemLoader Replaying proof contraposition.key 
199562     DEBUG main            d.u.i.k.p.i.IntermediateProofReplayer Proof replay took 8.1ns 
199664     INFO  main            d.u.i.k.p.r.p.TestFile    ... finished proof: closed. 
199984     INFO  main            d.u.i.k.p.i.AbstractProblemLoader Loading environment from /home/runner/work/key/key/key.core/../key.ui/examples/standard_key/prop_log/contraposition.key.proof 
199984     DEBUG main            d.u.i.k.p.i.AbstractProblemLoader Environment load took 106.3ns 
199985     INFO  main            d.u.i.k.p.i.AbstractProblemLoader Creating init config 
202591     DEBUG main            d.u.i.k.p.i.AbstractProblemLoader Init config took 2.61s 
202606     INFO  main            d.u.i.k.p.i.AbstractProblemLoader Replaying proof contraposition.key.proof 
202608     DEBUG main            d.u.i.k.p.i.IntermediateProofReplayer Proof replay took 396.71ns 
202608     DEBUG main            d.u.i.k.p.r.p.TestFile    ... success: reloaded. 
202609     INFO  main            d.u.i.k.p.r.p.TestFile    Now processing file /home/runner/work/key/key/key.core/../key.ui/examples/standard_key/quantifiers/elimination0.key 
202609     INFO  main            d.u.i.k.p.i.AbstractProblemLoader Loading environment from /home/runner/work/key/key/key.core/../key.ui/examples/standard_key/quantifiers/elimination0.key 
202609     DEBUG main            d.u.i.k.p.i.AbstractProblemLoader Environment load took 57.3ns 
202610     INFO  main            d.u.i.k.p.i.AbstractProblemLoader Creating init config 
205268     DEBUG main            d.u.i.k.p.i.AbstractProblemLoader Init config took 2.66s 
205283     INFO  main            d.u.i.k.p.i.AbstractProblemLoader Replaying proof elimination0.key 
205285     DEBUG main            d.u.i.k.p.i.IntermediateProofReplayer Proof replay took 7.5ns 
205388     INFO  main            d.u.i.k.p.r.p.TestFile    ... finished proof: closed. 
205740     INFO  main            d.u.i.k.p.i.AbstractProblemLoader Loading environment from /home/runner/work/key/key/key.core/../key.ui/examples/standard_key/quantifiers/elimination0.key.proof 
205740     DEBUG main            d.u.i.k.p.i.AbstractProblemLoader Environment load took 103ns 
205741     INFO  main            d.u.i.k.p.i.AbstractProblemLoader Creating init config 
208368     DEBUG main            d.u.i.k.p.i.AbstractProblemLoader Init config took 2.63s 
208383     INFO  main            d.u.i.k.p.i.AbstractProblemLoader Replaying proof elimination0.key.proof 
208386     DEBUG main            d.u.i.k.p.i.IntermediateProofReplayer Proof replay took 961.83ns 
208387     DEBUG main            d.u.i.k.p.r.p.TestFile    ... success: reloaded. 
208388     INFO  main            d.u.i.k.p.r.p.TestFile    Now processing file /home/runner/work/key/key/key.core/../key.ui/examples/standard_key/quantifiers/heuristic_PUZ001p1-eq.key 
208388     INFO  main            d.u.i.k.p.i.AbstractProblemLoader Loading environment from /home/runner/work/key/key/key.core/../key.ui/examples/standard_key/quantifiers/heuristic_PUZ001p1-eq.key 
208388     DEBUG main            d.u.i.k.p.i.AbstractProblemLoader Environment load took 75ns 
208389     INFO  main            d.u.i.k.p.i.AbstractProblemLoader Creating init config 
211050     DEBUG main            d.u.i.k.p.i.AbstractProblemLoader Init config took 2.66s 
211066     INFO  main            d.u.i.k.p.i.AbstractProblemLoader Replaying proof heuristic_PUZ001p1-eq.key 
211068     DEBUG main            d.u.i.k.p.i.IntermediateProofReplayer Proof replay took 8.7ns 
211273     INFO  main            d.u.i.k.p.r.p.TestFile    ... finished proof: closed. 
211611     INFO  main            d.u.i.k.p.i.AbstractProblemLoader Loading environment from /home/runner/work/key/key/key.core/../key.ui/examples/standard_key/quantifiers/heuristic_PUZ001p1-eq.key.proof 
211611     DEBUG main            d.u.i.k.p.i.AbstractProblemLoader Environment load took 125.3ns 
211613     INFO  main            d.u.i.k.p.i.AbstractProblemLoader Creating init config 
214234     DEBUG main            d.u.i.k.p.i.AbstractProblemLoader Init config took 2.62s 
214250     INFO  main            d.u.i.k.p.i.AbstractProblemLoader Replaying proof heuristic_PUZ001p1-eq.key.proof 
214267     DEBUG main            d.u.i.k.p.i.IntermediateProofReplayer Proof replay took 12.01ms 
214269     DEBUG main            d.u.i.k.p.r.p.TestFile    ... success: reloaded. 
214270     INFO  main            d.u.i.k.p.r.p.TestFile    Now processing file /home/runner/work/key/key/key.core/../key.ui/examples/standard_key/quantifiers/heuristic_PUZ001p1.key 
214271     INFO  main            d.u.i.k.p.i.AbstractProblemLoader Loading environment from /home/runner/work/key/key/key.core/../key.ui/examples/standard_key/quantifiers/heuristic_PUZ001p1.key 
214271     DEBUG main            d.u.i.k.p.i.AbstractProblemLoader Environment load took 404.21ns 
214273     INFO  main            d.u.i.k.p.i.AbstractProblemLoader Creating init config 
216976     DEBUG main            d.u.i.k.p.i.AbstractProblemLoader Init config took 2.7s 
216992     INFO  main            d.u.i.k.p.i.AbstractProblemLoader Replaying proof heuristic_PUZ001p1.key 
216994     DEBUG main            d.u.i.k.p.i.IntermediateProofReplayer Proof replay took 7.1ns 
218505     INFO  main            d.u.i.k.p.r.p.TestFile    ... finished proof: closed. 
218872     INFO  main            d.u.i.k.p.i.AbstractProblemLoader Loading environment from /home/runner/work/key/key/key.core/../key.ui/examples/standard_key/quantifiers/heuristic_PUZ001p1.key.proof 
218872     DEBUG main            d.u.i.k.p.i.AbstractProblemLoader Environment load took 192.91ns 
218874     INFO  main            d.u.i.k.p.i.AbstractProblemLoader Creating init config 
221467     DEBUG main            d.u.i.k.p.i.AbstractProblemLoader Init config took 2.59s 
221484     INFO  main            d.u.i.k.p.i.AbstractProblemLoader Replaying proof heuristic_PUZ001p1.key.proof 
221517     DEBUG main            d.u.i.k.p.i.IntermediateProofReplayer Proof replay took 29.62ms 
221519     DEBUG main            d.u.i.k.p.r.p.TestFile    ... success: reloaded. 
221520     INFO  main            d.u.i.k.p.r.p.TestFile    Now processing file /home/runner/work/key/key/key.core/../key.ui/examples/standard_key/quantifiers/heuristic_PUZ031p1.key 
221520     INFO  main            d.u.i.k.p.i.AbstractProblemLoader Loading environment from /home/runner/work/key/key/key.core/../key.ui/examples/standard_key/quantifiers/heuristic_PUZ031p1.key 
221521     DEBUG main            d.u.i.k.p.i.AbstractProblemLoader Environment load took 174.6ns 
221522     INFO  main            d.u.i.k.p.i.AbstractProblemLoader Creating init config 
224219     DEBUG main            d.u.i.k.p.i.AbstractProblemLoader Init config took 2.7s 
224236     INFO  main            d.u.i.k.p.i.AbstractProblemLoader Replaying proof heuristic_PUZ031p1.key 
224237     DEBUG main            d.u.i.k.p.i.IntermediateProofReplayer Proof replay took 9.1ns 
229948     INFO  main            d.u.i.k.p.r.p.TestFile    ... finished proof: closed. 
230344     INFO  main            d.u.i.k.p.i.AbstractProblemLoader Loading environment from /home/runner/work/key/key/key.core/../key.ui/examples/standard_key/quantifiers/heuristic_PUZ031p1.key.proof 
230345     DEBUG main            d.u.i.k.p.i.AbstractProblemLoader Environment load took 568.32ns 
230347     INFO  main            d.u.i.k.p.i.AbstractProblemLoader Creating init config 
232929     DEBUG main            d.u.i.k.p.i.AbstractProblemLoader Init config took 2.58s 
232958     INFO  main            d.u.i.k.p.i.AbstractProblemLoader Replaying proof heuristic_PUZ031p1.key.proof 
232995     DEBUG main            d.u.i.k.p.i.IntermediateProofReplayer Proof replay took 32.82ms 
232996     DEBUG main            d.u.i.k.p.r.p.TestFile    ... success: reloaded. 
232997     INFO  main            d.u.i.k.p.r.p.TestFile    Now processing file /home/runner/work/key/key/key.core/../key.ui/examples/standard_key/quantifiers/heuristic_SYN036p2.key 
232997     INFO  main            d.u.i.k.p.i.AbstractProblemLoader Loading environment from /home/runner/work/key/key/key.core/../key.ui/examples/standard_key/quantifiers/heuristic_SYN036p2.key 
232997     DEBUG main            d.u.i.k.p.i.AbstractProblemLoader Environment load took 91.7ns 
232998     INFO  main            d.u.i.k.p.i.AbstractProblemLoader Creating init config 
235659     DEBUG main            d.u.i.k.p.i.AbstractProblemLoader Init config took 2.66s 
235675     INFO  main            d.u.i.k.p.i.AbstractProblemLoader Replaying proof heuristic_SYN036p2.key 
235679     DEBUG main            d.u.i.k.p.i.IntermediateProofReplayer Proof replay took 8.5ns 
235985     INFO  main            d.u.i.k.p.r.p.TestFile    ... finished proof: closed. 
236390     INFO  main            d.u.i.k.p.i.AbstractProblemLoader Loading environment from /home/runner/work/key/key/key.core/../key.ui/examples/standard_key/quantifiers/heuristic_SYN036p2.key.proof 
236391     DEBUG main            d.u.i.k.p.i.AbstractProblemLoader Environment load took 507.41ns 
236392     INFO  main            d.u.i.k.p.i.AbstractProblemLoader Creating init config 
239005     DEBUG main            d.u.i.k.p.i.AbstractProblemLoader Init config took 2.61s 
239020     INFO  main            d.u.i.k.p.i.AbstractProblemLoader Replaying proof heuristic_SYN036p2.key.proof 
239070     DEBUG main            d.u.i.k.p.i.IntermediateProofReplayer Proof replay took 44.14ms 
239071     DEBUG main            d.u.i.k.p.r.p.TestFile    ... success: reloaded. 
239072     INFO  main            d.u.i.k.p.r.p.TestFile    Now processing file /home/runner/work/key/key/key.core/../key.ui/examples/standard_key/quantifiers/injectivity.key 
239073     INFO  main            d.u.i.k.p.i.AbstractProblemLoader Loading environment from /home/runner/work/key/key/key.core/../key.ui/examples/standard_key/quantifiers/injectivity.key 
239073     DEBUG main            d.u.i.k.p.i.AbstractProblemLoader Environment load took 96.3ns 
239074     INFO  main            d.u.i.k.p.i.AbstractProblemLoader Creating init config 
241693     DEBUG main            d.u.i.k.p.i.AbstractProblemLoader Init config took 2.62s 
241708     INFO  main            d.u.i.k.p.i.AbstractProblemLoader Replaying proof injectivity.key 
241709     DEBUG main            d.u.i.k.p.i.IntermediateProofReplayer Proof replay took 7.6ns 
241811     INFO  main            d.u.i.k.p.r.p.TestFile    ... finished proof: closed. 
242184     INFO  main            d.u.i.k.p.i.AbstractProblemLoader Loading environment from /home/runner/work/key/key/key.core/../key.ui/examples/standard_key/quantifiers/injectivity.key.proof 
242185     DEBUG main            d.u.i.k.p.i.AbstractProblemLoader Environment load took 103.6ns 
242186     INFO  main            d.u.i.k.p.i.AbstractProblemLoader Creating init config 
244785     DEBUG main            d.u.i.k.p.i.AbstractProblemLoader Init config took 2.6s 
244801     INFO  main            d.u.i.k.p.i.AbstractProblemLoader Replaying proof injectivity.key.proof 
244804     DEBUG main            d.u.i.k.p.i.IntermediateProofReplayer Proof replay took 1.22ms 
244805     DEBUG main            d.u.i.k.p.r.p.TestFile    ... success: reloaded. 
244806     INFO  main            d.u.i.k.p.r.p.TestFile    Now processing file /home/runner/work/key/key/key.core/../key.ui/examples/standard_key/quantifiers/normalisation0.key 
244807     INFO  main            d.u.i.k.p.i.AbstractProblemLoader Loading environment from /home/runner/work/key/key/key.core/../key.ui/examples/standard_key/quantifiers/normalisation0.key 
244807     DEBUG main            d.u.i.k.p.i.AbstractProblemLoader Environment load took 191.81ns 
244809     INFO  main            d.u.i.k.p.i.AbstractProblemLoader Creating init config 
247454     DEBUG main            d.u.i.k.p.i.AbstractProblemLoader Init config took 2.65s 
247469     INFO  main            d.u.i.k.p.i.AbstractProblemLoader Replaying proof normalisation0.key 
247471     DEBUG main            d.u.i.k.p.i.IntermediateProofReplayer Proof replay took 7.6ns 
247575     INFO  main            d.u.i.k.p.r.p.TestFile    ... finished proof: closed. 
247942     INFO  main            d.u.i.k.p.i.AbstractProblemLoader Loading environment from /home/runner/work/key/key/key.core/../key.ui/examples/standard_key/quantifiers/normalisation0.key.proof 
247942     DEBUG main            d.u.i.k.p.i.AbstractProblemLoader Environment load took 106.6ns 
247943     INFO  main            d.u.i.k.p.i.AbstractProblemLoader Creating init config 
250597     DEBUG main            d.u.i.k.p.i.AbstractProblemLoader Init config took 2.65s 
250612     INFO  main            d.u.i.k.p.i.AbstractProblemLoader Replaying proof normalisation0.key.proof 
250615     DEBUG main            d.u.i.k.p.i.IntermediateProofReplayer Proof replay took 1.18ms 
250616     DEBUG main            d.u.i.k.p.r.p.TestFile    ... success: reloaded. 
250617     INFO  main            d.u.i.k.p.r.p.TestFile    Now processing file /home/runner/work/key/key/key.core/../key.ui/examples/standard_key/quantifiers/normalisation1.key 
250617     INFO  main            d.u.i.k.p.i.AbstractProblemLoader Loading environment from /home/runner/work/key/key/key.core/../key.ui/examples/standard_key/quantifiers/normalisation1.key 
250617     DEBUG main            d.u.i.k.p.i.AbstractProblemLoader Environment load took 59.6ns 
250618     INFO  main            d.u.i.k.p.i.AbstractProblemLoader Creating init config 
253297     DEBUG main            d.u.i.k.p.i.AbstractProblemLoader Init config took 2.68s 
253315     INFO  main            d.u.i.k.p.i.AbstractProblemLoader Replaying proof normalisation1.key 
253317     DEBUG main            d.u.i.k.p.i.IntermediateProofReplayer Proof replay took 8.1ns 
253423     INFO  main            d.u.i.k.p.r.p.TestFile    ... finished proof: closed. 
253808     INFO  main            d.u.i.k.p.i.AbstractProblemLoader Loading environment from /home/runner/work/key/key/key.core/../key.ui/examples/standard_key/quantifiers/normalisation1.key.proof 
253808     DEBUG main            d.u.i.k.p.i.AbstractProblemLoader Environment load took 103.1ns 
253809     INFO  main            d.u.i.k.p.i.AbstractProblemLoader Creating init config 
256448     DEBUG main            d.u.i.k.p.i.AbstractProblemLoader Init config took 2.64s 
256464     INFO  main            d.u.i.k.p.i.AbstractProblemLoader Replaying proof normalisation1.key.proof 
256480     DEBUG main            d.u.i.k.p.i.IntermediateProofReplayer Proof replay took 1.08ms 
256481     DEBUG main            d.u.i.k.p.r.p.TestFile    ... success: reloaded. 
256482     INFO  main            d.u.i.k.p.r.p.TestFile    Now processing file /home/runner/work/key/key/key.core/../key.ui/examples/standard_key/quantifiers/normalisation2.key 
256482     INFO  main            d.u.i.k.p.i.AbstractProblemLoader Loading environment from /home/runner/work/key/key/key.core/../key.ui/examples/standard_key/quantifiers/normalisation2.key 
256482     DEBUG main            d.u.i.k.p.i.AbstractProblemLoader Environment load took 112.2ns 
256483     INFO  main            d.u.i.k.p.i.AbstractProblemLoader Creating init config 
259194     DEBUG main            d.u.i.k.p.i.AbstractProblemLoader Init config took 2.71s 
259209     INFO  main            d.u.i.k.p.i.AbstractProblemLoader Replaying proof normalisation2.key 
259212     DEBUG main            d.u.i.k.p.i.IntermediateProofReplayer Proof replay took 8.5ns 
259314     INFO  main            d.u.i.k.p.r.p.TestFile    ... finished proof: closed. 
259696     INFO  main            d.u.i.k.p.i.AbstractProblemLoader Loading environment from /home/runner/work/key/key/key.core/../key.ui/examples/standard_key/quantifiers/normalisation2.key.proof 
259696     DEBUG main            d.u.i.k.p.i.AbstractProblemLoader Environment load took 100.6ns 
259698     INFO  main            d.u.i.k.p.i.AbstractProblemLoader Creating init config 
262310     DEBUG main            d.u.i.k.p.i.AbstractProblemLoader Init config took 2.61s 
262325     INFO  main            d.u.i.k.p.i.AbstractProblemLoader Replaying proof normalisation2.key.proof 
262328     DEBUG main            d.u.i.k.p.i.IntermediateProofReplayer Proof replay took 1.27ms 
262329     DEBUG main            d.u.i.k.p.r.p.TestFile    ... success: reloaded. 
262330     INFO  main            d.u.i.k.p.r.p.TestFile    Now processing file /home/runner/work/key/key/key.core/../key.ui/examples/standard_key/quantifiers/normalisation3.key 
262330     INFO  main            d.u.i.k.p.i.AbstractProblemLoader Loading environment from /home/runner/work/key/key/key.core/../key.ui/examples/standard_key/quantifiers/normalisation3.key 
262330     DEBUG main            d.u.i.k.p.i.AbstractProblemLoader Environment load took 147.9ns 
262331     INFO  main            d.u.i.k.p.i.AbstractProblemLoader Creating init config 
264941     DEBUG main            d.u.i.k.p.i.AbstractProblemLoader Init config took 2.61s 
264957     INFO  main            d.u.i.k.p.i.AbstractProblemLoader Replaying proof normalisation3.key 
264958     DEBUG main            d.u.i.k.p.i.IntermediateProofReplayer Proof replay took 8.3ns 
265060     INFO  main            d.u.i.k.p.r.p.TestFile    ... finished proof: closed. 
265469     INFO  main            d.u.i.k.p.i.AbstractProblemLoader Loading environment from /home/runner/work/key/key/key.core/../key.ui/examples/standard_key/quantifiers/normalisation3.key.proof 
265469     DEBUG main            d.u.i.k.p.i.AbstractProblemLoader Environment load took 102.3ns 
265470     INFO  main            d.u.i.k.p.i.AbstractProblemLoader Creating init config 
268070     DEBUG main            d.u.i.k.p.i.AbstractProblemLoader Init config took 2.6s 
268086     INFO  main            d.u.i.k.p.i.AbstractProblemLoader Replaying proof normalisation3.key.proof 
268089     DEBUG main            d.u.i.k.p.i.IntermediateProofReplayer Proof replay took 1.39ms 
268090     DEBUG main            d.u.i.k.p.r.p.TestFile    ... success: reloaded. 
268090     INFO  main            d.u.i.k.p.r.p.TestFile    Now processing file /home/runner/work/key/key/key.core/../key.ui/examples/standard_key/quantifiers/normalisation4.key 
268091     INFO  main            d.u.i.k.p.i.AbstractProblemLoader Loading environment from /home/runner/work/key/key/key.core/../key.ui/examples/standard_key/quantifiers/normalisation4.key 
268091     DEBUG main            d.u.i.k.p.i.AbstractProblemLoader Environment load took 103.9ns 
268092     INFO  main            d.u.i.k.p.i.AbstractProblemLoader Creating init config 
270718     DEBUG main            d.u.i.k.p.i.AbstractProblemLoader Init config took 2.63s 
270735     INFO  main            d.u.i.k.p.i.AbstractProblemLoader Replaying proof normalisation4.key 
270738     DEBUG main            d.u.i.k.p.i.IntermediateProofReplayer Proof replay took 8.8ns 
270841     INFO  main            d.u.i.k.p.r.p.TestFile    ... finished proof: closed. 
271256     INFO  main            d.u.i.k.p.i.AbstractProblemLoader Loading environment from /home/runner/work/key/key/key.core/../key.ui/examples/standard_key/quantifiers/normalisation4.key.proof 
271256     DEBUG main            d.u.i.k.p.i.AbstractProblemLoader Environment load took 99.3ns 
271257     INFO  main            d.u.i.k.p.i.AbstractProblemLoader Creating init config 
273850     DEBUG main            d.u.i.k.p.i.AbstractProblemLoader Init config took 2.59s 
273866     INFO  main            d.u.i.k.p.i.AbstractProblemLoader Replaying proof normalisation4.key.proof 
273870     DEBUG main            d.u.i.k.p.i.IntermediateProofReplayer Proof replay took 2.33ms 
273871     DEBUG main            d.u.i.k.p.r.p.TestFile    ... success: reloaded. 
273871     INFO  main            d.u.i.k.p.r.p.TestFile    Now processing file /home/runner/work/key/key/key.core/../key.ui/examples/standard_key/quantifiers/normalisation5.key 
273872     INFO  main            d.u.i.k.p.i.AbstractProblemLoader Loading environment from /home/runner/work/key/key/key.core/../key.ui/examples/standard_key/quantifiers/normalisation5.key 
273872     DEBUG main            d.u.i.k.p.i.AbstractProblemLoader Environment load took 55.7ns 
273873     INFO  main            d.u.i.k.p.i.AbstractProblemLoader Creating init config 
276497     DEBUG main            d.u.i.k.p.i.AbstractProblemLoader Init config took 2.62s 
276512     INFO  main            d.u.i.k.p.i.AbstractProblemLoader Replaying proof normalisation5.key 
276513     DEBUG main            d.u.i.k.p.i.IntermediateProofReplayer Proof replay took 6.8ns 
276615     INFO  main            d.u.i.k.p.r.p.TestFile    ... finished proof: closed. 
277018     INFO  main            d.u.i.k.p.i.AbstractProblemLoader Loading environment from /home/runner/work/key/key/key.core/../key.ui/examples/standard_key/quantifiers/normalisation5.key.proof 
277018     DEBUG main            d.u.i.k.p.i.AbstractProblemLoader Environment load took 102.5ns 
277019     INFO  main            d.u.i.k.p.i.AbstractProblemLoader Creating init config 
279612     DEBUG main            d.u.i.k.p.i.AbstractProblemLoader Init config took 2.59s 
279628     INFO  main            d.u.i.k.p.i.AbstractProblemLoader Replaying proof normalisation5.key.proof 
279631     DEBUG main            d.u.i.k.p.i.IntermediateProofReplayer Proof replay took 1.44ms 
279632     DEBUG main            d.u.i.k.p.r.p.TestFile    ... success: reloaded. 
279633     INFO  main            d.u.i.k.p.r.p.TestFile    Now processing file /home/runner/work/key/key/key.core/../key.ui/examples/standard_key/quantifiers/normalisation6.key 
279633     INFO  main            d.u.i.k.p.i.AbstractProblemLoader Loading environment from /home/runner/work/key/key/key.core/../key.ui/examples/standard_key/quantifiers/normalisation6.key 
279633     DEBUG main            d.u.i.k.p.i.AbstractProblemLoader Environment load took 264.61ns 
279634     INFO  main            d.u.i.k.p.i.AbstractProblemLoader Creating init config 
282256     DEBUG main            d.u.i.k.p.i.AbstractProblemLoader Init config took 2.62s 
282272     INFO  main            d.u.i.k.p.i.AbstractProblemLoader Replaying proof normalisation6.key 
282273     DEBUG main            d.u.i.k.p.i.IntermediateProofReplayer Proof replay took 7.6ns 
282376     INFO  main            d.u.i.k.p.r.p.TestFile    ... finished proof: closed. 
282798     INFO  main            d.u.i.k.p.i.AbstractProblemLoader Loading environment from /home/runner/work/key/key/key.core/../key.ui/examples/standard_key/quantifiers/normalisation6.key.proof 
282798     DEBUG main            d.u.i.k.p.i.AbstractProblemLoader Environment load took 103.9ns 
282799     INFO  main            d.u.i.k.p.i.AbstractProblemLoader Creating init config 
285406     DEBUG main            d.u.i.k.p.i.AbstractProblemLoader Init config took 2.61s 
285422     INFO  main            d.u.i.k.p.i.AbstractProblemLoader Replaying proof normalisation6.key.proof 
285425     DEBUG main            d.u.i.k.p.i.IntermediateProofReplayer Proof replay took 1.26ms 
285426     DEBUG main            d.u.i.k.p.r.p.TestFile    ... success: reloaded. 
285427     INFO  main            d.u.i.k.p.r.p.TestFile    Now processing file /home/runner/work/key/key/key.core/../key.ui/examples/standard_key/quantifiers/normalisation7.key 
285427     INFO  main            d.u.i.k.p.i.AbstractProblemLoader Loading environment from /home/runner/work/key/key/key.core/../key.ui/examples/standard_key/quantifiers/normalisation7.key 
285427     DEBUG main            d.u.i.k.p.i.AbstractProblemLoader Environment load took 104.8ns 
285428     INFO  main            d.u.i.k.p.i.AbstractProblemLoader Creating init config 
288054     DEBUG main            d.u.i.k.p.i.AbstractProblemLoader Init config took 2.63s 
288070     INFO  main            d.u.i.k.p.i.AbstractProblemLoader Replaying proof normalisation7.key 
288071     DEBUG main            d.u.i.k.p.i.IntermediateProofReplayer Proof replay took 8.2ns 
288173     INFO  main            d.u.i.k.p.r.p.TestFile    ... finished proof: closed. 
288588     INFO  main            d.u.i.k.p.i.AbstractProblemLoader Loading environment from /home/runner/work/key/key/key.core/../key.ui/examples/standard_key/quantifiers/normalisation7.key.proof 
288588     DEBUG main            d.u.i.k.p.i.AbstractProblemLoader Environment load took 105.2ns 
288589     INFO  main            d.u.i.k.p.i.AbstractProblemLoader Creating init config 
291159     DEBUG main            d.u.i.k.p.i.AbstractProblemLoader Init config took 2.57s 
291176     INFO  main            d.u.i.k.p.i.AbstractProblemLoader Replaying proof normalisation7.key.proof 
291179     DEBUG main            d.u.i.k.p.i.IntermediateProofReplayer Proof replay took 1.26ms 
291180     DEBUG main            d.u.i.k.p.r.p.TestFile    ... success: reloaded. 
291180     INFO  main            d.u.i.k.p.r.p.TestFile    Now processing file /home/runner/work/key/key/key.core/../key.ui/examples/standard_key/quantifiers/normalisation8.key 
291181     INFO  main            d.u.i.k.p.i.AbstractProblemLoader Loading environment from /home/runner/work/key/key/key.core/../key.ui/examples/standard_key/quantifiers/normalisation8.key 
291181     DEBUG main            d.u.i.k.p.i.AbstractProblemLoader Environment load took 78.1ns 
291182     INFO  main            d.u.i.k.p.i.AbstractProblemLoader Creating init config 
293817     DEBUG main            d.u.i.k.p.i.AbstractProblemLoader Init config took 2.63s 
293833     INFO  main            d.u.i.k.p.i.AbstractProblemLoader Replaying proof normalisation8.key 
293835     DEBUG main            d.u.i.k.p.i.IntermediateProofReplayer Proof replay took 6.9ns 
293937     INFO  main            d.u.i.k.p.r.p.TestFile    ... finished proof: closed. 
294360     INFO  main            d.u.i.k.p.i.AbstractProblemLoader Loading environment from /home/runner/work/key/key/key.core/../key.ui/examples/standard_key/quantifiers/normalisation8.key.proof 
294360     DEBUG main            d.u.i.k.p.i.AbstractProblemLoader Environment load took 100.5ns 
294361     INFO  main            d.u.i.k.p.i.AbstractProblemLoader Creating init config 
296954     DEBUG main            d.u.i.k.p.i.AbstractProblemLoader Init config took 2.59s 
296970     INFO  main            d.u.i.k.p.i.AbstractProblemLoader Replaying proof normalisation8.key.proof 
296974     DEBUG main            d.u.i.k.p.i.IntermediateProofReplayer Proof replay took 2.76ms 
296975     DEBUG main            d.u.i.k.p.r.p.TestFile    ... success: reloaded. 
296976     INFO  main            d.u.i.k.p.r.p.TestFile    Now processing file /home/runner/work/key/key/key.core/../key.ui/examples/standard_key/quantifiers/normalisation9.key 
296976     INFO  main            d.u.i.k.p.i.AbstractProblemLoader Loading environment from /home/runner/work/key/key/key.core/../key.ui/examples/standard_key/quantifiers/normalisation9.key 
296977     DEBUG main            d.u.i.k.p.i.AbstractProblemLoader Environment load took 89.6ns 
296978     INFO  main            d.u.i.k.p.i.AbstractProblemLoader Creating init config 
299610     DEBUG main            d.u.i.k.p.i.AbstractProblemLoader Init config took 2.63s 
299627     INFO  main            d.u.i.k.p.i.AbstractProblemLoader Replaying proof normalisation9.key 
299628     DEBUG main            d.u.i.k.p.i.IntermediateProofReplayer Proof replay took 7.7ns 
299731     INFO  main            d.u.i.k.p.r.p.TestFile    ... finished proof: closed. 
300166     INFO  main            d.u.i.k.p.i.AbstractProblemLoader Loading environment from /home/runner/work/key/key/key.core/../key.ui/examples/standard_key/quantifiers/normalisation9.key.proof 
300166     DEBUG main            d.u.i.k.p.i.AbstractProblemLoader Environment load took 100.7ns 
300167     INFO  main            d.u.i.k.p.i.AbstractProblemLoader Creating init config 
302806     DEBUG main            d.u.i.k.p.i.AbstractProblemLoader Init config took 2.64s 
302821     INFO  main            d.u.i.k.p.i.AbstractProblemLoader Replaying proof normalisation9.key.proof 
302827     DEBUG main            d.u.i.k.p.i.IntermediateProofReplayer Proof replay took 3.33ms 
302827     DEBUG main            d.u.i.k.p.r.p.TestFile    ... success: reloaded. 
302828     INFO  main            d.u.i.k.p.r.p.TestFile    Now processing file /home/runner/work/key/key/key.core/../key.ui/examples/standard_key/quantifiers/normalisation10.key 
302828     INFO  main            d.u.i.k.p.i.AbstractProblemLoader Loading environment from /home/runner/work/key/key/key.core/../key.ui/examples/standard_key/quantifiers/normalisation10.key 
302828     DEBUG main            d.u.i.k.p.i.AbstractProblemLoader Environment load took 54.9ns 
302830     INFO  main            d.u.i.k.p.i.AbstractProblemLoader Creating init config 
305485     DEBUG main            d.u.i.k.p.i.AbstractProblemLoader Init config took 2.66s 
305501     INFO  main            d.u.i.k.p.i.AbstractProblemLoader Replaying proof normalisation10.key 
305502     DEBUG main            d.u.i.k.p.i.IntermediateProofReplayer Proof replay took 7.5ns 
305604     INFO  main            d.u.i.k.p.r.p.TestFile    ... finished proof: closed. 
306040     INFO  main            d.u.i.k.p.i.AbstractProblemLoader Loading environment from /home/runner/work/key/key/key.core/../key.ui/examples/standard_key/quantifiers/normalisation10.key.proof 
306040     DEBUG main            d.u.i.k.p.i.AbstractProblemLoader Environment load took 98.1ns 
306041     INFO  main            d.u.i.k.p.i.AbstractProblemLoader Creating init config 
308622     DEBUG main            d.u.i.k.p.i.AbstractProblemLoader Init config took 2.58s 
308637     INFO  main            d.u.i.k.p.i.AbstractProblemLoader Replaying proof normalisation10.key.proof 
308642     DEBUG main            d.u.i.k.p.i.IntermediateProofReplayer Proof replay took 3.08ms 
308643     DEBUG main            d.u.i.k.p.r.p.TestFile    ... success: reloaded. 
308644     INFO  main            d.u.i.k.p.r.p.TestFile    Now processing file /home/runner/work/key/key/key.core/../key.ui/examples/standard_key/quantifiers/normalisation12.key 
308644     INFO  main            d.u.i.k.p.i.AbstractProblemLoader Loading environment from /home/runner/work/key/key/key.core/../key.ui/examples/standard_key/quantifiers/normalisation12.key 
308644     DEBUG main            d.u.i.k.p.i.AbstractProblemLoader Environment load took 85.9ns 
308645     INFO  main            d.u.i.k.p.i.AbstractProblemLoader Creating init config 
311343     DEBUG main            d.u.i.k.p.i.AbstractProblemLoader Init config took 2.7s 
311358     INFO  main            d.u.i.k.p.i.AbstractProblemLoader Replaying proof normalisation12.key 
311360     DEBUG main            d.u.i.k.p.i.IntermediateProofReplayer Proof replay took 7.7ns 
311462     INFO  main            d.u.i.k.p.r.p.TestFile    ... finished proof: closed. 
311893     INFO  main            d.u.i.k.p.i.AbstractProblemLoader Loading environment from /home/runner/work/key/key/key.core/../key.ui/examples/standard_key/quantifiers/normalisation12.key.proof 
311893     DEBUG main            d.u.i.k.p.i.AbstractProblemLoader Environment load took 101.8ns 
311894     INFO  main            d.u.i.k.p.i.AbstractProblemLoader Creating init config 
314476     DEBUG main            d.u.i.k.p.i.AbstractProblemLoader Init config took 2.58s 
314492     INFO  main            d.u.i.k.p.i.AbstractProblemLoader Replaying proof normalisation12.key.proof 
314495     DEBUG main            d.u.i.k.p.i.IntermediateProofReplayer Proof replay took 974.13ns 
314496     DEBUG main            d.u.i.k.p.r.p.TestFile    ... success: reloaded. 
314497     INFO  main            d.u.i.k.p.r.p.TestFile    Now processing file /home/runner/work/key/key/key.core/../key.ui/examples/standard_key/quantifiers/normalisation13.key 
314497     INFO  main            d.u.i.k.p.i.AbstractProblemLoader Loading environment from /home/runner/work/key/key/key.core/../key.ui/examples/standard_key/quantifiers/normalisation13.key 
314497     DEBUG main            d.u.i.k.p.i.AbstractProblemLoader Environment load took 186.5ns 
314498     INFO  main            d.u.i.k.p.i.AbstractProblemLoader Creating init config 
317136     DEBUG main            d.u.i.k.p.i.AbstractProblemLoader Init config took 2.64s 
317151     INFO  main            d.u.i.k.p.i.AbstractProblemLoader Replaying proof normalisation13.key 
317153     DEBUG main            d.u.i.k.p.i.IntermediateProofReplayer Proof replay took 7.5ns 
317257     INFO  main            d.u.i.k.p.r.p.TestFile    ... finished proof: closed. 
317694     INFO  main            d.u.i.k.p.i.AbstractProblemLoader Loading environment from /home/runner/work/key/key/key.core/../key.ui/examples/standard_key/quantifiers/normalisation13.key.proof 
317694     DEBUG main            d.u.i.k.p.i.AbstractProblemLoader Environment load took 99.5ns 
317695     INFO  main            d.u.i.k.p.i.AbstractProblemLoader Creating init config 
320271     DEBUG main            d.u.i.k.p.i.AbstractProblemLoader Init config took 2.58s 
320286     INFO  main            d.u.i.k.p.i.AbstractProblemLoader Replaying proof normalisation13.key.proof 
320288     DEBUG main            d.u.i.k.p.i.IntermediateProofReplayer Proof replay took 583.22ns 
320289     DEBUG main            d.u.i.k.p.r.p.TestFile    ... success: reloaded. 
320290     INFO  main            d.u.i.k.p.r.p.TestFile    Now processing file /home/runner/work/key/key/key.core/../key.ui/examples/standard_key/quantifiers/triggers0.key 
320290     INFO  main            d.u.i.k.p.i.AbstractProblemLoader Loading environment from /home/runner/work/key/key/key.core/../key.ui/examples/standard_key/quantifiers/triggers0.key 
320290     DEBUG main            d.u.i.k.p.i.AbstractProblemLoader Environment load took 53ns 
320291     INFO  main            d.u.i.k.p.i.AbstractProblemLoader Creating init config 
322972     DEBUG main            d.u.i.k.p.i.AbstractProblemLoader Init config took 2.68s 
322987     INFO  main            d.u.i.k.p.i.AbstractProblemLoader Replaying proof triggers0.key 
322989     DEBUG main            d.u.i.k.p.i.IntermediateProofReplayer Proof replay took 6.3ns 
323091     INFO  main            d.u.i.k.p.r.p.TestFile    ... finished proof: closed. 
323549     INFO  main            d.u.i.k.p.i.AbstractProblemLoader Loading environment from /home/runner/work/key/key/key.core/../key.ui/examples/standard_key/quantifiers/triggers0.key.proof 
323549     DEBUG main            d.u.i.k.p.i.AbstractProblemLoader Environment load took 1.37ms 
323551     INFO  main            d.u.i.k.p.i.AbstractProblemLoader Creating init config 
326169     DEBUG main            d.u.i.k.p.i.AbstractProblemLoader Init config took 2.62s 
326184     INFO  main            d.u.i.k.p.i.AbstractProblemLoader Replaying proof triggers0.key.proof 
326187     DEBUG main            d.u.i.k.p.i.IntermediateProofReplayer Proof replay took 1.04ms 
326187     DEBUG main            d.u.i.k.p.r.p.TestFile    ... success: reloaded. 
4440470    INFO  Test worker     d.u.i.k.p.r.RunAllProofsTestUnit Returning from test FOL 
4440471    INFO  Test worker     d.u.i.k.p.r.RunAllProofsTestUnit Running test strings 
410        INFO  Timeout watchdog d.u.i.k.p.r.p.ForkedTestFileRunner Timeout watcher launched (2000 secs.) 
426        WARN  main            d.u.i.k.s.ProofSettings   The settings in /home/runner/.key/proof-settings.props are *not* read. 
478        INFO  main            d.u.i.k.p.r.p.TestFile    Now processing file /home/runner/work/key/key/key.core/../key.ui/examples/standard_key/strings/charAt0.key 
676        INFO  main            d.u.i.k.p.i.AbstractProblemLoader Loading environment from /home/runner/work/key/key/key.core/../key.ui/examples/standard_key/strings/charAt0.key 
699        DEBUG main            d.u.i.k.p.i.AbstractProblemLoader Environment load took 2.63ms 
1005       INFO  main            d.u.i.k.p.i.AbstractProblemLoader Creating init config 
2124       DEBUG main            d.u.i.k.j.TypeConverter   No LDT found for Meta 
2125       DEBUG main            d.u.i.k.j.TypeConverter   No LDT found for Meta 
2128       DEBUG main            d.u.i.k.j.TypeConverter   No LDT found for Meta 
2128       DEBUG main            d.u.i.k.j.TypeConverter   No LDT found for Meta 
4124       DEBUG main            d.u.i.k.j.TypeConverter   No LDT found for JavaBigintExpression 
9487       DEBUG main            d.u.i.k.p.i.AbstractProblemLoader Init config took 8.48s 
9593       INFO  main            d.u.i.k.p.i.AbstractProblemLoader Replaying proof charAt0.key 
9637       DEBUG main            d.u.i.k.p.i.IntermediateProofReplayer Proof replay took 42.4ns 
10126      INFO  main            d.u.i.k.p.r.p.TestFile    ... finished proof: closed. 
10243      INFO  main            d.u.i.k.p.i.AbstractProblemLoader Loading environment from /home/runner/work/key/key/key.core/../key.ui/examples/standard_key/strings/charAt0.key.proof 
10244      DEBUG main            d.u.i.k.p.i.AbstractProblemLoader Environment load took 1.2ms 
10252      INFO  main            d.u.i.k.p.i.AbstractProblemLoader Creating init config 
13329      DEBUG main            d.u.i.k.p.i.AbstractProblemLoader Init config took 3.08s 
13361      INFO  main            d.u.i.k.p.i.AbstractProblemLoader Replaying proof charAt0.key.proof 
13380      DEBUG main            d.u.i.k.p.i.IntermediateProofReplayer Proof replay took 13.37ms 
13394      DEBUG main            d.u.i.k.p.r.p.TestFile    ... success: reloaded. 
13395      INFO  main            d.u.i.k.p.r.p.TestFile    Now processing file /home/runner/work/key/key/key.core/../key.ui/examples/standard_key/strings/charAt1.key 
13396      INFO  main            d.u.i.k.p.i.AbstractProblemLoader Loading environment from /home/runner/work/key/key/key.core/../key.ui/examples/standard_key/strings/charAt1.key 
13396      DEBUG main            d.u.i.k.p.i.AbstractProblemLoader Environment load took 247.11ns 
13398      INFO  main            d.u.i.k.p.i.AbstractProblemLoader Creating init config 
16435      DEBUG main            d.u.i.k.p.i.AbstractProblemLoader Init config took 3.04s 
16474      INFO  main            d.u.i.k.p.i.AbstractProblemLoader Replaying proof charAt1.key 
16480      DEBUG main            d.u.i.k.p.i.IntermediateProofReplayer Proof replay took 8.7ns 
16794      INFO  main            d.u.i.k.p.r.p.TestFile    ... finished proof: closed. 
16994      INFO  main            d.u.i.k.p.i.AbstractProblemLoader Loading environment from /home/runner/work/key/key/key.core/../key.ui/examples/standard_key/strings/charAt1.key.proof 
16996      DEBUG main            d.u.i.k.p.i.AbstractProblemLoader Environment load took 1.44ms 
16999      INFO  main            d.u.i.k.p.i.AbstractProblemLoader Creating init config 
19894      DEBUG main            d.u.i.k.p.i.AbstractProblemLoader Init config took 2.9s 
19921      INFO  main            d.u.i.k.p.i.AbstractProblemLoader Replaying proof charAt1.key.proof 
19936      DEBUG main            d.u.i.k.p.i.IntermediateProofReplayer Proof replay took 11.44ms 
19937      DEBUG main            d.u.i.k.p.r.p.TestFile    ... success: reloaded. 
19938      INFO  main            d.u.i.k.p.r.p.TestFile    Now processing file /home/runner/work/key/key/key.core/../key.ui/examples/standard_key/strings/concat1.key 
19938      INFO  main            d.u.i.k.p.i.AbstractProblemLoader Loading environment from /home/runner/work/key/key/key.core/../key.ui/examples/standard_key/strings/concat1.key 
19938      DEBUG main            d.u.i.k.p.i.AbstractProblemLoader Environment load took 157.1ns 
19940      INFO  main            d.u.i.k.p.i.AbstractProblemLoader Creating init config 
22789      DEBUG main            d.u.i.k.p.i.AbstractProblemLoader Init config took 2.85s 
22813      INFO  main            d.u.i.k.p.i.AbstractProblemLoader Replaying proof concat1.key 
22815      DEBUG main            d.u.i.k.p.i.IntermediateProofReplayer Proof replay took 7.3ns 
22918      INFO  main            d.u.i.k.p.r.p.TestFile    ... finished proof: closed. 
23077      INFO  main            d.u.i.k.p.i.AbstractProblemLoader Loading environment from /home/runner/work/key/key/key.core/../key.ui/examples/standard_key/strings/concat1.key.proof 
23078      DEBUG main            d.u.i.k.p.i.AbstractProblemLoader Environment load took 170.2ns 
23079      INFO  main            d.u.i.k.p.i.AbstractProblemLoader Creating init config 
26032      DEBUG main            d.u.i.k.p.i.AbstractProblemLoader Init config took 2.95s 
26066      INFO  main            d.u.i.k.p.i.AbstractProblemLoader Replaying proof concat1.key.proof 
26070      DEBUG main            d.u.i.k.p.i.IntermediateProofReplayer Proof replay took 1.31ms 
26071      DEBUG main            d.u.i.k.p.r.p.TestFile    ... success: reloaded. 
26072      INFO  main            d.u.i.k.p.r.p.TestFile    Now processing file /home/runner/work/key/key/key.core/../key.ui/examples/standard_key/strings/concat2.key 
26072      INFO  main            d.u.i.k.p.i.AbstractProblemLoader Loading environment from /home/runner/work/key/key/key.core/../key.ui/examples/standard_key/strings/concat2.key 
26072      DEBUG main            d.u.i.k.p.i.AbstractProblemLoader Environment load took 112ns 
26073      INFO  main            d.u.i.k.p.i.AbstractProblemLoader Creating init config 
28865      DEBUG main            d.u.i.k.p.i.AbstractProblemLoader Init config took 2.79s 
28890      INFO  main            d.u.i.k.p.i.AbstractProblemLoader Replaying proof concat2.key 
28892      DEBUG main            d.u.i.k.p.i.IntermediateProofReplayer Proof replay took 8ns 
28995      INFO  main            d.u.i.k.p.r.p.TestFile    ... finished proof: closed. 
29164      INFO  main            d.u.i.k.p.i.AbstractProblemLoader Loading environment from /home/runner/work/key/key/key.core/../key.ui/examples/standard_key/strings/concat2.key.proof 
29164      DEBUG main            d.u.i.k.p.i.AbstractProblemLoader Environment load took 446.61ns 
29168      INFO  main            d.u.i.k.p.i.AbstractProblemLoader Creating init config 
32000      DEBUG main            d.u.i.k.p.i.AbstractProblemLoader Init config took 2.83s 
32029      INFO  main            d.u.i.k.p.i.AbstractProblemLoader Replaying proof concat2.key.proof 
32040      DEBUG main            d.u.i.k.p.i.IntermediateProofReplayer Proof replay took 7.98ms 
32041      DEBUG main            d.u.i.k.p.r.p.TestFile    ... success: reloaded. 
32042      INFO  main            d.u.i.k.p.r.p.TestFile    Now processing file /home/runner/work/key/key/key.core/../key.ui/examples/standard_key/strings/deriveLength1.key 
32042      INFO  main            d.u.i.k.p.i.AbstractProblemLoader Loading environment from /home/runner/work/key/key/key.core/../key.ui/examples/standard_key/strings/deriveLength1.key 
32042      DEBUG main            d.u.i.k.p.i.AbstractProblemLoader Environment load took 206.31ns 
32044      INFO  main            d.u.i.k.p.i.AbstractProblemLoader Creating init config 
34859      DEBUG main            d.u.i.k.p.i.AbstractProblemLoader Init config took 2.82s 
34881      INFO  main            d.u.i.k.p.i.AbstractProblemLoader Replaying proof deriveLength1.key 
34883      DEBUG main            d.u.i.k.p.i.IntermediateProofReplayer Proof replay took 7.4ns 
34986      INFO  main            d.u.i.k.p.r.p.TestFile    ... finished proof: closed. 
35160      INFO  main            d.u.i.k.p.i.AbstractProblemLoader Loading environment from /home/runner/work/key/key/key.core/../key.ui/examples/standard_key/strings/deriveLength1.key.proof 
35164      DEBUG main            d.u.i.k.p.i.AbstractProblemLoader Environment load took 3.85ms 
35166      INFO  main            d.u.i.k.p.i.AbstractProblemLoader Creating init config 
37965      DEBUG main            d.u.i.k.p.i.AbstractProblemLoader Init config took 2.8s 
37988      INFO  main            d.u.i.k.p.i.AbstractProblemLoader Replaying proof deriveLength1.key.proof 
38011      DEBUG main            d.u.i.k.p.i.IntermediateProofReplayer Proof replay took 20.04ms 
38014      DEBUG main            d.u.i.k.p.r.p.TestFile    ... success: reloaded. 
38015      INFO  main            d.u.i.k.p.r.p.TestFile    Now processing file /home/runner/work/key/key/key.core/../key.ui/examples/standard_key/strings/emptyStringLengthZero.key 
38018      INFO  main            d.u.i.k.p.i.AbstractProblemLoader Loading environment from /home/runner/work/key/key/key.core/../key.ui/examples/standard_key/strings/emptyStringLengthZero.key 
38018      DEBUG main            d.u.i.k.p.i.AbstractProblemLoader Environment load took 149.6ns 
38019      INFO  main            d.u.i.k.p.i.AbstractProblemLoader Creating init config 
40808      DEBUG main            d.u.i.k.p.i.AbstractProblemLoader Init config took 2.79s 
40830      INFO  main            d.u.i.k.p.i.AbstractProblemLoader Replaying proof emptyStringLengthZero.key 
40831      DEBUG main            d.u.i.k.p.i.IntermediateProofReplayer Proof replay took 7.3ns 
40936      INFO  main            d.u.i.k.p.r.p.TestFile    ... finished proof: closed. 
41120      INFO  main            d.u.i.k.p.i.AbstractProblemLoader Loading environment from /home/runner/work/key/key/key.core/../key.ui/examples/standard_key/strings/emptyStringLengthZero.key.proof 
41120      DEBUG main            d.u.i.k.p.i.AbstractProblemLoader Environment load took 544.22ns 
41123      INFO  main            d.u.i.k.p.i.AbstractProblemLoader Creating init config 
43868      DEBUG main            d.u.i.k.p.i.AbstractProblemLoader Init config took 2.75s 
43890      INFO  main            d.u.i.k.p.i.AbstractProblemLoader Replaying proof emptyStringLengthZero.key.proof 
43908      DEBUG main            d.u.i.k.p.i.IntermediateProofReplayer Proof replay took 12.16ms 
43909      DEBUG main            d.u.i.k.p.r.p.TestFile    ... success: reloaded. 
43910      INFO  main            d.u.i.k.p.r.p.TestFile    Now processing file /home/runner/work/key/key/key.core/../key.ui/examples/standard_key/strings/implicitBooleanStringConversion.key 
43911      INFO  main            d.u.i.k.p.i.AbstractProblemLoader Loading environment from /home/runner/work/key/key/key.core/../key.ui/examples/standard_key/strings/implicitBooleanStringConversion.key 
43911      DEBUG main            d.u.i.k.p.i.AbstractProblemLoader Environment load took 136.6ns 
43913      INFO  main            d.u.i.k.p.i.AbstractProblemLoader Creating init config 
46684      DEBUG main            d.u.i.k.p.i.AbstractProblemLoader Init config took 2.77s 
46708      INFO  main            d.u.i.k.p.i.AbstractProblemLoader Replaying proof implicitBooleanStringConversion.key 
46710      DEBUG main            d.u.i.k.p.i.IntermediateProofReplayer Proof replay took 9.9ns 
48028      INFO  main            d.u.i.k.p.r.p.TestFile    ... finished proof: closed. 
48237      INFO  main            d.u.i.k.p.i.AbstractProblemLoader Loading environment from /home/runner/work/key/key/key.core/../key.ui/examples/standard_key/strings/implicitBooleanStringConversion.key.proof 
48239      DEBUG main            d.u.i.k.p.i.AbstractProblemLoader Environment load took 2.67ms 
48241      INFO  main            d.u.i.k.p.i.AbstractProblemLoader Creating init config 
51059      DEBUG main            d.u.i.k.p.i.AbstractProblemLoader Init config took 2.82s 
51085      INFO  main            d.u.i.k.p.i.AbstractProblemLoader Replaying proof implicitBooleanStringConversion.key.proof 
51159      DEBUG main            d.u.i.k.p.i.IntermediateProofReplayer Proof replay took 67.45ms 
51161      DEBUG main            d.u.i.k.p.r.p.TestFile    ... success: reloaded. 
51162      INFO  main            d.u.i.k.p.r.p.TestFile    Now processing file /home/runner/work/key/key/key.core/../key.ui/examples/standard_key/strings/implicitBooleanStringConversion2.key 
51162      INFO  main            d.u.i.k.p.i.AbstractProblemLoader Loading environment from /home/runner/work/key/key/key.core/../key.ui/examples/standard_key/strings/implicitBooleanStringConversion2.key 
51163      DEBUG main            d.u.i.k.p.i.AbstractProblemLoader Environment load took 205.31ns 
51164      INFO  main            d.u.i.k.p.i.AbstractProblemLoader Creating init config 
53853      DEBUG main            d.u.i.k.p.i.AbstractProblemLoader Init config took 2.69s 
53877      INFO  main            d.u.i.k.p.i.AbstractProblemLoader Replaying proof implicitBooleanStringConversion2.key 
53879      DEBUG main            d.u.i.k.p.i.IntermediateProofReplayer Proof replay took 8.3ns 
54285      INFO  main            d.u.i.k.p.r.p.TestFile    ... finished proof: closed. 
54510      INFO  main            d.u.i.k.p.i.AbstractProblemLoader Loading environment from /home/runner/work/key/key/key.core/../key.ui/examples/standard_key/strings/implicitBooleanStringConversion2.key.proof 
54511      DEBUG main            d.u.i.k.p.i.AbstractProblemLoader Environment load took 1.05ms 
54513      INFO  main            d.u.i.k.p.i.AbstractProblemLoader Creating init config 
57238      DEBUG main            d.u.i.k.p.i.AbstractProblemLoader Init config took 2.72s 
57259      INFO  main            d.u.i.k.p.i.AbstractProblemLoader Replaying proof implicitBooleanStringConversion2.key.proof 
57285      DEBUG main            d.u.i.k.p.i.IntermediateProofReplayer Proof replay took 22.15ms 
57286      DEBUG main            d.u.i.k.p.r.p.TestFile    ... success: reloaded. 
57287      INFO  main            d.u.i.k.p.r.p.TestFile    Now processing file /home/runner/work/key/key/key.core/../key.ui/examples/standard_key/strings/implicitIntStringConversion.key 
57287      INFO  main            d.u.i.k.p.i.AbstractProblemLoader Loading environment from /home/runner/work/key/key/key.core/../key.ui/examples/standard_key/strings/implicitIntStringConversion.key 
57288      DEBUG main            d.u.i.k.p.i.AbstractProblemLoader Environment load took 205.1ns 
57289      INFO  main            d.u.i.k.p.i.AbstractProblemLoader Creating init config 
60060      DEBUG main            d.u.i.k.p.i.AbstractProblemLoader Init config took 2.77s 
60080      INFO  main            d.u.i.k.p.i.AbstractProblemLoader Replaying proof implicitIntStringConversion.key 
60082      DEBUG main            d.u.i.k.p.i.IntermediateProofReplayer Proof replay took 8.4ns 
60796      INFO  main            d.u.i.k.p.r.p.TestFile    ... finished proof: closed. 
61050      INFO  main            d.u.i.k.p.i.AbstractProblemLoader Loading environment from /home/runner/work/key/key/key.core/../key.ui/examples/standard_key/strings/implicitIntStringConversion.key.proof 
61051      DEBUG main            d.u.i.k.p.i.AbstractProblemLoader Environment load took 398.51ns 
61052      INFO  main            d.u.i.k.p.i.AbstractProblemLoader Creating init config 
63705      DEBUG main            d.u.i.k.p.i.AbstractProblemLoader Init config took 2.65s 
63727      INFO  main            d.u.i.k.p.i.AbstractProblemLoader Replaying proof implicitIntStringConversion.key.proof 
63780      DEBUG main            d.u.i.k.p.i.IntermediateProofReplayer Proof replay took 47.26ms 
63782      DEBUG main            d.u.i.k.p.r.p.TestFile    ... success: reloaded. 
63783      INFO  main            d.u.i.k.p.r.p.TestFile    Now processing file /home/runner/work/key/key/key.core/../key.ui/examples/standard_key/strings/implicitNullStringConversion.key 
63783      INFO  main            d.u.i.k.p.i.AbstractProblemLoader Loading environment from /home/runner/work/key/key/key.core/../key.ui/examples/standard_key/strings/implicitNullStringConversion.key 
63783      DEBUG main            d.u.i.k.p.i.AbstractProblemLoader Environment load took 197.81ns 
63784      INFO  main            d.u.i.k.p.i.AbstractProblemLoader Creating init config 
66470      DEBUG main            d.u.i.k.p.i.AbstractProblemLoader Init config took 2.69s 
66490      INFO  main            d.u.i.k.p.i.AbstractProblemLoader Replaying proof implicitNullStringConversion.key 
66492      DEBUG main            d.u.i.k.p.i.IntermediateProofReplayer Proof replay took 7.8ns 
66800      INFO  main            d.u.i.k.p.r.p.TestFile    ... finished proof: closed. 
67022      INFO  main            d.u.i.k.p.i.AbstractProblemLoader Loading environment from /home/runner/work/key/key/key.core/../key.ui/examples/standard_key/strings/implicitNullStringConversion.key.proof 
67022      DEBUG main            d.u.i.k.p.i.AbstractProblemLoader Environment load took 456.61ns 
67024      INFO  main            d.u.i.k.p.i.AbstractProblemLoader Creating init config 
69768      DEBUG main            d.u.i.k.p.i.AbstractProblemLoader Init config took 2.74s 
69788      INFO  main            d.u.i.k.p.i.AbstractProblemLoader Replaying proof implicitNullStringConversion.key.proof 
69813      DEBUG main            d.u.i.k.p.i.IntermediateProofReplayer Proof replay took 21.06ms 
69814      DEBUG main            d.u.i.k.p.r.p.TestFile    ... success: reloaded. 
69815      INFO  main            d.u.i.k.p.r.p.TestFile    Now processing file /home/runner/work/key/key/key.core/../key.ui/examples/standard_key/strings/implicitNullStringConversion2.key 
69816      INFO  main            d.u.i.k.p.i.AbstractProblemLoader Loading environment from /home/runner/work/key/key/key.core/../key.ui/examples/standard_key/strings/implicitNullStringConversion2.key 
69816      DEBUG main            d.u.i.k.p.i.AbstractProblemLoader Environment load took 198.11ns 
69817      INFO  main            d.u.i.k.p.i.AbstractProblemLoader Creating init config 
72579      DEBUG main            d.u.i.k.p.i.AbstractProblemLoader Init config took 2.76s 
72601      INFO  main            d.u.i.k.p.i.AbstractProblemLoader Replaying proof implicitNullStringConversion2.key 
72603      DEBUG main            d.u.i.k.p.i.IntermediateProofReplayer Proof replay took 8.6ns 
72911      INFO  main            d.u.i.k.p.r.p.TestFile    ... finished proof: closed. 
73136      INFO  main            d.u.i.k.p.i.AbstractProblemLoader Loading environment from /home/runner/work/key/key/key.core/../key.ui/examples/standard_key/strings/implicitNullStringConversion2.key.proof 
73136      DEBUG main            d.u.i.k.p.i.AbstractProblemLoader Environment load took 140.9ns 
73138      INFO  main            d.u.i.k.p.i.AbstractProblemLoader Creating init config 
75841      DEBUG main            d.u.i.k.p.i.AbstractProblemLoader Init config took 2.7s 
75861      INFO  main            d.u.i.k.p.i.AbstractProblemLoader Replaying proof implicitNullStringConversion2.key.proof 
75880      DEBUG main            d.u.i.k.p.i.IntermediateProofReplayer Proof replay took 16.42ms 
75881      DEBUG main            d.u.i.k.p.r.p.TestFile    ... success: reloaded. 
75882      INFO  main            d.u.i.k.p.r.p.TestFile    Now processing file /home/runner/work/key/key/key.core/../key.ui/examples/standard_key/strings/implicitObjectStringConversion.key 
75883      INFO  main            d.u.i.k.p.i.AbstractProblemLoader Loading environment from /home/runner/work/key/key/key.core/../key.ui/examples/standard_key/strings/implicitObjectStringConversion.key 
75883      DEBUG main            d.u.i.k.p.i.AbstractProblemLoader Environment load took 209.11ns 
75884      INFO  main            d.u.i.k.p.i.AbstractProblemLoader Creating init config 
78910      DEBUG main            d.u.i.k.p.i.AbstractProblemLoader Init config took 3.03s 
78930      INFO  main            d.u.i.k.p.i.AbstractProblemLoader Replaying proof implicitObjectStringConversion.key 
78931      DEBUG main            d.u.i.k.p.i.IntermediateProofReplayer Proof replay took 8.1ns 
79643      INFO  main            d.u.i.k.p.r.p.TestFile    ... finished proof: closed. 
79896      INFO  main            d.u.i.k.p.i.AbstractProblemLoader Loading environment from /home/runner/work/key/key/key.core/../key.ui/examples/standard_key/strings/implicitObjectStringConversion.key.proof 
79898      DEBUG main            d.u.i.k.p.i.AbstractProblemLoader Environment load took 1.42ms 
79900      INFO  main            d.u.i.k.p.i.AbstractProblemLoader Creating init config 
82798      DEBUG main            d.u.i.k.p.i.AbstractProblemLoader Init config took 2.9s 
82824      INFO  main            d.u.i.k.p.i.AbstractProblemLoader Replaying proof implicitObjectStringConversion.key.proof 
82885      DEBUG main            d.u.i.k.p.i.IntermediateProofReplayer Proof replay took 56.37ms 
82887      DEBUG main            d.u.i.k.p.r.p.TestFile    ... success: reloaded. 
82888      INFO  main            d.u.i.k.p.r.p.TestFile    Now processing file /home/runner/work/key/key/key.core/../key.ui/examples/standard_key/strings/literalEquality.key 
82889      INFO  main            d.u.i.k.p.i.AbstractProblemLoader Loading environment from /home/runner/work/key/key/key.core/../key.ui/examples/standard_key/strings/literalEquality.key 
82889      DEBUG main            d.u.i.k.p.i.AbstractProblemLoader Environment load took 219.01ns 
82890      INFO  main            d.u.i.k.p.i.AbstractProblemLoader Creating init config 
85614      DEBUG main            d.u.i.k.p.i.AbstractProblemLoader Init config took 2.72s 
85632      INFO  main            d.u.i.k.p.i.AbstractProblemLoader Replaying proof literalEquality.key 
85634      DEBUG main            d.u.i.k.p.i.IntermediateProofReplayer Proof replay took 7.7ns 
85737      INFO  main            d.u.i.k.p.r.p.TestFile    ... finished proof: closed. 
85984      INFO  main            d.u.i.k.p.i.AbstractProblemLoader Loading environment from /home/runner/work/key/key/key.core/../key.ui/examples/standard_key/strings/literalEquality.key.proof 
85984      DEBUG main            d.u.i.k.p.i.AbstractProblemLoader Environment load took 129.3ns 
85985      INFO  main            d.u.i.k.p.i.AbstractProblemLoader Creating init config 
88646      DEBUG main            d.u.i.k.p.i.AbstractProblemLoader Init config took 2.66s 
88664      INFO  main            d.u.i.k.p.i.AbstractProblemLoader Replaying proof literalEquality.key.proof 
88669      DEBUG main            d.u.i.k.p.i.IntermediateProofReplayer Proof replay took 2.28ms 
88670      DEBUG main            d.u.i.k.p.r.p.TestFile    ... success: reloaded. 
88671      INFO  main            d.u.i.k.p.r.p.TestFile    Now processing file /home/runner/work/key/key/key.core/../key.ui/examples/standard_key/strings/replace0.key 
88671      INFO  main            d.u.i.k.p.i.AbstractProblemLoader Loading environment from /home/runner/work/key/key/key.core/../key.ui/examples/standard_key/strings/replace0.key 
88671      DEBUG main            d.u.i.k.p.i.AbstractProblemLoader Environment load took 202.31ns 
88672      INFO  main            d.u.i.k.p.i.AbstractProblemLoader Creating init config 
91333      DEBUG main            d.u.i.k.p.i.AbstractProblemLoader Init config took 2.66s 
91352      INFO  main            d.u.i.k.p.i.AbstractProblemLoader Replaying proof replace0.key 
91353      DEBUG main            d.u.i.k.p.i.IntermediateProofReplayer Proof replay took 8.5ns 
91456      INFO  main            d.u.i.k.p.r.p.TestFile    ... finished proof: closed. 
91704      INFO  main            d.u.i.k.p.i.AbstractProblemLoader Loading environment from /home/runner/work/key/key/key.core/../key.ui/examples/standard_key/strings/replace0.key.proof 
91705      DEBUG main            d.u.i.k.p.i.AbstractProblemLoader Environment load took 134.3ns 
91706      INFO  main            d.u.i.k.p.i.AbstractProblemLoader Creating init config 
94324      DEBUG main            d.u.i.k.p.i.AbstractProblemLoader Init config took 2.62s 
94342      INFO  main            d.u.i.k.p.i.AbstractProblemLoader Replaying proof replace0.key.proof 
94353      DEBUG main            d.u.i.k.p.i.IntermediateProofReplayer Proof replay took 9.32ms 
94365      DEBUG main            d.u.i.k.p.r.p.TestFile    ... success: reloaded. 
94368      INFO  main            d.u.i.k.p.r.p.TestFile    Now processing file /home/runner/work/key/key/key.core/../key.ui/examples/standard_key/strings/replace1.key 
94368      INFO  main            d.u.i.k.p.i.AbstractProblemLoader Loading environment from /home/runner/work/key/key/key.core/../key.ui/examples/standard_key/strings/replace1.key 
94368      DEBUG main            d.u.i.k.p.i.AbstractProblemLoader Environment load took 108ns 
94370      INFO  main            d.u.i.k.p.i.AbstractProblemLoader Creating init config 
97062      DEBUG main            d.u.i.k.p.i.AbstractProblemLoader Init config took 2.69s 
97116      INFO  main            d.u.i.k.p.i.AbstractProblemLoader Replaying proof replace1.key 
97118      DEBUG main            d.u.i.k.p.i.IntermediateProofReplayer Proof replay took 8.9ns 
97221      INFO  main            d.u.i.k.p.r.p.TestFile    ... finished proof: closed. 
97459      INFO  main            d.u.i.k.p.i.AbstractProblemLoader Loading environment from /home/runner/work/key/key/key.core/../key.ui/examples/standard_key/strings/replace1.key.proof 
97459      DEBUG main            d.u.i.k.p.i.AbstractProblemLoader Environment load took 128.8ns 
97460      INFO  main            d.u.i.k.p.i.AbstractProblemLoader Creating init config 
100103     DEBUG main            d.u.i.k.p.i.AbstractProblemLoader Init config took 2.64s 
100120     INFO  main            d.u.i.k.p.i.AbstractProblemLoader Replaying proof replace1.key.proof 
100131     DEBUG main            d.u.i.k.p.i.IntermediateProofReplayer Proof replay took 8.32ms 
100132     DEBUG main            d.u.i.k.p.r.p.TestFile    ... success: reloaded. 
100132     INFO  main            d.u.i.k.p.r.p.TestFile    Now processing file /home/runner/work/key/key/key.core/../key.ui/examples/standard_key/strings/simpleAssignment.key 
100133     INFO  main            d.u.i.k.p.i.AbstractProblemLoader Loading environment from /home/runner/work/key/key/key.core/../key.ui/examples/standard_key/strings/simpleAssignment.key 
100133     DEBUG main            d.u.i.k.p.i.AbstractProblemLoader Environment load took 111.63ns 
100134     INFO  main            d.u.i.k.p.i.AbstractProblemLoader Creating init config 
102832     DEBUG main            d.u.i.k.p.i.AbstractProblemLoader Init config took 2.7s 
102850     INFO  main            d.u.i.k.p.i.AbstractProblemLoader Replaying proof simpleAssignment.key 
102852     DEBUG main            d.u.i.k.p.i.IntermediateProofReplayer Proof replay took 8.6ns 
102955     INFO  main            d.u.i.k.p.r.p.TestFile    ... finished proof: closed. 
103281     INFO  main            d.u.i.k.p.i.AbstractProblemLoader Loading environment from /home/runner/work/key/key/key.core/../key.ui/examples/standard_key/strings/simpleAssignment.key.proof 
103281     DEBUG main            d.u.i.k.p.i.AbstractProblemLoader Environment load took 124.3ns 
103283     INFO  main            d.u.i.k.p.i.AbstractProblemLoader Creating init config 
106007     DEBUG main            d.u.i.k.p.i.AbstractProblemLoader Init config took 2.72s 
106025     INFO  main            d.u.i.k.p.i.AbstractProblemLoader Replaying proof simpleAssignment.key.proof 
106028     DEBUG main            d.u.i.k.p.i.IntermediateProofReplayer Proof replay took 1.37ms 
106029     DEBUG main            d.u.i.k.p.r.p.TestFile    ... success: reloaded. 
106030     INFO  main            d.u.i.k.p.r.p.TestFile    Now processing file /home/runner/work/key/key/key.core/../key.ui/examples/standard_key/strings/simpleLengthComp.key 
106030     INFO  main            d.u.i.k.p.i.AbstractProblemLoader Loading environment from /home/runner/work/key/key/key.core/../key.ui/examples/standard_key/strings/simpleLengthComp.key 
106030     DEBUG main            d.u.i.k.p.i.AbstractProblemLoader Environment load took 88.5ns 
106031     INFO  main            d.u.i.k.p.i.AbstractProblemLoader Creating init config 
108728     DEBUG main            d.u.i.k.p.i.AbstractProblemLoader Init config took 2.7s 
108746     INFO  main            d.u.i.k.p.i.AbstractProblemLoader Replaying proof simpleLengthComp.key 
108750     DEBUG main            d.u.i.k.p.i.IntermediateProofReplayer Proof replay took 8.1ns 
108955     INFO  main            d.u.i.k.p.r.p.TestFile    ... finished proof: closed. 
109224     INFO  main            d.u.i.k.p.i.AbstractProblemLoader Loading environment from /home/runner/work/key/key/key.core/../key.ui/examples/standard_key/strings/simpleLengthComp.key.proof 
109224     DEBUG main            d.u.i.k.p.i.AbstractProblemLoader Environment load took 158.61ns 
109227     INFO  main            d.u.i.k.p.i.AbstractProblemLoader Creating init config 
111888     DEBUG main            d.u.i.k.p.i.AbstractProblemLoader Init config took 2.66s 
111908     INFO  main            d.u.i.k.p.i.AbstractProblemLoader Replaying proof simpleLengthComp.key.proof 
111934     DEBUG main            d.u.i.k.p.i.IntermediateProofReplayer Proof replay took 23.79ms 
111935     DEBUG main            d.u.i.k.p.r.p.TestFile    ... success: reloaded. 
111937     INFO  main            d.u.i.k.p.r.p.TestFile    Now processing file /home/runner/work/key/key/key.core/../key.ui/examples/standard_key/strings/stringCompileTimeConstant1.key 
111937     INFO  main            d.u.i.k.p.i.AbstractProblemLoader Loading environment from /home/runner/work/key/key/key.core/../key.ui/examples/standard_key/strings/stringCompileTimeConstant1.key 
111937     DEBUG main            d.u.i.k.p.i.AbstractProblemLoader Environment load took 196.61ns 
111938     INFO  main            d.u.i.k.p.i.AbstractProblemLoader Creating init config 
114738     DEBUG main            d.u.i.k.p.i.AbstractProblemLoader Init config took 2.8s 
114755     INFO  main            d.u.i.k.p.i.AbstractProblemLoader Replaying proof stringCompileTimeConstant1.key 
114756     DEBUG main            d.u.i.k.p.i.IntermediateProofReplayer Proof replay took 9.1ns 
114858     INFO  main            d.u.i.k.p.r.p.TestFile    ... finished proof: closed. 
115129     INFO  main            d.u.i.k.p.i.AbstractProblemLoader Loading environment from /home/runner/work/key/key/key.core/../key.ui/examples/standard_key/strings/stringCompileTimeConstant1.key.proof 
115129     DEBUG main            d.u.i.k.p.i.AbstractProblemLoader Environment load took 125.8ns 
115130     INFO  main            d.u.i.k.p.i.AbstractProblemLoader Creating init config 
117779     DEBUG main            d.u.i.k.p.i.AbstractProblemLoader Init config took 2.65s 
117797     INFO  main            d.u.i.k.p.i.AbstractProblemLoader Replaying proof stringCompileTimeConstant1.key.proof 
117803     DEBUG main            d.u.i.k.p.i.IntermediateProofReplayer Proof replay took 3.28ms 
117804     DEBUG main            d.u.i.k.p.r.p.TestFile    ... success: reloaded. 
117805     INFO  main            d.u.i.k.p.r.p.TestFile    Now processing file /home/runner/work/key/key/key.core/../key.ui/examples/standard_key/strings/stringCompileTimeConstant2.key 
117805     INFO  main            d.u.i.k.p.i.AbstractProblemLoader Loading environment from /home/runner/work/key/key/key.core/../key.ui/examples/standard_key/strings/stringCompileTimeConstant2.key 
117805     DEBUG main            d.u.i.k.p.i.AbstractProblemLoader Environment load took 201.11ns 
117807     INFO  main            d.u.i.k.p.i.AbstractProblemLoader Creating init config 
120825     DEBUG main            d.u.i.k.p.i.AbstractProblemLoader Init config took 3.02s 
120842     INFO  main            d.u.i.k.p.i.AbstractProblemLoader Replaying proof stringCompileTimeConstant2.key 
120844     DEBUG main            d.u.i.k.p.i.IntermediateProofReplayer Proof replay took 8.2ns 
123763     INFO  main            d.u.i.k.p.r.p.TestFile    ... finished proof: closed. 
124143     INFO  main            d.u.i.k.p.i.AbstractProblemLoader Loading environment from /home/runner/work/key/key/key.core/../key.ui/examples/standard_key/strings/stringCompileTimeConstant2.key.proof 
124147     DEBUG main            d.u.i.k.p.i.AbstractProblemLoader Environment load took 4.55ms 
124149     INFO  main            d.u.i.k.p.i.AbstractProblemLoader Creating init config 
127060     DEBUG main            d.u.i.k.p.i.AbstractProblemLoader Init config took 2.91s 
127078     INFO  main            d.u.i.k.p.i.AbstractProblemLoader Replaying proof stringCompileTimeConstant2.key.proof 
127350     DEBUG main            d.u.i.k.p.i.IntermediateProofReplayer Proof replay took 259.79ms 
127352     DEBUG main            d.u.i.k.p.r.p.TestFile    ... success: reloaded. 
127353     INFO  main            d.u.i.k.p.r.p.TestFile    Now processing file /home/runner/work/key/key/key.core/../key.ui/examples/standard_key/strings/stringEquality1.key 
127353     INFO  main            d.u.i.k.p.i.AbstractProblemLoader Loading environment from /home/runner/work/key/key/key.core/../key.ui/examples/standard_key/strings/stringEquality1.key 
127353     DEBUG main            d.u.i.k.p.i.AbstractProblemLoader Environment load took 109.6ns 
127354     INFO  main            d.u.i.k.p.i.AbstractProblemLoader Creating init config 
130178     DEBUG main            d.u.i.k.p.i.AbstractProblemLoader Init config took 2.82s 
130197     INFO  main            d.u.i.k.p.i.AbstractProblemLoader Replaying proof stringEquality1.key 
130198     DEBUG main            d.u.i.k.p.i.IntermediateProofReplayer Proof replay took 8.8ns 
130304     INFO  main            d.u.i.k.p.r.p.TestFile    ... finished proof: closed. 
130674     INFO  main            d.u.i.k.p.i.AbstractProblemLoader Loading environment from /home/runner/work/key/key/key.core/../key.ui/examples/standard_key/strings/stringEquality1.key.proof 
130674     DEBUG main            d.u.i.k.p.i.AbstractProblemLoader Environment load took 125.7ns 
130676     INFO  main            d.u.i.k.p.i.AbstractProblemLoader Creating init config 
133390     DEBUG main            d.u.i.k.p.i.AbstractProblemLoader Init config took 2.71s 
133407     INFO  main            d.u.i.k.p.i.AbstractProblemLoader Replaying proof stringEquality1.key.proof 
133414     DEBUG main            d.u.i.k.p.i.IntermediateProofReplayer Proof replay took 5.23ms 
133416     DEBUG main            d.u.i.k.p.r.p.TestFile    ... success: reloaded. 
133416     INFO  main            d.u.i.k.p.r.p.TestFile    Now processing file /home/runner/work/key/key/key.core/../key.ui/examples/standard_key/strings/stringEquality2.key 
133416     INFO  main            d.u.i.k.p.i.AbstractProblemLoader Loading environment from /home/runner/work/key/key/key.core/../key.ui/examples/standard_key/strings/stringEquality2.key 
133417     DEBUG main            d.u.i.k.p.i.AbstractProblemLoader Environment load took 102.5ns 
133418     INFO  main            d.u.i.k.p.i.AbstractProblemLoader Creating init config 
136134     DEBUG main            d.u.i.k.p.i.AbstractProblemLoader Init config took 2.72s 
136151     INFO  main            d.u.i.k.p.i.AbstractProblemLoader Replaying proof stringEquality2.key 
136153     DEBUG main            d.u.i.k.p.i.IntermediateProofReplayer Proof replay took 8.8ns 
136657     INFO  main            d.u.i.k.p.r.p.TestFile    ... finished proof: closed. 
136969     INFO  main            d.u.i.k.p.i.AbstractProblemLoader Loading environment from /home/runner/work/key/key/key.core/../key.ui/examples/standard_key/strings/stringEquality2.key.proof 
136969     DEBUG main            d.u.i.k.p.i.AbstractProblemLoader Environment load took 374.91ns 
136971     INFO  main            d.u.i.k.p.i.AbstractProblemLoader Creating init config 
139633     DEBUG main            d.u.i.k.p.i.AbstractProblemLoader Init config took 2.66s 
139650     INFO  main            d.u.i.k.p.i.AbstractProblemLoader Replaying proof stringEquality2.key.proof 
139675     DEBUG main            d.u.i.k.p.i.IntermediateProofReplayer Proof replay took 21.08ms 
139676     DEBUG main            d.u.i.k.p.r.p.TestFile    ... success: reloaded. 
139677     INFO  main            d.u.i.k.p.r.p.TestFile    Now processing file /home/runner/work/key/key/key.core/../key.ui/examples/standard_key/strings/substring0.key 
139677     INFO  main            d.u.i.k.p.i.AbstractProblemLoader Loading environment from /home/runner/work/key/key/key.core/../key.ui/examples/standard_key/strings/substring0.key 
139677     DEBUG main            d.u.i.k.p.i.AbstractProblemLoader Environment load took 104.7ns 
139678     INFO  main            d.u.i.k.p.i.AbstractProblemLoader Creating init config 
142426     DEBUG main            d.u.i.k.p.i.AbstractProblemLoader Init config took 2.75s 
142442     INFO  main            d.u.i.k.p.i.AbstractProblemLoader Replaying proof substring0.key 
142443     DEBUG main            d.u.i.k.p.i.IntermediateProofReplayer Proof replay took 18.4ns 
142550     INFO  main            d.u.i.k.p.r.p.TestFile    ... finished proof: closed. 
142861     INFO  main            d.u.i.k.p.i.AbstractProblemLoader Loading environment from /home/runner/work/key/key/key.core/../key.ui/examples/standard_key/strings/substring0.key.proof 
142861     DEBUG main            d.u.i.k.p.i.AbstractProblemLoader Environment load took 124.1ns 
142863     INFO  main            d.u.i.k.p.i.AbstractProblemLoader Creating init config 
145428     DEBUG main            d.u.i.k.p.i.AbstractProblemLoader Init config took 2.57s 
145447     INFO  main            d.u.i.k.p.i.AbstractProblemLoader Replaying proof substring0.key.proof 
145449     DEBUG main            d.u.i.k.p.i.IntermediateProofReplayer Proof replay took 458.12ns 
145450     DEBUG main            d.u.i.k.p.r.p.TestFile    ... success: reloaded. 
145451     INFO  main            d.u.i.k.p.r.p.TestFile    Now processing file /home/runner/work/key/key/key.core/../key.ui/examples/standard_key/strings/substring1.key 
145452     INFO  main            d.u.i.k.p.i.AbstractProblemLoader Loading environment from /home/runner/work/key/key/key.core/../key.ui/examples/standard_key/strings/substring1.key 
145452     DEBUG main            d.u.i.k.p.i.AbstractProblemLoader Environment load took 190.51ns 
145453     INFO  main            d.u.i.k.p.i.AbstractProblemLoader Creating init config 
148142     DEBUG main            d.u.i.k.p.i.AbstractProblemLoader Init config took 2.69s 
148158     INFO  main            d.u.i.k.p.i.AbstractProblemLoader Replaying proof substring1.key 
148159     DEBUG main            d.u.i.k.p.i.IntermediateProofReplayer Proof replay took 7.3ns 
148261     INFO  main            d.u.i.k.p.r.p.TestFile    ... finished proof: closed. 
148542     INFO  main            d.u.i.k.p.i.AbstractProblemLoader Loading environment from /home/runner/work/key/key/key.core/../key.ui/examples/standard_key/strings/substring1.key.proof 
148542     DEBUG main            d.u.i.k.p.i.AbstractProblemLoader Environment load took 116.9ns 
148544     INFO  main            d.u.i.k.p.i.AbstractProblemLoader Creating init config 
151126     DEBUG main            d.u.i.k.p.i.AbstractProblemLoader Init config took 2.58s 
151142     INFO  main            d.u.i.k.p.i.AbstractProblemLoader Replaying proof substring1.key.proof 
151144     DEBUG main            d.u.i.k.p.i.IntermediateProofReplayer Proof replay took 485.22ns 
151145     DEBUG main            d.u.i.k.p.r.p.TestFile    ... success: reloaded. 
151146     INFO  main            d.u.i.k.p.r.p.TestFile    Now processing file /home/runner/work/key/key/key.core/../key.ui/examples/standard_key/strings/substring2.key 
151146     INFO  main            d.u.i.k.p.i.AbstractProblemLoader Loading environment from /home/runner/work/key/key/key.core/../key.ui/examples/standard_key/strings/substring2.key 
151146     DEBUG main            d.u.i.k.p.i.AbstractProblemLoader Environment load took 94ns 
151147     INFO  main            d.u.i.k.p.i.AbstractProblemLoader Creating init config 
153812     DEBUG main            d.u.i.k.p.i.AbstractProblemLoader Init config took 2.67s 
153828     INFO  main            d.u.i.k.p.i.AbstractProblemLoader Replaying proof substring2.key 
153829     DEBUG main            d.u.i.k.p.i.IntermediateProofReplayer Proof replay took 8.2ns 
153935     INFO  main            d.u.i.k.p.r.p.TestFile    ... finished proof: closed. 
154239     INFO  main            d.u.i.k.p.i.AbstractProblemLoader Loading environment from /home/runner/work/key/key/key.core/../key.ui/examples/standard_key/strings/substring2.key.proof 
154239     DEBUG main            d.u.i.k.p.i.AbstractProblemLoader Environment load took 118.1ns 
154241     INFO  main            d.u.i.k.p.i.AbstractProblemLoader Creating init config 
156836     DEBUG main            d.u.i.k.p.i.AbstractProblemLoader Init config took 2.6s 
156852     INFO  main            d.u.i.k.p.i.AbstractProblemLoader Replaying proof substring2.key.proof 
156855     DEBUG main            d.u.i.k.p.i.IntermediateProofReplayer Proof replay took 724.23ns 
156856     DEBUG main            d.u.i.k.p.r.p.TestFile    ... success: reloaded. 
156856     INFO  main            d.u.i.k.p.r.p.TestFile    Now processing file /home/runner/work/key/key/key.core/../key.ui/examples/standard_key/strings/substring3.key 
156857     INFO  main            d.u.i.k.p.i.AbstractProblemLoader Loading environment from /home/runner/work/key/key/key.core/../key.ui/examples/standard_key/strings/substring3.key 
156857     DEBUG main            d.u.i.k.p.i.AbstractProblemLoader Environment load took 76.3ns 
156858     INFO  main            d.u.i.k.p.i.AbstractProblemLoader Creating init config 
159539     DEBUG main            d.u.i.k.p.i.AbstractProblemLoader Init config took 2.68s 
159561     INFO  main            d.u.i.k.p.i.AbstractProblemLoader Replaying proof substring3.key 
159563     DEBUG main            d.u.i.k.p.i.IntermediateProofReplayer Proof replay took 9ns 
159665     INFO  main            d.u.i.k.p.r.p.TestFile    ... finished proof: closed. 
159979     INFO  main            d.u.i.k.p.i.AbstractProblemLoader Loading environment from /home/runner/work/key/key/key.core/../key.ui/examples/standard_key/strings/substring3.key.proof 
159980     DEBUG main            d.u.i.k.p.i.AbstractProblemLoader Environment load took 122.3ns 
159981     INFO  main            d.u.i.k.p.i.AbstractProblemLoader Creating init config 
162599     DEBUG main            d.u.i.k.p.i.AbstractProblemLoader Init config took 2.62s 
162615     INFO  main            d.u.i.k.p.i.AbstractProblemLoader Replaying proof substring3.key.proof 
162618     DEBUG main            d.u.i.k.p.i.IntermediateProofReplayer Proof replay took 1.81ms 
162619     DEBUG main            d.u.i.k.p.r.p.TestFile    ... success: reloaded. 
162620     INFO  main            d.u.i.k.p.r.p.TestFile    Now processing file /home/runner/work/key/key/key.core/../key.ui/examples/standard_key/strings/substring4.key 
162620     INFO  main            d.u.i.k.p.i.AbstractProblemLoader Loading environment from /home/runner/work/key/key/key.core/../key.ui/examples/standard_key/strings/substring4.key 
162620     DEBUG main            d.u.i.k.p.i.AbstractProblemLoader Environment load took 112.1ns 
162621     INFO  main            d.u.i.k.p.i.AbstractProblemLoader Creating init config 
165319     DEBUG main            d.u.i.k.p.i.AbstractProblemLoader Init config took 2.7s 
165335     INFO  main            d.u.i.k.p.i.AbstractProblemLoader Replaying proof substring4.key 
165336     DEBUG main            d.u.i.k.p.i.IntermediateProofReplayer Proof replay took 8.3ns 
165438     INFO  main            d.u.i.k.p.r.p.TestFile    ... finished proof: closed. 
165759     INFO  main            d.u.i.k.p.i.AbstractProblemLoader Loading environment from /home/runner/work/key/key/key.core/../key.ui/examples/standard_key/strings/substring4.key.proof 
165759     DEBUG main            d.u.i.k.p.i.AbstractProblemLoader Environment load took 114.3ns 
165761     INFO  main            d.u.i.k.p.i.AbstractProblemLoader Creating init config 
168361     DEBUG main            d.u.i.k.p.i.AbstractProblemLoader Init config took 2.6s 
168377     INFO  main            d.u.i.k.p.i.AbstractProblemLoader Replaying proof substring4.key.proof 
168381     DEBUG main            d.u.i.k.p.i.IntermediateProofReplayer Proof replay took 2.37ms 
168382     DEBUG main            d.u.i.k.p.r.p.TestFile    ... success: reloaded. 
168382     INFO  main            d.u.i.k.p.r.p.TestFile    Now processing file /home/runner/work/key/key/key.core/../key.ui/examples/standard_key/strings/substring5.key 
168383     INFO  main            d.u.i.k.p.i.AbstractProblemLoader Loading environment from /home/runner/work/key/key/key.core/../key.ui/examples/standard_key/strings/substring5.key 
168383     DEBUG main            d.u.i.k.p.i.AbstractProblemLoader Environment load took 78.5ns 
168384     INFO  main            d.u.i.k.p.i.AbstractProblemLoader Creating init config 
171049     DEBUG main            d.u.i.k.p.i.AbstractProblemLoader Init config took 2.67s 
171068     INFO  main            d.u.i.k.p.i.AbstractProblemLoader Replaying proof substring5.key 
171070     DEBUG main            d.u.i.k.p.i.IntermediateProofReplayer Proof replay took 8.2ns 
171373     INFO  main            d.u.i.k.p.r.p.TestFile    ... finished proof: closed. 
171776     INFO  main            d.u.i.k.p.i.AbstractProblemLoader Loading environment from /home/runner/work/key/key/key.core/../key.ui/examples/standard_key/strings/substring5.key.proof 
171776     DEBUG main            d.u.i.k.p.i.AbstractProblemLoader Environment load took 134.3ns 
171778     INFO  main            d.u.i.k.p.i.AbstractProblemLoader Creating init config 
174380     DEBUG main            d.u.i.k.p.i.AbstractProblemLoader Init config took 2.6s 
174396     INFO  main            d.u.i.k.p.i.AbstractProblemLoader Replaying proof substring5.key.proof 
174417     DEBUG main            d.u.i.k.p.i.IntermediateProofReplayer Proof replay took 16.03ms 
174419     DEBUG main            d.u.i.k.p.r.p.TestFile    ... success: reloaded. 
4615115    INFO  Test worker     d.u.i.k.p.r.RunAllProofsTestUnit Returning from test strings 
4615117    INFO  Test worker     d.u.i.k.p.r.RunAllProofsTestUnit Running test simple_info_flow 
445        INFO  Timeout watchdog d.u.i.k.p.r.p.ForkedTestFileRunner Timeout watcher launched (2000 secs.) 
465        WARN  main            d.u.i.k.s.ProofSettings   The settings in /home/runner/.key/proof-settings.props are *not* read. 
525        INFO  main            d.u.i.k.p.r.p.TestFile    Now processing file /home/runner/work/key/key/key.core/../key.ui/examples/heap/information_flow/UpdateAbstraction_ex7_1_insecure.key 
701        INFO  main            d.u.i.k.p.i.AbstractProblemLoader Loading environment from /home/runner/work/key/key/key.core/../key.ui/examples/heap/information_flow/UpdateAbstraction_ex7_1_insecure.key 
725        DEBUG main            d.u.i.k.p.i.AbstractProblemLoader Environment load took 2.51ms 
987        INFO  main            d.u.i.k.p.i.AbstractProblemLoader Creating init config 
1974       DEBUG main            d.u.i.k.j.TypeConverter   No LDT found for Meta 
1977       DEBUG main            d.u.i.k.j.TypeConverter   No LDT found for Meta 
1981       DEBUG main            d.u.i.k.j.TypeConverter   No LDT found for Meta 
1982       DEBUG main            d.u.i.k.j.TypeConverter   No LDT found for Meta 
3592       DEBUG main            d.u.i.k.j.TypeConverter   No LDT found for JavaBigintExpression 
9637       DEBUG main            d.u.i.k.p.i.AbstractProblemLoader Init config took 8.65s 
9807       INFO  main            d.u.i.k.p.i.AbstractProblemLoader Replaying proof UpdateAbstraction[UpdateAbstraction::ex7_1_insecure()].JML operation contract.0 
9852       DEBUG main            d.u.i.k.p.i.IntermediateProofReplayer Proof replay took 38.5ns 
10623      INFO  main            d.u.i.k.p.r.p.TestFile    ... finished proof: open goal(s) 
10769      INFO  main            d.u.i.k.p.r.p.TestFile    Now processing file /home/runner/work/key/key/key.core/../key.ui/examples/heap/information_flow/UpdateAbstraction_ex7_2_insecure.key 
10772      INFO  main            d.u.i.k.p.i.AbstractProblemLoader Loading environment from /home/runner/work/key/key/key.core/../key.ui/examples/heap/information_flow/UpdateAbstraction_ex7_2_insecure.key 
10773      DEBUG main            d.u.i.k.p.i.AbstractProblemLoader Environment load took 380.61ns 
10776      INFO  main            d.u.i.k.p.i.AbstractProblemLoader Creating init config 
14408      DEBUG main            d.u.i.k.p.i.AbstractProblemLoader Init config took 3.63s 
14482      INFO  main            d.u.i.k.p.i.AbstractProblemLoader Replaying proof UpdateAbstraction[UpdateAbstraction::ex7_2_insecure()].JML operation contract.0 
14489      DEBUG main            d.u.i.k.p.i.IntermediateProofReplayer Proof replay took 7.7ns 
14998      INFO  main            d.u.i.k.p.r.p.TestFile    ... finished proof: open goal(s) 
4630469    INFO  Test worker     d.u.i.k.p.r.RunAllProofsTestUnit Returning from test simple_info_flow 
4630470    INFO  Test worker     d.u.i.k.p.r.RunAllProofsTestUnit Running test modelMethods 
433        INFO  Timeout watchdog d.u.i.k.p.r.p.ForkedTestFileRunner Timeout watcher launched (2000 secs.) 
449        WARN  main            d.u.i.k.s.ProofSettings   The settings in /home/runner/.key/proof-settings.props are *not* read. 
489        INFO  main            d.u.i.k.p.r.p.TestFile    Now processing file /home/runner/work/key/key/key.core/../key.ui/examples/heap/model_methods/Cell_footprint_acc.key 
623        INFO  main            d.u.i.k.p.i.AbstractProblemLoader Loading environment from /home/runner/work/key/key/key.core/../key.ui/examples/heap/model_methods/Cell_footprint_acc.key 
648        DEBUG main            d.u.i.k.p.i.AbstractProblemLoader Environment load took 2.33ms 
911        INFO  main            d.u.i.k.p.i.AbstractProblemLoader Creating init config 
1920       DEBUG main            d.u.i.k.j.TypeConverter   No LDT found for Meta 
1920       DEBUG main            d.u.i.k.j.TypeConverter   No LDT found for Meta 
1922       DEBUG main            d.u.i.k.j.TypeConverter   No LDT found for Meta 
1924       DEBUG main            d.u.i.k.j.TypeConverter   No LDT found for Meta 
3535       DEBUG main            d.u.i.k.j.TypeConverter   No LDT found for JavaBigintExpression 
9909       DEBUG main            d.u.i.k.p.i.AbstractProblemLoader Init config took 8.99s 
10084      INFO  main            d.u.i.k.p.i.AbstractProblemLoader Replaying proof Cell[Cell::footprint()].JML accessible clause.0 
10124      DEBUG main            d.u.i.k.p.i.IntermediateProofReplayer Proof replay took 35.2ns 
10600      INFO  main            d.u.i.k.p.r.p.TestFile    ... finished proof: closed. 
10752      INFO  main            d.u.i.k.p.i.AbstractProblemLoader Loading environment from /home/runner/work/key/key/key.core/../key.ui/examples/heap/model_methods/Cell_footprint_acc.key.proof 
10755      DEBUG main            d.u.i.k.p.i.AbstractProblemLoader Environment load took 2.52ms 
10757      INFO  main            d.u.i.k.p.i.AbstractProblemLoader Creating init config 
14622      DEBUG main            d.u.i.k.p.i.AbstractProblemLoader Init config took 3.86s 
14748      INFO  main            d.u.i.k.p.i.AbstractProblemLoader Replaying proof Cell[Cell::footprint()].JML accessible clause.0 
14797      DEBUG main            d.u.i.k.p.i.IntermediateProofReplayer Proof replay took 38.13ms 
14806      DEBUG main            d.u.i.k.p.r.p.TestFile    ... success: reloaded. 
14808      INFO  main            d.u.i.k.p.r.p.TestFile    Now processing file /home/runner/work/key/key/key.core/../key.ui/examples/heap/model_methods/Cell_footprint.key 
14809      INFO  main            d.u.i.k.p.i.AbstractProblemLoader Loading environment from /home/runner/work/key/key/key.core/../key.ui/examples/heap/model_methods/Cell_footprint.key 
14809      DEBUG main            d.u.i.k.p.i.AbstractProblemLoader Environment load took 241.11ns 
14811      INFO  main            d.u.i.k.p.i.AbstractProblemLoader Creating init config 
18253      DEBUG main            d.u.i.k.p.i.AbstractProblemLoader Init config took 3.44s 
18343      INFO  main            d.u.i.k.p.i.AbstractProblemLoader Replaying proof Cell[Cell::footprint()].JML model_behavior operation contract.0 
18346      DEBUG main            d.u.i.k.p.i.IntermediateProofReplayer Proof replay took 7.4ns 
18449      INFO  main            d.u.i.k.p.r.p.TestFile    ... finished proof: closed. 
18603      INFO  main            d.u.i.k.p.i.AbstractProblemLoader Loading environment from /home/runner/work/key/key/key.core/../key.ui/examples/heap/model_methods/Cell_footprint.key.proof 
18603      DEBUG main            d.u.i.k.p.i.AbstractProblemLoader Environment load took 148.31ns 
18607      INFO  main            d.u.i.k.p.i.AbstractProblemLoader Creating init config 
22031      DEBUG main            d.u.i.k.p.i.AbstractProblemLoader Init config took 3.42s 
22117      INFO  main            d.u.i.k.p.i.AbstractProblemLoader Replaying proof Cell[Cell::footprint()].JML model_behavior operation contract.0 
22141      DEBUG main            d.u.i.k.p.i.IntermediateProofReplayer Proof replay took 19.5ms 
22143      DEBUG main            d.u.i.k.p.r.p.TestFile    ... success: reloaded. 
22145      INFO  main            d.u.i.k.p.r.p.TestFile    Now processing file /home/runner/work/key/key/key.core/../key.ui/examples/heap/model_methods/Cell_get_acc.key 
22146      INFO  main            d.u.i.k.p.i.AbstractProblemLoader Loading environment from /home/runner/work/key/key/key.core/../key.ui/examples/heap/model_methods/Cell_get_acc.key 
22146      DEBUG main            d.u.i.k.p.i.AbstractProblemLoader Environment load took 224.31ns 
22149      INFO  main            d.u.i.k.p.i.AbstractProblemLoader Creating init config 
25546      DEBUG main            d.u.i.k.p.i.AbstractProblemLoader Init config took 3.4s 
25618      INFO  main            d.u.i.k.p.i.AbstractProblemLoader Replaying proof Cell[Cell::get()].JML accessible clause.0 
25620      DEBUG main            d.u.i.k.p.i.IntermediateProofReplayer Proof replay took 7.8ns 
26035      INFO  main            d.u.i.k.p.r.p.TestFile    ... finished proof: closed. 
26256      INFO  main            d.u.i.k.p.i.AbstractProblemLoader Loading environment from /home/runner/work/key/key/key.core/../key.ui/examples/heap/model_methods/Cell_get_acc.key.proof 
26257      DEBUG main            d.u.i.k.p.i.AbstractProblemLoader Environment load took 1.24ms 
26261      INFO  main            d.u.i.k.p.i.AbstractProblemLoader Creating init config 
29619      DEBUG main            d.u.i.k.p.i.AbstractProblemLoader Init config took 3.36s 
29682      INFO  main            d.u.i.k.p.i.AbstractProblemLoader Replaying proof Cell[Cell::get()].JML accessible clause.0 
29720      DEBUG main            d.u.i.k.p.i.IntermediateProofReplayer Proof replay took 35.07ms 
29722      DEBUG main            d.u.i.k.p.r.p.TestFile    ... success: reloaded. 
29723      INFO  main            d.u.i.k.p.r.p.TestFile    Now processing file /home/runner/work/key/key/key.core/../key.ui/examples/heap/model_methods/Cell_get.key 
29724      INFO  main            d.u.i.k.p.i.AbstractProblemLoader Loading environment from /home/runner/work/key/key/key.core/../key.ui/examples/heap/model_methods/Cell_get.key 
29724      DEBUG main            d.u.i.k.p.i.AbstractProblemLoader Environment load took 212.21ns 
29725      INFO  main            d.u.i.k.p.i.AbstractProblemLoader Creating init config 
33058      DEBUG main            d.u.i.k.p.i.AbstractProblemLoader Init config took 3.33s 
33119      INFO  main            d.u.i.k.p.i.AbstractProblemLoader Replaying proof Cell[Cell::get()].JML operation contract.0 
33122      DEBUG main            d.u.i.k.p.i.IntermediateProofReplayer Proof replay took 7.5ns 
33230      INFO  main            d.u.i.k.p.r.p.TestFile    ... finished proof: closed. 
33427      INFO  main            d.u.i.k.p.i.AbstractProblemLoader Loading environment from /home/runner/work/key/key/key.core/../key.ui/examples/heap/model_methods/Cell_get.key.proof 
33427      DEBUG main            d.u.i.k.p.i.AbstractProblemLoader Environment load took 139.3ns 
33428      INFO  main            d.u.i.k.p.i.AbstractProblemLoader Creating init config 
36745      DEBUG main            d.u.i.k.p.i.AbstractProblemLoader Init config took 3.32s 
36810      INFO  main            d.u.i.k.p.i.AbstractProblemLoader Replaying proof Cell[Cell::get()].JML operation contract.0 
36828      DEBUG main            d.u.i.k.p.i.IntermediateProofReplayer Proof replay took 16.56ms 
36830      DEBUG main            d.u.i.k.p.r.p.TestFile    ... success: reloaded. 
36832      INFO  main            d.u.i.k.p.r.p.TestFile    Now processing file /home/runner/work/key/key/key.core/../key.ui/examples/heap/model_methods/Cell_post_set.key 
36832      INFO  main            d.u.i.k.p.i.AbstractProblemLoader Loading environment from /home/runner/work/key/key/key.core/../key.ui/examples/heap/model_methods/Cell_post_set.key 
36832      DEBUG main            d.u.i.k.p.i.AbstractProblemLoader Environment load took 202.61ns 
36834      INFO  main            d.u.i.k.p.i.AbstractProblemLoader Creating init config 
40114      DEBUG main            d.u.i.k.p.i.AbstractProblemLoader Init config took 3.28s 
40184      INFO  main            d.u.i.k.p.i.AbstractProblemLoader Replaying proof Cell[Cell::post_set(int)].JML model_behavior operation contract.0 
40188      DEBUG main            d.u.i.k.p.i.IntermediateProofReplayer Proof replay took 8.1ns 
40294      INFO  main            d.u.i.k.p.r.p.TestFile    ... finished proof: closed. 
40485      INFO  main            d.u.i.k.p.i.AbstractProblemLoader Loading environment from /home/runner/work/key/key/key.core/../key.ui/examples/heap/model_methods/Cell_post_set.key.proof 
40485      DEBUG main            d.u.i.k.p.i.AbstractProblemLoader Environment load took 155.4ns 
40486      INFO  main            d.u.i.k.p.i.AbstractProblemLoader Creating init config 
43803      DEBUG main            d.u.i.k.p.i.AbstractProblemLoader Init config took 3.32s 
43874      INFO  main            d.u.i.k.p.i.AbstractProblemLoader Replaying proof Cell[Cell::post_set(int)].JML model_behavior operation contract.0 
43882      DEBUG main            d.u.i.k.p.i.IntermediateProofReplayer Proof replay took 5.66ms 
43883      DEBUG main            d.u.i.k.p.r.p.TestFile    ... success: reloaded. 
43884      INFO  main            d.u.i.k.p.r.p.TestFile    Now processing file /home/runner/work/key/key/key.core/../key.ui/examples/heap/model_methods/Cell_set.key 
43885      INFO  main            d.u.i.k.p.i.AbstractProblemLoader Loading environment from /home/runner/work/key/key/key.core/../key.ui/examples/heap/model_methods/Cell_set.key 
43885      DEBUG main            d.u.i.k.p.i.AbstractProblemLoader Environment load took 231.11ns 
43886      INFO  main            d.u.i.k.p.i.AbstractProblemLoader Creating init config 
47170      DEBUG main            d.u.i.k.p.i.AbstractProblemLoader Init config took 3.28s 
47224      INFO  main            d.u.i.k.p.i.AbstractProblemLoader Replaying proof Cell[Cell::set(int)].JML operation contract.0 
47226      DEBUG main            d.u.i.k.p.i.IntermediateProofReplayer Proof replay took 7.9ns 
54672      INFO  main            d.u.i.k.p.r.p.TestFile    ... finished proof: closed. 
54933      INFO  main            d.u.i.k.p.i.AbstractProblemLoader Loading environment from /home/runner/work/key/key/key.core/../key.ui/examples/heap/model_methods/Cell_set.key.proof 
54934      DEBUG main            d.u.i.k.p.i.AbstractProblemLoader Environment load took 422.31ns 
54935      INFO  main            d.u.i.k.p.i.AbstractProblemLoader Creating init config 
58348      DEBUG main            d.u.i.k.p.i.AbstractProblemLoader Init config took 3.41s 
58406      INFO  main            d.u.i.k.p.i.AbstractProblemLoader Replaying proof Cell[Cell::set(int)].JML operation contract.0 
58979      DEBUG main            d.u.i.k.p.i.IntermediateProofReplayer Proof replay took 551.76ms 
58981      DEBUG main            d.u.i.k.p.r.p.TestFile    ... success: reloaded. 
58982      INFO  main            d.u.i.k.p.r.p.TestFile    Now processing file /home/runner/work/key/key/key.core/../key.ui/examples/heap/model_methods/CellTest_callSet.key 
58982      INFO  main            d.u.i.k.p.i.AbstractProblemLoader Loading environment from /home/runner/work/key/key/key.core/../key.ui/examples/heap/model_methods/CellTest_callSet.key 
58983      DEBUG main            d.u.i.k.p.i.AbstractProblemLoader Environment load took 162.81ns 
58984      INFO  main            d.u.i.k.p.i.AbstractProblemLoader Creating init config 
62218      DEBUG main            d.u.i.k.p.i.AbstractProblemLoader Init config took 3.23s 
62280      INFO  main            d.u.i.k.p.i.AbstractProblemLoader Replaying proof CellTest[CellTest::callSet(Cell,int)].JML operation contract.0 
62282      DEBUG main            d.u.i.k.p.i.IntermediateProofReplayer Proof replay took 7.8ns 
62485      INFO  main            d.u.i.k.p.r.p.TestFile    ... finished proof: closed. 
62690      INFO  main            d.u.i.k.p.i.AbstractProblemLoader Loading environment from /home/runner/work/key/key/key.core/../key.ui/examples/heap/model_methods/CellTest_callSet.key.proof 
62690      DEBUG main            d.u.i.k.p.i.AbstractProblemLoader Environment load took 138.1ns 
62694      INFO  main            d.u.i.k.p.i.AbstractProblemLoader Creating init config 
65942      DEBUG main            d.u.i.k.p.i.AbstractProblemLoader Init config took 3.25s 
66013      INFO  main            d.u.i.k.p.i.AbstractProblemLoader Replaying proof CellTest[CellTest::callSet(Cell,int)].JML operation contract.0 
66063      DEBUG main            d.u.i.k.p.i.IntermediateProofReplayer Proof replay took 47.26ms 
66065      DEBUG main            d.u.i.k.p.r.p.TestFile    ... success: reloaded. 
66067      INFO  main            d.u.i.k.p.r.p.TestFile    Now processing file /home/runner/work/key/key/key.core/../key.ui/examples/heap/model_methods/CellTest_test2.key 
66067      INFO  main            d.u.i.k.p.i.AbstractProblemLoader Loading environment from /home/runner/work/key/key/key.core/../key.ui/examples/heap/model_methods/CellTest_test2.key 
66067      DEBUG main            d.u.i.k.p.i.AbstractProblemLoader Environment load took 212.41ns 
66068      INFO  main            d.u.i.k.p.i.AbstractProblemLoader Creating init config 
69390      DEBUG main            d.u.i.k.p.i.AbstractProblemLoader Init config took 3.32s 
69440      INFO  main            d.u.i.k.p.i.AbstractProblemLoader Replaying proof CellTest[CellTest::test2(Cell)].JML operation contract.0 
69442      DEBUG main            d.u.i.k.p.i.IntermediateProofReplayer Proof replay took 7.7ns 
69847      INFO  main            d.u.i.k.p.r.p.TestFile    ... finished proof: closed. 
70100      INFO  main            d.u.i.k.p.i.AbstractProblemLoader Loading environment from /home/runner/work/key/key/key.core/../key.ui/examples/heap/model_methods/CellTest_test2.key.proof 
70103      DEBUG main            d.u.i.k.p.i.AbstractProblemLoader Environment load took 2.84ms 
70104      INFO  main            d.u.i.k.p.i.AbstractProblemLoader Creating init config 
73345      DEBUG main            d.u.i.k.p.i.AbstractProblemLoader Init config took 3.24s 
73398      INFO  main            d.u.i.k.p.i.AbstractProblemLoader Replaying proof CellTest[CellTest::test2(Cell)].JML operation contract.0 
73479      DEBUG main            d.u.i.k.p.i.IntermediateProofReplayer Proof replay took 77.04ms 
73480      DEBUG main            d.u.i.k.p.r.p.TestFile    ... success: reloaded. 
73481      INFO  main            d.u.i.k.p.r.p.TestFile    Now processing file /home/runner/work/key/key/key.core/../key.ui/examples/heap/model_methods/CellTest_test.key 
73482      INFO  main            d.u.i.k.p.i.AbstractProblemLoader Loading environment from /home/runner/work/key/key/key.core/../key.ui/examples/heap/model_methods/CellTest_test.key 
73482      DEBUG main            d.u.i.k.p.i.AbstractProblemLoader Environment load took 211.51ns 
73483      INFO  main            d.u.i.k.p.i.AbstractProblemLoader Creating init config 
76760      DEBUG main            d.u.i.k.p.i.AbstractProblemLoader Init config took 3.28s 
76813      INFO  main            d.u.i.k.p.i.AbstractProblemLoader Replaying proof CellTest[CellTest::test(Recell)].JML operation contract.0 
76815      DEBUG main            d.u.i.k.p.i.IntermediateProofReplayer Proof replay took 9.5ns 
79131      INFO  main            d.u.i.k.p.r.p.TestFile    ... finished proof: closed. 
79385      INFO  main            d.u.i.k.p.i.AbstractProblemLoader Loading environment from /home/runner/work/key/key/key.core/../key.ui/examples/heap/model_methods/CellTest_test.key.proof 
79386      DEBUG main            d.u.i.k.p.i.AbstractProblemLoader Environment load took 452.62ns 
79388      INFO  main            d.u.i.k.p.i.AbstractProblemLoader Creating init config 
82549      DEBUG main            d.u.i.k.p.i.AbstractProblemLoader Init config took 3.16s 
82603      INFO  main            d.u.i.k.p.i.AbstractProblemLoader Replaying proof CellTest[CellTest::test(Recell)].JML operation contract.0 
83066      DEBUG main            d.u.i.k.p.i.IntermediateProofReplayer Proof replay took 443.94ms 
83068      DEBUG main            d.u.i.k.p.r.p.TestFile    ... success: reloaded. 
83070      INFO  main            d.u.i.k.p.r.p.TestFile    Now processing file /home/runner/work/key/key/key.core/../key.ui/examples/heap/model_methods/Coll1_add.key 
83070      INFO  main            d.u.i.k.p.i.AbstractProblemLoader Loading environment from /home/runner/work/key/key/key.core/../key.ui/examples/heap/model_methods/Coll1_add.key 
83071      DEBUG main            d.u.i.k.p.i.AbstractProblemLoader Environment load took 114.5ns 
83072      INFO  main            d.u.i.k.p.i.AbstractProblemLoader Creating init config 
86331      DEBUG main            d.u.i.k.p.i.AbstractProblemLoader Init config took 3.26s 
86380      INFO  main            d.u.i.k.p.i.AbstractProblemLoader Replaying proof Coll1[Coll::add(int)].JML operation contract.0 
86381      DEBUG main            d.u.i.k.p.i.IntermediateProofReplayer Proof replay took 7.7ns 
86486      INFO  main            d.u.i.k.p.r.p.TestFile    ... finished proof: closed. 
86714      INFO  main            d.u.i.k.p.i.AbstractProblemLoader Loading environment from /home/runner/work/key/key/key.core/../key.ui/examples/heap/model_methods/Coll1_add.key.proof 
86714      DEBUG main            d.u.i.k.p.i.AbstractProblemLoader Environment load took 141.1ns 
86715      INFO  main            d.u.i.k.p.i.AbstractProblemLoader Creating init config 
89935      DEBUG main            d.u.i.k.p.i.AbstractProblemLoader Init config took 3.22s 
89984      INFO  main            d.u.i.k.p.i.AbstractProblemLoader Replaying proof Coll1[Coll::add(int)].JML operation contract.0 
89994      DEBUG main            d.u.i.k.p.i.IntermediateProofReplayer Proof replay took 7.75ms 
89995      DEBUG main            d.u.i.k.p.r.p.TestFile    ... success: reloaded. 
89996      INFO  main            d.u.i.k.p.r.p.TestFile    Now processing file /home/runner/work/key/key/key.core/../key.ui/examples/heap/model_methods/Coll1_Coll1_add_pre.key 
89996      INFO  main            d.u.i.k.p.i.AbstractProblemLoader Loading environment from /home/runner/work/key/key/key.core/../key.ui/examples/heap/model_methods/Coll1_Coll1_add_pre.key 
89997      DEBUG main            d.u.i.k.p.i.AbstractProblemLoader Environment load took 115.5ns 
89998      INFO  main            d.u.i.k.p.i.AbstractProblemLoader Creating init config 
93216      DEBUG main            d.u.i.k.p.i.AbstractProblemLoader Init config took 3.22s 
93264      INFO  main            d.u.i.k.p.i.AbstractProblemLoader Replaying proof Coll1[Coll1::add_pre(int)].JML model_behavior operation contract.0 
93265      DEBUG main            d.u.i.k.p.i.IntermediateProofReplayer Proof replay took 8.1ns 
93370      INFO  main            d.u.i.k.p.r.p.TestFile    ... finished proof: closed. 
93598      INFO  main            d.u.i.k.p.i.AbstractProblemLoader Loading environment from /home/runner/work/key/key/key.core/../key.ui/examples/heap/model_methods/Coll1_Coll1_add_pre.key.proof 
93598      DEBUG main            d.u.i.k.p.i.AbstractProblemLoader Environment load took 140.81ns 
93599      INFO  main            d.u.i.k.p.i.AbstractProblemLoader Creating init config 
96765      DEBUG main            d.u.i.k.p.i.AbstractProblemLoader Init config took 3.17s 
96817      INFO  main            d.u.i.k.p.i.AbstractProblemLoader Replaying proof Coll1[Coll1::add_pre(int)].JML model_behavior operation contract.0 
96822      DEBUG main            d.u.i.k.p.i.IntermediateProofReplayer Proof replay took 1.65ms 
96825      DEBUG main            d.u.i.k.p.r.p.TestFile    ... success: reloaded. 
96829      INFO  main            d.u.i.k.p.r.p.TestFile    Now processing file /home/runner/work/key/key/key.core/../key.ui/examples/heap/model_methods/Coll1_Coll_add_pre.key 
96829      INFO  main            d.u.i.k.p.i.AbstractProblemLoader Loading environment from /home/runner/work/key/key/key.core/../key.ui/examples/heap/model_methods/Coll1_Coll_add_pre.key 
96829      DEBUG main            d.u.i.k.p.i.AbstractProblemLoader Environment load took 225.11ns 
96831      INFO  main            d.u.i.k.p.i.AbstractProblemLoader Creating init config 
100049     DEBUG main            d.u.i.k.p.i.AbstractProblemLoader Init config took 3.22s 
100114     INFO  main            d.u.i.k.p.i.AbstractProblemLoader Replaying proof Coll1[Coll::add_pre(int)].JML model_behavior operation contract.0 
100115     DEBUG main            d.u.i.k.p.i.IntermediateProofReplayer Proof replay took 7.3ns 
100218     INFO  main            d.u.i.k.p.r.p.TestFile    ... finished proof: closed. 
100455     INFO  main            d.u.i.k.p.i.AbstractProblemLoader Loading environment from /home/runner/work/key/key/key.core/../key.ui/examples/heap/model_methods/Coll1_Coll_add_pre.key.proof 
100455     DEBUG main            d.u.i.k.p.i.AbstractProblemLoader Environment load took 134.9ns 
100456     INFO  main            d.u.i.k.p.i.AbstractProblemLoader Creating init config 
103646     DEBUG main            d.u.i.k.p.i.AbstractProblemLoader Init config took 3.19s 
103694     INFO  main            d.u.i.k.p.i.AbstractProblemLoader Replaying proof Coll1[Coll::add_pre(int)].JML model_behavior operation contract.0 
103698     DEBUG main            d.u.i.k.p.i.IntermediateProofReplayer Proof replay took 2.39ms 
103699     DEBUG main            d.u.i.k.p.r.p.TestFile    ... success: reloaded. 
103700     INFO  main            d.u.i.k.p.r.p.TestFile    Now processing file /home/runner/work/key/key/key.core/../key.ui/examples/heap/model_methods/Coll2_add.key 
103700     INFO  main            d.u.i.k.p.i.AbstractProblemLoader Loading environment from /home/runner/work/key/key/key.core/../key.ui/examples/heap/model_methods/Coll2_add.key 
103700     DEBUG main            d.u.i.k.p.i.AbstractProblemLoader Environment load took 109ns 
103701     INFO  main            d.u.i.k.p.i.AbstractProblemLoader Creating init config 
106994     DEBUG main            d.u.i.k.p.i.AbstractProblemLoader Init config took 3.29s 
107044     INFO  main            d.u.i.k.p.i.AbstractProblemLoader Replaying proof Coll2[Coll::add(int)].JML operation contract.0 
107046     DEBUG main            d.u.i.k.p.i.IntermediateProofReplayer Proof replay took 8ns 
107147     INFO  main            d.u.i.k.p.r.p.TestFile    ... finished proof: closed. 
107413     INFO  main            d.u.i.k.p.i.AbstractProblemLoader Loading environment from /home/runner/work/key/key/key.core/../key.ui/examples/heap/model_methods/Coll2_add.key.proof 
107413     DEBUG main            d.u.i.k.p.i.AbstractProblemLoader Environment load took 136.41ns 
107414     INFO  main            d.u.i.k.p.i.AbstractProblemLoader Creating init config 
110569     DEBUG main            d.u.i.k.p.i.AbstractProblemLoader Init config took 3.15s 
110617     INFO  main            d.u.i.k.p.i.AbstractProblemLoader Replaying proof Coll2[Coll::add(int)].JML operation contract.0 
110626     DEBUG main            d.u.i.k.p.i.IntermediateProofReplayer Proof replay took 6.91ms 
110627     DEBUG main            d.u.i.k.p.r.p.TestFile    ... success: reloaded. 
110628     INFO  main            d.u.i.k.p.r.p.TestFile    Now processing file /home/runner/work/key/key/key.core/../key.ui/examples/heap/model_methods/Coll2_Coll2_add_pre.key 
110628     INFO  main            d.u.i.k.p.i.AbstractProblemLoader Loading environment from /home/runner/work/key/key/key.core/../key.ui/examples/heap/model_methods/Coll2_Coll2_add_pre.key 
110628     DEBUG main            d.u.i.k.p.i.AbstractProblemLoader Environment load took 253.81ns 
110630     INFO  main            d.u.i.k.p.i.AbstractProblemLoader Creating init config 
113900     DEBUG main            d.u.i.k.p.i.AbstractProblemLoader Init config took 3.27s 
113945     INFO  main            d.u.i.k.p.i.AbstractProblemLoader Replaying proof Coll2[Coll2::add_pre(int)].JML model_behavior operation contract.0 
113947     DEBUG main            d.u.i.k.p.i.IntermediateProofReplayer Proof replay took 7.3ns 
114048     INFO  main            d.u.i.k.p.r.p.TestFile    ... finished proof: closed. 
114321     INFO  main            d.u.i.k.p.i.AbstractProblemLoader Loading environment from /home/runner/work/key/key/key.core/../key.ui/examples/heap/model_methods/Coll2_Coll2_add_pre.key.proof 
114321     DEBUG main            d.u.i.k.p.i.AbstractProblemLoader Environment load took 131.6ns 
114322     INFO  main            d.u.i.k.p.i.AbstractProblemLoader Creating init config 
117540     DEBUG main            d.u.i.k.p.i.AbstractProblemLoader Init config took 3.22s 
117586     INFO  main            d.u.i.k.p.i.AbstractProblemLoader Replaying proof Coll2[Coll2::add_pre(int)].JML model_behavior operation contract.0 
117589     DEBUG main            d.u.i.k.p.i.IntermediateProofReplayer Proof replay took 1.6ms 
117590     DEBUG main            d.u.i.k.p.r.p.TestFile    ... success: reloaded. 
117591     INFO  main            d.u.i.k.p.r.p.TestFile    Now processing file /home/runner/work/key/key/key.core/../key.ui/examples/heap/model_methods/Coll2_Coll_add_pre.key 
117591     INFO  main            d.u.i.k.p.i.AbstractProblemLoader Loading environment from /home/runner/work/key/key/key.core/../key.ui/examples/heap/model_methods/Coll2_Coll_add_pre.key 
117592     DEBUG main            d.u.i.k.p.i.AbstractProblemLoader Environment load took 118.2ns 
117593     INFO  main            d.u.i.k.p.i.AbstractProblemLoader Creating init config 
120798     DEBUG main            d.u.i.k.p.i.AbstractProblemLoader Init config took 3.21s 
120851     INFO  main            d.u.i.k.p.i.AbstractProblemLoader Replaying proof Coll2[Coll::add_pre(int)].JML model_behavior operation contract.0 
120853     DEBUG main            d.u.i.k.p.i.IntermediateProofReplayer Proof replay took 9ns 
120958     INFO  main            d.u.i.k.p.r.p.TestFile    ... finished proof: closed. 
121232     INFO  main            d.u.i.k.p.i.AbstractProblemLoader Loading environment from /home/runner/work/key/key/key.core/../key.ui/examples/heap/model_methods/Coll2_Coll_add_pre.key.proof 
121232     DEBUG main            d.u.i.k.p.i.AbstractProblemLoader Environment load took 130.41ns 
121234     INFO  main            d.u.i.k.p.i.AbstractProblemLoader Creating init config 
124385     DEBUG main            d.u.i.k.p.i.AbstractProblemLoader Init config took 3.15s 
124430     INFO  main            d.u.i.k.p.i.AbstractProblemLoader Replaying proof Coll2[Coll::add_pre(int)].JML model_behavior operation contract.0 
124434     DEBUG main            d.u.i.k.p.i.IntermediateProofReplayer Proof replay took 2.28ms 
124435     DEBUG main            d.u.i.k.p.r.p.TestFile    ... success: reloaded. 
124437     INFO  main            d.u.i.k.p.r.p.TestFile    Now processing file /home/runner/work/key/key/key.core/../key.ui/examples/heap/model_methods/Coll_add.key 
124437     INFO  main            d.u.i.k.p.i.AbstractProblemLoader Loading environment from /home/runner/work/key/key/key.core/../key.ui/examples/heap/model_methods/Coll_add.key 
124437     DEBUG main            d.u.i.k.p.i.AbstractProblemLoader Environment load took 98.5ns 
124438     INFO  main            d.u.i.k.p.i.AbstractProblemLoader Creating init config 
127665     DEBUG main            d.u.i.k.p.i.AbstractProblemLoader Init config took 3.23s 
127711     INFO  main            d.u.i.k.p.i.AbstractProblemLoader Replaying proof Coll[Coll::add(int)].JML operation contract.0 
127712     DEBUG main            d.u.i.k.p.i.IntermediateProofReplayer Proof replay took 7.8ns 
127818     INFO  main            d.u.i.k.p.r.p.TestFile    ... finished proof: closed. 
128085     INFO  main            d.u.i.k.p.i.AbstractProblemLoader Loading environment from /home/runner/work/key/key/key.core/../key.ui/examples/heap/model_methods/Coll_add.key.proof 
128085     DEBUG main            d.u.i.k.p.i.AbstractProblemLoader Environment load took 160.91ns 
128086     INFO  main            d.u.i.k.p.i.AbstractProblemLoader Creating init config 
131212     DEBUG main            d.u.i.k.p.i.AbstractProblemLoader Init config took 3.13s 
131268     INFO  main            d.u.i.k.p.i.AbstractProblemLoader Replaying proof Coll[Coll::add(int)].JML operation contract.0 
131276     DEBUG main            d.u.i.k.p.i.IntermediateProofReplayer Proof replay took 4.73ms 
131277     DEBUG main            d.u.i.k.p.r.p.TestFile    ... success: reloaded. 
131278     INFO  main            d.u.i.k.p.r.p.TestFile    Now processing file /home/runner/work/key/key/key.core/../key.ui/examples/heap/model_methods/Coll_add_pre.key 
131278     INFO  main            d.u.i.k.p.i.AbstractProblemLoader Loading environment from /home/runner/work/key/key/key.core/../key.ui/examples/heap/model_methods/Coll_add_pre.key 
131279     DEBUG main            d.u.i.k.p.i.AbstractProblemLoader Environment load took 68.5ns 
131280     INFO  main            d.u.i.k.p.i.AbstractProblemLoader Creating init config 
134517     DEBUG main            d.u.i.k.p.i.AbstractProblemLoader Init config took 3.24s 
134586     INFO  main            d.u.i.k.p.i.AbstractProblemLoader Replaying proof Coll[Coll::add_pre(int)].JML model_behavior operation contract.0 
134588     DEBUG main            d.u.i.k.p.i.IntermediateProofReplayer Proof replay took 7.7ns 
134690     INFO  main            d.u.i.k.p.r.p.TestFile    ... finished proof: closed. 
134966     INFO  main            d.u.i.k.p.i.AbstractProblemLoader Loading environment from /home/runner/work/key/key/key.core/../key.ui/examples/heap/model_methods/Coll_add_pre.key.proof 
134966     DEBUG main            d.u.i.k.p.i.AbstractProblemLoader Environment load took 232.51ns 
134967     INFO  main            d.u.i.k.p.i.AbstractProblemLoader Creating init config 
138130     DEBUG main            d.u.i.k.p.i.AbstractProblemLoader Init config took 3.16s 
138182     INFO  main            d.u.i.k.p.i.AbstractProblemLoader Replaying proof Coll[Coll::add_pre(int)].JML model_behavior operation contract.0 
138187     DEBUG main            d.u.i.k.p.i.IntermediateProofReplayer Proof replay took 2.61ms 
138188     DEBUG main            d.u.i.k.p.r.p.TestFile    ... success: reloaded. 
138189     INFO  main            d.u.i.k.p.r.p.TestFile    Now processing file /home/runner/work/key/key/key.core/../key.ui/examples/heap/model_methods/Indirect_callAdd.key 
138189     INFO  main            d.u.i.k.p.i.AbstractProblemLoader Loading environment from /home/runner/work/key/key/key.core/../key.ui/examples/heap/model_methods/Indirect_callAdd.key 
138189     DEBUG main            d.u.i.k.p.i.AbstractProblemLoader Environment load took 108.1ns 
138190     INFO  main            d.u.i.k.p.i.AbstractProblemLoader Creating init config 
141403     DEBUG main            d.u.i.k.p.i.AbstractProblemLoader Init config took 3.21s 
141449     INFO  main            d.u.i.k.p.i.AbstractProblemLoader Replaying proof Indirect[Indirect::callAdd(Coll,int)].JML operation contract.0 
141451     DEBUG main            d.u.i.k.p.i.IntermediateProofReplayer Proof replay took 7.9ns 
141552     INFO  main            d.u.i.k.p.r.p.TestFile    ... finished proof: closed. 
141835     INFO  main            d.u.i.k.p.i.AbstractProblemLoader Loading environment from /home/runner/work/key/key/key.core/../key.ui/examples/heap/model_methods/Indirect_callAdd.key.proof 
141836     DEBUG main            d.u.i.k.p.i.AbstractProblemLoader Environment load took 122.1ns 
141837     INFO  main            d.u.i.k.p.i.AbstractProblemLoader Creating init config 
144929     DEBUG main            d.u.i.k.p.i.AbstractProblemLoader Init config took 3.09s 
144989     INFO  main            d.u.i.k.p.i.AbstractProblemLoader Replaying proof Indirect[Indirect::callAdd(Coll,int)].JML operation contract.0 
145015     DEBUG main            d.u.i.k.p.i.IntermediateProofReplayer Proof replay took 23.99ms 
145016     DEBUG main            d.u.i.k.p.r.p.TestFile    ... success: reloaded. 
145017     INFO  main            d.u.i.k.p.r.p.TestFile    Now processing file /home/runner/work/key/key/key.core/../key.ui/examples/heap/model_methods/Indirect_test.key 
145018     INFO  main            d.u.i.k.p.i.AbstractProblemLoader Loading environment from /home/runner/work/key/key/key.core/../key.ui/examples/heap/model_methods/Indirect_test.key 
145018     DEBUG main            d.u.i.k.p.i.AbstractProblemLoader Environment load took 97.7ns 
145019     INFO  main            d.u.i.k.p.i.AbstractProblemLoader Creating init config 
148215     DEBUG main            d.u.i.k.p.i.AbstractProblemLoader Init config took 3.2s 
148262     INFO  main            d.u.i.k.p.i.AbstractProblemLoader Replaying proof Indirect[Indirect::test(Coll1,Coll2)].JML operation contract.0 
148265     DEBUG main            d.u.i.k.p.i.IntermediateProofReplayer Proof replay took 9.5ns 
148469     INFO  main            d.u.i.k.p.r.p.TestFile    ... finished proof: closed. 
148805     INFO  main            d.u.i.k.p.i.AbstractProblemLoader Loading environment from /home/runner/work/key/key/key.core/../key.ui/examples/heap/model_methods/Indirect_test.key.proof 
148805     DEBUG main            d.u.i.k.p.i.AbstractProblemLoader Environment load took 123ns 
148807     INFO  main            d.u.i.k.p.i.AbstractProblemLoader Creating init config 
151916     DEBUG main            d.u.i.k.p.i.AbstractProblemLoader Init config took 3.11s 
151963     INFO  main            d.u.i.k.p.i.AbstractProblemLoader Replaying proof Indirect[Indirect::test(Coll1,Coll2)].JML operation contract.0 
152021     DEBUG main            d.u.i.k.p.i.IntermediateProofReplayer Proof replay took 54.95ms 
152022     DEBUG main            d.u.i.k.p.r.p.TestFile    ... success: reloaded. 
152023     INFO  main            d.u.i.k.p.r.p.TestFile    Now processing file /home/runner/work/key/key/key.core/../key.ui/examples/heap/model_methods/Recell_Cell_footprint.key 
152024     INFO  main            d.u.i.k.p.i.AbstractProblemLoader Loading environment from /home/runner/work/key/key/key.core/../key.ui/examples/heap/model_methods/Recell_Cell_footprint.key 
152024     DEBUG main            d.u.i.k.p.i.AbstractProblemLoader Environment load took 102.6ns 
152025     INFO  main            d.u.i.k.p.i.AbstractProblemLoader Creating init config 
155261     DEBUG main            d.u.i.k.p.i.AbstractProblemLoader Init config took 3.24s 
155307     INFO  main            d.u.i.k.p.i.AbstractProblemLoader Replaying proof Recell[Cell::footprint()].JML model_behavior operation contract.0 
155308     DEBUG main            d.u.i.k.p.i.IntermediateProofReplayer Proof replay took 7.8ns 
155414     INFO  main            d.u.i.k.p.r.p.TestFile    ... finished proof: closed. 
155702     INFO  main            d.u.i.k.p.i.AbstractProblemLoader Loading environment from /home/runner/work/key/key/key.core/../key.ui/examples/heap/model_methods/Recell_Cell_footprint.key.proof 
155702     DEBUG main            d.u.i.k.p.i.AbstractProblemLoader Environment load took 125.3ns 
155703     INFO  main            d.u.i.k.p.i.AbstractProblemLoader Creating init config 
158819     DEBUG main            d.u.i.k.p.i.AbstractProblemLoader Init config took 3.12s 
158864     INFO  main            d.u.i.k.p.i.AbstractProblemLoader Replaying proof Recell[Cell::footprint()].JML model_behavior operation contract.0 
158869     DEBUG main            d.u.i.k.p.i.IntermediateProofReplayer Proof replay took 2.96ms 
158870     DEBUG main            d.u.i.k.p.r.p.TestFile    ... success: reloaded. 
158871     INFO  main            d.u.i.k.p.r.p.TestFile    Now processing file /home/runner/work/key/key/key.core/../key.ui/examples/heap/model_methods/Recell_Cell_post_set.key 
158871     INFO  main            d.u.i.k.p.i.AbstractProblemLoader Loading environment from /home/runner/work/key/key/key.core/../key.ui/examples/heap/model_methods/Recell_Cell_post_set.key 
158871     DEBUG main            d.u.i.k.p.i.AbstractProblemLoader Environment load took 99ns 
158872     INFO  main            d.u.i.k.p.i.AbstractProblemLoader Creating init config 
162069     DEBUG main            d.u.i.k.p.i.AbstractProblemLoader Init config took 3.2s 
162113     INFO  main            d.u.i.k.p.i.AbstractProblemLoader Replaying proof Recell[Cell::post_set(int)].JML model_behavior operation contract.0 
162115     DEBUG main            d.u.i.k.p.i.IntermediateProofReplayer Proof replay took 9ns 
162217     INFO  main            d.u.i.k.p.r.p.TestFile    ... finished proof: closed. 
162516     INFO  main            d.u.i.k.p.i.AbstractProblemLoader Loading environment from /home/runner/work/key/key/key.core/../key.ui/examples/heap/model_methods/Recell_Cell_post_set.key.proof 
162516     DEBUG main            d.u.i.k.p.i.AbstractProblemLoader Environment load took 118.3ns 
162517     INFO  main            d.u.i.k.p.i.AbstractProblemLoader Creating init config 
165674     DEBUG main            d.u.i.k.p.i.AbstractProblemLoader Init config took 3.16s 
165729     INFO  main            d.u.i.k.p.i.AbstractProblemLoader Replaying proof Recell[Cell::post_set(int)].JML model_behavior operation contract.0 
165736     DEBUG main            d.u.i.k.p.i.IntermediateProofReplayer Proof replay took 4.65ms 
165737     DEBUG main            d.u.i.k.p.r.p.TestFile    ... success: reloaded. 
165738     INFO  main            d.u.i.k.p.r.p.TestFile    Now processing file /home/runner/work/key/key/key.core/../key.ui/examples/heap/model_methods/Recell_footprint_acc.key 
165739     INFO  main            d.u.i.k.p.i.AbstractProblemLoader Loading environment from /home/runner/work/key/key/key.core/../key.ui/examples/heap/model_methods/Recell_footprint_acc.key 
165739     DEBUG main            d.u.i.k.p.i.AbstractProblemLoader Environment load took 193.91ns 
165740     INFO  main            d.u.i.k.p.i.AbstractProblemLoader Creating init config 
168949     DEBUG main            d.u.i.k.p.i.AbstractProblemLoader Init config took 3.21s 
168993     INFO  main            d.u.i.k.p.i.AbstractProblemLoader Replaying proof Recell[Cell::footprint()].JML accessible clause.0 
168995     DEBUG main            d.u.i.k.p.i.IntermediateProofReplayer Proof replay took 8.2ns 
169106     INFO  main            d.u.i.k.p.r.p.TestFile    ... finished proof: closed. 
169424     INFO  main            d.u.i.k.p.i.AbstractProblemLoader Loading environment from /home/runner/work/key/key/key.core/../key.ui/examples/heap/model_methods/Recell_footprint_acc.key.proof 
169424     DEBUG main            d.u.i.k.p.i.AbstractProblemLoader Environment load took 121.3ns 
169426     INFO  main            d.u.i.k.p.i.AbstractProblemLoader Creating init config 
172563     DEBUG main            d.u.i.k.p.i.AbstractProblemLoader Init config took 3.14s 
172610     INFO  main            d.u.i.k.p.i.AbstractProblemLoader Replaying proof Recell[Cell::footprint()].JML accessible clause.0 
172633     DEBUG main            d.u.i.k.p.i.IntermediateProofReplayer Proof replay took 20.76ms 
172634     DEBUG main            d.u.i.k.p.r.p.TestFile    ... success: reloaded. 
172636     INFO  main            d.u.i.k.p.r.p.TestFile    Now processing file /home/runner/work/key/key/key.core/../key.ui/examples/heap/model_methods/Recell_get_acc.key 
172636     INFO  main            d.u.i.k.p.i.AbstractProblemLoader Loading environment from /home/runner/work/key/key/key.core/../key.ui/examples/heap/model_methods/Recell_get_acc.key 
172636     DEBUG main            d.u.i.k.p.i.AbstractProblemLoader Environment load took 99.1ns 
172637     INFO  main            d.u.i.k.p.i.AbstractProblemLoader Creating init config 
175764     DEBUG main            d.u.i.k.p.i.AbstractProblemLoader Init config took 3.13s 
175809     INFO  main            d.u.i.k.p.i.AbstractProblemLoader Replaying proof Recell[Cell::get()].JML accessible clause.0 
175811     DEBUG main            d.u.i.k.p.i.IntermediateProofReplayer Proof replay took 8.9ns 
175914     INFO  main            d.u.i.k.p.r.p.TestFile    ... finished proof: closed. 
176273     INFO  main            d.u.i.k.p.i.AbstractProblemLoader Loading environment from /home/runner/work/key/key/key.core/../key.ui/examples/heap/model_methods/Recell_get_acc.key.proof 
176273     DEBUG main            d.u.i.k.p.i.AbstractProblemLoader Environment load took 122.5ns 
176274     INFO  main            d.u.i.k.p.i.AbstractProblemLoader Creating init config 
179378     DEBUG main            d.u.i.k.p.i.AbstractProblemLoader Init config took 3.1s 
179435     INFO  main            d.u.i.k.p.i.AbstractProblemLoader Replaying proof Recell[Cell::get()].JML accessible clause.0 
179462     DEBUG main            d.u.i.k.p.i.IntermediateProofReplayer Proof replay took 24ms 
179463     DEBUG main            d.u.i.k.p.r.p.TestFile    ... success: reloaded. 
179465     INFO  main            d.u.i.k.p.r.p.TestFile    Now processing file /home/runner/work/key/key/key.core/../key.ui/examples/heap/model_methods/Recell_get.key 
179466     INFO  main            d.u.i.k.p.i.AbstractProblemLoader Loading environment from /home/runner/work/key/key/key.core/../key.ui/examples/heap/model_methods/Recell_get.key 
179466     DEBUG main            d.u.i.k.p.i.AbstractProblemLoader Environment load took 115.3ns 
179467     INFO  main            d.u.i.k.p.i.AbstractProblemLoader Creating init config 
182660     DEBUG main            d.u.i.k.p.i.AbstractProblemLoader Init config took 3.19s 
182707     INFO  main            d.u.i.k.p.i.AbstractProblemLoader Replaying proof Recell[Cell::get()].JML operation contract.0 
182709     DEBUG main            d.u.i.k.p.i.IntermediateProofReplayer Proof replay took 8.6ns 
182811     INFO  main            d.u.i.k.p.r.p.TestFile    ... finished proof: closed. 
183135     INFO  main            d.u.i.k.p.i.AbstractProblemLoader Loading environment from /home/runner/work/key/key/key.core/../key.ui/examples/heap/model_methods/Recell_get.key.proof 
183135     DEBUG main            d.u.i.k.p.i.AbstractProblemLoader Environment load took 124.8ns 
183136     INFO  main            d.u.i.k.p.i.AbstractProblemLoader Creating init config 
186218     DEBUG main            d.u.i.k.p.i.AbstractProblemLoader Init config took 3.08s 
186262     INFO  main            d.u.i.k.p.i.AbstractProblemLoader Replaying proof Recell[Cell::get()].JML operation contract.0 
186273     DEBUG main            d.u.i.k.p.i.IntermediateProofReplayer Proof replay took 8.55ms 
186274     DEBUG main            d.u.i.k.p.r.p.TestFile    ... success: reloaded. 
186275     INFO  main            d.u.i.k.p.r.p.TestFile    Now processing file /home/runner/work/key/key/key.core/../key.ui/examples/heap/model_methods/Recell_Recell_footprint.key 
186275     INFO  main            d.u.i.k.p.i.AbstractProblemLoader Loading environment from /home/runner/work/key/key/key.core/../key.ui/examples/heap/model_methods/Recell_Recell_footprint.key 
186275     DEBUG main            d.u.i.k.p.i.AbstractProblemLoader Environment load took 219.31ns 
186277     INFO  main            d.u.i.k.p.i.AbstractProblemLoader Creating init config 
189454     DEBUG main            d.u.i.k.p.i.AbstractProblemLoader Init config took 3.18s 
189498     INFO  main            d.u.i.k.p.i.AbstractProblemLoader Replaying proof Recell[Recell::footprint()].JML model_behavior operation contract.0 
189500     DEBUG main            d.u.i.k.p.i.IntermediateProofReplayer Proof replay took 7.9ns 
189601     INFO  main            d.u.i.k.p.r.p.TestFile    ... finished proof: closed. 
189934     INFO  main            d.u.i.k.p.i.AbstractProblemLoader Loading environment from /home/runner/work/key/key/key.core/../key.ui/examples/heap/model_methods/Recell_Recell_footprint.key.proof 
189935     DEBUG main            d.u.i.k.p.i.AbstractProblemLoader Environment load took 730.52ns 
189936     INFO  main            d.u.i.k.p.i.AbstractProblemLoader Creating init config 
193028     DEBUG main            d.u.i.k.p.i.AbstractProblemLoader Init config took 3.09s 
193076     INFO  main            d.u.i.k.p.i.AbstractProblemLoader Replaying proof Recell[Recell::footprint()].JML model_behavior operation contract.0 
193085     DEBUG main            d.u.i.k.p.i.IntermediateProofReplayer Proof replay took 1.8ms 
193086     DEBUG main            d.u.i.k.p.r.p.TestFile    ... success: reloaded. 
193087     INFO  main            d.u.i.k.p.r.p.TestFile    Now processing file /home/runner/work/key/key/key.core/../key.ui/examples/heap/model_methods/Recell_Recell_post_set.key 
193087     INFO  main            d.u.i.k.p.i.AbstractProblemLoader Loading environment from /home/runner/work/key/key/key.core/../key.ui/examples/heap/model_methods/Recell_Recell_post_set.key 
193087     DEBUG main            d.u.i.k.p.i.AbstractProblemLoader Environment load took 384.81ns 
193088     INFO  main            d.u.i.k.p.i.AbstractProblemLoader Creating init config 
196237     DEBUG main            d.u.i.k.p.i.AbstractProblemLoader Init config took 3.15s 
196281     INFO  main            d.u.i.k.p.i.AbstractProblemLoader Replaying proof Recell[Recell::post_set(int)].JML model_behavior operation contract.0 
196283     DEBUG main            d.u.i.k.p.i.IntermediateProofReplayer Proof replay took 9.2ns 
196385     INFO  main            d.u.i.k.p.r.p.TestFile    ... finished proof: closed. 
196722     INFO  main            d.u.i.k.p.i.AbstractProblemLoader Loading environment from /home/runner/work/key/key/key.core/../key.ui/examples/heap/model_methods/Recell_Recell_post_set.key.proof 
196722     DEBUG main            d.u.i.k.p.i.AbstractProblemLoader Environment load took 117.7ns 
196723     INFO  main            d.u.i.k.p.i.AbstractProblemLoader Creating init config 
199774     DEBUG main            d.u.i.k.p.i.AbstractProblemLoader Init config took 3.05s 
199819     INFO  main            d.u.i.k.p.i.AbstractProblemLoader Replaying proof Recell[Recell::post_set(int)].JML model_behavior operation contract.0 
199824     DEBUG main            d.u.i.k.p.i.IntermediateProofReplayer Proof replay took 2.54ms 
199825     DEBUG main            d.u.i.k.p.r.p.TestFile    ... success: reloaded. 
199826     INFO  main            d.u.i.k.p.r.p.TestFile    Now processing file /home/runner/work/key/key/key.core/../key.ui/examples/heap/model_methods/Recell_set.key 
199826     INFO  main            d.u.i.k.p.i.AbstractProblemLoader Loading environment from /home/runner/work/key/key/key.core/../key.ui/examples/heap/model_methods/Recell_set.key 
199826     DEBUG main            d.u.i.k.p.i.AbstractProblemLoader Environment load took 123.5ns 
199827     INFO  main            d.u.i.k.p.i.AbstractProblemLoader Creating init config 
203001     DEBUG main            d.u.i.k.p.i.AbstractProblemLoader Init config took 3.17s 
203045     INFO  main            d.u.i.k.p.i.AbstractProblemLoader Replaying proof Recell[Cell::set(int)].JML operation contract.0 
203047     DEBUG main            d.u.i.k.p.i.IntermediateProofReplayer Proof replay took 7.5ns 
210641     INFO  main            d.u.i.k.p.r.p.TestFile    ... finished proof: closed. 
211015     INFO  main            d.u.i.k.p.i.AbstractProblemLoader Loading environment from /home/runner/work/key/key/key.core/../key.ui/examples/heap/model_methods/Recell_set.key.proof 
211016     DEBUG main            d.u.i.k.p.i.AbstractProblemLoader Environment load took 427.11ns 
211018     INFO  main            d.u.i.k.p.i.AbstractProblemLoader Creating init config 
214086     DEBUG main            d.u.i.k.p.i.AbstractProblemLoader Init config took 3.07s 
214145     INFO  main            d.u.i.k.p.i.AbstractProblemLoader Replaying proof Recell[Cell::set(int)].JML operation contract.0 
214579     DEBUG main            d.u.i.k.p.i.IntermediateProofReplayer Proof replay took 415.37ms 
214581     DEBUG main            d.u.i.k.p.r.p.TestFile    ... success: reloaded. 
214582     INFO  main            d.u.i.k.p.r.p.TestFile    Now processing file /home/runner/work/key/key/key.core/../key.ui/examples/heap/model_methods/Recell_undo.key 
214582     INFO  main            d.u.i.k.p.i.AbstractProblemLoader Loading environment from /home/runner/work/key/key/key.core/../key.ui/examples/heap/model_methods/Recell_undo.key 
214582     DEBUG main            d.u.i.k.p.i.AbstractProblemLoader Environment load took 187.91ns 
214583     INFO  main            d.u.i.k.p.i.AbstractProblemLoader Creating init config 
217769     DEBUG main            d.u.i.k.p.i.AbstractProblemLoader Init config took 3.19s 
217815     INFO  main            d.u.i.k.p.i.AbstractProblemLoader Replaying proof Recell[Recell::undo()].JML operation contract.0 
217816     DEBUG main            d.u.i.k.p.i.IntermediateProofReplayer Proof replay took 8.3ns 
218019     INFO  main            d.u.i.k.p.r.p.TestFile    ... finished proof: closed. 
218367     INFO  main            d.u.i.k.p.i.AbstractProblemLoader Loading environment from /home/runner/work/key/key/key.core/../key.ui/examples/heap/model_methods/Recell_undo.key.proof 
218367     DEBUG main            d.u.i.k.p.i.AbstractProblemLoader Environment load took 117ns 
218368     INFO  main            d.u.i.k.p.i.AbstractProblemLoader Creating init config 
221452     DEBUG main            d.u.i.k.p.i.AbstractProblemLoader Init config took 3.08s 
221508     INFO  main            d.u.i.k.p.i.AbstractProblemLoader Replaying proof Recell[Recell::undo()].JML operation contract.0 
221541     DEBUG main            d.u.i.k.p.i.IntermediateProofReplayer Proof replay took 30.27ms 
221542     DEBUG main            d.u.i.k.p.r.p.TestFile    ... success: reloaded. 
4852234    INFO  Test worker     d.u.i.k.p.r.RunAllProofsTestUnit Returning from test modelMethods 
4852235    INFO  Test worker     d.u.i.k.p.r.RunAllProofsTestUnit Running test permissionHeap 
476        INFO  Timeout watchdog d.u.i.k.p.r.p.ForkedTestFileRunner Timeout watcher launched (2000 secs.) 
493        WARN  main            d.u.i.k.s.ProofSettings   The settings in /home/runner/.key/proof-settings.props are *not* read. 
525        INFO  main            d.u.i.k.p.r.p.TestFile    Now processing file /home/runner/work/key/key/key.core/../key.ui/examples/heap/permissions/permissions_method0.key 
650        INFO  main            d.u.i.k.p.i.AbstractProblemLoader Loading environment from /home/runner/work/key/key/key.core/../key.ui/examples/heap/permissions/permissions_method0.key 
680        DEBUG main            d.u.i.k.p.i.AbstractProblemLoader Environment load took 2.32ms 
937        INFO  main            d.u.i.k.p.i.AbstractProblemLoader Creating init config 
2062       DEBUG main            d.u.i.k.j.TypeConverter   No LDT found for Meta 
2062       DEBUG main            d.u.i.k.j.TypeConverter   No LDT found for Meta 
2065       DEBUG main            d.u.i.k.j.TypeConverter   No LDT found for Meta 
2065       DEBUG main            d.u.i.k.j.TypeConverter   No LDT found for Meta 
3567       DEBUG main            d.u.i.k.j.TypeConverter   No LDT found for JavaBigintExpression 
9422       DEBUG main            d.u.i.k.p.i.AbstractProblemLoader Init config took 8.49s 
9614       INFO  main            d.u.i.k.p.i.AbstractProblemLoader Replaying proof MyClass[MyClass::method0()].JML normal_behavior operation contract.0 
9657       DEBUG main            d.u.i.k.p.i.IntermediateProofReplayer Proof replay took 38.4ns 
10788      INFO  main            d.u.i.k.p.r.p.TestFile    ... finished proof: closed. 
10922      INFO  main            d.u.i.k.p.i.AbstractProblemLoader Loading environment from /home/runner/work/key/key/key.core/../key.ui/examples/heap/permissions/permissions_method0.key.proof 
10928      DEBUG main            d.u.i.k.p.i.AbstractProblemLoader Environment load took 5.56ms 
10930      INFO  main            d.u.i.k.p.i.AbstractProblemLoader Creating init config 
14235      DEBUG main            d.u.i.k.p.i.AbstractProblemLoader Init config took 3.3s 
14322      INFO  main            d.u.i.k.p.i.AbstractProblemLoader Replaying proof MyClass[MyClass::method0()].JML normal_behavior operation contract.0 
14431      DEBUG main            d.u.i.k.p.i.IntermediateProofReplayer Proof replay took 102.15ms 
14438      DEBUG main            d.u.i.k.p.r.p.TestFile    ... success: reloaded. 
14440      INFO  main            d.u.i.k.p.r.p.TestFile    Now processing file /home/runner/work/key/key/key.core/../key.ui/examples/heap/permissions/permissions_method1.key 
14441      INFO  main            d.u.i.k.p.i.AbstractProblemLoader Loading environment from /home/runner/work/key/key/key.core/../key.ui/examples/heap/permissions/permissions_method1.key 
14441      DEBUG main            d.u.i.k.p.i.AbstractProblemLoader Environment load took 240.31ns 
14443      INFO  main            d.u.i.k.p.i.AbstractProblemLoader Creating init config 
17701      DEBUG main            d.u.i.k.p.i.AbstractProblemLoader Init config took 3.26s 
17780      INFO  main            d.u.i.k.p.i.AbstractProblemLoader Replaying proof MyClass[MyClass::method1()].JML normal_behavior operation contract.0 
17783      DEBUG main            d.u.i.k.p.i.IntermediateProofReplayer Proof replay took 7.8ns 
18088      INFO  main            d.u.i.k.p.r.p.TestFile    ... finished proof: closed. 
18254      INFO  main            d.u.i.k.p.i.AbstractProblemLoader Loading environment from /home/runner/work/key/key/key.core/../key.ui/examples/heap/permissions/permissions_method1.key.proof 
18255      DEBUG main            d.u.i.k.p.i.AbstractProblemLoader Environment load took 546.92ns 
18258      INFO  main            d.u.i.k.p.i.AbstractProblemLoader Creating init config 
21422      DEBUG main            d.u.i.k.p.i.AbstractProblemLoader Init config took 3.16s 
21496      INFO  main            d.u.i.k.p.i.AbstractProblemLoader Replaying proof MyClass[MyClass::method1()].JML normal_behavior operation contract.0 
21592      DEBUG main            d.u.i.k.p.i.IntermediateProofReplayer Proof replay took 87.8ms 
21593      DEBUG main            d.u.i.k.p.r.p.TestFile    ... success: reloaded. 
21596      INFO  main            d.u.i.k.p.r.p.TestFile    Now processing file /home/runner/work/key/key/key.core/../key.ui/examples/heap/permissions/permissions_method3.key 
21596      INFO  main            d.u.i.k.p.i.AbstractProblemLoader Loading environment from /home/runner/work/key/key/key.core/../key.ui/examples/heap/permissions/permissions_method3.key 
21596      DEBUG main            d.u.i.k.p.i.AbstractProblemLoader Environment load took 160.21ns 
21599      INFO  main            d.u.i.k.p.i.AbstractProblemLoader Creating init config 
24859      DEBUG main            d.u.i.k.p.i.AbstractProblemLoader Init config took 3.26s 
24925      INFO  main            d.u.i.k.p.i.AbstractProblemLoader Replaying proof MyClass[MyClass::method3()].JML normal_behavior operation contract.0 
24928      DEBUG main            d.u.i.k.p.i.IntermediateProofReplayer Proof replay took 6.7ns 
26736      INFO  main            d.u.i.k.p.r.p.TestFile    ... finished proof: closed. 
26926      INFO  main            d.u.i.k.p.i.AbstractProblemLoader Loading environment from /home/runner/work/key/key/key.core/../key.ui/examples/heap/permissions/permissions_method3.key.proof 
26928      DEBUG main            d.u.i.k.p.i.AbstractProblemLoader Environment load took 1.73ms 
26931      INFO  main            d.u.i.k.p.i.AbstractProblemLoader Creating init config 
29966      DEBUG main            d.u.i.k.p.i.AbstractProblemLoader Init config took 3.04s 
30026      INFO  main            d.u.i.k.p.i.AbstractProblemLoader Replaying proof MyClass[MyClass::method3()].JML normal_behavior operation contract.0 
30268      DEBUG main            d.u.i.k.p.i.IntermediateProofReplayer Proof replay took 227.59ms 
30269      DEBUG main            d.u.i.k.p.r.p.TestFile    ... success: reloaded. 
30271      INFO  main            d.u.i.k.p.r.p.TestFile    Now processing file /home/runner/work/key/key/key.core/../key.ui/examples/heap/permissions/permissions_setAB.key 
30272      INFO  main            d.u.i.k.p.i.AbstractProblemLoader Loading environment from /home/runner/work/key/key/key.core/../key.ui/examples/heap/permissions/permissions_setAB.key 
30272      DEBUG main            d.u.i.k.p.i.AbstractProblemLoader Environment load took 213.71ns 
30273      INFO  main            d.u.i.k.p.i.AbstractProblemLoader Creating init config 
33343      DEBUG main            d.u.i.k.p.i.AbstractProblemLoader Init config took 3.07s 
33396      INFO  main            d.u.i.k.p.i.AbstractProblemLoader Replaying proof MyClass[MyClass::setAB()].JML normal_behavior operation contract.0 
33398      DEBUG main            d.u.i.k.p.i.IntermediateProofReplayer Proof replay took 7.4ns 
35206      INFO  main            d.u.i.k.p.r.p.TestFile    ... finished proof: closed. 
35429      INFO  main            d.u.i.k.p.i.AbstractProblemLoader Loading environment from /home/runner/work/key/key/key.core/../key.ui/examples/heap/permissions/permissions_setAB.key.proof 
35429      DEBUG main            d.u.i.k.p.i.AbstractProblemLoader Environment load took 416.81ns 
35431      INFO  main            d.u.i.k.p.i.AbstractProblemLoader Creating init config 
38439      DEBUG main            d.u.i.k.p.i.AbstractProblemLoader Init config took 3.01s 
38490      INFO  main            d.u.i.k.p.i.AbstractProblemLoader Replaying proof MyClass[MyClass::setAB()].JML normal_behavior operation contract.0 
38662      DEBUG main            d.u.i.k.p.i.IntermediateProofReplayer Proof replay took 165.5ms 
38663      DEBUG main            d.u.i.k.p.r.p.TestFile    ... success: reloaded. 
38665      INFO  main            d.u.i.k.p.r.p.TestFile    Now processing file /home/runner/work/key/key/key.core/../key.ui/examples/heap/permissions/permissionProperties.key 
38665      INFO  main            d.u.i.k.p.i.AbstractProblemLoader Loading environment from /home/runner/work/key/key/key.core/../key.ui/examples/heap/permissions/permissionProperties.key 
38665      DEBUG main            d.u.i.k.p.i.AbstractProblemLoader Environment load took 209.41ns 
38667      INFO  main            d.u.i.k.p.i.AbstractProblemLoader Creating init config 
38846      DEBUG main            d.u.i.k.j.TypeConverter   No LDT found for Meta 
38847      DEBUG main            d.u.i.k.j.TypeConverter   No LDT found for Meta 
38848      DEBUG main            d.u.i.k.j.TypeConverter   No LDT found for Meta 
38848      DEBUG main            d.u.i.k.j.TypeConverter   No LDT found for Meta 
39623      DEBUG main            d.u.i.k.j.TypeConverter   No LDT found for JavaBigintExpression 
42780      DEBUG main            d.u.i.k.p.i.AbstractProblemLoader Init config took 4.11s 
42804      INFO  main            d.u.i.k.p.i.AbstractProblemLoader Replaying proof permissionProperties.key 
42806      DEBUG main            d.u.i.k.p.i.IntermediateProofReplayer Proof replay took 7.9ns 
42910      INFO  main            d.u.i.k.p.r.p.TestFile    ... finished proof: closed. 
43111      INFO  main            d.u.i.k.p.i.AbstractProblemLoader Loading environment from /home/runner/work/key/key/key.core/../key.ui/examples/heap/permissions/permissionProperties.key.proof 
43112      DEBUG main            d.u.i.k.p.i.AbstractProblemLoader Environment load took 718.82ns 
43114      INFO  main            d.u.i.k.p.i.AbstractProblemLoader Creating init config 
45952      DEBUG main            d.u.i.k.p.i.AbstractProblemLoader Init config took 2.84s 
45976      INFO  main            d.u.i.k.p.i.AbstractProblemLoader Replaying proof permissionProperties.key.proof 
45994      DEBUG main            d.u.i.k.p.i.IntermediateProofReplayer Proof replay took 14.96ms 
45996      DEBUG main            d.u.i.k.p.r.p.TestFile    ... success: reloaded. 
45997      INFO  main            d.u.i.k.p.r.p.TestFile    Now processing file /home/runner/work/key/key/key.core/../key.ui/examples/heap/permissions/threads/AFilter_AFilter.key 
45998      INFO  main            d.u.i.k.p.i.AbstractProblemLoader Loading environment from /home/runner/work/key/key/key.core/../key.ui/examples/heap/permissions/threads/AFilter_AFilter.key 
45998      DEBUG main            d.u.i.k.p.i.AbstractProblemLoader Environment load took 263.81ns 
45999      INFO  main            d.u.i.k.p.i.AbstractProblemLoader Creating init config 
46126      DEBUG main            d.u.i.k.j.TypeConverter   No LDT found for Meta 
46126      DEBUG main            d.u.i.k.j.TypeConverter   No LDT found for Meta 
46127      DEBUG main            d.u.i.k.j.TypeConverter   No LDT found for Meta 
46127      DEBUG main            d.u.i.k.j.TypeConverter   No LDT found for Meta 
46754      DEBUG main            d.u.i.k.j.TypeConverter   No LDT found for JavaBigintExpression 
52905      DEBUG main            d.u.i.k.p.i.AbstractProblemLoader Init config took 6.91s 
53058      INFO  main            d.u.i.k.p.i.AbstractProblemLoader Replaying proof AFilter[AFilter::AFilter(Sampler,Buffer)].JML normal_behavior operation contract.0 
53062      DEBUG main            d.u.i.k.p.i.IntermediateProofReplayer Proof replay took 8.2ns 
54267      INFO  main            d.u.i.k.p.r.p.TestFile    ... finished proof: closed. 
54578      INFO  main            d.u.i.k.p.i.AbstractProblemLoader Loading environment from /home/runner/work/key/key/key.core/../key.ui/examples/heap/permissions/threads/AFilter_AFilter.key.proof 
54579      DEBUG main            d.u.i.k.p.i.AbstractProblemLoader Environment load took 582.82ns 
54582      INFO  main            d.u.i.k.p.i.AbstractProblemLoader Creating init config 
59988      DEBUG main            d.u.i.k.p.i.AbstractProblemLoader Init config took 5.41s 
60095      INFO  main            d.u.i.k.p.i.AbstractProblemLoader Replaying proof AFilter[AFilter::AFilter(Sampler,Buffer)].JML normal_behavior operation contract.0 
60236      DEBUG main            d.u.i.k.p.i.IntermediateProofReplayer Proof replay took 136.9ms 
60238      DEBUG main            d.u.i.k.p.r.p.TestFile    ... success: reloaded. 
60239      INFO  main            d.u.i.k.p.r.p.TestFile    Now processing file /home/runner/work/key/key/key.core/../key.ui/examples/heap/permissions/threads/AFilter_initPost_accessible.key 
60239      INFO  main            d.u.i.k.p.i.AbstractProblemLoader Loading environment from /home/runner/work/key/key/key.core/../key.ui/examples/heap/permissions/threads/AFilter_initPost_accessible.key 
60240      DEBUG main            d.u.i.k.p.i.AbstractProblemLoader Environment load took 137.2ns 
60241      INFO  main            d.u.i.k.p.i.AbstractProblemLoader Creating init config 
65670      DEBUG main            d.u.i.k.p.i.AbstractProblemLoader Init config took 5.43s 
65799      INFO  main            d.u.i.k.p.i.AbstractProblemLoader Replaying proof AFilter[ThreadSpec2::initPost()].JML accessible clause.0 
65802      DEBUG main            d.u.i.k.p.i.IntermediateProofReplayer Proof replay took 8.5ns 
65904      INFO  main            d.u.i.k.p.r.p.TestFile    ... finished proof: closed. 
66239      INFO  main            d.u.i.k.p.i.AbstractProblemLoader Loading environment from /home/runner/work/key/key/key.core/../key.ui/examples/heap/permissions/threads/AFilter_initPost_accessible.key.proof 
66239      DEBUG main            d.u.i.k.p.i.AbstractProblemLoader Environment load took 150ns 
66244      INFO  main            d.u.i.k.p.i.AbstractProblemLoader Creating init config 
71530      DEBUG main            d.u.i.k.p.i.AbstractProblemLoader Init config took 5.29s 
71631      INFO  main            d.u.i.k.p.i.AbstractProblemLoader Replaying proof AFilter[ThreadSpec2::initPost()].JML accessible clause.0 
71666      DEBUG main            d.u.i.k.p.i.IntermediateProofReplayer Proof replay took 33.01ms 
71668      DEBUG main            d.u.i.k.p.r.p.TestFile    ... success: reloaded. 
71669      INFO  main            d.u.i.k.p.r.p.TestFile    Now processing file /home/runner/work/key/key/key.core/../key.ui/examples/heap/permissions/threads/AFilter_inv_accessible1.key 
71670      INFO  main            d.u.i.k.p.i.AbstractProblemLoader Loading environment from /home/runner/work/key/key/key.core/../key.ui/examples/heap/permissions/threads/AFilter_inv_accessible1.key 
71670      DEBUG main            d.u.i.k.p.i.AbstractProblemLoader Environment load took 201.11ns 
71671      INFO  main            d.u.i.k.p.i.AbstractProblemLoader Creating init config 
77088      DEBUG main            d.u.i.k.p.i.AbstractProblemLoader Init config took 5.42s 
77206      INFO  main            d.u.i.k.p.i.AbstractProblemLoader Replaying proof AFilter[java.lang.Object::<inv>()].JML accessible clause.0 
77208      DEBUG main            d.u.i.k.p.i.IntermediateProofReplayer Proof replay took 10ns 
77310      INFO  main            d.u.i.k.p.r.p.TestFile    ... finished proof: closed. 
77565      INFO  main            d.u.i.k.p.i.AbstractProblemLoader Loading environment from /home/runner/work/key/key/key.core/../key.ui/examples/heap/permissions/threads/AFilter_inv_accessible1.key.proof 
77565      DEBUG main            d.u.i.k.p.i.AbstractProblemLoader Environment load took 134.9ns 
77566      INFO  main            d.u.i.k.p.i.AbstractProblemLoader Creating init config 
82986      DEBUG main            d.u.i.k.p.i.AbstractProblemLoader Init config took 5.42s 
83103      INFO  main            d.u.i.k.p.i.AbstractProblemLoader Replaying proof AFilter[java.lang.Object::<inv>()].JML accessible clause.0 
83107      DEBUG main            d.u.i.k.p.i.IntermediateProofReplayer Proof replay took 2.21ms 
83108      DEBUG main            d.u.i.k.p.r.p.TestFile    ... success: reloaded. 
83110      INFO  main            d.u.i.k.p.r.p.TestFile    Now processing file /home/runner/work/key/key/key.core/../key.ui/examples/heap/permissions/threads/AFilter_inv_accessible2.key 
83110      INFO  main            d.u.i.k.p.i.AbstractProblemLoader Loading environment from /home/runner/work/key/key/key.core/../key.ui/examples/heap/permissions/threads/AFilter_inv_accessible2.key 
83110      DEBUG main            d.u.i.k.p.i.AbstractProblemLoader Environment load took 185.51ns 
83111      INFO  main            d.u.i.k.p.i.AbstractProblemLoader Creating init config 
88409      DEBUG main            d.u.i.k.p.i.AbstractProblemLoader Init config took 5.3s 
88514      INFO  main            d.u.i.k.p.i.AbstractProblemLoader Replaying proof AFilter[java.lang.Object::<inv>()].JML accessible clause.1 
88515      DEBUG main            d.u.i.k.p.i.IntermediateProofReplayer Proof replay took 8.4ns 
88617      INFO  main            d.u.i.k.p.r.p.TestFile    ... finished proof: closed. 
88885      INFO  main            d.u.i.k.p.i.AbstractProblemLoader Loading environment from /home/runner/work/key/key/key.core/../key.ui/examples/heap/permissions/threads/AFilter_inv_accessible2.key.proof 
88885      DEBUG main            d.u.i.k.p.i.AbstractProblemLoader Environment load took 135.8ns 
88886      INFO  main            d.u.i.k.p.i.AbstractProblemLoader Creating init config 
94170      DEBUG main            d.u.i.k.p.i.AbstractProblemLoader Init config took 5.28s 
94270      INFO  main            d.u.i.k.p.i.AbstractProblemLoader Replaying proof AFilter[java.lang.Object::<inv>()].JML accessible clause.1 
94275      DEBUG main            d.u.i.k.p.i.IntermediateProofReplayer Proof replay took 2.19ms 
94276      DEBUG main            d.u.i.k.p.r.p.TestFile    ... success: reloaded. 
94277      INFO  main            d.u.i.k.p.r.p.TestFile    Now processing file /home/runner/work/key/key/key.core/../key.ui/examples/heap/permissions/threads/AFilter_joinTransfer_accessible.key 
94278      INFO  main            d.u.i.k.p.i.AbstractProblemLoader Loading environment from /home/runner/work/key/key/key.core/../key.ui/examples/heap/permissions/threads/AFilter_joinTransfer_accessible.key 
94278      DEBUG main            d.u.i.k.p.i.AbstractProblemLoader Environment load took 143.6ns 
94279      INFO  main            d.u.i.k.p.i.AbstractProblemLoader Creating init config 
99535      DEBUG main            d.u.i.k.p.i.AbstractProblemLoader Init config took 5.26s 
99633      INFO  main            d.u.i.k.p.i.AbstractProblemLoader Replaying proof AFilter[ThreadSpec2::joinTransfer()].JML accessible clause.0 
99635      DEBUG main            d.u.i.k.p.i.IntermediateProofReplayer Proof replay took 8.6ns 
103650     INFO  main            d.u.i.k.p.r.p.TestFile    ... finished proof: closed. 
103932     INFO  main            d.u.i.k.p.i.AbstractProblemLoader Loading environment from /home/runner/work/key/key/key.core/../key.ui/examples/heap/permissions/threads/AFilter_joinTransfer_accessible.key.proof 
103933     DEBUG main            d.u.i.k.p.i.AbstractProblemLoader Environment load took 392.91ns 
103934     INFO  main            d.u.i.k.p.i.AbstractProblemLoader Creating init config 
109336     DEBUG main            d.u.i.k.p.i.AbstractProblemLoader Init config took 5.4s 
109435     INFO  main            d.u.i.k.p.i.AbstractProblemLoader Replaying proof AFilter[ThreadSpec2::joinTransfer()].JML accessible clause.0 
109777     DEBUG main            d.u.i.k.p.i.IntermediateProofReplayer Proof replay took 331.8ms 
109779     DEBUG main            d.u.i.k.p.r.p.TestFile    ... success: reloaded. 
109781     INFO  main            d.u.i.k.p.r.p.TestFile    Now processing file /home/runner/work/key/key/key.core/../key.ui/examples/heap/permissions/threads/AFilter_joinTransfer_contract.key 
109781     INFO  main            d.u.i.k.p.i.AbstractProblemLoader Loading environment from /home/runner/work/key/key/key.core/../key.ui/examples/heap/permissions/threads/AFilter_joinTransfer_contract.key 
109781     DEBUG main            d.u.i.k.p.i.AbstractProblemLoader Environment load took 204.51ns 
109782     INFO  main            d.u.i.k.p.i.AbstractProblemLoader Creating init config 
115140     DEBUG main            d.u.i.k.p.i.AbstractProblemLoader Init config took 5.36s 
115261     INFO  main            d.u.i.k.p.i.AbstractProblemLoader Replaying proof AFilter[ThreadSpec2::joinTransfer()].JML model_behavior operation contract.0 
115263     DEBUG main            d.u.i.k.p.i.IntermediateProofReplayer Proof replay took 9.3ns 
115365     INFO  main            d.u.i.k.p.r.p.TestFile    ... finished proof: closed. 
115637     INFO  main            d.u.i.k.p.i.AbstractProblemLoader Loading environment from /home/runner/work/key/key/key.core/../key.ui/examples/heap/permissions/threads/AFilter_joinTransfer_contract.key.proof 
115637     DEBUG main            d.u.i.k.p.i.AbstractProblemLoader Environment load took 140.2ns 
115638     INFO  main            d.u.i.k.p.i.AbstractProblemLoader Creating init config 
120888     DEBUG main            d.u.i.k.p.i.AbstractProblemLoader Init config took 5.25s 
120986     INFO  main            d.u.i.k.p.i.AbstractProblemLoader Replaying proof AFilter[ThreadSpec2::joinTransfer()].JML model_behavior operation contract.0 
120996     DEBUG main            d.u.i.k.p.i.IntermediateProofReplayer Proof replay took 8.19ms 
120997     DEBUG main            d.u.i.k.p.r.p.TestFile    ... success: reloaded. 
120999     INFO  main            d.u.i.k.p.r.p.TestFile    Now processing file /home/runner/work/key/key/key.core/../key.ui/examples/heap/permissions/threads/AFilter_postJoin_accessible.key 
120999     INFO  main            d.u.i.k.p.i.AbstractProblemLoader Loading environment from /home/runner/work/key/key/key.core/../key.ui/examples/heap/permissions/threads/AFilter_postJoin_accessible.key 
120999     DEBUG main            d.u.i.k.p.i.AbstractProblemLoader Environment load took 107.4ns 
121000     INFO  main            d.u.i.k.p.i.AbstractProblemLoader Creating init config 
126320     DEBUG main            d.u.i.k.p.i.AbstractProblemLoader Init config took 5.32s 
126416     INFO  main            d.u.i.k.p.i.AbstractProblemLoader Replaying proof AFilter[ThreadSpec2::postJoin(java.lang.Object)].JML accessible clause.0 
126417     DEBUG main            d.u.i.k.p.i.IntermediateProofReplayer Proof replay took 7.5ns 
126521     INFO  main            d.u.i.k.p.r.p.TestFile    ... finished proof: closed. 
126808     INFO  main            d.u.i.k.p.i.AbstractProblemLoader Loading environment from /home/runner/work/key/key/key.core/../key.ui/examples/heap/permissions/threads/AFilter_postJoin_accessible.key.proof 
126808     DEBUG main            d.u.i.k.p.i.AbstractProblemLoader Environment load took 135.5ns 
126809     INFO  main            d.u.i.k.p.i.AbstractProblemLoader Creating init config 
132022     DEBUG main            d.u.i.k.p.i.AbstractProblemLoader Init config took 5.21s 
132119     INFO  main            d.u.i.k.p.i.AbstractProblemLoader Replaying proof AFilter[ThreadSpec2::postJoin(java.lang.Object)].JML accessible clause.0 
132128     DEBUG main            d.u.i.k.p.i.IntermediateProofReplayer Proof replay took 6.72ms 
132130     DEBUG main            d.u.i.k.p.r.p.TestFile    ... success: reloaded. 
132131     INFO  main            d.u.i.k.p.r.p.TestFile    Now processing file /home/runner/work/key/key/key.core/../key.ui/examples/heap/permissions/threads/AFilter_preStart_accessible.key 
132131     INFO  main            d.u.i.k.p.i.AbstractProblemLoader Loading environment from /home/runner/work/key/key/key.core/../key.ui/examples/heap/permissions/threads/AFilter_preStart_accessible.key 
132132     DEBUG main            d.u.i.k.p.i.AbstractProblemLoader Environment load took 243.01ns 
132133     INFO  main            d.u.i.k.p.i.AbstractProblemLoader Creating init config 
137464     DEBUG main            d.u.i.k.p.i.AbstractProblemLoader Init config took 5.33s 
137585     INFO  main            d.u.i.k.p.i.AbstractProblemLoader Replaying proof AFilter[ThreadSpec2::preStart(java.lang.Object)].JML accessible clause.0 
137588     DEBUG main            d.u.i.k.p.i.IntermediateProofReplayer Proof replay took 20.8ns 
137992     INFO  main            d.u.i.k.p.r.p.TestFile    ... finished proof: closed. 
138290     INFO  main            d.u.i.k.p.i.AbstractProblemLoader Loading environment from /home/runner/work/key/key/key.core/../key.ui/examples/heap/permissions/threads/AFilter_preStart_accessible.key.proof 
138291     DEBUG main            d.u.i.k.p.i.AbstractProblemLoader Environment load took 513.62ns 
138292     INFO  main            d.u.i.k.p.i.AbstractProblemLoader Creating init config 
143629     DEBUG main            d.u.i.k.p.i.AbstractProblemLoader Init config took 5.34s 
143740     INFO  main            d.u.i.k.p.i.AbstractProblemLoader Replaying proof AFilter[ThreadSpec2::preStart(java.lang.Object)].JML accessible clause.0 
143781     DEBUG main            d.u.i.k.p.i.IntermediateProofReplayer Proof replay took 37.8ms 
143782     DEBUG main            d.u.i.k.p.r.p.TestFile    ... success: reloaded. 
143784     INFO  main            d.u.i.k.p.r.p.TestFile    Now processing file /home/runner/work/key/key/key.core/../key.ui/examples/heap/permissions/threads/AFilter_startTransfer_accessible.key 
143784     INFO  main            d.u.i.k.p.i.AbstractProblemLoader Loading environment from /home/runner/work/key/key/key.core/../key.ui/examples/heap/permissions/threads/AFilter_startTransfer_accessible.key 
143785     DEBUG main            d.u.i.k.p.i.AbstractProblemLoader Environment load took 234.81ns 
143786     INFO  main            d.u.i.k.p.i.AbstractProblemLoader Creating init config 
149156     DEBUG main            d.u.i.k.p.i.AbstractProblemLoader Init config took 5.37s 
149253     INFO  main            d.u.i.k.p.i.AbstractProblemLoader Replaying proof AFilter[ThreadSpec2::startTransfer()].JML accessible clause.0 
149254     DEBUG main            d.u.i.k.p.i.IntermediateProofReplayer Proof replay took 8.9ns 
156468     INFO  main            d.u.i.k.p.r.p.TestFile    ... finished proof: closed. 
156776     INFO  main            d.u.i.k.p.i.AbstractProblemLoader Loading environment from /home/runner/work/key/key/key.core/../key.ui/examples/heap/permissions/threads/AFilter_startTransfer_accessible.key.proof 
156776     DEBUG main            d.u.i.k.p.i.AbstractProblemLoader Environment load took 257.11ns 
156778     INFO  main            d.u.i.k.p.i.AbstractProblemLoader Creating init config 
162049     DEBUG main            d.u.i.k.p.i.AbstractProblemLoader Init config took 5.27s 
162151     INFO  main            d.u.i.k.p.i.AbstractProblemLoader Replaying proof AFilter[ThreadSpec2::startTransfer()].JML accessible clause.0 
162573     DEBUG main            d.u.i.k.p.i.IntermediateProofReplayer Proof replay took 407.58ms 
162575     DEBUG main            d.u.i.k.p.r.p.TestFile    ... success: reloaded. 
162576     INFO  main            d.u.i.k.p.r.p.TestFile    Now processing file /home/runner/work/key/key/key.core/../key.ui/examples/heap/permissions/threads/AFilter_startTransfer_contract.key 
162576     INFO  main            d.u.i.k.p.i.AbstractProblemLoader Loading environment from /home/runner/work/key/key/key.core/../key.ui/examples/heap/permissions/threads/AFilter_startTransfer_contract.key 
162577     DEBUG main            d.u.i.k.p.i.AbstractProblemLoader Environment load took 130.7ns 
162578     INFO  main            d.u.i.k.p.i.AbstractProblemLoader Creating init config 
167836     DEBUG main            d.u.i.k.p.i.AbstractProblemLoader Init config took 5.26s 
167952     INFO  main            d.u.i.k.p.i.AbstractProblemLoader Replaying proof AFilter[ThreadSpec2::startTransfer()].JML model_behavior operation contract.0 
167955     DEBUG main            d.u.i.k.p.i.IntermediateProofReplayer Proof replay took 7.1ns 
168460     INFO  main            d.u.i.k.p.r.p.TestFile    ... finished proof: closed. 
168772     INFO  main            d.u.i.k.p.i.AbstractProblemLoader Loading environment from /home/runner/work/key/key/key.core/../key.ui/examples/heap/permissions/threads/AFilter_startTransfer_contract.key.proof 
168772     DEBUG main            d.u.i.k.p.i.AbstractProblemLoader Environment load took 933.63ns 
168774     INFO  main            d.u.i.k.p.i.AbstractProblemLoader Creating init config 
174062     DEBUG main            d.u.i.k.p.i.AbstractProblemLoader Init config took 5.29s 
174173     INFO  main            d.u.i.k.p.i.AbstractProblemLoader Replaying proof AFilter[ThreadSpec2::startTransfer()].JML model_behavior operation contract.0 
174225     DEBUG main            d.u.i.k.p.i.IntermediateProofReplayer Proof replay took 48.3ms 
174226     DEBUG main            d.u.i.k.p.r.p.TestFile    ... success: reloaded. 
174228     INFO  main            d.u.i.k.p.r.p.TestFile    Now processing file /home/runner/work/key/key/key.core/../key.ui/examples/heap/permissions/threads/AFilter_stateInv_accessible.key 
174228     INFO  main            d.u.i.k.p.i.AbstractProblemLoader Loading environment from /home/runner/work/key/key/key.core/../key.ui/examples/heap/permissions/threads/AFilter_stateInv_accessible.key 
174228     DEBUG main            d.u.i.k.p.i.AbstractProblemLoader Environment load took 125ns 
174229     INFO  main            d.u.i.k.p.i.AbstractProblemLoader Creating init config 
179514     DEBUG main            d.u.i.k.p.i.AbstractProblemLoader Init config took 5.28s 
179643     INFO  main            d.u.i.k.p.i.AbstractProblemLoader Replaying proof AFilter[ThreadSpec2::stateInv()].JML accessible clause.0 
179645     DEBUG main            d.u.i.k.p.i.IntermediateProofReplayer Proof replay took 7.5ns 
180048     INFO  main            d.u.i.k.p.r.p.TestFile    ... finished proof: closed. 
180362     INFO  main            d.u.i.k.p.i.AbstractProblemLoader Loading environment from /home/runner/work/key/key/key.core/../key.ui/examples/heap/permissions/threads/AFilter_stateInv_accessible.key.proof 
180363     DEBUG main            d.u.i.k.p.i.AbstractProblemLoader Environment load took 130.4ns 
180365     INFO  main            d.u.i.k.p.i.AbstractProblemLoader Creating init config 
185657     DEBUG main            d.u.i.k.p.i.AbstractProblemLoader Init config took 5.29s 
185758     INFO  main            d.u.i.k.p.i.AbstractProblemLoader Replaying proof AFilter[ThreadSpec2::stateInv()].JML accessible clause.0 
185794     DEBUG main            d.u.i.k.p.i.IntermediateProofReplayer Proof replay took 33.33ms 
185798     DEBUG main            d.u.i.k.p.r.p.TestFile    ... success: reloaded. 
185799     INFO  main            d.u.i.k.p.r.p.TestFile    Now processing file /home/runner/work/key/key/key.core/../key.ui/examples/heap/permissions/threads/AFilter_staticPermissions_accessible.key 
185799     INFO  main            d.u.i.k.p.i.AbstractProblemLoader Loading environment from /home/runner/work/key/key/key.core/../key.ui/examples/heap/permissions/threads/AFilter_staticPermissions_accessible.key 
185799     DEBUG main            d.u.i.k.p.i.AbstractProblemLoader Environment load took 102.1ns 
185800     INFO  main            d.u.i.k.p.i.AbstractProblemLoader Creating init config 
191184     DEBUG main            d.u.i.k.p.i.AbstractProblemLoader Init config took 5.38s 
191280     INFO  main            d.u.i.k.p.i.AbstractProblemLoader Replaying proof AFilter[ThreadSpec2::staticPermissions()].JML accessible clause.0 
191282     DEBUG main            d.u.i.k.p.i.IntermediateProofReplayer Proof replay took 7.3ns 
191385     INFO  main            d.u.i.k.p.r.p.TestFile    ... finished proof: closed. 
191702     INFO  main            d.u.i.k.p.i.AbstractProblemLoader Loading environment from /home/runner/work/key/key/key.core/../key.ui/examples/heap/permissions/threads/AFilter_staticPermissions_accessible.key.proof 
191702     DEBUG main            d.u.i.k.p.i.AbstractProblemLoader Environment load took 124ns 
191703     INFO  main            d.u.i.k.p.i.AbstractProblemLoader Creating init config 
196985     DEBUG main            d.u.i.k.p.i.AbstractProblemLoader Init config took 5.28s 
197094     INFO  main            d.u.i.k.p.i.AbstractProblemLoader Replaying proof AFilter[ThreadSpec2::staticPermissions()].JML accessible clause.0 
197104     DEBUG main            d.u.i.k.p.i.IntermediateProofReplayer Proof replay took 8.82ms 
197105     DEBUG main            d.u.i.k.p.r.p.TestFile    ... success: reloaded. 
197107     INFO  main            d.u.i.k.p.r.p.TestFile    Now processing file /home/runner/work/key/key/key.core/../key.ui/examples/heap/permissions/threads/AFilter_workingPermissions_accessible.key 
197107     INFO  main            d.u.i.k.p.i.AbstractProblemLoader Loading environment from /home/runner/work/key/key/key.core/../key.ui/examples/heap/permissions/threads/AFilter_workingPermissions_accessible.key 
197107     DEBUG main            d.u.i.k.p.i.AbstractProblemLoader Environment load took 117.5ns 
197108     INFO  main            d.u.i.k.p.i.AbstractProblemLoader Creating init config 
202397     DEBUG main            d.u.i.k.p.i.AbstractProblemLoader Init config took 5.29s 
202494     INFO  main            d.u.i.k.p.i.AbstractProblemLoader Replaying proof AFilter[ThreadSpec2::workingPermissions()].JML accessible clause.0 
202496     DEBUG main            d.u.i.k.p.i.IntermediateProofReplayer Proof replay took 8.6ns 
202601     INFO  main            d.u.i.k.p.r.p.TestFile    ... finished proof: closed. 
202940     INFO  main            d.u.i.k.p.i.AbstractProblemLoader Loading environment from /home/runner/work/key/key/key.core/../key.ui/examples/heap/permissions/threads/AFilter_workingPermissions_accessible.key.proof 
202940     DEBUG main            d.u.i.k.p.i.AbstractProblemLoader Environment load took 123.7ns 
202941     INFO  main            d.u.i.k.p.i.AbstractProblemLoader Creating init config 
208166     DEBUG main            d.u.i.k.p.i.AbstractProblemLoader Init config took 5.22s 
208262     INFO  main            d.u.i.k.p.i.AbstractProblemLoader Replaying proof AFilter[ThreadSpec2::workingPermissions()].JML accessible clause.0 
208272     DEBUG main            d.u.i.k.p.i.IntermediateProofReplayer Proof replay took 7.74ms 
208274     DEBUG main            d.u.i.k.p.r.p.TestFile    ... success: reloaded. 
208275     INFO  main            d.u.i.k.p.r.p.TestFile    Now processing file /home/runner/work/key/key/key.core/../key.ui/examples/heap/permissions/threads/BFilter_BFilter.key 
208275     INFO  main            d.u.i.k.p.i.AbstractProblemLoader Loading environment from /home/runner/work/key/key/key.core/../key.ui/examples/heap/permissions/threads/BFilter_BFilter.key 
208276     DEBUG main            d.u.i.k.p.i.AbstractProblemLoader Environment load took 225.31ns 
208277     INFO  main            d.u.i.k.p.i.AbstractProblemLoader Creating init config 
213498     DEBUG main            d.u.i.k.p.i.AbstractProblemLoader Init config took 5.22s 
213621     INFO  main            d.u.i.k.p.i.AbstractProblemLoader Replaying proof BFilter[BFilter::BFilter(Sampler,Buffer)].JML normal_behavior operation contract.0 
213623     DEBUG main            d.u.i.k.p.i.IntermediateProofReplayer Proof replay took 7.7ns 
214629     INFO  main            d.u.i.k.p.r.p.TestFile    ... finished proof: closed. 
215023     INFO  main            d.u.i.k.p.i.AbstractProblemLoader Loading environment from /home/runner/work/key/key/key.core/../key.ui/examples/heap/permissions/threads/BFilter_BFilter.key.proof 
215024     DEBUG main            d.u.i.k.p.i.AbstractProblemLoader Environment load took 1.31ms 
215026     INFO  main            d.u.i.k.p.i.AbstractProblemLoader Creating init config 
220366     DEBUG main            d.u.i.k.p.i.AbstractProblemLoader Init config took 5.34s 
220461     INFO  main            d.u.i.k.p.i.AbstractProblemLoader Replaying proof BFilter[BFilter::BFilter(Sampler,Buffer)].JML normal_behavior operation contract.0 
220593     DEBUG main            d.u.i.k.p.i.IntermediateProofReplayer Proof replay took 127.74ms 
220595     DEBUG main            d.u.i.k.p.r.p.TestFile    ... success: reloaded. 
220596     INFO  main            d.u.i.k.p.r.p.TestFile    Now processing file /home/runner/work/key/key/key.core/../key.ui/examples/heap/permissions/threads/BFilter_initPost_accessible.key 
220596     INFO  main            d.u.i.k.p.i.AbstractProblemLoader Loading environment from /home/runner/work/key/key/key.core/../key.ui/examples/heap/permissions/threads/BFilter_initPost_accessible.key 
220597     DEBUG main            d.u.i.k.p.i.AbstractProblemLoader Environment load took 218.71ns 
220598     INFO  main            d.u.i.k.p.i.AbstractProblemLoader Creating init config 
226000     DEBUG main            d.u.i.k.p.i.AbstractProblemLoader Init config took 5.4s 
226113     INFO  main            d.u.i.k.p.i.AbstractProblemLoader Replaying proof BFilter[ThreadSpec2::initPost()].JML accessible clause.0 
226116     DEBUG main            d.u.i.k.p.i.IntermediateProofReplayer Proof replay took 7.7ns 
226218     INFO  main            d.u.i.k.p.r.p.TestFile    ... finished proof: closed. 
226565     INFO  main            d.u.i.k.p.i.AbstractProblemLoader Loading environment from /home/runner/work/key/key/key.core/../key.ui/examples/heap/permissions/threads/BFilter_initPost_accessible.key.proof 
226565     DEBUG main            d.u.i.k.p.i.AbstractProblemLoader Environment load took 124.9ns 
226566     INFO  main            d.u.i.k.p.i.AbstractProblemLoader Creating init config 
231980     DEBUG main            d.u.i.k.p.i.AbstractProblemLoader Init config took 5.41s 
232075     INFO  main            d.u.i.k.p.i.AbstractProblemLoader Replaying proof BFilter[ThreadSpec2::initPost()].JML accessible clause.0 
232087     DEBUG main            d.u.i.k.p.i.IntermediateProofReplayer Proof replay took 9.18ms 
232088     DEBUG main            d.u.i.k.p.r.p.TestFile    ... success: reloaded. 
232089     INFO  main            d.u.i.k.p.r.p.TestFile    Now processing file /home/runner/work/key/key/key.core/../key.ui/examples/heap/permissions/threads/BFilter_inv_accessible1.key 
232089     INFO  main            d.u.i.k.p.i.AbstractProblemLoader Loading environment from /home/runner/work/key/key/key.core/../key.ui/examples/heap/permissions/threads/BFilter_inv_accessible1.key 
232089     DEBUG main            d.u.i.k.p.i.AbstractProblemLoader Environment load took 92.5ns 
232090     INFO  main            d.u.i.k.p.i.AbstractProblemLoader Creating init config 
237453     DEBUG main            d.u.i.k.p.i.AbstractProblemLoader Init config took 5.36s 
237552     INFO  main            d.u.i.k.p.i.AbstractProblemLoader Replaying proof BFilter[java.lang.Object::<inv>()].JML accessible clause.0 
237554     DEBUG main            d.u.i.k.p.i.IntermediateProofReplayer Proof replay took 7.2ns 
237655     INFO  main            d.u.i.k.p.r.p.TestFile    ... finished proof: closed. 
238009     INFO  main            d.u.i.k.p.i.AbstractProblemLoader Loading environment from /home/runner/work/key/key/key.core/../key.ui/examples/heap/permissions/threads/BFilter_inv_accessible1.key.proof 
238009     DEBUG main            d.u.i.k.p.i.AbstractProblemLoader Environment load took 126.5ns 
238010     INFO  main            d.u.i.k.p.i.AbstractProblemLoader Creating init config 
243303     DEBUG main            d.u.i.k.p.i.AbstractProblemLoader Init config took 5.29s 
243404     INFO  main            d.u.i.k.p.i.AbstractProblemLoader Replaying proof BFilter[java.lang.Object::<inv>()].JML accessible clause.0 
243407     DEBUG main            d.u.i.k.p.i.IntermediateProofReplayer Proof replay took 1.74ms 
243408     DEBUG main            d.u.i.k.p.r.p.TestFile    ... success: reloaded. 
243409     INFO  main            d.u.i.k.p.r.p.TestFile    Now processing file /home/runner/work/key/key/key.core/../key.ui/examples/heap/permissions/threads/BFilter_inv_accessible2.key 
243410     INFO  main            d.u.i.k.p.i.AbstractProblemLoader Loading environment from /home/runner/work/key/key/key.core/../key.ui/examples/heap/permissions/threads/BFilter_inv_accessible2.key 
243410     DEBUG main            d.u.i.k.p.i.AbstractProblemLoader Environment load took 83.7ns 
243411     INFO  main            d.u.i.k.p.i.AbstractProblemLoader Creating init config 
248701     DEBUG main            d.u.i.k.p.i.AbstractProblemLoader Init config took 5.29s 
248797     INFO  main            d.u.i.k.p.i.AbstractProblemLoader Replaying proof BFilter[java.lang.Object::<inv>()].JML accessible clause.1 
248798     DEBUG main            d.u.i.k.p.i.IntermediateProofReplayer Proof replay took 7.8ns 
248904     INFO  main            d.u.i.k.p.r.p.TestFile    ... finished proof: closed. 
249260     INFO  main            d.u.i.k.p.i.AbstractProblemLoader Loading environment from /home/runner/work/key/key/key.core/../key.ui/examples/heap/permissions/threads/BFilter_inv_accessible2.key.proof 
249260     DEBUG main            d.u.i.k.p.i.AbstractProblemLoader Environment load took 133.6ns 
249261     INFO  main            d.u.i.k.p.i.AbstractProblemLoader Creating init config 
254575     DEBUG main            d.u.i.k.p.i.AbstractProblemLoader Init config took 5.31s 
254670     INFO  main            d.u.i.k.p.i.AbstractProblemLoader Replaying proof BFilter[java.lang.Object::<inv>()].JML accessible clause.1 
254674     DEBUG main            d.u.i.k.p.i.IntermediateProofReplayer Proof replay took 1.79ms 
254675     DEBUG main            d.u.i.k.p.r.p.TestFile    ... success: reloaded. 
254676     INFO  main            d.u.i.k.p.r.p.TestFile    Now processing file /home/runner/work/key/key/key.core/../key.ui/examples/heap/permissions/threads/BFilter_joinTransfer_accessible.key 
254676     INFO  main            d.u.i.k.p.i.AbstractProblemLoader Loading environment from /home/runner/work/key/key/key.core/../key.ui/examples/heap/permissions/threads/BFilter_joinTransfer_accessible.key 
254676     DEBUG main            d.u.i.k.p.i.AbstractProblemLoader Environment load took 81.1ns 
254677     INFO  main            d.u.i.k.p.i.AbstractProblemLoader Creating init config 
260013     DEBUG main            d.u.i.k.p.i.AbstractProblemLoader Init config took 5.34s 
260126     INFO  main            d.u.i.k.p.i.AbstractProblemLoader Replaying proof BFilter[ThreadSpec2::joinTransfer()].JML accessible clause.0 
260127     DEBUG main            d.u.i.k.p.i.IntermediateProofReplayer Proof replay took 7.3ns 
263960     INFO  main            d.u.i.k.p.r.p.TestFile    ... finished proof: closed. 
264354     INFO  main            d.u.i.k.p.i.AbstractProblemLoader Loading environment from /home/runner/work/key/key/key.core/../key.ui/examples/heap/permissions/threads/BFilter_joinTransfer_accessible.key.proof 
264355     DEBUG main            d.u.i.k.p.i.AbstractProblemLoader Environment load took 547.42ns 
264356     INFO  main            d.u.i.k.p.i.AbstractProblemLoader Creating init config 
269618     DEBUG main            d.u.i.k.p.i.AbstractProblemLoader Init config took 5.26s 
269718     INFO  main            d.u.i.k.p.i.AbstractProblemLoader Replaying proof BFilter[ThreadSpec2::joinTransfer()].JML accessible clause.0 
269994     DEBUG main            d.u.i.k.p.i.IntermediateProofReplayer Proof replay took 266.05ms 
269995     DEBUG main            d.u.i.k.p.r.p.TestFile    ... success: reloaded. 
269996     INFO  main            d.u.i.k.p.r.p.TestFile    Now processing file /home/runner/work/key/key/key.core/../key.ui/examples/heap/permissions/threads/BFilter_joinTransfer_contract.key 
269997     INFO  main            d.u.i.k.p.i.AbstractProblemLoader Loading environment from /home/runner/work/key/key/key.core/../key.ui/examples/heap/permissions/threads/BFilter_joinTransfer_contract.key 
269997     DEBUG main            d.u.i.k.p.i.AbstractProblemLoader Environment load took 98.4ns 
269998     INFO  main            d.u.i.k.p.i.AbstractProblemLoader Creating init config 
275484     DEBUG main            d.u.i.k.p.i.AbstractProblemLoader Init config took 5.49s 
275582     INFO  main            d.u.i.k.p.i.AbstractProblemLoader Replaying proof BFilter[ThreadSpec2::joinTransfer()].JML model_behavior operation contract.0 
275584     DEBUG main            d.u.i.k.p.i.IntermediateProofReplayer Proof replay took 8.3ns 
275685     INFO  main            d.u.i.k.p.r.p.TestFile    ... finished proof: closed. 
276248     INFO  main            d.u.i.k.p.i.AbstractProblemLoader Loading environment from /home/runner/work/key/key/key.core/../key.ui/examples/heap/permissions/threads/BFilter_joinTransfer_contract.key.proof 
276248     DEBUG main            d.u.i.k.p.i.AbstractProblemLoader Environment load took 121.7ns 
276249     INFO  main            d.u.i.k.p.i.AbstractProblemLoader Creating init config 
281477     DEBUG main            d.u.i.k.p.i.AbstractProblemLoader Init config took 5.23s 
281602     INFO  main            d.u.i.k.p.i.AbstractProblemLoader Replaying proof BFilter[ThreadSpec2::joinTransfer()].JML model_behavior operation contract.0 
281612     DEBUG main            d.u.i.k.p.i.IntermediateProofReplayer Proof replay took 7.7ms 
281613     DEBUG main            d.u.i.k.p.r.p.TestFile    ... success: reloaded. 
281614     INFO  main            d.u.i.k.p.r.p.TestFile    Now processing file /home/runner/work/key/key/key.core/../key.ui/examples/heap/permissions/threads/BFilter_postJoin_accessible.key 
281615     INFO  main            d.u.i.k.p.i.AbstractProblemLoader Loading environment from /home/runner/work/key/key/key.core/../key.ui/examples/heap/permissions/threads/BFilter_postJoin_accessible.key 
281615     DEBUG main            d.u.i.k.p.i.AbstractProblemLoader Environment load took 111.2ns 
281617     INFO  main            d.u.i.k.p.i.AbstractProblemLoader Creating init config 
286960     DEBUG main            d.u.i.k.p.i.AbstractProblemLoader Init config took 5.34s 
287055     INFO  main            d.u.i.k.p.i.AbstractProblemLoader Replaying proof BFilter[ThreadSpec2::postJoin(java.lang.Object)].JML accessible clause.0 
287057     DEBUG main            d.u.i.k.p.i.IntermediateProofReplayer Proof replay took 7.5ns 
287161     INFO  main            d.u.i.k.p.r.p.TestFile    ... finished proof: closed. 
287594     INFO  main            d.u.i.k.p.i.AbstractProblemLoader Loading environment from /home/runner/work/key/key/key.core/../key.ui/examples/heap/permissions/threads/BFilter_postJoin_accessible.key.proof 
287594     DEBUG main            d.u.i.k.p.i.AbstractProblemLoader Environment load took 109ns 
287595     INFO  main            d.u.i.k.p.i.AbstractProblemLoader Creating init config 
292904     DEBUG main            d.u.i.k.p.i.AbstractProblemLoader Init config took 5.31s 
292999     INFO  main            d.u.i.k.p.i.AbstractProblemLoader Replaying proof BFilter[ThreadSpec2::postJoin(java.lang.Object)].JML accessible clause.0 
293006     DEBUG main            d.u.i.k.p.i.IntermediateProofReplayer Proof replay took 5.71ms 
293007     DEBUG main            d.u.i.k.p.r.p.TestFile    ... success: reloaded. 
293008     INFO  main            d.u.i.k.p.r.p.TestFile    Now processing file /home/runner/work/key/key/key.core/../key.ui/examples/heap/permissions/threads/BFilter_preStart_accessible.key 
293009     INFO  main            d.u.i.k.p.i.AbstractProblemLoader Loading environment from /home/runner/work/key/key/key.core/../key.ui/examples/heap/permissions/threads/BFilter_preStart_accessible.key 
293009     DEBUG main            d.u.i.k.p.i.AbstractProblemLoader Environment load took 120.5ns 
293010     INFO  main            d.u.i.k.p.i.AbstractProblemLoader Creating init config 
298262     DEBUG main            d.u.i.k.p.i.AbstractProblemLoader Init config took 5.25s 
298380     INFO  main            d.u.i.k.p.i.AbstractProblemLoader Replaying proof BFilter[ThreadSpec2::preStart(java.lang.Object)].JML accessible clause.0 
298381     DEBUG main            d.u.i.k.p.i.IntermediateProofReplayer Proof replay took 7.5ns 
298684     INFO  main            d.u.i.k.p.r.p.TestFile    ... finished proof: closed. 
299085     INFO  main            d.u.i.k.p.i.AbstractProblemLoader Loading environment from /home/runner/work/key/key/key.core/../key.ui/examples/heap/permissions/threads/BFilter_preStart_accessible.key.proof 
299086     DEBUG main            d.u.i.k.p.i.AbstractProblemLoader Environment load took 111.5ns 
299087     INFO  main            d.u.i.k.p.i.AbstractProblemLoader Creating init config 
304300     DEBUG main            d.u.i.k.p.i.AbstractProblemLoader Init config took 5.21s 
304395     INFO  main            d.u.i.k.p.i.AbstractProblemLoader Replaying proof BFilter[ThreadSpec2::preStart(java.lang.Object)].JML accessible clause.0 
304424     DEBUG main            d.u.i.k.p.i.IntermediateProofReplayer Proof replay took 25.16ms 
304425     DEBUG main            d.u.i.k.p.r.p.TestFile    ... success: reloaded. 
304426     INFO  main            d.u.i.k.p.r.p.TestFile    Now processing file /home/runner/work/key/key/key.core/../key.ui/examples/heap/permissions/threads/BFilter_startTransfer_accessible.key 
304426     INFO  main            d.u.i.k.p.i.AbstractProblemLoader Loading environment from /home/runner/work/key/key/key.core/../key.ui/examples/heap/permissions/threads/BFilter_startTransfer_accessible.key 
304427     DEBUG main            d.u.i.k.p.i.AbstractProblemLoader Environment load took 136.1ns 
304428     INFO  main            d.u.i.k.p.i.AbstractProblemLoader Creating init config 
309770     DEBUG main            d.u.i.k.p.i.AbstractProblemLoader Init config took 5.34s 
309864     INFO  main            d.u.i.k.p.i.AbstractProblemLoader Replaying proof BFilter[ThreadSpec2::startTransfer()].JML accessible clause.0 
309866     DEBUG main            d.u.i.k.p.i.IntermediateProofReplayer Proof replay took 8.4ns 
316923     INFO  main            d.u.i.k.p.r.p.TestFile    ... finished proof: closed. 
317377     INFO  main            d.u.i.k.p.i.AbstractProblemLoader Loading environment from /home/runner/work/key/key/key.core/../key.ui/examples/heap/permissions/threads/BFilter_startTransfer_accessible.key.proof 
317377     DEBUG main            d.u.i.k.p.i.AbstractProblemLoader Environment load took 491.41ns 
317380     INFO  main            d.u.i.k.p.i.AbstractProblemLoader Creating init config 
322743     DEBUG main            d.u.i.k.p.i.AbstractProblemLoader Init config took 5.36s 
322840     INFO  main            d.u.i.k.p.i.AbstractProblemLoader Replaying proof BFilter[ThreadSpec2::startTransfer()].JML accessible clause.0 
323249     DEBUG main            d.u.i.k.p.i.IntermediateProofReplayer Proof replay took 392.34ms 
323251     DEBUG main            d.u.i.k.p.r.p.TestFile    ... success: reloaded. 
323252     INFO  main            d.u.i.k.p.r.p.TestFile    Now processing file /home/runner/work/key/key/key.core/../key.ui/examples/heap/permissions/threads/BFilter_startTransfer_contract.key 
323253     INFO  main            d.u.i.k.p.i.AbstractProblemLoader Loading environment from /home/runner/work/key/key/key.core/../key.ui/examples/heap/permissions/threads/BFilter_startTransfer_contract.key 
323253     DEBUG main            d.u.i.k.p.i.AbstractProblemLoader Environment load took 184.71ns 
323254     INFO  main            d.u.i.k.p.i.AbstractProblemLoader Creating init config 
328654     DEBUG main            d.u.i.k.p.i.AbstractProblemLoader Init config took 5.4s 
328759     INFO  main            d.u.i.k.p.i.AbstractProblemLoader Replaying proof BFilter[ThreadSpec2::startTransfer()].JML model_behavior operation contract.0 
328761     DEBUG main            d.u.i.k.p.i.IntermediateProofReplayer Proof replay took 8.7ns 
330166     INFO  main            d.u.i.k.p.r.p.TestFile    ... finished proof: closed. 
330561     INFO  main            d.u.i.k.p.i.AbstractProblemLoader Loading environment from /home/runner/work/key/key/key.core/../key.ui/examples/heap/permissions/threads/BFilter_startTransfer_contract.key.proof 
330562     DEBUG main            d.u.i.k.p.i.AbstractProblemLoader Environment load took 400.51ns 
330563     INFO  main            d.u.i.k.p.i.AbstractProblemLoader Creating init config 
335809     DEBUG main            d.u.i.k.p.i.AbstractProblemLoader Init config took 5.25s 
335904     INFO  main            d.u.i.k.p.i.AbstractProblemLoader Replaying proof BFilter[ThreadSpec2::startTransfer()].JML model_behavior operation contract.0 
336018     DEBUG main            d.u.i.k.p.i.IntermediateProofReplayer Proof replay took 107.44ms 
336019     DEBUG main            d.u.i.k.p.r.p.TestFile    ... success: reloaded. 
336020     INFO  main            d.u.i.k.p.r.p.TestFile    Now processing file /home/runner/work/key/key/key.core/../key.ui/examples/heap/permissions/threads/BFilter_stateInv_accessible.key 
336021     INFO  main            d.u.i.k.p.i.AbstractProblemLoader Loading environment from /home/runner/work/key/key/key.core/../key.ui/examples/heap/permissions/threads/BFilter_stateInv_accessible.key 
336021     DEBUG main            d.u.i.k.p.i.AbstractProblemLoader Environment load took 73.8ns 
336022     INFO  main            d.u.i.k.p.i.AbstractProblemLoader Creating init config 
341304     DEBUG main            d.u.i.k.p.i.AbstractProblemLoader Init config took 5.28s 
341399     INFO  main            d.u.i.k.p.i.AbstractProblemLoader Replaying proof BFilter[ThreadSpec2::stateInv()].JML accessible clause.0 
341400     DEBUG main            d.u.i.k.p.i.IntermediateProofReplayer Proof replay took 9ns 
341703     INFO  main            d.u.i.k.p.r.p.TestFile    ... finished proof: closed. 
342121     INFO  main            d.u.i.k.p.i.AbstractProblemLoader Loading environment from /home/runner/work/key/key/key.core/../key.ui/examples/heap/permissions/threads/BFilter_stateInv_accessible.key.proof 
342121     DEBUG main            d.u.i.k.p.i.AbstractProblemLoader Environment load took 108.3ns 
342122     INFO  main            d.u.i.k.p.i.AbstractProblemLoader Creating init config 
347548     DEBUG main            d.u.i.k.p.i.AbstractProblemLoader Init config took 5.43s 
347650     INFO  main            d.u.i.k.p.i.AbstractProblemLoader Replaying proof BFilter[ThreadSpec2::stateInv()].JML accessible clause.0 
347690     DEBUG main            d.u.i.k.p.i.IntermediateProofReplayer Proof replay took 37.31ms 
347691     DEBUG main            d.u.i.k.p.r.p.TestFile    ... success: reloaded. 
347692     INFO  main            d.u.i.k.p.r.p.TestFile    Now processing file /home/runner/work/key/key/key.core/../key.ui/examples/heap/permissions/threads/BFilter_staticPermissions_accessible.key 
347693     INFO  main            d.u.i.k.p.i.AbstractProblemLoader Loading environment from /home/runner/work/key/key/key.core/../key.ui/examples/heap/permissions/threads/BFilter_staticPermissions_accessible.key 
347693     DEBUG main            d.u.i.k.p.i.AbstractProblemLoader Environment load took 99.9ns 
347694     INFO  main            d.u.i.k.p.i.AbstractProblemLoader Creating init config 
353116     DEBUG main            d.u.i.k.p.i.AbstractProblemLoader Init config took 5.42s 
353212     INFO  main            d.u.i.k.p.i.AbstractProblemLoader Replaying proof BFilter[ThreadSpec2::staticPermissions()].JML accessible clause.0 
353213     DEBUG main            d.u.i.k.p.i.IntermediateProofReplayer Proof replay took 7.5ns 
353317     INFO  main            d.u.i.k.p.r.p.TestFile    ... finished proof: closed. 
353750     INFO  main            d.u.i.k.p.i.AbstractProblemLoader Loading environment from /home/runner/work/key/key/key.core/../key.ui/examples/heap/permissions/threads/BFilter_staticPermissions_accessible.key.proof 
353750     DEBUG main            d.u.i.k.p.i.AbstractProblemLoader Environment load took 112.8ns 
353751     INFO  main            d.u.i.k.p.i.AbstractProblemLoader Creating init config 
359004     DEBUG main            d.u.i.k.p.i.AbstractProblemLoader Init config took 5.25s 
359098     INFO  main            d.u.i.k.p.i.AbstractProblemLoader Replaying proof BFilter[ThreadSpec2::staticPermissions()].JML accessible clause.0 
359108     DEBUG main            d.u.i.k.p.i.IntermediateProofReplayer Proof replay took 8.2ms 
359109     DEBUG main            d.u.i.k.p.r.p.TestFile    ... success: reloaded. 
359110     INFO  main            d.u.i.k.p.r.p.TestFile    Now processing file /home/runner/work/key/key/key.core/../key.ui/examples/heap/permissions/threads/BFilter_workingPermissions_accessible.key 
359110     INFO  main            d.u.i.k.p.i.AbstractProblemLoader Loading environment from /home/runner/work/key/key/key.core/../key.ui/examples/heap/permissions/threads/BFilter_workingPermissions_accessible.key 
359110     DEBUG main            d.u.i.k.p.i.AbstractProblemLoader Environment load took 90.8ns 
359111     INFO  main            d.u.i.k.p.i.AbstractProblemLoader Creating init config 
364464     DEBUG main            d.u.i.k.p.i.AbstractProblemLoader Init config took 5.35s 
364576     INFO  main            d.u.i.k.p.i.AbstractProblemLoader Replaying proof BFilter[ThreadSpec2::workingPermissions()].JML accessible clause.0 
364578     DEBUG main            d.u.i.k.p.i.IntermediateProofReplayer Proof replay took 8ns 
364680     INFO  main            d.u.i.k.p.r.p.TestFile    ... finished proof: closed. 
365109     INFO  main            d.u.i.k.p.i.AbstractProblemLoader Loading environment from /home/runner/work/key/key/key.core/../key.ui/examples/heap/permissions/threads/BFilter_workingPermissions_accessible.key.proof 
365109     DEBUG main            d.u.i.k.p.i.AbstractProblemLoader Environment load took 111.1ns 
365110     INFO  main            d.u.i.k.p.i.AbstractProblemLoader Creating init config 
370356     DEBUG main            d.u.i.k.p.i.AbstractProblemLoader Init config took 5.25s 
370449     INFO  main            d.u.i.k.p.i.AbstractProblemLoader Replaying proof BFilter[ThreadSpec2::workingPermissions()].JML accessible clause.0 
370458     DEBUG main            d.u.i.k.p.i.IntermediateProofReplayer Proof replay took 7.22ms 
370459     DEBUG main            d.u.i.k.p.r.p.TestFile    ... success: reloaded. 
370460     INFO  main            d.u.i.k.p.r.p.TestFile    Now processing file /home/runner/work/key/key/key.core/../key.ui/examples/heap/permissions/threads/Fib_Fib.key 
370460     INFO  main            d.u.i.k.p.i.AbstractProblemLoader Loading environment from /home/runner/work/key/key/key.core/../key.ui/examples/heap/permissions/threads/Fib_Fib.key 
370460     DEBUG main            d.u.i.k.p.i.AbstractProblemLoader Environment load took 104.5ns 
370461     INFO  main            d.u.i.k.p.i.AbstractProblemLoader Creating init config 
375767     DEBUG main            d.u.i.k.p.i.AbstractProblemLoader Init config took 5.31s 
375862     INFO  main            d.u.i.k.p.i.AbstractProblemLoader Replaying proof Fib[Fib::Fib(int)].JML normal_behavior operation contract.0 
375863     DEBUG main            d.u.i.k.p.i.IntermediateProofReplayer Proof replay took 8.5ns 
376667     INFO  main            d.u.i.k.p.r.p.TestFile    ... finished proof: closed. 
377140     INFO  main            d.u.i.k.p.i.AbstractProblemLoader Loading environment from /home/runner/work/key/key/key.core/../key.ui/examples/heap/permissions/threads/Fib_Fib.key.proof 
377140     DEBUG main            d.u.i.k.p.i.AbstractProblemLoader Environment load took 128.6ns 
377141     INFO  main            d.u.i.k.p.i.AbstractProblemLoader Creating init config 
382352     DEBUG main            d.u.i.k.p.i.AbstractProblemLoader Init config took 5.21s 
382446     INFO  main            d.u.i.k.p.i.AbstractProblemLoader Replaying proof Fib[Fib::Fib(int)].JML normal_behavior operation contract.0 
382565     DEBUG main            d.u.i.k.p.i.IntermediateProofReplayer Proof replay took 115.61ms 
382568     DEBUG main            d.u.i.k.p.r.p.TestFile    ... success: reloaded. 
382571     INFO  main            d.u.i.k.p.r.p.TestFile    Now processing file /home/runner/work/key/key/key.core/../key.ui/examples/heap/permissions/threads/Fib_initPost_accessible.key 
382572     INFO  main            d.u.i.k.p.i.AbstractProblemLoader Loading environment from /home/runner/work/key/key/key.core/../key.ui/examples/heap/permissions/threads/Fib_initPost_accessible.key 
382572     DEBUG main            d.u.i.k.p.i.AbstractProblemLoader Environment load took 85.3ns 
382574     INFO  main            d.u.i.k.p.i.AbstractProblemLoader Creating init config 
387887     DEBUG main            d.u.i.k.p.i.AbstractProblemLoader Init config took 5.31s 
387980     INFO  main            d.u.i.k.p.i.AbstractProblemLoader Replaying proof Fib[ThreadSpec::initPost()].JML accessible clause.0 
387982     DEBUG main            d.u.i.k.p.i.IntermediateProofReplayer Proof replay took 7.6ns 
388084     INFO  main            d.u.i.k.p.r.p.TestFile    ... finished proof: closed. 
388529     INFO  main            d.u.i.k.p.i.AbstractProblemLoader Loading environment from /home/runner/work/key/key/key.core/../key.ui/examples/heap/permissions/threads/Fib_initPost_accessible.key.proof 
388529     DEBUG main            d.u.i.k.p.i.AbstractProblemLoader Environment load took 110.5ns 
388531     INFO  main            d.u.i.k.p.i.AbstractProblemLoader Creating init config 
393782     DEBUG main            d.u.i.k.p.i.AbstractProblemLoader Init config took 5.25s 
393877     INFO  main            d.u.i.k.p.i.AbstractProblemLoader Replaying proof Fib[ThreadSpec::initPost()].JML accessible clause.0 
393883     DEBUG main            d.u.i.k.p.i.IntermediateProofReplayer Proof replay took 4.66ms 
393884     DEBUG main            d.u.i.k.p.r.p.TestFile    ... success: reloaded. 
393886     INFO  main            d.u.i.k.p.r.p.TestFile    Now processing file /home/runner/work/key/key/key.core/../key.ui/examples/heap/permissions/threads/Fib_inv1_accessible.key 
393886     INFO  main            d.u.i.k.p.i.AbstractProblemLoader Loading environment from /home/runner/work/key/key/key.core/../key.ui/examples/heap/permissions/threads/Fib_inv1_accessible.key 
393886     DEBUG main            d.u.i.k.p.i.AbstractProblemLoader Environment load took 112ns 
393887     INFO  main            d.u.i.k.p.i.AbstractProblemLoader Creating init config 
399140     DEBUG main            d.u.i.k.p.i.AbstractProblemLoader Init config took 5.25s 
399260     INFO  main            d.u.i.k.p.i.AbstractProblemLoader Replaying proof Fib[java.lang.Object::<inv>()].JML accessible clause.0 
399262     DEBUG main            d.u.i.k.p.i.IntermediateProofReplayer Proof replay took 7.1ns 
399365     INFO  main            d.u.i.k.p.r.p.TestFile    ... finished proof: closed. 
399801     INFO  main            d.u.i.k.p.i.AbstractProblemLoader Loading environment from /home/runner/work/key/key/key.core/../key.ui/examples/heap/permissions/threads/Fib_inv1_accessible.key.proof 
399802     DEBUG main            d.u.i.k.p.i.AbstractProblemLoader Environment load took 124.1ns 
399802     INFO  main            d.u.i.k.p.i.AbstractProblemLoader Creating init config 
404966     DEBUG main            d.u.i.k.p.i.AbstractProblemLoader Init config took 5.16s 
405060     INFO  main            d.u.i.k.p.i.AbstractProblemLoader Replaying proof Fib[java.lang.Object::<inv>()].JML accessible clause.0 
405064     DEBUG main            d.u.i.k.p.i.IntermediateProofReplayer Proof replay took 1.73ms 
405065     DEBUG main            d.u.i.k.p.r.p.TestFile    ... success: reloaded. 
405066     INFO  main            d.u.i.k.p.r.p.TestFile    Now processing file /home/runner/work/key/key/key.core/../key.ui/examples/heap/permissions/threads/Fib_inv2_accessible.key 
405066     INFO  main            d.u.i.k.p.i.AbstractProblemLoader Loading environment from /home/runner/work/key/key/key.core/../key.ui/examples/heap/permissions/threads/Fib_inv2_accessible.key 
405066     DEBUG main            d.u.i.k.p.i.AbstractProblemLoader Environment load took 85.6ns 
405067     INFO  main            d.u.i.k.p.i.AbstractProblemLoader Creating init config 
410319     DEBUG main            d.u.i.k.p.i.AbstractProblemLoader Init config took 5.25s 
410414     INFO  main            d.u.i.k.p.i.AbstractProblemLoader Replaying proof Fib[java.lang.Object::<inv>()].JML accessible clause.1 
410415     DEBUG main            d.u.i.k.p.i.IntermediateProofReplayer Proof replay took 7.9ns 
410517     INFO  main            d.u.i.k.p.r.p.TestFile    ... finished proof: closed. 
410970     INFO  main            d.u.i.k.p.i.AbstractProblemLoader Loading environment from /home/runner/work/key/key/key.core/../key.ui/examples/heap/permissions/threads/Fib_inv2_accessible.key.proof 
410971     DEBUG main            d.u.i.k.p.i.AbstractProblemLoader Environment load took 106.6ns 
410972     INFO  main            d.u.i.k.p.i.AbstractProblemLoader Creating init config 
416135     DEBUG main            d.u.i.k.p.i.AbstractProblemLoader Init config took 5.16s 
416228     INFO  main            d.u.i.k.p.i.AbstractProblemLoader Replaying proof Fib[java.lang.Object::<inv>()].JML accessible clause.1 
416231     DEBUG main            d.u.i.k.p.i.IntermediateProofReplayer Proof replay took 1.62ms 
416232     DEBUG main            d.u.i.k.p.r.p.TestFile    ... success: reloaded. 
416233     INFO  main            d.u.i.k.p.r.p.TestFile    Now processing file /home/runner/work/key/key/key.core/../key.ui/examples/heap/permissions/threads/Fib_joinTransfer_accessible.key 
416233     INFO  main            d.u.i.k.p.i.AbstractProblemLoader Loading environment from /home/runner/work/key/key/key.core/../key.ui/examples/heap/permissions/threads/Fib_joinTransfer_accessible.key 
416233     DEBUG main            d.u.i.k.p.i.AbstractProblemLoader Environment load took 98.3ns 
416234     INFO  main            d.u.i.k.p.i.AbstractProblemLoader Creating init config 
421458     DEBUG main            d.u.i.k.p.i.AbstractProblemLoader Init config took 5.22s 
421550     INFO  main            d.u.i.k.p.i.AbstractProblemLoader Replaying proof Fib[ThreadSpec::joinTransfer()].JML accessible clause.0 
421552     DEBUG main            d.u.i.k.p.i.IntermediateProofReplayer Proof replay took 7.5ns 
421754     INFO  main            d.u.i.k.p.r.p.TestFile    ... finished proof: closed. 
422235     INFO  main            d.u.i.k.p.i.AbstractProblemLoader Loading environment from /home/runner/work/key/key/key.core/../key.ui/examples/heap/permissions/threads/Fib_joinTransfer_accessible.key.proof 
422235     DEBUG main            d.u.i.k.p.i.AbstractProblemLoader Environment load took 101.7ns 
422236     INFO  main            d.u.i.k.p.i.AbstractProblemLoader Creating init config 
427463     DEBUG main            d.u.i.k.p.i.AbstractProblemLoader Init config took 5.23s 
427556     INFO  main            d.u.i.k.p.i.AbstractProblemLoader Replaying proof Fib[ThreadSpec::joinTransfer()].JML accessible clause.0 
427579     DEBUG main            d.u.i.k.p.i.IntermediateProofReplayer Proof replay took 20.52ms 
427580     DEBUG main            d.u.i.k.p.r.p.TestFile    ... success: reloaded. 
427581     INFO  main            d.u.i.k.p.r.p.TestFile    Now processing file /home/runner/work/key/key/key.core/../key.ui/examples/heap/permissions/threads/Fib_joinTransfer_contract.key 
427581     INFO  main            d.u.i.k.p.i.AbstractProblemLoader Loading environment from /home/runner/work/key/key/key.core/../key.ui/examples/heap/permissions/threads/Fib_joinTransfer_contract.key 
427581     DEBUG main            d.u.i.k.p.i.AbstractProblemLoader Environment load took 56ns 
427582     INFO  main            d.u.i.k.p.i.AbstractProblemLoader Creating init config 
432859     DEBUG main            d.u.i.k.p.i.AbstractProblemLoader Init config took 5.28s 
432952     INFO  main            d.u.i.k.p.i.AbstractProblemLoader Replaying proof Fib[ThreadSpec::joinTransfer()].JML model_behavior operation contract.0 
432953     DEBUG main            d.u.i.k.p.i.IntermediateProofReplayer Proof replay took 8.4ns 
433055     INFO  main            d.u.i.k.p.r.p.TestFile    ... finished proof: closed. 
433532     INFO  main            d.u.i.k.p.i.AbstractProblemLoader Loading environment from /home/runner/work/key/key/key.core/../key.ui/examples/heap/permissions/threads/Fib_joinTransfer_contract.key.proof 
433533     DEBUG main            d.u.i.k.p.i.AbstractProblemLoader Environment load took 99.8ns 
433533     INFO  main            d.u.i.k.p.i.AbstractProblemLoader Creating init config 
438704     DEBUG main            d.u.i.k.p.i.AbstractProblemLoader Init config took 5.17s 
438799     INFO  main            d.u.i.k.p.i.AbstractProblemLoader Replaying proof Fib[ThreadSpec::joinTransfer()].JML model_behavior operation contract.0 
438807     DEBUG main            d.u.i.k.p.i.IntermediateProofReplayer Proof replay took 6.95ms 
438808     DEBUG main            d.u.i.k.p.r.p.TestFile    ... success: reloaded. 
438810     INFO  main            d.u.i.k.p.r.p.TestFile    Now processing file /home/runner/work/key/key/key.core/../key.ui/examples/heap/permissions/threads/Fib_postJoin_accessible.key 
438810     INFO  main            d.u.i.k.p.i.AbstractProblemLoader Loading environment from /home/runner/work/key/key/key.core/../key.ui/examples/heap/permissions/threads/Fib_postJoin_accessible.key 
438810     DEBUG main            d.u.i.k.p.i.AbstractProblemLoader Environment load took 86.7ns 
438811     INFO  main            d.u.i.k.p.i.AbstractProblemLoader Creating init config 
444084     DEBUG main            d.u.i.k.p.i.AbstractProblemLoader Init config took 5.27s 
444177     INFO  main            d.u.i.k.p.i.AbstractProblemLoader Replaying proof Fib[ThreadSpec::postJoin(java.lang.Object)].JML accessible clause.0 
444179     DEBUG main            d.u.i.k.p.i.IntermediateProofReplayer Proof replay took 7.3ns 
444281     INFO  main            d.u.i.k.p.r.p.TestFile    ... finished proof: closed. 
444756     INFO  main            d.u.i.k.p.i.AbstractProblemLoader Loading environment from /home/runner/work/key/key/key.core/../key.ui/examples/heap/permissions/threads/Fib_postJoin_accessible.key.proof 
444756     DEBUG main            d.u.i.k.p.i.AbstractProblemLoader Environment load took 106.2ns 
444757     INFO  main            d.u.i.k.p.i.AbstractProblemLoader Creating init config 
449877     DEBUG main            d.u.i.k.p.i.AbstractProblemLoader Init config took 5.12s 
449968     INFO  main            d.u.i.k.p.i.AbstractProblemLoader Replaying proof Fib[ThreadSpec::postJoin(java.lang.Object)].JML accessible clause.0 
449974     DEBUG main            d.u.i.k.p.i.IntermediateProofReplayer Proof replay took 4.68ms 
449975     DEBUG main            d.u.i.k.p.r.p.TestFile    ... success: reloaded. 
449976     INFO  main            d.u.i.k.p.r.p.TestFile    Now processing file /home/runner/work/key/key/key.core/../key.ui/examples/heap/permissions/threads/Fib_preStart_accessible.key 
449976     INFO  main            d.u.i.k.p.i.AbstractProblemLoader Loading environment from /home/runner/work/key/key/key.core/../key.ui/examples/heap/permissions/threads/Fib_preStart_accessible.key 
449976     DEBUG main            d.u.i.k.p.i.AbstractProblemLoader Environment load took 81.1ns 
449977     INFO  main            d.u.i.k.p.i.AbstractProblemLoader Creating init config 
455171     DEBUG main            d.u.i.k.p.i.AbstractProblemLoader Init config took 5.19s 
455261     INFO  main            d.u.i.k.p.i.AbstractProblemLoader Replaying proof Fib[ThreadSpec::preStart(java.lang.Object)].JML accessible clause.0 
455262     DEBUG main            d.u.i.k.p.i.IntermediateProofReplayer Proof replay took 9ns 
455364     INFO  main            d.u.i.k.p.r.p.TestFile    ... finished proof: closed. 
455830     INFO  main            d.u.i.k.p.i.AbstractProblemLoader Loading environment from /home/runner/work/key/key/key.core/../key.ui/examples/heap/permissions/threads/Fib_preStart_accessible.key.proof 
455830     DEBUG main            d.u.i.k.p.i.AbstractProblemLoader Environment load took 101.2ns 
455831     INFO  main            d.u.i.k.p.i.AbstractProblemLoader Creating init config 
460993     DEBUG main            d.u.i.k.p.i.AbstractProblemLoader Init config took 5.16s 
461092     INFO  main            d.u.i.k.p.i.AbstractProblemLoader Replaying proof Fib[ThreadSpec::preStart(java.lang.Object)].JML accessible clause.0 
461098     DEBUG main            d.u.i.k.p.i.IntermediateProofReplayer Proof replay took 4.95ms 
461099     DEBUG main            d.u.i.k.p.r.p.TestFile    ... success: reloaded. 
461100     INFO  main            d.u.i.k.p.r.p.TestFile    Now processing file /home/runner/work/key/key/key.core/../key.ui/examples/heap/permissions/threads/Fib_startTransfer_accessible.key 
461100     INFO  main            d.u.i.k.p.i.AbstractProblemLoader Loading environment from /home/runner/work/key/key/key.core/../key.ui/examples/heap/permissions/threads/Fib_startTransfer_accessible.key 
461101     DEBUG main            d.u.i.k.p.i.AbstractProblemLoader Environment load took 81.2ns 
461101     INFO  main            d.u.i.k.p.i.AbstractProblemLoader Creating init config 
466317     DEBUG main            d.u.i.k.p.i.AbstractProblemLoader Init config took 5.22s 
466410     INFO  main            d.u.i.k.p.i.AbstractProblemLoader Replaying proof Fib[ThreadSpec::startTransfer()].JML accessible clause.0 
466411     DEBUG main            d.u.i.k.p.i.IntermediateProofReplayer Proof replay took 7.5ns 
466613     INFO  main            d.u.i.k.p.r.p.TestFile    ... finished proof: closed. 
467100     INFO  main            d.u.i.k.p.i.AbstractProblemLoader Loading environment from /home/runner/work/key/key/key.core/../key.ui/examples/heap/permissions/threads/Fib_startTransfer_accessible.key.proof 
467101     DEBUG main            d.u.i.k.p.i.AbstractProblemLoader Environment load took 104.9ns 
467101     INFO  main            d.u.i.k.p.i.AbstractProblemLoader Creating init config 
472318     DEBUG main            d.u.i.k.p.i.AbstractProblemLoader Init config took 5.22s 
472414     INFO  main            d.u.i.k.p.i.AbstractProblemLoader Replaying proof Fib[ThreadSpec::startTransfer()].JML accessible clause.0 
472464     DEBUG main            d.u.i.k.p.i.IntermediateProofReplayer Proof replay took 42.58ms 
472465     DEBUG main            d.u.i.k.p.r.p.TestFile    ... success: reloaded. 
472466     INFO  main            d.u.i.k.p.r.p.TestFile    Now processing file /home/runner/work/key/key/key.core/../key.ui/examples/heap/permissions/threads/Fib_startTransfer_contract.key 
472466     INFO  main            d.u.i.k.p.i.AbstractProblemLoader Loading environment from /home/runner/work/key/key/key.core/../key.ui/examples/heap/permissions/threads/Fib_startTransfer_contract.key 
472466     DEBUG main            d.u.i.k.p.i.AbstractProblemLoader Environment load took 56.9ns 
472467     INFO  main            d.u.i.k.p.i.AbstractProblemLoader Creating init config 
477759     DEBUG main            d.u.i.k.p.i.AbstractProblemLoader Init config took 5.29s 
477856     INFO  main            d.u.i.k.p.i.AbstractProblemLoader Replaying proof Fib[ThreadSpec::startTransfer()].JML model_behavior operation contract.0 
477857     DEBUG main            d.u.i.k.p.i.IntermediateProofReplayer Proof replay took 7.8ns 
477959     INFO  main            d.u.i.k.p.r.p.TestFile    ... finished proof: closed. 
478476     INFO  main            d.u.i.k.p.i.AbstractProblemLoader Loading environment from /home/runner/work/key/key/key.core/../key.ui/examples/heap/permissions/threads/Fib_startTransfer_contract.key.proof 
478476     DEBUG main            d.u.i.k.p.i.AbstractProblemLoader Environment load took 100.2ns 
478477     INFO  main            d.u.i.k.p.i.AbstractProblemLoader Creating init config 
483629     DEBUG main            d.u.i.k.p.i.AbstractProblemLoader Init config took 5.15s 
483737     INFO  main            d.u.i.k.p.i.AbstractProblemLoader Replaying proof Fib[ThreadSpec::startTransfer()].JML model_behavior operation contract.0 
483746     DEBUG main            d.u.i.k.p.i.IntermediateProofReplayer Proof replay took 7.14ms 
483747     DEBUG main            d.u.i.k.p.r.p.TestFile    ... success: reloaded. 
483748     INFO  main            d.u.i.k.p.r.p.TestFile    Now processing file /home/runner/work/key/key/key.core/../key.ui/examples/heap/permissions/threads/Fib_workingPermissions_accessible.key 
483748     INFO  main            d.u.i.k.p.i.AbstractProblemLoader Loading environment from /home/runner/work/key/key/key.core/../key.ui/examples/heap/permissions/threads/Fib_workingPermissions_accessible.key 
483749     DEBUG main            d.u.i.k.p.i.AbstractProblemLoader Environment load took 92.7ns 
483749     INFO  main            d.u.i.k.p.i.AbstractProblemLoader Creating init config 
489036     DEBUG main            d.u.i.k.p.i.AbstractProblemLoader Init config took 5.29s 
489128     INFO  main            d.u.i.k.p.i.AbstractProblemLoader Replaying proof Fib[ThreadSpec::workingPermissions()].JML accessible clause.0 
489129     DEBUG main            d.u.i.k.p.i.IntermediateProofReplayer Proof replay took 8.4ns 
489231     INFO  main            d.u.i.k.p.r.p.TestFile    ... finished proof: closed. 
489754     INFO  main            d.u.i.k.p.i.AbstractProblemLoader Loading environment from /home/runner/work/key/key/key.core/../key.ui/examples/heap/permissions/threads/Fib_workingPermissions_accessible.key.proof 
489754     DEBUG main            d.u.i.k.p.i.AbstractProblemLoader Environment load took 130.2ns 
489755     INFO  main            d.u.i.k.p.i.AbstractProblemLoader Creating init config 
494937     DEBUG main            d.u.i.k.p.i.AbstractProblemLoader Init config took 5.18s 
495029     INFO  main            d.u.i.k.p.i.AbstractProblemLoader Replaying proof Fib[ThreadSpec::workingPermissions()].JML accessible clause.0 
495032     DEBUG main            d.u.i.k.p.i.IntermediateProofReplayer Proof replay took 2.14ms 
495033     DEBUG main            d.u.i.k.p.r.p.TestFile    ... success: reloaded. 
495034     INFO  main            d.u.i.k.p.r.p.TestFile    Now processing file /home/runner/work/key/key/key.core/../key.ui/examples/heap/permissions/threads/Plotter_initPost_accessible.key 
495034     INFO  main            d.u.i.k.p.i.AbstractProblemLoader Loading environment from /home/runner/work/key/key/key.core/../key.ui/examples/heap/permissions/threads/Plotter_initPost_accessible.key 
495034     DEBUG main            d.u.i.k.p.i.AbstractProblemLoader Environment load took 51.7ns 
495035     INFO  main            d.u.i.k.p.i.AbstractProblemLoader Creating init config 
500293     DEBUG main            d.u.i.k.p.i.AbstractProblemLoader Init config took 5.26s 
500387     INFO  main            d.u.i.k.p.i.AbstractProblemLoader Replaying proof Plotter[ThreadSpec2::initPost()].JML accessible clause.0 
500388     DEBUG main            d.u.i.k.p.i.IntermediateProofReplayer Proof replay took 8.1ns 
500490     INFO  main            d.u.i.k.p.r.p.TestFile    ... finished proof: closed. 
501003     INFO  main            d.u.i.k.p.i.AbstractProblemLoader Loading environment from /home/runner/work/key/key/key.core/../key.ui/examples/heap/permissions/threads/Plotter_initPost_accessible.key.proof 
501003     DEBUG main            d.u.i.k.p.i.AbstractProblemLoader Environment load took 95.3ns 
501004     INFO  main            d.u.i.k.p.i.AbstractProblemLoader Creating init config 
506138     DEBUG main            d.u.i.k.p.i.AbstractProblemLoader Init config took 5.13s 
506231     INFO  main            d.u.i.k.p.i.AbstractProblemLoader Replaying proof Plotter[ThreadSpec2::initPost()].JML accessible clause.0 
506243     DEBUG main            d.u.i.k.p.i.IntermediateProofReplayer Proof replay took 10.27ms 
506244     DEBUG main            d.u.i.k.p.r.p.TestFile    ... success: reloaded. 
506245     INFO  main            d.u.i.k.p.r.p.TestFile    Now processing file /home/runner/work/key/key/key.core/../key.ui/examples/heap/permissions/threads/Plotter_inv_accessible1.key 
506245     INFO  main            d.u.i.k.p.i.AbstractProblemLoader Loading environment from /home/runner/work/key/key/key.core/../key.ui/examples/heap/permissions/threads/Plotter_inv_accessible1.key 
506245     DEBUG main            d.u.i.k.p.i.AbstractProblemLoader Environment load took 50.6ns 
506246     INFO  main            d.u.i.k.p.i.AbstractProblemLoader Creating init config 
511484     DEBUG main            d.u.i.k.p.i.AbstractProblemLoader Init config took 5.24s 
511595     INFO  main            d.u.i.k.p.i.AbstractProblemLoader Replaying proof Plotter[java.lang.Object::<inv>()].JML accessible clause.0 
511597     DEBUG main            d.u.i.k.p.i.IntermediateProofReplayer Proof replay took 8.7ns 
511698     INFO  main            d.u.i.k.p.r.p.TestFile    ... finished proof: closed. 
512242     INFO  main            d.u.i.k.p.i.AbstractProblemLoader Loading environment from /home/runner/work/key/key/key.core/../key.ui/examples/heap/permissions/threads/Plotter_inv_accessible1.key.proof 
512242     DEBUG main            d.u.i.k.p.i.AbstractProblemLoader Environment load took 96.2ns 
512243     INFO  main            d.u.i.k.p.i.AbstractProblemLoader Creating init config 
517363     DEBUG main            d.u.i.k.p.i.AbstractProblemLoader Init config took 5.12s 
517455     INFO  main            d.u.i.k.p.i.AbstractProblemLoader Replaying proof Plotter[java.lang.Object::<inv>()].JML accessible clause.0 
517458     DEBUG main            d.u.i.k.p.i.IntermediateProofReplayer Proof replay took 1.64ms 
517459     DEBUG main            d.u.i.k.p.r.p.TestFile    ... success: reloaded. 
517461     INFO  main            d.u.i.k.p.r.p.TestFile    Now processing file /home/runner/work/key/key/key.core/../key.ui/examples/heap/permissions/threads/Plotter_inv_accessible2.key 
517461     INFO  main            d.u.i.k.p.i.AbstractProblemLoader Loading environment from /home/runner/work/key/key/key.core/../key.ui/examples/heap/permissions/threads/Plotter_inv_accessible2.key 
517461     DEBUG main            d.u.i.k.p.i.AbstractProblemLoader Environment load took 59.2ns 
517462     INFO  main            d.u.i.k.p.i.AbstractProblemLoader Creating init config 
522670     DEBUG main            d.u.i.k.p.i.AbstractProblemLoader Init config took 5.21s 
522762     INFO  main            d.u.i.k.p.i.AbstractProblemLoader Replaying proof Plotter[java.lang.Object::<inv>()].JML accessible clause.1 
522764     DEBUG main            d.u.i.k.p.i.IntermediateProofReplayer Proof replay took 7.9ns 
522865     INFO  main            d.u.i.k.p.r.p.TestFile    ... finished proof: closed. 
523396     INFO  main            d.u.i.k.p.i.AbstractProblemLoader Loading environment from /home/runner/work/key/key/key.core/../key.ui/examples/heap/permissions/threads/Plotter_inv_accessible2.key.proof 
523396     DEBUG main            d.u.i.k.p.i.AbstractProblemLoader Environment load took 99.6ns 
523397     INFO  main            d.u.i.k.p.i.AbstractProblemLoader Creating init config 
528549     DEBUG main            d.u.i.k.p.i.AbstractProblemLoader Init config took 5.15s 
528640     INFO  main            d.u.i.k.p.i.AbstractProblemLoader Replaying proof Plotter[java.lang.Object::<inv>()].JML accessible clause.1 
528643     DEBUG main            d.u.i.k.p.i.IntermediateProofReplayer Proof replay took 1.75ms 
528644     DEBUG main            d.u.i.k.p.r.p.TestFile    ... success: reloaded. 
528645     INFO  main            d.u.i.k.p.r.p.TestFile    Now processing file /home/runner/work/key/key/key.core/../key.ui/examples/heap/permissions/threads/Plotter_joinTransfer_contract.key 
528645     INFO  main            d.u.i.k.p.i.AbstractProblemLoader Loading environment from /home/runner/work/key/key/key.core/../key.ui/examples/heap/permissions/threads/Plotter_joinTransfer_contract.key 
528645     DEBUG main            d.u.i.k.p.i.AbstractProblemLoader Environment load took 70.5ns 
528646     INFO  main            d.u.i.k.p.i.AbstractProblemLoader Creating init config 
533855     DEBUG main            d.u.i.k.p.i.AbstractProblemLoader Init config took 5.21s 
533951     INFO  main            d.u.i.k.p.i.AbstractProblemLoader Replaying proof Plotter[ThreadSpec2::joinTransfer()].JML model_behavior operation contract.0 
533952     DEBUG main            d.u.i.k.p.i.IntermediateProofReplayer Proof replay took 8.9ns 
534054     INFO  main            d.u.i.k.p.r.p.TestFile    ... finished proof: closed. 
534579     INFO  main            d.u.i.k.p.i.AbstractProblemLoader Loading environment from /home/runner/work/key/key/key.core/../key.ui/examples/heap/permissions/threads/Plotter_joinTransfer_contract.key.proof 
534579     DEBUG main            d.u.i.k.p.i.AbstractProblemLoader Environment load took 90.8ns 
534580     INFO  main            d.u.i.k.p.i.AbstractProblemLoader Creating init config 
539786     DEBUG main            d.u.i.k.p.i.AbstractProblemLoader Init config took 5.21s 
539881     INFO  main            d.u.i.k.p.i.AbstractProblemLoader Replaying proof Plotter[ThreadSpec2::joinTransfer()].JML model_behavior operation contract.0 
539890     DEBUG main            d.u.i.k.p.i.IntermediateProofReplayer Proof replay took 7.76ms 
539891     DEBUG main            d.u.i.k.p.r.p.TestFile    ... success: reloaded. 
539892     INFO  main            d.u.i.k.p.r.p.TestFile    Now processing file /home/runner/work/key/key/key.core/../key.ui/examples/heap/permissions/threads/Plotter_Plotter.key 
539892     INFO  main            d.u.i.k.p.i.AbstractProblemLoader Loading environment from /home/runner/work/key/key/key.core/../key.ui/examples/heap/permissions/threads/Plotter_Plotter.key 
539892     DEBUG main            d.u.i.k.p.i.AbstractProblemLoader Environment load took 70.5ns 
539893     INFO  main            d.u.i.k.p.i.AbstractProblemLoader Creating init config 
545155     DEBUG main            d.u.i.k.p.i.AbstractProblemLoader Init config took 5.26s 
545248     INFO  main            d.u.i.k.p.i.AbstractProblemLoader Replaying proof Plotter[Plotter::Plotter(AFilter,BFilter,Buffer)].JML normal_behavior operation contract.0 
545249     DEBUG main            d.u.i.k.p.i.IntermediateProofReplayer Proof replay took 7.9ns 
547256     INFO  main            d.u.i.k.p.r.p.TestFile    ... finished proof: closed. 
547808     INFO  main            d.u.i.k.p.i.AbstractProblemLoader Loading environment from /home/runner/work/key/key/key.core/../key.ui/examples/heap/permissions/threads/Plotter_Plotter.key.proof 
547809     DEBUG main            d.u.i.k.p.i.AbstractProblemLoader Environment load took 1.34ms 
547810     INFO  main            d.u.i.k.p.i.AbstractProblemLoader Creating init config 
552963     DEBUG main            d.u.i.k.p.i.AbstractProblemLoader Init config took 5.15s 
553075     INFO  main            d.u.i.k.p.i.AbstractProblemLoader Replaying proof Plotter[Plotter::Plotter(AFilter,BFilter,Buffer)].JML normal_behavior operation contract.0 
553258     DEBUG main            d.u.i.k.p.i.IntermediateProofReplayer Proof replay took 177.61ms 
553259     DEBUG main            d.u.i.k.p.r.p.TestFile    ... success: reloaded. 
553260     INFO  main            d.u.i.k.p.r.p.TestFile    Now processing file /home/runner/work/key/key/key.core/../key.ui/examples/heap/permissions/threads/Plotter_postJoin_accessible.key 
553260     INFO  main            d.u.i.k.p.i.AbstractProblemLoader Loading environment from /home/runner/work/key/key/key.core/../key.ui/examples/heap/permissions/threads/Plotter_postJoin_accessible.key 
553261     DEBUG main            d.u.i.k.p.i.AbstractProblemLoader Environment load took 84.6ns 
553261     INFO  main            d.u.i.k.p.i.AbstractProblemLoader Creating init config 
558585     DEBUG main            d.u.i.k.p.i.AbstractProblemLoader Init config took 5.32s 
558678     INFO  main            d.u.i.k.p.i.AbstractProblemLoader Replaying proof Plotter[ThreadSpec2::postJoin(java.lang.Object)].JML accessible clause.0 
558679     DEBUG main            d.u.i.k.p.i.IntermediateProofReplayer Proof replay took 8.7ns 
558781     INFO  main            d.u.i.k.p.r.p.TestFile    ... finished proof: closed. 
559353     INFO  main            d.u.i.k.p.i.AbstractProblemLoader Loading environment from /home/runner/work/key/key/key.core/../key.ui/examples/heap/permissions/threads/Plotter_postJoin_accessible.key.proof 
559353     DEBUG main            d.u.i.k.p.i.AbstractProblemLoader Environment load took 93.1ns 
559354     INFO  main            d.u.i.k.p.i.AbstractProblemLoader Creating init config 
564507     DEBUG main            d.u.i.k.p.i.AbstractProblemLoader Init config took 5.15s 
564599     INFO  main            d.u.i.k.p.i.AbstractProblemLoader Replaying proof Plotter[ThreadSpec2::postJoin(java.lang.Object)].JML accessible clause.0 
564630     DEBUG main            d.u.i.k.p.i.IntermediateProofReplayer Proof replay took 28.78ms 
564631     DEBUG main            d.u.i.k.p.r.p.TestFile    ... success: reloaded. 
564632     INFO  main            d.u.i.k.p.r.p.TestFile    Now processing file /home/runner/work/key/key/key.core/../key.ui/examples/heap/permissions/threads/Plotter_preStart_accessible.key 
564632     INFO  main            d.u.i.k.p.i.AbstractProblemLoader Loading environment from /home/runner/work/key/key/key.core/../key.ui/examples/heap/permissions/threads/Plotter_preStart_accessible.key 
564632     DEBUG main            d.u.i.k.p.i.AbstractProblemLoader Environment load took 83ns 
564633     INFO  main            d.u.i.k.p.i.AbstractProblemLoader Creating init config 
569891     DEBUG main            d.u.i.k.p.i.AbstractProblemLoader Init config took 5.26s 
569984     INFO  main            d.u.i.k.p.i.AbstractProblemLoader Replaying proof Plotter[ThreadSpec2::preStart(java.lang.Object)].JML accessible clause.0 
569985     DEBUG main            d.u.i.k.p.i.IntermediateProofReplayer Proof replay took 8.7ns 
571190     INFO  main            d.u.i.k.p.r.p.TestFile    ... finished proof: closed. 
571774     INFO  main            d.u.i.k.p.i.AbstractProblemLoader Loading environment from /home/runner/work/key/key/key.core/../key.ui/examples/heap/permissions/threads/Plotter_preStart_accessible.key.proof 
571774     DEBUG main            d.u.i.k.p.i.AbstractProblemLoader Environment load took 98ns 
571775     INFO  main            d.u.i.k.p.i.AbstractProblemLoader Creating init config 
577021     DEBUG main            d.u.i.k.p.i.AbstractProblemLoader Init config took 5.25s 
577114     INFO  main            d.u.i.k.p.i.AbstractProblemLoader Replaying proof Plotter[ThreadSpec2::preStart(java.lang.Object)].JML accessible clause.0 
577178     DEBUG main            d.u.i.k.p.i.IntermediateProofReplayer Proof replay took 60.33ms 
577179     DEBUG main            d.u.i.k.p.r.p.TestFile    ... success: reloaded. 
577180     INFO  main            d.u.i.k.p.r.p.TestFile    Now processing file /home/runner/work/key/key/key.core/../key.ui/examples/heap/permissions/threads/Plotter_stateInv_accessible.key 
577180     INFO  main            d.u.i.k.p.i.AbstractProblemLoader Loading environment from /home/runner/work/key/key/key.core/../key.ui/examples/heap/permissions/threads/Plotter_stateInv_accessible.key 
577180     DEBUG main            d.u.i.k.p.i.AbstractProblemLoader Environment load took 52.8ns 
577181     INFO  main            d.u.i.k.p.i.AbstractProblemLoader Creating init config 
582456     DEBUG main            d.u.i.k.p.i.AbstractProblemLoader Init config took 5.27s 
582566     INFO  main            d.u.i.k.p.i.AbstractProblemLoader Replaying proof Plotter[ThreadSpec2::stateInv()].JML accessible clause.0 
582568     DEBUG main            d.u.i.k.p.i.IntermediateProofReplayer Proof replay took 8.5ns 
591567     INFO  main            d.u.i.k.p.r.p.TestFile    ... finished proof: closed. 
592215     INFO  main            d.u.i.k.p.i.AbstractProblemLoader Loading environment from /home/runner/work/key/key/key.core/../key.ui/examples/heap/permissions/threads/Plotter_stateInv_accessible.key.proof 
592216     DEBUG main            d.u.i.k.p.i.AbstractProblemLoader Environment load took 118.2ns 
592217     INFO  main            d.u.i.k.p.i.AbstractProblemLoader Creating init config 
597468     DEBUG main            d.u.i.k.p.i.AbstractProblemLoader Init config took 5.25s 
597569     INFO  main            d.u.i.k.p.i.AbstractProblemLoader Replaying proof Plotter[ThreadSpec2::stateInv()].JML accessible clause.0 
598089     DEBUG main            d.u.i.k.p.i.IntermediateProofReplayer Proof replay took 503.38ms 
598091     DEBUG main            d.u.i.k.p.r.p.TestFile    ... success: reloaded. 
598092     INFO  main            d.u.i.k.p.r.p.TestFile    Now processing file /home/runner/work/key/key/key.core/../key.ui/examples/heap/permissions/threads/Plotter_staticPermissions_accessible.key 
598092     INFO  main            d.u.i.k.p.i.AbstractProblemLoader Loading environment from /home/runner/work/key/key/key.core/../key.ui/examples/heap/permissions/threads/Plotter_staticPermissions_accessible.key 
598092     DEBUG main            d.u.i.k.p.i.AbstractProblemLoader Environment load took 76.5ns 
598093     INFO  main            d.u.i.k.p.i.AbstractProblemLoader Creating init config 
603375     DEBUG main            d.u.i.k.p.i.AbstractProblemLoader Init config took 5.28s 
603467     INFO  main            d.u.i.k.p.i.AbstractProblemLoader Replaying proof Plotter[ThreadSpec2::staticPermissions()].JML accessible clause.0 
603469     DEBUG main            d.u.i.k.p.i.IntermediateProofReplayer Proof replay took 39.6ns 
604508     INFO  main            d.u.i.k.p.r.p.TestFile    ... finished proof: closed. 
605094     INFO  main            d.u.i.k.p.i.AbstractProblemLoader Loading environment from /home/runner/work/key/key/key.core/../key.ui/examples/heap/permissions/threads/Plotter_staticPermissions_accessible.key.proof 
605095     DEBUG main            d.u.i.k.p.i.AbstractProblemLoader Environment load took 91.4ns 
605096     INFO  main            d.u.i.k.p.i.AbstractProblemLoader Creating init config 
610281     DEBUG main            d.u.i.k.p.i.AbstractProblemLoader Init config took 5.19s 
610389     INFO  main            d.u.i.k.p.i.AbstractProblemLoader Replaying proof Plotter[ThreadSpec2::staticPermissions()].JML accessible clause.0 
610438     DEBUG main            d.u.i.k.p.i.IntermediateProofReplayer Proof replay took 45.49ms 
610439     DEBUG main            d.u.i.k.p.r.p.TestFile    ... success: reloaded. 
610440     INFO  main            d.u.i.k.p.r.p.TestFile    Now processing file /home/runner/work/key/key/key.core/../key.ui/examples/heap/permissions/threads/Plotter_workingPermissions_accessible.key 
610440     INFO  main            d.u.i.k.p.i.AbstractProblemLoader Loading environment from /home/runner/work/key/key/key.core/../key.ui/examples/heap/permissions/threads/Plotter_workingPermissions_accessible.key 
610440     DEBUG main            d.u.i.k.p.i.AbstractProblemLoader Environment load took 103.8ns 
610441     INFO  main            d.u.i.k.p.i.AbstractProblemLoader Creating init config 
615717     DEBUG main            d.u.i.k.p.i.AbstractProblemLoader Init config took 5.28s 
615814     INFO  main            d.u.i.k.p.i.AbstractProblemLoader Replaying proof Plotter[ThreadSpec2::workingPermissions()].JML accessible clause.0 
615816     DEBUG main            d.u.i.k.p.i.IntermediateProofReplayer Proof replay took 3.8ns 
616018     INFO  main            d.u.i.k.p.r.p.TestFile    ... finished proof: closed. 
616613     INFO  main            d.u.i.k.p.i.AbstractProblemLoader Loading environment from /home/runner/work/key/key/key.core/../key.ui/examples/heap/permissions/threads/Plotter_workingPermissions_accessible.key.proof 
616613     DEBUG main            d.u.i.k.p.i.AbstractProblemLoader Environment load took 102.3ns 
616614     INFO  main            d.u.i.k.p.i.AbstractProblemLoader Creating init config 
621828     DEBUG main            d.u.i.k.p.i.AbstractProblemLoader Init config took 5.21s 
621921     INFO  main            d.u.i.k.p.i.AbstractProblemLoader Replaying proof Plotter[ThreadSpec2::workingPermissions()].JML accessible clause.0 
621937     DEBUG main            d.u.i.k.p.i.IntermediateProofReplayer Proof replay took 13.33ms 
621938     DEBUG main            d.u.i.k.p.r.p.TestFile    ... success: reloaded. 
621939     INFO  main            d.u.i.k.p.r.p.TestFile    Now processing file /home/runner/work/key/key/key.core/../key.ui/examples/heap/permissions/threads/Sampler_initPost_accessible.key 
621939     INFO  main            d.u.i.k.p.i.AbstractProblemLoader Loading environment from /home/runner/work/key/key/key.core/../key.ui/examples/heap/permissions/threads/Sampler_initPost_accessible.key 
621939     DEBUG main            d.u.i.k.p.i.AbstractProblemLoader Environment load took 50.1ns 
621940     INFO  main            d.u.i.k.p.i.AbstractProblemLoader Creating init config 
627170     DEBUG main            d.u.i.k.p.i.AbstractProblemLoader Init config took 5.23s 
627282     INFO  main            d.u.i.k.p.i.AbstractProblemLoader Replaying proof Sampler[ThreadSpec2::initPost()].JML accessible clause.0 
627283     DEBUG main            d.u.i.k.p.i.IntermediateProofReplayer Proof replay took 3ns 
627385     INFO  main            d.u.i.k.p.r.p.TestFile    ... finished proof: closed. 
627979     INFO  main            d.u.i.k.p.i.AbstractProblemLoader Loading environment from /home/runner/work/key/key/key.core/../key.ui/examples/heap/permissions/threads/Sampler_initPost_accessible.key.proof 
627979     DEBUG main            d.u.i.k.p.i.AbstractProblemLoader Environment load took 91.4ns 
627980     INFO  main            d.u.i.k.p.i.AbstractProblemLoader Creating init config 
633082     DEBUG main            d.u.i.k.p.i.AbstractProblemLoader Init config took 5.1s 
633173     INFO  main            d.u.i.k.p.i.AbstractProblemLoader Replaying proof Sampler[ThreadSpec2::initPost()].JML accessible clause.0 
633180     DEBUG main            d.u.i.k.p.i.IntermediateProofReplayer Proof replay took 5.06ms 
633181     DEBUG main            d.u.i.k.p.r.p.TestFile    ... success: reloaded. 
633182     INFO  main            d.u.i.k.p.r.p.TestFile    Now processing file /home/runner/work/key/key/key.core/../key.ui/examples/heap/permissions/threads/Sampler_inv_accessible1.key 
633182     INFO  main            d.u.i.k.p.i.AbstractProblemLoader Loading environment from /home/runner/work/key/key/key.core/../key.ui/examples/heap/permissions/threads/Sampler_inv_accessible1.key 
633182     DEBUG main            d.u.i.k.p.i.AbstractProblemLoader Environment load took 50ns 
633183     INFO  main            d.u.i.k.p.i.AbstractProblemLoader Creating init config 
638471     DEBUG main            d.u.i.k.p.i.AbstractProblemLoader Init config took 5.29s 
638579     INFO  main            d.u.i.k.p.i.AbstractProblemLoader Replaying proof Sampler[java.lang.Object::<inv>()].JML accessible clause.0 
638580     DEBUG main            d.u.i.k.p.i.IntermediateProofReplayer Proof replay took 3.8ns 
638681     INFO  main            d.u.i.k.p.r.p.TestFile    ... finished proof: closed. 
639270     INFO  main            d.u.i.k.p.i.AbstractProblemLoader Loading environment from /home/runner/work/key/key/key.core/../key.ui/examples/heap/permissions/threads/Sampler_inv_accessible1.key.proof 
639270     DEBUG main            d.u.i.k.p.i.AbstractProblemLoader Environment load took 94.1ns 
639271     INFO  main            d.u.i.k.p.i.AbstractProblemLoader Creating init config 
644416     DEBUG main            d.u.i.k.p.i.AbstractProblemLoader Init config took 5.15s 
644527     INFO  main            d.u.i.k.p.i.AbstractProblemLoader Replaying proof Sampler[java.lang.Object::<inv>()].JML accessible clause.0 
644530     DEBUG main            d.u.i.k.p.i.IntermediateProofReplayer Proof replay took 1.59ms 
644531     DEBUG main            d.u.i.k.p.r.p.TestFile    ... success: reloaded. 
644532     INFO  main            d.u.i.k.p.r.p.TestFile    Now processing file /home/runner/work/key/key/key.core/../key.ui/examples/heap/permissions/threads/Sampler_inv_accessible2.key 
644532     INFO  main            d.u.i.k.p.i.AbstractProblemLoader Loading environment from /home/runner/work/key/key/key.core/../key.ui/examples/heap/permissions/threads/Sampler_inv_accessible2.key 
644532     DEBUG main            d.u.i.k.p.i.AbstractProblemLoader Environment load took 48.9ns 
644533     INFO  main            d.u.i.k.p.i.AbstractProblemLoader Creating init config 
649748     DEBUG main            d.u.i.k.p.i.AbstractProblemLoader Init config took 5.21s 
649840     INFO  main            d.u.i.k.p.i.AbstractProblemLoader Replaying proof Sampler[java.lang.Object::<inv>()].JML accessible clause.1 
649841     DEBUG main            d.u.i.k.p.i.IntermediateProofReplayer Proof replay took 3ns 
649943     INFO  main            d.u.i.k.p.r.p.TestFile    ... finished proof: closed. 
650550     INFO  main            d.u.i.k.p.i.AbstractProblemLoader Loading environment from /home/runner/work/key/key/key.core/../key.ui/examples/heap/permissions/threads/Sampler_inv_accessible2.key.proof 
650550     DEBUG main            d.u.i.k.p.i.AbstractProblemLoader Environment load took 92.6ns 
650551     INFO  main            d.u.i.k.p.i.AbstractProblemLoader Creating init config 
655658     DEBUG main            d.u.i.k.p.i.AbstractProblemLoader Init config took 5.11s 
655770     INFO  main            d.u.i.k.p.i.AbstractProblemLoader Replaying proof Sampler[java.lang.Object::<inv>()].JML accessible clause.1 
655773     DEBUG main            d.u.i.k.p.i.IntermediateProofReplayer Proof replay took 1.63ms 
655774     DEBUG main            d.u.i.k.p.r.p.TestFile    ... success: reloaded. 
655775     INFO  main            d.u.i.k.p.r.p.TestFile    Now processing file /home/runner/work/key/key/key.core/../key.ui/examples/heap/permissions/threads/Sampler_joinTransfer_accessible.key 
655775     INFO  main            d.u.i.k.p.i.AbstractProblemLoader Loading environment from /home/runner/work/key/key/key.core/../key.ui/examples/heap/permissions/threads/Sampler_joinTransfer_accessible.key 
655775     DEBUG main            d.u.i.k.p.i.AbstractProblemLoader Environment load took 74ns 
655776     INFO  main            d.u.i.k.p.i.AbstractProblemLoader Creating init config 
661057     DEBUG main            d.u.i.k.p.i.AbstractProblemLoader Init config took 5.28s 
661149     INFO  main            d.u.i.k.p.i.AbstractProblemLoader Replaying proof Sampler[ThreadSpec2::joinTransfer()].JML accessible clause.0 
661150     DEBUG main            d.u.i.k.p.i.IntermediateProofReplayer Proof replay took 3.2ns 
664995     INFO  main            d.u.i.k.p.r.p.TestFile    ... finished proof: closed. 
665647     INFO  main            d.u.i.k.p.i.AbstractProblemLoader Loading environment from /home/runner/work/key/key/key.core/../key.ui/examples/heap/permissions/threads/Sampler_joinTransfer_accessible.key.proof 
665647     DEBUG main            d.u.i.k.p.i.AbstractProblemLoader Environment load took 98.2ns 
665648     INFO  main            d.u.i.k.p.i.AbstractProblemLoader Creating init config 
670817     DEBUG main            d.u.i.k.p.i.AbstractProblemLoader Init config took 5.17s 
670913     INFO  main            d.u.i.k.p.i.AbstractProblemLoader Replaying proof Sampler[ThreadSpec2::joinTransfer()].JML accessible clause.0 
671437     DEBUG main            d.u.i.k.p.i.IntermediateProofReplayer Proof replay took 511.96ms 
671439     DEBUG main            d.u.i.k.p.r.p.TestFile    ... success: reloaded. 
671440     INFO  main            d.u.i.k.p.r.p.TestFile    Now processing file /home/runner/work/key/key/key.core/../key.ui/examples/heap/permissions/threads/Sampler_joinTransfer_contract.key 
671440     INFO  main            d.u.i.k.p.i.AbstractProblemLoader Loading environment from /home/runner/work/key/key/key.core/../key.ui/examples/heap/permissions/threads/Sampler_joinTransfer_contract.key 
671440     DEBUG main            d.u.i.k.p.i.AbstractProblemLoader Environment load took 97.5ns 
671441     INFO  main            d.u.i.k.p.i.AbstractProblemLoader Creating init config 
676665     DEBUG main            d.u.i.k.p.i.AbstractProblemLoader Init config took 5.22s 
676757     INFO  main            d.u.i.k.p.i.AbstractProblemLoader Replaying proof Sampler[ThreadSpec2::joinTransfer()].JML model_behavior operation contract.0 
676758     DEBUG main            d.u.i.k.p.i.IntermediateProofReplayer Proof replay took 3.3ns 
676860     INFO  main            d.u.i.k.p.r.p.TestFile    ... finished proof: closed. 
677483     INFO  main            d.u.i.k.p.i.AbstractProblemLoader Loading environment from /home/runner/work/key/key/key.core/../key.ui/examples/heap/permissions/threads/Sampler_joinTransfer_contract.key.proof 
677483     DEBUG main            d.u.i.k.p.i.AbstractProblemLoader Environment load took 128.5ns 
677484     INFO  main            d.u.i.k.p.i.AbstractProblemLoader Creating init config 
682629     DEBUG main            d.u.i.k.p.i.AbstractProblemLoader Init config took 5.14s 
682722     INFO  main            d.u.i.k.p.i.AbstractProblemLoader Replaying proof Sampler[ThreadSpec2::joinTransfer()].JML model_behavior operation contract.0 
682730     DEBUG main            d.u.i.k.p.i.IntermediateProofReplayer Proof replay took 7.15ms 
682731     DEBUG main            d.u.i.k.p.r.p.TestFile    ... success: reloaded. 
682732     INFO  main            d.u.i.k.p.r.p.TestFile    Now processing file /home/runner/work/key/key/key.core/../key.ui/examples/heap/permissions/threads/Sampler_postJoin_accessible.key 
682732     INFO  main            d.u.i.k.p.i.AbstractProblemLoader Loading environment from /home/runner/work/key/key/key.core/../key.ui/examples/heap/permissions/threads/Sampler_postJoin_accessible.key 
682732     DEBUG main            d.u.i.k.p.i.AbstractProblemLoader Environment load took 48.5ns 
682733     INFO  main            d.u.i.k.p.i.AbstractProblemLoader Creating init config 
687944     DEBUG main            d.u.i.k.p.i.AbstractProblemLoader Init config took 5.21s 
688058     INFO  main            d.u.i.k.p.i.AbstractProblemLoader Replaying proof Sampler[ThreadSpec2::postJoin(java.lang.Object)].JML accessible clause.0 
688060     DEBUG main            d.u.i.k.p.i.IntermediateProofReplayer Proof replay took 3ns 
688162     INFO  main            d.u.i.k.p.r.p.TestFile    ... finished proof: closed. 
688779     INFO  main            d.u.i.k.p.i.AbstractProblemLoader Loading environment from /home/runner/work/key/key/key.core/../key.ui/examples/heap/permissions/threads/Sampler_postJoin_accessible.key.proof 
688779     DEBUG main            d.u.i.k.p.i.AbstractProblemLoader Environment load took 94.8ns 
688780     INFO  main            d.u.i.k.p.i.AbstractProblemLoader Creating init config 
693917     DEBUG main            d.u.i.k.p.i.AbstractProblemLoader Init config took 5.14s 
694009     INFO  main            d.u.i.k.p.i.AbstractProblemLoader Replaying proof Sampler[ThreadSpec2::postJoin(java.lang.Object)].JML accessible clause.0 
694019     DEBUG main            d.u.i.k.p.i.IntermediateProofReplayer Proof replay took 8.27ms 
694020     DEBUG main            d.u.i.k.p.r.p.TestFile    ... success: reloaded. 
694021     INFO  main            d.u.i.k.p.r.p.TestFile    Now processing file /home/runner/work/key/key/key.core/../key.ui/examples/heap/permissions/threads/Sampler_preStart_accessible.key 
694021     INFO  main            d.u.i.k.p.i.AbstractProblemLoader Loading environment from /home/runner/work/key/key/key.core/../key.ui/examples/heap/permissions/threads/Sampler_preStart_accessible.key 
694021     DEBUG main            d.u.i.k.p.i.AbstractProblemLoader Environment load took 81.9ns 
694022     INFO  main            d.u.i.k.p.i.AbstractProblemLoader Creating init config 
699248     DEBUG main            d.u.i.k.p.i.AbstractProblemLoader Init config took 5.23s 
699341     INFO  main            d.u.i.k.p.i.AbstractProblemLoader Replaying proof Sampler[ThreadSpec2::preStart(java.lang.Object)].JML accessible clause.0 
699343     DEBUG main            d.u.i.k.p.i.IntermediateProofReplayer Proof replay took 3.5ns 
699444     INFO  main            d.u.i.k.p.r.p.TestFile    ... finished proof: closed. 
700085     INFO  main            d.u.i.k.p.i.AbstractProblemLoader Loading environment from /home/runner/work/key/key/key.core/../key.ui/examples/heap/permissions/threads/Sampler_preStart_accessible.key.proof 
700085     DEBUG main            d.u.i.k.p.i.AbstractProblemLoader Environment load took 91.2ns 
700086     INFO  main            d.u.i.k.p.i.AbstractProblemLoader Creating init config 
705195     DEBUG main            d.u.i.k.p.i.AbstractProblemLoader Init config took 5.11s 
705286     INFO  main            d.u.i.k.p.i.AbstractProblemLoader Replaying proof Sampler[ThreadSpec2::preStart(java.lang.Object)].JML accessible clause.0 
705296     DEBUG main            d.u.i.k.p.i.IntermediateProofReplayer Proof replay took 7.96ms 
705297     DEBUG main            d.u.i.k.p.r.p.TestFile    ... success: reloaded. 
705298     INFO  main            d.u.i.k.p.r.p.TestFile    Now processing file /home/runner/work/key/key/key.core/../key.ui/examples/heap/permissions/threads/Sampler_run.key 
705298     INFO  main            d.u.i.k.p.i.AbstractProblemLoader Loading environment from /home/runner/work/key/key/key.core/../key.ui/examples/heap/permissions/threads/Sampler_run.key 
705298     DEBUG main            d.u.i.k.p.i.AbstractProblemLoader Environment load took 57ns 
705299     INFO  main            d.u.i.k.p.i.AbstractProblemLoader Creating init config 
710523     DEBUG main            d.u.i.k.p.i.AbstractProblemLoader Init config took 5.22s 
710615     INFO  main            d.u.i.k.p.i.AbstractProblemLoader Replaying proof Sampler[ThreadSpec2::run()].JML normal_behavior operation contract.0 
710616     DEBUG main            d.u.i.k.p.i.IntermediateProofReplayer Proof replay took 3.5ns 
710819     INFO  main            d.u.i.k.p.r.p.TestFile    ... finished proof: closed. 
711450     INFO  main            d.u.i.k.p.i.AbstractProblemLoader Loading environment from /home/runner/work/key/key/key.core/../key.ui/examples/heap/permissions/threads/Sampler_run.key.proof 
711451     DEBUG main            d.u.i.k.p.i.AbstractProblemLoader Environment load took 93.7ns 
711452     INFO  main            d.u.i.k.p.i.AbstractProblemLoader Creating init config 
716586     DEBUG main            d.u.i.k.p.i.AbstractProblemLoader Init config took 5.13s 
716685     INFO  main            d.u.i.k.p.i.AbstractProblemLoader Replaying proof Sampler[ThreadSpec2::run()].JML normal_behavior operation contract.0 
716718     DEBUG main            d.u.i.k.p.i.IntermediateProofReplayer Proof replay took 30.72ms 
716719     DEBUG main            d.u.i.k.p.r.p.TestFile    ... success: reloaded. 
716720     INFO  main            d.u.i.k.p.r.p.TestFile    Now processing file /home/runner/work/key/key/key.core/../key.ui/examples/heap/permissions/threads/Sampler_Sampler.key 
716720     INFO  main            d.u.i.k.p.i.AbstractProblemLoader Loading environment from /home/runner/work/key/key/key.core/../key.ui/examples/heap/permissions/threads/Sampler_Sampler.key 
716720     DEBUG main            d.u.i.k.p.i.AbstractProblemLoader Environment load took 83.6ns 
716721     INFO  main            d.u.i.k.p.i.AbstractProblemLoader Creating init config 
721976     DEBUG main            d.u.i.k.p.i.AbstractProblemLoader Init config took 5.26s 
722068     INFO  main            d.u.i.k.p.i.AbstractProblemLoader Replaying proof Sampler[Sampler::Sampler(Buffer)].JML normal_behavior operation contract.0 
722070     DEBUG main            d.u.i.k.p.i.IntermediateProofReplayer Proof replay took 3.4ns 
722773     INFO  main            d.u.i.k.p.r.p.TestFile    ... finished proof: closed. 
723447     INFO  main            d.u.i.k.p.i.AbstractProblemLoader Loading environment from /home/runner/work/key/key/key.core/../key.ui/examples/heap/permissions/threads/Sampler_Sampler.key.proof 
723447     DEBUG main            d.u.i.k.p.i.AbstractProblemLoader Environment load took 92.41ns 
723448     INFO  main            d.u.i.k.p.i.AbstractProblemLoader Creating init config 
728772     DEBUG main            d.u.i.k.p.i.AbstractProblemLoader Init config took 5.32s 
728864     INFO  main            d.u.i.k.p.i.AbstractProblemLoader Replaying proof Sampler[Sampler::Sampler(Buffer)].JML normal_behavior operation contract.0 
728961     DEBUG main            d.u.i.k.p.i.IntermediateProofReplayer Proof replay took 94.27ms 
728962     DEBUG main            d.u.i.k.p.r.p.TestFile    ... success: reloaded. 
728963     INFO  main            d.u.i.k.p.r.p.TestFile    Now processing file /home/runner/work/key/key/key.core/../key.ui/examples/heap/permissions/threads/Sampler_startTransfer_accessible.key 
728963     INFO  main            d.u.i.k.p.i.AbstractProblemLoader Loading environment from /home/runner/work/key/key/key.core/../key.ui/examples/heap/permissions/threads/Sampler_startTransfer_accessible.key 
728963     DEBUG main            d.u.i.k.p.i.AbstractProblemLoader Environment load took 54.7ns 
728964     INFO  main            d.u.i.k.p.i.AbstractProblemLoader Creating init config 
734248     DEBUG main            d.u.i.k.p.i.AbstractProblemLoader Init config took 5.28s 
734345     INFO  main            d.u.i.k.p.i.AbstractProblemLoader Replaying proof Sampler[ThreadSpec2::startTransfer()].JML accessible clause.0 
734347     DEBUG main            d.u.i.k.p.i.IntermediateProofReplayer Proof replay took 3.3ns 
738495     INFO  main            d.u.i.k.p.r.p.TestFile    ... finished proof: closed. 
739187     INFO  main            d.u.i.k.p.i.AbstractProblemLoader Loading environment from /home/runner/work/key/key/key.core/../key.ui/examples/heap/permissions/threads/Sampler_startTransfer_accessible.key.proof 
739187     DEBUG main            d.u.i.k.p.i.AbstractProblemLoader Environment load took 94.31ns 
739188     INFO  main            d.u.i.k.p.i.AbstractProblemLoader Creating init config 
744415     DEBUG main            d.u.i.k.p.i.AbstractProblemLoader Init config took 5.23s 
744530     INFO  main            d.u.i.k.p.i.AbstractProblemLoader Replaying proof Sampler[ThreadSpec2::startTransfer()].JML accessible clause.0 
744977     DEBUG main            d.u.i.k.p.i.IntermediateProofReplayer Proof replay took 433.62ms 
744978     DEBUG main            d.u.i.k.p.r.p.TestFile    ... success: reloaded. 
744979     INFO  main            d.u.i.k.p.r.p.TestFile    Now processing file /home/runner/work/key/key/key.core/../key.ui/examples/heap/permissions/threads/Sampler_startTransfer_contract.key 
744979     INFO  main            d.u.i.k.p.i.AbstractProblemLoader Loading environment from /home/runner/work/key/key/key.core/../key.ui/examples/heap/permissions/threads/Sampler_startTransfer_contract.key 
744979     DEBUG main            d.u.i.k.p.i.AbstractProblemLoader Environment load took 53ns 
744980     INFO  main            d.u.i.k.p.i.AbstractProblemLoader Creating init config 
750238     DEBUG main            d.u.i.k.p.i.AbstractProblemLoader Init config took 5.26s 
750351     INFO  main            d.u.i.k.p.i.AbstractProblemLoader Replaying proof Sampler[ThreadSpec2::startTransfer()].JML model_behavior operation contract.0 
750352     DEBUG main            d.u.i.k.p.i.IntermediateProofReplayer Proof replay took 3.6ns 
750454     INFO  main            d.u.i.k.p.r.p.TestFile    ... finished proof: closed. 
751105     INFO  main            d.u.i.k.p.i.AbstractProblemLoader Loading environment from /home/runner/work/key/key/key.core/../key.ui/examples/heap/permissions/threads/Sampler_startTransfer_contract.key.proof 
751105     DEBUG main            d.u.i.k.p.i.AbstractProblemLoader Environment load took 95.2ns 
751106     INFO  main            d.u.i.k.p.i.AbstractProblemLoader Creating init config 
756257     DEBUG main            d.u.i.k.p.i.AbstractProblemLoader Init config took 5.15s 
756367     INFO  main            d.u.i.k.p.i.AbstractProblemLoader Replaying proof Sampler[ThreadSpec2::startTransfer()].JML model_behavior operation contract.0 
756376     DEBUG main            d.u.i.k.p.i.IntermediateProofReplayer Proof replay took 7.63ms 
756377     DEBUG main            d.u.i.k.p.r.p.TestFile    ... success: reloaded. 
756377     INFO  main            d.u.i.k.p.r.p.TestFile    Now processing file /home/runner/work/key/key/key.core/../key.ui/examples/heap/permissions/threads/Sampler_stateInv_accessible.key 
756378     INFO  main            d.u.i.k.p.i.AbstractProblemLoader Loading environment from /home/runner/work/key/key/key.core/../key.ui/examples/heap/permissions/threads/Sampler_stateInv_accessible.key 
756378     DEBUG main            d.u.i.k.p.i.AbstractProblemLoader Environment load took 50.6ns 
756379     INFO  main            d.u.i.k.p.i.AbstractProblemLoader Creating init config 
761685     DEBUG main            d.u.i.k.p.i.AbstractProblemLoader Init config took 5.31s 
761782     INFO  main            d.u.i.k.p.i.AbstractProblemLoader Replaying proof Sampler[ThreadSpec2::stateInv()].JML accessible clause.0 
761784     DEBUG main            d.u.i.k.p.i.IntermediateProofReplayer Proof replay took 3.2ns 
761885     INFO  main            d.u.i.k.p.r.p.TestFile    ... finished proof: closed. 
762576     INFO  main            d.u.i.k.p.i.AbstractProblemLoader Loading environment from /home/runner/work/key/key/key.core/../key.ui/examples/heap/permissions/threads/Sampler_stateInv_accessible.key.proof 
762576     DEBUG main            d.u.i.k.p.i.AbstractProblemLoader Environment load took 93.9ns 
762577     INFO  main            d.u.i.k.p.i.AbstractProblemLoader Creating init config 
767682     DEBUG main            d.u.i.k.p.i.AbstractProblemLoader Init config took 5.1s 
767788     INFO  main            d.u.i.k.p.i.AbstractProblemLoader Replaying proof Sampler[ThreadSpec2::stateInv()].JML accessible clause.0 
767796     DEBUG main            d.u.i.k.p.i.IntermediateProofReplayer Proof replay took 5.79ms 
767797     DEBUG main            d.u.i.k.p.r.p.TestFile    ... success: reloaded. 
767798     INFO  main            d.u.i.k.p.r.p.TestFile    Now processing file /home/runner/work/key/key/key.core/../key.ui/examples/heap/permissions/threads/Sampler_staticPermissions_accessible.key 
767799     INFO  main            d.u.i.k.p.i.AbstractProblemLoader Loading environment from /home/runner/work/key/key/key.core/../key.ui/examples/heap/permissions/threads/Sampler_staticPermissions_accessible.key 
767799     DEBUG main            d.u.i.k.p.i.AbstractProblemLoader Environment load took 151.21ns 
767800     INFO  main            d.u.i.k.p.i.AbstractProblemLoader Creating init config 
773043     DEBUG main            d.u.i.k.p.i.AbstractProblemLoader Init config took 5.24s 
773135     INFO  main            d.u.i.k.p.i.AbstractProblemLoader Replaying proof Sampler[ThreadSpec2::staticPermissions()].JML accessible clause.0 
773137     DEBUG main            d.u.i.k.p.i.IntermediateProofReplayer Proof replay took 3.1ns 
773239     INFO  main            d.u.i.k.p.r.p.TestFile    ... finished proof: closed. 
773943     INFO  main            d.u.i.k.p.i.AbstractProblemLoader Loading environment from /home/runner/work/key/key/key.core/../key.ui/examples/heap/permissions/threads/Sampler_staticPermissions_accessible.key.proof 
773943     DEBUG main            d.u.i.k.p.i.AbstractProblemLoader Environment load took 91.7ns 
773944     INFO  main            d.u.i.k.p.i.AbstractProblemLoader Creating init config 
779080     DEBUG main            d.u.i.k.p.i.AbstractProblemLoader Init config took 5.14s 
779193     INFO  main            d.u.i.k.p.i.AbstractProblemLoader Replaying proof Sampler[ThreadSpec2::staticPermissions()].JML accessible clause.0 
779197     DEBUG main            d.u.i.k.p.i.IntermediateProofReplayer Proof replay took 3.3ms 
779198     DEBUG main            d.u.i.k.p.r.p.TestFile    ... success: reloaded. 
779199     INFO  main            d.u.i.k.p.r.p.TestFile    Now processing file /home/runner/work/key/key/key.core/../key.ui/examples/heap/permissions/threads/Sampler_workingPermissions_accessible.key 
779200     INFO  main            d.u.i.k.p.i.AbstractProblemLoader Loading environment from /home/runner/work/key/key/key.core/../key.ui/examples/heap/permissions/threads/Sampler_workingPermissions_accessible.key 
779200     DEBUG main            d.u.i.k.p.i.AbstractProblemLoader Environment load took 80.8ns 
779201     INFO  main            d.u.i.k.p.i.AbstractProblemLoader Creating init config 
784439     DEBUG main            d.u.i.k.p.i.AbstractProblemLoader Init config took 5.24s 
784530     INFO  main            d.u.i.k.p.i.AbstractProblemLoader Replaying proof Sampler[ThreadSpec2::workingPermissions()].JML accessible clause.0 
784532     DEBUG main            d.u.i.k.p.i.IntermediateProofReplayer Proof replay took 3.8ns 
784633     INFO  main            d.u.i.k.p.r.p.TestFile    ... finished proof: closed. 
785310     INFO  main            d.u.i.k.p.i.AbstractProblemLoader Loading environment from /home/runner/work/key/key/key.core/../key.ui/examples/heap/permissions/threads/Sampler_workingPermissions_accessible.key.proof 
785310     DEBUG main            d.u.i.k.p.i.AbstractProblemLoader Environment load took 95.6ns 
785311     INFO  main            d.u.i.k.p.i.AbstractProblemLoader Creating init config 
790429     DEBUG main            d.u.i.k.p.i.AbstractProblemLoader Init config took 5.12s 
790520     INFO  main            d.u.i.k.p.i.AbstractProblemLoader Replaying proof Sampler[ThreadSpec2::workingPermissions()].JML accessible clause.0 
790526     DEBUG main            d.u.i.k.p.i.IntermediateProofReplayer Proof replay took 4.52ms 
790527     DEBUG main            d.u.i.k.p.r.p.TestFile    ... success: reloaded. 
790528     INFO  main            d.u.i.k.p.r.p.TestFile    Now processing file /home/runner/work/key/key/key.core/../key.ui/examples/heap/permissions/mulleretal/ReadWrite_doRead_contract.key 
790528     INFO  main            d.u.i.k.p.i.AbstractProblemLoader Loading environment from /home/runner/work/key/key/key.core/../key.ui/examples/heap/permissions/mulleretal/ReadWrite_doRead_contract.key 
790528     DEBUG main            d.u.i.k.p.i.AbstractProblemLoader Environment load took 49.5ns 
790529     INFO  main            d.u.i.k.p.i.AbstractProblemLoader Creating init config 
793487     DEBUG main            d.u.i.k.p.i.AbstractProblemLoader Init config took 2.96s 
793526     INFO  main            d.u.i.k.p.i.AbstractProblemLoader Replaying proof ReadWrite[ReadWrite::doRead()].JML normal_behavior operation contract.0 
793529     DEBUG main            d.u.i.k.p.i.IntermediateProofReplayer Proof replay took 3.2ns 
795335     INFO  main            d.u.i.k.p.r.p.TestFile    ... finished proof: closed. 
796088     INFO  main            d.u.i.k.p.i.AbstractProblemLoader Loading environment from /home/runner/work/key/key/key.core/../key.ui/examples/heap/permissions/mulleretal/ReadWrite_doRead_contract.key.proof 
796088     DEBUG main            d.u.i.k.p.i.AbstractProblemLoader Environment load took 95.5ns 
796089     INFO  main            d.u.i.k.p.i.AbstractProblemLoader Creating init config 
798994     DEBUG main            d.u.i.k.p.i.AbstractProblemLoader Init config took 2.9s 
799032     INFO  main            d.u.i.k.p.i.AbstractProblemLoader Replaying proof ReadWrite[ReadWrite::doRead()].JML normal_behavior operation contract.0 
799377     DEBUG main            d.u.i.k.p.i.IntermediateProofReplayer Proof replay took 339.25ms 
799378     DEBUG main            d.u.i.k.p.r.p.TestFile    ... success: reloaded. 
799379     INFO  main            d.u.i.k.p.r.p.TestFile    Now processing file /home/runner/work/key/key/key.core/../key.ui/examples/heap/permissions/mulleretal/ReadWrite_doWrite_contract.key 
799379     INFO  main            d.u.i.k.p.i.AbstractProblemLoader Loading environment from /home/runner/work/key/key/key.core/../key.ui/examples/heap/permissions/mulleretal/ReadWrite_doWrite_contract.key 
799379     DEBUG main            d.u.i.k.p.i.AbstractProblemLoader Environment load took 111.3ns 
799380     INFO  main            d.u.i.k.p.i.AbstractProblemLoader Creating init config 
802358     DEBUG main            d.u.i.k.p.i.AbstractProblemLoader Init config took 2.98s 
802396     INFO  main            d.u.i.k.p.i.AbstractProblemLoader Replaying proof ReadWrite[ReadWrite::doWrite()].JML normal_behavior operation contract.0 
802398     DEBUG main            d.u.i.k.p.i.IntermediateProofReplayer Proof replay took 3.4ns 
804233     INFO  main            d.u.i.k.p.r.p.TestFile    ... finished proof: closed. 
804971     INFO  main            d.u.i.k.p.i.AbstractProblemLoader Loading environment from /home/runner/work/key/key/key.core/../key.ui/examples/heap/permissions/mulleretal/ReadWrite_doWrite_contract.key.proof 
804971     DEBUG main            d.u.i.k.p.i.AbstractProblemLoader Environment load took 358.41ns 
804972     INFO  main            d.u.i.k.p.i.AbstractProblemLoader Creating init config 
807887     DEBUG main            d.u.i.k.p.i.AbstractProblemLoader Init config took 2.91s 
807926     INFO  main            d.u.i.k.p.i.AbstractProblemLoader Replaying proof ReadWrite[ReadWrite::doWrite()].JML normal_behavior operation contract.0 
808309     DEBUG main            d.u.i.k.p.i.IntermediateProofReplayer Proof replay took 377.04ms 
808310     DEBUG main            d.u.i.k.p.r.p.TestFile    ... success: reloaded. 
808311     INFO  main            d.u.i.k.p.r.p.TestFile    Now processing file /home/runner/work/key/key/key.core/../key.ui/examples/heap/permissions/mulleretal/ReadWrite_read_contract.key 
808311     INFO  main            d.u.i.k.p.i.AbstractProblemLoader Loading environment from /home/runner/work/key/key/key.core/../key.ui/examples/heap/permissions/mulleretal/ReadWrite_read_contract.key 
808311     DEBUG main            d.u.i.k.p.i.AbstractProblemLoader Environment load took 80.8ns 
808312     INFO  main            d.u.i.k.p.i.AbstractProblemLoader Creating init config 
811269     DEBUG main            d.u.i.k.p.i.AbstractProblemLoader Init config took 2.96s 
811307     INFO  main            d.u.i.k.p.i.AbstractProblemLoader Replaying proof ReadWrite[ReadWrite::read()].JML normal_behavior operation contract.0 
811308     DEBUG main            d.u.i.k.p.i.IntermediateProofReplayer Proof replay took 3.4ns 
811410     INFO  main            d.u.i.k.p.r.p.TestFile    ... finished proof: closed. 
812122     INFO  main            d.u.i.k.p.i.AbstractProblemLoader Loading environment from /home/runner/work/key/key/key.core/../key.ui/examples/heap/permissions/mulleretal/ReadWrite_read_contract.key.proof 
812122     DEBUG main            d.u.i.k.p.i.AbstractProblemLoader Environment load took 89ns 
812122     INFO  main            d.u.i.k.p.i.AbstractProblemLoader Creating init config 
815023     DEBUG main            d.u.i.k.p.i.AbstractProblemLoader Init config took 2.9s 
815061     INFO  main            d.u.i.k.p.i.AbstractProblemLoader Replaying proof ReadWrite[ReadWrite::read()].JML normal_behavior operation contract.0 
815069     DEBUG main            d.u.i.k.p.i.IntermediateProofReplayer Proof replay took 5.99ms 
815069     DEBUG main            d.u.i.k.p.r.p.TestFile    ... success: reloaded. 
815070     INFO  main            d.u.i.k.p.r.p.TestFile    Now processing file /home/runner/work/key/key/key.core/../key.ui/examples/heap/permissions/mulleretal/ReadWrite_write_contract.key 
815070     INFO  main            d.u.i.k.p.i.AbstractProblemLoader Loading environment from /home/runner/work/key/key/key.core/../key.ui/examples/heap/permissions/mulleretal/ReadWrite_write_contract.key 
815071     DEBUG main            d.u.i.k.p.i.AbstractProblemLoader Environment load took 67.1ns 
815071     INFO  main            d.u.i.k.p.i.AbstractProblemLoader Creating init config 
818125     DEBUG main            d.u.i.k.p.i.AbstractProblemLoader Init config took 3.05s 
818176     INFO  main            d.u.i.k.p.i.AbstractProblemLoader Replaying proof ReadWrite[ReadWrite::write()].JML normal_behavior operation contract.0 
818178     DEBUG main            d.u.i.k.p.i.IntermediateProofReplayer Proof replay took 5.8ns 
818380     INFO  main            d.u.i.k.p.r.p.TestFile    ... finished proof: closed. 
819087     INFO  main            d.u.i.k.p.i.AbstractProblemLoader Loading environment from /home/runner/work/key/key/key.core/../key.ui/examples/heap/permissions/mulleretal/ReadWrite_write_contract.key.proof 
819087     DEBUG main            d.u.i.k.p.i.AbstractProblemLoader Environment load took 99ns 
819088     INFO  main            d.u.i.k.p.i.AbstractProblemLoader Creating init config 
822000     DEBUG main            d.u.i.k.p.i.AbstractProblemLoader Init config took 2.91s 
822038     INFO  main            d.u.i.k.p.i.AbstractProblemLoader Replaying proof ReadWrite[ReadWrite::write()].JML normal_behavior operation contract.0 
822061     DEBUG main            d.u.i.k.p.i.IntermediateProofReplayer Proof replay took 20.97ms 
822062     DEBUG main            d.u.i.k.p.r.p.TestFile    ... success: reloaded. 
822062     INFO  main            d.u.i.k.p.r.p.TestFile    Now processing file /home/runner/work/key/key/key.core/../key.ui/examples/heap/permissions/mulleretal/ReadWrite_inv1_accessible.key 
822063     INFO  main            d.u.i.k.p.i.AbstractProblemLoader Loading environment from /home/runner/work/key/key/key.core/../key.ui/examples/heap/permissions/mulleretal/ReadWrite_inv1_accessible.key 
822063     DEBUG main            d.u.i.k.p.i.AbstractProblemLoader Environment load took 78.1ns 
822064     INFO  main            d.u.i.k.p.i.AbstractProblemLoader Creating init config 
825031     DEBUG main            d.u.i.k.p.i.AbstractProblemLoader Init config took 2.97s 
825068     INFO  main            d.u.i.k.p.i.AbstractProblemLoader Replaying proof ReadWrite[java.lang.Object::<inv>()].JML accessible clause.0 
825069     DEBUG main            d.u.i.k.p.i.IntermediateProofReplayer Proof replay took 3.2ns 
825171     INFO  main            d.u.i.k.p.r.p.TestFile    ... finished proof: closed. 
825900     INFO  main            d.u.i.k.p.i.AbstractProblemLoader Loading environment from /home/runner/work/key/key/key.core/../key.ui/examples/heap/permissions/mulleretal/ReadWrite_inv1_accessible.key.proof 
825900     DEBUG main            d.u.i.k.p.i.AbstractProblemLoader Environment load took 85.8ns 
825901     INFO  main            d.u.i.k.p.i.AbstractProblemLoader Creating init config 
828827     DEBUG main            d.u.i.k.p.i.AbstractProblemLoader Init config took 2.93s 
828864     INFO  main            d.u.i.k.p.i.AbstractProblemLoader Replaying proof ReadWrite[java.lang.Object::<inv>()].JML accessible clause.0 
828868     DEBUG main            d.u.i.k.p.i.IntermediateProofReplayer Proof replay took 1.61ms 
828868     DEBUG main            d.u.i.k.p.r.p.TestFile    ... success: reloaded. 
828869     INFO  main            d.u.i.k.p.r.p.TestFile    Now processing file /home/runner/work/key/key/key.core/../key.ui/examples/heap/permissions/mulleretal/ReadWrite_inv2_accessible.key 
828869     INFO  main            d.u.i.k.p.i.AbstractProblemLoader Loading environment from /home/runner/work/key/key/key.core/../key.ui/examples/heap/permissions/mulleretal/ReadWrite_inv2_accessible.key 
828869     DEBUG main            d.u.i.k.p.i.AbstractProblemLoader Environment load took 49.6ns 
828870     INFO  main            d.u.i.k.p.i.AbstractProblemLoader Creating init config 
831829     DEBUG main            d.u.i.k.p.i.AbstractProblemLoader Init config took 2.96s 
831866     INFO  main            d.u.i.k.p.i.AbstractProblemLoader Replaying proof ReadWrite[java.lang.Object::<inv>()].JML accessible clause.1 
831867     DEBUG main            d.u.i.k.p.i.IntermediateProofReplayer Proof replay took 4ns 
831968     INFO  main            d.u.i.k.p.r.p.TestFile    ... finished proof: closed. 
832682     INFO  main            d.u.i.k.p.i.AbstractProblemLoader Loading environment from /home/runner/work/key/key/key.core/../key.ui/examples/heap/permissions/mulleretal/ReadWrite_inv2_accessible.key.proof 
832682     DEBUG main            d.u.i.k.p.i.AbstractProblemLoader Environment load took 88.7ns 
832683     INFO  main            d.u.i.k.p.i.AbstractProblemLoader Creating init config 
835599     DEBUG main            d.u.i.k.p.i.AbstractProblemLoader Init config took 2.92s 
835637     INFO  main            d.u.i.k.p.i.AbstractProblemLoader Replaying proof ReadWrite[java.lang.Object::<inv>()].JML accessible clause.1 
835640     DEBUG main            d.u.i.k.p.i.IntermediateProofReplayer Proof replay took 1.56ms 
835640     DEBUG main            d.u.i.k.p.r.p.TestFile    ... success: reloaded. 
835641     INFO  main            d.u.i.k.p.r.p.TestFile    Now processing file /home/runner/work/key/key/key.core/../key.ui/examples/heap/permissions/lockspec/Counter_lockConsistent_contract.key 
835641     INFO  main            d.u.i.k.p.i.AbstractProblemLoader Loading environment from /home/runner/work/key/key/key.core/../key.ui/examples/heap/permissions/lockspec/Counter_lockConsistent_contract.key 
835641     DEBUG main            d.u.i.k.p.i.AbstractProblemLoader Environment load took 47.7ns 
835642     INFO  main            d.u.i.k.p.i.AbstractProblemLoader Creating init config 
839224     DEBUG main            d.u.i.k.p.i.AbstractProblemLoader Init config took 3.58s 
839285     INFO  main            d.u.i.k.p.i.AbstractProblemLoader Replaying proof Counter[LockSpec::lockConsistent()].JML model_behavior operation contract.0 
839286     DEBUG main            d.u.i.k.p.i.IntermediateProofReplayer Proof replay took 3.5ns 
840399     INFO  main            d.u.i.k.p.r.p.TestFile    ... finished proof: closed. 
841119     INFO  main            d.u.i.k.p.i.AbstractProblemLoader Loading environment from /home/runner/work/key/key/key.core/../key.ui/examples/heap/permissions/lockspec/Counter_lockConsistent_contract.key.proof 
841120     DEBUG main            d.u.i.k.p.i.AbstractProblemLoader Environment load took 209.81ns 
841121     INFO  main            d.u.i.k.p.i.AbstractProblemLoader Creating init config 
844545     DEBUG main            d.u.i.k.p.i.AbstractProblemLoader Init config took 3.42s 
844605     INFO  main            d.u.i.k.p.i.AbstractProblemLoader Replaying proof Counter[LockSpec::lockConsistent()].JML model_behavior operation contract.0 
844778     DEBUG main            d.u.i.k.p.i.IntermediateProofReplayer Proof replay took 164.89ms 
844780     DEBUG main            d.u.i.k.p.r.p.TestFile    ... success: reloaded. 
844780     INFO  main            d.u.i.k.p.r.p.TestFile    Now processing file /home/runner/work/key/key/key.core/../key.ui/examples/heap/permissions/lockspec/Counter_increase_contract.key 
844781     INFO  main            d.u.i.k.p.i.AbstractProblemLoader Loading environment from /home/runner/work/key/key/key.core/../key.ui/examples/heap/permissions/lockspec/Counter_increase_contract.key 
844781     DEBUG main            d.u.i.k.p.i.AbstractProblemLoader Environment load took 252.81ns 
844782     INFO  main            d.u.i.k.p.i.AbstractProblemLoader Creating init config 
848288     DEBUG main            d.u.i.k.p.i.AbstractProblemLoader Init config took 3.51s 
848343     INFO  main            d.u.i.k.p.i.AbstractProblemLoader Replaying proof Counter[Counter::increase()].JML normal_behavior operation contract.0 
848351     DEBUG main            d.u.i.k.p.i.IntermediateProofReplayer Proof replay took 4ns 
850195     INFO  main            d.u.i.k.p.r.p.TestFile    ... finished proof: closed. 
850982     INFO  main            d.u.i.k.p.i.AbstractProblemLoader Loading environment from /home/runner/work/key/key/key.core/../key.ui/examples/heap/permissions/lockspec/Counter_increase_contract.key.proof 
850982     DEBUG main            d.u.i.k.p.i.AbstractProblemLoader Environment load took 345.31ns 
850984     INFO  main            d.u.i.k.p.i.AbstractProblemLoader Creating init config 
854474     DEBUG main            d.u.i.k.p.i.AbstractProblemLoader Init config took 3.49s 
854529     INFO  main            d.u.i.k.p.i.AbstractProblemLoader Replaying proof Counter[Counter::increase()].JML normal_behavior operation contract.0 
854741     DEBUG main            d.u.i.k.p.i.IntermediateProofReplayer Proof replay took 195.06ms 
854744     DEBUG main            d.u.i.k.p.r.p.TestFile    ... success: reloaded. 
854745     INFO  main            d.u.i.k.p.r.p.TestFile    Now processing file /home/runner/work/key/key/key.core/../key.ui/examples/heap/permissions/lockspec/Counter_fp_accessible.key 
854745     INFO  main            d.u.i.k.p.i.AbstractProblemLoader Loading environment from /home/runner/work/key/key/key.core/../key.ui/examples/heap/permissions/lockspec/Counter_fp_accessible.key 
854745     DEBUG main            d.u.i.k.p.i.AbstractProblemLoader Environment load took 175.01ns 
854746     INFO  main            d.u.i.k.p.i.AbstractProblemLoader Creating init config 
858197     DEBUG main            d.u.i.k.p.i.AbstractProblemLoader Init config took 3.45s 
858275     INFO  main            d.u.i.k.p.i.AbstractProblemLoader Replaying proof Counter[LockSpec::fp()].JML accessible clause.0 
858277     DEBUG main            d.u.i.k.p.i.IntermediateProofReplayer Proof replay took 4.2ns 
858378     INFO  main            d.u.i.k.p.r.p.TestFile    ... finished proof: closed. 
859118     INFO  main            d.u.i.k.p.i.AbstractProblemLoader Loading environment from /home/runner/work/key/key/key.core/../key.ui/examples/heap/permissions/lockspec/Counter_fp_accessible.key.proof 
859118     DEBUG main            d.u.i.k.p.i.AbstractProblemLoader Environment load took 91.3ns 
859119     INFO  main            d.u.i.k.p.i.AbstractProblemLoader Creating init config 
862551     DEBUG main            d.u.i.k.p.i.AbstractProblemLoader Init config took 3.43s 
862609     INFO  main            d.u.i.k.p.i.AbstractProblemLoader Replaying proof Counter[LockSpec::fp()].JML accessible clause.0 
862618     DEBUG main            d.u.i.k.p.i.IntermediateProofReplayer Proof replay took 7.36ms 
862619     DEBUG main            d.u.i.k.p.r.p.TestFile    ... success: reloaded. 
862620     INFO  main            d.u.i.k.p.r.p.TestFile    Now processing file /home/runner/work/key/key/key.core/../key.ui/examples/heap/permissions/lockspec/Counter_fpLock_accessible.key 
862620     INFO  main            d.u.i.k.p.i.AbstractProblemLoader Loading environment from /home/runner/work/key/key/key.core/../key.ui/examples/heap/permissions/lockspec/Counter_fpLock_accessible.key 
862620     DEBUG main            d.u.i.k.p.i.AbstractProblemLoader Environment load took 88.8ns 
862621     INFO  main            d.u.i.k.p.i.AbstractProblemLoader Creating init config 
866139     DEBUG main            d.u.i.k.p.i.AbstractProblemLoader Init config took 3.52s 
866196     INFO  main            d.u.i.k.p.i.AbstractProblemLoader Replaying proof Counter[LockSpec::fpLock()].JML accessible clause.0 
866198     DEBUG main            d.u.i.k.p.i.IntermediateProofReplayer Proof replay took 3.8ns 
866300     INFO  main            d.u.i.k.p.r.p.TestFile    ... finished proof: closed. 
867058     INFO  main            d.u.i.k.p.i.AbstractProblemLoader Loading environment from /home/runner/work/key/key/key.core/../key.ui/examples/heap/permissions/lockspec/Counter_fpLock_accessible.key.proof 
867059     DEBUG main            d.u.i.k.p.i.AbstractProblemLoader Environment load took 82.2ns 
867059     INFO  main            d.u.i.k.p.i.AbstractProblemLoader Creating init config 
870533     DEBUG main            d.u.i.k.p.i.AbstractProblemLoader Init config took 3.47s 
870592     INFO  main            d.u.i.k.p.i.AbstractProblemLoader Replaying proof Counter[LockSpec::fpLock()].JML accessible clause.0 
870601     DEBUG main            d.u.i.k.p.i.IntermediateProofReplayer Proof replay took 7.16ms 
870602     DEBUG main            d.u.i.k.p.r.p.TestFile    ... success: reloaded. 
870602     INFO  main            d.u.i.k.p.r.p.TestFile    Now processing file /home/runner/work/key/key/key.core/../key.ui/examples/heap/permissions/lockspec/Counter_fpPerm_accessible.key 
870603     INFO  main            d.u.i.k.p.i.AbstractProblemLoader Loading environment from /home/runner/work/key/key/key.core/../key.ui/examples/heap/permissions/lockspec/Counter_fpPerm_accessible.key 
870603     DEBUG main            d.u.i.k.p.i.AbstractProblemLoader Environment load took 121.3ns 
870604     INFO  main            d.u.i.k.p.i.AbstractProblemLoader Creating init config 
874072     DEBUG main            d.u.i.k.p.i.AbstractProblemLoader Init config took 3.47s 
874130     INFO  main            d.u.i.k.p.i.AbstractProblemLoader Replaying proof Counter[LockSpec::fpPerm()].JML accessible clause.0 
874132     DEBUG main            d.u.i.k.p.i.IntermediateProofReplayer Proof replay took 3.5ns 
874236     INFO  main            d.u.i.k.p.r.p.TestFile    ... finished proof: closed. 
875005     INFO  main            d.u.i.k.p.i.AbstractProblemLoader Loading environment from /home/runner/work/key/key/key.core/../key.ui/examples/heap/permissions/lockspec/Counter_fpPerm_accessible.key.proof 
875005     DEBUG main            d.u.i.k.p.i.AbstractProblemLoader Environment load took 85.2ns 
875006     INFO  main            d.u.i.k.p.i.AbstractProblemLoader Creating init config 
878543     DEBUG main            d.u.i.k.p.i.AbstractProblemLoader Init config took 3.54s 
878610     INFO  main            d.u.i.k.p.i.AbstractProblemLoader Replaying proof Counter[LockSpec::fpPerm()].JML accessible clause.0 
878632     DEBUG main            d.u.i.k.p.i.IntermediateProofReplayer Proof replay took 19.67ms 
878633     DEBUG main            d.u.i.k.p.r.p.TestFile    ... success: reloaded. 
878634     INFO  main            d.u.i.k.p.r.p.TestFile    Now processing file /home/runner/work/key/key/key.core/../key.ui/examples/heap/permissions/lockspec/Counter_inv_accessible1.key 
878635     INFO  main            d.u.i.k.p.i.AbstractProblemLoader Loading environment from /home/runner/work/key/key/key.core/../key.ui/examples/heap/permissions/lockspec/Counter_inv_accessible1.key 
878635     DEBUG main            d.u.i.k.p.i.AbstractProblemLoader Environment load took 177.21ns 
878636     INFO  main            d.u.i.k.p.i.AbstractProblemLoader Creating init config 
882303     DEBUG main            d.u.i.k.p.i.AbstractProblemLoader Init config took 3.67s 
882360     INFO  main            d.u.i.k.p.i.AbstractProblemLoader Replaying proof Counter[java.lang.Object::<inv>()].JML accessible clause.0 
882362     DEBUG main            d.u.i.k.p.i.IntermediateProofReplayer Proof replay took 3.3ns 
882463     INFO  main            d.u.i.k.p.r.p.TestFile    ... finished proof: closed. 
883214     INFO  main            d.u.i.k.p.i.AbstractProblemLoader Loading environment from /home/runner/work/key/key/key.core/../key.ui/examples/heap/permissions/lockspec/Counter_inv_accessible1.key.proof 
883215     DEBUG main            d.u.i.k.p.i.AbstractProblemLoader Environment load took 91.8ns 
883215     INFO  main            d.u.i.k.p.i.AbstractProblemLoader Creating init config 
886730     DEBUG main            d.u.i.k.p.i.AbstractProblemLoader Init config took 3.51s 
886799     INFO  main            d.u.i.k.p.i.AbstractProblemLoader Replaying proof Counter[java.lang.Object::<inv>()].JML accessible clause.0 
886812     DEBUG main            d.u.i.k.p.i.IntermediateProofReplayer Proof replay took 10.98ms 
886813     DEBUG main            d.u.i.k.p.r.p.TestFile    ... success: reloaded. 
886814     INFO  main            d.u.i.k.p.r.p.TestFile    Now processing file /home/runner/work/key/key/key.core/../key.ui/examples/heap/permissions/lockspec/Counter_inv_accessible2.key 
886815     INFO  main            d.u.i.k.p.i.AbstractProblemLoader Loading environment from /home/runner/work/key/key/key.core/../key.ui/examples/heap/permissions/lockspec/Counter_inv_accessible2.key 
886815     DEBUG main            d.u.i.k.p.i.AbstractProblemLoader Environment load took 172.6ns 
886816     INFO  main            d.u.i.k.p.i.AbstractProblemLoader Creating init config 
890399     DEBUG main            d.u.i.k.p.i.AbstractProblemLoader Init config took 3.58s 
890459     INFO  main            d.u.i.k.p.i.AbstractProblemLoader Replaying proof Counter[java.lang.Object::<inv>()].JML accessible clause.1 
890464     DEBUG main            d.u.i.k.p.i.IntermediateProofReplayer Proof replay took 3.8ns 
890566     INFO  main            d.u.i.k.p.r.p.TestFile    ... finished proof: closed. 
891324     INFO  main            d.u.i.k.p.i.AbstractProblemLoader Loading environment from /home/runner/work/key/key/key.core/../key.ui/examples/heap/permissions/lockspec/Counter_inv_accessible2.key.proof 
891324     DEBUG main            d.u.i.k.p.i.AbstractProblemLoader Environment load took 86.7ns 
891325     INFO  main            d.u.i.k.p.i.AbstractProblemLoader Creating init config 
894937     DEBUG main            d.u.i.k.p.i.AbstractProblemLoader Init config took 3.61s 
895005     INFO  main            d.u.i.k.p.i.AbstractProblemLoader Replaying proof Counter[java.lang.Object::<inv>()].JML accessible clause.1 
895017     DEBUG main            d.u.i.k.p.i.IntermediateProofReplayer Proof replay took 10.47ms 
895018     DEBUG main            d.u.i.k.p.r.p.TestFile    ... success: reloaded. 
895019     INFO  main            d.u.i.k.p.r.p.TestFile    Now processing file /home/runner/work/key/key/key.core/../key.ui/examples/heap/permissions/lockspec/Counter_lockRef_accessible.key 
895020     INFO  main            d.u.i.k.p.i.AbstractProblemLoader Loading environment from /home/runner/work/key/key/key.core/../key.ui/examples/heap/permissions/lockspec/Counter_lockRef_accessible.key 
895020     DEBUG main            d.u.i.k.p.i.AbstractProblemLoader Environment load took 178.81ns 
895021     INFO  main            d.u.i.k.p.i.AbstractProblemLoader Creating init config 
898613     DEBUG main            d.u.i.k.p.i.AbstractProblemLoader Init config took 3.59s 
898694     INFO  main            d.u.i.k.p.i.AbstractProblemLoader Replaying proof Counter[LockSpec::lockRef()].JML accessible clause.0 
898695     DEBUG main            d.u.i.k.p.i.IntermediateProofReplayer Proof replay took 4ns 
898897     INFO  main            d.u.i.k.p.r.p.TestFile    ... finished proof: closed. 
899660     INFO  main            d.u.i.k.p.i.AbstractProblemLoader Loading environment from /home/runner/work/key/key/key.core/../key.ui/examples/heap/permissions/lockspec/Counter_lockRef_accessible.key.proof 
899660     DEBUG main            d.u.i.k.p.i.AbstractProblemLoader Environment load took 127ns 
899661     INFO  main            d.u.i.k.p.i.AbstractProblemLoader Creating init config 
903230     DEBUG main            d.u.i.k.p.i.AbstractProblemLoader Init config took 3.57s 
903311     INFO  main            d.u.i.k.p.i.AbstractProblemLoader Replaying proof Counter[LockSpec::lockRef()].JML accessible clause.0 
903347     DEBUG main            d.u.i.k.p.i.IntermediateProofReplayer Proof replay took 32.97ms 
903348     DEBUG main            d.u.i.k.p.r.p.TestFile    ... success: reloaded. 
903349     INFO  main            d.u.i.k.p.r.p.TestFile    Now processing file /home/runner/work/key/key/key.core/../key.ui/examples/heap/permissions/lockspec/Counter_lockRef_contract1.key 
903351     INFO  main            d.u.i.k.p.i.AbstractProblemLoader Loading environment from /home/runner/work/key/key/key.core/../key.ui/examples/heap/permissions/lockspec/Counter_lockRef_contract1.key 
903351     DEBUG main            d.u.i.k.p.i.AbstractProblemLoader Environment load took 207.61ns 
903352     INFO  main            d.u.i.k.p.i.AbstractProblemLoader Creating init config 
906950     DEBUG main            d.u.i.k.p.i.AbstractProblemLoader Init config took 3.6s 
907007     INFO  main            d.u.i.k.p.i.AbstractProblemLoader Replaying proof Counter[LockSpec::lockRef()].JML model_behavior operation contract.0 
907009     DEBUG main            d.u.i.k.p.i.IntermediateProofReplayer Proof replay took 3ns 
907110     INFO  main            d.u.i.k.p.r.p.TestFile    ... finished proof: closed. 
907911     INFO  main            d.u.i.k.p.i.AbstractProblemLoader Loading environment from /home/runner/work/key/key/key.core/../key.ui/examples/heap/permissions/lockspec/Counter_lockRef_contract1.key.proof 
907911     DEBUG main            d.u.i.k.p.i.AbstractProblemLoader Environment load took 84.8ns 
907912     INFO  main            d.u.i.k.p.i.AbstractProblemLoader Creating init config 
911507     DEBUG main            d.u.i.k.p.i.AbstractProblemLoader Init config took 3.6s 
911591     INFO  main            d.u.i.k.p.i.AbstractProblemLoader Replaying proof Counter[LockSpec::lockRef()].JML model_behavior operation contract.0 
911597     DEBUG main            d.u.i.k.p.i.IntermediateProofReplayer Proof replay took 4.33ms 
911598     DEBUG main            d.u.i.k.p.r.p.TestFile    ... success: reloaded. 
911599     INFO  main            d.u.i.k.p.r.p.TestFile    Now processing file /home/runner/work/key/key/key.core/../key.ui/examples/heap/permissions/lockspec/Counter_lockRef_contract2.key 
911599     INFO  main            d.u.i.k.p.i.AbstractProblemLoader Loading environment from /home/runner/work/key/key/key.core/../key.ui/examples/heap/permissions/lockspec/Counter_lockRef_contract2.key 
911599     DEBUG main            d.u.i.k.p.i.AbstractProblemLoader Environment load took 176.81ns 
911600     INFO  main            d.u.i.k.p.i.AbstractProblemLoader Creating init config 
915307     DEBUG main            d.u.i.k.p.i.AbstractProblemLoader Init config took 3.71s 
915366     INFO  main            d.u.i.k.p.i.AbstractProblemLoader Replaying proof Counter[Counter::lockRef()].JML model_behavior operation contract.0 
915367     DEBUG main            d.u.i.k.p.i.IntermediateProofReplayer Proof replay took 3.6ns 
915470     INFO  main            d.u.i.k.p.r.p.TestFile    ... finished proof: closed. 
916280     INFO  main            d.u.i.k.p.i.AbstractProblemLoader Loading environment from /home/runner/work/key/key/key.core/../key.ui/examples/heap/permissions/lockspec/Counter_lockRef_contract2.key.proof 
916280     DEBUG main            d.u.i.k.p.i.AbstractProblemLoader Environment load took 93.5ns 
916281     INFO  main            d.u.i.k.p.i.AbstractProblemLoader Creating init config 
919804     DEBUG main            d.u.i.k.p.i.AbstractProblemLoader Init config took 3.52s 
919872     INFO  main            d.u.i.k.p.i.AbstractProblemLoader Replaying proof Counter[Counter::lockRef()].JML model_behavior operation contract.0 
919878     DEBUG main            d.u.i.k.p.i.IntermediateProofReplayer Proof replay took 4.4ms 
919879     DEBUG main            d.u.i.k.p.r.p.TestFile    ... success: reloaded. 
919880     INFO  main            d.u.i.k.p.r.p.TestFile    Now processing file /home/runner/work/key/key/key.core/../key.ui/examples/heap/permissions/lockspec/Counter_lockState_accessible.key 
919880     INFO  main            d.u.i.k.p.i.AbstractProblemLoader Loading environment from /home/runner/work/key/key/key.core/../key.ui/examples/heap/permissions/lockspec/Counter_lockState_accessible.key 
919881     DEBUG main            d.u.i.k.p.i.AbstractProblemLoader Environment load took 184.91ns 
919881     INFO  main            d.u.i.k.p.i.AbstractProblemLoader Creating init config 
923526     DEBUG main            d.u.i.k.p.i.AbstractProblemLoader Init config took 3.64s 
923584     INFO  main            d.u.i.k.p.i.AbstractProblemLoader Replaying proof Counter[LockSpec::lockState(boolean)].JML accessible clause.0 
923586     DEBUG main            d.u.i.k.p.i.IntermediateProofReplayer Proof replay took 3.1ns 
923890     INFO  main            d.u.i.k.p.r.p.TestFile    ... finished proof: closed. 
924690     INFO  main            d.u.i.k.p.i.AbstractProblemLoader Loading environment from /home/runner/work/key/key/key.core/../key.ui/examples/heap/permissions/lockspec/Counter_lockState_accessible.key.proof 
924690     DEBUG main            d.u.i.k.p.i.AbstractProblemLoader Environment load took 86.2ns 
924691     INFO  main            d.u.i.k.p.i.AbstractProblemLoader Creating init config 
928306     DEBUG main            d.u.i.k.p.i.AbstractProblemLoader Init config took 3.61s 
928372     INFO  main            d.u.i.k.p.i.AbstractProblemLoader Replaying proof Counter[LockSpec::lockState(boolean)].JML accessible clause.0 
928427     DEBUG main            d.u.i.k.p.i.IntermediateProofReplayer Proof replay took 51.35ms 
928428     DEBUG main            d.u.i.k.p.r.p.TestFile    ... success: reloaded. 
928429     INFO  main            d.u.i.k.p.r.p.TestFile    Now processing file /home/runner/work/key/key/key.core/../key.ui/examples/heap/permissions/lockspec/Counter_lockStatus_accessible.key 
928432     INFO  main            d.u.i.k.p.i.AbstractProblemLoader Loading environment from /home/runner/work/key/key/key.core/../key.ui/examples/heap/permissions/lockspec/Counter_lockStatus_accessible.key 
928432     DEBUG main            d.u.i.k.p.i.AbstractProblemLoader Environment load took 199.91ns 
928433     INFO  main            d.u.i.k.p.i.AbstractProblemLoader Creating init config 
932057     DEBUG main            d.u.i.k.p.i.AbstractProblemLoader Init config took 3.62s 
932115     INFO  main            d.u.i.k.p.i.AbstractProblemLoader Replaying proof Counter[LockSpec::lockStatus(boolean)].JML accessible clause.0 
932117     DEBUG main            d.u.i.k.p.i.IntermediateProofReplayer Proof replay took 4.1ns 
932218     INFO  main            d.u.i.k.p.r.p.TestFile    ... finished proof: closed. 
933028     INFO  main            d.u.i.k.p.i.AbstractProblemLoader Loading environment from /home/runner/work/key/key/key.core/../key.ui/examples/heap/permissions/lockspec/Counter_lockStatus_accessible.key.proof 
933028     DEBUG main            d.u.i.k.p.i.AbstractProblemLoader Environment load took 86.9ns 
933029     INFO  main            d.u.i.k.p.i.AbstractProblemLoader Creating init config 
936660     DEBUG main            d.u.i.k.p.i.AbstractProblemLoader Init config took 3.63s 
936728     INFO  main            d.u.i.k.p.i.AbstractProblemLoader Replaying proof Counter[LockSpec::lockStatus(boolean)].JML accessible clause.0 
936750     DEBUG main            d.u.i.k.p.i.IntermediateProofReplayer Proof replay took 20.6ms 
936751     DEBUG main            d.u.i.k.p.r.p.TestFile    ... success: reloaded. 
936752     INFO  main            d.u.i.k.p.r.p.TestFile    Now processing file /home/runner/work/key/key/key.core/../key.ui/examples/heap/permissions/lockspec/Counter_lockTransfer_accessible.key 
936752     INFO  main            d.u.i.k.p.i.AbstractProblemLoader Loading environment from /home/runner/work/key/key/key.core/../key.ui/examples/heap/permissions/lockspec/Counter_lockTransfer_accessible.key 
936753     DEBUG main            d.u.i.k.p.i.AbstractProblemLoader Environment load took 88.7ns 
936753     INFO  main            d.u.i.k.p.i.AbstractProblemLoader Creating init config 
940369     DEBUG main            d.u.i.k.p.i.AbstractProblemLoader Init config took 3.62s 
940427     INFO  main            d.u.i.k.p.i.AbstractProblemLoader Replaying proof Counter[LockSpec::lockTransfer()].JML accessible clause.0 
940429     DEBUG main            d.u.i.k.p.i.IntermediateProofReplayer Proof replay took 4ns 
940832     INFO  main            d.u.i.k.p.r.p.TestFile    ... finished proof: closed. 
941655     INFO  main            d.u.i.k.p.i.AbstractProblemLoader Loading environment from /home/runner/work/key/key/key.core/../key.ui/examples/heap/permissions/lockspec/Counter_lockTransfer_accessible.key.proof 
941655     DEBUG main            d.u.i.k.p.i.AbstractProblemLoader Environment load took 94.2ns 
941656     INFO  main            d.u.i.k.p.i.AbstractProblemLoader Creating init config 
945218     DEBUG main            d.u.i.k.p.i.AbstractProblemLoader Init config took 3.56s 
945283     INFO  main            d.u.i.k.p.i.AbstractProblemLoader Replaying proof Counter[LockSpec::lockTransfer()].JML accessible clause.0 
945445     DEBUG main            d.u.i.k.p.i.IntermediateProofReplayer Proof replay took 157.79ms 
945448     DEBUG main            d.u.i.k.p.r.p.TestFile    ... success: reloaded. 
945449     INFO  main            d.u.i.k.p.r.p.TestFile    Now processing file /home/runner/work/key/key/key.core/../key.ui/examples/heap/permissions/lockspec/Counter_unlockTransfer_accessible.key 
945450     INFO  main            d.u.i.k.p.i.AbstractProblemLoader Loading environment from /home/runner/work/key/key/key.core/../key.ui/examples/heap/permissions/lockspec/Counter_unlockTransfer_accessible.key 
945450     DEBUG main            d.u.i.k.p.i.AbstractProblemLoader Environment load took 193.71ns 
945451     INFO  main            d.u.i.k.p.i.AbstractProblemLoader Creating init config 
949038     DEBUG main            d.u.i.k.p.i.AbstractProblemLoader Init config took 3.59s 
949120     INFO  main            d.u.i.k.p.i.AbstractProblemLoader Replaying proof Counter[LockSpec::unlockTransfer()].JML accessible clause.0 
949121     DEBUG main            d.u.i.k.p.i.IntermediateProofReplayer Proof replay took 3.5ns 
949526     INFO  main            d.u.i.k.p.r.p.TestFile    ... finished proof: closed. 
950377     INFO  main            d.u.i.k.p.i.AbstractProblemLoader Loading environment from /home/runner/work/key/key/key.core/../key.ui/examples/heap/permissions/lockspec/Counter_unlockTransfer_accessible.key.proof 
950378     DEBUG main            d.u.i.k.p.i.AbstractProblemLoader Environment load took 148.71ns 
950379     INFO  main            d.u.i.k.p.i.AbstractProblemLoader Creating init config 
953918     DEBUG main            d.u.i.k.p.i.AbstractProblemLoader Init config took 3.54s 
953984     INFO  main            d.u.i.k.p.i.AbstractProblemLoader Replaying proof Counter[LockSpec::unlockTransfer()].JML accessible clause.0 
954070     DEBUG main            d.u.i.k.p.i.IntermediateProofReplayer Proof replay took 81.73ms 
954071     DEBUG main            d.u.i.k.p.r.p.TestFile    ... success: reloaded. 
954072     INFO  main            d.u.i.k.p.r.p.TestFile    Now processing file /home/runner/work/key/key/key.core/../key.ui/examples/heap/permissions/threads/Plotter_startTransfer_contract.proof 
954072     INFO  main            d.u.i.k.p.i.AbstractProblemLoader Loading environment from /home/runner/work/key/key/key.core/../key.ui/examples/heap/permissions/threads/Plotter_startTransfer_contract.proof 
954073     DEBUG main            d.u.i.k.p.i.AbstractProblemLoader Environment load took 171.31ns 
954074     INFO  main            d.u.i.k.p.i.AbstractProblemLoader Creating init config 
959458     DEBUG main            d.u.i.k.p.i.AbstractProblemLoader Init config took 5.38s 
959607     INFO  main            d.u.i.k.p.i.AbstractProblemLoader Replaying proof Plotter[ThreadSpec2::startTransfer()].JML model_behavior operation contract.0 
959859     DEBUG main            d.u.i.k.p.i.IntermediateProofReplayer Proof replay took 233.64ms 
959868     INFO  main            d.u.i.k.p.r.p.TestFile    ... success: loaded 
959869     INFO  main            d.u.i.k.p.r.p.TestFile    Now processing file /home/runner/work/key/key/key.core/../key.ui/examples/heap/permissions/threads/Plotter_startTransfer_accessible.proof 
959870     INFO  main            d.u.i.k.p.i.AbstractProblemLoader Loading environment from /home/runner/work/key/key/key.core/../key.ui/examples/heap/permissions/threads/Plotter_startTransfer_accessible.proof 
959870     DEBUG main            d.u.i.k.p.i.AbstractProblemLoader Environment load took 173.71ns 
959871     INFO  main            d.u.i.k.p.i.AbstractProblemLoader Creating init config 
965354     DEBUG main            d.u.i.k.p.i.AbstractProblemLoader Init config took 5.48s 
965464     INFO  main            d.u.i.k.p.i.AbstractProblemLoader Replaying proof Plotter[ThreadSpec2::startTransfer()].JML accessible clause.0 
965540     DEBUG main            d.u.i.k.p.i.IntermediateProofReplayer Proof replay took 71ms 
965540     INFO  main            d.u.i.k.p.r.p.TestFile    ... success: loaded 
965541     INFO  main            d.u.i.k.p.r.p.TestFile    Now processing file /home/runner/work/key/key/key.core/../key.ui/examples/heap/permissions/threads/Plotter_joinTransfer_accessible.proof 
965542     INFO  main            d.u.i.k.p.i.AbstractProblemLoader Loading environment from /home/runner/work/key/key/key.core/../key.ui/examples/heap/permissions/threads/Plotter_joinTransfer_accessible.proof 
965542     DEBUG main            d.u.i.k.p.i.AbstractProblemLoader Environment load took 165.41ns 
965543     INFO  main            d.u.i.k.p.i.AbstractProblemLoader Creating init config 
971038     DEBUG main            d.u.i.k.p.i.AbstractProblemLoader Init config took 5.49s 
971151     INFO  main            d.u.i.k.p.i.AbstractProblemLoader Replaying proof Plotter[ThreadSpec2::joinTransfer()].JML accessible clause.0 
971158     WARN  main            d.u.i.k.p.i.IntermediateProofReplayer Proof contains wrong number of \assumes instatiations for Definition_axiom_for_stateInv_in_Plotter 
971160     WARN  main            d.u.i.k.p.i.IntermediateProofReplayer Proof contains wrong number of \assumes instatiations for Definition_axiom_for_stateInv_in_Plotter 
971163     WARN  main            d.u.i.k.p.i.IntermediateProofReplayer Proof contains wrong number of \assumes instatiations for Definition_axiom_for_workingPermissions_in_Plotter 
971164     WARN  main            d.u.i.k.p.i.IntermediateProofReplayer Proof contains wrong number of \assumes instatiations for Definition_axiom_for_staticPermissions_in_Plotter 
971164     WARN  main            d.u.i.k.p.i.IntermediateProofReplayer Proof contains wrong number of \assumes instatiations for Definition_axiom_for_joinTransfer_in_Plotter 
971165     WARN  main            d.u.i.k.p.i.IntermediateProofReplayer Proof contains wrong number of \assumes instatiations for Definition_axiom_for_stateInv_in_BFilter 
971167     WARN  main            d.u.i.k.p.i.IntermediateProofReplayer Proof contains wrong number of \assumes instatiations for Definition_axiom_for_stateInv_in_AFilter 
971169     WARN  main            d.u.i.k.p.i.IntermediateProofReplayer Proof contains wrong number of \assumes instatiations for Definition_axiom_for_stateInv_in_BFilter 
971171     WARN  main            d.u.i.k.p.i.IntermediateProofReplayer Proof contains wrong number of \assumes instatiations for Definition_axiom_for_stateInv_in_AFilter 
971172     WARN  main            d.u.i.k.p.i.IntermediateProofReplayer Proof contains wrong number of \assumes instatiations for Definition_axiom_for_staticPermissions_in_AFilter 
971173     WARN  main            d.u.i.k.p.i.IntermediateProofReplayer Proof contains wrong number of \assumes instatiations for Definition_axiom_for_staticPermissions_in_Plotter 
971173     WARN  main            d.u.i.k.p.i.IntermediateProofReplayer Proof contains wrong number of \assumes instatiations for Definition_axiom_for_staticPermissions_in_BFilter 
971174     WARN  main            d.u.i.k.p.i.IntermediateProofReplayer Proof contains wrong number of \assumes instatiations for Definition_axiom_for_workingPermissions_in_Plotter 
971175     WARN  main            d.u.i.k.p.i.IntermediateProofReplayer Proof contains wrong number of \assumes instatiations for Definition_axiom_for_stateInv_in_Sampler 
971176     WARN  main            d.u.i.k.p.i.IntermediateProofReplayer Proof contains wrong number of \assumes instatiations for Definition_axiom_for_stateInv_in_Sampler 
971180     WARN  main            d.u.i.k.p.i.IntermediateProofReplayer Proof contains wrong number of \assumes instatiations for Definition_axiom_for_staticPermissions_in_Sampler 
971181     WARN  main            d.u.i.k.p.i.IntermediateProofReplayer Proof contains wrong number of \assumes instatiations for Definition_axiom_for_staticPermissions_in_BFilter 
971182     WARN  main            d.u.i.k.p.i.IntermediateProofReplayer Proof contains wrong number of \assumes instatiations for Definition_axiom_for_staticPermissions_in_AFilter 
971182     WARN  main            d.u.i.k.p.i.IntermediateProofReplayer Proof contains wrong number of \assumes instatiations for Definition_axiom_for_staticPermissions_in_Sampler 
971183     WARN  main            d.u.i.k.p.i.IntermediateProofReplayer Proof contains wrong number of \assumes instatiations for Definition_axiom_for_staticPermissions_in_Sampler 
971184     WARN  main            d.u.i.k.p.i.IntermediateProofReplayer Proof contains wrong number of \assumes instatiations for Definition_axiom_for_staticPermissions_in_Sampler 
971184     WARN  main            d.u.i.k.p.i.IntermediateProofReplayer Proof contains wrong number of \assumes instatiations for Definition_axiom_for_joinTransfer_in_Plotter 
971241     DEBUG main            d.u.i.k.p.i.IntermediateProofReplayer Proof replay took 86.08ms 
971242     INFO  main            d.u.i.k.p.r.p.TestFile    ... success: loaded 
5823780    INFO  Test worker     d.u.i.k.p.r.RunAllProofsTestUnit Returning from test permissionHeap 
5823782    INFO  Test worker     d.u.i.k.p.r.RunAllProofsTestUnit Running test completionScopes 
392        INFO  Timeout watchdog d.u.i.k.p.r.p.ForkedTestFileRunner Timeout watcher launched (2000 secs.) 
408        WARN  main            d.u.i.k.s.ProofSettings   The settings in /home/runner/.key/proof-settings.props are *not* read. 
465        INFO  main            d.u.i.k.p.r.p.TestFile    Now processing file /home/runner/work/key/key/key.core/../key.ui/examples/completionscopes/testCcatchReturnVal.key 
606        INFO  main            d.u.i.k.p.i.AbstractProblemLoader Loading environment from /home/runner/work/key/key/key.core/../key.ui/examples/completionscopes/testCcatchReturnVal.key 
627        DEBUG main            d.u.i.k.p.i.AbstractProblemLoader Environment load took 2.43ms 
910        INFO  main            d.u.i.k.p.i.AbstractProblemLoader Creating init config 
1929       DEBUG main            d.u.i.k.j.TypeConverter   No LDT found for Meta 
1930       DEBUG main            d.u.i.k.j.TypeConverter   No LDT found for Meta 
1931       DEBUG main            d.u.i.k.j.TypeConverter   No LDT found for Meta 
1931       DEBUG main            d.u.i.k.j.TypeConverter   No LDT found for Meta 
3414       DEBUG main            d.u.i.k.j.TypeConverter   No LDT found for JavaBigintExpression 
9037       DEBUG main            d.u.i.k.p.i.AbstractProblemLoader Init config took 8.13s 
9259       INFO  main            d.u.i.k.p.i.AbstractProblemLoader Replaying proof CompletionScopes[CompletionScopes::testCcatchReturnVal()].JML normal_behavior operation contract.0 
9311       DEBUG main            d.u.i.k.p.i.IntermediateProofReplayer Proof replay took 37.6ns 
9957       INFO  main            d.u.i.k.p.r.p.TestFile    ... finished proof: closed. 
10082      INFO  main            d.u.i.k.p.i.AbstractProblemLoader Loading environment from /home/runner/work/key/key/key.core/../key.ui/examples/completionscopes/testCcatchReturnVal.key.proof 
10083      DEBUG main            d.u.i.k.p.i.AbstractProblemLoader Environment load took 421.01ns 
10085      INFO  main            d.u.i.k.p.i.AbstractProblemLoader Creating init config 
13458      DEBUG main            d.u.i.k.p.i.AbstractProblemLoader Init config took 3.37s 
13559      INFO  main            d.u.i.k.p.i.AbstractProblemLoader Replaying proof CompletionScopes[CompletionScopes::testCcatchReturnVal()].JML normal_behavior operation contract.0 
13595      DEBUG main            d.u.i.k.p.i.IntermediateProofReplayer Proof replay took 29.97ms 
13602      DEBUG main            d.u.i.k.p.r.p.TestFile    ... success: reloaded. 
13604      INFO  main            d.u.i.k.p.r.p.TestFile    Now processing file /home/runner/work/key/key/key.core/../key.ui/examples/completionscopes/testMultCcatchClauses.key 
13605      INFO  main            d.u.i.k.p.i.AbstractProblemLoader Loading environment from /home/runner/work/key/key/key.core/../key.ui/examples/completionscopes/testMultCcatchClauses.key 
13605      DEBUG main            d.u.i.k.p.i.AbstractProblemLoader Environment load took 234.01ns 
13607      INFO  main            d.u.i.k.p.i.AbstractProblemLoader Creating init config 
16651      DEBUG main            d.u.i.k.p.i.AbstractProblemLoader Init config took 3.04s 
16720      INFO  main            d.u.i.k.p.i.AbstractProblemLoader Replaying proof CompletionScopes[CompletionScopes::testMultCcatchClauses()].JML normal_behavior operation contract.0 
16725      DEBUG main            d.u.i.k.p.i.IntermediateProofReplayer Proof replay took 7.9ns 
17334      INFO  main            d.u.i.k.p.r.p.TestFile    ... finished proof: closed. 
17515      INFO  main            d.u.i.k.p.i.AbstractProblemLoader Loading environment from /home/runner/work/key/key/key.core/../key.ui/examples/completionscopes/testMultCcatchClauses.key.proof 
17516      DEBUG main            d.u.i.k.p.i.AbstractProblemLoader Environment load took 802.12ns 
17522      INFO  main            d.u.i.k.p.i.AbstractProblemLoader Creating init config 
20720      DEBUG main            d.u.i.k.p.i.AbstractProblemLoader Init config took 3.2s 
20810      INFO  main            d.u.i.k.p.i.AbstractProblemLoader Replaying proof CompletionScopes[CompletionScopes::testMultCcatchClauses()].JML normal_behavior operation contract.0 
20960      DEBUG main            d.u.i.k.p.i.IntermediateProofReplayer Proof replay took 141.24ms 
20963      DEBUG main            d.u.i.k.p.r.p.TestFile    ... success: reloaded. 
20966      INFO  main            d.u.i.k.p.r.p.TestFile    Now processing file /home/runner/work/key/key/key.core/../key.ui/examples/completionscopes/testNestedExec.key 
20966      INFO  main            d.u.i.k.p.i.AbstractProblemLoader Loading environment from /home/runner/work/key/key/key.core/../key.ui/examples/completionscopes/testNestedExec.key 
20966      DEBUG main            d.u.i.k.p.i.AbstractProblemLoader Environment load took 234.01ns 
20970      INFO  main            d.u.i.k.p.i.AbstractProblemLoader Creating init config 
24139      DEBUG main            d.u.i.k.p.i.AbstractProblemLoader Init config took 3.17s 
24204      INFO  main            d.u.i.k.p.i.AbstractProblemLoader Replaying proof CompletionScopes[CompletionScopes::testMultCcatchClauses()].JML normal_behavior operation contract.0 
24207      DEBUG main            d.u.i.k.p.i.IntermediateProofReplayer Proof replay took 6.9ns 
24511      INFO  main            d.u.i.k.p.r.p.TestFile    ... finished proof: closed. 
24703      INFO  main            d.u.i.k.p.i.AbstractProblemLoader Loading environment from /home/runner/work/key/key/key.core/../key.ui/examples/completionscopes/testNestedExec.key.proof 
24704      DEBUG main            d.u.i.k.p.i.AbstractProblemLoader Environment load took 142.81ns 
24705      INFO  main            d.u.i.k.p.i.AbstractProblemLoader Creating init config 
27610      DEBUG main            d.u.i.k.p.i.AbstractProblemLoader Init config took 2.91s 
27683      INFO  main            d.u.i.k.p.i.AbstractProblemLoader Replaying proof CompletionScopes[CompletionScopes::testMultCcatchClauses()].JML normal_behavior operation contract.0 
27754      DEBUG main            d.u.i.k.p.i.IntermediateProofReplayer Proof replay took 67.33ms 
27755      DEBUG main            d.u.i.k.p.r.p.TestFile    ... success: reloaded. 
27756      INFO  main            d.u.i.k.p.r.p.TestFile    Now processing file /home/runner/work/key/key/key.core/../key.ui/examples/completionscopes/testCcatchBreakLabel.key 
27757      INFO  main            d.u.i.k.p.i.AbstractProblemLoader Loading environment from /home/runner/work/key/key/key.core/../key.ui/examples/completionscopes/testCcatchBreakLabel.key 
27757      DEBUG main            d.u.i.k.p.i.AbstractProblemLoader Environment load took 203.51ns 
27758      INFO  main            d.u.i.k.p.i.AbstractProblemLoader Creating init config 
30785      DEBUG main            d.u.i.k.p.i.AbstractProblemLoader Init config took 3.03s 
30843      INFO  main            d.u.i.k.p.i.AbstractProblemLoader Replaying proof CompletionScopes[CompletionScopes::testBreakLabel()].JML normal_behavior operation contract.0 
30846      DEBUG main            d.u.i.k.p.i.IntermediateProofReplayer Proof replay took 7.4ns 
30870      DEBUG Thread-10       d.u.i.k.l.o.ProgramSV     Match failed: Former match of  SchemaVariable incompatible with  the current match. 
30952      INFO  main            d.u.i.k.p.r.p.TestFile    ... finished proof: closed. 
31130      INFO  main            d.u.i.k.p.i.AbstractProblemLoader Loading environment from /home/runner/work/key/key/key.core/../key.ui/examples/completionscopes/testCcatchBreakLabel.key.proof 
31130      DEBUG main            d.u.i.k.p.i.AbstractProblemLoader Environment load took 145.1ns 
31131      INFO  main            d.u.i.k.p.i.AbstractProblemLoader Creating init config 
34037      DEBUG main            d.u.i.k.p.i.AbstractProblemLoader Init config took 2.91s 
34101      INFO  main            d.u.i.k.p.i.AbstractProblemLoader Replaying proof CompletionScopes[CompletionScopes::testBreakLabel()].JML normal_behavior operation contract.0 
34112      DEBUG main            d.u.i.k.p.i.IntermediateProofReplayer Proof replay took 8.66ms 
34114      DEBUG main            d.u.i.k.p.r.p.TestFile    ... success: reloaded. 
34115      INFO  main            d.u.i.k.p.r.p.TestFile    Now processing file /home/runner/work/key/key/key.core/../key.ui/examples/completionscopes/testCcatchContinueLabel.key 
34115      INFO  main            d.u.i.k.p.i.AbstractProblemLoader Loading environment from /home/runner/work/key/key/key.core/../key.ui/examples/completionscopes/testCcatchContinueLabel.key 
34116      DEBUG main            d.u.i.k.p.i.AbstractProblemLoader Environment load took 199.11ns 
34117      INFO  main            d.u.i.k.p.i.AbstractProblemLoader Creating init config 
36982      DEBUG main            d.u.i.k.p.i.AbstractProblemLoader Init config took 2.87s 
37031      INFO  main            d.u.i.k.p.i.AbstractProblemLoader Replaying proof CompletionScopes[CompletionScopes::testContinueLabel()].JML normal_behavior operation contract.0 
37033      DEBUG main            d.u.i.k.p.i.IntermediateProofReplayer Proof replay took 7.2ns 
37054      DEBUG Thread-13       d.u.i.k.l.o.ProgramSV     Match failed: Former match of  SchemaVariable incompatible with  the current match. 
37136      INFO  main            d.u.i.k.p.r.p.TestFile    ... finished proof: closed. 
37324      INFO  main            d.u.i.k.p.i.AbstractProblemLoader Loading environment from /home/runner/work/key/key/key.core/../key.ui/examples/completionscopes/testCcatchContinueLabel.key.proof 
37324      DEBUG main            d.u.i.k.p.i.AbstractProblemLoader Environment load took 173ns 
37325      INFO  main            d.u.i.k.p.i.AbstractProblemLoader Creating init config 
40270      DEBUG main            d.u.i.k.p.i.AbstractProblemLoader Init config took 2.95s 
40323      INFO  main            d.u.i.k.p.i.AbstractProblemLoader Replaying proof CompletionScopes[CompletionScopes::testContinueLabel()].JML normal_behavior operation contract.0 
40333      DEBUG main            d.u.i.k.p.i.IntermediateProofReplayer Proof replay took 7.75ms 
40334      DEBUG main            d.u.i.k.p.r.p.TestFile    ... success: reloaded. 
40335      INFO  main            d.u.i.k.p.r.p.TestFile    Now processing file /home/runner/work/key/key/key.core/../key.ui/examples/completionscopes/testCcatchBreakLabelWildcard.key 
40336      INFO  main            d.u.i.k.p.i.AbstractProblemLoader Loading environment from /home/runner/work/key/key/key.core/../key.ui/examples/completionscopes/testCcatchBreakLabelWildcard.key 
40336      DEBUG main            d.u.i.k.p.i.AbstractProblemLoader Environment load took 210.01ns 
40337      INFO  main            d.u.i.k.p.i.AbstractProblemLoader Creating init config 
43234      DEBUG main            d.u.i.k.p.i.AbstractProblemLoader Init config took 2.9s 
43288      INFO  main            d.u.i.k.p.i.AbstractProblemLoader Replaying proof CompletionScopes[CompletionScopes::testBreakLabelWildcard()].JML normal_behavior operation contract.0 
43291      DEBUG main            d.u.i.k.p.i.IntermediateProofReplayer Proof replay took 19.9ns 
43315      DEBUG Thread-16       d.u.i.k.l.o.ProgramSV     Match failed: Former match of  SchemaVariable incompatible with  the current match. 
43317      DEBUG Thread-16       d.u.i.k.l.o.ProgramSV     Match failed: Former match of  SchemaVariable incompatible with  the current match. 
43400      INFO  main            d.u.i.k.p.r.p.TestFile    ... finished proof: closed. 
43593      INFO  main            d.u.i.k.p.i.AbstractProblemLoader Loading environment from /home/runner/work/key/key/key.core/../key.ui/examples/completionscopes/testCcatchBreakLabelWildcard.key.proof 
43594      DEBUG main            d.u.i.k.p.i.AbstractProblemLoader Environment load took 137ns 
43595      INFO  main            d.u.i.k.p.i.AbstractProblemLoader Creating init config 
46374      DEBUG main            d.u.i.k.p.i.AbstractProblemLoader Init config took 2.78s 
46433      INFO  main            d.u.i.k.p.i.AbstractProblemLoader Replaying proof CompletionScopes[CompletionScopes::testBreakLabelWildcard()].JML normal_behavior operation contract.0 
46449      DEBUG main            d.u.i.k.p.i.IntermediateProofReplayer Proof replay took 9.85ms 
46450      DEBUG main            d.u.i.k.p.r.p.TestFile    ... success: reloaded. 
46451      INFO  main            d.u.i.k.p.r.p.TestFile    Now processing file /home/runner/work/key/key/key.core/../key.ui/examples/completionscopes/testCcatchContinueLabelWildcard.key 
46451      INFO  main            d.u.i.k.p.i.AbstractProblemLoader Loading environment from /home/runner/work/key/key/key.core/../key.ui/examples/completionscopes/testCcatchContinueLabelWildcard.key 
46452      DEBUG main            d.u.i.k.p.i.AbstractProblemLoader Environment load took 263.01ns 
46453      INFO  main            d.u.i.k.p.i.AbstractProblemLoader Creating init config 
49340      DEBUG main            d.u.i.k.p.i.AbstractProblemLoader Init config took 2.89s 
49387      INFO  main            d.u.i.k.p.i.AbstractProblemLoader Replaying proof CompletionScopes[CompletionScopes::testContinueLabelWildcard()].JML normal_behavior operation contract.0 
49388      DEBUG main            d.u.i.k.p.i.IntermediateProofReplayer Proof replay took 7.1ns 
49409      DEBUG Thread-19       d.u.i.k.l.o.ProgramSV     Match failed: Former match of  SchemaVariable incompatible with  the current match. 
49410      DEBUG Thread-19       d.u.i.k.l.o.ProgramSV     Match failed: Former match of  SchemaVariable incompatible with  the current match. 
49491      INFO  main            d.u.i.k.p.r.p.TestFile    ... finished proof: closed. 
49665      INFO  main            d.u.i.k.p.i.AbstractProblemLoader Loading environment from /home/runner/work/key/key/key.core/../key.ui/examples/completionscopes/testCcatchContinueLabelWildcard.key.proof 
49666      DEBUG main            d.u.i.k.p.i.AbstractProblemLoader Environment load took 156.6ns 
49668      INFO  main            d.u.i.k.p.i.AbstractProblemLoader Creating init config 
52483      DEBUG main            d.u.i.k.p.i.AbstractProblemLoader Init config took 2.82s 
52533      INFO  main            d.u.i.k.p.i.AbstractProblemLoader Replaying proof CompletionScopes[CompletionScopes::testContinueLabelWildcard()].JML normal_behavior operation contract.0 
52543      DEBUG main            d.u.i.k.p.i.IntermediateProofReplayer Proof replay took 7.42ms 
52544      DEBUG main            d.u.i.k.p.r.p.TestFile    ... success: reloaded. 
52545      INFO  main            d.u.i.k.p.r.p.TestFile    Now processing file /home/runner/work/key/key/key.core/../key.ui/examples/completionscopes/testCcatchBreakLabelNonmatchingNested.key 
52546      INFO  main            d.u.i.k.p.i.AbstractProblemLoader Loading environment from /home/runner/work/key/key/key.core/../key.ui/examples/completionscopes/testCcatchBreakLabelNonmatchingNested.key 
52546      DEBUG main            d.u.i.k.p.i.AbstractProblemLoader Environment load took 212.71ns 
52547      INFO  main            d.u.i.k.p.i.AbstractProblemLoader Creating init config 
55390      DEBUG main            d.u.i.k.p.i.AbstractProblemLoader Init config took 2.84s 
55489      INFO  main            d.u.i.k.p.i.AbstractProblemLoader Replaying proof CompletionScopes[CompletionScopes::testBreakLabelNonmatchingNested()].JML normal_behavior operation contract.0 
55492      DEBUG main            d.u.i.k.p.i.IntermediateProofReplayer Proof replay took 7.1ns 
55513      DEBUG Thread-22       d.u.i.k.l.o.ProgramSV     Match failed: Former match of  SchemaVariable incompatible with  the current match. 
55515      DEBUG Thread-22       d.u.i.k.l.o.ProgramSV     Match failed: Former match of  SchemaVariable incompatible with  the current match. 
55595      INFO  main            d.u.i.k.p.r.p.TestFile    ... finished proof: closed. 
55792      INFO  main            d.u.i.k.p.i.AbstractProblemLoader Loading environment from /home/runner/work/key/key/key.core/../key.ui/examples/completionscopes/testCcatchBreakLabelNonmatchingNested.key.proof 
55792      DEBUG main            d.u.i.k.p.i.AbstractProblemLoader Environment load took 141.5ns 
55793      INFO  main            d.u.i.k.p.i.AbstractProblemLoader Creating init config 
58619      DEBUG main            d.u.i.k.p.i.AbstractProblemLoader Init config took 2.83s 
58669      INFO  main            d.u.i.k.p.i.AbstractProblemLoader Replaying proof CompletionScopes[CompletionScopes::testBreakLabelNonmatchingNested()].JML normal_behavior operation contract.0 
58682      DEBUG main            d.u.i.k.p.i.IntermediateProofReplayer Proof replay took 8.44ms 
58683      DEBUG main            d.u.i.k.p.r.p.TestFile    ... success: reloaded. 
5882649    INFO  Test worker     d.u.i.k.p.r.RunAllProofsTestUnit Returning from test completionScopes 
5882651    INFO  Test worker     d.u.i.k.p.r.RunAllProofsTestUnit Running test reload_examples 
415        INFO  Timeout watchdog d.u.i.k.p.r.p.ForkedTestFileRunner Timeout watcher launched (2000 secs.) 
446        WARN  main            d.u.i.k.s.ProofSettings   The settings in /home/runner/.key/proof-settings.props are *not* read. 
498        INFO  main            d.u.i.k.p.r.p.TestFile    Now processing file /home/runner/work/key/key/key.core/../key.ui/examples/firstTouch/05-ReverseArray/reverseArray.key 
686        INFO  main            d.u.i.k.p.i.AbstractProblemLoader Loading environment from /home/runner/work/key/key/key.core/../key.ui/examples/firstTouch/05-ReverseArray/reverseArray.key 
706        DEBUG main            d.u.i.k.p.i.AbstractProblemLoader Environment load took 2.58ms 
964        INFO  main            d.u.i.k.p.i.AbstractProblemLoader Creating init config 
2150       DEBUG main            d.u.i.k.j.TypeConverter   No LDT found for Meta 
2151       DEBUG main            d.u.i.k.j.TypeConverter   No LDT found for Meta 
2154       DEBUG main            d.u.i.k.j.TypeConverter   No LDT found for Meta 
2154       DEBUG main            d.u.i.k.j.TypeConverter   No LDT found for Meta 
3803       DEBUG main            d.u.i.k.j.TypeConverter   No LDT found for JavaBigintExpression 
9611       DEBUG main            d.u.i.k.p.i.AbstractProblemLoader Init config took 8.65s 
9775       INFO  main            d.u.i.k.p.i.AbstractProblemLoader Replaying proof ReverseArray[ReverseArray::reverse()].JML normal_behavior operation contract.0 
9854       DEBUG main            d.u.i.k.p.i.IntermediateProofReplayer Proof replay took 41.8ns 
21602      INFO  main            d.u.i.k.p.r.p.TestFile    ... finished proof: closed. 
21849      INFO  main            d.u.i.k.p.i.AbstractProblemLoader Loading environment from /home/runner/work/key/key/key.core/../key.ui/examples/firstTouch/05-ReverseArray/reverseArray.key.proof 
21850      DEBUG main            d.u.i.k.p.i.AbstractProblemLoader Environment load took 221.91ns 
21853      INFO  main            d.u.i.k.p.i.AbstractProblemLoader Creating init config 
25077      DEBUG main            d.u.i.k.p.i.AbstractProblemLoader Init config took 3.22s 
25127      INFO  main            d.u.i.k.p.i.AbstractProblemLoader Replaying proof ReverseArray[ReverseArray::reverse()].JML normal_behavior operation contract.0 
25693      DEBUG main            d.u.i.k.p.i.IntermediateProofReplayer Proof replay took 511.84ms 
25708      DEBUG main            d.u.i.k.p.r.p.TestFile    ... success: reloaded. 
25713      INFO  main            d.u.i.k.p.r.p.TestFile    Now processing file /home/runner/work/key/key/key.core/../key.ui/examples/standard_key/arith/saveProofTest.key.proof 
25714      INFO  main            d.u.i.k.p.i.AbstractProblemLoader Loading environment from /home/runner/work/key/key/key.core/../key.ui/examples/standard_key/arith/saveProofTest.key.proof 
25714      DEBUG main            d.u.i.k.p.i.AbstractProblemLoader Environment load took 277.51ns 
25718      INFO  main            d.u.i.k.p.i.AbstractProblemLoader Creating init config 
28592      DEBUG main            d.u.i.k.p.i.AbstractProblemLoader Init config took 2.87s 
28635      INFO  main            d.u.i.k.p.i.AbstractProblemLoader Replaying proof saveProofTest.key.proof 
28643      DEBUG main            d.u.i.k.p.i.IntermediateProofReplayer Proof replay took 3.61ms 
28645      INFO  main            d.u.i.k.p.r.p.TestFile    ... success: loaded 
28646      INFO  main            d.u.i.k.p.r.p.TestFile    Now processing file /home/runner/work/key/key/key.core/../key.ui/examples/heap/permutedSum/perm.proof 
28647      INFO  main            d.u.i.k.p.i.AbstractProblemLoader Loading environment from /home/runner/work/key/key/key.core/../key.ui/examples/heap/permutedSum/perm.proof 
28647      DEBUG main            d.u.i.k.p.i.AbstractProblemLoader Environment load took 501.92ns 
28652      INFO  main            d.u.i.k.p.i.AbstractProblemLoader Creating init config 
31748      DEBUG main            d.u.i.k.p.i.AbstractProblemLoader Init config took 3.1s 
31825      INFO  main            d.u.i.k.p.i.AbstractProblemLoader Replaying proof Perm[Perm::foo()].JML normal_behavior operation contract.0 
32740      DEBUG main            d.u.i.k.p.i.IntermediateProofReplayer Proof replay took 866.02ms 
32746      INFO  main            d.u.i.k.p.r.p.TestFile    ... success: loaded 
32747      INFO  main            d.u.i.k.p.r.p.TestFile    Now processing file /home/runner/work/key/key/key.core/../key.ui/examples/firstTouch/05-ReverseArray/reverseArray.proof 
32748      INFO  main            d.u.i.k.p.i.AbstractProblemLoader Loading environment from /home/runner/work/key/key/key.core/../key.ui/examples/firstTouch/05-ReverseArray/reverseArray.proof 
32748      DEBUG main            d.u.i.k.p.i.AbstractProblemLoader Environment load took 233.41ns 
32752      INFO  main            d.u.i.k.p.i.AbstractProblemLoader Creating init config 
35760      DEBUG main            d.u.i.k.p.i.AbstractProblemLoader Init config took 3.01s 
35805      INFO  main            d.u.i.k.p.i.AbstractProblemLoader Replaying proof ReverseArray[ReverseArray::reverse()].JML normal_behavior operation contract.0 
36330      DEBUG main            d.u.i.k.p.i.IntermediateProofReplayer Proof replay took 482.4ms 
36334      INFO  main            d.u.i.k.p.r.p.TestFile    ... success: loaded 
36336      INFO  main            d.u.i.k.p.r.p.TestFile    Now processing file /home/runner/work/key/key/key.core/../key.ui/examples/heap/verifyThis15_1_RelaxedPrefix/relax.proof 
36336      INFO  main            d.u.i.k.p.i.AbstractProblemLoader Loading environment from /home/runner/work/key/key/key.core/../key.ui/examples/heap/verifyThis15_1_RelaxedPrefix/relax.proof 
36336      DEBUG main            d.u.i.k.p.i.AbstractProblemLoader Environment load took 208ns 
36338      INFO  main            d.u.i.k.p.i.AbstractProblemLoader Creating init config 
39241      DEBUG main            d.u.i.k.p.i.AbstractProblemLoader Init config took 2.9s 
39303      INFO  main            d.u.i.k.p.i.AbstractProblemLoader Replaying proof Relaxed[Relaxed::isRelaxedPrefix([I,[I)].JML operation contract.0 
39827      DEBUG main            d.u.i.k.p.i.IntermediateProofReplayer Proof replay took 467.6ms 
39830      INFO  main            d.u.i.k.p.r.p.TestFile    ... success: loaded 
39832      INFO  main            d.u.i.k.p.r.p.TestFile    Now processing file /home/runner/work/key/key/key.core/../key.ui/examples/heap/verifyThis15_3_DLL/doUndo.proof 
39832      INFO  main            d.u.i.k.p.i.AbstractProblemLoader Loading environment from /home/runner/work/key/key/key.core/../key.ui/examples/heap/verifyThis15_3_DLL/doUndo.proof 
39832      DEBUG main            d.u.i.k.p.i.AbstractProblemLoader Environment load took 135.9ns 
39837      INFO  main            d.u.i.k.p.i.AbstractProblemLoader Creating init config 
40968      DEBUG main            d.u.i.k.j.r.ClassPreparationMethodBuilder clPrepBuilder: Inner Class detected. Reject building class initialisation methods. 
43108      DEBUG main            d.u.i.k.p.i.AbstractProblemLoader Init config took 3.27s 
43202      INFO  main            d.u.i.k.p.i.AbstractProblemLoader Replaying proof DoubleLinkedList[DoubleLinkedList::doUndo(DoubleLinkedList.Node,int)].JML normal_behavior operation contract.0 
43703      DEBUG main            d.u.i.k.p.i.IntermediateProofReplayer Proof replay took 466.74ms 
43705      INFO  main            d.u.i.k.p.r.p.TestFile    ... success: loaded 
43707      INFO  main            d.u.i.k.p.r.p.TestFile    Now processing file /home/runner/work/key/key/key.core/../key.ui/examples/heap/verifyThis15_2_ParallelGcd/parallelGcd.proof 
43707      INFO  main            d.u.i.k.p.i.AbstractProblemLoader Loading environment from /home/runner/work/key/key/key.core/../key.ui/examples/heap/verifyThis15_2_ParallelGcd/parallelGcd.proof 
43707      DEBUG main            d.u.i.k.p.i.AbstractProblemLoader Environment load took 216.51ns 
43709      INFO  main            d.u.i.k.p.i.AbstractProblemLoader Creating init config 
46690      DEBUG main            d.u.i.k.p.i.AbstractProblemLoader Init config took 2.98s 
46748      INFO  main            d.u.i.k.p.i.AbstractProblemLoader Replaying proof ParallelGcd[ParallelGcd::parallelGcd(int,int,[Z)].JML behavior operation contract.0 
47346      DEBUG main            d.u.i.k.p.i.IntermediateProofReplayer Proof replay took 580.46ms 
47349      INFO  main            d.u.i.k.p.r.p.TestFile    ... success: loaded 
5930209    INFO  Test worker     d.u.i.k.p.r.RunAllProofsTestUnit Returning from test reload_examples 
5930210    INFO  Test worker     d.u.i.k.p.r.RunAllProofsTestUnit Running test proofLoadRepair 
377        INFO  Timeout watchdog d.u.i.k.p.r.p.ForkedTestFileRunner Timeout watcher launched (2000 secs.) 
398        WARN  main            d.u.i.k.s.ProofSettings   The settings in /home/runner/.key/proof-settings.props are *not* read. 
459        INFO  main            d.u.i.k.p.r.p.TestFile    Now processing file /home/runner/work/key/key/key.core/../key.ui/examples/proofLoadRepair/disjConj-manipulated.proof 
663        INFO  main            d.u.i.k.p.i.AbstractProblemLoader Loading environment from /home/runner/work/key/key/key.core/../key.ui/examples/proofLoadRepair/disjConj-manipulated.proof 
685        DEBUG main            d.u.i.k.p.i.AbstractProblemLoader Environment load took 2.53ms 
1001       INFO  main            d.u.i.k.p.i.AbstractProblemLoader Creating init config 
2171       DEBUG main            d.u.i.k.j.TypeConverter   No LDT found for Meta 
2171       DEBUG main            d.u.i.k.j.TypeConverter   No LDT found for Meta 
2174       DEBUG main            d.u.i.k.j.TypeConverter   No LDT found for Meta 
2175       DEBUG main            d.u.i.k.j.TypeConverter   No LDT found for Meta 
3935       DEBUG main            d.u.i.k.j.TypeConverter   No LDT found for JavaBigintExpression 
9486       DEBUG main            d.u.i.k.p.i.AbstractProblemLoader Init config took 8.49s 
9583       INFO  main            d.u.i.k.p.i.AbstractProblemLoader Replaying proof disjConj-manipulated.proof 
9642       WARN  main            d.u.i.k.p.i.IntermediateProofReplayer Proof contains wrong number of \assumes instatiations for andLeft 
9643       WARN  main            d.u.i.k.p.i.IntermediateProofReplayer Proof contains wrong number of \assumes instatiations for replace_known_right 
9655       WARN  main            d.u.i.k.p.i.IntermediateProofReplayer Proof contains wrong number of \assumes instatiations for close 
9656       DEBUG main            d.u.i.k.p.i.IntermediateProofReplayer Proof replay took 25.3ms 
9663       INFO  main            d.u.i.k.p.r.p.TestFile    ... success: loaded 
9673       INFO  main            d.u.i.k.p.r.p.TestFile    Now processing file /home/runner/work/key/key/key.core/../key.ui/examples/proofLoadRepair/insufficient-manipulated.proof 
9673       INFO  main            d.u.i.k.p.i.AbstractProblemLoader Loading environment from /home/runner/work/key/key/key.core/../key.ui/examples/proofLoadRepair/insufficient-manipulated.proof 
9673       DEBUG main            d.u.i.k.p.i.AbstractProblemLoader Environment load took 242.61ns 
9682       INFO  main            d.u.i.k.p.i.AbstractProblemLoader Creating init config 
12825      DEBUG main            d.u.i.k.p.i.AbstractProblemLoader Init config took 3.14s 
12858      INFO  main            d.u.i.k.p.i.AbstractProblemLoader Replaying proof insufficient-manipulated.proof 
12919      WARN  main            d.u.i.k.p.i.IntermediateProofReplayer Proof contains wrong number of \assumes instatiations for applyEq 
12930      DEBUG main            d.u.i.k.p.i.IntermediateProofReplayer Proof replay took 12.14ms 
12933      INFO  main            d.u.i.k.p.r.p.TestFile    ... success: loading failed 
12934      INFO  main            d.u.i.k.p.r.p.TestFile    Now processing file /home/runner/work/key/key/key.core/../key.ui/examples/../../key.core/src/test/resources/testcase/issues/1716/incorrectPolarity.proof 
12935      INFO  main            d.u.i.k.p.i.AbstractProblemLoader Loading environment from /home/runner/work/key/key/key.core/../key.ui/examples/../../key.core/src/test/resources/testcase/issues/1716/incorrectPolarity.proof 
12935      DEBUG main            d.u.i.k.p.i.AbstractProblemLoader Environment load took 268.81ns 
12937      INFO  main            d.u.i.k.p.i.AbstractProblemLoader Creating init config 
16009      DEBUG main            d.u.i.k.p.i.AbstractProblemLoader Init config took 3.07s 
16040      INFO  main            d.u.i.k.p.i.AbstractProblemLoader Replaying proof incorrectPolarity.proof 
16043      DEBUG main            d.u.i.k.p.i.IntermediateProofReplayer Proof replay took 235.11ns 
16044      INFO  main            d.u.i.k.p.r.p.TestFile    ... success: loading failed 
16045      INFO  main            d.u.i.k.p.r.p.TestFile    Now processing file /home/runner/work/key/key/key.core/../key.ui/examples/../../key.core/src/test/resources/testcase/issues/1716/incorrectPolarity2.proof 
16046      INFO  main            d.u.i.k.p.i.AbstractProblemLoader Loading environment from /home/runner/work/key/key/key.core/../key.ui/examples/../../key.core/src/test/resources/testcase/issues/1716/incorrectPolarity2.proof 
16046      DEBUG main            d.u.i.k.p.i.AbstractProblemLoader Environment load took 228.11ns 
16048      INFO  main            d.u.i.k.p.i.AbstractProblemLoader Creating init config 
18909      DEBUG main            d.u.i.k.p.i.AbstractProblemLoader Init config took 2.86s 
18938      INFO  main            d.u.i.k.p.i.AbstractProblemLoader Replaying proof incorrectPolarity2.proof 
18942      DEBUG main            d.u.i.k.p.i.IntermediateProofReplayer Proof replay took 477.61ns 
18943      INFO  main            d.u.i.k.p.r.p.TestFile    ... success: loading failed 
18944      INFO  main            d.u.i.k.p.r.p.TestFile    Now processing file /home/runner/work/key/key/key.core/../key.ui/examples/../../key.core/src/test/resources/testcase/issues/1716/incorrectPolarity3.proof 
18944      INFO  main            d.u.i.k.p.i.AbstractProblemLoader Loading environment from /home/runner/work/key/key/key.core/../key.ui/examples/../../key.core/src/test/resources/testcase/issues/1716/incorrectPolarity3.proof 
18945      DEBUG main            d.u.i.k.p.i.AbstractProblemLoader Environment load took 261.41ns 
18946      INFO  main            d.u.i.k.p.i.AbstractProblemLoader Creating init config 
21796      DEBUG main            d.u.i.k.p.i.AbstractProblemLoader Init config took 2.85s 
21820      INFO  main            d.u.i.k.p.i.AbstractProblemLoader Replaying proof incorrectPolarity3.proof 
21824      DEBUG main            d.u.i.k.p.i.IntermediateProofReplayer Proof replay took 1.1ms 
21824      INFO  main            d.u.i.k.p.r.p.TestFile    ... success: loading failed 
5952243    INFO  Test worker     d.u.i.k.p.r.RunAllProofsTestUnit Returning from test proofLoadRepair 
5952244    INFO  Test worker     d.u.i.k.p.r.RunAllProofsTestUnit Running test switch 
443        INFO  Timeout watchdog d.u.i.k.p.r.p.ForkedTestFileRunner Timeout watcher launched (2000 secs.) 
462        WARN  main            d.u.i.k.s.ProofSettings   The settings in /home/runner/.key/proof-settings.props are *not* read. 
515        INFO  main            d.u.i.k.p.r.p.TestFile    Now processing file /home/runner/work/key/key/key.core/../key.ui/examples/standard_key/java_dl/switch/labeled_case.key 
706        INFO  main            d.u.i.k.p.i.AbstractProblemLoader Loading environment from /home/runner/work/key/key/key.core/../key.ui/examples/standard_key/java_dl/switch/labeled_case.key 
727        DEBUG main            d.u.i.k.p.i.AbstractProblemLoader Environment load took 2.6ms 
995        INFO  main            d.u.i.k.p.i.AbstractProblemLoader Creating init config 
2073       DEBUG main            d.u.i.k.j.TypeConverter   No LDT found for Meta 
2074       DEBUG main            d.u.i.k.j.TypeConverter   No LDT found for Meta 
2077       DEBUG main            d.u.i.k.j.TypeConverter   No LDT found for Meta 
2078       DEBUG main            d.u.i.k.j.TypeConverter   No LDT found for Meta 
3613       DEBUG main            d.u.i.k.j.TypeConverter   No LDT found for JavaBigintExpression 
9459       DEBUG main            d.u.i.k.p.i.AbstractProblemLoader Init config took 8.46s 
9598       INFO  main            d.u.i.k.p.i.AbstractProblemLoader Replaying proof LabeledCase[LabeledCase::m(int)].JML normal_behavior operation contract.0 
9636       DEBUG main            d.u.i.k.p.i.IntermediateProofReplayer Proof replay took 37ns 
10376      INFO  main            d.u.i.k.p.r.p.TestFile    ... finished proof: closed. 
10530      INFO  main            d.u.i.k.p.i.AbstractProblemLoader Loading environment from /home/runner/work/key/key/key.core/../key.ui/examples/standard_key/java_dl/switch/labeled_case.key.proof 
10533      DEBUG main            d.u.i.k.p.i.AbstractProblemLoader Environment load took 2.56ms 
10536      INFO  main            d.u.i.k.p.i.AbstractProblemLoader Creating init config 
13782      DEBUG main            d.u.i.k.p.i.AbstractProblemLoader Init config took 3.25s 
13850      INFO  main            d.u.i.k.p.i.AbstractProblemLoader Replaying proof LabeledCase[LabeledCase::m(int)].JML normal_behavior operation contract.0 
13912      DEBUG main            d.u.i.k.p.i.IntermediateProofReplayer Proof replay took 56.33ms 
13920      DEBUG main            d.u.i.k.p.r.p.TestFile    ... success: reloaded. 
13921      INFO  main            d.u.i.k.p.r.p.TestFile    Now processing file /home/runner/work/key/key/key.core/../key.ui/examples/standard_key/java_dl/switch/empty_switch.key 
13922      INFO  main            d.u.i.k.p.i.AbstractProblemLoader Loading environment from /home/runner/work/key/key/key.core/../key.ui/examples/standard_key/java_dl/switch/empty_switch.key 
13922      DEBUG main            d.u.i.k.p.i.AbstractProblemLoader Environment load took 237.91ns 
13924      INFO  main            d.u.i.k.p.i.AbstractProblemLoader Creating init config 
16942      DEBUG main            d.u.i.k.p.i.AbstractProblemLoader Init config took 3.02s 
16981      INFO  main            d.u.i.k.p.i.AbstractProblemLoader Replaying proof empty_switch.key 
16988      DEBUG main            d.u.i.k.p.i.IntermediateProofReplayer Proof replay took 9ns 
17092      INFO  main            d.u.i.k.p.r.p.TestFile    ... finished proof: closed. 
17246      INFO  main            d.u.i.k.p.i.AbstractProblemLoader Loading environment from /home/runner/work/key/key/key.core/../key.ui/examples/standard_key/java_dl/switch/empty_switch.key.proof 
17247      DEBUG main            d.u.i.k.p.i.AbstractProblemLoader Environment load took 148.4ns 
17249      INFO  main            d.u.i.k.p.i.AbstractProblemLoader Creating init config 
20147      DEBUG main            d.u.i.k.p.i.AbstractProblemLoader Init config took 2.9s 
20188      INFO  main            d.u.i.k.p.i.AbstractProblemLoader Replaying proof empty_switch.key.proof 
20198      DEBUG main            d.u.i.k.p.i.IntermediateProofReplayer Proof replay took 4.38ms 
20199      DEBUG main            d.u.i.k.p.r.p.TestFile    ... success: reloaded. 
20201      INFO  main            d.u.i.k.p.r.p.TestFile    Now processing file /home/runner/work/key/key/key.core/../key.ui/examples/standard_key/java_dl/switch/empty_switch_null.key 
20201      INFO  main            d.u.i.k.p.i.AbstractProblemLoader Loading environment from /home/runner/work/key/key/key.core/../key.ui/examples/standard_key/java_dl/switch/empty_switch_null.key 
20202      DEBUG main            d.u.i.k.p.i.AbstractProblemLoader Environment load took 139.5ns 
20204      INFO  main            d.u.i.k.p.i.AbstractProblemLoader Creating init config 
23140      DEBUG main            d.u.i.k.p.i.AbstractProblemLoader Init config took 2.94s 
23167      INFO  main            d.u.i.k.p.i.AbstractProblemLoader Replaying proof empty_switch_null.key 
23169      DEBUG main            d.u.i.k.p.i.IntermediateProofReplayer Proof replay took 8.5ns 
23375      INFO  main            d.u.i.k.p.r.p.TestFile    ... finished proof: closed. 
23547      INFO  main            d.u.i.k.p.i.AbstractProblemLoader Loading environment from /home/runner/work/key/key/key.core/../key.ui/examples/standard_key/java_dl/switch/empty_switch_null.key.proof 
23549      DEBUG main            d.u.i.k.p.i.AbstractProblemLoader Environment load took 1.75ms 
23551      INFO  main            d.u.i.k.p.i.AbstractProblemLoader Creating init config 
26422      DEBUG main            d.u.i.k.p.i.AbstractProblemLoader Init config took 2.87s 
26447      INFO  main            d.u.i.k.p.i.AbstractProblemLoader Replaying proof empty_switch_null.key.proof 
26481      DEBUG main            d.u.i.k.p.i.IntermediateProofReplayer Proof replay took 30.49ms 
26482      DEBUG main            d.u.i.k.p.r.p.TestFile    ... success: reloaded. 
26483      INFO  main            d.u.i.k.p.r.p.TestFile    Now processing file /home/runner/work/key/key/key.core/../key.ui/examples/standard_key/java_dl/switch/empty_switch_null_catch.key 
26484      INFO  main            d.u.i.k.p.i.AbstractProblemLoader Loading environment from /home/runner/work/key/key/key.core/../key.ui/examples/standard_key/java_dl/switch/empty_switch_null_catch.key 
26484      DEBUG main            d.u.i.k.p.i.AbstractProblemLoader Environment load took 213.41ns 
26485      INFO  main            d.u.i.k.p.i.AbstractProblemLoader Creating init config 
29344      DEBUG main            d.u.i.k.p.i.AbstractProblemLoader Init config took 2.86s 
29369      INFO  main            d.u.i.k.p.i.AbstractProblemLoader Replaying proof empty_switch_null_catch.key 
29371      DEBUG main            d.u.i.k.p.i.IntermediateProofReplayer Proof replay took 7.5ns 
29575      INFO  main            d.u.i.k.p.r.p.TestFile    ... finished proof: closed. 
29811      INFO  main            d.u.i.k.p.i.AbstractProblemLoader Loading environment from /home/runner/work/key/key/key.core/../key.ui/examples/standard_key/java_dl/switch/empty_switch_null_catch.key.proof 
29813      DEBUG main            d.u.i.k.p.i.AbstractProblemLoader Environment load took 1.54ms 
29814      INFO  main            d.u.i.k.p.i.AbstractProblemLoader Creating init config 
32667      DEBUG main            d.u.i.k.p.i.AbstractProblemLoader Init config took 2.85s 
32693      INFO  main            d.u.i.k.p.i.AbstractProblemLoader Replaying proof empty_switch_null_catch.key.proof 
32734      DEBUG main            d.u.i.k.p.i.IntermediateProofReplayer Proof replay took 38.63ms 
32735      DEBUG main            d.u.i.k.p.r.p.TestFile    ... success: reloaded. 
32736      INFO  main            d.u.i.k.p.r.p.TestFile    Now processing file /home/runner/work/key/key/key.core/../key.ui/examples/standard_key/java_dl/switch/empty_switch_array_out_of_bounds.key 
32737      INFO  main            d.u.i.k.p.i.AbstractProblemLoader Loading environment from /home/runner/work/key/key/key.core/../key.ui/examples/standard_key/java_dl/switch/empty_switch_array_out_of_bounds.key 
32737      DEBUG main            d.u.i.k.p.i.AbstractProblemLoader Environment load took 208.71ns 
32738      INFO  main            d.u.i.k.p.i.AbstractProblemLoader Creating init config 
35596      DEBUG main            d.u.i.k.p.i.AbstractProblemLoader Init config took 2.86s 
35620      INFO  main            d.u.i.k.p.i.AbstractProblemLoader Replaying proof empty_switch_array_out_of_bounds.key 
35623      DEBUG main            d.u.i.k.p.i.IntermediateProofReplayer Proof replay took 7.7ns 
35928      INFO  main            d.u.i.k.p.r.p.TestFile    ... finished proof: closed. 
36106      INFO  main            d.u.i.k.p.i.AbstractProblemLoader Loading environment from /home/runner/work/key/key/key.core/../key.ui/examples/standard_key/java_dl/switch/empty_switch_array_out_of_bounds.key.proof 
36111      DEBUG main            d.u.i.k.p.i.AbstractProblemLoader Environment load took 5.11ms 
36113      INFO  main            d.u.i.k.p.i.AbstractProblemLoader Creating init config 
38999      DEBUG main            d.u.i.k.p.i.AbstractProblemLoader Init config took 2.89s 
39025      INFO  main            d.u.i.k.p.i.AbstractProblemLoader Replaying proof empty_switch_array_out_of_bounds.key.proof 
39090      DEBUG main            d.u.i.k.p.i.IntermediateProofReplayer Proof replay took 61.86ms 
39091      DEBUG main            d.u.i.k.p.r.p.TestFile    ... success: reloaded. 
39093      INFO  main            d.u.i.k.p.r.p.TestFile    Now processing file /home/runner/work/key/key/key.core/../key.ui/examples/standard_key/java_dl/switch/empty_switch_array_out_of_bounds_catch.key 
39094      INFO  main            d.u.i.k.p.i.AbstractProblemLoader Loading environment from /home/runner/work/key/key/key.core/../key.ui/examples/standard_key/java_dl/switch/empty_switch_array_out_of_bounds_catch.key 
39094      DEBUG main            d.u.i.k.p.i.AbstractProblemLoader Environment load took 292.21ns 
39095      INFO  main            d.u.i.k.p.i.AbstractProblemLoader Creating init config 
41951      DEBUG main            d.u.i.k.p.i.AbstractProblemLoader Init config took 2.86s 
41976      INFO  main            d.u.i.k.p.i.AbstractProblemLoader Replaying proof empty_switch_array_out_of_bounds_catch.key 
41980      DEBUG main            d.u.i.k.p.i.IntermediateProofReplayer Proof replay took 7.7ns 
42187      INFO  main            d.u.i.k.p.r.p.TestFile    ... finished proof: closed. 
42383      INFO  main            d.u.i.k.p.i.AbstractProblemLoader Loading environment from /home/runner/work/key/key/key.core/../key.ui/examples/standard_key/java_dl/switch/empty_switch_array_out_of_bounds_catch.key.proof 
42385      DEBUG main            d.u.i.k.p.i.AbstractProblemLoader Environment load took 2.9ms 
42387      INFO  main            d.u.i.k.p.i.AbstractProblemLoader Creating init config 
45280      DEBUG main            d.u.i.k.p.i.AbstractProblemLoader Init config took 2.89s 
45308      INFO  main            d.u.i.k.p.i.AbstractProblemLoader Replaying proof empty_switch_array_out_of_bounds_catch.key.proof 
45369      DEBUG main            d.u.i.k.p.i.IntermediateProofReplayer Proof replay took 57.61ms 
45374      DEBUG main            d.u.i.k.p.r.p.TestFile    ... success: reloaded. 
45375      INFO  main            d.u.i.k.p.r.p.TestFile    Now processing file /home/runner/work/key/key/key.core/../key.ui/examples/standard_key/java_dl/switch/switch_in_switch.key 
45376      INFO  main            d.u.i.k.p.i.AbstractProblemLoader Loading environment from /home/runner/work/key/key/key.core/../key.ui/examples/standard_key/java_dl/switch/switch_in_switch.key 
45376      DEBUG main            d.u.i.k.p.i.AbstractProblemLoader Environment load took 340.01ns 
45381      INFO  main            d.u.i.k.p.i.AbstractProblemLoader Creating init config 
48310      DEBUG main            d.u.i.k.p.i.AbstractProblemLoader Init config took 2.93s 
48393      INFO  main            d.u.i.k.p.i.AbstractProblemLoader Replaying proof SwitchInSwitch[SwitchInSwitch::m(int)].JML normal_behavior operation contract.0 
48395      DEBUG main            d.u.i.k.p.i.IntermediateProofReplayer Proof replay took 7.9ns 
53274      INFO  main            d.u.i.k.p.r.p.TestFile    ... finished proof: closed. 
53554      INFO  main            d.u.i.k.p.i.AbstractProblemLoader Loading environment from /home/runner/work/key/key/key.core/../key.ui/examples/standard_key/java_dl/switch/switch_in_switch.key.proof 
53554      DEBUG main            d.u.i.k.p.i.AbstractProblemLoader Environment load took 408.91ns 
53557      INFO  main            d.u.i.k.p.i.AbstractProblemLoader Creating init config 
56441      DEBUG main            d.u.i.k.p.i.AbstractProblemLoader Init config took 2.88s 
56493      INFO  main            d.u.i.k.p.i.AbstractProblemLoader Replaying proof SwitchInSwitch[SwitchInSwitch::m(int)].JML normal_behavior operation contract.0 
56970      DEBUG main            d.u.i.k.p.i.IntermediateProofReplayer Proof replay took 434.46ms 
56972      DEBUG main            d.u.i.k.p.r.p.TestFile    ... success: reloaded. 
56973      INFO  main            d.u.i.k.p.r.p.TestFile    Now processing file /home/runner/work/key/key/key.core/../key.ui/examples/standard_key/java_dl/switch/while_and_switch.key 
56973      INFO  main            d.u.i.k.p.i.AbstractProblemLoader Loading environment from /home/runner/work/key/key/key.core/../key.ui/examples/standard_key/java_dl/switch/while_and_switch.key 
56974      DEBUG main            d.u.i.k.p.i.AbstractProblemLoader Environment load took 221.71ns 
56975      INFO  main            d.u.i.k.p.i.AbstractProblemLoader Creating init config 
60023      DEBUG main            d.u.i.k.p.i.AbstractProblemLoader Init config took 3.05s 
60072      INFO  main            d.u.i.k.p.i.AbstractProblemLoader Replaying proof WhileAndSwitch[WhileAndSwitch::m(int)].JML normal_behavior operation contract.0 
60075      DEBUG main            d.u.i.k.p.i.IntermediateProofReplayer Proof replay took 15.3ns 
60882      INFO  main            d.u.i.k.p.r.p.TestFile    ... finished proof: closed. 
61214      INFO  main            d.u.i.k.p.i.AbstractProblemLoader Loading environment from /home/runner/work/key/key/key.core/../key.ui/examples/standard_key/java_dl/switch/while_and_switch.key.proof 
61215      DEBUG main            d.u.i.k.p.i.AbstractProblemLoader Environment load took 406.51ns 
61217      INFO  main            d.u.i.k.p.i.AbstractProblemLoader Creating init config 
64196      DEBUG main            d.u.i.k.p.i.AbstractProblemLoader Init config took 2.98s 
64244      INFO  main            d.u.i.k.p.i.AbstractProblemLoader Replaying proof WhileAndSwitch[WhileAndSwitch::m(int)].JML normal_behavior operation contract.0 
64362      DEBUG main            d.u.i.k.p.i.IntermediateProofReplayer Proof replay took 110.96ms 
64363      DEBUG main            d.u.i.k.p.r.p.TestFile    ... success: reloaded. 
64364      INFO  main            d.u.i.k.p.r.p.TestFile    Now processing file /home/runner/work/key/key/key.core/../key.ui/examples/standard_key/java_dl/switch/large_switch.key 
64365      INFO  main            d.u.i.k.p.i.AbstractProblemLoader Loading environment from /home/runner/work/key/key/key.core/../key.ui/examples/standard_key/java_dl/switch/large_switch.key 
64365      DEBUG main            d.u.i.k.p.i.AbstractProblemLoader Environment load took 204.31ns 
64366      INFO  main            d.u.i.k.p.i.AbstractProblemLoader Creating init config 
67327      DEBUG main            d.u.i.k.p.i.AbstractProblemLoader Init config took 2.96s 
67374      INFO  main            d.u.i.k.p.i.AbstractProblemLoader Replaying proof LargeSwitch[LargeSwitch::m(int)].JML normal_behavior operation contract.0 
67375      DEBUG main            d.u.i.k.p.i.IntermediateProofReplayer Proof replay took 7.6ns 
68906      INFO  main            d.u.i.k.p.r.p.TestFile    ... finished proof: closed. 
69157      INFO  main            d.u.i.k.p.i.AbstractProblemLoader Loading environment from /home/runner/work/key/key/key.core/../key.ui/examples/standard_key/java_dl/switch/large_switch.key.proof 
69159      DEBUG main            d.u.i.k.p.i.AbstractProblemLoader Environment load took 2.02ms 
69161      INFO  main            d.u.i.k.p.i.AbstractProblemLoader Creating init config 
72117      DEBUG main            d.u.i.k.p.i.AbstractProblemLoader Init config took 2.96s 
72163      INFO  main            d.u.i.k.p.i.AbstractProblemLoader Replaying proof LargeSwitch[LargeSwitch::m(int)].JML normal_behavior operation contract.0 
72509      DEBUG main            d.u.i.k.p.i.IntermediateProofReplayer Proof replay took 330.3ms 
72511      DEBUG main            d.u.i.k.p.r.p.TestFile    ... success: reloaded. 
6024974    INFO  Test worker     d.u.i.k.p.r.RunAllProofsTestUnit Returning from test switch 
6024974    INFO  Test worker     d.u.i.k.p.r.RunAllProofsTestUnit Running test redux 
440        INFO  Timeout watchdog d.u.i.k.p.r.p.ForkedTestFileRunner Timeout watcher launched (2000 secs.) 
457        WARN  main            d.u.i.k.s.ProofSettings   The settings in /home/runner/.key/proof-settings.props are *not* read. 
487        INFO  main            d.u.i.k.p.r.p.TestFile    Now processing file /home/runner/work/key/key/key.core/../key.ui/examples/redux/arrays/Arrays.copyOf.key 
609        INFO  main            d.u.i.k.p.i.AbstractProblemLoader Loading environment from /home/runner/work/key/key/key.core/../key.ui/examples/redux/arrays/Arrays.copyOf.key 
633        DEBUG main            d.u.i.k.p.i.AbstractProblemLoader Environment load took 2.51ms 
881        INFO  main            d.u.i.k.p.i.AbstractProblemLoader Creating init config 
2085       DEBUG main            d.u.i.k.j.TypeConverter   No LDT found for Meta 
2085       DEBUG main            d.u.i.k.j.TypeConverter   No LDT found for Meta 
2089       DEBUG main            d.u.i.k.j.TypeConverter   No LDT found for Meta 
2089       DEBUG main            d.u.i.k.j.TypeConverter   No LDT found for Meta 
4021       DEBUG main            d.u.i.k.j.TypeConverter   No LDT found for JavaBigintExpression 
10057      DEBUG main            d.u.i.k.p.i.AbstractProblemLoader Init config took 9.17s 
10280      INFO  main            d.u.i.k.p.i.AbstractProblemLoader Replaying proof Arrays[Arrays::copyOf([I,int)].JML normal_behavior operation contract.0 
10322      DEBUG main            d.u.i.k.p.i.IntermediateProofReplayer Proof replay took 39.3ns 
16241      INFO  main            d.u.i.k.p.r.p.TestFile    ... finished proof: closed. 
16455      INFO  main            d.u.i.k.p.i.AbstractProblemLoader Loading environment from /home/runner/work/key/key/key.core/../key.ui/examples/redux/arrays/Arrays.copyOf.key.proof 
16455      DEBUG main            d.u.i.k.p.i.AbstractProblemLoader Environment load took 440.11ns 
16459      INFO  main            d.u.i.k.p.i.AbstractProblemLoader Creating init config 
20423      DEBUG main            d.u.i.k.p.i.AbstractProblemLoader Init config took 3.96s 
20491      INFO  main            d.u.i.k.p.i.AbstractProblemLoader Replaying proof Arrays[Arrays::copyOf([I,int)].JML normal_behavior operation contract.0 
21046      DEBUG main            d.u.i.k.p.i.IntermediateProofReplayer Proof replay took 533.08ms 
21059      DEBUG main            d.u.i.k.p.r.p.TestFile    ... success: reloaded. 
21060      INFO  main            d.u.i.k.p.r.p.TestFile    Now processing file /home/runner/work/key/key/key.core/../key.ui/examples/redux/arrays/Arrays.copyOf.float.key 
21061      INFO  main            d.u.i.k.p.i.AbstractProblemLoader Loading environment from /home/runner/work/key/key/key.core/../key.ui/examples/redux/arrays/Arrays.copyOf.float.key 
21061      DEBUG main            d.u.i.k.p.i.AbstractProblemLoader Environment load took 243.11ns 
21063      INFO  main            d.u.i.k.p.i.AbstractProblemLoader Creating init config 
24863      DEBUG main            d.u.i.k.p.i.AbstractProblemLoader Init config took 3.8s 
24923      INFO  main            d.u.i.k.p.i.AbstractProblemLoader Replaying proof Arrays[Arrays::copyOf([F,int)].JML normal_behavior operation contract.0 
24926      DEBUG main            d.u.i.k.p.i.IntermediateProofReplayer Proof replay took 7.3ns 
24961      DEBUG main            d.u.i.k.m.s.ProofScriptEngine [1] goal: 0, source line: 6, command: 'macro autopilot' 
30091      DEBUG main            d.u.i.k.m.s.ProofScriptEngine [2] goal: 17, source line: 7, command: 'smt solver=Z3' 
30191      INFO  main            d.u.i.k.m.s.SMTCommand    Finished run on goal 17 in 71ms, result is valid 
30192      DEBUG main            d.u.i.k.m.s.ProofScriptEngine [3] goal: 309, source line: 8, command: 'tryclose' 
32212      INFO  main            d.u.i.k.p.r.p.TestFile    ... finished proof: closed. 
32435      INFO  main            d.u.i.k.p.i.AbstractProblemLoader Loading environment from /home/runner/work/key/key/key.core/../key.ui/examples/redux/arrays/Arrays.copyOf.float.key.proof 
32435      DEBUG main            d.u.i.k.p.i.AbstractProblemLoader Environment load took 235.11ns 
32442      INFO  main            d.u.i.k.p.i.AbstractProblemLoader Creating init config 
36107      DEBUG main            d.u.i.k.p.i.AbstractProblemLoader Init config took 3.67s 
36193      INFO  main            d.u.i.k.p.i.AbstractProblemLoader Replaying proof Arrays[Arrays::copyOf([F,int)].JML normal_behavior operation contract.0 
36284      INFO  main            d.u.i.k.s.SMTFocusResults Analyzing unsat core: (L_6) 
36895      DEBUG main            d.u.i.k.p.i.IntermediateProofReplayer Proof replay took 677.45ms 
36899      DEBUG main            d.u.i.k.p.r.p.TestFile    ... success: reloaded. 
36900      INFO  main            d.u.i.k.p.r.p.TestFile    Now processing file /home/runner/work/key/key/key.core/../key.ui/examples/redux/arrays/Arrays.copyOfRange.key 
36900      INFO  main            d.u.i.k.p.i.AbstractProblemLoader Loading environment from /home/runner/work/key/key/key.core/../key.ui/examples/redux/arrays/Arrays.copyOfRange.key 
36900      DEBUG main            d.u.i.k.p.i.AbstractProblemLoader Environment load took 221.71ns 
36902      INFO  main            d.u.i.k.p.i.AbstractProblemLoader Creating init config 
40578      DEBUG main            d.u.i.k.p.i.AbstractProblemLoader Init config took 3.68s 
40631      INFO  main            d.u.i.k.p.i.AbstractProblemLoader Replaying proof Arrays[Arrays::copyOfRange([I,int,int)].JML normal_behavior operation contract.0 
40633      DEBUG main            d.u.i.k.p.i.IntermediateProofReplayer Proof replay took 7ns 
45939      INFO  main            d.u.i.k.p.r.p.TestFile    ... finished proof: closed. 
46260      INFO  main            d.u.i.k.p.i.AbstractProblemLoader Loading environment from /home/runner/work/key/key/key.core/../key.ui/examples/redux/arrays/Arrays.copyOfRange.key.proof 
46261      DEBUG main            d.u.i.k.p.i.AbstractProblemLoader Environment load took 426.71ns 
46263      INFO  main            d.u.i.k.p.i.AbstractProblemLoader Creating init config 
49787      DEBUG main            d.u.i.k.p.i.AbstractProblemLoader Init config took 3.52s 
49837      INFO  main            d.u.i.k.p.i.AbstractProblemLoader Replaying proof Arrays[Arrays::copyOfRange([I,int,int)].JML normal_behavior operation contract.0 
50290      DEBUG main            d.u.i.k.p.i.IntermediateProofReplayer Proof replay took 431.7ms 
50293      DEBUG main            d.u.i.k.p.r.p.TestFile    ... success: reloaded. 
50294      INFO  main            d.u.i.k.p.r.p.TestFile    Now processing file /home/runner/work/key/key/key.core/../key.ui/examples/redux/arrays/Arrays.copyOfRange.float.key 
50294      INFO  main            d.u.i.k.p.i.AbstractProblemLoader Loading environment from /home/runner/work/key/key/key.core/../key.ui/examples/redux/arrays/Arrays.copyOfRange.float.key 
50295      DEBUG main            d.u.i.k.p.i.AbstractProblemLoader Environment load took 202.51ns 
50296      INFO  main            d.u.i.k.p.i.AbstractProblemLoader Creating init config 
53974      DEBUG main            d.u.i.k.p.i.AbstractProblemLoader Init config took 3.68s 
54024      INFO  main            d.u.i.k.p.i.AbstractProblemLoader Replaying proof Arrays[Arrays::copyOfRange([F,int,int)].JML normal_behavior operation contract.0 
54025      DEBUG main            d.u.i.k.p.i.IntermediateProofReplayer Proof replay took 6.3ns 
54026      DEBUG main            d.u.i.k.m.s.ProofScriptEngine [1] goal: 0, source line: 6, command: 'macro autopilot' 
60869      DEBUG main            d.u.i.k.m.s.ProofScriptEngine [2] goal: 27, source line: 7, command: 'smt solver=Z3' 
60905      INFO  main            d.u.i.k.m.s.SMTCommand    Finished run on goal 27 in 32ms, result is valid 
60905      DEBUG main            d.u.i.k.m.s.ProofScriptEngine [3] goal: 375, source line: 8, command: 'tryclose' 
64714      INFO  main            d.u.i.k.p.r.p.TestFile    ... finished proof: closed. 
65025      INFO  main            d.u.i.k.p.i.AbstractProblemLoader Loading environment from /home/runner/work/key/key/key.core/../key.ui/examples/redux/arrays/Arrays.copyOfRange.float.key.proof 
65025      DEBUG main            d.u.i.k.p.i.AbstractProblemLoader Environment load took 402.41ns 
65028      INFO  main            d.u.i.k.p.i.AbstractProblemLoader Creating init config 
68603      DEBUG main            d.u.i.k.p.i.AbstractProblemLoader Init config took 3.58s 
68652      INFO  main            d.u.i.k.p.i.AbstractProblemLoader Replaying proof Arrays[Arrays::copyOfRange([F,int,int)].JML normal_behavior operation contract.0 
68737      INFO  main            d.u.i.k.s.SMTFocusResults Analyzing unsat core: (L_8) 
69474      DEBUG main            d.u.i.k.p.i.IntermediateProofReplayer Proof replay took 794.93ms 
69477      DEBUG main            d.u.i.k.p.r.p.TestFile    ... success: reloaded. 
69478      INFO  main            d.u.i.k.p.r.p.TestFile    Now processing file /home/runner/work/key/key/key.core/../key.ui/examples/redux/arrays/Arrays.equals.key 
69478      INFO  main            d.u.i.k.p.i.AbstractProblemLoader Loading environment from /home/runner/work/key/key/key.core/../key.ui/examples/redux/arrays/Arrays.equals.key 
69478      DEBUG main            d.u.i.k.p.i.AbstractProblemLoader Environment load took 210.21ns 
69479      INFO  main            d.u.i.k.p.i.AbstractProblemLoader Creating init config 
73131      DEBUG main            d.u.i.k.p.i.AbstractProblemLoader Init config took 3.65s 
73176      INFO  main            d.u.i.k.p.i.AbstractProblemLoader Replaying proof Arrays[Arrays::equals([B,[B)].JML normal_behavior operation contract.0 
73178      DEBUG main            d.u.i.k.p.i.IntermediateProofReplayer Proof replay took 8.1ns 
73782      INFO  main            d.u.i.k.p.r.p.TestFile    ... finished proof: closed. 
74048      INFO  main            d.u.i.k.p.i.AbstractProblemLoader Loading environment from /home/runner/work/key/key/key.core/../key.ui/examples/redux/arrays/Arrays.equals.key.proof 
74048      DEBUG main            d.u.i.k.p.i.AbstractProblemLoader Environment load took 163.1ns 
74050      INFO  main            d.u.i.k.p.i.AbstractProblemLoader Creating init config 
77603      DEBUG main            d.u.i.k.p.i.AbstractProblemLoader Init config took 3.55s 
77649      INFO  main            d.u.i.k.p.i.AbstractProblemLoader Replaying proof Arrays[Arrays::equals([B,[B)].JML normal_behavior operation contract.0 
77815      DEBUG main            d.u.i.k.p.i.IntermediateProofReplayer Proof replay took 161.49ms 
77817      DEBUG main            d.u.i.k.p.r.p.TestFile    ... success: reloaded. 
77818      INFO  main            d.u.i.k.p.r.p.TestFile    Now processing file /home/runner/work/key/key/key.core/../key.ui/examples/redux/arrays/Arrays.fill.key 
77818      INFO  main            d.u.i.k.p.i.AbstractProblemLoader Loading environment from /home/runner/work/key/key/key.core/../key.ui/examples/redux/arrays/Arrays.fill.key 
77818      DEBUG main            d.u.i.k.p.i.AbstractProblemLoader Environment load took 204ns 
77819      INFO  main            d.u.i.k.p.i.AbstractProblemLoader Creating init config 
81323      DEBUG main            d.u.i.k.p.i.AbstractProblemLoader Init config took 3.5s 
81368      INFO  main            d.u.i.k.p.i.AbstractProblemLoader Replaying proof Arrays[Arrays::fill([I,int)].JML normal_behavior operation contract.0 
81369      DEBUG main            d.u.i.k.p.i.IntermediateProofReplayer Proof replay took 7.8ns 
81572      INFO  main            d.u.i.k.p.r.p.TestFile    ... finished proof: closed. 
81784      INFO  main            d.u.i.k.p.i.AbstractProblemLoader Loading environment from /home/runner/work/key/key/key.core/../key.ui/examples/redux/arrays/Arrays.fill.key.proof 
81785      DEBUG main            d.u.i.k.p.i.AbstractProblemLoader Environment load took 138.1ns 
81786      INFO  main            d.u.i.k.p.i.AbstractProblemLoader Creating init config 
85323      DEBUG main            d.u.i.k.p.i.AbstractProblemLoader Init config took 3.54s 
85369      INFO  main            d.u.i.k.p.i.AbstractProblemLoader Replaying proof Arrays[Arrays::fill([I,int)].JML normal_behavior operation contract.0 
85401      DEBUG main            d.u.i.k.p.i.IntermediateProofReplayer Proof replay took 29.16ms 
85402      DEBUG main            d.u.i.k.p.r.p.TestFile    ... success: reloaded. 
85403      INFO  main            d.u.i.k.p.r.p.TestFile    Now processing file /home/runner/work/key/key/key.core/../key.ui/examples/redux/arrays/Arrays.fill.float.key 
85403      INFO  main            d.u.i.k.p.i.AbstractProblemLoader Loading environment from /home/runner/work/key/key/key.core/../key.ui/examples/redux/arrays/Arrays.fill.float.key 
85403      DEBUG main            d.u.i.k.p.i.AbstractProblemLoader Environment load took 107.9ns 
85404      INFO  main            d.u.i.k.p.i.AbstractProblemLoader Creating init config 
88895      DEBUG main            d.u.i.k.p.i.AbstractProblemLoader Init config took 3.49s 
88939      INFO  main            d.u.i.k.p.i.AbstractProblemLoader Replaying proof Arrays[Arrays::fill([F,float)].JML normal_behavior operation contract.0 
88941      DEBUG main            d.u.i.k.p.i.IntermediateProofReplayer Proof replay took 6.6ns 
89143      INFO  main            d.u.i.k.p.r.p.TestFile    ... finished proof: closed. 
89369      INFO  main            d.u.i.k.p.i.AbstractProblemLoader Loading environment from /home/runner/work/key/key/key.core/../key.ui/examples/redux/arrays/Arrays.fill.float.key.proof 
89369      DEBUG main            d.u.i.k.p.i.AbstractProblemLoader Environment load took 144.5ns 
89370      INFO  main            d.u.i.k.p.i.AbstractProblemLoader Creating init config 
92827      DEBUG main            d.u.i.k.p.i.AbstractProblemLoader Init config took 3.46s 
92886      INFO  main            d.u.i.k.p.i.AbstractProblemLoader Replaying proof Arrays[Arrays::fill([F,float)].JML normal_behavior operation contract.0 
92934      DEBUG main            d.u.i.k.p.i.IntermediateProofReplayer Proof replay took 42.16ms 
92936      DEBUG main            d.u.i.k.p.r.p.TestFile    ... success: reloaded. 
92937      INFO  main            d.u.i.k.p.r.p.TestFile    Now processing file /home/runner/work/key/key/key.core/../key.ui/examples/redux/arrays/Arrays.fillFromTo.key 
92937      INFO  main            d.u.i.k.p.i.AbstractProblemLoader Loading environment from /home/runner/work/key/key/key.core/../key.ui/examples/redux/arrays/Arrays.fillFromTo.key 
92937      DEBUG main            d.u.i.k.p.i.AbstractProblemLoader Environment load took 201.21ns 
92938      INFO  main            d.u.i.k.p.i.AbstractProblemLoader Creating init config 
96384      DEBUG main            d.u.i.k.p.i.AbstractProblemLoader Init config took 3.45s 
96426      INFO  main            d.u.i.k.p.i.AbstractProblemLoader Replaying proof Arrays[Arrays::fill([I,int,int,int)].JML normal_behavior operation contract.0 
96427      DEBUG main            d.u.i.k.p.i.IntermediateProofReplayer Proof replay took 7.5ns 
97060      INFO  main            d.u.i.k.p.r.p.TestFile    ... finished proof: closed. 
97354      INFO  main            d.u.i.k.p.i.AbstractProblemLoader Loading environment from /home/runner/work/key/key/key.core/../key.ui/examples/redux/arrays/Arrays.fillFromTo.key.proof 
97355      DEBUG main            d.u.i.k.p.i.AbstractProblemLoader Environment load took 526.52ns 
97356      INFO  main            d.u.i.k.p.i.AbstractProblemLoader Creating init config 
100755     DEBUG main            d.u.i.k.p.i.AbstractProblemLoader Init config took 3.4s 
100798     INFO  main            d.u.i.k.p.i.AbstractProblemLoader Replaying proof Arrays[Arrays::fill([I,int,int,int)].JML normal_behavior operation contract.0 
100908     DEBUG main            d.u.i.k.p.i.IntermediateProofReplayer Proof replay took 104.92ms 
100909     DEBUG main            d.u.i.k.p.r.p.TestFile    ... success: reloaded. 
100910     INFO  main            d.u.i.k.p.r.p.TestFile    Now processing file /home/runner/work/key/key/key.core/../key.ui/examples/redux/arrays/Arrays.fillFromTo.float.key 
100911     INFO  main            d.u.i.k.p.i.AbstractProblemLoader Loading environment from /home/runner/work/key/key/key.core/../key.ui/examples/redux/arrays/Arrays.fillFromTo.float.key 
100911     DEBUG main            d.u.i.k.p.i.AbstractProblemLoader Environment load took 196.71ns 
100912     INFO  main            d.u.i.k.p.i.AbstractProblemLoader Creating init config 
104432     DEBUG main            d.u.i.k.p.i.AbstractProblemLoader Init config took 3.52s 
104476     INFO  main            d.u.i.k.p.i.AbstractProblemLoader Replaying proof Arrays[Arrays::fill([F,int,int,float)].JML normal_behavior operation contract.0 
104478     DEBUG main            d.u.i.k.p.i.IntermediateProofReplayer Proof replay took 9.1ns 
105283     INFO  main            d.u.i.k.p.r.p.TestFile    ... finished proof: closed. 
105524     INFO  main            d.u.i.k.p.i.AbstractProblemLoader Loading environment from /home/runner/work/key/key/key.core/../key.ui/examples/redux/arrays/Arrays.fillFromTo.float.key.proof 
105524     DEBUG main            d.u.i.k.p.i.AbstractProblemLoader Environment load took 460.92ns 
105526     INFO  main            d.u.i.k.p.i.AbstractProblemLoader Creating init config 
108989     DEBUG main            d.u.i.k.p.i.AbstractProblemLoader Init config took 3.46s 
109031     INFO  main            d.u.i.k.p.i.AbstractProblemLoader Replaying proof Arrays[Arrays::fill([F,int,int,float)].JML normal_behavior operation contract.0 
109148     DEBUG main            d.u.i.k.p.i.IntermediateProofReplayer Proof replay took 110.93ms 
109149     DEBUG main            d.u.i.k.p.r.p.TestFile    ... success: reloaded. 
109150     INFO  main            d.u.i.k.p.r.p.TestFile    Now processing file /home/runner/work/key/key/key.core/../key.ui/examples/redux/arrays/ArrayCopy.arraycopy.normal.0.key 
109150     INFO  main            d.u.i.k.p.i.AbstractProblemLoader Loading environment from /home/runner/work/key/key/key.core/../key.ui/examples/redux/arrays/ArrayCopy.arraycopy.normal.0.key 
109151     DEBUG main            d.u.i.k.p.i.AbstractProblemLoader Environment load took 216.41ns 
109152     INFO  main            d.u.i.k.p.i.AbstractProblemLoader Creating init config 
112624     DEBUG main            d.u.i.k.p.i.AbstractProblemLoader Init config took 3.47s 
112665     INFO  main            d.u.i.k.p.i.AbstractProblemLoader Replaying proof ArrayCopy[ArrayCopy::arraycopy(java.lang.Object,int,java.lang.Object,int,int)].JML normal_behavior operation contract.0 
112667     DEBUG main            d.u.i.k.p.i.IntermediateProofReplayer Proof replay took 6.6ns 
119865     INFO  main            d.u.i.k.p.r.p.TestFile    ... finished proof: closed. 
120158     INFO  main            d.u.i.k.p.i.AbstractProblemLoader Loading environment from /home/runner/work/key/key/key.core/../key.ui/examples/redux/arrays/ArrayCopy.arraycopy.normal.0.key.proof 
120158     DEBUG main            d.u.i.k.p.i.AbstractProblemLoader Environment load took 411.91ns 
120161     INFO  main            d.u.i.k.p.i.AbstractProblemLoader Creating init config 
123728     DEBUG main            d.u.i.k.p.i.AbstractProblemLoader Init config took 3.57s 
123770     INFO  main            d.u.i.k.p.i.AbstractProblemLoader Replaying proof ArrayCopy[ArrayCopy::arraycopy(java.lang.Object,int,java.lang.Object,int,int)].JML normal_behavior operation contract.0 
124489     DEBUG main            d.u.i.k.p.i.IntermediateProofReplayer Proof replay took 700.1ms 
124491     DEBUG main            d.u.i.k.p.r.p.TestFile    ... success: reloaded. 
124492     INFO  main            d.u.i.k.p.r.p.TestFile    Now processing file /home/runner/work/key/key/key.core/../key.ui/examples/redux/arrays/ArrayCopy.arraycopy.exceptional.0.key 
124492     INFO  main            d.u.i.k.p.i.AbstractProblemLoader Loading environment from /home/runner/work/key/key/key.core/../key.ui/examples/redux/arrays/ArrayCopy.arraycopy.exceptional.0.key 
124492     DEBUG main            d.u.i.k.p.i.AbstractProblemLoader Environment load took 112.4ns 
124493     INFO  main            d.u.i.k.p.i.AbstractProblemLoader Creating init config 
128025     DEBUG main            d.u.i.k.p.i.AbstractProblemLoader Init config took 3.53s 
128065     INFO  main            d.u.i.k.p.i.AbstractProblemLoader Replaying proof ArrayCopy[ArrayCopy::arraycopy(java.lang.Object,int,java.lang.Object,int,int)].JML exceptional_behavior operation contract.0 
128066     DEBUG main            d.u.i.k.p.i.IntermediateProofReplayer Proof replay took 7.4ns 
128469     INFO  main            d.u.i.k.p.r.p.TestFile    ... finished proof: closed. 
128718     INFO  main            d.u.i.k.p.i.AbstractProblemLoader Loading environment from /home/runner/work/key/key/key.core/../key.ui/examples/redux/arrays/ArrayCopy.arraycopy.exceptional.0.key.proof 
128718     DEBUG main            d.u.i.k.p.i.AbstractProblemLoader Environment load took 141.6ns 
128720     INFO  main            d.u.i.k.p.i.AbstractProblemLoader Creating init config 
132191     DEBUG main            d.u.i.k.p.i.AbstractProblemLoader Init config took 3.47s 
132233     INFO  main            d.u.i.k.p.i.AbstractProblemLoader Replaying proof ArrayCopy[ArrayCopy::arraycopy(java.lang.Object,int,java.lang.Object,int,int)].JML exceptional_behavior operation contract.0 
132344     DEBUG main            d.u.i.k.p.i.IntermediateProofReplayer Proof replay took 106.77ms 
132345     DEBUG main            d.u.i.k.p.r.p.TestFile    ... success: reloaded. 
132345     INFO  main            d.u.i.k.p.r.p.TestFile    Now processing file /home/runner/work/key/key/key.core/../key.ui/examples/redux/arrays/ArrayCopy.arraycopy.exceptional.1.key 
132346     INFO  main            d.u.i.k.p.i.AbstractProblemLoader Loading environment from /home/runner/work/key/key/key.core/../key.ui/examples/redux/arrays/ArrayCopy.arraycopy.exceptional.1.key 
132346     DEBUG main            d.u.i.k.p.i.AbstractProblemLoader Environment load took 101.6ns 
132347     INFO  main            d.u.i.k.p.i.AbstractProblemLoader Creating init config 
135883     DEBUG main            d.u.i.k.p.i.AbstractProblemLoader Init config took 3.54s 
135923     INFO  main            d.u.i.k.p.i.AbstractProblemLoader Replaying proof ArrayCopy[ArrayCopy::arraycopy(java.lang.Object,int,java.lang.Object,int,int)].JML exceptional_behavior operation contract.1 
135924     DEBUG main            d.u.i.k.p.i.IntermediateProofReplayer Proof replay took 7.5ns 
142930     INFO  main            d.u.i.k.p.r.p.TestFile    ... finished proof: closed. 
143228     INFO  main            d.u.i.k.p.i.AbstractProblemLoader Loading environment from /home/runner/work/key/key/key.core/../key.ui/examples/redux/arrays/ArrayCopy.arraycopy.exceptional.1.key.proof 
143228     DEBUG main            d.u.i.k.p.i.AbstractProblemLoader Environment load took 218.01ns 
143231     INFO  main            d.u.i.k.p.i.AbstractProblemLoader Creating init config 
146650     DEBUG main            d.u.i.k.p.i.AbstractProblemLoader Init config took 3.42s 
146692     INFO  main            d.u.i.k.p.i.AbstractProblemLoader Replaying proof ArrayCopy[ArrayCopy::arraycopy(java.lang.Object,int,java.lang.Object,int,int)].JML exceptional_behavior operation contract.1 
148135     DEBUG main            d.u.i.k.p.i.IntermediateProofReplayer Proof replay took 1.42s 
148137     DEBUG main            d.u.i.k.p.r.p.TestFile    ... success: reloaded. 
6173294    INFO  Test worker     d.u.i.k.p.r.RunAllProofsTestUnit Returning from test redux 
]]></system-out>
  <system-err><![CDATA[]]></system-err>
</testsuite>
