<?xml version="1.0" encoding="UTF-8"?>
<testsuite name="de.uka.ilkd.key.symbolic_execution.testcase.util.TestEqualsHashCodeResetter" tests="3" skipped="0" failures="0" errors="0" timestamp="2023-02-02T16:58:06" hostname="fv-az478-8" time="0.001">
  <properties/>
  <testcase name="testGetWrappedElement()" classname="de.uka.ilkd.key.symbolic_execution.testcase.util.TestEqualsHashCodeResetter" time="0.0"/>
  <testcase name="testHashCode()" classname="de.uka.ilkd.key.symbolic_execution.testcase.util.TestEqualsHashCodeResetter" time="0.001"/>
  <testcase name="testEquals()" classname="de.uka.ilkd.key.symbolic_execution.testcase.util.TestEqualsHashCodeResetter" time="0.0"/>
  <system-out><![CDATA[]]></system-out>
  <system-err><![CDATA[]]></system-err>
</testsuite>
