<?xml version="1.0" encoding="UTF-8"?>
<testsuite name="de.uka.ilkd.key.util.TestLexicographicComparator" tests="1" skipped="0" failures="0" errors="0" timestamp="2023-04-16T02:14:34" hostname="fv-az252-497" time="0.0">
  <properties/>
  <testcase name="testCompareInt()" classname="de.uka.ilkd.key.util.TestLexicographicComparator" time="0.0"/>
  <system-out><![CDATA[]]></system-out>
  <system-err><![CDATA[]]></system-err>
</testsuite>
