<?xml version="1.0" encoding="UTF-8"?>
<testsuite name="de.uka.ilkd.key.symbolic_execution.testcase.TestTruthValueEvaluationUtil" tests="29" skipped="5" failures="0" errors="0" timestamp="2023-01-31T21:01:35" hostname="fv-az470-859" time="84.937">
  <properties/>
  <testcase name="IGNORE_testAddingOfLabeledSubtree()" classname="de.uka.ilkd.key.symbolic_execution.testcase.TestTruthValueEvaluationUtil" time="0.0">
    <skipped/>
  </testcase>
  <testcase name="IGNORE_testArrayUtil()" classname="de.uka.ilkd.key.symbolic_execution.testcase.TestTruthValueEvaluationUtil" time="0.0">
    <skipped/>
  </testcase>
  <testcase name="IGNORE_testArrayUtil_NoOneStepSimplification()" classname="de.uka.ilkd.key.symbolic_execution.testcase.TestTruthValueEvaluationUtil" time="0.0">
    <skipped/>
  </testcase>
  <testcase name="IGNORE_testAssignableAndLoop()" classname="de.uka.ilkd.key.symbolic_execution.testcase.TestTruthValueEvaluationUtil" time="0.0">
    <skipped/>
  </testcase>
  <testcase name="IGNORE_testBlockContractMagic42()" classname="de.uka.ilkd.key.symbolic_execution.testcase.TestTruthValueEvaluationUtil" time="0.0">
    <skipped/>
  </testcase>
  <testcase name="testAnd3_replaceKnown()" classname="de.uka.ilkd.key.symbolic_execution.testcase.TestTruthValueEvaluationUtil" time="4.436"/>
  <testcase name="testArraySumWhile()" classname="de.uka.ilkd.key.symbolic_execution.testcase.TestTruthValueEvaluationUtil" time="3.476"/>
  <testcase name="testArraySumWhile_NoOneStepSimplification()" classname="de.uka.ilkd.key.symbolic_execution.testcase.TestTruthValueEvaluationUtil" time="3.533"/>
  <testcase name="testDifferentBranchesTest()" classname="de.uka.ilkd.key.symbolic_execution.testcase.TestTruthValueEvaluationUtil" time="3.898"/>
  <testcase name="testEquivExample_NoOneStepSimplification()" classname="de.uka.ilkd.key.symbolic_execution.testcase.TestTruthValueEvaluationUtil" time="3.171"/>
  <testcase name="testExceptinalAssignableNothingTest()" classname="de.uka.ilkd.key.symbolic_execution.testcase.TestTruthValueEvaluationUtil" time="3.416"/>
  <testcase name="testExceptinalAssignableNothingTest_OSS()" classname="de.uka.ilkd.key.symbolic_execution.testcase.TestTruthValueEvaluationUtil" time="3.357"/>
  <testcase name="testIfThenElseFormula()" classname="de.uka.ilkd.key.symbolic_execution.testcase.TestTruthValueEvaluationUtil" time="3.536"/>
  <testcase name="testIfThenElseInteger()" classname="de.uka.ilkd.key.symbolic_execution.testcase.TestTruthValueEvaluationUtil" time="3.497"/>
  <testcase name="testIfThenElseNotFormula()" classname="de.uka.ilkd.key.symbolic_execution.testcase.TestTruthValueEvaluationUtil" time="3.52"/>
  <testcase name="testJoinTestAfterBranchConditionWithWeakeningGoal()" classname="de.uka.ilkd.key.symbolic_execution.testcase.TestTruthValueEvaluationUtil" time="3.326"/>
  <testcase name="testMultiplePredicateResultsTest()" classname="de.uka.ilkd.key.symbolic_execution.testcase.TestTruthValueEvaluationUtil" time="3.395"/>
  <testcase name="testMyInteger()" classname="de.uka.ilkd.key.symbolic_execution.testcase.TestTruthValueEvaluationUtil" time="3.327"/>
  <testcase name="testNotLastEvaluationGivesTruthValue()" classname="de.uka.ilkd.key.symbolic_execution.testcase.TestTruthValueEvaluationUtil" time="3.268"/>
  <testcase name="testSimpleInstanceMethodContractApplication()" classname="de.uka.ilkd.key.symbolic_execution.testcase.TestTruthValueEvaluationUtil" time="3.259"/>
  <testcase name="testSimpleInstanceMethodContractApplication_NoOneStepSimplification()" classname="de.uka.ilkd.key.symbolic_execution.testcase.TestTruthValueEvaluationUtil" time="3.23"/>
  <testcase name="testSimpleMethodContractApplication()" classname="de.uka.ilkd.key.symbolic_execution.testcase.TestTruthValueEvaluationUtil" time="3.191"/>
  <testcase name="testSimpleMethodContractApplication_NoOneStepSimplification()" classname="de.uka.ilkd.key.symbolic_execution.testcase.TestTruthValueEvaluationUtil" time="3.134"/>
  <testcase name="testTruthValueLabelBelowUpdatesDifferentToApplicationTerm()" classname="de.uka.ilkd.key.symbolic_execution.testcase.TestTruthValueEvaluationUtil" time="3.17"/>
  <testcase name="testUnderstandingProofs_Account()" classname="de.uka.ilkd.key.symbolic_execution.testcase.TestTruthValueEvaluationUtil" time="3.567"/>
  <testcase name="testUnderstandingProofs_ArrayUtil()" classname="de.uka.ilkd.key.symbolic_execution.testcase.TestTruthValueEvaluationUtil" time="5.667"/>
  <testcase name="testUnderstandingProofs_Calendar()" classname="de.uka.ilkd.key.symbolic_execution.testcase.TestTruthValueEvaluationUtil" time="4.032"/>
  <testcase name="testUnderstandingProofs_MyInteger()" classname="de.uka.ilkd.key.symbolic_execution.testcase.TestTruthValueEvaluationUtil" time="3.367"/>
  <testcase name="testValueRejectedFormula()" classname="de.uka.ilkd.key.symbolic_execution.testcase.TestTruthValueEvaluationUtil" time="3.156"/>
  <system-out><![CDATA[]]></system-out>
  <system-err><![CDATA[]]></system-err>
</testsuite>
