<?xml version="1.0" encoding="UTF-8"?>
<testsuite name="de.uka.ilkd.key.symbolic_execution.testcase.util.TestSideProofStore" tests="2" skipped="0" failures="0" errors="0" timestamp="2023-01-31T21:10:58" hostname="fv-az470-859" time="0.004">
  <properties/>
  <testcase name="testEnabledState()" classname="de.uka.ilkd.key.symbolic_execution.testcase.util.TestSideProofStore" time="0.001"/>
  <testcase name="testProofManagement()" classname="de.uka.ilkd.key.symbolic_execution.testcase.util.TestSideProofStore" time="0.003"/>
  <system-out><![CDATA[]]></system-out>
  <system-err><![CDATA[]]></system-err>
</testsuite>
