<?xml version="1.0" encoding="UTF-8"?>
<testsuite name="de.uka.ilkd.key.nparser.ParseLDTsTests" tests="2" skipped="0" failures="0" errors="0" timestamp="2023-03-10T13:45:54" hostname="fv-az621-397" time="0.819">
  <properties/>
  <testcase name="testLDT()" classname="de.uka.ilkd.key.nparser.ParseLDTsTests" time="0.033"/>
  <testcase name="testSR()" classname="de.uka.ilkd.key.nparser.ParseLDTsTests" time="0.785"/>
  <system-out><![CDATA[]]></system-out>
  <system-err><![CDATA[]]></system-err>
</testsuite>
