<?xml version="1.0" encoding="UTF-8"?>
<testsuite name="de.uka.ilkd.key.proof.io.consistency.TestProofBundleIO" tests="3" skipped="0" failures="0" errors="0" timestamp="2023-03-10T13:49:39" hostname="fv-az621-397" time="7.203">
  <properties/>
  <testcase name="testSimpleFileRepo()" classname="de.uka.ilkd.key.proof.io.consistency.TestProofBundleIO" time="0.074"/>
  <testcase name="testComplexBundleGeneration()" classname="de.uka.ilkd.key.proof.io.consistency.TestProofBundleIO" time="1.138"/>
  <testcase name="testSimpleBundleGeneration()" classname="de.uka.ilkd.key.proof.io.consistency.TestProofBundleIO" time="5.989"/>
  <system-out><![CDATA[]]></system-out>
  <system-err><![CDATA[]]></system-err>
</testsuite>
