<?xml version="1.0" encoding="UTF-8"?>
<testsuite name="de.uka.ilkd.key.proof.runallproofs.RunAllProofsFunctional" tests="34" skipped="0" failures="0" errors="0" timestamp="2023-05-31T11:28:43" hostname="fv-az627-564" time="5104.945">
  <properties/>
  <testcase name="newBook" classname="de.uka.ilkd.key.proof.runallproofs.RunAllProofsFunctional" time="60.21"/>
  <testcase name="oldBook" classname="de.uka.ilkd.key.proof.runallproofs.RunAllProofsFunctional" time="16.356"/>
  <testcase name="comprehensions" classname="de.uka.ilkd.key.proof.runallproofs.RunAllProofsFunctional" time="64.843"/>
  <testcase name="performance" classname="de.uka.ilkd.key.proof.runallproofs.RunAllProofsFunctional" time="206.888"/>
  <testcase name="performancePOConstruction" classname="de.uka.ilkd.key.proof.runallproofs.RunAllProofsFunctional" time="74.847"/>
  <testcase name="applicationRestrictions" classname="de.uka.ilkd.key.proof.runallproofs.RunAllProofsFunctional" time="47.2"/>
  <testcase name="blockContracts" classname="de.uka.ilkd.key.proof.runallproofs.RunAllProofsFunctional" time="129.211"/>
  <testcase name="jmlAsserts" classname="de.uka.ilkd.key.proof.runallproofs.RunAllProofsFunctional" time="88.233"/>
  <testcase name="javaCard" classname="de.uka.ilkd.key.proof.runallproofs.RunAllProofsFunctional" time="125.676"/>
  <testcase name="list" classname="de.uka.ilkd.key.proof.runallproofs.RunAllProofsFunctional" time="267.34"/>
  <testcase name="list_ghost" classname="de.uka.ilkd.key.proof.runallproofs.RunAllProofsFunctional" time="65.841"/>
  <testcase name="list_recursive" classname="de.uka.ilkd.key.proof.runallproofs.RunAllProofsFunctional" time="20.865"/>
  <testcase name="list_seq" classname="de.uka.ilkd.key.proof.runallproofs.RunAllProofsFunctional" time="165.057"/>
  <testcase name="observer" classname="de.uka.ilkd.key.proof.runallproofs.RunAllProofsFunctional" time="94.863"/>
  <testcase name="removeDups" classname="de.uka.ilkd.key.proof.runallproofs.RunAllProofsFunctional" time="138.622"/>
  <testcase name="quicksort" classname="de.uka.ilkd.key.proof.runallproofs.RunAllProofsFunctional" time="104.017"/>
  <testcase name="simpleTests" classname="de.uka.ilkd.key.proof.runallproofs.RunAllProofsFunctional" time="158.597"/>
  <testcase name="SmansEtAl" classname="de.uka.ilkd.key.proof.runallproofs.RunAllProofsFunctional" time="190.103"/>
  <testcase name="VACID0" classname="de.uka.ilkd.key.proof.runallproofs.RunAllProofsFunctional" time="73.003"/>
  <testcase name="VSTTE10" classname="de.uka.ilkd.key.proof.runallproofs.RunAllProofsFunctional" time="172.778"/>
  <testcase name="WeideEtAl" classname="de.uka.ilkd.key.proof.runallproofs.RunAllProofsFunctional" time="28.036"/>
  <testcase name="arithmetic" classname="de.uka.ilkd.key.proof.runallproofs.RunAllProofsFunctional" time="488.27"/>
  <testcase name="arrays" classname="de.uka.ilkd.key.proof.runallproofs.RunAllProofsFunctional" time="54.58"/>
  <testcase name="javadl" classname="de.uka.ilkd.key.proof.runallproofs.RunAllProofsFunctional" time="574.866"/>
  <testcase name="FOL" classname="de.uka.ilkd.key.proof.runallproofs.RunAllProofsFunctional" time="278.819"/>
  <testcase name="strings" classname="de.uka.ilkd.key.proof.runallproofs.RunAllProofsFunctional" time="150.45"/>
  <testcase name="simple_info_flow" classname="de.uka.ilkd.key.proof.runallproofs.RunAllProofsFunctional" time="13.189"/>
  <testcase name="modelMethods" classname="de.uka.ilkd.key.proof.runallproofs.RunAllProofsFunctional" time="167.141"/>
  <testcase name="permissionHeap" classname="de.uka.ilkd.key.proof.runallproofs.RunAllProofsFunctional" time="794.841"/>
  <testcase name="completionScopes" classname="de.uka.ilkd.key.proof.runallproofs.RunAllProofsFunctional" time="50.82"/>
  <testcase name="reload_examples" classname="de.uka.ilkd.key.proof.runallproofs.RunAllProofsFunctional" time="41.013"/>
  <testcase name="proofLoadRepair" classname="de.uka.ilkd.key.proof.runallproofs.RunAllProofsFunctional" time="17.761"/>
  <testcase name="switch" classname="de.uka.ilkd.key.proof.runallproofs.RunAllProofsFunctional" time="58.152"/>
  <testcase name="redux" classname="de.uka.ilkd.key.proof.runallproofs.RunAllProofsFunctional" time="122.446"/>
  <system-out><![CDATA[1053       INFO  Test worker     d.u.i.k.p.r.RunAllProofsTestUnit Running test newBook 
316        INFO  Timeout watchdog d.u.i.k.p.r.p.ForkedTestFileRunner Timeout watcher launched (2000 secs.) 
330        WARN  main            d.u.i.k.s.ProofSettings   No proof-settings could be loaded, using defaults java.io.FileNotFoundException: /home/runner/.key/proof-settings.props (No such file or directory)
	at java.base/java.io.FileInputStream.open0(Native Method)

367        INFO  main            d.u.i.k.p.r.p.TestFile    Now processing file /home/runner/work/key/key/key.core/../key.ui/examples/newBook/09.list_modelfield/ArrayList.add.key 
489        INFO  main            d.u.i.k.p.i.AbstractProblemLoader Loading environment from /home/runner/work/key/key/key.core/../key.ui/examples/newBook/09.list_modelfield/ArrayList.add.key 
505        DEBUG main            d.u.i.k.p.i.AbstractProblemLoader Environment load took 1.8ms 
709        INFO  main            d.u.i.k.p.i.AbstractProblemLoader Creating init config 
1634       DEBUG main            d.u.i.k.j.TypeConverter   No LDT found for Meta 
1636       DEBUG main            d.u.i.k.j.TypeConverter   No LDT found for Meta 
1639       DEBUG main            d.u.i.k.j.TypeConverter   No LDT found for Meta 
1640       DEBUG main            d.u.i.k.j.TypeConverter   No LDT found for Meta 
2925       DEBUG main            d.u.i.k.j.TypeConverter   No LDT found for JavaBigintExpression 
7965       DEBUG main            d.u.i.k.p.i.AbstractProblemLoader Init config took 7.26s 
8092       INFO  main            d.u.i.k.p.i.AbstractProblemLoader Replaying proof ArrayList[List::add(int)].JML normal_behavior operation contract.0 
8122       DEBUG main            d.u.i.k.p.i.IntermediateProofReplayer Proof replay took 27.9ns 
24927      INFO  main            d.u.i.k.p.r.p.TestFile    ... finished proof: closed. 
25201      INFO  main            d.u.i.k.p.i.AbstractProblemLoader Loading environment from /home/runner/work/key/key/key.core/../key.ui/examples/newBook/09.list_modelfield/ArrayList.add.key.proof 
25201      DEBUG main            d.u.i.k.p.i.AbstractProblemLoader Environment load took 174ns 
25209      INFO  main            d.u.i.k.p.i.AbstractProblemLoader Creating init config 
28155      DEBUG main            d.u.i.k.p.i.AbstractProblemLoader Init config took 2.95s 
28229      INFO  main            d.u.i.k.p.i.AbstractProblemLoader Replaying proof ArrayList[List::add(int)].JML normal_behavior operation contract.0 
29527      DEBUG main            d.u.i.k.p.i.IntermediateProofReplayer Proof replay took 1.22s 
29539      DEBUG main            d.u.i.k.p.r.p.TestFile    ... success: reloaded. 
29542      INFO  main            d.u.i.k.p.r.p.TestFile    Now processing file /home/runner/work/key/key/key.core/../key.ui/examples/newBook/09.list_modelfield/ArrayList.remFirst.key 
29543      INFO  main            d.u.i.k.p.i.AbstractProblemLoader Loading environment from /home/runner/work/key/key/key.core/../key.ui/examples/newBook/09.list_modelfield/ArrayList.remFirst.key 
29543      DEBUG main            d.u.i.k.p.i.AbstractProblemLoader Environment load took 428.5ns 
29547      INFO  main            d.u.i.k.p.i.AbstractProblemLoader Creating init config 
32462      DEBUG main            d.u.i.k.p.i.AbstractProblemLoader Init config took 2.91s 
32518      INFO  main            d.u.i.k.p.i.AbstractProblemLoader Replaying proof ArrayList[List::remFirst()].JML normal_behavior operation contract.0 
32520      DEBUG main            d.u.i.k.p.i.IntermediateProofReplayer Proof replay took 4.4ns 
36619      INFO  main            d.u.i.k.p.r.p.TestFile    ... finished proof: closed. 
36794      INFO  main            d.u.i.k.p.i.AbstractProblemLoader Loading environment from /home/runner/work/key/key/key.core/../key.ui/examples/newBook/09.list_modelfield/ArrayList.remFirst.key.proof 
36794      DEBUG main            d.u.i.k.p.i.AbstractProblemLoader Environment load took 134.1ns 
36796      INFO  main            d.u.i.k.p.i.AbstractProblemLoader Creating init config 
39510      DEBUG main            d.u.i.k.p.i.AbstractProblemLoader Init config took 2.71s 
39560      INFO  main            d.u.i.k.p.i.AbstractProblemLoader Replaying proof ArrayList[List::remFirst()].JML normal_behavior operation contract.0 
40144      DEBUG main            d.u.i.k.p.i.IntermediateProofReplayer Proof replay took 561.64ms 
40145      DEBUG main            d.u.i.k.p.r.p.TestFile    ... success: reloaded. 
40146      INFO  main            d.u.i.k.p.r.p.TestFile    Now processing file /home/runner/work/key/key/key.core/../key.ui/examples/newBook/09.list_modelfield/ArrayList.empty.key 
40146      INFO  main            d.u.i.k.p.i.AbstractProblemLoader Loading environment from /home/runner/work/key/key/key.core/../key.ui/examples/newBook/09.list_modelfield/ArrayList.empty.key 
40146      DEBUG main            d.u.i.k.p.i.AbstractProblemLoader Environment load took 60.8ns 
40147      INFO  main            d.u.i.k.p.i.AbstractProblemLoader Creating init config 
42884      DEBUG main            d.u.i.k.p.i.AbstractProblemLoader Init config took 2.74s 
42931      INFO  main            d.u.i.k.p.i.AbstractProblemLoader Replaying proof ArrayList[List::empty()].JML normal_behavior operation contract.0 
42932      DEBUG main            d.u.i.k.p.i.IntermediateProofReplayer Proof replay took 4.9ns 
43938      INFO  main            d.u.i.k.p.r.p.TestFile    ... finished proof: closed. 
44096      INFO  main            d.u.i.k.p.i.AbstractProblemLoader Loading environment from /home/runner/work/key/key/key.core/../key.ui/examples/newBook/09.list_modelfield/ArrayList.empty.key.proof 
44097      DEBUG main            d.u.i.k.p.i.AbstractProblemLoader Environment load took 700.5ns 
44099      INFO  main            d.u.i.k.p.i.AbstractProblemLoader Creating init config 
46739      DEBUG main            d.u.i.k.p.i.AbstractProblemLoader Init config took 2.64s 
46789      INFO  main            d.u.i.k.p.i.AbstractProblemLoader Replaying proof ArrayList[List::empty()].JML normal_behavior operation contract.0 
46929      DEBUG main            d.u.i.k.p.i.IntermediateProofReplayer Proof replay took 133.28ms 
46931      DEBUG main            d.u.i.k.p.r.p.TestFile    ... success: reloaded. 
46932      INFO  main            d.u.i.k.p.r.p.TestFile    Now processing file /home/runner/work/key/key/key.core/../key.ui/examples/newBook/09.list_modelfield/ArrayList.size.key 
46932      INFO  main            d.u.i.k.p.i.AbstractProblemLoader Loading environment from /home/runner/work/key/key/key.core/../key.ui/examples/newBook/09.list_modelfield/ArrayList.size.key 
46933      DEBUG main            d.u.i.k.p.i.AbstractProblemLoader Environment load took 384.8ns 
46934      INFO  main            d.u.i.k.p.i.AbstractProblemLoader Creating init config 
49739      DEBUG main            d.u.i.k.p.i.AbstractProblemLoader Init config took 2.8s 
49815      INFO  main            d.u.i.k.p.i.AbstractProblemLoader Replaying proof ArrayList[List::size()].JML normal_behavior operation contract.0 
49819      DEBUG main            d.u.i.k.p.i.IntermediateProofReplayer Proof replay took 4.7ns 
50222      INFO  main            d.u.i.k.p.r.p.TestFile    ... finished proof: closed. 
50386      INFO  main            d.u.i.k.p.i.AbstractProblemLoader Loading environment from /home/runner/work/key/key/key.core/../key.ui/examples/newBook/09.list_modelfield/ArrayList.size.key.proof 
50387      DEBUG main            d.u.i.k.p.i.AbstractProblemLoader Environment load took 1.36ms 
50389      INFO  main            d.u.i.k.p.i.AbstractProblemLoader Creating init config 
53198      DEBUG main            d.u.i.k.p.i.AbstractProblemLoader Init config took 2.81s 
53245      INFO  main            d.u.i.k.p.i.AbstractProblemLoader Replaying proof ArrayList[List::size()].JML normal_behavior operation contract.0 
53303      DEBUG main            d.u.i.k.p.i.IntermediateProofReplayer Proof replay took 53.35ms 
53304      DEBUG main            d.u.i.k.p.r.p.TestFile    ... success: reloaded. 
53306      INFO  main            d.u.i.k.p.r.p.TestFile    Now processing file /home/runner/work/key/key/key.core/../key.ui/examples/newBook/09.list_modelfield/ArrayList.get.key 
53306      INFO  main            d.u.i.k.p.i.AbstractProblemLoader Loading environment from /home/runner/work/key/key/key.core/../key.ui/examples/newBook/09.list_modelfield/ArrayList.get.key 
53306      DEBUG main            d.u.i.k.p.i.AbstractProblemLoader Environment load took 365.9ns 
53308      INFO  main            d.u.i.k.p.i.AbstractProblemLoader Creating init config 
56056      DEBUG main            d.u.i.k.p.i.AbstractProblemLoader Init config took 2.75s 
56101      INFO  main            d.u.i.k.p.i.AbstractProblemLoader Replaying proof ArrayList[List::get(int)].JML normal_behavior operation contract.0 
56102      DEBUG main            d.u.i.k.p.i.IntermediateProofReplayer Proof replay took 4.9ns 
57015      INFO  main            d.u.i.k.p.r.p.TestFile    ... finished proof: closed. 
57188      INFO  main            d.u.i.k.p.i.AbstractProblemLoader Loading environment from /home/runner/work/key/key/key.core/../key.ui/examples/newBook/09.list_modelfield/ArrayList.get.key.proof 
57189      DEBUG main            d.u.i.k.p.i.AbstractProblemLoader Environment load took 768.5ns 
57190      INFO  main            d.u.i.k.p.i.AbstractProblemLoader Creating init config 
59849      DEBUG main            d.u.i.k.p.i.AbstractProblemLoader Init config took 2.66s 
59892      INFO  main            d.u.i.k.p.i.AbstractProblemLoader Replaying proof ArrayList[List::get(int)].JML normal_behavior operation contract.0 
59994      DEBUG main            d.u.i.k.p.i.IntermediateProofReplayer Proof replay took 96.18ms 
59995      DEBUG main            d.u.i.k.p.r.p.TestFile    ... success: reloaded. 
61247      INFO  Test worker     d.u.i.k.p.r.RunAllProofsTestUnit Returning from test newBook 
61266      INFO  Test worker     d.u.i.k.p.r.RunAllProofsTestUnit Running test oldBook 
314        INFO  Timeout watchdog d.u.i.k.p.r.p.ForkedTestFileRunner Timeout watcher launched (2000 secs.) 
323        WARN  main            d.u.i.k.s.ProofSettings   The settings in /home/runner/.key/proof-settings.props are *not* read. 
349        INFO  main            d.u.i.k.p.r.p.TestFile    Now processing file /home/runner/work/key/key/key.core/../key.ui/examples/standard_key/BookExamples/02FirstOrderLogic/Ex2.58.key 
451        INFO  main            d.u.i.k.p.i.AbstractProblemLoader Loading environment from /home/runner/work/key/key/key.core/../key.ui/examples/standard_key/BookExamples/02FirstOrderLogic/Ex2.58.key 
473        DEBUG main            d.u.i.k.p.i.AbstractProblemLoader Environment load took 1.86ms 
713        INFO  main            d.u.i.k.p.i.AbstractProblemLoader Creating init config 
1641       DEBUG main            d.u.i.k.j.TypeConverter   No LDT found for Meta 
1642       DEBUG main            d.u.i.k.j.TypeConverter   No LDT found for Meta 
1645       DEBUG main            d.u.i.k.j.TypeConverter   No LDT found for Meta 
1645       DEBUG main            d.u.i.k.j.TypeConverter   No LDT found for Meta 
2860       DEBUG main            d.u.i.k.j.TypeConverter   No LDT found for JavaBigintExpression 
7540       DEBUG main            d.u.i.k.p.i.AbstractProblemLoader Init config took 6.83s 
7606       INFO  main            d.u.i.k.p.i.AbstractProblemLoader Replaying proof Ex2.58.key 
7636       DEBUG main            d.u.i.k.p.i.IntermediateProofReplayer Proof replay took 30.7ns 
7783       INFO  main            d.u.i.k.p.r.p.TestFile    ... finished proof: closed. 
7873       INFO  main            d.u.i.k.p.i.AbstractProblemLoader Loading environment from /home/runner/work/key/key/key.core/../key.ui/examples/standard_key/BookExamples/02FirstOrderLogic/Ex2.58.key.proof 
7873       DEBUG main            d.u.i.k.p.i.AbstractProblemLoader Environment load took 126.7ns 
7878       INFO  main            d.u.i.k.p.i.AbstractProblemLoader Creating init config 
10468      DEBUG main            d.u.i.k.p.i.AbstractProblemLoader Init config took 2.59s 
10498      INFO  main            d.u.i.k.p.i.AbstractProblemLoader Replaying proof Ex2.58.key.proof 
10506      DEBUG main            d.u.i.k.p.i.IntermediateProofReplayer Proof replay took 3.34ms 
10517      DEBUG main            d.u.i.k.p.r.p.TestFile    ... success: reloaded. 
10518      INFO  main            d.u.i.k.p.r.p.TestFile    Now processing file /home/runner/work/key/key/key.core/../key.ui/examples/standard_key/BookExamples/03DynamicLogic/Sect3.3.1.key 
10519      INFO  main            d.u.i.k.p.i.AbstractProblemLoader Loading environment from /home/runner/work/key/key/key.core/../key.ui/examples/standard_key/BookExamples/03DynamicLogic/Sect3.3.1.key 
10519      DEBUG main            d.u.i.k.p.i.AbstractProblemLoader Environment load took 99.5ns 
10521      INFO  main            d.u.i.k.p.i.AbstractProblemLoader Creating init config 
13039      DEBUG main            d.u.i.k.p.i.AbstractProblemLoader Init config took 2.52s 
13085      INFO  main            d.u.i.k.p.i.AbstractProblemLoader Replaying proof Sect3.3.1.key 
13093      DEBUG main            d.u.i.k.p.i.IntermediateProofReplayer Proof replay took 5.8ns 
13500      INFO  main            d.u.i.k.p.r.p.TestFile    ... finished proof: closed. 
13621      INFO  main            d.u.i.k.p.i.AbstractProblemLoader Loading environment from /home/runner/work/key/key/key.core/../key.ui/examples/standard_key/BookExamples/03DynamicLogic/Sect3.3.1.key.proof 
13621      DEBUG main            d.u.i.k.p.i.AbstractProblemLoader Environment load took 118.4ns 
13626      INFO  main            d.u.i.k.p.i.AbstractProblemLoader Creating init config 
16077      DEBUG main            d.u.i.k.p.i.AbstractProblemLoader Init config took 2.45s 
16114      INFO  main            d.u.i.k.p.i.AbstractProblemLoader Replaying proof Sect3.3.1.key.proof 
16189      DEBUG main            d.u.i.k.p.i.IntermediateProofReplayer Proof replay took 66.3ms 
16190      DEBUG main            d.u.i.k.p.r.p.TestFile    ... success: reloaded. 
77620      INFO  Test worker     d.u.i.k.p.r.RunAllProofsTestUnit Returning from test oldBook 
77621      INFO  Test worker     d.u.i.k.p.r.RunAllProofsTestUnit Running test comprehensions 
330        INFO  Timeout watchdog d.u.i.k.p.r.p.ForkedTestFileRunner Timeout watcher launched (2000 secs.) 
343        WARN  main            d.u.i.k.s.ProofSettings   The settings in /home/runner/.key/proof-settings.props are *not* read. 
389        INFO  main            d.u.i.k.p.r.p.TestFile    Now processing file /home/runner/work/key/key/key.core/../key.ui/examples/heap/comprehensions/general_sum.key 
504        INFO  main            d.u.i.k.p.i.AbstractProblemLoader Loading environment from /home/runner/work/key/key/key.core/../key.ui/examples/heap/comprehensions/general_sum.key 
519        DEBUG main            d.u.i.k.p.i.AbstractProblemLoader Environment load took 1.72ms 
723        INFO  main            d.u.i.k.p.i.AbstractProblemLoader Creating init config 
1660       DEBUG main            d.u.i.k.j.TypeConverter   No LDT found for Meta 
1660       DEBUG main            d.u.i.k.j.TypeConverter   No LDT found for Meta 
1661       DEBUG main            d.u.i.k.j.TypeConverter   No LDT found for Meta 
1661       DEBUG main            d.u.i.k.j.TypeConverter   No LDT found for Meta 
3216       DEBUG main            d.u.i.k.j.TypeConverter   No LDT found for JavaBigintExpression 
8137       DEBUG main            d.u.i.k.p.i.AbstractProblemLoader Init config took 7.41s 
8261       INFO  main            d.u.i.k.p.i.AbstractProblemLoader Replaying proof GSum[GSum::doNothing()].JML operation contract.0 
8291       DEBUG main            d.u.i.k.p.i.IntermediateProofReplayer Proof replay took 29.1ns 
8621       INFO  main            d.u.i.k.p.r.p.TestFile    ... finished proof: closed. 
8729       INFO  main            d.u.i.k.p.i.AbstractProblemLoader Loading environment from /home/runner/work/key/key/key.core/../key.ui/examples/heap/comprehensions/general_sum.key.proof 
8729       DEBUG main            d.u.i.k.p.i.AbstractProblemLoader Environment load took 146.2ns 
8731       INFO  main            d.u.i.k.p.i.AbstractProblemLoader Creating init config 
11544      DEBUG main            d.u.i.k.p.i.AbstractProblemLoader Init config took 2.81s 
11602      INFO  main            d.u.i.k.p.i.AbstractProblemLoader Replaying proof GSum[GSum::doNothing()].JML operation contract.0 
11618      DEBUG main            d.u.i.k.p.i.IntermediateProofReplayer Proof replay took 11.9ms 
11626      DEBUG main            d.u.i.k.p.r.p.TestFile    ... success: reloaded. 
11626      INFO  main            d.u.i.k.p.r.p.TestFile    Now processing file /home/runner/work/key/key/key.core/../key.ui/examples/heap/comprehensions/sum0.key 
11627      INFO  main            d.u.i.k.p.i.AbstractProblemLoader Loading environment from /home/runner/work/key/key/key.core/../key.ui/examples/heap/comprehensions/sum0.key 
11627      DEBUG main            d.u.i.k.p.i.AbstractProblemLoader Environment load took 75.1ns 
11628      INFO  main            d.u.i.k.p.i.AbstractProblemLoader Creating init config 
14354      DEBUG main            d.u.i.k.p.i.AbstractProblemLoader Init config took 2.73s 
14410      INFO  main            d.u.i.k.p.i.AbstractProblemLoader Replaying proof Sum[Sum::sum0([I)].JML normal_behavior operation contract.0 
14412      DEBUG main            d.u.i.k.p.i.IntermediateProofReplayer Proof replay took 5.7ns 
14506      DEBUG Thread-4        d.u.i.k.l.l.OriginTermLabel commonFileName is null! 
14507      DEBUG Thread-4        d.u.i.k.l.l.OriginTermLabel commonFileName is null! 
14787      DEBUG Thread-4        d.u.i.k.l.l.OriginTermLabel commonFileName is null! 
14788      DEBUG Thread-4        d.u.i.k.l.l.OriginTermLabel commonFileName is null! 
14991      DEBUG Thread-4        d.u.i.k.l.l.OriginTermLabel commonFileName is null! 
15220      INFO  main            d.u.i.k.p.r.p.TestFile    ... finished proof: closed. 
15353      INFO  main            d.u.i.k.p.i.AbstractProblemLoader Loading environment from /home/runner/work/key/key/key.core/../key.ui/examples/heap/comprehensions/sum0.key.proof 
15353      DEBUG main            d.u.i.k.p.i.AbstractProblemLoader Environment load took 118.9ns 
15354      INFO  main            d.u.i.k.p.i.AbstractProblemLoader Creating init config 
18034      DEBUG main            d.u.i.k.p.i.AbstractProblemLoader Init config took 2.68s 
18081      INFO  main            d.u.i.k.p.i.AbstractProblemLoader Replaying proof Sum[Sum::sum0([I)].JML normal_behavior operation contract.0 
18112      DEBUG main            d.u.i.k.l.l.OriginTermLabel commonFileName is null! 
18113      DEBUG main            d.u.i.k.l.l.OriginTermLabel commonFileName is null! 
18164      DEBUG main            d.u.i.k.l.l.OriginTermLabel commonFileName is null! 
18195      DEBUG main            d.u.i.k.l.l.OriginTermLabel commonFileName is null! 
18196      DEBUG main            d.u.i.k.l.l.OriginTermLabel commonFileName is null! 
18199      DEBUG main            d.u.i.k.p.i.IntermediateProofReplayer Proof replay took 112.23ms 
18200      DEBUG main            d.u.i.k.p.r.p.TestFile    ... success: reloaded. 
18202      INFO  main            d.u.i.k.p.r.p.TestFile    Now processing file /home/runner/work/key/key/key.core/../key.ui/examples/heap/comprehensions/sum1.key 
18202      INFO  main            d.u.i.k.p.i.AbstractProblemLoader Loading environment from /home/runner/work/key/key/key.core/../key.ui/examples/heap/comprehensions/sum1.key 
18203      DEBUG main            d.u.i.k.p.i.AbstractProblemLoader Environment load took 375.6ns 
18204      INFO  main            d.u.i.k.p.i.AbstractProblemLoader Creating init config 
20841      DEBUG main            d.u.i.k.p.i.AbstractProblemLoader Init config took 2.64s 
20885      INFO  main            d.u.i.k.p.i.AbstractProblemLoader Replaying proof Sum[Sum::sum1([I)].JML normal_behavior operation contract.0 
20887      DEBUG main            d.u.i.k.p.i.IntermediateProofReplayer Proof replay took 6.1ns 
20939      DEBUG Thread-7        d.u.i.k.l.l.OriginTermLabel commonFileName is null! 
20940      DEBUG Thread-7        d.u.i.k.l.l.OriginTermLabel commonFileName is null! 
21070      DEBUG Thread-7        d.u.i.k.l.l.OriginTermLabel commonFileName is null! 
21071      DEBUG Thread-7        d.u.i.k.l.l.OriginTermLabel commonFileName is null! 
21183      DEBUG Thread-7        d.u.i.k.l.l.OriginTermLabel commonFileName is null! 
21391      INFO  main            d.u.i.k.p.r.p.TestFile    ... finished proof: closed. 
21544      INFO  main            d.u.i.k.p.i.AbstractProblemLoader Loading environment from /home/runner/work/key/key/key.core/../key.ui/examples/heap/comprehensions/sum1.key.proof 
21545      DEBUG main            d.u.i.k.p.i.AbstractProblemLoader Environment load took 1.29ms 
21546      INFO  main            d.u.i.k.p.i.AbstractProblemLoader Creating init config 
24100      DEBUG main            d.u.i.k.p.i.AbstractProblemLoader Init config took 2.55s 
24154      INFO  main            d.u.i.k.p.i.AbstractProblemLoader Replaying proof Sum[Sum::sum1([I)].JML normal_behavior operation contract.0 
24195      DEBUG main            d.u.i.k.l.l.OriginTermLabel commonFileName is null! 
24196      DEBUG main            d.u.i.k.l.l.OriginTermLabel commonFileName is null! 
24250      DEBUG main            d.u.i.k.l.l.OriginTermLabel commonFileName is null! 
24287      DEBUG main            d.u.i.k.l.l.OriginTermLabel commonFileName is null! 
24287      DEBUG main            d.u.i.k.l.l.OriginTermLabel commonFileName is null! 
24290      DEBUG main            d.u.i.k.p.i.IntermediateProofReplayer Proof replay took 125.58ms 
24292      DEBUG main            d.u.i.k.p.r.p.TestFile    ... success: reloaded. 
24293      INFO  main            d.u.i.k.p.r.p.TestFile    Now processing file /home/runner/work/key/key/key.core/../key.ui/examples/heap/comprehensions/sum2.key 
24294      INFO  main            d.u.i.k.p.i.AbstractProblemLoader Loading environment from /home/runner/work/key/key/key.core/../key.ui/examples/heap/comprehensions/sum2.key 
24294      DEBUG main            d.u.i.k.p.i.AbstractProblemLoader Environment load took 338.8ns 
24296      INFO  main            d.u.i.k.p.i.AbstractProblemLoader Creating init config 
26950      DEBUG main            d.u.i.k.p.i.AbstractProblemLoader Init config took 2.65s 
26992      INFO  main            d.u.i.k.p.i.AbstractProblemLoader Replaying proof Sum[Sum::sum2([I)].JML normal_behavior operation contract.0 
26994      DEBUG main            d.u.i.k.p.i.IntermediateProofReplayer Proof replay took 5.8ns 
27035      DEBUG Thread-10       d.u.i.k.l.l.OriginTermLabel commonFileName is null! 
27036      DEBUG Thread-10       d.u.i.k.l.l.OriginTermLabel commonFileName is null! 
27134      DEBUG Thread-10       d.u.i.k.l.l.OriginTermLabel commonFileName is null! 
27134      DEBUG Thread-10       d.u.i.k.l.l.OriginTermLabel commonFileName is null! 
27203      DEBUG Thread-10       d.u.i.k.l.l.OriginTermLabel commonFileName is null! 
27320      INFO  main            d.u.i.k.p.r.p.TestFile    ... finished proof: closed. 
27445      INFO  main            d.u.i.k.p.i.AbstractProblemLoader Loading environment from /home/runner/work/key/key/key.core/../key.ui/examples/heap/comprehensions/sum2.key.proof 
27445      DEBUG main            d.u.i.k.p.i.AbstractProblemLoader Environment load took 112.9ns 
27446      INFO  main            d.u.i.k.p.i.AbstractProblemLoader Creating init config 
29980      DEBUG main            d.u.i.k.p.i.AbstractProblemLoader Init config took 2.53s 
30021      INFO  main            d.u.i.k.p.i.AbstractProblemLoader Replaying proof Sum[Sum::sum2([I)].JML normal_behavior operation contract.0 
30044      DEBUG main            d.u.i.k.l.l.OriginTermLabel commonFileName is null! 
30044      DEBUG main            d.u.i.k.l.l.OriginTermLabel commonFileName is null! 
30103      DEBUG main            d.u.i.k.l.l.OriginTermLabel commonFileName is null! 
30127      DEBUG main            d.u.i.k.l.l.OriginTermLabel commonFileName is null! 
30128      DEBUG main            d.u.i.k.l.l.OriginTermLabel commonFileName is null! 
30130      DEBUG main            d.u.i.k.p.i.IntermediateProofReplayer Proof replay took 105.83ms 
30131      DEBUG main            d.u.i.k.p.r.p.TestFile    ... success: reloaded. 
30132      INFO  main            d.u.i.k.p.r.p.TestFile    Now processing file /home/runner/work/key/key/key.core/../key.ui/examples/heap/comprehensions/sum3.key 
30132      INFO  main            d.u.i.k.p.i.AbstractProblemLoader Loading environment from /home/runner/work/key/key/key.core/../key.ui/examples/heap/comprehensions/sum3.key 
30133      DEBUG main            d.u.i.k.p.i.AbstractProblemLoader Environment load took 104.1ns 
30134      INFO  main            d.u.i.k.p.i.AbstractProblemLoader Creating init config 
32715      DEBUG main            d.u.i.k.p.i.AbstractProblemLoader Init config took 2.58s 
32755      INFO  main            d.u.i.k.p.i.AbstractProblemLoader Replaying proof Sum[Sum::sum3([I)].JML normal_behavior operation contract.0 
32757      DEBUG main            d.u.i.k.p.i.IntermediateProofReplayer Proof replay took 6.1ns 
32803      DEBUG Thread-13       d.u.i.k.l.l.OriginTermLabel commonFileName is null! 
32804      DEBUG Thread-13       d.u.i.k.l.l.OriginTermLabel commonFileName is null! 
32909      DEBUG Thread-13       d.u.i.k.l.l.OriginTermLabel commonFileName is null! 
32909      DEBUG Thread-13       d.u.i.k.l.l.OriginTermLabel commonFileName is null! 
32989      DEBUG Thread-13       d.u.i.k.l.l.OriginTermLabel commonFileName is null! 
33160      INFO  main            d.u.i.k.p.r.p.TestFile    ... finished proof: closed. 
33313      INFO  main            d.u.i.k.p.i.AbstractProblemLoader Loading environment from /home/runner/work/key/key/key.core/../key.ui/examples/heap/comprehensions/sum3.key.proof 
33313      DEBUG main            d.u.i.k.p.i.AbstractProblemLoader Environment load took 112.1ns 
33314      INFO  main            d.u.i.k.p.i.AbstractProblemLoader Creating init config 
35822      DEBUG main            d.u.i.k.p.i.AbstractProblemLoader Init config took 2.51s 
35861      INFO  main            d.u.i.k.p.i.AbstractProblemLoader Replaying proof Sum[Sum::sum3([I)].JML normal_behavior operation contract.0 
35887      DEBUG main            d.u.i.k.l.l.OriginTermLabel commonFileName is null! 
35889      DEBUG main            d.u.i.k.l.l.OriginTermLabel commonFileName is null! 
35922      DEBUG main            d.u.i.k.l.l.OriginTermLabel commonFileName is null! 
35945      DEBUG main            d.u.i.k.l.l.OriginTermLabel commonFileName is null! 
35947      DEBUG main            d.u.i.k.l.l.OriginTermLabel commonFileName is null! 
35950      DEBUG main            d.u.i.k.p.i.IntermediateProofReplayer Proof replay took 85.44ms 
35952      DEBUG main            d.u.i.k.p.r.p.TestFile    ... success: reloaded. 
35956      INFO  main            d.u.i.k.p.r.p.TestFile    Now processing file /home/runner/work/key/key/key.core/../key.ui/examples/heap/comprehensions/segsum.key 
35956      INFO  main            d.u.i.k.p.i.AbstractProblemLoader Loading environment from /home/runner/work/key/key/key.core/../key.ui/examples/heap/comprehensions/segsum.key 
35957      DEBUG main            d.u.i.k.p.i.AbstractProblemLoader Environment load took 471.3ns 
35960      INFO  main            d.u.i.k.p.i.AbstractProblemLoader Creating init config 
38494      DEBUG main            d.u.i.k.p.i.AbstractProblemLoader Init config took 2.53s 
38533      INFO  main            d.u.i.k.p.i.AbstractProblemLoader Replaying proof SegSum[SegSum::segSum([I,int,int)].JML normal_behavior operation contract.0 
38538      DEBUG main            d.u.i.k.p.i.IntermediateProofReplayer Proof replay took 6.2ns 
38942      INFO  main            d.u.i.k.p.r.p.TestFile    ... finished proof: closed. 
39101      INFO  main            d.u.i.k.p.i.AbstractProblemLoader Loading environment from /home/runner/work/key/key/key.core/../key.ui/examples/heap/comprehensions/segsum.key.proof 
39102      DEBUG main            d.u.i.k.p.i.AbstractProblemLoader Environment load took 658.3ns 
39103      INFO  main            d.u.i.k.p.i.AbstractProblemLoader Creating init config 
41589      DEBUG main            d.u.i.k.p.i.AbstractProblemLoader Init config took 2.49s 
41627      INFO  main            d.u.i.k.p.i.AbstractProblemLoader Replaying proof SegSum[SegSum::segSum([I,int,int)].JML normal_behavior operation contract.0 
41708      DEBUG main            d.u.i.k.p.i.IntermediateProofReplayer Proof replay took 74.04ms 
41710      DEBUG main            d.u.i.k.p.r.p.TestFile    ... success: reloaded. 
41716      INFO  main            d.u.i.k.p.r.p.TestFile    Now processing file /home/runner/work/key/key/key.core/../key.ui/examples/heap/comprehensions/bsum_negative.key 
41717      INFO  main            d.u.i.k.p.i.AbstractProblemLoader Loading environment from /home/runner/work/key/key/key.core/../key.ui/examples/heap/comprehensions/bsum_negative.key 
41717      DEBUG main            d.u.i.k.p.i.AbstractProblemLoader Environment load took 363.2ns 
41719      INFO  main            d.u.i.k.p.i.AbstractProblemLoader Creating init config 
44083      DEBUG main            d.u.i.k.p.i.AbstractProblemLoader Init config took 2.36s 
44101      INFO  main            d.u.i.k.p.i.AbstractProblemLoader Replaying proof bsum_negative.key 
44104      DEBUG main            d.u.i.k.p.i.IntermediateProofReplayer Proof replay took 6.1ns 
44209      INFO  main            d.u.i.k.p.r.p.TestFile    ... finished proof: closed. 
44357      INFO  main            d.u.i.k.p.i.AbstractProblemLoader Loading environment from /home/runner/work/key/key/key.core/../key.ui/examples/heap/comprehensions/bsum_negative.key.proof 
44357      DEBUG main            d.u.i.k.p.i.AbstractProblemLoader Environment load took 104.5ns 
44358      INFO  main            d.u.i.k.p.i.AbstractProblemLoader Creating init config 
46741      DEBUG main            d.u.i.k.p.i.AbstractProblemLoader Init config took 2.38s 
46758      INFO  main            d.u.i.k.p.i.AbstractProblemLoader Replaying proof bsum_negative.key.proof 
46761      DEBUG main            d.u.i.k.p.i.IntermediateProofReplayer Proof replay took 1.53ms 
46762      DEBUG main            d.u.i.k.p.r.p.TestFile    ... success: reloaded. 
46763      INFO  main            d.u.i.k.p.r.p.TestFile    Now processing file /home/runner/work/key/key/key.core/../key.ui/examples/heap/comprehensions/bsum_neg2.key 
46763      INFO  main            d.u.i.k.p.i.AbstractProblemLoader Loading environment from /home/runner/work/key/key/key.core/../key.ui/examples/heap/comprehensions/bsum_neg2.key 
46763      DEBUG main            d.u.i.k.p.i.AbstractProblemLoader Environment load took 51ns 
46764      INFO  main            d.u.i.k.p.i.AbstractProblemLoader Creating init config 
49226      DEBUG main            d.u.i.k.p.i.AbstractProblemLoader Init config took 2.46s 
49243      INFO  main            d.u.i.k.p.i.AbstractProblemLoader Replaying proof bsum_neg2.key 
49245      DEBUG main            d.u.i.k.p.i.IntermediateProofReplayer Proof replay took 6.6ns 
49347      INFO  main            d.u.i.k.p.r.p.TestFile    ... finished proof: closed. 
49499      INFO  main            d.u.i.k.p.i.AbstractProblemLoader Loading environment from /home/runner/work/key/key/key.core/../key.ui/examples/heap/comprehensions/bsum_neg2.key.proof 
49499      DEBUG main            d.u.i.k.p.i.AbstractProblemLoader Environment load took 106ns 
49500      INFO  main            d.u.i.k.p.i.AbstractProblemLoader Creating init config 
51823      DEBUG main            d.u.i.k.p.i.AbstractProblemLoader Init config took 2.32s 
51839      INFO  main            d.u.i.k.p.i.AbstractProblemLoader Replaying proof bsum_neg2.key.proof 
51842      DEBUG main            d.u.i.k.p.i.IntermediateProofReplayer Proof replay took 836.7ns 
51843      DEBUG main            d.u.i.k.p.r.p.TestFile    ... success: reloaded. 
51843      INFO  main            d.u.i.k.p.r.p.TestFile    Now processing file /home/runner/work/key/key/key.core/../key.ui/examples/heap/comprehensions/bsumSplit.key 
51844      INFO  main            d.u.i.k.p.i.AbstractProblemLoader Loading environment from /home/runner/work/key/key/key.core/../key.ui/examples/heap/comprehensions/bsumSplit.key 
51844      DEBUG main            d.u.i.k.p.i.AbstractProblemLoader Environment load took 302.5ns 
51845      INFO  main            d.u.i.k.p.i.AbstractProblemLoader Creating init config 
54241      DEBUG main            d.u.i.k.p.i.AbstractProblemLoader Init config took 2.4s 
54261      INFO  main            d.u.i.k.p.i.AbstractProblemLoader Replaying proof bsumSplit.key 
54262      DEBUG main            d.u.i.k.p.i.IntermediateProofReplayer Proof replay took 5.6ns 
54367      INFO  main            d.u.i.k.p.r.p.TestFile    ... finished proof: closed. 
54535      INFO  main            d.u.i.k.p.i.AbstractProblemLoader Loading environment from /home/runner/work/key/key/key.core/../key.ui/examples/heap/comprehensions/bsumSplit.key.proof 
54535      DEBUG main            d.u.i.k.p.i.AbstractProblemLoader Environment load took 98.5ns 
54538      INFO  main            d.u.i.k.p.i.AbstractProblemLoader Creating init config 
56852      DEBUG main            d.u.i.k.p.i.AbstractProblemLoader Init config took 2.31s 
56876      INFO  main            d.u.i.k.p.i.AbstractProblemLoader Replaying proof bsumSplit.key.proof 
56884      DEBUG main            d.u.i.k.p.i.IntermediateProofReplayer Proof replay took 6.39ms 
56885      DEBUG main            d.u.i.k.p.r.p.TestFile    ... success: reloaded. 
56885      INFO  main            d.u.i.k.p.r.p.TestFile    Now processing file /home/runner/work/key/key/key.core/../key.ui/examples/heap/comprehensions/bprodSplit.key 
56885      INFO  main            d.u.i.k.p.i.AbstractProblemLoader Loading environment from /home/runner/work/key/key/key.core/../key.ui/examples/heap/comprehensions/bprodSplit.key 
56886      DEBUG main            d.u.i.k.p.i.AbstractProblemLoader Environment load took 53.9ns 
56886      INFO  main            d.u.i.k.p.i.AbstractProblemLoader Creating init config 
59286      DEBUG main            d.u.i.k.p.i.AbstractProblemLoader Init config took 2.4s 
59300      INFO  main            d.u.i.k.p.i.AbstractProblemLoader Replaying proof bprodSplit.key 
59302      DEBUG main            d.u.i.k.p.i.IntermediateProofReplayer Proof replay took 5.4ns 
59404      INFO  main            d.u.i.k.p.r.p.TestFile    ... finished proof: closed. 
59567      INFO  main            d.u.i.k.p.i.AbstractProblemLoader Loading environment from /home/runner/work/key/key/key.core/../key.ui/examples/heap/comprehensions/bprodSplit.key.proof 
59567      DEBUG main            d.u.i.k.p.i.AbstractProblemLoader Environment load took 102.5ns 
59568      INFO  main            d.u.i.k.p.i.AbstractProblemLoader Creating init config 
61895      DEBUG main            d.u.i.k.p.i.AbstractProblemLoader Init config took 2.33s 
61910      INFO  main            d.u.i.k.p.i.AbstractProblemLoader Replaying proof bprodSplit.key.proof 
61914      DEBUG main            d.u.i.k.p.i.IntermediateProofReplayer Proof replay took 1.74ms 
61916      DEBUG main            d.u.i.k.p.r.p.TestFile    ... success: reloaded. 
61916      INFO  main            d.u.i.k.p.r.p.TestFile    Now processing file /home/runner/work/key/key/key.core/../key.ui/examples/heap/comprehensions/bsumSplitInvalid.key 
61917      INFO  main            d.u.i.k.p.i.AbstractProblemLoader Loading environment from /home/runner/work/key/key/key.core/../key.ui/examples/heap/comprehensions/bsumSplitInvalid.key 
61917      DEBUG main            d.u.i.k.p.i.AbstractProblemLoader Environment load took 281.4ns 
61918      INFO  main            d.u.i.k.p.i.AbstractProblemLoader Creating init config 
64289      DEBUG main            d.u.i.k.p.i.AbstractProblemLoader Init config took 2.37s 
64306      INFO  main            d.u.i.k.p.i.AbstractProblemLoader Replaying proof bsumSplitInvalid.key 
64307      DEBUG main            d.u.i.k.p.i.IntermediateProofReplayer Proof replay took 5.4ns 
64410      INFO  main            d.u.i.k.p.r.p.TestFile    ... finished proof: open goal(s) 
142462     INFO  Test worker     d.u.i.k.p.r.RunAllProofsTestUnit Returning from test comprehensions 
142464     INFO  Test worker     d.u.i.k.p.r.RunAllProofsTestUnit Running test performance 
352        INFO  Timeout watchdog d.u.i.k.p.r.p.ForkedTestFileRunner Timeout watcher launched (2000 secs.) 
362        WARN  main            d.u.i.k.s.ProofSettings   The settings in /home/runner/.key/proof-settings.props are *not* read. 
392        INFO  main            d.u.i.k.p.r.p.TestFile    Now processing file /home/runner/work/key/key/key.core/../key.ui/examples/performance-test/Disjoint(Disjoint__disjoint_08()).JML_operation_contract.0.key 
499        INFO  main            d.u.i.k.p.i.AbstractProblemLoader Loading environment from /home/runner/work/key/key/key.core/../key.ui/examples/performance-test/Disjoint(Disjoint__disjoint_08()).JML_operation_contract.0.key 
515        DEBUG main            d.u.i.k.p.i.AbstractProblemLoader Environment load took 2.4ms 
729        INFO  main            d.u.i.k.p.i.AbstractProblemLoader Creating init config 
1639       DEBUG main            d.u.i.k.j.TypeConverter   No LDT found for Meta 
1639       DEBUG main            d.u.i.k.j.TypeConverter   No LDT found for Meta 
1640       DEBUG main            d.u.i.k.j.TypeConverter   No LDT found for Meta 
1640       DEBUG main            d.u.i.k.j.TypeConverter   No LDT found for Meta 
3261       DEBUG main            d.u.i.k.j.TypeConverter   No LDT found for JavaBigintExpression 
8351       DEBUG main            d.u.i.k.j.r.ClassPreparationMethodBuilder clPrepBuilder: Inner Class detected. Reject building class initialisation methods. 
15907      DEBUG main            d.u.i.k.p.i.AbstractProblemLoader Init config took 15.18s 
16122      INFO  main            d.u.i.k.p.i.AbstractProblemLoader Replaying proof Disjoint[Disjoint::disjoint_8()].JML operation contract.0 
16173      DEBUG main            d.u.i.k.p.i.IntermediateProofReplayer Proof replay took 343.8ns 
18823      INFO  main            d.u.i.k.p.r.p.TestFile    ... finished proof: closed. 
19017      INFO  main            d.u.i.k.p.i.AbstractProblemLoader Loading environment from /home/runner/work/key/key/key.core/../key.ui/examples/performance-test/Disjoint(Disjoint__disjoint_08()).JML_operation_contract.0.key.proof 
19018      DEBUG main            d.u.i.k.p.i.AbstractProblemLoader Environment load took 644.9ns 
19021      INFO  main            d.u.i.k.p.i.AbstractProblemLoader Creating init config 
21999      DEBUG main            d.u.i.k.j.r.ClassPreparationMethodBuilder clPrepBuilder: Inner Class detected. Reject building class initialisation methods. 
28695      DEBUG main            d.u.i.k.p.i.AbstractProblemLoader Init config took 9.67s 
28822      INFO  main            d.u.i.k.p.i.AbstractProblemLoader Replaying proof Disjoint[Disjoint::disjoint_8()].JML operation contract.0 
29265      DEBUG main            d.u.i.k.p.i.IntermediateProofReplayer Proof replay took 412.38ms 
29274      DEBUG main            d.u.i.k.p.r.p.TestFile    ... success: reloaded. 
29276      INFO  main            d.u.i.k.p.r.p.TestFile    Now processing file /home/runner/work/key/key/key.core/../key.ui/examples/performance-test/Disjoint(Disjoint__disjoint2_08()).JML_operation_contract.0.key 
29277      INFO  main            d.u.i.k.p.i.AbstractProblemLoader Loading environment from /home/runner/work/key/key/key.core/../key.ui/examples/performance-test/Disjoint(Disjoint__disjoint2_08()).JML_operation_contract.0.key 
29277      DEBUG main            d.u.i.k.p.i.AbstractProblemLoader Environment load took 355.3ns 
29278      INFO  main            d.u.i.k.p.i.AbstractProblemLoader Creating init config 
32188      DEBUG main            d.u.i.k.j.r.ClassPreparationMethodBuilder clPrepBuilder: Inner Class detected. Reject building class initialisation methods. 
38845      DEBUG main            d.u.i.k.p.i.AbstractProblemLoader Init config took 9.57s 
38949      INFO  main            d.u.i.k.p.i.AbstractProblemLoader Replaying proof Disjoint[Disjoint::disjoint2_8()].JML operation contract.0 
38952      DEBUG main            d.u.i.k.p.i.IntermediateProofReplayer Proof replay took 10.3ns 
39957      INFO  main            d.u.i.k.p.r.p.TestFile    ... finished proof: closed. 
40209      INFO  main            d.u.i.k.p.i.AbstractProblemLoader Loading environment from /home/runner/work/key/key/key.core/../key.ui/examples/performance-test/Disjoint(Disjoint__disjoint2_08()).JML_operation_contract.0.key.proof 
40210      DEBUG main            d.u.i.k.p.i.AbstractProblemLoader Environment load took 797ns 
40213      INFO  main            d.u.i.k.p.i.AbstractProblemLoader Creating init config 
43075      DEBUG main            d.u.i.k.j.r.ClassPreparationMethodBuilder clPrepBuilder: Inner Class detected. Reject building class initialisation methods. 
49625      DEBUG main            d.u.i.k.p.i.AbstractProblemLoader Init config took 9.41s 
49716      INFO  main            d.u.i.k.p.i.AbstractProblemLoader Replaying proof Disjoint[Disjoint::disjoint2_8()].JML operation contract.0 
49829      DEBUG main            d.u.i.k.p.i.IntermediateProofReplayer Proof replay took 108.55ms 
49830      DEBUG main            d.u.i.k.p.r.p.TestFile    ... success: reloaded. 
49831      INFO  main            d.u.i.k.p.r.p.TestFile    Now processing file /home/runner/work/key/key/key.core/../key.ui/examples/performance-test/AccessChain1(AccessChain1__foo_08()).JML_operation_contract.0.key 
49832      INFO  main            d.u.i.k.p.i.AbstractProblemLoader Loading environment from /home/runner/work/key/key/key.core/../key.ui/examples/performance-test/AccessChain1(AccessChain1__foo_08()).JML_operation_contract.0.key 
49832      DEBUG main            d.u.i.k.p.i.AbstractProblemLoader Environment load took 61.9ns 
49833      INFO  main            d.u.i.k.p.i.AbstractProblemLoader Creating init config 
52631      DEBUG main            d.u.i.k.j.r.ClassPreparationMethodBuilder clPrepBuilder: Inner Class detected. Reject building class initialisation methods. 
59089      DEBUG main            d.u.i.k.p.i.AbstractProblemLoader Init config took 9.26s 
59180      INFO  main            d.u.i.k.p.i.AbstractProblemLoader Replaying proof AccessChain1[AccessChain1::foo_8()].JML operation contract.0 
59182      DEBUG main            d.u.i.k.p.i.IntermediateProofReplayer Proof replay took 9.3ns 
61504      INFO  main            d.u.i.k.p.r.p.TestFile    ... finished proof: closed. 
61812      INFO  main            d.u.i.k.p.i.AbstractProblemLoader Loading environment from /home/runner/work/key/key/key.core/../key.ui/examples/performance-test/AccessChain1(AccessChain1__foo_08()).JML_operation_contract.0.key.proof 
61816      DEBUG main            d.u.i.k.p.i.AbstractProblemLoader Environment load took 3.35ms 
61820      INFO  main            d.u.i.k.p.i.AbstractProblemLoader Creating init config 
64547      DEBUG main            d.u.i.k.j.r.ClassPreparationMethodBuilder clPrepBuilder: Inner Class detected. Reject building class initialisation methods. 
70934      DEBUG main            d.u.i.k.p.i.AbstractProblemLoader Init config took 9.11s 
71022      INFO  main            d.u.i.k.p.i.AbstractProblemLoader Replaying proof AccessChain1[AccessChain1::foo_8()].JML operation contract.0 
71516      DEBUG main            d.u.i.k.p.i.IntermediateProofReplayer Proof replay took 479.59ms 
71518      DEBUG main            d.u.i.k.p.r.p.TestFile    ... success: reloaded. 
71520      INFO  main            d.u.i.k.p.r.p.TestFile    Now processing file /home/runner/work/key/key/key.core/../key.ui/examples/performance-test/AccessChain4(AccessChain4__foo_08()).JML_operation_contract.0.key 
71521      INFO  main            d.u.i.k.p.i.AbstractProblemLoader Loading environment from /home/runner/work/key/key/key.core/../key.ui/examples/performance-test/AccessChain4(AccessChain4__foo_08()).JML_operation_contract.0.key 
71521      DEBUG main            d.u.i.k.p.i.AbstractProblemLoader Environment load took 185.1ns 
71522      INFO  main            d.u.i.k.p.i.AbstractProblemLoader Creating init config 
74305      DEBUG main            d.u.i.k.j.r.ClassPreparationMethodBuilder clPrepBuilder: Inner Class detected. Reject building class initialisation methods. 
80842      DEBUG main            d.u.i.k.p.i.AbstractProblemLoader Init config took 9.32s 
80933      INFO  main            d.u.i.k.p.i.AbstractProblemLoader Replaying proof AccessChain4[AccessChain4::foo_8()].JML operation contract.0 
80935      DEBUG main            d.u.i.k.p.i.IntermediateProofReplayer Proof replay took 10.5ns 
86692      INFO  main            d.u.i.k.p.r.p.TestFile    ... finished proof: closed. 
87020      INFO  main            d.u.i.k.p.i.AbstractProblemLoader Loading environment from /home/runner/work/key/key/key.core/../key.ui/examples/performance-test/AccessChain4(AccessChain4__foo_08()).JML_operation_contract.0.key.proof 
87030      DEBUG main            d.u.i.k.p.i.AbstractProblemLoader Environment load took 9.35ms 
87034      INFO  main            d.u.i.k.p.i.AbstractProblemLoader Creating init config 
89730      DEBUG main            d.u.i.k.j.r.ClassPreparationMethodBuilder clPrepBuilder: Inner Class detected. Reject building class initialisation methods. 
96090      DEBUG main            d.u.i.k.p.i.AbstractProblemLoader Init config took 9.06s 
96175      INFO  main            d.u.i.k.p.i.AbstractProblemLoader Replaying proof AccessChain4[AccessChain4::foo_8()].JML operation contract.0 
97119      DEBUG main            d.u.i.k.p.i.IntermediateProofReplayer Proof replay took 914.06ms 
97122      DEBUG main            d.u.i.k.p.r.p.TestFile    ... success: reloaded. 
97124      INFO  main            d.u.i.k.p.r.p.TestFile    Now processing file /home/runner/work/key/key/key.core/../key.ui/examples/performance-test/Disjoint(Disjoint__xZero_08()).JML_operation_contract.0.key 
97124      INFO  main            d.u.i.k.p.i.AbstractProblemLoader Loading environment from /home/runner/work/key/key/key.core/../key.ui/examples/performance-test/Disjoint(Disjoint__xZero_08()).JML_operation_contract.0.key 
97125      DEBUG main            d.u.i.k.p.i.AbstractProblemLoader Environment load took 283.8ns 
97126      INFO  main            d.u.i.k.p.i.AbstractProblemLoader Creating init config 
99936      DEBUG main            d.u.i.k.j.r.ClassPreparationMethodBuilder clPrepBuilder: Inner Class detected. Reject building class initialisation methods. 
106297     DEBUG main            d.u.i.k.p.i.AbstractProblemLoader Init config took 9.17s 
106381     INFO  main            d.u.i.k.p.i.AbstractProblemLoader Replaying proof Disjoint[Disjoint::xZero_8()].JML operation contract.0 
106383     DEBUG main            d.u.i.k.p.i.IntermediateProofReplayer Proof replay took 10.1ns 
107391     INFO  main            d.u.i.k.p.r.p.TestFile    ... finished proof: closed. 
107722     INFO  main            d.u.i.k.p.i.AbstractProblemLoader Loading environment from /home/runner/work/key/key/key.core/../key.ui/examples/performance-test/Disjoint(Disjoint__xZero_08()).JML_operation_contract.0.key.proof 
107723     DEBUG main            d.u.i.k.p.i.AbstractProblemLoader Environment load took 545.6ns 
107724     INFO  main            d.u.i.k.p.i.AbstractProblemLoader Creating init config 
110433     DEBUG main            d.u.i.k.j.r.ClassPreparationMethodBuilder clPrepBuilder: Inner Class detected. Reject building class initialisation methods. 
116813     DEBUG main            d.u.i.k.p.i.AbstractProblemLoader Init config took 9.09s 
116895     INFO  main            d.u.i.k.p.i.AbstractProblemLoader Replaying proof Disjoint[Disjoint::xZero_8()].JML operation contract.0 
117083     DEBUG main            d.u.i.k.p.i.IntermediateProofReplayer Proof replay took 180.53ms 
117084     DEBUG main            d.u.i.k.p.r.p.TestFile    ... success: reloaded. 
117086     INFO  main            d.u.i.k.p.r.p.TestFile    Now processing file /home/runner/work/key/key/key.core/../key.ui/examples/performance-test/Dynamic(Dynamic__foo_08()).JML_operation_contract.0.key 
117086     INFO  main            d.u.i.k.p.i.AbstractProblemLoader Loading environment from /home/runner/work/key/key/key.core/../key.ui/examples/performance-test/Dynamic(Dynamic__foo_08()).JML_operation_contract.0.key 
117087     DEBUG main            d.u.i.k.p.i.AbstractProblemLoader Environment load took 263.7ns 
117088     INFO  main            d.u.i.k.p.i.AbstractProblemLoader Creating init config 
119849     DEBUG main            d.u.i.k.j.r.ClassPreparationMethodBuilder clPrepBuilder: Inner Class detected. Reject building class initialisation methods. 
126203     DEBUG main            d.u.i.k.p.i.AbstractProblemLoader Init config took 9.11s 
126283     INFO  main            d.u.i.k.p.i.AbstractProblemLoader Replaying proof Dynamic[Dynamic::foo_8()].JML operation contract.0 
126285     DEBUG main            d.u.i.k.p.i.IntermediateProofReplayer Proof replay took 9.7ns 
130928     INFO  main            d.u.i.k.p.r.p.TestFile    ... finished proof: closed. 
131287     INFO  main            d.u.i.k.p.i.AbstractProblemLoader Loading environment from /home/runner/work/key/key/key.core/../key.ui/examples/performance-test/Dynamic(Dynamic__foo_08()).JML_operation_contract.0.key.proof 
131287     DEBUG main            d.u.i.k.p.i.AbstractProblemLoader Environment load took 150.1ns 
131294     INFO  main            d.u.i.k.p.i.AbstractProblemLoader Creating init config 
133993     DEBUG main            d.u.i.k.j.r.ClassPreparationMethodBuilder clPrepBuilder: Inner Class detected. Reject building class initialisation methods. 
140316     DEBUG main            d.u.i.k.p.i.AbstractProblemLoader Init config took 9.02s 
140397     INFO  main            d.u.i.k.p.i.AbstractProblemLoader Replaying proof Dynamic[Dynamic::foo_8()].JML operation contract.0 
140972     DEBUG main            d.u.i.k.p.i.IntermediateProofReplayer Proof replay took 554.18ms 
140974     DEBUG main            d.u.i.k.p.r.p.TestFile    ... success: reloaded. 
140975     INFO  main            d.u.i.k.p.r.p.TestFile    Now processing file /home/runner/work/key/key/key.core/../key.ui/examples/performance-test/DynamicGhost(DynamicGhost__dynamicGhost_08()).JML_normal_behavior_operation_contract.0.key 
140976     INFO  main            d.u.i.k.p.i.AbstractProblemLoader Loading environment from /home/runner/work/key/key/key.core/../key.ui/examples/performance-test/DynamicGhost(DynamicGhost__dynamicGhost_08()).JML_normal_behavior_operation_contract.0.key 
140976     DEBUG main            d.u.i.k.p.i.AbstractProblemLoader Environment load took 255.2ns 
140977     INFO  main            d.u.i.k.p.i.AbstractProblemLoader Creating init config 
143762     DEBUG main            d.u.i.k.j.r.ClassPreparationMethodBuilder clPrepBuilder: Inner Class detected. Reject building class initialisation methods. 
150135     DEBUG main            d.u.i.k.p.i.AbstractProblemLoader Init config took 9.16s 
150218     INFO  main            d.u.i.k.p.i.AbstractProblemLoader Replaying proof DynamicGhost[DynamicGhost::dynamicGhost_8()].JML normal_behavior operation contract.0 
150220     DEBUG main            d.u.i.k.p.i.IntermediateProofReplayer Proof replay took 9.5ns 
154017     INFO  main            d.u.i.k.p.r.p.TestFile    ... finished proof: closed. 
154395     INFO  main            d.u.i.k.p.i.AbstractProblemLoader Loading environment from /home/runner/work/key/key/key.core/../key.ui/examples/performance-test/DynamicGhost(DynamicGhost__dynamicGhost_08()).JML_normal_behavior_operation_contract.0.key.proof 
154396     DEBUG main            d.u.i.k.p.i.AbstractProblemLoader Environment load took 501.4ns 
154398     INFO  main            d.u.i.k.p.i.AbstractProblemLoader Creating init config 
157051     DEBUG main            d.u.i.k.j.r.ClassPreparationMethodBuilder clPrepBuilder: Inner Class detected. Reject building class initialisation methods. 
163382     DEBUG main            d.u.i.k.p.i.AbstractProblemLoader Init config took 8.98s 
163464     INFO  main            d.u.i.k.p.i.AbstractProblemLoader Replaying proof DynamicGhost[DynamicGhost::dynamicGhost_8()].JML normal_behavior operation contract.0 
164063     DEBUG main            d.u.i.k.p.i.IntermediateProofReplayer Proof replay took 578.78ms 
164065     DEBUG main            d.u.i.k.p.r.p.TestFile    ... success: reloaded. 
164068     INFO  main            d.u.i.k.p.r.p.TestFile    Now processing file /home/runner/work/key/key/key.core/../key.ui/examples/performance-test/GhostFrame(GhostFrame__foo_08()).JML_operation_contract.0.key 
164069     INFO  main            d.u.i.k.p.i.AbstractProblemLoader Loading environment from /home/runner/work/key/key/key.core/../key.ui/examples/performance-test/GhostFrame(GhostFrame__foo_08()).JML_operation_contract.0.key 
164069     DEBUG main            d.u.i.k.p.i.AbstractProblemLoader Environment load took 356.7ns 
164075     INFO  main            d.u.i.k.p.i.AbstractProblemLoader Creating init config 
166866     DEBUG main            d.u.i.k.j.r.ClassPreparationMethodBuilder clPrepBuilder: Inner Class detected. Reject building class initialisation methods. 
173231     DEBUG main            d.u.i.k.p.i.AbstractProblemLoader Init config took 9.16s 
173310     INFO  main            d.u.i.k.p.i.AbstractProblemLoader Replaying proof GhostFrame[GhostFrame::foo_8()].JML operation contract.0 
173312     DEBUG main            d.u.i.k.p.i.IntermediateProofReplayer Proof replay took 12.4ns 
175171     INFO  main            d.u.i.k.p.r.p.TestFile    ... finished proof: closed. 
175576     INFO  main            d.u.i.k.p.i.AbstractProblemLoader Loading environment from /home/runner/work/key/key/key.core/../key.ui/examples/performance-test/GhostFrame(GhostFrame__foo_08()).JML_operation_contract.0.key.proof 
175576     DEBUG main            d.u.i.k.p.i.AbstractProblemLoader Environment load took 542.7ns 
175578     INFO  main            d.u.i.k.p.i.AbstractProblemLoader Creating init config 
178231     DEBUG main            d.u.i.k.j.r.ClassPreparationMethodBuilder clPrepBuilder: Inner Class detected. Reject building class initialisation methods. 
184539     DEBUG main            d.u.i.k.p.i.AbstractProblemLoader Init config took 8.96s 
184656     INFO  main            d.u.i.k.p.i.AbstractProblemLoader Replaying proof GhostFrame[GhostFrame::foo_8()].JML operation contract.0 
184973     DEBUG main            d.u.i.k.p.i.IntermediateProofReplayer Proof replay took 306.28ms 
184974     DEBUG main            d.u.i.k.p.r.p.TestFile    ... success: reloaded. 
184975     INFO  main            d.u.i.k.p.r.p.TestFile    Now processing file /home/runner/work/key/key/key.core/../key.ui/examples/performance-test/Modelfield(Modelfield__foo_08()).JML_operation_contract.0.key 
184975     INFO  main            d.u.i.k.p.i.AbstractProblemLoader Loading environment from /home/runner/work/key/key/key.core/../key.ui/examples/performance-test/Modelfield(Modelfield__foo_08()).JML_operation_contract.0.key 
184975     DEBUG main            d.u.i.k.p.i.AbstractProblemLoader Environment load took 52ns 
184976     INFO  main            d.u.i.k.p.i.AbstractProblemLoader Creating init config 
187714     DEBUG main            d.u.i.k.j.r.ClassPreparationMethodBuilder clPrepBuilder: Inner Class detected. Reject building class initialisation methods. 
194054     DEBUG main            d.u.i.k.p.i.AbstractProblemLoader Init config took 9.08s 
194133     INFO  main            d.u.i.k.p.i.AbstractProblemLoader Replaying proof Modelfield[Modelfield::foo_8()].JML operation contract.0 
194135     DEBUG main            d.u.i.k.p.i.IntermediateProofReplayer Proof replay took 5.4ns 
196899     INFO  main            d.u.i.k.p.r.p.TestFile    ... finished proof: closed. 
197306     INFO  main            d.u.i.k.p.i.AbstractProblemLoader Loading environment from /home/runner/work/key/key/key.core/../key.ui/examples/performance-test/Modelfield(Modelfield__foo_08()).JML_operation_contract.0.key.proof 
197306     DEBUG main            d.u.i.k.p.i.AbstractProblemLoader Environment load took 319.3ns 
197311     INFO  main            d.u.i.k.p.i.AbstractProblemLoader Creating init config 
199958     DEBUG main            d.u.i.k.j.r.ClassPreparationMethodBuilder clPrepBuilder: Inner Class detected. Reject building class initialisation methods. 
206262     DEBUG main            d.u.i.k.p.i.AbstractProblemLoader Init config took 8.95s 
206340     INFO  main            d.u.i.k.p.i.AbstractProblemLoader Replaying proof Modelfield[Modelfield::foo_8()].JML operation contract.0 
206723     DEBUG main            d.u.i.k.p.i.IntermediateProofReplayer Proof replay took 369.39ms 
206724     DEBUG main            d.u.i.k.p.r.p.TestFile    ... success: reloaded. 
349350     INFO  Test worker     d.u.i.k.p.r.RunAllProofsTestUnit Returning from test performance 
349352     INFO  Test worker     d.u.i.k.p.r.RunAllProofsTestUnit Running test performancePOConstruction 
352        INFO  Timeout watchdog d.u.i.k.p.r.p.ForkedTestFileRunner Timeout watcher launched (2000 secs.) 
364        WARN  main            d.u.i.k.s.ProofSettings   The settings in /home/runner/.key/proof-settings.props are *not* read. 
390        INFO  main            d.u.i.k.p.r.p.TestFile    Now processing file /home/runner/work/key/key/key.core/../key.ui/examples/performance-test/Test(Test__a0(int)).JML_normal_behavior_operation_contract.0.key 
493        INFO  main            d.u.i.k.p.i.AbstractProblemLoader Loading environment from /home/runner/work/key/key/key.core/../key.ui/examples/performance-test/Test(Test__a0(int)).JML_normal_behavior_operation_contract.0.key 
509        DEBUG main            d.u.i.k.p.i.AbstractProblemLoader Environment load took 2.13ms 
766        INFO  main            d.u.i.k.p.i.AbstractProblemLoader Creating init config 
1663       DEBUG main            d.u.i.k.j.TypeConverter   No LDT found for Meta 
1668       DEBUG main            d.u.i.k.j.TypeConverter   No LDT found for Meta 
1671       DEBUG main            d.u.i.k.j.TypeConverter   No LDT found for Meta 
1673       DEBUG main            d.u.i.k.j.TypeConverter   No LDT found for Meta 
3215       DEBUG main            d.u.i.k.j.TypeConverter   No LDT found for JavaBigintExpression 
9032       DEBUG main            d.u.i.k.j.r.ClassPreparationMethodBuilder clPrepBuilder: Inner Class detected. Reject building class initialisation methods. 
17198      DEBUG main            d.u.i.k.p.i.AbstractProblemLoader Init config took 16.43s 
18054      INFO  main            d.u.i.k.p.i.AbstractProblemLoader Replaying proof Test[Test::a0(int)].JML normal_behavior operation contract.0 
18128      DEBUG main            d.u.i.k.p.i.IntermediateProofReplayer Proof replay took 33.7ns 
18589      INFO  main            d.u.i.k.p.r.p.TestFile    ... finished proof: closed. 
18744      INFO  main            d.u.i.k.p.i.AbstractProblemLoader Loading environment from /home/runner/work/key/key/key.core/../key.ui/examples/performance-test/Test(Test__a0(int)).JML_normal_behavior_operation_contract.0.key.proof 
18749      DEBUG main            d.u.i.k.p.i.AbstractProblemLoader Environment load took 5.31ms 
18751      INFO  main            d.u.i.k.p.i.AbstractProblemLoader Creating init config 
22029      DEBUG main            d.u.i.k.j.r.ClassPreparationMethodBuilder clPrepBuilder: Inner Class detected. Reject building class initialisation methods. 
29344      DEBUG main            d.u.i.k.p.i.AbstractProblemLoader Init config took 10.59s 
30015      INFO  main            d.u.i.k.p.i.AbstractProblemLoader Replaying proof Test[Test::a0(int)].JML normal_behavior operation contract.0 
30040      DEBUG main            d.u.i.k.p.i.IntermediateProofReplayer Proof replay took 19.38ms 
30047      DEBUG main            d.u.i.k.p.r.p.TestFile    ... success: reloaded. 
30048      INFO  main            d.u.i.k.p.r.p.TestFile    Now processing file /home/runner/work/key/key/key.core/../key.ui/examples/performance-test/Test(Test__a1(int)).JML_normal_behavior_operation_contract.0.key 
30049      INFO  main            d.u.i.k.p.i.AbstractProblemLoader Loading environment from /home/runner/work/key/key/key.core/../key.ui/examples/performance-test/Test(Test__a1(int)).JML_normal_behavior_operation_contract.0.key 
30049      DEBUG main            d.u.i.k.p.i.AbstractProblemLoader Environment load took 285.1ns 
30051      INFO  main            d.u.i.k.p.i.AbstractProblemLoader Creating init config 
33152      DEBUG main            d.u.i.k.j.r.ClassPreparationMethodBuilder clPrepBuilder: Inner Class detected. Reject building class initialisation methods. 
40413      DEBUG main            d.u.i.k.p.i.AbstractProblemLoader Init config took 10.36s 
41071      INFO  main            d.u.i.k.p.i.AbstractProblemLoader Replaying proof Test[Test::a1(int)].JML normal_behavior operation contract.0 
41076      DEBUG main            d.u.i.k.p.i.IntermediateProofReplayer Proof replay took 5.6ns 
41480      INFO  main            d.u.i.k.p.r.p.TestFile    ... finished proof: closed. 
41699      INFO  main            d.u.i.k.p.i.AbstractProblemLoader Loading environment from /home/runner/work/key/key/key.core/../key.ui/examples/performance-test/Test(Test__a1(int)).JML_normal_behavior_operation_contract.0.key.proof 
41706      DEBUG main            d.u.i.k.p.i.AbstractProblemLoader Environment load took 6.69ms 
41708      INFO  main            d.u.i.k.p.i.AbstractProblemLoader Creating init config 
44788      DEBUG main            d.u.i.k.j.r.ClassPreparationMethodBuilder clPrepBuilder: Inner Class detected. Reject building class initialisation methods. 
51910      DEBUG main            d.u.i.k.p.i.AbstractProblemLoader Init config took 10.2s 
52579      INFO  main            d.u.i.k.p.i.AbstractProblemLoader Replaying proof Test[Test::a1(int)].JML normal_behavior operation contract.0 
52642      DEBUG main            d.u.i.k.p.i.IntermediateProofReplayer Proof replay took 59.92ms 
52644      DEBUG main            d.u.i.k.p.r.p.TestFile    ... success: reloaded. 
52645      INFO  main            d.u.i.k.p.r.p.TestFile    Now processing file /home/runner/work/key/key/key.core/../key.ui/examples/performance-test/Test(Test__f1(int)).JML_normal_behavior_operation_contract.0.key 
52645      INFO  main            d.u.i.k.p.i.AbstractProblemLoader Loading environment from /home/runner/work/key/key/key.core/../key.ui/examples/performance-test/Test(Test__f1(int)).JML_normal_behavior_operation_contract.0.key 
52646      DEBUG main            d.u.i.k.p.i.AbstractProblemLoader Environment load took 226.8ns 
52647      INFO  main            d.u.i.k.p.i.AbstractProblemLoader Creating init config 
55704      DEBUG main            d.u.i.k.j.r.ClassPreparationMethodBuilder clPrepBuilder: Inner Class detected. Reject building class initialisation methods. 
62824      DEBUG main            d.u.i.k.p.i.AbstractProblemLoader Init config took 10.18s 
63427      INFO  main            d.u.i.k.p.i.AbstractProblemLoader Replaying proof Test[Test::f1(int)].JML normal_behavior operation contract.0 
63429      DEBUG main            d.u.i.k.p.i.IntermediateProofReplayer Proof replay took 4.8ns 
63644      INFO  main            d.u.i.k.p.r.p.TestFile    ... finished proof: closed. 
63879      INFO  main            d.u.i.k.p.i.AbstractProblemLoader Loading environment from /home/runner/work/key/key/key.core/../key.ui/examples/performance-test/Test(Test__f1(int)).JML_normal_behavior_operation_contract.0.key.proof 
63880      DEBUG main            d.u.i.k.p.i.AbstractProblemLoader Environment load took 469.2ns 
63881      INFO  main            d.u.i.k.p.i.AbstractProblemLoader Creating init config 
66886      DEBUG main            d.u.i.k.j.r.ClassPreparationMethodBuilder clPrepBuilder: Inner Class detected. Reject building class initialisation methods. 
73953      DEBUG main            d.u.i.k.p.i.AbstractProblemLoader Init config took 10.07s 
74599      INFO  main            d.u.i.k.p.i.AbstractProblemLoader Replaying proof Test[Test::f1(int)].JML normal_behavior operation contract.0 
74673      DEBUG main            d.u.i.k.p.i.IntermediateProofReplayer Proof replay took 64.55ms 
74675      DEBUG main            d.u.i.k.p.r.p.TestFile    ... success: reloaded. 
424198     INFO  Test worker     d.u.i.k.p.r.RunAllProofsTestUnit Returning from test performancePOConstruction 
424199     INFO  Test worker     d.u.i.k.p.r.RunAllProofsTestUnit Running test applicationRestrictions 
362        INFO  Timeout watchdog d.u.i.k.p.r.p.ForkedTestFileRunner Timeout watcher launched (2000 secs.) 
377        WARN  main            d.u.i.k.s.ProofSettings   The settings in /home/runner/.key/proof-settings.props are *not* read. 
406        INFO  main            d.u.i.k.p.r.p.TestFile    Now processing file /home/runner/work/key/key/key.core/../key.ui/examples/heap/polarity_tests/wellformed1.key 
505        INFO  main            d.u.i.k.p.i.AbstractProblemLoader Loading environment from /home/runner/work/key/key/key.core/../key.ui/examples/heap/polarity_tests/wellformed1.key 
530        DEBUG main            d.u.i.k.p.i.AbstractProblemLoader Environment load took 3.84ms 
809        INFO  main            d.u.i.k.p.i.AbstractProblemLoader Creating init config 
1660       DEBUG main            d.u.i.k.j.TypeConverter   No LDT found for Meta 
1661       DEBUG main            d.u.i.k.j.TypeConverter   No LDT found for Meta 
1662       DEBUG main            d.u.i.k.j.TypeConverter   No LDT found for Meta 
1662       DEBUG main            d.u.i.k.j.TypeConverter   No LDT found for Meta 
3099       DEBUG main            d.u.i.k.j.TypeConverter   No LDT found for JavaBigintExpression 
8003       DEBUG main            d.u.i.k.p.i.AbstractProblemLoader Init config took 7.19s 
8073       INFO  main            d.u.i.k.p.i.AbstractProblemLoader Replaying proof wellformed1.key 
8106       DEBUG main            d.u.i.k.p.i.IntermediateProofReplayer Proof replay took 31.8ns 
8269       INFO  main            d.u.i.k.p.r.p.TestFile    ... finished proof: closed. 
8353       INFO  main            d.u.i.k.p.i.AbstractProblemLoader Loading environment from /home/runner/work/key/key/key.core/../key.ui/examples/heap/polarity_tests/wellformed1.key.proof 
8354       DEBUG main            d.u.i.k.p.i.AbstractProblemLoader Environment load took 125.6ns 
8357       INFO  main            d.u.i.k.p.i.AbstractProblemLoader Creating init config 
10908      DEBUG main            d.u.i.k.p.i.AbstractProblemLoader Init config took 2.55s 
10954      INFO  main            d.u.i.k.p.i.AbstractProblemLoader Replaying proof wellformed1.key.proof 
10960      DEBUG main            d.u.i.k.p.i.IntermediateProofReplayer Proof replay took 2.1ms 
10969      DEBUG main            d.u.i.k.p.r.p.TestFile    ... success: reloaded. 
10970      INFO  main            d.u.i.k.p.r.p.TestFile    Now processing file /home/runner/work/key/key/key.core/../key.ui/examples/heap/polarity_tests/wellformed2.key 
10971      INFO  main            d.u.i.k.p.i.AbstractProblemLoader Loading environment from /home/runner/work/key/key/key.core/../key.ui/examples/heap/polarity_tests/wellformed2.key 
10971      DEBUG main            d.u.i.k.p.i.AbstractProblemLoader Environment load took 261.4ns 
10973      INFO  main            d.u.i.k.p.i.AbstractProblemLoader Creating init config 
13519      DEBUG main            d.u.i.k.p.i.AbstractProblemLoader Init config took 2.55s 
13547      INFO  main            d.u.i.k.p.i.AbstractProblemLoader Replaying proof wellformed2.key 
13549      DEBUG main            d.u.i.k.p.i.IntermediateProofReplayer Proof replay took 6.4ns 
13653      INFO  main            d.u.i.k.p.r.p.TestFile    ... finished proof: open goal(s) 
13784      INFO  main            d.u.i.k.p.r.p.TestFile    Now processing file /home/runner/work/key/key/key.core/../key.ui/examples/heap/polarity_tests/wellformed3.key 
13784      INFO  main            d.u.i.k.p.i.AbstractProblemLoader Loading environment from /home/runner/work/key/key/key.core/../key.ui/examples/heap/polarity_tests/wellformed3.key 
13785      DEBUG main            d.u.i.k.p.i.AbstractProblemLoader Environment load took 71.6ns 
13786      INFO  main            d.u.i.k.p.i.AbstractProblemLoader Creating init config 
16257      DEBUG main            d.u.i.k.p.i.AbstractProblemLoader Init config took 2.47s 
16279      INFO  main            d.u.i.k.p.i.AbstractProblemLoader Replaying proof wellformed3.key 
16281      DEBUG main            d.u.i.k.p.i.IntermediateProofReplayer Proof replay took 6ns 
16383      INFO  main            d.u.i.k.p.r.p.TestFile    ... finished proof: closed. 
16490      INFO  main            d.u.i.k.p.i.AbstractProblemLoader Loading environment from /home/runner/work/key/key/key.core/../key.ui/examples/heap/polarity_tests/wellformed3.key.proof 
16490      DEBUG main            d.u.i.k.p.i.AbstractProblemLoader Environment load took 112ns 
16492      INFO  main            d.u.i.k.p.i.AbstractProblemLoader Creating init config 
18916      DEBUG main            d.u.i.k.p.i.AbstractProblemLoader Init config took 2.42s 
18935      INFO  main            d.u.i.k.p.i.AbstractProblemLoader Replaying proof wellformed3.key.proof 
18939      DEBUG main            d.u.i.k.p.i.IntermediateProofReplayer Proof replay took 2.14ms 
18940      DEBUG main            d.u.i.k.p.r.p.TestFile    ... success: reloaded. 
18941      INFO  main            d.u.i.k.p.r.p.TestFile    Now processing file /home/runner/work/key/key/key.core/../key.ui/examples/heap/polarity_tests/wellformed4.key 
18941      INFO  main            d.u.i.k.p.i.AbstractProblemLoader Loading environment from /home/runner/work/key/key/key.core/../key.ui/examples/heap/polarity_tests/wellformed4.key 
18941      DEBUG main            d.u.i.k.p.i.AbstractProblemLoader Environment load took 93.7ns 
18942      INFO  main            d.u.i.k.p.i.AbstractProblemLoader Creating init config 
21342      DEBUG main            d.u.i.k.p.i.AbstractProblemLoader Init config took 2.4s 
21363      INFO  main            d.u.i.k.p.i.AbstractProblemLoader Replaying proof wellformed4.key 
21364      DEBUG main            d.u.i.k.p.i.IntermediateProofReplayer Proof replay took 6.3ns 
21467      INFO  main            d.u.i.k.p.r.p.TestFile    ... finished proof: open goal(s) 
21587      INFO  main            d.u.i.k.p.r.p.TestFile    Now processing file /home/runner/work/key/key/key.core/../key.ui/examples/heap/polarity_tests/wellformed5.key 
21587      INFO  main            d.u.i.k.p.i.AbstractProblemLoader Loading environment from /home/runner/work/key/key/key.core/../key.ui/examples/heap/polarity_tests/wellformed5.key 
21588      DEBUG main            d.u.i.k.p.i.AbstractProblemLoader Environment load took 67.4ns 
21589      INFO  main            d.u.i.k.p.i.AbstractProblemLoader Creating init config 
23947      DEBUG main            d.u.i.k.p.i.AbstractProblemLoader Init config took 2.36s 
23966      INFO  main            d.u.i.k.p.i.AbstractProblemLoader Replaying proof wellformed5.key 
23967      DEBUG main            d.u.i.k.p.i.IntermediateProofReplayer Proof replay took 5.4ns 
24072      INFO  main            d.u.i.k.p.r.p.TestFile    ... finished proof: closed. 
24191      INFO  main            d.u.i.k.p.i.AbstractProblemLoader Loading environment from /home/runner/work/key/key/key.core/../key.ui/examples/heap/polarity_tests/wellformed5.key.proof 
24191      DEBUG main            d.u.i.k.p.i.AbstractProblemLoader Environment load took 114.3ns 
24193      INFO  main            d.u.i.k.p.i.AbstractProblemLoader Creating init config 
26556      DEBUG main            d.u.i.k.p.i.AbstractProblemLoader Init config took 2.36s 
26576      INFO  main            d.u.i.k.p.i.AbstractProblemLoader Replaying proof wellformed5.key.proof 
26579      DEBUG main            d.u.i.k.p.i.IntermediateProofReplayer Proof replay took 1.2ms 
26580      DEBUG main            d.u.i.k.p.r.p.TestFile    ... success: reloaded. 
26581      INFO  main            d.u.i.k.p.r.p.TestFile    Now processing file /home/runner/work/key/key/key.core/../key.ui/examples/heap/polarity_tests/wellformed6.key 
26581      INFO  main            d.u.i.k.p.i.AbstractProblemLoader Loading environment from /home/runner/work/key/key/key.core/../key.ui/examples/heap/polarity_tests/wellformed6.key 
26581      DEBUG main            d.u.i.k.p.i.AbstractProblemLoader Environment load took 215ns 
26582      INFO  main            d.u.i.k.p.i.AbstractProblemLoader Creating init config 
28973      DEBUG main            d.u.i.k.p.i.AbstractProblemLoader Init config took 2.39s 
28993      INFO  main            d.u.i.k.p.i.AbstractProblemLoader Replaying proof wellformed6.key 
28995      DEBUG main            d.u.i.k.p.i.IntermediateProofReplayer Proof replay took 6.9ns 
29097      INFO  main            d.u.i.k.p.r.p.TestFile    ... finished proof: open goal(s) 
29226      INFO  main            d.u.i.k.p.r.p.TestFile    Now processing file /home/runner/work/key/key/key.core/../key.ui/examples/heap/polarity_tests/wellformed7.key 
29226      INFO  main            d.u.i.k.p.i.AbstractProblemLoader Loading environment from /home/runner/work/key/key/key.core/../key.ui/examples/heap/polarity_tests/wellformed7.key 
29226      DEBUG main            d.u.i.k.p.i.AbstractProblemLoader Environment load took 64.6ns 
29227      INFO  main            d.u.i.k.p.i.AbstractProblemLoader Creating init config 
31569      DEBUG main            d.u.i.k.p.i.AbstractProblemLoader Init config took 2.34s 
31587      INFO  main            d.u.i.k.p.i.AbstractProblemLoader Replaying proof wellformed7.key 
31589      DEBUG main            d.u.i.k.p.i.IntermediateProofReplayer Proof replay took 5.5ns 
31691      INFO  main            d.u.i.k.p.r.p.TestFile    ... finished proof: closed. 
31811      INFO  main            d.u.i.k.p.i.AbstractProblemLoader Loading environment from /home/runner/work/key/key/key.core/../key.ui/examples/heap/polarity_tests/wellformed7.key.proof 
31811      DEBUG main            d.u.i.k.p.i.AbstractProblemLoader Environment load took 110.1ns 
31817      INFO  main            d.u.i.k.p.i.AbstractProblemLoader Creating init config 
34159      DEBUG main            d.u.i.k.p.i.AbstractProblemLoader Init config took 2.34s 
34175      INFO  main            d.u.i.k.p.i.AbstractProblemLoader Replaying proof wellformed7.key.proof 
34178      DEBUG main            d.u.i.k.p.i.IntermediateProofReplayer Proof replay took 1.43ms 
34179      DEBUG main            d.u.i.k.p.r.p.TestFile    ... success: reloaded. 
34180      INFO  main            d.u.i.k.p.r.p.TestFile    Now processing file /home/runner/work/key/key/key.core/../key.ui/examples/heap/polarity_tests/wellformed8.key 
34180      INFO  main            d.u.i.k.p.i.AbstractProblemLoader Loading environment from /home/runner/work/key/key/key.core/../key.ui/examples/heap/polarity_tests/wellformed8.key 
34180      DEBUG main            d.u.i.k.p.i.AbstractProblemLoader Environment load took 210.3ns 
34181      INFO  main            d.u.i.k.p.i.AbstractProblemLoader Creating init config 
36591      DEBUG main            d.u.i.k.p.i.AbstractProblemLoader Init config took 2.41s 
36607      INFO  main            d.u.i.k.p.i.AbstractProblemLoader Replaying proof wellformed8.key 
36609      DEBUG main            d.u.i.k.p.i.IntermediateProofReplayer Proof replay took 7.4ns 
36711      INFO  main            d.u.i.k.p.r.p.TestFile    ... finished proof: open goal(s) 
36844      INFO  main            d.u.i.k.p.r.p.TestFile    Now processing file /home/runner/work/key/key/key.core/../key.ui/examples/heap/polarity_tests/wellformed9.key 
36845      INFO  main            d.u.i.k.p.i.AbstractProblemLoader Loading environment from /home/runner/work/key/key/key.core/../key.ui/examples/heap/polarity_tests/wellformed9.key 
36845      DEBUG main            d.u.i.k.p.i.AbstractProblemLoader Environment load took 66.8ns 
36846      INFO  main            d.u.i.k.p.i.AbstractProblemLoader Creating init config 
39156      DEBUG main            d.u.i.k.p.i.AbstractProblemLoader Init config took 2.31s 
39171      INFO  main            d.u.i.k.p.i.AbstractProblemLoader Replaying proof wellformed9.key 
39172      DEBUG main            d.u.i.k.p.i.IntermediateProofReplayer Proof replay took 6.3ns 
39275      INFO  main            d.u.i.k.p.r.p.TestFile    ... finished proof: closed. 
39401      INFO  main            d.u.i.k.p.i.AbstractProblemLoader Loading environment from /home/runner/work/key/key/key.core/../key.ui/examples/heap/polarity_tests/wellformed9.key.proof 
39401      DEBUG main            d.u.i.k.p.i.AbstractProblemLoader Environment load took 108.2ns 
39402      INFO  main            d.u.i.k.p.i.AbstractProblemLoader Creating init config 
41730      DEBUG main            d.u.i.k.p.i.AbstractProblemLoader Init config took 2.33s 
41747      INFO  main            d.u.i.k.p.i.AbstractProblemLoader Replaying proof wellformed9.key.proof 
41751      DEBUG main            d.u.i.k.p.i.IntermediateProofReplayer Proof replay took 1.66ms 
41753      DEBUG main            d.u.i.k.p.r.p.TestFile    ... success: reloaded. 
41754      INFO  main            d.u.i.k.p.r.p.TestFile    Now processing file /home/runner/work/key/key/key.core/../key.ui/examples/heap/polarity_tests/wellformed10.key 
41754      INFO  main            d.u.i.k.p.i.AbstractProblemLoader Loading environment from /home/runner/work/key/key/key.core/../key.ui/examples/heap/polarity_tests/wellformed10.key 
41755      DEBUG main            d.u.i.k.p.i.AbstractProblemLoader Environment load took 431.8ns 
41756      INFO  main            d.u.i.k.p.i.AbstractProblemLoader Creating init config 
44133      DEBUG main            d.u.i.k.p.i.AbstractProblemLoader Init config took 2.38s 
44148      INFO  main            d.u.i.k.p.i.AbstractProblemLoader Replaying proof wellformed10.key 
44149      DEBUG main            d.u.i.k.p.i.IntermediateProofReplayer Proof replay took 6.5ns 
44251      INFO  main            d.u.i.k.p.r.p.TestFile    ... finished proof: open goal(s) 
44468      INFO  main            d.u.i.k.p.r.p.TestFile    Now processing file /home/runner/work/key/key/key.core/../key.ui/examples/heap/polarity_tests/wellformed11.key 
44468      INFO  main            d.u.i.k.p.i.AbstractProblemLoader Loading environment from /home/runner/work/key/key/key.core/../key.ui/examples/heap/polarity_tests/wellformed11.key 
44468      DEBUG main            d.u.i.k.p.i.AbstractProblemLoader Environment load took 70.8ns 
44469      INFO  main            d.u.i.k.p.i.AbstractProblemLoader Creating init config 
46777      DEBUG main            d.u.i.k.p.i.AbstractProblemLoader Init config took 2.31s 
46791      INFO  main            d.u.i.k.p.i.AbstractProblemLoader Replaying proof wellformed11.key 
46793      DEBUG main            d.u.i.k.p.i.IntermediateProofReplayer Proof replay took 6.7ns 
46894      INFO  main            d.u.i.k.p.r.p.TestFile    ... finished proof: open goal(s) 
471398     INFO  Test worker     d.u.i.k.p.r.RunAllProofsTestUnit Returning from test applicationRestrictions 
471399     INFO  Test worker     d.u.i.k.p.r.RunAllProofsTestUnit Running test blockContracts 
330        INFO  Timeout watchdog d.u.i.k.p.r.p.ForkedTestFileRunner Timeout watcher launched (2000 secs.) 
347        WARN  main            d.u.i.k.s.ProofSettings   The settings in /home/runner/.key/proof-settings.props are *not* read. 
376        INFO  main            d.u.i.k.p.r.p.TestFile    Now processing file /home/runner/work/key/key/key.core/../key.ui/examples/heap/block_contracts/Simple__add.key 
477        INFO  main            d.u.i.k.p.i.AbstractProblemLoader Loading environment from /home/runner/work/key/key/key.core/../key.ui/examples/heap/block_contracts/Simple__add.key 
496        DEBUG main            d.u.i.k.p.i.AbstractProblemLoader Environment load took 2.24ms 
742        INFO  main            d.u.i.k.p.i.AbstractProblemLoader Creating init config 
1679       DEBUG main            d.u.i.k.j.TypeConverter   No LDT found for Meta 
1679       DEBUG main            d.u.i.k.j.TypeConverter   No LDT found for Meta 
1681       DEBUG main            d.u.i.k.j.TypeConverter   No LDT found for Meta 
1681       DEBUG main            d.u.i.k.j.TypeConverter   No LDT found for Meta 
3072       DEBUG main            d.u.i.k.j.TypeConverter   No LDT found for JavaBigintExpression 
8506       DEBUG main            d.u.i.k.p.i.AbstractProblemLoader Init config took 7.76s 
8632       INFO  main            d.u.i.k.p.i.AbstractProblemLoader Replaying proof Simple[Simple::add(int,int)].JML operation contract.0 
8690       DEBUG main            d.u.i.k.p.i.IntermediateProofReplayer Proof replay took 299.6ns 
9417       INFO  main            d.u.i.k.p.r.p.TestFile    ... finished proof: closed. 
9522       INFO  main            d.u.i.k.p.i.AbstractProblemLoader Loading environment from /home/runner/work/key/key/key.core/../key.ui/examples/heap/block_contracts/Simple__add.key.proof 
9523       DEBUG main            d.u.i.k.p.i.AbstractProblemLoader Environment load took 133.5ns 
9526       INFO  main            d.u.i.k.p.i.AbstractProblemLoader Creating init config 
12662      DEBUG main            d.u.i.k.p.i.AbstractProblemLoader Init config took 3.14s 
12743      INFO  main            d.u.i.k.p.i.AbstractProblemLoader Replaying proof Simple[Simple::add(int,int)].JML operation contract.0 
12818      DEBUG main            d.u.i.k.p.i.IntermediateProofReplayer Proof replay took 70.98ms 
12825      DEBUG main            d.u.i.k.p.r.p.TestFile    ... success: reloaded. 
12827      INFO  main            d.u.i.k.p.r.p.TestFile    Now processing file /home/runner/work/key/key/key.core/../key.ui/examples/heap/block_contracts/Simple__addAbsoluteValues.key 
12827      INFO  main            d.u.i.k.p.i.AbstractProblemLoader Loading environment from /home/runner/work/key/key/key.core/../key.ui/examples/heap/block_contracts/Simple__addAbsoluteValues.key 
12828      DEBUG main            d.u.i.k.p.i.AbstractProblemLoader Environment load took 223.8ns 
12829      INFO  main            d.u.i.k.p.i.AbstractProblemLoader Creating init config 
15811      DEBUG main            d.u.i.k.p.i.AbstractProblemLoader Init config took 2.98s 
15870      INFO  main            d.u.i.k.p.i.AbstractProblemLoader Replaying proof Simple[Simple::addAbsoluteValues(int,int)].JML normal_behavior operation contract.0 
15873      DEBUG main            d.u.i.k.p.i.IntermediateProofReplayer Proof replay took 13.5ns 
16991      INFO  main            d.u.i.k.p.r.p.TestFile    ... finished proof: closed. 
17158      INFO  main            d.u.i.k.p.i.AbstractProblemLoader Loading environment from /home/runner/work/key/key/key.core/../key.ui/examples/heap/block_contracts/Simple__addAbsoluteValues.key.proof 
17160      DEBUG main            d.u.i.k.p.i.AbstractProblemLoader Environment load took 2.54ms 
17164      INFO  main            d.u.i.k.p.i.AbstractProblemLoader Creating init config 
20085      DEBUG main            d.u.i.k.p.i.AbstractProblemLoader Init config took 2.92s 
20133      INFO  main            d.u.i.k.p.i.AbstractProblemLoader Replaying proof Simple[Simple::addAbsoluteValues(int,int)].JML normal_behavior operation contract.0 
20299      DEBUG main            d.u.i.k.p.i.IntermediateProofReplayer Proof replay took 157.53ms 
20301      DEBUG main            d.u.i.k.p.r.p.TestFile    ... success: reloaded. 
20302      INFO  main            d.u.i.k.p.r.p.TestFile    Now processing file /home/runner/work/key/key/key.core/../key.ui/examples/heap/block_contracts/Simple__addWithJump.key 
20302      INFO  main            d.u.i.k.p.i.AbstractProblemLoader Loading environment from /home/runner/work/key/key/key.core/../key.ui/examples/heap/block_contracts/Simple__addWithJump.key 
20303      DEBUG main            d.u.i.k.p.i.AbstractProblemLoader Environment load took 217.1ns 
20304      INFO  main            d.u.i.k.p.i.AbstractProblemLoader Creating init config 
23342      DEBUG main            d.u.i.k.p.i.AbstractProblemLoader Init config took 3.04s 
23388      INFO  main            d.u.i.k.p.i.AbstractProblemLoader Replaying proof Simple[Simple::addWithJump(int,int,int)].JML operation contract.0 
23391      DEBUG main            d.u.i.k.p.i.IntermediateProofReplayer Proof replay took 20.4ns 
23594      INFO  main            d.u.i.k.p.r.p.TestFile    ... finished proof: closed. 
23761      INFO  main            d.u.i.k.p.i.AbstractProblemLoader Loading environment from /home/runner/work/key/key/key.core/../key.ui/examples/heap/block_contracts/Simple__addWithJump.key.proof 
23761      DEBUG main            d.u.i.k.p.i.AbstractProblemLoader Environment load took 124.3ns 
23763      INFO  main            d.u.i.k.p.i.AbstractProblemLoader Creating init config 
26639      DEBUG main            d.u.i.k.p.i.AbstractProblemLoader Init config took 2.88s 
26682      INFO  main            d.u.i.k.p.i.AbstractProblemLoader Replaying proof Simple[Simple::addWithJump(int,int,int)].JML operation contract.0 
26722      DEBUG main            d.u.i.k.p.i.IntermediateProofReplayer Proof replay took 37.21ms 
26723      DEBUG main            d.u.i.k.p.r.p.TestFile    ... success: reloaded. 
26724      INFO  main            d.u.i.k.p.r.p.TestFile    Now processing file /home/runner/work/key/key/key.core/../key.ui/examples/heap/block_contracts/Simple__addWithTwoBlockContracts.key 
26725      INFO  main            d.u.i.k.p.i.AbstractProblemLoader Loading environment from /home/runner/work/key/key/key.core/../key.ui/examples/heap/block_contracts/Simple__addWithTwoBlockContracts.key 
26725      DEBUG main            d.u.i.k.p.i.AbstractProblemLoader Environment load took 218.3ns 
26726      INFO  main            d.u.i.k.p.i.AbstractProblemLoader Creating init config 
29624      DEBUG main            d.u.i.k.p.i.AbstractProblemLoader Init config took 2.9s 
29668      INFO  main            d.u.i.k.p.i.AbstractProblemLoader Replaying proof Simple[Simple::addWithTwoBlockContracts(int,int,int)].JML operation contract.0 
29670      DEBUG main            d.u.i.k.p.i.IntermediateProofReplayer Proof replay took 10.6ns 
29873      INFO  main            d.u.i.k.p.r.p.TestFile    ... finished proof: closed. 
30034      INFO  main            d.u.i.k.p.i.AbstractProblemLoader Loading environment from /home/runner/work/key/key/key.core/../key.ui/examples/heap/block_contracts/Simple__addWithTwoBlockContracts.key.proof 
30034      DEBUG main            d.u.i.k.p.i.AbstractProblemLoader Environment load took 119ns 
30035      INFO  main            d.u.i.k.p.i.AbstractProblemLoader Creating init config 
32838      DEBUG main            d.u.i.k.p.i.AbstractProblemLoader Init config took 2.8s 
32882      INFO  main            d.u.i.k.p.i.AbstractProblemLoader Replaying proof Simple[Simple::addWithTwoBlockContracts(int,int,int)].JML operation contract.0 
32936      DEBUG main            d.u.i.k.p.i.IntermediateProofReplayer Proof replay took 50.78ms 
32937      DEBUG main            d.u.i.k.p.r.p.TestFile    ... success: reloaded. 
32938      INFO  main            d.u.i.k.p.r.p.TestFile    Now processing file /home/runner/work/key/key/key.core/../key.ui/examples/heap/block_contracts/Simple__generateByteArray.key 
32939      INFO  main            d.u.i.k.p.i.AbstractProblemLoader Loading environment from /home/runner/work/key/key/key.core/../key.ui/examples/heap/block_contracts/Simple__generateByteArray.key 
32939      DEBUG main            d.u.i.k.p.i.AbstractProblemLoader Environment load took 208.7ns 
32940      INFO  main            d.u.i.k.p.i.AbstractProblemLoader Creating init config 
35847      DEBUG main            d.u.i.k.p.i.AbstractProblemLoader Init config took 2.91s 
35889      INFO  main            d.u.i.k.p.i.AbstractProblemLoader Replaying proof Simple[Simple::generateByteArray()].JML normal_behavior operation contract.0 
35891      DEBUG main            d.u.i.k.p.i.IntermediateProofReplayer Proof replay took 9.4ns 
37808      INFO  main            d.u.i.k.p.r.p.TestFile    ... finished proof: closed. 
37992      INFO  main            d.u.i.k.p.i.AbstractProblemLoader Loading environment from /home/runner/work/key/key/key.core/../key.ui/examples/heap/block_contracts/Simple__generateByteArray.key.proof 
37993      DEBUG main            d.u.i.k.p.i.AbstractProblemLoader Environment load took 422.8ns 
37994      INFO  main            d.u.i.k.p.i.AbstractProblemLoader Creating init config 
40813      DEBUG main            d.u.i.k.p.i.AbstractProblemLoader Init config took 2.82s 
40854      INFO  main            d.u.i.k.p.i.AbstractProblemLoader Replaying proof Simple[Simple::generateByteArray()].JML normal_behavior operation contract.0 
41099      DEBUG main            d.u.i.k.p.i.IntermediateProofReplayer Proof replay took 230.68ms 
41101      DEBUG main            d.u.i.k.p.r.p.TestFile    ... success: reloaded. 
41102      INFO  main            d.u.i.k.p.r.p.TestFile    Now processing file /home/runner/work/key/key/key.core/../key.ui/examples/heap/block_contracts/Simple__getLength.key 
41102      INFO  main            d.u.i.k.p.i.AbstractProblemLoader Loading environment from /home/runner/work/key/key/key.core/../key.ui/examples/heap/block_contracts/Simple__getLength.key 
41102      DEBUG main            d.u.i.k.p.i.AbstractProblemLoader Environment load took 114.3ns 
41103      INFO  main            d.u.i.k.p.i.AbstractProblemLoader Creating init config 
43899      DEBUG main            d.u.i.k.p.i.AbstractProblemLoader Init config took 2.8s 
43940      INFO  main            d.u.i.k.p.i.AbstractProblemLoader Replaying proof Simple[Simple::getLength()].JML normal_behavior operation contract.0 
43942      DEBUG main            d.u.i.k.p.i.IntermediateProofReplayer Proof replay took 10.5ns 
44046      INFO  main            d.u.i.k.p.r.p.TestFile    ... finished proof: closed. 
44239      INFO  main            d.u.i.k.p.i.AbstractProblemLoader Loading environment from /home/runner/work/key/key/key.core/../key.ui/examples/heap/block_contracts/Simple__getLength.key.proof 
44239      DEBUG main            d.u.i.k.p.i.AbstractProblemLoader Environment load took 111.3ns 
44240      INFO  main            d.u.i.k.p.i.AbstractProblemLoader Creating init config 
47048      DEBUG main            d.u.i.k.p.i.AbstractProblemLoader Init config took 2.81s 
47102      INFO  main            d.u.i.k.p.i.AbstractProblemLoader Replaying proof Simple[Simple::getLength()].JML normal_behavior operation contract.0 
47112      DEBUG main            d.u.i.k.p.i.IntermediateProofReplayer Proof replay took 7.05ms 
47113      DEBUG main            d.u.i.k.p.r.p.TestFile    ... success: reloaded. 
47115      INFO  main            d.u.i.k.p.r.p.TestFile    Now processing file /home/runner/work/key/key/key.core/../key.ui/examples/heap/block_contracts/Simple__square.key 
47115      INFO  main            d.u.i.k.p.i.AbstractProblemLoader Loading environment from /home/runner/work/key/key/key.core/../key.ui/examples/heap/block_contracts/Simple__square.key 
47115      DEBUG main            d.u.i.k.p.i.AbstractProblemLoader Environment load took 96ns 
47116      INFO  main            d.u.i.k.p.i.AbstractProblemLoader Creating init config 
49887      DEBUG main            d.u.i.k.p.i.AbstractProblemLoader Init config took 2.77s 
49927      INFO  main            d.u.i.k.p.i.AbstractProblemLoader Replaying proof Simple[Simple::square(int)].JML operation contract.0 
49929      DEBUG main            d.u.i.k.p.i.IntermediateProofReplayer Proof replay took 10.9ns 
50343      INFO  main            d.u.i.k.p.r.p.TestFile    ... finished proof: closed. 
50501      INFO  main            d.u.i.k.p.i.AbstractProblemLoader Loading environment from /home/runner/work/key/key/key.core/../key.ui/examples/heap/block_contracts/Simple__square.key.proof 
50501      DEBUG main            d.u.i.k.p.i.AbstractProblemLoader Environment load took 110.1ns 
50502      INFO  main            d.u.i.k.p.i.AbstractProblemLoader Creating init config 
53297      DEBUG main            d.u.i.k.p.i.AbstractProblemLoader Init config took 2.79s 
53353      INFO  main            d.u.i.k.p.i.AbstractProblemLoader Replaying proof Simple[Simple::square(int)].JML operation contract.0 
53452      DEBUG main            d.u.i.k.p.i.IntermediateProofReplayer Proof replay took 95.36ms 
53453      DEBUG main            d.u.i.k.p.r.p.TestFile    ... success: reloaded. 
53454      INFO  main            d.u.i.k.p.r.p.TestFile    Now processing file /home/runner/work/key/key/key.core/../key.ui/examples/heap/block_contracts/Simple__unnecessaryBlockContract.key 
53455      INFO  main            d.u.i.k.p.i.AbstractProblemLoader Loading environment from /home/runner/work/key/key/key.core/../key.ui/examples/heap/block_contracts/Simple__unnecessaryBlockContract.key 
53455      DEBUG main            d.u.i.k.p.i.AbstractProblemLoader Environment load took 99.5ns 
53456      INFO  main            d.u.i.k.p.i.AbstractProblemLoader Creating init config 
56244      DEBUG main            d.u.i.k.p.i.AbstractProblemLoader Init config took 2.79s 
56305      INFO  main            d.u.i.k.p.i.AbstractProblemLoader Replaying proof Simple[Simple::unnecessaryBlockContract()].JML operation contract.0 
56307      DEBUG main            d.u.i.k.p.i.IntermediateProofReplayer Proof replay took 11.7ns 
56409      INFO  main            d.u.i.k.p.r.p.TestFile    ... finished proof: closed. 
56590      INFO  main            d.u.i.k.p.i.AbstractProblemLoader Loading environment from /home/runner/work/key/key/key.core/../key.ui/examples/heap/block_contracts/Simple__unnecessaryBlockContract.key.proof 
56590      DEBUG main            d.u.i.k.p.i.AbstractProblemLoader Environment load took 115ns 
56592      INFO  main            d.u.i.k.p.i.AbstractProblemLoader Creating init config 
59347      DEBUG main            d.u.i.k.p.i.AbstractProblemLoader Init config took 2.76s 
59384      INFO  main            d.u.i.k.p.i.AbstractProblemLoader Replaying proof Simple[Simple::unnecessaryBlockContract()].JML operation contract.0 
59405      DEBUG main            d.u.i.k.p.i.IntermediateProofReplayer Proof replay took 19.37ms 
59406      DEBUG main            d.u.i.k.p.r.p.TestFile    ... success: reloaded. 
59407      INFO  main            d.u.i.k.p.r.p.TestFile    Now processing file /home/runner/work/key/key/key.core/../key.ui/examples/heap/block_contracts/Simple__unnecessaryLoopInvariant.key 
59407      INFO  main            d.u.i.k.p.i.AbstractProblemLoader Loading environment from /home/runner/work/key/key/key.core/../key.ui/examples/heap/block_contracts/Simple__unnecessaryLoopInvariant.key 
59407      DEBUG main            d.u.i.k.p.i.AbstractProblemLoader Environment load took 76.5ns 
59408      INFO  main            d.u.i.k.p.i.AbstractProblemLoader Creating init config 
62220      DEBUG main            d.u.i.k.p.i.AbstractProblemLoader Init config took 2.81s 
62256      INFO  main            d.u.i.k.p.i.AbstractProblemLoader Replaying proof Simple[Simple::unnecessaryLoopInvariant()].JML operation contract.0 
62258      DEBUG main            d.u.i.k.p.i.IntermediateProofReplayer Proof replay took 10.2ns 
62365      INFO  main            d.u.i.k.p.r.p.TestFile    ... finished proof: closed. 
62545      INFO  main            d.u.i.k.p.i.AbstractProblemLoader Loading environment from /home/runner/work/key/key/key.core/../key.ui/examples/heap/block_contracts/Simple__unnecessaryLoopInvariant.key.proof 
62545      DEBUG main            d.u.i.k.p.i.AbstractProblemLoader Environment load took 107.6ns 
62546      INFO  main            d.u.i.k.p.i.AbstractProblemLoader Creating init config 
65280      DEBUG main            d.u.i.k.p.i.AbstractProblemLoader Init config took 2.73s 
65316      INFO  main            d.u.i.k.p.i.AbstractProblemLoader Replaying proof Simple[Simple::unnecessaryLoopInvariant()].JML operation contract.0 
65328      DEBUG main            d.u.i.k.p.i.IntermediateProofReplayer Proof replay took 10.6ms 
65329      DEBUG main            d.u.i.k.p.r.p.TestFile    ... success: reloaded. 
65330      INFO  main            d.u.i.k.p.r.p.TestFile    Now processing file /home/runner/work/key/key/key.core/../key.ui/examples/standard_key/java_dl/jml-assert/assert.key 
65330      INFO  main            d.u.i.k.p.i.AbstractProblemLoader Loading environment from /home/runner/work/key/key/key.core/../key.ui/examples/standard_key/java_dl/jml-assert/assert.key 
65330      DEBUG main            d.u.i.k.p.i.AbstractProblemLoader Environment load took 87ns 
65331      INFO  main            d.u.i.k.p.i.AbstractProblemLoader Creating init config 
67792      DEBUG main            d.u.i.k.p.i.AbstractProblemLoader Init config took 2.46s 
67829      INFO  main            d.u.i.k.p.i.AbstractProblemLoader Replaying proof Assert[Assert::createArray(int)].JML normal_behavior operation contract.0 
67831      DEBUG main            d.u.i.k.p.i.IntermediateProofReplayer Proof replay took 6ns 
68033      INFO  main            d.u.i.k.p.r.p.TestFile    ... finished proof: closed. 
68225      INFO  main            d.u.i.k.p.i.AbstractProblemLoader Loading environment from /home/runner/work/key/key/key.core/../key.ui/examples/standard_key/java_dl/jml-assert/assert.key.proof 
68225      DEBUG main            d.u.i.k.p.i.AbstractProblemLoader Environment load took 106ns 
68226      INFO  main            d.u.i.k.p.i.AbstractProblemLoader Creating init config 
70603      DEBUG main            d.u.i.k.p.i.AbstractProblemLoader Init config took 2.38s 
70639      INFO  main            d.u.i.k.p.i.AbstractProblemLoader Replaying proof Assert[Assert::createArray(int)].JML normal_behavior operation contract.0 
70681      DEBUG main            d.u.i.k.p.i.IntermediateProofReplayer Proof replay took 39.55ms 
70682      DEBUG main            d.u.i.k.p.r.p.TestFile    ... success: reloaded. 
70683      INFO  main            d.u.i.k.p.r.p.TestFile    Now processing file /home/runner/work/key/key/key.core/../key.ui/examples/standard_key/java_dl/jml-assert/assert_assume_order.key 
70684      INFO  main            d.u.i.k.p.i.AbstractProblemLoader Loading environment from /home/runner/work/key/key/key.core/../key.ui/examples/standard_key/java_dl/jml-assert/assert_assume_order.key 
70684      DEBUG main            d.u.i.k.p.i.AbstractProblemLoader Environment load took 204.4ns 
70685      INFO  main            d.u.i.k.p.i.AbstractProblemLoader Creating init config 
73131      DEBUG main            d.u.i.k.p.i.AbstractProblemLoader Init config took 2.45s 
73170      INFO  main            d.u.i.k.p.i.AbstractProblemLoader Replaying proof AssertAssume[AssertAssume::singleAssumeAssert(int)].JML normal_behavior operation contract.0 
73172      DEBUG main            d.u.i.k.p.i.IntermediateProofReplayer Proof replay took 5.4ns 
73273      INFO  main            d.u.i.k.p.r.p.TestFile    ... finished proof: closed. 
73445      INFO  main            d.u.i.k.p.i.AbstractProblemLoader Loading environment from /home/runner/work/key/key/key.core/../key.ui/examples/standard_key/java_dl/jml-assert/assert_assume_order.key.proof 
73445      DEBUG main            d.u.i.k.p.i.AbstractProblemLoader Environment load took 108.4ns 
73446      INFO  main            d.u.i.k.p.i.AbstractProblemLoader Creating init config 
75829      DEBUG main            d.u.i.k.p.i.AbstractProblemLoader Init config took 2.38s 
75863      INFO  main            d.u.i.k.p.i.AbstractProblemLoader Replaying proof AssertAssume[AssertAssume::singleAssumeAssert(int)].JML normal_behavior operation contract.0 
75872      DEBUG main            d.u.i.k.p.i.IntermediateProofReplayer Proof replay took 6.78ms 
75874      DEBUG main            d.u.i.k.p.r.p.TestFile    ... success: reloaded. 
75875      INFO  main            d.u.i.k.p.r.p.TestFile    Now processing file /home/runner/work/key/key/key.core/../key.ui/examples/heap/block_loop_contracts/SimpleVariants/sum_onBlock_external.key 
75875      INFO  main            d.u.i.k.p.i.AbstractProblemLoader Loading environment from /home/runner/work/key/key/key.core/../key.ui/examples/heap/block_loop_contracts/SimpleVariants/sum_onBlock_external.key 
75875      DEBUG main            d.u.i.k.p.i.AbstractProblemLoader Environment load took 112.6ns 
75876      INFO  main            d.u.i.k.p.i.AbstractProblemLoader Creating init config 
78578      DEBUG main            d.u.i.k.p.i.AbstractProblemLoader Init config took 2.7s 
78611      INFO  main            d.u.i.k.p.i.AbstractProblemLoader Replaying proof LoopContractExamplesAll[LoopContractExamplesAll::sum_loopContract_onBlock([I)].JML normal_behavior operation contract.0 
78614      DEBUG main            d.u.i.k.p.i.IntermediateProofReplayer Proof replay took 11.6ns 
78717      INFO  main            d.u.i.k.p.r.p.TestFile    ... finished proof: closed. 
78920      INFO  main            d.u.i.k.p.i.AbstractProblemLoader Loading environment from /home/runner/work/key/key/key.core/../key.ui/examples/heap/block_loop_contracts/SimpleVariants/sum_onBlock_external.key.proof 
78920      DEBUG main            d.u.i.k.p.i.AbstractProblemLoader Environment load took 109.8ns 
78921      INFO  main            d.u.i.k.p.i.AbstractProblemLoader Creating init config 
81530      DEBUG main            d.u.i.k.p.i.AbstractProblemLoader Init config took 2.61s 
81563      INFO  main            d.u.i.k.p.i.AbstractProblemLoader Replaying proof LoopContractExamplesAll[LoopContractExamplesAll::sum_loopContract_onBlock([I)].JML normal_behavior operation contract.0 
81594      DEBUG main            d.u.i.k.p.i.IntermediateProofReplayer Proof replay took 28.94ms 
81595      DEBUG main            d.u.i.k.p.r.p.TestFile    ... success: reloaded. 
81596      INFO  main            d.u.i.k.p.r.p.TestFile    Now processing file /home/runner/work/key/key/key.core/../key.ui/examples/heap/block_loop_contracts/SimpleVariants/sum_onBlock_internal.key 
81596      INFO  main            d.u.i.k.p.i.AbstractProblemLoader Loading environment from /home/runner/work/key/key/key.core/../key.ui/examples/heap/block_loop_contracts/SimpleVariants/sum_onBlock_internal.key 
81596      DEBUG main            d.u.i.k.p.i.AbstractProblemLoader Environment load took 91.9ns 
81597      INFO  main            d.u.i.k.p.i.AbstractProblemLoader Creating init config 
84218      DEBUG main            d.u.i.k.p.i.AbstractProblemLoader Init config took 2.62s 
84252      INFO  main            d.u.i.k.p.i.AbstractProblemLoader Replaying proof LoopContractExamplesAll[LoopContractExamplesAll::sum_loopContract_onBlock([I)].JML normal_behavior operation contract.0 
84254      DEBUG main            d.u.i.k.p.i.IntermediateProofReplayer Proof replay took 10.4ns 
84957      INFO  main            d.u.i.k.p.r.p.TestFile    ... finished proof: closed. 
85177      INFO  main            d.u.i.k.p.i.AbstractProblemLoader Loading environment from /home/runner/work/key/key/key.core/../key.ui/examples/heap/block_loop_contracts/SimpleVariants/sum_onBlock_internal.key.proof 
85177      DEBUG main            d.u.i.k.p.i.AbstractProblemLoader Environment load took 102.7ns 
85178      INFO  main            d.u.i.k.p.i.AbstractProblemLoader Creating init config 
87757      DEBUG main            d.u.i.k.p.i.AbstractProblemLoader Init config took 2.58s 
87790      INFO  main            d.u.i.k.p.i.AbstractProblemLoader Replaying proof LoopContractExamplesAll[LoopContractExamplesAll::sum_loopContract_onBlock([I)].JML normal_behavior operation contract.0 
88007      DEBUG main            d.u.i.k.p.i.IntermediateProofReplayer Proof replay took 213.56ms 
88008      DEBUG main            d.u.i.k.p.r.p.TestFile    ... success: reloaded. 
88009      INFO  main            d.u.i.k.p.r.p.TestFile    Now processing file /home/runner/work/key/key/key.core/../key.ui/examples/heap/block_loop_contracts/SimpleVariants/sum_onBlock_loop.key 
88009      INFO  main            d.u.i.k.p.i.AbstractProblemLoader Loading environment from /home/runner/work/key/key/key.core/../key.ui/examples/heap/block_loop_contracts/SimpleVariants/sum_onBlock_loop.key 
88009      DEBUG main            d.u.i.k.p.i.AbstractProblemLoader Environment load took 202ns 
88010      INFO  main            d.u.i.k.p.i.AbstractProblemLoader Creating init config 
90634      DEBUG main            d.u.i.k.p.i.AbstractProblemLoader Init config took 2.62s 
90670      INFO  main            d.u.i.k.p.i.AbstractProblemLoader Replaying proof LoopContractExamplesAll[LoopContractExamplesAll::sum_loopContract_onBlock([I)].JML normal_behavior loop contract.0 
90672      DEBUG main            d.u.i.k.p.i.IntermediateProofReplayer Proof replay took 22.2ns 
91378      INFO  main            d.u.i.k.p.r.p.TestFile    ... finished proof: closed. 
91621      INFO  main            d.u.i.k.p.i.AbstractProblemLoader Loading environment from /home/runner/work/key/key/key.core/../key.ui/examples/heap/block_loop_contracts/SimpleVariants/sum_onBlock_loop.key.proof 
91621      DEBUG main            d.u.i.k.p.i.AbstractProblemLoader Environment load took 106.7ns 
91622      INFO  main            d.u.i.k.p.i.AbstractProblemLoader Creating init config 
94165      DEBUG main            d.u.i.k.p.i.AbstractProblemLoader Init config took 2.54s 
94198      INFO  main            d.u.i.k.p.i.AbstractProblemLoader Replaying proof LoopContractExamplesAll[LoopContractExamplesAll::sum_loopContract_onBlock([I)].JML normal_behavior loop contract.0 
94424      DEBUG main            d.u.i.k.p.i.IntermediateProofReplayer Proof replay took 222.47ms 
94425      DEBUG main            d.u.i.k.p.r.p.TestFile    ... success: reloaded. 
94426      INFO  main            d.u.i.k.p.r.p.TestFile    Now processing file /home/runner/work/key/key/key.core/../key.ui/examples/heap/block_loop_contracts/SimpleVariants/sum_onLoop_external.key 
94426      INFO  main            d.u.i.k.p.i.AbstractProblemLoader Loading environment from /home/runner/work/key/key/key.core/../key.ui/examples/heap/block_loop_contracts/SimpleVariants/sum_onLoop_external.key 
94426      DEBUG main            d.u.i.k.p.i.AbstractProblemLoader Environment load took 78.3ns 
94427      INFO  main            d.u.i.k.p.i.AbstractProblemLoader Creating init config 
97073      DEBUG main            d.u.i.k.p.i.AbstractProblemLoader Init config took 2.65s 
97127      INFO  main            d.u.i.k.p.i.AbstractProblemLoader Replaying proof LoopContractExamplesAll[LoopContractExamplesAll::sum_loopContract_onLoop([I)].JML normal_behavior operation contract.0 
97130      DEBUG main            d.u.i.k.p.i.IntermediateProofReplayer Proof replay took 11.7ns 
97233      INFO  main            d.u.i.k.p.r.p.TestFile    ... finished proof: closed. 
97473      INFO  main            d.u.i.k.p.i.AbstractProblemLoader Loading environment from /home/runner/work/key/key/key.core/../key.ui/examples/heap/block_loop_contracts/SimpleVariants/sum_onLoop_external.key.proof 
97473      DEBUG main            d.u.i.k.p.i.AbstractProblemLoader Environment load took 102.4ns 
97474      INFO  main            d.u.i.k.p.i.AbstractProblemLoader Creating init config 
100023     DEBUG main            d.u.i.k.p.i.AbstractProblemLoader Init config took 2.55s 
100055     INFO  main            d.u.i.k.p.i.AbstractProblemLoader Replaying proof LoopContractExamplesAll[LoopContractExamplesAll::sum_loopContract_onLoop([I)].JML normal_behavior operation contract.0 
100094     DEBUG main            d.u.i.k.p.i.IntermediateProofReplayer Proof replay took 36.81ms 
100095     DEBUG main            d.u.i.k.p.r.p.TestFile    ... success: reloaded. 
100095     INFO  main            d.u.i.k.p.r.p.TestFile    Now processing file /home/runner/work/key/key/key.core/../key.ui/examples/heap/block_loop_contracts/SimpleVariants/sum_onLoop_internal.key 
100096     INFO  main            d.u.i.k.p.i.AbstractProblemLoader Loading environment from /home/runner/work/key/key/key.core/../key.ui/examples/heap/block_loop_contracts/SimpleVariants/sum_onLoop_internal.key 
100096     DEBUG main            d.u.i.k.p.i.AbstractProblemLoader Environment load took 77.1ns 
100097     INFO  main            d.u.i.k.p.i.AbstractProblemLoader Creating init config 
102696     DEBUG main            d.u.i.k.p.i.AbstractProblemLoader Init config took 2.6s 
102729     INFO  main            d.u.i.k.p.i.AbstractProblemLoader Replaying proof LoopContractExamplesAll[LoopContractExamplesAll::sum_loopContract_onLoop([I)].JML normal_behavior operation contract.0 
102730     DEBUG main            d.u.i.k.p.i.IntermediateProofReplayer Proof replay took 11ns 
103339     INFO  main            d.u.i.k.p.r.p.TestFile    ... finished proof: closed. 
103600     INFO  main            d.u.i.k.p.i.AbstractProblemLoader Loading environment from /home/runner/work/key/key/key.core/../key.ui/examples/heap/block_loop_contracts/SimpleVariants/sum_onLoop_internal.key.proof 
103601     DEBUG main            d.u.i.k.p.i.AbstractProblemLoader Environment load took 104.9ns 
103602     INFO  main            d.u.i.k.p.i.AbstractProblemLoader Creating init config 
106146     DEBUG main            d.u.i.k.p.i.AbstractProblemLoader Init config took 2.54s 
106179     INFO  main            d.u.i.k.p.i.AbstractProblemLoader Replaying proof LoopContractExamplesAll[LoopContractExamplesAll::sum_loopContract_onLoop([I)].JML normal_behavior operation contract.0 
106405     DEBUG main            d.u.i.k.p.i.IntermediateProofReplayer Proof replay took 221.59ms 
106406     DEBUG main            d.u.i.k.p.r.p.TestFile    ... success: reloaded. 
106407     INFO  main            d.u.i.k.p.r.p.TestFile    Now processing file /home/runner/work/key/key/key.core/../key.ui/examples/heap/block_loop_contracts/SimpleVariants/sum_onLoop_loop.key 
106407     INFO  main            d.u.i.k.p.i.AbstractProblemLoader Loading environment from /home/runner/work/key/key/key.core/../key.ui/examples/heap/block_loop_contracts/SimpleVariants/sum_onLoop_loop.key 
106407     DEBUG main            d.u.i.k.p.i.AbstractProblemLoader Environment load took 213.4ns 
106409     INFO  main            d.u.i.k.p.i.AbstractProblemLoader Creating init config 
109047     DEBUG main            d.u.i.k.p.i.AbstractProblemLoader Init config took 2.64s 
109081     INFO  main            d.u.i.k.p.i.AbstractProblemLoader Replaying proof LoopContractExamplesAll[LoopContractExamplesAll::sum_loopContract_onLoop([I)].JML normal_behavior loop contract.0 
109082     DEBUG main            d.u.i.k.p.i.IntermediateProofReplayer Proof replay took 10ns 
109788     INFO  main            d.u.i.k.p.r.p.TestFile    ... finished proof: closed. 
110056     INFO  main            d.u.i.k.p.i.AbstractProblemLoader Loading environment from /home/runner/work/key/key/key.core/../key.ui/examples/heap/block_loop_contracts/SimpleVariants/sum_onLoop_loop.key.proof 
110056     DEBUG main            d.u.i.k.p.i.AbstractProblemLoader Environment load took 137.3ns 
110057     INFO  main            d.u.i.k.p.i.AbstractProblemLoader Creating init config 
112592     DEBUG main            d.u.i.k.p.i.AbstractProblemLoader Init config took 2.53s 
112625     INFO  main            d.u.i.k.p.i.AbstractProblemLoader Replaying proof LoopContractExamplesAll[LoopContractExamplesAll::sum_loopContract_onLoop([I)].JML normal_behavior loop contract.0 
112846     DEBUG main            d.u.i.k.p.i.IntermediateProofReplayer Proof replay took 216.6ms 
112846     DEBUG main            d.u.i.k.p.r.p.TestFile    ... success: reloaded. 
112847     INFO  main            d.u.i.k.p.r.p.TestFile    Now processing file /home/runner/work/key/key/key.core/../key.ui/examples/heap/block_loop_contracts/Free/blockContracts0.key 
112847     INFO  main            d.u.i.k.p.i.AbstractProblemLoader Loading environment from /home/runner/work/key/key/key.core/../key.ui/examples/heap/block_loop_contracts/Free/blockContracts0.key 
112848     DEBUG main            d.u.i.k.p.i.AbstractProblemLoader Environment load took 85.9ns 
112848     INFO  main            d.u.i.k.p.i.AbstractProblemLoader Creating init config 
115146     DEBUG main            d.u.i.k.p.i.AbstractProblemLoader Init config took 2.3s 
115178     INFO  main            d.u.i.k.p.i.AbstractProblemLoader Replaying proof FreeConditions[FreeConditions::blockContract0()].JML normal_behavior operation contract.0 
115179     DEBUG main            d.u.i.k.p.i.IntermediateProofReplayer Proof replay took 10.4ns 
115281     INFO  main            d.u.i.k.p.r.p.TestFile    ... finished proof: closed. 
115542     INFO  main            d.u.i.k.p.i.AbstractProblemLoader Loading environment from /home/runner/work/key/key/key.core/../key.ui/examples/heap/block_loop_contracts/Free/blockContracts0.key.proof 
115542     DEBUG main            d.u.i.k.p.i.AbstractProblemLoader Environment load took 97.2ns 
115543     INFO  main            d.u.i.k.p.i.AbstractProblemLoader Creating init config 
117769     DEBUG main            d.u.i.k.p.i.AbstractProblemLoader Init config took 2.23s 
117801     INFO  main            d.u.i.k.p.i.AbstractProblemLoader Replaying proof FreeConditions[FreeConditions::blockContract0()].JML normal_behavior operation contract.0 
117820     DEBUG main            d.u.i.k.p.i.IntermediateProofReplayer Proof replay took 17.65ms 
117821     DEBUG main            d.u.i.k.p.r.p.TestFile    ... success: reloaded. 
117821     INFO  main            d.u.i.k.p.r.p.TestFile    Now processing file /home/runner/work/key/key/key.core/../key.ui/examples/heap/block_loop_contracts/Free/blockContracts1.key 
117822     INFO  main            d.u.i.k.p.i.AbstractProblemLoader Loading environment from /home/runner/work/key/key/key.core/../key.ui/examples/heap/block_loop_contracts/Free/blockContracts1.key 
117822     DEBUG main            d.u.i.k.p.i.AbstractProblemLoader Environment load took 83.7ns 
117823     INFO  main            d.u.i.k.p.i.AbstractProblemLoader Creating init config 
120098     DEBUG main            d.u.i.k.p.i.AbstractProblemLoader Init config took 2.28s 
120129     INFO  main            d.u.i.k.p.i.AbstractProblemLoader Replaying proof FreeConditions[FreeConditions::blockContract1()].JML normal_behavior operation contract.0 
120131     DEBUG main            d.u.i.k.p.i.IntermediateProofReplayer Proof replay took 11.4ns 
120233     INFO  main            d.u.i.k.p.r.p.TestFile    ... finished proof: closed. 
120475     INFO  main            d.u.i.k.p.i.AbstractProblemLoader Loading environment from /home/runner/work/key/key/key.core/../key.ui/examples/heap/block_loop_contracts/Free/blockContracts1.key.proof 
120475     DEBUG main            d.u.i.k.p.i.AbstractProblemLoader Environment load took 103.2ns 
120476     INFO  main            d.u.i.k.p.i.AbstractProblemLoader Creating init config 
122696     DEBUG main            d.u.i.k.p.i.AbstractProblemLoader Init config took 2.22s 
122727     INFO  main            d.u.i.k.p.i.AbstractProblemLoader Replaying proof FreeConditions[FreeConditions::blockContract1()].JML normal_behavior operation contract.0 
122743     DEBUG main            d.u.i.k.p.i.IntermediateProofReplayer Proof replay took 14.22ms 
122744     DEBUG main            d.u.i.k.p.r.p.TestFile    ... success: reloaded. 
122745     INFO  main            d.u.i.k.p.r.p.TestFile    Now processing file /home/runner/work/key/key/key.core/../key.ui/examples/heap/block_loop_contracts/Finally/block_finally.key 
122745     INFO  main            d.u.i.k.p.i.AbstractProblemLoader Loading environment from /home/runner/work/key/key/key.core/../key.ui/examples/heap/block_loop_contracts/Finally/block_finally.key 
122745     DEBUG main            d.u.i.k.p.i.AbstractProblemLoader Environment load took 84.6ns 
122746     INFO  main            d.u.i.k.p.i.AbstractProblemLoader Creating init config 
125041     DEBUG main            d.u.i.k.p.i.AbstractProblemLoader Init config took 2.3s 
125074     INFO  main            d.u.i.k.p.i.AbstractProblemLoader Replaying proof AuxiliaryContractsFinally[AuxiliaryContractsFinally::breakThrowContinueBlockContract(java.lang.Exception)].JML block contract.0 
125076     DEBUG main            d.u.i.k.p.i.IntermediateProofReplayer Proof replay took 10.7ns 
125581     INFO  main            d.u.i.k.p.r.p.TestFile    ... finished proof: open goal(s) 
125845     INFO  main            d.u.i.k.p.r.p.TestFile    Now processing file /home/runner/work/key/key/key.core/../key.ui/examples/heap/block_loop_contracts/Finally/loop_finally.key 
125845     INFO  main            d.u.i.k.p.i.AbstractProblemLoader Loading environment from /home/runner/work/key/key/key.core/../key.ui/examples/heap/block_loop_contracts/Finally/loop_finally.key 
125845     DEBUG main            d.u.i.k.p.i.AbstractProblemLoader Environment load took 53.4ns 
125847     INFO  main            d.u.i.k.p.i.AbstractProblemLoader Creating init config 
128118     DEBUG main            d.u.i.k.p.i.AbstractProblemLoader Init config took 2.27s 
128154     INFO  main            d.u.i.k.p.i.AbstractProblemLoader Replaying proof AuxiliaryContractsFinally[AuxiliaryContractsFinally::breakThrowContinueLoopContract(java.lang.Exception)].JML normal_behavior loop contract.0 
128155     DEBUG main            d.u.i.k.p.i.IntermediateProofReplayer Proof replay took 10.8ns 
128768     INFO  main            d.u.i.k.p.r.p.TestFile    ... finished proof: open goal(s) 
600609     INFO  Test worker     d.u.i.k.p.r.RunAllProofsTestUnit Returning from test blockContracts 
600610     INFO  Test worker     d.u.i.k.p.r.RunAllProofsTestUnit Running test jmlAsserts 
371        INFO  Timeout watchdog d.u.i.k.p.r.p.ForkedTestFileRunner Timeout watcher launched (2000 secs.) 
382        WARN  main            d.u.i.k.s.ProofSettings   The settings in /home/runner/.key/proof-settings.props are *not* read. 
419        INFO  main            d.u.i.k.p.r.p.TestFile    Now processing file /home/runner/work/key/key/key.core/../key.ui/examples/standard_key/java_dl/jml-assert/assert.key 
548        INFO  main            d.u.i.k.p.i.AbstractProblemLoader Loading environment from /home/runner/work/key/key/key.core/../key.ui/examples/standard_key/java_dl/jml-assert/assert.key 
567        DEBUG main            d.u.i.k.p.i.AbstractProblemLoader Environment load took 1.72ms 
769        INFO  main            d.u.i.k.p.i.AbstractProblemLoader Creating init config 
1660       DEBUG main            d.u.i.k.j.TypeConverter   No LDT found for Meta 
1660       DEBUG main            d.u.i.k.j.TypeConverter   No LDT found for Meta 
1664       DEBUG main            d.u.i.k.j.TypeConverter   No LDT found for Meta 
1664       DEBUG main            d.u.i.k.j.TypeConverter   No LDT found for Meta 
2910       DEBUG main            d.u.i.k.j.TypeConverter   No LDT found for JavaBigintExpression 
7896       DEBUG main            d.u.i.k.p.i.AbstractProblemLoader Init config took 7.13s 
8066       INFO  main            d.u.i.k.p.i.AbstractProblemLoader Replaying proof Assert[Assert::createArray(int)].JML normal_behavior operation contract.0 
8136       DEBUG main            d.u.i.k.p.i.IntermediateProofReplayer Proof replay took 36.4ns 
9068       INFO  main            d.u.i.k.p.r.p.TestFile    ... finished proof: closed. 
9184       INFO  main            d.u.i.k.p.i.AbstractProblemLoader Loading environment from /home/runner/work/key/key/key.core/../key.ui/examples/standard_key/java_dl/jml-assert/assert.key.proof 
9186       DEBUG main            d.u.i.k.p.i.AbstractProblemLoader Environment load took 1.98ms 
9189       INFO  main            d.u.i.k.p.i.AbstractProblemLoader Creating init config 
11970      DEBUG main            d.u.i.k.p.i.AbstractProblemLoader Init config took 2.78s 
12036      INFO  main            d.u.i.k.p.i.AbstractProblemLoader Replaying proof Assert[Assert::createArray(int)].JML normal_behavior operation contract.0 
12180      DEBUG main            d.u.i.k.p.i.IntermediateProofReplayer Proof replay took 130.61ms 
12187      DEBUG main            d.u.i.k.p.r.p.TestFile    ... success: reloaded. 
12190      INFO  main            d.u.i.k.p.r.p.TestFile    Now processing file /home/runner/work/key/key/key.core/../key.ui/examples/heap/block_loop_contracts/Free/assertions0.key 
12191      INFO  main            d.u.i.k.p.i.AbstractProblemLoader Loading environment from /home/runner/work/key/key/key.core/../key.ui/examples/heap/block_loop_contracts/Free/assertions0.key 
12191      DEBUG main            d.u.i.k.p.i.AbstractProblemLoader Environment load took 107.9ns 
12194      INFO  main            d.u.i.k.p.i.AbstractProblemLoader Creating init config 
14975      DEBUG main            d.u.i.k.p.i.AbstractProblemLoader Init config took 2.78s 
15042      INFO  main            d.u.i.k.p.i.AbstractProblemLoader Replaying proof FreeConditions[FreeConditions::assertions0()].JML normal_behavior operation contract.0 
15049      DEBUG main            d.u.i.k.p.i.IntermediateProofReplayer Proof replay took 13.9ns 
15252      INFO  main            d.u.i.k.p.r.p.TestFile    ... finished proof: closed. 
15369      INFO  main            d.u.i.k.p.i.AbstractProblemLoader Loading environment from /home/runner/work/key/key/key.core/../key.ui/examples/heap/block_loop_contracts/Free/assertions0.key.proof 
15369      DEBUG main            d.u.i.k.p.i.AbstractProblemLoader Environment load took 116.6ns 
15374      INFO  main            d.u.i.k.p.i.AbstractProblemLoader Creating init config 
17872      DEBUG main            d.u.i.k.p.i.AbstractProblemLoader Init config took 2.5s 
17935      INFO  main            d.u.i.k.p.i.AbstractProblemLoader Replaying proof FreeConditions[FreeConditions::assertions0()].JML normal_behavior operation contract.0 
17956      DEBUG main            d.u.i.k.p.i.IntermediateProofReplayer Proof replay took 19.14ms 
17958      DEBUG main            d.u.i.k.p.r.p.TestFile    ... success: reloaded. 
17959      INFO  main            d.u.i.k.p.r.p.TestFile    Now processing file /home/runner/work/key/key/key.core/../key.ui/examples/heap/block_loop_contracts/Free/assertions1.key 
17959      INFO  main            d.u.i.k.p.i.AbstractProblemLoader Loading environment from /home/runner/work/key/key/key.core/../key.ui/examples/heap/block_loop_contracts/Free/assertions1.key 
17960      DEBUG main            d.u.i.k.p.i.AbstractProblemLoader Environment load took 264ns 
17961      INFO  main            d.u.i.k.p.i.AbstractProblemLoader Creating init config 
20495      DEBUG main            d.u.i.k.p.i.AbstractProblemLoader Init config took 2.53s 
20539      INFO  main            d.u.i.k.p.i.AbstractProblemLoader Replaying proof FreeConditions[FreeConditions::assertions1()].JML normal_behavior operation contract.0 
20541      DEBUG main            d.u.i.k.p.i.IntermediateProofReplayer Proof replay took 20.9ns 
20643      INFO  main            d.u.i.k.p.r.p.TestFile    ... finished proof: closed. 
20821      INFO  main            d.u.i.k.p.i.AbstractProblemLoader Loading environment from /home/runner/work/key/key/key.core/../key.ui/examples/heap/block_loop_contracts/Free/assertions1.key.proof 
20821      DEBUG main            d.u.i.k.p.i.AbstractProblemLoader Environment load took 121.4ns 
20822      INFO  main            d.u.i.k.p.i.AbstractProblemLoader Creating init config 
23260      DEBUG main            d.u.i.k.p.i.AbstractProblemLoader Init config took 2.44s 
23303      INFO  main            d.u.i.k.p.i.AbstractProblemLoader Replaying proof FreeConditions[FreeConditions::assertions1()].JML normal_behavior operation contract.0 
23310      DEBUG main            d.u.i.k.p.i.IntermediateProofReplayer Proof replay took 4.72ms 
23311      DEBUG main            d.u.i.k.p.r.p.TestFile    ... success: reloaded. 
23312      INFO  main            d.u.i.k.p.r.p.TestFile    Now processing file /home/runner/work/key/key/key.core/../key.ui/examples/standard_key/java_dl/jml-assert/recursion-assert.key 
23312      INFO  main            d.u.i.k.p.i.AbstractProblemLoader Loading environment from /home/runner/work/key/key/key.core/../key.ui/examples/standard_key/java_dl/jml-assert/recursion-assert.key 
23313      DEBUG main            d.u.i.k.p.i.AbstractProblemLoader Environment load took 258.2ns 
23314      INFO  main            d.u.i.k.p.i.AbstractProblemLoader Creating init config 
25976      DEBUG main            d.u.i.k.p.i.AbstractProblemLoader Init config took 2.66s 
26021      INFO  main            d.u.i.k.p.i.AbstractProblemLoader Replaying proof RecursiveMethod[RecursiveMethod::fac1(int)].JML normal_behavior operation contract.0 
26023      DEBUG main            d.u.i.k.p.i.IntermediateProofReplayer Proof replay took 6ns 
26228      INFO  main            d.u.i.k.p.r.p.TestFile    ... finished proof: closed. 
26385      INFO  main            d.u.i.k.p.i.AbstractProblemLoader Loading environment from /home/runner/work/key/key/key.core/../key.ui/examples/standard_key/java_dl/jml-assert/recursion-assert.key.proof 
26385      DEBUG main            d.u.i.k.p.i.AbstractProblemLoader Environment load took 440.4ns 
26388      INFO  main            d.u.i.k.p.i.AbstractProblemLoader Creating init config 
28989      DEBUG main            d.u.i.k.p.i.AbstractProblemLoader Init config took 2.6s 
29033      INFO  main            d.u.i.k.p.i.AbstractProblemLoader Replaying proof RecursiveMethod[RecursiveMethod::fac1(int)].JML normal_behavior operation contract.0 
29072      DEBUG main            d.u.i.k.p.i.IntermediateProofReplayer Proof replay took 36.68ms 
29074      DEBUG main            d.u.i.k.p.r.p.TestFile    ... success: reloaded. 
29075      INFO  main            d.u.i.k.p.r.p.TestFile    Now processing file /home/runner/work/key/key/key.core/../key.ui/examples/standard_key/java_dl/jml-assert/recursion-assume.key 
29075      INFO  main            d.u.i.k.p.i.AbstractProblemLoader Loading environment from /home/runner/work/key/key/key.core/../key.ui/examples/standard_key/java_dl/jml-assert/recursion-assume.key 
29075      DEBUG main            d.u.i.k.p.i.AbstractProblemLoader Environment load took 224.4ns 
29076      INFO  main            d.u.i.k.p.i.AbstractProblemLoader Creating init config 
31701      DEBUG main            d.u.i.k.p.i.AbstractProblemLoader Init config took 2.62s 
31743      INFO  main            d.u.i.k.p.i.AbstractProblemLoader Replaying proof RecursiveMethod[RecursiveMethod::fac2(int)].JML normal_behavior operation contract.0 
31744      DEBUG main            d.u.i.k.p.i.IntermediateProofReplayer Proof replay took 5.7ns 
31946      INFO  main            d.u.i.k.p.r.p.TestFile    ... finished proof: closed. 
32110      INFO  main            d.u.i.k.p.i.AbstractProblemLoader Loading environment from /home/runner/work/key/key/key.core/../key.ui/examples/standard_key/java_dl/jml-assert/recursion-assume.key.proof 
32110      DEBUG main            d.u.i.k.p.i.AbstractProblemLoader Environment load took 114ns 
32111      INFO  main            d.u.i.k.p.i.AbstractProblemLoader Creating init config 
34669      DEBUG main            d.u.i.k.p.i.AbstractProblemLoader Init config took 2.56s 
34712      INFO  main            d.u.i.k.p.i.AbstractProblemLoader Replaying proof RecursiveMethod[RecursiveMethod::fac2(int)].JML normal_behavior operation contract.0 
34766      DEBUG main            d.u.i.k.p.i.IntermediateProofReplayer Proof replay took 51.6ms 
34767      DEBUG main            d.u.i.k.p.r.p.TestFile    ... success: reloaded. 
34768      INFO  main            d.u.i.k.p.r.p.TestFile    Now processing file /home/runner/work/key/key/key.core/../key.ui/examples/standard_key/java_dl/jml-assert/quantor-assert.key 
34769      INFO  main            d.u.i.k.p.i.AbstractProblemLoader Loading environment from /home/runner/work/key/key/key.core/../key.ui/examples/standard_key/java_dl/jml-assert/quantor-assert.key 
34769      DEBUG main            d.u.i.k.p.i.AbstractProblemLoader Environment load took 210.4ns 
34770      INFO  main            d.u.i.k.p.i.AbstractProblemLoader Creating init config 
37338      DEBUG main            d.u.i.k.p.i.AbstractProblemLoader Init config took 2.57s 
37384      INFO  main            d.u.i.k.p.i.AbstractProblemLoader Replaying proof Quantor[Quantor::square1(int)].JML normal_behavior operation contract.0 
37387      DEBUG main            d.u.i.k.p.i.IntermediateProofReplayer Proof replay took 6.2ns 
37491      INFO  main            d.u.i.k.p.r.p.TestFile    ... finished proof: closed. 
37664      INFO  main            d.u.i.k.p.i.AbstractProblemLoader Loading environment from /home/runner/work/key/key/key.core/../key.ui/examples/standard_key/java_dl/jml-assert/quantor-assert.key.proof 
37664      DEBUG main            d.u.i.k.p.i.AbstractProblemLoader Environment load took 125.5ns 
37665      INFO  main            d.u.i.k.p.i.AbstractProblemLoader Creating init config 
40139      DEBUG main            d.u.i.k.p.i.AbstractProblemLoader Init config took 2.47s 
40180      INFO  main            d.u.i.k.p.i.AbstractProblemLoader Replaying proof Quantor[Quantor::square1(int)].JML normal_behavior operation contract.0 
40197      DEBUG main            d.u.i.k.p.i.IntermediateProofReplayer Proof replay took 14.57ms 
40198      DEBUG main            d.u.i.k.p.r.p.TestFile    ... success: reloaded. 
40199      INFO  main            d.u.i.k.p.r.p.TestFile    Now processing file /home/runner/work/key/key/key.core/../key.ui/examples/standard_key/java_dl/jml-assert/quantor-assume.key 
40200      INFO  main            d.u.i.k.p.i.AbstractProblemLoader Loading environment from /home/runner/work/key/key/key.core/../key.ui/examples/standard_key/java_dl/jml-assert/quantor-assume.key 
40200      DEBUG main            d.u.i.k.p.i.AbstractProblemLoader Environment load took 208.5ns 
40201      INFO  main            d.u.i.k.p.i.AbstractProblemLoader Creating init config 
42719      DEBUG main            d.u.i.k.p.i.AbstractProblemLoader Init config took 2.52s 
42758      INFO  main            d.u.i.k.p.i.AbstractProblemLoader Replaying proof Quantor[Quantor::square2(int)].JML normal_behavior operation contract.0 
42759      DEBUG main            d.u.i.k.p.i.IntermediateProofReplayer Proof replay took 5.4ns 
42863      INFO  main            d.u.i.k.p.r.p.TestFile    ... finished proof: closed. 
43034      INFO  main            d.u.i.k.p.i.AbstractProblemLoader Loading environment from /home/runner/work/key/key/key.core/../key.ui/examples/standard_key/java_dl/jml-assert/quantor-assume.key.proof 
43034      DEBUG main            d.u.i.k.p.i.AbstractProblemLoader Environment load took 105.7ns 
43035      INFO  main            d.u.i.k.p.i.AbstractProblemLoader Creating init config 
45535      DEBUG main            d.u.i.k.p.i.AbstractProblemLoader Init config took 2.5s 
45573      INFO  main            d.u.i.k.p.i.AbstractProblemLoader Replaying proof Quantor[Quantor::square2(int)].JML normal_behavior operation contract.0 
45590      DEBUG main            d.u.i.k.p.i.IntermediateProofReplayer Proof replay took 14.57ms 
45591      DEBUG main            d.u.i.k.p.r.p.TestFile    ... success: reloaded. 
45593      INFO  main            d.u.i.k.p.r.p.TestFile    Now processing file /home/runner/work/key/key/key.core/../key.ui/examples/standard_key/java_dl/jml-assert/model-methods-static-static.key 
45593      INFO  main            d.u.i.k.p.i.AbstractProblemLoader Loading environment from /home/runner/work/key/key/key.core/../key.ui/examples/standard_key/java_dl/jml-assert/model-methods-static-static.key 
45593      DEBUG main            d.u.i.k.p.i.AbstractProblemLoader Environment load took 91.2ns 
45594      INFO  main            d.u.i.k.p.i.AbstractProblemLoader Creating init config 
48124      DEBUG main            d.u.i.k.p.i.AbstractProblemLoader Init config took 2.53s 
48175      INFO  main            d.u.i.k.p.i.AbstractProblemLoader Replaying proof ModelMethods[ModelMethods::test1()].JML normal_behavior operation contract.0 
48177      DEBUG main            d.u.i.k.p.i.IntermediateProofReplayer Proof replay took 6.1ns 
48278      INFO  main            d.u.i.k.p.r.p.TestFile    ... finished proof: closed. 
48449      INFO  main            d.u.i.k.p.i.AbstractProblemLoader Loading environment from /home/runner/work/key/key/key.core/../key.ui/examples/standard_key/java_dl/jml-assert/model-methods-static-static.key.proof 
48449      DEBUG main            d.u.i.k.p.i.AbstractProblemLoader Environment load took 115.1ns 
48450      INFO  main            d.u.i.k.p.i.AbstractProblemLoader Creating init config 
50937      DEBUG main            d.u.i.k.p.i.AbstractProblemLoader Init config took 2.49s 
50973      INFO  main            d.u.i.k.p.i.AbstractProblemLoader Replaying proof ModelMethods[ModelMethods::test1()].JML normal_behavior operation contract.0 
50983      DEBUG main            d.u.i.k.p.i.IntermediateProofReplayer Proof replay took 5.67ms 
50984      DEBUG main            d.u.i.k.p.r.p.TestFile    ... success: reloaded. 
50985      INFO  main            d.u.i.k.p.r.p.TestFile    Now processing file /home/runner/work/key/key/key.core/../key.ui/examples/standard_key/java_dl/jml-assert/model-methods-instance-static.key 
50985      INFO  main            d.u.i.k.p.i.AbstractProblemLoader Loading environment from /home/runner/work/key/key/key.core/../key.ui/examples/standard_key/java_dl/jml-assert/model-methods-instance-static.key 
50986      DEBUG main            d.u.i.k.p.i.AbstractProblemLoader Environment load took 215.8ns 
50987      INFO  main            d.u.i.k.p.i.AbstractProblemLoader Creating init config 
53482      DEBUG main            d.u.i.k.p.i.AbstractProblemLoader Init config took 2.49s 
53518      INFO  main            d.u.i.k.p.i.AbstractProblemLoader Replaying proof ModelMethods[ModelMethods::test2()].JML normal_behavior operation contract.0 
53519      DEBUG main            d.u.i.k.p.i.IntermediateProofReplayer Proof replay took 6.2ns 
53623      INFO  main            d.u.i.k.p.r.p.TestFile    ... finished proof: closed. 
53802      INFO  main            d.u.i.k.p.i.AbstractProblemLoader Loading environment from /home/runner/work/key/key/key.core/../key.ui/examples/standard_key/java_dl/jml-assert/model-methods-instance-static.key.proof 
53802      DEBUG main            d.u.i.k.p.i.AbstractProblemLoader Environment load took 141.1ns 
53803      INFO  main            d.u.i.k.p.i.AbstractProblemLoader Creating init config 
56258      DEBUG main            d.u.i.k.p.i.AbstractProblemLoader Init config took 2.46s 
56295      INFO  main            d.u.i.k.p.i.AbstractProblemLoader Replaying proof ModelMethods[ModelMethods::test2()].JML normal_behavior operation contract.0 
56305      DEBUG main            d.u.i.k.p.i.IntermediateProofReplayer Proof replay took 7.45ms 
56306      DEBUG main            d.u.i.k.p.r.p.TestFile    ... success: reloaded. 
56307      INFO  main            d.u.i.k.p.r.p.TestFile    Now processing file /home/runner/work/key/key/key.core/../key.ui/examples/standard_key/java_dl/jml-assert/model-methods-instance-instance.key 
56307      INFO  main            d.u.i.k.p.i.AbstractProblemLoader Loading environment from /home/runner/work/key/key/key.core/../key.ui/examples/standard_key/java_dl/jml-assert/model-methods-instance-instance.key 
56307      DEBUG main            d.u.i.k.p.i.AbstractProblemLoader Environment load took 224.9ns 
56308      INFO  main            d.u.i.k.p.i.AbstractProblemLoader Creating init config 
58789      DEBUG main            d.u.i.k.p.i.AbstractProblemLoader Init config took 2.48s 
58825      INFO  main            d.u.i.k.p.i.AbstractProblemLoader Replaying proof ModelMethods[ModelMethods::test3()].JML normal_behavior operation contract.0 
58826      DEBUG main            d.u.i.k.p.i.IntermediateProofReplayer Proof replay took 20.2ns 
58931      INFO  main            d.u.i.k.p.r.p.TestFile    ... finished proof: closed. 
59115      INFO  main            d.u.i.k.p.i.AbstractProblemLoader Loading environment from /home/runner/work/key/key/key.core/../key.ui/examples/standard_key/java_dl/jml-assert/model-methods-instance-instance.key.proof 
59115      DEBUG main            d.u.i.k.p.i.AbstractProblemLoader Environment load took 109.9ns 
59116      INFO  main            d.u.i.k.p.i.AbstractProblemLoader Creating init config 
61603      DEBUG main            d.u.i.k.p.i.AbstractProblemLoader Init config took 2.49s 
61638      INFO  main            d.u.i.k.p.i.AbstractProblemLoader Replaying proof ModelMethods[ModelMethods::test3()].JML normal_behavior operation contract.0 
61650      DEBUG main            d.u.i.k.p.i.IntermediateProofReplayer Proof replay took 9.67ms 
61651      DEBUG main            d.u.i.k.p.r.p.TestFile    ... success: reloaded. 
61651      INFO  main            d.u.i.k.p.r.p.TestFile    Now processing file /home/runner/work/key/key/key.core/../key.ui/examples/standard_key/java_dl/jml-assert/model-methods-static-instance.key 
61652      INFO  main            d.u.i.k.p.i.AbstractProblemLoader Loading environment from /home/runner/work/key/key/key.core/../key.ui/examples/standard_key/java_dl/jml-assert/model-methods-static-instance.key 
61652      DEBUG main            d.u.i.k.p.i.AbstractProblemLoader Environment load took 89.5ns 
61653      INFO  main            d.u.i.k.p.i.AbstractProblemLoader Creating init config 
64111      DEBUG main            d.u.i.k.p.i.AbstractProblemLoader Init config took 2.46s 
64146      INFO  main            d.u.i.k.p.i.AbstractProblemLoader Replaying proof ModelMethods[ModelMethods::test4()].JML normal_behavior operation contract.0 
64147      DEBUG main            d.u.i.k.p.i.IntermediateProofReplayer Proof replay took 5.3ns 
64351      INFO  main            d.u.i.k.p.r.p.TestFile    ... finished proof: closed. 
64546      INFO  main            d.u.i.k.p.i.AbstractProblemLoader Loading environment from /home/runner/work/key/key/key.core/../key.ui/examples/standard_key/java_dl/jml-assert/model-methods-static-instance.key.proof 
64546      DEBUG main            d.u.i.k.p.i.AbstractProblemLoader Environment load took 113.4ns 
64548      INFO  main            d.u.i.k.p.i.AbstractProblemLoader Creating init config 
67038      DEBUG main            d.u.i.k.p.i.AbstractProblemLoader Init config took 2.49s 
67077      INFO  main            d.u.i.k.p.i.AbstractProblemLoader Replaying proof ModelMethods[ModelMethods::test4()].JML normal_behavior operation contract.0 
67111      DEBUG main            d.u.i.k.p.i.IntermediateProofReplayer Proof replay took 30.16ms 
67113      DEBUG main            d.u.i.k.p.r.p.TestFile    ... success: reloaded. 
67114      INFO  main            d.u.i.k.p.r.p.TestFile    Now processing file /home/runner/work/key/key/key.core/../key.ui/examples/standard_key/java_dl/jml-assert/assert-old/inc-field.key 
67115      INFO  main            d.u.i.k.p.i.AbstractProblemLoader Loading environment from /home/runner/work/key/key/key.core/../key.ui/examples/standard_key/java_dl/jml-assert/assert-old/inc-field.key 
67115      DEBUG main            d.u.i.k.p.i.AbstractProblemLoader Environment load took 207.5ns 
67116      INFO  main            d.u.i.k.p.i.AbstractProblemLoader Creating init config 
69494      DEBUG main            d.u.i.k.p.i.AbstractProblemLoader Init config took 2.38s 
69529      INFO  main            d.u.i.k.p.i.AbstractProblemLoader Replaying proof Inc[Inc::inc_field()].JML normal_behavior operation contract.0 
69530      DEBUG main            d.u.i.k.p.i.IntermediateProofReplayer Proof replay took 5.8ns 
69735      INFO  main            d.u.i.k.p.r.p.TestFile    ... finished proof: closed. 
69930      INFO  main            d.u.i.k.p.i.AbstractProblemLoader Loading environment from /home/runner/work/key/key/key.core/../key.ui/examples/standard_key/java_dl/jml-assert/assert-old/inc-field.key.proof 
69930      DEBUG main            d.u.i.k.p.i.AbstractProblemLoader Environment load took 108.3ns 
69931      INFO  main            d.u.i.k.p.i.AbstractProblemLoader Creating init config 
72340      DEBUG main            d.u.i.k.p.i.AbstractProblemLoader Init config took 2.41s 
72374      INFO  main            d.u.i.k.p.i.AbstractProblemLoader Replaying proof Inc[Inc::inc_field()].JML normal_behavior operation contract.0 
72412      DEBUG main            d.u.i.k.p.i.IntermediateProofReplayer Proof replay took 35.77ms 
72413      DEBUG main            d.u.i.k.p.r.p.TestFile    ... success: reloaded. 
72413      INFO  main            d.u.i.k.p.r.p.TestFile    Now processing file /home/runner/work/key/key/key.core/../key.ui/examples/standard_key/java_dl/jml-assert/assert-old/inc-parameter.key 
72414      INFO  main            d.u.i.k.p.i.AbstractProblemLoader Loading environment from /home/runner/work/key/key/key.core/../key.ui/examples/standard_key/java_dl/jml-assert/assert-old/inc-parameter.key 
72414      DEBUG main            d.u.i.k.p.i.AbstractProblemLoader Environment load took 205.2ns 
72415      INFO  main            d.u.i.k.p.i.AbstractProblemLoader Creating init config 
74835      DEBUG main            d.u.i.k.p.i.AbstractProblemLoader Init config took 2.42s 
74870      INFO  main            d.u.i.k.p.i.AbstractProblemLoader Replaying proof Inc[Inc::inc_parameter(int)].JML normal_behavior operation contract.0 
74871      DEBUG main            d.u.i.k.p.i.IntermediateProofReplayer Proof replay took 7ns 
74973      INFO  main            d.u.i.k.p.r.p.TestFile    ... finished proof: closed. 
75176      INFO  main            d.u.i.k.p.i.AbstractProblemLoader Loading environment from /home/runner/work/key/key/key.core/../key.ui/examples/standard_key/java_dl/jml-assert/assert-old/inc-parameter.key.proof 
75176      DEBUG main            d.u.i.k.p.i.AbstractProblemLoader Environment load took 103.3ns 
75177      INFO  main            d.u.i.k.p.i.AbstractProblemLoader Creating init config 
77535      DEBUG main            d.u.i.k.p.i.AbstractProblemLoader Init config took 2.36s 
77568      INFO  main            d.u.i.k.p.i.AbstractProblemLoader Replaying proof Inc[Inc::inc_parameter(int)].JML normal_behavior operation contract.0 
77582      DEBUG main            d.u.i.k.p.i.IntermediateProofReplayer Proof replay took 12.21ms 
77583      DEBUG main            d.u.i.k.p.r.p.TestFile    ... success: reloaded. 
77584      INFO  main            d.u.i.k.p.r.p.TestFile    Now processing file /home/runner/work/key/key/key.core/../key.ui/examples/standard_key/java_dl/jml-assert/assert-old/inc-parameter-field.key 
77584      INFO  main            d.u.i.k.p.i.AbstractProblemLoader Loading environment from /home/runner/work/key/key/key.core/../key.ui/examples/standard_key/java_dl/jml-assert/assert-old/inc-parameter-field.key 
77584      DEBUG main            d.u.i.k.p.i.AbstractProblemLoader Environment load took 196ns 
77585      INFO  main            d.u.i.k.p.i.AbstractProblemLoader Creating init config 
80009      DEBUG main            d.u.i.k.p.i.AbstractProblemLoader Init config took 2.42s 
80041      INFO  main            d.u.i.k.p.i.AbstractProblemLoader Replaying proof Inc[Inc::inc_parameter_field(Inc)].JML normal_behavior operation contract.0 
80042      DEBUG main            d.u.i.k.p.i.IntermediateProofReplayer Proof replay took 6.3ns 
80248      INFO  main            d.u.i.k.p.r.p.TestFile    ... finished proof: closed. 
80444      INFO  main            d.u.i.k.p.i.AbstractProblemLoader Loading environment from /home/runner/work/key/key/key.core/../key.ui/examples/standard_key/java_dl/jml-assert/assert-old/inc-parameter-field.key.proof 
80445      DEBUG main            d.u.i.k.p.i.AbstractProblemLoader Environment load took 104.9ns 
80445      INFO  main            d.u.i.k.p.i.AbstractProblemLoader Creating init config 
82788      DEBUG main            d.u.i.k.p.i.AbstractProblemLoader Init config took 2.34s 
82820      INFO  main            d.u.i.k.p.i.AbstractProblemLoader Replaying proof Inc[Inc::inc_parameter_field(Inc)].JML normal_behavior operation contract.0 
82850      DEBUG main            d.u.i.k.p.i.IntermediateProofReplayer Proof replay took 27.88ms 
82850      DEBUG main            d.u.i.k.p.r.p.TestFile    ... success: reloaded. 
82851      INFO  main            d.u.i.k.p.r.p.TestFile    Now processing file /home/runner/work/key/key/key.core/../key.ui/examples/standard_key/java_dl/jml-assert/assert-old/inc-ghost-field.key 
82851      INFO  main            d.u.i.k.p.i.AbstractProblemLoader Loading environment from /home/runner/work/key/key/key.core/../key.ui/examples/standard_key/java_dl/jml-assert/assert-old/inc-ghost-field.key 
82851      DEBUG main            d.u.i.k.p.i.AbstractProblemLoader Environment load took 75.2ns 
82852      INFO  main            d.u.i.k.p.i.AbstractProblemLoader Creating init config 
85268      DEBUG main            d.u.i.k.p.i.AbstractProblemLoader Init config took 2.42s 
85301      INFO  main            d.u.i.k.p.i.AbstractProblemLoader Replaying proof Inc[Inc::inc_ghost_field()].JML normal_behavior operation contract.0 
85303      DEBUG main            d.u.i.k.p.i.IntermediateProofReplayer Proof replay took 6.4ns 
85407      INFO  main            d.u.i.k.p.r.p.TestFile    ... finished proof: closed. 
85643      INFO  main            d.u.i.k.p.i.AbstractProblemLoader Loading environment from /home/runner/work/key/key/key.core/../key.ui/examples/standard_key/java_dl/jml-assert/assert-old/inc-ghost-field.key.proof 
85643      DEBUG main            d.u.i.k.p.i.AbstractProblemLoader Environment load took 102.9ns 
85644      INFO  main            d.u.i.k.p.i.AbstractProblemLoader Creating init config 
87979      DEBUG main            d.u.i.k.p.i.AbstractProblemLoader Init config took 2.34s 
88014      INFO  main            d.u.i.k.p.i.AbstractProblemLoader Replaying proof Inc[Inc::inc_ghost_field()].JML normal_behavior operation contract.0 
88051      DEBUG main            d.u.i.k.p.i.IntermediateProofReplayer Proof replay took 34.59ms 
88052      DEBUG main            d.u.i.k.p.r.p.TestFile    ... success: reloaded. 
688842     INFO  Test worker     d.u.i.k.p.r.RunAllProofsTestUnit Returning from test jmlAsserts 
688843     INFO  Test worker     d.u.i.k.p.r.RunAllProofsTestUnit Running test javaCard 
339        INFO  Timeout watchdog d.u.i.k.p.r.p.ForkedTestFileRunner Timeout watcher launched (2000 secs.) 
346        WARN  main            d.u.i.k.s.ProofSettings   The settings in /home/runner/.key/proof-settings.props are *not* read. 
383        INFO  main            d.u.i.k.p.r.p.TestFile    Now processing file /home/runner/work/key/key/key.core/../key.ui/examples/heap/javacard/updateBalance0.key 
503        INFO  main            d.u.i.k.p.i.AbstractProblemLoader Loading environment from /home/runner/work/key/key/key.core/../key.ui/examples/heap/javacard/updateBalance0.key 
534        DEBUG main            d.u.i.k.p.i.AbstractProblemLoader Environment load took 1.75ms 
738        INFO  main            d.u.i.k.p.i.AbstractProblemLoader Creating init config 
1747       DEBUG main            d.u.i.k.j.TypeConverter   No LDT found for Meta 
1747       DEBUG main            d.u.i.k.j.TypeConverter   No LDT found for Meta 
1750       DEBUG main            d.u.i.k.j.TypeConverter   No LDT found for Meta 
1750       DEBUG main            d.u.i.k.j.TypeConverter   No LDT found for Meta 
3166       DEBUG main            d.u.i.k.j.TypeConverter   No LDT found for JavaBigintExpression 
6272       DEBUG main            d.u.i.k.p.i.AbstractProblemLoader Init config took 5.53s 
6448       INFO  main            d.u.i.k.p.i.AbstractProblemLoader Replaying proof Examples[Examples::updateBalance(short)].JML normal_behavior operation contract.0 
6481       DEBUG main            d.u.i.k.p.i.IntermediateProofReplayer Proof replay took 29.2ns 
7716       INFO  main            d.u.i.k.p.r.p.TestFile    ... finished proof: closed. 
7854       INFO  main            d.u.i.k.p.i.AbstractProblemLoader Loading environment from /home/runner/work/key/key/key.core/../key.ui/examples/heap/javacard/updateBalance0.key.proof 
7855       DEBUG main            d.u.i.k.p.i.AbstractProblemLoader Environment load took 148.2ns 
7858       INFO  main            d.u.i.k.p.i.AbstractProblemLoader Creating init config 
9615       DEBUG main            d.u.i.k.p.i.AbstractProblemLoader Init config took 1.76s 
9684       INFO  main            d.u.i.k.p.i.AbstractProblemLoader Replaying proof Examples[Examples::updateBalance(short)].JML normal_behavior operation contract.0 
9920       DEBUG main            d.u.i.k.p.i.IntermediateProofReplayer Proof replay took 227.7ms 
9930       DEBUG main            d.u.i.k.p.r.p.TestFile    ... success: reloaded. 
9936       INFO  main            d.u.i.k.p.r.p.TestFile    Now processing file /home/runner/work/key/key/key.core/../key.ui/examples/heap/javacard/updateBalance1.key 
9936       INFO  main            d.u.i.k.p.i.AbstractProblemLoader Loading environment from /home/runner/work/key/key/key.core/../key.ui/examples/heap/javacard/updateBalance1.key 
9936       DEBUG main            d.u.i.k.p.i.AbstractProblemLoader Environment load took 265.7ns 
9939       INFO  main            d.u.i.k.p.i.AbstractProblemLoader Creating init config 
11632      DEBUG main            d.u.i.k.p.i.AbstractProblemLoader Init config took 1.69s 
11685      INFO  main            d.u.i.k.p.i.AbstractProblemLoader Replaying proof Examples[Examples::updateBalance(short)].JML normal_behavior operation contract.1 
11688      DEBUG main            d.u.i.k.p.i.IntermediateProofReplayer Proof replay took 5.2ns 
12293      INFO  main            d.u.i.k.p.r.p.TestFile    ... finished proof: closed. 
12420      INFO  main            d.u.i.k.p.i.AbstractProblemLoader Loading environment from /home/runner/work/key/key/key.core/../key.ui/examples/heap/javacard/updateBalance1.key.proof 
12421      DEBUG main            d.u.i.k.p.i.AbstractProblemLoader Environment load took 802.7ns 
12422      INFO  main            d.u.i.k.p.i.AbstractProblemLoader Creating init config 
13989      DEBUG main            d.u.i.k.p.i.AbstractProblemLoader Init config took 1.57s 
14046      INFO  main            d.u.i.k.p.i.AbstractProblemLoader Replaying proof Examples[Examples::updateBalance(short)].JML normal_behavior operation contract.1 
14176      DEBUG main            d.u.i.k.p.i.IntermediateProofReplayer Proof replay took 124.8ms 
14179      DEBUG main            d.u.i.k.p.r.p.TestFile    ... success: reloaded. 
14183      INFO  main            d.u.i.k.p.r.p.TestFile    Now processing file /home/runner/work/key/key/key.core/../key.ui/examples/heap/javacard/setArray1.key 
14183      INFO  main            d.u.i.k.p.i.AbstractProblemLoader Loading environment from /home/runner/work/key/key/key.core/../key.ui/examples/heap/javacard/setArray1.key 
14183      DEBUG main            d.u.i.k.p.i.AbstractProblemLoader Environment load took 102.9ns 
14185      INFO  main            d.u.i.k.p.i.AbstractProblemLoader Creating init config 
15717      DEBUG main            d.u.i.k.p.i.AbstractProblemLoader Init config took 1.53s 
15756      INFO  main            d.u.i.k.p.i.AbstractProblemLoader Replaying proof Examples[Examples::setArray1([B)].JML normal_behavior operation contract.0 
15758      DEBUG main            d.u.i.k.p.i.IntermediateProofReplayer Proof replay took 5.1ns 
16762      INFO  main            d.u.i.k.p.r.p.TestFile    ... finished proof: closed. 
16864      INFO  main            d.u.i.k.p.i.AbstractProblemLoader Loading environment from /home/runner/work/key/key/key.core/../key.ui/examples/heap/javacard/setArray1.key.proof 
16865      DEBUG main            d.u.i.k.p.i.AbstractProblemLoader Environment load took 428.4ns 
16866      INFO  main            d.u.i.k.p.i.AbstractProblemLoader Creating init config 
18338      DEBUG main            d.u.i.k.p.i.AbstractProblemLoader Init config took 1.47s 
18376      INFO  main            d.u.i.k.p.i.AbstractProblemLoader Replaying proof Examples[Examples::setArray1([B)].JML normal_behavior operation contract.0 
18572      DEBUG main            d.u.i.k.p.i.IntermediateProofReplayer Proof replay took 190.68ms 
18574      DEBUG main            d.u.i.k.p.r.p.TestFile    ... success: reloaded. 
18576      INFO  main            d.u.i.k.p.r.p.TestFile    Now processing file /home/runner/work/key/key/key.core/../key.ui/examples/heap/javacard/setArray2.key 
18577      INFO  main            d.u.i.k.p.i.AbstractProblemLoader Loading environment from /home/runner/work/key/key/key.core/../key.ui/examples/heap/javacard/setArray2.key 
18577      DEBUG main            d.u.i.k.p.i.AbstractProblemLoader Environment load took 211.5ns 
18578      INFO  main            d.u.i.k.p.i.AbstractProblemLoader Creating init config 
20107      DEBUG main            d.u.i.k.p.i.AbstractProblemLoader Init config took 1.53s 
20148      INFO  main            d.u.i.k.p.i.AbstractProblemLoader Replaying proof Examples[Examples::setArray2([B)].JML normal_behavior operation contract.0 
20150      DEBUG main            d.u.i.k.p.i.IntermediateProofReplayer Proof replay took 6.1ns 
21256      INFO  main            d.u.i.k.p.r.p.TestFile    ... finished proof: closed. 
21395      INFO  main            d.u.i.k.p.i.AbstractProblemLoader Loading environment from /home/runner/work/key/key/key.core/../key.ui/examples/heap/javacard/setArray2.key.proof 
21397      DEBUG main            d.u.i.k.p.i.AbstractProblemLoader Environment load took 1.2ms 
21398      INFO  main            d.u.i.k.p.i.AbstractProblemLoader Creating init config 
22859      DEBUG main            d.u.i.k.p.i.AbstractProblemLoader Init config took 1.46s 
22897      INFO  main            d.u.i.k.p.i.AbstractProblemLoader Replaying proof Examples[Examples::setArray2([B)].JML normal_behavior operation contract.0 
23086      DEBUG main            d.u.i.k.p.i.IntermediateProofReplayer Proof replay took 183.23ms 
23088      DEBUG main            d.u.i.k.p.r.p.TestFile    ... success: reloaded. 
23090      INFO  main            d.u.i.k.p.r.p.TestFile    Now processing file /home/runner/work/key/key/key.core/../key.ui/examples/heap/javacard/arrayFillNonAtomic.key 
23091      INFO  main            d.u.i.k.p.i.AbstractProblemLoader Loading environment from /home/runner/work/key/key/key.core/../key.ui/examples/heap/javacard/arrayFillNonAtomic.key 
23091      DEBUG main            d.u.i.k.p.i.AbstractProblemLoader Environment load took 216.8ns 
23092      INFO  main            d.u.i.k.p.i.AbstractProblemLoader Creating init config 
24591      DEBUG main            d.u.i.k.p.i.AbstractProblemLoader Init config took 1.5s 
24645      INFO  main            d.u.i.k.p.i.AbstractProblemLoader Replaying proof javacard.framework.Util[javacard.framework.Util::arrayFillNonAtomic([B,short,short,byte)].JML behavior operation contract.0.transaction_inactive 
24647      DEBUG main            d.u.i.k.p.i.IntermediateProofReplayer Proof replay took 5.6ns 
25436      DEBUG Thread-13       d.u.i.k.l.o.ProgramSV     Match failed: Former match of  SchemaVariable incompatible with  the current match. 
25436      DEBUG Thread-13       d.u.i.k.l.o.ProgramSV     Match failed: Former match of  SchemaVariable incompatible with  the current match. 
26647      DEBUG Thread-13       d.u.i.k.l.o.ProgramSV     Match failed: Former match of  SchemaVariable incompatible with  the current match. 
26648      DEBUG Thread-13       d.u.i.k.l.o.ProgramSV     Match failed: Former match of  SchemaVariable incompatible with  the current match. 
28059      INFO  main            d.u.i.k.p.r.p.TestFile    ... finished proof: closed. 
28218      INFO  main            d.u.i.k.p.i.AbstractProblemLoader Loading environment from /home/runner/work/key/key/key.core/../key.ui/examples/heap/javacard/arrayFillNonAtomic.key.proof 
28218      DEBUG main            d.u.i.k.p.i.AbstractProblemLoader Environment load took 204.4ns 
28219      INFO  main            d.u.i.k.p.i.AbstractProblemLoader Creating init config 
29689      DEBUG main            d.u.i.k.p.i.AbstractProblemLoader Init config took 1.47s 
29742      INFO  main            d.u.i.k.p.i.AbstractProblemLoader Replaying proof javacard.framework.Util[javacard.framework.Util::arrayFillNonAtomic([B,short,short,byte)].JML behavior operation contract.0.transaction_inactive 
30564      DEBUG main            d.u.i.k.p.i.IntermediateProofReplayer Proof replay took 791.65ms 
30566      DEBUG main            d.u.i.k.p.r.p.TestFile    ... success: reloaded. 
30567      INFO  main            d.u.i.k.p.r.p.TestFile    Now processing file /home/runner/work/key/key/key.core/../key.ui/examples/heap/coincidence_count/project.key 
30567      INFO  main            d.u.i.k.p.i.AbstractProblemLoader Loading environment from /home/runner/work/key/key/key.core/../key.ui/examples/heap/coincidence_count/project.key 
30567      DEBUG main            d.u.i.k.p.i.AbstractProblemLoader Environment load took 223.4ns 
30570      INFO  main            d.u.i.k.p.i.AbstractProblemLoader Creating init config 
33778      DEBUG main            d.u.i.k.p.i.AbstractProblemLoader Init config took 3.21s 
33833      INFO  main            d.u.i.k.p.i.AbstractProblemLoader Replaying proof CC[CC::calcCoinIndex([I,[I)].JML normal_behavior operation contract.0 
33836      DEBUG main            d.u.i.k.p.i.IntermediateProofReplayer Proof replay took 5.9ns 
51260      INFO  main            d.u.i.k.p.r.p.TestFile    ... finished proof: closed. 
51546      INFO  main            d.u.i.k.p.i.AbstractProblemLoader Loading environment from /home/runner/work/key/key/key.core/../key.ui/examples/heap/coincidence_count/project.key.proof 
51546      DEBUG main            d.u.i.k.p.i.AbstractProblemLoader Environment load took 434.1ns 
51549      INFO  main            d.u.i.k.p.i.AbstractProblemLoader Creating init config 
53950      DEBUG main            d.u.i.k.p.i.AbstractProblemLoader Init config took 2.4s 
54006      INFO  main            d.u.i.k.p.i.AbstractProblemLoader Replaying proof CC[CC::calcCoinIndex([I,[I)].JML normal_behavior operation contract.0 
54950      DEBUG main            d.u.i.k.p.i.IntermediateProofReplayer Proof replay took 867.27ms 
54954      DEBUG main            d.u.i.k.p.r.p.TestFile    ... success: reloaded. 
54955      INFO  main            d.u.i.k.p.r.p.TestFile    Now processing file /home/runner/work/key/key/key.core/../key.ui/examples/heap/verifyThis11_1_Maximum/project.key 
54955      INFO  main            d.u.i.k.p.i.AbstractProblemLoader Loading environment from /home/runner/work/key/key/key.core/../key.ui/examples/heap/verifyThis11_1_Maximum/project.key 
54956      DEBUG main            d.u.i.k.p.i.AbstractProblemLoader Environment load took 216.4ns 
54957      INFO  main            d.u.i.k.p.i.AbstractProblemLoader Creating init config 
57454      DEBUG main            d.u.i.k.p.i.AbstractProblemLoader Init config took 2.5s 
57493      INFO  main            d.u.i.k.p.i.AbstractProblemLoader Replaying proof Maximum[Maximum::maxIndex([I)].JML normal_behavior operation contract.0 
57495      DEBUG main            d.u.i.k.p.i.IntermediateProofReplayer Proof replay took 5.3ns 
58299      INFO  main            d.u.i.k.p.r.p.TestFile    ... finished proof: closed. 
58537      INFO  main            d.u.i.k.p.i.AbstractProblemLoader Loading environment from /home/runner/work/key/key/key.core/../key.ui/examples/heap/verifyThis11_1_Maximum/project.key.proof 
58538      DEBUG main            d.u.i.k.p.i.AbstractProblemLoader Environment load took 428.6ns 
58539      INFO  main            d.u.i.k.p.i.AbstractProblemLoader Creating init config 
60934      DEBUG main            d.u.i.k.p.i.AbstractProblemLoader Init config took 2.4s 
60975      INFO  main            d.u.i.k.p.i.AbstractProblemLoader Replaying proof Maximum[Maximum::maxIndex([I)].JML normal_behavior operation contract.0 
61141      DEBUG main            d.u.i.k.p.i.IntermediateProofReplayer Proof replay took 158.77ms 
61142      DEBUG main            d.u.i.k.p.r.p.TestFile    ... success: reloaded. 
61143      INFO  main            d.u.i.k.p.r.p.TestFile    Now processing file /home/runner/work/key/key/key.core/../key.ui/examples/heap/fm12_01_LRS/lcp.key 
61143      INFO  main            d.u.i.k.p.i.AbstractProblemLoader Loading environment from /home/runner/work/key/key/key.core/../key.ui/examples/heap/fm12_01_LRS/lcp.key 
61143      DEBUG main            d.u.i.k.p.i.AbstractProblemLoader Environment load took 202.9ns 
61144      INFO  main            d.u.i.k.p.i.AbstractProblemLoader Creating init config 
64217      DEBUG main            d.u.i.k.p.i.AbstractProblemLoader Init config took 3.07s 
64304      INFO  main            d.u.i.k.p.i.AbstractProblemLoader Replaying proof LCP[LCP::lcp([I,int,int)].JML normal_behavior operation contract.0 
64306      DEBUG main            d.u.i.k.p.i.IntermediateProofReplayer Proof replay took 5.5ns 
65111      INFO  main            d.u.i.k.p.r.p.TestFile    ... finished proof: closed. 
65381      INFO  main            d.u.i.k.p.i.AbstractProblemLoader Loading environment from /home/runner/work/key/key/key.core/../key.ui/examples/heap/fm12_01_LRS/lcp.key.proof 
65382      DEBUG main            d.u.i.k.p.i.AbstractProblemLoader Environment load took 121.5ns 
65383      INFO  main            d.u.i.k.p.i.AbstractProblemLoader Creating init config 
68165      DEBUG main            d.u.i.k.p.i.AbstractProblemLoader Init config took 2.78s 
68221      INFO  main            d.u.i.k.p.i.AbstractProblemLoader Replaying proof LCP[LCP::lcp([I,int,int)].JML normal_behavior operation contract.0 
68416      DEBUG main            d.u.i.k.p.i.IntermediateProofReplayer Proof replay took 188.37ms 
68418      DEBUG main            d.u.i.k.p.r.p.TestFile    ... success: reloaded. 
68419      INFO  main            d.u.i.k.p.r.p.TestFile    Now processing file /home/runner/work/key/key/key.core/../key.ui/examples/heap/SemanticSlicing/project.key 
68419      INFO  main            d.u.i.k.p.i.AbstractProblemLoader Loading environment from /home/runner/work/key/key/key.core/../key.ui/examples/heap/SemanticSlicing/project.key 
68419      DEBUG main            d.u.i.k.p.i.AbstractProblemLoader Environment load took 82.3ns 
68420      INFO  main            d.u.i.k.p.i.AbstractProblemLoader Creating init config 
70945      DEBUG main            d.u.i.k.p.i.AbstractProblemLoader Init config took 2.52s 
70996      INFO  main            d.u.i.k.p.i.AbstractProblemLoader Replaying proof unsatcore_after.competition.postcond5.scope333.LRS[unsatcore_after.competition.postcond5.scope333.LRS::doLRS()].JML operation contract.0 
70997      DEBUG main            d.u.i.k.p.i.IntermediateProofReplayer Proof replay took 5.5ns 
74607      INFO  main            d.u.i.k.p.r.p.TestFile    ... finished proof: closed. 
74864      INFO  main            d.u.i.k.p.i.AbstractProblemLoader Loading environment from /home/runner/work/key/key/key.core/../key.ui/examples/heap/SemanticSlicing/project.key.proof 
74864      DEBUG main            d.u.i.k.p.i.AbstractProblemLoader Environment load took 439.4ns 
74866      INFO  main            d.u.i.k.p.i.AbstractProblemLoader Creating init config 
77333      DEBUG main            d.u.i.k.p.i.AbstractProblemLoader Init config took 2.47s 
77391      INFO  main            d.u.i.k.p.i.AbstractProblemLoader Replaying proof unsatcore_after.competition.postcond5.scope333.LRS[unsatcore_after.competition.postcond5.scope333.LRS::doLRS()].JML operation contract.0 
78134      DEBUG main            d.u.i.k.p.i.IntermediateProofReplayer Proof replay took 729.74ms 
78136      DEBUG main            d.u.i.k.p.r.p.TestFile    ... success: reloaded. 
78140      INFO  main            d.u.i.k.p.r.p.TestFile    Now processing file /home/runner/work/key/key/key.core/../key.ui/examples/heap/information_flow/ArrayList_contains.key 
78140      INFO  main            d.u.i.k.p.i.AbstractProblemLoader Loading environment from /home/runner/work/key/key/key.core/../key.ui/examples/heap/information_flow/ArrayList_contains.key 
78141      DEBUG main            d.u.i.k.p.i.AbstractProblemLoader Environment load took 231.5ns 
78141      INFO  main            d.u.i.k.p.i.AbstractProblemLoader Creating init config 
80926      DEBUG main            d.u.i.k.p.i.AbstractProblemLoader Init config took 2.78s 
80964      INFO  main            d.u.i.k.p.i.AbstractProblemLoader Replaying proof ArrayList[ArrayList::get(int)].JML normal_behavior operation contract.0 
80965      DEBUG main            d.u.i.k.p.i.IntermediateProofReplayer Proof replay took 4.9ns 
81268      INFO  main            d.u.i.k.p.r.p.TestFile    ... finished proof: closed. 
81510      INFO  main            d.u.i.k.p.i.AbstractProblemLoader Loading environment from /home/runner/work/key/key/key.core/../key.ui/examples/heap/information_flow/ArrayList_contains.key.proof 
81510      DEBUG main            d.u.i.k.p.i.AbstractProblemLoader Environment load took 107.5ns 
81511      INFO  main            d.u.i.k.p.i.AbstractProblemLoader Creating init config 
84068      DEBUG main            d.u.i.k.p.i.AbstractProblemLoader Init config took 2.56s 
84105      INFO  main            d.u.i.k.p.i.AbstractProblemLoader Replaying proof ArrayList[ArrayList::get(int)].JML normal_behavior operation contract.0 
84152      DEBUG main            d.u.i.k.p.i.IntermediateProofReplayer Proof replay took 44.66ms 
84154      DEBUG main            d.u.i.k.p.r.p.TestFile    ... success: reloaded. 
84155      INFO  main            d.u.i.k.p.r.p.TestFile    Now processing file /home/runner/work/key/key/key.core/../key.ui/examples/heap/information_flow/ArrayList_get.key 
84155      INFO  main            d.u.i.k.p.i.AbstractProblemLoader Loading environment from /home/runner/work/key/key/key.core/../key.ui/examples/heap/information_flow/ArrayList_get.key 
84155      DEBUG main            d.u.i.k.p.i.AbstractProblemLoader Environment load took 234.3ns 
84156      INFO  main            d.u.i.k.p.i.AbstractProblemLoader Creating init config 
86779      DEBUG main            d.u.i.k.p.i.AbstractProblemLoader Init config took 2.62s 
86816      INFO  main            d.u.i.k.p.i.AbstractProblemLoader Replaying proof ArrayList[ArrayList::contains(java.lang.Object)].JML normal_behavior operation contract.0 
86817      DEBUG main            d.u.i.k.p.i.IntermediateProofReplayer Proof replay took 5.4ns 
87621      INFO  main            d.u.i.k.p.r.p.TestFile    ... finished proof: closed. 
87864      INFO  main            d.u.i.k.p.i.AbstractProblemLoader Loading environment from /home/runner/work/key/key/key.core/../key.ui/examples/heap/information_flow/ArrayList_get.key.proof 
87865      DEBUG main            d.u.i.k.p.i.AbstractProblemLoader Environment load took 456.1ns 
87866      INFO  main            d.u.i.k.p.i.AbstractProblemLoader Creating init config 
90426      DEBUG main            d.u.i.k.p.i.AbstractProblemLoader Init config took 2.56s 
90474      INFO  main            d.u.i.k.p.i.AbstractProblemLoader Replaying proof ArrayList[ArrayList::contains(java.lang.Object)].JML normal_behavior operation contract.0 
90622      DEBUG main            d.u.i.k.p.i.IntermediateProofReplayer Proof replay took 140.55ms 
90623      DEBUG main            d.u.i.k.p.r.p.TestFile    ... success: reloaded. 
90624      INFO  main            d.u.i.k.p.r.p.TestFile    Now processing file /home/runner/work/key/key/key.core/../key.ui/examples/heap/information_flow/ArrayList_size.key 
90624      INFO  main            d.u.i.k.p.i.AbstractProblemLoader Loading environment from /home/runner/work/key/key/key.core/../key.ui/examples/heap/information_flow/ArrayList_size.key 
90624      DEBUG main            d.u.i.k.p.i.AbstractProblemLoader Environment load took 76.3ns 
90625      INFO  main            d.u.i.k.p.i.AbstractProblemLoader Creating init config 
93263      DEBUG main            d.u.i.k.p.i.AbstractProblemLoader Init config took 2.64s 
93299      INFO  main            d.u.i.k.p.i.AbstractProblemLoader Replaying proof ArrayList[ArrayList::size()].JML normal_behavior operation contract.0 
93300      DEBUG main            d.u.i.k.p.i.IntermediateProofReplayer Proof replay took 5.5ns 
93402      INFO  main            d.u.i.k.p.r.p.TestFile    ... finished proof: closed. 
93639      INFO  main            d.u.i.k.p.i.AbstractProblemLoader Loading environment from /home/runner/work/key/key/key.core/../key.ui/examples/heap/information_flow/ArrayList_size.key.proof 
93639      DEBUG main            d.u.i.k.p.i.AbstractProblemLoader Environment load took 142.4ns 
93640      INFO  main            d.u.i.k.p.i.AbstractProblemLoader Creating init config 
96187      DEBUG main            d.u.i.k.p.i.AbstractProblemLoader Init config took 2.55s 
96222      INFO  main            d.u.i.k.p.i.AbstractProblemLoader Replaying proof ArrayList[ArrayList::size()].JML normal_behavior operation contract.0 
96235      DEBUG main            d.u.i.k.p.i.IntermediateProofReplayer Proof replay took 10.78ms 
96235      DEBUG main            d.u.i.k.p.r.p.TestFile    ... success: reloaded. 
96236      INFO  main            d.u.i.k.p.r.p.TestFile    Now processing file /home/runner/work/key/key/key.core/../key.ui/examples/heap/information_flow/UpdateAbstraction_ex7_3_secure.key 
96236      INFO  main            d.u.i.k.p.i.AbstractProblemLoader Loading environment from /home/runner/work/key/key/key.core/../key.ui/examples/heap/information_flow/UpdateAbstraction_ex7_3_secure.key 
96236      DEBUG main            d.u.i.k.p.i.AbstractProblemLoader Environment load took 88.2ns 
96237      INFO  main            d.u.i.k.p.i.AbstractProblemLoader Creating init config 
98840      DEBUG main            d.u.i.k.p.i.AbstractProblemLoader Init config took 2.6s 
98874      INFO  main            d.u.i.k.p.i.AbstractProblemLoader Replaying proof UpdateAbstraction[UpdateAbstraction::ex7_3_secure()].JML operation contract.0 
98875      DEBUG main            d.u.i.k.p.i.IntermediateProofReplayer Proof replay took 4.9ns 
98976      INFO  main            d.u.i.k.p.r.p.TestFile    ... finished proof: closed. 
99234      INFO  main            d.u.i.k.p.i.AbstractProblemLoader Loading environment from /home/runner/work/key/key/key.core/../key.ui/examples/heap/information_flow/UpdateAbstraction_ex7_3_secure.key.proof 
99235      DEBUG main            d.u.i.k.p.i.AbstractProblemLoader Environment load took 109.5ns 
99238      INFO  main            d.u.i.k.p.i.AbstractProblemLoader Creating init config 
101761     DEBUG main            d.u.i.k.p.i.AbstractProblemLoader Init config took 2.52s 
101793     INFO  main            d.u.i.k.p.i.AbstractProblemLoader Replaying proof UpdateAbstraction[UpdateAbstraction::ex7_3_secure()].JML operation contract.0 
101820     DEBUG main            d.u.i.k.p.i.IntermediateProofReplayer Proof replay took 24.69ms 
101821     DEBUG main            d.u.i.k.p.r.p.TestFile    ... success: reloaded. 
101821     INFO  main            d.u.i.k.p.r.p.TestFile    Now processing file /home/runner/work/key/key/key.core/../key.ui/examples/heap/information_flow/UpdateAbstraction_ex7_4_secure.key 
101822     INFO  main            d.u.i.k.p.i.AbstractProblemLoader Loading environment from /home/runner/work/key/key/key.core/../key.ui/examples/heap/information_flow/UpdateAbstraction_ex7_4_secure.key 
101822     DEBUG main            d.u.i.k.p.i.AbstractProblemLoader Environment load took 77.4ns 
101822     INFO  main            d.u.i.k.p.i.AbstractProblemLoader Creating init config 
104419     DEBUG main            d.u.i.k.p.i.AbstractProblemLoader Init config took 2.6s 
104457     INFO  main            d.u.i.k.p.i.AbstractProblemLoader Replaying proof UpdateAbstraction[UpdateAbstraction::ex7_4_secure()].JML operation contract.0 
104458     DEBUG main            d.u.i.k.p.i.IntermediateProofReplayer Proof replay took 4.9ns 
104661     INFO  main            d.u.i.k.p.r.p.TestFile    ... finished proof: closed. 
104945     INFO  main            d.u.i.k.p.i.AbstractProblemLoader Loading environment from /home/runner/work/key/key/key.core/../key.ui/examples/heap/information_flow/UpdateAbstraction_ex7_4_secure.key.proof 
104946     DEBUG main            d.u.i.k.p.i.AbstractProblemLoader Environment load took 108.9ns 
104946     INFO  main            d.u.i.k.p.i.AbstractProblemLoader Creating init config 
107506     DEBUG main            d.u.i.k.p.i.AbstractProblemLoader Init config took 2.56s 
107548     INFO  main            d.u.i.k.p.i.AbstractProblemLoader Replaying proof UpdateAbstraction[UpdateAbstraction::ex7_4_secure()].JML operation contract.0 
107588     DEBUG main            d.u.i.k.p.i.IntermediateProofReplayer Proof replay took 37.76ms 
107589     DEBUG main            d.u.i.k.p.r.p.TestFile    ... success: reloaded. 
107590     INFO  main            d.u.i.k.p.r.p.TestFile    Now processing file /home/runner/work/key/key/key.core/../key.ui/examples/heap/information_flow/UpdateAbstraction_ex7_5_secure.key 
107590     INFO  main            d.u.i.k.p.i.AbstractProblemLoader Loading environment from /home/runner/work/key/key/key.core/../key.ui/examples/heap/information_flow/UpdateAbstraction_ex7_5_secure.key 
107590     DEBUG main            d.u.i.k.p.i.AbstractProblemLoader Environment load took 232ns 
107591     INFO  main            d.u.i.k.p.i.AbstractProblemLoader Creating init config 
110179     DEBUG main            d.u.i.k.p.i.AbstractProblemLoader Init config took 2.59s 
110212     INFO  main            d.u.i.k.p.i.AbstractProblemLoader Replaying proof UpdateAbstraction[UpdateAbstraction::ex7_5_secure()].JML operation contract.0 
110213     DEBUG main            d.u.i.k.p.i.IntermediateProofReplayer Proof replay took 5.2ns 
110315     INFO  main            d.u.i.k.p.r.p.TestFile    ... finished proof: closed. 
110569     INFO  main            d.u.i.k.p.i.AbstractProblemLoader Loading environment from /home/runner/work/key/key/key.core/../key.ui/examples/heap/information_flow/UpdateAbstraction_ex7_5_secure.key.proof 
110569     DEBUG main            d.u.i.k.p.i.AbstractProblemLoader Environment load took 108.4ns 
110570     INFO  main            d.u.i.k.p.i.AbstractProblemLoader Creating init config 
113100     DEBUG main            d.u.i.k.p.i.AbstractProblemLoader Init config took 2.53s 
113132     INFO  main            d.u.i.k.p.i.AbstractProblemLoader Replaying proof UpdateAbstraction[UpdateAbstraction::ex7_5_secure()].JML operation contract.0 
113149     DEBUG main            d.u.i.k.p.i.IntermediateProofReplayer Proof replay took 15.26ms 
113150     DEBUG main            d.u.i.k.p.r.p.TestFile    ... success: reloaded. 
113151     INFO  main            d.u.i.k.p.r.p.TestFile    Now processing file /home/runner/work/key/key/key.core/../key.ui/examples/heap/information_flow/UpdateAbstraction_ex7_6_secure.key 
113151     INFO  main            d.u.i.k.p.i.AbstractProblemLoader Loading environment from /home/runner/work/key/key/key.core/../key.ui/examples/heap/information_flow/UpdateAbstraction_ex7_6_secure.key 
113151     DEBUG main            d.u.i.k.p.i.AbstractProblemLoader Environment load took 89.3ns 
113152     INFO  main            d.u.i.k.p.i.AbstractProblemLoader Creating init config 
115761     DEBUG main            d.u.i.k.p.i.AbstractProblemLoader Init config took 2.61s 
115793     INFO  main            d.u.i.k.p.i.AbstractProblemLoader Replaying proof UpdateAbstraction[UpdateAbstraction::ex7_6_secure()].JML operation contract.0 
115794     DEBUG main            d.u.i.k.p.i.IntermediateProofReplayer Proof replay took 5.2ns 
116098     INFO  main            d.u.i.k.p.r.p.TestFile    ... finished proof: closed. 
116388     INFO  main            d.u.i.k.p.i.AbstractProblemLoader Loading environment from /home/runner/work/key/key/key.core/../key.ui/examples/heap/information_flow/UpdateAbstraction_ex7_6_secure.key.proof 
116389     DEBUG main            d.u.i.k.p.i.AbstractProblemLoader Environment load took 105.4ns 
116389     INFO  main            d.u.i.k.p.i.AbstractProblemLoader Creating init config 
118915     DEBUG main            d.u.i.k.p.i.AbstractProblemLoader Init config took 2.53s 
118947     INFO  main            d.u.i.k.p.i.AbstractProblemLoader Replaying proof UpdateAbstraction[UpdateAbstraction::ex7_6_secure()].JML operation contract.0 
119010     DEBUG main            d.u.i.k.p.i.IntermediateProofReplayer Proof replay took 54.2ms 
119012     DEBUG main            d.u.i.k.p.r.p.TestFile    ... success: reloaded. 
119016     INFO  main            d.u.i.k.p.r.p.TestFile    Now processing file /home/runner/work/key/key/key.core/../key.ui/examples/heap/information_flow/UpdateAbstraction_ex9_secure.key 
119017     INFO  main            d.u.i.k.p.i.AbstractProblemLoader Loading environment from /home/runner/work/key/key/key.core/../key.ui/examples/heap/information_flow/UpdateAbstraction_ex9_secure.key 
119018     DEBUG main            d.u.i.k.p.i.AbstractProblemLoader Environment load took 560.9ns 
119019     INFO  main            d.u.i.k.p.i.AbstractProblemLoader Creating init config 
121625     DEBUG main            d.u.i.k.p.i.AbstractProblemLoader Init config took 2.61s 
121661     INFO  main            d.u.i.k.p.i.AbstractProblemLoader Replaying proof UpdateAbstraction[UpdateAbstraction::ex9_secure()].JML operation contract.0 
121662     DEBUG main            d.u.i.k.p.i.IntermediateProofReplayer Proof replay took 5.2ns 
122467     INFO  main            d.u.i.k.p.r.p.TestFile    ... finished proof: closed. 
122751     INFO  main            d.u.i.k.p.i.AbstractProblemLoader Loading environment from /home/runner/work/key/key/key.core/../key.ui/examples/heap/information_flow/UpdateAbstraction_ex9_secure.key.proof 
122751     DEBUG main            d.u.i.k.p.i.AbstractProblemLoader Environment load took 114.4ns 
122752     INFO  main            d.u.i.k.p.i.AbstractProblemLoader Creating init config 
125273     DEBUG main            d.u.i.k.p.i.AbstractProblemLoader Init config took 2.52s 
125306     INFO  main            d.u.i.k.p.i.AbstractProblemLoader Replaying proof UpdateAbstraction[UpdateAbstraction::ex9_secure()].JML operation contract.0 
125478     DEBUG main            d.u.i.k.p.i.IntermediateProofReplayer Proof replay took 168.6ms 
125479     DEBUG main            d.u.i.k.p.r.p.TestFile    ... success: reloaded. 
814518     INFO  Test worker     d.u.i.k.p.r.RunAllProofsTestUnit Returning from test javaCard 
814521     INFO  Test worker     d.u.i.k.p.r.RunAllProofsTestUnit Running test list 
392        INFO  Timeout watchdog d.u.i.k.p.r.p.ForkedTestFileRunner Timeout watcher launched (2000 secs.) 
398        WARN  main            d.u.i.k.s.ProofSettings   The settings in /home/runner/.key/proof-settings.props are *not* read. 
448        INFO  main            d.u.i.k.p.r.p.TestFile    Now processing file /home/runner/work/key/key/key.core/../key.ui/examples/heap/list/ArrayList_add.key 
566        INFO  main            d.u.i.k.p.i.AbstractProblemLoader Loading environment from /home/runner/work/key/key/key.core/../key.ui/examples/heap/list/ArrayList_add.key 
588        DEBUG main            d.u.i.k.p.i.AbstractProblemLoader Environment load took 1.69ms 
790        INFO  main            d.u.i.k.p.i.AbstractProblemLoader Creating init config 
1623       DEBUG main            d.u.i.k.j.TypeConverter   No LDT found for Meta 
1623       DEBUG main            d.u.i.k.j.TypeConverter   No LDT found for Meta 
1624       DEBUG main            d.u.i.k.j.TypeConverter   No LDT found for Meta 
1625       DEBUG main            d.u.i.k.j.TypeConverter   No LDT found for Meta 
2779       DEBUG main            d.u.i.k.j.TypeConverter   No LDT found for JavaBigintExpression 
6019       DEBUG main            d.u.i.k.j.r.ClassPreparationMethodBuilder clPrepBuilder: Inner Class detected. Reject building class initialisation methods. 
8679       DEBUG main            d.u.i.k.p.i.AbstractProblemLoader Init config took 7.89s 
8824       INFO  main            d.u.i.k.p.i.AbstractProblemLoader Replaying proof ArrayList[List::add(java.lang.Object)].JML normal_behavior operation contract.0 
8881       DEBUG main            d.u.i.k.p.i.IntermediateProofReplayer Proof replay took 33.8ns 
14377      INFO  main            d.u.i.k.p.r.p.TestFile    ... finished proof: closed. 
14541      INFO  main            d.u.i.k.p.i.AbstractProblemLoader Loading environment from /home/runner/work/key/key/key.core/../key.ui/examples/heap/list/ArrayList_add.key.proof 
14541      DEBUG main            d.u.i.k.p.i.AbstractProblemLoader Environment load took 434ns 
14549      INFO  main            d.u.i.k.p.i.AbstractProblemLoader Creating init config 
15750      DEBUG main            d.u.i.k.j.r.ClassPreparationMethodBuilder clPrepBuilder: Inner Class detected. Reject building class initialisation methods. 
18075      DEBUG main            d.u.i.k.p.i.AbstractProblemLoader Init config took 3.53s 
18166      INFO  main            d.u.i.k.p.i.AbstractProblemLoader Replaying proof ArrayList[List::add(java.lang.Object)].JML normal_behavior operation contract.0 
19408      DEBUG main            d.u.i.k.p.i.IntermediateProofReplayer Proof replay took 1.22s 
19420      DEBUG main            d.u.i.k.p.r.p.TestFile    ... success: reloaded. 
19425      INFO  main            d.u.i.k.p.r.p.TestFile    Now processing file /home/runner/work/key/key/key.core/../key.ui/examples/heap/list/ArrayList_ArrayList.key 
19425      INFO  main            d.u.i.k.p.i.AbstractProblemLoader Loading environment from /home/runner/work/key/key/key.core/../key.ui/examples/heap/list/ArrayList_ArrayList.key 
19425      DEBUG main            d.u.i.k.p.i.AbstractProblemLoader Environment load took 130.3ns 
19429      INFO  main            d.u.i.k.p.i.AbstractProblemLoader Creating init config 
20596      DEBUG main            d.u.i.k.j.r.ClassPreparationMethodBuilder clPrepBuilder: Inner Class detected. Reject building class initialisation methods. 
22889      DEBUG main            d.u.i.k.p.i.AbstractProblemLoader Init config took 3.46s 
22968      INFO  main            d.u.i.k.p.i.AbstractProblemLoader Replaying proof ArrayList[ArrayList::ArrayList()].JML normal_behavior operation contract.0 
22971      DEBUG main            d.u.i.k.p.i.IntermediateProofReplayer Proof replay took 13ns 
24499      INFO  main            d.u.i.k.p.r.p.TestFile    ... finished proof: closed. 
24659      INFO  main            d.u.i.k.p.i.AbstractProblemLoader Loading environment from /home/runner/work/key/key/key.core/../key.ui/examples/heap/list/ArrayList_ArrayList.key.proof 
24660      DEBUG main            d.u.i.k.p.i.AbstractProblemLoader Environment load took 438.6ns 
24661      INFO  main            d.u.i.k.p.i.AbstractProblemLoader Creating init config 
25739      DEBUG main            d.u.i.k.j.r.ClassPreparationMethodBuilder clPrepBuilder: Inner Class detected. Reject building class initialisation methods. 
27963      DEBUG main            d.u.i.k.p.i.AbstractProblemLoader Init config took 3.3s 
28021      INFO  main            d.u.i.k.p.i.AbstractProblemLoader Replaying proof ArrayList[ArrayList::ArrayList()].JML normal_behavior operation contract.0 
28245      DEBUG main            d.u.i.k.p.i.IntermediateProofReplayer Proof replay took 213.94ms 
28247      DEBUG main            d.u.i.k.p.r.p.TestFile    ... success: reloaded. 
28248      INFO  main            d.u.i.k.p.r.p.TestFile    Now processing file /home/runner/work/key/key/key.core/../key.ui/examples/heap/list/ArrayList_concatenate.key 
28248      INFO  main            d.u.i.k.p.i.AbstractProblemLoader Loading environment from /home/runner/work/key/key/key.core/../key.ui/examples/heap/list/ArrayList_concatenate.key 
28249      DEBUG main            d.u.i.k.p.i.AbstractProblemLoader Environment load took 204.1ns 
28250      INFO  main            d.u.i.k.p.i.AbstractProblemLoader Creating init config 
29296      DEBUG main            d.u.i.k.j.r.ClassPreparationMethodBuilder clPrepBuilder: Inner Class detected. Reject building class initialisation methods. 
31508      DEBUG main            d.u.i.k.p.i.AbstractProblemLoader Init config took 3.26s 
31582      INFO  main            d.u.i.k.p.i.AbstractProblemLoader Replaying proof ArrayList[List::concatenate(List)].JML normal_behavior operation contract.0 
31584      DEBUG main            d.u.i.k.p.i.IntermediateProofReplayer Proof replay took 5.3ns 
55661      INFO  main            d.u.i.k.p.r.p.TestFile    ... finished proof: closed. 
55894      INFO  main            d.u.i.k.p.i.AbstractProblemLoader Loading environment from /home/runner/work/key/key/key.core/../key.ui/examples/heap/list/ArrayList_concatenate.key.proof 
55895      DEBUG main            d.u.i.k.p.i.AbstractProblemLoader Environment load took 438.4ns 
55901      INFO  main            d.u.i.k.p.i.AbstractProblemLoader Creating init config 
56951      DEBUG main            d.u.i.k.j.r.ClassPreparationMethodBuilder clPrepBuilder: Inner Class detected. Reject building class initialisation methods. 
59136      DEBUG main            d.u.i.k.p.i.AbstractProblemLoader Init config took 3.23s 
59218      INFO  main            d.u.i.k.p.i.AbstractProblemLoader Replaying proof ArrayList[List::concatenate(List)].JML normal_behavior operation contract.0 
61353      DEBUG main            d.u.i.k.p.i.IntermediateProofReplayer Proof replay took 2.07s 
61357      DEBUG main            d.u.i.k.p.r.p.TestFile    ... success: reloaded. 
61358      INFO  main            d.u.i.k.p.r.p.TestFile    Now processing file /home/runner/work/key/key/key.core/../key.ui/examples/heap/list/ArrayList_contains_dep.key 
61358      INFO  main            d.u.i.k.p.i.AbstractProblemLoader Loading environment from /home/runner/work/key/key/key.core/../key.ui/examples/heap/list/ArrayList_contains_dep.key 
61358      DEBUG main            d.u.i.k.p.i.AbstractProblemLoader Environment load took 96.8ns 
61359      INFO  main            d.u.i.k.p.i.AbstractProblemLoader Creating init config 
62460      DEBUG main            d.u.i.k.j.r.ClassPreparationMethodBuilder clPrepBuilder: Inner Class detected. Reject building class initialisation methods. 
64693      DEBUG main            d.u.i.k.p.i.AbstractProblemLoader Init config took 3.33s 
64750      INFO  main            d.u.i.k.p.i.AbstractProblemLoader Replaying proof ArrayList[List::contains(java.lang.Object)].JML accessible clause.0 
64752      DEBUG main            d.u.i.k.p.i.IntermediateProofReplayer Proof replay took 4.8ns 
67467      INFO  main            d.u.i.k.p.r.p.TestFile    ... finished proof: closed. 
67673      INFO  main            d.u.i.k.p.i.AbstractProblemLoader Loading environment from /home/runner/work/key/key/key.core/../key.ui/examples/heap/list/ArrayList_contains_dep.key.proof 
67674      DEBUG main            d.u.i.k.p.i.AbstractProblemLoader Environment load took 431.5ns 
67675      INFO  main            d.u.i.k.p.i.AbstractProblemLoader Creating init config 
68720      DEBUG main            d.u.i.k.j.r.ClassPreparationMethodBuilder clPrepBuilder: Inner Class detected. Reject building class initialisation methods. 
70930      DEBUG main            d.u.i.k.p.i.AbstractProblemLoader Init config took 3.25s 
70982      INFO  main            d.u.i.k.p.i.AbstractProblemLoader Replaying proof ArrayList[List::contains(java.lang.Object)].JML accessible clause.0 
71418      DEBUG main            d.u.i.k.p.i.IntermediateProofReplayer Proof replay took 425.92ms 
71420      DEBUG main            d.u.i.k.p.r.p.TestFile    ... success: reloaded. 
71421      INFO  main            d.u.i.k.p.r.p.TestFile    Now processing file /home/runner/work/key/key/key.core/../key.ui/examples/heap/list/ArrayList_enlarge.key 
71421      INFO  main            d.u.i.k.p.i.AbstractProblemLoader Loading environment from /home/runner/work/key/key/key.core/../key.ui/examples/heap/list/ArrayList_enlarge.key 
71421      DEBUG main            d.u.i.k.p.i.AbstractProblemLoader Environment load took 86.9ns 
71422      INFO  main            d.u.i.k.p.i.AbstractProblemLoader Creating init config 
72455      DEBUG main            d.u.i.k.j.r.ClassPreparationMethodBuilder clPrepBuilder: Inner Class detected. Reject building class initialisation methods. 
74659      DEBUG main            d.u.i.k.p.i.AbstractProblemLoader Init config took 3.24s 
74715      INFO  main            d.u.i.k.p.i.AbstractProblemLoader Replaying proof ArrayList[ArrayList::enlarge()].JML normal_behavior operation contract.0 
74718      DEBUG main            d.u.i.k.p.i.IntermediateProofReplayer Proof replay took 5.9ns 
76955      INFO  main            d.u.i.k.p.r.p.TestFile    ... finished proof: closed. 
77203      INFO  main            d.u.i.k.p.i.AbstractProblemLoader Loading environment from /home/runner/work/key/key/key.core/../key.ui/examples/heap/list/ArrayList_enlarge.key.proof 
77205      DEBUG main            d.u.i.k.p.i.AbstractProblemLoader Environment load took 1.79ms 
77206      INFO  main            d.u.i.k.p.i.AbstractProblemLoader Creating init config 
78214      DEBUG main            d.u.i.k.j.r.ClassPreparationMethodBuilder clPrepBuilder: Inner Class detected. Reject building class initialisation methods. 
80379      DEBUG main            d.u.i.k.p.i.AbstractProblemLoader Init config took 3.17s 
80439      INFO  main            d.u.i.k.p.i.AbstractProblemLoader Replaying proof ArrayList[ArrayList::enlarge()].JML normal_behavior operation contract.0 
80841      DEBUG main            d.u.i.k.p.i.IntermediateProofReplayer Proof replay took 393.29ms 
80844      DEBUG main            d.u.i.k.p.r.p.TestFile    ... success: reloaded. 
80846      INFO  main            d.u.i.k.p.r.p.TestFile    Now processing file /home/runner/work/key/key/key.core/../key.ui/examples/heap/list/ArrayList_footprint.key 
80846      INFO  main            d.u.i.k.p.i.AbstractProblemLoader Loading environment from /home/runner/work/key/key/key.core/../key.ui/examples/heap/list/ArrayList_footprint.key 
80846      DEBUG main            d.u.i.k.p.i.AbstractProblemLoader Environment load took 95.8ns 
80847      INFO  main            d.u.i.k.p.i.AbstractProblemLoader Creating init config 
81917      DEBUG main            d.u.i.k.j.r.ClassPreparationMethodBuilder clPrepBuilder: Inner Class detected. Reject building class initialisation methods. 
84094      DEBUG main            d.u.i.k.p.i.AbstractProblemLoader Init config took 3.25s 
84140      INFO  main            d.u.i.k.p.i.AbstractProblemLoader Replaying proof List[List::$footprint()].JML accessible clause.0 
84142      DEBUG main            d.u.i.k.p.i.IntermediateProofReplayer Proof replay took 4.6ns 
84245      INFO  main            d.u.i.k.p.r.p.TestFile    ... finished proof: closed. 
84417      INFO  main            d.u.i.k.p.i.AbstractProblemLoader Loading environment from /home/runner/work/key/key/key.core/../key.ui/examples/heap/list/ArrayList_footprint.key.proof 
84418      DEBUG main            d.u.i.k.p.i.AbstractProblemLoader Environment load took 110ns 
84418      INFO  main            d.u.i.k.p.i.AbstractProblemLoader Creating init config 
85430      DEBUG main            d.u.i.k.j.r.ClassPreparationMethodBuilder clPrepBuilder: Inner Class detected. Reject building class initialisation methods. 
87583      DEBUG main            d.u.i.k.p.i.AbstractProblemLoader Init config took 3.16s 
87626      INFO  main            d.u.i.k.p.i.AbstractProblemLoader Replaying proof List[List::$footprint()].JML accessible clause.0 
87629      DEBUG main            d.u.i.k.p.i.IntermediateProofReplayer Proof replay took 1.09ms 
87629      DEBUG main            d.u.i.k.p.r.p.TestFile    ... success: reloaded. 
87631      INFO  main            d.u.i.k.p.r.p.TestFile    Now processing file /home/runner/work/key/key/key.core/../key.ui/examples/heap/list/ArrayList_get_dep.key 
87631      INFO  main            d.u.i.k.p.i.AbstractProblemLoader Loading environment from /home/runner/work/key/key/key.core/../key.ui/examples/heap/list/ArrayList_get_dep.key 
87631      DEBUG main            d.u.i.k.p.i.AbstractProblemLoader Environment load took 108ns 
87632      INFO  main            d.u.i.k.p.i.AbstractProblemLoader Creating init config 
88664      DEBUG main            d.u.i.k.j.r.ClassPreparationMethodBuilder clPrepBuilder: Inner Class detected. Reject building class initialisation methods. 
90830      DEBUG main            d.u.i.k.p.i.AbstractProblemLoader Init config took 3.2s 
90878      INFO  main            d.u.i.k.p.i.AbstractProblemLoader Replaying proof ArrayList[List::get(int)].JML accessible clause.0 
90879      DEBUG main            d.u.i.k.p.i.IntermediateProofReplayer Proof replay took 5.1ns 
91288      INFO  main            d.u.i.k.p.r.p.TestFile    ... finished proof: closed. 
91474      INFO  main            d.u.i.k.p.i.AbstractProblemLoader Loading environment from /home/runner/work/key/key/key.core/../key.ui/examples/heap/list/ArrayList_get_dep.key.proof 
91474      DEBUG main            d.u.i.k.p.i.AbstractProblemLoader Environment load took 113.5ns 
91476      INFO  main            d.u.i.k.p.i.AbstractProblemLoader Creating init config 
92485      DEBUG main            d.u.i.k.j.r.ClassPreparationMethodBuilder clPrepBuilder: Inner Class detected. Reject building class initialisation methods. 
94638      DEBUG main            d.u.i.k.p.i.AbstractProblemLoader Init config took 3.16s 
94684      INFO  main            d.u.i.k.p.i.AbstractProblemLoader Replaying proof ArrayList[List::get(int)].JML accessible clause.0 
94758      DEBUG main            d.u.i.k.p.i.IntermediateProofReplayer Proof replay took 71.11ms 
94759      DEBUG main            d.u.i.k.p.r.p.TestFile    ... success: reloaded. 
94760      INFO  main            d.u.i.k.p.r.p.TestFile    Now processing file /home/runner/work/key/key/key.core/../key.ui/examples/heap/list/ArrayList_get_exceptional.key 
94761      INFO  main            d.u.i.k.p.i.AbstractProblemLoader Loading environment from /home/runner/work/key/key/key.core/../key.ui/examples/heap/list/ArrayList_get_exceptional.key 
94761      DEBUG main            d.u.i.k.p.i.AbstractProblemLoader Environment load took 115.5ns 
94762      INFO  main            d.u.i.k.p.i.AbstractProblemLoader Creating init config 
95785      DEBUG main            d.u.i.k.j.r.ClassPreparationMethodBuilder clPrepBuilder: Inner Class detected. Reject building class initialisation methods. 
97956      DEBUG main            d.u.i.k.p.i.AbstractProblemLoader Init config took 3.19s 
98002      INFO  main            d.u.i.k.p.i.AbstractProblemLoader Replaying proof ArrayList[List::get(int)].JML exceptional_behavior operation contract.0 
98004      DEBUG main            d.u.i.k.p.i.IntermediateProofReplayer Proof replay took 5.3ns 
99210      INFO  main            d.u.i.k.p.r.p.TestFile    ... finished proof: closed. 
99395      INFO  main            d.u.i.k.p.i.AbstractProblemLoader Loading environment from /home/runner/work/key/key/key.core/../key.ui/examples/heap/list/ArrayList_get_exceptional.key.proof 
99396      DEBUG main            d.u.i.k.p.i.AbstractProblemLoader Environment load took 191.3ns 
99397      INFO  main            d.u.i.k.p.i.AbstractProblemLoader Creating init config 
100402     DEBUG main            d.u.i.k.j.r.ClassPreparationMethodBuilder clPrepBuilder: Inner Class detected. Reject building class initialisation methods. 
102526     DEBUG main            d.u.i.k.p.i.AbstractProblemLoader Init config took 3.13s 
102572     INFO  main            d.u.i.k.p.i.AbstractProblemLoader Replaying proof ArrayList[List::get(int)].JML exceptional_behavior operation contract.0 
102783     DEBUG main            d.u.i.k.p.i.IntermediateProofReplayer Proof replay took 204.39ms 
102784     DEBUG main            d.u.i.k.p.r.p.TestFile    ... success: reloaded. 
102785     INFO  main            d.u.i.k.p.r.p.TestFile    Now processing file /home/runner/work/key/key/key.core/../key.ui/examples/heap/list/ArrayList_get_normal.key 
102786     INFO  main            d.u.i.k.p.i.AbstractProblemLoader Loading environment from /home/runner/work/key/key/key.core/../key.ui/examples/heap/list/ArrayList_get_normal.key 
102786     DEBUG main            d.u.i.k.p.i.AbstractProblemLoader Environment load took 224.9ns 
102787     INFO  main            d.u.i.k.p.i.AbstractProblemLoader Creating init config 
103833     DEBUG main            d.u.i.k.j.r.ClassPreparationMethodBuilder clPrepBuilder: Inner Class detected. Reject building class initialisation methods. 
106002     DEBUG main            d.u.i.k.p.i.AbstractProblemLoader Init config took 3.21s 
106048     INFO  main            d.u.i.k.p.i.AbstractProblemLoader Replaying proof ArrayList[List::get(int)].JML normal_behavior operation contract.0 
106049     DEBUG main            d.u.i.k.p.i.IntermediateProofReplayer Proof replay took 5ns 
106456     INFO  main            d.u.i.k.p.r.p.TestFile    ... finished proof: closed. 
106638     INFO  main            d.u.i.k.p.i.AbstractProblemLoader Loading environment from /home/runner/work/key/key/key.core/../key.ui/examples/heap/list/ArrayList_get_normal.key.proof 
106639     DEBUG main            d.u.i.k.p.i.AbstractProblemLoader Environment load took 116.4ns 
106639     INFO  main            d.u.i.k.p.i.AbstractProblemLoader Creating init config 
107636     DEBUG main            d.u.i.k.j.r.ClassPreparationMethodBuilder clPrepBuilder: Inner Class detected. Reject building class initialisation methods. 
109780     DEBUG main            d.u.i.k.p.i.AbstractProblemLoader Init config took 3.14s 
109841     INFO  main            d.u.i.k.p.i.AbstractProblemLoader Replaying proof ArrayList[List::get(int)].JML normal_behavior operation contract.0 
109917     DEBUG main            d.u.i.k.p.i.IntermediateProofReplayer Proof replay took 70.69ms 
109918     DEBUG main            d.u.i.k.p.r.p.TestFile    ... success: reloaded. 
109919     INFO  main            d.u.i.k.p.r.p.TestFile    Now processing file /home/runner/work/key/key/key.core/../key.ui/examples/heap/list/ArrayList_inv.key 
109920     INFO  main            d.u.i.k.p.i.AbstractProblemLoader Loading environment from /home/runner/work/key/key/key.core/../key.ui/examples/heap/list/ArrayList_inv.key 
109920     DEBUG main            d.u.i.k.p.i.AbstractProblemLoader Environment load took 87.9ns 
109921     INFO  main            d.u.i.k.p.i.AbstractProblemLoader Creating init config 
110935     DEBUG main            d.u.i.k.j.r.ClassPreparationMethodBuilder clPrepBuilder: Inner Class detected. Reject building class initialisation methods. 
113078     DEBUG main            d.u.i.k.p.i.AbstractProblemLoader Init config took 3.16s 
113123     INFO  main            d.u.i.k.p.i.AbstractProblemLoader Replaying proof ArrayList[java.lang.Object::<inv>()].JML accessible clause.0 
113124     DEBUG main            d.u.i.k.p.i.IntermediateProofReplayer Proof replay took 5.4ns 
113427     INFO  main            d.u.i.k.p.r.p.TestFile    ... finished proof: closed. 
113629     INFO  main            d.u.i.k.p.i.AbstractProblemLoader Loading environment from /home/runner/work/key/key/key.core/../key.ui/examples/heap/list/ArrayList_inv.key.proof 
113629     DEBUG main            d.u.i.k.p.i.AbstractProblemLoader Environment load took 112.9ns 
113630     INFO  main            d.u.i.k.p.i.AbstractProblemLoader Creating init config 
114640     DEBUG main            d.u.i.k.j.r.ClassPreparationMethodBuilder clPrepBuilder: Inner Class detected. Reject building class initialisation methods. 
116777     DEBUG main            d.u.i.k.p.i.AbstractProblemLoader Init config took 3.15s 
116822     INFO  main            d.u.i.k.p.i.AbstractProblemLoader Replaying proof ArrayList[java.lang.Object::<inv>()].JML accessible clause.0 
116871     DEBUG main            d.u.i.k.p.i.IntermediateProofReplayer Proof replay took 44.7ms 
116872     DEBUG main            d.u.i.k.p.r.p.TestFile    ... success: reloaded. 
116873     INFO  main            d.u.i.k.p.r.p.TestFile    Now processing file /home/runner/work/key/key/key.core/../key.ui/examples/heap/list/ArrayList_iterator.key 
116873     INFO  main            d.u.i.k.p.i.AbstractProblemLoader Loading environment from /home/runner/work/key/key/key.core/../key.ui/examples/heap/list/ArrayList_iterator.key 
116874     DEBUG main            d.u.i.k.p.i.AbstractProblemLoader Environment load took 88.8ns 
116874     INFO  main            d.u.i.k.p.i.AbstractProblemLoader Creating init config 
117887     DEBUG main            d.u.i.k.j.r.ClassPreparationMethodBuilder clPrepBuilder: Inner Class detected. Reject building class initialisation methods. 
120034     DEBUG main            d.u.i.k.p.i.AbstractProblemLoader Init config took 3.16s 
120080     INFO  main            d.u.i.k.p.i.AbstractProblemLoader Replaying proof ArrayList[List::iterator()].JML normal_behavior operation contract.0 
120081     DEBUG main            d.u.i.k.p.i.IntermediateProofReplayer Proof replay took 5.5ns 
120584     INFO  main            d.u.i.k.p.r.p.TestFile    ... finished proof: closed. 
120802     INFO  main            d.u.i.k.p.i.AbstractProblemLoader Loading environment from /home/runner/work/key/key/key.core/../key.ui/examples/heap/list/ArrayList_iterator.key.proof 
120802     DEBUG main            d.u.i.k.p.i.AbstractProblemLoader Environment load took 114.9ns 
120803     INFO  main            d.u.i.k.p.i.AbstractProblemLoader Creating init config 
121808     DEBUG main            d.u.i.k.j.r.ClassPreparationMethodBuilder clPrepBuilder: Inner Class detected. Reject building class initialisation methods. 
123922     DEBUG main            d.u.i.k.p.i.AbstractProblemLoader Init config took 3.12s 
123967     INFO  main            d.u.i.k.p.i.AbstractProblemLoader Replaying proof ArrayList[List::iterator()].JML normal_behavior operation contract.0 
124050     DEBUG main            d.u.i.k.p.i.IntermediateProofReplayer Proof replay took 74.67ms 
124053     DEBUG main            d.u.i.k.p.r.p.TestFile    ... success: reloaded. 
124054     INFO  main            d.u.i.k.p.r.p.TestFile    Now processing file /home/runner/work/key/key/key.core/../key.ui/examples/heap/list/ArrayList_size_dep.key 
124054     INFO  main            d.u.i.k.p.i.AbstractProblemLoader Loading environment from /home/runner/work/key/key/key.core/../key.ui/examples/heap/list/ArrayList_size_dep.key 
124054     DEBUG main            d.u.i.k.p.i.AbstractProblemLoader Environment load took 96.1ns 
124055     INFO  main            d.u.i.k.p.i.AbstractProblemLoader Creating init config 
125108     DEBUG main            d.u.i.k.j.r.ClassPreparationMethodBuilder clPrepBuilder: Inner Class detected. Reject building class initialisation methods. 
127244     DEBUG main            d.u.i.k.p.i.AbstractProblemLoader Init config took 3.19s 
127293     INFO  main            d.u.i.k.p.i.AbstractProblemLoader Replaying proof ArrayList[List::size()].JML accessible clause.0 
127294     DEBUG main            d.u.i.k.p.i.IntermediateProofReplayer Proof replay took 5ns 
127497     INFO  main            d.u.i.k.p.r.p.TestFile    ... finished proof: closed. 
127702     INFO  main            d.u.i.k.p.i.AbstractProblemLoader Loading environment from /home/runner/work/key/key/key.core/../key.ui/examples/heap/list/ArrayList_size_dep.key.proof 
127702     DEBUG main            d.u.i.k.p.i.AbstractProblemLoader Environment load took 123.8ns 
127705     INFO  main            d.u.i.k.p.i.AbstractProblemLoader Creating init config 
128706     DEBUG main            d.u.i.k.j.r.ClassPreparationMethodBuilder clPrepBuilder: Inner Class detected. Reject building class initialisation methods. 
130813     DEBUG main            d.u.i.k.p.i.AbstractProblemLoader Init config took 3.11s 
130858     INFO  main            d.u.i.k.p.i.AbstractProblemLoader Replaying proof ArrayList[List::size()].JML accessible clause.0 
130881     DEBUG main            d.u.i.k.p.i.IntermediateProofReplayer Proof replay took 21.03ms 
130882     DEBUG main            d.u.i.k.p.r.p.TestFile    ... success: reloaded. 
130883     INFO  main            d.u.i.k.p.r.p.TestFile    Now processing file /home/runner/work/key/key/key.core/../key.ui/examples/heap/list/ArrayList_size.key 
130884     INFO  main            d.u.i.k.p.i.AbstractProblemLoader Loading environment from /home/runner/work/key/key/key.core/../key.ui/examples/heap/list/ArrayList_size.key 
130884     DEBUG main            d.u.i.k.p.i.AbstractProblemLoader Environment load took 214.1ns 
130885     INFO  main            d.u.i.k.p.i.AbstractProblemLoader Creating init config 
131904     DEBUG main            d.u.i.k.j.r.ClassPreparationMethodBuilder clPrepBuilder: Inner Class detected. Reject building class initialisation methods. 
134071     DEBUG main            d.u.i.k.p.i.AbstractProblemLoader Init config took 3.19s 
134129     INFO  main            d.u.i.k.p.i.AbstractProblemLoader Replaying proof ArrayList[List::size()].JML normal_behavior operation contract.0 
134130     DEBUG main            d.u.i.k.p.i.IntermediateProofReplayer Proof replay took 5.1ns 
134333     INFO  main            d.u.i.k.p.r.p.TestFile    ... finished proof: closed. 
134540     INFO  main            d.u.i.k.p.i.AbstractProblemLoader Loading environment from /home/runner/work/key/key/key.core/../key.ui/examples/heap/list/ArrayList_size.key.proof 
134540     DEBUG main            d.u.i.k.p.i.AbstractProblemLoader Environment load took 109.1ns 
134541     INFO  main            d.u.i.k.p.i.AbstractProblemLoader Creating init config 
135536     DEBUG main            d.u.i.k.j.r.ClassPreparationMethodBuilder clPrepBuilder: Inner Class detected. Reject building class initialisation methods. 
137656     DEBUG main            d.u.i.k.p.i.AbstractProblemLoader Init config took 3.11s 
137700     INFO  main            d.u.i.k.p.i.AbstractProblemLoader Replaying proof ArrayList[List::size()].JML normal_behavior operation contract.0 
137734     DEBUG main            d.u.i.k.p.i.IntermediateProofReplayer Proof replay took 31.46ms 
137735     DEBUG main            d.u.i.k.p.r.p.TestFile    ... success: reloaded. 
137736     INFO  main            d.u.i.k.p.r.p.TestFile    Now processing file /home/runner/work/key/key/key.core/../key.ui/examples/heap/list/ArrayList.ArrayListIterator_ArrayListIterator.key 
137736     INFO  main            d.u.i.k.p.i.AbstractProblemLoader Loading environment from /home/runner/work/key/key/key.core/../key.ui/examples/heap/list/ArrayList.ArrayListIterator_ArrayListIterator.key 
137736     DEBUG main            d.u.i.k.p.i.AbstractProblemLoader Environment load took 76.5ns 
137737     INFO  main            d.u.i.k.p.i.AbstractProblemLoader Creating init config 
138738     DEBUG main            d.u.i.k.j.r.ClassPreparationMethodBuilder clPrepBuilder: Inner Class detected. Reject building class initialisation methods. 
140860     DEBUG main            d.u.i.k.p.i.AbstractProblemLoader Init config took 3.12s 
140913     INFO  main            d.u.i.k.p.i.AbstractProblemLoader Replaying proof ArrayList.ArrayListIterator[ArrayList.ArrayListIterator::ArrayListIterator(ArrayList)].JML normal_behavior operation contract.0 
140915     DEBUG main            d.u.i.k.p.i.IntermediateProofReplayer Proof replay took 5ns 
141518     INFO  main            d.u.i.k.p.r.p.TestFile    ... finished proof: closed. 
141740     INFO  main            d.u.i.k.p.i.AbstractProblemLoader Loading environment from /home/runner/work/key/key/key.core/../key.ui/examples/heap/list/ArrayList.ArrayListIterator_ArrayListIterator.key.proof 
141741     DEBUG main            d.u.i.k.p.i.AbstractProblemLoader Environment load took 426.1ns 
141742     INFO  main            d.u.i.k.p.i.AbstractProblemLoader Creating init config 
142731     DEBUG main            d.u.i.k.j.r.ClassPreparationMethodBuilder clPrepBuilder: Inner Class detected. Reject building class initialisation methods. 
144826     DEBUG main            d.u.i.k.p.i.AbstractProblemLoader Init config took 3.08s 
144878     INFO  main            d.u.i.k.p.i.AbstractProblemLoader Replaying proof ArrayList.ArrayListIterator[ArrayList.ArrayListIterator::ArrayListIterator(ArrayList)].JML normal_behavior operation contract.0 
144975     DEBUG main            d.u.i.k.p.i.IntermediateProofReplayer Proof replay took 94.19ms 
144976     DEBUG main            d.u.i.k.p.r.p.TestFile    ... success: reloaded. 
144977     INFO  main            d.u.i.k.p.r.p.TestFile    Now processing file /home/runner/work/key/key/key.core/../key.ui/examples/heap/list/ArrayList.ArrayListIterator_hasNext_dep.key 
144978     INFO  main            d.u.i.k.p.i.AbstractProblemLoader Loading environment from /home/runner/work/key/key/key.core/../key.ui/examples/heap/list/ArrayList.ArrayListIterator_hasNext_dep.key 
144978     DEBUG main            d.u.i.k.p.i.AbstractProblemLoader Environment load took 62.4ns 
144979     INFO  main            d.u.i.k.p.i.AbstractProblemLoader Creating init config 
145995     DEBUG main            d.u.i.k.j.r.ClassPreparationMethodBuilder clPrepBuilder: Inner Class detected. Reject building class initialisation methods. 
148156     DEBUG main            d.u.i.k.p.i.AbstractProblemLoader Init config took 3.18s 
148206     INFO  main            d.u.i.k.p.i.AbstractProblemLoader Replaying proof ArrayList.ArrayListIterator[ListIterator::hasNext()].JML accessible clause.0 
148209     DEBUG main            d.u.i.k.p.i.IntermediateProofReplayer Proof replay took 5.2ns 
148617     INFO  main            d.u.i.k.p.r.p.TestFile    ... finished proof: closed. 
148828     INFO  main            d.u.i.k.p.i.AbstractProblemLoader Loading environment from /home/runner/work/key/key/key.core/../key.ui/examples/heap/list/ArrayList.ArrayListIterator_hasNext_dep.key.proof 
148828     DEBUG main            d.u.i.k.p.i.AbstractProblemLoader Environment load took 115.9ns 
148829     INFO  main            d.u.i.k.p.i.AbstractProblemLoader Creating init config 
149818     DEBUG main            d.u.i.k.j.r.ClassPreparationMethodBuilder clPrepBuilder: Inner Class detected. Reject building class initialisation methods. 
151951     DEBUG main            d.u.i.k.p.i.AbstractProblemLoader Init config took 3.12s 
152002     INFO  main            d.u.i.k.p.i.AbstractProblemLoader Replaying proof ArrayList.ArrayListIterator[ListIterator::hasNext()].JML accessible clause.0 
152052     DEBUG main            d.u.i.k.p.i.IntermediateProofReplayer Proof replay took 47.58ms 
152053     DEBUG main            d.u.i.k.p.r.p.TestFile    ... success: reloaded. 
152054     INFO  main            d.u.i.k.p.r.p.TestFile    Now processing file /home/runner/work/key/key/key.core/../key.ui/examples/heap/list/ArrayList.ArrayListIterator_hasNext.key 
152055     INFO  main            d.u.i.k.p.i.AbstractProblemLoader Loading environment from /home/runner/work/key/key/key.core/../key.ui/examples/heap/list/ArrayList.ArrayListIterator_hasNext.key 
152055     DEBUG main            d.u.i.k.p.i.AbstractProblemLoader Environment load took 242.1ns 
152056     INFO  main            d.u.i.k.p.i.AbstractProblemLoader Creating init config 
153065     DEBUG main            d.u.i.k.j.r.ClassPreparationMethodBuilder clPrepBuilder: Inner Class detected. Reject building class initialisation methods. 
155197     DEBUG main            d.u.i.k.p.i.AbstractProblemLoader Init config took 3.14s 
155249     INFO  main            d.u.i.k.p.i.AbstractProblemLoader Replaying proof ArrayList.ArrayListIterator[ListIterator::hasNext()].JML normal_behavior operation contract.0 
155250     DEBUG main            d.u.i.k.p.i.IntermediateProofReplayer Proof replay took 5.4ns 
155653     INFO  main            d.u.i.k.p.r.p.TestFile    ... finished proof: closed. 
155891     INFO  main            d.u.i.k.p.i.AbstractProblemLoader Loading environment from /home/runner/work/key/key/key.core/../key.ui/examples/heap/list/ArrayList.ArrayListIterator_hasNext.key.proof 
155891     DEBUG main            d.u.i.k.p.i.AbstractProblemLoader Environment load took 95.6ns 
155892     INFO  main            d.u.i.k.p.i.AbstractProblemLoader Creating init config 
156880     DEBUG main            d.u.i.k.j.r.ClassPreparationMethodBuilder clPrepBuilder: Inner Class detected. Reject building class initialisation methods. 
158975     DEBUG main            d.u.i.k.p.i.AbstractProblemLoader Init config took 3.08s 
159025     INFO  main            d.u.i.k.p.i.AbstractProblemLoader Replaying proof ArrayList.ArrayListIterator[ListIterator::hasNext()].JML normal_behavior operation contract.0 
159076     DEBUG main            d.u.i.k.p.i.IntermediateProofReplayer Proof replay took 48.72ms 
159077     DEBUG main            d.u.i.k.p.r.p.TestFile    ... success: reloaded. 
159078     INFO  main            d.u.i.k.p.r.p.TestFile    Now processing file /home/runner/work/key/key/key.core/../key.ui/examples/heap/list/ArrayList.ArrayListIterator_inv.key 
159078     INFO  main            d.u.i.k.p.i.AbstractProblemLoader Loading environment from /home/runner/work/key/key/key.core/../key.ui/examples/heap/list/ArrayList.ArrayListIterator_inv.key 
159078     DEBUG main            d.u.i.k.p.i.AbstractProblemLoader Environment load took 62.4ns 
159079     INFO  main            d.u.i.k.p.i.AbstractProblemLoader Creating init config 
160105     DEBUG main            d.u.i.k.j.r.ClassPreparationMethodBuilder clPrepBuilder: Inner Class detected. Reject building class initialisation methods. 
162278     DEBUG main            d.u.i.k.p.i.AbstractProblemLoader Init config took 3.2s 
162331     INFO  main            d.u.i.k.p.i.AbstractProblemLoader Replaying proof ArrayList.ArrayListIterator[java.lang.Object::<inv>()].JML accessible clause.0 
162333     DEBUG main            d.u.i.k.p.i.IntermediateProofReplayer Proof replay took 5.4ns 
163236     INFO  main            d.u.i.k.p.r.p.TestFile    ... finished proof: closed. 
163469     INFO  main            d.u.i.k.p.i.AbstractProblemLoader Loading environment from /home/runner/work/key/key/key.core/../key.ui/examples/heap/list/ArrayList.ArrayListIterator_inv.key.proof 
163469     DEBUG main            d.u.i.k.p.i.AbstractProblemLoader Environment load took 118.6ns 
163470     INFO  main            d.u.i.k.p.i.AbstractProblemLoader Creating init config 
164458     DEBUG main            d.u.i.k.j.r.ClassPreparationMethodBuilder clPrepBuilder: Inner Class detected. Reject building class initialisation methods. 
166544     DEBUG main            d.u.i.k.p.i.AbstractProblemLoader Init config took 3.07s 
166600     INFO  main            d.u.i.k.p.i.AbstractProblemLoader Replaying proof ArrayList.ArrayListIterator[java.lang.Object::<inv>()].JML accessible clause.0 
166717     DEBUG main            d.u.i.k.p.i.IntermediateProofReplayer Proof replay took 110.71ms 
166718     DEBUG main            d.u.i.k.p.r.p.TestFile    ... success: reloaded. 
166720     INFO  main            d.u.i.k.p.r.p.TestFile    Now processing file /home/runner/work/key/key/key.core/../key.ui/examples/heap/list/ArrayList.ArrayListIterator_list.key 
166720     INFO  main            d.u.i.k.p.i.AbstractProblemLoader Loading environment from /home/runner/work/key/key/key.core/../key.ui/examples/heap/list/ArrayList.ArrayListIterator_list.key 
166721     DEBUG main            d.u.i.k.p.i.AbstractProblemLoader Environment load took 199.5ns 
166722     INFO  main            d.u.i.k.p.i.AbstractProblemLoader Creating init config 
167746     DEBUG main            d.u.i.k.j.r.ClassPreparationMethodBuilder clPrepBuilder: Inner Class detected. Reject building class initialisation methods. 
169889     DEBUG main            d.u.i.k.p.i.AbstractProblemLoader Init config took 3.17s 
169928     INFO  main            d.u.i.k.p.i.AbstractProblemLoader Replaying proof ListIterator[ListIterator::$list()].JML accessible clause.0 
169929     DEBUG main            d.u.i.k.p.i.IntermediateProofReplayer Proof replay took 5.5ns 
170031     INFO  main            d.u.i.k.p.r.p.TestFile    ... finished proof: closed. 
170265     INFO  main            d.u.i.k.p.i.AbstractProblemLoader Loading environment from /home/runner/work/key/key/key.core/../key.ui/examples/heap/list/ArrayList.ArrayListIterator_list.key.proof 
170265     DEBUG main            d.u.i.k.p.i.AbstractProblemLoader Environment load took 111.5ns 
170266     INFO  main            d.u.i.k.p.i.AbstractProblemLoader Creating init config 
171263     DEBUG main            d.u.i.k.j.r.ClassPreparationMethodBuilder clPrepBuilder: Inner Class detected. Reject building class initialisation methods. 
173352     DEBUG main            d.u.i.k.p.i.AbstractProblemLoader Init config took 3.09s 
173390     INFO  main            d.u.i.k.p.i.AbstractProblemLoader Replaying proof ListIterator[ListIterator::$list()].JML accessible clause.0 
173393     DEBUG main            d.u.i.k.p.i.IntermediateProofReplayer Proof replay took 927.5ns 
173393     DEBUG main            d.u.i.k.p.r.p.TestFile    ... success: reloaded. 
173394     INFO  main            d.u.i.k.p.r.p.TestFile    Now processing file /home/runner/work/key/key/key.core/../key.ui/examples/heap/list/ArrayList.ArrayListIterator_next_exceptional.key 
173394     INFO  main            d.u.i.k.p.i.AbstractProblemLoader Loading environment from /home/runner/work/key/key/key.core/../key.ui/examples/heap/list/ArrayList.ArrayListIterator_next_exceptional.key 
173395     DEBUG main            d.u.i.k.p.i.AbstractProblemLoader Environment load took 66.7ns 
173395     INFO  main            d.u.i.k.p.i.AbstractProblemLoader Creating init config 
174409     DEBUG main            d.u.i.k.j.r.ClassPreparationMethodBuilder clPrepBuilder: Inner Class detected. Reject building class initialisation methods. 
176547     DEBUG main            d.u.i.k.p.i.AbstractProblemLoader Init config took 3.15s 
176597     INFO  main            d.u.i.k.p.i.AbstractProblemLoader Replaying proof ArrayList.ArrayListIterator[ListIterator::next()].JML exceptional_behavior operation contract.0 
176599     DEBUG main            d.u.i.k.p.i.IntermediateProofReplayer Proof replay took 5.3ns 
177406     INFO  main            d.u.i.k.p.r.p.TestFile    ... finished proof: closed. 
177656     INFO  main            d.u.i.k.p.i.AbstractProblemLoader Loading environment from /home/runner/work/key/key/key.core/../key.ui/examples/heap/list/ArrayList.ArrayListIterator_next_exceptional.key.proof 
177657     DEBUG main            d.u.i.k.p.i.AbstractProblemLoader Environment load took 400.9ns 
177658     INFO  main            d.u.i.k.p.i.AbstractProblemLoader Creating init config 
178648     DEBUG main            d.u.i.k.j.r.ClassPreparationMethodBuilder clPrepBuilder: Inner Class detected. Reject building class initialisation methods. 
180735     DEBUG main            d.u.i.k.p.i.AbstractProblemLoader Init config took 3.08s 
180796     INFO  main            d.u.i.k.p.i.AbstractProblemLoader Replaying proof ArrayList.ArrayListIterator[ListIterator::next()].JML exceptional_behavior operation contract.0 
180929     DEBUG main            d.u.i.k.p.i.IntermediateProofReplayer Proof replay took 128.96ms 
180930     DEBUG main            d.u.i.k.p.r.p.TestFile    ... success: reloaded. 
180931     INFO  main            d.u.i.k.p.r.p.TestFile    Now processing file /home/runner/work/key/key/key.core/../key.ui/examples/heap/list/ArrayList.ArrayListIterator_next_normal.key 
180932     INFO  main            d.u.i.k.p.i.AbstractProblemLoader Loading environment from /home/runner/work/key/key/key.core/../key.ui/examples/heap/list/ArrayList.ArrayListIterator_next_normal.key 
180932     DEBUG main            d.u.i.k.p.i.AbstractProblemLoader Environment load took 192.4ns 
180933     INFO  main            d.u.i.k.p.i.AbstractProblemLoader Creating init config 
181963     DEBUG main            d.u.i.k.j.r.ClassPreparationMethodBuilder clPrepBuilder: Inner Class detected. Reject building class initialisation methods. 
184109     DEBUG main            d.u.i.k.p.i.AbstractProblemLoader Init config took 3.18s 
184160     INFO  main            d.u.i.k.p.i.AbstractProblemLoader Replaying proof ArrayList.ArrayListIterator[ListIterator::next()].JML normal_behavior operation contract.0 
184161     DEBUG main            d.u.i.k.p.i.IntermediateProofReplayer Proof replay took 5.2ns 
184970     INFO  main            d.u.i.k.p.r.p.TestFile    ... finished proof: closed. 
185223     INFO  main            d.u.i.k.p.i.AbstractProblemLoader Loading environment from /home/runner/work/key/key/key.core/../key.ui/examples/heap/list/ArrayList.ArrayListIterator_next_normal.key.proof 
185223     DEBUG main            d.u.i.k.p.i.AbstractProblemLoader Environment load took 103.6ns 
185224     INFO  main            d.u.i.k.p.i.AbstractProblemLoader Creating init config 
186215     DEBUG main            d.u.i.k.j.r.ClassPreparationMethodBuilder clPrepBuilder: Inner Class detected. Reject building class initialisation methods. 
188307     DEBUG main            d.u.i.k.p.i.AbstractProblemLoader Init config took 3.08s 
188365     INFO  main            d.u.i.k.p.i.AbstractProblemLoader Replaying proof ArrayList.ArrayListIterator[ListIterator::next()].JML normal_behavior operation contract.0 
188534     DEBUG main            d.u.i.k.p.i.IntermediateProofReplayer Proof replay took 164.08ms 
188535     DEBUG main            d.u.i.k.p.r.p.TestFile    ... success: reloaded. 
188536     INFO  main            d.u.i.k.p.r.p.TestFile    Now processing file /home/runner/work/key/key/key.core/../key.ui/examples/heap/list/ArrayList.ArrayListIterator_pos.key 
188536     INFO  main            d.u.i.k.p.i.AbstractProblemLoader Loading environment from /home/runner/work/key/key/key.core/../key.ui/examples/heap/list/ArrayList.ArrayListIterator_pos.key 
188536     DEBUG main            d.u.i.k.p.i.AbstractProblemLoader Environment load took 75.8ns 
188537     INFO  main            d.u.i.k.p.i.AbstractProblemLoader Creating init config 
189540     DEBUG main            d.u.i.k.j.r.ClassPreparationMethodBuilder clPrepBuilder: Inner Class detected. Reject building class initialisation methods. 
191663     DEBUG main            d.u.i.k.p.i.AbstractProblemLoader Init config took 3.13s 
191701     INFO  main            d.u.i.k.p.i.AbstractProblemLoader Replaying proof ListIterator[ListIterator::$pos()].JML accessible clause.0 
191702     DEBUG main            d.u.i.k.p.i.IntermediateProofReplayer Proof replay took 5ns 
191805     INFO  main            d.u.i.k.p.r.p.TestFile    ... finished proof: closed. 
192054     INFO  main            d.u.i.k.p.i.AbstractProblemLoader Loading environment from /home/runner/work/key/key/key.core/../key.ui/examples/heap/list/ArrayList.ArrayListIterator_pos.key.proof 
192055     DEBUG main            d.u.i.k.p.i.AbstractProblemLoader Environment load took 95.1ns 
192055     INFO  main            d.u.i.k.p.i.AbstractProblemLoader Creating init config 
193043     DEBUG main            d.u.i.k.j.r.ClassPreparationMethodBuilder clPrepBuilder: Inner Class detected. Reject building class initialisation methods. 
195124     DEBUG main            d.u.i.k.p.i.AbstractProblemLoader Init config took 3.07s 
195162     INFO  main            d.u.i.k.p.i.AbstractProblemLoader Replaying proof ListIterator[ListIterator::$pos()].JML accessible clause.0 
195164     DEBUG main            d.u.i.k.p.i.IntermediateProofReplayer Proof replay took 877.1ns 
195165     DEBUG main            d.u.i.k.p.r.p.TestFile    ... success: reloaded. 
195166     INFO  main            d.u.i.k.p.r.p.TestFile    Now processing file /home/runner/work/key/key/key.core/../key.ui/examples/heap/list/Client_m.key 
195166     INFO  main            d.u.i.k.p.i.AbstractProblemLoader Loading environment from /home/runner/work/key/key/key.core/../key.ui/examples/heap/list/Client_m.key 
195166     DEBUG main            d.u.i.k.p.i.AbstractProblemLoader Environment load took 71.9ns 
195167     INFO  main            d.u.i.k.p.i.AbstractProblemLoader Creating init config 
196195     DEBUG main            d.u.i.k.j.r.ClassPreparationMethodBuilder clPrepBuilder: Inner Class detected. Reject building class initialisation methods. 
198332     DEBUG main            d.u.i.k.p.i.AbstractProblemLoader Init config took 3.16s 
198370     INFO  main            d.u.i.k.p.i.AbstractProblemLoader Replaying proof Client[Client::m(List)].JML normal_behavior operation contract.0 
198371     DEBUG main            d.u.i.k.p.i.IntermediateProofReplayer Proof replay took 6ns 
198674     INFO  main            d.u.i.k.p.r.p.TestFile    ... finished proof: closed. 
198945     INFO  main            d.u.i.k.p.i.AbstractProblemLoader Loading environment from /home/runner/work/key/key/key.core/../key.ui/examples/heap/list/Client_m.key.proof 
198945     DEBUG main            d.u.i.k.p.i.AbstractProblemLoader Environment load took 100.4ns 
198946     INFO  main            d.u.i.k.p.i.AbstractProblemLoader Creating init config 
199938     DEBUG main            d.u.i.k.j.r.ClassPreparationMethodBuilder clPrepBuilder: Inner Class detected. Reject building class initialisation methods. 
202026     DEBUG main            d.u.i.k.p.i.AbstractProblemLoader Init config took 3.08s 
202064     INFO  main            d.u.i.k.p.i.AbstractProblemLoader Replaying proof Client[Client::m(List)].JML normal_behavior operation contract.0 
202121     DEBUG main            d.u.i.k.p.i.IntermediateProofReplayer Proof replay took 53.85ms 
202121     DEBUG main            d.u.i.k.p.r.p.TestFile    ... success: reloaded. 
202122     INFO  main            d.u.i.k.p.r.p.TestFile    Now processing file /home/runner/work/key/key/key.core/../key.ui/examples/heap/list/Client_n.key 
202122     INFO  main            d.u.i.k.p.i.AbstractProblemLoader Loading environment from /home/runner/work/key/key/key.core/../key.ui/examples/heap/list/Client_n.key 
202123     DEBUG main            d.u.i.k.p.i.AbstractProblemLoader Environment load took 75.6ns 
202125     INFO  main            d.u.i.k.p.i.AbstractProblemLoader Creating init config 
203124     DEBUG main            d.u.i.k.j.r.ClassPreparationMethodBuilder clPrepBuilder: Inner Class detected. Reject building class initialisation methods. 
205258     DEBUG main            d.u.i.k.p.i.AbstractProblemLoader Init config took 3.13s 
205296     INFO  main            d.u.i.k.p.i.AbstractProblemLoader Replaying proof Client[Client::n(List)].JML normal_behavior operation contract.0 
205297     DEBUG main            d.u.i.k.p.i.IntermediateProofReplayer Proof replay took 5.7ns 
205399     INFO  main            d.u.i.k.p.r.p.TestFile    ... finished proof: closed. 
205801     INFO  main            d.u.i.k.p.i.AbstractProblemLoader Loading environment from /home/runner/work/key/key/key.core/../key.ui/examples/heap/list/Client_n.key.proof 
205801     DEBUG main            d.u.i.k.p.i.AbstractProblemLoader Environment load took 90ns 
205802     INFO  main            d.u.i.k.p.i.AbstractProblemLoader Creating init config 
206797     DEBUG main            d.u.i.k.j.r.ClassPreparationMethodBuilder clPrepBuilder: Inner Class detected. Reject building class initialisation methods. 
208907     DEBUG main            d.u.i.k.p.i.AbstractProblemLoader Init config took 3.1s 
208946     INFO  main            d.u.i.k.p.i.AbstractProblemLoader Replaying proof Client[Client::n(List)].JML normal_behavior operation contract.0 
208964     DEBUG main            d.u.i.k.p.i.IntermediateProofReplayer Proof replay took 16.69ms 
208965     DEBUG main            d.u.i.k.p.r.p.TestFile    ... success: reloaded. 
208965     INFO  main            d.u.i.k.p.r.p.TestFile    Now processing file /home/runner/work/key/key/key.core/../key.ui/examples/heap/list/LinkedList_get_exceptional.key 
208966     INFO  main            d.u.i.k.p.i.AbstractProblemLoader Loading environment from /home/runner/work/key/key/key.core/../key.ui/examples/heap/list/LinkedList_get_exceptional.key 
208966     DEBUG main            d.u.i.k.p.i.AbstractProblemLoader Environment load took 95.2ns 
208966     INFO  main            d.u.i.k.p.i.AbstractProblemLoader Creating init config 
210011     DEBUG main            d.u.i.k.j.r.ClassPreparationMethodBuilder clPrepBuilder: Inner Class detected. Reject building class initialisation methods. 
212152     DEBUG main            d.u.i.k.p.i.AbstractProblemLoader Init config took 3.19s 
212195     INFO  main            d.u.i.k.p.i.AbstractProblemLoader Replaying proof LinkedList[List::get(int)].JML exceptional_behavior operation contract.0 
212196     DEBUG main            d.u.i.k.p.i.IntermediateProofReplayer Proof replay took 5.5ns 
214231     INFO  main            d.u.i.k.p.r.p.TestFile    ... finished proof: closed. 
214519     INFO  main            d.u.i.k.p.i.AbstractProblemLoader Loading environment from /home/runner/work/key/key/key.core/../key.ui/examples/heap/list/LinkedList_get_exceptional.key.proof 
214519     DEBUG main            d.u.i.k.p.i.AbstractProblemLoader Environment load took 98ns 
214520     INFO  main            d.u.i.k.p.i.AbstractProblemLoader Creating init config 
215519     DEBUG main            d.u.i.k.j.r.ClassPreparationMethodBuilder clPrepBuilder: Inner Class detected. Reject building class initialisation methods. 
217595     DEBUG main            d.u.i.k.p.i.AbstractProblemLoader Init config took 3.08s 
217639     INFO  main            d.u.i.k.p.i.AbstractProblemLoader Replaying proof LinkedList[List::get(int)].JML exceptional_behavior operation contract.0 
217950     DEBUG main            d.u.i.k.p.i.IntermediateProofReplayer Proof replay took 303.8ms 
217951     DEBUG main            d.u.i.k.p.r.p.TestFile    ... success: reloaded. 
217952     INFO  main            d.u.i.k.p.r.p.TestFile    Now processing file /home/runner/work/key/key/key.core/../key.ui/examples/heap/list/LinkedList_get_normal.key 
217952     INFO  main            d.u.i.k.p.i.AbstractProblemLoader Loading environment from /home/runner/work/key/key/key.core/../key.ui/examples/heap/list/LinkedList_get_normal.key 
217953     DEBUG main            d.u.i.k.p.i.AbstractProblemLoader Environment load took 92.8ns 
217953     INFO  main            d.u.i.k.p.i.AbstractProblemLoader Creating init config 
218959     DEBUG main            d.u.i.k.j.r.ClassPreparationMethodBuilder clPrepBuilder: Inner Class detected. Reject building class initialisation methods. 
221108     DEBUG main            d.u.i.k.p.i.AbstractProblemLoader Init config took 3.15s 
221151     INFO  main            d.u.i.k.p.i.AbstractProblemLoader Replaying proof LinkedList[List::get(int)].JML normal_behavior operation contract.0 
221152     DEBUG main            d.u.i.k.p.i.IntermediateProofReplayer Proof replay took 5.4ns 
225992     INFO  main            d.u.i.k.p.r.p.TestFile    ... finished proof: closed. 
226336     INFO  main            d.u.i.k.p.i.AbstractProblemLoader Loading environment from /home/runner/work/key/key/key.core/../key.ui/examples/heap/list/LinkedList_get_normal.key.proof 
226337     DEBUG main            d.u.i.k.p.i.AbstractProblemLoader Environment load took 404.3ns 
226339     INFO  main            d.u.i.k.p.i.AbstractProblemLoader Creating init config 
227325     DEBUG main            d.u.i.k.j.r.ClassPreparationMethodBuilder clPrepBuilder: Inner Class detected. Reject building class initialisation methods. 
229395     DEBUG main            d.u.i.k.p.i.AbstractProblemLoader Init config took 3.06s 
229439     INFO  main            d.u.i.k.p.i.AbstractProblemLoader Replaying proof LinkedList[List::get(int)].JML normal_behavior operation contract.0 
229856     DEBUG main            d.u.i.k.p.i.IntermediateProofReplayer Proof replay took 398.05ms 
229857     DEBUG main            d.u.i.k.p.r.p.TestFile    ... success: reloaded. 
229858     INFO  main            d.u.i.k.p.r.p.TestFile    Now processing file /home/runner/work/key/key/key.core/../key.ui/examples/heap/list/LinkedList_LinkedList.key 
229859     INFO  main            d.u.i.k.p.i.AbstractProblemLoader Loading environment from /home/runner/work/key/key/key.core/../key.ui/examples/heap/list/LinkedList_LinkedList.key 
229859     DEBUG main            d.u.i.k.p.i.AbstractProblemLoader Environment load took 114.7ns 
229859     INFO  main            d.u.i.k.p.i.AbstractProblemLoader Creating init config 
230886     DEBUG main            d.u.i.k.j.r.ClassPreparationMethodBuilder clPrepBuilder: Inner Class detected. Reject building class initialisation methods. 
232999     DEBUG main            d.u.i.k.p.i.AbstractProblemLoader Init config took 3.14s 
233062     INFO  main            d.u.i.k.p.i.AbstractProblemLoader Replaying proof LinkedList[LinkedList::LinkedList()].JML normal_behavior operation contract.0 
233064     DEBUG main            d.u.i.k.p.i.IntermediateProofReplayer Proof replay took 5.2ns 
233569     INFO  main            d.u.i.k.p.r.p.TestFile    ... finished proof: closed. 
233874     INFO  main            d.u.i.k.p.i.AbstractProblemLoader Loading environment from /home/runner/work/key/key/key.core/../key.ui/examples/heap/list/LinkedList_LinkedList.key.proof 
233874     DEBUG main            d.u.i.k.p.i.AbstractProblemLoader Environment load took 89.3ns 
233876     INFO  main            d.u.i.k.p.i.AbstractProblemLoader Creating init config 
234863     DEBUG main            d.u.i.k.j.r.ClassPreparationMethodBuilder clPrepBuilder: Inner Class detected. Reject building class initialisation methods. 
236931     DEBUG main            d.u.i.k.p.i.AbstractProblemLoader Init config took 3.06s 
236974     INFO  main            d.u.i.k.p.i.AbstractProblemLoader Replaying proof LinkedList[LinkedList::LinkedList()].JML normal_behavior operation contract.0 
237065     DEBUG main            d.u.i.k.p.i.IntermediateProofReplayer Proof replay took 87.28ms 
237066     DEBUG main            d.u.i.k.p.r.p.TestFile    ... success: reloaded. 
237067     INFO  main            d.u.i.k.p.r.p.TestFile    Now processing file /home/runner/work/key/key/key.core/../key.ui/examples/heap/list/LinkedList_size_dep.key 
237067     INFO  main            d.u.i.k.p.i.AbstractProblemLoader Loading environment from /home/runner/work/key/key/key.core/../key.ui/examples/heap/list/LinkedList_size_dep.key 
237067     DEBUG main            d.u.i.k.p.i.AbstractProblemLoader Environment load took 77.9ns 
237068     INFO  main            d.u.i.k.p.i.AbstractProblemLoader Creating init config 
238069     DEBUG main            d.u.i.k.j.r.ClassPreparationMethodBuilder clPrepBuilder: Inner Class detected. Reject building class initialisation methods. 
240187     DEBUG main            d.u.i.k.p.i.AbstractProblemLoader Init config took 3.12s 
240231     INFO  main            d.u.i.k.p.i.AbstractProblemLoader Replaying proof LinkedList[List::size()].JML accessible clause.0 
240232     DEBUG main            d.u.i.k.p.i.IntermediateProofReplayer Proof replay took 6.1ns 
240782     INFO  main            d.u.i.k.p.r.p.TestFile    ... finished proof: closed. 
241055     INFO  main            d.u.i.k.p.i.AbstractProblemLoader Loading environment from /home/runner/work/key/key/key.core/../key.ui/examples/heap/list/LinkedList_size_dep.key.proof 
241055     DEBUG main            d.u.i.k.p.i.AbstractProblemLoader Environment load took 129.5ns 
241056     INFO  main            d.u.i.k.p.i.AbstractProblemLoader Creating init config 
242041     DEBUG main            d.u.i.k.j.r.ClassPreparationMethodBuilder clPrepBuilder: Inner Class detected. Reject building class initialisation methods. 
244103     DEBUG main            d.u.i.k.p.i.AbstractProblemLoader Init config took 3.05s 
244146     INFO  main            d.u.i.k.p.i.AbstractProblemLoader Replaying proof LinkedList[List::size()].JML accessible clause.0 
244191     DEBUG main            d.u.i.k.p.i.IntermediateProofReplayer Proof replay took 42.74ms 
244192     DEBUG main            d.u.i.k.p.r.p.TestFile    ... success: reloaded. 
244193     INFO  main            d.u.i.k.p.r.p.TestFile    Now processing file /home/runner/work/key/key/key.core/../key.ui/examples/heap/list/LinkedList_size.key 
244193     INFO  main            d.u.i.k.p.i.AbstractProblemLoader Loading environment from /home/runner/work/key/key/key.core/../key.ui/examples/heap/list/LinkedList_size.key 
244193     DEBUG main            d.u.i.k.p.i.AbstractProblemLoader Environment load took 83.4ns 
244194     INFO  main            d.u.i.k.p.i.AbstractProblemLoader Creating init config 
245192     DEBUG main            d.u.i.k.j.r.ClassPreparationMethodBuilder clPrepBuilder: Inner Class detected. Reject building class initialisation methods. 
247311     DEBUG main            d.u.i.k.p.i.AbstractProblemLoader Init config took 3.12s 
247355     INFO  main            d.u.i.k.p.i.AbstractProblemLoader Replaying proof LinkedList[List::size()].JML normal_behavior operation contract.0 
247356     DEBUG main            d.u.i.k.p.i.IntermediateProofReplayer Proof replay took 5.9ns 
247759     INFO  main            d.u.i.k.p.r.p.TestFile    ... finished proof: closed. 
248040     INFO  main            d.u.i.k.p.i.AbstractProblemLoader Loading environment from /home/runner/work/key/key/key.core/../key.ui/examples/heap/list/LinkedList_size.key.proof 
248040     DEBUG main            d.u.i.k.p.i.AbstractProblemLoader Environment load took 128.8ns 
248041     INFO  main            d.u.i.k.p.i.AbstractProblemLoader Creating init config 
249031     DEBUG main            d.u.i.k.j.r.ClassPreparationMethodBuilder clPrepBuilder: Inner Class detected. Reject building class initialisation methods. 
251101     DEBUG main            d.u.i.k.p.i.AbstractProblemLoader Init config took 3.06s 
251143     INFO  main            d.u.i.k.p.i.AbstractProblemLoader Replaying proof LinkedList[List::size()].JML normal_behavior operation contract.0 
251184     DEBUG main            d.u.i.k.p.i.IntermediateProofReplayer Proof replay took 38.54ms 
251185     DEBUG main            d.u.i.k.p.r.p.TestFile    ... success: reloaded. 
251186     INFO  main            d.u.i.k.p.r.p.TestFile    Now processing file /home/runner/work/key/key/key.core/../key.ui/examples/heap/list/MySet_footprint.key 
251186     INFO  main            d.u.i.k.p.i.AbstractProblemLoader Loading environment from /home/runner/work/key/key/key.core/../key.ui/examples/heap/list/MySet_footprint.key 
251186     DEBUG main            d.u.i.k.p.i.AbstractProblemLoader Environment load took 47.2ns 
251187     INFO  main            d.u.i.k.p.i.AbstractProblemLoader Creating init config 
252185     DEBUG main            d.u.i.k.j.r.ClassPreparationMethodBuilder clPrepBuilder: Inner Class detected. Reject building class initialisation methods. 
254300     DEBUG main            d.u.i.k.p.i.AbstractProblemLoader Init config took 3.11s 
254363     INFO  main            d.u.i.k.p.i.AbstractProblemLoader Replaying proof MySet[MySet::$footprint()].JML accessible clause.0 
254364     DEBUG main            d.u.i.k.p.i.IntermediateProofReplayer Proof replay took 6.3ns 
254566     INFO  main            d.u.i.k.p.r.p.TestFile    ... finished proof: closed. 
254859     INFO  main            d.u.i.k.p.i.AbstractProblemLoader Loading environment from /home/runner/work/key/key/key.core/../key.ui/examples/heap/list/MySet_footprint.key.proof 
254859     DEBUG main            d.u.i.k.p.i.AbstractProblemLoader Environment load took 89.9ns 
254860     INFO  main            d.u.i.k.p.i.AbstractProblemLoader Creating init config 
255850     DEBUG main            d.u.i.k.j.r.ClassPreparationMethodBuilder clPrepBuilder: Inner Class detected. Reject building class initialisation methods. 
257913     DEBUG main            d.u.i.k.p.i.AbstractProblemLoader Init config took 3.05s 
257968     INFO  main            d.u.i.k.p.i.AbstractProblemLoader Replaying proof MySet[MySet::$footprint()].JML accessible clause.0 
258000     DEBUG main            d.u.i.k.p.i.IntermediateProofReplayer Proof replay took 29.07ms 
258002     DEBUG main            d.u.i.k.p.r.p.TestFile    ... success: reloaded. 
258003     INFO  main            d.u.i.k.p.r.p.TestFile    Now processing file /home/runner/work/key/key/key.core/../key.ui/examples/heap/list/MySet_MySet.key 
258003     INFO  main            d.u.i.k.p.i.AbstractProblemLoader Loading environment from /home/runner/work/key/key/key.core/../key.ui/examples/heap/list/MySet_MySet.key 
258004     DEBUG main            d.u.i.k.p.i.AbstractProblemLoader Environment load took 82ns 
258006     INFO  main            d.u.i.k.p.i.AbstractProblemLoader Creating init config 
259010     DEBUG main            d.u.i.k.j.r.ClassPreparationMethodBuilder clPrepBuilder: Inner Class detected. Reject building class initialisation methods. 
261127     DEBUG main            d.u.i.k.p.i.AbstractProblemLoader Init config took 3.12s 
261172     INFO  main            d.u.i.k.p.i.AbstractProblemLoader Replaying proof MySet[MySet::MySet()].JML normal_behavior operation contract.0 
261174     DEBUG main            d.u.i.k.p.i.IntermediateProofReplayer Proof replay took 6.2ns 
263380     INFO  main            d.u.i.k.p.r.p.TestFile    ... finished proof: closed. 
263701     INFO  main            d.u.i.k.p.i.AbstractProblemLoader Loading environment from /home/runner/work/key/key/key.core/../key.ui/examples/heap/list/MySet_MySet.key.proof 
263701     DEBUG main            d.u.i.k.p.i.AbstractProblemLoader Environment load took 97.3ns 
263703     INFO  main            d.u.i.k.p.i.AbstractProblemLoader Creating init config 
264695     DEBUG main            d.u.i.k.j.r.ClassPreparationMethodBuilder clPrepBuilder: Inner Class detected. Reject building class initialisation methods. 
266769     DEBUG main            d.u.i.k.p.i.AbstractProblemLoader Init config took 3.07s 
266815     INFO  main            d.u.i.k.p.i.AbstractProblemLoader Replaying proof MySet[MySet::MySet()].JML normal_behavior operation contract.0 
267160     DEBUG main            d.u.i.k.p.i.IntermediateProofReplayer Proof replay took 333.72ms 
267161     DEBUG main            d.u.i.k.p.r.p.TestFile    ... success: reloaded. 
1081858    INFO  Test worker     d.u.i.k.p.r.RunAllProofsTestUnit Returning from test list 
1081859    INFO  Test worker     d.u.i.k.p.r.RunAllProofsTestUnit Running test list_ghost 
323        INFO  Timeout watchdog d.u.i.k.p.r.p.ForkedTestFileRunner Timeout watcher launched (2000 secs.) 
330        WARN  main            d.u.i.k.s.ProofSettings   The settings in /home/runner/.key/proof-settings.props are *not* read. 
363        INFO  main            d.u.i.k.p.r.p.TestFile    Now processing file /home/runner/work/key/key/key.core/../key.ui/examples/heap/list_ghost/ArrayList_add.key 
492        INFO  main            d.u.i.k.p.i.AbstractProblemLoader Loading environment from /home/runner/work/key/key/key.core/../key.ui/examples/heap/list_ghost/ArrayList_add.key 
513        DEBUG main            d.u.i.k.p.i.AbstractProblemLoader Environment load took 1.75ms 
757        INFO  main            d.u.i.k.p.i.AbstractProblemLoader Creating init config 
1660       DEBUG main            d.u.i.k.j.TypeConverter   No LDT found for Meta 
1661       DEBUG main            d.u.i.k.j.TypeConverter   No LDT found for Meta 
1661       DEBUG main            d.u.i.k.j.TypeConverter   No LDT found for Meta 
1662       DEBUG main            d.u.i.k.j.TypeConverter   No LDT found for Meta 
3005       DEBUG main            d.u.i.k.j.TypeConverter   No LDT found for JavaBigintExpression 
8121       DEBUG main            d.u.i.k.p.i.AbstractProblemLoader Init config took 7.36s 
8281       INFO  main            d.u.i.k.p.i.AbstractProblemLoader Replaying proof ArrayList[List::add(java.lang.Object)].JML normal_behavior operation contract.0 
8317       DEBUG main            d.u.i.k.p.i.IntermediateProofReplayer Proof replay took 29.3ns 
12914      INFO  main            d.u.i.k.p.r.p.TestFile    ... finished proof: closed. 
13099      INFO  main            d.u.i.k.p.i.AbstractProblemLoader Loading environment from /home/runner/work/key/key/key.core/../key.ui/examples/heap/list_ghost/ArrayList_add.key.proof 
13099      DEBUG main            d.u.i.k.p.i.AbstractProblemLoader Environment load took 208.5ns 
13102      INFO  main            d.u.i.k.p.i.AbstractProblemLoader Creating init config 
15968      DEBUG main            d.u.i.k.p.i.AbstractProblemLoader Init config took 2.87s 
16073      INFO  main            d.u.i.k.p.i.AbstractProblemLoader Replaying proof ArrayList[List::add(java.lang.Object)].JML normal_behavior operation contract.0 
16954      DEBUG main            d.u.i.k.p.i.IntermediateProofReplayer Proof replay took 841.86ms 
16964      DEBUG main            d.u.i.k.p.r.p.TestFile    ... success: reloaded. 
16967      INFO  main            d.u.i.k.p.r.p.TestFile    Now processing file /home/runner/work/key/key/key.core/../key.ui/examples/heap/list_ghost/ArrayList_ArrayList.key 
16967      INFO  main            d.u.i.k.p.i.AbstractProblemLoader Loading environment from /home/runner/work/key/key/key.core/../key.ui/examples/heap/list_ghost/ArrayList_ArrayList.key 
16968      DEBUG main            d.u.i.k.p.i.AbstractProblemLoader Environment load took 251.1ns 
16972      INFO  main            d.u.i.k.p.i.AbstractProblemLoader Creating init config 
19687      DEBUG main            d.u.i.k.p.i.AbstractProblemLoader Init config took 2.71s 
19748      INFO  main            d.u.i.k.p.i.AbstractProblemLoader Replaying proof ArrayList[ArrayList::ArrayList()].JML normal_behavior operation contract.0 
19751      DEBUG main            d.u.i.k.p.i.IntermediateProofReplayer Proof replay took 5.5ns 
20855      INFO  main            d.u.i.k.p.r.p.TestFile    ... finished proof: closed. 
20996      INFO  main            d.u.i.k.p.i.AbstractProblemLoader Loading environment from /home/runner/work/key/key/key.core/../key.ui/examples/heap/list_ghost/ArrayList_ArrayList.key.proof 
20997      DEBUG main            d.u.i.k.p.i.AbstractProblemLoader Environment load took 509.5ns 
20998      INFO  main            d.u.i.k.p.i.AbstractProblemLoader Creating init config 
23621      DEBUG main            d.u.i.k.p.i.AbstractProblemLoader Init config took 2.62s 
23677      INFO  main            d.u.i.k.p.i.AbstractProblemLoader Replaying proof ArrayList[ArrayList::ArrayList()].JML normal_behavior operation contract.0 
23858      DEBUG main            d.u.i.k.p.i.IntermediateProofReplayer Proof replay took 171.69ms 
23859      DEBUG main            d.u.i.k.p.r.p.TestFile    ... success: reloaded. 
23861      INFO  main            d.u.i.k.p.r.p.TestFile    Now processing file /home/runner/work/key/key/key.core/../key.ui/examples/heap/list_ghost/ArrayList_enlarge.key 
23862      INFO  main            d.u.i.k.p.i.AbstractProblemLoader Loading environment from /home/runner/work/key/key/key.core/../key.ui/examples/heap/list_ghost/ArrayList_enlarge.key 
23862      DEBUG main            d.u.i.k.p.i.AbstractProblemLoader Environment load took 231.6ns 
23864      INFO  main            d.u.i.k.p.i.AbstractProblemLoader Creating init config 
26534      DEBUG main            d.u.i.k.p.i.AbstractProblemLoader Init config took 2.67s 
26581      INFO  main            d.u.i.k.p.i.AbstractProblemLoader Replaying proof ArrayList[ArrayList::enlarge()].JML normal_behavior operation contract.0 
26583      DEBUG main            d.u.i.k.p.i.IntermediateProofReplayer Proof replay took 4.9ns 
28804      INFO  main            d.u.i.k.p.r.p.TestFile    ... finished proof: closed. 
28951      INFO  main            d.u.i.k.p.i.AbstractProblemLoader Loading environment from /home/runner/work/key/key/key.core/../key.ui/examples/heap/list_ghost/ArrayList_enlarge.key.proof 
28951      DEBUG main            d.u.i.k.p.i.AbstractProblemLoader Environment load took 416.4ns 
28952      INFO  main            d.u.i.k.p.i.AbstractProblemLoader Creating init config 
31588      DEBUG main            d.u.i.k.p.i.AbstractProblemLoader Init config took 2.64s 
31648      INFO  main            d.u.i.k.p.i.AbstractProblemLoader Replaying proof ArrayList[ArrayList::enlarge()].JML normal_behavior operation contract.0 
32066      DEBUG main            d.u.i.k.p.i.IntermediateProofReplayer Proof replay took 398.34ms 
32067      DEBUG main            d.u.i.k.p.r.p.TestFile    ... success: reloaded. 
32068      INFO  main            d.u.i.k.p.r.p.TestFile    Now processing file /home/runner/work/key/key/key.core/../key.ui/examples/heap/list_ghost/ArrayList_get_dep.key 
32068      INFO  main            d.u.i.k.p.i.AbstractProblemLoader Loading environment from /home/runner/work/key/key/key.core/../key.ui/examples/heap/list_ghost/ArrayList_get_dep.key 
32069      DEBUG main            d.u.i.k.p.i.AbstractProblemLoader Environment load took 201.5ns 
32070      INFO  main            d.u.i.k.p.i.AbstractProblemLoader Creating init config 
34617      DEBUG main            d.u.i.k.p.i.AbstractProblemLoader Init config took 2.55s 
34687      INFO  main            d.u.i.k.p.i.AbstractProblemLoader Replaying proof ArrayList[List::get(int)].JML accessible clause.0 
34688      DEBUG main            d.u.i.k.p.i.IntermediateProofReplayer Proof replay took 5.1ns 
34994      INFO  main            d.u.i.k.p.r.p.TestFile    ... finished proof: closed. 
35141      INFO  main            d.u.i.k.p.i.AbstractProblemLoader Loading environment from /home/runner/work/key/key/key.core/../key.ui/examples/heap/list_ghost/ArrayList_get_dep.key.proof 
35141      DEBUG main            d.u.i.k.p.i.AbstractProblemLoader Environment load took 111.3ns 
35142      INFO  main            d.u.i.k.p.i.AbstractProblemLoader Creating init config 
37670      DEBUG main            d.u.i.k.p.i.AbstractProblemLoader Init config took 2.53s 
37719      INFO  main            d.u.i.k.p.i.AbstractProblemLoader Replaying proof ArrayList[List::get(int)].JML accessible clause.0 
37781      DEBUG main            d.u.i.k.p.i.IntermediateProofReplayer Proof replay took 57.47ms 
37782      DEBUG main            d.u.i.k.p.r.p.TestFile    ... success: reloaded. 
37783      INFO  main            d.u.i.k.p.r.p.TestFile    Now processing file /home/runner/work/key/key/key.core/../key.ui/examples/heap/list_ghost/ArrayList_get_exceptional.key 
37783      INFO  main            d.u.i.k.p.i.AbstractProblemLoader Loading environment from /home/runner/work/key/key/key.core/../key.ui/examples/heap/list_ghost/ArrayList_get_exceptional.key 
37783      DEBUG main            d.u.i.k.p.i.AbstractProblemLoader Environment load took 210.4ns 
37784      INFO  main            d.u.i.k.p.i.AbstractProblemLoader Creating init config 
40365      DEBUG main            d.u.i.k.p.i.AbstractProblemLoader Init config took 2.58s 
40410      INFO  main            d.u.i.k.p.i.AbstractProblemLoader Replaying proof ArrayList[List::get(int)].JML exceptional_behavior operation contract.0 
40412      DEBUG main            d.u.i.k.p.i.IntermediateProofReplayer Proof replay took 5.3ns 
41119      INFO  main            d.u.i.k.p.r.p.TestFile    ... finished proof: closed. 
41283      INFO  main            d.u.i.k.p.i.AbstractProblemLoader Loading environment from /home/runner/work/key/key/key.core/../key.ui/examples/heap/list_ghost/ArrayList_get_exceptional.key.proof 
41288      DEBUG main            d.u.i.k.p.i.AbstractProblemLoader Environment load took 5.31ms 
41289      INFO  main            d.u.i.k.p.i.AbstractProblemLoader Creating init config 
43832      DEBUG main            d.u.i.k.p.i.AbstractProblemLoader Init config took 2.54s 
43878      INFO  main            d.u.i.k.p.i.AbstractProblemLoader Replaying proof ArrayList[List::get(int)].JML exceptional_behavior operation contract.0 
44039      DEBUG main            d.u.i.k.p.i.IntermediateProofReplayer Proof replay took 154.03ms 
44040      DEBUG main            d.u.i.k.p.r.p.TestFile    ... success: reloaded. 
44041      INFO  main            d.u.i.k.p.r.p.TestFile    Now processing file /home/runner/work/key/key/key.core/../key.ui/examples/heap/list_ghost/ArrayList_get_normal.key 
44042      INFO  main            d.u.i.k.p.i.AbstractProblemLoader Loading environment from /home/runner/work/key/key/key.core/../key.ui/examples/heap/list_ghost/ArrayList_get_normal.key 
44042      DEBUG main            d.u.i.k.p.i.AbstractProblemLoader Environment load took 214.7ns 
44043      INFO  main            d.u.i.k.p.i.AbstractProblemLoader Creating init config 
46600      DEBUG main            d.u.i.k.p.i.AbstractProblemLoader Init config took 2.56s 
46641      INFO  main            d.u.i.k.p.i.AbstractProblemLoader Replaying proof ArrayList[List::get(int)].JML normal_behavior operation contract.0 
46643      DEBUG main            d.u.i.k.p.i.IntermediateProofReplayer Proof replay took 5.6ns 
46845      INFO  main            d.u.i.k.p.r.p.TestFile    ... finished proof: closed. 
47023      INFO  main            d.u.i.k.p.i.AbstractProblemLoader Loading environment from /home/runner/work/key/key/key.core/../key.ui/examples/heap/list_ghost/ArrayList_get_normal.key.proof 
47023      DEBUG main            d.u.i.k.p.i.AbstractProblemLoader Environment load took 110.3ns 
47024      INFO  main            d.u.i.k.p.i.AbstractProblemLoader Creating init config 
49532      DEBUG main            d.u.i.k.p.i.AbstractProblemLoader Init config took 2.51s 
49572      INFO  main            d.u.i.k.p.i.AbstractProblemLoader Replaying proof ArrayList[List::get(int)].JML normal_behavior operation contract.0 
49634      DEBUG main            d.u.i.k.p.i.IntermediateProofReplayer Proof replay took 59.64ms 
49635      DEBUG main            d.u.i.k.p.r.p.TestFile    ... success: reloaded. 
49636      INFO  main            d.u.i.k.p.r.p.TestFile    Now processing file /home/runner/work/key/key/key.core/../key.ui/examples/heap/list_ghost/ArrayList_inv.key 
49637      INFO  main            d.u.i.k.p.i.AbstractProblemLoader Loading environment from /home/runner/work/key/key/key.core/../key.ui/examples/heap/list_ghost/ArrayList_inv.key 
49637      DEBUG main            d.u.i.k.p.i.AbstractProblemLoader Environment load took 199.4ns 
49638      INFO  main            d.u.i.k.p.i.AbstractProblemLoader Creating init config 
52125      DEBUG main            d.u.i.k.p.i.AbstractProblemLoader Init config took 2.49s 
52165      INFO  main            d.u.i.k.p.i.AbstractProblemLoader Replaying proof ArrayList[java.lang.Object::<inv>()].JML accessible clause.0 
52166      DEBUG main            d.u.i.k.p.i.IntermediateProofReplayer Proof replay took 5.4ns 
52268      INFO  main            d.u.i.k.p.r.p.TestFile    ... finished proof: closed. 
52441      INFO  main            d.u.i.k.p.i.AbstractProblemLoader Loading environment from /home/runner/work/key/key/key.core/../key.ui/examples/heap/list_ghost/ArrayList_inv.key.proof 
52442      DEBUG main            d.u.i.k.p.i.AbstractProblemLoader Environment load took 120.9ns 
52442      INFO  main            d.u.i.k.p.i.AbstractProblemLoader Creating init config 
54937      DEBUG main            d.u.i.k.p.i.AbstractProblemLoader Init config took 2.49s 
54977      INFO  main            d.u.i.k.p.i.AbstractProblemLoader Replaying proof ArrayList[java.lang.Object::<inv>()].JML accessible clause.0 
54998      DEBUG main            d.u.i.k.p.i.IntermediateProofReplayer Proof replay took 19.45ms 
54999      DEBUG main            d.u.i.k.p.r.p.TestFile    ... success: reloaded. 
55000      INFO  main            d.u.i.k.p.r.p.TestFile    Now processing file /home/runner/work/key/key/key.core/../key.ui/examples/heap/list_ghost/ArrayList_size_dep.key 
55000      INFO  main            d.u.i.k.p.i.AbstractProblemLoader Loading environment from /home/runner/work/key/key/key.core/../key.ui/examples/heap/list_ghost/ArrayList_size_dep.key 
55000      DEBUG main            d.u.i.k.p.i.AbstractProblemLoader Environment load took 124.2ns 
55001      INFO  main            d.u.i.k.p.i.AbstractProblemLoader Creating init config 
57500      DEBUG main            d.u.i.k.p.i.AbstractProblemLoader Init config took 2.5s 
57538      INFO  main            d.u.i.k.p.i.AbstractProblemLoader Replaying proof ArrayList[List::size()].JML accessible clause.0 
57540      DEBUG main            d.u.i.k.p.i.IntermediateProofReplayer Proof replay took 5.6ns 
57645      INFO  main            d.u.i.k.p.r.p.TestFile    ... finished proof: closed. 
57805      INFO  main            d.u.i.k.p.i.AbstractProblemLoader Loading environment from /home/runner/work/key/key/key.core/../key.ui/examples/heap/list_ghost/ArrayList_size_dep.key.proof 
57805      DEBUG main            d.u.i.k.p.i.AbstractProblemLoader Environment load took 149.2ns 
57806      INFO  main            d.u.i.k.p.i.AbstractProblemLoader Creating init config 
60298      DEBUG main            d.u.i.k.p.i.AbstractProblemLoader Init config took 2.49s 
60336      INFO  main            d.u.i.k.p.i.AbstractProblemLoader Replaying proof ArrayList[List::size()].JML accessible clause.0 
60350      DEBUG main            d.u.i.k.p.i.IntermediateProofReplayer Proof replay took 11.9ms 
60351      DEBUG main            d.u.i.k.p.r.p.TestFile    ... success: reloaded. 
60352      INFO  main            d.u.i.k.p.r.p.TestFile    Now processing file /home/runner/work/key/key/key.core/../key.ui/examples/heap/list_ghost/ArrayList_size.key 
60352      INFO  main            d.u.i.k.p.i.AbstractProblemLoader Loading environment from /home/runner/work/key/key/key.core/../key.ui/examples/heap/list_ghost/ArrayList_size.key 
60352      DEBUG main            d.u.i.k.p.i.AbstractProblemLoader Environment load took 98ns 
60353      INFO  main            d.u.i.k.p.i.AbstractProblemLoader Creating init config 
62818      DEBUG main            d.u.i.k.p.i.AbstractProblemLoader Init config took 2.46s 
62856      INFO  main            d.u.i.k.p.i.AbstractProblemLoader Replaying proof ArrayList[List::size()].JML normal_behavior operation contract.0 
62857      DEBUG main            d.u.i.k.p.i.IntermediateProofReplayer Proof replay took 5.3ns 
62965      INFO  main            d.u.i.k.p.r.p.TestFile    ... finished proof: closed. 
63145      INFO  main            d.u.i.k.p.i.AbstractProblemLoader Loading environment from /home/runner/work/key/key/key.core/../key.ui/examples/heap/list_ghost/ArrayList_size.key.proof 
63145      DEBUG main            d.u.i.k.p.i.AbstractProblemLoader Environment load took 108.6ns 
63147      INFO  main            d.u.i.k.p.i.AbstractProblemLoader Creating init config 
65603      DEBUG main            d.u.i.k.p.i.AbstractProblemLoader Init config took 2.46s 
65642      INFO  main            d.u.i.k.p.i.AbstractProblemLoader Replaying proof ArrayList[List::size()].JML normal_behavior operation contract.0 
65657      DEBUG main            d.u.i.k.p.i.IntermediateProofReplayer Proof replay took 12.41ms 
65657      DEBUG main            d.u.i.k.p.r.p.TestFile    ... success: reloaded. 
1147700    INFO  Test worker     d.u.i.k.p.r.RunAllProofsTestUnit Returning from test list_ghost 
1147701    INFO  Test worker     d.u.i.k.p.r.RunAllProofsTestUnit Running test list_recursive 
364        INFO  Timeout watchdog d.u.i.k.p.r.p.ForkedTestFileRunner Timeout watcher launched (2000 secs.) 
368        WARN  main            d.u.i.k.s.ProofSettings   The settings in /home/runner/.key/proof-settings.props are *not* read. 
411        INFO  main            d.u.i.k.p.r.p.TestFile    Now processing file /home/runner/work/key/key/key.core/../key.ui/examples/heap/list_recursiveSpec/ListOperationsNonNull_getNextNN_normal_behavior.key 
512        INFO  main            d.u.i.k.p.i.AbstractProblemLoader Loading environment from /home/runner/work/key/key/key.core/../key.ui/examples/heap/list_recursiveSpec/ListOperationsNonNull_getNextNN_normal_behavior.key 
537        DEBUG main            d.u.i.k.p.i.AbstractProblemLoader Environment load took 2.03ms 
736        INFO  main            d.u.i.k.p.i.AbstractProblemLoader Creating init config 
1650       DEBUG main            d.u.i.k.j.TypeConverter   No LDT found for Meta 
1650       DEBUG main            d.u.i.k.j.TypeConverter   No LDT found for Meta 
1651       DEBUG main            d.u.i.k.j.TypeConverter   No LDT found for Meta 
1651       DEBUG main            d.u.i.k.j.TypeConverter   No LDT found for Meta 
2973       DEBUG main            d.u.i.k.j.TypeConverter   No LDT found for JavaBigintExpression 
7869       DEBUG main            d.u.i.k.p.i.AbstractProblemLoader Init config took 7.13s 
7996       INFO  main            d.u.i.k.p.i.AbstractProblemLoader Replaying proof ListOperationsNonNull[ListOperationsNonNull::getNextNN(ListNN,int)].JML normal_behavior operation contract.0 
8025       DEBUG main            d.u.i.k.p.i.IntermediateProofReplayer Proof replay took 29.1ns 
9161       INFO  main            d.u.i.k.p.r.p.TestFile    ... finished proof: closed. 
9283       INFO  main            d.u.i.k.p.i.AbstractProblemLoader Loading environment from /home/runner/work/key/key/key.core/../key.ui/examples/heap/list_recursiveSpec/ListOperationsNonNull_getNextNN_normal_behavior.key.proof 
9286       DEBUG main            d.u.i.k.p.i.AbstractProblemLoader Environment load took 3.02ms 
9288       INFO  main            d.u.i.k.p.i.AbstractProblemLoader Creating init config 
12207      DEBUG main            d.u.i.k.p.i.AbstractProblemLoader Init config took 2.92s 
12279      INFO  main            d.u.i.k.p.i.AbstractProblemLoader Replaying proof ListOperationsNonNull[ListOperationsNonNull::getNextNN(ListNN,int)].JML normal_behavior operation contract.0 
12464      DEBUG main            d.u.i.k.p.i.IntermediateProofReplayer Proof replay took 163.08ms 
12470      DEBUG main            d.u.i.k.p.r.p.TestFile    ... success: reloaded. 
12472      INFO  main            d.u.i.k.p.r.p.TestFile    Now processing file /home/runner/work/key/key/key.core/../key.ui/examples/heap/list_recursiveSpec/ListOperationsNonNull_setValueAt_normal_behavior.key 
12473      INFO  main            d.u.i.k.p.i.AbstractProblemLoader Loading environment from /home/runner/work/key/key/key.core/../key.ui/examples/heap/list_recursiveSpec/ListOperationsNonNull_setValueAt_normal_behavior.key 
12473      DEBUG main            d.u.i.k.p.i.AbstractProblemLoader Environment load took 222.3ns 
12474      INFO  main            d.u.i.k.p.i.AbstractProblemLoader Creating init config 
15176      DEBUG main            d.u.i.k.p.i.AbstractProblemLoader Init config took 2.7s 
15236      INFO  main            d.u.i.k.p.i.AbstractProblemLoader Replaying proof ListOperationsNonNull[ListOperationsNonNull::setValueAt_NN(ListNN,int,int)].JML normal_behavior operation contract.0 
15239      DEBUG main            d.u.i.k.p.i.IntermediateProofReplayer Proof replay took 5.2ns 
15263      DEBUG main            d.u.i.k.m.s.ProofScriptEngine 1: 'macro autopilot' 
17700      DEBUG main            d.u.i.k.m.s.ProofScriptEngine 2: 'macro simp-upd' 
17706      DEBUG main            d.u.i.k.m.s.ProofScriptEngine 3: 'rule observerDependencyEQ' 
17723      DEBUG main            d.u.i.k.m.s.ProofScriptEngine 4: 'tryclose' 
17751      INFO  main            d.u.i.k.p.r.p.TestFile    ... finished proof: closed. 
17890      INFO  main            d.u.i.k.p.i.AbstractProblemLoader Loading environment from /home/runner/work/key/key/key.core/../key.ui/examples/heap/list_recursiveSpec/ListOperationsNonNull_setValueAt_normal_behavior.key.proof 
17891      DEBUG main            d.u.i.k.p.i.AbstractProblemLoader Environment load took 498.3ns 
17892      INFO  main            d.u.i.k.p.i.AbstractProblemLoader Creating init config 
20535      DEBUG main            d.u.i.k.p.i.AbstractProblemLoader Init config took 2.64s 
20587      INFO  main            d.u.i.k.p.i.AbstractProblemLoader Replaying proof ListOperationsNonNull[ListOperationsNonNull::setValueAt_NN(ListNN,int,int)].JML normal_behavior operation contract.0 
20703      DEBUG main            d.u.i.k.p.i.IntermediateProofReplayer Proof replay took 110.28ms 
20704      DEBUG main            d.u.i.k.p.r.p.TestFile    ... success: reloaded. 
1168564    INFO  Test worker     d.u.i.k.p.r.RunAllProofsTestUnit Returning from test list_recursive 
1168567    INFO  Test worker     d.u.i.k.p.r.RunAllProofsTestUnit Running test list_seq 
350        INFO  Timeout watchdog d.u.i.k.p.r.p.ForkedTestFileRunner Timeout watcher launched (2000 secs.) 
360        WARN  main            d.u.i.k.s.ProofSettings   The settings in /home/runner/.key/proof-settings.props are *not* read. 
384        INFO  main            d.u.i.k.p.r.p.TestFile    Now processing file /home/runner/work/key/key/key.core/../key.ui/examples/heap/list_seq/SimplifiedLinkedList.remove.key 
488        INFO  main            d.u.i.k.p.i.AbstractProblemLoader Loading environment from /home/runner/work/key/key/key.core/../key.ui/examples/heap/list_seq/SimplifiedLinkedList.remove.key 
514        DEBUG main            d.u.i.k.p.i.AbstractProblemLoader Environment load took 2.06ms 
731        INFO  main            d.u.i.k.p.i.AbstractProblemLoader Creating init config 
1720       DEBUG main            d.u.i.k.j.TypeConverter   No LDT found for Meta 
1721       DEBUG main            d.u.i.k.j.TypeConverter   No LDT found for Meta 
1724       DEBUG main            d.u.i.k.j.TypeConverter   No LDT found for Meta 
1725       DEBUG main            d.u.i.k.j.TypeConverter   No LDT found for Meta 
3281       DEBUG main            d.u.i.k.j.TypeConverter   No LDT found for JavaBigintExpression 
8574       DEBUG main            d.u.i.k.p.i.AbstractProblemLoader Init config took 7.84s 
8829       INFO  main            d.u.i.k.p.i.AbstractProblemLoader Replaying proof SimplifiedLinkedList[SimplifiedLinkedList::remove(int)].JML normal_behavior operation contract.0 
8865       DEBUG main            d.u.i.k.p.i.IntermediateProofReplayer Proof replay took 30.8ns 
85007      INFO  main            d.u.i.k.p.r.p.TestFile    ... finished proof: closed. 
85387      INFO  main            d.u.i.k.p.i.AbstractProblemLoader Loading environment from /home/runner/work/key/key/key.core/../key.ui/examples/heap/list_seq/SimplifiedLinkedList.remove.key.proof 
85387      DEBUG main            d.u.i.k.p.i.AbstractProblemLoader Environment load took 285.1ns 
85407      INFO  main            d.u.i.k.p.i.AbstractProblemLoader Creating init config 
88573      DEBUG main            d.u.i.k.p.i.AbstractProblemLoader Init config took 3.17s 
88720      INFO  main            d.u.i.k.p.i.AbstractProblemLoader Replaying proof SimplifiedLinkedList[SimplifiedLinkedList::remove(int)].JML normal_behavior operation contract.0 
92684      DEBUG main            d.u.i.k.p.i.IntermediateProofReplayer Proof replay took 3.7s 
92701      DEBUG main            d.u.i.k.p.r.p.TestFile    ... success: reloaded. 
92702      INFO  main            d.u.i.k.p.r.p.TestFile    Now processing file /home/runner/work/key/key/key.core/../key.ui/examples/heap/list_seq/ArrayList.ArrayList.key 
92703      INFO  main            d.u.i.k.p.i.AbstractProblemLoader Loading environment from /home/runner/work/key/key/key.core/../key.ui/examples/heap/list_seq/ArrayList.ArrayList.key 
92703      DEBUG main            d.u.i.k.p.i.AbstractProblemLoader Environment load took 226.4ns 
92704      INFO  main            d.u.i.k.p.i.AbstractProblemLoader Creating init config 
95747      DEBUG main            d.u.i.k.p.i.AbstractProblemLoader Init config took 3.04s 
95834      INFO  main            d.u.i.k.p.i.AbstractProblemLoader Replaying proof ArrayList[ArrayList::ArrayList()].JML normal_behavior operation contract.0 
95837      DEBUG main            d.u.i.k.p.i.IntermediateProofReplayer Proof replay took 4.3ns 
96640      INFO  main            d.u.i.k.p.r.p.TestFile    ... finished proof: closed. 
96857      INFO  main            d.u.i.k.p.i.AbstractProblemLoader Loading environment from /home/runner/work/key/key/key.core/../key.ui/examples/heap/list_seq/ArrayList.ArrayList.key.proof 
96859      DEBUG main            d.u.i.k.p.i.AbstractProblemLoader Environment load took 1.42ms 
96861      INFO  main            d.u.i.k.p.i.AbstractProblemLoader Creating init config 
99731      DEBUG main            d.u.i.k.p.i.AbstractProblemLoader Init config took 2.87s 
99822      INFO  main            d.u.i.k.p.i.AbstractProblemLoader Replaying proof ArrayList[ArrayList::ArrayList()].JML normal_behavior operation contract.0 
99950      DEBUG main            d.u.i.k.p.i.IntermediateProofReplayer Proof replay took 123.61ms 
99951      DEBUG main            d.u.i.k.p.r.p.TestFile    ... success: reloaded. 
99952      INFO  main            d.u.i.k.p.r.p.TestFile    Now processing file /home/runner/work/key/key/key.core/../key.ui/examples/heap/list_seq/ArrayList.add.key 
99953      INFO  main            d.u.i.k.p.i.AbstractProblemLoader Loading environment from /home/runner/work/key/key/key.core/../key.ui/examples/heap/list_seq/ArrayList.add.key 
99953      DEBUG main            d.u.i.k.p.i.AbstractProblemLoader Environment load took 221.7ns 
99954      INFO  main            d.u.i.k.p.i.AbstractProblemLoader Creating init config 
102810     DEBUG main            d.u.i.k.p.i.AbstractProblemLoader Init config took 2.86s 
102917     INFO  main            d.u.i.k.p.i.AbstractProblemLoader Replaying proof ArrayList[List::add(java.lang.Object)].JML normal_behavior operation contract.0 
102920     DEBUG main            d.u.i.k.p.i.IntermediateProofReplayer Proof replay took 4.8ns 
106049     INFO  main            d.u.i.k.p.r.p.TestFile    ... finished proof: closed. 
106206     INFO  main            d.u.i.k.p.i.AbstractProblemLoader Loading environment from /home/runner/work/key/key/key.core/../key.ui/examples/heap/list_seq/ArrayList.add.key.proof 
106206     DEBUG main            d.u.i.k.p.i.AbstractProblemLoader Environment load took 413.7ns 
106209     INFO  main            d.u.i.k.p.i.AbstractProblemLoader Creating init config 
109060     DEBUG main            d.u.i.k.p.i.AbstractProblemLoader Init config took 2.85s 
109136     INFO  main            d.u.i.k.p.i.AbstractProblemLoader Replaying proof ArrayList[List::add(java.lang.Object)].JML normal_behavior operation contract.0 
109566     DEBUG main            d.u.i.k.p.i.IntermediateProofReplayer Proof replay took 417.73ms 
109568     DEBUG main            d.u.i.k.p.r.p.TestFile    ... success: reloaded. 
109569     INFO  main            d.u.i.k.p.r.p.TestFile    Now processing file /home/runner/work/key/key/key.core/../key.ui/examples/heap/list_seq/ArrayList.contains.key 
109569     INFO  main            d.u.i.k.p.i.AbstractProblemLoader Loading environment from /home/runner/work/key/key/key.core/../key.ui/examples/heap/list_seq/ArrayList.contains.key 
109570     DEBUG main            d.u.i.k.p.i.AbstractProblemLoader Environment load took 214.7ns 
109571     INFO  main            d.u.i.k.p.i.AbstractProblemLoader Creating init config 
112468     DEBUG main            d.u.i.k.p.i.AbstractProblemLoader Init config took 2.9s 
112544     INFO  main            d.u.i.k.p.i.AbstractProblemLoader Replaying proof ArrayList[List::contains(java.lang.Object)].JML normal_behavior operation contract.0 
112546     DEBUG main            d.u.i.k.p.i.IntermediateProofReplayer Proof replay took 4.8ns 
113951     INFO  main            d.u.i.k.p.r.p.TestFile    ... finished proof: closed. 
114132     INFO  main            d.u.i.k.p.i.AbstractProblemLoader Loading environment from /home/runner/work/key/key/key.core/../key.ui/examples/heap/list_seq/ArrayList.contains.key.proof 
114133     DEBUG main            d.u.i.k.p.i.AbstractProblemLoader Environment load took 599ns 
114134     INFO  main            d.u.i.k.p.i.AbstractProblemLoader Creating init config 
116993     DEBUG main            d.u.i.k.p.i.AbstractProblemLoader Init config took 2.86s 
117083     INFO  main            d.u.i.k.p.i.AbstractProblemLoader Replaying proof ArrayList[List::contains(java.lang.Object)].JML normal_behavior operation contract.0 
117298     DEBUG main            d.u.i.k.p.i.IntermediateProofReplayer Proof replay took 208.91ms 
117299     DEBUG main            d.u.i.k.p.r.p.TestFile    ... success: reloaded. 
117300     INFO  main            d.u.i.k.p.r.p.TestFile    Now processing file /home/runner/work/key/key/key.core/../key.ui/examples/heap/list_seq/ArrayList.enlarge.key 
117300     INFO  main            d.u.i.k.p.i.AbstractProblemLoader Loading environment from /home/runner/work/key/key/key.core/../key.ui/examples/heap/list_seq/ArrayList.enlarge.key 
117301     DEBUG main            d.u.i.k.p.i.AbstractProblemLoader Environment load took 201.7ns 
117302     INFO  main            d.u.i.k.p.i.AbstractProblemLoader Creating init config 
120174     DEBUG main            d.u.i.k.p.i.AbstractProblemLoader Init config took 2.87s 
120249     INFO  main            d.u.i.k.p.i.AbstractProblemLoader Replaying proof ArrayList[ArrayList::enlarge()].JML normal_behavior operation contract.0 
120250     DEBUG main            d.u.i.k.p.i.IntermediateProofReplayer Proof replay took 4.8ns 
122158     INFO  main            d.u.i.k.p.r.p.TestFile    ... finished proof: closed. 
122355     INFO  main            d.u.i.k.p.i.AbstractProblemLoader Loading environment from /home/runner/work/key/key/key.core/../key.ui/examples/heap/list_seq/ArrayList.enlarge.key.proof 
122355     DEBUG main            d.u.i.k.p.i.AbstractProblemLoader Environment load took 419.2ns 
122356     INFO  main            d.u.i.k.p.i.AbstractProblemLoader Creating init config 
125185     DEBUG main            d.u.i.k.p.i.AbstractProblemLoader Init config took 2.83s 
125276     INFO  main            d.u.i.k.p.i.AbstractProblemLoader Replaying proof ArrayList[ArrayList::enlarge()].JML normal_behavior operation contract.0 
125569     DEBUG main            d.u.i.k.p.i.IntermediateProofReplayer Proof replay took 284.73ms 
125570     DEBUG main            d.u.i.k.p.r.p.TestFile    ... success: reloaded. 
125571     INFO  main            d.u.i.k.p.r.p.TestFile    Now processing file /home/runner/work/key/key/key.core/../key.ui/examples/heap/list_seq/ArrayList.get.key 
125572     INFO  main            d.u.i.k.p.i.AbstractProblemLoader Loading environment from /home/runner/work/key/key/key.core/../key.ui/examples/heap/list_seq/ArrayList.get.key 
125572     DEBUG main            d.u.i.k.p.i.AbstractProblemLoader Environment load took 227.8ns 
125573     INFO  main            d.u.i.k.p.i.AbstractProblemLoader Creating init config 
128415     DEBUG main            d.u.i.k.p.i.AbstractProblemLoader Init config took 2.84s 
128513     INFO  main            d.u.i.k.p.i.AbstractProblemLoader Replaying proof ArrayList[List::get(int)].JML normal_behavior operation contract.0 
128515     DEBUG main            d.u.i.k.p.i.IntermediateProofReplayer Proof replay took 5.3ns 
129021     INFO  main            d.u.i.k.p.r.p.TestFile    ... finished proof: closed. 
129202     INFO  main            d.u.i.k.p.i.AbstractProblemLoader Loading environment from /home/runner/work/key/key/key.core/../key.ui/examples/heap/list_seq/ArrayList.get.key.proof 
129202     DEBUG main            d.u.i.k.p.i.AbstractProblemLoader Environment load took 122.1ns 
129203     INFO  main            d.u.i.k.p.i.AbstractProblemLoader Creating init config 
131979     DEBUG main            d.u.i.k.p.i.AbstractProblemLoader Init config took 2.78s 
132050     INFO  main            d.u.i.k.p.i.AbstractProblemLoader Replaying proof ArrayList[List::get(int)].JML normal_behavior operation contract.0 
132108     DEBUG main            d.u.i.k.p.i.IntermediateProofReplayer Proof replay took 55.16ms 
132109     DEBUG main            d.u.i.k.p.r.p.TestFile    ... success: reloaded. 
132109     INFO  main            d.u.i.k.p.r.p.TestFile    Now processing file /home/runner/work/key/key/key.core/../key.ui/examples/heap/list_seq/ArrayList.newArray.key 
132110     INFO  main            d.u.i.k.p.i.AbstractProblemLoader Loading environment from /home/runner/work/key/key/key.core/../key.ui/examples/heap/list_seq/ArrayList.newArray.key 
132110     DEBUG main            d.u.i.k.p.i.AbstractProblemLoader Environment load took 58.1ns 
132111     INFO  main            d.u.i.k.p.i.AbstractProblemLoader Creating init config 
134960     DEBUG main            d.u.i.k.p.i.AbstractProblemLoader Init config took 2.85s 
135045     INFO  main            d.u.i.k.p.i.AbstractProblemLoader Replaying proof ArrayList[ArrayList::newArray(int)].JML normal_behavior operation contract.0 
135047     DEBUG main            d.u.i.k.p.i.IntermediateProofReplayer Proof replay took 5.5ns 
135349     INFO  main            d.u.i.k.p.r.p.TestFile    ... finished proof: closed. 
135523     INFO  main            d.u.i.k.p.i.AbstractProblemLoader Loading environment from /home/runner/work/key/key/key.core/../key.ui/examples/heap/list_seq/ArrayList.newArray.key.proof 
135523     DEBUG main            d.u.i.k.p.i.AbstractProblemLoader Environment load took 113.3ns 
135524     INFO  main            d.u.i.k.p.i.AbstractProblemLoader Creating init config 
138284     DEBUG main            d.u.i.k.p.i.AbstractProblemLoader Init config took 2.76s 
138354     INFO  main            d.u.i.k.p.i.AbstractProblemLoader Replaying proof ArrayList[ArrayList::newArray(int)].JML normal_behavior operation contract.0 
138402     DEBUG main            d.u.i.k.p.i.IntermediateProofReplayer Proof replay took 45.39ms 
138403     DEBUG main            d.u.i.k.p.r.p.TestFile    ... success: reloaded. 
138404     INFO  main            d.u.i.k.p.r.p.TestFile    Now processing file /home/runner/work/key/key/key.core/../key.ui/examples/heap/list_seq/ArrayList.remove.0.key 
138405     INFO  main            d.u.i.k.p.i.AbstractProblemLoader Loading environment from /home/runner/work/key/key/key.core/../key.ui/examples/heap/list_seq/ArrayList.remove.0.key 
138405     DEBUG main            d.u.i.k.p.i.AbstractProblemLoader Environment load took 188.6ns 
138406     INFO  main            d.u.i.k.p.i.AbstractProblemLoader Creating init config 
141239     DEBUG main            d.u.i.k.p.i.AbstractProblemLoader Init config took 2.83s 
141308     INFO  main            d.u.i.k.p.i.AbstractProblemLoader Replaying proof ArrayList[List::remove(java.lang.Object)].JML normal_behavior operation contract.0 
141310     DEBUG main            d.u.i.k.p.i.IntermediateProofReplayer Proof replay took 5.3ns 
143217     INFO  main            d.u.i.k.p.r.p.TestFile    ... finished proof: closed. 
143403     INFO  main            d.u.i.k.p.i.AbstractProblemLoader Loading environment from /home/runner/work/key/key/key.core/../key.ui/examples/heap/list_seq/ArrayList.remove.0.key.proof 
143403     DEBUG main            d.u.i.k.p.i.AbstractProblemLoader Environment load took 263.5ns 
143404     INFO  main            d.u.i.k.p.i.AbstractProblemLoader Creating init config 
146208     DEBUG main            d.u.i.k.p.i.AbstractProblemLoader Init config took 2.8s 
146278     INFO  main            d.u.i.k.p.i.AbstractProblemLoader Replaying proof ArrayList[List::remove(java.lang.Object)].JML normal_behavior operation contract.0 
146757     DEBUG main            d.u.i.k.p.i.IntermediateProofReplayer Proof replay took 472.48ms 
146759     DEBUG main            d.u.i.k.p.r.p.TestFile    ... success: reloaded. 
146760     INFO  main            d.u.i.k.p.r.p.TestFile    Now processing file /home/runner/work/key/key/key.core/../key.ui/examples/heap/list_seq/ArrayList.remove.1.key 
146760     INFO  main            d.u.i.k.p.i.AbstractProblemLoader Loading environment from /home/runner/work/key/key/key.core/../key.ui/examples/heap/list_seq/ArrayList.remove.1.key 
146761     DEBUG main            d.u.i.k.p.i.AbstractProblemLoader Environment load took 227.7ns 
146762     INFO  main            d.u.i.k.p.i.AbstractProblemLoader Creating init config 
149607     DEBUG main            d.u.i.k.p.i.AbstractProblemLoader Init config took 2.85s 
149678     INFO  main            d.u.i.k.p.i.AbstractProblemLoader Replaying proof ArrayList[List::remove(java.lang.Object)].JML normal_behavior operation contract.1 
149680     DEBUG main            d.u.i.k.p.i.IntermediateProofReplayer Proof replay took 6.3ns 
160342     INFO  main            d.u.i.k.p.r.p.TestFile    ... finished proof: closed. 
160620     INFO  main            d.u.i.k.p.i.AbstractProblemLoader Loading environment from /home/runner/work/key/key/key.core/../key.ui/examples/heap/list_seq/ArrayList.remove.1.key.proof 
160620     DEBUG main            d.u.i.k.p.i.AbstractProblemLoader Environment load took 480.4ns 
160623     INFO  main            d.u.i.k.p.i.AbstractProblemLoader Creating init config 
163432     DEBUG main            d.u.i.k.p.i.AbstractProblemLoader Init config took 2.81s 
163502     INFO  main            d.u.i.k.p.i.AbstractProblemLoader Replaying proof ArrayList[List::remove(java.lang.Object)].JML normal_behavior operation contract.1 
164880     DEBUG main            d.u.i.k.p.i.IntermediateProofReplayer Proof replay took 1.34s 
164882     DEBUG main            d.u.i.k.p.r.p.TestFile    ... success: reloaded. 
1333624    INFO  Test worker     d.u.i.k.p.r.RunAllProofsTestUnit Returning from test list_seq 
1333626    INFO  Test worker     d.u.i.k.p.r.RunAllProofsTestUnit Running test observer 
384        INFO  Timeout watchdog d.u.i.k.p.r.p.ForkedTestFileRunner Timeout watcher launched (2000 secs.) 
404        WARN  main            d.u.i.k.s.ProofSettings   The settings in /home/runner/.key/proof-settings.props are *not* read. 
453        INFO  main            d.u.i.k.p.r.p.TestFile    Now processing file /home/runner/work/key/key/key.core/../key.ui/examples/heap/observer/ExampleObserver_ExampleObserver.key 
588        INFO  main            d.u.i.k.p.i.AbstractProblemLoader Loading environment from /home/runner/work/key/key/key.core/../key.ui/examples/heap/observer/ExampleObserver_ExampleObserver.key 
605        DEBUG main            d.u.i.k.p.i.AbstractProblemLoader Environment load took 2.48ms 
823        INFO  main            d.u.i.k.p.i.AbstractProblemLoader Creating init config 
1749       DEBUG main            d.u.i.k.j.TypeConverter   No LDT found for Meta 
1749       DEBUG main            d.u.i.k.j.TypeConverter   No LDT found for Meta 
1751       DEBUG main            d.u.i.k.j.TypeConverter   No LDT found for Meta 
1751       DEBUG main            d.u.i.k.j.TypeConverter   No LDT found for Meta 
3010       DEBUG main            d.u.i.k.j.TypeConverter   No LDT found for JavaBigintExpression 
8361       DEBUG main            d.u.i.k.p.i.AbstractProblemLoader Init config took 7.54s 
8485       INFO  main            d.u.i.k.p.i.AbstractProblemLoader Replaying proof ExampleObserver[ExampleObserver::ExampleObserver(ExampleSubject)].JML normal_behavior operation contract.0 
8515       DEBUG main            d.u.i.k.p.i.IntermediateProofReplayer Proof replay took 33.1ns 
9581       INFO  main            d.u.i.k.p.r.p.TestFile    ... finished proof: closed. 
9756       INFO  main            d.u.i.k.p.i.AbstractProblemLoader Loading environment from /home/runner/work/key/key/key.core/../key.ui/examples/heap/observer/ExampleObserver_ExampleObserver.key.proof 
9760       DEBUG main            d.u.i.k.p.i.AbstractProblemLoader Environment load took 4.28ms 
9762       INFO  main            d.u.i.k.p.i.AbstractProblemLoader Creating init config 
12758      DEBUG main            d.u.i.k.p.i.AbstractProblemLoader Init config took 3s 
12836      INFO  main            d.u.i.k.p.i.AbstractProblemLoader Replaying proof ExampleObserver[ExampleObserver::ExampleObserver(ExampleSubject)].JML normal_behavior operation contract.0 
12967      DEBUG main            d.u.i.k.p.i.IntermediateProofReplayer Proof replay took 123.29ms 
12974      DEBUG main            d.u.i.k.p.r.p.TestFile    ... success: reloaded. 
12976      INFO  main            d.u.i.k.p.r.p.TestFile    Now processing file /home/runner/work/key/key/key.core/../key.ui/examples/heap/observer/ExampleObserver_inv.key 
12976      INFO  main            d.u.i.k.p.i.AbstractProblemLoader Loading environment from /home/runner/work/key/key/key.core/../key.ui/examples/heap/observer/ExampleObserver_inv.key 
12976      DEBUG main            d.u.i.k.p.i.AbstractProblemLoader Environment load took 285.1ns 
12978      INFO  main            d.u.i.k.p.i.AbstractProblemLoader Creating init config 
15786      DEBUG main            d.u.i.k.p.i.AbstractProblemLoader Init config took 2.81s 
15847      INFO  main            d.u.i.k.p.i.AbstractProblemLoader Replaying proof ExampleObserver[java.lang.Object::<inv>()].JML accessible clause.0 
15853      DEBUG main            d.u.i.k.p.i.IntermediateProofReplayer Proof replay took 6.5ns 
15956      INFO  main            d.u.i.k.p.r.p.TestFile    ... finished proof: closed. 
16086      INFO  main            d.u.i.k.p.i.AbstractProblemLoader Loading environment from /home/runner/work/key/key/key.core/../key.ui/examples/heap/observer/ExampleObserver_inv.key.proof 
16087      DEBUG main            d.u.i.k.p.i.AbstractProblemLoader Environment load took 117.6ns 
16088      INFO  main            d.u.i.k.p.i.AbstractProblemLoader Creating init config 
18784      DEBUG main            d.u.i.k.p.i.AbstractProblemLoader Init config took 2.7s 
18837      INFO  main            d.u.i.k.p.i.AbstractProblemLoader Replaying proof ExampleObserver[java.lang.Object::<inv>()].JML accessible clause.0 
18854      DEBUG main            d.u.i.k.p.i.IntermediateProofReplayer Proof replay took 14.57ms 
18856      DEBUG main            d.u.i.k.p.r.p.TestFile    ... success: reloaded. 
18857      INFO  main            d.u.i.k.p.r.p.TestFile    Now processing file /home/runner/work/key/key/key.core/../key.ui/examples/heap/observer/ExampleObserver_subject.key 
18857      INFO  main            d.u.i.k.p.i.AbstractProblemLoader Loading environment from /home/runner/work/key/key/key.core/../key.ui/examples/heap/observer/ExampleObserver_subject.key 
18858      DEBUG main            d.u.i.k.p.i.AbstractProblemLoader Environment load took 217.2ns 
18859      INFO  main            d.u.i.k.p.i.AbstractProblemLoader Creating init config 
21615      DEBUG main            d.u.i.k.p.i.AbstractProblemLoader Init config took 2.76s 
21664      INFO  main            d.u.i.k.p.i.AbstractProblemLoader Replaying proof Observer[Observer::$subject()].JML accessible clause.0 
21666      DEBUG main            d.u.i.k.p.i.IntermediateProofReplayer Proof replay took 5.2ns 
21768      INFO  main            d.u.i.k.p.r.p.TestFile    ... finished proof: closed. 
22001      INFO  main            d.u.i.k.p.i.AbstractProblemLoader Loading environment from /home/runner/work/key/key/key.core/../key.ui/examples/heap/observer/ExampleObserver_subject.key.proof 
22001      DEBUG main            d.u.i.k.p.i.AbstractProblemLoader Environment load took 113.9ns 
22002      INFO  main            d.u.i.k.p.i.AbstractProblemLoader Creating init config 
24639      DEBUG main            d.u.i.k.p.i.AbstractProblemLoader Init config took 2.64s 
24702      INFO  main            d.u.i.k.p.i.AbstractProblemLoader Replaying proof Observer[Observer::$subject()].JML accessible clause.0 
24709      DEBUG main            d.u.i.k.p.i.IntermediateProofReplayer Proof replay took 3.17ms 
24710      DEBUG main            d.u.i.k.p.r.p.TestFile    ... success: reloaded. 
24712      INFO  main            d.u.i.k.p.r.p.TestFile    Now processing file /home/runner/work/key/key/key.core/../key.ui/examples/heap/observer/ExampleObserver_update.key 
24712      INFO  main            d.u.i.k.p.i.AbstractProblemLoader Loading environment from /home/runner/work/key/key/key.core/../key.ui/examples/heap/observer/ExampleObserver_update.key 
24712      DEBUG main            d.u.i.k.p.i.AbstractProblemLoader Environment load took 123.8ns 
24713      INFO  main            d.u.i.k.p.i.AbstractProblemLoader Creating init config 
27356      DEBUG main            d.u.i.k.p.i.AbstractProblemLoader Init config took 2.64s 
27405      INFO  main            d.u.i.k.p.i.AbstractProblemLoader Replaying proof ExampleObserver[Observer::update()].JML normal_behavior operation contract.0 
27407      DEBUG main            d.u.i.k.p.i.IntermediateProofReplayer Proof replay took 5ns 
27710      INFO  main            d.u.i.k.p.r.p.TestFile    ... finished proof: closed. 
27907      INFO  main            d.u.i.k.p.i.AbstractProblemLoader Loading environment from /home/runner/work/key/key/key.core/../key.ui/examples/heap/observer/ExampleObserver_update.key.proof 
27908      DEBUG main            d.u.i.k.p.i.AbstractProblemLoader Environment load took 457.2ns 
27909      INFO  main            d.u.i.k.p.i.AbstractProblemLoader Creating init config 
30559      DEBUG main            d.u.i.k.p.i.AbstractProblemLoader Init config took 2.65s 
30623      INFO  main            d.u.i.k.p.i.AbstractProblemLoader Replaying proof ExampleObserver[Observer::update()].JML normal_behavior operation contract.0 
30720      DEBUG main            d.u.i.k.p.i.IntermediateProofReplayer Proof replay took 88.47ms 
30721      DEBUG main            d.u.i.k.p.r.p.TestFile    ... success: reloaded. 
30723      INFO  main            d.u.i.k.p.r.p.TestFile    Now processing file /home/runner/work/key/key/key.core/../key.ui/examples/heap/observer/ExampleObserver_upToDate.key 
30723      INFO  main            d.u.i.k.p.i.AbstractProblemLoader Loading environment from /home/runner/work/key/key/key.core/../key.ui/examples/heap/observer/ExampleObserver_upToDate.key 
30723      DEBUG main            d.u.i.k.p.i.AbstractProblemLoader Environment load took 154.5ns 
30725      INFO  main            d.u.i.k.p.i.AbstractProblemLoader Creating init config 
33367      DEBUG main            d.u.i.k.p.i.AbstractProblemLoader Init config took 2.64s 
33412      INFO  main            d.u.i.k.p.i.AbstractProblemLoader Replaying proof ExampleObserver[Observer::$upToDate()].JML accessible clause.0 
33414      DEBUG main            d.u.i.k.p.i.IntermediateProofReplayer Proof replay took 5.7ns 
33617      INFO  main            d.u.i.k.p.r.p.TestFile    ... finished proof: closed. 
33803      INFO  main            d.u.i.k.p.i.AbstractProblemLoader Loading environment from /home/runner/work/key/key/key.core/../key.ui/examples/heap/observer/ExampleObserver_upToDate.key.proof 
33803      DEBUG main            d.u.i.k.p.i.AbstractProblemLoader Environment load took 118.8ns 
33804      INFO  main            d.u.i.k.p.i.AbstractProblemLoader Creating init config 
36430      DEBUG main            d.u.i.k.p.i.AbstractProblemLoader Init config took 2.63s 
36482      INFO  main            d.u.i.k.p.i.AbstractProblemLoader Replaying proof ExampleObserver[Observer::$upToDate()].JML accessible clause.0 
36507      DEBUG main            d.u.i.k.p.i.IntermediateProofReplayer Proof replay took 22.35ms 
36509      DEBUG main            d.u.i.k.p.r.p.TestFile    ... success: reloaded. 
36510      INFO  main            d.u.i.k.p.r.p.TestFile    Now processing file /home/runner/work/key/key/key.core/../key.ui/examples/heap/observer/ExampleObserver_value.key 
36511      INFO  main            d.u.i.k.p.i.AbstractProblemLoader Loading environment from /home/runner/work/key/key/key.core/../key.ui/examples/heap/observer/ExampleObserver_value.key 
36511      DEBUG main            d.u.i.k.p.i.AbstractProblemLoader Environment load took 572.8ns 
36512      INFO  main            d.u.i.k.p.i.AbstractProblemLoader Creating init config 
39177      DEBUG main            d.u.i.k.p.i.AbstractProblemLoader Init config took 2.66s 
39221      INFO  main            d.u.i.k.p.i.AbstractProblemLoader Replaying proof ExampleObserver[ExampleObserver::value()].JML normal_behavior operation contract.0 
39223      DEBUG main            d.u.i.k.p.i.IntermediateProofReplayer Proof replay took 5.6ns 
39325      INFO  main            d.u.i.k.p.r.p.TestFile    ... finished proof: closed. 
39482      INFO  main            d.u.i.k.p.i.AbstractProblemLoader Loading environment from /home/runner/work/key/key/key.core/../key.ui/examples/heap/observer/ExampleObserver_value.key.proof 
39482      DEBUG main            d.u.i.k.p.i.AbstractProblemLoader Environment load took 115.6ns 
39483      INFO  main            d.u.i.k.p.i.AbstractProblemLoader Creating init config 
42044      DEBUG main            d.u.i.k.p.i.AbstractProblemLoader Init config took 2.56s 
42090      INFO  main            d.u.i.k.p.i.AbstractProblemLoader Replaying proof ExampleObserver[ExampleObserver::value()].JML normal_behavior operation contract.0 
42111      DEBUG main            d.u.i.k.p.i.IntermediateProofReplayer Proof replay took 19.09ms 
42113      DEBUG main            d.u.i.k.p.r.p.TestFile    ... success: reloaded. 
42114      INFO  main            d.u.i.k.p.r.p.TestFile    Now processing file /home/runner/work/key/key/key.core/../key.ui/examples/heap/observer/ExampleSubject_addObserver.key 
42114      INFO  main            d.u.i.k.p.i.AbstractProblemLoader Loading environment from /home/runner/work/key/key/key.core/../key.ui/examples/heap/observer/ExampleSubject_addObserver.key 
42115      DEBUG main            d.u.i.k.p.i.AbstractProblemLoader Environment load took 212.2ns 
42116      INFO  main            d.u.i.k.p.i.AbstractProblemLoader Creating init config 
44725      DEBUG main            d.u.i.k.p.i.AbstractProblemLoader Init config took 2.61s 
44772      INFO  main            d.u.i.k.p.i.AbstractProblemLoader Replaying proof ExampleSubject[Subject::addObserver(Observer)].JML normal_behavior operation contract.0 
44773      DEBUG main            d.u.i.k.p.i.IntermediateProofReplayer Proof replay took 5.9ns 
50420      INFO  main            d.u.i.k.p.r.p.TestFile    ... finished proof: closed. 
50635      INFO  main            d.u.i.k.p.i.AbstractProblemLoader Loading environment from /home/runner/work/key/key/key.core/../key.ui/examples/heap/observer/ExampleSubject_addObserver.key.proof 
50641      DEBUG main            d.u.i.k.p.i.AbstractProblemLoader Environment load took 5.54ms 
50643      INFO  main            d.u.i.k.p.i.AbstractProblemLoader Creating init config 
53190      DEBUG main            d.u.i.k.p.i.AbstractProblemLoader Init config took 2.55s 
53235      INFO  main            d.u.i.k.p.i.AbstractProblemLoader Replaying proof ExampleSubject[Subject::addObserver(Observer)].JML normal_behavior operation contract.0 
53977      DEBUG main            d.u.i.k.p.i.IntermediateProofReplayer Proof replay took 721.03ms 
53979      DEBUG main            d.u.i.k.p.r.p.TestFile    ... success: reloaded. 
53980      INFO  main            d.u.i.k.p.r.p.TestFile    Now processing file /home/runner/work/key/key/key.core/../key.ui/examples/heap/observer/ExampleSubject_change.key 
53981      INFO  main            d.u.i.k.p.i.AbstractProblemLoader Loading environment from /home/runner/work/key/key/key.core/../key.ui/examples/heap/observer/ExampleSubject_change.key 
53981      DEBUG main            d.u.i.k.p.i.AbstractProblemLoader Environment load took 96.6ns 
53982      INFO  main            d.u.i.k.p.i.AbstractProblemLoader Creating init config 
56610      DEBUG main            d.u.i.k.p.i.AbstractProblemLoader Init config took 2.63s 
56654      INFO  main            d.u.i.k.p.i.AbstractProblemLoader Replaying proof ExampleSubject[ExampleSubject::change()].JML normal_behavior operation contract.0 
56656      DEBUG main            d.u.i.k.p.i.IntermediateProofReplayer Proof replay took 6.5ns 
57168      INFO  main            d.u.i.k.p.r.p.TestFile    ... finished proof: closed. 
57343      INFO  main            d.u.i.k.p.i.AbstractProblemLoader Loading environment from /home/runner/work/key/key/key.core/../key.ui/examples/heap/observer/ExampleSubject_change.key.proof 
57343      DEBUG main            d.u.i.k.p.i.AbstractProblemLoader Environment load took 503.6ns 
57345      INFO  main            d.u.i.k.p.i.AbstractProblemLoader Creating init config 
59935      DEBUG main            d.u.i.k.p.i.AbstractProblemLoader Init config took 2.59s 
59979      INFO  main            d.u.i.k.p.i.AbstractProblemLoader Replaying proof ExampleSubject[ExampleSubject::change()].JML normal_behavior operation contract.0 
60059      DEBUG main            d.u.i.k.p.i.IntermediateProofReplayer Proof replay took 75.18ms 
60060      DEBUG main            d.u.i.k.p.r.p.TestFile    ... success: reloaded. 
60064      INFO  main            d.u.i.k.p.r.p.TestFile    Now processing file /home/runner/work/key/key/key.core/../key.ui/examples/heap/observer/ExampleSubject_ExampleSubject.key 
60065      INFO  main            d.u.i.k.p.i.AbstractProblemLoader Loading environment from /home/runner/work/key/key/key.core/../key.ui/examples/heap/observer/ExampleSubject_ExampleSubject.key 
60065      DEBUG main            d.u.i.k.p.i.AbstractProblemLoader Environment load took 235.7ns 
60066      INFO  main            d.u.i.k.p.i.AbstractProblemLoader Creating init config 
62677      DEBUG main            d.u.i.k.p.i.AbstractProblemLoader Init config took 2.61s 
62729      INFO  main            d.u.i.k.p.i.AbstractProblemLoader Replaying proof ExampleSubject[ExampleSubject::ExampleSubject()].JML normal_behavior operation contract.0 
62731      DEBUG main            d.u.i.k.p.i.IntermediateProofReplayer Proof replay took 6.9ns 
63758      INFO  main            d.u.i.k.p.r.p.TestFile    ... finished proof: closed. 
63943      INFO  main            d.u.i.k.p.i.AbstractProblemLoader Loading environment from /home/runner/work/key/key/key.core/../key.ui/examples/heap/observer/ExampleSubject_ExampleSubject.key.proof 
63943      DEBUG main            d.u.i.k.p.i.AbstractProblemLoader Environment load took 399.5ns 
63945      INFO  main            d.u.i.k.p.i.AbstractProblemLoader Creating init config 
66452      DEBUG main            d.u.i.k.p.i.AbstractProblemLoader Init config took 2.51s 
66494      INFO  main            d.u.i.k.p.i.AbstractProblemLoader Replaying proof ExampleSubject[ExampleSubject::ExampleSubject()].JML normal_behavior operation contract.0 
66702      DEBUG main            d.u.i.k.p.i.IntermediateProofReplayer Proof replay took 201.28ms 
66703      DEBUG main            d.u.i.k.p.r.p.TestFile    ... success: reloaded. 
66705      INFO  main            d.u.i.k.p.r.p.TestFile    Now processing file /home/runner/work/key/key/key.core/../key.ui/examples/heap/observer/ExampleSubject_footprint.key 
66706      INFO  main            d.u.i.k.p.i.AbstractProblemLoader Loading environment from /home/runner/work/key/key/key.core/../key.ui/examples/heap/observer/ExampleSubject_footprint.key 
66706      DEBUG main            d.u.i.k.p.i.AbstractProblemLoader Environment load took 209.4ns 
66707      INFO  main            d.u.i.k.p.i.AbstractProblemLoader Creating init config 
69237      DEBUG main            d.u.i.k.p.i.AbstractProblemLoader Init config took 2.53s 
69277      INFO  main            d.u.i.k.p.i.AbstractProblemLoader Replaying proof ExampleSubject[Subject::$footprint()].JML accessible clause.0 
69279      DEBUG main            d.u.i.k.p.i.IntermediateProofReplayer Proof replay took 5.6ns 
69381      INFO  main            d.u.i.k.p.r.p.TestFile    ... finished proof: closed. 
69557      INFO  main            d.u.i.k.p.i.AbstractProblemLoader Loading environment from /home/runner/work/key/key/key.core/../key.ui/examples/heap/observer/ExampleSubject_footprint.key.proof 
69557      DEBUG main            d.u.i.k.p.i.AbstractProblemLoader Environment load took 106.7ns 
69558      INFO  main            d.u.i.k.p.i.AbstractProblemLoader Creating init config 
72024      DEBUG main            d.u.i.k.p.i.AbstractProblemLoader Init config took 2.47s 
72064      INFO  main            d.u.i.k.p.i.AbstractProblemLoader Replaying proof ExampleSubject[Subject::$footprint()].JML accessible clause.0 
72079      DEBUG main            d.u.i.k.p.i.IntermediateProofReplayer Proof replay took 13.61ms 
72080      DEBUG main            d.u.i.k.p.r.p.TestFile    ... success: reloaded. 
72081      INFO  main            d.u.i.k.p.r.p.TestFile    Now processing file /home/runner/work/key/key/key.core/../key.ui/examples/heap/observer/ExampleSubject_inv.key 
72081      INFO  main            d.u.i.k.p.i.AbstractProblemLoader Loading environment from /home/runner/work/key/key/key.core/../key.ui/examples/heap/observer/ExampleSubject_inv.key 
72081      DEBUG main            d.u.i.k.p.i.AbstractProblemLoader Environment load took 74.3ns 
72082      INFO  main            d.u.i.k.p.i.AbstractProblemLoader Creating init config 
74608      DEBUG main            d.u.i.k.p.i.AbstractProblemLoader Init config took 2.53s 
74663      INFO  main            d.u.i.k.p.i.AbstractProblemLoader Replaying proof ExampleSubject[java.lang.Object::<inv>()].JML accessible clause.0 
74664      DEBUG main            d.u.i.k.p.i.IntermediateProofReplayer Proof replay took 5.9ns 
75768      INFO  main            d.u.i.k.p.r.p.TestFile    ... finished proof: closed. 
75951      INFO  main            d.u.i.k.p.i.AbstractProblemLoader Loading environment from /home/runner/work/key/key/key.core/../key.ui/examples/heap/observer/ExampleSubject_inv.key.proof 
75951      DEBUG main            d.u.i.k.p.i.AbstractProblemLoader Environment load took 444.7ns 
75953      INFO  main            d.u.i.k.p.i.AbstractProblemLoader Creating init config 
78410      DEBUG main            d.u.i.k.p.i.AbstractProblemLoader Init config took 2.46s 
78450      INFO  main            d.u.i.k.p.i.AbstractProblemLoader Replaying proof ExampleSubject[java.lang.Object::<inv>()].JML accessible clause.0 
78559      DEBUG main            d.u.i.k.p.i.IntermediateProofReplayer Proof replay took 103.26ms 
78560      DEBUG main            d.u.i.k.p.r.p.TestFile    ... success: reloaded. 
78562      INFO  main            d.u.i.k.p.r.p.TestFile    Now processing file /home/runner/work/key/key/key.core/../key.ui/examples/heap/observer/ExampleSubject_notifyObservers.key 
78562      INFO  main            d.u.i.k.p.i.AbstractProblemLoader Loading environment from /home/runner/work/key/key/key.core/../key.ui/examples/heap/observer/ExampleSubject_notifyObservers.key 
78562      DEBUG main            d.u.i.k.p.i.AbstractProblemLoader Environment load took 216.5ns 
78563      INFO  main            d.u.i.k.p.i.AbstractProblemLoader Creating init config 
81068      DEBUG main            d.u.i.k.p.i.AbstractProblemLoader Init config took 2.5s 
81110      INFO  main            d.u.i.k.p.i.AbstractProblemLoader Replaying proof Subject[Subject::notifyObservers()].JML normal_behavior operation contract.0 
81111      DEBUG main            d.u.i.k.p.i.IntermediateProofReplayer Proof replay took 4.9ns 
81212      INFO  main            d.u.i.k.p.r.p.TestFile    ... finished proof: closed. 
81392      INFO  main            d.u.i.k.p.i.AbstractProblemLoader Loading environment from /home/runner/work/key/key/key.core/../key.ui/examples/heap/observer/ExampleSubject_notifyObservers.key.proof 
81392      DEBUG main            d.u.i.k.p.i.AbstractProblemLoader Environment load took 110.6ns 
81393      INFO  main            d.u.i.k.p.i.AbstractProblemLoader Creating init config 
83855      DEBUG main            d.u.i.k.p.i.AbstractProblemLoader Init config took 2.46s 
83901      INFO  main            d.u.i.k.p.i.AbstractProblemLoader Replaying proof Subject[Subject::notifyObservers()].JML normal_behavior operation contract.0 
83907      DEBUG main            d.u.i.k.p.i.IntermediateProofReplayer Proof replay took 3.31ms 
83908      DEBUG main            d.u.i.k.p.r.p.TestFile    ... success: reloaded. 
83909      INFO  main            d.u.i.k.p.r.p.TestFile    Now processing file /home/runner/work/key/key/key.core/../key.ui/examples/heap/observer/ExampleSubject_value_dep.key 
83910      INFO  main            d.u.i.k.p.i.AbstractProblemLoader Loading environment from /home/runner/work/key/key/key.core/../key.ui/examples/heap/observer/ExampleSubject_value_dep.key 
83911      DEBUG main            d.u.i.k.p.i.AbstractProblemLoader Environment load took 1.07ms 
83913      INFO  main            d.u.i.k.p.i.AbstractProblemLoader Creating init config 
86422      DEBUG main            d.u.i.k.p.i.AbstractProblemLoader Init config took 2.51s 
86461      INFO  main            d.u.i.k.p.i.AbstractProblemLoader Replaying proof ExampleSubject[ExampleSubject::value()].JML accessible clause.0 
86462      DEBUG main            d.u.i.k.p.i.IntermediateProofReplayer Proof replay took 5.1ns 
86564      INFO  main            d.u.i.k.p.r.p.TestFile    ... finished proof: closed. 
86784      INFO  main            d.u.i.k.p.i.AbstractProblemLoader Loading environment from /home/runner/work/key/key/key.core/../key.ui/examples/heap/observer/ExampleSubject_value_dep.key.proof 
86785      DEBUG main            d.u.i.k.p.i.AbstractProblemLoader Environment load took 101.6ns 
86786      INFO  main            d.u.i.k.p.i.AbstractProblemLoader Creating init config 
89252      DEBUG main            d.u.i.k.p.i.AbstractProblemLoader Init config took 2.47s 
89294      INFO  main            d.u.i.k.p.i.AbstractProblemLoader Replaying proof ExampleSubject[ExampleSubject::value()].JML accessible clause.0 
89310      DEBUG main            d.u.i.k.p.i.IntermediateProofReplayer Proof replay took 11.79ms 
89311      DEBUG main            d.u.i.k.p.r.p.TestFile    ... success: reloaded. 
89313      INFO  main            d.u.i.k.p.r.p.TestFile    Now processing file /home/runner/work/key/key/key.core/../key.ui/examples/heap/observer/ExampleSubject_value.key 
89313      INFO  main            d.u.i.k.p.i.AbstractProblemLoader Loading environment from /home/runner/work/key/key/key.core/../key.ui/examples/heap/observer/ExampleSubject_value.key 
89313      DEBUG main            d.u.i.k.p.i.AbstractProblemLoader Environment load took 221.7ns 
89314      INFO  main            d.u.i.k.p.i.AbstractProblemLoader Creating init config 
91827      DEBUG main            d.u.i.k.p.i.AbstractProblemLoader Init config took 2.51s 
91869      INFO  main            d.u.i.k.p.i.AbstractProblemLoader Replaying proof ExampleSubject[ExampleSubject::value()].JML normal_behavior operation contract.0 
91871      DEBUG main            d.u.i.k.p.i.IntermediateProofReplayer Proof replay took 6.2ns 
91973      INFO  main            d.u.i.k.p.r.p.TestFile    ... finished proof: closed. 
92178      INFO  main            d.u.i.k.p.i.AbstractProblemLoader Loading environment from /home/runner/work/key/key/key.core/../key.ui/examples/heap/observer/ExampleSubject_value.key.proof 
92178      DEBUG main            d.u.i.k.p.i.AbstractProblemLoader Environment load took 111ns 
92179      INFO  main            d.u.i.k.p.i.AbstractProblemLoader Creating init config 
94617      DEBUG main            d.u.i.k.p.i.AbstractProblemLoader Init config took 2.44s 
94665      INFO  main            d.u.i.k.p.i.AbstractProblemLoader Replaying proof ExampleSubject[ExampleSubject::value()].JML normal_behavior operation contract.0 
94678      DEBUG main            d.u.i.k.p.i.IntermediateProofReplayer Proof replay took 9.39ms 
94678      DEBUG main            d.u.i.k.p.r.p.TestFile    ... success: reloaded. 
1428487    INFO  Test worker     d.u.i.k.p.r.RunAllProofsTestUnit Returning from test observer 
1428489    INFO  Test worker     d.u.i.k.p.r.RunAllProofsTestUnit Running test removeDups 
328        INFO  Timeout watchdog d.u.i.k.p.r.p.ForkedTestFileRunner Timeout watcher launched (2000 secs.) 
333        WARN  main            d.u.i.k.s.ProofSettings   The settings in /home/runner/.key/proof-settings.props are *not* read. 
368        INFO  main            d.u.i.k.p.r.p.TestFile    Now processing file /home/runner/work/key/key/key.core/../key.ui/examples/heap/removeDups/arrayPart.key 
476        INFO  main            d.u.i.k.p.i.AbstractProblemLoader Loading environment from /home/runner/work/key/key/key.core/../key.ui/examples/heap/removeDups/arrayPart.key 
494        DEBUG main            d.u.i.k.p.i.AbstractProblemLoader Environment load took 2.12ms 
736        INFO  main            d.u.i.k.p.i.AbstractProblemLoader Creating init config 
1547       DEBUG main            d.u.i.k.j.TypeConverter   No LDT found for Meta 
1553       DEBUG main            d.u.i.k.j.TypeConverter   No LDT found for Meta 
1556       DEBUG main            d.u.i.k.j.TypeConverter   No LDT found for Meta 
1557       DEBUG main            d.u.i.k.j.TypeConverter   No LDT found for Meta 
3132       DEBUG main            d.u.i.k.j.TypeConverter   No LDT found for JavaBigintExpression 
7989       DEBUG main            d.u.i.k.p.i.AbstractProblemLoader Init config took 7.25s 
8110       INFO  main            d.u.i.k.p.i.AbstractProblemLoader Replaying proof RemoveDup[RemoveDup::arrayPart([I,int)].JML normal_behavior operation contract.0 
8138       DEBUG main            d.u.i.k.p.i.IntermediateProofReplayer Proof replay took 29.4ns 
10609      INFO  main            d.u.i.k.p.r.p.TestFile    ... finished proof: closed. 
10765      INFO  main            d.u.i.k.p.i.AbstractProblemLoader Loading environment from /home/runner/work/key/key/key.core/../key.ui/examples/heap/removeDups/arrayPart.key.proof 
10765      DEBUG main            d.u.i.k.p.i.AbstractProblemLoader Environment load took 436.3ns 
10768      INFO  main            d.u.i.k.p.i.AbstractProblemLoader Creating init config 
13478      DEBUG main            d.u.i.k.p.i.AbstractProblemLoader Init config took 2.71s 
13549      INFO  main            d.u.i.k.p.i.AbstractProblemLoader Replaying proof RemoveDup[RemoveDup::arrayPart([I,int)].JML normal_behavior operation contract.0 
13929      DEBUG main            d.u.i.k.p.i.IntermediateProofReplayer Proof replay took 359.58ms 
13938      DEBUG main            d.u.i.k.p.r.p.TestFile    ... success: reloaded. 
13944      INFO  main            d.u.i.k.p.r.p.TestFile    Now processing file /home/runner/work/key/key/key.core/../key.ui/examples/heap/removeDups/contains.key 
13944      INFO  main            d.u.i.k.p.i.AbstractProblemLoader Loading environment from /home/runner/work/key/key/key.core/../key.ui/examples/heap/removeDups/contains.key 
13944      DEBUG main            d.u.i.k.p.i.AbstractProblemLoader Environment load took 232.1ns 
13948      INFO  main            d.u.i.k.p.i.AbstractProblemLoader Creating init config 
16658      DEBUG main            d.u.i.k.p.i.AbstractProblemLoader Init config took 2.71s 
16715      INFO  main            d.u.i.k.p.i.AbstractProblemLoader Replaying proof RemoveDup[RemoveDup::contains([I,int,int)].JML normal_behavior operation contract.0 
16717      DEBUG main            d.u.i.k.p.i.IntermediateProofReplayer Proof replay took 5ns 
17221      INFO  main            d.u.i.k.p.r.p.TestFile    ... finished proof: closed. 
17356      INFO  main            d.u.i.k.p.i.AbstractProblemLoader Loading environment from /home/runner/work/key/key/key.core/../key.ui/examples/heap/removeDups/contains.key.proof 
17358      DEBUG main            d.u.i.k.p.i.AbstractProblemLoader Environment load took 1.23ms 
17359      INFO  main            d.u.i.k.p.i.AbstractProblemLoader Creating init config 
19944      DEBUG main            d.u.i.k.p.i.AbstractProblemLoader Init config took 2.59s 
20022      INFO  main            d.u.i.k.p.i.AbstractProblemLoader Replaying proof RemoveDup[RemoveDup::contains([I,int,int)].JML normal_behavior operation contract.0 
20138      DEBUG main            d.u.i.k.p.i.IntermediateProofReplayer Proof replay took 109.67ms 
20139      DEBUG main            d.u.i.k.p.r.p.TestFile    ... success: reloaded. 
20142      INFO  main            d.u.i.k.p.r.p.TestFile    Now processing file /home/runner/work/key/key/key.core/../key.ui/examples/heap/removeDups/removeDup.key 
20142      INFO  main            d.u.i.k.p.i.AbstractProblemLoader Loading environment from /home/runner/work/key/key/key.core/../key.ui/examples/heap/removeDups/removeDup.key 
20143      DEBUG main            d.u.i.k.p.i.AbstractProblemLoader Environment load took 224.4ns 
20146      INFO  main            d.u.i.k.p.i.AbstractProblemLoader Creating init config 
22723      DEBUG main            d.u.i.k.p.i.AbstractProblemLoader Init config took 2.58s 
22766      INFO  main            d.u.i.k.p.i.AbstractProblemLoader Replaying proof RemoveDup[RemoveDup::removeDup([I)].JML normal_behavior operation contract.0 
22768      DEBUG main            d.u.i.k.p.i.IntermediateProofReplayer Proof replay took 4.8ns 
27444      DEBUG Thread-7        d.u.i.k.j.d.VariableSpecification Program match. Variables have different dimension (template #v0 = #vi;, source a#11[] = var;) 
47793      INFO  main            d.u.i.k.p.r.p.TestFile    ... finished proof: closed. 
48054      INFO  main            d.u.i.k.p.i.AbstractProblemLoader Loading environment from /home/runner/work/key/key/key.core/../key.ui/examples/heap/removeDups/removeDup.key.proof 
48055      DEBUG main            d.u.i.k.p.i.AbstractProblemLoader Environment load took 423.5ns 
48066      INFO  main            d.u.i.k.p.i.AbstractProblemLoader Creating init config 
50534      DEBUG main            d.u.i.k.p.i.AbstractProblemLoader Init config took 2.47s 
50577      INFO  main            d.u.i.k.p.i.AbstractProblemLoader Replaying proof RemoveDup[RemoveDup::removeDup([I)].JML normal_behavior operation contract.0 
52426      DEBUG main            d.u.i.k.p.i.IntermediateProofReplayer Proof replay took 1.76s 
52430      DEBUG main            d.u.i.k.p.r.p.TestFile    ... success: reloaded. 
52431      INFO  main            d.u.i.k.p.r.p.TestFile    Now processing file /home/runner/work/key/key/key.core/../key.ui/examples/heap/saddleback_search/Saddleback_search.key 
52433      INFO  main            d.u.i.k.p.i.AbstractProblemLoader Loading environment from /home/runner/work/key/key/key.core/../key.ui/examples/heap/saddleback_search/Saddleback_search.key 
52433      DEBUG main            d.u.i.k.p.i.AbstractProblemLoader Environment load took 251.3ns 
52434      INFO  main            d.u.i.k.p.i.AbstractProblemLoader Creating init config 
55040      DEBUG main            d.u.i.k.p.i.AbstractProblemLoader Init config took 2.61s 
55086      INFO  main            d.u.i.k.p.i.AbstractProblemLoader Replaying proof Saddleback[Saddleback::search([[I,int)].JML normal_behavior operation contract.0 
55095      DEBUG main            d.u.i.k.p.i.IntermediateProofReplayer Proof replay took 5.2ns 
133190     INFO  main            d.u.i.k.p.r.p.TestFile    ... finished proof: closed. 
133565     INFO  main            d.u.i.k.p.i.AbstractProblemLoader Loading environment from /home/runner/work/key/key/key.core/../key.ui/examples/heap/saddleback_search/Saddleback_search.key.proof 
133565     DEBUG main            d.u.i.k.p.i.AbstractProblemLoader Environment load took 406.3ns 
133573     INFO  main            d.u.i.k.p.i.AbstractProblemLoader Creating init config 
135967     DEBUG main            d.u.i.k.p.i.AbstractProblemLoader Init config took 2.39s 
136004     INFO  main            d.u.i.k.p.i.AbstractProblemLoader Replaying proof Saddleback[Saddleback::search([[I,int)].JML normal_behavior operation contract.0 
138416     DEBUG main            d.u.i.k.p.i.IntermediateProofReplayer Proof replay took 2.24s 
138428     DEBUG main            d.u.i.k.p.r.p.TestFile    ... success: reloaded. 
1567109    INFO  Test worker     d.u.i.k.p.r.RunAllProofsTestUnit Returning from test removeDups 
1567110    INFO  Test worker     d.u.i.k.p.r.RunAllProofsTestUnit Running test quicksort 
325        INFO  Timeout watchdog d.u.i.k.p.r.p.ForkedTestFileRunner Timeout watcher launched (2000 secs.) 
333        WARN  main            d.u.i.k.s.ProofSettings   The settings in /home/runner/.key/proof-settings.props are *not* read. 
361        INFO  main            d.u.i.k.p.r.p.TestFile    Now processing file /home/runner/work/key/key/key.core/../key.ui/examples/heap/quicksort/toplevel.key 
474        INFO  main            d.u.i.k.p.i.AbstractProblemLoader Loading environment from /home/runner/work/key/key/key.core/../key.ui/examples/heap/quicksort/toplevel.key 
490        DEBUG main            d.u.i.k.p.i.AbstractProblemLoader Environment load took 2.19ms 
696        INFO  main            d.u.i.k.p.i.AbstractProblemLoader Creating init config 
1532       DEBUG main            d.u.i.k.j.TypeConverter   No LDT found for Meta 
1533       DEBUG main            d.u.i.k.j.TypeConverter   No LDT found for Meta 
1536       DEBUG main            d.u.i.k.j.TypeConverter   No LDT found for Meta 
1537       DEBUG main            d.u.i.k.j.TypeConverter   No LDT found for Meta 
2799       DEBUG main            d.u.i.k.j.TypeConverter   No LDT found for JavaBigintExpression 
7603       DEBUG main            d.u.i.k.p.i.AbstractProblemLoader Init config took 6.91s 
7785       INFO  main            d.u.i.k.p.i.AbstractProblemLoader Replaying proof Quicksort[Quicksort::sort([I)].JML normal_behavior operation contract.0 
7820       DEBUG main            d.u.i.k.p.i.IntermediateProofReplayer Proof replay took 30.8ns 
8955       INFO  main            d.u.i.k.p.r.p.TestFile    ... finished proof: closed. 
9077       INFO  main            d.u.i.k.p.i.AbstractProblemLoader Loading environment from /home/runner/work/key/key/key.core/../key.ui/examples/heap/quicksort/toplevel.key.proof 
9077       DEBUG main            d.u.i.k.p.i.AbstractProblemLoader Environment load took 422.6ns 
9080       INFO  main            d.u.i.k.p.i.AbstractProblemLoader Creating init config 
11841      DEBUG main            d.u.i.k.p.i.AbstractProblemLoader Init config took 2.76s 
11936      INFO  main            d.u.i.k.p.i.AbstractProblemLoader Replaying proof Quicksort[Quicksort::sort([I)].JML normal_behavior operation contract.0 
12100      DEBUG main            d.u.i.k.p.i.IntermediateProofReplayer Proof replay took 156.22ms 
12107      DEBUG main            d.u.i.k.p.r.p.TestFile    ... success: reloaded. 
12109      INFO  main            d.u.i.k.p.r.p.TestFile    Now processing file /home/runner/work/key/key/key.core/../key.ui/examples/heap/quicksort/sort.key 
12109      INFO  main            d.u.i.k.p.i.AbstractProblemLoader Loading environment from /home/runner/work/key/key/key.core/../key.ui/examples/heap/quicksort/sort.key 
12110      DEBUG main            d.u.i.k.p.i.AbstractProblemLoader Environment load took 227.1ns 
12111      INFO  main            d.u.i.k.p.i.AbstractProblemLoader Creating init config 
14856      DEBUG main            d.u.i.k.p.i.AbstractProblemLoader Init config took 2.74s 
14938      INFO  main            d.u.i.k.p.i.AbstractProblemLoader Replaying proof Quicksort[Quicksort::sort([I,int,int)].JML normal_behavior operation contract.0 
14944      DEBUG main            d.u.i.k.p.i.IntermediateProofReplayer Proof replay took 6ns 
14974      DEBUG main            d.u.i.k.m.s.ProofScriptEngine 1: 'script 'sort.script'' 
14978      INFO  main            d.u.i.k.m.s.ProofScriptCommand Included script /home/runner/work/key/key/key.core/../key.ui/examples/heap/quicksort/sort.script 
14978      DEBUG main            d.u.i.k.m.s.ProofScriptEngine 1: 'macro autopilot-prep' 
16059      DEBUG main            d.u.i.k.m.s.ProofScriptEngine 2: 'select formula="{heapAtPre:=heap || exc:=null || heap:=heapAfter_sort_0}
   seq ...' 
16062      DEBUG main            d.u.i.k.m.s.ProofScriptEngine 3: 'macro simp-upd' 
16071      DEBUG main            d.u.i.k.m.s.ProofScriptEngine 4: 'let   @seqPre="seqDef{int u;}(0, array.length, array[u])"
    @seqSplit="seqDef ...' 
16073      DEBUG main            d.u.i.k.m.s.ProofScriptEngine 5: 'rule seqPermSym 
  formula="seqPerm(@seqSplit, @seqPre)"' 
16089      DEBUG main            d.u.i.k.m.s.ProofScriptEngine 6: 'rule seqPermSym
  formula="seqPerm(@seqSort, @seqSplit)"' 
16090      DEBUG main            d.u.i.k.m.s.ProofScriptEngine 7: 'rule seqPermSym
  formula="seqPerm(@seqSort0, @seqSort)"' 
16092      DEBUG main            d.u.i.k.m.s.ProofScriptEngine 8: 'rule seqPermTrans
  formula="seqPerm(@seqPre, @seqSplit)"' 
16093      DEBUG main            d.u.i.k.m.s.ProofScriptEngine 9: 'rule seqPermTrans
  formula="seqPerm(@seqPre, @seqSort)"' 
16094      DEBUG main            d.u.i.k.m.s.ProofScriptEngine 10: 'rule seqPermSym
  formula="seqPerm(@seqPre, @seqSort0)"' 
16094      DEBUG main            d.u.i.k.m.s.ProofScriptEngine 11: 'tryclose' 
40743      INFO  main            d.u.i.k.p.r.p.TestFile    ... finished proof: closed. 
41025      INFO  main            d.u.i.k.p.i.AbstractProblemLoader Loading environment from /home/runner/work/key/key/key.core/../key.ui/examples/heap/quicksort/sort.key.proof 
41025      DEBUG main            d.u.i.k.p.i.AbstractProblemLoader Environment load took 460.2ns 
41037      INFO  main            d.u.i.k.p.i.AbstractProblemLoader Creating init config 
43608      DEBUG main            d.u.i.k.p.i.AbstractProblemLoader Init config took 2.57s 
43659      INFO  main            d.u.i.k.p.i.AbstractProblemLoader Replaying proof Quicksort[Quicksort::sort([I,int,int)].JML normal_behavior operation contract.0 
45652      DEBUG main            d.u.i.k.p.i.IntermediateProofReplayer Proof replay took 1.85s 
45657      DEBUG main            d.u.i.k.p.r.p.TestFile    ... success: reloaded. 
45669      INFO  main            d.u.i.k.p.r.p.TestFile    Now processing file /home/runner/work/key/key/key.core/../key.ui/examples/heap/quicksort/split.key 
45670      INFO  main            d.u.i.k.p.i.AbstractProblemLoader Loading environment from /home/runner/work/key/key/key.core/../key.ui/examples/heap/quicksort/split.key 
45670      DEBUG main            d.u.i.k.p.i.AbstractProblemLoader Environment load took 614.5ns 
45672      INFO  main            d.u.i.k.p.i.AbstractProblemLoader Creating init config 
48309      DEBUG main            d.u.i.k.p.i.AbstractProblemLoader Init config took 2.64s 
48364      INFO  main            d.u.i.k.p.i.AbstractProblemLoader Replaying proof Quicksort[Quicksort::split([I,int,int)].JML normal_behavior operation contract.0 
48367      DEBUG main            d.u.i.k.p.i.IntermediateProofReplayer Proof replay took 4.9ns 
48367      DEBUG main            d.u.i.k.m.s.ProofScriptEngine 1: 'macro autopilot-prep' 
49562      DEBUG main            d.u.i.k.m.s.ProofScriptEngine 2: 'tryclose' 
85226      DEBUG main            d.u.i.k.m.s.ProofScriptEngine 3: 'macro simp-upd' 
85326      DEBUG main            d.u.i.k.m.s.ProofScriptEngine 4: 'rule seqPermFromSwap' 
85341      DEBUG main            d.u.i.k.m.s.ProofScriptEngine 5: 'rule andRight' 
85343      DEBUG main            d.u.i.k.m.s.ProofScriptEngine 6: 'auto' 
85365      DEBUG main            d.u.i.k.m.s.ProofScriptEngine 7: 'instantiate hide var=iv with=i_0' 
85369      DEBUG main            d.u.i.k.m.s.ProofScriptEngine 8: 'instantiate hide var=jv with=j_0' 
85371      DEBUG main            d.u.i.k.m.s.ProofScriptEngine 9: 'auto' 
91686      DEBUG main            d.u.i.k.m.s.ProofScriptEngine 10: 'macro simp-upd' 
91775      DEBUG main            d.u.i.k.m.s.ProofScriptEngine 11: 'rule seqPermFromSwap' 
91781      DEBUG main            d.u.i.k.m.s.ProofScriptEngine 12: 'rule andRight' 
91782      DEBUG main            d.u.i.k.m.s.ProofScriptEngine 13: 'auto' 
91796      DEBUG main            d.u.i.k.m.s.ProofScriptEngine 14: 'instantiate hide var=iv with=i_0' 
91799      DEBUG main            d.u.i.k.m.s.ProofScriptEngine 15: 'instantiate hide var=jv with=to' 
91801      DEBUG main            d.u.i.k.m.s.ProofScriptEngine 16: 'auto' 
96731      INFO  main            d.u.i.k.p.r.p.TestFile    ... finished proof: closed. 
97196      INFO  main            d.u.i.k.p.i.AbstractProblemLoader Loading environment from /home/runner/work/key/key/key.core/../key.ui/examples/heap/quicksort/split.key.proof 
97196      DEBUG main            d.u.i.k.p.i.AbstractProblemLoader Environment load took 410.1ns 
97210      INFO  main            d.u.i.k.p.i.AbstractProblemLoader Creating init config 
99780      DEBUG main            d.u.i.k.p.i.AbstractProblemLoader Init config took 2.57s 
99844      INFO  main            d.u.i.k.p.i.AbstractProblemLoader Replaying proof Quicksort[Quicksort::split([I,int,int)].JML normal_behavior operation contract.0 
103619     DEBUG main            d.u.i.k.p.i.IntermediateProofReplayer Proof replay took 3.52s 
103630     DEBUG main            d.u.i.k.p.r.p.TestFile    ... success: reloaded. 
1671127    INFO  Test worker     d.u.i.k.p.r.RunAllProofsTestUnit Returning from test quicksort 
1671129    INFO  Test worker     d.u.i.k.p.r.RunAllProofsTestUnit Running test simpleTests 
320        INFO  Timeout watchdog d.u.i.k.p.r.p.ForkedTestFileRunner Timeout watcher launched (2000 secs.) 
324        WARN  main            d.u.i.k.s.ProofSettings   The settings in /home/runner/.key/proof-settings.props are *not* read. 
353        INFO  main            d.u.i.k.p.r.p.TestFile    Now processing file /home/runner/work/key/key/key.core/../key.ui/examples/heap/simple/anonymise_datagroup.key 
473        INFO  main            d.u.i.k.p.i.AbstractProblemLoader Loading environment from /home/runner/work/key/key/key.core/../key.ui/examples/heap/simple/anonymise_datagroup.key 
501        DEBUG main            d.u.i.k.p.i.AbstractProblemLoader Environment load took 2.24ms 
771        INFO  main            d.u.i.k.p.i.AbstractProblemLoader Creating init config 
1647       DEBUG main            d.u.i.k.j.TypeConverter   No LDT found for Meta 
1647       DEBUG main            d.u.i.k.j.TypeConverter   No LDT found for Meta 
1648       DEBUG main            d.u.i.k.j.TypeConverter   No LDT found for Meta 
1648       DEBUG main            d.u.i.k.j.TypeConverter   No LDT found for Meta 
3286       DEBUG main            d.u.i.k.j.TypeConverter   No LDT found for JavaBigintExpression 
8640       DEBUG main            d.u.i.k.p.i.AbstractProblemLoader Init config took 7.87s 
8710       INFO  main            d.u.i.k.p.i.AbstractProblemLoader Replaying proof anonymise_datagroup.key 
8745       DEBUG main            d.u.i.k.p.i.IntermediateProofReplayer Proof replay took 32ns 
9001       INFO  main            d.u.i.k.p.r.p.TestFile    ... finished proof: closed. 
9091       INFO  main            d.u.i.k.p.i.AbstractProblemLoader Loading environment from /home/runner/work/key/key/key.core/../key.ui/examples/heap/simple/anonymise_datagroup.key.proof 
9092       DEBUG main            d.u.i.k.p.i.AbstractProblemLoader Environment load took 761.2ns 
9099       INFO  main            d.u.i.k.p.i.AbstractProblemLoader Creating init config 
11900      DEBUG main            d.u.i.k.p.i.AbstractProblemLoader Init config took 2.8s 
11952      INFO  main            d.u.i.k.p.i.AbstractProblemLoader Replaying proof anonymise_datagroup.key.proof 
11965      DEBUG main            d.u.i.k.p.i.IntermediateProofReplayer Proof replay took 8.71ms 
11975      DEBUG main            d.u.i.k.p.r.p.TestFile    ... success: reloaded. 
11976      INFO  main            d.u.i.k.p.r.p.TestFile    Now processing file /home/runner/work/key/key/key.core/../key.ui/examples/heap/simple/array_creation.key 
11976      INFO  main            d.u.i.k.p.i.AbstractProblemLoader Loading environment from /home/runner/work/key/key/key.core/../key.ui/examples/heap/simple/array_creation.key 
11977      DEBUG main            d.u.i.k.p.i.AbstractProblemLoader Environment load took 216.4ns 
11979      INFO  main            d.u.i.k.p.i.AbstractProblemLoader Creating init config 
14693      DEBUG main            d.u.i.k.p.i.AbstractProblemLoader Init config took 2.71s 
14726      INFO  main            d.u.i.k.p.i.AbstractProblemLoader Replaying proof array_creation.key 
14730      DEBUG main            d.u.i.k.p.i.IntermediateProofReplayer Proof replay took 5.8ns 
15240      INFO  main            d.u.i.k.p.r.p.TestFile    ... finished proof: closed. 
15396      INFO  main            d.u.i.k.p.i.AbstractProblemLoader Loading environment from /home/runner/work/key/key/key.core/../key.ui/examples/heap/simple/array_creation.key.proof 
15396      DEBUG main            d.u.i.k.p.i.AbstractProblemLoader Environment load took 426.8ns 
15398      INFO  main            d.u.i.k.p.i.AbstractProblemLoader Creating init config 
18002      DEBUG main            d.u.i.k.p.i.AbstractProblemLoader Init config took 2.6s 
18028      INFO  main            d.u.i.k.p.i.AbstractProblemLoader Replaying proof array_creation.key.proof 
18122      DEBUG main            d.u.i.k.p.i.IntermediateProofReplayer Proof replay took 89.74ms 
18124      DEBUG main            d.u.i.k.p.r.p.TestFile    ... success: reloaded. 
18125      INFO  main            d.u.i.k.p.r.p.TestFile    Now processing file /home/runner/work/key/key/key.core/../key.ui/examples/heap/simple/arrays_with_disjoint_sorts.key 
18125      INFO  main            d.u.i.k.p.i.AbstractProblemLoader Loading environment from /home/runner/work/key/key/key.core/../key.ui/examples/heap/simple/arrays_with_disjoint_sorts.key 
18125      DEBUG main            d.u.i.k.p.i.AbstractProblemLoader Environment load took 191.8ns 
18127      INFO  main            d.u.i.k.p.i.AbstractProblemLoader Creating init config 
20674      DEBUG main            d.u.i.k.p.i.AbstractProblemLoader Init config took 2.55s 
20696      INFO  main            d.u.i.k.p.i.AbstractProblemLoader Replaying proof arrays_with_disjoint_sorts.key 
20698      DEBUG main            d.u.i.k.p.i.IntermediateProofReplayer Proof replay took 5.4ns 
20902      INFO  main            d.u.i.k.p.r.p.TestFile    ... finished proof: closed. 
21032      INFO  main            d.u.i.k.p.i.AbstractProblemLoader Loading environment from /home/runner/work/key/key/key.core/../key.ui/examples/heap/simple/arrays_with_disjoint_sorts.key.proof 
21032      DEBUG main            d.u.i.k.p.i.AbstractProblemLoader Environment load took 380.3ns 
21034      INFO  main            d.u.i.k.p.i.AbstractProblemLoader Creating init config 
23536      DEBUG main            d.u.i.k.p.i.AbstractProblemLoader Init config took 2.5s 
23557      INFO  main            d.u.i.k.p.i.AbstractProblemLoader Replaying proof arrays_with_disjoint_sorts.key.proof 
23600      DEBUG main            d.u.i.k.p.i.IntermediateProofReplayer Proof replay took 37.91ms 
23601      DEBUG main            d.u.i.k.p.r.p.TestFile    ... success: reloaded. 
23602      INFO  main            d.u.i.k.p.r.p.TestFile    Now processing file /home/runner/work/key/key/key.core/../key.ui/examples/heap/simple/arrays.key 
23602      INFO  main            d.u.i.k.p.i.AbstractProblemLoader Loading environment from /home/runner/work/key/key/key.core/../key.ui/examples/heap/simple/arrays.key 
23602      DEBUG main            d.u.i.k.p.i.AbstractProblemLoader Environment load took 90ns 
23604      INFO  main            d.u.i.k.p.i.AbstractProblemLoader Creating init config 
26092      DEBUG main            d.u.i.k.p.i.AbstractProblemLoader Init config took 2.49s 
26113      INFO  main            d.u.i.k.p.i.AbstractProblemLoader Replaying proof arrays.key 
26116      DEBUG main            d.u.i.k.p.i.IntermediateProofReplayer Proof replay took 5.2ns 
26219      INFO  main            d.u.i.k.p.r.p.TestFile    ... finished proof: closed. 
26362      INFO  main            d.u.i.k.p.i.AbstractProblemLoader Loading environment from /home/runner/work/key/key/key.core/../key.ui/examples/heap/simple/arrays.key.proof 
26362      DEBUG main            d.u.i.k.p.i.AbstractProblemLoader Environment load took 108.1ns 
26367      INFO  main            d.u.i.k.p.i.AbstractProblemLoader Creating init config 
28835      DEBUG main            d.u.i.k.p.i.AbstractProblemLoader Init config took 2.47s 
28855      INFO  main            d.u.i.k.p.i.AbstractProblemLoader Replaying proof arrays.key.proof 
28875      DEBUG main            d.u.i.k.p.i.IntermediateProofReplayer Proof replay took 17ms 
28876      DEBUG main            d.u.i.k.p.r.p.TestFile    ... success: reloaded. 
28877      INFO  main            d.u.i.k.p.r.p.TestFile    Now processing file /home/runner/work/key/key/key.core/../key.ui/examples/heap/simple/attributes.key 
28878      INFO  main            d.u.i.k.p.i.AbstractProblemLoader Loading environment from /home/runner/work/key/key/key.core/../key.ui/examples/heap/simple/attributes.key 
28878      DEBUG main            d.u.i.k.p.i.AbstractProblemLoader Environment load took 85.8ns 
28879      INFO  main            d.u.i.k.p.i.AbstractProblemLoader Creating init config 
31353      DEBUG main            d.u.i.k.p.i.AbstractProblemLoader Init config took 2.47s 
31372      INFO  main            d.u.i.k.p.i.AbstractProblemLoader Replaying proof attributes.key 
31374      DEBUG main            d.u.i.k.p.i.IntermediateProofReplayer Proof replay took 6ns 
31476      INFO  main            d.u.i.k.p.r.p.TestFile    ... finished proof: closed. 
31625      INFO  main            d.u.i.k.p.i.AbstractProblemLoader Loading environment from /home/runner/work/key/key/key.core/../key.ui/examples/heap/simple/attributes.key.proof 
31626      DEBUG main            d.u.i.k.p.i.AbstractProblemLoader Environment load took 109.3ns 
31627      INFO  main            d.u.i.k.p.i.AbstractProblemLoader Creating init config 
34071      DEBUG main            d.u.i.k.p.i.AbstractProblemLoader Init config took 2.44s 
34089      INFO  main            d.u.i.k.p.i.AbstractProblemLoader Replaying proof attributes.key.proof 
34093      DEBUG main            d.u.i.k.p.i.IntermediateProofReplayer Proof replay took 1.46ms 
34094      DEBUG main            d.u.i.k.p.r.p.TestFile    ... success: reloaded. 
34095      INFO  main            d.u.i.k.p.r.p.TestFile    Now processing file /home/runner/work/key/key/key.core/../key.ui/examples/heap/simple/constructor_contracts.key 
34095      INFO  main            d.u.i.k.p.i.AbstractProblemLoader Loading environment from /home/runner/work/key/key/key.core/../key.ui/examples/heap/simple/constructor_contracts.key 
34095      DEBUG main            d.u.i.k.p.i.AbstractProblemLoader Environment load took 192.3ns 
34097      INFO  main            d.u.i.k.p.i.AbstractProblemLoader Creating init config 
36919      DEBUG main            d.u.i.k.p.i.AbstractProblemLoader Init config took 2.82s 
36939      INFO  main            d.u.i.k.p.i.AbstractProblemLoader Replaying proof constructor_contracts.key 
36941      DEBUG main            d.u.i.k.p.i.IntermediateProofReplayer Proof replay took 5.8ns 
37449      INFO  main            d.u.i.k.p.r.p.TestFile    ... finished proof: closed. 
37609      INFO  main            d.u.i.k.p.i.AbstractProblemLoader Loading environment from /home/runner/work/key/key/key.core/../key.ui/examples/heap/simple/constructor_contracts.key.proof 
37610      DEBUG main            d.u.i.k.p.i.AbstractProblemLoader Environment load took 376.1ns 
37612      INFO  main            d.u.i.k.p.i.AbstractProblemLoader Creating init config 
40322      DEBUG main            d.u.i.k.p.i.AbstractProblemLoader Init config took 2.71s 
40342      INFO  main            d.u.i.k.p.i.AbstractProblemLoader Replaying proof constructor_contracts.key.proof 
40459      DEBUG main            d.u.i.k.p.i.IntermediateProofReplayer Proof replay took 112.2ms 
40461      DEBUG main            d.u.i.k.p.r.p.TestFile    ... success: reloaded. 
40462      INFO  main            d.u.i.k.p.r.p.TestFile    Now processing file /home/runner/work/key/key/key.core/../key.ui/examples/heap/simple/dependencies.key 
40462      INFO  main            d.u.i.k.p.i.AbstractProblemLoader Loading environment from /home/runner/work/key/key/key.core/../key.ui/examples/heap/simple/dependencies.key 
40463      DEBUG main            d.u.i.k.p.i.AbstractProblemLoader Environment load took 189.9ns 
40464      INFO  main            d.u.i.k.p.i.AbstractProblemLoader Creating init config 
42903      DEBUG main            d.u.i.k.p.i.AbstractProblemLoader Init config took 2.44s 
42921      INFO  main            d.u.i.k.p.i.AbstractProblemLoader Replaying proof dependencies.key 
42922      DEBUG main            d.u.i.k.p.i.IntermediateProofReplayer Proof replay took 5.8ns 
43025      INFO  main            d.u.i.k.p.r.p.TestFile    ... finished proof: closed. 
43199      INFO  main            d.u.i.k.p.i.AbstractProblemLoader Loading environment from /home/runner/work/key/key/key.core/../key.ui/examples/heap/simple/dependencies.key.proof 
43199      DEBUG main            d.u.i.k.p.i.AbstractProblemLoader Environment load took 108.5ns 
43200      INFO  main            d.u.i.k.p.i.AbstractProblemLoader Creating init config 
45643      DEBUG main            d.u.i.k.p.i.AbstractProblemLoader Init config took 2.44s 
45660      INFO  main            d.u.i.k.p.i.AbstractProblemLoader Replaying proof dependencies.key.proof 
45670      DEBUG main            d.u.i.k.p.i.IntermediateProofReplayer Proof replay took 8.06ms 
45671      DEBUG main            d.u.i.k.p.r.p.TestFile    ... success: reloaded. 
45672      INFO  main            d.u.i.k.p.r.p.TestFile    Now processing file /home/runner/work/key/key/key.core/../key.ui/examples/heap/simple/dependency_contracts.key 
45672      INFO  main            d.u.i.k.p.i.AbstractProblemLoader Loading environment from /home/runner/work/key/key/key.core/../key.ui/examples/heap/simple/dependency_contracts.key 
45672      DEBUG main            d.u.i.k.p.i.AbstractProblemLoader Environment load took 85.9ns 
45673      INFO  main            d.u.i.k.p.i.AbstractProblemLoader Creating init config 
48347      DEBUG main            d.u.i.k.p.i.AbstractProblemLoader Init config took 2.67s 
48367      INFO  main            d.u.i.k.p.i.AbstractProblemLoader Replaying proof dependency_contracts.key 
48369      DEBUG main            d.u.i.k.p.i.IntermediateProofReplayer Proof replay took 5.6ns 
49681      INFO  main            d.u.i.k.p.r.p.TestFile    ... finished proof: closed. 
49872      INFO  main            d.u.i.k.p.i.AbstractProblemLoader Loading environment from /home/runner/work/key/key/key.core/../key.ui/examples/heap/simple/dependency_contracts.key.proof 
49872      DEBUG main            d.u.i.k.p.i.AbstractProblemLoader Environment load took 399.1ns 
49874      INFO  main            d.u.i.k.p.i.AbstractProblemLoader Creating init config 
52490      DEBUG main            d.u.i.k.p.i.AbstractProblemLoader Init config took 2.62s 
52514      INFO  main            d.u.i.k.p.i.AbstractProblemLoader Replaying proof dependency_contracts.key.proof 
52711      DEBUG main            d.u.i.k.p.i.IntermediateProofReplayer Proof replay took 186.77ms 
52713      DEBUG main            d.u.i.k.p.r.p.TestFile    ... success: reloaded. 
52715      INFO  main            d.u.i.k.p.r.p.TestFile    Now processing file /home/runner/work/key/key/key.core/../key.ui/examples/heap/simple/invariant_preservation.key 
52715      INFO  main            d.u.i.k.p.i.AbstractProblemLoader Loading environment from /home/runner/work/key/key/key.core/../key.ui/examples/heap/simple/invariant_preservation.key 
52715      DEBUG main            d.u.i.k.p.i.AbstractProblemLoader Environment load took 190.3ns 
52717      INFO  main            d.u.i.k.p.i.AbstractProblemLoader Creating init config 
55416      DEBUG main            d.u.i.k.p.i.AbstractProblemLoader Init config took 2.7s 
55435      INFO  main            d.u.i.k.p.i.AbstractProblemLoader Replaying proof invariant_preservation.key 
55437      DEBUG main            d.u.i.k.p.i.IntermediateProofReplayer Proof replay took 5.5ns 
55540      INFO  main            d.u.i.k.p.r.p.TestFile    ... finished proof: closed. 
55730      INFO  main            d.u.i.k.p.i.AbstractProblemLoader Loading environment from /home/runner/work/key/key/key.core/../key.ui/examples/heap/simple/invariant_preservation.key.proof 
55731      DEBUG main            d.u.i.k.p.i.AbstractProblemLoader Environment load took 107.9ns 
55732      INFO  main            d.u.i.k.p.i.AbstractProblemLoader Creating init config 
58325      DEBUG main            d.u.i.k.p.i.AbstractProblemLoader Init config took 2.59s 
58344      INFO  main            d.u.i.k.p.i.AbstractProblemLoader Replaying proof invariant_preservation.key.proof 
58373      DEBUG main            d.u.i.k.p.i.IntermediateProofReplayer Proof replay took 25.97ms 
58374      DEBUG main            d.u.i.k.p.r.p.TestFile    ... success: reloaded. 
58375      INFO  main            d.u.i.k.p.r.p.TestFile    Now processing file /home/runner/work/key/key/key.core/../key.ui/examples/heap/simple/locsets.key 
58376      INFO  main            d.u.i.k.p.i.AbstractProblemLoader Loading environment from /home/runner/work/key/key/key.core/../key.ui/examples/heap/simple/locsets.key 
58376      DEBUG main            d.u.i.k.p.i.AbstractProblemLoader Environment load took 105.8ns 
58377      INFO  main            d.u.i.k.p.i.AbstractProblemLoader Creating init config 
60765      DEBUG main            d.u.i.k.p.i.AbstractProblemLoader Init config took 2.39s 
60781      INFO  main            d.u.i.k.p.i.AbstractProblemLoader Replaying proof locsets.key 
60782      DEBUG main            d.u.i.k.p.i.IntermediateProofReplayer Proof replay took 5.3ns 
60886      INFO  main            d.u.i.k.p.r.p.TestFile    ... finished proof: closed. 
61058      INFO  main            d.u.i.k.p.i.AbstractProblemLoader Loading environment from /home/runner/work/key/key/key.core/../key.ui/examples/heap/simple/locsets.key.proof 
61058      DEBUG main            d.u.i.k.p.i.AbstractProblemLoader Environment load took 105.6ns 
61059      INFO  main            d.u.i.k.p.i.AbstractProblemLoader Creating init config 
63436      DEBUG main            d.u.i.k.p.i.AbstractProblemLoader Init config took 2.38s 
63451      INFO  main            d.u.i.k.p.i.AbstractProblemLoader Replaying proof locsets.key.proof 
63454      DEBUG main            d.u.i.k.p.i.IntermediateProofReplayer Proof replay took 1.57ms 
63455      DEBUG main            d.u.i.k.p.r.p.TestFile    ... success: reloaded. 
63456      INFO  main            d.u.i.k.p.r.p.TestFile    Now processing file /home/runner/work/key/key/key.core/../key.ui/examples/heap/simple/loop1.key 
63456      INFO  main            d.u.i.k.p.i.AbstractProblemLoader Loading environment from /home/runner/work/key/key/key.core/../key.ui/examples/heap/simple/loop1.key 
63456      DEBUG main            d.u.i.k.p.i.AbstractProblemLoader Environment load took 88ns 
63457      INFO  main            d.u.i.k.p.i.AbstractProblemLoader Creating init config 
66086      DEBUG main            d.u.i.k.p.i.AbstractProblemLoader Init config took 2.63s 
66102      INFO  main            d.u.i.k.p.i.AbstractProblemLoader Replaying proof loop1.key 
66103      DEBUG main            d.u.i.k.p.i.IntermediateProofReplayer Proof replay took 6.3ns 
66306      INFO  main            d.u.i.k.p.r.p.TestFile    ... finished proof: closed. 
66480      INFO  main            d.u.i.k.p.i.AbstractProblemLoader Loading environment from /home/runner/work/key/key/key.core/../key.ui/examples/heap/simple/loop1.key.proof 
66480      DEBUG main            d.u.i.k.p.i.AbstractProblemLoader Environment load took 114.3ns 
66482      INFO  main            d.u.i.k.p.i.AbstractProblemLoader Creating init config 
69112      DEBUG main            d.u.i.k.p.i.AbstractProblemLoader Init config took 2.63s 
69128      INFO  main            d.u.i.k.p.i.AbstractProblemLoader Replaying proof loop1.key.proof 
69196      DEBUG main            d.u.i.k.p.i.IntermediateProofReplayer Proof replay took 65.68ms 
69199      DEBUG main            d.u.i.k.p.r.p.TestFile    ... success: reloaded. 
69200      INFO  main            d.u.i.k.p.r.p.TestFile    Now processing file /home/runner/work/key/key/key.core/../key.ui/examples/heap/simple/loop2.key 
69200      INFO  main            d.u.i.k.p.i.AbstractProblemLoader Loading environment from /home/runner/work/key/key/key.core/../key.ui/examples/heap/simple/loop2.key 
69200      DEBUG main            d.u.i.k.p.i.AbstractProblemLoader Environment load took 87ns 
69201      INFO  main            d.u.i.k.p.i.AbstractProblemLoader Creating init config 
71812      DEBUG main            d.u.i.k.p.i.AbstractProblemLoader Init config took 2.61s 
71827      INFO  main            d.u.i.k.p.i.AbstractProblemLoader Replaying proof loop2.key 
71829      DEBUG main            d.u.i.k.p.i.IntermediateProofReplayer Proof replay took 5.6ns 
72335      INFO  main            d.u.i.k.p.r.p.TestFile    ... finished proof: closed. 
72538      INFO  main            d.u.i.k.p.i.AbstractProblemLoader Loading environment from /home/runner/work/key/key/key.core/../key.ui/examples/heap/simple/loop2.key.proof 
72538      DEBUG main            d.u.i.k.p.i.AbstractProblemLoader Environment load took 411.7ns 
72540      INFO  main            d.u.i.k.p.i.AbstractProblemLoader Creating init config 
75138      DEBUG main            d.u.i.k.p.i.AbstractProblemLoader Init config took 2.6s 
75154      INFO  main            d.u.i.k.p.i.AbstractProblemLoader Replaying proof loop2.key.proof 
75262      DEBUG main            d.u.i.k.p.i.IntermediateProofReplayer Proof replay took 103.38ms 
75263      DEBUG main            d.u.i.k.p.r.p.TestFile    ... success: reloaded. 
75265      INFO  main            d.u.i.k.p.r.p.TestFile    Now processing file /home/runner/work/key/key/key.core/../key.ui/examples/heap/simple/modifies_datagroup.key 
75265      INFO  main            d.u.i.k.p.i.AbstractProblemLoader Loading environment from /home/runner/work/key/key/key.core/../key.ui/examples/heap/simple/modifies_datagroup.key 
75265      DEBUG main            d.u.i.k.p.i.AbstractProblemLoader Environment load took 217.1ns 
75266      INFO  main            d.u.i.k.p.i.AbstractProblemLoader Creating init config 
77673      DEBUG main            d.u.i.k.p.i.AbstractProblemLoader Init config took 2.41s 
77687      INFO  main            d.u.i.k.p.i.AbstractProblemLoader Replaying proof modifies_datagroup.key 
77688      DEBUG main            d.u.i.k.p.i.IntermediateProofReplayer Proof replay took 5.9ns 
77794      INFO  main            d.u.i.k.p.r.p.TestFile    ... finished proof: closed. 
77991      INFO  main            d.u.i.k.p.i.AbstractProblemLoader Loading environment from /home/runner/work/key/key/key.core/../key.ui/examples/heap/simple/modifies_datagroup.key.proof 
77991      DEBUG main            d.u.i.k.p.i.AbstractProblemLoader Environment load took 104.2ns 
77993      INFO  main            d.u.i.k.p.i.AbstractProblemLoader Creating init config 
80389      DEBUG main            d.u.i.k.p.i.AbstractProblemLoader Init config took 2.4s 
80403      INFO  main            d.u.i.k.p.i.AbstractProblemLoader Replaying proof modifies_datagroup.key.proof 
80408      DEBUG main            d.u.i.k.p.i.IntermediateProofReplayer Proof replay took 3.47ms 
80409      DEBUG main            d.u.i.k.p.r.p.TestFile    ... success: reloaded. 
80410      INFO  main            d.u.i.k.p.r.p.TestFile    Now processing file /home/runner/work/key/key/key.core/../key.ui/examples/heap/simple/modifies.key 
80410      INFO  main            d.u.i.k.p.i.AbstractProblemLoader Loading environment from /home/runner/work/key/key/key.core/../key.ui/examples/heap/simple/modifies.key 
80410      DEBUG main            d.u.i.k.p.i.AbstractProblemLoader Environment load took 175.3ns 
80412      INFO  main            d.u.i.k.p.i.AbstractProblemLoader Creating init config 
82786      DEBUG main            d.u.i.k.p.i.AbstractProblemLoader Init config took 2.37s 
82800      INFO  main            d.u.i.k.p.i.AbstractProblemLoader Replaying proof modifies.key 
82801      DEBUG main            d.u.i.k.p.i.IntermediateProofReplayer Proof replay took 5.1ns 
82903      INFO  main            d.u.i.k.p.r.p.TestFile    ... finished proof: closed. 
83092      INFO  main            d.u.i.k.p.i.AbstractProblemLoader Loading environment from /home/runner/work/key/key/key.core/../key.ui/examples/heap/simple/modifies.key.proof 
83092      DEBUG main            d.u.i.k.p.i.AbstractProblemLoader Environment load took 113.5ns 
83099      INFO  main            d.u.i.k.p.i.AbstractProblemLoader Creating init config 
85424      DEBUG main            d.u.i.k.p.i.AbstractProblemLoader Init config took 2.32s 
85438      INFO  main            d.u.i.k.p.i.AbstractProblemLoader Replaying proof modifies.key.proof 
85450      DEBUG main            d.u.i.k.p.i.IntermediateProofReplayer Proof replay took 11ms 
85451      DEBUG main            d.u.i.k.p.r.p.TestFile    ... success: reloaded. 
85452      INFO  main            d.u.i.k.p.r.p.TestFile    Now processing file /home/runner/work/key/key/key.core/../key.ui/examples/heap/simple/object_creation.key 
85452      INFO  main            d.u.i.k.p.i.AbstractProblemLoader Loading environment from /home/runner/work/key/key/key.core/../key.ui/examples/heap/simple/object_creation.key 
85452      DEBUG main            d.u.i.k.p.i.AbstractProblemLoader Environment load took 72.2ns 
85453      INFO  main            d.u.i.k.p.i.AbstractProblemLoader Creating init config 
87856      DEBUG main            d.u.i.k.p.i.AbstractProblemLoader Init config took 2.4s 
87871      INFO  main            d.u.i.k.p.i.AbstractProblemLoader Replaying proof object_creation.key 
87872      DEBUG main            d.u.i.k.p.i.IntermediateProofReplayer Proof replay took 5.4ns 
88075      INFO  main            d.u.i.k.p.r.p.TestFile    ... finished proof: closed. 
88276      INFO  main            d.u.i.k.p.i.AbstractProblemLoader Loading environment from /home/runner/work/key/key/key.core/../key.ui/examples/heap/simple/object_creation.key.proof 
88276      DEBUG main            d.u.i.k.p.i.AbstractProblemLoader Environment load took 103.6ns 
88277      INFO  main            d.u.i.k.p.i.AbstractProblemLoader Creating init config 
90619      DEBUG main            d.u.i.k.p.i.AbstractProblemLoader Init config took 2.34s 
90634      INFO  main            d.u.i.k.p.i.AbstractProblemLoader Replaying proof object_creation.key.proof 
90678      DEBUG main            d.u.i.k.p.i.IntermediateProofReplayer Proof replay took 41.94ms 
90680      DEBUG main            d.u.i.k.p.r.p.TestFile    ... success: reloaded. 
90680      INFO  main            d.u.i.k.p.r.p.TestFile    Now processing file /home/runner/work/key/key/key.core/../key.ui/examples/heap/simple/operation_contracts.key 
90681      INFO  main            d.u.i.k.p.i.AbstractProblemLoader Loading environment from /home/runner/work/key/key/key.core/../key.ui/examples/heap/simple/operation_contracts.key 
90681      DEBUG main            d.u.i.k.p.i.AbstractProblemLoader Environment load took 181.9ns 
90682      INFO  main            d.u.i.k.p.i.AbstractProblemLoader Creating init config 
93393      DEBUG main            d.u.i.k.p.i.AbstractProblemLoader Init config took 2.71s 
93408      INFO  main            d.u.i.k.p.i.AbstractProblemLoader Replaying proof operation_contracts.key 
93410      DEBUG main            d.u.i.k.p.i.IntermediateProofReplayer Proof replay took 6.2ns 
94219      INFO  main            d.u.i.k.p.r.p.TestFile    ... finished proof: closed. 
94442      INFO  main            d.u.i.k.p.i.AbstractProblemLoader Loading environment from /home/runner/work/key/key/key.core/../key.ui/examples/heap/simple/operation_contracts.key.proof 
94442      DEBUG main            d.u.i.k.p.i.AbstractProblemLoader Environment load took 384.5ns 
94444      INFO  main            d.u.i.k.p.i.AbstractProblemLoader Creating init config 
97070      DEBUG main            d.u.i.k.p.i.AbstractProblemLoader Init config took 2.63s 
97085      INFO  main            d.u.i.k.p.i.AbstractProblemLoader Replaying proof operation_contracts.key.proof 
97197      DEBUG main            d.u.i.k.p.i.IntermediateProofReplayer Proof replay took 105.16ms 
97199      DEBUG main            d.u.i.k.p.r.p.TestFile    ... success: reloaded. 
97200      INFO  main            d.u.i.k.p.r.p.TestFile    Now processing file /home/runner/work/key/key/key.core/../key.ui/examples/heap/simple/select_store.key 
97200      INFO  main            d.u.i.k.p.i.AbstractProblemLoader Loading environment from /home/runner/work/key/key/key.core/../key.ui/examples/heap/simple/select_store.key 
97200      DEBUG main            d.u.i.k.p.i.AbstractProblemLoader Environment load took 193.8ns 
97202      INFO  main            d.u.i.k.p.i.AbstractProblemLoader Creating init config 
99627      DEBUG main            d.u.i.k.p.i.AbstractProblemLoader Init config took 2.43s 
99640      INFO  main            d.u.i.k.p.i.AbstractProblemLoader Replaying proof select_store.key 
99642      DEBUG main            d.u.i.k.p.i.IntermediateProofReplayer Proof replay took 5.6ns 
99743      INFO  main            d.u.i.k.p.r.p.TestFile    ... finished proof: closed. 
99986      INFO  main            d.u.i.k.p.i.AbstractProblemLoader Loading environment from /home/runner/work/key/key/key.core/../key.ui/examples/heap/simple/select_store.key.proof 
99986      DEBUG main            d.u.i.k.p.i.AbstractProblemLoader Environment load took 131.3ns 
99987      INFO  main            d.u.i.k.p.i.AbstractProblemLoader Creating init config 
102308     DEBUG main            d.u.i.k.p.i.AbstractProblemLoader Init config took 2.32s 
102322     INFO  main            d.u.i.k.p.i.AbstractProblemLoader Replaying proof select_store.key.proof 
102325     DEBUG main            d.u.i.k.p.i.IntermediateProofReplayer Proof replay took 2.06ms 
102326     DEBUG main            d.u.i.k.p.r.p.TestFile    ... success: reloaded. 
102327     INFO  main            d.u.i.k.p.r.p.TestFile    Now processing file /home/runner/work/key/key/key.core/../key.ui/examples/heap/simple/selection_sort.key 
102327     INFO  main            d.u.i.k.p.i.AbstractProblemLoader Loading environment from /home/runner/work/key/key/key.core/../key.ui/examples/heap/simple/selection_sort.key 
102327     DEBUG main            d.u.i.k.p.i.AbstractProblemLoader Environment load took 77.8ns 
102328     INFO  main            d.u.i.k.p.i.AbstractProblemLoader Creating init config 
104947     DEBUG main            d.u.i.k.p.i.AbstractProblemLoader Init config took 2.62s 
104962     INFO  main            d.u.i.k.p.i.AbstractProblemLoader Replaying proof selection_sort.key 
104965     DEBUG main            d.u.i.k.p.i.IntermediateProofReplayer Proof replay took 6.2ns 
108451     INFO  main            d.u.i.k.p.r.p.TestFile    ... finished proof: closed. 
108760     INFO  main            d.u.i.k.p.i.AbstractProblemLoader Loading environment from /home/runner/work/key/key/key.core/../key.ui/examples/heap/simple/selection_sort.key.proof 
108762     DEBUG main            d.u.i.k.p.i.AbstractProblemLoader Environment load took 2.07ms 
108764     INFO  main            d.u.i.k.p.i.AbstractProblemLoader Creating init config 
111316     DEBUG main            d.u.i.k.p.i.AbstractProblemLoader Init config took 2.55s 
111330     INFO  main            d.u.i.k.p.i.AbstractProblemLoader Replaying proof selection_sort.key.proof 
111969     DEBUG main            d.u.i.k.p.i.IntermediateProofReplayer Proof replay took 612.61ms 
111971     DEBUG main            d.u.i.k.p.r.p.TestFile    ... success: reloaded. 
111972     INFO  main            d.u.i.k.p.r.p.TestFile    Now processing file /home/runner/work/key/key/key.core/../key.ui/examples/heap/simple/seq.key 
111972     INFO  main            d.u.i.k.p.i.AbstractProblemLoader Loading environment from /home/runner/work/key/key/key.core/../key.ui/examples/heap/simple/seq.key 
111972     DEBUG main            d.u.i.k.p.i.AbstractProblemLoader Environment load took 185.3ns 
111974     INFO  main            d.u.i.k.p.i.AbstractProblemLoader Creating init config 
114363     DEBUG main            d.u.i.k.p.i.AbstractProblemLoader Init config took 2.39s 
114377     INFO  main            d.u.i.k.p.i.AbstractProblemLoader Replaying proof seq.key 
114378     DEBUG main            d.u.i.k.p.i.IntermediateProofReplayer Proof replay took 6.7ns 
114783     INFO  main            d.u.i.k.p.r.p.TestFile    ... finished proof: closed. 
115087     INFO  main            d.u.i.k.p.i.AbstractProblemLoader Loading environment from /home/runner/work/key/key/key.core/../key.ui/examples/heap/simple/seq.key.proof 
115087     DEBUG main            d.u.i.k.p.i.AbstractProblemLoader Environment load took 99.2ns 
115088     INFO  main            d.u.i.k.p.i.AbstractProblemLoader Creating init config 
117398     DEBUG main            d.u.i.k.p.i.AbstractProblemLoader Init config took 2.31s 
117412     INFO  main            d.u.i.k.p.i.AbstractProblemLoader Replaying proof seq.key.proof 
117465     DEBUG main            d.u.i.k.p.i.IntermediateProofReplayer Proof replay took 48.01ms 
117466     DEBUG main            d.u.i.k.p.r.p.TestFile    ... success: reloaded. 
117467     INFO  main            d.u.i.k.p.r.p.TestFile    Now processing file /home/runner/work/key/key/key.core/../key.ui/examples/heap/simple/oldForParams.key 
117467     INFO  main            d.u.i.k.p.i.AbstractProblemLoader Loading environment from /home/runner/work/key/key/key.core/../key.ui/examples/heap/simple/oldForParams.key 
117467     DEBUG main            d.u.i.k.p.i.AbstractProblemLoader Environment load took 176.2ns 
117468     INFO  main            d.u.i.k.p.i.AbstractProblemLoader Creating init config 
120119     DEBUG main            d.u.i.k.p.i.AbstractProblemLoader Init config took 2.65s 
120181     INFO  main            d.u.i.k.p.i.AbstractProblemLoader Replaying proof OldForParameters[OldForParameters::method(int)].JML operation contract.0 
120183     DEBUG main            d.u.i.k.p.i.IntermediateProofReplayer Proof replay took 5.8ns 
120387     INFO  main            d.u.i.k.p.r.p.TestFile    ... finished proof: closed. 
120631     INFO  main            d.u.i.k.p.i.AbstractProblemLoader Loading environment from /home/runner/work/key/key/key.core/../key.ui/examples/heap/simple/oldForParams.key.proof 
120631     DEBUG main            d.u.i.k.p.i.AbstractProblemLoader Environment load took 98.8ns 
120632     INFO  main            d.u.i.k.p.i.AbstractProblemLoader Creating init config 
123171     DEBUG main            d.u.i.k.p.i.AbstractProblemLoader Init config took 2.54s 
123209     INFO  main            d.u.i.k.p.i.AbstractProblemLoader Replaying proof OldForParameters[OldForParameters::method(int)].JML operation contract.0 
123252     DEBUG main            d.u.i.k.p.i.IntermediateProofReplayer Proof replay took 40.57ms 
123253     DEBUG main            d.u.i.k.p.r.p.TestFile    ... success: reloaded. 
123254     INFO  main            d.u.i.k.p.r.p.TestFile    Now processing file /home/runner/work/key/key/key.core/../key.ui/examples/heap/simple/parse_lmtd.key 
123255     INFO  main            d.u.i.k.p.i.AbstractProblemLoader Loading environment from /home/runner/work/key/key/key.core/../key.ui/examples/heap/simple/parse_lmtd.key 
123255     DEBUG main            d.u.i.k.p.i.AbstractProblemLoader Environment load took 177.3ns 
123256     INFO  main            d.u.i.k.p.i.AbstractProblemLoader Creating init config 
125859     DEBUG main            d.u.i.k.p.i.AbstractProblemLoader Init config took 2.6s 
125898     INFO  main            d.u.i.k.p.i.AbstractProblemLoader Replaying proof ParseLmtd[ParseLmtd::simple(int)].JML normal_behavior operation contract.0 
125899     DEBUG main            d.u.i.k.p.i.IntermediateProofReplayer Proof replay took 5.9ns 
126002     INFO  main            d.u.i.k.p.r.p.TestFile    ... finished proof: closed. 
126234     INFO  main            d.u.i.k.p.i.AbstractProblemLoader Loading environment from /home/runner/work/key/key/key.core/../key.ui/examples/heap/simple/parse_lmtd.key.proof 
126234     DEBUG main            d.u.i.k.p.i.AbstractProblemLoader Environment load took 98.8ns 
126235     INFO  main            d.u.i.k.p.i.AbstractProblemLoader Creating init config 
128773     DEBUG main            d.u.i.k.p.i.AbstractProblemLoader Init config took 2.54s 
128812     INFO  main            d.u.i.k.p.i.AbstractProblemLoader Replaying proof ParseLmtd[ParseLmtd::simple(int)].JML normal_behavior operation contract.0 
128834     DEBUG main            d.u.i.k.p.i.IntermediateProofReplayer Proof replay took 20.1ms 
128835     DEBUG main            d.u.i.k.p.r.p.TestFile    ... success: reloaded. 
128836     INFO  main            d.u.i.k.p.r.p.TestFile    Now processing file /home/runner/work/key/key/key.core/../key.ui/examples/heap/strictly_pure/strictlyPureMethod.key 
128836     INFO  main            d.u.i.k.p.i.AbstractProblemLoader Loading environment from /home/runner/work/key/key/key.core/../key.ui/examples/heap/strictly_pure/strictlyPureMethod.key 
128836     DEBUG main            d.u.i.k.p.i.AbstractProblemLoader Environment load took 65.8ns 
128837     INFO  main            d.u.i.k.p.i.AbstractProblemLoader Creating init config 
131286     DEBUG main            d.u.i.k.p.i.AbstractProblemLoader Init config took 2.45s 
131324     INFO  main            d.u.i.k.p.i.AbstractProblemLoader Replaying proof StrictlyPure[StrictlyPure::strictlyPureMethod()].JML operation contract.0 
131330     DEBUG main            d.u.i.k.p.i.IntermediateProofReplayer Proof replay took 5.7ns 
131532     INFO  main            d.u.i.k.p.r.p.TestFile    ... finished proof: closed. 
131768     INFO  main            d.u.i.k.p.i.AbstractProblemLoader Loading environment from /home/runner/work/key/key/key.core/../key.ui/examples/heap/strictly_pure/strictlyPureMethod.key.proof 
131768     DEBUG main            d.u.i.k.p.i.AbstractProblemLoader Environment load took 96.1ns 
131769     INFO  main            d.u.i.k.p.i.AbstractProblemLoader Creating init config 
134174     DEBUG main            d.u.i.k.p.i.AbstractProblemLoader Init config took 2.4s 
134213     INFO  main            d.u.i.k.p.i.AbstractProblemLoader Replaying proof StrictlyPure[StrictlyPure::strictlyPureMethod()].JML operation contract.0 
134267     DEBUG main            d.u.i.k.p.i.IntermediateProofReplayer Proof replay took 50.62ms 
134268     DEBUG main            d.u.i.k.p.r.p.TestFile    ... success: reloaded. 
134269     INFO  main            d.u.i.k.p.r.p.TestFile    Now processing file /home/runner/work/key/key/key.core/../key.ui/examples/heap/strictly_pure/useStrictlyPureMethod.key 
134269     INFO  main            d.u.i.k.p.i.AbstractProblemLoader Loading environment from /home/runner/work/key/key/key.core/../key.ui/examples/heap/strictly_pure/useStrictlyPureMethod.key 
134269     DEBUG main            d.u.i.k.p.i.AbstractProblemLoader Environment load took 196.6ns 
134270     INFO  main            d.u.i.k.p.i.AbstractProblemLoader Creating init config 
136731     DEBUG main            d.u.i.k.p.i.AbstractProblemLoader Init config took 2.46s 
136766     INFO  main            d.u.i.k.p.i.AbstractProblemLoader Replaying proof StrictlyPure[StrictlyPure::useStrictlyPureMethod(StrictlyPureClass)].JML operation contract.0 
136769     DEBUG main            d.u.i.k.p.i.IntermediateProofReplayer Proof replay took 6.8ns 
136971     INFO  main            d.u.i.k.p.r.p.TestFile    ... finished proof: closed. 
137214     INFO  main            d.u.i.k.p.i.AbstractProblemLoader Loading environment from /home/runner/work/key/key/key.core/../key.ui/examples/heap/strictly_pure/useStrictlyPureMethod.key.proof 
137214     DEBUG main            d.u.i.k.p.i.AbstractProblemLoader Environment load took 96ns 
137215     INFO  main            d.u.i.k.p.i.AbstractProblemLoader Creating init config 
139619     DEBUG main            d.u.i.k.p.i.AbstractProblemLoader Init config took 2.4s 
139653     INFO  main            d.u.i.k.p.i.AbstractProblemLoader Replaying proof StrictlyPure[StrictlyPure::useStrictlyPureMethod(StrictlyPureClass)].JML operation contract.0 
139702     DEBUG main            d.u.i.k.p.i.IntermediateProofReplayer Proof replay took 46.82ms 
139703     DEBUG main            d.u.i.k.p.r.p.TestFile    ... success: reloaded. 
139704     INFO  main            d.u.i.k.p.r.p.TestFile    Now processing file /home/runner/work/key/key/key.core/../key.ui/examples/heap/Wellfounded/ackermann.key 
139704     INFO  main            d.u.i.k.p.i.AbstractProblemLoader Loading environment from /home/runner/work/key/key/key.core/../key.ui/examples/heap/Wellfounded/ackermann.key 
139704     DEBUG main            d.u.i.k.p.i.AbstractProblemLoader Environment load took 81.7ns 
139705     INFO  main            d.u.i.k.p.i.AbstractProblemLoader Creating init config 
142173     DEBUG main            d.u.i.k.p.i.AbstractProblemLoader Init config took 2.47s 
142207     INFO  main            d.u.i.k.p.i.AbstractProblemLoader Replaying proof Ackermann[Ackermann::a(int,int)].JML normal_behavior operation contract.0 
142209     DEBUG main            d.u.i.k.p.i.IntermediateProofReplayer Proof replay took 5.7ns 
142412     INFO  main            d.u.i.k.p.r.p.TestFile    ... finished proof: closed. 
142715     INFO  main            d.u.i.k.p.i.AbstractProblemLoader Loading environment from /home/runner/work/key/key/key.core/../key.ui/examples/heap/Wellfounded/ackermann.key.proof 
142715     DEBUG main            d.u.i.k.p.i.AbstractProblemLoader Environment load took 98.1ns 
142716     INFO  main            d.u.i.k.p.i.AbstractProblemLoader Creating init config 
145137     DEBUG main            d.u.i.k.p.i.AbstractProblemLoader Init config took 2.42s 
145171     INFO  main            d.u.i.k.p.i.AbstractProblemLoader Replaying proof Ackermann[Ackermann::a(int,int)].JML normal_behavior operation contract.0 
145229     DEBUG main            d.u.i.k.p.i.IntermediateProofReplayer Proof replay took 54.46ms 
145230     DEBUG main            d.u.i.k.p.r.p.TestFile    ... success: reloaded. 
145231     INFO  main            d.u.i.k.p.r.p.TestFile    Now processing file /home/runner/work/key/key/key.core/../key.ui/examples/standard_key/unicode_test.key 
145231     INFO  main            d.u.i.k.p.i.AbstractProblemLoader Loading environment from /home/runner/work/key/key/key.core/../key.ui/examples/standard_key/unicode_test.key 
145232     DEBUG main            d.u.i.k.p.i.AbstractProblemLoader Environment load took 183.9ns 
145233     INFO  main            d.u.i.k.p.i.AbstractProblemLoader Creating init config 
147620     DEBUG main            d.u.i.k.p.i.AbstractProblemLoader Init config took 2.39s 
147633     INFO  main            d.u.i.k.p.i.AbstractProblemLoader Replaying proof unicode_test.key 
147635     DEBUG main            d.u.i.k.p.i.IntermediateProofReplayer Proof replay took 5.7ns 
147737     INFO  main            d.u.i.k.p.r.p.TestFile    ... finished proof: closed. 
147984     INFO  main            d.u.i.k.p.i.AbstractProblemLoader Loading environment from /home/runner/work/key/key/key.core/../key.ui/examples/standard_key/unicode_test.key.proof 
147984     DEBUG main            d.u.i.k.p.i.AbstractProblemLoader Environment load took 89.5ns 
147985     INFO  main            d.u.i.k.p.i.AbstractProblemLoader Creating init config 
150302     DEBUG main            d.u.i.k.p.i.AbstractProblemLoader Init config took 2.32s 
150314     INFO  main            d.u.i.k.p.i.AbstractProblemLoader Replaying proof unicode_test.key.proof 
150315     DEBUG main            d.u.i.k.p.i.IntermediateProofReplayer Proof replay took 314.4ns 
150316     DEBUG main            d.u.i.k.p.r.p.TestFile    ... success: reloaded. 
150316     INFO  main            d.u.i.k.p.r.p.TestFile    Now processing file /home/runner/work/key/key/key.core/../key.ui/examples/heap/strictlyModular/mayExpand.key 
150317     INFO  main            d.u.i.k.p.i.AbstractProblemLoader Loading environment from /home/runner/work/key/key/key.core/../key.ui/examples/heap/strictlyModular/mayExpand.key 
150317     DEBUG main            d.u.i.k.p.i.AbstractProblemLoader Environment load took 611.5ns 
150318     INFO  main            d.u.i.k.p.i.AbstractProblemLoader Creating init config 
152734     DEBUG main            d.u.i.k.p.i.AbstractProblemLoader Init config took 2.42s 
152768     INFO  main            d.u.i.k.p.i.AbstractProblemLoader Replaying proof Modular[Modular::m()].JML operation contract.0 
152770     DEBUG main            d.u.i.k.p.i.IntermediateProofReplayer Proof replay took 5.7ns 
152871     INFO  main            d.u.i.k.p.r.p.TestFile    ... finished proof: closed. 
153160     INFO  main            d.u.i.k.p.i.AbstractProblemLoader Loading environment from /home/runner/work/key/key/key.core/../key.ui/examples/heap/strictlyModular/mayExpand.key.proof 
153160     DEBUG main            d.u.i.k.p.i.AbstractProblemLoader Environment load took 91.4ns 
153161     INFO  main            d.u.i.k.p.i.AbstractProblemLoader Creating init config 
155526     DEBUG main            d.u.i.k.p.i.AbstractProblemLoader Init config took 2.37s 
155561     INFO  main            d.u.i.k.p.i.AbstractProblemLoader Replaying proof Modular[Modular::m()].JML operation contract.0 
155576     DEBUG main            d.u.i.k.p.i.IntermediateProofReplayer Proof replay took 13.28ms 
155577     DEBUG main            d.u.i.k.p.r.p.TestFile    ... success: reloaded. 
155578     INFO  main            d.u.i.k.p.r.p.TestFile    Now processing file /home/runner/work/key/key/key.core/../key.ui/examples/heap/strictlyModular/modularOnly.key 
155578     INFO  main            d.u.i.k.p.i.AbstractProblemLoader Loading environment from /home/runner/work/key/key/key.core/../key.ui/examples/heap/strictlyModular/modularOnly.key 
155578     DEBUG main            d.u.i.k.p.i.AbstractProblemLoader Environment load took 98.9ns 
155579     INFO  main            d.u.i.k.p.i.AbstractProblemLoader Creating init config 
158008     DEBUG main            d.u.i.k.p.i.AbstractProblemLoader Init config took 2.43s 
158042     INFO  main            d.u.i.k.p.i.AbstractProblemLoader Replaying proof Modular[Modular::m()].JML operation contract.0 
158043     DEBUG main            d.u.i.k.p.i.IntermediateProofReplayer Proof replay took 6.3ns 
158147     INFO  main            d.u.i.k.p.r.p.TestFile    ... finished proof: open goal(s) 
1829725    INFO  Test worker     d.u.i.k.p.r.RunAllProofsTestUnit Returning from test simpleTests 
1829726    INFO  Test worker     d.u.i.k.p.r.RunAllProofsTestUnit Running test SmansEtAl 
317        INFO  Timeout watchdog d.u.i.k.p.r.p.ForkedTestFileRunner Timeout watcher launched (2000 secs.) 
342        WARN  main            d.u.i.k.s.ProofSettings   The settings in /home/runner/.key/proof-settings.props are *not* read. 
387        INFO  main            d.u.i.k.p.r.p.TestFile    Now processing file /home/runner/work/key/key/key.core/../key.ui/examples/heap/SmansEtAl/ArrayList_add.key 
537        INFO  main            d.u.i.k.p.i.AbstractProblemLoader Loading environment from /home/runner/work/key/key/key.core/../key.ui/examples/heap/SmansEtAl/ArrayList_add.key 
562        DEBUG main            d.u.i.k.p.i.AbstractProblemLoader Environment load took 2.06ms 
794        INFO  main            d.u.i.k.p.i.AbstractProblemLoader Creating init config 
1651       DEBUG main            d.u.i.k.j.TypeConverter   No LDT found for Meta 
1654       DEBUG main            d.u.i.k.j.TypeConverter   No LDT found for Meta 
1658       DEBUG main            d.u.i.k.j.TypeConverter   No LDT found for Meta 
1658       DEBUG main            d.u.i.k.j.TypeConverter   No LDT found for Meta 
2978       DEBUG main            d.u.i.k.j.TypeConverter   No LDT found for JavaBigintExpression 
8382       DEBUG main            d.u.i.k.p.i.AbstractProblemLoader Init config took 7.59s 
8514       INFO  main            d.u.i.k.p.i.AbstractProblemLoader Replaying proof ArrayList[ArrayList::add(java.lang.Object)].JML normal_behavior operation contract.0 
8544       DEBUG main            d.u.i.k.p.i.IntermediateProofReplayer Proof replay took 30.6ns 
15741      INFO  main            d.u.i.k.p.r.p.TestFile    ... finished proof: closed. 
15928      INFO  main            d.u.i.k.p.i.AbstractProblemLoader Loading environment from /home/runner/work/key/key/key.core/../key.ui/examples/heap/SmansEtAl/ArrayList_add.key.proof 
15928      DEBUG main            d.u.i.k.p.i.AbstractProblemLoader Environment load took 418.6ns 
15932      INFO  main            d.u.i.k.p.i.AbstractProblemLoader Creating init config 
18831      DEBUG main            d.u.i.k.p.i.AbstractProblemLoader Init config took 2.9s 
18901      INFO  main            d.u.i.k.p.i.AbstractProblemLoader Replaying proof ArrayList[ArrayList::add(java.lang.Object)].JML normal_behavior operation contract.0 
19971      DEBUG main            d.u.i.k.p.i.IntermediateProofReplayer Proof replay took 1.04s 
19980      DEBUG main            d.u.i.k.p.r.p.TestFile    ... success: reloaded. 
19983      INFO  main            d.u.i.k.p.r.p.TestFile    Now processing file /home/runner/work/key/key/key.core/../key.ui/examples/heap/SmansEtAl/ArrayList_ArrayList.key 
19983      INFO  main            d.u.i.k.p.i.AbstractProblemLoader Loading environment from /home/runner/work/key/key/key.core/../key.ui/examples/heap/SmansEtAl/ArrayList_ArrayList.key 
19983      DEBUG main            d.u.i.k.p.i.AbstractProblemLoader Environment load took 107.7ns 
19987      INFO  main            d.u.i.k.p.i.AbstractProblemLoader Creating init config 
22878      DEBUG main            d.u.i.k.p.i.AbstractProblemLoader Init config took 2.89s 
22933      INFO  main            d.u.i.k.p.i.AbstractProblemLoader Replaying proof ArrayList[ArrayList::ArrayList()].JML normal_behavior operation contract.0 
22939      DEBUG main            d.u.i.k.p.i.IntermediateProofReplayer Proof replay took 5.3ns 
23946      INFO  main            d.u.i.k.p.r.p.TestFile    ... finished proof: closed. 
24100      INFO  main            d.u.i.k.p.i.AbstractProblemLoader Loading environment from /home/runner/work/key/key/key.core/../key.ui/examples/heap/SmansEtAl/ArrayList_ArrayList.key.proof 
24100      DEBUG main            d.u.i.k.p.i.AbstractProblemLoader Environment load took 406.5ns 
24103      INFO  main            d.u.i.k.p.i.AbstractProblemLoader Creating init config 
26891      DEBUG main            d.u.i.k.p.i.AbstractProblemLoader Init config took 2.79s 
26939      INFO  main            d.u.i.k.p.i.AbstractProblemLoader Replaying proof ArrayList[ArrayList::ArrayList()].JML normal_behavior operation contract.0 
27080      DEBUG main            d.u.i.k.p.i.IntermediateProofReplayer Proof replay took 133.46ms 
27082      DEBUG main            d.u.i.k.p.r.p.TestFile    ... success: reloaded. 
27083      INFO  main            d.u.i.k.p.r.p.TestFile    Now processing file /home/runner/work/key/key/key.core/../key.ui/examples/heap/SmansEtAl/ArrayList_footprint.key 
27083      INFO  main            d.u.i.k.p.i.AbstractProblemLoader Loading environment from /home/runner/work/key/key/key.core/../key.ui/examples/heap/SmansEtAl/ArrayList_footprint.key 
27084      DEBUG main            d.u.i.k.p.i.AbstractProblemLoader Environment load took 199.9ns 
27085      INFO  main            d.u.i.k.p.i.AbstractProblemLoader Creating init config 
29796      DEBUG main            d.u.i.k.p.i.AbstractProblemLoader Init config took 2.71s 
29841      INFO  main            d.u.i.k.p.i.AbstractProblemLoader Replaying proof ArrayList[ArrayList::$footprint()].JML accessible clause.0 
29844      DEBUG main            d.u.i.k.p.i.IntermediateProofReplayer Proof replay took 4.7ns 
29946      INFO  main            d.u.i.k.p.r.p.TestFile    ... finished proof: closed. 
30085      INFO  main            d.u.i.k.p.i.AbstractProblemLoader Loading environment from /home/runner/work/key/key/key.core/../key.ui/examples/heap/SmansEtAl/ArrayList_footprint.key.proof 
30085      DEBUG main            d.u.i.k.p.i.AbstractProblemLoader Environment load took 110.9ns 
30087      INFO  main            d.u.i.k.p.i.AbstractProblemLoader Creating init config 
32797      DEBUG main            d.u.i.k.p.i.AbstractProblemLoader Init config took 2.71s 
32856      INFO  main            d.u.i.k.p.i.AbstractProblemLoader Replaying proof ArrayList[ArrayList::$footprint()].JML accessible clause.0 
32873      DEBUG main            d.u.i.k.p.i.IntermediateProofReplayer Proof replay took 12.75ms 
32875      DEBUG main            d.u.i.k.p.r.p.TestFile    ... success: reloaded. 
32876      INFO  main            d.u.i.k.p.r.p.TestFile    Now processing file /home/runner/work/key/key/key.core/../key.ui/examples/heap/SmansEtAl/ArrayList_get_dep.key 
32877      INFO  main            d.u.i.k.p.i.AbstractProblemLoader Loading environment from /home/runner/work/key/key/key.core/../key.ui/examples/heap/SmansEtAl/ArrayList_get_dep.key 
32877      DEBUG main            d.u.i.k.p.i.AbstractProblemLoader Environment load took 410.2ns 
32878      INFO  main            d.u.i.k.p.i.AbstractProblemLoader Creating init config 
35584      DEBUG main            d.u.i.k.p.i.AbstractProblemLoader Init config took 2.71s 
35625      INFO  main            d.u.i.k.p.i.AbstractProblemLoader Replaying proof ArrayList[ArrayList::get(int)].JML accessible clause.0 
35627      DEBUG main            d.u.i.k.p.i.IntermediateProofReplayer Proof replay took 4.8ns 
35930      INFO  main            d.u.i.k.p.r.p.TestFile    ... finished proof: closed. 
36089      INFO  main            d.u.i.k.p.i.AbstractProblemLoader Loading environment from /home/runner/work/key/key/key.core/../key.ui/examples/heap/SmansEtAl/ArrayList_get_dep.key.proof 
36089      DEBUG main            d.u.i.k.p.i.AbstractProblemLoader Environment load took 112.5ns 
36090      INFO  main            d.u.i.k.p.i.AbstractProblemLoader Creating init config 
38738      DEBUG main            d.u.i.k.p.i.AbstractProblemLoader Init config took 2.65s 
38779      INFO  main            d.u.i.k.p.i.AbstractProblemLoader Replaying proof ArrayList[ArrayList::get(int)].JML accessible clause.0 
38834      DEBUG main            d.u.i.k.p.i.IntermediateProofReplayer Proof replay took 51.46ms 
38835      DEBUG main            d.u.i.k.p.r.p.TestFile    ... success: reloaded. 
38836      INFO  main            d.u.i.k.p.r.p.TestFile    Now processing file /home/runner/work/key/key/key.core/../key.ui/examples/heap/SmansEtAl/ArrayList_get.key 
38837      INFO  main            d.u.i.k.p.i.AbstractProblemLoader Loading environment from /home/runner/work/key/key/key.core/../key.ui/examples/heap/SmansEtAl/ArrayList_get.key 
38837      DEBUG main            d.u.i.k.p.i.AbstractProblemLoader Environment load took 234.4ns 
38838      INFO  main            d.u.i.k.p.i.AbstractProblemLoader Creating init config 
41501      DEBUG main            d.u.i.k.p.i.AbstractProblemLoader Init config took 2.66s 
41542      INFO  main            d.u.i.k.p.i.AbstractProblemLoader Replaying proof ArrayList[ArrayList::get(int)].JML normal_behavior operation contract.0 
41544      DEBUG main            d.u.i.k.p.i.IntermediateProofReplayer Proof replay took 4.9ns 
41746      INFO  main            d.u.i.k.p.r.p.TestFile    ... finished proof: closed. 
41905      INFO  main            d.u.i.k.p.i.AbstractProblemLoader Loading environment from /home/runner/work/key/key/key.core/../key.ui/examples/heap/SmansEtAl/ArrayList_get.key.proof 
41905      DEBUG main            d.u.i.k.p.i.AbstractProblemLoader Environment load took 119.9ns 
41906      INFO  main            d.u.i.k.p.i.AbstractProblemLoader Creating init config 
44522      DEBUG main            d.u.i.k.p.i.AbstractProblemLoader Init config took 2.62s 
44564      INFO  main            d.u.i.k.p.i.AbstractProblemLoader Replaying proof ArrayList[ArrayList::get(int)].JML normal_behavior operation contract.0 
44593      DEBUG main            d.u.i.k.p.i.IntermediateProofReplayer Proof replay took 26.77ms 
44594      DEBUG main            d.u.i.k.p.r.p.TestFile    ... success: reloaded. 
44595      INFO  main            d.u.i.k.p.r.p.TestFile    Now processing file /home/runner/work/key/key/key.core/../key.ui/examples/heap/SmansEtAl/ArrayList_inv.key 
44596      INFO  main            d.u.i.k.p.i.AbstractProblemLoader Loading environment from /home/runner/work/key/key/key.core/../key.ui/examples/heap/SmansEtAl/ArrayList_inv.key 
44596      DEBUG main            d.u.i.k.p.i.AbstractProblemLoader Environment load took 98.1ns 
44597      INFO  main            d.u.i.k.p.i.AbstractProblemLoader Creating init config 
47292      DEBUG main            d.u.i.k.p.i.AbstractProblemLoader Init config took 2.7s 
47333      INFO  main            d.u.i.k.p.i.AbstractProblemLoader Replaying proof ArrayList[java.lang.Object::<inv>()].JML accessible clause.0 
47335      DEBUG main            d.u.i.k.p.i.IntermediateProofReplayer Proof replay took 5.9ns 
47436      INFO  main            d.u.i.k.p.r.p.TestFile    ... finished proof: closed. 
47600      INFO  main            d.u.i.k.p.i.AbstractProblemLoader Loading environment from /home/runner/work/key/key/key.core/../key.ui/examples/heap/SmansEtAl/ArrayList_inv.key.proof 
47600      DEBUG main            d.u.i.k.p.i.AbstractProblemLoader Environment load took 105.7ns 
47601      INFO  main            d.u.i.k.p.i.AbstractProblemLoader Creating init config 
50194      DEBUG main            d.u.i.k.p.i.AbstractProblemLoader Init config took 2.59s 
50235      INFO  main            d.u.i.k.p.i.AbstractProblemLoader Replaying proof ArrayList[java.lang.Object::<inv>()].JML accessible clause.0 
50246      DEBUG main            d.u.i.k.p.i.IntermediateProofReplayer Proof replay took 9.07ms 
50247      DEBUG main            d.u.i.k.p.r.p.TestFile    ... success: reloaded. 
50248      INFO  main            d.u.i.k.p.r.p.TestFile    Now processing file /home/runner/work/key/key/key.core/../key.ui/examples/heap/SmansEtAl/ArrayList_size_dep.key 
50248      INFO  main            d.u.i.k.p.i.AbstractProblemLoader Loading environment from /home/runner/work/key/key/key.core/../key.ui/examples/heap/SmansEtAl/ArrayList_size_dep.key 
50249      DEBUG main            d.u.i.k.p.i.AbstractProblemLoader Environment load took 224.3ns 
50250      INFO  main            d.u.i.k.p.i.AbstractProblemLoader Creating init config 
52877      DEBUG main            d.u.i.k.p.i.AbstractProblemLoader Init config took 2.63s 
52923      INFO  main            d.u.i.k.p.i.AbstractProblemLoader Replaying proof ArrayList[ArrayList::size()].JML accessible clause.0 
52926      DEBUG main            d.u.i.k.p.i.IntermediateProofReplayer Proof replay took 5.2ns 
53028      INFO  main            d.u.i.k.p.r.p.TestFile    ... finished proof: closed. 
53239      INFO  main            d.u.i.k.p.i.AbstractProblemLoader Loading environment from /home/runner/work/key/key/key.core/../key.ui/examples/heap/SmansEtAl/ArrayList_size_dep.key.proof 
53239      DEBUG main            d.u.i.k.p.i.AbstractProblemLoader Environment load took 111.8ns 
53240      INFO  main            d.u.i.k.p.i.AbstractProblemLoader Creating init config 
55843      DEBUG main            d.u.i.k.p.i.AbstractProblemLoader Init config took 2.6s 
55884      INFO  main            d.u.i.k.p.i.AbstractProblemLoader Replaying proof ArrayList[ArrayList::size()].JML accessible clause.0 
55900      DEBUG main            d.u.i.k.p.i.IntermediateProofReplayer Proof replay took 14.06ms 
55900      DEBUG main            d.u.i.k.p.r.p.TestFile    ... success: reloaded. 
55901      INFO  main            d.u.i.k.p.r.p.TestFile    Now processing file /home/runner/work/key/key/key.core/../key.ui/examples/heap/SmansEtAl/ArrayList_size.key 
55902      INFO  main            d.u.i.k.p.i.AbstractProblemLoader Loading environment from /home/runner/work/key/key/key.core/../key.ui/examples/heap/SmansEtAl/ArrayList_size.key 
55902      DEBUG main            d.u.i.k.p.i.AbstractProblemLoader Environment load took 87.9ns 
55903      INFO  main            d.u.i.k.p.i.AbstractProblemLoader Creating init config 
58548      DEBUG main            d.u.i.k.p.i.AbstractProblemLoader Init config took 2.65s 
58586      INFO  main            d.u.i.k.p.i.AbstractProblemLoader Replaying proof ArrayList[ArrayList::size()].JML normal_behavior operation contract.0 
58587      DEBUG main            d.u.i.k.p.i.IntermediateProofReplayer Proof replay took 5.6ns 
58697      INFO  main            d.u.i.k.p.r.p.TestFile    ... finished proof: closed. 
58861      INFO  main            d.u.i.k.p.i.AbstractProblemLoader Loading environment from /home/runner/work/key/key/key.core/../key.ui/examples/heap/SmansEtAl/ArrayList_size.key.proof 
58861      DEBUG main            d.u.i.k.p.i.AbstractProblemLoader Environment load took 108.5ns 
58862      INFO  main            d.u.i.k.p.i.AbstractProblemLoader Creating init config 
61465      DEBUG main            d.u.i.k.p.i.AbstractProblemLoader Init config took 2.6s 
61502      INFO  main            d.u.i.k.p.i.AbstractProblemLoader Replaying proof ArrayList[ArrayList::size()].JML normal_behavior operation contract.0 
61517      DEBUG main            d.u.i.k.p.i.IntermediateProofReplayer Proof replay took 12.71ms 
61518      DEBUG main            d.u.i.k.p.r.p.TestFile    ... success: reloaded. 
61519      INFO  main            d.u.i.k.p.r.p.TestFile    Now processing file /home/runner/work/key/key/key.core/../key.ui/examples/heap/SmansEtAl/Cell_Cell.key 
61520      INFO  main            d.u.i.k.p.i.AbstractProblemLoader Loading environment from /home/runner/work/key/key/key.core/../key.ui/examples/heap/SmansEtAl/Cell_Cell.key 
61520      DEBUG main            d.u.i.k.p.i.AbstractProblemLoader Environment load took 215.4ns 
61521      INFO  main            d.u.i.k.p.i.AbstractProblemLoader Creating init config 
64118      DEBUG main            d.u.i.k.p.i.AbstractProblemLoader Init config took 2.6s 
64152      INFO  main            d.u.i.k.p.i.AbstractProblemLoader Replaying proof Cell[Cell::Cell()].JML normal_behavior operation contract.0 
64154      DEBUG main            d.u.i.k.p.i.IntermediateProofReplayer Proof replay took 4.9ns 
64356      INFO  main            d.u.i.k.p.r.p.TestFile    ... finished proof: closed. 
64532      INFO  main            d.u.i.k.p.i.AbstractProblemLoader Loading environment from /home/runner/work/key/key/key.core/../key.ui/examples/heap/SmansEtAl/Cell_Cell.key.proof 
64532      DEBUG main            d.u.i.k.p.i.AbstractProblemLoader Environment load took 109.3ns 
64533      INFO  main            d.u.i.k.p.i.AbstractProblemLoader Creating init config 
67094      DEBUG main            d.u.i.k.p.i.AbstractProblemLoader Init config took 2.56s 
67139      INFO  main            d.u.i.k.p.i.AbstractProblemLoader Replaying proof Cell[Cell::Cell()].JML normal_behavior operation contract.0 
67176      DEBUG main            d.u.i.k.p.i.IntermediateProofReplayer Proof replay took 34.61ms 
67177      DEBUG main            d.u.i.k.p.r.p.TestFile    ... success: reloaded. 
67178      INFO  main            d.u.i.k.p.r.p.TestFile    Now processing file /home/runner/work/key/key/key.core/../key.ui/examples/heap/SmansEtAl/Cell_footprint.key 
67178      INFO  main            d.u.i.k.p.i.AbstractProblemLoader Loading environment from /home/runner/work/key/key/key.core/../key.ui/examples/heap/SmansEtAl/Cell_footprint.key 
67178      DEBUG main            d.u.i.k.p.i.AbstractProblemLoader Environment load took 87.7ns 
67179      INFO  main            d.u.i.k.p.i.AbstractProblemLoader Creating init config 
69816      DEBUG main            d.u.i.k.p.i.AbstractProblemLoader Init config took 2.64s 
69849      INFO  main            d.u.i.k.p.i.AbstractProblemLoader Replaying proof Cell[Cell::$footprint()].JML accessible clause.0 
69851      DEBUG main            d.u.i.k.p.i.IntermediateProofReplayer Proof replay took 5.9ns 
69956      INFO  main            d.u.i.k.p.r.p.TestFile    ... finished proof: closed. 
70124      INFO  main            d.u.i.k.p.i.AbstractProblemLoader Loading environment from /home/runner/work/key/key/key.core/../key.ui/examples/heap/SmansEtAl/Cell_footprint.key.proof 
70124      DEBUG main            d.u.i.k.p.i.AbstractProblemLoader Environment load took 104.3ns 
70125      INFO  main            d.u.i.k.p.i.AbstractProblemLoader Creating init config 
72721      DEBUG main            d.u.i.k.p.i.AbstractProblemLoader Init config took 2.6s 
72755      INFO  main            d.u.i.k.p.i.AbstractProblemLoader Replaying proof Cell[Cell::$footprint()].JML accessible clause.0 
72760      DEBUG main            d.u.i.k.p.i.IntermediateProofReplayer Proof replay took 3.25ms 
72761      DEBUG main            d.u.i.k.p.r.p.TestFile    ... success: reloaded. 
72762      INFO  main            d.u.i.k.p.r.p.TestFile    Now processing file /home/runner/work/key/key/key.core/../key.ui/examples/heap/SmansEtAl/Cell_getX_dep.key 
72763      INFO  main            d.u.i.k.p.i.AbstractProblemLoader Loading environment from /home/runner/work/key/key/key.core/../key.ui/examples/heap/SmansEtAl/Cell_getX_dep.key 
72763      DEBUG main            d.u.i.k.p.i.AbstractProblemLoader Environment load took 193.3ns 
72764      INFO  main            d.u.i.k.p.i.AbstractProblemLoader Creating init config 
75330      DEBUG main            d.u.i.k.p.i.AbstractProblemLoader Init config took 2.57s 
75363      INFO  main            d.u.i.k.p.i.AbstractProblemLoader Replaying proof Cell[Cell::getX()].JML accessible clause.0 
75365      DEBUG main            d.u.i.k.p.i.IntermediateProofReplayer Proof replay took 5.8ns 
75468      INFO  main            d.u.i.k.p.r.p.TestFile    ... finished proof: closed. 
75673      INFO  main            d.u.i.k.p.i.AbstractProblemLoader Loading environment from /home/runner/work/key/key/key.core/../key.ui/examples/heap/SmansEtAl/Cell_getX_dep.key.proof 
75673      DEBUG main            d.u.i.k.p.i.AbstractProblemLoader Environment load took 107ns 
75674      INFO  main            d.u.i.k.p.i.AbstractProblemLoader Creating init config 
78246      DEBUG main            d.u.i.k.p.i.AbstractProblemLoader Init config took 2.57s 
78279      INFO  main            d.u.i.k.p.i.AbstractProblemLoader Replaying proof Cell[Cell::getX()].JML accessible clause.0 
78292      DEBUG main            d.u.i.k.p.i.IntermediateProofReplayer Proof replay took 11.03ms 
78293      DEBUG main            d.u.i.k.p.r.p.TestFile    ... success: reloaded. 
78294      INFO  main            d.u.i.k.p.r.p.TestFile    Now processing file /home/runner/work/key/key/key.core/../key.ui/examples/heap/SmansEtAl/Cell_getX.key 
78294      INFO  main            d.u.i.k.p.i.AbstractProblemLoader Loading environment from /home/runner/work/key/key/key.core/../key.ui/examples/heap/SmansEtAl/Cell_getX.key 
78294      DEBUG main            d.u.i.k.p.i.AbstractProblemLoader Environment load took 72.3ns 
78295      INFO  main            d.u.i.k.p.i.AbstractProblemLoader Creating init config 
80931      DEBUG main            d.u.i.k.p.i.AbstractProblemLoader Init config took 2.64s 
80964      INFO  main            d.u.i.k.p.i.AbstractProblemLoader Replaying proof Cell[Cell::getX()].JML normal_behavior operation contract.0 
80966      DEBUG main            d.u.i.k.p.i.IntermediateProofReplayer Proof replay took 5.1ns 
81068      INFO  main            d.u.i.k.p.r.p.TestFile    ... finished proof: closed. 
81255      INFO  main            d.u.i.k.p.i.AbstractProblemLoader Loading environment from /home/runner/work/key/key/key.core/../key.ui/examples/heap/SmansEtAl/Cell_getX.key.proof 
81255      DEBUG main            d.u.i.k.p.i.AbstractProblemLoader Environment load took 114.6ns 
81256      INFO  main            d.u.i.k.p.i.AbstractProblemLoader Creating init config 
83813      DEBUG main            d.u.i.k.p.i.AbstractProblemLoader Init config took 2.56s 
83850      INFO  main            d.u.i.k.p.i.AbstractProblemLoader Replaying proof Cell[Cell::getX()].JML normal_behavior operation contract.0 
83868      DEBUG main            d.u.i.k.p.i.IntermediateProofReplayer Proof replay took 14.06ms 
83869      DEBUG main            d.u.i.k.p.r.p.TestFile    ... success: reloaded. 
83870      INFO  main            d.u.i.k.p.r.p.TestFile    Now processing file /home/runner/work/key/key/key.core/../key.ui/examples/heap/SmansEtAl/Cell_inv.key 
83870      INFO  main            d.u.i.k.p.i.AbstractProblemLoader Loading environment from /home/runner/work/key/key/key.core/../key.ui/examples/heap/SmansEtAl/Cell_inv.key 
83870      DEBUG main            d.u.i.k.p.i.AbstractProblemLoader Environment load took 184.9ns 
83872      INFO  main            d.u.i.k.p.i.AbstractProblemLoader Creating init config 
86535      DEBUG main            d.u.i.k.p.i.AbstractProblemLoader Init config took 2.66s 
86567      INFO  main            d.u.i.k.p.i.AbstractProblemLoader Replaying proof Cell[java.lang.Object::<inv>()].JML accessible clause.0 
86569      DEBUG main            d.u.i.k.p.i.IntermediateProofReplayer Proof replay took 5.3ns 
86672      INFO  main            d.u.i.k.p.r.p.TestFile    ... finished proof: closed. 
86862      INFO  main            d.u.i.k.p.i.AbstractProblemLoader Loading environment from /home/runner/work/key/key/key.core/../key.ui/examples/heap/SmansEtAl/Cell_inv.key.proof 
86863      DEBUG main            d.u.i.k.p.i.AbstractProblemLoader Environment load took 101.7ns 
86863      INFO  main            d.u.i.k.p.i.AbstractProblemLoader Creating init config 
89416      DEBUG main            d.u.i.k.p.i.AbstractProblemLoader Init config took 2.55s 
89448      INFO  main            d.u.i.k.p.i.AbstractProblemLoader Replaying proof Cell[java.lang.Object::<inv>()].JML accessible clause.0 
89451      DEBUG main            d.u.i.k.p.i.IntermediateProofReplayer Proof replay took 1.5ms 
89452      DEBUG main            d.u.i.k.p.r.p.TestFile    ... success: reloaded. 
89453      INFO  main            d.u.i.k.p.r.p.TestFile    Now processing file /home/runner/work/key/key/key.core/../key.ui/examples/heap/SmansEtAl/Cell_setX.key 
89453      INFO  main            d.u.i.k.p.i.AbstractProblemLoader Loading environment from /home/runner/work/key/key/key.core/../key.ui/examples/heap/SmansEtAl/Cell_setX.key 
89453      DEBUG main            d.u.i.k.p.i.AbstractProblemLoader Environment load took 180.7ns 
89454      INFO  main            d.u.i.k.p.i.AbstractProblemLoader Creating init config 
92068      DEBUG main            d.u.i.k.p.i.AbstractProblemLoader Init config took 2.61s 
92114      INFO  main            d.u.i.k.p.i.AbstractProblemLoader Replaying proof Cell[Cell::setX(int)].JML normal_behavior operation contract.0 
92116      DEBUG main            d.u.i.k.p.i.IntermediateProofReplayer Proof replay took 6.2ns 
92220      INFO  main            d.u.i.k.p.r.p.TestFile    ... finished proof: closed. 
92416      INFO  main            d.u.i.k.p.i.AbstractProblemLoader Loading environment from /home/runner/work/key/key/key.core/../key.ui/examples/heap/SmansEtAl/Cell_setX.key.proof 
92416      DEBUG main            d.u.i.k.p.i.AbstractProblemLoader Environment load took 100.9ns 
92417      INFO  main            d.u.i.k.p.i.AbstractProblemLoader Creating init config 
94962      DEBUG main            d.u.i.k.p.i.AbstractProblemLoader Init config took 2.55s 
95002      INFO  main            d.u.i.k.p.i.AbstractProblemLoader Replaying proof Cell[Cell::setX(int)].JML normal_behavior operation contract.0 
95023      DEBUG main            d.u.i.k.p.i.IntermediateProofReplayer Proof replay took 18.89ms 
95024      DEBUG main            d.u.i.k.p.r.p.TestFile    ... success: reloaded. 
95025      INFO  main            d.u.i.k.p.r.p.TestFile    Now processing file /home/runner/work/key/key/key.core/../key.ui/examples/heap/SmansEtAl/CellClient_m.key 
95025      INFO  main            d.u.i.k.p.i.AbstractProblemLoader Loading environment from /home/runner/work/key/key/key.core/../key.ui/examples/heap/SmansEtAl/CellClient_m.key 
95025      DEBUG main            d.u.i.k.p.i.AbstractProblemLoader Environment load took 81.9ns 
95026      INFO  main            d.u.i.k.p.i.AbstractProblemLoader Creating init config 
97637      DEBUG main            d.u.i.k.p.i.AbstractProblemLoader Init config took 2.61s 
97672      INFO  main            d.u.i.k.p.i.AbstractProblemLoader Replaying proof CellClient[CellClient::m()].JML operation contract.0 
97674      DEBUG main            d.u.i.k.p.i.IntermediateProofReplayer Proof replay took 5.4ns 
98177      INFO  main            d.u.i.k.p.r.p.TestFile    ... finished proof: closed. 
98402      INFO  main            d.u.i.k.p.i.AbstractProblemLoader Loading environment from /home/runner/work/key/key/key.core/../key.ui/examples/heap/SmansEtAl/CellClient_m.key.proof 
98402      DEBUG main            d.u.i.k.p.i.AbstractProblemLoader Environment load took 103.1ns 
98405      INFO  main            d.u.i.k.p.i.AbstractProblemLoader Creating init config 
100952     DEBUG main            d.u.i.k.p.i.AbstractProblemLoader Init config took 2.55s 
100983     INFO  main            d.u.i.k.p.i.AbstractProblemLoader Replaying proof CellClient[CellClient::m()].JML operation contract.0 
101074     DEBUG main            d.u.i.k.p.i.IntermediateProofReplayer Proof replay took 86.55ms 
101075     DEBUG main            d.u.i.k.p.r.p.TestFile    ... success: reloaded. 
101075     INFO  main            d.u.i.k.p.r.p.TestFile    Now processing file /home/runner/work/key/key/key.core/../key.ui/examples/heap/SmansEtAl/Iterator_footprint.key 
101076     INFO  main            d.u.i.k.p.i.AbstractProblemLoader Loading environment from /home/runner/work/key/key/key.core/../key.ui/examples/heap/SmansEtAl/Iterator_footprint.key 
101076     DEBUG main            d.u.i.k.p.i.AbstractProblemLoader Environment load took 88.7ns 
101077     INFO  main            d.u.i.k.p.i.AbstractProblemLoader Creating init config 
103672     DEBUG main            d.u.i.k.p.i.AbstractProblemLoader Init config took 2.6s 
103725     INFO  main            d.u.i.k.p.i.AbstractProblemLoader Replaying proof Iterator[Iterator::$footprint()].JML accessible clause.0 
103727     DEBUG main            d.u.i.k.p.i.IntermediateProofReplayer Proof replay took 5.4ns 
103832     INFO  main            d.u.i.k.p.r.p.TestFile    ... finished proof: closed. 
104036     INFO  main            d.u.i.k.p.i.AbstractProblemLoader Loading environment from /home/runner/work/key/key/key.core/../key.ui/examples/heap/SmansEtAl/Iterator_footprint.key.proof 
104036     DEBUG main            d.u.i.k.p.i.AbstractProblemLoader Environment load took 103.3ns 
104037     INFO  main            d.u.i.k.p.i.AbstractProblemLoader Creating init config 
106576     DEBUG main            d.u.i.k.p.i.AbstractProblemLoader Init config took 2.54s 
106612     INFO  main            d.u.i.k.p.i.AbstractProblemLoader Replaying proof Iterator[Iterator::$footprint()].JML accessible clause.0 
106619     DEBUG main            d.u.i.k.p.i.IntermediateProofReplayer Proof replay took 5.45ms 
106624     DEBUG main            d.u.i.k.p.r.p.TestFile    ... success: reloaded. 
106626     INFO  main            d.u.i.k.p.r.p.TestFile    Now processing file /home/runner/work/key/key/key.core/../key.ui/examples/heap/SmansEtAl/Iterator_hasNext_dep.key 
106626     INFO  main            d.u.i.k.p.i.AbstractProblemLoader Loading environment from /home/runner/work/key/key/key.core/../key.ui/examples/heap/SmansEtAl/Iterator_hasNext_dep.key 
106626     DEBUG main            d.u.i.k.p.i.AbstractProblemLoader Environment load took 214.5ns 
106627     INFO  main            d.u.i.k.p.i.AbstractProblemLoader Creating init config 
109239     DEBUG main            d.u.i.k.p.i.AbstractProblemLoader Init config took 2.61s 
109273     INFO  main            d.u.i.k.p.i.AbstractProblemLoader Replaying proof Iterator[Iterator::hasNext()].JML accessible clause.0 
109274     DEBUG main            d.u.i.k.p.i.IntermediateProofReplayer Proof replay took 5ns 
109778     INFO  main            d.u.i.k.p.r.p.TestFile    ... finished proof: closed. 
110001     INFO  main            d.u.i.k.p.i.AbstractProblemLoader Loading environment from /home/runner/work/key/key/key.core/../key.ui/examples/heap/SmansEtAl/Iterator_hasNext_dep.key.proof 
110001     DEBUG main            d.u.i.k.p.i.AbstractProblemLoader Environment load took 143.5ns 
110002     INFO  main            d.u.i.k.p.i.AbstractProblemLoader Creating init config 
112533     DEBUG main            d.u.i.k.p.i.AbstractProblemLoader Init config took 2.53s 
112567     INFO  main            d.u.i.k.p.i.AbstractProblemLoader Replaying proof Iterator[Iterator::hasNext()].JML accessible clause.0 
112649     DEBUG main            d.u.i.k.p.i.IntermediateProofReplayer Proof replay took 75.77ms 
112650     DEBUG main            d.u.i.k.p.r.p.TestFile    ... success: reloaded. 
112651     INFO  main            d.u.i.k.p.r.p.TestFile    Now processing file /home/runner/work/key/key/key.core/../key.ui/examples/heap/SmansEtAl/Iterator_hasNext.key 
112651     INFO  main            d.u.i.k.p.i.AbstractProblemLoader Loading environment from /home/runner/work/key/key/key.core/../key.ui/examples/heap/SmansEtAl/Iterator_hasNext.key 
112651     DEBUG main            d.u.i.k.p.i.AbstractProblemLoader Environment load took 191ns 
112652     INFO  main            d.u.i.k.p.i.AbstractProblemLoader Creating init config 
115242     DEBUG main            d.u.i.k.p.i.AbstractProblemLoader Init config took 2.59s 
115278     INFO  main            d.u.i.k.p.i.AbstractProblemLoader Replaying proof Iterator[Iterator::hasNext()].JML normal_behavior operation contract.0 
115279     DEBUG main            d.u.i.k.p.i.IntermediateProofReplayer Proof replay took 5.3ns 
115784     INFO  main            d.u.i.k.p.r.p.TestFile    ... finished proof: closed. 
116022     INFO  main            d.u.i.k.p.i.AbstractProblemLoader Loading environment from /home/runner/work/key/key/key.core/../key.ui/examples/heap/SmansEtAl/Iterator_hasNext.key.proof 
116023     DEBUG main            d.u.i.k.p.i.AbstractProblemLoader Environment load took 484.6ns 
116024     INFO  main            d.u.i.k.p.i.AbstractProblemLoader Creating init config 
118546     DEBUG main            d.u.i.k.p.i.AbstractProblemLoader Init config took 2.52s 
118581     INFO  main            d.u.i.k.p.i.AbstractProblemLoader Replaying proof Iterator[Iterator::hasNext()].JML normal_behavior operation contract.0 
118656     DEBUG main            d.u.i.k.p.i.IntermediateProofReplayer Proof replay took 70.03ms 
118657     DEBUG main            d.u.i.k.p.r.p.TestFile    ... success: reloaded. 
118658     INFO  main            d.u.i.k.p.r.p.TestFile    Now processing file /home/runner/work/key/key/key.core/../key.ui/examples/heap/SmansEtAl/Iterator_inv.key 
118658     INFO  main            d.u.i.k.p.i.AbstractProblemLoader Loading environment from /home/runner/work/key/key/key.core/../key.ui/examples/heap/SmansEtAl/Iterator_inv.key 
118658     DEBUG main            d.u.i.k.p.i.AbstractProblemLoader Environment load took 94.1ns 
118659     INFO  main            d.u.i.k.p.i.AbstractProblemLoader Creating init config 
121251     DEBUG main            d.u.i.k.p.i.AbstractProblemLoader Init config took 2.59s 
121284     INFO  main            d.u.i.k.p.i.AbstractProblemLoader Replaying proof Iterator[java.lang.Object::<inv>()].JML accessible clause.0 
121286     DEBUG main            d.u.i.k.p.i.IntermediateProofReplayer Proof replay took 5.4ns 
121488     INFO  main            d.u.i.k.p.r.p.TestFile    ... finished proof: closed. 
121709     INFO  main            d.u.i.k.p.i.AbstractProblemLoader Loading environment from /home/runner/work/key/key/key.core/../key.ui/examples/heap/SmansEtAl/Iterator_inv.key.proof 
121709     DEBUG main            d.u.i.k.p.i.AbstractProblemLoader Environment load took 111.1ns 
121710     INFO  main            d.u.i.k.p.i.AbstractProblemLoader Creating init config 
124246     DEBUG main            d.u.i.k.p.i.AbstractProblemLoader Init config took 2.54s 
124280     INFO  main            d.u.i.k.p.i.AbstractProblemLoader Replaying proof Iterator[java.lang.Object::<inv>()].JML accessible clause.0 
124302     DEBUG main            d.u.i.k.p.i.IntermediateProofReplayer Proof replay took 19.79ms 
124303     DEBUG main            d.u.i.k.p.r.p.TestFile    ... success: reloaded. 
124304     INFO  main            d.u.i.k.p.r.p.TestFile    Now processing file /home/runner/work/key/key/key.core/../key.ui/examples/heap/SmansEtAl/Iterator_Iterator.key 
124304     INFO  main            d.u.i.k.p.i.AbstractProblemLoader Loading environment from /home/runner/work/key/key/key.core/../key.ui/examples/heap/SmansEtAl/Iterator_Iterator.key 
124304     DEBUG main            d.u.i.k.p.i.AbstractProblemLoader Environment load took 87.4ns 
124305     INFO  main            d.u.i.k.p.i.AbstractProblemLoader Creating init config 
126905     DEBUG main            d.u.i.k.p.i.AbstractProblemLoader Init config took 2.6s 
126939     INFO  main            d.u.i.k.p.i.AbstractProblemLoader Replaying proof Iterator[Iterator::Iterator(ArrayList)].JML normal_behavior operation contract.0 
126941     DEBUG main            d.u.i.k.p.i.IntermediateProofReplayer Proof replay took 5.2ns 
128169     INFO  main            d.u.i.k.p.r.p.TestFile    ... finished proof: closed. 
128409     INFO  main            d.u.i.k.p.i.AbstractProblemLoader Loading environment from /home/runner/work/key/key/key.core/../key.ui/examples/heap/SmansEtAl/Iterator_Iterator.key.proof 
128409     DEBUG main            d.u.i.k.p.i.AbstractProblemLoader Environment load took 360.1ns 
128410     INFO  main            d.u.i.k.p.i.AbstractProblemLoader Creating init config 
130937     DEBUG main            d.u.i.k.p.i.AbstractProblemLoader Init config took 2.53s 
130971     INFO  main            d.u.i.k.p.i.AbstractProblemLoader Replaying proof Iterator[Iterator::Iterator(ArrayList)].JML normal_behavior operation contract.0 
131134     DEBUG main            d.u.i.k.p.i.IntermediateProofReplayer Proof replay took 149.04ms 
131135     DEBUG main            d.u.i.k.p.r.p.TestFile    ... success: reloaded. 
131136     INFO  main            d.u.i.k.p.r.p.TestFile    Now processing file /home/runner/work/key/key/key.core/../key.ui/examples/heap/SmansEtAl/Iterator_list_dep.key 
131136     INFO  main            d.u.i.k.p.i.AbstractProblemLoader Loading environment from /home/runner/work/key/key/key.core/../key.ui/examples/heap/SmansEtAl/Iterator_list_dep.key 
131137     DEBUG main            d.u.i.k.p.i.AbstractProblemLoader Environment load took 176.1ns 
131137     INFO  main            d.u.i.k.p.i.AbstractProblemLoader Creating init config 
133716     DEBUG main            d.u.i.k.p.i.AbstractProblemLoader Init config took 2.58s 
133749     INFO  main            d.u.i.k.p.i.AbstractProblemLoader Replaying proof Iterator[Iterator::list()].JML accessible clause.0 
133750     DEBUG main            d.u.i.k.p.i.IntermediateProofReplayer Proof replay took 5.6ns 
133852     INFO  main            d.u.i.k.p.r.p.TestFile    ... finished proof: closed. 
134081     INFO  main            d.u.i.k.p.i.AbstractProblemLoader Loading environment from /home/runner/work/key/key/key.core/../key.ui/examples/heap/SmansEtAl/Iterator_list_dep.key.proof 
134081     DEBUG main            d.u.i.k.p.i.AbstractProblemLoader Environment load took 104.3ns 
134082     INFO  main            d.u.i.k.p.i.AbstractProblemLoader Creating init config 
136605     DEBUG main            d.u.i.k.p.i.AbstractProblemLoader Init config took 2.52s 
136638     INFO  main            d.u.i.k.p.i.AbstractProblemLoader Replaying proof Iterator[Iterator::list()].JML accessible clause.0 
136655     DEBUG main            d.u.i.k.p.i.IntermediateProofReplayer Proof replay took 15.11ms 
136656     DEBUG main            d.u.i.k.p.r.p.TestFile    ... success: reloaded. 
136657     INFO  main            d.u.i.k.p.r.p.TestFile    Now processing file /home/runner/work/key/key/key.core/../key.ui/examples/heap/SmansEtAl/Iterator_list.key 
136657     INFO  main            d.u.i.k.p.i.AbstractProblemLoader Loading environment from /home/runner/work/key/key/key.core/../key.ui/examples/heap/SmansEtAl/Iterator_list.key 
136657     DEBUG main            d.u.i.k.p.i.AbstractProblemLoader Environment load took 101.4ns 
136658     INFO  main            d.u.i.k.p.i.AbstractProblemLoader Creating init config 
139242     DEBUG main            d.u.i.k.p.i.AbstractProblemLoader Init config took 2.58s 
139277     INFO  main            d.u.i.k.p.i.AbstractProblemLoader Replaying proof Iterator[Iterator::list()].JML normal_behavior operation contract.0 
139278     DEBUG main            d.u.i.k.p.i.IntermediateProofReplayer Proof replay took 5ns 
139379     INFO  main            d.u.i.k.p.r.p.TestFile    ... finished proof: closed. 
139616     INFO  main            d.u.i.k.p.i.AbstractProblemLoader Loading environment from /home/runner/work/key/key/key.core/../key.ui/examples/heap/SmansEtAl/Iterator_list.key.proof 
139616     DEBUG main            d.u.i.k.p.i.AbstractProblemLoader Environment load took 100.6ns 
139617     INFO  main            d.u.i.k.p.i.AbstractProblemLoader Creating init config 
142138     DEBUG main            d.u.i.k.p.i.AbstractProblemLoader Init config took 2.52s 
142173     INFO  main            d.u.i.k.p.i.AbstractProblemLoader Replaying proof Iterator[Iterator::list()].JML normal_behavior operation contract.0 
142187     DEBUG main            d.u.i.k.p.i.IntermediateProofReplayer Proof replay took 13.09ms 
142188     DEBUG main            d.u.i.k.p.r.p.TestFile    ... success: reloaded. 
142189     INFO  main            d.u.i.k.p.r.p.TestFile    Now processing file /home/runner/work/key/key/key.core/../key.ui/examples/heap/SmansEtAl/Iterator_next.key 
142189     INFO  main            d.u.i.k.p.i.AbstractProblemLoader Loading environment from /home/runner/work/key/key/key.core/../key.ui/examples/heap/SmansEtAl/Iterator_next.key 
142189     DEBUG main            d.u.i.k.p.i.AbstractProblemLoader Environment load took 91.6ns 
142190     INFO  main            d.u.i.k.p.i.AbstractProblemLoader Creating init config 
144788     DEBUG main            d.u.i.k.p.i.AbstractProblemLoader Init config took 2.6s 
144822     INFO  main            d.u.i.k.p.i.AbstractProblemLoader Replaying proof Iterator[Iterator::next()].JML normal_behavior operation contract.0 
144823     DEBUG main            d.u.i.k.p.i.IntermediateProofReplayer Proof replay took 5.4ns 
147262     INFO  main            d.u.i.k.p.r.p.TestFile    ... finished proof: closed. 
147525     INFO  main            d.u.i.k.p.i.AbstractProblemLoader Loading environment from /home/runner/work/key/key/key.core/../key.ui/examples/heap/SmansEtAl/Iterator_next.key.proof 
147525     DEBUG main            d.u.i.k.p.i.AbstractProblemLoader Environment load took 368.2ns 
147527     INFO  main            d.u.i.k.p.i.AbstractProblemLoader Creating init config 
150035     DEBUG main            d.u.i.k.p.i.AbstractProblemLoader Init config took 2.51s 
150068     INFO  main            d.u.i.k.p.i.AbstractProblemLoader Replaying proof Iterator[Iterator::next()].JML normal_behavior operation contract.0 
150365     DEBUG main            d.u.i.k.p.i.IntermediateProofReplayer Proof replay took 276.85ms 
150367     DEBUG main            d.u.i.k.p.r.p.TestFile    ... success: reloaded. 
150368     INFO  main            d.u.i.k.p.r.p.TestFile    Now processing file /home/runner/work/key/key/key.core/../key.ui/examples/heap/SmansEtAl/Stack_footprint.key 
150368     INFO  main            d.u.i.k.p.i.AbstractProblemLoader Loading environment from /home/runner/work/key/key/key.core/../key.ui/examples/heap/SmansEtAl/Stack_footprint.key 
150368     DEBUG main            d.u.i.k.p.i.AbstractProblemLoader Environment load took 178.4ns 
150369     INFO  main            d.u.i.k.p.i.AbstractProblemLoader Creating init config 
152947     DEBUG main            d.u.i.k.p.i.AbstractProblemLoader Init config took 2.58s 
152979     INFO  main            d.u.i.k.p.i.AbstractProblemLoader Replaying proof Stack[Stack::$footprint()].JML accessible clause.0 
152981     DEBUG main            d.u.i.k.p.i.IntermediateProofReplayer Proof replay took 5.8ns 
153183     INFO  main            d.u.i.k.p.r.p.TestFile    ... finished proof: closed. 
153427     INFO  main            d.u.i.k.p.i.AbstractProblemLoader Loading environment from /home/runner/work/key/key/key.core/../key.ui/examples/heap/SmansEtAl/Stack_footprint.key.proof 
153428     DEBUG main            d.u.i.k.p.i.AbstractProblemLoader Environment load took 100.1ns 
153428     INFO  main            d.u.i.k.p.i.AbstractProblemLoader Creating init config 
155948     DEBUG main            d.u.i.k.p.i.AbstractProblemLoader Init config took 2.52s 
155981     INFO  main            d.u.i.k.p.i.AbstractProblemLoader Replaying proof Stack[Stack::$footprint()].JML accessible clause.0 
156004     DEBUG main            d.u.i.k.p.i.IntermediateProofReplayer Proof replay took 20.91ms 
156005     DEBUG main            d.u.i.k.p.r.p.TestFile    ... success: reloaded. 
156006     INFO  main            d.u.i.k.p.r.p.TestFile    Now processing file /home/runner/work/key/key/key.core/../key.ui/examples/heap/SmansEtAl/Stack_inv.key 
156006     INFO  main            d.u.i.k.p.i.AbstractProblemLoader Loading environment from /home/runner/work/key/key/key.core/../key.ui/examples/heap/SmansEtAl/Stack_inv.key 
156007     DEBUG main            d.u.i.k.p.i.AbstractProblemLoader Environment load took 174.3ns 
156007     INFO  main            d.u.i.k.p.i.AbstractProblemLoader Creating init config 
158591     DEBUG main            d.u.i.k.p.i.AbstractProblemLoader Init config took 2.58s 
158623     INFO  main            d.u.i.k.p.i.AbstractProblemLoader Replaying proof Stack[java.lang.Object::<inv>()].JML accessible clause.0 
158624     DEBUG main            d.u.i.k.p.i.IntermediateProofReplayer Proof replay took 5.4ns 
158725     INFO  main            d.u.i.k.p.r.p.TestFile    ... finished proof: closed. 
158980     INFO  main            d.u.i.k.p.i.AbstractProblemLoader Loading environment from /home/runner/work/key/key/key.core/../key.ui/examples/heap/SmansEtAl/Stack_inv.key.proof 
158980     DEBUG main            d.u.i.k.p.i.AbstractProblemLoader Environment load took 98.4ns 
158981     INFO  main            d.u.i.k.p.i.AbstractProblemLoader Creating init config 
161515     DEBUG main            d.u.i.k.p.i.AbstractProblemLoader Init config took 2.53s 
161547     INFO  main            d.u.i.k.p.i.AbstractProblemLoader Replaying proof Stack[java.lang.Object::<inv>()].JML accessible clause.0 
161557     DEBUG main            d.u.i.k.p.i.IntermediateProofReplayer Proof replay took 8.62ms 
161558     DEBUG main            d.u.i.k.p.r.p.TestFile    ... success: reloaded. 
161559     INFO  main            d.u.i.k.p.r.p.TestFile    Now processing file /home/runner/work/key/key/key.core/../key.ui/examples/heap/SmansEtAl/Stack_push.key 
161559     INFO  main            d.u.i.k.p.i.AbstractProblemLoader Loading environment from /home/runner/work/key/key/key.core/../key.ui/examples/heap/SmansEtAl/Stack_push.key 
161559     DEBUG main            d.u.i.k.p.i.AbstractProblemLoader Environment load took 204.2ns 
161560     INFO  main            d.u.i.k.p.i.AbstractProblemLoader Creating init config 
164116     DEBUG main            d.u.i.k.p.i.AbstractProblemLoader Init config took 2.56s 
164151     INFO  main            d.u.i.k.p.i.AbstractProblemLoader Replaying proof Stack[Stack::push(java.lang.Object)].JML normal_behavior operation contract.0 
164152     DEBUG main            d.u.i.k.p.i.IntermediateProofReplayer Proof replay took 5.7ns 
164756     INFO  main            d.u.i.k.p.r.p.TestFile    ... finished proof: closed. 
165045     INFO  main            d.u.i.k.p.i.AbstractProblemLoader Loading environment from /home/runner/work/key/key/key.core/../key.ui/examples/heap/SmansEtAl/Stack_push.key.proof 
165045     DEBUG main            d.u.i.k.p.i.AbstractProblemLoader Environment load took 108.5ns 
165046     INFO  main            d.u.i.k.p.i.AbstractProblemLoader Creating init config 
167566     DEBUG main            d.u.i.k.p.i.AbstractProblemLoader Init config took 2.52s 
167607     INFO  main            d.u.i.k.p.i.AbstractProblemLoader Replaying proof Stack[Stack::push(java.lang.Object)].JML normal_behavior operation contract.0 
167710     DEBUG main            d.u.i.k.p.i.IntermediateProofReplayer Proof replay took 98.09ms 
167710     DEBUG main            d.u.i.k.p.r.p.TestFile    ... success: reloaded. 
167711     INFO  main            d.u.i.k.p.r.p.TestFile    Now processing file /home/runner/work/key/key/key.core/../key.ui/examples/heap/SmansEtAl/Stack_size.key 
167712     INFO  main            d.u.i.k.p.i.AbstractProblemLoader Loading environment from /home/runner/work/key/key/key.core/../key.ui/examples/heap/SmansEtAl/Stack_size.key 
167712     DEBUG main            d.u.i.k.p.i.AbstractProblemLoader Environment load took 83.5ns 
167712     INFO  main            d.u.i.k.p.i.AbstractProblemLoader Creating init config 
170266     DEBUG main            d.u.i.k.p.i.AbstractProblemLoader Init config took 2.55s 
170298     INFO  main            d.u.i.k.p.i.AbstractProblemLoader Replaying proof Stack[Stack::size()].JML accessible clause.0 
170299     DEBUG main            d.u.i.k.p.i.IntermediateProofReplayer Proof replay took 5.8ns 
170501     INFO  main            d.u.i.k.p.r.p.TestFile    ... finished proof: closed. 
170782     INFO  main            d.u.i.k.p.i.AbstractProblemLoader Loading environment from /home/runner/work/key/key/key.core/../key.ui/examples/heap/SmansEtAl/Stack_size.key.proof 
170783     DEBUG main            d.u.i.k.p.i.AbstractProblemLoader Environment load took 89.2ns 
170783     INFO  main            d.u.i.k.p.i.AbstractProblemLoader Creating init config 
173290     DEBUG main            d.u.i.k.p.i.AbstractProblemLoader Init config took 2.51s 
173322     INFO  main            d.u.i.k.p.i.AbstractProblemLoader Replaying proof Stack[Stack::size()].JML accessible clause.0 
173359     DEBUG main            d.u.i.k.p.i.IntermediateProofReplayer Proof replay took 35.37ms 
173360     DEBUG main            d.u.i.k.p.r.p.TestFile    ... success: reloaded. 
173361     INFO  main            d.u.i.k.p.r.p.TestFile    Now processing file /home/runner/work/key/key/key.core/../key.ui/examples/heap/SmansEtAl/Stack_Stack.key 
173361     INFO  main            d.u.i.k.p.i.AbstractProblemLoader Loading environment from /home/runner/work/key/key/key.core/../key.ui/examples/heap/SmansEtAl/Stack_Stack.key 
173361     DEBUG main            d.u.i.k.p.i.AbstractProblemLoader Environment load took 82.9ns 
173362     INFO  main            d.u.i.k.p.i.AbstractProblemLoader Creating init config 
175909     DEBUG main            d.u.i.k.p.i.AbstractProblemLoader Init config took 2.55s 
175941     INFO  main            d.u.i.k.p.i.AbstractProblemLoader Replaying proof Stack[Stack::Stack()].JML normal_behavior operation contract.0 
175942     DEBUG main            d.u.i.k.p.i.IntermediateProofReplayer Proof replay took 6.4ns 
176850     INFO  main            d.u.i.k.p.r.p.TestFile    ... finished proof: closed. 
177127     INFO  main            d.u.i.k.p.i.AbstractProblemLoader Loading environment from /home/runner/work/key/key/key.core/../key.ui/examples/heap/SmansEtAl/Stack_Stack.key.proof 
177127     DEBUG main            d.u.i.k.p.i.AbstractProblemLoader Environment load took 93.8ns 
177128     INFO  main            d.u.i.k.p.i.AbstractProblemLoader Creating init config 
179635     DEBUG main            d.u.i.k.p.i.AbstractProblemLoader Init config took 2.51s 
179668     INFO  main            d.u.i.k.p.i.AbstractProblemLoader Replaying proof Stack[Stack::Stack()].JML normal_behavior operation contract.0 
179829     DEBUG main            d.u.i.k.p.i.IntermediateProofReplayer Proof replay took 154.91ms 
179830     DEBUG main            d.u.i.k.p.r.p.TestFile    ... success: reloaded. 
179831     INFO  main            d.u.i.k.p.r.p.TestFile    Now processing file /home/runner/work/key/key/key.core/../key.ui/examples/heap/SmansEtAl/Stack_switchContents.key 
179831     INFO  main            d.u.i.k.p.i.AbstractProblemLoader Loading environment from /home/runner/work/key/key/key.core/../key.ui/examples/heap/SmansEtAl/Stack_switchContents.key 
179832     DEBUG main            d.u.i.k.p.i.AbstractProblemLoader Environment load took 168.5ns 
179832     INFO  main            d.u.i.k.p.i.AbstractProblemLoader Creating init config 
182384     DEBUG main            d.u.i.k.p.i.AbstractProblemLoader Init config took 2.55s 
182417     INFO  main            d.u.i.k.p.i.AbstractProblemLoader Replaying proof Stack[Stack::switchContents(Stack)].JML normal_behavior operation contract.0 
182418     DEBUG main            d.u.i.k.p.i.IntermediateProofReplayer Proof replay took 5.4ns 
186628     INFO  main            d.u.i.k.p.r.p.TestFile    ... finished proof: closed. 
186929     INFO  main            d.u.i.k.p.i.AbstractProblemLoader Loading environment from /home/runner/work/key/key/key.core/../key.ui/examples/heap/SmansEtAl/Stack_switchContents.key.proof 
186930     DEBUG main            d.u.i.k.p.i.AbstractProblemLoader Environment load took 383ns 
186932     INFO  main            d.u.i.k.p.i.AbstractProblemLoader Creating init config 
189443     DEBUG main            d.u.i.k.p.i.AbstractProblemLoader Init config took 2.51s 
189476     INFO  main            d.u.i.k.p.i.AbstractProblemLoader Replaying proof Stack[Stack::switchContents(Stack)].JML normal_behavior operation contract.0 
189910     DEBUG main            d.u.i.k.p.i.IntermediateProofReplayer Proof replay took 418.33ms 
189912     DEBUG main            d.u.i.k.p.r.p.TestFile    ... success: reloaded. 
2019828    INFO  Test worker     d.u.i.k.p.r.RunAllProofsTestUnit Returning from test SmansEtAl 
2019829    INFO  Test worker     d.u.i.k.p.r.RunAllProofsTestUnit Running test VACID0 
325        INFO  Timeout watchdog d.u.i.k.p.r.p.ForkedTestFileRunner Timeout watcher launched (2000 secs.) 
332        WARN  main            d.u.i.k.s.ProofSettings   The settings in /home/runner/.key/proof-settings.props are *not* read. 
358        INFO  main            d.u.i.k.p.r.p.TestFile    Now processing file /home/runner/work/key/key/key.core/../key.ui/examples/heap/vacid0_01_SparseArray/Harness_sparseArrayTestHarness1.key 
467        INFO  main            d.u.i.k.p.i.AbstractProblemLoader Loading environment from /home/runner/work/key/key/key.core/../key.ui/examples/heap/vacid0_01_SparseArray/Harness_sparseArrayTestHarness1.key 
487        DEBUG main            d.u.i.k.p.i.AbstractProblemLoader Environment load took 2.16ms 
713        INFO  main            d.u.i.k.p.i.AbstractProblemLoader Creating init config 
1636       DEBUG main            d.u.i.k.j.TypeConverter   No LDT found for Meta 
1637       DEBUG main            d.u.i.k.j.TypeConverter   No LDT found for Meta 
1640       DEBUG main            d.u.i.k.j.TypeConverter   No LDT found for Meta 
1640       DEBUG main            d.u.i.k.j.TypeConverter   No LDT found for Meta 
2947       DEBUG main            d.u.i.k.j.TypeConverter   No LDT found for JavaBigintExpression 
7796       DEBUG main            d.u.i.k.p.i.AbstractProblemLoader Init config took 7.08s 
7915       INFO  main            d.u.i.k.p.i.AbstractProblemLoader Replaying proof Harness[Harness::sparseArrayTestHarness1()].JML normal_behavior operation contract.0 
7945       DEBUG main            d.u.i.k.p.i.IntermediateProofReplayer Proof replay took 30.8ns 
9378       INFO  main            d.u.i.k.p.r.p.TestFile    ... finished proof: closed. 
9498       INFO  main            d.u.i.k.p.i.AbstractProblemLoader Loading environment from /home/runner/work/key/key/key.core/../key.ui/examples/heap/vacid0_01_SparseArray/Harness_sparseArrayTestHarness1.key.proof 
9504       DEBUG main            d.u.i.k.p.i.AbstractProblemLoader Environment load took 6.2ms 
9507       INFO  main            d.u.i.k.p.i.AbstractProblemLoader Creating init config 
12360      DEBUG main            d.u.i.k.p.i.AbstractProblemLoader Init config took 2.85s 
12438      INFO  main            d.u.i.k.p.i.AbstractProblemLoader Replaying proof Harness[Harness::sparseArrayTestHarness1()].JML normal_behavior operation contract.0 
12682      DEBUG main            d.u.i.k.p.i.IntermediateProofReplayer Proof replay took 226.71ms 
12690      DEBUG main            d.u.i.k.p.r.p.TestFile    ... success: reloaded. 
12693      INFO  main            d.u.i.k.p.r.p.TestFile    Now processing file /home/runner/work/key/key/key.core/../key.ui/examples/heap/vacid0_01_SparseArray/Harness_sparseArrayTestHarness2.key 
12693      INFO  main            d.u.i.k.p.i.AbstractProblemLoader Loading environment from /home/runner/work/key/key/key.core/../key.ui/examples/heap/vacid0_01_SparseArray/Harness_sparseArrayTestHarness2.key 
12695      DEBUG main            d.u.i.k.p.i.AbstractProblemLoader Environment load took 1.36ms 
12698      INFO  main            d.u.i.k.p.i.AbstractProblemLoader Creating init config 
15432      DEBUG main            d.u.i.k.p.i.AbstractProblemLoader Init config took 2.73s 
15507      INFO  main            d.u.i.k.p.i.AbstractProblemLoader Replaying proof Harness[Harness::sparseArrayTestHarness2()].JML normal_behavior operation contract.0 
15510      DEBUG main            d.u.i.k.p.i.IntermediateProofReplayer Proof replay took 5.9ns 
24676      INFO  main            d.u.i.k.p.r.p.TestFile    ... finished proof: closed. 
24868      INFO  main            d.u.i.k.p.i.AbstractProblemLoader Loading environment from /home/runner/work/key/key/key.core/../key.ui/examples/heap/vacid0_01_SparseArray/Harness_sparseArrayTestHarness2.key.proof 
24869      DEBUG main            d.u.i.k.p.i.AbstractProblemLoader Environment load took 1.33ms 
24879      INFO  main            d.u.i.k.p.i.AbstractProblemLoader Creating init config 
27412      DEBUG main            d.u.i.k.p.i.AbstractProblemLoader Init config took 2.53s 
27459      INFO  main            d.u.i.k.p.i.AbstractProblemLoader Replaying proof Harness[Harness::sparseArrayTestHarness2()].JML normal_behavior operation contract.0 
28434      DEBUG main            d.u.i.k.p.i.IntermediateProofReplayer Proof replay took 929.15ms 
28437      DEBUG main            d.u.i.k.p.r.p.TestFile    ... success: reloaded. 
28438      INFO  main            d.u.i.k.p.r.p.TestFile    Now processing file /home/runner/work/key/key/key.core/../key.ui/examples/heap/vacid0_01_SparseArray/MemoryAllocator_alloc_unsigned.key 
28438      INFO  main            d.u.i.k.p.i.AbstractProblemLoader Loading environment from /home/runner/work/key/key/key.core/../key.ui/examples/heap/vacid0_01_SparseArray/MemoryAllocator_alloc_unsigned.key 
28439      DEBUG main            d.u.i.k.p.i.AbstractProblemLoader Environment load took 201.1ns 
28440      INFO  main            d.u.i.k.p.i.AbstractProblemLoader Creating init config 
31058      DEBUG main            d.u.i.k.p.i.AbstractProblemLoader Init config took 2.62s 
31117      INFO  main            d.u.i.k.p.i.AbstractProblemLoader Replaying proof MemoryAllocator[MemoryAllocator::alloc_unsigned(int)].JML normal_behavior operation contract.0 
31120      DEBUG main            d.u.i.k.p.i.IntermediateProofReplayer Proof replay took 6ns 
32125      INFO  main            d.u.i.k.p.r.p.TestFile    ... finished proof: closed. 
32285      INFO  main            d.u.i.k.p.i.AbstractProblemLoader Loading environment from /home/runner/work/key/key/key.core/../key.ui/examples/heap/vacid0_01_SparseArray/MemoryAllocator_alloc_unsigned.key.proof 
32285      DEBUG main            d.u.i.k.p.i.AbstractProblemLoader Environment load took 405.4ns 
32287      INFO  main            d.u.i.k.p.i.AbstractProblemLoader Creating init config 
34811      DEBUG main            d.u.i.k.p.i.AbstractProblemLoader Init config took 2.52s 
34854      INFO  main            d.u.i.k.p.i.AbstractProblemLoader Replaying proof MemoryAllocator[MemoryAllocator::alloc_unsigned(int)].JML normal_behavior operation contract.0 
35068      DEBUG main            d.u.i.k.p.i.IntermediateProofReplayer Proof replay took 207.77ms 
35069      DEBUG main            d.u.i.k.p.r.p.TestFile    ... success: reloaded. 
35071      INFO  main            d.u.i.k.p.r.p.TestFile    Now processing file /home/runner/work/key/key/key.core/../key.ui/examples/heap/vacid0_01_SparseArray/MemoryAllocator_alloc.key 
35071      INFO  main            d.u.i.k.p.i.AbstractProblemLoader Loading environment from /home/runner/work/key/key/key.core/../key.ui/examples/heap/vacid0_01_SparseArray/MemoryAllocator_alloc.key 
35071      DEBUG main            d.u.i.k.p.i.AbstractProblemLoader Environment load took 191.5ns 
35072      INFO  main            d.u.i.k.p.i.AbstractProblemLoader Creating init config 
37626      DEBUG main            d.u.i.k.p.i.AbstractProblemLoader Init config took 2.55s 
37667      INFO  main            d.u.i.k.p.i.AbstractProblemLoader Replaying proof MemoryAllocator[MemoryAllocator::alloc(int)].JML normal_behavior operation contract.0 
37669      DEBUG main            d.u.i.k.p.i.IntermediateProofReplayer Proof replay took 5.1ns 
38172      INFO  main            d.u.i.k.p.r.p.TestFile    ... finished proof: closed. 
38382      INFO  main            d.u.i.k.p.i.AbstractProblemLoader Loading environment from /home/runner/work/key/key/key.core/../key.ui/examples/heap/vacid0_01_SparseArray/MemoryAllocator_alloc.key.proof 
38382      DEBUG main            d.u.i.k.p.i.AbstractProblemLoader Environment load took 403.7ns 
38383      INFO  main            d.u.i.k.p.i.AbstractProblemLoader Creating init config 
40882      DEBUG main            d.u.i.k.p.i.AbstractProblemLoader Init config took 2.5s 
40939      INFO  main            d.u.i.k.p.i.AbstractProblemLoader Replaying proof MemoryAllocator[MemoryAllocator::alloc(int)].JML normal_behavior operation contract.0 
41083      DEBUG main            d.u.i.k.p.i.IntermediateProofReplayer Proof replay took 138.11ms 
41085      DEBUG main            d.u.i.k.p.r.p.TestFile    ... success: reloaded. 
41086      INFO  main            d.u.i.k.p.r.p.TestFile    Now processing file /home/runner/work/key/key/key.core/../key.ui/examples/heap/vacid0_01_SparseArray/SparseArray_get_dep.key 
41086      INFO  main            d.u.i.k.p.i.AbstractProblemLoader Loading environment from /home/runner/work/key/key/key.core/../key.ui/examples/heap/vacid0_01_SparseArray/SparseArray_get_dep.key 
41086      DEBUG main            d.u.i.k.p.i.AbstractProblemLoader Environment load took 194.2ns 
41087      INFO  main            d.u.i.k.p.i.AbstractProblemLoader Creating init config 
43550      DEBUG main            d.u.i.k.p.i.AbstractProblemLoader Init config took 2.46s 
43614      INFO  main            d.u.i.k.p.i.AbstractProblemLoader Replaying proof SparseArray[SparseArray::get(int)].JML accessible clause.0 
43615      DEBUG main            d.u.i.k.p.i.IntermediateProofReplayer Proof replay took 5.3ns 
46526      INFO  main            d.u.i.k.p.r.p.TestFile    ... finished proof: closed. 
46718      INFO  main            d.u.i.k.p.i.AbstractProblemLoader Loading environment from /home/runner/work/key/key/key.core/../key.ui/examples/heap/vacid0_01_SparseArray/SparseArray_get_dep.key.proof 
46718      DEBUG main            d.u.i.k.p.i.AbstractProblemLoader Environment load took 391.1ns 
46719      INFO  main            d.u.i.k.p.i.AbstractProblemLoader Creating init config 
49155      DEBUG main            d.u.i.k.p.i.AbstractProblemLoader Init config took 2.44s 
49217      INFO  main            d.u.i.k.p.i.AbstractProblemLoader Replaying proof SparseArray[SparseArray::get(int)].JML accessible clause.0 
49523      DEBUG main            d.u.i.k.p.i.IntermediateProofReplayer Proof replay took 291.95ms 
49524      DEBUG main            d.u.i.k.p.r.p.TestFile    ... success: reloaded. 
49525      INFO  main            d.u.i.k.p.r.p.TestFile    Now processing file /home/runner/work/key/key/key.core/../key.ui/examples/heap/vacid0_01_SparseArray/SparseArray_get.key 
49526      INFO  main            d.u.i.k.p.i.AbstractProblemLoader Loading environment from /home/runner/work/key/key/key.core/../key.ui/examples/heap/vacid0_01_SparseArray/SparseArray_get.key 
49527      DEBUG main            d.u.i.k.p.i.AbstractProblemLoader Environment load took 124.6ns 
49527      INFO  main            d.u.i.k.p.i.AbstractProblemLoader Creating init config 
52017      DEBUG main            d.u.i.k.p.i.AbstractProblemLoader Init config took 2.49s 
52074      INFO  main            d.u.i.k.p.i.AbstractProblemLoader Replaying proof SparseArray[SparseArray::get(int)].JML normal_behavior operation contract.0 
52076      DEBUG main            d.u.i.k.p.i.IntermediateProofReplayer Proof replay took 5.2ns 
54083      INFO  main            d.u.i.k.p.r.p.TestFile    ... finished proof: closed. 
54263      INFO  main            d.u.i.k.p.i.AbstractProblemLoader Loading environment from /home/runner/work/key/key/key.core/../key.ui/examples/heap/vacid0_01_SparseArray/SparseArray_get.key.proof 
54263      DEBUG main            d.u.i.k.p.i.AbstractProblemLoader Environment load took 768.2ns 
54265      INFO  main            d.u.i.k.p.i.AbstractProblemLoader Creating init config 
56688      DEBUG main            d.u.i.k.p.i.AbstractProblemLoader Init config took 2.42s 
56745      INFO  main            d.u.i.k.p.i.AbstractProblemLoader Replaying proof SparseArray[SparseArray::get(int)].JML normal_behavior operation contract.0 
57007      DEBUG main            d.u.i.k.p.i.IntermediateProofReplayer Proof replay took 251.99ms 
57008      DEBUG main            d.u.i.k.p.r.p.TestFile    ... success: reloaded. 
57009      INFO  main            d.u.i.k.p.r.p.TestFile    Now processing file /home/runner/work/key/key/key.core/../key.ui/examples/heap/vacid0_01_SparseArray/SparseArray_inv.key 
57010      INFO  main            d.u.i.k.p.i.AbstractProblemLoader Loading environment from /home/runner/work/key/key/key.core/../key.ui/examples/heap/vacid0_01_SparseArray/SparseArray_inv.key 
57010      DEBUG main            d.u.i.k.p.i.AbstractProblemLoader Environment load took 204.3ns 
57011      INFO  main            d.u.i.k.p.i.AbstractProblemLoader Creating init config 
59479      DEBUG main            d.u.i.k.p.i.AbstractProblemLoader Init config took 2.47s 
59534      INFO  main            d.u.i.k.p.i.AbstractProblemLoader Replaying proof SparseArray[java.lang.Object::<inv>()].JML accessible clause.0 
59536      DEBUG main            d.u.i.k.p.i.IntermediateProofReplayer Proof replay took 5.4ns 
61262      INFO  main            d.u.i.k.p.r.p.TestFile    ... finished proof: closed. 
61435      INFO  main            d.u.i.k.p.i.AbstractProblemLoader Loading environment from /home/runner/work/key/key/key.core/../key.ui/examples/heap/vacid0_01_SparseArray/SparseArray_inv.key.proof 
61436      DEBUG main            d.u.i.k.p.i.AbstractProblemLoader Environment load took 481.5ns 
61437      INFO  main            d.u.i.k.p.i.AbstractProblemLoader Creating init config 
63865      DEBUG main            d.u.i.k.p.i.AbstractProblemLoader Init config took 2.43s 
63931      INFO  main            d.u.i.k.p.i.AbstractProblemLoader Replaying proof SparseArray[java.lang.Object::<inv>()].JML accessible clause.0 
64049      DEBUG main            d.u.i.k.p.i.IntermediateProofReplayer Proof replay took 112.98ms 
64050      DEBUG main            d.u.i.k.p.r.p.TestFile    ... success: reloaded. 
64051      INFO  main            d.u.i.k.p.r.p.TestFile    Now processing file /home/runner/work/key/key/key.core/../key.ui/examples/heap/vacid0_01_SparseArray/SparseArray_SparseArray.key 
64052      INFO  main            d.u.i.k.p.i.AbstractProblemLoader Loading environment from /home/runner/work/key/key/key.core/../key.ui/examples/heap/vacid0_01_SparseArray/SparseArray_SparseArray.key 
64052      DEBUG main            d.u.i.k.p.i.AbstractProblemLoader Environment load took 100.1ns 
64053      INFO  main            d.u.i.k.p.i.AbstractProblemLoader Creating init config 
66479      DEBUG main            d.u.i.k.p.i.AbstractProblemLoader Init config took 2.43s 
66534      INFO  main            d.u.i.k.p.i.AbstractProblemLoader Replaying proof SparseArray[SparseArray::SparseArray(int)].JML normal_behavior operation contract.0 
66536      DEBUG main            d.u.i.k.p.i.IntermediateProofReplayer Proof replay took 5.9ns 
69650      INFO  main            d.u.i.k.p.r.p.TestFile    ... finished proof: closed. 
69913      INFO  main            d.u.i.k.p.i.AbstractProblemLoader Loading environment from /home/runner/work/key/key/key.core/../key.ui/examples/heap/vacid0_01_SparseArray/SparseArray_SparseArray.key.proof 
69913      DEBUG main            d.u.i.k.p.i.AbstractProblemLoader Environment load took 134.3ns 
69914      INFO  main            d.u.i.k.p.i.AbstractProblemLoader Creating init config 
72326      DEBUG main            d.u.i.k.p.i.AbstractProblemLoader Init config took 2.41s 
72381      INFO  main            d.u.i.k.p.i.AbstractProblemLoader Replaying proof SparseArray[SparseArray::SparseArray(int)].JML normal_behavior operation contract.0 
72812      DEBUG main            d.u.i.k.p.i.IntermediateProofReplayer Proof replay took 420.82ms 
72813      DEBUG main            d.u.i.k.p.r.p.TestFile    ... success: reloaded. 
2092831    INFO  Test worker     d.u.i.k.p.r.RunAllProofsTestUnit Returning from test VACID0 
2092832    INFO  Test worker     d.u.i.k.p.r.RunAllProofsTestUnit Running test VSTTE10 
373        INFO  Timeout watchdog d.u.i.k.p.r.p.ForkedTestFileRunner Timeout watcher launched (2000 secs.) 
382        WARN  main            d.u.i.k.s.ProofSettings   The settings in /home/runner/.key/proof-settings.props are *not* read. 
407        INFO  main            d.u.i.k.p.r.p.TestFile    Now processing file /home/runner/work/key/key/key.core/../key.ui/examples/heap/vstte10_01_SumAndMax/SumAndMax_sumAndMax.key 
513        INFO  main            d.u.i.k.p.i.AbstractProblemLoader Loading environment from /home/runner/work/key/key/key.core/../key.ui/examples/heap/vstte10_01_SumAndMax/SumAndMax_sumAndMax.key 
536        DEBUG main            d.u.i.k.p.i.AbstractProblemLoader Environment load took 2.12ms 
750        INFO  main            d.u.i.k.p.i.AbstractProblemLoader Creating init config 
1519       DEBUG main            d.u.i.k.j.TypeConverter   No LDT found for Meta 
1519       DEBUG main            d.u.i.k.j.TypeConverter   No LDT found for Meta 
1520       DEBUG main            d.u.i.k.j.TypeConverter   No LDT found for Meta 
1520       DEBUG main            d.u.i.k.j.TypeConverter   No LDT found for Meta 
2882       DEBUG main            d.u.i.k.j.TypeConverter   No LDT found for JavaBigintExpression 
8015       DEBUG main            d.u.i.k.p.i.AbstractProblemLoader Init config took 7.27s 
8143       INFO  main            d.u.i.k.p.i.AbstractProblemLoader Replaying proof SumAndMax[SumAndMax::sumAndMax([I)].JML normal_behavior operation contract.0 
8175       DEBUG main            d.u.i.k.p.i.IntermediateProofReplayer Proof replay took 32.4ns 
12977      INFO  main            d.u.i.k.p.r.p.TestFile    ... finished proof: closed. 
13221      INFO  main            d.u.i.k.p.i.AbstractProblemLoader Loading environment from /home/runner/work/key/key/key.core/../key.ui/examples/heap/vstte10_01_SumAndMax/SumAndMax_sumAndMax.key.proof 
13222      DEBUG main            d.u.i.k.p.i.AbstractProblemLoader Environment load took 1.78ms 
13227      INFO  main            d.u.i.k.p.i.AbstractProblemLoader Creating init config 
15994      DEBUG main            d.u.i.k.p.i.AbstractProblemLoader Init config took 2.77s 
16066      INFO  main            d.u.i.k.p.i.AbstractProblemLoader Replaying proof SumAndMax[SumAndMax::sumAndMax([I)].JML normal_behavior operation contract.0 
16725      DEBUG main            d.u.i.k.p.i.IntermediateProofReplayer Proof replay took 639.05ms 
16734      DEBUG main            d.u.i.k.p.r.p.TestFile    ... success: reloaded. 
16736      INFO  main            d.u.i.k.p.r.p.TestFile    Now processing file /home/runner/work/key/key/key.core/../key.ui/examples/heap/vstte10_03_LinkedList/Node_cons.key 
16736      INFO  main            d.u.i.k.p.i.AbstractProblemLoader Loading environment from /home/runner/work/key/key/key.core/../key.ui/examples/heap/vstte10_03_LinkedList/Node_cons.key 
16736      DEBUG main            d.u.i.k.p.i.AbstractProblemLoader Environment load took 218.4ns 
16738      INFO  main            d.u.i.k.p.i.AbstractProblemLoader Creating init config 
19599      DEBUG main            d.u.i.k.p.i.AbstractProblemLoader Init config took 2.86s 
19662      INFO  main            d.u.i.k.p.i.AbstractProblemLoader Replaying proof Node[Node::cons(int,Node)].JML normal_behavior operation contract.0 
19665      DEBUG main            d.u.i.k.p.i.IntermediateProofReplayer Proof replay took 6.2ns 
20971      INFO  main            d.u.i.k.p.r.p.TestFile    ... finished proof: closed. 
21132      INFO  main            d.u.i.k.p.i.AbstractProblemLoader Loading environment from /home/runner/work/key/key/key.core/../key.ui/examples/heap/vstte10_03_LinkedList/Node_cons.key.proof 
21133      DEBUG main            d.u.i.k.p.i.AbstractProblemLoader Environment load took 404.2ns 
21135      INFO  main            d.u.i.k.p.i.AbstractProblemLoader Creating init config 
23704      DEBUG main            d.u.i.k.p.i.AbstractProblemLoader Init config took 2.57s 
23757      INFO  main            d.u.i.k.p.i.AbstractProblemLoader Replaying proof Node[Node::cons(int,Node)].JML normal_behavior operation contract.0 
24015      DEBUG main            d.u.i.k.p.i.IntermediateProofReplayer Proof replay took 246.43ms 
24016      DEBUG main            d.u.i.k.p.r.p.TestFile    ... success: reloaded. 
24018      INFO  main            d.u.i.k.p.r.p.TestFile    Now processing file /home/runner/work/key/key/key.core/../key.ui/examples/heap/vstte10_03_LinkedList/Node_inv.key 
24018      INFO  main            d.u.i.k.p.i.AbstractProblemLoader Loading environment from /home/runner/work/key/key/key.core/../key.ui/examples/heap/vstte10_03_LinkedList/Node_inv.key 
24018      DEBUG main            d.u.i.k.p.i.AbstractProblemLoader Environment load took 207.2ns 
24019      INFO  main            d.u.i.k.p.i.AbstractProblemLoader Creating init config 
26623      DEBUG main            d.u.i.k.p.i.AbstractProblemLoader Init config took 2.6s 
26676      INFO  main            d.u.i.k.p.i.AbstractProblemLoader Replaying proof Node[java.lang.Object::<inv>()].JML accessible clause.0 
26678      DEBUG main            d.u.i.k.p.i.IntermediateProofReplayer Proof replay took 4.9ns 
26980      INFO  main            d.u.i.k.p.r.p.TestFile    ... finished proof: closed. 
27126      INFO  main            d.u.i.k.p.i.AbstractProblemLoader Loading environment from /home/runner/work/key/key/key.core/../key.ui/examples/heap/vstte10_03_LinkedList/Node_inv.key.proof 
27126      DEBUG main            d.u.i.k.p.i.AbstractProblemLoader Environment load took 129.7ns 
27129      INFO  main            d.u.i.k.p.i.AbstractProblemLoader Creating init config 
29690      DEBUG main            d.u.i.k.p.i.AbstractProblemLoader Init config took 2.56s 
29738      INFO  main            d.u.i.k.p.i.AbstractProblemLoader Replaying proof Node[java.lang.Object::<inv>()].JML accessible clause.0 
29773      DEBUG main            d.u.i.k.p.i.IntermediateProofReplayer Proof replay took 31.32ms 
29774      DEBUG main            d.u.i.k.p.r.p.TestFile    ... success: reloaded. 
29775      INFO  main            d.u.i.k.p.r.p.TestFile    Now processing file /home/runner/work/key/key/key.core/../key.ui/examples/heap/vstte10_03_LinkedList/Node_search.key 
29775      INFO  main            d.u.i.k.p.i.AbstractProblemLoader Loading environment from /home/runner/work/key/key/key.core/../key.ui/examples/heap/vstte10_03_LinkedList/Node_search.key 
29775      DEBUG main            d.u.i.k.p.i.AbstractProblemLoader Environment load took 87ns 
29776      INFO  main            d.u.i.k.p.i.AbstractProblemLoader Creating init config 
32354      DEBUG main            d.u.i.k.p.i.AbstractProblemLoader Init config took 2.58s 
32408      INFO  main            d.u.i.k.p.i.AbstractProblemLoader Replaying proof Node[Node::search()].JML normal_behavior operation contract.0 
32410      DEBUG main            d.u.i.k.p.i.IntermediateProofReplayer Proof replay took 5.8ns 
38174      INFO  main            d.u.i.k.p.r.p.TestFile    ... finished proof: closed. 
38383      INFO  main            d.u.i.k.p.i.AbstractProblemLoader Loading environment from /home/runner/work/key/key/key.core/../key.ui/examples/heap/vstte10_03_LinkedList/Node_search.key.proof 
38384      DEBUG main            d.u.i.k.p.i.AbstractProblemLoader Environment load took 423.3ns 
38386      INFO  main            d.u.i.k.p.i.AbstractProblemLoader Creating init config 
40948      DEBUG main            d.u.i.k.p.i.AbstractProblemLoader Init config took 2.56s 
41000      INFO  main            d.u.i.k.p.i.AbstractProblemLoader Replaying proof Node[Node::search()].JML normal_behavior operation contract.0 
41624      DEBUG main            d.u.i.k.p.i.IntermediateProofReplayer Proof replay took 582.53ms 
41626      DEBUG main            d.u.i.k.p.r.p.TestFile    ... success: reloaded. 
41627      INFO  main            d.u.i.k.p.r.p.TestFile    Now processing file /home/runner/work/key/key/key.core/../key.ui/examples/heap/vstte10_04_Queens/Queens_isConsistent.key 
41628      INFO  main            d.u.i.k.p.i.AbstractProblemLoader Loading environment from /home/runner/work/key/key/key.core/../key.ui/examples/heap/vstte10_04_Queens/Queens_isConsistent.key 
41628      DEBUG main            d.u.i.k.p.i.AbstractProblemLoader Environment load took 80.5ns 
41628      INFO  main            d.u.i.k.p.i.AbstractProblemLoader Creating init config 
44498      DEBUG main            d.u.i.k.p.i.AbstractProblemLoader Init config took 2.87s 
44538      INFO  main            d.u.i.k.p.i.AbstractProblemLoader Replaying proof Queens[Queens::isConsistent([I,int)].JML normal_behavior operation contract.0 
44540      DEBUG main            d.u.i.k.p.i.IntermediateProofReplayer Proof replay took 5.1ns 
46171      INFO  main            d.u.i.k.p.r.p.TestFile    ... finished proof: closed. 
46423      INFO  main            d.u.i.k.p.i.AbstractProblemLoader Loading environment from /home/runner/work/key/key/key.core/../key.ui/examples/heap/vstte10_04_Queens/Queens_isConsistent.key.proof 
46423      DEBUG main            d.u.i.k.p.i.AbstractProblemLoader Environment load took 385.8ns 
46424      INFO  main            d.u.i.k.p.i.AbstractProblemLoader Creating init config 
48998      DEBUG main            d.u.i.k.p.i.AbstractProblemLoader Init config took 2.57s 
49037      INFO  main            d.u.i.k.p.i.AbstractProblemLoader Replaying proof Queens[Queens::isConsistent([I,int)].JML normal_behavior operation contract.0 
49422      DEBUG main            d.u.i.k.p.i.IntermediateProofReplayer Proof replay took 376.89ms 
49423      DEBUG main            d.u.i.k.p.r.p.TestFile    ... success: reloaded. 
49424      INFO  main            d.u.i.k.p.r.p.TestFile    Now processing file /home/runner/work/key/key/key.core/../key.ui/examples/heap/vstte10_04_Queens/Queens_nQueens.key 
49424      INFO  main            d.u.i.k.p.i.AbstractProblemLoader Loading environment from /home/runner/work/key/key/key.core/../key.ui/examples/heap/vstte10_04_Queens/Queens_nQueens.key 
49424      DEBUG main            d.u.i.k.p.i.AbstractProblemLoader Environment load took 217.5ns 
49425      INFO  main            d.u.i.k.p.i.AbstractProblemLoader Creating init config 
52044      DEBUG main            d.u.i.k.p.i.AbstractProblemLoader Init config took 2.62s 
52083      INFO  main            d.u.i.k.p.i.AbstractProblemLoader Replaying proof Queens[Queens::nQueens(int)].JML normal_behavior operation contract.0 
52084      DEBUG main            d.u.i.k.p.i.IntermediateProofReplayer Proof replay took 5.5ns 
63607      INFO  main            d.u.i.k.p.r.p.TestFile    ... finished proof: closed. 
63845      INFO  main            d.u.i.k.p.i.AbstractProblemLoader Loading environment from /home/runner/work/key/key/key.core/../key.ui/examples/heap/vstte10_04_Queens/Queens_nQueens.key.proof 
63845      DEBUG main            d.u.i.k.p.i.AbstractProblemLoader Environment load took 300.9ns 
63847      INFO  main            d.u.i.k.p.i.AbstractProblemLoader Creating init config 
66403      DEBUG main            d.u.i.k.p.i.AbstractProblemLoader Init config took 2.56s 
66464      INFO  main            d.u.i.k.p.i.AbstractProblemLoader Replaying proof Queens[Queens::nQueens(int)].JML normal_behavior operation contract.0 
67463      DEBUG main            d.u.i.k.p.i.IntermediateProofReplayer Proof replay took 982.12ms 
67464      DEBUG main            d.u.i.k.p.r.p.TestFile    ... success: reloaded. 
67466      INFO  main            d.u.i.k.p.r.p.TestFile    Now processing file /home/runner/work/key/key/key.core/../key.ui/examples/heap/vstte10_05_Queue/AmortizedQueue_AmortizedQueue.key 
67466      INFO  main            d.u.i.k.p.i.AbstractProblemLoader Loading environment from /home/runner/work/key/key/key.core/../key.ui/examples/heap/vstte10_05_Queue/AmortizedQueue_AmortizedQueue.key 
67466      DEBUG main            d.u.i.k.p.i.AbstractProblemLoader Environment load took 197.3ns 
67467      INFO  main            d.u.i.k.p.i.AbstractProblemLoader Creating init config 
70228      DEBUG main            d.u.i.k.p.i.AbstractProblemLoader Init config took 2.76s 
70271      INFO  main            d.u.i.k.p.i.AbstractProblemLoader Replaying proof AmortizedQueue[AmortizedQueue::AmortizedQueue()].JML normal_behavior operation contract.0 
70272      DEBUG main            d.u.i.k.p.i.IntermediateProofReplayer Proof replay took 5ns 
71578      INFO  main            d.u.i.k.p.r.p.TestFile    ... finished proof: closed. 
71777      INFO  main            d.u.i.k.p.i.AbstractProblemLoader Loading environment from /home/runner/work/key/key/key.core/../key.ui/examples/heap/vstte10_05_Queue/AmortizedQueue_AmortizedQueue.key.proof 
71778      DEBUG main            d.u.i.k.p.i.AbstractProblemLoader Environment load took 522.8ns 
71779      INFO  main            d.u.i.k.p.i.AbstractProblemLoader Creating init config 
74399      DEBUG main            d.u.i.k.p.i.AbstractProblemLoader Init config took 2.62s 
74448      INFO  main            d.u.i.k.p.i.AbstractProblemLoader Replaying proof AmortizedQueue[AmortizedQueue::AmortizedQueue()].JML normal_behavior operation contract.0 
74690      DEBUG main            d.u.i.k.p.i.IntermediateProofReplayer Proof replay took 236.13ms 
74691      DEBUG main            d.u.i.k.p.r.p.TestFile    ... success: reloaded. 
74692      INFO  main            d.u.i.k.p.r.p.TestFile    Now processing file /home/runner/work/key/key/key.core/../key.ui/examples/heap/vstte10_05_Queue/AmortizedQueue_front.key 
74693      INFO  main            d.u.i.k.p.i.AbstractProblemLoader Loading environment from /home/runner/work/key/key/key.core/../key.ui/examples/heap/vstte10_05_Queue/AmortizedQueue_front.key 
74693      DEBUG main            d.u.i.k.p.i.AbstractProblemLoader Environment load took 192.9ns 
74694      INFO  main            d.u.i.k.p.i.AbstractProblemLoader Creating init config 
77305      DEBUG main            d.u.i.k.p.i.AbstractProblemLoader Init config took 2.61s 
77346      INFO  main            d.u.i.k.p.i.AbstractProblemLoader Replaying proof AmortizedQueue[AmortizedQueue::front()].JML normal_behavior operation contract.0 
77348      DEBUG main            d.u.i.k.p.i.IntermediateProofReplayer Proof replay took 5.8ns 
77752      INFO  main            d.u.i.k.p.r.p.TestFile    ... finished proof: closed. 
77940      INFO  main            d.u.i.k.p.i.AbstractProblemLoader Loading environment from /home/runner/work/key/key/key.core/../key.ui/examples/heap/vstte10_05_Queue/AmortizedQueue_front.key.proof 
77940      DEBUG main            d.u.i.k.p.i.AbstractProblemLoader Environment load took 115ns 
77941      INFO  main            d.u.i.k.p.i.AbstractProblemLoader Creating init config 
80501      DEBUG main            d.u.i.k.p.i.AbstractProblemLoader Init config took 2.56s 
80541      INFO  main            d.u.i.k.p.i.AbstractProblemLoader Replaying proof AmortizedQueue[AmortizedQueue::front()].JML normal_behavior operation contract.0 
80590      DEBUG main            d.u.i.k.p.i.IntermediateProofReplayer Proof replay took 47.14ms 
80591      DEBUG main            d.u.i.k.p.r.p.TestFile    ... success: reloaded. 
80592      INFO  main            d.u.i.k.p.r.p.TestFile    Now processing file /home/runner/work/key/key/key.core/../key.ui/examples/heap/vstte10_05_Queue/LinkedList_concat.key 
80592      INFO  main            d.u.i.k.p.i.AbstractProblemLoader Loading environment from /home/runner/work/key/key/key.core/../key.ui/examples/heap/vstte10_05_Queue/LinkedList_concat.key 
80592      DEBUG main            d.u.i.k.p.i.AbstractProblemLoader Environment load took 75.1ns 
80593      INFO  main            d.u.i.k.p.i.AbstractProblemLoader Creating init config 
83219      DEBUG main            d.u.i.k.p.i.AbstractProblemLoader Init config took 2.63s 
83263      INFO  main            d.u.i.k.p.i.AbstractProblemLoader Replaying proof LinkedList[LinkedList::concat(LinkedList)].JML normal_behavior operation contract.0 
83264      DEBUG main            d.u.i.k.p.i.IntermediateProofReplayer Proof replay took 5.5ns 
91007      INFO  main            d.u.i.k.p.r.p.TestFile    ... finished proof: closed. 
91237      INFO  main            d.u.i.k.p.i.AbstractProblemLoader Loading environment from /home/runner/work/key/key/key.core/../key.ui/examples/heap/vstte10_05_Queue/LinkedList_concat.key.proof 
91237      DEBUG main            d.u.i.k.p.i.AbstractProblemLoader Environment load took 392.1ns 
91239      INFO  main            d.u.i.k.p.i.AbstractProblemLoader Creating init config 
93781      DEBUG main            d.u.i.k.p.i.AbstractProblemLoader Init config took 2.54s 
93823      INFO  main            d.u.i.k.p.i.AbstractProblemLoader Replaying proof LinkedList[LinkedList::concat(LinkedList)].JML normal_behavior operation contract.0 
94555      DEBUG main            d.u.i.k.p.i.IntermediateProofReplayer Proof replay took 704.93ms 
94557      DEBUG main            d.u.i.k.p.r.p.TestFile    ... success: reloaded. 
94558      INFO  main            d.u.i.k.p.r.p.TestFile    Now processing file /home/runner/work/key/key/key.core/../key.ui/examples/heap/vstte10_05_Queue/LinkedList_cons.key 
94559      INFO  main            d.u.i.k.p.i.AbstractProblemLoader Loading environment from /home/runner/work/key/key/key.core/../key.ui/examples/heap/vstte10_05_Queue/LinkedList_cons.key 
94559      DEBUG main            d.u.i.k.p.i.AbstractProblemLoader Environment load took 80.3ns 
94559      INFO  main            d.u.i.k.p.i.AbstractProblemLoader Creating init config 
97131      DEBUG main            d.u.i.k.p.i.AbstractProblemLoader Init config took 2.57s 
97174      INFO  main            d.u.i.k.p.i.AbstractProblemLoader Replaying proof LinkedList[LinkedList::cons(int)].JML normal_behavior operation contract.0 
97175      DEBUG main            d.u.i.k.p.i.IntermediateProofReplayer Proof replay took 5.3ns 
99299      INFO  main            d.u.i.k.p.r.p.TestFile    ... finished proof: closed. 
99525      INFO  main            d.u.i.k.p.i.AbstractProblemLoader Loading environment from /home/runner/work/key/key/key.core/../key.ui/examples/heap/vstte10_05_Queue/LinkedList_cons.key.proof 
99525      DEBUG main            d.u.i.k.p.i.AbstractProblemLoader Environment load took 501.4ns 
99527      INFO  main            d.u.i.k.p.i.AbstractProblemLoader Creating init config 
102082     DEBUG main            d.u.i.k.p.i.AbstractProblemLoader Init config took 2.56s 
102124     INFO  main            d.u.i.k.p.i.AbstractProblemLoader Replaying proof LinkedList[LinkedList::cons(int)].JML normal_behavior operation contract.0 
102380     DEBUG main            d.u.i.k.p.i.IntermediateProofReplayer Proof replay took 246.51ms 
102381     DEBUG main            d.u.i.k.p.r.p.TestFile    ... success: reloaded. 
102382     INFO  main            d.u.i.k.p.r.p.TestFile    Now processing file /home/runner/work/key/key/key.core/../key.ui/examples/heap/vstte10_05_Queue/LinkedList_head.key 
102382     INFO  main            d.u.i.k.p.i.AbstractProblemLoader Loading environment from /home/runner/work/key/key/key.core/../key.ui/examples/heap/vstte10_05_Queue/LinkedList_head.key 
102382     DEBUG main            d.u.i.k.p.i.AbstractProblemLoader Environment load took 89ns 
102383     INFO  main            d.u.i.k.p.i.AbstractProblemLoader Creating init config 
104946     DEBUG main            d.u.i.k.p.i.AbstractProblemLoader Init config took 2.56s 
104989     INFO  main            d.u.i.k.p.i.AbstractProblemLoader Replaying proof LinkedList[LinkedList::head()].JML normal_behavior operation contract.0 
104990     DEBUG main            d.u.i.k.p.i.IntermediateProofReplayer Proof replay took 6.3ns 
105092     INFO  main            d.u.i.k.p.r.p.TestFile    ... finished proof: closed. 
105313     INFO  main            d.u.i.k.p.i.AbstractProblemLoader Loading environment from /home/runner/work/key/key/key.core/../key.ui/examples/heap/vstte10_05_Queue/LinkedList_head.key.proof 
105313     DEBUG main            d.u.i.k.p.i.AbstractProblemLoader Environment load took 242.7ns 
105314     INFO  main            d.u.i.k.p.i.AbstractProblemLoader Creating init config 
107847     DEBUG main            d.u.i.k.p.i.AbstractProblemLoader Init config took 2.53s 
107890     INFO  main            d.u.i.k.p.i.AbstractProblemLoader Replaying proof LinkedList[LinkedList::head()].JML normal_behavior operation contract.0 
107905     DEBUG main            d.u.i.k.p.i.IntermediateProofReplayer Proof replay took 11.75ms 
107907     DEBUG main            d.u.i.k.p.r.p.TestFile    ... success: reloaded. 
107909     INFO  main            d.u.i.k.p.r.p.TestFile    Now processing file /home/runner/work/key/key/key.core/../key.ui/examples/heap/vstte10_05_Queue/LinkedList_inv.key 
107909     INFO  main            d.u.i.k.p.i.AbstractProblemLoader Loading environment from /home/runner/work/key/key/key.core/../key.ui/examples/heap/vstte10_05_Queue/LinkedList_inv.key 
107909     DEBUG main            d.u.i.k.p.i.AbstractProblemLoader Environment load took 223.4ns 
107910     INFO  main            d.u.i.k.p.i.AbstractProblemLoader Creating init config 
110525     DEBUG main            d.u.i.k.p.i.AbstractProblemLoader Init config took 2.61s 
110577     INFO  main            d.u.i.k.p.i.AbstractProblemLoader Replaying proof LinkedList[java.lang.Object::<inv>()].JML accessible clause.0 
110578     DEBUG main            d.u.i.k.p.i.IntermediateProofReplayer Proof replay took 6ns 
110883     INFO  main            d.u.i.k.p.r.p.TestFile    ... finished proof: closed. 
111086     INFO  main            d.u.i.k.p.i.AbstractProblemLoader Loading environment from /home/runner/work/key/key/key.core/../key.ui/examples/heap/vstte10_05_Queue/LinkedList_inv.key.proof 
111087     DEBUG main            d.u.i.k.p.i.AbstractProblemLoader Environment load took 110.5ns 
111087     INFO  main            d.u.i.k.p.i.AbstractProblemLoader Creating init config 
113604     DEBUG main            d.u.i.k.p.i.AbstractProblemLoader Init config took 2.52s 
113645     INFO  main            d.u.i.k.p.i.AbstractProblemLoader Replaying proof LinkedList[java.lang.Object::<inv>()].JML accessible clause.0 
113684     DEBUG main            d.u.i.k.p.i.IntermediateProofReplayer Proof replay took 36.53ms 
113685     DEBUG main            d.u.i.k.p.r.p.TestFile    ... success: reloaded. 
113686     INFO  main            d.u.i.k.p.r.p.TestFile    Now processing file /home/runner/work/key/key/key.core/../key.ui/examples/heap/vstte10_05_Queue/LinkedList_length.key 
113687     INFO  main            d.u.i.k.p.i.AbstractProblemLoader Loading environment from /home/runner/work/key/key/key.core/../key.ui/examples/heap/vstte10_05_Queue/LinkedList_length.key 
113687     DEBUG main            d.u.i.k.p.i.AbstractProblemLoader Environment load took 186.8ns 
113688     INFO  main            d.u.i.k.p.i.AbstractProblemLoader Creating init config 
116263     DEBUG main            d.u.i.k.p.i.AbstractProblemLoader Init config took 2.58s 
116304     INFO  main            d.u.i.k.p.i.AbstractProblemLoader Replaying proof LinkedList[LinkedList::length()].JML normal_behavior operation contract.0 
116306     DEBUG main            d.u.i.k.p.i.IntermediateProofReplayer Proof replay took 5.2ns 
116407     INFO  main            d.u.i.k.p.r.p.TestFile    ... finished proof: closed. 
116607     INFO  main            d.u.i.k.p.i.AbstractProblemLoader Loading environment from /home/runner/work/key/key/key.core/../key.ui/examples/heap/vstte10_05_Queue/LinkedList_length.key.proof 
116607     DEBUG main            d.u.i.k.p.i.AbstractProblemLoader Environment load took 109.7ns 
116608     INFO  main            d.u.i.k.p.i.AbstractProblemLoader Creating init config 
119136     DEBUG main            d.u.i.k.p.i.AbstractProblemLoader Init config took 2.53s 
119178     INFO  main            d.u.i.k.p.i.AbstractProblemLoader Replaying proof LinkedList[LinkedList::length()].JML normal_behavior operation contract.0 
119190     DEBUG main            d.u.i.k.p.i.IntermediateProofReplayer Proof replay took 11.34ms 
119191     DEBUG main            d.u.i.k.p.r.p.TestFile    ... success: reloaded. 
119192     INFO  main            d.u.i.k.p.r.p.TestFile    Now processing file /home/runner/work/key/key/key.core/../key.ui/examples/heap/vstte10_05_Queue/LinkedList_LinkedList1.key 
119192     INFO  main            d.u.i.k.p.i.AbstractProblemLoader Loading environment from /home/runner/work/key/key/key.core/../key.ui/examples/heap/vstte10_05_Queue/LinkedList_LinkedList1.key 
119192     DEBUG main            d.u.i.k.p.i.AbstractProblemLoader Environment load took 96.7ns 
119193     INFO  main            d.u.i.k.p.i.AbstractProblemLoader Creating init config 
121768     DEBUG main            d.u.i.k.p.i.AbstractProblemLoader Init config took 2.57s 
121809     INFO  main            d.u.i.k.p.i.AbstractProblemLoader Replaying proof LinkedList[LinkedList::LinkedList(int,LinkedList)].JML normal_behavior operation contract.0 
121810     DEBUG main            d.u.i.k.p.i.IntermediateProofReplayer Proof replay took 6.2ns 
123534     INFO  main            d.u.i.k.p.r.p.TestFile    ... finished proof: closed. 
123754     INFO  main            d.u.i.k.p.i.AbstractProblemLoader Loading environment from /home/runner/work/key/key/key.core/../key.ui/examples/heap/vstte10_05_Queue/LinkedList_LinkedList1.key.proof 
123754     DEBUG main            d.u.i.k.p.i.AbstractProblemLoader Environment load took 374.2ns 
123756     INFO  main            d.u.i.k.p.i.AbstractProblemLoader Creating init config 
126270     DEBUG main            d.u.i.k.p.i.AbstractProblemLoader Init config took 2.51s 
126312     INFO  main            d.u.i.k.p.i.AbstractProblemLoader Replaying proof LinkedList[LinkedList::LinkedList(int,LinkedList)].JML normal_behavior operation contract.0 
126542     DEBUG main            d.u.i.k.p.i.IntermediateProofReplayer Proof replay took 222.97ms 
126543     DEBUG main            d.u.i.k.p.r.p.TestFile    ... success: reloaded. 
126544     INFO  main            d.u.i.k.p.r.p.TestFile    Now processing file /home/runner/work/key/key/key.core/../key.ui/examples/heap/vstte10_05_Queue/LinkedList_LinkedList2.key 
126544     INFO  main            d.u.i.k.p.i.AbstractProblemLoader Loading environment from /home/runner/work/key/key/key.core/../key.ui/examples/heap/vstte10_05_Queue/LinkedList_LinkedList2.key 
126545     DEBUG main            d.u.i.k.p.i.AbstractProblemLoader Environment load took 138.8ns 
126545     INFO  main            d.u.i.k.p.i.AbstractProblemLoader Creating init config 
129144     DEBUG main            d.u.i.k.p.i.AbstractProblemLoader Init config took 2.6s 
129185     INFO  main            d.u.i.k.p.i.AbstractProblemLoader Replaying proof LinkedList[LinkedList::LinkedList(int,LinkedList)].JML normal_behavior operation contract.0 
129187     DEBUG main            d.u.i.k.p.i.IntermediateProofReplayer Proof replay took 5.6ns 
130791     INFO  main            d.u.i.k.p.r.p.TestFile    ... finished proof: closed. 
131031     INFO  main            d.u.i.k.p.i.AbstractProblemLoader Loading environment from /home/runner/work/key/key/key.core/../key.ui/examples/heap/vstte10_05_Queue/LinkedList_LinkedList2.key.proof 
131033     DEBUG main            d.u.i.k.p.i.AbstractProblemLoader Environment load took 2.33ms 
131035     INFO  main            d.u.i.k.p.i.AbstractProblemLoader Creating init config 
133549     DEBUG main            d.u.i.k.p.i.AbstractProblemLoader Init config took 2.51s 
133589     INFO  main            d.u.i.k.p.i.AbstractProblemLoader Replaying proof LinkedList[LinkedList::LinkedList(int,LinkedList)].JML normal_behavior operation contract.0 
133826     DEBUG main            d.u.i.k.p.i.IntermediateProofReplayer Proof replay took 231.55ms 
133827     DEBUG main            d.u.i.k.p.r.p.TestFile    ... success: reloaded. 
133828     INFO  main            d.u.i.k.p.r.p.TestFile    Now processing file /home/runner/work/key/key/key.core/../key.ui/examples/heap/vstte10_05_Queue/LinkedList_LinkedList3.key 
133828     INFO  main            d.u.i.k.p.i.AbstractProblemLoader Loading environment from /home/runner/work/key/key/key.core/../key.ui/examples/heap/vstte10_05_Queue/LinkedList_LinkedList3.key 
133828     DEBUG main            d.u.i.k.p.i.AbstractProblemLoader Environment load took 78.1ns 
133829     INFO  main            d.u.i.k.p.i.AbstractProblemLoader Creating init config 
136435     DEBUG main            d.u.i.k.p.i.AbstractProblemLoader Init config took 2.61s 
136476     INFO  main            d.u.i.k.p.i.AbstractProblemLoader Replaying proof LinkedList[LinkedList::LinkedList(int,LinkedList)].JML normal_behavior operation contract.0 
136478     DEBUG main            d.u.i.k.p.i.IntermediateProofReplayer Proof replay took 5.6ns 
148212     INFO  main            d.u.i.k.p.r.p.TestFile    ... finished proof: closed. 
148508     INFO  main            d.u.i.k.p.i.AbstractProblemLoader Loading environment from /home/runner/work/key/key/key.core/../key.ui/examples/heap/vstte10_05_Queue/LinkedList_LinkedList3.key.proof 
148508     DEBUG main            d.u.i.k.p.i.AbstractProblemLoader Environment load took 421.3ns 
148516     INFO  main            d.u.i.k.p.i.AbstractProblemLoader Creating init config 
151035     DEBUG main            d.u.i.k.p.i.AbstractProblemLoader Init config took 2.52s 
151079     INFO  main            d.u.i.k.p.i.AbstractProblemLoader Replaying proof LinkedList[LinkedList::LinkedList(int,LinkedList)].JML normal_behavior operation contract.0 
152131     DEBUG main            d.u.i.k.p.i.IntermediateProofReplayer Proof replay took 970.86ms 
152136     DEBUG main            d.u.i.k.p.r.p.TestFile    ... success: reloaded. 
152137     INFO  main            d.u.i.k.p.r.p.TestFile    Now processing file /home/runner/work/key/key/key.core/../key.ui/examples/heap/vstte10_05_Queue/LinkedList_reverse.key 
152138     INFO  main            d.u.i.k.p.i.AbstractProblemLoader Loading environment from /home/runner/work/key/key/key.core/../key.ui/examples/heap/vstte10_05_Queue/LinkedList_reverse.key 
152138     DEBUG main            d.u.i.k.p.i.AbstractProblemLoader Environment load took 205.5ns 
152139     INFO  main            d.u.i.k.p.i.AbstractProblemLoader Creating init config 
154772     DEBUG main            d.u.i.k.p.i.AbstractProblemLoader Init config took 2.63s 
154814     INFO  main            d.u.i.k.p.i.AbstractProblemLoader Replaying proof LinkedList[LinkedList::reverse()].JML normal_behavior operation contract.0 
154815     DEBUG main            d.u.i.k.p.i.IntermediateProofReplayer Proof replay took 5.6ns 
163090     INFO  main            d.u.i.k.p.r.p.TestFile    ... finished proof: closed. 
163364     INFO  main            d.u.i.k.p.i.AbstractProblemLoader Loading environment from /home/runner/work/key/key/key.core/../key.ui/examples/heap/vstte10_05_Queue/LinkedList_reverse.key.proof 
163368     DEBUG main            d.u.i.k.p.i.AbstractProblemLoader Environment load took 5.43ms 
163370     INFO  main            d.u.i.k.p.i.AbstractProblemLoader Creating init config 
165878     DEBUG main            d.u.i.k.p.i.AbstractProblemLoader Init config took 2.51s 
165918     INFO  main            d.u.i.k.p.i.AbstractProblemLoader Replaying proof LinkedList[LinkedList::reverse()].JML normal_behavior operation contract.0 
166610     DEBUG main            d.u.i.k.p.i.IntermediateProofReplayer Proof replay took 667.62ms 
166612     DEBUG main            d.u.i.k.p.r.p.TestFile    ... success: reloaded. 
166613     INFO  main            d.u.i.k.p.r.p.TestFile    Now processing file /home/runner/work/key/key/key.core/../key.ui/examples/heap/vstte10_05_Queue/LinkedList_tail.key 
166614     INFO  main            d.u.i.k.p.i.AbstractProblemLoader Loading environment from /home/runner/work/key/key/key.core/../key.ui/examples/heap/vstte10_05_Queue/LinkedList_tail.key 
166614     DEBUG main            d.u.i.k.p.i.AbstractProblemLoader Environment load took 174.4ns 
166615     INFO  main            d.u.i.k.p.i.AbstractProblemLoader Creating init config 
169184     DEBUG main            d.u.i.k.p.i.AbstractProblemLoader Init config took 2.57s 
169224     INFO  main            d.u.i.k.p.i.AbstractProblemLoader Replaying proof LinkedList[LinkedList::tail()].JML normal_behavior operation contract.0 
169225     DEBUG main            d.u.i.k.p.i.IntermediateProofReplayer Proof replay took 40.2ns 
169728     INFO  main            d.u.i.k.p.r.p.TestFile    ... finished proof: closed. 
169964     INFO  main            d.u.i.k.p.i.AbstractProblemLoader Loading environment from /home/runner/work/key/key/key.core/../key.ui/examples/heap/vstte10_05_Queue/LinkedList_tail.key.proof 
169964     DEBUG main            d.u.i.k.p.i.AbstractProblemLoader Environment load took 92.2ns 
169965     INFO  main            d.u.i.k.p.i.AbstractProblemLoader Creating init config 
172483     DEBUG main            d.u.i.k.p.i.AbstractProblemLoader Init config took 2.52s 
172524     INFO  main            d.u.i.k.p.i.AbstractProblemLoader Replaying proof LinkedList[LinkedList::tail()].JML normal_behavior operation contract.0 
172611     DEBUG main            d.u.i.k.p.i.IntermediateProofReplayer Proof replay took 84.36ms 
172611     DEBUG main            d.u.i.k.p.r.p.TestFile    ... success: reloaded. 
2265608    INFO  Test worker     d.u.i.k.p.r.RunAllProofsTestUnit Returning from test VSTTE10 
2265610    INFO  Test worker     d.u.i.k.p.r.RunAllProofsTestUnit Running test WeideEtAl 
344        INFO  Timeout watchdog d.u.i.k.p.r.p.ForkedTestFileRunner Timeout watcher launched (2000 secs.) 
352        WARN  main            d.u.i.k.s.ProofSettings   The settings in /home/runner/.key/proof-settings.props are *not* read. 
394        INFO  main            d.u.i.k.p.r.p.TestFile    Now processing file /home/runner/work/key/key/key.core/../key.ui/examples/heap/WeideEtAl_01_AddAndMultiply/AddAndMultiply_add.key 
507        INFO  main            d.u.i.k.p.i.AbstractProblemLoader Loading environment from /home/runner/work/key/key/key.core/../key.ui/examples/heap/WeideEtAl_01_AddAndMultiply/AddAndMultiply_add.key 
537        DEBUG main            d.u.i.k.p.i.AbstractProblemLoader Environment load took 2.13ms 
761        INFO  main            d.u.i.k.p.i.AbstractProblemLoader Creating init config 
1633       DEBUG main            d.u.i.k.j.TypeConverter   No LDT found for Meta 
1634       DEBUG main            d.u.i.k.j.TypeConverter   No LDT found for Meta 
1637       DEBUG main            d.u.i.k.j.TypeConverter   No LDT found for Meta 
1637       DEBUG main            d.u.i.k.j.TypeConverter   No LDT found for Meta 
3049       DEBUG main            d.u.i.k.j.TypeConverter   No LDT found for JavaBigintExpression 
7875       DEBUG main            d.u.i.k.p.i.AbstractProblemLoader Init config took 7.11s 
7995       INFO  main            d.u.i.k.p.i.AbstractProblemLoader Replaying proof AddAndMultiply[AddAndMultiply::add(int,int)].JML normal_behavior operation contract.0 
8025       DEBUG main            d.u.i.k.p.i.IntermediateProofReplayer Proof replay took 29.9ns 
9594       INFO  main            d.u.i.k.p.r.p.TestFile    ... finished proof: closed. 
9728       INFO  main            d.u.i.k.p.i.AbstractProblemLoader Loading environment from /home/runner/work/key/key/key.core/../key.ui/examples/heap/WeideEtAl_01_AddAndMultiply/AddAndMultiply_add.key.proof 
9728       DEBUG main            d.u.i.k.p.i.AbstractProblemLoader Environment load took 431.6ns 
9730       INFO  main            d.u.i.k.p.i.AbstractProblemLoader Creating init config 
12480      DEBUG main            d.u.i.k.p.i.AbstractProblemLoader Init config took 2.75s 
12551      INFO  main            d.u.i.k.p.i.AbstractProblemLoader Replaying proof AddAndMultiply[AddAndMultiply::add(int,int)].JML normal_behavior operation contract.0 
12766      DEBUG main            d.u.i.k.p.i.IntermediateProofReplayer Proof replay took 205.69ms 
12772      DEBUG main            d.u.i.k.p.r.p.TestFile    ... success: reloaded. 
12773      INFO  main            d.u.i.k.p.r.p.TestFile    Now processing file /home/runner/work/key/key/key.core/../key.ui/examples/heap/WeideEtAl_01_AddAndMultiply/AddAndMultiply_mul.key 
12774      INFO  main            d.u.i.k.p.i.AbstractProblemLoader Loading environment from /home/runner/work/key/key/key.core/../key.ui/examples/heap/WeideEtAl_01_AddAndMultiply/AddAndMultiply_mul.key 
12774      DEBUG main            d.u.i.k.p.i.AbstractProblemLoader Environment load took 224.1ns 
12776      INFO  main            d.u.i.k.p.i.AbstractProblemLoader Creating init config 
15459      DEBUG main            d.u.i.k.p.i.AbstractProblemLoader Init config took 2.68s 
15513      INFO  main            d.u.i.k.p.i.AbstractProblemLoader Replaying proof AddAndMultiply[AddAndMultiply::mul(int,int)].JML normal_behavior operation contract.0 
15515      DEBUG main            d.u.i.k.p.i.IntermediateProofReplayer Proof replay took 5.2ns 
16019      INFO  main            d.u.i.k.p.r.p.TestFile    ... finished proof: closed. 
16161      INFO  main            d.u.i.k.p.i.AbstractProblemLoader Loading environment from /home/runner/work/key/key/key.core/../key.ui/examples/heap/WeideEtAl_01_AddAndMultiply/AddAndMultiply_mul.key.proof 
16165      DEBUG main            d.u.i.k.p.i.AbstractProblemLoader Environment load took 3.88ms 
16167      INFO  main            d.u.i.k.p.i.AbstractProblemLoader Creating init config 
18805      DEBUG main            d.u.i.k.p.i.AbstractProblemLoader Init config took 2.64s 
18857      INFO  main            d.u.i.k.p.i.AbstractProblemLoader Replaying proof AddAndMultiply[AddAndMultiply::mul(int,int)].JML normal_behavior operation contract.0 
18968      DEBUG main            d.u.i.k.p.i.IntermediateProofReplayer Proof replay took 105.17ms 
18969      DEBUG main            d.u.i.k.p.r.p.TestFile    ... success: reloaded. 
18971      INFO  main            d.u.i.k.p.r.p.TestFile    Now processing file /home/runner/work/key/key/key.core/../key.ui/examples/heap/WeideEtAl_02_BinarySearch/BinarySearch_search.key 
18971      INFO  main            d.u.i.k.p.i.AbstractProblemLoader Loading environment from /home/runner/work/key/key/key.core/../key.ui/examples/heap/WeideEtAl_02_BinarySearch/BinarySearch_search.key 
18971      DEBUG main            d.u.i.k.p.i.AbstractProblemLoader Environment load took 199.3ns 
18972      INFO  main            d.u.i.k.p.i.AbstractProblemLoader Creating init config 
21560      DEBUG main            d.u.i.k.p.i.AbstractProblemLoader Init config took 2.59s 
21603      INFO  main            d.u.i.k.p.i.AbstractProblemLoader Replaying proof BinarySearch[BinarySearch::search([I,int)].JML normal_behavior operation contract.0 
21607      DEBUG main            d.u.i.k.p.i.IntermediateProofReplayer Proof replay took 5.4ns 
24525      INFO  main            d.u.i.k.p.r.p.TestFile    ... finished proof: closed. 
24728      INFO  main            d.u.i.k.p.i.AbstractProblemLoader Loading environment from /home/runner/work/key/key/key.core/../key.ui/examples/heap/WeideEtAl_02_BinarySearch/BinarySearch_search.key.proof 
24731      DEBUG main            d.u.i.k.p.i.AbstractProblemLoader Environment load took 2.8ms 
24734      INFO  main            d.u.i.k.p.i.AbstractProblemLoader Creating init config 
27278      DEBUG main            d.u.i.k.p.i.AbstractProblemLoader Init config took 2.54s 
27327      INFO  main            d.u.i.k.p.i.AbstractProblemLoader Replaying proof BinarySearch[BinarySearch::search([I,int)].JML normal_behavior operation contract.0 
27870      DEBUG main            d.u.i.k.p.i.IntermediateProofReplayer Proof replay took 517.48ms 
27872      DEBUG main            d.u.i.k.p.r.p.TestFile    ... success: reloaded. 
2293644    INFO  Test worker     d.u.i.k.p.r.RunAllProofsTestUnit Returning from test WeideEtAl 
2293645    INFO  Test worker     d.u.i.k.p.r.RunAllProofsTestUnit Running test arithmetic 
355        INFO  Timeout watchdog d.u.i.k.p.r.p.ForkedTestFileRunner Timeout watcher launched (2000 secs.) 
355        WARN  main            d.u.i.k.s.ProofSettings   The settings in /home/runner/.key/proof-settings.props are *not* read. 
386        INFO  main            d.u.i.k.p.r.p.TestFile    Now processing file /home/runner/work/key/key/key.core/../key.ui/examples/standard_key/arith/binomial1.key 
541        INFO  main            d.u.i.k.p.i.AbstractProblemLoader Loading environment from /home/runner/work/key/key/key.core/../key.ui/examples/standard_key/arith/binomial1.key 
558        DEBUG main            d.u.i.k.p.i.AbstractProblemLoader Environment load took 1.82ms 
785        INFO  main            d.u.i.k.p.i.AbstractProblemLoader Creating init config 
1727       DEBUG main            d.u.i.k.j.TypeConverter   No LDT found for Meta 
1727       DEBUG main            d.u.i.k.j.TypeConverter   No LDT found for Meta 
1730       DEBUG main            d.u.i.k.j.TypeConverter   No LDT found for Meta 
1730       DEBUG main            d.u.i.k.j.TypeConverter   No LDT found for Meta 
2983       DEBUG main            d.u.i.k.j.TypeConverter   No LDT found for JavaBigintExpression 
7610       DEBUG main            d.u.i.k.p.i.AbstractProblemLoader Init config took 6.83s 
7666       INFO  main            d.u.i.k.p.i.AbstractProblemLoader Replaying proof binomial1.key 
7695       DEBUG main            d.u.i.k.p.i.IntermediateProofReplayer Proof replay took 29.9ns 
7955       INFO  main            d.u.i.k.p.r.p.TestFile    ... finished proof: closed. 
8041       INFO  main            d.u.i.k.p.i.AbstractProblemLoader Loading environment from /home/runner/work/key/key/key.core/../key.ui/examples/standard_key/arith/binomial1.key.proof 
8044       DEBUG main            d.u.i.k.p.i.AbstractProblemLoader Environment load took 3.01ms 
8047       INFO  main            d.u.i.k.p.i.AbstractProblemLoader Creating init config 
10724      DEBUG main            d.u.i.k.p.i.AbstractProblemLoader Init config took 2.68s 
10752      INFO  main            d.u.i.k.p.i.AbstractProblemLoader Replaying proof binomial1.key.proof 
10769      DEBUG main            d.u.i.k.p.i.IntermediateProofReplayer Proof replay took 12.63ms 
10779      DEBUG main            d.u.i.k.p.r.p.TestFile    ... success: reloaded. 
10780      INFO  main            d.u.i.k.p.r.p.TestFile    Now processing file /home/runner/work/key/key/key.core/../key.ui/examples/standard_key/arith/binomial2.key 
10780      INFO  main            d.u.i.k.p.i.AbstractProblemLoader Loading environment from /home/runner/work/key/key/key.core/../key.ui/examples/standard_key/arith/binomial2.key 
10780      DEBUG main            d.u.i.k.p.i.AbstractProblemLoader Environment load took 193ns 
10782      INFO  main            d.u.i.k.p.i.AbstractProblemLoader Creating init config 
13383      DEBUG main            d.u.i.k.p.i.AbstractProblemLoader Init config took 2.6s 
13412      INFO  main            d.u.i.k.p.i.AbstractProblemLoader Replaying proof binomial2.key 
13416      DEBUG main            d.u.i.k.p.i.IntermediateProofReplayer Proof replay took 5.7ns 
13518      INFO  main            d.u.i.k.p.r.p.TestFile    ... finished proof: closed. 
13635      INFO  main            d.u.i.k.p.i.AbstractProblemLoader Loading environment from /home/runner/work/key/key/key.core/../key.ui/examples/standard_key/arith/binomial2.key.proof 
13635      DEBUG main            d.u.i.k.p.i.AbstractProblemLoader Environment load took 118.4ns 
13637      INFO  main            d.u.i.k.p.i.AbstractProblemLoader Creating init config 
16179      DEBUG main            d.u.i.k.p.i.AbstractProblemLoader Init config took 2.54s 
16203      INFO  main            d.u.i.k.p.i.AbstractProblemLoader Replaying proof binomial2.key.proof 
16215      DEBUG main            d.u.i.k.p.i.IntermediateProofReplayer Proof replay took 10.19ms 
16216      DEBUG main            d.u.i.k.p.r.p.TestFile    ... success: reloaded. 
16217      INFO  main            d.u.i.k.p.r.p.TestFile    Now processing file /home/runner/work/key/key/key.core/../key.ui/examples/standard_key/arith/check_jdiv.key 
16218      INFO  main            d.u.i.k.p.i.AbstractProblemLoader Loading environment from /home/runner/work/key/key/key.core/../key.ui/examples/standard_key/arith/check_jdiv.key 
16218      DEBUG main            d.u.i.k.p.i.AbstractProblemLoader Environment load took 200.8ns 
16219      INFO  main            d.u.i.k.p.i.AbstractProblemLoader Creating init config 
18685      DEBUG main            d.u.i.k.p.i.AbstractProblemLoader Init config took 2.47s 
18707      INFO  main            d.u.i.k.p.i.AbstractProblemLoader Replaying proof check_jdiv.key 
18710      DEBUG main            d.u.i.k.p.i.IntermediateProofReplayer Proof replay took 5.6ns 
23796      INFO  main            d.u.i.k.p.r.p.TestFile    ... finished proof: closed. 
23978      INFO  main            d.u.i.k.p.i.AbstractProblemLoader Loading environment from /home/runner/work/key/key/key.core/../key.ui/examples/standard_key/arith/check_jdiv.key.proof 
23979      DEBUG main            d.u.i.k.p.i.AbstractProblemLoader Environment load took 1ms 
23987      INFO  main            d.u.i.k.p.i.AbstractProblemLoader Creating init config 
26484      DEBUG main            d.u.i.k.p.i.AbstractProblemLoader Init config took 2.5s 
26505      INFO  main            d.u.i.k.p.i.AbstractProblemLoader Replaying proof check_jdiv.key.proof 
26914      DEBUG main            d.u.i.k.p.i.IntermediateProofReplayer Proof replay took 362.53ms 
26916      DEBUG main            d.u.i.k.p.r.p.TestFile    ... success: reloaded. 
26918      INFO  main            d.u.i.k.p.r.p.TestFile    Now processing file /home/runner/work/key/key/key.core/../key.ui/examples/standard_key/arith/check_jdiv_concrete.key 
26918      INFO  main            d.u.i.k.p.i.AbstractProblemLoader Loading environment from /home/runner/work/key/key/key.core/../key.ui/examples/standard_key/arith/check_jdiv_concrete.key 
26918      DEBUG main            d.u.i.k.p.i.AbstractProblemLoader Environment load took 113.2ns 
26920      INFO  main            d.u.i.k.p.i.AbstractProblemLoader Creating init config 
29392      DEBUG main            d.u.i.k.p.i.AbstractProblemLoader Init config took 2.47s 
29412      INFO  main            d.u.i.k.p.i.AbstractProblemLoader Replaying proof check_jdiv_concrete.key 
29414      DEBUG main            d.u.i.k.p.i.IntermediateProofReplayer Proof replay took 5.5ns 
29518      INFO  main            d.u.i.k.p.r.p.TestFile    ... finished proof: closed. 
29694      INFO  main            d.u.i.k.p.i.AbstractProblemLoader Loading environment from /home/runner/work/key/key/key.core/../key.ui/examples/standard_key/arith/check_jdiv_concrete.key.proof 
29694      DEBUG main            d.u.i.k.p.i.AbstractProblemLoader Environment load took 106.3ns 
29695      INFO  main            d.u.i.k.p.i.AbstractProblemLoader Creating init config 
32108      DEBUG main            d.u.i.k.p.i.AbstractProblemLoader Init config took 2.41s 
32128      INFO  main            d.u.i.k.p.i.AbstractProblemLoader Replaying proof check_jdiv_concrete.key.proof 
32134      DEBUG main            d.u.i.k.p.i.IntermediateProofReplayer Proof replay took 3.47ms 
32135      DEBUG main            d.u.i.k.p.r.p.TestFile    ... success: reloaded. 
32136      INFO  main            d.u.i.k.p.r.p.TestFile    Now processing file /home/runner/work/key/key/key.core/../key.ui/examples/standard_key/arith/check_jdiv_instantiated.key 
32136      INFO  main            d.u.i.k.p.i.AbstractProblemLoader Loading environment from /home/runner/work/key/key/key.core/../key.ui/examples/standard_key/arith/check_jdiv_instantiated.key 
32136      DEBUG main            d.u.i.k.p.i.AbstractProblemLoader Environment load took 80.8ns 
32137      INFO  main            d.u.i.k.p.i.AbstractProblemLoader Creating init config 
34561      DEBUG main            d.u.i.k.p.i.AbstractProblemLoader Init config took 2.42s 
34580      INFO  main            d.u.i.k.p.i.AbstractProblemLoader Replaying proof check_jdiv_instantiated.key 
34582      DEBUG main            d.u.i.k.p.i.IntermediateProofReplayer Proof replay took 5.2ns 
37751      INFO  main            d.u.i.k.p.r.p.TestFile    ... finished proof: closed. 
37937      INFO  main            d.u.i.k.p.i.AbstractProblemLoader Loading environment from /home/runner/work/key/key/key.core/../key.ui/examples/standard_key/arith/check_jdiv_instantiated.key.proof 
37937      DEBUG main            d.u.i.k.p.i.AbstractProblemLoader Environment load took 182.2ns 
37940      INFO  main            d.u.i.k.p.i.AbstractProblemLoader Creating init config 
40336      DEBUG main            d.u.i.k.p.i.AbstractProblemLoader Init config took 2.4s 
40361      INFO  main            d.u.i.k.p.i.AbstractProblemLoader Replaying proof check_jdiv_instantiated.key.proof 
40598      DEBUG main            d.u.i.k.p.i.IntermediateProofReplayer Proof replay took 209.14ms 
40600      DEBUG main            d.u.i.k.p.r.p.TestFile    ... success: reloaded. 
40601      INFO  main            d.u.i.k.p.r.p.TestFile    Now processing file /home/runner/work/key/key/key.core/../key.ui/examples/standard_key/arith/check_jmod.key 
40602      INFO  main            d.u.i.k.p.i.AbstractProblemLoader Loading environment from /home/runner/work/key/key/key.core/../key.ui/examples/standard_key/arith/check_jmod.key 
40602      DEBUG main            d.u.i.k.p.i.AbstractProblemLoader Environment load took 245ns 
40603      INFO  main            d.u.i.k.p.i.AbstractProblemLoader Creating init config 
43058      DEBUG main            d.u.i.k.p.i.AbstractProblemLoader Init config took 2.45s 
43076      INFO  main            d.u.i.k.p.i.AbstractProblemLoader Replaying proof check_jmod.key 
43079      DEBUG main            d.u.i.k.p.i.IntermediateProofReplayer Proof replay took 5.9ns 
43584      INFO  main            d.u.i.k.p.r.p.TestFile    ... finished proof: closed. 
43781      INFO  main            d.u.i.k.p.i.AbstractProblemLoader Loading environment from /home/runner/work/key/key/key.core/../key.ui/examples/standard_key/arith/check_jmod.key.proof 
43782      DEBUG main            d.u.i.k.p.i.AbstractProblemLoader Environment load took 377.4ns 
43783      INFO  main            d.u.i.k.p.i.AbstractProblemLoader Creating init config 
46181      DEBUG main            d.u.i.k.p.i.AbstractProblemLoader Init config took 2.4s 
46199      INFO  main            d.u.i.k.p.i.AbstractProblemLoader Replaying proof check_jmod.key.proof 
46242      DEBUG main            d.u.i.k.p.i.IntermediateProofReplayer Proof replay took 37.02ms 
46243      DEBUG main            d.u.i.k.p.r.p.TestFile    ... success: reloaded. 
46244      INFO  main            d.u.i.k.p.r.p.TestFile    Now processing file /home/runner/work/key/key/key.core/../key.ui/examples/standard_key/arith/complexExpressions.key 
46244      INFO  main            d.u.i.k.p.i.AbstractProblemLoader Loading environment from /home/runner/work/key/key/key.core/../key.ui/examples/standard_key/arith/complexExpressions.key 
46245      DEBUG main            d.u.i.k.p.i.AbstractProblemLoader Environment load took 189.7ns 
46245      INFO  main            d.u.i.k.p.i.AbstractProblemLoader Creating init config 
48718      DEBUG main            d.u.i.k.p.i.AbstractProblemLoader Init config took 2.47s 
48739      INFO  main            d.u.i.k.p.i.AbstractProblemLoader Replaying proof complexExpressions.key 
48741      DEBUG main            d.u.i.k.p.i.IntermediateProofReplayer Proof replay took 6.2ns 
48849      INFO  main            d.u.i.k.p.r.p.TestFile    ... finished proof: closed. 
49008      INFO  main            d.u.i.k.p.i.AbstractProblemLoader Loading environment from /home/runner/work/key/key/key.core/../key.ui/examples/standard_key/arith/complexExpressions.key.proof 
49008      DEBUG main            d.u.i.k.p.i.AbstractProblemLoader Environment load took 113.1ns 
49010      INFO  main            d.u.i.k.p.i.AbstractProblemLoader Creating init config 
51487      DEBUG main            d.u.i.k.p.i.AbstractProblemLoader Init config took 2.48s 
51506      INFO  main            d.u.i.k.p.i.AbstractProblemLoader Replaying proof complexExpressions.key.proof 
51517      DEBUG main            d.u.i.k.p.i.IntermediateProofReplayer Proof replay took 8.13ms 
51517      DEBUG main            d.u.i.k.p.r.p.TestFile    ... success: reloaded. 
51518      INFO  main            d.u.i.k.p.r.p.TestFile    Now processing file /home/runner/work/key/key/key.core/../key.ui/examples/standard_key/arith/compound_unaryMinus.key 
51518      INFO  main            d.u.i.k.p.i.AbstractProblemLoader Loading environment from /home/runner/work/key/key/key.core/../key.ui/examples/standard_key/arith/compound_unaryMinus.key 
51518      DEBUG main            d.u.i.k.p.i.AbstractProblemLoader Environment load took 87.6ns 
51519      INFO  main            d.u.i.k.p.i.AbstractProblemLoader Creating init config 
53960      DEBUG main            d.u.i.k.p.i.AbstractProblemLoader Init config took 2.44s 
53979      INFO  main            d.u.i.k.p.i.AbstractProblemLoader Replaying proof compound_unaryMinus.key 
53981      DEBUG main            d.u.i.k.p.i.IntermediateProofReplayer Proof replay took 5.2ns 
54083      INFO  main            d.u.i.k.p.r.p.TestFile    ... finished proof: closed. 
54225      INFO  main            d.u.i.k.p.i.AbstractProblemLoader Loading environment from /home/runner/work/key/key/key.core/../key.ui/examples/standard_key/arith/compound_unaryMinus.key.proof 
54225      DEBUG main            d.u.i.k.p.i.AbstractProblemLoader Environment load took 108.8ns 
54226      INFO  main            d.u.i.k.p.i.AbstractProblemLoader Creating init config 
56604      DEBUG main            d.u.i.k.p.i.AbstractProblemLoader Init config took 2.38s 
56624      INFO  main            d.u.i.k.p.i.AbstractProblemLoader Replaying proof compound_unaryMinus.key.proof 
56629      DEBUG main            d.u.i.k.p.i.IntermediateProofReplayer Proof replay took 3.24ms 
56631      DEBUG main            d.u.i.k.p.r.p.TestFile    ... success: reloaded. 
56632      INFO  main            d.u.i.k.p.r.p.TestFile    Now processing file /home/runner/work/key/key/key.core/../key.ui/examples/standard_key/arith/computation.key 
56632      INFO  main            d.u.i.k.p.i.AbstractProblemLoader Loading environment from /home/runner/work/key/key/key.core/../key.ui/examples/standard_key/arith/computation.key 
56633      DEBUG main            d.u.i.k.p.i.AbstractProblemLoader Environment load took 956.1ns 
56634      INFO  main            d.u.i.k.p.i.AbstractProblemLoader Creating init config 
59042      DEBUG main            d.u.i.k.p.i.AbstractProblemLoader Init config took 2.41s 
59060      INFO  main            d.u.i.k.p.i.AbstractProblemLoader Replaying proof computation.key 
59062      DEBUG main            d.u.i.k.p.i.IntermediateProofReplayer Proof replay took 5.2ns 
60367      INFO  main            d.u.i.k.p.r.p.TestFile    ... finished proof: closed. 
60596      INFO  main            d.u.i.k.p.i.AbstractProblemLoader Loading environment from /home/runner/work/key/key/key.core/../key.ui/examples/standard_key/arith/computation.key.proof 
60596      DEBUG main            d.u.i.k.p.i.AbstractProblemLoader Environment load took 122.7ns 
60598      INFO  main            d.u.i.k.p.i.AbstractProblemLoader Creating init config 
62928      DEBUG main            d.u.i.k.p.i.AbstractProblemLoader Init config took 2.33s 
62945      INFO  main            d.u.i.k.p.i.AbstractProblemLoader Replaying proof computation.key.proof 
63077      DEBUG main            d.u.i.k.p.i.IntermediateProofReplayer Proof replay took 127.4ms 
63078      DEBUG main            d.u.i.k.p.r.p.TestFile    ... success: reloaded. 
63079      INFO  main            d.u.i.k.p.r.p.TestFile    Now processing file /home/runner/work/key/key/key.core/../key.ui/examples/standard_key/arith/cubicSum.key 
63080      INFO  main            d.u.i.k.p.i.AbstractProblemLoader Loading environment from /home/runner/work/key/key/key.core/../key.ui/examples/standard_key/arith/cubicSum.key 
63080      DEBUG main            d.u.i.k.p.i.AbstractProblemLoader Environment load took 181.8ns 
63081      INFO  main            d.u.i.k.p.i.AbstractProblemLoader Creating init config 
65658      DEBUG main            d.u.i.k.p.i.AbstractProblemLoader Init config took 2.58s 
65676      INFO  main            d.u.i.k.p.i.AbstractProblemLoader Replaying proof cubicSum.key 
65678      DEBUG main            d.u.i.k.p.i.IntermediateProofReplayer Proof replay took 5.5ns 
66986      INFO  main            d.u.i.k.p.r.p.TestFile    ... finished proof: closed. 
67241      INFO  main            d.u.i.k.p.i.AbstractProblemLoader Loading environment from /home/runner/work/key/key/key.core/../key.ui/examples/standard_key/arith/cubicSum.key.proof 
67241      DEBUG main            d.u.i.k.p.i.AbstractProblemLoader Environment load took 131.5ns 
67242      INFO  main            d.u.i.k.p.i.AbstractProblemLoader Creating init config 
69686      DEBUG main            d.u.i.k.p.i.AbstractProblemLoader Init config took 2.44s 
69703      INFO  main            d.u.i.k.p.i.AbstractProblemLoader Replaying proof cubicSum.key.proof 
69811      DEBUG main            d.u.i.k.p.i.IntermediateProofReplayer Proof replay took 104.98ms 
69812      DEBUG main            d.u.i.k.p.r.p.TestFile    ... success: reloaded. 
69813      INFO  main            d.u.i.k.p.r.p.TestFile    Now processing file /home/runner/work/key/key/key.core/../key.ui/examples/standard_key/arith/divByZero.key 
69813      INFO  main            d.u.i.k.p.i.AbstractProblemLoader Loading environment from /home/runner/work/key/key/key.core/../key.ui/examples/standard_key/arith/divByZero.key 
69813      DEBUG main            d.u.i.k.p.i.AbstractProblemLoader Environment load took 81.9ns 
69814      INFO  main            d.u.i.k.p.i.AbstractProblemLoader Creating init config 
72267      DEBUG main            d.u.i.k.p.i.AbstractProblemLoader Init config took 2.45s 
72294      INFO  main            d.u.i.k.p.i.AbstractProblemLoader Replaying proof divByZero.key 
72297      DEBUG main            d.u.i.k.p.i.IntermediateProofReplayer Proof replay took 6.1ns 
72499      INFO  main            d.u.i.k.p.r.p.TestFile    ... finished proof: closed. 
72682      INFO  main            d.u.i.k.p.i.AbstractProblemLoader Loading environment from /home/runner/work/key/key/key.core/../key.ui/examples/standard_key/arith/divByZero.key.proof 
72682      DEBUG main            d.u.i.k.p.i.AbstractProblemLoader Environment load took 109.3ns 
72683      INFO  main            d.u.i.k.p.i.AbstractProblemLoader Creating init config 
75063      DEBUG main            d.u.i.k.p.i.AbstractProblemLoader Init config took 2.38s 
75079      INFO  main            d.u.i.k.p.i.AbstractProblemLoader Replaying proof divByZero.key.proof 
75112      DEBUG main            d.u.i.k.p.i.IntermediateProofReplayer Proof replay took 30.77ms 
75112      DEBUG main            d.u.i.k.p.r.p.TestFile    ... success: reloaded. 
75113      INFO  main            d.u.i.k.p.r.p.TestFile    Now processing file /home/runner/work/key/key/key.core/../key.ui/examples/standard_key/arith/divisionAssoc.key 
75114      INFO  main            d.u.i.k.p.i.AbstractProblemLoader Loading environment from /home/runner/work/key/key/key.core/../key.ui/examples/standard_key/arith/divisionAssoc.key 
75114      DEBUG main            d.u.i.k.p.i.AbstractProblemLoader Environment load took 84.6ns 
75114      INFO  main            d.u.i.k.p.i.AbstractProblemLoader Creating init config 
77551      DEBUG main            d.u.i.k.p.i.AbstractProblemLoader Init config took 2.44s 
77565      INFO  main            d.u.i.k.p.i.AbstractProblemLoader Replaying proof divisionAssoc.key 
77567      DEBUG main            d.u.i.k.p.i.IntermediateProofReplayer Proof replay took 6.9ns 
78286      INFO  main            d.u.i.k.p.r.p.TestFile    ... finished proof: closed. 
78489      INFO  main            d.u.i.k.p.i.AbstractProblemLoader Loading environment from /home/runner/work/key/key/key.core/../key.ui/examples/standard_key/arith/divisionAssoc.key.proof 
78490      DEBUG main            d.u.i.k.p.i.AbstractProblemLoader Environment load took 818.4ns 
78491      INFO  main            d.u.i.k.p.i.AbstractProblemLoader Creating init config 
80824      DEBUG main            d.u.i.k.p.i.AbstractProblemLoader Init config took 2.33s 
80849      INFO  main            d.u.i.k.p.i.AbstractProblemLoader Replaying proof divisionAssoc.key.proof 
80891      DEBUG main            d.u.i.k.p.i.IntermediateProofReplayer Proof replay took 37.56ms 
80892      DEBUG main            d.u.i.k.p.r.p.TestFile    ... success: reloaded. 
80893      INFO  main            d.u.i.k.p.r.p.TestFile    Now processing file /home/runner/work/key/key/key.core/../key.ui/examples/standard_key/arith/divisionBy2.key 
80894      INFO  main            d.u.i.k.p.i.AbstractProblemLoader Loading environment from /home/runner/work/key/key/key.core/../key.ui/examples/standard_key/arith/divisionBy2.key 
80894      DEBUG main            d.u.i.k.p.i.AbstractProblemLoader Environment load took 184.9ns 
80895      INFO  main            d.u.i.k.p.i.AbstractProblemLoader Creating init config 
83292      DEBUG main            d.u.i.k.p.i.AbstractProblemLoader Init config took 2.4s 
83305      INFO  main            d.u.i.k.p.i.AbstractProblemLoader Replaying proof divisionBy2.key 
83306      DEBUG main            d.u.i.k.p.i.IntermediateProofReplayer Proof replay took 5.2ns 
83408      INFO  main            d.u.i.k.p.r.p.TestFile    ... finished proof: closed. 
83597      INFO  main            d.u.i.k.p.i.AbstractProblemLoader Loading environment from /home/runner/work/key/key/key.core/../key.ui/examples/standard_key/arith/divisionBy2.key.proof 
83597      DEBUG main            d.u.i.k.p.i.AbstractProblemLoader Environment load took 100.5ns 
83598      INFO  main            d.u.i.k.p.i.AbstractProblemLoader Creating init config 
85933      DEBUG main            d.u.i.k.p.i.AbstractProblemLoader Init config took 2.33s 
85946      INFO  main            d.u.i.k.p.i.AbstractProblemLoader Replaying proof divisionBy2.key.proof 
85957      DEBUG main            d.u.i.k.p.i.IntermediateProofReplayer Proof replay took 5.87ms 
85958      DEBUG main            d.u.i.k.p.r.p.TestFile    ... success: reloaded. 
85958      INFO  main            d.u.i.k.p.r.p.TestFile    Now processing file /home/runner/work/key/key/key.core/../key.ui/examples/standard_key/arith/euclidean/gcdHelp-post.key 
85959      INFO  main            d.u.i.k.p.i.AbstractProblemLoader Loading environment from /home/runner/work/key/key/key.core/../key.ui/examples/standard_key/arith/euclidean/gcdHelp-post.key 
85959      DEBUG main            d.u.i.k.p.i.AbstractProblemLoader Environment load took 181.9ns 
85960      INFO  main            d.u.i.k.p.i.AbstractProblemLoader Creating init config 
88468      DEBUG main            d.u.i.k.p.i.AbstractProblemLoader Init config took 2.51s 
88483      INFO  main            d.u.i.k.p.i.AbstractProblemLoader Replaying proof gcdHelp-post.key 
88485      DEBUG main            d.u.i.k.p.i.IntermediateProofReplayer Proof replay took 6.2ns 
91491      INFO  main            d.u.i.k.p.r.p.TestFile    ... finished proof: closed. 
91696      INFO  main            d.u.i.k.p.i.AbstractProblemLoader Loading environment from /home/runner/work/key/key/key.core/../key.ui/examples/standard_key/arith/euclidean/gcdHelp-post.key.proof 
91696      DEBUG main            d.u.i.k.p.i.AbstractProblemLoader Environment load took 363.1ns 
91698      INFO  main            d.u.i.k.p.i.AbstractProblemLoader Creating init config 
94116      DEBUG main            d.u.i.k.p.i.AbstractProblemLoader Init config took 2.42s 
94131      INFO  main            d.u.i.k.p.i.AbstractProblemLoader Replaying proof gcdHelp-post.key.proof 
94366      DEBUG main            d.u.i.k.p.i.IntermediateProofReplayer Proof replay took 224.74ms 
94367      DEBUG main            d.u.i.k.p.r.p.TestFile    ... success: reloaded. 
94369      INFO  main            d.u.i.k.p.r.p.TestFile    Now processing file /home/runner/work/key/key/key.core/../key.ui/examples/standard_key/arith/gemplusDecimal/add.key 
94370      INFO  main            d.u.i.k.p.i.AbstractProblemLoader Loading environment from /home/runner/work/key/key/key.core/../key.ui/examples/standard_key/arith/gemplusDecimal/add.key 
94370      DEBUG main            d.u.i.k.p.i.AbstractProblemLoader Environment load took 199.3ns 
94372      INFO  main            d.u.i.k.p.i.AbstractProblemLoader Creating init config 
96860      DEBUG main            d.u.i.k.p.i.AbstractProblemLoader Init config took 2.49s 
96890      INFO  main            d.u.i.k.p.i.AbstractProblemLoader Replaying proof add.key 
96892      DEBUG main            d.u.i.k.p.i.IntermediateProofReplayer Proof replay took 6.2ns 
137799     INFO  main            d.u.i.k.p.r.p.TestFile    ... finished proof: closed. 
138140     INFO  main            d.u.i.k.p.i.AbstractProblemLoader Loading environment from /home/runner/work/key/key/key.core/../key.ui/examples/standard_key/arith/gemplusDecimal/add.key.proof 
138140     DEBUG main            d.u.i.k.p.i.AbstractProblemLoader Environment load took 381.4ns 
138149     INFO  main            d.u.i.k.p.i.AbstractProblemLoader Creating init config 
140539     DEBUG main            d.u.i.k.p.i.AbstractProblemLoader Init config took 2.39s 
140555     INFO  main            d.u.i.k.p.i.AbstractProblemLoader Replaying proof add.key.proof 
144185     DEBUG main            d.u.i.k.p.i.IntermediateProofReplayer Proof replay took 3.51s 
144192     DEBUG main            d.u.i.k.p.r.p.TestFile    ... success: reloaded. 
144193     INFO  main            d.u.i.k.p.r.p.TestFile    Now processing file /home/runner/work/key/key/key.core/../key.ui/examples/standard_key/arith/jdivevenodd.key 
144193     INFO  main            d.u.i.k.p.i.AbstractProblemLoader Loading environment from /home/runner/work/key/key/key.core/../key.ui/examples/standard_key/arith/jdivevenodd.key 
144193     DEBUG main            d.u.i.k.p.i.AbstractProblemLoader Environment load took 92.8ns 
144194     INFO  main            d.u.i.k.p.i.AbstractProblemLoader Creating init config 
146609     DEBUG main            d.u.i.k.p.i.AbstractProblemLoader Init config took 2.41s 
146622     INFO  main            d.u.i.k.p.i.AbstractProblemLoader Replaying proof jdivevenodd.key 
146623     DEBUG main            d.u.i.k.p.i.IntermediateProofReplayer Proof replay took 5ns 
146826     INFO  main            d.u.i.k.p.r.p.TestFile    ... finished proof: closed. 
147142     INFO  main            d.u.i.k.p.i.AbstractProblemLoader Loading environment from /home/runner/work/key/key/key.core/../key.ui/examples/standard_key/arith/jdivevenodd.key.proof 
147142     DEBUG main            d.u.i.k.p.i.AbstractProblemLoader Environment load took 112.7ns 
147143     INFO  main            d.u.i.k.p.i.AbstractProblemLoader Creating init config 
149488     DEBUG main            d.u.i.k.p.i.AbstractProblemLoader Init config took 2.35s 
149501     INFO  main            d.u.i.k.p.i.AbstractProblemLoader Replaying proof jdivevenodd.key.proof 
149517     DEBUG main            d.u.i.k.p.i.IntermediateProofReplayer Proof replay took 13.2ms 
149517     DEBUG main            d.u.i.k.p.r.p.TestFile    ... success: reloaded. 
149518     INFO  main            d.u.i.k.p.r.p.TestFile    Now processing file /home/runner/work/key/key/key.core/../key.ui/examples/standard_key/arith/median.key 
149518     INFO  main            d.u.i.k.p.i.AbstractProblemLoader Loading environment from /home/runner/work/key/key/key.core/../key.ui/examples/standard_key/arith/median.key 
149519     DEBUG main            d.u.i.k.p.i.AbstractProblemLoader Environment load took 71.5ns 
149520     INFO  main            d.u.i.k.p.i.AbstractProblemLoader Creating init config 
151844     DEBUG main            d.u.i.k.p.i.AbstractProblemLoader Init config took 2.32s 
151866     INFO  main            d.u.i.k.p.i.AbstractProblemLoader Replaying proof median.key 
151869     DEBUG main            d.u.i.k.p.i.IntermediateProofReplayer Proof replay took 5.6ns 
166542     INFO  main            d.u.i.k.p.r.p.TestFile    ... finished proof: closed. 
166838     INFO  main            d.u.i.k.p.i.AbstractProblemLoader Loading environment from /home/runner/work/key/key/key.core/../key.ui/examples/standard_key/arith/median.key.proof 
166843     DEBUG main            d.u.i.k.p.i.AbstractProblemLoader Environment load took 5.8ms 
166847     INFO  main            d.u.i.k.p.i.AbstractProblemLoader Creating init config 
169166     DEBUG main            d.u.i.k.p.i.AbstractProblemLoader Init config took 2.32s 
169190     INFO  main            d.u.i.k.p.i.AbstractProblemLoader Replaying proof median.key.proof 
170318     DEBUG main            d.u.i.k.p.i.IntermediateProofReplayer Proof replay took 1.08s 
170320     DEBUG main            d.u.i.k.p.r.p.TestFile    ... success: reloaded. 
170321     INFO  main            d.u.i.k.p.r.p.TestFile    Now processing file /home/runner/work/key/key/key.core/../key.ui/examples/standard_key/arith/mod1.key 
170321     INFO  main            d.u.i.k.p.i.AbstractProblemLoader Loading environment from /home/runner/work/key/key/key.core/../key.ui/examples/standard_key/arith/mod1.key 
170322     DEBUG main            d.u.i.k.p.i.AbstractProblemLoader Environment load took 138.2ns 
170322     INFO  main            d.u.i.k.p.i.AbstractProblemLoader Creating init config 
172689     DEBUG main            d.u.i.k.p.i.AbstractProblemLoader Init config took 2.37s 
172702     INFO  main            d.u.i.k.p.i.AbstractProblemLoader Replaying proof mod1.key 
172703     DEBUG main            d.u.i.k.p.i.IntermediateProofReplayer Proof replay took 5.5ns 
172806     INFO  main            d.u.i.k.p.r.p.TestFile    ... finished proof: closed. 
173089     INFO  main            d.u.i.k.p.i.AbstractProblemLoader Loading environment from /home/runner/work/key/key/key.core/../key.ui/examples/standard_key/arith/mod1.key.proof 
173089     DEBUG main            d.u.i.k.p.i.AbstractProblemLoader Environment load took 93.7ns 
173090     INFO  main            d.u.i.k.p.i.AbstractProblemLoader Creating init config 
175448     DEBUG main            d.u.i.k.p.i.AbstractProblemLoader Init config took 2.36s 
175461     INFO  main            d.u.i.k.p.i.AbstractProblemLoader Replaying proof mod1.key.proof 
175466     DEBUG main            d.u.i.k.p.i.IntermediateProofReplayer Proof replay took 2.13ms 
175467     DEBUG main            d.u.i.k.p.r.p.TestFile    ... success: reloaded. 
175468     INFO  main            d.u.i.k.p.r.p.TestFile    Now processing file /home/runner/work/key/key/key.core/../key.ui/examples/standard_key/arith/mod2.key 
175468     INFO  main            d.u.i.k.p.i.AbstractProblemLoader Loading environment from /home/runner/work/key/key/key.core/../key.ui/examples/standard_key/arith/mod2.key 
175468     DEBUG main            d.u.i.k.p.i.AbstractProblemLoader Environment load took 76.6ns 
175469     INFO  main            d.u.i.k.p.i.AbstractProblemLoader Creating init config 
177782     DEBUG main            d.u.i.k.p.i.AbstractProblemLoader Init config took 2.31s 
177795     INFO  main            d.u.i.k.p.i.AbstractProblemLoader Replaying proof mod2.key 
177796     DEBUG main            d.u.i.k.p.i.IntermediateProofReplayer Proof replay took 5.4ns 
177899     INFO  main            d.u.i.k.p.r.p.TestFile    ... finished proof: closed. 
178109     INFO  main            d.u.i.k.p.i.AbstractProblemLoader Loading environment from /home/runner/work/key/key/key.core/../key.ui/examples/standard_key/arith/mod2.key.proof 
178109     DEBUG main            d.u.i.k.p.i.AbstractProblemLoader Environment load took 106.2ns 
178110     INFO  main            d.u.i.k.p.i.AbstractProblemLoader Creating init config 
180419     DEBUG main            d.u.i.k.p.i.AbstractProblemLoader Init config took 2.31s 
180432     INFO  main            d.u.i.k.p.i.AbstractProblemLoader Replaying proof mod2.key.proof 
180435     DEBUG main            d.u.i.k.p.i.IntermediateProofReplayer Proof replay took 1.51ms 
180436     DEBUG main            d.u.i.k.p.r.p.TestFile    ... success: reloaded. 
180437     INFO  main            d.u.i.k.p.r.p.TestFile    Now processing file /home/runner/work/key/key/key.core/../key.ui/examples/standard_key/arith/mod7.key 
180438     INFO  main            d.u.i.k.p.i.AbstractProblemLoader Loading environment from /home/runner/work/key/key/key.core/../key.ui/examples/standard_key/arith/mod7.key 
180439     DEBUG main            d.u.i.k.p.i.AbstractProblemLoader Environment load took 227ns 
180439     INFO  main            d.u.i.k.p.i.AbstractProblemLoader Creating init config 
182789     DEBUG main            d.u.i.k.p.i.AbstractProblemLoader Init config took 2.35s 
182802     INFO  main            d.u.i.k.p.i.AbstractProblemLoader Replaying proof mod7.key 
182803     DEBUG main            d.u.i.k.p.i.IntermediateProofReplayer Proof replay took 5.5ns 
182906     INFO  main            d.u.i.k.p.r.p.TestFile    ... finished proof: closed. 
183118     INFO  main            d.u.i.k.p.i.AbstractProblemLoader Loading environment from /home/runner/work/key/key/key.core/../key.ui/examples/standard_key/arith/mod7.key.proof 
183118     DEBUG main            d.u.i.k.p.i.AbstractProblemLoader Environment load took 94.7ns 
183119     INFO  main            d.u.i.k.p.i.AbstractProblemLoader Creating init config 
185432     DEBUG main            d.u.i.k.p.i.AbstractProblemLoader Init config took 2.31s 
185446     INFO  main            d.u.i.k.p.i.AbstractProblemLoader Replaying proof mod7.key.proof 
185452     DEBUG main            d.u.i.k.p.i.IntermediateProofReplayer Proof replay took 5ms 
185453     DEBUG main            d.u.i.k.p.r.p.TestFile    ... success: reloaded. 
185453     INFO  main            d.u.i.k.p.r.p.TestFile    Now processing file /home/runner/work/key/key/key.core/../key.ui/examples/standard_key/arith/overflow_hija.key 
185454     INFO  main            d.u.i.k.p.i.AbstractProblemLoader Loading environment from /home/runner/work/key/key/key.core/../key.ui/examples/standard_key/arith/overflow_hija.key 
185454     DEBUG main            d.u.i.k.p.i.AbstractProblemLoader Environment load took 76ns 
185455     INFO  main            d.u.i.k.p.i.AbstractProblemLoader Creating init config 
187819     DEBUG main            d.u.i.k.p.i.AbstractProblemLoader Init config took 2.36s 
187834     INFO  main            d.u.i.k.p.i.AbstractProblemLoader Replaying proof overflow_hija.key 
187835     DEBUG main            d.u.i.k.p.i.IntermediateProofReplayer Proof replay took 5.2ns 
192248     INFO  main            d.u.i.k.p.r.p.TestFile    ... finished proof: closed. 
192509     INFO  main            d.u.i.k.p.i.AbstractProblemLoader Loading environment from /home/runner/work/key/key/key.core/../key.ui/examples/standard_key/arith/overflow_hija.key.proof 
192510     DEBUG main            d.u.i.k.p.i.AbstractProblemLoader Environment load took 681.7ns 
192513     INFO  main            d.u.i.k.p.i.AbstractProblemLoader Creating init config 
194817     DEBUG main            d.u.i.k.p.i.AbstractProblemLoader Init config took 2.3s 
194834     INFO  main            d.u.i.k.p.i.AbstractProblemLoader Replaying proof overflow_hija.key.proof 
195194     DEBUG main            d.u.i.k.p.i.IntermediateProofReplayer Proof replay took 350.66ms 
195196     DEBUG main            d.u.i.k.p.r.p.TestFile    ... success: reloaded. 
195197     INFO  main            d.u.i.k.p.r.p.TestFile    Now processing file /home/runner/work/key/key/key.core/../key.ui/examples/standard_key/arith/poly_division0.key 
195197     INFO  main            d.u.i.k.p.i.AbstractProblemLoader Loading environment from /home/runner/work/key/key/key.core/../key.ui/examples/standard_key/arith/poly_division0.key 
195197     DEBUG main            d.u.i.k.p.i.AbstractProblemLoader Environment load took 221.5ns 
195198     INFO  main            d.u.i.k.p.i.AbstractProblemLoader Creating init config 
197574     DEBUG main            d.u.i.k.p.i.AbstractProblemLoader Init config took 2.38s 
197587     INFO  main            d.u.i.k.p.i.AbstractProblemLoader Replaying proof poly_division0.key 
197588     DEBUG main            d.u.i.k.p.i.IntermediateProofReplayer Proof replay took 6ns 
197690     INFO  main            d.u.i.k.p.r.p.TestFile    ... finished proof: closed. 
197965     INFO  main            d.u.i.k.p.i.AbstractProblemLoader Loading environment from /home/runner/work/key/key/key.core/../key.ui/examples/standard_key/arith/poly_division0.key.proof 
197965     DEBUG main            d.u.i.k.p.i.AbstractProblemLoader Environment load took 91.8ns 
197966     INFO  main            d.u.i.k.p.i.AbstractProblemLoader Creating init config 
200266     DEBUG main            d.u.i.k.p.i.AbstractProblemLoader Init config took 2.3s 
200279     INFO  main            d.u.i.k.p.i.AbstractProblemLoader Replaying proof poly_division0.key.proof 
200289     DEBUG main            d.u.i.k.p.i.IntermediateProofReplayer Proof replay took 7.39ms 
200290     DEBUG main            d.u.i.k.p.r.p.TestFile    ... success: reloaded. 
200291     INFO  main            d.u.i.k.p.r.p.TestFile    Now processing file /home/runner/work/key/key/key.core/../key.ui/examples/standard_key/arith/poly_division1.key 
200291     INFO  main            d.u.i.k.p.i.AbstractProblemLoader Loading environment from /home/runner/work/key/key/key.core/../key.ui/examples/standard_key/arith/poly_division1.key 
200291     DEBUG main            d.u.i.k.p.i.AbstractProblemLoader Environment load took 73.9ns 
200292     INFO  main            d.u.i.k.p.i.AbstractProblemLoader Creating init config 
202618     DEBUG main            d.u.i.k.p.i.AbstractProblemLoader Init config took 2.33s 
202630     INFO  main            d.u.i.k.p.i.AbstractProblemLoader Replaying proof poly_division1.key 
202631     DEBUG main            d.u.i.k.p.i.IntermediateProofReplayer Proof replay took 6.1ns 
202734     INFO  main            d.u.i.k.p.r.p.TestFile    ... finished proof: closed. 
202968     INFO  main            d.u.i.k.p.i.AbstractProblemLoader Loading environment from /home/runner/work/key/key/key.core/../key.ui/examples/standard_key/arith/poly_division1.key.proof 
202968     DEBUG main            d.u.i.k.p.i.AbstractProblemLoader Environment load took 103.7ns 
202969     INFO  main            d.u.i.k.p.i.AbstractProblemLoader Creating init config 
205280     DEBUG main            d.u.i.k.p.i.AbstractProblemLoader Init config took 2.31s 
205292     INFO  main            d.u.i.k.p.i.AbstractProblemLoader Replaying proof poly_division1.key.proof 
205299     DEBUG main            d.u.i.k.p.i.IntermediateProofReplayer Proof replay took 5.44ms 
205300     DEBUG main            d.u.i.k.p.r.p.TestFile    ... success: reloaded. 
205301     INFO  main            d.u.i.k.p.r.p.TestFile    Now processing file /home/runner/work/key/key/key.core/../key.ui/examples/standard_key/inEqSimp/division.key 
205301     INFO  main            d.u.i.k.p.i.AbstractProblemLoader Loading environment from /home/runner/work/key/key/key.core/../key.ui/examples/standard_key/inEqSimp/division.key 
205301     DEBUG main            d.u.i.k.p.i.AbstractProblemLoader Environment load took 82.6ns 
205302     INFO  main            d.u.i.k.p.i.AbstractProblemLoader Creating init config 
207662     DEBUG main            d.u.i.k.p.i.AbstractProblemLoader Init config took 2.36s 
207675     INFO  main            d.u.i.k.p.i.AbstractProblemLoader Replaying proof division.key 
207677     DEBUG main            d.u.i.k.p.i.IntermediateProofReplayer Proof replay took 5.8ns 
209601     INFO  main            d.u.i.k.p.r.p.TestFile    ... finished proof: closed. 
209851     INFO  main            d.u.i.k.p.i.AbstractProblemLoader Loading environment from /home/runner/work/key/key/key.core/../key.ui/examples/standard_key/inEqSimp/division.key.proof 
209851     DEBUG main            d.u.i.k.p.i.AbstractProblemLoader Environment load took 163.3ns 
209852     INFO  main            d.u.i.k.p.i.AbstractProblemLoader Creating init config 
212164     DEBUG main            d.u.i.k.p.i.AbstractProblemLoader Init config took 2.31s 
212177     INFO  main            d.u.i.k.p.i.AbstractProblemLoader Replaying proof division.key.proof 
212255     DEBUG main            d.u.i.k.p.i.IntermediateProofReplayer Proof replay took 71.77ms 
212256     DEBUG main            d.u.i.k.p.r.p.TestFile    ... success: reloaded. 
212257     INFO  main            d.u.i.k.p.r.p.TestFile    Now processing file /home/runner/work/key/key/key.core/../key.ui/examples/standard_key/inEqSimp/inequations0.key 
212257     INFO  main            d.u.i.k.p.i.AbstractProblemLoader Loading environment from /home/runner/work/key/key/key.core/../key.ui/examples/standard_key/inEqSimp/inequations0.key 
212257     DEBUG main            d.u.i.k.p.i.AbstractProblemLoader Environment load took 78.7ns 
212258     INFO  main            d.u.i.k.p.i.AbstractProblemLoader Creating init config 
214620     DEBUG main            d.u.i.k.p.i.AbstractProblemLoader Init config took 2.36s 
214633     INFO  main            d.u.i.k.p.i.AbstractProblemLoader Replaying proof inequations0.key 
214635     DEBUG main            d.u.i.k.p.i.IntermediateProofReplayer Proof replay took 37.3ns 
214736     INFO  main            d.u.i.k.p.r.p.TestFile    ... finished proof: closed. 
214998     INFO  main            d.u.i.k.p.i.AbstractProblemLoader Loading environment from /home/runner/work/key/key/key.core/../key.ui/examples/standard_key/inEqSimp/inequations0.key.proof 
214999     DEBUG main            d.u.i.k.p.i.AbstractProblemLoader Environment load took 86.5ns 
214999     INFO  main            d.u.i.k.p.i.AbstractProblemLoader Creating init config 
217285     DEBUG main            d.u.i.k.p.i.AbstractProblemLoader Init config took 2.29s 
217298     INFO  main            d.u.i.k.p.i.AbstractProblemLoader Replaying proof inequations0.key.proof 
217301     DEBUG main            d.u.i.k.p.i.IntermediateProofReplayer Proof replay took 1.94ms 
217301     DEBUG main            d.u.i.k.p.r.p.TestFile    ... success: reloaded. 
217302     INFO  main            d.u.i.k.p.r.p.TestFile    Now processing file /home/runner/work/key/key/key.core/../key.ui/examples/standard_key/inEqSimp/inequations1.key 
217302     INFO  main            d.u.i.k.p.i.AbstractProblemLoader Loading environment from /home/runner/work/key/key/key.core/../key.ui/examples/standard_key/inEqSimp/inequations1.key 
217302     DEBUG main            d.u.i.k.p.i.AbstractProblemLoader Environment load took 81.8ns 
217303     INFO  main            d.u.i.k.p.i.AbstractProblemLoader Creating init config 
219651     DEBUG main            d.u.i.k.p.i.AbstractProblemLoader Init config took 2.35s 
219664     INFO  main            d.u.i.k.p.i.AbstractProblemLoader Replaying proof inequations1.key 
219665     DEBUG main            d.u.i.k.p.i.IntermediateProofReplayer Proof replay took 2.2ns 
219767     INFO  main            d.u.i.k.p.r.p.TestFile    ... finished proof: closed. 
220009     INFO  main            d.u.i.k.p.i.AbstractProblemLoader Loading environment from /home/runner/work/key/key/key.core/../key.ui/examples/standard_key/inEqSimp/inequations1.key.proof 
220009     DEBUG main            d.u.i.k.p.i.AbstractProblemLoader Environment load took 107.7ns 
220010     INFO  main            d.u.i.k.p.i.AbstractProblemLoader Creating init config 
222297     DEBUG main            d.u.i.k.p.i.AbstractProblemLoader Init config took 2.29s 
222310     INFO  main            d.u.i.k.p.i.AbstractProblemLoader Replaying proof inequations1.key.proof 
222313     DEBUG main            d.u.i.k.p.i.IntermediateProofReplayer Proof replay took 1.15ms 
222313     DEBUG main            d.u.i.k.p.r.p.TestFile    ... success: reloaded. 
222314     INFO  main            d.u.i.k.p.r.p.TestFile    Now processing file /home/runner/work/key/key/key.core/../key.ui/examples/standard_key/inEqSimp/inequations2.key 
222314     INFO  main            d.u.i.k.p.i.AbstractProblemLoader Loading environment from /home/runner/work/key/key/key.core/../key.ui/examples/standard_key/inEqSimp/inequations2.key 
222314     DEBUG main            d.u.i.k.p.i.AbstractProblemLoader Environment load took 42.5ns 
222315     INFO  main            d.u.i.k.p.i.AbstractProblemLoader Creating init config 
224658     DEBUG main            d.u.i.k.p.i.AbstractProblemLoader Init config took 2.34s 
224671     INFO  main            d.u.i.k.p.i.AbstractProblemLoader Replaying proof inequations2.key 
224672     DEBUG main            d.u.i.k.p.i.IntermediateProofReplayer Proof replay took 2.1ns 
224773     INFO  main            d.u.i.k.p.r.p.TestFile    ... finished proof: closed. 
225019     INFO  main            d.u.i.k.p.i.AbstractProblemLoader Loading environment from /home/runner/work/key/key/key.core/../key.ui/examples/standard_key/inEqSimp/inequations2.key.proof 
225020     DEBUG main            d.u.i.k.p.i.AbstractProblemLoader Environment load took 72.3ns 
225020     INFO  main            d.u.i.k.p.i.AbstractProblemLoader Creating init config 
227302     DEBUG main            d.u.i.k.p.i.AbstractProblemLoader Init config took 2.28s 
227315     INFO  main            d.u.i.k.p.i.AbstractProblemLoader Replaying proof inequations2.key.proof 
227318     DEBUG main            d.u.i.k.p.i.IntermediateProofReplayer Proof replay took 1.37ms 
227318     DEBUG main            d.u.i.k.p.r.p.TestFile    ... success: reloaded. 
227319     INFO  main            d.u.i.k.p.r.p.TestFile    Now processing file /home/runner/work/key/key/key.core/../key.ui/examples/standard_key/inEqSimp/linApprox.key 
227319     INFO  main            d.u.i.k.p.i.AbstractProblemLoader Loading environment from /home/runner/work/key/key/key.core/../key.ui/examples/standard_key/inEqSimp/linApprox.key 
227319     DEBUG main            d.u.i.k.p.i.AbstractProblemLoader Environment load took 68.1ns 
227320     INFO  main            d.u.i.k.p.i.AbstractProblemLoader Creating init config 
229653     DEBUG main            d.u.i.k.p.i.AbstractProblemLoader Init config took 2.33s 
229666     INFO  main            d.u.i.k.p.i.AbstractProblemLoader Replaying proof linApprox.key 
229667     DEBUG main            d.u.i.k.p.i.IntermediateProofReplayer Proof replay took 2.7ns 
229769     INFO  main            d.u.i.k.p.r.p.TestFile    ... finished proof: closed. 
230025     INFO  main            d.u.i.k.p.i.AbstractProblemLoader Loading environment from /home/runner/work/key/key/key.core/../key.ui/examples/standard_key/inEqSimp/linApprox.key.proof 
230025     DEBUG main            d.u.i.k.p.i.AbstractProblemLoader Environment load took 71.6ns 
230026     INFO  main            d.u.i.k.p.i.AbstractProblemLoader Creating init config 
232305     DEBUG main            d.u.i.k.p.i.AbstractProblemLoader Init config took 2.28s 
232318     INFO  main            d.u.i.k.p.i.AbstractProblemLoader Replaying proof linApprox.key.proof 
232321     DEBUG main            d.u.i.k.p.i.IntermediateProofReplayer Proof replay took 2.42ms 
232322     DEBUG main            d.u.i.k.p.r.p.TestFile    ... success: reloaded. 
232323     INFO  main            d.u.i.k.p.r.p.TestFile    Now processing file /home/runner/work/key/key/key.core/../key.ui/examples/standard_key/inEqSimp/nonLinInEqExample0.key 
232323     INFO  main            d.u.i.k.p.i.AbstractProblemLoader Loading environment from /home/runner/work/key/key/key.core/../key.ui/examples/standard_key/inEqSimp/nonLinInEqExample0.key 
232323     DEBUG main            d.u.i.k.p.i.AbstractProblemLoader Environment load took 42.2ns 
232324     INFO  main            d.u.i.k.p.i.AbstractProblemLoader Creating init config 
234661     DEBUG main            d.u.i.k.p.i.AbstractProblemLoader Init config took 2.34s 
234673     INFO  main            d.u.i.k.p.i.AbstractProblemLoader Replaying proof nonLinInEqExample0.key 
234674     DEBUG main            d.u.i.k.p.i.IntermediateProofReplayer Proof replay took 2.1ns 
234776     INFO  main            d.u.i.k.p.r.p.TestFile    ... finished proof: closed. 
235032     INFO  main            d.u.i.k.p.i.AbstractProblemLoader Loading environment from /home/runner/work/key/key/key.core/../key.ui/examples/standard_key/inEqSimp/nonLinInEqExample0.key.proof 
235032     DEBUG main            d.u.i.k.p.i.AbstractProblemLoader Environment load took 88.3ns 
235033     INFO  main            d.u.i.k.p.i.AbstractProblemLoader Creating init config 
237314     DEBUG main            d.u.i.k.p.i.AbstractProblemLoader Init config took 2.28s 
237327     INFO  main            d.u.i.k.p.i.AbstractProblemLoader Replaying proof nonLinInEqExample0.key.proof 
237329     DEBUG main            d.u.i.k.p.i.IntermediateProofReplayer Proof replay took 810.3ns 
237329     DEBUG main            d.u.i.k.p.r.p.TestFile    ... success: reloaded. 
237330     INFO  main            d.u.i.k.p.r.p.TestFile    Now processing file /home/runner/work/key/key/key.core/../key.ui/examples/standard_key/inEqSimp/nonLinInEqExample2.key 
237330     INFO  main            d.u.i.k.p.i.AbstractProblemLoader Loading environment from /home/runner/work/key/key/key.core/../key.ui/examples/standard_key/inEqSimp/nonLinInEqExample2.key 
237330     DEBUG main            d.u.i.k.p.i.AbstractProblemLoader Environment load took 63.9ns 
237331     INFO  main            d.u.i.k.p.i.AbstractProblemLoader Creating init config 
239674     DEBUG main            d.u.i.k.p.i.AbstractProblemLoader Init config took 2.34s 
239687     INFO  main            d.u.i.k.p.i.AbstractProblemLoader Replaying proof nonLinInEqExample2.key 
239688     DEBUG main            d.u.i.k.p.i.IntermediateProofReplayer Proof replay took 2.2ns 
239991     INFO  main            d.u.i.k.p.r.p.TestFile    ... finished proof: closed. 
240252     INFO  main            d.u.i.k.p.i.AbstractProblemLoader Loading environment from /home/runner/work/key/key/key.core/../key.ui/examples/standard_key/inEqSimp/nonLinInEqExample2.key.proof 
240252     DEBUG main            d.u.i.k.p.i.AbstractProblemLoader Environment load took 75.3ns 
240254     INFO  main            d.u.i.k.p.i.AbstractProblemLoader Creating init config 
242552     DEBUG main            d.u.i.k.p.i.AbstractProblemLoader Init config took 2.3s 
242565     INFO  main            d.u.i.k.p.i.AbstractProblemLoader Replaying proof nonLinInEqExample2.key.proof 
242591     DEBUG main            d.u.i.k.p.i.IntermediateProofReplayer Proof replay took 23.17ms 
242592     DEBUG main            d.u.i.k.p.r.p.TestFile    ... success: reloaded. 
242592     INFO  main            d.u.i.k.p.r.p.TestFile    Now processing file /home/runner/work/key/key/key.core/../key.ui/examples/standard_key/inEqSimp/nonLinInEqExample3.key 
242592     INFO  main            d.u.i.k.p.i.AbstractProblemLoader Loading environment from /home/runner/work/key/key/key.core/../key.ui/examples/standard_key/inEqSimp/nonLinInEqExample3.key 
242593     DEBUG main            d.u.i.k.p.i.AbstractProblemLoader Environment load took 73.7ns 
242593     INFO  main            d.u.i.k.p.i.AbstractProblemLoader Creating init config 
244934     DEBUG main            d.u.i.k.p.i.AbstractProblemLoader Init config took 2.34s 
244946     INFO  main            d.u.i.k.p.i.AbstractProblemLoader Replaying proof nonLinInEqExample3.key 
244948     DEBUG main            d.u.i.k.p.i.IntermediateProofReplayer Proof replay took 2.2ns 
245149     INFO  main            d.u.i.k.p.r.p.TestFile    ... finished proof: closed. 
245434     INFO  main            d.u.i.k.p.i.AbstractProblemLoader Loading environment from /home/runner/work/key/key/key.core/../key.ui/examples/standard_key/inEqSimp/nonLinInEqExample3.key.proof 
245434     DEBUG main            d.u.i.k.p.i.AbstractProblemLoader Environment load took 72.4ns 
245435     INFO  main            d.u.i.k.p.i.AbstractProblemLoader Creating init config 
247720     DEBUG main            d.u.i.k.p.i.AbstractProblemLoader Init config took 2.28s 
247732     INFO  main            d.u.i.k.p.i.AbstractProblemLoader Replaying proof nonLinInEqExample3.key.proof 
247749     DEBUG main            d.u.i.k.p.i.IntermediateProofReplayer Proof replay took 14.59ms 
247750     DEBUG main            d.u.i.k.p.r.p.TestFile    ... success: reloaded. 
247750     INFO  main            d.u.i.k.p.r.p.TestFile    Now processing file /home/runner/work/key/key/key.core/../key.ui/examples/standard_key/inEqSimp/nonLinInEqExample4.key 
247750     INFO  main            d.u.i.k.p.i.AbstractProblemLoader Loading environment from /home/runner/work/key/key/key.core/../key.ui/examples/standard_key/inEqSimp/nonLinInEqExample4.key 
247751     DEBUG main            d.u.i.k.p.i.AbstractProblemLoader Environment load took 42.3ns 
247751     INFO  main            d.u.i.k.p.i.AbstractProblemLoader Creating init config 
250087     DEBUG main            d.u.i.k.p.i.AbstractProblemLoader Init config took 2.34s 
250100     INFO  main            d.u.i.k.p.i.AbstractProblemLoader Replaying proof nonLinInEqExample4.key 
250101     DEBUG main            d.u.i.k.p.i.IntermediateProofReplayer Proof replay took 2.3ns 
250203     INFO  main            d.u.i.k.p.r.p.TestFile    ... finished proof: closed. 
250482     INFO  main            d.u.i.k.p.i.AbstractProblemLoader Loading environment from /home/runner/work/key/key/key.core/../key.ui/examples/standard_key/inEqSimp/nonLinInEqExample4.key.proof 
250483     DEBUG main            d.u.i.k.p.i.AbstractProblemLoader Environment load took 73.4ns 
250483     INFO  main            d.u.i.k.p.i.AbstractProblemLoader Creating init config 
252772     DEBUG main            d.u.i.k.p.i.AbstractProblemLoader Init config took 2.29s 
252785     INFO  main            d.u.i.k.p.i.AbstractProblemLoader Replaying proof nonLinInEqExample4.key.proof 
252789     DEBUG main            d.u.i.k.p.i.IntermediateProofReplayer Proof replay took 3.13ms 
252790     DEBUG main            d.u.i.k.p.r.p.TestFile    ... success: reloaded. 
252790     INFO  main            d.u.i.k.p.r.p.TestFile    Now processing file /home/runner/work/key/key/key.core/../key.ui/examples/standard_key/inEqSimp/quadraticInEq.key 
252791     INFO  main            d.u.i.k.p.i.AbstractProblemLoader Loading environment from /home/runner/work/key/key/key.core/../key.ui/examples/standard_key/inEqSimp/quadraticInEq.key 
252791     DEBUG main            d.u.i.k.p.i.AbstractProblemLoader Environment load took 88.5ns 
252792     INFO  main            d.u.i.k.p.i.AbstractProblemLoader Creating init config 
255127     DEBUG main            d.u.i.k.p.i.AbstractProblemLoader Init config took 2.33s 
255140     INFO  main            d.u.i.k.p.i.AbstractProblemLoader Replaying proof quadraticInEq.key 
255141     DEBUG main            d.u.i.k.p.i.IntermediateProofReplayer Proof replay took 2.4ns 
255444     INFO  main            d.u.i.k.p.r.p.TestFile    ... finished proof: closed. 
255739     INFO  main            d.u.i.k.p.i.AbstractProblemLoader Loading environment from /home/runner/work/key/key/key.core/../key.ui/examples/standard_key/inEqSimp/quadraticInEq.key.proof 
255740     DEBUG main            d.u.i.k.p.i.AbstractProblemLoader Environment load took 82.9ns 
255741     INFO  main            d.u.i.k.p.i.AbstractProblemLoader Creating init config 
258021     DEBUG main            d.u.i.k.p.i.AbstractProblemLoader Init config took 2.28s 
258034     INFO  main            d.u.i.k.p.i.AbstractProblemLoader Replaying proof quadraticInEq.key.proof 
258069     DEBUG main            d.u.i.k.p.i.IntermediateProofReplayer Proof replay took 31.16ms 
258070     DEBUG main            d.u.i.k.p.r.p.TestFile    ... success: reloaded. 
258071     INFO  main            d.u.i.k.p.r.p.TestFile    Now processing file /home/runner/work/key/key/key.core/../key.ui/examples/standard_key/inEqSimp/quadraticInEq10.key 
258071     INFO  main            d.u.i.k.p.i.AbstractProblemLoader Loading environment from /home/runner/work/key/key/key.core/../key.ui/examples/standard_key/inEqSimp/quadraticInEq10.key 
258071     DEBUG main            d.u.i.k.p.i.AbstractProblemLoader Environment load took 66.8ns 
258072     INFO  main            d.u.i.k.p.i.AbstractProblemLoader Creating init config 
260408     DEBUG main            d.u.i.k.p.i.AbstractProblemLoader Init config took 2.34s 
260421     INFO  main            d.u.i.k.p.i.AbstractProblemLoader Replaying proof quadraticInEq10.key 
260439     DEBUG main            d.u.i.k.p.i.IntermediateProofReplayer Proof replay took 2.9ns 
260642     INFO  main            d.u.i.k.p.r.p.TestFile    ... finished proof: closed. 
260928     INFO  main            d.u.i.k.p.i.AbstractProblemLoader Loading environment from /home/runner/work/key/key/key.core/../key.ui/examples/standard_key/inEqSimp/quadraticInEq10.key.proof 
260928     DEBUG main            d.u.i.k.p.i.AbstractProblemLoader Environment load took 81.6ns 
260929     INFO  main            d.u.i.k.p.i.AbstractProblemLoader Creating init config 
263212     DEBUG main            d.u.i.k.p.i.AbstractProblemLoader Init config took 2.28s 
263225     INFO  main            d.u.i.k.p.i.AbstractProblemLoader Replaying proof quadraticInEq10.key.proof 
263239     DEBUG main            d.u.i.k.p.i.IntermediateProofReplayer Proof replay took 11.49ms 
263240     DEBUG main            d.u.i.k.p.r.p.TestFile    ... success: reloaded. 
263241     INFO  main            d.u.i.k.p.r.p.TestFile    Now processing file /home/runner/work/key/key/key.core/../key.ui/examples/standard_key/inEqSimp/quadraticInEq13.key 
263241     INFO  main            d.u.i.k.p.i.AbstractProblemLoader Loading environment from /home/runner/work/key/key/key.core/../key.ui/examples/standard_key/inEqSimp/quadraticInEq13.key 
263241     DEBUG main            d.u.i.k.p.i.AbstractProblemLoader Environment load took 72.8ns 
263242     INFO  main            d.u.i.k.p.i.AbstractProblemLoader Creating init config 
265584     DEBUG main            d.u.i.k.p.i.AbstractProblemLoader Init config took 2.34s 
265597     INFO  main            d.u.i.k.p.i.AbstractProblemLoader Replaying proof quadraticInEq13.key 
265598     DEBUG main            d.u.i.k.p.i.IntermediateProofReplayer Proof replay took 2.1ns 
265800     INFO  main            d.u.i.k.p.r.p.TestFile    ... finished proof: closed. 
266112     INFO  main            d.u.i.k.p.i.AbstractProblemLoader Loading environment from /home/runner/work/key/key/key.core/../key.ui/examples/standard_key/inEqSimp/quadraticInEq13.key.proof 
266112     DEBUG main            d.u.i.k.p.i.AbstractProblemLoader Environment load took 71.9ns 
266113     INFO  main            d.u.i.k.p.i.AbstractProblemLoader Creating init config 
268406     DEBUG main            d.u.i.k.p.i.AbstractProblemLoader Init config took 2.29s 
268419     INFO  main            d.u.i.k.p.i.AbstractProblemLoader Replaying proof quadraticInEq13.key.proof 
268436     DEBUG main            d.u.i.k.p.i.IntermediateProofReplayer Proof replay took 15.14ms 
268437     DEBUG main            d.u.i.k.p.r.p.TestFile    ... success: reloaded. 
268437     INFO  main            d.u.i.k.p.r.p.TestFile    Now processing file /home/runner/work/key/key/key.core/../key.ui/examples/standard_key/inEqSimp/quadraticInEq14.key 
268438     INFO  main            d.u.i.k.p.i.AbstractProblemLoader Loading environment from /home/runner/work/key/key/key.core/../key.ui/examples/standard_key/inEqSimp/quadraticInEq14.key 
268438     DEBUG main            d.u.i.k.p.i.AbstractProblemLoader Environment load took 74.3ns 
268441     INFO  main            d.u.i.k.p.i.AbstractProblemLoader Creating init config 
270776     DEBUG main            d.u.i.k.p.i.AbstractProblemLoader Init config took 2.34s 
270789     INFO  main            d.u.i.k.p.i.AbstractProblemLoader Replaying proof quadraticInEq14.key 
270790     DEBUG main            d.u.i.k.p.i.IntermediateProofReplayer Proof replay took 2.3ns 
271093     INFO  main            d.u.i.k.p.r.p.TestFile    ... finished proof: closed. 
271408     INFO  main            d.u.i.k.p.i.AbstractProblemLoader Loading environment from /home/runner/work/key/key/key.core/../key.ui/examples/standard_key/inEqSimp/quadraticInEq14.key.proof 
271408     DEBUG main            d.u.i.k.p.i.AbstractProblemLoader Environment load took 73.8ns 
271409     INFO  main            d.u.i.k.p.i.AbstractProblemLoader Creating init config 
273701     DEBUG main            d.u.i.k.p.i.AbstractProblemLoader Init config took 2.29s 
273713     INFO  main            d.u.i.k.p.i.AbstractProblemLoader Replaying proof quadraticInEq14.key.proof 
273733     DEBUG main            d.u.i.k.p.i.IntermediateProofReplayer Proof replay took 17.37ms 
273734     DEBUG main            d.u.i.k.p.r.p.TestFile    ... success: reloaded. 
273734     INFO  main            d.u.i.k.p.r.p.TestFile    Now processing file /home/runner/work/key/key/key.core/../key.ui/examples/standard_key/inEqSimp/quadraticInEq2.key 
273735     INFO  main            d.u.i.k.p.i.AbstractProblemLoader Loading environment from /home/runner/work/key/key/key.core/../key.ui/examples/standard_key/inEqSimp/quadraticInEq2.key 
273735     DEBUG main            d.u.i.k.p.i.AbstractProblemLoader Environment load took 70.4ns 
273735     INFO  main            d.u.i.k.p.i.AbstractProblemLoader Creating init config 
276075     DEBUG main            d.u.i.k.p.i.AbstractProblemLoader Init config took 2.34s 
276088     INFO  main            d.u.i.k.p.i.AbstractProblemLoader Replaying proof quadraticInEq2.key 
276089     DEBUG main            d.u.i.k.p.i.IntermediateProofReplayer Proof replay took 2.6ns 
276190     INFO  main            d.u.i.k.p.r.p.TestFile    ... finished proof: closed. 
276508     INFO  main            d.u.i.k.p.i.AbstractProblemLoader Loading environment from /home/runner/work/key/key/key.core/../key.ui/examples/standard_key/inEqSimp/quadraticInEq2.key.proof 
276508     DEBUG main            d.u.i.k.p.i.AbstractProblemLoader Environment load took 69.2ns 
276509     INFO  main            d.u.i.k.p.i.AbstractProblemLoader Creating init config 
278809     DEBUG main            d.u.i.k.p.i.AbstractProblemLoader Init config took 2.3s 
278822     INFO  main            d.u.i.k.p.i.AbstractProblemLoader Replaying proof quadraticInEq2.key.proof 
278825     DEBUG main            d.u.i.k.p.i.IntermediateProofReplayer Proof replay took 1.85ms 
278826     DEBUG main            d.u.i.k.p.r.p.TestFile    ... success: reloaded. 
278826     INFO  main            d.u.i.k.p.r.p.TestFile    Now processing file /home/runner/work/key/key/key.core/../key.ui/examples/standard_key/inEqSimp/quadraticInEq3.key 
278826     INFO  main            d.u.i.k.p.i.AbstractProblemLoader Loading environment from /home/runner/work/key/key/key.core/../key.ui/examples/standard_key/inEqSimp/quadraticInEq3.key 
278826     DEBUG main            d.u.i.k.p.i.AbstractProblemLoader Environment load took 39.4ns 
278827     INFO  main            d.u.i.k.p.i.AbstractProblemLoader Creating init config 
281185     DEBUG main            d.u.i.k.p.i.AbstractProblemLoader Init config took 2.36s 
281197     INFO  main            d.u.i.k.p.i.AbstractProblemLoader Replaying proof quadraticInEq3.key 
281199     DEBUG main            d.u.i.k.p.i.IntermediateProofReplayer Proof replay took 2.1ns 
281300     INFO  main            d.u.i.k.p.r.p.TestFile    ... finished proof: closed. 
281596     INFO  main            d.u.i.k.p.i.AbstractProblemLoader Loading environment from /home/runner/work/key/key/key.core/../key.ui/examples/standard_key/inEqSimp/quadraticInEq3.key.proof 
281596     DEBUG main            d.u.i.k.p.i.AbstractProblemLoader Environment load took 70.1ns 
281597     INFO  main            d.u.i.k.p.i.AbstractProblemLoader Creating init config 
283878     DEBUG main            d.u.i.k.p.i.AbstractProblemLoader Init config took 2.28s 
283891     INFO  main            d.u.i.k.p.i.AbstractProblemLoader Replaying proof quadraticInEq3.key.proof 
283898     DEBUG main            d.u.i.k.p.i.IntermediateProofReplayer Proof replay took 4.7ms 
283899     DEBUG main            d.u.i.k.p.r.p.TestFile    ... success: reloaded. 
283899     INFO  main            d.u.i.k.p.r.p.TestFile    Now processing file /home/runner/work/key/key/key.core/../key.ui/examples/standard_key/inEqSimp/quadraticInEq4.key 
283900     INFO  main            d.u.i.k.p.i.AbstractProblemLoader Loading environment from /home/runner/work/key/key/key.core/../key.ui/examples/standard_key/inEqSimp/quadraticInEq4.key 
283900     DEBUG main            d.u.i.k.p.i.AbstractProblemLoader Environment load took 119.9ns 
283901     INFO  main            d.u.i.k.p.i.AbstractProblemLoader Creating init config 
286195     DEBUG main            d.u.i.k.p.i.AbstractProblemLoader Init config took 2.29s 
286208     INFO  main            d.u.i.k.p.i.AbstractProblemLoader Replaying proof quadraticInEq4.key 
286209     DEBUG main            d.u.i.k.p.i.IntermediateProofReplayer Proof replay took 2.1ns 
286310     INFO  main            d.u.i.k.p.r.p.TestFile    ... finished proof: closed. 
286622     INFO  main            d.u.i.k.p.i.AbstractProblemLoader Loading environment from /home/runner/work/key/key/key.core/../key.ui/examples/standard_key/inEqSimp/quadraticInEq4.key.proof 
286622     DEBUG main            d.u.i.k.p.i.AbstractProblemLoader Environment load took 69ns 
286623     INFO  main            d.u.i.k.p.i.AbstractProblemLoader Creating init config 
288897     DEBUG main            d.u.i.k.p.i.AbstractProblemLoader Init config took 2.27s 
288909     INFO  main            d.u.i.k.p.i.AbstractProblemLoader Replaying proof quadraticInEq4.key.proof 
288914     DEBUG main            d.u.i.k.p.i.IntermediateProofReplayer Proof replay took 3.9ms 
288915     DEBUG main            d.u.i.k.p.r.p.TestFile    ... success: reloaded. 
288916     INFO  main            d.u.i.k.p.r.p.TestFile    Now processing file /home/runner/work/key/key/key.core/../key.ui/examples/standard_key/inEqSimp/quadraticInEq5.key 
288916     INFO  main            d.u.i.k.p.i.AbstractProblemLoader Loading environment from /home/runner/work/key/key/key.core/../key.ui/examples/standard_key/inEqSimp/quadraticInEq5.key 
288916     DEBUG main            d.u.i.k.p.i.AbstractProblemLoader Environment load took 80.7ns 
288917     INFO  main            d.u.i.k.p.i.AbstractProblemLoader Creating init config 
291222     DEBUG main            d.u.i.k.p.i.AbstractProblemLoader Init config took 2.31s 
291234     INFO  main            d.u.i.k.p.i.AbstractProblemLoader Replaying proof quadraticInEq5.key 
291235     DEBUG main            d.u.i.k.p.i.IntermediateProofReplayer Proof replay took 2.4ns 
291342     INFO  main            d.u.i.k.p.r.p.TestFile    ... finished proof: closed. 
291651     INFO  main            d.u.i.k.p.i.AbstractProblemLoader Loading environment from /home/runner/work/key/key/key.core/../key.ui/examples/standard_key/inEqSimp/quadraticInEq5.key.proof 
291651     DEBUG main            d.u.i.k.p.i.AbstractProblemLoader Environment load took 70.6ns 
291652     INFO  main            d.u.i.k.p.i.AbstractProblemLoader Creating init config 
293927     DEBUG main            d.u.i.k.p.i.AbstractProblemLoader Init config took 2.28s 
293940     INFO  main            d.u.i.k.p.i.AbstractProblemLoader Replaying proof quadraticInEq5.key.proof 
293945     DEBUG main            d.u.i.k.p.i.IntermediateProofReplayer Proof replay took 3.79ms 
293946     DEBUG main            d.u.i.k.p.r.p.TestFile    ... success: reloaded. 
293947     INFO  main            d.u.i.k.p.r.p.TestFile    Now processing file /home/runner/work/key/key/key.core/../key.ui/examples/standard_key/inEqSimp/quadraticInEq6.key 
293947     INFO  main            d.u.i.k.p.i.AbstractProblemLoader Loading environment from /home/runner/work/key/key/key.core/../key.ui/examples/standard_key/inEqSimp/quadraticInEq6.key 
293947     DEBUG main            d.u.i.k.p.i.AbstractProblemLoader Environment load took 68ns 
293948     INFO  main            d.u.i.k.p.i.AbstractProblemLoader Creating init config 
296255     DEBUG main            d.u.i.k.p.i.AbstractProblemLoader Init config took 2.31s 
296268     INFO  main            d.u.i.k.p.i.AbstractProblemLoader Replaying proof quadraticInEq6.key 
296269     DEBUG main            d.u.i.k.p.i.IntermediateProofReplayer Proof replay took 2.5ns 
296371     INFO  main            d.u.i.k.p.r.p.TestFile    ... finished proof: closed. 
296688     INFO  main            d.u.i.k.p.i.AbstractProblemLoader Loading environment from /home/runner/work/key/key/key.core/../key.ui/examples/standard_key/inEqSimp/quadraticInEq6.key.proof 
296688     DEBUG main            d.u.i.k.p.i.AbstractProblemLoader Environment load took 69ns 
296689     INFO  main            d.u.i.k.p.i.AbstractProblemLoader Creating init config 
298975     DEBUG main            d.u.i.k.p.i.AbstractProblemLoader Init config took 2.29s 
298988     INFO  main            d.u.i.k.p.i.AbstractProblemLoader Replaying proof quadraticInEq6.key.proof 
298992     DEBUG main            d.u.i.k.p.i.IntermediateProofReplayer Proof replay took 3.41ms 
298993     DEBUG main            d.u.i.k.p.r.p.TestFile    ... success: reloaded. 
298994     INFO  main            d.u.i.k.p.r.p.TestFile    Now processing file /home/runner/work/key/key/key.core/../key.ui/examples/standard_key/inEqSimp/quadraticInEq7.key 
298994     INFO  main            d.u.i.k.p.i.AbstractProblemLoader Loading environment from /home/runner/work/key/key/key.core/../key.ui/examples/standard_key/inEqSimp/quadraticInEq7.key 
298994     DEBUG main            d.u.i.k.p.i.AbstractProblemLoader Environment load took 42.3ns 
298995     INFO  main            d.u.i.k.p.i.AbstractProblemLoader Creating init config 
301300     DEBUG main            d.u.i.k.p.i.AbstractProblemLoader Init config took 2.31s 
301313     INFO  main            d.u.i.k.p.i.AbstractProblemLoader Replaying proof quadraticInEq7.key 
301314     DEBUG main            d.u.i.k.p.i.IntermediateProofReplayer Proof replay took 2.1ns 
301415     INFO  main            d.u.i.k.p.r.p.TestFile    ... finished proof: closed. 
301738     INFO  main            d.u.i.k.p.i.AbstractProblemLoader Loading environment from /home/runner/work/key/key/key.core/../key.ui/examples/standard_key/inEqSimp/quadraticInEq7.key.proof 
301738     DEBUG main            d.u.i.k.p.i.AbstractProblemLoader Environment load took 69.6ns 
301739     INFO  main            d.u.i.k.p.i.AbstractProblemLoader Creating init config 
304019     DEBUG main            d.u.i.k.p.i.AbstractProblemLoader Init config took 2.28s 
304031     INFO  main            d.u.i.k.p.i.AbstractProblemLoader Replaying proof quadraticInEq7.key.proof 
304034     DEBUG main            d.u.i.k.p.i.IntermediateProofReplayer Proof replay took 1.96ms 
304035     DEBUG main            d.u.i.k.p.r.p.TestFile    ... success: reloaded. 
304035     INFO  main            d.u.i.k.p.r.p.TestFile    Now processing file /home/runner/work/key/key/key.core/../key.ui/examples/standard_key/inEqSimp/quadraticInEq8.key 
304036     INFO  main            d.u.i.k.p.i.AbstractProblemLoader Loading environment from /home/runner/work/key/key/key.core/../key.ui/examples/standard_key/inEqSimp/quadraticInEq8.key 
304036     DEBUG main            d.u.i.k.p.i.AbstractProblemLoader Environment load took 55.2ns 
304037     INFO  main            d.u.i.k.p.i.AbstractProblemLoader Creating init config 
306355     DEBUG main            d.u.i.k.p.i.AbstractProblemLoader Init config took 2.32s 
306367     INFO  main            d.u.i.k.p.i.AbstractProblemLoader Replaying proof quadraticInEq8.key 
306368     DEBUG main            d.u.i.k.p.i.IntermediateProofReplayer Proof replay took 2.2ns 
306470     INFO  main            d.u.i.k.p.r.p.TestFile    ... finished proof: closed. 
306799     INFO  main            d.u.i.k.p.i.AbstractProblemLoader Loading environment from /home/runner/work/key/key/key.core/../key.ui/examples/standard_key/inEqSimp/quadraticInEq8.key.proof 
306800     DEBUG main            d.u.i.k.p.i.AbstractProblemLoader Environment load took 72.7ns 
306800     INFO  main            d.u.i.k.p.i.AbstractProblemLoader Creating init config 
309076     DEBUG main            d.u.i.k.p.i.AbstractProblemLoader Init config took 2.28s 
309089     INFO  main            d.u.i.k.p.i.AbstractProblemLoader Replaying proof quadraticInEq8.key.proof 
309097     DEBUG main            d.u.i.k.p.i.IntermediateProofReplayer Proof replay took 6.23ms 
309098     DEBUG main            d.u.i.k.p.r.p.TestFile    ... success: reloaded. 
309098     INFO  main            d.u.i.k.p.r.p.TestFile    Now processing file /home/runner/work/key/key/key.core/../key.ui/examples/standard_key/inEqSimp/simplify0.key 
309098     INFO  main            d.u.i.k.p.i.AbstractProblemLoader Loading environment from /home/runner/work/key/key/key.core/../key.ui/examples/standard_key/inEqSimp/simplify0.key 
309098     DEBUG main            d.u.i.k.p.i.AbstractProblemLoader Environment load took 63.9ns 
309099     INFO  main            d.u.i.k.p.i.AbstractProblemLoader Creating init config 
311408     DEBUG main            d.u.i.k.p.i.AbstractProblemLoader Init config took 2.31s 
311421     INFO  main            d.u.i.k.p.i.AbstractProblemLoader Replaying proof simplify0.key 
311422     DEBUG main            d.u.i.k.p.i.IntermediateProofReplayer Proof replay took 2.4ns 
311526     INFO  main            d.u.i.k.p.r.p.TestFile    ... finished proof: closed. 
311858     INFO  main            d.u.i.k.p.i.AbstractProblemLoader Loading environment from /home/runner/work/key/key/key.core/../key.ui/examples/standard_key/inEqSimp/simplify0.key.proof 
311858     DEBUG main            d.u.i.k.p.i.AbstractProblemLoader Environment load took 78.6ns 
311859     INFO  main            d.u.i.k.p.i.AbstractProblemLoader Creating init config 
314136     DEBUG main            d.u.i.k.p.i.AbstractProblemLoader Init config took 2.28s 
314150     INFO  main            d.u.i.k.p.i.AbstractProblemLoader Replaying proof simplify0.key.proof 
314153     DEBUG main            d.u.i.k.p.i.IntermediateProofReplayer Proof replay took 2.09ms 
314154     DEBUG main            d.u.i.k.p.r.p.TestFile    ... success: reloaded. 
314154     INFO  main            d.u.i.k.p.r.p.TestFile    Now processing file /home/runner/work/key/key/key.core/../key.ui/examples/standard_key/inEqSimp/simplify1.key 
314154     INFO  main            d.u.i.k.p.i.AbstractProblemLoader Loading environment from /home/runner/work/key/key/key.core/../key.ui/examples/standard_key/inEqSimp/simplify1.key 
314155     DEBUG main            d.u.i.k.p.i.AbstractProblemLoader Environment load took 39.4ns 
314155     INFO  main            d.u.i.k.p.i.AbstractProblemLoader Creating init config 
316482     DEBUG main            d.u.i.k.p.i.AbstractProblemLoader Init config took 2.33s 
316494     INFO  main            d.u.i.k.p.i.AbstractProblemLoader Replaying proof simplify1.key 
316495     DEBUG main            d.u.i.k.p.i.IntermediateProofReplayer Proof replay took 2.4ns 
316597     INFO  main            d.u.i.k.p.r.p.TestFile    ... finished proof: closed. 
316932     INFO  main            d.u.i.k.p.i.AbstractProblemLoader Loading environment from /home/runner/work/key/key/key.core/../key.ui/examples/standard_key/inEqSimp/simplify1.key.proof 
316932     DEBUG main            d.u.i.k.p.i.AbstractProblemLoader Environment load took 66.4ns 
316933     INFO  main            d.u.i.k.p.i.AbstractProblemLoader Creating init config 
319209     DEBUG main            d.u.i.k.p.i.AbstractProblemLoader Init config took 2.28s 
319221     INFO  main            d.u.i.k.p.i.AbstractProblemLoader Replaying proof simplify1.key.proof 
319223     DEBUG main            d.u.i.k.p.i.IntermediateProofReplayer Proof replay took 990.9ns 
319224     DEBUG main            d.u.i.k.p.r.p.TestFile    ... success: reloaded. 
319224     INFO  main            d.u.i.k.p.r.p.TestFile    Now processing file /home/runner/work/key/key/key.core/../key.ui/examples/standard_key/inEqSimp/simplify2.key 
319224     INFO  main            d.u.i.k.p.i.AbstractProblemLoader Loading environment from /home/runner/work/key/key/key.core/../key.ui/examples/standard_key/inEqSimp/simplify2.key 
319224     DEBUG main            d.u.i.k.p.i.AbstractProblemLoader Environment load took 34.3ns 
319225     INFO  main            d.u.i.k.p.i.AbstractProblemLoader Creating init config 
321550     DEBUG main            d.u.i.k.p.i.AbstractProblemLoader Init config took 2.32s 
321562     INFO  main            d.u.i.k.p.i.AbstractProblemLoader Replaying proof simplify2.key 
321563     DEBUG main            d.u.i.k.p.i.IntermediateProofReplayer Proof replay took 2.4ns 
321665     INFO  main            d.u.i.k.p.r.p.TestFile    ... finished proof: closed. 
322009     INFO  main            d.u.i.k.p.i.AbstractProblemLoader Loading environment from /home/runner/work/key/key/key.core/../key.ui/examples/standard_key/inEqSimp/simplify2.key.proof 
322009     DEBUG main            d.u.i.k.p.i.AbstractProblemLoader Environment load took 68.6ns 
322010     INFO  main            d.u.i.k.p.i.AbstractProblemLoader Creating init config 
324288     DEBUG main            d.u.i.k.p.i.AbstractProblemLoader Init config took 2.28s 
324301     INFO  main            d.u.i.k.p.i.AbstractProblemLoader Replaying proof simplify2.key.proof 
324312     DEBUG main            d.u.i.k.p.i.IntermediateProofReplayer Proof replay took 9.53ms 
324313     DEBUG main            d.u.i.k.p.r.p.TestFile    ... success: reloaded. 
324313     INFO  main            d.u.i.k.p.r.p.TestFile    Now processing file /home/runner/work/key/key/key.core/../key.ui/examples/standard_key/inEqSimp/simplify3.key 
324313     INFO  main            d.u.i.k.p.i.AbstractProblemLoader Loading environment from /home/runner/work/key/key/key.core/../key.ui/examples/standard_key/inEqSimp/simplify3.key 
324313     DEBUG main            d.u.i.k.p.i.AbstractProblemLoader Environment load took 66.1ns 
324314     INFO  main            d.u.i.k.p.i.AbstractProblemLoader Creating init config 
326629     DEBUG main            d.u.i.k.p.i.AbstractProblemLoader Init config took 2.31s 
326641     INFO  main            d.u.i.k.p.i.AbstractProblemLoader Replaying proof simplify3.key 
326642     DEBUG main            d.u.i.k.p.i.IntermediateProofReplayer Proof replay took 2.5ns 
326743     INFO  main            d.u.i.k.p.r.p.TestFile    ... finished proof: closed. 
327083     INFO  main            d.u.i.k.p.i.AbstractProblemLoader Loading environment from /home/runner/work/key/key/key.core/../key.ui/examples/standard_key/inEqSimp/simplify3.key.proof 
327084     DEBUG main            d.u.i.k.p.i.AbstractProblemLoader Environment load took 70.5ns 
327084     INFO  main            d.u.i.k.p.i.AbstractProblemLoader Creating init config 
329368     DEBUG main            d.u.i.k.p.i.AbstractProblemLoader Init config took 2.28s 
329381     INFO  main            d.u.i.k.p.i.AbstractProblemLoader Replaying proof simplify3.key.proof 
329384     DEBUG main            d.u.i.k.p.i.IntermediateProofReplayer Proof replay took 1.74ms 
329385     DEBUG main            d.u.i.k.p.r.p.TestFile    ... success: reloaded. 
329385     INFO  main            d.u.i.k.p.r.p.TestFile    Now processing file /home/runner/work/key/key/key.core/../key.ui/examples/standard_key/inEqSimp/simplify4.key 
329385     INFO  main            d.u.i.k.p.i.AbstractProblemLoader Loading environment from /home/runner/work/key/key/key.core/../key.ui/examples/standard_key/inEqSimp/simplify4.key 
329385     DEBUG main            d.u.i.k.p.i.AbstractProblemLoader Environment load took 141.3ns 
329386     INFO  main            d.u.i.k.p.i.AbstractProblemLoader Creating init config 
331705     DEBUG main            d.u.i.k.p.i.AbstractProblemLoader Init config took 2.32s 
331718     INFO  main            d.u.i.k.p.i.AbstractProblemLoader Replaying proof simplify4.key 
331718     DEBUG main            d.u.i.k.p.i.IntermediateProofReplayer Proof replay took 2.5ns 
331820     INFO  main            d.u.i.k.p.r.p.TestFile    ... finished proof: closed. 
332175     INFO  main            d.u.i.k.p.i.AbstractProblemLoader Loading environment from /home/runner/work/key/key/key.core/../key.ui/examples/standard_key/inEqSimp/simplify4.key.proof 
332175     DEBUG main            d.u.i.k.p.i.AbstractProblemLoader Environment load took 68.5ns 
332176     INFO  main            d.u.i.k.p.i.AbstractProblemLoader Creating init config 
334471     DEBUG main            d.u.i.k.p.i.AbstractProblemLoader Init config took 2.29s 
334484     INFO  main            d.u.i.k.p.i.AbstractProblemLoader Replaying proof simplify4.key.proof 
334497     DEBUG main            d.u.i.k.p.i.IntermediateProofReplayer Proof replay took 11.64ms 
334498     DEBUG main            d.u.i.k.p.r.p.TestFile    ... success: reloaded. 
334498     INFO  main            d.u.i.k.p.r.p.TestFile    Now processing file /home/runner/work/key/key/key.core/../key.ui/examples/standard_key/inEqSimp/simplify5.key 
334499     INFO  main            d.u.i.k.p.i.AbstractProblemLoader Loading environment from /home/runner/work/key/key/key.core/../key.ui/examples/standard_key/inEqSimp/simplify5.key 
334499     DEBUG main            d.u.i.k.p.i.AbstractProblemLoader Environment load took 64.5ns 
334500     INFO  main            d.u.i.k.p.i.AbstractProblemLoader Creating init config 
336811     DEBUG main            d.u.i.k.p.i.AbstractProblemLoader Init config took 2.31s 
336824     INFO  main            d.u.i.k.p.i.AbstractProblemLoader Replaying proof simplify5.key 
336825     DEBUG main            d.u.i.k.p.i.IntermediateProofReplayer Proof replay took 2.6ns 
337328     INFO  main            d.u.i.k.p.r.p.TestFile    ... finished proof: closed. 
337712     INFO  main            d.u.i.k.p.i.AbstractProblemLoader Loading environment from /home/runner/work/key/key/key.core/../key.ui/examples/standard_key/inEqSimp/simplify5.key.proof 
337712     DEBUG main            d.u.i.k.p.i.AbstractProblemLoader Environment load took 131.1ns 
337713     INFO  main            d.u.i.k.p.i.AbstractProblemLoader Creating init config 
339994     DEBUG main            d.u.i.k.p.i.AbstractProblemLoader Init config took 2.28s 
340007     INFO  main            d.u.i.k.p.i.AbstractProblemLoader Replaying proof simplify5.key.proof 
340055     DEBUG main            d.u.i.k.p.i.IntermediateProofReplayer Proof replay took 42.22ms 
340056     DEBUG main            d.u.i.k.p.r.p.TestFile    ... success: reloaded. 
340068     INFO  main            d.u.i.k.p.r.p.TestFile    Now processing file /home/runner/work/key/key/key.core/../key.ui/examples/standard_key/inEqSimp/subsumptionExample.key 
340069     INFO  main            d.u.i.k.p.i.AbstractProblemLoader Loading environment from /home/runner/work/key/key/key.core/../key.ui/examples/standard_key/inEqSimp/subsumptionExample.key 
340069     DEBUG main            d.u.i.k.p.i.AbstractProblemLoader Environment load took 184.7ns 
340070     INFO  main            d.u.i.k.p.i.AbstractProblemLoader Creating init config 
342371     DEBUG main            d.u.i.k.p.i.AbstractProblemLoader Init config took 2.3s 
342383     INFO  main            d.u.i.k.p.i.AbstractProblemLoader Replaying proof subsumptionExample.key 
342384     DEBUG main            d.u.i.k.p.i.IntermediateProofReplayer Proof replay took 2.4ns 
342487     INFO  main            d.u.i.k.p.r.p.TestFile    ... finished proof: closed. 
342858     INFO  main            d.u.i.k.p.i.AbstractProblemLoader Loading environment from /home/runner/work/key/key/key.core/../key.ui/examples/standard_key/inEqSimp/subsumptionExample.key.proof 
342858     DEBUG main            d.u.i.k.p.i.AbstractProblemLoader Environment load took 67.3ns 
342859     INFO  main            d.u.i.k.p.i.AbstractProblemLoader Creating init config 
345144     DEBUG main            d.u.i.k.p.i.AbstractProblemLoader Init config took 2.28s 
345156     INFO  main            d.u.i.k.p.i.AbstractProblemLoader Replaying proof subsumptionExample.key.proof 
345158     DEBUG main            d.u.i.k.p.i.IntermediateProofReplayer Proof replay took 657ns 
345158     DEBUG main            d.u.i.k.p.r.p.TestFile    ... success: reloaded. 
345159     INFO  main            d.u.i.k.p.r.p.TestFile    Now processing file /home/runner/work/key/key/key.core/../key.ui/examples/standard_key/polySimp/simplify0.key 
345159     INFO  main            d.u.i.k.p.i.AbstractProblemLoader Loading environment from /home/runner/work/key/key/key.core/../key.ui/examples/standard_key/polySimp/simplify0.key 
345159     DEBUG main            d.u.i.k.p.i.AbstractProblemLoader Environment load took 39.7ns 
345160     INFO  main            d.u.i.k.p.i.AbstractProblemLoader Creating init config 
347461     DEBUG main            d.u.i.k.p.i.AbstractProblemLoader Init config took 2.3s 
347474     INFO  main            d.u.i.k.p.i.AbstractProblemLoader Replaying proof simplify0.key 
347475     DEBUG main            d.u.i.k.p.i.IntermediateProofReplayer Proof replay took 2.6ns 
347676     INFO  main            d.u.i.k.p.r.p.TestFile    ... finished proof: closed. 
348038     INFO  main            d.u.i.k.p.i.AbstractProblemLoader Loading environment from /home/runner/work/key/key/key.core/../key.ui/examples/standard_key/polySimp/simplify0.key.proof 
348038     DEBUG main            d.u.i.k.p.i.AbstractProblemLoader Environment load took 68ns 
348039     INFO  main            d.u.i.k.p.i.AbstractProblemLoader Creating init config 
350322     DEBUG main            d.u.i.k.p.i.AbstractProblemLoader Init config took 2.28s 
350335     INFO  main            d.u.i.k.p.i.AbstractProblemLoader Replaying proof simplify0.key.proof 
350351     DEBUG main            d.u.i.k.p.i.IntermediateProofReplayer Proof replay took 14.18ms 
350352     DEBUG main            d.u.i.k.p.r.p.TestFile    ... success: reloaded. 
350352     INFO  main            d.u.i.k.p.r.p.TestFile    Now processing file /home/runner/work/key/key/key.core/../key.ui/examples/standard_key/polySimp/simplify1.key 
350352     INFO  main            d.u.i.k.p.i.AbstractProblemLoader Loading environment from /home/runner/work/key/key/key.core/../key.ui/examples/standard_key/polySimp/simplify1.key 
350352     DEBUG main            d.u.i.k.p.i.AbstractProblemLoader Environment load took 87.9ns 
350353     INFO  main            d.u.i.k.p.i.AbstractProblemLoader Creating init config 
352661     DEBUG main            d.u.i.k.p.i.AbstractProblemLoader Init config took 2.31s 
352674     INFO  main            d.u.i.k.p.i.AbstractProblemLoader Replaying proof simplify1.key 
352675     DEBUG main            d.u.i.k.p.i.IntermediateProofReplayer Proof replay took 2.4ns 
352978     INFO  main            d.u.i.k.p.r.p.TestFile    ... finished proof: closed. 
353354     INFO  main            d.u.i.k.p.i.AbstractProblemLoader Loading environment from /home/runner/work/key/key/key.core/../key.ui/examples/standard_key/polySimp/simplify1.key.proof 
353354     DEBUG main            d.u.i.k.p.i.AbstractProblemLoader Environment load took 69.3ns 
353355     INFO  main            d.u.i.k.p.i.AbstractProblemLoader Creating init config 
355641     DEBUG main            d.u.i.k.p.i.AbstractProblemLoader Init config took 2.29s 
355654     INFO  main            d.u.i.k.p.i.AbstractProblemLoader Replaying proof simplify1.key.proof 
355677     DEBUG main            d.u.i.k.p.i.IntermediateProofReplayer Proof replay took 20.14ms 
355678     DEBUG main            d.u.i.k.p.r.p.TestFile    ... success: reloaded. 
355678     INFO  main            d.u.i.k.p.r.p.TestFile    Now processing file /home/runner/work/key/key/key.core/../key.ui/examples/standard_key/polySimp/simplify10.key 
355678     INFO  main            d.u.i.k.p.i.AbstractProblemLoader Loading environment from /home/runner/work/key/key/key.core/../key.ui/examples/standard_key/polySimp/simplify10.key 
355678     DEBUG main            d.u.i.k.p.i.AbstractProblemLoader Environment load took 66ns 
355679     INFO  main            d.u.i.k.p.i.AbstractProblemLoader Creating init config 
358000     DEBUG main            d.u.i.k.p.i.AbstractProblemLoader Init config took 2.32s 
358013     INFO  main            d.u.i.k.p.i.AbstractProblemLoader Replaying proof simplify10.key 
358014     DEBUG main            d.u.i.k.p.i.IntermediateProofReplayer Proof replay took 2.3ns 
358216     INFO  main            d.u.i.k.p.r.p.TestFile    ... finished proof: closed. 
358646     INFO  main            d.u.i.k.p.i.AbstractProblemLoader Loading environment from /home/runner/work/key/key/key.core/../key.ui/examples/standard_key/polySimp/simplify10.key.proof 
358646     DEBUG main            d.u.i.k.p.i.AbstractProblemLoader Environment load took 70.9ns 
358648     INFO  main            d.u.i.k.p.i.AbstractProblemLoader Creating init config 
360936     DEBUG main            d.u.i.k.p.i.AbstractProblemLoader Init config took 2.29s 
360956     INFO  main            d.u.i.k.p.i.AbstractProblemLoader Replaying proof simplify10.key.proof 
360987     DEBUG main            d.u.i.k.p.i.IntermediateProofReplayer Proof replay took 27.89ms 
360988     DEBUG main            d.u.i.k.p.r.p.TestFile    ... success: reloaded. 
360989     INFO  main            d.u.i.k.p.r.p.TestFile    Now processing file /home/runner/work/key/key/key.core/../key.ui/examples/standard_key/polySimp/simplify11.key 
360989     INFO  main            d.u.i.k.p.i.AbstractProblemLoader Loading environment from /home/runner/work/key/key/key.core/../key.ui/examples/standard_key/polySimp/simplify11.key 
360989     DEBUG main            d.u.i.k.p.i.AbstractProblemLoader Environment load took 163.4ns 
360990     INFO  main            d.u.i.k.p.i.AbstractProblemLoader Creating init config 
363305     DEBUG main            d.u.i.k.p.i.AbstractProblemLoader Init config took 2.31s 
363318     INFO  main            d.u.i.k.p.i.AbstractProblemLoader Replaying proof simplify11.key 
363319     DEBUG main            d.u.i.k.p.i.IntermediateProofReplayer Proof replay took 2.4ns 
363522     INFO  main            d.u.i.k.p.r.p.TestFile    ... finished proof: closed. 
363926     INFO  main            d.u.i.k.p.i.AbstractProblemLoader Loading environment from /home/runner/work/key/key/key.core/../key.ui/examples/standard_key/polySimp/simplify11.key.proof 
363926     DEBUG main            d.u.i.k.p.i.AbstractProblemLoader Environment load took 74.2ns 
363928     INFO  main            d.u.i.k.p.i.AbstractProblemLoader Creating init config 
366209     DEBUG main            d.u.i.k.p.i.AbstractProblemLoader Init config took 2.28s 
366222     INFO  main            d.u.i.k.p.i.AbstractProblemLoader Replaying proof simplify11.key.proof 
366242     DEBUG main            d.u.i.k.p.i.IntermediateProofReplayer Proof replay took 17.53ms 
366243     DEBUG main            d.u.i.k.p.r.p.TestFile    ... success: reloaded. 
366243     INFO  main            d.u.i.k.p.r.p.TestFile    Now processing file /home/runner/work/key/key/key.core/../key.ui/examples/standard_key/polySimp/simplify12.key 
366243     INFO  main            d.u.i.k.p.i.AbstractProblemLoader Loading environment from /home/runner/work/key/key/key.core/../key.ui/examples/standard_key/polySimp/simplify12.key 
366243     DEBUG main            d.u.i.k.p.i.AbstractProblemLoader Environment load took 40.6ns 
366244     INFO  main            d.u.i.k.p.i.AbstractProblemLoader Creating init config 
368563     DEBUG main            d.u.i.k.p.i.AbstractProblemLoader Init config took 2.32s 
368576     INFO  main            d.u.i.k.p.i.AbstractProblemLoader Replaying proof simplify12.key 
368577     DEBUG main            d.u.i.k.p.i.IntermediateProofReplayer Proof replay took 2.4ns 
368678     INFO  main            d.u.i.k.p.r.p.TestFile    ... finished proof: closed. 
369069     INFO  main            d.u.i.k.p.i.AbstractProblemLoader Loading environment from /home/runner/work/key/key/key.core/../key.ui/examples/standard_key/polySimp/simplify12.key.proof 
369070     DEBUG main            d.u.i.k.p.i.AbstractProblemLoader Environment load took 69.6ns 
369070     INFO  main            d.u.i.k.p.i.AbstractProblemLoader Creating init config 
371347     DEBUG main            d.u.i.k.p.i.AbstractProblemLoader Init config took 2.28s 
371360     INFO  main            d.u.i.k.p.i.AbstractProblemLoader Replaying proof simplify12.key.proof 
371370     DEBUG main            d.u.i.k.p.i.IntermediateProofReplayer Proof replay took 8.17ms 
371371     DEBUG main            d.u.i.k.p.r.p.TestFile    ... success: reloaded. 
371371     INFO  main            d.u.i.k.p.r.p.TestFile    Now processing file /home/runner/work/key/key/key.core/../key.ui/examples/standard_key/polySimp/simplify13.key 
371371     INFO  main            d.u.i.k.p.i.AbstractProblemLoader Loading environment from /home/runner/work/key/key/key.core/../key.ui/examples/standard_key/polySimp/simplify13.key 
371371     DEBUG main            d.u.i.k.p.i.AbstractProblemLoader Environment load took 54.9ns 
371372     INFO  main            d.u.i.k.p.i.AbstractProblemLoader Creating init config 
373692     DEBUG main            d.u.i.k.p.i.AbstractProblemLoader Init config took 2.32s 
373704     INFO  main            d.u.i.k.p.i.AbstractProblemLoader Replaying proof simplify13.key 
373705     DEBUG main            d.u.i.k.p.i.IntermediateProofReplayer Proof replay took 2.5ns 
373807     INFO  main            d.u.i.k.p.r.p.TestFile    ... finished proof: closed. 
374193     INFO  main            d.u.i.k.p.i.AbstractProblemLoader Loading environment from /home/runner/work/key/key/key.core/../key.ui/examples/standard_key/polySimp/simplify13.key.proof 
374193     DEBUG main            d.u.i.k.p.i.AbstractProblemLoader Environment load took 70.8ns 
374194     INFO  main            d.u.i.k.p.i.AbstractProblemLoader Creating init config 
376468     DEBUG main            d.u.i.k.p.i.AbstractProblemLoader Init config took 2.27s 
376481     INFO  main            d.u.i.k.p.i.AbstractProblemLoader Replaying proof simplify13.key.proof 
376489     DEBUG main            d.u.i.k.p.i.IntermediateProofReplayer Proof replay took 4.67ms 
376489     DEBUG main            d.u.i.k.p.r.p.TestFile    ... success: reloaded. 
376490     INFO  main            d.u.i.k.p.r.p.TestFile    Now processing file /home/runner/work/key/key/key.core/../key.ui/examples/standard_key/polySimp/simplify14.key 
376490     INFO  main            d.u.i.k.p.i.AbstractProblemLoader Loading environment from /home/runner/work/key/key/key.core/../key.ui/examples/standard_key/polySimp/simplify14.key 
376490     DEBUG main            d.u.i.k.p.i.AbstractProblemLoader Environment load took 38.9ns 
376491     INFO  main            d.u.i.k.p.i.AbstractProblemLoader Creating init config 
378798     DEBUG main            d.u.i.k.p.i.AbstractProblemLoader Init config took 2.31s 
378811     INFO  main            d.u.i.k.p.i.AbstractProblemLoader Replaying proof simplify14.key 
378812     DEBUG main            d.u.i.k.p.i.IntermediateProofReplayer Proof replay took 2.8ns 
378914     INFO  main            d.u.i.k.p.r.p.TestFile    ... finished proof: closed. 
379308     INFO  main            d.u.i.k.p.i.AbstractProblemLoader Loading environment from /home/runner/work/key/key/key.core/../key.ui/examples/standard_key/polySimp/simplify14.key.proof 
379308     DEBUG main            d.u.i.k.p.i.AbstractProblemLoader Environment load took 69.5ns 
379309     INFO  main            d.u.i.k.p.i.AbstractProblemLoader Creating init config 
381579     DEBUG main            d.u.i.k.p.i.AbstractProblemLoader Init config took 2.27s 
381592     INFO  main            d.u.i.k.p.i.AbstractProblemLoader Replaying proof simplify14.key.proof 
381594     DEBUG main            d.u.i.k.p.i.IntermediateProofReplayer Proof replay took 1.27ms 
381595     DEBUG main            d.u.i.k.p.r.p.TestFile    ... success: reloaded. 
381595     INFO  main            d.u.i.k.p.r.p.TestFile    Now processing file /home/runner/work/key/key/key.core/../key.ui/examples/standard_key/polySimp/simplify15.key 
381596     INFO  main            d.u.i.k.p.i.AbstractProblemLoader Loading environment from /home/runner/work/key/key/key.core/../key.ui/examples/standard_key/polySimp/simplify15.key 
381596     DEBUG main            d.u.i.k.p.i.AbstractProblemLoader Environment load took 38.8ns 
381596     INFO  main            d.u.i.k.p.i.AbstractProblemLoader Creating init config 
383906     DEBUG main            d.u.i.k.p.i.AbstractProblemLoader Init config took 2.31s 
383919     INFO  main            d.u.i.k.p.i.AbstractProblemLoader Replaying proof simplify15.key 
383919     DEBUG main            d.u.i.k.p.i.IntermediateProofReplayer Proof replay took 2.7ns 
384020     INFO  main            d.u.i.k.p.r.p.TestFile    ... finished proof: closed. 
384415     INFO  main            d.u.i.k.p.i.AbstractProblemLoader Loading environment from /home/runner/work/key/key/key.core/../key.ui/examples/standard_key/polySimp/simplify15.key.proof 
384415     DEBUG main            d.u.i.k.p.i.AbstractProblemLoader Environment load took 70.9ns 
384416     INFO  main            d.u.i.k.p.i.AbstractProblemLoader Creating init config 
386695     DEBUG main            d.u.i.k.p.i.AbstractProblemLoader Init config took 2.28s 
386707     INFO  main            d.u.i.k.p.i.AbstractProblemLoader Replaying proof simplify15.key.proof 
386709     DEBUG main            d.u.i.k.p.i.IntermediateProofReplayer Proof replay took 584.3ns 
386709     DEBUG main            d.u.i.k.p.r.p.TestFile    ... success: reloaded. 
386710     INFO  main            d.u.i.k.p.r.p.TestFile    Now processing file /home/runner/work/key/key/key.core/../key.ui/examples/standard_key/polySimp/simplify16.key 
386710     INFO  main            d.u.i.k.p.i.AbstractProblemLoader Loading environment from /home/runner/work/key/key/key.core/../key.ui/examples/standard_key/polySimp/simplify16.key 
386710     DEBUG main            d.u.i.k.p.i.AbstractProblemLoader Environment load took 54.3ns 
386711     INFO  main            d.u.i.k.p.i.AbstractProblemLoader Creating init config 
389027     DEBUG main            d.u.i.k.p.i.AbstractProblemLoader Init config took 2.32s 
389040     INFO  main            d.u.i.k.p.i.AbstractProblemLoader Replaying proof simplify16.key 
389040     DEBUG main            d.u.i.k.p.i.IntermediateProofReplayer Proof replay took 2.7ns 
389142     INFO  main            d.u.i.k.p.r.p.TestFile    ... finished proof: closed. 
389545     INFO  main            d.u.i.k.p.i.AbstractProblemLoader Loading environment from /home/runner/work/key/key/key.core/../key.ui/examples/standard_key/polySimp/simplify16.key.proof 
389545     DEBUG main            d.u.i.k.p.i.AbstractProblemLoader Environment load took 69.4ns 
389545     INFO  main            d.u.i.k.p.i.AbstractProblemLoader Creating init config 
391820     DEBUG main            d.u.i.k.p.i.AbstractProblemLoader Init config took 2.27s 
391832     INFO  main            d.u.i.k.p.i.AbstractProblemLoader Replaying proof simplify16.key.proof 
391834     DEBUG main            d.u.i.k.p.i.IntermediateProofReplayer Proof replay took 398.4ns 
391834     DEBUG main            d.u.i.k.p.r.p.TestFile    ... success: reloaded. 
391835     INFO  main            d.u.i.k.p.r.p.TestFile    Now processing file /home/runner/work/key/key/key.core/../key.ui/examples/standard_key/polySimp/simplify17.key 
391835     INFO  main            d.u.i.k.p.i.AbstractProblemLoader Loading environment from /home/runner/work/key/key/key.core/../key.ui/examples/standard_key/polySimp/simplify17.key 
391835     DEBUG main            d.u.i.k.p.i.AbstractProblemLoader Environment load took 61.5ns 
391836     INFO  main            d.u.i.k.p.i.AbstractProblemLoader Creating init config 
394145     DEBUG main            d.u.i.k.p.i.AbstractProblemLoader Init config took 2.31s 
394157     INFO  main            d.u.i.k.p.i.AbstractProblemLoader Replaying proof simplify17.key 
394158     DEBUG main            d.u.i.k.p.i.IntermediateProofReplayer Proof replay took 2.5ns 
394259     INFO  main            d.u.i.k.p.r.p.TestFile    ... finished proof: closed. 
394679     INFO  main            d.u.i.k.p.i.AbstractProblemLoader Loading environment from /home/runner/work/key/key/key.core/../key.ui/examples/standard_key/polySimp/simplify17.key.proof 
394679     DEBUG main            d.u.i.k.p.i.AbstractProblemLoader Environment load took 71.4ns 
394680     INFO  main            d.u.i.k.p.i.AbstractProblemLoader Creating init config 
396961     DEBUG main            d.u.i.k.p.i.AbstractProblemLoader Init config took 2.28s 
396974     INFO  main            d.u.i.k.p.i.AbstractProblemLoader Replaying proof simplify17.key.proof 
396980     DEBUG main            d.u.i.k.p.i.IntermediateProofReplayer Proof replay took 5ms 
396981     DEBUG main            d.u.i.k.p.r.p.TestFile    ... success: reloaded. 
396981     INFO  main            d.u.i.k.p.r.p.TestFile    Now processing file /home/runner/work/key/key/key.core/../key.ui/examples/standard_key/polySimp/simplify18.key 
396981     INFO  main            d.u.i.k.p.i.AbstractProblemLoader Loading environment from /home/runner/work/key/key/key.core/../key.ui/examples/standard_key/polySimp/simplify18.key 
396981     DEBUG main            d.u.i.k.p.i.AbstractProblemLoader Environment load took 41.5ns 
396982     INFO  main            d.u.i.k.p.i.AbstractProblemLoader Creating init config 
399318     DEBUG main            d.u.i.k.p.i.AbstractProblemLoader Init config took 2.34s 
399331     INFO  main            d.u.i.k.p.i.AbstractProblemLoader Replaying proof simplify18.key 
399332     DEBUG main            d.u.i.k.p.i.IntermediateProofReplayer Proof replay took 2.8ns 
399538     INFO  main            d.u.i.k.p.r.p.TestFile    ... finished proof: closed. 
399952     INFO  main            d.u.i.k.p.i.AbstractProblemLoader Loading environment from /home/runner/work/key/key/key.core/../key.ui/examples/standard_key/polySimp/simplify18.key.proof 
399952     DEBUG main            d.u.i.k.p.i.AbstractProblemLoader Environment load took 71.5ns 
399953     INFO  main            d.u.i.k.p.i.AbstractProblemLoader Creating init config 
402243     DEBUG main            d.u.i.k.p.i.AbstractProblemLoader Init config took 2.29s 
402256     INFO  main            d.u.i.k.p.i.AbstractProblemLoader Replaying proof simplify18.key.proof 
402271     DEBUG main            d.u.i.k.p.i.IntermediateProofReplayer Proof replay took 12.95ms 
402271     DEBUG main            d.u.i.k.p.r.p.TestFile    ... success: reloaded. 
402272     INFO  main            d.u.i.k.p.r.p.TestFile    Now processing file /home/runner/work/key/key/key.core/../key.ui/examples/standard_key/polySimp/simplify19.key 
402272     INFO  main            d.u.i.k.p.i.AbstractProblemLoader Loading environment from /home/runner/work/key/key/key.core/../key.ui/examples/standard_key/polySimp/simplify19.key 
402272     DEBUG main            d.u.i.k.p.i.AbstractProblemLoader Environment load took 45.7ns 
402273     INFO  main            d.u.i.k.p.i.AbstractProblemLoader Creating init config 
404593     DEBUG main            d.u.i.k.p.i.AbstractProblemLoader Init config took 2.32s 
404605     INFO  main            d.u.i.k.p.i.AbstractProblemLoader Replaying proof simplify19.key 
404606     DEBUG main            d.u.i.k.p.i.IntermediateProofReplayer Proof replay took 2.5ns 
407530     INFO  main            d.u.i.k.p.r.p.TestFile    ... finished proof: closed. 
407976     INFO  main            d.u.i.k.p.i.AbstractProblemLoader Loading environment from /home/runner/work/key/key/key.core/../key.ui/examples/standard_key/polySimp/simplify19.key.proof 
407977     DEBUG main            d.u.i.k.p.i.AbstractProblemLoader Environment load took 78.5ns 
407978     INFO  main            d.u.i.k.p.i.AbstractProblemLoader Creating init config 
410329     DEBUG main            d.u.i.k.p.i.AbstractProblemLoader Init config took 2.35s 
410344     INFO  main            d.u.i.k.p.i.AbstractProblemLoader Replaying proof simplify19.key.proof 
410626     DEBUG main            d.u.i.k.p.i.IntermediateProofReplayer Proof replay took 269.82ms 
410627     DEBUG main            d.u.i.k.p.r.p.TestFile    ... success: reloaded. 
410628     INFO  main            d.u.i.k.p.r.p.TestFile    Now processing file /home/runner/work/key/key/key.core/../key.ui/examples/standard_key/polySimp/simplify2.key 
410628     INFO  main            d.u.i.k.p.i.AbstractProblemLoader Loading environment from /home/runner/work/key/key/key.core/../key.ui/examples/standard_key/polySimp/simplify2.key 
410628     DEBUG main            d.u.i.k.p.i.AbstractProblemLoader Environment load took 118.4ns 
410629     INFO  main            d.u.i.k.p.i.AbstractProblemLoader Creating init config 
413010     DEBUG main            d.u.i.k.p.i.AbstractProblemLoader Init config took 2.38s 
413022     INFO  main            d.u.i.k.p.i.AbstractProblemLoader Replaying proof simplify2.key 
413023     DEBUG main            d.u.i.k.p.i.IntermediateProofReplayer Proof replay took 2.1ns 
413124     INFO  main            d.u.i.k.p.r.p.TestFile    ... finished proof: closed. 
413588     INFO  main            d.u.i.k.p.i.AbstractProblemLoader Loading environment from /home/runner/work/key/key/key.core/../key.ui/examples/standard_key/polySimp/simplify2.key.proof 
413588     DEBUG main            d.u.i.k.p.i.AbstractProblemLoader Environment load took 65.4ns 
413588     INFO  main            d.u.i.k.p.i.AbstractProblemLoader Creating init config 
415859     DEBUG main            d.u.i.k.p.i.AbstractProblemLoader Init config took 2.27s 
415872     INFO  main            d.u.i.k.p.i.AbstractProblemLoader Replaying proof simplify2.key.proof 
415873     DEBUG main            d.u.i.k.p.i.IntermediateProofReplayer Proof replay took 736.8ns 
415874     DEBUG main            d.u.i.k.p.r.p.TestFile    ... success: reloaded. 
415874     INFO  main            d.u.i.k.p.r.p.TestFile    Now processing file /home/runner/work/key/key/key.core/../key.ui/examples/standard_key/polySimp/simplify20.key 
415874     INFO  main            d.u.i.k.p.i.AbstractProblemLoader Loading environment from /home/runner/work/key/key/key.core/../key.ui/examples/standard_key/polySimp/simplify20.key 
415874     DEBUG main            d.u.i.k.p.i.AbstractProblemLoader Environment load took 40.8ns 
415875     INFO  main            d.u.i.k.p.i.AbstractProblemLoader Creating init config 
418172     DEBUG main            d.u.i.k.p.i.AbstractProblemLoader Init config took 2.3s 
418185     INFO  main            d.u.i.k.p.i.AbstractProblemLoader Replaying proof simplify20.key 
418186     DEBUG main            d.u.i.k.p.i.IntermediateProofReplayer Proof replay took 2.5ns 
418788     INFO  main            d.u.i.k.p.r.p.TestFile    ... finished proof: closed. 
419228     INFO  main            d.u.i.k.p.i.AbstractProblemLoader Loading environment from /home/runner/work/key/key/key.core/../key.ui/examples/standard_key/polySimp/simplify20.key.proof 
419228     DEBUG main            d.u.i.k.p.i.AbstractProblemLoader Environment load took 75.5ns 
419229     INFO  main            d.u.i.k.p.i.AbstractProblemLoader Creating init config 
421498     DEBUG main            d.u.i.k.p.i.AbstractProblemLoader Init config took 2.27s 
421511     INFO  main            d.u.i.k.p.i.AbstractProblemLoader Replaying proof simplify20.key.proof 
421571     DEBUG main            d.u.i.k.p.i.IntermediateProofReplayer Proof replay took 55.5ms 
421572     DEBUG main            d.u.i.k.p.r.p.TestFile    ... success: reloaded. 
421572     INFO  main            d.u.i.k.p.r.p.TestFile    Now processing file /home/runner/work/key/key/key.core/../key.ui/examples/standard_key/polySimp/simplify21.key 
421573     INFO  main            d.u.i.k.p.i.AbstractProblemLoader Loading environment from /home/runner/work/key/key/key.core/../key.ui/examples/standard_key/polySimp/simplify21.key 
421573     DEBUG main            d.u.i.k.p.i.AbstractProblemLoader Environment load took 47.1ns 
421575     INFO  main            d.u.i.k.p.i.AbstractProblemLoader Creating init config 
423890     DEBUG main            d.u.i.k.p.i.AbstractProblemLoader Init config took 2.32s 
423904     INFO  main            d.u.i.k.p.i.AbstractProblemLoader Replaying proof simplify21.key 
423905     DEBUG main            d.u.i.k.p.i.IntermediateProofReplayer Proof replay took 2ns 
424409     INFO  main            d.u.i.k.p.r.p.TestFile    ... finished proof: closed. 
424903     INFO  main            d.u.i.k.p.i.AbstractProblemLoader Loading environment from /home/runner/work/key/key/key.core/../key.ui/examples/standard_key/polySimp/simplify21.key.proof 
424903     DEBUG main            d.u.i.k.p.i.AbstractProblemLoader Environment load took 71.5ns 
424906     INFO  main            d.u.i.k.p.i.AbstractProblemLoader Creating init config 
427177     DEBUG main            d.u.i.k.p.i.AbstractProblemLoader Init config took 2.27s 
427193     INFO  main            d.u.i.k.p.i.AbstractProblemLoader Replaying proof simplify21.key.proof 
427241     DEBUG main            d.u.i.k.p.i.IntermediateProofReplayer Proof replay took 44.52ms 
427242     DEBUG main            d.u.i.k.p.r.p.TestFile    ... success: reloaded. 
427243     INFO  main            d.u.i.k.p.r.p.TestFile    Now processing file /home/runner/work/key/key/key.core/../key.ui/examples/standard_key/polySimp/simplify22.key 
427243     INFO  main            d.u.i.k.p.i.AbstractProblemLoader Loading environment from /home/runner/work/key/key/key.core/../key.ui/examples/standard_key/polySimp/simplify22.key 
427243     DEBUG main            d.u.i.k.p.i.AbstractProblemLoader Environment load took 40.8ns 
427244     INFO  main            d.u.i.k.p.i.AbstractProblemLoader Creating init config 
429547     DEBUG main            d.u.i.k.p.i.AbstractProblemLoader Init config took 2.3s 
429560     INFO  main            d.u.i.k.p.i.AbstractProblemLoader Replaying proof simplify22.key 
429561     DEBUG main            d.u.i.k.p.i.IntermediateProofReplayer Proof replay took 2.7ns 
429663     INFO  main            d.u.i.k.p.r.p.TestFile    ... finished proof: closed. 
430124     INFO  main            d.u.i.k.p.i.AbstractProblemLoader Loading environment from /home/runner/work/key/key/key.core/../key.ui/examples/standard_key/polySimp/simplify22.key.proof 
430124     DEBUG main            d.u.i.k.p.i.AbstractProblemLoader Environment load took 69.8ns 
430125     INFO  main            d.u.i.k.p.i.AbstractProblemLoader Creating init config 
432388     DEBUG main            d.u.i.k.p.i.AbstractProblemLoader Init config took 2.26s 
432401     INFO  main            d.u.i.k.p.i.AbstractProblemLoader Replaying proof simplify22.key.proof 
432404     DEBUG main            d.u.i.k.p.i.IntermediateProofReplayer Proof replay took 2.04ms 
432404     DEBUG main            d.u.i.k.p.r.p.TestFile    ... success: reloaded. 
432405     INFO  main            d.u.i.k.p.r.p.TestFile    Now processing file /home/runner/work/key/key/key.core/../key.ui/examples/standard_key/polySimp/simplify23.key 
432405     INFO  main            d.u.i.k.p.i.AbstractProblemLoader Loading environment from /home/runner/work/key/key/key.core/../key.ui/examples/standard_key/polySimp/simplify23.key 
432405     DEBUG main            d.u.i.k.p.i.AbstractProblemLoader Environment load took 68ns 
432406     INFO  main            d.u.i.k.p.i.AbstractProblemLoader Creating init config 
434701     DEBUG main            d.u.i.k.p.i.AbstractProblemLoader Init config took 2.3s 
434714     INFO  main            d.u.i.k.p.i.AbstractProblemLoader Replaying proof simplify23.key 
434715     DEBUG main            d.u.i.k.p.i.IntermediateProofReplayer Proof replay took 2.5ns 
434816     INFO  main            d.u.i.k.p.r.p.TestFile    ... finished proof: closed. 
435256     INFO  main            d.u.i.k.p.i.AbstractProblemLoader Loading environment from /home/runner/work/key/key/key.core/../key.ui/examples/standard_key/polySimp/simplify23.key.proof 
435257     DEBUG main            d.u.i.k.p.i.AbstractProblemLoader Environment load took 73.1ns 
435258     INFO  main            d.u.i.k.p.i.AbstractProblemLoader Creating init config 
437521     DEBUG main            d.u.i.k.p.i.AbstractProblemLoader Init config took 2.26s 
437535     INFO  main            d.u.i.k.p.i.AbstractProblemLoader Replaying proof simplify23.key.proof 
437547     DEBUG main            d.u.i.k.p.i.IntermediateProofReplayer Proof replay took 10.64ms 
437548     DEBUG main            d.u.i.k.p.r.p.TestFile    ... success: reloaded. 
437548     INFO  main            d.u.i.k.p.r.p.TestFile    Now processing file /home/runner/work/key/key/key.core/../key.ui/examples/standard_key/polySimp/simplify24.key 
437548     INFO  main            d.u.i.k.p.i.AbstractProblemLoader Loading environment from /home/runner/work/key/key/key.core/../key.ui/examples/standard_key/polySimp/simplify24.key 
437548     DEBUG main            d.u.i.k.p.i.AbstractProblemLoader Environment load took 37.3ns 
437549     INFO  main            d.u.i.k.p.i.AbstractProblemLoader Creating init config 
439846     DEBUG main            d.u.i.k.p.i.AbstractProblemLoader Init config took 2.3s 
439859     INFO  main            d.u.i.k.p.i.AbstractProblemLoader Replaying proof simplify24.key 
439860     DEBUG main            d.u.i.k.p.i.IntermediateProofReplayer Proof replay took 2.6ns 
439961     INFO  main            d.u.i.k.p.r.p.TestFile    ... finished proof: closed. 
440409     INFO  main            d.u.i.k.p.i.AbstractProblemLoader Loading environment from /home/runner/work/key/key/key.core/../key.ui/examples/standard_key/polySimp/simplify24.key.proof 
440409     DEBUG main            d.u.i.k.p.i.AbstractProblemLoader Environment load took 73.3ns 
440409     INFO  main            d.u.i.k.p.i.AbstractProblemLoader Creating init config 
442676     DEBUG main            d.u.i.k.p.i.AbstractProblemLoader Init config took 2.27s 
442689     INFO  main            d.u.i.k.p.i.AbstractProblemLoader Replaying proof simplify24.key.proof 
442692     DEBUG main            d.u.i.k.p.i.IntermediateProofReplayer Proof replay took 2.24ms 
442693     DEBUG main            d.u.i.k.p.r.p.TestFile    ... success: reloaded. 
442693     INFO  main            d.u.i.k.p.r.p.TestFile    Now processing file /home/runner/work/key/key/key.core/../key.ui/examples/standard_key/polySimp/simplify25.key 
442693     INFO  main            d.u.i.k.p.i.AbstractProblemLoader Loading environment from /home/runner/work/key/key/key.core/../key.ui/examples/standard_key/polySimp/simplify25.key 
442694     DEBUG main            d.u.i.k.p.i.AbstractProblemLoader Environment load took 64ns 
442694     INFO  main            d.u.i.k.p.i.AbstractProblemLoader Creating init config 
444990     DEBUG main            d.u.i.k.p.i.AbstractProblemLoader Init config took 2.3s 
445004     INFO  main            d.u.i.k.p.i.AbstractProblemLoader Replaying proof simplify25.key 
445004     DEBUG main            d.u.i.k.p.i.IntermediateProofReplayer Proof replay took 2.3ns 
445106     INFO  main            d.u.i.k.p.r.p.TestFile    ... finished proof: closed. 
445558     INFO  main            d.u.i.k.p.i.AbstractProblemLoader Loading environment from /home/runner/work/key/key/key.core/../key.ui/examples/standard_key/polySimp/simplify25.key.proof 
445558     DEBUG main            d.u.i.k.p.i.AbstractProblemLoader Environment load took 67.1ns 
445559     INFO  main            d.u.i.k.p.i.AbstractProblemLoader Creating init config 
447821     DEBUG main            d.u.i.k.p.i.AbstractProblemLoader Init config took 2.26s 
447833     INFO  main            d.u.i.k.p.i.AbstractProblemLoader Replaying proof simplify25.key.proof 
447837     DEBUG main            d.u.i.k.p.i.IntermediateProofReplayer Proof replay took 2.27ms 
447837     DEBUG main            d.u.i.k.p.r.p.TestFile    ... success: reloaded. 
447838     INFO  main            d.u.i.k.p.r.p.TestFile    Now processing file /home/runner/work/key/key/key.core/../key.ui/examples/standard_key/polySimp/simplify3.key 
447838     INFO  main            d.u.i.k.p.i.AbstractProblemLoader Loading environment from /home/runner/work/key/key/key.core/../key.ui/examples/standard_key/polySimp/simplify3.key 
447838     DEBUG main            d.u.i.k.p.i.AbstractProblemLoader Environment load took 36.6ns 
447839     INFO  main            d.u.i.k.p.i.AbstractProblemLoader Creating init config 
450141     DEBUG main            d.u.i.k.p.i.AbstractProblemLoader Init config took 2.3s 
450153     INFO  main            d.u.i.k.p.i.AbstractProblemLoader Replaying proof simplify3.key 
450154     DEBUG main            d.u.i.k.p.i.IntermediateProofReplayer Proof replay took 3ns 
450255     INFO  main            d.u.i.k.p.r.p.TestFile    ... finished proof: closed. 
450726     INFO  main            d.u.i.k.p.i.AbstractProblemLoader Loading environment from /home/runner/work/key/key/key.core/../key.ui/examples/standard_key/polySimp/simplify3.key.proof 
450726     DEBUG main            d.u.i.k.p.i.AbstractProblemLoader Environment load took 62.9ns 
450727     INFO  main            d.u.i.k.p.i.AbstractProblemLoader Creating init config 
452990     DEBUG main            d.u.i.k.p.i.AbstractProblemLoader Init config took 2.26s 
453002     INFO  main            d.u.i.k.p.i.AbstractProblemLoader Replaying proof simplify3.key.proof 
453004     DEBUG main            d.u.i.k.p.i.IntermediateProofReplayer Proof replay took 757.9ns 
453005     DEBUG main            d.u.i.k.p.r.p.TestFile    ... success: reloaded. 
453005     INFO  main            d.u.i.k.p.r.p.TestFile    Now processing file /home/runner/work/key/key/key.core/../key.ui/examples/standard_key/polySimp/simplify4.key 
453005     INFO  main            d.u.i.k.p.i.AbstractProblemLoader Loading environment from /home/runner/work/key/key/key.core/../key.ui/examples/standard_key/polySimp/simplify4.key 
453005     DEBUG main            d.u.i.k.p.i.AbstractProblemLoader Environment load took 37.3ns 
453006     INFO  main            d.u.i.k.p.i.AbstractProblemLoader Creating init config 
455308     DEBUG main            d.u.i.k.p.i.AbstractProblemLoader Init config took 2.3s 
455320     INFO  main            d.u.i.k.p.i.AbstractProblemLoader Replaying proof simplify4.key 
455321     DEBUG main            d.u.i.k.p.i.IntermediateProofReplayer Proof replay took 2.6ns 
455422     INFO  main            d.u.i.k.p.r.p.TestFile    ... finished proof: closed. 
455885     INFO  main            d.u.i.k.p.i.AbstractProblemLoader Loading environment from /home/runner/work/key/key/key.core/../key.ui/examples/standard_key/polySimp/simplify4.key.proof 
455885     DEBUG main            d.u.i.k.p.i.AbstractProblemLoader Environment load took 71.5ns 
455885     INFO  main            d.u.i.k.p.i.AbstractProblemLoader Creating init config 
458148     DEBUG main            d.u.i.k.p.i.AbstractProblemLoader Init config took 2.26s 
458160     INFO  main            d.u.i.k.p.i.AbstractProblemLoader Replaying proof simplify4.key.proof 
458162     DEBUG main            d.u.i.k.p.i.IntermediateProofReplayer Proof replay took 996.8ns 
458163     DEBUG main            d.u.i.k.p.r.p.TestFile    ... success: reloaded. 
458163     INFO  main            d.u.i.k.p.r.p.TestFile    Now processing file /home/runner/work/key/key/key.core/../key.ui/examples/standard_key/polySimp/simplify5.key 
458163     INFO  main            d.u.i.k.p.i.AbstractProblemLoader Loading environment from /home/runner/work/key/key/key.core/../key.ui/examples/standard_key/polySimp/simplify5.key 
458163     DEBUG main            d.u.i.k.p.i.AbstractProblemLoader Environment load took 51ns 
458164     INFO  main            d.u.i.k.p.i.AbstractProblemLoader Creating init config 
460455     DEBUG main            d.u.i.k.p.i.AbstractProblemLoader Init config took 2.29s 
460467     INFO  main            d.u.i.k.p.i.AbstractProblemLoader Replaying proof simplify5.key 
460468     DEBUG main            d.u.i.k.p.i.IntermediateProofReplayer Proof replay took 2.7ns 
460569     INFO  main            d.u.i.k.p.r.p.TestFile    ... finished proof: closed. 
461041     INFO  main            d.u.i.k.p.i.AbstractProblemLoader Loading environment from /home/runner/work/key/key/key.core/../key.ui/examples/standard_key/polySimp/simplify5.key.proof 
461041     DEBUG main            d.u.i.k.p.i.AbstractProblemLoader Environment load took 63.6ns 
461042     INFO  main            d.u.i.k.p.i.AbstractProblemLoader Creating init config 
463302     DEBUG main            d.u.i.k.p.i.AbstractProblemLoader Init config took 2.26s 
463315     INFO  main            d.u.i.k.p.i.AbstractProblemLoader Replaying proof simplify5.key.proof 
463322     DEBUG main            d.u.i.k.p.i.IntermediateProofReplayer Proof replay took 5.41ms 
463322     DEBUG main            d.u.i.k.p.r.p.TestFile    ... success: reloaded. 
463323     INFO  main            d.u.i.k.p.r.p.TestFile    Now processing file /home/runner/work/key/key/key.core/../key.ui/examples/standard_key/polySimp/simplify6.key 
463323     INFO  main            d.u.i.k.p.i.AbstractProblemLoader Loading environment from /home/runner/work/key/key/key.core/../key.ui/examples/standard_key/polySimp/simplify6.key 
463323     DEBUG main            d.u.i.k.p.i.AbstractProblemLoader Environment load took 38.8ns 
463323     INFO  main            d.u.i.k.p.i.AbstractProblemLoader Creating init config 
465615     DEBUG main            d.u.i.k.p.i.AbstractProblemLoader Init config took 2.29s 
465628     INFO  main            d.u.i.k.p.i.AbstractProblemLoader Replaying proof simplify6.key 
465629     DEBUG main            d.u.i.k.p.i.IntermediateProofReplayer Proof replay took 2.4ns 
465731     INFO  main            d.u.i.k.p.r.p.TestFile    ... finished proof: closed. 
466202     INFO  main            d.u.i.k.p.i.AbstractProblemLoader Loading environment from /home/runner/work/key/key/key.core/../key.ui/examples/standard_key/polySimp/simplify6.key.proof 
466202     DEBUG main            d.u.i.k.p.i.AbstractProblemLoader Environment load took 63.4ns 
466203     INFO  main            d.u.i.k.p.i.AbstractProblemLoader Creating init config 
468468     DEBUG main            d.u.i.k.p.i.AbstractProblemLoader Init config took 2.26s 
468480     INFO  main            d.u.i.k.p.i.AbstractProblemLoader Replaying proof simplify6.key.proof 
468482     DEBUG main            d.u.i.k.p.i.IntermediateProofReplayer Proof replay took 287.1ns 
468482     DEBUG main            d.u.i.k.p.r.p.TestFile    ... success: reloaded. 
468483     INFO  main            d.u.i.k.p.r.p.TestFile    Now processing file /home/runner/work/key/key/key.core/../key.ui/examples/standard_key/polySimp/simplify7.key 
468483     INFO  main            d.u.i.k.p.i.AbstractProblemLoader Loading environment from /home/runner/work/key/key/key.core/../key.ui/examples/standard_key/polySimp/simplify7.key 
468483     DEBUG main            d.u.i.k.p.i.AbstractProblemLoader Environment load took 39.1ns 
468484     INFO  main            d.u.i.k.p.i.AbstractProblemLoader Creating init config 
470779     DEBUG main            d.u.i.k.p.i.AbstractProblemLoader Init config took 2.3s 
470791     INFO  main            d.u.i.k.p.i.AbstractProblemLoader Replaying proof simplify7.key 
470792     DEBUG main            d.u.i.k.p.i.IntermediateProofReplayer Proof replay took 2.4ns 
470893     INFO  main            d.u.i.k.p.r.p.TestFile    ... finished proof: closed. 
471361     INFO  main            d.u.i.k.p.i.AbstractProblemLoader Loading environment from /home/runner/work/key/key/key.core/../key.ui/examples/standard_key/polySimp/simplify7.key.proof 
471361     DEBUG main            d.u.i.k.p.i.AbstractProblemLoader Environment load took 67.6ns 
471362     INFO  main            d.u.i.k.p.i.AbstractProblemLoader Creating init config 
473622     DEBUG main            d.u.i.k.p.i.AbstractProblemLoader Init config took 2.26s 
473635     INFO  main            d.u.i.k.p.i.AbstractProblemLoader Replaying proof simplify7.key.proof 
473637     DEBUG main            d.u.i.k.p.i.IntermediateProofReplayer Proof replay took 559ns 
473637     DEBUG main            d.u.i.k.p.r.p.TestFile    ... success: reloaded. 
473638     INFO  main            d.u.i.k.p.r.p.TestFile    Now processing file /home/runner/work/key/key/key.core/../key.ui/examples/standard_key/polySimp/simplify8.key 
473638     INFO  main            d.u.i.k.p.i.AbstractProblemLoader Loading environment from /home/runner/work/key/key/key.core/../key.ui/examples/standard_key/polySimp/simplify8.key 
473638     DEBUG main            d.u.i.k.p.i.AbstractProblemLoader Environment load took 38ns 
473641     INFO  main            d.u.i.k.p.i.AbstractProblemLoader Creating init config 
475937     DEBUG main            d.u.i.k.p.i.AbstractProblemLoader Init config took 2.3s 
475950     INFO  main            d.u.i.k.p.i.AbstractProblemLoader Replaying proof simplify8.key 
475951     DEBUG main            d.u.i.k.p.i.IntermediateProofReplayer Proof replay took 2.8ns 
479707     INFO  main            d.u.i.k.p.r.p.TestFile    ... finished proof: closed. 
480205     INFO  main            d.u.i.k.p.i.AbstractProblemLoader Loading environment from /home/runner/work/key/key/key.core/../key.ui/examples/standard_key/polySimp/simplify8.key.proof 
480205     DEBUG main            d.u.i.k.p.i.AbstractProblemLoader Environment load took 78.2ns 
480207     INFO  main            d.u.i.k.p.i.AbstractProblemLoader Creating init config 
482492     DEBUG main            d.u.i.k.p.i.AbstractProblemLoader Init config took 2.28s 
482508     INFO  main            d.u.i.k.p.i.AbstractProblemLoader Replaying proof simplify8.key.proof 
482684     DEBUG main            d.u.i.k.p.i.IntermediateProofReplayer Proof replay took 172.54ms 
482686     DEBUG main            d.u.i.k.p.r.p.TestFile    ... success: reloaded. 
482687     INFO  main            d.u.i.k.p.r.p.TestFile    Now processing file /home/runner/work/key/key/key.core/../key.ui/examples/standard_key/polySimp/simplify9.key 
482687     INFO  main            d.u.i.k.p.i.AbstractProblemLoader Loading environment from /home/runner/work/key/key/key.core/../key.ui/examples/standard_key/polySimp/simplify9.key 
482687     DEBUG main            d.u.i.k.p.i.AbstractProblemLoader Environment load took 42.2ns 
482688     INFO  main            d.u.i.k.p.i.AbstractProblemLoader Creating init config 
485028     DEBUG main            d.u.i.k.p.i.AbstractProblemLoader Init config took 2.34s 
485040     INFO  main            d.u.i.k.p.i.AbstractProblemLoader Replaying proof simplify9.key 
485041     DEBUG main            d.u.i.k.p.i.IntermediateProofReplayer Proof replay took 2.2ns 
485243     INFO  main            d.u.i.k.p.r.p.TestFile    ... finished proof: closed. 
485782     INFO  main            d.u.i.k.p.i.AbstractProblemLoader Loading environment from /home/runner/work/key/key/key.core/../key.ui/examples/standard_key/polySimp/simplify9.key.proof 
485782     DEBUG main            d.u.i.k.p.i.AbstractProblemLoader Environment load took 69.6ns 
485783     INFO  main            d.u.i.k.p.i.AbstractProblemLoader Creating init config 
488061     DEBUG main            d.u.i.k.p.i.AbstractProblemLoader Init config took 2.28s 
488075     INFO  main            d.u.i.k.p.i.AbstractProblemLoader Replaying proof simplify9.key.proof 
488085     DEBUG main            d.u.i.k.p.i.IntermediateProofReplayer Proof replay took 9.14ms 
488086     DEBUG main            d.u.i.k.p.r.p.TestFile    ... success: reloaded. 
2781914    INFO  Test worker     d.u.i.k.p.r.RunAllProofsTestUnit Returning from test arithmetic 
2781915    INFO  Test worker     d.u.i.k.p.r.RunAllProofsTestUnit Running test arrays 
317        INFO  Timeout watchdog d.u.i.k.p.r.p.ForkedTestFileRunner Timeout watcher launched (2000 secs.) 
337        WARN  main            d.u.i.k.s.ProofSettings   The settings in /home/runner/.key/proof-settings.props are *not* read. 
380        INFO  main            d.u.i.k.p.r.p.TestFile    Now processing file /home/runner/work/key/key/key.core/../key.ui/examples/standard_key/arrays/arrayStoreException/array2DimPrim.key 
507        INFO  main            d.u.i.k.p.i.AbstractProblemLoader Loading environment from /home/runner/work/key/key/key.core/../key.ui/examples/standard_key/arrays/arrayStoreException/array2DimPrim.key 
523        DEBUG main            d.u.i.k.p.i.AbstractProblemLoader Environment load took 2.07ms 
780        INFO  main            d.u.i.k.p.i.AbstractProblemLoader Creating init config 
1633       DEBUG main            d.u.i.k.j.TypeConverter   No LDT found for Meta 
1634       DEBUG main            d.u.i.k.j.TypeConverter   No LDT found for Meta 
1635       DEBUG main            d.u.i.k.j.TypeConverter   No LDT found for Meta 
1636       DEBUG main            d.u.i.k.j.TypeConverter   No LDT found for Meta 
3049       DEBUG main            d.u.i.k.j.TypeConverter   No LDT found for JavaBigintExpression 
7460       DEBUG main            d.u.i.k.p.i.AbstractProblemLoader Init config took 6.68s 
7546       INFO  main            d.u.i.k.p.i.AbstractProblemLoader Replaying proof array2DimPrim.key 
7578       DEBUG main            d.u.i.k.p.i.IntermediateProofReplayer Proof replay took 32.3ns 
11282      INFO  main            d.u.i.k.p.r.p.TestFile    ... finished proof: closed. 
11471      INFO  main            d.u.i.k.p.i.AbstractProblemLoader Loading environment from /home/runner/work/key/key/key.core/../key.ui/examples/standard_key/arrays/arrayStoreException/array2DimPrim.key.proof 
11480      DEBUG main            d.u.i.k.p.i.AbstractProblemLoader Environment load took 8.55ms 
11484      INFO  main            d.u.i.k.p.i.AbstractProblemLoader Creating init config 
14143      DEBUG main            d.u.i.k.p.i.AbstractProblemLoader Init config took 2.66s 
14212      INFO  main            d.u.i.k.p.i.AbstractProblemLoader Replaying proof array2DimPrim.key.proof 
14826      DEBUG main            d.u.i.k.p.i.IntermediateProofReplayer Proof replay took 584.15ms 
14839      DEBUG main            d.u.i.k.p.r.p.TestFile    ... success: reloaded. 
14841      INFO  main            d.u.i.k.p.r.p.TestFile    Now processing file /home/runner/work/key/key/key.core/../key.ui/examples/standard_key/arrays/arrayStoreException/arrayStoreKnownDynType.key 
14841      INFO  main            d.u.i.k.p.i.AbstractProblemLoader Loading environment from /home/runner/work/key/key/key.core/../key.ui/examples/standard_key/arrays/arrayStoreException/arrayStoreKnownDynType.key 
14841      DEBUG main            d.u.i.k.p.i.AbstractProblemLoader Environment load took 211.8ns 
14843      INFO  main            d.u.i.k.p.i.AbstractProblemLoader Creating init config 
17346      DEBUG main            d.u.i.k.p.i.AbstractProblemLoader Init config took 2.5s 
17375      INFO  main            d.u.i.k.p.i.AbstractProblemLoader Replaying proof arrayStoreKnownDynType.key 
17379      DEBUG main            d.u.i.k.p.i.IntermediateProofReplayer Proof replay took 5.7ns 
17582      INFO  main            d.u.i.k.p.r.p.TestFile    ... finished proof: closed. 
17796      INFO  main            d.u.i.k.p.i.AbstractProblemLoader Loading environment from /home/runner/work/key/key/key.core/../key.ui/examples/standard_key/arrays/arrayStoreException/arrayStoreKnownDynType.key.proof 
17796      DEBUG main            d.u.i.k.p.i.AbstractProblemLoader Environment load took 124.8ns 
17800      INFO  main            d.u.i.k.p.i.AbstractProblemLoader Creating init config 
20194      DEBUG main            d.u.i.k.p.i.AbstractProblemLoader Init config took 2.39s 
20229      INFO  main            d.u.i.k.p.i.AbstractProblemLoader Replaying proof arrayStoreKnownDynType.key.proof 
20278      DEBUG main            d.u.i.k.p.i.IntermediateProofReplayer Proof replay took 42.6ms 
20280      DEBUG main            d.u.i.k.p.r.p.TestFile    ... success: reloaded. 
20282      INFO  main            d.u.i.k.p.r.p.TestFile    Now processing file /home/runner/work/key/key/key.core/../key.ui/examples/standard_key/arrays/arrayStoreException/reverseArray.key 
20282      INFO  main            d.u.i.k.p.i.AbstractProblemLoader Loading environment from /home/runner/work/key/key/key.core/../key.ui/examples/standard_key/arrays/arrayStoreException/reverseArray.key 
20282      DEBUG main            d.u.i.k.p.i.AbstractProblemLoader Environment load took 99.9ns 
20285      INFO  main            d.u.i.k.p.i.AbstractProblemLoader Creating init config 
22782      DEBUG main            d.u.i.k.p.i.AbstractProblemLoader Init config took 2.5s 
22803      INFO  main            d.u.i.k.p.i.AbstractProblemLoader Replaying proof reverseArray.key 
22805      DEBUG main            d.u.i.k.p.i.IntermediateProofReplayer Proof replay took 5.2ns 
23419      INFO  main            d.u.i.k.p.r.p.TestFile    ... finished proof: closed. 
23570      INFO  main            d.u.i.k.p.i.AbstractProblemLoader Loading environment from /home/runner/work/key/key/key.core/../key.ui/examples/standard_key/arrays/arrayStoreException/reverseArray.key.proof 
23571      DEBUG main            d.u.i.k.p.i.AbstractProblemLoader Environment load took 400.2ns 
23572      INFO  main            d.u.i.k.p.i.AbstractProblemLoader Creating init config 
25932      DEBUG main            d.u.i.k.p.i.AbstractProblemLoader Init config took 2.36s 
25954      INFO  main            d.u.i.k.p.i.AbstractProblemLoader Replaying proof reverseArray.key.proof 
26080      DEBUG main            d.u.i.k.p.i.IntermediateProofReplayer Proof replay took 120.63ms 
26082      DEBUG main            d.u.i.k.p.r.p.TestFile    ... success: reloaded. 
26083      INFO  main            d.u.i.k.p.r.p.TestFile    Now processing file /home/runner/work/key/key/key.core/../key.ui/examples/standard_key/arrays/arrayStoreException/throwArrayStoreException.key 
26084      INFO  main            d.u.i.k.p.i.AbstractProblemLoader Loading environment from /home/runner/work/key/key/key.core/../key.ui/examples/standard_key/arrays/arrayStoreException/throwArrayStoreException.key 
26084      DEBUG main            d.u.i.k.p.i.AbstractProblemLoader Environment load took 178.3ns 
26085      INFO  main            d.u.i.k.p.i.AbstractProblemLoader Creating init config 
28516      DEBUG main            d.u.i.k.p.i.AbstractProblemLoader Init config took 2.43s 
28539      INFO  main            d.u.i.k.p.i.AbstractProblemLoader Replaying proof throwArrayStoreException.key 
28541      DEBUG main            d.u.i.k.p.i.IntermediateProofReplayer Proof replay took 6ns 
28947      INFO  main            d.u.i.k.p.r.p.TestFile    ... finished proof: closed. 
29158      INFO  main            d.u.i.k.p.i.AbstractProblemLoader Loading environment from /home/runner/work/key/key/key.core/../key.ui/examples/standard_key/arrays/arrayStoreException/throwArrayStoreException.key.proof 
29159      DEBUG main            d.u.i.k.p.i.AbstractProblemLoader Environment load took 454.6ns 
29160      INFO  main            d.u.i.k.p.i.AbstractProblemLoader Creating init config 
31516      DEBUG main            d.u.i.k.p.i.AbstractProblemLoader Init config took 2.36s 
31536      INFO  main            d.u.i.k.p.i.AbstractProblemLoader Replaying proof throwArrayStoreException.key.proof 
31615      DEBUG main            d.u.i.k.p.i.IntermediateProofReplayer Proof replay took 75.59ms 
31616      DEBUG main            d.u.i.k.p.r.p.TestFile    ... success: reloaded. 
31617      INFO  main            d.u.i.k.p.r.p.TestFile    Now processing file /home/runner/work/key/key/key.core/../key.ui/examples/standard_key/arrays/creation/arrayCreation1.key 
31617      INFO  main            d.u.i.k.p.i.AbstractProblemLoader Loading environment from /home/runner/work/key/key/key.core/../key.ui/examples/standard_key/arrays/creation/arrayCreation1.key 
31618      DEBUG main            d.u.i.k.p.i.AbstractProblemLoader Environment load took 86.4ns 
31618      INFO  main            d.u.i.k.p.i.AbstractProblemLoader Creating init config 
33975      DEBUG main            d.u.i.k.p.i.AbstractProblemLoader Init config took 2.36s 
33994      INFO  main            d.u.i.k.p.i.AbstractProblemLoader Replaying proof arrayCreation1.key 
33996      DEBUG main            d.u.i.k.p.i.IntermediateProofReplayer Proof replay took 5.5ns 
34098      INFO  main            d.u.i.k.p.r.p.TestFile    ... finished proof: closed. 
34259      INFO  main            d.u.i.k.p.i.AbstractProblemLoader Loading environment from /home/runner/work/key/key/key.core/../key.ui/examples/standard_key/arrays/creation/arrayCreation1.key.proof 
34259      DEBUG main            d.u.i.k.p.i.AbstractProblemLoader Environment load took 121.3ns 
34260      INFO  main            d.u.i.k.p.i.AbstractProblemLoader Creating init config 
36564      DEBUG main            d.u.i.k.p.i.AbstractProblemLoader Init config took 2.3s 
36583      INFO  main            d.u.i.k.p.i.AbstractProblemLoader Replaying proof arrayCreation1.key.proof 
36607      DEBUG main            d.u.i.k.p.i.IntermediateProofReplayer Proof replay took 21.35ms 
36608      DEBUG main            d.u.i.k.p.r.p.TestFile    ... success: reloaded. 
36609      INFO  main            d.u.i.k.p.r.p.TestFile    Now processing file /home/runner/work/key/key/key.core/../key.ui/examples/standard_key/arrays/arrayStoreException/array2Dim.key 
36610      INFO  main            d.u.i.k.p.i.AbstractProblemLoader Loading environment from /home/runner/work/key/key/key.core/../key.ui/examples/standard_key/arrays/arrayStoreException/array2Dim.key 
36610      DEBUG main            d.u.i.k.p.i.AbstractProblemLoader Environment load took 204.3ns 
36611      INFO  main            d.u.i.k.p.i.AbstractProblemLoader Creating init config 
38934      DEBUG main            d.u.i.k.p.i.AbstractProblemLoader Init config took 2.32s 
38965      INFO  main            d.u.i.k.p.i.AbstractProblemLoader Replaying proof array2Dim.key 
38966      DEBUG main            d.u.i.k.p.i.IntermediateProofReplayer Proof replay took 18.5ns 
42340      INFO  main            d.u.i.k.p.r.p.TestFile    ... finished proof: open goal(s) 
42582      INFO  main            d.u.i.k.p.r.p.TestFile    Now processing file /home/runner/work/key/key/key.core/../key.ui/examples/standard_key/arrays/arrayStoreException/array2DimClose.key 
42582      INFO  main            d.u.i.k.p.i.AbstractProblemLoader Loading environment from /home/runner/work/key/key/key.core/../key.ui/examples/standard_key/arrays/arrayStoreException/array2DimClose.key 
42583      DEBUG main            d.u.i.k.p.i.AbstractProblemLoader Environment load took 54.4ns 
42584      INFO  main            d.u.i.k.p.i.AbstractProblemLoader Creating init config 
44836      DEBUG main            d.u.i.k.p.i.AbstractProblemLoader Init config took 2.25s 
44855      INFO  main            d.u.i.k.p.i.AbstractProblemLoader Replaying proof array2DimClose.key 
44856      DEBUG main            d.u.i.k.p.i.IntermediateProofReplayer Proof replay took 10.1ns 
47074      INFO  main            d.u.i.k.p.r.p.TestFile    ... finished proof: open goal(s) 
47388      INFO  main            d.u.i.k.p.r.p.TestFile    Now processing file /home/runner/work/key/key/key.core/../key.ui/examples/standard_key/arrays/arrayStoreException/throwASEForPrim.key 
47388      INFO  main            d.u.i.k.p.i.AbstractProblemLoader Loading environment from /home/runner/work/key/key/key.core/../key.ui/examples/standard_key/arrays/arrayStoreException/throwASEForPrim.key 
47388      DEBUG main            d.u.i.k.p.i.AbstractProblemLoader Environment load took 97.4ns 
47389      INFO  main            d.u.i.k.p.i.AbstractProblemLoader Creating init config 
49679      DEBUG main            d.u.i.k.p.i.AbstractProblemLoader Init config took 2.29s 
49697      INFO  main            d.u.i.k.p.i.AbstractProblemLoader Replaying proof throwASEForPrim.key 
49699      DEBUG main            d.u.i.k.p.i.IntermediateProofReplayer Proof replay took 5.2ns 
54235      INFO  main            d.u.i.k.p.r.p.TestFile    ... finished proof: open goal(s) 
2836495    INFO  Test worker     d.u.i.k.p.r.RunAllProofsTestUnit Returning from test arrays 
2836496    INFO  Test worker     d.u.i.k.p.r.RunAllProofsTestUnit Running test javadl 
325        INFO  Timeout watchdog d.u.i.k.p.r.p.ForkedTestFileRunner Timeout watcher launched (2000 secs.) 
337        WARN  main            d.u.i.k.s.ProofSettings   The settings in /home/runner/.key/proof-settings.props are *not* read. 
385        INFO  main            d.u.i.k.p.r.p.TestFile    Now processing file /home/runner/work/key/key/key.core/../key.ui/examples/standard_key/instanceCreation/instanceCreation1.key 
512        INFO  main            d.u.i.k.p.i.AbstractProblemLoader Loading environment from /home/runner/work/key/key/key.core/../key.ui/examples/standard_key/instanceCreation/instanceCreation1.key 
536        DEBUG main            d.u.i.k.p.i.AbstractProblemLoader Environment load took 1.81ms 
779        INFO  main            d.u.i.k.p.i.AbstractProblemLoader Creating init config 
1838       DEBUG main            d.u.i.k.j.TypeConverter   No LDT found for Meta 
1839       DEBUG main            d.u.i.k.j.TypeConverter   No LDT found for Meta 
1842       DEBUG main            d.u.i.k.j.TypeConverter   No LDT found for Meta 
1842       DEBUG main            d.u.i.k.j.TypeConverter   No LDT found for Meta 
3436       DEBUG main            d.u.i.k.j.TypeConverter   No LDT found for JavaBigintExpression 
8333       DEBUG main            d.u.i.k.p.i.AbstractProblemLoader Init config took 7.55s 
8393       INFO  main            d.u.i.k.p.i.AbstractProblemLoader Replaying proof instanceCreation1.key 
8423       DEBUG main            d.u.i.k.p.i.IntermediateProofReplayer Proof replay took 34.1ns 
9455       INFO  main            d.u.i.k.p.r.p.TestFile    ... finished proof: closed. 
9566       INFO  main            d.u.i.k.p.i.AbstractProblemLoader Loading environment from /home/runner/work/key/key/key.core/../key.ui/examples/standard_key/instanceCreation/instanceCreation1.key.proof 
9567       DEBUG main            d.u.i.k.p.i.AbstractProblemLoader Environment load took 833.8ns 
9574       INFO  main            d.u.i.k.p.i.AbstractProblemLoader Creating init config 
12311      DEBUG main            d.u.i.k.p.i.AbstractProblemLoader Init config took 2.74s 
12363      INFO  main            d.u.i.k.p.i.AbstractProblemLoader Replaying proof instanceCreation1.key.proof 
12464      DEBUG main            d.u.i.k.p.i.IntermediateProofReplayer Proof replay took 95.07ms 
12482      DEBUG main            d.u.i.k.p.r.p.TestFile    ... success: reloaded. 
12483      INFO  main            d.u.i.k.p.r.p.TestFile    Now processing file /home/runner/work/key/key/key.core/../key.ui/examples/standard_key/instanceCreation/instanceCreation2.key 
12483      INFO  main            d.u.i.k.p.i.AbstractProblemLoader Loading environment from /home/runner/work/key/key/key.core/../key.ui/examples/standard_key/instanceCreation/instanceCreation2.key 
12483      DEBUG main            d.u.i.k.p.i.AbstractProblemLoader Environment load took 89.9ns 
12494      INFO  main            d.u.i.k.p.i.AbstractProblemLoader Creating init config 
15146      DEBUG main            d.u.i.k.p.i.AbstractProblemLoader Init config took 2.65s 
15176      INFO  main            d.u.i.k.p.i.AbstractProblemLoader Replaying proof instanceCreation2.key 
15178      DEBUG main            d.u.i.k.p.i.IntermediateProofReplayer Proof replay took 5.4ns 
15693      INFO  main            d.u.i.k.p.r.p.TestFile    ... finished proof: closed. 
15895      INFO  main            d.u.i.k.p.i.AbstractProblemLoader Loading environment from /home/runner/work/key/key/key.core/../key.ui/examples/standard_key/instanceCreation/instanceCreation2.key.proof 
15895      DEBUG main            d.u.i.k.p.i.AbstractProblemLoader Environment load took 379ns 
15897      INFO  main            d.u.i.k.p.i.AbstractProblemLoader Creating init config 
18376      DEBUG main            d.u.i.k.p.i.AbstractProblemLoader Init config took 2.48s 
18399      INFO  main            d.u.i.k.p.i.AbstractProblemLoader Replaying proof instanceCreation2.key.proof 
18495      DEBUG main            d.u.i.k.p.i.IntermediateProofReplayer Proof replay took 91.48ms 
18497      DEBUG main            d.u.i.k.p.r.p.TestFile    ... success: reloaded. 
18498      INFO  main            d.u.i.k.p.r.p.TestFile    Now processing file /home/runner/work/key/key/key.core/../key.ui/examples/standard_key/instanceCreation/interfacesAndAbstractClassesHaveNoInstances.key 
18498      INFO  main            d.u.i.k.p.i.AbstractProblemLoader Loading environment from /home/runner/work/key/key/key.core/../key.ui/examples/standard_key/instanceCreation/interfacesAndAbstractClassesHaveNoInstances.key 
18499      DEBUG main            d.u.i.k.p.i.AbstractProblemLoader Environment load took 190ns 
18500      INFO  main            d.u.i.k.p.i.AbstractProblemLoader Creating init config 
21007      DEBUG main            d.u.i.k.p.i.AbstractProblemLoader Init config took 2.51s 
21028      INFO  main            d.u.i.k.p.i.AbstractProblemLoader Replaying proof interfacesAndAbstractClassesHaveNoInstances.key 
21030      DEBUG main            d.u.i.k.p.i.IntermediateProofReplayer Proof replay took 5ns 
21135      INFO  main            d.u.i.k.p.r.p.TestFile    ... finished proof: closed. 
21273      INFO  main            d.u.i.k.p.i.AbstractProblemLoader Loading environment from /home/runner/work/key/key/key.core/../key.ui/examples/standard_key/instanceCreation/interfacesAndAbstractClassesHaveNoInstances.key.proof 
21273      DEBUG main            d.u.i.k.p.i.AbstractProblemLoader Environment load took 107.1ns 
21274      INFO  main            d.u.i.k.p.i.AbstractProblemLoader Creating init config 
23663      DEBUG main            d.u.i.k.p.i.AbstractProblemLoader Init config took 2.39s 
23682      INFO  main            d.u.i.k.p.i.AbstractProblemLoader Replaying proof interfacesAndAbstractClassesHaveNoInstances.key.proof 
23685      DEBUG main            d.u.i.k.p.i.IntermediateProofReplayer Proof replay took 1.06ms 
23686      DEBUG main            d.u.i.k.p.r.p.TestFile    ... success: reloaded. 
23687      INFO  main            d.u.i.k.p.r.p.TestFile    Now processing file /home/runner/work/key/key/key.core/../key.ui/examples/standard_key/instanceCreation/successiveCreatedObjectsAreDistinct.key 
23687      INFO  main            d.u.i.k.p.i.AbstractProblemLoader Loading environment from /home/runner/work/key/key/key.core/../key.ui/examples/standard_key/instanceCreation/successiveCreatedObjectsAreDistinct.key 
23687      DEBUG main            d.u.i.k.p.i.AbstractProblemLoader Environment load took 79.9ns 
23688      INFO  main            d.u.i.k.p.i.AbstractProblemLoader Creating init config 
26178      DEBUG main            d.u.i.k.p.i.AbstractProblemLoader Init config took 2.49s 
26199      INFO  main            d.u.i.k.p.i.AbstractProblemLoader Replaying proof successiveCreatedObjectsAreDistinct.key 
26201      DEBUG main            d.u.i.k.p.i.IntermediateProofReplayer Proof replay took 5.4ns 
26604      INFO  main            d.u.i.k.p.r.p.TestFile    ... finished proof: closed. 
26752      INFO  main            d.u.i.k.p.i.AbstractProblemLoader Loading environment from /home/runner/work/key/key/key.core/../key.ui/examples/standard_key/instanceCreation/successiveCreatedObjectsAreDistinct.key.proof 
26753      DEBUG main            d.u.i.k.p.i.AbstractProblemLoader Environment load took 803.8ns 
26754      INFO  main            d.u.i.k.p.i.AbstractProblemLoader Creating init config 
29170      DEBUG main            d.u.i.k.p.i.AbstractProblemLoader Init config took 2.42s 
29190      INFO  main            d.u.i.k.p.i.AbstractProblemLoader Replaying proof successiveCreatedObjectsAreDistinct.key.proof 
29254      DEBUG main            d.u.i.k.p.i.IntermediateProofReplayer Proof replay took 60.23ms 
29255      DEBUG main            d.u.i.k.p.r.p.TestFile    ... success: reloaded. 
29256      INFO  main            d.u.i.k.p.r.p.TestFile    Now processing file /home/runner/work/key/key/key.core/../key.ui/examples/standard_key/instanceCreation/testOverloadingConstructors.key 
29256      INFO  main            d.u.i.k.p.i.AbstractProblemLoader Loading environment from /home/runner/work/key/key/key.core/../key.ui/examples/standard_key/instanceCreation/testOverloadingConstructors.key 
29256      DEBUG main            d.u.i.k.p.i.AbstractProblemLoader Environment load took 83.4ns 
29257      INFO  main            d.u.i.k.p.i.AbstractProblemLoader Creating init config 
31650      DEBUG main            d.u.i.k.p.i.AbstractProblemLoader Init config took 2.39s 
31691      INFO  main            d.u.i.k.p.i.AbstractProblemLoader Replaying proof testOverloadingConstructors.key 
31694      DEBUG main            d.u.i.k.p.i.IntermediateProofReplayer Proof replay took 5.9ns 
31997      INFO  main            d.u.i.k.p.r.p.TestFile    ... finished proof: closed. 
32146      INFO  main            d.u.i.k.p.i.AbstractProblemLoader Loading environment from /home/runner/work/key/key/key.core/../key.ui/examples/standard_key/instanceCreation/testOverloadingConstructors.key.proof 
32146      DEBUG main            d.u.i.k.p.i.AbstractProblemLoader Environment load took 112.7ns 
32150      INFO  main            d.u.i.k.p.i.AbstractProblemLoader Creating init config 
34586      DEBUG main            d.u.i.k.p.i.AbstractProblemLoader Init config took 2.44s 
34606      INFO  main            d.u.i.k.p.i.AbstractProblemLoader Replaying proof testOverloadingConstructors.key.proof 
34655      DEBUG main            d.u.i.k.p.i.IntermediateProofReplayer Proof replay took 46.29ms 
34657      DEBUG main            d.u.i.k.p.r.p.TestFile    ... success: reloaded. 
34658      INFO  main            d.u.i.k.p.r.p.TestFile    Now processing file /home/runner/work/key/key/key.core/../key.ui/examples/standard_key/java_dl/SimpleAttributes.key 
34658      INFO  main            d.u.i.k.p.i.AbstractProblemLoader Loading environment from /home/runner/work/key/key/key.core/../key.ui/examples/standard_key/java_dl/SimpleAttributes.key 
34658      DEBUG main            d.u.i.k.p.i.AbstractProblemLoader Environment load took 182ns 
34659      INFO  main            d.u.i.k.p.i.AbstractProblemLoader Creating init config 
37010      DEBUG main            d.u.i.k.p.i.AbstractProblemLoader Init config took 2.35s 
37030      INFO  main            d.u.i.k.p.i.AbstractProblemLoader Replaying proof SimpleAttributes.key 
37032      DEBUG main            d.u.i.k.p.i.IntermediateProofReplayer Proof replay took 5.7ns 
37136      INFO  main            d.u.i.k.p.r.p.TestFile    ... finished proof: closed. 
37305      INFO  main            d.u.i.k.p.i.AbstractProblemLoader Loading environment from /home/runner/work/key/key/key.core/../key.ui/examples/standard_key/java_dl/SimpleAttributes.key.proof 
37305      DEBUG main            d.u.i.k.p.i.AbstractProblemLoader Environment load took 108.3ns 
37306      INFO  main            d.u.i.k.p.i.AbstractProblemLoader Creating init config 
39619      DEBUG main            d.u.i.k.p.i.AbstractProblemLoader Init config took 2.31s 
39639      INFO  main            d.u.i.k.p.i.AbstractProblemLoader Replaying proof SimpleAttributes.key.proof 
39669      DEBUG main            d.u.i.k.p.i.IntermediateProofReplayer Proof replay took 25.78ms 
39670      DEBUG main            d.u.i.k.p.r.p.TestFile    ... success: reloaded. 
39671      INFO  main            d.u.i.k.p.r.p.TestFile    Now processing file /home/runner/work/key/key/key.core/../key.ui/examples/standard_key/java_dl/arrayMax.key 
39671      INFO  main            d.u.i.k.p.i.AbstractProblemLoader Loading environment from /home/runner/work/key/key/key.core/../key.ui/examples/standard_key/java_dl/arrayMax.key 
39672      DEBUG main            d.u.i.k.p.i.AbstractProblemLoader Environment load took 176.8ns 
39674      INFO  main            d.u.i.k.p.i.AbstractProblemLoader Creating init config 
42053      DEBUG main            d.u.i.k.p.i.AbstractProblemLoader Init config took 2.38s 
42072      INFO  main            d.u.i.k.p.i.AbstractProblemLoader Replaying proof arrayMax.key 
42074      DEBUG main            d.u.i.k.p.i.IntermediateProofReplayer Proof replay took 5.9ns 
43180      INFO  main            d.u.i.k.p.r.p.TestFile    ... finished proof: closed. 
43379      INFO  main            d.u.i.k.p.i.AbstractProblemLoader Loading environment from /home/runner/work/key/key/key.core/../key.ui/examples/standard_key/java_dl/arrayMax.key.proof 
43381      DEBUG main            d.u.i.k.p.i.AbstractProblemLoader Environment load took 1.24ms 
43382      INFO  main            d.u.i.k.p.i.AbstractProblemLoader Creating init config 
45708      DEBUG main            d.u.i.k.p.i.AbstractProblemLoader Init config took 2.33s 
45728      INFO  main            d.u.i.k.p.i.AbstractProblemLoader Replaying proof arrayMax.key.proof 
45978      DEBUG main            d.u.i.k.p.i.IntermediateProofReplayer Proof replay took 243.33ms 
45979      DEBUG main            d.u.i.k.p.r.p.TestFile    ... success: reloaded. 
45980      INFO  main            d.u.i.k.p.r.p.TestFile    Now processing file /home/runner/work/key/key/key.core/../key.ui/examples/standard_key/java_dl/arrayUpdateSimp.key 
45980      INFO  main            d.u.i.k.p.i.AbstractProblemLoader Loading environment from /home/runner/work/key/key/key.core/../key.ui/examples/standard_key/java_dl/arrayUpdateSimp.key 
45981      DEBUG main            d.u.i.k.p.i.AbstractProblemLoader Environment load took 120.2ns 
45983      INFO  main            d.u.i.k.p.i.AbstractProblemLoader Creating init config 
46006      WARN  main            d.u.i.k.j.r.KeYCrossReferenceNameInfo Datatype java.io.PrintStream declared twice: Once in FILE:/home/runner/work/key/key/key.core/../key.ui/examples/standard_key/java_dl/./classpath/PrintStream.java and once in URL:file:/home/runner/work/key/key/key.core/build/resources/main/de/uka/ilkd/key/java/JavaRedux/java/io/PrintStream.java, Keeping one from URL:file:/home/runner/work/key/key/key.core/build/resources/main/de/uka/ilkd/key/java/JavaRedux/java/io/PrintStream.java 
46007      WARN  main            d.u.i.k.j.r.KeYCrossReferenceNameInfo Datatype java.lang.System declared twice: Once in FILE:/home/runner/work/key/key/key.core/../key.ui/examples/standard_key/java_dl/./classpath/System.java and once in URL:file:/home/runner/work/key/key/key.core/build/resources/main/de/uka/ilkd/key/java/JavaRedux/java/lang/System.java, Keeping one from URL:file:/home/runner/work/key/key/key.core/build/resources/main/de/uka/ilkd/key/java/JavaRedux/java/lang/System.java 
46007      WARN  main            d.u.i.k.j.r.KeYCrossReferenceNameInfo Datatype java.io.InputStream declared twice: Once in FILE:/home/runner/work/key/key/key.core/../key.ui/examples/standard_key/java_dl/./classpath/InputStream.java and once in URL:file:/home/runner/work/key/key/key.core/build/resources/main/de/uka/ilkd/key/java/JavaRedux/java/io/InputStream.java, Keeping one from URL:file:/home/runner/work/key/key/key.core/build/resources/main/de/uka/ilkd/key/java/JavaRedux/java/io/InputStream.java 
46012      DEBUG main            d.u.i.k.j.r.ClassFileDeclarationBuilder Parsing: package java.io; public class Closeable { } 
46012      DEBUG main            r.s.KeYCrossReferenceSourceInfo Dynamically created class: java.io.Closeable 
48428      DEBUG main            d.u.i.k.p.i.AbstractProblemLoader Init config took 2.44s 
48447      INFO  main            d.u.i.k.p.i.AbstractProblemLoader Replaying proof arrayUpdateSimp.key 
48448      DEBUG main            d.u.i.k.p.i.IntermediateProofReplayer Proof replay took 6.3ns 
48550      INFO  main            d.u.i.k.p.r.p.TestFile    ... finished proof: closed. 
48745      INFO  main            d.u.i.k.p.i.AbstractProblemLoader Loading environment from /home/runner/work/key/key/key.core/../key.ui/examples/standard_key/java_dl/arrayUpdateSimp.key.proof 
48746      DEBUG main            d.u.i.k.p.i.AbstractProblemLoader Environment load took 108.8ns 
48749      INFO  main            d.u.i.k.p.i.AbstractProblemLoader Creating init config 
48771      WARN  main            d.u.i.k.j.r.KeYCrossReferenceNameInfo Datatype java.io.PrintStream declared twice: Once in FILE:/home/runner/work/key/key/key.core/../key.ui/examples/standard_key/java_dl/classpath/PrintStream.java and once in URL:file:/home/runner/work/key/key/key.core/build/resources/main/de/uka/ilkd/key/java/JavaRedux/java/io/PrintStream.java, Keeping one from URL:file:/home/runner/work/key/key/key.core/build/resources/main/de/uka/ilkd/key/java/JavaRedux/java/io/PrintStream.java 
48772      WARN  main            d.u.i.k.j.r.KeYCrossReferenceNameInfo Datatype java.lang.System declared twice: Once in FILE:/home/runner/work/key/key/key.core/../key.ui/examples/standard_key/java_dl/classpath/System.java and once in URL:file:/home/runner/work/key/key/key.core/build/resources/main/de/uka/ilkd/key/java/JavaRedux/java/lang/System.java, Keeping one from URL:file:/home/runner/work/key/key/key.core/build/resources/main/de/uka/ilkd/key/java/JavaRedux/java/lang/System.java 
48772      WARN  main            d.u.i.k.j.r.KeYCrossReferenceNameInfo Datatype java.io.InputStream declared twice: Once in FILE:/home/runner/work/key/key/key.core/../key.ui/examples/standard_key/java_dl/classpath/InputStream.java and once in URL:file:/home/runner/work/key/key/key.core/build/resources/main/de/uka/ilkd/key/java/JavaRedux/java/io/InputStream.java, Keeping one from URL:file:/home/runner/work/key/key/key.core/build/resources/main/de/uka/ilkd/key/java/JavaRedux/java/io/InputStream.java 
48775      DEBUG main            d.u.i.k.j.r.ClassFileDeclarationBuilder Parsing: package java.io; public class Closeable { } 
48775      DEBUG main            r.s.KeYCrossReferenceSourceInfo Dynamically created class: java.io.Closeable 
51202      DEBUG main            d.u.i.k.p.i.AbstractProblemLoader Init config took 2.45s 
51223      INFO  main            d.u.i.k.p.i.AbstractProblemLoader Replaying proof arrayUpdateSimp.key.proof 
51225      DEBUG main            d.u.i.k.p.i.IntermediateProofReplayer Proof replay took 501.6ns 
51227      DEBUG main            d.u.i.k.p.r.p.TestFile    ... success: reloaded. 
51228      INFO  main            d.u.i.k.p.r.p.TestFile    Now processing file /home/runner/work/key/key/key.core/../key.ui/examples/standard_key/java_dl/attributes.key 
51228      INFO  main            d.u.i.k.p.i.AbstractProblemLoader Loading environment from /home/runner/work/key/key/key.core/../key.ui/examples/standard_key/java_dl/attributes.key 
51229      DEBUG main            d.u.i.k.p.i.AbstractProblemLoader Environment load took 169.7ns 
51230      INFO  main            d.u.i.k.p.i.AbstractProblemLoader Creating init config 
53572      DEBUG main            d.u.i.k.p.i.AbstractProblemLoader Init config took 2.34s 
53588      INFO  main            d.u.i.k.p.i.AbstractProblemLoader Replaying proof attributes.key 
53590      DEBUG main            d.u.i.k.p.i.IntermediateProofReplayer Proof replay took 5.6ns 
53792      INFO  main            d.u.i.k.p.r.p.TestFile    ... finished proof: closed. 
54013      INFO  main            d.u.i.k.p.i.AbstractProblemLoader Loading environment from /home/runner/work/key/key/key.core/../key.ui/examples/standard_key/java_dl/attributes.key.proof 
54014      DEBUG main            d.u.i.k.p.i.AbstractProblemLoader Environment load took 105.2ns 
54015      INFO  main            d.u.i.k.p.i.AbstractProblemLoader Creating init config 
56360      DEBUG main            d.u.i.k.p.i.AbstractProblemLoader Init config took 2.35s 
56378      INFO  main            d.u.i.k.p.i.AbstractProblemLoader Replaying proof attributes.key.proof 
56414      DEBUG main            d.u.i.k.p.i.IntermediateProofReplayer Proof replay took 32.58ms 
56415      DEBUG main            d.u.i.k.p.r.p.TestFile    ... success: reloaded. 
56417      INFO  main            d.u.i.k.p.r.p.TestFile    Now processing file /home/runner/work/key/key/key.core/../key.ui/examples/standard_key/java_dl/break.key 
56417      INFO  main            d.u.i.k.p.i.AbstractProblemLoader Loading environment from /home/runner/work/key/key/key.core/../key.ui/examples/standard_key/java_dl/break.key 
56418      DEBUG main            d.u.i.k.p.i.AbstractProblemLoader Environment load took 172.4ns 
56419      INFO  main            d.u.i.k.p.i.AbstractProblemLoader Creating init config 
56443      WARN  main            d.u.i.k.j.r.KeYCrossReferenceNameInfo Datatype java.io.PrintStream declared twice: Once in FILE:/home/runner/work/key/key/key.core/../key.ui/examples/standard_key/java_dl/classpath/PrintStream.java and once in URL:file:/home/runner/work/key/key/key.core/build/resources/main/de/uka/ilkd/key/java/JavaRedux/java/io/PrintStream.java, Keeping one from URL:file:/home/runner/work/key/key/key.core/build/resources/main/de/uka/ilkd/key/java/JavaRedux/java/io/PrintStream.java 
56443      WARN  main            d.u.i.k.j.r.KeYCrossReferenceNameInfo Datatype java.lang.System declared twice: Once in FILE:/home/runner/work/key/key/key.core/../key.ui/examples/standard_key/java_dl/classpath/System.java and once in URL:file:/home/runner/work/key/key/key.core/build/resources/main/de/uka/ilkd/key/java/JavaRedux/java/lang/System.java, Keeping one from URL:file:/home/runner/work/key/key/key.core/build/resources/main/de/uka/ilkd/key/java/JavaRedux/java/lang/System.java 
56443      WARN  main            d.u.i.k.j.r.KeYCrossReferenceNameInfo Datatype java.io.InputStream declared twice: Once in FILE:/home/runner/work/key/key/key.core/../key.ui/examples/standard_key/java_dl/classpath/InputStream.java and once in URL:file:/home/runner/work/key/key/key.core/build/resources/main/de/uka/ilkd/key/java/JavaRedux/java/io/InputStream.java, Keeping one from URL:file:/home/runner/work/key/key/key.core/build/resources/main/de/uka/ilkd/key/java/JavaRedux/java/io/InputStream.java 
56446      DEBUG main            d.u.i.k.j.r.ClassFileDeclarationBuilder Parsing: package java.io; public class Closeable { } 
56447      DEBUG main            r.s.KeYCrossReferenceSourceInfo Dynamically created class: java.io.Closeable 
58792      DEBUG main            d.u.i.k.p.i.AbstractProblemLoader Init config took 2.37s 
58809      INFO  main            d.u.i.k.p.i.AbstractProblemLoader Replaying proof break.key 
58811      DEBUG main            d.u.i.k.p.i.IntermediateProofReplayer Proof replay took 5.6ns 
58915      INFO  main            d.u.i.k.p.r.p.TestFile    ... finished proof: closed. 
59093      INFO  main            d.u.i.k.p.i.AbstractProblemLoader Loading environment from /home/runner/work/key/key/key.core/../key.ui/examples/standard_key/java_dl/break.key.proof 
59093      DEBUG main            d.u.i.k.p.i.AbstractProblemLoader Environment load took 104.1ns 
59094      INFO  main            d.u.i.k.p.i.AbstractProblemLoader Creating init config 
59138      WARN  main            d.u.i.k.j.r.KeYCrossReferenceNameInfo Datatype java.io.PrintStream declared twice: Once in FILE:/home/runner/work/key/key/key.core/../key.ui/examples/standard_key/java_dl/classpath/PrintStream.java and once in URL:file:/home/runner/work/key/key/key.core/build/resources/main/de/uka/ilkd/key/java/JavaRedux/java/io/PrintStream.java, Keeping one from URL:file:/home/runner/work/key/key/key.core/build/resources/main/de/uka/ilkd/key/java/JavaRedux/java/io/PrintStream.java 
59138      WARN  main            d.u.i.k.j.r.KeYCrossReferenceNameInfo Datatype java.lang.System declared twice: Once in FILE:/home/runner/work/key/key/key.core/../key.ui/examples/standard_key/java_dl/classpath/System.java and once in URL:file:/home/runner/work/key/key/key.core/build/resources/main/de/uka/ilkd/key/java/JavaRedux/java/lang/System.java, Keeping one from URL:file:/home/runner/work/key/key/key.core/build/resources/main/de/uka/ilkd/key/java/JavaRedux/java/lang/System.java 
59138      WARN  main            d.u.i.k.j.r.KeYCrossReferenceNameInfo Datatype java.io.InputStream declared twice: Once in FILE:/home/runner/work/key/key/key.core/../key.ui/examples/standard_key/java_dl/classpath/InputStream.java and once in URL:file:/home/runner/work/key/key/key.core/build/resources/main/de/uka/ilkd/key/java/JavaRedux/java/io/InputStream.java, Keeping one from URL:file:/home/runner/work/key/key/key.core/build/resources/main/de/uka/ilkd/key/java/JavaRedux/java/io/InputStream.java 
59142      DEBUG main            d.u.i.k.j.r.ClassFileDeclarationBuilder Parsing: package java.io; public class Closeable { } 
59142      DEBUG main            r.s.KeYCrossReferenceSourceInfo Dynamically created class: java.io.Closeable 
61469      DEBUG main            d.u.i.k.p.i.AbstractProblemLoader Init config took 2.37s 
61484      INFO  main            d.u.i.k.p.i.AbstractProblemLoader Replaying proof break.key.proof 
61494      DEBUG main            d.u.i.k.p.i.IntermediateProofReplayer Proof replay took 7.51ms 
61495      DEBUG main            d.u.i.k.p.r.p.TestFile    ... success: reloaded. 
61496      INFO  main            d.u.i.k.p.r.p.TestFile    Now processing file /home/runner/work/key/key/key.core/../key.ui/examples/standard_key/java_dl/char.key 
61496      INFO  main            d.u.i.k.p.i.AbstractProblemLoader Loading environment from /home/runner/work/key/key/key.core/../key.ui/examples/standard_key/java_dl/char.key 
61497      DEBUG main            d.u.i.k.p.i.AbstractProblemLoader Environment load took 174.5ns 
61497      INFO  main            d.u.i.k.p.i.AbstractProblemLoader Creating init config 
63795      DEBUG main            d.u.i.k.p.i.AbstractProblemLoader Init config took 2.3s 
63811      INFO  main            d.u.i.k.p.i.AbstractProblemLoader Replaying proof char.key 
63812      DEBUG main            d.u.i.k.p.i.IntermediateProofReplayer Proof replay took 5.9ns 
63914      INFO  main            d.u.i.k.p.r.p.TestFile    ... finished proof: closed. 
64111      INFO  main            d.u.i.k.p.i.AbstractProblemLoader Loading environment from /home/runner/work/key/key/key.core/../key.ui/examples/standard_key/java_dl/char.key.proof 
64111      DEBUG main            d.u.i.k.p.i.AbstractProblemLoader Environment load took 104.2ns 
64112      INFO  main            d.u.i.k.p.i.AbstractProblemLoader Creating init config 
66370      DEBUG main            d.u.i.k.p.i.AbstractProblemLoader Init config took 2.26s 
66385      INFO  main            d.u.i.k.p.i.AbstractProblemLoader Replaying proof char.key.proof 
66389      DEBUG main            d.u.i.k.p.i.IntermediateProofReplayer Proof replay took 2.39ms 
66390      DEBUG main            d.u.i.k.p.r.p.TestFile    ... success: reloaded. 
66390      INFO  main            d.u.i.k.p.r.p.TestFile    Now processing file /home/runner/work/key/key/key.core/../key.ui/examples/standard_key/java_dl/compileTimeConstants.key 
66391      INFO  main            d.u.i.k.p.i.AbstractProblemLoader Loading environment from /home/runner/work/key/key/key.core/../key.ui/examples/standard_key/java_dl/compileTimeConstants.key 
66391      DEBUG main            d.u.i.k.p.i.AbstractProblemLoader Environment load took 183.6ns 
66392      INFO  main            d.u.i.k.p.i.AbstractProblemLoader Creating init config 
68675      DEBUG main            d.u.i.k.p.i.AbstractProblemLoader Init config took 2.28s 
68690      INFO  main            d.u.i.k.p.i.AbstractProblemLoader Replaying proof compileTimeConstants.key 
68691      DEBUG main            d.u.i.k.p.i.IntermediateProofReplayer Proof replay took 6ns 
68795      INFO  main            d.u.i.k.p.r.p.TestFile    ... finished proof: closed. 
68975      INFO  main            d.u.i.k.p.i.AbstractProblemLoader Loading environment from /home/runner/work/key/key/key.core/../key.ui/examples/standard_key/java_dl/compileTimeConstants.key.proof 
68975      DEBUG main            d.u.i.k.p.i.AbstractProblemLoader Environment load took 101.4ns 
68976      INFO  main            d.u.i.k.p.i.AbstractProblemLoader Creating init config 
71255      DEBUG main            d.u.i.k.p.i.AbstractProblemLoader Init config took 2.28s 
71270      INFO  main            d.u.i.k.p.i.AbstractProblemLoader Replaying proof compileTimeConstants.key.proof 
71282      DEBUG main            d.u.i.k.p.i.IntermediateProofReplayer Proof replay took 9.92ms 
71283      DEBUG main            d.u.i.k.p.r.p.TestFile    ... success: reloaded. 
71284      INFO  main            d.u.i.k.p.r.p.TestFile    Now processing file /home/runner/work/key/key/key.core/../key.ui/examples/standard_key/java_dl/constructorException/test.key 
71284      INFO  main            d.u.i.k.p.i.AbstractProblemLoader Loading environment from /home/runner/work/key/key/key.core/../key.ui/examples/standard_key/java_dl/constructorException/test.key 
71284      DEBUG main            d.u.i.k.p.i.AbstractProblemLoader Environment load took 165.1ns 
71285      INFO  main            d.u.i.k.p.i.AbstractProblemLoader Creating init config 
73707      DEBUG main            d.u.i.k.p.i.AbstractProblemLoader Init config took 2.42s 
73767      INFO  main            d.u.i.k.p.i.AbstractProblemLoader Replaying proof Test[Test::Test(int)].JML operation contract.0 
73768      DEBUG main            d.u.i.k.p.i.IntermediateProofReplayer Proof replay took 5.5ns 
73972      INFO  main            d.u.i.k.p.r.p.TestFile    ... finished proof: closed. 
74169      INFO  main            d.u.i.k.p.i.AbstractProblemLoader Loading environment from /home/runner/work/key/key/key.core/../key.ui/examples/standard_key/java_dl/constructorException/test.key.proof 
74170      DEBUG main            d.u.i.k.p.i.AbstractProblemLoader Environment load took 104.7ns 
74171      INFO  main            d.u.i.k.p.i.AbstractProblemLoader Creating init config 
76486      DEBUG main            d.u.i.k.p.i.AbstractProblemLoader Init config took 2.31s 
76535      INFO  main            d.u.i.k.p.i.AbstractProblemLoader Replaying proof Test[Test::Test(int)].JML operation contract.0 
76595      DEBUG main            d.u.i.k.p.i.IntermediateProofReplayer Proof replay took 56.65ms 
76596      DEBUG main            d.u.i.k.p.r.p.TestFile    ... success: reloaded. 
76596      INFO  main            d.u.i.k.p.r.p.TestFile    Now processing file /home/runner/work/key/key/key.core/../key.ui/examples/standard_key/java_dl/constructorException/regressionTestBug1333.key 
76597      INFO  main            d.u.i.k.p.i.AbstractProblemLoader Loading environment from /home/runner/work/key/key/key.core/../key.ui/examples/standard_key/java_dl/constructorException/regressionTestBug1333.key 
76597      DEBUG main            d.u.i.k.p.i.AbstractProblemLoader Environment load took 81ns 
76597      INFO  main            d.u.i.k.p.i.AbstractProblemLoader Creating init config 
78931      DEBUG main            d.u.i.k.p.i.AbstractProblemLoader Init config took 2.33s 
78969      INFO  main            d.u.i.k.p.i.AbstractProblemLoader Replaying proof False[False::False()].JML normal_behavior operation contract.0 
78971      DEBUG main            d.u.i.k.p.i.IntermediateProofReplayer Proof replay took 5.8ns 
79076      INFO  main            d.u.i.k.p.r.p.TestFile    ... finished proof: open goal(s) 
79282      INFO  main            d.u.i.k.p.r.p.TestFile    Now processing file /home/runner/work/key/key/key.core/../key.ui/examples/standard_key/java_dl/continue1.key 
79283      INFO  main            d.u.i.k.p.i.AbstractProblemLoader Loading environment from /home/runner/work/key/key/key.core/../key.ui/examples/standard_key/java_dl/continue1.key 
79283      DEBUG main            d.u.i.k.p.i.AbstractProblemLoader Environment load took 55.8ns 
79283      INFO  main            d.u.i.k.p.i.AbstractProblemLoader Creating init config 
79304      WARN  main            d.u.i.k.j.r.KeYCrossReferenceNameInfo Datatype java.io.PrintStream declared twice: Once in FILE:/home/runner/work/key/key/key.core/../key.ui/examples/standard_key/java_dl/classpath/PrintStream.java and once in URL:file:/home/runner/work/key/key/key.core/build/resources/main/de/uka/ilkd/key/java/JavaRedux/java/io/PrintStream.java, Keeping one from URL:file:/home/runner/work/key/key/key.core/build/resources/main/de/uka/ilkd/key/java/JavaRedux/java/io/PrintStream.java 
79304      WARN  main            d.u.i.k.j.r.KeYCrossReferenceNameInfo Datatype java.lang.System declared twice: Once in FILE:/home/runner/work/key/key/key.core/../key.ui/examples/standard_key/java_dl/classpath/System.java and once in URL:file:/home/runner/work/key/key/key.core/build/resources/main/de/uka/ilkd/key/java/JavaRedux/java/lang/System.java, Keeping one from URL:file:/home/runner/work/key/key/key.core/build/resources/main/de/uka/ilkd/key/java/JavaRedux/java/lang/System.java 
79305      WARN  main            d.u.i.k.j.r.KeYCrossReferenceNameInfo Datatype java.io.InputStream declared twice: Once in FILE:/home/runner/work/key/key/key.core/../key.ui/examples/standard_key/java_dl/classpath/InputStream.java and once in URL:file:/home/runner/work/key/key/key.core/build/resources/main/de/uka/ilkd/key/java/JavaRedux/java/io/InputStream.java, Keeping one from URL:file:/home/runner/work/key/key/key.core/build/resources/main/de/uka/ilkd/key/java/JavaRedux/java/io/InputStream.java 
79308      DEBUG main            d.u.i.k.j.r.ClassFileDeclarationBuilder Parsing: package java.io; public class Closeable { } 
79308      DEBUG main            r.s.KeYCrossReferenceSourceInfo Dynamically created class: java.io.Closeable 
81594      DEBUG main            d.u.i.k.p.i.AbstractProblemLoader Init config took 2.31s 
81607      INFO  main            d.u.i.k.p.i.AbstractProblemLoader Replaying proof continue1.key 
81609      DEBUG main            d.u.i.k.p.i.IntermediateProofReplayer Proof replay took 5.4ns 
81711      INFO  main            d.u.i.k.p.r.p.TestFile    ... finished proof: closed. 
81892      INFO  main            d.u.i.k.p.i.AbstractProblemLoader Loading environment from /home/runner/work/key/key/key.core/../key.ui/examples/standard_key/java_dl/continue1.key.proof 
81892      DEBUG main            d.u.i.k.p.i.AbstractProblemLoader Environment load took 103.9ns 
81895      INFO  main            d.u.i.k.p.i.AbstractProblemLoader Creating init config 
81921      WARN  main            d.u.i.k.j.r.KeYCrossReferenceNameInfo Datatype java.io.PrintStream declared twice: Once in FILE:/home/runner/work/key/key/key.core/../key.ui/examples/standard_key/java_dl/classpath/PrintStream.java and once in URL:file:/home/runner/work/key/key/key.core/build/resources/main/de/uka/ilkd/key/java/JavaRedux/java/io/PrintStream.java, Keeping one from URL:file:/home/runner/work/key/key/key.core/build/resources/main/de/uka/ilkd/key/java/JavaRedux/java/io/PrintStream.java 
81921      WARN  main            d.u.i.k.j.r.KeYCrossReferenceNameInfo Datatype java.lang.System declared twice: Once in FILE:/home/runner/work/key/key/key.core/../key.ui/examples/standard_key/java_dl/classpath/System.java and once in URL:file:/home/runner/work/key/key/key.core/build/resources/main/de/uka/ilkd/key/java/JavaRedux/java/lang/System.java, Keeping one from URL:file:/home/runner/work/key/key/key.core/build/resources/main/de/uka/ilkd/key/java/JavaRedux/java/lang/System.java 
81921      WARN  main            d.u.i.k.j.r.KeYCrossReferenceNameInfo Datatype java.io.InputStream declared twice: Once in FILE:/home/runner/work/key/key/key.core/../key.ui/examples/standard_key/java_dl/classpath/InputStream.java and once in URL:file:/home/runner/work/key/key/key.core/build/resources/main/de/uka/ilkd/key/java/JavaRedux/java/io/InputStream.java, Keeping one from URL:file:/home/runner/work/key/key/key.core/build/resources/main/de/uka/ilkd/key/java/JavaRedux/java/io/InputStream.java 
81924      DEBUG main            d.u.i.k.j.r.ClassFileDeclarationBuilder Parsing: package java.io; public class Closeable { } 
81925      DEBUG main            r.s.KeYCrossReferenceSourceInfo Dynamically created class: java.io.Closeable 
84160      DEBUG main            d.u.i.k.p.i.AbstractProblemLoader Init config took 2.27s 
84174      INFO  main            d.u.i.k.p.i.AbstractProblemLoader Replaying proof continue1.key.proof 
84194      DEBUG main            d.u.i.k.p.i.IntermediateProofReplayer Proof replay took 17.71ms 
84195      DEBUG main            d.u.i.k.p.r.p.TestFile    ... success: reloaded. 
84197      INFO  main            d.u.i.k.p.r.p.TestFile    Now processing file /home/runner/work/key/key/key.core/../key.ui/examples/standard_key/java_dl/continue2.key 
84197      INFO  main            d.u.i.k.p.i.AbstractProblemLoader Loading environment from /home/runner/work/key/key/key.core/../key.ui/examples/standard_key/java_dl/continue2.key 
84197      DEBUG main            d.u.i.k.p.i.AbstractProblemLoader Environment load took 76.7ns 
84198      INFO  main            d.u.i.k.p.i.AbstractProblemLoader Creating init config 
84217      WARN  main            d.u.i.k.j.r.KeYCrossReferenceNameInfo Datatype java.io.PrintStream declared twice: Once in FILE:/home/runner/work/key/key/key.core/../key.ui/examples/standard_key/java_dl/classpath/PrintStream.java and once in URL:file:/home/runner/work/key/key/key.core/build/resources/main/de/uka/ilkd/key/java/JavaRedux/java/io/PrintStream.java, Keeping one from URL:file:/home/runner/work/key/key/key.core/build/resources/main/de/uka/ilkd/key/java/JavaRedux/java/io/PrintStream.java 
84217      WARN  main            d.u.i.k.j.r.KeYCrossReferenceNameInfo Datatype java.lang.System declared twice: Once in FILE:/home/runner/work/key/key/key.core/../key.ui/examples/standard_key/java_dl/classpath/System.java and once in URL:file:/home/runner/work/key/key/key.core/build/resources/main/de/uka/ilkd/key/java/JavaRedux/java/lang/System.java, Keeping one from URL:file:/home/runner/work/key/key/key.core/build/resources/main/de/uka/ilkd/key/java/JavaRedux/java/lang/System.java 
84217      WARN  main            d.u.i.k.j.r.KeYCrossReferenceNameInfo Datatype java.io.InputStream declared twice: Once in FILE:/home/runner/work/key/key/key.core/../key.ui/examples/standard_key/java_dl/classpath/InputStream.java and once in URL:file:/home/runner/work/key/key/key.core/build/resources/main/de/uka/ilkd/key/java/JavaRedux/java/io/InputStream.java, Keeping one from URL:file:/home/runner/work/key/key/key.core/build/resources/main/de/uka/ilkd/key/java/JavaRedux/java/io/InputStream.java 
84220      DEBUG main            d.u.i.k.j.r.ClassFileDeclarationBuilder Parsing: package java.io; public class Closeable { } 
84220      DEBUG main            r.s.KeYCrossReferenceSourceInfo Dynamically created class: java.io.Closeable 
86549      DEBUG main            d.u.i.k.p.i.AbstractProblemLoader Init config took 2.35s 
86563      INFO  main            d.u.i.k.p.i.AbstractProblemLoader Replaying proof continue2.key 
86565      DEBUG main            d.u.i.k.p.i.IntermediateProofReplayer Proof replay took 5.9ns 
86767      INFO  main            d.u.i.k.p.r.p.TestFile    ... finished proof: closed. 
86979      INFO  main            d.u.i.k.p.i.AbstractProblemLoader Loading environment from /home/runner/work/key/key/key.core/../key.ui/examples/standard_key/java_dl/continue2.key.proof 
86979      DEBUG main            d.u.i.k.p.i.AbstractProblemLoader Environment load took 97ns 
86980      INFO  main            d.u.i.k.p.i.AbstractProblemLoader Creating init config 
87000      WARN  main            d.u.i.k.j.r.KeYCrossReferenceNameInfo Datatype java.io.PrintStream declared twice: Once in FILE:/home/runner/work/key/key/key.core/../key.ui/examples/standard_key/java_dl/classpath/PrintStream.java and once in URL:file:/home/runner/work/key/key/key.core/build/resources/main/de/uka/ilkd/key/java/JavaRedux/java/io/PrintStream.java, Keeping one from URL:file:/home/runner/work/key/key/key.core/build/resources/main/de/uka/ilkd/key/java/JavaRedux/java/io/PrintStream.java 
87000      WARN  main            d.u.i.k.j.r.KeYCrossReferenceNameInfo Datatype java.lang.System declared twice: Once in FILE:/home/runner/work/key/key/key.core/../key.ui/examples/standard_key/java_dl/classpath/System.java and once in URL:file:/home/runner/work/key/key/key.core/build/resources/main/de/uka/ilkd/key/java/JavaRedux/java/lang/System.java, Keeping one from URL:file:/home/runner/work/key/key/key.core/build/resources/main/de/uka/ilkd/key/java/JavaRedux/java/lang/System.java 
87001      WARN  main            d.u.i.k.j.r.KeYCrossReferenceNameInfo Datatype java.io.InputStream declared twice: Once in FILE:/home/runner/work/key/key/key.core/../key.ui/examples/standard_key/java_dl/classpath/InputStream.java and once in URL:file:/home/runner/work/key/key/key.core/build/resources/main/de/uka/ilkd/key/java/JavaRedux/java/io/InputStream.java, Keeping one from URL:file:/home/runner/work/key/key/key.core/build/resources/main/de/uka/ilkd/key/java/JavaRedux/java/io/InputStream.java 
87004      DEBUG main            d.u.i.k.j.r.ClassFileDeclarationBuilder Parsing: package java.io; public class Closeable { } 
87004      DEBUG main            r.s.KeYCrossReferenceSourceInfo Dynamically created class: java.io.Closeable 
89215      DEBUG main            d.u.i.k.p.i.AbstractProblemLoader Init config took 2.23s 
89229      INFO  main            d.u.i.k.p.i.AbstractProblemLoader Replaying proof continue2.key.proof 
89303      DEBUG main            d.u.i.k.p.i.IntermediateProofReplayer Proof replay took 70.52ms 
89305      DEBUG main            d.u.i.k.p.r.p.TestFile    ... success: reloaded. 
89306      INFO  main            d.u.i.k.p.r.p.TestFile    Now processing file /home/runner/work/key/key/key.core/../key.ui/examples/standard_key/java_dl/complexAssignment.key 
89307      INFO  main            d.u.i.k.p.i.AbstractProblemLoader Loading environment from /home/runner/work/key/key/key.core/../key.ui/examples/standard_key/java_dl/complexAssignment.key 
89307      DEBUG main            d.u.i.k.p.i.AbstractProblemLoader Environment load took 77ns 
89307      INFO  main            d.u.i.k.p.i.AbstractProblemLoader Creating init config 
91570      DEBUG main            d.u.i.k.p.i.AbstractProblemLoader Init config took 2.26s 
91584      INFO  main            d.u.i.k.p.i.AbstractProblemLoader Replaying proof complexAssignment.key 
91586      DEBUG main            d.u.i.k.p.i.IntermediateProofReplayer Proof replay took 6.4ns 
91687      INFO  main            d.u.i.k.p.r.p.TestFile    ... finished proof: closed. 
91899      INFO  main            d.u.i.k.p.i.AbstractProblemLoader Loading environment from /home/runner/work/key/key/key.core/../key.ui/examples/standard_key/java_dl/complexAssignment.key.proof 
91899      DEBUG main            d.u.i.k.p.i.AbstractProblemLoader Environment load took 92.5ns 
91900      INFO  main            d.u.i.k.p.i.AbstractProblemLoader Creating init config 
94090      DEBUG main            d.u.i.k.p.i.AbstractProblemLoader Init config took 2.19s 
94104      INFO  main            d.u.i.k.p.i.AbstractProblemLoader Replaying proof complexAssignment.key.proof 
94111      DEBUG main            d.u.i.k.p.i.IntermediateProofReplayer Proof replay took 5.36ms 
94112      DEBUG main            d.u.i.k.p.r.p.TestFile    ... success: reloaded. 
94112      INFO  main            d.u.i.k.p.r.p.TestFile    Now processing file /home/runner/work/key/key/key.core/../key.ui/examples/standard_key/java_dl/danglingElseSolution1.key 
94112      INFO  main            d.u.i.k.p.i.AbstractProblemLoader Loading environment from /home/runner/work/key/key/key.core/../key.ui/examples/standard_key/java_dl/danglingElseSolution1.key 
94112      DEBUG main            d.u.i.k.p.i.AbstractProblemLoader Environment load took 76.5ns 
94113      INFO  main            d.u.i.k.p.i.AbstractProblemLoader Creating init config 
96362      DEBUG main            d.u.i.k.p.i.AbstractProblemLoader Init config took 2.25s 
96376      INFO  main            d.u.i.k.p.i.AbstractProblemLoader Replaying proof danglingElseSolution1.key 
96378      DEBUG main            d.u.i.k.p.i.IntermediateProofReplayer Proof replay took 5.8ns 
96479      INFO  main            d.u.i.k.p.r.p.TestFile    ... finished proof: closed. 
96687      INFO  main            d.u.i.k.p.i.AbstractProblemLoader Loading environment from /home/runner/work/key/key/key.core/../key.ui/examples/standard_key/java_dl/danglingElseSolution1.key.proof 
96687      DEBUG main            d.u.i.k.p.i.AbstractProblemLoader Environment load took 98.1ns 
96688      INFO  main            d.u.i.k.p.i.AbstractProblemLoader Creating init config 
98872      DEBUG main            d.u.i.k.p.i.AbstractProblemLoader Init config took 2.18s 
98886      INFO  main            d.u.i.k.p.i.AbstractProblemLoader Replaying proof danglingElseSolution1.key.proof 
98895      DEBUG main            d.u.i.k.p.i.IntermediateProofReplayer Proof replay took 7.53ms 
98896      DEBUG main            d.u.i.k.p.r.p.TestFile    ... success: reloaded. 
98896      INFO  main            d.u.i.k.p.r.p.TestFile    Now processing file /home/runner/work/key/key/key.core/../key.ui/examples/standard_key/java_dl/danglingElseSolution2.key 
98896      INFO  main            d.u.i.k.p.i.AbstractProblemLoader Loading environment from /home/runner/work/key/key/key.core/../key.ui/examples/standard_key/java_dl/danglingElseSolution2.key 
98897      DEBUG main            d.u.i.k.p.i.AbstractProblemLoader Environment load took 73.5ns 
98897      INFO  main            d.u.i.k.p.i.AbstractProblemLoader Creating init config 
101146     DEBUG main            d.u.i.k.p.i.AbstractProblemLoader Init config took 2.25s 
101160     INFO  main            d.u.i.k.p.i.AbstractProblemLoader Replaying proof danglingElseSolution2.key 
101161     DEBUG main            d.u.i.k.p.i.IntermediateProofReplayer Proof replay took 6.5ns 
101263     INFO  main            d.u.i.k.p.r.p.TestFile    ... finished proof: closed. 
101475     INFO  main            d.u.i.k.p.i.AbstractProblemLoader Loading environment from /home/runner/work/key/key/key.core/../key.ui/examples/standard_key/java_dl/danglingElseSolution2.key.proof 
101475     DEBUG main            d.u.i.k.p.i.AbstractProblemLoader Environment load took 97.7ns 
101476     INFO  main            d.u.i.k.p.i.AbstractProblemLoader Creating init config 
103652     DEBUG main            d.u.i.k.p.i.AbstractProblemLoader Init config took 2.18s 
103665     INFO  main            d.u.i.k.p.i.AbstractProblemLoader Replaying proof danglingElseSolution2.key.proof 
103675     DEBUG main            d.u.i.k.p.i.IntermediateProofReplayer Proof replay took 7.9ms 
103676     DEBUG main            d.u.i.k.p.r.p.TestFile    ... success: reloaded. 
103676     INFO  main            d.u.i.k.p.r.p.TestFile    Now processing file /home/runner/work/key/key/key.core/../key.ui/examples/standard_key/java_dl/deepNonNull/deepNonNull0.key 
103677     INFO  main            d.u.i.k.p.i.AbstractProblemLoader Loading environment from /home/runner/work/key/key/key.core/../key.ui/examples/standard_key/java_dl/deepNonNull/deepNonNull0.key 
103677     DEBUG main            d.u.i.k.p.i.AbstractProblemLoader Environment load took 74.6ns 
103678     INFO  main            d.u.i.k.p.i.AbstractProblemLoader Creating init config 
105975     DEBUG main            d.u.i.k.p.i.AbstractProblemLoader Init config took 2.3s 
106012     INFO  main            d.u.i.k.p.i.AbstractProblemLoader Replaying proof Arrays[Arrays::get()].JML operation contract.0 
106013     DEBUG main            d.u.i.k.p.i.IntermediateProofReplayer Proof replay took 5.7ns 
106220     INFO  main            d.u.i.k.p.r.p.TestFile    ... finished proof: closed. 
106454     INFO  main            d.u.i.k.p.i.AbstractProblemLoader Loading environment from /home/runner/work/key/key/key.core/../key.ui/examples/standard_key/java_dl/deepNonNull/deepNonNull0.key.proof 
106454     DEBUG main            d.u.i.k.p.i.AbstractProblemLoader Environment load took 95.1ns 
106455     INFO  main            d.u.i.k.p.i.AbstractProblemLoader Creating init config 
108745     DEBUG main            d.u.i.k.p.i.AbstractProblemLoader Init config took 2.29s 
108785     INFO  main            d.u.i.k.p.i.AbstractProblemLoader Replaying proof Arrays[Arrays::get()].JML operation contract.0 
108813     DEBUG main            d.u.i.k.p.i.IntermediateProofReplayer Proof replay took 25.45ms 
108814     DEBUG main            d.u.i.k.p.r.p.TestFile    ... success: reloaded. 
108814     INFO  main            d.u.i.k.p.r.p.TestFile    Now processing file /home/runner/work/key/key/key.core/../key.ui/examples/standard_key/java_dl/deepNonNull/deepNonNull1.key 
108815     INFO  main            d.u.i.k.p.i.AbstractProblemLoader Loading environment from /home/runner/work/key/key/key.core/../key.ui/examples/standard_key/java_dl/deepNonNull/deepNonNull1.key 
108815     DEBUG main            d.u.i.k.p.i.AbstractProblemLoader Environment load took 156.4ns 
108816     INFO  main            d.u.i.k.p.i.AbstractProblemLoader Creating init config 
111122     DEBUG main            d.u.i.k.p.i.AbstractProblemLoader Init config took 2.31s 
111159     INFO  main            d.u.i.k.p.i.AbstractProblemLoader Replaying proof Arrays[Arrays::head()].JML operation contract.0 
111160     DEBUG main            d.u.i.k.p.i.IntermediateProofReplayer Proof replay took 6ns 
111262     INFO  main            d.u.i.k.p.r.p.TestFile    ... finished proof: closed. 
111491     INFO  main            d.u.i.k.p.i.AbstractProblemLoader Loading environment from /home/runner/work/key/key/key.core/../key.ui/examples/standard_key/java_dl/deepNonNull/deepNonNull1.key.proof 
111491     DEBUG main            d.u.i.k.p.i.AbstractProblemLoader Environment load took 94.8ns 
111492     INFO  main            d.u.i.k.p.i.AbstractProblemLoader Creating init config 
113749     DEBUG main            d.u.i.k.p.i.AbstractProblemLoader Init config took 2.26s 
113783     INFO  main            d.u.i.k.p.i.AbstractProblemLoader Replaying proof Arrays[Arrays::head()].JML operation contract.0 
113806     DEBUG main            d.u.i.k.p.i.IntermediateProofReplayer Proof replay took 20.72ms 
113807     DEBUG main            d.u.i.k.p.r.p.TestFile    ... success: reloaded. 
113807     INFO  main            d.u.i.k.p.r.p.TestFile    Now processing file /home/runner/work/key/key/key.core/../key.ui/examples/standard_key/java_dl/deepNonNull/deepNonNull2.key 
113808     INFO  main            d.u.i.k.p.i.AbstractProblemLoader Loading environment from /home/runner/work/key/key/key.core/../key.ui/examples/standard_key/java_dl/deepNonNull/deepNonNull2.key 
113808     DEBUG main            d.u.i.k.p.i.AbstractProblemLoader Environment load took 78ns 
113808     INFO  main            d.u.i.k.p.i.AbstractProblemLoader Creating init config 
116122     DEBUG main            d.u.i.k.p.i.AbstractProblemLoader Init config took 2.31s 
116157     INFO  main            d.u.i.k.p.i.AbstractProblemLoader Replaying proof Arrays[Arrays::unprovable(java.lang.Object)].JML operation contract.0 
116158     DEBUG main            d.u.i.k.p.i.IntermediateProofReplayer Proof replay took 6.2ns 
116266     INFO  main            d.u.i.k.p.r.p.TestFile    ... finished proof: open goal(s) 
116567     INFO  main            d.u.i.k.p.r.p.TestFile    Now processing file /home/runner/work/key/key/key.core/../key.ui/examples/standard_key/java_dl/deepNonNull/deepNonNull3.key 
116567     INFO  main            d.u.i.k.p.i.AbstractProblemLoader Loading environment from /home/runner/work/key/key/key.core/../key.ui/examples/standard_key/java_dl/deepNonNull/deepNonNull3.key 
116567     DEBUG main            d.u.i.k.p.i.AbstractProblemLoader Environment load took 58ns 
116568     INFO  main            d.u.i.k.p.i.AbstractProblemLoader Creating init config 
118803     DEBUG main            d.u.i.k.p.i.AbstractProblemLoader Init config took 2.23s 
118837     INFO  main            d.u.i.k.p.i.AbstractProblemLoader Replaying proof Arrays[Arrays::head([[[[Ljava.lang.Object)].JML operation contract.0 
118838     DEBUG main            d.u.i.k.p.i.IntermediateProofReplayer Proof replay took 6.3ns 
119745     INFO  main            d.u.i.k.p.r.p.TestFile    ... finished proof: closed. 
119993     INFO  main            d.u.i.k.p.i.AbstractProblemLoader Loading environment from /home/runner/work/key/key/key.core/../key.ui/examples/standard_key/java_dl/deepNonNull/deepNonNull3.key.proof 
119994     DEBUG main            d.u.i.k.p.i.AbstractProblemLoader Environment load took 1.06ms 
119995     INFO  main            d.u.i.k.p.i.AbstractProblemLoader Creating init config 
122236     DEBUG main            d.u.i.k.p.i.AbstractProblemLoader Init config took 2.24s 
122270     INFO  main            d.u.i.k.p.i.AbstractProblemLoader Replaying proof Arrays[Arrays::head([[[[Ljava.lang.Object)].JML operation contract.0 
122395     DEBUG main            d.u.i.k.p.i.IntermediateProofReplayer Proof replay took 115.23ms 
122396     DEBUG main            d.u.i.k.p.r.p.TestFile    ... success: reloaded. 
122397     INFO  main            d.u.i.k.p.r.p.TestFile    Now processing file /home/runner/work/key/key/key.core/../key.ui/examples/standard_key/java_dl/exceptions.key 
122397     INFO  main            d.u.i.k.p.i.AbstractProblemLoader Loading environment from /home/runner/work/key/key/key.core/../key.ui/examples/standard_key/java_dl/exceptions.key 
122398     DEBUG main            d.u.i.k.p.i.AbstractProblemLoader Environment load took 989ns 
122399     INFO  main            d.u.i.k.p.i.AbstractProblemLoader Creating init config 
122419     WARN  main            d.u.i.k.j.r.KeYCrossReferenceNameInfo Datatype java.io.PrintStream declared twice: Once in FILE:/home/runner/work/key/key/key.core/../key.ui/examples/standard_key/java_dl/classpath/PrintStream.java and once in URL:file:/home/runner/work/key/key/key.core/build/resources/main/de/uka/ilkd/key/java/JavaRedux/java/io/PrintStream.java, Keeping one from URL:file:/home/runner/work/key/key/key.core/build/resources/main/de/uka/ilkd/key/java/JavaRedux/java/io/PrintStream.java 
122420     WARN  main            d.u.i.k.j.r.KeYCrossReferenceNameInfo Datatype java.lang.System declared twice: Once in FILE:/home/runner/work/key/key/key.core/../key.ui/examples/standard_key/java_dl/classpath/System.java and once in URL:file:/home/runner/work/key/key/key.core/build/resources/main/de/uka/ilkd/key/java/JavaRedux/java/lang/System.java, Keeping one from URL:file:/home/runner/work/key/key/key.core/build/resources/main/de/uka/ilkd/key/java/JavaRedux/java/lang/System.java 
122424     WARN  main            d.u.i.k.j.r.KeYCrossReferenceNameInfo Datatype java.io.InputStream declared twice: Once in FILE:/home/runner/work/key/key/key.core/../key.ui/examples/standard_key/java_dl/classpath/InputStream.java and once in URL:file:/home/runner/work/key/key/key.core/build/resources/main/de/uka/ilkd/key/java/JavaRedux/java/io/InputStream.java, Keeping one from URL:file:/home/runner/work/key/key/key.core/build/resources/main/de/uka/ilkd/key/java/JavaRedux/java/io/InputStream.java 
122428     DEBUG main            d.u.i.k.j.r.ClassFileDeclarationBuilder Parsing: package java.io; public class Closeable { } 
122428     DEBUG main            r.s.KeYCrossReferenceSourceInfo Dynamically created class: java.io.Closeable 
124674     DEBUG main            d.u.i.k.p.i.AbstractProblemLoader Init config took 2.27s 
124687     INFO  main            d.u.i.k.p.i.AbstractProblemLoader Replaying proof exceptions.key 
124688     DEBUG main            d.u.i.k.p.i.IntermediateProofReplayer Proof replay took 6.3ns 
124890     INFO  main            d.u.i.k.p.r.p.TestFile    ... finished proof: closed. 
125129     INFO  main            d.u.i.k.p.i.AbstractProblemLoader Loading environment from /home/runner/work/key/key/key.core/../key.ui/examples/standard_key/java_dl/exceptions.key.proof 
125129     DEBUG main            d.u.i.k.p.i.AbstractProblemLoader Environment load took 78.6ns 
125131     INFO  main            d.u.i.k.p.i.AbstractProblemLoader Creating init config 
125167     WARN  main            d.u.i.k.j.r.KeYCrossReferenceNameInfo Datatype java.io.PrintStream declared twice: Once in FILE:/home/runner/work/key/key/key.core/../key.ui/examples/standard_key/java_dl/classpath/PrintStream.java and once in URL:file:/home/runner/work/key/key/key.core/build/resources/main/de/uka/ilkd/key/java/JavaRedux/java/io/PrintStream.java, Keeping one from URL:file:/home/runner/work/key/key/key.core/build/resources/main/de/uka/ilkd/key/java/JavaRedux/java/io/PrintStream.java 
125167     WARN  main            d.u.i.k.j.r.KeYCrossReferenceNameInfo Datatype java.lang.System declared twice: Once in FILE:/home/runner/work/key/key/key.core/../key.ui/examples/standard_key/java_dl/classpath/System.java and once in URL:file:/home/runner/work/key/key/key.core/build/resources/main/de/uka/ilkd/key/java/JavaRedux/java/lang/System.java, Keeping one from URL:file:/home/runner/work/key/key/key.core/build/resources/main/de/uka/ilkd/key/java/JavaRedux/java/lang/System.java 
125167     WARN  main            d.u.i.k.j.r.KeYCrossReferenceNameInfo Datatype java.io.InputStream declared twice: Once in FILE:/home/runner/work/key/key/key.core/../key.ui/examples/standard_key/java_dl/classpath/InputStream.java and once in URL:file:/home/runner/work/key/key/key.core/build/resources/main/de/uka/ilkd/key/java/JavaRedux/java/io/InputStream.java, Keeping one from URL:file:/home/runner/work/key/key/key.core/build/resources/main/de/uka/ilkd/key/java/JavaRedux/java/io/InputStream.java 
125170     DEBUG main            d.u.i.k.j.r.ClassFileDeclarationBuilder Parsing: package java.io; public class Closeable { } 
125170     DEBUG main            r.s.KeYCrossReferenceSourceInfo Dynamically created class: java.io.Closeable 
127374     DEBUG main            d.u.i.k.p.i.AbstractProblemLoader Init config took 2.24s 
127390     INFO  main            d.u.i.k.p.i.AbstractProblemLoader Replaying proof exceptions.key.proof 
127442     DEBUG main            d.u.i.k.p.i.IntermediateProofReplayer Proof replay took 48.42ms 
127443     DEBUG main            d.u.i.k.p.r.p.TestFile    ... success: reloaded. 
127444     INFO  main            d.u.i.k.p.r.p.TestFile    Now processing file /home/runner/work/key/key/key.core/../key.ui/examples/standard_key/java_dl/exceptions1.key 
127444     INFO  main            d.u.i.k.p.i.AbstractProblemLoader Loading environment from /home/runner/work/key/key/key.core/../key.ui/examples/standard_key/java_dl/exceptions1.key 
127444     DEBUG main            d.u.i.k.p.i.AbstractProblemLoader Environment load took 145ns 
127445     INFO  main            d.u.i.k.p.i.AbstractProblemLoader Creating init config 
129682     DEBUG main            d.u.i.k.p.i.AbstractProblemLoader Init config took 2.24s 
129696     INFO  main            d.u.i.k.p.i.AbstractProblemLoader Replaying proof exceptions1.key 
129698     DEBUG main            d.u.i.k.p.i.IntermediateProofReplayer Proof replay took 6.2ns 
129800     INFO  main            d.u.i.k.p.r.p.TestFile    ... finished proof: closed. 
130058     INFO  main            d.u.i.k.p.i.AbstractProblemLoader Loading environment from /home/runner/work/key/key/key.core/../key.ui/examples/standard_key/java_dl/exceptions1.key.proof 
130058     DEBUG main            d.u.i.k.p.i.AbstractProblemLoader Environment load took 80.5ns 
130059     INFO  main            d.u.i.k.p.i.AbstractProblemLoader Creating init config 
132218     DEBUG main            d.u.i.k.p.i.AbstractProblemLoader Init config took 2.16s 
132232     INFO  main            d.u.i.k.p.i.AbstractProblemLoader Replaying proof exceptions1.key.proof 
132259     DEBUG main            d.u.i.k.p.i.IntermediateProofReplayer Proof replay took 24.9ms 
132260     DEBUG main            d.u.i.k.p.r.p.TestFile    ... success: reloaded. 
132261     INFO  main            d.u.i.k.p.r.p.TestFile    Now processing file /home/runner/work/key/key/key.core/../key.ui/examples/standard_key/java_dl/exceptions2.key 
132261     INFO  main            d.u.i.k.p.i.AbstractProblemLoader Loading environment from /home/runner/work/key/key/key.core/../key.ui/examples/standard_key/java_dl/exceptions2.key 
132261     DEBUG main            d.u.i.k.p.i.AbstractProblemLoader Environment load took 147ns 
132262     INFO  main            d.u.i.k.p.i.AbstractProblemLoader Creating init config 
134474     DEBUG main            d.u.i.k.p.i.AbstractProblemLoader Init config took 2.21s 
134487     INFO  main            d.u.i.k.p.i.AbstractProblemLoader Replaying proof exceptions2.key 
134489     DEBUG main            d.u.i.k.p.i.IntermediateProofReplayer Proof replay took 7.4ns 
134591     INFO  main            d.u.i.k.p.r.p.TestFile    ... finished proof: closed. 
134840     INFO  main            d.u.i.k.p.i.AbstractProblemLoader Loading environment from /home/runner/work/key/key/key.core/../key.ui/examples/standard_key/java_dl/exceptions2.key.proof 
134840     DEBUG main            d.u.i.k.p.i.AbstractProblemLoader Environment load took 81.6ns 
134841     INFO  main            d.u.i.k.p.i.AbstractProblemLoader Creating init config 
137000     DEBUG main            d.u.i.k.p.i.AbstractProblemLoader Init config took 2.16s 
137013     INFO  main            d.u.i.k.p.i.AbstractProblemLoader Replaying proof exceptions2.key.proof 
137044     DEBUG main            d.u.i.k.p.i.IntermediateProofReplayer Proof replay took 28.8ms 
137049     DEBUG main            d.u.i.k.p.r.p.TestFile    ... success: reloaded. 
137050     INFO  main            d.u.i.k.p.r.p.TestFile    Now processing file /home/runner/work/key/key/key.core/../key.ui/examples/standard_key/java_dl/exceptions3.key 
137050     INFO  main            d.u.i.k.p.i.AbstractProblemLoader Loading environment from /home/runner/work/key/key/key.core/../key.ui/examples/standard_key/java_dl/exceptions3.key 
137051     DEBUG main            d.u.i.k.p.i.AbstractProblemLoader Environment load took 82.8ns 
137052     INFO  main            d.u.i.k.p.i.AbstractProblemLoader Creating init config 
137069     WARN  main            d.u.i.k.j.r.KeYCrossReferenceNameInfo Datatype java.io.PrintStream declared twice: Once in FILE:/home/runner/work/key/key/key.core/../key.ui/examples/standard_key/java_dl/classpath/PrintStream.java and once in URL:file:/home/runner/work/key/key/key.core/build/resources/main/de/uka/ilkd/key/java/JavaRedux/java/io/PrintStream.java, Keeping one from URL:file:/home/runner/work/key/key/key.core/build/resources/main/de/uka/ilkd/key/java/JavaRedux/java/io/PrintStream.java 
137069     WARN  main            d.u.i.k.j.r.KeYCrossReferenceNameInfo Datatype java.lang.System declared twice: Once in FILE:/home/runner/work/key/key/key.core/../key.ui/examples/standard_key/java_dl/classpath/System.java and once in URL:file:/home/runner/work/key/key/key.core/build/resources/main/de/uka/ilkd/key/java/JavaRedux/java/lang/System.java, Keeping one from URL:file:/home/runner/work/key/key/key.core/build/resources/main/de/uka/ilkd/key/java/JavaRedux/java/lang/System.java 
137070     WARN  main            d.u.i.k.j.r.KeYCrossReferenceNameInfo Datatype java.io.InputStream declared twice: Once in FILE:/home/runner/work/key/key/key.core/../key.ui/examples/standard_key/java_dl/classpath/InputStream.java and once in URL:file:/home/runner/work/key/key/key.core/build/resources/main/de/uka/ilkd/key/java/JavaRedux/java/io/InputStream.java, Keeping one from URL:file:/home/runner/work/key/key/key.core/build/resources/main/de/uka/ilkd/key/java/JavaRedux/java/io/InputStream.java 
137072     DEBUG main            d.u.i.k.j.r.ClassFileDeclarationBuilder Parsing: package java.io; public class Closeable { } 
137073     DEBUG main            r.s.KeYCrossReferenceSourceInfo Dynamically created class: java.io.Closeable 
139314     DEBUG main            d.u.i.k.p.i.AbstractProblemLoader Init config took 2.26s 
139327     INFO  main            d.u.i.k.p.i.AbstractProblemLoader Replaying proof exceptions3.key 
139328     DEBUG main            d.u.i.k.p.i.IntermediateProofReplayer Proof replay took 6.7ns 
139433     INFO  main            d.u.i.k.p.r.p.TestFile    ... finished proof: closed. 
139697     INFO  main            d.u.i.k.p.i.AbstractProblemLoader Loading environment from /home/runner/work/key/key/key.core/../key.ui/examples/standard_key/java_dl/exceptions3.key.proof 
139697     DEBUG main            d.u.i.k.p.i.AbstractProblemLoader Environment load took 77.3ns 
139698     INFO  main            d.u.i.k.p.i.AbstractProblemLoader Creating init config 
139717     WARN  main            d.u.i.k.j.r.KeYCrossReferenceNameInfo Datatype java.io.PrintStream declared twice: Once in FILE:/home/runner/work/key/key/key.core/../key.ui/examples/standard_key/java_dl/classpath/PrintStream.java and once in URL:file:/home/runner/work/key/key/key.core/build/resources/main/de/uka/ilkd/key/java/JavaRedux/java/io/PrintStream.java, Keeping one from URL:file:/home/runner/work/key/key/key.core/build/resources/main/de/uka/ilkd/key/java/JavaRedux/java/io/PrintStream.java 
139717     WARN  main            d.u.i.k.j.r.KeYCrossReferenceNameInfo Datatype java.lang.System declared twice: Once in FILE:/home/runner/work/key/key/key.core/../key.ui/examples/standard_key/java_dl/classpath/System.java and once in URL:file:/home/runner/work/key/key/key.core/build/resources/main/de/uka/ilkd/key/java/JavaRedux/java/lang/System.java, Keeping one from URL:file:/home/runner/work/key/key/key.core/build/resources/main/de/uka/ilkd/key/java/JavaRedux/java/lang/System.java 
139717     WARN  main            d.u.i.k.j.r.KeYCrossReferenceNameInfo Datatype java.io.InputStream declared twice: Once in FILE:/home/runner/work/key/key/key.core/../key.ui/examples/standard_key/java_dl/classpath/InputStream.java and once in URL:file:/home/runner/work/key/key/key.core/build/resources/main/de/uka/ilkd/key/java/JavaRedux/java/io/InputStream.java, Keeping one from URL:file:/home/runner/work/key/key/key.core/build/resources/main/de/uka/ilkd/key/java/JavaRedux/java/io/InputStream.java 
139720     DEBUG main            d.u.i.k.j.r.ClassFileDeclarationBuilder Parsing: package java.io; public class Closeable { } 
139720     DEBUG main            r.s.KeYCrossReferenceSourceInfo Dynamically created class: java.io.Closeable 
141983     DEBUG main            d.u.i.k.p.i.AbstractProblemLoader Init config took 2.28s 
141997     INFO  main            d.u.i.k.p.i.AbstractProblemLoader Replaying proof exceptions3.key.proof 
142002     DEBUG main            d.u.i.k.p.i.IntermediateProofReplayer Proof replay took 3.46ms 
142003     DEBUG main            d.u.i.k.p.r.p.TestFile    ... success: reloaded. 
142004     INFO  main            d.u.i.k.p.r.p.TestFile    Now processing file /home/runner/work/key/key/key.core/../key.ui/examples/standard_key/java_dl/exchange.key 
142004     INFO  main            d.u.i.k.p.i.AbstractProblemLoader Loading environment from /home/runner/work/key/key/key.core/../key.ui/examples/standard_key/java_dl/exchange.key 
142004     DEBUG main            d.u.i.k.p.i.AbstractProblemLoader Environment load took 146.2ns 
142005     INFO  main            d.u.i.k.p.i.AbstractProblemLoader Creating init config 
144221     DEBUG main            d.u.i.k.p.i.AbstractProblemLoader Init config took 2.22s 
144234     INFO  main            d.u.i.k.p.i.AbstractProblemLoader Replaying proof exchange.key 
144236     DEBUG main            d.u.i.k.p.i.IntermediateProofReplayer Proof replay took 6ns 
144339     INFO  main            d.u.i.k.p.r.p.TestFile    ... finished proof: closed. 
144593     INFO  main            d.u.i.k.p.i.AbstractProblemLoader Loading environment from /home/runner/work/key/key/key.core/../key.ui/examples/standard_key/java_dl/exchange.key.proof 
144593     DEBUG main            d.u.i.k.p.i.AbstractProblemLoader Environment load took 99.4ns 
144594     INFO  main            d.u.i.k.p.i.AbstractProblemLoader Creating init config 
146762     DEBUG main            d.u.i.k.p.i.AbstractProblemLoader Init config took 2.17s 
146774     INFO  main            d.u.i.k.p.i.AbstractProblemLoader Replaying proof exchange.key.proof 
146779     DEBUG main            d.u.i.k.p.i.IntermediateProofReplayer Proof replay took 2.67ms 
146779     DEBUG main            d.u.i.k.p.r.p.TestFile    ... success: reloaded. 
146780     INFO  main            d.u.i.k.p.r.p.TestFile    Now processing file /home/runner/work/key/key/key.core/../key.ui/examples/standard_key/java_dl/if.key 
146780     INFO  main            d.u.i.k.p.i.AbstractProblemLoader Loading environment from /home/runner/work/key/key/key.core/../key.ui/examples/standard_key/java_dl/if.key 
146780     DEBUG main            d.u.i.k.p.i.AbstractProblemLoader Environment load took 78.5ns 
146781     INFO  main            d.u.i.k.p.i.AbstractProblemLoader Creating init config 
149004     DEBUG main            d.u.i.k.p.i.AbstractProblemLoader Init config took 2.22s 
149018     INFO  main            d.u.i.k.p.i.AbstractProblemLoader Replaying proof if.key 
149019     DEBUG main            d.u.i.k.p.i.IntermediateProofReplayer Proof replay took 6.8ns 
149121     INFO  main            d.u.i.k.p.r.p.TestFile    ... finished proof: closed. 
149377     INFO  main            d.u.i.k.p.i.AbstractProblemLoader Loading environment from /home/runner/work/key/key/key.core/../key.ui/examples/standard_key/java_dl/if.key.proof 
149377     DEBUG main            d.u.i.k.p.i.AbstractProblemLoader Environment load took 92.6ns 
149378     INFO  main            d.u.i.k.p.i.AbstractProblemLoader Creating init config 
151538     DEBUG main            d.u.i.k.p.i.AbstractProblemLoader Init config took 2.16s 
151551     INFO  main            d.u.i.k.p.i.AbstractProblemLoader Replaying proof if.key.proof 
151555     DEBUG main            d.u.i.k.p.i.IntermediateProofReplayer Proof replay took 2.47ms 
151555     DEBUG main            d.u.i.k.p.r.p.TestFile    ... success: reloaded. 
151555     INFO  main            d.u.i.k.p.r.p.TestFile    Now processing file /home/runner/work/key/key/key.core/../key.ui/examples/standard_key/java_dl/incrementcounter.key 
151556     INFO  main            d.u.i.k.p.i.AbstractProblemLoader Loading environment from /home/runner/work/key/key/key.core/../key.ui/examples/standard_key/java_dl/incrementcounter.key 
151556     DEBUG main            d.u.i.k.p.i.AbstractProblemLoader Environment load took 46.2ns 
151557     INFO  main            d.u.i.k.p.i.AbstractProblemLoader Creating init config 
153778     DEBUG main            d.u.i.k.p.i.AbstractProblemLoader Init config took 2.22s 
153791     INFO  main            d.u.i.k.p.i.AbstractProblemLoader Replaying proof incrementcounter.key 
153792     DEBUG main            d.u.i.k.p.i.IntermediateProofReplayer Proof replay took 6.3ns 
153894     INFO  main            d.u.i.k.p.r.p.TestFile    ... finished proof: closed. 
154158     INFO  main            d.u.i.k.p.i.AbstractProblemLoader Loading environment from /home/runner/work/key/key/key.core/../key.ui/examples/standard_key/java_dl/incrementcounter.key.proof 
154158     DEBUG main            d.u.i.k.p.i.AbstractProblemLoader Environment load took 84.3ns 
154159     INFO  main            d.u.i.k.p.i.AbstractProblemLoader Creating init config 
156335     DEBUG main            d.u.i.k.p.i.AbstractProblemLoader Init config took 2.18s 
156348     INFO  main            d.u.i.k.p.i.AbstractProblemLoader Replaying proof incrementcounter.key.proof 
156351     DEBUG main            d.u.i.k.p.i.IntermediateProofReplayer Proof replay took 1.78ms 
156352     DEBUG main            d.u.i.k.p.r.p.TestFile    ... success: reloaded. 
156352     INFO  main            d.u.i.k.p.r.p.TestFile    Now processing file /home/runner/work/key/key/key.core/../key.ui/examples/standard_key/java_dl/danglingElse.key 
156352     INFO  main            d.u.i.k.p.i.AbstractProblemLoader Loading environment from /home/runner/work/key/key/key.core/../key.ui/examples/standard_key/java_dl/danglingElse.key 
156352     DEBUG main            d.u.i.k.p.i.AbstractProblemLoader Environment load took 43.5ns 
156353     INFO  main            d.u.i.k.p.i.AbstractProblemLoader Creating init config 
158554     DEBUG main            d.u.i.k.p.i.AbstractProblemLoader Init config took 2.2s 
158568     INFO  main            d.u.i.k.p.i.AbstractProblemLoader Replaying proof danglingElse.key 
158569     DEBUG main            d.u.i.k.p.i.IntermediateProofReplayer Proof replay took 6.1ns 
158675     INFO  main            d.u.i.k.p.r.p.TestFile    ... finished proof: open goal(s) 
158945     INFO  main            d.u.i.k.p.r.p.TestFile    Now processing file /home/runner/work/key/key/key.core/../key.ui/examples/standard_key/java_dl/iteratedAssignment.key 
158946     INFO  main            d.u.i.k.p.i.AbstractProblemLoader Loading environment from /home/runner/work/key/key/key.core/../key.ui/examples/standard_key/java_dl/iteratedAssignment.key 
158946     DEBUG main            d.u.i.k.p.i.AbstractProblemLoader Environment load took 432.7ns 
158947     INFO  main            d.u.i.k.p.i.AbstractProblemLoader Creating init config 
161122     DEBUG main            d.u.i.k.p.i.AbstractProblemLoader Init config took 2.17s 
161138     INFO  main            d.u.i.k.p.i.AbstractProblemLoader Replaying proof iteratedAssignment.key 
161141     DEBUG main            d.u.i.k.p.i.IntermediateProofReplayer Proof replay took 6.9ns 
161444     INFO  main            d.u.i.k.p.r.p.TestFile    ... finished proof: closed. 
161723     INFO  main            d.u.i.k.p.i.AbstractProblemLoader Loading environment from /home/runner/work/key/key/key.core/../key.ui/examples/standard_key/java_dl/iteratedAssignment.key.proof 
161723     DEBUG main            d.u.i.k.p.i.AbstractProblemLoader Environment load took 70.9ns 
161724     INFO  main            d.u.i.k.p.i.AbstractProblemLoader Creating init config 
163890     DEBUG main            d.u.i.k.p.i.AbstractProblemLoader Init config took 2.17s 
163904     INFO  main            d.u.i.k.p.i.AbstractProblemLoader Replaying proof iteratedAssignment.key.proof 
163959     DEBUG main            d.u.i.k.p.i.IntermediateProofReplayer Proof replay took 52.18ms 
163960     DEBUG main            d.u.i.k.p.r.p.TestFile    ... success: reloaded. 
163960     INFO  main            d.u.i.k.p.r.p.TestFile    Now processing file /home/runner/work/key/key/key.core/../key.ui/examples/standard_key/java_dl/assert/assert1.key 
163961     INFO  main            d.u.i.k.p.i.AbstractProblemLoader Loading environment from /home/runner/work/key/key/key.core/../key.ui/examples/standard_key/java_dl/assert/assert1.key 
163961     DEBUG main            d.u.i.k.p.i.AbstractProblemLoader Environment load took 54.3ns 
163961     INFO  main            d.u.i.k.p.i.AbstractProblemLoader Creating init config 
166200     DEBUG main            d.u.i.k.p.i.AbstractProblemLoader Init config took 2.24s 
166233     INFO  main            d.u.i.k.p.i.AbstractProblemLoader Replaying proof C[C::foo()].JML normal_behavior operation contract.0 
166234     DEBUG main            d.u.i.k.p.i.IntermediateProofReplayer Proof replay took 5.8ns 
166337     INFO  main            d.u.i.k.p.r.p.TestFile    ... finished proof: open goal(s) 
166659     INFO  main            d.u.i.k.p.r.p.TestFile    Now processing file /home/runner/work/key/key/key.core/../key.ui/examples/standard_key/java_dl/assert/assert2.key 
166660     INFO  main            d.u.i.k.p.i.AbstractProblemLoader Loading environment from /home/runner/work/key/key/key.core/../key.ui/examples/standard_key/java_dl/assert/assert2.key 
166660     DEBUG main            d.u.i.k.p.i.AbstractProblemLoader Environment load took 61.8ns 
166660     INFO  main            d.u.i.k.p.i.AbstractProblemLoader Creating init config 
168865     DEBUG main            d.u.i.k.p.i.AbstractProblemLoader Init config took 2.21s 
168903     INFO  main            d.u.i.k.p.i.AbstractProblemLoader Replaying proof C[C::bar()].JML exceptional_behavior operation contract.0 
168905     DEBUG main            d.u.i.k.p.i.IntermediateProofReplayer Proof replay took 6.5ns 
169106     INFO  main            d.u.i.k.p.r.p.TestFile    ... finished proof: closed. 
169391     INFO  main            d.u.i.k.p.i.AbstractProblemLoader Loading environment from /home/runner/work/key/key/key.core/../key.ui/examples/standard_key/java_dl/assert/assert2.key.proof 
169391     DEBUG main            d.u.i.k.p.i.AbstractProblemLoader Environment load took 71ns 
169392     INFO  main            d.u.i.k.p.i.AbstractProblemLoader Creating init config 
171597     DEBUG main            d.u.i.k.p.i.AbstractProblemLoader Init config took 2.2s 
171628     INFO  main            d.u.i.k.p.i.AbstractProblemLoader Replaying proof C[C::bar()].JML exceptional_behavior operation contract.0 
171665     DEBUG main            d.u.i.k.p.i.IntermediateProofReplayer Proof replay took 34.37ms 
171669     DEBUG main            d.u.i.k.p.r.p.TestFile    ... success: reloaded. 
171669     INFO  main            d.u.i.k.p.r.p.TestFile    Now processing file /home/runner/work/key/key/key.core/../key.ui/examples/standard_key/java_dl/assert/assert3.key 
171670     INFO  main            d.u.i.k.p.i.AbstractProblemLoader Loading environment from /home/runner/work/key/key/key.core/../key.ui/examples/standard_key/java_dl/assert/assert3.key 
171670     DEBUG main            d.u.i.k.p.i.AbstractProblemLoader Environment load took 58.4ns 
171670     INFO  main            d.u.i.k.p.i.AbstractProblemLoader Creating init config 
173952     DEBUG main            d.u.i.k.p.i.AbstractProblemLoader Init config took 2.28s 
173984     INFO  main            d.u.i.k.p.i.AbstractProblemLoader Replaying proof C[C::foo()].JML normal_behavior operation contract.0 
173986     DEBUG main            d.u.i.k.p.i.IntermediateProofReplayer Proof replay took 6.8ns 
174091     INFO  main            d.u.i.k.p.r.p.TestFile    ... finished proof: open goal(s) 
174372     INFO  main            d.u.i.k.p.r.p.TestFile    Now processing file /home/runner/work/key/key/key.core/../key.ui/examples/standard_key/java_dl/java5/vararg.key 
174372     INFO  main            d.u.i.k.p.i.AbstractProblemLoader Loading environment from /home/runner/work/key/key/key.core/../key.ui/examples/standard_key/java_dl/java5/vararg.key 
174372     DEBUG main            d.u.i.k.p.i.AbstractProblemLoader Environment load took 50.2ns 
174374     INFO  main            d.u.i.k.p.i.AbstractProblemLoader Creating init config 
175187     DEBUG main            d.u.i.k.j.r.ClassPreparationMethodBuilder clPrepBuilder: Inner Class detected. Reject building class initialisation methods. 
176903     DEBUG main            d.u.i.k.p.i.AbstractProblemLoader Init config took 2.53s 
176927     INFO  main            d.u.i.k.p.i.AbstractProblemLoader Replaying proof vararg.key 
176928     DEBUG main            d.u.i.k.p.i.IntermediateProofReplayer Proof replay took 6.5ns 
177200     DEBUG Thread-101      d.u.i.k.j.d.VariableSpecification Program match. Variables have different dimension (template #v0 = #vi;, source var#17[] = new java.lang.Object[]{d1, d2};) 
177323     DEBUG Thread-101      d.u.i.k.j.d.VariableSpecification Program match. Variables have different dimension (template #v0 = #vi;, source var#24[] = new java.lang.Object[]{d1, d2};) 
177452     DEBUG Thread-101      d.u.i.k.j.d.VariableSpecification Program match. Variables have different dimension (template #v0 = #vi;, source var#33[] = new java.lang.Object[]{var_1};) 
177453     DEBUG Thread-101      d.u.i.k.j.d.VariableSpecification Program match. Variables have different dimension (template #v0 = #vi;, source var#33[] = new java.lang.Object[]{var_1};) 
177554     DEBUG Thread-101      d.u.i.k.j.d.VariableSpecification Program match. Variables have different dimension (template #v0 = #vi;, source var#39[] = new java.lang.Object[]{null, null};) 
177677     DEBUG Thread-101      d.u.i.k.j.d.VariableSpecification Program match. Variables have different dimension (template #v0 = #vi;, source var#46[] = new java.lang.Object[]{};) 
178033     INFO  main            d.u.i.k.p.r.p.TestFile    ... finished proof: closed. 
178380     INFO  main            d.u.i.k.p.i.AbstractProblemLoader Loading environment from /home/runner/work/key/key/key.core/../key.ui/examples/standard_key/java_dl/java5/vararg.key.proof 
178380     DEBUG main            d.u.i.k.p.i.AbstractProblemLoader Environment load took 356.7ns 
178382     INFO  main            d.u.i.k.p.i.AbstractProblemLoader Creating init config 
179163     DEBUG main            d.u.i.k.j.r.ClassPreparationMethodBuilder clPrepBuilder: Inner Class detected. Reject building class initialisation methods. 
180816     DEBUG main            d.u.i.k.p.i.AbstractProblemLoader Init config took 2.43s 
180838     INFO  main            d.u.i.k.p.i.AbstractProblemLoader Replaying proof vararg.key.proof 
181138     DEBUG main            d.u.i.k.p.i.IntermediateProofReplayer Proof replay took 289.5ms 
181140     DEBUG main            d.u.i.k.p.r.p.TestFile    ... success: reloaded. 
181140     INFO  main            d.u.i.k.p.r.p.TestFile    Now processing file /home/runner/work/key/key/key.core/../key.ui/examples/standard_key/java_dl/java5/for_Array.key 
181141     INFO  main            d.u.i.k.p.i.AbstractProblemLoader Loading environment from /home/runner/work/key/key/key.core/../key.ui/examples/standard_key/java_dl/java5/for_Array.key 
181141     DEBUG main            d.u.i.k.p.i.AbstractProblemLoader Environment load took 201.6ns 
181142     INFO  main            d.u.i.k.p.i.AbstractProblemLoader Creating init config 
181931     DEBUG main            d.u.i.k.j.r.ClassPreparationMethodBuilder clPrepBuilder: Inner Class detected. Reject building class initialisation methods. 
183651     DEBUG main            d.u.i.k.p.i.AbstractProblemLoader Init config took 2.51s 
183699     INFO  main            d.u.i.k.p.i.AbstractProblemLoader Replaying proof For[For::sum([I)].JML operation contract.0 
183701     DEBUG main            d.u.i.k.p.i.IntermediateProofReplayer Proof replay took 6.3ns 
184007     INFO  main            d.u.i.k.p.r.p.TestFile    ... finished proof: closed. 
184376     INFO  main            d.u.i.k.p.i.AbstractProblemLoader Loading environment from /home/runner/work/key/key/key.core/../key.ui/examples/standard_key/java_dl/java5/for_Array.key.proof 
184376     DEBUG main            d.u.i.k.p.i.AbstractProblemLoader Environment load took 89.8ns 
184377     INFO  main            d.u.i.k.p.i.AbstractProblemLoader Creating init config 
185137     DEBUG main            d.u.i.k.j.r.ClassPreparationMethodBuilder clPrepBuilder: Inner Class detected. Reject building class initialisation methods. 
186762     DEBUG main            d.u.i.k.p.i.AbstractProblemLoader Init config took 2.39s 
186811     INFO  main            d.u.i.k.p.i.AbstractProblemLoader Replaying proof For[For::sum([I)].JML operation contract.0 
186893     DEBUG main            d.u.i.k.p.i.IntermediateProofReplayer Proof replay took 79.08ms 
186894     DEBUG main            d.u.i.k.p.r.p.TestFile    ... success: reloaded. 
186895     INFO  main            d.u.i.k.p.r.p.TestFile    Now processing file /home/runner/work/key/key/key.core/../key.ui/examples/standard_key/java_dl/java5/for_Iterable.key 
186895     INFO  main            d.u.i.k.p.i.AbstractProblemLoader Loading environment from /home/runner/work/key/key/key.core/../key.ui/examples/standard_key/java_dl/java5/for_Iterable.key 
186895     DEBUG main            d.u.i.k.p.i.AbstractProblemLoader Environment load took 132.6ns 
186896     INFO  main            d.u.i.k.p.i.AbstractProblemLoader Creating init config 
187670     DEBUG main            d.u.i.k.j.r.ClassPreparationMethodBuilder clPrepBuilder: Inner Class detected. Reject building class initialisation methods. 
189323     DEBUG main            d.u.i.k.p.i.AbstractProblemLoader Init config took 2.43s 
189370     INFO  main            d.u.i.k.p.i.AbstractProblemLoader Replaying proof For[For::infiniteLoop(For)].JML operation contract.0 
189371     DEBUG main            d.u.i.k.p.i.IntermediateProofReplayer Proof replay took 5.8ns 
189573     INFO  main            d.u.i.k.p.r.p.TestFile    ... finished proof: closed. 
189889     INFO  main            d.u.i.k.p.i.AbstractProblemLoader Loading environment from /home/runner/work/key/key/key.core/../key.ui/examples/standard_key/java_dl/java5/for_Iterable.key.proof 
189889     DEBUG main            d.u.i.k.p.i.AbstractProblemLoader Environment load took 70.3ns 
189890     INFO  main            d.u.i.k.p.i.AbstractProblemLoader Creating init config 
190655     DEBUG main            d.u.i.k.j.r.ClassPreparationMethodBuilder clPrepBuilder: Inner Class detected. Reject building class initialisation methods. 
192267     DEBUG main            d.u.i.k.p.i.AbstractProblemLoader Init config took 2.38s 
192315     INFO  main            d.u.i.k.p.i.AbstractProblemLoader Replaying proof For[For::infiniteLoop(For)].JML operation contract.0 
192365     DEBUG main            d.u.i.k.p.i.IntermediateProofReplayer Proof replay took 47.48ms 
192366     DEBUG main            d.u.i.k.p.r.p.TestFile    ... success: reloaded. 
192368     INFO  main            d.u.i.k.p.r.p.TestFile    Now processing file /home/runner/work/key/key/key.core/../key.ui/examples/standard_key/java_dl/java5/for_ReferenceArray.key 
192368     INFO  main            d.u.i.k.p.i.AbstractProblemLoader Loading environment from /home/runner/work/key/key/key.core/../key.ui/examples/standard_key/java_dl/java5/for_ReferenceArray.key 
192368     DEBUG main            d.u.i.k.p.i.AbstractProblemLoader Environment load took 65.6ns 
192369     INFO  main            d.u.i.k.p.i.AbstractProblemLoader Creating init config 
193141     DEBUG main            d.u.i.k.j.r.ClassPreparationMethodBuilder clPrepBuilder: Inner Class detected. Reject building class initialisation methods. 
194792     DEBUG main            d.u.i.k.p.i.AbstractProblemLoader Init config took 2.42s 
194839     INFO  main            d.u.i.k.p.i.AbstractProblemLoader Replaying proof ForReferenceArray[ForReferenceArray::foo([Ljava.lang.Object)].JML operation contract.0 
194840     DEBUG main            d.u.i.k.p.i.IntermediateProofReplayer Proof replay took 6.2ns 
195042     INFO  main            d.u.i.k.p.r.p.TestFile    ... finished proof: closed. 
195364     INFO  main            d.u.i.k.p.i.AbstractProblemLoader Loading environment from /home/runner/work/key/key/key.core/../key.ui/examples/standard_key/java_dl/java5/for_ReferenceArray.key.proof 
195364     DEBUG main            d.u.i.k.p.i.AbstractProblemLoader Environment load took 85.9ns 
195365     INFO  main            d.u.i.k.p.i.AbstractProblemLoader Creating init config 
196118     DEBUG main            d.u.i.k.j.r.ClassPreparationMethodBuilder clPrepBuilder: Inner Class detected. Reject building class initialisation methods. 
197731     DEBUG main            d.u.i.k.p.i.AbstractProblemLoader Init config took 2.37s 
197778     INFO  main            d.u.i.k.p.i.AbstractProblemLoader Replaying proof ForReferenceArray[ForReferenceArray::foo([Ljava.lang.Object)].JML operation contract.0 
197836     DEBUG main            d.u.i.k.p.i.IntermediateProofReplayer Proof replay took 51.37ms 
197838     DEBUG main            d.u.i.k.p.r.p.TestFile    ... success: reloaded. 
197839     INFO  main            d.u.i.k.p.r.p.TestFile    Now processing file /home/runner/work/key/key/key.core/../key.ui/examples/standard_key/java_dl/jml-bigint/cast.key 
197839     INFO  main            d.u.i.k.p.i.AbstractProblemLoader Loading environment from /home/runner/work/key/key/key.core/../key.ui/examples/standard_key/java_dl/jml-bigint/cast.key 
197839     DEBUG main            d.u.i.k.p.i.AbstractProblemLoader Environment load took 140ns 
197840     INFO  main            d.u.i.k.p.i.AbstractProblemLoader Creating init config 
200168     DEBUG main            d.u.i.k.p.i.AbstractProblemLoader Init config took 2.33s 
200202     INFO  main            d.u.i.k.p.i.AbstractProblemLoader Replaying proof Mult[Mult::cast()].JML operation contract.0 
200203     DEBUG main            d.u.i.k.p.i.IntermediateProofReplayer Proof replay took 6.4ns 
200305     INFO  main            d.u.i.k.p.r.p.TestFile    ... finished proof: closed. 
200623     INFO  main            d.u.i.k.p.i.AbstractProblemLoader Loading environment from /home/runner/work/key/key/key.core/../key.ui/examples/standard_key/java_dl/jml-bigint/cast.key.proof 
200623     DEBUG main            d.u.i.k.p.i.AbstractProblemLoader Environment load took 69.9ns 
200624     INFO  main            d.u.i.k.p.i.AbstractProblemLoader Creating init config 
202896     DEBUG main            d.u.i.k.p.i.AbstractProblemLoader Init config took 2.27s 
202937     INFO  main            d.u.i.k.p.i.AbstractProblemLoader Replaying proof Mult[Mult::cast()].JML operation contract.0 
202950     DEBUG main            d.u.i.k.p.i.IntermediateProofReplayer Proof replay took 10.93ms 
202951     DEBUG main            d.u.i.k.p.r.p.TestFile    ... success: reloaded. 
202951     INFO  main            d.u.i.k.p.r.p.TestFile    Now processing file /home/runner/work/key/key/key.core/../key.ui/examples/standard_key/java_dl/jml-free/loopInvFree.key 
202952     INFO  main            d.u.i.k.p.i.AbstractProblemLoader Loading environment from /home/runner/work/key/key/key.core/../key.ui/examples/standard_key/java_dl/jml-free/loopInvFree.key 
202952     DEBUG main            d.u.i.k.p.i.AbstractProblemLoader Environment load took 131ns 
202953     INFO  main            d.u.i.k.p.i.AbstractProblemLoader Creating init config 
205214     DEBUG main            d.u.i.k.p.i.AbstractProblemLoader Init config took 2.26s 
205245     INFO  main            d.u.i.k.p.i.AbstractProblemLoader Replaying proof LoopInvFree[LoopInvFree::test()].JML operation contract.0 
205246     DEBUG main            d.u.i.k.p.i.IntermediateProofReplayer Proof replay took 5.9ns 
205451     INFO  main            d.u.i.k.p.r.p.TestFile    ... finished proof: closed. 
205785     INFO  main            d.u.i.k.p.i.AbstractProblemLoader Loading environment from /home/runner/work/key/key/key.core/../key.ui/examples/standard_key/java_dl/jml-free/loopInvFree.key.proof 
205785     DEBUG main            d.u.i.k.p.i.AbstractProblemLoader Environment load took 68.5ns 
205786     INFO  main            d.u.i.k.p.i.AbstractProblemLoader Creating init config 
208004     DEBUG main            d.u.i.k.p.i.AbstractProblemLoader Init config took 2.22s 
208048     INFO  main            d.u.i.k.p.i.AbstractProblemLoader Replaying proof LoopInvFree[LoopInvFree::test()].JML operation contract.0 
208087     DEBUG main            d.u.i.k.p.i.IntermediateProofReplayer Proof replay took 37.03ms 
208088     DEBUG main            d.u.i.k.p.r.p.TestFile    ... success: reloaded. 
208089     INFO  main            d.u.i.k.p.r.p.TestFile    Now processing file /home/runner/work/key/key/key.core/../key.ui/examples/standard_key/java_dl/jml-free/ensuresFree.key 
208089     INFO  main            d.u.i.k.p.i.AbstractProblemLoader Loading environment from /home/runner/work/key/key/key.core/../key.ui/examples/standard_key/java_dl/jml-free/ensuresFree.key 
208089     DEBUG main            d.u.i.k.p.i.AbstractProblemLoader Environment load took 123.4ns 
208090     INFO  main            d.u.i.k.p.i.AbstractProblemLoader Creating init config 
210346     DEBUG main            d.u.i.k.p.i.AbstractProblemLoader Init config took 2.26s 
210379     INFO  main            d.u.i.k.p.i.AbstractProblemLoader Replaying proof EnsuresFree[EnsuresFree::test()].JML operation contract.0 
210380     DEBUG main            d.u.i.k.p.i.IntermediateProofReplayer Proof replay took 6.1ns 
210481     INFO  main            d.u.i.k.p.r.p.TestFile    ... finished proof: closed. 
210836     INFO  main            d.u.i.k.p.i.AbstractProblemLoader Loading environment from /home/runner/work/key/key/key.core/../key.ui/examples/standard_key/java_dl/jml-free/ensuresFree.key.proof 
210836     DEBUG main            d.u.i.k.p.i.AbstractProblemLoader Environment load took 71.6ns 
210837     INFO  main            d.u.i.k.p.i.AbstractProblemLoader Creating init config 
213068     DEBUG main            d.u.i.k.p.i.AbstractProblemLoader Init config took 2.23s 
213100     INFO  main            d.u.i.k.p.i.AbstractProblemLoader Replaying proof EnsuresFree[EnsuresFree::test()].JML operation contract.0 
213117     DEBUG main            d.u.i.k.p.i.IntermediateProofReplayer Proof replay took 15.26ms 
213118     DEBUG main            d.u.i.k.p.r.p.TestFile    ... success: reloaded. 
213119     INFO  main            d.u.i.k.p.r.p.TestFile    Now processing file /home/runner/work/key/key/key.core/../key.ui/examples/standard_key/java_dl/jml-information-flow.key 
213119     INFO  main            d.u.i.k.p.i.AbstractProblemLoader Loading environment from /home/runner/work/key/key/key.core/../key.ui/examples/standard_key/java_dl/jml-information-flow.key 
213119     DEBUG main            d.u.i.k.p.i.AbstractProblemLoader Environment load took 138.7ns 
213124     INFO  main            d.u.i.k.p.i.AbstractProblemLoader Creating init config 
215540     DEBUG main            d.u.i.k.p.i.AbstractProblemLoader Init config took 2.42s 
215556     INFO  main            d.u.i.k.p.i.AbstractProblemLoader Replaying proof jml-information-flow.key 
215558     DEBUG main            d.u.i.k.p.i.IntermediateProofReplayer Proof replay took 6.4ns 
318636     INFO  main            d.u.i.k.p.r.p.TestFile    ... finished proof: closed. 
319118     INFO  main            d.u.i.k.p.i.AbstractProblemLoader Loading environment from /home/runner/work/key/key/key.core/../key.ui/examples/standard_key/java_dl/jml-information-flow.key.proof 
319119     DEBUG main            d.u.i.k.p.i.AbstractProblemLoader Environment load took 312.5ns 
319126     INFO  main            d.u.i.k.p.i.AbstractProblemLoader Creating init config 
321448     DEBUG main            d.u.i.k.p.i.AbstractProblemLoader Init config took 2.32s 
321466     INFO  main            d.u.i.k.p.i.AbstractProblemLoader Replaying proof jml-information-flow.key.proof 
324717     DEBUG main            d.u.i.k.p.i.IntermediateProofReplayer Proof replay took 3.15s 
324773     DEBUG main            d.u.i.k.p.r.p.TestFile    ... success: reloaded. 
324783     INFO  main            d.u.i.k.p.r.p.TestFile    Now processing file /home/runner/work/key/key/key.core/../key.ui/examples/standard_key/java_dl/jml-min/min-unprovable1.key 
324783     INFO  main            d.u.i.k.p.i.AbstractProblemLoader Loading environment from /home/runner/work/key/key/key.core/../key.ui/examples/standard_key/java_dl/jml-min/min-unprovable1.key 
324783     DEBUG main            d.u.i.k.p.i.AbstractProblemLoader Environment load took 150.5ns 
324784     INFO  main            d.u.i.k.p.i.AbstractProblemLoader Creating init config 
327192     DEBUG main            d.u.i.k.p.i.AbstractProblemLoader Init config took 2.41s 
327223     INFO  main            d.u.i.k.p.i.AbstractProblemLoader Replaying proof Min[Min::foo()].JML operation contract.0 
327224     DEBUG main            d.u.i.k.p.i.IntermediateProofReplayer Proof replay took 6.5ns 
327326     INFO  main            d.u.i.k.p.r.p.TestFile    ... finished proof: open goal(s) 
327802     INFO  main            d.u.i.k.p.r.p.TestFile    Now processing file /home/runner/work/key/key/key.core/../key.ui/examples/standard_key/java_dl/jml-min/min-unprovable2.key 
327802     INFO  main            d.u.i.k.p.i.AbstractProblemLoader Loading environment from /home/runner/work/key/key/key.core/../key.ui/examples/standard_key/java_dl/jml-min/min-unprovable2.key 
327802     DEBUG main            d.u.i.k.p.i.AbstractProblemLoader Environment load took 41ns 
327803     INFO  main            d.u.i.k.p.i.AbstractProblemLoader Creating init config 
330023     DEBUG main            d.u.i.k.p.i.AbstractProblemLoader Init config took 2.22s 
330054     INFO  main            d.u.i.k.p.i.AbstractProblemLoader Replaying proof Min[Min::foo2()].JML operation contract.0 
330055     DEBUG main            d.u.i.k.p.i.IntermediateProofReplayer Proof replay took 6.8ns 
330156     INFO  main            d.u.i.k.p.r.p.TestFile    ... finished proof: open goal(s) 
330503     INFO  main            d.u.i.k.p.r.p.TestFile    Now processing file /home/runner/work/key/key/key.core/../key.ui/examples/standard_key/java_dl/methodCall.key 
330503     INFO  main            d.u.i.k.p.i.AbstractProblemLoader Loading environment from /home/runner/work/key/key/key.core/../key.ui/examples/standard_key/java_dl/methodCall.key 
330503     DEBUG main            d.u.i.k.p.i.AbstractProblemLoader Environment load took 44.5ns 
330504     INFO  main            d.u.i.k.p.i.AbstractProblemLoader Creating init config 
332728     DEBUG main            d.u.i.k.p.i.AbstractProblemLoader Init config took 2.22s 
332741     INFO  main            d.u.i.k.p.i.AbstractProblemLoader Replaying proof methodCall.key 
332742     DEBUG main            d.u.i.k.p.i.IntermediateProofReplayer Proof replay took 6.1ns 
332843     INFO  main            d.u.i.k.p.r.p.TestFile    ... finished proof: closed. 
333185     INFO  main            d.u.i.k.p.i.AbstractProblemLoader Loading environment from /home/runner/work/key/key/key.core/../key.ui/examples/standard_key/java_dl/methodCall.key.proof 
333185     DEBUG main            d.u.i.k.p.i.AbstractProblemLoader Environment load took 68.5ns 
333186     INFO  main            d.u.i.k.p.i.AbstractProblemLoader Creating init config 
335398     DEBUG main            d.u.i.k.p.i.AbstractProblemLoader Init config took 2.21s 
335410     INFO  main            d.u.i.k.p.i.AbstractProblemLoader Replaying proof methodCall.key.proof 
335413     DEBUG main            d.u.i.k.p.i.IntermediateProofReplayer Proof replay took 1.55ms 
335414     DEBUG main            d.u.i.k.p.r.p.TestFile    ... success: reloaded. 
335414     INFO  main            d.u.i.k.p.r.p.TestFile    Now processing file /home/runner/work/key/key/key.core/../key.ui/examples/standard_key/java_dl/methodCall1.key 
335415     INFO  main            d.u.i.k.p.i.AbstractProblemLoader Loading environment from /home/runner/work/key/key/key.core/../key.ui/examples/standard_key/java_dl/methodCall1.key 
335415     DEBUG main            d.u.i.k.p.i.AbstractProblemLoader Environment load took 85ns 
335416     INFO  main            d.u.i.k.p.i.AbstractProblemLoader Creating init config 
337644     DEBUG main            d.u.i.k.p.i.AbstractProblemLoader Init config took 2.23s 
337657     INFO  main            d.u.i.k.p.i.AbstractProblemLoader Replaying proof methodCall1.key 
337658     DEBUG main            d.u.i.k.p.i.IntermediateProofReplayer Proof replay took 5.9ns 
337760     INFO  main            d.u.i.k.p.r.p.TestFile    ... finished proof: closed. 
338120     INFO  main            d.u.i.k.p.i.AbstractProblemLoader Loading environment from /home/runner/work/key/key/key.core/../key.ui/examples/standard_key/java_dl/methodCall1.key.proof 
338121     DEBUG main            d.u.i.k.p.i.AbstractProblemLoader Environment load took 73.1ns 
338121     INFO  main            d.u.i.k.p.i.AbstractProblemLoader Creating init config 
340336     DEBUG main            d.u.i.k.p.i.AbstractProblemLoader Init config took 2.21s 
340349     INFO  main            d.u.i.k.p.i.AbstractProblemLoader Replaying proof methodCall1.key.proof 
340361     DEBUG main            d.u.i.k.p.i.IntermediateProofReplayer Proof replay took 10.75ms 
340362     DEBUG main            d.u.i.k.p.r.p.TestFile    ... success: reloaded. 
340363     INFO  main            d.u.i.k.p.r.p.TestFile    Now processing file /home/runner/work/key/key/key.core/../key.ui/examples/standard_key/java_dl/methodCall1box.key 
340363     INFO  main            d.u.i.k.p.i.AbstractProblemLoader Loading environment from /home/runner/work/key/key/key.core/../key.ui/examples/standard_key/java_dl/methodCall1box.key 
340363     DEBUG main            d.u.i.k.p.i.AbstractProblemLoader Environment load took 52ns 
340364     INFO  main            d.u.i.k.p.i.AbstractProblemLoader Creating init config 
342597     DEBUG main            d.u.i.k.p.i.AbstractProblemLoader Init config took 2.23s 
342610     INFO  main            d.u.i.k.p.i.AbstractProblemLoader Replaying proof methodCall1box.key 
342611     DEBUG main            d.u.i.k.p.i.IntermediateProofReplayer Proof replay took 7.1ns 
342713     INFO  main            d.u.i.k.p.r.p.TestFile    ... finished proof: closed. 
343075     INFO  main            d.u.i.k.p.i.AbstractProblemLoader Loading environment from /home/runner/work/key/key/key.core/../key.ui/examples/standard_key/java_dl/methodCall1box.key.proof 
343075     DEBUG main            d.u.i.k.p.i.AbstractProblemLoader Environment load took 68.4ns 
343076     INFO  main            d.u.i.k.p.i.AbstractProblemLoader Creating init config 
345298     DEBUG main            d.u.i.k.p.i.AbstractProblemLoader Init config took 2.22s 
345311     INFO  main            d.u.i.k.p.i.AbstractProblemLoader Replaying proof methodCall1box.key.proof 
345324     DEBUG main            d.u.i.k.p.i.IntermediateProofReplayer Proof replay took 11.24ms 
345325     DEBUG main            d.u.i.k.p.r.p.TestFile    ... success: reloaded. 
345325     INFO  main            d.u.i.k.p.r.p.TestFile    Now processing file /home/runner/work/key/key/key.core/../key.ui/examples/standard_key/java_dl/methodCall3.key 
345325     INFO  main            d.u.i.k.p.i.AbstractProblemLoader Loading environment from /home/runner/work/key/key/key.core/../key.ui/examples/standard_key/java_dl/methodCall3.key 
345325     DEBUG main            d.u.i.k.p.i.AbstractProblemLoader Environment load took 55ns 
345326     INFO  main            d.u.i.k.p.i.AbstractProblemLoader Creating init config 
347557     DEBUG main            d.u.i.k.p.i.AbstractProblemLoader Init config took 2.23s 
347573     INFO  main            d.u.i.k.p.i.AbstractProblemLoader Replaying proof methodCall3.key 
347574     DEBUG main            d.u.i.k.p.i.IntermediateProofReplayer Proof replay took 5.9ns 
347675     INFO  main            d.u.i.k.p.r.p.TestFile    ... finished proof: closed. 
348049     INFO  main            d.u.i.k.p.i.AbstractProblemLoader Loading environment from /home/runner/work/key/key/key.core/../key.ui/examples/standard_key/java_dl/methodCall3.key.proof 
348049     DEBUG main            d.u.i.k.p.i.AbstractProblemLoader Environment load took 65.2ns 
348051     INFO  main            d.u.i.k.p.i.AbstractProblemLoader Creating init config 
350284     DEBUG main            d.u.i.k.p.i.AbstractProblemLoader Init config took 2.23s 
350297     INFO  main            d.u.i.k.p.i.AbstractProblemLoader Replaying proof methodCall3.key.proof 
350305     DEBUG main            d.u.i.k.p.i.IntermediateProofReplayer Proof replay took 7.24ms 
350306     DEBUG main            d.u.i.k.p.r.p.TestFile    ... success: reloaded. 
350307     INFO  main            d.u.i.k.p.r.p.TestFile    Now processing file /home/runner/work/key/key/key.core/../key.ui/examples/standard_key/java_dl/polishFlagSort.key 
350307     INFO  main            d.u.i.k.p.i.AbstractProblemLoader Loading environment from /home/runner/work/key/key/key.core/../key.ui/examples/standard_key/java_dl/polishFlagSort.key 
350307     DEBUG main            d.u.i.k.p.i.AbstractProblemLoader Environment load took 41.8ns 
350308     INFO  main            d.u.i.k.p.i.AbstractProblemLoader Creating init config 
352585     DEBUG main            d.u.i.k.p.i.AbstractProblemLoader Init config took 2.28s 
352598     INFO  main            d.u.i.k.p.i.AbstractProblemLoader Replaying proof polishFlagSort.key 
352599     DEBUG main            d.u.i.k.p.i.IntermediateProofReplayer Proof replay took 7.1ns 
354506     INFO  main            d.u.i.k.p.r.p.TestFile    ... finished proof: closed. 
354911     INFO  main            d.u.i.k.p.i.AbstractProblemLoader Loading environment from /home/runner/work/key/key/key.core/../key.ui/examples/standard_key/java_dl/polishFlagSort.key.proof 
354911     DEBUG main            d.u.i.k.p.i.AbstractProblemLoader Environment load took 273.7ns 
354914     INFO  main            d.u.i.k.p.i.AbstractProblemLoader Creating init config 
357160     DEBUG main            d.u.i.k.p.i.AbstractProblemLoader Init config took 2.25s 
357174     INFO  main            d.u.i.k.p.i.AbstractProblemLoader Replaying proof polishFlagSort.key.proof 
357496     DEBUG main            d.u.i.k.p.i.IntermediateProofReplayer Proof replay took 312ms 
357498     DEBUG main            d.u.i.k.p.r.p.TestFile    ... success: reloaded. 
357498     INFO  main            d.u.i.k.p.r.p.TestFile    Now processing file /home/runner/work/key/key/key.core/../key.ui/examples/standard_key/java_dl/postConditionTaclets1.key 
357499     INFO  main            d.u.i.k.p.i.AbstractProblemLoader Loading environment from /home/runner/work/key/key/key.core/../key.ui/examples/standard_key/java_dl/postConditionTaclets1.key 
357499     DEBUG main            d.u.i.k.p.i.AbstractProblemLoader Environment load took 143.6ns 
357500     INFO  main            d.u.i.k.p.i.AbstractProblemLoader Creating init config 
359697     DEBUG main            d.u.i.k.p.i.AbstractProblemLoader Init config took 2.2s 
359710     INFO  main            d.u.i.k.p.i.AbstractProblemLoader Replaying proof postConditionTaclets1.key 
359716     DEBUG main            d.u.i.k.p.i.IntermediateProofReplayer Proof replay took 6.7ns 
359817     INFO  main            d.u.i.k.p.r.p.TestFile    ... finished proof: closed. 
360234     INFO  main            d.u.i.k.p.i.AbstractProblemLoader Loading environment from /home/runner/work/key/key/key.core/../key.ui/examples/standard_key/java_dl/postConditionTaclets1.key.proof 
360234     DEBUG main            d.u.i.k.p.i.AbstractProblemLoader Environment load took 84.9ns 
360235     INFO  main            d.u.i.k.p.i.AbstractProblemLoader Creating init config 
362383     DEBUG main            d.u.i.k.p.i.AbstractProblemLoader Init config took 2.15s 
362399     INFO  main            d.u.i.k.p.i.AbstractProblemLoader Replaying proof postConditionTaclets1.key.proof 
362401     DEBUG main            d.u.i.k.p.i.IntermediateProofReplayer Proof replay took 344.1ns 
362402     DEBUG main            d.u.i.k.p.r.p.TestFile    ... success: reloaded. 
362403     INFO  main            d.u.i.k.p.r.p.TestFile    Now processing file /home/runner/work/key/key/key.core/../key.ui/examples/standard_key/java_dl/postConditionTaclets2.key 
362403     INFO  main            d.u.i.k.p.i.AbstractProblemLoader Loading environment from /home/runner/work/key/key/key.core/../key.ui/examples/standard_key/java_dl/postConditionTaclets2.key 
362403     DEBUG main            d.u.i.k.p.i.AbstractProblemLoader Environment load took 141.8ns 
362404     INFO  main            d.u.i.k.p.i.AbstractProblemLoader Creating init config 
364602     DEBUG main            d.u.i.k.p.i.AbstractProblemLoader Init config took 2.2s 
364615     INFO  main            d.u.i.k.p.i.AbstractProblemLoader Replaying proof postConditionTaclets2.key 
364616     DEBUG main            d.u.i.k.p.i.IntermediateProofReplayer Proof replay took 6.7ns 
364718     INFO  main            d.u.i.k.p.r.p.TestFile    ... finished proof: closed. 
365098     INFO  main            d.u.i.k.p.i.AbstractProblemLoader Loading environment from /home/runner/work/key/key/key.core/../key.ui/examples/standard_key/java_dl/postConditionTaclets2.key.proof 
365099     DEBUG main            d.u.i.k.p.i.AbstractProblemLoader Environment load took 66.8ns 
365099     INFO  main            d.u.i.k.p.i.AbstractProblemLoader Creating init config 
367257     DEBUG main            d.u.i.k.p.i.AbstractProblemLoader Init config took 2.16s 
367270     INFO  main            d.u.i.k.p.i.AbstractProblemLoader Replaying proof postConditionTaclets2.key.proof 
367272     DEBUG main            d.u.i.k.p.i.IntermediateProofReplayer Proof replay took 531.9ns 
367273     DEBUG main            d.u.i.k.p.r.p.TestFile    ... success: reloaded. 
367273     INFO  main            d.u.i.k.p.r.p.TestFile    Now processing file /home/runner/work/key/key/key.core/../key.ui/examples/standard_key/java_dl/quantifiedQuery.key 
367273     INFO  main            d.u.i.k.p.i.AbstractProblemLoader Loading environment from /home/runner/work/key/key/key.core/../key.ui/examples/standard_key/java_dl/quantifiedQuery.key 
367273     DEBUG main            d.u.i.k.p.i.AbstractProblemLoader Environment load took 66.5ns 
367275     INFO  main            d.u.i.k.p.i.AbstractProblemLoader Creating init config 
369503     DEBUG main            d.u.i.k.p.i.AbstractProblemLoader Init config took 2.23s 
369516     INFO  main            d.u.i.k.p.i.AbstractProblemLoader Replaying proof quantifiedQuery.key 
369518     DEBUG main            d.u.i.k.p.i.IntermediateProofReplayer Proof replay took 6.2ns 
369623     INFO  main            d.u.i.k.p.r.p.TestFile    ... finished proof: closed. 
370016     INFO  main            d.u.i.k.p.i.AbstractProblemLoader Loading environment from /home/runner/work/key/key/key.core/../key.ui/examples/standard_key/java_dl/quantifiedQuery.key.proof 
370016     DEBUG main            d.u.i.k.p.i.AbstractProblemLoader Environment load took 66.3ns 
370017     INFO  main            d.u.i.k.p.i.AbstractProblemLoader Creating init config 
372240     DEBUG main            d.u.i.k.p.i.AbstractProblemLoader Init config took 2.22s 
372253     INFO  main            d.u.i.k.p.i.AbstractProblemLoader Replaying proof quantifiedQuery.key.proof 
372263     DEBUG main            d.u.i.k.p.i.IntermediateProofReplayer Proof replay took 8.33ms 
372264     DEBUG main            d.u.i.k.p.r.p.TestFile    ... success: reloaded. 
372265     INFO  main            d.u.i.k.p.r.p.TestFile    Now processing file /home/runner/work/key/key/key.core/../key.ui/examples/standard_key/java_dl/recursion/triangular.key 
372265     INFO  main            d.u.i.k.p.i.AbstractProblemLoader Loading environment from /home/runner/work/key/key/key.core/../key.ui/examples/standard_key/java_dl/recursion/triangular.key 
372265     DEBUG main            d.u.i.k.p.i.AbstractProblemLoader Environment load took 51.6ns 
372266     INFO  main            d.u.i.k.p.i.AbstractProblemLoader Creating init config 
374486     DEBUG main            d.u.i.k.p.i.AbstractProblemLoader Init config took 2.22s 
374534     INFO  main            d.u.i.k.p.i.AbstractProblemLoader Replaying proof Triangular[Triangular::tria(int)].JML normal_behavior operation contract.0 
374535     DEBUG main            d.u.i.k.p.i.IntermediateProofReplayer Proof replay took 6.8ns 
374739     INFO  main            d.u.i.k.p.r.p.TestFile    ... finished proof: closed. 
375144     INFO  main            d.u.i.k.p.i.AbstractProblemLoader Loading environment from /home/runner/work/key/key/key.core/../key.ui/examples/standard_key/java_dl/recursion/triangular.key.proof 
375144     DEBUG main            d.u.i.k.p.i.AbstractProblemLoader Environment load took 70.4ns 
375145     INFO  main            d.u.i.k.p.i.AbstractProblemLoader Creating init config 
377349     DEBUG main            d.u.i.k.p.i.AbstractProblemLoader Init config took 2.2s 
377381     INFO  main            d.u.i.k.p.i.AbstractProblemLoader Replaying proof Triangular[Triangular::tria(int)].JML normal_behavior operation contract.0 
377409     DEBUG main            d.u.i.k.p.i.IntermediateProofReplayer Proof replay took 26.65ms 
377410     DEBUG main            d.u.i.k.p.r.p.TestFile    ... success: reloaded. 
377410     INFO  main            d.u.i.k.p.r.p.TestFile    Now processing file /home/runner/work/key/key/key.core/../key.ui/examples/standard_key/java_dl/reverseArray.key 
377410     INFO  main            d.u.i.k.p.i.AbstractProblemLoader Loading environment from /home/runner/work/key/key/key.core/../key.ui/examples/standard_key/java_dl/reverseArray.key 
377411     DEBUG main            d.u.i.k.p.i.AbstractProblemLoader Environment load took 63.1ns 
377412     INFO  main            d.u.i.k.p.i.AbstractProblemLoader Creating init config 
377430     WARN  main            d.u.i.k.j.r.KeYCrossReferenceNameInfo Datatype java.io.PrintStream declared twice: Once in FILE:/home/runner/work/key/key/key.core/../key.ui/examples/standard_key/java_dl/./classpath/PrintStream.java and once in URL:file:/home/runner/work/key/key/key.core/build/resources/main/de/uka/ilkd/key/java/JavaRedux/java/io/PrintStream.java, Keeping one from URL:file:/home/runner/work/key/key/key.core/build/resources/main/de/uka/ilkd/key/java/JavaRedux/java/io/PrintStream.java 
377430     WARN  main            d.u.i.k.j.r.KeYCrossReferenceNameInfo Datatype java.lang.System declared twice: Once in FILE:/home/runner/work/key/key/key.core/../key.ui/examples/standard_key/java_dl/./classpath/System.java and once in URL:file:/home/runner/work/key/key/key.core/build/resources/main/de/uka/ilkd/key/java/JavaRedux/java/lang/System.java, Keeping one from URL:file:/home/runner/work/key/key/key.core/build/resources/main/de/uka/ilkd/key/java/JavaRedux/java/lang/System.java 
377430     WARN  main            d.u.i.k.j.r.KeYCrossReferenceNameInfo Datatype java.io.InputStream declared twice: Once in FILE:/home/runner/work/key/key/key.core/../key.ui/examples/standard_key/java_dl/./classpath/InputStream.java and once in URL:file:/home/runner/work/key/key/key.core/build/resources/main/de/uka/ilkd/key/java/JavaRedux/java/io/InputStream.java, Keeping one from URL:file:/home/runner/work/key/key/key.core/build/resources/main/de/uka/ilkd/key/java/JavaRedux/java/io/InputStream.java 
377433     DEBUG main            d.u.i.k.j.r.ClassFileDeclarationBuilder Parsing: package java.io; public class Closeable { } 
377433     DEBUG main            r.s.KeYCrossReferenceSourceInfo Dynamically created class: java.io.Closeable 
379732     DEBUG main            d.u.i.k.p.i.AbstractProblemLoader Init config took 2.32s 
379746     INFO  main            d.u.i.k.p.i.AbstractProblemLoader Replaying proof reverseArray.key 
379747     DEBUG main            d.u.i.k.p.i.IntermediateProofReplayer Proof replay took 39.3ns 
383809     INFO  main            d.u.i.k.p.r.p.TestFile    ... finished proof: closed. 
384248     INFO  main            d.u.i.k.p.i.AbstractProblemLoader Loading environment from /home/runner/work/key/key/key.core/../key.ui/examples/standard_key/java_dl/reverseArray.key.proof 
384248     DEBUG main            d.u.i.k.p.i.AbstractProblemLoader Environment load took 114.9ns 
384249     INFO  main            d.u.i.k.p.i.AbstractProblemLoader Creating init config 
384267     WARN  main            d.u.i.k.j.r.KeYCrossReferenceNameInfo Datatype java.io.PrintStream declared twice: Once in FILE:/home/runner/work/key/key/key.core/../key.ui/examples/standard_key/java_dl/classpath/PrintStream.java and once in URL:file:/home/runner/work/key/key/key.core/build/resources/main/de/uka/ilkd/key/java/JavaRedux/java/io/PrintStream.java, Keeping one from URL:file:/home/runner/work/key/key/key.core/build/resources/main/de/uka/ilkd/key/java/JavaRedux/java/io/PrintStream.java 
384267     WARN  main            d.u.i.k.j.r.KeYCrossReferenceNameInfo Datatype java.lang.System declared twice: Once in FILE:/home/runner/work/key/key/key.core/../key.ui/examples/standard_key/java_dl/classpath/System.java and once in URL:file:/home/runner/work/key/key/key.core/build/resources/main/de/uka/ilkd/key/java/JavaRedux/java/lang/System.java, Keeping one from URL:file:/home/runner/work/key/key/key.core/build/resources/main/de/uka/ilkd/key/java/JavaRedux/java/lang/System.java 
384267     WARN  main            d.u.i.k.j.r.KeYCrossReferenceNameInfo Datatype java.io.InputStream declared twice: Once in FILE:/home/runner/work/key/key/key.core/../key.ui/examples/standard_key/java_dl/classpath/InputStream.java and once in URL:file:/home/runner/work/key/key/key.core/build/resources/main/de/uka/ilkd/key/java/JavaRedux/java/io/InputStream.java, Keeping one from URL:file:/home/runner/work/key/key/key.core/build/resources/main/de/uka/ilkd/key/java/JavaRedux/java/io/InputStream.java 
384270     DEBUG main            d.u.i.k.j.r.ClassFileDeclarationBuilder Parsing: package java.io; public class Closeable { } 
384270     DEBUG main            r.s.KeYCrossReferenceSourceInfo Dynamically created class: java.io.Closeable 
386588     DEBUG main            d.u.i.k.p.i.AbstractProblemLoader Init config took 2.34s 
386604     INFO  main            d.u.i.k.p.i.AbstractProblemLoader Replaying proof reverseArray.key.proof 
387230     DEBUG main            d.u.i.k.p.i.IntermediateProofReplayer Proof replay took 614.22ms 
387232     DEBUG main            d.u.i.k.p.r.p.TestFile    ... success: reloaded. 
387232     INFO  main            d.u.i.k.p.r.p.TestFile    Now processing file /home/runner/work/key/key/key.core/../key.ui/examples/standard_key/java_dl/reverseArray2.key 
387233     INFO  main            d.u.i.k.p.i.AbstractProblemLoader Loading environment from /home/runner/work/key/key/key.core/../key.ui/examples/standard_key/java_dl/reverseArray2.key 
387233     DEBUG main            d.u.i.k.p.i.AbstractProblemLoader Environment load took 55.3ns 
387234     INFO  main            d.u.i.k.p.i.AbstractProblemLoader Creating init config 
387252     WARN  main            d.u.i.k.j.r.KeYCrossReferenceNameInfo Datatype java.io.PrintStream declared twice: Once in FILE:/home/runner/work/key/key/key.core/../key.ui/examples/standard_key/java_dl/classpath/PrintStream.java and once in URL:file:/home/runner/work/key/key/key.core/build/resources/main/de/uka/ilkd/key/java/JavaRedux/java/io/PrintStream.java, Keeping one from URL:file:/home/runner/work/key/key/key.core/build/resources/main/de/uka/ilkd/key/java/JavaRedux/java/io/PrintStream.java 
387252     WARN  main            d.u.i.k.j.r.KeYCrossReferenceNameInfo Datatype java.lang.System declared twice: Once in FILE:/home/runner/work/key/key/key.core/../key.ui/examples/standard_key/java_dl/classpath/System.java and once in URL:file:/home/runner/work/key/key/key.core/build/resources/main/de/uka/ilkd/key/java/JavaRedux/java/lang/System.java, Keeping one from URL:file:/home/runner/work/key/key/key.core/build/resources/main/de/uka/ilkd/key/java/JavaRedux/java/lang/System.java 
387252     WARN  main            d.u.i.k.j.r.KeYCrossReferenceNameInfo Datatype java.io.InputStream declared twice: Once in FILE:/home/runner/work/key/key/key.core/../key.ui/examples/standard_key/java_dl/classpath/InputStream.java and once in URL:file:/home/runner/work/key/key/key.core/build/resources/main/de/uka/ilkd/key/java/JavaRedux/java/io/InputStream.java, Keeping one from URL:file:/home/runner/work/key/key/key.core/build/resources/main/de/uka/ilkd/key/java/JavaRedux/java/io/InputStream.java 
387255     DEBUG main            d.u.i.k.j.r.ClassFileDeclarationBuilder Parsing: package java.io; public class Closeable { } 
387255     DEBUG main            r.s.KeYCrossReferenceSourceInfo Dynamically created class: java.io.Closeable 
389560     DEBUG main            d.u.i.k.p.i.AbstractProblemLoader Init config took 2.33s 
389574     INFO  main            d.u.i.k.p.i.AbstractProblemLoader Replaying proof reverseArray2.key 
389575     DEBUG main            d.u.i.k.p.i.IntermediateProofReplayer Proof replay took 2.9ns 
390896     INFO  main            d.u.i.k.p.r.p.TestFile    ... finished proof: closed. 
391384     INFO  main            d.u.i.k.p.i.AbstractProblemLoader Loading environment from /home/runner/work/key/key/key.core/../key.ui/examples/standard_key/java_dl/reverseArray2.key.proof 
391384     DEBUG main            d.u.i.k.p.i.AbstractProblemLoader Environment load took 77.3ns 
391386     INFO  main            d.u.i.k.p.i.AbstractProblemLoader Creating init config 
391407     WARN  main            d.u.i.k.j.r.KeYCrossReferenceNameInfo Datatype java.io.PrintStream declared twice: Once in FILE:/home/runner/work/key/key/key.core/../key.ui/examples/standard_key/java_dl/classpath/PrintStream.java and once in URL:file:/home/runner/work/key/key/key.core/build/resources/main/de/uka/ilkd/key/java/JavaRedux/java/io/PrintStream.java, Keeping one from URL:file:/home/runner/work/key/key/key.core/build/resources/main/de/uka/ilkd/key/java/JavaRedux/java/io/PrintStream.java 
391407     WARN  main            d.u.i.k.j.r.KeYCrossReferenceNameInfo Datatype java.lang.System declared twice: Once in FILE:/home/runner/work/key/key/key.core/../key.ui/examples/standard_key/java_dl/classpath/System.java and once in URL:file:/home/runner/work/key/key/key.core/build/resources/main/de/uka/ilkd/key/java/JavaRedux/java/lang/System.java, Keeping one from URL:file:/home/runner/work/key/key/key.core/build/resources/main/de/uka/ilkd/key/java/JavaRedux/java/lang/System.java 
391407     WARN  main            d.u.i.k.j.r.KeYCrossReferenceNameInfo Datatype java.io.InputStream declared twice: Once in FILE:/home/runner/work/key/key/key.core/../key.ui/examples/standard_key/java_dl/classpath/InputStream.java and once in URL:file:/home/runner/work/key/key/key.core/build/resources/main/de/uka/ilkd/key/java/JavaRedux/java/io/InputStream.java, Keeping one from URL:file:/home/runner/work/key/key/key.core/build/resources/main/de/uka/ilkd/key/java/JavaRedux/java/io/InputStream.java 
391410     DEBUG main            d.u.i.k.j.r.ClassFileDeclarationBuilder Parsing: package java.io; public class Closeable { } 
391410     DEBUG main            r.s.KeYCrossReferenceSourceInfo Dynamically created class: java.io.Closeable 
393658     DEBUG main            d.u.i.k.p.i.AbstractProblemLoader Init config took 2.27s 
393672     INFO  main            d.u.i.k.p.i.AbstractProblemLoader Replaying proof reverseArray2.key.proof 
393882     DEBUG main            d.u.i.k.p.i.IntermediateProofReplayer Proof replay took 206.02ms 
393884     DEBUG main            d.u.i.k.p.r.p.TestFile    ... success: reloaded. 
393884     INFO  main            d.u.i.k.p.r.p.TestFile    Now processing file /home/runner/work/key/key/key.core/../key.ui/examples/standard_key/java_dl/simpleAssignment.key 
393885     INFO  main            d.u.i.k.p.i.AbstractProblemLoader Loading environment from /home/runner/work/key/key/key.core/../key.ui/examples/standard_key/java_dl/simpleAssignment.key 
393885     DEBUG main            d.u.i.k.p.i.AbstractProblemLoader Environment load took 69.5ns 
393886     INFO  main            d.u.i.k.p.i.AbstractProblemLoader Creating init config 
396065     DEBUG main            d.u.i.k.p.i.AbstractProblemLoader Init config took 2.18s 
396078     INFO  main            d.u.i.k.p.i.AbstractProblemLoader Replaying proof simpleAssignment.key 
396079     DEBUG main            d.u.i.k.p.i.IntermediateProofReplayer Proof replay took 2.5ns 
396180     INFO  main            d.u.i.k.p.r.p.TestFile    ... finished proof: closed. 
396640     INFO  main            d.u.i.k.p.i.AbstractProblemLoader Loading environment from /home/runner/work/key/key/key.core/../key.ui/examples/standard_key/java_dl/simpleAssignment.key.proof 
396640     DEBUG main            d.u.i.k.p.i.AbstractProblemLoader Environment load took 82.9ns 
396641     INFO  main            d.u.i.k.p.i.AbstractProblemLoader Creating init config 
398788     DEBUG main            d.u.i.k.p.i.AbstractProblemLoader Init config took 2.15s 
398801     INFO  main            d.u.i.k.p.i.AbstractProblemLoader Replaying proof simpleAssignment.key.proof 
398803     DEBUG main            d.u.i.k.p.i.IntermediateProofReplayer Proof replay took 528ns 
398803     DEBUG main            d.u.i.k.p.r.p.TestFile    ... success: reloaded. 
398804     INFO  main            d.u.i.k.p.r.p.TestFile    Now processing file /home/runner/work/key/key/key.core/../key.ui/examples/standard_key/java_dl/simpleAssignment2.key 
398804     INFO  main            d.u.i.k.p.i.AbstractProblemLoader Loading environment from /home/runner/work/key/key/key.core/../key.ui/examples/standard_key/java_dl/simpleAssignment2.key 
398804     DEBUG main            d.u.i.k.p.i.AbstractProblemLoader Environment load took 42.1ns 
398804     INFO  main            d.u.i.k.p.i.AbstractProblemLoader Creating init config 
400971     DEBUG main            d.u.i.k.p.i.AbstractProblemLoader Init config took 2.17s 
400983     INFO  main            d.u.i.k.p.i.AbstractProblemLoader Replaying proof simpleAssignment2.key 
400984     DEBUG main            d.u.i.k.p.i.IntermediateProofReplayer Proof replay took 2.4ns 
401087     INFO  main            d.u.i.k.p.r.p.TestFile    ... finished proof: closed. 
401506     INFO  main            d.u.i.k.p.i.AbstractProblemLoader Loading environment from /home/runner/work/key/key/key.core/../key.ui/examples/standard_key/java_dl/simpleAssignment2.key.proof 
401506     DEBUG main            d.u.i.k.p.i.AbstractProblemLoader Environment load took 67.4ns 
401507     INFO  main            d.u.i.k.p.i.AbstractProblemLoader Creating init config 
403646     DEBUG main            d.u.i.k.p.i.AbstractProblemLoader Init config took 2.14s 
403658     INFO  main            d.u.i.k.p.i.AbstractProblemLoader Replaying proof simpleAssignment2.key.proof 
403661     DEBUG main            d.u.i.k.p.i.IntermediateProofReplayer Proof replay took 326ns 
403661     DEBUG main            d.u.i.k.p.r.p.TestFile    ... success: reloaded. 
403661     INFO  main            d.u.i.k.p.r.p.TestFile    Now processing file /home/runner/work/key/key/key.core/../key.ui/examples/standard_key/java_dl/splittingWithQueries.key 
403661     INFO  main            d.u.i.k.p.i.AbstractProblemLoader Loading environment from /home/runner/work/key/key/key.core/../key.ui/examples/standard_key/java_dl/splittingWithQueries.key 
403661     DEBUG main            d.u.i.k.p.i.AbstractProblemLoader Environment load took 38.9ns 
403662     INFO  main            d.u.i.k.p.i.AbstractProblemLoader Creating init config 
405877     DEBUG main            d.u.i.k.p.i.AbstractProblemLoader Init config took 2.21s 
405889     INFO  main            d.u.i.k.p.i.AbstractProblemLoader Replaying proof splittingWithQueries.key 
405890     DEBUG main            d.u.i.k.p.i.IntermediateProofReplayer Proof replay took 2.5ns 
405991     INFO  main            d.u.i.k.p.r.p.TestFile    ... finished proof: closed. 
406412     INFO  main            d.u.i.k.p.i.AbstractProblemLoader Loading environment from /home/runner/work/key/key/key.core/../key.ui/examples/standard_key/java_dl/splittingWithQueries.key.proof 
406412     DEBUG main            d.u.i.k.p.i.AbstractProblemLoader Environment load took 69.2ns 
406413     INFO  main            d.u.i.k.p.i.AbstractProblemLoader Creating init config 
408613     DEBUG main            d.u.i.k.p.i.AbstractProblemLoader Init config took 2.2s 
408625     INFO  main            d.u.i.k.p.i.AbstractProblemLoader Replaying proof splittingWithQueries.key.proof 
408628     DEBUG main            d.u.i.k.p.i.IntermediateProofReplayer Proof replay took 1.44ms 
408629     DEBUG main            d.u.i.k.p.r.p.TestFile    ... success: reloaded. 
408629     INFO  main            d.u.i.k.p.r.p.TestFile    Now processing file /home/runner/work/key/key/key.core/../key.ui/examples/standard_key/java_dl/strassen/strassen.key 
408629     INFO  main            d.u.i.k.p.i.AbstractProblemLoader Loading environment from /home/runner/work/key/key/key.core/../key.ui/examples/standard_key/java_dl/strassen/strassen.key 
408630     DEBUG main            d.u.i.k.p.i.AbstractProblemLoader Environment load took 89.9ns 
408630     INFO  main            d.u.i.k.p.i.AbstractProblemLoader Creating init config 
410930     DEBUG main            d.u.i.k.p.i.AbstractProblemLoader Init config took 2.3s 
410978     INFO  main            d.u.i.k.p.i.AbstractProblemLoader Replaying proof Matrix22[Matrix22::strassen(Matrix22,Matrix22)].JML normal_behavior operation contract.0 
410979     DEBUG main            d.u.i.k.p.i.IntermediateProofReplayer Proof replay took 2.3ns 
415355     INFO  main            d.u.i.k.p.r.p.TestFile    ... finished proof: closed. 
415904     INFO  main            d.u.i.k.p.i.AbstractProblemLoader Loading environment from /home/runner/work/key/key/key.core/../key.ui/examples/standard_key/java_dl/strassen/strassen.key.proof 
415905     DEBUG main            d.u.i.k.p.i.AbstractProblemLoader Environment load took 311.8ns 
415906     INFO  main            d.u.i.k.p.i.AbstractProblemLoader Creating init config 
418191     DEBUG main            d.u.i.k.p.i.AbstractProblemLoader Init config took 2.28s 
418224     INFO  main            d.u.i.k.p.i.AbstractProblemLoader Replaying proof Matrix22[Matrix22::strassen(Matrix22,Matrix22)].JML normal_behavior operation contract.0 
418892     DEBUG main            d.u.i.k.p.i.IntermediateProofReplayer Proof replay took 657.95ms 
418893     DEBUG main            d.u.i.k.p.r.p.TestFile    ... success: reloaded. 
418894     INFO  main            d.u.i.k.p.r.p.TestFile    Now processing file /home/runner/work/key/key/key.core/../key.ui/examples/standard_key/java_dl/symmArray.key 
418894     INFO  main            d.u.i.k.p.i.AbstractProblemLoader Loading environment from /home/runner/work/key/key/key.core/../key.ui/examples/standard_key/java_dl/symmArray.key 
418894     DEBUG main            d.u.i.k.p.i.AbstractProblemLoader Environment load took 143.3ns 
418897     INFO  main            d.u.i.k.p.i.AbstractProblemLoader Creating init config 
421223     DEBUG main            d.u.i.k.p.i.AbstractProblemLoader Init config took 2.33s 
421236     INFO  main            d.u.i.k.p.i.AbstractProblemLoader Replaying proof symmArray.key 
421238     DEBUG main            d.u.i.k.p.i.IntermediateProofReplayer Proof replay took 3.1ns 
499147     INFO  main            d.u.i.k.p.r.p.TestFile    ... finished proof: closed. 
499681     INFO  main            d.u.i.k.p.i.AbstractProblemLoader Loading environment from /home/runner/work/key/key/key.core/../key.ui/examples/standard_key/java_dl/symmArray.key.proof 
499681     DEBUG main            d.u.i.k.p.i.AbstractProblemLoader Environment load took 285.4ns 
499685     INFO  main            d.u.i.k.p.i.AbstractProblemLoader Creating init config 
501962     DEBUG main            d.u.i.k.p.i.AbstractProblemLoader Init config took 2.28s 
501977     INFO  main            d.u.i.k.p.i.AbstractProblemLoader Replaying proof symmArray.key.proof 
502981     DEBUG main            d.u.i.k.p.i.IntermediateProofReplayer Proof replay took 952.65ms 
502986     DEBUG main            d.u.i.k.p.r.p.TestFile    ... success: reloaded. 
502986     INFO  main            d.u.i.k.p.r.p.TestFile    Now processing file /home/runner/work/key/key/key.core/../key.ui/examples/standard_key/java_dl/testcontext.key 
502987     INFO  main            d.u.i.k.p.i.AbstractProblemLoader Loading environment from /home/runner/work/key/key/key.core/../key.ui/examples/standard_key/java_dl/testcontext.key 
502987     DEBUG main            d.u.i.k.p.i.AbstractProblemLoader Environment load took 69ns 
502987     INFO  main            d.u.i.k.p.i.AbstractProblemLoader Creating init config 
503005     WARN  main            d.u.i.k.j.r.KeYCrossReferenceNameInfo Datatype java.io.PrintStream declared twice: Once in FILE:/home/runner/work/key/key/key.core/../key.ui/examples/standard_key/java_dl/classpath/PrintStream.java and once in URL:file:/home/runner/work/key/key/key.core/build/resources/main/de/uka/ilkd/key/java/JavaRedux/java/io/PrintStream.java, Keeping one from URL:file:/home/runner/work/key/key/key.core/build/resources/main/de/uka/ilkd/key/java/JavaRedux/java/io/PrintStream.java 
503005     WARN  main            d.u.i.k.j.r.KeYCrossReferenceNameInfo Datatype java.lang.System declared twice: Once in FILE:/home/runner/work/key/key/key.core/../key.ui/examples/standard_key/java_dl/classpath/System.java and once in URL:file:/home/runner/work/key/key/key.core/build/resources/main/de/uka/ilkd/key/java/JavaRedux/java/lang/System.java, Keeping one from URL:file:/home/runner/work/key/key/key.core/build/resources/main/de/uka/ilkd/key/java/JavaRedux/java/lang/System.java 
503005     WARN  main            d.u.i.k.j.r.KeYCrossReferenceNameInfo Datatype java.io.InputStream declared twice: Once in FILE:/home/runner/work/key/key/key.core/../key.ui/examples/standard_key/java_dl/classpath/InputStream.java and once in URL:file:/home/runner/work/key/key/key.core/build/resources/main/de/uka/ilkd/key/java/JavaRedux/java/io/InputStream.java, Keeping one from URL:file:/home/runner/work/key/key/key.core/build/resources/main/de/uka/ilkd/key/java/JavaRedux/java/io/InputStream.java 
503008     DEBUG main            d.u.i.k.j.r.ClassFileDeclarationBuilder Parsing: package java.io; public class Closeable { } 
503008     DEBUG main            r.s.KeYCrossReferenceSourceInfo Dynamically created class: java.io.Closeable 
505272     DEBUG main            d.u.i.k.p.i.AbstractProblemLoader Init config took 2.28s 
505285     INFO  main            d.u.i.k.p.i.AbstractProblemLoader Replaying proof testcontext.key 
505287     DEBUG main            d.u.i.k.p.i.IntermediateProofReplayer Proof replay took 3.9ns 
505591     INFO  main            d.u.i.k.p.r.p.TestFile    ... finished proof: closed. 
506151     INFO  main            d.u.i.k.p.i.AbstractProblemLoader Loading environment from /home/runner/work/key/key/key.core/../key.ui/examples/standard_key/java_dl/testcontext.key.proof 
506151     DEBUG main            d.u.i.k.p.i.AbstractProblemLoader Environment load took 71.4ns 
506152     INFO  main            d.u.i.k.p.i.AbstractProblemLoader Creating init config 
506172     WARN  main            d.u.i.k.j.r.KeYCrossReferenceNameInfo Datatype java.io.PrintStream declared twice: Once in FILE:/home/runner/work/key/key/key.core/../key.ui/examples/standard_key/java_dl/classpath/PrintStream.java and once in URL:file:/home/runner/work/key/key/key.core/build/resources/main/de/uka/ilkd/key/java/JavaRedux/java/io/PrintStream.java, Keeping one from URL:file:/home/runner/work/key/key/key.core/build/resources/main/de/uka/ilkd/key/java/JavaRedux/java/io/PrintStream.java 
506173     WARN  main            d.u.i.k.j.r.KeYCrossReferenceNameInfo Datatype java.lang.System declared twice: Once in FILE:/home/runner/work/key/key/key.core/../key.ui/examples/standard_key/java_dl/classpath/System.java and once in URL:file:/home/runner/work/key/key/key.core/build/resources/main/de/uka/ilkd/key/java/JavaRedux/java/lang/System.java, Keeping one from URL:file:/home/runner/work/key/key/key.core/build/resources/main/de/uka/ilkd/key/java/JavaRedux/java/lang/System.java 
506173     WARN  main            d.u.i.k.j.r.KeYCrossReferenceNameInfo Datatype java.io.InputStream declared twice: Once in FILE:/home/runner/work/key/key/key.core/../key.ui/examples/standard_key/java_dl/classpath/InputStream.java and once in URL:file:/home/runner/work/key/key/key.core/build/resources/main/de/uka/ilkd/key/java/JavaRedux/java/io/InputStream.java, Keeping one from URL:file:/home/runner/work/key/key/key.core/build/resources/main/de/uka/ilkd/key/java/JavaRedux/java/io/InputStream.java 
506176     DEBUG main            d.u.i.k.j.r.ClassFileDeclarationBuilder Parsing: package java.io; public class Closeable { } 
506176     DEBUG main            r.s.KeYCrossReferenceSourceInfo Dynamically created class: java.io.Closeable 
508364     DEBUG main            d.u.i.k.p.i.AbstractProblemLoader Init config took 2.21s 
508377     INFO  main            d.u.i.k.p.i.AbstractProblemLoader Replaying proof testcontext.key.proof 
508428     DEBUG main            d.u.i.k.p.i.IntermediateProofReplayer Proof replay took 48.41ms 
508429     DEBUG main            d.u.i.k.p.r.p.TestFile    ... success: reloaded. 
508429     INFO  main            d.u.i.k.p.r.p.TestFile    Now processing file /home/runner/work/key/key/key.core/../key.ui/examples/standard_key/staticInitialisation/cascadeStaticInitialisation.key 
508429     INFO  main            d.u.i.k.p.i.AbstractProblemLoader Loading environment from /home/runner/work/key/key/key.core/../key.ui/examples/standard_key/staticInitialisation/cascadeStaticInitialisation.key 
508430     DEBUG main            d.u.i.k.p.i.AbstractProblemLoader Environment load took 48.1ns 
508432     INFO  main            d.u.i.k.p.i.AbstractProblemLoader Creating init config 
508448     WARN  main            d.u.i.k.j.r.KeYCrossReferenceNameInfo Datatype java.io.PrintStream declared twice: Once in FILE:/home/runner/work/key/key/key.core/../key.ui/examples/standard_key/staticInitialisation/classpath/PrintStream.java and once in URL:file:/home/runner/work/key/key/key.core/build/resources/main/de/uka/ilkd/key/java/JavaRedux/java/io/PrintStream.java, Keeping one from URL:file:/home/runner/work/key/key/key.core/build/resources/main/de/uka/ilkd/key/java/JavaRedux/java/io/PrintStream.java 
508448     WARN  main            d.u.i.k.j.r.KeYCrossReferenceNameInfo Datatype java.lang.System declared twice: Once in FILE:/home/runner/work/key/key/key.core/../key.ui/examples/standard_key/staticInitialisation/classpath/System.java and once in URL:file:/home/runner/work/key/key/key.core/build/resources/main/de/uka/ilkd/key/java/JavaRedux/java/lang/System.java, Keeping one from URL:file:/home/runner/work/key/key/key.core/build/resources/main/de/uka/ilkd/key/java/JavaRedux/java/lang/System.java 
510751     DEBUG main            d.u.i.k.p.i.AbstractProblemLoader Init config took 2.32s 
510764     INFO  main            d.u.i.k.p.i.AbstractProblemLoader Replaying proof cascadeStaticInitialisation.key 
510765     DEBUG main            d.u.i.k.p.i.IntermediateProofReplayer Proof replay took 2.3ns 
511372     INFO  main            d.u.i.k.p.r.p.TestFile    ... finished proof: closed. 
511846     INFO  main            d.u.i.k.p.i.AbstractProblemLoader Loading environment from /home/runner/work/key/key/key.core/../key.ui/examples/standard_key/staticInitialisation/cascadeStaticInitialisation.key.proof 
511846     DEBUG main            d.u.i.k.p.i.AbstractProblemLoader Environment load took 152ns 
511847     INFO  main            d.u.i.k.p.i.AbstractProblemLoader Creating init config 
511865     WARN  main            d.u.i.k.j.r.KeYCrossReferenceNameInfo Datatype java.io.PrintStream declared twice: Once in FILE:/home/runner/work/key/key/key.core/../key.ui/examples/standard_key/staticInitialisation/classpath/PrintStream.java and once in URL:file:/home/runner/work/key/key/key.core/build/resources/main/de/uka/ilkd/key/java/JavaRedux/java/io/PrintStream.java, Keeping one from URL:file:/home/runner/work/key/key/key.core/build/resources/main/de/uka/ilkd/key/java/JavaRedux/java/io/PrintStream.java 
511865     WARN  main            d.u.i.k.j.r.KeYCrossReferenceNameInfo Datatype java.lang.System declared twice: Once in FILE:/home/runner/work/key/key/key.core/../key.ui/examples/standard_key/staticInitialisation/classpath/System.java and once in URL:file:/home/runner/work/key/key/key.core/build/resources/main/de/uka/ilkd/key/java/JavaRedux/java/lang/System.java, Keeping one from URL:file:/home/runner/work/key/key/key.core/build/resources/main/de/uka/ilkd/key/java/JavaRedux/java/lang/System.java 
514041     DEBUG main            d.u.i.k.p.i.AbstractProblemLoader Init config took 2.19s 
514054     INFO  main            d.u.i.k.p.i.AbstractProblemLoader Replaying proof cascadeStaticInitialisation.key.proof 
514189     DEBUG main            d.u.i.k.p.i.IntermediateProofReplayer Proof replay took 131.87ms 
514190     DEBUG main            d.u.i.k.p.r.p.TestFile    ... success: reloaded. 
514191     INFO  main            d.u.i.k.p.r.p.TestFile    Now processing file /home/runner/work/key/key/key.core/../key.ui/examples/standard_key/staticInitialisation/erroneousClassImpliesErroneousSubclass.key 
514191     INFO  main            d.u.i.k.p.i.AbstractProblemLoader Loading environment from /home/runner/work/key/key/key.core/../key.ui/examples/standard_key/staticInitialisation/erroneousClassImpliesErroneousSubclass.key 
514191     DEBUG main            d.u.i.k.p.i.AbstractProblemLoader Environment load took 63.7ns 
514192     INFO  main            d.u.i.k.p.i.AbstractProblemLoader Creating init config 
514208     WARN  main            d.u.i.k.j.r.KeYCrossReferenceNameInfo Datatype java.io.PrintStream declared twice: Once in FILE:/home/runner/work/key/key/key.core/../key.ui/examples/standard_key/staticInitialisation/classpath/PrintStream.java and once in URL:file:/home/runner/work/key/key/key.core/build/resources/main/de/uka/ilkd/key/java/JavaRedux/java/io/PrintStream.java, Keeping one from URL:file:/home/runner/work/key/key/key.core/build/resources/main/de/uka/ilkd/key/java/JavaRedux/java/io/PrintStream.java 
514208     WARN  main            d.u.i.k.j.r.KeYCrossReferenceNameInfo Datatype java.lang.System declared twice: Once in FILE:/home/runner/work/key/key/key.core/../key.ui/examples/standard_key/staticInitialisation/classpath/System.java and once in URL:file:/home/runner/work/key/key/key.core/build/resources/main/de/uka/ilkd/key/java/JavaRedux/java/lang/System.java, Keeping one from URL:file:/home/runner/work/key/key/key.core/build/resources/main/de/uka/ilkd/key/java/JavaRedux/java/lang/System.java 
516423     DEBUG main            d.u.i.k.p.i.AbstractProblemLoader Init config took 2.23s 
516435     INFO  main            d.u.i.k.p.i.AbstractProblemLoader Replaying proof erroneousClassImpliesErroneousSubclass.key 
516436     DEBUG main            d.u.i.k.p.i.IntermediateProofReplayer Proof replay took 2.8ns 
516537     INFO  main            d.u.i.k.p.r.p.TestFile    ... finished proof: closed. 
517022     INFO  main            d.u.i.k.p.i.AbstractProblemLoader Loading environment from /home/runner/work/key/key/key.core/../key.ui/examples/standard_key/staticInitialisation/erroneousClassImpliesErroneousSubclass.key.proof 
517022     DEBUG main            d.u.i.k.p.i.AbstractProblemLoader Environment load took 67.6ns 
517023     INFO  main            d.u.i.k.p.i.AbstractProblemLoader Creating init config 
517040     WARN  main            d.u.i.k.j.r.KeYCrossReferenceNameInfo Datatype java.io.PrintStream declared twice: Once in FILE:/home/runner/work/key/key/key.core/../key.ui/examples/standard_key/staticInitialisation/classpath/PrintStream.java and once in URL:file:/home/runner/work/key/key/key.core/build/resources/main/de/uka/ilkd/key/java/JavaRedux/java/io/PrintStream.java, Keeping one from URL:file:/home/runner/work/key/key/key.core/build/resources/main/de/uka/ilkd/key/java/JavaRedux/java/io/PrintStream.java 
517040     WARN  main            d.u.i.k.j.r.KeYCrossReferenceNameInfo Datatype java.lang.System declared twice: Once in FILE:/home/runner/work/key/key/key.core/../key.ui/examples/standard_key/staticInitialisation/classpath/System.java and once in URL:file:/home/runner/work/key/key/key.core/build/resources/main/de/uka/ilkd/key/java/JavaRedux/java/lang/System.java, Keeping one from URL:file:/home/runner/work/key/key/key.core/build/resources/main/de/uka/ilkd/key/java/JavaRedux/java/lang/System.java 
519287     DEBUG main            d.u.i.k.p.i.AbstractProblemLoader Init config took 2.26s 
519302     INFO  main            d.u.i.k.p.i.AbstractProblemLoader Replaying proof erroneousClassImpliesErroneousSubclass.key.proof 
519304     DEBUG main            d.u.i.k.p.i.IntermediateProofReplayer Proof replay took 428.3ns 
519304     DEBUG main            d.u.i.k.p.r.p.TestFile    ... success: reloaded. 
519305     INFO  main            d.u.i.k.p.r.p.TestFile    Now processing file /home/runner/work/key/key/key.core/../key.ui/examples/standard_key/staticInitialisation/initializedSubclassImpliesInitializedSuperclass.key 
519305     INFO  main            d.u.i.k.p.i.AbstractProblemLoader Loading environment from /home/runner/work/key/key/key.core/../key.ui/examples/standard_key/staticInitialisation/initializedSubclassImpliesInitializedSuperclass.key 
519305     DEBUG main            d.u.i.k.p.i.AbstractProblemLoader Environment load took 51.6ns 
519306     INFO  main            d.u.i.k.p.i.AbstractProblemLoader Creating init config 
519322     WARN  main            d.u.i.k.j.r.KeYCrossReferenceNameInfo Datatype java.io.PrintStream declared twice: Once in FILE:/home/runner/work/key/key/key.core/../key.ui/examples/standard_key/staticInitialisation/classpath/PrintStream.java and once in URL:file:/home/runner/work/key/key/key.core/build/resources/main/de/uka/ilkd/key/java/JavaRedux/java/io/PrintStream.java, Keeping one from URL:file:/home/runner/work/key/key/key.core/build/resources/main/de/uka/ilkd/key/java/JavaRedux/java/io/PrintStream.java 
519323     WARN  main            d.u.i.k.j.r.KeYCrossReferenceNameInfo Datatype java.lang.System declared twice: Once in FILE:/home/runner/work/key/key/key.core/../key.ui/examples/standard_key/staticInitialisation/classpath/System.java and once in URL:file:/home/runner/work/key/key/key.core/build/resources/main/de/uka/ilkd/key/java/JavaRedux/java/lang/System.java, Keeping one from URL:file:/home/runner/work/key/key/key.core/build/resources/main/de/uka/ilkd/key/java/JavaRedux/java/lang/System.java 
521533     DEBUG main            d.u.i.k.p.i.AbstractProblemLoader Init config took 2.23s 
521545     INFO  main            d.u.i.k.p.i.AbstractProblemLoader Replaying proof initializedSubclassImpliesInitializedSuperclass.key 
521546     DEBUG main            d.u.i.k.p.i.IntermediateProofReplayer Proof replay took 2.9ns 
521647     INFO  main            d.u.i.k.p.r.p.TestFile    ... finished proof: closed. 
522098     INFO  main            d.u.i.k.p.i.AbstractProblemLoader Loading environment from /home/runner/work/key/key/key.core/../key.ui/examples/standard_key/staticInitialisation/initializedSubclassImpliesInitializedSuperclass.key.proof 
522098     DEBUG main            d.u.i.k.p.i.AbstractProblemLoader Environment load took 64.2ns 
522099     INFO  main            d.u.i.k.p.i.AbstractProblemLoader Creating init config 
522116     WARN  main            d.u.i.k.j.r.KeYCrossReferenceNameInfo Datatype java.io.PrintStream declared twice: Once in FILE:/home/runner/work/key/key/key.core/../key.ui/examples/standard_key/staticInitialisation/classpath/PrintStream.java and once in URL:file:/home/runner/work/key/key/key.core/build/resources/main/de/uka/ilkd/key/java/JavaRedux/java/io/PrintStream.java, Keeping one from URL:file:/home/runner/work/key/key/key.core/build/resources/main/de/uka/ilkd/key/java/JavaRedux/java/io/PrintStream.java 
522116     WARN  main            d.u.i.k.j.r.KeYCrossReferenceNameInfo Datatype java.lang.System declared twice: Once in FILE:/home/runner/work/key/key/key.core/../key.ui/examples/standard_key/staticInitialisation/classpath/System.java and once in URL:file:/home/runner/work/key/key/key.core/build/resources/main/de/uka/ilkd/key/java/JavaRedux/java/lang/System.java, Keeping one from URL:file:/home/runner/work/key/key/key.core/build/resources/main/de/uka/ilkd/key/java/JavaRedux/java/lang/System.java 
524293     DEBUG main            d.u.i.k.p.i.AbstractProblemLoader Init config took 2.19s 
524304     INFO  main            d.u.i.k.p.i.AbstractProblemLoader Replaying proof initializedSubclassImpliesInitializedSuperclass.key.proof 
524306     DEBUG main            d.u.i.k.p.i.IntermediateProofReplayer Proof replay took 388.9ns 
524307     DEBUG main            d.u.i.k.p.r.p.TestFile    ... success: reloaded. 
524307     INFO  main            d.u.i.k.p.r.p.TestFile    Now processing file /home/runner/work/key/key/key.core/../key.ui/examples/standard_key/staticInitialisation/localDeclared.key 
524308     INFO  main            d.u.i.k.p.i.AbstractProblemLoader Loading environment from /home/runner/work/key/key/key.core/../key.ui/examples/standard_key/staticInitialisation/localDeclared.key 
524308     DEBUG main            d.u.i.k.p.i.AbstractProblemLoader Environment load took 48.9ns 
524309     INFO  main            d.u.i.k.p.i.AbstractProblemLoader Creating init config 
524326     WARN  main            d.u.i.k.j.r.KeYCrossReferenceNameInfo Datatype java.io.PrintStream declared twice: Once in FILE:/home/runner/work/key/key/key.core/../key.ui/examples/standard_key/staticInitialisation/classpath/PrintStream.java and once in URL:file:/home/runner/work/key/key/key.core/build/resources/main/de/uka/ilkd/key/java/JavaRedux/java/io/PrintStream.java, Keeping one from URL:file:/home/runner/work/key/key/key.core/build/resources/main/de/uka/ilkd/key/java/JavaRedux/java/io/PrintStream.java 
524326     WARN  main            d.u.i.k.j.r.KeYCrossReferenceNameInfo Datatype java.lang.System declared twice: Once in FILE:/home/runner/work/key/key/key.core/../key.ui/examples/standard_key/staticInitialisation/classpath/System.java and once in URL:file:/home/runner/work/key/key/key.core/build/resources/main/de/uka/ilkd/key/java/JavaRedux/java/lang/System.java, Keeping one from URL:file:/home/runner/work/key/key/key.core/build/resources/main/de/uka/ilkd/key/java/JavaRedux/java/lang/System.java 
526615     DEBUG main            d.u.i.k.p.i.AbstractProblemLoader Init config took 2.31s 
526628     INFO  main            d.u.i.k.p.i.AbstractProblemLoader Replaying proof localDeclared.key 
526629     DEBUG main            d.u.i.k.p.i.IntermediateProofReplayer Proof replay took 2.1ns 
526932     INFO  main            d.u.i.k.p.r.p.TestFile    ... finished proof: closed. 
527401     INFO  main            d.u.i.k.p.i.AbstractProblemLoader Loading environment from /home/runner/work/key/key/key.core/../key.ui/examples/standard_key/staticInitialisation/localDeclared.key.proof 
527402     DEBUG main            d.u.i.k.p.i.AbstractProblemLoader Environment load took 71.3ns 
527403     INFO  main            d.u.i.k.p.i.AbstractProblemLoader Creating init config 
527419     WARN  main            d.u.i.k.j.r.KeYCrossReferenceNameInfo Datatype java.io.PrintStream declared twice: Once in FILE:/home/runner/work/key/key/key.core/../key.ui/examples/standard_key/staticInitialisation/classpath/PrintStream.java and once in URL:file:/home/runner/work/key/key/key.core/build/resources/main/de/uka/ilkd/key/java/JavaRedux/java/io/PrintStream.java, Keeping one from URL:file:/home/runner/work/key/key/key.core/build/resources/main/de/uka/ilkd/key/java/JavaRedux/java/io/PrintStream.java 
527419     WARN  main            d.u.i.k.j.r.KeYCrossReferenceNameInfo Datatype java.lang.System declared twice: Once in FILE:/home/runner/work/key/key/key.core/../key.ui/examples/standard_key/staticInitialisation/classpath/System.java and once in URL:file:/home/runner/work/key/key/key.core/build/resources/main/de/uka/ilkd/key/java/JavaRedux/java/lang/System.java, Keeping one from URL:file:/home/runner/work/key/key/key.core/build/resources/main/de/uka/ilkd/key/java/JavaRedux/java/lang/System.java 
529592     DEBUG main            d.u.i.k.p.i.AbstractProblemLoader Init config took 2.19s 
529605     INFO  main            d.u.i.k.p.i.AbstractProblemLoader Replaying proof localDeclared.key.proof 
529657     DEBUG main            d.u.i.k.p.i.IntermediateProofReplayer Proof replay took 50.45ms 
529658     DEBUG main            d.u.i.k.p.r.p.TestFile    ... success: reloaded. 
529658     INFO  main            d.u.i.k.p.r.p.TestFile    Now processing file /home/runner/work/key/key/key.core/../key.ui/examples/standard_key/staticInitialisation/localDeclaredMethod.key 
529659     INFO  main            d.u.i.k.p.i.AbstractProblemLoader Loading environment from /home/runner/work/key/key/key.core/../key.ui/examples/standard_key/staticInitialisation/localDeclaredMethod.key 
529659     DEBUG main            d.u.i.k.p.i.AbstractProblemLoader Environment load took 76.8ns 
529660     INFO  main            d.u.i.k.p.i.AbstractProblemLoader Creating init config 
529676     WARN  main            d.u.i.k.j.r.KeYCrossReferenceNameInfo Datatype java.io.PrintStream declared twice: Once in FILE:/home/runner/work/key/key/key.core/../key.ui/examples/standard_key/staticInitialisation/classpath/PrintStream.java and once in URL:file:/home/runner/work/key/key/key.core/build/resources/main/de/uka/ilkd/key/java/JavaRedux/java/io/PrintStream.java, Keeping one from URL:file:/home/runner/work/key/key/key.core/build/resources/main/de/uka/ilkd/key/java/JavaRedux/java/io/PrintStream.java 
529676     WARN  main            d.u.i.k.j.r.KeYCrossReferenceNameInfo Datatype java.lang.System declared twice: Once in FILE:/home/runner/work/key/key/key.core/../key.ui/examples/standard_key/staticInitialisation/classpath/System.java and once in URL:file:/home/runner/work/key/key/key.core/build/resources/main/de/uka/ilkd/key/java/JavaRedux/java/lang/System.java, Keeping one from URL:file:/home/runner/work/key/key/key.core/build/resources/main/de/uka/ilkd/key/java/JavaRedux/java/lang/System.java 
531892     DEBUG main            d.u.i.k.p.i.AbstractProblemLoader Init config took 2.23s 
531905     INFO  main            d.u.i.k.p.i.AbstractProblemLoader Replaying proof localDeclaredMethod.key 
531906     DEBUG main            d.u.i.k.p.i.IntermediateProofReplayer Proof replay took 3ns 
532108     INFO  main            d.u.i.k.p.r.p.TestFile    ... finished proof: closed. 
532591     INFO  main            d.u.i.k.p.i.AbstractProblemLoader Loading environment from /home/runner/work/key/key/key.core/../key.ui/examples/standard_key/staticInitialisation/localDeclaredMethod.key.proof 
532591     DEBUG main            d.u.i.k.p.i.AbstractProblemLoader Environment load took 68.9ns 
532592     INFO  main            d.u.i.k.p.i.AbstractProblemLoader Creating init config 
532608     WARN  main            d.u.i.k.j.r.KeYCrossReferenceNameInfo Datatype java.io.PrintStream declared twice: Once in FILE:/home/runner/work/key/key/key.core/../key.ui/examples/standard_key/staticInitialisation/classpath/PrintStream.java and once in URL:file:/home/runner/work/key/key/key.core/build/resources/main/de/uka/ilkd/key/java/JavaRedux/java/io/PrintStream.java, Keeping one from URL:file:/home/runner/work/key/key/key.core/build/resources/main/de/uka/ilkd/key/java/JavaRedux/java/io/PrintStream.java 
532608     WARN  main            d.u.i.k.j.r.KeYCrossReferenceNameInfo Datatype java.lang.System declared twice: Once in FILE:/home/runner/work/key/key/key.core/../key.ui/examples/standard_key/staticInitialisation/classpath/System.java and once in URL:file:/home/runner/work/key/key/key.core/build/resources/main/de/uka/ilkd/key/java/JavaRedux/java/lang/System.java, Keeping one from URL:file:/home/runner/work/key/key/key.core/build/resources/main/de/uka/ilkd/key/java/JavaRedux/java/lang/System.java 
534783     DEBUG main            d.u.i.k.p.i.AbstractProblemLoader Init config took 2.19s 
534795     INFO  main            d.u.i.k.p.i.AbstractProblemLoader Replaying proof localDeclaredMethod.key.proof 
534844     DEBUG main            d.u.i.k.p.i.IntermediateProofReplayer Proof replay took 46.42ms 
534845     DEBUG main            d.u.i.k.p.r.p.TestFile    ... success: reloaded. 
534845     INFO  main            d.u.i.k.p.r.p.TestFile    Now processing file /home/runner/work/key/key/key.core/../key.ui/examples/standard_key/staticInitialisation/objectOfErroneousClass.key 
534846     INFO  main            d.u.i.k.p.i.AbstractProblemLoader Loading environment from /home/runner/work/key/key/key.core/../key.ui/examples/standard_key/staticInitialisation/objectOfErroneousClass.key 
534846     DEBUG main            d.u.i.k.p.i.AbstractProblemLoader Environment load took 81.1ns 
534847     INFO  main            d.u.i.k.p.i.AbstractProblemLoader Creating init config 
534863     WARN  main            d.u.i.k.j.r.KeYCrossReferenceNameInfo Datatype java.io.PrintStream declared twice: Once in FILE:/home/runner/work/key/key/key.core/../key.ui/examples/standard_key/staticInitialisation/classpath/PrintStream.java and once in URL:file:/home/runner/work/key/key/key.core/build/resources/main/de/uka/ilkd/key/java/JavaRedux/java/io/PrintStream.java, Keeping one from URL:file:/home/runner/work/key/key/key.core/build/resources/main/de/uka/ilkd/key/java/JavaRedux/java/io/PrintStream.java 
534863     WARN  main            d.u.i.k.j.r.KeYCrossReferenceNameInfo Datatype java.lang.System declared twice: Once in FILE:/home/runner/work/key/key/key.core/../key.ui/examples/standard_key/staticInitialisation/classpath/System.java and once in URL:file:/home/runner/work/key/key/key.core/build/resources/main/de/uka/ilkd/key/java/JavaRedux/java/lang/System.java, Keeping one from URL:file:/home/runner/work/key/key/key.core/build/resources/main/de/uka/ilkd/key/java/JavaRedux/java/lang/System.java 
537080     DEBUG main            d.u.i.k.p.i.AbstractProblemLoader Init config took 2.23s 
537094     INFO  main            d.u.i.k.p.i.AbstractProblemLoader Replaying proof objectOfErroneousClass.key 
537096     DEBUG main            d.u.i.k.p.i.IntermediateProofReplayer Proof replay took 2.5ns 
548573     INFO  main            d.u.i.k.p.r.p.TestFile    ... finished proof: closed. 
549126     INFO  main            d.u.i.k.p.i.AbstractProblemLoader Loading environment from /home/runner/work/key/key/key.core/../key.ui/examples/standard_key/staticInitialisation/objectOfErroneousClass.key.proof 
549126     DEBUG main            d.u.i.k.p.i.AbstractProblemLoader Environment load took 78.7ns 
549129     INFO  main            d.u.i.k.p.i.AbstractProblemLoader Creating init config 
549145     WARN  main            d.u.i.k.j.r.KeYCrossReferenceNameInfo Datatype java.io.PrintStream declared twice: Once in FILE:/home/runner/work/key/key/key.core/../key.ui/examples/standard_key/staticInitialisation/classpath/PrintStream.java and once in URL:file:/home/runner/work/key/key/key.core/build/resources/main/de/uka/ilkd/key/java/JavaRedux/java/io/PrintStream.java, Keeping one from URL:file:/home/runner/work/key/key/key.core/build/resources/main/de/uka/ilkd/key/java/JavaRedux/java/io/PrintStream.java 
549145     WARN  main            d.u.i.k.j.r.KeYCrossReferenceNameInfo Datatype java.lang.System declared twice: Once in FILE:/home/runner/work/key/key/key.core/../key.ui/examples/standard_key/staticInitialisation/classpath/System.java and once in URL:file:/home/runner/work/key/key/key.core/build/resources/main/de/uka/ilkd/key/java/JavaRedux/java/lang/System.java, Keeping one from URL:file:/home/runner/work/key/key/key.core/build/resources/main/de/uka/ilkd/key/java/JavaRedux/java/lang/System.java 
551328     DEBUG main            d.u.i.k.p.i.AbstractProblemLoader Init config took 2.2s 
551341     INFO  main            d.u.i.k.p.i.AbstractProblemLoader Replaying proof objectOfErroneousClass.key.proof 
553323     DEBUG main            d.u.i.k.p.i.IntermediateProofReplayer Proof replay took 1.95s 
553326     DEBUG main            d.u.i.k.p.r.p.TestFile    ... success: reloaded. 
553327     INFO  main            d.u.i.k.p.r.p.TestFile    Now processing file /home/runner/work/key/key/key.core/../key.ui/examples/standard_key/staticInitialisation/staticInitialisersAreNonSimple.key 
553327     INFO  main            d.u.i.k.p.i.AbstractProblemLoader Loading environment from /home/runner/work/key/key/key.core/../key.ui/examples/standard_key/staticInitialisation/staticInitialisersAreNonSimple.key 
553327     DEBUG main            d.u.i.k.p.i.AbstractProblemLoader Environment load took 131.7ns 
553329     INFO  main            d.u.i.k.p.i.AbstractProblemLoader Creating init config 
553345     WARN  main            d.u.i.k.j.r.KeYCrossReferenceNameInfo Datatype java.io.PrintStream declared twice: Once in FILE:/home/runner/work/key/key/key.core/../key.ui/examples/standard_key/staticInitialisation/classpath/PrintStream.java and once in URL:file:/home/runner/work/key/key/key.core/build/resources/main/de/uka/ilkd/key/java/JavaRedux/java/io/PrintStream.java, Keeping one from URL:file:/home/runner/work/key/key/key.core/build/resources/main/de/uka/ilkd/key/java/JavaRedux/java/io/PrintStream.java 
553345     WARN  main            d.u.i.k.j.r.KeYCrossReferenceNameInfo Datatype java.lang.System declared twice: Once in FILE:/home/runner/work/key/key/key.core/../key.ui/examples/standard_key/staticInitialisation/classpath/System.java and once in URL:file:/home/runner/work/key/key/key.core/build/resources/main/de/uka/ilkd/key/java/JavaRedux/java/lang/System.java, Keeping one from URL:file:/home/runner/work/key/key/key.core/build/resources/main/de/uka/ilkd/key/java/JavaRedux/java/lang/System.java 
555592     DEBUG main            d.u.i.k.p.i.AbstractProblemLoader Init config took 2.26s 
555605     INFO  main            d.u.i.k.p.i.AbstractProblemLoader Replaying proof staticInitialisersAreNonSimple.key 
555606     DEBUG main            d.u.i.k.p.i.IntermediateProofReplayer Proof replay took 2.2ns 
555911     INFO  main            d.u.i.k.p.r.p.TestFile    ... finished proof: closed. 
556475     INFO  main            d.u.i.k.p.i.AbstractProblemLoader Loading environment from /home/runner/work/key/key/key.core/../key.ui/examples/standard_key/staticInitialisation/staticInitialisersAreNonSimple.key.proof 
556475     DEBUG main            d.u.i.k.p.i.AbstractProblemLoader Environment load took 72ns 
556477     INFO  main            d.u.i.k.p.i.AbstractProblemLoader Creating init config 
556493     WARN  main            d.u.i.k.j.r.KeYCrossReferenceNameInfo Datatype java.io.PrintStream declared twice: Once in FILE:/home/runner/work/key/key/key.core/../key.ui/examples/standard_key/staticInitialisation/classpath/PrintStream.java and once in URL:file:/home/runner/work/key/key/key.core/build/resources/main/de/uka/ilkd/key/java/JavaRedux/java/io/PrintStream.java, Keeping one from URL:file:/home/runner/work/key/key/key.core/build/resources/main/de/uka/ilkd/key/java/JavaRedux/java/io/PrintStream.java 
556493     WARN  main            d.u.i.k.j.r.KeYCrossReferenceNameInfo Datatype java.lang.System declared twice: Once in FILE:/home/runner/work/key/key/key.core/../key.ui/examples/standard_key/staticInitialisation/classpath/System.java and once in URL:file:/home/runner/work/key/key/key.core/build/resources/main/de/uka/ilkd/key/java/JavaRedux/java/lang/System.java, Keeping one from URL:file:/home/runner/work/key/key/key.core/build/resources/main/de/uka/ilkd/key/java/JavaRedux/java/lang/System.java 
558671     DEBUG main            d.u.i.k.p.i.AbstractProblemLoader Init config took 2.19s 
558685     INFO  main            d.u.i.k.p.i.AbstractProblemLoader Replaying proof staticInitialisersAreNonSimple.key.proof 
558754     DEBUG main            d.u.i.k.p.i.IntermediateProofReplayer Proof replay took 67.71ms 
558756     DEBUG main            d.u.i.k.p.r.p.TestFile    ... success: reloaded. 
558756     INFO  main            d.u.i.k.p.r.p.TestFile    Now processing file /home/runner/work/key/key/key.core/../key.ui/examples/standard_key/types/disjoint.key 
558756     INFO  main            d.u.i.k.p.i.AbstractProblemLoader Loading environment from /home/runner/work/key/key/key.core/../key.ui/examples/standard_key/types/disjoint.key 
558757     DEBUG main            d.u.i.k.p.i.AbstractProblemLoader Environment load took 58.8ns 
558757     INFO  main            d.u.i.k.p.i.AbstractProblemLoader Creating init config 
560921     DEBUG main            d.u.i.k.p.i.AbstractProblemLoader Init config took 2.16s 
560933     INFO  main            d.u.i.k.p.i.AbstractProblemLoader Replaying proof disjoint.key 
560934     DEBUG main            d.u.i.k.p.i.IntermediateProofReplayer Proof replay took 2.3ns 
561035     INFO  main            d.u.i.k.p.r.p.TestFile    ... finished proof: closed. 
561537     INFO  main            d.u.i.k.p.i.AbstractProblemLoader Loading environment from /home/runner/work/key/key/key.core/../key.ui/examples/standard_key/types/disjoint.key.proof 
561537     DEBUG main            d.u.i.k.p.i.AbstractProblemLoader Environment load took 74.6ns 
561538     INFO  main            d.u.i.k.p.i.AbstractProblemLoader Creating init config 
563669     DEBUG main            d.u.i.k.p.i.AbstractProblemLoader Init config took 2.13s 
563681     INFO  main            d.u.i.k.p.i.AbstractProblemLoader Replaying proof disjoint.key.proof 
563683     DEBUG main            d.u.i.k.p.i.IntermediateProofReplayer Proof replay took 431.4ns 
563683     DEBUG main            d.u.i.k.p.r.p.TestFile    ... success: reloaded. 
563684     INFO  main            d.u.i.k.p.r.p.TestFile    Now processing file /home/runner/work/key/key/key.core/../key.ui/examples/../../key.core/src/test/resources/testcase/classpath/classpath.key 
563684     INFO  main            d.u.i.k.p.i.AbstractProblemLoader Loading environment from /home/runner/work/key/key/key.core/../key.ui/examples/../../key.core/src/test/resources/testcase/classpath/classpath.key 
563684     DEBUG main            d.u.i.k.p.i.AbstractProblemLoader Environment load took 86.6ns 
563684     INFO  main            d.u.i.k.p.i.AbstractProblemLoader Creating init config 
563703     WARN  main            d.u.i.k.j.r.KeYCrossReferenceNameInfo Datatype cp.C declared twice: Once in FILE:/home/runner/work/key/key/key.core/../key.ui/examples/../../key.core/src/test/resources/testcase/classpath/classpath/C.class and once in FILE:/home/runner/work/key/key/key.core/../key.ui/examples/../../key.core/src/test/resources/testcase/classpath/classpath/C.jml, Keeping one from FILE:/home/runner/work/key/key/key.core/../key.ui/examples/../../key.core/src/test/resources/testcase/classpath/classpath/C.jml 
563706     DEBUG main            d.u.i.k.j.r.ClassFileDeclarationBuilder Parsing: package cp; public class Unresolved1 { } 
563706     DEBUG main            r.s.KeYCrossReferenceSourceInfo Dynamically created class: cp.Unresolved1 
563706     DEBUG main            d.u.i.k.j.r.ClassFileDeclarationBuilder Parsing: package cp; public class Unresolved2 { } 
563706     DEBUG main            r.s.KeYCrossReferenceSourceInfo Dynamically created class: cp.Unresolved2 
566002     DEBUG main            d.u.i.k.p.i.AbstractProblemLoader Init config took 2.32s 
566016     INFO  main            d.u.i.k.p.i.AbstractProblemLoader Replaying proof classpath.key 
566018     DEBUG main            d.u.i.k.p.i.IntermediateProofReplayer Proof replay took 2.3ns 
566121     INFO  main            d.u.i.k.p.r.p.TestFile    ... finished proof: closed. 
566615     INFO  main            d.u.i.k.p.i.AbstractProblemLoader Loading environment from /home/runner/work/key/key/key.core/../key.ui/examples/../../key.core/src/test/resources/testcase/classpath/classpath.key.proof 
566616     DEBUG main            d.u.i.k.p.i.AbstractProblemLoader Environment load took 66.6ns 
566616     INFO  main            d.u.i.k.p.i.AbstractProblemLoader Creating init config 
566644     WARN  main            d.u.i.k.j.r.KeYCrossReferenceNameInfo Datatype cp.C declared twice: Once in FILE:/home/runner/work/key/key/key.core/../key.ui/examples/../../key.core/src/test/resources/testcase/classpath/classpath/C.class and once in FILE:/home/runner/work/key/key/key.core/../key.ui/examples/../../key.core/src/test/resources/testcase/classpath/classpath/C.jml, Keeping one from FILE:/home/runner/work/key/key/key.core/../key.ui/examples/../../key.core/src/test/resources/testcase/classpath/classpath/C.jml 
566647     DEBUG main            d.u.i.k.j.r.ClassFileDeclarationBuilder Parsing: package cp; public class Unresolved1 { } 
566647     DEBUG main            r.s.KeYCrossReferenceSourceInfo Dynamically created class: cp.Unresolved1 
566647     DEBUG main            d.u.i.k.j.r.ClassFileDeclarationBuilder Parsing: package cp; public class Unresolved2 { } 
566647     DEBUG main            r.s.KeYCrossReferenceSourceInfo Dynamically created class: cp.Unresolved2 
568904     DEBUG main            d.u.i.k.p.i.AbstractProblemLoader Init config took 2.29s 
568917     INFO  main            d.u.i.k.p.i.AbstractProblemLoader Replaying proof classpath.key.proof 
568919     DEBUG main            d.u.i.k.p.i.IntermediateProofReplayer Proof replay took 430.8ns 
568920     DEBUG main            d.u.i.k.p.r.p.TestFile    ... success: reloaded. 
568920     INFO  main            d.u.i.k.p.r.p.TestFile    Now processing file /home/runner/work/key/key/key.core/../key.ui/examples/heap/inconsistent_represents/MyClass_m.key 
568920     INFO  main            d.u.i.k.p.i.AbstractProblemLoader Loading environment from /home/runner/work/key/key/key.core/../key.ui/examples/heap/inconsistent_represents/MyClass_m.key 
568920     DEBUG main            d.u.i.k.p.i.AbstractProblemLoader Environment load took 40.1ns 
568921     INFO  main            d.u.i.k.p.i.AbstractProblemLoader Creating init config 
571173     DEBUG main            d.u.i.k.p.i.AbstractProblemLoader Init config took 2.25s 
571207     INFO  main            d.u.i.k.p.i.AbstractProblemLoader Replaying proof MyClass[MyClass::m()].JML operation contract.0 
571208     DEBUG main            d.u.i.k.p.i.IntermediateProofReplayer Proof replay took 2.5ns 
571310     INFO  main            d.u.i.k.p.r.p.TestFile    ... finished proof: open goal(s) 
571804     INFO  main            d.u.i.k.p.r.p.TestFile    Now processing file /home/runner/work/key/key/key.core/../key.ui/examples/heap/inconsistent_represents/MyClass_n.key 
571804     INFO  main            d.u.i.k.p.i.AbstractProblemLoader Loading environment from /home/runner/work/key/key/key.core/../key.ui/examples/heap/inconsistent_represents/MyClass_n.key 
571804     DEBUG main            d.u.i.k.p.i.AbstractProblemLoader Environment load took 45ns 
571805     INFO  main            d.u.i.k.p.i.AbstractProblemLoader Creating init config 
574033     DEBUG main            d.u.i.k.p.i.AbstractProblemLoader Init config took 2.23s 
574065     INFO  main            d.u.i.k.p.i.AbstractProblemLoader Replaying proof MyClass[MyClass::n()].JML operation contract.0 
574066     DEBUG main            d.u.i.k.p.i.IntermediateProofReplayer Proof replay took 2.1ns 
574171     INFO  main            d.u.i.k.p.r.p.TestFile    ... finished proof: open goal(s) 
3411361    INFO  Test worker     d.u.i.k.p.r.RunAllProofsTestUnit Returning from test javadl 
3411362    INFO  Test worker     d.u.i.k.p.r.RunAllProofsTestUnit Running test FOL 
357        INFO  Timeout watchdog d.u.i.k.p.r.p.ForkedTestFileRunner Timeout watcher launched (2000 secs.) 
385        WARN  main            d.u.i.k.s.ProofSettings   The settings in /home/runner/.key/proof-settings.props are *not* read. 
431        INFO  main            d.u.i.k.p.r.p.TestFile    Now processing file /home/runner/work/key/key/key.core/../key.ui/examples/standard_key/pred_log/count.key 
554        INFO  main            d.u.i.k.p.i.AbstractProblemLoader Loading environment from /home/runner/work/key/key/key.core/../key.ui/examples/standard_key/pred_log/count.key 
573        DEBUG main            d.u.i.k.p.i.AbstractProblemLoader Environment load took 2.04ms 
796        INFO  main            d.u.i.k.p.i.AbstractProblemLoader Creating init config 
1696       DEBUG main            d.u.i.k.j.TypeConverter   No LDT found for Meta 
1697       DEBUG main            d.u.i.k.j.TypeConverter   No LDT found for Meta 
1700       DEBUG main            d.u.i.k.j.TypeConverter   No LDT found for Meta 
1700       DEBUG main            d.u.i.k.j.TypeConverter   No LDT found for Meta 
2974       DEBUG main            d.u.i.k.j.TypeConverter   No LDT found for JavaBigintExpression 
7508       DEBUG main            d.u.i.k.p.i.AbstractProblemLoader Init config took 6.71s 
7565       INFO  main            d.u.i.k.p.i.AbstractProblemLoader Replaying proof count.key 
7593       DEBUG main            d.u.i.k.p.i.IntermediateProofReplayer Proof replay took 30.8ns 
7854       INFO  main            d.u.i.k.p.r.p.TestFile    ... finished proof: closed. 
7952       INFO  main            d.u.i.k.p.i.AbstractProblemLoader Loading environment from /home/runner/work/key/key/key.core/../key.ui/examples/standard_key/pred_log/count.key.proof 
7953       DEBUG main            d.u.i.k.p.i.AbstractProblemLoader Environment load took 913.3ns 
7958       INFO  main            d.u.i.k.p.i.AbstractProblemLoader Creating init config 
10598      DEBUG main            d.u.i.k.p.i.AbstractProblemLoader Init config took 2.64s 
10650      INFO  main            d.u.i.k.p.i.AbstractProblemLoader Replaying proof count.key.proof 
10674      DEBUG main            d.u.i.k.p.i.IntermediateProofReplayer Proof replay took 17.23ms 
10690      DEBUG main            d.u.i.k.p.r.p.TestFile    ... success: reloaded. 
10696      INFO  main            d.u.i.k.p.r.p.TestFile    Now processing file /home/runner/work/key/key/key.core/../key.ui/examples/standard_key/pred_log/count2.key 
10696      INFO  main            d.u.i.k.p.i.AbstractProblemLoader Loading environment from /home/runner/work/key/key/key.core/../key.ui/examples/standard_key/pred_log/count2.key 
10696      DEBUG main            d.u.i.k.p.i.AbstractProblemLoader Environment load took 101.7ns 
10699      INFO  main            d.u.i.k.p.i.AbstractProblemLoader Creating init config 
13287      DEBUG main            d.u.i.k.p.i.AbstractProblemLoader Init config took 2.59s 
13323      INFO  main            d.u.i.k.p.i.AbstractProblemLoader Replaying proof count2.key 
13328      DEBUG main            d.u.i.k.p.i.IntermediateProofReplayer Proof replay took 6.3ns 
13433      INFO  main            d.u.i.k.p.r.p.TestFile    ... finished proof: closed. 
13549      INFO  main            d.u.i.k.p.i.AbstractProblemLoader Loading environment from /home/runner/work/key/key/key.core/../key.ui/examples/standard_key/pred_log/count2.key.proof 
13549      DEBUG main            d.u.i.k.p.i.AbstractProblemLoader Environment load took 111.5ns 
13552      INFO  main            d.u.i.k.p.i.AbstractProblemLoader Creating init config 
16049      DEBUG main            d.u.i.k.p.i.AbstractProblemLoader Init config took 2.5s 
16071      INFO  main            d.u.i.k.p.i.AbstractProblemLoader Replaying proof count2.key.proof 
16076      DEBUG main            d.u.i.k.p.i.IntermediateProofReplayer Proof replay took 2.85ms 
16077      DEBUG main            d.u.i.k.p.r.p.TestFile    ... success: reloaded. 
16077      INFO  main            d.u.i.k.p.r.p.TestFile    Now processing file /home/runner/work/key/key/key.core/../key.ui/examples/standard_key/pred_log/count3.key 
16078      INFO  main            d.u.i.k.p.i.AbstractProblemLoader Loading environment from /home/runner/work/key/key/key.core/../key.ui/examples/standard_key/pred_log/count3.key 
16078      DEBUG main            d.u.i.k.p.i.AbstractProblemLoader Environment load took 162.6ns 
16079      INFO  main            d.u.i.k.p.i.AbstractProblemLoader Creating init config 
18552      DEBUG main            d.u.i.k.p.i.AbstractProblemLoader Init config took 2.47s 
18572      INFO  main            d.u.i.k.p.i.AbstractProblemLoader Replaying proof count3.key 
18573      DEBUG main            d.u.i.k.p.i.IntermediateProofReplayer Proof replay took 5.4ns 
18675      INFO  main            d.u.i.k.p.r.p.TestFile    ... finished proof: closed. 
18791      INFO  main            d.u.i.k.p.i.AbstractProblemLoader Loading environment from /home/runner/work/key/key/key.core/../key.ui/examples/standard_key/pred_log/count3.key.proof 
18791      DEBUG main            d.u.i.k.p.i.AbstractProblemLoader Environment load took 105.9ns 
18792      INFO  main            d.u.i.k.p.i.AbstractProblemLoader Creating init config 
21228      DEBUG main            d.u.i.k.p.i.AbstractProblemLoader Init config took 2.44s 
21247      INFO  main            d.u.i.k.p.i.AbstractProblemLoader Replaying proof count3.key.proof 
21252      DEBUG main            d.u.i.k.p.i.IntermediateProofReplayer Proof replay took 2.63ms 
21252      DEBUG main            d.u.i.k.p.r.p.TestFile    ... success: reloaded. 
21253      INFO  main            d.u.i.k.p.r.p.TestFile    Now processing file /home/runner/work/key/key/key.core/../key.ui/examples/standard_key/pred_log/equalities.key 
21253      INFO  main            d.u.i.k.p.i.AbstractProblemLoader Loading environment from /home/runner/work/key/key/key.core/../key.ui/examples/standard_key/pred_log/equalities.key 
21253      DEBUG main            d.u.i.k.p.i.AbstractProblemLoader Environment load took 70.3ns 
21254      INFO  main            d.u.i.k.p.i.AbstractProblemLoader Creating init config 
23703      DEBUG main            d.u.i.k.p.i.AbstractProblemLoader Init config took 2.45s 
23721      INFO  main            d.u.i.k.p.i.AbstractProblemLoader Replaying proof equalities.key 
23723      DEBUG main            d.u.i.k.p.i.IntermediateProofReplayer Proof replay took 7.1ns 
23827      INFO  main            d.u.i.k.p.r.p.TestFile    ... finished proof: closed. 
23954      INFO  main            d.u.i.k.p.i.AbstractProblemLoader Loading environment from /home/runner/work/key/key/key.core/../key.ui/examples/standard_key/pred_log/equalities.key.proof 
23954      DEBUG main            d.u.i.k.p.i.AbstractProblemLoader Environment load took 108.1ns 
23956      INFO  main            d.u.i.k.p.i.AbstractProblemLoader Creating init config 
26384      DEBUG main            d.u.i.k.p.i.AbstractProblemLoader Init config took 2.43s 
26401      INFO  main            d.u.i.k.p.i.AbstractProblemLoader Replaying proof equalities.key.proof 
26405      DEBUG main            d.u.i.k.p.i.IntermediateProofReplayer Proof replay took 1.51ms 
26405      DEBUG main            d.u.i.k.p.r.p.TestFile    ... success: reloaded. 
26406      INFO  main            d.u.i.k.p.r.p.TestFile    Now processing file /home/runner/work/key/key/key.core/../key.ui/examples/standard_key/pred_log/equalities2.key 
26406      INFO  main            d.u.i.k.p.i.AbstractProblemLoader Loading environment from /home/runner/work/key/key/key.core/../key.ui/examples/standard_key/pred_log/equalities2.key 
26406      DEBUG main            d.u.i.k.p.i.AbstractProblemLoader Environment load took 83.9ns 
26407      INFO  main            d.u.i.k.p.i.AbstractProblemLoader Creating init config 
28836      DEBUG main            d.u.i.k.p.i.AbstractProblemLoader Init config took 2.43s 
28855      INFO  main            d.u.i.k.p.i.AbstractProblemLoader Replaying proof equalities2.key 
28856      DEBUG main            d.u.i.k.p.i.IntermediateProofReplayer Proof replay took 7.1ns 
28959      INFO  main            d.u.i.k.p.r.p.TestFile    ... finished proof: closed. 
29087      INFO  main            d.u.i.k.p.i.AbstractProblemLoader Loading environment from /home/runner/work/key/key/key.core/../key.ui/examples/standard_key/pred_log/equalities2.key.proof 
29087      DEBUG main            d.u.i.k.p.i.AbstractProblemLoader Environment load took 108.5ns 
29088      INFO  main            d.u.i.k.p.i.AbstractProblemLoader Creating init config 
31493      DEBUG main            d.u.i.k.p.i.AbstractProblemLoader Init config took 2.4s 
31510      INFO  main            d.u.i.k.p.i.AbstractProblemLoader Replaying proof equalities2.key.proof 
31516      DEBUG main            d.u.i.k.p.i.IntermediateProofReplayer Proof replay took 3.65ms 
31516      DEBUG main            d.u.i.k.p.r.p.TestFile    ... success: reloaded. 
31517      INFO  main            d.u.i.k.p.r.p.TestFile    Now processing file /home/runner/work/key/key/key.core/../key.ui/examples/standard_key/pred_log/equalities3.key 
31518      INFO  main            d.u.i.k.p.i.AbstractProblemLoader Loading environment from /home/runner/work/key/key/key.core/../key.ui/examples/standard_key/pred_log/equalities3.key 
31518      DEBUG main            d.u.i.k.p.i.AbstractProblemLoader Environment load took 179.1ns 
31519      INFO  main            d.u.i.k.p.i.AbstractProblemLoader Creating init config 
33928      DEBUG main            d.u.i.k.p.i.AbstractProblemLoader Init config took 2.41s 
33944      INFO  main            d.u.i.k.p.i.AbstractProblemLoader Replaying proof equalities3.key 
33945      DEBUG main            d.u.i.k.p.i.IntermediateProofReplayer Proof replay took 6.5ns 
34047      INFO  main            d.u.i.k.p.r.p.TestFile    ... finished proof: closed. 
34180      INFO  main            d.u.i.k.p.i.AbstractProblemLoader Loading environment from /home/runner/work/key/key/key.core/../key.ui/examples/standard_key/pred_log/equalities3.key.proof 
34180      DEBUG main            d.u.i.k.p.i.AbstractProblemLoader Environment load took 110.4ns 
34181      INFO  main            d.u.i.k.p.i.AbstractProblemLoader Creating init config 
36569      DEBUG main            d.u.i.k.p.i.AbstractProblemLoader Init config took 2.39s 
36585      INFO  main            d.u.i.k.p.i.AbstractProblemLoader Replaying proof equalities3.key.proof 
36598      DEBUG main            d.u.i.k.p.i.IntermediateProofReplayer Proof replay took 11.46ms 
36599      DEBUG main            d.u.i.k.p.r.p.TestFile    ... success: reloaded. 
36600      INFO  main            d.u.i.k.p.r.p.TestFile    Now processing file /home/runner/work/key/key/key.core/../key.ui/examples/standard_key/pred_log/functions.key 
36600      INFO  main            d.u.i.k.p.i.AbstractProblemLoader Loading environment from /home/runner/work/key/key/key.core/../key.ui/examples/standard_key/pred_log/functions.key 
36600      DEBUG main            d.u.i.k.p.i.AbstractProblemLoader Environment load took 83.6ns 
36602      INFO  main            d.u.i.k.p.i.AbstractProblemLoader Creating init config 
39006      DEBUG main            d.u.i.k.p.i.AbstractProblemLoader Init config took 2.4s 
39021      INFO  main            d.u.i.k.p.i.AbstractProblemLoader Replaying proof functions.key 
39023      DEBUG main            d.u.i.k.p.i.IntermediateProofReplayer Proof replay took 6.6ns 
39125      INFO  main            d.u.i.k.p.r.p.TestFile    ... finished proof: closed. 
39264      INFO  main            d.u.i.k.p.i.AbstractProblemLoader Loading environment from /home/runner/work/key/key/key.core/../key.ui/examples/standard_key/pred_log/functions.key.proof 
39264      DEBUG main            d.u.i.k.p.i.AbstractProblemLoader Environment load took 106.8ns 
39266      INFO  main            d.u.i.k.p.i.AbstractProblemLoader Creating init config 
41637      DEBUG main            d.u.i.k.p.i.AbstractProblemLoader Init config took 2.37s 
41651      INFO  main            d.u.i.k.p.i.AbstractProblemLoader Replaying proof functions.key.proof 
41655      DEBUG main            d.u.i.k.p.i.IntermediateProofReplayer Proof replay took 2.24ms 
41656      DEBUG main            d.u.i.k.p.r.p.TestFile    ... success: reloaded. 
41657      INFO  main            d.u.i.k.p.r.p.TestFile    Now processing file /home/runner/work/key/key/key.core/../key.ui/examples/standard_key/pred_log/mv1.key 
41657      INFO  main            d.u.i.k.p.i.AbstractProblemLoader Loading environment from /home/runner/work/key/key/key.core/../key.ui/examples/standard_key/pred_log/mv1.key 
41657      DEBUG main            d.u.i.k.p.i.AbstractProblemLoader Environment load took 100.9ns 
41658      INFO  main            d.u.i.k.p.i.AbstractProblemLoader Creating init config 
44069      DEBUG main            d.u.i.k.p.i.AbstractProblemLoader Init config took 2.41s 
44084      INFO  main            d.u.i.k.p.i.AbstractProblemLoader Replaying proof mv1.key 
44086      DEBUG main            d.u.i.k.p.i.IntermediateProofReplayer Proof replay took 5.7ns 
44188      INFO  main            d.u.i.k.p.r.p.TestFile    ... finished proof: closed. 
44372      INFO  main            d.u.i.k.p.i.AbstractProblemLoader Loading environment from /home/runner/work/key/key/key.core/../key.ui/examples/standard_key/pred_log/mv1.key.proof 
44373      DEBUG main            d.u.i.k.p.i.AbstractProblemLoader Environment load took 118.9ns 
44374      INFO  main            d.u.i.k.p.i.AbstractProblemLoader Creating init config 
46726      DEBUG main            d.u.i.k.p.i.AbstractProblemLoader Init config took 2.35s 
46742      INFO  main            d.u.i.k.p.i.AbstractProblemLoader Replaying proof mv1.key.proof 
46745      DEBUG main            d.u.i.k.p.i.IntermediateProofReplayer Proof replay took 836.8ns 
46747      DEBUG main            d.u.i.k.p.r.p.TestFile    ... success: reloaded. 
46747      INFO  main            d.u.i.k.p.r.p.TestFile    Now processing file /home/runner/work/key/key/key.core/../key.ui/examples/standard_key/pred_log/mv2.key 
46747      INFO  main            d.u.i.k.p.i.AbstractProblemLoader Loading environment from /home/runner/work/key/key/key.core/../key.ui/examples/standard_key/pred_log/mv2.key 
46747      DEBUG main            d.u.i.k.p.i.AbstractProblemLoader Environment load took 60.9ns 
46748      INFO  main            d.u.i.k.p.i.AbstractProblemLoader Creating init config 
49161      DEBUG main            d.u.i.k.p.i.AbstractProblemLoader Init config took 2.41s 
49178      INFO  main            d.u.i.k.p.i.AbstractProblemLoader Replaying proof mv2.key 
49181      DEBUG main            d.u.i.k.p.i.IntermediateProofReplayer Proof replay took 5.6ns 
49283      INFO  main            d.u.i.k.p.r.p.TestFile    ... finished proof: closed. 
49444      INFO  main            d.u.i.k.p.i.AbstractProblemLoader Loading environment from /home/runner/work/key/key/key.core/../key.ui/examples/standard_key/pred_log/mv2.key.proof 
49444      DEBUG main            d.u.i.k.p.i.AbstractProblemLoader Environment load took 104.7ns 
49445      INFO  main            d.u.i.k.p.i.AbstractProblemLoader Creating init config 
51795      DEBUG main            d.u.i.k.p.i.AbstractProblemLoader Init config took 2.35s 
51809      INFO  main            d.u.i.k.p.i.AbstractProblemLoader Replaying proof mv2.key.proof 
51815      DEBUG main            d.u.i.k.p.i.IntermediateProofReplayer Proof replay took 4.33ms 
51817      DEBUG main            d.u.i.k.p.r.p.TestFile    ... success: reloaded. 
51818      INFO  main            d.u.i.k.p.r.p.TestFile    Now processing file /home/runner/work/key/key/key.core/../key.ui/examples/standard_key/pred_log/quantifiers.key 
51818      INFO  main            d.u.i.k.p.i.AbstractProblemLoader Loading environment from /home/runner/work/key/key/key.core/../key.ui/examples/standard_key/pred_log/quantifiers.key 
51818      DEBUG main            d.u.i.k.p.i.AbstractProblemLoader Environment load took 92.2ns 
51819      INFO  main            d.u.i.k.p.i.AbstractProblemLoader Creating init config 
54225      DEBUG main            d.u.i.k.p.i.AbstractProblemLoader Init config took 2.41s 
54238      INFO  main            d.u.i.k.p.i.AbstractProblemLoader Replaying proof quantifiers.key 
54240      DEBUG main            d.u.i.k.p.i.IntermediateProofReplayer Proof replay took 5.7ns 
54343      INFO  main            d.u.i.k.p.r.p.TestFile    ... finished proof: closed. 
54515      INFO  main            d.u.i.k.p.i.AbstractProblemLoader Loading environment from /home/runner/work/key/key/key.core/../key.ui/examples/standard_key/pred_log/quantifiers.key.proof 
54515      DEBUG main            d.u.i.k.p.i.AbstractProblemLoader Environment load took 105.6ns 
54520      INFO  main            d.u.i.k.p.i.AbstractProblemLoader Creating init config 
56880      DEBUG main            d.u.i.k.p.i.AbstractProblemLoader Init config took 2.36s 
56894      INFO  main            d.u.i.k.p.i.AbstractProblemLoader Replaying proof quantifiers.key.proof 
56905      DEBUG main            d.u.i.k.p.i.IntermediateProofReplayer Proof replay took 7.59ms 
56906      DEBUG main            d.u.i.k.p.r.p.TestFile    ... success: reloaded. 
56906      INFO  main            d.u.i.k.p.r.p.TestFile    Now processing file /home/runner/work/key/key/key.core/../key.ui/examples/standard_key/pred_log/simpleEps.key 
56907      INFO  main            d.u.i.k.p.i.AbstractProblemLoader Loading environment from /home/runner/work/key/key/key.core/../key.ui/examples/standard_key/pred_log/simpleEps.key 
56907      DEBUG main            d.u.i.k.p.i.AbstractProblemLoader Environment load took 256.7ns 
56909      INFO  main            d.u.i.k.p.i.AbstractProblemLoader Creating init config 
59285      DEBUG main            d.u.i.k.p.i.AbstractProblemLoader Init config took 2.38s 
59298      INFO  main            d.u.i.k.p.i.AbstractProblemLoader Replaying proof simpleEps.key 
59300      DEBUG main            d.u.i.k.p.i.IntermediateProofReplayer Proof replay took 5.9ns 
59401      INFO  main            d.u.i.k.p.r.p.TestFile    ... finished proof: closed. 
59561      INFO  main            d.u.i.k.p.i.AbstractProblemLoader Loading environment from /home/runner/work/key/key/key.core/../key.ui/examples/standard_key/pred_log/simpleEps.key.proof 
59561      DEBUG main            d.u.i.k.p.i.AbstractProblemLoader Environment load took 101.9ns 
59562      INFO  main            d.u.i.k.p.i.AbstractProblemLoader Creating init config 
61949      DEBUG main            d.u.i.k.p.i.AbstractProblemLoader Init config took 2.39s 
61962      INFO  main            d.u.i.k.p.i.AbstractProblemLoader Replaying proof simpleEps.key.proof 
61965      DEBUG main            d.u.i.k.p.i.IntermediateProofReplayer Proof replay took 1.41ms 
61965      DEBUG main            d.u.i.k.p.r.p.TestFile    ... success: reloaded. 
61966      INFO  main            d.u.i.k.p.r.p.TestFile    Now processing file /home/runner/work/key/key/key.core/../key.ui/examples/standard_key/pred_log/steam1.key 
61966      INFO  main            d.u.i.k.p.i.AbstractProblemLoader Loading environment from /home/runner/work/key/key/key.core/../key.ui/examples/standard_key/pred_log/steam1.key 
61966      DEBUG main            d.u.i.k.p.i.AbstractProblemLoader Environment load took 79ns 
61968      INFO  main            d.u.i.k.p.i.AbstractProblemLoader Creating init config 
64350      DEBUG main            d.u.i.k.p.i.AbstractProblemLoader Init config took 2.38s 
64365      INFO  main            d.u.i.k.p.i.AbstractProblemLoader Replaying proof steam1.key 
64367      DEBUG main            d.u.i.k.p.i.IntermediateProofReplayer Proof replay took 5.5ns 
64775      INFO  main            d.u.i.k.p.r.p.TestFile    ... finished proof: closed. 
64966      INFO  main            d.u.i.k.p.i.AbstractProblemLoader Loading environment from /home/runner/work/key/key/key.core/../key.ui/examples/standard_key/pred_log/steam1.key.proof 
64967      DEBUG main            d.u.i.k.p.i.AbstractProblemLoader Environment load took 1.2ms 
64969      INFO  main            d.u.i.k.p.i.AbstractProblemLoader Creating init config 
67340      DEBUG main            d.u.i.k.p.i.AbstractProblemLoader Init config took 2.37s 
67361      INFO  main            d.u.i.k.p.i.AbstractProblemLoader Replaying proof steam1.key.proof 
67381      DEBUG main            d.u.i.k.p.i.IntermediateProofReplayer Proof replay took 15.92ms 
67383      DEBUG main            d.u.i.k.p.r.p.TestFile    ... success: reloaded. 
67383      INFO  main            d.u.i.k.p.r.p.TestFile    Now processing file /home/runner/work/key/key/key.core/../key.ui/examples/standard_key/pred_log/tptp/PUZ/PUZ001p1.key 
67383      INFO  main            d.u.i.k.p.i.AbstractProblemLoader Loading environment from /home/runner/work/key/key/key.core/../key.ui/examples/standard_key/pred_log/tptp/PUZ/PUZ001p1.key 
67384      DEBUG main            d.u.i.k.p.i.AbstractProblemLoader Environment load took 77.8ns 
67385      INFO  main            d.u.i.k.p.i.AbstractProblemLoader Creating init config 
69723      DEBUG main            d.u.i.k.p.i.AbstractProblemLoader Init config took 2.34s 
69739      INFO  main            d.u.i.k.p.i.AbstractProblemLoader Replaying proof PUZ001p1.key 
69740      DEBUG main            d.u.i.k.p.i.IntermediateProofReplayer Proof replay took 5.6ns 
72792      INFO  main            d.u.i.k.p.r.p.TestFile    ... finished proof: closed. 
72981      INFO  main            d.u.i.k.p.i.AbstractProblemLoader Loading environment from /home/runner/work/key/key/key.core/../key.ui/examples/standard_key/pred_log/tptp/PUZ/PUZ001p1.key.proof 
72985      DEBUG main            d.u.i.k.p.i.AbstractProblemLoader Environment load took 3.69ms 
72989      INFO  main            d.u.i.k.p.i.AbstractProblemLoader Creating init config 
75320      DEBUG main            d.u.i.k.p.i.AbstractProblemLoader Init config took 2.33s 
75335      INFO  main            d.u.i.k.p.i.AbstractProblemLoader Replaying proof PUZ001p1.key.proof 
75449      DEBUG main            d.u.i.k.p.i.IntermediateProofReplayer Proof replay took 104.28ms 
75451      DEBUG main            d.u.i.k.p.r.p.TestFile    ... success: reloaded. 
75451      INFO  main            d.u.i.k.p.r.p.TestFile    Now processing file /home/runner/work/key/key/key.core/../key.ui/examples/standard_key/pred_log/tptp/PUZ/PUZ001p1-eq.key 
75452      INFO  main            d.u.i.k.p.i.AbstractProblemLoader Loading environment from /home/runner/work/key/key/key.core/../key.ui/examples/standard_key/pred_log/tptp/PUZ/PUZ001p1-eq.key 
75452      DEBUG main            d.u.i.k.p.i.AbstractProblemLoader Environment load took 148.9ns 
75453      INFO  main            d.u.i.k.p.i.AbstractProblemLoader Creating init config 
77809      DEBUG main            d.u.i.k.p.i.AbstractProblemLoader Init config took 2.36s 
77822      INFO  main            d.u.i.k.p.i.AbstractProblemLoader Replaying proof PUZ001p1-eq.key 
77823      DEBUG main            d.u.i.k.p.i.IntermediateProofReplayer Proof replay took 5.8ns 
77926      INFO  main            d.u.i.k.p.r.p.TestFile    ... finished proof: closed. 
78111      INFO  main            d.u.i.k.p.i.AbstractProblemLoader Loading environment from /home/runner/work/key/key/key.core/../key.ui/examples/standard_key/pred_log/tptp/PUZ/PUZ001p1-eq.key.proof 
78111      DEBUG main            d.u.i.k.p.i.AbstractProblemLoader Environment load took 106.2ns 
78112      INFO  main            d.u.i.k.p.i.AbstractProblemLoader Creating init config 
80447      DEBUG main            d.u.i.k.p.i.AbstractProblemLoader Init config took 2.34s 
80461      INFO  main            d.u.i.k.p.i.AbstractProblemLoader Replaying proof PUZ001p1-eq.key.proof 
80474      DEBUG main            d.u.i.k.p.i.IntermediateProofReplayer Proof replay took 10.51ms 
80475      DEBUG main            d.u.i.k.p.r.p.TestFile    ... success: reloaded. 
80476      INFO  main            d.u.i.k.p.r.p.TestFile    Now processing file /home/runner/work/key/key/key.core/../key.ui/examples/standard_key/pred_log/tptp/PUZ/PUZ031p1.key 
80476      INFO  main            d.u.i.k.p.i.AbstractProblemLoader Loading environment from /home/runner/work/key/key/key.core/../key.ui/examples/standard_key/pred_log/tptp/PUZ/PUZ031p1.key 
80476      DEBUG main            d.u.i.k.p.i.AbstractProblemLoader Environment load took 153.3ns 
80477      INFO  main            d.u.i.k.p.i.AbstractProblemLoader Creating init config 
82876      DEBUG main            d.u.i.k.p.i.AbstractProblemLoader Init config took 2.4s 
82890      INFO  main            d.u.i.k.p.i.AbstractProblemLoader Replaying proof PUZ031p1.key 
82891      DEBUG main            d.u.i.k.p.i.IntermediateProofReplayer Proof replay took 5.6ns 
91045      INFO  main            d.u.i.k.p.r.p.TestFile    ... finished proof: closed. 
91249      INFO  main            d.u.i.k.p.i.AbstractProblemLoader Loading environment from /home/runner/work/key/key/key.core/../key.ui/examples/standard_key/pred_log/tptp/PUZ/PUZ031p1.key.proof 
91249      DEBUG main            d.u.i.k.p.i.AbstractProblemLoader Environment load took 115.1ns 
91251      INFO  main            d.u.i.k.p.i.AbstractProblemLoader Creating init config 
93568      DEBUG main            d.u.i.k.p.i.AbstractProblemLoader Init config took 2.32s 
93582      INFO  main            d.u.i.k.p.i.AbstractProblemLoader Replaying proof PUZ031p1.key.proof 
93634      DEBUG main            d.u.i.k.p.i.IntermediateProofReplayer Proof replay took 46.69ms 
93635      DEBUG main            d.u.i.k.p.r.p.TestFile    ... success: reloaded. 
93636      INFO  main            d.u.i.k.p.r.p.TestFile    Now processing file /home/runner/work/key/key/key.core/../key.ui/examples/standard_key/pred_log/tptp/SET/SET027p3.key 
93636      INFO  main            d.u.i.k.p.i.AbstractProblemLoader Loading environment from /home/runner/work/key/key/key.core/../key.ui/examples/standard_key/pred_log/tptp/SET/SET027p3.key 
93636      DEBUG main            d.u.i.k.p.i.AbstractProblemLoader Environment load took 72ns 
93637      INFO  main            d.u.i.k.p.i.AbstractProblemLoader Creating init config 
96015      DEBUG main            d.u.i.k.p.i.AbstractProblemLoader Init config took 2.38s 
96027      INFO  main            d.u.i.k.p.i.AbstractProblemLoader Replaying proof SET027p3.key 
96029      DEBUG main            d.u.i.k.p.i.IntermediateProofReplayer Proof replay took 6.1ns 
96130      INFO  main            d.u.i.k.p.r.p.TestFile    ... finished proof: closed. 
96329      INFO  main            d.u.i.k.p.i.AbstractProblemLoader Loading environment from /home/runner/work/key/key/key.core/../key.ui/examples/standard_key/pred_log/tptp/SET/SET027p3.key.proof 
96329      DEBUG main            d.u.i.k.p.i.AbstractProblemLoader Environment load took 108.4ns 
96330      INFO  main            d.u.i.k.p.i.AbstractProblemLoader Creating init config 
98636      DEBUG main            d.u.i.k.p.i.AbstractProblemLoader Init config took 2.31s 
98649      INFO  main            d.u.i.k.p.i.AbstractProblemLoader Replaying proof SET027p3.key.proof 
98657      DEBUG main            d.u.i.k.p.i.IntermediateProofReplayer Proof replay took 4.16ms 
98658      DEBUG main            d.u.i.k.p.r.p.TestFile    ... success: reloaded. 
98658      INFO  main            d.u.i.k.p.r.p.TestFile    Now processing file /home/runner/work/key/key/key.core/../key.ui/examples/standard_key/pred_log/tptp/SET/SET043p1.key 
98658      INFO  main            d.u.i.k.p.i.AbstractProblemLoader Loading environment from /home/runner/work/key/key/key.core/../key.ui/examples/standard_key/pred_log/tptp/SET/SET043p1.key 
98659      DEBUG main            d.u.i.k.p.i.AbstractProblemLoader Environment load took 83.9ns 
98659      INFO  main            d.u.i.k.p.i.AbstractProblemLoader Creating init config 
101011     DEBUG main            d.u.i.k.p.i.AbstractProblemLoader Init config took 2.35s 
101024     INFO  main            d.u.i.k.p.i.AbstractProblemLoader Replaying proof SET043p1.key 
101025     DEBUG main            d.u.i.k.p.i.IntermediateProofReplayer Proof replay took 6ns 
101127     INFO  main            d.u.i.k.p.r.p.TestFile    ... finished proof: closed. 
101317     INFO  main            d.u.i.k.p.i.AbstractProblemLoader Loading environment from /home/runner/work/key/key/key.core/../key.ui/examples/standard_key/pred_log/tptp/SET/SET043p1.key.proof 
101317     DEBUG main            d.u.i.k.p.i.AbstractProblemLoader Environment load took 143.2ns 
101318     INFO  main            d.u.i.k.p.i.AbstractProblemLoader Creating init config 
103621     DEBUG main            d.u.i.k.p.i.AbstractProblemLoader Init config took 2.3s 
103634     INFO  main            d.u.i.k.p.i.AbstractProblemLoader Replaying proof SET043p1.key.proof 
103636     DEBUG main            d.u.i.k.p.i.IntermediateProofReplayer Proof replay took 1.09ms 
103637     DEBUG main            d.u.i.k.p.r.p.TestFile    ... success: reloaded. 
103638     INFO  main            d.u.i.k.p.r.p.TestFile    Now processing file /home/runner/work/key/key/key.core/../key.ui/examples/standard_key/pred_log/tptp/SET/SET045p1.key 
103638     INFO  main            d.u.i.k.p.i.AbstractProblemLoader Loading environment from /home/runner/work/key/key/key.core/../key.ui/examples/standard_key/pred_log/tptp/SET/SET045p1.key 
103638     DEBUG main            d.u.i.k.p.i.AbstractProblemLoader Environment load took 150.5ns 
103639     INFO  main            d.u.i.k.p.i.AbstractProblemLoader Creating init config 
105994     DEBUG main            d.u.i.k.p.i.AbstractProblemLoader Init config took 2.35s 
106006     INFO  main            d.u.i.k.p.i.AbstractProblemLoader Replaying proof SET045p1.key 
106007     DEBUG main            d.u.i.k.p.i.IntermediateProofReplayer Proof replay took 5.5ns 
106111     INFO  main            d.u.i.k.p.r.p.TestFile    ... finished proof: closed. 
106302     INFO  main            d.u.i.k.p.i.AbstractProblemLoader Loading environment from /home/runner/work/key/key/key.core/../key.ui/examples/standard_key/pred_log/tptp/SET/SET045p1.key.proof 
106302     DEBUG main            d.u.i.k.p.i.AbstractProblemLoader Environment load took 96.3ns 
106303     INFO  main            d.u.i.k.p.i.AbstractProblemLoader Creating init config 
108623     DEBUG main            d.u.i.k.p.i.AbstractProblemLoader Init config took 2.32s 
108636     INFO  main            d.u.i.k.p.i.AbstractProblemLoader Replaying proof SET045p1.key.proof 
108642     DEBUG main            d.u.i.k.p.i.IntermediateProofReplayer Proof replay took 3.76ms 
108643     DEBUG main            d.u.i.k.p.r.p.TestFile    ... success: reloaded. 
108643     INFO  main            d.u.i.k.p.r.p.TestFile    Now processing file /home/runner/work/key/key/key.core/../key.ui/examples/standard_key/pred_log/tptp/SET/SET062p3.key 
108644     INFO  main            d.u.i.k.p.i.AbstractProblemLoader Loading environment from /home/runner/work/key/key/key.core/../key.ui/examples/standard_key/pred_log/tptp/SET/SET062p3.key 
108644     DEBUG main            d.u.i.k.p.i.AbstractProblemLoader Environment load took 79.4ns 
108645     INFO  main            d.u.i.k.p.i.AbstractProblemLoader Creating init config 
111008     DEBUG main            d.u.i.k.p.i.AbstractProblemLoader Init config took 2.36s 
111022     INFO  main            d.u.i.k.p.i.AbstractProblemLoader Replaying proof SET062p3.key 
111023     DEBUG main            d.u.i.k.p.i.IntermediateProofReplayer Proof replay took 5.5ns 
111126     INFO  main            d.u.i.k.p.r.p.TestFile    ... finished proof: closed. 
111330     INFO  main            d.u.i.k.p.i.AbstractProblemLoader Loading environment from /home/runner/work/key/key/key.core/../key.ui/examples/standard_key/pred_log/tptp/SET/SET062p3.key.proof 
111330     DEBUG main            d.u.i.k.p.i.AbstractProblemLoader Environment load took 92.9ns 
111331     INFO  main            d.u.i.k.p.i.AbstractProblemLoader Creating init config 
113630     DEBUG main            d.u.i.k.p.i.AbstractProblemLoader Init config took 2.3s 
113642     INFO  main            d.u.i.k.p.i.AbstractProblemLoader Replaying proof SET062p3.key.proof 
113656     DEBUG main            d.u.i.k.p.i.IntermediateProofReplayer Proof replay took 11.39ms 
113657     DEBUG main            d.u.i.k.p.r.p.TestFile    ... success: reloaded. 
113657     INFO  main            d.u.i.k.p.r.p.TestFile    Now processing file /home/runner/work/key/key/key.core/../key.ui/examples/standard_key/pred_log/tptp/SET/SET063p3.key 
113659     INFO  main            d.u.i.k.p.i.AbstractProblemLoader Loading environment from /home/runner/work/key/key/key.core/../key.ui/examples/standard_key/pred_log/tptp/SET/SET063p3.key 
113659     DEBUG main            d.u.i.k.p.i.AbstractProblemLoader Environment load took 97.5ns 
113660     INFO  main            d.u.i.k.p.i.AbstractProblemLoader Creating init config 
116021     DEBUG main            d.u.i.k.p.i.AbstractProblemLoader Init config took 2.36s 
116034     INFO  main            d.u.i.k.p.i.AbstractProblemLoader Replaying proof SET063p3.key 
116037     DEBUG main            d.u.i.k.p.i.IntermediateProofReplayer Proof replay took 7.1ns 
116138     INFO  main            d.u.i.k.p.r.p.TestFile    ... finished proof: closed. 
116362     INFO  main            d.u.i.k.p.i.AbstractProblemLoader Loading environment from /home/runner/work/key/key/key.core/../key.ui/examples/standard_key/pred_log/tptp/SET/SET063p3.key.proof 
116362     DEBUG main            d.u.i.k.p.i.AbstractProblemLoader Environment load took 98.4ns 
116364     INFO  main            d.u.i.k.p.i.AbstractProblemLoader Creating init config 
118670     DEBUG main            d.u.i.k.p.i.AbstractProblemLoader Init config took 2.31s 
118686     INFO  main            d.u.i.k.p.i.AbstractProblemLoader Replaying proof SET063p3.key.proof 
118694     DEBUG main            d.u.i.k.p.i.IntermediateProofReplayer Proof replay took 5.1ms 
118695     DEBUG main            d.u.i.k.p.r.p.TestFile    ... success: reloaded. 
118696     INFO  main            d.u.i.k.p.r.p.TestFile    Now processing file /home/runner/work/key/key/key.core/../key.ui/examples/standard_key/pred_log/tptp/SYN/SYN036p2.key 
118696     INFO  main            d.u.i.k.p.i.AbstractProblemLoader Loading environment from /home/runner/work/key/key/key.core/../key.ui/examples/standard_key/pred_log/tptp/SYN/SYN036p2.key 
118696     DEBUG main            d.u.i.k.p.i.AbstractProblemLoader Environment load took 144ns 
118698     INFO  main            d.u.i.k.p.i.AbstractProblemLoader Creating init config 
121060     DEBUG main            d.u.i.k.p.i.AbstractProblemLoader Init config took 2.36s 
121072     INFO  main            d.u.i.k.p.i.AbstractProblemLoader Replaying proof SYN036p2.key 
121073     DEBUG main            d.u.i.k.p.i.IntermediateProofReplayer Proof replay took 6.4ns 
121277     INFO  main            d.u.i.k.p.r.p.TestFile    ... finished proof: closed. 
121497     INFO  main            d.u.i.k.p.i.AbstractProblemLoader Loading environment from /home/runner/work/key/key/key.core/../key.ui/examples/standard_key/pred_log/tptp/SYN/SYN036p2.key.proof 
121498     DEBUG main            d.u.i.k.p.i.AbstractProblemLoader Environment load took 993ns 
121499     INFO  main            d.u.i.k.p.i.AbstractProblemLoader Creating init config 
123793     DEBUG main            d.u.i.k.p.i.AbstractProblemLoader Init config took 2.29s 
123806     INFO  main            d.u.i.k.p.i.AbstractProblemLoader Replaying proof SYN036p2.key.proof 
123876     DEBUG main            d.u.i.k.p.i.IntermediateProofReplayer Proof replay took 62.46ms 
123877     DEBUG main            d.u.i.k.p.r.p.TestFile    ... success: reloaded. 
123878     INFO  main            d.u.i.k.p.r.p.TestFile    Now processing file /home/runner/work/key/key/key.core/../key.ui/examples/standard_key/pred_log/tptp/SYN/SYN550p1.key 
123878     INFO  main            d.u.i.k.p.i.AbstractProblemLoader Loading environment from /home/runner/work/key/key/key.core/../key.ui/examples/standard_key/pred_log/tptp/SYN/SYN550p1.key 
123878     DEBUG main            d.u.i.k.p.i.AbstractProblemLoader Environment load took 62.9ns 
123879     INFO  main            d.u.i.k.p.i.AbstractProblemLoader Creating init config 
126209     DEBUG main            d.u.i.k.p.i.AbstractProblemLoader Init config took 2.33s 
126221     INFO  main            d.u.i.k.p.i.AbstractProblemLoader Replaying proof SYN550p1.key 
126222     DEBUG main            d.u.i.k.p.i.IntermediateProofReplayer Proof replay took 16.1ns 
128928     INFO  main            d.u.i.k.p.r.p.TestFile    ... finished proof: closed. 
129161     INFO  main            d.u.i.k.p.i.AbstractProblemLoader Loading environment from /home/runner/work/key/key/key.core/../key.ui/examples/standard_key/pred_log/tptp/SYN/SYN550p1.key.proof 
129162     DEBUG main            d.u.i.k.p.i.AbstractProblemLoader Environment load took 422.5ns 
129163     INFO  main            d.u.i.k.p.i.AbstractProblemLoader Creating init config 
131448     DEBUG main            d.u.i.k.p.i.AbstractProblemLoader Init config took 2.29s 
131461     INFO  main            d.u.i.k.p.i.AbstractProblemLoader Replaying proof SYN550p1.key.proof 
131522     DEBUG main            d.u.i.k.p.i.IntermediateProofReplayer Proof replay took 54ms 
131523     DEBUG main            d.u.i.k.p.r.p.TestFile    ... success: reloaded. 
131523     INFO  main            d.u.i.k.p.r.p.TestFile    Now processing file /home/runner/work/key/key/key.core/../key.ui/examples/standard_key/prop_log/reallySimple.key 
131524     INFO  main            d.u.i.k.p.i.AbstractProblemLoader Loading environment from /home/runner/work/key/key/key.core/../key.ui/examples/standard_key/prop_log/reallySimple.key 
131524     DEBUG main            d.u.i.k.p.i.AbstractProblemLoader Environment load took 63ns 
131524     INFO  main            d.u.i.k.p.i.AbstractProblemLoader Creating init config 
133873     DEBUG main            d.u.i.k.p.i.AbstractProblemLoader Init config took 2.35s 
133884     INFO  main            d.u.i.k.p.i.AbstractProblemLoader Replaying proof reallySimple.key 
133885     DEBUG main            d.u.i.k.p.i.IntermediateProofReplayer Proof replay took 5.4ns 
133987     INFO  main            d.u.i.k.p.r.p.TestFile    ... finished proof: open goal(s) 
134222     INFO  main            d.u.i.k.p.r.p.TestFile    Now processing file /home/runner/work/key/key/key.core/../key.ui/examples/standard_key/pred_log/sameName1.key 
134222     INFO  main            d.u.i.k.p.i.AbstractProblemLoader Loading environment from /home/runner/work/key/key/key.core/../key.ui/examples/standard_key/pred_log/sameName1.key 
134222     DEBUG main            d.u.i.k.p.i.AbstractProblemLoader Environment load took 50.1ns 
134223     INFO  main            d.u.i.k.p.i.AbstractProblemLoader Creating init config 
136511     DEBUG main            d.u.i.k.p.i.AbstractProblemLoader Init config took 2.29s 
136523     INFO  main            d.u.i.k.p.i.AbstractProblemLoader Replaying proof sameName1.key 
136524     DEBUG main            d.u.i.k.p.i.IntermediateProofReplayer Proof replay took 5.5ns 
136627     INFO  main            d.u.i.k.p.r.p.TestFile    ... finished proof: open goal(s) 
136843     INFO  main            d.u.i.k.p.r.p.TestFile    Now processing file /home/runner/work/key/key/key.core/../key.ui/examples/standard_key/pred_log/jbyteIfEx.key 
136843     INFO  main            d.u.i.k.p.i.AbstractProblemLoader Loading environment from /home/runner/work/key/key/key.core/../key.ui/examples/standard_key/pred_log/jbyteIfEx.key 
136844     DEBUG main            d.u.i.k.p.i.AbstractProblemLoader Environment load took 48.5ns 
136844     INFO  main            d.u.i.k.p.i.AbstractProblemLoader Creating init config 
139172     DEBUG main            d.u.i.k.p.i.AbstractProblemLoader Init config took 2.33s 
139184     INFO  main            d.u.i.k.p.i.AbstractProblemLoader Replaying proof jbyteIfEx.key 
139185     DEBUG main            d.u.i.k.p.i.IntermediateProofReplayer Proof replay took 6.7ns 
139287     INFO  main            d.u.i.k.p.r.p.TestFile    ... finished proof: closed. 
139563     INFO  main            d.u.i.k.p.i.AbstractProblemLoader Loading environment from /home/runner/work/key/key/key.core/../key.ui/examples/standard_key/pred_log/jbyteIfEx.key.proof 
139563     DEBUG main            d.u.i.k.p.i.AbstractProblemLoader Environment load took 113.4ns 
139564     INFO  main            d.u.i.k.p.i.AbstractProblemLoader Creating init config 
141851     DEBUG main            d.u.i.k.p.i.AbstractProblemLoader Init config took 2.29s 
141864     INFO  main            d.u.i.k.p.i.AbstractProblemLoader Replaying proof jbyteIfEx.key.proof 
141873     DEBUG main            d.u.i.k.p.i.IntermediateProofReplayer Proof replay took 6.36ms 
141874     DEBUG main            d.u.i.k.p.r.p.TestFile    ... success: reloaded. 
141874     INFO  main            d.u.i.k.p.r.p.TestFile    Now processing file /home/runner/work/key/key/key.core/../key.ui/examples/standard_key/prop_log/allClausesLength4.key 
141874     INFO  main            d.u.i.k.p.i.AbstractProblemLoader Loading environment from /home/runner/work/key/key/key.core/../key.ui/examples/standard_key/prop_log/allClausesLength4.key 
141875     DEBUG main            d.u.i.k.p.i.AbstractProblemLoader Environment load took 143.4ns 
141876     INFO  main            d.u.i.k.p.i.AbstractProblemLoader Creating init config 
144266     DEBUG main            d.u.i.k.p.i.AbstractProblemLoader Init config took 2.39s 
144279     INFO  main            d.u.i.k.p.i.AbstractProblemLoader Replaying proof allClausesLength4.key 
144280     DEBUG main            d.u.i.k.p.i.IntermediateProofReplayer Proof replay took 7ns 
144384     INFO  main            d.u.i.k.p.r.p.TestFile    ... finished proof: closed. 
144615     INFO  main            d.u.i.k.p.i.AbstractProblemLoader Loading environment from /home/runner/work/key/key/key.core/../key.ui/examples/standard_key/prop_log/allClausesLength4.key.proof 
144615     DEBUG main            d.u.i.k.p.i.AbstractProblemLoader Environment load took 92.7ns 
144616     INFO  main            d.u.i.k.p.i.AbstractProblemLoader Creating init config 
146916     DEBUG main            d.u.i.k.p.i.AbstractProblemLoader Init config took 2.3s 
146929     INFO  main            d.u.i.k.p.i.AbstractProblemLoader Replaying proof allClausesLength4.key.proof 
146941     DEBUG main            d.u.i.k.p.i.IntermediateProofReplayer Proof replay took 9.48ms 
146942     DEBUG main            d.u.i.k.p.r.p.TestFile    ... success: reloaded. 
146942     INFO  main            d.u.i.k.p.r.p.TestFile    Now processing file /home/runner/work/key/key/key.core/../key.ui/examples/standard_key/prop_log/allClausesLength5.key 
146943     INFO  main            d.u.i.k.p.i.AbstractProblemLoader Loading environment from /home/runner/work/key/key/key.core/../key.ui/examples/standard_key/prop_log/allClausesLength5.key 
146943     DEBUG main            d.u.i.k.p.i.AbstractProblemLoader Environment load took 95.5ns 
146944     INFO  main            d.u.i.k.p.i.AbstractProblemLoader Creating init config 
149261     DEBUG main            d.u.i.k.p.i.AbstractProblemLoader Init config took 2.32s 
149274     INFO  main            d.u.i.k.p.i.AbstractProblemLoader Replaying proof allClausesLength5.key 
149275     DEBUG main            d.u.i.k.p.i.IntermediateProofReplayer Proof replay took 6.4ns 
149480     INFO  main            d.u.i.k.p.r.p.TestFile    ... finished proof: closed. 
149732     INFO  main            d.u.i.k.p.i.AbstractProblemLoader Loading environment from /home/runner/work/key/key/key.core/../key.ui/examples/standard_key/prop_log/allClausesLength5.key.proof 
149732     DEBUG main            d.u.i.k.p.i.AbstractProblemLoader Environment load took 285.9ns 
149734     INFO  main            d.u.i.k.p.i.AbstractProblemLoader Creating init config 
152022     DEBUG main            d.u.i.k.p.i.AbstractProblemLoader Init config took 2.29s 
152035     INFO  main            d.u.i.k.p.i.AbstractProblemLoader Replaying proof allClausesLength5.key.proof 
152065     DEBUG main            d.u.i.k.p.i.IntermediateProofReplayer Proof replay took 25.37ms 
152066     DEBUG main            d.u.i.k.p.r.p.TestFile    ... success: reloaded. 
152066     INFO  main            d.u.i.k.p.r.p.TestFile    Now processing file /home/runner/work/key/key/key.core/../key.ui/examples/standard_key/prop_log/doubleNeg.key 
152067     INFO  main            d.u.i.k.p.i.AbstractProblemLoader Loading environment from /home/runner/work/key/key/key.core/../key.ui/examples/standard_key/prop_log/doubleNeg.key 
152067     DEBUG main            d.u.i.k.p.i.AbstractProblemLoader Environment load took 70.4ns 
152068     INFO  main            d.u.i.k.p.i.AbstractProblemLoader Creating init config 
154391     DEBUG main            d.u.i.k.p.i.AbstractProblemLoader Init config took 2.32s 
154403     INFO  main            d.u.i.k.p.i.AbstractProblemLoader Replaying proof doubleNeg.key 
154404     DEBUG main            d.u.i.k.p.i.IntermediateProofReplayer Proof replay took 5.8ns 
154505     INFO  main            d.u.i.k.p.r.p.TestFile    ... finished proof: closed. 
154747     INFO  main            d.u.i.k.p.i.AbstractProblemLoader Loading environment from /home/runner/work/key/key/key.core/../key.ui/examples/standard_key/prop_log/doubleNeg.key.proof 
154747     DEBUG main            d.u.i.k.p.i.AbstractProblemLoader Environment load took 83.7ns 
154748     INFO  main            d.u.i.k.p.i.AbstractProblemLoader Creating init config 
157041     DEBUG main            d.u.i.k.p.i.AbstractProblemLoader Init config took 2.29s 
157053     INFO  main            d.u.i.k.p.i.AbstractProblemLoader Replaying proof doubleNeg.key.proof 
157055     DEBUG main            d.u.i.k.p.i.IntermediateProofReplayer Proof replay took 314.9ns 
157056     DEBUG main            d.u.i.k.p.r.p.TestFile    ... success: reloaded. 
157057     INFO  main            d.u.i.k.p.r.p.TestFile    Now processing file /home/runner/work/key/key/key.core/../key.ui/examples/standard_key/prop_log/liarsville.key 
157057     INFO  main            d.u.i.k.p.i.AbstractProblemLoader Loading environment from /home/runner/work/key/key/key.core/../key.ui/examples/standard_key/prop_log/liarsville.key 
157057     DEBUG main            d.u.i.k.p.i.AbstractProblemLoader Environment load took 143.4ns 
157058     INFO  main            d.u.i.k.p.i.AbstractProblemLoader Creating init config 
159391     DEBUG main            d.u.i.k.p.i.AbstractProblemLoader Init config took 2.33s 
159405     INFO  main            d.u.i.k.p.i.AbstractProblemLoader Replaying proof liarsville.key 
159406     DEBUG main            d.u.i.k.p.i.IntermediateProofReplayer Proof replay took 5.7ns 
159507     INFO  main            d.u.i.k.p.r.p.TestFile    ... finished proof: closed. 
159746     INFO  main            d.u.i.k.p.i.AbstractProblemLoader Loading environment from /home/runner/work/key/key/key.core/../key.ui/examples/standard_key/prop_log/liarsville.key.proof 
159746     DEBUG main            d.u.i.k.p.i.AbstractProblemLoader Environment load took 87.5ns 
159747     INFO  main            d.u.i.k.p.i.AbstractProblemLoader Creating init config 
162049     DEBUG main            d.u.i.k.p.i.AbstractProblemLoader Init config took 2.3s 
162061     INFO  main            d.u.i.k.p.i.AbstractProblemLoader Replaying proof liarsville.key.proof 
162064     DEBUG main            d.u.i.k.p.i.IntermediateProofReplayer Proof replay took 1.21ms 
162065     DEBUG main            d.u.i.k.p.r.p.TestFile    ... success: reloaded. 
162065     INFO  main            d.u.i.k.p.r.p.TestFile    Now processing file /home/runner/work/key/key/key.core/../key.ui/examples/standard_key/prop_log/simplest.key 
162065     INFO  main            d.u.i.k.p.i.AbstractProblemLoader Loading environment from /home/runner/work/key/key/key.core/../key.ui/examples/standard_key/prop_log/simplest.key 
162065     DEBUG main            d.u.i.k.p.i.AbstractProblemLoader Environment load took 68.5ns 
162066     INFO  main            d.u.i.k.p.i.AbstractProblemLoader Creating init config 
164367     DEBUG main            d.u.i.k.p.i.AbstractProblemLoader Init config took 2.3s 
164378     INFO  main            d.u.i.k.p.i.AbstractProblemLoader Replaying proof simplest.key 
164379     DEBUG main            d.u.i.k.p.i.IntermediateProofReplayer Proof replay took 6ns 
164481     INFO  main            d.u.i.k.p.r.p.TestFile    ... finished proof: closed. 
164740     INFO  main            d.u.i.k.p.i.AbstractProblemLoader Loading environment from /home/runner/work/key/key/key.core/../key.ui/examples/standard_key/prop_log/simplest.key.proof 
164740     DEBUG main            d.u.i.k.p.i.AbstractProblemLoader Environment load took 82.3ns 
164741     INFO  main            d.u.i.k.p.i.AbstractProblemLoader Creating init config 
167072     DEBUG main            d.u.i.k.p.i.AbstractProblemLoader Init config took 2.33s 
167083     INFO  main            d.u.i.k.p.i.AbstractProblemLoader Replaying proof simplest.key.proof 
167084     DEBUG main            d.u.i.k.p.i.IntermediateProofReplayer Proof replay took 74.3ns 
167085     DEBUG main            d.u.i.k.p.r.p.TestFile    ... success: reloaded. 
167085     INFO  main            d.u.i.k.p.r.p.TestFile    Now processing file /home/runner/work/key/key/key.core/../key.ui/examples/standard_key/prop_log/contraposition.key 
167085     INFO  main            d.u.i.k.p.i.AbstractProblemLoader Loading environment from /home/runner/work/key/key/key.core/../key.ui/examples/standard_key/prop_log/contraposition.key 
167085     DEBUG main            d.u.i.k.p.i.AbstractProblemLoader Environment load took 65.4ns 
167086     INFO  main            d.u.i.k.p.i.AbstractProblemLoader Creating init config 
169391     DEBUG main            d.u.i.k.p.i.AbstractProblemLoader Init config took 2.31s 
169403     INFO  main            d.u.i.k.p.i.AbstractProblemLoader Replaying proof contraposition.key 
169404     DEBUG main            d.u.i.k.p.i.IntermediateProofReplayer Proof replay took 6.6ns 
169506     INFO  main            d.u.i.k.p.r.p.TestFile    ... finished proof: closed. 
169755     INFO  main            d.u.i.k.p.i.AbstractProblemLoader Loading environment from /home/runner/work/key/key/key.core/../key.ui/examples/standard_key/prop_log/contraposition.key.proof 
169755     DEBUG main            d.u.i.k.p.i.AbstractProblemLoader Environment load took 85.9ns 
169756     INFO  main            d.u.i.k.p.i.AbstractProblemLoader Creating init config 
172033     DEBUG main            d.u.i.k.p.i.AbstractProblemLoader Init config took 2.28s 
172044     INFO  main            d.u.i.k.p.i.AbstractProblemLoader Replaying proof contraposition.key.proof 
172056     DEBUG main            d.u.i.k.p.i.IntermediateProofReplayer Proof replay took 10.16ms 
172056     DEBUG main            d.u.i.k.p.r.p.TestFile    ... success: reloaded. 
172057     INFO  main            d.u.i.k.p.r.p.TestFile    Now processing file /home/runner/work/key/key/key.core/../key.ui/examples/standard_key/quantifiers/elimination0.key 
172057     INFO  main            d.u.i.k.p.i.AbstractProblemLoader Loading environment from /home/runner/work/key/key/key.core/../key.ui/examples/standard_key/quantifiers/elimination0.key 
172057     DEBUG main            d.u.i.k.p.i.AbstractProblemLoader Environment load took 58.4ns 
172058     INFO  main            d.u.i.k.p.i.AbstractProblemLoader Creating init config 
174370     DEBUG main            d.u.i.k.p.i.AbstractProblemLoader Init config took 2.31s 
174382     INFO  main            d.u.i.k.p.i.AbstractProblemLoader Replaying proof elimination0.key 
174384     DEBUG main            d.u.i.k.p.i.IntermediateProofReplayer Proof replay took 6.1ns 
174486     INFO  main            d.u.i.k.p.r.p.TestFile    ... finished proof: closed. 
174737     INFO  main            d.u.i.k.p.i.AbstractProblemLoader Loading environment from /home/runner/work/key/key/key.core/../key.ui/examples/standard_key/quantifiers/elimination0.key.proof 
174737     DEBUG main            d.u.i.k.p.i.AbstractProblemLoader Environment load took 90ns 
174739     INFO  main            d.u.i.k.p.i.AbstractProblemLoader Creating init config 
177025     DEBUG main            d.u.i.k.p.i.AbstractProblemLoader Init config took 2.29s 
177036     INFO  main            d.u.i.k.p.i.AbstractProblemLoader Replaying proof elimination0.key.proof 
177039     DEBUG main            d.u.i.k.p.i.IntermediateProofReplayer Proof replay took 1.05ms 
177039     DEBUG main            d.u.i.k.p.r.p.TestFile    ... success: reloaded. 
177040     INFO  main            d.u.i.k.p.r.p.TestFile    Now processing file /home/runner/work/key/key/key.core/../key.ui/examples/standard_key/quantifiers/heuristic_PUZ001p1-eq.key 
177040     INFO  main            d.u.i.k.p.i.AbstractProblemLoader Loading environment from /home/runner/work/key/key/key.core/../key.ui/examples/standard_key/quantifiers/heuristic_PUZ001p1-eq.key 
177040     DEBUG main            d.u.i.k.p.i.AbstractProblemLoader Environment load took 69.6ns 
177041     INFO  main            d.u.i.k.p.i.AbstractProblemLoader Creating init config 
179361     DEBUG main            d.u.i.k.p.i.AbstractProblemLoader Init config took 2.32s 
179373     INFO  main            d.u.i.k.p.i.AbstractProblemLoader Replaying proof heuristic_PUZ001p1-eq.key 
179375     DEBUG main            d.u.i.k.p.i.IntermediateProofReplayer Proof replay took 6.3ns 
179477     INFO  main            d.u.i.k.p.r.p.TestFile    ... finished proof: closed. 
179746     INFO  main            d.u.i.k.p.i.AbstractProblemLoader Loading environment from /home/runner/work/key/key/key.core/../key.ui/examples/standard_key/quantifiers/heuristic_PUZ001p1-eq.key.proof 
179746     DEBUG main            d.u.i.k.p.i.AbstractProblemLoader Environment load took 95ns 
179747     INFO  main            d.u.i.k.p.i.AbstractProblemLoader Creating init config 
182026     DEBUG main            d.u.i.k.p.i.AbstractProblemLoader Init config took 2.28s 
182038     INFO  main            d.u.i.k.p.i.AbstractProblemLoader Replaying proof heuristic_PUZ001p1-eq.key.proof 
182048     DEBUG main            d.u.i.k.p.i.IntermediateProofReplayer Proof replay took 7.95ms 
182049     DEBUG main            d.u.i.k.p.r.p.TestFile    ... success: reloaded. 
182050     INFO  main            d.u.i.k.p.r.p.TestFile    Now processing file /home/runner/work/key/key/key.core/../key.ui/examples/standard_key/quantifiers/heuristic_PUZ001p1.key 
182050     INFO  main            d.u.i.k.p.i.AbstractProblemLoader Loading environment from /home/runner/work/key/key/key.core/../key.ui/examples/standard_key/quantifiers/heuristic_PUZ001p1.key 
182050     DEBUG main            d.u.i.k.p.i.AbstractProblemLoader Environment load took 76.7ns 
182051     INFO  main            d.u.i.k.p.i.AbstractProblemLoader Creating init config 
184364     DEBUG main            d.u.i.k.p.i.AbstractProblemLoader Init config took 2.31s 
184377     INFO  main            d.u.i.k.p.i.AbstractProblemLoader Replaying proof heuristic_PUZ001p1.key 
184378     DEBUG main            d.u.i.k.p.i.IntermediateProofReplayer Proof replay took 6ns 
185586     INFO  main            d.u.i.k.p.r.p.TestFile    ... finished proof: closed. 
185870     INFO  main            d.u.i.k.p.i.AbstractProblemLoader Loading environment from /home/runner/work/key/key/key.core/../key.ui/examples/standard_key/quantifiers/heuristic_PUZ001p1.key.proof 
185874     DEBUG main            d.u.i.k.p.i.AbstractProblemLoader Environment load took 4.48ms 
185876     INFO  main            d.u.i.k.p.i.AbstractProblemLoader Creating init config 
188161     DEBUG main            d.u.i.k.p.i.AbstractProblemLoader Init config took 2.29s 
188174     INFO  main            d.u.i.k.p.i.AbstractProblemLoader Replaying proof heuristic_PUZ001p1.key.proof 
188212     DEBUG main            d.u.i.k.p.i.IntermediateProofReplayer Proof replay took 33.98ms 
188213     DEBUG main            d.u.i.k.p.r.p.TestFile    ... success: reloaded. 
188214     INFO  main            d.u.i.k.p.r.p.TestFile    Now processing file /home/runner/work/key/key/key.core/../key.ui/examples/standard_key/quantifiers/heuristic_PUZ031p1.key 
188214     INFO  main            d.u.i.k.p.i.AbstractProblemLoader Loading environment from /home/runner/work/key/key/key.core/../key.ui/examples/standard_key/quantifiers/heuristic_PUZ031p1.key 
188214     DEBUG main            d.u.i.k.p.i.AbstractProblemLoader Environment load took 85.8ns 
188215     INFO  main            d.u.i.k.p.i.AbstractProblemLoader Creating init config 
190547     DEBUG main            d.u.i.k.p.i.AbstractProblemLoader Init config took 2.33s 
190560     INFO  main            d.u.i.k.p.i.AbstractProblemLoader Replaying proof heuristic_PUZ031p1.key 
190561     DEBUG main            d.u.i.k.p.i.IntermediateProofReplayer Proof replay took 6.7ns 
195182     INFO  main            d.u.i.k.p.r.p.TestFile    ... finished proof: closed. 
195476     INFO  main            d.u.i.k.p.i.AbstractProblemLoader Loading environment from /home/runner/work/key/key/key.core/../key.ui/examples/standard_key/quantifiers/heuristic_PUZ031p1.key.proof 
195478     DEBUG main            d.u.i.k.p.i.AbstractProblemLoader Environment load took 2.29ms 
195480     INFO  main            d.u.i.k.p.i.AbstractProblemLoader Creating init config 
197784     DEBUG main            d.u.i.k.p.i.AbstractProblemLoader Init config took 2.3s 
197797     INFO  main            d.u.i.k.p.i.AbstractProblemLoader Replaying proof heuristic_PUZ031p1.key.proof 
197841     DEBUG main            d.u.i.k.p.i.IntermediateProofReplayer Proof replay took 40.45ms 
197843     DEBUG main            d.u.i.k.p.r.p.TestFile    ... success: reloaded. 
197843     INFO  main            d.u.i.k.p.r.p.TestFile    Now processing file /home/runner/work/key/key/key.core/../key.ui/examples/standard_key/quantifiers/heuristic_SYN036p2.key 
197844     INFO  main            d.u.i.k.p.i.AbstractProblemLoader Loading environment from /home/runner/work/key/key/key.core/../key.ui/examples/standard_key/quantifiers/heuristic_SYN036p2.key 
197844     DEBUG main            d.u.i.k.p.i.AbstractProblemLoader Environment load took 122.7ns 
197844     INFO  main            d.u.i.k.p.i.AbstractProblemLoader Creating init config 
200154     DEBUG main            d.u.i.k.p.i.AbstractProblemLoader Init config took 2.31s 
200165     INFO  main            d.u.i.k.p.i.AbstractProblemLoader Replaying proof heuristic_SYN036p2.key 
200166     DEBUG main            d.u.i.k.p.i.IntermediateProofReplayer Proof replay took 6.9ns 
200371     INFO  main            d.u.i.k.p.r.p.TestFile    ... finished proof: closed. 
200677     INFO  main            d.u.i.k.p.i.AbstractProblemLoader Loading environment from /home/runner/work/key/key/key.core/../key.ui/examples/standard_key/quantifiers/heuristic_SYN036p2.key.proof 
200677     DEBUG main            d.u.i.k.p.i.AbstractProblemLoader Environment load took 288.5ns 
200678     INFO  main            d.u.i.k.p.i.AbstractProblemLoader Creating init config 
202958     DEBUG main            d.u.i.k.p.i.AbstractProblemLoader Init config took 2.28s 
202970     INFO  main            d.u.i.k.p.i.AbstractProblemLoader Replaying proof heuristic_SYN036p2.key.proof 
203018     DEBUG main            d.u.i.k.p.i.IntermediateProofReplayer Proof replay took 39.9ms 
203019     DEBUG main            d.u.i.k.p.r.p.TestFile    ... success: reloaded. 
203019     INFO  main            d.u.i.k.p.r.p.TestFile    Now processing file /home/runner/work/key/key/key.core/../key.ui/examples/standard_key/quantifiers/injectivity.key 
203020     INFO  main            d.u.i.k.p.i.AbstractProblemLoader Loading environment from /home/runner/work/key/key/key.core/../key.ui/examples/standard_key/quantifiers/injectivity.key 
203020     DEBUG main            d.u.i.k.p.i.AbstractProblemLoader Environment load took 74.1ns 
203020     INFO  main            d.u.i.k.p.i.AbstractProblemLoader Creating init config 
205339     DEBUG main            d.u.i.k.p.i.AbstractProblemLoader Init config took 2.32s 
205350     INFO  main            d.u.i.k.p.i.AbstractProblemLoader Replaying proof injectivity.key 
205352     DEBUG main            d.u.i.k.p.i.IntermediateProofReplayer Proof replay took 7ns 
205453     INFO  main            d.u.i.k.p.r.p.TestFile    ... finished proof: closed. 
205734     INFO  main            d.u.i.k.p.i.AbstractProblemLoader Loading environment from /home/runner/work/key/key/key.core/../key.ui/examples/standard_key/quantifiers/injectivity.key.proof 
205734     DEBUG main            d.u.i.k.p.i.AbstractProblemLoader Environment load took 82.6ns 
205735     INFO  main            d.u.i.k.p.i.AbstractProblemLoader Creating init config 
208035     DEBUG main            d.u.i.k.p.i.AbstractProblemLoader Init config took 2.3s 
208046     INFO  main            d.u.i.k.p.i.AbstractProblemLoader Replaying proof injectivity.key.proof 
208049     DEBUG main            d.u.i.k.p.i.IntermediateProofReplayer Proof replay took 1.35ms 
208049     DEBUG main            d.u.i.k.p.r.p.TestFile    ... success: reloaded. 
208050     INFO  main            d.u.i.k.p.r.p.TestFile    Now processing file /home/runner/work/key/key/key.core/../key.ui/examples/standard_key/quantifiers/normalisation0.key 
208050     INFO  main            d.u.i.k.p.i.AbstractProblemLoader Loading environment from /home/runner/work/key/key/key.core/../key.ui/examples/standard_key/quantifiers/normalisation0.key 
208050     DEBUG main            d.u.i.k.p.i.AbstractProblemLoader Environment load took 47ns 
208051     INFO  main            d.u.i.k.p.i.AbstractProblemLoader Creating init config 
210362     DEBUG main            d.u.i.k.p.i.AbstractProblemLoader Init config took 2.31s 
210374     INFO  main            d.u.i.k.p.i.AbstractProblemLoader Replaying proof normalisation0.key 
210375     DEBUG main            d.u.i.k.p.i.IntermediateProofReplayer Proof replay took 6.4ns 
210477     INFO  main            d.u.i.k.p.r.p.TestFile    ... finished proof: closed. 
210762     INFO  main            d.u.i.k.p.i.AbstractProblemLoader Loading environment from /home/runner/work/key/key/key.core/../key.ui/examples/standard_key/quantifiers/normalisation0.key.proof 
210762     DEBUG main            d.u.i.k.p.i.AbstractProblemLoader Environment load took 83.2ns 
210763     INFO  main            d.u.i.k.p.i.AbstractProblemLoader Creating init config 
213025     DEBUG main            d.u.i.k.p.i.AbstractProblemLoader Init config took 2.26s 
213037     INFO  main            d.u.i.k.p.i.AbstractProblemLoader Replaying proof normalisation0.key.proof 
213040     DEBUG main            d.u.i.k.p.i.IntermediateProofReplayer Proof replay took 1.72ms 
213041     DEBUG main            d.u.i.k.p.r.p.TestFile    ... success: reloaded. 
213042     INFO  main            d.u.i.k.p.r.p.TestFile    Now processing file /home/runner/work/key/key/key.core/../key.ui/examples/standard_key/quantifiers/normalisation1.key 
213042     INFO  main            d.u.i.k.p.i.AbstractProblemLoader Loading environment from /home/runner/work/key/key/key.core/../key.ui/examples/standard_key/quantifiers/normalisation1.key 
213042     DEBUG main            d.u.i.k.p.i.AbstractProblemLoader Environment load took 64.6ns 
213043     INFO  main            d.u.i.k.p.i.AbstractProblemLoader Creating init config 
215352     DEBUG main            d.u.i.k.p.i.AbstractProblemLoader Init config took 2.31s 
215365     INFO  main            d.u.i.k.p.i.AbstractProblemLoader Replaying proof normalisation1.key 
215366     DEBUG main            d.u.i.k.p.i.IntermediateProofReplayer Proof replay took 6.6ns 
215471     INFO  main            d.u.i.k.p.r.p.TestFile    ... finished proof: closed. 
215771     INFO  main            d.u.i.k.p.i.AbstractProblemLoader Loading environment from /home/runner/work/key/key/key.core/../key.ui/examples/standard_key/quantifiers/normalisation1.key.proof 
215771     DEBUG main            d.u.i.k.p.i.AbstractProblemLoader Environment load took 78.2ns 
215772     INFO  main            d.u.i.k.p.i.AbstractProblemLoader Creating init config 
218049     DEBUG main            d.u.i.k.p.i.AbstractProblemLoader Init config took 2.28s 
218062     INFO  main            d.u.i.k.p.i.AbstractProblemLoader Replaying proof normalisation1.key.proof 
218065     DEBUG main            d.u.i.k.p.i.IntermediateProofReplayer Proof replay took 2.15ms 
218066     DEBUG main            d.u.i.k.p.r.p.TestFile    ... success: reloaded. 
218066     INFO  main            d.u.i.k.p.r.p.TestFile    Now processing file /home/runner/work/key/key/key.core/../key.ui/examples/standard_key/quantifiers/normalisation2.key 
218067     INFO  main            d.u.i.k.p.i.AbstractProblemLoader Loading environment from /home/runner/work/key/key/key.core/../key.ui/examples/standard_key/quantifiers/normalisation2.key 
218067     DEBUG main            d.u.i.k.p.i.AbstractProblemLoader Environment load took 90.6ns 
218067     INFO  main            d.u.i.k.p.i.AbstractProblemLoader Creating init config 
220376     DEBUG main            d.u.i.k.p.i.AbstractProblemLoader Init config took 2.31s 
220388     INFO  main            d.u.i.k.p.i.AbstractProblemLoader Replaying proof normalisation2.key 
220390     DEBUG main            d.u.i.k.p.i.IntermediateProofReplayer Proof replay took 6ns 
220491     INFO  main            d.u.i.k.p.r.p.TestFile    ... finished proof: closed. 
220783     INFO  main            d.u.i.k.p.i.AbstractProblemLoader Loading environment from /home/runner/work/key/key/key.core/../key.ui/examples/standard_key/quantifiers/normalisation2.key.proof 
220783     DEBUG main            d.u.i.k.p.i.AbstractProblemLoader Environment load took 81.8ns 
220784     INFO  main            d.u.i.k.p.i.AbstractProblemLoader Creating init config 
223223     DEBUG main            d.u.i.k.p.i.AbstractProblemLoader Init config took 2.44s 
223235     INFO  main            d.u.i.k.p.i.AbstractProblemLoader Replaying proof normalisation2.key.proof 
223238     DEBUG main            d.u.i.k.p.i.IntermediateProofReplayer Proof replay took 1.87ms 
223239     DEBUG main            d.u.i.k.p.r.p.TestFile    ... success: reloaded. 
223239     INFO  main            d.u.i.k.p.r.p.TestFile    Now processing file /home/runner/work/key/key/key.core/../key.ui/examples/standard_key/quantifiers/normalisation3.key 
223240     INFO  main            d.u.i.k.p.i.AbstractProblemLoader Loading environment from /home/runner/work/key/key/key.core/../key.ui/examples/standard_key/quantifiers/normalisation3.key 
223240     DEBUG main            d.u.i.k.p.i.AbstractProblemLoader Environment load took 88.6ns 
223240     INFO  main            d.u.i.k.p.i.AbstractProblemLoader Creating init config 
225547     DEBUG main            d.u.i.k.p.i.AbstractProblemLoader Init config took 2.31s 
225558     INFO  main            d.u.i.k.p.i.AbstractProblemLoader Replaying proof normalisation3.key 
225561     DEBUG main            d.u.i.k.p.i.IntermediateProofReplayer Proof replay took 6.4ns 
225663     INFO  main            d.u.i.k.p.r.p.TestFile    ... finished proof: closed. 
225967     INFO  main            d.u.i.k.p.i.AbstractProblemLoader Loading environment from /home/runner/work/key/key/key.core/../key.ui/examples/standard_key/quantifiers/normalisation3.key.proof 
225967     DEBUG main            d.u.i.k.p.i.AbstractProblemLoader Environment load took 82.5ns 
225968     INFO  main            d.u.i.k.p.i.AbstractProblemLoader Creating init config 
228247     DEBUG main            d.u.i.k.p.i.AbstractProblemLoader Init config took 2.28s 
228259     INFO  main            d.u.i.k.p.i.AbstractProblemLoader Replaying proof normalisation3.key.proof 
228262     DEBUG main            d.u.i.k.p.i.IntermediateProofReplayer Proof replay took 2.06ms 
228263     DEBUG main            d.u.i.k.p.r.p.TestFile    ... success: reloaded. 
228264     INFO  main            d.u.i.k.p.r.p.TestFile    Now processing file /home/runner/work/key/key/key.core/../key.ui/examples/standard_key/quantifiers/normalisation4.key 
228264     INFO  main            d.u.i.k.p.i.AbstractProblemLoader Loading environment from /home/runner/work/key/key/key.core/../key.ui/examples/standard_key/quantifiers/normalisation4.key 
228264     DEBUG main            d.u.i.k.p.i.AbstractProblemLoader Environment load took 79.4ns 
228265     INFO  main            d.u.i.k.p.i.AbstractProblemLoader Creating init config 
230567     DEBUG main            d.u.i.k.p.i.AbstractProblemLoader Init config took 2.3s 
230579     INFO  main            d.u.i.k.p.i.AbstractProblemLoader Replaying proof normalisation4.key 
230581     DEBUG main            d.u.i.k.p.i.IntermediateProofReplayer Proof replay took 6.4ns 
230683     INFO  main            d.u.i.k.p.r.p.TestFile    ... finished proof: closed. 
230988     INFO  main            d.u.i.k.p.i.AbstractProblemLoader Loading environment from /home/runner/work/key/key/key.core/../key.ui/examples/standard_key/quantifiers/normalisation4.key.proof 
230988     DEBUG main            d.u.i.k.p.i.AbstractProblemLoader Environment load took 83.5ns 
230989     INFO  main            d.u.i.k.p.i.AbstractProblemLoader Creating init config 
233265     DEBUG main            d.u.i.k.p.i.AbstractProblemLoader Init config took 2.28s 
233277     INFO  main            d.u.i.k.p.i.AbstractProblemLoader Replaying proof normalisation4.key.proof 
233283     DEBUG main            d.u.i.k.p.i.IntermediateProofReplayer Proof replay took 3.89ms 
233283     DEBUG main            d.u.i.k.p.r.p.TestFile    ... success: reloaded. 
233284     INFO  main            d.u.i.k.p.r.p.TestFile    Now processing file /home/runner/work/key/key/key.core/../key.ui/examples/standard_key/quantifiers/normalisation5.key 
233284     INFO  main            d.u.i.k.p.i.AbstractProblemLoader Loading environment from /home/runner/work/key/key/key.core/../key.ui/examples/standard_key/quantifiers/normalisation5.key 
233284     DEBUG main            d.u.i.k.p.i.AbstractProblemLoader Environment load took 66.8ns 
233285     INFO  main            d.u.i.k.p.i.AbstractProblemLoader Creating init config 
235584     DEBUG main            d.u.i.k.p.i.AbstractProblemLoader Init config took 2.3s 
235596     INFO  main            d.u.i.k.p.i.AbstractProblemLoader Replaying proof normalisation5.key 
235598     DEBUG main            d.u.i.k.p.i.IntermediateProofReplayer Proof replay took 5.7ns 
235703     INFO  main            d.u.i.k.p.r.p.TestFile    ... finished proof: closed. 
236015     INFO  main            d.u.i.k.p.i.AbstractProblemLoader Loading environment from /home/runner/work/key/key/key.core/../key.ui/examples/standard_key/quantifiers/normalisation5.key.proof 
236015     DEBUG main            d.u.i.k.p.i.AbstractProblemLoader Environment load took 83.7ns 
236016     INFO  main            d.u.i.k.p.i.AbstractProblemLoader Creating init config 
238290     DEBUG main            d.u.i.k.p.i.AbstractProblemLoader Init config took 2.27s 
238301     INFO  main            d.u.i.k.p.i.AbstractProblemLoader Replaying proof normalisation5.key.proof 
238310     DEBUG main            d.u.i.k.p.i.IntermediateProofReplayer Proof replay took 7.58ms 
238311     DEBUG main            d.u.i.k.p.r.p.TestFile    ... success: reloaded. 
238312     INFO  main            d.u.i.k.p.r.p.TestFile    Now processing file /home/runner/work/key/key/key.core/../key.ui/examples/standard_key/quantifiers/normalisation6.key 
238312     INFO  main            d.u.i.k.p.i.AbstractProblemLoader Loading environment from /home/runner/work/key/key/key.core/../key.ui/examples/standard_key/quantifiers/normalisation6.key 
238316     DEBUG main            d.u.i.k.p.i.AbstractProblemLoader Environment load took 3.96ms 
238317     INFO  main            d.u.i.k.p.i.AbstractProblemLoader Creating init config 
240617     DEBUG main            d.u.i.k.p.i.AbstractProblemLoader Init config took 2.3s 
240628     INFO  main            d.u.i.k.p.i.AbstractProblemLoader Replaying proof normalisation6.key 
240630     DEBUG main            d.u.i.k.p.i.IntermediateProofReplayer Proof replay took 6.4ns 
240731     INFO  main            d.u.i.k.p.r.p.TestFile    ... finished proof: closed. 
241043     INFO  main            d.u.i.k.p.i.AbstractProblemLoader Loading environment from /home/runner/work/key/key/key.core/../key.ui/examples/standard_key/quantifiers/normalisation6.key.proof 
241043     DEBUG main            d.u.i.k.p.i.AbstractProblemLoader Environment load took 78.4ns 
241044     INFO  main            d.u.i.k.p.i.AbstractProblemLoader Creating init config 
243311     DEBUG main            d.u.i.k.p.i.AbstractProblemLoader Init config took 2.27s 
243323     INFO  main            d.u.i.k.p.i.AbstractProblemLoader Replaying proof normalisation6.key.proof 
243326     DEBUG main            d.u.i.k.p.i.IntermediateProofReplayer Proof replay took 1.87ms 
243327     DEBUG main            d.u.i.k.p.r.p.TestFile    ... success: reloaded. 
243328     INFO  main            d.u.i.k.p.r.p.TestFile    Now processing file /home/runner/work/key/key/key.core/../key.ui/examples/standard_key/quantifiers/normalisation7.key 
243328     INFO  main            d.u.i.k.p.i.AbstractProblemLoader Loading environment from /home/runner/work/key/key/key.core/../key.ui/examples/standard_key/quantifiers/normalisation7.key 
243328     DEBUG main            d.u.i.k.p.i.AbstractProblemLoader Environment load took 50.3ns 
243329     INFO  main            d.u.i.k.p.i.AbstractProblemLoader Creating init config 
245625     DEBUG main            d.u.i.k.p.i.AbstractProblemLoader Init config took 2.3s 
245637     INFO  main            d.u.i.k.p.i.AbstractProblemLoader Replaying proof normalisation7.key 
245638     DEBUG main            d.u.i.k.p.i.IntermediateProofReplayer Proof replay took 6.3ns 
245739     INFO  main            d.u.i.k.p.r.p.TestFile    ... finished proof: closed. 
246060     INFO  main            d.u.i.k.p.i.AbstractProblemLoader Loading environment from /home/runner/work/key/key/key.core/../key.ui/examples/standard_key/quantifiers/normalisation7.key.proof 
246060     DEBUG main            d.u.i.k.p.i.AbstractProblemLoader Environment load took 79.5ns 
246061     INFO  main            d.u.i.k.p.i.AbstractProblemLoader Creating init config 
248337     DEBUG main            d.u.i.k.p.i.AbstractProblemLoader Init config took 2.28s 
248349     INFO  main            d.u.i.k.p.i.AbstractProblemLoader Replaying proof normalisation7.key.proof 
248352     DEBUG main            d.u.i.k.p.i.IntermediateProofReplayer Proof replay took 1.68ms 
248353     DEBUG main            d.u.i.k.p.r.p.TestFile    ... success: reloaded. 
248354     INFO  main            d.u.i.k.p.r.p.TestFile    Now processing file /home/runner/work/key/key/key.core/../key.ui/examples/standard_key/quantifiers/normalisation8.key 
248354     INFO  main            d.u.i.k.p.i.AbstractProblemLoader Loading environment from /home/runner/work/key/key/key.core/../key.ui/examples/standard_key/quantifiers/normalisation8.key 
248354     DEBUG main            d.u.i.k.p.i.AbstractProblemLoader Environment load took 62.6ns 
248355     INFO  main            d.u.i.k.p.i.AbstractProblemLoader Creating init config 
250652     DEBUG main            d.u.i.k.p.i.AbstractProblemLoader Init config took 2.3s 
250665     INFO  main            d.u.i.k.p.i.AbstractProblemLoader Replaying proof normalisation8.key 
250667     DEBUG main            d.u.i.k.p.i.IntermediateProofReplayer Proof replay took 6.6ns 
250769     INFO  main            d.u.i.k.p.r.p.TestFile    ... finished proof: closed. 
251093     INFO  main            d.u.i.k.p.i.AbstractProblemLoader Loading environment from /home/runner/work/key/key/key.core/../key.ui/examples/standard_key/quantifiers/normalisation8.key.proof 
251093     DEBUG main            d.u.i.k.p.i.AbstractProblemLoader Environment load took 69.6ns 
251095     INFO  main            d.u.i.k.p.i.AbstractProblemLoader Creating init config 
253361     DEBUG main            d.u.i.k.p.i.AbstractProblemLoader Init config took 2.27s 
253374     INFO  main            d.u.i.k.p.i.AbstractProblemLoader Replaying proof normalisation8.key.proof 
253379     DEBUG main            d.u.i.k.p.i.IntermediateProofReplayer Proof replay took 3.88ms 
253379     DEBUG main            d.u.i.k.p.r.p.TestFile    ... success: reloaded. 
253380     INFO  main            d.u.i.k.p.r.p.TestFile    Now processing file /home/runner/work/key/key/key.core/../key.ui/examples/standard_key/quantifiers/normalisation9.key 
253380     INFO  main            d.u.i.k.p.i.AbstractProblemLoader Loading environment from /home/runner/work/key/key/key.core/../key.ui/examples/standard_key/quantifiers/normalisation9.key 
253380     DEBUG main            d.u.i.k.p.i.AbstractProblemLoader Environment load took 51.1ns 
253381     INFO  main            d.u.i.k.p.i.AbstractProblemLoader Creating init config 
255675     DEBUG main            d.u.i.k.p.i.AbstractProblemLoader Init config took 2.29s 
255687     INFO  main            d.u.i.k.p.i.AbstractProblemLoader Replaying proof normalisation9.key 
255688     DEBUG main            d.u.i.k.p.i.IntermediateProofReplayer Proof replay took 6.6ns 
255790     INFO  main            d.u.i.k.p.r.p.TestFile    ... finished proof: closed. 
256110     INFO  main            d.u.i.k.p.i.AbstractProblemLoader Loading environment from /home/runner/work/key/key/key.core/../key.ui/examples/standard_key/quantifiers/normalisation9.key.proof 
256110     DEBUG main            d.u.i.k.p.i.AbstractProblemLoader Environment load took 67.2ns 
256111     INFO  main            d.u.i.k.p.i.AbstractProblemLoader Creating init config 
258390     DEBUG main            d.u.i.k.p.i.AbstractProblemLoader Init config took 2.28s 
258401     INFO  main            d.u.i.k.p.i.AbstractProblemLoader Replaying proof normalisation9.key.proof 
258408     DEBUG main            d.u.i.k.p.i.IntermediateProofReplayer Proof replay took 5.31ms 
258409     DEBUG main            d.u.i.k.p.r.p.TestFile    ... success: reloaded. 
258409     INFO  main            d.u.i.k.p.r.p.TestFile    Now processing file /home/runner/work/key/key/key.core/../key.ui/examples/standard_key/quantifiers/normalisation10.key 
258410     INFO  main            d.u.i.k.p.i.AbstractProblemLoader Loading environment from /home/runner/work/key/key/key.core/../key.ui/examples/standard_key/quantifiers/normalisation10.key 
258410     DEBUG main            d.u.i.k.p.i.AbstractProblemLoader Environment load took 41.8ns 
258411     INFO  main            d.u.i.k.p.i.AbstractProblemLoader Creating init config 
260707     DEBUG main            d.u.i.k.p.i.AbstractProblemLoader Init config took 2.3s 
260732     INFO  main            d.u.i.k.p.i.AbstractProblemLoader Replaying proof normalisation10.key 
260734     DEBUG main            d.u.i.k.p.i.IntermediateProofReplayer Proof replay took 6ns 
260836     INFO  main            d.u.i.k.p.r.p.TestFile    ... finished proof: closed. 
261176     INFO  main            d.u.i.k.p.i.AbstractProblemLoader Loading environment from /home/runner/work/key/key/key.core/../key.ui/examples/standard_key/quantifiers/normalisation10.key.proof 
261176     DEBUG main            d.u.i.k.p.i.AbstractProblemLoader Environment load took 73ns 
261177     INFO  main            d.u.i.k.p.i.AbstractProblemLoader Creating init config 
263441     DEBUG main            d.u.i.k.p.i.AbstractProblemLoader Init config took 2.26s 
263454     INFO  main            d.u.i.k.p.i.AbstractProblemLoader Replaying proof normalisation10.key.proof 
263459     DEBUG main            d.u.i.k.p.i.IntermediateProofReplayer Proof replay took 3.94ms 
263460     DEBUG main            d.u.i.k.p.r.p.TestFile    ... success: reloaded. 
263460     INFO  main            d.u.i.k.p.r.p.TestFile    Now processing file /home/runner/work/key/key/key.core/../key.ui/examples/standard_key/quantifiers/normalisation12.key 
263460     INFO  main            d.u.i.k.p.i.AbstractProblemLoader Loading environment from /home/runner/work/key/key/key.core/../key.ui/examples/standard_key/quantifiers/normalisation12.key 
263460     DEBUG main            d.u.i.k.p.i.AbstractProblemLoader Environment load took 75.3ns 
263461     INFO  main            d.u.i.k.p.i.AbstractProblemLoader Creating init config 
265771     DEBUG main            d.u.i.k.p.i.AbstractProblemLoader Init config took 2.31s 
265784     INFO  main            d.u.i.k.p.i.AbstractProblemLoader Replaying proof normalisation12.key 
265785     DEBUG main            d.u.i.k.p.i.IntermediateProofReplayer Proof replay took 6.2ns 
265887     INFO  main            d.u.i.k.p.r.p.TestFile    ... finished proof: closed. 
266236     INFO  main            d.u.i.k.p.i.AbstractProblemLoader Loading environment from /home/runner/work/key/key/key.core/../key.ui/examples/standard_key/quantifiers/normalisation12.key.proof 
266236     DEBUG main            d.u.i.k.p.i.AbstractProblemLoader Environment load took 69.8ns 
266237     INFO  main            d.u.i.k.p.i.AbstractProblemLoader Creating init config 
268507     DEBUG main            d.u.i.k.p.i.AbstractProblemLoader Init config took 2.27s 
268518     INFO  main            d.u.i.k.p.i.AbstractProblemLoader Replaying proof normalisation12.key.proof 
268521     DEBUG main            d.u.i.k.p.i.IntermediateProofReplayer Proof replay took 1.02ms 
268521     DEBUG main            d.u.i.k.p.r.p.TestFile    ... success: reloaded. 
268522     INFO  main            d.u.i.k.p.r.p.TestFile    Now processing file /home/runner/work/key/key/key.core/../key.ui/examples/standard_key/quantifiers/normalisation13.key 
268522     INFO  main            d.u.i.k.p.i.AbstractProblemLoader Loading environment from /home/runner/work/key/key/key.core/../key.ui/examples/standard_key/quantifiers/normalisation13.key 
268522     DEBUG main            d.u.i.k.p.i.AbstractProblemLoader Environment load took 64.6ns 
268523     INFO  main            d.u.i.k.p.i.AbstractProblemLoader Creating init config 
270831     DEBUG main            d.u.i.k.p.i.AbstractProblemLoader Init config took 2.31s 
270843     INFO  main            d.u.i.k.p.i.AbstractProblemLoader Replaying proof normalisation13.key 
270845     DEBUG main            d.u.i.k.p.i.IntermediateProofReplayer Proof replay took 5.8ns 
270947     INFO  main            d.u.i.k.p.r.p.TestFile    ... finished proof: closed. 
271297     INFO  main            d.u.i.k.p.i.AbstractProblemLoader Loading environment from /home/runner/work/key/key/key.core/../key.ui/examples/standard_key/quantifiers/normalisation13.key.proof 
271297     DEBUG main            d.u.i.k.p.i.AbstractProblemLoader Environment load took 72.2ns 
271298     INFO  main            d.u.i.k.p.i.AbstractProblemLoader Creating init config 
273559     DEBUG main            d.u.i.k.p.i.AbstractProblemLoader Init config took 2.26s 
273570     INFO  main            d.u.i.k.p.i.AbstractProblemLoader Replaying proof normalisation13.key.proof 
273572     DEBUG main            d.u.i.k.p.i.IntermediateProofReplayer Proof replay took 444.4ns 
273573     DEBUG main            d.u.i.k.p.r.p.TestFile    ... success: reloaded. 
273573     INFO  main            d.u.i.k.p.r.p.TestFile    Now processing file /home/runner/work/key/key/key.core/../key.ui/examples/standard_key/quantifiers/triggers0.key 
273573     INFO  main            d.u.i.k.p.i.AbstractProblemLoader Loading environment from /home/runner/work/key/key/key.core/../key.ui/examples/standard_key/quantifiers/triggers0.key 
273573     DEBUG main            d.u.i.k.p.i.AbstractProblemLoader Environment load took 39.6ns 
273574     INFO  main            d.u.i.k.p.i.AbstractProblemLoader Creating init config 
275881     DEBUG main            d.u.i.k.p.i.AbstractProblemLoader Init config took 2.31s 
275893     INFO  main            d.u.i.k.p.i.AbstractProblemLoader Replaying proof triggers0.key 
275894     DEBUG main            d.u.i.k.p.i.IntermediateProofReplayer Proof replay took 6ns 
275996     INFO  main            d.u.i.k.p.r.p.TestFile    ... finished proof: closed. 
276350     INFO  main            d.u.i.k.p.i.AbstractProblemLoader Loading environment from /home/runner/work/key/key/key.core/../key.ui/examples/standard_key/quantifiers/triggers0.key.proof 
276350     DEBUG main            d.u.i.k.p.i.AbstractProblemLoader Environment load took 72.5ns 
276351     INFO  main            d.u.i.k.p.i.AbstractProblemLoader Creating init config 
278630     DEBUG main            d.u.i.k.p.i.AbstractProblemLoader Init config took 2.28s 
278642     INFO  main            d.u.i.k.p.i.AbstractProblemLoader Replaying proof triggers0.key.proof 
278645     DEBUG main            d.u.i.k.p.i.IntermediateProofReplayer Proof replay took 1.26ms 
278645     DEBUG main            d.u.i.k.p.r.p.TestFile    ... success: reloaded. 
3690180    INFO  Test worker     d.u.i.k.p.r.RunAllProofsTestUnit Returning from test FOL 
3690181    INFO  Test worker     d.u.i.k.p.r.RunAllProofsTestUnit Running test strings 
371        INFO  Timeout watchdog d.u.i.k.p.r.p.ForkedTestFileRunner Timeout watcher launched (2000 secs.) 
373        WARN  main            d.u.i.k.s.ProofSettings   The settings in /home/runner/.key/proof-settings.props are *not* read. 
399        INFO  main            d.u.i.k.p.r.p.TestFile    Now processing file /home/runner/work/key/key/key.core/../key.ui/examples/standard_key/strings/charAt0.key 
501        INFO  main            d.u.i.k.p.i.AbstractProblemLoader Loading environment from /home/runner/work/key/key/key.core/../key.ui/examples/standard_key/strings/charAt0.key 
516        DEBUG main            d.u.i.k.p.i.AbstractProblemLoader Environment load took 1.76ms 
744        INFO  main            d.u.i.k.p.i.AbstractProblemLoader Creating init config 
1553       DEBUG main            d.u.i.k.j.TypeConverter   No LDT found for Meta 
1555       DEBUG main            d.u.i.k.j.TypeConverter   No LDT found for Meta 
1557       DEBUG main            d.u.i.k.j.TypeConverter   No LDT found for Meta 
1557       DEBUG main            d.u.i.k.j.TypeConverter   No LDT found for Meta 
2748       DEBUG main            d.u.i.k.j.TypeConverter   No LDT found for JavaBigintExpression 
7501       DEBUG main            d.u.i.k.p.i.AbstractProblemLoader Init config took 6.76s 
7565       INFO  main            d.u.i.k.p.i.AbstractProblemLoader Replaying proof charAt0.key 
7599       DEBUG main            d.u.i.k.p.i.IntermediateProofReplayer Proof replay took 31.8ns 
8047       INFO  main            d.u.i.k.p.r.p.TestFile    ... finished proof: closed. 
8139       INFO  main            d.u.i.k.p.i.AbstractProblemLoader Loading environment from /home/runner/work/key/key/key.core/../key.ui/examples/standard_key/strings/charAt0.key.proof 
8139       DEBUG main            d.u.i.k.p.i.AbstractProblemLoader Environment load took 356.7ns 
8143       INFO  main            d.u.i.k.p.i.AbstractProblemLoader Creating init config 
10798      DEBUG main            d.u.i.k.p.i.AbstractProblemLoader Init config took 2.65s 
10827      INFO  main            d.u.i.k.p.i.AbstractProblemLoader Replaying proof charAt0.key.proof 
10848      DEBUG main            d.u.i.k.p.i.IntermediateProofReplayer Proof replay took 16.41ms 
10858      DEBUG main            d.u.i.k.p.r.p.TestFile    ... success: reloaded. 
10863      INFO  main            d.u.i.k.p.r.p.TestFile    Now processing file /home/runner/work/key/key/key.core/../key.ui/examples/standard_key/strings/charAt1.key 
10864      INFO  main            d.u.i.k.p.i.AbstractProblemLoader Loading environment from /home/runner/work/key/key/key.core/../key.ui/examples/standard_key/strings/charAt1.key 
10864      DEBUG main            d.u.i.k.p.i.AbstractProblemLoader Environment load took 180.5ns 
10866      INFO  main            d.u.i.k.p.i.AbstractProblemLoader Creating init config 
13487      DEBUG main            d.u.i.k.p.i.AbstractProblemLoader Init config took 2.62s 
13517      INFO  main            d.u.i.k.p.i.AbstractProblemLoader Replaying proof charAt1.key 
13518      DEBUG main            d.u.i.k.p.i.IntermediateProofReplayer Proof replay took 6ns 
13625      INFO  main            d.u.i.k.p.r.p.TestFile    ... finished proof: closed. 
13752      INFO  main            d.u.i.k.p.i.AbstractProblemLoader Loading environment from /home/runner/work/key/key/key.core/../key.ui/examples/standard_key/strings/charAt1.key.proof 
13754      DEBUG main            d.u.i.k.p.i.AbstractProblemLoader Environment load took 1.46ms 
13756      INFO  main            d.u.i.k.p.i.AbstractProblemLoader Creating init config 
16295      DEBUG main            d.u.i.k.p.i.AbstractProblemLoader Init config took 2.54s 
16319      INFO  main            d.u.i.k.p.i.AbstractProblemLoader Replaying proof charAt1.key.proof 
16337      DEBUG main            d.u.i.k.p.i.IntermediateProofReplayer Proof replay took 15.11ms 
16338      DEBUG main            d.u.i.k.p.r.p.TestFile    ... success: reloaded. 
16339      INFO  main            d.u.i.k.p.r.p.TestFile    Now processing file /home/runner/work/key/key/key.core/../key.ui/examples/standard_key/strings/concat1.key 
16339      INFO  main            d.u.i.k.p.i.AbstractProblemLoader Loading environment from /home/runner/work/key/key/key.core/../key.ui/examples/standard_key/strings/concat1.key 
16340      DEBUG main            d.u.i.k.p.i.AbstractProblemLoader Environment load took 152.1ns 
16341      INFO  main            d.u.i.k.p.i.AbstractProblemLoader Creating init config 
18829      DEBUG main            d.u.i.k.p.i.AbstractProblemLoader Init config took 2.49s 
18849      INFO  main            d.u.i.k.p.i.AbstractProblemLoader Replaying proof concat1.key 
18851      DEBUG main            d.u.i.k.p.i.IntermediateProofReplayer Proof replay took 4.8ns 
18957      INFO  main            d.u.i.k.p.r.p.TestFile    ... finished proof: closed. 
19076      INFO  main            d.u.i.k.p.i.AbstractProblemLoader Loading environment from /home/runner/work/key/key/key.core/../key.ui/examples/standard_key/strings/concat1.key.proof 
19076      DEBUG main            d.u.i.k.p.i.AbstractProblemLoader Environment load took 126.6ns 
19078      INFO  main            d.u.i.k.p.i.AbstractProblemLoader Creating init config 
21550      DEBUG main            d.u.i.k.p.i.AbstractProblemLoader Init config took 2.47s 
21571      INFO  main            d.u.i.k.p.i.AbstractProblemLoader Replaying proof concat1.key.proof 
21577      DEBUG main            d.u.i.k.p.i.IntermediateProofReplayer Proof replay took 2.22ms 
21578      DEBUG main            d.u.i.k.p.r.p.TestFile    ... success: reloaded. 
21580      INFO  main            d.u.i.k.p.r.p.TestFile    Now processing file /home/runner/work/key/key/key.core/../key.ui/examples/standard_key/strings/concat2.key 
21580      INFO  main            d.u.i.k.p.i.AbstractProblemLoader Loading environment from /home/runner/work/key/key/key.core/../key.ui/examples/standard_key/strings/concat2.key 
21581      DEBUG main            d.u.i.k.p.i.AbstractProblemLoader Environment load took 212.7ns 
21584      INFO  main            d.u.i.k.p.i.AbstractProblemLoader Creating init config 
24055      DEBUG main            d.u.i.k.p.i.AbstractProblemLoader Init config took 2.47s 
24074      INFO  main            d.u.i.k.p.i.AbstractProblemLoader Replaying proof concat2.key 
24075      DEBUG main            d.u.i.k.p.i.IntermediateProofReplayer Proof replay took 5.2ns 
24181      INFO  main            d.u.i.k.p.r.p.TestFile    ... finished proof: closed. 
24305      INFO  main            d.u.i.k.p.i.AbstractProblemLoader Loading environment from /home/runner/work/key/key/key.core/../key.ui/examples/standard_key/strings/concat2.key.proof 
24305      DEBUG main            d.u.i.k.p.i.AbstractProblemLoader Environment load took 110ns 
24306      INFO  main            d.u.i.k.p.i.AbstractProblemLoader Creating init config 
26782      DEBUG main            d.u.i.k.p.i.AbstractProblemLoader Init config took 2.48s 
26800      INFO  main            d.u.i.k.p.i.AbstractProblemLoader Replaying proof concat2.key.proof 
26811      DEBUG main            d.u.i.k.p.i.IntermediateProofReplayer Proof replay took 9.09ms 
26812      DEBUG main            d.u.i.k.p.r.p.TestFile    ... success: reloaded. 
26812      INFO  main            d.u.i.k.p.r.p.TestFile    Now processing file /home/runner/work/key/key/key.core/../key.ui/examples/standard_key/strings/deriveLength1.key 
26812      INFO  main            d.u.i.k.p.i.AbstractProblemLoader Loading environment from /home/runner/work/key/key/key.core/../key.ui/examples/standard_key/strings/deriveLength1.key 
26812      DEBUG main            d.u.i.k.p.i.AbstractProblemLoader Environment load took 94.5ns 
26813      INFO  main            d.u.i.k.p.i.AbstractProblemLoader Creating init config 
29278      DEBUG main            d.u.i.k.p.i.AbstractProblemLoader Init config took 2.46s 
29296      INFO  main            d.u.i.k.p.i.AbstractProblemLoader Replaying proof deriveLength1.key 
29297      DEBUG main            d.u.i.k.p.i.IntermediateProofReplayer Proof replay took 5.7ns 
29399      INFO  main            d.u.i.k.p.r.p.TestFile    ... finished proof: closed. 
29543      INFO  main            d.u.i.k.p.i.AbstractProblemLoader Loading environment from /home/runner/work/key/key/key.core/../key.ui/examples/standard_key/strings/deriveLength1.key.proof 
29544      DEBUG main            d.u.i.k.p.i.AbstractProblemLoader Environment load took 160.8ns 
29545      INFO  main            d.u.i.k.p.i.AbstractProblemLoader Creating init config 
31930      DEBUG main            d.u.i.k.p.i.AbstractProblemLoader Init config took 2.39s 
31948      INFO  main            d.u.i.k.p.i.AbstractProblemLoader Replaying proof deriveLength1.key.proof 
31959      DEBUG main            d.u.i.k.p.i.IntermediateProofReplayer Proof replay took 8.81ms 
31960      DEBUG main            d.u.i.k.p.r.p.TestFile    ... success: reloaded. 
31961      INFO  main            d.u.i.k.p.r.p.TestFile    Now processing file /home/runner/work/key/key/key.core/../key.ui/examples/standard_key/strings/emptyStringLengthZero.key 
31961      INFO  main            d.u.i.k.p.i.AbstractProblemLoader Loading environment from /home/runner/work/key/key/key.core/../key.ui/examples/standard_key/strings/emptyStringLengthZero.key 
31961      DEBUG main            d.u.i.k.p.i.AbstractProblemLoader Environment load took 158ns 
31962      INFO  main            d.u.i.k.p.i.AbstractProblemLoader Creating init config 
34418      DEBUG main            d.u.i.k.p.i.AbstractProblemLoader Init config took 2.46s 
34436      INFO  main            d.u.i.k.p.i.AbstractProblemLoader Replaying proof emptyStringLengthZero.key 
34438      DEBUG main            d.u.i.k.p.i.IntermediateProofReplayer Proof replay took 6.6ns 
34541      INFO  main            d.u.i.k.p.r.p.TestFile    ... finished proof: closed. 
34676      INFO  main            d.u.i.k.p.i.AbstractProblemLoader Loading environment from /home/runner/work/key/key/key.core/../key.ui/examples/standard_key/strings/emptyStringLengthZero.key.proof 
34676      DEBUG main            d.u.i.k.p.i.AbstractProblemLoader Environment load took 115.1ns 
34677      INFO  main            d.u.i.k.p.i.AbstractProblemLoader Creating init config 
37089      DEBUG main            d.u.i.k.p.i.AbstractProblemLoader Init config took 2.41s 
37106      INFO  main            d.u.i.k.p.i.AbstractProblemLoader Replaying proof emptyStringLengthZero.key.proof 
37112      DEBUG main            d.u.i.k.p.i.IntermediateProofReplayer Proof replay took 3.33ms 
37113      DEBUG main            d.u.i.k.p.r.p.TestFile    ... success: reloaded. 
37113      INFO  main            d.u.i.k.p.r.p.TestFile    Now processing file /home/runner/work/key/key/key.core/../key.ui/examples/standard_key/strings/implicitBooleanStringConversion.key 
37114      INFO  main            d.u.i.k.p.i.AbstractProblemLoader Loading environment from /home/runner/work/key/key/key.core/../key.ui/examples/standard_key/strings/implicitBooleanStringConversion.key 
37114      DEBUG main            d.u.i.k.p.i.AbstractProblemLoader Environment load took 155.8ns 
37115      INFO  main            d.u.i.k.p.i.AbstractProblemLoader Creating init config 
39532      DEBUG main            d.u.i.k.p.i.AbstractProblemLoader Init config took 2.42s 
39553      INFO  main            d.u.i.k.p.i.AbstractProblemLoader Replaying proof implicitBooleanStringConversion.key 
39555      DEBUG main            d.u.i.k.p.i.IntermediateProofReplayer Proof replay took 5.8ns 
40470      INFO  main            d.u.i.k.p.r.p.TestFile    ... finished proof: closed. 
40660      INFO  main            d.u.i.k.p.i.AbstractProblemLoader Loading environment from /home/runner/work/key/key/key.core/../key.ui/examples/standard_key/strings/implicitBooleanStringConversion.key.proof 
40660      DEBUG main            d.u.i.k.p.i.AbstractProblemLoader Environment load took 309.3ns 
40661      INFO  main            d.u.i.k.p.i.AbstractProblemLoader Creating init config 
43056      DEBUG main            d.u.i.k.p.i.AbstractProblemLoader Init config took 2.39s 
43076      INFO  main            d.u.i.k.p.i.AbstractProblemLoader Replaying proof implicitBooleanStringConversion.key.proof 
43167      DEBUG main            d.u.i.k.p.i.IntermediateProofReplayer Proof replay took 85.33ms 
43168      DEBUG main            d.u.i.k.p.r.p.TestFile    ... success: reloaded. 
43169      INFO  main            d.u.i.k.p.r.p.TestFile    Now processing file /home/runner/work/key/key/key.core/../key.ui/examples/standard_key/strings/implicitBooleanStringConversion2.key 
43169      INFO  main            d.u.i.k.p.i.AbstractProblemLoader Loading environment from /home/runner/work/key/key/key.core/../key.ui/examples/standard_key/strings/implicitBooleanStringConversion2.key 
43169      DEBUG main            d.u.i.k.p.i.AbstractProblemLoader Environment load took 160.3ns 
43170      INFO  main            d.u.i.k.p.i.AbstractProblemLoader Creating init config 
45646      DEBUG main            d.u.i.k.p.i.AbstractProblemLoader Init config took 2.48s 
45664      INFO  main            d.u.i.k.p.i.AbstractProblemLoader Replaying proof implicitBooleanStringConversion2.key 
45666      DEBUG main            d.u.i.k.p.i.IntermediateProofReplayer Proof replay took 6.9ns 
45969      INFO  main            d.u.i.k.p.r.p.TestFile    ... finished proof: closed. 
46140      INFO  main            d.u.i.k.p.i.AbstractProblemLoader Loading environment from /home/runner/work/key/key/key.core/../key.ui/examples/standard_key/strings/implicitBooleanStringConversion2.key.proof 
46140      DEBUG main            d.u.i.k.p.i.AbstractProblemLoader Environment load took 110.8ns 
46141      INFO  main            d.u.i.k.p.i.AbstractProblemLoader Creating init config 
48534      DEBUG main            d.u.i.k.p.i.AbstractProblemLoader Init config took 2.39s 
48554      INFO  main            d.u.i.k.p.i.AbstractProblemLoader Replaying proof implicitBooleanStringConversion2.key.proof 
48591      DEBUG main            d.u.i.k.p.i.IntermediateProofReplayer Proof replay took 33.44ms 
48592      DEBUG main            d.u.i.k.p.r.p.TestFile    ... success: reloaded. 
48592      INFO  main            d.u.i.k.p.r.p.TestFile    Now processing file /home/runner/work/key/key/key.core/../key.ui/examples/standard_key/strings/implicitIntStringConversion.key 
48593      INFO  main            d.u.i.k.p.i.AbstractProblemLoader Loading environment from /home/runner/work/key/key/key.core/../key.ui/examples/standard_key/strings/implicitIntStringConversion.key 
48593      DEBUG main            d.u.i.k.p.i.AbstractProblemLoader Environment load took 74.7ns 
48594      INFO  main            d.u.i.k.p.i.AbstractProblemLoader Creating init config 
51011      DEBUG main            d.u.i.k.p.i.AbstractProblemLoader Init config took 2.42s 
51030      INFO  main            d.u.i.k.p.i.AbstractProblemLoader Replaying proof implicitIntStringConversion.key 
51034      DEBUG main            d.u.i.k.p.i.IntermediateProofReplayer Proof replay took 6.6ns 
51637      INFO  main            d.u.i.k.p.r.p.TestFile    ... finished proof: closed. 
51821      INFO  main            d.u.i.k.p.i.AbstractProblemLoader Loading environment from /home/runner/work/key/key/key.core/../key.ui/examples/standard_key/strings/implicitIntStringConversion.key.proof 
51822      DEBUG main            d.u.i.k.p.i.AbstractProblemLoader Environment load took 322.8ns 
51823      INFO  main            d.u.i.k.p.i.AbstractProblemLoader Creating init config 
54195      DEBUG main            d.u.i.k.p.i.AbstractProblemLoader Init config took 2.37s 
54212      INFO  main            d.u.i.k.p.i.AbstractProblemLoader Replaying proof implicitIntStringConversion.key.proof 
54276      DEBUG main            d.u.i.k.p.i.IntermediateProofReplayer Proof replay took 58.94ms 
54277      DEBUG main            d.u.i.k.p.r.p.TestFile    ... success: reloaded. 
54278      INFO  main            d.u.i.k.p.r.p.TestFile    Now processing file /home/runner/work/key/key/key.core/../key.ui/examples/standard_key/strings/implicitNullStringConversion.key 
54278      INFO  main            d.u.i.k.p.i.AbstractProblemLoader Loading environment from /home/runner/work/key/key/key.core/../key.ui/examples/standard_key/strings/implicitNullStringConversion.key 
54278      DEBUG main            d.u.i.k.p.i.AbstractProblemLoader Environment load took 154.4ns 
54279      INFO  main            d.u.i.k.p.i.AbstractProblemLoader Creating init config 
56702      DEBUG main            d.u.i.k.p.i.AbstractProblemLoader Init config took 2.42s 
56718      INFO  main            d.u.i.k.p.i.AbstractProblemLoader Replaying proof implicitNullStringConversion.key 
56720      DEBUG main            d.u.i.k.p.i.IntermediateProofReplayer Proof replay took 6ns 
57026      INFO  main            d.u.i.k.p.r.p.TestFile    ... finished proof: closed. 
57197      INFO  main            d.u.i.k.p.i.AbstractProblemLoader Loading environment from /home/runner/work/key/key/key.core/../key.ui/examples/standard_key/strings/implicitNullStringConversion.key.proof 
57197      DEBUG main            d.u.i.k.p.i.AbstractProblemLoader Environment load took 112.6ns 
57198      INFO  main            d.u.i.k.p.i.AbstractProblemLoader Creating init config 
59553      DEBUG main            d.u.i.k.p.i.AbstractProblemLoader Init config took 2.35s 
59570      INFO  main            d.u.i.k.p.i.AbstractProblemLoader Replaying proof implicitNullStringConversion.key.proof 
59614      DEBUG main            d.u.i.k.p.i.IntermediateProofReplayer Proof replay took 41.57ms 
59615      DEBUG main            d.u.i.k.p.r.p.TestFile    ... success: reloaded. 
59616      INFO  main            d.u.i.k.p.r.p.TestFile    Now processing file /home/runner/work/key/key/key.core/../key.ui/examples/standard_key/strings/implicitNullStringConversion2.key 
59616      INFO  main            d.u.i.k.p.i.AbstractProblemLoader Loading environment from /home/runner/work/key/key/key.core/../key.ui/examples/standard_key/strings/implicitNullStringConversion2.key 
59616      DEBUG main            d.u.i.k.p.i.AbstractProblemLoader Environment load took 81.6ns 
59617      INFO  main            d.u.i.k.p.i.AbstractProblemLoader Creating init config 
62007      DEBUG main            d.u.i.k.p.i.AbstractProblemLoader Init config took 2.39s 
62023      INFO  main            d.u.i.k.p.i.AbstractProblemLoader Replaying proof implicitNullStringConversion2.key 
62045      DEBUG main            d.u.i.k.p.i.IntermediateProofReplayer Proof replay took 6.7ns 
62247      INFO  main            d.u.i.k.p.r.p.TestFile    ... finished proof: closed. 
62408      INFO  main            d.u.i.k.p.i.AbstractProblemLoader Loading environment from /home/runner/work/key/key/key.core/../key.ui/examples/standard_key/strings/implicitNullStringConversion2.key.proof 
62408      DEBUG main            d.u.i.k.p.i.AbstractProblemLoader Environment load took 114.8ns 
62409      INFO  main            d.u.i.k.p.i.AbstractProblemLoader Creating init config 
64796      DEBUG main            d.u.i.k.p.i.AbstractProblemLoader Init config took 2.39s 
64812      INFO  main            d.u.i.k.p.i.AbstractProblemLoader Replaying proof implicitNullStringConversion2.key.proof 
64833      DEBUG main            d.u.i.k.p.i.IntermediateProofReplayer Proof replay took 18.78ms 
64834      DEBUG main            d.u.i.k.p.r.p.TestFile    ... success: reloaded. 
64834      INFO  main            d.u.i.k.p.r.p.TestFile    Now processing file /home/runner/work/key/key/key.core/../key.ui/examples/standard_key/strings/implicitObjectStringConversion.key 
64835      INFO  main            d.u.i.k.p.i.AbstractProblemLoader Loading environment from /home/runner/work/key/key/key.core/../key.ui/examples/standard_key/strings/implicitObjectStringConversion.key 
64835      DEBUG main            d.u.i.k.p.i.AbstractProblemLoader Environment load took 88.9ns 
64836      INFO  main            d.u.i.k.p.i.AbstractProblemLoader Creating init config 
67420      DEBUG main            d.u.i.k.p.i.AbstractProblemLoader Init config took 2.58s 
67435      INFO  main            d.u.i.k.p.i.AbstractProblemLoader Replaying proof implicitObjectStringConversion.key 
67436      DEBUG main            d.u.i.k.p.i.IntermediateProofReplayer Proof replay took 6.4ns 
67941      INFO  main            d.u.i.k.p.r.p.TestFile    ... finished proof: closed. 
68134      INFO  main            d.u.i.k.p.i.AbstractProblemLoader Loading environment from /home/runner/work/key/key/key.core/../key.ui/examples/standard_key/strings/implicitObjectStringConversion.key.proof 
68134      DEBUG main            d.u.i.k.p.i.AbstractProblemLoader Environment load took 129.5ns 
68135      INFO  main            d.u.i.k.p.i.AbstractProblemLoader Creating init config 
70688      DEBUG main            d.u.i.k.p.i.AbstractProblemLoader Init config took 2.55s 
70707      INFO  main            d.u.i.k.p.i.AbstractProblemLoader Replaying proof implicitObjectStringConversion.key.proof 
70758      DEBUG main            d.u.i.k.p.i.IntermediateProofReplayer Proof replay took 48.14ms 
70759      DEBUG main            d.u.i.k.p.r.p.TestFile    ... success: reloaded. 
70760      INFO  main            d.u.i.k.p.r.p.TestFile    Now processing file /home/runner/work/key/key/key.core/../key.ui/examples/standard_key/strings/literalEquality.key 
70760      INFO  main            d.u.i.k.p.i.AbstractProblemLoader Loading environment from /home/runner/work/key/key/key.core/../key.ui/examples/standard_key/strings/literalEquality.key 
70760      DEBUG main            d.u.i.k.p.i.AbstractProblemLoader Environment load took 79.4ns 
70761      INFO  main            d.u.i.k.p.i.AbstractProblemLoader Creating init config 
73184      DEBUG main            d.u.i.k.p.i.AbstractProblemLoader Init config took 2.42s 
73199      INFO  main            d.u.i.k.p.i.AbstractProblemLoader Replaying proof literalEquality.key 
73200      DEBUG main            d.u.i.k.p.i.IntermediateProofReplayer Proof replay took 5.7ns 
73304      INFO  main            d.u.i.k.p.r.p.TestFile    ... finished proof: closed. 
73485      INFO  main            d.u.i.k.p.i.AbstractProblemLoader Loading environment from /home/runner/work/key/key/key.core/../key.ui/examples/standard_key/strings/literalEquality.key.proof 
73485      DEBUG main            d.u.i.k.p.i.AbstractProblemLoader Environment load took 99.6ns 
73486      INFO  main            d.u.i.k.p.i.AbstractProblemLoader Creating init config 
75823      DEBUG main            d.u.i.k.p.i.AbstractProblemLoader Init config took 2.34s 
75838      INFO  main            d.u.i.k.p.i.AbstractProblemLoader Replaying proof literalEquality.key.proof 
75849      DEBUG main            d.u.i.k.p.i.IntermediateProofReplayer Proof replay took 4.84ms 
75849      DEBUG main            d.u.i.k.p.r.p.TestFile    ... success: reloaded. 
75850      INFO  main            d.u.i.k.p.r.p.TestFile    Now processing file /home/runner/work/key/key/key.core/../key.ui/examples/standard_key/strings/replace0.key 
75851      INFO  main            d.u.i.k.p.i.AbstractProblemLoader Loading environment from /home/runner/work/key/key/key.core/../key.ui/examples/standard_key/strings/replace0.key 
75851      DEBUG main            d.u.i.k.p.i.AbstractProblemLoader Environment load took 158.6ns 
75852      INFO  main            d.u.i.k.p.i.AbstractProblemLoader Creating init config 
78278      DEBUG main            d.u.i.k.p.i.AbstractProblemLoader Init config took 2.43s 
78292      INFO  main            d.u.i.k.p.i.AbstractProblemLoader Replaying proof replace0.key 
78293      DEBUG main            d.u.i.k.p.i.IntermediateProofReplayer Proof replay took 6.2ns 
78394      INFO  main            d.u.i.k.p.r.p.TestFile    ... finished proof: closed. 
78601      INFO  main            d.u.i.k.p.i.AbstractProblemLoader Loading environment from /home/runner/work/key/key/key.core/../key.ui/examples/standard_key/strings/replace0.key.proof 
78601      DEBUG main            d.u.i.k.p.i.AbstractProblemLoader Environment load took 102.5ns 
78602      INFO  main            d.u.i.k.p.i.AbstractProblemLoader Creating init config 
80937      DEBUG main            d.u.i.k.p.i.AbstractProblemLoader Init config took 2.33s 
80951      INFO  main            d.u.i.k.p.i.AbstractProblemLoader Replaying proof replace0.key.proof 
80957      DEBUG main            d.u.i.k.p.i.IntermediateProofReplayer Proof replay took 3.89ms 
80958      DEBUG main            d.u.i.k.p.r.p.TestFile    ... success: reloaded. 
80958      INFO  main            d.u.i.k.p.r.p.TestFile    Now processing file /home/runner/work/key/key/key.core/../key.ui/examples/standard_key/strings/replace1.key 
80959      INFO  main            d.u.i.k.p.i.AbstractProblemLoader Loading environment from /home/runner/work/key/key/key.core/../key.ui/examples/standard_key/strings/replace1.key 
80959      DEBUG main            d.u.i.k.p.i.AbstractProblemLoader Environment load took 187.2ns 
80960      INFO  main            d.u.i.k.p.i.AbstractProblemLoader Creating init config 
83354      DEBUG main            d.u.i.k.p.i.AbstractProblemLoader Init config took 2.39s 
83368      INFO  main            d.u.i.k.p.i.AbstractProblemLoader Replaying proof replace1.key 
83369      DEBUG main            d.u.i.k.p.i.IntermediateProofReplayer Proof replay took 6.5ns 
83471      INFO  main            d.u.i.k.p.r.p.TestFile    ... finished proof: closed. 
83652      INFO  main            d.u.i.k.p.i.AbstractProblemLoader Loading environment from /home/runner/work/key/key/key.core/../key.ui/examples/standard_key/strings/replace1.key.proof 
83652      DEBUG main            d.u.i.k.p.i.AbstractProblemLoader Environment load took 110.1ns 
83653      INFO  main            d.u.i.k.p.i.AbstractProblemLoader Creating init config 
85969      DEBUG main            d.u.i.k.p.i.AbstractProblemLoader Init config took 2.32s 
85984      INFO  main            d.u.i.k.p.i.AbstractProblemLoader Replaying proof replace1.key.proof 
85997      DEBUG main            d.u.i.k.p.i.IntermediateProofReplayer Proof replay took 9.57ms 
85998      DEBUG main            d.u.i.k.p.r.p.TestFile    ... success: reloaded. 
85998      INFO  main            d.u.i.k.p.r.p.TestFile    Now processing file /home/runner/work/key/key/key.core/../key.ui/examples/standard_key/strings/simpleAssignment.key 
85998      INFO  main            d.u.i.k.p.i.AbstractProblemLoader Loading environment from /home/runner/work/key/key/key.core/../key.ui/examples/standard_key/strings/simpleAssignment.key 
85998      DEBUG main            d.u.i.k.p.i.AbstractProblemLoader Environment load took 114.9ns 
85999      INFO  main            d.u.i.k.p.i.AbstractProblemLoader Creating init config 
88382      DEBUG main            d.u.i.k.p.i.AbstractProblemLoader Init config took 2.38s 
88409      INFO  main            d.u.i.k.p.i.AbstractProblemLoader Replaying proof simpleAssignment.key 
88411      DEBUG main            d.u.i.k.p.i.IntermediateProofReplayer Proof replay took 6.9ns 
88516      INFO  main            d.u.i.k.p.r.p.TestFile    ... finished proof: closed. 
88703      INFO  main            d.u.i.k.p.i.AbstractProblemLoader Loading environment from /home/runner/work/key/key/key.core/../key.ui/examples/standard_key/strings/simpleAssignment.key.proof 
88703      DEBUG main            d.u.i.k.p.i.AbstractProblemLoader Environment load took 150ns 
88704      INFO  main            d.u.i.k.p.i.AbstractProblemLoader Creating init config 
91053      DEBUG main            d.u.i.k.p.i.AbstractProblemLoader Init config took 2.35s 
91067      INFO  main            d.u.i.k.p.i.AbstractProblemLoader Replaying proof simpleAssignment.key.proof 
91070      DEBUG main            d.u.i.k.p.i.IntermediateProofReplayer Proof replay took 1.21ms 
91072      DEBUG main            d.u.i.k.p.r.p.TestFile    ... success: reloaded. 
91072      INFO  main            d.u.i.k.p.r.p.TestFile    Now processing file /home/runner/work/key/key/key.core/../key.ui/examples/standard_key/strings/simpleLengthComp.key 
91073      INFO  main            d.u.i.k.p.i.AbstractProblemLoader Loading environment from /home/runner/work/key/key/key.core/../key.ui/examples/standard_key/strings/simpleLengthComp.key 
91073      DEBUG main            d.u.i.k.p.i.AbstractProblemLoader Environment load took 164.2ns 
91074      INFO  main            d.u.i.k.p.i.AbstractProblemLoader Creating init config 
93475      DEBUG main            d.u.i.k.p.i.AbstractProblemLoader Init config took 2.4s 
93489      INFO  main            d.u.i.k.p.i.AbstractProblemLoader Replaying proof simpleLengthComp.key 
93491      DEBUG main            d.u.i.k.p.i.IntermediateProofReplayer Proof replay took 6.5ns 
93693      INFO  main            d.u.i.k.p.r.p.TestFile    ... finished proof: closed. 
93964      INFO  main            d.u.i.k.p.i.AbstractProblemLoader Loading environment from /home/runner/work/key/key/key.core/../key.ui/examples/standard_key/strings/simpleLengthComp.key.proof 
93964      DEBUG main            d.u.i.k.p.i.AbstractProblemLoader Environment load took 116.5ns 
93965      INFO  main            d.u.i.k.p.i.AbstractProblemLoader Creating init config 
96300      DEBUG main            d.u.i.k.p.i.AbstractProblemLoader Init config took 2.33s 
96315      INFO  main            d.u.i.k.p.i.AbstractProblemLoader Replaying proof simpleLengthComp.key.proof 
96340      DEBUG main            d.u.i.k.p.i.IntermediateProofReplayer Proof replay took 21.99ms 
96341      DEBUG main            d.u.i.k.p.r.p.TestFile    ... success: reloaded. 
96342      INFO  main            d.u.i.k.p.r.p.TestFile    Now processing file /home/runner/work/key/key/key.core/../key.ui/examples/standard_key/strings/stringCompileTimeConstant1.key 
96342      INFO  main            d.u.i.k.p.i.AbstractProblemLoader Loading environment from /home/runner/work/key/key/key.core/../key.ui/examples/standard_key/strings/stringCompileTimeConstant1.key 
96342      DEBUG main            d.u.i.k.p.i.AbstractProblemLoader Environment load took 161.5ns 
96343      INFO  main            d.u.i.k.p.i.AbstractProblemLoader Creating init config 
98725      DEBUG main            d.u.i.k.p.i.AbstractProblemLoader Init config took 2.38s 
98739      INFO  main            d.u.i.k.p.i.AbstractProblemLoader Replaying proof stringCompileTimeConstant1.key 
98740      DEBUG main            d.u.i.k.p.i.IntermediateProofReplayer Proof replay took 5.8ns 
98841      INFO  main            d.u.i.k.p.r.p.TestFile    ... finished proof: closed. 
99053      INFO  main            d.u.i.k.p.i.AbstractProblemLoader Loading environment from /home/runner/work/key/key/key.core/../key.ui/examples/standard_key/strings/stringCompileTimeConstant1.key.proof 
99053      DEBUG main            d.u.i.k.p.i.AbstractProblemLoader Environment load took 95.7ns 
99054      INFO  main            d.u.i.k.p.i.AbstractProblemLoader Creating init config 
101383     DEBUG main            d.u.i.k.p.i.AbstractProblemLoader Init config took 2.33s 
101397     INFO  main            d.u.i.k.p.i.AbstractProblemLoader Replaying proof stringCompileTimeConstant1.key.proof 
101401     DEBUG main            d.u.i.k.p.i.IntermediateProofReplayer Proof replay took 2.82ms 
101402     DEBUG main            d.u.i.k.p.r.p.TestFile    ... success: reloaded. 
101402     INFO  main            d.u.i.k.p.r.p.TestFile    Now processing file /home/runner/work/key/key/key.core/../key.ui/examples/standard_key/strings/stringCompileTimeConstant2.key 
101403     INFO  main            d.u.i.k.p.i.AbstractProblemLoader Loading environment from /home/runner/work/key/key/key.core/../key.ui/examples/standard_key/strings/stringCompileTimeConstant2.key 
101403     DEBUG main            d.u.i.k.p.i.AbstractProblemLoader Environment load took 75.6ns 
101404     INFO  main            d.u.i.k.p.i.AbstractProblemLoader Creating init config 
103934     DEBUG main            d.u.i.k.p.i.AbstractProblemLoader Init config took 2.53s 
103964     INFO  main            d.u.i.k.p.i.AbstractProblemLoader Replaying proof stringCompileTimeConstant2.key 
103966     DEBUG main            d.u.i.k.p.i.IntermediateProofReplayer Proof replay took 7.3ns 
106476     INFO  main            d.u.i.k.p.r.p.TestFile    ... finished proof: closed. 
106738     INFO  main            d.u.i.k.p.i.AbstractProblemLoader Loading environment from /home/runner/work/key/key/key.core/../key.ui/examples/standard_key/strings/stringCompileTimeConstant2.key.proof 
106738     DEBUG main            d.u.i.k.p.i.AbstractProblemLoader Environment load took 297.8ns 
106739     INFO  main            d.u.i.k.p.i.AbstractProblemLoader Creating init config 
109215     DEBUG main            d.u.i.k.p.i.AbstractProblemLoader Init config took 2.48s 
109229     INFO  main            d.u.i.k.p.i.AbstractProblemLoader Replaying proof stringCompileTimeConstant2.key.proof 
109530     DEBUG main            d.u.i.k.p.i.IntermediateProofReplayer Proof replay took 289.1ms 
109532     DEBUG main            d.u.i.k.p.r.p.TestFile    ... success: reloaded. 
109533     INFO  main            d.u.i.k.p.r.p.TestFile    Now processing file /home/runner/work/key/key/key.core/../key.ui/examples/standard_key/strings/stringEquality1.key 
109534     INFO  main            d.u.i.k.p.i.AbstractProblemLoader Loading environment from /home/runner/work/key/key/key.core/../key.ui/examples/standard_key/strings/stringEquality1.key 
109534     DEBUG main            d.u.i.k.p.i.AbstractProblemLoader Environment load took 176ns 
109535     INFO  main            d.u.i.k.p.i.AbstractProblemLoader Creating init config 
111906     DEBUG main            d.u.i.k.p.i.AbstractProblemLoader Init config took 2.37s 
111919     INFO  main            d.u.i.k.p.i.AbstractProblemLoader Replaying proof stringEquality1.key 
111920     DEBUG main            d.u.i.k.p.i.IntermediateProofReplayer Proof replay took 6ns 
112021     INFO  main            d.u.i.k.p.r.p.TestFile    ... finished proof: closed. 
112267     INFO  main            d.u.i.k.p.i.AbstractProblemLoader Loading environment from /home/runner/work/key/key/key.core/../key.ui/examples/standard_key/strings/stringEquality1.key.proof 
112267     DEBUG main            d.u.i.k.p.i.AbstractProblemLoader Environment load took 95.6ns 
112268     INFO  main            d.u.i.k.p.i.AbstractProblemLoader Creating init config 
114577     DEBUG main            d.u.i.k.p.i.AbstractProblemLoader Init config took 2.31s 
114590     INFO  main            d.u.i.k.p.i.AbstractProblemLoader Replaying proof stringEquality1.key.proof 
114598     DEBUG main            d.u.i.k.p.i.IntermediateProofReplayer Proof replay took 6.1ms 
114598     DEBUG main            d.u.i.k.p.r.p.TestFile    ... success: reloaded. 
114599     INFO  main            d.u.i.k.p.r.p.TestFile    Now processing file /home/runner/work/key/key/key.core/../key.ui/examples/standard_key/strings/stringEquality2.key 
114599     INFO  main            d.u.i.k.p.i.AbstractProblemLoader Loading environment from /home/runner/work/key/key/key.core/../key.ui/examples/standard_key/strings/stringEquality2.key 
114599     DEBUG main            d.u.i.k.p.i.AbstractProblemLoader Environment load took 71.5ns 
114601     INFO  main            d.u.i.k.p.i.AbstractProblemLoader Creating init config 
116960     DEBUG main            d.u.i.k.p.i.AbstractProblemLoader Init config took 2.36s 
116972     INFO  main            d.u.i.k.p.i.AbstractProblemLoader Replaying proof stringEquality2.key 
116973     DEBUG main            d.u.i.k.p.i.IntermediateProofReplayer Proof replay took 6.4ns 
117277     INFO  main            d.u.i.k.p.r.p.TestFile    ... finished proof: closed. 
117545     INFO  main            d.u.i.k.p.i.AbstractProblemLoader Loading environment from /home/runner/work/key/key/key.core/../key.ui/examples/standard_key/strings/stringEquality2.key.proof 
117546     DEBUG main            d.u.i.k.p.i.AbstractProblemLoader Environment load took 105.2ns 
117547     INFO  main            d.u.i.k.p.i.AbstractProblemLoader Creating init config 
119854     DEBUG main            d.u.i.k.p.i.AbstractProblemLoader Init config took 2.31s 
119867     INFO  main            d.u.i.k.p.i.AbstractProblemLoader Replaying proof stringEquality2.key.proof 
119911     DEBUG main            d.u.i.k.p.i.IntermediateProofReplayer Proof replay took 39.91ms 
119912     DEBUG main            d.u.i.k.p.r.p.TestFile    ... success: reloaded. 
119912     INFO  main            d.u.i.k.p.r.p.TestFile    Now processing file /home/runner/work/key/key/key.core/../key.ui/examples/standard_key/strings/substring0.key 
119912     INFO  main            d.u.i.k.p.i.AbstractProblemLoader Loading environment from /home/runner/work/key/key/key.core/../key.ui/examples/standard_key/strings/substring0.key 
119912     DEBUG main            d.u.i.k.p.i.AbstractProblemLoader Environment load took 63.6ns 
119913     INFO  main            d.u.i.k.p.i.AbstractProblemLoader Creating init config 
122275     DEBUG main            d.u.i.k.p.i.AbstractProblemLoader Init config took 2.36s 
122288     INFO  main            d.u.i.k.p.i.AbstractProblemLoader Replaying proof substring0.key 
122289     DEBUG main            d.u.i.k.p.i.IntermediateProofReplayer Proof replay took 10.3ns 
122394     INFO  main            d.u.i.k.p.r.p.TestFile    ... finished proof: closed. 
122618     INFO  main            d.u.i.k.p.i.AbstractProblemLoader Loading environment from /home/runner/work/key/key/key.core/../key.ui/examples/standard_key/strings/substring0.key.proof 
122619     DEBUG main            d.u.i.k.p.i.AbstractProblemLoader Environment load took 97.3ns 
122620     INFO  main            d.u.i.k.p.i.AbstractProblemLoader Creating init config 
124917     DEBUG main            d.u.i.k.p.i.AbstractProblemLoader Init config took 2.3s 
124931     INFO  main            d.u.i.k.p.i.AbstractProblemLoader Replaying proof substring0.key.proof 
124933     DEBUG main            d.u.i.k.p.i.IntermediateProofReplayer Proof replay took 393.5ns 
124934     DEBUG main            d.u.i.k.p.r.p.TestFile    ... success: reloaded. 
124934     INFO  main            d.u.i.k.p.r.p.TestFile    Now processing file /home/runner/work/key/key/key.core/../key.ui/examples/standard_key/strings/substring1.key 
124934     INFO  main            d.u.i.k.p.i.AbstractProblemLoader Loading environment from /home/runner/work/key/key/key.core/../key.ui/examples/standard_key/strings/substring1.key 
124934     DEBUG main            d.u.i.k.p.i.AbstractProblemLoader Environment load took 72.4ns 
124935     INFO  main            d.u.i.k.p.i.AbstractProblemLoader Creating init config 
127282     DEBUG main            d.u.i.k.p.i.AbstractProblemLoader Init config took 2.35s 
127297     INFO  main            d.u.i.k.p.i.AbstractProblemLoader Replaying proof substring1.key 
127298     DEBUG main            d.u.i.k.p.i.IntermediateProofReplayer Proof replay took 6.9ns 
127399     INFO  main            d.u.i.k.p.r.p.TestFile    ... finished proof: closed. 
127683     INFO  main            d.u.i.k.p.i.AbstractProblemLoader Loading environment from /home/runner/work/key/key/key.core/../key.ui/examples/standard_key/strings/substring1.key.proof 
127683     DEBUG main            d.u.i.k.p.i.AbstractProblemLoader Environment load took 92.4ns 
127684     INFO  main            d.u.i.k.p.i.AbstractProblemLoader Creating init config 
129984     DEBUG main            d.u.i.k.p.i.AbstractProblemLoader Init config took 2.3s 
129997     INFO  main            d.u.i.k.p.i.AbstractProblemLoader Replaying proof substring1.key.proof 
129998     DEBUG main            d.u.i.k.p.i.IntermediateProofReplayer Proof replay took 376.6ns 
129999     DEBUG main            d.u.i.k.p.r.p.TestFile    ... success: reloaded. 
130000     INFO  main            d.u.i.k.p.r.p.TestFile    Now processing file /home/runner/work/key/key/key.core/../key.ui/examples/standard_key/strings/substring2.key 
130000     INFO  main            d.u.i.k.p.i.AbstractProblemLoader Loading environment from /home/runner/work/key/key/key.core/../key.ui/examples/standard_key/strings/substring2.key 
130000     DEBUG main            d.u.i.k.p.i.AbstractProblemLoader Environment load took 70.2ns 
130001     INFO  main            d.u.i.k.p.i.AbstractProblemLoader Creating init config 
132353     DEBUG main            d.u.i.k.p.i.AbstractProblemLoader Init config took 2.35s 
132365     INFO  main            d.u.i.k.p.i.AbstractProblemLoader Replaying proof substring2.key 
132366     DEBUG main            d.u.i.k.p.i.IntermediateProofReplayer Proof replay took 6ns 
132468     INFO  main            d.u.i.k.p.r.p.TestFile    ... finished proof: closed. 
132692     INFO  main            d.u.i.k.p.i.AbstractProblemLoader Loading environment from /home/runner/work/key/key/key.core/../key.ui/examples/standard_key/strings/substring2.key.proof 
132692     DEBUG main            d.u.i.k.p.i.AbstractProblemLoader Environment load took 96.2ns 
132693     INFO  main            d.u.i.k.p.i.AbstractProblemLoader Creating init config 
134988     DEBUG main            d.u.i.k.p.i.AbstractProblemLoader Init config took 2.29s 
135001     INFO  main            d.u.i.k.p.i.AbstractProblemLoader Replaying proof substring2.key.proof 
135003     DEBUG main            d.u.i.k.p.i.IntermediateProofReplayer Proof replay took 804.5ns 
135004     DEBUG main            d.u.i.k.p.r.p.TestFile    ... success: reloaded. 
135004     INFO  main            d.u.i.k.p.r.p.TestFile    Now processing file /home/runner/work/key/key/key.core/../key.ui/examples/standard_key/strings/substring3.key 
135004     INFO  main            d.u.i.k.p.i.AbstractProblemLoader Loading environment from /home/runner/work/key/key/key.core/../key.ui/examples/standard_key/strings/substring3.key 
135004     DEBUG main            d.u.i.k.p.i.AbstractProblemLoader Environment load took 60.6ns 
135005     INFO  main            d.u.i.k.p.i.AbstractProblemLoader Creating init config 
137371     DEBUG main            d.u.i.k.p.i.AbstractProblemLoader Init config took 2.37s 
137383     INFO  main            d.u.i.k.p.i.AbstractProblemLoader Replaying proof substring3.key 
137385     DEBUG main            d.u.i.k.p.i.IntermediateProofReplayer Proof replay took 6ns 
137486     INFO  main            d.u.i.k.p.r.p.TestFile    ... finished proof: closed. 
137718     INFO  main            d.u.i.k.p.i.AbstractProblemLoader Loading environment from /home/runner/work/key/key/key.core/../key.ui/examples/standard_key/strings/substring3.key.proof 
137718     DEBUG main            d.u.i.k.p.i.AbstractProblemLoader Environment load took 94.7ns 
137718     INFO  main            d.u.i.k.p.i.AbstractProblemLoader Creating init config 
140036     DEBUG main            d.u.i.k.p.i.AbstractProblemLoader Init config took 2.32s 
140049     INFO  main            d.u.i.k.p.i.AbstractProblemLoader Replaying proof substring3.key.proof 
140052     DEBUG main            d.u.i.k.p.i.IntermediateProofReplayer Proof replay took 2.06ms 
140053     DEBUG main            d.u.i.k.p.r.p.TestFile    ... success: reloaded. 
140053     INFO  main            d.u.i.k.p.r.p.TestFile    Now processing file /home/runner/work/key/key/key.core/../key.ui/examples/standard_key/strings/substring4.key 
140054     INFO  main            d.u.i.k.p.i.AbstractProblemLoader Loading environment from /home/runner/work/key/key/key.core/../key.ui/examples/standard_key/strings/substring4.key 
140054     DEBUG main            d.u.i.k.p.i.AbstractProblemLoader Environment load took 71.9ns 
140054     INFO  main            d.u.i.k.p.i.AbstractProblemLoader Creating init config 
142413     DEBUG main            d.u.i.k.p.i.AbstractProblemLoader Init config took 2.36s 
142426     INFO  main            d.u.i.k.p.i.AbstractProblemLoader Replaying proof substring4.key 
142427     DEBUG main            d.u.i.k.p.i.IntermediateProofReplayer Proof replay took 6.4ns 
142532     INFO  main            d.u.i.k.p.r.p.TestFile    ... finished proof: closed. 
142770     INFO  main            d.u.i.k.p.i.AbstractProblemLoader Loading environment from /home/runner/work/key/key/key.core/../key.ui/examples/standard_key/strings/substring4.key.proof 
142770     DEBUG main            d.u.i.k.p.i.AbstractProblemLoader Environment load took 93.6ns 
142771     INFO  main            d.u.i.k.p.i.AbstractProblemLoader Creating init config 
145070     DEBUG main            d.u.i.k.p.i.AbstractProblemLoader Init config took 2.3s 
145084     INFO  main            d.u.i.k.p.i.AbstractProblemLoader Replaying proof substring4.key.proof 
145092     DEBUG main            d.u.i.k.p.i.IntermediateProofReplayer Proof replay took 4.19ms 
145092     DEBUG main            d.u.i.k.p.r.p.TestFile    ... success: reloaded. 
145094     INFO  main            d.u.i.k.p.r.p.TestFile    Now processing file /home/runner/work/key/key/key.core/../key.ui/examples/standard_key/strings/substring5.key 
145094     INFO  main            d.u.i.k.p.i.AbstractProblemLoader Loading environment from /home/runner/work/key/key/key.core/../key.ui/examples/standard_key/strings/substring5.key 
145094     DEBUG main            d.u.i.k.p.i.AbstractProblemLoader Environment load took 147.6ns 
145095     INFO  main            d.u.i.k.p.i.AbstractProblemLoader Creating init config 
147432     DEBUG main            d.u.i.k.p.i.AbstractProblemLoader Init config took 2.34s 
147446     INFO  main            d.u.i.k.p.i.AbstractProblemLoader Replaying proof substring5.key 
147448     DEBUG main            d.u.i.k.p.i.IntermediateProofReplayer Proof replay took 6.5ns 
147650     INFO  main            d.u.i.k.p.r.p.TestFile    ... finished proof: closed. 
147908     INFO  main            d.u.i.k.p.i.AbstractProblemLoader Loading environment from /home/runner/work/key/key/key.core/../key.ui/examples/standard_key/strings/substring5.key.proof 
147909     DEBUG main            d.u.i.k.p.i.AbstractProblemLoader Environment load took 98.7ns 
147910     INFO  main            d.u.i.k.p.i.AbstractProblemLoader Creating init config 
150214     DEBUG main            d.u.i.k.p.i.AbstractProblemLoader Init config took 2.3s 
150227     INFO  main            d.u.i.k.p.i.AbstractProblemLoader Replaying proof substring5.key.proof 
150252     DEBUG main            d.u.i.k.p.i.IntermediateProofReplayer Proof replay took 21.27ms 
150253     DEBUG main            d.u.i.k.p.r.p.TestFile    ... success: reloaded. 
3840629    INFO  Test worker     d.u.i.k.p.r.RunAllProofsTestUnit Returning from test strings 
3840631    INFO  Test worker     d.u.i.k.p.r.RunAllProofsTestUnit Running test simple_info_flow 
335        INFO  Timeout watchdog d.u.i.k.p.r.p.ForkedTestFileRunner Timeout watcher launched (2000 secs.) 
343        WARN  main            d.u.i.k.s.ProofSettings   The settings in /home/runner/.key/proof-settings.props are *not* read. 
393        INFO  main            d.u.i.k.p.r.p.TestFile    Now processing file /home/runner/work/key/key/key.core/../key.ui/examples/heap/information_flow/UpdateAbstraction_ex7_1_insecure.key 
545        INFO  main            d.u.i.k.p.i.AbstractProblemLoader Loading environment from /home/runner/work/key/key/key.core/../key.ui/examples/heap/information_flow/UpdateAbstraction_ex7_1_insecure.key 
564        DEBUG main            d.u.i.k.p.i.AbstractProblemLoader Environment load took 1.97ms 
767        INFO  main            d.u.i.k.p.i.AbstractProblemLoader Creating init config 
1539       DEBUG main            d.u.i.k.j.TypeConverter   No LDT found for Meta 
1539       DEBUG main            d.u.i.k.j.TypeConverter   No LDT found for Meta 
1541       DEBUG main            d.u.i.k.j.TypeConverter   No LDT found for Meta 
1541       DEBUG main            d.u.i.k.j.TypeConverter   No LDT found for Meta 
2887       DEBUG main            d.u.i.k.j.TypeConverter   No LDT found for JavaBigintExpression 
8344       DEBUG main            d.u.i.k.p.i.AbstractProblemLoader Init config took 7.58s 
8459       INFO  main            d.u.i.k.p.i.AbstractProblemLoader Replaying proof UpdateAbstraction[UpdateAbstraction::ex7_1_insecure()].JML operation contract.0 
8488       DEBUG main            d.u.i.k.p.i.IntermediateProofReplayer Proof replay took 27.7ns 
9066       INFO  main            d.u.i.k.p.r.p.TestFile    ... finished proof: open goal(s) 
9164       INFO  main            d.u.i.k.p.r.p.TestFile    Now processing file /home/runner/work/key/key/key.core/../key.ui/examples/heap/information_flow/UpdateAbstraction_ex7_2_insecure.key 
9164       INFO  main            d.u.i.k.p.i.AbstractProblemLoader Loading environment from /home/runner/work/key/key/key.core/../key.ui/examples/heap/information_flow/UpdateAbstraction_ex7_2_insecure.key 
9165       DEBUG main            d.u.i.k.p.i.AbstractProblemLoader Environment load took 79.2ns 
9166       INFO  main            d.u.i.k.p.i.AbstractProblemLoader Creating init config 
12328      DEBUG main            d.u.i.k.p.i.AbstractProblemLoader Init config took 3.16s 
12391      INFO  main            d.u.i.k.p.i.AbstractProblemLoader Replaying proof UpdateAbstraction[UpdateAbstraction::ex7_2_insecure()].JML operation contract.0 
12393      DEBUG main            d.u.i.k.p.i.IntermediateProofReplayer Proof replay took 6.7ns 
12898      INFO  main            d.u.i.k.p.r.p.TestFile    ... finished proof: open goal(s) 
3853818    INFO  Test worker     d.u.i.k.p.r.RunAllProofsTestUnit Returning from test simple_info_flow 
3853819    INFO  Test worker     d.u.i.k.p.r.RunAllProofsTestUnit Running test modelMethods 
352        INFO  Timeout watchdog d.u.i.k.p.r.p.ForkedTestFileRunner Timeout watcher launched (2000 secs.) 
353        WARN  main            d.u.i.k.s.ProofSettings   The settings in /home/runner/.key/proof-settings.props are *not* read. 
409        INFO  main            d.u.i.k.p.r.p.TestFile    Now processing file /home/runner/work/key/key/key.core/../key.ui/examples/heap/model_methods/Cell_footprint_acc.key 
571        INFO  main            d.u.i.k.p.i.AbstractProblemLoader Loading environment from /home/runner/work/key/key/key.core/../key.ui/examples/heap/model_methods/Cell_footprint_acc.key 
592        DEBUG main            d.u.i.k.p.i.AbstractProblemLoader Environment load took 6.54ms 
800        INFO  main            d.u.i.k.p.i.AbstractProblemLoader Creating init config 
1653       DEBUG main            d.u.i.k.j.TypeConverter   No LDT found for Meta 
1653       DEBUG main            d.u.i.k.j.TypeConverter   No LDT found for Meta 
1655       DEBUG main            d.u.i.k.j.TypeConverter   No LDT found for Meta 
1655       DEBUG main            d.u.i.k.j.TypeConverter   No LDT found for Meta 
3075       DEBUG main            d.u.i.k.j.TypeConverter   No LDT found for JavaBigintExpression 
8135       DEBUG main            d.u.i.k.p.i.AbstractProblemLoader Init config took 7.33s 
8268       INFO  main            d.u.i.k.p.i.AbstractProblemLoader Replaying proof Cell[Cell::footprint()].JML accessible clause.0 
8298       DEBUG main            d.u.i.k.p.i.IntermediateProofReplayer Proof replay took 48.2ns 
8733       INFO  main            d.u.i.k.p.r.p.TestFile    ... finished proof: closed. 
8848       INFO  main            d.u.i.k.p.i.AbstractProblemLoader Loading environment from /home/runner/work/key/key/key.core/../key.ui/examples/heap/model_methods/Cell_footprint_acc.key.proof 
8849       DEBUG main            d.u.i.k.p.i.AbstractProblemLoader Environment load took 335.4ns 
8851       INFO  main            d.u.i.k.p.i.AbstractProblemLoader Creating init config 
11619      DEBUG main            d.u.i.k.p.i.AbstractProblemLoader Init config took 2.77s 
11724      INFO  main            d.u.i.k.p.i.AbstractProblemLoader Replaying proof Cell[Cell::footprint()].JML accessible clause.0 
11799      DEBUG main            d.u.i.k.p.i.IntermediateProofReplayer Proof replay took 64.26ms 
11805      DEBUG main            d.u.i.k.p.r.p.TestFile    ... success: reloaded. 
11810      INFO  main            d.u.i.k.p.r.p.TestFile    Now processing file /home/runner/work/key/key/key.core/../key.ui/examples/heap/model_methods/Cell_footprint.key 
11810      INFO  main            d.u.i.k.p.i.AbstractProblemLoader Loading environment from /home/runner/work/key/key/key.core/../key.ui/examples/heap/model_methods/Cell_footprint.key 
11810      DEBUG main            d.u.i.k.p.i.AbstractProblemLoader Environment load took 104.4ns 
11813      INFO  main            d.u.i.k.p.i.AbstractProblemLoader Creating init config 
14469      DEBUG main            d.u.i.k.p.i.AbstractProblemLoader Init config took 2.66s 
14538      INFO  main            d.u.i.k.p.i.AbstractProblemLoader Replaying proof Cell[Cell::footprint()].JML model_behavior operation contract.0 
14540      DEBUG main            d.u.i.k.p.i.IntermediateProofReplayer Proof replay took 6.2ns 
14642      INFO  main            d.u.i.k.p.r.p.TestFile    ... finished proof: closed. 
14765      INFO  main            d.u.i.k.p.i.AbstractProblemLoader Loading environment from /home/runner/work/key/key/key.core/../key.ui/examples/heap/model_methods/Cell_footprint.key.proof 
14765      DEBUG main            d.u.i.k.p.i.AbstractProblemLoader Environment load took 114ns 
14766      INFO  main            d.u.i.k.p.i.AbstractProblemLoader Creating init config 
17315      DEBUG main            d.u.i.k.p.i.AbstractProblemLoader Init config took 2.55s 
17370      INFO  main            d.u.i.k.p.i.AbstractProblemLoader Replaying proof Cell[Cell::footprint()].JML model_behavior operation contract.0 
17378      DEBUG main            d.u.i.k.p.i.IntermediateProofReplayer Proof replay took 5.89ms 
17379      DEBUG main            d.u.i.k.p.r.p.TestFile    ... success: reloaded. 
17381      INFO  main            d.u.i.k.p.r.p.TestFile    Now processing file /home/runner/work/key/key/key.core/../key.ui/examples/heap/model_methods/Cell_get_acc.key 
17381      INFO  main            d.u.i.k.p.i.AbstractProblemLoader Loading environment from /home/runner/work/key/key/key.core/../key.ui/examples/heap/model_methods/Cell_get_acc.key 
17381      DEBUG main            d.u.i.k.p.i.AbstractProblemLoader Environment load took 163.6ns 
17382      INFO  main            d.u.i.k.p.i.AbstractProblemLoader Creating init config 
19909      DEBUG main            d.u.i.k.p.i.AbstractProblemLoader Init config took 2.53s 
19960      INFO  main            d.u.i.k.p.i.AbstractProblemLoader Replaying proof Cell[Cell::get()].JML accessible clause.0 
19962      DEBUG main            d.u.i.k.p.i.IntermediateProofReplayer Proof replay took 5ns 
20171      INFO  main            d.u.i.k.p.r.p.TestFile    ... finished proof: closed. 
20306      INFO  main            d.u.i.k.p.i.AbstractProblemLoader Loading environment from /home/runner/work/key/key/key.core/../key.ui/examples/heap/model_methods/Cell_get_acc.key.proof 
20306      DEBUG main            d.u.i.k.p.i.AbstractProblemLoader Environment load took 112.5ns 
20307      INFO  main            d.u.i.k.p.i.AbstractProblemLoader Creating init config 
22770      DEBUG main            d.u.i.k.p.i.AbstractProblemLoader Init config took 2.46s 
22817      INFO  main            d.u.i.k.p.i.AbstractProblemLoader Replaying proof Cell[Cell::get()].JML accessible clause.0 
22849      DEBUG main            d.u.i.k.p.i.IntermediateProofReplayer Proof replay took 29.16ms 
22850      DEBUG main            d.u.i.k.p.r.p.TestFile    ... success: reloaded. 
22851      INFO  main            d.u.i.k.p.r.p.TestFile    Now processing file /home/runner/work/key/key/key.core/../key.ui/examples/heap/model_methods/Cell_get.key 
22851      INFO  main            d.u.i.k.p.i.AbstractProblemLoader Loading environment from /home/runner/work/key/key/key.core/../key.ui/examples/heap/model_methods/Cell_get.key 
22851      DEBUG main            d.u.i.k.p.i.AbstractProblemLoader Environment load took 163.2ns 
22852      INFO  main            d.u.i.k.p.i.AbstractProblemLoader Creating init config 
25329      DEBUG main            d.u.i.k.p.i.AbstractProblemLoader Init config took 2.48s 
25376      INFO  main            d.u.i.k.p.i.AbstractProblemLoader Replaying proof Cell[Cell::get()].JML operation contract.0 
25378      DEBUG main            d.u.i.k.p.i.IntermediateProofReplayer Proof replay took 5.4ns 
25483      INFO  main            d.u.i.k.p.r.p.TestFile    ... finished proof: closed. 
25649      INFO  main            d.u.i.k.p.i.AbstractProblemLoader Loading environment from /home/runner/work/key/key/key.core/../key.ui/examples/heap/model_methods/Cell_get.key.proof 
25649      DEBUG main            d.u.i.k.p.i.AbstractProblemLoader Environment load took 112.2ns 
25651      INFO  main            d.u.i.k.p.i.AbstractProblemLoader Creating init config 
28071      DEBUG main            d.u.i.k.p.i.AbstractProblemLoader Init config took 2.42s 
28124      INFO  main            d.u.i.k.p.i.AbstractProblemLoader Replaying proof Cell[Cell::get()].JML operation contract.0 
28141      DEBUG main            d.u.i.k.p.i.IntermediateProofReplayer Proof replay took 14.67ms 
28142      DEBUG main            d.u.i.k.p.r.p.TestFile    ... success: reloaded. 
28143      INFO  main            d.u.i.k.p.r.p.TestFile    Now processing file /home/runner/work/key/key/key.core/../key.ui/examples/heap/model_methods/Cell_post_set.key 
28143      INFO  main            d.u.i.k.p.i.AbstractProblemLoader Loading environment from /home/runner/work/key/key/key.core/../key.ui/examples/heap/model_methods/Cell_post_set.key 
28144      DEBUG main            d.u.i.k.p.i.AbstractProblemLoader Environment load took 158.5ns 
28144      INFO  main            d.u.i.k.p.i.AbstractProblemLoader Creating init config 
30599      DEBUG main            d.u.i.k.p.i.AbstractProblemLoader Init config took 2.45s 
30644      INFO  main            d.u.i.k.p.i.AbstractProblemLoader Replaying proof Cell[Cell::post_set(int)].JML model_behavior operation contract.0 
30646      DEBUG main            d.u.i.k.p.i.IntermediateProofReplayer Proof replay took 5.1ns 
30751      INFO  main            d.u.i.k.p.r.p.TestFile    ... finished proof: closed. 
30886      INFO  main            d.u.i.k.p.i.AbstractProblemLoader Loading environment from /home/runner/work/key/key/key.core/../key.ui/examples/heap/model_methods/Cell_post_set.key.proof 
30887      DEBUG main            d.u.i.k.p.i.AbstractProblemLoader Environment load took 120.5ns 
30887      INFO  main            d.u.i.k.p.i.AbstractProblemLoader Creating init config 
33314      DEBUG main            d.u.i.k.p.i.AbstractProblemLoader Init config took 2.43s 
33368      INFO  main            d.u.i.k.p.i.AbstractProblemLoader Replaying proof Cell[Cell::post_set(int)].JML model_behavior operation contract.0 
33374      DEBUG main            d.u.i.k.p.i.IntermediateProofReplayer Proof replay took 4.57ms 
33375      DEBUG main            d.u.i.k.p.r.p.TestFile    ... success: reloaded. 
33376      INFO  main            d.u.i.k.p.r.p.TestFile    Now processing file /home/runner/work/key/key/key.core/../key.ui/examples/heap/model_methods/Cell_set.key 
33376      INFO  main            d.u.i.k.p.i.AbstractProblemLoader Loading environment from /home/runner/work/key/key/key.core/../key.ui/examples/heap/model_methods/Cell_set.key 
33377      DEBUG main            d.u.i.k.p.i.AbstractProblemLoader Environment load took 194.8ns 
33378      INFO  main            d.u.i.k.p.i.AbstractProblemLoader Creating init config 
35847      DEBUG main            d.u.i.k.p.i.AbstractProblemLoader Init config took 2.47s 
35898      INFO  main            d.u.i.k.p.i.AbstractProblemLoader Replaying proof Cell[Cell::set(int)].JML operation contract.0 
35901      DEBUG main            d.u.i.k.p.i.IntermediateProofReplayer Proof replay took 5.8ns 
41577      INFO  main            d.u.i.k.p.r.p.TestFile    ... finished proof: closed. 
41768      INFO  main            d.u.i.k.p.i.AbstractProblemLoader Loading environment from /home/runner/work/key/key/key.core/../key.ui/examples/heap/model_methods/Cell_set.key.proof 
41775      DEBUG main            d.u.i.k.p.i.AbstractProblemLoader Environment load took 7.27ms 
41777      INFO  main            d.u.i.k.p.i.AbstractProblemLoader Creating init config 
44198      DEBUG main            d.u.i.k.p.i.AbstractProblemLoader Init config took 2.42s 
44252      INFO  main            d.u.i.k.p.i.AbstractProblemLoader Replaying proof Cell[Cell::set(int)].JML operation contract.0 
44868      DEBUG main            d.u.i.k.p.i.IntermediateProofReplayer Proof replay took 590.55ms 
44869      DEBUG main            d.u.i.k.p.r.p.TestFile    ... success: reloaded. 
44871      INFO  main            d.u.i.k.p.r.p.TestFile    Now processing file /home/runner/work/key/key/key.core/../key.ui/examples/heap/model_methods/CellTest_callSet.key 
44871      INFO  main            d.u.i.k.p.i.AbstractProblemLoader Loading environment from /home/runner/work/key/key/key.core/../key.ui/examples/heap/model_methods/CellTest_callSet.key 
44871      DEBUG main            d.u.i.k.p.i.AbstractProblemLoader Environment load took 156.8ns 
44872      INFO  main            d.u.i.k.p.i.AbstractProblemLoader Creating init config 
47305      DEBUG main            d.u.i.k.p.i.AbstractProblemLoader Init config took 2.43s 
47348      INFO  main            d.u.i.k.p.i.AbstractProblemLoader Replaying proof CellTest[CellTest::callSet(Cell,int)].JML operation contract.0 
47349      DEBUG main            d.u.i.k.p.i.IntermediateProofReplayer Proof replay took 5.4ns 
47552      INFO  main            d.u.i.k.p.r.p.TestFile    ... finished proof: closed. 
47715      INFO  main            d.u.i.k.p.i.AbstractProblemLoader Loading environment from /home/runner/work/key/key/key.core/../key.ui/examples/heap/model_methods/CellTest_callSet.key.proof 
47715      DEBUG main            d.u.i.k.p.i.AbstractProblemLoader Environment load took 121.6ns 
47716      INFO  main            d.u.i.k.p.i.AbstractProblemLoader Creating init config 
50110      DEBUG main            d.u.i.k.p.i.AbstractProblemLoader Init config took 2.39s 
50152      INFO  main            d.u.i.k.p.i.AbstractProblemLoader Replaying proof CellTest[CellTest::callSet(Cell,int)].JML operation contract.0 
50196      DEBUG main            d.u.i.k.p.i.IntermediateProofReplayer Proof replay took 41.05ms 
50197      DEBUG main            d.u.i.k.p.r.p.TestFile    ... success: reloaded. 
50198      INFO  main            d.u.i.k.p.r.p.TestFile    Now processing file /home/runner/work/key/key/key.core/../key.ui/examples/heap/model_methods/CellTest_test2.key 
50198      INFO  main            d.u.i.k.p.i.AbstractProblemLoader Loading environment from /home/runner/work/key/key/key.core/../key.ui/examples/heap/model_methods/CellTest_test2.key 
50198      DEBUG main            d.u.i.k.p.i.AbstractProblemLoader Environment load took 109.8ns 
50199      INFO  main            d.u.i.k.p.i.AbstractProblemLoader Creating init config 
52633      DEBUG main            d.u.i.k.p.i.AbstractProblemLoader Init config took 2.43s 
52680      INFO  main            d.u.i.k.p.i.AbstractProblemLoader Replaying proof CellTest[CellTest::test2(Cell)].JML operation contract.0 
52684      DEBUG main            d.u.i.k.p.i.IntermediateProofReplayer Proof replay took 5.3ns 
52987      INFO  main            d.u.i.k.p.r.p.TestFile    ... finished proof: closed. 
53156      INFO  main            d.u.i.k.p.i.AbstractProblemLoader Loading environment from /home/runner/work/key/key/key.core/../key.ui/examples/heap/model_methods/CellTest_test2.key.proof 
53156      DEBUG main            d.u.i.k.p.i.AbstractProblemLoader Environment load took 109.6ns 
53157      INFO  main            d.u.i.k.p.i.AbstractProblemLoader Creating init config 
55552      DEBUG main            d.u.i.k.p.i.AbstractProblemLoader Init config took 2.39s 
55596      INFO  main            d.u.i.k.p.i.AbstractProblemLoader Replaying proof CellTest[CellTest::test2(Cell)].JML operation contract.0 
55669      DEBUG main            d.u.i.k.p.i.IntermediateProofReplayer Proof replay took 70.33ms 
55670      DEBUG main            d.u.i.k.p.r.p.TestFile    ... success: reloaded. 
55671      INFO  main            d.u.i.k.p.r.p.TestFile    Now processing file /home/runner/work/key/key/key.core/../key.ui/examples/heap/model_methods/CellTest_test.key 
55672      INFO  main            d.u.i.k.p.i.AbstractProblemLoader Loading environment from /home/runner/work/key/key/key.core/../key.ui/examples/heap/model_methods/CellTest_test.key 
55672      DEBUG main            d.u.i.k.p.i.AbstractProblemLoader Environment load took 128.7ns 
55673      INFO  main            d.u.i.k.p.i.AbstractProblemLoader Creating init config 
58089      DEBUG main            d.u.i.k.p.i.AbstractProblemLoader Init config took 2.42s 
58129      INFO  main            d.u.i.k.p.i.AbstractProblemLoader Replaying proof CellTest[CellTest::test(Recell)].JML operation contract.0 
58131      DEBUG main            d.u.i.k.p.i.IntermediateProofReplayer Proof replay took 6.6ns 
60243      INFO  main            d.u.i.k.p.r.p.TestFile    ... finished proof: closed. 
60445      INFO  main            d.u.i.k.p.i.AbstractProblemLoader Loading environment from /home/runner/work/key/key/key.core/../key.ui/examples/heap/model_methods/CellTest_test.key.proof 
60447      DEBUG main            d.u.i.k.p.i.AbstractProblemLoader Environment load took 1.36ms 
60449      INFO  main            d.u.i.k.p.i.AbstractProblemLoader Creating init config 
62808      DEBUG main            d.u.i.k.p.i.AbstractProblemLoader Init config took 2.36s 
62862      INFO  main            d.u.i.k.p.i.AbstractProblemLoader Replaying proof CellTest[CellTest::test(Recell)].JML operation contract.0 
63391      DEBUG main            d.u.i.k.p.i.IntermediateProofReplayer Proof replay took 507.38ms 
63393      DEBUG main            d.u.i.k.p.r.p.TestFile    ... success: reloaded. 
63394      INFO  main            d.u.i.k.p.r.p.TestFile    Now processing file /home/runner/work/key/key/key.core/../key.ui/examples/heap/model_methods/Coll1_add.key 
63394      INFO  main            d.u.i.k.p.i.AbstractProblemLoader Loading environment from /home/runner/work/key/key/key.core/../key.ui/examples/heap/model_methods/Coll1_add.key 
63394      DEBUG main            d.u.i.k.p.i.AbstractProblemLoader Environment load took 156.5ns 
63395      INFO  main            d.u.i.k.p.i.AbstractProblemLoader Creating init config 
65817      DEBUG main            d.u.i.k.p.i.AbstractProblemLoader Init config took 2.42s 
65858      INFO  main            d.u.i.k.p.i.AbstractProblemLoader Replaying proof Coll1[Coll::add(int)].JML operation contract.0 
65860      DEBUG main            d.u.i.k.p.i.IntermediateProofReplayer Proof replay took 5.7ns 
65962      INFO  main            d.u.i.k.p.r.p.TestFile    ... finished proof: closed. 
66135      INFO  main            d.u.i.k.p.i.AbstractProblemLoader Loading environment from /home/runner/work/key/key/key.core/../key.ui/examples/heap/model_methods/Coll1_add.key.proof 
66135      DEBUG main            d.u.i.k.p.i.AbstractProblemLoader Environment load took 105.9ns 
66136      INFO  main            d.u.i.k.p.i.AbstractProblemLoader Creating init config 
68517      DEBUG main            d.u.i.k.p.i.AbstractProblemLoader Init config took 2.38s 
68557      INFO  main            d.u.i.k.p.i.AbstractProblemLoader Replaying proof Coll1[Coll::add(int)].JML operation contract.0 
68565      DEBUG main            d.u.i.k.p.i.IntermediateProofReplayer Proof replay took 6.56ms 
68566      DEBUG main            d.u.i.k.p.r.p.TestFile    ... success: reloaded. 
68567      INFO  main            d.u.i.k.p.r.p.TestFile    Now processing file /home/runner/work/key/key/key.core/../key.ui/examples/heap/model_methods/Coll1_Coll1_add_pre.key 
68567      INFO  main            d.u.i.k.p.i.AbstractProblemLoader Loading environment from /home/runner/work/key/key/key.core/../key.ui/examples/heap/model_methods/Coll1_Coll1_add_pre.key 
68567      DEBUG main            d.u.i.k.p.i.AbstractProblemLoader Environment load took 80.7ns 
68568      INFO  main            d.u.i.k.p.i.AbstractProblemLoader Creating init config 
70987      DEBUG main            d.u.i.k.p.i.AbstractProblemLoader Init config took 2.42s 
71027      INFO  main            d.u.i.k.p.i.AbstractProblemLoader Replaying proof Coll1[Coll1::add_pre(int)].JML model_behavior operation contract.0 
71028      DEBUG main            d.u.i.k.p.i.IntermediateProofReplayer Proof replay took 5.9ns 
71131      INFO  main            d.u.i.k.p.r.p.TestFile    ... finished proof: closed. 
71303      INFO  main            d.u.i.k.p.i.AbstractProblemLoader Loading environment from /home/runner/work/key/key/key.core/../key.ui/examples/heap/model_methods/Coll1_Coll1_add_pre.key.proof 
71303      DEBUG main            d.u.i.k.p.i.AbstractProblemLoader Environment load took 110.4ns 
71304      INFO  main            d.u.i.k.p.i.AbstractProblemLoader Creating init config 
73675      DEBUG main            d.u.i.k.p.i.AbstractProblemLoader Init config took 2.37s 
73714      INFO  main            d.u.i.k.p.i.AbstractProblemLoader Replaying proof Coll1[Coll1::add_pre(int)].JML model_behavior operation contract.0 
73717      DEBUG main            d.u.i.k.p.i.IntermediateProofReplayer Proof replay took 1.28ms 
73718      DEBUG main            d.u.i.k.p.r.p.TestFile    ... success: reloaded. 
73719      INFO  main            d.u.i.k.p.r.p.TestFile    Now processing file /home/runner/work/key/key/key.core/../key.ui/examples/heap/model_methods/Coll1_Coll_add_pre.key 
73719      INFO  main            d.u.i.k.p.i.AbstractProblemLoader Loading environment from /home/runner/work/key/key/key.core/../key.ui/examples/heap/model_methods/Coll1_Coll_add_pre.key 
73719      DEBUG main            d.u.i.k.p.i.AbstractProblemLoader Environment load took 71.1ns 
73720      INFO  main            d.u.i.k.p.i.AbstractProblemLoader Creating init config 
76118      DEBUG main            d.u.i.k.p.i.AbstractProblemLoader Init config took 2.4s 
76157      INFO  main            d.u.i.k.p.i.AbstractProblemLoader Replaying proof Coll1[Coll::add_pre(int)].JML model_behavior operation contract.0 
76158      DEBUG main            d.u.i.k.p.i.IntermediateProofReplayer Proof replay took 5.3ns 
76260      INFO  main            d.u.i.k.p.r.p.TestFile    ... finished proof: closed. 
76435      INFO  main            d.u.i.k.p.i.AbstractProblemLoader Loading environment from /home/runner/work/key/key/key.core/../key.ui/examples/heap/model_methods/Coll1_Coll_add_pre.key.proof 
76435      DEBUG main            d.u.i.k.p.i.AbstractProblemLoader Environment load took 107.9ns 
76435      INFO  main            d.u.i.k.p.i.AbstractProblemLoader Creating init config 
78787      DEBUG main            d.u.i.k.p.i.AbstractProblemLoader Init config took 2.35s 
78826      INFO  main            d.u.i.k.p.i.AbstractProblemLoader Replaying proof Coll1[Coll::add_pre(int)].JML model_behavior operation contract.0 
78829      DEBUG main            d.u.i.k.p.i.IntermediateProofReplayer Proof replay took 2.02ms 
78830      DEBUG main            d.u.i.k.p.r.p.TestFile    ... success: reloaded. 
78831      INFO  main            d.u.i.k.p.r.p.TestFile    Now processing file /home/runner/work/key/key/key.core/../key.ui/examples/heap/model_methods/Coll2_add.key 
78831      INFO  main            d.u.i.k.p.i.AbstractProblemLoader Loading environment from /home/runner/work/key/key/key.core/../key.ui/examples/heap/model_methods/Coll2_add.key 
78831      DEBUG main            d.u.i.k.p.i.AbstractProblemLoader Environment load took 77.8ns 
78832      INFO  main            d.u.i.k.p.i.AbstractProblemLoader Creating init config 
81231      DEBUG main            d.u.i.k.p.i.AbstractProblemLoader Init config took 2.4s 
81269      INFO  main            d.u.i.k.p.i.AbstractProblemLoader Replaying proof Coll2[Coll::add(int)].JML operation contract.0 
81270      DEBUG main            d.u.i.k.p.i.IntermediateProofReplayer Proof replay took 6.4ns 
81372      INFO  main            d.u.i.k.p.r.p.TestFile    ... finished proof: closed. 
81558      INFO  main            d.u.i.k.p.i.AbstractProblemLoader Loading environment from /home/runner/work/key/key/key.core/../key.ui/examples/heap/model_methods/Coll2_add.key.proof 
81558      DEBUG main            d.u.i.k.p.i.AbstractProblemLoader Environment load took 101.4ns 
81559      INFO  main            d.u.i.k.p.i.AbstractProblemLoader Creating init config 
83937      DEBUG main            d.u.i.k.p.i.AbstractProblemLoader Init config took 2.38s 
83977      INFO  main            d.u.i.k.p.i.AbstractProblemLoader Replaying proof Coll2[Coll::add(int)].JML operation contract.0 
83990      DEBUG main            d.u.i.k.p.i.IntermediateProofReplayer Proof replay took 8.48ms 
83991      DEBUG main            d.u.i.k.p.r.p.TestFile    ... success: reloaded. 
83992      INFO  main            d.u.i.k.p.r.p.TestFile    Now processing file /home/runner/work/key/key/key.core/../key.ui/examples/heap/model_methods/Coll2_Coll2_add_pre.key 
83992      INFO  main            d.u.i.k.p.i.AbstractProblemLoader Loading environment from /home/runner/work/key/key/key.core/../key.ui/examples/heap/model_methods/Coll2_Coll2_add_pre.key 
83992      DEBUG main            d.u.i.k.p.i.AbstractProblemLoader Environment load took 79.3ns 
83993      INFO  main            d.u.i.k.p.i.AbstractProblemLoader Creating init config 
86417      DEBUG main            d.u.i.k.p.i.AbstractProblemLoader Init config took 2.42s 
86454      INFO  main            d.u.i.k.p.i.AbstractProblemLoader Replaying proof Coll2[Coll2::add_pre(int)].JML model_behavior operation contract.0 
86455      DEBUG main            d.u.i.k.p.i.IntermediateProofReplayer Proof replay took 6.3ns 
86558      INFO  main            d.u.i.k.p.r.p.TestFile    ... finished proof: closed. 
86752      INFO  main            d.u.i.k.p.i.AbstractProblemLoader Loading environment from /home/runner/work/key/key/key.core/../key.ui/examples/heap/model_methods/Coll2_Coll2_add_pre.key.proof 
86753      DEBUG main            d.u.i.k.p.i.AbstractProblemLoader Environment load took 116.6ns 
86753      INFO  main            d.u.i.k.p.i.AbstractProblemLoader Creating init config 
89144      DEBUG main            d.u.i.k.p.i.AbstractProblemLoader Init config took 2.39s 
89181      INFO  main            d.u.i.k.p.i.AbstractProblemLoader Replaying proof Coll2[Coll2::add_pre(int)].JML model_behavior operation contract.0 
89183      DEBUG main            d.u.i.k.p.i.IntermediateProofReplayer Proof replay took 1.32ms 
89184      DEBUG main            d.u.i.k.p.r.p.TestFile    ... success: reloaded. 
89185      INFO  main            d.u.i.k.p.r.p.TestFile    Now processing file /home/runner/work/key/key/key.core/../key.ui/examples/heap/model_methods/Coll2_Coll_add_pre.key 
89185      INFO  main            d.u.i.k.p.i.AbstractProblemLoader Loading environment from /home/runner/work/key/key/key.core/../key.ui/examples/heap/model_methods/Coll2_Coll_add_pre.key 
89185      DEBUG main            d.u.i.k.p.i.AbstractProblemLoader Environment load took 77.3ns 
89186      INFO  main            d.u.i.k.p.i.AbstractProblemLoader Creating init config 
91547      DEBUG main            d.u.i.k.p.i.AbstractProblemLoader Init config took 2.36s 
91585      INFO  main            d.u.i.k.p.i.AbstractProblemLoader Replaying proof Coll2[Coll::add_pre(int)].JML model_behavior operation contract.0 
91588      DEBUG main            d.u.i.k.p.i.IntermediateProofReplayer Proof replay took 5.8ns 
91689      INFO  main            d.u.i.k.p.r.p.TestFile    ... finished proof: closed. 
91887      INFO  main            d.u.i.k.p.i.AbstractProblemLoader Loading environment from /home/runner/work/key/key/key.core/../key.ui/examples/heap/model_methods/Coll2_Coll_add_pre.key.proof 
91887      DEBUG main            d.u.i.k.p.i.AbstractProblemLoader Environment load took 102.4ns 
91888      INFO  main            d.u.i.k.p.i.AbstractProblemLoader Creating init config 
94225      DEBUG main            d.u.i.k.p.i.AbstractProblemLoader Init config took 2.34s 
94263      INFO  main            d.u.i.k.p.i.AbstractProblemLoader Replaying proof Coll2[Coll::add_pre(int)].JML model_behavior operation contract.0 
94266      DEBUG main            d.u.i.k.p.i.IntermediateProofReplayer Proof replay took 1.86ms 
94266      DEBUG main            d.u.i.k.p.r.p.TestFile    ... success: reloaded. 
94268      INFO  main            d.u.i.k.p.r.p.TestFile    Now processing file /home/runner/work/key/key/key.core/../key.ui/examples/heap/model_methods/Coll_add.key 
94268      INFO  main            d.u.i.k.p.i.AbstractProblemLoader Loading environment from /home/runner/work/key/key/key.core/../key.ui/examples/heap/model_methods/Coll_add.key 
94268      DEBUG main            d.u.i.k.p.i.AbstractProblemLoader Environment load took 92.4ns 
94269      INFO  main            d.u.i.k.p.i.AbstractProblemLoader Creating init config 
96678      DEBUG main            d.u.i.k.p.i.AbstractProblemLoader Init config took 2.41s 
96716      INFO  main            d.u.i.k.p.i.AbstractProblemLoader Replaying proof Coll[Coll::add(int)].JML operation contract.0 
96718      DEBUG main            d.u.i.k.p.i.IntermediateProofReplayer Proof replay took 5.9ns 
96819      INFO  main            d.u.i.k.p.r.p.TestFile    ... finished proof: closed. 
97016      INFO  main            d.u.i.k.p.i.AbstractProblemLoader Loading environment from /home/runner/work/key/key/key.core/../key.ui/examples/heap/model_methods/Coll_add.key.proof 
97016      DEBUG main            d.u.i.k.p.i.AbstractProblemLoader Environment load took 114.6ns 
97017      INFO  main            d.u.i.k.p.i.AbstractProblemLoader Creating init config 
99350      DEBUG main            d.u.i.k.p.i.AbstractProblemLoader Init config took 2.33s 
99388      INFO  main            d.u.i.k.p.i.AbstractProblemLoader Replaying proof Coll[Coll::add(int)].JML operation contract.0 
99392      DEBUG main            d.u.i.k.p.i.IntermediateProofReplayer Proof replay took 1.98ms 
99392      DEBUG main            d.u.i.k.p.r.p.TestFile    ... success: reloaded. 
99393      INFO  main            d.u.i.k.p.r.p.TestFile    Now processing file /home/runner/work/key/key/key.core/../key.ui/examples/heap/model_methods/Coll_add_pre.key 
99393      INFO  main            d.u.i.k.p.i.AbstractProblemLoader Loading environment from /home/runner/work/key/key/key.core/../key.ui/examples/heap/model_methods/Coll_add_pre.key 
99393      DEBUG main            d.u.i.k.p.i.AbstractProblemLoader Environment load took 78.7ns 
99394      INFO  main            d.u.i.k.p.i.AbstractProblemLoader Creating init config 
101793     DEBUG main            d.u.i.k.p.i.AbstractProblemLoader Init config took 2.4s 
101830     INFO  main            d.u.i.k.p.i.AbstractProblemLoader Replaying proof Coll[Coll::add_pre(int)].JML model_behavior operation contract.0 
101831     DEBUG main            d.u.i.k.p.i.IntermediateProofReplayer Proof replay took 5.1ns 
101933     INFO  main            d.u.i.k.p.r.p.TestFile    ... finished proof: closed. 
102140     INFO  main            d.u.i.k.p.i.AbstractProblemLoader Loading environment from /home/runner/work/key/key/key.core/../key.ui/examples/heap/model_methods/Coll_add_pre.key.proof 
102140     DEBUG main            d.u.i.k.p.i.AbstractProblemLoader Environment load took 173.9ns 
102141     INFO  main            d.u.i.k.p.i.AbstractProblemLoader Creating init config 
104469     DEBUG main            d.u.i.k.p.i.AbstractProblemLoader Init config took 2.33s 
104506     INFO  main            d.u.i.k.p.i.AbstractProblemLoader Replaying proof Coll[Coll::add_pre(int)].JML model_behavior operation contract.0 
104509     DEBUG main            d.u.i.k.p.i.IntermediateProofReplayer Proof replay took 2.2ms 
104510     DEBUG main            d.u.i.k.p.r.p.TestFile    ... success: reloaded. 
104511     INFO  main            d.u.i.k.p.r.p.TestFile    Now processing file /home/runner/work/key/key/key.core/../key.ui/examples/heap/model_methods/Indirect_callAdd.key 
104511     INFO  main            d.u.i.k.p.i.AbstractProblemLoader Loading environment from /home/runner/work/key/key/key.core/../key.ui/examples/heap/model_methods/Indirect_callAdd.key 
104511     DEBUG main            d.u.i.k.p.i.AbstractProblemLoader Environment load took 82.2ns 
104512     INFO  main            d.u.i.k.p.i.AbstractProblemLoader Creating init config 
106912     DEBUG main            d.u.i.k.p.i.AbstractProblemLoader Init config took 2.4s 
106949     INFO  main            d.u.i.k.p.i.AbstractProblemLoader Replaying proof Indirect[Indirect::callAdd(Coll,int)].JML operation contract.0 
106950     DEBUG main            d.u.i.k.p.i.IntermediateProofReplayer Proof replay took 6.3ns 
107052     INFO  main            d.u.i.k.p.r.p.TestFile    ... finished proof: closed. 
107267     INFO  main            d.u.i.k.p.i.AbstractProblemLoader Loading environment from /home/runner/work/key/key/key.core/../key.ui/examples/heap/model_methods/Indirect_callAdd.key.proof 
107267     DEBUG main            d.u.i.k.p.i.AbstractProblemLoader Environment load took 94.6ns 
107268     INFO  main            d.u.i.k.p.i.AbstractProblemLoader Creating init config 
109593     DEBUG main            d.u.i.k.p.i.AbstractProblemLoader Init config took 2.32s 
109630     INFO  main            d.u.i.k.p.i.AbstractProblemLoader Replaying proof Indirect[Indirect::callAdd(Coll,int)].JML operation contract.0 
109665     DEBUG main            d.u.i.k.p.i.IntermediateProofReplayer Proof replay took 33.04ms 
109666     DEBUG main            d.u.i.k.p.r.p.TestFile    ... success: reloaded. 
109670     INFO  main            d.u.i.k.p.r.p.TestFile    Now processing file /home/runner/work/key/key/key.core/../key.ui/examples/heap/model_methods/Indirect_test.key 
109671     INFO  main            d.u.i.k.p.i.AbstractProblemLoader Loading environment from /home/runner/work/key/key/key.core/../key.ui/examples/heap/model_methods/Indirect_test.key 
109672     DEBUG main            d.u.i.k.p.i.AbstractProblemLoader Environment load took 216.8ns 
109672     INFO  main            d.u.i.k.p.i.AbstractProblemLoader Creating init config 
112067     DEBUG main            d.u.i.k.p.i.AbstractProblemLoader Init config took 2.39s 
112104     INFO  main            d.u.i.k.p.i.AbstractProblemLoader Replaying proof Indirect[Indirect::test(Coll1,Coll2)].JML operation contract.0 
112106     DEBUG main            d.u.i.k.p.i.IntermediateProofReplayer Proof replay took 6.2ns 
112309     INFO  main            d.u.i.k.p.r.p.TestFile    ... finished proof: closed. 
112539     INFO  main            d.u.i.k.p.i.AbstractProblemLoader Loading environment from /home/runner/work/key/key/key.core/../key.ui/examples/heap/model_methods/Indirect_test.key.proof 
112539     DEBUG main            d.u.i.k.p.i.AbstractProblemLoader Environment load took 97ns 
112540     INFO  main            d.u.i.k.p.i.AbstractProblemLoader Creating init config 
114873     DEBUG main            d.u.i.k.p.i.AbstractProblemLoader Init config took 2.33s 
114911     INFO  main            d.u.i.k.p.i.AbstractProblemLoader Replaying proof Indirect[Indirect::test(Coll1,Coll2)].JML operation contract.0 
114960     DEBUG main            d.u.i.k.p.i.IntermediateProofReplayer Proof replay took 45.85ms 
114960     DEBUG main            d.u.i.k.p.r.p.TestFile    ... success: reloaded. 
114961     INFO  main            d.u.i.k.p.r.p.TestFile    Now processing file /home/runner/work/key/key/key.core/../key.ui/examples/heap/model_methods/Recell_Cell_footprint.key 
114961     INFO  main            d.u.i.k.p.i.AbstractProblemLoader Loading environment from /home/runner/work/key/key/key.core/../key.ui/examples/heap/model_methods/Recell_Cell_footprint.key 
114962     DEBUG main            d.u.i.k.p.i.AbstractProblemLoader Environment load took 61ns 
114962     INFO  main            d.u.i.k.p.i.AbstractProblemLoader Creating init config 
117374     DEBUG main            d.u.i.k.p.i.AbstractProblemLoader Init config took 2.41s 
117412     INFO  main            d.u.i.k.p.i.AbstractProblemLoader Replaying proof Recell[Cell::footprint()].JML model_behavior operation contract.0 
117414     DEBUG main            d.u.i.k.p.i.IntermediateProofReplayer Proof replay took 6.6ns 
117515     INFO  main            d.u.i.k.p.r.p.TestFile    ... finished proof: closed. 
117736     INFO  main            d.u.i.k.p.i.AbstractProblemLoader Loading environment from /home/runner/work/key/key/key.core/../key.ui/examples/heap/model_methods/Recell_Cell_footprint.key.proof 
117736     DEBUG main            d.u.i.k.p.i.AbstractProblemLoader Environment load took 97.1ns 
117736     INFO  main            d.u.i.k.p.i.AbstractProblemLoader Creating init config 
120066     DEBUG main            d.u.i.k.p.i.AbstractProblemLoader Init config took 2.33s 
120103     INFO  main            d.u.i.k.p.i.AbstractProblemLoader Replaying proof Recell[Cell::footprint()].JML model_behavior operation contract.0 
120107     DEBUG main            d.u.i.k.p.i.IntermediateProofReplayer Proof replay took 2.54ms 
120108     DEBUG main            d.u.i.k.p.r.p.TestFile    ... success: reloaded. 
120108     INFO  main            d.u.i.k.p.r.p.TestFile    Now processing file /home/runner/work/key/key/key.core/../key.ui/examples/heap/model_methods/Recell_Cell_post_set.key 
120109     INFO  main            d.u.i.k.p.i.AbstractProblemLoader Loading environment from /home/runner/work/key/key/key.core/../key.ui/examples/heap/model_methods/Recell_Cell_post_set.key 
120109     DEBUG main            d.u.i.k.p.i.AbstractProblemLoader Environment load took 81.4ns 
120110     INFO  main            d.u.i.k.p.i.AbstractProblemLoader Creating init config 
122499     DEBUG main            d.u.i.k.p.i.AbstractProblemLoader Init config took 2.39s 
122536     INFO  main            d.u.i.k.p.i.AbstractProblemLoader Replaying proof Recell[Cell::post_set(int)].JML model_behavior operation contract.0 
122537     DEBUG main            d.u.i.k.p.i.IntermediateProofReplayer Proof replay took 6.3ns 
122638     INFO  main            d.u.i.k.p.r.p.TestFile    ... finished proof: closed. 
122863     INFO  main            d.u.i.k.p.i.AbstractProblemLoader Loading environment from /home/runner/work/key/key/key.core/../key.ui/examples/heap/model_methods/Recell_Cell_post_set.key.proof 
122863     DEBUG main            d.u.i.k.p.i.AbstractProblemLoader Environment load took 97ns 
122864     INFO  main            d.u.i.k.p.i.AbstractProblemLoader Creating init config 
125187     DEBUG main            d.u.i.k.p.i.AbstractProblemLoader Init config took 2.32s 
125223     INFO  main            d.u.i.k.p.i.AbstractProblemLoader Replaying proof Recell[Cell::post_set(int)].JML model_behavior operation contract.0 
125228     DEBUG main            d.u.i.k.p.i.IntermediateProofReplayer Proof replay took 3.69ms 
125229     DEBUG main            d.u.i.k.p.r.p.TestFile    ... success: reloaded. 
125230     INFO  main            d.u.i.k.p.r.p.TestFile    Now processing file /home/runner/work/key/key/key.core/../key.ui/examples/heap/model_methods/Recell_footprint_acc.key 
125230     INFO  main            d.u.i.k.p.i.AbstractProblemLoader Loading environment from /home/runner/work/key/key/key.core/../key.ui/examples/heap/model_methods/Recell_footprint_acc.key 
125230     DEBUG main            d.u.i.k.p.i.AbstractProblemLoader Environment load took 70.2ns 
125231     INFO  main            d.u.i.k.p.i.AbstractProblemLoader Creating init config 
127620     DEBUG main            d.u.i.k.p.i.AbstractProblemLoader Init config took 2.39s 
127656     INFO  main            d.u.i.k.p.i.AbstractProblemLoader Replaying proof Recell[Cell::footprint()].JML accessible clause.0 
127657     DEBUG main            d.u.i.k.p.i.IntermediateProofReplayer Proof replay took 13.6ns 
127759     INFO  main            d.u.i.k.p.r.p.TestFile    ... finished proof: closed. 
127994     INFO  main            d.u.i.k.p.i.AbstractProblemLoader Loading environment from /home/runner/work/key/key/key.core/../key.ui/examples/heap/model_methods/Recell_footprint_acc.key.proof 
127994     DEBUG main            d.u.i.k.p.i.AbstractProblemLoader Environment load took 94ns 
127995     INFO  main            d.u.i.k.p.i.AbstractProblemLoader Creating init config 
130302     DEBUG main            d.u.i.k.p.i.AbstractProblemLoader Init config took 2.31s 
130350     INFO  main            d.u.i.k.p.i.AbstractProblemLoader Replaying proof Recell[Cell::footprint()].JML accessible clause.0 
130368     DEBUG main            d.u.i.k.p.i.IntermediateProofReplayer Proof replay took 15.71ms 
130369     DEBUG main            d.u.i.k.p.r.p.TestFile    ... success: reloaded. 
130370     INFO  main            d.u.i.k.p.r.p.TestFile    Now processing file /home/runner/work/key/key/key.core/../key.ui/examples/heap/model_methods/Recell_get_acc.key 
130370     INFO  main            d.u.i.k.p.i.AbstractProblemLoader Loading environment from /home/runner/work/key/key/key.core/../key.ui/examples/heap/model_methods/Recell_get_acc.key 
130370     DEBUG main            d.u.i.k.p.i.AbstractProblemLoader Environment load took 59ns 
130371     INFO  main            d.u.i.k.p.i.AbstractProblemLoader Creating init config 
132736     DEBUG main            d.u.i.k.p.i.AbstractProblemLoader Init config took 2.37s 
132775     INFO  main            d.u.i.k.p.i.AbstractProblemLoader Replaying proof Recell[Cell::get()].JML accessible clause.0 
132778     DEBUG main            d.u.i.k.p.i.IntermediateProofReplayer Proof replay took 7ns 
132879     INFO  main            d.u.i.k.p.r.p.TestFile    ... finished proof: closed. 
133136     INFO  main            d.u.i.k.p.i.AbstractProblemLoader Loading environment from /home/runner/work/key/key/key.core/../key.ui/examples/heap/model_methods/Recell_get_acc.key.proof 
133136     DEBUG main            d.u.i.k.p.i.AbstractProblemLoader Environment load took 92.5ns 
133137     INFO  main            d.u.i.k.p.i.AbstractProblemLoader Creating init config 
135451     DEBUG main            d.u.i.k.p.i.AbstractProblemLoader Init config took 2.31s 
135496     INFO  main            d.u.i.k.p.i.AbstractProblemLoader Replaying proof Recell[Cell::get()].JML accessible clause.0 
135517     DEBUG main            d.u.i.k.p.i.IntermediateProofReplayer Proof replay took 18.22ms 
135518     DEBUG main            d.u.i.k.p.r.p.TestFile    ... success: reloaded. 
135520     INFO  main            d.u.i.k.p.r.p.TestFile    Now processing file /home/runner/work/key/key/key.core/../key.ui/examples/heap/model_methods/Recell_get.key 
135520     INFO  main            d.u.i.k.p.i.AbstractProblemLoader Loading environment from /home/runner/work/key/key/key.core/../key.ui/examples/heap/model_methods/Recell_get.key 
135521     DEBUG main            d.u.i.k.p.i.AbstractProblemLoader Environment load took 146.3ns 
135521     INFO  main            d.u.i.k.p.i.AbstractProblemLoader Creating init config 
137900     DEBUG main            d.u.i.k.p.i.AbstractProblemLoader Init config took 2.38s 
137937     INFO  main            d.u.i.k.p.i.AbstractProblemLoader Replaying proof Recell[Cell::get()].JML operation contract.0 
137939     DEBUG main            d.u.i.k.p.i.IntermediateProofReplayer Proof replay took 6.5ns 
138040     INFO  main            d.u.i.k.p.r.p.TestFile    ... finished proof: closed. 
138281     INFO  main            d.u.i.k.p.i.AbstractProblemLoader Loading environment from /home/runner/work/key/key/key.core/../key.ui/examples/heap/model_methods/Recell_get.key.proof 
138281     DEBUG main            d.u.i.k.p.i.AbstractProblemLoader Environment load took 88.6ns 
138282     INFO  main            d.u.i.k.p.i.AbstractProblemLoader Creating init config 
140598     DEBUG main            d.u.i.k.p.i.AbstractProblemLoader Init config took 2.32s 
140634     INFO  main            d.u.i.k.p.i.AbstractProblemLoader Replaying proof Recell[Cell::get()].JML operation contract.0 
140646     DEBUG main            d.u.i.k.p.i.IntermediateProofReplayer Proof replay took 9.46ms 
140647     DEBUG main            d.u.i.k.p.r.p.TestFile    ... success: reloaded. 
140648     INFO  main            d.u.i.k.p.r.p.TestFile    Now processing file /home/runner/work/key/key/key.core/../key.ui/examples/heap/model_methods/Recell_Recell_footprint.key 
140648     INFO  main            d.u.i.k.p.i.AbstractProblemLoader Loading environment from /home/runner/work/key/key/key.core/../key.ui/examples/heap/model_methods/Recell_Recell_footprint.key 
140648     DEBUG main            d.u.i.k.p.i.AbstractProblemLoader Environment load took 98.1ns 
140650     INFO  main            d.u.i.k.p.i.AbstractProblemLoader Creating init config 
143039     DEBUG main            d.u.i.k.p.i.AbstractProblemLoader Init config took 2.39s 
143075     INFO  main            d.u.i.k.p.i.AbstractProblemLoader Replaying proof Recell[Recell::footprint()].JML model_behavior operation contract.0 
143077     DEBUG main            d.u.i.k.p.i.IntermediateProofReplayer Proof replay took 6.9ns 
143178     INFO  main            d.u.i.k.p.r.p.TestFile    ... finished proof: closed. 
143421     INFO  main            d.u.i.k.p.i.AbstractProblemLoader Loading environment from /home/runner/work/key/key/key.core/../key.ui/examples/heap/model_methods/Recell_Recell_footprint.key.proof 
143422     DEBUG main            d.u.i.k.p.i.AbstractProblemLoader Environment load took 88.1ns 
143423     INFO  main            d.u.i.k.p.i.AbstractProblemLoader Creating init config 
145736     DEBUG main            d.u.i.k.p.i.AbstractProblemLoader Init config took 2.31s 
145772     INFO  main            d.u.i.k.p.i.AbstractProblemLoader Replaying proof Recell[Recell::footprint()].JML model_behavior operation contract.0 
145775     DEBUG main            d.u.i.k.p.i.IntermediateProofReplayer Proof replay took 1.23ms 
145775     DEBUG main            d.u.i.k.p.r.p.TestFile    ... success: reloaded. 
145776     INFO  main            d.u.i.k.p.r.p.TestFile    Now processing file /home/runner/work/key/key/key.core/../key.ui/examples/heap/model_methods/Recell_Recell_post_set.key 
145776     INFO  main            d.u.i.k.p.i.AbstractProblemLoader Loading environment from /home/runner/work/key/key/key.core/../key.ui/examples/heap/model_methods/Recell_Recell_post_set.key 
145776     DEBUG main            d.u.i.k.p.i.AbstractProblemLoader Environment load took 168.7ns 
145777     INFO  main            d.u.i.k.p.i.AbstractProblemLoader Creating init config 
148154     DEBUG main            d.u.i.k.p.i.AbstractProblemLoader Init config took 2.38s 
148190     INFO  main            d.u.i.k.p.i.AbstractProblemLoader Replaying proof Recell[Recell::post_set(int)].JML model_behavior operation contract.0 
148191     DEBUG main            d.u.i.k.p.i.IntermediateProofReplayer Proof replay took 5.8ns 
148295     INFO  main            d.u.i.k.p.r.p.TestFile    ... finished proof: closed. 
148545     INFO  main            d.u.i.k.p.i.AbstractProblemLoader Loading environment from /home/runner/work/key/key/key.core/../key.ui/examples/heap/model_methods/Recell_Recell_post_set.key.proof 
148545     DEBUG main            d.u.i.k.p.i.AbstractProblemLoader Environment load took 84.2ns 
148546     INFO  main            d.u.i.k.p.i.AbstractProblemLoader Creating init config 
150856     DEBUG main            d.u.i.k.p.i.AbstractProblemLoader Init config took 2.31s 
150891     INFO  main            d.u.i.k.p.i.AbstractProblemLoader Replaying proof Recell[Recell::post_set(int)].JML model_behavior operation contract.0 
150895     DEBUG main            d.u.i.k.p.i.IntermediateProofReplayer Proof replay took 2.15ms 
150896     DEBUG main            d.u.i.k.p.r.p.TestFile    ... success: reloaded. 
150897     INFO  main            d.u.i.k.p.r.p.TestFile    Now processing file /home/runner/work/key/key/key.core/../key.ui/examples/heap/model_methods/Recell_set.key 
150897     INFO  main            d.u.i.k.p.i.AbstractProblemLoader Loading environment from /home/runner/work/key/key/key.core/../key.ui/examples/heap/model_methods/Recell_set.key 
150897     DEBUG main            d.u.i.k.p.i.AbstractProblemLoader Environment load took 141ns 
150898     INFO  main            d.u.i.k.p.i.AbstractProblemLoader Creating init config 
153255     DEBUG main            d.u.i.k.p.i.AbstractProblemLoader Init config took 2.36s 
153291     INFO  main            d.u.i.k.p.i.AbstractProblemLoader Replaying proof Recell[Cell::set(int)].JML operation contract.0 
153293     DEBUG main            d.u.i.k.p.i.IntermediateProofReplayer Proof replay took 5.9ns 
158709     INFO  main            d.u.i.k.p.r.p.TestFile    ... finished proof: closed. 
158991     INFO  main            d.u.i.k.p.i.AbstractProblemLoader Loading environment from /home/runner/work/key/key/key.core/../key.ui/examples/heap/model_methods/Recell_set.key.proof 
158991     DEBUG main            d.u.i.k.p.i.AbstractProblemLoader Environment load took 337.6ns 
158992     INFO  main            d.u.i.k.p.i.AbstractProblemLoader Creating init config 
161307     DEBUG main            d.u.i.k.p.i.AbstractProblemLoader Init config took 2.31s 
161343     INFO  main            d.u.i.k.p.i.AbstractProblemLoader Replaying proof Recell[Cell::set(int)].JML operation contract.0 
161797     DEBUG main            d.u.i.k.p.i.IntermediateProofReplayer Proof replay took 436.47ms 
161798     DEBUG main            d.u.i.k.p.r.p.TestFile    ... success: reloaded. 
161799     INFO  main            d.u.i.k.p.r.p.TestFile    Now processing file /home/runner/work/key/key/key.core/../key.ui/examples/heap/model_methods/Recell_undo.key 
161800     INFO  main            d.u.i.k.p.i.AbstractProblemLoader Loading environment from /home/runner/work/key/key/key.core/../key.ui/examples/heap/model_methods/Recell_undo.key 
161800     DEBUG main            d.u.i.k.p.i.AbstractProblemLoader Environment load took 146.2ns 
161801     INFO  main            d.u.i.k.p.i.AbstractProblemLoader Creating init config 
164167     DEBUG main            d.u.i.k.p.i.AbstractProblemLoader Init config took 2.37s 
164203     INFO  main            d.u.i.k.p.i.AbstractProblemLoader Replaying proof Recell[Recell::undo()].JML operation contract.0 
164204     DEBUG main            d.u.i.k.p.i.IntermediateProofReplayer Proof replay took 6.3ns 
164306     INFO  main            d.u.i.k.p.r.p.TestFile    ... finished proof: closed. 
164578     INFO  main            d.u.i.k.p.i.AbstractProblemLoader Loading environment from /home/runner/work/key/key/key.core/../key.ui/examples/heap/model_methods/Recell_undo.key.proof 
164578     DEBUG main            d.u.i.k.p.i.AbstractProblemLoader Environment load took 296.5ns 
164579     INFO  main            d.u.i.k.p.i.AbstractProblemLoader Creating init config 
166887     DEBUG main            d.u.i.k.p.i.AbstractProblemLoader Init config took 2.31s 
166934     INFO  main            d.u.i.k.p.i.AbstractProblemLoader Replaying proof Recell[Recell::undo()].JML operation contract.0 
166966     DEBUG main            d.u.i.k.p.i.IntermediateProofReplayer Proof replay took 27.16ms 
166966     DEBUG main            d.u.i.k.p.r.p.TestFile    ... success: reloaded. 
4020959    INFO  Test worker     d.u.i.k.p.r.RunAllProofsTestUnit Returning from test modelMethods 
4020960    INFO  Test worker     d.u.i.k.p.r.RunAllProofsTestUnit Running test permissionHeap 
369        INFO  Timeout watchdog d.u.i.k.p.r.p.ForkedTestFileRunner Timeout watcher launched (2000 secs.) 
388        WARN  main            d.u.i.k.s.ProofSettings   The settings in /home/runner/.key/proof-settings.props are *not* read. 
430        INFO  main            d.u.i.k.p.r.p.TestFile    Now processing file /home/runner/work/key/key/key.core/../key.ui/examples/heap/permissions/permissions_method0.key 
550        INFO  main            d.u.i.k.p.i.AbstractProblemLoader Loading environment from /home/runner/work/key/key/key.core/../key.ui/examples/heap/permissions/permissions_method0.key 
577        DEBUG main            d.u.i.k.p.i.AbstractProblemLoader Environment load took 1.9ms 
787        INFO  main            d.u.i.k.p.i.AbstractProblemLoader Creating init config 
1649       DEBUG main            d.u.i.k.j.TypeConverter   No LDT found for Meta 
1654       DEBUG main            d.u.i.k.j.TypeConverter   No LDT found for Meta 
1656       DEBUG main            d.u.i.k.j.TypeConverter   No LDT found for Meta 
1656       DEBUG main            d.u.i.k.j.TypeConverter   No LDT found for Meta 
3352       DEBUG main            d.u.i.k.j.TypeConverter   No LDT found for JavaBigintExpression 
8231       DEBUG main            d.u.i.k.p.i.AbstractProblemLoader Init config took 7.44s 
8352       INFO  main            d.u.i.k.p.i.AbstractProblemLoader Replaying proof MyClass[MyClass::method0()].JML normal_behavior operation contract.0 
8382       DEBUG main            d.u.i.k.p.i.IntermediateProofReplayer Proof replay took 29.6ns 
9207       INFO  main            d.u.i.k.p.r.p.TestFile    ... finished proof: closed. 
9312       INFO  main            d.u.i.k.p.i.AbstractProblemLoader Loading environment from /home/runner/work/key/key/key.core/../key.ui/examples/heap/permissions/permissions_method0.key.proof 
9313       DEBUG main            d.u.i.k.p.i.AbstractProblemLoader Environment load took 1.31ms 
9316       INFO  main            d.u.i.k.p.i.AbstractProblemLoader Creating init config 
12070      DEBUG main            d.u.i.k.p.i.AbstractProblemLoader Init config took 2.75s 
12148      INFO  main            d.u.i.k.p.i.AbstractProblemLoader Replaying proof MyClass[MyClass::method0()].JML normal_behavior operation contract.0 
12252      DEBUG main            d.u.i.k.p.i.IntermediateProofReplayer Proof replay took 98.87ms 
12258      DEBUG main            d.u.i.k.p.r.p.TestFile    ... success: reloaded. 
12260      INFO  main            d.u.i.k.p.r.p.TestFile    Now processing file /home/runner/work/key/key/key.core/../key.ui/examples/heap/permissions/permissions_method1.key 
12260      INFO  main            d.u.i.k.p.i.AbstractProblemLoader Loading environment from /home/runner/work/key/key/key.core/../key.ui/examples/heap/permissions/permissions_method1.key 
12260      DEBUG main            d.u.i.k.p.i.AbstractProblemLoader Environment load took 178.1ns 
12262      INFO  main            d.u.i.k.p.i.AbstractProblemLoader Creating init config 
14883      DEBUG main            d.u.i.k.p.i.AbstractProblemLoader Init config took 2.62s 
14942      INFO  main            d.u.i.k.p.i.AbstractProblemLoader Replaying proof MyClass[MyClass::method1()].JML normal_behavior operation contract.0 
14945      DEBUG main            d.u.i.k.p.i.IntermediateProofReplayer Proof replay took 4.8ns 
15248      INFO  main            d.u.i.k.p.r.p.TestFile    ... finished proof: closed. 
15415      INFO  main            d.u.i.k.p.i.AbstractProblemLoader Loading environment from /home/runner/work/key/key/key.core/../key.ui/examples/heap/permissions/permissions_method1.key.proof 
15415      DEBUG main            d.u.i.k.p.i.AbstractProblemLoader Environment load took 538.3ns 
15417      INFO  main            d.u.i.k.p.i.AbstractProblemLoader Creating init config 
17970      DEBUG main            d.u.i.k.p.i.AbstractProblemLoader Init config took 2.55s 
18025      INFO  main            d.u.i.k.p.i.AbstractProblemLoader Replaying proof MyClass[MyClass::method1()].JML normal_behavior operation contract.0 
18087      DEBUG main            d.u.i.k.p.i.IntermediateProofReplayer Proof replay took 59.02ms 
18088      DEBUG main            d.u.i.k.p.r.p.TestFile    ... success: reloaded. 
18089      INFO  main            d.u.i.k.p.r.p.TestFile    Now processing file /home/runner/work/key/key/key.core/../key.ui/examples/heap/permissions/permissions_method3.key 
18090      INFO  main            d.u.i.k.p.i.AbstractProblemLoader Loading environment from /home/runner/work/key/key/key.core/../key.ui/examples/heap/permissions/permissions_method3.key 
18090      DEBUG main            d.u.i.k.p.i.AbstractProblemLoader Environment load took 162.5ns 
18091      INFO  main            d.u.i.k.p.i.AbstractProblemLoader Creating init config 
20647      DEBUG main            d.u.i.k.p.i.AbstractProblemLoader Init config took 2.56s 
20694      INFO  main            d.u.i.k.p.i.AbstractProblemLoader Replaying proof MyClass[MyClass::method3()].JML normal_behavior operation contract.0 
20696      DEBUG main            d.u.i.k.p.i.IntermediateProofReplayer Proof replay took 4.3ns 
22011      INFO  main            d.u.i.k.p.r.p.TestFile    ... finished proof: closed. 
22151      INFO  main            d.u.i.k.p.i.AbstractProblemLoader Loading environment from /home/runner/work/key/key/key.core/../key.ui/examples/heap/permissions/permissions_method3.key.proof 
22155      DEBUG main            d.u.i.k.p.i.AbstractProblemLoader Environment load took 3.88ms 
22156      INFO  main            d.u.i.k.p.i.AbstractProblemLoader Creating init config 
24648      DEBUG main            d.u.i.k.p.i.AbstractProblemLoader Init config took 2.49s 
24704      INFO  main            d.u.i.k.p.i.AbstractProblemLoader Replaying proof MyClass[MyClass::method3()].JML normal_behavior operation contract.0 
25002      DEBUG main            d.u.i.k.p.i.IntermediateProofReplayer Proof replay took 287.65ms 
25003      DEBUG main            d.u.i.k.p.r.p.TestFile    ... success: reloaded. 
25004      INFO  main            d.u.i.k.p.r.p.TestFile    Now processing file /home/runner/work/key/key/key.core/../key.ui/examples/heap/permissions/permissions_setAB.key 
25004      INFO  main            d.u.i.k.p.i.AbstractProblemLoader Loading environment from /home/runner/work/key/key/key.core/../key.ui/examples/heap/permissions/permissions_setAB.key 
25005      DEBUG main            d.u.i.k.p.i.AbstractProblemLoader Environment load took 154.6ns 
25006      INFO  main            d.u.i.k.p.i.AbstractProblemLoader Creating init config 
27511      DEBUG main            d.u.i.k.p.i.AbstractProblemLoader Init config took 2.51s 
27555      INFO  main            d.u.i.k.p.i.AbstractProblemLoader Replaying proof MyClass[MyClass::setAB()].JML normal_behavior operation contract.0 
27557      DEBUG main            d.u.i.k.p.i.IntermediateProofReplayer Proof replay took 4.6ns 
28963      INFO  main            d.u.i.k.p.r.p.TestFile    ... finished proof: closed. 
29149      INFO  main            d.u.i.k.p.i.AbstractProblemLoader Loading environment from /home/runner/work/key/key/key.core/../key.ui/examples/heap/permissions/permissions_setAB.key.proof 
29149      DEBUG main            d.u.i.k.p.i.AbstractProblemLoader Environment load took 113.8ns 
29150      INFO  main            d.u.i.k.p.i.AbstractProblemLoader Creating init config 
31587      DEBUG main            d.u.i.k.p.i.AbstractProblemLoader Init config took 2.44s 
31629      INFO  main            d.u.i.k.p.i.AbstractProblemLoader Replaying proof MyClass[MyClass::setAB()].JML normal_behavior operation contract.0 
31820      DEBUG main            d.u.i.k.p.i.IntermediateProofReplayer Proof replay took 185.17ms 
31821      DEBUG main            d.u.i.k.p.r.p.TestFile    ... success: reloaded. 
31822      INFO  main            d.u.i.k.p.r.p.TestFile    Now processing file /home/runner/work/key/key/key.core/../key.ui/examples/heap/permissions/permissionProperties.key 
31822      INFO  main            d.u.i.k.p.i.AbstractProblemLoader Loading environment from /home/runner/work/key/key/key.core/../key.ui/examples/heap/permissions/permissionProperties.key 
31823      DEBUG main            d.u.i.k.p.i.AbstractProblemLoader Environment load took 152.2ns 
31824      INFO  main            d.u.i.k.p.i.AbstractProblemLoader Creating init config 
31960      DEBUG main            d.u.i.k.j.TypeConverter   No LDT found for Meta 
31960      DEBUG main            d.u.i.k.j.TypeConverter   No LDT found for Meta 
31961      DEBUG main            d.u.i.k.j.TypeConverter   No LDT found for Meta 
31961      DEBUG main            d.u.i.k.j.TypeConverter   No LDT found for Meta 
32567      DEBUG main            d.u.i.k.j.TypeConverter   No LDT found for JavaBigintExpression 
35050      DEBUG main            d.u.i.k.p.i.AbstractProblemLoader Init config took 3.23s 
35071      INFO  main            d.u.i.k.p.i.AbstractProblemLoader Replaying proof permissionProperties.key 
35073      DEBUG main            d.u.i.k.p.i.IntermediateProofReplayer Proof replay took 5.2ns 
35176      INFO  main            d.u.i.k.p.r.p.TestFile    ... finished proof: closed. 
35345      INFO  main            d.u.i.k.p.i.AbstractProblemLoader Loading environment from /home/runner/work/key/key/key.core/../key.ui/examples/heap/permissions/permissionProperties.key.proof 
35345      DEBUG main            d.u.i.k.p.i.AbstractProblemLoader Environment load took 133.9ns 
35346      INFO  main            d.u.i.k.p.i.AbstractProblemLoader Creating init config 
37649      DEBUG main            d.u.i.k.p.i.AbstractProblemLoader Init config took 2.3s 
37669      INFO  main            d.u.i.k.p.i.AbstractProblemLoader Replaying proof permissionProperties.key.proof 
37686      DEBUG main            d.u.i.k.p.i.IntermediateProofReplayer Proof replay took 14.95ms 
37688      DEBUG main            d.u.i.k.p.r.p.TestFile    ... success: reloaded. 
37689      INFO  main            d.u.i.k.p.r.p.TestFile    Now processing file /home/runner/work/key/key/key.core/../key.ui/examples/heap/permissions/threads/AFilter_AFilter.key 
37690      INFO  main            d.u.i.k.p.i.AbstractProblemLoader Loading environment from /home/runner/work/key/key/key.core/../key.ui/examples/heap/permissions/threads/AFilter_AFilter.key 
37690      DEBUG main            d.u.i.k.p.i.AbstractProblemLoader Environment load took 178.1ns 
37691      INFO  main            d.u.i.k.p.i.AbstractProblemLoader Creating init config 
37812      DEBUG main            d.u.i.k.j.TypeConverter   No LDT found for Meta 
37812      DEBUG main            d.u.i.k.j.TypeConverter   No LDT found for Meta 
37813      DEBUG main            d.u.i.k.j.TypeConverter   No LDT found for Meta 
37813      DEBUG main            d.u.i.k.j.TypeConverter   No LDT found for Meta 
38386      DEBUG main            d.u.i.k.j.TypeConverter   No LDT found for JavaBigintExpression 
43262      DEBUG main            d.u.i.k.p.i.AbstractProblemLoader Init config took 5.57s 
43370      INFO  main            d.u.i.k.p.i.AbstractProblemLoader Replaying proof AFilter[AFilter::AFilter(Sampler,Buffer)].JML normal_behavior operation contract.0 
43372      DEBUG main            d.u.i.k.p.i.IntermediateProofReplayer Proof replay took 5.5ns 
44376      INFO  main            d.u.i.k.p.r.p.TestFile    ... finished proof: closed. 
44635      INFO  main            d.u.i.k.p.i.AbstractProblemLoader Loading environment from /home/runner/work/key/key/key.core/../key.ui/examples/heap/permissions/threads/AFilter_AFilter.key.proof 
44637      DEBUG main            d.u.i.k.p.i.AbstractProblemLoader Environment load took 2.31ms 
44639      INFO  main            d.u.i.k.p.i.AbstractProblemLoader Creating init config 
48976      DEBUG main            d.u.i.k.p.i.AbstractProblemLoader Init config took 4.34s 
49070      INFO  main            d.u.i.k.p.i.AbstractProblemLoader Replaying proof AFilter[AFilter::AFilter(Sampler,Buffer)].JML normal_behavior operation contract.0 
49243      DEBUG main            d.u.i.k.p.i.IntermediateProofReplayer Proof replay took 168.59ms 
49245      DEBUG main            d.u.i.k.p.r.p.TestFile    ... success: reloaded. 
49246      INFO  main            d.u.i.k.p.r.p.TestFile    Now processing file /home/runner/work/key/key/key.core/../key.ui/examples/heap/permissions/threads/AFilter_initPost_accessible.key 
49246      INFO  main            d.u.i.k.p.i.AbstractProblemLoader Loading environment from /home/runner/work/key/key/key.core/../key.ui/examples/heap/permissions/threads/AFilter_initPost_accessible.key 
49246      DEBUG main            d.u.i.k.p.i.AbstractProblemLoader Environment load took 158.9ns 
49247      INFO  main            d.u.i.k.p.i.AbstractProblemLoader Creating init config 
53605      DEBUG main            d.u.i.k.p.i.AbstractProblemLoader Init config took 4.36s 
53724      INFO  main            d.u.i.k.p.i.AbstractProblemLoader Replaying proof AFilter[ThreadSpec2::initPost()].JML accessible clause.0 
53726      DEBUG main            d.u.i.k.p.i.IntermediateProofReplayer Proof replay took 5.7ns 
53828      INFO  main            d.u.i.k.p.r.p.TestFile    ... finished proof: closed. 
54013      INFO  main            d.u.i.k.p.i.AbstractProblemLoader Loading environment from /home/runner/work/key/key/key.core/../key.ui/examples/heap/permissions/threads/AFilter_initPost_accessible.key.proof 
54013      DEBUG main            d.u.i.k.p.i.AbstractProblemLoader Environment load took 112.8ns 
54014      INFO  main            d.u.i.k.p.i.AbstractProblemLoader Creating init config 
58373      DEBUG main            d.u.i.k.p.i.AbstractProblemLoader Init config took 4.36s 
58465      INFO  main            d.u.i.k.p.i.AbstractProblemLoader Replaying proof AFilter[ThreadSpec2::initPost()].JML accessible clause.0 
58479      DEBUG main            d.u.i.k.p.i.IntermediateProofReplayer Proof replay took 12.22ms 
58480      DEBUG main            d.u.i.k.p.r.p.TestFile    ... success: reloaded. 
58481      INFO  main            d.u.i.k.p.r.p.TestFile    Now processing file /home/runner/work/key/key/key.core/../key.ui/examples/heap/permissions/threads/AFilter_inv_accessible1.key 
58481      INFO  main            d.u.i.k.p.i.AbstractProblemLoader Loading environment from /home/runner/work/key/key/key.core/../key.ui/examples/heap/permissions/threads/AFilter_inv_accessible1.key 
58481      DEBUG main            d.u.i.k.p.i.AbstractProblemLoader Environment load took 159.9ns 
58482      INFO  main            d.u.i.k.p.i.AbstractProblemLoader Creating init config 
62776      DEBUG main            d.u.i.k.p.i.AbstractProblemLoader Init config took 4.29s 
62880      INFO  main            d.u.i.k.p.i.AbstractProblemLoader Replaying proof AFilter[java.lang.Object::<inv>()].JML accessible clause.0 
62882      DEBUG main            d.u.i.k.p.i.IntermediateProofReplayer Proof replay took 5.7ns 
62986      INFO  main            d.u.i.k.p.r.p.TestFile    ... finished proof: closed. 
63177      INFO  main            d.u.i.k.p.i.AbstractProblemLoader Loading environment from /home/runner/work/key/key/key.core/../key.ui/examples/heap/permissions/threads/AFilter_inv_accessible1.key.proof 
63177      DEBUG main            d.u.i.k.p.i.AbstractProblemLoader Environment load took 108.5ns 
63178      INFO  main            d.u.i.k.p.i.AbstractProblemLoader Creating init config 
67477      DEBUG main            d.u.i.k.p.i.AbstractProblemLoader Init config took 4.3s 
67566      INFO  main            d.u.i.k.p.i.AbstractProblemLoader Replaying proof AFilter[java.lang.Object::<inv>()].JML accessible clause.0 
67569      DEBUG main            d.u.i.k.p.i.IntermediateProofReplayer Proof replay took 2.17ms 
67570      DEBUG main            d.u.i.k.p.r.p.TestFile    ... success: reloaded. 
67571      INFO  main            d.u.i.k.p.r.p.TestFile    Now processing file /home/runner/work/key/key/key.core/../key.ui/examples/heap/permissions/threads/AFilter_inv_accessible2.key 
67572      INFO  main            d.u.i.k.p.i.AbstractProblemLoader Loading environment from /home/runner/work/key/key/key.core/../key.ui/examples/heap/permissions/threads/AFilter_inv_accessible2.key 
67572      DEBUG main            d.u.i.k.p.i.AbstractProblemLoader Environment load took 101.2ns 
67572      INFO  main            d.u.i.k.p.i.AbstractProblemLoader Creating init config 
71917      DEBUG main            d.u.i.k.p.i.AbstractProblemLoader Init config took 4.34s 
72013      INFO  main            d.u.i.k.p.i.AbstractProblemLoader Replaying proof AFilter[java.lang.Object::<inv>()].JML accessible clause.1 
72014      DEBUG main            d.u.i.k.p.i.IntermediateProofReplayer Proof replay took 6.8ns 
72117      INFO  main            d.u.i.k.p.r.p.TestFile    ... finished proof: closed. 
72315      INFO  main            d.u.i.k.p.i.AbstractProblemLoader Loading environment from /home/runner/work/key/key/key.core/../key.ui/examples/heap/permissions/threads/AFilter_inv_accessible2.key.proof 
72315      DEBUG main            d.u.i.k.p.i.AbstractProblemLoader Environment load took 105.8ns 
72316      INFO  main            d.u.i.k.p.i.AbstractProblemLoader Creating init config 
76616      DEBUG main            d.u.i.k.p.i.AbstractProblemLoader Init config took 4.3s 
76702      INFO  main            d.u.i.k.p.i.AbstractProblemLoader Replaying proof AFilter[java.lang.Object::<inv>()].JML accessible clause.1 
76706      DEBUG main            d.u.i.k.p.i.IntermediateProofReplayer Proof replay took 2.02ms 
76707      DEBUG main            d.u.i.k.p.r.p.TestFile    ... success: reloaded. 
76708      INFO  main            d.u.i.k.p.r.p.TestFile    Now processing file /home/runner/work/key/key/key.core/../key.ui/examples/heap/permissions/threads/AFilter_joinTransfer_accessible.key 
76708      INFO  main            d.u.i.k.p.i.AbstractProblemLoader Loading environment from /home/runner/work/key/key/key.core/../key.ui/examples/heap/permissions/threads/AFilter_joinTransfer_accessible.key 
76708      DEBUG main            d.u.i.k.p.i.AbstractProblemLoader Environment load took 84.6ns 
76709      INFO  main            d.u.i.k.p.i.AbstractProblemLoader Creating init config 
80996      DEBUG main            d.u.i.k.p.i.AbstractProblemLoader Init config took 4.29s 
81083      INFO  main            d.u.i.k.p.i.AbstractProblemLoader Replaying proof AFilter[ThreadSpec2::joinTransfer()].JML accessible clause.0 
81085      DEBUG main            d.u.i.k.p.i.IntermediateProofReplayer Proof replay took 6.9ns 
82093      INFO  main            d.u.i.k.p.r.p.TestFile    ... finished proof: closed. 
82310      INFO  main            d.u.i.k.p.i.AbstractProblemLoader Loading environment from /home/runner/work/key/key/key.core/../key.ui/examples/heap/permissions/threads/AFilter_joinTransfer_accessible.key.proof 
82310      DEBUG main            d.u.i.k.p.i.AbstractProblemLoader Environment load took 147.9ns 
82311      INFO  main            d.u.i.k.p.i.AbstractProblemLoader Creating init config 
86590      DEBUG main            d.u.i.k.p.i.AbstractProblemLoader Init config took 4.28s 
86678      INFO  main            d.u.i.k.p.i.AbstractProblemLoader Replaying proof AFilter[ThreadSpec2::joinTransfer()].JML accessible clause.0 
86797      DEBUG main            d.u.i.k.p.i.IntermediateProofReplayer Proof replay took 113.53ms 
86798      DEBUG main            d.u.i.k.p.r.p.TestFile    ... success: reloaded. 
86799      INFO  main            d.u.i.k.p.r.p.TestFile    Now processing file /home/runner/work/key/key/key.core/../key.ui/examples/heap/permissions/threads/AFilter_joinTransfer_contract.key 
86799      INFO  main            d.u.i.k.p.i.AbstractProblemLoader Loading environment from /home/runner/work/key/key/key.core/../key.ui/examples/heap/permissions/threads/AFilter_joinTransfer_contract.key 
86800      DEBUG main            d.u.i.k.p.i.AbstractProblemLoader Environment load took 157.5ns 
86800      INFO  main            d.u.i.k.p.i.AbstractProblemLoader Creating init config 
91114      DEBUG main            d.u.i.k.p.i.AbstractProblemLoader Init config took 4.31s 
91201      INFO  main            d.u.i.k.p.i.AbstractProblemLoader Replaying proof AFilter[ThreadSpec2::joinTransfer()].JML model_behavior operation contract.0 
91202      DEBUG main            d.u.i.k.p.i.IntermediateProofReplayer Proof replay took 6.1ns 
91306      INFO  main            d.u.i.k.p.r.p.TestFile    ... finished proof: closed. 
91514      INFO  main            d.u.i.k.p.i.AbstractProblemLoader Loading environment from /home/runner/work/key/key/key.core/../key.ui/examples/heap/permissions/threads/AFilter_joinTransfer_contract.key.proof 
91514      DEBUG main            d.u.i.k.p.i.AbstractProblemLoader Environment load took 116.5ns 
91515      INFO  main            d.u.i.k.p.i.AbstractProblemLoader Creating init config 
95787      DEBUG main            d.u.i.k.p.i.AbstractProblemLoader Init config took 4.27s 
95884      INFO  main            d.u.i.k.p.i.AbstractProblemLoader Replaying proof AFilter[ThreadSpec2::joinTransfer()].JML model_behavior operation contract.0 
95893      DEBUG main            d.u.i.k.p.i.IntermediateProofReplayer Proof replay took 7.48ms 
95894      DEBUG main            d.u.i.k.p.r.p.TestFile    ... success: reloaded. 
95895      INFO  main            d.u.i.k.p.r.p.TestFile    Now processing file /home/runner/work/key/key/key.core/../key.ui/examples/heap/permissions/threads/AFilter_postJoin_accessible.key 
95895      INFO  main            d.u.i.k.p.i.AbstractProblemLoader Loading environment from /home/runner/work/key/key/key.core/../key.ui/examples/heap/permissions/threads/AFilter_postJoin_accessible.key 
95896      DEBUG main            d.u.i.k.p.i.AbstractProblemLoader Environment load took 81.7ns 
95896      INFO  main            d.u.i.k.p.i.AbstractProblemLoader Creating init config 
100238     DEBUG main            d.u.i.k.p.i.AbstractProblemLoader Init config took 4.34s 
100324     INFO  main            d.u.i.k.p.i.AbstractProblemLoader Replaying proof AFilter[ThreadSpec2::postJoin(java.lang.Object)].JML accessible clause.0 
100326     DEBUG main            d.u.i.k.p.i.IntermediateProofReplayer Proof replay took 6.3ns 
100428     INFO  main            d.u.i.k.p.r.p.TestFile    ... finished proof: closed. 
100669     INFO  main            d.u.i.k.p.i.AbstractProblemLoader Loading environment from /home/runner/work/key/key/key.core/../key.ui/examples/heap/permissions/threads/AFilter_postJoin_accessible.key.proof 
100669     DEBUG main            d.u.i.k.p.i.AbstractProblemLoader Environment load took 108ns 
100670     INFO  main            d.u.i.k.p.i.AbstractProblemLoader Creating init config 
104951     DEBUG main            d.u.i.k.p.i.AbstractProblemLoader Init config took 4.28s 
105036     INFO  main            d.u.i.k.p.i.AbstractProblemLoader Replaying proof AFilter[ThreadSpec2::postJoin(java.lang.Object)].JML accessible clause.0 
105044     DEBUG main            d.u.i.k.p.i.IntermediateProofReplayer Proof replay took 6.31ms 
105045     DEBUG main            d.u.i.k.p.r.p.TestFile    ... success: reloaded. 
105046     INFO  main            d.u.i.k.p.r.p.TestFile    Now processing file /home/runner/work/key/key/key.core/../key.ui/examples/heap/permissions/threads/AFilter_preStart_accessible.key 
105046     INFO  main            d.u.i.k.p.i.AbstractProblemLoader Loading environment from /home/runner/work/key/key/key.core/../key.ui/examples/heap/permissions/threads/AFilter_preStart_accessible.key 
105046     DEBUG main            d.u.i.k.p.i.AbstractProblemLoader Environment load took 55.6ns 
105047     INFO  main            d.u.i.k.p.i.AbstractProblemLoader Creating init config 
109379     DEBUG main            d.u.i.k.p.i.AbstractProblemLoader Init config took 4.33s 
109463     INFO  main            d.u.i.k.p.i.AbstractProblemLoader Replaying proof AFilter[ThreadSpec2::preStart(java.lang.Object)].JML accessible clause.0 
109465     DEBUG main            d.u.i.k.p.i.IntermediateProofReplayer Proof replay took 6.6ns 
109767     INFO  main            d.u.i.k.p.r.p.TestFile    ... finished proof: closed. 
110007     INFO  main            d.u.i.k.p.i.AbstractProblemLoader Loading environment from /home/runner/work/key/key/key.core/../key.ui/examples/heap/permissions/threads/AFilter_preStart_accessible.key.proof 
110007     DEBUG main            d.u.i.k.p.i.AbstractProblemLoader Environment load took 108.8ns 
110008     INFO  main            d.u.i.k.p.i.AbstractProblemLoader Creating init config 
114279     DEBUG main            d.u.i.k.p.i.AbstractProblemLoader Init config took 4.27s 
114364     INFO  main            d.u.i.k.p.i.AbstractProblemLoader Replaying proof AFilter[ThreadSpec2::preStart(java.lang.Object)].JML accessible clause.0 
114398     DEBUG main            d.u.i.k.p.i.IntermediateProofReplayer Proof replay took 30.63ms 
114399     DEBUG main            d.u.i.k.p.r.p.TestFile    ... success: reloaded. 
114400     INFO  main            d.u.i.k.p.r.p.TestFile    Now processing file /home/runner/work/key/key/key.core/../key.ui/examples/heap/permissions/threads/AFilter_startTransfer_accessible.key 
114400     INFO  main            d.u.i.k.p.i.AbstractProblemLoader Loading environment from /home/runner/work/key/key/key.core/../key.ui/examples/heap/permissions/threads/AFilter_startTransfer_accessible.key 
114400     DEBUG main            d.u.i.k.p.i.AbstractProblemLoader Environment load took 95.7ns 
114401     INFO  main            d.u.i.k.p.i.AbstractProblemLoader Creating init config 
118662     DEBUG main            d.u.i.k.p.i.AbstractProblemLoader Init config took 4.26s 
118746     INFO  main            d.u.i.k.p.i.AbstractProblemLoader Replaying proof AFilter[ThreadSpec2::startTransfer()].JML accessible clause.0 
118747     DEBUG main            d.u.i.k.p.i.IntermediateProofReplayer Proof replay took 6.2ns 
127593     INFO  main            d.u.i.k.p.r.p.TestFile    ... finished proof: closed. 
127856     INFO  main            d.u.i.k.p.i.AbstractProblemLoader Loading environment from /home/runner/work/key/key/key.core/../key.ui/examples/heap/permissions/threads/AFilter_startTransfer_accessible.key.proof 
127856     DEBUG main            d.u.i.k.p.i.AbstractProblemLoader Environment load took 326.8ns 
127858     INFO  main            d.u.i.k.p.i.AbstractProblemLoader Creating init config 
132101     DEBUG main            d.u.i.k.p.i.AbstractProblemLoader Init config took 4.24s 
132197     INFO  main            d.u.i.k.p.i.AbstractProblemLoader Replaying proof AFilter[ThreadSpec2::startTransfer()].JML accessible clause.0 
132913     DEBUG main            d.u.i.k.p.i.IntermediateProofReplayer Proof replay took 692.74ms 
132914     DEBUG main            d.u.i.k.p.r.p.TestFile    ... success: reloaded. 
132915     INFO  main            d.u.i.k.p.r.p.TestFile    Now processing file /home/runner/work/key/key/key.core/../key.ui/examples/heap/permissions/threads/AFilter_startTransfer_contract.key 
132916     INFO  main            d.u.i.k.p.i.AbstractProblemLoader Loading environment from /home/runner/work/key/key/key.core/../key.ui/examples/heap/permissions/threads/AFilter_startTransfer_contract.key 
132916     DEBUG main            d.u.i.k.p.i.AbstractProblemLoader Environment load took 189.8ns 
132917     INFO  main            d.u.i.k.p.i.AbstractProblemLoader Creating init config 
137276     DEBUG main            d.u.i.k.p.i.AbstractProblemLoader Init config took 4.36s 
137363     INFO  main            d.u.i.k.p.i.AbstractProblemLoader Replaying proof AFilter[ThreadSpec2::startTransfer()].JML model_behavior operation contract.0 
137364     DEBUG main            d.u.i.k.p.i.IntermediateProofReplayer Proof replay took 6ns 
137768     INFO  main            d.u.i.k.p.r.p.TestFile    ... finished proof: closed. 
138025     INFO  main            d.u.i.k.p.i.AbstractProblemLoader Loading environment from /home/runner/work/key/key/key.core/../key.ui/examples/heap/permissions/threads/AFilter_startTransfer_contract.key.proof 
138025     DEBUG main            d.u.i.k.p.i.AbstractProblemLoader Environment load took 445.7ns 
138026     INFO  main            d.u.i.k.p.i.AbstractProblemLoader Creating init config 
142318     DEBUG main            d.u.i.k.p.i.AbstractProblemLoader Init config took 4.29s 
142415     INFO  main            d.u.i.k.p.i.AbstractProblemLoader Replaying proof AFilter[ThreadSpec2::startTransfer()].JML model_behavior operation contract.0 
142459     DEBUG main            d.u.i.k.p.i.IntermediateProofReplayer Proof replay took 40.22ms 
142460     DEBUG main            d.u.i.k.p.r.p.TestFile    ... success: reloaded. 
142461     INFO  main            d.u.i.k.p.r.p.TestFile    Now processing file /home/runner/work/key/key/key.core/../key.ui/examples/heap/permissions/threads/AFilter_stateInv_accessible.key 
142461     INFO  main            d.u.i.k.p.i.AbstractProblemLoader Loading environment from /home/runner/work/key/key/key.core/../key.ui/examples/heap/permissions/threads/AFilter_stateInv_accessible.key 
142461     DEBUG main            d.u.i.k.p.i.AbstractProblemLoader Environment load took 97.3ns 
142462     INFO  main            d.u.i.k.p.i.AbstractProblemLoader Creating init config 
146786     DEBUG main            d.u.i.k.p.i.AbstractProblemLoader Init config took 4.32s 
146886     INFO  main            d.u.i.k.p.i.AbstractProblemLoader Replaying proof AFilter[ThreadSpec2::stateInv()].JML accessible clause.0 
146888     DEBUG main            d.u.i.k.p.i.IntermediateProofReplayer Proof replay took 6.1ns 
147191     INFO  main            d.u.i.k.p.r.p.TestFile    ... finished proof: closed. 
147436     INFO  main            d.u.i.k.p.i.AbstractProblemLoader Loading environment from /home/runner/work/key/key/key.core/../key.ui/examples/heap/permissions/threads/AFilter_stateInv_accessible.key.proof 
147436     DEBUG main            d.u.i.k.p.i.AbstractProblemLoader Environment load took 143.5ns 
147437     INFO  main            d.u.i.k.p.i.AbstractProblemLoader Creating init config 
151667     DEBUG main            d.u.i.k.p.i.AbstractProblemLoader Init config took 4.23s 
151751     INFO  main            d.u.i.k.p.i.AbstractProblemLoader Replaying proof AFilter[ThreadSpec2::stateInv()].JML accessible clause.0 
151788     DEBUG main            d.u.i.k.p.i.IntermediateProofReplayer Proof replay took 33.64ms 
151789     DEBUG main            d.u.i.k.p.r.p.TestFile    ... success: reloaded. 
151790     INFO  main            d.u.i.k.p.r.p.TestFile    Now processing file /home/runner/work/key/key/key.core/../key.ui/examples/heap/permissions/threads/AFilter_staticPermissions_accessible.key 
151790     INFO  main            d.u.i.k.p.i.AbstractProblemLoader Loading environment from /home/runner/work/key/key/key.core/../key.ui/examples/heap/permissions/threads/AFilter_staticPermissions_accessible.key 
151790     DEBUG main            d.u.i.k.p.i.AbstractProblemLoader Environment load took 73.3ns 
151791     INFO  main            d.u.i.k.p.i.AbstractProblemLoader Creating init config 
156091     DEBUG main            d.u.i.k.p.i.AbstractProblemLoader Init config took 4.3s 
156175     INFO  main            d.u.i.k.p.i.AbstractProblemLoader Replaying proof AFilter[ThreadSpec2::staticPermissions()].JML accessible clause.0 
156177     DEBUG main            d.u.i.k.p.i.IntermediateProofReplayer Proof replay took 5.4ns 
156278     INFO  main            d.u.i.k.p.r.p.TestFile    ... finished proof: closed. 
156612     INFO  main            d.u.i.k.p.i.AbstractProblemLoader Loading environment from /home/runner/work/key/key/key.core/../key.ui/examples/heap/permissions/threads/AFilter_staticPermissions_accessible.key.proof 
156612     DEBUG main            d.u.i.k.p.i.AbstractProblemLoader Environment load took 96.6ns 
156614     INFO  main            d.u.i.k.p.i.AbstractProblemLoader Creating init config 
160849     DEBUG main            d.u.i.k.p.i.AbstractProblemLoader Init config took 4.23s 
160933     INFO  main            d.u.i.k.p.i.AbstractProblemLoader Replaying proof AFilter[ThreadSpec2::staticPermissions()].JML accessible clause.0 
160942     DEBUG main            d.u.i.k.p.i.IntermediateProofReplayer Proof replay took 8.1ms 
160943     DEBUG main            d.u.i.k.p.r.p.TestFile    ... success: reloaded. 
160944     INFO  main            d.u.i.k.p.r.p.TestFile    Now processing file /home/runner/work/key/key/key.core/../key.ui/examples/heap/permissions/threads/AFilter_workingPermissions_accessible.key 
160944     INFO  main            d.u.i.k.p.i.AbstractProblemLoader Loading environment from /home/runner/work/key/key/key.core/../key.ui/examples/heap/permissions/threads/AFilter_workingPermissions_accessible.key 
160944     DEBUG main            d.u.i.k.p.i.AbstractProblemLoader Environment load took 63.7ns 
160945     INFO  main            d.u.i.k.p.i.AbstractProblemLoader Creating init config 
165263     DEBUG main            d.u.i.k.p.i.AbstractProblemLoader Init config took 4.32s 
165358     INFO  main            d.u.i.k.p.i.AbstractProblemLoader Replaying proof AFilter[ThreadSpec2::workingPermissions()].JML accessible clause.0 
165359     DEBUG main            d.u.i.k.p.i.IntermediateProofReplayer Proof replay took 7.1ns 
165461     INFO  main            d.u.i.k.p.r.p.TestFile    ... finished proof: closed. 
165711     INFO  main            d.u.i.k.p.i.AbstractProblemLoader Loading environment from /home/runner/work/key/key/key.core/../key.ui/examples/heap/permissions/threads/AFilter_workingPermissions_accessible.key.proof 
165712     DEBUG main            d.u.i.k.p.i.AbstractProblemLoader Environment load took 97.4ns 
165712     INFO  main            d.u.i.k.p.i.AbstractProblemLoader Creating init config 
169952     DEBUG main            d.u.i.k.p.i.AbstractProblemLoader Init config took 4.24s 
170035     INFO  main            d.u.i.k.p.i.AbstractProblemLoader Replaying proof AFilter[ThreadSpec2::workingPermissions()].JML accessible clause.0 
170044     DEBUG main            d.u.i.k.p.i.IntermediateProofReplayer Proof replay took 7.14ms 
170045     DEBUG main            d.u.i.k.p.r.p.TestFile    ... success: reloaded. 
170045     INFO  main            d.u.i.k.p.r.p.TestFile    Now processing file /home/runner/work/key/key/key.core/../key.ui/examples/heap/permissions/threads/BFilter_BFilter.key 
170046     INFO  main            d.u.i.k.p.i.AbstractProblemLoader Loading environment from /home/runner/work/key/key/key.core/../key.ui/examples/heap/permissions/threads/BFilter_BFilter.key 
170046     DEBUG main            d.u.i.k.p.i.AbstractProblemLoader Environment load took 79.5ns 
170056     INFO  main            d.u.i.k.p.i.AbstractProblemLoader Creating init config 
174386     DEBUG main            d.u.i.k.p.i.AbstractProblemLoader Init config took 4.33s 
174471     INFO  main            d.u.i.k.p.i.AbstractProblemLoader Replaying proof BFilter[BFilter::BFilter(Sampler,Buffer)].JML normal_behavior operation contract.0 
174473     DEBUG main            d.u.i.k.p.i.IntermediateProofReplayer Proof replay took 5.6ns 
175378     INFO  main            d.u.i.k.p.r.p.TestFile    ... finished proof: closed. 
175659     INFO  main            d.u.i.k.p.i.AbstractProblemLoader Loading environment from /home/runner/work/key/key/key.core/../key.ui/examples/heap/permissions/threads/BFilter_BFilter.key.proof 
175662     DEBUG main            d.u.i.k.p.i.AbstractProblemLoader Environment load took 2.91ms 
175663     INFO  main            d.u.i.k.p.i.AbstractProblemLoader Creating init config 
179896     DEBUG main            d.u.i.k.p.i.AbstractProblemLoader Init config took 4.23s 
179992     INFO  main            d.u.i.k.p.i.AbstractProblemLoader Replaying proof BFilter[BFilter::BFilter(Sampler,Buffer)].JML normal_behavior operation contract.0 
180129     DEBUG main            d.u.i.k.p.i.IntermediateProofReplayer Proof replay took 132.82ms 
180130     DEBUG main            d.u.i.k.p.r.p.TestFile    ... success: reloaded. 
180131     INFO  main            d.u.i.k.p.r.p.TestFile    Now processing file /home/runner/work/key/key/key.core/../key.ui/examples/heap/permissions/threads/BFilter_initPost_accessible.key 
180131     INFO  main            d.u.i.k.p.i.AbstractProblemLoader Loading environment from /home/runner/work/key/key/key.core/../key.ui/examples/heap/permissions/threads/BFilter_initPost_accessible.key 
180131     DEBUG main            d.u.i.k.p.i.AbstractProblemLoader Environment load took 100.3ns 
180132     INFO  main            d.u.i.k.p.i.AbstractProblemLoader Creating init config 
184428     DEBUG main            d.u.i.k.p.i.AbstractProblemLoader Init config took 4.3s 
184511     INFO  main            d.u.i.k.p.i.AbstractProblemLoader Replaying proof BFilter[ThreadSpec2::initPost()].JML accessible clause.0 
184512     DEBUG main            d.u.i.k.p.i.IntermediateProofReplayer Proof replay took 6ns 
184614     INFO  main            d.u.i.k.p.r.p.TestFile    ... finished proof: closed. 
184883     INFO  main            d.u.i.k.p.i.AbstractProblemLoader Loading environment from /home/runner/work/key/key/key.core/../key.ui/examples/heap/permissions/threads/BFilter_initPost_accessible.key.proof 
184883     DEBUG main            d.u.i.k.p.i.AbstractProblemLoader Environment load took 99.4ns 
184884     INFO  main            d.u.i.k.p.i.AbstractProblemLoader Creating init config 
189102     DEBUG main            d.u.i.k.p.i.AbstractProblemLoader Init config took 4.22s 
189187     INFO  main            d.u.i.k.p.i.AbstractProblemLoader Replaying proof BFilter[ThreadSpec2::initPost()].JML accessible clause.0 
189198     DEBUG main            d.u.i.k.p.i.IntermediateProofReplayer Proof replay took 9.29ms 
189198     DEBUG main            d.u.i.k.p.r.p.TestFile    ... success: reloaded. 
189199     INFO  main            d.u.i.k.p.r.p.TestFile    Now processing file /home/runner/work/key/key/key.core/../key.ui/examples/heap/permissions/threads/BFilter_inv_accessible1.key 
189199     INFO  main            d.u.i.k.p.i.AbstractProblemLoader Loading environment from /home/runner/work/key/key/key.core/../key.ui/examples/heap/permissions/threads/BFilter_inv_accessible1.key 
189200     DEBUG main            d.u.i.k.p.i.AbstractProblemLoader Environment load took 99.7ns 
189200     INFO  main            d.u.i.k.p.i.AbstractProblemLoader Creating init config 
193476     DEBUG main            d.u.i.k.p.i.AbstractProblemLoader Init config took 4.28s 
193573     INFO  main            d.u.i.k.p.i.AbstractProblemLoader Replaying proof BFilter[java.lang.Object::<inv>()].JML accessible clause.0 
193575     DEBUG main            d.u.i.k.p.i.IntermediateProofReplayer Proof replay took 6.2ns 
193678     INFO  main            d.u.i.k.p.r.p.TestFile    ... finished proof: closed. 
193941     INFO  main            d.u.i.k.p.i.AbstractProblemLoader Loading environment from /home/runner/work/key/key/key.core/../key.ui/examples/heap/permissions/threads/BFilter_inv_accessible1.key.proof 
193941     DEBUG main            d.u.i.k.p.i.AbstractProblemLoader Environment load took 95.7ns 
193942     INFO  main            d.u.i.k.p.i.AbstractProblemLoader Creating init config 
198170     DEBUG main            d.u.i.k.p.i.AbstractProblemLoader Init config took 4.23s 
198254     INFO  main            d.u.i.k.p.i.AbstractProblemLoader Replaying proof BFilter[java.lang.Object::<inv>()].JML accessible clause.0 
198257     DEBUG main            d.u.i.k.p.i.IntermediateProofReplayer Proof replay took 1.74ms 
198258     DEBUG main            d.u.i.k.p.r.p.TestFile    ... success: reloaded. 
198258     INFO  main            d.u.i.k.p.r.p.TestFile    Now processing file /home/runner/work/key/key/key.core/../key.ui/examples/heap/permissions/threads/BFilter_inv_accessible2.key 
198259     INFO  main            d.u.i.k.p.i.AbstractProblemLoader Loading environment from /home/runner/work/key/key/key.core/../key.ui/examples/heap/permissions/threads/BFilter_inv_accessible2.key 
198259     DEBUG main            d.u.i.k.p.i.AbstractProblemLoader Environment load took 96.4ns 
198260     INFO  main            d.u.i.k.p.i.AbstractProblemLoader Creating init config 
202579     DEBUG main            d.u.i.k.p.i.AbstractProblemLoader Init config took 4.32s 
202663     INFO  main            d.u.i.k.p.i.AbstractProblemLoader Replaying proof BFilter[java.lang.Object::<inv>()].JML accessible clause.1 
202665     DEBUG main            d.u.i.k.p.i.IntermediateProofReplayer Proof replay took 6ns 
202766     INFO  main            d.u.i.k.p.r.p.TestFile    ... finished proof: closed. 
203036     INFO  main            d.u.i.k.p.i.AbstractProblemLoader Loading environment from /home/runner/work/key/key/key.core/../key.ui/examples/heap/permissions/threads/BFilter_inv_accessible2.key.proof 
203036     DEBUG main            d.u.i.k.p.i.AbstractProblemLoader Environment load took 90.6ns 
203037     INFO  main            d.u.i.k.p.i.AbstractProblemLoader Creating init config 
207272     DEBUG main            d.u.i.k.p.i.AbstractProblemLoader Init config took 4.23s 
207355     INFO  main            d.u.i.k.p.i.AbstractProblemLoader Replaying proof BFilter[java.lang.Object::<inv>()].JML accessible clause.1 
207358     DEBUG main            d.u.i.k.p.i.IntermediateProofReplayer Proof replay took 1.62ms 
207359     DEBUG main            d.u.i.k.p.r.p.TestFile    ... success: reloaded. 
207360     INFO  main            d.u.i.k.p.r.p.TestFile    Now processing file /home/runner/work/key/key/key.core/../key.ui/examples/heap/permissions/threads/BFilter_joinTransfer_accessible.key 
207360     INFO  main            d.u.i.k.p.i.AbstractProblemLoader Loading environment from /home/runner/work/key/key/key.core/../key.ui/examples/heap/permissions/threads/BFilter_joinTransfer_accessible.key 
207360     DEBUG main            d.u.i.k.p.i.AbstractProblemLoader Environment load took 105ns 
207361     INFO  main            d.u.i.k.p.i.AbstractProblemLoader Creating init config 
211617     DEBUG main            d.u.i.k.p.i.AbstractProblemLoader Init config took 4.26s 
211702     INFO  main            d.u.i.k.p.i.AbstractProblemLoader Replaying proof BFilter[ThreadSpec2::joinTransfer()].JML accessible clause.0 
211703     DEBUG main            d.u.i.k.p.i.IntermediateProofReplayer Proof replay took 6.5ns 
212739     INFO  main            d.u.i.k.p.r.p.TestFile    ... finished proof: closed. 
213023     INFO  main            d.u.i.k.p.i.AbstractProblemLoader Loading environment from /home/runner/work/key/key/key.core/../key.ui/examples/heap/permissions/threads/BFilter_joinTransfer_accessible.key.proof 
213023     DEBUG main            d.u.i.k.p.i.AbstractProblemLoader Environment load took 111ns 
213024     INFO  main            d.u.i.k.p.i.AbstractProblemLoader Creating init config 
217228     DEBUG main            d.u.i.k.p.i.AbstractProblemLoader Init config took 4.2s 
217311     INFO  main            d.u.i.k.p.i.AbstractProblemLoader Replaying proof BFilter[ThreadSpec2::joinTransfer()].JML accessible clause.0 
217409     DEBUG main            d.u.i.k.p.i.IntermediateProofReplayer Proof replay took 93.14ms 
217411     DEBUG main            d.u.i.k.p.r.p.TestFile    ... success: reloaded. 
217412     INFO  main            d.u.i.k.p.r.p.TestFile    Now processing file /home/runner/work/key/key/key.core/../key.ui/examples/heap/permissions/threads/BFilter_joinTransfer_contract.key 
217412     INFO  main            d.u.i.k.p.i.AbstractProblemLoader Loading environment from /home/runner/work/key/key/key.core/../key.ui/examples/heap/permissions/threads/BFilter_joinTransfer_contract.key 
217412     DEBUG main            d.u.i.k.p.i.AbstractProblemLoader Environment load took 138.9ns 
217413     INFO  main            d.u.i.k.p.i.AbstractProblemLoader Creating init config 
221702     DEBUG main            d.u.i.k.p.i.AbstractProblemLoader Init config took 4.29s 
221788     INFO  main            d.u.i.k.p.i.AbstractProblemLoader Replaying proof BFilter[ThreadSpec2::joinTransfer()].JML model_behavior operation contract.0 
221790     DEBUG main            d.u.i.k.p.i.IntermediateProofReplayer Proof replay took 5.6ns 
221891     INFO  main            d.u.i.k.p.r.p.TestFile    ... finished proof: closed. 
222276     INFO  main            d.u.i.k.p.i.AbstractProblemLoader Loading environment from /home/runner/work/key/key/key.core/../key.ui/examples/heap/permissions/threads/BFilter_joinTransfer_contract.key.proof 
222277     DEBUG main            d.u.i.k.p.i.AbstractProblemLoader Environment load took 93.3ns 
222277     INFO  main            d.u.i.k.p.i.AbstractProblemLoader Creating init config 
226476     DEBUG main            d.u.i.k.p.i.AbstractProblemLoader Init config took 4.2s 
226559     INFO  main            d.u.i.k.p.i.AbstractProblemLoader Replaying proof BFilter[ThreadSpec2::joinTransfer()].JML model_behavior operation contract.0 
226567     DEBUG main            d.u.i.k.p.i.IntermediateProofReplayer Proof replay took 6.6ms 
226568     DEBUG main            d.u.i.k.p.r.p.TestFile    ... success: reloaded. 
226568     INFO  main            d.u.i.k.p.r.p.TestFile    Now processing file /home/runner/work/key/key/key.core/../key.ui/examples/heap/permissions/threads/BFilter_postJoin_accessible.key 
226569     INFO  main            d.u.i.k.p.i.AbstractProblemLoader Loading environment from /home/runner/work/key/key/key.core/../key.ui/examples/heap/permissions/threads/BFilter_postJoin_accessible.key 
226569     DEBUG main            d.u.i.k.p.i.AbstractProblemLoader Environment load took 51.4ns 
226569     INFO  main            d.u.i.k.p.i.AbstractProblemLoader Creating init config 
230851     DEBUG main            d.u.i.k.p.i.AbstractProblemLoader Init config took 4.28s 
230933     INFO  main            d.u.i.k.p.i.AbstractProblemLoader Replaying proof BFilter[ThreadSpec2::postJoin(java.lang.Object)].JML accessible clause.0 
230934     DEBUG main            d.u.i.k.p.i.IntermediateProofReplayer Proof replay took 6.3ns 
231038     INFO  main            d.u.i.k.p.r.p.TestFile    ... finished proof: closed. 
231373     INFO  main            d.u.i.k.p.i.AbstractProblemLoader Loading environment from /home/runner/work/key/key/key.core/../key.ui/examples/heap/permissions/threads/BFilter_postJoin_accessible.key.proof 
231373     DEBUG main            d.u.i.k.p.i.AbstractProblemLoader Environment load took 89.8ns 
231374     INFO  main            d.u.i.k.p.i.AbstractProblemLoader Creating init config 
235582     DEBUG main            d.u.i.k.p.i.AbstractProblemLoader Init config took 4.21s 
235665     INFO  main            d.u.i.k.p.i.AbstractProblemLoader Replaying proof BFilter[ThreadSpec2::postJoin(java.lang.Object)].JML accessible clause.0 
235671     DEBUG main            d.u.i.k.p.i.IntermediateProofReplayer Proof replay took 5.4ms 
235672     DEBUG main            d.u.i.k.p.r.p.TestFile    ... success: reloaded. 
235673     INFO  main            d.u.i.k.p.r.p.TestFile    Now processing file /home/runner/work/key/key/key.core/../key.ui/examples/heap/permissions/threads/BFilter_preStart_accessible.key 
235673     INFO  main            d.u.i.k.p.i.AbstractProblemLoader Loading environment from /home/runner/work/key/key/key.core/../key.ui/examples/heap/permissions/threads/BFilter_preStart_accessible.key 
235673     DEBUG main            d.u.i.k.p.i.AbstractProblemLoader Environment load took 70.1ns 
235674     INFO  main            d.u.i.k.p.i.AbstractProblemLoader Creating init config 
239947     DEBUG main            d.u.i.k.p.i.AbstractProblemLoader Init config took 4.27s 
240029     INFO  main            d.u.i.k.p.i.AbstractProblemLoader Replaying proof BFilter[ThreadSpec2::preStart(java.lang.Object)].JML accessible clause.0 
240031     DEBUG main            d.u.i.k.p.i.IntermediateProofReplayer Proof replay took 5.8ns 
240334     INFO  main            d.u.i.k.p.r.p.TestFile    ... finished proof: closed. 
240638     INFO  main            d.u.i.k.p.i.AbstractProblemLoader Loading environment from /home/runner/work/key/key/key.core/../key.ui/examples/heap/permissions/threads/BFilter_preStart_accessible.key.proof 
240638     DEBUG main            d.u.i.k.p.i.AbstractProblemLoader Environment load took 89.5ns 
240639     INFO  main            d.u.i.k.p.i.AbstractProblemLoader Creating init config 
244849     DEBUG main            d.u.i.k.p.i.AbstractProblemLoader Init config took 4.21s 
244931     INFO  main            d.u.i.k.p.i.AbstractProblemLoader Replaying proof BFilter[ThreadSpec2::preStart(java.lang.Object)].JML accessible clause.0 
244960     DEBUG main            d.u.i.k.p.i.IntermediateProofReplayer Proof replay took 26.14ms 
244961     DEBUG main            d.u.i.k.p.r.p.TestFile    ... success: reloaded. 
244962     INFO  main            d.u.i.k.p.r.p.TestFile    Now processing file /home/runner/work/key/key/key.core/../key.ui/examples/heap/permissions/threads/BFilter_startTransfer_accessible.key 
244962     INFO  main            d.u.i.k.p.i.AbstractProblemLoader Loading environment from /home/runner/work/key/key/key.core/../key.ui/examples/heap/permissions/threads/BFilter_startTransfer_accessible.key 
244962     DEBUG main            d.u.i.k.p.i.AbstractProblemLoader Environment load took 47.8ns 
244963     INFO  main            d.u.i.k.p.i.AbstractProblemLoader Creating init config 
249242     DEBUG main            d.u.i.k.p.i.AbstractProblemLoader Init config took 4.28s 
249337     INFO  main            d.u.i.k.p.i.AbstractProblemLoader Replaying proof BFilter[ThreadSpec2::startTransfer()].JML accessible clause.0 
249339     DEBUG main            d.u.i.k.p.i.IntermediateProofReplayer Proof replay took 7.2ns 
258677     INFO  main            d.u.i.k.p.r.p.TestFile    ... finished proof: closed. 
259007     INFO  main            d.u.i.k.p.i.AbstractProblemLoader Loading environment from /home/runner/work/key/key/key.core/../key.ui/examples/heap/permissions/threads/BFilter_startTransfer_accessible.key.proof 
259007     DEBUG main            d.u.i.k.p.i.AbstractProblemLoader Environment load took 142.9ns 
259008     INFO  main            d.u.i.k.p.i.AbstractProblemLoader Creating init config 
263226     DEBUG main            d.u.i.k.p.i.AbstractProblemLoader Init config took 4.22s 
263308     INFO  main            d.u.i.k.p.i.AbstractProblemLoader Replaying proof BFilter[ThreadSpec2::startTransfer()].JML accessible clause.0 
264032     DEBUG main            d.u.i.k.p.i.IntermediateProofReplayer Proof replay took 708.12ms 
264034     DEBUG main            d.u.i.k.p.r.p.TestFile    ... success: reloaded. 
264034     INFO  main            d.u.i.k.p.r.p.TestFile    Now processing file /home/runner/work/key/key/key.core/../key.ui/examples/heap/permissions/threads/BFilter_startTransfer_contract.key 
264035     INFO  main            d.u.i.k.p.i.AbstractProblemLoader Loading environment from /home/runner/work/key/key/key.core/../key.ui/examples/heap/permissions/threads/BFilter_startTransfer_contract.key 
264035     DEBUG main            d.u.i.k.p.i.AbstractProblemLoader Environment load took 69.6ns 
264035     INFO  main            d.u.i.k.p.i.AbstractProblemLoader Creating init config 
268337     DEBUG main            d.u.i.k.p.i.AbstractProblemLoader Init config took 4.3s 
268421     INFO  main            d.u.i.k.p.i.AbstractProblemLoader Replaying proof BFilter[ThreadSpec2::startTransfer()].JML model_behavior operation contract.0 
268423     DEBUG main            d.u.i.k.p.i.IntermediateProofReplayer Proof replay took 6.1ns 
269427     INFO  main            d.u.i.k.p.r.p.TestFile    ... finished proof: closed. 
269752     INFO  main            d.u.i.k.p.i.AbstractProblemLoader Loading environment from /home/runner/work/key/key/key.core/../key.ui/examples/heap/permissions/threads/BFilter_startTransfer_contract.key.proof 
269752     DEBUG main            d.u.i.k.p.i.AbstractProblemLoader Environment load took 391.2ns 
269753     INFO  main            d.u.i.k.p.i.AbstractProblemLoader Creating init config 
273946     DEBUG main            d.u.i.k.p.i.AbstractProblemLoader Init config took 4.19s 
274040     INFO  main            d.u.i.k.p.i.AbstractProblemLoader Replaying proof BFilter[ThreadSpec2::startTransfer()].JML model_behavior operation contract.0 
274128     DEBUG main            d.u.i.k.p.i.IntermediateProofReplayer Proof replay took 82.33ms 
274132     DEBUG main            d.u.i.k.p.r.p.TestFile    ... success: reloaded. 
274133     INFO  main            d.u.i.k.p.r.p.TestFile    Now processing file /home/runner/work/key/key/key.core/../key.ui/examples/heap/permissions/threads/BFilter_stateInv_accessible.key 
274133     INFO  main            d.u.i.k.p.i.AbstractProblemLoader Loading environment from /home/runner/work/key/key/key.core/../key.ui/examples/heap/permissions/threads/BFilter_stateInv_accessible.key 
274134     DEBUG main            d.u.i.k.p.i.AbstractProblemLoader Environment load took 82.2ns 
274134     INFO  main            d.u.i.k.p.i.AbstractProblemLoader Creating init config 
278399     DEBUG main            d.u.i.k.p.i.AbstractProblemLoader Init config took 4.26s 
278481     INFO  main            d.u.i.k.p.i.AbstractProblemLoader Replaying proof BFilter[ThreadSpec2::stateInv()].JML accessible clause.0 
278482     DEBUG main            d.u.i.k.p.i.IntermediateProofReplayer Proof replay took 6.2ns 
278784     INFO  main            d.u.i.k.p.r.p.TestFile    ... finished proof: closed. 
279104     INFO  main            d.u.i.k.p.i.AbstractProblemLoader Loading environment from /home/runner/work/key/key/key.core/../key.ui/examples/heap/permissions/threads/BFilter_stateInv_accessible.key.proof 
279104     DEBUG main            d.u.i.k.p.i.AbstractProblemLoader Environment load took 89.2ns 
279105     INFO  main            d.u.i.k.p.i.AbstractProblemLoader Creating init config 
283303     DEBUG main            d.u.i.k.p.i.AbstractProblemLoader Init config took 4.2s 
283396     INFO  main            d.u.i.k.p.i.AbstractProblemLoader Replaying proof BFilter[ThreadSpec2::stateInv()].JML accessible clause.0 
283429     DEBUG main            d.u.i.k.p.i.IntermediateProofReplayer Proof replay took 30.98ms 
283430     DEBUG main            d.u.i.k.p.r.p.TestFile    ... success: reloaded. 
283430     INFO  main            d.u.i.k.p.r.p.TestFile    Now processing file /home/runner/work/key/key/key.core/../key.ui/examples/heap/permissions/threads/BFilter_staticPermissions_accessible.key 
283431     INFO  main            d.u.i.k.p.i.AbstractProblemLoader Loading environment from /home/runner/work/key/key/key.core/../key.ui/examples/heap/permissions/threads/BFilter_staticPermissions_accessible.key 
283431     DEBUG main            d.u.i.k.p.i.AbstractProblemLoader Environment load took 95ns 
283431     INFO  main            d.u.i.k.p.i.AbstractProblemLoader Creating init config 
287685     DEBUG main            d.u.i.k.p.i.AbstractProblemLoader Init config took 4.25s 
287768     INFO  main            d.u.i.k.p.i.AbstractProblemLoader Replaying proof BFilter[ThreadSpec2::staticPermissions()].JML accessible clause.0 
287770     DEBUG main            d.u.i.k.p.i.IntermediateProofReplayer Proof replay took 6ns 
287874     INFO  main            d.u.i.k.p.r.p.TestFile    ... finished proof: closed. 
288195     INFO  main            d.u.i.k.p.i.AbstractProblemLoader Loading environment from /home/runner/work/key/key/key.core/../key.ui/examples/heap/permissions/threads/BFilter_staticPermissions_accessible.key.proof 
288195     DEBUG main            d.u.i.k.p.i.AbstractProblemLoader Environment load took 89.1ns 
288195     INFO  main            d.u.i.k.p.i.AbstractProblemLoader Creating init config 
292382     DEBUG main            d.u.i.k.p.i.AbstractProblemLoader Init config took 4.19s 
292475     INFO  main            d.u.i.k.p.i.AbstractProblemLoader Replaying proof BFilter[ThreadSpec2::staticPermissions()].JML accessible clause.0 
292484     DEBUG main            d.u.i.k.p.i.IntermediateProofReplayer Proof replay took 7.63ms 
292485     DEBUG main            d.u.i.k.p.r.p.TestFile    ... success: reloaded. 
292485     INFO  main            d.u.i.k.p.r.p.TestFile    Now processing file /home/runner/work/key/key/key.core/../key.ui/examples/heap/permissions/threads/BFilter_workingPermissions_accessible.key 
292486     INFO  main            d.u.i.k.p.i.AbstractProblemLoader Loading environment from /home/runner/work/key/key/key.core/../key.ui/examples/heap/permissions/threads/BFilter_workingPermissions_accessible.key 
292486     DEBUG main            d.u.i.k.p.i.AbstractProblemLoader Environment load took 64.1ns 
292486     INFO  main            d.u.i.k.p.i.AbstractProblemLoader Creating init config 
296749     DEBUG main            d.u.i.k.p.i.AbstractProblemLoader Init config took 4.26s 
296831     INFO  main            d.u.i.k.p.i.AbstractProblemLoader Replaying proof BFilter[ThreadSpec2::workingPermissions()].JML accessible clause.0 
296832     DEBUG main            d.u.i.k.p.i.IntermediateProofReplayer Proof replay took 5.3ns 
296933     INFO  main            d.u.i.k.p.r.p.TestFile    ... finished proof: closed. 
297258     INFO  main            d.u.i.k.p.i.AbstractProblemLoader Loading environment from /home/runner/work/key/key/key.core/../key.ui/examples/heap/permissions/threads/BFilter_workingPermissions_accessible.key.proof 
297258     DEBUG main            d.u.i.k.p.i.AbstractProblemLoader Environment load took 84.5ns 
297259     INFO  main            d.u.i.k.p.i.AbstractProblemLoader Creating init config 
301445     DEBUG main            d.u.i.k.p.i.AbstractProblemLoader Init config took 4.19s 
301538     INFO  main            d.u.i.k.p.i.AbstractProblemLoader Replaying proof BFilter[ThreadSpec2::workingPermissions()].JML accessible clause.0 
301546     DEBUG main            d.u.i.k.p.i.IntermediateProofReplayer Proof replay took 6.79ms 
301547     DEBUG main            d.u.i.k.p.r.p.TestFile    ... success: reloaded. 
301548     INFO  main            d.u.i.k.p.r.p.TestFile    Now processing file /home/runner/work/key/key/key.core/../key.ui/examples/heap/permissions/threads/Fib_Fib.key 
301548     INFO  main            d.u.i.k.p.i.AbstractProblemLoader Loading environment from /home/runner/work/key/key/key.core/../key.ui/examples/heap/permissions/threads/Fib_Fib.key 
301548     DEBUG main            d.u.i.k.p.i.AbstractProblemLoader Environment load took 70.1ns 
301549     INFO  main            d.u.i.k.p.i.AbstractProblemLoader Creating init config 
305812     DEBUG main            d.u.i.k.p.i.AbstractProblemLoader Init config took 4.26s 
305896     INFO  main            d.u.i.k.p.i.AbstractProblemLoader Replaying proof Fib[Fib::Fib(int)].JML normal_behavior operation contract.0 
305898     DEBUG main            d.u.i.k.p.i.IntermediateProofReplayer Proof replay took 6.6ns 
306501     INFO  main            d.u.i.k.p.r.p.TestFile    ... finished proof: closed. 
306849     INFO  main            d.u.i.k.p.i.AbstractProblemLoader Loading environment from /home/runner/work/key/key/key.core/../key.ui/examples/heap/permissions/threads/Fib_Fib.key.proof 
306849     DEBUG main            d.u.i.k.p.i.AbstractProblemLoader Environment load took 97.7ns 
306850     INFO  main            d.u.i.k.p.i.AbstractProblemLoader Creating init config 
311045     DEBUG main            d.u.i.k.p.i.AbstractProblemLoader Init config took 4.2s 
311129     INFO  main            d.u.i.k.p.i.AbstractProblemLoader Replaying proof Fib[Fib::Fib(int)].JML normal_behavior operation contract.0 
311219     DEBUG main            d.u.i.k.p.i.IntermediateProofReplayer Proof replay took 87.3ms 
311220     DEBUG main            d.u.i.k.p.r.p.TestFile    ... success: reloaded. 
311220     INFO  main            d.u.i.k.p.r.p.TestFile    Now processing file /home/runner/work/key/key/key.core/../key.ui/examples/heap/permissions/threads/Fib_initPost_accessible.key 
311221     INFO  main            d.u.i.k.p.i.AbstractProblemLoader Loading environment from /home/runner/work/key/key/key.core/../key.ui/examples/heap/permissions/threads/Fib_initPost_accessible.key 
311221     DEBUG main            d.u.i.k.p.i.AbstractProblemLoader Environment load took 79.3ns 
311222     INFO  main            d.u.i.k.p.i.AbstractProblemLoader Creating init config 
315521     DEBUG main            d.u.i.k.p.i.AbstractProblemLoader Init config took 4.3s 
315603     INFO  main            d.u.i.k.p.i.AbstractProblemLoader Replaying proof Fib[ThreadSpec::initPost()].JML accessible clause.0 
315604     DEBUG main            d.u.i.k.p.i.IntermediateProofReplayer Proof replay took 6ns 
315708     INFO  main            d.u.i.k.p.r.p.TestFile    ... finished proof: closed. 
316045     INFO  main            d.u.i.k.p.i.AbstractProblemLoader Loading environment from /home/runner/work/key/key/key.core/../key.ui/examples/heap/permissions/threads/Fib_initPost_accessible.key.proof 
316045     DEBUG main            d.u.i.k.p.i.AbstractProblemLoader Environment load took 96.8ns 
316046     INFO  main            d.u.i.k.p.i.AbstractProblemLoader Creating init config 
320248     DEBUG main            d.u.i.k.p.i.AbstractProblemLoader Init config took 4.2s 
320331     INFO  main            d.u.i.k.p.i.AbstractProblemLoader Replaying proof Fib[ThreadSpec::initPost()].JML accessible clause.0 
320337     DEBUG main            d.u.i.k.p.i.IntermediateProofReplayer Proof replay took 4.34ms 
320338     DEBUG main            d.u.i.k.p.r.p.TestFile    ... success: reloaded. 
320339     INFO  main            d.u.i.k.p.r.p.TestFile    Now processing file /home/runner/work/key/key/key.core/../key.ui/examples/heap/permissions/threads/Fib_inv1_accessible.key 
320339     INFO  main            d.u.i.k.p.i.AbstractProblemLoader Loading environment from /home/runner/work/key/key/key.core/../key.ui/examples/heap/permissions/threads/Fib_inv1_accessible.key 
320339     DEBUG main            d.u.i.k.p.i.AbstractProblemLoader Environment load took 89.6ns 
320340     INFO  main            d.u.i.k.p.i.AbstractProblemLoader Creating init config 
324615     DEBUG main            d.u.i.k.p.i.AbstractProblemLoader Init config took 4.28s 
324700     INFO  main            d.u.i.k.p.i.AbstractProblemLoader Replaying proof Fib[java.lang.Object::<inv>()].JML accessible clause.0 
324702     DEBUG main            d.u.i.k.p.i.IntermediateProofReplayer Proof replay took 6.6ns 
324803     INFO  main            d.u.i.k.p.r.p.TestFile    ... finished proof: closed. 
325145     INFO  main            d.u.i.k.p.i.AbstractProblemLoader Loading environment from /home/runner/work/key/key/key.core/../key.ui/examples/heap/permissions/threads/Fib_inv1_accessible.key.proof 
325145     DEBUG main            d.u.i.k.p.i.AbstractProblemLoader Environment load took 78ns 
325146     INFO  main            d.u.i.k.p.i.AbstractProblemLoader Creating init config 
329349     DEBUG main            d.u.i.k.p.i.AbstractProblemLoader Init config took 4.2s 
329431     INFO  main            d.u.i.k.p.i.AbstractProblemLoader Replaying proof Fib[java.lang.Object::<inv>()].JML accessible clause.0 
329434     DEBUG main            d.u.i.k.p.i.IntermediateProofReplayer Proof replay took 1.48ms 
329435     DEBUG main            d.u.i.k.p.r.p.TestFile    ... success: reloaded. 
329436     INFO  main            d.u.i.k.p.r.p.TestFile    Now processing file /home/runner/work/key/key/key.core/../key.ui/examples/heap/permissions/threads/Fib_inv2_accessible.key 
329436     INFO  main            d.u.i.k.p.i.AbstractProblemLoader Loading environment from /home/runner/work/key/key/key.core/../key.ui/examples/heap/permissions/threads/Fib_inv2_accessible.key 
329436     DEBUG main            d.u.i.k.p.i.AbstractProblemLoader Environment load took 66.5ns 
329437     INFO  main            d.u.i.k.p.i.AbstractProblemLoader Creating init config 
333710     DEBUG main            d.u.i.k.p.i.AbstractProblemLoader Init config took 4.27s 
333792     INFO  main            d.u.i.k.p.i.AbstractProblemLoader Replaying proof Fib[java.lang.Object::<inv>()].JML accessible clause.1 
333793     DEBUG main            d.u.i.k.p.i.IntermediateProofReplayer Proof replay took 5.8ns 
333894     INFO  main            d.u.i.k.p.r.p.TestFile    ... finished proof: closed. 
334242     INFO  main            d.u.i.k.p.i.AbstractProblemLoader Loading environment from /home/runner/work/key/key/key.core/../key.ui/examples/heap/permissions/threads/Fib_inv2_accessible.key.proof 
334242     DEBUG main            d.u.i.k.p.i.AbstractProblemLoader Environment load took 82.4ns 
334243     INFO  main            d.u.i.k.p.i.AbstractProblemLoader Creating init config 
338439     DEBUG main            d.u.i.k.p.i.AbstractProblemLoader Init config took 4.2s 
338521     INFO  main            d.u.i.k.p.i.AbstractProblemLoader Replaying proof Fib[java.lang.Object::<inv>()].JML accessible clause.1 
338524     DEBUG main            d.u.i.k.p.i.IntermediateProofReplayer Proof replay took 1.49ms 
338525     DEBUG main            d.u.i.k.p.r.p.TestFile    ... success: reloaded. 
338525     INFO  main            d.u.i.k.p.r.p.TestFile    Now processing file /home/runner/work/key/key/key.core/../key.ui/examples/heap/permissions/threads/Fib_joinTransfer_accessible.key 
338525     INFO  main            d.u.i.k.p.i.AbstractProblemLoader Loading environment from /home/runner/work/key/key/key.core/../key.ui/examples/heap/permissions/threads/Fib_joinTransfer_accessible.key 
338526     DEBUG main            d.u.i.k.p.i.AbstractProblemLoader Environment load took 87ns 
338526     INFO  main            d.u.i.k.p.i.AbstractProblemLoader Creating init config 
342796     DEBUG main            d.u.i.k.p.i.AbstractProblemLoader Init config took 4.27s 
342880     INFO  main            d.u.i.k.p.i.AbstractProblemLoader Replaying proof Fib[ThreadSpec::joinTransfer()].JML accessible clause.0 
342881     DEBUG main            d.u.i.k.p.i.IntermediateProofReplayer Proof replay took 7.2ns 
343082     INFO  main            d.u.i.k.p.r.p.TestFile    ... finished proof: closed. 
343423     INFO  main            d.u.i.k.p.i.AbstractProblemLoader Loading environment from /home/runner/work/key/key/key.core/../key.ui/examples/heap/permissions/threads/Fib_joinTransfer_accessible.key.proof 
343424     DEBUG main            d.u.i.k.p.i.AbstractProblemLoader Environment load took 84.6ns 
343424     INFO  main            d.u.i.k.p.i.AbstractProblemLoader Creating init config 
347624     DEBUG main            d.u.i.k.p.i.AbstractProblemLoader Init config took 4.2s 
347707     INFO  main            d.u.i.k.p.i.AbstractProblemLoader Replaying proof Fib[ThreadSpec::joinTransfer()].JML accessible clause.0 
347730     DEBUG main            d.u.i.k.p.i.IntermediateProofReplayer Proof replay took 20.71ms 
347731     DEBUG main            d.u.i.k.p.r.p.TestFile    ... success: reloaded. 
347731     INFO  main            d.u.i.k.p.r.p.TestFile    Now processing file /home/runner/work/key/key/key.core/../key.ui/examples/heap/permissions/threads/Fib_joinTransfer_contract.key 
347732     INFO  main            d.u.i.k.p.i.AbstractProblemLoader Loading environment from /home/runner/work/key/key/key.core/../key.ui/examples/heap/permissions/threads/Fib_joinTransfer_contract.key 
347732     DEBUG main            d.u.i.k.p.i.AbstractProblemLoader Environment load took 66.5ns 
347733     INFO  main            d.u.i.k.p.i.AbstractProblemLoader Creating init config 
352001     DEBUG main            d.u.i.k.p.i.AbstractProblemLoader Init config took 4.27s 
352115     INFO  main            d.u.i.k.p.i.AbstractProblemLoader Replaying proof Fib[ThreadSpec::joinTransfer()].JML model_behavior operation contract.0 
352117     DEBUG main            d.u.i.k.p.i.IntermediateProofReplayer Proof replay took 6.9ns 
352218     INFO  main            d.u.i.k.p.r.p.TestFile    ... finished proof: closed. 
352573     INFO  main            d.u.i.k.p.i.AbstractProblemLoader Loading environment from /home/runner/work/key/key/key.core/../key.ui/examples/heap/permissions/threads/Fib_joinTransfer_contract.key.proof 
352573     DEBUG main            d.u.i.k.p.i.AbstractProblemLoader Environment load took 96.6ns 
352574     INFO  main            d.u.i.k.p.i.AbstractProblemLoader Creating init config 
356807     DEBUG main            d.u.i.k.p.i.AbstractProblemLoader Init config took 4.23s 
356910     INFO  main            d.u.i.k.p.i.AbstractProblemLoader Replaying proof Fib[ThreadSpec::joinTransfer()].JML model_behavior operation contract.0 
356918     DEBUG main            d.u.i.k.p.i.IntermediateProofReplayer Proof replay took 6.02ms 
356918     DEBUG main            d.u.i.k.p.r.p.TestFile    ... success: reloaded. 
356919     INFO  main            d.u.i.k.p.r.p.TestFile    Now processing file /home/runner/work/key/key/key.core/../key.ui/examples/heap/permissions/threads/Fib_postJoin_accessible.key 
356919     INFO  main            d.u.i.k.p.i.AbstractProblemLoader Loading environment from /home/runner/work/key/key/key.core/../key.ui/examples/heap/permissions/threads/Fib_postJoin_accessible.key 
356919     DEBUG main            d.u.i.k.p.i.AbstractProblemLoader Environment load took 78ns 
356920     INFO  main            d.u.i.k.p.i.AbstractProblemLoader Creating init config 
361278     DEBUG main            d.u.i.k.p.i.AbstractProblemLoader Init config took 4.36s 
361360     INFO  main            d.u.i.k.p.i.AbstractProblemLoader Replaying proof Fib[ThreadSpec::postJoin(java.lang.Object)].JML accessible clause.0 
361362     DEBUG main            d.u.i.k.p.i.IntermediateProofReplayer Proof replay took 7ns 
361464     INFO  main            d.u.i.k.p.r.p.TestFile    ... finished proof: closed. 
361829     INFO  main            d.u.i.k.p.i.AbstractProblemLoader Loading environment from /home/runner/work/key/key/key.core/../key.ui/examples/heap/permissions/threads/Fib_postJoin_accessible.key.proof 
361829     DEBUG main            d.u.i.k.p.i.AbstractProblemLoader Environment load took 96.1ns 
361830     INFO  main            d.u.i.k.p.i.AbstractProblemLoader Creating init config 
366018     DEBUG main            d.u.i.k.p.i.AbstractProblemLoader Init config took 4.19s 
366111     INFO  main            d.u.i.k.p.i.AbstractProblemLoader Replaying proof Fib[ThreadSpec::postJoin(java.lang.Object)].JML accessible clause.0 
366116     DEBUG main            d.u.i.k.p.i.IntermediateProofReplayer Proof replay took 4.43ms 
366117     DEBUG main            d.u.i.k.p.r.p.TestFile    ... success: reloaded. 
366118     INFO  main            d.u.i.k.p.r.p.TestFile    Now processing file /home/runner/work/key/key/key.core/../key.ui/examples/heap/permissions/threads/Fib_preStart_accessible.key 
366118     INFO  main            d.u.i.k.p.i.AbstractProblemLoader Loading environment from /home/runner/work/key/key/key.core/../key.ui/examples/heap/permissions/threads/Fib_preStart_accessible.key 
366118     DEBUG main            d.u.i.k.p.i.AbstractProblemLoader Environment load took 82.8ns 
366119     INFO  main            d.u.i.k.p.i.AbstractProblemLoader Creating init config 
370380     DEBUG main            d.u.i.k.p.i.AbstractProblemLoader Init config took 4.26s 
370461     INFO  main            d.u.i.k.p.i.AbstractProblemLoader Replaying proof Fib[ThreadSpec::preStart(java.lang.Object)].JML accessible clause.0 
370462     DEBUG main            d.u.i.k.p.i.IntermediateProofReplayer Proof replay took 6.6ns 
370564     INFO  main            d.u.i.k.p.r.p.TestFile    ... finished proof: closed. 
370934     INFO  main            d.u.i.k.p.i.AbstractProblemLoader Loading environment from /home/runner/work/key/key/key.core/../key.ui/examples/heap/permissions/threads/Fib_preStart_accessible.key.proof 
370934     DEBUG main            d.u.i.k.p.i.AbstractProblemLoader Environment load took 80ns 
370935     INFO  main            d.u.i.k.p.i.AbstractProblemLoader Creating init config 
375136     DEBUG main            d.u.i.k.p.i.AbstractProblemLoader Init config took 4.2s 
375218     INFO  main            d.u.i.k.p.i.AbstractProblemLoader Replaying proof Fib[ThreadSpec::preStart(java.lang.Object)].JML accessible clause.0 
375224     DEBUG main            d.u.i.k.p.i.IntermediateProofReplayer Proof replay took 4.41ms 
375225     DEBUG main            d.u.i.k.p.r.p.TestFile    ... success: reloaded. 
375225     INFO  main            d.u.i.k.p.r.p.TestFile    Now processing file /home/runner/work/key/key/key.core/../key.ui/examples/heap/permissions/threads/Fib_startTransfer_accessible.key 
375225     INFO  main            d.u.i.k.p.i.AbstractProblemLoader Loading environment from /home/runner/work/key/key/key.core/../key.ui/examples/heap/permissions/threads/Fib_startTransfer_accessible.key 
375226     DEBUG main            d.u.i.k.p.i.AbstractProblemLoader Environment load took 76.7ns 
375226     INFO  main            d.u.i.k.p.i.AbstractProblemLoader Creating init config 
379488     DEBUG main            d.u.i.k.p.i.AbstractProblemLoader Init config took 4.26s 
379582     INFO  main            d.u.i.k.p.i.AbstractProblemLoader Replaying proof Fib[ThreadSpec::startTransfer()].JML accessible clause.0 
379584     DEBUG main            d.u.i.k.p.i.IntermediateProofReplayer Proof replay took 6.4ns 
379785     INFO  main            d.u.i.k.p.r.p.TestFile    ... finished proof: closed. 
380171     INFO  main            d.u.i.k.p.i.AbstractProblemLoader Loading environment from /home/runner/work/key/key/key.core/../key.ui/examples/heap/permissions/threads/Fib_startTransfer_accessible.key.proof 
380171     DEBUG main            d.u.i.k.p.i.AbstractProblemLoader Environment load took 81.7ns 
380172     INFO  main            d.u.i.k.p.i.AbstractProblemLoader Creating init config 
384381     DEBUG main            d.u.i.k.p.i.AbstractProblemLoader Init config took 4.21s 
384463     INFO  main            d.u.i.k.p.i.AbstractProblemLoader Replaying proof Fib[ThreadSpec::startTransfer()].JML accessible clause.0 
384496     DEBUG main            d.u.i.k.p.i.IntermediateProofReplayer Proof replay took 30.85ms 
384496     DEBUG main            d.u.i.k.p.r.p.TestFile    ... success: reloaded. 
384497     INFO  main            d.u.i.k.p.r.p.TestFile    Now processing file /home/runner/work/key/key/key.core/../key.ui/examples/heap/permissions/threads/Fib_startTransfer_contract.key 
384497     INFO  main            d.u.i.k.p.i.AbstractProblemLoader Loading environment from /home/runner/work/key/key/key.core/../key.ui/examples/heap/permissions/threads/Fib_startTransfer_contract.key 
384497     DEBUG main            d.u.i.k.p.i.AbstractProblemLoader Environment load took 43.6ns 
384498     INFO  main            d.u.i.k.p.i.AbstractProblemLoader Creating init config 
388766     DEBUG main            d.u.i.k.p.i.AbstractProblemLoader Init config took 4.27s 
388849     INFO  main            d.u.i.k.p.i.AbstractProblemLoader Replaying proof Fib[ThreadSpec::startTransfer()].JML model_behavior operation contract.0 
388850     DEBUG main            d.u.i.k.p.i.IntermediateProofReplayer Proof replay took 6.2ns 
388954     INFO  main            d.u.i.k.p.r.p.TestFile    ... finished proof: closed. 
389336     INFO  main            d.u.i.k.p.i.AbstractProblemLoader Loading environment from /home/runner/work/key/key/key.core/../key.ui/examples/heap/permissions/threads/Fib_startTransfer_contract.key.proof 
389336     DEBUG main            d.u.i.k.p.i.AbstractProblemLoader Environment load took 80.4ns 
389337     INFO  main            d.u.i.k.p.i.AbstractProblemLoader Creating init config 
393535     DEBUG main            d.u.i.k.p.i.AbstractProblemLoader Init config took 4.2s 
393618     INFO  main            d.u.i.k.p.i.AbstractProblemLoader Replaying proof Fib[ThreadSpec::startTransfer()].JML model_behavior operation contract.0 
393625     DEBUG main            d.u.i.k.p.i.IntermediateProofReplayer Proof replay took 6.02ms 
393626     DEBUG main            d.u.i.k.p.r.p.TestFile    ... success: reloaded. 
393627     INFO  main            d.u.i.k.p.r.p.TestFile    Now processing file /home/runner/work/key/key/key.core/../key.ui/examples/heap/permissions/threads/Fib_workingPermissions_accessible.key 
393627     INFO  main            d.u.i.k.p.i.AbstractProblemLoader Loading environment from /home/runner/work/key/key/key.core/../key.ui/examples/heap/permissions/threads/Fib_workingPermissions_accessible.key 
393627     DEBUG main            d.u.i.k.p.i.AbstractProblemLoader Environment load took 66.2ns 
393628     INFO  main            d.u.i.k.p.i.AbstractProblemLoader Creating init config 
397907     DEBUG main            d.u.i.k.p.i.AbstractProblemLoader Init config took 4.28s 
397988     INFO  main            d.u.i.k.p.i.AbstractProblemLoader Replaying proof Fib[ThreadSpec::workingPermissions()].JML accessible clause.0 
397990     DEBUG main            d.u.i.k.p.i.IntermediateProofReplayer Proof replay took 6.5ns 
398091     INFO  main            d.u.i.k.p.r.p.TestFile    ... finished proof: closed. 
398481     INFO  main            d.u.i.k.p.i.AbstractProblemLoader Loading environment from /home/runner/work/key/key/key.core/../key.ui/examples/heap/permissions/threads/Fib_workingPermissions_accessible.key.proof 
398481     DEBUG main            d.u.i.k.p.i.AbstractProblemLoader Environment load took 97.3ns 
398482     INFO  main            d.u.i.k.p.i.AbstractProblemLoader Creating init config 
402695     DEBUG main            d.u.i.k.p.i.AbstractProblemLoader Init config took 4.21s 
402776     INFO  main            d.u.i.k.p.i.AbstractProblemLoader Replaying proof Fib[ThreadSpec::workingPermissions()].JML accessible clause.0 
402779     DEBUG main            d.u.i.k.p.i.IntermediateProofReplayer Proof replay took 1.79ms 
402780     DEBUG main            d.u.i.k.p.r.p.TestFile    ... success: reloaded. 
402780     INFO  main            d.u.i.k.p.r.p.TestFile    Now processing file /home/runner/work/key/key/key.core/../key.ui/examples/heap/permissions/threads/Plotter_initPost_accessible.key 
402781     INFO  main            d.u.i.k.p.i.AbstractProblemLoader Loading environment from /home/runner/work/key/key/key.core/../key.ui/examples/heap/permissions/threads/Plotter_initPost_accessible.key 
402781     DEBUG main            d.u.i.k.p.i.AbstractProblemLoader Environment load took 61.7ns 
402781     INFO  main            d.u.i.k.p.i.AbstractProblemLoader Creating init config 
407074     DEBUG main            d.u.i.k.p.i.AbstractProblemLoader Init config took 4.29s 
407156     INFO  main            d.u.i.k.p.i.AbstractProblemLoader Replaying proof Plotter[ThreadSpec2::initPost()].JML accessible clause.0 
407157     DEBUG main            d.u.i.k.p.i.IntermediateProofReplayer Proof replay took 6.7ns 
407260     INFO  main            d.u.i.k.p.r.p.TestFile    ... finished proof: closed. 
407672     INFO  main            d.u.i.k.p.i.AbstractProblemLoader Loading environment from /home/runner/work/key/key/key.core/../key.ui/examples/heap/permissions/threads/Plotter_initPost_accessible.key.proof 
407672     DEBUG main            d.u.i.k.p.i.AbstractProblemLoader Environment load took 78.7ns 
407673     INFO  main            d.u.i.k.p.i.AbstractProblemLoader Creating init config 
411886     DEBUG main            d.u.i.k.p.i.AbstractProblemLoader Init config took 4.21s 
411979     INFO  main            d.u.i.k.p.i.AbstractProblemLoader Replaying proof Plotter[ThreadSpec2::initPost()].JML accessible clause.0 
411992     DEBUG main            d.u.i.k.p.i.IntermediateProofReplayer Proof replay took 11.55ms 
411993     DEBUG main            d.u.i.k.p.r.p.TestFile    ... success: reloaded. 
411993     INFO  main            d.u.i.k.p.r.p.TestFile    Now processing file /home/runner/work/key/key/key.core/../key.ui/examples/heap/permissions/threads/Plotter_inv_accessible1.key 
411994     INFO  main            d.u.i.k.p.i.AbstractProblemLoader Loading environment from /home/runner/work/key/key/key.core/../key.ui/examples/heap/permissions/threads/Plotter_inv_accessible1.key 
411994     DEBUG main            d.u.i.k.p.i.AbstractProblemLoader Environment load took 42.1ns 
411994     INFO  main            d.u.i.k.p.i.AbstractProblemLoader Creating init config 
416280     DEBUG main            d.u.i.k.p.i.AbstractProblemLoader Init config took 4.29s 
416362     INFO  main            d.u.i.k.p.i.AbstractProblemLoader Replaying proof Plotter[java.lang.Object::<inv>()].JML accessible clause.0 
416363     DEBUG main            d.u.i.k.p.i.IntermediateProofReplayer Proof replay took 6.5ns 
416465     INFO  main            d.u.i.k.p.r.p.TestFile    ... finished proof: closed. 
416869     INFO  main            d.u.i.k.p.i.AbstractProblemLoader Loading environment from /home/runner/work/key/key/key.core/../key.ui/examples/heap/permissions/threads/Plotter_inv_accessible1.key.proof 
416869     DEBUG main            d.u.i.k.p.i.AbstractProblemLoader Environment load took 96.8ns 
416870     INFO  main            d.u.i.k.p.i.AbstractProblemLoader Creating init config 
421065     DEBUG main            d.u.i.k.p.i.AbstractProblemLoader Init config took 4.2s 
421156     INFO  main            d.u.i.k.p.i.AbstractProblemLoader Replaying proof Plotter[java.lang.Object::<inv>()].JML accessible clause.0 
421158     DEBUG main            d.u.i.k.p.i.IntermediateProofReplayer Proof replay took 1.49ms 
421159     DEBUG main            d.u.i.k.p.r.p.TestFile    ... success: reloaded. 
421160     INFO  main            d.u.i.k.p.r.p.TestFile    Now processing file /home/runner/work/key/key/key.core/../key.ui/examples/heap/permissions/threads/Plotter_inv_accessible2.key 
421160     INFO  main            d.u.i.k.p.i.AbstractProblemLoader Loading environment from /home/runner/work/key/key/key.core/../key.ui/examples/heap/permissions/threads/Plotter_inv_accessible2.key 
421160     DEBUG main            d.u.i.k.p.i.AbstractProblemLoader Environment load took 40.1ns 
421161     INFO  main            d.u.i.k.p.i.AbstractProblemLoader Creating init config 
425422     DEBUG main            d.u.i.k.p.i.AbstractProblemLoader Init config took 4.26s 
425517     INFO  main            d.u.i.k.p.i.AbstractProblemLoader Replaying proof Plotter[java.lang.Object::<inv>()].JML accessible clause.1 
425518     DEBUG main            d.u.i.k.p.i.IntermediateProofReplayer Proof replay took 6.6ns 
425619     INFO  main            d.u.i.k.p.r.p.TestFile    ... finished proof: closed. 
426023     INFO  main            d.u.i.k.p.i.AbstractProblemLoader Loading environment from /home/runner/work/key/key/key.core/../key.ui/examples/heap/permissions/threads/Plotter_inv_accessible2.key.proof 
426023     DEBUG main            d.u.i.k.p.i.AbstractProblemLoader Environment load took 73.2ns 
426023     INFO  main            d.u.i.k.p.i.AbstractProblemLoader Creating init config 
430228     DEBUG main            d.u.i.k.p.i.AbstractProblemLoader Init config took 4.2s 
430309     INFO  main            d.u.i.k.p.i.AbstractProblemLoader Replaying proof Plotter[java.lang.Object::<inv>()].JML accessible clause.1 
430312     DEBUG main            d.u.i.k.p.i.IntermediateProofReplayer Proof replay took 1.44ms 
430313     DEBUG main            d.u.i.k.p.r.p.TestFile    ... success: reloaded. 
430313     INFO  main            d.u.i.k.p.r.p.TestFile    Now processing file /home/runner/work/key/key/key.core/../key.ui/examples/heap/permissions/threads/Plotter_joinTransfer_contract.key 
430314     INFO  main            d.u.i.k.p.i.AbstractProblemLoader Loading environment from /home/runner/work/key/key/key.core/../key.ui/examples/heap/permissions/threads/Plotter_joinTransfer_contract.key 
430314     DEBUG main            d.u.i.k.p.i.AbstractProblemLoader Environment load took 42ns 
430314     INFO  main            d.u.i.k.p.i.AbstractProblemLoader Creating init config 
434589     DEBUG main            d.u.i.k.p.i.AbstractProblemLoader Init config took 4.28s 
434672     INFO  main            d.u.i.k.p.i.AbstractProblemLoader Replaying proof Plotter[ThreadSpec2::joinTransfer()].JML model_behavior operation contract.0 
434674     DEBUG main            d.u.i.k.p.i.IntermediateProofReplayer Proof replay took 6.5ns 
434775     INFO  main            d.u.i.k.p.r.p.TestFile    ... finished proof: closed. 
435190     INFO  main            d.u.i.k.p.i.AbstractProblemLoader Loading environment from /home/runner/work/key/key/key.core/../key.ui/examples/heap/permissions/threads/Plotter_joinTransfer_contract.key.proof 
435190     DEBUG main            d.u.i.k.p.i.AbstractProblemLoader Environment load took 72.2ns 
435191     INFO  main            d.u.i.k.p.i.AbstractProblemLoader Creating init config 
439393     DEBUG main            d.u.i.k.p.i.AbstractProblemLoader Init config took 4.2s 
439474     INFO  main            d.u.i.k.p.i.AbstractProblemLoader Replaying proof Plotter[ThreadSpec2::joinTransfer()].JML model_behavior operation contract.0 
439483     DEBUG main            d.u.i.k.p.i.IntermediateProofReplayer Proof replay took 6.92ms 
439483     DEBUG main            d.u.i.k.p.r.p.TestFile    ... success: reloaded. 
439484     INFO  main            d.u.i.k.p.r.p.TestFile    Now processing file /home/runner/work/key/key/key.core/../key.ui/examples/heap/permissions/threads/Plotter_Plotter.key 
439484     INFO  main            d.u.i.k.p.i.AbstractProblemLoader Loading environment from /home/runner/work/key/key/key.core/../key.ui/examples/heap/permissions/threads/Plotter_Plotter.key 
439484     DEBUG main            d.u.i.k.p.i.AbstractProblemLoader Environment load took 41.4ns 
439485     INFO  main            d.u.i.k.p.i.AbstractProblemLoader Creating init config 
443775     DEBUG main            d.u.i.k.p.i.AbstractProblemLoader Init config took 4.29s 
443868     INFO  main            d.u.i.k.p.i.AbstractProblemLoader Replaying proof Plotter[Plotter::Plotter(AFilter,BFilter,Buffer)].JML normal_behavior operation contract.0 
443870     DEBUG main            d.u.i.k.p.i.IntermediateProofReplayer Proof replay took 7.3ns 
445675     INFO  main            d.u.i.k.p.r.p.TestFile    ... finished proof: closed. 
446104     INFO  main            d.u.i.k.p.i.AbstractProblemLoader Loading environment from /home/runner/work/key/key/key.core/../key.ui/examples/heap/permissions/threads/Plotter_Plotter.key.proof 
446104     DEBUG main            d.u.i.k.p.i.AbstractProblemLoader Environment load took 76.3ns 
446105     INFO  main            d.u.i.k.p.i.AbstractProblemLoader Creating init config 
450308     DEBUG main            d.u.i.k.p.i.AbstractProblemLoader Init config took 4.2s 
450401     INFO  main            d.u.i.k.p.i.AbstractProblemLoader Replaying proof Plotter[Plotter::Plotter(AFilter,BFilter,Buffer)].JML normal_behavior operation contract.0 
450628     DEBUG main            d.u.i.k.p.i.IntermediateProofReplayer Proof replay took 222.33ms 
450629     DEBUG main            d.u.i.k.p.r.p.TestFile    ... success: reloaded. 
450629     INFO  main            d.u.i.k.p.r.p.TestFile    Now processing file /home/runner/work/key/key/key.core/../key.ui/examples/heap/permissions/threads/Plotter_postJoin_accessible.key 
450630     INFO  main            d.u.i.k.p.i.AbstractProblemLoader Loading environment from /home/runner/work/key/key/key.core/../key.ui/examples/heap/permissions/threads/Plotter_postJoin_accessible.key 
450630     DEBUG main            d.u.i.k.p.i.AbstractProblemLoader Environment load took 69.6ns 
450630     INFO  main            d.u.i.k.p.i.AbstractProblemLoader Creating init config 
455047     DEBUG main            d.u.i.k.p.i.AbstractProblemLoader Init config took 4.42s 
455129     INFO  main            d.u.i.k.p.i.AbstractProblemLoader Replaying proof Plotter[ThreadSpec2::postJoin(java.lang.Object)].JML accessible clause.0 
455130     DEBUG main            d.u.i.k.p.i.IntermediateProofReplayer Proof replay took 6.9ns 
455231     INFO  main            d.u.i.k.p.r.p.TestFile    ... finished proof: closed. 
455680     INFO  main            d.u.i.k.p.i.AbstractProblemLoader Loading environment from /home/runner/work/key/key/key.core/../key.ui/examples/heap/permissions/threads/Plotter_postJoin_accessible.key.proof 
455680     DEBUG main            d.u.i.k.p.i.AbstractProblemLoader Environment load took 72.2ns 
455681     INFO  main            d.u.i.k.p.i.AbstractProblemLoader Creating init config 
459954     DEBUG main            d.u.i.k.p.i.AbstractProblemLoader Init config took 4.27s 
460038     INFO  main            d.u.i.k.p.i.AbstractProblemLoader Replaying proof Plotter[ThreadSpec2::postJoin(java.lang.Object)].JML accessible clause.0 
460050     DEBUG main            d.u.i.k.p.i.IntermediateProofReplayer Proof replay took 10.42ms 
460051     DEBUG main            d.u.i.k.p.r.p.TestFile    ... success: reloaded. 
460051     INFO  main            d.u.i.k.p.r.p.TestFile    Now processing file /home/runner/work/key/key/key.core/../key.ui/examples/heap/permissions/threads/Plotter_preStart_accessible.key 
460052     INFO  main            d.u.i.k.p.i.AbstractProblemLoader Loading environment from /home/runner/work/key/key/key.core/../key.ui/examples/heap/permissions/threads/Plotter_preStart_accessible.key 
460052     DEBUG main            d.u.i.k.p.i.AbstractProblemLoader Environment load took 128.1ns 
460053     INFO  main            d.u.i.k.p.i.AbstractProblemLoader Creating init config 
464464     DEBUG main            d.u.i.k.p.i.AbstractProblemLoader Init config took 4.41s 
464558     INFO  main            d.u.i.k.p.i.AbstractProblemLoader Replaying proof Plotter[ThreadSpec2::preStart(java.lang.Object)].JML accessible clause.0 
464559     DEBUG main            d.u.i.k.p.i.IntermediateProofReplayer Proof replay took 6.8ns 
465562     INFO  main            d.u.i.k.p.r.p.TestFile    ... finished proof: closed. 
465993     INFO  main            d.u.i.k.p.i.AbstractProblemLoader Loading environment from /home/runner/work/key/key/key.core/../key.ui/examples/heap/permissions/threads/Plotter_preStart_accessible.key.proof 
465993     DEBUG main            d.u.i.k.p.i.AbstractProblemLoader Environment load took 80.7ns 
465994     INFO  main            d.u.i.k.p.i.AbstractProblemLoader Creating init config 
470375     DEBUG main            d.u.i.k.p.i.AbstractProblemLoader Init config took 4.38s 
470468     INFO  main            d.u.i.k.p.i.AbstractProblemLoader Replaying proof Plotter[ThreadSpec2::preStart(java.lang.Object)].JML accessible clause.0 
470543     DEBUG main            d.u.i.k.p.i.IntermediateProofReplayer Proof replay took 72.18ms 
470544     DEBUG main            d.u.i.k.p.r.p.TestFile    ... success: reloaded. 
470544     INFO  main            d.u.i.k.p.r.p.TestFile    Now processing file /home/runner/work/key/key/key.core/../key.ui/examples/heap/permissions/threads/Plotter_stateInv_accessible.key 
470544     INFO  main            d.u.i.k.p.i.AbstractProblemLoader Loading environment from /home/runner/work/key/key/key.core/../key.ui/examples/heap/permissions/threads/Plotter_stateInv_accessible.key 
470545     DEBUG main            d.u.i.k.p.i.AbstractProblemLoader Environment load took 62.8ns 
470545     INFO  main            d.u.i.k.p.i.AbstractProblemLoader Creating init config 
475020     DEBUG main            d.u.i.k.p.i.AbstractProblemLoader Init config took 4.47s 
475103     INFO  main            d.u.i.k.p.i.AbstractProblemLoader Replaying proof Plotter[ThreadSpec2::stateInv()].JML accessible clause.0 
475104     DEBUG main            d.u.i.k.p.i.IntermediateProofReplayer Proof replay took 6.9ns 
482559     INFO  main            d.u.i.k.p.r.p.TestFile    ... finished proof: closed. 
483022     INFO  main            d.u.i.k.p.i.AbstractProblemLoader Loading environment from /home/runner/work/key/key/key.core/../key.ui/examples/heap/permissions/threads/Plotter_stateInv_accessible.key.proof 
483022     DEBUG main            d.u.i.k.p.i.AbstractProblemLoader Environment load took 260.7ns 
483024     INFO  main            d.u.i.k.p.i.AbstractProblemLoader Creating init config 
487310     DEBUG main            d.u.i.k.p.i.AbstractProblemLoader Init config took 4.29s 
487391     INFO  main            d.u.i.k.p.i.AbstractProblemLoader Replaying proof Plotter[ThreadSpec2::stateInv()].JML accessible clause.0 
487986     DEBUG main            d.u.i.k.p.i.IntermediateProofReplayer Proof replay took 583.49ms 
487987     DEBUG main            d.u.i.k.p.r.p.TestFile    ... success: reloaded. 
487988     INFO  main            d.u.i.k.p.r.p.TestFile    Now processing file /home/runner/work/key/key/key.core/../key.ui/examples/heap/permissions/threads/Plotter_staticPermissions_accessible.key 
487988     INFO  main            d.u.i.k.p.i.AbstractProblemLoader Loading environment from /home/runner/work/key/key/key.core/../key.ui/examples/heap/permissions/threads/Plotter_staticPermissions_accessible.key 
487988     DEBUG main            d.u.i.k.p.i.AbstractProblemLoader Environment load took 58.7ns 
487989     INFO  main            d.u.i.k.p.i.AbstractProblemLoader Creating init config 
492317     DEBUG main            d.u.i.k.p.i.AbstractProblemLoader Init config took 4.33s 
492400     INFO  main            d.u.i.k.p.i.AbstractProblemLoader Replaying proof Plotter[ThreadSpec2::staticPermissions()].JML accessible clause.0 
492401     DEBUG main            d.u.i.k.p.i.IntermediateProofReplayer Proof replay took 37ns 
493107     INFO  main            d.u.i.k.p.r.p.TestFile    ... finished proof: closed. 
493605     INFO  main            d.u.i.k.p.i.AbstractProblemLoader Loading environment from /home/runner/work/key/key/key.core/../key.ui/examples/heap/permissions/threads/Plotter_staticPermissions_accessible.key.proof 
493605     DEBUG main            d.u.i.k.p.i.AbstractProblemLoader Environment load took 70.3ns 
493605     INFO  main            d.u.i.k.p.i.AbstractProblemLoader Creating init config 
497800     DEBUG main            d.u.i.k.p.i.AbstractProblemLoader Init config took 4.19s 
497881     INFO  main            d.u.i.k.p.i.AbstractProblemLoader Replaying proof Plotter[ThreadSpec2::staticPermissions()].JML accessible clause.0 
497939     DEBUG main            d.u.i.k.p.i.IntermediateProofReplayer Proof replay took 53.44ms 
497940     DEBUG main            d.u.i.k.p.r.p.TestFile    ... success: reloaded. 
497941     INFO  main            d.u.i.k.p.r.p.TestFile    Now processing file /home/runner/work/key/key/key.core/../key.ui/examples/heap/permissions/threads/Plotter_workingPermissions_accessible.key 
497941     INFO  main            d.u.i.k.p.i.AbstractProblemLoader Loading environment from /home/runner/work/key/key/key.core/../key.ui/examples/heap/permissions/threads/Plotter_workingPermissions_accessible.key 
497941     DEBUG main            d.u.i.k.p.i.AbstractProblemLoader Environment load took 59.1ns 
497942     INFO  main            d.u.i.k.p.i.AbstractProblemLoader Creating init config 
502222     DEBUG main            d.u.i.k.p.i.AbstractProblemLoader Init config took 4.28s 
502303     INFO  main            d.u.i.k.p.i.AbstractProblemLoader Replaying proof Plotter[ThreadSpec2::workingPermissions()].JML accessible clause.0 
502304     DEBUG main            d.u.i.k.p.i.IntermediateProofReplayer Proof replay took 2.7ns 
502505     INFO  main            d.u.i.k.p.r.p.TestFile    ... finished proof: closed. 
502962     INFO  main            d.u.i.k.p.i.AbstractProblemLoader Loading environment from /home/runner/work/key/key/key.core/../key.ui/examples/heap/permissions/threads/Plotter_workingPermissions_accessible.key.proof 
502962     DEBUG main            d.u.i.k.p.i.AbstractProblemLoader Environment load took 72ns 
502963     INFO  main            d.u.i.k.p.i.AbstractProblemLoader Creating init config 
507179     DEBUG main            d.u.i.k.p.i.AbstractProblemLoader Init config took 4.22s 
507262     INFO  main            d.u.i.k.p.i.AbstractProblemLoader Replaying proof Plotter[ThreadSpec2::workingPermissions()].JML accessible clause.0 
507277     DEBUG main            d.u.i.k.p.i.IntermediateProofReplayer Proof replay took 13.48ms 
507278     DEBUG main            d.u.i.k.p.r.p.TestFile    ... success: reloaded. 
507278     INFO  main            d.u.i.k.p.r.p.TestFile    Now processing file /home/runner/work/key/key/key.core/../key.ui/examples/heap/permissions/threads/Sampler_initPost_accessible.key 
507278     INFO  main            d.u.i.k.p.i.AbstractProblemLoader Loading environment from /home/runner/work/key/key/key.core/../key.ui/examples/heap/permissions/threads/Sampler_initPost_accessible.key 
507279     DEBUG main            d.u.i.k.p.i.AbstractProblemLoader Environment load took 38.7ns 
507279     INFO  main            d.u.i.k.p.i.AbstractProblemLoader Creating init config 
511574     DEBUG main            d.u.i.k.p.i.AbstractProblemLoader Init config took 4.29s 
511656     INFO  main            d.u.i.k.p.i.AbstractProblemLoader Replaying proof Sampler[ThreadSpec2::initPost()].JML accessible clause.0 
511657     DEBUG main            d.u.i.k.p.i.IntermediateProofReplayer Proof replay took 2.6ns 
511758     INFO  main            d.u.i.k.p.r.p.TestFile    ... finished proof: closed. 
512220     INFO  main            d.u.i.k.p.i.AbstractProblemLoader Loading environment from /home/runner/work/key/key/key.core/../key.ui/examples/heap/permissions/threads/Sampler_initPost_accessible.key.proof 
512220     DEBUG main            d.u.i.k.p.i.AbstractProblemLoader Environment load took 64.8ns 
512221     INFO  main            d.u.i.k.p.i.AbstractProblemLoader Creating init config 
516448     DEBUG main            d.u.i.k.p.i.AbstractProblemLoader Init config took 4.23s 
516532     INFO  main            d.u.i.k.p.i.AbstractProblemLoader Replaying proof Sampler[ThreadSpec2::initPost()].JML accessible clause.0 
516538     DEBUG main            d.u.i.k.p.i.IntermediateProofReplayer Proof replay took 4.75ms 
516539     DEBUG main            d.u.i.k.p.r.p.TestFile    ... success: reloaded. 
516540     INFO  main            d.u.i.k.p.r.p.TestFile    Now processing file /home/runner/work/key/key/key.core/../key.ui/examples/heap/permissions/threads/Sampler_inv_accessible1.key 
516540     INFO  main            d.u.i.k.p.i.AbstractProblemLoader Loading environment from /home/runner/work/key/key/key.core/../key.ui/examples/heap/permissions/threads/Sampler_inv_accessible1.key 
516541     DEBUG main            d.u.i.k.p.i.AbstractProblemLoader Environment load took 131.6ns 
516541     INFO  main            d.u.i.k.p.i.AbstractProblemLoader Creating init config 
520909     DEBUG main            d.u.i.k.p.i.AbstractProblemLoader Init config took 4.37s 
521001     INFO  main            d.u.i.k.p.i.AbstractProblemLoader Replaying proof Sampler[java.lang.Object::<inv>()].JML accessible clause.0 
521002     DEBUG main            d.u.i.k.p.i.IntermediateProofReplayer Proof replay took 2.9ns 
521103     INFO  main            d.u.i.k.p.r.p.TestFile    ... finished proof: closed. 
521551     INFO  main            d.u.i.k.p.i.AbstractProblemLoader Loading environment from /home/runner/work/key/key/key.core/../key.ui/examples/heap/permissions/threads/Sampler_inv_accessible1.key.proof 
521551     DEBUG main            d.u.i.k.p.i.AbstractProblemLoader Environment load took 64.3ns 
521551     INFO  main            d.u.i.k.p.i.AbstractProblemLoader Creating init config 
525760     DEBUG main            d.u.i.k.p.i.AbstractProblemLoader Init config took 4.21s 
525842     INFO  main            d.u.i.k.p.i.AbstractProblemLoader Replaying proof Sampler[java.lang.Object::<inv>()].JML accessible clause.0 
525844     DEBUG main            d.u.i.k.p.i.IntermediateProofReplayer Proof replay took 1.43ms 
525845     DEBUG main            d.u.i.k.p.r.p.TestFile    ... success: reloaded. 
525846     INFO  main            d.u.i.k.p.r.p.TestFile    Now processing file /home/runner/work/key/key/key.core/../key.ui/examples/heap/permissions/threads/Sampler_inv_accessible2.key 
525846     INFO  main            d.u.i.k.p.i.AbstractProblemLoader Loading environment from /home/runner/work/key/key/key.core/../key.ui/examples/heap/permissions/threads/Sampler_inv_accessible2.key 
525846     DEBUG main            d.u.i.k.p.i.AbstractProblemLoader Environment load took 39.6ns 
525847     INFO  main            d.u.i.k.p.i.AbstractProblemLoader Creating init config 
530119     DEBUG main            d.u.i.k.p.i.AbstractProblemLoader Init config took 4.27s 
530199     INFO  main            d.u.i.k.p.i.AbstractProblemLoader Replaying proof Sampler[java.lang.Object::<inv>()].JML accessible clause.1 
530201     DEBUG main            d.u.i.k.p.i.IntermediateProofReplayer Proof replay took 2.6ns 
530302     INFO  main            d.u.i.k.p.r.p.TestFile    ... finished proof: closed. 
530771     INFO  main            d.u.i.k.p.i.AbstractProblemLoader Loading environment from /home/runner/work/key/key/key.core/../key.ui/examples/heap/permissions/threads/Sampler_inv_accessible2.key.proof 
530771     DEBUG main            d.u.i.k.p.i.AbstractProblemLoader Environment load took 63.3ns 
530772     INFO  main            d.u.i.k.p.i.AbstractProblemLoader Creating init config 
535143     DEBUG main            d.u.i.k.p.i.AbstractProblemLoader Init config took 4.37s 
535225     INFO  main            d.u.i.k.p.i.AbstractProblemLoader Replaying proof Sampler[java.lang.Object::<inv>()].JML accessible clause.1 
535228     DEBUG main            d.u.i.k.p.i.IntermediateProofReplayer Proof replay took 1.49ms 
535228     DEBUG main            d.u.i.k.p.r.p.TestFile    ... success: reloaded. 
535229     INFO  main            d.u.i.k.p.r.p.TestFile    Now processing file /home/runner/work/key/key/key.core/../key.ui/examples/heap/permissions/threads/Sampler_joinTransfer_accessible.key 
535229     INFO  main            d.u.i.k.p.i.AbstractProblemLoader Loading environment from /home/runner/work/key/key/key.core/../key.ui/examples/heap/permissions/threads/Sampler_joinTransfer_accessible.key 
535229     DEBUG main            d.u.i.k.p.i.AbstractProblemLoader Environment load took 55.2ns 
535230     INFO  main            d.u.i.k.p.i.AbstractProblemLoader Creating init config 
539680     DEBUG main            d.u.i.k.p.i.AbstractProblemLoader Init config took 4.45s 
539772     INFO  main            d.u.i.k.p.i.AbstractProblemLoader Replaying proof Sampler[ThreadSpec2::joinTransfer()].JML accessible clause.0 
539773     DEBUG main            d.u.i.k.p.i.IntermediateProofReplayer Proof replay took 2.5ns 
542882     INFO  main            d.u.i.k.p.r.p.TestFile    ... finished proof: closed. 
543351     INFO  main            d.u.i.k.p.i.AbstractProblemLoader Loading environment from /home/runner/work/key/key/key.core/../key.ui/examples/heap/permissions/threads/Sampler_joinTransfer_accessible.key.proof 
543351     DEBUG main            d.u.i.k.p.i.AbstractProblemLoader Environment load took 72.8ns 
543352     INFO  main            d.u.i.k.p.i.AbstractProblemLoader Creating init config 
547681     DEBUG main            d.u.i.k.p.i.AbstractProblemLoader Init config took 4.33s 
547761     INFO  main            d.u.i.k.p.i.AbstractProblemLoader Replaying proof Sampler[ThreadSpec2::joinTransfer()].JML accessible clause.0 
548272     DEBUG main            d.u.i.k.p.i.IntermediateProofReplayer Proof replay took 502.05ms 
548274     DEBUG main            d.u.i.k.p.r.p.TestFile    ... success: reloaded. 
548275     INFO  main            d.u.i.k.p.r.p.TestFile    Now processing file /home/runner/work/key/key/key.core/../key.ui/examples/heap/permissions/threads/Sampler_joinTransfer_contract.key 
548275     INFO  main            d.u.i.k.p.i.AbstractProblemLoader Loading environment from /home/runner/work/key/key/key.core/../key.ui/examples/heap/permissions/threads/Sampler_joinTransfer_contract.key 
548275     DEBUG main            d.u.i.k.p.i.AbstractProblemLoader Environment load took 58.2ns 
548276     INFO  main            d.u.i.k.p.i.AbstractProblemLoader Creating init config 
552507     DEBUG main            d.u.i.k.p.i.AbstractProblemLoader Init config took 4.23s 
552588     INFO  main            d.u.i.k.p.i.AbstractProblemLoader Replaying proof Sampler[ThreadSpec2::joinTransfer()].JML model_behavior operation contract.0 
552589     DEBUG main            d.u.i.k.p.i.IntermediateProofReplayer Proof replay took 2.1ns 
552690     INFO  main            d.u.i.k.p.r.p.TestFile    ... finished proof: closed. 
553171     INFO  main            d.u.i.k.p.i.AbstractProblemLoader Loading environment from /home/runner/work/key/key/key.core/../key.ui/examples/heap/permissions/threads/Sampler_joinTransfer_contract.key.proof 
553171     DEBUG main            d.u.i.k.p.i.AbstractProblemLoader Environment load took 63ns 
553172     INFO  main            d.u.i.k.p.i.AbstractProblemLoader Creating init config 
557329     DEBUG main            d.u.i.k.p.i.AbstractProblemLoader Init config took 4.16s 
557410     INFO  main            d.u.i.k.p.i.AbstractProblemLoader Replaying proof Sampler[ThreadSpec2::joinTransfer()].JML model_behavior operation contract.0 
557417     DEBUG main            d.u.i.k.p.i.IntermediateProofReplayer Proof replay took 6.03ms 
557417     DEBUG main            d.u.i.k.p.r.p.TestFile    ... success: reloaded. 
557418     INFO  main            d.u.i.k.p.r.p.TestFile    Now processing file /home/runner/work/key/key/key.core/../key.ui/examples/heap/permissions/threads/Sampler_postJoin_accessible.key 
557418     INFO  main            d.u.i.k.p.i.AbstractProblemLoader Loading environment from /home/runner/work/key/key/key.core/../key.ui/examples/heap/permissions/threads/Sampler_postJoin_accessible.key 
557418     DEBUG main            d.u.i.k.p.i.AbstractProblemLoader Environment load took 49.4ns 
557419     INFO  main            d.u.i.k.p.i.AbstractProblemLoader Creating init config 
561657     DEBUG main            d.u.i.k.p.i.AbstractProblemLoader Init config took 4.24s 
561738     INFO  main            d.u.i.k.p.i.AbstractProblemLoader Replaying proof Sampler[ThreadSpec2::postJoin(java.lang.Object)].JML accessible clause.0 
561739     DEBUG main            d.u.i.k.p.i.IntermediateProofReplayer Proof replay took 2.4ns 
561840     INFO  main            d.u.i.k.p.r.p.TestFile    ... finished proof: closed. 
562323     INFO  main            d.u.i.k.p.i.AbstractProblemLoader Loading environment from /home/runner/work/key/key/key.core/../key.ui/examples/heap/permissions/threads/Sampler_postJoin_accessible.key.proof 
562323     DEBUG main            d.u.i.k.p.i.AbstractProblemLoader Environment load took 63.7ns 
562324     INFO  main            d.u.i.k.p.i.AbstractProblemLoader Creating init config 
566484     DEBUG main            d.u.i.k.p.i.AbstractProblemLoader Init config took 4.16s 
566564     INFO  main            d.u.i.k.p.i.AbstractProblemLoader Replaying proof Sampler[ThreadSpec2::postJoin(java.lang.Object)].JML accessible clause.0 
566572     DEBUG main            d.u.i.k.p.i.IntermediateProofReplayer Proof replay took 7.15ms 
566573     DEBUG main            d.u.i.k.p.r.p.TestFile    ... success: reloaded. 
566574     INFO  main            d.u.i.k.p.r.p.TestFile    Now processing file /home/runner/work/key/key/key.core/../key.ui/examples/heap/permissions/threads/Sampler_preStart_accessible.key 
566574     INFO  main            d.u.i.k.p.i.AbstractProblemLoader Loading environment from /home/runner/work/key/key/key.core/../key.ui/examples/heap/permissions/threads/Sampler_preStart_accessible.key 
566574     DEBUG main            d.u.i.k.p.i.AbstractProblemLoader Environment load took 59.2ns 
566574     INFO  main            d.u.i.k.p.i.AbstractProblemLoader Creating init config 
570804     DEBUG main            d.u.i.k.p.i.AbstractProblemLoader Init config took 4.23s 
570885     INFO  main            d.u.i.k.p.i.AbstractProblemLoader Replaying proof Sampler[ThreadSpec2::preStart(java.lang.Object)].JML accessible clause.0 
570886     DEBUG main            d.u.i.k.p.i.IntermediateProofReplayer Proof replay took 2.2ns 
570987     INFO  main            d.u.i.k.p.r.p.TestFile    ... finished proof: closed. 
571476     INFO  main            d.u.i.k.p.i.AbstractProblemLoader Loading environment from /home/runner/work/key/key/key.core/../key.ui/examples/heap/permissions/threads/Sampler_preStart_accessible.key.proof 
571477     DEBUG main            d.u.i.k.p.i.AbstractProblemLoader Environment load took 61.6ns 
571478     INFO  main            d.u.i.k.p.i.AbstractProblemLoader Creating init config 
575636     DEBUG main            d.u.i.k.p.i.AbstractProblemLoader Init config took 4.16s 
575716     INFO  main            d.u.i.k.p.i.AbstractProblemLoader Replaying proof Sampler[ThreadSpec2::preStart(java.lang.Object)].JML accessible clause.0 
575724     DEBUG main            d.u.i.k.p.i.IntermediateProofReplayer Proof replay took 7.04ms 
575725     DEBUG main            d.u.i.k.p.r.p.TestFile    ... success: reloaded. 
575726     INFO  main            d.u.i.k.p.r.p.TestFile    Now processing file /home/runner/work/key/key/key.core/../key.ui/examples/heap/permissions/threads/Sampler_run.key 
575726     INFO  main            d.u.i.k.p.i.AbstractProblemLoader Loading environment from /home/runner/work/key/key/key.core/../key.ui/examples/heap/permissions/threads/Sampler_run.key 
575726     DEBUG main            d.u.i.k.p.i.AbstractProblemLoader Environment load took 38.9ns 
575727     INFO  main            d.u.i.k.p.i.AbstractProblemLoader Creating init config 
579964     DEBUG main            d.u.i.k.p.i.AbstractProblemLoader Init config took 4.24s 
580045     INFO  main            d.u.i.k.p.i.AbstractProblemLoader Replaying proof Sampler[ThreadSpec2::run()].JML normal_behavior operation contract.0 
580046     DEBUG main            d.u.i.k.p.i.IntermediateProofReplayer Proof replay took 2.4ns 
580248     INFO  main            d.u.i.k.p.r.p.TestFile    ... finished proof: closed. 
580756     INFO  main            d.u.i.k.p.i.AbstractProblemLoader Loading environment from /home/runner/work/key/key/key.core/../key.ui/examples/heap/permissions/threads/Sampler_run.key.proof 
580756     DEBUG main            d.u.i.k.p.i.AbstractProblemLoader Environment load took 61ns 
580757     INFO  main            d.u.i.k.p.i.AbstractProblemLoader Creating init config 
584917     DEBUG main            d.u.i.k.p.i.AbstractProblemLoader Init config took 4.16s 
584997     INFO  main            d.u.i.k.p.i.AbstractProblemLoader Replaying proof Sampler[ThreadSpec2::run()].JML normal_behavior operation contract.0 
585028     DEBUG main            d.u.i.k.p.i.IntermediateProofReplayer Proof replay took 29.47ms 
585029     DEBUG main            d.u.i.k.p.r.p.TestFile    ... success: reloaded. 
585030     INFO  main            d.u.i.k.p.r.p.TestFile    Now processing file /home/runner/work/key/key/key.core/../key.ui/examples/heap/permissions/threads/Sampler_Sampler.key 
585030     INFO  main            d.u.i.k.p.i.AbstractProblemLoader Loading environment from /home/runner/work/key/key/key.core/../key.ui/examples/heap/permissions/threads/Sampler_Sampler.key 
585030     DEBUG main            d.u.i.k.p.i.AbstractProblemLoader Environment load took 63.4ns 
585031     INFO  main            d.u.i.k.p.i.AbstractProblemLoader Creating init config 
589263     DEBUG main            d.u.i.k.p.i.AbstractProblemLoader Init config took 4.23s 
589360     INFO  main            d.u.i.k.p.i.AbstractProblemLoader Replaying proof Sampler[Sampler::Sampler(Buffer)].JML normal_behavior operation contract.0 
589361     DEBUG main            d.u.i.k.p.i.IntermediateProofReplayer Proof replay took 2.4ns 
589863     INFO  main            d.u.i.k.p.r.p.TestFile    ... finished proof: closed. 
590386     INFO  main            d.u.i.k.p.i.AbstractProblemLoader Loading environment from /home/runner/work/key/key/key.core/../key.ui/examples/heap/permissions/threads/Sampler_Sampler.key.proof 
590386     DEBUG main            d.u.i.k.p.i.AbstractProblemLoader Environment load took 64.6ns 
590386     INFO  main            d.u.i.k.p.i.AbstractProblemLoader Creating init config 
594546     DEBUG main            d.u.i.k.p.i.AbstractProblemLoader Init config took 4.16s 
594637     INFO  main            d.u.i.k.p.i.AbstractProblemLoader Replaying proof Sampler[Sampler::Sampler(Buffer)].JML normal_behavior operation contract.0 
594715     DEBUG main            d.u.i.k.p.i.IntermediateProofReplayer Proof replay took 75.59ms 
594716     DEBUG main            d.u.i.k.p.r.p.TestFile    ... success: reloaded. 
594716     INFO  main            d.u.i.k.p.r.p.TestFile    Now processing file /home/runner/work/key/key/key.core/../key.ui/examples/heap/permissions/threads/Sampler_startTransfer_accessible.key 
594717     INFO  main            d.u.i.k.p.i.AbstractProblemLoader Loading environment from /home/runner/work/key/key/key.core/../key.ui/examples/heap/permissions/threads/Sampler_startTransfer_accessible.key 
594717     DEBUG main            d.u.i.k.p.i.AbstractProblemLoader Environment load took 41.2ns 
594717     INFO  main            d.u.i.k.p.i.AbstractProblemLoader Creating init config 
598953     DEBUG main            d.u.i.k.p.i.AbstractProblemLoader Init config took 4.24s 
599034     INFO  main            d.u.i.k.p.i.AbstractProblemLoader Replaying proof Sampler[ThreadSpec2::startTransfer()].JML accessible clause.0 
599035     DEBUG main            d.u.i.k.p.i.IntermediateProofReplayer Proof replay took 2.2ns 
602741     INFO  main            d.u.i.k.p.r.p.TestFile    ... finished proof: closed. 
603271     INFO  main            d.u.i.k.p.i.AbstractProblemLoader Loading environment from /home/runner/work/key/key/key.core/../key.ui/examples/heap/permissions/threads/Sampler_startTransfer_accessible.key.proof 
603271     DEBUG main            d.u.i.k.p.i.AbstractProblemLoader Environment load took 72.7ns 
603273     INFO  main            d.u.i.k.p.i.AbstractProblemLoader Creating init config 
607448     DEBUG main            d.u.i.k.p.i.AbstractProblemLoader Init config took 4.18s 
607531     INFO  main            d.u.i.k.p.i.AbstractProblemLoader Replaying proof Sampler[ThreadSpec2::startTransfer()].JML accessible clause.0 
608060     DEBUG main            d.u.i.k.p.i.IntermediateProofReplayer Proof replay took 519.86ms 
608061     DEBUG main            d.u.i.k.p.r.p.TestFile    ... success: reloaded. 
608062     INFO  main            d.u.i.k.p.r.p.TestFile    Now processing file /home/runner/work/key/key/key.core/../key.ui/examples/heap/permissions/threads/Sampler_startTransfer_contract.key 
608062     INFO  main            d.u.i.k.p.i.AbstractProblemLoader Loading environment from /home/runner/work/key/key/key.core/../key.ui/examples/heap/permissions/threads/Sampler_startTransfer_contract.key 
608062     DEBUG main            d.u.i.k.p.i.AbstractProblemLoader Environment load took 39.3ns 
608063     INFO  main            d.u.i.k.p.i.AbstractProblemLoader Creating init config 
612317     DEBUG main            d.u.i.k.p.i.AbstractProblemLoader Init config took 4.25s 
612398     INFO  main            d.u.i.k.p.i.AbstractProblemLoader Replaying proof Sampler[ThreadSpec2::startTransfer()].JML model_behavior operation contract.0 
612401     DEBUG main            d.u.i.k.p.i.IntermediateProofReplayer Proof replay took 2.2ns 
612503     INFO  main            d.u.i.k.p.r.p.TestFile    ... finished proof: closed. 
613030     INFO  main            d.u.i.k.p.i.AbstractProblemLoader Loading environment from /home/runner/work/key/key/key.core/../key.ui/examples/heap/permissions/threads/Sampler_startTransfer_contract.key.proof 
613030     DEBUG main            d.u.i.k.p.i.AbstractProblemLoader Environment load took 75ns 
613031     INFO  main            d.u.i.k.p.i.AbstractProblemLoader Creating init config 
617200     DEBUG main            d.u.i.k.p.i.AbstractProblemLoader Init config took 4.17s 
617292     INFO  main            d.u.i.k.p.i.AbstractProblemLoader Replaying proof Sampler[ThreadSpec2::startTransfer()].JML model_behavior operation contract.0 
617299     DEBUG main            d.u.i.k.p.i.IntermediateProofReplayer Proof replay took 6ms 
617300     DEBUG main            d.u.i.k.p.r.p.TestFile    ... success: reloaded. 
617300     INFO  main            d.u.i.k.p.r.p.TestFile    Now processing file /home/runner/work/key/key/key.core/../key.ui/examples/heap/permissions/threads/Sampler_stateInv_accessible.key 
617300     INFO  main            d.u.i.k.p.i.AbstractProblemLoader Loading environment from /home/runner/work/key/key/key.core/../key.ui/examples/heap/permissions/threads/Sampler_stateInv_accessible.key 
617300     DEBUG main            d.u.i.k.p.i.AbstractProblemLoader Environment load took 39.9ns 
617301     INFO  main            d.u.i.k.p.i.AbstractProblemLoader Creating init config 
621535     DEBUG main            d.u.i.k.p.i.AbstractProblemLoader Init config took 4.23s 
621616     INFO  main            d.u.i.k.p.i.AbstractProblemLoader Replaying proof Sampler[ThreadSpec2::stateInv()].JML accessible clause.0 
621617     DEBUG main            d.u.i.k.p.i.IntermediateProofReplayer Proof replay took 2.3ns 
621719     INFO  main            d.u.i.k.p.r.p.TestFile    ... finished proof: closed. 
622240     INFO  main            d.u.i.k.p.i.AbstractProblemLoader Loading environment from /home/runner/work/key/key/key.core/../key.ui/examples/heap/permissions/threads/Sampler_stateInv_accessible.key.proof 
622240     DEBUG main            d.u.i.k.p.i.AbstractProblemLoader Environment load took 69ns 
622240     INFO  main            d.u.i.k.p.i.AbstractProblemLoader Creating init config 
626410     DEBUG main            d.u.i.k.p.i.AbstractProblemLoader Init config took 4.17s 
626491     INFO  main            d.u.i.k.p.i.AbstractProblemLoader Replaying proof Sampler[ThreadSpec2::stateInv()].JML accessible clause.0 
626497     DEBUG main            d.u.i.k.p.i.IntermediateProofReplayer Proof replay took 5.18ms 
626498     DEBUG main            d.u.i.k.p.r.p.TestFile    ... success: reloaded. 
626499     INFO  main            d.u.i.k.p.r.p.TestFile    Now processing file /home/runner/work/key/key/key.core/../key.ui/examples/heap/permissions/threads/Sampler_staticPermissions_accessible.key 
626499     INFO  main            d.u.i.k.p.i.AbstractProblemLoader Loading environment from /home/runner/work/key/key/key.core/../key.ui/examples/heap/permissions/threads/Sampler_staticPermissions_accessible.key 
626499     DEBUG main            d.u.i.k.p.i.AbstractProblemLoader Environment load took 58.6ns 
626500     INFO  main            d.u.i.k.p.i.AbstractProblemLoader Creating init config 
630741     DEBUG main            d.u.i.k.p.i.AbstractProblemLoader Init config took 4.24s 
630822     INFO  main            d.u.i.k.p.i.AbstractProblemLoader Replaying proof Sampler[ThreadSpec2::staticPermissions()].JML accessible clause.0 
630823     DEBUG main            d.u.i.k.p.i.IntermediateProofReplayer Proof replay took 2ns 
630925     INFO  main            d.u.i.k.p.r.p.TestFile    ... finished proof: closed. 
631454     INFO  main            d.u.i.k.p.i.AbstractProblemLoader Loading environment from /home/runner/work/key/key/key.core/../key.ui/examples/heap/permissions/threads/Sampler_staticPermissions_accessible.key.proof 
631454     DEBUG main            d.u.i.k.p.i.AbstractProblemLoader Environment load took 63.4ns 
631455     INFO  main            d.u.i.k.p.i.AbstractProblemLoader Creating init config 
635617     DEBUG main            d.u.i.k.p.i.AbstractProblemLoader Init config took 4.16s 
635698     INFO  main            d.u.i.k.p.i.AbstractProblemLoader Replaying proof Sampler[ThreadSpec2::staticPermissions()].JML accessible clause.0 
635702     DEBUG main            d.u.i.k.p.i.IntermediateProofReplayer Proof replay took 2.91ms 
635703     DEBUG main            d.u.i.k.p.r.p.TestFile    ... success: reloaded. 
635704     INFO  main            d.u.i.k.p.r.p.TestFile    Now processing file /home/runner/work/key/key/key.core/../key.ui/examples/heap/permissions/threads/Sampler_workingPermissions_accessible.key 
635704     INFO  main            d.u.i.k.p.i.AbstractProblemLoader Loading environment from /home/runner/work/key/key/key.core/../key.ui/examples/heap/permissions/threads/Sampler_workingPermissions_accessible.key 
635704     DEBUG main            d.u.i.k.p.i.AbstractProblemLoader Environment load took 55ns 
635705     INFO  main            d.u.i.k.p.i.AbstractProblemLoader Creating init config 
639948     DEBUG main            d.u.i.k.p.i.AbstractProblemLoader Init config took 4.24s 
640041     INFO  main            d.u.i.k.p.i.AbstractProblemLoader Replaying proof Sampler[ThreadSpec2::workingPermissions()].JML accessible clause.0 
640042     DEBUG main            d.u.i.k.p.i.IntermediateProofReplayer Proof replay took 2.1ns 
640143     INFO  main            d.u.i.k.p.r.p.TestFile    ... finished proof: closed. 
640670     INFO  main            d.u.i.k.p.i.AbstractProblemLoader Loading environment from /home/runner/work/key/key/key.core/../key.ui/examples/heap/permissions/threads/Sampler_workingPermissions_accessible.key.proof 
640670     DEBUG main            d.u.i.k.p.i.AbstractProblemLoader Environment load took 84.4ns 
640671     INFO  main            d.u.i.k.p.i.AbstractProblemLoader Creating init config 
644842     DEBUG main            d.u.i.k.p.i.AbstractProblemLoader Init config took 4.17s 
644922     INFO  main            d.u.i.k.p.i.AbstractProblemLoader Replaying proof Sampler[ThreadSpec2::workingPermissions()].JML accessible clause.0 
644927     DEBUG main            d.u.i.k.p.i.IntermediateProofReplayer Proof replay took 4.08ms 
644928     DEBUG main            d.u.i.k.p.r.p.TestFile    ... success: reloaded. 
644929     INFO  main            d.u.i.k.p.r.p.TestFile    Now processing file /home/runner/work/key/key/key.core/../key.ui/examples/heap/permissions/mulleretal/ReadWrite_doRead_contract.key 
644929     INFO  main            d.u.i.k.p.i.AbstractProblemLoader Loading environment from /home/runner/work/key/key/key.core/../key.ui/examples/heap/permissions/mulleretal/ReadWrite_doRead_contract.key 
644929     DEBUG main            d.u.i.k.p.i.AbstractProblemLoader Environment load took 40.7ns 
644930     INFO  main            d.u.i.k.p.i.AbstractProblemLoader Creating init config 
647345     DEBUG main            d.u.i.k.p.i.AbstractProblemLoader Init config took 2.42s 
647377     INFO  main            d.u.i.k.p.i.AbstractProblemLoader Replaying proof ReadWrite[ReadWrite::doRead()].JML normal_behavior operation contract.0 
647379     DEBUG main            d.u.i.k.p.i.IntermediateProofReplayer Proof replay took 2.4ns 
648785     INFO  main            d.u.i.k.p.r.p.TestFile    ... finished proof: closed. 
649361     INFO  main            d.u.i.k.p.i.AbstractProblemLoader Loading environment from /home/runner/work/key/key/key.core/../key.ui/examples/heap/permissions/mulleretal/ReadWrite_doRead_contract.key.proof 
649361     DEBUG main            d.u.i.k.p.i.AbstractProblemLoader Environment load took 138ns 
649362     INFO  main            d.u.i.k.p.i.AbstractProblemLoader Creating init config 
651819     DEBUG main            d.u.i.k.p.i.AbstractProblemLoader Init config took 2.46s 
651855     INFO  main            d.u.i.k.p.i.AbstractProblemLoader Replaying proof ReadWrite[ReadWrite::doRead()].JML normal_behavior operation contract.0 
652326     DEBUG main            d.u.i.k.p.i.IntermediateProofReplayer Proof replay took 461.69ms 
652326     DEBUG main            d.u.i.k.p.r.p.TestFile    ... success: reloaded. 
652327     INFO  main            d.u.i.k.p.r.p.TestFile    Now processing file /home/runner/work/key/key/key.core/../key.ui/examples/heap/permissions/mulleretal/ReadWrite_doWrite_contract.key 
652327     INFO  main            d.u.i.k.p.i.AbstractProblemLoader Loading environment from /home/runner/work/key/key/key.core/../key.ui/examples/heap/permissions/mulleretal/ReadWrite_doWrite_contract.key 
652327     DEBUG main            d.u.i.k.p.i.AbstractProblemLoader Environment load took 62.3ns 
652337     INFO  main            d.u.i.k.p.i.AbstractProblemLoader Creating init config 
654941     DEBUG main            d.u.i.k.p.i.AbstractProblemLoader Init config took 2.6s 
654973     INFO  main            d.u.i.k.p.i.AbstractProblemLoader Replaying proof ReadWrite[ReadWrite::doWrite()].JML normal_behavior operation contract.0 
654974     DEBUG main            d.u.i.k.p.i.IntermediateProofReplayer Proof replay took 2.3ns 
656604     INFO  main            d.u.i.k.p.r.p.TestFile    ... finished proof: closed. 
657168     INFO  main            d.u.i.k.p.i.AbstractProblemLoader Loading environment from /home/runner/work/key/key/key.core/../key.ui/examples/heap/permissions/mulleretal/ReadWrite_doWrite_contract.key.proof 
657168     DEBUG main            d.u.i.k.p.i.AbstractProblemLoader Environment load took 79.2ns 
657169     INFO  main            d.u.i.k.p.i.AbstractProblemLoader Creating init config 
659524     DEBUG main            d.u.i.k.p.i.AbstractProblemLoader Init config took 2.36s 
659556     INFO  main            d.u.i.k.p.i.AbstractProblemLoader Replaying proof ReadWrite[ReadWrite::doWrite()].JML normal_behavior operation contract.0 
659900     DEBUG main            d.u.i.k.p.i.IntermediateProofReplayer Proof replay took 339.92ms 
659901     DEBUG main            d.u.i.k.p.r.p.TestFile    ... success: reloaded. 
659902     INFO  main            d.u.i.k.p.r.p.TestFile    Now processing file /home/runner/work/key/key/key.core/../key.ui/examples/heap/permissions/mulleretal/ReadWrite_read_contract.key 
659902     INFO  main            d.u.i.k.p.i.AbstractProblemLoader Loading environment from /home/runner/work/key/key/key.core/../key.ui/examples/heap/permissions/mulleretal/ReadWrite_read_contract.key 
659902     DEBUG main            d.u.i.k.p.i.AbstractProblemLoader Environment load took 40.3ns 
659903     INFO  main            d.u.i.k.p.i.AbstractProblemLoader Creating init config 
662343     DEBUG main            d.u.i.k.p.i.AbstractProblemLoader Init config took 2.44s 
662374     INFO  main            d.u.i.k.p.i.AbstractProblemLoader Replaying proof ReadWrite[ReadWrite::read()].JML normal_behavior operation contract.0 
662375     DEBUG main            d.u.i.k.p.i.IntermediateProofReplayer Proof replay took 2.3ns 
662477     INFO  main            d.u.i.k.p.r.p.TestFile    ... finished proof: closed. 
663031     INFO  main            d.u.i.k.p.i.AbstractProblemLoader Loading environment from /home/runner/work/key/key/key.core/../key.ui/examples/heap/permissions/mulleretal/ReadWrite_read_contract.key.proof 
663031     DEBUG main            d.u.i.k.p.i.AbstractProblemLoader Environment load took 62.9ns 
663031     INFO  main            d.u.i.k.p.i.AbstractProblemLoader Creating init config 
665382     DEBUG main            d.u.i.k.p.i.AbstractProblemLoader Init config took 2.35s 
665413     INFO  main            d.u.i.k.p.i.AbstractProblemLoader Replaying proof ReadWrite[ReadWrite::read()].JML normal_behavior operation contract.0 
665420     DEBUG main            d.u.i.k.p.i.IntermediateProofReplayer Proof replay took 5.87ms 
665421     DEBUG main            d.u.i.k.p.r.p.TestFile    ... success: reloaded. 
665422     INFO  main            d.u.i.k.p.r.p.TestFile    Now processing file /home/runner/work/key/key/key.core/../key.ui/examples/heap/permissions/mulleretal/ReadWrite_write_contract.key 
665422     INFO  main            d.u.i.k.p.i.AbstractProblemLoader Loading environment from /home/runner/work/key/key/key.core/../key.ui/examples/heap/permissions/mulleretal/ReadWrite_write_contract.key 
665422     DEBUG main            d.u.i.k.p.i.AbstractProblemLoader Environment load took 124.3ns 
665423     INFO  main            d.u.i.k.p.i.AbstractProblemLoader Creating init config 
667819     DEBUG main            d.u.i.k.p.i.AbstractProblemLoader Init config took 2.4s 
667851     INFO  main            d.u.i.k.p.i.AbstractProblemLoader Replaying proof ReadWrite[ReadWrite::write()].JML normal_behavior operation contract.0 
667853     DEBUG main            d.u.i.k.p.i.IntermediateProofReplayer Proof replay took 2.9ns 
667954     INFO  main            d.u.i.k.p.r.p.TestFile    ... finished proof: closed. 
668528     INFO  main            d.u.i.k.p.i.AbstractProblemLoader Loading environment from /home/runner/work/key/key/key.core/../key.ui/examples/heap/permissions/mulleretal/ReadWrite_write_contract.key.proof 
668528     DEBUG main            d.u.i.k.p.i.AbstractProblemLoader Environment load took 64.4ns 
668529     INFO  main            d.u.i.k.p.i.AbstractProblemLoader Creating init config 
670993     DEBUG main            d.u.i.k.p.i.AbstractProblemLoader Init config took 2.46s 
671029     INFO  main            d.u.i.k.p.i.AbstractProblemLoader Replaying proof ReadWrite[ReadWrite::write()].JML normal_behavior operation contract.0 
671055     DEBUG main            d.u.i.k.p.i.IntermediateProofReplayer Proof replay took 25.12ms 
671056     DEBUG main            d.u.i.k.p.r.p.TestFile    ... success: reloaded. 
671057     INFO  main            d.u.i.k.p.r.p.TestFile    Now processing file /home/runner/work/key/key/key.core/../key.ui/examples/heap/permissions/mulleretal/ReadWrite_inv1_accessible.key 
671057     INFO  main            d.u.i.k.p.i.AbstractProblemLoader Loading environment from /home/runner/work/key/key/key.core/../key.ui/examples/heap/permissions/mulleretal/ReadWrite_inv1_accessible.key 
671057     DEBUG main            d.u.i.k.p.i.AbstractProblemLoader Environment load took 60.4ns 
671058     INFO  main            d.u.i.k.p.i.AbstractProblemLoader Creating init config 
673567     DEBUG main            d.u.i.k.p.i.AbstractProblemLoader Init config took 2.51s 
673598     INFO  main            d.u.i.k.p.i.AbstractProblemLoader Replaying proof ReadWrite[java.lang.Object::<inv>()].JML accessible clause.0 
673600     DEBUG main            d.u.i.k.p.i.IntermediateProofReplayer Proof replay took 3ns 
673701     INFO  main            d.u.i.k.p.r.p.TestFile    ... finished proof: closed. 
674242     INFO  main            d.u.i.k.p.i.AbstractProblemLoader Loading environment from /home/runner/work/key/key/key.core/../key.ui/examples/heap/permissions/mulleretal/ReadWrite_inv1_accessible.key.proof 
674242     DEBUG main            d.u.i.k.p.i.AbstractProblemLoader Environment load took 61.8ns 
674243     INFO  main            d.u.i.k.p.i.AbstractProblemLoader Creating init config 
676595     DEBUG main            d.u.i.k.p.i.AbstractProblemLoader Init config took 2.35s 
676626     INFO  main            d.u.i.k.p.i.AbstractProblemLoader Replaying proof ReadWrite[java.lang.Object::<inv>()].JML accessible clause.0 
676628     DEBUG main            d.u.i.k.p.i.IntermediateProofReplayer Proof replay took 1.38ms 
676629     DEBUG main            d.u.i.k.p.r.p.TestFile    ... success: reloaded. 
676629     INFO  main            d.u.i.k.p.r.p.TestFile    Now processing file /home/runner/work/key/key/key.core/../key.ui/examples/heap/permissions/mulleretal/ReadWrite_inv2_accessible.key 
676629     INFO  main            d.u.i.k.p.i.AbstractProblemLoader Loading environment from /home/runner/work/key/key/key.core/../key.ui/examples/heap/permissions/mulleretal/ReadWrite_inv2_accessible.key 
676630     DEBUG main            d.u.i.k.p.i.AbstractProblemLoader Environment load took 39.8ns 
676630     INFO  main            d.u.i.k.p.i.AbstractProblemLoader Creating init config 
679017     DEBUG main            d.u.i.k.p.i.AbstractProblemLoader Init config took 2.39s 
679048     INFO  main            d.u.i.k.p.i.AbstractProblemLoader Replaying proof ReadWrite[java.lang.Object::<inv>()].JML accessible clause.1 
679049     DEBUG main            d.u.i.k.p.i.IntermediateProofReplayer Proof replay took 2.2ns 
679150     INFO  main            d.u.i.k.p.r.p.TestFile    ... finished proof: closed. 
679702     INFO  main            d.u.i.k.p.i.AbstractProblemLoader Loading environment from /home/runner/work/key/key/key.core/../key.ui/examples/heap/permissions/mulleretal/ReadWrite_inv2_accessible.key.proof 
679702     DEBUG main            d.u.i.k.p.i.AbstractProblemLoader Environment load took 59.7ns 
679703     INFO  main            d.u.i.k.p.i.AbstractProblemLoader Creating init config 
682144     DEBUG main            d.u.i.k.p.i.AbstractProblemLoader Init config took 2.44s 
682179     INFO  main            d.u.i.k.p.i.AbstractProblemLoader Replaying proof ReadWrite[java.lang.Object::<inv>()].JML accessible clause.1 
682181     DEBUG main            d.u.i.k.p.i.IntermediateProofReplayer Proof replay took 1.53ms 
682182     DEBUG main            d.u.i.k.p.r.p.TestFile    ... success: reloaded. 
682183     INFO  main            d.u.i.k.p.r.p.TestFile    Now processing file /home/runner/work/key/key/key.core/../key.ui/examples/heap/permissions/lockspec/Counter_lockConsistent_contract.key 
682183     INFO  main            d.u.i.k.p.i.AbstractProblemLoader Loading environment from /home/runner/work/key/key/key.core/../key.ui/examples/heap/permissions/lockspec/Counter_lockConsistent_contract.key 
682183     DEBUG main            d.u.i.k.p.i.AbstractProblemLoader Environment load took 125.9ns 
682184     INFO  main            d.u.i.k.p.i.AbstractProblemLoader Creating init config 
685409     DEBUG main            d.u.i.k.p.i.AbstractProblemLoader Init config took 3.22s 
685463     INFO  main            d.u.i.k.p.i.AbstractProblemLoader Replaying proof Counter[LockSpec::lockConsistent()].JML model_behavior operation contract.0 
685464     DEBUG main            d.u.i.k.p.i.IntermediateProofReplayer Proof replay took 2.9ns 
686368     INFO  main            d.u.i.k.p.r.p.TestFile    ... finished proof: closed. 
686940     INFO  main            d.u.i.k.p.i.AbstractProblemLoader Loading environment from /home/runner/work/key/key/key.core/../key.ui/examples/heap/permissions/lockspec/Counter_lockConsistent_contract.key.proof 
686940     DEBUG main            d.u.i.k.p.i.AbstractProblemLoader Environment load took 69.7ns 
686941     INFO  main            d.u.i.k.p.i.AbstractProblemLoader Creating init config 
689859     DEBUG main            d.u.i.k.p.i.AbstractProblemLoader Init config took 2.92s 
689951     INFO  main            d.u.i.k.p.i.AbstractProblemLoader Replaying proof Counter[LockSpec::lockConsistent()].JML model_behavior operation contract.0 
690204     DEBUG main            d.u.i.k.p.i.IntermediateProofReplayer Proof replay took 236.36ms 
690210     DEBUG main            d.u.i.k.p.r.p.TestFile    ... success: reloaded. 
690214     INFO  main            d.u.i.k.p.r.p.TestFile    Now processing file /home/runner/work/key/key/key.core/../key.ui/examples/heap/permissions/lockspec/Counter_increase_contract.key 
690214     INFO  main            d.u.i.k.p.i.AbstractProblemLoader Loading environment from /home/runner/work/key/key/key.core/../key.ui/examples/heap/permissions/lockspec/Counter_increase_contract.key 
690214     DEBUG main            d.u.i.k.p.i.AbstractProblemLoader Environment load took 59.8ns 
690214     INFO  main            d.u.i.k.p.i.AbstractProblemLoader Creating init config 
693367     DEBUG main            d.u.i.k.p.i.AbstractProblemLoader Init config took 3.15s 
693421     INFO  main            d.u.i.k.p.i.AbstractProblemLoader Replaying proof Counter[Counter::increase()].JML normal_behavior operation contract.0 
693427     DEBUG main            d.u.i.k.p.i.IntermediateProofReplayer Proof replay took 3.3ns 
695035     INFO  main            d.u.i.k.p.r.p.TestFile    ... finished proof: closed. 
695630     INFO  main            d.u.i.k.p.i.AbstractProblemLoader Loading environment from /home/runner/work/key/key/key.core/../key.ui/examples/heap/permissions/lockspec/Counter_increase_contract.key.proof 
695630     DEBUG main            d.u.i.k.p.i.AbstractProblemLoader Environment load took 118.7ns 
695631     INFO  main            d.u.i.k.p.i.AbstractProblemLoader Creating init config 
698560     DEBUG main            d.u.i.k.p.i.AbstractProblemLoader Init config took 2.93s 
698609     INFO  main            d.u.i.k.p.i.AbstractProblemLoader Replaying proof Counter[Counter::increase()].JML normal_behavior operation contract.0 
698932     DEBUG main            d.u.i.k.p.i.IntermediateProofReplayer Proof replay took 310.04ms 
698934     DEBUG main            d.u.i.k.p.r.p.TestFile    ... success: reloaded. 
698935     INFO  main            d.u.i.k.p.r.p.TestFile    Now processing file /home/runner/work/key/key/key.core/../key.ui/examples/heap/permissions/lockspec/Counter_fp_accessible.key 
698936     INFO  main            d.u.i.k.p.i.AbstractProblemLoader Loading environment from /home/runner/work/key/key/key.core/../key.ui/examples/heap/permissions/lockspec/Counter_fp_accessible.key 
698936     DEBUG main            d.u.i.k.p.i.AbstractProblemLoader Environment load took 76ns 
698937     INFO  main            d.u.i.k.p.i.AbstractProblemLoader Creating init config 
701851     DEBUG main            d.u.i.k.p.i.AbstractProblemLoader Init config took 2.91s 
701908     INFO  main            d.u.i.k.p.i.AbstractProblemLoader Replaying proof Counter[LockSpec::fp()].JML accessible clause.0 
701909     DEBUG main            d.u.i.k.p.i.IntermediateProofReplayer Proof replay took 2.7ns 
702014     INFO  main            d.u.i.k.p.r.p.TestFile    ... finished proof: closed. 
702576     INFO  main            d.u.i.k.p.i.AbstractProblemLoader Loading environment from /home/runner/work/key/key/key.core/../key.ui/examples/heap/permissions/lockspec/Counter_fp_accessible.key.proof 
702576     DEBUG main            d.u.i.k.p.i.AbstractProblemLoader Environment load took 62.9ns 
702577     INFO  main            d.u.i.k.p.i.AbstractProblemLoader Creating init config 
705435     DEBUG main            d.u.i.k.p.i.AbstractProblemLoader Init config took 2.86s 
705492     INFO  main            d.u.i.k.p.i.AbstractProblemLoader Replaying proof Counter[LockSpec::fp()].JML accessible clause.0 
705501     DEBUG main            d.u.i.k.p.i.IntermediateProofReplayer Proof replay took 8ms 
705502     DEBUG main            d.u.i.k.p.r.p.TestFile    ... success: reloaded. 
705502     INFO  main            d.u.i.k.p.r.p.TestFile    Now processing file /home/runner/work/key/key/key.core/../key.ui/examples/heap/permissions/lockspec/Counter_fpLock_accessible.key 
705503     INFO  main            d.u.i.k.p.i.AbstractProblemLoader Loading environment from /home/runner/work/key/key/key.core/../key.ui/examples/heap/permissions/lockspec/Counter_fpLock_accessible.key 
705503     DEBUG main            d.u.i.k.p.i.AbstractProblemLoader Environment load took 201ns 
705504     INFO  main            d.u.i.k.p.i.AbstractProblemLoader Creating init config 
708628     DEBUG main            d.u.i.k.p.i.AbstractProblemLoader Init config took 3.12s 
708678     INFO  main            d.u.i.k.p.i.AbstractProblemLoader Replaying proof Counter[LockSpec::fpLock()].JML accessible clause.0 
708679     DEBUG main            d.u.i.k.p.i.IntermediateProofReplayer Proof replay took 2.5ns 
708781     INFO  main            d.u.i.k.p.r.p.TestFile    ... finished proof: closed. 
709343     INFO  main            d.u.i.k.p.i.AbstractProblemLoader Loading environment from /home/runner/work/key/key/key.core/../key.ui/examples/heap/permissions/lockspec/Counter_fpLock_accessible.key.proof 
709344     DEBUG main            d.u.i.k.p.i.AbstractProblemLoader Environment load took 65.7ns 
709344     INFO  main            d.u.i.k.p.i.AbstractProblemLoader Creating init config 
712242     DEBUG main            d.u.i.k.p.i.AbstractProblemLoader Init config took 2.9s 
712303     INFO  main            d.u.i.k.p.i.AbstractProblemLoader Replaying proof Counter[LockSpec::fpLock()].JML accessible clause.0 
712312     DEBUG main            d.u.i.k.p.i.IntermediateProofReplayer Proof replay took 7.79ms 
712313     DEBUG main            d.u.i.k.p.r.p.TestFile    ... success: reloaded. 
712314     INFO  main            d.u.i.k.p.r.p.TestFile    Now processing file /home/runner/work/key/key/key.core/../key.ui/examples/heap/permissions/lockspec/Counter_fpPerm_accessible.key 
712314     INFO  main            d.u.i.k.p.i.AbstractProblemLoader Loading environment from /home/runner/work/key/key/key.core/../key.ui/examples/heap/permissions/lockspec/Counter_fpPerm_accessible.key 
712314     DEBUG main            d.u.i.k.p.i.AbstractProblemLoader Environment load took 143.5ns 
712315     INFO  main            d.u.i.k.p.i.AbstractProblemLoader Creating init config 
715254     DEBUG main            d.u.i.k.p.i.AbstractProblemLoader Init config took 2.94s 
715313     INFO  main            d.u.i.k.p.i.AbstractProblemLoader Replaying proof Counter[LockSpec::fpPerm()].JML accessible clause.0 
715314     DEBUG main            d.u.i.k.p.i.IntermediateProofReplayer Proof replay took 2.8ns 
715418     INFO  main            d.u.i.k.p.r.p.TestFile    ... finished proof: closed. 
715992     INFO  main            d.u.i.k.p.i.AbstractProblemLoader Loading environment from /home/runner/work/key/key/key.core/../key.ui/examples/heap/permissions/lockspec/Counter_fpPerm_accessible.key.proof 
715992     DEBUG main            d.u.i.k.p.i.AbstractProblemLoader Environment load took 61.5ns 
715993     INFO  main            d.u.i.k.p.i.AbstractProblemLoader Creating init config 
718865     DEBUG main            d.u.i.k.p.i.AbstractProblemLoader Init config took 2.87s 
718921     INFO  main            d.u.i.k.p.i.AbstractProblemLoader Replaying proof Counter[LockSpec::fpPerm()].JML accessible clause.0 
718930     DEBUG main            d.u.i.k.p.i.IntermediateProofReplayer Proof replay took 6.94ms 
718931     DEBUG main            d.u.i.k.p.r.p.TestFile    ... success: reloaded. 
718932     INFO  main            d.u.i.k.p.r.p.TestFile    Now processing file /home/runner/work/key/key/key.core/../key.ui/examples/heap/permissions/lockspec/Counter_inv_accessible1.key 
718932     INFO  main            d.u.i.k.p.i.AbstractProblemLoader Loading environment from /home/runner/work/key/key/key.core/../key.ui/examples/heap/permissions/lockspec/Counter_inv_accessible1.key 
718932     DEBUG main            d.u.i.k.p.i.AbstractProblemLoader Environment load took 87.6ns 
718933     INFO  main            d.u.i.k.p.i.AbstractProblemLoader Creating init config 
722087     DEBUG main            d.u.i.k.p.i.AbstractProblemLoader Init config took 3.15s 
722137     INFO  main            d.u.i.k.p.i.AbstractProblemLoader Replaying proof Counter[java.lang.Object::<inv>()].JML accessible clause.0 
722139     DEBUG main            d.u.i.k.p.i.IntermediateProofReplayer Proof replay took 2.3ns 
722240     INFO  main            d.u.i.k.p.r.p.TestFile    ... finished proof: closed. 
722823     INFO  main            d.u.i.k.p.i.AbstractProblemLoader Loading environment from /home/runner/work/key/key/key.core/../key.ui/examples/heap/permissions/lockspec/Counter_inv_accessible1.key.proof 
722823     DEBUG main            d.u.i.k.p.i.AbstractProblemLoader Environment load took 63.7ns 
722824     INFO  main            d.u.i.k.p.i.AbstractProblemLoader Creating init config 
725740     DEBUG main            d.u.i.k.p.i.AbstractProblemLoader Init config took 2.92s 
725791     INFO  main            d.u.i.k.p.i.AbstractProblemLoader Replaying proof Counter[java.lang.Object::<inv>()].JML accessible clause.0 
725801     DEBUG main            d.u.i.k.p.i.IntermediateProofReplayer Proof replay took 8.64ms 
725802     DEBUG main            d.u.i.k.p.r.p.TestFile    ... success: reloaded. 
725802     INFO  main            d.u.i.k.p.r.p.TestFile    Now processing file /home/runner/work/key/key/key.core/../key.ui/examples/heap/permissions/lockspec/Counter_inv_accessible2.key 
725803     INFO  main            d.u.i.k.p.i.AbstractProblemLoader Loading environment from /home/runner/work/key/key/key.core/../key.ui/examples/heap/permissions/lockspec/Counter_inv_accessible2.key 
725803     DEBUG main            d.u.i.k.p.i.AbstractProblemLoader Environment load took 147.3ns 
725803     INFO  main            d.u.i.k.p.i.AbstractProblemLoader Creating init config 
728719     DEBUG main            d.u.i.k.p.i.AbstractProblemLoader Init config took 2.92s 
728792     INFO  main            d.u.i.k.p.i.AbstractProblemLoader Replaying proof Counter[java.lang.Object::<inv>()].JML accessible clause.1 
728793     DEBUG main            d.u.i.k.p.i.IntermediateProofReplayer Proof replay took 2.4ns 
728898     INFO  main            d.u.i.k.p.r.p.TestFile    ... finished proof: closed. 
729482     INFO  main            d.u.i.k.p.i.AbstractProblemLoader Loading environment from /home/runner/work/key/key/key.core/../key.ui/examples/heap/permissions/lockspec/Counter_inv_accessible2.key.proof 
729482     DEBUG main            d.u.i.k.p.i.AbstractProblemLoader Environment load took 63.3ns 
729483     INFO  main            d.u.i.k.p.i.AbstractProblemLoader Creating init config 
732352     DEBUG main            d.u.i.k.p.i.AbstractProblemLoader Init config took 2.87s 
732408     INFO  main            d.u.i.k.p.i.AbstractProblemLoader Replaying proof Counter[java.lang.Object::<inv>()].JML accessible clause.1 
732420     DEBUG main            d.u.i.k.p.i.IntermediateProofReplayer Proof replay took 9.54ms 
732420     DEBUG main            d.u.i.k.p.r.p.TestFile    ... success: reloaded. 
732421     INFO  main            d.u.i.k.p.r.p.TestFile    Now processing file /home/runner/work/key/key/key.core/../key.ui/examples/heap/permissions/lockspec/Counter_lockRef_accessible.key 
732421     INFO  main            d.u.i.k.p.i.AbstractProblemLoader Loading environment from /home/runner/work/key/key/key.core/../key.ui/examples/heap/permissions/lockspec/Counter_lockRef_accessible.key 
732421     DEBUG main            d.u.i.k.p.i.AbstractProblemLoader Environment load took 81.9ns 
732422     INFO  main            d.u.i.k.p.i.AbstractProblemLoader Creating init config 
735390     DEBUG main            d.u.i.k.p.i.AbstractProblemLoader Init config took 2.97s 
735440     INFO  main            d.u.i.k.p.i.AbstractProblemLoader Replaying proof Counter[LockSpec::lockRef()].JML accessible clause.0 
735441     DEBUG main            d.u.i.k.p.i.IntermediateProofReplayer Proof replay took 2.4ns 
735643     INFO  main            d.u.i.k.p.r.p.TestFile    ... finished proof: closed. 
736236     INFO  main            d.u.i.k.p.i.AbstractProblemLoader Loading environment from /home/runner/work/key/key/key.core/../key.ui/examples/heap/permissions/lockspec/Counter_lockRef_accessible.key.proof 
736236     DEBUG main            d.u.i.k.p.i.AbstractProblemLoader Environment load took 65.6ns 
736237     INFO  main            d.u.i.k.p.i.AbstractProblemLoader Creating init config 
739197     DEBUG main            d.u.i.k.p.i.AbstractProblemLoader Init config took 2.96s 
739257     INFO  main            d.u.i.k.p.i.AbstractProblemLoader Replaying proof Counter[LockSpec::lockRef()].JML accessible clause.0 
739287     DEBUG main            d.u.i.k.p.i.IntermediateProofReplayer Proof replay took 28.83ms 
739288     DEBUG main            d.u.i.k.p.r.p.TestFile    ... success: reloaded. 
739288     INFO  main            d.u.i.k.p.r.p.TestFile    Now processing file /home/runner/work/key/key/key.core/../key.ui/examples/heap/permissions/lockspec/Counter_lockRef_contract1.key 
739289     INFO  main            d.u.i.k.p.i.AbstractProblemLoader Loading environment from /home/runner/work/key/key/key.core/../key.ui/examples/heap/permissions/lockspec/Counter_lockRef_contract1.key 
739289     DEBUG main            d.u.i.k.p.i.AbstractProblemLoader Environment load took 78.3ns 
739290     INFO  main            d.u.i.k.p.i.AbstractProblemLoader Creating init config 
742198     DEBUG main            d.u.i.k.p.i.AbstractProblemLoader Init config took 2.91s 
742248     INFO  main            d.u.i.k.p.i.AbstractProblemLoader Replaying proof Counter[LockSpec::lockRef()].JML model_behavior operation contract.0 
742250     DEBUG main            d.u.i.k.p.i.IntermediateProofReplayer Proof replay took 2.3ns 
742351     INFO  main            d.u.i.k.p.r.p.TestFile    ... finished proof: closed. 
742943     INFO  main            d.u.i.k.p.i.AbstractProblemLoader Loading environment from /home/runner/work/key/key/key.core/../key.ui/examples/heap/permissions/lockspec/Counter_lockRef_contract1.key.proof 
742943     DEBUG main            d.u.i.k.p.i.AbstractProblemLoader Environment load took 62.5ns 
742944     INFO  main            d.u.i.k.p.i.AbstractProblemLoader Creating init config 
745872     DEBUG main            d.u.i.k.p.i.AbstractProblemLoader Init config took 2.93s 
745923     INFO  main            d.u.i.k.p.i.AbstractProblemLoader Replaying proof Counter[LockSpec::lockRef()].JML model_behavior operation contract.0 
745927     DEBUG main            d.u.i.k.p.i.IntermediateProofReplayer Proof replay took 3.13ms 
745928     DEBUG main            d.u.i.k.p.r.p.TestFile    ... success: reloaded. 
745928     INFO  main            d.u.i.k.p.r.p.TestFile    Now processing file /home/runner/work/key/key/key.core/../key.ui/examples/heap/permissions/lockspec/Counter_lockRef_contract2.key 
745929     INFO  main            d.u.i.k.p.i.AbstractProblemLoader Loading environment from /home/runner/work/key/key/key.core/../key.ui/examples/heap/permissions/lockspec/Counter_lockRef_contract2.key 
745929     DEBUG main            d.u.i.k.p.i.AbstractProblemLoader Environment load took 156.4ns 
745930     INFO  main            d.u.i.k.p.i.AbstractProblemLoader Creating init config 
748846     DEBUG main            d.u.i.k.p.i.AbstractProblemLoader Init config took 2.92s 
748896     INFO  main            d.u.i.k.p.i.AbstractProblemLoader Replaying proof Counter[Counter::lockRef()].JML model_behavior operation contract.0 
748897     DEBUG main            d.u.i.k.p.i.IntermediateProofReplayer Proof replay took 2.4ns 
748998     INFO  main            d.u.i.k.p.r.p.TestFile    ... finished proof: closed. 
749603     INFO  main            d.u.i.k.p.i.AbstractProblemLoader Loading environment from /home/runner/work/key/key/key.core/../key.ui/examples/heap/permissions/lockspec/Counter_lockRef_contract2.key.proof 
749603     DEBUG main            d.u.i.k.p.i.AbstractProblemLoader Environment load took 60.1ns 
749604     INFO  main            d.u.i.k.p.i.AbstractProblemLoader Creating init config 
752509     DEBUG main            d.u.i.k.p.i.AbstractProblemLoader Init config took 2.9s 
752614     INFO  main            d.u.i.k.p.i.AbstractProblemLoader Replaying proof Counter[Counter::lockRef()].JML model_behavior operation contract.0 
752623     DEBUG main            d.u.i.k.p.i.IntermediateProofReplayer Proof replay took 5.8ms 
752624     DEBUG main            d.u.i.k.p.r.p.TestFile    ... success: reloaded. 
752626     INFO  main            d.u.i.k.p.r.p.TestFile    Now processing file /home/runner/work/key/key/key.core/../key.ui/examples/heap/permissions/lockspec/Counter_lockState_accessible.key 
752627     INFO  main            d.u.i.k.p.i.AbstractProblemLoader Loading environment from /home/runner/work/key/key/key.core/../key.ui/examples/heap/permissions/lockspec/Counter_lockState_accessible.key 
752627     DEBUG main            d.u.i.k.p.i.AbstractProblemLoader Environment load took 153.1ns 
752628     INFO  main            d.u.i.k.p.i.AbstractProblemLoader Creating init config 
755612     DEBUG main            d.u.i.k.p.i.AbstractProblemLoader Init config took 2.98s 
755662     INFO  main            d.u.i.k.p.i.AbstractProblemLoader Replaying proof Counter[LockSpec::lockState(boolean)].JML accessible clause.0 
755663     DEBUG main            d.u.i.k.p.i.IntermediateProofReplayer Proof replay took 2.8ns 
755965     INFO  main            d.u.i.k.p.r.p.TestFile    ... finished proof: closed. 
756587     INFO  main            d.u.i.k.p.i.AbstractProblemLoader Loading environment from /home/runner/work/key/key/key.core/../key.ui/examples/heap/permissions/lockspec/Counter_lockState_accessible.key.proof 
756587     DEBUG main            d.u.i.k.p.i.AbstractProblemLoader Environment load took 63.7ns 
756588     INFO  main            d.u.i.k.p.i.AbstractProblemLoader Creating init config 
759613     DEBUG main            d.u.i.k.p.i.AbstractProblemLoader Init config took 3.02s 
759663     INFO  main            d.u.i.k.p.i.AbstractProblemLoader Replaying proof Counter[LockSpec::lockState(boolean)].JML accessible clause.0 
759715     DEBUG main            d.u.i.k.p.i.IntermediateProofReplayer Proof replay took 49.95ms 
759716     DEBUG main            d.u.i.k.p.r.p.TestFile    ... success: reloaded. 
759717     INFO  main            d.u.i.k.p.r.p.TestFile    Now processing file /home/runner/work/key/key/key.core/../key.ui/examples/heap/permissions/lockspec/Counter_lockStatus_accessible.key 
759719     INFO  main            d.u.i.k.p.i.AbstractProblemLoader Loading environment from /home/runner/work/key/key/key.core/../key.ui/examples/heap/permissions/lockspec/Counter_lockStatus_accessible.key 
759719     DEBUG main            d.u.i.k.p.i.AbstractProblemLoader Environment load took 88.7ns 
759719     INFO  main            d.u.i.k.p.i.AbstractProblemLoader Creating init config 
762613     DEBUG main            d.u.i.k.p.i.AbstractProblemLoader Init config took 2.89s 
762663     INFO  main            d.u.i.k.p.i.AbstractProblemLoader Replaying proof Counter[LockSpec::lockStatus(boolean)].JML accessible clause.0 
762664     DEBUG main            d.u.i.k.p.i.IntermediateProofReplayer Proof replay took 2.4ns 
762865     INFO  main            d.u.i.k.p.r.p.TestFile    ... finished proof: closed. 
763463     INFO  main            d.u.i.k.p.i.AbstractProblemLoader Loading environment from /home/runner/work/key/key/key.core/../key.ui/examples/heap/permissions/lockspec/Counter_lockStatus_accessible.key.proof 
763463     DEBUG main            d.u.i.k.p.i.AbstractProblemLoader Environment load took 66.3ns 
763464     INFO  main            d.u.i.k.p.i.AbstractProblemLoader Creating init config 
766323     DEBUG main            d.u.i.k.p.i.AbstractProblemLoader Init config took 2.86s 
766379     INFO  main            d.u.i.k.p.i.AbstractProblemLoader Replaying proof Counter[LockSpec::lockStatus(boolean)].JML accessible clause.0 
766399     DEBUG main            d.u.i.k.p.i.IntermediateProofReplayer Proof replay took 18.2ms 
766400     DEBUG main            d.u.i.k.p.r.p.TestFile    ... success: reloaded. 
766400     INFO  main            d.u.i.k.p.r.p.TestFile    Now processing file /home/runner/work/key/key/key.core/../key.ui/examples/heap/permissions/lockspec/Counter_lockTransfer_accessible.key 
766401     INFO  main            d.u.i.k.p.i.AbstractProblemLoader Loading environment from /home/runner/work/key/key/key.core/../key.ui/examples/heap/permissions/lockspec/Counter_lockTransfer_accessible.key 
766401     DEBUG main            d.u.i.k.p.i.AbstractProblemLoader Environment load took 131ns 
766401     INFO  main            d.u.i.k.p.i.AbstractProblemLoader Creating init config 
769370     DEBUG main            d.u.i.k.p.i.AbstractProblemLoader Init config took 2.97s 
769421     INFO  main            d.u.i.k.p.i.AbstractProblemLoader Replaying proof Counter[LockSpec::lockTransfer()].JML accessible clause.0 
769422     DEBUG main            d.u.i.k.p.i.IntermediateProofReplayer Proof replay took 2.6ns 
769724     INFO  main            d.u.i.k.p.r.p.TestFile    ... finished proof: closed. 
770345     INFO  main            d.u.i.k.p.i.AbstractProblemLoader Loading environment from /home/runner/work/key/key/key.core/../key.ui/examples/heap/permissions/lockspec/Counter_lockTransfer_accessible.key.proof 
770345     DEBUG main            d.u.i.k.p.i.AbstractProblemLoader Environment load took 72.2ns 
770346     INFO  main            d.u.i.k.p.i.AbstractProblemLoader Creating init config 
773283     DEBUG main            d.u.i.k.p.i.AbstractProblemLoader Init config took 2.94s 
773339     INFO  main            d.u.i.k.p.i.AbstractProblemLoader Replaying proof Counter[LockSpec::lockTransfer()].JML accessible clause.0 
773396     DEBUG main            d.u.i.k.p.i.IntermediateProofReplayer Proof replay took 53.74ms 
773397     DEBUG main            d.u.i.k.p.r.p.TestFile    ... success: reloaded. 
773397     INFO  main            d.u.i.k.p.r.p.TestFile    Now processing file /home/runner/work/key/key/key.core/../key.ui/examples/heap/permissions/lockspec/Counter_unlockTransfer_accessible.key 
773398     INFO  main            d.u.i.k.p.i.AbstractProblemLoader Loading environment from /home/runner/work/key/key/key.core/../key.ui/examples/heap/permissions/lockspec/Counter_unlockTransfer_accessible.key 
773398     DEBUG main            d.u.i.k.p.i.AbstractProblemLoader Environment load took 147ns 
773399     INFO  main            d.u.i.k.p.i.AbstractProblemLoader Creating init config 
776479     DEBUG main            d.u.i.k.p.i.AbstractProblemLoader Init config took 3.08s 
776529     INFO  main            d.u.i.k.p.i.AbstractProblemLoader Replaying proof Counter[LockSpec::unlockTransfer()].JML accessible clause.0 
776530     DEBUG main            d.u.i.k.p.i.IntermediateProofReplayer Proof replay took 2.4ns 
776832     INFO  main            d.u.i.k.p.r.p.TestFile    ... finished proof: closed. 
777470     INFO  main            d.u.i.k.p.i.AbstractProblemLoader Loading environment from /home/runner/work/key/key/key.core/../key.ui/examples/heap/permissions/lockspec/Counter_unlockTransfer_accessible.key.proof 
777470     DEBUG main            d.u.i.k.p.i.AbstractProblemLoader Environment load took 79.9ns 
777471     INFO  main            d.u.i.k.p.i.AbstractProblemLoader Creating init config 
780387     DEBUG main            d.u.i.k.p.i.AbstractProblemLoader Init config took 2.92s 
780443     INFO  main            d.u.i.k.p.i.AbstractProblemLoader Replaying proof Counter[LockSpec::unlockTransfer()].JML accessible clause.0 
780505     DEBUG main            d.u.i.k.p.i.IntermediateProofReplayer Proof replay took 56.22ms 
780506     DEBUG main            d.u.i.k.p.r.p.TestFile    ... success: reloaded. 
780507     INFO  main            d.u.i.k.p.r.p.TestFile    Now processing file /home/runner/work/key/key/key.core/../key.ui/examples/heap/permissions/threads/Plotter_startTransfer_contract.proof 
780507     INFO  main            d.u.i.k.p.i.AbstractProblemLoader Loading environment from /home/runner/work/key/key/key.core/../key.ui/examples/heap/permissions/threads/Plotter_startTransfer_contract.proof 
780507     DEBUG main            d.u.i.k.p.i.AbstractProblemLoader Environment load took 64.2ns 
780508     INFO  main            d.u.i.k.p.i.AbstractProblemLoader Creating init config 
784993     DEBUG main            d.u.i.k.p.i.AbstractProblemLoader Init config took 4.49s 
785078     INFO  main            d.u.i.k.p.i.AbstractProblemLoader Replaying proof Plotter[ThreadSpec2::startTransfer()].JML model_behavior operation contract.0 
785162     DEBUG main            d.u.i.k.p.i.IntermediateProofReplayer Proof replay took 77.63ms 
785162     INFO  main            d.u.i.k.p.r.p.TestFile    ... success: loaded 
785163     INFO  main            d.u.i.k.p.r.p.TestFile    Now processing file /home/runner/work/key/key/key.core/../key.ui/examples/heap/permissions/threads/Plotter_startTransfer_accessible.proof 
785163     INFO  main            d.u.i.k.p.i.AbstractProblemLoader Loading environment from /home/runner/work/key/key/key.core/../key.ui/examples/heap/permissions/threads/Plotter_startTransfer_accessible.proof 
785163     DEBUG main            d.u.i.k.p.i.AbstractProblemLoader Environment load took 57.4ns 
785164     INFO  main            d.u.i.k.p.i.AbstractProblemLoader Creating init config 
789639     DEBUG main            d.u.i.k.p.i.AbstractProblemLoader Init config took 4.47s 
789741     INFO  main            d.u.i.k.p.i.AbstractProblemLoader Replaying proof Plotter[ThreadSpec2::startTransfer()].JML accessible clause.0 
789886     DEBUG main            d.u.i.k.p.i.IntermediateProofReplayer Proof replay took 140.74ms 
789886     INFO  main            d.u.i.k.p.r.p.TestFile    ... success: loaded 
789887     INFO  main            d.u.i.k.p.r.p.TestFile    Now processing file /home/runner/work/key/key/key.core/../key.ui/examples/heap/permissions/threads/Plotter_joinTransfer_accessible.proof 
789887     INFO  main            d.u.i.k.p.i.AbstractProblemLoader Loading environment from /home/runner/work/key/key/key.core/../key.ui/examples/heap/permissions/threads/Plotter_joinTransfer_accessible.proof 
789887     DEBUG main            d.u.i.k.p.i.AbstractProblemLoader Environment load took 45ns 
789888     INFO  main            d.u.i.k.p.i.AbstractProblemLoader Creating init config 
794480     DEBUG main            d.u.i.k.p.i.AbstractProblemLoader Init config took 4.59s 
794561     INFO  main            d.u.i.k.p.i.AbstractProblemLoader Replaying proof Plotter[ThreadSpec2::joinTransfer()].JML accessible clause.0 
794568     WARN  main            d.u.i.k.p.i.IntermediateProofReplayer Proof contains wrong number of \assumes instatiations for Definition_axiom_for_stateInv_in_Plotter 
794570     WARN  main            d.u.i.k.p.i.IntermediateProofReplayer Proof contains wrong number of \assumes instatiations for Definition_axiom_for_stateInv_in_Plotter 
794572     WARN  main            d.u.i.k.p.i.IntermediateProofReplayer Proof contains wrong number of \assumes instatiations for Definition_axiom_for_workingPermissions_in_Plotter 
794572     WARN  main            d.u.i.k.p.i.IntermediateProofReplayer Proof contains wrong number of \assumes instatiations for Definition_axiom_for_staticPermissions_in_Plotter 
794573     WARN  main            d.u.i.k.p.i.IntermediateProofReplayer Proof contains wrong number of \assumes instatiations for Definition_axiom_for_joinTransfer_in_Plotter 
794574     WARN  main            d.u.i.k.p.i.IntermediateProofReplayer Proof contains wrong number of \assumes instatiations for Definition_axiom_for_stateInv_in_BFilter 
794576     WARN  main            d.u.i.k.p.i.IntermediateProofReplayer Proof contains wrong number of \assumes instatiations for Definition_axiom_for_stateInv_in_AFilter 
794577     WARN  main            d.u.i.k.p.i.IntermediateProofReplayer Proof contains wrong number of \assumes instatiations for Definition_axiom_for_stateInv_in_BFilter 
794578     WARN  main            d.u.i.k.p.i.IntermediateProofReplayer Proof contains wrong number of \assumes instatiations for Definition_axiom_for_stateInv_in_AFilter 
794580     WARN  main            d.u.i.k.p.i.IntermediateProofReplayer Proof contains wrong number of \assumes instatiations for Definition_axiom_for_staticPermissions_in_AFilter 
794580     WARN  main            d.u.i.k.p.i.IntermediateProofReplayer Proof contains wrong number of \assumes instatiations for Definition_axiom_for_staticPermissions_in_Plotter 
794581     WARN  main            d.u.i.k.p.i.IntermediateProofReplayer Proof contains wrong number of \assumes instatiations for Definition_axiom_for_staticPermissions_in_BFilter 
794582     WARN  main            d.u.i.k.p.i.IntermediateProofReplayer Proof contains wrong number of \assumes instatiations for Definition_axiom_for_workingPermissions_in_Plotter 
794582     WARN  main            d.u.i.k.p.i.IntermediateProofReplayer Proof contains wrong number of \assumes instatiations for Definition_axiom_for_stateInv_in_Sampler 
794583     WARN  main            d.u.i.k.p.i.IntermediateProofReplayer Proof contains wrong number of \assumes instatiations for Definition_axiom_for_stateInv_in_Sampler 
794583     WARN  main            d.u.i.k.p.i.IntermediateProofReplayer Proof contains wrong number of \assumes instatiations for Definition_axiom_for_staticPermissions_in_Sampler 
794584     WARN  main            d.u.i.k.p.i.IntermediateProofReplayer Proof contains wrong number of \assumes instatiations for Definition_axiom_for_staticPermissions_in_BFilter 
794585     WARN  main            d.u.i.k.p.i.IntermediateProofReplayer Proof contains wrong number of \assumes instatiations for Definition_axiom_for_staticPermissions_in_AFilter 
794585     WARN  main            d.u.i.k.p.i.IntermediateProofReplayer Proof contains wrong number of \assumes instatiations for Definition_axiom_for_staticPermissions_in_Sampler 
794586     WARN  main            d.u.i.k.p.i.IntermediateProofReplayer Proof contains wrong number of \assumes instatiations for Definition_axiom_for_staticPermissions_in_Sampler 
794586     WARN  main            d.u.i.k.p.i.IntermediateProofReplayer Proof contains wrong number of \assumes instatiations for Definition_axiom_for_staticPermissions_in_Sampler 
794587     WARN  main            d.u.i.k.p.i.IntermediateProofReplayer Proof contains wrong number of \assumes instatiations for Definition_axiom_for_joinTransfer_in_Plotter 
794662     DEBUG main            d.u.i.k.p.i.IntermediateProofReplayer Proof replay took 97.47ms 
794663     INFO  main            d.u.i.k.p.r.p.TestFile    ... success: loaded 
4815801    INFO  Test worker     d.u.i.k.p.r.RunAllProofsTestUnit Returning from test permissionHeap 
4815801    INFO  Test worker     d.u.i.k.p.r.RunAllProofsTestUnit Running test completionScopes 
346        WARN  main            d.u.i.k.s.ProofSettings   The settings in /home/runner/.key/proof-settings.props are *not* read. 
349        INFO  Timeout watchdog d.u.i.k.p.r.p.ForkedTestFileRunner Timeout watcher launched (2000 secs.) 
395        INFO  main            d.u.i.k.p.r.p.TestFile    Now processing file /home/runner/work/key/key/key.core/../key.ui/examples/completionscopes/testCcatchReturnVal.key 
539        INFO  main            d.u.i.k.p.i.AbstractProblemLoader Loading environment from /home/runner/work/key/key/key.core/../key.ui/examples/completionscopes/testCcatchReturnVal.key 
554        DEBUG main            d.u.i.k.p.i.AbstractProblemLoader Environment load took 1.97ms 
764        INFO  main            d.u.i.k.p.i.AbstractProblemLoader Creating init config 
1533       DEBUG main            d.u.i.k.j.TypeConverter   No LDT found for Meta 
1534       DEBUG main            d.u.i.k.j.TypeConverter   No LDT found for Meta 
1535       DEBUG main            d.u.i.k.j.TypeConverter   No LDT found for Meta 
1535       DEBUG main            d.u.i.k.j.TypeConverter   No LDT found for Meta 
2953       DEBUG main            d.u.i.k.j.TypeConverter   No LDT found for JavaBigintExpression 
7899       DEBUG main            d.u.i.k.p.i.AbstractProblemLoader Init config took 7.14s 
8077       INFO  main            d.u.i.k.p.i.AbstractProblemLoader Replaying proof CompletionScopes[CompletionScopes::testCcatchReturnVal()].JML normal_behavior operation contract.0 
8112       DEBUG main            d.u.i.k.p.i.IntermediateProofReplayer Proof replay took 31.1ns 
8551       INFO  main            d.u.i.k.p.r.p.TestFile    ... finished proof: closed. 
8687       INFO  main            d.u.i.k.p.i.AbstractProblemLoader Loading environment from /home/runner/work/key/key/key.core/../key.ui/examples/completionscopes/testCcatchReturnVal.key.proof 
8687       DEBUG main            d.u.i.k.p.i.AbstractProblemLoader Environment load took 122.8ns 
8689       INFO  main            d.u.i.k.p.i.AbstractProblemLoader Creating init config 
11433      DEBUG main            d.u.i.k.p.i.AbstractProblemLoader Init config took 2.74s 
11499      INFO  main            d.u.i.k.p.i.AbstractProblemLoader Replaying proof CompletionScopes[CompletionScopes::testCcatchReturnVal()].JML normal_behavior operation contract.0 
11531      DEBUG main            d.u.i.k.p.i.IntermediateProofReplayer Proof replay took 27.86ms 
11537      DEBUG main            d.u.i.k.p.r.p.TestFile    ... success: reloaded. 
11538      INFO  main            d.u.i.k.p.r.p.TestFile    Now processing file /home/runner/work/key/key/key.core/../key.ui/examples/completionscopes/testMultCcatchClauses.key 
11539      INFO  main            d.u.i.k.p.i.AbstractProblemLoader Loading environment from /home/runner/work/key/key/key.core/../key.ui/examples/completionscopes/testMultCcatchClauses.key 
11539      DEBUG main            d.u.i.k.p.i.AbstractProblemLoader Environment load took 195.8ns 
11541      INFO  main            d.u.i.k.p.i.AbstractProblemLoader Creating init config 
14352      DEBUG main            d.u.i.k.p.i.AbstractProblemLoader Init config took 2.81s 
14430      INFO  main            d.u.i.k.p.i.AbstractProblemLoader Replaying proof CompletionScopes[CompletionScopes::testMultCcatchClauses()].JML normal_behavior operation contract.0 
14434      DEBUG main            d.u.i.k.p.i.IntermediateProofReplayer Proof replay took 5.5ns 
14939      INFO  main            d.u.i.k.p.r.p.TestFile    ... finished proof: closed. 
15066      INFO  main            d.u.i.k.p.i.AbstractProblemLoader Loading environment from /home/runner/work/key/key/key.core/../key.ui/examples/completionscopes/testMultCcatchClauses.key.proof 
15069      DEBUG main            d.u.i.k.p.i.AbstractProblemLoader Environment load took 2.97ms 
15070      INFO  main            d.u.i.k.p.i.AbstractProblemLoader Creating init config 
17678      DEBUG main            d.u.i.k.p.i.AbstractProblemLoader Init config took 2.61s 
17743      INFO  main            d.u.i.k.p.i.AbstractProblemLoader Replaying proof CompletionScopes[CompletionScopes::testMultCcatchClauses()].JML normal_behavior operation contract.0 
17831      DEBUG main            d.u.i.k.p.i.IntermediateProofReplayer Proof replay took 84.45ms 
17832      DEBUG main            d.u.i.k.p.r.p.TestFile    ... success: reloaded. 
17834      INFO  main            d.u.i.k.p.r.p.TestFile    Now processing file /home/runner/work/key/key/key.core/../key.ui/examples/completionscopes/testNestedExec.key 
17834      INFO  main            d.u.i.k.p.i.AbstractProblemLoader Loading environment from /home/runner/work/key/key/key.core/../key.ui/examples/completionscopes/testNestedExec.key 
17834      DEBUG main            d.u.i.k.p.i.AbstractProblemLoader Environment load took 169.2ns 
17836      INFO  main            d.u.i.k.p.i.AbstractProblemLoader Creating init config 
20434      DEBUG main            d.u.i.k.p.i.AbstractProblemLoader Init config took 2.6s 
20483      INFO  main            d.u.i.k.p.i.AbstractProblemLoader Replaying proof CompletionScopes[CompletionScopes::testMultCcatchClauses()].JML normal_behavior operation contract.0 
20485      DEBUG main            d.u.i.k.p.i.IntermediateProofReplayer Proof replay took 6ns 
20788      INFO  main            d.u.i.k.p.r.p.TestFile    ... finished proof: closed. 
20951      INFO  main            d.u.i.k.p.i.AbstractProblemLoader Loading environment from /home/runner/work/key/key/key.core/../key.ui/examples/completionscopes/testNestedExec.key.proof 
20951      DEBUG main            d.u.i.k.p.i.AbstractProblemLoader Environment load took 120.4ns 
20952      INFO  main            d.u.i.k.p.i.AbstractProblemLoader Creating init config 
23498      DEBUG main            d.u.i.k.p.i.AbstractProblemLoader Init config took 2.55s 
23543      INFO  main            d.u.i.k.p.i.AbstractProblemLoader Replaying proof CompletionScopes[CompletionScopes::testMultCcatchClauses()].JML normal_behavior operation contract.0 
23637      DEBUG main            d.u.i.k.p.i.IntermediateProofReplayer Proof replay took 91.02ms 
23638      DEBUG main            d.u.i.k.p.r.p.TestFile    ... success: reloaded. 
23640      INFO  main            d.u.i.k.p.r.p.TestFile    Now processing file /home/runner/work/key/key/key.core/../key.ui/examples/completionscopes/testCcatchBreakLabel.key 
23641      INFO  main            d.u.i.k.p.i.AbstractProblemLoader Loading environment from /home/runner/work/key/key/key.core/../key.ui/examples/completionscopes/testCcatchBreakLabel.key 
23641      DEBUG main            d.u.i.k.p.i.AbstractProblemLoader Environment load took 200.1ns 
23642      INFO  main            d.u.i.k.p.i.AbstractProblemLoader Creating init config 
26257      DEBUG main            d.u.i.k.p.i.AbstractProblemLoader Init config took 2.61s 
26303      INFO  main            d.u.i.k.p.i.AbstractProblemLoader Replaying proof CompletionScopes[CompletionScopes::testBreakLabel()].JML normal_behavior operation contract.0 
26305      DEBUG main            d.u.i.k.p.i.IntermediateProofReplayer Proof replay took 5.9ns 
26324      DEBUG Thread-10       d.u.i.k.l.o.ProgramSV     Match failed: Former match of  SchemaVariable incompatible with  the current match. 
26408      INFO  main            d.u.i.k.p.r.p.TestFile    ... finished proof: closed. 
26536      INFO  main            d.u.i.k.p.i.AbstractProblemLoader Loading environment from /home/runner/work/key/key/key.core/../key.ui/examples/completionscopes/testCcatchBreakLabel.key.proof 
26536      DEBUG main            d.u.i.k.p.i.AbstractProblemLoader Environment load took 126ns 
26537      INFO  main            d.u.i.k.p.i.AbstractProblemLoader Creating init config 
29053      DEBUG main            d.u.i.k.p.i.AbstractProblemLoader Init config took 2.52s 
29115      INFO  main            d.u.i.k.p.i.AbstractProblemLoader Replaying proof CompletionScopes[CompletionScopes::testBreakLabel()].JML normal_behavior operation contract.0 
29127      DEBUG main            d.u.i.k.p.i.IntermediateProofReplayer Proof replay took 8.65ms 
29128      DEBUG main            d.u.i.k.p.r.p.TestFile    ... success: reloaded. 
29130      INFO  main            d.u.i.k.p.r.p.TestFile    Now processing file /home/runner/work/key/key/key.core/../key.ui/examples/completionscopes/testCcatchContinueLabel.key 
29130      INFO  main            d.u.i.k.p.i.AbstractProblemLoader Loading environment from /home/runner/work/key/key/key.core/../key.ui/examples/completionscopes/testCcatchContinueLabel.key 
29130      DEBUG main            d.u.i.k.p.i.AbstractProblemLoader Environment load took 89.8ns 
29132      INFO  main            d.u.i.k.p.i.AbstractProblemLoader Creating init config 
31708      DEBUG main            d.u.i.k.p.i.AbstractProblemLoader Init config took 2.58s 
31770      INFO  main            d.u.i.k.p.i.AbstractProblemLoader Replaying proof CompletionScopes[CompletionScopes::testContinueLabel()].JML normal_behavior operation contract.0 
31773      DEBUG main            d.u.i.k.p.i.IntermediateProofReplayer Proof replay took 6.6ns 
31796      DEBUG Thread-13       d.u.i.k.l.o.ProgramSV     Match failed: Former match of  SchemaVariable incompatible with  the current match. 
31874      INFO  main            d.u.i.k.p.r.p.TestFile    ... finished proof: closed. 
32009      INFO  main            d.u.i.k.p.i.AbstractProblemLoader Loading environment from /home/runner/work/key/key/key.core/../key.ui/examples/completionscopes/testCcatchContinueLabel.key.proof 
32010      DEBUG main            d.u.i.k.p.i.AbstractProblemLoader Environment load took 112.7ns 
32010      INFO  main            d.u.i.k.p.i.AbstractProblemLoader Creating init config 
34549      DEBUG main            d.u.i.k.p.i.AbstractProblemLoader Init config took 2.54s 
34589      INFO  main            d.u.i.k.p.i.AbstractProblemLoader Replaying proof CompletionScopes[CompletionScopes::testContinueLabel()].JML normal_behavior operation contract.0 
34598      DEBUG main            d.u.i.k.p.i.IntermediateProofReplayer Proof replay took 7.7ms 
34599      DEBUG main            d.u.i.k.p.r.p.TestFile    ... success: reloaded. 
34600      INFO  main            d.u.i.k.p.r.p.TestFile    Now processing file /home/runner/work/key/key/key.core/../key.ui/examples/completionscopes/testCcatchBreakLabelWildcard.key 
34600      INFO  main            d.u.i.k.p.i.AbstractProblemLoader Loading environment from /home/runner/work/key/key/key.core/../key.ui/examples/completionscopes/testCcatchBreakLabelWildcard.key 
34600      DEBUG main            d.u.i.k.p.i.AbstractProblemLoader Environment load took 95ns 
34601      INFO  main            d.u.i.k.p.i.AbstractProblemLoader Creating init config 
37110      DEBUG main            d.u.i.k.p.i.AbstractProblemLoader Init config took 2.51s 
37159      INFO  main            d.u.i.k.p.i.AbstractProblemLoader Replaying proof CompletionScopes[CompletionScopes::testBreakLabelWildcard()].JML normal_behavior operation contract.0 
37161      DEBUG main            d.u.i.k.p.i.IntermediateProofReplayer Proof replay took 6.1ns 
37181      DEBUG Thread-16       d.u.i.k.l.o.ProgramSV     Match failed: Former match of  SchemaVariable incompatible with  the current match. 
37183      DEBUG Thread-16       d.u.i.k.l.o.ProgramSV     Match failed: Former match of  SchemaVariable incompatible with  the current match. 
37268      INFO  main            d.u.i.k.p.r.p.TestFile    ... finished proof: closed. 
37406      INFO  main            d.u.i.k.p.i.AbstractProblemLoader Loading environment from /home/runner/work/key/key/key.core/../key.ui/examples/completionscopes/testCcatchBreakLabelWildcard.key.proof 
37406      DEBUG main            d.u.i.k.p.i.AbstractProblemLoader Environment load took 106.1ns 
37407      INFO  main            d.u.i.k.p.i.AbstractProblemLoader Creating init config 
39875      DEBUG main            d.u.i.k.p.i.AbstractProblemLoader Init config took 2.47s 
39930      INFO  main            d.u.i.k.p.i.AbstractProblemLoader Replaying proof CompletionScopes[CompletionScopes::testBreakLabelWildcard()].JML normal_behavior operation contract.0 
39940      DEBUG main            d.u.i.k.p.i.IntermediateProofReplayer Proof replay took 7.86ms 
39941      DEBUG main            d.u.i.k.p.r.p.TestFile    ... success: reloaded. 
39942      INFO  main            d.u.i.k.p.r.p.TestFile    Now processing file /home/runner/work/key/key/key.core/../key.ui/examples/completionscopes/testCcatchContinueLabelWildcard.key 
39942      INFO  main            d.u.i.k.p.i.AbstractProblemLoader Loading environment from /home/runner/work/key/key/key.core/../key.ui/examples/completionscopes/testCcatchContinueLabelWildcard.key 
39942      DEBUG main            d.u.i.k.p.i.AbstractProblemLoader Environment load took 110.4ns 
39943      INFO  main            d.u.i.k.p.i.AbstractProblemLoader Creating init config 
42458      DEBUG main            d.u.i.k.p.i.AbstractProblemLoader Init config took 2.51s 
42499      INFO  main            d.u.i.k.p.i.AbstractProblemLoader Replaying proof CompletionScopes[CompletionScopes::testContinueLabelWildcard()].JML normal_behavior operation contract.0 
42501      DEBUG main            d.u.i.k.p.i.IntermediateProofReplayer Proof replay took 5.9ns 
42520      DEBUG Thread-19       d.u.i.k.l.o.ProgramSV     Match failed: Former match of  SchemaVariable incompatible with  the current match. 
42521      DEBUG Thread-19       d.u.i.k.l.o.ProgramSV     Match failed: Former match of  SchemaVariable incompatible with  the current match. 
42604      INFO  main            d.u.i.k.p.r.p.TestFile    ... finished proof: closed. 
42748      INFO  main            d.u.i.k.p.i.AbstractProblemLoader Loading environment from /home/runner/work/key/key/key.core/../key.ui/examples/completionscopes/testCcatchContinueLabelWildcard.key.proof 
42748      DEBUG main            d.u.i.k.p.i.AbstractProblemLoader Environment load took 105.7ns 
42749      INFO  main            d.u.i.k.p.i.AbstractProblemLoader Creating init config 
45217      DEBUG main            d.u.i.k.p.i.AbstractProblemLoader Init config took 2.47s 
45261      INFO  main            d.u.i.k.p.i.AbstractProblemLoader Replaying proof CompletionScopes[CompletionScopes::testContinueLabelWildcard()].JML normal_behavior operation contract.0 
45272      DEBUG main            d.u.i.k.p.i.IntermediateProofReplayer Proof replay took 7.97ms 
45273      DEBUG main            d.u.i.k.p.r.p.TestFile    ... success: reloaded. 
45274      INFO  main            d.u.i.k.p.r.p.TestFile    Now processing file /home/runner/work/key/key/key.core/../key.ui/examples/completionscopes/testCcatchBreakLabelNonmatchingNested.key 
45274      INFO  main            d.u.i.k.p.i.AbstractProblemLoader Loading environment from /home/runner/work/key/key/key.core/../key.ui/examples/completionscopes/testCcatchBreakLabelNonmatchingNested.key 
45274      DEBUG main            d.u.i.k.p.i.AbstractProblemLoader Environment load took 83.7ns 
45275      INFO  main            d.u.i.k.p.i.AbstractProblemLoader Creating init config 
47773      DEBUG main            d.u.i.k.p.i.AbstractProblemLoader Init config took 2.5s 
47823      INFO  main            d.u.i.k.p.i.AbstractProblemLoader Replaying proof CompletionScopes[CompletionScopes::testBreakLabelNonmatchingNested()].JML normal_behavior operation contract.0 
47826      DEBUG main            d.u.i.k.p.i.IntermediateProofReplayer Proof replay took 6.5ns 
47842      DEBUG Thread-22       d.u.i.k.l.o.ProgramSV     Match failed: Former match of  SchemaVariable incompatible with  the current match. 
47844      DEBUG Thread-22       d.u.i.k.l.o.ProgramSV     Match failed: Former match of  SchemaVariable incompatible with  the current match. 
47927      INFO  main            d.u.i.k.p.r.p.TestFile    ... finished proof: closed. 
48109      INFO  main            d.u.i.k.p.i.AbstractProblemLoader Loading environment from /home/runner/work/key/key/key.core/../key.ui/examples/completionscopes/testCcatchBreakLabelNonmatchingNested.key.proof 
48109      DEBUG main            d.u.i.k.p.i.AbstractProblemLoader Environment load took 113ns 
48110      INFO  main            d.u.i.k.p.i.AbstractProblemLoader Creating init config 
50604      DEBUG main            d.u.i.k.p.i.AbstractProblemLoader Init config took 2.49s 
50642      INFO  main            d.u.i.k.p.i.AbstractProblemLoader Replaying proof CompletionScopes[CompletionScopes::testBreakLabelNonmatchingNested()].JML normal_behavior operation contract.0 
50651      DEBUG main            d.u.i.k.p.i.IntermediateProofReplayer Proof replay took 8.07ms 
50652      DEBUG main            d.u.i.k.p.r.p.TestFile    ... success: reloaded. 
4866621    INFO  Test worker     d.u.i.k.p.r.RunAllProofsTestUnit Returning from test completionScopes 
4866622    INFO  Test worker     d.u.i.k.p.r.RunAllProofsTestUnit Running test reload_examples 
302        INFO  Timeout watchdog d.u.i.k.p.r.p.ForkedTestFileRunner Timeout watcher launched (2000 secs.) 
308        WARN  main            d.u.i.k.s.ProofSettings   The settings in /home/runner/.key/proof-settings.props are *not* read. 
334        INFO  main            d.u.i.k.p.r.p.TestFile    Now processing file /home/runner/work/key/key/key.core/../key.ui/examples/firstTouch/05-ReverseArray/reverseArray.key 
451        INFO  main            d.u.i.k.p.i.AbstractProblemLoader Loading environment from /home/runner/work/key/key/key.core/../key.ui/examples/firstTouch/05-ReverseArray/reverseArray.key 
470        DEBUG main            d.u.i.k.p.i.AbstractProblemLoader Environment load took 3.46ms 
680        INFO  main            d.u.i.k.p.i.AbstractProblemLoader Creating init config 
1512       DEBUG main            d.u.i.k.j.TypeConverter   No LDT found for Meta 
1512       DEBUG main            d.u.i.k.j.TypeConverter   No LDT found for Meta 
1513       DEBUG main            d.u.i.k.j.TypeConverter   No LDT found for Meta 
1513       DEBUG main            d.u.i.k.j.TypeConverter   No LDT found for Meta 
3112       DEBUG main            d.u.i.k.j.TypeConverter   No LDT found for JavaBigintExpression 
7756       DEBUG main            d.u.i.k.p.i.AbstractProblemLoader Init config took 7.07s 
7862       INFO  main            d.u.i.k.p.i.AbstractProblemLoader Replaying proof ReverseArray[ReverseArray::reverse()].JML normal_behavior operation contract.0 
7909       DEBUG main            d.u.i.k.p.i.IntermediateProofReplayer Proof replay took 31.4ns 
17403      INFO  main            d.u.i.k.p.r.p.TestFile    ... finished proof: closed. 
17601      INFO  main            d.u.i.k.p.i.AbstractProblemLoader Loading environment from /home/runner/work/key/key/key.core/../key.ui/examples/firstTouch/05-ReverseArray/reverseArray.key.proof 
17603      DEBUG main            d.u.i.k.p.i.AbstractProblemLoader Environment load took 1.94ms 
17606      INFO  main            d.u.i.k.p.i.AbstractProblemLoader Creating init config 
20323      DEBUG main            d.u.i.k.p.i.AbstractProblemLoader Init config took 2.72s 
20371      INFO  main            d.u.i.k.p.i.AbstractProblemLoader Replaying proof ReverseArray[ReverseArray::reverse()].JML normal_behavior operation contract.0 
21495      DEBUG main            d.u.i.k.p.i.IntermediateProofReplayer Proof replay took 1.06s 
21505      DEBUG main            d.u.i.k.p.r.p.TestFile    ... success: reloaded. 
21506      INFO  main            d.u.i.k.p.r.p.TestFile    Now processing file /home/runner/work/key/key/key.core/../key.ui/examples/standard_key/arith/saveProofTest.key.proof 
21507      INFO  main            d.u.i.k.p.i.AbstractProblemLoader Loading environment from /home/runner/work/key/key/key.core/../key.ui/examples/standard_key/arith/saveProofTest.key.proof 
21507      DEBUG main            d.u.i.k.p.i.AbstractProblemLoader Environment load took 187.7ns 
21509      INFO  main            d.u.i.k.p.i.AbstractProblemLoader Creating init config 
23850      DEBUG main            d.u.i.k.p.i.AbstractProblemLoader Init config took 2.34s 
23877      INFO  main            d.u.i.k.p.i.AbstractProblemLoader Replaying proof saveProofTest.key.proof 
23884      DEBUG main            d.u.i.k.p.i.IntermediateProofReplayer Proof replay took 2.68ms 
23885      INFO  main            d.u.i.k.p.r.p.TestFile    ... success: loaded 
23886      INFO  main            d.u.i.k.p.r.p.TestFile    Now processing file /home/runner/work/key/key/key.core/../key.ui/examples/heap/permutedSum/perm.proof 
23886      INFO  main            d.u.i.k.p.i.AbstractProblemLoader Loading environment from /home/runner/work/key/key/key.core/../key.ui/examples/heap/permutedSum/perm.proof 
23886      DEBUG main            d.u.i.k.p.i.AbstractProblemLoader Environment load took 173.3ns 
23889      INFO  main            d.u.i.k.p.i.AbstractProblemLoader Creating init config 
26531      DEBUG main            d.u.i.k.p.i.AbstractProblemLoader Init config took 2.64s 
26620      INFO  main            d.u.i.k.p.i.AbstractProblemLoader Replaying proof Perm[Perm::foo()].JML normal_behavior operation contract.0 
27725      DEBUG main            d.u.i.k.p.i.IntermediateProofReplayer Proof replay took 1.05s 
27727      INFO  main            d.u.i.k.p.r.p.TestFile    ... success: loaded 
27729      INFO  main            d.u.i.k.p.r.p.TestFile    Now processing file /home/runner/work/key/key/key.core/../key.ui/examples/firstTouch/05-ReverseArray/reverseArray.proof 
27729      INFO  main            d.u.i.k.p.i.AbstractProblemLoader Loading environment from /home/runner/work/key/key/key.core/../key.ui/examples/firstTouch/05-ReverseArray/reverseArray.proof 
27729      DEBUG main            d.u.i.k.p.i.AbstractProblemLoader Environment load took 197.5ns 
27731      INFO  main            d.u.i.k.p.i.AbstractProblemLoader Creating init config 
30244      DEBUG main            d.u.i.k.p.i.AbstractProblemLoader Init config took 2.51s 
30283      INFO  main            d.u.i.k.p.i.AbstractProblemLoader Replaying proof ReverseArray[ReverseArray::reverse()].JML normal_behavior operation contract.0 
31296      DEBUG main            d.u.i.k.p.i.IntermediateProofReplayer Proof replay took 973.61ms 
31299      INFO  main            d.u.i.k.p.r.p.TestFile    ... success: loaded 
31300      INFO  main            d.u.i.k.p.r.p.TestFile    Now processing file /home/runner/work/key/key/key.core/../key.ui/examples/heap/verifyThis15_1_RelaxedPrefix/relax.proof 
31300      INFO  main            d.u.i.k.p.i.AbstractProblemLoader Loading environment from /home/runner/work/key/key/key.core/../key.ui/examples/heap/verifyThis15_1_RelaxedPrefix/relax.proof 
31300      DEBUG main            d.u.i.k.p.i.AbstractProblemLoader Environment load took 160.7ns 
31302      INFO  main            d.u.i.k.p.i.AbstractProblemLoader Creating init config 
33739      DEBUG main            d.u.i.k.p.i.AbstractProblemLoader Init config took 2.44s 
33783      INFO  main            d.u.i.k.p.i.AbstractProblemLoader Replaying proof Relaxed[Relaxed::isRelaxedPrefix([I,[I)].JML operation contract.0 
34220      DEBUG main            d.u.i.k.p.i.IntermediateProofReplayer Proof replay took 418.76ms 
34222      INFO  main            d.u.i.k.p.r.p.TestFile    ... success: loaded 
34223      INFO  main            d.u.i.k.p.r.p.TestFile    Now processing file /home/runner/work/key/key/key.core/../key.ui/examples/heap/verifyThis15_3_DLL/doUndo.proof 
34223      INFO  main            d.u.i.k.p.i.AbstractProblemLoader Loading environment from /home/runner/work/key/key/key.core/../key.ui/examples/heap/verifyThis15_3_DLL/doUndo.proof 
34224      DEBUG main            d.u.i.k.p.i.AbstractProblemLoader Environment load took 167.9ns 
34226      INFO  main            d.u.i.k.p.i.AbstractProblemLoader Creating init config 
35112      DEBUG main            d.u.i.k.j.r.ClassPreparationMethodBuilder clPrepBuilder: Inner Class detected. Reject building class initialisation methods. 
36870      DEBUG main            d.u.i.k.p.i.AbstractProblemLoader Init config took 2.64s 
36949      INFO  main            d.u.i.k.p.i.AbstractProblemLoader Replaying proof DoubleLinkedList[DoubleLinkedList::doUndo(DoubleLinkedList.Node,int)].JML normal_behavior operation contract.0 
37658      DEBUG main            d.u.i.k.p.i.IntermediateProofReplayer Proof replay took 677.48ms 
37660      INFO  main            d.u.i.k.p.r.p.TestFile    ... success: loaded 
37661      INFO  main            d.u.i.k.p.r.p.TestFile    Now processing file /home/runner/work/key/key/key.core/../key.ui/examples/heap/verifyThis15_2_ParallelGcd/parallelGcd.proof 
37662      INFO  main            d.u.i.k.p.i.AbstractProblemLoader Loading environment from /home/runner/work/key/key/key.core/../key.ui/examples/heap/verifyThis15_2_ParallelGcd/parallelGcd.proof 
37662      DEBUG main            d.u.i.k.p.i.AbstractProblemLoader Environment load took 166.2ns 
37664      INFO  main            d.u.i.k.p.i.AbstractProblemLoader Creating init config 
40204      DEBUG main            d.u.i.k.p.i.AbstractProblemLoader Init config took 2.54s 
40274      INFO  main            d.u.i.k.p.i.AbstractProblemLoader Replaying proof ParallelGcd[ParallelGcd::parallelGcd(int,int,[Z)].JML behavior operation contract.0 
40836      DEBUG main            d.u.i.k.p.i.IntermediateProofReplayer Proof replay took 545.51ms 
40837      INFO  main            d.u.i.k.p.r.p.TestFile    ... success: loaded 
4907634    INFO  Test worker     d.u.i.k.p.r.RunAllProofsTestUnit Returning from test reload_examples 
4907635    INFO  Test worker     d.u.i.k.p.r.RunAllProofsTestUnit Running test proofLoadRepair 
342        INFO  Timeout watchdog d.u.i.k.p.r.p.ForkedTestFileRunner Timeout watcher launched (2000 secs.) 
352        WARN  main            d.u.i.k.s.ProofSettings   The settings in /home/runner/.key/proof-settings.props are *not* read. 
384        INFO  main            d.u.i.k.p.r.p.TestFile    Now processing file /home/runner/work/key/key/key.core/../key.ui/examples/proofLoadRepair/disjConj-manipulated.proof 
507        INFO  main            d.u.i.k.p.i.AbstractProblemLoader Loading environment from /home/runner/work/key/key/key.core/../key.ui/examples/proofLoadRepair/disjConj-manipulated.proof 
526        DEBUG main            d.u.i.k.p.i.AbstractProblemLoader Environment load took 2.54ms 
753        INFO  main            d.u.i.k.p.i.AbstractProblemLoader Creating init config 
1582       DEBUG main            d.u.i.k.j.TypeConverter   No LDT found for Meta 
1583       DEBUG main            d.u.i.k.j.TypeConverter   No LDT found for Meta 
1584       DEBUG main            d.u.i.k.j.TypeConverter   No LDT found for Meta 
1584       DEBUG main            d.u.i.k.j.TypeConverter   No LDT found for Meta 
3305       DEBUG main            d.u.i.k.j.TypeConverter   No LDT found for JavaBigintExpression 
7705       DEBUG main            d.u.i.k.p.i.AbstractProblemLoader Init config took 6.95s 
7768       INFO  main            d.u.i.k.p.i.AbstractProblemLoader Replaying proof disjConj-manipulated.proof 
7809       WARN  main            d.u.i.k.p.i.IntermediateProofReplayer Proof contains wrong number of \assumes instatiations for andLeft 
7810       WARN  main            d.u.i.k.p.i.IntermediateProofReplayer Proof contains wrong number of \assumes instatiations for replace_known_right 
7813       WARN  main            d.u.i.k.p.i.IntermediateProofReplayer Proof contains wrong number of \assumes instatiations for close 
7814       DEBUG main            d.u.i.k.p.i.IntermediateProofReplayer Proof replay took 15.81ms 
7818       INFO  main            d.u.i.k.p.r.p.TestFile    ... success: loaded 
7822       INFO  main            d.u.i.k.p.r.p.TestFile    Now processing file /home/runner/work/key/key/key.core/../key.ui/examples/proofLoadRepair/insufficient-manipulated.proof 
7822       INFO  main            d.u.i.k.p.i.AbstractProblemLoader Loading environment from /home/runner/work/key/key/key.core/../key.ui/examples/proofLoadRepair/insufficient-manipulated.proof 
7822       DEBUG main            d.u.i.k.p.i.AbstractProblemLoader Environment load took 225.8ns 
7826       INFO  main            d.u.i.k.p.i.AbstractProblemLoader Creating init config 
10400      DEBUG main            d.u.i.k.p.i.AbstractProblemLoader Init config took 2.57s 
10420      INFO  main            d.u.i.k.p.i.AbstractProblemLoader Replaying proof insufficient-manipulated.proof 
10439      WARN  main            d.u.i.k.p.i.IntermediateProofReplayer Proof contains wrong number of \assumes instatiations for applyEq 
10447      DEBUG main            d.u.i.k.p.i.IntermediateProofReplayer Proof replay took 11.07ms 
10449      INFO  main            d.u.i.k.p.r.p.TestFile    ... success: loading failed 
10450      INFO  main            d.u.i.k.p.r.p.TestFile    Now processing file /home/runner/work/key/key/key.core/../key.ui/examples/../../key.core/src/test/resources/testcase/issues/1716/incorrectPolarity.proof 
10450      INFO  main            d.u.i.k.p.i.AbstractProblemLoader Loading environment from /home/runner/work/key/key/key.core/../key.ui/examples/../../key.core/src/test/resources/testcase/issues/1716/incorrectPolarity.proof 
10451      DEBUG main            d.u.i.k.p.i.AbstractProblemLoader Environment load took 180.3ns 
10452      INFO  main            d.u.i.k.p.i.AbstractProblemLoader Creating init config 
12842      DEBUG main            d.u.i.k.p.i.AbstractProblemLoader Init config took 2.39s 
12898      INFO  main            d.u.i.k.p.i.AbstractProblemLoader Replaying proof incorrectPolarity.proof 
12900      DEBUG main            d.u.i.k.p.i.IntermediateProofReplayer Proof replay took 182.4ns 
12901      INFO  main            d.u.i.k.p.r.p.TestFile    ... success: loading failed 
12901      INFO  main            d.u.i.k.p.r.p.TestFile    Now processing file /home/runner/work/key/key/key.core/../key.ui/examples/../../key.core/src/test/resources/testcase/issues/1716/incorrectPolarity2.proof 
12902      INFO  main            d.u.i.k.p.i.AbstractProblemLoader Loading environment from /home/runner/work/key/key/key.core/../key.ui/examples/../../key.core/src/test/resources/testcase/issues/1716/incorrectPolarity2.proof 
12902      DEBUG main            d.u.i.k.p.i.AbstractProblemLoader Environment load took 70.4ns 
12903      INFO  main            d.u.i.k.p.i.AbstractProblemLoader Creating init config 
15319      DEBUG main            d.u.i.k.p.i.AbstractProblemLoader Init config took 2.42s 
15341      INFO  main            d.u.i.k.p.i.AbstractProblemLoader Replaying proof incorrectPolarity2.proof 
15343      DEBUG main            d.u.i.k.p.i.IntermediateProofReplayer Proof replay took 321.3ns 
15344      INFO  main            d.u.i.k.p.r.p.TestFile    ... success: loading failed 
15345      INFO  main            d.u.i.k.p.r.p.TestFile    Now processing file /home/runner/work/key/key/key.core/../key.ui/examples/../../key.core/src/test/resources/testcase/issues/1716/incorrectPolarity3.proof 
15345      INFO  main            d.u.i.k.p.i.AbstractProblemLoader Loading environment from /home/runner/work/key/key/key.core/../key.ui/examples/../../key.core/src/test/resources/testcase/issues/1716/incorrectPolarity3.proof 
15345      DEBUG main            d.u.i.k.p.i.AbstractProblemLoader Environment load took 176ns 
15346      INFO  main            d.u.i.k.p.i.AbstractProblemLoader Creating init config 
17567      DEBUG main            d.u.i.k.p.i.AbstractProblemLoader Init config took 2.22s 
17587      INFO  main            d.u.i.k.p.i.AbstractProblemLoader Replaying proof incorrectPolarity3.proof 
17591      DEBUG main            d.u.i.k.p.i.IntermediateProofReplayer Proof replay took 1.56ms 
17591      INFO  main            d.u.i.k.p.r.p.TestFile    ... success: loading failed 
4925395    INFO  Test worker     d.u.i.k.p.r.RunAllProofsTestUnit Returning from test proofLoadRepair 
4925396    INFO  Test worker     d.u.i.k.p.r.RunAllProofsTestUnit Running test switch 
340        INFO  Timeout watchdog d.u.i.k.p.r.p.ForkedTestFileRunner Timeout watcher launched (2000 secs.) 
355        WARN  main            d.u.i.k.s.ProofSettings   The settings in /home/runner/.key/proof-settings.props are *not* read. 
383        INFO  main            d.u.i.k.p.r.p.TestFile    Now processing file /home/runner/work/key/key/key.core/../key.ui/examples/standard_key/java_dl/switch/labeled_case.key 
496        INFO  main            d.u.i.k.p.i.AbstractProblemLoader Loading environment from /home/runner/work/key/key/key.core/../key.ui/examples/standard_key/java_dl/switch/labeled_case.key 
518        DEBUG main            d.u.i.k.p.i.AbstractProblemLoader Environment load took 1.95ms 
724        INFO  main            d.u.i.k.p.i.AbstractProblemLoader Creating init config 
1642       DEBUG main            d.u.i.k.j.TypeConverter   No LDT found for Meta 
1642       DEBUG main            d.u.i.k.j.TypeConverter   No LDT found for Meta 
1643       DEBUG main            d.u.i.k.j.TypeConverter   No LDT found for Meta 
1644       DEBUG main            d.u.i.k.j.TypeConverter   No LDT found for Meta 
2870       DEBUG main            d.u.i.k.j.TypeConverter   No LDT found for JavaBigintExpression 
7331       DEBUG main            d.u.i.k.p.i.AbstractProblemLoader Init config took 6.61s 
7509       INFO  main            d.u.i.k.p.i.AbstractProblemLoader Replaying proof LabeledCase[LabeledCase::m(int)].JML normal_behavior operation contract.0 
7547       DEBUG main            d.u.i.k.p.i.IntermediateProofReplayer Proof replay took 31.1ns 
8175       INFO  main            d.u.i.k.p.r.p.TestFile    ... finished proof: closed. 
8278       INFO  main            d.u.i.k.p.i.AbstractProblemLoader Loading environment from /home/runner/work/key/key/key.core/../key.ui/examples/standard_key/java_dl/switch/labeled_case.key.proof 
8278       DEBUG main            d.u.i.k.p.i.AbstractProblemLoader Environment load took 341.8ns 
8281       INFO  main            d.u.i.k.p.i.AbstractProblemLoader Creating init config 
10965      DEBUG main            d.u.i.k.p.i.AbstractProblemLoader Init config took 2.68s 
11037      INFO  main            d.u.i.k.p.i.AbstractProblemLoader Replaying proof LabeledCase[LabeledCase::m(int)].JML normal_behavior operation contract.0 
11093      DEBUG main            d.u.i.k.p.i.IntermediateProofReplayer Proof replay took 50.5ms 
11099      DEBUG main            d.u.i.k.p.r.p.TestFile    ... success: reloaded. 
11100      INFO  main            d.u.i.k.p.r.p.TestFile    Now processing file /home/runner/work/key/key/key.core/../key.ui/examples/standard_key/java_dl/switch/empty_switch.key 
11100      INFO  main            d.u.i.k.p.i.AbstractProblemLoader Loading environment from /home/runner/work/key/key/key.core/../key.ui/examples/standard_key/java_dl/switch/empty_switch.key 
11100      DEBUG main            d.u.i.k.p.i.AbstractProblemLoader Environment load took 194.2ns 
11102      INFO  main            d.u.i.k.p.i.AbstractProblemLoader Creating init config 
13521      DEBUG main            d.u.i.k.p.i.AbstractProblemLoader Init config took 2.42s 
13550      INFO  main            d.u.i.k.p.i.AbstractProblemLoader Replaying proof empty_switch.key 
13552      DEBUG main            d.u.i.k.p.i.IntermediateProofReplayer Proof replay took 5.7ns 
13658      INFO  main            d.u.i.k.p.r.p.TestFile    ... finished proof: closed. 
13794      INFO  main            d.u.i.k.p.i.AbstractProblemLoader Loading environment from /home/runner/work/key/key/key.core/../key.ui/examples/standard_key/java_dl/switch/empty_switch.key.proof 
13794      DEBUG main            d.u.i.k.p.i.AbstractProblemLoader Environment load took 118.8ns 
13795      INFO  main            d.u.i.k.p.i.AbstractProblemLoader Creating init config 
16143      DEBUG main            d.u.i.k.p.i.AbstractProblemLoader Init config took 2.35s 
16167      INFO  main            d.u.i.k.p.i.AbstractProblemLoader Replaying proof empty_switch.key.proof 
16172      DEBUG main            d.u.i.k.p.i.IntermediateProofReplayer Proof replay took 1.83ms 
16173      DEBUG main            d.u.i.k.p.r.p.TestFile    ... success: reloaded. 
16173      INFO  main            d.u.i.k.p.r.p.TestFile    Now processing file /home/runner/work/key/key/key.core/../key.ui/examples/standard_key/java_dl/switch/empty_switch_null.key 
16174      INFO  main            d.u.i.k.p.i.AbstractProblemLoader Loading environment from /home/runner/work/key/key/key.core/../key.ui/examples/standard_key/java_dl/switch/empty_switch_null.key 
16174      DEBUG main            d.u.i.k.p.i.AbstractProblemLoader Environment load took 162.3ns 
16175      INFO  main            d.u.i.k.p.i.AbstractProblemLoader Creating init config 
18524      DEBUG main            d.u.i.k.p.i.AbstractProblemLoader Init config took 2.35s 
18548      INFO  main            d.u.i.k.p.i.AbstractProblemLoader Replaying proof empty_switch_null.key 
18552      DEBUG main            d.u.i.k.p.i.IntermediateProofReplayer Proof replay took 5.8ns 
18755      INFO  main            d.u.i.k.p.r.p.TestFile    ... finished proof: closed. 
18878      INFO  main            d.u.i.k.p.i.AbstractProblemLoader Loading environment from /home/runner/work/key/key/key.core/../key.ui/examples/standard_key/java_dl/switch/empty_switch_null.key.proof 
18878      DEBUG main            d.u.i.k.p.i.AbstractProblemLoader Environment load took 126.5ns 
18881      INFO  main            d.u.i.k.p.i.AbstractProblemLoader Creating init config 
21229      DEBUG main            d.u.i.k.p.i.AbstractProblemLoader Init config took 2.35s 
21249      INFO  main            d.u.i.k.p.i.AbstractProblemLoader Replaying proof empty_switch_null.key.proof 
21279      DEBUG main            d.u.i.k.p.i.IntermediateProofReplayer Proof replay took 26.42ms 
21280      DEBUG main            d.u.i.k.p.r.p.TestFile    ... success: reloaded. 
21280      INFO  main            d.u.i.k.p.r.p.TestFile    Now processing file /home/runner/work/key/key/key.core/../key.ui/examples/standard_key/java_dl/switch/empty_switch_null_catch.key 
21281      INFO  main            d.u.i.k.p.i.AbstractProblemLoader Loading environment from /home/runner/work/key/key/key.core/../key.ui/examples/standard_key/java_dl/switch/empty_switch_null_catch.key 
21281      DEBUG main            d.u.i.k.p.i.AbstractProblemLoader Environment load took 163.7ns 
21282      INFO  main            d.u.i.k.p.i.AbstractProblemLoader Creating init config 
23579      DEBUG main            d.u.i.k.p.i.AbstractProblemLoader Init config took 2.3s 
23599      INFO  main            d.u.i.k.p.i.AbstractProblemLoader Replaying proof empty_switch_null_catch.key 
23601      DEBUG main            d.u.i.k.p.i.IntermediateProofReplayer Proof replay took 5.3ns 
23706      INFO  main            d.u.i.k.p.r.p.TestFile    ... finished proof: closed. 
23855      INFO  main            d.u.i.k.p.i.AbstractProblemLoader Loading environment from /home/runner/work/key/key/key.core/../key.ui/examples/standard_key/java_dl/switch/empty_switch_null_catch.key.proof 
23855      DEBUG main            d.u.i.k.p.i.AbstractProblemLoader Environment load took 309.5ns 
23857      INFO  main            d.u.i.k.p.i.AbstractProblemLoader Creating init config 
26112      DEBUG main            d.u.i.k.p.i.AbstractProblemLoader Init config took 2.26s 
26138      INFO  main            d.u.i.k.p.i.AbstractProblemLoader Replaying proof empty_switch_null_catch.key.proof 
26191      DEBUG main            d.u.i.k.p.i.IntermediateProofReplayer Proof replay took 48.56ms 
26193      DEBUG main            d.u.i.k.p.r.p.TestFile    ... success: reloaded. 
26193      INFO  main            d.u.i.k.p.r.p.TestFile    Now processing file /home/runner/work/key/key/key.core/../key.ui/examples/standard_key/java_dl/switch/empty_switch_array_out_of_bounds.key 
26194      INFO  main            d.u.i.k.p.i.AbstractProblemLoader Loading environment from /home/runner/work/key/key/key.core/../key.ui/examples/standard_key/java_dl/switch/empty_switch_array_out_of_bounds.key 
26194      DEBUG main            d.u.i.k.p.i.AbstractProblemLoader Environment load took 160.7ns 
26195      INFO  main            d.u.i.k.p.i.AbstractProblemLoader Creating init config 
28493      DEBUG main            d.u.i.k.p.i.AbstractProblemLoader Init config took 2.3s 
28513      INFO  main            d.u.i.k.p.i.AbstractProblemLoader Replaying proof empty_switch_array_out_of_bounds.key 
28515      DEBUG main            d.u.i.k.p.i.IntermediateProofReplayer Proof replay took 6.5ns 
28722      INFO  main            d.u.i.k.p.r.p.TestFile    ... finished proof: closed. 
28866      INFO  main            d.u.i.k.p.i.AbstractProblemLoader Loading environment from /home/runner/work/key/key/key.core/../key.ui/examples/standard_key/java_dl/switch/empty_switch_array_out_of_bounds.key.proof 
28866      DEBUG main            d.u.i.k.p.i.AbstractProblemLoader Environment load took 327ns 
28867      INFO  main            d.u.i.k.p.i.AbstractProblemLoader Creating init config 
31092      DEBUG main            d.u.i.k.p.i.AbstractProblemLoader Init config took 2.22s 
31111      INFO  main            d.u.i.k.p.i.AbstractProblemLoader Replaying proof empty_switch_array_out_of_bounds.key.proof 
31159      DEBUG main            d.u.i.k.p.i.IntermediateProofReplayer Proof replay took 44.52ms 
31160      DEBUG main            d.u.i.k.p.r.p.TestFile    ... success: reloaded. 
31161      INFO  main            d.u.i.k.p.r.p.TestFile    Now processing file /home/runner/work/key/key/key.core/../key.ui/examples/standard_key/java_dl/switch/empty_switch_array_out_of_bounds_catch.key 
31162      INFO  main            d.u.i.k.p.i.AbstractProblemLoader Loading environment from /home/runner/work/key/key/key.core/../key.ui/examples/standard_key/java_dl/switch/empty_switch_array_out_of_bounds_catch.key 
31162      DEBUG main            d.u.i.k.p.i.AbstractProblemLoader Environment load took 183.7ns 
31163      INFO  main            d.u.i.k.p.i.AbstractProblemLoader Creating init config 
33505      DEBUG main            d.u.i.k.p.i.AbstractProblemLoader Init config took 2.34s 
33525      INFO  main            d.u.i.k.p.i.AbstractProblemLoader Replaying proof empty_switch_array_out_of_bounds_catch.key 
33527      DEBUG main            d.u.i.k.p.i.IntermediateProofReplayer Proof replay took 6ns 
33730      INFO  main            d.u.i.k.p.r.p.TestFile    ... finished proof: closed. 
33890      INFO  main            d.u.i.k.p.i.AbstractProblemLoader Loading environment from /home/runner/work/key/key/key.core/../key.ui/examples/standard_key/java_dl/switch/empty_switch_array_out_of_bounds_catch.key.proof 
33890      DEBUG main            d.u.i.k.p.i.AbstractProblemLoader Environment load took 110.5ns 
33891      INFO  main            d.u.i.k.p.i.AbstractProblemLoader Creating init config 
36188      DEBUG main            d.u.i.k.p.i.AbstractProblemLoader Init config took 2.3s 
36208      INFO  main            d.u.i.k.p.i.AbstractProblemLoader Replaying proof empty_switch_array_out_of_bounds_catch.key.proof 
36243      DEBUG main            d.u.i.k.p.i.IntermediateProofReplayer Proof replay took 32.18ms 
36244      DEBUG main            d.u.i.k.p.r.p.TestFile    ... success: reloaded. 
36245      INFO  main            d.u.i.k.p.r.p.TestFile    Now processing file /home/runner/work/key/key/key.core/../key.ui/examples/standard_key/java_dl/switch/switch_in_switch.key 
36245      INFO  main            d.u.i.k.p.i.AbstractProblemLoader Loading environment from /home/runner/work/key/key/key.core/../key.ui/examples/standard_key/java_dl/switch/switch_in_switch.key 
36246      DEBUG main            d.u.i.k.p.i.AbstractProblemLoader Environment load took 161.9ns 
36246      INFO  main            d.u.i.k.p.i.AbstractProblemLoader Creating init config 
38577      DEBUG main            d.u.i.k.p.i.AbstractProblemLoader Init config took 2.33s 
38620      INFO  main            d.u.i.k.p.i.AbstractProblemLoader Replaying proof SwitchInSwitch[SwitchInSwitch::m(int)].JML normal_behavior operation contract.0 
38621      DEBUG main            d.u.i.k.p.i.IntermediateProofReplayer Proof replay took 5.6ns 
42576      INFO  main            d.u.i.k.p.r.p.TestFile    ... finished proof: closed. 
42800      INFO  main            d.u.i.k.p.i.AbstractProblemLoader Loading environment from /home/runner/work/key/key/key.core/../key.ui/examples/standard_key/java_dl/switch/switch_in_switch.key.proof 
42804      DEBUG main            d.u.i.k.p.i.AbstractProblemLoader Environment load took 3.81ms 
42808      INFO  main            d.u.i.k.p.i.AbstractProblemLoader Creating init config 
45117      DEBUG main            d.u.i.k.p.i.AbstractProblemLoader Init config took 2.31s 
45159      INFO  main            d.u.i.k.p.i.AbstractProblemLoader Replaying proof SwitchInSwitch[SwitchInSwitch::m(int)].JML normal_behavior operation contract.0 
45615      DEBUG main            d.u.i.k.p.i.IntermediateProofReplayer Proof replay took 426.78ms 
45617      DEBUG main            d.u.i.k.p.r.p.TestFile    ... success: reloaded. 
45618      INFO  main            d.u.i.k.p.r.p.TestFile    Now processing file /home/runner/work/key/key/key.core/../key.ui/examples/standard_key/java_dl/switch/while_and_switch.key 
45618      INFO  main            d.u.i.k.p.i.AbstractProblemLoader Loading environment from /home/runner/work/key/key/key.core/../key.ui/examples/standard_key/java_dl/switch/while_and_switch.key 
45618      DEBUG main            d.u.i.k.p.i.AbstractProblemLoader Environment load took 185.5ns 
45619      INFO  main            d.u.i.k.p.i.AbstractProblemLoader Creating init config 
48036      DEBUG main            d.u.i.k.p.i.AbstractProblemLoader Init config took 2.42s 
48078      INFO  main            d.u.i.k.p.i.AbstractProblemLoader Replaying proof WhileAndSwitch[WhileAndSwitch::m(int)].JML normal_behavior operation contract.0 
48080      DEBUG main            d.u.i.k.p.i.IntermediateProofReplayer Proof replay took 6.4ns 
48784      INFO  main            d.u.i.k.p.r.p.TestFile    ... finished proof: closed. 
48942      INFO  main            d.u.i.k.p.i.AbstractProblemLoader Loading environment from /home/runner/work/key/key/key.core/../key.ui/examples/standard_key/java_dl/switch/while_and_switch.key.proof 
48943      DEBUG main            d.u.i.k.p.i.AbstractProblemLoader Environment load took 381.3ns 
48944      INFO  main            d.u.i.k.p.i.AbstractProblemLoader Creating init config 
51284      DEBUG main            d.u.i.k.p.i.AbstractProblemLoader Init config took 2.34s 
51327      INFO  main            d.u.i.k.p.i.AbstractProblemLoader Replaying proof WhileAndSwitch[WhileAndSwitch::m(int)].JML normal_behavior operation contract.0 
51467      DEBUG main            d.u.i.k.p.i.IntermediateProofReplayer Proof replay took 133.01ms 
51468      DEBUG main            d.u.i.k.p.r.p.TestFile    ... success: reloaded. 
51469      INFO  main            d.u.i.k.p.r.p.TestFile    Now processing file /home/runner/work/key/key/key.core/../key.ui/examples/standard_key/java_dl/switch/large_switch.key 
51470      INFO  main            d.u.i.k.p.i.AbstractProblemLoader Loading environment from /home/runner/work/key/key/key.core/../key.ui/examples/standard_key/java_dl/switch/large_switch.key 
51470      DEBUG main            d.u.i.k.p.i.AbstractProblemLoader Environment load took 163ns 
51471      INFO  main            d.u.i.k.p.i.AbstractProblemLoader Creating init config 
53807      DEBUG main            d.u.i.k.p.i.AbstractProblemLoader Init config took 2.34s 
53845      INFO  main            d.u.i.k.p.i.AbstractProblemLoader Replaying proof LargeSwitch[LargeSwitch::m(int)].JML normal_behavior operation contract.0 
53846      DEBUG main            d.u.i.k.p.i.IntermediateProofReplayer Proof replay took 5.9ns 
55056      INFO  main            d.u.i.k.p.r.p.TestFile    ... finished proof: closed. 
55254      INFO  main            d.u.i.k.p.i.AbstractProblemLoader Loading environment from /home/runner/work/key/key/key.core/../key.ui/examples/standard_key/java_dl/switch/large_switch.key.proof 
55254      DEBUG main            d.u.i.k.p.i.AbstractProblemLoader Environment load took 123.1ns 
55256      INFO  main            d.u.i.k.p.i.AbstractProblemLoader Creating init config 
57556      DEBUG main            d.u.i.k.p.i.AbstractProblemLoader Init config took 2.3s 
57622      INFO  main            d.u.i.k.p.i.AbstractProblemLoader Replaying proof LargeSwitch[LargeSwitch::m(int)].JML normal_behavior operation contract.0 
57978      DEBUG main            d.u.i.k.p.i.IntermediateProofReplayer Proof replay took 335.74ms 
57980      DEBUG main            d.u.i.k.p.r.p.TestFile    ... success: reloaded. 
4983547    INFO  Test worker     d.u.i.k.p.r.RunAllProofsTestUnit Returning from test switch 
4983548    INFO  Test worker     d.u.i.k.p.r.RunAllProofsTestUnit Running test redux 
325        INFO  Timeout watchdog d.u.i.k.p.r.p.ForkedTestFileRunner Timeout watcher launched (2000 secs.) 
335        WARN  main            d.u.i.k.s.ProofSettings   The settings in /home/runner/.key/proof-settings.props are *not* read. 
374        INFO  main            d.u.i.k.p.r.p.TestFile    Now processing file /home/runner/work/key/key/key.core/../key.ui/examples/redux/arrays/Arrays.copyOf.key 
491        INFO  main            d.u.i.k.p.i.AbstractProblemLoader Loading environment from /home/runner/work/key/key/key.core/../key.ui/examples/redux/arrays/Arrays.copyOf.key 
510        DEBUG main            d.u.i.k.p.i.AbstractProblemLoader Environment load took 2.1ms 
720        INFO  main            d.u.i.k.p.i.AbstractProblemLoader Creating init config 
1683       DEBUG main            d.u.i.k.j.TypeConverter   No LDT found for Meta 
1683       DEBUG main            d.u.i.k.j.TypeConverter   No LDT found for Meta 
1686       DEBUG main            d.u.i.k.j.TypeConverter   No LDT found for Meta 
1687       DEBUG main            d.u.i.k.j.TypeConverter   No LDT found for Meta 
2946       DEBUG main            d.u.i.k.j.TypeConverter   No LDT found for JavaBigintExpression 
8142       DEBUG main            d.u.i.k.p.i.AbstractProblemLoader Init config took 7.42s 
8301       INFO  main            d.u.i.k.p.i.AbstractProblemLoader Replaying proof Arrays[Arrays::copyOf([I,int)].JML normal_behavior operation contract.0 
8336       DEBUG main            d.u.i.k.p.i.IntermediateProofReplayer Proof replay took 35.1ns 
13390      INFO  main            d.u.i.k.p.r.p.TestFile    ... finished proof: closed. 
13544      INFO  main            d.u.i.k.p.i.AbstractProblemLoader Loading environment from /home/runner/work/key/key/key.core/../key.ui/examples/redux/arrays/Arrays.copyOf.key.proof 
13547      DEBUG main            d.u.i.k.p.i.AbstractProblemLoader Environment load took 2.93ms 
13550      INFO  main            d.u.i.k.p.i.AbstractProblemLoader Creating init config 
16801      DEBUG main            d.u.i.k.p.i.AbstractProblemLoader Init config took 3.25s 
16893      INFO  main            d.u.i.k.p.i.AbstractProblemLoader Replaying proof Arrays[Arrays::copyOf([I,int)].JML normal_behavior operation contract.0 
17406      DEBUG main            d.u.i.k.p.i.IntermediateProofReplayer Proof replay took 491.33ms 
17415      DEBUG main            d.u.i.k.p.r.p.TestFile    ... success: reloaded. 
17416      INFO  main            d.u.i.k.p.r.p.TestFile    Now processing file /home/runner/work/key/key/key.core/../key.ui/examples/redux/arrays/Arrays.copyOf.float.key 
17417      INFO  main            d.u.i.k.p.i.AbstractProblemLoader Loading environment from /home/runner/work/key/key/key.core/../key.ui/examples/redux/arrays/Arrays.copyOf.float.key 
17417      DEBUG main            d.u.i.k.p.i.AbstractProblemLoader Environment load took 201.4ns 
17419      INFO  main            d.u.i.k.p.i.AbstractProblemLoader Creating init config 
20594      DEBUG main            d.u.i.k.p.i.AbstractProblemLoader Init config took 3.17s 
20651      INFO  main            d.u.i.k.p.i.AbstractProblemLoader Replaying proof Arrays[Arrays::copyOf([F,int)].JML normal_behavior operation contract.0 
20654      DEBUG main            d.u.i.k.p.i.IntermediateProofReplayer Proof replay took 7.1ns 
20678      DEBUG main            d.u.i.k.m.s.ProofScriptEngine 1: 'macro autopilot' 
24710      DEBUG main            d.u.i.k.m.s.ProofScriptEngine 2: 'smt solver=Z3' 
24782      INFO  main            d.u.i.k.m.s.SMTCommand    Finished run on goal 17 in 46ms, result is valid 
24782      DEBUG main            d.u.i.k.m.s.ProofScriptEngine 3: 'tryclose' 
26442      INFO  main            d.u.i.k.p.r.p.TestFile    ... finished proof: closed. 
26675      INFO  main            d.u.i.k.p.i.AbstractProblemLoader Loading environment from /home/runner/work/key/key/key.core/../key.ui/examples/redux/arrays/Arrays.copyOf.float.key.proof 
26677      DEBUG main            d.u.i.k.p.i.AbstractProblemLoader Environment load took 1.72ms 
26684      INFO  main            d.u.i.k.p.i.AbstractProblemLoader Creating init config 
29634      DEBUG main            d.u.i.k.p.i.AbstractProblemLoader Init config took 2.95s 
29686      INFO  main            d.u.i.k.p.i.AbstractProblemLoader Replaying proof Arrays[Arrays::copyOf([F,int)].JML normal_behavior operation contract.0 
29762      INFO  main            d.u.i.k.s.SMTFocusResults Analyzing unsat core: (L_6) 
30381      DEBUG main            d.u.i.k.p.i.IntermediateProofReplayer Proof replay took 675.59ms 
30383      DEBUG main            d.u.i.k.p.r.p.TestFile    ... success: reloaded. 
30385      INFO  main            d.u.i.k.p.r.p.TestFile    Now processing file /home/runner/work/key/key/key.core/../key.ui/examples/redux/arrays/Arrays.copyOfRange.key 
30385      INFO  main            d.u.i.k.p.i.AbstractProblemLoader Loading environment from /home/runner/work/key/key/key.core/../key.ui/examples/redux/arrays/Arrays.copyOfRange.key 
30385      DEBUG main            d.u.i.k.p.i.AbstractProblemLoader Environment load took 185.7ns 
30388      INFO  main            d.u.i.k.p.i.AbstractProblemLoader Creating init config 
33416      DEBUG main            d.u.i.k.p.i.AbstractProblemLoader Init config took 3.03s 
33459      INFO  main            d.u.i.k.p.i.AbstractProblemLoader Replaying proof Arrays[Arrays::copyOfRange([I,int,int)].JML normal_behavior operation contract.0 
33461      DEBUG main            d.u.i.k.p.i.IntermediateProofReplayer Proof replay took 4.8ns 
37689      INFO  main            d.u.i.k.p.r.p.TestFile    ... finished proof: closed. 
37977      INFO  main            d.u.i.k.p.i.AbstractProblemLoader Loading environment from /home/runner/work/key/key/key.core/../key.ui/examples/redux/arrays/Arrays.copyOfRange.key.proof 
37978      DEBUG main            d.u.i.k.p.i.AbstractProblemLoader Environment load took 341.6ns 
37979      INFO  main            d.u.i.k.p.i.AbstractProblemLoader Creating init config 
40840      DEBUG main            d.u.i.k.p.i.AbstractProblemLoader Init config took 2.86s 
40881      INFO  main            d.u.i.k.p.i.AbstractProblemLoader Replaying proof Arrays[Arrays::copyOfRange([I,int,int)].JML normal_behavior operation contract.0 
41381      DEBUG main            d.u.i.k.p.i.IntermediateProofReplayer Proof replay took 479.71ms 
41382      DEBUG main            d.u.i.k.p.r.p.TestFile    ... success: reloaded. 
41383      INFO  main            d.u.i.k.p.r.p.TestFile    Now processing file /home/runner/work/key/key/key.core/../key.ui/examples/redux/arrays/Arrays.copyOfRange.float.key 
41384      INFO  main            d.u.i.k.p.i.AbstractProblemLoader Loading environment from /home/runner/work/key/key/key.core/../key.ui/examples/redux/arrays/Arrays.copyOfRange.float.key 
41384      DEBUG main            d.u.i.k.p.i.AbstractProblemLoader Environment load took 168.9ns 
41385      INFO  main            d.u.i.k.p.i.AbstractProblemLoader Creating init config 
44309      DEBUG main            d.u.i.k.p.i.AbstractProblemLoader Init config took 2.92s 
44351      INFO  main            d.u.i.k.p.i.AbstractProblemLoader Replaying proof Arrays[Arrays::copyOfRange([F,int,int)].JML normal_behavior operation contract.0 
44352      DEBUG main            d.u.i.k.p.i.IntermediateProofReplayer Proof replay took 5.6ns 
44352      DEBUG main            d.u.i.k.m.s.ProofScriptEngine 1: 'macro autopilot' 
50189      DEBUG main            d.u.i.k.m.s.ProofScriptEngine 2: 'smt solver=Z3' 
50237      INFO  main            d.u.i.k.m.s.SMTCommand    Finished run on goal 27 in 44ms, result is valid 
50237      DEBUG main            d.u.i.k.m.s.ProofScriptEngine 3: 'tryclose' 
53688      INFO  main            d.u.i.k.p.r.p.TestFile    ... finished proof: closed. 
53892      INFO  main            d.u.i.k.p.i.AbstractProblemLoader Loading environment from /home/runner/work/key/key/key.core/../key.ui/examples/redux/arrays/Arrays.copyOfRange.float.key.proof 
53893      DEBUG main            d.u.i.k.p.i.AbstractProblemLoader Environment load took 317.3ns 
53895      INFO  main            d.u.i.k.p.i.AbstractProblemLoader Creating init config 
56742      DEBUG main            d.u.i.k.p.i.AbstractProblemLoader Init config took 2.85s 
56783      INFO  main            d.u.i.k.p.i.AbstractProblemLoader Replaying proof Arrays[Arrays::copyOfRange([F,int,int)].JML normal_behavior operation contract.0 
56871      INFO  main            d.u.i.k.s.SMTFocusResults Analyzing unsat core: (L_8) 
57755      DEBUG main            d.u.i.k.p.i.IntermediateProofReplayer Proof replay took 949.09ms 
57757      DEBUG main            d.u.i.k.p.r.p.TestFile    ... success: reloaded. 
57758      INFO  main            d.u.i.k.p.r.p.TestFile    Now processing file /home/runner/work/key/key/key.core/../key.ui/examples/redux/arrays/Arrays.equals.key 
57758      INFO  main            d.u.i.k.p.i.AbstractProblemLoader Loading environment from /home/runner/work/key/key/key.core/../key.ui/examples/redux/arrays/Arrays.equals.key 
57759      DEBUG main            d.u.i.k.p.i.AbstractProblemLoader Environment load took 165.9ns 
57759      INFO  main            d.u.i.k.p.i.AbstractProblemLoader Creating init config 
60673      DEBUG main            d.u.i.k.p.i.AbstractProblemLoader Init config took 2.91s 
60731      INFO  main            d.u.i.k.p.i.AbstractProblemLoader Replaying proof Arrays[Arrays::equals([B,[B)].JML normal_behavior operation contract.0 
60732      DEBUG main            d.u.i.k.p.i.IntermediateProofReplayer Proof replay took 5.1ns 
61236      INFO  main            d.u.i.k.p.r.p.TestFile    ... finished proof: closed. 
61452      INFO  main            d.u.i.k.p.i.AbstractProblemLoader Loading environment from /home/runner/work/key/key/key.core/../key.ui/examples/redux/arrays/Arrays.equals.key.proof 
61453      DEBUG main            d.u.i.k.p.i.AbstractProblemLoader Environment load took 341.2ns 
61454      INFO  main            d.u.i.k.p.i.AbstractProblemLoader Creating init config 
64282      DEBUG main            d.u.i.k.p.i.AbstractProblemLoader Init config took 2.83s 
64328      INFO  main            d.u.i.k.p.i.AbstractProblemLoader Replaying proof Arrays[Arrays::equals([B,[B)].JML normal_behavior operation contract.0 
64476      DEBUG main            d.u.i.k.p.i.IntermediateProofReplayer Proof replay took 143.85ms 
64477      DEBUG main            d.u.i.k.p.r.p.TestFile    ... success: reloaded. 
64478      INFO  main            d.u.i.k.p.r.p.TestFile    Now processing file /home/runner/work/key/key/key.core/../key.ui/examples/redux/arrays/Arrays.fill.key 
64478      INFO  main            d.u.i.k.p.i.AbstractProblemLoader Loading environment from /home/runner/work/key/key/key.core/../key.ui/examples/redux/arrays/Arrays.fill.key 
64478      DEBUG main            d.u.i.k.p.i.AbstractProblemLoader Environment load took 161.9ns 
64479      INFO  main            d.u.i.k.p.i.AbstractProblemLoader Creating init config 
67332      DEBUG main            d.u.i.k.p.i.AbstractProblemLoader Init config took 2.85s 
67378      INFO  main            d.u.i.k.p.i.AbstractProblemLoader Replaying proof Arrays[Arrays::fill([I,int)].JML normal_behavior operation contract.0 
67380      DEBUG main            d.u.i.k.p.i.IntermediateProofReplayer Proof replay took 5.8ns 
67583      INFO  main            d.u.i.k.p.r.p.TestFile    ... finished proof: closed. 
67750      INFO  main            d.u.i.k.p.i.AbstractProblemLoader Loading environment from /home/runner/work/key/key/key.core/../key.ui/examples/redux/arrays/Arrays.fill.key.proof 
67751      DEBUG main            d.u.i.k.p.i.AbstractProblemLoader Environment load took 116.7ns 
67752      INFO  main            d.u.i.k.p.i.AbstractProblemLoader Creating init config 
70564      DEBUG main            d.u.i.k.p.i.AbstractProblemLoader Init config took 2.81s 
70615      INFO  main            d.u.i.k.p.i.AbstractProblemLoader Replaying proof Arrays[Arrays::fill([I,int)].JML normal_behavior operation contract.0 
70646      DEBUG main            d.u.i.k.p.i.IntermediateProofReplayer Proof replay took 28.81ms 
70647      DEBUG main            d.u.i.k.p.r.p.TestFile    ... success: reloaded. 
70648      INFO  main            d.u.i.k.p.r.p.TestFile    Now processing file /home/runner/work/key/key/key.core/../key.ui/examples/redux/arrays/Arrays.fill.float.key 
70648      INFO  main            d.u.i.k.p.i.AbstractProblemLoader Loading environment from /home/runner/work/key/key/key.core/../key.ui/examples/redux/arrays/Arrays.fill.float.key 
70648      DEBUG main            d.u.i.k.p.i.AbstractProblemLoader Environment load took 159.3ns 
70649      INFO  main            d.u.i.k.p.i.AbstractProblemLoader Creating init config 
73453      DEBUG main            d.u.i.k.p.i.AbstractProblemLoader Init config took 2.8s 
73492      INFO  main            d.u.i.k.p.i.AbstractProblemLoader Replaying proof Arrays[Arrays::fill([F,float)].JML normal_behavior operation contract.0 
73493      DEBUG main            d.u.i.k.p.i.IntermediateProofReplayer Proof replay took 5.7ns 
73695      INFO  main            d.u.i.k.p.r.p.TestFile    ... finished proof: closed. 
73867      INFO  main            d.u.i.k.p.i.AbstractProblemLoader Loading environment from /home/runner/work/key/key/key.core/../key.ui/examples/redux/arrays/Arrays.fill.float.key.proof 
73871      DEBUG main            d.u.i.k.p.i.AbstractProblemLoader Environment load took 4.12ms 
73872      INFO  main            d.u.i.k.p.i.AbstractProblemLoader Creating init config 
76648      DEBUG main            d.u.i.k.p.i.AbstractProblemLoader Init config took 2.78s 
76689      INFO  main            d.u.i.k.p.i.AbstractProblemLoader Replaying proof Arrays[Arrays::fill([F,float)].JML normal_behavior operation contract.0 
76733      DEBUG main            d.u.i.k.p.i.IntermediateProofReplayer Proof replay took 40.86ms 
76735      DEBUG main            d.u.i.k.p.r.p.TestFile    ... success: reloaded. 
76735      INFO  main            d.u.i.k.p.r.p.TestFile    Now processing file /home/runner/work/key/key/key.core/../key.ui/examples/redux/arrays/Arrays.fillFromTo.key 
76736      INFO  main            d.u.i.k.p.i.AbstractProblemLoader Loading environment from /home/runner/work/key/key/key.core/../key.ui/examples/redux/arrays/Arrays.fillFromTo.key 
76736      DEBUG main            d.u.i.k.p.i.AbstractProblemLoader Environment load took 88.8ns 
76736      INFO  main            d.u.i.k.p.i.AbstractProblemLoader Creating init config 
79607      DEBUG main            d.u.i.k.p.i.AbstractProblemLoader Init config took 2.87s 
79642      INFO  main            d.u.i.k.p.i.AbstractProblemLoader Replaying proof Arrays[Arrays::fill([I,int,int,int)].JML normal_behavior operation contract.0 
79643      DEBUG main            d.u.i.k.p.i.IntermediateProofReplayer Proof replay took 5.6ns 
80146      INFO  main            d.u.i.k.p.r.p.TestFile    ... finished proof: closed. 
80361      INFO  main            d.u.i.k.p.i.AbstractProblemLoader Loading environment from /home/runner/work/key/key/key.core/../key.ui/examples/redux/arrays/Arrays.fillFromTo.key.proof 
80361      DEBUG main            d.u.i.k.p.i.AbstractProblemLoader Environment load took 340.3ns 
80362      INFO  main            d.u.i.k.p.i.AbstractProblemLoader Creating init config 
83162      DEBUG main            d.u.i.k.p.i.AbstractProblemLoader Init config took 2.8s 
83198      INFO  main            d.u.i.k.p.i.AbstractProblemLoader Replaying proof Arrays[Arrays::fill([I,int,int,int)].JML normal_behavior operation contract.0 
83306      DEBUG main            d.u.i.k.p.i.IntermediateProofReplayer Proof replay took 104.69ms 
83307      DEBUG main            d.u.i.k.p.r.p.TestFile    ... success: reloaded. 
83307      INFO  main            d.u.i.k.p.r.p.TestFile    Now processing file /home/runner/work/key/key/key.core/../key.ui/examples/redux/arrays/Arrays.fillFromTo.float.key 
83307      INFO  main            d.u.i.k.p.i.AbstractProblemLoader Loading environment from /home/runner/work/key/key/key.core/../key.ui/examples/redux/arrays/Arrays.fillFromTo.float.key 
83308      DEBUG main            d.u.i.k.p.i.AbstractProblemLoader Environment load took 81ns 
83308      INFO  main            d.u.i.k.p.i.AbstractProblemLoader Creating init config 
86152      DEBUG main            d.u.i.k.p.i.AbstractProblemLoader Init config took 2.84s 
86187      INFO  main            d.u.i.k.p.i.AbstractProblemLoader Replaying proof Arrays[Arrays::fill([F,int,int,float)].JML normal_behavior operation contract.0 
86188      DEBUG main            d.u.i.k.p.i.IntermediateProofReplayer Proof replay took 5.2ns 
86793      INFO  main            d.u.i.k.p.r.p.TestFile    ... finished proof: closed. 
86997      INFO  main            d.u.i.k.p.i.AbstractProblemLoader Loading environment from /home/runner/work/key/key/key.core/../key.ui/examples/redux/arrays/Arrays.fillFromTo.float.key.proof 
86998      DEBUG main            d.u.i.k.p.i.AbstractProblemLoader Environment load took 567.2ns 
86999      INFO  main            d.u.i.k.p.i.AbstractProblemLoader Creating init config 
89782      DEBUG main            d.u.i.k.p.i.AbstractProblemLoader Init config took 2.78s 
89817      INFO  main            d.u.i.k.p.i.AbstractProblemLoader Replaying proof Arrays[Arrays::fill([F,int,int,float)].JML normal_behavior operation contract.0 
89981      DEBUG main            d.u.i.k.p.i.IntermediateProofReplayer Proof replay took 159.45ms 
89982      DEBUG main            d.u.i.k.p.r.p.TestFile    ... success: reloaded. 
89982      INFO  main            d.u.i.k.p.r.p.TestFile    Now processing file /home/runner/work/key/key/key.core/../key.ui/examples/redux/arrays/ArrayCopy.arraycopy.normal.0.key 
89983      INFO  main            d.u.i.k.p.i.AbstractProblemLoader Loading environment from /home/runner/work/key/key/key.core/../key.ui/examples/redux/arrays/ArrayCopy.arraycopy.normal.0.key 
89983      DEBUG main            d.u.i.k.p.i.AbstractProblemLoader Environment load took 82.2ns 
89984      INFO  main            d.u.i.k.p.i.AbstractProblemLoader Creating init config 
92830      DEBUG main            d.u.i.k.p.i.AbstractProblemLoader Init config took 2.85s 
92864      INFO  main            d.u.i.k.p.i.AbstractProblemLoader Replaying proof ArrayCopy[ArrayCopy::arraycopy(java.lang.Object,int,java.lang.Object,int,int)].JML normal_behavior operation contract.0 
92866      DEBUG main            d.u.i.k.p.i.IntermediateProofReplayer Proof replay took 5.7ns 
98725      INFO  main            d.u.i.k.p.r.p.TestFile    ... finished proof: closed. 
98948      INFO  main            d.u.i.k.p.i.AbstractProblemLoader Loading environment from /home/runner/work/key/key/key.core/../key.ui/examples/redux/arrays/ArrayCopy.arraycopy.normal.0.key.proof 
98949      DEBUG main            d.u.i.k.p.i.AbstractProblemLoader Environment load took 319.8ns 
98950      INFO  main            d.u.i.k.p.i.AbstractProblemLoader Creating init config 
101723     DEBUG main            d.u.i.k.p.i.AbstractProblemLoader Init config took 2.77s 
101757     INFO  main            d.u.i.k.p.i.AbstractProblemLoader Replaying proof ArrayCopy[ArrayCopy::arraycopy(java.lang.Object,int,java.lang.Object,int,int)].JML normal_behavior operation contract.0 
102651     DEBUG main            d.u.i.k.p.i.IntermediateProofReplayer Proof replay took 879.19ms 
102653     DEBUG main            d.u.i.k.p.r.p.TestFile    ... success: reloaded. 
102654     INFO  main            d.u.i.k.p.r.p.TestFile    Now processing file /home/runner/work/key/key/key.core/../key.ui/examples/redux/arrays/ArrayCopy.arraycopy.exceptional.0.key 
102654     INFO  main            d.u.i.k.p.i.AbstractProblemLoader Loading environment from /home/runner/work/key/key/key.core/../key.ui/examples/redux/arrays/ArrayCopy.arraycopy.exceptional.0.key 
102654     DEBUG main            d.u.i.k.p.i.AbstractProblemLoader Environment load took 156.2ns 
102655     INFO  main            d.u.i.k.p.i.AbstractProblemLoader Creating init config 
105527     DEBUG main            d.u.i.k.p.i.AbstractProblemLoader Init config took 2.87s 
105560     INFO  main            d.u.i.k.p.i.AbstractProblemLoader Replaying proof ArrayCopy[ArrayCopy::arraycopy(java.lang.Object,int,java.lang.Object,int,int)].JML exceptional_behavior operation contract.0 
105561     DEBUG main            d.u.i.k.p.i.IntermediateProofReplayer Proof replay took 5.4ns 
105865     INFO  main            d.u.i.k.p.r.p.TestFile    ... finished proof: closed. 
106100     INFO  main            d.u.i.k.p.i.AbstractProblemLoader Loading environment from /home/runner/work/key/key/key.core/../key.ui/examples/redux/arrays/ArrayCopy.arraycopy.exceptional.0.key.proof 
106100     DEBUG main            d.u.i.k.p.i.AbstractProblemLoader Environment load took 112.8ns 
106101     INFO  main            d.u.i.k.p.i.AbstractProblemLoader Creating init config 
108916     DEBUG main            d.u.i.k.p.i.AbstractProblemLoader Init config took 2.82s 
108950     INFO  main            d.u.i.k.p.i.AbstractProblemLoader Replaying proof ArrayCopy[ArrayCopy::arraycopy(java.lang.Object,int,java.lang.Object,int,int)].JML exceptional_behavior operation contract.0 
109070     DEBUG main            d.u.i.k.p.i.IntermediateProofReplayer Proof replay took 110.97ms 
109071     DEBUG main            d.u.i.k.p.r.p.TestFile    ... success: reloaded. 
109072     INFO  main            d.u.i.k.p.r.p.TestFile    Now processing file /home/runner/work/key/key/key.core/../key.ui/examples/redux/arrays/ArrayCopy.arraycopy.exceptional.1.key 
109072     INFO  main            d.u.i.k.p.i.AbstractProblemLoader Loading environment from /home/runner/work/key/key/key.core/../key.ui/examples/redux/arrays/ArrayCopy.arraycopy.exceptional.1.key 
109072     DEBUG main            d.u.i.k.p.i.AbstractProblemLoader Environment load took 170.8ns 
109073     INFO  main            d.u.i.k.p.i.AbstractProblemLoader Creating init config 
111860     DEBUG main            d.u.i.k.p.i.AbstractProblemLoader Init config took 2.79s 
111892     INFO  main            d.u.i.k.p.i.AbstractProblemLoader Replaying proof ArrayCopy[ArrayCopy::arraycopy(java.lang.Object,int,java.lang.Object,int,int)].JML exceptional_behavior operation contract.1 
111893     DEBUG main            d.u.i.k.p.i.IntermediateProofReplayer Proof replay took 5.2ns 
117648     INFO  main            d.u.i.k.p.r.p.TestFile    ... finished proof: closed. 
117867     INFO  main            d.u.i.k.p.i.AbstractProblemLoader Loading environment from /home/runner/work/key/key/key.core/../key.ui/examples/redux/arrays/ArrayCopy.arraycopy.exceptional.1.key.proof 
117868     DEBUG main            d.u.i.k.p.i.AbstractProblemLoader Environment load took 325ns 
117871     INFO  main            d.u.i.k.p.i.AbstractProblemLoader Creating init config 
120645     DEBUG main            d.u.i.k.p.i.AbstractProblemLoader Init config took 2.77s 
120677     INFO  main            d.u.i.k.p.i.AbstractProblemLoader Replaying proof ArrayCopy[ArrayCopy::arraycopy(java.lang.Object,int,java.lang.Object,int,int)].JML exceptional_behavior operation contract.1 
122267     DEBUG main            d.u.i.k.p.i.IntermediateProofReplayer Proof replay took 1.57s 
122269     DEBUG main            d.u.i.k.p.r.p.TestFile    ... success: reloaded. 
5105992    INFO  Test worker     d.u.i.k.p.r.RunAllProofsTestUnit Returning from test redux 
]]></system-out>
  <system-err><![CDATA[]]></system-err>
</testsuite>
