<?xml version="1.0" encoding="UTF-8"?>
<testsuite name="de.uka.ilkd.key.parser.TestParser" tests="5" skipped="1" failures="0" errors="0" timestamp="2023-04-20T10:52:32" hostname="fv-az479-470" time="5.52">
  <properties/>
  <testcase name="testConstantEvaluationError()" classname="de.uka.ilkd.key.parser.TestParser" time="1.071"/>
  <testcase name="testGenericSort()" classname="de.uka.ilkd.key.parser.TestParser" time="0.003"/>
  <testcase name="testIssue1566()" classname="de.uka.ilkd.key.parser.TestParser" time="3.376"/>
  <testcase name="testIssue39()" classname="de.uka.ilkd.key.parser.TestParser" time="1.066"/>
  <testcase name="testRelativeInclude()" classname="de.uka.ilkd.key.parser.TestParser" time="0.001">
    <skipped/>
  </testcase>
  <system-out><![CDATA[336721     INFO  Test worker     d.u.i.k.p.i.AbstractProblemLoader Loading environment from src\test\resources\testcase\parserErrorTest\AssignToArray.java 
336721     DEBUG Test worker     d.u.i.k.p.i.AbstractProblemLoader Environment load took 116ns 
336721     INFO  Test worker     d.u.i.k.p.i.AbstractProblemLoader Creating init config 
337784     INFO  Test worker     d.u.i.k.n.KeyIO           Parsing took 0 ms 
337784     DEBUG Test worker     d.u.i.k.n.KeyIO           Load declarations of de.uka.ilkd.key.nparser.KeyAst$File:  <unknown>:1#1 
337784     INFO  Test worker     d.u.i.k.n.KeyIO           MODE: declarations took 0 ms 
337784     DEBUG Test worker     d.u.i.k.n.KeyIO           MODE: 2nd degree decls took 0 
337784     DEBUG Test worker     d.u.i.k.n.KeyIO           MODE: taclets took 0ms 
337784     INFO  Test worker     d.u.i.k.p.i.AbstractProblemLoader Loading environment from src\test\resources\testcase\issues\1566\a.key 
337784     DEBUG Test worker     d.u.i.k.p.i.AbstractProblemLoader Environment load took 383.5ns 
337799     INFO  Test worker     d.u.i.k.p.i.AbstractProblemLoader Creating init config 
341134     DEBUG Test worker     d.u.i.k.p.i.AbstractProblemLoader Init config took 3.35s 
341158     INFO  Test worker     d.u.i.k.p.i.AbstractProblemLoader Replaying proof a.key 
341158     DEBUG Test worker     d.u.i.k.p.i.IntermediateProofReplayer Proof replay took 11.9ns 
341158     INFO  Test worker     d.u.i.k.p.i.AbstractProblemLoader Loading environment from src\test\resources\testcase\issues\39\A.java 
341158     DEBUG Test worker     d.u.i.k.p.i.AbstractProblemLoader Environment load took 123.4ns 
341158     INFO  Test worker     d.u.i.k.p.i.AbstractProblemLoader Creating init config 
]]></system-out>
  <system-err><![CDATA[]]></system-err>
</testsuite>
