<?xml version="1.0" encoding="UTF-8"?>
<testsuite name="de.uka.ilkd.key.parser.TestTermParserHeap" tests="39" skipped="0" failures="0" errors="0" timestamp="2023-04-20T10:52:46" hostname="fv-az479-470" time="126.196">
  <properties/>
  <testcase name="testBracketHeapUpdate()" classname="de.uka.ilkd.key.parser.TestTermParserHeap" time="0.017"/>
  <testcase name="testStore()" classname="de.uka.ilkd.key.parser.TestTermParserHeap" time="0.008"/>
  <testcase name="testUnknownConstant()" classname="de.uka.ilkd.key.parser.TestTermParserHeap" time="0.007"/>
  <testcase name="testAllFieldsSelector()" classname="de.uka.ilkd.key.parser.TestTermParserHeap" time="0.003"/>
  <testcase name="testParsePrettyPrintedSelect()" classname="de.uka.ilkd.key.parser.TestTermParserHeap" time="0.004"/>
  <testcase name="testAccessStaticMembers()" classname="de.uka.ilkd.key.parser.TestTermParserHeap" time="0.007"/>
  <testcase name="testAtOperator_1()" classname="de.uka.ilkd.key.parser.TestTermParserHeap" time="0.007"/>
  <testcase name="testAtOperator_2()" classname="de.uka.ilkd.key.parser.TestTermParserHeap" time="0.004"/>
  <testcase name="testAtOperator_3()" classname="de.uka.ilkd.key.parser.TestTermParserHeap" time="0.005"/>
  <testcase name="testAtOperator_4()" classname="de.uka.ilkd.key.parser.TestTermParserHeap" time="0.011"/>
  <testcase name="testAtOperator_5()" classname="de.uka.ilkd.key.parser.TestTermParserHeap" time="0.003"/>
  <testcase name="testAtOperator_6()" classname="de.uka.ilkd.key.parser.TestTermParserHeap" time="0.005"/>
  <testcase name="testAtOperator_7()" classname="de.uka.ilkd.key.parser.TestTermParserHeap" time="0.003"/>
  <testcase name="testAtOperator_8()" classname="de.uka.ilkd.key.parser.TestTermParserHeap" time="0.006"/>
  <testcase name="testVerifyExceptionIfAtOperatorNotPreceededBySelectTerm()" classname="de.uka.ilkd.key.parser.TestTermParserHeap" time="0.006"/>
  <testcase name="testBugResettingCounter()" classname="de.uka.ilkd.key.parser.TestTermParserHeap" time="0.002"/>
  <testcase name="testLocationSets()" classname="de.uka.ilkd.key.parser.TestTermParserHeap" time="0.006"/>
  <testcase name="testQuantifiedSelect()" classname="de.uka.ilkd.key.parser.TestTermParserHeap" time="0.004"/>
  <testcase name="testGenericObjectProperties()" classname="de.uka.ilkd.key.parser.TestTermParserHeap" time="0.003"/>
  <testcase name="testQueryInheritance_1()" classname="de.uka.ilkd.key.parser.TestTermParserHeap" time="0.002"/>
  <testcase name="testQueryInheritance_2()" classname="de.uka.ilkd.key.parser.TestTermParserHeap" time="0.007"/>
  <testcase name="testQueryInheritance_3()" classname="de.uka.ilkd.key.parser.TestTermParserHeap" time="0.005"/>
  <testcase name="testQueryInheritance_4()" classname="de.uka.ilkd.key.parser.TestTermParserHeap" time="0.002"/>
  <testcase name="testQueryInheritance_5()" classname="de.uka.ilkd.key.parser.TestTermParserHeap" time="0.002"/>
  <testcase name="testQueryInheritance_6()" classname="de.uka.ilkd.key.parser.TestTermParserHeap" time="0.003"/>
  <testcase name="testQueryInheritance_7()" classname="de.uka.ilkd.key.parser.TestTermParserHeap" time="0.004"/>
  <testcase name="testQueryInheritance_8()" classname="de.uka.ilkd.key.parser.TestTermParserHeap" time="0.005"/>
  <testcase name="testQueryInheritance_9()" classname="de.uka.ilkd.key.parser.TestTermParserHeap" time="0.004"/>
  <testcase name="testQueryBasic_10()" classname="de.uka.ilkd.key.parser.TestTermParserHeap" time="0.002"/>
  <testcase name="testQueryBasic_11()" classname="de.uka.ilkd.key.parser.TestTermParserHeap" time="0.004"/>
  <testcase name="testQueryBasic_1()" classname="de.uka.ilkd.key.parser.TestTermParserHeap" time="0.003"/>
  <testcase name="testQueryBasic_2()" classname="de.uka.ilkd.key.parser.TestTermParserHeap" time="0.004"/>
  <testcase name="testQueryBasic_3()" classname="de.uka.ilkd.key.parser.TestTermParserHeap" time="0.006"/>
  <testcase name="testQueryBasic_4()" classname="de.uka.ilkd.key.parser.TestTermParserHeap" time="0.003"/>
  <testcase name="testQueryBasic_5()" classname="de.uka.ilkd.key.parser.TestTermParserHeap" time="0.003"/>
  <testcase name="testQueryBasic_6()" classname="de.uka.ilkd.key.parser.TestTermParserHeap" time="0.003"/>
  <testcase name="testQueryBasic_7()" classname="de.uka.ilkd.key.parser.TestTermParserHeap" time="0.004"/>
  <testcase name="testQueryBasic_8()" classname="de.uka.ilkd.key.parser.TestTermParserHeap" time="0.006"/>
  <testcase name="testQueryBasic_9()" classname="de.uka.ilkd.key.parser.TestTermParserHeap" time="0.003"/>
  <system-out><![CDATA[350442     INFO  Test worker     d.u.i.k.n.KeyIO           Parsing took 0 ms 
350442     DEBUG Test worker     d.u.i.k.n.KeyIO           Load declarations of de.uka.ilkd.key.nparser.KeyAst$File:  <unknown>:1#1 
350442     INFO  Test worker     d.u.i.k.n.KeyIO           MODE: declarations took 0 ms 
350442     DEBUG Test worker     d.u.i.k.n.KeyIO           MODE: 2nd degree decls took 0 
350442     INFO  Test worker     d.u.i.k.n.KeyIO           Parsing took 0 ms 
350442     DEBUG Test worker     d.u.i.k.n.KeyIO           Load declarations of de.uka.ilkd.key.nparser.KeyAst$File:  <unknown>:1#1 
350442     INFO  Test worker     d.u.i.k.n.KeyIO           MODE: declarations took 0 ms 
350442     DEBUG Test worker     d.u.i.k.n.KeyIO           MODE: 2nd degree decls took 0 
350442     INFO  Test worker     d.u.i.k.n.KeyIO           Parsing took 0 ms 
350442     DEBUG Test worker     d.u.i.k.n.KeyIO           Load declarations of de.uka.ilkd.key.nparser.KeyAst$File:  <unknown>:1#1 
350442     INFO  Test worker     d.u.i.k.n.KeyIO           MODE: declarations took 0 ms 
350442     DEBUG Test worker     d.u.i.k.n.KeyIO           MODE: 2nd degree decls took 0 
350442     INFO  Test worker     d.u.i.k.n.KeyIO           Parsing took 0 ms 
350442     DEBUG Test worker     d.u.i.k.n.KeyIO           Load declarations of de.uka.ilkd.key.nparser.KeyAst$File:  <unknown>:1#1 
350442     INFO  Test worker     d.u.i.k.n.KeyIO           MODE: declarations took 0 ms 
350442     DEBUG Test worker     d.u.i.k.n.KeyIO           MODE: 2nd degree decls took 0 
350442     INFO  Test worker     d.u.i.k.n.KeyIO           Parsing took 0 ms 
350442     DEBUG Test worker     d.u.i.k.n.KeyIO           Load declarations of de.uka.ilkd.key.nparser.KeyAst$File:  <unknown>:1#1 
350442     INFO  Test worker     d.u.i.k.n.KeyIO           MODE: declarations took 0 ms 
350442     DEBUG Test worker     d.u.i.k.n.KeyIO           MODE: 2nd degree decls took 0 
353854     INFO  Test worker     d.u.i.k.n.KeyIO           Parsing took 0 ms 
353854     DEBUG Test worker     d.u.i.k.n.KeyIO           Load declarations of de.uka.ilkd.key.nparser.KeyAst$File:  <unknown>:1#1 
353854     INFO  Test worker     d.u.i.k.n.KeyIO           MODE: declarations took 0 ms 
353854     DEBUG Test worker     d.u.i.k.n.KeyIO           MODE: 2nd degree decls took 0 
353854     INFO  Test worker     d.u.i.k.n.KeyIO           Parsing took 0 ms 
353854     DEBUG Test worker     d.u.i.k.n.KeyIO           Load declarations of de.uka.ilkd.key.nparser.KeyAst$File:  <unknown>:1#1 
353854     INFO  Test worker     d.u.i.k.n.KeyIO           MODE: declarations took 0 ms 
353854     DEBUG Test worker     d.u.i.k.n.KeyIO           MODE: 2nd degree decls took 0 
353854     INFO  Test worker     d.u.i.k.n.KeyIO           Parsing took 0 ms 
353854     DEBUG Test worker     d.u.i.k.n.KeyIO           Load declarations of de.uka.ilkd.key.nparser.KeyAst$File:  <unknown>:1#1 
353854     INFO  Test worker     d.u.i.k.n.KeyIO           MODE: declarations took 0 ms 
353854     DEBUG Test worker     d.u.i.k.n.KeyIO           MODE: 2nd degree decls took 0 
353854     INFO  Test worker     d.u.i.k.n.KeyIO           Parsing took 0 ms 
353854     DEBUG Test worker     d.u.i.k.n.KeyIO           Load declarations of de.uka.ilkd.key.nparser.KeyAst$File:  <unknown>:1#1 
353854     INFO  Test worker     d.u.i.k.n.KeyIO           MODE: declarations took 0 ms 
353854     DEBUG Test worker     d.u.i.k.n.KeyIO           MODE: 2nd degree decls took 0 
353854     INFO  Test worker     d.u.i.k.n.KeyIO           Parsing took 0 ms 
353854     DEBUG Test worker     d.u.i.k.n.KeyIO           Load declarations of de.uka.ilkd.key.nparser.KeyAst$File:  <unknown>:1#1 
353854     INFO  Test worker     d.u.i.k.n.KeyIO           MODE: declarations took 0 ms 
353854     DEBUG Test worker     d.u.i.k.n.KeyIO           MODE: 2nd degree decls took 0 
357176     INFO  Test worker     d.u.i.k.n.KeyIO           Parsing took 0 ms 
357176     DEBUG Test worker     d.u.i.k.n.KeyIO           Load declarations of de.uka.ilkd.key.nparser.KeyAst$File:  <unknown>:1#1 
357191     INFO  Test worker     d.u.i.k.n.KeyIO           MODE: declarations took 15 ms 
357191     DEBUG Test worker     d.u.i.k.n.KeyIO           MODE: 2nd degree decls took 0 
357191     INFO  Test worker     d.u.i.k.n.KeyIO           Parsing took 0 ms 
357191     DEBUG Test worker     d.u.i.k.n.KeyIO           Load declarations of de.uka.ilkd.key.nparser.KeyAst$File:  <unknown>:1#1 
357191     INFO  Test worker     d.u.i.k.n.KeyIO           MODE: declarations took 0 ms 
357191     DEBUG Test worker     d.u.i.k.n.KeyIO           MODE: 2nd degree decls took 0 
357191     INFO  Test worker     d.u.i.k.n.KeyIO           Parsing took 0 ms 
357191     DEBUG Test worker     d.u.i.k.n.KeyIO           Load declarations of de.uka.ilkd.key.nparser.KeyAst$File:  <unknown>:1#1 
357191     INFO  Test worker     d.u.i.k.n.KeyIO           MODE: declarations took 0 ms 
357191     DEBUG Test worker     d.u.i.k.n.KeyIO           MODE: 2nd degree decls took 0 
357191     INFO  Test worker     d.u.i.k.n.KeyIO           Parsing took 0 ms 
357191     DEBUG Test worker     d.u.i.k.n.KeyIO           Load declarations of de.uka.ilkd.key.nparser.KeyAst$File:  <unknown>:1#1 
357191     INFO  Test worker     d.u.i.k.n.KeyIO           MODE: declarations took 0 ms 
357191     DEBUG Test worker     d.u.i.k.n.KeyIO           MODE: 2nd degree decls took 0 
357191     INFO  Test worker     d.u.i.k.n.KeyIO           Parsing took 0 ms 
357191     DEBUG Test worker     d.u.i.k.n.KeyIO           Load declarations of de.uka.ilkd.key.nparser.KeyAst$File:  <unknown>:1#1 
357191     INFO  Test worker     d.u.i.k.n.KeyIO           MODE: declarations took 0 ms 
357191     DEBUG Test worker     d.u.i.k.n.KeyIO           MODE: 2nd degree decls took 0 
357191     INFO  Test worker     d.u.i.k.n.KeyIO           Parsing took 0 ms 
357191     DEBUG Test worker     d.u.i.k.n.KeyIO           Load declarations of de.uka.ilkd.key.nparser.KeyAst$File:  <unknown>:1#1 
357191     INFO  Test worker     d.u.i.k.n.KeyIO           MODE: declarations took 0 ms 
357191     DEBUG Test worker     d.u.i.k.n.KeyIO           MODE: 2nd degree decls took 0 
360537     INFO  Test worker     d.u.i.k.n.KeyIO           Parsing took 0 ms 
360537     DEBUG Test worker     d.u.i.k.n.KeyIO           Load declarations of de.uka.ilkd.key.nparser.KeyAst$File:  <unknown>:1#1 
360537     INFO  Test worker     d.u.i.k.n.KeyIO           MODE: declarations took 0 ms 
360537     DEBUG Test worker     d.u.i.k.n.KeyIO           MODE: 2nd degree decls took 0 
360537     INFO  Test worker     d.u.i.k.n.KeyIO           Parsing took 0 ms 
360537     DEBUG Test worker     d.u.i.k.n.KeyIO           Load declarations of de.uka.ilkd.key.nparser.KeyAst$File:  <unknown>:1#1 
360537     INFO  Test worker     d.u.i.k.n.KeyIO           MODE: declarations took 0 ms 
360537     DEBUG Test worker     d.u.i.k.n.KeyIO           MODE: 2nd degree decls took 0 
360537     INFO  Test worker     d.u.i.k.n.KeyIO           Parsing took 0 ms 
360537     DEBUG Test worker     d.u.i.k.n.KeyIO           Load declarations of de.uka.ilkd.key.nparser.KeyAst$File:  <unknown>:1#1 
360537     INFO  Test worker     d.u.i.k.n.KeyIO           MODE: declarations took 0 ms 
360537     DEBUG Test worker     d.u.i.k.n.KeyIO           MODE: 2nd degree decls took 0 
360537     INFO  Test worker     d.u.i.k.n.KeyIO           Parsing took 0 ms 
360537     DEBUG Test worker     d.u.i.k.n.KeyIO           Load declarations of de.uka.ilkd.key.nparser.KeyAst$File:  <unknown>:1#1 
360537     INFO  Test worker     d.u.i.k.n.KeyIO           MODE: declarations took 0 ms 
360537     DEBUG Test worker     d.u.i.k.n.KeyIO           MODE: 2nd degree decls took 0 
360537     INFO  Test worker     d.u.i.k.n.KeyIO           Parsing took 0 ms 
360537     DEBUG Test worker     d.u.i.k.n.KeyIO           Load declarations of de.uka.ilkd.key.nparser.KeyAst$File:  <unknown>:1#1 
360537     INFO  Test worker     d.u.i.k.n.KeyIO           MODE: declarations took 0 ms 
360537     DEBUG Test worker     d.u.i.k.n.KeyIO           MODE: 2nd degree decls took 0 
363906     INFO  Test worker     d.u.i.k.n.KeyIO           Parsing took 0 ms 
363906     DEBUG Test worker     d.u.i.k.n.KeyIO           Load declarations of de.uka.ilkd.key.nparser.KeyAst$File:  <unknown>:1#1 
363906     INFO  Test worker     d.u.i.k.n.KeyIO           MODE: declarations took 0 ms 
363906     DEBUG Test worker     d.u.i.k.n.KeyIO           MODE: 2nd degree decls took 0 
363906     INFO  Test worker     d.u.i.k.n.KeyIO           Parsing took 0 ms 
363906     DEBUG Test worker     d.u.i.k.n.KeyIO           Load declarations of de.uka.ilkd.key.nparser.KeyAst$File:  <unknown>:1#1 
363906     INFO  Test worker     d.u.i.k.n.KeyIO           MODE: declarations took 0 ms 
363906     DEBUG Test worker     d.u.i.k.n.KeyIO           MODE: 2nd degree decls took 0 
363906     INFO  Test worker     d.u.i.k.n.KeyIO           Parsing took 0 ms 
363906     DEBUG Test worker     d.u.i.k.n.KeyIO           Load declarations of de.uka.ilkd.key.nparser.KeyAst$File:  <unknown>:1#1 
363906     INFO  Test worker     d.u.i.k.n.KeyIO           MODE: declarations took 0 ms 
363906     DEBUG Test worker     d.u.i.k.n.KeyIO           MODE: 2nd degree decls took 0 
363906     INFO  Test worker     d.u.i.k.n.KeyIO           Parsing took 0 ms 
363906     DEBUG Test worker     d.u.i.k.n.KeyIO           Load declarations of de.uka.ilkd.key.nparser.KeyAst$File:  <unknown>:1#1 
363906     INFO  Test worker     d.u.i.k.n.KeyIO           MODE: declarations took 0 ms 
363906     DEBUG Test worker     d.u.i.k.n.KeyIO           MODE: 2nd degree decls took 0 
363906     INFO  Test worker     d.u.i.k.n.KeyIO           Parsing took 0 ms 
363906     DEBUG Test worker     d.u.i.k.n.KeyIO           Load declarations of de.uka.ilkd.key.nparser.KeyAst$File:  <unknown>:1#1 
363906     INFO  Test worker     d.u.i.k.n.KeyIO           MODE: declarations took 0 ms 
363906     DEBUG Test worker     d.u.i.k.n.KeyIO           MODE: 2nd degree decls took 0 
367229     INFO  Test worker     d.u.i.k.n.KeyIO           Parsing took 0 ms 
367229     DEBUG Test worker     d.u.i.k.n.KeyIO           Load declarations of de.uka.ilkd.key.nparser.KeyAst$File:  <unknown>:1#1 
367229     INFO  Test worker     d.u.i.k.n.KeyIO           MODE: declarations took 0 ms 
367229     DEBUG Test worker     d.u.i.k.n.KeyIO           MODE: 2nd degree decls took 0 
367229     INFO  Test worker     d.u.i.k.n.KeyIO           Parsing took 0 ms 
367229     DEBUG Test worker     d.u.i.k.n.KeyIO           Load declarations of de.uka.ilkd.key.nparser.KeyAst$File:  <unknown>:1#1 
367229     INFO  Test worker     d.u.i.k.n.KeyIO           MODE: declarations took 0 ms 
367229     DEBUG Test worker     d.u.i.k.n.KeyIO           MODE: 2nd degree decls took 0 
367229     INFO  Test worker     d.u.i.k.n.KeyIO           Parsing took 0 ms 
367229     DEBUG Test worker     d.u.i.k.n.KeyIO           Load declarations of de.uka.ilkd.key.nparser.KeyAst$File:  <unknown>:1#1 
367229     INFO  Test worker     d.u.i.k.n.KeyIO           MODE: declarations took 0 ms 
367229     DEBUG Test worker     d.u.i.k.n.KeyIO           MODE: 2nd degree decls took 0 
367229     INFO  Test worker     d.u.i.k.n.KeyIO           Parsing took 0 ms 
367229     DEBUG Test worker     d.u.i.k.n.KeyIO           Load declarations of de.uka.ilkd.key.nparser.KeyAst$File:  <unknown>:1#1 
367229     INFO  Test worker     d.u.i.k.n.KeyIO           MODE: declarations took 0 ms 
367229     DEBUG Test worker     d.u.i.k.n.KeyIO           MODE: 2nd degree decls took 0 
367229     INFO  Test worker     d.u.i.k.n.KeyIO           Parsing took 0 ms 
367229     DEBUG Test worker     d.u.i.k.n.KeyIO           Load declarations of de.uka.ilkd.key.nparser.KeyAst$File:  <unknown>:1#1 
367229     INFO  Test worker     d.u.i.k.n.KeyIO           MODE: declarations took 0 ms 
367229     DEBUG Test worker     d.u.i.k.n.KeyIO           MODE: 2nd degree decls took 0 
370555     INFO  Test worker     d.u.i.k.n.KeyIO           Parsing took 0 ms 
370555     DEBUG Test worker     d.u.i.k.n.KeyIO           Load declarations of de.uka.ilkd.key.nparser.KeyAst$File:  <unknown>:1#1 
370555     INFO  Test worker     d.u.i.k.n.KeyIO           MODE: declarations took 0 ms 
370555     DEBUG Test worker     d.u.i.k.n.KeyIO           MODE: 2nd degree decls took 0 
370555     INFO  Test worker     d.u.i.k.n.KeyIO           Parsing took 0 ms 
370555     DEBUG Test worker     d.u.i.k.n.KeyIO           Load declarations of de.uka.ilkd.key.nparser.KeyAst$File:  <unknown>:1#1 
370555     INFO  Test worker     d.u.i.k.n.KeyIO           MODE: declarations took 0 ms 
370555     DEBUG Test worker     d.u.i.k.n.KeyIO           MODE: 2nd degree decls took 0 
370555     INFO  Test worker     d.u.i.k.n.KeyIO           Parsing took 0 ms 
370555     DEBUG Test worker     d.u.i.k.n.KeyIO           Load declarations of de.uka.ilkd.key.nparser.KeyAst$File:  <unknown>:1#1 
370555     INFO  Test worker     d.u.i.k.n.KeyIO           MODE: declarations took 0 ms 
370555     DEBUG Test worker     d.u.i.k.n.KeyIO           MODE: 2nd degree decls took 0 
370555     INFO  Test worker     d.u.i.k.n.KeyIO           Parsing took 0 ms 
370555     DEBUG Test worker     d.u.i.k.n.KeyIO           Load declarations of de.uka.ilkd.key.nparser.KeyAst$File:  <unknown>:1#1 
370555     INFO  Test worker     d.u.i.k.n.KeyIO           MODE: declarations took 0 ms 
370555     DEBUG Test worker     d.u.i.k.n.KeyIO           MODE: 2nd degree decls took 0 
370555     INFO  Test worker     d.u.i.k.n.KeyIO           Parsing took 0 ms 
370555     DEBUG Test worker     d.u.i.k.n.KeyIO           Load declarations of de.uka.ilkd.key.nparser.KeyAst$File:  <unknown>:1#1 
370555     INFO  Test worker     d.u.i.k.n.KeyIO           MODE: declarations took 0 ms 
370555     DEBUG Test worker     d.u.i.k.n.KeyIO           MODE: 2nd degree decls took 0 
373867     INFO  Test worker     d.u.i.k.n.KeyIO           Parsing took 0 ms 
373883     DEBUG Test worker     d.u.i.k.n.KeyIO           Load declarations of de.uka.ilkd.key.nparser.KeyAst$File:  <unknown>:1#1 
373883     INFO  Test worker     d.u.i.k.n.KeyIO           MODE: declarations took 0 ms 
373883     DEBUG Test worker     d.u.i.k.n.KeyIO           MODE: 2nd degree decls took 0 
373883     INFO  Test worker     d.u.i.k.n.KeyIO           Parsing took 0 ms 
373883     DEBUG Test worker     d.u.i.k.n.KeyIO           Load declarations of de.uka.ilkd.key.nparser.KeyAst$File:  <unknown>:1#1 
373883     INFO  Test worker     d.u.i.k.n.KeyIO           MODE: declarations took 0 ms 
373883     DEBUG Test worker     d.u.i.k.n.KeyIO           MODE: 2nd degree decls took 0 
373883     INFO  Test worker     d.u.i.k.n.KeyIO           Parsing took 0 ms 
373883     DEBUG Test worker     d.u.i.k.n.KeyIO           Load declarations of de.uka.ilkd.key.nparser.KeyAst$File:  <unknown>:1#1 
373883     INFO  Test worker     d.u.i.k.n.KeyIO           MODE: declarations took 0 ms 
373883     DEBUG Test worker     d.u.i.k.n.KeyIO           MODE: 2nd degree decls took 0 
373883     INFO  Test worker     d.u.i.k.n.KeyIO           Parsing took 0 ms 
373883     DEBUG Test worker     d.u.i.k.n.KeyIO           Load declarations of de.uka.ilkd.key.nparser.KeyAst$File:  <unknown>:1#1 
373883     INFO  Test worker     d.u.i.k.n.KeyIO           MODE: declarations took 0 ms 
373883     DEBUG Test worker     d.u.i.k.n.KeyIO           MODE: 2nd degree decls took 0 
373883     INFO  Test worker     d.u.i.k.n.KeyIO           Parsing took 0 ms 
373883     DEBUG Test worker     d.u.i.k.n.KeyIO           Load declarations of de.uka.ilkd.key.nparser.KeyAst$File:  <unknown>:1#1 
373883     INFO  Test worker     d.u.i.k.n.KeyIO           MODE: declarations took 0 ms 
373883     DEBUG Test worker     d.u.i.k.n.KeyIO           MODE: 2nd degree decls took 0 
377139     INFO  Test worker     d.u.i.k.n.KeyIO           Parsing took 0 ms 
377139     DEBUG Test worker     d.u.i.k.n.KeyIO           Load declarations of de.uka.ilkd.key.nparser.KeyAst$File:  <unknown>:1#1 
377139     INFO  Test worker     d.u.i.k.n.KeyIO           MODE: declarations took 0 ms 
377139     DEBUG Test worker     d.u.i.k.n.KeyIO           MODE: 2nd degree decls took 0 
377139     INFO  Test worker     d.u.i.k.n.KeyIO           Parsing took 0 ms 
377139     DEBUG Test worker     d.u.i.k.n.KeyIO           Load declarations of de.uka.ilkd.key.nparser.KeyAst$File:  <unknown>:1#1 
377139     INFO  Test worker     d.u.i.k.n.KeyIO           MODE: declarations took 0 ms 
377139     DEBUG Test worker     d.u.i.k.n.KeyIO           MODE: 2nd degree decls took 0 
377139     INFO  Test worker     d.u.i.k.n.KeyIO           Parsing took 0 ms 
377139     DEBUG Test worker     d.u.i.k.n.KeyIO           Load declarations of de.uka.ilkd.key.nparser.KeyAst$File:  <unknown>:1#1 
377139     INFO  Test worker     d.u.i.k.n.KeyIO           MODE: declarations took 0 ms 
377139     DEBUG Test worker     d.u.i.k.n.KeyIO           MODE: 2nd degree decls took 0 
377139     INFO  Test worker     d.u.i.k.n.KeyIO           Parsing took 0 ms 
377139     DEBUG Test worker     d.u.i.k.n.KeyIO           Load declarations of de.uka.ilkd.key.nparser.KeyAst$File:  <unknown>:1#1 
377139     INFO  Test worker     d.u.i.k.n.KeyIO           MODE: declarations took 0 ms 
377139     DEBUG Test worker     d.u.i.k.n.KeyIO           MODE: 2nd degree decls took 0 
377139     INFO  Test worker     d.u.i.k.n.KeyIO           Parsing took 0 ms 
377139     DEBUG Test worker     d.u.i.k.n.KeyIO           Load declarations of de.uka.ilkd.key.nparser.KeyAst$File:  <unknown>:1#1 
377139     INFO  Test worker     d.u.i.k.n.KeyIO           MODE: declarations took 0 ms 
377139     DEBUG Test worker     d.u.i.k.n.KeyIO           MODE: 2nd degree decls took 0 
380422     INFO  Test worker     d.u.i.k.n.KeyIO           Parsing took 0 ms 
380422     DEBUG Test worker     d.u.i.k.n.KeyIO           Load declarations of de.uka.ilkd.key.nparser.KeyAst$File:  <unknown>:1#1 
380438     INFO  Test worker     d.u.i.k.n.KeyIO           MODE: declarations took 16 ms 
380438     DEBUG Test worker     d.u.i.k.n.KeyIO           MODE: 2nd degree decls took 0 
380438     INFO  Test worker     d.u.i.k.n.KeyIO           Parsing took 0 ms 
380438     DEBUG Test worker     d.u.i.k.n.KeyIO           Load declarations of de.uka.ilkd.key.nparser.KeyAst$File:  <unknown>:1#1 
380438     INFO  Test worker     d.u.i.k.n.KeyIO           MODE: declarations took 0 ms 
380438     DEBUG Test worker     d.u.i.k.n.KeyIO           MODE: 2nd degree decls took 0 
380438     INFO  Test worker     d.u.i.k.n.KeyIO           Parsing took 0 ms 
380438     DEBUG Test worker     d.u.i.k.n.KeyIO           Load declarations of de.uka.ilkd.key.nparser.KeyAst$File:  <unknown>:1#1 
380438     INFO  Test worker     d.u.i.k.n.KeyIO           MODE: declarations took 0 ms 
380438     DEBUG Test worker     d.u.i.k.n.KeyIO           MODE: 2nd degree decls took 0 
380438     INFO  Test worker     d.u.i.k.n.KeyIO           Parsing took 0 ms 
380438     DEBUG Test worker     d.u.i.k.n.KeyIO           Load declarations of de.uka.ilkd.key.nparser.KeyAst$File:  <unknown>:1#1 
380438     INFO  Test worker     d.u.i.k.n.KeyIO           MODE: declarations took 0 ms 
380438     DEBUG Test worker     d.u.i.k.n.KeyIO           MODE: 2nd degree decls took 0 
380438     INFO  Test worker     d.u.i.k.n.KeyIO           Parsing took 0 ms 
380438     DEBUG Test worker     d.u.i.k.n.KeyIO           Load declarations of de.uka.ilkd.key.nparser.KeyAst$File:  <unknown>:1#1 
380438     INFO  Test worker     d.u.i.k.n.KeyIO           MODE: declarations took 0 ms 
380438     DEBUG Test worker     d.u.i.k.n.KeyIO           MODE: 2nd degree decls took 0 
383738     INFO  Test worker     d.u.i.k.n.KeyIO           Parsing took 0 ms 
383738     DEBUG Test worker     d.u.i.k.n.KeyIO           Load declarations of de.uka.ilkd.key.nparser.KeyAst$File:  <unknown>:1#1 
383738     INFO  Test worker     d.u.i.k.n.KeyIO           MODE: declarations took 0 ms 
383738     DEBUG Test worker     d.u.i.k.n.KeyIO           MODE: 2nd degree decls took 0 
383738     INFO  Test worker     d.u.i.k.n.KeyIO           Parsing took 0 ms 
383738     DEBUG Test worker     d.u.i.k.n.KeyIO           Load declarations of de.uka.ilkd.key.nparser.KeyAst$File:  <unknown>:1#1 
383738     INFO  Test worker     d.u.i.k.n.KeyIO           MODE: declarations took 0 ms 
383738     DEBUG Test worker     d.u.i.k.n.KeyIO           MODE: 2nd degree decls took 0 
383738     INFO  Test worker     d.u.i.k.n.KeyIO           Parsing took 0 ms 
383738     DEBUG Test worker     d.u.i.k.n.KeyIO           Load declarations of de.uka.ilkd.key.nparser.KeyAst$File:  <unknown>:1#1 
383738     INFO  Test worker     d.u.i.k.n.KeyIO           MODE: declarations took 0 ms 
383738     DEBUG Test worker     d.u.i.k.n.KeyIO           MODE: 2nd degree decls took 0 
383738     INFO  Test worker     d.u.i.k.n.KeyIO           Parsing took 0 ms 
383738     DEBUG Test worker     d.u.i.k.n.KeyIO           Load declarations of de.uka.ilkd.key.nparser.KeyAst$File:  <unknown>:1#1 
383738     INFO  Test worker     d.u.i.k.n.KeyIO           MODE: declarations took 0 ms 
383738     DEBUG Test worker     d.u.i.k.n.KeyIO           MODE: 2nd degree decls took 0 
383738     INFO  Test worker     d.u.i.k.n.KeyIO           Parsing took 0 ms 
383738     DEBUG Test worker     d.u.i.k.n.KeyIO           Load declarations of de.uka.ilkd.key.nparser.KeyAst$File:  <unknown>:1#1 
383738     INFO  Test worker     d.u.i.k.n.KeyIO           MODE: declarations took 0 ms 
383738     DEBUG Test worker     d.u.i.k.n.KeyIO           MODE: 2nd degree decls took 0 
387020     INFO  Test worker     d.u.i.k.n.KeyIO           Parsing took 0 ms 
387020     DEBUG Test worker     d.u.i.k.n.KeyIO           Load declarations of de.uka.ilkd.key.nparser.KeyAst$File:  <unknown>:1#1 
387020     INFO  Test worker     d.u.i.k.n.KeyIO           MODE: declarations took 0 ms 
387020     DEBUG Test worker     d.u.i.k.n.KeyIO           MODE: 2nd degree decls took 0 
387020     INFO  Test worker     d.u.i.k.n.KeyIO           Parsing took 0 ms 
387020     DEBUG Test worker     d.u.i.k.n.KeyIO           Load declarations of de.uka.ilkd.key.nparser.KeyAst$File:  <unknown>:1#1 
387020     INFO  Test worker     d.u.i.k.n.KeyIO           MODE: declarations took 0 ms 
387020     DEBUG Test worker     d.u.i.k.n.KeyIO           MODE: 2nd degree decls took 0 
387020     INFO  Test worker     d.u.i.k.n.KeyIO           Parsing took 0 ms 
387020     DEBUG Test worker     d.u.i.k.n.KeyIO           Load declarations of de.uka.ilkd.key.nparser.KeyAst$File:  <unknown>:1#1 
387020     INFO  Test worker     d.u.i.k.n.KeyIO           MODE: declarations took 0 ms 
387020     DEBUG Test worker     d.u.i.k.n.KeyIO           MODE: 2nd degree decls took 0 
387020     INFO  Test worker     d.u.i.k.n.KeyIO           Parsing took 0 ms 
387020     DEBUG Test worker     d.u.i.k.n.KeyIO           Load declarations of de.uka.ilkd.key.nparser.KeyAst$File:  <unknown>:1#1 
387020     INFO  Test worker     d.u.i.k.n.KeyIO           MODE: declarations took 0 ms 
387020     DEBUG Test worker     d.u.i.k.n.KeyIO           MODE: 2nd degree decls took 0 
387020     INFO  Test worker     d.u.i.k.n.KeyIO           Parsing took 0 ms 
387020     DEBUG Test worker     d.u.i.k.n.KeyIO           Load declarations of de.uka.ilkd.key.nparser.KeyAst$File:  <unknown>:1#1 
387020     INFO  Test worker     d.u.i.k.n.KeyIO           MODE: declarations took 0 ms 
387020     DEBUG Test worker     d.u.i.k.n.KeyIO           MODE: 2nd degree decls took 0 
390350     INFO  Test worker     d.u.i.k.n.KeyIO           Parsing took 0 ms 
390350     DEBUG Test worker     d.u.i.k.n.KeyIO           Load declarations of de.uka.ilkd.key.nparser.KeyAst$File:  <unknown>:1#1 
390350     INFO  Test worker     d.u.i.k.n.KeyIO           MODE: declarations took 0 ms 
390350     DEBUG Test worker     d.u.i.k.n.KeyIO           MODE: 2nd degree decls took 0 
390350     INFO  Test worker     d.u.i.k.n.KeyIO           Parsing took 0 ms 
390350     DEBUG Test worker     d.u.i.k.n.KeyIO           Load declarations of de.uka.ilkd.key.nparser.KeyAst$File:  <unknown>:1#1 
390350     INFO  Test worker     d.u.i.k.n.KeyIO           MODE: declarations took 0 ms 
390350     DEBUG Test worker     d.u.i.k.n.KeyIO           MODE: 2nd degree decls took 0 
390350     INFO  Test worker     d.u.i.k.n.KeyIO           Parsing took 0 ms 
390350     DEBUG Test worker     d.u.i.k.n.KeyIO           Load declarations of de.uka.ilkd.key.nparser.KeyAst$File:  <unknown>:1#1 
390350     INFO  Test worker     d.u.i.k.n.KeyIO           MODE: declarations took 0 ms 
390350     DEBUG Test worker     d.u.i.k.n.KeyIO           MODE: 2nd degree decls took 0 
390350     INFO  Test worker     d.u.i.k.n.KeyIO           Parsing took 0 ms 
390350     DEBUG Test worker     d.u.i.k.n.KeyIO           Load declarations of de.uka.ilkd.key.nparser.KeyAst$File:  <unknown>:1#1 
390350     INFO  Test worker     d.u.i.k.n.KeyIO           MODE: declarations took 0 ms 
390350     DEBUG Test worker     d.u.i.k.n.KeyIO           MODE: 2nd degree decls took 0 
390350     INFO  Test worker     d.u.i.k.n.KeyIO           Parsing took 0 ms 
390350     DEBUG Test worker     d.u.i.k.n.KeyIO           Load declarations of de.uka.ilkd.key.nparser.KeyAst$File:  <unknown>:1#1 
390350     INFO  Test worker     d.u.i.k.n.KeyIO           MODE: declarations took 0 ms 
390350     DEBUG Test worker     d.u.i.k.n.KeyIO           MODE: 2nd degree decls took 0 
393662     INFO  Test worker     d.u.i.k.n.KeyIO           Parsing took 0 ms 
393662     DEBUG Test worker     d.u.i.k.n.KeyIO           Load declarations of de.uka.ilkd.key.nparser.KeyAst$File:  <unknown>:1#1 
393662     INFO  Test worker     d.u.i.k.n.KeyIO           MODE: declarations took 0 ms 
393662     DEBUG Test worker     d.u.i.k.n.KeyIO           MODE: 2nd degree decls took 0 
393662     INFO  Test worker     d.u.i.k.n.KeyIO           Parsing took 0 ms 
393662     DEBUG Test worker     d.u.i.k.n.KeyIO           Load declarations of de.uka.ilkd.key.nparser.KeyAst$File:  <unknown>:1#1 
393662     INFO  Test worker     d.u.i.k.n.KeyIO           MODE: declarations took 0 ms 
393662     DEBUG Test worker     d.u.i.k.n.KeyIO           MODE: 2nd degree decls took 0 
393662     INFO  Test worker     d.u.i.k.n.KeyIO           Parsing took 0 ms 
393662     DEBUG Test worker     d.u.i.k.n.KeyIO           Load declarations of de.uka.ilkd.key.nparser.KeyAst$File:  <unknown>:1#1 
393662     INFO  Test worker     d.u.i.k.n.KeyIO           MODE: declarations took 0 ms 
393662     DEBUG Test worker     d.u.i.k.n.KeyIO           MODE: 2nd degree decls took 0 
393662     INFO  Test worker     d.u.i.k.n.KeyIO           Parsing took 0 ms 
393678     DEBUG Test worker     d.u.i.k.n.KeyIO           Load declarations of de.uka.ilkd.key.nparser.KeyAst$File:  <unknown>:1#1 
393678     INFO  Test worker     d.u.i.k.n.KeyIO           MODE: declarations took 0 ms 
393678     DEBUG Test worker     d.u.i.k.n.KeyIO           MODE: 2nd degree decls took 0 
393678     INFO  Test worker     d.u.i.k.n.KeyIO           Parsing took 0 ms 
393678     DEBUG Test worker     d.u.i.k.n.KeyIO           Load declarations of de.uka.ilkd.key.nparser.KeyAst$File:  <unknown>:1#1 
393678     INFO  Test worker     d.u.i.k.n.KeyIO           MODE: declarations took 0 ms 
393678     DEBUG Test worker     d.u.i.k.n.KeyIO           MODE: 2nd degree decls took 0 
396968     INFO  Test worker     d.u.i.k.n.KeyIO           Parsing took 0 ms 
396968     DEBUG Test worker     d.u.i.k.n.KeyIO           Load declarations of de.uka.ilkd.key.nparser.KeyAst$File:  <unknown>:1#1 
396968     INFO  Test worker     d.u.i.k.n.KeyIO           MODE: declarations took 0 ms 
396968     DEBUG Test worker     d.u.i.k.n.KeyIO           MODE: 2nd degree decls took 0 
396968     INFO  Test worker     d.u.i.k.n.KeyIO           Parsing took 0 ms 
396968     DEBUG Test worker     d.u.i.k.n.KeyIO           Load declarations of de.uka.ilkd.key.nparser.KeyAst$File:  <unknown>:1#1 
396968     INFO  Test worker     d.u.i.k.n.KeyIO           MODE: declarations took 0 ms 
396968     DEBUG Test worker     d.u.i.k.n.KeyIO           MODE: 2nd degree decls took 0 
396968     INFO  Test worker     d.u.i.k.n.KeyIO           Parsing took 0 ms 
396968     DEBUG Test worker     d.u.i.k.n.KeyIO           Load declarations of de.uka.ilkd.key.nparser.KeyAst$File:  <unknown>:1#1 
396968     INFO  Test worker     d.u.i.k.n.KeyIO           MODE: declarations took 0 ms 
396968     DEBUG Test worker     d.u.i.k.n.KeyIO           MODE: 2nd degree decls took 0 
396968     INFO  Test worker     d.u.i.k.n.KeyIO           Parsing took 0 ms 
396968     DEBUG Test worker     d.u.i.k.n.KeyIO           Load declarations of de.uka.ilkd.key.nparser.KeyAst$File:  <unknown>:1#1 
396968     INFO  Test worker     d.u.i.k.n.KeyIO           MODE: declarations took 0 ms 
396968     DEBUG Test worker     d.u.i.k.n.KeyIO           MODE: 2nd degree decls took 0 
396968     INFO  Test worker     d.u.i.k.n.KeyIO           Parsing took 0 ms 
396968     DEBUG Test worker     d.u.i.k.n.KeyIO           Load declarations of de.uka.ilkd.key.nparser.KeyAst$File:  <unknown>:1#1 
396968     INFO  Test worker     d.u.i.k.n.KeyIO           MODE: declarations took 0 ms 
396968     DEBUG Test worker     d.u.i.k.n.KeyIO           MODE: 2nd degree decls took 0 
396984     WARN  Test worker     d.u.i.k.n.KeYParser       [syntax-error] <unknown>:1:11: mismatched input '@' expecting {'/', ':=', '.', '(', ')', '{', '[', '@', PARALLEL, OR, AND, IMP, '=', NOT_EQUALS, '%', '*', '-', '+', '>', GREATEREQUAL, '<', LESSEQUAL, LGUILLEMETS, EQV} [@11,11:11='@',<153>,1:11] (termEOF) 
400256     INFO  Test worker     d.u.i.k.n.KeyIO           Parsing took 0 ms 
400256     DEBUG Test worker     d.u.i.k.n.KeyIO           Load declarations of de.uka.ilkd.key.nparser.KeyAst$File:  <unknown>:1#1 
400256     INFO  Test worker     d.u.i.k.n.KeyIO           MODE: declarations took 0 ms 
400256     DEBUG Test worker     d.u.i.k.n.KeyIO           MODE: 2nd degree decls took 0 
400256     INFO  Test worker     d.u.i.k.n.KeyIO           Parsing took 0 ms 
400256     DEBUG Test worker     d.u.i.k.n.KeyIO           Load declarations of de.uka.ilkd.key.nparser.KeyAst$File:  <unknown>:1#1 
400256     INFO  Test worker     d.u.i.k.n.KeyIO           MODE: declarations took 0 ms 
400256     DEBUG Test worker     d.u.i.k.n.KeyIO           MODE: 2nd degree decls took 0 
400256     INFO  Test worker     d.u.i.k.n.KeyIO           Parsing took 0 ms 
400256     DEBUG Test worker     d.u.i.k.n.KeyIO           Load declarations of de.uka.ilkd.key.nparser.KeyAst$File:  <unknown>:1#1 
400256     INFO  Test worker     d.u.i.k.n.KeyIO           MODE: declarations took 0 ms 
400256     DEBUG Test worker     d.u.i.k.n.KeyIO           MODE: 2nd degree decls took 0 
400256     INFO  Test worker     d.u.i.k.n.KeyIO           Parsing took 0 ms 
400256     DEBUG Test worker     d.u.i.k.n.KeyIO           Load declarations of de.uka.ilkd.key.nparser.KeyAst$File:  <unknown>:1#1 
400256     INFO  Test worker     d.u.i.k.n.KeyIO           MODE: declarations took 0 ms 
400256     DEBUG Test worker     d.u.i.k.n.KeyIO           MODE: 2nd degree decls took 0 
400256     INFO  Test worker     d.u.i.k.n.KeyIO           Parsing took 0 ms 
400256     DEBUG Test worker     d.u.i.k.n.KeyIO           Load declarations of de.uka.ilkd.key.nparser.KeyAst$File:  <unknown>:1#1 
400256     INFO  Test worker     d.u.i.k.n.KeyIO           MODE: declarations took 0 ms 
400256     DEBUG Test worker     d.u.i.k.n.KeyIO           MODE: 2nd degree decls took 0 
403541     INFO  Test worker     d.u.i.k.n.KeyIO           Parsing took 0 ms 
403541     DEBUG Test worker     d.u.i.k.n.KeyIO           Load declarations of de.uka.ilkd.key.nparser.KeyAst$File:  <unknown>:1#1 
403541     INFO  Test worker     d.u.i.k.n.KeyIO           MODE: declarations took 0 ms 
403541     DEBUG Test worker     d.u.i.k.n.KeyIO           MODE: 2nd degree decls took 0 
403541     INFO  Test worker     d.u.i.k.n.KeyIO           Parsing took 0 ms 
403541     DEBUG Test worker     d.u.i.k.n.KeyIO           Load declarations of de.uka.ilkd.key.nparser.KeyAst$File:  <unknown>:1#1 
403541     INFO  Test worker     d.u.i.k.n.KeyIO           MODE: declarations took 0 ms 
403541     DEBUG Test worker     d.u.i.k.n.KeyIO           MODE: 2nd degree decls took 0 
403541     INFO  Test worker     d.u.i.k.n.KeyIO           Parsing took 0 ms 
403541     DEBUG Test worker     d.u.i.k.n.KeyIO           Load declarations of de.uka.ilkd.key.nparser.KeyAst$File:  <unknown>:1#1 
403541     INFO  Test worker     d.u.i.k.n.KeyIO           MODE: declarations took 0 ms 
403541     DEBUG Test worker     d.u.i.k.n.KeyIO           MODE: 2nd degree decls took 0 
403541     INFO  Test worker     d.u.i.k.n.KeyIO           Parsing took 0 ms 
403541     DEBUG Test worker     d.u.i.k.n.KeyIO           Load declarations of de.uka.ilkd.key.nparser.KeyAst$File:  <unknown>:1#1 
403541     INFO  Test worker     d.u.i.k.n.KeyIO           MODE: declarations took 0 ms 
403541     DEBUG Test worker     d.u.i.k.n.KeyIO           MODE: 2nd degree decls took 0 
403541     INFO  Test worker     d.u.i.k.n.KeyIO           Parsing took 0 ms 
403541     DEBUG Test worker     d.u.i.k.n.KeyIO           Load declarations of de.uka.ilkd.key.nparser.KeyAst$File:  <unknown>:1#1 
403541     INFO  Test worker     d.u.i.k.n.KeyIO           MODE: declarations took 0 ms 
403541     DEBUG Test worker     d.u.i.k.n.KeyIO           MODE: 2nd degree decls took 0 
406828     INFO  Test worker     d.u.i.k.n.KeyIO           Parsing took 0 ms 
406828     DEBUG Test worker     d.u.i.k.n.KeyIO           Load declarations of de.uka.ilkd.key.nparser.KeyAst$File:  <unknown>:1#1 
406828     INFO  Test worker     d.u.i.k.n.KeyIO           MODE: declarations took 0 ms 
406828     DEBUG Test worker     d.u.i.k.n.KeyIO           MODE: 2nd degree decls took 0 
406828     INFO  Test worker     d.u.i.k.n.KeyIO           Parsing took 0 ms 
406828     DEBUG Test worker     d.u.i.k.n.KeyIO           Load declarations of de.uka.ilkd.key.nparser.KeyAst$File:  <unknown>:1#1 
406828     INFO  Test worker     d.u.i.k.n.KeyIO           MODE: declarations took 0 ms 
406828     DEBUG Test worker     d.u.i.k.n.KeyIO           MODE: 2nd degree decls took 0 
406828     INFO  Test worker     d.u.i.k.n.KeyIO           Parsing took 0 ms 
406828     DEBUG Test worker     d.u.i.k.n.KeyIO           Load declarations of de.uka.ilkd.key.nparser.KeyAst$File:  <unknown>:1#1 
406828     INFO  Test worker     d.u.i.k.n.KeyIO           MODE: declarations took 0 ms 
406828     DEBUG Test worker     d.u.i.k.n.KeyIO           MODE: 2nd degree decls took 0 
406828     INFO  Test worker     d.u.i.k.n.KeyIO           Parsing took 0 ms 
406828     DEBUG Test worker     d.u.i.k.n.KeyIO           Load declarations of de.uka.ilkd.key.nparser.KeyAst$File:  <unknown>:1#1 
406828     INFO  Test worker     d.u.i.k.n.KeyIO           MODE: declarations took 0 ms 
406828     DEBUG Test worker     d.u.i.k.n.KeyIO           MODE: 2nd degree decls took 0 
406828     INFO  Test worker     d.u.i.k.n.KeyIO           Parsing took 0 ms 
406828     DEBUG Test worker     d.u.i.k.n.KeyIO           Load declarations of de.uka.ilkd.key.nparser.KeyAst$File:  <unknown>:1#1 
406828     INFO  Test worker     d.u.i.k.n.KeyIO           MODE: declarations took 0 ms 
406828     DEBUG Test worker     d.u.i.k.n.KeyIO           MODE: 2nd degree decls took 0 
410119     INFO  Test worker     d.u.i.k.n.KeyIO           Parsing took 0 ms 
410119     DEBUG Test worker     d.u.i.k.n.KeyIO           Load declarations of de.uka.ilkd.key.nparser.KeyAst$File:  <unknown>:1#1 
410119     INFO  Test worker     d.u.i.k.n.KeyIO           MODE: declarations took 0 ms 
410119     DEBUG Test worker     d.u.i.k.n.KeyIO           MODE: 2nd degree decls took 0 
410119     INFO  Test worker     d.u.i.k.n.KeyIO           Parsing took 0 ms 
410119     DEBUG Test worker     d.u.i.k.n.KeyIO           Load declarations of de.uka.ilkd.key.nparser.KeyAst$File:  <unknown>:1#1 
410119     INFO  Test worker     d.u.i.k.n.KeyIO           MODE: declarations took 0 ms 
410119     DEBUG Test worker     d.u.i.k.n.KeyIO           MODE: 2nd degree decls took 0 
410119     INFO  Test worker     d.u.i.k.n.KeyIO           Parsing took 0 ms 
410119     DEBUG Test worker     d.u.i.k.n.KeyIO           Load declarations of de.uka.ilkd.key.nparser.KeyAst$File:  <unknown>:1#1 
410119     INFO  Test worker     d.u.i.k.n.KeyIO           MODE: declarations took 0 ms 
410119     DEBUG Test worker     d.u.i.k.n.KeyIO           MODE: 2nd degree decls took 0 
410119     INFO  Test worker     d.u.i.k.n.KeyIO           Parsing took 0 ms 
410119     DEBUG Test worker     d.u.i.k.n.KeyIO           Load declarations of de.uka.ilkd.key.nparser.KeyAst$File:  <unknown>:1#1 
410119     INFO  Test worker     d.u.i.k.n.KeyIO           MODE: declarations took 0 ms 
410119     DEBUG Test worker     d.u.i.k.n.KeyIO           MODE: 2nd degree decls took 0 
410119     INFO  Test worker     d.u.i.k.n.KeyIO           Parsing took 0 ms 
410119     DEBUG Test worker     d.u.i.k.n.KeyIO           Load declarations of de.uka.ilkd.key.nparser.KeyAst$File:  <unknown>:1#1 
410119     INFO  Test worker     d.u.i.k.n.KeyIO           MODE: declarations took 0 ms 
410119     DEBUG Test worker     d.u.i.k.n.KeyIO           MODE: 2nd degree decls took 0 
413384     INFO  Test worker     d.u.i.k.n.KeyIO           Parsing took 0 ms 
413384     DEBUG Test worker     d.u.i.k.n.KeyIO           Load declarations of de.uka.ilkd.key.nparser.KeyAst$File:  <unknown>:1#1 
413384     INFO  Test worker     d.u.i.k.n.KeyIO           MODE: declarations took 0 ms 
413384     DEBUG Test worker     d.u.i.k.n.KeyIO           MODE: 2nd degree decls took 0 
413384     INFO  Test worker     d.u.i.k.n.KeyIO           Parsing took 0 ms 
413384     DEBUG Test worker     d.u.i.k.n.KeyIO           Load declarations of de.uka.ilkd.key.nparser.KeyAst$File:  <unknown>:1#1 
413384     INFO  Test worker     d.u.i.k.n.KeyIO           MODE: declarations took 0 ms 
413384     DEBUG Test worker     d.u.i.k.n.KeyIO           MODE: 2nd degree decls took 0 
413384     INFO  Test worker     d.u.i.k.n.KeyIO           Parsing took 0 ms 
413384     DEBUG Test worker     d.u.i.k.n.KeyIO           Load declarations of de.uka.ilkd.key.nparser.KeyAst$File:  <unknown>:1#1 
413384     INFO  Test worker     d.u.i.k.n.KeyIO           MODE: declarations took 0 ms 
413384     DEBUG Test worker     d.u.i.k.n.KeyIO           MODE: 2nd degree decls took 0 
413384     INFO  Test worker     d.u.i.k.n.KeyIO           Parsing took 0 ms 
413384     DEBUG Test worker     d.u.i.k.n.KeyIO           Load declarations of de.uka.ilkd.key.nparser.KeyAst$File:  <unknown>:1#1 
413384     INFO  Test worker     d.u.i.k.n.KeyIO           MODE: declarations took 0 ms 
413384     DEBUG Test worker     d.u.i.k.n.KeyIO           MODE: 2nd degree decls took 0 
413384     INFO  Test worker     d.u.i.k.n.KeyIO           Parsing took 0 ms 
413384     DEBUG Test worker     d.u.i.k.n.KeyIO           Load declarations of de.uka.ilkd.key.nparser.KeyAst$File:  <unknown>:1#1 
413384     INFO  Test worker     d.u.i.k.n.KeyIO           MODE: declarations took 0 ms 
413384     DEBUG Test worker     d.u.i.k.n.KeyIO           MODE: 2nd degree decls took 0 
416697     INFO  Test worker     d.u.i.k.n.KeyIO           Parsing took 0 ms 
416697     DEBUG Test worker     d.u.i.k.n.KeyIO           Load declarations of de.uka.ilkd.key.nparser.KeyAst$File:  <unknown>:1#1 
416697     INFO  Test worker     d.u.i.k.n.KeyIO           MODE: declarations took 0 ms 
416697     DEBUG Test worker     d.u.i.k.n.KeyIO           MODE: 2nd degree decls took 0 
416697     INFO  Test worker     d.u.i.k.n.KeyIO           Parsing took 0 ms 
416697     DEBUG Test worker     d.u.i.k.n.KeyIO           Load declarations of de.uka.ilkd.key.nparser.KeyAst$File:  <unknown>:1#1 
416697     INFO  Test worker     d.u.i.k.n.KeyIO           MODE: declarations took 0 ms 
416697     DEBUG Test worker     d.u.i.k.n.KeyIO           MODE: 2nd degree decls took 0 
416697     INFO  Test worker     d.u.i.k.n.KeyIO           Parsing took 0 ms 
416697     DEBUG Test worker     d.u.i.k.n.KeyIO           Load declarations of de.uka.ilkd.key.nparser.KeyAst$File:  <unknown>:1#1 
416697     INFO  Test worker     d.u.i.k.n.KeyIO           MODE: declarations took 0 ms 
416697     DEBUG Test worker     d.u.i.k.n.KeyIO           MODE: 2nd degree decls took 0 
416697     INFO  Test worker     d.u.i.k.n.KeyIO           Parsing took 0 ms 
416697     DEBUG Test worker     d.u.i.k.n.KeyIO           Load declarations of de.uka.ilkd.key.nparser.KeyAst$File:  <unknown>:1#1 
416697     INFO  Test worker     d.u.i.k.n.KeyIO           MODE: declarations took 0 ms 
416697     DEBUG Test worker     d.u.i.k.n.KeyIO           MODE: 2nd degree decls took 0 
416697     INFO  Test worker     d.u.i.k.n.KeyIO           Parsing took 0 ms 
416697     DEBUG Test worker     d.u.i.k.n.KeyIO           Load declarations of de.uka.ilkd.key.nparser.KeyAst$File:  <unknown>:1#1 
416697     INFO  Test worker     d.u.i.k.n.KeyIO           MODE: declarations took 0 ms 
416697     DEBUG Test worker     d.u.i.k.n.KeyIO           MODE: 2nd degree decls took 0 
419989     INFO  Test worker     d.u.i.k.n.KeyIO           Parsing took 0 ms 
419989     DEBUG Test worker     d.u.i.k.n.KeyIO           Load declarations of de.uka.ilkd.key.nparser.KeyAst$File:  <unknown>:1#1 
419989     INFO  Test worker     d.u.i.k.n.KeyIO           MODE: declarations took 0 ms 
419989     DEBUG Test worker     d.u.i.k.n.KeyIO           MODE: 2nd degree decls took 0 
419989     INFO  Test worker     d.u.i.k.n.KeyIO           Parsing took 0 ms 
419989     DEBUG Test worker     d.u.i.k.n.KeyIO           Load declarations of de.uka.ilkd.key.nparser.KeyAst$File:  <unknown>:1#1 
419989     INFO  Test worker     d.u.i.k.n.KeyIO           MODE: declarations took 0 ms 
419989     DEBUG Test worker     d.u.i.k.n.KeyIO           MODE: 2nd degree decls took 0 
419989     INFO  Test worker     d.u.i.k.n.KeyIO           Parsing took 0 ms 
419989     DEBUG Test worker     d.u.i.k.n.KeyIO           Load declarations of de.uka.ilkd.key.nparser.KeyAst$File:  <unknown>:1#1 
419989     INFO  Test worker     d.u.i.k.n.KeyIO           MODE: declarations took 0 ms 
419989     DEBUG Test worker     d.u.i.k.n.KeyIO           MODE: 2nd degree decls took 0 
419989     INFO  Test worker     d.u.i.k.n.KeyIO           Parsing took 0 ms 
419989     DEBUG Test worker     d.u.i.k.n.KeyIO           Load declarations of de.uka.ilkd.key.nparser.KeyAst$File:  <unknown>:1#1 
419989     INFO  Test worker     d.u.i.k.n.KeyIO           MODE: declarations took 0 ms 
419989     DEBUG Test worker     d.u.i.k.n.KeyIO           MODE: 2nd degree decls took 0 
419989     INFO  Test worker     d.u.i.k.n.KeyIO           Parsing took 0 ms 
419989     DEBUG Test worker     d.u.i.k.n.KeyIO           Load declarations of de.uka.ilkd.key.nparser.KeyAst$File:  <unknown>:1#1 
419989     INFO  Test worker     d.u.i.k.n.KeyIO           MODE: declarations took 0 ms 
419989     DEBUG Test worker     d.u.i.k.n.KeyIO           MODE: 2nd degree decls took 0 
423262     INFO  Test worker     d.u.i.k.n.KeyIO           Parsing took 0 ms 
423262     DEBUG Test worker     d.u.i.k.n.KeyIO           Load declarations of de.uka.ilkd.key.nparser.KeyAst$File:  <unknown>:1#1 
423262     INFO  Test worker     d.u.i.k.n.KeyIO           MODE: declarations took 0 ms 
423262     DEBUG Test worker     d.u.i.k.n.KeyIO           MODE: 2nd degree decls took 0 
423262     INFO  Test worker     d.u.i.k.n.KeyIO           Parsing took 0 ms 
423262     DEBUG Test worker     d.u.i.k.n.KeyIO           Load declarations of de.uka.ilkd.key.nparser.KeyAst$File:  <unknown>:1#1 
423262     INFO  Test worker     d.u.i.k.n.KeyIO           MODE: declarations took 0 ms 
423262     DEBUG Test worker     d.u.i.k.n.KeyIO           MODE: 2nd degree decls took 0 
423262     INFO  Test worker     d.u.i.k.n.KeyIO           Parsing took 0 ms 
423262     DEBUG Test worker     d.u.i.k.n.KeyIO           Load declarations of de.uka.ilkd.key.nparser.KeyAst$File:  <unknown>:1#1 
423262     INFO  Test worker     d.u.i.k.n.KeyIO           MODE: declarations took 0 ms 
423262     DEBUG Test worker     d.u.i.k.n.KeyIO           MODE: 2nd degree decls took 0 
423262     INFO  Test worker     d.u.i.k.n.KeyIO           Parsing took 0 ms 
423262     DEBUG Test worker     d.u.i.k.n.KeyIO           Load declarations of de.uka.ilkd.key.nparser.KeyAst$File:  <unknown>:1#1 
423262     INFO  Test worker     d.u.i.k.n.KeyIO           MODE: declarations took 0 ms 
423262     DEBUG Test worker     d.u.i.k.n.KeyIO           MODE: 2nd degree decls took 0 
423262     INFO  Test worker     d.u.i.k.n.KeyIO           Parsing took 0 ms 
423262     DEBUG Test worker     d.u.i.k.n.KeyIO           Load declarations of de.uka.ilkd.key.nparser.KeyAst$File:  <unknown>:1#1 
423262     INFO  Test worker     d.u.i.k.n.KeyIO           MODE: declarations took 0 ms 
423262     DEBUG Test worker     d.u.i.k.n.KeyIO           MODE: 2nd degree decls took 0 
426549     INFO  Test worker     d.u.i.k.n.KeyIO           Parsing took 0 ms 
426549     DEBUG Test worker     d.u.i.k.n.KeyIO           Load declarations of de.uka.ilkd.key.nparser.KeyAst$File:  <unknown>:1#1 
426549     INFO  Test worker     d.u.i.k.n.KeyIO           MODE: declarations took 0 ms 
426549     DEBUG Test worker     d.u.i.k.n.KeyIO           MODE: 2nd degree decls took 0 
426549     INFO  Test worker     d.u.i.k.n.KeyIO           Parsing took 0 ms 
426549     DEBUG Test worker     d.u.i.k.n.KeyIO           Load declarations of de.uka.ilkd.key.nparser.KeyAst$File:  <unknown>:1#1 
426549     INFO  Test worker     d.u.i.k.n.KeyIO           MODE: declarations took 0 ms 
426549     DEBUG Test worker     d.u.i.k.n.KeyIO           MODE: 2nd degree decls took 0 
426549     INFO  Test worker     d.u.i.k.n.KeyIO           Parsing took 0 ms 
426549     DEBUG Test worker     d.u.i.k.n.KeyIO           Load declarations of de.uka.ilkd.key.nparser.KeyAst$File:  <unknown>:1#1 
426549     INFO  Test worker     d.u.i.k.n.KeyIO           MODE: declarations took 0 ms 
426549     DEBUG Test worker     d.u.i.k.n.KeyIO           MODE: 2nd degree decls took 0 
426549     INFO  Test worker     d.u.i.k.n.KeyIO           Parsing took 0 ms 
426549     DEBUG Test worker     d.u.i.k.n.KeyIO           Load declarations of de.uka.ilkd.key.nparser.KeyAst$File:  <unknown>:1#1 
426549     INFO  Test worker     d.u.i.k.n.KeyIO           MODE: declarations took 0 ms 
426549     DEBUG Test worker     d.u.i.k.n.KeyIO           MODE: 2nd degree decls took 0 
426549     INFO  Test worker     d.u.i.k.n.KeyIO           Parsing took 0 ms 
426549     DEBUG Test worker     d.u.i.k.n.KeyIO           Load declarations of de.uka.ilkd.key.nparser.KeyAst$File:  <unknown>:1#1 
426549     INFO  Test worker     d.u.i.k.n.KeyIO           MODE: declarations took 0 ms 
426549     DEBUG Test worker     d.u.i.k.n.KeyIO           MODE: 2nd degree decls took 0 
429821     INFO  Test worker     d.u.i.k.n.KeyIO           Parsing took 0 ms 
429821     DEBUG Test worker     d.u.i.k.n.KeyIO           Load declarations of de.uka.ilkd.key.nparser.KeyAst$File:  <unknown>:1#1 
429821     INFO  Test worker     d.u.i.k.n.KeyIO           MODE: declarations took 0 ms 
429821     DEBUG Test worker     d.u.i.k.n.KeyIO           MODE: 2nd degree decls took 0 
429821     INFO  Test worker     d.u.i.k.n.KeyIO           Parsing took 0 ms 
429821     DEBUG Test worker     d.u.i.k.n.KeyIO           Load declarations of de.uka.ilkd.key.nparser.KeyAst$File:  <unknown>:1#1 
429821     INFO  Test worker     d.u.i.k.n.KeyIO           MODE: declarations took 0 ms 
429821     DEBUG Test worker     d.u.i.k.n.KeyIO           MODE: 2nd degree decls took 0 
429821     INFO  Test worker     d.u.i.k.n.KeyIO           Parsing took 0 ms 
429821     DEBUG Test worker     d.u.i.k.n.KeyIO           Load declarations of de.uka.ilkd.key.nparser.KeyAst$File:  <unknown>:1#1 
429821     INFO  Test worker     d.u.i.k.n.KeyIO           MODE: declarations took 0 ms 
429821     DEBUG Test worker     d.u.i.k.n.KeyIO           MODE: 2nd degree decls took 0 
429821     INFO  Test worker     d.u.i.k.n.KeyIO           Parsing took 0 ms 
429821     DEBUG Test worker     d.u.i.k.n.KeyIO           Load declarations of de.uka.ilkd.key.nparser.KeyAst$File:  <unknown>:1#1 
429821     INFO  Test worker     d.u.i.k.n.KeyIO           MODE: declarations took 0 ms 
429821     DEBUG Test worker     d.u.i.k.n.KeyIO           MODE: 2nd degree decls took 0 
429821     INFO  Test worker     d.u.i.k.n.KeyIO           Parsing took 0 ms 
429821     DEBUG Test worker     d.u.i.k.n.KeyIO           Load declarations of de.uka.ilkd.key.nparser.KeyAst$File:  <unknown>:1#1 
429821     INFO  Test worker     d.u.i.k.n.KeyIO           MODE: declarations took 0 ms 
429821     DEBUG Test worker     d.u.i.k.n.KeyIO           MODE: 2nd degree decls took 0 
434031     INFO  Test worker     d.u.i.k.n.KeyIO           Parsing took 0 ms 
434031     DEBUG Test worker     d.u.i.k.n.KeyIO           Load declarations of de.uka.ilkd.key.nparser.KeyAst$File:  <unknown>:1#1 
434031     INFO  Test worker     d.u.i.k.n.KeyIO           MODE: declarations took 0 ms 
434031     DEBUG Test worker     d.u.i.k.n.KeyIO           MODE: 2nd degree decls took 0 
434031     INFO  Test worker     d.u.i.k.n.KeyIO           Parsing took 0 ms 
434031     DEBUG Test worker     d.u.i.k.n.KeyIO           Load declarations of de.uka.ilkd.key.nparser.KeyAst$File:  <unknown>:1#1 
434031     INFO  Test worker     d.u.i.k.n.KeyIO           MODE: declarations took 0 ms 
434031     DEBUG Test worker     d.u.i.k.n.KeyIO           MODE: 2nd degree decls took 0 
434031     INFO  Test worker     d.u.i.k.n.KeyIO           Parsing took 0 ms 
434031     DEBUG Test worker     d.u.i.k.n.KeyIO           Load declarations of de.uka.ilkd.key.nparser.KeyAst$File:  <unknown>:1#1 
434031     INFO  Test worker     d.u.i.k.n.KeyIO           MODE: declarations took 0 ms 
434031     DEBUG Test worker     d.u.i.k.n.KeyIO           MODE: 2nd degree decls took 0 
434031     INFO  Test worker     d.u.i.k.n.KeyIO           Parsing took 0 ms 
434031     DEBUG Test worker     d.u.i.k.n.KeyIO           Load declarations of de.uka.ilkd.key.nparser.KeyAst$File:  <unknown>:1#1 
434031     INFO  Test worker     d.u.i.k.n.KeyIO           MODE: declarations took 0 ms 
434031     DEBUG Test worker     d.u.i.k.n.KeyIO           MODE: 2nd degree decls took 0 
434031     INFO  Test worker     d.u.i.k.n.KeyIO           Parsing took 0 ms 
434031     DEBUG Test worker     d.u.i.k.n.KeyIO           Load declarations of de.uka.ilkd.key.nparser.KeyAst$File:  <unknown>:1#1 
434031     INFO  Test worker     d.u.i.k.n.KeyIO           MODE: declarations took 0 ms 
434031     DEBUG Test worker     d.u.i.k.n.KeyIO           MODE: 2nd degree decls took 0 
437268     INFO  Test worker     d.u.i.k.n.KeyIO           Parsing took 0 ms 
437268     DEBUG Test worker     d.u.i.k.n.KeyIO           Load declarations of de.uka.ilkd.key.nparser.KeyAst$File:  <unknown>:1#1 
437268     INFO  Test worker     d.u.i.k.n.KeyIO           MODE: declarations took 0 ms 
437268     DEBUG Test worker     d.u.i.k.n.KeyIO           MODE: 2nd degree decls took 0 
437268     INFO  Test worker     d.u.i.k.n.KeyIO           Parsing took 0 ms 
437268     DEBUG Test worker     d.u.i.k.n.KeyIO           Load declarations of de.uka.ilkd.key.nparser.KeyAst$File:  <unknown>:1#1 
437268     INFO  Test worker     d.u.i.k.n.KeyIO           MODE: declarations took 0 ms 
437268     DEBUG Test worker     d.u.i.k.n.KeyIO           MODE: 2nd degree decls took 0 
437268     INFO  Test worker     d.u.i.k.n.KeyIO           Parsing took 0 ms 
437268     DEBUG Test worker     d.u.i.k.n.KeyIO           Load declarations of de.uka.ilkd.key.nparser.KeyAst$File:  <unknown>:1#1 
437268     INFO  Test worker     d.u.i.k.n.KeyIO           MODE: declarations took 0 ms 
437268     DEBUG Test worker     d.u.i.k.n.KeyIO           MODE: 2nd degree decls took 0 
437268     INFO  Test worker     d.u.i.k.n.KeyIO           Parsing took 0 ms 
437268     DEBUG Test worker     d.u.i.k.n.KeyIO           Load declarations of de.uka.ilkd.key.nparser.KeyAst$File:  <unknown>:1#1 
437284     INFO  Test worker     d.u.i.k.n.KeyIO           MODE: declarations took 16 ms 
437284     DEBUG Test worker     d.u.i.k.n.KeyIO           MODE: 2nd degree decls took 0 
437284     INFO  Test worker     d.u.i.k.n.KeyIO           Parsing took 0 ms 
437284     DEBUG Test worker     d.u.i.k.n.KeyIO           Load declarations of de.uka.ilkd.key.nparser.KeyAst$File:  <unknown>:1#1 
437284     INFO  Test worker     d.u.i.k.n.KeyIO           MODE: declarations took 0 ms 
437284     DEBUG Test worker     d.u.i.k.n.KeyIO           MODE: 2nd degree decls took 0 
440541     INFO  Test worker     d.u.i.k.n.KeyIO           Parsing took 0 ms 
440541     DEBUG Test worker     d.u.i.k.n.KeyIO           Load declarations of de.uka.ilkd.key.nparser.KeyAst$File:  <unknown>:1#1 
440541     INFO  Test worker     d.u.i.k.n.KeyIO           MODE: declarations took 0 ms 
440541     DEBUG Test worker     d.u.i.k.n.KeyIO           MODE: 2nd degree decls took 0 
440541     INFO  Test worker     d.u.i.k.n.KeyIO           Parsing took 0 ms 
440541     DEBUG Test worker     d.u.i.k.n.KeyIO           Load declarations of de.uka.ilkd.key.nparser.KeyAst$File:  <unknown>:1#1 
440541     INFO  Test worker     d.u.i.k.n.KeyIO           MODE: declarations took 0 ms 
440541     DEBUG Test worker     d.u.i.k.n.KeyIO           MODE: 2nd degree decls took 0 
440541     INFO  Test worker     d.u.i.k.n.KeyIO           Parsing took 0 ms 
440541     DEBUG Test worker     d.u.i.k.n.KeyIO           Load declarations of de.uka.ilkd.key.nparser.KeyAst$File:  <unknown>:1#1 
440541     INFO  Test worker     d.u.i.k.n.KeyIO           MODE: declarations took 0 ms 
440541     DEBUG Test worker     d.u.i.k.n.KeyIO           MODE: 2nd degree decls took 0 
440541     INFO  Test worker     d.u.i.k.n.KeyIO           Parsing took 0 ms 
440541     DEBUG Test worker     d.u.i.k.n.KeyIO           Load declarations of de.uka.ilkd.key.nparser.KeyAst$File:  <unknown>:1#1 
440541     INFO  Test worker     d.u.i.k.n.KeyIO           MODE: declarations took 0 ms 
440541     DEBUG Test worker     d.u.i.k.n.KeyIO           MODE: 2nd degree decls took 0 
440541     INFO  Test worker     d.u.i.k.n.KeyIO           Parsing took 0 ms 
440541     DEBUG Test worker     d.u.i.k.n.KeyIO           Load declarations of de.uka.ilkd.key.nparser.KeyAst$File:  <unknown>:1#1 
440541     INFO  Test worker     d.u.i.k.n.KeyIO           MODE: declarations took 0 ms 
440541     DEBUG Test worker     d.u.i.k.n.KeyIO           MODE: 2nd degree decls took 0 
443815     INFO  Test worker     d.u.i.k.n.KeyIO           Parsing took 0 ms 
443815     DEBUG Test worker     d.u.i.k.n.KeyIO           Load declarations of de.uka.ilkd.key.nparser.KeyAst$File:  <unknown>:1#1 
443815     INFO  Test worker     d.u.i.k.n.KeyIO           MODE: declarations took 0 ms 
443815     DEBUG Test worker     d.u.i.k.n.KeyIO           MODE: 2nd degree decls took 0 
443815     INFO  Test worker     d.u.i.k.n.KeyIO           Parsing took 0 ms 
443815     DEBUG Test worker     d.u.i.k.n.KeyIO           Load declarations of de.uka.ilkd.key.nparser.KeyAst$File:  <unknown>:1#1 
443815     INFO  Test worker     d.u.i.k.n.KeyIO           MODE: declarations took 0 ms 
443815     DEBUG Test worker     d.u.i.k.n.KeyIO           MODE: 2nd degree decls took 0 
443815     INFO  Test worker     d.u.i.k.n.KeyIO           Parsing took 0 ms 
443815     DEBUG Test worker     d.u.i.k.n.KeyIO           Load declarations of de.uka.ilkd.key.nparser.KeyAst$File:  <unknown>:1#1 
443815     INFO  Test worker     d.u.i.k.n.KeyIO           MODE: declarations took 0 ms 
443815     DEBUG Test worker     d.u.i.k.n.KeyIO           MODE: 2nd degree decls took 0 
443815     INFO  Test worker     d.u.i.k.n.KeyIO           Parsing took 0 ms 
443815     DEBUG Test worker     d.u.i.k.n.KeyIO           Load declarations of de.uka.ilkd.key.nparser.KeyAst$File:  <unknown>:1#1 
443815     INFO  Test worker     d.u.i.k.n.KeyIO           MODE: declarations took 0 ms 
443815     DEBUG Test worker     d.u.i.k.n.KeyIO           MODE: 2nd degree decls took 0 
443815     INFO  Test worker     d.u.i.k.n.KeyIO           Parsing took 0 ms 
443815     DEBUG Test worker     d.u.i.k.n.KeyIO           Load declarations of de.uka.ilkd.key.nparser.KeyAst$File:  <unknown>:1#1 
443815     INFO  Test worker     d.u.i.k.n.KeyIO           MODE: declarations took 0 ms 
443815     DEBUG Test worker     d.u.i.k.n.KeyIO           MODE: 2nd degree decls took 0 
447141     INFO  Test worker     d.u.i.k.n.KeyIO           Parsing took 0 ms 
447141     DEBUG Test worker     d.u.i.k.n.KeyIO           Load declarations of de.uka.ilkd.key.nparser.KeyAst$File:  <unknown>:1#1 
447141     INFO  Test worker     d.u.i.k.n.KeyIO           MODE: declarations took 0 ms 
447141     DEBUG Test worker     d.u.i.k.n.KeyIO           MODE: 2nd degree decls took 0 
447141     INFO  Test worker     d.u.i.k.n.KeyIO           Parsing took 0 ms 
447141     DEBUG Test worker     d.u.i.k.n.KeyIO           Load declarations of de.uka.ilkd.key.nparser.KeyAst$File:  <unknown>:1#1 
447141     INFO  Test worker     d.u.i.k.n.KeyIO           MODE: declarations took 0 ms 
447141     DEBUG Test worker     d.u.i.k.n.KeyIO           MODE: 2nd degree decls took 0 
447141     INFO  Test worker     d.u.i.k.n.KeyIO           Parsing took 0 ms 
447141     DEBUG Test worker     d.u.i.k.n.KeyIO           Load declarations of de.uka.ilkd.key.nparser.KeyAst$File:  <unknown>:1#1 
447141     INFO  Test worker     d.u.i.k.n.KeyIO           MODE: declarations took 0 ms 
447141     DEBUG Test worker     d.u.i.k.n.KeyIO           MODE: 2nd degree decls took 0 
447141     INFO  Test worker     d.u.i.k.n.KeyIO           Parsing took 0 ms 
447141     DEBUG Test worker     d.u.i.k.n.KeyIO           Load declarations of de.uka.ilkd.key.nparser.KeyAst$File:  <unknown>:1#1 
447141     INFO  Test worker     d.u.i.k.n.KeyIO           MODE: declarations took 0 ms 
447141     DEBUG Test worker     d.u.i.k.n.KeyIO           MODE: 2nd degree decls took 0 
447141     INFO  Test worker     d.u.i.k.n.KeyIO           Parsing took 0 ms 
447141     DEBUG Test worker     d.u.i.k.n.KeyIO           Load declarations of de.uka.ilkd.key.nparser.KeyAst$File:  <unknown>:1#1 
447141     INFO  Test worker     d.u.i.k.n.KeyIO           MODE: declarations took 0 ms 
447141     DEBUG Test worker     d.u.i.k.n.KeyIO           MODE: 2nd degree decls took 0 
450385     INFO  Test worker     d.u.i.k.n.KeyIO           Parsing took 0 ms 
450385     DEBUG Test worker     d.u.i.k.n.KeyIO           Load declarations of de.uka.ilkd.key.nparser.KeyAst$File:  <unknown>:1#1 
450385     INFO  Test worker     d.u.i.k.n.KeyIO           MODE: declarations took 0 ms 
450385     DEBUG Test worker     d.u.i.k.n.KeyIO           MODE: 2nd degree decls took 0 
450385     INFO  Test worker     d.u.i.k.n.KeyIO           Parsing took 0 ms 
450385     DEBUG Test worker     d.u.i.k.n.KeyIO           Load declarations of de.uka.ilkd.key.nparser.KeyAst$File:  <unknown>:1#1 
450385     INFO  Test worker     d.u.i.k.n.KeyIO           MODE: declarations took 0 ms 
450385     DEBUG Test worker     d.u.i.k.n.KeyIO           MODE: 2nd degree decls took 0 
450385     INFO  Test worker     d.u.i.k.n.KeyIO           Parsing took 0 ms 
450385     DEBUG Test worker     d.u.i.k.n.KeyIO           Load declarations of de.uka.ilkd.key.nparser.KeyAst$File:  <unknown>:1#1 
450385     INFO  Test worker     d.u.i.k.n.KeyIO           MODE: declarations took 0 ms 
450385     DEBUG Test worker     d.u.i.k.n.KeyIO           MODE: 2nd degree decls took 0 
450385     INFO  Test worker     d.u.i.k.n.KeyIO           Parsing took 0 ms 
450385     DEBUG Test worker     d.u.i.k.n.KeyIO           Load declarations of de.uka.ilkd.key.nparser.KeyAst$File:  <unknown>:1#1 
450385     INFO  Test worker     d.u.i.k.n.KeyIO           MODE: declarations took 0 ms 
450385     DEBUG Test worker     d.u.i.k.n.KeyIO           MODE: 2nd degree decls took 0 
450385     INFO  Test worker     d.u.i.k.n.KeyIO           Parsing took 0 ms 
450385     DEBUG Test worker     d.u.i.k.n.KeyIO           Load declarations of de.uka.ilkd.key.nparser.KeyAst$File:  <unknown>:1#1 
450385     INFO  Test worker     d.u.i.k.n.KeyIO           MODE: declarations took 0 ms 
450385     DEBUG Test worker     d.u.i.k.n.KeyIO           MODE: 2nd degree decls took 0 
453653     INFO  Test worker     d.u.i.k.n.KeyIO           Parsing took 0 ms 
453653     DEBUG Test worker     d.u.i.k.n.KeyIO           Load declarations of de.uka.ilkd.key.nparser.KeyAst$File:  <unknown>:1#1 
453653     INFO  Test worker     d.u.i.k.n.KeyIO           MODE: declarations took 0 ms 
453653     DEBUG Test worker     d.u.i.k.n.KeyIO           MODE: 2nd degree decls took 0 
453653     INFO  Test worker     d.u.i.k.n.KeyIO           Parsing took 0 ms 
453653     DEBUG Test worker     d.u.i.k.n.KeyIO           Load declarations of de.uka.ilkd.key.nparser.KeyAst$File:  <unknown>:1#1 
453668     INFO  Test worker     d.u.i.k.n.KeyIO           MODE: declarations took 15 ms 
453668     DEBUG Test worker     d.u.i.k.n.KeyIO           MODE: 2nd degree decls took 0 
453668     INFO  Test worker     d.u.i.k.n.KeyIO           Parsing took 0 ms 
453668     DEBUG Test worker     d.u.i.k.n.KeyIO           Load declarations of de.uka.ilkd.key.nparser.KeyAst$File:  <unknown>:1#1 
453668     INFO  Test worker     d.u.i.k.n.KeyIO           MODE: declarations took 0 ms 
453668     DEBUG Test worker     d.u.i.k.n.KeyIO           MODE: 2nd degree decls took 0 
453668     INFO  Test worker     d.u.i.k.n.KeyIO           Parsing took 0 ms 
453668     DEBUG Test worker     d.u.i.k.n.KeyIO           Load declarations of de.uka.ilkd.key.nparser.KeyAst$File:  <unknown>:1#1 
453668     INFO  Test worker     d.u.i.k.n.KeyIO           MODE: declarations took 0 ms 
453668     DEBUG Test worker     d.u.i.k.n.KeyIO           MODE: 2nd degree decls took 0 
453668     INFO  Test worker     d.u.i.k.n.KeyIO           Parsing took 0 ms 
453668     DEBUG Test worker     d.u.i.k.n.KeyIO           Load declarations of de.uka.ilkd.key.nparser.KeyAst$File:  <unknown>:1#1 
453668     INFO  Test worker     d.u.i.k.n.KeyIO           MODE: declarations took 0 ms 
453668     DEBUG Test worker     d.u.i.k.n.KeyIO           MODE: 2nd degree decls took 0 
456949     INFO  Test worker     d.u.i.k.n.KeyIO           Parsing took 0 ms 
456949     DEBUG Test worker     d.u.i.k.n.KeyIO           Load declarations of de.uka.ilkd.key.nparser.KeyAst$File:  <unknown>:1#1 
456949     INFO  Test worker     d.u.i.k.n.KeyIO           MODE: declarations took 0 ms 
456949     DEBUG Test worker     d.u.i.k.n.KeyIO           MODE: 2nd degree decls took 0 
456949     INFO  Test worker     d.u.i.k.n.KeyIO           Parsing took 0 ms 
456949     DEBUG Test worker     d.u.i.k.n.KeyIO           Load declarations of de.uka.ilkd.key.nparser.KeyAst$File:  <unknown>:1#1 
456949     INFO  Test worker     d.u.i.k.n.KeyIO           MODE: declarations took 0 ms 
456949     DEBUG Test worker     d.u.i.k.n.KeyIO           MODE: 2nd degree decls took 0 
456949     INFO  Test worker     d.u.i.k.n.KeyIO           Parsing took 0 ms 
456949     DEBUG Test worker     d.u.i.k.n.KeyIO           Load declarations of de.uka.ilkd.key.nparser.KeyAst$File:  <unknown>:1#1 
456949     INFO  Test worker     d.u.i.k.n.KeyIO           MODE: declarations took 0 ms 
456949     DEBUG Test worker     d.u.i.k.n.KeyIO           MODE: 2nd degree decls took 0 
456965     INFO  Test worker     d.u.i.k.n.KeyIO           Parsing took 16 ms 
456965     DEBUG Test worker     d.u.i.k.n.KeyIO           Load declarations of de.uka.ilkd.key.nparser.KeyAst$File:  <unknown>:1#1 
456965     INFO  Test worker     d.u.i.k.n.KeyIO           MODE: declarations took 0 ms 
456965     DEBUG Test worker     d.u.i.k.n.KeyIO           MODE: 2nd degree decls took 0 
456965     INFO  Test worker     d.u.i.k.n.KeyIO           Parsing took 0 ms 
456965     DEBUG Test worker     d.u.i.k.n.KeyIO           Load declarations of de.uka.ilkd.key.nparser.KeyAst$File:  <unknown>:1#1 
456965     INFO  Test worker     d.u.i.k.n.KeyIO           MODE: declarations took 0 ms 
456965     DEBUG Test worker     d.u.i.k.n.KeyIO           MODE: 2nd degree decls took 0 
460275     INFO  Test worker     d.u.i.k.n.KeyIO           Parsing took 0 ms 
460275     DEBUG Test worker     d.u.i.k.n.KeyIO           Load declarations of de.uka.ilkd.key.nparser.KeyAst$File:  <unknown>:1#1 
460275     INFO  Test worker     d.u.i.k.n.KeyIO           MODE: declarations took 0 ms 
460275     DEBUG Test worker     d.u.i.k.n.KeyIO           MODE: 2nd degree decls took 0 
460275     INFO  Test worker     d.u.i.k.n.KeyIO           Parsing took 0 ms 
460275     DEBUG Test worker     d.u.i.k.n.KeyIO           Load declarations of de.uka.ilkd.key.nparser.KeyAst$File:  <unknown>:1#1 
460275     INFO  Test worker     d.u.i.k.n.KeyIO           MODE: declarations took 0 ms 
460275     DEBUG Test worker     d.u.i.k.n.KeyIO           MODE: 2nd degree decls took 0 
460275     INFO  Test worker     d.u.i.k.n.KeyIO           Parsing took 0 ms 
460275     DEBUG Test worker     d.u.i.k.n.KeyIO           Load declarations of de.uka.ilkd.key.nparser.KeyAst$File:  <unknown>:1#1 
460275     INFO  Test worker     d.u.i.k.n.KeyIO           MODE: declarations took 0 ms 
460275     DEBUG Test worker     d.u.i.k.n.KeyIO           MODE: 2nd degree decls took 0 
460275     INFO  Test worker     d.u.i.k.n.KeyIO           Parsing took 0 ms 
460275     DEBUG Test worker     d.u.i.k.n.KeyIO           Load declarations of de.uka.ilkd.key.nparser.KeyAst$File:  <unknown>:1#1 
460275     INFO  Test worker     d.u.i.k.n.KeyIO           MODE: declarations took 0 ms 
460275     DEBUG Test worker     d.u.i.k.n.KeyIO           MODE: 2nd degree decls took 0 
460275     INFO  Test worker     d.u.i.k.n.KeyIO           Parsing took 0 ms 
460275     DEBUG Test worker     d.u.i.k.n.KeyIO           Load declarations of de.uka.ilkd.key.nparser.KeyAst$File:  <unknown>:1#1 
460275     INFO  Test worker     d.u.i.k.n.KeyIO           MODE: declarations took 0 ms 
460275     DEBUG Test worker     d.u.i.k.n.KeyIO           MODE: 2nd degree decls took 0 
463534     INFO  Test worker     d.u.i.k.n.KeyIO           Parsing took 0 ms 
463534     DEBUG Test worker     d.u.i.k.n.KeyIO           Load declarations of de.uka.ilkd.key.nparser.KeyAst$File:  <unknown>:1#1 
463534     INFO  Test worker     d.u.i.k.n.KeyIO           MODE: declarations took 0 ms 
463534     DEBUG Test worker     d.u.i.k.n.KeyIO           MODE: 2nd degree decls took 0 
463534     INFO  Test worker     d.u.i.k.n.KeyIO           Parsing took 0 ms 
463534     DEBUG Test worker     d.u.i.k.n.KeyIO           Load declarations of de.uka.ilkd.key.nparser.KeyAst$File:  <unknown>:1#1 
463534     INFO  Test worker     d.u.i.k.n.KeyIO           MODE: declarations took 0 ms 
463534     DEBUG Test worker     d.u.i.k.n.KeyIO           MODE: 2nd degree decls took 0 
463534     INFO  Test worker     d.u.i.k.n.KeyIO           Parsing took 0 ms 
463534     DEBUG Test worker     d.u.i.k.n.KeyIO           Load declarations of de.uka.ilkd.key.nparser.KeyAst$File:  <unknown>:1#1 
463534     INFO  Test worker     d.u.i.k.n.KeyIO           MODE: declarations took 0 ms 
463534     DEBUG Test worker     d.u.i.k.n.KeyIO           MODE: 2nd degree decls took 0 
463534     INFO  Test worker     d.u.i.k.n.KeyIO           Parsing took 0 ms 
463534     DEBUG Test worker     d.u.i.k.n.KeyIO           Load declarations of de.uka.ilkd.key.nparser.KeyAst$File:  <unknown>:1#1 
463534     INFO  Test worker     d.u.i.k.n.KeyIO           MODE: declarations took 0 ms 
463534     DEBUG Test worker     d.u.i.k.n.KeyIO           MODE: 2nd degree decls took 0 
463534     INFO  Test worker     d.u.i.k.n.KeyIO           Parsing took 0 ms 
463534     DEBUG Test worker     d.u.i.k.n.KeyIO           Load declarations of de.uka.ilkd.key.nparser.KeyAst$File:  <unknown>:1#1 
463534     INFO  Test worker     d.u.i.k.n.KeyIO           MODE: declarations took 0 ms 
463534     DEBUG Test worker     d.u.i.k.n.KeyIO           MODE: 2nd degree decls took 0 
466829     INFO  Test worker     d.u.i.k.n.KeyIO           Parsing took 0 ms 
466829     DEBUG Test worker     d.u.i.k.n.KeyIO           Load declarations of de.uka.ilkd.key.nparser.KeyAst$File:  <unknown>:1#1 
466829     INFO  Test worker     d.u.i.k.n.KeyIO           MODE: declarations took 0 ms 
466829     DEBUG Test worker     d.u.i.k.n.KeyIO           MODE: 2nd degree decls took 0 
466829     INFO  Test worker     d.u.i.k.n.KeyIO           Parsing took 0 ms 
466829     DEBUG Test worker     d.u.i.k.n.KeyIO           Load declarations of de.uka.ilkd.key.nparser.KeyAst$File:  <unknown>:1#1 
466829     INFO  Test worker     d.u.i.k.n.KeyIO           MODE: declarations took 0 ms 
466829     DEBUG Test worker     d.u.i.k.n.KeyIO           MODE: 2nd degree decls took 0 
466829     INFO  Test worker     d.u.i.k.n.KeyIO           Parsing took 0 ms 
466829     DEBUG Test worker     d.u.i.k.n.KeyIO           Load declarations of de.uka.ilkd.key.nparser.KeyAst$File:  <unknown>:1#1 
466829     INFO  Test worker     d.u.i.k.n.KeyIO           MODE: declarations took 0 ms 
466829     DEBUG Test worker     d.u.i.k.n.KeyIO           MODE: 2nd degree decls took 0 
466829     INFO  Test worker     d.u.i.k.n.KeyIO           Parsing took 0 ms 
466829     DEBUG Test worker     d.u.i.k.n.KeyIO           Load declarations of de.uka.ilkd.key.nparser.KeyAst$File:  <unknown>:1#1 
466829     INFO  Test worker     d.u.i.k.n.KeyIO           MODE: declarations took 0 ms 
466829     DEBUG Test worker     d.u.i.k.n.KeyIO           MODE: 2nd degree decls took 0 
466829     INFO  Test worker     d.u.i.k.n.KeyIO           Parsing took 0 ms 
466829     DEBUG Test worker     d.u.i.k.n.KeyIO           Load declarations of de.uka.ilkd.key.nparser.KeyAst$File:  <unknown>:1#1 
466829     INFO  Test worker     d.u.i.k.n.KeyIO           MODE: declarations took 0 ms 
466829     DEBUG Test worker     d.u.i.k.n.KeyIO           MODE: 2nd degree decls took 0 
470092     INFO  Test worker     d.u.i.k.n.KeyIO           Parsing took 0 ms 
470092     DEBUG Test worker     d.u.i.k.n.KeyIO           Load declarations of de.uka.ilkd.key.nparser.KeyAst$File:  <unknown>:1#1 
470092     INFO  Test worker     d.u.i.k.n.KeyIO           MODE: declarations took 0 ms 
470092     DEBUG Test worker     d.u.i.k.n.KeyIO           MODE: 2nd degree decls took 0 
470092     INFO  Test worker     d.u.i.k.n.KeyIO           Parsing took 0 ms 
470092     DEBUG Test worker     d.u.i.k.n.KeyIO           Load declarations of de.uka.ilkd.key.nparser.KeyAst$File:  <unknown>:1#1 
470092     INFO  Test worker     d.u.i.k.n.KeyIO           MODE: declarations took 0 ms 
470092     DEBUG Test worker     d.u.i.k.n.KeyIO           MODE: 2nd degree decls took 0 
470092     INFO  Test worker     d.u.i.k.n.KeyIO           Parsing took 0 ms 
470092     DEBUG Test worker     d.u.i.k.n.KeyIO           Load declarations of de.uka.ilkd.key.nparser.KeyAst$File:  <unknown>:1#1 
470092     INFO  Test worker     d.u.i.k.n.KeyIO           MODE: declarations took 0 ms 
470092     DEBUG Test worker     d.u.i.k.n.KeyIO           MODE: 2nd degree decls took 0 
470092     INFO  Test worker     d.u.i.k.n.KeyIO           Parsing took 0 ms 
470092     DEBUG Test worker     d.u.i.k.n.KeyIO           Load declarations of de.uka.ilkd.key.nparser.KeyAst$File:  <unknown>:1#1 
470092     INFO  Test worker     d.u.i.k.n.KeyIO           MODE: declarations took 0 ms 
470092     DEBUG Test worker     d.u.i.k.n.KeyIO           MODE: 2nd degree decls took 0 
470092     INFO  Test worker     d.u.i.k.n.KeyIO           Parsing took 0 ms 
470092     DEBUG Test worker     d.u.i.k.n.KeyIO           Load declarations of de.uka.ilkd.key.nparser.KeyAst$File:  <unknown>:1#1 
470092     INFO  Test worker     d.u.i.k.n.KeyIO           MODE: declarations took 0 ms 
470092     DEBUG Test worker     d.u.i.k.n.KeyIO           MODE: 2nd degree decls took 0 
473370     INFO  Test worker     d.u.i.k.n.KeyIO           Parsing took 0 ms 
473370     DEBUG Test worker     d.u.i.k.n.KeyIO           Load declarations of de.uka.ilkd.key.nparser.KeyAst$File:  <unknown>:1#1 
473370     INFO  Test worker     d.u.i.k.n.KeyIO           MODE: declarations took 0 ms 
473370     DEBUG Test worker     d.u.i.k.n.KeyIO           MODE: 2nd degree decls took 0 
473370     INFO  Test worker     d.u.i.k.n.KeyIO           Parsing took 0 ms 
473370     DEBUG Test worker     d.u.i.k.n.KeyIO           Load declarations of de.uka.ilkd.key.nparser.KeyAst$File:  <unknown>:1#1 
473370     INFO  Test worker     d.u.i.k.n.KeyIO           MODE: declarations took 0 ms 
473370     DEBUG Test worker     d.u.i.k.n.KeyIO           MODE: 2nd degree decls took 0 
473370     INFO  Test worker     d.u.i.k.n.KeyIO           Parsing took 0 ms 
473370     DEBUG Test worker     d.u.i.k.n.KeyIO           Load declarations of de.uka.ilkd.key.nparser.KeyAst$File:  <unknown>:1#1 
473370     INFO  Test worker     d.u.i.k.n.KeyIO           MODE: declarations took 0 ms 
473370     DEBUG Test worker     d.u.i.k.n.KeyIO           MODE: 2nd degree decls took 0 
473370     INFO  Test worker     d.u.i.k.n.KeyIO           Parsing took 0 ms 
473370     DEBUG Test worker     d.u.i.k.n.KeyIO           Load declarations of de.uka.ilkd.key.nparser.KeyAst$File:  <unknown>:1#1 
473370     INFO  Test worker     d.u.i.k.n.KeyIO           MODE: declarations took 0 ms 
473370     DEBUG Test worker     d.u.i.k.n.KeyIO           MODE: 2nd degree decls took 0 
473370     INFO  Test worker     d.u.i.k.n.KeyIO           Parsing took 0 ms 
473370     DEBUG Test worker     d.u.i.k.n.KeyIO           Load declarations of de.uka.ilkd.key.nparser.KeyAst$File:  <unknown>:1#1 
473370     INFO  Test worker     d.u.i.k.n.KeyIO           MODE: declarations took 0 ms 
473370     DEBUG Test worker     d.u.i.k.n.KeyIO           MODE: 2nd degree decls took 0 
476635     INFO  Test worker     d.u.i.k.n.KeyIO           Parsing took 0 ms 
476635     DEBUG Test worker     d.u.i.k.n.KeyIO           Load declarations of de.uka.ilkd.key.nparser.KeyAst$File:  <unknown>:1#1 
476635     INFO  Test worker     d.u.i.k.n.KeyIO           MODE: declarations took 0 ms 
476635     DEBUG Test worker     d.u.i.k.n.KeyIO           MODE: 2nd degree decls took 0 
476635     INFO  Test worker     d.u.i.k.n.KeyIO           Parsing took 0 ms 
476635     DEBUG Test worker     d.u.i.k.n.KeyIO           Load declarations of de.uka.ilkd.key.nparser.KeyAst$File:  <unknown>:1#1 
476635     INFO  Test worker     d.u.i.k.n.KeyIO           MODE: declarations took 0 ms 
476635     DEBUG Test worker     d.u.i.k.n.KeyIO           MODE: 2nd degree decls took 0 
476635     INFO  Test worker     d.u.i.k.n.KeyIO           Parsing took 0 ms 
476635     DEBUG Test worker     d.u.i.k.n.KeyIO           Load declarations of de.uka.ilkd.key.nparser.KeyAst$File:  <unknown>:1#1 
476635     INFO  Test worker     d.u.i.k.n.KeyIO           MODE: declarations took 0 ms 
476635     DEBUG Test worker     d.u.i.k.n.KeyIO           MODE: 2nd degree decls took 0 
476635     INFO  Test worker     d.u.i.k.n.KeyIO           Parsing took 0 ms 
476635     DEBUG Test worker     d.u.i.k.n.KeyIO           Load declarations of de.uka.ilkd.key.nparser.KeyAst$File:  <unknown>:1#1 
476635     INFO  Test worker     d.u.i.k.n.KeyIO           MODE: declarations took 0 ms 
476635     DEBUG Test worker     d.u.i.k.n.KeyIO           MODE: 2nd degree decls took 0 
476635     INFO  Test worker     d.u.i.k.n.KeyIO           Parsing took 0 ms 
476635     DEBUG Test worker     d.u.i.k.n.KeyIO           Load declarations of de.uka.ilkd.key.nparser.KeyAst$File:  <unknown>:1#1 
476635     INFO  Test worker     d.u.i.k.n.KeyIO           MODE: declarations took 0 ms 
476635     DEBUG Test worker     d.u.i.k.n.KeyIO           MODE: 2nd degree decls took 0 
]]></system-out>
  <system-err><![CDATA[]]></system-err>
</testsuite>
