<?xml version="1.0" encoding="UTF-8"?>
<testsuite name="de.uka.ilkd.key.parser.TestTermParserSorts" tests="2" skipped="0" failures="0" errors="0" timestamp="2023-04-20T10:54:55" hostname="fv-az479-470" time="3.292">
  <properties/>
  <testcase name="testParseIntegerArgs()" classname="de.uka.ilkd.key.parser.TestTermParserSorts" time="0.018"/>
  <testcase name="testParseSequencePrettySyntax()" classname="de.uka.ilkd.key.parser.TestTermParserSorts" time="0.003"/>
  <system-out><![CDATA[479931     INFO  Test worker     d.u.i.k.n.KeyIO           Parsing took 0 ms 
479931     DEBUG Test worker     d.u.i.k.n.KeyIO           Load declarations of de.uka.ilkd.key.nparser.KeyAst$File:  <unknown>:1#1 
479931     INFO  Test worker     d.u.i.k.n.KeyIO           MODE: declarations took 0 ms 
479931     DEBUG Test worker     d.u.i.k.n.KeyIO           MODE: 2nd degree decls took 0 
479931     INFO  Test worker     d.u.i.k.n.KeyIO           Parsing took 0 ms 
479931     DEBUG Test worker     d.u.i.k.n.KeyIO           Load declarations of de.uka.ilkd.key.nparser.KeyAst$File:  <unknown>:1#1 
479931     INFO  Test worker     d.u.i.k.n.KeyIO           MODE: declarations took 0 ms 
479931     DEBUG Test worker     d.u.i.k.n.KeyIO           MODE: 2nd degree decls took 0 
479931     INFO  Test worker     d.u.i.k.n.KeyIO           Parsing took 0 ms 
479931     DEBUG Test worker     d.u.i.k.n.KeyIO           Load declarations of de.uka.ilkd.key.nparser.KeyAst$File:  <unknown>:1#1 
479931     INFO  Test worker     d.u.i.k.n.KeyIO           MODE: declarations took 0 ms 
479931     DEBUG Test worker     d.u.i.k.n.KeyIO           MODE: 2nd degree decls took 0 
483220     INFO  Test worker     d.u.i.k.n.KeyIO           Parsing took 0 ms 
483220     DEBUG Test worker     d.u.i.k.n.KeyIO           Load declarations of de.uka.ilkd.key.nparser.KeyAst$File:  <unknown>:1#1 
483220     INFO  Test worker     d.u.i.k.n.KeyIO           MODE: declarations took 0 ms 
483220     DEBUG Test worker     d.u.i.k.n.KeyIO           MODE: 2nd degree decls took 0 
483220     INFO  Test worker     d.u.i.k.n.KeyIO           Parsing took 0 ms 
483220     DEBUG Test worker     d.u.i.k.n.KeyIO           Load declarations of de.uka.ilkd.key.nparser.KeyAst$File:  <unknown>:1#1 
483220     INFO  Test worker     d.u.i.k.n.KeyIO           MODE: declarations took 0 ms 
483220     DEBUG Test worker     d.u.i.k.n.KeyIO           MODE: 2nd degree decls took 0 
483220     INFO  Test worker     d.u.i.k.n.KeyIO           Parsing took 0 ms 
483220     DEBUG Test worker     d.u.i.k.n.KeyIO           Load declarations of de.uka.ilkd.key.nparser.KeyAst$File:  <unknown>:1#1 
483220     INFO  Test worker     d.u.i.k.n.KeyIO           MODE: declarations took 0 ms 
483220     DEBUG Test worker     d.u.i.k.n.KeyIO           MODE: 2nd degree decls took 0 
]]></system-out>
  <system-err><![CDATA[]]></system-err>
</testsuite>
