<?xml version="1.0" encoding="UTF-8"?>
<testsuite name="de.uka.ilkd.key.parser.TestDeclParser" tests="14" skipped="2" failures="0" errors="0" timestamp="2023-04-20T10:50:55" hostname="fv-az479-470" time="13.065">
  <properties/>
  <testcase name="testGenericSortDecl1()" classname="de.uka.ilkd.key.parser.TestDeclParser" time="1.24"/>
  <testcase name="testGenericSortDecl2()" classname="de.uka.ilkd.key.parser.TestDeclParser" time="1.115"/>
  <testcase name="testGenericSortDecl3()" classname="de.uka.ilkd.key.parser.TestDeclParser" time="1.094"/>
  <testcase name="testGenericSortDecl4()" classname="de.uka.ilkd.key.parser.TestDeclParser" time="1.072"/>
  <testcase name="testGenericSortDecl5()" classname="de.uka.ilkd.key.parser.TestDeclParser" time="0.001">
    <skipped/>
  </testcase>
  <testcase name="testGenericSortDecl6()" classname="de.uka.ilkd.key.parser.TestDeclParser" time="1.037"/>
  <testcase name="testSortDecl()" classname="de.uka.ilkd.key.parser.TestDeclParser" time="1.09"/>
  <testcase name="testProxySortDecl()" classname="de.uka.ilkd.key.parser.TestDeclParser" time="1.085"/>
  <testcase name="testArrayDecl()" classname="de.uka.ilkd.key.parser.TestDeclParser" time="0.99"/>
  <testcase name="testAmbiguousDecls()" classname="de.uka.ilkd.key.parser.TestDeclParser" time="0.0">
    <skipped/>
  </testcase>
  <testcase name="testHeurDecl()" classname="de.uka.ilkd.key.parser.TestDeclParser" time="1.091"/>
  <testcase name="testFunctionDecl()" classname="de.uka.ilkd.key.parser.TestDeclParser" time="1.07"/>
  <testcase name="testPredicateDecl()" classname="de.uka.ilkd.key.parser.TestDeclParser" time="1.128"/>
  <testcase name="testSVDecl()" classname="de.uka.ilkd.key.parser.TestDeclParser" time="1.049"/>
  <system-out><![CDATA[240637     INFO  Test worker     d.u.i.k.n.KeyIO           Parsing took 0 ms 
240637     DEBUG Test worker     d.u.i.k.n.KeyIO           Load declarations of de.uka.ilkd.key.nparser.KeyAst$File:  <unknown>:1#1 
240637     INFO  Test worker     d.u.i.k.n.KeyIO           MODE: declarations took 0 ms 
240637     DEBUG Test worker     d.u.i.k.n.KeyIO           MODE: 2nd degree decls took 0 
240637     DEBUG Test worker     d.u.i.k.n.KeyIO           MODE: taclets took 0ms 
241766     INFO  Test worker     d.u.i.k.n.KeyIO           Parsing took 0 ms 
241766     DEBUG Test worker     d.u.i.k.n.KeyIO           Load declarations of de.uka.ilkd.key.nparser.KeyAst$File:  <unknown>:1#1 
241766     INFO  Test worker     d.u.i.k.n.KeyIO           MODE: declarations took 0 ms 
241766     DEBUG Test worker     d.u.i.k.n.KeyIO           MODE: 2nd degree decls took 0 
241766     DEBUG Test worker     d.u.i.k.n.KeyIO           MODE: taclets took 0ms 
242859     INFO  Test worker     d.u.i.k.n.KeyIO           Parsing took 0 ms 
242859     DEBUG Test worker     d.u.i.k.n.KeyIO           Load declarations of de.uka.ilkd.key.nparser.KeyAst$File:  <unknown>:1#1 
242859     INFO  Test worker     d.u.i.k.n.KeyIO           MODE: declarations took 0 ms 
242859     DEBUG Test worker     d.u.i.k.n.KeyIO           MODE: 2nd degree decls took 0 
242859     DEBUG Test worker     d.u.i.k.n.KeyIO           MODE: taclets took 0ms 
243938     INFO  Test worker     d.u.i.k.n.KeyIO           Parsing took 0 ms 
243938     DEBUG Test worker     d.u.i.k.n.KeyIO           Load declarations of de.uka.ilkd.key.nparser.KeyAst$File:  <unknown>:1#1 
243938     INFO  Test worker     d.u.i.k.n.KeyIO           MODE: declarations took 0 ms 
243938     DEBUG Test worker     d.u.i.k.n.KeyIO           MODE: 2nd degree decls took 0 
243938     DEBUG Test worker     d.u.i.k.n.KeyIO           MODE: taclets took 0ms 
244970     INFO  Test worker     d.u.i.k.n.KeyIO           Parsing took 0 ms 
244970     DEBUG Test worker     d.u.i.k.n.KeyIO           Load declarations of de.uka.ilkd.key.nparser.KeyAst$File:  <unknown>:1#1 
244970     INFO  Test worker     d.u.i.k.n.KeyIO           MODE: declarations took 0 ms 
244970     DEBUG Test worker     d.u.i.k.n.KeyIO           MODE: 2nd degree decls took 0 
244970     DEBUG Test worker     d.u.i.k.n.KeyIO           MODE: taclets took 0ms 
246056     INFO  Test worker     d.u.i.k.n.KeyIO           Parsing took 0 ms 
246056     DEBUG Test worker     d.u.i.k.n.KeyIO           Load declarations of de.uka.ilkd.key.nparser.KeyAst$File:  <unknown>:1#1 
246056     INFO  Test worker     d.u.i.k.n.KeyIO           MODE: declarations took 0 ms 
246056     DEBUG Test worker     d.u.i.k.n.KeyIO           MODE: 2nd degree decls took 0 
246056     DEBUG Test worker     d.u.i.k.n.KeyIO           MODE: taclets took 0ms 
247135     INFO  Test worker     d.u.i.k.n.KeyIO           Parsing took 0 ms 
247135     DEBUG Test worker     d.u.i.k.n.KeyIO           Load declarations of de.uka.ilkd.key.nparser.KeyAst$File:  <unknown>:1#1 
247135     INFO  Test worker     d.u.i.k.n.KeyIO           MODE: declarations took 0 ms 
247135     DEBUG Test worker     d.u.i.k.n.KeyIO           MODE: 2nd degree decls took 0 
247135     DEBUG Test worker     d.u.i.k.n.KeyIO           MODE: taclets took 0ms 
248136     INFO  Test worker     d.u.i.k.n.KeyIO           Parsing took 0 ms 
248136     DEBUG Test worker     d.u.i.k.n.KeyIO           Load declarations of de.uka.ilkd.key.nparser.KeyAst$File:  <unknown>:1#1 
248136     INFO  Test worker     d.u.i.k.n.KeyIO           MODE: declarations took 0 ms 
248136     DEBUG Test worker     d.u.i.k.n.KeyIO           MODE: 2nd degree decls took 0 
248136     DEBUG Test worker     d.u.i.k.n.KeyIO           MODE: taclets took 0ms 
249230     INFO  Test worker     d.u.i.k.n.KeyIO           Parsing took 0 ms 
249230     DEBUG Test worker     d.u.i.k.n.KeyIO           Load declarations of de.uka.ilkd.key.nparser.KeyAst$File:  <unknown>:1#1 
249230     INFO  Test worker     d.u.i.k.n.KeyIO           MODE: declarations took 0 ms 
249230     DEBUG Test worker     d.u.i.k.n.KeyIO           MODE: 2nd degree decls took 0 
249230     DEBUG Test worker     d.u.i.k.n.KeyIO           MODE: taclets took 0ms 
250294     INFO  Test worker     d.u.i.k.n.KeyIO           Parsing took 0 ms 
250294     DEBUG Test worker     d.u.i.k.n.KeyIO           Load declarations of de.uka.ilkd.key.nparser.KeyAst$File:  <unknown>:1#1 
250294     INFO  Test worker     d.u.i.k.n.KeyIO           MODE: declarations took 0 ms 
250294     DEBUG Test worker     d.u.i.k.n.KeyIO           MODE: 2nd degree decls took 0 
250294     DEBUG Test worker     d.u.i.k.n.KeyIO           MODE: taclets took 0ms 
251427     INFO  Test worker     d.u.i.k.n.KeyIO           Parsing took 0 ms 
251427     DEBUG Test worker     d.u.i.k.n.KeyIO           Load declarations of de.uka.ilkd.key.nparser.KeyAst$File:  <unknown>:1#1 
251427     INFO  Test worker     d.u.i.k.n.KeyIO           MODE: declarations took 0 ms 
251427     DEBUG Test worker     d.u.i.k.n.KeyIO           MODE: 2nd degree decls took 0 
251427     DEBUG Test worker     d.u.i.k.n.KeyIO           MODE: taclets took 0ms 
252468     INFO  Test worker     d.u.i.k.n.KeyIO           Parsing took 0 ms 
252468     DEBUG Test worker     d.u.i.k.n.KeyIO           Load declarations of de.uka.ilkd.key.nparser.KeyAst$File:  <unknown>:1#1 
252468     INFO  Test worker     d.u.i.k.n.KeyIO           MODE: declarations took 0 ms 
252468     DEBUG Test worker     d.u.i.k.n.KeyIO           MODE: 2nd degree decls took 0 
252468     DEBUG Test worker     d.u.i.k.n.KeyIO           MODE: taclets took 0ms 
]]></system-out>
  <system-err><![CDATA[]]></system-err>
</testsuite>
