<?xml version="1.0" encoding="UTF-8"?>
<testsuite name="de.uka.ilkd.key.logic.TestClashFreeSubst" tests="14" skipped="2" failures="0" errors="0" timestamp="2023-04-20T10:47:39" hostname="fv-az479-470" time="54.695">
  <properties/>
  <testcase name="testMultiShareBound()" classname="de.uka.ilkd.key.logic.TestClashFreeSubst" time="1.091"/>
  <testcase name="testClash()" classname="de.uka.ilkd.key.logic.TestClashFreeSubst" time="1.032"/>
  <testcase name="testShare()" classname="de.uka.ilkd.key.logic.TestClashFreeSubst" time="1.071"/>
  <testcase name="testSubst()" classname="de.uka.ilkd.key.logic.TestClashFreeSubst" time="1.029"/>
  <testcase name="testWary0()" classname="de.uka.ilkd.key.logic.TestClashFreeSubst" time="1.002"/>
  <testcase name="testWary1()" classname="de.uka.ilkd.key.logic.TestClashFreeSubst" time="1.033"/>
  <testcase name="testWary2()" classname="de.uka.ilkd.key.logic.TestClashFreeSubst" time="1.024"/>
  <testcase name="testClashInSubstTerm()" classname="de.uka.ilkd.key.logic.TestClashFreeSubst" time="1.072"/>
  <testcase name="testShareWary()" classname="de.uka.ilkd.key.logic.TestClashFreeSubst" time="0.997"/>
  <testcase name="testMultiSubst()" classname="de.uka.ilkd.key.logic.TestClashFreeSubst" time="1.014"/>
  <testcase name="xtestMultiClash()" classname="de.uka.ilkd.key.logic.TestClashFreeSubst" time="0.0">
    <skipped/>
  </testcase>
  <testcase name="testSubstInSubstTerm()" classname="de.uka.ilkd.key.logic.TestClashFreeSubst" time="1.013"/>
  <testcase name="testSubstWary()" classname="de.uka.ilkd.key.logic.TestClashFreeSubst" time="0.996"/>
  <testcase name="xtestMultiClash1()" classname="de.uka.ilkd.key.logic.TestClashFreeSubst" time="0.0">
    <skipped/>
  </testcase>
  <system-out><![CDATA[43322      INFO  Test worker     d.u.i.k.n.KeyIO           Parsing took 0 ms 
43322      DEBUG Test worker     d.u.i.k.n.KeyIO           Load declarations of de.uka.ilkd.key.nparser.KeyAst$File:  <unknown>:1#1 
43322      INFO  Test worker     d.u.i.k.n.KeyIO           MODE: declarations took 0 ms 
43322      DEBUG Test worker     d.u.i.k.n.KeyIO           MODE: 2nd degree decls took 0 
44416      INFO  Test worker     d.u.i.k.n.KeyIO           Parsing took 0 ms 
44416      DEBUG Test worker     d.u.i.k.n.KeyIO           Load declarations of de.uka.ilkd.key.nparser.KeyAst$File:  <unknown>:1#1 
44416      INFO  Test worker     d.u.i.k.n.KeyIO           MODE: declarations took 0 ms 
44416      DEBUG Test worker     d.u.i.k.n.KeyIO           MODE: 2nd degree decls took 0 
47812      INFO  Test worker     d.u.i.k.n.KeyIO           Parsing took 0 ms 
47828      DEBUG Test worker     d.u.i.k.n.KeyIO           Load declarations of de.uka.ilkd.key.nparser.KeyAst$File:  <unknown>:1#1 
47828      INFO  Test worker     d.u.i.k.n.KeyIO           MODE: declarations took 0 ms 
47828      DEBUG Test worker     d.u.i.k.n.KeyIO           MODE: 2nd degree decls took 0 
48849      INFO  Test worker     d.u.i.k.n.KeyIO           Parsing took 0 ms 
48849      DEBUG Test worker     d.u.i.k.n.KeyIO           Load declarations of de.uka.ilkd.key.nparser.KeyAst$File:  <unknown>:1#1 
48849      INFO  Test worker     d.u.i.k.n.KeyIO           MODE: declarations took 0 ms 
48849      DEBUG Test worker     d.u.i.k.n.KeyIO           MODE: 2nd degree decls took 0 
52161      INFO  Test worker     d.u.i.k.n.KeyIO           Parsing took 0 ms 
52177      DEBUG Test worker     d.u.i.k.n.KeyIO           Load declarations of de.uka.ilkd.key.nparser.KeyAst$File:  <unknown>:1#1 
52177      INFO  Test worker     d.u.i.k.n.KeyIO           MODE: declarations took 0 ms 
52177      DEBUG Test worker     d.u.i.k.n.KeyIO           MODE: 2nd degree decls took 0 
53217      INFO  Test worker     d.u.i.k.n.KeyIO           Parsing took 0 ms 
53217      DEBUG Test worker     d.u.i.k.n.KeyIO           Load declarations of de.uka.ilkd.key.nparser.KeyAst$File:  <unknown>:1#1 
53217      INFO  Test worker     d.u.i.k.n.KeyIO           MODE: declarations took 0 ms 
53217      DEBUG Test worker     d.u.i.k.n.KeyIO           MODE: 2nd degree decls took 0 
56499      INFO  Test worker     d.u.i.k.n.KeyIO           Parsing took 0 ms 
56499      DEBUG Test worker     d.u.i.k.n.KeyIO           Load declarations of de.uka.ilkd.key.nparser.KeyAst$File:  <unknown>:1#1 
56499      INFO  Test worker     d.u.i.k.n.KeyIO           MODE: declarations took 0 ms 
56499      DEBUG Test worker     d.u.i.k.n.KeyIO           MODE: 2nd degree decls took 0 
57523      INFO  Test worker     d.u.i.k.n.KeyIO           Parsing took 0 ms 
57523      DEBUG Test worker     d.u.i.k.n.KeyIO           Load declarations of de.uka.ilkd.key.nparser.KeyAst$File:  <unknown>:1#1 
57523      INFO  Test worker     d.u.i.k.n.KeyIO           MODE: declarations took 0 ms 
57523      DEBUG Test worker     d.u.i.k.n.KeyIO           MODE: 2nd degree decls took 0 
60722      INFO  Test worker     d.u.i.k.n.KeyIO           Parsing took 0 ms 
60722      DEBUG Test worker     d.u.i.k.n.KeyIO           Load declarations of de.uka.ilkd.key.nparser.KeyAst$File:  <unknown>:1#1 
60722      INFO  Test worker     d.u.i.k.n.KeyIO           MODE: declarations took 0 ms 
60722      DEBUG Test worker     d.u.i.k.n.KeyIO           MODE: 2nd degree decls took 0 
61727      INFO  Test worker     d.u.i.k.n.KeyIO           Parsing took 0 ms 
61727      DEBUG Test worker     d.u.i.k.n.KeyIO           Load declarations of de.uka.ilkd.key.nparser.KeyAst$File:  <unknown>:1#1 
61727      INFO  Test worker     d.u.i.k.n.KeyIO           MODE: declarations took 0 ms 
61727      DEBUG Test worker     d.u.i.k.n.KeyIO           MODE: 2nd degree decls took 0 
64977      INFO  Test worker     d.u.i.k.n.KeyIO           Parsing took 0 ms 
64977      DEBUG Test worker     d.u.i.k.n.KeyIO           Load declarations of de.uka.ilkd.key.nparser.KeyAst$File:  <unknown>:1#1 
64977      INFO  Test worker     d.u.i.k.n.KeyIO           MODE: declarations took 0 ms 
64977      DEBUG Test worker     d.u.i.k.n.KeyIO           MODE: 2nd degree decls took 0 
65993      INFO  Test worker     d.u.i.k.n.KeyIO           Parsing took 0 ms 
65993      DEBUG Test worker     d.u.i.k.n.KeyIO           Load declarations of de.uka.ilkd.key.nparser.KeyAst$File:  <unknown>:1#1 
65993      INFO  Test worker     d.u.i.k.n.KeyIO           MODE: declarations took 0 ms 
65993      DEBUG Test worker     d.u.i.k.n.KeyIO           MODE: 2nd degree decls took 0 
69278      INFO  Test worker     d.u.i.k.n.KeyIO           Parsing took 0 ms 
69278      DEBUG Test worker     d.u.i.k.n.KeyIO           Load declarations of de.uka.ilkd.key.nparser.KeyAst$File:  <unknown>:1#1 
69278      INFO  Test worker     d.u.i.k.n.KeyIO           MODE: declarations took 0 ms 
69278      DEBUG Test worker     d.u.i.k.n.KeyIO           MODE: 2nd degree decls took 0 
70297      INFO  Test worker     d.u.i.k.n.KeyIO           Parsing took 0 ms 
70297      DEBUG Test worker     d.u.i.k.n.KeyIO           Load declarations of de.uka.ilkd.key.nparser.KeyAst$File:  <unknown>:1#1 
70297      INFO  Test worker     d.u.i.k.n.KeyIO           MODE: declarations took 0 ms 
70297      DEBUG Test worker     d.u.i.k.n.KeyIO           MODE: 2nd degree decls took 0 
73515      INFO  Test worker     d.u.i.k.n.KeyIO           Parsing took 0 ms 
73515      DEBUG Test worker     d.u.i.k.n.KeyIO           Load declarations of de.uka.ilkd.key.nparser.KeyAst$File:  <unknown>:1#1 
73515      INFO  Test worker     d.u.i.k.n.KeyIO           MODE: declarations took 0 ms 
73515      DEBUG Test worker     d.u.i.k.n.KeyIO           MODE: 2nd degree decls took 0 
74569      INFO  Test worker     d.u.i.k.n.KeyIO           Parsing took 0 ms 
74569      DEBUG Test worker     d.u.i.k.n.KeyIO           Load declarations of de.uka.ilkd.key.nparser.KeyAst$File:  <unknown>:1#1 
74569      INFO  Test worker     d.u.i.k.n.KeyIO           MODE: declarations took 0 ms 
74569      DEBUG Test worker     d.u.i.k.n.KeyIO           MODE: 2nd degree decls took 0 
77820      INFO  Test worker     d.u.i.k.n.KeyIO           Parsing took 0 ms 
77820      DEBUG Test worker     d.u.i.k.n.KeyIO           Load declarations of de.uka.ilkd.key.nparser.KeyAst$File:  <unknown>:1#1 
77820      INFO  Test worker     d.u.i.k.n.KeyIO           MODE: declarations took 0 ms 
77820      DEBUG Test worker     d.u.i.k.n.KeyIO           MODE: 2nd degree decls took 0 
78821      INFO  Test worker     d.u.i.k.n.KeyIO           Parsing took 0 ms 
78821      DEBUG Test worker     d.u.i.k.n.KeyIO           Load declarations of de.uka.ilkd.key.nparser.KeyAst$File:  <unknown>:1#1 
78821      INFO  Test worker     d.u.i.k.n.KeyIO           MODE: declarations took 0 ms 
78821      DEBUG Test worker     d.u.i.k.n.KeyIO           MODE: 2nd degree decls took 0 
82021      INFO  Test worker     d.u.i.k.n.KeyIO           Parsing took 0 ms 
82021      DEBUG Test worker     d.u.i.k.n.KeyIO           Load declarations of de.uka.ilkd.key.nparser.KeyAst$File:  <unknown>:1#1 
82021      INFO  Test worker     d.u.i.k.n.KeyIO           MODE: declarations took 0 ms 
82021      DEBUG Test worker     d.u.i.k.n.KeyIO           MODE: 2nd degree decls took 0 
83031      INFO  Test worker     d.u.i.k.n.KeyIO           Parsing took 0 ms 
83031      DEBUG Test worker     d.u.i.k.n.KeyIO           Load declarations of de.uka.ilkd.key.nparser.KeyAst$File:  <unknown>:1#1 
83031      INFO  Test worker     d.u.i.k.n.KeyIO           MODE: declarations took 0 ms 
83031      DEBUG Test worker     d.u.i.k.n.KeyIO           MODE: 2nd degree decls took 0 
89497      INFO  Test worker     d.u.i.k.n.KeyIO           Parsing took 0 ms 
89497      DEBUG Test worker     d.u.i.k.n.KeyIO           Load declarations of de.uka.ilkd.key.nparser.KeyAst$File:  <unknown>:1#1 
89497      INFO  Test worker     d.u.i.k.n.KeyIO           MODE: declarations took 0 ms 
89497      DEBUG Test worker     d.u.i.k.n.KeyIO           MODE: 2nd degree decls took 0 
90490      INFO  Test worker     d.u.i.k.n.KeyIO           Parsing took 0 ms 
90490      DEBUG Test worker     d.u.i.k.n.KeyIO           Load declarations of de.uka.ilkd.key.nparser.KeyAst$File:  <unknown>:1#1 
90490      INFO  Test worker     d.u.i.k.n.KeyIO           MODE: declarations took 0 ms 
90490      DEBUG Test worker     d.u.i.k.n.KeyIO           MODE: 2nd degree decls took 0 
93800      INFO  Test worker     d.u.i.k.n.KeyIO           Parsing took 0 ms 
93800      DEBUG Test worker     d.u.i.k.n.KeyIO           Load declarations of de.uka.ilkd.key.nparser.KeyAst$File:  <unknown>:1#1 
93800      INFO  Test worker     d.u.i.k.n.KeyIO           MODE: declarations took 0 ms 
93800      DEBUG Test worker     d.u.i.k.n.KeyIO           MODE: 2nd degree decls took 0 
94800      INFO  Test worker     d.u.i.k.n.KeyIO           Parsing took 0 ms 
94800      DEBUG Test worker     d.u.i.k.n.KeyIO           Load declarations of de.uka.ilkd.key.nparser.KeyAst$File:  <unknown>:1#1 
94800      INFO  Test worker     d.u.i.k.n.KeyIO           MODE: declarations took 0 ms 
94800      DEBUG Test worker     d.u.i.k.n.KeyIO           MODE: 2nd degree decls took 0 
]]></system-out>
  <system-err><![CDATA[]]></system-err>
</testsuite>
