<?xml version="1.0" encoding="UTF-8"?>
<testsuite name="de.uka.ilkd.key.proof.TestOneStepSimplifier" tests="1" skipped="0" failures="0" errors="0" timestamp="2023-04-20T10:54:59" hostname="fv-az479-470" time="4.333">
  <properties/>
  <testcase name="loadWithRestriction()" classname="de.uka.ilkd.key.proof.TestOneStepSimplifier" time="4.333"/>
  <system-out><![CDATA[483283     INFO  Test worker     d.u.i.k.p.i.AbstractProblemLoader Loading environment from src\test\resources\testcase\ossRestriction.proof 
483283     DEBUG Test worker     d.u.i.k.p.i.AbstractProblemLoader Environment load took 140ns 
483283     INFO  Test worker     d.u.i.k.p.i.AbstractProblemLoader Creating init config 
483409     DEBUG Test worker     d.u.i.k.j.TypeConverter   No LDT found for Meta 
483409     DEBUG Test worker     d.u.i.k.j.TypeConverter   No LDT found for Meta 
483409     DEBUG Test worker     d.u.i.k.j.TypeConverter   No LDT found for Meta 
483409     DEBUG Test worker     d.u.i.k.j.TypeConverter   No LDT found for Meta 
483909     DEBUG Test worker     d.u.i.k.j.TypeConverter   No LDT found for JavaBigintExpression 
487580     DEBUG Test worker     d.u.i.k.p.i.AbstractProblemLoader Init config took 4.3s 
487611     INFO  Test worker     d.u.i.k.p.i.AbstractProblemLoader Replaying proof ossRestriction.proof 
487611     DEBUG Test worker     d.u.i.k.p.i.IntermediateProofReplayer Proof replay took 741.4ns 
]]></system-out>
  <system-err><![CDATA[]]></system-err>
</testsuite>
