<?xml version="1.0" encoding="UTF-8"?>
<testsuite name="de.uka.ilkd.key.rule.loop.LoopScopeInvRuleTests" tests="1" skipped="0" failures="0" errors="0" timestamp="2023-04-20T10:55:28" hostname="fv-az479-470" time="5.329">
  <properties/>
  <testcase name="testDoAutomaticProofOfBenchmarkWithLabeledBreaksAndContinues()" classname="de.uka.ilkd.key.rule.loop.LoopScopeInvRuleTests" time="5.329"/>
  <system-out><![CDATA[513087     INFO  Test worker     d.u.i.k.p.i.AbstractProblemLoader Loading environment from src\test\resources\testcase\loopScopeInvRule\Test.key 
513102     DEBUG Test worker     d.u.i.k.p.i.AbstractProblemLoader Environment load took 178.5ns 
513102     INFO  Test worker     d.u.i.k.p.i.AbstractProblemLoader Creating init config 
513227     DEBUG Test worker     d.u.i.k.j.TypeConverter   No LDT found for Meta 
513227     DEBUG Test worker     d.u.i.k.j.TypeConverter   No LDT found for Meta 
513243     DEBUG Test worker     d.u.i.k.j.TypeConverter   No LDT found for Meta 
513243     DEBUG Test worker     d.u.i.k.j.TypeConverter   No LDT found for Meta 
513911     DEBUG Test worker     d.u.i.k.j.TypeConverter   No LDT found for JavaBigintExpression 
517702     DEBUG Test worker     d.u.i.k.p.i.AbstractProblemLoader Init config took 4.61s 
517749     INFO  Test worker     d.u.i.k.p.i.AbstractProblemLoader Replaying proof Test[Test::loopScopeRuleBenchmark(int,boolean)].JML normal_behavior operation contract.0 
517765     DEBUG Test worker     d.u.i.k.p.i.IntermediateProofReplayer Proof replay took 20.2ns 
]]></system-out>
  <system-err><![CDATA[]]></system-err>
</testsuite>
