<?xml version="1.0" encoding="UTF-8"?>
<testsuite name="de.uka.ilkd.key.rule.merge.PredicateAbstractionLatticeTests" tests="3" skipped="0" failures="0" errors="0" timestamp="2023-04-20T10:57:01" hostname="fv-az479-470" time="7.204">
  <properties/>
  <testcase name="testToAndFromString()" classname="de.uka.ilkd.key.rule.merge.PredicateAbstractionLatticeTests" time="3.375"/>
  <testcase name="testCreateSignLatticeWithPredicates()" classname="de.uka.ilkd.key.rule.merge.PredicateAbstractionLatticeTests" time="3.829"/>
  <testcase name="testTrivialPredicatesLattice()" classname="de.uka.ilkd.key.rule.merge.PredicateAbstractionLatticeTests" time="0.0"/>
  <system-out><![CDATA[605256     INFO  Test worker     d.u.i.k.p.i.AbstractProblemLoader Loading environment from src\test\resources\testcase\merge\dummy.key 
605256     DEBUG Test worker     d.u.i.k.p.i.AbstractProblemLoader Environment load took 125.9ns 
605256     INFO  Test worker     d.u.i.k.p.i.AbstractProblemLoader Creating init config 
608602     DEBUG Test worker     d.u.i.k.p.i.AbstractProblemLoader Init config took 3.34s 
608617     INFO  Test worker     d.u.i.k.p.i.AbstractProblemLoader Replaying proof dummy.key 
608617     DEBUG Test worker     d.u.i.k.p.i.IntermediateProofReplayer Proof replay took 10.2ns 
608633     INFO  Test worker     d.u.i.k.p.i.AbstractProblemLoader Loading environment from src\test\resources\testcase\merge\dummy.key 
608633     DEBUG Test worker     d.u.i.k.p.i.AbstractProblemLoader Environment load took 409ns 
608633     INFO  Test worker     d.u.i.k.p.i.AbstractProblemLoader Creating init config 
612431     DEBUG Test worker     d.u.i.k.p.i.AbstractProblemLoader Init config took 3.81s 
612462     INFO  Test worker     d.u.i.k.p.i.AbstractProblemLoader Replaying proof dummy.key 
612462     DEBUG Test worker     d.u.i.k.p.i.IntermediateProofReplayer Proof replay took 8.3ns 
]]></system-out>
  <system-err><![CDATA[]]></system-err>
</testsuite>
