<?xml version="1.0" encoding="UTF-8"?>
<testsuite name="de.uka.ilkd.key.parser.TestTermParser" tests="47" skipped="4" failures="0" errors="0" timestamp="2023-04-20T10:52:38" hostname="fv-az479-470" time="4.485">
  <properties/>
  <testcase name="testNotEqual()" classname="de.uka.ilkd.key.parser.TestTermParser" time="0.002"/>
  <testcase name="testProgramVariables()" classname="de.uka.ilkd.key.parser.TestTermParser" time="0.073"/>
  <testcase name="testAttributeWithSpecifiedSortOnObject()" classname="de.uka.ilkd.key.parser.TestTermParser" time="0.006"/>
  <testcase name="testCast()" classname="de.uka.ilkd.key.parser.TestTermParser" time="0.003"/>
  <testcase name="testJavaQueryAndAttribute_all()" classname="de.uka.ilkd.key.parser.TestTermParser" time="0.0">
    <skipped/>
  </testcase>
  <testcase name="test10()" classname="de.uka.ilkd.key.parser.TestTermParser" time="0.004"/>
  <testcase name="test11()" classname="de.uka.ilkd.key.parser.TestTermParser" time="0.004"/>
  <testcase name="test12()" classname="de.uka.ilkd.key.parser.TestTermParser" time="0.001">
    <skipped/>
  </testcase>
  <testcase name="test13()" classname="de.uka.ilkd.key.parser.TestTermParser" time="0.007"/>
  <testcase name="test14()" classname="de.uka.ilkd.key.parser.TestTermParser" time="0.004"/>
  <testcase name="test1a()" classname="de.uka.ilkd.key.parser.TestTermParser" time="0.003"/>
  <testcase name="testJavaAttributeAccess_4()" classname="de.uka.ilkd.key.parser.TestTermParser" time="0.003"/>
  <testcase name="testAttributeOnObject()" classname="de.uka.ilkd.key.parser.TestTermParser" time="0.005"/>
  <testcase name="testNegativeLiteralParsing1()" classname="de.uka.ilkd.key.parser.TestTermParser" time="0.003"/>
  <testcase name="testNegativeLiteralParsing2()" classname="de.uka.ilkd.key.parser.TestTermParser" time="0.003"/>
  <testcase name="testNegativeLiteralParsing3()" classname="de.uka.ilkd.key.parser.TestTermParser" time="0.002"/>
  <testcase name="xtestParsingArrayWithSpaces()" classname="de.uka.ilkd.key.parser.TestTermParser" time="0.0">
    <skipped/>
  </testcase>
  <testcase name="testAmbigiousFuncVarPred()" classname="de.uka.ilkd.key.parser.TestTermParser" time="0.003"/>
  <testcase name="test1()" classname="de.uka.ilkd.key.parser.TestTermParser" time="0.002"/>
  <testcase name="test2()" classname="de.uka.ilkd.key.parser.TestTermParser" time="0.003"/>
  <testcase name="test3()" classname="de.uka.ilkd.key.parser.TestTermParser" time="0.003"/>
  <testcase name="test5()" classname="de.uka.ilkd.key.parser.TestTermParser" time="0.004"/>
  <testcase name="test6()" classname="de.uka.ilkd.key.parser.TestTermParser" time="0.002"/>
  <testcase name="test7()" classname="de.uka.ilkd.key.parser.TestTermParser" time="0.002"/>
  <testcase name="test8()" classname="de.uka.ilkd.key.parser.TestTermParser" time="0.002"/>
  <testcase name="test9()" classname="de.uka.ilkd.key.parser.TestTermParser" time="0.002"/>
  <testcase name="testBindingUpdateTerm()" classname="de.uka.ilkd.key.parser.TestTermParser" time="0.002"/>
  <testcase name="testJavaStaticQuery()" classname="de.uka.ilkd.key.parser.TestTermParser" time="0.003"/>
  <testcase name="testInfix1()" classname="de.uka.ilkd.key.parser.TestTermParser" time="0.002"/>
  <testcase name="testInfix2()" classname="de.uka.ilkd.key.parser.TestTermParser" time="0.002"/>
  <testcase name="testInfix3()" classname="de.uka.ilkd.key.parser.TestTermParser" time="0.004"/>
  <testcase name="testInfix4()" classname="de.uka.ilkd.key.parser.TestTermParser" time="0.003"/>
  <testcase name="testIfThenElse()" classname="de.uka.ilkd.key.parser.TestTermParser" time="0.003"/>
  <testcase name="testJavaAttributeAccessBoth_1()" classname="de.uka.ilkd.key.parser.TestTermParser" time="0.005"/>
  <testcase name="testJavaAttributeAccessBoth_2()" classname="de.uka.ilkd.key.parser.TestTermParser" time="0.003"/>
  <testcase name="testJavaAttributeAccessBoth_3()" classname="de.uka.ilkd.key.parser.TestTermParser" time="0.002"/>
  <testcase name="testBindingUpdateTerm_1()" classname="de.uka.ilkd.key.parser.TestTermParser" time="0.002"/>
  <testcase name="testBindingUpdateTerm_3()" classname="de.uka.ilkd.key.parser.TestTermParser" time="0.005"/>
  <testcase name="testBindingUpdateTerm_4()" classname="de.uka.ilkd.key.parser.TestTermParser" time="0.003"/>
  <testcase name="testBindingUpdateTerm_5()" classname="de.uka.ilkd.key.parser.TestTermParser" time="0.002"/>
  <testcase name="testBindingUpdateTerm_6()" classname="de.uka.ilkd.key.parser.TestTermParser" time="0.003"/>
  <testcase name="testBindingUpdateTerm_7()" classname="de.uka.ilkd.key.parser.TestTermParser" time="0.002"/>
  <testcase name="testBindingUpdateTerm_8()" classname="de.uka.ilkd.key.parser.TestTermParser" time="0.003"/>
  <testcase name="testParsingArray()" classname="de.uka.ilkd.key.parser.TestTermParser" time="0.005"/>
  <testcase name="xtestBindingUpdateTermOldBindingAlternative()" classname="de.uka.ilkd.key.parser.TestTermParser" time="0.0">
    <skipped/>
  </testcase>
  <testcase name="testJavaStaticQueryWithParameter()" classname="de.uka.ilkd.key.parser.TestTermParser" time="0.004"/>
  <testcase name="testParsingArrayCombination()" classname="de.uka.ilkd.key.parser.TestTermParser" time="0.004"/>
  <system-out><![CDATA[342303     DEBUG Test worker     d.u.i.k.j.Recoder2KeY     Reading public class T extends java.lang.Object{ private T a;private static T b;T c;static T d;public T e;public static T f;protected T g;protected T h;p[...] 
342416     INFO  Test worker     d.u.i.k.n.KeyIO           Parsing took 0 ms 
342416     DEBUG Test worker     d.u.i.k.n.KeyIO           Load declarations of de.uka.ilkd.key.nparser.KeyAst$File:  <unknown>:1#1 
342416     INFO  Test worker     d.u.i.k.n.KeyIO           MODE: declarations took 0 ms 
342431     DEBUG Test worker     d.u.i.k.n.KeyIO           MODE: 2nd degree decls took 15 
342431     DEBUG Test worker     d.u.i.k.j.Recoder2KeY     Reading public class T extends java.lang.Object{ private T a;private static T b;T c;static T d;public T e;public static T f;protected T g;protected T h;p[...] 
342431     WARN  Test worker     d.u.i.k.j.r.KeYCrossReferenceNameInfo Datatype T declared twice: Once in UNKNOWN:unknown and once in UNKNOWN:unknown, Keeping one from UNKNOWN:unknown 
342509     INFO  Test worker     d.u.i.k.n.KeyIO           Parsing took 0 ms 
342509     DEBUG Test worker     d.u.i.k.n.KeyIO           Load declarations of de.uka.ilkd.key.nparser.KeyAst$File:  <unknown>:1#1 
342509     INFO  Test worker     d.u.i.k.n.KeyIO           MODE: declarations took 0 ms 
342509     DEBUG Test worker     d.u.i.k.n.KeyIO           MODE: 2nd degree decls took 0 
342509     DEBUG Test worker     d.u.i.k.j.Recoder2KeY     Reading public class T0 extends java.lang.Object{}  
342587     DEBUG Test worker     d.u.i.k.j.Recoder2KeY     Reading public class T extends java.lang.Object{ private T a;private static T b;T c;static T d;public T e;public static T f;protected T g;protected T h;p[...] 
342587     WARN  Test worker     d.u.i.k.j.r.KeYCrossReferenceNameInfo Datatype T declared twice: Once in UNKNOWN:unknown and once in UNKNOWN:unknown, Keeping one from UNKNOWN:unknown 
342681     INFO  Test worker     d.u.i.k.n.KeyIO           Parsing took 0 ms 
342681     DEBUG Test worker     d.u.i.k.n.KeyIO           Load declarations of de.uka.ilkd.key.nparser.KeyAst$File:  <unknown>:1#1 
342681     INFO  Test worker     d.u.i.k.n.KeyIO           MODE: declarations took 0 ms 
342681     DEBUG Test worker     d.u.i.k.n.KeyIO           MODE: 2nd degree decls took 0 
342681     DEBUG Test worker     d.u.i.k.j.Recoder2KeY     Reading public class T extends java.lang.Object{ private T a;private static T b;T c;static T d;public T e;public static T f;protected T g;protected T h;p[...] 
342681     WARN  Test worker     d.u.i.k.j.r.KeYCrossReferenceNameInfo Datatype T declared twice: Once in UNKNOWN:unknown and once in UNKNOWN:unknown, Keeping one from UNKNOWN:unknown 
342791     INFO  Test worker     d.u.i.k.n.KeyIO           Parsing took 0 ms 
342791     DEBUG Test worker     d.u.i.k.n.KeyIO           Load declarations of de.uka.ilkd.key.nparser.KeyAst$File:  <unknown>:1#1 
342791     INFO  Test worker     d.u.i.k.n.KeyIO           MODE: declarations took 0 ms 
342791     DEBUG Test worker     d.u.i.k.n.KeyIO           MODE: 2nd degree decls took 0 
342791     DEBUG Test worker     d.u.i.k.j.Recoder2KeY     Reading public class T extends java.lang.Object{ private T a;private static T b;T c;static T d;public T e;public static T f;protected T g;protected T h;p[...] 
342791     WARN  Test worker     d.u.i.k.j.r.KeYCrossReferenceNameInfo Datatype T declared twice: Once in UNKNOWN:unknown and once in UNKNOWN:unknown, Keeping one from UNKNOWN:unknown 
342884     DEBUG Test worker     d.u.i.k.j.Recoder2KeY     Reading public class T extends java.lang.Object{ private T a;private static T b;T c;static T d;public T e;public static T f;protected T g;protected T h;p[...] 
342884     WARN  Test worker     d.u.i.k.j.r.KeYCrossReferenceNameInfo Datatype T declared twice: Once in UNKNOWN:unknown and once in UNKNOWN:unknown, Keeping one from UNKNOWN:unknown 
342979     INFO  Test worker     d.u.i.k.n.KeyIO           Parsing took 0 ms 
342979     DEBUG Test worker     d.u.i.k.n.KeyIO           Load declarations of de.uka.ilkd.key.nparser.KeyAst$File:  <unknown>:1#1 
342979     INFO  Test worker     d.u.i.k.n.KeyIO           MODE: declarations took 0 ms 
342979     DEBUG Test worker     d.u.i.k.n.KeyIO           MODE: 2nd degree decls took 0 
342979     INFO  Test worker     d.u.i.k.p.TestTermParser  Out: \<{
  int x = 1;
  {
    int s = 2;
  }
}\> (equals(x,x)) 
342979     DEBUG Test worker     d.u.i.k.j.Recoder2KeY     Reading public class T extends java.lang.Object{ private T a;private static T b;T c;static T d;public T e;public static T f;protected T g;protected T h;p[...] 
342979     WARN  Test worker     d.u.i.k.j.r.KeYCrossReferenceNameInfo Datatype T declared twice: Once in UNKNOWN:unknown and once in UNKNOWN:unknown, Keeping one from UNKNOWN:unknown 
343072     INFO  Test worker     d.u.i.k.n.KeyIO           Parsing took 0 ms 
343072     DEBUG Test worker     d.u.i.k.n.KeyIO           Load declarations of de.uka.ilkd.key.nparser.KeyAst$File:  <unknown>:1#1 
343072     INFO  Test worker     d.u.i.k.n.KeyIO           MODE: declarations took 0 ms 
343072     DEBUG Test worker     d.u.i.k.n.KeyIO           MODE: 2nd degree decls took 0 
343072     INFO  Test worker     d.u.i.k.p.TestTermParser  Out: \[{
  int x = 2;
  {
    String s = ""}";
  }
}\] (true) 
343072     DEBUG Test worker     d.u.i.k.j.Recoder2KeY     Reading public class T extends java.lang.Object{ private T a;private static T b;T c;static T d;public T e;public static T f;protected T g;protected T h;p[...] 
343072     WARN  Test worker     d.u.i.k.j.r.KeYCrossReferenceNameInfo Datatype T declared twice: Once in UNKNOWN:unknown and once in UNKNOWN:unknown, Keeping one from UNKNOWN:unknown 
343166     DEBUG Test worker     d.u.i.k.j.Recoder2KeY     Reading public class T extends java.lang.Object{ private T a;private static T b;T c;static T d;public T e;public static T f;protected T g;protected T h;p[...] 
343166     WARN  Test worker     d.u.i.k.j.r.KeYCrossReferenceNameInfo Datatype T declared twice: Once in UNKNOWN:unknown and once in UNKNOWN:unknown, Keeping one from UNKNOWN:unknown 
343260     INFO  Test worker     d.u.i.k.n.KeyIO           Parsing took 0 ms 
343260     DEBUG Test worker     d.u.i.k.n.KeyIO           Load declarations of de.uka.ilkd.key.nparser.KeyAst$File:  <unknown>:1#1 
343260     INFO  Test worker     d.u.i.k.n.KeyIO           MODE: declarations took 0 ms 
343260     DEBUG Test worker     d.u.i.k.n.KeyIO           MODE: 2nd degree decls took 0 
343260     DEBUG Test worker     d.u.i.k.j.Recoder2KeY     Reading public class T extends java.lang.Object{ private T a;private static T b;T c;static T d;public T e;public static T f;protected T g;protected T h;p[...] 
343260     WARN  Test worker     d.u.i.k.j.r.KeYCrossReferenceNameInfo Datatype T declared twice: Once in UNKNOWN:unknown and once in UNKNOWN:unknown, Keeping one from UNKNOWN:unknown 
343361     INFO  Test worker     d.u.i.k.n.KeyIO           Parsing took 0 ms 
343361     DEBUG Test worker     d.u.i.k.n.KeyIO           Load declarations of de.uka.ilkd.key.nparser.KeyAst$File:  <unknown>:1#1 
343361     INFO  Test worker     d.u.i.k.n.KeyIO           MODE: declarations took 0 ms 
343361     DEBUG Test worker     d.u.i.k.n.KeyIO           MODE: 2nd degree decls took 0 
343361     INFO  Test worker     d.u.i.k.p.TestTermParser  Out: \<{
  int[] i;
}\> (diamond(true)) 
343361     DEBUG Test worker     d.u.i.k.j.Recoder2KeY     Reading public class T extends java.lang.Object{ private T a;private static T b;T c;static T d;public T e;public static T f;protected T g;protected T h;p[...] 
343361     WARN  Test worker     d.u.i.k.j.r.KeYCrossReferenceNameInfo Datatype T declared twice: Once in UNKNOWN:unknown and once in UNKNOWN:unknown, Keeping one from UNKNOWN:unknown 
343439     INFO  Test worker     d.u.i.k.n.KeyIO           Parsing took 0 ms 
343439     DEBUG Test worker     d.u.i.k.n.KeyIO           Load declarations of de.uka.ilkd.key.nparser.KeyAst$File:  <unknown>:1#1 
343439     INFO  Test worker     d.u.i.k.n.KeyIO           MODE: declarations took 0 ms 
343455     DEBUG Test worker     d.u.i.k.n.KeyIO           MODE: 2nd degree decls took 16 
343455     DEBUG Test worker     d.u.i.k.j.Recoder2KeY     Reading public class T extends java.lang.Object{ private T a;private static T b;T c;static T d;public T e;public static T f;protected T g;protected T h;p[...] 
343455     WARN  Test worker     d.u.i.k.j.r.KeYCrossReferenceNameInfo Datatype T declared twice: Once in UNKNOWN:unknown and once in UNKNOWN:unknown, Keeping one from UNKNOWN:unknown 
343544     INFO  Test worker     d.u.i.k.n.KeyIO           Parsing took 0 ms 
343544     DEBUG Test worker     d.u.i.k.n.KeyIO           Load declarations of de.uka.ilkd.key.nparser.KeyAst$File:  <unknown>:1#1 
343544     INFO  Test worker     d.u.i.k.n.KeyIO           MODE: declarations took 0 ms 
343544     DEBUG Test worker     d.u.i.k.n.KeyIO           MODE: 2nd degree decls took 0 
343549     DEBUG Test worker     d.u.i.k.j.Recoder2KeY     Reading public class T extends java.lang.Object{ private T a;private static T b;T c;static T d;public T e;public static T f;protected T g;protected T h;p[...] 
343549     WARN  Test worker     d.u.i.k.j.r.KeYCrossReferenceNameInfo Datatype T declared twice: Once in UNKNOWN:unknown and once in UNKNOWN:unknown, Keeping one from UNKNOWN:unknown 
343627     INFO  Test worker     d.u.i.k.n.KeyIO           Parsing took 0 ms 
343627     DEBUG Test worker     d.u.i.k.n.KeyIO           Load declarations of de.uka.ilkd.key.nparser.KeyAst$File:  <unknown>:1#1 
343627     INFO  Test worker     d.u.i.k.n.KeyIO           MODE: declarations took 0 ms 
343627     DEBUG Test worker     d.u.i.k.n.KeyIO           MODE: 2nd degree decls took 0 
343643     DEBUG Test worker     d.u.i.k.j.Recoder2KeY     Reading public class T extends java.lang.Object{ private T a;private static T b;T c;static T d;public T e;public static T f;protected T g;protected T h;p[...] 
343643     WARN  Test worker     d.u.i.k.j.r.KeYCrossReferenceNameInfo Datatype T declared twice: Once in UNKNOWN:unknown and once in UNKNOWN:unknown, Keeping one from UNKNOWN:unknown 
343737     INFO  Test worker     d.u.i.k.n.KeyIO           Parsing took 0 ms 
343737     DEBUG Test worker     d.u.i.k.n.KeyIO           Load declarations of de.uka.ilkd.key.nparser.KeyAst$File:  <unknown>:1#1 
343737     INFO  Test worker     d.u.i.k.n.KeyIO           MODE: declarations took 0 ms 
343737     DEBUG Test worker     d.u.i.k.n.KeyIO           MODE: 2nd degree decls took 0 
343737     DEBUG Test worker     d.u.i.k.j.Recoder2KeY     Reading public class T extends java.lang.Object{ private T a;private static T b;T c;static T d;public T e;public static T f;protected T g;protected T h;p[...] 
343737     WARN  Test worker     d.u.i.k.j.r.KeYCrossReferenceNameInfo Datatype T declared twice: Once in UNKNOWN:unknown and once in UNKNOWN:unknown, Keeping one from UNKNOWN:unknown 
343830     INFO  Test worker     d.u.i.k.n.KeyIO           Parsing took 0 ms 
343830     DEBUG Test worker     d.u.i.k.n.KeyIO           Load declarations of de.uka.ilkd.key.nparser.KeyAst$File:  <unknown>:1#1 
343830     INFO  Test worker     d.u.i.k.n.KeyIO           MODE: declarations took 0 ms 
343830     DEBUG Test worker     d.u.i.k.n.KeyIO           MODE: 2nd degree decls took 0 
343830     DEBUG Test worker     d.u.i.k.j.Recoder2KeY     Reading public class T extends java.lang.Object{ private T a;private static T b;T c;static T d;public T e;public static T f;protected T g;protected T h;p[...] 
343830     WARN  Test worker     d.u.i.k.j.r.KeYCrossReferenceNameInfo Datatype T declared twice: Once in UNKNOWN:unknown and once in UNKNOWN:unknown, Keeping one from UNKNOWN:unknown 
343924     INFO  Test worker     d.u.i.k.n.KeyIO           Parsing took 0 ms 
343924     DEBUG Test worker     d.u.i.k.n.KeyIO           Load declarations of de.uka.ilkd.key.nparser.KeyAst$File:  <unknown>:1#1 
343924     INFO  Test worker     d.u.i.k.n.KeyIO           MODE: declarations took 0 ms 
343924     DEBUG Test worker     d.u.i.k.n.KeyIO           MODE: 2nd degree decls took 0 
343924     DEBUG Test worker     d.u.i.k.j.Recoder2KeY     Reading public class T extends java.lang.Object{ private T a;private static T b;T c;static T d;public T e;public static T f;protected T g;protected T h;p[...] 
343924     WARN  Test worker     d.u.i.k.j.r.KeYCrossReferenceNameInfo Datatype T declared twice: Once in UNKNOWN:unknown and once in UNKNOWN:unknown, Keeping one from UNKNOWN:unknown 
344020     DEBUG Test worker     d.u.i.k.j.Recoder2KeY     Reading public class T extends java.lang.Object{ private T a;private static T b;T c;static T d;public T e;public static T f;protected T g;protected T h;p[...] 
344020     WARN  Test worker     d.u.i.k.j.r.KeYCrossReferenceNameInfo Datatype T declared twice: Once in UNKNOWN:unknown and once in UNKNOWN:unknown, Keeping one from UNKNOWN:unknown 
344113     INFO  Test worker     d.u.i.k.n.KeyIO           Parsing took 0 ms 
344113     DEBUG Test worker     d.u.i.k.n.KeyIO           Load declarations of de.uka.ilkd.key.nparser.KeyAst$File:  <unknown>:1#1 
344113     INFO  Test worker     d.u.i.k.n.KeyIO           MODE: declarations took 0 ms 
344113     DEBUG Test worker     d.u.i.k.n.KeyIO           MODE: 2nd degree decls took 0 
344113     DEBUG Test worker     d.u.i.k.j.Recoder2KeY     Reading public class T extends java.lang.Object{ private T a;private static T b;T c;static T d;public T e;public static T f;protected T g;protected T h;p[...] 
344113     WARN  Test worker     d.u.i.k.j.r.KeYCrossReferenceNameInfo Datatype T declared twice: Once in UNKNOWN:unknown and once in UNKNOWN:unknown, Keeping one from UNKNOWN:unknown 
344223     INFO  Test worker     d.u.i.k.n.KeyIO           Parsing took 0 ms 
344223     DEBUG Test worker     d.u.i.k.n.KeyIO           Load declarations of de.uka.ilkd.key.nparser.KeyAst$File:  <unknown>:1#1 
344223     INFO  Test worker     d.u.i.k.n.KeyIO           MODE: declarations took 0 ms 
344223     DEBUG Test worker     d.u.i.k.n.KeyIO           MODE: 2nd degree decls took 0 
344223     DEBUG Test worker     d.u.i.k.j.Recoder2KeY     Reading public class T extends java.lang.Object{ private T a;private static T b;T c;static T d;public T e;public static T f;protected T g;protected T h;p[...] 
344223     WARN  Test worker     d.u.i.k.j.r.KeYCrossReferenceNameInfo Datatype T declared twice: Once in UNKNOWN:unknown and once in UNKNOWN:unknown, Keeping one from UNKNOWN:unknown 
344324     INFO  Test worker     d.u.i.k.n.KeyIO           Parsing took 15 ms 
344324     DEBUG Test worker     d.u.i.k.n.KeyIO           Load declarations of de.uka.ilkd.key.nparser.KeyAst$File:  <unknown>:1#1 
344324     INFO  Test worker     d.u.i.k.n.KeyIO           MODE: declarations took 0 ms 
344324     DEBUG Test worker     d.u.i.k.n.KeyIO           MODE: 2nd degree decls took 0 
344324     DEBUG Test worker     d.u.i.k.j.Recoder2KeY     Reading public class T extends java.lang.Object{ private T a;private static T b;T c;static T d;public T e;public static T f;protected T g;protected T h;p[...] 
344324     WARN  Test worker     d.u.i.k.j.r.KeYCrossReferenceNameInfo Datatype T declared twice: Once in UNKNOWN:unknown and once in UNKNOWN:unknown, Keeping one from UNKNOWN:unknown 
344418     INFO  Test worker     d.u.i.k.n.KeyIO           Parsing took 0 ms 
344418     DEBUG Test worker     d.u.i.k.n.KeyIO           Load declarations of de.uka.ilkd.key.nparser.KeyAst$File:  <unknown>:1#1 
344418     INFO  Test worker     d.u.i.k.n.KeyIO           MODE: declarations took 0 ms 
344418     DEBUG Test worker     d.u.i.k.n.KeyIO           MODE: 2nd degree decls took 0 
344418     DEBUG Test worker     d.u.i.k.j.Recoder2KeY     Reading public class T extends java.lang.Object{ private T a;private static T b;T c;static T d;public T e;public static T f;protected T g;protected T h;p[...] 
344418     WARN  Test worker     d.u.i.k.j.r.KeYCrossReferenceNameInfo Datatype T declared twice: Once in UNKNOWN:unknown and once in UNKNOWN:unknown, Keeping one from UNKNOWN:unknown 
344515     INFO  Test worker     d.u.i.k.n.KeyIO           Parsing took 0 ms 
344515     DEBUG Test worker     d.u.i.k.n.KeyIO           Load declarations of de.uka.ilkd.key.nparser.KeyAst$File:  <unknown>:1#1 
344515     INFO  Test worker     d.u.i.k.n.KeyIO           MODE: declarations took 0 ms 
344515     DEBUG Test worker     d.u.i.k.n.KeyIO           MODE: 2nd degree decls took 0 
344515     DEBUG Test worker     d.u.i.k.j.Recoder2KeY     Reading public class T extends java.lang.Object{ private T a;private static T b;T c;static T d;public T e;public static T f;protected T g;protected T h;p[...] 
344515     WARN  Test worker     d.u.i.k.j.r.KeYCrossReferenceNameInfo Datatype T declared twice: Once in UNKNOWN:unknown and once in UNKNOWN:unknown, Keeping one from UNKNOWN:unknown 
344609     INFO  Test worker     d.u.i.k.n.KeyIO           Parsing took 0 ms 
344609     DEBUG Test worker     d.u.i.k.n.KeyIO           Load declarations of de.uka.ilkd.key.nparser.KeyAst$File:  <unknown>:1#1 
344609     INFO  Test worker     d.u.i.k.n.KeyIO           MODE: declarations took 0 ms 
344609     DEBUG Test worker     d.u.i.k.n.KeyIO           MODE: 2nd degree decls took 0 
344609     DEBUG Test worker     d.u.i.k.j.Recoder2KeY     Reading public class T extends java.lang.Object{ private T a;private static T b;T c;static T d;public T e;public static T f;protected T g;protected T h;p[...] 
344609     WARN  Test worker     d.u.i.k.j.r.KeYCrossReferenceNameInfo Datatype T declared twice: Once in UNKNOWN:unknown and once in UNKNOWN:unknown, Keeping one from UNKNOWN:unknown 
344702     INFO  Test worker     d.u.i.k.n.KeyIO           Parsing took 0 ms 
344702     DEBUG Test worker     d.u.i.k.n.KeyIO           Load declarations of de.uka.ilkd.key.nparser.KeyAst$File:  <unknown>:1#1 
344702     INFO  Test worker     d.u.i.k.n.KeyIO           MODE: declarations took 0 ms 
344702     DEBUG Test worker     d.u.i.k.n.KeyIO           MODE: 2nd degree decls took 0 
344702     DEBUG Test worker     d.u.i.k.j.Recoder2KeY     Reading public class T extends java.lang.Object{ private T a;private static T b;T c;static T d;public T e;public static T f;protected T g;protected T h;p[...] 
344702     WARN  Test worker     d.u.i.k.j.r.KeYCrossReferenceNameInfo Datatype T declared twice: Once in UNKNOWN:unknown and once in UNKNOWN:unknown, Keeping one from UNKNOWN:unknown 
344798     INFO  Test worker     d.u.i.k.n.KeyIO           Parsing took 0 ms 
344798     DEBUG Test worker     d.u.i.k.n.KeyIO           Load declarations of de.uka.ilkd.key.nparser.KeyAst$File:  <unknown>:1#1 
344798     INFO  Test worker     d.u.i.k.n.KeyIO           MODE: declarations took 0 ms 
344798     DEBUG Test worker     d.u.i.k.n.KeyIO           MODE: 2nd degree decls took 0 
344798     DEBUG Test worker     d.u.i.k.j.Recoder2KeY     Reading public class T extends java.lang.Object{ private T a;private static T b;T c;static T d;public T e;public static T f;protected T g;protected T h;p[...] 
344798     WARN  Test worker     d.u.i.k.j.r.KeYCrossReferenceNameInfo Datatype T declared twice: Once in UNKNOWN:unknown and once in UNKNOWN:unknown, Keeping one from UNKNOWN:unknown 
344895     INFO  Test worker     d.u.i.k.n.KeyIO           Parsing took 0 ms 
344895     DEBUG Test worker     d.u.i.k.n.KeyIO           Load declarations of de.uka.ilkd.key.nparser.KeyAst$File:  <unknown>:1#1 
344895     INFO  Test worker     d.u.i.k.n.KeyIO           MODE: declarations took 0 ms 
344895     DEBUG Test worker     d.u.i.k.n.KeyIO           MODE: 2nd degree decls took 0 
344895     DEBUG Test worker     d.u.i.k.j.Recoder2KeY     Reading public class T extends java.lang.Object{ private T a;private static T b;T c;static T d;public T e;public static T f;protected T g;protected T h;p[...] 
344895     WARN  Test worker     d.u.i.k.j.r.KeYCrossReferenceNameInfo Datatype T declared twice: Once in UNKNOWN:unknown and once in UNKNOWN:unknown, Keeping one from UNKNOWN:unknown 
344990     INFO  Test worker     d.u.i.k.n.KeyIO           Parsing took 0 ms 
344990     DEBUG Test worker     d.u.i.k.n.KeyIO           Load declarations of de.uka.ilkd.key.nparser.KeyAst$File:  <unknown>:1#1 
344990     INFO  Test worker     d.u.i.k.n.KeyIO           MODE: declarations took 0 ms 
344990     DEBUG Test worker     d.u.i.k.n.KeyIO           MODE: 2nd degree decls took 0 
344990     DEBUG Test worker     d.u.i.k.j.Recoder2KeY     Reading public class T extends java.lang.Object{ private T a;private static T b;T c;static T d;public T e;public static T f;protected T g;protected T h;p[...] 
344990     WARN  Test worker     d.u.i.k.j.r.KeYCrossReferenceNameInfo Datatype T declared twice: Once in UNKNOWN:unknown and once in UNKNOWN:unknown, Keeping one from UNKNOWN:unknown 
345083     INFO  Test worker     d.u.i.k.n.KeyIO           Parsing took 0 ms 
345083     DEBUG Test worker     d.u.i.k.n.KeyIO           Load declarations of de.uka.ilkd.key.nparser.KeyAst$File:  <unknown>:1#1 
345083     INFO  Test worker     d.u.i.k.n.KeyIO           MODE: declarations took 0 ms 
345083     DEBUG Test worker     d.u.i.k.n.KeyIO           MODE: 2nd degree decls took 0 
345083     DEBUG Test worker     d.u.i.k.j.Recoder2KeY     Reading public class T extends java.lang.Object{ private T a;private static T b;T c;static T d;public T e;public static T f;protected T g;protected T h;p[...] 
345083     WARN  Test worker     d.u.i.k.j.r.KeYCrossReferenceNameInfo Datatype T declared twice: Once in UNKNOWN:unknown and once in UNKNOWN:unknown, Keeping one from UNKNOWN:unknown 
345177     INFO  Test worker     d.u.i.k.n.KeyIO           Parsing took 0 ms 
345177     DEBUG Test worker     d.u.i.k.n.KeyIO           Load declarations of de.uka.ilkd.key.nparser.KeyAst$File:  <unknown>:1#1 
345177     INFO  Test worker     d.u.i.k.n.KeyIO           MODE: declarations took 0 ms 
345177     DEBUG Test worker     d.u.i.k.n.KeyIO           MODE: 2nd degree decls took 0 
345177     DEBUG Test worker     d.u.i.k.j.Recoder2KeY     Reading public class T extends java.lang.Object{ private T a;private static T b;T c;static T d;public T e;public static T f;protected T g;protected T h;p[...] 
345177     WARN  Test worker     d.u.i.k.j.r.KeYCrossReferenceNameInfo Datatype T declared twice: Once in UNKNOWN:unknown and once in UNKNOWN:unknown, Keeping one from UNKNOWN:unknown 
345271     INFO  Test worker     d.u.i.k.n.KeyIO           Parsing took 0 ms 
345271     DEBUG Test worker     d.u.i.k.n.KeyIO           Load declarations of de.uka.ilkd.key.nparser.KeyAst$File:  <unknown>:1#1 
345271     INFO  Test worker     d.u.i.k.n.KeyIO           MODE: declarations took 0 ms 
345271     DEBUG Test worker     d.u.i.k.n.KeyIO           MODE: 2nd degree decls took 0 
345271     DEBUG Test worker     d.u.i.k.j.Recoder2KeY     Reading public class T extends java.lang.Object{ private T a;private static T b;T c;static T d;public T e;public static T f;protected T g;protected T h;p[...] 
345271     WARN  Test worker     d.u.i.k.j.r.KeYCrossReferenceNameInfo Datatype T declared twice: Once in UNKNOWN:unknown and once in UNKNOWN:unknown, Keeping one from UNKNOWN:unknown 
345364     INFO  Test worker     d.u.i.k.n.KeyIO           Parsing took 0 ms 
345364     DEBUG Test worker     d.u.i.k.n.KeyIO           Load declarations of de.uka.ilkd.key.nparser.KeyAst$File:  <unknown>:1#1 
345364     INFO  Test worker     d.u.i.k.n.KeyIO           MODE: declarations took 0 ms 
345364     DEBUG Test worker     d.u.i.k.n.KeyIO           MODE: 2nd degree decls took 0 
345364     DEBUG Test worker     d.u.i.k.j.Recoder2KeY     Reading public class T extends java.lang.Object{ private T a;private static T b;T c;static T d;public T e;public static T f;protected T g;protected T h;p[...] 
345364     WARN  Test worker     d.u.i.k.j.r.KeYCrossReferenceNameInfo Datatype T declared twice: Once in UNKNOWN:unknown and once in UNKNOWN:unknown, Keeping one from UNKNOWN:unknown 
345458     INFO  Test worker     d.u.i.k.n.KeyIO           Parsing took 0 ms 
345458     DEBUG Test worker     d.u.i.k.n.KeyIO           Load declarations of de.uka.ilkd.key.nparser.KeyAst$File:  <unknown>:1#1 
345458     INFO  Test worker     d.u.i.k.n.KeyIO           MODE: declarations took 0 ms 
345458     DEBUG Test worker     d.u.i.k.n.KeyIO           MODE: 2nd degree decls took 0 
345458     DEBUG Test worker     d.u.i.k.j.Recoder2KeY     Reading public class T extends java.lang.Object{ private T a;private static T b;T c;static T d;public T e;public static T f;protected T g;protected T h;p[...] 
345458     WARN  Test worker     d.u.i.k.j.r.KeYCrossReferenceNameInfo Datatype T declared twice: Once in UNKNOWN:unknown and once in UNKNOWN:unknown, Keeping one from UNKNOWN:unknown 
345552     INFO  Test worker     d.u.i.k.n.KeyIO           Parsing took 0 ms 
345552     DEBUG Test worker     d.u.i.k.n.KeyIO           Load declarations of de.uka.ilkd.key.nparser.KeyAst$File:  <unknown>:1#1 
345552     INFO  Test worker     d.u.i.k.n.KeyIO           MODE: declarations took 0 ms 
345552     DEBUG Test worker     d.u.i.k.n.KeyIO           MODE: 2nd degree decls took 0 
345552     DEBUG Test worker     d.u.i.k.j.Recoder2KeY     Reading public class T extends java.lang.Object{ private T a;private static T b;T c;static T d;public T e;public static T f;protected T g;protected T h;p[...] 
345552     WARN  Test worker     d.u.i.k.j.r.KeYCrossReferenceNameInfo Datatype T declared twice: Once in UNKNOWN:unknown and once in UNKNOWN:unknown, Keeping one from UNKNOWN:unknown 
345661     INFO  Test worker     d.u.i.k.n.KeyIO           Parsing took 0 ms 
345661     DEBUG Test worker     d.u.i.k.n.KeyIO           Load declarations of de.uka.ilkd.key.nparser.KeyAst$File:  <unknown>:1#1 
345661     INFO  Test worker     d.u.i.k.n.KeyIO           MODE: declarations took 0 ms 
345661     DEBUG Test worker     d.u.i.k.n.KeyIO           MODE: 2nd degree decls took 0 
345661     DEBUG Test worker     d.u.i.k.j.Recoder2KeY     Reading public class T extends java.lang.Object{ private T a;private static T b;T c;static T d;public T e;public static T f;protected T g;protected T h;p[...] 
345661     WARN  Test worker     d.u.i.k.j.r.KeYCrossReferenceNameInfo Datatype T declared twice: Once in UNKNOWN:unknown and once in UNKNOWN:unknown, Keeping one from UNKNOWN:unknown 
345744     INFO  Test worker     d.u.i.k.n.KeyIO           Parsing took 0 ms 
345744     DEBUG Test worker     d.u.i.k.n.KeyIO           Load declarations of de.uka.ilkd.key.nparser.KeyAst$File:  <unknown>:1#1 
345744     INFO  Test worker     d.u.i.k.n.KeyIO           MODE: declarations took 0 ms 
345744     DEBUG Test worker     d.u.i.k.n.KeyIO           MODE: 2nd degree decls took 0 
345759     DEBUG Test worker     d.u.i.k.j.Recoder2KeY     Reading public class T extends java.lang.Object{ private T a;private static T b;T c;static T d;public T e;public static T f;protected T g;protected T h;p[...] 
345759     WARN  Test worker     d.u.i.k.j.r.KeYCrossReferenceNameInfo Datatype T declared twice: Once in UNKNOWN:unknown and once in UNKNOWN:unknown, Keeping one from UNKNOWN:unknown 
345845     INFO  Test worker     d.u.i.k.n.KeyIO           Parsing took 0 ms 
345845     DEBUG Test worker     d.u.i.k.n.KeyIO           Load declarations of de.uka.ilkd.key.nparser.KeyAst$File:  <unknown>:1#1 
345845     INFO  Test worker     d.u.i.k.n.KeyIO           MODE: declarations took 0 ms 
345845     DEBUG Test worker     d.u.i.k.n.KeyIO           MODE: 2nd degree decls took 0 
345845     DEBUG Test worker     d.u.i.k.j.Recoder2KeY     Reading public class T extends java.lang.Object{ private T a;private static T b;T c;static T d;public T e;public static T f;protected T g;protected T h;p[...] 
345845     WARN  Test worker     d.u.i.k.j.r.KeYCrossReferenceNameInfo Datatype T declared twice: Once in UNKNOWN:unknown and once in UNKNOWN:unknown, Keeping one from UNKNOWN:unknown 
345939     INFO  Test worker     d.u.i.k.n.KeyIO           Parsing took 0 ms 
345939     DEBUG Test worker     d.u.i.k.n.KeyIO           Load declarations of de.uka.ilkd.key.nparser.KeyAst$File:  <unknown>:1#1 
345939     INFO  Test worker     d.u.i.k.n.KeyIO           MODE: declarations took 0 ms 
345939     DEBUG Test worker     d.u.i.k.n.KeyIO           MODE: 2nd degree decls took 0 
345939     DEBUG Test worker     d.u.i.k.p.TestTermParser  Actual: and(all{l:int}(update-application(elem-update(globalIntPV)(l),false)),true) 
345939     DEBUG Test worker     d.u.i.k.p.TestTermParser  Expected: and(all{l:int}(update-application(elem-update(globalIntPV)(l),false)),true) 
345939     DEBUG Test worker     d.u.i.k.j.Recoder2KeY     Reading public class T extends java.lang.Object{ private T a;private static T b;T c;static T d;public T e;public static T f;protected T g;protected T h;p[...] 
345939     WARN  Test worker     d.u.i.k.j.r.KeYCrossReferenceNameInfo Datatype T declared twice: Once in UNKNOWN:unknown and once in UNKNOWN:unknown, Keeping one from UNKNOWN:unknown 
346033     INFO  Test worker     d.u.i.k.n.KeyIO           Parsing took 0 ms 
346033     DEBUG Test worker     d.u.i.k.n.KeyIO           Load declarations of de.uka.ilkd.key.nparser.KeyAst$File:  <unknown>:1#1 
346033     INFO  Test worker     d.u.i.k.n.KeyIO           MODE: declarations took 0 ms 
346033     DEBUG Test worker     d.u.i.k.n.KeyIO           MODE: 2nd degree decls took 0 
346033     DEBUG Test worker     d.u.i.k.p.TestTermParser  Actual: all{l:int}(and(\<{
  int globalIntPV = 0;
}\> (update-application(elem-update(globalIntPV)(l),false)),true)) 
346033     DEBUG Test worker     d.u.i.k.p.TestTermParser  Expected: all{l:int}(and(\<{
  int globalIntPV = 0;
}\> (update-application(elem-update(globalIntPV)(l),false)),true)) 
346033     DEBUG Test worker     d.u.i.k.j.Recoder2KeY     Reading public class T extends java.lang.Object{ private T a;private static T b;T c;static T d;public T e;public static T f;protected T g;protected T h;p[...] 
346033     WARN  Test worker     d.u.i.k.j.r.KeYCrossReferenceNameInfo Datatype T declared twice: Once in UNKNOWN:unknown and once in UNKNOWN:unknown, Keeping one from UNKNOWN:unknown 
346126     INFO  Test worker     d.u.i.k.n.KeyIO           Parsing took 0 ms 
346126     DEBUG Test worker     d.u.i.k.n.KeyIO           Load declarations of de.uka.ilkd.key.nparser.KeyAst$File:  <unknown>:1#1 
346126     INFO  Test worker     d.u.i.k.n.KeyIO           MODE: declarations took 0 ms 
346126     DEBUG Test worker     d.u.i.k.n.KeyIO           MODE: 2nd degree decls took 0 
346126     DEBUG Test worker     d.u.i.k.p.TestTermParser  Actual: not(equals(Z(1(#)),Z(1(#)))) 
346126     DEBUG Test worker     d.u.i.k.p.TestTermParser  Expected: not(equals(Z(1(#)),Z(1(#)))) 
346126     DEBUG Test worker     d.u.i.k.j.Recoder2KeY     Reading public class T extends java.lang.Object{ private T a;private static T b;T c;static T d;public T e;public static T f;protected T g;protected T h;p[...] 
346126     WARN  Test worker     d.u.i.k.j.r.KeYCrossReferenceNameInfo Datatype T declared twice: Once in UNKNOWN:unknown and once in UNKNOWN:unknown, Keeping one from UNKNOWN:unknown 
346230     INFO  Test worker     d.u.i.k.n.KeyIO           Parsing took 0 ms 
346230     DEBUG Test worker     d.u.i.k.n.KeyIO           Load declarations of de.uka.ilkd.key.nparser.KeyAst$File:  <unknown>:1#1 
346231     INFO  Test worker     d.u.i.k.n.KeyIO           MODE: declarations took 1 ms 
346231     DEBUG Test worker     d.u.i.k.n.KeyIO           MODE: 2nd degree decls took 0 
346231     DEBUG Test worker     d.u.i.k.p.TestTermParser  Actual: add(update-application(elem-update(globalIntPV)(j),globalIntPV),j) 
346231     DEBUG Test worker     d.u.i.k.p.TestTermParser  Expected: add(update-application(elem-update(globalIntPV)(j),globalIntPV),j) 
346231     DEBUG Test worker     d.u.i.k.j.Recoder2KeY     Reading public class T extends java.lang.Object{ private T a;private static T b;T c;static T d;public T e;public static T f;protected T g;protected T h;p[...] 
346231     WARN  Test worker     d.u.i.k.j.r.KeYCrossReferenceNameInfo Datatype T declared twice: Once in UNKNOWN:unknown and once in UNKNOWN:unknown, Keeping one from UNKNOWN:unknown 
346325     INFO  Test worker     d.u.i.k.n.KeyIO           Parsing took 0 ms 
346325     DEBUG Test worker     d.u.i.k.n.KeyIO           Load declarations of de.uka.ilkd.key.nparser.KeyAst$File:  <unknown>:1#1 
346325     INFO  Test worker     d.u.i.k.n.KeyIO           MODE: declarations took 0 ms 
346325     DEBUG Test worker     d.u.i.k.n.KeyIO           MODE: 2nd degree decls took 0 
346325     DEBUG Test worker     d.u.i.k.p.TestTermParser  Actual: add(int::cast(subst{x:int}(j,j)),j) 
346325     DEBUG Test worker     d.u.i.k.p.TestTermParser  Expected: add(int::cast(subst{x:int}(j,j)),j) 
346325     DEBUG Test worker     d.u.i.k.j.Recoder2KeY     Reading public class T extends java.lang.Object{ private T a;private static T b;T c;static T d;public T e;public static T f;protected T g;protected T h;p[...] 
346325     WARN  Test worker     d.u.i.k.j.r.KeYCrossReferenceNameInfo Datatype T declared twice: Once in UNKNOWN:unknown and once in UNKNOWN:unknown, Keeping one from UNKNOWN:unknown 
346419     INFO  Test worker     d.u.i.k.n.KeyIO           Parsing took 0 ms 
346419     DEBUG Test worker     d.u.i.k.n.KeyIO           Load declarations of de.uka.ilkd.key.nparser.KeyAst$File:  <unknown>:1#1 
346419     INFO  Test worker     d.u.i.k.n.KeyIO           MODE: declarations took 0 ms 
346419     DEBUG Test worker     d.u.i.k.n.KeyIO           MODE: 2nd degree decls took 0 
346419     DEBUG Test worker     d.u.i.k.p.TestTermParser  Actual: add(int::cast(subst{x:int}(j,j)),j) 
346419     DEBUG Test worker     d.u.i.k.p.TestTermParser  Expected: add(int::cast(subst{x:int}(j,j)),j) 
346419     DEBUG Test worker     d.u.i.k.j.Recoder2KeY     Reading public class T extends java.lang.Object{ private T a;private static T b;T c;static T d;public T e;public static T f;protected T g;protected T h;p[...] 
346419     WARN  Test worker     d.u.i.k.j.r.KeYCrossReferenceNameInfo Datatype T declared twice: Once in UNKNOWN:unknown and once in UNKNOWN:unknown, Keeping one from UNKNOWN:unknown 
346513     INFO  Test worker     d.u.i.k.n.KeyIO           Parsing took 0 ms 
346513     DEBUG Test worker     d.u.i.k.n.KeyIO           Load declarations of de.uka.ilkd.key.nparser.KeyAst$File:  <unknown>:1#1 
346513     INFO  Test worker     d.u.i.k.n.KeyIO           MODE: declarations took 0 ms 
346513     DEBUG Test worker     d.u.i.k.n.KeyIO           MODE: 2nd degree decls took 0 
346513     DEBUG Test worker     d.u.i.k.p.TestTermParser  Actual: add(subst{x:int}(j,int::cast(j)),j) 
346513     DEBUG Test worker     d.u.i.k.p.TestTermParser  Expected: add(subst{x:int}(j,int::cast(j)),j) 
346513     DEBUG Test worker     d.u.i.k.j.Recoder2KeY     Reading public class T extends java.lang.Object{ private T a;private static T b;T c;static T d;public T e;public static T f;protected T g;protected T h;p[...] 
346513     WARN  Test worker     d.u.i.k.j.r.KeYCrossReferenceNameInfo Datatype T declared twice: Once in UNKNOWN:unknown and once in UNKNOWN:unknown, Keeping one from UNKNOWN:unknown 
346607     INFO  Test worker     d.u.i.k.n.KeyIO           Parsing took 0 ms 
346607     DEBUG Test worker     d.u.i.k.n.KeyIO           Load declarations of de.uka.ilkd.key.nparser.KeyAst$File:  <unknown>:1#1 
346607     INFO  Test worker     d.u.i.k.n.KeyIO           MODE: declarations took 0 ms 
346607     DEBUG Test worker     d.u.i.k.n.KeyIO           MODE: 2nd degree decls took 0 
346607     DEBUG Test worker     d.u.i.k.j.Recoder2KeY     Reading public class T extends java.lang.Object{ private T a;private static T b;T c;static T d;public T e;public static T f;protected T g;protected T h;p[...] 
346607     WARN  Test worker     d.u.i.k.j.r.KeYCrossReferenceNameInfo Datatype T declared twice: Once in UNKNOWN:unknown and once in UNKNOWN:unknown, Keeping one from UNKNOWN:unknown 
346704     DEBUG Test worker     d.u.i.k.j.Recoder2KeY     Reading public class T extends java.lang.Object{ private T a;private static T b;T c;static T d;public T e;public static T f;protected T g;protected T h;p[...] 
346704     WARN  Test worker     d.u.i.k.j.r.KeYCrossReferenceNameInfo Datatype T declared twice: Once in UNKNOWN:unknown and once in UNKNOWN:unknown, Keeping one from UNKNOWN:unknown 
346797     INFO  Test worker     d.u.i.k.n.KeyIO           Parsing took 0 ms 
346797     DEBUG Test worker     d.u.i.k.n.KeyIO           Load declarations of de.uka.ilkd.key.nparser.KeyAst$File:  <unknown>:1#1 
346797     INFO  Test worker     d.u.i.k.n.KeyIO           MODE: declarations took 0 ms 
346797     DEBUG Test worker     d.u.i.k.n.KeyIO           MODE: 2nd degree decls took 0 
346797     DEBUG Test worker     d.u.i.k.j.Recoder2KeY     Reading public class T extends java.lang.Object{ private T a;private static T b;T c;static T d;public T e;public static T f;protected T g;protected T h;p[...] 
346797     WARN  Test worker     d.u.i.k.j.r.KeYCrossReferenceNameInfo Datatype T declared twice: Once in UNKNOWN:unknown and once in UNKNOWN:unknown, Keeping one from UNKNOWN:unknown 
346891     INFO  Test worker     d.u.i.k.n.KeyIO           Parsing took 0 ms 
346891     DEBUG Test worker     d.u.i.k.n.KeyIO           Load declarations of de.uka.ilkd.key.nparser.KeyAst$File:  <unknown>:1#1 
346891     INFO  Test worker     d.u.i.k.n.KeyIO           MODE: declarations took 0 ms 
346891     DEBUG Test worker     d.u.i.k.n.KeyIO           MODE: 2nd degree decls took 0 
]]></system-out>
  <system-err><![CDATA[]]></system-err>
</testsuite>
