<?xml version="1.0" encoding="UTF-8"?>
<testsuite name="de.uka.ilkd.key.proof_references.testcase.analyst.TestProgramVariableReferencesAnalyst" tests="63" skipped="0" failures="0" errors="0" timestamp="2023-04-06T17:58:29" hostname="fv-az563-662" time="219.363">
  <properties/>
  <testcase name="testAssignments_decrementEnd()" classname="de.uka.ilkd.key.proof_references.testcase.analyst.TestProgramVariableReferencesAnalyst" time="3.668"/>
  <testcase name="testConditionalsAndOther_ifEquals()" classname="de.uka.ilkd.key.proof_references.testcase.analyst.TestProgramVariableReferencesAnalyst" time="3.662"/>
  <testcase name="testConditionalsAndOther_doWhileEquals()" classname="de.uka.ilkd.key.proof_references.testcase.analyst.TestProgramVariableReferencesAnalyst" time="3.498"/>
  <testcase name="testVariableDeclarationAssign()" classname="de.uka.ilkd.key.proof_references.testcase.analyst.TestProgramVariableReferencesAnalyst" time="3.264"/>
  <testcase name="testConditionalsAndOther_forEquals()" classname="de.uka.ilkd.key.proof_references.testcase.analyst.TestProgramVariableReferencesAnalyst" time="3.672"/>
  <testcase name="testAssignments_assignmentWithSelf()" classname="de.uka.ilkd.key.proof_references.testcase.analyst.TestProgramVariableReferencesAnalyst" time="3.511"/>
  <testcase name="testConditionalsAndOther_ifGreaterEquals()" classname="de.uka.ilkd.key.proof_references.testcase.analyst.TestProgramVariableReferencesAnalyst" time="3.446"/>
  <testcase name="testAssignments_incrementBegin()" classname="de.uka.ilkd.key.proof_references.testcase.analyst.TestProgramVariableReferencesAnalyst" time="3.559"/>
  <testcase name="testActiveUseStaticFieldWriteAccess2()" classname="de.uka.ilkd.key.proof_references.testcase.analyst.TestProgramVariableReferencesAnalyst" time="3.241"/>
  <testcase name="testConditionalsAndOther_returnBoolean()" classname="de.uka.ilkd.key.proof_references.testcase.analyst.TestProgramVariableReferencesAnalyst" time="3.602"/>
  <testcase name="testConditionalsAndOther_whileEquals()" classname="de.uka.ilkd.key.proof_references.testcase.analyst.TestProgramVariableReferencesAnalyst" time="3.423"/>
  <testcase name="testConditionalsAndOther_questionLess()" classname="de.uka.ilkd.key.proof_references.testcase.analyst.TestProgramVariableReferencesAnalyst" time="3.499"/>
  <testcase name="testAssignment_to_primitive_array_component()" classname="de.uka.ilkd.key.proof_references.testcase.analyst.TestProgramVariableReferencesAnalyst" time="3.379"/>
  <testcase name="testAssignments_incrementArrayEnd()" classname="de.uka.ilkd.key.proof_references.testcase.analyst.TestProgramVariableReferencesAnalyst" time="3.514"/>
  <testcase name="testConditionalsAndOther_doWhileBoolean()" classname="de.uka.ilkd.key.proof_references.testcase.analyst.TestProgramVariableReferencesAnalyst" time="3.435"/>
  <testcase name="testConditionalsAndOther_returnEquals()" classname="de.uka.ilkd.key.proof_references.testcase.analyst.TestProgramVariableReferencesAnalyst" time="3.589"/>
  <testcase name="testActiveUseStaticFieldReadAccess2()" classname="de.uka.ilkd.key.proof_references.testcase.analyst.TestProgramVariableReferencesAnalyst" time="3.322"/>
  <testcase name="testAssignments_decrementBegin()" classname="de.uka.ilkd.key.proof_references.testcase.analyst.TestProgramVariableReferencesAnalyst" time="3.603"/>
  <testcase name="testConditionalsAndOther_switchInt()" classname="de.uka.ilkd.key.proof_references.testcase.analyst.TestProgramVariableReferencesAnalyst" time="3.529"/>
  <testcase name="testConditionalsAndOther_questionGreaterEquals()" classname="de.uka.ilkd.key.proof_references.testcase.analyst.TestProgramVariableReferencesAnalyst" time="3.588"/>
  <testcase name="testConditionalsAndOther_returnComplex()" classname="de.uka.ilkd.key.proof_references.testcase.analyst.TestProgramVariableReferencesAnalyst" time="3.734"/>
  <testcase name="testConditionalsAndOther_ifLess()" classname="de.uka.ilkd.key.proof_references.testcase.analyst.TestProgramVariableReferencesAnalyst" time="3.558"/>
  <testcase name="testEval_order_array_access5()" classname="de.uka.ilkd.key.proof_references.testcase.analyst.TestProgramVariableReferencesAnalyst" time="3.363"/>
  <testcase name="testAssignments_incrementEnd()" classname="de.uka.ilkd.key.proof_references.testcase.analyst.TestProgramVariableReferencesAnalyst" time="3.673"/>
  <testcase name="testConditionalsAndOther_forBoolean()" classname="de.uka.ilkd.key.proof_references.testcase.analyst.TestProgramVariableReferencesAnalyst" time="3.424"/>
  <testcase name="testAssignment_read_attribute()" classname="de.uka.ilkd.key.proof_references.testcase.analyst.TestProgramVariableReferencesAnalyst" time="3.294"/>
  <testcase name="testConditionalsAndOther_whileBoolean()" classname="de.uka.ilkd.key.proof_references.testcase.analyst.TestProgramVariableReferencesAnalyst" time="3.432"/>
  <testcase name="testArrayLength()" classname="de.uka.ilkd.key.proof_references.testcase.analyst.TestProgramVariableReferencesAnalyst" time="3.43"/>
  <testcase name="testAssignments_assign()" classname="de.uka.ilkd.key.proof_references.testcase.analyst.TestProgramVariableReferencesAnalyst" time="3.383"/>
  <testcase name="testAssignments_incrementArrayBegin()" classname="de.uka.ilkd.key.proof_references.testcase.analyst.TestProgramVariableReferencesAnalyst" time="3.608"/>
  <testcase name="testAssignment()" classname="de.uka.ilkd.key.proof_references.testcase.analyst.TestProgramVariableReferencesAnalyst" time="3.326"/>
  <testcase name="testConditionalsAndOther_ifBoolean()" classname="de.uka.ilkd.key.proof_references.testcase.analyst.TestProgramVariableReferencesAnalyst" time="3.489"/>
  <testcase name="testAssignment_read_length()" classname="de.uka.ilkd.key.proof_references.testcase.analyst.TestProgramVariableReferencesAnalyst" time="3.358"/>
  <testcase name="testConditionalsAndOther_questionNotEquals()" classname="de.uka.ilkd.key.proof_references.testcase.analyst.TestProgramVariableReferencesAnalyst" time="3.38"/>
  <testcase name="testAssignments_decrementArrayBegin()" classname="de.uka.ilkd.key.proof_references.testcase.analyst.TestProgramVariableReferencesAnalyst" time="3.528"/>
  <testcase name="testConditionalsAndOther_ifGreater()" classname="de.uka.ilkd.key.proof_references.testcase.analyst.TestProgramVariableReferencesAnalyst" time="3.508"/>
  <testcase name="testConditionalsAndOther_questionIncrementsAndDecrements()" classname="de.uka.ilkd.key.proof_references.testcase.analyst.TestProgramVariableReferencesAnalyst" time="3.765"/>
  <testcase name="testAssignment_write_static_attribute()" classname="de.uka.ilkd.key.proof_references.testcase.analyst.TestProgramVariableReferencesAnalyst" time="3.316"/>
  <testcase name="testConditionalsAndOther_questionBoolean()" classname="de.uka.ilkd.key.proof_references.testcase.analyst.TestProgramVariableReferencesAnalyst" time="3.435"/>
  <testcase name="testConditionalsAndOther_ifLessEquals()" classname="de.uka.ilkd.key.proof_references.testcase.analyst.TestProgramVariableReferencesAnalyst" time="3.414"/>
  <testcase name="testConditionalsAndOther_questionGreater()" classname="de.uka.ilkd.key.proof_references.testcase.analyst.TestProgramVariableReferencesAnalyst" time="3.442"/>
  <testcase name="testEval_order_access4()" classname="de.uka.ilkd.key.proof_references.testcase.analyst.TestProgramVariableReferencesAnalyst" time="3.315"/>
  <testcase name="testAssignment_to_reference_array_component()" classname="de.uka.ilkd.key.proof_references.testcase.analyst.TestProgramVariableReferencesAnalyst" time="3.403"/>
  <testcase name="testAssignments_decrementArrayEnd()" classname="de.uka.ilkd.key.proof_references.testcase.analyst.TestProgramVariableReferencesAnalyst" time="3.522"/>
  <testcase name="testAssignments_add()" classname="de.uka.ilkd.key.proof_references.testcase.analyst.TestProgramVariableReferencesAnalyst" time="3.508"/>
  <testcase name="testAssignments_div()" classname="de.uka.ilkd.key.proof_references.testcase.analyst.TestProgramVariableReferencesAnalyst" time="3.442"/>
  <testcase name="testAssignments_mod()" classname="de.uka.ilkd.key.proof_references.testcase.analyst.TestProgramVariableReferencesAnalyst" time="3.463"/>
  <testcase name="testAssignments_mul()" classname="de.uka.ilkd.key.proof_references.testcase.analyst.TestProgramVariableReferencesAnalyst" time="3.363"/>
  <testcase name="testAssignments_sub()" classname="de.uka.ilkd.key.proof_references.testcase.analyst.TestProgramVariableReferencesAnalyst" time="3.628"/>
  <testcase name="testAssignments_nestedValueAdd()" classname="de.uka.ilkd.key.proof_references.testcase.analyst.TestProgramVariableReferencesAnalyst" time="3.627"/>
  <testcase name="testAssignments_nestedArray()" classname="de.uka.ilkd.key.proof_references.testcase.analyst.TestProgramVariableReferencesAnalyst" time="3.517"/>
  <testcase name="testAssignments_nestedValue()" classname="de.uka.ilkd.key.proof_references.testcase.analyst.TestProgramVariableReferencesAnalyst" time="3.403"/>
  <testcase name="testConditionalsAndOther_methodCallAssignment()" classname="de.uka.ilkd.key.proof_references.testcase.analyst.TestProgramVariableReferencesAnalyst" time="3.477"/>
  <testcase name="testConditionalsAndOther_questionEquals()" classname="de.uka.ilkd.key.proof_references.testcase.analyst.TestProgramVariableReferencesAnalyst" time="3.542"/>
  <testcase name="testConditionalsAndOther_ifIncrementsAndDecrements()" classname="de.uka.ilkd.key.proof_references.testcase.analyst.TestProgramVariableReferencesAnalyst" time="3.778"/>
  <testcase name="testConditionalsAndOther_ifNotEquals()" classname="de.uka.ilkd.key.proof_references.testcase.analyst.TestProgramVariableReferencesAnalyst" time="3.544"/>
  <testcase name="testAssignment_write_attribute()" classname="de.uka.ilkd.key.proof_references.testcase.analyst.TestProgramVariableReferencesAnalyst" time="3.26"/>
  <testcase name="testConditionalsAndOther_methodCallConditional()" classname="de.uka.ilkd.key.proof_references.testcase.analyst.TestProgramVariableReferencesAnalyst" time="3.549"/>
  <testcase name="testConditionalsAndOther_questionLessEquals()" classname="de.uka.ilkd.key.proof_references.testcase.analyst.TestProgramVariableReferencesAnalyst" time="3.482"/>
  <testcase name="testConditionalsAndOther_throwsNestedException()" classname="de.uka.ilkd.key.proof_references.testcase.analyst.TestProgramVariableReferencesAnalyst" time="3.489"/>
  <testcase name="testConditionalsAndOther_methodCall()" classname="de.uka.ilkd.key.proof_references.testcase.analyst.TestProgramVariableReferencesAnalyst" time="3.438"/>
  <testcase name="testConditionalsAndOther_throwsException()" classname="de.uka.ilkd.key.proof_references.testcase.analyst.TestProgramVariableReferencesAnalyst" time="3.381"/>
  <testcase name="testAssignment_array2()" classname="de.uka.ilkd.key.proof_references.testcase.analyst.TestProgramVariableReferencesAnalyst" time="3.307"/>
  <system-out><![CDATA[]]></system-out>
  <system-err><![CDATA[]]></system-err>
</testsuite>
