<?xml version="1.0" encoding="UTF-8"?>
<testsuite name="de.uka.ilkd.key.parser.TestDeclParser" tests="14" skipped="2" failures="0" errors="0" timestamp="2023-06-08T15:04:20" hostname="fv-az319-839" time="17.453">
  <properties/>
  <testcase name="testGenericSortDecl1()" classname="de.uka.ilkd.key.parser.TestDeclParser" time="1.573"/>
  <testcase name="testGenericSortDecl2()" classname="de.uka.ilkd.key.parser.TestDeclParser" time="1.468"/>
  <testcase name="testGenericSortDecl3()" classname="de.uka.ilkd.key.parser.TestDeclParser" time="1.521"/>
  <testcase name="testGenericSortDecl4()" classname="de.uka.ilkd.key.parser.TestDeclParser" time="1.432"/>
  <testcase name="testGenericSortDecl5()" classname="de.uka.ilkd.key.parser.TestDeclParser" time="0.0">
    <skipped/>
  </testcase>
  <testcase name="testGenericSortDecl6()" classname="de.uka.ilkd.key.parser.TestDeclParser" time="1.437"/>
  <testcase name="testSortDecl()" classname="de.uka.ilkd.key.parser.TestDeclParser" time="1.413"/>
  <testcase name="testProxySortDecl()" classname="de.uka.ilkd.key.parser.TestDeclParser" time="1.429"/>
  <testcase name="testArrayDecl()" classname="de.uka.ilkd.key.parser.TestDeclParser" time="1.425"/>
  <testcase name="testAmbiguousDecls()" classname="de.uka.ilkd.key.parser.TestDeclParser" time="0.0">
    <skipped/>
  </testcase>
  <testcase name="testHeurDecl()" classname="de.uka.ilkd.key.parser.TestDeclParser" time="1.436"/>
  <testcase name="testFunctionDecl()" classname="de.uka.ilkd.key.parser.TestDeclParser" time="1.441"/>
  <testcase name="testPredicateDecl()" classname="de.uka.ilkd.key.parser.TestDeclParser" time="1.44"/>
  <testcase name="testSVDecl()" classname="de.uka.ilkd.key.parser.TestDeclParser" time="1.434"/>
  <system-out><![CDATA[346633     INFO  Test worker     d.u.i.k.n.KeyIO           Parsing took 0 ms 
346633     DEBUG Test worker     d.u.i.k.n.KeyIO           Load declarations of de.uka.ilkd.key.nparser.KeyAst$File:  <unknown>:1#1 
346648     INFO  Test worker     d.u.i.k.n.KeyIO           MODE: declarations took 15 ms 
346648     DEBUG Test worker     d.u.i.k.n.KeyIO           MODE: 2nd degree decls took 0 
346648     DEBUG Test worker     d.u.i.k.n.KeyIO           MODE: taclets took 0ms 
348111     INFO  Test worker     d.u.i.k.n.KeyIO           Parsing took 0 ms 
348111     DEBUG Test worker     d.u.i.k.n.KeyIO           Load declarations of de.uka.ilkd.key.nparser.KeyAst$File:  <unknown>:1#1 
348111     INFO  Test worker     d.u.i.k.n.KeyIO           MODE: declarations took 0 ms 
348111     DEBUG Test worker     d.u.i.k.n.KeyIO           MODE: 2nd degree decls took 0 
348111     DEBUG Test worker     d.u.i.k.n.KeyIO           MODE: taclets took 0ms 
349633     INFO  Test worker     d.u.i.k.n.KeyIO           Parsing took 0 ms 
349633     DEBUG Test worker     d.u.i.k.n.KeyIO           Load declarations of de.uka.ilkd.key.nparser.KeyAst$File:  <unknown>:1#1 
349633     INFO  Test worker     d.u.i.k.n.KeyIO           MODE: declarations took 0 ms 
349633     DEBUG Test worker     d.u.i.k.n.KeyIO           MODE: 2nd degree decls took 0 
349633     DEBUG Test worker     d.u.i.k.n.KeyIO           MODE: taclets took 0ms 
351070     INFO  Test worker     d.u.i.k.n.KeyIO           Parsing took 0 ms 
351070     DEBUG Test worker     d.u.i.k.n.KeyIO           Load declarations of de.uka.ilkd.key.nparser.KeyAst$File:  <unknown>:1#1 
351070     INFO  Test worker     d.u.i.k.n.KeyIO           MODE: declarations took 0 ms 
351070     DEBUG Test worker     d.u.i.k.n.KeyIO           MODE: 2nd degree decls took 0 
351070     DEBUG Test worker     d.u.i.k.n.KeyIO           MODE: taclets took 0ms 
352507     INFO  Test worker     d.u.i.k.n.KeyIO           Parsing took 0 ms 
352507     DEBUG Test worker     d.u.i.k.n.KeyIO           Load declarations of de.uka.ilkd.key.nparser.KeyAst$File:  <unknown>:1#1 
352507     INFO  Test worker     d.u.i.k.n.KeyIO           MODE: declarations took 0 ms 
352507     DEBUG Test worker     d.u.i.k.n.KeyIO           MODE: 2nd degree decls took 0 
352507     DEBUG Test worker     d.u.i.k.n.KeyIO           MODE: taclets took 0ms 
353924     INFO  Test worker     d.u.i.k.n.KeyIO           Parsing took 0 ms 
353924     DEBUG Test worker     d.u.i.k.n.KeyIO           Load declarations of de.uka.ilkd.key.nparser.KeyAst$File:  <unknown>:1#1 
353924     INFO  Test worker     d.u.i.k.n.KeyIO           MODE: declarations took 0 ms 
353924     DEBUG Test worker     d.u.i.k.n.KeyIO           MODE: 2nd degree decls took 0 
353924     DEBUG Test worker     d.u.i.k.n.KeyIO           MODE: taclets took 0ms 
355351     INFO  Test worker     d.u.i.k.n.KeyIO           Parsing took 0 ms 
355351     DEBUG Test worker     d.u.i.k.n.KeyIO           Load declarations of de.uka.ilkd.key.nparser.KeyAst$File:  <unknown>:1#1 
355351     INFO  Test worker     d.u.i.k.n.KeyIO           MODE: declarations took 0 ms 
355351     DEBUG Test worker     d.u.i.k.n.KeyIO           MODE: 2nd degree decls took 0 
355351     DEBUG Test worker     d.u.i.k.n.KeyIO           MODE: taclets took 0ms 
356774     INFO  Test worker     d.u.i.k.n.KeyIO           Parsing took 0 ms 
356774     DEBUG Test worker     d.u.i.k.n.KeyIO           Load declarations of de.uka.ilkd.key.nparser.KeyAst$File:  <unknown>:1#1 
356774     INFO  Test worker     d.u.i.k.n.KeyIO           MODE: declarations took 0 ms 
356774     DEBUG Test worker     d.u.i.k.n.KeyIO           MODE: 2nd degree decls took 0 
356774     DEBUG Test worker     d.u.i.k.n.KeyIO           MODE: taclets took 0ms 
358209     INFO  Test worker     d.u.i.k.n.KeyIO           Parsing took 0 ms 
358209     DEBUG Test worker     d.u.i.k.n.KeyIO           Load declarations of de.uka.ilkd.key.nparser.KeyAst$File:  <unknown>:1#1 
358209     INFO  Test worker     d.u.i.k.n.KeyIO           MODE: declarations took 0 ms 
358209     DEBUG Test worker     d.u.i.k.n.KeyIO           MODE: 2nd degree decls took 0 
358209     DEBUG Test worker     d.u.i.k.n.KeyIO           MODE: taclets took 0ms 
359653     INFO  Test worker     d.u.i.k.n.KeyIO           Parsing took 15 ms 
359653     DEBUG Test worker     d.u.i.k.n.KeyIO           Load declarations of de.uka.ilkd.key.nparser.KeyAst$File:  <unknown>:1#1 
359653     INFO  Test worker     d.u.i.k.n.KeyIO           MODE: declarations took 0 ms 
359653     DEBUG Test worker     d.u.i.k.n.KeyIO           MODE: 2nd degree decls took 0 
359653     DEBUG Test worker     d.u.i.k.n.KeyIO           MODE: taclets took 0ms 
361092     INFO  Test worker     d.u.i.k.n.KeyIO           Parsing took 0 ms 
361092     DEBUG Test worker     d.u.i.k.n.KeyIO           Load declarations of de.uka.ilkd.key.nparser.KeyAst$File:  <unknown>:1#1 
361092     INFO  Test worker     d.u.i.k.n.KeyIO           MODE: declarations took 0 ms 
361092     DEBUG Test worker     d.u.i.k.n.KeyIO           MODE: 2nd degree decls took 0 
361092     DEBUG Test worker     d.u.i.k.n.KeyIO           MODE: taclets took 0ms 
362522     INFO  Test worker     d.u.i.k.n.KeyIO           Parsing took 0 ms 
362522     DEBUG Test worker     d.u.i.k.n.KeyIO           Load declarations of de.uka.ilkd.key.nparser.KeyAst$File:  <unknown>:1#1 
362522     INFO  Test worker     d.u.i.k.n.KeyIO           MODE: declarations took 0 ms 
362522     DEBUG Test worker     d.u.i.k.n.KeyIO           MODE: 2nd degree decls took 0 
362522     DEBUG Test worker     d.u.i.k.n.KeyIO           MODE: taclets took 0ms 
]]></system-out>
  <system-err><![CDATA[]]></system-err>
</testsuite>
