<?xml version="1.0" encoding="UTF-8"?>
<testsuite name="de.uka.ilkd.key.parser.TestTermParserSorts" tests="2" skipped="0" failures="0" errors="0" timestamp="2023-06-08T15:09:49" hostname="fv-az319-839" time="4.66">
  <properties/>
  <testcase name="testParseIntegerArgs()" classname="de.uka.ilkd.key.parser.TestTermParserSorts" time="0.02"/>
  <testcase name="testParseSequencePrettySyntax()" classname="de.uka.ilkd.key.parser.TestTermParserSorts" time="0.003"/>
  <system-out><![CDATA[673698     INFO  Test worker     d.u.i.k.n.KeyIO           Parsing took 0 ms 
673698     DEBUG Test worker     d.u.i.k.n.KeyIO           Load declarations of de.uka.ilkd.key.nparser.KeyAst$File:  <unknown>:1#1 
673698     INFO  Test worker     d.u.i.k.n.KeyIO           MODE: declarations took 0 ms 
673698     DEBUG Test worker     d.u.i.k.n.KeyIO           MODE: 2nd degree decls took 0 
673698     INFO  Test worker     d.u.i.k.n.KeyIO           Parsing took 0 ms 
673698     DEBUG Test worker     d.u.i.k.n.KeyIO           Load declarations of de.uka.ilkd.key.nparser.KeyAst$File:  <unknown>:1#1 
673698     INFO  Test worker     d.u.i.k.n.KeyIO           MODE: declarations took 0 ms 
673698     DEBUG Test worker     d.u.i.k.n.KeyIO           MODE: 2nd degree decls took 0 
673698     INFO  Test worker     d.u.i.k.n.KeyIO           Parsing took 0 ms 
673698     DEBUG Test worker     d.u.i.k.n.KeyIO           Load declarations of de.uka.ilkd.key.nparser.KeyAst$File:  <unknown>:1#1 
673698     INFO  Test worker     d.u.i.k.n.KeyIO           MODE: declarations took 0 ms 
673698     DEBUG Test worker     d.u.i.k.n.KeyIO           MODE: 2nd degree decls took 0 
678355     INFO  Test worker     d.u.i.k.n.KeyIO           Parsing took 0 ms 
678355     DEBUG Test worker     d.u.i.k.n.KeyIO           Load declarations of de.uka.ilkd.key.nparser.KeyAst$File:  <unknown>:1#1 
678355     INFO  Test worker     d.u.i.k.n.KeyIO           MODE: declarations took 0 ms 
678355     DEBUG Test worker     d.u.i.k.n.KeyIO           MODE: 2nd degree decls took 0 
678355     INFO  Test worker     d.u.i.k.n.KeyIO           Parsing took 0 ms 
678355     DEBUG Test worker     d.u.i.k.n.KeyIO           Load declarations of de.uka.ilkd.key.nparser.KeyAst$File:  <unknown>:1#1 
678355     INFO  Test worker     d.u.i.k.n.KeyIO           MODE: declarations took 0 ms 
678355     DEBUG Test worker     d.u.i.k.n.KeyIO           MODE: 2nd degree decls took 0 
678355     INFO  Test worker     d.u.i.k.n.KeyIO           Parsing took 0 ms 
678355     DEBUG Test worker     d.u.i.k.n.KeyIO           Load declarations of de.uka.ilkd.key.nparser.KeyAst$File:  <unknown>:1#1 
678355     INFO  Test worker     d.u.i.k.n.KeyIO           MODE: declarations took 0 ms 
678355     DEBUG Test worker     d.u.i.k.n.KeyIO           MODE: 2nd degree decls took 0 
]]></system-out>
  <system-err><![CDATA[]]></system-err>
</testsuite>
