<?xml version="1.0" encoding="UTF-8"?>
<testsuite name="de.uka.ilkd.key.logic.TestTerm" tests="9" skipped="0" failures="0" errors="0" timestamp="2023-06-08T15:01:11" hostname="fv-az319-839" time="0.081">
  <properties/>
  <testcase name="testRigidness0()" classname="de.uka.ilkd.key.logic.TestTerm" time="0.0"/>
  <testcase name="testEqualsModRenamingWithLabels()" classname="de.uka.ilkd.key.logic.TestTerm" time="0.007"/>
  <testcase name="testFreeVars1()" classname="de.uka.ilkd.key.logic.TestTerm" time="0.0"/>
  <testcase name="testFreeVars2()" classname="de.uka.ilkd.key.logic.TestTerm" time="0.0"/>
  <testcase name="testFreeVars3()" classname="de.uka.ilkd.key.logic.TestTerm" time="0.0"/>
  <testcase name="testFreeVars4()" classname="de.uka.ilkd.key.logic.TestTerm" time="0.0"/>
  <testcase name="testEqualsModRenaming()" classname="de.uka.ilkd.key.logic.TestTerm" time="0.001"/>
  <testcase name="testProgramElementEqualsModRenaming()" classname="de.uka.ilkd.key.logic.TestTerm" time="0.065"/>
  <testcase name="testIsContainsJavaBlockRecursive()" classname="de.uka.ilkd.key.logic.TestTerm" time="0.001"/>
  <system-out><![CDATA[]]></system-out>
  <system-err><![CDATA[]]></system-err>
</testsuite>
