<?xml version="1.0" encoding="UTF-8"?>
<testsuite name="de.uka.ilkd.key.parser.TestTermParserHeap" tests="39" skipped="0" failures="0" errors="0" timestamp="2023-06-08T15:06:48" hostname="fv-az319-839" time="176.516">
  <properties/>
  <testcase name="testBracketHeapUpdate()" classname="de.uka.ilkd.key.parser.TestTermParserHeap" time="0.025"/>
  <testcase name="testStore()" classname="de.uka.ilkd.key.parser.TestTermParserHeap" time="0.011"/>
  <testcase name="testUnknownConstant()" classname="de.uka.ilkd.key.parser.TestTermParserHeap" time="0.004"/>
  <testcase name="testAllFieldsSelector()" classname="de.uka.ilkd.key.parser.TestTermParserHeap" time="0.005"/>
  <testcase name="testParsePrettyPrintedSelect()" classname="de.uka.ilkd.key.parser.TestTermParserHeap" time="0.005"/>
  <testcase name="testAccessStaticMembers()" classname="de.uka.ilkd.key.parser.TestTermParserHeap" time="0.01"/>
  <testcase name="testAtOperator_1()" classname="de.uka.ilkd.key.parser.TestTermParserHeap" time="0.005"/>
  <testcase name="testAtOperator_2()" classname="de.uka.ilkd.key.parser.TestTermParserHeap" time="0.005"/>
  <testcase name="testAtOperator_3()" classname="de.uka.ilkd.key.parser.TestTermParserHeap" time="0.005"/>
  <testcase name="testAtOperator_4()" classname="de.uka.ilkd.key.parser.TestTermParserHeap" time="0.017"/>
  <testcase name="testAtOperator_5()" classname="de.uka.ilkd.key.parser.TestTermParserHeap" time="0.005"/>
  <testcase name="testAtOperator_6()" classname="de.uka.ilkd.key.parser.TestTermParserHeap" time="0.006"/>
  <testcase name="testAtOperator_7()" classname="de.uka.ilkd.key.parser.TestTermParserHeap" time="0.004"/>
  <testcase name="testAtOperator_8()" classname="de.uka.ilkd.key.parser.TestTermParserHeap" time="0.009"/>
  <testcase name="testVerifyExceptionIfAtOperatorNotPreceededBySelectTerm()" classname="de.uka.ilkd.key.parser.TestTermParserHeap" time="0.009"/>
  <testcase name="testBugResettingCounter()" classname="de.uka.ilkd.key.parser.TestTermParserHeap" time="0.003"/>
  <testcase name="testLocationSets()" classname="de.uka.ilkd.key.parser.TestTermParserHeap" time="0.009"/>
  <testcase name="testQuantifiedSelect()" classname="de.uka.ilkd.key.parser.TestTermParserHeap" time="0.007"/>
  <testcase name="testGenericObjectProperties()" classname="de.uka.ilkd.key.parser.TestTermParserHeap" time="0.005"/>
  <testcase name="testQueryInheritance_1()" classname="de.uka.ilkd.key.parser.TestTermParserHeap" time="0.006"/>
  <testcase name="testQueryInheritance_2()" classname="de.uka.ilkd.key.parser.TestTermParserHeap" time="0.008"/>
  <testcase name="testQueryInheritance_3()" classname="de.uka.ilkd.key.parser.TestTermParserHeap" time="0.013"/>
  <testcase name="testQueryInheritance_4()" classname="de.uka.ilkd.key.parser.TestTermParserHeap" time="0.005"/>
  <testcase name="testQueryInheritance_5()" classname="de.uka.ilkd.key.parser.TestTermParserHeap" time="0.004"/>
  <testcase name="testQueryInheritance_6()" classname="de.uka.ilkd.key.parser.TestTermParserHeap" time="0.004"/>
  <testcase name="testQueryInheritance_7()" classname="de.uka.ilkd.key.parser.TestTermParserHeap" time="0.005"/>
  <testcase name="testQueryInheritance_8()" classname="de.uka.ilkd.key.parser.TestTermParserHeap" time="0.007"/>
  <testcase name="testQueryInheritance_9()" classname="de.uka.ilkd.key.parser.TestTermParserHeap" time="0.005"/>
  <testcase name="testQueryBasic_10()" classname="de.uka.ilkd.key.parser.TestTermParserHeap" time="0.003"/>
  <testcase name="testQueryBasic_11()" classname="de.uka.ilkd.key.parser.TestTermParserHeap" time="0.002"/>
  <testcase name="testQueryBasic_1()" classname="de.uka.ilkd.key.parser.TestTermParserHeap" time="0.005"/>
  <testcase name="testQueryBasic_2()" classname="de.uka.ilkd.key.parser.TestTermParserHeap" time="0.005"/>
  <testcase name="testQueryBasic_3()" classname="de.uka.ilkd.key.parser.TestTermParserHeap" time="0.009"/>
  <testcase name="testQueryBasic_4()" classname="de.uka.ilkd.key.parser.TestTermParserHeap" time="0.007"/>
  <testcase name="testQueryBasic_5()" classname="de.uka.ilkd.key.parser.TestTermParserHeap" time="0.004"/>
  <testcase name="testQueryBasic_6()" classname="de.uka.ilkd.key.parser.TestTermParserHeap" time="0.005"/>
  <testcase name="testQueryBasic_7()" classname="de.uka.ilkd.key.parser.TestTermParserHeap" time="0.005"/>
  <testcase name="testQueryBasic_8()" classname="de.uka.ilkd.key.parser.TestTermParserHeap" time="0.008"/>
  <testcase name="testQueryBasic_9()" classname="de.uka.ilkd.key.parser.TestTermParserHeap" time="0.006"/>
  <system-out><![CDATA[492482     INFO  Test worker     d.u.i.k.n.KeyIO           Parsing took 0 ms 
492482     DEBUG Test worker     d.u.i.k.n.KeyIO           Load declarations of de.uka.ilkd.key.nparser.KeyAst$File:  <unknown>:1#1 
492482     INFO  Test worker     d.u.i.k.n.KeyIO           MODE: declarations took 0 ms 
492482     DEBUG Test worker     d.u.i.k.n.KeyIO           MODE: 2nd degree decls took 0 
492482     INFO  Test worker     d.u.i.k.n.KeyIO           Parsing took 0 ms 
492482     DEBUG Test worker     d.u.i.k.n.KeyIO           Load declarations of de.uka.ilkd.key.nparser.KeyAst$File:  <unknown>:1#1 
492482     INFO  Test worker     d.u.i.k.n.KeyIO           MODE: declarations took 0 ms 
492482     DEBUG Test worker     d.u.i.k.n.KeyIO           MODE: 2nd degree decls took 0 
492482     INFO  Test worker     d.u.i.k.n.KeyIO           Parsing took 0 ms 
492482     DEBUG Test worker     d.u.i.k.n.KeyIO           Load declarations of de.uka.ilkd.key.nparser.KeyAst$File:  <unknown>:1#1 
492482     INFO  Test worker     d.u.i.k.n.KeyIO           MODE: declarations took 0 ms 
492482     DEBUG Test worker     d.u.i.k.n.KeyIO           MODE: 2nd degree decls took 0 
492482     INFO  Test worker     d.u.i.k.n.KeyIO           Parsing took 0 ms 
492482     DEBUG Test worker     d.u.i.k.n.KeyIO           Load declarations of de.uka.ilkd.key.nparser.KeyAst$File:  <unknown>:1#1 
492482     INFO  Test worker     d.u.i.k.n.KeyIO           MODE: declarations took 0 ms 
492482     DEBUG Test worker     d.u.i.k.n.KeyIO           MODE: 2nd degree decls took 0 
492482     INFO  Test worker     d.u.i.k.n.KeyIO           Parsing took 0 ms 
492482     DEBUG Test worker     d.u.i.k.n.KeyIO           Load declarations of de.uka.ilkd.key.nparser.KeyAst$File:  <unknown>:1#1 
492482     INFO  Test worker     d.u.i.k.n.KeyIO           MODE: declarations took 0 ms 
492497     DEBUG Test worker     d.u.i.k.n.KeyIO           MODE: 2nd degree decls took 0 
497158     INFO  Test worker     d.u.i.k.n.KeyIO           Parsing took 0 ms 
497158     DEBUG Test worker     d.u.i.k.n.KeyIO           Load declarations of de.uka.ilkd.key.nparser.KeyAst$File:  <unknown>:1#1 
497158     INFO  Test worker     d.u.i.k.n.KeyIO           MODE: declarations took 0 ms 
497158     DEBUG Test worker     d.u.i.k.n.KeyIO           MODE: 2nd degree decls took 0 
497158     INFO  Test worker     d.u.i.k.n.KeyIO           Parsing took 0 ms 
497158     DEBUG Test worker     d.u.i.k.n.KeyIO           Load declarations of de.uka.ilkd.key.nparser.KeyAst$File:  <unknown>:1#1 
497158     INFO  Test worker     d.u.i.k.n.KeyIO           MODE: declarations took 0 ms 
497158     DEBUG Test worker     d.u.i.k.n.KeyIO           MODE: 2nd degree decls took 0 
497158     INFO  Test worker     d.u.i.k.n.KeyIO           Parsing took 0 ms 
497158     DEBUG Test worker     d.u.i.k.n.KeyIO           Load declarations of de.uka.ilkd.key.nparser.KeyAst$File:  <unknown>:1#1 
497158     INFO  Test worker     d.u.i.k.n.KeyIO           MODE: declarations took 0 ms 
497158     DEBUG Test worker     d.u.i.k.n.KeyIO           MODE: 2nd degree decls took 0 
497158     INFO  Test worker     d.u.i.k.n.KeyIO           Parsing took 0 ms 
497158     DEBUG Test worker     d.u.i.k.n.KeyIO           Load declarations of de.uka.ilkd.key.nparser.KeyAst$File:  <unknown>:1#1 
497158     INFO  Test worker     d.u.i.k.n.KeyIO           MODE: declarations took 0 ms 
497158     DEBUG Test worker     d.u.i.k.n.KeyIO           MODE: 2nd degree decls took 0 
497158     INFO  Test worker     d.u.i.k.n.KeyIO           Parsing took 0 ms 
497158     DEBUG Test worker     d.u.i.k.n.KeyIO           Load declarations of de.uka.ilkd.key.nparser.KeyAst$File:  <unknown>:1#1 
497158     INFO  Test worker     d.u.i.k.n.KeyIO           MODE: declarations took 0 ms 
497158     DEBUG Test worker     d.u.i.k.n.KeyIO           MODE: 2nd degree decls took 0 
501787     INFO  Test worker     d.u.i.k.n.KeyIO           Parsing took 0 ms 
501787     DEBUG Test worker     d.u.i.k.n.KeyIO           Load declarations of de.uka.ilkd.key.nparser.KeyAst$File:  <unknown>:1#1 
501787     INFO  Test worker     d.u.i.k.n.KeyIO           MODE: declarations took 0 ms 
501787     DEBUG Test worker     d.u.i.k.n.KeyIO           MODE: 2nd degree decls took 0 
501787     INFO  Test worker     d.u.i.k.n.KeyIO           Parsing took 0 ms 
501787     DEBUG Test worker     d.u.i.k.n.KeyIO           Load declarations of de.uka.ilkd.key.nparser.KeyAst$File:  <unknown>:1#1 
501787     INFO  Test worker     d.u.i.k.n.KeyIO           MODE: declarations took 0 ms 
501787     DEBUG Test worker     d.u.i.k.n.KeyIO           MODE: 2nd degree decls took 0 
501787     INFO  Test worker     d.u.i.k.n.KeyIO           Parsing took 0 ms 
501787     DEBUG Test worker     d.u.i.k.n.KeyIO           Load declarations of de.uka.ilkd.key.nparser.KeyAst$File:  <unknown>:1#1 
501787     INFO  Test worker     d.u.i.k.n.KeyIO           MODE: declarations took 0 ms 
501787     DEBUG Test worker     d.u.i.k.n.KeyIO           MODE: 2nd degree decls took 0 
501787     INFO  Test worker     d.u.i.k.n.KeyIO           Parsing took 0 ms 
501787     DEBUG Test worker     d.u.i.k.n.KeyIO           Load declarations of de.uka.ilkd.key.nparser.KeyAst$File:  <unknown>:1#1 
501787     INFO  Test worker     d.u.i.k.n.KeyIO           MODE: declarations took 0 ms 
501787     DEBUG Test worker     d.u.i.k.n.KeyIO           MODE: 2nd degree decls took 0 
501787     INFO  Test worker     d.u.i.k.n.KeyIO           Parsing took 0 ms 
501787     DEBUG Test worker     d.u.i.k.n.KeyIO           Load declarations of de.uka.ilkd.key.nparser.KeyAst$File:  <unknown>:1#1 
501787     INFO  Test worker     d.u.i.k.n.KeyIO           MODE: declarations took 0 ms 
501787     DEBUG Test worker     d.u.i.k.n.KeyIO           MODE: 2nd degree decls took 0 
501787     INFO  Test worker     d.u.i.k.n.KeyIO           Parsing took 0 ms 
501787     DEBUG Test worker     d.u.i.k.n.KeyIO           Load declarations of de.uka.ilkd.key.nparser.KeyAst$File:  <unknown>:1#1 
501787     INFO  Test worker     d.u.i.k.n.KeyIO           MODE: declarations took 0 ms 
501787     DEBUG Test worker     d.u.i.k.n.KeyIO           MODE: 2nd degree decls took 0 
506344     INFO  Test worker     d.u.i.k.n.KeyIO           Parsing took 0 ms 
506344     DEBUG Test worker     d.u.i.k.n.KeyIO           Load declarations of de.uka.ilkd.key.nparser.KeyAst$File:  <unknown>:1#1 
506344     INFO  Test worker     d.u.i.k.n.KeyIO           MODE: declarations took 0 ms 
506344     DEBUG Test worker     d.u.i.k.n.KeyIO           MODE: 2nd degree decls took 0 
506344     INFO  Test worker     d.u.i.k.n.KeyIO           Parsing took 0 ms 
506344     DEBUG Test worker     d.u.i.k.n.KeyIO           Load declarations of de.uka.ilkd.key.nparser.KeyAst$File:  <unknown>:1#1 
506344     INFO  Test worker     d.u.i.k.n.KeyIO           MODE: declarations took 0 ms 
506344     DEBUG Test worker     d.u.i.k.n.KeyIO           MODE: 2nd degree decls took 0 
506344     INFO  Test worker     d.u.i.k.n.KeyIO           Parsing took 0 ms 
506344     DEBUG Test worker     d.u.i.k.n.KeyIO           Load declarations of de.uka.ilkd.key.nparser.KeyAst$File:  <unknown>:1#1 
506344     INFO  Test worker     d.u.i.k.n.KeyIO           MODE: declarations took 0 ms 
506344     DEBUG Test worker     d.u.i.k.n.KeyIO           MODE: 2nd degree decls took 0 
506344     INFO  Test worker     d.u.i.k.n.KeyIO           Parsing took 0 ms 
506344     DEBUG Test worker     d.u.i.k.n.KeyIO           Load declarations of de.uka.ilkd.key.nparser.KeyAst$File:  <unknown>:1#1 
506344     INFO  Test worker     d.u.i.k.n.KeyIO           MODE: declarations took 0 ms 
506344     DEBUG Test worker     d.u.i.k.n.KeyIO           MODE: 2nd degree decls took 0 
506344     INFO  Test worker     d.u.i.k.n.KeyIO           Parsing took 0 ms 
506344     DEBUG Test worker     d.u.i.k.n.KeyIO           Load declarations of de.uka.ilkd.key.nparser.KeyAst$File:  <unknown>:1#1 
506344     INFO  Test worker     d.u.i.k.n.KeyIO           MODE: declarations took 0 ms 
506344     DEBUG Test worker     d.u.i.k.n.KeyIO           MODE: 2nd degree decls took 0 
511108     INFO  Test worker     d.u.i.k.n.KeyIO           Parsing took 0 ms 
511108     DEBUG Test worker     d.u.i.k.n.KeyIO           Load declarations of de.uka.ilkd.key.nparser.KeyAst$File:  <unknown>:1#1 
511108     INFO  Test worker     d.u.i.k.n.KeyIO           MODE: declarations took 0 ms 
511108     DEBUG Test worker     d.u.i.k.n.KeyIO           MODE: 2nd degree decls took 0 
511108     INFO  Test worker     d.u.i.k.n.KeyIO           Parsing took 0 ms 
511108     DEBUG Test worker     d.u.i.k.n.KeyIO           Load declarations of de.uka.ilkd.key.nparser.KeyAst$File:  <unknown>:1#1 
511108     INFO  Test worker     d.u.i.k.n.KeyIO           MODE: declarations took 0 ms 
511108     DEBUG Test worker     d.u.i.k.n.KeyIO           MODE: 2nd degree decls took 0 
511108     INFO  Test worker     d.u.i.k.n.KeyIO           Parsing took 0 ms 
511108     DEBUG Test worker     d.u.i.k.n.KeyIO           Load declarations of de.uka.ilkd.key.nparser.KeyAst$File:  <unknown>:1#1 
511108     INFO  Test worker     d.u.i.k.n.KeyIO           MODE: declarations took 0 ms 
511108     DEBUG Test worker     d.u.i.k.n.KeyIO           MODE: 2nd degree decls took 0 
511108     INFO  Test worker     d.u.i.k.n.KeyIO           Parsing took 0 ms 
511108     DEBUG Test worker     d.u.i.k.n.KeyIO           Load declarations of de.uka.ilkd.key.nparser.KeyAst$File:  <unknown>:1#1 
511108     INFO  Test worker     d.u.i.k.n.KeyIO           MODE: declarations took 0 ms 
511108     DEBUG Test worker     d.u.i.k.n.KeyIO           MODE: 2nd degree decls took 0 
511108     INFO  Test worker     d.u.i.k.n.KeyIO           Parsing took 0 ms 
511108     DEBUG Test worker     d.u.i.k.n.KeyIO           Load declarations of de.uka.ilkd.key.nparser.KeyAst$File:  <unknown>:1#1 
511108     INFO  Test worker     d.u.i.k.n.KeyIO           MODE: declarations took 0 ms 
511108     DEBUG Test worker     d.u.i.k.n.KeyIO           MODE: 2nd degree decls took 0 
515744     INFO  Test worker     d.u.i.k.n.KeyIO           Parsing took 0 ms 
515760     DEBUG Test worker     d.u.i.k.n.KeyIO           Load declarations of de.uka.ilkd.key.nparser.KeyAst$File:  <unknown>:1#1 
515760     INFO  Test worker     d.u.i.k.n.KeyIO           MODE: declarations took 0 ms 
515760     DEBUG Test worker     d.u.i.k.n.KeyIO           MODE: 2nd degree decls took 0 
515760     INFO  Test worker     d.u.i.k.n.KeyIO           Parsing took 0 ms 
515760     DEBUG Test worker     d.u.i.k.n.KeyIO           Load declarations of de.uka.ilkd.key.nparser.KeyAst$File:  <unknown>:1#1 
515760     INFO  Test worker     d.u.i.k.n.KeyIO           MODE: declarations took 0 ms 
515760     DEBUG Test worker     d.u.i.k.n.KeyIO           MODE: 2nd degree decls took 0 
515760     INFO  Test worker     d.u.i.k.n.KeyIO           Parsing took 0 ms 
515760     DEBUG Test worker     d.u.i.k.n.KeyIO           Load declarations of de.uka.ilkd.key.nparser.KeyAst$File:  <unknown>:1#1 
515760     INFO  Test worker     d.u.i.k.n.KeyIO           MODE: declarations took 0 ms 
515760     DEBUG Test worker     d.u.i.k.n.KeyIO           MODE: 2nd degree decls took 0 
515760     INFO  Test worker     d.u.i.k.n.KeyIO           Parsing took 0 ms 
515760     DEBUG Test worker     d.u.i.k.n.KeyIO           Load declarations of de.uka.ilkd.key.nparser.KeyAst$File:  <unknown>:1#1 
515760     INFO  Test worker     d.u.i.k.n.KeyIO           MODE: declarations took 0 ms 
515760     DEBUG Test worker     d.u.i.k.n.KeyIO           MODE: 2nd degree decls took 0 
515760     INFO  Test worker     d.u.i.k.n.KeyIO           Parsing took 0 ms 
515760     DEBUG Test worker     d.u.i.k.n.KeyIO           Load declarations of de.uka.ilkd.key.nparser.KeyAst$File:  <unknown>:1#1 
515760     INFO  Test worker     d.u.i.k.n.KeyIO           MODE: declarations took 0 ms 
515760     DEBUG Test worker     d.u.i.k.n.KeyIO           MODE: 2nd degree decls took 0 
520430     INFO  Test worker     d.u.i.k.n.KeyIO           Parsing took 0 ms 
520430     DEBUG Test worker     d.u.i.k.n.KeyIO           Load declarations of de.uka.ilkd.key.nparser.KeyAst$File:  <unknown>:1#1 
520430     INFO  Test worker     d.u.i.k.n.KeyIO           MODE: declarations took 0 ms 
520430     DEBUG Test worker     d.u.i.k.n.KeyIO           MODE: 2nd degree decls took 0 
520430     INFO  Test worker     d.u.i.k.n.KeyIO           Parsing took 0 ms 
520430     DEBUG Test worker     d.u.i.k.n.KeyIO           Load declarations of de.uka.ilkd.key.nparser.KeyAst$File:  <unknown>:1#1 
520430     INFO  Test worker     d.u.i.k.n.KeyIO           MODE: declarations took 0 ms 
520430     DEBUG Test worker     d.u.i.k.n.KeyIO           MODE: 2nd degree decls took 0 
520430     INFO  Test worker     d.u.i.k.n.KeyIO           Parsing took 0 ms 
520430     DEBUG Test worker     d.u.i.k.n.KeyIO           Load declarations of de.uka.ilkd.key.nparser.KeyAst$File:  <unknown>:1#1 
520430     INFO  Test worker     d.u.i.k.n.KeyIO           MODE: declarations took 0 ms 
520430     DEBUG Test worker     d.u.i.k.n.KeyIO           MODE: 2nd degree decls took 0 
520430     INFO  Test worker     d.u.i.k.n.KeyIO           Parsing took 0 ms 
520430     DEBUG Test worker     d.u.i.k.n.KeyIO           Load declarations of de.uka.ilkd.key.nparser.KeyAst$File:  <unknown>:1#1 
520430     INFO  Test worker     d.u.i.k.n.KeyIO           MODE: declarations took 0 ms 
520430     DEBUG Test worker     d.u.i.k.n.KeyIO           MODE: 2nd degree decls took 0 
520430     INFO  Test worker     d.u.i.k.n.KeyIO           Parsing took 0 ms 
520430     DEBUG Test worker     d.u.i.k.n.KeyIO           Load declarations of de.uka.ilkd.key.nparser.KeyAst$File:  <unknown>:1#1 
520430     INFO  Test worker     d.u.i.k.n.KeyIO           MODE: declarations took 0 ms 
520430     DEBUG Test worker     d.u.i.k.n.KeyIO           MODE: 2nd degree decls took 0 
525154     INFO  Test worker     d.u.i.k.n.KeyIO           Parsing took 0 ms 
525154     DEBUG Test worker     d.u.i.k.n.KeyIO           Load declarations of de.uka.ilkd.key.nparser.KeyAst$File:  <unknown>:1#1 
525154     INFO  Test worker     d.u.i.k.n.KeyIO           MODE: declarations took 0 ms 
525154     DEBUG Test worker     d.u.i.k.n.KeyIO           MODE: 2nd degree decls took 0 
525154     INFO  Test worker     d.u.i.k.n.KeyIO           Parsing took 0 ms 
525154     DEBUG Test worker     d.u.i.k.n.KeyIO           Load declarations of de.uka.ilkd.key.nparser.KeyAst$File:  <unknown>:1#1 
525154     INFO  Test worker     d.u.i.k.n.KeyIO           MODE: declarations took 0 ms 
525154     DEBUG Test worker     d.u.i.k.n.KeyIO           MODE: 2nd degree decls took 0 
525154     INFO  Test worker     d.u.i.k.n.KeyIO           Parsing took 0 ms 
525154     DEBUG Test worker     d.u.i.k.n.KeyIO           Load declarations of de.uka.ilkd.key.nparser.KeyAst$File:  <unknown>:1#1 
525154     INFO  Test worker     d.u.i.k.n.KeyIO           MODE: declarations took 0 ms 
525154     DEBUG Test worker     d.u.i.k.n.KeyIO           MODE: 2nd degree decls took 0 
525154     INFO  Test worker     d.u.i.k.n.KeyIO           Parsing took 0 ms 
525154     DEBUG Test worker     d.u.i.k.n.KeyIO           Load declarations of de.uka.ilkd.key.nparser.KeyAst$File:  <unknown>:1#1 
525154     INFO  Test worker     d.u.i.k.n.KeyIO           MODE: declarations took 0 ms 
525154     DEBUG Test worker     d.u.i.k.n.KeyIO           MODE: 2nd degree decls took 0 
525154     INFO  Test worker     d.u.i.k.n.KeyIO           Parsing took 0 ms 
525154     DEBUG Test worker     d.u.i.k.n.KeyIO           Load declarations of de.uka.ilkd.key.nparser.KeyAst$File:  <unknown>:1#1 
525154     INFO  Test worker     d.u.i.k.n.KeyIO           MODE: declarations took 0 ms 
525154     DEBUG Test worker     d.u.i.k.n.KeyIO           MODE: 2nd degree decls took 0 
529905     INFO  Test worker     d.u.i.k.n.KeyIO           Parsing took 0 ms 
529905     DEBUG Test worker     d.u.i.k.n.KeyIO           Load declarations of de.uka.ilkd.key.nparser.KeyAst$File:  <unknown>:1#1 
529905     INFO  Test worker     d.u.i.k.n.KeyIO           MODE: declarations took 0 ms 
529905     DEBUG Test worker     d.u.i.k.n.KeyIO           MODE: 2nd degree decls took 0 
529905     INFO  Test worker     d.u.i.k.n.KeyIO           Parsing took 0 ms 
529905     DEBUG Test worker     d.u.i.k.n.KeyIO           Load declarations of de.uka.ilkd.key.nparser.KeyAst$File:  <unknown>:1#1 
529905     INFO  Test worker     d.u.i.k.n.KeyIO           MODE: declarations took 0 ms 
529905     DEBUG Test worker     d.u.i.k.n.KeyIO           MODE: 2nd degree decls took 0 
529905     INFO  Test worker     d.u.i.k.n.KeyIO           Parsing took 0 ms 
529905     DEBUG Test worker     d.u.i.k.n.KeyIO           Load declarations of de.uka.ilkd.key.nparser.KeyAst$File:  <unknown>:1#1 
529905     INFO  Test worker     d.u.i.k.n.KeyIO           MODE: declarations took 0 ms 
529905     DEBUG Test worker     d.u.i.k.n.KeyIO           MODE: 2nd degree decls took 0 
529905     INFO  Test worker     d.u.i.k.n.KeyIO           Parsing took 0 ms 
529905     DEBUG Test worker     d.u.i.k.n.KeyIO           Load declarations of de.uka.ilkd.key.nparser.KeyAst$File:  <unknown>:1#1 
529905     INFO  Test worker     d.u.i.k.n.KeyIO           MODE: declarations took 0 ms 
529905     DEBUG Test worker     d.u.i.k.n.KeyIO           MODE: 2nd degree decls took 0 
529905     INFO  Test worker     d.u.i.k.n.KeyIO           Parsing took 0 ms 
529905     DEBUG Test worker     d.u.i.k.n.KeyIO           Load declarations of de.uka.ilkd.key.nparser.KeyAst$File:  <unknown>:1#1 
529905     INFO  Test worker     d.u.i.k.n.KeyIO           MODE: declarations took 0 ms 
529905     DEBUG Test worker     d.u.i.k.n.KeyIO           MODE: 2nd degree decls took 0 
534687     INFO  Test worker     d.u.i.k.n.KeyIO           Parsing took 0 ms 
534687     DEBUG Test worker     d.u.i.k.n.KeyIO           Load declarations of de.uka.ilkd.key.nparser.KeyAst$File:  <unknown>:1#1 
534687     INFO  Test worker     d.u.i.k.n.KeyIO           MODE: declarations took 0 ms 
534687     DEBUG Test worker     d.u.i.k.n.KeyIO           MODE: 2nd degree decls took 0 
534687     INFO  Test worker     d.u.i.k.n.KeyIO           Parsing took 0 ms 
534687     DEBUG Test worker     d.u.i.k.n.KeyIO           Load declarations of de.uka.ilkd.key.nparser.KeyAst$File:  <unknown>:1#1 
534687     INFO  Test worker     d.u.i.k.n.KeyIO           MODE: declarations took 0 ms 
534687     DEBUG Test worker     d.u.i.k.n.KeyIO           MODE: 2nd degree decls took 0 
534687     INFO  Test worker     d.u.i.k.n.KeyIO           Parsing took 0 ms 
534687     DEBUG Test worker     d.u.i.k.n.KeyIO           Load declarations of de.uka.ilkd.key.nparser.KeyAst$File:  <unknown>:1#1 
534687     INFO  Test worker     d.u.i.k.n.KeyIO           MODE: declarations took 0 ms 
534687     DEBUG Test worker     d.u.i.k.n.KeyIO           MODE: 2nd degree decls took 0 
534702     INFO  Test worker     d.u.i.k.n.KeyIO           Parsing took 0 ms 
534702     DEBUG Test worker     d.u.i.k.n.KeyIO           Load declarations of de.uka.ilkd.key.nparser.KeyAst$File:  <unknown>:1#1 
534702     INFO  Test worker     d.u.i.k.n.KeyIO           MODE: declarations took 0 ms 
534702     DEBUG Test worker     d.u.i.k.n.KeyIO           MODE: 2nd degree decls took 0 
534702     INFO  Test worker     d.u.i.k.n.KeyIO           Parsing took 0 ms 
534702     DEBUG Test worker     d.u.i.k.n.KeyIO           Load declarations of de.uka.ilkd.key.nparser.KeyAst$File:  <unknown>:1#1 
534702     INFO  Test worker     d.u.i.k.n.KeyIO           MODE: declarations took 0 ms 
534702     DEBUG Test worker     d.u.i.k.n.KeyIO           MODE: 2nd degree decls took 0 
539394     INFO  Test worker     d.u.i.k.n.KeyIO           Parsing took 0 ms 
539394     DEBUG Test worker     d.u.i.k.n.KeyIO           Load declarations of de.uka.ilkd.key.nparser.KeyAst$File:  <unknown>:1#1 
539394     INFO  Test worker     d.u.i.k.n.KeyIO           MODE: declarations took 0 ms 
539394     DEBUG Test worker     d.u.i.k.n.KeyIO           MODE: 2nd degree decls took 0 
539394     INFO  Test worker     d.u.i.k.n.KeyIO           Parsing took 0 ms 
539394     DEBUG Test worker     d.u.i.k.n.KeyIO           Load declarations of de.uka.ilkd.key.nparser.KeyAst$File:  <unknown>:1#1 
539394     INFO  Test worker     d.u.i.k.n.KeyIO           MODE: declarations took 0 ms 
539394     DEBUG Test worker     d.u.i.k.n.KeyIO           MODE: 2nd degree decls took 0 
539394     INFO  Test worker     d.u.i.k.n.KeyIO           Parsing took 0 ms 
539394     DEBUG Test worker     d.u.i.k.n.KeyIO           Load declarations of de.uka.ilkd.key.nparser.KeyAst$File:  <unknown>:1#1 
539394     INFO  Test worker     d.u.i.k.n.KeyIO           MODE: declarations took 0 ms 
539394     DEBUG Test worker     d.u.i.k.n.KeyIO           MODE: 2nd degree decls took 0 
539394     INFO  Test worker     d.u.i.k.n.KeyIO           Parsing took 0 ms 
539394     DEBUG Test worker     d.u.i.k.n.KeyIO           Load declarations of de.uka.ilkd.key.nparser.KeyAst$File:  <unknown>:1#1 
539394     INFO  Test worker     d.u.i.k.n.KeyIO           MODE: declarations took 0 ms 
539394     DEBUG Test worker     d.u.i.k.n.KeyIO           MODE: 2nd degree decls took 0 
539394     INFO  Test worker     d.u.i.k.n.KeyIO           Parsing took 0 ms 
539394     DEBUG Test worker     d.u.i.k.n.KeyIO           Load declarations of de.uka.ilkd.key.nparser.KeyAst$File:  <unknown>:1#1 
539394     INFO  Test worker     d.u.i.k.n.KeyIO           MODE: declarations took 0 ms 
539394     DEBUG Test worker     d.u.i.k.n.KeyIO           MODE: 2nd degree decls took 0 
544165     INFO  Test worker     d.u.i.k.n.KeyIO           Parsing took 0 ms 
544165     DEBUG Test worker     d.u.i.k.n.KeyIO           Load declarations of de.uka.ilkd.key.nparser.KeyAst$File:  <unknown>:1#1 
544165     INFO  Test worker     d.u.i.k.n.KeyIO           MODE: declarations took 0 ms 
544165     DEBUG Test worker     d.u.i.k.n.KeyIO           MODE: 2nd degree decls took 0 
544165     INFO  Test worker     d.u.i.k.n.KeyIO           Parsing took 0 ms 
544165     DEBUG Test worker     d.u.i.k.n.KeyIO           Load declarations of de.uka.ilkd.key.nparser.KeyAst$File:  <unknown>:1#1 
544165     INFO  Test worker     d.u.i.k.n.KeyIO           MODE: declarations took 0 ms 
544165     DEBUG Test worker     d.u.i.k.n.KeyIO           MODE: 2nd degree decls took 0 
544165     INFO  Test worker     d.u.i.k.n.KeyIO           Parsing took 0 ms 
544165     DEBUG Test worker     d.u.i.k.n.KeyIO           Load declarations of de.uka.ilkd.key.nparser.KeyAst$File:  <unknown>:1#1 
544165     INFO  Test worker     d.u.i.k.n.KeyIO           MODE: declarations took 0 ms 
544165     DEBUG Test worker     d.u.i.k.n.KeyIO           MODE: 2nd degree decls took 0 
544180     INFO  Test worker     d.u.i.k.n.KeyIO           Parsing took 15 ms 
544180     DEBUG Test worker     d.u.i.k.n.KeyIO           Load declarations of de.uka.ilkd.key.nparser.KeyAst$File:  <unknown>:1#1 
544180     INFO  Test worker     d.u.i.k.n.KeyIO           MODE: declarations took 0 ms 
544180     DEBUG Test worker     d.u.i.k.n.KeyIO           MODE: 2nd degree decls took 0 
544180     INFO  Test worker     d.u.i.k.n.KeyIO           Parsing took 0 ms 
544180     DEBUG Test worker     d.u.i.k.n.KeyIO           Load declarations of de.uka.ilkd.key.nparser.KeyAst$File:  <unknown>:1#1 
544180     INFO  Test worker     d.u.i.k.n.KeyIO           MODE: declarations took 0 ms 
544180     DEBUG Test worker     d.u.i.k.n.KeyIO           MODE: 2nd degree decls took 0 
548822     INFO  Test worker     d.u.i.k.n.KeyIO           Parsing took 0 ms 
548822     DEBUG Test worker     d.u.i.k.n.KeyIO           Load declarations of de.uka.ilkd.key.nparser.KeyAst$File:  <unknown>:1#1 
548822     INFO  Test worker     d.u.i.k.n.KeyIO           MODE: declarations took 0 ms 
548822     DEBUG Test worker     d.u.i.k.n.KeyIO           MODE: 2nd degree decls took 0 
548822     INFO  Test worker     d.u.i.k.n.KeyIO           Parsing took 0 ms 
548822     DEBUG Test worker     d.u.i.k.n.KeyIO           Load declarations of de.uka.ilkd.key.nparser.KeyAst$File:  <unknown>:1#1 
548822     INFO  Test worker     d.u.i.k.n.KeyIO           MODE: declarations took 0 ms 
548822     DEBUG Test worker     d.u.i.k.n.KeyIO           MODE: 2nd degree decls took 0 
548822     INFO  Test worker     d.u.i.k.n.KeyIO           Parsing took 0 ms 
548822     DEBUG Test worker     d.u.i.k.n.KeyIO           Load declarations of de.uka.ilkd.key.nparser.KeyAst$File:  <unknown>:1#1 
548822     INFO  Test worker     d.u.i.k.n.KeyIO           MODE: declarations took 0 ms 
548822     DEBUG Test worker     d.u.i.k.n.KeyIO           MODE: 2nd degree decls took 0 
548822     INFO  Test worker     d.u.i.k.n.KeyIO           Parsing took 0 ms 
548822     DEBUG Test worker     d.u.i.k.n.KeyIO           Load declarations of de.uka.ilkd.key.nparser.KeyAst$File:  <unknown>:1#1 
548822     INFO  Test worker     d.u.i.k.n.KeyIO           MODE: declarations took 0 ms 
548822     DEBUG Test worker     d.u.i.k.n.KeyIO           MODE: 2nd degree decls took 0 
548822     INFO  Test worker     d.u.i.k.n.KeyIO           Parsing took 0 ms 
548822     DEBUG Test worker     d.u.i.k.n.KeyIO           Load declarations of de.uka.ilkd.key.nparser.KeyAst$File:  <unknown>:1#1 
548822     INFO  Test worker     d.u.i.k.n.KeyIO           MODE: declarations took 0 ms 
548822     DEBUG Test worker     d.u.i.k.n.KeyIO           MODE: 2nd degree decls took 0 
553283     INFO  Test worker     d.u.i.k.n.KeyIO           Parsing took 0 ms 
553283     DEBUG Test worker     d.u.i.k.n.KeyIO           Load declarations of de.uka.ilkd.key.nparser.KeyAst$File:  <unknown>:1#1 
553283     INFO  Test worker     d.u.i.k.n.KeyIO           MODE: declarations took 0 ms 
553283     DEBUG Test worker     d.u.i.k.n.KeyIO           MODE: 2nd degree decls took 0 
553283     INFO  Test worker     d.u.i.k.n.KeyIO           Parsing took 0 ms 
553283     DEBUG Test worker     d.u.i.k.n.KeyIO           Load declarations of de.uka.ilkd.key.nparser.KeyAst$File:  <unknown>:1#1 
553283     INFO  Test worker     d.u.i.k.n.KeyIO           MODE: declarations took 0 ms 
553283     DEBUG Test worker     d.u.i.k.n.KeyIO           MODE: 2nd degree decls took 0 
553283     INFO  Test worker     d.u.i.k.n.KeyIO           Parsing took 0 ms 
553283     DEBUG Test worker     d.u.i.k.n.KeyIO           Load declarations of de.uka.ilkd.key.nparser.KeyAst$File:  <unknown>:1#1 
553283     INFO  Test worker     d.u.i.k.n.KeyIO           MODE: declarations took 0 ms 
553283     DEBUG Test worker     d.u.i.k.n.KeyIO           MODE: 2nd degree decls took 0 
553283     INFO  Test worker     d.u.i.k.n.KeyIO           Parsing took 0 ms 
553283     DEBUG Test worker     d.u.i.k.n.KeyIO           Load declarations of de.uka.ilkd.key.nparser.KeyAst$File:  <unknown>:1#1 
553283     INFO  Test worker     d.u.i.k.n.KeyIO           MODE: declarations took 0 ms 
553283     DEBUG Test worker     d.u.i.k.n.KeyIO           MODE: 2nd degree decls took 0 
553283     INFO  Test worker     d.u.i.k.n.KeyIO           Parsing took 0 ms 
553283     DEBUG Test worker     d.u.i.k.n.KeyIO           Load declarations of de.uka.ilkd.key.nparser.KeyAst$File:  <unknown>:1#1 
553283     INFO  Test worker     d.u.i.k.n.KeyIO           MODE: declarations took 0 ms 
553283     DEBUG Test worker     d.u.i.k.n.KeyIO           MODE: 2nd degree decls took 0 
557645     INFO  Test worker     d.u.i.k.n.KeyIO           Parsing took 0 ms 
557645     DEBUG Test worker     d.u.i.k.n.KeyIO           Load declarations of de.uka.ilkd.key.nparser.KeyAst$File:  <unknown>:1#1 
557661     INFO  Test worker     d.u.i.k.n.KeyIO           MODE: declarations took 16 ms 
557661     DEBUG Test worker     d.u.i.k.n.KeyIO           MODE: 2nd degree decls took 0 
557661     INFO  Test worker     d.u.i.k.n.KeyIO           Parsing took 0 ms 
557661     DEBUG Test worker     d.u.i.k.n.KeyIO           Load declarations of de.uka.ilkd.key.nparser.KeyAst$File:  <unknown>:1#1 
557661     INFO  Test worker     d.u.i.k.n.KeyIO           MODE: declarations took 0 ms 
557661     DEBUG Test worker     d.u.i.k.n.KeyIO           MODE: 2nd degree decls took 0 
557661     INFO  Test worker     d.u.i.k.n.KeyIO           Parsing took 0 ms 
557661     DEBUG Test worker     d.u.i.k.n.KeyIO           Load declarations of de.uka.ilkd.key.nparser.KeyAst$File:  <unknown>:1#1 
557661     INFO  Test worker     d.u.i.k.n.KeyIO           MODE: declarations took 0 ms 
557661     DEBUG Test worker     d.u.i.k.n.KeyIO           MODE: 2nd degree decls took 0 
557661     INFO  Test worker     d.u.i.k.n.KeyIO           Parsing took 0 ms 
557661     DEBUG Test worker     d.u.i.k.n.KeyIO           Load declarations of de.uka.ilkd.key.nparser.KeyAst$File:  <unknown>:1#1 
557661     INFO  Test worker     d.u.i.k.n.KeyIO           MODE: declarations took 0 ms 
557661     DEBUG Test worker     d.u.i.k.n.KeyIO           MODE: 2nd degree decls took 0 
557661     INFO  Test worker     d.u.i.k.n.KeyIO           Parsing took 0 ms 
557661     DEBUG Test worker     d.u.i.k.n.KeyIO           Load declarations of de.uka.ilkd.key.nparser.KeyAst$File:  <unknown>:1#1 
557661     INFO  Test worker     d.u.i.k.n.KeyIO           MODE: declarations took 0 ms 
557661     DEBUG Test worker     d.u.i.k.n.KeyIO           MODE: 2nd degree decls took 0 
557661     WARN  Test worker     d.u.i.k.n.KeYParser       [syntax-error] <unknown>:1:11: mismatched input '@' expecting {'/', ':=', '.', '(', ')', '{', '[', '@', PARALLEL, OR, AND, IMP, '=', NOT_EQUALS, '%', '*', '-', '+', '>', GREATEREQUAL, '<', LESSEQUAL, LGUILLEMETS, EQV} [@11,11:11='@',<153>,1:11] (termEOF) 
562131     INFO  Test worker     d.u.i.k.n.KeyIO           Parsing took 0 ms 
562131     DEBUG Test worker     d.u.i.k.n.KeyIO           Load declarations of de.uka.ilkd.key.nparser.KeyAst$File:  <unknown>:1#1 
562131     INFO  Test worker     d.u.i.k.n.KeyIO           MODE: declarations took 0 ms 
562131     DEBUG Test worker     d.u.i.k.n.KeyIO           MODE: 2nd degree decls took 0 
562131     INFO  Test worker     d.u.i.k.n.KeyIO           Parsing took 0 ms 
562131     DEBUG Test worker     d.u.i.k.n.KeyIO           Load declarations of de.uka.ilkd.key.nparser.KeyAst$File:  <unknown>:1#1 
562131     INFO  Test worker     d.u.i.k.n.KeyIO           MODE: declarations took 0 ms 
562131     DEBUG Test worker     d.u.i.k.n.KeyIO           MODE: 2nd degree decls took 0 
562131     INFO  Test worker     d.u.i.k.n.KeyIO           Parsing took 0 ms 
562131     DEBUG Test worker     d.u.i.k.n.KeyIO           Load declarations of de.uka.ilkd.key.nparser.KeyAst$File:  <unknown>:1#1 
562131     INFO  Test worker     d.u.i.k.n.KeyIO           MODE: declarations took 0 ms 
562131     DEBUG Test worker     d.u.i.k.n.KeyIO           MODE: 2nd degree decls took 0 
562131     INFO  Test worker     d.u.i.k.n.KeyIO           Parsing took 0 ms 
562131     DEBUG Test worker     d.u.i.k.n.KeyIO           Load declarations of de.uka.ilkd.key.nparser.KeyAst$File:  <unknown>:1#1 
562131     INFO  Test worker     d.u.i.k.n.KeyIO           MODE: declarations took 0 ms 
562131     DEBUG Test worker     d.u.i.k.n.KeyIO           MODE: 2nd degree decls took 0 
562131     INFO  Test worker     d.u.i.k.n.KeyIO           Parsing took 0 ms 
562131     DEBUG Test worker     d.u.i.k.n.KeyIO           Load declarations of de.uka.ilkd.key.nparser.KeyAst$File:  <unknown>:1#1 
562146     INFO  Test worker     d.u.i.k.n.KeyIO           MODE: declarations took 15 ms 
562146     DEBUG Test worker     d.u.i.k.n.KeyIO           MODE: 2nd degree decls took 0 
566533     INFO  Test worker     d.u.i.k.n.KeyIO           Parsing took 0 ms 
566533     DEBUG Test worker     d.u.i.k.n.KeyIO           Load declarations of de.uka.ilkd.key.nparser.KeyAst$File:  <unknown>:1#1 
566533     INFO  Test worker     d.u.i.k.n.KeyIO           MODE: declarations took 0 ms 
566533     DEBUG Test worker     d.u.i.k.n.KeyIO           MODE: 2nd degree decls took 0 
566533     INFO  Test worker     d.u.i.k.n.KeyIO           Parsing took 0 ms 
566533     DEBUG Test worker     d.u.i.k.n.KeyIO           Load declarations of de.uka.ilkd.key.nparser.KeyAst$File:  <unknown>:1#1 
566533     INFO  Test worker     d.u.i.k.n.KeyIO           MODE: declarations took 0 ms 
566533     DEBUG Test worker     d.u.i.k.n.KeyIO           MODE: 2nd degree decls took 0 
566533     INFO  Test worker     d.u.i.k.n.KeyIO           Parsing took 0 ms 
566533     DEBUG Test worker     d.u.i.k.n.KeyIO           Load declarations of de.uka.ilkd.key.nparser.KeyAst$File:  <unknown>:1#1 
566533     INFO  Test worker     d.u.i.k.n.KeyIO           MODE: declarations took 0 ms 
566533     DEBUG Test worker     d.u.i.k.n.KeyIO           MODE: 2nd degree decls took 0 
566549     INFO  Test worker     d.u.i.k.n.KeyIO           Parsing took 0 ms 
566549     DEBUG Test worker     d.u.i.k.n.KeyIO           Load declarations of de.uka.ilkd.key.nparser.KeyAst$File:  <unknown>:1#1 
566549     INFO  Test worker     d.u.i.k.n.KeyIO           MODE: declarations took 0 ms 
566549     DEBUG Test worker     d.u.i.k.n.KeyIO           MODE: 2nd degree decls took 0 
566549     INFO  Test worker     d.u.i.k.n.KeyIO           Parsing took 0 ms 
566549     DEBUG Test worker     d.u.i.k.n.KeyIO           Load declarations of de.uka.ilkd.key.nparser.KeyAst$File:  <unknown>:1#1 
566549     INFO  Test worker     d.u.i.k.n.KeyIO           MODE: declarations took 0 ms 
566549     DEBUG Test worker     d.u.i.k.n.KeyIO           MODE: 2nd degree decls took 0 
571027     INFO  Test worker     d.u.i.k.n.KeyIO           Parsing took 0 ms 
571027     DEBUG Test worker     d.u.i.k.n.KeyIO           Load declarations of de.uka.ilkd.key.nparser.KeyAst$File:  <unknown>:1#1 
571027     INFO  Test worker     d.u.i.k.n.KeyIO           MODE: declarations took 0 ms 
571027     DEBUG Test worker     d.u.i.k.n.KeyIO           MODE: 2nd degree decls took 0 
571027     INFO  Test worker     d.u.i.k.n.KeyIO           Parsing took 0 ms 
571043     DEBUG Test worker     d.u.i.k.n.KeyIO           Load declarations of de.uka.ilkd.key.nparser.KeyAst$File:  <unknown>:1#1 
571043     INFO  Test worker     d.u.i.k.n.KeyIO           MODE: declarations took 0 ms 
571043     DEBUG Test worker     d.u.i.k.n.KeyIO           MODE: 2nd degree decls took 0 
571043     INFO  Test worker     d.u.i.k.n.KeyIO           Parsing took 0 ms 
571043     DEBUG Test worker     d.u.i.k.n.KeyIO           Load declarations of de.uka.ilkd.key.nparser.KeyAst$File:  <unknown>:1#1 
571043     INFO  Test worker     d.u.i.k.n.KeyIO           MODE: declarations took 0 ms 
571043     DEBUG Test worker     d.u.i.k.n.KeyIO           MODE: 2nd degree decls took 0 
571043     INFO  Test worker     d.u.i.k.n.KeyIO           Parsing took 0 ms 
571043     DEBUG Test worker     d.u.i.k.n.KeyIO           Load declarations of de.uka.ilkd.key.nparser.KeyAst$File:  <unknown>:1#1 
571043     INFO  Test worker     d.u.i.k.n.KeyIO           MODE: declarations took 0 ms 
571043     DEBUG Test worker     d.u.i.k.n.KeyIO           MODE: 2nd degree decls took 0 
571043     INFO  Test worker     d.u.i.k.n.KeyIO           Parsing took 0 ms 
571043     DEBUG Test worker     d.u.i.k.n.KeyIO           Load declarations of de.uka.ilkd.key.nparser.KeyAst$File:  <unknown>:1#1 
571043     INFO  Test worker     d.u.i.k.n.KeyIO           MODE: declarations took 0 ms 
571043     DEBUG Test worker     d.u.i.k.n.KeyIO           MODE: 2nd degree decls took 0 
575540     INFO  Test worker     d.u.i.k.n.KeyIO           Parsing took 0 ms 
575540     DEBUG Test worker     d.u.i.k.n.KeyIO           Load declarations of de.uka.ilkd.key.nparser.KeyAst$File:  <unknown>:1#1 
575540     INFO  Test worker     d.u.i.k.n.KeyIO           MODE: declarations took 0 ms 
575540     DEBUG Test worker     d.u.i.k.n.KeyIO           MODE: 2nd degree decls took 0 
575540     INFO  Test worker     d.u.i.k.n.KeyIO           Parsing took 0 ms 
575540     DEBUG Test worker     d.u.i.k.n.KeyIO           Load declarations of de.uka.ilkd.key.nparser.KeyAst$File:  <unknown>:1#1 
575540     INFO  Test worker     d.u.i.k.n.KeyIO           MODE: declarations took 0 ms 
575540     DEBUG Test worker     d.u.i.k.n.KeyIO           MODE: 2nd degree decls took 0 
575540     INFO  Test worker     d.u.i.k.n.KeyIO           Parsing took 0 ms 
575540     DEBUG Test worker     d.u.i.k.n.KeyIO           Load declarations of de.uka.ilkd.key.nparser.KeyAst$File:  <unknown>:1#1 
575540     INFO  Test worker     d.u.i.k.n.KeyIO           MODE: declarations took 0 ms 
575540     DEBUG Test worker     d.u.i.k.n.KeyIO           MODE: 2nd degree decls took 0 
575540     INFO  Test worker     d.u.i.k.n.KeyIO           Parsing took 0 ms 
575540     DEBUG Test worker     d.u.i.k.n.KeyIO           Load declarations of de.uka.ilkd.key.nparser.KeyAst$File:  <unknown>:1#1 
575540     INFO  Test worker     d.u.i.k.n.KeyIO           MODE: declarations took 0 ms 
575540     DEBUG Test worker     d.u.i.k.n.KeyIO           MODE: 2nd degree decls took 0 
575540     INFO  Test worker     d.u.i.k.n.KeyIO           Parsing took 0 ms 
575540     DEBUG Test worker     d.u.i.k.n.KeyIO           Load declarations of de.uka.ilkd.key.nparser.KeyAst$File:  <unknown>:1#1 
575540     INFO  Test worker     d.u.i.k.n.KeyIO           MODE: declarations took 0 ms 
575540     DEBUG Test worker     d.u.i.k.n.KeyIO           MODE: 2nd degree decls took 0 
580178     INFO  Test worker     d.u.i.k.n.KeyIO           Parsing took 0 ms 
580178     DEBUG Test worker     d.u.i.k.n.KeyIO           Load declarations of de.uka.ilkd.key.nparser.KeyAst$File:  <unknown>:1#1 
580178     INFO  Test worker     d.u.i.k.n.KeyIO           MODE: declarations took 0 ms 
580178     DEBUG Test worker     d.u.i.k.n.KeyIO           MODE: 2nd degree decls took 0 
580178     INFO  Test worker     d.u.i.k.n.KeyIO           Parsing took 0 ms 
580178     DEBUG Test worker     d.u.i.k.n.KeyIO           Load declarations of de.uka.ilkd.key.nparser.KeyAst$File:  <unknown>:1#1 
580178     INFO  Test worker     d.u.i.k.n.KeyIO           MODE: declarations took 0 ms 
580178     DEBUG Test worker     d.u.i.k.n.KeyIO           MODE: 2nd degree decls took 0 
580178     INFO  Test worker     d.u.i.k.n.KeyIO           Parsing took 0 ms 
580178     DEBUG Test worker     d.u.i.k.n.KeyIO           Load declarations of de.uka.ilkd.key.nparser.KeyAst$File:  <unknown>:1#1 
580178     INFO  Test worker     d.u.i.k.n.KeyIO           MODE: declarations took 0 ms 
580178     DEBUG Test worker     d.u.i.k.n.KeyIO           MODE: 2nd degree decls took 0 
580178     INFO  Test worker     d.u.i.k.n.KeyIO           Parsing took 0 ms 
580178     DEBUG Test worker     d.u.i.k.n.KeyIO           Load declarations of de.uka.ilkd.key.nparser.KeyAst$File:  <unknown>:1#1 
580178     INFO  Test worker     d.u.i.k.n.KeyIO           MODE: declarations took 0 ms 
580178     DEBUG Test worker     d.u.i.k.n.KeyIO           MODE: 2nd degree decls took 0 
580178     INFO  Test worker     d.u.i.k.n.KeyIO           Parsing took 0 ms 
580178     DEBUG Test worker     d.u.i.k.n.KeyIO           Load declarations of de.uka.ilkd.key.nparser.KeyAst$File:  <unknown>:1#1 
580178     INFO  Test worker     d.u.i.k.n.KeyIO           MODE: declarations took 0 ms 
580178     DEBUG Test worker     d.u.i.k.n.KeyIO           MODE: 2nd degree decls took 0 
585021     INFO  Test worker     d.u.i.k.n.KeyIO           Parsing took 0 ms 
585021     DEBUG Test worker     d.u.i.k.n.KeyIO           Load declarations of de.uka.ilkd.key.nparser.KeyAst$File:  <unknown>:1#1 
585021     INFO  Test worker     d.u.i.k.n.KeyIO           MODE: declarations took 0 ms 
585021     DEBUG Test worker     d.u.i.k.n.KeyIO           MODE: 2nd degree decls took 0 
585021     INFO  Test worker     d.u.i.k.n.KeyIO           Parsing took 0 ms 
585021     DEBUG Test worker     d.u.i.k.n.KeyIO           Load declarations of de.uka.ilkd.key.nparser.KeyAst$File:  <unknown>:1#1 
585021     INFO  Test worker     d.u.i.k.n.KeyIO           MODE: declarations took 0 ms 
585021     DEBUG Test worker     d.u.i.k.n.KeyIO           MODE: 2nd degree decls took 0 
585021     INFO  Test worker     d.u.i.k.n.KeyIO           Parsing took 0 ms 
585021     DEBUG Test worker     d.u.i.k.n.KeyIO           Load declarations of de.uka.ilkd.key.nparser.KeyAst$File:  <unknown>:1#1 
585021     INFO  Test worker     d.u.i.k.n.KeyIO           MODE: declarations took 0 ms 
585021     DEBUG Test worker     d.u.i.k.n.KeyIO           MODE: 2nd degree decls took 0 
585021     INFO  Test worker     d.u.i.k.n.KeyIO           Parsing took 0 ms 
585021     DEBUG Test worker     d.u.i.k.n.KeyIO           Load declarations of de.uka.ilkd.key.nparser.KeyAst$File:  <unknown>:1#1 
585021     INFO  Test worker     d.u.i.k.n.KeyIO           MODE: declarations took 0 ms 
585021     DEBUG Test worker     d.u.i.k.n.KeyIO           MODE: 2nd degree decls took 0 
585037     INFO  Test worker     d.u.i.k.n.KeyIO           Parsing took 16 ms 
585037     DEBUG Test worker     d.u.i.k.n.KeyIO           Load declarations of de.uka.ilkd.key.nparser.KeyAst$File:  <unknown>:1#1 
585037     INFO  Test worker     d.u.i.k.n.KeyIO           MODE: declarations took 0 ms 
585037     DEBUG Test worker     d.u.i.k.n.KeyIO           MODE: 2nd degree decls took 0 
590075     INFO  Test worker     d.u.i.k.n.KeyIO           Parsing took 0 ms 
590075     DEBUG Test worker     d.u.i.k.n.KeyIO           Load declarations of de.uka.ilkd.key.nparser.KeyAst$File:  <unknown>:1#1 
590075     INFO  Test worker     d.u.i.k.n.KeyIO           MODE: declarations took 0 ms 
590075     DEBUG Test worker     d.u.i.k.n.KeyIO           MODE: 2nd degree decls took 0 
590075     INFO  Test worker     d.u.i.k.n.KeyIO           Parsing took 0 ms 
590075     DEBUG Test worker     d.u.i.k.n.KeyIO           Load declarations of de.uka.ilkd.key.nparser.KeyAst$File:  <unknown>:1#1 
590075     INFO  Test worker     d.u.i.k.n.KeyIO           MODE: declarations took 0 ms 
590075     DEBUG Test worker     d.u.i.k.n.KeyIO           MODE: 2nd degree decls took 0 
590075     INFO  Test worker     d.u.i.k.n.KeyIO           Parsing took 0 ms 
590075     DEBUG Test worker     d.u.i.k.n.KeyIO           Load declarations of de.uka.ilkd.key.nparser.KeyAst$File:  <unknown>:1#1 
590075     INFO  Test worker     d.u.i.k.n.KeyIO           MODE: declarations took 0 ms 
590075     DEBUG Test worker     d.u.i.k.n.KeyIO           MODE: 2nd degree decls took 0 
590075     INFO  Test worker     d.u.i.k.n.KeyIO           Parsing took 0 ms 
590075     DEBUG Test worker     d.u.i.k.n.KeyIO           Load declarations of de.uka.ilkd.key.nparser.KeyAst$File:  <unknown>:1#1 
590075     INFO  Test worker     d.u.i.k.n.KeyIO           MODE: declarations took 0 ms 
590075     DEBUG Test worker     d.u.i.k.n.KeyIO           MODE: 2nd degree decls took 0 
590075     INFO  Test worker     d.u.i.k.n.KeyIO           Parsing took 0 ms 
590075     DEBUG Test worker     d.u.i.k.n.KeyIO           Load declarations of de.uka.ilkd.key.nparser.KeyAst$File:  <unknown>:1#1 
590075     INFO  Test worker     d.u.i.k.n.KeyIO           MODE: declarations took 0 ms 
590075     DEBUG Test worker     d.u.i.k.n.KeyIO           MODE: 2nd degree decls took 0 
594875     INFO  Test worker     d.u.i.k.n.KeyIO           Parsing took 0 ms 
594875     DEBUG Test worker     d.u.i.k.n.KeyIO           Load declarations of de.uka.ilkd.key.nparser.KeyAst$File:  <unknown>:1#1 
594875     INFO  Test worker     d.u.i.k.n.KeyIO           MODE: declarations took 0 ms 
594875     DEBUG Test worker     d.u.i.k.n.KeyIO           MODE: 2nd degree decls took 0 
594875     INFO  Test worker     d.u.i.k.n.KeyIO           Parsing took 0 ms 
594875     DEBUG Test worker     d.u.i.k.n.KeyIO           Load declarations of de.uka.ilkd.key.nparser.KeyAst$File:  <unknown>:1#1 
594875     INFO  Test worker     d.u.i.k.n.KeyIO           MODE: declarations took 0 ms 
594875     DEBUG Test worker     d.u.i.k.n.KeyIO           MODE: 2nd degree decls took 0 
594875     INFO  Test worker     d.u.i.k.n.KeyIO           Parsing took 0 ms 
594875     DEBUG Test worker     d.u.i.k.n.KeyIO           Load declarations of de.uka.ilkd.key.nparser.KeyAst$File:  <unknown>:1#1 
594875     INFO  Test worker     d.u.i.k.n.KeyIO           MODE: declarations took 0 ms 
594875     DEBUG Test worker     d.u.i.k.n.KeyIO           MODE: 2nd degree decls took 0 
594875     INFO  Test worker     d.u.i.k.n.KeyIO           Parsing took 0 ms 
594875     DEBUG Test worker     d.u.i.k.n.KeyIO           Load declarations of de.uka.ilkd.key.nparser.KeyAst$File:  <unknown>:1#1 
594875     INFO  Test worker     d.u.i.k.n.KeyIO           MODE: declarations took 0 ms 
594875     DEBUG Test worker     d.u.i.k.n.KeyIO           MODE: 2nd degree decls took 0 
594875     INFO  Test worker     d.u.i.k.n.KeyIO           Parsing took 0 ms 
594875     DEBUG Test worker     d.u.i.k.n.KeyIO           Load declarations of de.uka.ilkd.key.nparser.KeyAst$File:  <unknown>:1#1 
594875     INFO  Test worker     d.u.i.k.n.KeyIO           MODE: declarations took 0 ms 
594875     DEBUG Test worker     d.u.i.k.n.KeyIO           MODE: 2nd degree decls took 0 
599561     INFO  Test worker     d.u.i.k.n.KeyIO           Parsing took 0 ms 
599576     DEBUG Test worker     d.u.i.k.n.KeyIO           Load declarations of de.uka.ilkd.key.nparser.KeyAst$File:  <unknown>:1#1 
599576     INFO  Test worker     d.u.i.k.n.KeyIO           MODE: declarations took 0 ms 
599576     DEBUG Test worker     d.u.i.k.n.KeyIO           MODE: 2nd degree decls took 0 
599576     INFO  Test worker     d.u.i.k.n.KeyIO           Parsing took 0 ms 
599576     DEBUG Test worker     d.u.i.k.n.KeyIO           Load declarations of de.uka.ilkd.key.nparser.KeyAst$File:  <unknown>:1#1 
599576     INFO  Test worker     d.u.i.k.n.KeyIO           MODE: declarations took 0 ms 
599576     DEBUG Test worker     d.u.i.k.n.KeyIO           MODE: 2nd degree decls took 0 
599576     INFO  Test worker     d.u.i.k.n.KeyIO           Parsing took 0 ms 
599576     DEBUG Test worker     d.u.i.k.n.KeyIO           Load declarations of de.uka.ilkd.key.nparser.KeyAst$File:  <unknown>:1#1 
599576     INFO  Test worker     d.u.i.k.n.KeyIO           MODE: declarations took 0 ms 
599576     DEBUG Test worker     d.u.i.k.n.KeyIO           MODE: 2nd degree decls took 0 
599576     INFO  Test worker     d.u.i.k.n.KeyIO           Parsing took 0 ms 
599576     DEBUG Test worker     d.u.i.k.n.KeyIO           Load declarations of de.uka.ilkd.key.nparser.KeyAst$File:  <unknown>:1#1 
599576     INFO  Test worker     d.u.i.k.n.KeyIO           MODE: declarations took 0 ms 
599576     DEBUG Test worker     d.u.i.k.n.KeyIO           MODE: 2nd degree decls took 0 
599576     INFO  Test worker     d.u.i.k.n.KeyIO           Parsing took 0 ms 
599576     DEBUG Test worker     d.u.i.k.n.KeyIO           Load declarations of de.uka.ilkd.key.nparser.KeyAst$File:  <unknown>:1#1 
599576     INFO  Test worker     d.u.i.k.n.KeyIO           MODE: declarations took 0 ms 
599576     DEBUG Test worker     d.u.i.k.n.KeyIO           MODE: 2nd degree decls took 0 
604291     INFO  Test worker     d.u.i.k.n.KeyIO           Parsing took 0 ms 
604291     DEBUG Test worker     d.u.i.k.n.KeyIO           Load declarations of de.uka.ilkd.key.nparser.KeyAst$File:  <unknown>:1#1 
604291     INFO  Test worker     d.u.i.k.n.KeyIO           MODE: declarations took 0 ms 
604291     DEBUG Test worker     d.u.i.k.n.KeyIO           MODE: 2nd degree decls took 0 
604291     INFO  Test worker     d.u.i.k.n.KeyIO           Parsing took 0 ms 
604291     DEBUG Test worker     d.u.i.k.n.KeyIO           Load declarations of de.uka.ilkd.key.nparser.KeyAst$File:  <unknown>:1#1 
604291     INFO  Test worker     d.u.i.k.n.KeyIO           MODE: declarations took 0 ms 
604291     DEBUG Test worker     d.u.i.k.n.KeyIO           MODE: 2nd degree decls took 0 
604291     INFO  Test worker     d.u.i.k.n.KeyIO           Parsing took 0 ms 
604291     DEBUG Test worker     d.u.i.k.n.KeyIO           Load declarations of de.uka.ilkd.key.nparser.KeyAst$File:  <unknown>:1#1 
604291     INFO  Test worker     d.u.i.k.n.KeyIO           MODE: declarations took 0 ms 
604291     DEBUG Test worker     d.u.i.k.n.KeyIO           MODE: 2nd degree decls took 0 
604291     INFO  Test worker     d.u.i.k.n.KeyIO           Parsing took 0 ms 
604291     DEBUG Test worker     d.u.i.k.n.KeyIO           Load declarations of de.uka.ilkd.key.nparser.KeyAst$File:  <unknown>:1#1 
604291     INFO  Test worker     d.u.i.k.n.KeyIO           MODE: declarations took 0 ms 
604291     DEBUG Test worker     d.u.i.k.n.KeyIO           MODE: 2nd degree decls took 0 
604291     INFO  Test worker     d.u.i.k.n.KeyIO           Parsing took 0 ms 
604291     DEBUG Test worker     d.u.i.k.n.KeyIO           Load declarations of de.uka.ilkd.key.nparser.KeyAst$File:  <unknown>:1#1 
604291     INFO  Test worker     d.u.i.k.n.KeyIO           MODE: declarations took 0 ms 
604291     DEBUG Test worker     d.u.i.k.n.KeyIO           MODE: 2nd degree decls took 0 
608986     INFO  Test worker     d.u.i.k.n.KeyIO           Parsing took 0 ms 
608986     DEBUG Test worker     d.u.i.k.n.KeyIO           Load declarations of de.uka.ilkd.key.nparser.KeyAst$File:  <unknown>:1#1 
608986     INFO  Test worker     d.u.i.k.n.KeyIO           MODE: declarations took 0 ms 
608986     DEBUG Test worker     d.u.i.k.n.KeyIO           MODE: 2nd degree decls took 0 
608986     INFO  Test worker     d.u.i.k.n.KeyIO           Parsing took 0 ms 
608986     DEBUG Test worker     d.u.i.k.n.KeyIO           Load declarations of de.uka.ilkd.key.nparser.KeyAst$File:  <unknown>:1#1 
608986     INFO  Test worker     d.u.i.k.n.KeyIO           MODE: declarations took 0 ms 
608986     DEBUG Test worker     d.u.i.k.n.KeyIO           MODE: 2nd degree decls took 0 
608986     INFO  Test worker     d.u.i.k.n.KeyIO           Parsing took 0 ms 
608986     DEBUG Test worker     d.u.i.k.n.KeyIO           Load declarations of de.uka.ilkd.key.nparser.KeyAst$File:  <unknown>:1#1 
608986     INFO  Test worker     d.u.i.k.n.KeyIO           MODE: declarations took 0 ms 
608986     DEBUG Test worker     d.u.i.k.n.KeyIO           MODE: 2nd degree decls took 0 
608986     INFO  Test worker     d.u.i.k.n.KeyIO           Parsing took 0 ms 
608986     DEBUG Test worker     d.u.i.k.n.KeyIO           Load declarations of de.uka.ilkd.key.nparser.KeyAst$File:  <unknown>:1#1 
608986     INFO  Test worker     d.u.i.k.n.KeyIO           MODE: declarations took 0 ms 
608986     DEBUG Test worker     d.u.i.k.n.KeyIO           MODE: 2nd degree decls took 0 
608986     INFO  Test worker     d.u.i.k.n.KeyIO           Parsing took 0 ms 
608986     DEBUG Test worker     d.u.i.k.n.KeyIO           Load declarations of de.uka.ilkd.key.nparser.KeyAst$File:  <unknown>:1#1 
608986     INFO  Test worker     d.u.i.k.n.KeyIO           MODE: declarations took 0 ms 
608986     DEBUG Test worker     d.u.i.k.n.KeyIO           MODE: 2nd degree decls took 0 
613698     INFO  Test worker     d.u.i.k.n.KeyIO           Parsing took 0 ms 
613698     DEBUG Test worker     d.u.i.k.n.KeyIO           Load declarations of de.uka.ilkd.key.nparser.KeyAst$File:  <unknown>:1#1 
613698     INFO  Test worker     d.u.i.k.n.KeyIO           MODE: declarations took 0 ms 
613698     DEBUG Test worker     d.u.i.k.n.KeyIO           MODE: 2nd degree decls took 0 
613698     INFO  Test worker     d.u.i.k.n.KeyIO           Parsing took 0 ms 
613698     DEBUG Test worker     d.u.i.k.n.KeyIO           Load declarations of de.uka.ilkd.key.nparser.KeyAst$File:  <unknown>:1#1 
613698     INFO  Test worker     d.u.i.k.n.KeyIO           MODE: declarations took 0 ms 
613698     DEBUG Test worker     d.u.i.k.n.KeyIO           MODE: 2nd degree decls took 0 
613698     INFO  Test worker     d.u.i.k.n.KeyIO           Parsing took 0 ms 
613698     DEBUG Test worker     d.u.i.k.n.KeyIO           Load declarations of de.uka.ilkd.key.nparser.KeyAst$File:  <unknown>:1#1 
613698     INFO  Test worker     d.u.i.k.n.KeyIO           MODE: declarations took 0 ms 
613698     DEBUG Test worker     d.u.i.k.n.KeyIO           MODE: 2nd degree decls took 0 
613698     INFO  Test worker     d.u.i.k.n.KeyIO           Parsing took 0 ms 
613698     DEBUG Test worker     d.u.i.k.n.KeyIO           Load declarations of de.uka.ilkd.key.nparser.KeyAst$File:  <unknown>:1#1 
613698     INFO  Test worker     d.u.i.k.n.KeyIO           MODE: declarations took 0 ms 
613698     DEBUG Test worker     d.u.i.k.n.KeyIO           MODE: 2nd degree decls took 0 
613698     INFO  Test worker     d.u.i.k.n.KeyIO           Parsing took 0 ms 
613698     DEBUG Test worker     d.u.i.k.n.KeyIO           Load declarations of de.uka.ilkd.key.nparser.KeyAst$File:  <unknown>:1#1 
613698     INFO  Test worker     d.u.i.k.n.KeyIO           MODE: declarations took 0 ms 
613698     DEBUG Test worker     d.u.i.k.n.KeyIO           MODE: 2nd degree decls took 0 
618416     INFO  Test worker     d.u.i.k.n.KeyIO           Parsing took 0 ms 
618416     DEBUG Test worker     d.u.i.k.n.KeyIO           Load declarations of de.uka.ilkd.key.nparser.KeyAst$File:  <unknown>:1#1 
618416     INFO  Test worker     d.u.i.k.n.KeyIO           MODE: declarations took 0 ms 
618416     DEBUG Test worker     d.u.i.k.n.KeyIO           MODE: 2nd degree decls took 0 
618416     INFO  Test worker     d.u.i.k.n.KeyIO           Parsing took 0 ms 
618416     DEBUG Test worker     d.u.i.k.n.KeyIO           Load declarations of de.uka.ilkd.key.nparser.KeyAst$File:  <unknown>:1#1 
618416     INFO  Test worker     d.u.i.k.n.KeyIO           MODE: declarations took 0 ms 
618416     DEBUG Test worker     d.u.i.k.n.KeyIO           MODE: 2nd degree decls took 0 
618416     INFO  Test worker     d.u.i.k.n.KeyIO           Parsing took 0 ms 
618416     DEBUG Test worker     d.u.i.k.n.KeyIO           Load declarations of de.uka.ilkd.key.nparser.KeyAst$File:  <unknown>:1#1 
618416     INFO  Test worker     d.u.i.k.n.KeyIO           MODE: declarations took 0 ms 
618416     DEBUG Test worker     d.u.i.k.n.KeyIO           MODE: 2nd degree decls took 0 
618416     INFO  Test worker     d.u.i.k.n.KeyIO           Parsing took 0 ms 
618416     DEBUG Test worker     d.u.i.k.n.KeyIO           Load declarations of de.uka.ilkd.key.nparser.KeyAst$File:  <unknown>:1#1 
618416     INFO  Test worker     d.u.i.k.n.KeyIO           MODE: declarations took 0 ms 
618416     DEBUG Test worker     d.u.i.k.n.KeyIO           MODE: 2nd degree decls took 0 
618416     INFO  Test worker     d.u.i.k.n.KeyIO           Parsing took 0 ms 
618416     DEBUG Test worker     d.u.i.k.n.KeyIO           Load declarations of de.uka.ilkd.key.nparser.KeyAst$File:  <unknown>:1#1 
618416     INFO  Test worker     d.u.i.k.n.KeyIO           MODE: declarations took 0 ms 
618416     DEBUG Test worker     d.u.i.k.n.KeyIO           MODE: 2nd degree decls took 0 
623066     INFO  Test worker     d.u.i.k.n.KeyIO           Parsing took 0 ms 
623066     DEBUG Test worker     d.u.i.k.n.KeyIO           Load declarations of de.uka.ilkd.key.nparser.KeyAst$File:  <unknown>:1#1 
623066     INFO  Test worker     d.u.i.k.n.KeyIO           MODE: declarations took 0 ms 
623066     DEBUG Test worker     d.u.i.k.n.KeyIO           MODE: 2nd degree decls took 0 
623066     INFO  Test worker     d.u.i.k.n.KeyIO           Parsing took 0 ms 
623066     DEBUG Test worker     d.u.i.k.n.KeyIO           Load declarations of de.uka.ilkd.key.nparser.KeyAst$File:  <unknown>:1#1 
623066     INFO  Test worker     d.u.i.k.n.KeyIO           MODE: declarations took 0 ms 
623066     DEBUG Test worker     d.u.i.k.n.KeyIO           MODE: 2nd degree decls took 0 
623066     INFO  Test worker     d.u.i.k.n.KeyIO           Parsing took 0 ms 
623066     DEBUG Test worker     d.u.i.k.n.KeyIO           Load declarations of de.uka.ilkd.key.nparser.KeyAst$File:  <unknown>:1#1 
623066     INFO  Test worker     d.u.i.k.n.KeyIO           MODE: declarations took 0 ms 
623066     DEBUG Test worker     d.u.i.k.n.KeyIO           MODE: 2nd degree decls took 0 
623066     INFO  Test worker     d.u.i.k.n.KeyIO           Parsing took 0 ms 
623066     DEBUG Test worker     d.u.i.k.n.KeyIO           Load declarations of de.uka.ilkd.key.nparser.KeyAst$File:  <unknown>:1#1 
623066     INFO  Test worker     d.u.i.k.n.KeyIO           MODE: declarations took 0 ms 
623066     DEBUG Test worker     d.u.i.k.n.KeyIO           MODE: 2nd degree decls took 0 
623066     INFO  Test worker     d.u.i.k.n.KeyIO           Parsing took 0 ms 
623066     DEBUG Test worker     d.u.i.k.n.KeyIO           Load declarations of de.uka.ilkd.key.nparser.KeyAst$File:  <unknown>:1#1 
623066     INFO  Test worker     d.u.i.k.n.KeyIO           MODE: declarations took 0 ms 
623066     DEBUG Test worker     d.u.i.k.n.KeyIO           MODE: 2nd degree decls took 0 
627709     INFO  Test worker     d.u.i.k.n.KeyIO           Parsing took 0 ms 
627709     DEBUG Test worker     d.u.i.k.n.KeyIO           Load declarations of de.uka.ilkd.key.nparser.KeyAst$File:  <unknown>:1#1 
627709     INFO  Test worker     d.u.i.k.n.KeyIO           MODE: declarations took 0 ms 
627709     DEBUG Test worker     d.u.i.k.n.KeyIO           MODE: 2nd degree decls took 0 
627709     INFO  Test worker     d.u.i.k.n.KeyIO           Parsing took 0 ms 
627709     DEBUG Test worker     d.u.i.k.n.KeyIO           Load declarations of de.uka.ilkd.key.nparser.KeyAst$File:  <unknown>:1#1 
627709     INFO  Test worker     d.u.i.k.n.KeyIO           MODE: declarations took 0 ms 
627709     DEBUG Test worker     d.u.i.k.n.KeyIO           MODE: 2nd degree decls took 0 
627709     INFO  Test worker     d.u.i.k.n.KeyIO           Parsing took 0 ms 
627709     DEBUG Test worker     d.u.i.k.n.KeyIO           Load declarations of de.uka.ilkd.key.nparser.KeyAst$File:  <unknown>:1#1 
627709     INFO  Test worker     d.u.i.k.n.KeyIO           MODE: declarations took 0 ms 
627709     DEBUG Test worker     d.u.i.k.n.KeyIO           MODE: 2nd degree decls took 0 
627709     INFO  Test worker     d.u.i.k.n.KeyIO           Parsing took 0 ms 
627709     DEBUG Test worker     d.u.i.k.n.KeyIO           Load declarations of de.uka.ilkd.key.nparser.KeyAst$File:  <unknown>:1#1 
627709     INFO  Test worker     d.u.i.k.n.KeyIO           MODE: declarations took 0 ms 
627709     DEBUG Test worker     d.u.i.k.n.KeyIO           MODE: 2nd degree decls took 0 
627709     INFO  Test worker     d.u.i.k.n.KeyIO           Parsing took 0 ms 
627709     DEBUG Test worker     d.u.i.k.n.KeyIO           Load declarations of de.uka.ilkd.key.nparser.KeyAst$File:  <unknown>:1#1 
627709     INFO  Test worker     d.u.i.k.n.KeyIO           MODE: declarations took 0 ms 
627709     DEBUG Test worker     d.u.i.k.n.KeyIO           MODE: 2nd degree decls took 0 
632270     INFO  Test worker     d.u.i.k.n.KeyIO           Parsing took 0 ms 
632270     DEBUG Test worker     d.u.i.k.n.KeyIO           Load declarations of de.uka.ilkd.key.nparser.KeyAst$File:  <unknown>:1#1 
632270     INFO  Test worker     d.u.i.k.n.KeyIO           MODE: declarations took 0 ms 
632270     DEBUG Test worker     d.u.i.k.n.KeyIO           MODE: 2nd degree decls took 0 
632270     INFO  Test worker     d.u.i.k.n.KeyIO           Parsing took 0 ms 
632270     DEBUG Test worker     d.u.i.k.n.KeyIO           Load declarations of de.uka.ilkd.key.nparser.KeyAst$File:  <unknown>:1#1 
632270     INFO  Test worker     d.u.i.k.n.KeyIO           MODE: declarations took 0 ms 
632270     DEBUG Test worker     d.u.i.k.n.KeyIO           MODE: 2nd degree decls took 0 
632270     INFO  Test worker     d.u.i.k.n.KeyIO           Parsing took 0 ms 
632270     DEBUG Test worker     d.u.i.k.n.KeyIO           Load declarations of de.uka.ilkd.key.nparser.KeyAst$File:  <unknown>:1#1 
632270     INFO  Test worker     d.u.i.k.n.KeyIO           MODE: declarations took 0 ms 
632270     DEBUG Test worker     d.u.i.k.n.KeyIO           MODE: 2nd degree decls took 0 
632270     INFO  Test worker     d.u.i.k.n.KeyIO           Parsing took 0 ms 
632270     DEBUG Test worker     d.u.i.k.n.KeyIO           Load declarations of de.uka.ilkd.key.nparser.KeyAst$File:  <unknown>:1#1 
632270     INFO  Test worker     d.u.i.k.n.KeyIO           MODE: declarations took 0 ms 
632270     DEBUG Test worker     d.u.i.k.n.KeyIO           MODE: 2nd degree decls took 0 
632286     INFO  Test worker     d.u.i.k.n.KeyIO           Parsing took 0 ms 
632286     DEBUG Test worker     d.u.i.k.n.KeyIO           Load declarations of de.uka.ilkd.key.nparser.KeyAst$File:  <unknown>:1#1 
632286     INFO  Test worker     d.u.i.k.n.KeyIO           MODE: declarations took 0 ms 
632286     DEBUG Test worker     d.u.i.k.n.KeyIO           MODE: 2nd degree decls took 0 
636870     INFO  Test worker     d.u.i.k.n.KeyIO           Parsing took 0 ms 
636870     DEBUG Test worker     d.u.i.k.n.KeyIO           Load declarations of de.uka.ilkd.key.nparser.KeyAst$File:  <unknown>:1#1 
636870     INFO  Test worker     d.u.i.k.n.KeyIO           MODE: declarations took 0 ms 
636870     DEBUG Test worker     d.u.i.k.n.KeyIO           MODE: 2nd degree decls took 0 
636870     INFO  Test worker     d.u.i.k.n.KeyIO           Parsing took 0 ms 
636870     DEBUG Test worker     d.u.i.k.n.KeyIO           Load declarations of de.uka.ilkd.key.nparser.KeyAst$File:  <unknown>:1#1 
636870     INFO  Test worker     d.u.i.k.n.KeyIO           MODE: declarations took 0 ms 
636870     DEBUG Test worker     d.u.i.k.n.KeyIO           MODE: 2nd degree decls took 0 
636870     INFO  Test worker     d.u.i.k.n.KeyIO           Parsing took 0 ms 
636870     DEBUG Test worker     d.u.i.k.n.KeyIO           Load declarations of de.uka.ilkd.key.nparser.KeyAst$File:  <unknown>:1#1 
636870     INFO  Test worker     d.u.i.k.n.KeyIO           MODE: declarations took 0 ms 
636870     DEBUG Test worker     d.u.i.k.n.KeyIO           MODE: 2nd degree decls took 0 
636870     INFO  Test worker     d.u.i.k.n.KeyIO           Parsing took 0 ms 
636870     DEBUG Test worker     d.u.i.k.n.KeyIO           Load declarations of de.uka.ilkd.key.nparser.KeyAst$File:  <unknown>:1#1 
636870     INFO  Test worker     d.u.i.k.n.KeyIO           MODE: declarations took 0 ms 
636870     DEBUG Test worker     d.u.i.k.n.KeyIO           MODE: 2nd degree decls took 0 
636870     INFO  Test worker     d.u.i.k.n.KeyIO           Parsing took 0 ms 
636870     DEBUG Test worker     d.u.i.k.n.KeyIO           Load declarations of de.uka.ilkd.key.nparser.KeyAst$File:  <unknown>:1#1 
636870     INFO  Test worker     d.u.i.k.n.KeyIO           MODE: declarations took 0 ms 
636870     DEBUG Test worker     d.u.i.k.n.KeyIO           MODE: 2nd degree decls took 0 
641396     INFO  Test worker     d.u.i.k.n.KeyIO           Parsing took 0 ms 
641396     DEBUG Test worker     d.u.i.k.n.KeyIO           Load declarations of de.uka.ilkd.key.nparser.KeyAst$File:  <unknown>:1#1 
641396     INFO  Test worker     d.u.i.k.n.KeyIO           MODE: declarations took 0 ms 
641396     DEBUG Test worker     d.u.i.k.n.KeyIO           MODE: 2nd degree decls took 0 
641396     INFO  Test worker     d.u.i.k.n.KeyIO           Parsing took 0 ms 
641396     DEBUG Test worker     d.u.i.k.n.KeyIO           Load declarations of de.uka.ilkd.key.nparser.KeyAst$File:  <unknown>:1#1 
641396     INFO  Test worker     d.u.i.k.n.KeyIO           MODE: declarations took 0 ms 
641396     DEBUG Test worker     d.u.i.k.n.KeyIO           MODE: 2nd degree decls took 0 
641396     INFO  Test worker     d.u.i.k.n.KeyIO           Parsing took 0 ms 
641396     DEBUG Test worker     d.u.i.k.n.KeyIO           Load declarations of de.uka.ilkd.key.nparser.KeyAst$File:  <unknown>:1#1 
641396     INFO  Test worker     d.u.i.k.n.KeyIO           MODE: declarations took 0 ms 
641396     DEBUG Test worker     d.u.i.k.n.KeyIO           MODE: 2nd degree decls took 0 
641396     INFO  Test worker     d.u.i.k.n.KeyIO           Parsing took 0 ms 
641396     DEBUG Test worker     d.u.i.k.n.KeyIO           Load declarations of de.uka.ilkd.key.nparser.KeyAst$File:  <unknown>:1#1 
641396     INFO  Test worker     d.u.i.k.n.KeyIO           MODE: declarations took 0 ms 
641396     DEBUG Test worker     d.u.i.k.n.KeyIO           MODE: 2nd degree decls took 0 
641396     INFO  Test worker     d.u.i.k.n.KeyIO           Parsing took 0 ms 
641396     DEBUG Test worker     d.u.i.k.n.KeyIO           Load declarations of de.uka.ilkd.key.nparser.KeyAst$File:  <unknown>:1#1 
641396     INFO  Test worker     d.u.i.k.n.KeyIO           MODE: declarations took 0 ms 
641396     DEBUG Test worker     d.u.i.k.n.KeyIO           MODE: 2nd degree decls took 0 
645949     INFO  Test worker     d.u.i.k.n.KeyIO           Parsing took 0 ms 
645949     DEBUG Test worker     d.u.i.k.n.KeyIO           Load declarations of de.uka.ilkd.key.nparser.KeyAst$File:  <unknown>:1#1 
645949     INFO  Test worker     d.u.i.k.n.KeyIO           MODE: declarations took 0 ms 
645949     DEBUG Test worker     d.u.i.k.n.KeyIO           MODE: 2nd degree decls took 0 
645949     INFO  Test worker     d.u.i.k.n.KeyIO           Parsing took 0 ms 
645949     DEBUG Test worker     d.u.i.k.n.KeyIO           Load declarations of de.uka.ilkd.key.nparser.KeyAst$File:  <unknown>:1#1 
645949     INFO  Test worker     d.u.i.k.n.KeyIO           MODE: declarations took 0 ms 
645949     DEBUG Test worker     d.u.i.k.n.KeyIO           MODE: 2nd degree decls took 0 
645949     INFO  Test worker     d.u.i.k.n.KeyIO           Parsing took 0 ms 
645949     DEBUG Test worker     d.u.i.k.n.KeyIO           Load declarations of de.uka.ilkd.key.nparser.KeyAst$File:  <unknown>:1#1 
645949     INFO  Test worker     d.u.i.k.n.KeyIO           MODE: declarations took 0 ms 
645949     DEBUG Test worker     d.u.i.k.n.KeyIO           MODE: 2nd degree decls took 0 
645949     INFO  Test worker     d.u.i.k.n.KeyIO           Parsing took 0 ms 
645949     DEBUG Test worker     d.u.i.k.n.KeyIO           Load declarations of de.uka.ilkd.key.nparser.KeyAst$File:  <unknown>:1#1 
645949     INFO  Test worker     d.u.i.k.n.KeyIO           MODE: declarations took 0 ms 
645949     DEBUG Test worker     d.u.i.k.n.KeyIO           MODE: 2nd degree decls took 0 
645949     INFO  Test worker     d.u.i.k.n.KeyIO           Parsing took 0 ms 
645949     DEBUG Test worker     d.u.i.k.n.KeyIO           Load declarations of de.uka.ilkd.key.nparser.KeyAst$File:  <unknown>:1#1 
645949     INFO  Test worker     d.u.i.k.n.KeyIO           MODE: declarations took 0 ms 
645949     DEBUG Test worker     d.u.i.k.n.KeyIO           MODE: 2nd degree decls took 0 
650379     INFO  Test worker     d.u.i.k.n.KeyIO           Parsing took 0 ms 
650379     DEBUG Test worker     d.u.i.k.n.KeyIO           Load declarations of de.uka.ilkd.key.nparser.KeyAst$File:  <unknown>:1#1 
650379     INFO  Test worker     d.u.i.k.n.KeyIO           MODE: declarations took 0 ms 
650379     DEBUG Test worker     d.u.i.k.n.KeyIO           MODE: 2nd degree decls took 0 
650379     INFO  Test worker     d.u.i.k.n.KeyIO           Parsing took 0 ms 
650379     DEBUG Test worker     d.u.i.k.n.KeyIO           Load declarations of de.uka.ilkd.key.nparser.KeyAst$File:  <unknown>:1#1 
650379     INFO  Test worker     d.u.i.k.n.KeyIO           MODE: declarations took 0 ms 
650379     DEBUG Test worker     d.u.i.k.n.KeyIO           MODE: 2nd degree decls took 0 
650379     INFO  Test worker     d.u.i.k.n.KeyIO           Parsing took 0 ms 
650379     DEBUG Test worker     d.u.i.k.n.KeyIO           Load declarations of de.uka.ilkd.key.nparser.KeyAst$File:  <unknown>:1#1 
650379     INFO  Test worker     d.u.i.k.n.KeyIO           MODE: declarations took 0 ms 
650379     DEBUG Test worker     d.u.i.k.n.KeyIO           MODE: 2nd degree decls took 0 
650379     INFO  Test worker     d.u.i.k.n.KeyIO           Parsing took 0 ms 
650379     DEBUG Test worker     d.u.i.k.n.KeyIO           Load declarations of de.uka.ilkd.key.nparser.KeyAst$File:  <unknown>:1#1 
650379     INFO  Test worker     d.u.i.k.n.KeyIO           MODE: declarations took 0 ms 
650379     DEBUG Test worker     d.u.i.k.n.KeyIO           MODE: 2nd degree decls took 0 
650379     INFO  Test worker     d.u.i.k.n.KeyIO           Parsing took 0 ms 
650379     DEBUG Test worker     d.u.i.k.n.KeyIO           Load declarations of de.uka.ilkd.key.nparser.KeyAst$File:  <unknown>:1#1 
650379     INFO  Test worker     d.u.i.k.n.KeyIO           MODE: declarations took 0 ms 
650379     DEBUG Test worker     d.u.i.k.n.KeyIO           MODE: 2nd degree decls took 0 
654914     INFO  Test worker     d.u.i.k.n.KeyIO           Parsing took 0 ms 
654914     DEBUG Test worker     d.u.i.k.n.KeyIO           Load declarations of de.uka.ilkd.key.nparser.KeyAst$File:  <unknown>:1#1 
654914     INFO  Test worker     d.u.i.k.n.KeyIO           MODE: declarations took 0 ms 
654914     DEBUG Test worker     d.u.i.k.n.KeyIO           MODE: 2nd degree decls took 0 
654914     INFO  Test worker     d.u.i.k.n.KeyIO           Parsing took 0 ms 
654914     DEBUG Test worker     d.u.i.k.n.KeyIO           Load declarations of de.uka.ilkd.key.nparser.KeyAst$File:  <unknown>:1#1 
654914     INFO  Test worker     d.u.i.k.n.KeyIO           MODE: declarations took 0 ms 
654914     DEBUG Test worker     d.u.i.k.n.KeyIO           MODE: 2nd degree decls took 0 
654914     INFO  Test worker     d.u.i.k.n.KeyIO           Parsing took 0 ms 
654914     DEBUG Test worker     d.u.i.k.n.KeyIO           Load declarations of de.uka.ilkd.key.nparser.KeyAst$File:  <unknown>:1#1 
654914     INFO  Test worker     d.u.i.k.n.KeyIO           MODE: declarations took 0 ms 
654914     DEBUG Test worker     d.u.i.k.n.KeyIO           MODE: 2nd degree decls took 0 
654914     INFO  Test worker     d.u.i.k.n.KeyIO           Parsing took 0 ms 
654914     DEBUG Test worker     d.u.i.k.n.KeyIO           Load declarations of de.uka.ilkd.key.nparser.KeyAst$File:  <unknown>:1#1 
654914     INFO  Test worker     d.u.i.k.n.KeyIO           MODE: declarations took 0 ms 
654914     DEBUG Test worker     d.u.i.k.n.KeyIO           MODE: 2nd degree decls took 0 
654914     INFO  Test worker     d.u.i.k.n.KeyIO           Parsing took 0 ms 
654914     DEBUG Test worker     d.u.i.k.n.KeyIO           Load declarations of de.uka.ilkd.key.nparser.KeyAst$File:  <unknown>:1#1 
654929     INFO  Test worker     d.u.i.k.n.KeyIO           MODE: declarations took 15 ms 
654929     DEBUG Test worker     d.u.i.k.n.KeyIO           MODE: 2nd degree decls took 0 
659488     INFO  Test worker     d.u.i.k.n.KeyIO           Parsing took 0 ms 
659488     DEBUG Test worker     d.u.i.k.n.KeyIO           Load declarations of de.uka.ilkd.key.nparser.KeyAst$File:  <unknown>:1#1 
659488     INFO  Test worker     d.u.i.k.n.KeyIO           MODE: declarations took 0 ms 
659488     DEBUG Test worker     d.u.i.k.n.KeyIO           MODE: 2nd degree decls took 0 
659488     INFO  Test worker     d.u.i.k.n.KeyIO           Parsing took 0 ms 
659488     DEBUG Test worker     d.u.i.k.n.KeyIO           Load declarations of de.uka.ilkd.key.nparser.KeyAst$File:  <unknown>:1#1 
659488     INFO  Test worker     d.u.i.k.n.KeyIO           MODE: declarations took 0 ms 
659488     DEBUG Test worker     d.u.i.k.n.KeyIO           MODE: 2nd degree decls took 0 
659488     INFO  Test worker     d.u.i.k.n.KeyIO           Parsing took 0 ms 
659488     DEBUG Test worker     d.u.i.k.n.KeyIO           Load declarations of de.uka.ilkd.key.nparser.KeyAst$File:  <unknown>:1#1 
659488     INFO  Test worker     d.u.i.k.n.KeyIO           MODE: declarations took 0 ms 
659488     DEBUG Test worker     d.u.i.k.n.KeyIO           MODE: 2nd degree decls took 0 
659488     INFO  Test worker     d.u.i.k.n.KeyIO           Parsing took 0 ms 
659488     DEBUG Test worker     d.u.i.k.n.KeyIO           Load declarations of de.uka.ilkd.key.nparser.KeyAst$File:  <unknown>:1#1 
659488     INFO  Test worker     d.u.i.k.n.KeyIO           MODE: declarations took 0 ms 
659488     DEBUG Test worker     d.u.i.k.n.KeyIO           MODE: 2nd degree decls took 0 
659488     INFO  Test worker     d.u.i.k.n.KeyIO           Parsing took 0 ms 
659488     DEBUG Test worker     d.u.i.k.n.KeyIO           Load declarations of de.uka.ilkd.key.nparser.KeyAst$File:  <unknown>:1#1 
659488     INFO  Test worker     d.u.i.k.n.KeyIO           MODE: declarations took 0 ms 
659488     DEBUG Test worker     d.u.i.k.n.KeyIO           MODE: 2nd degree decls took 0 
664214     INFO  Test worker     d.u.i.k.n.KeyIO           Parsing took 0 ms 
664214     DEBUG Test worker     d.u.i.k.n.KeyIO           Load declarations of de.uka.ilkd.key.nparser.KeyAst$File:  <unknown>:1#1 
664214     INFO  Test worker     d.u.i.k.n.KeyIO           MODE: declarations took 0 ms 
664214     DEBUG Test worker     d.u.i.k.n.KeyIO           MODE: 2nd degree decls took 0 
664214     INFO  Test worker     d.u.i.k.n.KeyIO           Parsing took 0 ms 
664214     DEBUG Test worker     d.u.i.k.n.KeyIO           Load declarations of de.uka.ilkd.key.nparser.KeyAst$File:  <unknown>:1#1 
664214     INFO  Test worker     d.u.i.k.n.KeyIO           MODE: declarations took 0 ms 
664214     DEBUG Test worker     d.u.i.k.n.KeyIO           MODE: 2nd degree decls took 0 
664214     INFO  Test worker     d.u.i.k.n.KeyIO           Parsing took 0 ms 
664214     DEBUG Test worker     d.u.i.k.n.KeyIO           Load declarations of de.uka.ilkd.key.nparser.KeyAst$File:  <unknown>:1#1 
664214     INFO  Test worker     d.u.i.k.n.KeyIO           MODE: declarations took 0 ms 
664214     DEBUG Test worker     d.u.i.k.n.KeyIO           MODE: 2nd degree decls took 0 
664214     INFO  Test worker     d.u.i.k.n.KeyIO           Parsing took 0 ms 
664214     DEBUG Test worker     d.u.i.k.n.KeyIO           Load declarations of de.uka.ilkd.key.nparser.KeyAst$File:  <unknown>:1#1 
664214     INFO  Test worker     d.u.i.k.n.KeyIO           MODE: declarations took 0 ms 
664214     DEBUG Test worker     d.u.i.k.n.KeyIO           MODE: 2nd degree decls took 0 
664214     INFO  Test worker     d.u.i.k.n.KeyIO           Parsing took 0 ms 
664214     DEBUG Test worker     d.u.i.k.n.KeyIO           Load declarations of de.uka.ilkd.key.nparser.KeyAst$File:  <unknown>:1#1 
664214     INFO  Test worker     d.u.i.k.n.KeyIO           MODE: declarations took 0 ms 
664214     DEBUG Test worker     d.u.i.k.n.KeyIO           MODE: 2nd degree decls took 0 
668992     INFO  Test worker     d.u.i.k.n.KeyIO           Parsing took 0 ms 
668992     DEBUG Test worker     d.u.i.k.n.KeyIO           Load declarations of de.uka.ilkd.key.nparser.KeyAst$File:  <unknown>:1#1 
668992     INFO  Test worker     d.u.i.k.n.KeyIO           MODE: declarations took 0 ms 
668992     DEBUG Test worker     d.u.i.k.n.KeyIO           MODE: 2nd degree decls took 0 
668992     INFO  Test worker     d.u.i.k.n.KeyIO           Parsing took 0 ms 
668992     DEBUG Test worker     d.u.i.k.n.KeyIO           Load declarations of de.uka.ilkd.key.nparser.KeyAst$File:  <unknown>:1#1 
668992     INFO  Test worker     d.u.i.k.n.KeyIO           MODE: declarations took 0 ms 
668992     DEBUG Test worker     d.u.i.k.n.KeyIO           MODE: 2nd degree decls took 0 
668992     INFO  Test worker     d.u.i.k.n.KeyIO           Parsing took 0 ms 
668992     DEBUG Test worker     d.u.i.k.n.KeyIO           Load declarations of de.uka.ilkd.key.nparser.KeyAst$File:  <unknown>:1#1 
668992     INFO  Test worker     d.u.i.k.n.KeyIO           MODE: declarations took 0 ms 
668992     DEBUG Test worker     d.u.i.k.n.KeyIO           MODE: 2nd degree decls took 0 
668992     INFO  Test worker     d.u.i.k.n.KeyIO           Parsing took 0 ms 
668992     DEBUG Test worker     d.u.i.k.n.KeyIO           Load declarations of de.uka.ilkd.key.nparser.KeyAst$File:  <unknown>:1#1 
668992     INFO  Test worker     d.u.i.k.n.KeyIO           MODE: declarations took 0 ms 
669008     DEBUG Test worker     d.u.i.k.n.KeyIO           MODE: 2nd degree decls took 0 
669008     INFO  Test worker     d.u.i.k.n.KeyIO           Parsing took 0 ms 
669008     DEBUG Test worker     d.u.i.k.n.KeyIO           Load declarations of de.uka.ilkd.key.nparser.KeyAst$File:  <unknown>:1#1 
669008     INFO  Test worker     d.u.i.k.n.KeyIO           MODE: declarations took 0 ms 
669008     DEBUG Test worker     d.u.i.k.n.KeyIO           MODE: 2nd degree decls took 0 
]]></system-out>
  <system-err><![CDATA[]]></system-err>
</testsuite>
