<?xml version="1.0" encoding="UTF-8"?>
<testsuite name="de.uka.ilkd.key.rule.merge.PredicateAbstractionLatticeTests" tests="3" skipped="0" failures="0" errors="0" timestamp="2023-06-08T15:12:35" hostname="fv-az319-839" time="9.1">
  <properties/>
  <testcase name="testToAndFromString()" classname="de.uka.ilkd.key.rule.merge.PredicateAbstractionLatticeTests" time="4.643"/>
  <testcase name="testCreateSignLatticeWithPredicates()" classname="de.uka.ilkd.key.rule.merge.PredicateAbstractionLatticeTests" time="4.457"/>
  <testcase name="testTrivialPredicatesLattice()" classname="de.uka.ilkd.key.rule.merge.PredicateAbstractionLatticeTests" time="0.0"/>
  <system-out><![CDATA[840046     INFO  Test worker     d.u.i.k.p.i.AbstractProblemLoader Loading environment from src\test\resources\testcase\merge\dummy.key 
840046     DEBUG Test worker     d.u.i.k.p.i.AbstractProblemLoader Environment load took 156.6ns 
840046     INFO  Test worker     d.u.i.k.p.i.AbstractProblemLoader Creating init config 
844659     DEBUG Test worker     d.u.i.k.p.i.AbstractProblemLoader Init config took 4.62s 
844691     INFO  Test worker     d.u.i.k.p.i.AbstractProblemLoader Replaying proof dummy.key 
844691     DEBUG Test worker     d.u.i.k.p.i.IntermediateProofReplayer Proof replay took 11.6ns 
844691     INFO  Test worker     d.u.i.k.p.i.AbstractProblemLoader Loading environment from src\test\resources\testcase\merge\dummy.key 
844691     DEBUG Test worker     d.u.i.k.p.i.AbstractProblemLoader Environment load took 540.6ns 
844691     INFO  Test worker     d.u.i.k.p.i.AbstractProblemLoader Creating init config 
849133     DEBUG Test worker     d.u.i.k.p.i.AbstractProblemLoader Init config took 4.44s 
849148     INFO  Test worker     d.u.i.k.p.i.AbstractProblemLoader Replaying proof dummy.key 
849148     DEBUG Test worker     d.u.i.k.p.i.IntermediateProofReplayer Proof replay took 10.9ns 
]]></system-out>
  <system-err><![CDATA[]]></system-err>
</testsuite>
