<?xml version="1.0" encoding="UTF-8"?>
<testsuite name="de.uka.ilkd.key.logic.TestClashFreeSubst" tests="14" skipped="2" failures="0" errors="0" timestamp="2023-06-08T14:59:41" hostname="fv-az319-839" time="81.195">
  <properties/>
  <testcase name="testMultiShareBound()" classname="de.uka.ilkd.key.logic.TestClashFreeSubst" time="1.576"/>
  <testcase name="testClash()" classname="de.uka.ilkd.key.logic.TestClashFreeSubst" time="1.56"/>
  <testcase name="testShare()" classname="de.uka.ilkd.key.logic.TestClashFreeSubst" time="1.539"/>
  <testcase name="testSubst()" classname="de.uka.ilkd.key.logic.TestClashFreeSubst" time="1.533"/>
  <testcase name="testWary0()" classname="de.uka.ilkd.key.logic.TestClashFreeSubst" time="1.515"/>
  <testcase name="testWary1()" classname="de.uka.ilkd.key.logic.TestClashFreeSubst" time="1.428"/>
  <testcase name="testWary2()" classname="de.uka.ilkd.key.logic.TestClashFreeSubst" time="1.54"/>
  <testcase name="testClashInSubstTerm()" classname="de.uka.ilkd.key.logic.TestClashFreeSubst" time="1.504"/>
  <testcase name="testShareWary()" classname="de.uka.ilkd.key.logic.TestClashFreeSubst" time="1.477"/>
  <testcase name="testMultiSubst()" classname="de.uka.ilkd.key.logic.TestClashFreeSubst" time="1.447"/>
  <testcase name="xtestMultiClash()" classname="de.uka.ilkd.key.logic.TestClashFreeSubst" time="0.0">
    <skipped/>
  </testcase>
  <testcase name="testSubstInSubstTerm()" classname="de.uka.ilkd.key.logic.TestClashFreeSubst" time="1.706"/>
  <testcase name="testSubstWary()" classname="de.uka.ilkd.key.logic.TestClashFreeSubst" time="1.398"/>
  <testcase name="xtestMultiClash1()" classname="de.uka.ilkd.key.logic.TestClashFreeSubst" time="0.0">
    <skipped/>
  </testcase>
  <system-out><![CDATA[65623      INFO  Test worker     d.u.i.k.n.KeyIO           Parsing took 0 ms 
65623      DEBUG Test worker     d.u.i.k.n.KeyIO           Load declarations of de.uka.ilkd.key.nparser.KeyAst$File:  <unknown>:1#1 
65623      INFO  Test worker     d.u.i.k.n.KeyIO           MODE: declarations took 0 ms 
65623      DEBUG Test worker     d.u.i.k.n.KeyIO           MODE: 2nd degree decls took 0 
67180      INFO  Test worker     d.u.i.k.n.KeyIO           Parsing took 0 ms 
67180      DEBUG Test worker     d.u.i.k.n.KeyIO           Load declarations of de.uka.ilkd.key.nparser.KeyAst$File:  <unknown>:1#1 
67180      INFO  Test worker     d.u.i.k.n.KeyIO           MODE: declarations took 0 ms 
67180      DEBUG Test worker     d.u.i.k.n.KeyIO           MODE: 2nd degree decls took 0 
72235      INFO  Test worker     d.u.i.k.n.KeyIO           Parsing took 0 ms 
72235      DEBUG Test worker     d.u.i.k.n.KeyIO           Load declarations of de.uka.ilkd.key.nparser.KeyAst$File:  <unknown>:1#1 
72235      INFO  Test worker     d.u.i.k.n.KeyIO           MODE: declarations took 0 ms 
72235      DEBUG Test worker     d.u.i.k.n.KeyIO           MODE: 2nd degree decls took 0 
73795      INFO  Test worker     d.u.i.k.n.KeyIO           Parsing took 0 ms 
73795      DEBUG Test worker     d.u.i.k.n.KeyIO           Load declarations of de.uka.ilkd.key.nparser.KeyAst$File:  <unknown>:1#1 
73795      INFO  Test worker     d.u.i.k.n.KeyIO           MODE: declarations took 0 ms 
73795      DEBUG Test worker     d.u.i.k.n.KeyIO           MODE: 2nd degree decls took 0 
78858      INFO  Test worker     d.u.i.k.n.KeyIO           Parsing took 0 ms 
78858      DEBUG Test worker     d.u.i.k.n.KeyIO           Load declarations of de.uka.ilkd.key.nparser.KeyAst$File:  <unknown>:1#1 
78858      INFO  Test worker     d.u.i.k.n.KeyIO           MODE: declarations took 0 ms 
78858      DEBUG Test worker     d.u.i.k.n.KeyIO           MODE: 2nd degree decls took 0 
80390      INFO  Test worker     d.u.i.k.n.KeyIO           Parsing took 0 ms 
80390      DEBUG Test worker     d.u.i.k.n.KeyIO           Load declarations of de.uka.ilkd.key.nparser.KeyAst$File:  <unknown>:1#1 
80390      INFO  Test worker     d.u.i.k.n.KeyIO           MODE: declarations took 0 ms 
80390      DEBUG Test worker     d.u.i.k.n.KeyIO           MODE: 2nd degree decls took 0 
85382      INFO  Test worker     d.u.i.k.n.KeyIO           Parsing took 0 ms 
85382      DEBUG Test worker     d.u.i.k.n.KeyIO           Load declarations of de.uka.ilkd.key.nparser.KeyAst$File:  <unknown>:1#1 
85382      INFO  Test worker     d.u.i.k.n.KeyIO           MODE: declarations took 0 ms 
85382      DEBUG Test worker     d.u.i.k.n.KeyIO           MODE: 2nd degree decls took 0 
86903      INFO  Test worker     d.u.i.k.n.KeyIO           Parsing took 0 ms 
86903      DEBUG Test worker     d.u.i.k.n.KeyIO           Load declarations of de.uka.ilkd.key.nparser.KeyAst$File:  <unknown>:1#1 
86903      INFO  Test worker     d.u.i.k.n.KeyIO           MODE: declarations took 0 ms 
86903      DEBUG Test worker     d.u.i.k.n.KeyIO           MODE: 2nd degree decls took 0 
91921      INFO  Test worker     d.u.i.k.n.KeyIO           Parsing took 0 ms 
91921      DEBUG Test worker     d.u.i.k.n.KeyIO           Load declarations of de.uka.ilkd.key.nparser.KeyAst$File:  <unknown>:1#1 
91921      INFO  Test worker     d.u.i.k.n.KeyIO           MODE: declarations took 0 ms 
91921      DEBUG Test worker     d.u.i.k.n.KeyIO           MODE: 2nd degree decls took 0 
93419      INFO  Test worker     d.u.i.k.n.KeyIO           Parsing took 0 ms 
93419      DEBUG Test worker     d.u.i.k.n.KeyIO           Load declarations of de.uka.ilkd.key.nparser.KeyAst$File:  <unknown>:1#1 
93419      INFO  Test worker     d.u.i.k.n.KeyIO           MODE: declarations took 0 ms 
93434      DEBUG Test worker     d.u.i.k.n.KeyIO           MODE: 2nd degree decls took 15 
98176      INFO  Test worker     d.u.i.k.n.KeyIO           Parsing took 0 ms 
98176      DEBUG Test worker     d.u.i.k.n.KeyIO           Load declarations of de.uka.ilkd.key.nparser.KeyAst$File:  <unknown>:1#1 
98176      INFO  Test worker     d.u.i.k.n.KeyIO           MODE: declarations took 0 ms 
98176      DEBUG Test worker     d.u.i.k.n.KeyIO           MODE: 2nd degree decls took 0 
99609      INFO  Test worker     d.u.i.k.n.KeyIO           Parsing took 0 ms 
99609      DEBUG Test worker     d.u.i.k.n.KeyIO           Load declarations of de.uka.ilkd.key.nparser.KeyAst$File:  <unknown>:1#1 
99609      INFO  Test worker     d.u.i.k.n.KeyIO           MODE: declarations took 0 ms 
99609      DEBUG Test worker     d.u.i.k.n.KeyIO           MODE: 2nd degree decls took 0 
104378     INFO  Test worker     d.u.i.k.n.KeyIO           Parsing took 0 ms 
104378     DEBUG Test worker     d.u.i.k.n.KeyIO           Load declarations of de.uka.ilkd.key.nparser.KeyAst$File:  <unknown>:1#1 
104378     INFO  Test worker     d.u.i.k.n.KeyIO           MODE: declarations took 0 ms 
104378     DEBUG Test worker     d.u.i.k.n.KeyIO           MODE: 2nd degree decls took 0 
105910     INFO  Test worker     d.u.i.k.n.KeyIO           Parsing took 0 ms 
105910     DEBUG Test worker     d.u.i.k.n.KeyIO           Load declarations of de.uka.ilkd.key.nparser.KeyAst$File:  <unknown>:1#1 
105910     INFO  Test worker     d.u.i.k.n.KeyIO           MODE: declarations took 0 ms 
105910     DEBUG Test worker     d.u.i.k.n.KeyIO           MODE: 2nd degree decls took 0 
110762     INFO  Test worker     d.u.i.k.n.KeyIO           Parsing took 0 ms 
110762     DEBUG Test worker     d.u.i.k.n.KeyIO           Load declarations of de.uka.ilkd.key.nparser.KeyAst$File:  <unknown>:1#1 
110762     INFO  Test worker     d.u.i.k.n.KeyIO           MODE: declarations took 0 ms 
110762     DEBUG Test worker     d.u.i.k.n.KeyIO           MODE: 2nd degree decls took 0 
112264     INFO  Test worker     d.u.i.k.n.KeyIO           Parsing took 0 ms 
112265     DEBUG Test worker     d.u.i.k.n.KeyIO           Load declarations of de.uka.ilkd.key.nparser.KeyAst$File:  <unknown>:1#1 
112265     INFO  Test worker     d.u.i.k.n.KeyIO           MODE: declarations took 0 ms 
112265     DEBUG Test worker     d.u.i.k.n.KeyIO           MODE: 2nd degree decls took 0 
117308     INFO  Test worker     d.u.i.k.n.KeyIO           Parsing took 0 ms 
117308     DEBUG Test worker     d.u.i.k.n.KeyIO           Load declarations of de.uka.ilkd.key.nparser.KeyAst$File:  <unknown>:1#1 
117308     INFO  Test worker     d.u.i.k.n.KeyIO           MODE: declarations took 0 ms 
117308     DEBUG Test worker     d.u.i.k.n.KeyIO           MODE: 2nd degree decls took 0 
118779     INFO  Test worker     d.u.i.k.n.KeyIO           Parsing took 0 ms 
118779     DEBUG Test worker     d.u.i.k.n.KeyIO           Load declarations of de.uka.ilkd.key.nparser.KeyAst$File:  <unknown>:1#1 
118779     INFO  Test worker     d.u.i.k.n.KeyIO           MODE: declarations took 0 ms 
118779     DEBUG Test worker     d.u.i.k.n.KeyIO           MODE: 2nd degree decls took 0 
123561     INFO  Test worker     d.u.i.k.n.KeyIO           Parsing took 0 ms 
123561     DEBUG Test worker     d.u.i.k.n.KeyIO           Load declarations of de.uka.ilkd.key.nparser.KeyAst$File:  <unknown>:1#1 
123561     INFO  Test worker     d.u.i.k.n.KeyIO           MODE: declarations took 0 ms 
123561     DEBUG Test worker     d.u.i.k.n.KeyIO           MODE: 2nd degree decls took 0 
125005     INFO  Test worker     d.u.i.k.n.KeyIO           Parsing took 0 ms 
125005     DEBUG Test worker     d.u.i.k.n.KeyIO           Load declarations of de.uka.ilkd.key.nparser.KeyAst$File:  <unknown>:1#1 
125005     INFO  Test worker     d.u.i.k.n.KeyIO           MODE: declarations took 0 ms 
125005     DEBUG Test worker     d.u.i.k.n.KeyIO           MODE: 2nd degree decls took 0 
134256     INFO  Test worker     d.u.i.k.n.KeyIO           Parsing took 0 ms 
134256     DEBUG Test worker     d.u.i.k.n.KeyIO           Load declarations of de.uka.ilkd.key.nparser.KeyAst$File:  <unknown>:1#1 
134256     INFO  Test worker     d.u.i.k.n.KeyIO           MODE: declarations took 0 ms 
134256     DEBUG Test worker     d.u.i.k.n.KeyIO           MODE: 2nd degree decls took 0 
135940     INFO  Test worker     d.u.i.k.n.KeyIO           Parsing took 0 ms 
135940     DEBUG Test worker     d.u.i.k.n.KeyIO           Load declarations of de.uka.ilkd.key.nparser.KeyAst$File:  <unknown>:1#1 
135940     INFO  Test worker     d.u.i.k.n.KeyIO           MODE: declarations took 0 ms 
135940     DEBUG Test worker     d.u.i.k.n.KeyIO           MODE: 2nd degree decls took 0 
140690     INFO  Test worker     d.u.i.k.n.KeyIO           Parsing took 0 ms 
140690     DEBUG Test worker     d.u.i.k.n.KeyIO           Load declarations of de.uka.ilkd.key.nparser.KeyAst$File:  <unknown>:1#1 
140690     INFO  Test worker     d.u.i.k.n.KeyIO           MODE: declarations took 0 ms 
140690     DEBUG Test worker     d.u.i.k.n.KeyIO           MODE: 2nd degree decls took 0 
142086     INFO  Test worker     d.u.i.k.n.KeyIO           Parsing took 0 ms 
142086     DEBUG Test worker     d.u.i.k.n.KeyIO           Load declarations of de.uka.ilkd.key.nparser.KeyAst$File:  <unknown>:1#1 
142086     INFO  Test worker     d.u.i.k.n.KeyIO           MODE: declarations took 0 ms 
142086     DEBUG Test worker     d.u.i.k.n.KeyIO           MODE: 2nd degree decls took 0 
]]></system-out>
  <system-err><![CDATA[]]></system-err>
</testsuite>
