<?xml version="1.0" encoding="UTF-8"?>
<testsuite name="org.key_project.exploration.ProofExplorationServiceTest" tests="3" skipped="0" failures="0" errors="0" timestamp="2023-04-03T11:21:33" hostname="fv-az206-874" time="14.88">
  <properties/>
  <testcase name="testAdditionAntec()" classname="org.key_project.exploration.ProofExplorationServiceTest" time="8.956"/>
  <testcase name="testChangeFormula()" classname="org.key_project.exploration.ProofExplorationServiceTest" time="3.133"/>
  <testcase name="testAdditionSucc()" classname="org.key_project.exploration.ProofExplorationServiceTest" time="2.787"/>
  <system-out><![CDATA[[11:21:33.586] ?[31mWARN ?[0;39m ?[36mProofIndependentSettings?[0;39m - The settings in /home/runner/.key/proofIndependentSettings.props are *not* read due to flag 'key.disregardSettings'
[11:21:33.868] ?[31mWARN ?[0;39m ?[36mProofSettings?[0;39m - The settings in /home/runner/.key/proof-settings.props are *not* read.
]]></system-out>
  <system-err><![CDATA[]]></system-err>
</testsuite>
