<?xml version="1.0" encoding="UTF-8"?>
<testsuite name="de.uka.ilkd.key.logic.TestTermLabelManager" tests="21" skipped="0" failures="0" errors="0" timestamp="2023-05-27T16:41:10" hostname="fv-az435-671" time="60.109">
  <properties/>
  <testcase name="testInstantiateLabels_directChildPolicies_allRules()" classname="de.uka.ilkd.key.logic.TestTermLabelManager" time="3.92"/>
  <testcase name="testInstantiateLabels_childAndGrandchildPolicies_ruleSpecific()" classname="de.uka.ilkd.key.logic.TestTermLabelManager" time="3.36"/>
  <testcase name="testParseLabel()" classname="de.uka.ilkd.key.logic.TestTermLabelManager" time="2.878"/>
  <testcase name="testrefactorGoal_childrenAndGrandchildren_ruleSpecific()" classname="de.uka.ilkd.key.logic.TestTermLabelManager" time="3.952"/>
  <testcase name="testrefactorGoal_directChildren_allRules()" classname="de.uka.ilkd.key.logic.TestTermLabelManager" time="2.886"/>
  <testcase name="testInstantiateLabels_childAndGrandchildPolicies_allRules()" classname="de.uka.ilkd.key.logic.TestTermLabelManager" time="2.846"/>
  <testcase name="testInstantiateLabels_taclet()" classname="de.uka.ilkd.key.logic.TestTermLabelManager" time="3.753"/>
  <testcase name="testrefactorGoal_none_ruleSpecific()" classname="de.uka.ilkd.key.logic.TestTermLabelManager" time="3.043"/>
  <testcase name="testInstantiateLabels_updates_ruleSpecific()" classname="de.uka.ilkd.key.logic.TestTermLabelManager" time="2.768"/>
  <testcase name="testrefactorGoal_sequent_ruleSpecific()" classname="de.uka.ilkd.key.logic.TestTermLabelManager" time="2.733"/>
  <testcase name="testInstantiateLabels_updates_allRules()" classname="de.uka.ilkd.key.logic.TestTermLabelManager" time="2.666"/>
  <testcase name="testrefactorGoal_sequent_allRules()" classname="de.uka.ilkd.key.logic.TestTermLabelManager" time="2.711"/>
  <testcase name="testrefactorGoal_childrenAndGrandchildren_allRules()" classname="de.uka.ilkd.key.logic.TestTermLabelManager" time="3.784"/>
  <testcase name="testGetTermLabelManager()" classname="de.uka.ilkd.key.logic.TestTermLabelManager" time="0.004"/>
  <testcase name="testInstantiateLabels_applicationTermPolicies()" classname="de.uka.ilkd.key.logic.TestTermLabelManager" time="2.693"/>
  <testcase name="testInstantiateLabels_modalityTermPolicies()" classname="de.uka.ilkd.key.logic.TestTermLabelManager" time="2.742"/>
  <testcase name="testrefactorGoal_none_allRules()" classname="de.uka.ilkd.key.logic.TestTermLabelManager" time="2.872"/>
  <testcase name="testInstantiateLabels_null()" classname="de.uka.ilkd.key.logic.TestTermLabelManager" time="0.0"/>
  <testcase name="testrefactorGoal_directChildren_ruleSpecific()" classname="de.uka.ilkd.key.logic.TestTermLabelManager" time="2.895"/>
  <testcase name="testInstantiateLabels_directChildPolicies_ruleSpecific()" classname="de.uka.ilkd.key.logic.TestTermLabelManager" time="4.709"/>
  <testcase name="testGetSupportedTermLabelNames()" classname="de.uka.ilkd.key.logic.TestTermLabelManager" time="2.872"/>
  <system-out><![CDATA[103345     INFO  Test worker     d.u.i.k.p.i.AbstractProblemLoader Loading environment from src\test\resources\testcase\termLabels\flatSteps\FlatSteps.java 
103345     DEBUG Test worker     d.u.i.k.p.i.AbstractProblemLoader Environment load took 282.6ns 
103345     INFO  Test worker     d.u.i.k.p.i.AbstractProblemLoader Creating init config 
103533     DEBUG Test worker     d.u.i.k.j.TypeConverter   No LDT found for Meta 
103533     DEBUG Test worker     d.u.i.k.j.TypeConverter   No LDT found for Meta 
103533     DEBUG Test worker     d.u.i.k.j.TypeConverter   No LDT found for Meta 
103533     DEBUG Test worker     d.u.i.k.j.TypeConverter   No LDT found for Meta 
104189     DEBUG Test worker     d.u.i.k.j.TypeConverter   No LDT found for JavaBigintExpression 
107254     DEBUG Test worker     d.u.i.k.p.i.AbstractProblemLoader Init config took 3.92s 
107270     INFO  Test worker     d.u.i.k.p.i.AbstractProblemLoader Loading environment from src\test\resources\testcase\termLabels\flatSteps\FlatSteps.java 
107270     DEBUG Test worker     d.u.i.k.p.i.AbstractProblemLoader Environment load took 553.4ns 
107270     INFO  Test worker     d.u.i.k.p.i.AbstractProblemLoader Creating init config 
110600     DEBUG Test worker     d.u.i.k.p.i.AbstractProblemLoader Init config took 3.34s 
110615     INFO  Test worker     d.u.i.k.p.i.AbstractProblemLoader Loading environment from src\test\resources\testcase\termLabels\flatSteps\FlatSteps.java 
110615     DEBUG Test worker     d.u.i.k.p.i.AbstractProblemLoader Environment load took 213.5ns 
110615     INFO  Test worker     d.u.i.k.p.i.AbstractProblemLoader Creating init config 
113475     DEBUG Test worker     d.u.i.k.p.i.AbstractProblemLoader Init config took 2.87s 
113491     INFO  Test worker     d.u.i.k.p.i.AbstractProblemLoader Loading environment from src\test\resources\testcase\termLabels\flatSteps\FlatSteps.java 
113491     DEBUG Test worker     d.u.i.k.p.i.AbstractProblemLoader Environment load took 568.7ns 
113491     INFO  Test worker     d.u.i.k.p.i.AbstractProblemLoader Creating init config 
117432     DEBUG Test worker     d.u.i.k.p.i.AbstractProblemLoader Init config took 3.94s 
117448     INFO  Test worker     d.u.i.k.p.i.AbstractProblemLoader Loading environment from src\test\resources\testcase\termLabels\flatSteps\FlatSteps.java 
117448     DEBUG Test worker     d.u.i.k.p.i.AbstractProblemLoader Environment load took 191.9ns 
117463     INFO  Test worker     d.u.i.k.p.i.AbstractProblemLoader Creating init config 
120325     DEBUG Test worker     d.u.i.k.p.i.AbstractProblemLoader Init config took 2.87s 
120512     INFO  Test worker     d.u.i.k.p.i.AbstractProblemLoader Loading environment from src\test\resources\testcase\termLabels\flatSteps\FlatSteps.java 
120512     DEBUG Test worker     d.u.i.k.p.i.AbstractProblemLoader Environment load took 336.3ns 
120512     INFO  Test worker     d.u.i.k.p.i.AbstractProblemLoader Creating init config 
123186     DEBUG Test worker     d.u.i.k.p.i.AbstractProblemLoader Init config took 2.67s 
123186     INFO  Test worker     d.u.i.k.p.i.AbstractProblemLoader Loading environment from src\test\resources\testcase\termLabels\flatSteps\FlatSteps.java 
123186     DEBUG Test worker     d.u.i.k.p.i.AbstractProblemLoader Environment load took 242ns 
123186     INFO  Test worker     d.u.i.k.p.i.AbstractProblemLoader Creating init config 
126939     DEBUG Test worker     d.u.i.k.p.i.AbstractProblemLoader Init config took 3.75s 
126955     INFO  Test worker     d.u.i.k.p.i.AbstractProblemLoader Loading environment from src\test\resources\testcase\termLabels\flatSteps\FlatSteps.java 
126955     DEBUG Test worker     d.u.i.k.p.i.AbstractProblemLoader Environment load took 543ns 
126955     INFO  Test worker     d.u.i.k.p.i.AbstractProblemLoader Creating init config 
129973     DEBUG Test worker     d.u.i.k.p.i.AbstractProblemLoader Init config took 3.02s 
129988     INFO  Test worker     d.u.i.k.p.i.AbstractProblemLoader Loading environment from src\test\resources\testcase\termLabels\flatSteps\FlatSteps.java 
129988     DEBUG Test worker     d.u.i.k.p.i.AbstractProblemLoader Environment load took 211ns 
129988     INFO  Test worker     d.u.i.k.p.i.AbstractProblemLoader Creating init config 
132755     DEBUG Test worker     d.u.i.k.p.i.AbstractProblemLoader Init config took 2.76s 
132755     INFO  Test worker     d.u.i.k.p.i.AbstractProblemLoader Loading environment from src\test\resources\testcase\termLabels\flatSteps\FlatSteps.java 
132755     DEBUG Test worker     d.u.i.k.p.i.AbstractProblemLoader Environment load took 515ns 
132755     INFO  Test worker     d.u.i.k.p.i.AbstractProblemLoader Creating init config 
135490     DEBUG Test worker     d.u.i.k.p.i.AbstractProblemLoader Init config took 2.73s 
135490     INFO  Test worker     d.u.i.k.p.i.AbstractProblemLoader Loading environment from src\test\resources\testcase\termLabels\flatSteps\FlatSteps.java 
135490     DEBUG Test worker     d.u.i.k.p.i.AbstractProblemLoader Environment load took 553.4ns 
135506     INFO  Test worker     d.u.i.k.p.i.AbstractProblemLoader Creating init config 
138165     DEBUG Test worker     d.u.i.k.p.i.AbstractProblemLoader Init config took 2.66s 
138165     INFO  Test worker     d.u.i.k.p.i.AbstractProblemLoader Loading environment from src\test\resources\testcase\termLabels\flatSteps\FlatSteps.java 
138165     DEBUG Test worker     d.u.i.k.p.i.AbstractProblemLoader Environment load took 501.5ns 
138165     INFO  Test worker     d.u.i.k.p.i.AbstractProblemLoader Creating init config 
140869     DEBUG Test worker     d.u.i.k.p.i.AbstractProblemLoader Init config took 2.7s 
140869     INFO  Test worker     d.u.i.k.p.i.AbstractProblemLoader Loading environment from src\test\resources\testcase\termLabels\flatSteps\FlatSteps.java 
140869     DEBUG Test worker     d.u.i.k.p.i.AbstractProblemLoader Environment load took 212.1ns 
140869     INFO  Test worker     d.u.i.k.p.i.AbstractProblemLoader Creating init config 
143542     DEBUG Test worker     d.u.i.k.p.i.AbstractProblemLoader Init config took 2.66s 
144653     INFO  Test worker     d.u.i.k.p.i.AbstractProblemLoader Loading environment from src\test\resources\testcase\termLabels\flatSteps\FlatSteps.java 
144653     DEBUG Test worker     d.u.i.k.p.i.AbstractProblemLoader Environment load took 174.7ns 
144653     INFO  Test worker     d.u.i.k.p.i.AbstractProblemLoader Creating init config 
147342     DEBUG Test worker     d.u.i.k.p.i.AbstractProblemLoader Init config took 2.69s 
147389     INFO  Test worker     d.u.i.k.p.i.AbstractProblemLoader Loading environment from src\test\resources\testcase\termLabels\flatSteps\FlatSteps.java 
147389     DEBUG Test worker     d.u.i.k.p.i.AbstractProblemLoader Environment load took 225.7ns 
147389     INFO  Test worker     d.u.i.k.p.i.AbstractProblemLoader Creating init config 
150078     DEBUG Test worker     d.u.i.k.p.i.AbstractProblemLoader Init config took 2.7s 
150094     INFO  Test worker     d.u.i.k.p.i.AbstractProblemLoader Loading environment from src\test\resources\testcase\termLabels\flatSteps\FlatSteps.java 
150094     DEBUG Test worker     d.u.i.k.p.i.AbstractProblemLoader Environment load took 190.3ns 
150094     INFO  Test worker     d.u.i.k.p.i.AbstractProblemLoader Creating init config 
152954     DEBUG Test worker     d.u.i.k.p.i.AbstractProblemLoader Init config took 2.85s 
152954     INFO  Test worker     d.u.i.k.p.i.AbstractProblemLoader Loading environment from src\test\resources\testcase\termLabels\flatSteps\FlatSteps.java 
152954     DEBUG Test worker     d.u.i.k.p.i.AbstractProblemLoader Environment load took 155.3ns 
152970     INFO  Test worker     d.u.i.k.p.i.AbstractProblemLoader Creating init config 
155847     DEBUG Test worker     d.u.i.k.p.i.AbstractProblemLoader Init config took 2.89s 
156269     INFO  Test worker     d.u.i.k.p.i.AbstractProblemLoader Loading environment from src\test\resources\testcase\termLabels\flatSteps\FlatSteps.java 
156269     DEBUG Test worker     d.u.i.k.p.i.AbstractProblemLoader Environment load took 232.6ns 
156269     INFO  Test worker     d.u.i.k.p.i.AbstractProblemLoader Creating init config 
160571     DEBUG Test worker     d.u.i.k.p.i.AbstractProblemLoader Init config took 4.3s 
160586     INFO  Test worker     d.u.i.k.p.i.AbstractProblemLoader Loading environment from src\test\resources\testcase\termLabels\flatSteps\FlatSteps.java 
160586     DEBUG Test worker     d.u.i.k.p.i.AbstractProblemLoader Environment load took 270.1ns 
160586     INFO  Test worker     d.u.i.k.p.i.AbstractProblemLoader Creating init config 
163432     DEBUG Test worker     d.u.i.k.p.i.AbstractProblemLoader Init config took 2.85s 
]]></system-out>
  <system-err><![CDATA[]]></system-err>
</testsuite>
