<?xml version="1.0" encoding="UTF-8"?>
<testsuite name="de.uka.ilkd.key.parser.TestTermParserHeap" tests="39" skipped="0" failures="0" errors="0" timestamp="2023-05-27T16:44:34" hostname="fv-az435-671" time="103.165">
  <properties/>
  <testcase name="testBracketHeapUpdate()" classname="de.uka.ilkd.key.parser.TestTermParserHeap" time="0.026"/>
  <testcase name="testStore()" classname="de.uka.ilkd.key.parser.TestTermParserHeap" time="0.01"/>
  <testcase name="testUnknownConstant()" classname="de.uka.ilkd.key.parser.TestTermParserHeap" time="0.009"/>
  <testcase name="testAllFieldsSelector()" classname="de.uka.ilkd.key.parser.TestTermParserHeap" time="0.003"/>
  <testcase name="testParsePrettyPrintedSelect()" classname="de.uka.ilkd.key.parser.TestTermParserHeap" time="0.112"/>
  <testcase name="testAccessStaticMembers()" classname="de.uka.ilkd.key.parser.TestTermParserHeap" time="0.007"/>
  <testcase name="testAtOperator_1()" classname="de.uka.ilkd.key.parser.TestTermParserHeap" time="0.003"/>
  <testcase name="testAtOperator_2()" classname="de.uka.ilkd.key.parser.TestTermParserHeap" time="0.006"/>
  <testcase name="testAtOperator_3()" classname="de.uka.ilkd.key.parser.TestTermParserHeap" time="0.004"/>
  <testcase name="testAtOperator_4()" classname="de.uka.ilkd.key.parser.TestTermParserHeap" time="0.005"/>
  <testcase name="testAtOperator_5()" classname="de.uka.ilkd.key.parser.TestTermParserHeap" time="0.005"/>
  <testcase name="testAtOperator_6()" classname="de.uka.ilkd.key.parser.TestTermParserHeap" time="0.003"/>
  <testcase name="testAtOperator_7()" classname="de.uka.ilkd.key.parser.TestTermParserHeap" time="0.004"/>
  <testcase name="testAtOperator_8()" classname="de.uka.ilkd.key.parser.TestTermParserHeap" time="0.006"/>
  <testcase name="testVerifyExceptionIfAtOperatorNotPreceededBySelectTerm()" classname="de.uka.ilkd.key.parser.TestTermParserHeap" time="0.004"/>
  <testcase name="testBugResettingCounter()" classname="de.uka.ilkd.key.parser.TestTermParserHeap" time="0.003"/>
  <testcase name="testLocationSets()" classname="de.uka.ilkd.key.parser.TestTermParserHeap" time="0.004"/>
  <testcase name="testQuantifiedSelect()" classname="de.uka.ilkd.key.parser.TestTermParserHeap" time="0.004"/>
  <testcase name="testGenericObjectProperties()" classname="de.uka.ilkd.key.parser.TestTermParserHeap" time="0.006"/>
  <testcase name="testQueryInheritance_1()" classname="de.uka.ilkd.key.parser.TestTermParserHeap" time="0.003"/>
  <testcase name="testQueryInheritance_2()" classname="de.uka.ilkd.key.parser.TestTermParserHeap" time="0.019"/>
  <testcase name="testQueryInheritance_3()" classname="de.uka.ilkd.key.parser.TestTermParserHeap" time="0.004"/>
  <testcase name="testQueryInheritance_4()" classname="de.uka.ilkd.key.parser.TestTermParserHeap" time="0.004"/>
  <testcase name="testQueryInheritance_5()" classname="de.uka.ilkd.key.parser.TestTermParserHeap" time="0.002"/>
  <testcase name="testQueryInheritance_6()" classname="de.uka.ilkd.key.parser.TestTermParserHeap" time="0.004"/>
  <testcase name="testQueryInheritance_7()" classname="de.uka.ilkd.key.parser.TestTermParserHeap" time="0.004"/>
  <testcase name="testQueryInheritance_8()" classname="de.uka.ilkd.key.parser.TestTermParserHeap" time="0.004"/>
  <testcase name="testQueryInheritance_9()" classname="de.uka.ilkd.key.parser.TestTermParserHeap" time="0.003"/>
  <testcase name="testQueryBasic_10()" classname="de.uka.ilkd.key.parser.TestTermParserHeap" time="0.001"/>
  <testcase name="testQueryBasic_11()" classname="de.uka.ilkd.key.parser.TestTermParserHeap" time="0.003"/>
  <testcase name="testQueryBasic_1()" classname="de.uka.ilkd.key.parser.TestTermParserHeap" time="0.003"/>
  <testcase name="testQueryBasic_2()" classname="de.uka.ilkd.key.parser.TestTermParserHeap" time="0.003"/>
  <testcase name="testQueryBasic_3()" classname="de.uka.ilkd.key.parser.TestTermParserHeap" time="0.007"/>
  <testcase name="testQueryBasic_4()" classname="de.uka.ilkd.key.parser.TestTermParserHeap" time="0.005"/>
  <testcase name="testQueryBasic_5()" classname="de.uka.ilkd.key.parser.TestTermParserHeap" time="0.003"/>
  <testcase name="testQueryBasic_6()" classname="de.uka.ilkd.key.parser.TestTermParserHeap" time="0.004"/>
  <testcase name="testQueryBasic_7()" classname="de.uka.ilkd.key.parser.TestTermParserHeap" time="0.004"/>
  <testcase name="testQueryBasic_8()" classname="de.uka.ilkd.key.parser.TestTermParserHeap" time="0.003"/>
  <testcase name="testQueryBasic_9()" classname="de.uka.ilkd.key.parser.TestTermParserHeap" time="0.003"/>
  <system-out><![CDATA[307816     INFO  Test worker     d.u.i.k.n.KeyIO           Parsing took 0 ms 
307816     DEBUG Test worker     d.u.i.k.n.KeyIO           Load declarations of de.uka.ilkd.key.nparser.KeyAst$File:  <unknown>:1#1 
307816     INFO  Test worker     d.u.i.k.n.KeyIO           MODE: declarations took 0 ms 
307816     DEBUG Test worker     d.u.i.k.n.KeyIO           MODE: 2nd degree decls took 0 
307816     INFO  Test worker     d.u.i.k.n.KeyIO           Parsing took 0 ms 
307816     DEBUG Test worker     d.u.i.k.n.KeyIO           Load declarations of de.uka.ilkd.key.nparser.KeyAst$File:  <unknown>:1#1 
307816     INFO  Test worker     d.u.i.k.n.KeyIO           MODE: declarations took 0 ms 
307816     DEBUG Test worker     d.u.i.k.n.KeyIO           MODE: 2nd degree decls took 0 
307816     INFO  Test worker     d.u.i.k.n.KeyIO           Parsing took 0 ms 
307816     DEBUG Test worker     d.u.i.k.n.KeyIO           Load declarations of de.uka.ilkd.key.nparser.KeyAst$File:  <unknown>:1#1 
307816     INFO  Test worker     d.u.i.k.n.KeyIO           MODE: declarations took 0 ms 
307816     DEBUG Test worker     d.u.i.k.n.KeyIO           MODE: 2nd degree decls took 0 
307816     INFO  Test worker     d.u.i.k.n.KeyIO           Parsing took 0 ms 
307816     DEBUG Test worker     d.u.i.k.n.KeyIO           Load declarations of de.uka.ilkd.key.nparser.KeyAst$File:  <unknown>:1#1 
307816     INFO  Test worker     d.u.i.k.n.KeyIO           MODE: declarations took 0 ms 
307816     DEBUG Test worker     d.u.i.k.n.KeyIO           MODE: 2nd degree decls took 0 
307816     INFO  Test worker     d.u.i.k.n.KeyIO           Parsing took 0 ms 
307816     DEBUG Test worker     d.u.i.k.n.KeyIO           Load declarations of de.uka.ilkd.key.nparser.KeyAst$File:  <unknown>:1#1 
307816     INFO  Test worker     d.u.i.k.n.KeyIO           MODE: declarations took 0 ms 
307816     DEBUG Test worker     d.u.i.k.n.KeyIO           MODE: 2nd degree decls took 0 
310645     INFO  Test worker     d.u.i.k.n.KeyIO           Parsing took 0 ms 
310645     DEBUG Test worker     d.u.i.k.n.KeyIO           Load declarations of de.uka.ilkd.key.nparser.KeyAst$File:  <unknown>:1#1 
310645     INFO  Test worker     d.u.i.k.n.KeyIO           MODE: declarations took 0 ms 
310645     DEBUG Test worker     d.u.i.k.n.KeyIO           MODE: 2nd degree decls took 0 
310645     INFO  Test worker     d.u.i.k.n.KeyIO           Parsing took 0 ms 
310645     DEBUG Test worker     d.u.i.k.n.KeyIO           Load declarations of de.uka.ilkd.key.nparser.KeyAst$File:  <unknown>:1#1 
310645     INFO  Test worker     d.u.i.k.n.KeyIO           MODE: declarations took 0 ms 
310645     DEBUG Test worker     d.u.i.k.n.KeyIO           MODE: 2nd degree decls took 0 
310645     INFO  Test worker     d.u.i.k.n.KeyIO           Parsing took 0 ms 
310645     DEBUG Test worker     d.u.i.k.n.KeyIO           Load declarations of de.uka.ilkd.key.nparser.KeyAst$File:  <unknown>:1#1 
310645     INFO  Test worker     d.u.i.k.n.KeyIO           MODE: declarations took 0 ms 
310645     DEBUG Test worker     d.u.i.k.n.KeyIO           MODE: 2nd degree decls took 0 
310645     INFO  Test worker     d.u.i.k.n.KeyIO           Parsing took 0 ms 
310645     DEBUG Test worker     d.u.i.k.n.KeyIO           Load declarations of de.uka.ilkd.key.nparser.KeyAst$File:  <unknown>:1#1 
310645     INFO  Test worker     d.u.i.k.n.KeyIO           MODE: declarations took 0 ms 
310645     DEBUG Test worker     d.u.i.k.n.KeyIO           MODE: 2nd degree decls took 0 
310645     INFO  Test worker     d.u.i.k.n.KeyIO           Parsing took 0 ms 
310645     DEBUG Test worker     d.u.i.k.n.KeyIO           Load declarations of de.uka.ilkd.key.nparser.KeyAst$File:  <unknown>:1#1 
310645     INFO  Test worker     d.u.i.k.n.KeyIO           MODE: declarations took 0 ms 
310660     DEBUG Test worker     d.u.i.k.n.KeyIO           MODE: 2nd degree decls took 0 
313444     INFO  Test worker     d.u.i.k.n.KeyIO           Parsing took 0 ms 
313444     DEBUG Test worker     d.u.i.k.n.KeyIO           Load declarations of de.uka.ilkd.key.nparser.KeyAst$File:  <unknown>:1#1 
313444     INFO  Test worker     d.u.i.k.n.KeyIO           MODE: declarations took 0 ms 
313444     DEBUG Test worker     d.u.i.k.n.KeyIO           MODE: 2nd degree decls took 0 
313444     INFO  Test worker     d.u.i.k.n.KeyIO           Parsing took 0 ms 
313444     DEBUG Test worker     d.u.i.k.n.KeyIO           Load declarations of de.uka.ilkd.key.nparser.KeyAst$File:  <unknown>:1#1 
313444     INFO  Test worker     d.u.i.k.n.KeyIO           MODE: declarations took 0 ms 
313444     DEBUG Test worker     d.u.i.k.n.KeyIO           MODE: 2nd degree decls took 0 
313444     INFO  Test worker     d.u.i.k.n.KeyIO           Parsing took 0 ms 
313444     DEBUG Test worker     d.u.i.k.n.KeyIO           Load declarations of de.uka.ilkd.key.nparser.KeyAst$File:  <unknown>:1#1 
313444     INFO  Test worker     d.u.i.k.n.KeyIO           MODE: declarations took 0 ms 
313444     DEBUG Test worker     d.u.i.k.n.KeyIO           MODE: 2nd degree decls took 0 
313444     INFO  Test worker     d.u.i.k.n.KeyIO           Parsing took 0 ms 
313444     DEBUG Test worker     d.u.i.k.n.KeyIO           Load declarations of de.uka.ilkd.key.nparser.KeyAst$File:  <unknown>:1#1 
313444     INFO  Test worker     d.u.i.k.n.KeyIO           MODE: declarations took 0 ms 
313444     DEBUG Test worker     d.u.i.k.n.KeyIO           MODE: 2nd degree decls took 0 
313444     INFO  Test worker     d.u.i.k.n.KeyIO           Parsing took 0 ms 
313444     DEBUG Test worker     d.u.i.k.n.KeyIO           Load declarations of de.uka.ilkd.key.nparser.KeyAst$File:  <unknown>:1#1 
313444     INFO  Test worker     d.u.i.k.n.KeyIO           MODE: declarations took 0 ms 
313444     DEBUG Test worker     d.u.i.k.n.KeyIO           MODE: 2nd degree decls took 0 
313459     INFO  Test worker     d.u.i.k.n.KeyIO           Parsing took 15 ms 
313459     DEBUG Test worker     d.u.i.k.n.KeyIO           Load declarations of de.uka.ilkd.key.nparser.KeyAst$File:  <unknown>:1#1 
313459     INFO  Test worker     d.u.i.k.n.KeyIO           MODE: declarations took 0 ms 
313459     DEBUG Test worker     d.u.i.k.n.KeyIO           MODE: 2nd degree decls took 0 
316353     INFO  Test worker     d.u.i.k.n.KeyIO           Parsing took 0 ms 
316353     DEBUG Test worker     d.u.i.k.n.KeyIO           Load declarations of de.uka.ilkd.key.nparser.KeyAst$File:  <unknown>:1#1 
316353     INFO  Test worker     d.u.i.k.n.KeyIO           MODE: declarations took 0 ms 
316353     DEBUG Test worker     d.u.i.k.n.KeyIO           MODE: 2nd degree decls took 0 
316353     INFO  Test worker     d.u.i.k.n.KeyIO           Parsing took 0 ms 
316353     DEBUG Test worker     d.u.i.k.n.KeyIO           Load declarations of de.uka.ilkd.key.nparser.KeyAst$File:  <unknown>:1#1 
316353     INFO  Test worker     d.u.i.k.n.KeyIO           MODE: declarations took 0 ms 
316353     DEBUG Test worker     d.u.i.k.n.KeyIO           MODE: 2nd degree decls took 0 
316353     INFO  Test worker     d.u.i.k.n.KeyIO           Parsing took 0 ms 
316353     DEBUG Test worker     d.u.i.k.n.KeyIO           Load declarations of de.uka.ilkd.key.nparser.KeyAst$File:  <unknown>:1#1 
316353     INFO  Test worker     d.u.i.k.n.KeyIO           MODE: declarations took 0 ms 
316353     DEBUG Test worker     d.u.i.k.n.KeyIO           MODE: 2nd degree decls took 0 
316353     INFO  Test worker     d.u.i.k.n.KeyIO           Parsing took 0 ms 
316353     DEBUG Test worker     d.u.i.k.n.KeyIO           Load declarations of de.uka.ilkd.key.nparser.KeyAst$File:  <unknown>:1#1 
316353     INFO  Test worker     d.u.i.k.n.KeyIO           MODE: declarations took 0 ms 
316353     DEBUG Test worker     d.u.i.k.n.KeyIO           MODE: 2nd degree decls took 0 
316353     INFO  Test worker     d.u.i.k.n.KeyIO           Parsing took 0 ms 
316353     DEBUG Test worker     d.u.i.k.n.KeyIO           Load declarations of de.uka.ilkd.key.nparser.KeyAst$File:  <unknown>:1#1 
316353     INFO  Test worker     d.u.i.k.n.KeyIO           MODE: declarations took 0 ms 
316353     DEBUG Test worker     d.u.i.k.n.KeyIO           MODE: 2nd degree decls took 0 
319183     INFO  Test worker     d.u.i.k.n.KeyIO           Parsing took 0 ms 
319183     DEBUG Test worker     d.u.i.k.n.KeyIO           Load declarations of de.uka.ilkd.key.nparser.KeyAst$File:  <unknown>:1#1 
319183     INFO  Test worker     d.u.i.k.n.KeyIO           MODE: declarations took 0 ms 
319183     DEBUG Test worker     d.u.i.k.n.KeyIO           MODE: 2nd degree decls took 0 
319183     INFO  Test worker     d.u.i.k.n.KeyIO           Parsing took 0 ms 
319183     DEBUG Test worker     d.u.i.k.n.KeyIO           Load declarations of de.uka.ilkd.key.nparser.KeyAst$File:  <unknown>:1#1 
319183     INFO  Test worker     d.u.i.k.n.KeyIO           MODE: declarations took 0 ms 
319183     DEBUG Test worker     d.u.i.k.n.KeyIO           MODE: 2nd degree decls took 0 
319183     INFO  Test worker     d.u.i.k.n.KeyIO           Parsing took 0 ms 
319183     DEBUG Test worker     d.u.i.k.n.KeyIO           Load declarations of de.uka.ilkd.key.nparser.KeyAst$File:  <unknown>:1#1 
319183     INFO  Test worker     d.u.i.k.n.KeyIO           MODE: declarations took 0 ms 
319183     DEBUG Test worker     d.u.i.k.n.KeyIO           MODE: 2nd degree decls took 0 
319183     INFO  Test worker     d.u.i.k.n.KeyIO           Parsing took 0 ms 
319183     DEBUG Test worker     d.u.i.k.n.KeyIO           Load declarations of de.uka.ilkd.key.nparser.KeyAst$File:  <unknown>:1#1 
319183     INFO  Test worker     d.u.i.k.n.KeyIO           MODE: declarations took 0 ms 
319198     DEBUG Test worker     d.u.i.k.n.KeyIO           MODE: 2nd degree decls took 0 
319198     INFO  Test worker     d.u.i.k.n.KeyIO           Parsing took 0 ms 
319198     DEBUG Test worker     d.u.i.k.n.KeyIO           Load declarations of de.uka.ilkd.key.nparser.KeyAst$File:  <unknown>:1#1 
319198     INFO  Test worker     d.u.i.k.n.KeyIO           MODE: declarations took 0 ms 
319198     DEBUG Test worker     d.u.i.k.n.KeyIO           MODE: 2nd degree decls took 0 
322185     INFO  Test worker     d.u.i.k.n.KeyIO           Parsing took 0 ms 
322185     DEBUG Test worker     d.u.i.k.n.KeyIO           Load declarations of de.uka.ilkd.key.nparser.KeyAst$File:  <unknown>:1#1 
322185     INFO  Test worker     d.u.i.k.n.KeyIO           MODE: declarations took 0 ms 
322185     DEBUG Test worker     d.u.i.k.n.KeyIO           MODE: 2nd degree decls took 0 
322185     INFO  Test worker     d.u.i.k.n.KeyIO           Parsing took 0 ms 
322185     DEBUG Test worker     d.u.i.k.n.KeyIO           Load declarations of de.uka.ilkd.key.nparser.KeyAst$File:  <unknown>:1#1 
322185     INFO  Test worker     d.u.i.k.n.KeyIO           MODE: declarations took 0 ms 
322185     DEBUG Test worker     d.u.i.k.n.KeyIO           MODE: 2nd degree decls took 0 
322185     INFO  Test worker     d.u.i.k.n.KeyIO           Parsing took 0 ms 
322185     DEBUG Test worker     d.u.i.k.n.KeyIO           Load declarations of de.uka.ilkd.key.nparser.KeyAst$File:  <unknown>:1#1 
322185     INFO  Test worker     d.u.i.k.n.KeyIO           MODE: declarations took 0 ms 
322185     DEBUG Test worker     d.u.i.k.n.KeyIO           MODE: 2nd degree decls took 0 
322185     INFO  Test worker     d.u.i.k.n.KeyIO           Parsing took 0 ms 
322185     DEBUG Test worker     d.u.i.k.n.KeyIO           Load declarations of de.uka.ilkd.key.nparser.KeyAst$File:  <unknown>:1#1 
322185     INFO  Test worker     d.u.i.k.n.KeyIO           MODE: declarations took 0 ms 
322185     DEBUG Test worker     d.u.i.k.n.KeyIO           MODE: 2nd degree decls took 0 
322185     INFO  Test worker     d.u.i.k.n.KeyIO           Parsing took 0 ms 
322185     DEBUG Test worker     d.u.i.k.n.KeyIO           Load declarations of de.uka.ilkd.key.nparser.KeyAst$File:  <unknown>:1#1 
322185     INFO  Test worker     d.u.i.k.n.KeyIO           MODE: declarations took 0 ms 
322185     DEBUG Test worker     d.u.i.k.n.KeyIO           MODE: 2nd degree decls took 0 
324951     INFO  Test worker     d.u.i.k.n.KeyIO           Parsing took 0 ms 
324951     DEBUG Test worker     d.u.i.k.n.KeyIO           Load declarations of de.uka.ilkd.key.nparser.KeyAst$File:  <unknown>:1#1 
324951     INFO  Test worker     d.u.i.k.n.KeyIO           MODE: declarations took 0 ms 
324951     DEBUG Test worker     d.u.i.k.n.KeyIO           MODE: 2nd degree decls took 0 
324951     INFO  Test worker     d.u.i.k.n.KeyIO           Parsing took 0 ms 
324951     DEBUG Test worker     d.u.i.k.n.KeyIO           Load declarations of de.uka.ilkd.key.nparser.KeyAst$File:  <unknown>:1#1 
324951     INFO  Test worker     d.u.i.k.n.KeyIO           MODE: declarations took 0 ms 
324951     DEBUG Test worker     d.u.i.k.n.KeyIO           MODE: 2nd degree decls took 0 
324951     INFO  Test worker     d.u.i.k.n.KeyIO           Parsing took 0 ms 
324951     DEBUG Test worker     d.u.i.k.n.KeyIO           Load declarations of de.uka.ilkd.key.nparser.KeyAst$File:  <unknown>:1#1 
324951     INFO  Test worker     d.u.i.k.n.KeyIO           MODE: declarations took 0 ms 
324951     DEBUG Test worker     d.u.i.k.n.KeyIO           MODE: 2nd degree decls took 0 
324951     INFO  Test worker     d.u.i.k.n.KeyIO           Parsing took 0 ms 
324951     DEBUG Test worker     d.u.i.k.n.KeyIO           Load declarations of de.uka.ilkd.key.nparser.KeyAst$File:  <unknown>:1#1 
324951     INFO  Test worker     d.u.i.k.n.KeyIO           MODE: declarations took 0 ms 
324951     DEBUG Test worker     d.u.i.k.n.KeyIO           MODE: 2nd degree decls took 0 
324951     INFO  Test worker     d.u.i.k.n.KeyIO           Parsing took 0 ms 
324951     DEBUG Test worker     d.u.i.k.n.KeyIO           Load declarations of de.uka.ilkd.key.nparser.KeyAst$File:  <unknown>:1#1 
324951     INFO  Test worker     d.u.i.k.n.KeyIO           MODE: declarations took 0 ms 
324951     DEBUG Test worker     d.u.i.k.n.KeyIO           MODE: 2nd degree decls took 0 
327688     INFO  Test worker     d.u.i.k.n.KeyIO           Parsing took 0 ms 
327688     DEBUG Test worker     d.u.i.k.n.KeyIO           Load declarations of de.uka.ilkd.key.nparser.KeyAst$File:  <unknown>:1#1 
327688     INFO  Test worker     d.u.i.k.n.KeyIO           MODE: declarations took 0 ms 
327688     DEBUG Test worker     d.u.i.k.n.KeyIO           MODE: 2nd degree decls took 0 
327688     INFO  Test worker     d.u.i.k.n.KeyIO           Parsing took 0 ms 
327688     DEBUG Test worker     d.u.i.k.n.KeyIO           Load declarations of de.uka.ilkd.key.nparser.KeyAst$File:  <unknown>:1#1 
327688     INFO  Test worker     d.u.i.k.n.KeyIO           MODE: declarations took 0 ms 
327688     DEBUG Test worker     d.u.i.k.n.KeyIO           MODE: 2nd degree decls took 0 
327688     INFO  Test worker     d.u.i.k.n.KeyIO           Parsing took 0 ms 
327688     DEBUG Test worker     d.u.i.k.n.KeyIO           Load declarations of de.uka.ilkd.key.nparser.KeyAst$File:  <unknown>:1#1 
327688     INFO  Test worker     d.u.i.k.n.KeyIO           MODE: declarations took 0 ms 
327688     DEBUG Test worker     d.u.i.k.n.KeyIO           MODE: 2nd degree decls took 0 
327688     INFO  Test worker     d.u.i.k.n.KeyIO           Parsing took 0 ms 
327688     DEBUG Test worker     d.u.i.k.n.KeyIO           Load declarations of de.uka.ilkd.key.nparser.KeyAst$File:  <unknown>:1#1 
327688     INFO  Test worker     d.u.i.k.n.KeyIO           MODE: declarations took 0 ms 
327688     DEBUG Test worker     d.u.i.k.n.KeyIO           MODE: 2nd degree decls took 0 
327688     INFO  Test worker     d.u.i.k.n.KeyIO           Parsing took 0 ms 
327688     DEBUG Test worker     d.u.i.k.n.KeyIO           Load declarations of de.uka.ilkd.key.nparser.KeyAst$File:  <unknown>:1#1 
327688     INFO  Test worker     d.u.i.k.n.KeyIO           MODE: declarations took 0 ms 
327688     DEBUG Test worker     d.u.i.k.n.KeyIO           MODE: 2nd degree decls took 0 
330377     INFO  Test worker     d.u.i.k.n.KeyIO           Parsing took 0 ms 
330377     DEBUG Test worker     d.u.i.k.n.KeyIO           Load declarations of de.uka.ilkd.key.nparser.KeyAst$File:  <unknown>:1#1 
330377     INFO  Test worker     d.u.i.k.n.KeyIO           MODE: declarations took 0 ms 
330377     DEBUG Test worker     d.u.i.k.n.KeyIO           MODE: 2nd degree decls took 0 
330377     INFO  Test worker     d.u.i.k.n.KeyIO           Parsing took 0 ms 
330377     DEBUG Test worker     d.u.i.k.n.KeyIO           Load declarations of de.uka.ilkd.key.nparser.KeyAst$File:  <unknown>:1#1 
330377     INFO  Test worker     d.u.i.k.n.KeyIO           MODE: declarations took 0 ms 
330377     DEBUG Test worker     d.u.i.k.n.KeyIO           MODE: 2nd degree decls took 0 
330377     INFO  Test worker     d.u.i.k.n.KeyIO           Parsing took 0 ms 
330377     DEBUG Test worker     d.u.i.k.n.KeyIO           Load declarations of de.uka.ilkd.key.nparser.KeyAst$File:  <unknown>:1#1 
330377     INFO  Test worker     d.u.i.k.n.KeyIO           MODE: declarations took 0 ms 
330377     DEBUG Test worker     d.u.i.k.n.KeyIO           MODE: 2nd degree decls took 0 
330377     INFO  Test worker     d.u.i.k.n.KeyIO           Parsing took 0 ms 
330377     DEBUG Test worker     d.u.i.k.n.KeyIO           Load declarations of de.uka.ilkd.key.nparser.KeyAst$File:  <unknown>:1#1 
330377     INFO  Test worker     d.u.i.k.n.KeyIO           MODE: declarations took 0 ms 
330377     DEBUG Test worker     d.u.i.k.n.KeyIO           MODE: 2nd degree decls took 0 
330377     INFO  Test worker     d.u.i.k.n.KeyIO           Parsing took 0 ms 
330377     DEBUG Test worker     d.u.i.k.n.KeyIO           Load declarations of de.uka.ilkd.key.nparser.KeyAst$File:  <unknown>:1#1 
330377     INFO  Test worker     d.u.i.k.n.KeyIO           MODE: declarations took 0 ms 
330377     DEBUG Test worker     d.u.i.k.n.KeyIO           MODE: 2nd degree decls took 0 
333050     INFO  Test worker     d.u.i.k.n.KeyIO           Parsing took 0 ms 
333050     DEBUG Test worker     d.u.i.k.n.KeyIO           Load declarations of de.uka.ilkd.key.nparser.KeyAst$File:  <unknown>:1#1 
333050     INFO  Test worker     d.u.i.k.n.KeyIO           MODE: declarations took 0 ms 
333050     DEBUG Test worker     d.u.i.k.n.KeyIO           MODE: 2nd degree decls took 0 
333050     INFO  Test worker     d.u.i.k.n.KeyIO           Parsing took 0 ms 
333050     DEBUG Test worker     d.u.i.k.n.KeyIO           Load declarations of de.uka.ilkd.key.nparser.KeyAst$File:  <unknown>:1#1 
333050     INFO  Test worker     d.u.i.k.n.KeyIO           MODE: declarations took 0 ms 
333050     DEBUG Test worker     d.u.i.k.n.KeyIO           MODE: 2nd degree decls took 0 
333050     INFO  Test worker     d.u.i.k.n.KeyIO           Parsing took 0 ms 
333050     DEBUG Test worker     d.u.i.k.n.KeyIO           Load declarations of de.uka.ilkd.key.nparser.KeyAst$File:  <unknown>:1#1 
333050     INFO  Test worker     d.u.i.k.n.KeyIO           MODE: declarations took 0 ms 
333050     DEBUG Test worker     d.u.i.k.n.KeyIO           MODE: 2nd degree decls took 0 
333050     INFO  Test worker     d.u.i.k.n.KeyIO           Parsing took 0 ms 
333050     DEBUG Test worker     d.u.i.k.n.KeyIO           Load declarations of de.uka.ilkd.key.nparser.KeyAst$File:  <unknown>:1#1 
333050     INFO  Test worker     d.u.i.k.n.KeyIO           MODE: declarations took 0 ms 
333050     DEBUG Test worker     d.u.i.k.n.KeyIO           MODE: 2nd degree decls took 0 
333050     INFO  Test worker     d.u.i.k.n.KeyIO           Parsing took 0 ms 
333050     DEBUG Test worker     d.u.i.k.n.KeyIO           Load declarations of de.uka.ilkd.key.nparser.KeyAst$File:  <unknown>:1#1 
333050     INFO  Test worker     d.u.i.k.n.KeyIO           MODE: declarations took 0 ms 
333050     DEBUG Test worker     d.u.i.k.n.KeyIO           MODE: 2nd degree decls took 0 
335724     INFO  Test worker     d.u.i.k.n.KeyIO           Parsing took 0 ms 
335724     DEBUG Test worker     d.u.i.k.n.KeyIO           Load declarations of de.uka.ilkd.key.nparser.KeyAst$File:  <unknown>:1#1 
335724     INFO  Test worker     d.u.i.k.n.KeyIO           MODE: declarations took 0 ms 
335724     DEBUG Test worker     d.u.i.k.n.KeyIO           MODE: 2nd degree decls took 0 
335724     INFO  Test worker     d.u.i.k.n.KeyIO           Parsing took 0 ms 
335724     DEBUG Test worker     d.u.i.k.n.KeyIO           Load declarations of de.uka.ilkd.key.nparser.KeyAst$File:  <unknown>:1#1 
335724     INFO  Test worker     d.u.i.k.n.KeyIO           MODE: declarations took 0 ms 
335724     DEBUG Test worker     d.u.i.k.n.KeyIO           MODE: 2nd degree decls took 0 
335724     INFO  Test worker     d.u.i.k.n.KeyIO           Parsing took 0 ms 
335724     DEBUG Test worker     d.u.i.k.n.KeyIO           Load declarations of de.uka.ilkd.key.nparser.KeyAst$File:  <unknown>:1#1 
335724     INFO  Test worker     d.u.i.k.n.KeyIO           MODE: declarations took 0 ms 
335724     DEBUG Test worker     d.u.i.k.n.KeyIO           MODE: 2nd degree decls took 0 
335724     INFO  Test worker     d.u.i.k.n.KeyIO           Parsing took 0 ms 
335724     DEBUG Test worker     d.u.i.k.n.KeyIO           Load declarations of de.uka.ilkd.key.nparser.KeyAst$File:  <unknown>:1#1 
335724     INFO  Test worker     d.u.i.k.n.KeyIO           MODE: declarations took 0 ms 
335724     DEBUG Test worker     d.u.i.k.n.KeyIO           MODE: 2nd degree decls took 0 
335724     INFO  Test worker     d.u.i.k.n.KeyIO           Parsing took 0 ms 
335724     DEBUG Test worker     d.u.i.k.n.KeyIO           Load declarations of de.uka.ilkd.key.nparser.KeyAst$File:  <unknown>:1#1 
335724     INFO  Test worker     d.u.i.k.n.KeyIO           MODE: declarations took 0 ms 
335724     DEBUG Test worker     d.u.i.k.n.KeyIO           MODE: 2nd degree decls took 0 
338415     INFO  Test worker     d.u.i.k.n.KeyIO           Parsing took 0 ms 
338415     DEBUG Test worker     d.u.i.k.n.KeyIO           Load declarations of de.uka.ilkd.key.nparser.KeyAst$File:  <unknown>:1#1 
338415     INFO  Test worker     d.u.i.k.n.KeyIO           MODE: declarations took 0 ms 
338415     DEBUG Test worker     d.u.i.k.n.KeyIO           MODE: 2nd degree decls took 0 
338415     INFO  Test worker     d.u.i.k.n.KeyIO           Parsing took 0 ms 
338415     DEBUG Test worker     d.u.i.k.n.KeyIO           Load declarations of de.uka.ilkd.key.nparser.KeyAst$File:  <unknown>:1#1 
338415     INFO  Test worker     d.u.i.k.n.KeyIO           MODE: declarations took 0 ms 
338415     DEBUG Test worker     d.u.i.k.n.KeyIO           MODE: 2nd degree decls took 0 
338415     INFO  Test worker     d.u.i.k.n.KeyIO           Parsing took 0 ms 
338415     DEBUG Test worker     d.u.i.k.n.KeyIO           Load declarations of de.uka.ilkd.key.nparser.KeyAst$File:  <unknown>:1#1 
338415     INFO  Test worker     d.u.i.k.n.KeyIO           MODE: declarations took 0 ms 
338415     DEBUG Test worker     d.u.i.k.n.KeyIO           MODE: 2nd degree decls took 0 
338415     INFO  Test worker     d.u.i.k.n.KeyIO           Parsing took 0 ms 
338415     DEBUG Test worker     d.u.i.k.n.KeyIO           Load declarations of de.uka.ilkd.key.nparser.KeyAst$File:  <unknown>:1#1 
338415     INFO  Test worker     d.u.i.k.n.KeyIO           MODE: declarations took 0 ms 
338415     DEBUG Test worker     d.u.i.k.n.KeyIO           MODE: 2nd degree decls took 0 
338415     INFO  Test worker     d.u.i.k.n.KeyIO           Parsing took 0 ms 
338415     DEBUG Test worker     d.u.i.k.n.KeyIO           Load declarations of de.uka.ilkd.key.nparser.KeyAst$File:  <unknown>:1#1 
338415     INFO  Test worker     d.u.i.k.n.KeyIO           MODE: declarations took 0 ms 
338415     DEBUG Test worker     d.u.i.k.n.KeyIO           MODE: 2nd degree decls took 0 
341119     INFO  Test worker     d.u.i.k.n.KeyIO           Parsing took 0 ms 
341119     DEBUG Test worker     d.u.i.k.n.KeyIO           Load declarations of de.uka.ilkd.key.nparser.KeyAst$File:  <unknown>:1#1 
341135     INFO  Test worker     d.u.i.k.n.KeyIO           MODE: declarations took 16 ms 
341135     DEBUG Test worker     d.u.i.k.n.KeyIO           MODE: 2nd degree decls took 0 
341135     INFO  Test worker     d.u.i.k.n.KeyIO           Parsing took 0 ms 
341135     DEBUG Test worker     d.u.i.k.n.KeyIO           Load declarations of de.uka.ilkd.key.nparser.KeyAst$File:  <unknown>:1#1 
341135     INFO  Test worker     d.u.i.k.n.KeyIO           MODE: declarations took 0 ms 
341135     DEBUG Test worker     d.u.i.k.n.KeyIO           MODE: 2nd degree decls took 0 
341135     INFO  Test worker     d.u.i.k.n.KeyIO           Parsing took 0 ms 
341135     DEBUG Test worker     d.u.i.k.n.KeyIO           Load declarations of de.uka.ilkd.key.nparser.KeyAst$File:  <unknown>:1#1 
341135     INFO  Test worker     d.u.i.k.n.KeyIO           MODE: declarations took 0 ms 
341135     DEBUG Test worker     d.u.i.k.n.KeyIO           MODE: 2nd degree decls took 0 
341135     INFO  Test worker     d.u.i.k.n.KeyIO           Parsing took 0 ms 
341135     DEBUG Test worker     d.u.i.k.n.KeyIO           Load declarations of de.uka.ilkd.key.nparser.KeyAst$File:  <unknown>:1#1 
341135     INFO  Test worker     d.u.i.k.n.KeyIO           MODE: declarations took 0 ms 
341135     DEBUG Test worker     d.u.i.k.n.KeyIO           MODE: 2nd degree decls took 0 
341135     INFO  Test worker     d.u.i.k.n.KeyIO           Parsing took 0 ms 
341135     DEBUG Test worker     d.u.i.k.n.KeyIO           Load declarations of de.uka.ilkd.key.nparser.KeyAst$File:  <unknown>:1#1 
341135     INFO  Test worker     d.u.i.k.n.KeyIO           MODE: declarations took 0 ms 
341135     DEBUG Test worker     d.u.i.k.n.KeyIO           MODE: 2nd degree decls took 0 
343824     INFO  Test worker     d.u.i.k.n.KeyIO           Parsing took 0 ms 
343824     DEBUG Test worker     d.u.i.k.n.KeyIO           Load declarations of de.uka.ilkd.key.nparser.KeyAst$File:  <unknown>:1#1 
343824     INFO  Test worker     d.u.i.k.n.KeyIO           MODE: declarations took 0 ms 
343824     DEBUG Test worker     d.u.i.k.n.KeyIO           MODE: 2nd degree decls took 0 
343824     INFO  Test worker     d.u.i.k.n.KeyIO           Parsing took 0 ms 
343824     DEBUG Test worker     d.u.i.k.n.KeyIO           Load declarations of de.uka.ilkd.key.nparser.KeyAst$File:  <unknown>:1#1 
343824     INFO  Test worker     d.u.i.k.n.KeyIO           MODE: declarations took 0 ms 
343824     DEBUG Test worker     d.u.i.k.n.KeyIO           MODE: 2nd degree decls took 0 
343824     INFO  Test worker     d.u.i.k.n.KeyIO           Parsing took 0 ms 
343824     DEBUG Test worker     d.u.i.k.n.KeyIO           Load declarations of de.uka.ilkd.key.nparser.KeyAst$File:  <unknown>:1#1 
343824     INFO  Test worker     d.u.i.k.n.KeyIO           MODE: declarations took 0 ms 
343824     DEBUG Test worker     d.u.i.k.n.KeyIO           MODE: 2nd degree decls took 0 
343824     INFO  Test worker     d.u.i.k.n.KeyIO           Parsing took 0 ms 
343824     DEBUG Test worker     d.u.i.k.n.KeyIO           Load declarations of de.uka.ilkd.key.nparser.KeyAst$File:  <unknown>:1#1 
343824     INFO  Test worker     d.u.i.k.n.KeyIO           MODE: declarations took 0 ms 
343824     DEBUG Test worker     d.u.i.k.n.KeyIO           MODE: 2nd degree decls took 0 
343824     INFO  Test worker     d.u.i.k.n.KeyIO           Parsing took 0 ms 
343824     DEBUG Test worker     d.u.i.k.n.KeyIO           Load declarations of de.uka.ilkd.key.nparser.KeyAst$File:  <unknown>:1#1 
343824     INFO  Test worker     d.u.i.k.n.KeyIO           MODE: declarations took 0 ms 
343824     DEBUG Test worker     d.u.i.k.n.KeyIO           MODE: 2nd degree decls took 0 
346513     INFO  Test worker     d.u.i.k.n.KeyIO           Parsing took 0 ms 
346513     DEBUG Test worker     d.u.i.k.n.KeyIO           Load declarations of de.uka.ilkd.key.nparser.KeyAst$File:  <unknown>:1#1 
346513     INFO  Test worker     d.u.i.k.n.KeyIO           MODE: declarations took 0 ms 
346513     DEBUG Test worker     d.u.i.k.n.KeyIO           MODE: 2nd degree decls took 0 
346513     INFO  Test worker     d.u.i.k.n.KeyIO           Parsing took 0 ms 
346513     DEBUG Test worker     d.u.i.k.n.KeyIO           Load declarations of de.uka.ilkd.key.nparser.KeyAst$File:  <unknown>:1#1 
346513     INFO  Test worker     d.u.i.k.n.KeyIO           MODE: declarations took 0 ms 
346513     DEBUG Test worker     d.u.i.k.n.KeyIO           MODE: 2nd degree decls took 0 
346513     INFO  Test worker     d.u.i.k.n.KeyIO           Parsing took 0 ms 
346513     DEBUG Test worker     d.u.i.k.n.KeyIO           Load declarations of de.uka.ilkd.key.nparser.KeyAst$File:  <unknown>:1#1 
346513     INFO  Test worker     d.u.i.k.n.KeyIO           MODE: declarations took 0 ms 
346513     DEBUG Test worker     d.u.i.k.n.KeyIO           MODE: 2nd degree decls took 0 
346513     INFO  Test worker     d.u.i.k.n.KeyIO           Parsing took 0 ms 
346513     DEBUG Test worker     d.u.i.k.n.KeyIO           Load declarations of de.uka.ilkd.key.nparser.KeyAst$File:  <unknown>:1#1 
346513     INFO  Test worker     d.u.i.k.n.KeyIO           MODE: declarations took 0 ms 
346513     DEBUG Test worker     d.u.i.k.n.KeyIO           MODE: 2nd degree decls took 0 
346513     INFO  Test worker     d.u.i.k.n.KeyIO           Parsing took 0 ms 
346513     DEBUG Test worker     d.u.i.k.n.KeyIO           Load declarations of de.uka.ilkd.key.nparser.KeyAst$File:  <unknown>:1#1 
346513     INFO  Test worker     d.u.i.k.n.KeyIO           MODE: declarations took 0 ms 
346513     DEBUG Test worker     d.u.i.k.n.KeyIO           MODE: 2nd degree decls took 0 
346513     WARN  Test worker     d.u.i.k.n.KeYParser       [syntax-error] <unknown>:1:11: mismatched input '@' expecting {'/', ':=', '.', '(', ')', '{', '[', '@', PARALLEL, OR, AND, IMP, '=', NOT_EQUALS, '%', '*', '-', '+', '>', GREATEREQUAL, '<', LESSEQUAL, LGUILLEMETS, EQV} [@11,11:11='@',<153>,1:11] (termEOF) 
349248     INFO  Test worker     d.u.i.k.n.KeyIO           Parsing took 0 ms 
349248     DEBUG Test worker     d.u.i.k.n.KeyIO           Load declarations of de.uka.ilkd.key.nparser.KeyAst$File:  <unknown>:1#1 
349248     INFO  Test worker     d.u.i.k.n.KeyIO           MODE: declarations took 0 ms 
349248     DEBUG Test worker     d.u.i.k.n.KeyIO           MODE: 2nd degree decls took 0 
349248     INFO  Test worker     d.u.i.k.n.KeyIO           Parsing took 0 ms 
349248     DEBUG Test worker     d.u.i.k.n.KeyIO           Load declarations of de.uka.ilkd.key.nparser.KeyAst$File:  <unknown>:1#1 
349248     INFO  Test worker     d.u.i.k.n.KeyIO           MODE: declarations took 0 ms 
349248     DEBUG Test worker     d.u.i.k.n.KeyIO           MODE: 2nd degree decls took 0 
349248     INFO  Test worker     d.u.i.k.n.KeyIO           Parsing took 0 ms 
349248     DEBUG Test worker     d.u.i.k.n.KeyIO           Load declarations of de.uka.ilkd.key.nparser.KeyAst$File:  <unknown>:1#1 
349248     INFO  Test worker     d.u.i.k.n.KeyIO           MODE: declarations took 0 ms 
349248     DEBUG Test worker     d.u.i.k.n.KeyIO           MODE: 2nd degree decls took 0 
349248     INFO  Test worker     d.u.i.k.n.KeyIO           Parsing took 0 ms 
349248     DEBUG Test worker     d.u.i.k.n.KeyIO           Load declarations of de.uka.ilkd.key.nparser.KeyAst$File:  <unknown>:1#1 
349248     INFO  Test worker     d.u.i.k.n.KeyIO           MODE: declarations took 0 ms 
349248     DEBUG Test worker     d.u.i.k.n.KeyIO           MODE: 2nd degree decls took 0 
349248     INFO  Test worker     d.u.i.k.n.KeyIO           Parsing took 0 ms 
349248     DEBUG Test worker     d.u.i.k.n.KeyIO           Load declarations of de.uka.ilkd.key.nparser.KeyAst$File:  <unknown>:1#1 
349248     INFO  Test worker     d.u.i.k.n.KeyIO           MODE: declarations took 0 ms 
349248     DEBUG Test worker     d.u.i.k.n.KeyIO           MODE: 2nd degree decls took 0 
351891     INFO  Test worker     d.u.i.k.n.KeyIO           Parsing took 0 ms 
351891     DEBUG Test worker     d.u.i.k.n.KeyIO           Load declarations of de.uka.ilkd.key.nparser.KeyAst$File:  <unknown>:1#1 
351891     INFO  Test worker     d.u.i.k.n.KeyIO           MODE: declarations took 0 ms 
351891     DEBUG Test worker     d.u.i.k.n.KeyIO           MODE: 2nd degree decls took 0 
351891     INFO  Test worker     d.u.i.k.n.KeyIO           Parsing took 0 ms 
351891     DEBUG Test worker     d.u.i.k.n.KeyIO           Load declarations of de.uka.ilkd.key.nparser.KeyAst$File:  <unknown>:1#1 
351891     INFO  Test worker     d.u.i.k.n.KeyIO           MODE: declarations took 0 ms 
351891     DEBUG Test worker     d.u.i.k.n.KeyIO           MODE: 2nd degree decls took 0 
351891     INFO  Test worker     d.u.i.k.n.KeyIO           Parsing took 0 ms 
351891     DEBUG Test worker     d.u.i.k.n.KeyIO           Load declarations of de.uka.ilkd.key.nparser.KeyAst$File:  <unknown>:1#1 
351891     INFO  Test worker     d.u.i.k.n.KeyIO           MODE: declarations took 0 ms 
351891     DEBUG Test worker     d.u.i.k.n.KeyIO           MODE: 2nd degree decls took 0 
351891     INFO  Test worker     d.u.i.k.n.KeyIO           Parsing took 0 ms 
351907     DEBUG Test worker     d.u.i.k.n.KeyIO           Load declarations of de.uka.ilkd.key.nparser.KeyAst$File:  <unknown>:1#1 
351907     INFO  Test worker     d.u.i.k.n.KeyIO           MODE: declarations took 0 ms 
351907     DEBUG Test worker     d.u.i.k.n.KeyIO           MODE: 2nd degree decls took 0 
351907     INFO  Test worker     d.u.i.k.n.KeyIO           Parsing took 0 ms 
351907     DEBUG Test worker     d.u.i.k.n.KeyIO           Load declarations of de.uka.ilkd.key.nparser.KeyAst$File:  <unknown>:1#1 
351907     INFO  Test worker     d.u.i.k.n.KeyIO           MODE: declarations took 0 ms 
351907     DEBUG Test worker     d.u.i.k.n.KeyIO           MODE: 2nd degree decls took 0 
354548     INFO  Test worker     d.u.i.k.n.KeyIO           Parsing took 0 ms 
354548     DEBUG Test worker     d.u.i.k.n.KeyIO           Load declarations of de.uka.ilkd.key.nparser.KeyAst$File:  <unknown>:1#1 
354548     INFO  Test worker     d.u.i.k.n.KeyIO           MODE: declarations took 0 ms 
354548     DEBUG Test worker     d.u.i.k.n.KeyIO           MODE: 2nd degree decls took 0 
354548     INFO  Test worker     d.u.i.k.n.KeyIO           Parsing took 0 ms 
354548     DEBUG Test worker     d.u.i.k.n.KeyIO           Load declarations of de.uka.ilkd.key.nparser.KeyAst$File:  <unknown>:1#1 
354548     INFO  Test worker     d.u.i.k.n.KeyIO           MODE: declarations took 0 ms 
354548     DEBUG Test worker     d.u.i.k.n.KeyIO           MODE: 2nd degree decls took 0 
354548     INFO  Test worker     d.u.i.k.n.KeyIO           Parsing took 0 ms 
354548     DEBUG Test worker     d.u.i.k.n.KeyIO           Load declarations of de.uka.ilkd.key.nparser.KeyAst$File:  <unknown>:1#1 
354548     INFO  Test worker     d.u.i.k.n.KeyIO           MODE: declarations took 0 ms 
354548     DEBUG Test worker     d.u.i.k.n.KeyIO           MODE: 2nd degree decls took 0 
354548     INFO  Test worker     d.u.i.k.n.KeyIO           Parsing took 0 ms 
354548     DEBUG Test worker     d.u.i.k.n.KeyIO           Load declarations of de.uka.ilkd.key.nparser.KeyAst$File:  <unknown>:1#1 
354548     INFO  Test worker     d.u.i.k.n.KeyIO           MODE: declarations took 0 ms 
354548     DEBUG Test worker     d.u.i.k.n.KeyIO           MODE: 2nd degree decls took 0 
354548     INFO  Test worker     d.u.i.k.n.KeyIO           Parsing took 0 ms 
354548     DEBUG Test worker     d.u.i.k.n.KeyIO           Load declarations of de.uka.ilkd.key.nparser.KeyAst$File:  <unknown>:1#1 
354548     INFO  Test worker     d.u.i.k.n.KeyIO           MODE: declarations took 0 ms 
354548     DEBUG Test worker     d.u.i.k.n.KeyIO           MODE: 2nd degree decls took 0 
357222     INFO  Test worker     d.u.i.k.n.KeyIO           Parsing took 0 ms 
357222     DEBUG Test worker     d.u.i.k.n.KeyIO           Load declarations of de.uka.ilkd.key.nparser.KeyAst$File:  <unknown>:1#1 
357222     INFO  Test worker     d.u.i.k.n.KeyIO           MODE: declarations took 0 ms 
357222     DEBUG Test worker     d.u.i.k.n.KeyIO           MODE: 2nd degree decls took 0 
357222     INFO  Test worker     d.u.i.k.n.KeyIO           Parsing took 0 ms 
357222     DEBUG Test worker     d.u.i.k.n.KeyIO           Load declarations of de.uka.ilkd.key.nparser.KeyAst$File:  <unknown>:1#1 
357222     INFO  Test worker     d.u.i.k.n.KeyIO           MODE: declarations took 0 ms 
357222     DEBUG Test worker     d.u.i.k.n.KeyIO           MODE: 2nd degree decls took 0 
357222     INFO  Test worker     d.u.i.k.n.KeyIO           Parsing took 0 ms 
357222     DEBUG Test worker     d.u.i.k.n.KeyIO           Load declarations of de.uka.ilkd.key.nparser.KeyAst$File:  <unknown>:1#1 
357222     INFO  Test worker     d.u.i.k.n.KeyIO           MODE: declarations took 0 ms 
357222     DEBUG Test worker     d.u.i.k.n.KeyIO           MODE: 2nd degree decls took 0 
357222     INFO  Test worker     d.u.i.k.n.KeyIO           Parsing took 0 ms 
357222     DEBUG Test worker     d.u.i.k.n.KeyIO           Load declarations of de.uka.ilkd.key.nparser.KeyAst$File:  <unknown>:1#1 
357222     INFO  Test worker     d.u.i.k.n.KeyIO           MODE: declarations took 0 ms 
357222     DEBUG Test worker     d.u.i.k.n.KeyIO           MODE: 2nd degree decls took 0 
357222     INFO  Test worker     d.u.i.k.n.KeyIO           Parsing took 0 ms 
357222     DEBUG Test worker     d.u.i.k.n.KeyIO           Load declarations of de.uka.ilkd.key.nparser.KeyAst$File:  <unknown>:1#1 
357222     INFO  Test worker     d.u.i.k.n.KeyIO           MODE: declarations took 0 ms 
357222     DEBUG Test worker     d.u.i.k.n.KeyIO           MODE: 2nd degree decls took 0 
359911     INFO  Test worker     d.u.i.k.n.KeyIO           Parsing took 0 ms 
359911     DEBUG Test worker     d.u.i.k.n.KeyIO           Load declarations of de.uka.ilkd.key.nparser.KeyAst$File:  <unknown>:1#1 
359911     INFO  Test worker     d.u.i.k.n.KeyIO           MODE: declarations took 0 ms 
359911     DEBUG Test worker     d.u.i.k.n.KeyIO           MODE: 2nd degree decls took 0 
359911     INFO  Test worker     d.u.i.k.n.KeyIO           Parsing took 0 ms 
359911     DEBUG Test worker     d.u.i.k.n.KeyIO           Load declarations of de.uka.ilkd.key.nparser.KeyAst$File:  <unknown>:1#1 
359911     INFO  Test worker     d.u.i.k.n.KeyIO           MODE: declarations took 0 ms 
359911     DEBUG Test worker     d.u.i.k.n.KeyIO           MODE: 2nd degree decls took 0 
359911     INFO  Test worker     d.u.i.k.n.KeyIO           Parsing took 0 ms 
359911     DEBUG Test worker     d.u.i.k.n.KeyIO           Load declarations of de.uka.ilkd.key.nparser.KeyAst$File:  <unknown>:1#1 
359911     INFO  Test worker     d.u.i.k.n.KeyIO           MODE: declarations took 0 ms 
359911     DEBUG Test worker     d.u.i.k.n.KeyIO           MODE: 2nd degree decls took 0 
359911     INFO  Test worker     d.u.i.k.n.KeyIO           Parsing took 0 ms 
359911     DEBUG Test worker     d.u.i.k.n.KeyIO           Load declarations of de.uka.ilkd.key.nparser.KeyAst$File:  <unknown>:1#1 
359911     INFO  Test worker     d.u.i.k.n.KeyIO           MODE: declarations took 0 ms 
359911     DEBUG Test worker     d.u.i.k.n.KeyIO           MODE: 2nd degree decls took 0 
359911     INFO  Test worker     d.u.i.k.n.KeyIO           Parsing took 0 ms 
359911     DEBUG Test worker     d.u.i.k.n.KeyIO           Load declarations of de.uka.ilkd.key.nparser.KeyAst$File:  <unknown>:1#1 
359911     INFO  Test worker     d.u.i.k.n.KeyIO           MODE: declarations took 0 ms 
359911     DEBUG Test worker     d.u.i.k.n.KeyIO           MODE: 2nd degree decls took 0 
362601     INFO  Test worker     d.u.i.k.n.KeyIO           Parsing took 0 ms 
362601     DEBUG Test worker     d.u.i.k.n.KeyIO           Load declarations of de.uka.ilkd.key.nparser.KeyAst$File:  <unknown>:1#1 
362601     INFO  Test worker     d.u.i.k.n.KeyIO           MODE: declarations took 0 ms 
362601     DEBUG Test worker     d.u.i.k.n.KeyIO           MODE: 2nd degree decls took 0 
362601     INFO  Test worker     d.u.i.k.n.KeyIO           Parsing took 0 ms 
362601     DEBUG Test worker     d.u.i.k.n.KeyIO           Load declarations of de.uka.ilkd.key.nparser.KeyAst$File:  <unknown>:1#1 
362601     INFO  Test worker     d.u.i.k.n.KeyIO           MODE: declarations took 0 ms 
362601     DEBUG Test worker     d.u.i.k.n.KeyIO           MODE: 2nd degree decls took 0 
362601     INFO  Test worker     d.u.i.k.n.KeyIO           Parsing took 0 ms 
362601     DEBUG Test worker     d.u.i.k.n.KeyIO           Load declarations of de.uka.ilkd.key.nparser.KeyAst$File:  <unknown>:1#1 
362601     INFO  Test worker     d.u.i.k.n.KeyIO           MODE: declarations took 0 ms 
362601     DEBUG Test worker     d.u.i.k.n.KeyIO           MODE: 2nd degree decls took 0 
362601     INFO  Test worker     d.u.i.k.n.KeyIO           Parsing took 0 ms 
362601     DEBUG Test worker     d.u.i.k.n.KeyIO           Load declarations of de.uka.ilkd.key.nparser.KeyAst$File:  <unknown>:1#1 
362601     INFO  Test worker     d.u.i.k.n.KeyIO           MODE: declarations took 0 ms 
362601     DEBUG Test worker     d.u.i.k.n.KeyIO           MODE: 2nd degree decls took 0 
362601     INFO  Test worker     d.u.i.k.n.KeyIO           Parsing took 0 ms 
362601     DEBUG Test worker     d.u.i.k.n.KeyIO           Load declarations of de.uka.ilkd.key.nparser.KeyAst$File:  <unknown>:1#1 
362601     INFO  Test worker     d.u.i.k.n.KeyIO           MODE: declarations took 0 ms 
362601     DEBUG Test worker     d.u.i.k.n.KeyIO           MODE: 2nd degree decls took 0 
365321     INFO  Test worker     d.u.i.k.n.KeyIO           Parsing took 0 ms 
365321     DEBUG Test worker     d.u.i.k.n.KeyIO           Load declarations of de.uka.ilkd.key.nparser.KeyAst$File:  <unknown>:1#1 
365321     INFO  Test worker     d.u.i.k.n.KeyIO           MODE: declarations took 0 ms 
365321     DEBUG Test worker     d.u.i.k.n.KeyIO           MODE: 2nd degree decls took 0 
365321     INFO  Test worker     d.u.i.k.n.KeyIO           Parsing took 0 ms 
365321     DEBUG Test worker     d.u.i.k.n.KeyIO           Load declarations of de.uka.ilkd.key.nparser.KeyAst$File:  <unknown>:1#1 
365321     INFO  Test worker     d.u.i.k.n.KeyIO           MODE: declarations took 0 ms 
365321     DEBUG Test worker     d.u.i.k.n.KeyIO           MODE: 2nd degree decls took 0 
365321     INFO  Test worker     d.u.i.k.n.KeyIO           Parsing took 0 ms 
365321     DEBUG Test worker     d.u.i.k.n.KeyIO           Load declarations of de.uka.ilkd.key.nparser.KeyAst$File:  <unknown>:1#1 
365321     INFO  Test worker     d.u.i.k.n.KeyIO           MODE: declarations took 0 ms 
365321     DEBUG Test worker     d.u.i.k.n.KeyIO           MODE: 2nd degree decls took 0 
365321     INFO  Test worker     d.u.i.k.n.KeyIO           Parsing took 0 ms 
365321     DEBUG Test worker     d.u.i.k.n.KeyIO           Load declarations of de.uka.ilkd.key.nparser.KeyAst$File:  <unknown>:1#1 
365321     INFO  Test worker     d.u.i.k.n.KeyIO           MODE: declarations took 0 ms 
365321     DEBUG Test worker     d.u.i.k.n.KeyIO           MODE: 2nd degree decls took 0 
365321     INFO  Test worker     d.u.i.k.n.KeyIO           Parsing took 0 ms 
365321     DEBUG Test worker     d.u.i.k.n.KeyIO           Load declarations of de.uka.ilkd.key.nparser.KeyAst$File:  <unknown>:1#1 
365321     INFO  Test worker     d.u.i.k.n.KeyIO           MODE: declarations took 0 ms 
365321     DEBUG Test worker     d.u.i.k.n.KeyIO           MODE: 2nd degree decls took 0 
367982     INFO  Test worker     d.u.i.k.n.KeyIO           Parsing took 0 ms 
367982     DEBUG Test worker     d.u.i.k.n.KeyIO           Load declarations of de.uka.ilkd.key.nparser.KeyAst$File:  <unknown>:1#1 
367982     INFO  Test worker     d.u.i.k.n.KeyIO           MODE: declarations took 0 ms 
367982     DEBUG Test worker     d.u.i.k.n.KeyIO           MODE: 2nd degree decls took 0 
367982     INFO  Test worker     d.u.i.k.n.KeyIO           Parsing took 0 ms 
367982     DEBUG Test worker     d.u.i.k.n.KeyIO           Load declarations of de.uka.ilkd.key.nparser.KeyAst$File:  <unknown>:1#1 
367982     INFO  Test worker     d.u.i.k.n.KeyIO           MODE: declarations took 0 ms 
367982     DEBUG Test worker     d.u.i.k.n.KeyIO           MODE: 2nd degree decls took 0 
367982     INFO  Test worker     d.u.i.k.n.KeyIO           Parsing took 0 ms 
367982     DEBUG Test worker     d.u.i.k.n.KeyIO           Load declarations of de.uka.ilkd.key.nparser.KeyAst$File:  <unknown>:1#1 
367982     INFO  Test worker     d.u.i.k.n.KeyIO           MODE: declarations took 0 ms 
367982     DEBUG Test worker     d.u.i.k.n.KeyIO           MODE: 2nd degree decls took 0 
367982     INFO  Test worker     d.u.i.k.n.KeyIO           Parsing took 0 ms 
367982     DEBUG Test worker     d.u.i.k.n.KeyIO           Load declarations of de.uka.ilkd.key.nparser.KeyAst$File:  <unknown>:1#1 
367982     INFO  Test worker     d.u.i.k.n.KeyIO           MODE: declarations took 0 ms 
367982     DEBUG Test worker     d.u.i.k.n.KeyIO           MODE: 2nd degree decls took 0 
367982     INFO  Test worker     d.u.i.k.n.KeyIO           Parsing took 0 ms 
367982     DEBUG Test worker     d.u.i.k.n.KeyIO           Load declarations of de.uka.ilkd.key.nparser.KeyAst$File:  <unknown>:1#1 
367982     INFO  Test worker     d.u.i.k.n.KeyIO           MODE: declarations took 0 ms 
367982     DEBUG Test worker     d.u.i.k.n.KeyIO           MODE: 2nd degree decls took 0 
370765     INFO  Test worker     d.u.i.k.n.KeyIO           Parsing took 0 ms 
370765     DEBUG Test worker     d.u.i.k.n.KeyIO           Load declarations of de.uka.ilkd.key.nparser.KeyAst$File:  <unknown>:1#1 
370765     INFO  Test worker     d.u.i.k.n.KeyIO           MODE: declarations took 0 ms 
370765     DEBUG Test worker     d.u.i.k.n.KeyIO           MODE: 2nd degree decls took 0 
370765     INFO  Test worker     d.u.i.k.n.KeyIO           Parsing took 0 ms 
370765     DEBUG Test worker     d.u.i.k.n.KeyIO           Load declarations of de.uka.ilkd.key.nparser.KeyAst$File:  <unknown>:1#1 
370765     INFO  Test worker     d.u.i.k.n.KeyIO           MODE: declarations took 0 ms 
370765     DEBUG Test worker     d.u.i.k.n.KeyIO           MODE: 2nd degree decls took 0 
370765     INFO  Test worker     d.u.i.k.n.KeyIO           Parsing took 0 ms 
370765     DEBUG Test worker     d.u.i.k.n.KeyIO           Load declarations of de.uka.ilkd.key.nparser.KeyAst$File:  <unknown>:1#1 
370765     INFO  Test worker     d.u.i.k.n.KeyIO           MODE: declarations took 0 ms 
370765     DEBUG Test worker     d.u.i.k.n.KeyIO           MODE: 2nd degree decls took 0 
370765     INFO  Test worker     d.u.i.k.n.KeyIO           Parsing took 0 ms 
370765     DEBUG Test worker     d.u.i.k.n.KeyIO           Load declarations of de.uka.ilkd.key.nparser.KeyAst$File:  <unknown>:1#1 
370765     INFO  Test worker     d.u.i.k.n.KeyIO           MODE: declarations took 0 ms 
370765     DEBUG Test worker     d.u.i.k.n.KeyIO           MODE: 2nd degree decls took 0 
370765     INFO  Test worker     d.u.i.k.n.KeyIO           Parsing took 0 ms 
370765     DEBUG Test worker     d.u.i.k.n.KeyIO           Load declarations of de.uka.ilkd.key.nparser.KeyAst$File:  <unknown>:1#1 
370765     INFO  Test worker     d.u.i.k.n.KeyIO           MODE: declarations took 0 ms 
370765     DEBUG Test worker     d.u.i.k.n.KeyIO           MODE: 2nd degree decls took 0 
373438     INFO  Test worker     d.u.i.k.n.KeyIO           Parsing took 0 ms 
373438     DEBUG Test worker     d.u.i.k.n.KeyIO           Load declarations of de.uka.ilkd.key.nparser.KeyAst$File:  <unknown>:1#1 
373438     INFO  Test worker     d.u.i.k.n.KeyIO           MODE: declarations took 0 ms 
373438     DEBUG Test worker     d.u.i.k.n.KeyIO           MODE: 2nd degree decls took 0 
373438     INFO  Test worker     d.u.i.k.n.KeyIO           Parsing took 0 ms 
373438     DEBUG Test worker     d.u.i.k.n.KeyIO           Load declarations of de.uka.ilkd.key.nparser.KeyAst$File:  <unknown>:1#1 
373438     INFO  Test worker     d.u.i.k.n.KeyIO           MODE: declarations took 0 ms 
373438     DEBUG Test worker     d.u.i.k.n.KeyIO           MODE: 2nd degree decls took 0 
373454     INFO  Test worker     d.u.i.k.n.KeyIO           Parsing took 0 ms 
373454     DEBUG Test worker     d.u.i.k.n.KeyIO           Load declarations of de.uka.ilkd.key.nparser.KeyAst$File:  <unknown>:1#1 
373454     INFO  Test worker     d.u.i.k.n.KeyIO           MODE: declarations took 0 ms 
373454     DEBUG Test worker     d.u.i.k.n.KeyIO           MODE: 2nd degree decls took 0 
373454     INFO  Test worker     d.u.i.k.n.KeyIO           Parsing took 0 ms 
373454     DEBUG Test worker     d.u.i.k.n.KeyIO           Load declarations of de.uka.ilkd.key.nparser.KeyAst$File:  <unknown>:1#1 
373454     INFO  Test worker     d.u.i.k.n.KeyIO           MODE: declarations took 0 ms 
373454     DEBUG Test worker     d.u.i.k.n.KeyIO           MODE: 2nd degree decls took 0 
373454     INFO  Test worker     d.u.i.k.n.KeyIO           Parsing took 0 ms 
373454     DEBUG Test worker     d.u.i.k.n.KeyIO           Load declarations of de.uka.ilkd.key.nparser.KeyAst$File:  <unknown>:1#1 
373454     INFO  Test worker     d.u.i.k.n.KeyIO           MODE: declarations took 0 ms 
373454     DEBUG Test worker     d.u.i.k.n.KeyIO           MODE: 2nd degree decls took 0 
376128     INFO  Test worker     d.u.i.k.n.KeyIO           Parsing took 0 ms 
376128     DEBUG Test worker     d.u.i.k.n.KeyIO           Load declarations of de.uka.ilkd.key.nparser.KeyAst$File:  <unknown>:1#1 
376128     INFO  Test worker     d.u.i.k.n.KeyIO           MODE: declarations took 0 ms 
376128     DEBUG Test worker     d.u.i.k.n.KeyIO           MODE: 2nd degree decls took 0 
376128     INFO  Test worker     d.u.i.k.n.KeyIO           Parsing took 0 ms 
376128     DEBUG Test worker     d.u.i.k.n.KeyIO           Load declarations of de.uka.ilkd.key.nparser.KeyAst$File:  <unknown>:1#1 
376128     INFO  Test worker     d.u.i.k.n.KeyIO           MODE: declarations took 0 ms 
376128     DEBUG Test worker     d.u.i.k.n.KeyIO           MODE: 2nd degree decls took 0 
376128     INFO  Test worker     d.u.i.k.n.KeyIO           Parsing took 0 ms 
376128     DEBUG Test worker     d.u.i.k.n.KeyIO           Load declarations of de.uka.ilkd.key.nparser.KeyAst$File:  <unknown>:1#1 
376128     INFO  Test worker     d.u.i.k.n.KeyIO           MODE: declarations took 0 ms 
376128     DEBUG Test worker     d.u.i.k.n.KeyIO           MODE: 2nd degree decls took 0 
376128     INFO  Test worker     d.u.i.k.n.KeyIO           Parsing took 0 ms 
376128     DEBUG Test worker     d.u.i.k.n.KeyIO           Load declarations of de.uka.ilkd.key.nparser.KeyAst$File:  <unknown>:1#1 
376128     INFO  Test worker     d.u.i.k.n.KeyIO           MODE: declarations took 0 ms 
376128     DEBUG Test worker     d.u.i.k.n.KeyIO           MODE: 2nd degree decls took 0 
376128     INFO  Test worker     d.u.i.k.n.KeyIO           Parsing took 0 ms 
376128     DEBUG Test worker     d.u.i.k.n.KeyIO           Load declarations of de.uka.ilkd.key.nparser.KeyAst$File:  <unknown>:1#1 
376128     INFO  Test worker     d.u.i.k.n.KeyIO           MODE: declarations took 0 ms 
376128     DEBUG Test worker     d.u.i.k.n.KeyIO           MODE: 2nd degree decls took 0 
378833     INFO  Test worker     d.u.i.k.n.KeyIO           Parsing took 0 ms 
378833     DEBUG Test worker     d.u.i.k.n.KeyIO           Load declarations of de.uka.ilkd.key.nparser.KeyAst$File:  <unknown>:1#1 
378833     INFO  Test worker     d.u.i.k.n.KeyIO           MODE: declarations took 0 ms 
378833     DEBUG Test worker     d.u.i.k.n.KeyIO           MODE: 2nd degree decls took 0 
378833     INFO  Test worker     d.u.i.k.n.KeyIO           Parsing took 0 ms 
378833     DEBUG Test worker     d.u.i.k.n.KeyIO           Load declarations of de.uka.ilkd.key.nparser.KeyAst$File:  <unknown>:1#1 
378833     INFO  Test worker     d.u.i.k.n.KeyIO           MODE: declarations took 0 ms 
378833     DEBUG Test worker     d.u.i.k.n.KeyIO           MODE: 2nd degree decls took 0 
378833     INFO  Test worker     d.u.i.k.n.KeyIO           Parsing took 0 ms 
378833     DEBUG Test worker     d.u.i.k.n.KeyIO           Load declarations of de.uka.ilkd.key.nparser.KeyAst$File:  <unknown>:1#1 
378833     INFO  Test worker     d.u.i.k.n.KeyIO           MODE: declarations took 0 ms 
378833     DEBUG Test worker     d.u.i.k.n.KeyIO           MODE: 2nd degree decls took 0 
378833     INFO  Test worker     d.u.i.k.n.KeyIO           Parsing took 0 ms 
378833     DEBUG Test worker     d.u.i.k.n.KeyIO           Load declarations of de.uka.ilkd.key.nparser.KeyAst$File:  <unknown>:1#1 
378833     INFO  Test worker     d.u.i.k.n.KeyIO           MODE: declarations took 0 ms 
378833     DEBUG Test worker     d.u.i.k.n.KeyIO           MODE: 2nd degree decls took 0 
378833     INFO  Test worker     d.u.i.k.n.KeyIO           Parsing took 0 ms 
378833     DEBUG Test worker     d.u.i.k.n.KeyIO           Load declarations of de.uka.ilkd.key.nparser.KeyAst$File:  <unknown>:1#1 
378833     INFO  Test worker     d.u.i.k.n.KeyIO           MODE: declarations took 0 ms 
378833     DEBUG Test worker     d.u.i.k.n.KeyIO           MODE: 2nd degree decls took 0 
381536     INFO  Test worker     d.u.i.k.n.KeyIO           Parsing took 0 ms 
381536     DEBUG Test worker     d.u.i.k.n.KeyIO           Load declarations of de.uka.ilkd.key.nparser.KeyAst$File:  <unknown>:1#1 
381536     INFO  Test worker     d.u.i.k.n.KeyIO           MODE: declarations took 0 ms 
381536     DEBUG Test worker     d.u.i.k.n.KeyIO           MODE: 2nd degree decls took 0 
381536     INFO  Test worker     d.u.i.k.n.KeyIO           Parsing took 0 ms 
381536     DEBUG Test worker     d.u.i.k.n.KeyIO           Load declarations of de.uka.ilkd.key.nparser.KeyAst$File:  <unknown>:1#1 
381536     INFO  Test worker     d.u.i.k.n.KeyIO           MODE: declarations took 0 ms 
381536     DEBUG Test worker     d.u.i.k.n.KeyIO           MODE: 2nd degree decls took 0 
381536     INFO  Test worker     d.u.i.k.n.KeyIO           Parsing took 0 ms 
381536     DEBUG Test worker     d.u.i.k.n.KeyIO           Load declarations of de.uka.ilkd.key.nparser.KeyAst$File:  <unknown>:1#1 
381536     INFO  Test worker     d.u.i.k.n.KeyIO           MODE: declarations took 0 ms 
381536     DEBUG Test worker     d.u.i.k.n.KeyIO           MODE: 2nd degree decls took 0 
381536     INFO  Test worker     d.u.i.k.n.KeyIO           Parsing took 0 ms 
381536     DEBUG Test worker     d.u.i.k.n.KeyIO           Load declarations of de.uka.ilkd.key.nparser.KeyAst$File:  <unknown>:1#1 
381536     INFO  Test worker     d.u.i.k.n.KeyIO           MODE: declarations took 0 ms 
381536     DEBUG Test worker     d.u.i.k.n.KeyIO           MODE: 2nd degree decls took 0 
381536     INFO  Test worker     d.u.i.k.n.KeyIO           Parsing took 0 ms 
381536     DEBUG Test worker     d.u.i.k.n.KeyIO           Load declarations of de.uka.ilkd.key.nparser.KeyAst$File:  <unknown>:1#1 
381536     INFO  Test worker     d.u.i.k.n.KeyIO           MODE: declarations took 0 ms 
381536     DEBUG Test worker     d.u.i.k.n.KeyIO           MODE: 2nd degree decls took 0 
384225     INFO  Test worker     d.u.i.k.n.KeyIO           Parsing took 0 ms 
384225     DEBUG Test worker     d.u.i.k.n.KeyIO           Load declarations of de.uka.ilkd.key.nparser.KeyAst$File:  <unknown>:1#1 
384225     INFO  Test worker     d.u.i.k.n.KeyIO           MODE: declarations took 0 ms 
384225     DEBUG Test worker     d.u.i.k.n.KeyIO           MODE: 2nd degree decls took 0 
384225     INFO  Test worker     d.u.i.k.n.KeyIO           Parsing took 0 ms 
384225     DEBUG Test worker     d.u.i.k.n.KeyIO           Load declarations of de.uka.ilkd.key.nparser.KeyAst$File:  <unknown>:1#1 
384225     INFO  Test worker     d.u.i.k.n.KeyIO           MODE: declarations took 0 ms 
384225     DEBUG Test worker     d.u.i.k.n.KeyIO           MODE: 2nd degree decls took 0 
384225     INFO  Test worker     d.u.i.k.n.KeyIO           Parsing took 0 ms 
384225     DEBUG Test worker     d.u.i.k.n.KeyIO           Load declarations of de.uka.ilkd.key.nparser.KeyAst$File:  <unknown>:1#1 
384225     INFO  Test worker     d.u.i.k.n.KeyIO           MODE: declarations took 0 ms 
384225     DEBUG Test worker     d.u.i.k.n.KeyIO           MODE: 2nd degree decls took 0 
384225     INFO  Test worker     d.u.i.k.n.KeyIO           Parsing took 0 ms 
384225     DEBUG Test worker     d.u.i.k.n.KeyIO           Load declarations of de.uka.ilkd.key.nparser.KeyAst$File:  <unknown>:1#1 
384225     INFO  Test worker     d.u.i.k.n.KeyIO           MODE: declarations took 0 ms 
384225     DEBUG Test worker     d.u.i.k.n.KeyIO           MODE: 2nd degree decls took 0 
384225     INFO  Test worker     d.u.i.k.n.KeyIO           Parsing took 0 ms 
384225     DEBUG Test worker     d.u.i.k.n.KeyIO           Load declarations of de.uka.ilkd.key.nparser.KeyAst$File:  <unknown>:1#1 
384225     INFO  Test worker     d.u.i.k.n.KeyIO           MODE: declarations took 0 ms 
384225     DEBUG Test worker     d.u.i.k.n.KeyIO           MODE: 2nd degree decls took 0 
386883     INFO  Test worker     d.u.i.k.n.KeyIO           Parsing took 0 ms 
386883     DEBUG Test worker     d.u.i.k.n.KeyIO           Load declarations of de.uka.ilkd.key.nparser.KeyAst$File:  <unknown>:1#1 
386883     INFO  Test worker     d.u.i.k.n.KeyIO           MODE: declarations took 0 ms 
386883     DEBUG Test worker     d.u.i.k.n.KeyIO           MODE: 2nd degree decls took 0 
386883     INFO  Test worker     d.u.i.k.n.KeyIO           Parsing took 0 ms 
386883     DEBUG Test worker     d.u.i.k.n.KeyIO           Load declarations of de.uka.ilkd.key.nparser.KeyAst$File:  <unknown>:1#1 
386883     INFO  Test worker     d.u.i.k.n.KeyIO           MODE: declarations took 0 ms 
386883     DEBUG Test worker     d.u.i.k.n.KeyIO           MODE: 2nd degree decls took 0 
386883     INFO  Test worker     d.u.i.k.n.KeyIO           Parsing took 0 ms 
386883     DEBUG Test worker     d.u.i.k.n.KeyIO           Load declarations of de.uka.ilkd.key.nparser.KeyAst$File:  <unknown>:1#1 
386883     INFO  Test worker     d.u.i.k.n.KeyIO           MODE: declarations took 0 ms 
386883     DEBUG Test worker     d.u.i.k.n.KeyIO           MODE: 2nd degree decls took 0 
386883     INFO  Test worker     d.u.i.k.n.KeyIO           Parsing took 0 ms 
386883     DEBUG Test worker     d.u.i.k.n.KeyIO           Load declarations of de.uka.ilkd.key.nparser.KeyAst$File:  <unknown>:1#1 
386883     INFO  Test worker     d.u.i.k.n.KeyIO           MODE: declarations took 0 ms 
386883     DEBUG Test worker     d.u.i.k.n.KeyIO           MODE: 2nd degree decls took 0 
386883     INFO  Test worker     d.u.i.k.n.KeyIO           Parsing took 0 ms 
386883     DEBUG Test worker     d.u.i.k.n.KeyIO           Load declarations of de.uka.ilkd.key.nparser.KeyAst$File:  <unknown>:1#1 
386883     INFO  Test worker     d.u.i.k.n.KeyIO           MODE: declarations took 0 ms 
386883     DEBUG Test worker     d.u.i.k.n.KeyIO           MODE: 2nd degree decls took 0 
389556     INFO  Test worker     d.u.i.k.n.KeyIO           Parsing took 0 ms 
389556     DEBUG Test worker     d.u.i.k.n.KeyIO           Load declarations of de.uka.ilkd.key.nparser.KeyAst$File:  <unknown>:1#1 
389556     INFO  Test worker     d.u.i.k.n.KeyIO           MODE: declarations took 0 ms 
389556     DEBUG Test worker     d.u.i.k.n.KeyIO           MODE: 2nd degree decls took 0 
389556     INFO  Test worker     d.u.i.k.n.KeyIO           Parsing took 0 ms 
389556     DEBUG Test worker     d.u.i.k.n.KeyIO           Load declarations of de.uka.ilkd.key.nparser.KeyAst$File:  <unknown>:1#1 
389556     INFO  Test worker     d.u.i.k.n.KeyIO           MODE: declarations took 0 ms 
389556     DEBUG Test worker     d.u.i.k.n.KeyIO           MODE: 2nd degree decls took 0 
389556     INFO  Test worker     d.u.i.k.n.KeyIO           Parsing took 0 ms 
389556     DEBUG Test worker     d.u.i.k.n.KeyIO           Load declarations of de.uka.ilkd.key.nparser.KeyAst$File:  <unknown>:1#1 
389556     INFO  Test worker     d.u.i.k.n.KeyIO           MODE: declarations took 0 ms 
389556     DEBUG Test worker     d.u.i.k.n.KeyIO           MODE: 2nd degree decls took 0 
389556     INFO  Test worker     d.u.i.k.n.KeyIO           Parsing took 0 ms 
389556     DEBUG Test worker     d.u.i.k.n.KeyIO           Load declarations of de.uka.ilkd.key.nparser.KeyAst$File:  <unknown>:1#1 
389556     INFO  Test worker     d.u.i.k.n.KeyIO           MODE: declarations took 0 ms 
389556     DEBUG Test worker     d.u.i.k.n.KeyIO           MODE: 2nd degree decls took 0 
389556     INFO  Test worker     d.u.i.k.n.KeyIO           Parsing took 0 ms 
389556     DEBUG Test worker     d.u.i.k.n.KeyIO           Load declarations of de.uka.ilkd.key.nparser.KeyAst$File:  <unknown>:1#1 
389556     INFO  Test worker     d.u.i.k.n.KeyIO           MODE: declarations took 0 ms 
389556     DEBUG Test worker     d.u.i.k.n.KeyIO           MODE: 2nd degree decls took 0 
392213     INFO  Test worker     d.u.i.k.n.KeyIO           Parsing took 0 ms 
392213     DEBUG Test worker     d.u.i.k.n.KeyIO           Load declarations of de.uka.ilkd.key.nparser.KeyAst$File:  <unknown>:1#1 
392213     INFO  Test worker     d.u.i.k.n.KeyIO           MODE: declarations took 0 ms 
392213     DEBUG Test worker     d.u.i.k.n.KeyIO           MODE: 2nd degree decls took 0 
392213     INFO  Test worker     d.u.i.k.n.KeyIO           Parsing took 0 ms 
392213     DEBUG Test worker     d.u.i.k.n.KeyIO           Load declarations of de.uka.ilkd.key.nparser.KeyAst$File:  <unknown>:1#1 
392213     INFO  Test worker     d.u.i.k.n.KeyIO           MODE: declarations took 0 ms 
392213     DEBUG Test worker     d.u.i.k.n.KeyIO           MODE: 2nd degree decls took 0 
392213     INFO  Test worker     d.u.i.k.n.KeyIO           Parsing took 0 ms 
392213     DEBUG Test worker     d.u.i.k.n.KeyIO           Load declarations of de.uka.ilkd.key.nparser.KeyAst$File:  <unknown>:1#1 
392213     INFO  Test worker     d.u.i.k.n.KeyIO           MODE: declarations took 0 ms 
392213     DEBUG Test worker     d.u.i.k.n.KeyIO           MODE: 2nd degree decls took 0 
392213     INFO  Test worker     d.u.i.k.n.KeyIO           Parsing took 0 ms 
392213     DEBUG Test worker     d.u.i.k.n.KeyIO           Load declarations of de.uka.ilkd.key.nparser.KeyAst$File:  <unknown>:1#1 
392213     INFO  Test worker     d.u.i.k.n.KeyIO           MODE: declarations took 0 ms 
392213     DEBUG Test worker     d.u.i.k.n.KeyIO           MODE: 2nd degree decls took 0 
392213     INFO  Test worker     d.u.i.k.n.KeyIO           Parsing took 0 ms 
392213     DEBUG Test worker     d.u.i.k.n.KeyIO           Load declarations of de.uka.ilkd.key.nparser.KeyAst$File:  <unknown>:1#1 
392213     INFO  Test worker     d.u.i.k.n.KeyIO           MODE: declarations took 0 ms 
392213     DEBUG Test worker     d.u.i.k.n.KeyIO           MODE: 2nd degree decls took 0 
394918     INFO  Test worker     d.u.i.k.n.KeyIO           Parsing took 0 ms 
394918     DEBUG Test worker     d.u.i.k.n.KeyIO           Load declarations of de.uka.ilkd.key.nparser.KeyAst$File:  <unknown>:1#1 
394918     INFO  Test worker     d.u.i.k.n.KeyIO           MODE: declarations took 0 ms 
394918     DEBUG Test worker     d.u.i.k.n.KeyIO           MODE: 2nd degree decls took 0 
394918     INFO  Test worker     d.u.i.k.n.KeyIO           Parsing took 0 ms 
394918     DEBUG Test worker     d.u.i.k.n.KeyIO           Load declarations of de.uka.ilkd.key.nparser.KeyAst$File:  <unknown>:1#1 
394918     INFO  Test worker     d.u.i.k.n.KeyIO           MODE: declarations took 0 ms 
394918     DEBUG Test worker     d.u.i.k.n.KeyIO           MODE: 2nd degree decls took 0 
394918     INFO  Test worker     d.u.i.k.n.KeyIO           Parsing took 0 ms 
394918     DEBUG Test worker     d.u.i.k.n.KeyIO           Load declarations of de.uka.ilkd.key.nparser.KeyAst$File:  <unknown>:1#1 
394918     INFO  Test worker     d.u.i.k.n.KeyIO           MODE: declarations took 0 ms 
394918     DEBUG Test worker     d.u.i.k.n.KeyIO           MODE: 2nd degree decls took 0 
394918     INFO  Test worker     d.u.i.k.n.KeyIO           Parsing took 0 ms 
394918     DEBUG Test worker     d.u.i.k.n.KeyIO           Load declarations of de.uka.ilkd.key.nparser.KeyAst$File:  <unknown>:1#1 
394918     INFO  Test worker     d.u.i.k.n.KeyIO           MODE: declarations took 0 ms 
394918     DEBUG Test worker     d.u.i.k.n.KeyIO           MODE: 2nd degree decls took 0 
394918     INFO  Test worker     d.u.i.k.n.KeyIO           Parsing took 0 ms 
394918     DEBUG Test worker     d.u.i.k.n.KeyIO           Load declarations of de.uka.ilkd.key.nparser.KeyAst$File:  <unknown>:1#1 
394918     INFO  Test worker     d.u.i.k.n.KeyIO           MODE: declarations took 0 ms 
394918     DEBUG Test worker     d.u.i.k.n.KeyIO           MODE: 2nd degree decls took 0 
397576     INFO  Test worker     d.u.i.k.n.KeyIO           Parsing took 0 ms 
397576     DEBUG Test worker     d.u.i.k.n.KeyIO           Load declarations of de.uka.ilkd.key.nparser.KeyAst$File:  <unknown>:1#1 
397576     INFO  Test worker     d.u.i.k.n.KeyIO           MODE: declarations took 0 ms 
397576     DEBUG Test worker     d.u.i.k.n.KeyIO           MODE: 2nd degree decls took 0 
397576     INFO  Test worker     d.u.i.k.n.KeyIO           Parsing took 0 ms 
397576     DEBUG Test worker     d.u.i.k.n.KeyIO           Load declarations of de.uka.ilkd.key.nparser.KeyAst$File:  <unknown>:1#1 
397576     INFO  Test worker     d.u.i.k.n.KeyIO           MODE: declarations took 0 ms 
397576     DEBUG Test worker     d.u.i.k.n.KeyIO           MODE: 2nd degree decls took 0 
397576     INFO  Test worker     d.u.i.k.n.KeyIO           Parsing took 0 ms 
397576     DEBUG Test worker     d.u.i.k.n.KeyIO           Load declarations of de.uka.ilkd.key.nparser.KeyAst$File:  <unknown>:1#1 
397576     INFO  Test worker     d.u.i.k.n.KeyIO           MODE: declarations took 0 ms 
397576     DEBUG Test worker     d.u.i.k.n.KeyIO           MODE: 2nd degree decls took 0 
397576     INFO  Test worker     d.u.i.k.n.KeyIO           Parsing took 0 ms 
397576     DEBUG Test worker     d.u.i.k.n.KeyIO           Load declarations of de.uka.ilkd.key.nparser.KeyAst$File:  <unknown>:1#1 
397576     INFO  Test worker     d.u.i.k.n.KeyIO           MODE: declarations took 0 ms 
397576     DEBUG Test worker     d.u.i.k.n.KeyIO           MODE: 2nd degree decls took 0 
397576     INFO  Test worker     d.u.i.k.n.KeyIO           Parsing took 0 ms 
397576     DEBUG Test worker     d.u.i.k.n.KeyIO           Load declarations of de.uka.ilkd.key.nparser.KeyAst$File:  <unknown>:1#1 
397576     INFO  Test worker     d.u.i.k.n.KeyIO           MODE: declarations took 0 ms 
397576     DEBUG Test worker     d.u.i.k.n.KeyIO           MODE: 2nd degree decls took 0 
400249     INFO  Test worker     d.u.i.k.n.KeyIO           Parsing took 0 ms 
400249     DEBUG Test worker     d.u.i.k.n.KeyIO           Load declarations of de.uka.ilkd.key.nparser.KeyAst$File:  <unknown>:1#1 
400249     INFO  Test worker     d.u.i.k.n.KeyIO           MODE: declarations took 0 ms 
400249     DEBUG Test worker     d.u.i.k.n.KeyIO           MODE: 2nd degree decls took 0 
400249     INFO  Test worker     d.u.i.k.n.KeyIO           Parsing took 0 ms 
400249     DEBUG Test worker     d.u.i.k.n.KeyIO           Load declarations of de.uka.ilkd.key.nparser.KeyAst$File:  <unknown>:1#1 
400249     INFO  Test worker     d.u.i.k.n.KeyIO           MODE: declarations took 0 ms 
400249     DEBUG Test worker     d.u.i.k.n.KeyIO           MODE: 2nd degree decls took 0 
400249     INFO  Test worker     d.u.i.k.n.KeyIO           Parsing took 0 ms 
400249     DEBUG Test worker     d.u.i.k.n.KeyIO           Load declarations of de.uka.ilkd.key.nparser.KeyAst$File:  <unknown>:1#1 
400249     INFO  Test worker     d.u.i.k.n.KeyIO           MODE: declarations took 0 ms 
400249     DEBUG Test worker     d.u.i.k.n.KeyIO           MODE: 2nd degree decls took 0 
400249     INFO  Test worker     d.u.i.k.n.KeyIO           Parsing took 0 ms 
400249     DEBUG Test worker     d.u.i.k.n.KeyIO           Load declarations of de.uka.ilkd.key.nparser.KeyAst$File:  <unknown>:1#1 
400249     INFO  Test worker     d.u.i.k.n.KeyIO           MODE: declarations took 0 ms 
400249     DEBUG Test worker     d.u.i.k.n.KeyIO           MODE: 2nd degree decls took 0 
400249     INFO  Test worker     d.u.i.k.n.KeyIO           Parsing took 0 ms 
400249     DEBUG Test worker     d.u.i.k.n.KeyIO           Load declarations of de.uka.ilkd.key.nparser.KeyAst$File:  <unknown>:1#1 
400249     INFO  Test worker     d.u.i.k.n.KeyIO           MODE: declarations took 0 ms 
400249     DEBUG Test worker     d.u.i.k.n.KeyIO           MODE: 2nd degree decls took 0 
402906     INFO  Test worker     d.u.i.k.n.KeyIO           Parsing took 0 ms 
402906     DEBUG Test worker     d.u.i.k.n.KeyIO           Load declarations of de.uka.ilkd.key.nparser.KeyAst$File:  <unknown>:1#1 
402906     INFO  Test worker     d.u.i.k.n.KeyIO           MODE: declarations took 0 ms 
402906     DEBUG Test worker     d.u.i.k.n.KeyIO           MODE: 2nd degree decls took 0 
402906     INFO  Test worker     d.u.i.k.n.KeyIO           Parsing took 0 ms 
402922     DEBUG Test worker     d.u.i.k.n.KeyIO           Load declarations of de.uka.ilkd.key.nparser.KeyAst$File:  <unknown>:1#1 
402922     INFO  Test worker     d.u.i.k.n.KeyIO           MODE: declarations took 0 ms 
402922     DEBUG Test worker     d.u.i.k.n.KeyIO           MODE: 2nd degree decls took 0 
402922     INFO  Test worker     d.u.i.k.n.KeyIO           Parsing took 0 ms 
402922     DEBUG Test worker     d.u.i.k.n.KeyIO           Load declarations of de.uka.ilkd.key.nparser.KeyAst$File:  <unknown>:1#1 
402922     INFO  Test worker     d.u.i.k.n.KeyIO           MODE: declarations took 0 ms 
402922     DEBUG Test worker     d.u.i.k.n.KeyIO           MODE: 2nd degree decls took 0 
402922     INFO  Test worker     d.u.i.k.n.KeyIO           Parsing took 0 ms 
402922     DEBUG Test worker     d.u.i.k.n.KeyIO           Load declarations of de.uka.ilkd.key.nparser.KeyAst$File:  <unknown>:1#1 
402922     INFO  Test worker     d.u.i.k.n.KeyIO           MODE: declarations took 0 ms 
402922     DEBUG Test worker     d.u.i.k.n.KeyIO           MODE: 2nd degree decls took 0 
402922     INFO  Test worker     d.u.i.k.n.KeyIO           Parsing took 0 ms 
402922     DEBUG Test worker     d.u.i.k.n.KeyIO           Load declarations of de.uka.ilkd.key.nparser.KeyAst$File:  <unknown>:1#1 
402922     INFO  Test worker     d.u.i.k.n.KeyIO           MODE: declarations took 0 ms 
402922     DEBUG Test worker     d.u.i.k.n.KeyIO           MODE: 2nd degree decls took 0 
405595     INFO  Test worker     d.u.i.k.n.KeyIO           Parsing took 0 ms 
405595     DEBUG Test worker     d.u.i.k.n.KeyIO           Load declarations of de.uka.ilkd.key.nparser.KeyAst$File:  <unknown>:1#1 
405595     INFO  Test worker     d.u.i.k.n.KeyIO           MODE: declarations took 0 ms 
405595     DEBUG Test worker     d.u.i.k.n.KeyIO           MODE: 2nd degree decls took 0 
405595     INFO  Test worker     d.u.i.k.n.KeyIO           Parsing took 0 ms 
405595     DEBUG Test worker     d.u.i.k.n.KeyIO           Load declarations of de.uka.ilkd.key.nparser.KeyAst$File:  <unknown>:1#1 
405595     INFO  Test worker     d.u.i.k.n.KeyIO           MODE: declarations took 0 ms 
405595     DEBUG Test worker     d.u.i.k.n.KeyIO           MODE: 2nd degree decls took 0 
405595     INFO  Test worker     d.u.i.k.n.KeyIO           Parsing took 0 ms 
405595     DEBUG Test worker     d.u.i.k.n.KeyIO           Load declarations of de.uka.ilkd.key.nparser.KeyAst$File:  <unknown>:1#1 
405595     INFO  Test worker     d.u.i.k.n.KeyIO           MODE: declarations took 0 ms 
405595     DEBUG Test worker     d.u.i.k.n.KeyIO           MODE: 2nd degree decls took 0 
405595     INFO  Test worker     d.u.i.k.n.KeyIO           Parsing took 0 ms 
405595     DEBUG Test worker     d.u.i.k.n.KeyIO           Load declarations of de.uka.ilkd.key.nparser.KeyAst$File:  <unknown>:1#1 
405595     INFO  Test worker     d.u.i.k.n.KeyIO           MODE: declarations took 0 ms 
405595     DEBUG Test worker     d.u.i.k.n.KeyIO           MODE: 2nd degree decls took 0 
405595     INFO  Test worker     d.u.i.k.n.KeyIO           Parsing took 0 ms 
405595     DEBUG Test worker     d.u.i.k.n.KeyIO           Load declarations of de.uka.ilkd.key.nparser.KeyAst$File:  <unknown>:1#1 
405595     INFO  Test worker     d.u.i.k.n.KeyIO           MODE: declarations took 0 ms 
405595     DEBUG Test worker     d.u.i.k.n.KeyIO           MODE: 2nd degree decls took 0 
408285     INFO  Test worker     d.u.i.k.n.KeyIO           Parsing took 0 ms 
408285     DEBUG Test worker     d.u.i.k.n.KeyIO           Load declarations of de.uka.ilkd.key.nparser.KeyAst$File:  <unknown>:1#1 
408285     INFO  Test worker     d.u.i.k.n.KeyIO           MODE: declarations took 0 ms 
408285     DEBUG Test worker     d.u.i.k.n.KeyIO           MODE: 2nd degree decls took 0 
408285     INFO  Test worker     d.u.i.k.n.KeyIO           Parsing took 0 ms 
408285     DEBUG Test worker     d.u.i.k.n.KeyIO           Load declarations of de.uka.ilkd.key.nparser.KeyAst$File:  <unknown>:1#1 
408285     INFO  Test worker     d.u.i.k.n.KeyIO           MODE: declarations took 0 ms 
408285     DEBUG Test worker     d.u.i.k.n.KeyIO           MODE: 2nd degree decls took 0 
408285     INFO  Test worker     d.u.i.k.n.KeyIO           Parsing took 0 ms 
408285     DEBUG Test worker     d.u.i.k.n.KeyIO           Load declarations of de.uka.ilkd.key.nparser.KeyAst$File:  <unknown>:1#1 
408285     INFO  Test worker     d.u.i.k.n.KeyIO           MODE: declarations took 0 ms 
408285     DEBUG Test worker     d.u.i.k.n.KeyIO           MODE: 2nd degree decls took 0 
408285     INFO  Test worker     d.u.i.k.n.KeyIO           Parsing took 0 ms 
408285     DEBUG Test worker     d.u.i.k.n.KeyIO           Load declarations of de.uka.ilkd.key.nparser.KeyAst$File:  <unknown>:1#1 
408285     INFO  Test worker     d.u.i.k.n.KeyIO           MODE: declarations took 0 ms 
408285     DEBUG Test worker     d.u.i.k.n.KeyIO           MODE: 2nd degree decls took 0 
408285     INFO  Test worker     d.u.i.k.n.KeyIO           Parsing took 0 ms 
408285     DEBUG Test worker     d.u.i.k.n.KeyIO           Load declarations of de.uka.ilkd.key.nparser.KeyAst$File:  <unknown>:1#1 
408285     INFO  Test worker     d.u.i.k.n.KeyIO           MODE: declarations took 0 ms 
408285     DEBUG Test worker     d.u.i.k.n.KeyIO           MODE: 2nd degree decls took 0 
410958     INFO  Test worker     d.u.i.k.n.KeyIO           Parsing took 0 ms 
410958     DEBUG Test worker     d.u.i.k.n.KeyIO           Load declarations of de.uka.ilkd.key.nparser.KeyAst$File:  <unknown>:1#1 
410958     INFO  Test worker     d.u.i.k.n.KeyIO           MODE: declarations took 0 ms 
410958     DEBUG Test worker     d.u.i.k.n.KeyIO           MODE: 2nd degree decls took 0 
410958     INFO  Test worker     d.u.i.k.n.KeyIO           Parsing took 0 ms 
410958     DEBUG Test worker     d.u.i.k.n.KeyIO           Load declarations of de.uka.ilkd.key.nparser.KeyAst$File:  <unknown>:1#1 
410958     INFO  Test worker     d.u.i.k.n.KeyIO           MODE: declarations took 0 ms 
410958     DEBUG Test worker     d.u.i.k.n.KeyIO           MODE: 2nd degree decls took 0 
410958     INFO  Test worker     d.u.i.k.n.KeyIO           Parsing took 0 ms 
410958     DEBUG Test worker     d.u.i.k.n.KeyIO           Load declarations of de.uka.ilkd.key.nparser.KeyAst$File:  <unknown>:1#1 
410958     INFO  Test worker     d.u.i.k.n.KeyIO           MODE: declarations took 0 ms 
410958     DEBUG Test worker     d.u.i.k.n.KeyIO           MODE: 2nd degree decls took 0 
410958     INFO  Test worker     d.u.i.k.n.KeyIO           Parsing took 0 ms 
410958     DEBUG Test worker     d.u.i.k.n.KeyIO           Load declarations of de.uka.ilkd.key.nparser.KeyAst$File:  <unknown>:1#1 
410958     INFO  Test worker     d.u.i.k.n.KeyIO           MODE: declarations took 0 ms 
410958     DEBUG Test worker     d.u.i.k.n.KeyIO           MODE: 2nd degree decls took 0 
410958     INFO  Test worker     d.u.i.k.n.KeyIO           Parsing took 0 ms 
410958     DEBUG Test worker     d.u.i.k.n.KeyIO           Load declarations of de.uka.ilkd.key.nparser.KeyAst$File:  <unknown>:1#1 
410958     INFO  Test worker     d.u.i.k.n.KeyIO           MODE: declarations took 0 ms 
410958     DEBUG Test worker     d.u.i.k.n.KeyIO           MODE: 2nd degree decls took 0 
]]></system-out>
  <system-err><![CDATA[]]></system-err>
</testsuite>
