<?xml version="1.0" encoding="UTF-8"?>
<testsuite name="de.uka.ilkd.key.rule.merge.PredicateAbstractionLatticeTests" tests="3" skipped="0" failures="0" errors="0" timestamp="2023-05-27T16:48:10" hostname="fv-az435-671" time="5.489">
  <properties/>
  <testcase name="testToAndFromString()" classname="de.uka.ilkd.key.rule.merge.PredicateAbstractionLatticeTests" time="2.812"/>
  <testcase name="testCreateSignLatticeWithPredicates()" classname="de.uka.ilkd.key.rule.merge.PredicateAbstractionLatticeTests" time="2.676"/>
  <testcase name="testTrivialPredicatesLattice()" classname="de.uka.ilkd.key.rule.merge.PredicateAbstractionLatticeTests" time="0.0"/>
  <system-out><![CDATA[523553     INFO  Test worker     d.u.i.k.p.i.AbstractProblemLoader Loading environment from src\test\resources\testcase\merge\dummy.key 
523553     DEBUG Test worker     d.u.i.k.p.i.AbstractProblemLoader Environment load took 207.2ns 
523553     INFO  Test worker     d.u.i.k.p.i.AbstractProblemLoader Creating init config 
526352     DEBUG Test worker     d.u.i.k.p.i.AbstractProblemLoader Init config took 2.79s 
526368     INFO  Test worker     d.u.i.k.p.i.AbstractProblemLoader Replaying proof dummy.key 
526368     DEBUG Test worker     d.u.i.k.p.i.IntermediateProofReplayer Proof replay took 8.8ns 
526368     INFO  Test worker     d.u.i.k.p.i.AbstractProblemLoader Loading environment from src\test\resources\testcase\merge\dummy.key 
526368     DEBUG Test worker     d.u.i.k.p.i.AbstractProblemLoader Environment load took 360.4ns 
526368     INFO  Test worker     d.u.i.k.p.i.AbstractProblemLoader Creating init config 
529027     DEBUG Test worker     d.u.i.k.p.i.AbstractProblemLoader Init config took 2.66s 
529042     INFO  Test worker     d.u.i.k.p.i.AbstractProblemLoader Replaying proof dummy.key 
529042     DEBUG Test worker     d.u.i.k.p.i.IntermediateProofReplayer Proof replay took 10.9ns 
]]></system-out>
  <system-err><![CDATA[]]></system-err>
</testsuite>
