<?xml version="1.0" encoding="UTF-8"?>
<testsuite name="de.uka.ilkd.key.util.TestProofStarter" tests="2" skipped="0" failures="0" errors="0" timestamp="2023-05-27T16:52:26" hostname="fv-az435-671" time="52.23">
  <properties/>
  <testcase name="testDirectProofWithOneStepSimplification()" classname="de.uka.ilkd.key.util.TestProofStarter" time="27.138"/>
  <testcase name="testDirectProof()" classname="de.uka.ilkd.key.util.TestProofStarter" time="25.092"/>
  <system-out><![CDATA[779807     INFO  Test worker     d.u.i.k.p.i.AbstractProblemLoader Loading environment from src\test\resources\testcase\proofStarter\CC\project.key 
779807     DEBUG Test worker     d.u.i.k.p.i.AbstractProblemLoader Environment load took 162.7ns 
779807     INFO  Test worker     d.u.i.k.p.i.AbstractProblemLoader Creating init config 
782761     DEBUG Test worker     d.u.i.k.p.i.AbstractProblemLoader Init config took 2.94s 
782808     INFO  Test worker     d.u.i.k.p.i.AbstractProblemLoader Replaying proof CC[CC::calcCoinIndex([I,[I)].JML normal_behavior operation contract.0 
782808     DEBUG Test worker     d.u.i.k.p.i.IntermediateProofReplayer Proof replay took 2.1ns 
806933     INFO  Test worker     d.u.i.k.p.i.AbstractProblemLoader Loading environment from src\test\resources\testcase\proofStarter\CC\project.key 
806933     DEBUG Test worker     d.u.i.k.p.i.AbstractProblemLoader Environment load took 205.8ns 
806948     INFO  Test worker     d.u.i.k.p.i.AbstractProblemLoader Creating init config 
809636     DEBUG Test worker     d.u.i.k.p.i.AbstractProblemLoader Init config took 2.7s 
809683     INFO  Test worker     d.u.i.k.p.i.AbstractProblemLoader Replaying proof CC[CC::calcCoinIndex([I,[I)].JML normal_behavior operation contract.0 
809683     DEBUG Test worker     d.u.i.k.p.i.IntermediateProofReplayer Proof replay took 1.6ns 
]]></system-out>
  <system-err><![CDATA[]]></system-err>
</testsuite>
