<?xml version="1.0" encoding="UTF-8"?>
<testsuite name="de.uka.ilkd.key.proof.io.consistency.TestProofBundleIO" tests="3" skipped="0" failures="0" errors="0" timestamp="2023-05-27T16:46:34" hostname="fv-az435-671" time="7.11">
  <properties/>
  <testcase name="testSimpleFileRepo()" classname="de.uka.ilkd.key.proof.io.consistency.TestProofBundleIO" time="0.031"/>
  <testcase name="testComplexBundleGeneration()" classname="de.uka.ilkd.key.proof.io.consistency.TestProofBundleIO" time="1.286"/>
  <testcase name="testSimpleBundleGeneration()" classname="de.uka.ilkd.key.proof.io.consistency.TestProofBundleIO" time="5.792"/>
  <system-out><![CDATA[427388     INFO  Test worker     d.u.i.k.p.i.AbstractProblemLoader Loading environment from D:\a\key\key\key.core\src\test\resources\testcase\proofBundle\complexBundleGeneration\test.key 
427388     DEBUG Test worker     d.u.i.k.p.i.AbstractProblemLoader Environment load took 135.7ns 
427403     INFO  Test worker     d.u.i.k.p.i.AbstractProblemLoader Creating init config 
427872     DEBUG Test worker     d.u.i.k.p.i.AbstractProblemLoader Init config took 467.61ms 
427903     INFO  Test worker     d.u.i.k.p.i.AbstractProblemLoader Replaying proof Test[Test::constant()].JML normal_behavior operation contract.0 
427903     DEBUG Test worker     d.u.i.k.p.i.IntermediateProofReplayer Proof replay took 9.1ns 
428154     INFO  Test worker     d.u.i.k.p.i.AbstractProblemLoader Loading environment from D:\a\key\key\key.core\src\test\resources\testcase\proofBundle\complexBundleGeneration\test.zproof 
428216     DEBUG Test worker     d.u.i.k.p.i.AbstractProblemLoader Environment load took 60.15ms 
428216     INFO  Test worker     d.u.i.k.p.i.AbstractProblemLoader Creating init config 
428607     DEBUG Test worker     d.u.i.k.p.i.AbstractProblemLoader Init config took 382.49ms 
428638     INFO  Test worker     d.u.i.k.p.i.AbstractProblemLoader Replaying proof Test[Test::constant()].JML normal_behavior operation contract.0 
428669     DEBUG Test worker     d.u.i.k.p.i.IntermediateProofReplayer Proof replay took 23.33ms 
428669     INFO  Test worker     d.u.i.k.p.i.AbstractProblemLoader Loading environment from D:\a\key\key\key.core\src\test\resources\testcase\proofBundle\simpleBundleGeneration\test.key 
428669     DEBUG Test worker     d.u.i.k.p.i.AbstractProblemLoader Environment load took 474.2ns 
428669     INFO  Test worker     d.u.i.k.p.i.AbstractProblemLoader Creating init config 
431468     DEBUG Test worker     d.u.i.k.p.i.AbstractProblemLoader Init config took 2.8s 
431514     INFO  Test worker     d.u.i.k.p.i.AbstractProblemLoader Replaying proof Test[Test::constant()].JML normal_behavior operation contract.0 
431514     DEBUG Test worker     d.u.i.k.p.i.IntermediateProofReplayer Proof replay took 10.3ns 
431640     INFO  Test worker     d.u.i.k.p.i.AbstractProblemLoader Loading environment from D:\a\key\key\key.core\src\test\resources\testcase\proofBundle\simpleBundleGeneration\test.zproof 
431656     DEBUG Test worker     d.u.i.k.p.i.AbstractProblemLoader Environment load took 3.89ms 
431656     INFO  Test worker     d.u.i.k.p.i.AbstractProblemLoader Creating init config 
434407     DEBUG Test worker     d.u.i.k.p.i.AbstractProblemLoader Init config took 2.75s 
434454     INFO  Test worker     d.u.i.k.p.i.AbstractProblemLoader Replaying proof Test[Test::constant()].JML normal_behavior operation contract.0 
434454     DEBUG Test worker     d.u.i.k.p.i.IntermediateProofReplayer Proof replay took 7.59ms 
]]></system-out>
  <system-err><![CDATA[]]></system-err>
</testsuite>
