<?xml version="1.0" encoding="UTF-8"?>
<testsuite name="de.uka.ilkd.key.proof.TestOneStepSimplifier" tests="1" skipped="0" failures="0" errors="0" timestamp="2023-05-27T16:46:23" hostname="fv-az435-671" time="3.623">
  <properties/>
  <testcase name="loadWithRestriction()" classname="de.uka.ilkd.key.proof.TestOneStepSimplifier" time="3.623"/>
  <system-out><![CDATA[416351     INFO  Test worker     d.u.i.k.p.i.AbstractProblemLoader Loading environment from src\test\resources\testcase\ossRestriction.proof 
416351     DEBUG Test worker     d.u.i.k.p.i.AbstractProblemLoader Environment load took 166.3ns 
416366     INFO  Test worker     d.u.i.k.p.i.AbstractProblemLoader Creating init config 
416476     DEBUG Test worker     d.u.i.k.j.TypeConverter   No LDT found for Meta 
416476     DEBUG Test worker     d.u.i.k.j.TypeConverter   No LDT found for Meta 
416476     DEBUG Test worker     d.u.i.k.j.TypeConverter   No LDT found for Meta 
416476     DEBUG Test worker     d.u.i.k.j.TypeConverter   No LDT found for Meta 
417008     DEBUG Test worker     d.u.i.k.j.TypeConverter   No LDT found for JavaBigintExpression 
419947     DEBUG Test worker     d.u.i.k.p.i.AbstractProblemLoader Init config took 3.58s 
419963     INFO  Test worker     d.u.i.k.p.i.AbstractProblemLoader Replaying proof ossRestriction.proof 
419978     DEBUG Test worker     d.u.i.k.p.i.IntermediateProofReplayer Proof replay took 775.6ns 
]]></system-out>
  <system-err><![CDATA[]]></system-err>
</testsuite>
