<?xml version="1.0" encoding="UTF-8"?>
<testsuite name="de.uka.ilkd.key.parser.TestDeclParser" tests="14" skipped="2" failures="0" errors="0" timestamp="2023-05-27T16:43:02" hostname="fv-az435-671" time="10.74">
  <properties/>
  <testcase name="testGenericSortDecl1()" classname="de.uka.ilkd.key.parser.TestDeclParser" time="0.977"/>
  <testcase name="testGenericSortDecl2()" classname="de.uka.ilkd.key.parser.TestDeclParser" time="0.883"/>
  <testcase name="testGenericSortDecl3()" classname="de.uka.ilkd.key.parser.TestDeclParser" time="0.905"/>
  <testcase name="testGenericSortDecl4()" classname="de.uka.ilkd.key.parser.TestDeclParser" time="0.891"/>
  <testcase name="testGenericSortDecl5()" classname="de.uka.ilkd.key.parser.TestDeclParser" time="0.0">
    <skipped/>
  </testcase>
  <testcase name="testGenericSortDecl6()" classname="de.uka.ilkd.key.parser.TestDeclParser" time="0.824"/>
  <testcase name="testSortDecl()" classname="de.uka.ilkd.key.parser.TestDeclParser" time="0.883"/>
  <testcase name="testProxySortDecl()" classname="de.uka.ilkd.key.parser.TestDeclParser" time="0.965"/>
  <testcase name="testArrayDecl()" classname="de.uka.ilkd.key.parser.TestDeclParser" time="0.831"/>
  <testcase name="testAmbiguousDecls()" classname="de.uka.ilkd.key.parser.TestDeclParser" time="0.0">
    <skipped/>
  </testcase>
  <testcase name="testHeurDecl()" classname="de.uka.ilkd.key.parser.TestDeclParser" time="0.884"/>
  <testcase name="testFunctionDecl()" classname="de.uka.ilkd.key.parser.TestDeclParser" time="0.921"/>
  <testcase name="testPredicateDecl()" classname="de.uka.ilkd.key.parser.TestDeclParser" time="0.927"/>
  <testcase name="testSVDecl()" classname="de.uka.ilkd.key.parser.TestDeclParser" time="0.845"/>
  <system-out><![CDATA[216416     INFO  Test worker     d.u.i.k.n.KeyIO           Parsing took 0 ms 
216416     DEBUG Test worker     d.u.i.k.n.KeyIO           Load declarations of de.uka.ilkd.key.nparser.KeyAst$File:  <unknown>:1#1 
216416     INFO  Test worker     d.u.i.k.n.KeyIO           MODE: declarations took 0 ms 
216416     DEBUG Test worker     d.u.i.k.n.KeyIO           MODE: 2nd degree decls took 0 
216416     DEBUG Test worker     d.u.i.k.n.KeyIO           MODE: taclets took 0ms 
217307     INFO  Test worker     d.u.i.k.n.KeyIO           Parsing took 0 ms 
217307     DEBUG Test worker     d.u.i.k.n.KeyIO           Load declarations of de.uka.ilkd.key.nparser.KeyAst$File:  <unknown>:1#1 
217307     INFO  Test worker     d.u.i.k.n.KeyIO           MODE: declarations took 0 ms 
217307     DEBUG Test worker     d.u.i.k.n.KeyIO           MODE: 2nd degree decls took 0 
217307     DEBUG Test worker     d.u.i.k.n.KeyIO           MODE: taclets took 0ms 
218214     INFO  Test worker     d.u.i.k.n.KeyIO           Parsing took 0 ms 
218214     DEBUG Test worker     d.u.i.k.n.KeyIO           Load declarations of de.uka.ilkd.key.nparser.KeyAst$File:  <unknown>:1#1 
218214     INFO  Test worker     d.u.i.k.n.KeyIO           MODE: declarations took 0 ms 
218214     DEBUG Test worker     d.u.i.k.n.KeyIO           MODE: 2nd degree decls took 0 
218214     DEBUG Test worker     d.u.i.k.n.KeyIO           MODE: taclets took 0ms 
219105     INFO  Test worker     d.u.i.k.n.KeyIO           Parsing took 0 ms 
219105     DEBUG Test worker     d.u.i.k.n.KeyIO           Load declarations of de.uka.ilkd.key.nparser.KeyAst$File:  <unknown>:1#1 
219105     INFO  Test worker     d.u.i.k.n.KeyIO           MODE: declarations took 0 ms 
219105     DEBUG Test worker     d.u.i.k.n.KeyIO           MODE: 2nd degree decls took 0 
219105     DEBUG Test worker     d.u.i.k.n.KeyIO           MODE: taclets took 0ms 
219918     INFO  Test worker     d.u.i.k.n.KeyIO           Parsing took 0 ms 
219918     DEBUG Test worker     d.u.i.k.n.KeyIO           Load declarations of de.uka.ilkd.key.nparser.KeyAst$File:  <unknown>:1#1 
219918     INFO  Test worker     d.u.i.k.n.KeyIO           MODE: declarations took 0 ms 
219918     DEBUG Test worker     d.u.i.k.n.KeyIO           MODE: 2nd degree decls took 0 
219918     DEBUG Test worker     d.u.i.k.n.KeyIO           MODE: taclets took 0ms 
220809     INFO  Test worker     d.u.i.k.n.KeyIO           Parsing took 0 ms 
220809     DEBUG Test worker     d.u.i.k.n.KeyIO           Load declarations of de.uka.ilkd.key.nparser.KeyAst$File:  <unknown>:1#1 
220809     INFO  Test worker     d.u.i.k.n.KeyIO           MODE: declarations took 0 ms 
220809     DEBUG Test worker     d.u.i.k.n.KeyIO           MODE: 2nd degree decls took 0 
220809     DEBUG Test worker     d.u.i.k.n.KeyIO           MODE: taclets took 0ms 
221778     INFO  Test worker     d.u.i.k.n.KeyIO           Parsing took 0 ms 
221778     DEBUG Test worker     d.u.i.k.n.KeyIO           Load declarations of de.uka.ilkd.key.nparser.KeyAst$File:  <unknown>:1#1 
221778     INFO  Test worker     d.u.i.k.n.KeyIO           MODE: declarations took 0 ms 
221778     DEBUG Test worker     d.u.i.k.n.KeyIO           MODE: 2nd degree decls took 0 
221778     DEBUG Test worker     d.u.i.k.n.KeyIO           MODE: taclets took 0ms 
222606     INFO  Test worker     d.u.i.k.n.KeyIO           Parsing took 0 ms 
222606     DEBUG Test worker     d.u.i.k.n.KeyIO           Load declarations of de.uka.ilkd.key.nparser.KeyAst$File:  <unknown>:1#1 
222606     INFO  Test worker     d.u.i.k.n.KeyIO           MODE: declarations took 0 ms 
222606     DEBUG Test worker     d.u.i.k.n.KeyIO           MODE: 2nd degree decls took 0 
222606     DEBUG Test worker     d.u.i.k.n.KeyIO           MODE: taclets took 0ms 
223497     INFO  Test worker     d.u.i.k.n.KeyIO           Parsing took 0 ms 
223497     DEBUG Test worker     d.u.i.k.n.KeyIO           Load declarations of de.uka.ilkd.key.nparser.KeyAst$File:  <unknown>:1#1 
223497     INFO  Test worker     d.u.i.k.n.KeyIO           MODE: declarations took 0 ms 
223497     DEBUG Test worker     d.u.i.k.n.KeyIO           MODE: 2nd degree decls took 0 
223497     DEBUG Test worker     d.u.i.k.n.KeyIO           MODE: taclets took 0ms 
224373     INFO  Test worker     d.u.i.k.n.KeyIO           Parsing took 0 ms 
224373     DEBUG Test worker     d.u.i.k.n.KeyIO           Load declarations of de.uka.ilkd.key.nparser.KeyAst$File:  <unknown>:1#1 
224373     INFO  Test worker     d.u.i.k.n.KeyIO           MODE: declarations took 0 ms 
224373     DEBUG Test worker     d.u.i.k.n.KeyIO           MODE: 2nd degree decls took 0 
224373     DEBUG Test worker     d.u.i.k.n.KeyIO           MODE: taclets took 0ms 
225342     INFO  Test worker     d.u.i.k.n.KeyIO           Parsing took 0 ms 
225342     DEBUG Test worker     d.u.i.k.n.KeyIO           Load declarations of de.uka.ilkd.key.nparser.KeyAst$File:  <unknown>:1#1 
225342     INFO  Test worker     d.u.i.k.n.KeyIO           MODE: declarations took 0 ms 
225342     DEBUG Test worker     d.u.i.k.n.KeyIO           MODE: 2nd degree decls took 0 
225342     DEBUG Test worker     d.u.i.k.n.KeyIO           MODE: taclets took 0ms 
226187     INFO  Test worker     d.u.i.k.n.KeyIO           Parsing took 0 ms 
226187     DEBUG Test worker     d.u.i.k.n.KeyIO           Load declarations of de.uka.ilkd.key.nparser.KeyAst$File:  <unknown>:1#1 
226187     INFO  Test worker     d.u.i.k.n.KeyIO           MODE: declarations took 0 ms 
226187     DEBUG Test worker     d.u.i.k.n.KeyIO           MODE: 2nd degree decls took 0 
226187     DEBUG Test worker     d.u.i.k.n.KeyIO           MODE: taclets took 0ms 
]]></system-out>
  <system-err><![CDATA[]]></system-err>
</testsuite>
