<?xml version="1.0" encoding="UTF-8"?>
<testsuite name="de.uka.ilkd.key.rule.loop.LoopScopeInvRuleTests" tests="1" skipped="0" failures="0" errors="0" timestamp="2023-05-27T16:46:48" hostname="fv-az435-671" time="4.449">
  <properties/>
  <testcase name="testDoAutomaticProofOfBenchmarkWithLabeledBreaksAndContinues()" classname="de.uka.ilkd.key.rule.loop.LoopScopeInvRuleTests" time="4.449"/>
  <system-out><![CDATA[441114     INFO  Test worker     d.u.i.k.p.i.AbstractProblemLoader Loading environment from src\test\resources\testcase\loopScopeInvRule\Test.key 
441114     DEBUG Test worker     d.u.i.k.p.i.AbstractProblemLoader Environment load took 137.8ns 
441114     INFO  Test worker     d.u.i.k.p.i.AbstractProblemLoader Creating init config 
441286     DEBUG Test worker     d.u.i.k.j.TypeConverter   No LDT found for Meta 
441286     DEBUG Test worker     d.u.i.k.j.TypeConverter   No LDT found for Meta 
441286     DEBUG Test worker     d.u.i.k.j.TypeConverter   No LDT found for Meta 
441286     DEBUG Test worker     d.u.i.k.j.TypeConverter   No LDT found for Meta 
441895     DEBUG Test worker     d.u.i.k.j.TypeConverter   No LDT found for JavaBigintExpression 
444975     DEBUG Test worker     d.u.i.k.p.i.AbstractProblemLoader Init config took 3.86s 
445022     INFO  Test worker     d.u.i.k.p.i.AbstractProblemLoader Replaying proof Test[Test::loopScopeRuleBenchmark(int,boolean)].JML normal_behavior operation contract.0 
445022     DEBUG Test worker     d.u.i.k.p.i.IntermediateProofReplayer Proof replay took 17.2ns 
]]></system-out>
  <system-err><![CDATA[]]></system-err>
</testsuite>
