<?xml version="1.0" encoding="UTF-8"?>
<testsuite name="de.uka.ilkd.key.logic.TestClashFreeSubst" tests="14" skipped="2" failures="0" errors="0" timestamp="2023-05-27T16:40:03" hostname="fv-az435-671" time="45.64">
  <properties/>
  <testcase name="testMultiShareBound()" classname="de.uka.ilkd.key.logic.TestClashFreeSubst" time="0.914"/>
  <testcase name="testClash()" classname="de.uka.ilkd.key.logic.TestClashFreeSubst" time="0.863"/>
  <testcase name="testShare()" classname="de.uka.ilkd.key.logic.TestClashFreeSubst" time="0.85"/>
  <testcase name="testSubst()" classname="de.uka.ilkd.key.logic.TestClashFreeSubst" time="0.836"/>
  <testcase name="testWary0()" classname="de.uka.ilkd.key.logic.TestClashFreeSubst" time="0.837"/>
  <testcase name="testWary1()" classname="de.uka.ilkd.key.logic.TestClashFreeSubst" time="0.847"/>
  <testcase name="testWary2()" classname="de.uka.ilkd.key.logic.TestClashFreeSubst" time="0.87"/>
  <testcase name="testClashInSubstTerm()" classname="de.uka.ilkd.key.logic.TestClashFreeSubst" time="0.844"/>
  <testcase name="testShareWary()" classname="de.uka.ilkd.key.logic.TestClashFreeSubst" time="0.836"/>
  <testcase name="testMultiSubst()" classname="de.uka.ilkd.key.logic.TestClashFreeSubst" time="0.837"/>
  <testcase name="xtestMultiClash()" classname="de.uka.ilkd.key.logic.TestClashFreeSubst" time="0.0">
    <skipped/>
  </testcase>
  <testcase name="testSubstInSubstTerm()" classname="de.uka.ilkd.key.logic.TestClashFreeSubst" time="0.86"/>
  <testcase name="testSubstWary()" classname="de.uka.ilkd.key.logic.TestClashFreeSubst" time="0.841"/>
  <testcase name="xtestMultiClash1()" classname="de.uka.ilkd.key.logic.TestClashFreeSubst" time="0.0">
    <skipped/>
  </testcase>
  <system-out><![CDATA[36693      INFO  Test worker     d.u.i.k.n.KeyIO           Parsing took 0 ms 
36693      DEBUG Test worker     d.u.i.k.n.KeyIO           Load declarations of de.uka.ilkd.key.nparser.KeyAst$File:  <unknown>:1#1 
36693      INFO  Test worker     d.u.i.k.n.KeyIO           MODE: declarations took 0 ms 
36693      DEBUG Test worker     d.u.i.k.n.KeyIO           MODE: 2nd degree decls took 0 
37586      INFO  Test worker     d.u.i.k.n.KeyIO           Parsing took 0 ms 
37586      DEBUG Test worker     d.u.i.k.n.KeyIO           Load declarations of de.uka.ilkd.key.nparser.KeyAst$File:  <unknown>:1#1 
37586      INFO  Test worker     d.u.i.k.n.KeyIO           MODE: declarations took 0 ms 
37601      DEBUG Test worker     d.u.i.k.n.KeyIO           MODE: 2nd degree decls took 0 
40464      INFO  Test worker     d.u.i.k.n.KeyIO           Parsing took 0 ms 
40464      DEBUG Test worker     d.u.i.k.n.KeyIO           Load declarations of de.uka.ilkd.key.nparser.KeyAst$File:  <unknown>:1#1 
40464      INFO  Test worker     d.u.i.k.n.KeyIO           MODE: declarations took 0 ms 
40464      DEBUG Test worker     d.u.i.k.n.KeyIO           MODE: 2nd degree decls took 0 
41308      INFO  Test worker     d.u.i.k.n.KeyIO           Parsing took 0 ms 
41308      DEBUG Test worker     d.u.i.k.n.KeyIO           Load declarations of de.uka.ilkd.key.nparser.KeyAst$File:  <unknown>:1#1 
41308      INFO  Test worker     d.u.i.k.n.KeyIO           MODE: declarations took 0 ms 
41308      DEBUG Test worker     d.u.i.k.n.KeyIO           MODE: 2nd degree decls took 0 
44106      INFO  Test worker     d.u.i.k.n.KeyIO           Parsing took 0 ms 
44106      DEBUG Test worker     d.u.i.k.n.KeyIO           Load declarations of de.uka.ilkd.key.nparser.KeyAst$File:  <unknown>:1#1 
44106      INFO  Test worker     d.u.i.k.n.KeyIO           MODE: declarations took 0 ms 
44106      DEBUG Test worker     d.u.i.k.n.KeyIO           MODE: 2nd degree decls took 0 
44951      INFO  Test worker     d.u.i.k.n.KeyIO           Parsing took 0 ms 
44951      DEBUG Test worker     d.u.i.k.n.KeyIO           Load declarations of de.uka.ilkd.key.nparser.KeyAst$File:  <unknown>:1#1 
44951      INFO  Test worker     d.u.i.k.n.KeyIO           MODE: declarations took 0 ms 
44951      DEBUG Test worker     d.u.i.k.n.KeyIO           MODE: 2nd degree decls took 0 
47734      INFO  Test worker     d.u.i.k.n.KeyIO           Parsing took 0 ms 
47734      DEBUG Test worker     d.u.i.k.n.KeyIO           Load declarations of de.uka.ilkd.key.nparser.KeyAst$File:  <unknown>:1#1 
47734      INFO  Test worker     d.u.i.k.n.KeyIO           MODE: declarations took 0 ms 
47734      DEBUG Test worker     d.u.i.k.n.KeyIO           MODE: 2nd degree decls took 0 
48562      INFO  Test worker     d.u.i.k.n.KeyIO           Parsing took 0 ms 
48562      DEBUG Test worker     d.u.i.k.n.KeyIO           Load declarations of de.uka.ilkd.key.nparser.KeyAst$File:  <unknown>:1#1 
48562      INFO  Test worker     d.u.i.k.n.KeyIO           MODE: declarations took 0 ms 
48562      DEBUG Test worker     d.u.i.k.n.KeyIO           MODE: 2nd degree decls took 0 
51360      INFO  Test worker     d.u.i.k.n.KeyIO           Parsing took 0 ms 
51360      DEBUG Test worker     d.u.i.k.n.KeyIO           Load declarations of de.uka.ilkd.key.nparser.KeyAst$File:  <unknown>:1#1 
51360      INFO  Test worker     d.u.i.k.n.KeyIO           MODE: declarations took 0 ms 
51360      DEBUG Test worker     d.u.i.k.n.KeyIO           MODE: 2nd degree decls took 0 
52188      INFO  Test worker     d.u.i.k.n.KeyIO           Parsing took 0 ms 
52188      DEBUG Test worker     d.u.i.k.n.KeyIO           Load declarations of de.uka.ilkd.key.nparser.KeyAst$File:  <unknown>:1#1 
52188      INFO  Test worker     d.u.i.k.n.KeyIO           MODE: declarations took 0 ms 
52188      DEBUG Test worker     d.u.i.k.n.KeyIO           MODE: 2nd degree decls took 0 
54894      INFO  Test worker     d.u.i.k.n.KeyIO           Parsing took 0 ms 
54894      DEBUG Test worker     d.u.i.k.n.KeyIO           Load declarations of de.uka.ilkd.key.nparser.KeyAst$File:  <unknown>:1#1 
54894      INFO  Test worker     d.u.i.k.n.KeyIO           MODE: declarations took 0 ms 
54894      DEBUG Test worker     d.u.i.k.n.KeyIO           MODE: 2nd degree decls took 0 
55739      INFO  Test worker     d.u.i.k.n.KeyIO           Parsing took 0 ms 
55739      DEBUG Test worker     d.u.i.k.n.KeyIO           Load declarations of de.uka.ilkd.key.nparser.KeyAst$File:  <unknown>:1#1 
55739      INFO  Test worker     d.u.i.k.n.KeyIO           MODE: declarations took 0 ms 
55739      DEBUG Test worker     d.u.i.k.n.KeyIO           MODE: 2nd degree decls took 0 
58444      INFO  Test worker     d.u.i.k.n.KeyIO           Parsing took 0 ms 
58444      DEBUG Test worker     d.u.i.k.n.KeyIO           Load declarations of de.uka.ilkd.key.nparser.KeyAst$File:  <unknown>:1#1 
58444      INFO  Test worker     d.u.i.k.n.KeyIO           MODE: declarations took 0 ms 
58444      DEBUG Test worker     d.u.i.k.n.KeyIO           MODE: 2nd degree decls took 0 
59304      INFO  Test worker     d.u.i.k.n.KeyIO           Parsing took 0 ms 
59304      DEBUG Test worker     d.u.i.k.n.KeyIO           Load declarations of de.uka.ilkd.key.nparser.KeyAst$File:  <unknown>:1#1 
59304      INFO  Test worker     d.u.i.k.n.KeyIO           MODE: declarations took 0 ms 
59304      DEBUG Test worker     d.u.i.k.n.KeyIO           MODE: 2nd degree decls took 0 
62040      INFO  Test worker     d.u.i.k.n.KeyIO           Parsing took 0 ms 
62040      DEBUG Test worker     d.u.i.k.n.KeyIO           Load declarations of de.uka.ilkd.key.nparser.KeyAst$File:  <unknown>:1#1 
62040      INFO  Test worker     d.u.i.k.n.KeyIO           MODE: declarations took 0 ms 
62040      DEBUG Test worker     d.u.i.k.n.KeyIO           MODE: 2nd degree decls took 0 
62868      INFO  Test worker     d.u.i.k.n.KeyIO           Parsing took 0 ms 
62868      DEBUG Test worker     d.u.i.k.n.KeyIO           Load declarations of de.uka.ilkd.key.nparser.KeyAst$File:  <unknown>:1#1 
62868      INFO  Test worker     d.u.i.k.n.KeyIO           MODE: declarations took 0 ms 
62868      DEBUG Test worker     d.u.i.k.n.KeyIO           MODE: 2nd degree decls took 0 
65558      INFO  Test worker     d.u.i.k.n.KeyIO           Parsing took 0 ms 
65558      DEBUG Test worker     d.u.i.k.n.KeyIO           Load declarations of de.uka.ilkd.key.nparser.KeyAst$File:  <unknown>:1#1 
65558      INFO  Test worker     d.u.i.k.n.KeyIO           MODE: declarations took 0 ms 
65558      DEBUG Test worker     d.u.i.k.n.KeyIO           MODE: 2nd degree decls took 0 
66386      INFO  Test worker     d.u.i.k.n.KeyIO           Parsing took 0 ms 
66386      DEBUG Test worker     d.u.i.k.n.KeyIO           Load declarations of de.uka.ilkd.key.nparser.KeyAst$File:  <unknown>:1#1 
66386      INFO  Test worker     d.u.i.k.n.KeyIO           MODE: declarations took 0 ms 
66386      DEBUG Test worker     d.u.i.k.n.KeyIO           MODE: 2nd degree decls took 0 
69092      INFO  Test worker     d.u.i.k.n.KeyIO           Parsing took 0 ms 
69092      DEBUG Test worker     d.u.i.k.n.KeyIO           Load declarations of de.uka.ilkd.key.nparser.KeyAst$File:  <unknown>:1#1 
69092      INFO  Test worker     d.u.i.k.n.KeyIO           MODE: declarations took 0 ms 
69092      DEBUG Test worker     d.u.i.k.n.KeyIO           MODE: 2nd degree decls took 0 
69921      INFO  Test worker     d.u.i.k.n.KeyIO           Parsing took 0 ms 
69921      DEBUG Test worker     d.u.i.k.n.KeyIO           Load declarations of de.uka.ilkd.key.nparser.KeyAst$File:  <unknown>:1#1 
69921      INFO  Test worker     d.u.i.k.n.KeyIO           MODE: declarations took 0 ms 
69921      DEBUG Test worker     d.u.i.k.n.KeyIO           MODE: 2nd degree decls took 0 
75314      INFO  Test worker     d.u.i.k.n.KeyIO           Parsing took 0 ms 
75314      DEBUG Test worker     d.u.i.k.n.KeyIO           Load declarations of de.uka.ilkd.key.nparser.KeyAst$File:  <unknown>:1#1 
75314      INFO  Test worker     d.u.i.k.n.KeyIO           MODE: declarations took 0 ms 
75314      DEBUG Test worker     d.u.i.k.n.KeyIO           MODE: 2nd degree decls took 0 
76143      INFO  Test worker     d.u.i.k.n.KeyIO           Parsing took 0 ms 
76143      DEBUG Test worker     d.u.i.k.n.KeyIO           Load declarations of de.uka.ilkd.key.nparser.KeyAst$File:  <unknown>:1#1 
76143      INFO  Test worker     d.u.i.k.n.KeyIO           MODE: declarations took 0 ms 
76143      DEBUG Test worker     d.u.i.k.n.KeyIO           MODE: 2nd degree decls took 0 
78832      INFO  Test worker     d.u.i.k.n.KeyIO           Parsing took 0 ms 
78832      DEBUG Test worker     d.u.i.k.n.KeyIO           Load declarations of de.uka.ilkd.key.nparser.KeyAst$File:  <unknown>:1#1 
78832      INFO  Test worker     d.u.i.k.n.KeyIO           MODE: declarations took 0 ms 
78832      DEBUG Test worker     d.u.i.k.n.KeyIO           MODE: 2nd degree decls took 0 
79660      INFO  Test worker     d.u.i.k.n.KeyIO           Parsing took 0 ms 
79660      DEBUG Test worker     d.u.i.k.n.KeyIO           Load declarations of de.uka.ilkd.key.nparser.KeyAst$File:  <unknown>:1#1 
79660      INFO  Test worker     d.u.i.k.n.KeyIO           MODE: declarations took 0 ms 
79660      DEBUG Test worker     d.u.i.k.n.KeyIO           MODE: 2nd degree decls took 0 
]]></system-out>
  <system-err><![CDATA[]]></system-err>
</testsuite>
