<?xml version="1.0" encoding="UTF-8"?>
<testsuite name="de.uka.ilkd.key.proof.runallproofs.RunAllProofsFunctional" tests="34" skipped="0" failures="0" errors="0" timestamp="2023-05-31T12:09:08" hostname="fv-az627-183" time="5065.435">
  <properties/>
  <testcase name="newBook" classname="de.uka.ilkd.key.proof.runallproofs.RunAllProofsFunctional" time="59.676"/>
  <testcase name="oldBook" classname="de.uka.ilkd.key.proof.runallproofs.RunAllProofsFunctional" time="16.536"/>
  <testcase name="comprehensions" classname="de.uka.ilkd.key.proof.runallproofs.RunAllProofsFunctional" time="63.595"/>
  <testcase name="performance" classname="de.uka.ilkd.key.proof.runallproofs.RunAllProofsFunctional" time="205.308"/>
  <testcase name="performancePOConstruction" classname="de.uka.ilkd.key.proof.runallproofs.RunAllProofsFunctional" time="69.231"/>
  <testcase name="applicationRestrictions" classname="de.uka.ilkd.key.proof.runallproofs.RunAllProofsFunctional" time="46.448"/>
  <testcase name="blockContracts" classname="de.uka.ilkd.key.proof.runallproofs.RunAllProofsFunctional" time="134.748"/>
  <testcase name="jmlAsserts" classname="de.uka.ilkd.key.proof.runallproofs.RunAllProofsFunctional" time="90.103"/>
  <testcase name="javaCard" classname="de.uka.ilkd.key.proof.runallproofs.RunAllProofsFunctional" time="127.904"/>
  <testcase name="list" classname="de.uka.ilkd.key.proof.runallproofs.RunAllProofsFunctional" time="254.184"/>
  <testcase name="list_ghost" classname="de.uka.ilkd.key.proof.runallproofs.RunAllProofsFunctional" time="66.157"/>
  <testcase name="list_recursive" classname="de.uka.ilkd.key.proof.runallproofs.RunAllProofsFunctional" time="21.449"/>
  <testcase name="list_seq" classname="de.uka.ilkd.key.proof.runallproofs.RunAllProofsFunctional" time="163.939"/>
  <testcase name="observer" classname="de.uka.ilkd.key.proof.runallproofs.RunAllProofsFunctional" time="95.877"/>
  <testcase name="removeDups" classname="de.uka.ilkd.key.proof.runallproofs.RunAllProofsFunctional" time="135.399"/>
  <testcase name="quicksort" classname="de.uka.ilkd.key.proof.runallproofs.RunAllProofsFunctional" time="102.762"/>
  <testcase name="simpleTests" classname="de.uka.ilkd.key.proof.runallproofs.RunAllProofsFunctional" time="147.062"/>
  <testcase name="SmansEtAl" classname="de.uka.ilkd.key.proof.runallproofs.RunAllProofsFunctional" time="185.504"/>
  <testcase name="VACID0" classname="de.uka.ilkd.key.proof.runallproofs.RunAllProofsFunctional" time="76.232"/>
  <testcase name="VSTTE10" classname="de.uka.ilkd.key.proof.runallproofs.RunAllProofsFunctional" time="168.149"/>
  <testcase name="WeideEtAl" classname="de.uka.ilkd.key.proof.runallproofs.RunAllProofsFunctional" time="28.204"/>
  <testcase name="arithmetic" classname="de.uka.ilkd.key.proof.runallproofs.RunAllProofsFunctional" time="470.224"/>
  <testcase name="arrays" classname="de.uka.ilkd.key.proof.runallproofs.RunAllProofsFunctional" time="53.96"/>
  <testcase name="javadl" classname="de.uka.ilkd.key.proof.runallproofs.RunAllProofsFunctional" time="588.95"/>
  <testcase name="FOL" classname="de.uka.ilkd.key.proof.runallproofs.RunAllProofsFunctional" time="268.952"/>
  <testcase name="strings" classname="de.uka.ilkd.key.proof.runallproofs.RunAllProofsFunctional" time="144.784"/>
  <testcase name="simple_info_flow" classname="de.uka.ilkd.key.proof.runallproofs.RunAllProofsFunctional" time="12.678"/>
  <testcase name="modelMethods" classname="de.uka.ilkd.key.proof.runallproofs.RunAllProofsFunctional" time="170.514"/>
  <testcase name="permissionHeap" classname="de.uka.ilkd.key.proof.runallproofs.RunAllProofsFunctional" time="800.778"/>
  <testcase name="completionScopes" classname="de.uka.ilkd.key.proof.runallproofs.RunAllProofsFunctional" time="47.611"/>
  <testcase name="reload_examples" classname="de.uka.ilkd.key.proof.runallproofs.RunAllProofsFunctional" time="42.902"/>
  <testcase name="proofLoadRepair" classname="de.uka.ilkd.key.proof.runallproofs.RunAllProofsFunctional" time="18.087"/>
  <testcase name="switch" classname="de.uka.ilkd.key.proof.runallproofs.RunAllProofsFunctional" time="60.926"/>
  <testcase name="redux" classname="de.uka.ilkd.key.proof.runallproofs.RunAllProofsFunctional" time="126.596"/>
  <system-out><![CDATA[475        INFO  Test worker     d.u.i.k.p.r.RunAllProofsTestUnit Running test newBook 
336        INFO  Timeout watchdog d.u.i.k.p.r.p.ForkedTestFileRunner Timeout watcher launched (2000 secs.) 
351        WARN  main            d.u.i.k.s.ProofSettings   No proof-settings could be loaded, using defaults java.io.FileNotFoundException: /home/runner/.key/proof-settings.props (No such file or directory)
	at java.base/java.io.FileInputStream.open0(Native Method)

380        INFO  main            d.u.i.k.p.r.p.TestFile    Now processing file /home/runner/work/key/key/key.core/../key.ui/examples/newBook/09.list_modelfield/ArrayList.add.key 
536        INFO  main            d.u.i.k.p.i.AbstractProblemLoader Loading environment from /home/runner/work/key/key/key.core/../key.ui/examples/newBook/09.list_modelfield/ArrayList.add.key 
553        DEBUG main            d.u.i.k.p.i.AbstractProblemLoader Environment load took 2.34ms 
766        INFO  main            d.u.i.k.p.i.AbstractProblemLoader Creating init config 
1760       DEBUG main            d.u.i.k.j.TypeConverter   No LDT found for Meta 
1760       DEBUG main            d.u.i.k.j.TypeConverter   No LDT found for Meta 
1763       DEBUG main            d.u.i.k.j.TypeConverter   No LDT found for Meta 
1763       DEBUG main            d.u.i.k.j.TypeConverter   No LDT found for Meta 
2981       DEBUG main            d.u.i.k.j.TypeConverter   No LDT found for JavaBigintExpression 
8048       DEBUG main            d.u.i.k.p.i.AbstractProblemLoader Init config took 7.28s 
8176       INFO  main            d.u.i.k.p.i.AbstractProblemLoader Replaying proof ArrayList[List::add(int)].JML normal_behavior operation contract.0 
8206       DEBUG main            d.u.i.k.p.i.IntermediateProofReplayer Proof replay took 28.6ns 
25573      INFO  main            d.u.i.k.p.r.p.TestFile    ... finished proof: closed. 
25794      INFO  main            d.u.i.k.p.i.AbstractProblemLoader Loading environment from /home/runner/work/key/key/key.core/../key.ui/examples/newBook/09.list_modelfield/ArrayList.add.key.proof 
25794      DEBUG main            d.u.i.k.p.i.AbstractProblemLoader Environment load took 165.1ns 
25804      INFO  main            d.u.i.k.p.i.AbstractProblemLoader Creating init config 
28673      DEBUG main            d.u.i.k.p.i.AbstractProblemLoader Init config took 2.87s 
28734      INFO  main            d.u.i.k.p.i.AbstractProblemLoader Replaying proof ArrayList[List::add(int)].JML normal_behavior operation contract.0 
30049      DEBUG main            d.u.i.k.p.i.IntermediateProofReplayer Proof replay took 1.24s 
30058      DEBUG main            d.u.i.k.p.r.p.TestFile    ... success: reloaded. 
30062      INFO  main            d.u.i.k.p.r.p.TestFile    Now processing file /home/runner/work/key/key/key.core/../key.ui/examples/newBook/09.list_modelfield/ArrayList.remFirst.key 
30062      INFO  main            d.u.i.k.p.i.AbstractProblemLoader Loading environment from /home/runner/work/key/key/key.core/../key.ui/examples/newBook/09.list_modelfield/ArrayList.remFirst.key 
30063      DEBUG main            d.u.i.k.p.i.AbstractProblemLoader Environment load took 652.4ns 
30065      INFO  main            d.u.i.k.p.i.AbstractProblemLoader Creating init config 
32849      DEBUG main            d.u.i.k.p.i.AbstractProblemLoader Init config took 2.78s 
32905      INFO  main            d.u.i.k.p.i.AbstractProblemLoader Replaying proof ArrayList[List::remFirst()].JML normal_behavior operation contract.0 
32907      DEBUG main            d.u.i.k.p.i.IntermediateProofReplayer Proof replay took 5.4ns 
37073      INFO  main            d.u.i.k.p.r.p.TestFile    ... finished proof: closed. 
37246      INFO  main            d.u.i.k.p.i.AbstractProblemLoader Loading environment from /home/runner/work/key/key/key.core/../key.ui/examples/newBook/09.list_modelfield/ArrayList.remFirst.key.proof 
37247      DEBUG main            d.u.i.k.p.i.AbstractProblemLoader Environment load took 154.5ns 
37248      INFO  main            d.u.i.k.p.i.AbstractProblemLoader Creating init config 
39882      DEBUG main            d.u.i.k.p.i.AbstractProblemLoader Init config took 2.63s 
39957      INFO  main            d.u.i.k.p.i.AbstractProblemLoader Replaying proof ArrayList[List::remFirst()].JML normal_behavior operation contract.0 
40555      DEBUG main            d.u.i.k.p.i.IntermediateProofReplayer Proof replay took 569.24ms 
40557      DEBUG main            d.u.i.k.p.r.p.TestFile    ... success: reloaded. 
40558      INFO  main            d.u.i.k.p.r.p.TestFile    Now processing file /home/runner/work/key/key/key.core/../key.ui/examples/newBook/09.list_modelfield/ArrayList.empty.key 
40558      INFO  main            d.u.i.k.p.i.AbstractProblemLoader Loading environment from /home/runner/work/key/key/key.core/../key.ui/examples/newBook/09.list_modelfield/ArrayList.empty.key 
40558      DEBUG main            d.u.i.k.p.i.AbstractProblemLoader Environment load took 60.4ns 
40559      INFO  main            d.u.i.k.p.i.AbstractProblemLoader Creating init config 
43173      DEBUG main            d.u.i.k.p.i.AbstractProblemLoader Init config took 2.61s 
43218      INFO  main            d.u.i.k.p.i.AbstractProblemLoader Replaying proof ArrayList[List::empty()].JML normal_behavior operation contract.0 
43220      DEBUG main            d.u.i.k.p.i.IntermediateProofReplayer Proof replay took 4.6ns 
44127      INFO  main            d.u.i.k.p.r.p.TestFile    ... finished proof: closed. 
44281      INFO  main            d.u.i.k.p.i.AbstractProblemLoader Loading environment from /home/runner/work/key/key/key.core/../key.ui/examples/newBook/09.list_modelfield/ArrayList.empty.key.proof 
44281      DEBUG main            d.u.i.k.p.i.AbstractProblemLoader Environment load took 114.9ns 
44283      INFO  main            d.u.i.k.p.i.AbstractProblemLoader Creating init config 
46860      DEBUG main            d.u.i.k.p.i.AbstractProblemLoader Init config took 2.58s 
46927      INFO  main            d.u.i.k.p.i.AbstractProblemLoader Replaying proof ArrayList[List::empty()].JML normal_behavior operation contract.0 
47065      DEBUG main            d.u.i.k.p.i.IntermediateProofReplayer Proof replay took 131.26ms 
47066      DEBUG main            d.u.i.k.p.r.p.TestFile    ... success: reloaded. 
47067      INFO  main            d.u.i.k.p.r.p.TestFile    Now processing file /home/runner/work/key/key/key.core/../key.ui/examples/newBook/09.list_modelfield/ArrayList.size.key 
47067      INFO  main            d.u.i.k.p.i.AbstractProblemLoader Loading environment from /home/runner/work/key/key/key.core/../key.ui/examples/newBook/09.list_modelfield/ArrayList.size.key 
47067      DEBUG main            d.u.i.k.p.i.AbstractProblemLoader Environment load took 57.6ns 
47068      INFO  main            d.u.i.k.p.i.AbstractProblemLoader Creating init config 
49652      DEBUG main            d.u.i.k.p.i.AbstractProblemLoader Init config took 2.58s 
49698      INFO  main            d.u.i.k.p.i.AbstractProblemLoader Replaying proof ArrayList[List::size()].JML normal_behavior operation contract.0 
49699      DEBUG main            d.u.i.k.p.i.IntermediateProofReplayer Proof replay took 5.3ns 
50113      INFO  main            d.u.i.k.p.r.p.TestFile    ... finished proof: closed. 
50251      INFO  main            d.u.i.k.p.i.AbstractProblemLoader Loading environment from /home/runner/work/key/key/key.core/../key.ui/examples/newBook/09.list_modelfield/ArrayList.size.key.proof 
50251      DEBUG main            d.u.i.k.p.i.AbstractProblemLoader Environment load took 727.2ns 
50253      INFO  main            d.u.i.k.p.i.AbstractProblemLoader Creating init config 
52786      DEBUG main            d.u.i.k.p.i.AbstractProblemLoader Init config took 2.53s 
52831      INFO  main            d.u.i.k.p.i.AbstractProblemLoader Replaying proof ArrayList[List::size()].JML normal_behavior operation contract.0 
52887      DEBUG main            d.u.i.k.p.i.IntermediateProofReplayer Proof replay took 52.88ms 
52888      DEBUG main            d.u.i.k.p.r.p.TestFile    ... success: reloaded. 
52889      INFO  main            d.u.i.k.p.r.p.TestFile    Now processing file /home/runner/work/key/key/key.core/../key.ui/examples/newBook/09.list_modelfield/ArrayList.get.key 
52889      INFO  main            d.u.i.k.p.i.AbstractProblemLoader Loading environment from /home/runner/work/key/key/key.core/../key.ui/examples/newBook/09.list_modelfield/ArrayList.get.key 
52889      DEBUG main            d.u.i.k.p.i.AbstractProblemLoader Environment load took 57.9ns 
52890      INFO  main            d.u.i.k.p.i.AbstractProblemLoader Creating init config 
55483      DEBUG main            d.u.i.k.p.i.AbstractProblemLoader Init config took 2.59s 
55527      INFO  main            d.u.i.k.p.i.AbstractProblemLoader Replaying proof ArrayList[List::get(int)].JML normal_behavior operation contract.0 
55529      DEBUG main            d.u.i.k.p.i.IntermediateProofReplayer Proof replay took 5.1ns 
56635      INFO  main            d.u.i.k.p.r.p.TestFile    ... finished proof: closed. 
56784      INFO  main            d.u.i.k.p.i.AbstractProblemLoader Loading environment from /home/runner/work/key/key/key.core/../key.ui/examples/newBook/09.list_modelfield/ArrayList.get.key.proof 
56785      DEBUG main            d.u.i.k.p.i.AbstractProblemLoader Environment load took 705.1ns 
56787      INFO  main            d.u.i.k.p.i.AbstractProblemLoader Creating init config 
59319      DEBUG main            d.u.i.k.p.i.AbstractProblemLoader Init config took 2.53s 
59363      INFO  main            d.u.i.k.p.i.AbstractProblemLoader Replaying proof ArrayList[List::get(int)].JML normal_behavior operation contract.0 
59471      DEBUG main            d.u.i.k.p.i.IntermediateProofReplayer Proof replay took 101.25ms 
59472      DEBUG main            d.u.i.k.p.r.p.TestFile    ... success: reloaded. 
60143      INFO  Test worker     d.u.i.k.p.r.RunAllProofsTestUnit Returning from test newBook 
60151      INFO  Test worker     d.u.i.k.p.r.RunAllProofsTestUnit Running test oldBook 
338        INFO  Timeout watchdog d.u.i.k.p.r.p.ForkedTestFileRunner Timeout watcher launched (2000 secs.) 
345        WARN  main            d.u.i.k.s.ProofSettings   The settings in /home/runner/.key/proof-settings.props are *not* read. 
400        INFO  main            d.u.i.k.p.r.p.TestFile    Now processing file /home/runner/work/key/key/key.core/../key.ui/examples/standard_key/BookExamples/02FirstOrderLogic/Ex2.58.key 
524        INFO  main            d.u.i.k.p.i.AbstractProblemLoader Loading environment from /home/runner/work/key/key/key.core/../key.ui/examples/standard_key/BookExamples/02FirstOrderLogic/Ex2.58.key 
553        DEBUG main            d.u.i.k.p.i.AbstractProblemLoader Environment load took 6.46ms 
841        INFO  main            d.u.i.k.p.i.AbstractProblemLoader Creating init config 
1768       DEBUG main            d.u.i.k.j.TypeConverter   No LDT found for Meta 
1769       DEBUG main            d.u.i.k.j.TypeConverter   No LDT found for Meta 
1772       DEBUG main            d.u.i.k.j.TypeConverter   No LDT found for Meta 
1772       DEBUG main            d.u.i.k.j.TypeConverter   No LDT found for Meta 
3167       DEBUG main            d.u.i.k.j.TypeConverter   No LDT found for JavaBigintExpression 
7734       DEBUG main            d.u.i.k.p.i.AbstractProblemLoader Init config took 6.89s 
7793       INFO  main            d.u.i.k.p.i.AbstractProblemLoader Replaying proof Ex2.58.key 
7824       DEBUG main            d.u.i.k.p.i.IntermediateProofReplayer Proof replay took 33.5ns 
8003       INFO  main            d.u.i.k.p.r.p.TestFile    ... finished proof: closed. 
8095       INFO  main            d.u.i.k.p.i.AbstractProblemLoader Loading environment from /home/runner/work/key/key/key.core/../key.ui/examples/standard_key/BookExamples/02FirstOrderLogic/Ex2.58.key.proof 
8096       DEBUG main            d.u.i.k.p.i.AbstractProblemLoader Environment load took 138.9ns 
8101       INFO  main            d.u.i.k.p.i.AbstractProblemLoader Creating init config 
10613      DEBUG main            d.u.i.k.p.i.AbstractProblemLoader Init config took 2.51s 
10657      INFO  main            d.u.i.k.p.i.AbstractProblemLoader Replaying proof Ex2.58.key.proof 
10665      DEBUG main            d.u.i.k.p.i.IntermediateProofReplayer Proof replay took 3.39ms 
10677      DEBUG main            d.u.i.k.p.r.p.TestFile    ... success: reloaded. 
10679      INFO  main            d.u.i.k.p.r.p.TestFile    Now processing file /home/runner/work/key/key/key.core/../key.ui/examples/standard_key/BookExamples/03DynamicLogic/Sect3.3.1.key 
10680      INFO  main            d.u.i.k.p.i.AbstractProblemLoader Loading environment from /home/runner/work/key/key/key.core/../key.ui/examples/standard_key/BookExamples/03DynamicLogic/Sect3.3.1.key 
10681      DEBUG main            d.u.i.k.p.i.AbstractProblemLoader Environment load took 1.68ms 
10685      INFO  main            d.u.i.k.p.i.AbstractProblemLoader Creating init config 
13195      DEBUG main            d.u.i.k.p.i.AbstractProblemLoader Init config took 2.51s 
13244      INFO  main            d.u.i.k.p.i.AbstractProblemLoader Replaying proof Sect3.3.1.key 
13251      DEBUG main            d.u.i.k.p.i.IntermediateProofReplayer Proof replay took 6.9ns 
13759      INFO  main            d.u.i.k.p.r.p.TestFile    ... finished proof: closed. 
13878      INFO  main            d.u.i.k.p.i.AbstractProblemLoader Loading environment from /home/runner/work/key/key/key.core/../key.ui/examples/standard_key/BookExamples/03DynamicLogic/Sect3.3.1.key.proof 
13879      DEBUG main            d.u.i.k.p.i.AbstractProblemLoader Environment load took 1.24ms 
13884      INFO  main            d.u.i.k.p.i.AbstractProblemLoader Creating init config 
16282      DEBUG main            d.u.i.k.p.i.AbstractProblemLoader Init config took 2.4s 
16305      INFO  main            d.u.i.k.p.i.AbstractProblemLoader Replaying proof Sect3.3.1.key.proof 
16361      DEBUG main            d.u.i.k.p.i.IntermediateProofReplayer Proof replay took 52.83ms 
16362      DEBUG main            d.u.i.k.p.r.p.TestFile    ... success: reloaded. 
76686      INFO  Test worker     d.u.i.k.p.r.RunAllProofsTestUnit Returning from test oldBook 
76687      INFO  Test worker     d.u.i.k.p.r.RunAllProofsTestUnit Running test comprehensions 
338        INFO  Timeout watchdog d.u.i.k.p.r.p.ForkedTestFileRunner Timeout watcher launched (2000 secs.) 
365        WARN  main            d.u.i.k.s.ProofSettings   The settings in /home/runner/.key/proof-settings.props are *not* read. 
409        INFO  main            d.u.i.k.p.r.p.TestFile    Now processing file /home/runner/work/key/key/key.core/../key.ui/examples/heap/comprehensions/general_sum.key 
527        INFO  main            d.u.i.k.p.i.AbstractProblemLoader Loading environment from /home/runner/work/key/key/key.core/../key.ui/examples/heap/comprehensions/general_sum.key 
543        DEBUG main            d.u.i.k.p.i.AbstractProblemLoader Environment load took 2.81ms 
752        INFO  main            d.u.i.k.p.i.AbstractProblemLoader Creating init config 
1649       DEBUG main            d.u.i.k.j.TypeConverter   No LDT found for Meta 
1650       DEBUG main            d.u.i.k.j.TypeConverter   No LDT found for Meta 
1653       DEBUG main            d.u.i.k.j.TypeConverter   No LDT found for Meta 
1655       DEBUG main            d.u.i.k.j.TypeConverter   No LDT found for Meta 
2967       DEBUG main            d.u.i.k.j.TypeConverter   No LDT found for JavaBigintExpression 
7739       DEBUG main            d.u.i.k.p.i.AbstractProblemLoader Init config took 6.99s 
7857       INFO  main            d.u.i.k.p.i.AbstractProblemLoader Replaying proof GSum[GSum::doNothing()].JML operation contract.0 
7886       DEBUG main            d.u.i.k.p.i.IntermediateProofReplayer Proof replay took 30.3ns 
8243       INFO  main            d.u.i.k.p.r.p.TestFile    ... finished proof: closed. 
8377       INFO  main            d.u.i.k.p.i.AbstractProblemLoader Loading environment from /home/runner/work/key/key/key.core/../key.ui/examples/heap/comprehensions/general_sum.key.proof 
8377       DEBUG main            d.u.i.k.p.i.AbstractProblemLoader Environment load took 128.6ns 
8379       INFO  main            d.u.i.k.p.i.AbstractProblemLoader Creating init config 
11180      DEBUG main            d.u.i.k.p.i.AbstractProblemLoader Init config took 2.8s 
11251      INFO  main            d.u.i.k.p.i.AbstractProblemLoader Replaying proof GSum[GSum::doNothing()].JML operation contract.0 
11268      DEBUG main            d.u.i.k.p.i.IntermediateProofReplayer Proof replay took 12.63ms 
11275      DEBUG main            d.u.i.k.p.r.p.TestFile    ... success: reloaded. 
11276      INFO  main            d.u.i.k.p.r.p.TestFile    Now processing file /home/runner/work/key/key/key.core/../key.ui/examples/heap/comprehensions/sum0.key 
11277      INFO  main            d.u.i.k.p.i.AbstractProblemLoader Loading environment from /home/runner/work/key/key/key.core/../key.ui/examples/heap/comprehensions/sum0.key 
11277      DEBUG main            d.u.i.k.p.i.AbstractProblemLoader Environment load took 362.6ns 
11279      INFO  main            d.u.i.k.p.i.AbstractProblemLoader Creating init config 
13907      DEBUG main            d.u.i.k.p.i.AbstractProblemLoader Init config took 2.63s 
13966      INFO  main            d.u.i.k.p.i.AbstractProblemLoader Replaying proof Sum[Sum::sum0([I)].JML normal_behavior operation contract.0 
13968      DEBUG main            d.u.i.k.p.i.IntermediateProofReplayer Proof replay took 5.7ns 
14065      DEBUG Thread-4        d.u.i.k.l.l.OriginTermLabel commonFileName is null! 
14065      DEBUG Thread-4        d.u.i.k.l.l.OriginTermLabel commonFileName is null! 
14234      DEBUG Thread-4        d.u.i.k.l.l.OriginTermLabel commonFileName is null! 
14234      DEBUG Thread-4        d.u.i.k.l.l.OriginTermLabel commonFileName is null! 
14405      DEBUG Thread-4        d.u.i.k.l.l.OriginTermLabel commonFileName is null! 
14675      INFO  main            d.u.i.k.p.r.p.TestFile    ... finished proof: closed. 
14796      INFO  main            d.u.i.k.p.i.AbstractProblemLoader Loading environment from /home/runner/work/key/key/key.core/../key.ui/examples/heap/comprehensions/sum0.key.proof 
14798      DEBUG main            d.u.i.k.p.i.AbstractProblemLoader Environment load took 1.73ms 
14800      INFO  main            d.u.i.k.p.i.AbstractProblemLoader Creating init config 
17401      DEBUG main            d.u.i.k.p.i.AbstractProblemLoader Init config took 2.6s 
17451      INFO  main            d.u.i.k.p.i.AbstractProblemLoader Replaying proof Sum[Sum::sum0([I)].JML normal_behavior operation contract.0 
17482      DEBUG main            d.u.i.k.l.l.OriginTermLabel commonFileName is null! 
17483      DEBUG main            d.u.i.k.l.l.OriginTermLabel commonFileName is null! 
17535      DEBUG main            d.u.i.k.l.l.OriginTermLabel commonFileName is null! 
17567      DEBUG main            d.u.i.k.l.l.OriginTermLabel commonFileName is null! 
17568      DEBUG main            d.u.i.k.l.l.OriginTermLabel commonFileName is null! 
17571      DEBUG main            d.u.i.k.p.i.IntermediateProofReplayer Proof replay took 114.44ms 
17572      DEBUG main            d.u.i.k.p.r.p.TestFile    ... success: reloaded. 
17573      INFO  main            d.u.i.k.p.r.p.TestFile    Now processing file /home/runner/work/key/key/key.core/../key.ui/examples/heap/comprehensions/sum1.key 
17574      INFO  main            d.u.i.k.p.i.AbstractProblemLoader Loading environment from /home/runner/work/key/key/key.core/../key.ui/examples/heap/comprehensions/sum1.key 
17574      DEBUG main            d.u.i.k.p.i.AbstractProblemLoader Environment load took 354.9ns 
17575      INFO  main            d.u.i.k.p.i.AbstractProblemLoader Creating init config 
20142      DEBUG main            d.u.i.k.p.i.AbstractProblemLoader Init config took 2.57s 
20188      INFO  main            d.u.i.k.p.i.AbstractProblemLoader Replaying proof Sum[Sum::sum1([I)].JML normal_behavior operation contract.0 
20191      DEBUG main            d.u.i.k.p.i.IntermediateProofReplayer Proof replay took 5.3ns 
20259      DEBUG Thread-7        d.u.i.k.l.l.OriginTermLabel commonFileName is null! 
20260      DEBUG Thread-7        d.u.i.k.l.l.OriginTermLabel commonFileName is null! 
20391      DEBUG Thread-7        d.u.i.k.l.l.OriginTermLabel commonFileName is null! 
20392      DEBUG Thread-7        d.u.i.k.l.l.OriginTermLabel commonFileName is null! 
20505      DEBUG Thread-7        d.u.i.k.l.l.OriginTermLabel commonFileName is null! 
20695      INFO  main            d.u.i.k.p.r.p.TestFile    ... finished proof: closed. 
20865      INFO  main            d.u.i.k.p.i.AbstractProblemLoader Loading environment from /home/runner/work/key/key/key.core/../key.ui/examples/heap/comprehensions/sum1.key.proof 
20871      DEBUG main            d.u.i.k.p.i.AbstractProblemLoader Environment load took 5.66ms 
20872      INFO  main            d.u.i.k.p.i.AbstractProblemLoader Creating init config 
23414      DEBUG main            d.u.i.k.p.i.AbstractProblemLoader Init config took 2.54s 
23464      INFO  main            d.u.i.k.p.i.AbstractProblemLoader Replaying proof Sum[Sum::sum1([I)].JML normal_behavior operation contract.0 
23501      DEBUG main            d.u.i.k.l.l.OriginTermLabel commonFileName is null! 
23502      DEBUG main            d.u.i.k.l.l.OriginTermLabel commonFileName is null! 
23552      DEBUG main            d.u.i.k.l.l.OriginTermLabel commonFileName is null! 
23590      DEBUG main            d.u.i.k.l.l.OriginTermLabel commonFileName is null! 
23591      DEBUG main            d.u.i.k.l.l.OriginTermLabel commonFileName is null! 
23593      DEBUG main            d.u.i.k.p.i.IntermediateProofReplayer Proof replay took 121.38ms 
23594      DEBUG main            d.u.i.k.p.r.p.TestFile    ... success: reloaded. 
23596      INFO  main            d.u.i.k.p.r.p.TestFile    Now processing file /home/runner/work/key/key/key.core/../key.ui/examples/heap/comprehensions/sum2.key 
23596      INFO  main            d.u.i.k.p.i.AbstractProblemLoader Loading environment from /home/runner/work/key/key/key.core/../key.ui/examples/heap/comprehensions/sum2.key 
23596      DEBUG main            d.u.i.k.p.i.AbstractProblemLoader Environment load took 131.2ns 
23597      INFO  main            d.u.i.k.p.i.AbstractProblemLoader Creating init config 
26150      DEBUG main            d.u.i.k.p.i.AbstractProblemLoader Init config took 2.55s 
26193      INFO  main            d.u.i.k.p.i.AbstractProblemLoader Replaying proof Sum[Sum::sum2([I)].JML normal_behavior operation contract.0 
26194      DEBUG main            d.u.i.k.p.i.IntermediateProofReplayer Proof replay took 5.6ns 
26239      DEBUG Thread-10       d.u.i.k.l.l.OriginTermLabel commonFileName is null! 
26240      DEBUG Thread-10       d.u.i.k.l.l.OriginTermLabel commonFileName is null! 
26353      DEBUG Thread-10       d.u.i.k.l.l.OriginTermLabel commonFileName is null! 
26354      DEBUG Thread-10       d.u.i.k.l.l.OriginTermLabel commonFileName is null! 
26429      DEBUG Thread-10       d.u.i.k.l.l.OriginTermLabel commonFileName is null! 
26598      INFO  main            d.u.i.k.p.r.p.TestFile    ... finished proof: closed. 
26749      INFO  main            d.u.i.k.p.i.AbstractProblemLoader Loading environment from /home/runner/work/key/key/key.core/../key.ui/examples/heap/comprehensions/sum2.key.proof 
26750      DEBUG main            d.u.i.k.p.i.AbstractProblemLoader Environment load took 674.5ns 
26751      INFO  main            d.u.i.k.p.i.AbstractProblemLoader Creating init config 
29227      DEBUG main            d.u.i.k.p.i.AbstractProblemLoader Init config took 2.48s 
29270      INFO  main            d.u.i.k.p.i.AbstractProblemLoader Replaying proof Sum[Sum::sum2([I)].JML normal_behavior operation contract.0 
29295      DEBUG main            d.u.i.k.l.l.OriginTermLabel commonFileName is null! 
29296      DEBUG main            d.u.i.k.l.l.OriginTermLabel commonFileName is null! 
29329      DEBUG main            d.u.i.k.l.l.OriginTermLabel commonFileName is null! 
29372      DEBUG main            d.u.i.k.l.l.OriginTermLabel commonFileName is null! 
29372      DEBUG main            d.u.i.k.l.l.OriginTermLabel commonFileName is null! 
29374      DEBUG main            d.u.i.k.p.i.IntermediateProofReplayer Proof replay took 99.67ms 
29375      DEBUG main            d.u.i.k.p.r.p.TestFile    ... success: reloaded. 
29376      INFO  main            d.u.i.k.p.r.p.TestFile    Now processing file /home/runner/work/key/key/key.core/../key.ui/examples/heap/comprehensions/sum3.key 
29376      INFO  main            d.u.i.k.p.i.AbstractProblemLoader Loading environment from /home/runner/work/key/key/key.core/../key.ui/examples/heap/comprehensions/sum3.key 
29376      DEBUG main            d.u.i.k.p.i.AbstractProblemLoader Environment load took 203ns 
29377      INFO  main            d.u.i.k.p.i.AbstractProblemLoader Creating init config 
31943      DEBUG main            d.u.i.k.p.i.AbstractProblemLoader Init config took 2.57s 
31985      INFO  main            d.u.i.k.p.i.AbstractProblemLoader Replaying proof Sum[Sum::sum3([I)].JML normal_behavior operation contract.0 
31987      DEBUG main            d.u.i.k.p.i.IntermediateProofReplayer Proof replay took 5.9ns 
32036      DEBUG Thread-13       d.u.i.k.l.l.OriginTermLabel commonFileName is null! 
32036      DEBUG Thread-13       d.u.i.k.l.l.OriginTermLabel commonFileName is null! 
32143      DEBUG Thread-13       d.u.i.k.l.l.OriginTermLabel commonFileName is null! 
32144      DEBUG Thread-13       d.u.i.k.l.l.OriginTermLabel commonFileName is null! 
32218      DEBUG Thread-13       d.u.i.k.l.l.OriginTermLabel commonFileName is null! 
32390      INFO  main            d.u.i.k.p.r.p.TestFile    ... finished proof: closed. 
32553      INFO  main            d.u.i.k.p.i.AbstractProblemLoader Loading environment from /home/runner/work/key/key/key.core/../key.ui/examples/heap/comprehensions/sum3.key.proof 
32553      DEBUG main            d.u.i.k.p.i.AbstractProblemLoader Environment load took 115.3ns 
32558      INFO  main            d.u.i.k.p.i.AbstractProblemLoader Creating init config 
35073      DEBUG main            d.u.i.k.p.i.AbstractProblemLoader Init config took 2.51s 
35118      INFO  main            d.u.i.k.p.i.AbstractProblemLoader Replaying proof Sum[Sum::sum3([I)].JML normal_behavior operation contract.0 
35147      DEBUG main            d.u.i.k.l.l.OriginTermLabel commonFileName is null! 
35148      DEBUG main            d.u.i.k.l.l.OriginTermLabel commonFileName is null! 
35187      DEBUG main            d.u.i.k.l.l.OriginTermLabel commonFileName is null! 
35223      DEBUG main            d.u.i.k.l.l.OriginTermLabel commonFileName is null! 
35226      DEBUG main            d.u.i.k.l.l.OriginTermLabel commonFileName is null! 
35229      DEBUG main            d.u.i.k.p.i.IntermediateProofReplayer Proof replay took 107.65ms 
35231      DEBUG main            d.u.i.k.p.r.p.TestFile    ... success: reloaded. 
35235      INFO  main            d.u.i.k.p.r.p.TestFile    Now processing file /home/runner/work/key/key/key.core/../key.ui/examples/heap/comprehensions/segsum.key 
35235      INFO  main            d.u.i.k.p.i.AbstractProblemLoader Loading environment from /home/runner/work/key/key/key.core/../key.ui/examples/heap/comprehensions/segsum.key 
35236      DEBUG main            d.u.i.k.p.i.AbstractProblemLoader Environment load took 856.6ns 
35239      INFO  main            d.u.i.k.p.i.AbstractProblemLoader Creating init config 
37780      DEBUG main            d.u.i.k.p.i.AbstractProblemLoader Init config took 2.54s 
37822      INFO  main            d.u.i.k.p.i.AbstractProblemLoader Replaying proof SegSum[SegSum::segSum([I,int,int)].JML normal_behavior operation contract.0 
37827      DEBUG main            d.u.i.k.p.i.IntermediateProofReplayer Proof replay took 6.5ns 
38230      INFO  main            d.u.i.k.p.r.p.TestFile    ... finished proof: closed. 
38399      INFO  main            d.u.i.k.p.i.AbstractProblemLoader Loading environment from /home/runner/work/key/key/key.core/../key.ui/examples/heap/comprehensions/segsum.key.proof 
38399      DEBUG main            d.u.i.k.p.i.AbstractProblemLoader Environment load took 724.1ns 
38402      INFO  main            d.u.i.k.p.i.AbstractProblemLoader Creating init config 
40871      DEBUG main            d.u.i.k.p.i.AbstractProblemLoader Init config took 2.47s 
40915      INFO  main            d.u.i.k.p.i.AbstractProblemLoader Replaying proof SegSum[SegSum::segSum([I,int,int)].JML normal_behavior operation contract.0 
40997      DEBUG main            d.u.i.k.p.i.IntermediateProofReplayer Proof replay took 78.19ms 
40998      DEBUG main            d.u.i.k.p.r.p.TestFile    ... success: reloaded. 
40999      INFO  main            d.u.i.k.p.r.p.TestFile    Now processing file /home/runner/work/key/key/key.core/../key.ui/examples/heap/comprehensions/bsum_negative.key 
40999      INFO  main            d.u.i.k.p.i.AbstractProblemLoader Loading environment from /home/runner/work/key/key/key.core/../key.ui/examples/heap/comprehensions/bsum_negative.key 
40999      DEBUG main            d.u.i.k.p.i.AbstractProblemLoader Environment load took 58.6ns 
41000      INFO  main            d.u.i.k.p.i.AbstractProblemLoader Creating init config 
43350      DEBUG main            d.u.i.k.p.i.AbstractProblemLoader Init config took 2.35s 
43369      INFO  main            d.u.i.k.p.i.AbstractProblemLoader Replaying proof bsum_negative.key 
43370      DEBUG main            d.u.i.k.p.i.IntermediateProofReplayer Proof replay took 6.3ns 
43476      INFO  main            d.u.i.k.p.r.p.TestFile    ... finished proof: closed. 
43623      INFO  main            d.u.i.k.p.i.AbstractProblemLoader Loading environment from /home/runner/work/key/key/key.core/../key.ui/examples/heap/comprehensions/bsum_negative.key.proof 
43625      DEBUG main            d.u.i.k.p.i.AbstractProblemLoader Environment load took 1.29ms 
43627      INFO  main            d.u.i.k.p.i.AbstractProblemLoader Creating init config 
45911      DEBUG main            d.u.i.k.p.i.AbstractProblemLoader Init config took 2.28s 
45930      INFO  main            d.u.i.k.p.i.AbstractProblemLoader Replaying proof bsum_negative.key.proof 
45933      DEBUG main            d.u.i.k.p.i.IntermediateProofReplayer Proof replay took 1.56ms 
45933      DEBUG main            d.u.i.k.p.r.p.TestFile    ... success: reloaded. 
45934      INFO  main            d.u.i.k.p.r.p.TestFile    Now processing file /home/runner/work/key/key/key.core/../key.ui/examples/heap/comprehensions/bsum_neg2.key 
45934      INFO  main            d.u.i.k.p.i.AbstractProblemLoader Loading environment from /home/runner/work/key/key/key.core/../key.ui/examples/heap/comprehensions/bsum_neg2.key 
45934      DEBUG main            d.u.i.k.p.i.AbstractProblemLoader Environment load took 53.1ns 
45935      INFO  main            d.u.i.k.p.i.AbstractProblemLoader Creating init config 
48257      DEBUG main            d.u.i.k.p.i.AbstractProblemLoader Init config took 2.32s 
48276      INFO  main            d.u.i.k.p.i.AbstractProblemLoader Replaying proof bsum_neg2.key 
48280      DEBUG main            d.u.i.k.p.i.IntermediateProofReplayer Proof replay took 5.7ns 
48382      INFO  main            d.u.i.k.p.r.p.TestFile    ... finished proof: closed. 
48530      INFO  main            d.u.i.k.p.i.AbstractProblemLoader Loading environment from /home/runner/work/key/key/key.core/../key.ui/examples/heap/comprehensions/bsum_neg2.key.proof 
48530      DEBUG main            d.u.i.k.p.i.AbstractProblemLoader Environment load took 117ns 
48531      INFO  main            d.u.i.k.p.i.AbstractProblemLoader Creating init config 
50813      DEBUG main            d.u.i.k.p.i.AbstractProblemLoader Init config took 2.28s 
50830      INFO  main            d.u.i.k.p.i.AbstractProblemLoader Replaying proof bsum_neg2.key.proof 
50832      DEBUG main            d.u.i.k.p.i.IntermediateProofReplayer Proof replay took 934.6ns 
50833      DEBUG main            d.u.i.k.p.r.p.TestFile    ... success: reloaded. 
50834      INFO  main            d.u.i.k.p.r.p.TestFile    Now processing file /home/runner/work/key/key/key.core/../key.ui/examples/heap/comprehensions/bsumSplit.key 
50835      INFO  main            d.u.i.k.p.i.AbstractProblemLoader Loading environment from /home/runner/work/key/key/key.core/../key.ui/examples/heap/comprehensions/bsumSplit.key 
50835      DEBUG main            d.u.i.k.p.i.AbstractProblemLoader Environment load took 304.8ns 
50836      INFO  main            d.u.i.k.p.i.AbstractProblemLoader Creating init config 
53203      DEBUG main            d.u.i.k.p.i.AbstractProblemLoader Init config took 2.37s 
53219      INFO  main            d.u.i.k.p.i.AbstractProblemLoader Replaying proof bsumSplit.key 
53220      DEBUG main            d.u.i.k.p.i.IntermediateProofReplayer Proof replay took 5.6ns 
53322      INFO  main            d.u.i.k.p.r.p.TestFile    ... finished proof: closed. 
53492      INFO  main            d.u.i.k.p.i.AbstractProblemLoader Loading environment from /home/runner/work/key/key/key.core/../key.ui/examples/heap/comprehensions/bsumSplit.key.proof 
53493      DEBUG main            d.u.i.k.p.i.AbstractProblemLoader Environment load took 100.4ns 
53494      INFO  main            d.u.i.k.p.i.AbstractProblemLoader Creating init config 
55791      DEBUG main            d.u.i.k.p.i.AbstractProblemLoader Init config took 2.3s 
55806      INFO  main            d.u.i.k.p.i.AbstractProblemLoader Replaying proof bsumSplit.key.proof 
55811      DEBUG main            d.u.i.k.p.i.IntermediateProofReplayer Proof replay took 3.3ms 
55813      DEBUG main            d.u.i.k.p.r.p.TestFile    ... success: reloaded. 
55813      INFO  main            d.u.i.k.p.r.p.TestFile    Now processing file /home/runner/work/key/key/key.core/../key.ui/examples/heap/comprehensions/bprodSplit.key 
55814      INFO  main            d.u.i.k.p.i.AbstractProblemLoader Loading environment from /home/runner/work/key/key/key.core/../key.ui/examples/heap/comprehensions/bprodSplit.key 
55814      DEBUG main            d.u.i.k.p.i.AbstractProblemLoader Environment load took 278.2ns 
55815      INFO  main            d.u.i.k.p.i.AbstractProblemLoader Creating init config 
58132      DEBUG main            d.u.i.k.p.i.AbstractProblemLoader Init config took 2.32s 
58147      INFO  main            d.u.i.k.p.i.AbstractProblemLoader Replaying proof bprodSplit.key 
58148      DEBUG main            d.u.i.k.p.i.IntermediateProofReplayer Proof replay took 5.4ns 
58252      INFO  main            d.u.i.k.p.r.p.TestFile    ... finished proof: closed. 
58423      INFO  main            d.u.i.k.p.i.AbstractProblemLoader Loading environment from /home/runner/work/key/key/key.core/../key.ui/examples/heap/comprehensions/bprodSplit.key.proof 
58423      DEBUG main            d.u.i.k.p.i.AbstractProblemLoader Environment load took 100ns 
58424      INFO  main            d.u.i.k.p.i.AbstractProblemLoader Creating init config 
60710      DEBUG main            d.u.i.k.p.i.AbstractProblemLoader Init config took 2.29s 
60733      INFO  main            d.u.i.k.p.i.AbstractProblemLoader Replaying proof bprodSplit.key.proof 
60738      DEBUG main            d.u.i.k.p.i.IntermediateProofReplayer Proof replay took 2.63ms 
60738      DEBUG main            d.u.i.k.p.r.p.TestFile    ... success: reloaded. 
60739      INFO  main            d.u.i.k.p.r.p.TestFile    Now processing file /home/runner/work/key/key/key.core/../key.ui/examples/heap/comprehensions/bsumSplitInvalid.key 
60739      INFO  main            d.u.i.k.p.i.AbstractProblemLoader Loading environment from /home/runner/work/key/key/key.core/../key.ui/examples/heap/comprehensions/bsumSplitInvalid.key 
60739      DEBUG main            d.u.i.k.p.i.AbstractProblemLoader Environment load took 105.2ns 
60740      INFO  main            d.u.i.k.p.i.AbstractProblemLoader Creating init config 
63096      DEBUG main            d.u.i.k.p.i.AbstractProblemLoader Init config took 2.36s 
63111      INFO  main            d.u.i.k.p.i.AbstractProblemLoader Replaying proof bsumSplitInvalid.key 
63112      DEBUG main            d.u.i.k.p.i.IntermediateProofReplayer Proof replay took 5.7ns 
63214      INFO  main            d.u.i.k.p.r.p.TestFile    ... finished proof: open goal(s) 
140281     INFO  Test worker     d.u.i.k.p.r.RunAllProofsTestUnit Returning from test comprehensions 
140282     INFO  Test worker     d.u.i.k.p.r.RunAllProofsTestUnit Running test performance 
328        INFO  Timeout watchdog d.u.i.k.p.r.p.ForkedTestFileRunner Timeout watcher launched (2000 secs.) 
344        WARN  main            d.u.i.k.s.ProofSettings   The settings in /home/runner/.key/proof-settings.props are *not* read. 
385        INFO  main            d.u.i.k.p.r.p.TestFile    Now processing file /home/runner/work/key/key/key.core/../key.ui/examples/performance-test/Disjoint(Disjoint__disjoint_08()).JML_operation_contract.0.key 
495        INFO  main            d.u.i.k.p.i.AbstractProblemLoader Loading environment from /home/runner/work/key/key/key.core/../key.ui/examples/performance-test/Disjoint(Disjoint__disjoint_08()).JML_operation_contract.0.key 
511        DEBUG main            d.u.i.k.p.i.AbstractProblemLoader Environment load took 1.9ms 
715        INFO  main            d.u.i.k.p.i.AbstractProblemLoader Creating init config 
1764       DEBUG main            d.u.i.k.j.TypeConverter   No LDT found for Meta 
1765       DEBUG main            d.u.i.k.j.TypeConverter   No LDT found for Meta 
1768       DEBUG main            d.u.i.k.j.TypeConverter   No LDT found for Meta 
1769       DEBUG main            d.u.i.k.j.TypeConverter   No LDT found for Meta 
2981       DEBUG main            d.u.i.k.j.TypeConverter   No LDT found for JavaBigintExpression 
8214       DEBUG main            d.u.i.k.j.r.ClassPreparationMethodBuilder clPrepBuilder: Inner Class detected. Reject building class initialisation methods. 
15678      DEBUG main            d.u.i.k.p.i.AbstractProblemLoader Init config took 14.96s 
15904      INFO  main            d.u.i.k.p.i.AbstractProblemLoader Replaying proof Disjoint[Disjoint::disjoint_8()].JML operation contract.0 
15988      DEBUG main            d.u.i.k.p.i.IntermediateProofReplayer Proof replay took 6.44ms 
18330      INFO  main            d.u.i.k.p.r.p.TestFile    ... finished proof: closed. 
18560      INFO  main            d.u.i.k.p.i.AbstractProblemLoader Loading environment from /home/runner/work/key/key/key.core/../key.ui/examples/performance-test/Disjoint(Disjoint__disjoint_08()).JML_operation_contract.0.key.proof 
18565      DEBUG main            d.u.i.k.p.i.AbstractProblemLoader Environment load took 4.84ms 
18567      INFO  main            d.u.i.k.p.i.AbstractProblemLoader Creating init config 
21528      DEBUG main            d.u.i.k.j.r.ClassPreparationMethodBuilder clPrepBuilder: Inner Class detected. Reject building class initialisation methods. 
28019      DEBUG main            d.u.i.k.p.i.AbstractProblemLoader Init config took 9.45s 
28138      INFO  main            d.u.i.k.p.i.AbstractProblemLoader Replaying proof Disjoint[Disjoint::disjoint_8()].JML operation contract.0 
28543      DEBUG main            d.u.i.k.p.i.IntermediateProofReplayer Proof replay took 373.7ms 
28559      DEBUG main            d.u.i.k.p.r.p.TestFile    ... success: reloaded. 
28562      INFO  main            d.u.i.k.p.r.p.TestFile    Now processing file /home/runner/work/key/key/key.core/../key.ui/examples/performance-test/Disjoint(Disjoint__disjoint2_08()).JML_operation_contract.0.key 
28562      INFO  main            d.u.i.k.p.i.AbstractProblemLoader Loading environment from /home/runner/work/key/key/key.core/../key.ui/examples/performance-test/Disjoint(Disjoint__disjoint2_08()).JML_operation_contract.0.key 
28562      DEBUG main            d.u.i.k.p.i.AbstractProblemLoader Environment load took 155ns 
28564      INFO  main            d.u.i.k.p.i.AbstractProblemLoader Creating init config 
31479      DEBUG main            d.u.i.k.j.r.ClassPreparationMethodBuilder clPrepBuilder: Inner Class detected. Reject building class initialisation methods. 
37958      DEBUG main            d.u.i.k.p.i.AbstractProblemLoader Init config took 9.39s 
38069      INFO  main            d.u.i.k.p.i.AbstractProblemLoader Replaying proof Disjoint[Disjoint::disjoint2_8()].JML operation contract.0 
38071      DEBUG main            d.u.i.k.p.i.IntermediateProofReplayer Proof replay took 19ns 
38975      INFO  main            d.u.i.k.p.r.p.TestFile    ... finished proof: closed. 
39232      INFO  main            d.u.i.k.p.i.AbstractProblemLoader Loading environment from /home/runner/work/key/key/key.core/../key.ui/examples/performance-test/Disjoint(Disjoint__disjoint2_08()).JML_operation_contract.0.key.proof 
39233      DEBUG main            d.u.i.k.p.i.AbstractProblemLoader Environment load took 651.4ns 
39237      INFO  main            d.u.i.k.p.i.AbstractProblemLoader Creating init config 
42074      DEBUG main            d.u.i.k.j.r.ClassPreparationMethodBuilder clPrepBuilder: Inner Class detected. Reject building class initialisation methods. 
48505      DEBUG main            d.u.i.k.p.i.AbstractProblemLoader Init config took 9.27s 
48597      INFO  main            d.u.i.k.p.i.AbstractProblemLoader Replaying proof Disjoint[Disjoint::disjoint2_8()].JML operation contract.0 
48683      DEBUG main            d.u.i.k.p.i.IntermediateProofReplayer Proof replay took 81.78ms 
48684      DEBUG main            d.u.i.k.p.r.p.TestFile    ... success: reloaded. 
48686      INFO  main            d.u.i.k.p.r.p.TestFile    Now processing file /home/runner/work/key/key/key.core/../key.ui/examples/performance-test/AccessChain1(AccessChain1__foo_08()).JML_operation_contract.0.key 
48686      INFO  main            d.u.i.k.p.i.AbstractProblemLoader Loading environment from /home/runner/work/key/key/key.core/../key.ui/examples/performance-test/AccessChain1(AccessChain1__foo_08()).JML_operation_contract.0.key 
48686      DEBUG main            d.u.i.k.p.i.AbstractProblemLoader Environment load took 58.3ns 
48687      INFO  main            d.u.i.k.p.i.AbstractProblemLoader Creating init config 
51513      DEBUG main            d.u.i.k.j.r.ClassPreparationMethodBuilder clPrepBuilder: Inner Class detected. Reject building class initialisation methods. 
57893      DEBUG main            d.u.i.k.p.i.AbstractProblemLoader Init config took 9.21s 
57995      INFO  main            d.u.i.k.p.i.AbstractProblemLoader Replaying proof AccessChain1[AccessChain1::foo_8()].JML operation contract.0 
57998      DEBUG main            d.u.i.k.p.i.IntermediateProofReplayer Proof replay took 10ns 
60307      INFO  main            d.u.i.k.p.r.p.TestFile    ... finished proof: closed. 
60620      INFO  main            d.u.i.k.p.i.AbstractProblemLoader Loading environment from /home/runner/work/key/key/key.core/../key.ui/examples/performance-test/AccessChain1(AccessChain1__foo_08()).JML_operation_contract.0.key.proof 
60625      DEBUG main            d.u.i.k.p.i.AbstractProblemLoader Environment load took 4.98ms 
60636      INFO  main            d.u.i.k.p.i.AbstractProblemLoader Creating init config 
63397      DEBUG main            d.u.i.k.j.r.ClassPreparationMethodBuilder clPrepBuilder: Inner Class detected. Reject building class initialisation methods. 
69713      DEBUG main            d.u.i.k.p.i.AbstractProblemLoader Init config took 9.08s 
69801      INFO  main            d.u.i.k.p.i.AbstractProblemLoader Replaying proof AccessChain1[AccessChain1::foo_8()].JML operation contract.0 
70265      DEBUG main            d.u.i.k.p.i.IntermediateProofReplayer Proof replay took 449.81ms 
70267      DEBUG main            d.u.i.k.p.r.p.TestFile    ... success: reloaded. 
70268      INFO  main            d.u.i.k.p.r.p.TestFile    Now processing file /home/runner/work/key/key/key.core/../key.ui/examples/performance-test/AccessChain4(AccessChain4__foo_08()).JML_operation_contract.0.key 
70268      INFO  main            d.u.i.k.p.i.AbstractProblemLoader Loading environment from /home/runner/work/key/key/key.core/../key.ui/examples/performance-test/AccessChain4(AccessChain4__foo_08()).JML_operation_contract.0.key 
70268      DEBUG main            d.u.i.k.p.i.AbstractProblemLoader Environment load took 66.3ns 
70269      INFO  main            d.u.i.k.p.i.AbstractProblemLoader Creating init config 
73079      DEBUG main            d.u.i.k.j.r.ClassPreparationMethodBuilder clPrepBuilder: Inner Class detected. Reject building class initialisation methods. 
79429      DEBUG main            d.u.i.k.p.i.AbstractProblemLoader Init config took 9.16s 
79515      INFO  main            d.u.i.k.p.i.AbstractProblemLoader Replaying proof AccessChain4[AccessChain4::foo_8()].JML operation contract.0 
79517      DEBUG main            d.u.i.k.p.i.IntermediateProofReplayer Proof replay took 16.7ns 
85243      INFO  main            d.u.i.k.p.r.p.TestFile    ... finished proof: closed. 
85585      INFO  main            d.u.i.k.p.i.AbstractProblemLoader Loading environment from /home/runner/work/key/key/key.core/../key.ui/examples/performance-test/AccessChain4(AccessChain4__foo_08()).JML_operation_contract.0.key.proof 
85593      DEBUG main            d.u.i.k.p.i.AbstractProblemLoader Environment load took 7.74ms 
85595      INFO  main            d.u.i.k.p.i.AbstractProblemLoader Creating init config 
88320      DEBUG main            d.u.i.k.j.r.ClassPreparationMethodBuilder clPrepBuilder: Inner Class detected. Reject building class initialisation methods. 
94694      DEBUG main            d.u.i.k.p.i.AbstractProblemLoader Init config took 9.1s 
94779      INFO  main            d.u.i.k.p.i.AbstractProblemLoader Replaying proof AccessChain4[AccessChain4::foo_8()].JML operation contract.0 
95694      DEBUG main            d.u.i.k.p.i.IntermediateProofReplayer Proof replay took 885.8ms 
95697      DEBUG main            d.u.i.k.p.r.p.TestFile    ... success: reloaded. 
95700      INFO  main            d.u.i.k.p.r.p.TestFile    Now processing file /home/runner/work/key/key/key.core/../key.ui/examples/performance-test/Disjoint(Disjoint__xZero_08()).JML_operation_contract.0.key 
95701      INFO  main            d.u.i.k.p.i.AbstractProblemLoader Loading environment from /home/runner/work/key/key/key.core/../key.ui/examples/performance-test/Disjoint(Disjoint__xZero_08()).JML_operation_contract.0.key 
95702      DEBUG main            d.u.i.k.p.i.AbstractProblemLoader Environment load took 823.9ns 
95703      INFO  main            d.u.i.k.p.i.AbstractProblemLoader Creating init config 
98528      DEBUG main            d.u.i.k.j.r.ClassPreparationMethodBuilder clPrepBuilder: Inner Class detected. Reject building class initialisation methods. 
104907     DEBUG main            d.u.i.k.p.i.AbstractProblemLoader Init config took 9.2s 
104990     INFO  main            d.u.i.k.p.i.AbstractProblemLoader Replaying proof Disjoint[Disjoint::xZero_8()].JML operation contract.0 
104992     DEBUG main            d.u.i.k.p.i.IntermediateProofReplayer Proof replay took 9.9ns 
105899     INFO  main            d.u.i.k.p.r.p.TestFile    ... finished proof: closed. 
106230     INFO  main            d.u.i.k.p.i.AbstractProblemLoader Loading environment from /home/runner/work/key/key/key.core/../key.ui/examples/performance-test/Disjoint(Disjoint__xZero_08()).JML_operation_contract.0.key.proof 
106231     DEBUG main            d.u.i.k.p.i.AbstractProblemLoader Environment load took 1.21ms 
106232     INFO  main            d.u.i.k.p.i.AbstractProblemLoader Creating init config 
108934     DEBUG main            d.u.i.k.j.r.ClassPreparationMethodBuilder clPrepBuilder: Inner Class detected. Reject building class initialisation methods. 
115247     DEBUG main            d.u.i.k.p.i.AbstractProblemLoader Init config took 9.01s 
115329     INFO  main            d.u.i.k.p.i.AbstractProblemLoader Replaying proof Disjoint[Disjoint::xZero_8()].JML operation contract.0 
115524     DEBUG main            d.u.i.k.p.i.IntermediateProofReplayer Proof replay took 181.72ms 
115525     DEBUG main            d.u.i.k.p.r.p.TestFile    ... success: reloaded. 
115527     INFO  main            d.u.i.k.p.r.p.TestFile    Now processing file /home/runner/work/key/key/key.core/../key.ui/examples/performance-test/Dynamic(Dynamic__foo_08()).JML_operation_contract.0.key 
115527     INFO  main            d.u.i.k.p.i.AbstractProblemLoader Loading environment from /home/runner/work/key/key/key.core/../key.ui/examples/performance-test/Dynamic(Dynamic__foo_08()).JML_operation_contract.0.key 
115527     DEBUG main            d.u.i.k.p.i.AbstractProblemLoader Environment load took 99.3ns 
115528     INFO  main            d.u.i.k.p.i.AbstractProblemLoader Creating init config 
118320     DEBUG main            d.u.i.k.j.r.ClassPreparationMethodBuilder clPrepBuilder: Inner Class detected. Reject building class initialisation methods. 
124631     DEBUG main            d.u.i.k.p.i.AbstractProblemLoader Init config took 9.1s 
124730     INFO  main            d.u.i.k.p.i.AbstractProblemLoader Replaying proof Dynamic[Dynamic::foo_8()].JML operation contract.0 
124733     DEBUG main            d.u.i.k.p.i.IntermediateProofReplayer Proof replay took 10.9ns 
129552     INFO  main            d.u.i.k.p.r.p.TestFile    ... finished proof: closed. 
129910     INFO  main            d.u.i.k.p.i.AbstractProblemLoader Loading environment from /home/runner/work/key/key/key.core/../key.ui/examples/performance-test/Dynamic(Dynamic__foo_08()).JML_operation_contract.0.key.proof 
129911     DEBUG main            d.u.i.k.p.i.AbstractProblemLoader Environment load took 271.4ns 
129913     INFO  main            d.u.i.k.p.i.AbstractProblemLoader Creating init config 
132632     DEBUG main            d.u.i.k.j.r.ClassPreparationMethodBuilder clPrepBuilder: Inner Class detected. Reject building class initialisation methods. 
138946     DEBUG main            d.u.i.k.p.i.AbstractProblemLoader Init config took 9.03s 
139025     INFO  main            d.u.i.k.p.i.AbstractProblemLoader Replaying proof Dynamic[Dynamic::foo_8()].JML operation contract.0 
139574     DEBUG main            d.u.i.k.p.i.IntermediateProofReplayer Proof replay took 526ms 
139576     DEBUG main            d.u.i.k.p.r.p.TestFile    ... success: reloaded. 
139578     INFO  main            d.u.i.k.p.r.p.TestFile    Now processing file /home/runner/work/key/key/key.core/../key.ui/examples/performance-test/DynamicGhost(DynamicGhost__dynamicGhost_08()).JML_normal_behavior_operation_contract.0.key 
139578     INFO  main            d.u.i.k.p.i.AbstractProblemLoader Loading environment from /home/runner/work/key/key/key.core/../key.ui/examples/performance-test/DynamicGhost(DynamicGhost__dynamicGhost_08()).JML_normal_behavior_operation_contract.0.key 
139578     DEBUG main            d.u.i.k.p.i.AbstractProblemLoader Environment load took 237.6ns 
139579     INFO  main            d.u.i.k.p.i.AbstractProblemLoader Creating init config 
142397     DEBUG main            d.u.i.k.j.r.ClassPreparationMethodBuilder clPrepBuilder: Inner Class detected. Reject building class initialisation methods. 
148756     DEBUG main            d.u.i.k.p.i.AbstractProblemLoader Init config took 9.18s 
148841     INFO  main            d.u.i.k.p.i.AbstractProblemLoader Replaying proof DynamicGhost[DynamicGhost::dynamicGhost_8()].JML normal_behavior operation contract.0 
148843     DEBUG main            d.u.i.k.p.i.IntermediateProofReplayer Proof replay took 9.4ns 
152495     INFO  main            d.u.i.k.p.r.p.TestFile    ... finished proof: closed. 
152877     INFO  main            d.u.i.k.p.i.AbstractProblemLoader Loading environment from /home/runner/work/key/key/key.core/../key.ui/examples/performance-test/DynamicGhost(DynamicGhost__dynamicGhost_08()).JML_normal_behavior_operation_contract.0.key.proof 
152878     DEBUG main            d.u.i.k.p.i.AbstractProblemLoader Environment load took 515.5ns 
152880     INFO  main            d.u.i.k.p.i.AbstractProblemLoader Creating init config 
155576     DEBUG main            d.u.i.k.j.r.ClassPreparationMethodBuilder clPrepBuilder: Inner Class detected. Reject building class initialisation methods. 
161926     DEBUG main            d.u.i.k.p.i.AbstractProblemLoader Init config took 9.05s 
162044     INFO  main            d.u.i.k.p.i.AbstractProblemLoader Replaying proof DynamicGhost[DynamicGhost::dynamicGhost_8()].JML normal_behavior operation contract.0 
162569     DEBUG main            d.u.i.k.p.i.IntermediateProofReplayer Proof replay took 504.03ms 
162571     DEBUG main            d.u.i.k.p.r.p.TestFile    ... success: reloaded. 
162573     INFO  main            d.u.i.k.p.r.p.TestFile    Now processing file /home/runner/work/key/key/key.core/../key.ui/examples/performance-test/GhostFrame(GhostFrame__foo_08()).JML_operation_contract.0.key 
162573     INFO  main            d.u.i.k.p.i.AbstractProblemLoader Loading environment from /home/runner/work/key/key/key.core/../key.ui/examples/performance-test/GhostFrame(GhostFrame__foo_08()).JML_operation_contract.0.key 
162573     DEBUG main            d.u.i.k.p.i.AbstractProblemLoader Environment load took 114ns 
162574     INFO  main            d.u.i.k.p.i.AbstractProblemLoader Creating init config 
165371     DEBUG main            d.u.i.k.j.r.ClassPreparationMethodBuilder clPrepBuilder: Inner Class detected. Reject building class initialisation methods. 
171756     DEBUG main            d.u.i.k.p.i.AbstractProblemLoader Init config took 9.18s 
171834     INFO  main            d.u.i.k.p.i.AbstractProblemLoader Replaying proof GhostFrame[GhostFrame::foo_8()].JML operation contract.0 
171836     DEBUG main            d.u.i.k.p.i.IntermediateProofReplayer Proof replay took 11.4ns 
173560     INFO  main            d.u.i.k.p.r.p.TestFile    ... finished proof: closed. 
173935     INFO  main            d.u.i.k.p.i.AbstractProblemLoader Loading environment from /home/runner/work/key/key/key.core/../key.ui/examples/performance-test/GhostFrame(GhostFrame__foo_08()).JML_operation_contract.0.key.proof 
173936     DEBUG main            d.u.i.k.p.i.AbstractProblemLoader Environment load took 558ns 
173937     INFO  main            d.u.i.k.p.i.AbstractProblemLoader Creating init config 
176608     DEBUG main            d.u.i.k.j.r.ClassPreparationMethodBuilder clPrepBuilder: Inner Class detected. Reject building class initialisation methods. 
182938     DEBUG main            d.u.i.k.p.i.AbstractProblemLoader Init config took 9s 
183016     INFO  main            d.u.i.k.p.i.AbstractProblemLoader Replaying proof GhostFrame[GhostFrame::foo_8()].JML operation contract.0 
183328     DEBUG main            d.u.i.k.p.i.IntermediateProofReplayer Proof replay took 303.78ms 
183329     DEBUG main            d.u.i.k.p.r.p.TestFile    ... success: reloaded. 
183331     INFO  main            d.u.i.k.p.r.p.TestFile    Now processing file /home/runner/work/key/key/key.core/../key.ui/examples/performance-test/Modelfield(Modelfield__foo_08()).JML_operation_contract.0.key 
183331     INFO  main            d.u.i.k.p.i.AbstractProblemLoader Loading environment from /home/runner/work/key/key/key.core/../key.ui/examples/performance-test/Modelfield(Modelfield__foo_08()).JML_operation_contract.0.key 
183332     DEBUG main            d.u.i.k.p.i.AbstractProblemLoader Environment load took 300.4ns 
183332     INFO  main            d.u.i.k.p.i.AbstractProblemLoader Creating init config 
186107     DEBUG main            d.u.i.k.j.r.ClassPreparationMethodBuilder clPrepBuilder: Inner Class detected. Reject building class initialisation methods. 
192450     DEBUG main            d.u.i.k.p.i.AbstractProblemLoader Init config took 9.12s 
192527     INFO  main            d.u.i.k.p.i.AbstractProblemLoader Replaying proof Modelfield[Modelfield::foo_8()].JML operation contract.0 
192528     DEBUG main            d.u.i.k.p.i.IntermediateProofReplayer Proof replay took 4.7ns 
195266     INFO  main            d.u.i.k.p.r.p.TestFile    ... finished proof: closed. 
195673     INFO  main            d.u.i.k.p.i.AbstractProblemLoader Loading environment from /home/runner/work/key/key/key.core/../key.ui/examples/performance-test/Modelfield(Modelfield__foo_08()).JML_operation_contract.0.key.proof 
195674     DEBUG main            d.u.i.k.p.i.AbstractProblemLoader Environment load took 486ns 
195675     INFO  main            d.u.i.k.p.i.AbstractProblemLoader Creating init config 
198347     DEBUG main            d.u.i.k.j.r.ClassPreparationMethodBuilder clPrepBuilder: Inner Class detected. Reject building class initialisation methods. 
204666     DEBUG main            d.u.i.k.p.i.AbstractProblemLoader Init config took 8.99s 
204744     INFO  main            d.u.i.k.p.i.AbstractProblemLoader Replaying proof Modelfield[Modelfield::foo_8()].JML operation contract.0 
205125     DEBUG main            d.u.i.k.p.i.IntermediateProofReplayer Proof replay took 368.98ms 
205126     DEBUG main            d.u.i.k.p.r.p.TestFile    ... success: reloaded. 
345589     INFO  Test worker     d.u.i.k.p.r.RunAllProofsTestUnit Returning from test performance 
345591     INFO  Test worker     d.u.i.k.p.r.RunAllProofsTestUnit Running test performancePOConstruction 
344        INFO  Timeout watchdog d.u.i.k.p.r.p.ForkedTestFileRunner Timeout watcher launched (2000 secs.) 
350        WARN  main            d.u.i.k.s.ProofSettings   The settings in /home/runner/.key/proof-settings.props are *not* read. 
379        INFO  main            d.u.i.k.p.r.p.TestFile    Now processing file /home/runner/work/key/key/key.core/../key.ui/examples/performance-test/Test(Test__a0(int)).JML_normal_behavior_operation_contract.0.key 
503        INFO  main            d.u.i.k.p.i.AbstractProblemLoader Loading environment from /home/runner/work/key/key/key.core/../key.ui/examples/performance-test/Test(Test__a0(int)).JML_normal_behavior_operation_contract.0.key 
523        DEBUG main            d.u.i.k.p.i.AbstractProblemLoader Environment load took 1.8ms 
761        INFO  main            d.u.i.k.p.i.AbstractProblemLoader Creating init config 
1827       DEBUG main            d.u.i.k.j.TypeConverter   No LDT found for Meta 
1828       DEBUG main            d.u.i.k.j.TypeConverter   No LDT found for Meta 
1831       DEBUG main            d.u.i.k.j.TypeConverter   No LDT found for Meta 
1832       DEBUG main            d.u.i.k.j.TypeConverter   No LDT found for Meta 
2943       DEBUG main            d.u.i.k.j.TypeConverter   No LDT found for JavaBigintExpression 
7900       DEBUG main            d.u.i.k.j.r.ClassPreparationMethodBuilder clPrepBuilder: Inner Class detected. Reject building class initialisation methods. 
15480      DEBUG main            d.u.i.k.p.i.AbstractProblemLoader Init config took 14.72s 
16379      INFO  main            d.u.i.k.p.i.AbstractProblemLoader Replaying proof Test[Test::a0(int)].JML normal_behavior operation contract.0 
16432      DEBUG main            d.u.i.k.p.i.IntermediateProofReplayer Proof replay took 33.6ns 
16879      INFO  main            d.u.i.k.p.r.p.TestFile    ... finished proof: closed. 
17024      INFO  main            d.u.i.k.p.i.AbstractProblemLoader Loading environment from /home/runner/work/key/key/key.core/../key.ui/examples/performance-test/Test(Test__a0(int)).JML_normal_behavior_operation_contract.0.key.proof 
17024      DEBUG main            d.u.i.k.p.i.AbstractProblemLoader Environment load took 135.2ns 
17036      INFO  main            d.u.i.k.p.i.AbstractProblemLoader Creating init config 
20063      DEBUG main            d.u.i.k.j.r.ClassPreparationMethodBuilder clPrepBuilder: Inner Class detected. Reject building class initialisation methods. 
26837      DEBUG main            d.u.i.k.p.i.AbstractProblemLoader Init config took 9.8s 
27514      INFO  main            d.u.i.k.p.i.AbstractProblemLoader Replaying proof Test[Test::a0(int)].JML normal_behavior operation contract.0 
27537      DEBUG main            d.u.i.k.p.i.IntermediateProofReplayer Proof replay took 18.38ms 
27544      DEBUG main            d.u.i.k.p.r.p.TestFile    ... success: reloaded. 
27546      INFO  main            d.u.i.k.p.r.p.TestFile    Now processing file /home/runner/work/key/key/key.core/../key.ui/examples/performance-test/Test(Test__a1(int)).JML_normal_behavior_operation_contract.0.key 
27546      INFO  main            d.u.i.k.p.i.AbstractProblemLoader Loading environment from /home/runner/work/key/key/key.core/../key.ui/examples/performance-test/Test(Test__a1(int)).JML_normal_behavior_operation_contract.0.key 
27546      DEBUG main            d.u.i.k.p.i.AbstractProblemLoader Environment load took 257.6ns 
27548      INFO  main            d.u.i.k.p.i.AbstractProblemLoader Creating init config 
30383      DEBUG main            d.u.i.k.j.r.ClassPreparationMethodBuilder clPrepBuilder: Inner Class detected. Reject building class initialisation methods. 
37061      DEBUG main            d.u.i.k.p.i.AbstractProblemLoader Init config took 9.51s 
37771      INFO  main            d.u.i.k.p.i.AbstractProblemLoader Replaying proof Test[Test::a1(int)].JML normal_behavior operation contract.0 
37773      DEBUG main            d.u.i.k.p.i.IntermediateProofReplayer Proof replay took 7.2ns 
38181      INFO  main            d.u.i.k.p.r.p.TestFile    ... finished proof: closed. 
38418      INFO  main            d.u.i.k.p.i.AbstractProblemLoader Loading environment from /home/runner/work/key/key/key.core/../key.ui/examples/performance-test/Test(Test__a1(int)).JML_normal_behavior_operation_contract.0.key.proof 
38418      DEBUG main            d.u.i.k.p.i.AbstractProblemLoader Environment load took 545.5ns 
38420      INFO  main            d.u.i.k.p.i.AbstractProblemLoader Creating init config 
41214      DEBUG main            d.u.i.k.j.r.ClassPreparationMethodBuilder clPrepBuilder: Inner Class detected. Reject building class initialisation methods. 
47657      DEBUG main            d.u.i.k.p.i.AbstractProblemLoader Init config took 9.24s 
48750      INFO  main            d.u.i.k.p.i.AbstractProblemLoader Replaying proof Test[Test::a1(int)].JML normal_behavior operation contract.0 
48814      DEBUG main            d.u.i.k.p.i.IntermediateProofReplayer Proof replay took 60.16ms 
48816      DEBUG main            d.u.i.k.p.r.p.TestFile    ... success: reloaded. 
48819      INFO  main            d.u.i.k.p.r.p.TestFile    Now processing file /home/runner/work/key/key/key.core/../key.ui/examples/performance-test/Test(Test__f1(int)).JML_normal_behavior_operation_contract.0.key 
48827      INFO  main            d.u.i.k.p.i.AbstractProblemLoader Loading environment from /home/runner/work/key/key/key.core/../key.ui/examples/performance-test/Test(Test__f1(int)).JML_normal_behavior_operation_contract.0.key 
48829      DEBUG main            d.u.i.k.p.i.AbstractProblemLoader Environment load took 2.58ms 
48831      INFO  main            d.u.i.k.p.i.AbstractProblemLoader Creating init config 
51613      DEBUG main            d.u.i.k.j.r.ClassPreparationMethodBuilder clPrepBuilder: Inner Class detected. Reject building class initialisation methods. 
58023      DEBUG main            d.u.i.k.p.i.AbstractProblemLoader Init config took 9.19s 
58673      INFO  main            d.u.i.k.p.i.AbstractProblemLoader Replaying proof Test[Test::f1(int)].JML normal_behavior operation contract.0 
58678      DEBUG main            d.u.i.k.p.i.IntermediateProofReplayer Proof replay took 5.2ns 
58984      INFO  main            d.u.i.k.p.r.p.TestFile    ... finished proof: closed. 
59227      INFO  main            d.u.i.k.p.i.AbstractProblemLoader Loading environment from /home/runner/work/key/key/key.core/../key.ui/examples/performance-test/Test(Test__f1(int)).JML_normal_behavior_operation_contract.0.key.proof 
59230      DEBUG main            d.u.i.k.p.i.AbstractProblemLoader Environment load took 2.45ms 
59231      INFO  main            d.u.i.k.p.i.AbstractProblemLoader Creating init config 
61939      DEBUG main            d.u.i.k.j.r.ClassPreparationMethodBuilder clPrepBuilder: Inner Class detected. Reject building class initialisation methods. 
68398      DEBUG main            d.u.i.k.p.i.AbstractProblemLoader Init config took 9.17s 
68998      INFO  main            d.u.i.k.p.i.AbstractProblemLoader Replaying proof Test[Test::f1(int)].JML normal_behavior operation contract.0 
69044      DEBUG main            d.u.i.k.p.i.IntermediateProofReplayer Proof replay took 42.99ms 
69046      DEBUG main            d.u.i.k.p.r.p.TestFile    ... success: reloaded. 
414821     INFO  Test worker     d.u.i.k.p.r.RunAllProofsTestUnit Returning from test performancePOConstruction 
414823     INFO  Test worker     d.u.i.k.p.r.RunAllProofsTestUnit Running test applicationRestrictions 
383        INFO  Timeout watchdog d.u.i.k.p.r.p.ForkedTestFileRunner Timeout watcher launched (2000 secs.) 
398        WARN  main            d.u.i.k.s.ProofSettings   The settings in /home/runner/.key/proof-settings.props are *not* read. 
425        INFO  main            d.u.i.k.p.r.p.TestFile    Now processing file /home/runner/work/key/key/key.core/../key.ui/examples/heap/polarity_tests/wellformed1.key 
538        INFO  main            d.u.i.k.p.i.AbstractProblemLoader Loading environment from /home/runner/work/key/key/key.core/../key.ui/examples/heap/polarity_tests/wellformed1.key 
563        DEBUG main            d.u.i.k.p.i.AbstractProblemLoader Environment load took 2.2ms 
780        INFO  main            d.u.i.k.p.i.AbstractProblemLoader Creating init config 
1750       DEBUG main            d.u.i.k.j.TypeConverter   No LDT found for Meta 
1751       DEBUG main            d.u.i.k.j.TypeConverter   No LDT found for Meta 
1755       DEBUG main            d.u.i.k.j.TypeConverter   No LDT found for Meta 
1755       DEBUG main            d.u.i.k.j.TypeConverter   No LDT found for Meta 
3117       DEBUG main            d.u.i.k.j.TypeConverter   No LDT found for JavaBigintExpression 
7632       DEBUG main            d.u.i.k.p.i.AbstractProblemLoader Init config took 6.85s 
7717       INFO  main            d.u.i.k.p.i.AbstractProblemLoader Replaying proof wellformed1.key 
7751       DEBUG main            d.u.i.k.p.i.IntermediateProofReplayer Proof replay took 36.1ns 
7913       INFO  main            d.u.i.k.p.r.p.TestFile    ... finished proof: closed. 
8014       INFO  main            d.u.i.k.p.i.AbstractProblemLoader Loading environment from /home/runner/work/key/key/key.core/../key.ui/examples/heap/polarity_tests/wellformed1.key.proof 
8015       DEBUG main            d.u.i.k.p.i.AbstractProblemLoader Environment load took 129.7ns 
8018       INFO  main            d.u.i.k.p.i.AbstractProblemLoader Creating init config 
10529      DEBUG main            d.u.i.k.p.i.AbstractProblemLoader Init config took 2.51s 
10573      INFO  main            d.u.i.k.p.i.AbstractProblemLoader Replaying proof wellformed1.key.proof 
10580      DEBUG main            d.u.i.k.p.i.IntermediateProofReplayer Proof replay took 2.08ms 
10590      DEBUG main            d.u.i.k.p.r.p.TestFile    ... success: reloaded. 
10591      INFO  main            d.u.i.k.p.r.p.TestFile    Now processing file /home/runner/work/key/key/key.core/../key.ui/examples/heap/polarity_tests/wellformed2.key 
10592      INFO  main            d.u.i.k.p.i.AbstractProblemLoader Loading environment from /home/runner/work/key/key/key.core/../key.ui/examples/heap/polarity_tests/wellformed2.key 
10592      DEBUG main            d.u.i.k.p.i.AbstractProblemLoader Environment load took 248.8ns 
10594      INFO  main            d.u.i.k.p.i.AbstractProblemLoader Creating init config 
13190      DEBUG main            d.u.i.k.p.i.AbstractProblemLoader Init config took 2.6s 
13220      INFO  main            d.u.i.k.p.i.AbstractProblemLoader Replaying proof wellformed2.key 
13222      DEBUG main            d.u.i.k.p.i.IntermediateProofReplayer Proof replay took 5.4ns 
13324      INFO  main            d.u.i.k.p.r.p.TestFile    ... finished proof: open goal(s) 
13431      INFO  main            d.u.i.k.p.r.p.TestFile    Now processing file /home/runner/work/key/key/key.core/../key.ui/examples/heap/polarity_tests/wellformed3.key 
13432      INFO  main            d.u.i.k.p.i.AbstractProblemLoader Loading environment from /home/runner/work/key/key/key.core/../key.ui/examples/heap/polarity_tests/wellformed3.key 
13432      DEBUG main            d.u.i.k.p.i.AbstractProblemLoader Environment load took 73.2ns 
13434      INFO  main            d.u.i.k.p.i.AbstractProblemLoader Creating init config 
15809      DEBUG main            d.u.i.k.p.i.AbstractProblemLoader Init config took 2.38s 
15831      INFO  main            d.u.i.k.p.i.AbstractProblemLoader Replaying proof wellformed3.key 
15833      DEBUG main            d.u.i.k.p.i.IntermediateProofReplayer Proof replay took 6.1ns 
15936      INFO  main            d.u.i.k.p.r.p.TestFile    ... finished proof: closed. 
16080      INFO  main            d.u.i.k.p.i.AbstractProblemLoader Loading environment from /home/runner/work/key/key/key.core/../key.ui/examples/heap/polarity_tests/wellformed3.key.proof 
16080      DEBUG main            d.u.i.k.p.i.AbstractProblemLoader Environment load took 123.9ns 
16082      INFO  main            d.u.i.k.p.i.AbstractProblemLoader Creating init config 
18471      DEBUG main            d.u.i.k.p.i.AbstractProblemLoader Init config took 2.39s 
18492      INFO  main            d.u.i.k.p.i.AbstractProblemLoader Replaying proof wellformed3.key.proof 
18502      DEBUG main            d.u.i.k.p.i.IntermediateProofReplayer Proof replay took 6.37ms 
18503      DEBUG main            d.u.i.k.p.r.p.TestFile    ... success: reloaded. 
18504      INFO  main            d.u.i.k.p.r.p.TestFile    Now processing file /home/runner/work/key/key/key.core/../key.ui/examples/heap/polarity_tests/wellformed4.key 
18505      INFO  main            d.u.i.k.p.i.AbstractProblemLoader Loading environment from /home/runner/work/key/key/key.core/../key.ui/examples/heap/polarity_tests/wellformed4.key 
18505      DEBUG main            d.u.i.k.p.i.AbstractProblemLoader Environment load took 94.3ns 
18509      INFO  main            d.u.i.k.p.i.AbstractProblemLoader Creating init config 
20881      DEBUG main            d.u.i.k.p.i.AbstractProblemLoader Init config took 2.37s 
20900      INFO  main            d.u.i.k.p.i.AbstractProblemLoader Replaying proof wellformed4.key 
20901      DEBUG main            d.u.i.k.p.i.IntermediateProofReplayer Proof replay took 5.7ns 
21005      INFO  main            d.u.i.k.p.r.p.TestFile    ... finished proof: open goal(s) 
21130      INFO  main            d.u.i.k.p.r.p.TestFile    Now processing file /home/runner/work/key/key/key.core/../key.ui/examples/heap/polarity_tests/wellformed5.key 
21130      INFO  main            d.u.i.k.p.i.AbstractProblemLoader Loading environment from /home/runner/work/key/key/key.core/../key.ui/examples/heap/polarity_tests/wellformed5.key 
21130      DEBUG main            d.u.i.k.p.i.AbstractProblemLoader Environment load took 60.5ns 
21131      INFO  main            d.u.i.k.p.i.AbstractProblemLoader Creating init config 
23477      DEBUG main            d.u.i.k.p.i.AbstractProblemLoader Init config took 2.35s 
23500      INFO  main            d.u.i.k.p.i.AbstractProblemLoader Replaying proof wellformed5.key 
23502      DEBUG main            d.u.i.k.p.i.IntermediateProofReplayer Proof replay took 6.8ns 
23604      INFO  main            d.u.i.k.p.r.p.TestFile    ... finished proof: closed. 
23727      INFO  main            d.u.i.k.p.i.AbstractProblemLoader Loading environment from /home/runner/work/key/key/key.core/../key.ui/examples/heap/polarity_tests/wellformed5.key.proof 
23727      DEBUG main            d.u.i.k.p.i.AbstractProblemLoader Environment load took 112.5ns 
23729      INFO  main            d.u.i.k.p.i.AbstractProblemLoader Creating init config 
26068      DEBUG main            d.u.i.k.p.i.AbstractProblemLoader Init config took 2.34s 
26088      INFO  main            d.u.i.k.p.i.AbstractProblemLoader Replaying proof wellformed5.key.proof 
26091      DEBUG main            d.u.i.k.p.i.IntermediateProofReplayer Proof replay took 1.23ms 
26093      DEBUG main            d.u.i.k.p.r.p.TestFile    ... success: reloaded. 
26093      INFO  main            d.u.i.k.p.r.p.TestFile    Now processing file /home/runner/work/key/key/key.core/../key.ui/examples/heap/polarity_tests/wellformed6.key 
26094      INFO  main            d.u.i.k.p.i.AbstractProblemLoader Loading environment from /home/runner/work/key/key/key.core/../key.ui/examples/heap/polarity_tests/wellformed6.key 
26094      DEBUG main            d.u.i.k.p.i.AbstractProblemLoader Environment load took 229.4ns 
26095      INFO  main            d.u.i.k.p.i.AbstractProblemLoader Creating init config 
28493      DEBUG main            d.u.i.k.p.i.AbstractProblemLoader Init config took 2.4s 
28513      INFO  main            d.u.i.k.p.i.AbstractProblemLoader Replaying proof wellformed6.key 
28515      DEBUG main            d.u.i.k.p.i.IntermediateProofReplayer Proof replay took 6.6ns 
28618      INFO  main            d.u.i.k.p.r.p.TestFile    ... finished proof: open goal(s) 
28755      INFO  main            d.u.i.k.p.r.p.TestFile    Now processing file /home/runner/work/key/key/key.core/../key.ui/examples/heap/polarity_tests/wellformed7.key 
28755      INFO  main            d.u.i.k.p.i.AbstractProblemLoader Loading environment from /home/runner/work/key/key/key.core/../key.ui/examples/heap/polarity_tests/wellformed7.key 
28755      DEBUG main            d.u.i.k.p.i.AbstractProblemLoader Environment load took 71.4ns 
28756      INFO  main            d.u.i.k.p.i.AbstractProblemLoader Creating init config 
31029      DEBUG main            d.u.i.k.p.i.AbstractProblemLoader Init config took 2.27s 
31048      INFO  main            d.u.i.k.p.i.AbstractProblemLoader Replaying proof wellformed7.key 
31050      DEBUG main            d.u.i.k.p.i.IntermediateProofReplayer Proof replay took 7ns 
31152      INFO  main            d.u.i.k.p.r.p.TestFile    ... finished proof: closed. 
31305      INFO  main            d.u.i.k.p.i.AbstractProblemLoader Loading environment from /home/runner/work/key/key/key.core/../key.ui/examples/heap/polarity_tests/wellformed7.key.proof 
31305      DEBUG main            d.u.i.k.p.i.AbstractProblemLoader Environment load took 105.1ns 
31306      INFO  main            d.u.i.k.p.i.AbstractProblemLoader Creating init config 
33603      DEBUG main            d.u.i.k.p.i.AbstractProblemLoader Init config took 2.3s 
33621      INFO  main            d.u.i.k.p.i.AbstractProblemLoader Replaying proof wellformed7.key.proof 
33624      DEBUG main            d.u.i.k.p.i.IntermediateProofReplayer Proof replay took 1.41ms 
33628      DEBUG main            d.u.i.k.p.r.p.TestFile    ... success: reloaded. 
33629      INFO  main            d.u.i.k.p.r.p.TestFile    Now processing file /home/runner/work/key/key/key.core/../key.ui/examples/heap/polarity_tests/wellformed8.key 
33629      INFO  main            d.u.i.k.p.i.AbstractProblemLoader Loading environment from /home/runner/work/key/key/key.core/../key.ui/examples/heap/polarity_tests/wellformed8.key 
33629      DEBUG main            d.u.i.k.p.i.AbstractProblemLoader Environment load took 168.2ns 
33630      INFO  main            d.u.i.k.p.i.AbstractProblemLoader Creating init config 
35955      DEBUG main            d.u.i.k.p.i.AbstractProblemLoader Init config took 2.32s 
35971      INFO  main            d.u.i.k.p.i.AbstractProblemLoader Replaying proof wellformed8.key 
35972      DEBUG main            d.u.i.k.p.i.IntermediateProofReplayer Proof replay took 20.3ns 
36091      INFO  main            d.u.i.k.p.r.p.TestFile    ... finished proof: open goal(s) 
36224      INFO  main            d.u.i.k.p.r.p.TestFile    Now processing file /home/runner/work/key/key/key.core/../key.ui/examples/heap/polarity_tests/wellformed9.key 
36225      INFO  main            d.u.i.k.p.i.AbstractProblemLoader Loading environment from /home/runner/work/key/key/key.core/../key.ui/examples/heap/polarity_tests/wellformed9.key 
36225      DEBUG main            d.u.i.k.p.i.AbstractProblemLoader Environment load took 115.3ns 
36226      INFO  main            d.u.i.k.p.i.AbstractProblemLoader Creating init config 
38522      DEBUG main            d.u.i.k.p.i.AbstractProblemLoader Init config took 2.3s 
38540      INFO  main            d.u.i.k.p.i.AbstractProblemLoader Replaying proof wellformed9.key 
38543      DEBUG main            d.u.i.k.p.i.IntermediateProofReplayer Proof replay took 7.4ns 
38645      INFO  main            d.u.i.k.p.r.p.TestFile    ... finished proof: closed. 
38786      INFO  main            d.u.i.k.p.i.AbstractProblemLoader Loading environment from /home/runner/work/key/key/key.core/../key.ui/examples/heap/polarity_tests/wellformed9.key.proof 
38786      DEBUG main            d.u.i.k.p.i.AbstractProblemLoader Environment load took 109.2ns 
38787      INFO  main            d.u.i.k.p.i.AbstractProblemLoader Creating init config 
41082      DEBUG main            d.u.i.k.p.i.AbstractProblemLoader Init config took 2.3s 
41102      INFO  main            d.u.i.k.p.i.AbstractProblemLoader Replaying proof wellformed9.key.proof 
41106      DEBUG main            d.u.i.k.p.i.IntermediateProofReplayer Proof replay took 1.82ms 
41108      DEBUG main            d.u.i.k.p.r.p.TestFile    ... success: reloaded. 
41109      INFO  main            d.u.i.k.p.r.p.TestFile    Now processing file /home/runner/work/key/key/key.core/../key.ui/examples/heap/polarity_tests/wellformed10.key 
41109      INFO  main            d.u.i.k.p.i.AbstractProblemLoader Loading environment from /home/runner/work/key/key/key.core/../key.ui/examples/heap/polarity_tests/wellformed10.key 
41110      DEBUG main            d.u.i.k.p.i.AbstractProblemLoader Environment load took 263.6ns 
41111      INFO  main            d.u.i.k.p.i.AbstractProblemLoader Creating init config 
43480      DEBUG main            d.u.i.k.p.i.AbstractProblemLoader Init config took 2.37s 
43496      INFO  main            d.u.i.k.p.i.AbstractProblemLoader Replaying proof wellformed10.key 
43497      DEBUG main            d.u.i.k.p.i.IntermediateProofReplayer Proof replay took 6.1ns 
43599      INFO  main            d.u.i.k.p.r.p.TestFile    ... finished proof: open goal(s) 
43749      INFO  main            d.u.i.k.p.r.p.TestFile    Now processing file /home/runner/work/key/key/key.core/../key.ui/examples/heap/polarity_tests/wellformed11.key 
43749      INFO  main            d.u.i.k.p.i.AbstractProblemLoader Loading environment from /home/runner/work/key/key/key.core/../key.ui/examples/heap/polarity_tests/wellformed11.key 
43749      DEBUG main            d.u.i.k.p.i.AbstractProblemLoader Environment load took 62.7ns 
43750      INFO  main            d.u.i.k.p.i.AbstractProblemLoader Creating init config 
46018      DEBUG main            d.u.i.k.p.i.AbstractProblemLoader Init config took 2.27s 
46034      INFO  main            d.u.i.k.p.i.AbstractProblemLoader Replaying proof wellformed11.key 
46035      DEBUG main            d.u.i.k.p.i.IntermediateProofReplayer Proof replay took 6.6ns 
46138      INFO  main            d.u.i.k.p.r.p.TestFile    ... finished proof: open goal(s) 
461270     INFO  Test worker     d.u.i.k.p.r.RunAllProofsTestUnit Returning from test applicationRestrictions 
461271     INFO  Test worker     d.u.i.k.p.r.RunAllProofsTestUnit Running test blockContracts 
314        INFO  Timeout watchdog d.u.i.k.p.r.p.ForkedTestFileRunner Timeout watcher launched (2000 secs.) 
318        WARN  main            d.u.i.k.s.ProofSettings   The settings in /home/runner/.key/proof-settings.props are *not* read. 
343        INFO  main            d.u.i.k.p.r.p.TestFile    Now processing file /home/runner/work/key/key/key.core/../key.ui/examples/heap/block_contracts/Simple__add.key 
474        INFO  main            d.u.i.k.p.i.AbstractProblemLoader Loading environment from /home/runner/work/key/key/key.core/../key.ui/examples/heap/block_contracts/Simple__add.key 
499        DEBUG main            d.u.i.k.p.i.AbstractProblemLoader Environment load took 2.58ms 
763        INFO  main            d.u.i.k.p.i.AbstractProblemLoader Creating init config 
1542       DEBUG main            d.u.i.k.j.TypeConverter   No LDT found for Meta 
1543       DEBUG main            d.u.i.k.j.TypeConverter   No LDT found for Meta 
1544       DEBUG main            d.u.i.k.j.TypeConverter   No LDT found for Meta 
1544       DEBUG main            d.u.i.k.j.TypeConverter   No LDT found for Meta 
2692       DEBUG main            d.u.i.k.j.TypeConverter   No LDT found for JavaBigintExpression 
8124       DEBUG main            d.u.i.k.p.i.AbstractProblemLoader Init config took 7.36s 
8276       INFO  main            d.u.i.k.p.i.AbstractProblemLoader Replaying proof Simple[Simple::add(int,int)].JML operation contract.0 
8350       DEBUG main            d.u.i.k.p.i.IntermediateProofReplayer Proof replay took 330.3ns 
9178       INFO  main            d.u.i.k.p.r.p.TestFile    ... finished proof: closed. 
9292       INFO  main            d.u.i.k.p.i.AbstractProblemLoader Loading environment from /home/runner/work/key/key/key.core/../key.ui/examples/heap/block_contracts/Simple__add.key.proof 
9294       DEBUG main            d.u.i.k.p.i.AbstractProblemLoader Environment load took 2.14ms 
9298       INFO  main            d.u.i.k.p.i.AbstractProblemLoader Creating init config 
12537      DEBUG main            d.u.i.k.p.i.AbstractProblemLoader Init config took 3.24s 
12611      INFO  main            d.u.i.k.p.i.AbstractProblemLoader Replaying proof Simple[Simple::add(int,int)].JML operation contract.0 
12693      DEBUG main            d.u.i.k.p.i.IntermediateProofReplayer Proof replay took 78.75ms 
12700      DEBUG main            d.u.i.k.p.r.p.TestFile    ... success: reloaded. 
12701      INFO  main            d.u.i.k.p.r.p.TestFile    Now processing file /home/runner/work/key/key/key.core/../key.ui/examples/heap/block_contracts/Simple__addAbsoluteValues.key 
12702      INFO  main            d.u.i.k.p.i.AbstractProblemLoader Loading environment from /home/runner/work/key/key/key.core/../key.ui/examples/heap/block_contracts/Simple__addAbsoluteValues.key 
12702      DEBUG main            d.u.i.k.p.i.AbstractProblemLoader Environment load took 250.8ns 
12703      INFO  main            d.u.i.k.p.i.AbstractProblemLoader Creating init config 
15899      DEBUG main            d.u.i.k.p.i.AbstractProblemLoader Init config took 3.2s 
15956      INFO  main            d.u.i.k.p.i.AbstractProblemLoader Replaying proof Simple[Simple::addAbsoluteValues(int,int)].JML normal_behavior operation contract.0 
15959      DEBUG main            d.u.i.k.p.i.IntermediateProofReplayer Proof replay took 13.1ns 
17000      INFO  main            d.u.i.k.p.r.p.TestFile    ... finished proof: closed. 
17152      INFO  main            d.u.i.k.p.i.AbstractProblemLoader Loading environment from /home/runner/work/key/key/key.core/../key.ui/examples/heap/block_contracts/Simple__addAbsoluteValues.key.proof 
17153      DEBUG main            d.u.i.k.p.i.AbstractProblemLoader Environment load took 470ns 
17154      INFO  main            d.u.i.k.p.i.AbstractProblemLoader Creating init config 
20235      DEBUG main            d.u.i.k.p.i.AbstractProblemLoader Init config took 3.08s 
20308      INFO  main            d.u.i.k.p.i.AbstractProblemLoader Replaying proof Simple[Simple::addAbsoluteValues(int,int)].JML normal_behavior operation contract.0 
20537      DEBUG main            d.u.i.k.p.i.IntermediateProofReplayer Proof replay took 216.67ms 
20539      DEBUG main            d.u.i.k.p.r.p.TestFile    ... success: reloaded. 
20541      INFO  main            d.u.i.k.p.r.p.TestFile    Now processing file /home/runner/work/key/key/key.core/../key.ui/examples/heap/block_contracts/Simple__addWithJump.key 
20541      INFO  main            d.u.i.k.p.i.AbstractProblemLoader Loading environment from /home/runner/work/key/key/key.core/../key.ui/examples/heap/block_contracts/Simple__addWithJump.key 
20541      DEBUG main            d.u.i.k.p.i.AbstractProblemLoader Environment load took 115.3ns 
20543      INFO  main            d.u.i.k.p.i.AbstractProblemLoader Creating init config 
23720      DEBUG main            d.u.i.k.p.i.AbstractProblemLoader Init config took 3.18s 
23768      INFO  main            d.u.i.k.p.i.AbstractProblemLoader Replaying proof Simple[Simple::addWithJump(int,int,int)].JML operation contract.0 
23770      DEBUG main            d.u.i.k.p.i.IntermediateProofReplayer Proof replay took 9.5ns 
23973      INFO  main            d.u.i.k.p.r.p.TestFile    ... finished proof: closed. 
24152      INFO  main            d.u.i.k.p.i.AbstractProblemLoader Loading environment from /home/runner/work/key/key/key.core/../key.ui/examples/heap/block_contracts/Simple__addWithJump.key.proof 
24152      DEBUG main            d.u.i.k.p.i.AbstractProblemLoader Environment load took 119.3ns 
24153      INFO  main            d.u.i.k.p.i.AbstractProblemLoader Creating init config 
27178      DEBUG main            d.u.i.k.p.i.AbstractProblemLoader Init config took 3.03s 
27223      INFO  main            d.u.i.k.p.i.AbstractProblemLoader Replaying proof Simple[Simple::addWithJump(int,int,int)].JML operation contract.0 
27264      DEBUG main            d.u.i.k.p.i.IntermediateProofReplayer Proof replay took 37.98ms 
27265      DEBUG main            d.u.i.k.p.r.p.TestFile    ... success: reloaded. 
27266      INFO  main            d.u.i.k.p.r.p.TestFile    Now processing file /home/runner/work/key/key/key.core/../key.ui/examples/heap/block_contracts/Simple__addWithTwoBlockContracts.key 
27267      INFO  main            d.u.i.k.p.i.AbstractProblemLoader Loading environment from /home/runner/work/key/key/key.core/../key.ui/examples/heap/block_contracts/Simple__addWithTwoBlockContracts.key 
27267      DEBUG main            d.u.i.k.p.i.AbstractProblemLoader Environment load took 214.9ns 
27268      INFO  main            d.u.i.k.p.i.AbstractProblemLoader Creating init config 
30283      DEBUG main            d.u.i.k.p.i.AbstractProblemLoader Init config took 3.01s 
30327      INFO  main            d.u.i.k.p.i.AbstractProblemLoader Replaying proof Simple[Simple::addWithTwoBlockContracts(int,int,int)].JML operation contract.0 
30330      DEBUG main            d.u.i.k.p.i.IntermediateProofReplayer Proof replay took 10.4ns 
30534      INFO  main            d.u.i.k.p.r.p.TestFile    ... finished proof: closed. 
30757      INFO  main            d.u.i.k.p.i.AbstractProblemLoader Loading environment from /home/runner/work/key/key/key.core/../key.ui/examples/heap/block_contracts/Simple__addWithTwoBlockContracts.key.proof 
30757      DEBUG main            d.u.i.k.p.i.AbstractProblemLoader Environment load took 111.9ns 
30758      INFO  main            d.u.i.k.p.i.AbstractProblemLoader Creating init config 
33724      DEBUG main            d.u.i.k.p.i.AbstractProblemLoader Init config took 2.97s 
33769      INFO  main            d.u.i.k.p.i.AbstractProblemLoader Replaying proof Simple[Simple::addWithTwoBlockContracts(int,int,int)].JML operation contract.0 
33822      DEBUG main            d.u.i.k.p.i.IntermediateProofReplayer Proof replay took 50.18ms 
33823      DEBUG main            d.u.i.k.p.r.p.TestFile    ... success: reloaded. 
33824      INFO  main            d.u.i.k.p.r.p.TestFile    Now processing file /home/runner/work/key/key/key.core/../key.ui/examples/heap/block_contracts/Simple__generateByteArray.key 
33824      INFO  main            d.u.i.k.p.i.AbstractProblemLoader Loading environment from /home/runner/work/key/key/key.core/../key.ui/examples/heap/block_contracts/Simple__generateByteArray.key 
33824      DEBUG main            d.u.i.k.p.i.AbstractProblemLoader Environment load took 192.8ns 
33825      INFO  main            d.u.i.k.p.i.AbstractProblemLoader Creating init config 
36867      DEBUG main            d.u.i.k.p.i.AbstractProblemLoader Init config took 3.04s 
36911      INFO  main            d.u.i.k.p.i.AbstractProblemLoader Replaying proof Simple[Simple::generateByteArray()].JML normal_behavior operation contract.0 
36917      DEBUG main            d.u.i.k.p.i.IntermediateProofReplayer Proof replay took 9.7ns 
38725      INFO  main            d.u.i.k.p.r.p.TestFile    ... finished proof: closed. 
38929      INFO  main            d.u.i.k.p.i.AbstractProblemLoader Loading environment from /home/runner/work/key/key/key.core/../key.ui/examples/heap/block_contracts/Simple__generateByteArray.key.proof 
38930      DEBUG main            d.u.i.k.p.i.AbstractProblemLoader Environment load took 475.1ns 
38931      INFO  main            d.u.i.k.p.i.AbstractProblemLoader Creating init config 
41866      DEBUG main            d.u.i.k.p.i.AbstractProblemLoader Init config took 2.93s 
41914      INFO  main            d.u.i.k.p.i.AbstractProblemLoader Replaying proof Simple[Simple::generateByteArray()].JML normal_behavior operation contract.0 
42195      DEBUG main            d.u.i.k.p.i.IntermediateProofReplayer Proof replay took 266.72ms 
42197      DEBUG main            d.u.i.k.p.r.p.TestFile    ... success: reloaded. 
42198      INFO  main            d.u.i.k.p.r.p.TestFile    Now processing file /home/runner/work/key/key/key.core/../key.ui/examples/heap/block_contracts/Simple__getLength.key 
42199      INFO  main            d.u.i.k.p.i.AbstractProblemLoader Loading environment from /home/runner/work/key/key/key.core/../key.ui/examples/heap/block_contracts/Simple__getLength.key 
42199      DEBUG main            d.u.i.k.p.i.AbstractProblemLoader Environment load took 243.2ns 
42200      INFO  main            d.u.i.k.p.i.AbstractProblemLoader Creating init config 
45196      DEBUG main            d.u.i.k.p.i.AbstractProblemLoader Init config took 3s 
45237      INFO  main            d.u.i.k.p.i.AbstractProblemLoader Replaying proof Simple[Simple::getLength()].JML normal_behavior operation contract.0 
45239      DEBUG main            d.u.i.k.p.i.IntermediateProofReplayer Proof replay took 11.1ns 
45341      INFO  main            d.u.i.k.p.r.p.TestFile    ... finished proof: closed. 
45541      INFO  main            d.u.i.k.p.i.AbstractProblemLoader Loading environment from /home/runner/work/key/key/key.core/../key.ui/examples/heap/block_contracts/Simple__getLength.key.proof 
45541      DEBUG main            d.u.i.k.p.i.AbstractProblemLoader Environment load took 106.1ns 
45542      INFO  main            d.u.i.k.p.i.AbstractProblemLoader Creating init config 
48474      DEBUG main            d.u.i.k.p.i.AbstractProblemLoader Init config took 2.93s 
48514      INFO  main            d.u.i.k.p.i.AbstractProblemLoader Replaying proof Simple[Simple::getLength()].JML normal_behavior operation contract.0 
48523      DEBUG main            d.u.i.k.p.i.IntermediateProofReplayer Proof replay took 6.87ms 
48523      DEBUG main            d.u.i.k.p.r.p.TestFile    ... success: reloaded. 
48525      INFO  main            d.u.i.k.p.r.p.TestFile    Now processing file /home/runner/work/key/key/key.core/../key.ui/examples/heap/block_contracts/Simple__square.key 
48525      INFO  main            d.u.i.k.p.i.AbstractProblemLoader Loading environment from /home/runner/work/key/key/key.core/../key.ui/examples/heap/block_contracts/Simple__square.key 
48525      DEBUG main            d.u.i.k.p.i.AbstractProblemLoader Environment load took 135ns 
48526      INFO  main            d.u.i.k.p.i.AbstractProblemLoader Creating init config 
51444      DEBUG main            d.u.i.k.p.i.AbstractProblemLoader Init config took 2.92s 
51488      INFO  main            d.u.i.k.p.i.AbstractProblemLoader Replaying proof Simple[Simple::square(int)].JML operation contract.0 
51490      DEBUG main            d.u.i.k.p.i.IntermediateProofReplayer Proof replay took 9.9ns 
51893      INFO  main            d.u.i.k.p.r.p.TestFile    ... finished proof: closed. 
52054      INFO  main            d.u.i.k.p.i.AbstractProblemLoader Loading environment from /home/runner/work/key/key/key.core/../key.ui/examples/heap/block_contracts/Simple__square.key.proof 
52054      DEBUG main            d.u.i.k.p.i.AbstractProblemLoader Environment load took 115.4ns 
52055      INFO  main            d.u.i.k.p.i.AbstractProblemLoader Creating init config 
54962      DEBUG main            d.u.i.k.p.i.AbstractProblemLoader Init config took 2.91s 
55022      INFO  main            d.u.i.k.p.i.AbstractProblemLoader Replaying proof Simple[Simple::square(int)].JML operation contract.0 
55140      DEBUG main            d.u.i.k.p.i.IntermediateProofReplayer Proof replay took 113.19ms 
55141      DEBUG main            d.u.i.k.p.r.p.TestFile    ... success: reloaded. 
55142      INFO  main            d.u.i.k.p.r.p.TestFile    Now processing file /home/runner/work/key/key/key.core/../key.ui/examples/heap/block_contracts/Simple__unnecessaryBlockContract.key 
55143      INFO  main            d.u.i.k.p.i.AbstractProblemLoader Loading environment from /home/runner/work/key/key/key.core/../key.ui/examples/heap/block_contracts/Simple__unnecessaryBlockContract.key 
55143      DEBUG main            d.u.i.k.p.i.AbstractProblemLoader Environment load took 220.8ns 
55144      INFO  main            d.u.i.k.p.i.AbstractProblemLoader Creating init config 
58153      DEBUG main            d.u.i.k.p.i.AbstractProblemLoader Init config took 3.01s 
58208      INFO  main            d.u.i.k.p.i.AbstractProblemLoader Replaying proof Simple[Simple::unnecessaryBlockContract()].JML operation contract.0 
58210      DEBUG main            d.u.i.k.p.i.IntermediateProofReplayer Proof replay took 12.2ns 
58311      INFO  main            d.u.i.k.p.r.p.TestFile    ... finished proof: closed. 
58507      INFO  main            d.u.i.k.p.i.AbstractProblemLoader Loading environment from /home/runner/work/key/key/key.core/../key.ui/examples/heap/block_contracts/Simple__unnecessaryBlockContract.key.proof 
58507      DEBUG main            d.u.i.k.p.i.AbstractProblemLoader Environment load took 118.2ns 
58508      INFO  main            d.u.i.k.p.i.AbstractProblemLoader Creating init config 
61435      DEBUG main            d.u.i.k.p.i.AbstractProblemLoader Init config took 2.93s 
61473      INFO  main            d.u.i.k.p.i.AbstractProblemLoader Replaying proof Simple[Simple::unnecessaryBlockContract()].JML operation contract.0 
61495      DEBUG main            d.u.i.k.p.i.IntermediateProofReplayer Proof replay took 19.78ms 
61496      DEBUG main            d.u.i.k.p.r.p.TestFile    ... success: reloaded. 
61497      INFO  main            d.u.i.k.p.r.p.TestFile    Now processing file /home/runner/work/key/key/key.core/../key.ui/examples/heap/block_contracts/Simple__unnecessaryLoopInvariant.key 
61497      INFO  main            d.u.i.k.p.i.AbstractProblemLoader Loading environment from /home/runner/work/key/key/key.core/../key.ui/examples/heap/block_contracts/Simple__unnecessaryLoopInvariant.key 
61497      DEBUG main            d.u.i.k.p.i.AbstractProblemLoader Environment load took 77.9ns 
61498      INFO  main            d.u.i.k.p.i.AbstractProblemLoader Creating init config 
64410      DEBUG main            d.u.i.k.p.i.AbstractProblemLoader Init config took 2.91s 
64448      INFO  main            d.u.i.k.p.i.AbstractProblemLoader Replaying proof Simple[Simple::unnecessaryLoopInvariant()].JML operation contract.0 
64449      DEBUG main            d.u.i.k.p.i.IntermediateProofReplayer Proof replay took 10.7ns 
64551      INFO  main            d.u.i.k.p.r.p.TestFile    ... finished proof: closed. 
64725      INFO  main            d.u.i.k.p.i.AbstractProblemLoader Loading environment from /home/runner/work/key/key/key.core/../key.ui/examples/heap/block_contracts/Simple__unnecessaryLoopInvariant.key.proof 
64726      DEBUG main            d.u.i.k.p.i.AbstractProblemLoader Environment load took 108.7ns 
64726      INFO  main            d.u.i.k.p.i.AbstractProblemLoader Creating init config 
67608      DEBUG main            d.u.i.k.p.i.AbstractProblemLoader Init config took 2.88s 
67645      INFO  main            d.u.i.k.p.i.AbstractProblemLoader Replaying proof Simple[Simple::unnecessaryLoopInvariant()].JML operation contract.0 
67657      DEBUG main            d.u.i.k.p.i.IntermediateProofReplayer Proof replay took 10.42ms 
67658      DEBUG main            d.u.i.k.p.r.p.TestFile    ... success: reloaded. 
67659      INFO  main            d.u.i.k.p.r.p.TestFile    Now processing file /home/runner/work/key/key/key.core/../key.ui/examples/standard_key/java_dl/jml-assert/assert.key 
67659      INFO  main            d.u.i.k.p.i.AbstractProblemLoader Loading environment from /home/runner/work/key/key/key.core/../key.ui/examples/standard_key/java_dl/jml-assert/assert.key 
67659      DEBUG main            d.u.i.k.p.i.AbstractProblemLoader Environment load took 90.7ns 
67660      INFO  main            d.u.i.k.p.i.AbstractProblemLoader Creating init config 
70282      DEBUG main            d.u.i.k.p.i.AbstractProblemLoader Init config took 2.62s 
70320      INFO  main            d.u.i.k.p.i.AbstractProblemLoader Replaying proof Assert[Assert::createArray(int)].JML normal_behavior operation contract.0 
70322      DEBUG main            d.u.i.k.p.i.IntermediateProofReplayer Proof replay took 6ns 
70524      INFO  main            d.u.i.k.p.r.p.TestFile    ... finished proof: closed. 
70705      INFO  main            d.u.i.k.p.i.AbstractProblemLoader Loading environment from /home/runner/work/key/key/key.core/../key.ui/examples/standard_key/java_dl/jml-assert/assert.key.proof 
70705      DEBUG main            d.u.i.k.p.i.AbstractProblemLoader Environment load took 109.2ns 
70706      INFO  main            d.u.i.k.p.i.AbstractProblemLoader Creating init config 
73283      DEBUG main            d.u.i.k.p.i.AbstractProblemLoader Init config took 2.58s 
73323      INFO  main            d.u.i.k.p.i.AbstractProblemLoader Replaying proof Assert[Assert::createArray(int)].JML normal_behavior operation contract.0 
73366      DEBUG main            d.u.i.k.p.i.IntermediateProofReplayer Proof replay took 40.03ms 
73366      DEBUG main            d.u.i.k.p.r.p.TestFile    ... success: reloaded. 
73368      INFO  main            d.u.i.k.p.r.p.TestFile    Now processing file /home/runner/work/key/key/key.core/../key.ui/examples/standard_key/java_dl/jml-assert/assert_assume_order.key 
73368      INFO  main            d.u.i.k.p.i.AbstractProblemLoader Loading environment from /home/runner/work/key/key/key.core/../key.ui/examples/standard_key/java_dl/jml-assert/assert_assume_order.key 
73368      DEBUG main            d.u.i.k.p.i.AbstractProblemLoader Environment load took 133.9ns 
73369      INFO  main            d.u.i.k.p.i.AbstractProblemLoader Creating init config 
75929      DEBUG main            d.u.i.k.p.i.AbstractProblemLoader Init config took 2.56s 
75966      INFO  main            d.u.i.k.p.i.AbstractProblemLoader Replaying proof AssertAssume[AssertAssume::singleAssumeAssert(int)].JML normal_behavior operation contract.0 
75968      DEBUG main            d.u.i.k.p.i.IntermediateProofReplayer Proof replay took 6.1ns 
76073      INFO  main            d.u.i.k.p.r.p.TestFile    ... finished proof: closed. 
76247      INFO  main            d.u.i.k.p.i.AbstractProblemLoader Loading environment from /home/runner/work/key/key/key.core/../key.ui/examples/standard_key/java_dl/jml-assert/assert_assume_order.key.proof 
76247      DEBUG main            d.u.i.k.p.i.AbstractProblemLoader Environment load took 113.6ns 
76248      INFO  main            d.u.i.k.p.i.AbstractProblemLoader Creating init config 
78755      DEBUG main            d.u.i.k.p.i.AbstractProblemLoader Init config took 2.51s 
78790      INFO  main            d.u.i.k.p.i.AbstractProblemLoader Replaying proof AssertAssume[AssertAssume::singleAssumeAssert(int)].JML normal_behavior operation contract.0 
78800      DEBUG main            d.u.i.k.p.i.IntermediateProofReplayer Proof replay took 8.35ms 
78801      DEBUG main            d.u.i.k.p.r.p.TestFile    ... success: reloaded. 
78802      INFO  main            d.u.i.k.p.r.p.TestFile    Now processing file /home/runner/work/key/key/key.core/../key.ui/examples/heap/block_loop_contracts/SimpleVariants/sum_onBlock_external.key 
78802      INFO  main            d.u.i.k.p.i.AbstractProblemLoader Loading environment from /home/runner/work/key/key/key.core/../key.ui/examples/heap/block_loop_contracts/SimpleVariants/sum_onBlock_external.key 
78803      DEBUG main            d.u.i.k.p.i.AbstractProblemLoader Environment load took 130.9ns 
78803      INFO  main            d.u.i.k.p.i.AbstractProblemLoader Creating init config 
81662      DEBUG main            d.u.i.k.p.i.AbstractProblemLoader Init config took 2.86s 
81695      INFO  main            d.u.i.k.p.i.AbstractProblemLoader Replaying proof LoopContractExamplesAll[LoopContractExamplesAll::sum_loopContract_onBlock([I)].JML normal_behavior operation contract.0 
81697      DEBUG main            d.u.i.k.p.i.IntermediateProofReplayer Proof replay took 11.4ns 
81802      INFO  main            d.u.i.k.p.r.p.TestFile    ... finished proof: closed. 
82004      INFO  main            d.u.i.k.p.i.AbstractProblemLoader Loading environment from /home/runner/work/key/key/key.core/../key.ui/examples/heap/block_loop_contracts/SimpleVariants/sum_onBlock_external.key.proof 
82004      DEBUG main            d.u.i.k.p.i.AbstractProblemLoader Environment load took 111ns 
82005      INFO  main            d.u.i.k.p.i.AbstractProblemLoader Creating init config 
84724      DEBUG main            d.u.i.k.p.i.AbstractProblemLoader Init config took 2.72s 
84757      INFO  main            d.u.i.k.p.i.AbstractProblemLoader Replaying proof LoopContractExamplesAll[LoopContractExamplesAll::sum_loopContract_onBlock([I)].JML normal_behavior operation contract.0 
84789      DEBUG main            d.u.i.k.p.i.IntermediateProofReplayer Proof replay took 29.95ms 
84790      DEBUG main            d.u.i.k.p.r.p.TestFile    ... success: reloaded. 
84790      INFO  main            d.u.i.k.p.r.p.TestFile    Now processing file /home/runner/work/key/key/key.core/../key.ui/examples/heap/block_loop_contracts/SimpleVariants/sum_onBlock_internal.key 
84791      INFO  main            d.u.i.k.p.i.AbstractProblemLoader Loading environment from /home/runner/work/key/key/key.core/../key.ui/examples/heap/block_loop_contracts/SimpleVariants/sum_onBlock_internal.key 
84791      DEBUG main            d.u.i.k.p.i.AbstractProblemLoader Environment load took 92.6ns 
84792      INFO  main            d.u.i.k.p.i.AbstractProblemLoader Creating init config 
87585      DEBUG main            d.u.i.k.p.i.AbstractProblemLoader Init config took 2.79s 
87618      INFO  main            d.u.i.k.p.i.AbstractProblemLoader Replaying proof LoopContractExamplesAll[LoopContractExamplesAll::sum_loopContract_onBlock([I)].JML normal_behavior operation contract.0 
87620      DEBUG main            d.u.i.k.p.i.IntermediateProofReplayer Proof replay took 10.2ns 
88227      INFO  main            d.u.i.k.p.r.p.TestFile    ... finished proof: closed. 
88451      INFO  main            d.u.i.k.p.i.AbstractProblemLoader Loading environment from /home/runner/work/key/key/key.core/../key.ui/examples/heap/block_loop_contracts/SimpleVariants/sum_onBlock_internal.key.proof 
88451      DEBUG main            d.u.i.k.p.i.AbstractProblemLoader Environment load took 105.2ns 
88452      INFO  main            d.u.i.k.p.i.AbstractProblemLoader Creating init config 
91157      DEBUG main            d.u.i.k.p.i.AbstractProblemLoader Init config took 2.71s 
91190      INFO  main            d.u.i.k.p.i.AbstractProblemLoader Replaying proof LoopContractExamplesAll[LoopContractExamplesAll::sum_loopContract_onBlock([I)].JML normal_behavior operation contract.0 
91438      DEBUG main            d.u.i.k.p.i.IntermediateProofReplayer Proof replay took 244.9ms 
91440      DEBUG main            d.u.i.k.p.r.p.TestFile    ... success: reloaded. 
91441      INFO  main            d.u.i.k.p.r.p.TestFile    Now processing file /home/runner/work/key/key/key.core/../key.ui/examples/heap/block_loop_contracts/SimpleVariants/sum_onBlock_loop.key 
91441      INFO  main            d.u.i.k.p.i.AbstractProblemLoader Loading environment from /home/runner/work/key/key/key.core/../key.ui/examples/heap/block_loop_contracts/SimpleVariants/sum_onBlock_loop.key 
91441      DEBUG main            d.u.i.k.p.i.AbstractProblemLoader Environment load took 217.9ns 
91442      INFO  main            d.u.i.k.p.i.AbstractProblemLoader Creating init config 
94239      DEBUG main            d.u.i.k.p.i.AbstractProblemLoader Init config took 2.8s 
94275      INFO  main            d.u.i.k.p.i.AbstractProblemLoader Replaying proof LoopContractExamplesAll[LoopContractExamplesAll::sum_loopContract_onBlock([I)].JML normal_behavior loop contract.0 
94276      DEBUG main            d.u.i.k.p.i.IntermediateProofReplayer Proof replay took 11.1ns 
94987      INFO  main            d.u.i.k.p.r.p.TestFile    ... finished proof: closed. 
95242      INFO  main            d.u.i.k.p.i.AbstractProblemLoader Loading environment from /home/runner/work/key/key/key.core/../key.ui/examples/heap/block_loop_contracts/SimpleVariants/sum_onBlock_loop.key.proof 
95242      DEBUG main            d.u.i.k.p.i.AbstractProblemLoader Environment load took 106.6ns 
95243      INFO  main            d.u.i.k.p.i.AbstractProblemLoader Creating init config 
97956      DEBUG main            d.u.i.k.p.i.AbstractProblemLoader Init config took 2.71s 
98005      INFO  main            d.u.i.k.p.i.AbstractProblemLoader Replaying proof LoopContractExamplesAll[LoopContractExamplesAll::sum_loopContract_onBlock([I)].JML normal_behavior loop contract.0 
98255      DEBUG main            d.u.i.k.p.i.IntermediateProofReplayer Proof replay took 242.8ms 
98256      DEBUG main            d.u.i.k.p.r.p.TestFile    ... success: reloaded. 
98257      INFO  main            d.u.i.k.p.r.p.TestFile    Now processing file /home/runner/work/key/key/key.core/../key.ui/examples/heap/block_loop_contracts/SimpleVariants/sum_onLoop_external.key 
98257      INFO  main            d.u.i.k.p.i.AbstractProblemLoader Loading environment from /home/runner/work/key/key/key.core/../key.ui/examples/heap/block_loop_contracts/SimpleVariants/sum_onLoop_external.key 
98257      DEBUG main            d.u.i.k.p.i.AbstractProblemLoader Environment load took 94.5ns 
98258      INFO  main            d.u.i.k.p.i.AbstractProblemLoader Creating init config 
101048     DEBUG main            d.u.i.k.p.i.AbstractProblemLoader Init config took 2.79s 
101080     INFO  main            d.u.i.k.p.i.AbstractProblemLoader Replaying proof LoopContractExamplesAll[LoopContractExamplesAll::sum_loopContract_onLoop([I)].JML normal_behavior operation contract.0 
101082     DEBUG main            d.u.i.k.p.i.IntermediateProofReplayer Proof replay took 10.5ns 
101183     INFO  main            d.u.i.k.p.r.p.TestFile    ... finished proof: closed. 
101430     INFO  main            d.u.i.k.p.i.AbstractProblemLoader Loading environment from /home/runner/work/key/key/key.core/../key.ui/examples/heap/block_loop_contracts/SimpleVariants/sum_onLoop_external.key.proof 
101430     DEBUG main            d.u.i.k.p.i.AbstractProblemLoader Environment load took 111.1ns 
101431     INFO  main            d.u.i.k.p.i.AbstractProblemLoader Creating init config 
104157     DEBUG main            d.u.i.k.p.i.AbstractProblemLoader Init config took 2.73s 
104189     INFO  main            d.u.i.k.p.i.AbstractProblemLoader Replaying proof LoopContractExamplesAll[LoopContractExamplesAll::sum_loopContract_onLoop([I)].JML normal_behavior operation contract.0 
104216     DEBUG main            d.u.i.k.p.i.IntermediateProofReplayer Proof replay took 24.98ms 
104217     DEBUG main            d.u.i.k.p.r.p.TestFile    ... success: reloaded. 
104218     INFO  main            d.u.i.k.p.r.p.TestFile    Now processing file /home/runner/work/key/key/key.core/../key.ui/examples/heap/block_loop_contracts/SimpleVariants/sum_onLoop_internal.key 
104218     INFO  main            d.u.i.k.p.i.AbstractProblemLoader Loading environment from /home/runner/work/key/key/key.core/../key.ui/examples/heap/block_loop_contracts/SimpleVariants/sum_onLoop_internal.key 
104218     DEBUG main            d.u.i.k.p.i.AbstractProblemLoader Environment load took 100.9ns 
104221     INFO  main            d.u.i.k.p.i.AbstractProblemLoader Creating init config 
107032     DEBUG main            d.u.i.k.p.i.AbstractProblemLoader Init config took 2.81s 
107065     INFO  main            d.u.i.k.p.i.AbstractProblemLoader Replaying proof LoopContractExamplesAll[LoopContractExamplesAll::sum_loopContract_onLoop([I)].JML normal_behavior operation contract.0 
107067     DEBUG main            d.u.i.k.p.i.IntermediateProofReplayer Proof replay took 10ns 
107601     INFO  main            d.u.i.k.p.r.p.TestFile    ... finished proof: closed. 
107851     INFO  main            d.u.i.k.p.i.AbstractProblemLoader Loading environment from /home/runner/work/key/key/key.core/../key.ui/examples/heap/block_loop_contracts/SimpleVariants/sum_onLoop_internal.key.proof 
107851     DEBUG main            d.u.i.k.p.i.AbstractProblemLoader Environment load took 112ns 
107852     INFO  main            d.u.i.k.p.i.AbstractProblemLoader Creating init config 
110562     DEBUG main            d.u.i.k.p.i.AbstractProblemLoader Init config took 2.71s 
110624     INFO  main            d.u.i.k.p.i.AbstractProblemLoader Replaying proof LoopContractExamplesAll[LoopContractExamplesAll::sum_loopContract_onLoop([I)].JML normal_behavior operation contract.0 
110857     DEBUG main            d.u.i.k.p.i.IntermediateProofReplayer Proof replay took 225.62ms 
110858     DEBUG main            d.u.i.k.p.r.p.TestFile    ... success: reloaded. 
110859     INFO  main            d.u.i.k.p.r.p.TestFile    Now processing file /home/runner/work/key/key/key.core/../key.ui/examples/heap/block_loop_contracts/SimpleVariants/sum_onLoop_loop.key 
110859     INFO  main            d.u.i.k.p.i.AbstractProblemLoader Loading environment from /home/runner/work/key/key/key.core/../key.ui/examples/heap/block_loop_contracts/SimpleVariants/sum_onLoop_loop.key 
110859     DEBUG main            d.u.i.k.p.i.AbstractProblemLoader Environment load took 209.4ns 
110860     INFO  main            d.u.i.k.p.i.AbstractProblemLoader Creating init config 
113677     DEBUG main            d.u.i.k.p.i.AbstractProblemLoader Init config took 2.82s 
113716     INFO  main            d.u.i.k.p.i.AbstractProblemLoader Replaying proof LoopContractExamplesAll[LoopContractExamplesAll::sum_loopContract_onLoop([I)].JML normal_behavior loop contract.0 
113719     DEBUG main            d.u.i.k.p.i.IntermediateProofReplayer Proof replay took 10.4ns 
114422     INFO  main            d.u.i.k.p.r.p.TestFile    ... finished proof: closed. 
114684     INFO  main            d.u.i.k.p.i.AbstractProblemLoader Loading environment from /home/runner/work/key/key/key.core/../key.ui/examples/heap/block_loop_contracts/SimpleVariants/sum_onLoop_loop.key.proof 
114684     DEBUG main            d.u.i.k.p.i.AbstractProblemLoader Environment load took 141.8ns 
114685     INFO  main            d.u.i.k.p.i.AbstractProblemLoader Creating init config 
117381     DEBUG main            d.u.i.k.p.i.AbstractProblemLoader Init config took 2.7s 
117414     INFO  main            d.u.i.k.p.i.AbstractProblemLoader Replaying proof LoopContractExamplesAll[LoopContractExamplesAll::sum_loopContract_onLoop([I)].JML normal_behavior loop contract.0 
117637     DEBUG main            d.u.i.k.p.i.IntermediateProofReplayer Proof replay took 219.89ms 
117638     DEBUG main            d.u.i.k.p.r.p.TestFile    ... success: reloaded. 
117639     INFO  main            d.u.i.k.p.r.p.TestFile    Now processing file /home/runner/work/key/key/key.core/../key.ui/examples/heap/block_loop_contracts/Free/blockContracts0.key 
117639     INFO  main            d.u.i.k.p.i.AbstractProblemLoader Loading environment from /home/runner/work/key/key/key.core/../key.ui/examples/heap/block_loop_contracts/Free/blockContracts0.key 
117639     DEBUG main            d.u.i.k.p.i.AbstractProblemLoader Environment load took 51.1ns 
117652     INFO  main            d.u.i.k.p.i.AbstractProblemLoader Creating init config 
120081     DEBUG main            d.u.i.k.p.i.AbstractProblemLoader Init config took 2.43s 
120113     INFO  main            d.u.i.k.p.i.AbstractProblemLoader Replaying proof FreeConditions[FreeConditions::blockContract0()].JML normal_behavior operation contract.0 
120115     DEBUG main            d.u.i.k.p.i.IntermediateProofReplayer Proof replay took 11.9ns 
120217     INFO  main            d.u.i.k.p.r.p.TestFile    ... finished proof: closed. 
120472     INFO  main            d.u.i.k.p.i.AbstractProblemLoader Loading environment from /home/runner/work/key/key/key.core/../key.ui/examples/heap/block_loop_contracts/Free/blockContracts0.key.proof 
120472     DEBUG main            d.u.i.k.p.i.AbstractProblemLoader Environment load took 103.4ns 
120473     INFO  main            d.u.i.k.p.i.AbstractProblemLoader Creating init config 
122837     DEBUG main            d.u.i.k.p.i.AbstractProblemLoader Init config took 2.36s 
122869     INFO  main            d.u.i.k.p.i.AbstractProblemLoader Replaying proof FreeConditions[FreeConditions::blockContract0()].JML normal_behavior operation contract.0 
122888     DEBUG main            d.u.i.k.p.i.IntermediateProofReplayer Proof replay took 17.92ms 
122889     DEBUG main            d.u.i.k.p.r.p.TestFile    ... success: reloaded. 
122890     INFO  main            d.u.i.k.p.r.p.TestFile    Now processing file /home/runner/work/key/key/key.core/../key.ui/examples/heap/block_loop_contracts/Free/blockContracts1.key 
122890     INFO  main            d.u.i.k.p.i.AbstractProblemLoader Loading environment from /home/runner/work/key/key/key.core/../key.ui/examples/heap/block_loop_contracts/Free/blockContracts1.key 
122890     DEBUG main            d.u.i.k.p.i.AbstractProblemLoader Environment load took 95.3ns 
122891     INFO  main            d.u.i.k.p.i.AbstractProblemLoader Creating init config 
125290     DEBUG main            d.u.i.k.p.i.AbstractProblemLoader Init config took 2.4s 
125339     INFO  main            d.u.i.k.p.i.AbstractProblemLoader Replaying proof FreeConditions[FreeConditions::blockContract1()].JML normal_behavior operation contract.0 
125342     DEBUG main            d.u.i.k.p.i.IntermediateProofReplayer Proof replay took 12ns 
125443     INFO  main            d.u.i.k.p.r.p.TestFile    ... finished proof: closed. 
125666     INFO  main            d.u.i.k.p.i.AbstractProblemLoader Loading environment from /home/runner/work/key/key/key.core/../key.ui/examples/heap/block_loop_contracts/Free/blockContracts1.key.proof 
125666     DEBUG main            d.u.i.k.p.i.AbstractProblemLoader Environment load took 104.9ns 
125667     INFO  main            d.u.i.k.p.i.AbstractProblemLoader Creating init config 
128027     DEBUG main            d.u.i.k.p.i.AbstractProblemLoader Init config took 2.36s 
128058     INFO  main            d.u.i.k.p.i.AbstractProblemLoader Replaying proof FreeConditions[FreeConditions::blockContract1()].JML normal_behavior operation contract.0 
128074     DEBUG main            d.u.i.k.p.i.IntermediateProofReplayer Proof replay took 14.4ms 
128075     DEBUG main            d.u.i.k.p.r.p.TestFile    ... success: reloaded. 
128076     INFO  main            d.u.i.k.p.r.p.TestFile    Now processing file /home/runner/work/key/key/key.core/../key.ui/examples/heap/block_loop_contracts/Finally/block_finally.key 
128076     INFO  main            d.u.i.k.p.i.AbstractProblemLoader Loading environment from /home/runner/work/key/key/key.core/../key.ui/examples/heap/block_loop_contracts/Finally/block_finally.key 
128076     DEBUG main            d.u.i.k.p.i.AbstractProblemLoader Environment load took 83.2ns 
128077     INFO  main            d.u.i.k.p.i.AbstractProblemLoader Creating init config 
130495     DEBUG main            d.u.i.k.p.i.AbstractProblemLoader Init config took 2.42s 
130527     INFO  main            d.u.i.k.p.i.AbstractProblemLoader Replaying proof AuxiliaryContractsFinally[AuxiliaryContractsFinally::breakThrowContinueBlockContract(java.lang.Exception)].JML block contract.0 
130529     DEBUG main            d.u.i.k.p.i.IntermediateProofReplayer Proof replay took 23.7ns 
131032     INFO  main            d.u.i.k.p.r.p.TestFile    ... finished proof: open goal(s) 
131272     INFO  main            d.u.i.k.p.r.p.TestFile    Now processing file /home/runner/work/key/key/key.core/../key.ui/examples/heap/block_loop_contracts/Finally/loop_finally.key 
131272     INFO  main            d.u.i.k.p.i.AbstractProblemLoader Loading environment from /home/runner/work/key/key/key.core/../key.ui/examples/heap/block_loop_contracts/Finally/loop_finally.key 
131272     DEBUG main            d.u.i.k.p.i.AbstractProblemLoader Environment load took 656ns 
131273     INFO  main            d.u.i.k.p.i.AbstractProblemLoader Creating init config 
133666     DEBUG main            d.u.i.k.p.i.AbstractProblemLoader Init config took 2.39s 
133701     INFO  main            d.u.i.k.p.i.AbstractProblemLoader Replaying proof AuxiliaryContractsFinally[AuxiliaryContractsFinally::breakThrowContinueLoopContract(java.lang.Exception)].JML normal_behavior loop contract.0 
133703     DEBUG main            d.u.i.k.p.i.IntermediateProofReplayer Proof replay took 52.3ns 
134316     INFO  main            d.u.i.k.p.r.p.TestFile    ... finished proof: open goal(s) 
596018     INFO  Test worker     d.u.i.k.p.r.RunAllProofsTestUnit Returning from test blockContracts 
596019     INFO  Test worker     d.u.i.k.p.r.RunAllProofsTestUnit Running test jmlAsserts 
334        INFO  Timeout watchdog d.u.i.k.p.r.p.ForkedTestFileRunner Timeout watcher launched (2000 secs.) 
336        WARN  main            d.u.i.k.s.ProofSettings   The settings in /home/runner/.key/proof-settings.props are *not* read. 
361        INFO  main            d.u.i.k.p.r.p.TestFile    Now processing file /home/runner/work/key/key/key.core/../key.ui/examples/standard_key/java_dl/jml-assert/assert.key 
462        INFO  main            d.u.i.k.p.i.AbstractProblemLoader Loading environment from /home/runner/work/key/key/key.core/../key.ui/examples/standard_key/java_dl/jml-assert/assert.key 
492        DEBUG main            d.u.i.k.p.i.AbstractProblemLoader Environment load took 11.49ms 
739        INFO  main            d.u.i.k.p.i.AbstractProblemLoader Creating init config 
1559       DEBUG main            d.u.i.k.j.TypeConverter   No LDT found for Meta 
1560       DEBUG main            d.u.i.k.j.TypeConverter   No LDT found for Meta 
1561       DEBUG main            d.u.i.k.j.TypeConverter   No LDT found for Meta 
1561       DEBUG main            d.u.i.k.j.TypeConverter   No LDT found for Meta 
3102       DEBUG main            d.u.i.k.j.TypeConverter   No LDT found for JavaBigintExpression 
7930       DEBUG main            d.u.i.k.p.i.AbstractProblemLoader Init config took 7.19s 
8056       INFO  main            d.u.i.k.p.i.AbstractProblemLoader Replaying proof Assert[Assert::createArray(int)].JML normal_behavior operation contract.0 
8115       DEBUG main            d.u.i.k.p.i.IntermediateProofReplayer Proof replay took 35.5ns 
9043       INFO  main            d.u.i.k.p.r.p.TestFile    ... finished proof: closed. 
9158       INFO  main            d.u.i.k.p.i.AbstractProblemLoader Loading environment from /home/runner/work/key/key/key.core/../key.ui/examples/standard_key/java_dl/jml-assert/assert.key.proof 
9159       DEBUG main            d.u.i.k.p.i.AbstractProblemLoader Environment load took 481.6ns 
9161       INFO  main            d.u.i.k.p.i.AbstractProblemLoader Creating init config 
12033      DEBUG main            d.u.i.k.p.i.AbstractProblemLoader Init config took 2.87s 
12092      INFO  main            d.u.i.k.p.i.AbstractProblemLoader Replaying proof Assert[Assert::createArray(int)].JML normal_behavior operation contract.0 
12190      DEBUG main            d.u.i.k.p.i.IntermediateProofReplayer Proof replay took 92ms 
12196      DEBUG main            d.u.i.k.p.r.p.TestFile    ... success: reloaded. 
12198      INFO  main            d.u.i.k.p.r.p.TestFile    Now processing file /home/runner/work/key/key/key.core/../key.ui/examples/heap/block_loop_contracts/Free/assertions0.key 
12198      INFO  main            d.u.i.k.p.i.AbstractProblemLoader Loading environment from /home/runner/work/key/key/key.core/../key.ui/examples/heap/block_loop_contracts/Free/assertions0.key 
12199      DEBUG main            d.u.i.k.p.i.AbstractProblemLoader Environment load took 255.1ns 
12200      INFO  main            d.u.i.k.p.i.AbstractProblemLoader Creating init config 
14921      DEBUG main            d.u.i.k.p.i.AbstractProblemLoader Init config took 2.72s 
14977      INFO  main            d.u.i.k.p.i.AbstractProblemLoader Replaying proof FreeConditions[FreeConditions::assertions0()].JML normal_behavior operation contract.0 
14981      DEBUG main            d.u.i.k.p.i.IntermediateProofReplayer Proof replay took 13.4ns 
15089      INFO  main            d.u.i.k.p.r.p.TestFile    ... finished proof: closed. 
15228      INFO  main            d.u.i.k.p.i.AbstractProblemLoader Loading environment from /home/runner/work/key/key/key.core/../key.ui/examples/heap/block_loop_contracts/Free/assertions0.key.proof 
15229      DEBUG main            d.u.i.k.p.i.AbstractProblemLoader Environment load took 124ns 
15230      INFO  main            d.u.i.k.p.i.AbstractProblemLoader Creating init config 
17840      DEBUG main            d.u.i.k.p.i.AbstractProblemLoader Init config took 2.61s 
17887      INFO  main            d.u.i.k.p.i.AbstractProblemLoader Replaying proof FreeConditions[FreeConditions::assertions0()].JML normal_behavior operation contract.0 
17910      DEBUG main            d.u.i.k.p.i.IntermediateProofReplayer Proof replay took 21.06ms 
17911      DEBUG main            d.u.i.k.p.r.p.TestFile    ... success: reloaded. 
17913      INFO  main            d.u.i.k.p.r.p.TestFile    Now processing file /home/runner/work/key/key/key.core/../key.ui/examples/heap/block_loop_contracts/Free/assertions1.key 
17913      INFO  main            d.u.i.k.p.i.AbstractProblemLoader Loading environment from /home/runner/work/key/key/key.core/../key.ui/examples/heap/block_loop_contracts/Free/assertions1.key 
17913      DEBUG main            d.u.i.k.p.i.AbstractProblemLoader Environment load took 241.3ns 
17915      INFO  main            d.u.i.k.p.i.AbstractProblemLoader Creating init config 
20521      DEBUG main            d.u.i.k.p.i.AbstractProblemLoader Init config took 2.61s 
20564      INFO  main            d.u.i.k.p.i.AbstractProblemLoader Replaying proof FreeConditions[FreeConditions::assertions1()].JML normal_behavior operation contract.0 
20567      DEBUG main            d.u.i.k.p.i.IntermediateProofReplayer Proof replay took 20ns 
20669      INFO  main            d.u.i.k.p.r.p.TestFile    ... finished proof: closed. 
20807      INFO  main            d.u.i.k.p.i.AbstractProblemLoader Loading environment from /home/runner/work/key/key/key.core/../key.ui/examples/heap/block_loop_contracts/Free/assertions1.key.proof 
20807      DEBUG main            d.u.i.k.p.i.AbstractProblemLoader Environment load took 120ns 
20808      INFO  main            d.u.i.k.p.i.AbstractProblemLoader Creating init config 
23337      DEBUG main            d.u.i.k.p.i.AbstractProblemLoader Init config took 2.53s 
23380      INFO  main            d.u.i.k.p.i.AbstractProblemLoader Replaying proof FreeConditions[FreeConditions::assertions1()].JML normal_behavior operation contract.0 
23395      DEBUG main            d.u.i.k.p.i.IntermediateProofReplayer Proof replay took 13.45ms 
23397      DEBUG main            d.u.i.k.p.r.p.TestFile    ... success: reloaded. 
23398      INFO  main            d.u.i.k.p.r.p.TestFile    Now processing file /home/runner/work/key/key/key.core/../key.ui/examples/standard_key/java_dl/jml-assert/recursion-assert.key 
23399      INFO  main            d.u.i.k.p.i.AbstractProblemLoader Loading environment from /home/runner/work/key/key/key.core/../key.ui/examples/standard_key/java_dl/jml-assert/recursion-assert.key 
23399      DEBUG main            d.u.i.k.p.i.AbstractProblemLoader Environment load took 214.6ns 
23402      INFO  main            d.u.i.k.p.i.AbstractProblemLoader Creating init config 
26039      DEBUG main            d.u.i.k.p.i.AbstractProblemLoader Init config took 2.64s 
26083      INFO  main            d.u.i.k.p.i.AbstractProblemLoader Replaying proof RecursiveMethod[RecursiveMethod::fac1(int)].JML normal_behavior operation contract.0 
26086      DEBUG main            d.u.i.k.p.i.IntermediateProofReplayer Proof replay took 5.9ns 
26288      INFO  main            d.u.i.k.p.r.p.TestFile    ... finished proof: closed. 
26444      INFO  main            d.u.i.k.p.i.AbstractProblemLoader Loading environment from /home/runner/work/key/key/key.core/../key.ui/examples/standard_key/java_dl/jml-assert/recursion-assert.key.proof 
26445      DEBUG main            d.u.i.k.p.i.AbstractProblemLoader Environment load took 118.5ns 
26446      INFO  main            d.u.i.k.p.i.AbstractProblemLoader Creating init config 
29035      DEBUG main            d.u.i.k.p.i.AbstractProblemLoader Init config took 2.59s 
29078      INFO  main            d.u.i.k.p.i.AbstractProblemLoader Replaying proof RecursiveMethod[RecursiveMethod::fac1(int)].JML normal_behavior operation contract.0 
29118      DEBUG main            d.u.i.k.p.i.IntermediateProofReplayer Proof replay took 37.56ms 
29119      DEBUG main            d.u.i.k.p.r.p.TestFile    ... success: reloaded. 
29120      INFO  main            d.u.i.k.p.r.p.TestFile    Now processing file /home/runner/work/key/key/key.core/../key.ui/examples/standard_key/java_dl/jml-assert/recursion-assume.key 
29121      INFO  main            d.u.i.k.p.i.AbstractProblemLoader Loading environment from /home/runner/work/key/key/key.core/../key.ui/examples/standard_key/java_dl/jml-assert/recursion-assume.key 
29121      DEBUG main            d.u.i.k.p.i.AbstractProblemLoader Environment load took 221.2ns 
29122      INFO  main            d.u.i.k.p.i.AbstractProblemLoader Creating init config 
31873      DEBUG main            d.u.i.k.p.i.AbstractProblemLoader Init config took 2.75s 
31929      INFO  main            d.u.i.k.p.i.AbstractProblemLoader Replaying proof RecursiveMethod[RecursiveMethod::fac2(int)].JML normal_behavior operation contract.0 
31932      DEBUG main            d.u.i.k.p.i.IntermediateProofReplayer Proof replay took 5.6ns 
32135      INFO  main            d.u.i.k.p.r.p.TestFile    ... finished proof: closed. 
32291      INFO  main            d.u.i.k.p.i.AbstractProblemLoader Loading environment from /home/runner/work/key/key/key.core/../key.ui/examples/standard_key/java_dl/jml-assert/recursion-assume.key.proof 
32291      DEBUG main            d.u.i.k.p.i.AbstractProblemLoader Environment load took 121ns 
32292      INFO  main            d.u.i.k.p.i.AbstractProblemLoader Creating init config 
34904      DEBUG main            d.u.i.k.p.i.AbstractProblemLoader Init config took 2.61s 
34948      INFO  main            d.u.i.k.p.i.AbstractProblemLoader Replaying proof RecursiveMethod[RecursiveMethod::fac2(int)].JML normal_behavior operation contract.0 
34986      DEBUG main            d.u.i.k.p.i.IntermediateProofReplayer Proof replay took 35.14ms 
34987      DEBUG main            d.u.i.k.p.r.p.TestFile    ... success: reloaded. 
34987      INFO  main            d.u.i.k.p.r.p.TestFile    Now processing file /home/runner/work/key/key/key.core/../key.ui/examples/standard_key/java_dl/jml-assert/quantor-assert.key 
34988      INFO  main            d.u.i.k.p.i.AbstractProblemLoader Loading environment from /home/runner/work/key/key/key.core/../key.ui/examples/standard_key/java_dl/jml-assert/quantor-assert.key 
34988      DEBUG main            d.u.i.k.p.i.AbstractProblemLoader Environment load took 103.1ns 
34989      INFO  main            d.u.i.k.p.i.AbstractProblemLoader Creating init config 
37666      DEBUG main            d.u.i.k.p.i.AbstractProblemLoader Init config took 2.68s 
37705      INFO  main            d.u.i.k.p.i.AbstractProblemLoader Replaying proof Quantor[Quantor::square1(int)].JML normal_behavior operation contract.0 
37706      DEBUG main            d.u.i.k.p.i.IntermediateProofReplayer Proof replay took 5.8ns 
37911      INFO  main            d.u.i.k.p.r.p.TestFile    ... finished proof: closed. 
38068      INFO  main            d.u.i.k.p.i.AbstractProblemLoader Loading environment from /home/runner/work/key/key/key.core/../key.ui/examples/standard_key/java_dl/jml-assert/quantor-assert.key.proof 
38068      DEBUG main            d.u.i.k.p.i.AbstractProblemLoader Environment load took 119.7ns 
38069      INFO  main            d.u.i.k.p.i.AbstractProblemLoader Creating init config 
40658      DEBUG main            d.u.i.k.p.i.AbstractProblemLoader Init config took 2.59s 
40696      INFO  main            d.u.i.k.p.i.AbstractProblemLoader Replaying proof Quantor[Quantor::square1(int)].JML normal_behavior operation contract.0 
40714      DEBUG main            d.u.i.k.p.i.IntermediateProofReplayer Proof replay took 15.19ms 
40714      DEBUG main            d.u.i.k.p.r.p.TestFile    ... success: reloaded. 
40715      INFO  main            d.u.i.k.p.r.p.TestFile    Now processing file /home/runner/work/key/key/key.core/../key.ui/examples/standard_key/java_dl/jml-assert/quantor-assume.key 
40715      INFO  main            d.u.i.k.p.i.AbstractProblemLoader Loading environment from /home/runner/work/key/key/key.core/../key.ui/examples/standard_key/java_dl/jml-assert/quantor-assume.key 
40716      DEBUG main            d.u.i.k.p.i.AbstractProblemLoader Environment load took 94.2ns 
40716      INFO  main            d.u.i.k.p.i.AbstractProblemLoader Creating init config 
43384      DEBUG main            d.u.i.k.p.i.AbstractProblemLoader Init config took 2.67s 
43422      INFO  main            d.u.i.k.p.i.AbstractProblemLoader Replaying proof Quantor[Quantor::square2(int)].JML normal_behavior operation contract.0 
43424      DEBUG main            d.u.i.k.p.i.IntermediateProofReplayer Proof replay took 6.2ns 
43526      INFO  main            d.u.i.k.p.r.p.TestFile    ... finished proof: closed. 
43698      INFO  main            d.u.i.k.p.i.AbstractProblemLoader Loading environment from /home/runner/work/key/key/key.core/../key.ui/examples/standard_key/java_dl/jml-assert/quantor-assume.key.proof 
43699      DEBUG main            d.u.i.k.p.i.AbstractProblemLoader Environment load took 108.6ns 
43699      INFO  main            d.u.i.k.p.i.AbstractProblemLoader Creating init config 
46268      DEBUG main            d.u.i.k.p.i.AbstractProblemLoader Init config took 2.57s 
46309      INFO  main            d.u.i.k.p.i.AbstractProblemLoader Replaying proof Quantor[Quantor::square2(int)].JML normal_behavior operation contract.0 
46325      DEBUG main            d.u.i.k.p.i.IntermediateProofReplayer Proof replay took 13.84ms 
46326      DEBUG main            d.u.i.k.p.r.p.TestFile    ... success: reloaded. 
46327      INFO  main            d.u.i.k.p.r.p.TestFile    Now processing file /home/runner/work/key/key/key.core/../key.ui/examples/standard_key/java_dl/jml-assert/model-methods-static-static.key 
46327      INFO  main            d.u.i.k.p.i.AbstractProblemLoader Loading environment from /home/runner/work/key/key/key.core/../key.ui/examples/standard_key/java_dl/jml-assert/model-methods-static-static.key 
46327      DEBUG main            d.u.i.k.p.i.AbstractProblemLoader Environment load took 92.8ns 
46328      INFO  main            d.u.i.k.p.i.AbstractProblemLoader Creating init config 
48900      DEBUG main            d.u.i.k.p.i.AbstractProblemLoader Init config took 2.57s 
48937      INFO  main            d.u.i.k.p.i.AbstractProblemLoader Replaying proof ModelMethods[ModelMethods::test1()].JML normal_behavior operation contract.0 
48938      DEBUG main            d.u.i.k.p.i.IntermediateProofReplayer Proof replay took 5.9ns 
49041      INFO  main            d.u.i.k.p.r.p.TestFile    ... finished proof: closed. 
49234      INFO  main            d.u.i.k.p.i.AbstractProblemLoader Loading environment from /home/runner/work/key/key/key.core/../key.ui/examples/standard_key/java_dl/jml-assert/model-methods-static-static.key.proof 
49234      DEBUG main            d.u.i.k.p.i.AbstractProblemLoader Environment load took 115.9ns 
49237      INFO  main            d.u.i.k.p.i.AbstractProblemLoader Creating init config 
51773      DEBUG main            d.u.i.k.p.i.AbstractProblemLoader Init config took 2.54s 
51809      INFO  main            d.u.i.k.p.i.AbstractProblemLoader Replaying proof ModelMethods[ModelMethods::test1()].JML normal_behavior operation contract.0 
51817      DEBUG main            d.u.i.k.p.i.IntermediateProofReplayer Proof replay took 5.85ms 
51819      DEBUG main            d.u.i.k.p.r.p.TestFile    ... success: reloaded. 
51819      INFO  main            d.u.i.k.p.r.p.TestFile    Now processing file /home/runner/work/key/key/key.core/../key.ui/examples/standard_key/java_dl/jml-assert/model-methods-instance-static.key 
51820      INFO  main            d.u.i.k.p.i.AbstractProblemLoader Loading environment from /home/runner/work/key/key/key.core/../key.ui/examples/standard_key/java_dl/jml-assert/model-methods-instance-static.key 
51820      DEBUG main            d.u.i.k.p.i.AbstractProblemLoader Environment load took 83.6ns 
51821      INFO  main            d.u.i.k.p.i.AbstractProblemLoader Creating init config 
54449      DEBUG main            d.u.i.k.p.i.AbstractProblemLoader Init config took 2.63s 
54488      INFO  main            d.u.i.k.p.i.AbstractProblemLoader Replaying proof ModelMethods[ModelMethods::test2()].JML normal_behavior operation contract.0 
54489      DEBUG main            d.u.i.k.p.i.IntermediateProofReplayer Proof replay took 5.9ns 
54591      INFO  main            d.u.i.k.p.r.p.TestFile    ... finished proof: closed. 
54775      INFO  main            d.u.i.k.p.i.AbstractProblemLoader Loading environment from /home/runner/work/key/key/key.core/../key.ui/examples/standard_key/java_dl/jml-assert/model-methods-instance-static.key.proof 
54775      DEBUG main            d.u.i.k.p.i.AbstractProblemLoader Environment load took 110.2ns 
54776      INFO  main            d.u.i.k.p.i.AbstractProblemLoader Creating init config 
57331      DEBUG main            d.u.i.k.p.i.AbstractProblemLoader Init config took 2.55s 
57377      INFO  main            d.u.i.k.p.i.AbstractProblemLoader Replaying proof ModelMethods[ModelMethods::test2()].JML normal_behavior operation contract.0 
57389      DEBUG main            d.u.i.k.p.i.IntermediateProofReplayer Proof replay took 9.31ms 
57390      DEBUG main            d.u.i.k.p.r.p.TestFile    ... success: reloaded. 
57391      INFO  main            d.u.i.k.p.r.p.TestFile    Now processing file /home/runner/work/key/key/key.core/../key.ui/examples/standard_key/java_dl/jml-assert/model-methods-instance-instance.key 
57391      INFO  main            d.u.i.k.p.i.AbstractProblemLoader Loading environment from /home/runner/work/key/key/key.core/../key.ui/examples/standard_key/java_dl/jml-assert/model-methods-instance-instance.key 
57391      DEBUG main            d.u.i.k.p.i.AbstractProblemLoader Environment load took 218.3ns 
57392      INFO  main            d.u.i.k.p.i.AbstractProblemLoader Creating init config 
59992      DEBUG main            d.u.i.k.p.i.AbstractProblemLoader Init config took 2.6s 
60028      INFO  main            d.u.i.k.p.i.AbstractProblemLoader Replaying proof ModelMethods[ModelMethods::test3()].JML normal_behavior operation contract.0 
60029      DEBUG main            d.u.i.k.p.i.IntermediateProofReplayer Proof replay took 5.8ns 
60134      INFO  main            d.u.i.k.p.r.p.TestFile    ... finished proof: closed. 
60314      INFO  main            d.u.i.k.p.i.AbstractProblemLoader Loading environment from /home/runner/work/key/key/key.core/../key.ui/examples/standard_key/java_dl/jml-assert/model-methods-instance-instance.key.proof 
60314      DEBUG main            d.u.i.k.p.i.AbstractProblemLoader Environment load took 110.9ns 
60315      INFO  main            d.u.i.k.p.i.AbstractProblemLoader Creating init config 
62844      DEBUG main            d.u.i.k.p.i.AbstractProblemLoader Init config took 2.53s 
62878      INFO  main            d.u.i.k.p.i.AbstractProblemLoader Replaying proof ModelMethods[ModelMethods::test3()].JML normal_behavior operation contract.0 
62889      DEBUG main            d.u.i.k.p.i.IntermediateProofReplayer Proof replay took 9.77ms 
62890      DEBUG main            d.u.i.k.p.r.p.TestFile    ... success: reloaded. 
62891      INFO  main            d.u.i.k.p.r.p.TestFile    Now processing file /home/runner/work/key/key/key.core/../key.ui/examples/standard_key/java_dl/jml-assert/model-methods-static-instance.key 
62891      INFO  main            d.u.i.k.p.i.AbstractProblemLoader Loading environment from /home/runner/work/key/key/key.core/../key.ui/examples/standard_key/java_dl/jml-assert/model-methods-static-instance.key 
62891      DEBUG main            d.u.i.k.p.i.AbstractProblemLoader Environment load took 89.8ns 
62892      INFO  main            d.u.i.k.p.i.AbstractProblemLoader Creating init config 
65477      DEBUG main            d.u.i.k.p.i.AbstractProblemLoader Init config took 2.58s 
65511      INFO  main            d.u.i.k.p.i.AbstractProblemLoader Replaying proof ModelMethods[ModelMethods::test4()].JML normal_behavior operation contract.0 
65512      DEBUG main            d.u.i.k.p.i.IntermediateProofReplayer Proof replay took 6.5ns 
65614      INFO  main            d.u.i.k.p.r.p.TestFile    ... finished proof: closed. 
65805      INFO  main            d.u.i.k.p.i.AbstractProblemLoader Loading environment from /home/runner/work/key/key/key.core/../key.ui/examples/standard_key/java_dl/jml-assert/model-methods-static-instance.key.proof 
65805      DEBUG main            d.u.i.k.p.i.AbstractProblemLoader Environment load took 110.7ns 
65806      INFO  main            d.u.i.k.p.i.AbstractProblemLoader Creating init config 
68328      DEBUG main            d.u.i.k.p.i.AbstractProblemLoader Init config took 2.52s 
68365      INFO  main            d.u.i.k.p.i.AbstractProblemLoader Replaying proof ModelMethods[ModelMethods::test4()].JML normal_behavior operation contract.0 
68394      DEBUG main            d.u.i.k.p.i.IntermediateProofReplayer Proof replay took 27.22ms 
68395      DEBUG main            d.u.i.k.p.r.p.TestFile    ... success: reloaded. 
68396      INFO  main            d.u.i.k.p.r.p.TestFile    Now processing file /home/runner/work/key/key/key.core/../key.ui/examples/standard_key/java_dl/jml-assert/assert-old/inc-field.key 
68396      INFO  main            d.u.i.k.p.i.AbstractProblemLoader Loading environment from /home/runner/work/key/key/key.core/../key.ui/examples/standard_key/java_dl/jml-assert/assert-old/inc-field.key 
68396      DEBUG main            d.u.i.k.p.i.AbstractProblemLoader Environment load took 95.7ns 
68397      INFO  main            d.u.i.k.p.i.AbstractProblemLoader Creating init config 
70947      DEBUG main            d.u.i.k.p.i.AbstractProblemLoader Init config took 2.55s 
70981      INFO  main            d.u.i.k.p.i.AbstractProblemLoader Replaying proof Inc[Inc::inc_field()].JML normal_behavior operation contract.0 
70982      DEBUG main            d.u.i.k.p.i.IntermediateProofReplayer Proof replay took 6.3ns 
71085      INFO  main            d.u.i.k.p.r.p.TestFile    ... finished proof: closed. 
71294      INFO  main            d.u.i.k.p.i.AbstractProblemLoader Loading environment from /home/runner/work/key/key/key.core/../key.ui/examples/standard_key/java_dl/jml-assert/assert-old/inc-field.key.proof 
71294      DEBUG main            d.u.i.k.p.i.AbstractProblemLoader Environment load took 113.7ns 
71295      INFO  main            d.u.i.k.p.i.AbstractProblemLoader Creating init config 
73776      DEBUG main            d.u.i.k.p.i.AbstractProblemLoader Init config took 2.48s 
73809      INFO  main            d.u.i.k.p.i.AbstractProblemLoader Replaying proof Inc[Inc::inc_field()].JML normal_behavior operation contract.0 
73837      DEBUG main            d.u.i.k.p.i.IntermediateProofReplayer Proof replay took 25.64ms 
73837      DEBUG main            d.u.i.k.p.r.p.TestFile    ... success: reloaded. 
73838      INFO  main            d.u.i.k.p.r.p.TestFile    Now processing file /home/runner/work/key/key/key.core/../key.ui/examples/standard_key/java_dl/jml-assert/assert-old/inc-parameter.key 
73838      INFO  main            d.u.i.k.p.i.AbstractProblemLoader Loading environment from /home/runner/work/key/key/key.core/../key.ui/examples/standard_key/java_dl/jml-assert/assert-old/inc-parameter.key 
73838      DEBUG main            d.u.i.k.p.i.AbstractProblemLoader Environment load took 92.8ns 
73839      INFO  main            d.u.i.k.p.i.AbstractProblemLoader Creating init config 
76344      DEBUG main            d.u.i.k.p.i.AbstractProblemLoader Init config took 2.5s 
76376      INFO  main            d.u.i.k.p.i.AbstractProblemLoader Replaying proof Inc[Inc::inc_parameter(int)].JML normal_behavior operation contract.0 
76378      DEBUG main            d.u.i.k.p.i.IntermediateProofReplayer Proof replay took 6.1ns 
76480      INFO  main            d.u.i.k.p.r.p.TestFile    ... finished proof: closed. 
76679      INFO  main            d.u.i.k.p.i.AbstractProblemLoader Loading environment from /home/runner/work/key/key/key.core/../key.ui/examples/standard_key/java_dl/jml-assert/assert-old/inc-parameter.key.proof 
76679      DEBUG main            d.u.i.k.p.i.AbstractProblemLoader Environment load took 110.1ns 
76680      INFO  main            d.u.i.k.p.i.AbstractProblemLoader Creating init config 
79131      DEBUG main            d.u.i.k.p.i.AbstractProblemLoader Init config took 2.45s 
79166      INFO  main            d.u.i.k.p.i.AbstractProblemLoader Replaying proof Inc[Inc::inc_parameter(int)].JML normal_behavior operation contract.0 
79181      DEBUG main            d.u.i.k.p.i.IntermediateProofReplayer Proof replay took 13.4ms 
79182      DEBUG main            d.u.i.k.p.r.p.TestFile    ... success: reloaded. 
79183      INFO  main            d.u.i.k.p.r.p.TestFile    Now processing file /home/runner/work/key/key/key.core/../key.ui/examples/standard_key/java_dl/jml-assert/assert-old/inc-parameter-field.key 
79183      INFO  main            d.u.i.k.p.i.AbstractProblemLoader Loading environment from /home/runner/work/key/key/key.core/../key.ui/examples/standard_key/java_dl/jml-assert/assert-old/inc-parameter-field.key 
79183      DEBUG main            d.u.i.k.p.i.AbstractProblemLoader Environment load took 97.8ns 
79184      INFO  main            d.u.i.k.p.i.AbstractProblemLoader Creating init config 
81680      DEBUG main            d.u.i.k.p.i.AbstractProblemLoader Init config took 2.5s 
81711      INFO  main            d.u.i.k.p.i.AbstractProblemLoader Replaying proof Inc[Inc::inc_parameter_field(Inc)].JML normal_behavior operation contract.0 
81712      DEBUG main            d.u.i.k.p.i.IntermediateProofReplayer Proof replay took 6.2ns 
81918      INFO  main            d.u.i.k.p.r.p.TestFile    ... finished proof: closed. 
82130      INFO  main            d.u.i.k.p.i.AbstractProblemLoader Loading environment from /home/runner/work/key/key/key.core/../key.ui/examples/standard_key/java_dl/jml-assert/assert-old/inc-parameter-field.key.proof 
82130      DEBUG main            d.u.i.k.p.i.AbstractProblemLoader Environment load took 104.2ns 
82131      INFO  main            d.u.i.k.p.i.AbstractProblemLoader Creating init config 
84546      DEBUG main            d.u.i.k.p.i.AbstractProblemLoader Init config took 2.42s 
84593      INFO  main            d.u.i.k.p.i.AbstractProblemLoader Replaying proof Inc[Inc::inc_parameter_field(Inc)].JML normal_behavior operation contract.0 
84625      DEBUG main            d.u.i.k.p.i.IntermediateProofReplayer Proof replay took 29.58ms 
84626      DEBUG main            d.u.i.k.p.r.p.TestFile    ... success: reloaded. 
84627      INFO  main            d.u.i.k.p.r.p.TestFile    Now processing file /home/runner/work/key/key/key.core/../key.ui/examples/standard_key/java_dl/jml-assert/assert-old/inc-ghost-field.key 
84627      INFO  main            d.u.i.k.p.i.AbstractProblemLoader Loading environment from /home/runner/work/key/key/key.core/../key.ui/examples/standard_key/java_dl/jml-assert/assert-old/inc-ghost-field.key 
84627      DEBUG main            d.u.i.k.p.i.AbstractProblemLoader Environment load took 203.4ns 
84628      INFO  main            d.u.i.k.p.i.AbstractProblemLoader Creating init config 
87104      DEBUG main            d.u.i.k.p.i.AbstractProblemLoader Init config took 2.48s 
87136      INFO  main            d.u.i.k.p.i.AbstractProblemLoader Replaying proof Inc[Inc::inc_ghost_field()].JML normal_behavior operation contract.0 
87137      DEBUG main            d.u.i.k.p.i.IntermediateProofReplayer Proof replay took 6.7ns 
87241      INFO  main            d.u.i.k.p.r.p.TestFile    ... finished proof: closed. 
87455      INFO  main            d.u.i.k.p.i.AbstractProblemLoader Loading environment from /home/runner/work/key/key/key.core/../key.ui/examples/standard_key/java_dl/jml-assert/assert-old/inc-ghost-field.key.proof 
87455      DEBUG main            d.u.i.k.p.i.AbstractProblemLoader Environment load took 107.2ns 
87456      INFO  main            d.u.i.k.p.i.AbstractProblemLoader Creating init config 
89871      DEBUG main            d.u.i.k.p.i.AbstractProblemLoader Init config took 2.42s 
89903      INFO  main            d.u.i.k.p.i.AbstractProblemLoader Replaying proof Inc[Inc::inc_ghost_field()].JML normal_behavior operation contract.0 
89928      DEBUG main            d.u.i.k.p.i.IntermediateProofReplayer Proof replay took 23.83ms 
89929      DEBUG main            d.u.i.k.p.r.p.TestFile    ... success: reloaded. 
686121     INFO  Test worker     d.u.i.k.p.r.RunAllProofsTestUnit Returning from test jmlAsserts 
686122     INFO  Test worker     d.u.i.k.p.r.RunAllProofsTestUnit Running test javaCard 
317        INFO  Timeout watchdog d.u.i.k.p.r.p.ForkedTestFileRunner Timeout watcher launched (2000 secs.) 
329        WARN  main            d.u.i.k.s.ProofSettings   The settings in /home/runner/.key/proof-settings.props are *not* read. 
371        INFO  main            d.u.i.k.p.r.p.TestFile    Now processing file /home/runner/work/key/key/key.core/../key.ui/examples/heap/javacard/updateBalance0.key 
528        INFO  main            d.u.i.k.p.i.AbstractProblemLoader Loading environment from /home/runner/work/key/key/key.core/../key.ui/examples/heap/javacard/updateBalance0.key 
555        DEBUG main            d.u.i.k.p.i.AbstractProblemLoader Environment load took 3.52ms 
782        INFO  main            d.u.i.k.p.i.AbstractProblemLoader Creating init config 
1740       DEBUG main            d.u.i.k.j.TypeConverter   No LDT found for Meta 
1740       DEBUG main            d.u.i.k.j.TypeConverter   No LDT found for Meta 
1742       DEBUG main            d.u.i.k.j.TypeConverter   No LDT found for Meta 
1742       DEBUG main            d.u.i.k.j.TypeConverter   No LDT found for Meta 
3090       DEBUG main            d.u.i.k.j.TypeConverter   No LDT found for JavaBigintExpression 
6588       DEBUG main            d.u.i.k.p.i.AbstractProblemLoader Init config took 5.81s 
6723       INFO  main            d.u.i.k.p.i.AbstractProblemLoader Replaying proof Examples[Examples::updateBalance(short)].JML normal_behavior operation contract.0 
6754       DEBUG main            d.u.i.k.p.i.IntermediateProofReplayer Proof replay took 31.6ns 
7996       INFO  main            d.u.i.k.p.r.p.TestFile    ... finished proof: closed. 
8103       INFO  main            d.u.i.k.p.i.AbstractProblemLoader Loading environment from /home/runner/work/key/key/key.core/../key.ui/examples/heap/javacard/updateBalance0.key.proof 
8103       DEBUG main            d.u.i.k.p.i.AbstractProblemLoader Environment load took 203.7ns 
8105       INFO  main            d.u.i.k.p.i.AbstractProblemLoader Creating init config 
9810       DEBUG main            d.u.i.k.p.i.AbstractProblemLoader Init config took 1.7s 
9888       INFO  main            d.u.i.k.p.i.AbstractProblemLoader Replaying proof Examples[Examples::updateBalance(short)].JML normal_behavior operation contract.0 
10132      DEBUG main            d.u.i.k.p.i.IntermediateProofReplayer Proof replay took 224.45ms 
10140      DEBUG main            d.u.i.k.p.r.p.TestFile    ... success: reloaded. 
10143      INFO  main            d.u.i.k.p.r.p.TestFile    Now processing file /home/runner/work/key/key/key.core/../key.ui/examples/heap/javacard/updateBalance1.key 
10143      INFO  main            d.u.i.k.p.i.AbstractProblemLoader Loading environment from /home/runner/work/key/key/key.core/../key.ui/examples/heap/javacard/updateBalance1.key 
10143      DEBUG main            d.u.i.k.p.i.AbstractProblemLoader Environment load took 277ns 
10145      INFO  main            d.u.i.k.p.i.AbstractProblemLoader Creating init config 
11756      DEBUG main            d.u.i.k.p.i.AbstractProblemLoader Init config took 1.61s 
11806      INFO  main            d.u.i.k.p.i.AbstractProblemLoader Replaying proof Examples[Examples::updateBalance(short)].JML normal_behavior operation contract.1 
11809      DEBUG main            d.u.i.k.p.i.IntermediateProofReplayer Proof replay took 5ns 
12413      INFO  main            d.u.i.k.p.r.p.TestFile    ... finished proof: closed. 
12550      INFO  main            d.u.i.k.p.i.AbstractProblemLoader Loading environment from /home/runner/work/key/key/key.core/../key.ui/examples/heap/javacard/updateBalance1.key.proof 
12550      DEBUG main            d.u.i.k.p.i.AbstractProblemLoader Environment load took 155.6ns 
12552      INFO  main            d.u.i.k.p.i.AbstractProblemLoader Creating init config 
14129      DEBUG main            d.u.i.k.p.i.AbstractProblemLoader Init config took 1.58s 
14173      INFO  main            d.u.i.k.p.i.AbstractProblemLoader Replaying proof Examples[Examples::updateBalance(short)].JML normal_behavior operation contract.1 
14312      DEBUG main            d.u.i.k.p.i.IntermediateProofReplayer Proof replay took 134.33ms 
14315      DEBUG main            d.u.i.k.p.r.p.TestFile    ... success: reloaded. 
14317      INFO  main            d.u.i.k.p.r.p.TestFile    Now processing file /home/runner/work/key/key/key.core/../key.ui/examples/heap/javacard/setArray1.key 
14317      INFO  main            d.u.i.k.p.i.AbstractProblemLoader Loading environment from /home/runner/work/key/key/key.core/../key.ui/examples/heap/javacard/setArray1.key 
14318      DEBUG main            d.u.i.k.p.i.AbstractProblemLoader Environment load took 243.7ns 
14319      INFO  main            d.u.i.k.p.i.AbstractProblemLoader Creating init config 
15901      DEBUG main            d.u.i.k.p.i.AbstractProblemLoader Init config took 1.58s 
15941      INFO  main            d.u.i.k.p.i.AbstractProblemLoader Replaying proof Examples[Examples::setArray1([B)].JML normal_behavior operation contract.0 
15944      DEBUG main            d.u.i.k.p.i.IntermediateProofReplayer Proof replay took 5.8ns 
16948      INFO  main            d.u.i.k.p.r.p.TestFile    ... finished proof: closed. 
17055      INFO  main            d.u.i.k.p.i.AbstractProblemLoader Loading environment from /home/runner/work/key/key/key.core/../key.ui/examples/heap/javacard/setArray1.key.proof 
17058      DEBUG main            d.u.i.k.p.i.AbstractProblemLoader Environment load took 2.96ms 
17059      INFO  main            d.u.i.k.p.i.AbstractProblemLoader Creating init config 
18594      DEBUG main            d.u.i.k.p.i.AbstractProblemLoader Init config took 1.54s 
18634      INFO  main            d.u.i.k.p.i.AbstractProblemLoader Replaying proof Examples[Examples::setArray1([B)].JML normal_behavior operation contract.0 
18839      DEBUG main            d.u.i.k.p.i.IntermediateProofReplayer Proof replay took 200.54ms 
18842      DEBUG main            d.u.i.k.p.r.p.TestFile    ... success: reloaded. 
18844      INFO  main            d.u.i.k.p.r.p.TestFile    Now processing file /home/runner/work/key/key/key.core/../key.ui/examples/heap/javacard/setArray2.key 
18844      INFO  main            d.u.i.k.p.i.AbstractProblemLoader Loading environment from /home/runner/work/key/key/key.core/../key.ui/examples/heap/javacard/setArray2.key 
18844      DEBUG main            d.u.i.k.p.i.AbstractProblemLoader Environment load took 231.8ns 
18845      INFO  main            d.u.i.k.p.i.AbstractProblemLoader Creating init config 
20416      DEBUG main            d.u.i.k.p.i.AbstractProblemLoader Init config took 1.57s 
20454      INFO  main            d.u.i.k.p.i.AbstractProblemLoader Replaying proof Examples[Examples::setArray2([B)].JML normal_behavior operation contract.0 
20456      DEBUG main            d.u.i.k.p.i.IntermediateProofReplayer Proof replay took 5.7ns 
21461      INFO  main            d.u.i.k.p.r.p.TestFile    ... finished proof: closed. 
21584      INFO  main            d.u.i.k.p.i.AbstractProblemLoader Loading environment from /home/runner/work/key/key/key.core/../key.ui/examples/heap/javacard/setArray2.key.proof 
21590      DEBUG main            d.u.i.k.p.i.AbstractProblemLoader Environment load took 6.01ms 
21592      INFO  main            d.u.i.k.p.i.AbstractProblemLoader Creating init config 
23129      DEBUG main            d.u.i.k.p.i.AbstractProblemLoader Init config took 1.54s 
23167      INFO  main            d.u.i.k.p.i.AbstractProblemLoader Replaying proof Examples[Examples::setArray2([B)].JML normal_behavior operation contract.0 
23362      DEBUG main            d.u.i.k.p.i.IntermediateProofReplayer Proof replay took 189.39ms 
23365      DEBUG main            d.u.i.k.p.r.p.TestFile    ... success: reloaded. 
23367      INFO  main            d.u.i.k.p.r.p.TestFile    Now processing file /home/runner/work/key/key/key.core/../key.ui/examples/heap/javacard/arrayFillNonAtomic.key 
23367      INFO  main            d.u.i.k.p.i.AbstractProblemLoader Loading environment from /home/runner/work/key/key/key.core/../key.ui/examples/heap/javacard/arrayFillNonAtomic.key 
23367      DEBUG main            d.u.i.k.p.i.AbstractProblemLoader Environment load took 241ns 
23368      INFO  main            d.u.i.k.p.i.AbstractProblemLoader Creating init config 
24906      DEBUG main            d.u.i.k.p.i.AbstractProblemLoader Init config took 1.54s 
24980      INFO  main            d.u.i.k.p.i.AbstractProblemLoader Replaying proof javacard.framework.Util[javacard.framework.Util::arrayFillNonAtomic([B,short,short,byte)].JML behavior operation contract.0.transaction_inactive 
24983      DEBUG main            d.u.i.k.p.i.IntermediateProofReplayer Proof replay took 7.2ns 
25769      DEBUG Thread-13       d.u.i.k.l.o.ProgramSV     Match failed: Former match of  SchemaVariable incompatible with  the current match. 
25769      DEBUG Thread-13       d.u.i.k.l.o.ProgramSV     Match failed: Former match of  SchemaVariable incompatible with  the current match. 
26939      DEBUG Thread-13       d.u.i.k.l.o.ProgramSV     Match failed: Former match of  SchemaVariable incompatible with  the current match. 
26939      DEBUG Thread-13       d.u.i.k.l.o.ProgramSV     Match failed: Former match of  SchemaVariable incompatible with  the current match. 
28296      INFO  main            d.u.i.k.p.r.p.TestFile    ... finished proof: closed. 
28457      INFO  main            d.u.i.k.p.i.AbstractProblemLoader Loading environment from /home/runner/work/key/key/key.core/../key.ui/examples/heap/javacard/arrayFillNonAtomic.key.proof 
28457      DEBUG main            d.u.i.k.p.i.AbstractProblemLoader Environment load took 445.9ns 
28459      INFO  main            d.u.i.k.p.i.AbstractProblemLoader Creating init config 
29949      DEBUG main            d.u.i.k.p.i.AbstractProblemLoader Init config took 1.49s 
30017      INFO  main            d.u.i.k.p.i.AbstractProblemLoader Replaying proof javacard.framework.Util[javacard.framework.Util::arrayFillNonAtomic([B,short,short,byte)].JML behavior operation contract.0.transaction_inactive 
30848      DEBUG main            d.u.i.k.p.i.IntermediateProofReplayer Proof replay took 805.49ms 
30849      DEBUG main            d.u.i.k.p.r.p.TestFile    ... success: reloaded. 
30851      INFO  main            d.u.i.k.p.r.p.TestFile    Now processing file /home/runner/work/key/key/key.core/../key.ui/examples/heap/coincidence_count/project.key 
30851      INFO  main            d.u.i.k.p.i.AbstractProblemLoader Loading environment from /home/runner/work/key/key/key.core/../key.ui/examples/heap/coincidence_count/project.key 
30852      DEBUG main            d.u.i.k.p.i.AbstractProblemLoader Environment load took 243.8ns 
30853      INFO  main            d.u.i.k.p.i.AbstractProblemLoader Creating init config 
34171      DEBUG main            d.u.i.k.p.i.AbstractProblemLoader Init config took 3.32s 
34216      INFO  main            d.u.i.k.p.i.AbstractProblemLoader Replaying proof CC[CC::calcCoinIndex([I,[I)].JML normal_behavior operation contract.0 
34220      DEBUG main            d.u.i.k.p.i.IntermediateProofReplayer Proof replay took 5.5ns 
51261      INFO  main            d.u.i.k.p.r.p.TestFile    ... finished proof: closed. 
51536      INFO  main            d.u.i.k.p.i.AbstractProblemLoader Loading environment from /home/runner/work/key/key/key.core/../key.ui/examples/heap/coincidence_count/project.key.proof 
51537      DEBUG main            d.u.i.k.p.i.AbstractProblemLoader Environment load took 428.4ns 
51540      INFO  main            d.u.i.k.p.i.AbstractProblemLoader Creating init config 
54104      DEBUG main            d.u.i.k.p.i.AbstractProblemLoader Init config took 2.56s 
54157      INFO  main            d.u.i.k.p.i.AbstractProblemLoader Replaying proof CC[CC::calcCoinIndex([I,[I)].JML normal_behavior operation contract.0 
55125      DEBUG main            d.u.i.k.p.i.IntermediateProofReplayer Proof replay took 888.45ms 
55128      DEBUG main            d.u.i.k.p.r.p.TestFile    ... success: reloaded. 
55129      INFO  main            d.u.i.k.p.r.p.TestFile    Now processing file /home/runner/work/key/key/key.core/../key.ui/examples/heap/verifyThis11_1_Maximum/project.key 
55130      INFO  main            d.u.i.k.p.i.AbstractProblemLoader Loading environment from /home/runner/work/key/key/key.core/../key.ui/examples/heap/verifyThis11_1_Maximum/project.key 
55130      DEBUG main            d.u.i.k.p.i.AbstractProblemLoader Environment load took 212.4ns 
55131      INFO  main            d.u.i.k.p.i.AbstractProblemLoader Creating init config 
57688      DEBUG main            d.u.i.k.p.i.AbstractProblemLoader Init config took 2.56s 
57724      INFO  main            d.u.i.k.p.i.AbstractProblemLoader Replaying proof Maximum[Maximum::maxIndex([I)].JML normal_behavior operation contract.0 
57726      DEBUG main            d.u.i.k.p.i.IntermediateProofReplayer Proof replay took 5.4ns 
58573      INFO  main            d.u.i.k.p.r.p.TestFile    ... finished proof: closed. 
58791      INFO  main            d.u.i.k.p.i.AbstractProblemLoader Loading environment from /home/runner/work/key/key/key.core/../key.ui/examples/heap/verifyThis11_1_Maximum/project.key.proof 
58792      DEBUG main            d.u.i.k.p.i.AbstractProblemLoader Environment load took 428.4ns 
58793      INFO  main            d.u.i.k.p.i.AbstractProblemLoader Creating init config 
61251      DEBUG main            d.u.i.k.p.i.AbstractProblemLoader Init config took 2.46s 
61306      INFO  main            d.u.i.k.p.i.AbstractProblemLoader Replaying proof Maximum[Maximum::maxIndex([I)].JML normal_behavior operation contract.0 
61466      DEBUG main            d.u.i.k.p.i.IntermediateProofReplayer Proof replay took 154.05ms 
61468      DEBUG main            d.u.i.k.p.r.p.TestFile    ... success: reloaded. 
61468      INFO  main            d.u.i.k.p.r.p.TestFile    Now processing file /home/runner/work/key/key/key.core/../key.ui/examples/heap/fm12_01_LRS/lcp.key 
61469      INFO  main            d.u.i.k.p.i.AbstractProblemLoader Loading environment from /home/runner/work/key/key/key.core/../key.ui/examples/heap/fm12_01_LRS/lcp.key 
61469      DEBUG main            d.u.i.k.p.i.AbstractProblemLoader Environment load took 206.9ns 
61470      INFO  main            d.u.i.k.p.i.AbstractProblemLoader Creating init config 
64583      DEBUG main            d.u.i.k.p.i.AbstractProblemLoader Init config took 3.11s 
64676      INFO  main            d.u.i.k.p.i.AbstractProblemLoader Replaying proof LCP[LCP::lcp([I,int,int)].JML normal_behavior operation contract.0 
64682      DEBUG main            d.u.i.k.p.i.IntermediateProofReplayer Proof replay took 5.1ns 
65586      INFO  main            d.u.i.k.p.r.p.TestFile    ... finished proof: closed. 
65849      INFO  main            d.u.i.k.p.i.AbstractProblemLoader Loading environment from /home/runner/work/key/key/key.core/../key.ui/examples/heap/fm12_01_LRS/lcp.key.proof 
65850      DEBUG main            d.u.i.k.p.i.AbstractProblemLoader Environment load took 500.1ns 
65851      INFO  main            d.u.i.k.p.i.AbstractProblemLoader Creating init config 
68764      DEBUG main            d.u.i.k.p.i.AbstractProblemLoader Init config took 2.91s 
68821      INFO  main            d.u.i.k.p.i.AbstractProblemLoader Replaying proof LCP[LCP::lcp([I,int,int)].JML normal_behavior operation contract.0 
69037      DEBUG main            d.u.i.k.p.i.IntermediateProofReplayer Proof replay took 210.23ms 
69038      DEBUG main            d.u.i.k.p.r.p.TestFile    ... success: reloaded. 
69040      INFO  main            d.u.i.k.p.r.p.TestFile    Now processing file /home/runner/work/key/key/key.core/../key.ui/examples/heap/SemanticSlicing/project.key 
69041      INFO  main            d.u.i.k.p.i.AbstractProblemLoader Loading environment from /home/runner/work/key/key/key.core/../key.ui/examples/heap/SemanticSlicing/project.key 
69041      DEBUG main            d.u.i.k.p.i.AbstractProblemLoader Environment load took 210.7ns 
69042      INFO  main            d.u.i.k.p.i.AbstractProblemLoader Creating init config 
71673      DEBUG main            d.u.i.k.p.i.AbstractProblemLoader Init config took 2.63s 
71726      INFO  main            d.u.i.k.p.i.AbstractProblemLoader Replaying proof unsatcore_after.competition.postcond5.scope333.LRS[unsatcore_after.competition.postcond5.scope333.LRS::doLRS()].JML operation contract.0 
71728      DEBUG main            d.u.i.k.p.i.IntermediateProofReplayer Proof replay took 4.9ns 
75376      INFO  main            d.u.i.k.p.r.p.TestFile    ... finished proof: closed. 
75640      INFO  main            d.u.i.k.p.i.AbstractProblemLoader Loading environment from /home/runner/work/key/key/key.core/../key.ui/examples/heap/SemanticSlicing/project.key.proof 
75640      DEBUG main            d.u.i.k.p.i.AbstractProblemLoader Environment load took 426.3ns 
75641      INFO  main            d.u.i.k.p.i.AbstractProblemLoader Creating init config 
78189      DEBUG main            d.u.i.k.p.i.AbstractProblemLoader Init config took 2.55s 
78250      INFO  main            d.u.i.k.p.i.AbstractProblemLoader Replaying proof unsatcore_after.competition.postcond5.scope333.LRS[unsatcore_after.competition.postcond5.scope333.LRS::doLRS()].JML operation contract.0 
78997      DEBUG main            d.u.i.k.p.i.IntermediateProofReplayer Proof replay took 734.56ms 
78998      DEBUG main            d.u.i.k.p.r.p.TestFile    ... success: reloaded. 
78999      INFO  main            d.u.i.k.p.r.p.TestFile    Now processing file /home/runner/work/key/key/key.core/../key.ui/examples/heap/information_flow/ArrayList_contains.key 
79000      INFO  main            d.u.i.k.p.i.AbstractProblemLoader Loading environment from /home/runner/work/key/key/key.core/../key.ui/examples/heap/information_flow/ArrayList_contains.key 
79000      DEBUG main            d.u.i.k.p.i.AbstractProblemLoader Environment load took 219.1ns 
79001      INFO  main            d.u.i.k.p.i.AbstractProblemLoader Creating init config 
81792      DEBUG main            d.u.i.k.p.i.AbstractProblemLoader Init config took 2.79s 
81830      INFO  main            d.u.i.k.p.i.AbstractProblemLoader Replaying proof ArrayList[ArrayList::get(int)].JML normal_behavior operation contract.0 
81836      DEBUG main            d.u.i.k.p.i.IntermediateProofReplayer Proof replay took 5.8ns 
82138      INFO  main            d.u.i.k.p.r.p.TestFile    ... finished proof: closed. 
82375      INFO  main            d.u.i.k.p.i.AbstractProblemLoader Loading environment from /home/runner/work/key/key/key.core/../key.ui/examples/heap/information_flow/ArrayList_contains.key.proof 
82375      DEBUG main            d.u.i.k.p.i.AbstractProblemLoader Environment load took 104ns 
82376      INFO  main            d.u.i.k.p.i.AbstractProblemLoader Creating init config 
85021      DEBUG main            d.u.i.k.p.i.AbstractProblemLoader Init config took 2.64s 
85058      INFO  main            d.u.i.k.p.i.AbstractProblemLoader Replaying proof ArrayList[ArrayList::get(int)].JML normal_behavior operation contract.0 
85120      DEBUG main            d.u.i.k.p.i.IntermediateProofReplayer Proof replay took 58.95ms 
85121      DEBUG main            d.u.i.k.p.r.p.TestFile    ... success: reloaded. 
85121      INFO  main            d.u.i.k.p.r.p.TestFile    Now processing file /home/runner/work/key/key/key.core/../key.ui/examples/heap/information_flow/ArrayList_get.key 
85122      INFO  main            d.u.i.k.p.i.AbstractProblemLoader Loading environment from /home/runner/work/key/key/key.core/../key.ui/examples/heap/information_flow/ArrayList_get.key 
85122      DEBUG main            d.u.i.k.p.i.AbstractProblemLoader Environment load took 238.5ns 
85123      INFO  main            d.u.i.k.p.i.AbstractProblemLoader Creating init config 
87810      DEBUG main            d.u.i.k.p.i.AbstractProblemLoader Init config took 2.69s 
87846      INFO  main            d.u.i.k.p.i.AbstractProblemLoader Replaying proof ArrayList[ArrayList::contains(java.lang.Object)].JML normal_behavior operation contract.0 
87848      DEBUG main            d.u.i.k.p.i.IntermediateProofReplayer Proof replay took 4.4ns 
88666      INFO  main            d.u.i.k.p.r.p.TestFile    ... finished proof: closed. 
88908      INFO  main            d.u.i.k.p.i.AbstractProblemLoader Loading environment from /home/runner/work/key/key/key.core/../key.ui/examples/heap/information_flow/ArrayList_get.key.proof 
88910      DEBUG main            d.u.i.k.p.i.AbstractProblemLoader Environment load took 1.92ms 
88912      INFO  main            d.u.i.k.p.i.AbstractProblemLoader Creating init config 
91633      DEBUG main            d.u.i.k.p.i.AbstractProblemLoader Init config took 2.72s 
91670      INFO  main            d.u.i.k.p.i.AbstractProblemLoader Replaying proof ArrayList[ArrayList::contains(java.lang.Object)].JML normal_behavior operation contract.0 
91835      DEBUG main            d.u.i.k.p.i.IntermediateProofReplayer Proof replay took 160.4ms 
91836      DEBUG main            d.u.i.k.p.r.p.TestFile    ... success: reloaded. 
91837      INFO  main            d.u.i.k.p.r.p.TestFile    Now processing file /home/runner/work/key/key/key.core/../key.ui/examples/heap/information_flow/ArrayList_size.key 
91837      INFO  main            d.u.i.k.p.i.AbstractProblemLoader Loading environment from /home/runner/work/key/key/key.core/../key.ui/examples/heap/information_flow/ArrayList_size.key 
91838      DEBUG main            d.u.i.k.p.i.AbstractProblemLoader Environment load took 217.2ns 
91839      INFO  main            d.u.i.k.p.i.AbstractProblemLoader Creating init config 
94636      DEBUG main            d.u.i.k.p.i.AbstractProblemLoader Init config took 2.8s 
94698      INFO  main            d.u.i.k.p.i.AbstractProblemLoader Replaying proof ArrayList[ArrayList::size()].JML normal_behavior operation contract.0 
94699      DEBUG main            d.u.i.k.p.i.IntermediateProofReplayer Proof replay took 5.9ns 
94801      INFO  main            d.u.i.k.p.r.p.TestFile    ... finished proof: closed. 
95054      INFO  main            d.u.i.k.p.i.AbstractProblemLoader Loading environment from /home/runner/work/key/key/key.core/../key.ui/examples/heap/information_flow/ArrayList_size.key.proof 
95054      DEBUG main            d.u.i.k.p.i.AbstractProblemLoader Environment load took 115ns 
95055      INFO  main            d.u.i.k.p.i.AbstractProblemLoader Creating init config 
97756      DEBUG main            d.u.i.k.p.i.AbstractProblemLoader Init config took 2.7s 
97794      INFO  main            d.u.i.k.p.i.AbstractProblemLoader Replaying proof ArrayList[ArrayList::size()].JML normal_behavior operation contract.0 
97807      DEBUG main            d.u.i.k.p.i.IntermediateProofReplayer Proof replay took 11.03ms 
97808      DEBUG main            d.u.i.k.p.r.p.TestFile    ... success: reloaded. 
97809      INFO  main            d.u.i.k.p.r.p.TestFile    Now processing file /home/runner/work/key/key/key.core/../key.ui/examples/heap/information_flow/UpdateAbstraction_ex7_3_secure.key 
97810      INFO  main            d.u.i.k.p.i.AbstractProblemLoader Loading environment from /home/runner/work/key/key/key.core/../key.ui/examples/heap/information_flow/UpdateAbstraction_ex7_3_secure.key 
97810      DEBUG main            d.u.i.k.p.i.AbstractProblemLoader Environment load took 224.6ns 
97811      INFO  main            d.u.i.k.p.i.AbstractProblemLoader Creating init config 
100491     DEBUG main            d.u.i.k.p.i.AbstractProblemLoader Init config took 2.68s 
100541     INFO  main            d.u.i.k.p.i.AbstractProblemLoader Replaying proof UpdateAbstraction[UpdateAbstraction::ex7_3_secure()].JML operation contract.0 
100542     DEBUG main            d.u.i.k.p.i.IntermediateProofReplayer Proof replay took 4.8ns 
100644     INFO  main            d.u.i.k.p.r.p.TestFile    ... finished proof: closed. 
100889     INFO  main            d.u.i.k.p.i.AbstractProblemLoader Loading environment from /home/runner/work/key/key/key.core/../key.ui/examples/heap/information_flow/UpdateAbstraction_ex7_3_secure.key.proof 
100889     DEBUG main            d.u.i.k.p.i.AbstractProblemLoader Environment load took 108.9ns 
100891     INFO  main            d.u.i.k.p.i.AbstractProblemLoader Creating init config 
103518     DEBUG main            d.u.i.k.p.i.AbstractProblemLoader Init config took 2.63s 
103555     INFO  main            d.u.i.k.p.i.AbstractProblemLoader Replaying proof UpdateAbstraction[UpdateAbstraction::ex7_3_secure()].JML operation contract.0 
103581     DEBUG main            d.u.i.k.p.i.IntermediateProofReplayer Proof replay took 24.21ms 
103582     DEBUG main            d.u.i.k.p.r.p.TestFile    ... success: reloaded. 
103582     INFO  main            d.u.i.k.p.r.p.TestFile    Now processing file /home/runner/work/key/key/key.core/../key.ui/examples/heap/information_flow/UpdateAbstraction_ex7_4_secure.key 
103583     INFO  main            d.u.i.k.p.i.AbstractProblemLoader Loading environment from /home/runner/work/key/key/key.core/../key.ui/examples/heap/information_flow/UpdateAbstraction_ex7_4_secure.key 
103583     DEBUG main            d.u.i.k.p.i.AbstractProblemLoader Environment load took 70.7ns 
103583     INFO  main            d.u.i.k.p.i.AbstractProblemLoader Creating init config 
106239     DEBUG main            d.u.i.k.p.i.AbstractProblemLoader Init config took 2.66s 
106272     INFO  main            d.u.i.k.p.i.AbstractProblemLoader Replaying proof UpdateAbstraction[UpdateAbstraction::ex7_4_secure()].JML operation contract.0 
106273     DEBUG main            d.u.i.k.p.i.IntermediateProofReplayer Proof replay took 5ns 
106475     INFO  main            d.u.i.k.p.r.p.TestFile    ... finished proof: closed. 
106708     INFO  main            d.u.i.k.p.i.AbstractProblemLoader Loading environment from /home/runner/work/key/key/key.core/../key.ui/examples/heap/information_flow/UpdateAbstraction_ex7_4_secure.key.proof 
106708     DEBUG main            d.u.i.k.p.i.AbstractProblemLoader Environment load took 106.8ns 
106709     INFO  main            d.u.i.k.p.i.AbstractProblemLoader Creating init config 
109357     DEBUG main            d.u.i.k.p.i.AbstractProblemLoader Init config took 2.65s 
109394     INFO  main            d.u.i.k.p.i.AbstractProblemLoader Replaying proof UpdateAbstraction[UpdateAbstraction::ex7_4_secure()].JML operation contract.0 
109437     DEBUG main            d.u.i.k.p.i.IntermediateProofReplayer Proof replay took 41.6ms 
109438     DEBUG main            d.u.i.k.p.r.p.TestFile    ... success: reloaded. 
109439     INFO  main            d.u.i.k.p.r.p.TestFile    Now processing file /home/runner/work/key/key/key.core/../key.ui/examples/heap/information_flow/UpdateAbstraction_ex7_5_secure.key 
109439     INFO  main            d.u.i.k.p.i.AbstractProblemLoader Loading environment from /home/runner/work/key/key/key.core/../key.ui/examples/heap/information_flow/UpdateAbstraction_ex7_5_secure.key 
109439     DEBUG main            d.u.i.k.p.i.AbstractProblemLoader Environment load took 97.7ns 
109440     INFO  main            d.u.i.k.p.i.AbstractProblemLoader Creating init config 
112075     DEBUG main            d.u.i.k.p.i.AbstractProblemLoader Init config took 2.63s 
112108     INFO  main            d.u.i.k.p.i.AbstractProblemLoader Replaying proof UpdateAbstraction[UpdateAbstraction::ex7_5_secure()].JML operation contract.0 
112110     DEBUG main            d.u.i.k.p.i.IntermediateProofReplayer Proof replay took 5.7ns 
112211     INFO  main            d.u.i.k.p.r.p.TestFile    ... finished proof: closed. 
112479     INFO  main            d.u.i.k.p.i.AbstractProblemLoader Loading environment from /home/runner/work/key/key/key.core/../key.ui/examples/heap/information_flow/UpdateAbstraction_ex7_5_secure.key.proof 
112479     DEBUG main            d.u.i.k.p.i.AbstractProblemLoader Environment load took 107.3ns 
112480     INFO  main            d.u.i.k.p.i.AbstractProblemLoader Creating init config 
115100     DEBUG main            d.u.i.k.p.i.AbstractProblemLoader Init config took 2.62s 
115133     INFO  main            d.u.i.k.p.i.AbstractProblemLoader Replaying proof UpdateAbstraction[UpdateAbstraction::ex7_5_secure()].JML operation contract.0 
115150     DEBUG main            d.u.i.k.p.i.IntermediateProofReplayer Proof replay took 15.45ms 
115151     DEBUG main            d.u.i.k.p.r.p.TestFile    ... success: reloaded. 
115151     INFO  main            d.u.i.k.p.r.p.TestFile    Now processing file /home/runner/work/key/key/key.core/../key.ui/examples/heap/information_flow/UpdateAbstraction_ex7_6_secure.key 
115152     INFO  main            d.u.i.k.p.i.AbstractProblemLoader Loading environment from /home/runner/work/key/key/key.core/../key.ui/examples/heap/information_flow/UpdateAbstraction_ex7_6_secure.key 
115152     DEBUG main            d.u.i.k.p.i.AbstractProblemLoader Environment load took 89.5ns 
115153     INFO  main            d.u.i.k.p.i.AbstractProblemLoader Creating init config 
117829     DEBUG main            d.u.i.k.p.i.AbstractProblemLoader Init config took 2.68s 
117863     INFO  main            d.u.i.k.p.i.AbstractProblemLoader Replaying proof UpdateAbstraction[UpdateAbstraction::ex7_6_secure()].JML operation contract.0 
117864     DEBUG main            d.u.i.k.p.i.IntermediateProofReplayer Proof replay took 5.5ns 
118166     INFO  main            d.u.i.k.p.r.p.TestFile    ... finished proof: closed. 
118433     INFO  main            d.u.i.k.p.i.AbstractProblemLoader Loading environment from /home/runner/work/key/key/key.core/../key.ui/examples/heap/information_flow/UpdateAbstraction_ex7_6_secure.key.proof 
118433     DEBUG main            d.u.i.k.p.i.AbstractProblemLoader Environment load took 105.8ns 
118434     INFO  main            d.u.i.k.p.i.AbstractProblemLoader Creating init config 
121064     DEBUG main            d.u.i.k.p.i.AbstractProblemLoader Init config took 2.63s 
121098     INFO  main            d.u.i.k.p.i.AbstractProblemLoader Replaying proof UpdateAbstraction[UpdateAbstraction::ex7_6_secure()].JML operation contract.0 
121152     DEBUG main            d.u.i.k.p.i.IntermediateProofReplayer Proof replay took 51.46ms 
121153     DEBUG main            d.u.i.k.p.r.p.TestFile    ... success: reloaded. 
121153     INFO  main            d.u.i.k.p.r.p.TestFile    Now processing file /home/runner/work/key/key/key.core/../key.ui/examples/heap/information_flow/UpdateAbstraction_ex9_secure.key 
121153     INFO  main            d.u.i.k.p.i.AbstractProblemLoader Loading environment from /home/runner/work/key/key/key.core/../key.ui/examples/heap/information_flow/UpdateAbstraction_ex9_secure.key 
121153     DEBUG main            d.u.i.k.p.i.AbstractProblemLoader Environment load took 77.7ns 
121154     INFO  main            d.u.i.k.p.i.AbstractProblemLoader Creating init config 
123800     DEBUG main            d.u.i.k.p.i.AbstractProblemLoader Init config took 2.65s 
123833     INFO  main            d.u.i.k.p.i.AbstractProblemLoader Replaying proof UpdateAbstraction[UpdateAbstraction::ex9_secure()].JML operation contract.0 
123834     DEBUG main            d.u.i.k.p.i.IntermediateProofReplayer Proof replay took 5ns 
124640     INFO  main            d.u.i.k.p.r.p.TestFile    ... finished proof: closed. 
124922     INFO  main            d.u.i.k.p.i.AbstractProblemLoader Loading environment from /home/runner/work/key/key/key.core/../key.ui/examples/heap/information_flow/UpdateAbstraction_ex9_secure.key.proof 
124922     DEBUG main            d.u.i.k.p.i.AbstractProblemLoader Environment load took 116.4ns 
124923     INFO  main            d.u.i.k.p.i.AbstractProblemLoader Creating init config 
127515     DEBUG main            d.u.i.k.p.i.AbstractProblemLoader Init config took 2.59s 
127548     INFO  main            d.u.i.k.p.i.AbstractProblemLoader Replaying proof UpdateAbstraction[UpdateAbstraction::ex9_secure()].JML operation contract.0 
127724     DEBUG main            d.u.i.k.p.i.IntermediateProofReplayer Proof replay took 172.96ms 
127726     DEBUG main            d.u.i.k.p.r.p.TestFile    ... success: reloaded. 
814025     INFO  Test worker     d.u.i.k.p.r.RunAllProofsTestUnit Returning from test javaCard 
814026     INFO  Test worker     d.u.i.k.p.r.RunAllProofsTestUnit Running test list 
376        INFO  Timeout watchdog d.u.i.k.p.r.p.ForkedTestFileRunner Timeout watcher launched (2000 secs.) 
408        WARN  main            d.u.i.k.s.ProofSettings   The settings in /home/runner/.key/proof-settings.props are *not* read. 
452        INFO  main            d.u.i.k.p.r.p.TestFile    Now processing file /home/runner/work/key/key/key.core/../key.ui/examples/heap/list/ArrayList_add.key 
564        INFO  main            d.u.i.k.p.i.AbstractProblemLoader Loading environment from /home/runner/work/key/key/key.core/../key.ui/examples/heap/list/ArrayList_add.key 
583        DEBUG main            d.u.i.k.p.i.AbstractProblemLoader Environment load took 1.69ms 
782        INFO  main            d.u.i.k.p.i.AbstractProblemLoader Creating init config 
1597       DEBUG main            d.u.i.k.j.TypeConverter   No LDT found for Meta 
1598       DEBUG main            d.u.i.k.j.TypeConverter   No LDT found for Meta 
1600       DEBUG main            d.u.i.k.j.TypeConverter   No LDT found for Meta 
1601       DEBUG main            d.u.i.k.j.TypeConverter   No LDT found for Meta 
2941       DEBUG main            d.u.i.k.j.TypeConverter   No LDT found for JavaBigintExpression 
5933       DEBUG main            d.u.i.k.j.r.ClassPreparationMethodBuilder clPrepBuilder: Inner Class detected. Reject building class initialisation methods. 
8563       DEBUG main            d.u.i.k.p.i.AbstractProblemLoader Init config took 7.78s 
8706       INFO  main            d.u.i.k.p.i.AbstractProblemLoader Replaying proof ArrayList[List::add(java.lang.Object)].JML normal_behavior operation contract.0 
8782       DEBUG main            d.u.i.k.p.i.IntermediateProofReplayer Proof replay took 33.6ns 
14058      INFO  main            d.u.i.k.p.r.p.TestFile    ... finished proof: closed. 
14256      INFO  main            d.u.i.k.p.i.AbstractProblemLoader Loading environment from /home/runner/work/key/key/key.core/../key.ui/examples/heap/list/ArrayList_add.key.proof 
14256      DEBUG main            d.u.i.k.p.i.AbstractProblemLoader Environment load took 147.5ns 
14259      INFO  main            d.u.i.k.p.i.AbstractProblemLoader Creating init config 
15449      DEBUG main            d.u.i.k.j.r.ClassPreparationMethodBuilder clPrepBuilder: Inner Class detected. Reject building class initialisation methods. 
17613      DEBUG main            d.u.i.k.p.i.AbstractProblemLoader Init config took 3.35s 
17685      INFO  main            d.u.i.k.p.i.AbstractProblemLoader Replaying proof ArrayList[List::add(java.lang.Object)].JML normal_behavior operation contract.0 
18726      DEBUG main            d.u.i.k.p.i.IntermediateProofReplayer Proof replay took 1.01s 
18734      DEBUG main            d.u.i.k.p.r.p.TestFile    ... success: reloaded. 
18736      INFO  main            d.u.i.k.p.r.p.TestFile    Now processing file /home/runner/work/key/key/key.core/../key.ui/examples/heap/list/ArrayList_ArrayList.key 
18737      INFO  main            d.u.i.k.p.i.AbstractProblemLoader Loading environment from /home/runner/work/key/key/key.core/../key.ui/examples/heap/list/ArrayList_ArrayList.key 
18737      DEBUG main            d.u.i.k.p.i.AbstractProblemLoader Environment load took 268ns 
18738      INFO  main            d.u.i.k.p.i.AbstractProblemLoader Creating init config 
19808      DEBUG main            d.u.i.k.j.r.ClassPreparationMethodBuilder clPrepBuilder: Inner Class detected. Reject building class initialisation methods. 
22002      DEBUG main            d.u.i.k.p.i.AbstractProblemLoader Init config took 3.26s 
22068      INFO  main            d.u.i.k.p.i.AbstractProblemLoader Replaying proof ArrayList[ArrayList::ArrayList()].JML normal_behavior operation contract.0 
22070      DEBUG main            d.u.i.k.p.i.IntermediateProofReplayer Proof replay took 4.7ns 
23576      INFO  main            d.u.i.k.p.r.p.TestFile    ... finished proof: closed. 
23754      INFO  main            d.u.i.k.p.i.AbstractProblemLoader Loading environment from /home/runner/work/key/key/key.core/../key.ui/examples/heap/list/ArrayList_ArrayList.key.proof 
23754      DEBUG main            d.u.i.k.p.i.AbstractProblemLoader Environment load took 468.2ns 
23759      INFO  main            d.u.i.k.p.i.AbstractProblemLoader Creating init config 
24774      DEBUG main            d.u.i.k.j.r.ClassPreparationMethodBuilder clPrepBuilder: Inner Class detected. Reject building class initialisation methods. 
26847      DEBUG main            d.u.i.k.p.i.AbstractProblemLoader Init config took 3.09s 
26917      INFO  main            d.u.i.k.p.i.AbstractProblemLoader Replaying proof ArrayList[ArrayList::ArrayList()].JML normal_behavior operation contract.0 
27125      DEBUG main            d.u.i.k.p.i.IntermediateProofReplayer Proof replay took 196.79ms 
27126      DEBUG main            d.u.i.k.p.r.p.TestFile    ... success: reloaded. 
27128      INFO  main            d.u.i.k.p.r.p.TestFile    Now processing file /home/runner/work/key/key/key.core/../key.ui/examples/heap/list/ArrayList_concatenate.key 
27128      INFO  main            d.u.i.k.p.i.AbstractProblemLoader Loading environment from /home/runner/work/key/key/key.core/../key.ui/examples/heap/list/ArrayList_concatenate.key 
27129      DEBUG main            d.u.i.k.p.i.AbstractProblemLoader Environment load took 212.3ns 
27130      INFO  main            d.u.i.k.p.i.AbstractProblemLoader Creating init config 
28143      DEBUG main            d.u.i.k.j.r.ClassPreparationMethodBuilder clPrepBuilder: Inner Class detected. Reject building class initialisation methods. 
30280      DEBUG main            d.u.i.k.p.i.AbstractProblemLoader Init config took 3.15s 
30337      INFO  main            d.u.i.k.p.i.AbstractProblemLoader Replaying proof ArrayList[List::concatenate(List)].JML normal_behavior operation contract.0 
30339      DEBUG main            d.u.i.k.p.i.IntermediateProofReplayer Proof replay took 5.4ns 
53457      INFO  main            d.u.i.k.p.r.p.TestFile    ... finished proof: closed. 
53700      INFO  main            d.u.i.k.p.i.AbstractProblemLoader Loading environment from /home/runner/work/key/key/key.core/../key.ui/examples/heap/list/ArrayList_concatenate.key.proof 
53701      DEBUG main            d.u.i.k.p.i.AbstractProblemLoader Environment load took 457.4ns 
53707      INFO  main            d.u.i.k.p.i.AbstractProblemLoader Creating init config 
54715      DEBUG main            d.u.i.k.j.r.ClassPreparationMethodBuilder clPrepBuilder: Inner Class detected. Reject building class initialisation methods. 
56762      DEBUG main            d.u.i.k.p.i.AbstractProblemLoader Init config took 3.05s 
56838      INFO  main            d.u.i.k.p.i.AbstractProblemLoader Replaying proof ArrayList[List::concatenate(List)].JML normal_behavior operation contract.0 
58878      DEBUG main            d.u.i.k.p.i.IntermediateProofReplayer Proof replay took 1.97s 
58883      DEBUG main            d.u.i.k.p.r.p.TestFile    ... success: reloaded. 
58884      INFO  main            d.u.i.k.p.r.p.TestFile    Now processing file /home/runner/work/key/key/key.core/../key.ui/examples/heap/list/ArrayList_contains_dep.key 
58884      INFO  main            d.u.i.k.p.i.AbstractProblemLoader Loading environment from /home/runner/work/key/key/key.core/../key.ui/examples/heap/list/ArrayList_contains_dep.key 
58884      DEBUG main            d.u.i.k.p.i.AbstractProblemLoader Environment load took 90.4ns 
58885      INFO  main            d.u.i.k.p.i.AbstractProblemLoader Creating init config 
59925      DEBUG main            d.u.i.k.j.r.ClassPreparationMethodBuilder clPrepBuilder: Inner Class detected. Reject building class initialisation methods. 
62068      DEBUG main            d.u.i.k.p.i.AbstractProblemLoader Init config took 3.18s 
62130      INFO  main            d.u.i.k.p.i.AbstractProblemLoader Replaying proof ArrayList[List::contains(java.lang.Object)].JML accessible clause.0 
62133      DEBUG main            d.u.i.k.p.i.IntermediateProofReplayer Proof replay took 4.9ns 
64741      INFO  main            d.u.i.k.p.r.p.TestFile    ... finished proof: closed. 
64979      INFO  main            d.u.i.k.p.i.AbstractProblemLoader Loading environment from /home/runner/work/key/key/key.core/../key.ui/examples/heap/list/ArrayList_contains_dep.key.proof 
64979      DEBUG main            d.u.i.k.p.i.AbstractProblemLoader Environment load took 435.8ns 
64981      INFO  main            d.u.i.k.p.i.AbstractProblemLoader Creating init config 
65965      DEBUG main            d.u.i.k.j.r.ClassPreparationMethodBuilder clPrepBuilder: Inner Class detected. Reject building class initialisation methods. 
68049      DEBUG main            d.u.i.k.p.i.AbstractProblemLoader Init config took 3.07s 
68098      INFO  main            d.u.i.k.p.i.AbstractProblemLoader Replaying proof ArrayList[List::contains(java.lang.Object)].JML accessible clause.0 
68528      DEBUG main            d.u.i.k.p.i.IntermediateProofReplayer Proof replay took 418.4ms 
68529      DEBUG main            d.u.i.k.p.r.p.TestFile    ... success: reloaded. 
68530      INFO  main            d.u.i.k.p.r.p.TestFile    Now processing file /home/runner/work/key/key/key.core/../key.ui/examples/heap/list/ArrayList_enlarge.key 
68531      INFO  main            d.u.i.k.p.i.AbstractProblemLoader Loading environment from /home/runner/work/key/key/key.core/../key.ui/examples/heap/list/ArrayList_enlarge.key 
68531      DEBUG main            d.u.i.k.p.i.AbstractProblemLoader Environment load took 93.5ns 
68531      INFO  main            d.u.i.k.p.i.AbstractProblemLoader Creating init config 
69522      DEBUG main            d.u.i.k.j.r.ClassPreparationMethodBuilder clPrepBuilder: Inner Class detected. Reject building class initialisation methods. 
71578      DEBUG main            d.u.i.k.p.i.AbstractProblemLoader Init config took 3.05s 
71645      INFO  main            d.u.i.k.p.i.AbstractProblemLoader Replaying proof ArrayList[ArrayList::enlarge()].JML normal_behavior operation contract.0 
71648      DEBUG main            d.u.i.k.p.i.IntermediateProofReplayer Proof replay took 4.6ns 
73776      INFO  main            d.u.i.k.p.r.p.TestFile    ... finished proof: closed. 
73958      INFO  main            d.u.i.k.p.i.AbstractProblemLoader Loading environment from /home/runner/work/key/key/key.core/../key.ui/examples/heap/list/ArrayList_enlarge.key.proof 
73960      DEBUG main            d.u.i.k.p.i.AbstractProblemLoader Environment load took 1.73ms 
73961      INFO  main            d.u.i.k.p.i.AbstractProblemLoader Creating init config 
74935      DEBUG main            d.u.i.k.j.r.ClassPreparationMethodBuilder clPrepBuilder: Inner Class detected. Reject building class initialisation methods. 
76940      DEBUG main            d.u.i.k.p.i.AbstractProblemLoader Init config took 2.98s 
76988      INFO  main            d.u.i.k.p.i.AbstractProblemLoader Replaying proof ArrayList[ArrayList::enlarge()].JML normal_behavior operation contract.0 
77369      DEBUG main            d.u.i.k.p.i.IntermediateProofReplayer Proof replay took 371.65ms 
77370      DEBUG main            d.u.i.k.p.r.p.TestFile    ... success: reloaded. 
77372      INFO  main            d.u.i.k.p.r.p.TestFile    Now processing file /home/runner/work/key/key/key.core/../key.ui/examples/heap/list/ArrayList_footprint.key 
77372      INFO  main            d.u.i.k.p.i.AbstractProblemLoader Loading environment from /home/runner/work/key/key/key.core/../key.ui/examples/heap/list/ArrayList_footprint.key 
77372      DEBUG main            d.u.i.k.p.i.AbstractProblemLoader Environment load took 211.4ns 
77373      INFO  main            d.u.i.k.p.i.AbstractProblemLoader Creating init config 
78384      DEBUG main            d.u.i.k.j.r.ClassPreparationMethodBuilder clPrepBuilder: Inner Class detected. Reject building class initialisation methods. 
80450      DEBUG main            d.u.i.k.p.i.AbstractProblemLoader Init config took 3.08s 
80492      INFO  main            d.u.i.k.p.i.AbstractProblemLoader Replaying proof List[List::$footprint()].JML accessible clause.0 
80494      DEBUG main            d.u.i.k.p.i.IntermediateProofReplayer Proof replay took 4.9ns 
80595      INFO  main            d.u.i.k.p.r.p.TestFile    ... finished proof: closed. 
80754      INFO  main            d.u.i.k.p.i.AbstractProblemLoader Loading environment from /home/runner/work/key/key/key.core/../key.ui/examples/heap/list/ArrayList_footprint.key.proof 
80754      DEBUG main            d.u.i.k.p.i.AbstractProblemLoader Environment load took 103.9ns 
80755      INFO  main            d.u.i.k.p.i.AbstractProblemLoader Creating init config 
81710      DEBUG main            d.u.i.k.j.r.ClassPreparationMethodBuilder clPrepBuilder: Inner Class detected. Reject building class initialisation methods. 
83770      DEBUG main            d.u.i.k.p.i.AbstractProblemLoader Init config took 3.01s 
83812      INFO  main            d.u.i.k.p.i.AbstractProblemLoader Replaying proof List[List::$footprint()].JML accessible clause.0 
83816      DEBUG main            d.u.i.k.p.i.IntermediateProofReplayer Proof replay took 1.01ms 
83818      DEBUG main            d.u.i.k.p.r.p.TestFile    ... success: reloaded. 
83820      INFO  main            d.u.i.k.p.r.p.TestFile    Now processing file /home/runner/work/key/key/key.core/../key.ui/examples/heap/list/ArrayList_get_dep.key 
83820      INFO  main            d.u.i.k.p.i.AbstractProblemLoader Loading environment from /home/runner/work/key/key/key.core/../key.ui/examples/heap/list/ArrayList_get_dep.key 
83820      DEBUG main            d.u.i.k.p.i.AbstractProblemLoader Environment load took 218.7ns 
83821      INFO  main            d.u.i.k.p.i.AbstractProblemLoader Creating init config 
84778      DEBUG main            d.u.i.k.j.r.ClassPreparationMethodBuilder clPrepBuilder: Inner Class detected. Reject building class initialisation methods. 
86799      DEBUG main            d.u.i.k.p.i.AbstractProblemLoader Init config took 2.98s 
86859      INFO  main            d.u.i.k.p.i.AbstractProblemLoader Replaying proof ArrayList[List::get(int)].JML accessible clause.0 
86861      DEBUG main            d.u.i.k.p.i.IntermediateProofReplayer Proof replay took 5.3ns 
87266      INFO  main            d.u.i.k.p.r.p.TestFile    ... finished proof: closed. 
87453      INFO  main            d.u.i.k.p.i.AbstractProblemLoader Loading environment from /home/runner/work/key/key/key.core/../key.ui/examples/heap/list/ArrayList_get_dep.key.proof 
87453      DEBUG main            d.u.i.k.p.i.AbstractProblemLoader Environment load took 109.9ns 
87454      INFO  main            d.u.i.k.p.i.AbstractProblemLoader Creating init config 
88396      DEBUG main            d.u.i.k.j.r.ClassPreparationMethodBuilder clPrepBuilder: Inner Class detected. Reject building class initialisation methods. 
90409      DEBUG main            d.u.i.k.p.i.AbstractProblemLoader Init config took 2.95s 
90467      INFO  main            d.u.i.k.p.i.AbstractProblemLoader Replaying proof ArrayList[List::get(int)].JML accessible clause.0 
90540      DEBUG main            d.u.i.k.p.i.IntermediateProofReplayer Proof replay took 69.81ms 
90541      DEBUG main            d.u.i.k.p.r.p.TestFile    ... success: reloaded. 
90542      INFO  main            d.u.i.k.p.r.p.TestFile    Now processing file /home/runner/work/key/key/key.core/../key.ui/examples/heap/list/ArrayList_get_exceptional.key 
90543      INFO  main            d.u.i.k.p.i.AbstractProblemLoader Loading environment from /home/runner/work/key/key/key.core/../key.ui/examples/heap/list/ArrayList_get_exceptional.key 
90543      DEBUG main            d.u.i.k.p.i.AbstractProblemLoader Environment load took 256.7ns 
90544      INFO  main            d.u.i.k.p.i.AbstractProblemLoader Creating init config 
91507      DEBUG main            d.u.i.k.j.r.ClassPreparationMethodBuilder clPrepBuilder: Inner Class detected. Reject building class initialisation methods. 
93566      DEBUG main            d.u.i.k.p.i.AbstractProblemLoader Init config took 3.02s 
93613      INFO  main            d.u.i.k.p.i.AbstractProblemLoader Replaying proof ArrayList[List::get(int)].JML exceptional_behavior operation contract.0 
93614      DEBUG main            d.u.i.k.p.i.IntermediateProofReplayer Proof replay took 5.4ns 
94721      INFO  main            d.u.i.k.p.r.p.TestFile    ... finished proof: closed. 
94914      INFO  main            d.u.i.k.p.i.AbstractProblemLoader Loading environment from /home/runner/work/key/key/key.core/../key.ui/examples/heap/list/ArrayList_get_exceptional.key.proof 
94914      DEBUG main            d.u.i.k.p.i.AbstractProblemLoader Environment load took 110.8ns 
94915      INFO  main            d.u.i.k.p.i.AbstractProblemLoader Creating init config 
95861      DEBUG main            d.u.i.k.j.r.ClassPreparationMethodBuilder clPrepBuilder: Inner Class detected. Reject building class initialisation methods. 
97894      DEBUG main            d.u.i.k.p.i.AbstractProblemLoader Init config took 2.98s 
97939      INFO  main            d.u.i.k.p.i.AbstractProblemLoader Replaying proof ArrayList[List::get(int)].JML exceptional_behavior operation contract.0 
98134      DEBUG main            d.u.i.k.p.i.IntermediateProofReplayer Proof replay took 187.66ms 
98135      DEBUG main            d.u.i.k.p.r.p.TestFile    ... success: reloaded. 
98136      INFO  main            d.u.i.k.p.r.p.TestFile    Now processing file /home/runner/work/key/key/key.core/../key.ui/examples/heap/list/ArrayList_get_normal.key 
98136      INFO  main            d.u.i.k.p.i.AbstractProblemLoader Loading environment from /home/runner/work/key/key/key.core/../key.ui/examples/heap/list/ArrayList_get_normal.key 
98136      DEBUG main            d.u.i.k.p.i.AbstractProblemLoader Environment load took 92.3ns 
98137      INFO  main            d.u.i.k.p.i.AbstractProblemLoader Creating init config 
99108      DEBUG main            d.u.i.k.j.r.ClassPreparationMethodBuilder clPrepBuilder: Inner Class detected. Reject building class initialisation methods. 
101124     DEBUG main            d.u.i.k.p.i.AbstractProblemLoader Init config took 2.99s 
101169     INFO  main            d.u.i.k.p.i.AbstractProblemLoader Replaying proof ArrayList[List::get(int)].JML normal_behavior operation contract.0 
101170     DEBUG main            d.u.i.k.p.i.IntermediateProofReplayer Proof replay took 5.4ns 
101572     INFO  main            d.u.i.k.p.r.p.TestFile    ... finished proof: closed. 
101744     INFO  main            d.u.i.k.p.i.AbstractProblemLoader Loading environment from /home/runner/work/key/key/key.core/../key.ui/examples/heap/list/ArrayList_get_normal.key.proof 
101745     DEBUG main            d.u.i.k.p.i.AbstractProblemLoader Environment load took 105.9ns 
101746     INFO  main            d.u.i.k.p.i.AbstractProblemLoader Creating init config 
102700     DEBUG main            d.u.i.k.j.r.ClassPreparationMethodBuilder clPrepBuilder: Inner Class detected. Reject building class initialisation methods. 
104730     DEBUG main            d.u.i.k.p.i.AbstractProblemLoader Init config took 2.98s 
104776     INFO  main            d.u.i.k.p.i.AbstractProblemLoader Replaying proof ArrayList[List::get(int)].JML normal_behavior operation contract.0 
104848     DEBUG main            d.u.i.k.p.i.IntermediateProofReplayer Proof replay took 68.76ms 
104849     DEBUG main            d.u.i.k.p.r.p.TestFile    ... success: reloaded. 
104850     INFO  main            d.u.i.k.p.r.p.TestFile    Now processing file /home/runner/work/key/key/key.core/../key.ui/examples/heap/list/ArrayList_inv.key 
104850     INFO  main            d.u.i.k.p.i.AbstractProblemLoader Loading environment from /home/runner/work/key/key/key.core/../key.ui/examples/heap/list/ArrayList_inv.key 
104850     DEBUG main            d.u.i.k.p.i.AbstractProblemLoader Environment load took 56.4ns 
104851     INFO  main            d.u.i.k.p.i.AbstractProblemLoader Creating init config 
105822     DEBUG main            d.u.i.k.j.r.ClassPreparationMethodBuilder clPrepBuilder: Inner Class detected. Reject building class initialisation methods. 
107835     DEBUG main            d.u.i.k.p.i.AbstractProblemLoader Init config took 2.98s 
107897     INFO  main            d.u.i.k.p.i.AbstractProblemLoader Replaying proof ArrayList[java.lang.Object::<inv>()].JML accessible clause.0 
107898     DEBUG main            d.u.i.k.p.i.IntermediateProofReplayer Proof replay took 5.3ns 
108204     INFO  main            d.u.i.k.p.r.p.TestFile    ... finished proof: closed. 
108415     INFO  main            d.u.i.k.p.i.AbstractProblemLoader Loading environment from /home/runner/work/key/key/key.core/../key.ui/examples/heap/list/ArrayList_inv.key.proof 
108415     DEBUG main            d.u.i.k.p.i.AbstractProblemLoader Environment load took 107.7ns 
108417     INFO  main            d.u.i.k.p.i.AbstractProblemLoader Creating init config 
109389     DEBUG main            d.u.i.k.j.r.ClassPreparationMethodBuilder clPrepBuilder: Inner Class detected. Reject building class initialisation methods. 
111383     DEBUG main            d.u.i.k.p.i.AbstractProblemLoader Init config took 2.97s 
111427     INFO  main            d.u.i.k.p.i.AbstractProblemLoader Replaying proof ArrayList[java.lang.Object::<inv>()].JML accessible clause.0 
111469     DEBUG main            d.u.i.k.p.i.IntermediateProofReplayer Proof replay took 38.76ms 
111470     DEBUG main            d.u.i.k.p.r.p.TestFile    ... success: reloaded. 
111471     INFO  main            d.u.i.k.p.r.p.TestFile    Now processing file /home/runner/work/key/key/key.core/../key.ui/examples/heap/list/ArrayList_iterator.key 
111472     INFO  main            d.u.i.k.p.i.AbstractProblemLoader Loading environment from /home/runner/work/key/key/key.core/../key.ui/examples/heap/list/ArrayList_iterator.key 
111472     DEBUG main            d.u.i.k.p.i.AbstractProblemLoader Environment load took 80.6ns 
111472     INFO  main            d.u.i.k.p.i.AbstractProblemLoader Creating init config 
112434     DEBUG main            d.u.i.k.j.r.ClassPreparationMethodBuilder clPrepBuilder: Inner Class detected. Reject building class initialisation methods. 
114479     DEBUG main            d.u.i.k.p.i.AbstractProblemLoader Init config took 3.01s 
114524     INFO  main            d.u.i.k.p.i.AbstractProblemLoader Replaying proof ArrayList[List::iterator()].JML normal_behavior operation contract.0 
114526     DEBUG main            d.u.i.k.p.i.IntermediateProofReplayer Proof replay took 5.4ns 
115040     INFO  main            d.u.i.k.p.r.p.TestFile    ... finished proof: closed. 
115236     INFO  main            d.u.i.k.p.i.AbstractProblemLoader Loading environment from /home/runner/work/key/key/key.core/../key.ui/examples/heap/list/ArrayList_iterator.key.proof 
115236     DEBUG main            d.u.i.k.p.i.AbstractProblemLoader Environment load took 114.1ns 
115237     INFO  main            d.u.i.k.p.i.AbstractProblemLoader Creating init config 
116179     DEBUG main            d.u.i.k.j.r.ClassPreparationMethodBuilder clPrepBuilder: Inner Class detected. Reject building class initialisation methods. 
118196     DEBUG main            d.u.i.k.p.i.AbstractProblemLoader Init config took 2.96s 
118241     INFO  main            d.u.i.k.p.i.AbstractProblemLoader Replaying proof ArrayList[List::iterator()].JML normal_behavior operation contract.0 
118318     DEBUG main            d.u.i.k.p.i.IntermediateProofReplayer Proof replay took 74.07ms 
118319     DEBUG main            d.u.i.k.p.r.p.TestFile    ... success: reloaded. 
118320     INFO  main            d.u.i.k.p.r.p.TestFile    Now processing file /home/runner/work/key/key/key.core/../key.ui/examples/heap/list/ArrayList_size_dep.key 
118321     INFO  main            d.u.i.k.p.i.AbstractProblemLoader Loading environment from /home/runner/work/key/key/key.core/../key.ui/examples/heap/list/ArrayList_size_dep.key 
118321     DEBUG main            d.u.i.k.p.i.AbstractProblemLoader Environment load took 88.8ns 
118322     INFO  main            d.u.i.k.p.i.AbstractProblemLoader Creating init config 
119314     DEBUG main            d.u.i.k.j.r.ClassPreparationMethodBuilder clPrepBuilder: Inner Class detected. Reject building class initialisation methods. 
121322     DEBUG main            d.u.i.k.p.i.AbstractProblemLoader Init config took 3s 
121366     INFO  main            d.u.i.k.p.i.AbstractProblemLoader Replaying proof ArrayList[List::size()].JML accessible clause.0 
121367     DEBUG main            d.u.i.k.p.i.IntermediateProofReplayer Proof replay took 5.4ns 
121569     INFO  main            d.u.i.k.p.r.p.TestFile    ... finished proof: closed. 
121770     INFO  main            d.u.i.k.p.i.AbstractProblemLoader Loading environment from /home/runner/work/key/key/key.core/../key.ui/examples/heap/list/ArrayList_size_dep.key.proof 
121770     DEBUG main            d.u.i.k.p.i.AbstractProblemLoader Environment load took 105.6ns 
121772     INFO  main            d.u.i.k.p.i.AbstractProblemLoader Creating init config 
122711     DEBUG main            d.u.i.k.j.r.ClassPreparationMethodBuilder clPrepBuilder: Inner Class detected. Reject building class initialisation methods. 
124720     DEBUG main            d.u.i.k.p.i.AbstractProblemLoader Init config took 2.95s 
124763     INFO  main            d.u.i.k.p.i.AbstractProblemLoader Replaying proof ArrayList[List::size()].JML accessible clause.0 
124788     DEBUG main            d.u.i.k.p.i.IntermediateProofReplayer Proof replay took 22.61ms 
124789     DEBUG main            d.u.i.k.p.r.p.TestFile    ... success: reloaded. 
124791     INFO  main            d.u.i.k.p.r.p.TestFile    Now processing file /home/runner/work/key/key/key.core/../key.ui/examples/heap/list/ArrayList_size.key 
124791     INFO  main            d.u.i.k.p.i.AbstractProblemLoader Loading environment from /home/runner/work/key/key/key.core/../key.ui/examples/heap/list/ArrayList_size.key 
124791     DEBUG main            d.u.i.k.p.i.AbstractProblemLoader Environment load took 220.5ns 
124792     INFO  main            d.u.i.k.p.i.AbstractProblemLoader Creating init config 
125748     DEBUG main            d.u.i.k.j.r.ClassPreparationMethodBuilder clPrepBuilder: Inner Class detected. Reject building class initialisation methods. 
127761     DEBUG main            d.u.i.k.p.i.AbstractProblemLoader Init config took 2.97s 
127804     INFO  main            d.u.i.k.p.i.AbstractProblemLoader Replaying proof ArrayList[List::size()].JML normal_behavior operation contract.0 
127805     DEBUG main            d.u.i.k.p.i.IntermediateProofReplayer Proof replay took 5ns 
128007     INFO  main            d.u.i.k.p.r.p.TestFile    ... finished proof: closed. 
128214     INFO  main            d.u.i.k.p.i.AbstractProblemLoader Loading environment from /home/runner/work/key/key/key.core/../key.ui/examples/heap/list/ArrayList_size.key.proof 
128214     DEBUG main            d.u.i.k.p.i.AbstractProblemLoader Environment load took 102.7ns 
128215     INFO  main            d.u.i.k.p.i.AbstractProblemLoader Creating init config 
129153     DEBUG main            d.u.i.k.j.r.ClassPreparationMethodBuilder clPrepBuilder: Inner Class detected. Reject building class initialisation methods. 
131157     DEBUG main            d.u.i.k.p.i.AbstractProblemLoader Init config took 2.94s 
131203     INFO  main            d.u.i.k.p.i.AbstractProblemLoader Replaying proof ArrayList[List::size()].JML normal_behavior operation contract.0 
131236     DEBUG main            d.u.i.k.p.i.IntermediateProofReplayer Proof replay took 31.07ms 
131237     DEBUG main            d.u.i.k.p.r.p.TestFile    ... success: reloaded. 
131238     INFO  main            d.u.i.k.p.r.p.TestFile    Now processing file /home/runner/work/key/key/key.core/../key.ui/examples/heap/list/ArrayList.ArrayListIterator_ArrayListIterator.key 
131239     INFO  main            d.u.i.k.p.i.AbstractProblemLoader Loading environment from /home/runner/work/key/key/key.core/../key.ui/examples/heap/list/ArrayList.ArrayListIterator_ArrayListIterator.key 
131239     DEBUG main            d.u.i.k.p.i.AbstractProblemLoader Environment load took 81.1ns 
131239     INFO  main            d.u.i.k.p.i.AbstractProblemLoader Creating init config 
132193     DEBUG main            d.u.i.k.j.r.ClassPreparationMethodBuilder clPrepBuilder: Inner Class detected. Reject building class initialisation methods. 
134203     DEBUG main            d.u.i.k.p.i.AbstractProblemLoader Init config took 2.96s 
134257     INFO  main            d.u.i.k.p.i.AbstractProblemLoader Replaying proof ArrayList.ArrayListIterator[ArrayList.ArrayListIterator::ArrayListIterator(ArrayList)].JML normal_behavior operation contract.0 
134258     DEBUG main            d.u.i.k.p.i.IntermediateProofReplayer Proof replay took 5.7ns 
134868     INFO  main            d.u.i.k.p.r.p.TestFile    ... finished proof: closed. 
135086     INFO  main            d.u.i.k.p.i.AbstractProblemLoader Loading environment from /home/runner/work/key/key/key.core/../key.ui/examples/heap/list/ArrayList.ArrayListIterator_ArrayListIterator.key.proof 
135087     DEBUG main            d.u.i.k.p.i.AbstractProblemLoader Environment load took 423.6ns 
135088     INFO  main            d.u.i.k.p.i.AbstractProblemLoader Creating init config 
136031     DEBUG main            d.u.i.k.j.r.ClassPreparationMethodBuilder clPrepBuilder: Inner Class detected. Reject building class initialisation methods. 
138016     DEBUG main            d.u.i.k.p.i.AbstractProblemLoader Init config took 2.93s 
138068     INFO  main            d.u.i.k.p.i.AbstractProblemLoader Replaying proof ArrayList.ArrayListIterator[ArrayList.ArrayListIterator::ArrayListIterator(ArrayList)].JML normal_behavior operation contract.0 
138163     DEBUG main            d.u.i.k.p.i.IntermediateProofReplayer Proof replay took 91.32ms 
138164     DEBUG main            d.u.i.k.p.r.p.TestFile    ... success: reloaded. 
138165     INFO  main            d.u.i.k.p.r.p.TestFile    Now processing file /home/runner/work/key/key/key.core/../key.ui/examples/heap/list/ArrayList.ArrayListIterator_hasNext_dep.key 
138165     INFO  main            d.u.i.k.p.i.AbstractProblemLoader Loading environment from /home/runner/work/key/key/key.core/../key.ui/examples/heap/list/ArrayList.ArrayListIterator_hasNext_dep.key 
138165     DEBUG main            d.u.i.k.p.i.AbstractProblemLoader Environment load took 78.2ns 
138166     INFO  main            d.u.i.k.p.i.AbstractProblemLoader Creating init config 
139132     DEBUG main            d.u.i.k.j.r.ClassPreparationMethodBuilder clPrepBuilder: Inner Class detected. Reject building class initialisation methods. 
141165     DEBUG main            d.u.i.k.p.i.AbstractProblemLoader Init config took 3s 
141219     INFO  main            d.u.i.k.p.i.AbstractProblemLoader Replaying proof ArrayList.ArrayListIterator[ListIterator::hasNext()].JML accessible clause.0 
141221     DEBUG main            d.u.i.k.p.i.IntermediateProofReplayer Proof replay took 6ns 
141523     INFO  main            d.u.i.k.p.r.p.TestFile    ... finished proof: closed. 
141732     INFO  main            d.u.i.k.p.i.AbstractProblemLoader Loading environment from /home/runner/work/key/key/key.core/../key.ui/examples/heap/list/ArrayList.ArrayListIterator_hasNext_dep.key.proof 
141732     DEBUG main            d.u.i.k.p.i.AbstractProblemLoader Environment load took 127.3ns 
141735     INFO  main            d.u.i.k.p.i.AbstractProblemLoader Creating init config 
142678     DEBUG main            d.u.i.k.j.r.ClassPreparationMethodBuilder clPrepBuilder: Inner Class detected. Reject building class initialisation methods. 
144665     DEBUG main            d.u.i.k.p.i.AbstractProblemLoader Init config took 2.93s 
144715     INFO  main            d.u.i.k.p.i.AbstractProblemLoader Replaying proof ArrayList.ArrayListIterator[ListIterator::hasNext()].JML accessible clause.0 
144765     DEBUG main            d.u.i.k.p.i.IntermediateProofReplayer Proof replay took 47.68ms 
144766     DEBUG main            d.u.i.k.p.r.p.TestFile    ... success: reloaded. 
144767     INFO  main            d.u.i.k.p.r.p.TestFile    Now processing file /home/runner/work/key/key/key.core/../key.ui/examples/heap/list/ArrayList.ArrayListIterator_hasNext.key 
144767     INFO  main            d.u.i.k.p.i.AbstractProblemLoader Loading environment from /home/runner/work/key/key/key.core/../key.ui/examples/heap/list/ArrayList.ArrayListIterator_hasNext.key 
144767     DEBUG main            d.u.i.k.p.i.AbstractProblemLoader Environment load took 81.6ns 
144768     INFO  main            d.u.i.k.p.i.AbstractProblemLoader Creating init config 
145727     DEBUG main            d.u.i.k.j.r.ClassPreparationMethodBuilder clPrepBuilder: Inner Class detected. Reject building class initialisation methods. 
147769     DEBUG main            d.u.i.k.p.i.AbstractProblemLoader Init config took 3s 
147819     INFO  main            d.u.i.k.p.i.AbstractProblemLoader Replaying proof ArrayList.ArrayListIterator[ListIterator::hasNext()].JML normal_behavior operation contract.0 
147821     DEBUG main            d.u.i.k.p.i.IntermediateProofReplayer Proof replay took 5.7ns 
148223     INFO  main            d.u.i.k.p.r.p.TestFile    ... finished proof: closed. 
148446     INFO  main            d.u.i.k.p.i.AbstractProblemLoader Loading environment from /home/runner/work/key/key/key.core/../key.ui/examples/heap/list/ArrayList.ArrayListIterator_hasNext.key.proof 
148446     DEBUG main            d.u.i.k.p.i.AbstractProblemLoader Environment load took 100.3ns 
148447     INFO  main            d.u.i.k.p.i.AbstractProblemLoader Creating init config 
149375     DEBUG main            d.u.i.k.j.r.ClassPreparationMethodBuilder clPrepBuilder: Inner Class detected. Reject building class initialisation methods. 
151379     DEBUG main            d.u.i.k.p.i.AbstractProblemLoader Init config took 2.93s 
151428     INFO  main            d.u.i.k.p.i.AbstractProblemLoader Replaying proof ArrayList.ArrayListIterator[ListIterator::hasNext()].JML normal_behavior operation contract.0 
151479     DEBUG main            d.u.i.k.p.i.IntermediateProofReplayer Proof replay took 48.96ms 
151480     DEBUG main            d.u.i.k.p.r.p.TestFile    ... success: reloaded. 
151481     INFO  main            d.u.i.k.p.r.p.TestFile    Now processing file /home/runner/work/key/key/key.core/../key.ui/examples/heap/list/ArrayList.ArrayListIterator_inv.key 
151481     INFO  main            d.u.i.k.p.i.AbstractProblemLoader Loading environment from /home/runner/work/key/key/key.core/../key.ui/examples/heap/list/ArrayList.ArrayListIterator_inv.key 
151481     DEBUG main            d.u.i.k.p.i.AbstractProblemLoader Environment load took 94ns 
151482     INFO  main            d.u.i.k.p.i.AbstractProblemLoader Creating init config 
152446     DEBUG main            d.u.i.k.j.r.ClassPreparationMethodBuilder clPrepBuilder: Inner Class detected. Reject building class initialisation methods. 
154463     DEBUG main            d.u.i.k.p.i.AbstractProblemLoader Init config took 2.98s 
154514     INFO  main            d.u.i.k.p.i.AbstractProblemLoader Replaying proof ArrayList.ArrayListIterator[java.lang.Object::<inv>()].JML accessible clause.0 
154518     DEBUG main            d.u.i.k.p.i.IntermediateProofReplayer Proof replay took 5.3ns 
155322     INFO  main            d.u.i.k.p.r.p.TestFile    ... finished proof: closed. 
155582     INFO  main            d.u.i.k.p.i.AbstractProblemLoader Loading environment from /home/runner/work/key/key/key.core/../key.ui/examples/heap/list/ArrayList.ArrayListIterator_inv.key.proof 
155582     DEBUG main            d.u.i.k.p.i.AbstractProblemLoader Environment load took 105.2ns 
155583     INFO  main            d.u.i.k.p.i.AbstractProblemLoader Creating init config 
156523     DEBUG main            d.u.i.k.j.r.ClassPreparationMethodBuilder clPrepBuilder: Inner Class detected. Reject building class initialisation methods. 
158494     DEBUG main            d.u.i.k.p.i.AbstractProblemLoader Init config took 2.91s 
158542     INFO  main            d.u.i.k.p.i.AbstractProblemLoader Replaying proof ArrayList.ArrayListIterator[java.lang.Object::<inv>()].JML accessible clause.0 
158629     DEBUG main            d.u.i.k.p.i.IntermediateProofReplayer Proof replay took 82.54ms 
158630     DEBUG main            d.u.i.k.p.r.p.TestFile    ... success: reloaded. 
158631     INFO  main            d.u.i.k.p.r.p.TestFile    Now processing file /home/runner/work/key/key/key.core/../key.ui/examples/heap/list/ArrayList.ArrayListIterator_list.key 
158631     INFO  main            d.u.i.k.p.i.AbstractProblemLoader Loading environment from /home/runner/work/key/key/key.core/../key.ui/examples/heap/list/ArrayList.ArrayListIterator_list.key 
158632     DEBUG main            d.u.i.k.p.i.AbstractProblemLoader Environment load took 67.8ns 
158632     INFO  main            d.u.i.k.p.i.AbstractProblemLoader Creating init config 
159599     DEBUG main            d.u.i.k.j.r.ClassPreparationMethodBuilder clPrepBuilder: Inner Class detected. Reject building class initialisation methods. 
161614     DEBUG main            d.u.i.k.p.i.AbstractProblemLoader Init config took 2.98s 
161651     INFO  main            d.u.i.k.p.i.AbstractProblemLoader Replaying proof ListIterator[ListIterator::$list()].JML accessible clause.0 
161652     DEBUG main            d.u.i.k.p.i.IntermediateProofReplayer Proof replay took 5.2ns 
161756     INFO  main            d.u.i.k.p.r.p.TestFile    ... finished proof: closed. 
161987     INFO  main            d.u.i.k.p.i.AbstractProblemLoader Loading environment from /home/runner/work/key/key/key.core/../key.ui/examples/heap/list/ArrayList.ArrayListIterator_list.key.proof 
161987     DEBUG main            d.u.i.k.p.i.AbstractProblemLoader Environment load took 112.6ns 
161988     INFO  main            d.u.i.k.p.i.AbstractProblemLoader Creating init config 
162922     DEBUG main            d.u.i.k.j.r.ClassPreparationMethodBuilder clPrepBuilder: Inner Class detected. Reject building class initialisation methods. 
164890     DEBUG main            d.u.i.k.p.i.AbstractProblemLoader Init config took 2.9s 
164927     INFO  main            d.u.i.k.p.i.AbstractProblemLoader Replaying proof ListIterator[ListIterator::$list()].JML accessible clause.0 
164929     DEBUG main            d.u.i.k.p.i.IntermediateProofReplayer Proof replay took 1.22ms 
164930     DEBUG main            d.u.i.k.p.r.p.TestFile    ... success: reloaded. 
164931     INFO  main            d.u.i.k.p.r.p.TestFile    Now processing file /home/runner/work/key/key/key.core/../key.ui/examples/heap/list/ArrayList.ArrayListIterator_next_exceptional.key 
164931     INFO  main            d.u.i.k.p.i.AbstractProblemLoader Loading environment from /home/runner/work/key/key/key.core/../key.ui/examples/heap/list/ArrayList.ArrayListIterator_next_exceptional.key 
164931     DEBUG main            d.u.i.k.p.i.AbstractProblemLoader Environment load took 67.7ns 
164932     INFO  main            d.u.i.k.p.i.AbstractProblemLoader Creating init config 
165895     DEBUG main            d.u.i.k.j.r.ClassPreparationMethodBuilder clPrepBuilder: Inner Class detected. Reject building class initialisation methods. 
167908     DEBUG main            d.u.i.k.p.i.AbstractProblemLoader Init config took 2.98s 
167956     INFO  main            d.u.i.k.p.i.AbstractProblemLoader Replaying proof ArrayList.ArrayListIterator[ListIterator::next()].JML exceptional_behavior operation contract.0 
167958     DEBUG main            d.u.i.k.p.i.IntermediateProofReplayer Proof replay took 5.6ns 
168763     INFO  main            d.u.i.k.p.r.p.TestFile    ... finished proof: closed. 
169016     INFO  main            d.u.i.k.p.i.AbstractProblemLoader Loading environment from /home/runner/work/key/key/key.core/../key.ui/examples/heap/list/ArrayList.ArrayListIterator_next_exceptional.key.proof 
169016     DEBUG main            d.u.i.k.p.i.AbstractProblemLoader Environment load took 105.6ns 
169017     INFO  main            d.u.i.k.p.i.AbstractProblemLoader Creating init config 
169956     DEBUG main            d.u.i.k.j.r.ClassPreparationMethodBuilder clPrepBuilder: Inner Class detected. Reject building class initialisation methods. 
171931     DEBUG main            d.u.i.k.p.i.AbstractProblemLoader Init config took 2.91s 
171979     INFO  main            d.u.i.k.p.i.AbstractProblemLoader Replaying proof ArrayList.ArrayListIterator[ListIterator::next()].JML exceptional_behavior operation contract.0 
172110     DEBUG main            d.u.i.k.p.i.IntermediateProofReplayer Proof replay took 126.58ms 
172111     DEBUG main            d.u.i.k.p.r.p.TestFile    ... success: reloaded. 
172112     INFO  main            d.u.i.k.p.r.p.TestFile    Now processing file /home/runner/work/key/key/key.core/../key.ui/examples/heap/list/ArrayList.ArrayListIterator_next_normal.key 
172113     INFO  main            d.u.i.k.p.i.AbstractProblemLoader Loading environment from /home/runner/work/key/key/key.core/../key.ui/examples/heap/list/ArrayList.ArrayListIterator_next_normal.key 
172113     DEBUG main            d.u.i.k.p.i.AbstractProblemLoader Environment load took 171.3ns 
172114     INFO  main            d.u.i.k.p.i.AbstractProblemLoader Creating init config 
173095     DEBUG main            d.u.i.k.j.r.ClassPreparationMethodBuilder clPrepBuilder: Inner Class detected. Reject building class initialisation methods. 
175128     DEBUG main            d.u.i.k.p.i.AbstractProblemLoader Init config took 3.01s 
175179     INFO  main            d.u.i.k.p.i.AbstractProblemLoader Replaying proof ArrayList.ArrayListIterator[ListIterator::next()].JML normal_behavior operation contract.0 
175181     DEBUG main            d.u.i.k.p.i.IntermediateProofReplayer Proof replay took 5.1ns 
175984     INFO  main            d.u.i.k.p.r.p.TestFile    ... finished proof: closed. 
176235     INFO  main            d.u.i.k.p.i.AbstractProblemLoader Loading environment from /home/runner/work/key/key/key.core/../key.ui/examples/heap/list/ArrayList.ArrayListIterator_next_normal.key.proof 
176235     DEBUG main            d.u.i.k.p.i.AbstractProblemLoader Environment load took 143.8ns 
176236     INFO  main            d.u.i.k.p.i.AbstractProblemLoader Creating init config 
177173     DEBUG main            d.u.i.k.j.r.ClassPreparationMethodBuilder clPrepBuilder: Inner Class detected. Reject building class initialisation methods. 
179130     DEBUG main            d.u.i.k.p.i.AbstractProblemLoader Init config took 2.89s 
179182     INFO  main            d.u.i.k.p.i.AbstractProblemLoader Replaying proof ArrayList.ArrayListIterator[ListIterator::next()].JML normal_behavior operation contract.0 
179344     DEBUG main            d.u.i.k.p.i.IntermediateProofReplayer Proof replay took 157.18ms 
179345     DEBUG main            d.u.i.k.p.r.p.TestFile    ... success: reloaded. 
179345     INFO  main            d.u.i.k.p.r.p.TestFile    Now processing file /home/runner/work/key/key/key.core/../key.ui/examples/heap/list/ArrayList.ArrayListIterator_pos.key 
179346     INFO  main            d.u.i.k.p.i.AbstractProblemLoader Loading environment from /home/runner/work/key/key/key.core/../key.ui/examples/heap/list/ArrayList.ArrayListIterator_pos.key 
179346     DEBUG main            d.u.i.k.p.i.AbstractProblemLoader Environment load took 101.9ns 
179347     INFO  main            d.u.i.k.p.i.AbstractProblemLoader Creating init config 
180297     DEBUG main            d.u.i.k.j.r.ClassPreparationMethodBuilder clPrepBuilder: Inner Class detected. Reject building class initialisation methods. 
182314     DEBUG main            d.u.i.k.p.i.AbstractProblemLoader Init config took 2.97s 
182351     INFO  main            d.u.i.k.p.i.AbstractProblemLoader Replaying proof ListIterator[ListIterator::$pos()].JML accessible clause.0 
182353     DEBUG main            d.u.i.k.p.i.IntermediateProofReplayer Proof replay took 5.4ns 
182459     INFO  main            d.u.i.k.p.r.p.TestFile    ... finished proof: closed. 
182702     INFO  main            d.u.i.k.p.i.AbstractProblemLoader Loading environment from /home/runner/work/key/key/key.core/../key.ui/examples/heap/list/ArrayList.ArrayListIterator_pos.key.proof 
182702     DEBUG main            d.u.i.k.p.i.AbstractProblemLoader Environment load took 96.3ns 
182703     INFO  main            d.u.i.k.p.i.AbstractProblemLoader Creating init config 
183637     DEBUG main            d.u.i.k.j.r.ClassPreparationMethodBuilder clPrepBuilder: Inner Class detected. Reject building class initialisation methods. 
185597     DEBUG main            d.u.i.k.p.i.AbstractProblemLoader Init config took 2.89s 
185644     INFO  main            d.u.i.k.p.i.AbstractProblemLoader Replaying proof ListIterator[ListIterator::$pos()].JML accessible clause.0 
185647     DEBUG main            d.u.i.k.p.i.IntermediateProofReplayer Proof replay took 927.9ns 
185647     DEBUG main            d.u.i.k.p.r.p.TestFile    ... success: reloaded. 
185648     INFO  main            d.u.i.k.p.r.p.TestFile    Now processing file /home/runner/work/key/key/key.core/../key.ui/examples/heap/list/Client_m.key 
185649     INFO  main            d.u.i.k.p.i.AbstractProblemLoader Loading environment from /home/runner/work/key/key/key.core/../key.ui/examples/heap/list/Client_m.key 
185649     DEBUG main            d.u.i.k.p.i.AbstractProblemLoader Environment load took 72ns 
185649     INFO  main            d.u.i.k.p.i.AbstractProblemLoader Creating init config 
186598     DEBUG main            d.u.i.k.j.r.ClassPreparationMethodBuilder clPrepBuilder: Inner Class detected. Reject building class initialisation methods. 
188617     DEBUG main            d.u.i.k.p.i.AbstractProblemLoader Init config took 2.97s 
188655     INFO  main            d.u.i.k.p.i.AbstractProblemLoader Replaying proof Client[Client::m(List)].JML normal_behavior operation contract.0 
188657     DEBUG main            d.u.i.k.p.i.IntermediateProofReplayer Proof replay took 5.1ns 
188963     INFO  main            d.u.i.k.p.r.p.TestFile    ... finished proof: closed. 
189236     INFO  main            d.u.i.k.p.i.AbstractProblemLoader Loading environment from /home/runner/work/key/key/key.core/../key.ui/examples/heap/list/Client_m.key.proof 
189236     DEBUG main            d.u.i.k.p.i.AbstractProblemLoader Environment load took 105.4ns 
189237     INFO  main            d.u.i.k.p.i.AbstractProblemLoader Creating init config 
190175     DEBUG main            d.u.i.k.j.r.ClassPreparationMethodBuilder clPrepBuilder: Inner Class detected. Reject building class initialisation methods. 
192135     DEBUG main            d.u.i.k.p.i.AbstractProblemLoader Init config took 2.9s 
192172     INFO  main            d.u.i.k.p.i.AbstractProblemLoader Replaying proof Client[Client::m(List)].JML normal_behavior operation contract.0 
192226     DEBUG main            d.u.i.k.p.i.IntermediateProofReplayer Proof replay took 51.61ms 
192228     DEBUG main            d.u.i.k.p.r.p.TestFile    ... success: reloaded. 
192228     INFO  main            d.u.i.k.p.r.p.TestFile    Now processing file /home/runner/work/key/key/key.core/../key.ui/examples/heap/list/Client_n.key 
192229     INFO  main            d.u.i.k.p.i.AbstractProblemLoader Loading environment from /home/runner/work/key/key/key.core/../key.ui/examples/heap/list/Client_n.key 
192229     DEBUG main            d.u.i.k.p.i.AbstractProblemLoader Environment load took 97.8ns 
192230     INFO  main            d.u.i.k.p.i.AbstractProblemLoader Creating init config 
193181     DEBUG main            d.u.i.k.j.r.ClassPreparationMethodBuilder clPrepBuilder: Inner Class detected. Reject building class initialisation methods. 
195195     DEBUG main            d.u.i.k.p.i.AbstractProblemLoader Init config took 2.97s 
195232     INFO  main            d.u.i.k.p.i.AbstractProblemLoader Replaying proof Client[Client::n(List)].JML normal_behavior operation contract.0 
195233     DEBUG main            d.u.i.k.p.i.IntermediateProofReplayer Proof replay took 5.3ns 
195335     INFO  main            d.u.i.k.p.r.p.TestFile    ... finished proof: closed. 
195739     INFO  main            d.u.i.k.p.i.AbstractProblemLoader Loading environment from /home/runner/work/key/key/key.core/../key.ui/examples/heap/list/Client_n.key.proof 
195739     DEBUG main            d.u.i.k.p.i.AbstractProblemLoader Environment load took 92ns 
195742     INFO  main            d.u.i.k.p.i.AbstractProblemLoader Creating init config 
196682     DEBUG main            d.u.i.k.j.r.ClassPreparationMethodBuilder clPrepBuilder: Inner Class detected. Reject building class initialisation methods. 
198647     DEBUG main            d.u.i.k.p.i.AbstractProblemLoader Init config took 2.9s 
198683     INFO  main            d.u.i.k.p.i.AbstractProblemLoader Replaying proof Client[Client::n(List)].JML normal_behavior operation contract.0 
198702     DEBUG main            d.u.i.k.p.i.IntermediateProofReplayer Proof replay took 16.38ms 
198702     DEBUG main            d.u.i.k.p.r.p.TestFile    ... success: reloaded. 
198703     INFO  main            d.u.i.k.p.r.p.TestFile    Now processing file /home/runner/work/key/key/key.core/../key.ui/examples/heap/list/LinkedList_get_exceptional.key 
198703     INFO  main            d.u.i.k.p.i.AbstractProblemLoader Loading environment from /home/runner/work/key/key/key.core/../key.ui/examples/heap/list/LinkedList_get_exceptional.key 
198703     DEBUG main            d.u.i.k.p.i.AbstractProblemLoader Environment load took 74.4ns 
198704     INFO  main            d.u.i.k.p.i.AbstractProblemLoader Creating init config 
199648     DEBUG main            d.u.i.k.j.r.ClassPreparationMethodBuilder clPrepBuilder: Inner Class detected. Reject building class initialisation methods. 
201647     DEBUG main            d.u.i.k.p.i.AbstractProblemLoader Init config took 2.94s 
201689     INFO  main            d.u.i.k.p.i.AbstractProblemLoader Replaying proof LinkedList[List::get(int)].JML exceptional_behavior operation contract.0 
201690     DEBUG main            d.u.i.k.p.i.IntermediateProofReplayer Proof replay took 5.3ns 
203595     INFO  main            d.u.i.k.p.r.p.TestFile    ... finished proof: closed. 
203880     INFO  main            d.u.i.k.p.i.AbstractProblemLoader Loading environment from /home/runner/work/key/key/key.core/../key.ui/examples/heap/list/LinkedList_get_exceptional.key.proof 
203880     DEBUG main            d.u.i.k.p.i.AbstractProblemLoader Environment load took 425.1ns 
203881     INFO  main            d.u.i.k.p.i.AbstractProblemLoader Creating init config 
204812     DEBUG main            d.u.i.k.j.r.ClassPreparationMethodBuilder clPrepBuilder: Inner Class detected. Reject building class initialisation methods. 
206779     DEBUG main            d.u.i.k.p.i.AbstractProblemLoader Init config took 2.9s 
206822     INFO  main            d.u.i.k.p.i.AbstractProblemLoader Replaying proof LinkedList[List::get(int)].JML exceptional_behavior operation contract.0 
207135     DEBUG main            d.u.i.k.p.i.IntermediateProofReplayer Proof replay took 304.58ms 
207136     DEBUG main            d.u.i.k.p.r.p.TestFile    ... success: reloaded. 
207138     INFO  main            d.u.i.k.p.r.p.TestFile    Now processing file /home/runner/work/key/key/key.core/../key.ui/examples/heap/list/LinkedList_get_normal.key 
207138     INFO  main            d.u.i.k.p.i.AbstractProblemLoader Loading environment from /home/runner/work/key/key/key.core/../key.ui/examples/heap/list/LinkedList_get_normal.key 
207138     DEBUG main            d.u.i.k.p.i.AbstractProblemLoader Environment load took 109.9ns 
207140     INFO  main            d.u.i.k.p.i.AbstractProblemLoader Creating init config 
208116     DEBUG main            d.u.i.k.j.r.ClassPreparationMethodBuilder clPrepBuilder: Inner Class detected. Reject building class initialisation methods. 
210100     DEBUG main            d.u.i.k.p.i.AbstractProblemLoader Init config took 2.96s 
210142     INFO  main            d.u.i.k.p.i.AbstractProblemLoader Replaying proof LinkedList[List::get(int)].JML normal_behavior operation contract.0 
210143     DEBUG main            d.u.i.k.p.i.IntermediateProofReplayer Proof replay took 5.3ns 
214765     INFO  main            d.u.i.k.p.r.p.TestFile    ... finished proof: closed. 
215128     INFO  main            d.u.i.k.p.i.AbstractProblemLoader Loading environment from /home/runner/work/key/key/key.core/../key.ui/examples/heap/list/LinkedList_get_normal.key.proof 
215129     DEBUG main            d.u.i.k.p.i.AbstractProblemLoader Environment load took 408.2ns 
215131     INFO  main            d.u.i.k.p.i.AbstractProblemLoader Creating init config 
216067     DEBUG main            d.u.i.k.j.r.ClassPreparationMethodBuilder clPrepBuilder: Inner Class detected. Reject building class initialisation methods. 
218020     DEBUG main            d.u.i.k.p.i.AbstractProblemLoader Init config took 2.89s 
218062     INFO  main            d.u.i.k.p.i.AbstractProblemLoader Replaying proof LinkedList[List::get(int)].JML normal_behavior operation contract.0 
218480     DEBUG main            d.u.i.k.p.i.IntermediateProofReplayer Proof replay took 396.42ms 
218482     DEBUG main            d.u.i.k.p.r.p.TestFile    ... success: reloaded. 
218483     INFO  main            d.u.i.k.p.r.p.TestFile    Now processing file /home/runner/work/key/key/key.core/../key.ui/examples/heap/list/LinkedList_LinkedList.key 
218483     INFO  main            d.u.i.k.p.i.AbstractProblemLoader Loading environment from /home/runner/work/key/key/key.core/../key.ui/examples/heap/list/LinkedList_LinkedList.key 
218483     DEBUG main            d.u.i.k.p.i.AbstractProblemLoader Environment load took 51ns 
218484     INFO  main            d.u.i.k.p.i.AbstractProblemLoader Creating init config 
219447     DEBUG main            d.u.i.k.j.r.ClassPreparationMethodBuilder clPrepBuilder: Inner Class detected. Reject building class initialisation methods. 
221433     DEBUG main            d.u.i.k.p.i.AbstractProblemLoader Init config took 2.95s 
221474     INFO  main            d.u.i.k.p.i.AbstractProblemLoader Replaying proof LinkedList[LinkedList::LinkedList()].JML normal_behavior operation contract.0 
221476     DEBUG main            d.u.i.k.p.i.IntermediateProofReplayer Proof replay took 5.2ns 
221978     INFO  main            d.u.i.k.p.r.p.TestFile    ... finished proof: closed. 
222260     INFO  main            d.u.i.k.p.i.AbstractProblemLoader Loading environment from /home/runner/work/key/key/key.core/../key.ui/examples/heap/list/LinkedList_LinkedList.key.proof 
222260     DEBUG main            d.u.i.k.p.i.AbstractProblemLoader Environment load took 97.5ns 
222261     INFO  main            d.u.i.k.p.i.AbstractProblemLoader Creating init config 
223196     DEBUG main            d.u.i.k.j.r.ClassPreparationMethodBuilder clPrepBuilder: Inner Class detected. Reject building class initialisation methods. 
225145     DEBUG main            d.u.i.k.p.i.AbstractProblemLoader Init config took 2.88s 
225187     INFO  main            d.u.i.k.p.i.AbstractProblemLoader Replaying proof LinkedList[LinkedList::LinkedList()].JML normal_behavior operation contract.0 
225290     DEBUG main            d.u.i.k.p.i.IntermediateProofReplayer Proof replay took 98.98ms 
225291     DEBUG main            d.u.i.k.p.r.p.TestFile    ... success: reloaded. 
225292     INFO  main            d.u.i.k.p.r.p.TestFile    Now processing file /home/runner/work/key/key/key.core/../key.ui/examples/heap/list/LinkedList_size_dep.key 
225292     INFO  main            d.u.i.k.p.i.AbstractProblemLoader Loading environment from /home/runner/work/key/key/key.core/../key.ui/examples/heap/list/LinkedList_size_dep.key 
225292     DEBUG main            d.u.i.k.p.i.AbstractProblemLoader Environment load took 195.4ns 
225293     INFO  main            d.u.i.k.p.i.AbstractProblemLoader Creating init config 
226242     DEBUG main            d.u.i.k.j.r.ClassPreparationMethodBuilder clPrepBuilder: Inner Class detected. Reject building class initialisation methods. 
228234     DEBUG main            d.u.i.k.p.i.AbstractProblemLoader Init config took 2.94s 
228275     INFO  main            d.u.i.k.p.i.AbstractProblemLoader Replaying proof LinkedList[List::size()].JML accessible clause.0 
228276     DEBUG main            d.u.i.k.p.i.IntermediateProofReplayer Proof replay took 5.6ns 
228779     INFO  main            d.u.i.k.p.r.p.TestFile    ... finished proof: closed. 
229067     INFO  main            d.u.i.k.p.i.AbstractProblemLoader Loading environment from /home/runner/work/key/key/key.core/../key.ui/examples/heap/list/LinkedList_size_dep.key.proof 
229067     DEBUG main            d.u.i.k.p.i.AbstractProblemLoader Environment load took 91ns 
229068     INFO  main            d.u.i.k.p.i.AbstractProblemLoader Creating init config 
229998     DEBUG main            d.u.i.k.j.r.ClassPreparationMethodBuilder clPrepBuilder: Inner Class detected. Reject building class initialisation methods. 
231947     DEBUG main            d.u.i.k.p.i.AbstractProblemLoader Init config took 2.88s 
232007     INFO  main            d.u.i.k.p.i.AbstractProblemLoader Replaying proof LinkedList[List::size()].JML accessible clause.0 
232053     DEBUG main            d.u.i.k.p.i.IntermediateProofReplayer Proof replay took 43.06ms 
232054     DEBUG main            d.u.i.k.p.r.p.TestFile    ... success: reloaded. 
232055     INFO  main            d.u.i.k.p.r.p.TestFile    Now processing file /home/runner/work/key/key/key.core/../key.ui/examples/heap/list/LinkedList_size.key 
232055     INFO  main            d.u.i.k.p.i.AbstractProblemLoader Loading environment from /home/runner/work/key/key/key.core/../key.ui/examples/heap/list/LinkedList_size.key 
232056     DEBUG main            d.u.i.k.p.i.AbstractProblemLoader Environment load took 196.4ns 
232057     INFO  main            d.u.i.k.p.i.AbstractProblemLoader Creating init config 
233026     DEBUG main            d.u.i.k.j.r.ClassPreparationMethodBuilder clPrepBuilder: Inner Class detected. Reject building class initialisation methods. 
235015     DEBUG main            d.u.i.k.p.i.AbstractProblemLoader Init config took 2.96s 
235056     INFO  main            d.u.i.k.p.i.AbstractProblemLoader Replaying proof LinkedList[List::size()].JML normal_behavior operation contract.0 
235057     DEBUG main            d.u.i.k.p.i.IntermediateProofReplayer Proof replay took 5.3ns 
235459     INFO  main            d.u.i.k.p.r.p.TestFile    ... finished proof: closed. 
235755     INFO  main            d.u.i.k.p.i.AbstractProblemLoader Loading environment from /home/runner/work/key/key/key.core/../key.ui/examples/heap/list/LinkedList_size.key.proof 
235755     DEBUG main            d.u.i.k.p.i.AbstractProblemLoader Environment load took 118.5ns 
235756     INFO  main            d.u.i.k.p.i.AbstractProblemLoader Creating init config 
236690     DEBUG main            d.u.i.k.j.r.ClassPreparationMethodBuilder clPrepBuilder: Inner Class detected. Reject building class initialisation methods. 
238634     DEBUG main            d.u.i.k.p.i.AbstractProblemLoader Init config took 2.88s 
238685     INFO  main            d.u.i.k.p.i.AbstractProblemLoader Replaying proof LinkedList[List::size()].JML normal_behavior operation contract.0 
238725     DEBUG main            d.u.i.k.p.i.IntermediateProofReplayer Proof replay took 38.19ms 
238726     DEBUG main            d.u.i.k.p.r.p.TestFile    ... success: reloaded. 
238727     INFO  main            d.u.i.k.p.r.p.TestFile    Now processing file /home/runner/work/key/key/key.core/../key.ui/examples/heap/list/MySet_footprint.key 
238727     INFO  main            d.u.i.k.p.i.AbstractProblemLoader Loading environment from /home/runner/work/key/key/key.core/../key.ui/examples/heap/list/MySet_footprint.key 
238727     DEBUG main            d.u.i.k.p.i.AbstractProblemLoader Environment load took 53.3ns 
238728     INFO  main            d.u.i.k.p.i.AbstractProblemLoader Creating init config 
239679     DEBUG main            d.u.i.k.j.r.ClassPreparationMethodBuilder clPrepBuilder: Inner Class detected. Reject building class initialisation methods. 
241674     DEBUG main            d.u.i.k.p.i.AbstractProblemLoader Init config took 2.95s 
241721     INFO  main            d.u.i.k.p.i.AbstractProblemLoader Replaying proof MySet[MySet::$footprint()].JML accessible clause.0 
241722     DEBUG main            d.u.i.k.p.i.IntermediateProofReplayer Proof replay took 6ns 
241924     INFO  main            d.u.i.k.p.r.p.TestFile    ... finished proof: closed. 
242238     INFO  main            d.u.i.k.p.i.AbstractProblemLoader Loading environment from /home/runner/work/key/key/key.core/../key.ui/examples/heap/list/MySet_footprint.key.proof 
242238     DEBUG main            d.u.i.k.p.i.AbstractProblemLoader Environment load took 102.1ns 
242239     INFO  main            d.u.i.k.p.i.AbstractProblemLoader Creating init config 
243172     DEBUG main            d.u.i.k.j.r.ClassPreparationMethodBuilder clPrepBuilder: Inner Class detected. Reject building class initialisation methods. 
245125     DEBUG main            d.u.i.k.p.i.AbstractProblemLoader Init config took 2.89s 
245169     INFO  main            d.u.i.k.p.i.AbstractProblemLoader Replaying proof MySet[MySet::$footprint()].JML accessible clause.0 
245200     DEBUG main            d.u.i.k.p.i.IntermediateProofReplayer Proof replay took 27.75ms 
245201     DEBUG main            d.u.i.k.p.r.p.TestFile    ... success: reloaded. 
245201     INFO  main            d.u.i.k.p.r.p.TestFile    Now processing file /home/runner/work/key/key/key.core/../key.ui/examples/heap/list/MySet_MySet.key 
245202     INFO  main            d.u.i.k.p.i.AbstractProblemLoader Loading environment from /home/runner/work/key/key/key.core/../key.ui/examples/heap/list/MySet_MySet.key 
245202     DEBUG main            d.u.i.k.p.i.AbstractProblemLoader Environment load took 80.8ns 
245203     INFO  main            d.u.i.k.p.i.AbstractProblemLoader Creating init config 
246146     DEBUG main            d.u.i.k.j.r.ClassPreparationMethodBuilder clPrepBuilder: Inner Class detected. Reject building class initialisation methods. 
248139     DEBUG main            d.u.i.k.p.i.AbstractProblemLoader Init config took 2.94s 
248183     INFO  main            d.u.i.k.p.i.AbstractProblemLoader Replaying proof MySet[MySet::MySet()].JML normal_behavior operation contract.0 
248185     DEBUG main            d.u.i.k.p.i.IntermediateProofReplayer Proof replay took 5.6ns 
250414     INFO  main            d.u.i.k.p.r.p.TestFile    ... finished proof: closed. 
250736     INFO  main            d.u.i.k.p.i.AbstractProblemLoader Loading environment from /home/runner/work/key/key/key.core/../key.ui/examples/heap/list/MySet_MySet.key.proof 
250736     DEBUG main            d.u.i.k.p.i.AbstractProblemLoader Environment load took 170.9ns 
250738     INFO  main            d.u.i.k.p.i.AbstractProblemLoader Creating init config 
251670     DEBUG main            d.u.i.k.j.r.ClassPreparationMethodBuilder clPrepBuilder: Inner Class detected. Reject building class initialisation methods. 
253621     DEBUG main            d.u.i.k.p.i.AbstractProblemLoader Init config took 2.88s 
253665     INFO  main            d.u.i.k.p.i.AbstractProblemLoader Replaying proof MySet[MySet::MySet()].JML normal_behavior operation contract.0 
254004     DEBUG main            d.u.i.k.p.i.IntermediateProofReplayer Proof replay took 326.41ms 
254006     DEBUG main            d.u.i.k.p.r.p.TestFile    ... success: reloaded. 
1068208    INFO  Test worker     d.u.i.k.p.r.RunAllProofsTestUnit Returning from test list 
1068209    INFO  Test worker     d.u.i.k.p.r.RunAllProofsTestUnit Running test list_ghost 
312        INFO  Timeout watchdog d.u.i.k.p.r.p.ForkedTestFileRunner Timeout watcher launched (2000 secs.) 
335        WARN  main            d.u.i.k.s.ProofSettings   The settings in /home/runner/.key/proof-settings.props are *not* read. 
362        INFO  main            d.u.i.k.p.r.p.TestFile    Now processing file /home/runner/work/key/key/key.core/../key.ui/examples/heap/list_ghost/ArrayList_add.key 
523        INFO  main            d.u.i.k.p.i.AbstractProblemLoader Loading environment from /home/runner/work/key/key/key.core/../key.ui/examples/heap/list_ghost/ArrayList_add.key 
544        DEBUG main            d.u.i.k.p.i.AbstractProblemLoader Environment load took 2.95ms 
754        INFO  main            d.u.i.k.p.i.AbstractProblemLoader Creating init config 
1663       DEBUG main            d.u.i.k.j.TypeConverter   No LDT found for Meta 
1664       DEBUG main            d.u.i.k.j.TypeConverter   No LDT found for Meta 
1665       DEBUG main            d.u.i.k.j.TypeConverter   No LDT found for Meta 
1665       DEBUG main            d.u.i.k.j.TypeConverter   No LDT found for Meta 
3196       DEBUG main            d.u.i.k.j.TypeConverter   No LDT found for JavaBigintExpression 
8385       DEBUG main            d.u.i.k.p.i.AbstractProblemLoader Init config took 7.63s 
8514       INFO  main            d.u.i.k.p.i.AbstractProblemLoader Replaying proof ArrayList[List::add(java.lang.Object)].JML normal_behavior operation contract.0 
8545       DEBUG main            d.u.i.k.p.i.IntermediateProofReplayer Proof replay took 33.5ns 
13296      INFO  main            d.u.i.k.p.r.p.TestFile    ... finished proof: closed. 
13517      INFO  main            d.u.i.k.p.i.AbstractProblemLoader Loading environment from /home/runner/work/key/key/key.core/../key.ui/examples/heap/list_ghost/ArrayList_add.key.proof 
13518      DEBUG main            d.u.i.k.p.i.AbstractProblemLoader Environment load took 480.9ns 
13522      INFO  main            d.u.i.k.p.i.AbstractProblemLoader Creating init config 
16424      DEBUG main            d.u.i.k.p.i.AbstractProblemLoader Init config took 2.9s 
16493      INFO  main            d.u.i.k.p.i.AbstractProblemLoader Replaying proof ArrayList[List::add(java.lang.Object)].JML normal_behavior operation contract.0 
17245      DEBUG main            d.u.i.k.p.i.IntermediateProofReplayer Proof replay took 727.75ms 
17253      DEBUG main            d.u.i.k.p.r.p.TestFile    ... success: reloaded. 
17254      INFO  main            d.u.i.k.p.r.p.TestFile    Now processing file /home/runner/work/key/key/key.core/../key.ui/examples/heap/list_ghost/ArrayList_ArrayList.key 
17255      INFO  main            d.u.i.k.p.i.AbstractProblemLoader Loading environment from /home/runner/work/key/key/key.core/../key.ui/examples/heap/list_ghost/ArrayList_ArrayList.key 
17255      DEBUG main            d.u.i.k.p.i.AbstractProblemLoader Environment load took 295.8ns 
17256      INFO  main            d.u.i.k.p.i.AbstractProblemLoader Creating init config 
19992      DEBUG main            d.u.i.k.p.i.AbstractProblemLoader Init config took 2.74s 
20050      INFO  main            d.u.i.k.p.i.AbstractProblemLoader Replaying proof ArrayList[ArrayList::ArrayList()].JML normal_behavior operation contract.0 
20052      DEBUG main            d.u.i.k.p.i.IntermediateProofReplayer Proof replay took 5.8ns 
21157      INFO  main            d.u.i.k.p.r.p.TestFile    ... finished proof: closed. 
21310      INFO  main            d.u.i.k.p.i.AbstractProblemLoader Loading environment from /home/runner/work/key/key/key.core/../key.ui/examples/heap/list_ghost/ArrayList_ArrayList.key.proof 
21311      DEBUG main            d.u.i.k.p.i.AbstractProblemLoader Environment load took 436ns 
21315      INFO  main            d.u.i.k.p.i.AbstractProblemLoader Creating init config 
23933      DEBUG main            d.u.i.k.p.i.AbstractProblemLoader Init config took 2.62s 
23983      INFO  main            d.u.i.k.p.i.AbstractProblemLoader Replaying proof ArrayList[ArrayList::ArrayList()].JML normal_behavior operation contract.0 
24166      DEBUG main            d.u.i.k.p.i.IntermediateProofReplayer Proof replay took 175.3ms 
24168      DEBUG main            d.u.i.k.p.r.p.TestFile    ... success: reloaded. 
24170      INFO  main            d.u.i.k.p.r.p.TestFile    Now processing file /home/runner/work/key/key/key.core/../key.ui/examples/heap/list_ghost/ArrayList_enlarge.key 
24170      INFO  main            d.u.i.k.p.i.AbstractProblemLoader Loading environment from /home/runner/work/key/key/key.core/../key.ui/examples/heap/list_ghost/ArrayList_enlarge.key 
24170      DEBUG main            d.u.i.k.p.i.AbstractProblemLoader Environment load took 230ns 
24171      INFO  main            d.u.i.k.p.i.AbstractProblemLoader Creating init config 
26805      DEBUG main            d.u.i.k.p.i.AbstractProblemLoader Init config took 2.63s 
26853      INFO  main            d.u.i.k.p.i.AbstractProblemLoader Replaying proof ArrayList[ArrayList::enlarge()].JML normal_behavior operation contract.0 
26855      DEBUG main            d.u.i.k.p.i.IntermediateProofReplayer Proof replay took 5.5ns 
28762      INFO  main            d.u.i.k.p.r.p.TestFile    ... finished proof: closed. 
28938      INFO  main            d.u.i.k.p.i.AbstractProblemLoader Loading environment from /home/runner/work/key/key/key.core/../key.ui/examples/heap/list_ghost/ArrayList_enlarge.key.proof 
28938      DEBUG main            d.u.i.k.p.i.AbstractProblemLoader Environment load took 425.2ns 
28941      INFO  main            d.u.i.k.p.i.AbstractProblemLoader Creating init config 
31578      DEBUG main            d.u.i.k.p.i.AbstractProblemLoader Init config took 2.64s 
31628      INFO  main            d.u.i.k.p.i.AbstractProblemLoader Replaying proof ArrayList[ArrayList::enlarge()].JML normal_behavior operation contract.0 
32045      DEBUG main            d.u.i.k.p.i.IntermediateProofReplayer Proof replay took 406.03ms 
32046      DEBUG main            d.u.i.k.p.r.p.TestFile    ... success: reloaded. 
32048      INFO  main            d.u.i.k.p.r.p.TestFile    Now processing file /home/runner/work/key/key/key.core/../key.ui/examples/heap/list_ghost/ArrayList_get_dep.key 
32048      INFO  main            d.u.i.k.p.i.AbstractProblemLoader Loading environment from /home/runner/work/key/key/key.core/../key.ui/examples/heap/list_ghost/ArrayList_get_dep.key 
32048      DEBUG main            d.u.i.k.p.i.AbstractProblemLoader Environment load took 219.1ns 
32049      INFO  main            d.u.i.k.p.i.AbstractProblemLoader Creating init config 
34681      DEBUG main            d.u.i.k.p.i.AbstractProblemLoader Init config took 2.63s 
34727      INFO  main            d.u.i.k.p.i.AbstractProblemLoader Replaying proof ArrayList[List::get(int)].JML accessible clause.0 
34729      DEBUG main            d.u.i.k.p.i.IntermediateProofReplayer Proof replay took 4.9ns 
35045      INFO  main            d.u.i.k.p.r.p.TestFile    ... finished proof: closed. 
35188      INFO  main            d.u.i.k.p.i.AbstractProblemLoader Loading environment from /home/runner/work/key/key/key.core/../key.ui/examples/heap/list_ghost/ArrayList_get_dep.key.proof 
35188      DEBUG main            d.u.i.k.p.i.AbstractProblemLoader Environment load took 111.3ns 
35190      INFO  main            d.u.i.k.p.i.AbstractProblemLoader Creating init config 
37741      DEBUG main            d.u.i.k.p.i.AbstractProblemLoader Init config took 2.55s 
37792      INFO  main            d.u.i.k.p.i.AbstractProblemLoader Replaying proof ArrayList[List::get(int)].JML accessible clause.0 
37852      DEBUG main            d.u.i.k.p.i.IntermediateProofReplayer Proof replay took 56.37ms 
37853      DEBUG main            d.u.i.k.p.r.p.TestFile    ... success: reloaded. 
37855      INFO  main            d.u.i.k.p.r.p.TestFile    Now processing file /home/runner/work/key/key/key.core/../key.ui/examples/heap/list_ghost/ArrayList_get_exceptional.key 
37855      INFO  main            d.u.i.k.p.i.AbstractProblemLoader Loading environment from /home/runner/work/key/key/key.core/../key.ui/examples/heap/list_ghost/ArrayList_get_exceptional.key 
37855      DEBUG main            d.u.i.k.p.i.AbstractProblemLoader Environment load took 209.2ns 
37856      INFO  main            d.u.i.k.p.i.AbstractProblemLoader Creating init config 
40428      DEBUG main            d.u.i.k.p.i.AbstractProblemLoader Init config took 2.57s 
40472      INFO  main            d.u.i.k.p.i.AbstractProblemLoader Replaying proof ArrayList[List::get(int)].JML exceptional_behavior operation contract.0 
40473      DEBUG main            d.u.i.k.p.i.IntermediateProofReplayer Proof replay took 5.2ns 
41188      INFO  main            d.u.i.k.p.r.p.TestFile    ... finished proof: closed. 
41331      INFO  main            d.u.i.k.p.i.AbstractProblemLoader Loading environment from /home/runner/work/key/key/key.core/../key.ui/examples/heap/list_ghost/ArrayList_get_exceptional.key.proof 
41335      DEBUG main            d.u.i.k.p.i.AbstractProblemLoader Environment load took 3.86ms 
41336      INFO  main            d.u.i.k.p.i.AbstractProblemLoader Creating init config 
43900      DEBUG main            d.u.i.k.p.i.AbstractProblemLoader Init config took 2.56s 
43943      INFO  main            d.u.i.k.p.i.AbstractProblemLoader Replaying proof ArrayList[List::get(int)].JML exceptional_behavior operation contract.0 
44088      DEBUG main            d.u.i.k.p.i.IntermediateProofReplayer Proof replay took 138.76ms 
44089      DEBUG main            d.u.i.k.p.r.p.TestFile    ... success: reloaded. 
44090      INFO  main            d.u.i.k.p.r.p.TestFile    Now processing file /home/runner/work/key/key/key.core/../key.ui/examples/heap/list_ghost/ArrayList_get_normal.key 
44090      INFO  main            d.u.i.k.p.i.AbstractProblemLoader Loading environment from /home/runner/work/key/key/key.core/../key.ui/examples/heap/list_ghost/ArrayList_get_normal.key 
44091      DEBUG main            d.u.i.k.p.i.AbstractProblemLoader Environment load took 230.8ns 
44092      INFO  main            d.u.i.k.p.i.AbstractProblemLoader Creating init config 
46640      DEBUG main            d.u.i.k.p.i.AbstractProblemLoader Init config took 2.55s 
46682      INFO  main            d.u.i.k.p.i.AbstractProblemLoader Replaying proof ArrayList[List::get(int)].JML normal_behavior operation contract.0 
46684      DEBUG main            d.u.i.k.p.i.IntermediateProofReplayer Proof replay took 13.1ns 
46987      INFO  main            d.u.i.k.p.r.p.TestFile    ... finished proof: closed. 
47195      INFO  main            d.u.i.k.p.i.AbstractProblemLoader Loading environment from /home/runner/work/key/key/key.core/../key.ui/examples/heap/list_ghost/ArrayList_get_normal.key.proof 
47195      DEBUG main            d.u.i.k.p.i.AbstractProblemLoader Environment load took 111.3ns 
47196      INFO  main            d.u.i.k.p.i.AbstractProblemLoader Creating init config 
49739      DEBUG main            d.u.i.k.p.i.AbstractProblemLoader Init config took 2.54s 
49781      INFO  main            d.u.i.k.p.i.AbstractProblemLoader Replaying proof ArrayList[List::get(int)].JML normal_behavior operation contract.0 
49829      DEBUG main            d.u.i.k.p.i.IntermediateProofReplayer Proof replay took 44.91ms 
49829      DEBUG main            d.u.i.k.p.r.p.TestFile    ... success: reloaded. 
49830      INFO  main            d.u.i.k.p.r.p.TestFile    Now processing file /home/runner/work/key/key/key.core/../key.ui/examples/heap/list_ghost/ArrayList_inv.key 
49831      INFO  main            d.u.i.k.p.i.AbstractProblemLoader Loading environment from /home/runner/work/key/key/key.core/../key.ui/examples/heap/list_ghost/ArrayList_inv.key 
49831      DEBUG main            d.u.i.k.p.i.AbstractProblemLoader Environment load took 94.2ns 
49832      INFO  main            d.u.i.k.p.i.AbstractProblemLoader Creating init config 
52349      DEBUG main            d.u.i.k.p.i.AbstractProblemLoader Init config took 2.52s 
52390      INFO  main            d.u.i.k.p.i.AbstractProblemLoader Replaying proof ArrayList[java.lang.Object::<inv>()].JML accessible clause.0 
52392      DEBUG main            d.u.i.k.p.i.IntermediateProofReplayer Proof replay took 5.3ns 
52494      INFO  main            d.u.i.k.p.r.p.TestFile    ... finished proof: closed. 
52649      INFO  main            d.u.i.k.p.i.AbstractProblemLoader Loading environment from /home/runner/work/key/key/key.core/../key.ui/examples/heap/list_ghost/ArrayList_inv.key.proof 
52649      DEBUG main            d.u.i.k.p.i.AbstractProblemLoader Environment load took 107.1ns 
52651      INFO  main            d.u.i.k.p.i.AbstractProblemLoader Creating init config 
55157      DEBUG main            d.u.i.k.p.i.AbstractProblemLoader Init config took 2.51s 
55195      INFO  main            d.u.i.k.p.i.AbstractProblemLoader Replaying proof ArrayList[java.lang.Object::<inv>()].JML accessible clause.0 
55206      DEBUG main            d.u.i.k.p.i.IntermediateProofReplayer Proof replay took 8.94ms 
55207      DEBUG main            d.u.i.k.p.r.p.TestFile    ... success: reloaded. 
55208      INFO  main            d.u.i.k.p.r.p.TestFile    Now processing file /home/runner/work/key/key/key.core/../key.ui/examples/heap/list_ghost/ArrayList_size_dep.key 
55208      INFO  main            d.u.i.k.p.i.AbstractProblemLoader Loading environment from /home/runner/work/key/key/key.core/../key.ui/examples/heap/list_ghost/ArrayList_size_dep.key 
55208      DEBUG main            d.u.i.k.p.i.AbstractProblemLoader Environment load took 129.3ns 
55209      INFO  main            d.u.i.k.p.i.AbstractProblemLoader Creating init config 
57735      DEBUG main            d.u.i.k.p.i.AbstractProblemLoader Init config took 2.53s 
57783      INFO  main            d.u.i.k.p.i.AbstractProblemLoader Replaying proof ArrayList[List::size()].JML accessible clause.0 
57784      DEBUG main            d.u.i.k.p.i.IntermediateProofReplayer Proof replay took 5.1ns 
57887      INFO  main            d.u.i.k.p.r.p.TestFile    ... finished proof: closed. 
58042      INFO  main            d.u.i.k.p.i.AbstractProblemLoader Loading environment from /home/runner/work/key/key/key.core/../key.ui/examples/heap/list_ghost/ArrayList_size_dep.key.proof 
58042      DEBUG main            d.u.i.k.p.i.AbstractProblemLoader Environment load took 116.7ns 
58043      INFO  main            d.u.i.k.p.i.AbstractProblemLoader Creating init config 
60547      DEBUG main            d.u.i.k.p.i.AbstractProblemLoader Init config took 2.5s 
60591      INFO  main            d.u.i.k.p.i.AbstractProblemLoader Replaying proof ArrayList[List::size()].JML accessible clause.0 
60604      DEBUG main            d.u.i.k.p.i.IntermediateProofReplayer Proof replay took 11.25ms 
60605      DEBUG main            d.u.i.k.p.r.p.TestFile    ... success: reloaded. 
60606      INFO  main            d.u.i.k.p.r.p.TestFile    Now processing file /home/runner/work/key/key/key.core/../key.ui/examples/heap/list_ghost/ArrayList_size.key 
60606      INFO  main            d.u.i.k.p.i.AbstractProblemLoader Loading environment from /home/runner/work/key/key/key.core/../key.ui/examples/heap/list_ghost/ArrayList_size.key 
60606      DEBUG main            d.u.i.k.p.i.AbstractProblemLoader Environment load took 72.1ns 
60607      INFO  main            d.u.i.k.p.i.AbstractProblemLoader Creating init config 
63132      DEBUG main            d.u.i.k.p.i.AbstractProblemLoader Init config took 2.53s 
63168      INFO  main            d.u.i.k.p.i.AbstractProblemLoader Replaying proof ArrayList[List::size()].JML normal_behavior operation contract.0 
63170      DEBUG main            d.u.i.k.p.i.IntermediateProofReplayer Proof replay took 5.4ns 
63274      INFO  main            d.u.i.k.p.r.p.TestFile    ... finished proof: closed. 
63442      INFO  main            d.u.i.k.p.i.AbstractProblemLoader Loading environment from /home/runner/work/key/key/key.core/../key.ui/examples/heap/list_ghost/ArrayList_size.key.proof 
63443      DEBUG main            d.u.i.k.p.i.AbstractProblemLoader Environment load took 111.5ns 
63443      INFO  main            d.u.i.k.p.i.AbstractProblemLoader Creating init config 
65925      DEBUG main            d.u.i.k.p.i.AbstractProblemLoader Init config took 2.48s 
65963      INFO  main            d.u.i.k.p.i.AbstractProblemLoader Replaying proof ArrayList[List::size()].JML normal_behavior operation contract.0 
65979      DEBUG main            d.u.i.k.p.i.IntermediateProofReplayer Proof replay took 12.48ms 
65980      DEBUG main            d.u.i.k.p.r.p.TestFile    ... success: reloaded. 
1134366    INFO  Test worker     d.u.i.k.p.r.RunAllProofsTestUnit Returning from test list_ghost 
1134367    INFO  Test worker     d.u.i.k.p.r.RunAllProofsTestUnit Running test list_recursive 
324        INFO  Timeout watchdog d.u.i.k.p.r.p.ForkedTestFileRunner Timeout watcher launched (2000 secs.) 
332        WARN  main            d.u.i.k.s.ProofSettings   The settings in /home/runner/.key/proof-settings.props are *not* read. 
372        INFO  main            d.u.i.k.p.r.p.TestFile    Now processing file /home/runner/work/key/key/key.core/../key.ui/examples/heap/list_recursiveSpec/ListOperationsNonNull_getNextNN_normal_behavior.key 
471        INFO  main            d.u.i.k.p.i.AbstractProblemLoader Loading environment from /home/runner/work/key/key/key.core/../key.ui/examples/heap/list_recursiveSpec/ListOperationsNonNull_getNextNN_normal_behavior.key 
491        DEBUG main            d.u.i.k.p.i.AbstractProblemLoader Environment load took 1.99ms 
695        INFO  main            d.u.i.k.p.i.AbstractProblemLoader Creating init config 
1534       DEBUG main            d.u.i.k.j.TypeConverter   No LDT found for Meta 
1535       DEBUG main            d.u.i.k.j.TypeConverter   No LDT found for Meta 
1536       DEBUG main            d.u.i.k.j.TypeConverter   No LDT found for Meta 
1536       DEBUG main            d.u.i.k.j.TypeConverter   No LDT found for Meta 
3271       DEBUG main            d.u.i.k.j.TypeConverter   No LDT found for JavaBigintExpression 
8009       DEBUG main            d.u.i.k.p.i.AbstractProblemLoader Init config took 7.31s 
8149       INFO  main            d.u.i.k.p.i.AbstractProblemLoader Replaying proof ListOperationsNonNull[ListOperationsNonNull::getNextNN(ListNN,int)].JML normal_behavior operation contract.0 
8178       DEBUG main            d.u.i.k.p.i.IntermediateProofReplayer Proof replay took 30ns 
9563       INFO  main            d.u.i.k.p.r.p.TestFile    ... finished proof: closed. 
9684       INFO  main            d.u.i.k.p.i.AbstractProblemLoader Loading environment from /home/runner/work/key/key/key.core/../key.ui/examples/heap/list_recursiveSpec/ListOperationsNonNull_getNextNN_normal_behavior.key.proof 
9685       DEBUG main            d.u.i.k.p.i.AbstractProblemLoader Environment load took 145.2ns 
9686       INFO  main            d.u.i.k.p.i.AbstractProblemLoader Creating init config 
12563      DEBUG main            d.u.i.k.p.i.AbstractProblemLoader Init config took 2.88s 
12659      INFO  main            d.u.i.k.p.i.AbstractProblemLoader Replaying proof ListOperationsNonNull[ListOperationsNonNull::getNextNN(ListNN,int)].JML normal_behavior operation contract.0 
12893      DEBUG main            d.u.i.k.p.i.IntermediateProofReplayer Proof replay took 217.37ms 
12901      DEBUG main            d.u.i.k.p.r.p.TestFile    ... success: reloaded. 
12904      INFO  main            d.u.i.k.p.r.p.TestFile    Now processing file /home/runner/work/key/key/key.core/../key.ui/examples/heap/list_recursiveSpec/ListOperationsNonNull_setValueAt_normal_behavior.key 
12905      INFO  main            d.u.i.k.p.i.AbstractProblemLoader Loading environment from /home/runner/work/key/key/key.core/../key.ui/examples/heap/list_recursiveSpec/ListOperationsNonNull_setValueAt_normal_behavior.key 
12905      DEBUG main            d.u.i.k.p.i.AbstractProblemLoader Environment load took 249.5ns 
12909      INFO  main            d.u.i.k.p.i.AbstractProblemLoader Creating init config 
15625      DEBUG main            d.u.i.k.p.i.AbstractProblemLoader Init config took 2.72s 
15698      INFO  main            d.u.i.k.p.i.AbstractProblemLoader Replaying proof ListOperationsNonNull[ListOperationsNonNull::setValueAt_NN(ListNN,int,int)].JML normal_behavior operation contract.0 
15701      DEBUG main            d.u.i.k.p.i.IntermediateProofReplayer Proof replay took 5.9ns 
15729      DEBUG main            d.u.i.k.m.s.ProofScriptEngine 1: 'macro autopilot' 
18252      DEBUG main            d.u.i.k.m.s.ProofScriptEngine 2: 'macro simp-upd' 
18259      DEBUG main            d.u.i.k.m.s.ProofScriptEngine 3: 'rule observerDependencyEQ' 
18281      DEBUG main            d.u.i.k.m.s.ProofScriptEngine 4: 'tryclose' 
18313      INFO  main            d.u.i.k.p.r.p.TestFile    ... finished proof: closed. 
18491      INFO  main            d.u.i.k.p.i.AbstractProblemLoader Loading environment from /home/runner/work/key/key/key.core/../key.ui/examples/heap/list_recursiveSpec/ListOperationsNonNull_setValueAt_normal_behavior.key.proof 
18491      DEBUG main            d.u.i.k.p.i.AbstractProblemLoader Environment load took 452.6ns 
18493      INFO  main            d.u.i.k.p.i.AbstractProblemLoader Creating init config 
21068      DEBUG main            d.u.i.k.p.i.AbstractProblemLoader Init config took 2.58s 
21122      INFO  main            d.u.i.k.p.i.AbstractProblemLoader Replaying proof ListOperationsNonNull[ListOperationsNonNull::setValueAt_NN(ListNN,int,int)].JML normal_behavior operation contract.0 
21258      DEBUG main            d.u.i.k.p.i.IntermediateProofReplayer Proof replay took 129.82ms 
21260      DEBUG main            d.u.i.k.p.r.p.TestFile    ... success: reloaded. 
1155815    INFO  Test worker     d.u.i.k.p.r.RunAllProofsTestUnit Returning from test list_recursive 
1155816    INFO  Test worker     d.u.i.k.p.r.RunAllProofsTestUnit Running test list_seq 
371        INFO  Timeout watchdog d.u.i.k.p.r.p.ForkedTestFileRunner Timeout watcher launched (2000 secs.) 
380        WARN  main            d.u.i.k.s.ProofSettings   The settings in /home/runner/.key/proof-settings.props are *not* read. 
408        INFO  main            d.u.i.k.p.r.p.TestFile    Now processing file /home/runner/work/key/key/key.core/../key.ui/examples/heap/list_seq/SimplifiedLinkedList.remove.key 
510        INFO  main            d.u.i.k.p.i.AbstractProblemLoader Loading environment from /home/runner/work/key/key/key.core/../key.ui/examples/heap/list_seq/SimplifiedLinkedList.remove.key 
526        DEBUG main            d.u.i.k.p.i.AbstractProblemLoader Environment load took 2.06ms 
744        INFO  main            d.u.i.k.p.i.AbstractProblemLoader Creating init config 
1583       DEBUG main            d.u.i.k.j.TypeConverter   No LDT found for Meta 
1583       DEBUG main            d.u.i.k.j.TypeConverter   No LDT found for Meta 
1585       DEBUG main            d.u.i.k.j.TypeConverter   No LDT found for Meta 
1585       DEBUG main            d.u.i.k.j.TypeConverter   No LDT found for Meta 
3200       DEBUG main            d.u.i.k.j.TypeConverter   No LDT found for JavaBigintExpression 
8737       DEBUG main            d.u.i.k.p.i.AbstractProblemLoader Init config took 7.99s 
8911       INFO  main            d.u.i.k.p.i.AbstractProblemLoader Replaying proof SimplifiedLinkedList[SimplifiedLinkedList::remove(int)].JML normal_behavior operation contract.0 
8941       DEBUG main            d.u.i.k.p.i.IntermediateProofReplayer Proof replay took 31ns 
83773      INFO  main            d.u.i.k.p.r.p.TestFile    ... finished proof: closed. 
84172      INFO  main            d.u.i.k.p.i.AbstractProblemLoader Loading environment from /home/runner/work/key/key/key.core/../key.ui/examples/heap/list_seq/SimplifiedLinkedList.remove.key.proof 
84172      DEBUG main            d.u.i.k.p.i.AbstractProblemLoader Environment load took 519.2ns 
84189      INFO  main            d.u.i.k.p.i.AbstractProblemLoader Creating init config 
87335      DEBUG main            d.u.i.k.p.i.AbstractProblemLoader Init config took 3.15s 
87459      INFO  main            d.u.i.k.p.i.AbstractProblemLoader Replaying proof SimplifiedLinkedList[SimplifiedLinkedList::remove(int)].JML normal_behavior operation contract.0 
91454      DEBUG main            d.u.i.k.p.i.IntermediateProofReplayer Proof replay took 3.74s 
91470      DEBUG main            d.u.i.k.p.r.p.TestFile    ... success: reloaded. 
91472      INFO  main            d.u.i.k.p.r.p.TestFile    Now processing file /home/runner/work/key/key/key.core/../key.ui/examples/heap/list_seq/ArrayList.ArrayList.key 
91472      INFO  main            d.u.i.k.p.i.AbstractProblemLoader Loading environment from /home/runner/work/key/key/key.core/../key.ui/examples/heap/list_seq/ArrayList.ArrayList.key 
91473      DEBUG main            d.u.i.k.p.i.AbstractProblemLoader Environment load took 237.7ns 
91474      INFO  main            d.u.i.k.p.i.AbstractProblemLoader Creating init config 
94420      DEBUG main            d.u.i.k.p.i.AbstractProblemLoader Init config took 2.95s 
94507      INFO  main            d.u.i.k.p.i.AbstractProblemLoader Replaying proof ArrayList[ArrayList::ArrayList()].JML normal_behavior operation contract.0 
94509      DEBUG main            d.u.i.k.p.i.IntermediateProofReplayer Proof replay took 4.3ns 
95412      INFO  main            d.u.i.k.p.r.p.TestFile    ... finished proof: closed. 
95568      INFO  main            d.u.i.k.p.i.AbstractProblemLoader Loading environment from /home/runner/work/key/key/key.core/../key.ui/examples/heap/list_seq/ArrayList.ArrayList.key.proof 
95568      DEBUG main            d.u.i.k.p.i.AbstractProblemLoader Environment load took 429.1ns 
95569      INFO  main            d.u.i.k.p.i.AbstractProblemLoader Creating init config 
98516      DEBUG main            d.u.i.k.p.i.AbstractProblemLoader Init config took 2.95s 
98606      INFO  main            d.u.i.k.p.i.AbstractProblemLoader Replaying proof ArrayList[ArrayList::ArrayList()].JML normal_behavior operation contract.0 
98733      DEBUG main            d.u.i.k.p.i.IntermediateProofReplayer Proof replay took 121.44ms 
98734      DEBUG main            d.u.i.k.p.r.p.TestFile    ... success: reloaded. 
98735      INFO  main            d.u.i.k.p.r.p.TestFile    Now processing file /home/runner/work/key/key/key.core/../key.ui/examples/heap/list_seq/ArrayList.add.key 
98736      INFO  main            d.u.i.k.p.i.AbstractProblemLoader Loading environment from /home/runner/work/key/key/key.core/../key.ui/examples/heap/list_seq/ArrayList.add.key 
98736      DEBUG main            d.u.i.k.p.i.AbstractProblemLoader Environment load took 236.6ns 
98737      INFO  main            d.u.i.k.p.i.AbstractProblemLoader Creating init config 
101774     DEBUG main            d.u.i.k.p.i.AbstractProblemLoader Init config took 3.04s 
101856     INFO  main            d.u.i.k.p.i.AbstractProblemLoader Replaying proof ArrayList[List::add(java.lang.Object)].JML normal_behavior operation contract.0 
101858     DEBUG main            d.u.i.k.p.i.IntermediateProofReplayer Proof replay took 5.4ns 
104912     INFO  main            d.u.i.k.p.r.p.TestFile    ... finished proof: closed. 
105078     INFO  main            d.u.i.k.p.i.AbstractProblemLoader Loading environment from /home/runner/work/key/key/key.core/../key.ui/examples/heap/list_seq/ArrayList.add.key.proof 
105078     DEBUG main            d.u.i.k.p.i.AbstractProblemLoader Environment load took 115.5ns 
105079     INFO  main            d.u.i.k.p.i.AbstractProblemLoader Creating init config 
107963     DEBUG main            d.u.i.k.p.i.AbstractProblemLoader Init config took 2.88s 
108040     INFO  main            d.u.i.k.p.i.AbstractProblemLoader Replaying proof ArrayList[List::add(java.lang.Object)].JML normal_behavior operation contract.0 
108434     DEBUG main            d.u.i.k.p.i.IntermediateProofReplayer Proof replay took 380.5ms 
108436     DEBUG main            d.u.i.k.p.r.p.TestFile    ... success: reloaded. 
108437     INFO  main            d.u.i.k.p.r.p.TestFile    Now processing file /home/runner/work/key/key/key.core/../key.ui/examples/heap/list_seq/ArrayList.contains.key 
108437     INFO  main            d.u.i.k.p.i.AbstractProblemLoader Loading environment from /home/runner/work/key/key/key.core/../key.ui/examples/heap/list_seq/ArrayList.contains.key 
108437     DEBUG main            d.u.i.k.p.i.AbstractProblemLoader Environment load took 212.5ns 
108438     INFO  main            d.u.i.k.p.i.AbstractProblemLoader Creating init config 
111372     DEBUG main            d.u.i.k.p.i.AbstractProblemLoader Init config took 2.93s 
111449     INFO  main            d.u.i.k.p.i.AbstractProblemLoader Replaying proof ArrayList[List::contains(java.lang.Object)].JML normal_behavior operation contract.0 
111450     DEBUG main            d.u.i.k.p.i.IntermediateProofReplayer Proof replay took 5.3ns 
112881     INFO  main            d.u.i.k.p.r.p.TestFile    ... finished proof: closed. 
113046     INFO  main            d.u.i.k.p.i.AbstractProblemLoader Loading environment from /home/runner/work/key/key/key.core/../key.ui/examples/heap/list_seq/ArrayList.contains.key.proof 
113046     DEBUG main            d.u.i.k.p.i.AbstractProblemLoader Environment load took 413.6ns 
113047     INFO  main            d.u.i.k.p.i.AbstractProblemLoader Creating init config 
115876     DEBUG main            d.u.i.k.p.i.AbstractProblemLoader Init config took 2.83s 
115951     INFO  main            d.u.i.k.p.i.AbstractProblemLoader Replaying proof ArrayList[List::contains(java.lang.Object)].JML normal_behavior operation contract.0 
116192     DEBUG main            d.u.i.k.p.i.IntermediateProofReplayer Proof replay took 236.13ms 
116194     DEBUG main            d.u.i.k.p.r.p.TestFile    ... success: reloaded. 
116195     INFO  main            d.u.i.k.p.r.p.TestFile    Now processing file /home/runner/work/key/key/key.core/../key.ui/examples/heap/list_seq/ArrayList.enlarge.key 
116195     INFO  main            d.u.i.k.p.i.AbstractProblemLoader Loading environment from /home/runner/work/key/key/key.core/../key.ui/examples/heap/list_seq/ArrayList.enlarge.key 
116195     DEBUG main            d.u.i.k.p.i.AbstractProblemLoader Environment load took 228ns 
116196     INFO  main            d.u.i.k.p.i.AbstractProblemLoader Creating init config 
119130     DEBUG main            d.u.i.k.p.i.AbstractProblemLoader Init config took 2.93s 
119225     INFO  main            d.u.i.k.p.i.AbstractProblemLoader Replaying proof ArrayList[ArrayList::enlarge()].JML normal_behavior operation contract.0 
119226     DEBUG main            d.u.i.k.p.i.IntermediateProofReplayer Proof replay took 5ns 
121159     INFO  main            d.u.i.k.p.r.p.TestFile    ... finished proof: closed. 
121328     INFO  main            d.u.i.k.p.i.AbstractProblemLoader Loading environment from /home/runner/work/key/key/key.core/../key.ui/examples/heap/list_seq/ArrayList.enlarge.key.proof 
121329     DEBUG main            d.u.i.k.p.i.AbstractProblemLoader Environment load took 430.4ns 
121332     INFO  main            d.u.i.k.p.i.AbstractProblemLoader Creating init config 
124148     DEBUG main            d.u.i.k.p.i.AbstractProblemLoader Init config took 2.82s 
124221     INFO  main            d.u.i.k.p.i.AbstractProblemLoader Replaying proof ArrayList[ArrayList::enlarge()].JML normal_behavior operation contract.0 
124541     DEBUG main            d.u.i.k.p.i.IntermediateProofReplayer Proof replay took 313.51ms 
124543     DEBUG main            d.u.i.k.p.r.p.TestFile    ... success: reloaded. 
124544     INFO  main            d.u.i.k.p.r.p.TestFile    Now processing file /home/runner/work/key/key/key.core/../key.ui/examples/heap/list_seq/ArrayList.get.key 
124544     INFO  main            d.u.i.k.p.i.AbstractProblemLoader Loading environment from /home/runner/work/key/key/key.core/../key.ui/examples/heap/list_seq/ArrayList.get.key 
124544     DEBUG main            d.u.i.k.p.i.AbstractProblemLoader Environment load took 96.6ns 
124545     INFO  main            d.u.i.k.p.i.AbstractProblemLoader Creating init config 
127417     DEBUG main            d.u.i.k.p.i.AbstractProblemLoader Init config took 2.87s 
127489     INFO  main            d.u.i.k.p.i.AbstractProblemLoader Replaying proof ArrayList[List::get(int)].JML normal_behavior operation contract.0 
127490     DEBUG main            d.u.i.k.p.i.IntermediateProofReplayer Proof replay took 4.8ns 
127993     INFO  main            d.u.i.k.p.r.p.TestFile    ... finished proof: closed. 
128176     INFO  main            d.u.i.k.p.i.AbstractProblemLoader Loading environment from /home/runner/work/key/key/key.core/../key.ui/examples/heap/list_seq/ArrayList.get.key.proof 
128177     DEBUG main            d.u.i.k.p.i.AbstractProblemLoader Environment load took 190.2ns 
128178     INFO  main            d.u.i.k.p.i.AbstractProblemLoader Creating init config 
131008     DEBUG main            d.u.i.k.p.i.AbstractProblemLoader Init config took 2.83s 
131079     INFO  main            d.u.i.k.p.i.AbstractProblemLoader Replaying proof ArrayList[List::get(int)].JML normal_behavior operation contract.0 
131153     DEBUG main            d.u.i.k.p.i.IntermediateProofReplayer Proof replay took 70.39ms 
131153     DEBUG main            d.u.i.k.p.r.p.TestFile    ... success: reloaded. 
131154     INFO  main            d.u.i.k.p.r.p.TestFile    Now processing file /home/runner/work/key/key/key.core/../key.ui/examples/heap/list_seq/ArrayList.newArray.key 
131154     INFO  main            d.u.i.k.p.i.AbstractProblemLoader Loading environment from /home/runner/work/key/key/key.core/../key.ui/examples/heap/list_seq/ArrayList.newArray.key 
131155     DEBUG main            d.u.i.k.p.i.AbstractProblemLoader Environment load took 94.2ns 
131155     INFO  main            d.u.i.k.p.i.AbstractProblemLoader Creating init config 
134047     DEBUG main            d.u.i.k.p.i.AbstractProblemLoader Init config took 2.89s 
134118     INFO  main            d.u.i.k.p.i.AbstractProblemLoader Replaying proof ArrayList[ArrayList::newArray(int)].JML normal_behavior operation contract.0 
134120     DEBUG main            d.u.i.k.p.i.IntermediateProofReplayer Proof replay took 4.7ns 
134425     INFO  main            d.u.i.k.p.r.p.TestFile    ... finished proof: closed. 
134603     INFO  main            d.u.i.k.p.i.AbstractProblemLoader Loading environment from /home/runner/work/key/key/key.core/../key.ui/examples/heap/list_seq/ArrayList.newArray.key.proof 
134603     DEBUG main            d.u.i.k.p.i.AbstractProblemLoader Environment load took 117.4ns 
134604     INFO  main            d.u.i.k.p.i.AbstractProblemLoader Creating init config 
137405     DEBUG main            d.u.i.k.p.i.AbstractProblemLoader Init config took 2.8s 
137478     INFO  main            d.u.i.k.p.i.AbstractProblemLoader Replaying proof ArrayList[ArrayList::newArray(int)].JML normal_behavior operation contract.0 
137526     DEBUG main            d.u.i.k.p.i.IntermediateProofReplayer Proof replay took 45.62ms 
137528     DEBUG main            d.u.i.k.p.r.p.TestFile    ... success: reloaded. 
137529     INFO  main            d.u.i.k.p.r.p.TestFile    Now processing file /home/runner/work/key/key/key.core/../key.ui/examples/heap/list_seq/ArrayList.remove.0.key 
137529     INFO  main            d.u.i.k.p.i.AbstractProblemLoader Loading environment from /home/runner/work/key/key/key.core/../key.ui/examples/heap/list_seq/ArrayList.remove.0.key 
137529     DEBUG main            d.u.i.k.p.i.AbstractProblemLoader Environment load took 223.6ns 
137530     INFO  main            d.u.i.k.p.i.AbstractProblemLoader Creating init config 
140388     DEBUG main            d.u.i.k.p.i.AbstractProblemLoader Init config took 2.86s 
140479     INFO  main            d.u.i.k.p.i.AbstractProblemLoader Replaying proof ArrayList[List::remove(java.lang.Object)].JML normal_behavior operation contract.0 
140481     DEBUG main            d.u.i.k.p.i.IntermediateProofReplayer Proof replay took 4.9ns 
142297     INFO  main            d.u.i.k.p.r.p.TestFile    ... finished proof: closed. 
142497     INFO  main            d.u.i.k.p.i.AbstractProblemLoader Loading environment from /home/runner/work/key/key/key.core/../key.ui/examples/heap/list_seq/ArrayList.remove.0.key.proof 
142497     DEBUG main            d.u.i.k.p.i.AbstractProblemLoader Environment load took 430.5ns 
142499     INFO  main            d.u.i.k.p.i.AbstractProblemLoader Creating init config 
145308     DEBUG main            d.u.i.k.p.i.AbstractProblemLoader Init config took 2.81s 
145388     INFO  main            d.u.i.k.p.i.AbstractProblemLoader Replaying proof ArrayList[List::remove(java.lang.Object)].JML normal_behavior operation contract.0 
145856     DEBUG main            d.u.i.k.p.i.IntermediateProofReplayer Proof replay took 461.57ms 
145857     DEBUG main            d.u.i.k.p.r.p.TestFile    ... success: reloaded. 
145858     INFO  main            d.u.i.k.p.r.p.TestFile    Now processing file /home/runner/work/key/key/key.core/../key.ui/examples/heap/list_seq/ArrayList.remove.1.key 
145858     INFO  main            d.u.i.k.p.i.AbstractProblemLoader Loading environment from /home/runner/work/key/key/key.core/../key.ui/examples/heap/list_seq/ArrayList.remove.1.key 
145858     DEBUG main            d.u.i.k.p.i.AbstractProblemLoader Environment load took 77.4ns 
145859     INFO  main            d.u.i.k.p.i.AbstractProblemLoader Creating init config 
148718     DEBUG main            d.u.i.k.p.i.AbstractProblemLoader Init config took 2.86s 
148788     INFO  main            d.u.i.k.p.i.AbstractProblemLoader Replaying proof ArrayList[List::remove(java.lang.Object)].JML normal_behavior operation contract.1 
148790     DEBUG main            d.u.i.k.p.i.IntermediateProofReplayer Proof replay took 5.3ns 
159308     INFO  main            d.u.i.k.p.r.p.TestFile    ... finished proof: closed. 
159558     INFO  main            d.u.i.k.p.i.AbstractProblemLoader Loading environment from /home/runner/work/key/key/key.core/../key.ui/examples/heap/list_seq/ArrayList.remove.1.key.proof 
159558     DEBUG main            d.u.i.k.p.i.AbstractProblemLoader Environment load took 190.7ns 
159560     INFO  main            d.u.i.k.p.i.AbstractProblemLoader Creating init config 
162340     DEBUG main            d.u.i.k.p.i.AbstractProblemLoader Init config took 2.78s 
162412     INFO  main            d.u.i.k.p.i.AbstractProblemLoader Replaying proof ArrayList[List::remove(java.lang.Object)].JML normal_behavior operation contract.1 
163777     DEBUG main            d.u.i.k.p.i.IntermediateProofReplayer Proof replay took 1.34s 
163779     DEBUG main            d.u.i.k.p.r.p.TestFile    ... success: reloaded. 
1319754    INFO  Test worker     d.u.i.k.p.r.RunAllProofsTestUnit Returning from test list_seq 
1319756    INFO  Test worker     d.u.i.k.p.r.RunAllProofsTestUnit Running test observer 
371        INFO  Timeout watchdog d.u.i.k.p.r.p.ForkedTestFileRunner Timeout watcher launched (2000 secs.) 
375        WARN  main            d.u.i.k.s.ProofSettings   The settings in /home/runner/.key/proof-settings.props are *not* read. 
403        INFO  main            d.u.i.k.p.r.p.TestFile    Now processing file /home/runner/work/key/key/key.core/../key.ui/examples/heap/observer/ExampleObserver_ExampleObserver.key 
506        INFO  main            d.u.i.k.p.i.AbstractProblemLoader Loading environment from /home/runner/work/key/key/key.core/../key.ui/examples/heap/observer/ExampleObserver_ExampleObserver.key 
526        DEBUG main            d.u.i.k.p.i.AbstractProblemLoader Environment load took 2.13ms 
741        INFO  main            d.u.i.k.p.i.AbstractProblemLoader Creating init config 
1634       DEBUG main            d.u.i.k.j.TypeConverter   No LDT found for Meta 
1635       DEBUG main            d.u.i.k.j.TypeConverter   No LDT found for Meta 
1636       DEBUG main            d.u.i.k.j.TypeConverter   No LDT found for Meta 
1637       DEBUG main            d.u.i.k.j.TypeConverter   No LDT found for Meta 
2876       DEBUG main            d.u.i.k.j.TypeConverter   No LDT found for JavaBigintExpression 
8058       DEBUG main            d.u.i.k.p.i.AbstractProblemLoader Init config took 7.32s 
8192       INFO  main            d.u.i.k.p.i.AbstractProblemLoader Replaying proof ExampleObserver[ExampleObserver::ExampleObserver(ExampleSubject)].JML normal_behavior operation contract.0 
8221       DEBUG main            d.u.i.k.p.i.IntermediateProofReplayer Proof replay took 30ns 
9145       INFO  main            d.u.i.k.p.r.p.TestFile    ... finished proof: closed. 
9252       INFO  main            d.u.i.k.p.i.AbstractProblemLoader Loading environment from /home/runner/work/key/key/key.core/../key.ui/examples/heap/observer/ExampleObserver_ExampleObserver.key.proof 
9253       DEBUG main            d.u.i.k.p.i.AbstractProblemLoader Environment load took 453.2ns 
9255       INFO  main            d.u.i.k.p.i.AbstractProblemLoader Creating init config 
12262      DEBUG main            d.u.i.k.p.i.AbstractProblemLoader Init config took 3.01s 
12346      INFO  main            d.u.i.k.p.i.AbstractProblemLoader Replaying proof ExampleObserver[ExampleObserver::ExampleObserver(ExampleSubject)].JML normal_behavior operation contract.0 
12454      DEBUG main            d.u.i.k.p.i.IntermediateProofReplayer Proof replay took 100.66ms 
12461      DEBUG main            d.u.i.k.p.r.p.TestFile    ... success: reloaded. 
12463      INFO  main            d.u.i.k.p.r.p.TestFile    Now processing file /home/runner/work/key/key/key.core/../key.ui/examples/heap/observer/ExampleObserver_inv.key 
12463      INFO  main            d.u.i.k.p.i.AbstractProblemLoader Loading environment from /home/runner/work/key/key/key.core/../key.ui/examples/heap/observer/ExampleObserver_inv.key 
12463      DEBUG main            d.u.i.k.p.i.AbstractProblemLoader Environment load took 238.7ns 
12465      INFO  main            d.u.i.k.p.i.AbstractProblemLoader Creating init config 
15307      DEBUG main            d.u.i.k.p.i.AbstractProblemLoader Init config took 2.84s 
15367      INFO  main            d.u.i.k.p.i.AbstractProblemLoader Replaying proof ExampleObserver[java.lang.Object::<inv>()].JML accessible clause.0 
15369      DEBUG main            d.u.i.k.p.i.IntermediateProofReplayer Proof replay took 5.6ns 
15472      INFO  main            d.u.i.k.p.r.p.TestFile    ... finished proof: closed. 
15603      INFO  main            d.u.i.k.p.i.AbstractProblemLoader Loading environment from /home/runner/work/key/key/key.core/../key.ui/examples/heap/observer/ExampleObserver_inv.key.proof 
15604      DEBUG main            d.u.i.k.p.i.AbstractProblemLoader Environment load took 125.3ns 
15606      INFO  main            d.u.i.k.p.i.AbstractProblemLoader Creating init config 
18356      DEBUG main            d.u.i.k.p.i.AbstractProblemLoader Init config took 2.75s 
18408      INFO  main            d.u.i.k.p.i.AbstractProblemLoader Replaying proof ExampleObserver[java.lang.Object::<inv>()].JML accessible clause.0 
18425      DEBUG main            d.u.i.k.p.i.IntermediateProofReplayer Proof replay took 14.43ms 
18426      DEBUG main            d.u.i.k.p.r.p.TestFile    ... success: reloaded. 
18427      INFO  main            d.u.i.k.p.r.p.TestFile    Now processing file /home/runner/work/key/key/key.core/../key.ui/examples/heap/observer/ExampleObserver_subject.key 
18427      INFO  main            d.u.i.k.p.i.AbstractProblemLoader Loading environment from /home/runner/work/key/key/key.core/../key.ui/examples/heap/observer/ExampleObserver_subject.key 
18428      DEBUG main            d.u.i.k.p.i.AbstractProblemLoader Environment load took 225.7ns 
18429      INFO  main            d.u.i.k.p.i.AbstractProblemLoader Creating init config 
21182      DEBUG main            d.u.i.k.p.i.AbstractProblemLoader Init config took 2.75s 
21229      INFO  main            d.u.i.k.p.i.AbstractProblemLoader Replaying proof Observer[Observer::$subject()].JML accessible clause.0 
21231      DEBUG main            d.u.i.k.p.i.IntermediateProofReplayer Proof replay took 13.5ns 
21333      INFO  main            d.u.i.k.p.r.p.TestFile    ... finished proof: closed. 
21463      INFO  main            d.u.i.k.p.i.AbstractProblemLoader Loading environment from /home/runner/work/key/key/key.core/../key.ui/examples/heap/observer/ExampleObserver_subject.key.proof 
21463      DEBUG main            d.u.i.k.p.i.AbstractProblemLoader Environment load took 117.6ns 
21465      INFO  main            d.u.i.k.p.i.AbstractProblemLoader Creating init config 
24190      DEBUG main            d.u.i.k.p.i.AbstractProblemLoader Init config took 2.73s 
24236      INFO  main            d.u.i.k.p.i.AbstractProblemLoader Replaying proof Observer[Observer::$subject()].JML accessible clause.0 
24240      DEBUG main            d.u.i.k.p.i.IntermediateProofReplayer Proof replay took 1.94ms 
24241      DEBUG main            d.u.i.k.p.r.p.TestFile    ... success: reloaded. 
24242      INFO  main            d.u.i.k.p.r.p.TestFile    Now processing file /home/runner/work/key/key/key.core/../key.ui/examples/heap/observer/ExampleObserver_update.key 
24243      INFO  main            d.u.i.k.p.i.AbstractProblemLoader Loading environment from /home/runner/work/key/key/key.core/../key.ui/examples/heap/observer/ExampleObserver_update.key 
24243      DEBUG main            d.u.i.k.p.i.AbstractProblemLoader Environment load took 214.2ns 
24244      INFO  main            d.u.i.k.p.i.AbstractProblemLoader Creating init config 
26969      DEBUG main            d.u.i.k.p.i.AbstractProblemLoader Init config took 2.72s 
27015      INFO  main            d.u.i.k.p.i.AbstractProblemLoader Replaying proof ExampleObserver[Observer::update()].JML normal_behavior operation contract.0 
27017      DEBUG main            d.u.i.k.p.i.IntermediateProofReplayer Proof replay took 5.8ns 
27321      INFO  main            d.u.i.k.p.r.p.TestFile    ... finished proof: closed. 
27467      INFO  main            d.u.i.k.p.i.AbstractProblemLoader Loading environment from /home/runner/work/key/key/key.core/../key.ui/examples/heap/observer/ExampleObserver_update.key.proof 
27467      DEBUG main            d.u.i.k.p.i.AbstractProblemLoader Environment load took 124.4ns 
27468      INFO  main            d.u.i.k.p.i.AbstractProblemLoader Creating init config 
30175      DEBUG main            d.u.i.k.p.i.AbstractProblemLoader Init config took 2.71s 
30221      INFO  main            d.u.i.k.p.i.AbstractProblemLoader Replaying proof ExampleObserver[Observer::update()].JML normal_behavior operation contract.0 
30283      DEBUG main            d.u.i.k.p.i.IntermediateProofReplayer Proof replay took 58.42ms 
30284      DEBUG main            d.u.i.k.p.r.p.TestFile    ... success: reloaded. 
30285      INFO  main            d.u.i.k.p.r.p.TestFile    Now processing file /home/runner/work/key/key/key.core/../key.ui/examples/heap/observer/ExampleObserver_upToDate.key 
30286      INFO  main            d.u.i.k.p.i.AbstractProblemLoader Loading environment from /home/runner/work/key/key/key.core/../key.ui/examples/heap/observer/ExampleObserver_upToDate.key 
30286      DEBUG main            d.u.i.k.p.i.AbstractProblemLoader Environment load took 234.9ns 
30287      INFO  main            d.u.i.k.p.i.AbstractProblemLoader Creating init config 
33013      DEBUG main            d.u.i.k.p.i.AbstractProblemLoader Init config took 2.73s 
33058      INFO  main            d.u.i.k.p.i.AbstractProblemLoader Replaying proof ExampleObserver[Observer::$upToDate()].JML accessible clause.0 
33060      DEBUG main            d.u.i.k.p.i.IntermediateProofReplayer Proof replay took 5.2ns 
33164      INFO  main            d.u.i.k.p.r.p.TestFile    ... finished proof: closed. 
33401      INFO  main            d.u.i.k.p.i.AbstractProblemLoader Loading environment from /home/runner/work/key/key/key.core/../key.ui/examples/heap/observer/ExampleObserver_upToDate.key.proof 
33401      DEBUG main            d.u.i.k.p.i.AbstractProblemLoader Environment load took 197.9ns 
33402      INFO  main            d.u.i.k.p.i.AbstractProblemLoader Creating init config 
36093      DEBUG main            d.u.i.k.p.i.AbstractProblemLoader Init config took 2.69s 
36140      INFO  main            d.u.i.k.p.i.AbstractProblemLoader Replaying proof ExampleObserver[Observer::$upToDate()].JML accessible clause.0 
36160      DEBUG main            d.u.i.k.p.i.IntermediateProofReplayer Proof replay took 17.64ms 
36161      DEBUG main            d.u.i.k.p.r.p.TestFile    ... success: reloaded. 
36162      INFO  main            d.u.i.k.p.r.p.TestFile    Now processing file /home/runner/work/key/key/key.core/../key.ui/examples/heap/observer/ExampleObserver_value.key 
36162      INFO  main            d.u.i.k.p.i.AbstractProblemLoader Loading environment from /home/runner/work/key/key/key.core/../key.ui/examples/heap/observer/ExampleObserver_value.key 
36163      DEBUG main            d.u.i.k.p.i.AbstractProblemLoader Environment load took 108.7ns 
36163      INFO  main            d.u.i.k.p.i.AbstractProblemLoader Creating init config 
38847      DEBUG main            d.u.i.k.p.i.AbstractProblemLoader Init config took 2.68s 
38891      INFO  main            d.u.i.k.p.i.AbstractProblemLoader Replaying proof ExampleObserver[ExampleObserver::value()].JML normal_behavior operation contract.0 
38892      DEBUG main            d.u.i.k.p.i.IntermediateProofReplayer Proof replay took 5.6ns 
38996      INFO  main            d.u.i.k.p.r.p.TestFile    ... finished proof: closed. 
39152      INFO  main            d.u.i.k.p.i.AbstractProblemLoader Loading environment from /home/runner/work/key/key/key.core/../key.ui/examples/heap/observer/ExampleObserver_value.key.proof 
39152      DEBUG main            d.u.i.k.p.i.AbstractProblemLoader Environment load took 109.4ns 
39153      INFO  main            d.u.i.k.p.i.AbstractProblemLoader Creating init config 
41792      DEBUG main            d.u.i.k.p.i.AbstractProblemLoader Init config took 2.64s 
41845      INFO  main            d.u.i.k.p.i.AbstractProblemLoader Replaying proof ExampleObserver[ExampleObserver::value()].JML normal_behavior operation contract.0 
41868      DEBUG main            d.u.i.k.p.i.IntermediateProofReplayer Proof replay took 19.34ms 
41870      DEBUG main            d.u.i.k.p.r.p.TestFile    ... success: reloaded. 
41871      INFO  main            d.u.i.k.p.r.p.TestFile    Now processing file /home/runner/work/key/key/key.core/../key.ui/examples/heap/observer/ExampleSubject_addObserver.key 
41872      INFO  main            d.u.i.k.p.i.AbstractProblemLoader Loading environment from /home/runner/work/key/key/key.core/../key.ui/examples/heap/observer/ExampleSubject_addObserver.key 
41872      DEBUG main            d.u.i.k.p.i.AbstractProblemLoader Environment load took 218.1ns 
41873      INFO  main            d.u.i.k.p.i.AbstractProblemLoader Creating init config 
44541      DEBUG main            d.u.i.k.p.i.AbstractProblemLoader Init config took 2.67s 
44588      INFO  main            d.u.i.k.p.i.AbstractProblemLoader Replaying proof ExampleSubject[Subject::addObserver(Observer)].JML normal_behavior operation contract.0 
44590      DEBUG main            d.u.i.k.p.i.IntermediateProofReplayer Proof replay took 4.7ns 
50001      INFO  main            d.u.i.k.p.r.p.TestFile    ... finished proof: closed. 
50190      INFO  main            d.u.i.k.p.i.AbstractProblemLoader Loading environment from /home/runner/work/key/key/key.core/../key.ui/examples/heap/observer/ExampleSubject_addObserver.key.proof 
50191      DEBUG main            d.u.i.k.p.i.AbstractProblemLoader Environment load took 439.1ns 
50192      INFO  main            d.u.i.k.p.i.AbstractProblemLoader Creating init config 
52809      DEBUG main            d.u.i.k.p.i.AbstractProblemLoader Init config took 2.62s 
52856      INFO  main            d.u.i.k.p.i.AbstractProblemLoader Replaying proof ExampleSubject[Subject::addObserver(Observer)].JML normal_behavior operation contract.0 
53559      DEBUG main            d.u.i.k.p.i.IntermediateProofReplayer Proof replay took 677.73ms 
53561      DEBUG main            d.u.i.k.p.r.p.TestFile    ... success: reloaded. 
53563      INFO  main            d.u.i.k.p.r.p.TestFile    Now processing file /home/runner/work/key/key/key.core/../key.ui/examples/heap/observer/ExampleSubject_change.key 
53563      INFO  main            d.u.i.k.p.i.AbstractProblemLoader Loading environment from /home/runner/work/key/key/key.core/../key.ui/examples/heap/observer/ExampleSubject_change.key 
53563      DEBUG main            d.u.i.k.p.i.AbstractProblemLoader Environment load took 214ns 
53564      INFO  main            d.u.i.k.p.i.AbstractProblemLoader Creating init config 
56243      DEBUG main            d.u.i.k.p.i.AbstractProblemLoader Init config took 2.68s 
56290      INFO  main            d.u.i.k.p.i.AbstractProblemLoader Replaying proof ExampleSubject[ExampleSubject::change()].JML normal_behavior operation contract.0 
56291      DEBUG main            d.u.i.k.p.i.IntermediateProofReplayer Proof replay took 6ns 
56795      INFO  main            d.u.i.k.p.r.p.TestFile    ... finished proof: closed. 
56975      INFO  main            d.u.i.k.p.i.AbstractProblemLoader Loading environment from /home/runner/work/key/key/key.core/../key.ui/examples/heap/observer/ExampleSubject_change.key.proof 
56976      DEBUG main            d.u.i.k.p.i.AbstractProblemLoader Environment load took 429.2ns 
56977      INFO  main            d.u.i.k.p.i.AbstractProblemLoader Creating init config 
59591      DEBUG main            d.u.i.k.p.i.AbstractProblemLoader Init config took 2.61s 
59634      INFO  main            d.u.i.k.p.i.AbstractProblemLoader Replaying proof ExampleSubject[ExampleSubject::change()].JML normal_behavior operation contract.0 
59717      DEBUG main            d.u.i.k.p.i.IntermediateProofReplayer Proof replay took 76.16ms 
59719      DEBUG main            d.u.i.k.p.r.p.TestFile    ... success: reloaded. 
59720      INFO  main            d.u.i.k.p.r.p.TestFile    Now processing file /home/runner/work/key/key/key.core/../key.ui/examples/heap/observer/ExampleSubject_ExampleSubject.key 
59720      INFO  main            d.u.i.k.p.i.AbstractProblemLoader Loading environment from /home/runner/work/key/key/key.core/../key.ui/examples/heap/observer/ExampleSubject_ExampleSubject.key 
59721      DEBUG main            d.u.i.k.p.i.AbstractProblemLoader Environment load took 219.3ns 
59722      INFO  main            d.u.i.k.p.i.AbstractProblemLoader Creating init config 
62368      DEBUG main            d.u.i.k.p.i.AbstractProblemLoader Init config took 2.65s 
62410      INFO  main            d.u.i.k.p.i.AbstractProblemLoader Replaying proof ExampleSubject[ExampleSubject::ExampleSubject()].JML normal_behavior operation contract.0 
62412      DEBUG main            d.u.i.k.p.i.IntermediateProofReplayer Proof replay took 5.5ns 
63418      INFO  main            d.u.i.k.p.r.p.TestFile    ... finished proof: closed. 
63635      INFO  main            d.u.i.k.p.i.AbstractProblemLoader Loading environment from /home/runner/work/key/key/key.core/../key.ui/examples/heap/observer/ExampleSubject_ExampleSubject.key.proof 
63636      DEBUG main            d.u.i.k.p.i.AbstractProblemLoader Environment load took 417.7ns 
63637      INFO  main            d.u.i.k.p.i.AbstractProblemLoader Creating init config 
66254      DEBUG main            d.u.i.k.p.i.AbstractProblemLoader Init config took 2.62s 
66296      INFO  main            d.u.i.k.p.i.AbstractProblemLoader Replaying proof ExampleSubject[ExampleSubject::ExampleSubject()].JML normal_behavior operation contract.0 
66470      DEBUG main            d.u.i.k.p.i.IntermediateProofReplayer Proof replay took 165.73ms 
66471      DEBUG main            d.u.i.k.p.r.p.TestFile    ... success: reloaded. 
66472      INFO  main            d.u.i.k.p.r.p.TestFile    Now processing file /home/runner/work/key/key/key.core/../key.ui/examples/heap/observer/ExampleSubject_footprint.key 
66472      INFO  main            d.u.i.k.p.i.AbstractProblemLoader Loading environment from /home/runner/work/key/key/key.core/../key.ui/examples/heap/observer/ExampleSubject_footprint.key 
66472      DEBUG main            d.u.i.k.p.i.AbstractProblemLoader Environment load took 238.5ns 
66473      INFO  main            d.u.i.k.p.i.AbstractProblemLoader Creating init config 
69095      DEBUG main            d.u.i.k.p.i.AbstractProblemLoader Init config took 2.62s 
69136      INFO  main            d.u.i.k.p.i.AbstractProblemLoader Replaying proof ExampleSubject[Subject::$footprint()].JML accessible clause.0 
69137      DEBUG main            d.u.i.k.p.i.IntermediateProofReplayer Proof replay took 6ns 
69243      INFO  main            d.u.i.k.p.r.p.TestFile    ... finished proof: closed. 
69423      INFO  main            d.u.i.k.p.i.AbstractProblemLoader Loading environment from /home/runner/work/key/key/key.core/../key.ui/examples/heap/observer/ExampleSubject_footprint.key.proof 
69423      DEBUG main            d.u.i.k.p.i.AbstractProblemLoader Environment load took 108ns 
69424      INFO  main            d.u.i.k.p.i.AbstractProblemLoader Creating init config 
72040      DEBUG main            d.u.i.k.p.i.AbstractProblemLoader Init config took 2.62s 
72082      INFO  main            d.u.i.k.p.i.AbstractProblemLoader Replaying proof ExampleSubject[Subject::$footprint()].JML accessible clause.0 
72098      DEBUG main            d.u.i.k.p.i.IntermediateProofReplayer Proof replay took 14.15ms 
72100      DEBUG main            d.u.i.k.p.r.p.TestFile    ... success: reloaded. 
72101      INFO  main            d.u.i.k.p.r.p.TestFile    Now processing file /home/runner/work/key/key/key.core/../key.ui/examples/heap/observer/ExampleSubject_inv.key 
72101      INFO  main            d.u.i.k.p.i.AbstractProblemLoader Loading environment from /home/runner/work/key/key/key.core/../key.ui/examples/heap/observer/ExampleSubject_inv.key 
72101      DEBUG main            d.u.i.k.p.i.AbstractProblemLoader Environment load took 210.2ns 
72102      INFO  main            d.u.i.k.p.i.AbstractProblemLoader Creating init config 
74697      DEBUG main            d.u.i.k.p.i.AbstractProblemLoader Init config took 2.59s 
74754      INFO  main            d.u.i.k.p.i.AbstractProblemLoader Replaying proof ExampleSubject[java.lang.Object::<inv>()].JML accessible clause.0 
74756      DEBUG main            d.u.i.k.p.i.IntermediateProofReplayer Proof replay took 5.9ns 
75761      INFO  main            d.u.i.k.p.r.p.TestFile    ... finished proof: closed. 
75995      INFO  main            d.u.i.k.p.i.AbstractProblemLoader Loading environment from /home/runner/work/key/key/key.core/../key.ui/examples/heap/observer/ExampleSubject_inv.key.proof 
75995      DEBUG main            d.u.i.k.p.i.AbstractProblemLoader Environment load took 407.3ns 
75997      INFO  main            d.u.i.k.p.i.AbstractProblemLoader Creating init config 
78593      DEBUG main            d.u.i.k.p.i.AbstractProblemLoader Init config took 2.6s 
78635      INFO  main            d.u.i.k.p.i.AbstractProblemLoader Replaying proof ExampleSubject[java.lang.Object::<inv>()].JML accessible clause.0 
78756      DEBUG main            d.u.i.k.p.i.IntermediateProofReplayer Proof replay took 112.24ms 
78757      DEBUG main            d.u.i.k.p.r.p.TestFile    ... success: reloaded. 
78761      INFO  main            d.u.i.k.p.r.p.TestFile    Now processing file /home/runner/work/key/key/key.core/../key.ui/examples/heap/observer/ExampleSubject_notifyObservers.key 
78761      INFO  main            d.u.i.k.p.i.AbstractProblemLoader Loading environment from /home/runner/work/key/key/key.core/../key.ui/examples/heap/observer/ExampleSubject_notifyObservers.key 
78762      DEBUG main            d.u.i.k.p.i.AbstractProblemLoader Environment load took 232.4ns 
78763      INFO  main            d.u.i.k.p.i.AbstractProblemLoader Creating init config 
81423      DEBUG main            d.u.i.k.p.i.AbstractProblemLoader Init config took 2.66s 
81465      INFO  main            d.u.i.k.p.i.AbstractProblemLoader Replaying proof Subject[Subject::notifyObservers()].JML normal_behavior operation contract.0 
81467      DEBUG main            d.u.i.k.p.i.IntermediateProofReplayer Proof replay took 5ns 
81571      INFO  main            d.u.i.k.p.r.p.TestFile    ... finished proof: closed. 
81751      INFO  main            d.u.i.k.p.i.AbstractProblemLoader Loading environment from /home/runner/work/key/key/key.core/../key.ui/examples/heap/observer/ExampleSubject_notifyObservers.key.proof 
81751      DEBUG main            d.u.i.k.p.i.AbstractProblemLoader Environment load took 105.4ns 
81752      INFO  main            d.u.i.k.p.i.AbstractProblemLoader Creating init config 
84337      DEBUG main            d.u.i.k.p.i.AbstractProblemLoader Init config took 2.59s 
84378      INFO  main            d.u.i.k.p.i.AbstractProblemLoader Replaying proof Subject[Subject::notifyObservers()].JML normal_behavior operation contract.0 
84382      DEBUG main            d.u.i.k.p.i.IntermediateProofReplayer Proof replay took 2.61ms 
84383      DEBUG main            d.u.i.k.p.r.p.TestFile    ... success: reloaded. 
84384      INFO  main            d.u.i.k.p.r.p.TestFile    Now processing file /home/runner/work/key/key/key.core/../key.ui/examples/heap/observer/ExampleSubject_value_dep.key 
84384      INFO  main            d.u.i.k.p.i.AbstractProblemLoader Loading environment from /home/runner/work/key/key/key.core/../key.ui/examples/heap/observer/ExampleSubject_value_dep.key 
84384      DEBUG main            d.u.i.k.p.i.AbstractProblemLoader Environment load took 88.8ns 
84386      INFO  main            d.u.i.k.p.i.AbstractProblemLoader Creating init config 
87016      DEBUG main            d.u.i.k.p.i.AbstractProblemLoader Init config took 2.63s 
87055      INFO  main            d.u.i.k.p.i.AbstractProblemLoader Replaying proof ExampleSubject[ExampleSubject::value()].JML accessible clause.0 
87057      DEBUG main            d.u.i.k.p.i.IntermediateProofReplayer Proof replay took 5.6ns 
87158      INFO  main            d.u.i.k.p.r.p.TestFile    ... finished proof: closed. 
87429      INFO  main            d.u.i.k.p.i.AbstractProblemLoader Loading environment from /home/runner/work/key/key/key.core/../key.ui/examples/heap/observer/ExampleSubject_value_dep.key.proof 
87429      DEBUG main            d.u.i.k.p.i.AbstractProblemLoader Environment load took 101.1ns 
87430      INFO  main            d.u.i.k.p.i.AbstractProblemLoader Creating init config 
89994      DEBUG main            d.u.i.k.p.i.AbstractProblemLoader Init config took 2.56s 
90033      INFO  main            d.u.i.k.p.i.AbstractProblemLoader Replaying proof ExampleSubject[ExampleSubject::value()].JML accessible clause.0 
90047      DEBUG main            d.u.i.k.p.i.IntermediateProofReplayer Proof replay took 11.57ms 
90048      DEBUG main            d.u.i.k.p.r.p.TestFile    ... success: reloaded. 
90052      INFO  main            d.u.i.k.p.r.p.TestFile    Now processing file /home/runner/work/key/key/key.core/../key.ui/examples/heap/observer/ExampleSubject_value.key 
90052      INFO  main            d.u.i.k.p.i.AbstractProblemLoader Loading environment from /home/runner/work/key/key/key.core/../key.ui/examples/heap/observer/ExampleSubject_value.key 
90052      DEBUG main            d.u.i.k.p.i.AbstractProblemLoader Environment load took 219.9ns 
90053      INFO  main            d.u.i.k.p.i.AbstractProblemLoader Creating init config 
92705      DEBUG main            d.u.i.k.p.i.AbstractProblemLoader Init config took 2.65s 
92745      INFO  main            d.u.i.k.p.i.AbstractProblemLoader Replaying proof ExampleSubject[ExampleSubject::value()].JML normal_behavior operation contract.0 
92746      DEBUG main            d.u.i.k.p.i.IntermediateProofReplayer Proof replay took 5.4ns 
92851      INFO  main            d.u.i.k.p.r.p.TestFile    ... finished proof: closed. 
93054      INFO  main            d.u.i.k.p.i.AbstractProblemLoader Loading environment from /home/runner/work/key/key/key.core/../key.ui/examples/heap/observer/ExampleSubject_value.key.proof 
93054      DEBUG main            d.u.i.k.p.i.AbstractProblemLoader Environment load took 104.7ns 
93055      INFO  main            d.u.i.k.p.i.AbstractProblemLoader Creating init config 
95634      DEBUG main            d.u.i.k.p.i.AbstractProblemLoader Init config took 2.58s 
95685      INFO  main            d.u.i.k.p.i.AbstractProblemLoader Replaying proof ExampleSubject[ExampleSubject::value()].JML normal_behavior operation contract.0 
95705      DEBUG main            d.u.i.k.p.i.IntermediateProofReplayer Proof replay took 17.67ms 
95705      DEBUG main            d.u.i.k.p.r.p.TestFile    ... success: reloaded. 
1415631    INFO  Test worker     d.u.i.k.p.r.RunAllProofsTestUnit Returning from test observer 
1415632    INFO  Test worker     d.u.i.k.p.r.RunAllProofsTestUnit Running test removeDups 
343        WARN  main            d.u.i.k.s.ProofSettings   The settings in /home/runner/.key/proof-settings.props are *not* read. 
346        INFO  Timeout watchdog d.u.i.k.p.r.p.ForkedTestFileRunner Timeout watcher launched (2000 secs.) 
375        INFO  main            d.u.i.k.p.r.p.TestFile    Now processing file /home/runner/work/key/key/key.core/../key.ui/examples/heap/removeDups/arrayPart.key 
476        INFO  main            d.u.i.k.p.i.AbstractProblemLoader Loading environment from /home/runner/work/key/key/key.core/../key.ui/examples/heap/removeDups/arrayPart.key 
499        DEBUG main            d.u.i.k.p.i.AbstractProblemLoader Environment load took 2.11ms 
716        INFO  main            d.u.i.k.p.i.AbstractProblemLoader Creating init config 
1661       DEBUG main            d.u.i.k.j.TypeConverter   No LDT found for Meta 
1661       DEBUG main            d.u.i.k.j.TypeConverter   No LDT found for Meta 
1665       DEBUG main            d.u.i.k.j.TypeConverter   No LDT found for Meta 
1665       DEBUG main            d.u.i.k.j.TypeConverter   No LDT found for Meta 
2948       DEBUG main            d.u.i.k.j.TypeConverter   No LDT found for JavaBigintExpression 
7917       DEBUG main            d.u.i.k.p.i.AbstractProblemLoader Init config took 7.2s 
8036       INFO  main            d.u.i.k.p.i.AbstractProblemLoader Replaying proof RemoveDup[RemoveDup::arrayPart([I,int)].JML normal_behavior operation contract.0 
8070       DEBUG main            d.u.i.k.p.i.IntermediateProofReplayer Proof replay took 26.5ns 
10494      INFO  main            d.u.i.k.p.r.p.TestFile    ... finished proof: closed. 
10628      INFO  main            d.u.i.k.p.i.AbstractProblemLoader Loading environment from /home/runner/work/key/key/key.core/../key.ui/examples/heap/removeDups/arrayPart.key.proof 
10628      DEBUG main            d.u.i.k.p.i.AbstractProblemLoader Environment load took 437.4ns 
10630      INFO  main            d.u.i.k.p.i.AbstractProblemLoader Creating init config 
13436      DEBUG main            d.u.i.k.p.i.AbstractProblemLoader Init config took 2.81s 
13506      INFO  main            d.u.i.k.p.i.AbstractProblemLoader Replaying proof RemoveDup[RemoveDup::arrayPart([I,int)].JML normal_behavior operation contract.0 
13874      DEBUG main            d.u.i.k.p.i.IntermediateProofReplayer Proof replay took 353.71ms 
13881      DEBUG main            d.u.i.k.p.r.p.TestFile    ... success: reloaded. 
13882      INFO  main            d.u.i.k.p.r.p.TestFile    Now processing file /home/runner/work/key/key/key.core/../key.ui/examples/heap/removeDups/contains.key 
13883      INFO  main            d.u.i.k.p.i.AbstractProblemLoader Loading environment from /home/runner/work/key/key/key.core/../key.ui/examples/heap/removeDups/contains.key 
13883      DEBUG main            d.u.i.k.p.i.AbstractProblemLoader Environment load took 228.6ns 
13885      INFO  main            d.u.i.k.p.i.AbstractProblemLoader Creating init config 
16736      DEBUG main            d.u.i.k.p.i.AbstractProblemLoader Init config took 2.85s 
16788      INFO  main            d.u.i.k.p.i.AbstractProblemLoader Replaying proof RemoveDup[RemoveDup::contains([I,int,int)].JML normal_behavior operation contract.0 
16791      DEBUG main            d.u.i.k.p.i.IntermediateProofReplayer Proof replay took 4.4ns 
17294      INFO  main            d.u.i.k.p.r.p.TestFile    ... finished proof: closed. 
17460      INFO  main            d.u.i.k.p.i.AbstractProblemLoader Loading environment from /home/runner/work/key/key/key.core/../key.ui/examples/heap/removeDups/contains.key.proof 
17461      DEBUG main            d.u.i.k.p.i.AbstractProblemLoader Environment load took 411.6ns 
17462      INFO  main            d.u.i.k.p.i.AbstractProblemLoader Creating init config 
20195      DEBUG main            d.u.i.k.p.i.AbstractProblemLoader Init config took 2.73s 
20248      INFO  main            d.u.i.k.p.i.AbstractProblemLoader Replaying proof RemoveDup[RemoveDup::contains([I,int,int)].JML normal_behavior operation contract.0 
20352      DEBUG main            d.u.i.k.p.i.IntermediateProofReplayer Proof replay took 98.5ms 
20353      DEBUG main            d.u.i.k.p.r.p.TestFile    ... success: reloaded. 
20354      INFO  main            d.u.i.k.p.r.p.TestFile    Now processing file /home/runner/work/key/key/key.core/../key.ui/examples/heap/removeDups/removeDup.key 
20354      INFO  main            d.u.i.k.p.i.AbstractProblemLoader Loading environment from /home/runner/work/key/key/key.core/../key.ui/examples/heap/removeDups/removeDup.key 
20354      DEBUG main            d.u.i.k.p.i.AbstractProblemLoader Environment load took 218.5ns 
20356      INFO  main            d.u.i.k.p.i.AbstractProblemLoader Creating init config 
23023      DEBUG main            d.u.i.k.p.i.AbstractProblemLoader Init config took 2.67s 
23066      INFO  main            d.u.i.k.p.i.AbstractProblemLoader Replaying proof RemoveDup[RemoveDup::removeDup([I)].JML normal_behavior operation contract.0 
23068      DEBUG main            d.u.i.k.p.i.IntermediateProofReplayer Proof replay took 4.8ns 
27701      DEBUG Thread-7        d.u.i.k.j.d.VariableSpecification Program match. Variables have different dimension (template #v0 = #vi;, source a#11[] = var;) 
47210      INFO  main            d.u.i.k.p.r.p.TestFile    ... finished proof: closed. 
47451      INFO  main            d.u.i.k.p.i.AbstractProblemLoader Loading environment from /home/runner/work/key/key/key.core/../key.ui/examples/heap/removeDups/removeDup.key.proof 
47451      DEBUG main            d.u.i.k.p.i.AbstractProblemLoader Environment load took 453ns 
47462      INFO  main            d.u.i.k.p.i.AbstractProblemLoader Creating init config 
50046      DEBUG main            d.u.i.k.p.i.AbstractProblemLoader Init config took 2.58s 
50088      INFO  main            d.u.i.k.p.i.AbstractProblemLoader Replaying proof RemoveDup[RemoveDup::removeDup([I)].JML normal_behavior operation contract.0 
51838      DEBUG main            d.u.i.k.p.i.IntermediateProofReplayer Proof replay took 1.67s 
51841      DEBUG main            d.u.i.k.p.r.p.TestFile    ... success: reloaded. 
51843      INFO  main            d.u.i.k.p.r.p.TestFile    Now processing file /home/runner/work/key/key/key.core/../key.ui/examples/heap/saddleback_search/Saddleback_search.key 
51843      INFO  main            d.u.i.k.p.i.AbstractProblemLoader Loading environment from /home/runner/work/key/key/key.core/../key.ui/examples/heap/saddleback_search/Saddleback_search.key 
51843      DEBUG main            d.u.i.k.p.i.AbstractProblemLoader Environment load took 202.3ns 
51844      INFO  main            d.u.i.k.p.i.AbstractProblemLoader Creating init config 
54523      DEBUG main            d.u.i.k.p.i.AbstractProblemLoader Init config took 2.68s 
54595      INFO  main            d.u.i.k.p.i.AbstractProblemLoader Replaying proof Saddleback[Saddleback::search([[I,int)].JML normal_behavior operation contract.0 
54603      DEBUG main            d.u.i.k.p.i.IntermediateProofReplayer Proof replay took 6.5ns 
129128     INFO  main            d.u.i.k.p.r.p.TestFile    ... finished proof: closed. 
129468     INFO  main            d.u.i.k.p.i.AbstractProblemLoader Loading environment from /home/runner/work/key/key/key.core/../key.ui/examples/heap/saddleback_search/Saddleback_search.key.proof 
129468     DEBUG main            d.u.i.k.p.i.AbstractProblemLoader Environment load took 199.2ns 
129476     INFO  main            d.u.i.k.p.i.AbstractProblemLoader Creating init config 
131987     DEBUG main            d.u.i.k.p.i.AbstractProblemLoader Init config took 2.51s 
132022     INFO  main            d.u.i.k.p.i.AbstractProblemLoader Replaying proof Saddleback[Saddleback::search([[I,int)].JML normal_behavior operation contract.0 
134452     DEBUG main            d.u.i.k.p.i.IntermediateProofReplayer Proof replay took 2.27s 
134494     DEBUG main            d.u.i.k.p.r.p.TestFile    ... success: reloaded. 
1551030    INFO  Test worker     d.u.i.k.p.r.RunAllProofsTestUnit Returning from test removeDups 
1551031    INFO  Test worker     d.u.i.k.p.r.RunAllProofsTestUnit Running test quicksort 
349        INFO  Timeout watchdog d.u.i.k.p.r.p.ForkedTestFileRunner Timeout watcher launched (2000 secs.) 
370        WARN  main            d.u.i.k.s.ProofSettings   The settings in /home/runner/.key/proof-settings.props are *not* read. 
416        INFO  main            d.u.i.k.p.r.p.TestFile    Now processing file /home/runner/work/key/key/key.core/../key.ui/examples/heap/quicksort/toplevel.key 
551        INFO  main            d.u.i.k.p.i.AbstractProblemLoader Loading environment from /home/runner/work/key/key/key.core/../key.ui/examples/heap/quicksort/toplevel.key 
570        DEBUG main            d.u.i.k.p.i.AbstractProblemLoader Environment load took 2.04ms 
766        INFO  main            d.u.i.k.p.i.AbstractProblemLoader Creating init config 
1718       DEBUG main            d.u.i.k.j.TypeConverter   No LDT found for Meta 
1718       DEBUG main            d.u.i.k.j.TypeConverter   No LDT found for Meta 
1722       DEBUG main            d.u.i.k.j.TypeConverter   No LDT found for Meta 
1722       DEBUG main            d.u.i.k.j.TypeConverter   No LDT found for Meta 
3114       DEBUG main            d.u.i.k.j.TypeConverter   No LDT found for JavaBigintExpression 
7949       DEBUG main            d.u.i.k.p.i.AbstractProblemLoader Init config took 7.18s 
8125       INFO  main            d.u.i.k.p.i.AbstractProblemLoader Replaying proof Quicksort[Quicksort::sort([I)].JML normal_behavior operation contract.0 
8160       DEBUG main            d.u.i.k.p.i.IntermediateProofReplayer Proof replay took 29.3ns 
9287       INFO  main            d.u.i.k.p.r.p.TestFile    ... finished proof: closed. 
9464       INFO  main            d.u.i.k.p.i.AbstractProblemLoader Loading environment from /home/runner/work/key/key/key.core/../key.ui/examples/heap/quicksort/toplevel.key.proof 
9464       DEBUG main            d.u.i.k.p.i.AbstractProblemLoader Environment load took 137.7ns 
9469       INFO  main            d.u.i.k.p.i.AbstractProblemLoader Creating init config 
12234      DEBUG main            d.u.i.k.p.i.AbstractProblemLoader Init config took 2.77s 
12294      INFO  main            d.u.i.k.p.i.AbstractProblemLoader Replaying proof Quicksort[Quicksort::sort([I)].JML normal_behavior operation contract.0 
12515      DEBUG main            d.u.i.k.p.i.IntermediateProofReplayer Proof replay took 214.13ms 
12524      DEBUG main            d.u.i.k.p.r.p.TestFile    ... success: reloaded. 
12527      INFO  main            d.u.i.k.p.r.p.TestFile    Now processing file /home/runner/work/key/key/key.core/../key.ui/examples/heap/quicksort/sort.key 
12528      INFO  main            d.u.i.k.p.i.AbstractProblemLoader Loading environment from /home/runner/work/key/key/key.core/../key.ui/examples/heap/quicksort/sort.key 
12528      DEBUG main            d.u.i.k.p.i.AbstractProblemLoader Environment load took 228ns 
12531      INFO  main            d.u.i.k.p.i.AbstractProblemLoader Creating init config 
15257      DEBUG main            d.u.i.k.p.i.AbstractProblemLoader Init config took 2.73s 
15316      INFO  main            d.u.i.k.p.i.AbstractProblemLoader Replaying proof Quicksort[Quicksort::sort([I,int,int)].JML normal_behavior operation contract.0 
15319      DEBUG main            d.u.i.k.p.i.IntermediateProofReplayer Proof replay took 6ns 
15343      DEBUG main            d.u.i.k.m.s.ProofScriptEngine 1: 'script 'sort.script'' 
15346      INFO  main            d.u.i.k.m.s.ProofScriptCommand Included script /home/runner/work/key/key/key.core/../key.ui/examples/heap/quicksort/sort.script 
15347      DEBUG main            d.u.i.k.m.s.ProofScriptEngine 1: 'macro autopilot-prep' 
16475      DEBUG main            d.u.i.k.m.s.ProofScriptEngine 2: 'select formula="{heapAtPre:=heap || exc:=null || heap:=heapAfter_sort_0}
   seq ...' 
16482      DEBUG main            d.u.i.k.m.s.ProofScriptEngine 3: 'macro simp-upd' 
16493      DEBUG main            d.u.i.k.m.s.ProofScriptEngine 4: 'let   @seqPre="seqDef{int u;}(0, array.length, array[u])"
    @seqSplit="seqDef ...' 
16496      DEBUG main            d.u.i.k.m.s.ProofScriptEngine 5: 'rule seqPermSym 
  formula="seqPerm(@seqSplit, @seqPre)"' 
16515      DEBUG main            d.u.i.k.m.s.ProofScriptEngine 6: 'rule seqPermSym
  formula="seqPerm(@seqSort, @seqSplit)"' 
16518      DEBUG main            d.u.i.k.m.s.ProofScriptEngine 7: 'rule seqPermSym
  formula="seqPerm(@seqSort0, @seqSort)"' 
16519      DEBUG main            d.u.i.k.m.s.ProofScriptEngine 8: 'rule seqPermTrans
  formula="seqPerm(@seqPre, @seqSplit)"' 
16520      DEBUG main            d.u.i.k.m.s.ProofScriptEngine 9: 'rule seqPermTrans
  formula="seqPerm(@seqPre, @seqSort)"' 
16521      DEBUG main            d.u.i.k.m.s.ProofScriptEngine 10: 'rule seqPermSym
  formula="seqPerm(@seqPre, @seqSort0)"' 
16523      DEBUG main            d.u.i.k.m.s.ProofScriptEngine 11: 'tryclose' 
40675      INFO  main            d.u.i.k.p.r.p.TestFile    ... finished proof: closed. 
40947      INFO  main            d.u.i.k.p.i.AbstractProblemLoader Loading environment from /home/runner/work/key/key/key.core/../key.ui/examples/heap/quicksort/sort.key.proof 
40948      DEBUG main            d.u.i.k.p.i.AbstractProblemLoader Environment load took 236ns 
40954      INFO  main            d.u.i.k.p.i.AbstractProblemLoader Creating init config 
43459      DEBUG main            d.u.i.k.p.i.AbstractProblemLoader Init config took 2.51s 
43505      INFO  main            d.u.i.k.p.i.AbstractProblemLoader Replaying proof Quicksort[Quicksort::sort([I,int,int)].JML normal_behavior operation contract.0 
45420      DEBUG main            d.u.i.k.p.i.IntermediateProofReplayer Proof replay took 1.77s 
45437      DEBUG main            d.u.i.k.p.r.p.TestFile    ... success: reloaded. 
45451      INFO  main            d.u.i.k.p.r.p.TestFile    Now processing file /home/runner/work/key/key/key.core/../key.ui/examples/heap/quicksort/split.key 
45452      INFO  main            d.u.i.k.p.i.AbstractProblemLoader Loading environment from /home/runner/work/key/key/key.core/../key.ui/examples/heap/quicksort/split.key 
45454      DEBUG main            d.u.i.k.p.i.AbstractProblemLoader Environment load took 2.09ms 
45455      INFO  main            d.u.i.k.p.i.AbstractProblemLoader Creating init config 
48278      DEBUG main            d.u.i.k.p.i.AbstractProblemLoader Init config took 2.82s 
48339      INFO  main            d.u.i.k.p.i.AbstractProblemLoader Replaying proof Quicksort[Quicksort::split([I,int,int)].JML normal_behavior operation contract.0 
48343      DEBUG main            d.u.i.k.p.i.IntermediateProofReplayer Proof replay took 32.5ns 
48344      DEBUG main            d.u.i.k.m.s.ProofScriptEngine 1: 'macro autopilot-prep' 
49536      DEBUG main            d.u.i.k.m.s.ProofScriptEngine 2: 'tryclose' 
84560      DEBUG main            d.u.i.k.m.s.ProofScriptEngine 3: 'macro simp-upd' 
84655      DEBUG main            d.u.i.k.m.s.ProofScriptEngine 4: 'rule seqPermFromSwap' 
84670      DEBUG main            d.u.i.k.m.s.ProofScriptEngine 5: 'rule andRight' 
84673      DEBUG main            d.u.i.k.m.s.ProofScriptEngine 6: 'auto' 
84695      DEBUG main            d.u.i.k.m.s.ProofScriptEngine 7: 'instantiate hide var=iv with=i_0' 
84699      DEBUG main            d.u.i.k.m.s.ProofScriptEngine 8: 'instantiate hide var=jv with=j_0' 
84700      DEBUG main            d.u.i.k.m.s.ProofScriptEngine 9: 'auto' 
90870      DEBUG main            d.u.i.k.m.s.ProofScriptEngine 10: 'macro simp-upd' 
91004      DEBUG main            d.u.i.k.m.s.ProofScriptEngine 11: 'rule seqPermFromSwap' 
91007      DEBUG main            d.u.i.k.m.s.ProofScriptEngine 12: 'rule andRight' 
91009      DEBUG main            d.u.i.k.m.s.ProofScriptEngine 13: 'auto' 
91023      DEBUG main            d.u.i.k.m.s.ProofScriptEngine 14: 'instantiate hide var=iv with=i_0' 
91026      DEBUG main            d.u.i.k.m.s.ProofScriptEngine 15: 'instantiate hide var=jv with=to' 
91028      DEBUG main            d.u.i.k.m.s.ProofScriptEngine 16: 'auto' 
95829      INFO  main            d.u.i.k.p.r.p.TestFile    ... finished proof: closed. 
96340      INFO  main            d.u.i.k.p.i.AbstractProblemLoader Loading environment from /home/runner/work/key/key/key.core/../key.ui/examples/heap/quicksort/split.key.proof 
96340      DEBUG main            d.u.i.k.p.i.AbstractProblemLoader Environment load took 287.1ns 
96349      INFO  main            d.u.i.k.p.i.AbstractProblemLoader Creating init config 
98815      DEBUG main            d.u.i.k.p.i.AbstractProblemLoader Init config took 2.47s 
98871      INFO  main            d.u.i.k.p.i.AbstractProblemLoader Replaying proof Quicksort[Quicksort::split([I,int,int)].JML normal_behavior operation contract.0 
102326     DEBUG main            d.u.i.k.p.i.IntermediateProofReplayer Proof replay took 3.19s 
102339     DEBUG main            d.u.i.k.p.r.p.TestFile    ... success: reloaded. 
1653793    INFO  Test worker     d.u.i.k.p.r.RunAllProofsTestUnit Returning from test quicksort 
1653794    INFO  Test worker     d.u.i.k.p.r.RunAllProofsTestUnit Running test simpleTests 
395        INFO  Timeout watchdog d.u.i.k.p.r.p.ForkedTestFileRunner Timeout watcher launched (2000 secs.) 
406        WARN  main            d.u.i.k.s.ProofSettings   The settings in /home/runner/.key/proof-settings.props are *not* read. 
450        INFO  main            d.u.i.k.p.r.p.TestFile    Now processing file /home/runner/work/key/key/key.core/../key.ui/examples/heap/simple/anonymise_datagroup.key 
580        INFO  main            d.u.i.k.p.i.AbstractProblemLoader Loading environment from /home/runner/work/key/key/key.core/../key.ui/examples/heap/simple/anonymise_datagroup.key 
612        DEBUG main            d.u.i.k.p.i.AbstractProblemLoader Environment load took 1.8ms 
857        INFO  main            d.u.i.k.p.i.AbstractProblemLoader Creating init config 
1578       DEBUG main            d.u.i.k.j.TypeConverter   No LDT found for Meta 
1578       DEBUG main            d.u.i.k.j.TypeConverter   No LDT found for Meta 
1580       DEBUG main            d.u.i.k.j.TypeConverter   No LDT found for Meta 
1580       DEBUG main            d.u.i.k.j.TypeConverter   No LDT found for Meta 
3051       DEBUG main            d.u.i.k.j.TypeConverter   No LDT found for JavaBigintExpression 
7604       DEBUG main            d.u.i.k.p.i.AbstractProblemLoader Init config took 6.75s 
7664       INFO  main            d.u.i.k.p.i.AbstractProblemLoader Replaying proof anonymise_datagroup.key 
7694       DEBUG main            d.u.i.k.p.i.IntermediateProofReplayer Proof replay took 31.7ns 
7961       INFO  main            d.u.i.k.p.r.p.TestFile    ... finished proof: closed. 
8062       INFO  main            d.u.i.k.p.i.AbstractProblemLoader Loading environment from /home/runner/work/key/key/key.core/../key.ui/examples/heap/simple/anonymise_datagroup.key.proof 
8062       DEBUG main            d.u.i.k.p.i.AbstractProblemLoader Environment load took 202ns 
8066       INFO  main            d.u.i.k.p.i.AbstractProblemLoader Creating init config 
10579      DEBUG main            d.u.i.k.p.i.AbstractProblemLoader Init config took 2.51s 
10610      INFO  main            d.u.i.k.p.i.AbstractProblemLoader Replaying proof anonymise_datagroup.key.proof 
10624      DEBUG main            d.u.i.k.p.i.IntermediateProofReplayer Proof replay took 9.53ms 
10633      DEBUG main            d.u.i.k.p.r.p.TestFile    ... success: reloaded. 
10636      INFO  main            d.u.i.k.p.r.p.TestFile    Now processing file /home/runner/work/key/key/key.core/../key.ui/examples/heap/simple/array_creation.key 
10636      INFO  main            d.u.i.k.p.i.AbstractProblemLoader Loading environment from /home/runner/work/key/key/key.core/../key.ui/examples/heap/simple/array_creation.key 
10636      DEBUG main            d.u.i.k.p.i.AbstractProblemLoader Environment load took 238.1ns 
10642      INFO  main            d.u.i.k.p.i.AbstractProblemLoader Creating init config 
13064      DEBUG main            d.u.i.k.p.i.AbstractProblemLoader Init config took 2.42s 
13095      INFO  main            d.u.i.k.p.i.AbstractProblemLoader Replaying proof array_creation.key 
13099      DEBUG main            d.u.i.k.p.i.IntermediateProofReplayer Proof replay took 5.3ns 
13709      INFO  main            d.u.i.k.p.r.p.TestFile    ... finished proof: closed. 
13865      INFO  main            d.u.i.k.p.i.AbstractProblemLoader Loading environment from /home/runner/work/key/key/key.core/../key.ui/examples/heap/simple/array_creation.key.proof 
13865      DEBUG main            d.u.i.k.p.i.AbstractProblemLoader Environment load took 139.7ns 
13867      INFO  main            d.u.i.k.p.i.AbstractProblemLoader Creating init config 
16241      DEBUG main            d.u.i.k.p.i.AbstractProblemLoader Init config took 2.37s 
16268      INFO  main            d.u.i.k.p.i.AbstractProblemLoader Replaying proof array_creation.key.proof 
16368      DEBUG main            d.u.i.k.p.i.IntermediateProofReplayer Proof replay took 95.43ms 
16369      DEBUG main            d.u.i.k.p.r.p.TestFile    ... success: reloaded. 
16370      INFO  main            d.u.i.k.p.r.p.TestFile    Now processing file /home/runner/work/key/key/key.core/../key.ui/examples/heap/simple/arrays_with_disjoint_sorts.key 
16371      INFO  main            d.u.i.k.p.i.AbstractProblemLoader Loading environment from /home/runner/work/key/key/key.core/../key.ui/examples/heap/simple/arrays_with_disjoint_sorts.key 
16371      DEBUG main            d.u.i.k.p.i.AbstractProblemLoader Environment load took 210.3ns 
16372      INFO  main            d.u.i.k.p.i.AbstractProblemLoader Creating init config 
18703      DEBUG main            d.u.i.k.p.i.AbstractProblemLoader Init config took 2.33s 
18725      INFO  main            d.u.i.k.p.i.AbstractProblemLoader Replaying proof arrays_with_disjoint_sorts.key 
18727      DEBUG main            d.u.i.k.p.i.IntermediateProofReplayer Proof replay took 5.9ns 
18932      INFO  main            d.u.i.k.p.r.p.TestFile    ... finished proof: closed. 
19089      INFO  main            d.u.i.k.p.i.AbstractProblemLoader Loading environment from /home/runner/work/key/key/key.core/../key.ui/examples/heap/simple/arrays_with_disjoint_sorts.key.proof 
19089      DEBUG main            d.u.i.k.p.i.AbstractProblemLoader Environment load took 380.1ns 
19091      INFO  main            d.u.i.k.p.i.AbstractProblemLoader Creating init config 
21353      DEBUG main            d.u.i.k.p.i.AbstractProblemLoader Init config took 2.26s 
21375      INFO  main            d.u.i.k.p.i.AbstractProblemLoader Replaying proof arrays_with_disjoint_sorts.key.proof 
21397      DEBUG main            d.u.i.k.p.i.IntermediateProofReplayer Proof replay took 19.04ms 
21398      DEBUG main            d.u.i.k.p.r.p.TestFile    ... success: reloaded. 
21399      INFO  main            d.u.i.k.p.r.p.TestFile    Now processing file /home/runner/work/key/key/key.core/../key.ui/examples/heap/simple/arrays.key 
21399      INFO  main            d.u.i.k.p.i.AbstractProblemLoader Loading environment from /home/runner/work/key/key/key.core/../key.ui/examples/heap/simple/arrays.key 
21400      DEBUG main            d.u.i.k.p.i.AbstractProblemLoader Environment load took 182.7ns 
21401      INFO  main            d.u.i.k.p.i.AbstractProblemLoader Creating init config 
23705      DEBUG main            d.u.i.k.p.i.AbstractProblemLoader Init config took 2.3s 
23732      INFO  main            d.u.i.k.p.i.AbstractProblemLoader Replaying proof arrays.key 
23736      DEBUG main            d.u.i.k.p.i.IntermediateProofReplayer Proof replay took 12.7ns 
23839      INFO  main            d.u.i.k.p.r.p.TestFile    ... finished proof: closed. 
23984      INFO  main            d.u.i.k.p.i.AbstractProblemLoader Loading environment from /home/runner/work/key/key/key.core/../key.ui/examples/heap/simple/arrays.key.proof 
23984      DEBUG main            d.u.i.k.p.i.AbstractProblemLoader Environment load took 108.8ns 
23985      INFO  main            d.u.i.k.p.i.AbstractProblemLoader Creating init config 
26242      DEBUG main            d.u.i.k.p.i.AbstractProblemLoader Init config took 2.26s 
26262      INFO  main            d.u.i.k.p.i.AbstractProblemLoader Replaying proof arrays.key.proof 
26293      DEBUG main            d.u.i.k.p.i.IntermediateProofReplayer Proof replay took 16.54ms 
26294      DEBUG main            d.u.i.k.p.r.p.TestFile    ... success: reloaded. 
26295      INFO  main            d.u.i.k.p.r.p.TestFile    Now processing file /home/runner/work/key/key/key.core/../key.ui/examples/heap/simple/attributes.key 
26296      INFO  main            d.u.i.k.p.i.AbstractProblemLoader Loading environment from /home/runner/work/key/key/key.core/../key.ui/examples/heap/simple/attributes.key 
26296      DEBUG main            d.u.i.k.p.i.AbstractProblemLoader Environment load took 193.3ns 
26297      INFO  main            d.u.i.k.p.i.AbstractProblemLoader Creating init config 
28571      DEBUG main            d.u.i.k.p.i.AbstractProblemLoader Init config took 2.27s 
28590      INFO  main            d.u.i.k.p.i.AbstractProblemLoader Replaying proof attributes.key 
28592      DEBUG main            d.u.i.k.p.i.IntermediateProofReplayer Proof replay took 4.9ns 
28694      INFO  main            d.u.i.k.p.r.p.TestFile    ... finished proof: closed. 
28831      INFO  main            d.u.i.k.p.i.AbstractProblemLoader Loading environment from /home/runner/work/key/key/key.core/../key.ui/examples/heap/simple/attributes.key.proof 
28831      DEBUG main            d.u.i.k.p.i.AbstractProblemLoader Environment load took 111.4ns 
28832      INFO  main            d.u.i.k.p.i.AbstractProblemLoader Creating init config 
31060      DEBUG main            d.u.i.k.p.i.AbstractProblemLoader Init config took 2.23s 
31082      INFO  main            d.u.i.k.p.i.AbstractProblemLoader Replaying proof attributes.key.proof 
31088      DEBUG main            d.u.i.k.p.i.IntermediateProofReplayer Proof replay took 2.6ms 
31088      DEBUG main            d.u.i.k.p.r.p.TestFile    ... success: reloaded. 
31089      INFO  main            d.u.i.k.p.r.p.TestFile    Now processing file /home/runner/work/key/key/key.core/../key.ui/examples/heap/simple/constructor_contracts.key 
31089      INFO  main            d.u.i.k.p.i.AbstractProblemLoader Loading environment from /home/runner/work/key/key/key.core/../key.ui/examples/heap/simple/constructor_contracts.key 
31090      DEBUG main            d.u.i.k.p.i.AbstractProblemLoader Environment load took 471.7ns 
31092      INFO  main            d.u.i.k.p.i.AbstractProblemLoader Creating init config 
33729      DEBUG main            d.u.i.k.p.i.AbstractProblemLoader Init config took 2.64s 
33749      INFO  main            d.u.i.k.p.i.AbstractProblemLoader Replaying proof constructor_contracts.key 
33751      DEBUG main            d.u.i.k.p.i.IntermediateProofReplayer Proof replay took 5.5ns 
34378      INFO  main            d.u.i.k.p.r.p.TestFile    ... finished proof: closed. 
34521      INFO  main            d.u.i.k.p.i.AbstractProblemLoader Loading environment from /home/runner/work/key/key/key.core/../key.ui/examples/heap/simple/constructor_contracts.key.proof 
34522      DEBUG main            d.u.i.k.p.i.AbstractProblemLoader Environment load took 472.9ns 
34524      INFO  main            d.u.i.k.p.i.AbstractProblemLoader Creating init config 
37004      DEBUG main            d.u.i.k.p.i.AbstractProblemLoader Init config took 2.48s 
37027      INFO  main            d.u.i.k.p.i.AbstractProblemLoader Replaying proof constructor_contracts.key.proof 
37150      DEBUG main            d.u.i.k.p.i.IntermediateProofReplayer Proof replay took 115.01ms 
37154      DEBUG main            d.u.i.k.p.r.p.TestFile    ... success: reloaded. 
37156      INFO  main            d.u.i.k.p.r.p.TestFile    Now processing file /home/runner/work/key/key/key.core/../key.ui/examples/heap/simple/dependencies.key 
37157      INFO  main            d.u.i.k.p.i.AbstractProblemLoader Loading environment from /home/runner/work/key/key/key.core/../key.ui/examples/heap/simple/dependencies.key 
37157      DEBUG main            d.u.i.k.p.i.AbstractProblemLoader Environment load took 194ns 
37158      INFO  main            d.u.i.k.p.i.AbstractProblemLoader Creating init config 
39490      DEBUG main            d.u.i.k.p.i.AbstractProblemLoader Init config took 2.33s 
39508      INFO  main            d.u.i.k.p.i.AbstractProblemLoader Replaying proof dependencies.key 
39510      DEBUG main            d.u.i.k.p.i.IntermediateProofReplayer Proof replay took 6.7ns 
39615      INFO  main            d.u.i.k.p.r.p.TestFile    ... finished proof: closed. 
39776      INFO  main            d.u.i.k.p.i.AbstractProblemLoader Loading environment from /home/runner/work/key/key/key.core/../key.ui/examples/heap/simple/dependencies.key.proof 
39777      DEBUG main            d.u.i.k.p.i.AbstractProblemLoader Environment load took 106.5ns 
39778      INFO  main            d.u.i.k.p.i.AbstractProblemLoader Creating init config 
41980      DEBUG main            d.u.i.k.p.i.AbstractProblemLoader Init config took 2.2s 
41997      INFO  main            d.u.i.k.p.i.AbstractProblemLoader Replaying proof dependencies.key.proof 
42006      DEBUG main            d.u.i.k.p.i.IntermediateProofReplayer Proof replay took 7.87ms 
42007      DEBUG main            d.u.i.k.p.r.p.TestFile    ... success: reloaded. 
42008      INFO  main            d.u.i.k.p.r.p.TestFile    Now processing file /home/runner/work/key/key/key.core/../key.ui/examples/heap/simple/dependency_contracts.key 
42008      INFO  main            d.u.i.k.p.i.AbstractProblemLoader Loading environment from /home/runner/work/key/key/key.core/../key.ui/examples/heap/simple/dependency_contracts.key 
42008      DEBUG main            d.u.i.k.p.i.AbstractProblemLoader Environment load took 216.9ns 
42010      INFO  main            d.u.i.k.p.i.AbstractProblemLoader Creating init config 
44526      DEBUG main            d.u.i.k.p.i.AbstractProblemLoader Init config took 2.52s 
44544      INFO  main            d.u.i.k.p.i.AbstractProblemLoader Replaying proof dependency_contracts.key 
44546      DEBUG main            d.u.i.k.p.i.IntermediateProofReplayer Proof replay took 6.8ns 
45755      INFO  main            d.u.i.k.p.r.p.TestFile    ... finished proof: closed. 
45934      INFO  main            d.u.i.k.p.i.AbstractProblemLoader Loading environment from /home/runner/work/key/key/key.core/../key.ui/examples/heap/simple/dependency_contracts.key.proof 
45934      DEBUG main            d.u.i.k.p.i.AbstractProblemLoader Environment load took 174ns 
45936      INFO  main            d.u.i.k.p.i.AbstractProblemLoader Creating init config 
48377      DEBUG main            d.u.i.k.p.i.AbstractProblemLoader Init config took 2.44s 
48395      INFO  main            d.u.i.k.p.i.AbstractProblemLoader Replaying proof dependency_contracts.key.proof 
48565      DEBUG main            d.u.i.k.p.i.IntermediateProofReplayer Proof replay took 160.54ms 
48567      DEBUG main            d.u.i.k.p.r.p.TestFile    ... success: reloaded. 
48568      INFO  main            d.u.i.k.p.r.p.TestFile    Now processing file /home/runner/work/key/key/key.core/../key.ui/examples/heap/simple/invariant_preservation.key 
48568      INFO  main            d.u.i.k.p.i.AbstractProblemLoader Loading environment from /home/runner/work/key/key/key.core/../key.ui/examples/heap/simple/invariant_preservation.key 
48568      DEBUG main            d.u.i.k.p.i.AbstractProblemLoader Environment load took 190.8ns 
48570      INFO  main            d.u.i.k.p.i.AbstractProblemLoader Creating init config 
51023      DEBUG main            d.u.i.k.p.i.AbstractProblemLoader Init config took 2.45s 
51040      INFO  main            d.u.i.k.p.i.AbstractProblemLoader Replaying proof invariant_preservation.key 
51042      DEBUG main            d.u.i.k.p.i.IntermediateProofReplayer Proof replay took 5.7ns 
51247      INFO  main            d.u.i.k.p.r.p.TestFile    ... finished proof: closed. 
51437      INFO  main            d.u.i.k.p.i.AbstractProblemLoader Loading environment from /home/runner/work/key/key/key.core/../key.ui/examples/heap/simple/invariant_preservation.key.proof 
51437      DEBUG main            d.u.i.k.p.i.AbstractProblemLoader Environment load took 107.6ns 
51439      INFO  main            d.u.i.k.p.i.AbstractProblemLoader Creating init config 
53853      DEBUG main            d.u.i.k.p.i.AbstractProblemLoader Init config took 2.41s 
53871      INFO  main            d.u.i.k.p.i.AbstractProblemLoader Replaying proof invariant_preservation.key.proof 
53901      DEBUG main            d.u.i.k.p.i.IntermediateProofReplayer Proof replay took 27.61ms 
53903      DEBUG main            d.u.i.k.p.r.p.TestFile    ... success: reloaded. 
53904      INFO  main            d.u.i.k.p.r.p.TestFile    Now processing file /home/runner/work/key/key/key.core/../key.ui/examples/heap/simple/locsets.key 
53904      INFO  main            d.u.i.k.p.i.AbstractProblemLoader Loading environment from /home/runner/work/key/key/key.core/../key.ui/examples/heap/simple/locsets.key 
53904      DEBUG main            d.u.i.k.p.i.AbstractProblemLoader Environment load took 82.2ns 
53905      INFO  main            d.u.i.k.p.i.AbstractProblemLoader Creating init config 
56118      DEBUG main            d.u.i.k.p.i.AbstractProblemLoader Init config took 2.21s 
56133      INFO  main            d.u.i.k.p.i.AbstractProblemLoader Replaying proof locsets.key 
56134      DEBUG main            d.u.i.k.p.i.IntermediateProofReplayer Proof replay took 5.6ns 
56238      INFO  main            d.u.i.k.p.r.p.TestFile    ... finished proof: closed. 
56404      INFO  main            d.u.i.k.p.i.AbstractProblemLoader Loading environment from /home/runner/work/key/key/key.core/../key.ui/examples/heap/simple/locsets.key.proof 
56404      DEBUG main            d.u.i.k.p.i.AbstractProblemLoader Environment load took 103.5ns 
56405      INFO  main            d.u.i.k.p.i.AbstractProblemLoader Creating init config 
58592      DEBUG main            d.u.i.k.p.i.AbstractProblemLoader Init config took 2.19s 
58608      INFO  main            d.u.i.k.p.i.AbstractProblemLoader Replaying proof locsets.key.proof 
58611      DEBUG main            d.u.i.k.p.i.IntermediateProofReplayer Proof replay took 1.89ms 
58612      DEBUG main            d.u.i.k.p.r.p.TestFile    ... success: reloaded. 
58612      INFO  main            d.u.i.k.p.r.p.TestFile    Now processing file /home/runner/work/key/key/key.core/../key.ui/examples/heap/simple/loop1.key 
58613      INFO  main            d.u.i.k.p.i.AbstractProblemLoader Loading environment from /home/runner/work/key/key/key.core/../key.ui/examples/heap/simple/loop1.key 
58613      DEBUG main            d.u.i.k.p.i.AbstractProblemLoader Environment load took 70.6ns 
58614      INFO  main            d.u.i.k.p.i.AbstractProblemLoader Creating init config 
61010      DEBUG main            d.u.i.k.p.i.AbstractProblemLoader Init config took 2.4s 
61027      INFO  main            d.u.i.k.p.i.AbstractProblemLoader Replaying proof loop1.key 
61028      DEBUG main            d.u.i.k.p.i.IntermediateProofReplayer Proof replay took 5.9ns 
61233      INFO  main            d.u.i.k.p.r.p.TestFile    ... finished proof: closed. 
61438      INFO  main            d.u.i.k.p.i.AbstractProblemLoader Loading environment from /home/runner/work/key/key/key.core/../key.ui/examples/heap/simple/loop1.key.proof 
61438      DEBUG main            d.u.i.k.p.i.AbstractProblemLoader Environment load took 115.2ns 
61439      INFO  main            d.u.i.k.p.i.AbstractProblemLoader Creating init config 
63848      DEBUG main            d.u.i.k.p.i.AbstractProblemLoader Init config took 2.41s 
63864      INFO  main            d.u.i.k.p.i.AbstractProblemLoader Replaying proof loop1.key.proof 
63933      DEBUG main            d.u.i.k.p.i.IntermediateProofReplayer Proof replay took 67.79ms 
63936      DEBUG main            d.u.i.k.p.r.p.TestFile    ... success: reloaded. 
63937      INFO  main            d.u.i.k.p.r.p.TestFile    Now processing file /home/runner/work/key/key/key.core/../key.ui/examples/heap/simple/loop2.key 
63938      INFO  main            d.u.i.k.p.i.AbstractProblemLoader Loading environment from /home/runner/work/key/key/key.core/../key.ui/examples/heap/simple/loop2.key 
63938      DEBUG main            d.u.i.k.p.i.AbstractProblemLoader Environment load took 211.5ns 
63939      INFO  main            d.u.i.k.p.i.AbstractProblemLoader Creating init config 
66418      DEBUG main            d.u.i.k.p.i.AbstractProblemLoader Init config took 2.48s 
66433      INFO  main            d.u.i.k.p.i.AbstractProblemLoader Replaying proof loop2.key 
66435      DEBUG main            d.u.i.k.p.i.IntermediateProofReplayer Proof replay took 5.8ns 
66939      INFO  main            d.u.i.k.p.r.p.TestFile    ... finished proof: closed. 
67145      INFO  main            d.u.i.k.p.i.AbstractProblemLoader Loading environment from /home/runner/work/key/key/key.core/../key.ui/examples/heap/simple/loop2.key.proof 
67145      DEBUG main            d.u.i.k.p.i.AbstractProblemLoader Environment load took 105.9ns 
67149      INFO  main            d.u.i.k.p.i.AbstractProblemLoader Creating init config 
69527      DEBUG main            d.u.i.k.p.i.AbstractProblemLoader Init config took 2.38s 
69543      INFO  main            d.u.i.k.p.i.AbstractProblemLoader Replaying proof loop2.key.proof 
69649      DEBUG main            d.u.i.k.p.i.IntermediateProofReplayer Proof replay took 101.72ms 
69651      DEBUG main            d.u.i.k.p.r.p.TestFile    ... success: reloaded. 
69652      INFO  main            d.u.i.k.p.r.p.TestFile    Now processing file /home/runner/work/key/key/key.core/../key.ui/examples/heap/simple/modifies_datagroup.key 
69652      INFO  main            d.u.i.k.p.i.AbstractProblemLoader Loading environment from /home/runner/work/key/key/key.core/../key.ui/examples/heap/simple/modifies_datagroup.key 
69653      DEBUG main            d.u.i.k.p.i.AbstractProblemLoader Environment load took 185.3ns 
69654      INFO  main            d.u.i.k.p.i.AbstractProblemLoader Creating init config 
71870      DEBUG main            d.u.i.k.p.i.AbstractProblemLoader Init config took 2.22s 
71884      INFO  main            d.u.i.k.p.i.AbstractProblemLoader Replaying proof modifies_datagroup.key 
71886      DEBUG main            d.u.i.k.p.i.IntermediateProofReplayer Proof replay took 5.9ns 
71988      INFO  main            d.u.i.k.p.r.p.TestFile    ... finished proof: closed. 
72183      INFO  main            d.u.i.k.p.i.AbstractProblemLoader Loading environment from /home/runner/work/key/key/key.core/../key.ui/examples/heap/simple/modifies_datagroup.key.proof 
72184      DEBUG main            d.u.i.k.p.i.AbstractProblemLoader Environment load took 98ns 
72185      INFO  main            d.u.i.k.p.i.AbstractProblemLoader Creating init config 
74337      DEBUG main            d.u.i.k.p.i.AbstractProblemLoader Init config took 2.15s 
74352      INFO  main            d.u.i.k.p.i.AbstractProblemLoader Replaying proof modifies_datagroup.key.proof 
74356      DEBUG main            d.u.i.k.p.i.IntermediateProofReplayer Proof replay took 3.16ms 
74357      DEBUG main            d.u.i.k.p.r.p.TestFile    ... success: reloaded. 
74358      INFO  main            d.u.i.k.p.r.p.TestFile    Now processing file /home/runner/work/key/key/key.core/../key.ui/examples/heap/simple/modifies.key 
74358      INFO  main            d.u.i.k.p.i.AbstractProblemLoader Loading environment from /home/runner/work/key/key/key.core/../key.ui/examples/heap/simple/modifies.key 
74359      DEBUG main            d.u.i.k.p.i.AbstractProblemLoader Environment load took 190.4ns 
74360      INFO  main            d.u.i.k.p.i.AbstractProblemLoader Creating init config 
76561      DEBUG main            d.u.i.k.p.i.AbstractProblemLoader Init config took 2.2s 
76575      INFO  main            d.u.i.k.p.i.AbstractProblemLoader Replaying proof modifies.key 
76576      DEBUG main            d.u.i.k.p.i.IntermediateProofReplayer Proof replay took 5.7ns 
76678      INFO  main            d.u.i.k.p.r.p.TestFile    ... finished proof: closed. 
76876      INFO  main            d.u.i.k.p.i.AbstractProblemLoader Loading environment from /home/runner/work/key/key/key.core/../key.ui/examples/heap/simple/modifies.key.proof 
76876      DEBUG main            d.u.i.k.p.i.AbstractProblemLoader Environment load took 101.9ns 
76878      INFO  main            d.u.i.k.p.i.AbstractProblemLoader Creating init config 
79033      DEBUG main            d.u.i.k.p.i.AbstractProblemLoader Init config took 2.16s 
79048      INFO  main            d.u.i.k.p.i.AbstractProblemLoader Replaying proof modifies.key.proof 
79060      DEBUG main            d.u.i.k.p.i.IntermediateProofReplayer Proof replay took 10.34ms 
79061      DEBUG main            d.u.i.k.p.r.p.TestFile    ... success: reloaded. 
79062      INFO  main            d.u.i.k.p.r.p.TestFile    Now processing file /home/runner/work/key/key/key.core/../key.ui/examples/heap/simple/object_creation.key 
79062      INFO  main            d.u.i.k.p.i.AbstractProblemLoader Loading environment from /home/runner/work/key/key/key.core/../key.ui/examples/heap/simple/object_creation.key 
79062      DEBUG main            d.u.i.k.p.i.AbstractProblemLoader Environment load took 54.3ns 
79063      INFO  main            d.u.i.k.p.i.AbstractProblemLoader Creating init config 
81292      DEBUG main            d.u.i.k.p.i.AbstractProblemLoader Init config took 2.23s 
81307      INFO  main            d.u.i.k.p.i.AbstractProblemLoader Replaying proof object_creation.key 
81310      DEBUG main            d.u.i.k.p.i.IntermediateProofReplayer Proof replay took 8.4ns 
81513      INFO  main            d.u.i.k.p.r.p.TestFile    ... finished proof: closed. 
81716      INFO  main            d.u.i.k.p.i.AbstractProblemLoader Loading environment from /home/runner/work/key/key/key.core/../key.ui/examples/heap/simple/object_creation.key.proof 
81716      DEBUG main            d.u.i.k.p.i.AbstractProblemLoader Environment load took 100.8ns 
81718      INFO  main            d.u.i.k.p.i.AbstractProblemLoader Creating init config 
83879      DEBUG main            d.u.i.k.p.i.AbstractProblemLoader Init config took 2.16s 
83893      INFO  main            d.u.i.k.p.i.AbstractProblemLoader Replaying proof object_creation.key.proof 
83937      DEBUG main            d.u.i.k.p.i.IntermediateProofReplayer Proof replay took 40.41ms 
83938      DEBUG main            d.u.i.k.p.r.p.TestFile    ... success: reloaded. 
83938      INFO  main            d.u.i.k.p.r.p.TestFile    Now processing file /home/runner/work/key/key/key.core/../key.ui/examples/heap/simple/operation_contracts.key 
83939      INFO  main            d.u.i.k.p.i.AbstractProblemLoader Loading environment from /home/runner/work/key/key/key.core/../key.ui/examples/heap/simple/operation_contracts.key 
83939      DEBUG main            d.u.i.k.p.i.AbstractProblemLoader Environment load took 158.5ns 
83940      INFO  main            d.u.i.k.p.i.AbstractProblemLoader Creating init config 
86367      DEBUG main            d.u.i.k.p.i.AbstractProblemLoader Init config took 2.43s 
86386      INFO  main            d.u.i.k.p.i.AbstractProblemLoader Replaying proof operation_contracts.key 
86387      DEBUG main            d.u.i.k.p.i.IntermediateProofReplayer Proof replay took 6ns 
87094      INFO  main            d.u.i.k.p.r.p.TestFile    ... finished proof: closed. 
87378      INFO  main            d.u.i.k.p.i.AbstractProblemLoader Loading environment from /home/runner/work/key/key/key.core/../key.ui/examples/heap/simple/operation_contracts.key.proof 
87379      DEBUG main            d.u.i.k.p.i.AbstractProblemLoader Environment load took 384.3ns 
87380      INFO  main            d.u.i.k.p.i.AbstractProblemLoader Creating init config 
89756      DEBUG main            d.u.i.k.p.i.AbstractProblemLoader Init config took 2.38s 
89771      INFO  main            d.u.i.k.p.i.AbstractProblemLoader Replaying proof operation_contracts.key.proof 
89884      DEBUG main            d.u.i.k.p.i.IntermediateProofReplayer Proof replay took 105.87ms 
89886      DEBUG main            d.u.i.k.p.r.p.TestFile    ... success: reloaded. 
89887      INFO  main            d.u.i.k.p.r.p.TestFile    Now processing file /home/runner/work/key/key/key.core/../key.ui/examples/heap/simple/select_store.key 
89888      INFO  main            d.u.i.k.p.i.AbstractProblemLoader Loading environment from /home/runner/work/key/key/key.core/../key.ui/examples/heap/simple/select_store.key 
89888      DEBUG main            d.u.i.k.p.i.AbstractProblemLoader Environment load took 200.7ns 
89889      INFO  main            d.u.i.k.p.i.AbstractProblemLoader Creating init config 
92126      DEBUG main            d.u.i.k.p.i.AbstractProblemLoader Init config took 2.24s 
92140      INFO  main            d.u.i.k.p.i.AbstractProblemLoader Replaying proof select_store.key 
92141      DEBUG main            d.u.i.k.p.i.IntermediateProofReplayer Proof replay took 6.5ns 
92247      INFO  main            d.u.i.k.p.r.p.TestFile    ... finished proof: closed. 
92477      INFO  main            d.u.i.k.p.i.AbstractProblemLoader Loading environment from /home/runner/work/key/key/key.core/../key.ui/examples/heap/simple/select_store.key.proof 
92478      DEBUG main            d.u.i.k.p.i.AbstractProblemLoader Environment load took 324.8ns 
92479      INFO  main            d.u.i.k.p.i.AbstractProblemLoader Creating init config 
94630      DEBUG main            d.u.i.k.p.i.AbstractProblemLoader Init config took 2.15s 
94643      INFO  main            d.u.i.k.p.i.AbstractProblemLoader Replaying proof select_store.key.proof 
94646      DEBUG main            d.u.i.k.p.i.IntermediateProofReplayer Proof replay took 1.87ms 
94647      DEBUG main            d.u.i.k.p.r.p.TestFile    ... success: reloaded. 
94648      INFO  main            d.u.i.k.p.r.p.TestFile    Now processing file /home/runner/work/key/key/key.core/../key.ui/examples/heap/simple/selection_sort.key 
94648      INFO  main            d.u.i.k.p.i.AbstractProblemLoader Loading environment from /home/runner/work/key/key/key.core/../key.ui/examples/heap/simple/selection_sort.key 
94648      DEBUG main            d.u.i.k.p.i.AbstractProblemLoader Environment load took 80.6ns 
94649      INFO  main            d.u.i.k.p.i.AbstractProblemLoader Creating init config 
97101      DEBUG main            d.u.i.k.p.i.AbstractProblemLoader Init config took 2.45s 
97116      INFO  main            d.u.i.k.p.i.AbstractProblemLoader Replaying proof selection_sort.key 
97120      DEBUG main            d.u.i.k.p.i.IntermediateProofReplayer Proof replay took 7ns 
100430     INFO  main            d.u.i.k.p.r.p.TestFile    ... finished proof: closed. 
100689     INFO  main            d.u.i.k.p.i.AbstractProblemLoader Loading environment from /home/runner/work/key/key/key.core/../key.ui/examples/heap/simple/selection_sort.key.proof 
100689     DEBUG main            d.u.i.k.p.i.AbstractProblemLoader Environment load took 449.2ns 
100694     INFO  main            d.u.i.k.p.i.AbstractProblemLoader Creating init config 
103066     DEBUG main            d.u.i.k.p.i.AbstractProblemLoader Init config took 2.37s 
103080     INFO  main            d.u.i.k.p.i.AbstractProblemLoader Replaying proof selection_sort.key.proof 
103677     DEBUG main            d.u.i.k.p.i.IntermediateProofReplayer Proof replay took 574.36ms 
103679     DEBUG main            d.u.i.k.p.r.p.TestFile    ... success: reloaded. 
103680     INFO  main            d.u.i.k.p.r.p.TestFile    Now processing file /home/runner/work/key/key/key.core/../key.ui/examples/heap/simple/seq.key 
103681     INFO  main            d.u.i.k.p.i.AbstractProblemLoader Loading environment from /home/runner/work/key/key/key.core/../key.ui/examples/heap/simple/seq.key 
103681     DEBUG main            d.u.i.k.p.i.AbstractProblemLoader Environment load took 181.4ns 
103682     INFO  main            d.u.i.k.p.i.AbstractProblemLoader Creating init config 
105874     DEBUG main            d.u.i.k.p.i.AbstractProblemLoader Init config took 2.19s 
105887     INFO  main            d.u.i.k.p.i.AbstractProblemLoader Replaying proof seq.key 
105888     DEBUG main            d.u.i.k.p.i.IntermediateProofReplayer Proof replay took 6.2ns 
106293     INFO  main            d.u.i.k.p.r.p.TestFile    ... finished proof: closed. 
106569     INFO  main            d.u.i.k.p.i.AbstractProblemLoader Loading environment from /home/runner/work/key/key/key.core/../key.ui/examples/heap/simple/seq.key.proof 
106569     DEBUG main            d.u.i.k.p.i.AbstractProblemLoader Environment load took 365.6ns 
106571     INFO  main            d.u.i.k.p.i.AbstractProblemLoader Creating init config 
108690     DEBUG main            d.u.i.k.p.i.AbstractProblemLoader Init config took 2.12s 
108703     INFO  main            d.u.i.k.p.i.AbstractProblemLoader Replaying proof seq.key.proof 
108750     DEBUG main            d.u.i.k.p.i.IntermediateProofReplayer Proof replay took 42.64ms 
108751     DEBUG main            d.u.i.k.p.r.p.TestFile    ... success: reloaded. 
108752     INFO  main            d.u.i.k.p.r.p.TestFile    Now processing file /home/runner/work/key/key/key.core/../key.ui/examples/heap/simple/oldForParams.key 
108752     INFO  main            d.u.i.k.p.i.AbstractProblemLoader Loading environment from /home/runner/work/key/key/key.core/../key.ui/examples/heap/simple/oldForParams.key 
108753     DEBUG main            d.u.i.k.p.i.AbstractProblemLoader Environment load took 178.4ns 
108753     INFO  main            d.u.i.k.p.i.AbstractProblemLoader Creating init config 
111139     DEBUG main            d.u.i.k.p.i.AbstractProblemLoader Init config took 2.39s 
111225     INFO  main            d.u.i.k.p.i.AbstractProblemLoader Replaying proof OldForParameters[OldForParameters::method(int)].JML operation contract.0 
111227     DEBUG main            d.u.i.k.p.i.IntermediateProofReplayer Proof replay took 7ns 
111431     INFO  main            d.u.i.k.p.r.p.TestFile    ... finished proof: closed. 
111658     INFO  main            d.u.i.k.p.i.AbstractProblemLoader Loading environment from /home/runner/work/key/key/key.core/../key.ui/examples/heap/simple/oldForParams.key.proof 
111658     DEBUG main            d.u.i.k.p.i.AbstractProblemLoader Environment load took 95.7ns 
111659     INFO  main            d.u.i.k.p.i.AbstractProblemLoader Creating init config 
114010     DEBUG main            d.u.i.k.p.i.AbstractProblemLoader Init config took 2.35s 
114048     INFO  main            d.u.i.k.p.i.AbstractProblemLoader Replaying proof OldForParameters[OldForParameters::method(int)].JML operation contract.0 
114091     DEBUG main            d.u.i.k.p.i.IntermediateProofReplayer Proof replay took 40.9ms 
114092     DEBUG main            d.u.i.k.p.r.p.TestFile    ... success: reloaded. 
114093     INFO  main            d.u.i.k.p.r.p.TestFile    Now processing file /home/runner/work/key/key/key.core/../key.ui/examples/heap/simple/parse_lmtd.key 
114093     INFO  main            d.u.i.k.p.i.AbstractProblemLoader Loading environment from /home/runner/work/key/key/key.core/../key.ui/examples/heap/simple/parse_lmtd.key 
114093     DEBUG main            d.u.i.k.p.i.AbstractProblemLoader Environment load took 81ns 
114094     INFO  main            d.u.i.k.p.i.AbstractProblemLoader Creating init config 
116503     DEBUG main            d.u.i.k.p.i.AbstractProblemLoader Init config took 2.41s 
116541     INFO  main            d.u.i.k.p.i.AbstractProblemLoader Replaying proof ParseLmtd[ParseLmtd::simple(int)].JML normal_behavior operation contract.0 
116542     DEBUG main            d.u.i.k.p.i.IntermediateProofReplayer Proof replay took 5.5ns 
116646     INFO  main            d.u.i.k.p.r.p.TestFile    ... finished proof: closed. 
116908     INFO  main            d.u.i.k.p.i.AbstractProblemLoader Loading environment from /home/runner/work/key/key/key.core/../key.ui/examples/heap/simple/parse_lmtd.key.proof 
116908     DEBUG main            d.u.i.k.p.i.AbstractProblemLoader Environment load took 95ns 
116909     INFO  main            d.u.i.k.p.i.AbstractProblemLoader Creating init config 
119310     DEBUG main            d.u.i.k.p.i.AbstractProblemLoader Init config took 2.4s 
119361     INFO  main            d.u.i.k.p.i.AbstractProblemLoader Replaying proof ParseLmtd[ParseLmtd::simple(int)].JML normal_behavior operation contract.0 
119384     DEBUG main            d.u.i.k.p.i.IntermediateProofReplayer Proof replay took 20.33ms 
119385     DEBUG main            d.u.i.k.p.r.p.TestFile    ... success: reloaded. 
119386     INFO  main            d.u.i.k.p.r.p.TestFile    Now processing file /home/runner/work/key/key/key.core/../key.ui/examples/heap/strictly_pure/strictlyPureMethod.key 
119386     INFO  main            d.u.i.k.p.i.AbstractProblemLoader Loading environment from /home/runner/work/key/key/key.core/../key.ui/examples/heap/strictly_pure/strictlyPureMethod.key 
119386     DEBUG main            d.u.i.k.p.i.AbstractProblemLoader Environment load took 191.5ns 
119388     INFO  main            d.u.i.k.p.i.AbstractProblemLoader Creating init config 
121669     DEBUG main            d.u.i.k.p.i.AbstractProblemLoader Init config took 2.28s 
121704     INFO  main            d.u.i.k.p.i.AbstractProblemLoader Replaying proof StrictlyPure[StrictlyPure::strictlyPureMethod()].JML operation contract.0 
121706     DEBUG main            d.u.i.k.p.i.IntermediateProofReplayer Proof replay took 5.9ns 
121912     INFO  main            d.u.i.k.p.r.p.TestFile    ... finished proof: closed. 
122148     INFO  main            d.u.i.k.p.i.AbstractProblemLoader Loading environment from /home/runner/work/key/key/key.core/../key.ui/examples/heap/strictly_pure/strictlyPureMethod.key.proof 
122148     DEBUG main            d.u.i.k.p.i.AbstractProblemLoader Environment load took 93.4ns 
122149     INFO  main            d.u.i.k.p.i.AbstractProblemLoader Creating init config 
124394     DEBUG main            d.u.i.k.p.i.AbstractProblemLoader Init config took 2.24s 
124428     INFO  main            d.u.i.k.p.i.AbstractProblemLoader Replaying proof StrictlyPure[StrictlyPure::strictlyPureMethod()].JML operation contract.0 
124463     DEBUG main            d.u.i.k.p.i.IntermediateProofReplayer Proof replay took 32.84ms 
124464     DEBUG main            d.u.i.k.p.r.p.TestFile    ... success: reloaded. 
124464     INFO  main            d.u.i.k.p.r.p.TestFile    Now processing file /home/runner/work/key/key/key.core/../key.ui/examples/heap/strictly_pure/useStrictlyPureMethod.key 
124465     INFO  main            d.u.i.k.p.i.AbstractProblemLoader Loading environment from /home/runner/work/key/key/key.core/../key.ui/examples/heap/strictly_pure/useStrictlyPureMethod.key 
124465     DEBUG main            d.u.i.k.p.i.AbstractProblemLoader Environment load took 79.9ns 
124465     INFO  main            d.u.i.k.p.i.AbstractProblemLoader Creating init config 
126721     DEBUG main            d.u.i.k.p.i.AbstractProblemLoader Init config took 2.26s 
126754     INFO  main            d.u.i.k.p.i.AbstractProblemLoader Replaying proof StrictlyPure[StrictlyPure::useStrictlyPureMethod(StrictlyPureClass)].JML operation contract.0 
126756     DEBUG main            d.u.i.k.p.i.IntermediateProofReplayer Proof replay took 6.3ns 
126958     INFO  main            d.u.i.k.p.r.p.TestFile    ... finished proof: closed. 
127207     INFO  main            d.u.i.k.p.i.AbstractProblemLoader Loading environment from /home/runner/work/key/key/key.core/../key.ui/examples/heap/strictly_pure/useStrictlyPureMethod.key.proof 
127207     DEBUG main            d.u.i.k.p.i.AbstractProblemLoader Environment load took 98ns 
127208     INFO  main            d.u.i.k.p.i.AbstractProblemLoader Creating init config 
129415     DEBUG main            d.u.i.k.p.i.AbstractProblemLoader Init config took 2.21s 
129448     INFO  main            d.u.i.k.p.i.AbstractProblemLoader Replaying proof StrictlyPure[StrictlyPure::useStrictlyPureMethod(StrictlyPureClass)].JML operation contract.0 
129497     DEBUG main            d.u.i.k.p.i.IntermediateProofReplayer Proof replay took 45.6ms 
129497     DEBUG main            d.u.i.k.p.r.p.TestFile    ... success: reloaded. 
129498     INFO  main            d.u.i.k.p.r.p.TestFile    Now processing file /home/runner/work/key/key/key.core/../key.ui/examples/heap/Wellfounded/ackermann.key 
129499     INFO  main            d.u.i.k.p.i.AbstractProblemLoader Loading environment from /home/runner/work/key/key/key.core/../key.ui/examples/heap/Wellfounded/ackermann.key 
129499     DEBUG main            d.u.i.k.p.i.AbstractProblemLoader Environment load took 78.7ns 
129499     INFO  main            d.u.i.k.p.i.AbstractProblemLoader Creating init config 
131787     DEBUG main            d.u.i.k.p.i.AbstractProblemLoader Init config took 2.29s 
131820     INFO  main            d.u.i.k.p.i.AbstractProblemLoader Replaying proof Ackermann[Ackermann::a(int,int)].JML normal_behavior operation contract.0 
131823     DEBUG main            d.u.i.k.p.i.IntermediateProofReplayer Proof replay took 6ns 
132025     INFO  main            d.u.i.k.p.r.p.TestFile    ... finished proof: closed. 
132301     INFO  main            d.u.i.k.p.i.AbstractProblemLoader Loading environment from /home/runner/work/key/key/key.core/../key.ui/examples/heap/Wellfounded/ackermann.key.proof 
132301     DEBUG main            d.u.i.k.p.i.AbstractProblemLoader Environment load took 99.1ns 
132302     INFO  main            d.u.i.k.p.i.AbstractProblemLoader Creating init config 
134537     DEBUG main            d.u.i.k.p.i.AbstractProblemLoader Init config took 2.23s 
134571     INFO  main            d.u.i.k.p.i.AbstractProblemLoader Replaying proof Ackermann[Ackermann::a(int,int)].JML normal_behavior operation contract.0 
134633     DEBUG main            d.u.i.k.p.i.IntermediateProofReplayer Proof replay took 57.98ms 
134635     DEBUG main            d.u.i.k.p.r.p.TestFile    ... success: reloaded. 
134636     INFO  main            d.u.i.k.p.r.p.TestFile    Now processing file /home/runner/work/key/key/key.core/../key.ui/examples/standard_key/unicode_test.key 
134636     INFO  main            d.u.i.k.p.i.AbstractProblemLoader Loading environment from /home/runner/work/key/key/key.core/../key.ui/examples/standard_key/unicode_test.key 
134637     DEBUG main            d.u.i.k.p.i.AbstractProblemLoader Environment load took 195ns 
134638     INFO  main            d.u.i.k.p.i.AbstractProblemLoader Creating init config 
136856     DEBUG main            d.u.i.k.p.i.AbstractProblemLoader Init config took 2.22s 
136869     INFO  main            d.u.i.k.p.i.AbstractProblemLoader Replaying proof unicode_test.key 
136870     DEBUG main            d.u.i.k.p.i.IntermediateProofReplayer Proof replay took 6.3ns 
136974     INFO  main            d.u.i.k.p.r.p.TestFile    ... finished proof: closed. 
137229     INFO  main            d.u.i.k.p.i.AbstractProblemLoader Loading environment from /home/runner/work/key/key/key.core/../key.ui/examples/standard_key/unicode_test.key.proof 
137229     DEBUG main            d.u.i.k.p.i.AbstractProblemLoader Environment load took 90.5ns 
137230     INFO  main            d.u.i.k.p.i.AbstractProblemLoader Creating init config 
139355     DEBUG main            d.u.i.k.p.i.AbstractProblemLoader Init config took 2.13s 
139367     INFO  main            d.u.i.k.p.i.AbstractProblemLoader Replaying proof unicode_test.key.proof 
139369     DEBUG main            d.u.i.k.p.i.IntermediateProofReplayer Proof replay took 291.5ns 
139369     DEBUG main            d.u.i.k.p.r.p.TestFile    ... success: reloaded. 
139370     INFO  main            d.u.i.k.p.r.p.TestFile    Now processing file /home/runner/work/key/key/key.core/../key.ui/examples/heap/strictlyModular/mayExpand.key 
139370     INFO  main            d.u.i.k.p.i.AbstractProblemLoader Loading environment from /home/runner/work/key/key/key.core/../key.ui/examples/heap/strictlyModular/mayExpand.key 
139374     DEBUG main            d.u.i.k.p.i.AbstractProblemLoader Environment load took 4.32ms 
139375     INFO  main            d.u.i.k.p.i.AbstractProblemLoader Creating init config 
141619     DEBUG main            d.u.i.k.p.i.AbstractProblemLoader Init config took 2.24s 
141652     INFO  main            d.u.i.k.p.i.AbstractProblemLoader Replaying proof Modular[Modular::m()].JML operation contract.0 
141654     DEBUG main            d.u.i.k.p.i.IntermediateProofReplayer Proof replay took 6ns 
141755     INFO  main            d.u.i.k.p.r.p.TestFile    ... finished proof: closed. 
142006     INFO  main            d.u.i.k.p.i.AbstractProblemLoader Loading environment from /home/runner/work/key/key/key.core/../key.ui/examples/heap/strictlyModular/mayExpand.key.proof 
142006     DEBUG main            d.u.i.k.p.i.AbstractProblemLoader Environment load took 83.1ns 
142007     INFO  main            d.u.i.k.p.i.AbstractProblemLoader Creating init config 
144195     DEBUG main            d.u.i.k.p.i.AbstractProblemLoader Init config took 2.19s 
144228     INFO  main            d.u.i.k.p.i.AbstractProblemLoader Replaying proof Modular[Modular::m()].JML operation contract.0 
144246     DEBUG main            d.u.i.k.p.i.IntermediateProofReplayer Proof replay took 15.65ms 
144247     DEBUG main            d.u.i.k.p.r.p.TestFile    ... success: reloaded. 
144248     INFO  main            d.u.i.k.p.r.p.TestFile    Now processing file /home/runner/work/key/key/key.core/../key.ui/examples/heap/strictlyModular/modularOnly.key 
144249     INFO  main            d.u.i.k.p.i.AbstractProblemLoader Loading environment from /home/runner/work/key/key/key.core/../key.ui/examples/heap/strictlyModular/modularOnly.key 
144249     DEBUG main            d.u.i.k.p.i.AbstractProblemLoader Environment load took 186.9ns 
144250     INFO  main            d.u.i.k.p.i.AbstractProblemLoader Creating init config 
146493     DEBUG main            d.u.i.k.p.i.AbstractProblemLoader Init config took 2.24s 
146525     INFO  main            d.u.i.k.p.i.AbstractProblemLoader Replaying proof Modular[Modular::m()].JML operation contract.0 
146526     DEBUG main            d.u.i.k.p.i.IntermediateProofReplayer Proof replay took 6.4ns 
146629     INFO  main            d.u.i.k.p.r.p.TestFile    ... finished proof: open goal(s) 
1800855    INFO  Test worker     d.u.i.k.p.r.RunAllProofsTestUnit Returning from test simpleTests 
1800856    INFO  Test worker     d.u.i.k.p.r.RunAllProofsTestUnit Running test SmansEtAl 
313        INFO  Timeout watchdog d.u.i.k.p.r.p.ForkedTestFileRunner Timeout watcher launched (2000 secs.) 
321        WARN  main            d.u.i.k.s.ProofSettings   The settings in /home/runner/.key/proof-settings.props are *not* read. 
346        INFO  main            d.u.i.k.p.r.p.TestFile    Now processing file /home/runner/work/key/key/key.core/../key.ui/examples/heap/SmansEtAl/ArrayList_add.key 
445        INFO  main            d.u.i.k.p.i.AbstractProblemLoader Loading environment from /home/runner/work/key/key/key.core/../key.ui/examples/heap/SmansEtAl/ArrayList_add.key 
466        DEBUG main            d.u.i.k.p.i.AbstractProblemLoader Environment load took 1.69ms 
667        INFO  main            d.u.i.k.p.i.AbstractProblemLoader Creating init config 
1579       DEBUG main            d.u.i.k.j.TypeConverter   No LDT found for Meta 
1580       DEBUG main            d.u.i.k.j.TypeConverter   No LDT found for Meta 
1583       DEBUG main            d.u.i.k.j.TypeConverter   No LDT found for Meta 
1583       DEBUG main            d.u.i.k.j.TypeConverter   No LDT found for Meta 
3011       DEBUG main            d.u.i.k.j.TypeConverter   No LDT found for JavaBigintExpression 
7822       DEBUG main            d.u.i.k.p.i.AbstractProblemLoader Init config took 7.15s 
7950       INFO  main            d.u.i.k.p.i.AbstractProblemLoader Replaying proof ArrayList[ArrayList::add(java.lang.Object)].JML normal_behavior operation contract.0 
7980       DEBUG main            d.u.i.k.p.i.IntermediateProofReplayer Proof replay took 30.3ns 
14916      INFO  main            d.u.i.k.p.r.p.TestFile    ... finished proof: closed. 
15092      INFO  main            d.u.i.k.p.i.AbstractProblemLoader Loading environment from /home/runner/work/key/key/key.core/../key.ui/examples/heap/SmansEtAl/ArrayList_add.key.proof 
15094      DEBUG main            d.u.i.k.p.i.AbstractProblemLoader Environment load took 1.82ms 
15098      INFO  main            d.u.i.k.p.i.AbstractProblemLoader Creating init config 
17958      DEBUG main            d.u.i.k.p.i.AbstractProblemLoader Init config took 2.86s 
18018      INFO  main            d.u.i.k.p.i.AbstractProblemLoader Replaying proof ArrayList[ArrayList::add(java.lang.Object)].JML normal_behavior operation contract.0 
19113      DEBUG main            d.u.i.k.p.i.IntermediateProofReplayer Proof replay took 1.04s 
19121      DEBUG main            d.u.i.k.p.r.p.TestFile    ... success: reloaded. 
19123      INFO  main            d.u.i.k.p.r.p.TestFile    Now processing file /home/runner/work/key/key/key.core/../key.ui/examples/heap/SmansEtAl/ArrayList_ArrayList.key 
19123      INFO  main            d.u.i.k.p.i.AbstractProblemLoader Loading environment from /home/runner/work/key/key/key.core/../key.ui/examples/heap/SmansEtAl/ArrayList_ArrayList.key 
19123      DEBUG main            d.u.i.k.p.i.AbstractProblemLoader Environment load took 251.5ns 
19125      INFO  main            d.u.i.k.p.i.AbstractProblemLoader Creating init config 
21959      DEBUG main            d.u.i.k.p.i.AbstractProblemLoader Init config took 2.83s 
22012      INFO  main            d.u.i.k.p.i.AbstractProblemLoader Replaying proof ArrayList[ArrayList::ArrayList()].JML normal_behavior operation contract.0 
22014      DEBUG main            d.u.i.k.p.i.IntermediateProofReplayer Proof replay took 5.9ns 
22920      INFO  main            d.u.i.k.p.r.p.TestFile    ... finished proof: closed. 
23087      INFO  main            d.u.i.k.p.i.AbstractProblemLoader Loading environment from /home/runner/work/key/key/key.core/../key.ui/examples/heap/SmansEtAl/ArrayList_ArrayList.key.proof 
23087      DEBUG main            d.u.i.k.p.i.AbstractProblemLoader Environment load took 705.5ns 
23089      INFO  main            d.u.i.k.p.i.AbstractProblemLoader Creating init config 
25841      DEBUG main            d.u.i.k.p.i.AbstractProblemLoader Init config took 2.75s 
25888      INFO  main            d.u.i.k.p.i.AbstractProblemLoader Replaying proof ArrayList[ArrayList::ArrayList()].JML normal_behavior operation contract.0 
26037      DEBUG main            d.u.i.k.p.i.IntermediateProofReplayer Proof replay took 140.06ms 
26039      DEBUG main            d.u.i.k.p.r.p.TestFile    ... success: reloaded. 
26040      INFO  main            d.u.i.k.p.r.p.TestFile    Now processing file /home/runner/work/key/key/key.core/../key.ui/examples/heap/SmansEtAl/ArrayList_footprint.key 
26041      INFO  main            d.u.i.k.p.i.AbstractProblemLoader Loading environment from /home/runner/work/key/key/key.core/../key.ui/examples/heap/SmansEtAl/ArrayList_footprint.key 
26041      DEBUG main            d.u.i.k.p.i.AbstractProblemLoader Environment load took 222.6ns 
26042      INFO  main            d.u.i.k.p.i.AbstractProblemLoader Creating init config 
28743      DEBUG main            d.u.i.k.p.i.AbstractProblemLoader Init config took 2.7s 
28789      INFO  main            d.u.i.k.p.i.AbstractProblemLoader Replaying proof ArrayList[ArrayList::$footprint()].JML accessible clause.0 
28791      DEBUG main            d.u.i.k.p.i.IntermediateProofReplayer Proof replay took 5.2ns 
28897      INFO  main            d.u.i.k.p.r.p.TestFile    ... finished proof: closed. 
29077      INFO  main            d.u.i.k.p.i.AbstractProblemLoader Loading environment from /home/runner/work/key/key/key.core/../key.ui/examples/heap/SmansEtAl/ArrayList_footprint.key.proof 
29077      DEBUG main            d.u.i.k.p.i.AbstractProblemLoader Environment load took 109.6ns 
29078      INFO  main            d.u.i.k.p.i.AbstractProblemLoader Creating init config 
31716      DEBUG main            d.u.i.k.p.i.AbstractProblemLoader Init config took 2.64s 
31760      INFO  main            d.u.i.k.p.i.AbstractProblemLoader Replaying proof ArrayList[ArrayList::$footprint()].JML accessible clause.0 
31772      DEBUG main            d.u.i.k.p.i.IntermediateProofReplayer Proof replay took 9.25ms 
31773      DEBUG main            d.u.i.k.p.r.p.TestFile    ... success: reloaded. 
31774      INFO  main            d.u.i.k.p.r.p.TestFile    Now processing file /home/runner/work/key/key/key.core/../key.ui/examples/heap/SmansEtAl/ArrayList_get_dep.key 
31775      INFO  main            d.u.i.k.p.i.AbstractProblemLoader Loading environment from /home/runner/work/key/key/key.core/../key.ui/examples/heap/SmansEtAl/ArrayList_get_dep.key 
31775      DEBUG main            d.u.i.k.p.i.AbstractProblemLoader Environment load took 258.3ns 
31776      INFO  main            d.u.i.k.p.i.AbstractProblemLoader Creating init config 
34456      DEBUG main            d.u.i.k.p.i.AbstractProblemLoader Init config took 2.68s 
34501      INFO  main            d.u.i.k.p.i.AbstractProblemLoader Replaying proof ArrayList[ArrayList::get(int)].JML accessible clause.0 
34503      DEBUG main            d.u.i.k.p.i.IntermediateProofReplayer Proof replay took 6.7ns 
34809      INFO  main            d.u.i.k.p.r.p.TestFile    ... finished proof: closed. 
34975      INFO  main            d.u.i.k.p.i.AbstractProblemLoader Loading environment from /home/runner/work/key/key/key.core/../key.ui/examples/heap/SmansEtAl/ArrayList_get_dep.key.proof 
34975      DEBUG main            d.u.i.k.p.i.AbstractProblemLoader Environment load took 125.4ns 
34977      INFO  main            d.u.i.k.p.i.AbstractProblemLoader Creating init config 
37613      DEBUG main            d.u.i.k.p.i.AbstractProblemLoader Init config took 2.64s 
37680      INFO  main            d.u.i.k.p.i.AbstractProblemLoader Replaying proof ArrayList[ArrayList::get(int)].JML accessible clause.0 
37740      DEBUG main            d.u.i.k.p.i.IntermediateProofReplayer Proof replay took 53.06ms 
37741      DEBUG main            d.u.i.k.p.r.p.TestFile    ... success: reloaded. 
37742      INFO  main            d.u.i.k.p.r.p.TestFile    Now processing file /home/runner/work/key/key/key.core/../key.ui/examples/heap/SmansEtAl/ArrayList_get.key 
37742      INFO  main            d.u.i.k.p.i.AbstractProblemLoader Loading environment from /home/runner/work/key/key/key.core/../key.ui/examples/heap/SmansEtAl/ArrayList_get.key 
37743      DEBUG main            d.u.i.k.p.i.AbstractProblemLoader Environment load took 195.9ns 
37744      INFO  main            d.u.i.k.p.i.AbstractProblemLoader Creating init config 
40390      DEBUG main            d.u.i.k.p.i.AbstractProblemLoader Init config took 2.65s 
40433      INFO  main            d.u.i.k.p.i.AbstractProblemLoader Replaying proof ArrayList[ArrayList::get(int)].JML normal_behavior operation contract.0 
40435      DEBUG main            d.u.i.k.p.i.IntermediateProofReplayer Proof replay took 5.3ns 
40641      INFO  main            d.u.i.k.p.r.p.TestFile    ... finished proof: closed. 
40797      INFO  main            d.u.i.k.p.i.AbstractProblemLoader Loading environment from /home/runner/work/key/key/key.core/../key.ui/examples/heap/SmansEtAl/ArrayList_get.key.proof 
40797      DEBUG main            d.u.i.k.p.i.AbstractProblemLoader Environment load took 116.1ns 
40798      INFO  main            d.u.i.k.p.i.AbstractProblemLoader Creating init config 
43365      DEBUG main            d.u.i.k.p.i.AbstractProblemLoader Init config took 2.57s 
43412      INFO  main            d.u.i.k.p.i.AbstractProblemLoader Replaying proof ArrayList[ArrayList::get(int)].JML normal_behavior operation contract.0 
43444      DEBUG main            d.u.i.k.p.i.IntermediateProofReplayer Proof replay took 27.92ms 
43445      DEBUG main            d.u.i.k.p.r.p.TestFile    ... success: reloaded. 
43446      INFO  main            d.u.i.k.p.r.p.TestFile    Now processing file /home/runner/work/key/key/key.core/../key.ui/examples/heap/SmansEtAl/ArrayList_inv.key 
43446      INFO  main            d.u.i.k.p.i.AbstractProblemLoader Loading environment from /home/runner/work/key/key/key.core/../key.ui/examples/heap/SmansEtAl/ArrayList_inv.key 
43447      DEBUG main            d.u.i.k.p.i.AbstractProblemLoader Environment load took 218.4ns 
43448      INFO  main            d.u.i.k.p.i.AbstractProblemLoader Creating init config 
46065      DEBUG main            d.u.i.k.p.i.AbstractProblemLoader Init config took 2.62s 
46106      INFO  main            d.u.i.k.p.i.AbstractProblemLoader Replaying proof ArrayList[java.lang.Object::<inv>()].JML accessible clause.0 
46109      DEBUG main            d.u.i.k.p.i.IntermediateProofReplayer Proof replay took 5.8ns 
46214      INFO  main            d.u.i.k.p.r.p.TestFile    ... finished proof: closed. 
46383      INFO  main            d.u.i.k.p.i.AbstractProblemLoader Loading environment from /home/runner/work/key/key/key.core/../key.ui/examples/heap/SmansEtAl/ArrayList_inv.key.proof 
46383      DEBUG main            d.u.i.k.p.i.AbstractProblemLoader Environment load took 128.6ns 
46384      INFO  main            d.u.i.k.p.i.AbstractProblemLoader Creating init config 
48917      DEBUG main            d.u.i.k.p.i.AbstractProblemLoader Init config took 2.53s 
48957      INFO  main            d.u.i.k.p.i.AbstractProblemLoader Replaying proof ArrayList[java.lang.Object::<inv>()].JML accessible clause.0 
48968      DEBUG main            d.u.i.k.p.i.IntermediateProofReplayer Proof replay took 9.45ms 
48969      DEBUG main            d.u.i.k.p.r.p.TestFile    ... success: reloaded. 
48970      INFO  main            d.u.i.k.p.r.p.TestFile    Now processing file /home/runner/work/key/key/key.core/../key.ui/examples/heap/SmansEtAl/ArrayList_size_dep.key 
48971      INFO  main            d.u.i.k.p.i.AbstractProblemLoader Loading environment from /home/runner/work/key/key/key.core/../key.ui/examples/heap/SmansEtAl/ArrayList_size_dep.key 
48971      DEBUG main            d.u.i.k.p.i.AbstractProblemLoader Environment load took 90.8ns 
48972      INFO  main            d.u.i.k.p.i.AbstractProblemLoader Creating init config 
51516      DEBUG main            d.u.i.k.p.i.AbstractProblemLoader Init config took 2.54s 
51554      INFO  main            d.u.i.k.p.i.AbstractProblemLoader Replaying proof ArrayList[ArrayList::size()].JML accessible clause.0 
51555      DEBUG main            d.u.i.k.p.i.IntermediateProofReplayer Proof replay took 24.8ns 
51660      INFO  main            d.u.i.k.p.r.p.TestFile    ... finished proof: closed. 
51821      INFO  main            d.u.i.k.p.i.AbstractProblemLoader Loading environment from /home/runner/work/key/key/key.core/../key.ui/examples/heap/SmansEtAl/ArrayList_size_dep.key.proof 
51822      DEBUG main            d.u.i.k.p.i.AbstractProblemLoader Environment load took 112.1ns 
51823      INFO  main            d.u.i.k.p.i.AbstractProblemLoader Creating init config 
54338      DEBUG main            d.u.i.k.p.i.AbstractProblemLoader Init config took 2.52s 
54376      INFO  main            d.u.i.k.p.i.AbstractProblemLoader Replaying proof ArrayList[ArrayList::size()].JML accessible clause.0 
54392      DEBUG main            d.u.i.k.p.i.IntermediateProofReplayer Proof replay took 13.91ms 
54392      DEBUG main            d.u.i.k.p.r.p.TestFile    ... success: reloaded. 
54393      INFO  main            d.u.i.k.p.r.p.TestFile    Now processing file /home/runner/work/key/key/key.core/../key.ui/examples/heap/SmansEtAl/ArrayList_size.key 
54394      INFO  main            d.u.i.k.p.i.AbstractProblemLoader Loading environment from /home/runner/work/key/key/key.core/../key.ui/examples/heap/SmansEtAl/ArrayList_size.key 
54394      DEBUG main            d.u.i.k.p.i.AbstractProblemLoader Environment load took 83ns 
54395      INFO  main            d.u.i.k.p.i.AbstractProblemLoader Creating init config 
56936      DEBUG main            d.u.i.k.p.i.AbstractProblemLoader Init config took 2.54s 
56984      INFO  main            d.u.i.k.p.i.AbstractProblemLoader Replaying proof ArrayList[ArrayList::size()].JML normal_behavior operation contract.0 
56986      DEBUG main            d.u.i.k.p.i.IntermediateProofReplayer Proof replay took 5.3ns 
57089      INFO  main            d.u.i.k.p.r.p.TestFile    ... finished proof: closed. 
57249      INFO  main            d.u.i.k.p.i.AbstractProblemLoader Loading environment from /home/runner/work/key/key/key.core/../key.ui/examples/heap/SmansEtAl/ArrayList_size.key.proof 
57249      DEBUG main            d.u.i.k.p.i.AbstractProblemLoader Environment load took 104.4ns 
57254      INFO  main            d.u.i.k.p.i.AbstractProblemLoader Creating init config 
59775      DEBUG main            d.u.i.k.p.i.AbstractProblemLoader Init config took 2.52s 
59821      INFO  main            d.u.i.k.p.i.AbstractProblemLoader Replaying proof ArrayList[ArrayList::size()].JML normal_behavior operation contract.0 
59836      DEBUG main            d.u.i.k.p.i.IntermediateProofReplayer Proof replay took 12.65ms 
59837      DEBUG main            d.u.i.k.p.r.p.TestFile    ... success: reloaded. 
59838      INFO  main            d.u.i.k.p.r.p.TestFile    Now processing file /home/runner/work/key/key/key.core/../key.ui/examples/heap/SmansEtAl/Cell_Cell.key 
59838      INFO  main            d.u.i.k.p.i.AbstractProblemLoader Loading environment from /home/runner/work/key/key/key.core/../key.ui/examples/heap/SmansEtAl/Cell_Cell.key 
59838      DEBUG main            d.u.i.k.p.i.AbstractProblemLoader Environment load took 77.3ns 
59839      INFO  main            d.u.i.k.p.i.AbstractProblemLoader Creating init config 
62365      DEBUG main            d.u.i.k.p.i.AbstractProblemLoader Init config took 2.53s 
62407      INFO  main            d.u.i.k.p.i.AbstractProblemLoader Replaying proof Cell[Cell::Cell()].JML normal_behavior operation contract.0 
62409      DEBUG main            d.u.i.k.p.i.IntermediateProofReplayer Proof replay took 4.9ns 
62619      INFO  main            d.u.i.k.p.r.p.TestFile    ... finished proof: closed. 
62856      INFO  main            d.u.i.k.p.i.AbstractProblemLoader Loading environment from /home/runner/work/key/key/key.core/../key.ui/examples/heap/SmansEtAl/Cell_Cell.key.proof 
62857      DEBUG main            d.u.i.k.p.i.AbstractProblemLoader Environment load took 106.9ns 
62857      INFO  main            d.u.i.k.p.i.AbstractProblemLoader Creating init config 
65373      DEBUG main            d.u.i.k.p.i.AbstractProblemLoader Init config took 2.52s 
65413      INFO  main            d.u.i.k.p.i.AbstractProblemLoader Replaying proof Cell[Cell::Cell()].JML normal_behavior operation contract.0 
65454      DEBUG main            d.u.i.k.p.i.IntermediateProofReplayer Proof replay took 37.5ms 
65455      DEBUG main            d.u.i.k.p.r.p.TestFile    ... success: reloaded. 
65456      INFO  main            d.u.i.k.p.r.p.TestFile    Now processing file /home/runner/work/key/key/key.core/../key.ui/examples/heap/SmansEtAl/Cell_footprint.key 
65457      INFO  main            d.u.i.k.p.i.AbstractProblemLoader Loading environment from /home/runner/work/key/key/key.core/../key.ui/examples/heap/SmansEtAl/Cell_footprint.key 
65457      DEBUG main            d.u.i.k.p.i.AbstractProblemLoader Environment load took 193.3ns 
65458      INFO  main            d.u.i.k.p.i.AbstractProblemLoader Creating init config 
67970      DEBUG main            d.u.i.k.p.i.AbstractProblemLoader Init config took 2.51s 
68004      INFO  main            d.u.i.k.p.i.AbstractProblemLoader Replaying proof Cell[Cell::$footprint()].JML accessible clause.0 
68006      DEBUG main            d.u.i.k.p.i.IntermediateProofReplayer Proof replay took 5.8ns 
68108      INFO  main            d.u.i.k.p.r.p.TestFile    ... finished proof: closed. 
68284      INFO  main            d.u.i.k.p.i.AbstractProblemLoader Loading environment from /home/runner/work/key/key/key.core/../key.ui/examples/heap/SmansEtAl/Cell_footprint.key.proof 
68284      DEBUG main            d.u.i.k.p.i.AbstractProblemLoader Environment load took 103.6ns 
68285      INFO  main            d.u.i.k.p.i.AbstractProblemLoader Creating init config 
70755      DEBUG main            d.u.i.k.p.i.AbstractProblemLoader Init config took 2.47s 
70792      INFO  main            d.u.i.k.p.i.AbstractProblemLoader Replaying proof Cell[Cell::$footprint()].JML accessible clause.0 
70798      DEBUG main            d.u.i.k.p.i.IntermediateProofReplayer Proof replay took 3.42ms 
70799      DEBUG main            d.u.i.k.p.r.p.TestFile    ... success: reloaded. 
70801      INFO  main            d.u.i.k.p.r.p.TestFile    Now processing file /home/runner/work/key/key/key.core/../key.ui/examples/heap/SmansEtAl/Cell_getX_dep.key 
70801      INFO  main            d.u.i.k.p.i.AbstractProblemLoader Loading environment from /home/runner/work/key/key/key.core/../key.ui/examples/heap/SmansEtAl/Cell_getX_dep.key 
70801      DEBUG main            d.u.i.k.p.i.AbstractProblemLoader Environment load took 131.6ns 
70802      INFO  main            d.u.i.k.p.i.AbstractProblemLoader Creating init config 
73380      DEBUG main            d.u.i.k.p.i.AbstractProblemLoader Init config took 2.58s 
73413      INFO  main            d.u.i.k.p.i.AbstractProblemLoader Replaying proof Cell[Cell::getX()].JML accessible clause.0 
73415      DEBUG main            d.u.i.k.p.i.IntermediateProofReplayer Proof replay took 5.8ns 
73521      INFO  main            d.u.i.k.p.r.p.TestFile    ... finished proof: closed. 
73724      INFO  main            d.u.i.k.p.i.AbstractProblemLoader Loading environment from /home/runner/work/key/key/key.core/../key.ui/examples/heap/SmansEtAl/Cell_getX_dep.key.proof 
73725      DEBUG main            d.u.i.k.p.i.AbstractProblemLoader Environment load took 113.2ns 
73725      INFO  main            d.u.i.k.p.i.AbstractProblemLoader Creating init config 
76203      DEBUG main            d.u.i.k.p.i.AbstractProblemLoader Init config took 2.48s 
76242      INFO  main            d.u.i.k.p.i.AbstractProblemLoader Replaying proof Cell[Cell::getX()].JML accessible clause.0 
76256      DEBUG main            d.u.i.k.p.i.IntermediateProofReplayer Proof replay took 11.69ms 
76257      DEBUG main            d.u.i.k.p.r.p.TestFile    ... success: reloaded. 
76257      INFO  main            d.u.i.k.p.r.p.TestFile    Now processing file /home/runner/work/key/key/key.core/../key.ui/examples/heap/SmansEtAl/Cell_getX.key 
76258      INFO  main            d.u.i.k.p.i.AbstractProblemLoader Loading environment from /home/runner/work/key/key/key.core/../key.ui/examples/heap/SmansEtAl/Cell_getX.key 
76258      DEBUG main            d.u.i.k.p.i.AbstractProblemLoader Environment load took 84.4ns 
76259      INFO  main            d.u.i.k.p.i.AbstractProblemLoader Creating init config 
78783      DEBUG main            d.u.i.k.p.i.AbstractProblemLoader Init config took 2.52s 
78816      INFO  main            d.u.i.k.p.i.AbstractProblemLoader Replaying proof Cell[Cell::getX()].JML normal_behavior operation contract.0 
78818      DEBUG main            d.u.i.k.p.i.IntermediateProofReplayer Proof replay took 5.6ns 
78920      INFO  main            d.u.i.k.p.r.p.TestFile    ... finished proof: closed. 
79109      INFO  main            d.u.i.k.p.i.AbstractProblemLoader Loading environment from /home/runner/work/key/key/key.core/../key.ui/examples/heap/SmansEtAl/Cell_getX.key.proof 
79109      DEBUG main            d.u.i.k.p.i.AbstractProblemLoader Environment load took 125.7ns 
79110      INFO  main            d.u.i.k.p.i.AbstractProblemLoader Creating init config 
81653      DEBUG main            d.u.i.k.p.i.AbstractProblemLoader Init config took 2.54s 
81693      INFO  main            d.u.i.k.p.i.AbstractProblemLoader Replaying proof Cell[Cell::getX()].JML normal_behavior operation contract.0 
81710      DEBUG main            d.u.i.k.p.i.IntermediateProofReplayer Proof replay took 11.66ms 
81711      DEBUG main            d.u.i.k.p.r.p.TestFile    ... success: reloaded. 
81713      INFO  main            d.u.i.k.p.r.p.TestFile    Now processing file /home/runner/work/key/key/key.core/../key.ui/examples/heap/SmansEtAl/Cell_inv.key 
81713      INFO  main            d.u.i.k.p.i.AbstractProblemLoader Loading environment from /home/runner/work/key/key/key.core/../key.ui/examples/heap/SmansEtAl/Cell_inv.key 
81714      DEBUG main            d.u.i.k.p.i.AbstractProblemLoader Environment load took 188.7ns 
81714      INFO  main            d.u.i.k.p.i.AbstractProblemLoader Creating init config 
84191      DEBUG main            d.u.i.k.p.i.AbstractProblemLoader Init config took 2.48s 
84223      INFO  main            d.u.i.k.p.i.AbstractProblemLoader Replaying proof Cell[java.lang.Object::<inv>()].JML accessible clause.0 
84225      DEBUG main            d.u.i.k.p.i.IntermediateProofReplayer Proof replay took 6.1ns 
84327      INFO  main            d.u.i.k.p.r.p.TestFile    ... finished proof: closed. 
84522      INFO  main            d.u.i.k.p.i.AbstractProblemLoader Loading environment from /home/runner/work/key/key/key.core/../key.ui/examples/heap/SmansEtAl/Cell_inv.key.proof 
84522      DEBUG main            d.u.i.k.p.i.AbstractProblemLoader Environment load took 102.4ns 
84523      INFO  main            d.u.i.k.p.i.AbstractProblemLoader Creating init config 
87011      DEBUG main            d.u.i.k.p.i.AbstractProblemLoader Init config took 2.49s 
87057      INFO  main            d.u.i.k.p.i.AbstractProblemLoader Replaying proof Cell[java.lang.Object::<inv>()].JML accessible clause.0 
87061      DEBUG main            d.u.i.k.p.i.IntermediateProofReplayer Proof replay took 1.48ms 
87062      DEBUG main            d.u.i.k.p.r.p.TestFile    ... success: reloaded. 
87063      INFO  main            d.u.i.k.p.r.p.TestFile    Now processing file /home/runner/work/key/key/key.core/../key.ui/examples/heap/SmansEtAl/Cell_setX.key 
87063      INFO  main            d.u.i.k.p.i.AbstractProblemLoader Loading environment from /home/runner/work/key/key/key.core/../key.ui/examples/heap/SmansEtAl/Cell_setX.key 
87063      DEBUG main            d.u.i.k.p.i.AbstractProblemLoader Environment load took 86.9ns 
87064      INFO  main            d.u.i.k.p.i.AbstractProblemLoader Creating init config 
89542      DEBUG main            d.u.i.k.p.i.AbstractProblemLoader Init config took 2.48s 
89574      INFO  main            d.u.i.k.p.i.AbstractProblemLoader Replaying proof Cell[Cell::setX(int)].JML normal_behavior operation contract.0 
89575      DEBUG main            d.u.i.k.p.i.IntermediateProofReplayer Proof replay took 5.8ns 
89677      INFO  main            d.u.i.k.p.r.p.TestFile    ... finished proof: closed. 
89902      INFO  main            d.u.i.k.p.i.AbstractProblemLoader Loading environment from /home/runner/work/key/key/key.core/../key.ui/examples/heap/SmansEtAl/Cell_setX.key.proof 
89902      DEBUG main            d.u.i.k.p.i.AbstractProblemLoader Environment load took 101.4ns 
89903      INFO  main            d.u.i.k.p.i.AbstractProblemLoader Creating init config 
92347      DEBUG main            d.u.i.k.p.i.AbstractProblemLoader Init config took 2.44s 
92393      INFO  main            d.u.i.k.p.i.AbstractProblemLoader Replaying proof Cell[Cell::setX(int)].JML normal_behavior operation contract.0 
92415      DEBUG main            d.u.i.k.p.i.IntermediateProofReplayer Proof replay took 19.55ms 
92416      DEBUG main            d.u.i.k.p.r.p.TestFile    ... success: reloaded. 
92417      INFO  main            d.u.i.k.p.r.p.TestFile    Now processing file /home/runner/work/key/key/key.core/../key.ui/examples/heap/SmansEtAl/CellClient_m.key 
92417      INFO  main            d.u.i.k.p.i.AbstractProblemLoader Loading environment from /home/runner/work/key/key/key.core/../key.ui/examples/heap/SmansEtAl/CellClient_m.key 
92417      DEBUG main            d.u.i.k.p.i.AbstractProblemLoader Environment load took 86.8ns 
92418      INFO  main            d.u.i.k.p.i.AbstractProblemLoader Creating init config 
95012      DEBUG main            d.u.i.k.p.i.AbstractProblemLoader Init config took 2.59s 
95045      INFO  main            d.u.i.k.p.i.AbstractProblemLoader Replaying proof CellClient[CellClient::m()].JML operation contract.0 
95046      DEBUG main            d.u.i.k.p.i.IntermediateProofReplayer Proof replay took 6.4ns 
95549      INFO  main            d.u.i.k.p.r.p.TestFile    ... finished proof: closed. 
95793      INFO  main            d.u.i.k.p.i.AbstractProblemLoader Loading environment from /home/runner/work/key/key/key.core/../key.ui/examples/heap/SmansEtAl/CellClient_m.key.proof 
95793      DEBUG main            d.u.i.k.p.i.AbstractProblemLoader Environment load took 379ns 
95795      INFO  main            d.u.i.k.p.i.AbstractProblemLoader Creating init config 
98240      DEBUG main            d.u.i.k.p.i.AbstractProblemLoader Init config took 2.45s 
98282      INFO  main            d.u.i.k.p.i.AbstractProblemLoader Replaying proof CellClient[CellClient::m()].JML operation contract.0 
98378      DEBUG main            d.u.i.k.p.i.IntermediateProofReplayer Proof replay took 92.06ms 
98379      DEBUG main            d.u.i.k.p.r.p.TestFile    ... success: reloaded. 
98381      INFO  main            d.u.i.k.p.r.p.TestFile    Now processing file /home/runner/work/key/key/key.core/../key.ui/examples/heap/SmansEtAl/Iterator_footprint.key 
98381      INFO  main            d.u.i.k.p.i.AbstractProblemLoader Loading environment from /home/runner/work/key/key/key.core/../key.ui/examples/heap/SmansEtAl/Iterator_footprint.key 
98381      DEBUG main            d.u.i.k.p.i.AbstractProblemLoader Environment load took 208.6ns 
98382      INFO  main            d.u.i.k.p.i.AbstractProblemLoader Creating init config 
100883     DEBUG main            d.u.i.k.p.i.AbstractProblemLoader Init config took 2.5s 
100920     INFO  main            d.u.i.k.p.i.AbstractProblemLoader Replaying proof Iterator[Iterator::$footprint()].JML accessible clause.0 
100921     DEBUG main            d.u.i.k.p.i.IntermediateProofReplayer Proof replay took 5.7ns 
101024     INFO  main            d.u.i.k.p.r.p.TestFile    ... finished proof: closed. 
101233     INFO  main            d.u.i.k.p.i.AbstractProblemLoader Loading environment from /home/runner/work/key/key/key.core/../key.ui/examples/heap/SmansEtAl/Iterator_footprint.key.proof 
101233     DEBUG main            d.u.i.k.p.i.AbstractProblemLoader Environment load took 106.3ns 
101234     INFO  main            d.u.i.k.p.i.AbstractProblemLoader Creating init config 
103720     DEBUG main            d.u.i.k.p.i.AbstractProblemLoader Init config took 2.49s 
103755     INFO  main            d.u.i.k.p.i.AbstractProblemLoader Replaying proof Iterator[Iterator::$footprint()].JML accessible clause.0 
103762     DEBUG main            d.u.i.k.p.i.IntermediateProofReplayer Proof replay took 5.42ms 
103763     DEBUG main            d.u.i.k.p.r.p.TestFile    ... success: reloaded. 
103764     INFO  main            d.u.i.k.p.r.p.TestFile    Now processing file /home/runner/work/key/key/key.core/../key.ui/examples/heap/SmansEtAl/Iterator_hasNext_dep.key 
103765     INFO  main            d.u.i.k.p.i.AbstractProblemLoader Loading environment from /home/runner/work/key/key/key.core/../key.ui/examples/heap/SmansEtAl/Iterator_hasNext_dep.key 
103765     DEBUG main            d.u.i.k.p.i.AbstractProblemLoader Environment load took 186.2ns 
103766     INFO  main            d.u.i.k.p.i.AbstractProblemLoader Creating init config 
106269     DEBUG main            d.u.i.k.p.i.AbstractProblemLoader Init config took 2.5s 
106319     INFO  main            d.u.i.k.p.i.AbstractProblemLoader Replaying proof Iterator[Iterator::hasNext()].JML accessible clause.0 
106321     DEBUG main            d.u.i.k.p.i.IntermediateProofReplayer Proof replay took 6.1ns 
106826     INFO  main            d.u.i.k.p.r.p.TestFile    ... finished proof: closed. 
107144     INFO  main            d.u.i.k.p.i.AbstractProblemLoader Loading environment from /home/runner/work/key/key/key.core/../key.ui/examples/heap/SmansEtAl/Iterator_hasNext_dep.key.proof 
107144     DEBUG main            d.u.i.k.p.i.AbstractProblemLoader Environment load took 410.6ns 
107145     INFO  main            d.u.i.k.p.i.AbstractProblemLoader Creating init config 
109576     DEBUG main            d.u.i.k.p.i.AbstractProblemLoader Init config took 2.43s 
109611     INFO  main            d.u.i.k.p.i.AbstractProblemLoader Replaying proof Iterator[Iterator::hasNext()].JML accessible clause.0 
109694     DEBUG main            d.u.i.k.p.i.IntermediateProofReplayer Proof replay took 77.17ms 
109695     DEBUG main            d.u.i.k.p.r.p.TestFile    ... success: reloaded. 
109696     INFO  main            d.u.i.k.p.r.p.TestFile    Now processing file /home/runner/work/key/key/key.core/../key.ui/examples/heap/SmansEtAl/Iterator_hasNext.key 
109696     INFO  main            d.u.i.k.p.i.AbstractProblemLoader Loading environment from /home/runner/work/key/key/key.core/../key.ui/examples/heap/SmansEtAl/Iterator_hasNext.key 
109696     DEBUG main            d.u.i.k.p.i.AbstractProblemLoader Environment load took 199.5ns 
109697     INFO  main            d.u.i.k.p.i.AbstractProblemLoader Creating init config 
112255     DEBUG main            d.u.i.k.p.i.AbstractProblemLoader Init config took 2.56s 
112290     INFO  main            d.u.i.k.p.i.AbstractProblemLoader Replaying proof Iterator[Iterator::hasNext()].JML normal_behavior operation contract.0 
112292     DEBUG main            d.u.i.k.p.i.IntermediateProofReplayer Proof replay took 5.8ns 
112798     INFO  main            d.u.i.k.p.r.p.TestFile    ... finished proof: closed. 
113026     INFO  main            d.u.i.k.p.i.AbstractProblemLoader Loading environment from /home/runner/work/key/key/key.core/../key.ui/examples/heap/SmansEtAl/Iterator_hasNext.key.proof 
113026     DEBUG main            d.u.i.k.p.i.AbstractProblemLoader Environment load took 389.1ns 
113027     INFO  main            d.u.i.k.p.i.AbstractProblemLoader Creating init config 
115487     DEBUG main            d.u.i.k.p.i.AbstractProblemLoader Init config took 2.46s 
115521     INFO  main            d.u.i.k.p.i.AbstractProblemLoader Replaying proof Iterator[Iterator::hasNext()].JML normal_behavior operation contract.0 
115623     DEBUG main            d.u.i.k.p.i.IntermediateProofReplayer Proof replay took 95.7ms 
115624     DEBUG main            d.u.i.k.p.r.p.TestFile    ... success: reloaded. 
115625     INFO  main            d.u.i.k.p.r.p.TestFile    Now processing file /home/runner/work/key/key/key.core/../key.ui/examples/heap/SmansEtAl/Iterator_inv.key 
115625     INFO  main            d.u.i.k.p.i.AbstractProblemLoader Loading environment from /home/runner/work/key/key/key.core/../key.ui/examples/heap/SmansEtAl/Iterator_inv.key 
115625     DEBUG main            d.u.i.k.p.i.AbstractProblemLoader Environment load took 199.3ns 
115626     INFO  main            d.u.i.k.p.i.AbstractProblemLoader Creating init config 
118136     DEBUG main            d.u.i.k.p.i.AbstractProblemLoader Init config took 2.51s 
118169     INFO  main            d.u.i.k.p.i.AbstractProblemLoader Replaying proof Iterator[java.lang.Object::<inv>()].JML accessible clause.0 
118170     DEBUG main            d.u.i.k.p.i.IntermediateProofReplayer Proof replay took 5.8ns 
118372     INFO  main            d.u.i.k.p.r.p.TestFile    ... finished proof: closed. 
118607     INFO  main            d.u.i.k.p.i.AbstractProblemLoader Loading environment from /home/runner/work/key/key/key.core/../key.ui/examples/heap/SmansEtAl/Iterator_inv.key.proof 
118607     DEBUG main            d.u.i.k.p.i.AbstractProblemLoader Environment load took 94.9ns 
118608     INFO  main            d.u.i.k.p.i.AbstractProblemLoader Creating init config 
121068     DEBUG main            d.u.i.k.p.i.AbstractProblemLoader Init config took 2.46s 
121102     INFO  main            d.u.i.k.p.i.AbstractProblemLoader Replaying proof Iterator[java.lang.Object::<inv>()].JML accessible clause.0 
121125     DEBUG main            d.u.i.k.p.i.IntermediateProofReplayer Proof replay took 20.48ms 
121126     DEBUG main            d.u.i.k.p.r.p.TestFile    ... success: reloaded. 
121127     INFO  main            d.u.i.k.p.r.p.TestFile    Now processing file /home/runner/work/key/key/key.core/../key.ui/examples/heap/SmansEtAl/Iterator_Iterator.key 
121127     INFO  main            d.u.i.k.p.i.AbstractProblemLoader Loading environment from /home/runner/work/key/key/key.core/../key.ui/examples/heap/SmansEtAl/Iterator_Iterator.key 
121127     DEBUG main            d.u.i.k.p.i.AbstractProblemLoader Environment load took 72.9ns 
121128     INFO  main            d.u.i.k.p.i.AbstractProblemLoader Creating init config 
123636     DEBUG main            d.u.i.k.p.i.AbstractProblemLoader Init config took 2.51s 
123671     INFO  main            d.u.i.k.p.i.AbstractProblemLoader Replaying proof Iterator[Iterator::Iterator(ArrayList)].JML normal_behavior operation contract.0 
123672     DEBUG main            d.u.i.k.p.i.IntermediateProofReplayer Proof replay took 5.5ns 
124884     INFO  main            d.u.i.k.p.r.p.TestFile    ... finished proof: closed. 
125135     INFO  main            d.u.i.k.p.i.AbstractProblemLoader Loading environment from /home/runner/work/key/key/key.core/../key.ui/examples/heap/SmansEtAl/Iterator_Iterator.key.proof 
125136     DEBUG main            d.u.i.k.p.i.AbstractProblemLoader Environment load took 448.4ns 
125137     INFO  main            d.u.i.k.p.i.AbstractProblemLoader Creating init config 
127569     DEBUG main            d.u.i.k.p.i.AbstractProblemLoader Init config took 2.43s 
127603     INFO  main            d.u.i.k.p.i.AbstractProblemLoader Replaying proof Iterator[Iterator::Iterator(ArrayList)].JML normal_behavior operation contract.0 
127774     DEBUG main            d.u.i.k.p.i.IntermediateProofReplayer Proof replay took 157.44ms 
127776     DEBUG main            d.u.i.k.p.r.p.TestFile    ... success: reloaded. 
127779     INFO  main            d.u.i.k.p.r.p.TestFile    Now processing file /home/runner/work/key/key/key.core/../key.ui/examples/heap/SmansEtAl/Iterator_list_dep.key 
127779     INFO  main            d.u.i.k.p.i.AbstractProblemLoader Loading environment from /home/runner/work/key/key/key.core/../key.ui/examples/heap/SmansEtAl/Iterator_list_dep.key 
127779     DEBUG main            d.u.i.k.p.i.AbstractProblemLoader Environment load took 189.8ns 
127780     INFO  main            d.u.i.k.p.i.AbstractProblemLoader Creating init config 
130298     DEBUG main            d.u.i.k.p.i.AbstractProblemLoader Init config took 2.52s 
130330     INFO  main            d.u.i.k.p.i.AbstractProblemLoader Replaying proof Iterator[Iterator::list()].JML accessible clause.0 
130334     DEBUG main            d.u.i.k.p.i.IntermediateProofReplayer Proof replay took 5.6ns 
130437     INFO  main            d.u.i.k.p.r.p.TestFile    ... finished proof: closed. 
130674     INFO  main            d.u.i.k.p.i.AbstractProblemLoader Loading environment from /home/runner/work/key/key/key.core/../key.ui/examples/heap/SmansEtAl/Iterator_list_dep.key.proof 
130674     DEBUG main            d.u.i.k.p.i.AbstractProblemLoader Environment load took 95.3ns 
130675     INFO  main            d.u.i.k.p.i.AbstractProblemLoader Creating init config 
133113     DEBUG main            d.u.i.k.p.i.AbstractProblemLoader Init config took 2.44s 
133147     INFO  main            d.u.i.k.p.i.AbstractProblemLoader Replaying proof Iterator[Iterator::list()].JML accessible clause.0 
133164     DEBUG main            d.u.i.k.p.i.IntermediateProofReplayer Proof replay took 15.88ms 
133165     DEBUG main            d.u.i.k.p.r.p.TestFile    ... success: reloaded. 
133166     INFO  main            d.u.i.k.p.r.p.TestFile    Now processing file /home/runner/work/key/key/key.core/../key.ui/examples/heap/SmansEtAl/Iterator_list.key 
133166     INFO  main            d.u.i.k.p.i.AbstractProblemLoader Loading environment from /home/runner/work/key/key/key.core/../key.ui/examples/heap/SmansEtAl/Iterator_list.key 
133166     DEBUG main            d.u.i.k.p.i.AbstractProblemLoader Environment load took 83.8ns 
133167     INFO  main            d.u.i.k.p.i.AbstractProblemLoader Creating init config 
135667     DEBUG main            d.u.i.k.p.i.AbstractProblemLoader Init config took 2.5s 
135701     INFO  main            d.u.i.k.p.i.AbstractProblemLoader Replaying proof Iterator[Iterator::list()].JML normal_behavior operation contract.0 
135702     DEBUG main            d.u.i.k.p.i.IntermediateProofReplayer Proof replay took 5.4ns 
135804     INFO  main            d.u.i.k.p.r.p.TestFile    ... finished proof: closed. 
136046     INFO  main            d.u.i.k.p.i.AbstractProblemLoader Loading environment from /home/runner/work/key/key/key.core/../key.ui/examples/heap/SmansEtAl/Iterator_list.key.proof 
136046     DEBUG main            d.u.i.k.p.i.AbstractProblemLoader Environment load took 102.5ns 
136047     INFO  main            d.u.i.k.p.i.AbstractProblemLoader Creating init config 
138486     DEBUG main            d.u.i.k.p.i.AbstractProblemLoader Init config took 2.44s 
138520     INFO  main            d.u.i.k.p.i.AbstractProblemLoader Replaying proof Iterator[Iterator::list()].JML normal_behavior operation contract.0 
138535     DEBUG main            d.u.i.k.p.i.IntermediateProofReplayer Proof replay took 13.28ms 
138536     DEBUG main            d.u.i.k.p.r.p.TestFile    ... success: reloaded. 
138537     INFO  main            d.u.i.k.p.r.p.TestFile    Now processing file /home/runner/work/key/key/key.core/../key.ui/examples/heap/SmansEtAl/Iterator_next.key 
138537     INFO  main            d.u.i.k.p.i.AbstractProblemLoader Loading environment from /home/runner/work/key/key/key.core/../key.ui/examples/heap/SmansEtAl/Iterator_next.key 
138537     DEBUG main            d.u.i.k.p.i.AbstractProblemLoader Environment load took 81.6ns 
138538     INFO  main            d.u.i.k.p.i.AbstractProblemLoader Creating init config 
141037     DEBUG main            d.u.i.k.p.i.AbstractProblemLoader Init config took 2.5s 
141071     INFO  main            d.u.i.k.p.i.AbstractProblemLoader Replaying proof Iterator[Iterator::next()].JML normal_behavior operation contract.0 
141072     DEBUG main            d.u.i.k.p.i.IntermediateProofReplayer Proof replay took 5ns 
143484     INFO  main            d.u.i.k.p.r.p.TestFile    ... finished proof: closed. 
143756     INFO  main            d.u.i.k.p.i.AbstractProblemLoader Loading environment from /home/runner/work/key/key/key.core/../key.ui/examples/heap/SmansEtAl/Iterator_next.key.proof 
143756     DEBUG main            d.u.i.k.p.i.AbstractProblemLoader Environment load took 172.6ns 
143758     INFO  main            d.u.i.k.p.i.AbstractProblemLoader Creating init config 
146193     DEBUG main            d.u.i.k.p.i.AbstractProblemLoader Init config took 2.43s 
146228     INFO  main            d.u.i.k.p.i.AbstractProblemLoader Replaying proof Iterator[Iterator::next()].JML normal_behavior operation contract.0 
146499     DEBUG main            d.u.i.k.p.i.IntermediateProofReplayer Proof replay took 252.36ms 
146501     DEBUG main            d.u.i.k.p.r.p.TestFile    ... success: reloaded. 
146502     INFO  main            d.u.i.k.p.r.p.TestFile    Now processing file /home/runner/work/key/key/key.core/../key.ui/examples/heap/SmansEtAl/Stack_footprint.key 
146502     INFO  main            d.u.i.k.p.i.AbstractProblemLoader Loading environment from /home/runner/work/key/key/key.core/../key.ui/examples/heap/SmansEtAl/Stack_footprint.key 
146503     DEBUG main            d.u.i.k.p.i.AbstractProblemLoader Environment load took 192.1ns 
146503     INFO  main            d.u.i.k.p.i.AbstractProblemLoader Creating init config 
148986     DEBUG main            d.u.i.k.p.i.AbstractProblemLoader Init config took 2.48s 
149036     INFO  main            d.u.i.k.p.i.AbstractProblemLoader Replaying proof Stack[Stack::$footprint()].JML accessible clause.0 
149037     DEBUG main            d.u.i.k.p.i.IntermediateProofReplayer Proof replay took 5.3ns 
149240     INFO  main            d.u.i.k.p.r.p.TestFile    ... finished proof: closed. 
149489     INFO  main            d.u.i.k.p.i.AbstractProblemLoader Loading environment from /home/runner/work/key/key/key.core/../key.ui/examples/heap/SmansEtAl/Stack_footprint.key.proof 
149489     DEBUG main            d.u.i.k.p.i.AbstractProblemLoader Environment load took 97.8ns 
149490     INFO  main            d.u.i.k.p.i.AbstractProblemLoader Creating init config 
151909     DEBUG main            d.u.i.k.p.i.AbstractProblemLoader Init config took 2.42s 
151941     INFO  main            d.u.i.k.p.i.AbstractProblemLoader Replaying proof Stack[Stack::$footprint()].JML accessible clause.0 
151965     DEBUG main            d.u.i.k.p.i.IntermediateProofReplayer Proof replay took 21.92ms 
151966     DEBUG main            d.u.i.k.p.r.p.TestFile    ... success: reloaded. 
151967     INFO  main            d.u.i.k.p.r.p.TestFile    Now processing file /home/runner/work/key/key/key.core/../key.ui/examples/heap/SmansEtAl/Stack_inv.key 
151968     INFO  main            d.u.i.k.p.i.AbstractProblemLoader Loading environment from /home/runner/work/key/key/key.core/../key.ui/examples/heap/SmansEtAl/Stack_inv.key 
151968     DEBUG main            d.u.i.k.p.i.AbstractProblemLoader Environment load took 204.2ns 
151969     INFO  main            d.u.i.k.p.i.AbstractProblemLoader Creating init config 
154431     DEBUG main            d.u.i.k.p.i.AbstractProblemLoader Init config took 2.46s 
154462     INFO  main            d.u.i.k.p.i.AbstractProblemLoader Replaying proof Stack[java.lang.Object::<inv>()].JML accessible clause.0 
154464     DEBUG main            d.u.i.k.p.i.IntermediateProofReplayer Proof replay took 5.4ns 
154566     INFO  main            d.u.i.k.p.r.p.TestFile    ... finished proof: closed. 
154822     INFO  main            d.u.i.k.p.i.AbstractProblemLoader Loading environment from /home/runner/work/key/key/key.core/../key.ui/examples/heap/SmansEtAl/Stack_inv.key.proof 
154823     DEBUG main            d.u.i.k.p.i.AbstractProblemLoader Environment load took 93.7ns 
154824     INFO  main            d.u.i.k.p.i.AbstractProblemLoader Creating init config 
157233     DEBUG main            d.u.i.k.p.i.AbstractProblemLoader Init config took 2.41s 
157265     INFO  main            d.u.i.k.p.i.AbstractProblemLoader Replaying proof Stack[java.lang.Object::<inv>()].JML accessible clause.0 
157276     DEBUG main            d.u.i.k.p.i.IntermediateProofReplayer Proof replay took 9.21ms 
157277     DEBUG main            d.u.i.k.p.r.p.TestFile    ... success: reloaded. 
157278     INFO  main            d.u.i.k.p.r.p.TestFile    Now processing file /home/runner/work/key/key/key.core/../key.ui/examples/heap/SmansEtAl/Stack_push.key 
157278     INFO  main            d.u.i.k.p.i.AbstractProblemLoader Loading environment from /home/runner/work/key/key/key.core/../key.ui/examples/heap/SmansEtAl/Stack_push.key 
157278     DEBUG main            d.u.i.k.p.i.AbstractProblemLoader Environment load took 192.5ns 
157279     INFO  main            d.u.i.k.p.i.AbstractProblemLoader Creating init config 
159739     DEBUG main            d.u.i.k.p.i.AbstractProblemLoader Init config took 2.46s 
159772     INFO  main            d.u.i.k.p.i.AbstractProblemLoader Replaying proof Stack[Stack::push(java.lang.Object)].JML normal_behavior operation contract.0 
159773     DEBUG main            d.u.i.k.p.i.IntermediateProofReplayer Proof replay took 5.3ns 
160490     INFO  main            d.u.i.k.p.r.p.TestFile    ... finished proof: closed. 
160753     INFO  main            d.u.i.k.p.i.AbstractProblemLoader Loading environment from /home/runner/work/key/key/key.core/../key.ui/examples/heap/SmansEtAl/Stack_push.key.proof 
160753     DEBUG main            d.u.i.k.p.i.AbstractProblemLoader Environment load took 478.7ns 
160756     INFO  main            d.u.i.k.p.i.AbstractProblemLoader Creating init config 
163170     DEBUG main            d.u.i.k.p.i.AbstractProblemLoader Init config took 2.41s 
163203     INFO  main            d.u.i.k.p.i.AbstractProblemLoader Replaying proof Stack[Stack::push(java.lang.Object)].JML normal_behavior operation contract.0 
163311     DEBUG main            d.u.i.k.p.i.IntermediateProofReplayer Proof replay took 103.52ms 
163312     DEBUG main            d.u.i.k.p.r.p.TestFile    ... success: reloaded. 
163313     INFO  main            d.u.i.k.p.r.p.TestFile    Now processing file /home/runner/work/key/key/key.core/../key.ui/examples/heap/SmansEtAl/Stack_size.key 
163313     INFO  main            d.u.i.k.p.i.AbstractProblemLoader Loading environment from /home/runner/work/key/key/key.core/../key.ui/examples/heap/SmansEtAl/Stack_size.key 
163313     DEBUG main            d.u.i.k.p.i.AbstractProblemLoader Environment load took 93.1ns 
163314     INFO  main            d.u.i.k.p.i.AbstractProblemLoader Creating init config 
165813     DEBUG main            d.u.i.k.p.i.AbstractProblemLoader Init config took 2.5s 
165846     INFO  main            d.u.i.k.p.i.AbstractProblemLoader Replaying proof Stack[Stack::size()].JML accessible clause.0 
165847     DEBUG main            d.u.i.k.p.i.IntermediateProofReplayer Proof replay took 5.8ns 
166053     INFO  main            d.u.i.k.p.r.p.TestFile    ... finished proof: closed. 
166310     INFO  main            d.u.i.k.p.i.AbstractProblemLoader Loading environment from /home/runner/work/key/key/key.core/../key.ui/examples/heap/SmansEtAl/Stack_size.key.proof 
166310     DEBUG main            d.u.i.k.p.i.AbstractProblemLoader Environment load took 94.1ns 
166311     INFO  main            d.u.i.k.p.i.AbstractProblemLoader Creating init config 
168733     DEBUG main            d.u.i.k.p.i.AbstractProblemLoader Init config took 2.42s 
168765     INFO  main            d.u.i.k.p.i.AbstractProblemLoader Replaying proof Stack[Stack::size()].JML accessible clause.0 
168805     DEBUG main            d.u.i.k.p.i.IntermediateProofReplayer Proof replay took 37.34ms 
168806     DEBUG main            d.u.i.k.p.r.p.TestFile    ... success: reloaded. 
168807     INFO  main            d.u.i.k.p.r.p.TestFile    Now processing file /home/runner/work/key/key/key.core/../key.ui/examples/heap/SmansEtAl/Stack_Stack.key 
168807     INFO  main            d.u.i.k.p.i.AbstractProblemLoader Loading environment from /home/runner/work/key/key/key.core/../key.ui/examples/heap/SmansEtAl/Stack_Stack.key 
168808     DEBUG main            d.u.i.k.p.i.AbstractProblemLoader Environment load took 186.4ns 
168808     INFO  main            d.u.i.k.p.i.AbstractProblemLoader Creating init config 
171298     DEBUG main            d.u.i.k.p.i.AbstractProblemLoader Init config took 2.49s 
171331     INFO  main            d.u.i.k.p.i.AbstractProblemLoader Replaying proof Stack[Stack::Stack()].JML normal_behavior operation contract.0 
171333     DEBUG main            d.u.i.k.p.i.IntermediateProofReplayer Proof replay took 6.7ns 
172339     INFO  main            d.u.i.k.p.r.p.TestFile    ... finished proof: closed. 
172627     INFO  main            d.u.i.k.p.i.AbstractProblemLoader Loading environment from /home/runner/work/key/key/key.core/../key.ui/examples/heap/SmansEtAl/Stack_Stack.key.proof 
172628     DEBUG main            d.u.i.k.p.i.AbstractProblemLoader Environment load took 401.7ns 
172629     INFO  main            d.u.i.k.p.i.AbstractProblemLoader Creating init config 
175044     DEBUG main            d.u.i.k.p.i.AbstractProblemLoader Init config took 2.42s 
175079     INFO  main            d.u.i.k.p.i.AbstractProblemLoader Replaying proof Stack[Stack::Stack()].JML normal_behavior operation contract.0 
175261     DEBUG main            d.u.i.k.p.i.IntermediateProofReplayer Proof replay took 163.4ms 
175262     DEBUG main            d.u.i.k.p.r.p.TestFile    ... success: reloaded. 
175263     INFO  main            d.u.i.k.p.r.p.TestFile    Now processing file /home/runner/work/key/key/key.core/../key.ui/examples/heap/SmansEtAl/Stack_switchContents.key 
175263     INFO  main            d.u.i.k.p.i.AbstractProblemLoader Loading environment from /home/runner/work/key/key/key.core/../key.ui/examples/heap/SmansEtAl/Stack_switchContents.key 
175263     DEBUG main            d.u.i.k.p.i.AbstractProblemLoader Environment load took 73.1ns 
175264     INFO  main            d.u.i.k.p.i.AbstractProblemLoader Creating init config 
177746     DEBUG main            d.u.i.k.p.i.AbstractProblemLoader Init config took 2.48s 
177778     INFO  main            d.u.i.k.p.i.AbstractProblemLoader Replaying proof Stack[Stack::switchContents(Stack)].JML normal_behavior operation contract.0 
177779     DEBUG main            d.u.i.k.p.i.IntermediateProofReplayer Proof replay took 25.3ns 
182112     INFO  main            d.u.i.k.p.r.p.TestFile    ... finished proof: closed. 
182408     INFO  main            d.u.i.k.p.i.AbstractProblemLoader Loading environment from /home/runner/work/key/key/key.core/../key.ui/examples/heap/SmansEtAl/Stack_switchContents.key.proof 
182408     DEBUG main            d.u.i.k.p.i.AbstractProblemLoader Environment load took 159.5ns 
182409     INFO  main            d.u.i.k.p.i.AbstractProblemLoader Creating init config 
184855     DEBUG main            d.u.i.k.p.i.AbstractProblemLoader Init config took 2.45s 
184894     INFO  main            d.u.i.k.p.i.AbstractProblemLoader Replaying proof Stack[Stack::switchContents(Stack)].JML normal_behavior operation contract.0 
185317     DEBUG main            d.u.i.k.p.i.IntermediateProofReplayer Proof replay took 406.14ms 
185319     DEBUG main            d.u.i.k.p.r.p.TestFile    ... success: reloaded. 
1986359    INFO  Test worker     d.u.i.k.p.r.RunAllProofsTestUnit Returning from test SmansEtAl 
1986360    INFO  Test worker     d.u.i.k.p.r.RunAllProofsTestUnit Running test VACID0 
314        INFO  Timeout watchdog d.u.i.k.p.r.p.ForkedTestFileRunner Timeout watcher launched (2000 secs.) 
320        WARN  main            d.u.i.k.s.ProofSettings   The settings in /home/runner/.key/proof-settings.props are *not* read. 
353        INFO  main            d.u.i.k.p.r.p.TestFile    Now processing file /home/runner/work/key/key/key.core/../key.ui/examples/heap/vacid0_01_SparseArray/Harness_sparseArrayTestHarness1.key 
453        INFO  main            d.u.i.k.p.i.AbstractProblemLoader Loading environment from /home/runner/work/key/key/key.core/../key.ui/examples/heap/vacid0_01_SparseArray/Harness_sparseArrayTestHarness1.key 
476        DEBUG main            d.u.i.k.p.i.AbstractProblemLoader Environment load took 2.07ms 
693        INFO  main            d.u.i.k.p.i.AbstractProblemLoader Creating init config 
1525       DEBUG main            d.u.i.k.j.TypeConverter   No LDT found for Meta 
1526       DEBUG main            d.u.i.k.j.TypeConverter   No LDT found for Meta 
1527       DEBUG main            d.u.i.k.j.TypeConverter   No LDT found for Meta 
1527       DEBUG main            d.u.i.k.j.TypeConverter   No LDT found for Meta 
2751       DEBUG main            d.u.i.k.j.TypeConverter   No LDT found for JavaBigintExpression 
7981       DEBUG main            d.u.i.k.p.i.AbstractProblemLoader Init config took 7.29s 
8164       INFO  main            d.u.i.k.p.i.AbstractProblemLoader Replaying proof Harness[Harness::sparseArrayTestHarness1()].JML normal_behavior operation contract.0 
8198       DEBUG main            d.u.i.k.p.i.IntermediateProofReplayer Proof replay took 31ns 
9761       INFO  main            d.u.i.k.p.r.p.TestFile    ... finished proof: closed. 
9886       INFO  main            d.u.i.k.p.i.AbstractProblemLoader Loading environment from /home/runner/work/key/key/key.core/../key.ui/examples/heap/vacid0_01_SparseArray/Harness_sparseArrayTestHarness1.key.proof 
9889       DEBUG main            d.u.i.k.p.i.AbstractProblemLoader Environment load took 3.25ms 
9891       INFO  main            d.u.i.k.p.i.AbstractProblemLoader Creating init config 
12826      DEBUG main            d.u.i.k.p.i.AbstractProblemLoader Init config took 2.93s 
12891      INFO  main            d.u.i.k.p.i.AbstractProblemLoader Replaying proof Harness[Harness::sparseArrayTestHarness1()].JML normal_behavior operation contract.0 
13058      DEBUG main            d.u.i.k.p.i.IntermediateProofReplayer Proof replay took 158.92ms 
13065      DEBUG main            d.u.i.k.p.r.p.TestFile    ... success: reloaded. 
13066      INFO  main            d.u.i.k.p.r.p.TestFile    Now processing file /home/runner/work/key/key/key.core/../key.ui/examples/heap/vacid0_01_SparseArray/Harness_sparseArrayTestHarness2.key 
13066      INFO  main            d.u.i.k.p.i.AbstractProblemLoader Loading environment from /home/runner/work/key/key/key.core/../key.ui/examples/heap/vacid0_01_SparseArray/Harness_sparseArrayTestHarness2.key 
13067      DEBUG main            d.u.i.k.p.i.AbstractProblemLoader Environment load took 214.1ns 
13068      INFO  main            d.u.i.k.p.i.AbstractProblemLoader Creating init config 
15959      DEBUG main            d.u.i.k.p.i.AbstractProblemLoader Init config took 2.89s 
16017      INFO  main            d.u.i.k.p.i.AbstractProblemLoader Replaying proof Harness[Harness::sparseArrayTestHarness2()].JML normal_behavior operation contract.0 
16019      DEBUG main            d.u.i.k.p.i.IntermediateProofReplayer Proof replay took 5.2ns 
25372      INFO  main            d.u.i.k.p.r.p.TestFile    ... finished proof: closed. 
25552      INFO  main            d.u.i.k.p.i.AbstractProblemLoader Loading environment from /home/runner/work/key/key/key.core/../key.ui/examples/heap/vacid0_01_SparseArray/Harness_sparseArrayTestHarness2.key.proof 
25553      DEBUG main            d.u.i.k.p.i.AbstractProblemLoader Environment load took 409ns 
25556      INFO  main            d.u.i.k.p.i.AbstractProblemLoader Creating init config 
28297      DEBUG main            d.u.i.k.p.i.AbstractProblemLoader Init config took 2.74s 
28347      INFO  main            d.u.i.k.p.i.AbstractProblemLoader Replaying proof Harness[Harness::sparseArrayTestHarness2()].JML normal_behavior operation contract.0 
29365      DEBUG main            d.u.i.k.p.i.IntermediateProofReplayer Proof replay took 976.51ms 
29367      DEBUG main            d.u.i.k.p.r.p.TestFile    ... success: reloaded. 
29368      INFO  main            d.u.i.k.p.r.p.TestFile    Now processing file /home/runner/work/key/key/key.core/../key.ui/examples/heap/vacid0_01_SparseArray/MemoryAllocator_alloc_unsigned.key 
29369      INFO  main            d.u.i.k.p.i.AbstractProblemLoader Loading environment from /home/runner/work/key/key/key.core/../key.ui/examples/heap/vacid0_01_SparseArray/MemoryAllocator_alloc_unsigned.key 
29369      DEBUG main            d.u.i.k.p.i.AbstractProblemLoader Environment load took 200.3ns 
29370      INFO  main            d.u.i.k.p.i.AbstractProblemLoader Creating init config 
32113      DEBUG main            d.u.i.k.p.i.AbstractProblemLoader Init config took 2.74s 
32177      INFO  main            d.u.i.k.p.i.AbstractProblemLoader Replaying proof MemoryAllocator[MemoryAllocator::alloc_unsigned(int)].JML normal_behavior operation contract.0 
32179      DEBUG main            d.u.i.k.p.i.IntermediateProofReplayer Proof replay took 14.1ns 
33087      INFO  main            d.u.i.k.p.r.p.TestFile    ... finished proof: closed. 
33263      INFO  main            d.u.i.k.p.i.AbstractProblemLoader Loading environment from /home/runner/work/key/key/key.core/../key.ui/examples/heap/vacid0_01_SparseArray/MemoryAllocator_alloc_unsigned.key.proof 
33263      DEBUG main            d.u.i.k.p.i.AbstractProblemLoader Environment load took 566.8ns 
33266      INFO  main            d.u.i.k.p.i.AbstractProblemLoader Creating init config 
35958      DEBUG main            d.u.i.k.p.i.AbstractProblemLoader Init config took 2.69s 
36011      INFO  main            d.u.i.k.p.i.AbstractProblemLoader Replaying proof MemoryAllocator[MemoryAllocator::alloc_unsigned(int)].JML normal_behavior operation contract.0 
36215      DEBUG main            d.u.i.k.p.i.IntermediateProofReplayer Proof replay took 198.41ms 
36216      DEBUG main            d.u.i.k.p.r.p.TestFile    ... success: reloaded. 
36217      INFO  main            d.u.i.k.p.r.p.TestFile    Now processing file /home/runner/work/key/key/key.core/../key.ui/examples/heap/vacid0_01_SparseArray/MemoryAllocator_alloc.key 
36218      INFO  main            d.u.i.k.p.i.AbstractProblemLoader Loading environment from /home/runner/work/key/key/key.core/../key.ui/examples/heap/vacid0_01_SparseArray/MemoryAllocator_alloc.key 
36218      DEBUG main            d.u.i.k.p.i.AbstractProblemLoader Environment load took 202.5ns 
36219      INFO  main            d.u.i.k.p.i.AbstractProblemLoader Creating init config 
38885      DEBUG main            d.u.i.k.p.i.AbstractProblemLoader Init config took 2.67s 
38935      INFO  main            d.u.i.k.p.i.AbstractProblemLoader Replaying proof MemoryAllocator[MemoryAllocator::alloc(int)].JML normal_behavior operation contract.0 
38937      DEBUG main            d.u.i.k.p.i.IntermediateProofReplayer Proof replay took 5.6ns 
39540      INFO  main            d.u.i.k.p.r.p.TestFile    ... finished proof: closed. 
39698      INFO  main            d.u.i.k.p.i.AbstractProblemLoader Loading environment from /home/runner/work/key/key/key.core/../key.ui/examples/heap/vacid0_01_SparseArray/MemoryAllocator_alloc.key.proof 
39699      DEBUG main            d.u.i.k.p.i.AbstractProblemLoader Environment load took 959.4ns 
39700      INFO  main            d.u.i.k.p.i.AbstractProblemLoader Creating init config 
42355      DEBUG main            d.u.i.k.p.i.AbstractProblemLoader Init config took 2.66s 
42397      INFO  main            d.u.i.k.p.i.AbstractProblemLoader Replaying proof MemoryAllocator[MemoryAllocator::alloc(int)].JML normal_behavior operation contract.0 
42536      DEBUG main            d.u.i.k.p.i.IntermediateProofReplayer Proof replay took 134ms 
42537      DEBUG main            d.u.i.k.p.r.p.TestFile    ... success: reloaded. 
42538      INFO  main            d.u.i.k.p.r.p.TestFile    Now processing file /home/runner/work/key/key/key.core/../key.ui/examples/heap/vacid0_01_SparseArray/SparseArray_get_dep.key 
42538      INFO  main            d.u.i.k.p.i.AbstractProblemLoader Loading environment from /home/runner/work/key/key/key.core/../key.ui/examples/heap/vacid0_01_SparseArray/SparseArray_get_dep.key 
42539      DEBUG main            d.u.i.k.p.i.AbstractProblemLoader Environment load took 201.6ns 
42539      INFO  main            d.u.i.k.p.i.AbstractProblemLoader Creating init config 
45207      DEBUG main            d.u.i.k.p.i.AbstractProblemLoader Init config took 2.67s 
45298      INFO  main            d.u.i.k.p.i.AbstractProblemLoader Replaying proof SparseArray[SparseArray::get(int)].JML accessible clause.0 
45300      DEBUG main            d.u.i.k.p.i.IntermediateProofReplayer Proof replay took 6ns 
48216      INFO  main            d.u.i.k.p.r.p.TestFile    ... finished proof: closed. 
48387      INFO  main            d.u.i.k.p.i.AbstractProblemLoader Loading environment from /home/runner/work/key/key/key.core/../key.ui/examples/heap/vacid0_01_SparseArray/SparseArray_get_dep.key.proof 
48391      DEBUG main            d.u.i.k.p.i.AbstractProblemLoader Environment load took 4.82ms 
48393      INFO  main            d.u.i.k.p.i.AbstractProblemLoader Creating init config 
51029      DEBUG main            d.u.i.k.p.i.AbstractProblemLoader Init config took 2.64s 
51092      INFO  main            d.u.i.k.p.i.AbstractProblemLoader Replaying proof SparseArray[SparseArray::get(int)].JML accessible clause.0 
51407      DEBUG main            d.u.i.k.p.i.IntermediateProofReplayer Proof replay took 302.52ms 
51408      DEBUG main            d.u.i.k.p.r.p.TestFile    ... success: reloaded. 
51409      INFO  main            d.u.i.k.p.r.p.TestFile    Now processing file /home/runner/work/key/key/key.core/../key.ui/examples/heap/vacid0_01_SparseArray/SparseArray_get.key 
51410      INFO  main            d.u.i.k.p.i.AbstractProblemLoader Loading environment from /home/runner/work/key/key/key.core/../key.ui/examples/heap/vacid0_01_SparseArray/SparseArray_get.key 
51410      DEBUG main            d.u.i.k.p.i.AbstractProblemLoader Environment load took 221.8ns 
51411      INFO  main            d.u.i.k.p.i.AbstractProblemLoader Creating init config 
54107      DEBUG main            d.u.i.k.p.i.AbstractProblemLoader Init config took 2.7s 
54169      INFO  main            d.u.i.k.p.i.AbstractProblemLoader Replaying proof SparseArray[SparseArray::get(int)].JML normal_behavior operation contract.0 
54171      DEBUG main            d.u.i.k.p.i.IntermediateProofReplayer Proof replay took 4.8ns 
56290      INFO  main            d.u.i.k.p.r.p.TestFile    ... finished proof: closed. 
56486      INFO  main            d.u.i.k.p.i.AbstractProblemLoader Loading environment from /home/runner/work/key/key/key.core/../key.ui/examples/heap/vacid0_01_SparseArray/SparseArray_get.key.proof 
56486      DEBUG main            d.u.i.k.p.i.AbstractProblemLoader Environment load took 126.8ns 
56487      INFO  main            d.u.i.k.p.i.AbstractProblemLoader Creating init config 
59084      DEBUG main            d.u.i.k.p.i.AbstractProblemLoader Init config took 2.6s 
59153      INFO  main            d.u.i.k.p.i.AbstractProblemLoader Replaying proof SparseArray[SparseArray::get(int)].JML normal_behavior operation contract.0 
59402      DEBUG main            d.u.i.k.p.i.IntermediateProofReplayer Proof replay took 239.86ms 
59403      DEBUG main            d.u.i.k.p.r.p.TestFile    ... success: reloaded. 
59404      INFO  main            d.u.i.k.p.r.p.TestFile    Now processing file /home/runner/work/key/key/key.core/../key.ui/examples/heap/vacid0_01_SparseArray/SparseArray_inv.key 
59405      INFO  main            d.u.i.k.p.i.AbstractProblemLoader Loading environment from /home/runner/work/key/key/key.core/../key.ui/examples/heap/vacid0_01_SparseArray/SparseArray_inv.key 
59405      DEBUG main            d.u.i.k.p.i.AbstractProblemLoader Environment load took 181.8ns 
59406      INFO  main            d.u.i.k.p.i.AbstractProblemLoader Creating init config 
62071      DEBUG main            d.u.i.k.p.i.AbstractProblemLoader Init config took 2.66s 
62131      INFO  main            d.u.i.k.p.i.AbstractProblemLoader Replaying proof SparseArray[java.lang.Object::<inv>()].JML accessible clause.0 
62132      DEBUG main            d.u.i.k.p.i.IntermediateProofReplayer Proof replay took 5.1ns 
63967      INFO  main            d.u.i.k.p.r.p.TestFile    ... finished proof: closed. 
64143      INFO  main            d.u.i.k.p.i.AbstractProblemLoader Loading environment from /home/runner/work/key/key/key.core/../key.ui/examples/heap/vacid0_01_SparseArray/SparseArray_inv.key.proof 
64147      DEBUG main            d.u.i.k.p.i.AbstractProblemLoader Environment load took 4.57ms 
64148      INFO  main            d.u.i.k.p.i.AbstractProblemLoader Creating init config 
66727      DEBUG main            d.u.i.k.p.i.AbstractProblemLoader Init config took 2.58s 
66784      INFO  main            d.u.i.k.p.i.AbstractProblemLoader Replaying proof SparseArray[java.lang.Object::<inv>()].JML accessible clause.0 
66907      DEBUG main            d.u.i.k.p.i.IntermediateProofReplayer Proof replay took 117.66ms 
66908      DEBUG main            d.u.i.k.p.r.p.TestFile    ... success: reloaded. 
66910      INFO  main            d.u.i.k.p.r.p.TestFile    Now processing file /home/runner/work/key/key/key.core/../key.ui/examples/heap/vacid0_01_SparseArray/SparseArray_SparseArray.key 
66910      INFO  main            d.u.i.k.p.i.AbstractProblemLoader Loading environment from /home/runner/work/key/key/key.core/../key.ui/examples/heap/vacid0_01_SparseArray/SparseArray_SparseArray.key 
66910      DEBUG main            d.u.i.k.p.i.AbstractProblemLoader Environment load took 205.8ns 
66911      INFO  main            d.u.i.k.p.i.AbstractProblemLoader Creating init config 
69536      DEBUG main            d.u.i.k.p.i.AbstractProblemLoader Init config took 2.62s 
69604      INFO  main            d.u.i.k.p.i.AbstractProblemLoader Replaying proof SparseArray[SparseArray::SparseArray(int)].JML normal_behavior operation contract.0 
69605      DEBUG main            d.u.i.k.p.i.IntermediateProofReplayer Proof replay took 6ns 
72764      INFO  main            d.u.i.k.p.r.p.TestFile    ... finished proof: closed. 
72956      INFO  main            d.u.i.k.p.i.AbstractProblemLoader Loading environment from /home/runner/work/key/key/key.core/../key.ui/examples/heap/vacid0_01_SparseArray/SparseArray_SparseArray.key.proof 
72957      DEBUG main            d.u.i.k.p.i.AbstractProblemLoader Environment load took 416.2ns 
72958      INFO  main            d.u.i.k.p.i.AbstractProblemLoader Creating init config 
75544      DEBUG main            d.u.i.k.p.i.AbstractProblemLoader Init config took 2.59s 
75600      INFO  main            d.u.i.k.p.i.AbstractProblemLoader Replaying proof SparseArray[SparseArray::SparseArray(int)].JML normal_behavior operation contract.0 
76057      DEBUG main            d.u.i.k.p.i.IntermediateProofReplayer Proof replay took 447.85ms 
76058      DEBUG main            d.u.i.k.p.r.p.TestFile    ... success: reloaded. 
2062590    INFO  Test worker     d.u.i.k.p.r.RunAllProofsTestUnit Returning from test VACID0 
2062591    INFO  Test worker     d.u.i.k.p.r.RunAllProofsTestUnit Running test VSTTE10 
370        INFO  Timeout watchdog d.u.i.k.p.r.p.ForkedTestFileRunner Timeout watcher launched (2000 secs.) 
388        WARN  main            d.u.i.k.s.ProofSettings   The settings in /home/runner/.key/proof-settings.props are *not* read. 
437        INFO  main            d.u.i.k.p.r.p.TestFile    Now processing file /home/runner/work/key/key/key.core/../key.ui/examples/heap/vstte10_01_SumAndMax/SumAndMax_sumAndMax.key 
554        INFO  main            d.u.i.k.p.i.AbstractProblemLoader Loading environment from /home/runner/work/key/key/key.core/../key.ui/examples/heap/vstte10_01_SumAndMax/SumAndMax_sumAndMax.key 
573        DEBUG main            d.u.i.k.p.i.AbstractProblemLoader Environment load took 1.82ms 
773        INFO  main            d.u.i.k.p.i.AbstractProblemLoader Creating init config 
1719       DEBUG main            d.u.i.k.j.TypeConverter   No LDT found for Meta 
1720       DEBUG main            d.u.i.k.j.TypeConverter   No LDT found for Meta 
1721       DEBUG main            d.u.i.k.j.TypeConverter   No LDT found for Meta 
1721       DEBUG main            d.u.i.k.j.TypeConverter   No LDT found for Meta 
3067       DEBUG main            d.u.i.k.j.TypeConverter   No LDT found for JavaBigintExpression 
7680       DEBUG main            d.u.i.k.p.i.AbstractProblemLoader Init config took 6.91s 
7802       INFO  main            d.u.i.k.p.i.AbstractProblemLoader Replaying proof SumAndMax[SumAndMax::sumAndMax([I)].JML normal_behavior operation contract.0 
7833       DEBUG main            d.u.i.k.p.i.IntermediateProofReplayer Proof replay took 28.7ns 
12620      INFO  main            d.u.i.k.p.r.p.TestFile    ... finished proof: closed. 
12766      INFO  main            d.u.i.k.p.i.AbstractProblemLoader Loading environment from /home/runner/work/key/key/key.core/../key.ui/examples/heap/vstte10_01_SumAndMax/SumAndMax_sumAndMax.key.proof 
12766      DEBUG main            d.u.i.k.p.i.AbstractProblemLoader Environment load took 136.8ns 
12768      INFO  main            d.u.i.k.p.i.AbstractProblemLoader Creating init config 
15488      DEBUG main            d.u.i.k.p.i.AbstractProblemLoader Init config took 2.72s 
15554      INFO  main            d.u.i.k.p.i.AbstractProblemLoader Replaying proof SumAndMax[SumAndMax::sumAndMax([I)].JML normal_behavior operation contract.0 
16172      DEBUG main            d.u.i.k.p.i.IntermediateProofReplayer Proof replay took 595.29ms 
16180      DEBUG main            d.u.i.k.p.r.p.TestFile    ... success: reloaded. 
16181      INFO  main            d.u.i.k.p.r.p.TestFile    Now processing file /home/runner/work/key/key/key.core/../key.ui/examples/heap/vstte10_03_LinkedList/Node_cons.key 
16182      INFO  main            d.u.i.k.p.i.AbstractProblemLoader Loading environment from /home/runner/work/key/key/key.core/../key.ui/examples/heap/vstte10_03_LinkedList/Node_cons.key 
16182      DEBUG main            d.u.i.k.p.i.AbstractProblemLoader Environment load took 215.2ns 
16183      INFO  main            d.u.i.k.p.i.AbstractProblemLoader Creating init config 
18786      DEBUG main            d.u.i.k.p.i.AbstractProblemLoader Init config took 2.6s 
18849      INFO  main            d.u.i.k.p.i.AbstractProblemLoader Replaying proof Node[Node::cons(int,Node)].JML normal_behavior operation contract.0 
18852      DEBUG main            d.u.i.k.p.i.IntermediateProofReplayer Proof replay took 4.9ns 
20263      INFO  main            d.u.i.k.p.r.p.TestFile    ... finished proof: closed. 
20436      INFO  main            d.u.i.k.p.i.AbstractProblemLoader Loading environment from /home/runner/work/key/key/key.core/../key.ui/examples/heap/vstte10_03_LinkedList/Node_cons.key.proof 
20437      DEBUG main            d.u.i.k.p.i.AbstractProblemLoader Environment load took 1.27ms 
20440      INFO  main            d.u.i.k.p.i.AbstractProblemLoader Creating init config 
22996      DEBUG main            d.u.i.k.p.i.AbstractProblemLoader Init config took 2.56s 
23064      INFO  main            d.u.i.k.p.i.AbstractProblemLoader Replaying proof Node[Node::cons(int,Node)].JML normal_behavior operation contract.0 
23331      DEBUG main            d.u.i.k.p.i.IntermediateProofReplayer Proof replay took 254.89ms 
23332      DEBUG main            d.u.i.k.p.r.p.TestFile    ... success: reloaded. 
23334      INFO  main            d.u.i.k.p.r.p.TestFile    Now processing file /home/runner/work/key/key/key.core/../key.ui/examples/heap/vstte10_03_LinkedList/Node_inv.key 
23334      INFO  main            d.u.i.k.p.i.AbstractProblemLoader Loading environment from /home/runner/work/key/key/key.core/../key.ui/examples/heap/vstte10_03_LinkedList/Node_inv.key 
23334      DEBUG main            d.u.i.k.p.i.AbstractProblemLoader Environment load took 193.3ns 
23335      INFO  main            d.u.i.k.p.i.AbstractProblemLoader Creating init config 
25873      DEBUG main            d.u.i.k.p.i.AbstractProblemLoader Init config took 2.54s 
25925      INFO  main            d.u.i.k.p.i.AbstractProblemLoader Replaying proof Node[java.lang.Object::<inv>()].JML accessible clause.0 
25927      DEBUG main            d.u.i.k.p.i.IntermediateProofReplayer Proof replay took 5.5ns 
26234      INFO  main            d.u.i.k.p.r.p.TestFile    ... finished proof: closed. 
26375      INFO  main            d.u.i.k.p.i.AbstractProblemLoader Loading environment from /home/runner/work/key/key/key.core/../key.ui/examples/heap/vstte10_03_LinkedList/Node_inv.key.proof 
26375      DEBUG main            d.u.i.k.p.i.AbstractProblemLoader Environment load took 118.3ns 
26377      INFO  main            d.u.i.k.p.i.AbstractProblemLoader Creating init config 
28823      DEBUG main            d.u.i.k.p.i.AbstractProblemLoader Init config took 2.45s 
28884      INFO  main            d.u.i.k.p.i.AbstractProblemLoader Replaying proof Node[java.lang.Object::<inv>()].JML accessible clause.0 
28919      DEBUG main            d.u.i.k.p.i.IntermediateProofReplayer Proof replay took 31.21ms 
28920      DEBUG main            d.u.i.k.p.r.p.TestFile    ... success: reloaded. 
28921      INFO  main            d.u.i.k.p.r.p.TestFile    Now processing file /home/runner/work/key/key/key.core/../key.ui/examples/heap/vstte10_03_LinkedList/Node_search.key 
28922      INFO  main            d.u.i.k.p.i.AbstractProblemLoader Loading environment from /home/runner/work/key/key/key.core/../key.ui/examples/heap/vstte10_03_LinkedList/Node_search.key 
28922      DEBUG main            d.u.i.k.p.i.AbstractProblemLoader Environment load took 191.8ns 
28923      INFO  main            d.u.i.k.p.i.AbstractProblemLoader Creating init config 
31383      DEBUG main            d.u.i.k.p.i.AbstractProblemLoader Init config took 2.46s 
31432      INFO  main            d.u.i.k.p.i.AbstractProblemLoader Replaying proof Node[Node::search()].JML normal_behavior operation contract.0 
31434      DEBUG main            d.u.i.k.p.i.IntermediateProofReplayer Proof replay took 5.7ns 
37282      INFO  main            d.u.i.k.p.r.p.TestFile    ... finished proof: closed. 
37508      INFO  main            d.u.i.k.p.i.AbstractProblemLoader Loading environment from /home/runner/work/key/key/key.core/../key.ui/examples/heap/vstte10_03_LinkedList/Node_search.key.proof 
37508      DEBUG main            d.u.i.k.p.i.AbstractProblemLoader Environment load took 429.5ns 
37511      INFO  main            d.u.i.k.p.i.AbstractProblemLoader Creating init config 
39932      DEBUG main            d.u.i.k.p.i.AbstractProblemLoader Init config took 2.42s 
39989      INFO  main            d.u.i.k.p.i.AbstractProblemLoader Replaying proof Node[Node::search()].JML normal_behavior operation contract.0 
40672      DEBUG main            d.u.i.k.p.i.IntermediateProofReplayer Proof replay took 636.91ms 
40674      DEBUG main            d.u.i.k.p.r.p.TestFile    ... success: reloaded. 
40676      INFO  main            d.u.i.k.p.r.p.TestFile    Now processing file /home/runner/work/key/key/key.core/../key.ui/examples/heap/vstte10_04_Queens/Queens_isConsistent.key 
40676      INFO  main            d.u.i.k.p.i.AbstractProblemLoader Loading environment from /home/runner/work/key/key/key.core/../key.ui/examples/heap/vstte10_04_Queens/Queens_isConsistent.key 
40676      DEBUG main            d.u.i.k.p.i.AbstractProblemLoader Environment load took 194.9ns 
40677      INFO  main            d.u.i.k.p.i.AbstractProblemLoader Creating init config 
43391      DEBUG main            d.u.i.k.p.i.AbstractProblemLoader Init config took 2.71s 
43431      INFO  main            d.u.i.k.p.i.AbstractProblemLoader Replaying proof Queens[Queens::isConsistent([I,int)].JML normal_behavior operation contract.0 
43433      DEBUG main            d.u.i.k.p.i.IntermediateProofReplayer Proof replay took 4.6ns 
45065      INFO  main            d.u.i.k.p.r.p.TestFile    ... finished proof: closed. 
45248      INFO  main            d.u.i.k.p.i.AbstractProblemLoader Loading environment from /home/runner/work/key/key/key.core/../key.ui/examples/heap/vstte10_04_Queens/Queens_isConsistent.key.proof 
45249      DEBUG main            d.u.i.k.p.i.AbstractProblemLoader Environment load took 399.3ns 
45250      INFO  main            d.u.i.k.p.i.AbstractProblemLoader Creating init config 
47750      DEBUG main            d.u.i.k.p.i.AbstractProblemLoader Init config took 2.5s 
47794      INFO  main            d.u.i.k.p.i.AbstractProblemLoader Replaying proof Queens[Queens::isConsistent([I,int)].JML normal_behavior operation contract.0 
48171      DEBUG main            d.u.i.k.p.i.IntermediateProofReplayer Proof replay took 366.64ms 
48172      DEBUG main            d.u.i.k.p.r.p.TestFile    ... success: reloaded. 
48173      INFO  main            d.u.i.k.p.r.p.TestFile    Now processing file /home/runner/work/key/key/key.core/../key.ui/examples/heap/vstte10_04_Queens/Queens_nQueens.key 
48174      INFO  main            d.u.i.k.p.i.AbstractProblemLoader Loading environment from /home/runner/work/key/key/key.core/../key.ui/examples/heap/vstte10_04_Queens/Queens_nQueens.key 
48174      DEBUG main            d.u.i.k.p.i.AbstractProblemLoader Environment load took 218.8ns 
48175      INFO  main            d.u.i.k.p.i.AbstractProblemLoader Creating init config 
50671      DEBUG main            d.u.i.k.p.i.AbstractProblemLoader Init config took 2.5s 
50712      INFO  main            d.u.i.k.p.i.AbstractProblemLoader Replaying proof Queens[Queens::nQueens(int)].JML normal_behavior operation contract.0 
50714      DEBUG main            d.u.i.k.p.i.IntermediateProofReplayer Proof replay took 6ns 
62053      INFO  main            d.u.i.k.p.r.p.TestFile    ... finished proof: closed. 
62274      INFO  main            d.u.i.k.p.i.AbstractProblemLoader Loading environment from /home/runner/work/key/key/key.core/../key.ui/examples/heap/vstte10_04_Queens/Queens_nQueens.key.proof 
62274      DEBUG main            d.u.i.k.p.i.AbstractProblemLoader Environment load took 402.7ns 
62276      INFO  main            d.u.i.k.p.i.AbstractProblemLoader Creating init config 
64715      DEBUG main            d.u.i.k.p.i.AbstractProblemLoader Init config took 2.44s 
64759      INFO  main            d.u.i.k.p.i.AbstractProblemLoader Replaying proof Queens[Queens::nQueens(int)].JML normal_behavior operation contract.0 
65728      DEBUG main            d.u.i.k.p.i.IntermediateProofReplayer Proof replay took 949.47ms 
65729      DEBUG main            d.u.i.k.p.r.p.TestFile    ... success: reloaded. 
65730      INFO  main            d.u.i.k.p.r.p.TestFile    Now processing file /home/runner/work/key/key/key.core/../key.ui/examples/heap/vstte10_05_Queue/AmortizedQueue_AmortizedQueue.key 
65731      INFO  main            d.u.i.k.p.i.AbstractProblemLoader Loading environment from /home/runner/work/key/key/key.core/../key.ui/examples/heap/vstte10_05_Queue/AmortizedQueue_AmortizedQueue.key 
65731      DEBUG main            d.u.i.k.p.i.AbstractProblemLoader Environment load took 191.6ns 
65732      INFO  main            d.u.i.k.p.i.AbstractProblemLoader Creating init config 
68355      DEBUG main            d.u.i.k.p.i.AbstractProblemLoader Init config took 2.62s 
68420      INFO  main            d.u.i.k.p.i.AbstractProblemLoader Replaying proof AmortizedQueue[AmortizedQueue::AmortizedQueue()].JML normal_behavior operation contract.0 
68422      DEBUG main            d.u.i.k.p.i.IntermediateProofReplayer Proof replay took 4.9ns 
69660      INFO  main            d.u.i.k.p.r.p.TestFile    ... finished proof: closed. 
69851      INFO  main            d.u.i.k.p.i.AbstractProblemLoader Loading environment from /home/runner/work/key/key/key.core/../key.ui/examples/heap/vstte10_05_Queue/AmortizedQueue_AmortizedQueue.key.proof 
69853      DEBUG main            d.u.i.k.p.i.AbstractProblemLoader Environment load took 1.27ms 
69854      INFO  main            d.u.i.k.p.i.AbstractProblemLoader Creating init config 
72366      DEBUG main            d.u.i.k.p.i.AbstractProblemLoader Init config took 2.51s 
72411      INFO  main            d.u.i.k.p.i.AbstractProblemLoader Replaying proof AmortizedQueue[AmortizedQueue::AmortizedQueue()].JML normal_behavior operation contract.0 
72610      DEBUG main            d.u.i.k.p.i.IntermediateProofReplayer Proof replay took 193.04ms 
72611      DEBUG main            d.u.i.k.p.r.p.TestFile    ... success: reloaded. 
72613      INFO  main            d.u.i.k.p.r.p.TestFile    Now processing file /home/runner/work/key/key/key.core/../key.ui/examples/heap/vstte10_05_Queue/AmortizedQueue_front.key 
72613      INFO  main            d.u.i.k.p.i.AbstractProblemLoader Loading environment from /home/runner/work/key/key/key.core/../key.ui/examples/heap/vstte10_05_Queue/AmortizedQueue_front.key 
72613      DEBUG main            d.u.i.k.p.i.AbstractProblemLoader Environment load took 189.1ns 
72614      INFO  main            d.u.i.k.p.i.AbstractProblemLoader Creating init config 
75107      DEBUG main            d.u.i.k.p.i.AbstractProblemLoader Init config took 2.49s 
75150      INFO  main            d.u.i.k.p.i.AbstractProblemLoader Replaying proof AmortizedQueue[AmortizedQueue::front()].JML normal_behavior operation contract.0 
75152      DEBUG main            d.u.i.k.p.i.IntermediateProofReplayer Proof replay took 5.5ns 
75555      INFO  main            d.u.i.k.p.r.p.TestFile    ... finished proof: closed. 
75736      INFO  main            d.u.i.k.p.i.AbstractProblemLoader Loading environment from /home/runner/work/key/key/key.core/../key.ui/examples/heap/vstte10_05_Queue/AmortizedQueue_front.key.proof 
75736      DEBUG main            d.u.i.k.p.i.AbstractProblemLoader Environment load took 105ns 
75737      INFO  main            d.u.i.k.p.i.AbstractProblemLoader Creating init config 
78193      DEBUG main            d.u.i.k.p.i.AbstractProblemLoader Init config took 2.46s 
78240      INFO  main            d.u.i.k.p.i.AbstractProblemLoader Replaying proof AmortizedQueue[AmortizedQueue::front()].JML normal_behavior operation contract.0 
78292      DEBUG main            d.u.i.k.p.i.IntermediateProofReplayer Proof replay took 49.63ms 
78293      DEBUG main            d.u.i.k.p.r.p.TestFile    ... success: reloaded. 
78295      INFO  main            d.u.i.k.p.r.p.TestFile    Now processing file /home/runner/work/key/key/key.core/../key.ui/examples/heap/vstte10_05_Queue/LinkedList_concat.key 
78295      INFO  main            d.u.i.k.p.i.AbstractProblemLoader Loading environment from /home/runner/work/key/key/key.core/../key.ui/examples/heap/vstte10_05_Queue/LinkedList_concat.key 
78295      DEBUG main            d.u.i.k.p.i.AbstractProblemLoader Environment load took 195.7ns 
78297      INFO  main            d.u.i.k.p.i.AbstractProblemLoader Creating init config 
80776      DEBUG main            d.u.i.k.p.i.AbstractProblemLoader Init config took 2.48s 
80837      INFO  main            d.u.i.k.p.i.AbstractProblemLoader Replaying proof LinkedList[LinkedList::concat(LinkedList)].JML normal_behavior operation contract.0 
80839      DEBUG main            d.u.i.k.p.i.IntermediateProofReplayer Proof replay took 5.9ns 
88440      INFO  main            d.u.i.k.p.r.p.TestFile    ... finished proof: closed. 
88668      INFO  main            d.u.i.k.p.i.AbstractProblemLoader Loading environment from /home/runner/work/key/key/key.core/../key.ui/examples/heap/vstte10_05_Queue/LinkedList_concat.key.proof 
88669      DEBUG main            d.u.i.k.p.i.AbstractProblemLoader Environment load took 479ns 
88671      INFO  main            d.u.i.k.p.i.AbstractProblemLoader Creating init config 
91081      DEBUG main            d.u.i.k.p.i.AbstractProblemLoader Init config took 2.41s 
91124      INFO  main            d.u.i.k.p.i.AbstractProblemLoader Replaying proof LinkedList[LinkedList::concat(LinkedList)].JML normal_behavior operation contract.0 
91824      DEBUG main            d.u.i.k.p.i.IntermediateProofReplayer Proof replay took 671.39ms 
91826      DEBUG main            d.u.i.k.p.r.p.TestFile    ... success: reloaded. 
91827      INFO  main            d.u.i.k.p.r.p.TestFile    Now processing file /home/runner/work/key/key/key.core/../key.ui/examples/heap/vstte10_05_Queue/LinkedList_cons.key 
91827      INFO  main            d.u.i.k.p.i.AbstractProblemLoader Loading environment from /home/runner/work/key/key/key.core/../key.ui/examples/heap/vstte10_05_Queue/LinkedList_cons.key 
91827      DEBUG main            d.u.i.k.p.i.AbstractProblemLoader Environment load took 211ns 
91828      INFO  main            d.u.i.k.p.i.AbstractProblemLoader Creating init config 
94350      DEBUG main            d.u.i.k.p.i.AbstractProblemLoader Init config took 2.52s 
94393      INFO  main            d.u.i.k.p.i.AbstractProblemLoader Replaying proof LinkedList[LinkedList::cons(int)].JML normal_behavior operation contract.0 
94394      DEBUG main            d.u.i.k.p.i.IntermediateProofReplayer Proof replay took 5.4ns 
96458      INFO  main            d.u.i.k.p.r.p.TestFile    ... finished proof: closed. 
96683      INFO  main            d.u.i.k.p.i.AbstractProblemLoader Loading environment from /home/runner/work/key/key/key.core/../key.ui/examples/heap/vstte10_05_Queue/LinkedList_cons.key.proof 
96684      DEBUG main            d.u.i.k.p.i.AbstractProblemLoader Environment load took 399.5ns 
96685      INFO  main            d.u.i.k.p.i.AbstractProblemLoader Creating init config 
99113      DEBUG main            d.u.i.k.p.i.AbstractProblemLoader Init config took 2.43s 
99156      INFO  main            d.u.i.k.p.i.AbstractProblemLoader Replaying proof LinkedList[LinkedList::cons(int)].JML normal_behavior operation contract.0 
99422      DEBUG main            d.u.i.k.p.i.IntermediateProofReplayer Proof replay took 256.39ms 
99423      DEBUG main            d.u.i.k.p.r.p.TestFile    ... success: reloaded. 
99424      INFO  main            d.u.i.k.p.r.p.TestFile    Now processing file /home/runner/work/key/key/key.core/../key.ui/examples/heap/vstte10_05_Queue/LinkedList_head.key 
99424      INFO  main            d.u.i.k.p.i.AbstractProblemLoader Loading environment from /home/runner/work/key/key/key.core/../key.ui/examples/heap/vstte10_05_Queue/LinkedList_head.key 
99425      DEBUG main            d.u.i.k.p.i.AbstractProblemLoader Environment load took 203.9ns 
99425      INFO  main            d.u.i.k.p.i.AbstractProblemLoader Creating init config 
101905     DEBUG main            d.u.i.k.p.i.AbstractProblemLoader Init config took 2.48s 
101949     INFO  main            d.u.i.k.p.i.AbstractProblemLoader Replaying proof LinkedList[LinkedList::head()].JML normal_behavior operation contract.0 
101950     DEBUG main            d.u.i.k.p.i.IntermediateProofReplayer Proof replay took 4.9ns 
102052     INFO  main            d.u.i.k.p.r.p.TestFile    ... finished proof: closed. 
102242     INFO  main            d.u.i.k.p.i.AbstractProblemLoader Loading environment from /home/runner/work/key/key/key.core/../key.ui/examples/heap/vstte10_05_Queue/LinkedList_head.key.proof 
102242     DEBUG main            d.u.i.k.p.i.AbstractProblemLoader Environment load took 104.2ns 
102243     INFO  main            d.u.i.k.p.i.AbstractProblemLoader Creating init config 
104709     DEBUG main            d.u.i.k.p.i.AbstractProblemLoader Init config took 2.47s 
104749     INFO  main            d.u.i.k.p.i.AbstractProblemLoader Replaying proof LinkedList[LinkedList::head()].JML normal_behavior operation contract.0 
104762     DEBUG main            d.u.i.k.p.i.IntermediateProofReplayer Proof replay took 11.33ms 
104763     DEBUG main            d.u.i.k.p.r.p.TestFile    ... success: reloaded. 
104764     INFO  main            d.u.i.k.p.r.p.TestFile    Now processing file /home/runner/work/key/key/key.core/../key.ui/examples/heap/vstte10_05_Queue/LinkedList_inv.key 
104764     INFO  main            d.u.i.k.p.i.AbstractProblemLoader Loading environment from /home/runner/work/key/key/key.core/../key.ui/examples/heap/vstte10_05_Queue/LinkedList_inv.key 
104764     DEBUG main            d.u.i.k.p.i.AbstractProblemLoader Environment load took 86.2ns 
104765     INFO  main            d.u.i.k.p.i.AbstractProblemLoader Creating init config 
107205     DEBUG main            d.u.i.k.p.i.AbstractProblemLoader Init config took 2.44s 
107245     INFO  main            d.u.i.k.p.i.AbstractProblemLoader Replaying proof LinkedList[java.lang.Object::<inv>()].JML accessible clause.0 
107247     DEBUG main            d.u.i.k.p.i.IntermediateProofReplayer Proof replay took 5.4ns 
107455     INFO  main            d.u.i.k.p.r.p.TestFile    ... finished proof: closed. 
107678     INFO  main            d.u.i.k.p.i.AbstractProblemLoader Loading environment from /home/runner/work/key/key/key.core/../key.ui/examples/heap/vstte10_05_Queue/LinkedList_inv.key.proof 
107678     DEBUG main            d.u.i.k.p.i.AbstractProblemLoader Environment load took 149.7ns 
107679     INFO  main            d.u.i.k.p.i.AbstractProblemLoader Creating init config 
110104     DEBUG main            d.u.i.k.p.i.AbstractProblemLoader Init config took 2.43s 
110148     INFO  main            d.u.i.k.p.i.AbstractProblemLoader Replaying proof LinkedList[java.lang.Object::<inv>()].JML accessible clause.0 
110176     DEBUG main            d.u.i.k.p.i.IntermediateProofReplayer Proof replay took 24.69ms 
110177     DEBUG main            d.u.i.k.p.r.p.TestFile    ... success: reloaded. 
110178     INFO  main            d.u.i.k.p.r.p.TestFile    Now processing file /home/runner/work/key/key/key.core/../key.ui/examples/heap/vstte10_05_Queue/LinkedList_length.key 
110179     INFO  main            d.u.i.k.p.i.AbstractProblemLoader Loading environment from /home/runner/work/key/key/key.core/../key.ui/examples/heap/vstte10_05_Queue/LinkedList_length.key 
110179     DEBUG main            d.u.i.k.p.i.AbstractProblemLoader Environment load took 226.4ns 
110180     INFO  main            d.u.i.k.p.i.AbstractProblemLoader Creating init config 
112658     DEBUG main            d.u.i.k.p.i.AbstractProblemLoader Init config took 2.48s 
112710     INFO  main            d.u.i.k.p.i.AbstractProblemLoader Replaying proof LinkedList[LinkedList::length()].JML normal_behavior operation contract.0 
112711     DEBUG main            d.u.i.k.p.i.IntermediateProofReplayer Proof replay took 5.6ns 
112815     INFO  main            d.u.i.k.p.r.p.TestFile    ... finished proof: closed. 
113031     INFO  main            d.u.i.k.p.i.AbstractProblemLoader Loading environment from /home/runner/work/key/key/key.core/../key.ui/examples/heap/vstte10_05_Queue/LinkedList_length.key.proof 
113031     DEBUG main            d.u.i.k.p.i.AbstractProblemLoader Environment load took 103.2ns 
113032     INFO  main            d.u.i.k.p.i.AbstractProblemLoader Creating init config 
115432     DEBUG main            d.u.i.k.p.i.AbstractProblemLoader Init config took 2.4s 
115473     INFO  main            d.u.i.k.p.i.AbstractProblemLoader Replaying proof LinkedList[LinkedList::length()].JML normal_behavior operation contract.0 
115501     DEBUG main            d.u.i.k.p.i.IntermediateProofReplayer Proof replay took 12.52ms 
115501     DEBUG main            d.u.i.k.p.r.p.TestFile    ... success: reloaded. 
115502     INFO  main            d.u.i.k.p.r.p.TestFile    Now processing file /home/runner/work/key/key/key.core/../key.ui/examples/heap/vstte10_05_Queue/LinkedList_LinkedList1.key 
115502     INFO  main            d.u.i.k.p.i.AbstractProblemLoader Loading environment from /home/runner/work/key/key/key.core/../key.ui/examples/heap/vstte10_05_Queue/LinkedList_LinkedList1.key 
115502     DEBUG main            d.u.i.k.p.i.AbstractProblemLoader Environment load took 93.2ns 
115504     INFO  main            d.u.i.k.p.i.AbstractProblemLoader Creating init config 
117957     DEBUG main            d.u.i.k.p.i.AbstractProblemLoader Init config took 2.45s 
117998     INFO  main            d.u.i.k.p.i.AbstractProblemLoader Replaying proof LinkedList[LinkedList::LinkedList(int,LinkedList)].JML normal_behavior operation contract.0 
117999     DEBUG main            d.u.i.k.p.i.IntermediateProofReplayer Proof replay took 4.9ns 
119607     INFO  main            d.u.i.k.p.r.p.TestFile    ... finished proof: closed. 
119839     INFO  main            d.u.i.k.p.i.AbstractProblemLoader Loading environment from /home/runner/work/key/key/key.core/../key.ui/examples/heap/vstte10_05_Queue/LinkedList_LinkedList1.key.proof 
119839     DEBUG main            d.u.i.k.p.i.AbstractProblemLoader Environment load took 186.8ns 
119841     INFO  main            d.u.i.k.p.i.AbstractProblemLoader Creating init config 
122244     DEBUG main            d.u.i.k.p.i.AbstractProblemLoader Init config took 2.4s 
122285     INFO  main            d.u.i.k.p.i.AbstractProblemLoader Replaying proof LinkedList[LinkedList::LinkedList(int,LinkedList)].JML normal_behavior operation contract.0 
122510     DEBUG main            d.u.i.k.p.i.IntermediateProofReplayer Proof replay took 218.36ms 
122511     DEBUG main            d.u.i.k.p.r.p.TestFile    ... success: reloaded. 
122512     INFO  main            d.u.i.k.p.r.p.TestFile    Now processing file /home/runner/work/key/key/key.core/../key.ui/examples/heap/vstte10_05_Queue/LinkedList_LinkedList2.key 
122512     INFO  main            d.u.i.k.p.i.AbstractProblemLoader Loading environment from /home/runner/work/key/key/key.core/../key.ui/examples/heap/vstte10_05_Queue/LinkedList_LinkedList2.key 
122512     DEBUG main            d.u.i.k.p.i.AbstractProblemLoader Environment load took 86.2ns 
122513     INFO  main            d.u.i.k.p.i.AbstractProblemLoader Creating init config 
124992     DEBUG main            d.u.i.k.p.i.AbstractProblemLoader Init config took 2.48s 
125033     INFO  main            d.u.i.k.p.i.AbstractProblemLoader Replaying proof LinkedList[LinkedList::LinkedList(int,LinkedList)].JML normal_behavior operation contract.0 
125034     DEBUG main            d.u.i.k.p.i.IntermediateProofReplayer Proof replay took 4.7ns 
126641     INFO  main            d.u.i.k.p.r.p.TestFile    ... finished proof: closed. 
126874     INFO  main            d.u.i.k.p.i.AbstractProblemLoader Loading environment from /home/runner/work/key/key/key.core/../key.ui/examples/heap/vstte10_05_Queue/LinkedList_LinkedList2.key.proof 
126877     DEBUG main            d.u.i.k.p.i.AbstractProblemLoader Environment load took 2.38ms 
126878     INFO  main            d.u.i.k.p.i.AbstractProblemLoader Creating init config 
129313     DEBUG main            d.u.i.k.p.i.AbstractProblemLoader Init config took 2.43s 
129355     INFO  main            d.u.i.k.p.i.AbstractProblemLoader Replaying proof LinkedList[LinkedList::LinkedList(int,LinkedList)].JML normal_behavior operation contract.0 
129581     DEBUG main            d.u.i.k.p.i.IntermediateProofReplayer Proof replay took 219.44ms 
129582     DEBUG main            d.u.i.k.p.r.p.TestFile    ... success: reloaded. 
129583     INFO  main            d.u.i.k.p.r.p.TestFile    Now processing file /home/runner/work/key/key/key.core/../key.ui/examples/heap/vstte10_05_Queue/LinkedList_LinkedList3.key 
129583     INFO  main            d.u.i.k.p.i.AbstractProblemLoader Loading environment from /home/runner/work/key/key/key.core/../key.ui/examples/heap/vstte10_05_Queue/LinkedList_LinkedList3.key 
129583     DEBUG main            d.u.i.k.p.i.AbstractProblemLoader Environment load took 63.8ns 
129584     INFO  main            d.u.i.k.p.i.AbstractProblemLoader Creating init config 
132022     DEBUG main            d.u.i.k.p.i.AbstractProblemLoader Init config took 2.44s 
132065     INFO  main            d.u.i.k.p.i.AbstractProblemLoader Replaying proof LinkedList[LinkedList::LinkedList(int,LinkedList)].JML normal_behavior operation contract.0 
132067     DEBUG main            d.u.i.k.p.i.IntermediateProofReplayer Proof replay took 5.2ns 
143826     INFO  main            d.u.i.k.p.r.p.TestFile    ... finished proof: closed. 
144159     INFO  main            d.u.i.k.p.i.AbstractProblemLoader Loading environment from /home/runner/work/key/key/key.core/../key.ui/examples/heap/vstte10_05_Queue/LinkedList_LinkedList3.key.proof 
144160     DEBUG main            d.u.i.k.p.i.AbstractProblemLoader Environment load took 394.1ns 
144165     INFO  main            d.u.i.k.p.i.AbstractProblemLoader Creating init config 
146566     DEBUG main            d.u.i.k.p.i.AbstractProblemLoader Init config took 2.4s 
146613     INFO  main            d.u.i.k.p.i.AbstractProblemLoader Replaying proof LinkedList[LinkedList::LinkedList(int,LinkedList)].JML normal_behavior operation contract.0 
147734     DEBUG main            d.u.i.k.p.i.IntermediateProofReplayer Proof replay took 1.03s 
147739     DEBUG main            d.u.i.k.p.r.p.TestFile    ... success: reloaded. 
147740     INFO  main            d.u.i.k.p.r.p.TestFile    Now processing file /home/runner/work/key/key/key.core/../key.ui/examples/heap/vstte10_05_Queue/LinkedList_reverse.key 
147740     INFO  main            d.u.i.k.p.i.AbstractProblemLoader Loading environment from /home/runner/work/key/key/key.core/../key.ui/examples/heap/vstte10_05_Queue/LinkedList_reverse.key 
147741     DEBUG main            d.u.i.k.p.i.AbstractProblemLoader Environment load took 102.7ns 
147741     INFO  main            d.u.i.k.p.i.AbstractProblemLoader Creating init config 
150279     DEBUG main            d.u.i.k.p.i.AbstractProblemLoader Init config took 2.54s 
150322     INFO  main            d.u.i.k.p.i.AbstractProblemLoader Replaying proof LinkedList[LinkedList::reverse()].JML normal_behavior operation contract.0 
150323     DEBUG main            d.u.i.k.p.i.IntermediateProofReplayer Proof replay took 5.5ns 
158654     INFO  main            d.u.i.k.p.r.p.TestFile    ... finished proof: closed. 
158942     INFO  main            d.u.i.k.p.i.AbstractProblemLoader Loading environment from /home/runner/work/key/key/key.core/../key.ui/examples/heap/vstte10_05_Queue/LinkedList_reverse.key.proof 
158946     DEBUG main            d.u.i.k.p.i.AbstractProblemLoader Environment load took 5.15ms 
158949     INFO  main            d.u.i.k.p.i.AbstractProblemLoader Creating init config 
161373     DEBUG main            d.u.i.k.p.i.AbstractProblemLoader Init config took 2.42s 
161415     INFO  main            d.u.i.k.p.i.AbstractProblemLoader Replaying proof LinkedList[LinkedList::reverse()].JML normal_behavior operation contract.0 
162112     DEBUG main            d.u.i.k.p.i.IntermediateProofReplayer Proof replay took 669.31ms 
162115     DEBUG main            d.u.i.k.p.r.p.TestFile    ... success: reloaded. 
162115     INFO  main            d.u.i.k.p.r.p.TestFile    Now processing file /home/runner/work/key/key/key.core/../key.ui/examples/heap/vstte10_05_Queue/LinkedList_tail.key 
162116     INFO  main            d.u.i.k.p.i.AbstractProblemLoader Loading environment from /home/runner/work/key/key/key.core/../key.ui/examples/heap/vstte10_05_Queue/LinkedList_tail.key 
162116     DEBUG main            d.u.i.k.p.i.AbstractProblemLoader Environment load took 80.7ns 
162117     INFO  main            d.u.i.k.p.i.AbstractProblemLoader Creating init config 
164601     DEBUG main            d.u.i.k.p.i.AbstractProblemLoader Init config took 2.48s 
164641     INFO  main            d.u.i.k.p.i.AbstractProblemLoader Replaying proof LinkedList[LinkedList::tail()].JML normal_behavior operation contract.0 
164642     DEBUG main            d.u.i.k.p.i.IntermediateProofReplayer Proof replay took 39.5ns 
165164     INFO  main            d.u.i.k.p.r.p.TestFile    ... finished proof: closed. 
165404     INFO  main            d.u.i.k.p.i.AbstractProblemLoader Loading environment from /home/runner/work/key/key/key.core/../key.ui/examples/heap/vstte10_05_Queue/LinkedList_tail.key.proof 
165404     DEBUG main            d.u.i.k.p.i.AbstractProblemLoader Environment load took 86.8ns 
165405     INFO  main            d.u.i.k.p.i.AbstractProblemLoader Creating init config 
167856     DEBUG main            d.u.i.k.p.i.AbstractProblemLoader Init config took 2.45s 
167896     INFO  main            d.u.i.k.p.i.AbstractProblemLoader Replaying proof LinkedList[LinkedList::tail()].JML normal_behavior operation contract.0 
167982     DEBUG main            d.u.i.k.p.i.IntermediateProofReplayer Proof replay took 83.18ms 
167983     DEBUG main            d.u.i.k.p.r.p.TestFile    ... success: reloaded. 
2230740    INFO  Test worker     d.u.i.k.p.r.RunAllProofsTestUnit Returning from test VSTTE10 
2230741    INFO  Test worker     d.u.i.k.p.r.RunAllProofsTestUnit Running test WeideEtAl 
313        INFO  Timeout watchdog d.u.i.k.p.r.p.ForkedTestFileRunner Timeout watcher launched (2000 secs.) 
328        WARN  main            d.u.i.k.s.ProofSettings   The settings in /home/runner/.key/proof-settings.props are *not* read. 
376        INFO  main            d.u.i.k.p.r.p.TestFile    Now processing file /home/runner/work/key/key/key.core/../key.ui/examples/heap/WeideEtAl_01_AddAndMultiply/AddAndMultiply_add.key 
504        INFO  main            d.u.i.k.p.i.AbstractProblemLoader Loading environment from /home/runner/work/key/key/key.core/../key.ui/examples/heap/WeideEtAl_01_AddAndMultiply/AddAndMultiply_add.key 
525        DEBUG main            d.u.i.k.p.i.AbstractProblemLoader Environment load took 1.95ms 
732        INFO  main            d.u.i.k.p.i.AbstractProblemLoader Creating init config 
1616       DEBUG main            d.u.i.k.j.TypeConverter   No LDT found for Meta 
1617       DEBUG main            d.u.i.k.j.TypeConverter   No LDT found for Meta 
1621       DEBUG main            d.u.i.k.j.TypeConverter   No LDT found for Meta 
1621       DEBUG main            d.u.i.k.j.TypeConverter   No LDT found for Meta 
2923       DEBUG main            d.u.i.k.j.TypeConverter   No LDT found for JavaBigintExpression 
7751       DEBUG main            d.u.i.k.p.i.AbstractProblemLoader Init config took 7.02s 
7925       INFO  main            d.u.i.k.p.i.AbstractProblemLoader Replaying proof AddAndMultiply[AddAndMultiply::add(int,int)].JML normal_behavior operation contract.0 
7958       DEBUG main            d.u.i.k.p.i.IntermediateProofReplayer Proof replay took 28.4ns 
9593       INFO  main            d.u.i.k.p.r.p.TestFile    ... finished proof: closed. 
9727       INFO  main            d.u.i.k.p.i.AbstractProblemLoader Loading environment from /home/runner/work/key/key/key.core/../key.ui/examples/heap/WeideEtAl_01_AddAndMultiply/AddAndMultiply_add.key.proof 
9727       DEBUG main            d.u.i.k.p.i.AbstractProblemLoader Environment load took 418.5ns 
9733       INFO  main            d.u.i.k.p.i.AbstractProblemLoader Creating init config 
12522      DEBUG main            d.u.i.k.p.i.AbstractProblemLoader Init config took 2.79s 
12588      INFO  main            d.u.i.k.p.i.AbstractProblemLoader Replaying proof AddAndMultiply[AddAndMultiply::add(int,int)].JML normal_behavior operation contract.0 
12866      DEBUG main            d.u.i.k.p.i.IntermediateProofReplayer Proof replay took 259.07ms 
12873      DEBUG main            d.u.i.k.p.r.p.TestFile    ... success: reloaded. 
12875      INFO  main            d.u.i.k.p.r.p.TestFile    Now processing file /home/runner/work/key/key/key.core/../key.ui/examples/heap/WeideEtAl_01_AddAndMultiply/AddAndMultiply_mul.key 
12876      INFO  main            d.u.i.k.p.i.AbstractProblemLoader Loading environment from /home/runner/work/key/key/key.core/../key.ui/examples/heap/WeideEtAl_01_AddAndMultiply/AddAndMultiply_mul.key 
12876      DEBUG main            d.u.i.k.p.i.AbstractProblemLoader Environment load took 215.9ns 
12877      INFO  main            d.u.i.k.p.i.AbstractProblemLoader Creating init config 
15549      DEBUG main            d.u.i.k.p.i.AbstractProblemLoader Init config took 2.67s 
15604      INFO  main            d.u.i.k.p.i.AbstractProblemLoader Replaying proof AddAndMultiply[AddAndMultiply::mul(int,int)].JML normal_behavior operation contract.0 
15607      DEBUG main            d.u.i.k.p.i.IntermediateProofReplayer Proof replay took 4.8ns 
16010      INFO  main            d.u.i.k.p.r.p.TestFile    ... finished proof: closed. 
16202      INFO  main            d.u.i.k.p.i.AbstractProblemLoader Loading environment from /home/runner/work/key/key/key.core/../key.ui/examples/heap/WeideEtAl_01_AddAndMultiply/AddAndMultiply_mul.key.proof 
16203      DEBUG main            d.u.i.k.p.i.AbstractProblemLoader Environment load took 1.26ms 
16206      INFO  main            d.u.i.k.p.i.AbstractProblemLoader Creating init config 
18848      DEBUG main            d.u.i.k.p.i.AbstractProblemLoader Init config took 2.64s 
18897      INFO  main            d.u.i.k.p.i.AbstractProblemLoader Replaying proof AddAndMultiply[AddAndMultiply::mul(int,int)].JML normal_behavior operation contract.0 
19001      DEBUG main            d.u.i.k.p.i.IntermediateProofReplayer Proof replay took 98.98ms 
19002      DEBUG main            d.u.i.k.p.r.p.TestFile    ... success: reloaded. 
19003      INFO  main            d.u.i.k.p.r.p.TestFile    Now processing file /home/runner/work/key/key/key.core/../key.ui/examples/heap/WeideEtAl_02_BinarySearch/BinarySearch_search.key 
19004      INFO  main            d.u.i.k.p.i.AbstractProblemLoader Loading environment from /home/runner/work/key/key/key.core/../key.ui/examples/heap/WeideEtAl_02_BinarySearch/BinarySearch_search.key 
19004      DEBUG main            d.u.i.k.p.i.AbstractProblemLoader Environment load took 198.9ns 
19005      INFO  main            d.u.i.k.p.i.AbstractProblemLoader Creating init config 
21607      DEBUG main            d.u.i.k.p.i.AbstractProblemLoader Init config took 2.6s 
21653      INFO  main            d.u.i.k.p.i.AbstractProblemLoader Replaying proof BinarySearch[BinarySearch::search([I,int)].JML normal_behavior operation contract.0 
21657      DEBUG main            d.u.i.k.p.i.IntermediateProofReplayer Proof replay took 6.3ns 
24727      INFO  main            d.u.i.k.p.r.p.TestFile    ... finished proof: closed. 
24900      INFO  main            d.u.i.k.p.i.AbstractProblemLoader Loading environment from /home/runner/work/key/key/key.core/../key.ui/examples/heap/WeideEtAl_02_BinarySearch/BinarySearch_search.key.proof 
24901      DEBUG main            d.u.i.k.p.i.AbstractProblemLoader Environment load took 1.54ms 
24903      INFO  main            d.u.i.k.p.i.AbstractProblemLoader Creating init config 
27446      DEBUG main            d.u.i.k.p.i.AbstractProblemLoader Init config took 2.54s 
27489      INFO  main            d.u.i.k.p.i.AbstractProblemLoader Replaying proof BinarySearch[BinarySearch::search([I,int)].JML normal_behavior operation contract.0 
28032      DEBUG main            d.u.i.k.p.i.IntermediateProofReplayer Proof replay took 524.3ms 
28033      DEBUG main            d.u.i.k.p.r.p.TestFile    ... success: reloaded. 
2258944    INFO  Test worker     d.u.i.k.p.r.RunAllProofsTestUnit Returning from test WeideEtAl 
2258945    INFO  Test worker     d.u.i.k.p.r.RunAllProofsTestUnit Running test arithmetic 
344        WARN  main            d.u.i.k.s.ProofSettings   The settings in /home/runner/.key/proof-settings.props are *not* read. 
344        INFO  Timeout watchdog d.u.i.k.p.r.p.ForkedTestFileRunner Timeout watcher launched (2000 secs.) 
380        INFO  main            d.u.i.k.p.r.p.TestFile    Now processing file /home/runner/work/key/key/key.core/../key.ui/examples/standard_key/arith/binomial1.key 
497        INFO  main            d.u.i.k.p.i.AbstractProblemLoader Loading environment from /home/runner/work/key/key/key.core/../key.ui/examples/standard_key/arith/binomial1.key 
524        DEBUG main            d.u.i.k.p.i.AbstractProblemLoader Environment load took 5.96ms 
779        INFO  main            d.u.i.k.p.i.AbstractProblemLoader Creating init config 
1690       DEBUG main            d.u.i.k.j.TypeConverter   No LDT found for Meta 
1691       DEBUG main            d.u.i.k.j.TypeConverter   No LDT found for Meta 
1693       DEBUG main            d.u.i.k.j.TypeConverter   No LDT found for Meta 
1693       DEBUG main            d.u.i.k.j.TypeConverter   No LDT found for Meta 
3023       DEBUG main            d.u.i.k.j.TypeConverter   No LDT found for JavaBigintExpression 
7455       DEBUG main            d.u.i.k.p.i.AbstractProblemLoader Init config took 6.68s 
7537       INFO  main            d.u.i.k.p.i.AbstractProblemLoader Replaying proof binomial1.key 
7573       DEBUG main            d.u.i.k.p.i.IntermediateProofReplayer Proof replay took 31.8ns 
7841       INFO  main            d.u.i.k.p.r.p.TestFile    ... finished proof: closed. 
7941       INFO  main            d.u.i.k.p.i.AbstractProblemLoader Loading environment from /home/runner/work/key/key/key.core/../key.ui/examples/standard_key/arith/binomial1.key.proof 
7941       DEBUG main            d.u.i.k.p.i.AbstractProblemLoader Environment load took 416.3ns 
7945       INFO  main            d.u.i.k.p.i.AbstractProblemLoader Creating init config 
10549      DEBUG main            d.u.i.k.p.i.AbstractProblemLoader Init config took 2.6s 
10592      INFO  main            d.u.i.k.p.i.AbstractProblemLoader Replaying proof binomial1.key.proof 
10609      DEBUG main            d.u.i.k.p.i.IntermediateProofReplayer Proof replay took 12.42ms 
10618      DEBUG main            d.u.i.k.p.r.p.TestFile    ... success: reloaded. 
10619      INFO  main            d.u.i.k.p.r.p.TestFile    Now processing file /home/runner/work/key/key/key.core/../key.ui/examples/standard_key/arith/binomial2.key 
10620      INFO  main            d.u.i.k.p.i.AbstractProblemLoader Loading environment from /home/runner/work/key/key/key.core/../key.ui/examples/standard_key/arith/binomial2.key 
10620      DEBUG main            d.u.i.k.p.i.AbstractProblemLoader Environment load took 204.3ns 
10621      INFO  main            d.u.i.k.p.i.AbstractProblemLoader Creating init config 
13071      DEBUG main            d.u.i.k.p.i.AbstractProblemLoader Init config took 2.45s 
13112      INFO  main            d.u.i.k.p.i.AbstractProblemLoader Replaying proof binomial2.key 
13118      DEBUG main            d.u.i.k.p.i.IntermediateProofReplayer Proof replay took 5.9ns 
13221      INFO  main            d.u.i.k.p.r.p.TestFile    ... finished proof: closed. 
13329      INFO  main            d.u.i.k.p.i.AbstractProblemLoader Loading environment from /home/runner/work/key/key/key.core/../key.ui/examples/standard_key/arith/binomial2.key.proof 
13330      DEBUG main            d.u.i.k.p.i.AbstractProblemLoader Environment load took 118.6ns 
13331      INFO  main            d.u.i.k.p.i.AbstractProblemLoader Creating init config 
15733      DEBUG main            d.u.i.k.p.i.AbstractProblemLoader Init config took 2.4s 
15755      INFO  main            d.u.i.k.p.i.AbstractProblemLoader Replaying proof binomial2.key.proof 
15766      DEBUG main            d.u.i.k.p.i.IntermediateProofReplayer Proof replay took 8.92ms 
15767      DEBUG main            d.u.i.k.p.r.p.TestFile    ... success: reloaded. 
15768      INFO  main            d.u.i.k.p.r.p.TestFile    Now processing file /home/runner/work/key/key/key.core/../key.ui/examples/standard_key/arith/check_jdiv.key 
15769      INFO  main            d.u.i.k.p.i.AbstractProblemLoader Loading environment from /home/runner/work/key/key/key.core/../key.ui/examples/standard_key/arith/check_jdiv.key 
15769      DEBUG main            d.u.i.k.p.i.AbstractProblemLoader Environment load took 195.2ns 
15771      INFO  main            d.u.i.k.p.i.AbstractProblemLoader Creating init config 
18202      DEBUG main            d.u.i.k.p.i.AbstractProblemLoader Init config took 2.43s 
18223      INFO  main            d.u.i.k.p.i.AbstractProblemLoader Replaying proof check_jdiv.key 
18226      DEBUG main            d.u.i.k.p.i.IntermediateProofReplayer Proof replay took 6.4ns 
22897      INFO  main            d.u.i.k.p.r.p.TestFile    ... finished proof: closed. 
23092      INFO  main            d.u.i.k.p.i.AbstractProblemLoader Loading environment from /home/runner/work/key/key/key.core/../key.ui/examples/standard_key/arith/check_jdiv.key.proof 
23092      DEBUG main            d.u.i.k.p.i.AbstractProblemLoader Environment load took 315.4ns 
23099      INFO  main            d.u.i.k.p.i.AbstractProblemLoader Creating init config 
25533      DEBUG main            d.u.i.k.p.i.AbstractProblemLoader Init config took 2.43s 
25554      INFO  main            d.u.i.k.p.i.AbstractProblemLoader Replaying proof check_jdiv.key.proof 
25889      DEBUG main            d.u.i.k.p.i.IntermediateProofReplayer Proof replay took 297.27ms 
25891      DEBUG main            d.u.i.k.p.r.p.TestFile    ... success: reloaded. 
25893      INFO  main            d.u.i.k.p.r.p.TestFile    Now processing file /home/runner/work/key/key/key.core/../key.ui/examples/standard_key/arith/check_jdiv_concrete.key 
25893      INFO  main            d.u.i.k.p.i.AbstractProblemLoader Loading environment from /home/runner/work/key/key/key.core/../key.ui/examples/standard_key/arith/check_jdiv_concrete.key 
25893      DEBUG main            d.u.i.k.p.i.AbstractProblemLoader Environment load took 217.3ns 
25895      INFO  main            d.u.i.k.p.i.AbstractProblemLoader Creating init config 
28261      DEBUG main            d.u.i.k.p.i.AbstractProblemLoader Init config took 2.37s 
28281      INFO  main            d.u.i.k.p.i.AbstractProblemLoader Replaying proof check_jdiv_concrete.key 
28283      DEBUG main            d.u.i.k.p.i.IntermediateProofReplayer Proof replay took 5.1ns 
28388      INFO  main            d.u.i.k.p.r.p.TestFile    ... finished proof: closed. 
28571      INFO  main            d.u.i.k.p.i.AbstractProblemLoader Loading environment from /home/runner/work/key/key/key.core/../key.ui/examples/standard_key/arith/check_jdiv_concrete.key.proof 
28572      DEBUG main            d.u.i.k.p.i.AbstractProblemLoader Environment load took 123.5ns 
28573      INFO  main            d.u.i.k.p.i.AbstractProblemLoader Creating init config 
30908      DEBUG main            d.u.i.k.p.i.AbstractProblemLoader Init config took 2.34s 
30927      INFO  main            d.u.i.k.p.i.AbstractProblemLoader Replaying proof check_jdiv_concrete.key.proof 
30932      DEBUG main            d.u.i.k.p.i.IntermediateProofReplayer Proof replay took 3.07ms 
30933      DEBUG main            d.u.i.k.p.r.p.TestFile    ... success: reloaded. 
30934      INFO  main            d.u.i.k.p.r.p.TestFile    Now processing file /home/runner/work/key/key/key.core/../key.ui/examples/standard_key/arith/check_jdiv_instantiated.key 
30934      INFO  main            d.u.i.k.p.i.AbstractProblemLoader Loading environment from /home/runner/work/key/key/key.core/../key.ui/examples/standard_key/arith/check_jdiv_instantiated.key 
30934      DEBUG main            d.u.i.k.p.i.AbstractProblemLoader Environment load took 202.7ns 
30936      INFO  main            d.u.i.k.p.i.AbstractProblemLoader Creating init config 
33267      DEBUG main            d.u.i.k.p.i.AbstractProblemLoader Init config took 2.33s 
33287      INFO  main            d.u.i.k.p.i.AbstractProblemLoader Replaying proof check_jdiv_instantiated.key 
33290      DEBUG main            d.u.i.k.p.i.IntermediateProofReplayer Proof replay took 5.7ns 
36505      INFO  main            d.u.i.k.p.r.p.TestFile    ... finished proof: closed. 
36689      INFO  main            d.u.i.k.p.i.AbstractProblemLoader Loading environment from /home/runner/work/key/key/key.core/../key.ui/examples/standard_key/arith/check_jdiv_instantiated.key.proof 
36690      DEBUG main            d.u.i.k.p.i.AbstractProblemLoader Environment load took 386.1ns 
36692      INFO  main            d.u.i.k.p.i.AbstractProblemLoader Creating init config 
38994      DEBUG main            d.u.i.k.p.i.AbstractProblemLoader Init config took 2.3s 
39014      INFO  main            d.u.i.k.p.i.AbstractProblemLoader Replaying proof check_jdiv_instantiated.key.proof 
39219      DEBUG main            d.u.i.k.p.i.IntermediateProofReplayer Proof replay took 178.08ms 
39222      DEBUG main            d.u.i.k.p.r.p.TestFile    ... success: reloaded. 
39223      INFO  main            d.u.i.k.p.r.p.TestFile    Now processing file /home/runner/work/key/key/key.core/../key.ui/examples/standard_key/arith/check_jmod.key 
39223      INFO  main            d.u.i.k.p.i.AbstractProblemLoader Loading environment from /home/runner/work/key/key/key.core/../key.ui/examples/standard_key/arith/check_jmod.key 
39223      DEBUG main            d.u.i.k.p.i.AbstractProblemLoader Environment load took 192.4ns 
39224      INFO  main            d.u.i.k.p.i.AbstractProblemLoader Creating init config 
41558      DEBUG main            d.u.i.k.p.i.AbstractProblemLoader Init config took 2.33s 
41577      INFO  main            d.u.i.k.p.i.AbstractProblemLoader Replaying proof check_jmod.key 
41579      DEBUG main            d.u.i.k.p.i.IntermediateProofReplayer Proof replay took 5.6ns 
42087      INFO  main            d.u.i.k.p.r.p.TestFile    ... finished proof: closed. 
42287      INFO  main            d.u.i.k.p.i.AbstractProblemLoader Loading environment from /home/runner/work/key/key/key.core/../key.ui/examples/standard_key/arith/check_jmod.key.proof 
42288      DEBUG main            d.u.i.k.p.i.AbstractProblemLoader Environment load took 303.5ns 
42289      INFO  main            d.u.i.k.p.i.AbstractProblemLoader Creating init config 
44582      DEBUG main            d.u.i.k.p.i.AbstractProblemLoader Init config took 2.29s 
44599      INFO  main            d.u.i.k.p.i.AbstractProblemLoader Replaying proof check_jmod.key.proof 
44640      DEBUG main            d.u.i.k.p.i.IntermediateProofReplayer Proof replay took 35.6ms 
44642      DEBUG main            d.u.i.k.p.r.p.TestFile    ... success: reloaded. 
44643      INFO  main            d.u.i.k.p.r.p.TestFile    Now processing file /home/runner/work/key/key/key.core/../key.ui/examples/standard_key/arith/complexExpressions.key 
44643      INFO  main            d.u.i.k.p.i.AbstractProblemLoader Loading environment from /home/runner/work/key/key/key.core/../key.ui/examples/standard_key/arith/complexExpressions.key 
44643      DEBUG main            d.u.i.k.p.i.AbstractProblemLoader Environment load took 214.2ns 
44644      INFO  main            d.u.i.k.p.i.AbstractProblemLoader Creating init config 
46929      DEBUG main            d.u.i.k.p.i.AbstractProblemLoader Init config took 2.28s 
46949      INFO  main            d.u.i.k.p.i.AbstractProblemLoader Replaying proof complexExpressions.key 
46951      DEBUG main            d.u.i.k.p.i.IntermediateProofReplayer Proof replay took 6.4ns 
47059      INFO  main            d.u.i.k.p.r.p.TestFile    ... finished proof: closed. 
47214      INFO  main            d.u.i.k.p.i.AbstractProblemLoader Loading environment from /home/runner/work/key/key/key.core/../key.ui/examples/standard_key/arith/complexExpressions.key.proof 
47215      DEBUG main            d.u.i.k.p.i.AbstractProblemLoader Environment load took 111.5ns 
47216      INFO  main            d.u.i.k.p.i.AbstractProblemLoader Creating init config 
49494      DEBUG main            d.u.i.k.p.i.AbstractProblemLoader Init config took 2.28s 
49513      INFO  main            d.u.i.k.p.i.AbstractProblemLoader Replaying proof complexExpressions.key.proof 
49524      DEBUG main            d.u.i.k.p.i.IntermediateProofReplayer Proof replay took 8.27ms 
49525      DEBUG main            d.u.i.k.p.r.p.TestFile    ... success: reloaded. 
49525      INFO  main            d.u.i.k.p.r.p.TestFile    Now processing file /home/runner/work/key/key/key.core/../key.ui/examples/standard_key/arith/compound_unaryMinus.key 
49525      INFO  main            d.u.i.k.p.i.AbstractProblemLoader Loading environment from /home/runner/work/key/key/key.core/../key.ui/examples/standard_key/arith/compound_unaryMinus.key 
49525      DEBUG main            d.u.i.k.p.i.AbstractProblemLoader Environment load took 86.8ns 
49526      INFO  main            d.u.i.k.p.i.AbstractProblemLoader Creating init config 
51839      DEBUG main            d.u.i.k.p.i.AbstractProblemLoader Init config took 2.31s 
51857      INFO  main            d.u.i.k.p.i.AbstractProblemLoader Replaying proof compound_unaryMinus.key 
51858      DEBUG main            d.u.i.k.p.i.IntermediateProofReplayer Proof replay took 5.1ns 
51960      INFO  main            d.u.i.k.p.r.p.TestFile    ... finished proof: closed. 
52115      INFO  main            d.u.i.k.p.i.AbstractProblemLoader Loading environment from /home/runner/work/key/key/key.core/../key.ui/examples/standard_key/arith/compound_unaryMinus.key.proof 
52115      DEBUG main            d.u.i.k.p.i.AbstractProblemLoader Environment load took 111.6ns 
52116      INFO  main            d.u.i.k.p.i.AbstractProblemLoader Creating init config 
54422      DEBUG main            d.u.i.k.p.i.AbstractProblemLoader Init config took 2.31s 
54439      INFO  main            d.u.i.k.p.i.AbstractProblemLoader Replaying proof compound_unaryMinus.key.proof 
54444      DEBUG main            d.u.i.k.p.i.IntermediateProofReplayer Proof replay took 3.37ms 
54445      DEBUG main            d.u.i.k.p.r.p.TestFile    ... success: reloaded. 
54445      INFO  main            d.u.i.k.p.r.p.TestFile    Now processing file /home/runner/work/key/key/key.core/../key.ui/examples/standard_key/arith/computation.key 
54445      INFO  main            d.u.i.k.p.i.AbstractProblemLoader Loading environment from /home/runner/work/key/key/key.core/../key.ui/examples/standard_key/arith/computation.key 
54445      DEBUG main            d.u.i.k.p.i.AbstractProblemLoader Environment load took 84.7ns 
54447      INFO  main            d.u.i.k.p.i.AbstractProblemLoader Creating init config 
56736      DEBUG main            d.u.i.k.p.i.AbstractProblemLoader Init config took 2.29s 
56755      INFO  main            d.u.i.k.p.i.AbstractProblemLoader Replaying proof computation.key 
56774      DEBUG main            d.u.i.k.p.i.IntermediateProofReplayer Proof replay took 6.3ns 
58084      INFO  main            d.u.i.k.p.r.p.TestFile    ... finished proof: closed. 
58306      INFO  main            d.u.i.k.p.i.AbstractProblemLoader Loading environment from /home/runner/work/key/key/key.core/../key.ui/examples/standard_key/arith/computation.key.proof 
58307      DEBUG main            d.u.i.k.p.i.AbstractProblemLoader Environment load took 813.1ns 
58308      INFO  main            d.u.i.k.p.i.AbstractProblemLoader Creating init config 
60552      DEBUG main            d.u.i.k.p.i.AbstractProblemLoader Init config took 2.24s 
60570      INFO  main            d.u.i.k.p.i.AbstractProblemLoader Replaying proof computation.key.proof 
60697      DEBUG main            d.u.i.k.p.i.IntermediateProofReplayer Proof replay took 121.61ms 
60698      DEBUG main            d.u.i.k.p.r.p.TestFile    ... success: reloaded. 
60699      INFO  main            d.u.i.k.p.r.p.TestFile    Now processing file /home/runner/work/key/key/key.core/../key.ui/examples/standard_key/arith/cubicSum.key 
60699      INFO  main            d.u.i.k.p.i.AbstractProblemLoader Loading environment from /home/runner/work/key/key/key.core/../key.ui/examples/standard_key/arith/cubicSum.key 
60700      DEBUG main            d.u.i.k.p.i.AbstractProblemLoader Environment load took 193.4ns 
60701      INFO  main            d.u.i.k.p.i.AbstractProblemLoader Creating init config 
63176      DEBUG main            d.u.i.k.p.i.AbstractProblemLoader Init config took 2.48s 
63194      INFO  main            d.u.i.k.p.i.AbstractProblemLoader Replaying proof cubicSum.key 
63195      DEBUG main            d.u.i.k.p.i.IntermediateProofReplayer Proof replay took 5.4ns 
64105      INFO  main            d.u.i.k.p.r.p.TestFile    ... finished proof: closed. 
64374      INFO  main            d.u.i.k.p.i.AbstractProblemLoader Loading environment from /home/runner/work/key/key/key.core/../key.ui/examples/standard_key/arith/cubicSum.key.proof 
64375      DEBUG main            d.u.i.k.p.i.AbstractProblemLoader Environment load took 1.05ms 
64376      INFO  main            d.u.i.k.p.i.AbstractProblemLoader Creating init config 
66729      DEBUG main            d.u.i.k.p.i.AbstractProblemLoader Init config took 2.35s 
66746      INFO  main            d.u.i.k.p.i.AbstractProblemLoader Replaying proof cubicSum.key.proof 
66926      DEBUG main            d.u.i.k.p.i.IntermediateProofReplayer Proof replay took 176.58ms 
66928      DEBUG main            d.u.i.k.p.r.p.TestFile    ... success: reloaded. 
66929      INFO  main            d.u.i.k.p.r.p.TestFile    Now processing file /home/runner/work/key/key/key.core/../key.ui/examples/standard_key/arith/divByZero.key 
66929      INFO  main            d.u.i.k.p.i.AbstractProblemLoader Loading environment from /home/runner/work/key/key/key.core/../key.ui/examples/standard_key/arith/divByZero.key 
66932      DEBUG main            d.u.i.k.p.i.AbstractProblemLoader Environment load took 204.3ns 
66933      INFO  main            d.u.i.k.p.i.AbstractProblemLoader Creating init config 
69292      DEBUG main            d.u.i.k.p.i.AbstractProblemLoader Init config took 2.36s 
69308      INFO  main            d.u.i.k.p.i.AbstractProblemLoader Replaying proof divByZero.key 
69309      DEBUG main            d.u.i.k.p.i.IntermediateProofReplayer Proof replay took 6.5ns 
69511      INFO  main            d.u.i.k.p.r.p.TestFile    ... finished proof: closed. 
69696      INFO  main            d.u.i.k.p.i.AbstractProblemLoader Loading environment from /home/runner/work/key/key/key.core/../key.ui/examples/standard_key/arith/divByZero.key.proof 
69696      DEBUG main            d.u.i.k.p.i.AbstractProblemLoader Environment load took 111.5ns 
69698      INFO  main            d.u.i.k.p.i.AbstractProblemLoader Creating init config 
71999      DEBUG main            d.u.i.k.p.i.AbstractProblemLoader Init config took 2.3s 
72014      INFO  main            d.u.i.k.p.i.AbstractProblemLoader Replaying proof divByZero.key.proof 
72045      DEBUG main            d.u.i.k.p.i.IntermediateProofReplayer Proof replay took 28.95ms 
72046      DEBUG main            d.u.i.k.p.r.p.TestFile    ... success: reloaded. 
72047      INFO  main            d.u.i.k.p.r.p.TestFile    Now processing file /home/runner/work/key/key/key.core/../key.ui/examples/standard_key/arith/divisionAssoc.key 
72048      INFO  main            d.u.i.k.p.i.AbstractProblemLoader Loading environment from /home/runner/work/key/key/key.core/../key.ui/examples/standard_key/arith/divisionAssoc.key 
72048      DEBUG main            d.u.i.k.p.i.AbstractProblemLoader Environment load took 199.7ns 
72049      INFO  main            d.u.i.k.p.i.AbstractProblemLoader Creating init config 
74366      DEBUG main            d.u.i.k.p.i.AbstractProblemLoader Init config took 2.32s 
74380      INFO  main            d.u.i.k.p.i.AbstractProblemLoader Replaying proof divisionAssoc.key 
74382      DEBUG main            d.u.i.k.p.i.IntermediateProofReplayer Proof replay took 5.7ns 
75089      INFO  main            d.u.i.k.p.r.p.TestFile    ... finished proof: closed. 
75294      INFO  main            d.u.i.k.p.i.AbstractProblemLoader Loading environment from /home/runner/work/key/key/key.core/../key.ui/examples/standard_key/arith/divisionAssoc.key.proof 
75295      DEBUG main            d.u.i.k.p.i.AbstractProblemLoader Environment load took 448.1ns 
75296      INFO  main            d.u.i.k.p.i.AbstractProblemLoader Creating init config 
77535      DEBUG main            d.u.i.k.p.i.AbstractProblemLoader Init config took 2.24s 
77549      INFO  main            d.u.i.k.p.i.AbstractProblemLoader Replaying proof divisionAssoc.key.proof 
77590      DEBUG main            d.u.i.k.p.i.IntermediateProofReplayer Proof replay took 36.07ms 
77591      DEBUG main            d.u.i.k.p.r.p.TestFile    ... success: reloaded. 
77593      INFO  main            d.u.i.k.p.r.p.TestFile    Now processing file /home/runner/work/key/key/key.core/../key.ui/examples/standard_key/arith/divisionBy2.key 
77593      INFO  main            d.u.i.k.p.i.AbstractProblemLoader Loading environment from /home/runner/work/key/key/key.core/../key.ui/examples/standard_key/arith/divisionBy2.key 
77593      DEBUG main            d.u.i.k.p.i.AbstractProblemLoader Environment load took 195.8ns 
77594      INFO  main            d.u.i.k.p.i.AbstractProblemLoader Creating init config 
79876      DEBUG main            d.u.i.k.p.i.AbstractProblemLoader Init config took 2.28s 
79889      INFO  main            d.u.i.k.p.i.AbstractProblemLoader Replaying proof divisionBy2.key 
79891      DEBUG main            d.u.i.k.p.i.IntermediateProofReplayer Proof replay took 18.1ns 
79993      INFO  main            d.u.i.k.p.r.p.TestFile    ... finished proof: closed. 
80185      INFO  main            d.u.i.k.p.i.AbstractProblemLoader Loading environment from /home/runner/work/key/key/key.core/../key.ui/examples/standard_key/arith/divisionBy2.key.proof 
80185      DEBUG main            d.u.i.k.p.i.AbstractProblemLoader Environment load took 111ns 
80186      INFO  main            d.u.i.k.p.i.AbstractProblemLoader Creating init config 
82409      DEBUG main            d.u.i.k.p.i.AbstractProblemLoader Init config took 2.22s 
82423      INFO  main            d.u.i.k.p.i.AbstractProblemLoader Replaying proof divisionBy2.key.proof 
82433      DEBUG main            d.u.i.k.p.i.IntermediateProofReplayer Proof replay took 6.68ms 
82434      DEBUG main            d.u.i.k.p.r.p.TestFile    ... success: reloaded. 
82435      INFO  main            d.u.i.k.p.r.p.TestFile    Now processing file /home/runner/work/key/key/key.core/../key.ui/examples/standard_key/arith/euclidean/gcdHelp-post.key 
82435      INFO  main            d.u.i.k.p.i.AbstractProblemLoader Loading environment from /home/runner/work/key/key/key.core/../key.ui/examples/standard_key/arith/euclidean/gcdHelp-post.key 
82435      DEBUG main            d.u.i.k.p.i.AbstractProblemLoader Environment load took 184.1ns 
82436      INFO  main            d.u.i.k.p.i.AbstractProblemLoader Creating init config 
84876      DEBUG main            d.u.i.k.p.i.AbstractProblemLoader Init config took 2.44s 
84891      INFO  main            d.u.i.k.p.i.AbstractProblemLoader Replaying proof gcdHelp-post.key 
84892      DEBUG main            d.u.i.k.p.i.IntermediateProofReplayer Proof replay took 5.3ns 
87825      INFO  main            d.u.i.k.p.r.p.TestFile    ... finished proof: closed. 
88043      INFO  main            d.u.i.k.p.i.AbstractProblemLoader Loading environment from /home/runner/work/key/key/key.core/../key.ui/examples/standard_key/arith/euclidean/gcdHelp-post.key.proof 
88043      DEBUG main            d.u.i.k.p.i.AbstractProblemLoader Environment load took 442.6ns 
88045      INFO  main            d.u.i.k.p.i.AbstractProblemLoader Creating init config 
90349      DEBUG main            d.u.i.k.p.i.AbstractProblemLoader Init config took 2.3s 
90373      INFO  main            d.u.i.k.p.i.AbstractProblemLoader Replaying proof gcdHelp-post.key.proof 
90584      DEBUG main            d.u.i.k.p.i.IntermediateProofReplayer Proof replay took 201.03ms 
90586      DEBUG main            d.u.i.k.p.r.p.TestFile    ... success: reloaded. 
90587      INFO  main            d.u.i.k.p.r.p.TestFile    Now processing file /home/runner/work/key/key/key.core/../key.ui/examples/standard_key/arith/gemplusDecimal/add.key 
90587      INFO  main            d.u.i.k.p.i.AbstractProblemLoader Loading environment from /home/runner/work/key/key/key.core/../key.ui/examples/standard_key/arith/gemplusDecimal/add.key 
90587      DEBUG main            d.u.i.k.p.i.AbstractProblemLoader Environment load took 226ns 
90590      INFO  main            d.u.i.k.p.i.AbstractProblemLoader Creating init config 
92975      DEBUG main            d.u.i.k.p.i.AbstractProblemLoader Init config took 2.39s 
92991      INFO  main            d.u.i.k.p.i.AbstractProblemLoader Replaying proof add.key 
92993      DEBUG main            d.u.i.k.p.i.IntermediateProofReplayer Proof replay took 5.6ns 
132530     INFO  main            d.u.i.k.p.r.p.TestFile    ... finished proof: closed. 
132913     INFO  main            d.u.i.k.p.i.AbstractProblemLoader Loading environment from /home/runner/work/key/key/key.core/../key.ui/examples/standard_key/arith/gemplusDecimal/add.key.proof 
132913     DEBUG main            d.u.i.k.p.i.AbstractProblemLoader Environment load took 407.1ns 
132922     INFO  main            d.u.i.k.p.i.AbstractProblemLoader Creating init config 
135217     DEBUG main            d.u.i.k.p.i.AbstractProblemLoader Init config took 2.29s 
135232     INFO  main            d.u.i.k.p.i.AbstractProblemLoader Replaying proof add.key.proof 
138775     DEBUG main            d.u.i.k.p.i.IntermediateProofReplayer Proof replay took 3.39s 
138781     DEBUG main            d.u.i.k.p.r.p.TestFile    ... success: reloaded. 
138782     INFO  main            d.u.i.k.p.r.p.TestFile    Now processing file /home/runner/work/key/key/key.core/../key.ui/examples/standard_key/arith/jdivevenodd.key 
138783     INFO  main            d.u.i.k.p.i.AbstractProblemLoader Loading environment from /home/runner/work/key/key/key.core/../key.ui/examples/standard_key/arith/jdivevenodd.key 
138783     DEBUG main            d.u.i.k.p.i.AbstractProblemLoader Environment load took 234.6ns 
138784     INFO  main            d.u.i.k.p.i.AbstractProblemLoader Creating init config 
141098     DEBUG main            d.u.i.k.p.i.AbstractProblemLoader Init config took 2.31s 
141111     INFO  main            d.u.i.k.p.i.AbstractProblemLoader Replaying proof jdivevenodd.key 
141112     DEBUG main            d.u.i.k.p.i.IntermediateProofReplayer Proof replay took 5.4ns 
141314     INFO  main            d.u.i.k.p.r.p.TestFile    ... finished proof: closed. 
141622     INFO  main            d.u.i.k.p.i.AbstractProblemLoader Loading environment from /home/runner/work/key/key/key.core/../key.ui/examples/standard_key/arith/jdivevenodd.key.proof 
141623     DEBUG main            d.u.i.k.p.i.AbstractProblemLoader Environment load took 105ns 
141624     INFO  main            d.u.i.k.p.i.AbstractProblemLoader Creating init config 
143868     DEBUG main            d.u.i.k.p.i.AbstractProblemLoader Init config took 2.24s 
143882     INFO  main            d.u.i.k.p.i.AbstractProblemLoader Replaying proof jdivevenodd.key.proof 
143897     DEBUG main            d.u.i.k.p.i.IntermediateProofReplayer Proof replay took 12.85ms 
143899     DEBUG main            d.u.i.k.p.r.p.TestFile    ... success: reloaded. 
143900     INFO  main            d.u.i.k.p.r.p.TestFile    Now processing file /home/runner/work/key/key/key.core/../key.ui/examples/standard_key/arith/median.key 
143900     INFO  main            d.u.i.k.p.i.AbstractProblemLoader Loading environment from /home/runner/work/key/key/key.core/../key.ui/examples/standard_key/arith/median.key 
143900     DEBUG main            d.u.i.k.p.i.AbstractProblemLoader Environment load took 185.6ns 
143901     INFO  main            d.u.i.k.p.i.AbstractProblemLoader Creating init config 
146116     DEBUG main            d.u.i.k.p.i.AbstractProblemLoader Init config took 2.21s 
146130     INFO  main            d.u.i.k.p.i.AbstractProblemLoader Replaying proof median.key 
146132     DEBUG main            d.u.i.k.p.i.IntermediateProofReplayer Proof replay took 5.3ns 
160825     INFO  main            d.u.i.k.p.r.p.TestFile    ... finished proof: closed. 
161124     INFO  main            d.u.i.k.p.i.AbstractProblemLoader Loading environment from /home/runner/work/key/key/key.core/../key.ui/examples/standard_key/arith/median.key.proof 
161129     DEBUG main            d.u.i.k.p.i.AbstractProblemLoader Environment load took 5.27ms 
161133     INFO  main            d.u.i.k.p.i.AbstractProblemLoader Creating init config 
163349     DEBUG main            d.u.i.k.p.i.AbstractProblemLoader Init config took 2.22s 
163364     INFO  main            d.u.i.k.p.i.AbstractProblemLoader Replaying proof median.key.proof 
164504     DEBUG main            d.u.i.k.p.i.IntermediateProofReplayer Proof replay took 1.07s 
164507     DEBUG main            d.u.i.k.p.r.p.TestFile    ... success: reloaded. 
164508     INFO  main            d.u.i.k.p.r.p.TestFile    Now processing file /home/runner/work/key/key/key.core/../key.ui/examples/standard_key/arith/mod1.key 
164508     INFO  main            d.u.i.k.p.i.AbstractProblemLoader Loading environment from /home/runner/work/key/key/key.core/../key.ui/examples/standard_key/arith/mod1.key 
164508     DEBUG main            d.u.i.k.p.i.AbstractProblemLoader Environment load took 49.6ns 
164509     INFO  main            d.u.i.k.p.i.AbstractProblemLoader Creating init config 
166791     DEBUG main            d.u.i.k.p.i.AbstractProblemLoader Init config took 2.28s 
166805     INFO  main            d.u.i.k.p.i.AbstractProblemLoader Replaying proof mod1.key 
166808     DEBUG main            d.u.i.k.p.i.IntermediateProofReplayer Proof replay took 5.7ns 
166910     INFO  main            d.u.i.k.p.r.p.TestFile    ... finished proof: closed. 
167185     INFO  main            d.u.i.k.p.i.AbstractProblemLoader Loading environment from /home/runner/work/key/key/key.core/../key.ui/examples/standard_key/arith/mod1.key.proof 
167185     DEBUG main            d.u.i.k.p.i.AbstractProblemLoader Environment load took 91.2ns 
167186     INFO  main            d.u.i.k.p.i.AbstractProblemLoader Creating init config 
169414     DEBUG main            d.u.i.k.p.i.AbstractProblemLoader Init config took 2.23s 
169427     INFO  main            d.u.i.k.p.i.AbstractProblemLoader Replaying proof mod1.key.proof 
169430     DEBUG main            d.u.i.k.p.i.IntermediateProofReplayer Proof replay took 2.04ms 
169431     DEBUG main            d.u.i.k.p.r.p.TestFile    ... success: reloaded. 
169432     INFO  main            d.u.i.k.p.r.p.TestFile    Now processing file /home/runner/work/key/key/key.core/../key.ui/examples/standard_key/arith/mod2.key 
169432     INFO  main            d.u.i.k.p.i.AbstractProblemLoader Loading environment from /home/runner/work/key/key/key.core/../key.ui/examples/standard_key/arith/mod2.key 
169432     DEBUG main            d.u.i.k.p.i.AbstractProblemLoader Environment load took 78.3ns 
169433     INFO  main            d.u.i.k.p.i.AbstractProblemLoader Creating init config 
171655     DEBUG main            d.u.i.k.p.i.AbstractProblemLoader Init config took 2.22s 
171668     INFO  main            d.u.i.k.p.i.AbstractProblemLoader Replaying proof mod2.key 
171670     DEBUG main            d.u.i.k.p.i.IntermediateProofReplayer Proof replay took 5.5ns 
171773     INFO  main            d.u.i.k.p.r.p.TestFile    ... finished proof: closed. 
171979     INFO  main            d.u.i.k.p.i.AbstractProblemLoader Loading environment from /home/runner/work/key/key/key.core/../key.ui/examples/standard_key/arith/mod2.key.proof 
171979     DEBUG main            d.u.i.k.p.i.AbstractProblemLoader Environment load took 93.7ns 
171980     INFO  main            d.u.i.k.p.i.AbstractProblemLoader Creating init config 
174182     DEBUG main            d.u.i.k.p.i.AbstractProblemLoader Init config took 2.2s 
174194     INFO  main            d.u.i.k.p.i.AbstractProblemLoader Replaying proof mod2.key.proof 
174197     DEBUG main            d.u.i.k.p.i.IntermediateProofReplayer Proof replay took 1.38ms 
174197     DEBUG main            d.u.i.k.p.r.p.TestFile    ... success: reloaded. 
174198     INFO  main            d.u.i.k.p.r.p.TestFile    Now processing file /home/runner/work/key/key/key.core/../key.ui/examples/standard_key/arith/mod7.key 
174198     INFO  main            d.u.i.k.p.i.AbstractProblemLoader Loading environment from /home/runner/work/key/key/key.core/../key.ui/examples/standard_key/arith/mod7.key 
174198     DEBUG main            d.u.i.k.p.i.AbstractProblemLoader Environment load took 67.1ns 
174199     INFO  main            d.u.i.k.p.i.AbstractProblemLoader Creating init config 
176469     DEBUG main            d.u.i.k.p.i.AbstractProblemLoader Init config took 2.27s 
176482     INFO  main            d.u.i.k.p.i.AbstractProblemLoader Replaying proof mod7.key 
176484     DEBUG main            d.u.i.k.p.i.IntermediateProofReplayer Proof replay took 6ns 
176585     INFO  main            d.u.i.k.p.r.p.TestFile    ... finished proof: closed. 
176798     INFO  main            d.u.i.k.p.i.AbstractProblemLoader Loading environment from /home/runner/work/key/key/key.core/../key.ui/examples/standard_key/arith/mod7.key.proof 
176798     DEBUG main            d.u.i.k.p.i.AbstractProblemLoader Environment load took 91.1ns 
176799     INFO  main            d.u.i.k.p.i.AbstractProblemLoader Creating init config 
179001     DEBUG main            d.u.i.k.p.i.AbstractProblemLoader Init config took 2.2s 
179013     INFO  main            d.u.i.k.p.i.AbstractProblemLoader Replaying proof mod7.key.proof 
179020     DEBUG main            d.u.i.k.p.i.IntermediateProofReplayer Proof replay took 4.82ms 
179020     DEBUG main            d.u.i.k.p.r.p.TestFile    ... success: reloaded. 
179020     INFO  main            d.u.i.k.p.r.p.TestFile    Now processing file /home/runner/work/key/key/key.core/../key.ui/examples/standard_key/arith/overflow_hija.key 
179021     INFO  main            d.u.i.k.p.i.AbstractProblemLoader Loading environment from /home/runner/work/key/key/key.core/../key.ui/examples/standard_key/arith/overflow_hija.key 
179021     DEBUG main            d.u.i.k.p.i.AbstractProblemLoader Environment load took 49.5ns 
179022     INFO  main            d.u.i.k.p.i.AbstractProblemLoader Creating init config 
181284     DEBUG main            d.u.i.k.p.i.AbstractProblemLoader Init config took 2.26s 
181300     INFO  main            d.u.i.k.p.i.AbstractProblemLoader Replaying proof overflow_hija.key 
181302     DEBUG main            d.u.i.k.p.i.IntermediateProofReplayer Proof replay took 6.1ns 
185652     INFO  main            d.u.i.k.p.r.p.TestFile    ... finished proof: closed. 
185915     INFO  main            d.u.i.k.p.i.AbstractProblemLoader Loading environment from /home/runner/work/key/key/key.core/../key.ui/examples/standard_key/arith/overflow_hija.key.proof 
185916     DEBUG main            d.u.i.k.p.i.AbstractProblemLoader Environment load took 441.4ns 
185918     INFO  main            d.u.i.k.p.i.AbstractProblemLoader Creating init config 
188141     DEBUG main            d.u.i.k.p.i.AbstractProblemLoader Init config took 2.22s 
188157     INFO  main            d.u.i.k.p.i.AbstractProblemLoader Replaying proof overflow_hija.key.proof 
188498     DEBUG main            d.u.i.k.p.i.IntermediateProofReplayer Proof replay took 330.67ms 
188499     DEBUG main            d.u.i.k.p.r.p.TestFile    ... success: reloaded. 
188500     INFO  main            d.u.i.k.p.r.p.TestFile    Now processing file /home/runner/work/key/key/key.core/../key.ui/examples/standard_key/arith/poly_division0.key 
188500     INFO  main            d.u.i.k.p.i.AbstractProblemLoader Loading environment from /home/runner/work/key/key/key.core/../key.ui/examples/standard_key/arith/poly_division0.key 
188501     DEBUG main            d.u.i.k.p.i.AbstractProblemLoader Environment load took 82.9ns 
188501     INFO  main            d.u.i.k.p.i.AbstractProblemLoader Creating init config 
190779     DEBUG main            d.u.i.k.p.i.AbstractProblemLoader Init config took 2.28s 
190792     INFO  main            d.u.i.k.p.i.AbstractProblemLoader Replaying proof poly_division0.key 
190796     DEBUG main            d.u.i.k.p.i.IntermediateProofReplayer Proof replay took 5.7ns 
190900     INFO  main            d.u.i.k.p.r.p.TestFile    ... finished proof: closed. 
191178     INFO  main            d.u.i.k.p.i.AbstractProblemLoader Loading environment from /home/runner/work/key/key/key.core/../key.ui/examples/standard_key/arith/poly_division0.key.proof 
191179     DEBUG main            d.u.i.k.p.i.AbstractProblemLoader Environment load took 113.7ns 
191180     INFO  main            d.u.i.k.p.i.AbstractProblemLoader Creating init config 
193371     DEBUG main            d.u.i.k.p.i.AbstractProblemLoader Init config took 2.19s 
193383     INFO  main            d.u.i.k.p.i.AbstractProblemLoader Replaying proof poly_division0.key.proof 
193392     DEBUG main            d.u.i.k.p.i.IntermediateProofReplayer Proof replay took 7.11ms 
193393     DEBUG main            d.u.i.k.p.r.p.TestFile    ... success: reloaded. 
193393     INFO  main            d.u.i.k.p.r.p.TestFile    Now processing file /home/runner/work/key/key/key.core/../key.ui/examples/standard_key/arith/poly_division1.key 
193394     INFO  main            d.u.i.k.p.i.AbstractProblemLoader Loading environment from /home/runner/work/key/key/key.core/../key.ui/examples/standard_key/arith/poly_division1.key 
193394     DEBUG main            d.u.i.k.p.i.AbstractProblemLoader Environment load took 66.6ns 
193394     INFO  main            d.u.i.k.p.i.AbstractProblemLoader Creating init config 
195643     DEBUG main            d.u.i.k.p.i.AbstractProblemLoader Init config took 2.25s 
195655     INFO  main            d.u.i.k.p.i.AbstractProblemLoader Replaying proof poly_division1.key 
195656     DEBUG main            d.u.i.k.p.i.IntermediateProofReplayer Proof replay took 5.5ns 
195758     INFO  main            d.u.i.k.p.r.p.TestFile    ... finished proof: closed. 
195992     INFO  main            d.u.i.k.p.i.AbstractProblemLoader Loading environment from /home/runner/work/key/key/key.core/../key.ui/examples/standard_key/arith/poly_division1.key.proof 
195992     DEBUG main            d.u.i.k.p.i.AbstractProblemLoader Environment load took 85.5ns 
195993     INFO  main            d.u.i.k.p.i.AbstractProblemLoader Creating init config 
198185     DEBUG main            d.u.i.k.p.i.AbstractProblemLoader Init config took 2.19s 
198198     INFO  main            d.u.i.k.p.i.AbstractProblemLoader Replaying proof poly_division1.key.proof 
198205     DEBUG main            d.u.i.k.p.i.IntermediateProofReplayer Proof replay took 5.51ms 
198206     DEBUG main            d.u.i.k.p.r.p.TestFile    ... success: reloaded. 
198206     INFO  main            d.u.i.k.p.r.p.TestFile    Now processing file /home/runner/work/key/key/key.core/../key.ui/examples/standard_key/inEqSimp/division.key 
198206     INFO  main            d.u.i.k.p.i.AbstractProblemLoader Loading environment from /home/runner/work/key/key/key.core/../key.ui/examples/standard_key/inEqSimp/division.key 
198206     DEBUG main            d.u.i.k.p.i.AbstractProblemLoader Environment load took 87.6ns 
198207     INFO  main            d.u.i.k.p.i.AbstractProblemLoader Creating init config 
200466     DEBUG main            d.u.i.k.p.i.AbstractProblemLoader Init config took 2.26s 
200479     INFO  main            d.u.i.k.p.i.AbstractProblemLoader Replaying proof division.key 
200480     DEBUG main            d.u.i.k.p.i.IntermediateProofReplayer Proof replay took 6ns 
202385     INFO  main            d.u.i.k.p.r.p.TestFile    ... finished proof: closed. 
202642     INFO  main            d.u.i.k.p.i.AbstractProblemLoader Loading environment from /home/runner/work/key/key/key.core/../key.ui/examples/standard_key/inEqSimp/division.key.proof 
202642     DEBUG main            d.u.i.k.p.i.AbstractProblemLoader Environment load took 374.5ns 
202644     INFO  main            d.u.i.k.p.i.AbstractProblemLoader Creating init config 
204833     DEBUG main            d.u.i.k.p.i.AbstractProblemLoader Init config took 2.19s 
204845     INFO  main            d.u.i.k.p.i.AbstractProblemLoader Replaying proof division.key.proof 
204933     DEBUG main            d.u.i.k.p.i.IntermediateProofReplayer Proof replay took 75.49ms 
204934     DEBUG main            d.u.i.k.p.r.p.TestFile    ... success: reloaded. 
204935     INFO  main            d.u.i.k.p.r.p.TestFile    Now processing file /home/runner/work/key/key/key.core/../key.ui/examples/standard_key/inEqSimp/inequations0.key 
204935     INFO  main            d.u.i.k.p.i.AbstractProblemLoader Loading environment from /home/runner/work/key/key/key.core/../key.ui/examples/standard_key/inEqSimp/inequations0.key 
204935     DEBUG main            d.u.i.k.p.i.AbstractProblemLoader Environment load took 199.3ns 
204936     INFO  main            d.u.i.k.p.i.AbstractProblemLoader Creating init config 
207206     DEBUG main            d.u.i.k.p.i.AbstractProblemLoader Init config took 2.27s 
207219     INFO  main            d.u.i.k.p.i.AbstractProblemLoader Replaying proof inequations0.key 
207221     DEBUG main            d.u.i.k.p.i.IntermediateProofReplayer Proof replay took 31.1ns 
207323     INFO  main            d.u.i.k.p.r.p.TestFile    ... finished proof: closed. 
207586     INFO  main            d.u.i.k.p.i.AbstractProblemLoader Loading environment from /home/runner/work/key/key/key.core/../key.ui/examples/standard_key/inEqSimp/inequations0.key.proof 
207586     DEBUG main            d.u.i.k.p.i.AbstractProblemLoader Environment load took 84.3ns 
207587     INFO  main            d.u.i.k.p.i.AbstractProblemLoader Creating init config 
209778     DEBUG main            d.u.i.k.p.i.AbstractProblemLoader Init config took 2.19s 
209793     INFO  main            d.u.i.k.p.i.AbstractProblemLoader Replaying proof inequations0.key.proof 
209797     DEBUG main            d.u.i.k.p.i.IntermediateProofReplayer Proof replay took 1.89ms 
209798     DEBUG main            d.u.i.k.p.r.p.TestFile    ... success: reloaded. 
209799     INFO  main            d.u.i.k.p.r.p.TestFile    Now processing file /home/runner/work/key/key/key.core/../key.ui/examples/standard_key/inEqSimp/inequations1.key 
209802     INFO  main            d.u.i.k.p.i.AbstractProblemLoader Loading environment from /home/runner/work/key/key/key.core/../key.ui/examples/standard_key/inEqSimp/inequations1.key 
209803     DEBUG main            d.u.i.k.p.i.AbstractProblemLoader Environment load took 972.5ns 
209804     INFO  main            d.u.i.k.p.i.AbstractProblemLoader Creating init config 
212049     DEBUG main            d.u.i.k.p.i.AbstractProblemLoader Init config took 2.24s 
212061     INFO  main            d.u.i.k.p.i.AbstractProblemLoader Replaying proof inequations1.key 
212062     DEBUG main            d.u.i.k.p.i.IntermediateProofReplayer Proof replay took 2.2ns 
212163     INFO  main            d.u.i.k.p.r.p.TestFile    ... finished proof: closed. 
212403     INFO  main            d.u.i.k.p.i.AbstractProblemLoader Loading environment from /home/runner/work/key/key/key.core/../key.ui/examples/standard_key/inEqSimp/inequations1.key.proof 
212403     DEBUG main            d.u.i.k.p.i.AbstractProblemLoader Environment load took 131ns 
212404     INFO  main            d.u.i.k.p.i.AbstractProblemLoader Creating init config 
214593     DEBUG main            d.u.i.k.p.i.AbstractProblemLoader Init config took 2.19s 
214605     INFO  main            d.u.i.k.p.i.AbstractProblemLoader Replaying proof inequations1.key.proof 
214607     DEBUG main            d.u.i.k.p.i.IntermediateProofReplayer Proof replay took 1.12ms 
214608     DEBUG main            d.u.i.k.p.r.p.TestFile    ... success: reloaded. 
214608     INFO  main            d.u.i.k.p.r.p.TestFile    Now processing file /home/runner/work/key/key/key.core/../key.ui/examples/standard_key/inEqSimp/inequations2.key 
214609     INFO  main            d.u.i.k.p.i.AbstractProblemLoader Loading environment from /home/runner/work/key/key/key.core/../key.ui/examples/standard_key/inEqSimp/inequations2.key 
214609     DEBUG main            d.u.i.k.p.i.AbstractProblemLoader Environment load took 41.8ns 
214609     INFO  main            d.u.i.k.p.i.AbstractProblemLoader Creating init config 
216860     DEBUG main            d.u.i.k.p.i.AbstractProblemLoader Init config took 2.25s 
216872     INFO  main            d.u.i.k.p.i.AbstractProblemLoader Replaying proof inequations2.key 
216873     DEBUG main            d.u.i.k.p.i.IntermediateProofReplayer Proof replay took 2.4ns 
216974     INFO  main            d.u.i.k.p.r.p.TestFile    ... finished proof: closed. 
217220     INFO  main            d.u.i.k.p.i.AbstractProblemLoader Loading environment from /home/runner/work/key/key/key.core/../key.ui/examples/standard_key/inEqSimp/inequations2.key.proof 
217220     DEBUG main            d.u.i.k.p.i.AbstractProblemLoader Environment load took 74.4ns 
217221     INFO  main            d.u.i.k.p.i.AbstractProblemLoader Creating init config 
219410     DEBUG main            d.u.i.k.p.i.AbstractProblemLoader Init config took 2.19s 
219422     INFO  main            d.u.i.k.p.i.AbstractProblemLoader Replaying proof inequations2.key.proof 
219424     DEBUG main            d.u.i.k.p.i.IntermediateProofReplayer Proof replay took 1.31ms 
219425     DEBUG main            d.u.i.k.p.r.p.TestFile    ... success: reloaded. 
219426     INFO  main            d.u.i.k.p.r.p.TestFile    Now processing file /home/runner/work/key/key/key.core/../key.ui/examples/standard_key/inEqSimp/linApprox.key 
219426     INFO  main            d.u.i.k.p.i.AbstractProblemLoader Loading environment from /home/runner/work/key/key/key.core/../key.ui/examples/standard_key/inEqSimp/linApprox.key 
219426     DEBUG main            d.u.i.k.p.i.AbstractProblemLoader Environment load took 135.8ns 
219427     INFO  main            d.u.i.k.p.i.AbstractProblemLoader Creating init config 
221646     DEBUG main            d.u.i.k.p.i.AbstractProblemLoader Init config took 2.22s 
221659     INFO  main            d.u.i.k.p.i.AbstractProblemLoader Replaying proof linApprox.key 
221660     DEBUG main            d.u.i.k.p.i.IntermediateProofReplayer Proof replay took 3ns 
221761     INFO  main            d.u.i.k.p.r.p.TestFile    ... finished proof: closed. 
222017     INFO  main            d.u.i.k.p.i.AbstractProblemLoader Loading environment from /home/runner/work/key/key/key.core/../key.ui/examples/standard_key/inEqSimp/linApprox.key.proof 
222017     DEBUG main            d.u.i.k.p.i.AbstractProblemLoader Environment load took 69.8ns 
222018     INFO  main            d.u.i.k.p.i.AbstractProblemLoader Creating init config 
224216     DEBUG main            d.u.i.k.p.i.AbstractProblemLoader Init config took 2.2s 
224228     INFO  main            d.u.i.k.p.i.AbstractProblemLoader Replaying proof linApprox.key.proof 
224232     DEBUG main            d.u.i.k.p.i.IntermediateProofReplayer Proof replay took 2.38ms 
224233     DEBUG main            d.u.i.k.p.r.p.TestFile    ... success: reloaded. 
224233     INFO  main            d.u.i.k.p.r.p.TestFile    Now processing file /home/runner/work/key/key/key.core/../key.ui/examples/standard_key/inEqSimp/nonLinInEqExample0.key 
224233     INFO  main            d.u.i.k.p.i.AbstractProblemLoader Loading environment from /home/runner/work/key/key/key.core/../key.ui/examples/standard_key/inEqSimp/nonLinInEqExample0.key 
224233     DEBUG main            d.u.i.k.p.i.AbstractProblemLoader Environment load took 41.3ns 
224234     INFO  main            d.u.i.k.p.i.AbstractProblemLoader Creating init config 
226467     DEBUG main            d.u.i.k.p.i.AbstractProblemLoader Init config took 2.23s 
226479     INFO  main            d.u.i.k.p.i.AbstractProblemLoader Replaying proof nonLinInEqExample0.key 
226480     DEBUG main            d.u.i.k.p.i.IntermediateProofReplayer Proof replay took 3ns 
226581     INFO  main            d.u.i.k.p.r.p.TestFile    ... finished proof: closed. 
226836     INFO  main            d.u.i.k.p.i.AbstractProblemLoader Loading environment from /home/runner/work/key/key/key.core/../key.ui/examples/standard_key/inEqSimp/nonLinInEqExample0.key.proof 
226836     DEBUG main            d.u.i.k.p.i.AbstractProblemLoader Environment load took 76ns 
226837     INFO  main            d.u.i.k.p.i.AbstractProblemLoader Creating init config 
229027     DEBUG main            d.u.i.k.p.i.AbstractProblemLoader Init config took 2.19s 
229040     INFO  main            d.u.i.k.p.i.AbstractProblemLoader Replaying proof nonLinInEqExample0.key.proof 
229042     DEBUG main            d.u.i.k.p.i.IntermediateProofReplayer Proof replay took 827.3ns 
229042     DEBUG main            d.u.i.k.p.r.p.TestFile    ... success: reloaded. 
229043     INFO  main            d.u.i.k.p.r.p.TestFile    Now processing file /home/runner/work/key/key/key.core/../key.ui/examples/standard_key/inEqSimp/nonLinInEqExample2.key 
229043     INFO  main            d.u.i.k.p.i.AbstractProblemLoader Loading environment from /home/runner/work/key/key/key.core/../key.ui/examples/standard_key/inEqSimp/nonLinInEqExample2.key 
229043     DEBUG main            d.u.i.k.p.i.AbstractProblemLoader Environment load took 61.4ns 
229044     INFO  main            d.u.i.k.p.i.AbstractProblemLoader Creating init config 
231288     DEBUG main            d.u.i.k.p.i.AbstractProblemLoader Init config took 2.24s 
231300     INFO  main            d.u.i.k.p.i.AbstractProblemLoader Replaying proof nonLinInEqExample2.key 
231302     DEBUG main            d.u.i.k.p.i.IntermediateProofReplayer Proof replay took 2.5ns 
231606     INFO  main            d.u.i.k.p.r.p.TestFile    ... finished proof: closed. 
231864     INFO  main            d.u.i.k.p.i.AbstractProblemLoader Loading environment from /home/runner/work/key/key/key.core/../key.ui/examples/standard_key/inEqSimp/nonLinInEqExample2.key.proof 
231864     DEBUG main            d.u.i.k.p.i.AbstractProblemLoader Environment load took 79.4ns 
231865     INFO  main            d.u.i.k.p.i.AbstractProblemLoader Creating init config 
234057     DEBUG main            d.u.i.k.p.i.AbstractProblemLoader Init config took 2.19s 
234072     INFO  main            d.u.i.k.p.i.AbstractProblemLoader Replaying proof nonLinInEqExample2.key.proof 
234098     DEBUG main            d.u.i.k.p.i.IntermediateProofReplayer Proof replay took 22.99ms 
234099     DEBUG main            d.u.i.k.p.r.p.TestFile    ... success: reloaded. 
234099     INFO  main            d.u.i.k.p.r.p.TestFile    Now processing file /home/runner/work/key/key/key.core/../key.ui/examples/standard_key/inEqSimp/nonLinInEqExample3.key 
234100     INFO  main            d.u.i.k.p.i.AbstractProblemLoader Loading environment from /home/runner/work/key/key/key.core/../key.ui/examples/standard_key/inEqSimp/nonLinInEqExample3.key 
234100     DEBUG main            d.u.i.k.p.i.AbstractProblemLoader Environment load took 74.2ns 
234101     INFO  main            d.u.i.k.p.i.AbstractProblemLoader Creating init config 
236338     DEBUG main            d.u.i.k.p.i.AbstractProblemLoader Init config took 2.24s 
236350     INFO  main            d.u.i.k.p.i.AbstractProblemLoader Replaying proof nonLinInEqExample3.key 
236351     DEBUG main            d.u.i.k.p.i.IntermediateProofReplayer Proof replay took 2.7ns 
236553     INFO  main            d.u.i.k.p.r.p.TestFile    ... finished proof: closed. 
236836     INFO  main            d.u.i.k.p.i.AbstractProblemLoader Loading environment from /home/runner/work/key/key/key.core/../key.ui/examples/standard_key/inEqSimp/nonLinInEqExample3.key.proof 
236836     DEBUG main            d.u.i.k.p.i.AbstractProblemLoader Environment load took 74.4ns 
236837     INFO  main            d.u.i.k.p.i.AbstractProblemLoader Creating init config 
239029     DEBUG main            d.u.i.k.p.i.AbstractProblemLoader Init config took 2.19s 
239041     INFO  main            d.u.i.k.p.i.AbstractProblemLoader Replaying proof nonLinInEqExample3.key.proof 
239058     DEBUG main            d.u.i.k.p.i.IntermediateProofReplayer Proof replay took 14.62ms 
239059     DEBUG main            d.u.i.k.p.r.p.TestFile    ... success: reloaded. 
239059     INFO  main            d.u.i.k.p.r.p.TestFile    Now processing file /home/runner/work/key/key/key.core/../key.ui/examples/standard_key/inEqSimp/nonLinInEqExample4.key 
239059     INFO  main            d.u.i.k.p.i.AbstractProblemLoader Loading environment from /home/runner/work/key/key/key.core/../key.ui/examples/standard_key/inEqSimp/nonLinInEqExample4.key 
239060     DEBUG main            d.u.i.k.p.i.AbstractProblemLoader Environment load took 73.2ns 
239060     INFO  main            d.u.i.k.p.i.AbstractProblemLoader Creating init config 
241331     DEBUG main            d.u.i.k.p.i.AbstractProblemLoader Init config took 2.27s 
241343     INFO  main            d.u.i.k.p.i.AbstractProblemLoader Replaying proof nonLinInEqExample4.key 
241344     DEBUG main            d.u.i.k.p.i.IntermediateProofReplayer Proof replay took 2.5ns 
241445     INFO  main            d.u.i.k.p.r.p.TestFile    ... finished proof: closed. 
241729     INFO  main            d.u.i.k.p.i.AbstractProblemLoader Loading environment from /home/runner/work/key/key/key.core/../key.ui/examples/standard_key/inEqSimp/nonLinInEqExample4.key.proof 
241729     DEBUG main            d.u.i.k.p.i.AbstractProblemLoader Environment load took 70.7ns 
241730     INFO  main            d.u.i.k.p.i.AbstractProblemLoader Creating init config 
243956     DEBUG main            d.u.i.k.p.i.AbstractProblemLoader Init config took 2.23s 
243969     INFO  main            d.u.i.k.p.i.AbstractProblemLoader Replaying proof nonLinInEqExample4.key.proof 
243973     DEBUG main            d.u.i.k.p.i.IntermediateProofReplayer Proof replay took 3.01ms 
243973     DEBUG main            d.u.i.k.p.r.p.TestFile    ... success: reloaded. 
243974     INFO  main            d.u.i.k.p.r.p.TestFile    Now processing file /home/runner/work/key/key/key.core/../key.ui/examples/standard_key/inEqSimp/quadraticInEq.key 
243974     INFO  main            d.u.i.k.p.i.AbstractProblemLoader Loading environment from /home/runner/work/key/key/key.core/../key.ui/examples/standard_key/inEqSimp/quadraticInEq.key 
243974     DEBUG main            d.u.i.k.p.i.AbstractProblemLoader Environment load took 44.2ns 
243976     INFO  main            d.u.i.k.p.i.AbstractProblemLoader Creating init config 
246167     DEBUG main            d.u.i.k.p.i.AbstractProblemLoader Init config took 2.19s 
246196     INFO  main            d.u.i.k.p.i.AbstractProblemLoader Replaying proof quadraticInEq.key 
246197     DEBUG main            d.u.i.k.p.i.IntermediateProofReplayer Proof replay took 2.1ns 
246501     INFO  main            d.u.i.k.p.r.p.TestFile    ... finished proof: closed. 
246784     INFO  main            d.u.i.k.p.i.AbstractProblemLoader Loading environment from /home/runner/work/key/key/key.core/../key.ui/examples/standard_key/inEqSimp/quadraticInEq.key.proof 
246784     DEBUG main            d.u.i.k.p.i.AbstractProblemLoader Environment load took 137.6ns 
246785     INFO  main            d.u.i.k.p.i.AbstractProblemLoader Creating init config 
248965     DEBUG main            d.u.i.k.p.i.AbstractProblemLoader Init config took 2.18s 
248978     INFO  main            d.u.i.k.p.i.AbstractProblemLoader Replaying proof quadraticInEq.key.proof 
249014     DEBUG main            d.u.i.k.p.i.IntermediateProofReplayer Proof replay took 31.55ms 
249015     DEBUG main            d.u.i.k.p.r.p.TestFile    ... success: reloaded. 
249016     INFO  main            d.u.i.k.p.r.p.TestFile    Now processing file /home/runner/work/key/key/key.core/../key.ui/examples/standard_key/inEqSimp/quadraticInEq10.key 
249016     INFO  main            d.u.i.k.p.i.AbstractProblemLoader Loading environment from /home/runner/work/key/key/key.core/../key.ui/examples/standard_key/inEqSimp/quadraticInEq10.key 
249016     DEBUG main            d.u.i.k.p.i.AbstractProblemLoader Environment load took 45.8ns 
249017     INFO  main            d.u.i.k.p.i.AbstractProblemLoader Creating init config 
251227     DEBUG main            d.u.i.k.p.i.AbstractProblemLoader Init config took 2.21s 
251239     INFO  main            d.u.i.k.p.i.AbstractProblemLoader Replaying proof quadraticInEq10.key 
251240     DEBUG main            d.u.i.k.p.i.IntermediateProofReplayer Proof replay took 2.2ns 
251444     INFO  main            d.u.i.k.p.r.p.TestFile    ... finished proof: closed. 
251743     INFO  main            d.u.i.k.p.i.AbstractProblemLoader Loading environment from /home/runner/work/key/key/key.core/../key.ui/examples/standard_key/inEqSimp/quadraticInEq10.key.proof 
251743     DEBUG main            d.u.i.k.p.i.AbstractProblemLoader Environment load took 105.8ns 
251745     INFO  main            d.u.i.k.p.i.AbstractProblemLoader Creating init config 
253928     DEBUG main            d.u.i.k.p.i.AbstractProblemLoader Init config took 2.18s 
253940     INFO  main            d.u.i.k.p.i.AbstractProblemLoader Replaying proof quadraticInEq10.key.proof 
253953     DEBUG main            d.u.i.k.p.i.IntermediateProofReplayer Proof replay took 11.15ms 
253954     DEBUG main            d.u.i.k.p.r.p.TestFile    ... success: reloaded. 
253955     INFO  main            d.u.i.k.p.r.p.TestFile    Now processing file /home/runner/work/key/key/key.core/../key.ui/examples/standard_key/inEqSimp/quadraticInEq13.key 
253955     INFO  main            d.u.i.k.p.i.AbstractProblemLoader Loading environment from /home/runner/work/key/key/key.core/../key.ui/examples/standard_key/inEqSimp/quadraticInEq13.key 
253955     DEBUG main            d.u.i.k.p.i.AbstractProblemLoader Environment load took 58.5ns 
253956     INFO  main            d.u.i.k.p.i.AbstractProblemLoader Creating init config 
256168     DEBUG main            d.u.i.k.p.i.AbstractProblemLoader Init config took 2.21s 
256180     INFO  main            d.u.i.k.p.i.AbstractProblemLoader Replaying proof quadraticInEq13.key 
256182     DEBUG main            d.u.i.k.p.i.IntermediateProofReplayer Proof replay took 2.3ns 
256384     INFO  main            d.u.i.k.p.r.p.TestFile    ... finished proof: closed. 
256691     INFO  main            d.u.i.k.p.i.AbstractProblemLoader Loading environment from /home/runner/work/key/key/key.core/../key.ui/examples/standard_key/inEqSimp/quadraticInEq13.key.proof 
256691     DEBUG main            d.u.i.k.p.i.AbstractProblemLoader Environment load took 74.9ns 
256692     INFO  main            d.u.i.k.p.i.AbstractProblemLoader Creating init config 
258872     DEBUG main            d.u.i.k.p.i.AbstractProblemLoader Init config took 2.18s 
258884     INFO  main            d.u.i.k.p.i.AbstractProblemLoader Replaying proof quadraticInEq13.key.proof 
258901     DEBUG main            d.u.i.k.p.i.IntermediateProofReplayer Proof replay took 14.28ms 
258901     DEBUG main            d.u.i.k.p.r.p.TestFile    ... success: reloaded. 
258902     INFO  main            d.u.i.k.p.r.p.TestFile    Now processing file /home/runner/work/key/key/key.core/../key.ui/examples/standard_key/inEqSimp/quadraticInEq14.key 
258902     INFO  main            d.u.i.k.p.i.AbstractProblemLoader Loading environment from /home/runner/work/key/key/key.core/../key.ui/examples/standard_key/inEqSimp/quadraticInEq14.key 
258902     DEBUG main            d.u.i.k.p.i.AbstractProblemLoader Environment load took 63ns 
258903     INFO  main            d.u.i.k.p.i.AbstractProblemLoader Creating init config 
261110     DEBUG main            d.u.i.k.p.i.AbstractProblemLoader Init config took 2.21s 
261121     INFO  main            d.u.i.k.p.i.AbstractProblemLoader Replaying proof quadraticInEq14.key 
261123     DEBUG main            d.u.i.k.p.i.IntermediateProofReplayer Proof replay took 2ns 
261425     INFO  main            d.u.i.k.p.r.p.TestFile    ... finished proof: closed. 
261725     INFO  main            d.u.i.k.p.i.AbstractProblemLoader Loading environment from /home/runner/work/key/key/key.core/../key.ui/examples/standard_key/inEqSimp/quadraticInEq14.key.proof 
261725     DEBUG main            d.u.i.k.p.i.AbstractProblemLoader Environment load took 73.6ns 
261726     INFO  main            d.u.i.k.p.i.AbstractProblemLoader Creating init config 
263908     DEBUG main            d.u.i.k.p.i.AbstractProblemLoader Init config took 2.18s 
263923     INFO  main            d.u.i.k.p.i.AbstractProblemLoader Replaying proof quadraticInEq14.key.proof 
263943     DEBUG main            d.u.i.k.p.i.IntermediateProofReplayer Proof replay took 17.17ms 
263943     DEBUG main            d.u.i.k.p.r.p.TestFile    ... success: reloaded. 
263944     INFO  main            d.u.i.k.p.r.p.TestFile    Now processing file /home/runner/work/key/key/key.core/../key.ui/examples/standard_key/inEqSimp/quadraticInEq2.key 
263944     INFO  main            d.u.i.k.p.i.AbstractProblemLoader Loading environment from /home/runner/work/key/key/key.core/../key.ui/examples/standard_key/inEqSimp/quadraticInEq2.key 
263944     DEBUG main            d.u.i.k.p.i.AbstractProblemLoader Environment load took 36.9ns 
263945     INFO  main            d.u.i.k.p.i.AbstractProblemLoader Creating init config 
266177     DEBUG main            d.u.i.k.p.i.AbstractProblemLoader Init config took 2.23s 
266189     INFO  main            d.u.i.k.p.i.AbstractProblemLoader Replaying proof quadraticInEq2.key 
266192     DEBUG main            d.u.i.k.p.i.IntermediateProofReplayer Proof replay took 2.6ns 
266295     INFO  main            d.u.i.k.p.r.p.TestFile    ... finished proof: closed. 
266603     INFO  main            d.u.i.k.p.i.AbstractProblemLoader Loading environment from /home/runner/work/key/key/key.core/../key.ui/examples/standard_key/inEqSimp/quadraticInEq2.key.proof 
266604     DEBUG main            d.u.i.k.p.i.AbstractProblemLoader Environment load took 67ns 
266604     INFO  main            d.u.i.k.p.i.AbstractProblemLoader Creating init config 
268786     DEBUG main            d.u.i.k.p.i.AbstractProblemLoader Init config took 2.18s 
268798     INFO  main            d.u.i.k.p.i.AbstractProblemLoader Replaying proof quadraticInEq2.key.proof 
268801     DEBUG main            d.u.i.k.p.i.IntermediateProofReplayer Proof replay took 1.85ms 
268802     DEBUG main            d.u.i.k.p.r.p.TestFile    ... success: reloaded. 
268802     INFO  main            d.u.i.k.p.r.p.TestFile    Now processing file /home/runner/work/key/key/key.core/../key.ui/examples/standard_key/inEqSimp/quadraticInEq3.key 
268803     INFO  main            d.u.i.k.p.i.AbstractProblemLoader Loading environment from /home/runner/work/key/key/key.core/../key.ui/examples/standard_key/inEqSimp/quadraticInEq3.key 
268803     DEBUG main            d.u.i.k.p.i.AbstractProblemLoader Environment load took 43ns 
268803     INFO  main            d.u.i.k.p.i.AbstractProblemLoader Creating init config 
271024     DEBUG main            d.u.i.k.p.i.AbstractProblemLoader Init config took 2.22s 
271037     INFO  main            d.u.i.k.p.i.AbstractProblemLoader Replaying proof quadraticInEq3.key 
271041     DEBUG main            d.u.i.k.p.i.IntermediateProofReplayer Proof replay took 2.2ns 
271142     INFO  main            d.u.i.k.p.r.p.TestFile    ... finished proof: closed. 
271444     INFO  main            d.u.i.k.p.i.AbstractProblemLoader Loading environment from /home/runner/work/key/key/key.core/../key.ui/examples/standard_key/inEqSimp/quadraticInEq3.key.proof 
271444     DEBUG main            d.u.i.k.p.i.AbstractProblemLoader Environment load took 69.9ns 
271445     INFO  main            d.u.i.k.p.i.AbstractProblemLoader Creating init config 
273625     DEBUG main            d.u.i.k.p.i.AbstractProblemLoader Init config took 2.18s 
273637     INFO  main            d.u.i.k.p.i.AbstractProblemLoader Replaying proof quadraticInEq3.key.proof 
273643     DEBUG main            d.u.i.k.p.i.IntermediateProofReplayer Proof replay took 4.47ms 
273644     DEBUG main            d.u.i.k.p.r.p.TestFile    ... success: reloaded. 
273644     INFO  main            d.u.i.k.p.r.p.TestFile    Now processing file /home/runner/work/key/key/key.core/../key.ui/examples/standard_key/inEqSimp/quadraticInEq4.key 
273645     INFO  main            d.u.i.k.p.i.AbstractProblemLoader Loading environment from /home/runner/work/key/key/key.core/../key.ui/examples/standard_key/inEqSimp/quadraticInEq4.key 
273645     DEBUG main            d.u.i.k.p.i.AbstractProblemLoader Environment load took 170.1ns 
273646     INFO  main            d.u.i.k.p.i.AbstractProblemLoader Creating init config 
275866     DEBUG main            d.u.i.k.p.i.AbstractProblemLoader Init config took 2.22s 
275878     INFO  main            d.u.i.k.p.i.AbstractProblemLoader Replaying proof quadraticInEq4.key 
275879     DEBUG main            d.u.i.k.p.i.IntermediateProofReplayer Proof replay took 2.4ns 
275981     INFO  main            d.u.i.k.p.r.p.TestFile    ... finished proof: closed. 
276289     INFO  main            d.u.i.k.p.i.AbstractProblemLoader Loading environment from /home/runner/work/key/key/key.core/../key.ui/examples/standard_key/inEqSimp/quadraticInEq4.key.proof 
276289     DEBUG main            d.u.i.k.p.i.AbstractProblemLoader Environment load took 71.3ns 
276290     INFO  main            d.u.i.k.p.i.AbstractProblemLoader Creating init config 
278463     DEBUG main            d.u.i.k.p.i.AbstractProblemLoader Init config took 2.17s 
278475     INFO  main            d.u.i.k.p.i.AbstractProblemLoader Replaying proof quadraticInEq4.key.proof 
278481     DEBUG main            d.u.i.k.p.i.IntermediateProofReplayer Proof replay took 3.77ms 
278481     DEBUG main            d.u.i.k.p.r.p.TestFile    ... success: reloaded. 
278482     INFO  main            d.u.i.k.p.r.p.TestFile    Now processing file /home/runner/work/key/key/key.core/../key.ui/examples/standard_key/inEqSimp/quadraticInEq5.key 
278482     INFO  main            d.u.i.k.p.i.AbstractProblemLoader Loading environment from /home/runner/work/key/key/key.core/../key.ui/examples/standard_key/inEqSimp/quadraticInEq5.key 
278482     DEBUG main            d.u.i.k.p.i.AbstractProblemLoader Environment load took 64.1ns 
278483     INFO  main            d.u.i.k.p.i.AbstractProblemLoader Creating init config 
280697     DEBUG main            d.u.i.k.p.i.AbstractProblemLoader Init config took 2.21s 
280709     INFO  main            d.u.i.k.p.i.AbstractProblemLoader Replaying proof quadraticInEq5.key 
280710     DEBUG main            d.u.i.k.p.i.IntermediateProofReplayer Proof replay took 2.4ns 
280811     INFO  main            d.u.i.k.p.r.p.TestFile    ... finished proof: closed. 
281116     INFO  main            d.u.i.k.p.i.AbstractProblemLoader Loading environment from /home/runner/work/key/key/key.core/../key.ui/examples/standard_key/inEqSimp/quadraticInEq5.key.proof 
281116     DEBUG main            d.u.i.k.p.i.AbstractProblemLoader Environment load took 68.5ns 
281117     INFO  main            d.u.i.k.p.i.AbstractProblemLoader Creating init config 
283294     DEBUG main            d.u.i.k.p.i.AbstractProblemLoader Init config took 2.18s 
283306     INFO  main            d.u.i.k.p.i.AbstractProblemLoader Replaying proof quadraticInEq5.key.proof 
283311     DEBUG main            d.u.i.k.p.i.IntermediateProofReplayer Proof replay took 3.67ms 
283312     DEBUG main            d.u.i.k.p.r.p.TestFile    ... success: reloaded. 
283312     INFO  main            d.u.i.k.p.r.p.TestFile    Now processing file /home/runner/work/key/key/key.core/../key.ui/examples/standard_key/inEqSimp/quadraticInEq6.key 
283312     INFO  main            d.u.i.k.p.i.AbstractProblemLoader Loading environment from /home/runner/work/key/key/key.core/../key.ui/examples/standard_key/inEqSimp/quadraticInEq6.key 
283312     DEBUG main            d.u.i.k.p.i.AbstractProblemLoader Environment load took 41.1ns 
283313     INFO  main            d.u.i.k.p.i.AbstractProblemLoader Creating init config 
285531     DEBUG main            d.u.i.k.p.i.AbstractProblemLoader Init config took 2.22s 
285543     INFO  main            d.u.i.k.p.i.AbstractProblemLoader Replaying proof quadraticInEq6.key 
285544     DEBUG main            d.u.i.k.p.i.IntermediateProofReplayer Proof replay took 2.2ns 
285647     INFO  main            d.u.i.k.p.r.p.TestFile    ... finished proof: closed. 
285962     INFO  main            d.u.i.k.p.i.AbstractProblemLoader Loading environment from /home/runner/work/key/key/key.core/../key.ui/examples/standard_key/inEqSimp/quadraticInEq6.key.proof 
285962     DEBUG main            d.u.i.k.p.i.AbstractProblemLoader Environment load took 71.2ns 
285963     INFO  main            d.u.i.k.p.i.AbstractProblemLoader Creating init config 
288139     DEBUG main            d.u.i.k.p.i.AbstractProblemLoader Init config took 2.18s 
288151     INFO  main            d.u.i.k.p.i.AbstractProblemLoader Replaying proof quadraticInEq6.key.proof 
288155     DEBUG main            d.u.i.k.p.i.IntermediateProofReplayer Proof replay took 3.28ms 
288156     DEBUG main            d.u.i.k.p.r.p.TestFile    ... success: reloaded. 
288156     INFO  main            d.u.i.k.p.r.p.TestFile    Now processing file /home/runner/work/key/key/key.core/../key.ui/examples/standard_key/inEqSimp/quadraticInEq7.key 
288157     INFO  main            d.u.i.k.p.i.AbstractProblemLoader Loading environment from /home/runner/work/key/key/key.core/../key.ui/examples/standard_key/inEqSimp/quadraticInEq7.key 
288157     DEBUG main            d.u.i.k.p.i.AbstractProblemLoader Environment load took 41ns 
288157     INFO  main            d.u.i.k.p.i.AbstractProblemLoader Creating init config 
290373     DEBUG main            d.u.i.k.p.i.AbstractProblemLoader Init config took 2.22s 
290385     INFO  main            d.u.i.k.p.i.AbstractProblemLoader Replaying proof quadraticInEq7.key 
290386     DEBUG main            d.u.i.k.p.i.IntermediateProofReplayer Proof replay took 2.2ns 
290487     INFO  main            d.u.i.k.p.r.p.TestFile    ... finished proof: closed. 
290806     INFO  main            d.u.i.k.p.i.AbstractProblemLoader Loading environment from /home/runner/work/key/key/key.core/../key.ui/examples/standard_key/inEqSimp/quadraticInEq7.key.proof 
290806     DEBUG main            d.u.i.k.p.i.AbstractProblemLoader Environment load took 71.9ns 
290807     INFO  main            d.u.i.k.p.i.AbstractProblemLoader Creating init config 
292985     DEBUG main            d.u.i.k.p.i.AbstractProblemLoader Init config took 2.18s 
292997     INFO  main            d.u.i.k.p.i.AbstractProblemLoader Replaying proof quadraticInEq7.key.proof 
293000     DEBUG main            d.u.i.k.p.i.IntermediateProofReplayer Proof replay took 1.97ms 
293000     DEBUG main            d.u.i.k.p.r.p.TestFile    ... success: reloaded. 
293001     INFO  main            d.u.i.k.p.r.p.TestFile    Now processing file /home/runner/work/key/key/key.core/../key.ui/examples/standard_key/inEqSimp/quadraticInEq8.key 
293002     INFO  main            d.u.i.k.p.i.AbstractProblemLoader Loading environment from /home/runner/work/key/key/key.core/../key.ui/examples/standard_key/inEqSimp/quadraticInEq8.key 
293002     DEBUG main            d.u.i.k.p.i.AbstractProblemLoader Environment load took 61.8ns 
293003     INFO  main            d.u.i.k.p.i.AbstractProblemLoader Creating init config 
295214     DEBUG main            d.u.i.k.p.i.AbstractProblemLoader Init config took 2.21s 
295225     INFO  main            d.u.i.k.p.i.AbstractProblemLoader Replaying proof quadraticInEq8.key 
295227     DEBUG main            d.u.i.k.p.i.IntermediateProofReplayer Proof replay took 2.8ns 
295328     INFO  main            d.u.i.k.p.r.p.TestFile    ... finished proof: closed. 
295651     INFO  main            d.u.i.k.p.i.AbstractProblemLoader Loading environment from /home/runner/work/key/key/key.core/../key.ui/examples/standard_key/inEqSimp/quadraticInEq8.key.proof 
295651     DEBUG main            d.u.i.k.p.i.AbstractProblemLoader Environment load took 75.1ns 
295652     INFO  main            d.u.i.k.p.i.AbstractProblemLoader Creating init config 
297855     DEBUG main            d.u.i.k.p.i.AbstractProblemLoader Init config took 2.2s 
297867     INFO  main            d.u.i.k.p.i.AbstractProblemLoader Replaying proof quadraticInEq8.key.proof 
297875     DEBUG main            d.u.i.k.p.i.IntermediateProofReplayer Proof replay took 6.44ms 
297876     DEBUG main            d.u.i.k.p.r.p.TestFile    ... success: reloaded. 
297877     INFO  main            d.u.i.k.p.r.p.TestFile    Now processing file /home/runner/work/key/key/key.core/../key.ui/examples/standard_key/inEqSimp/simplify0.key 
297877     INFO  main            d.u.i.k.p.i.AbstractProblemLoader Loading environment from /home/runner/work/key/key/key.core/../key.ui/examples/standard_key/inEqSimp/simplify0.key 
297877     DEBUG main            d.u.i.k.p.i.AbstractProblemLoader Environment load took 67.5ns 
297878     INFO  main            d.u.i.k.p.i.AbstractProblemLoader Creating init config 
300132     DEBUG main            d.u.i.k.p.i.AbstractProblemLoader Init config took 2.25s 
300145     INFO  main            d.u.i.k.p.i.AbstractProblemLoader Replaying proof simplify0.key 
300146     DEBUG main            d.u.i.k.p.i.IntermediateProofReplayer Proof replay took 2.1ns 
300248     INFO  main            d.u.i.k.p.r.p.TestFile    ... finished proof: closed. 
300579     INFO  main            d.u.i.k.p.i.AbstractProblemLoader Loading environment from /home/runner/work/key/key/key.core/../key.ui/examples/standard_key/inEqSimp/simplify0.key.proof 
300579     DEBUG main            d.u.i.k.p.i.AbstractProblemLoader Environment load took 74.7ns 
300580     INFO  main            d.u.i.k.p.i.AbstractProblemLoader Creating init config 
302752     DEBUG main            d.u.i.k.p.i.AbstractProblemLoader Init config took 2.17s 
302765     INFO  main            d.u.i.k.p.i.AbstractProblemLoader Replaying proof simplify0.key.proof 
302768     DEBUG main            d.u.i.k.p.i.IntermediateProofReplayer Proof replay took 2.16ms 
302770     DEBUG main            d.u.i.k.p.r.p.TestFile    ... success: reloaded. 
302771     INFO  main            d.u.i.k.p.r.p.TestFile    Now processing file /home/runner/work/key/key/key.core/../key.ui/examples/standard_key/inEqSimp/simplify1.key 
302771     INFO  main            d.u.i.k.p.i.AbstractProblemLoader Loading environment from /home/runner/work/key/key/key.core/../key.ui/examples/standard_key/inEqSimp/simplify1.key 
302771     DEBUG main            d.u.i.k.p.i.AbstractProblemLoader Environment load took 49.9ns 
302772     INFO  main            d.u.i.k.p.i.AbstractProblemLoader Creating init config 
304979     DEBUG main            d.u.i.k.p.i.AbstractProblemLoader Init config took 2.21s 
304991     INFO  main            d.u.i.k.p.i.AbstractProblemLoader Replaying proof simplify1.key 
304995     DEBUG main            d.u.i.k.p.i.IntermediateProofReplayer Proof replay took 3.2ns 
305098     INFO  main            d.u.i.k.p.r.p.TestFile    ... finished proof: closed. 
305426     INFO  main            d.u.i.k.p.i.AbstractProblemLoader Loading environment from /home/runner/work/key/key/key.core/../key.ui/examples/standard_key/inEqSimp/simplify1.key.proof 
305427     DEBUG main            d.u.i.k.p.i.AbstractProblemLoader Environment load took 67ns 
305427     INFO  main            d.u.i.k.p.i.AbstractProblemLoader Creating init config 
307601     DEBUG main            d.u.i.k.p.i.AbstractProblemLoader Init config took 2.17s 
307613     INFO  main            d.u.i.k.p.i.AbstractProblemLoader Replaying proof simplify1.key.proof 
307615     DEBUG main            d.u.i.k.p.i.IntermediateProofReplayer Proof replay took 1.06ms 
307615     DEBUG main            d.u.i.k.p.r.p.TestFile    ... success: reloaded. 
307616     INFO  main            d.u.i.k.p.r.p.TestFile    Now processing file /home/runner/work/key/key/key.core/../key.ui/examples/standard_key/inEqSimp/simplify2.key 
307616     INFO  main            d.u.i.k.p.i.AbstractProblemLoader Loading environment from /home/runner/work/key/key/key.core/../key.ui/examples/standard_key/inEqSimp/simplify2.key 
307616     DEBUG main            d.u.i.k.p.i.AbstractProblemLoader Environment load took 40.4ns 
307617     INFO  main            d.u.i.k.p.i.AbstractProblemLoader Creating init config 
309830     DEBUG main            d.u.i.k.p.i.AbstractProblemLoader Init config took 2.21s 
309842     INFO  main            d.u.i.k.p.i.AbstractProblemLoader Replaying proof simplify2.key 
309843     DEBUG main            d.u.i.k.p.i.IntermediateProofReplayer Proof replay took 2.1ns 
309944     INFO  main            d.u.i.k.p.r.p.TestFile    ... finished proof: closed. 
310274     INFO  main            d.u.i.k.p.i.AbstractProblemLoader Loading environment from /home/runner/work/key/key/key.core/../key.ui/examples/standard_key/inEqSimp/simplify2.key.proof 
310274     DEBUG main            d.u.i.k.p.i.AbstractProblemLoader Environment load took 80.2ns 
310275     INFO  main            d.u.i.k.p.i.AbstractProblemLoader Creating init config 
312450     DEBUG main            d.u.i.k.p.i.AbstractProblemLoader Init config took 2.17s 
312462     INFO  main            d.u.i.k.p.i.AbstractProblemLoader Replaying proof simplify2.key.proof 
312473     DEBUG main            d.u.i.k.p.i.IntermediateProofReplayer Proof replay took 9.28ms 
312473     DEBUG main            d.u.i.k.p.r.p.TestFile    ... success: reloaded. 
312474     INFO  main            d.u.i.k.p.r.p.TestFile    Now processing file /home/runner/work/key/key/key.core/../key.ui/examples/standard_key/inEqSimp/simplify3.key 
312474     INFO  main            d.u.i.k.p.i.AbstractProblemLoader Loading environment from /home/runner/work/key/key/key.core/../key.ui/examples/standard_key/inEqSimp/simplify3.key 
312474     DEBUG main            d.u.i.k.p.i.AbstractProblemLoader Environment load took 42.7ns 
312475     INFO  main            d.u.i.k.p.i.AbstractProblemLoader Creating init config 
314698     DEBUG main            d.u.i.k.p.i.AbstractProblemLoader Init config took 2.22s 
314709     INFO  main            d.u.i.k.p.i.AbstractProblemLoader Replaying proof simplify3.key 
314711     DEBUG main            d.u.i.k.p.i.IntermediateProofReplayer Proof replay took 2.8ns 
314812     INFO  main            d.u.i.k.p.r.p.TestFile    ... finished proof: closed. 
315150     INFO  main            d.u.i.k.p.i.AbstractProblemLoader Loading environment from /home/runner/work/key/key/key.core/../key.ui/examples/standard_key/inEqSimp/simplify3.key.proof 
315151     DEBUG main            d.u.i.k.p.i.AbstractProblemLoader Environment load took 69.2ns 
315151     INFO  main            d.u.i.k.p.i.AbstractProblemLoader Creating init config 
317336     DEBUG main            d.u.i.k.p.i.AbstractProblemLoader Init config took 2.18s 
317348     INFO  main            d.u.i.k.p.i.AbstractProblemLoader Replaying proof simplify3.key.proof 
317351     DEBUG main            d.u.i.k.p.i.IntermediateProofReplayer Proof replay took 1.62ms 
317352     DEBUG main            d.u.i.k.p.r.p.TestFile    ... success: reloaded. 
317352     INFO  main            d.u.i.k.p.r.p.TestFile    Now processing file /home/runner/work/key/key/key.core/../key.ui/examples/standard_key/inEqSimp/simplify4.key 
317353     INFO  main            d.u.i.k.p.i.AbstractProblemLoader Loading environment from /home/runner/work/key/key/key.core/../key.ui/examples/standard_key/inEqSimp/simplify4.key 
317353     DEBUG main            d.u.i.k.p.i.AbstractProblemLoader Environment load took 165.3ns 
317354     INFO  main            d.u.i.k.p.i.AbstractProblemLoader Creating init config 
319633     DEBUG main            d.u.i.k.p.i.AbstractProblemLoader Init config took 2.28s 
319646     INFO  main            d.u.i.k.p.i.AbstractProblemLoader Replaying proof simplify4.key 
319647     DEBUG main            d.u.i.k.p.i.IntermediateProofReplayer Proof replay took 2.1ns 
319748     INFO  main            d.u.i.k.p.r.p.TestFile    ... finished proof: closed. 
320115     INFO  main            d.u.i.k.p.i.AbstractProblemLoader Loading environment from /home/runner/work/key/key/key.core/../key.ui/examples/standard_key/inEqSimp/simplify4.key.proof 
320115     DEBUG main            d.u.i.k.p.i.AbstractProblemLoader Environment load took 68.5ns 
320116     INFO  main            d.u.i.k.p.i.AbstractProblemLoader Creating init config 
322297     DEBUG main            d.u.i.k.p.i.AbstractProblemLoader Init config took 2.18s 
322310     INFO  main            d.u.i.k.p.i.AbstractProblemLoader Replaying proof simplify4.key.proof 
322323     DEBUG main            d.u.i.k.p.i.IntermediateProofReplayer Proof replay took 11.09ms 
322324     DEBUG main            d.u.i.k.p.r.p.TestFile    ... success: reloaded. 
322324     INFO  main            d.u.i.k.p.r.p.TestFile    Now processing file /home/runner/work/key/key/key.core/../key.ui/examples/standard_key/inEqSimp/simplify5.key 
322324     INFO  main            d.u.i.k.p.i.AbstractProblemLoader Loading environment from /home/runner/work/key/key/key.core/../key.ui/examples/standard_key/inEqSimp/simplify5.key 
322325     DEBUG main            d.u.i.k.p.i.AbstractProblemLoader Environment load took 64.3ns 
322325     INFO  main            d.u.i.k.p.i.AbstractProblemLoader Creating init config 
324541     DEBUG main            d.u.i.k.p.i.AbstractProblemLoader Init config took 2.22s 
324554     INFO  main            d.u.i.k.p.i.AbstractProblemLoader Replaying proof simplify5.key 
324555     DEBUG main            d.u.i.k.p.i.IntermediateProofReplayer Proof replay took 2.3ns 
325058     INFO  main            d.u.i.k.p.r.p.TestFile    ... finished proof: closed. 
325414     INFO  main            d.u.i.k.p.i.AbstractProblemLoader Loading environment from /home/runner/work/key/key/key.core/../key.ui/examples/standard_key/inEqSimp/simplify5.key.proof 
325414     DEBUG main            d.u.i.k.p.i.AbstractProblemLoader Environment load took 75.3ns 
325416     INFO  main            d.u.i.k.p.i.AbstractProblemLoader Creating init config 
327603     DEBUG main            d.u.i.k.p.i.AbstractProblemLoader Init config took 2.19s 
327615     INFO  main            d.u.i.k.p.i.AbstractProblemLoader Replaying proof simplify5.key.proof 
327666     DEBUG main            d.u.i.k.p.i.IntermediateProofReplayer Proof replay took 45.98ms 
327667     DEBUG main            d.u.i.k.p.r.p.TestFile    ... success: reloaded. 
327672     INFO  main            d.u.i.k.p.r.p.TestFile    Now processing file /home/runner/work/key/key/key.core/../key.ui/examples/standard_key/inEqSimp/subsumptionExample.key 
327673     INFO  main            d.u.i.k.p.i.AbstractProblemLoader Loading environment from /home/runner/work/key/key/key.core/../key.ui/examples/standard_key/inEqSimp/subsumptionExample.key 
327674     DEBUG main            d.u.i.k.p.i.AbstractProblemLoader Environment load took 181.3ns 
327674     INFO  main            d.u.i.k.p.i.AbstractProblemLoader Creating init config 
329910     DEBUG main            d.u.i.k.p.i.AbstractProblemLoader Init config took 2.24s 
329922     INFO  main            d.u.i.k.p.i.AbstractProblemLoader Replaying proof subsumptionExample.key 
329923     DEBUG main            d.u.i.k.p.i.IntermediateProofReplayer Proof replay took 2.7ns 
330026     INFO  main            d.u.i.k.p.r.p.TestFile    ... finished proof: closed. 
330396     INFO  main            d.u.i.k.p.i.AbstractProblemLoader Loading environment from /home/runner/work/key/key/key.core/../key.ui/examples/standard_key/inEqSimp/subsumptionExample.key.proof 
330396     DEBUG main            d.u.i.k.p.i.AbstractProblemLoader Environment load took 63.4ns 
330397     INFO  main            d.u.i.k.p.i.AbstractProblemLoader Creating init config 
332584     DEBUG main            d.u.i.k.p.i.AbstractProblemLoader Init config took 2.19s 
332596     INFO  main            d.u.i.k.p.i.AbstractProblemLoader Replaying proof subsumptionExample.key.proof 
332598     DEBUG main            d.u.i.k.p.i.IntermediateProofReplayer Proof replay took 768ns 
332598     DEBUG main            d.u.i.k.p.r.p.TestFile    ... success: reloaded. 
332598     INFO  main            d.u.i.k.p.r.p.TestFile    Now processing file /home/runner/work/key/key/key.core/../key.ui/examples/standard_key/polySimp/simplify0.key 
332599     INFO  main            d.u.i.k.p.i.AbstractProblemLoader Loading environment from /home/runner/work/key/key/key.core/../key.ui/examples/standard_key/polySimp/simplify0.key 
332599     DEBUG main            d.u.i.k.p.i.AbstractProblemLoader Environment load took 176.1ns 
332601     INFO  main            d.u.i.k.p.i.AbstractProblemLoader Creating init config 
334830     DEBUG main            d.u.i.k.p.i.AbstractProblemLoader Init config took 2.23s 
334842     INFO  main            d.u.i.k.p.i.AbstractProblemLoader Replaying proof simplify0.key 
334843     DEBUG main            d.u.i.k.p.i.IntermediateProofReplayer Proof replay took 2.4ns 
335045     INFO  main            d.u.i.k.p.r.p.TestFile    ... finished proof: closed. 
335427     INFO  main            d.u.i.k.p.i.AbstractProblemLoader Loading environment from /home/runner/work/key/key/key.core/../key.ui/examples/standard_key/polySimp/simplify0.key.proof 
335427     DEBUG main            d.u.i.k.p.i.AbstractProblemLoader Environment load took 69.7ns 
335429     INFO  main            d.u.i.k.p.i.AbstractProblemLoader Creating init config 
337614     DEBUG main            d.u.i.k.p.i.AbstractProblemLoader Init config took 2.19s 
337627     INFO  main            d.u.i.k.p.i.AbstractProblemLoader Replaying proof simplify0.key.proof 
337645     DEBUG main            d.u.i.k.p.i.IntermediateProofReplayer Proof replay took 13.42ms 
337646     DEBUG main            d.u.i.k.p.r.p.TestFile    ... success: reloaded. 
337646     INFO  main            d.u.i.k.p.r.p.TestFile    Now processing file /home/runner/work/key/key/key.core/../key.ui/examples/standard_key/polySimp/simplify1.key 
337647     INFO  main            d.u.i.k.p.i.AbstractProblemLoader Loading environment from /home/runner/work/key/key/key.core/../key.ui/examples/standard_key/polySimp/simplify1.key 
337647     DEBUG main            d.u.i.k.p.i.AbstractProblemLoader Environment load took 56.2ns 
337649     INFO  main            d.u.i.k.p.i.AbstractProblemLoader Creating init config 
339885     DEBUG main            d.u.i.k.p.i.AbstractProblemLoader Init config took 2.24s 
339898     INFO  main            d.u.i.k.p.i.AbstractProblemLoader Replaying proof simplify1.key 
339899     DEBUG main            d.u.i.k.p.i.IntermediateProofReplayer Proof replay took 2.9ns 
340201     INFO  main            d.u.i.k.p.r.p.TestFile    ... finished proof: closed. 
340588     INFO  main            d.u.i.k.p.i.AbstractProblemLoader Loading environment from /home/runner/work/key/key/key.core/../key.ui/examples/standard_key/polySimp/simplify1.key.proof 
340589     DEBUG main            d.u.i.k.p.i.AbstractProblemLoader Environment load took 68.8ns 
340590     INFO  main            d.u.i.k.p.i.AbstractProblemLoader Creating init config 
342773     DEBUG main            d.u.i.k.p.i.AbstractProblemLoader Init config took 2.18s 
342786     INFO  main            d.u.i.k.p.i.AbstractProblemLoader Replaying proof simplify1.key.proof 
342807     DEBUG main            d.u.i.k.p.i.IntermediateProofReplayer Proof replay took 19.02ms 
342807     DEBUG main            d.u.i.k.p.r.p.TestFile    ... success: reloaded. 
342808     INFO  main            d.u.i.k.p.r.p.TestFile    Now processing file /home/runner/work/key/key/key.core/../key.ui/examples/standard_key/polySimp/simplify10.key 
342808     INFO  main            d.u.i.k.p.i.AbstractProblemLoader Loading environment from /home/runner/work/key/key/key.core/../key.ui/examples/standard_key/polySimp/simplify10.key 
342808     DEBUG main            d.u.i.k.p.i.AbstractProblemLoader Environment load took 40.2ns 
342809     INFO  main            d.u.i.k.p.i.AbstractProblemLoader Creating init config 
345036     DEBUG main            d.u.i.k.p.i.AbstractProblemLoader Init config took 2.23s 
345049     INFO  main            d.u.i.k.p.i.AbstractProblemLoader Replaying proof simplify10.key 
345050     DEBUG main            d.u.i.k.p.i.IntermediateProofReplayer Proof replay took 2ns 
345252     INFO  main            d.u.i.k.p.r.p.TestFile    ... finished proof: closed. 
345652     INFO  main            d.u.i.k.p.i.AbstractProblemLoader Loading environment from /home/runner/work/key/key/key.core/../key.ui/examples/standard_key/polySimp/simplify10.key.proof 
345652     DEBUG main            d.u.i.k.p.i.AbstractProblemLoader Environment load took 72.4ns 
345654     INFO  main            d.u.i.k.p.i.AbstractProblemLoader Creating init config 
347865     DEBUG main            d.u.i.k.p.i.AbstractProblemLoader Init config took 2.21s 
347880     INFO  main            d.u.i.k.p.i.AbstractProblemLoader Replaying proof simplify10.key.proof 
347909     DEBUG main            d.u.i.k.p.i.IntermediateProofReplayer Proof replay took 26.59ms 
347910     DEBUG main            d.u.i.k.p.r.p.TestFile    ... success: reloaded. 
347911     INFO  main            d.u.i.k.p.r.p.TestFile    Now processing file /home/runner/work/key/key/key.core/../key.ui/examples/standard_key/polySimp/simplify11.key 
347911     INFO  main            d.u.i.k.p.i.AbstractProblemLoader Loading environment from /home/runner/work/key/key/key.core/../key.ui/examples/standard_key/polySimp/simplify11.key 
347911     DEBUG main            d.u.i.k.p.i.AbstractProblemLoader Environment load took 47.6ns 
347912     INFO  main            d.u.i.k.p.i.AbstractProblemLoader Creating init config 
350157     DEBUG main            d.u.i.k.p.i.AbstractProblemLoader Init config took 2.25s 
350169     INFO  main            d.u.i.k.p.i.AbstractProblemLoader Replaying proof simplify11.key 
350170     DEBUG main            d.u.i.k.p.i.IntermediateProofReplayer Proof replay took 2.4ns 
350372     INFO  main            d.u.i.k.p.r.p.TestFile    ... finished proof: closed. 
350772     INFO  main            d.u.i.k.p.i.AbstractProblemLoader Loading environment from /home/runner/work/key/key/key.core/../key.ui/examples/standard_key/polySimp/simplify11.key.proof 
350772     DEBUG main            d.u.i.k.p.i.AbstractProblemLoader Environment load took 87.3ns 
350773     INFO  main            d.u.i.k.p.i.AbstractProblemLoader Creating init config 
352945     DEBUG main            d.u.i.k.p.i.AbstractProblemLoader Init config took 2.17s 
352958     INFO  main            d.u.i.k.p.i.AbstractProblemLoader Replaying proof simplify11.key.proof 
352977     DEBUG main            d.u.i.k.p.i.IntermediateProofReplayer Proof replay took 16.62ms 
352978     DEBUG main            d.u.i.k.p.r.p.TestFile    ... success: reloaded. 
352978     INFO  main            d.u.i.k.p.r.p.TestFile    Now processing file /home/runner/work/key/key/key.core/../key.ui/examples/standard_key/polySimp/simplify12.key 
352978     INFO  main            d.u.i.k.p.i.AbstractProblemLoader Loading environment from /home/runner/work/key/key/key.core/../key.ui/examples/standard_key/polySimp/simplify12.key 
352978     DEBUG main            d.u.i.k.p.i.AbstractProblemLoader Environment load took 51.3ns 
352979     INFO  main            d.u.i.k.p.i.AbstractProblemLoader Creating init config 
355217     DEBUG main            d.u.i.k.p.i.AbstractProblemLoader Init config took 2.24s 
355229     INFO  main            d.u.i.k.p.i.AbstractProblemLoader Replaying proof simplify12.key 
355230     DEBUG main            d.u.i.k.p.i.IntermediateProofReplayer Proof replay took 2.2ns 
355331     INFO  main            d.u.i.k.p.r.p.TestFile    ... finished proof: closed. 
355739     INFO  main            d.u.i.k.p.i.AbstractProblemLoader Loading environment from /home/runner/work/key/key/key.core/../key.ui/examples/standard_key/polySimp/simplify12.key.proof 
355739     DEBUG main            d.u.i.k.p.i.AbstractProblemLoader Environment load took 71.5ns 
355740     INFO  main            d.u.i.k.p.i.AbstractProblemLoader Creating init config 
357919     DEBUG main            d.u.i.k.p.i.AbstractProblemLoader Init config took 2.18s 
357931     INFO  main            d.u.i.k.p.i.AbstractProblemLoader Replaying proof simplify12.key.proof 
357941     DEBUG main            d.u.i.k.p.i.IntermediateProofReplayer Proof replay took 7.76ms 
357941     DEBUG main            d.u.i.k.p.r.p.TestFile    ... success: reloaded. 
357942     INFO  main            d.u.i.k.p.r.p.TestFile    Now processing file /home/runner/work/key/key/key.core/../key.ui/examples/standard_key/polySimp/simplify13.key 
357943     INFO  main            d.u.i.k.p.i.AbstractProblemLoader Loading environment from /home/runner/work/key/key/key.core/../key.ui/examples/standard_key/polySimp/simplify13.key 
357943     DEBUG main            d.u.i.k.p.i.AbstractProblemLoader Environment load took 45.1ns 
357944     INFO  main            d.u.i.k.p.i.AbstractProblemLoader Creating init config 
360181     DEBUG main            d.u.i.k.p.i.AbstractProblemLoader Init config took 2.24s 
360193     INFO  main            d.u.i.k.p.i.AbstractProblemLoader Replaying proof simplify13.key 
360194     DEBUG main            d.u.i.k.p.i.IntermediateProofReplayer Proof replay took 2.1ns 
360295     INFO  main            d.u.i.k.p.r.p.TestFile    ... finished proof: closed. 
360680     INFO  main            d.u.i.k.p.i.AbstractProblemLoader Loading environment from /home/runner/work/key/key/key.core/../key.ui/examples/standard_key/polySimp/simplify13.key.proof 
360680     DEBUG main            d.u.i.k.p.i.AbstractProblemLoader Environment load took 68.8ns 
360681     INFO  main            d.u.i.k.p.i.AbstractProblemLoader Creating init config 
362858     DEBUG main            d.u.i.k.p.i.AbstractProblemLoader Init config took 2.18s 
362871     INFO  main            d.u.i.k.p.i.AbstractProblemLoader Replaying proof simplify13.key.proof 
362886     DEBUG main            d.u.i.k.p.i.IntermediateProofReplayer Proof replay took 13.71ms 
362887     DEBUG main            d.u.i.k.p.r.p.TestFile    ... success: reloaded. 
362887     INFO  main            d.u.i.k.p.r.p.TestFile    Now processing file /home/runner/work/key/key/key.core/../key.ui/examples/standard_key/polySimp/simplify14.key 
362888     INFO  main            d.u.i.k.p.i.AbstractProblemLoader Loading environment from /home/runner/work/key/key/key.core/../key.ui/examples/standard_key/polySimp/simplify14.key 
362888     DEBUG main            d.u.i.k.p.i.AbstractProblemLoader Environment load took 41.1ns 
362889     INFO  main            d.u.i.k.p.i.AbstractProblemLoader Creating init config 
365134     DEBUG main            d.u.i.k.p.i.AbstractProblemLoader Init config took 2.25s 
365147     INFO  main            d.u.i.k.p.i.AbstractProblemLoader Replaying proof simplify14.key 
365148     DEBUG main            d.u.i.k.p.i.IntermediateProofReplayer Proof replay took 2.3ns 
365249     INFO  main            d.u.i.k.p.r.p.TestFile    ... finished proof: closed. 
365646     INFO  main            d.u.i.k.p.i.AbstractProblemLoader Loading environment from /home/runner/work/key/key/key.core/../key.ui/examples/standard_key/polySimp/simplify14.key.proof 
365646     DEBUG main            d.u.i.k.p.i.AbstractProblemLoader Environment load took 70.1ns 
365647     INFO  main            d.u.i.k.p.i.AbstractProblemLoader Creating init config 
367920     DEBUG main            d.u.i.k.p.i.AbstractProblemLoader Init config took 2.27s 
367946     INFO  main            d.u.i.k.p.i.AbstractProblemLoader Replaying proof simplify14.key.proof 
367948     DEBUG main            d.u.i.k.p.i.IntermediateProofReplayer Proof replay took 1.26ms 
367949     DEBUG main            d.u.i.k.p.r.p.TestFile    ... success: reloaded. 
367950     INFO  main            d.u.i.k.p.r.p.TestFile    Now processing file /home/runner/work/key/key/key.core/../key.ui/examples/standard_key/polySimp/simplify15.key 
367950     INFO  main            d.u.i.k.p.i.AbstractProblemLoader Loading environment from /home/runner/work/key/key/key.core/../key.ui/examples/standard_key/polySimp/simplify15.key 
367950     DEBUG main            d.u.i.k.p.i.AbstractProblemLoader Environment load took 168.5ns 
367951     INFO  main            d.u.i.k.p.i.AbstractProblemLoader Creating init config 
370318     DEBUG main            d.u.i.k.p.i.AbstractProblemLoader Init config took 2.37s 
370331     INFO  main            d.u.i.k.p.i.AbstractProblemLoader Replaying proof simplify15.key 
370332     DEBUG main            d.u.i.k.p.i.IntermediateProofReplayer Proof replay took 2.5ns 
370434     INFO  main            d.u.i.k.p.r.p.TestFile    ... finished proof: closed. 
370847     INFO  main            d.u.i.k.p.i.AbstractProblemLoader Loading environment from /home/runner/work/key/key/key.core/../key.ui/examples/standard_key/polySimp/simplify15.key.proof 
370847     DEBUG main            d.u.i.k.p.i.AbstractProblemLoader Environment load took 64.9ns 
370848     INFO  main            d.u.i.k.p.i.AbstractProblemLoader Creating init config 
373033     DEBUG main            d.u.i.k.p.i.AbstractProblemLoader Init config took 2.18s 
373052     INFO  main            d.u.i.k.p.i.AbstractProblemLoader Replaying proof simplify15.key.proof 
373054     DEBUG main            d.u.i.k.p.i.IntermediateProofReplayer Proof replay took 542.9ns 
373054     DEBUG main            d.u.i.k.p.r.p.TestFile    ... success: reloaded. 
373055     INFO  main            d.u.i.k.p.r.p.TestFile    Now processing file /home/runner/work/key/key/key.core/../key.ui/examples/standard_key/polySimp/simplify16.key 
373055     INFO  main            d.u.i.k.p.i.AbstractProblemLoader Loading environment from /home/runner/work/key/key/key.core/../key.ui/examples/standard_key/polySimp/simplify16.key 
373055     DEBUG main            d.u.i.k.p.i.AbstractProblemLoader Environment load took 33.5ns 
373056     INFO  main            d.u.i.k.p.i.AbstractProblemLoader Creating init config 
375295     DEBUG main            d.u.i.k.p.i.AbstractProblemLoader Init config took 2.24s 
375307     INFO  main            d.u.i.k.p.i.AbstractProblemLoader Replaying proof simplify16.key 
375307     DEBUG main            d.u.i.k.p.i.IntermediateProofReplayer Proof replay took 2.3ns 
375408     INFO  main            d.u.i.k.p.r.p.TestFile    ... finished proof: closed. 
375808     INFO  main            d.u.i.k.p.i.AbstractProblemLoader Loading environment from /home/runner/work/key/key/key.core/../key.ui/examples/standard_key/polySimp/simplify16.key.proof 
375809     DEBUG main            d.u.i.k.p.i.AbstractProblemLoader Environment load took 68ns 
375809     INFO  main            d.u.i.k.p.i.AbstractProblemLoader Creating init config 
377976     DEBUG main            d.u.i.k.p.i.AbstractProblemLoader Init config took 2.17s 
377988     INFO  main            d.u.i.k.p.i.AbstractProblemLoader Replaying proof simplify16.key.proof 
377990     DEBUG main            d.u.i.k.p.i.IntermediateProofReplayer Proof replay took 397.3ns 
377990     DEBUG main            d.u.i.k.p.r.p.TestFile    ... success: reloaded. 
377991     INFO  main            d.u.i.k.p.r.p.TestFile    Now processing file /home/runner/work/key/key/key.core/../key.ui/examples/standard_key/polySimp/simplify17.key 
377991     INFO  main            d.u.i.k.p.i.AbstractProblemLoader Loading environment from /home/runner/work/key/key/key.core/../key.ui/examples/standard_key/polySimp/simplify17.key 
377991     DEBUG main            d.u.i.k.p.i.AbstractProblemLoader Environment load took 38.2ns 
377992     INFO  main            d.u.i.k.p.i.AbstractProblemLoader Creating init config 
380176     DEBUG main            d.u.i.k.p.i.AbstractProblemLoader Init config took 2.18s 
380187     INFO  main            d.u.i.k.p.i.AbstractProblemLoader Replaying proof simplify17.key 
380188     DEBUG main            d.u.i.k.p.i.IntermediateProofReplayer Proof replay took 1.9ns 
380290     INFO  main            d.u.i.k.p.r.p.TestFile    ... finished proof: closed. 
380702     INFO  main            d.u.i.k.p.i.AbstractProblemLoader Loading environment from /home/runner/work/key/key/key.core/../key.ui/examples/standard_key/polySimp/simplify17.key.proof 
380703     DEBUG main            d.u.i.k.p.i.AbstractProblemLoader Environment load took 66.2ns 
380703     INFO  main            d.u.i.k.p.i.AbstractProblemLoader Creating init config 
382870     DEBUG main            d.u.i.k.p.i.AbstractProblemLoader Init config took 2.17s 
382882     INFO  main            d.u.i.k.p.i.AbstractProblemLoader Replaying proof simplify17.key.proof 
382888     DEBUG main            d.u.i.k.p.i.IntermediateProofReplayer Proof replay took 4.75ms 
382889     DEBUG main            d.u.i.k.p.r.p.TestFile    ... success: reloaded. 
382889     INFO  main            d.u.i.k.p.r.p.TestFile    Now processing file /home/runner/work/key/key/key.core/../key.ui/examples/standard_key/polySimp/simplify18.key 
382889     INFO  main            d.u.i.k.p.i.AbstractProblemLoader Loading environment from /home/runner/work/key/key/key.core/../key.ui/examples/standard_key/polySimp/simplify18.key 
382889     DEBUG main            d.u.i.k.p.i.AbstractProblemLoader Environment load took 42.8ns 
382890     INFO  main            d.u.i.k.p.i.AbstractProblemLoader Creating init config 
385088     DEBUG main            d.u.i.k.p.i.AbstractProblemLoader Init config took 2.2s 
385101     INFO  main            d.u.i.k.p.i.AbstractProblemLoader Replaying proof simplify18.key 
385101     DEBUG main            d.u.i.k.p.i.IntermediateProofReplayer Proof replay took 2ns 
385303     INFO  main            d.u.i.k.p.r.p.TestFile    ... finished proof: closed. 
385726     INFO  main            d.u.i.k.p.i.AbstractProblemLoader Loading environment from /home/runner/work/key/key/key.core/../key.ui/examples/standard_key/polySimp/simplify18.key.proof 
385726     DEBUG main            d.u.i.k.p.i.AbstractProblemLoader Environment load took 78.2ns 
385727     INFO  main            d.u.i.k.p.i.AbstractProblemLoader Creating init config 
387901     DEBUG main            d.u.i.k.p.i.AbstractProblemLoader Init config took 2.17s 
387913     INFO  main            d.u.i.k.p.i.AbstractProblemLoader Replaying proof simplify18.key.proof 
387927     DEBUG main            d.u.i.k.p.i.IntermediateProofReplayer Proof replay took 12.41ms 
387928     DEBUG main            d.u.i.k.p.r.p.TestFile    ... success: reloaded. 
387929     INFO  main            d.u.i.k.p.r.p.TestFile    Now processing file /home/runner/work/key/key/key.core/../key.ui/examples/standard_key/polySimp/simplify19.key 
387929     INFO  main            d.u.i.k.p.i.AbstractProblemLoader Loading environment from /home/runner/work/key/key/key.core/../key.ui/examples/standard_key/polySimp/simplify19.key 
387929     DEBUG main            d.u.i.k.p.i.AbstractProblemLoader Environment load took 46.1ns 
387930     INFO  main            d.u.i.k.p.i.AbstractProblemLoader Creating init config 
390120     DEBUG main            d.u.i.k.p.i.AbstractProblemLoader Init config took 2.19s 
390132     INFO  main            d.u.i.k.p.i.AbstractProblemLoader Replaying proof simplify19.key 
390133     DEBUG main            d.u.i.k.p.i.IntermediateProofReplayer Proof replay took 1.9ns 
392841     INFO  main            d.u.i.k.p.r.p.TestFile    ... finished proof: closed. 
393301     INFO  main            d.u.i.k.p.i.AbstractProblemLoader Loading environment from /home/runner/work/key/key/key.core/../key.ui/examples/standard_key/polySimp/simplify19.key.proof 
393301     DEBUG main            d.u.i.k.p.i.AbstractProblemLoader Environment load took 77.6ns 
393303     INFO  main            d.u.i.k.p.i.AbstractProblemLoader Creating init config 
395478     DEBUG main            d.u.i.k.p.i.AbstractProblemLoader Init config took 2.18s 
395491     INFO  main            d.u.i.k.p.i.AbstractProblemLoader Replaying proof simplify19.key.proof 
395708     DEBUG main            d.u.i.k.p.i.IntermediateProofReplayer Proof replay took 205.77ms 
395710     DEBUG main            d.u.i.k.p.r.p.TestFile    ... success: reloaded. 
395710     INFO  main            d.u.i.k.p.r.p.TestFile    Now processing file /home/runner/work/key/key/key.core/../key.ui/examples/standard_key/polySimp/simplify2.key 
395710     INFO  main            d.u.i.k.p.i.AbstractProblemLoader Loading environment from /home/runner/work/key/key/key.core/../key.ui/examples/standard_key/polySimp/simplify2.key 
395710     DEBUG main            d.u.i.k.p.i.AbstractProblemLoader Environment load took 74.2ns 
395711     INFO  main            d.u.i.k.p.i.AbstractProblemLoader Creating init config 
397938     DEBUG main            d.u.i.k.p.i.AbstractProblemLoader Init config took 2.23s 
397950     INFO  main            d.u.i.k.p.i.AbstractProblemLoader Replaying proof simplify2.key 
397951     DEBUG main            d.u.i.k.p.i.IntermediateProofReplayer Proof replay took 2.6ns 
398052     INFO  main            d.u.i.k.p.r.p.TestFile    ... finished proof: closed. 
398518     INFO  main            d.u.i.k.p.i.AbstractProblemLoader Loading environment from /home/runner/work/key/key/key.core/../key.ui/examples/standard_key/polySimp/simplify2.key.proof 
398518     DEBUG main            d.u.i.k.p.i.AbstractProblemLoader Environment load took 65.9ns 
398519     INFO  main            d.u.i.k.p.i.AbstractProblemLoader Creating init config 
400708     DEBUG main            d.u.i.k.p.i.AbstractProblemLoader Init config took 2.19s 
400720     INFO  main            d.u.i.k.p.i.AbstractProblemLoader Replaying proof simplify2.key.proof 
400721     DEBUG main            d.u.i.k.p.i.IntermediateProofReplayer Proof replay took 690.1ns 
400722     DEBUG main            d.u.i.k.p.r.p.TestFile    ... success: reloaded. 
400722     INFO  main            d.u.i.k.p.r.p.TestFile    Now processing file /home/runner/work/key/key/key.core/../key.ui/examples/standard_key/polySimp/simplify20.key 
400722     INFO  main            d.u.i.k.p.i.AbstractProblemLoader Loading environment from /home/runner/work/key/key/key.core/../key.ui/examples/standard_key/polySimp/simplify20.key 
400723     DEBUG main            d.u.i.k.p.i.AbstractProblemLoader Environment load took 37.7ns 
400723     INFO  main            d.u.i.k.p.i.AbstractProblemLoader Creating init config 
402911     DEBUG main            d.u.i.k.p.i.AbstractProblemLoader Init config took 2.19s 
402923     INFO  main            d.u.i.k.p.i.AbstractProblemLoader Replaying proof simplify20.key 
402924     DEBUG main            d.u.i.k.p.i.IntermediateProofReplayer Proof replay took 2.6ns 
403545     INFO  main            d.u.i.k.p.r.p.TestFile    ... finished proof: closed. 
404001     INFO  main            d.u.i.k.p.i.AbstractProblemLoader Loading environment from /home/runner/work/key/key/key.core/../key.ui/examples/standard_key/polySimp/simplify20.key.proof 
404001     DEBUG main            d.u.i.k.p.i.AbstractProblemLoader Environment load took 118.6ns 
404002     INFO  main            d.u.i.k.p.i.AbstractProblemLoader Creating init config 
406175     DEBUG main            d.u.i.k.p.i.AbstractProblemLoader Init config took 2.17s 
406188     INFO  main            d.u.i.k.p.i.AbstractProblemLoader Replaying proof simplify20.key.proof 
406247     DEBUG main            d.u.i.k.p.i.IntermediateProofReplayer Proof replay took 53.82ms 
406248     DEBUG main            d.u.i.k.p.r.p.TestFile    ... success: reloaded. 
406248     INFO  main            d.u.i.k.p.r.p.TestFile    Now processing file /home/runner/work/key/key/key.core/../key.ui/examples/standard_key/polySimp/simplify21.key 
406249     INFO  main            d.u.i.k.p.i.AbstractProblemLoader Loading environment from /home/runner/work/key/key/key.core/../key.ui/examples/standard_key/polySimp/simplify21.key 
406249     DEBUG main            d.u.i.k.p.i.AbstractProblemLoader Environment load took 71.7ns 
406251     INFO  main            d.u.i.k.p.i.AbstractProblemLoader Creating init config 
408471     DEBUG main            d.u.i.k.p.i.AbstractProblemLoader Init config took 2.22s 
408484     INFO  main            d.u.i.k.p.i.AbstractProblemLoader Replaying proof simplify21.key 
408485     DEBUG main            d.u.i.k.p.i.IntermediateProofReplayer Proof replay took 2.2ns 
409003     INFO  main            d.u.i.k.p.r.p.TestFile    ... finished proof: closed. 
409484     INFO  main            d.u.i.k.p.i.AbstractProblemLoader Loading environment from /home/runner/work/key/key/key.core/../key.ui/examples/standard_key/polySimp/simplify21.key.proof 
409484     DEBUG main            d.u.i.k.p.i.AbstractProblemLoader Environment load took 70.9ns 
409486     INFO  main            d.u.i.k.p.i.AbstractProblemLoader Creating init config 
411667     DEBUG main            d.u.i.k.p.i.AbstractProblemLoader Init config took 2.18s 
411684     INFO  main            d.u.i.k.p.i.AbstractProblemLoader Replaying proof simplify21.key.proof 
411730     DEBUG main            d.u.i.k.p.i.IntermediateProofReplayer Proof replay took 42.74ms 
411732     DEBUG main            d.u.i.k.p.r.p.TestFile    ... success: reloaded. 
411732     INFO  main            d.u.i.k.p.r.p.TestFile    Now processing file /home/runner/work/key/key/key.core/../key.ui/examples/standard_key/polySimp/simplify22.key 
411732     INFO  main            d.u.i.k.p.i.AbstractProblemLoader Loading environment from /home/runner/work/key/key/key.core/../key.ui/examples/standard_key/polySimp/simplify22.key 
411732     DEBUG main            d.u.i.k.p.i.AbstractProblemLoader Environment load took 41.7ns 
411733     INFO  main            d.u.i.k.p.i.AbstractProblemLoader Creating init config 
413948     DEBUG main            d.u.i.k.p.i.AbstractProblemLoader Init config took 2.21s 
413960     INFO  main            d.u.i.k.p.i.AbstractProblemLoader Replaying proof simplify22.key 
413961     DEBUG main            d.u.i.k.p.i.IntermediateProofReplayer Proof replay took 2.2ns 
414062     INFO  main            d.u.i.k.p.r.p.TestFile    ... finished proof: closed. 
414517     INFO  main            d.u.i.k.p.i.AbstractProblemLoader Loading environment from /home/runner/work/key/key/key.core/../key.ui/examples/standard_key/polySimp/simplify22.key.proof 
414517     DEBUG main            d.u.i.k.p.i.AbstractProblemLoader Environment load took 70.6ns 
414518     INFO  main            d.u.i.k.p.i.AbstractProblemLoader Creating init config 
416692     DEBUG main            d.u.i.k.p.i.AbstractProblemLoader Init config took 2.17s 
416704     INFO  main            d.u.i.k.p.i.AbstractProblemLoader Replaying proof simplify22.key.proof 
416707     DEBUG main            d.u.i.k.p.i.IntermediateProofReplayer Proof replay took 2.02ms 
416708     DEBUG main            d.u.i.k.p.r.p.TestFile    ... success: reloaded. 
416708     INFO  main            d.u.i.k.p.r.p.TestFile    Now processing file /home/runner/work/key/key/key.core/../key.ui/examples/standard_key/polySimp/simplify23.key 
416708     INFO  main            d.u.i.k.p.i.AbstractProblemLoader Loading environment from /home/runner/work/key/key/key.core/../key.ui/examples/standard_key/polySimp/simplify23.key 
416708     DEBUG main            d.u.i.k.p.i.AbstractProblemLoader Environment load took 63.2ns 
416709     INFO  main            d.u.i.k.p.i.AbstractProblemLoader Creating init config 
418902     DEBUG main            d.u.i.k.p.i.AbstractProblemLoader Init config took 2.19s 
418914     INFO  main            d.u.i.k.p.i.AbstractProblemLoader Replaying proof simplify23.key 
418915     DEBUG main            d.u.i.k.p.i.IntermediateProofReplayer Proof replay took 2.2ns 
419017     INFO  main            d.u.i.k.p.r.p.TestFile    ... finished proof: closed. 
419467     INFO  main            d.u.i.k.p.i.AbstractProblemLoader Loading environment from /home/runner/work/key/key/key.core/../key.ui/examples/standard_key/polySimp/simplify23.key.proof 
419467     DEBUG main            d.u.i.k.p.i.AbstractProblemLoader Environment load took 71.1ns 
419468     INFO  main            d.u.i.k.p.i.AbstractProblemLoader Creating init config 
421641     DEBUG main            d.u.i.k.p.i.AbstractProblemLoader Init config took 2.17s 
421654     INFO  main            d.u.i.k.p.i.AbstractProblemLoader Replaying proof simplify23.key.proof 
421665     DEBUG main            d.u.i.k.p.i.IntermediateProofReplayer Proof replay took 10.13ms 
421666     DEBUG main            d.u.i.k.p.r.p.TestFile    ... success: reloaded. 
421666     INFO  main            d.u.i.k.p.r.p.TestFile    Now processing file /home/runner/work/key/key/key.core/../key.ui/examples/standard_key/polySimp/simplify24.key 
421667     INFO  main            d.u.i.k.p.i.AbstractProblemLoader Loading environment from /home/runner/work/key/key/key.core/../key.ui/examples/standard_key/polySimp/simplify24.key 
421667     DEBUG main            d.u.i.k.p.i.AbstractProblemLoader Environment load took 38.7ns 
421667     INFO  main            d.u.i.k.p.i.AbstractProblemLoader Creating init config 
423865     DEBUG main            d.u.i.k.p.i.AbstractProblemLoader Init config took 2.2s 
423877     INFO  main            d.u.i.k.p.i.AbstractProblemLoader Replaying proof simplify24.key 
423878     DEBUG main            d.u.i.k.p.i.IntermediateProofReplayer Proof replay took 2.7ns 
423979     INFO  main            d.u.i.k.p.r.p.TestFile    ... finished proof: closed. 
424434     INFO  main            d.u.i.k.p.i.AbstractProblemLoader Loading environment from /home/runner/work/key/key/key.core/../key.ui/examples/standard_key/polySimp/simplify24.key.proof 
424434     DEBUG main            d.u.i.k.p.i.AbstractProblemLoader Environment load took 68.8ns 
424435     INFO  main            d.u.i.k.p.i.AbstractProblemLoader Creating init config 
426606     DEBUG main            d.u.i.k.p.i.AbstractProblemLoader Init config took 2.17s 
426618     INFO  main            d.u.i.k.p.i.AbstractProblemLoader Replaying proof simplify24.key.proof 
426621     DEBUG main            d.u.i.k.p.i.IntermediateProofReplayer Proof replay took 2.21ms 
426622     DEBUG main            d.u.i.k.p.r.p.TestFile    ... success: reloaded. 
426622     INFO  main            d.u.i.k.p.r.p.TestFile    Now processing file /home/runner/work/key/key/key.core/../key.ui/examples/standard_key/polySimp/simplify25.key 
426622     INFO  main            d.u.i.k.p.i.AbstractProblemLoader Loading environment from /home/runner/work/key/key/key.core/../key.ui/examples/standard_key/polySimp/simplify25.key 
426622     DEBUG main            d.u.i.k.p.i.AbstractProblemLoader Environment load took 67.2ns 
426623     INFO  main            d.u.i.k.p.i.AbstractProblemLoader Creating init config 
428811     DEBUG main            d.u.i.k.p.i.AbstractProblemLoader Init config took 2.19s 
428823     INFO  main            d.u.i.k.p.i.AbstractProblemLoader Replaying proof simplify25.key 
428824     DEBUG main            d.u.i.k.p.i.IntermediateProofReplayer Proof replay took 2.9ns 
428925     INFO  main            d.u.i.k.p.r.p.TestFile    ... finished proof: closed. 
429386     INFO  main            d.u.i.k.p.i.AbstractProblemLoader Loading environment from /home/runner/work/key/key/key.core/../key.ui/examples/standard_key/polySimp/simplify25.key.proof 
429386     DEBUG main            d.u.i.k.p.i.AbstractProblemLoader Environment load took 65.8ns 
429387     INFO  main            d.u.i.k.p.i.AbstractProblemLoader Creating init config 
431552     DEBUG main            d.u.i.k.p.i.AbstractProblemLoader Init config took 2.17s 
431564     INFO  main            d.u.i.k.p.i.AbstractProblemLoader Replaying proof simplify25.key.proof 
431567     DEBUG main            d.u.i.k.p.i.IntermediateProofReplayer Proof replay took 2.13ms 
431568     DEBUG main            d.u.i.k.p.r.p.TestFile    ... success: reloaded. 
431568     INFO  main            d.u.i.k.p.r.p.TestFile    Now processing file /home/runner/work/key/key/key.core/../key.ui/examples/standard_key/polySimp/simplify3.key 
431568     INFO  main            d.u.i.k.p.i.AbstractProblemLoader Loading environment from /home/runner/work/key/key/key.core/../key.ui/examples/standard_key/polySimp/simplify3.key 
431568     DEBUG main            d.u.i.k.p.i.AbstractProblemLoader Environment load took 36.5ns 
431569     INFO  main            d.u.i.k.p.i.AbstractProblemLoader Creating init config 
433772     DEBUG main            d.u.i.k.p.i.AbstractProblemLoader Init config took 2.2s 
433784     INFO  main            d.u.i.k.p.i.AbstractProblemLoader Replaying proof simplify3.key 
433785     DEBUG main            d.u.i.k.p.i.IntermediateProofReplayer Proof replay took 2.1ns 
433887     INFO  main            d.u.i.k.p.r.p.TestFile    ... finished proof: closed. 
434344     INFO  main            d.u.i.k.p.i.AbstractProblemLoader Loading environment from /home/runner/work/key/key/key.core/../key.ui/examples/standard_key/polySimp/simplify3.key.proof 
434344     DEBUG main            d.u.i.k.p.i.AbstractProblemLoader Environment load took 68.5ns 
434345     INFO  main            d.u.i.k.p.i.AbstractProblemLoader Creating init config 
436511     DEBUG main            d.u.i.k.p.i.AbstractProblemLoader Init config took 2.17s 
436523     INFO  main            d.u.i.k.p.i.AbstractProblemLoader Replaying proof simplify3.key.proof 
436525     DEBUG main            d.u.i.k.p.i.IntermediateProofReplayer Proof replay took 734.3ns 
436526     DEBUG main            d.u.i.k.p.r.p.TestFile    ... success: reloaded. 
436526     INFO  main            d.u.i.k.p.r.p.TestFile    Now processing file /home/runner/work/key/key/key.core/../key.ui/examples/standard_key/polySimp/simplify4.key 
436526     INFO  main            d.u.i.k.p.i.AbstractProblemLoader Loading environment from /home/runner/work/key/key/key.core/../key.ui/examples/standard_key/polySimp/simplify4.key 
436526     DEBUG main            d.u.i.k.p.i.AbstractProblemLoader Environment load took 57.6ns 
436527     INFO  main            d.u.i.k.p.i.AbstractProblemLoader Creating init config 
438719     DEBUG main            d.u.i.k.p.i.AbstractProblemLoader Init config took 2.19s 
438731     INFO  main            d.u.i.k.p.i.AbstractProblemLoader Replaying proof simplify4.key 
438731     DEBUG main            d.u.i.k.p.i.IntermediateProofReplayer Proof replay took 2ns 
438832     INFO  main            d.u.i.k.p.r.p.TestFile    ... finished proof: closed. 
439287     INFO  main            d.u.i.k.p.i.AbstractProblemLoader Loading environment from /home/runner/work/key/key/key.core/../key.ui/examples/standard_key/polySimp/simplify4.key.proof 
439287     DEBUG main            d.u.i.k.p.i.AbstractProblemLoader Environment load took 66.4ns 
439288     INFO  main            d.u.i.k.p.i.AbstractProblemLoader Creating init config 
441461     DEBUG main            d.u.i.k.p.i.AbstractProblemLoader Init config took 2.17s 
441473     INFO  main            d.u.i.k.p.i.AbstractProblemLoader Replaying proof simplify4.key.proof 
441475     DEBUG main            d.u.i.k.p.i.IntermediateProofReplayer Proof replay took 1ms 
441476     DEBUG main            d.u.i.k.p.r.p.TestFile    ... success: reloaded. 
441476     INFO  main            d.u.i.k.p.r.p.TestFile    Now processing file /home/runner/work/key/key/key.core/../key.ui/examples/standard_key/polySimp/simplify5.key 
441477     INFO  main            d.u.i.k.p.i.AbstractProblemLoader Loading environment from /home/runner/work/key/key/key.core/../key.ui/examples/standard_key/polySimp/simplify5.key 
441477     DEBUG main            d.u.i.k.p.i.AbstractProblemLoader Environment load took 53.9ns 
441477     INFO  main            d.u.i.k.p.i.AbstractProblemLoader Creating init config 
443679     DEBUG main            d.u.i.k.p.i.AbstractProblemLoader Init config took 2.2s 
443691     INFO  main            d.u.i.k.p.i.AbstractProblemLoader Replaying proof simplify5.key 
443692     DEBUG main            d.u.i.k.p.i.IntermediateProofReplayer Proof replay took 2.2ns 
443793     INFO  main            d.u.i.k.p.r.p.TestFile    ... finished proof: closed. 
444258     INFO  main            d.u.i.k.p.i.AbstractProblemLoader Loading environment from /home/runner/work/key/key/key.core/../key.ui/examples/standard_key/polySimp/simplify5.key.proof 
444258     DEBUG main            d.u.i.k.p.i.AbstractProblemLoader Environment load took 66.4ns 
444260     INFO  main            d.u.i.k.p.i.AbstractProblemLoader Creating init config 
446448     DEBUG main            d.u.i.k.p.i.AbstractProblemLoader Init config took 2.19s 
446460     INFO  main            d.u.i.k.p.i.AbstractProblemLoader Replaying proof simplify5.key.proof 
446467     DEBUG main            d.u.i.k.p.i.IntermediateProofReplayer Proof replay took 5.17ms 
446468     DEBUG main            d.u.i.k.p.r.p.TestFile    ... success: reloaded. 
446468     INFO  main            d.u.i.k.p.r.p.TestFile    Now processing file /home/runner/work/key/key/key.core/../key.ui/examples/standard_key/polySimp/simplify6.key 
446468     INFO  main            d.u.i.k.p.i.AbstractProblemLoader Loading environment from /home/runner/work/key/key/key.core/../key.ui/examples/standard_key/polySimp/simplify6.key 
446468     DEBUG main            d.u.i.k.p.i.AbstractProblemLoader Environment load took 38.5ns 
446469     INFO  main            d.u.i.k.p.i.AbstractProblemLoader Creating init config 
448673     DEBUG main            d.u.i.k.p.i.AbstractProblemLoader Init config took 2.2s 
448685     INFO  main            d.u.i.k.p.i.AbstractProblemLoader Replaying proof simplify6.key 
448686     DEBUG main            d.u.i.k.p.i.IntermediateProofReplayer Proof replay took 3.3ns 
448788     INFO  main            d.u.i.k.p.r.p.TestFile    ... finished proof: closed. 
449265     INFO  main            d.u.i.k.p.i.AbstractProblemLoader Loading environment from /home/runner/work/key/key/key.core/../key.ui/examples/standard_key/polySimp/simplify6.key.proof 
449265     DEBUG main            d.u.i.k.p.i.AbstractProblemLoader Environment load took 68.4ns 
449266     INFO  main            d.u.i.k.p.i.AbstractProblemLoader Creating init config 
451432     DEBUG main            d.u.i.k.p.i.AbstractProblemLoader Init config took 2.17s 
451445     INFO  main            d.u.i.k.p.i.AbstractProblemLoader Replaying proof simplify6.key.proof 
451446     DEBUG main            d.u.i.k.p.i.IntermediateProofReplayer Proof replay took 289ns 
451446     DEBUG main            d.u.i.k.p.r.p.TestFile    ... success: reloaded. 
451447     INFO  main            d.u.i.k.p.r.p.TestFile    Now processing file /home/runner/work/key/key/key.core/../key.ui/examples/standard_key/polySimp/simplify7.key 
451447     INFO  main            d.u.i.k.p.i.AbstractProblemLoader Loading environment from /home/runner/work/key/key/key.core/../key.ui/examples/standard_key/polySimp/simplify7.key 
451447     DEBUG main            d.u.i.k.p.i.AbstractProblemLoader Environment load took 49ns 
451448     INFO  main            d.u.i.k.p.i.AbstractProblemLoader Creating init config 
453655     DEBUG main            d.u.i.k.p.i.AbstractProblemLoader Init config took 2.21s 
453667     INFO  main            d.u.i.k.p.i.AbstractProblemLoader Replaying proof simplify7.key 
453668     DEBUG main            d.u.i.k.p.i.IntermediateProofReplayer Proof replay took 2ns 
453769     INFO  main            d.u.i.k.p.r.p.TestFile    ... finished proof: closed. 
454247     INFO  main            d.u.i.k.p.i.AbstractProblemLoader Loading environment from /home/runner/work/key/key/key.core/../key.ui/examples/standard_key/polySimp/simplify7.key.proof 
454247     DEBUG main            d.u.i.k.p.i.AbstractProblemLoader Environment load took 65.5ns 
454248     INFO  main            d.u.i.k.p.i.AbstractProblemLoader Creating init config 
456413     DEBUG main            d.u.i.k.p.i.AbstractProblemLoader Init config took 2.16s 
456425     INFO  main            d.u.i.k.p.i.AbstractProblemLoader Replaying proof simplify7.key.proof 
456427     DEBUG main            d.u.i.k.p.i.IntermediateProofReplayer Proof replay took 507.4ns 
456427     DEBUG main            d.u.i.k.p.r.p.TestFile    ... success: reloaded. 
456428     INFO  main            d.u.i.k.p.r.p.TestFile    Now processing file /home/runner/work/key/key/key.core/../key.ui/examples/standard_key/polySimp/simplify8.key 
456428     INFO  main            d.u.i.k.p.i.AbstractProblemLoader Loading environment from /home/runner/work/key/key/key.core/../key.ui/examples/standard_key/polySimp/simplify8.key 
456428     DEBUG main            d.u.i.k.p.i.AbstractProblemLoader Environment load took 38.1ns 
456431     INFO  main            d.u.i.k.p.i.AbstractProblemLoader Creating init config 
458628     DEBUG main            d.u.i.k.p.i.AbstractProblemLoader Init config took 2.2s 
458640     INFO  main            d.u.i.k.p.i.AbstractProblemLoader Replaying proof simplify8.key 
458641     DEBUG main            d.u.i.k.p.i.IntermediateProofReplayer Proof replay took 2.3ns 
461978     INFO  main            d.u.i.k.p.r.p.TestFile    ... finished proof: closed. 
462484     INFO  main            d.u.i.k.p.i.AbstractProblemLoader Loading environment from /home/runner/work/key/key/key.core/../key.ui/examples/standard_key/polySimp/simplify8.key.proof 
462484     DEBUG main            d.u.i.k.p.i.AbstractProblemLoader Environment load took 72.6ns 
462486     INFO  main            d.u.i.k.p.i.AbstractProblemLoader Creating init config 
464665     DEBUG main            d.u.i.k.p.i.AbstractProblemLoader Init config took 2.18s 
464688     INFO  main            d.u.i.k.p.i.AbstractProblemLoader Replaying proof simplify8.key.proof 
464857     DEBUG main            d.u.i.k.p.i.IntermediateProofReplayer Proof replay took 163.91ms 
464859     DEBUG main            d.u.i.k.p.r.p.TestFile    ... success: reloaded. 
464859     INFO  main            d.u.i.k.p.r.p.TestFile    Now processing file /home/runner/work/key/key/key.core/../key.ui/examples/standard_key/polySimp/simplify9.key 
464859     INFO  main            d.u.i.k.p.i.AbstractProblemLoader Loading environment from /home/runner/work/key/key/key.core/../key.ui/examples/standard_key/polySimp/simplify9.key 
464859     DEBUG main            d.u.i.k.p.i.AbstractProblemLoader Environment load took 41.1ns 
464860     INFO  main            d.u.i.k.p.i.AbstractProblemLoader Creating init config 
467092     DEBUG main            d.u.i.k.p.i.AbstractProblemLoader Init config took 2.23s 
467104     INFO  main            d.u.i.k.p.i.AbstractProblemLoader Replaying proof simplify9.key 
467105     DEBUG main            d.u.i.k.p.i.IntermediateProofReplayer Proof replay took 2.3ns 
467321     INFO  main            d.u.i.k.p.r.p.TestFile    ... finished proof: closed. 
467845     INFO  main            d.u.i.k.p.i.AbstractProblemLoader Loading environment from /home/runner/work/key/key/key.core/../key.ui/examples/standard_key/polySimp/simplify9.key.proof 
467846     DEBUG main            d.u.i.k.p.i.AbstractProblemLoader Environment load took 78.8ns 
467847     INFO  main            d.u.i.k.p.i.AbstractProblemLoader Creating init config 
470019     DEBUG main            d.u.i.k.p.i.AbstractProblemLoader Init config took 2.17s 
470032     INFO  main            d.u.i.k.p.i.AbstractProblemLoader Replaying proof simplify9.key.proof 
470042     DEBUG main            d.u.i.k.p.i.IntermediateProofReplayer Proof replay took 8.67ms 
470043     DEBUG main            d.u.i.k.p.r.p.TestFile    ... success: reloaded. 
2729168    INFO  Test worker     d.u.i.k.p.r.RunAllProofsTestUnit Returning from test arithmetic 
2729169    INFO  Test worker     d.u.i.k.p.r.RunAllProofsTestUnit Running test arrays 
342        INFO  Timeout watchdog d.u.i.k.p.r.p.ForkedTestFileRunner Timeout watcher launched (2000 secs.) 
366        WARN  main            d.u.i.k.s.ProofSettings   The settings in /home/runner/.key/proof-settings.props are *not* read. 
412        INFO  main            d.u.i.k.p.r.p.TestFile    Now processing file /home/runner/work/key/key/key.core/../key.ui/examples/standard_key/arrays/arrayStoreException/array2DimPrim.key 
563        INFO  main            d.u.i.k.p.i.AbstractProblemLoader Loading environment from /home/runner/work/key/key/key.core/../key.ui/examples/standard_key/arrays/arrayStoreException/array2DimPrim.key 
588        DEBUG main            d.u.i.k.p.i.AbstractProblemLoader Environment load took 2.82ms 
879        INFO  main            d.u.i.k.p.i.AbstractProblemLoader Creating init config 
1780       DEBUG main            d.u.i.k.j.TypeConverter   No LDT found for Meta 
1781       DEBUG main            d.u.i.k.j.TypeConverter   No LDT found for Meta 
1784       DEBUG main            d.u.i.k.j.TypeConverter   No LDT found for Meta 
1784       DEBUG main            d.u.i.k.j.TypeConverter   No LDT found for Meta 
3015       DEBUG main            d.u.i.k.j.TypeConverter   No LDT found for JavaBigintExpression 
7539       DEBUG main            d.u.i.k.p.i.AbstractProblemLoader Init config took 6.66s 
7633       INFO  main            d.u.i.k.p.i.AbstractProblemLoader Replaying proof array2DimPrim.key 
7674       DEBUG main            d.u.i.k.p.i.IntermediateProofReplayer Proof replay took 35.6ns 
11498      INFO  main            d.u.i.k.p.r.p.TestFile    ... finished proof: closed. 
11725      INFO  main            d.u.i.k.p.i.AbstractProblemLoader Loading environment from /home/runner/work/key/key/key.core/../key.ui/examples/standard_key/arrays/arrayStoreException/array2DimPrim.key.proof 
11728      DEBUG main            d.u.i.k.p.i.AbstractProblemLoader Environment load took 2.37ms 
11734      INFO  main            d.u.i.k.p.i.AbstractProblemLoader Creating init config 
14260      DEBUG main            d.u.i.k.p.i.AbstractProblemLoader Init config took 2.53s 
14305      INFO  main            d.u.i.k.p.i.AbstractProblemLoader Replaying proof array2DimPrim.key.proof 
14879      DEBUG main            d.u.i.k.p.i.IntermediateProofReplayer Proof replay took 558.72ms 
14893      DEBUG main            d.u.i.k.p.r.p.TestFile    ... success: reloaded. 
14896      INFO  main            d.u.i.k.p.r.p.TestFile    Now processing file /home/runner/work/key/key/key.core/../key.ui/examples/standard_key/arrays/arrayStoreException/arrayStoreKnownDynType.key 
14896      INFO  main            d.u.i.k.p.i.AbstractProblemLoader Loading environment from /home/runner/work/key/key/key.core/../key.ui/examples/standard_key/arrays/arrayStoreException/arrayStoreKnownDynType.key 
14897      DEBUG main            d.u.i.k.p.i.AbstractProblemLoader Environment load took 209.2ns 
14901      INFO  main            d.u.i.k.p.i.AbstractProblemLoader Creating init config 
17396      DEBUG main            d.u.i.k.p.i.AbstractProblemLoader Init config took 2.49s 
17425      INFO  main            d.u.i.k.p.i.AbstractProblemLoader Replaying proof arrayStoreKnownDynType.key 
17428      DEBUG main            d.u.i.k.p.i.IntermediateProofReplayer Proof replay took 5.3ns 
17633      INFO  main            d.u.i.k.p.r.p.TestFile    ... finished proof: closed. 
17858      INFO  main            d.u.i.k.p.i.AbstractProblemLoader Loading environment from /home/runner/work/key/key/key.core/../key.ui/examples/standard_key/arrays/arrayStoreException/arrayStoreKnownDynType.key.proof 
17858      DEBUG main            d.u.i.k.p.i.AbstractProblemLoader Environment load took 122.5ns 
17860      INFO  main            d.u.i.k.p.i.AbstractProblemLoader Creating init config 
20326      DEBUG main            d.u.i.k.p.i.AbstractProblemLoader Init config took 2.47s 
20350      INFO  main            d.u.i.k.p.i.AbstractProblemLoader Replaying proof arrayStoreKnownDynType.key.proof 
20392      DEBUG main            d.u.i.k.p.i.IntermediateProofReplayer Proof replay took 37.65ms 
20393      DEBUG main            d.u.i.k.p.r.p.TestFile    ... success: reloaded. 
20394      INFO  main            d.u.i.k.p.r.p.TestFile    Now processing file /home/runner/work/key/key/key.core/../key.ui/examples/standard_key/arrays/arrayStoreException/reverseArray.key 
20395      INFO  main            d.u.i.k.p.i.AbstractProblemLoader Loading environment from /home/runner/work/key/key/key.core/../key.ui/examples/standard_key/arrays/arrayStoreException/reverseArray.key 
20395      DEBUG main            d.u.i.k.p.i.AbstractProblemLoader Environment load took 206.6ns 
20396      INFO  main            d.u.i.k.p.i.AbstractProblemLoader Creating init config 
22836      DEBUG main            d.u.i.k.p.i.AbstractProblemLoader Init config took 2.44s 
22858      INFO  main            d.u.i.k.p.i.AbstractProblemLoader Replaying proof reverseArray.key 
22861      DEBUG main            d.u.i.k.p.i.IntermediateProofReplayer Proof replay took 5.3ns 
23365      INFO  main            d.u.i.k.p.r.p.TestFile    ... finished proof: closed. 
23523      INFO  main            d.u.i.k.p.i.AbstractProblemLoader Loading environment from /home/runner/work/key/key/key.core/../key.ui/examples/standard_key/arrays/arrayStoreException/reverseArray.key.proof 
23524      DEBUG main            d.u.i.k.p.i.AbstractProblemLoader Environment load took 385.9ns 
23525      INFO  main            d.u.i.k.p.i.AbstractProblemLoader Creating init config 
25897      DEBUG main            d.u.i.k.p.i.AbstractProblemLoader Init config took 2.37s 
25922      INFO  main            d.u.i.k.p.i.AbstractProblemLoader Replaying proof reverseArray.key.proof 
26079      DEBUG main            d.u.i.k.p.i.IntermediateProofReplayer Proof replay took 149.48ms 
26080      DEBUG main            d.u.i.k.p.r.p.TestFile    ... success: reloaded. 
26082      INFO  main            d.u.i.k.p.r.p.TestFile    Now processing file /home/runner/work/key/key/key.core/../key.ui/examples/standard_key/arrays/arrayStoreException/throwArrayStoreException.key 
26082      INFO  main            d.u.i.k.p.i.AbstractProblemLoader Loading environment from /home/runner/work/key/key/key.core/../key.ui/examples/standard_key/arrays/arrayStoreException/throwArrayStoreException.key 
26082      DEBUG main            d.u.i.k.p.i.AbstractProblemLoader Environment load took 202.7ns 
26084      INFO  main            d.u.i.k.p.i.AbstractProblemLoader Creating init config 
28486      DEBUG main            d.u.i.k.p.i.AbstractProblemLoader Init config took 2.4s 
28507      INFO  main            d.u.i.k.p.i.AbstractProblemLoader Replaying proof throwArrayStoreException.key 
28509      DEBUG main            d.u.i.k.p.i.IntermediateProofReplayer Proof replay took 5.5ns 
28914      INFO  main            d.u.i.k.p.r.p.TestFile    ... finished proof: closed. 
29079      INFO  main            d.u.i.k.p.i.AbstractProblemLoader Loading environment from /home/runner/work/key/key/key.core/../key.ui/examples/standard_key/arrays/arrayStoreException/throwArrayStoreException.key.proof 
29080      DEBUG main            d.u.i.k.p.i.AbstractProblemLoader Environment load took 642.3ns 
29081      INFO  main            d.u.i.k.p.i.AbstractProblemLoader Creating init config 
31430      DEBUG main            d.u.i.k.p.i.AbstractProblemLoader Init config took 2.35s 
31450      INFO  main            d.u.i.k.p.i.AbstractProblemLoader Replaying proof throwArrayStoreException.key.proof 
31530      DEBUG main            d.u.i.k.p.i.IntermediateProofReplayer Proof replay took 75.78ms 
31531      DEBUG main            d.u.i.k.p.r.p.TestFile    ... success: reloaded. 
31532      INFO  main            d.u.i.k.p.r.p.TestFile    Now processing file /home/runner/work/key/key/key.core/../key.ui/examples/standard_key/arrays/creation/arrayCreation1.key 
31532      INFO  main            d.u.i.k.p.i.AbstractProblemLoader Loading environment from /home/runner/work/key/key/key.core/../key.ui/examples/standard_key/arrays/creation/arrayCreation1.key 
31533      DEBUG main            d.u.i.k.p.i.AbstractProblemLoader Environment load took 192.5ns 
31534      INFO  main            d.u.i.k.p.i.AbstractProblemLoader Creating init config 
33879      DEBUG main            d.u.i.k.p.i.AbstractProblemLoader Init config took 2.34s 
33897      INFO  main            d.u.i.k.p.i.AbstractProblemLoader Replaying proof arrayCreation1.key 
33899      DEBUG main            d.u.i.k.p.i.IntermediateProofReplayer Proof replay took 5.4ns 
34004      INFO  main            d.u.i.k.p.r.p.TestFile    ... finished proof: closed. 
34157      INFO  main            d.u.i.k.p.i.AbstractProblemLoader Loading environment from /home/runner/work/key/key/key.core/../key.ui/examples/standard_key/arrays/creation/arrayCreation1.key.proof 
34157      DEBUG main            d.u.i.k.p.i.AbstractProblemLoader Environment load took 112.3ns 
34158      INFO  main            d.u.i.k.p.i.AbstractProblemLoader Creating init config 
36541      DEBUG main            d.u.i.k.p.i.AbstractProblemLoader Init config took 2.38s 
36561      INFO  main            d.u.i.k.p.i.AbstractProblemLoader Replaying proof arrayCreation1.key.proof 
36585      DEBUG main            d.u.i.k.p.i.IntermediateProofReplayer Proof replay took 21.38ms 
36586      DEBUG main            d.u.i.k.p.r.p.TestFile    ... success: reloaded. 
36587      INFO  main            d.u.i.k.p.r.p.TestFile    Now processing file /home/runner/work/key/key/key.core/../key.ui/examples/standard_key/arrays/arrayStoreException/array2Dim.key 
36587      INFO  main            d.u.i.k.p.i.AbstractProblemLoader Loading environment from /home/runner/work/key/key/key.core/../key.ui/examples/standard_key/arrays/arrayStoreException/array2Dim.key 
36587      DEBUG main            d.u.i.k.p.i.AbstractProblemLoader Environment load took 76.2ns 
36588      INFO  main            d.u.i.k.p.i.AbstractProblemLoader Creating init config 
38951      DEBUG main            d.u.i.k.p.i.AbstractProblemLoader Init config took 2.36s 
38971      INFO  main            d.u.i.k.p.i.AbstractProblemLoader Replaying proof array2Dim.key 
38972      DEBUG main            d.u.i.k.p.i.IntermediateProofReplayer Proof replay took 5.8ns 
42042      INFO  main            d.u.i.k.p.r.p.TestFile    ... finished proof: open goal(s) 
42283      INFO  main            d.u.i.k.p.r.p.TestFile    Now processing file /home/runner/work/key/key/key.core/../key.ui/examples/standard_key/arrays/arrayStoreException/array2DimClose.key 
42283      INFO  main            d.u.i.k.p.i.AbstractProblemLoader Loading environment from /home/runner/work/key/key/key.core/../key.ui/examples/standard_key/arrays/arrayStoreException/array2DimClose.key 
42283      DEBUG main            d.u.i.k.p.i.AbstractProblemLoader Environment load took 62.8ns 
42285      INFO  main            d.u.i.k.p.i.AbstractProblemLoader Creating init config 
44573      DEBUG main            d.u.i.k.p.i.AbstractProblemLoader Init config took 2.29s 
44593      INFO  main            d.u.i.k.p.i.AbstractProblemLoader Replaying proof array2DimClose.key 
44594      DEBUG main            d.u.i.k.p.i.IntermediateProofReplayer Proof replay took 9.9ns 
46705      INFO  main            d.u.i.k.p.r.p.TestFile    ... finished proof: open goal(s) 
47019      INFO  main            d.u.i.k.p.r.p.TestFile    Now processing file /home/runner/work/key/key/key.core/../key.ui/examples/standard_key/arrays/arrayStoreException/throwASEForPrim.key 
47019      INFO  main            d.u.i.k.p.i.AbstractProblemLoader Loading environment from /home/runner/work/key/key/key.core/../key.ui/examples/standard_key/arrays/arrayStoreException/throwASEForPrim.key 
47019      DEBUG main            d.u.i.k.p.i.AbstractProblemLoader Environment load took 60.8ns 
47020      INFO  main            d.u.i.k.p.i.AbstractProblemLoader Creating init config 
49291      DEBUG main            d.u.i.k.p.i.AbstractProblemLoader Init config took 2.27s 
49309      INFO  main            d.u.i.k.p.i.AbstractProblemLoader Replaying proof throwASEForPrim.key 
49311      DEBUG main            d.u.i.k.p.i.IntermediateProofReplayer Proof replay took 5.6ns 
53601      INFO  main            d.u.i.k.p.r.p.TestFile    ... finished proof: open goal(s) 
2783128    INFO  Test worker     d.u.i.k.p.r.RunAllProofsTestUnit Returning from test arrays 
2783129    INFO  Test worker     d.u.i.k.p.r.RunAllProofsTestUnit Running test javadl 
384        INFO  Timeout watchdog d.u.i.k.p.r.p.ForkedTestFileRunner Timeout watcher launched (2000 secs.) 
405        WARN  main            d.u.i.k.s.ProofSettings   The settings in /home/runner/.key/proof-settings.props are *not* read. 
432        INFO  main            d.u.i.k.p.r.p.TestFile    Now processing file /home/runner/work/key/key/key.core/../key.ui/examples/standard_key/instanceCreation/instanceCreation1.key 
561        INFO  main            d.u.i.k.p.i.AbstractProblemLoader Loading environment from /home/runner/work/key/key/key.core/../key.ui/examples/standard_key/instanceCreation/instanceCreation1.key 
583        DEBUG main            d.u.i.k.p.i.AbstractProblemLoader Environment load took 2.02ms 
856        INFO  main            d.u.i.k.p.i.AbstractProblemLoader Creating init config 
1609       DEBUG main            d.u.i.k.j.TypeConverter   No LDT found for Meta 
1609       DEBUG main            d.u.i.k.j.TypeConverter   No LDT found for Meta 
1610       DEBUG main            d.u.i.k.j.TypeConverter   No LDT found for Meta 
1611       DEBUG main            d.u.i.k.j.TypeConverter   No LDT found for Meta 
2910       DEBUG main            d.u.i.k.j.TypeConverter   No LDT found for JavaBigintExpression 
8383       DEBUG main            d.u.i.k.p.i.AbstractProblemLoader Init config took 7.53s 
8453       INFO  main            d.u.i.k.p.i.AbstractProblemLoader Replaying proof instanceCreation1.key 
8486       DEBUG main            d.u.i.k.p.i.IntermediateProofReplayer Proof replay took 31.2ns 
9413       INFO  main            d.u.i.k.p.r.p.TestFile    ... finished proof: closed. 
9558       INFO  main            d.u.i.k.p.i.AbstractProblemLoader Loading environment from /home/runner/work/key/key/key.core/../key.ui/examples/standard_key/instanceCreation/instanceCreation1.key.proof 
9561       DEBUG main            d.u.i.k.p.i.AbstractProblemLoader Environment load took 3.02ms 
9565       INFO  main            d.u.i.k.p.i.AbstractProblemLoader Creating init config 
12401      DEBUG main            d.u.i.k.p.i.AbstractProblemLoader Init config took 2.84s 
12452      INFO  main            d.u.i.k.p.i.AbstractProblemLoader Replaying proof instanceCreation1.key.proof 
12555      DEBUG main            d.u.i.k.p.i.IntermediateProofReplayer Proof replay took 96.92ms 
12569      DEBUG main            d.u.i.k.p.r.p.TestFile    ... success: reloaded. 
12577      INFO  main            d.u.i.k.p.r.p.TestFile    Now processing file /home/runner/work/key/key/key.core/../key.ui/examples/standard_key/instanceCreation/instanceCreation2.key 
12586      INFO  main            d.u.i.k.p.i.AbstractProblemLoader Loading environment from /home/runner/work/key/key/key.core/../key.ui/examples/standard_key/instanceCreation/instanceCreation2.key 
12587      DEBUG main            d.u.i.k.p.i.AbstractProblemLoader Environment load took 319.9ns 
12589      INFO  main            d.u.i.k.p.i.AbstractProblemLoader Creating init config 
15368      DEBUG main            d.u.i.k.p.i.AbstractProblemLoader Init config took 2.78s 
15397      INFO  main            d.u.i.k.p.i.AbstractProblemLoader Replaying proof instanceCreation2.key 
15404      DEBUG main            d.u.i.k.p.i.IntermediateProofReplayer Proof replay took 6.6ns 
16017      INFO  main            d.u.i.k.p.r.p.TestFile    ... finished proof: closed. 
16195      INFO  main            d.u.i.k.p.i.AbstractProblemLoader Loading environment from /home/runner/work/key/key/key.core/../key.ui/examples/standard_key/instanceCreation/instanceCreation2.key.proof 
16195      DEBUG main            d.u.i.k.p.i.AbstractProblemLoader Environment load took 391.6ns 
16197      INFO  main            d.u.i.k.p.i.AbstractProblemLoader Creating init config 
18860      DEBUG main            d.u.i.k.p.i.AbstractProblemLoader Init config took 2.66s 
18887      INFO  main            d.u.i.k.p.i.AbstractProblemLoader Replaying proof instanceCreation2.key.proof 
18987      DEBUG main            d.u.i.k.p.i.IntermediateProofReplayer Proof replay took 95.07ms 
18989      DEBUG main            d.u.i.k.p.r.p.TestFile    ... success: reloaded. 
18990      INFO  main            d.u.i.k.p.r.p.TestFile    Now processing file /home/runner/work/key/key/key.core/../key.ui/examples/standard_key/instanceCreation/interfacesAndAbstractClassesHaveNoInstances.key 
18990      INFO  main            d.u.i.k.p.i.AbstractProblemLoader Loading environment from /home/runner/work/key/key/key.core/../key.ui/examples/standard_key/instanceCreation/interfacesAndAbstractClassesHaveNoInstances.key 
18991      DEBUG main            d.u.i.k.p.i.AbstractProblemLoader Environment load took 205.3ns 
18993      INFO  main            d.u.i.k.p.i.AbstractProblemLoader Creating init config 
21668      DEBUG main            d.u.i.k.p.i.AbstractProblemLoader Init config took 2.67s 
21687      INFO  main            d.u.i.k.p.i.AbstractProblemLoader Replaying proof interfacesAndAbstractClassesHaveNoInstances.key 
21691      DEBUG main            d.u.i.k.p.i.IntermediateProofReplayer Proof replay took 5.7ns 
21794      INFO  main            d.u.i.k.p.r.p.TestFile    ... finished proof: closed. 
21934      INFO  main            d.u.i.k.p.i.AbstractProblemLoader Loading environment from /home/runner/work/key/key/key.core/../key.ui/examples/standard_key/instanceCreation/interfacesAndAbstractClassesHaveNoInstances.key.proof 
21934      DEBUG main            d.u.i.k.p.i.AbstractProblemLoader Environment load took 115.6ns 
21938      INFO  main            d.u.i.k.p.i.AbstractProblemLoader Creating init config 
24492      DEBUG main            d.u.i.k.p.i.AbstractProblemLoader Init config took 2.55s 
24511      INFO  main            d.u.i.k.p.i.AbstractProblemLoader Replaying proof interfacesAndAbstractClassesHaveNoInstances.key.proof 
24514      DEBUG main            d.u.i.k.p.i.IntermediateProofReplayer Proof replay took 1.03ms 
24515      DEBUG main            d.u.i.k.p.r.p.TestFile    ... success: reloaded. 
24516      INFO  main            d.u.i.k.p.r.p.TestFile    Now processing file /home/runner/work/key/key/key.core/../key.ui/examples/standard_key/instanceCreation/successiveCreatedObjectsAreDistinct.key 
24516      INFO  main            d.u.i.k.p.i.AbstractProblemLoader Loading environment from /home/runner/work/key/key/key.core/../key.ui/examples/standard_key/instanceCreation/successiveCreatedObjectsAreDistinct.key 
24516      DEBUG main            d.u.i.k.p.i.AbstractProblemLoader Environment load took 168ns 
24517      INFO  main            d.u.i.k.p.i.AbstractProblemLoader Creating init config 
27131      DEBUG main            d.u.i.k.p.i.AbstractProblemLoader Init config took 2.61s 
27152      INFO  main            d.u.i.k.p.i.AbstractProblemLoader Replaying proof successiveCreatedObjectsAreDistinct.key 
27153      DEBUG main            d.u.i.k.p.i.IntermediateProofReplayer Proof replay took 5.5ns 
27456      INFO  main            d.u.i.k.p.r.p.TestFile    ... finished proof: closed. 
27679      INFO  main            d.u.i.k.p.i.AbstractProblemLoader Loading environment from /home/runner/work/key/key/key.core/../key.ui/examples/standard_key/instanceCreation/successiveCreatedObjectsAreDistinct.key.proof 
27680      DEBUG main            d.u.i.k.p.i.AbstractProblemLoader Environment load took 455.4ns 
27681      INFO  main            d.u.i.k.p.i.AbstractProblemLoader Creating init config 
30229      DEBUG main            d.u.i.k.p.i.AbstractProblemLoader Init config took 2.55s 
30265      INFO  main            d.u.i.k.p.i.AbstractProblemLoader Replaying proof successiveCreatedObjectsAreDistinct.key.proof 
30327      DEBUG main            d.u.i.k.p.i.IntermediateProofReplayer Proof replay took 59.3ms 
30328      DEBUG main            d.u.i.k.p.r.p.TestFile    ... success: reloaded. 
30329      INFO  main            d.u.i.k.p.r.p.TestFile    Now processing file /home/runner/work/key/key/key.core/../key.ui/examples/standard_key/instanceCreation/testOverloadingConstructors.key 
30329      INFO  main            d.u.i.k.p.i.AbstractProblemLoader Loading environment from /home/runner/work/key/key/key.core/../key.ui/examples/standard_key/instanceCreation/testOverloadingConstructors.key 
30329      DEBUG main            d.u.i.k.p.i.AbstractProblemLoader Environment load took 83ns 
30330      INFO  main            d.u.i.k.p.i.AbstractProblemLoader Creating init config 
32858      DEBUG main            d.u.i.k.p.i.AbstractProblemLoader Init config took 2.53s 
32901      INFO  main            d.u.i.k.p.i.AbstractProblemLoader Replaying proof testOverloadingConstructors.key 
32905      DEBUG main            d.u.i.k.p.i.IntermediateProofReplayer Proof replay took 6.5ns 
33208      INFO  main            d.u.i.k.p.r.p.TestFile    ... finished proof: closed. 
33373      INFO  main            d.u.i.k.p.i.AbstractProblemLoader Loading environment from /home/runner/work/key/key/key.core/../key.ui/examples/standard_key/instanceCreation/testOverloadingConstructors.key.proof 
33373      DEBUG main            d.u.i.k.p.i.AbstractProblemLoader Environment load took 112.2ns 
33375      INFO  main            d.u.i.k.p.i.AbstractProblemLoader Creating init config 
35897      DEBUG main            d.u.i.k.p.i.AbstractProblemLoader Init config took 2.52s 
35916      INFO  main            d.u.i.k.p.i.AbstractProblemLoader Replaying proof testOverloadingConstructors.key.proof 
35966      DEBUG main            d.u.i.k.p.i.IntermediateProofReplayer Proof replay took 46.51ms 
35967      DEBUG main            d.u.i.k.p.r.p.TestFile    ... success: reloaded. 
35968      INFO  main            d.u.i.k.p.r.p.TestFile    Now processing file /home/runner/work/key/key/key.core/../key.ui/examples/standard_key/java_dl/SimpleAttributes.key 
35968      INFO  main            d.u.i.k.p.i.AbstractProblemLoader Loading environment from /home/runner/work/key/key/key.core/../key.ui/examples/standard_key/java_dl/SimpleAttributes.key 
35968      DEBUG main            d.u.i.k.p.i.AbstractProblemLoader Environment load took 87.4ns 
35969      INFO  main            d.u.i.k.p.i.AbstractProblemLoader Creating init config 
38483      DEBUG main            d.u.i.k.p.i.AbstractProblemLoader Init config took 2.51s 
38503      INFO  main            d.u.i.k.p.i.AbstractProblemLoader Replaying proof SimpleAttributes.key 
38504      DEBUG main            d.u.i.k.p.i.IntermediateProofReplayer Proof replay took 5.6ns 
38608      INFO  main            d.u.i.k.p.r.p.TestFile    ... finished proof: closed. 
38764      INFO  main            d.u.i.k.p.i.AbstractProblemLoader Loading environment from /home/runner/work/key/key/key.core/../key.ui/examples/standard_key/java_dl/SimpleAttributes.key.proof 
38764      DEBUG main            d.u.i.k.p.i.AbstractProblemLoader Environment load took 107.5ns 
38765      INFO  main            d.u.i.k.p.i.AbstractProblemLoader Creating init config 
41223      DEBUG main            d.u.i.k.p.i.AbstractProblemLoader Init config took 2.46s 
41242      INFO  main            d.u.i.k.p.i.AbstractProblemLoader Replaying proof SimpleAttributes.key.proof 
41264      DEBUG main            d.u.i.k.p.i.IntermediateProofReplayer Proof replay took 20.04ms 
41265      DEBUG main            d.u.i.k.p.r.p.TestFile    ... success: reloaded. 
41266      INFO  main            d.u.i.k.p.r.p.TestFile    Now processing file /home/runner/work/key/key/key.core/../key.ui/examples/standard_key/java_dl/arrayMax.key 
41266      INFO  main            d.u.i.k.p.i.AbstractProblemLoader Loading environment from /home/runner/work/key/key/key.core/../key.ui/examples/standard_key/java_dl/arrayMax.key 
41266      DEBUG main            d.u.i.k.p.i.AbstractProblemLoader Environment load took 166.4ns 
41268      INFO  main            d.u.i.k.p.i.AbstractProblemLoader Creating init config 
43804      DEBUG main            d.u.i.k.p.i.AbstractProblemLoader Init config took 2.54s 
43822      INFO  main            d.u.i.k.p.i.AbstractProblemLoader Replaying proof arrayMax.key 
43824      DEBUG main            d.u.i.k.p.i.IntermediateProofReplayer Proof replay took 5.3ns 
45134      INFO  main            d.u.i.k.p.r.p.TestFile    ... finished proof: closed. 
45318      INFO  main            d.u.i.k.p.i.AbstractProblemLoader Loading environment from /home/runner/work/key/key/key.core/../key.ui/examples/standard_key/java_dl/arrayMax.key.proof 
45318      DEBUG main            d.u.i.k.p.i.AbstractProblemLoader Environment load took 393.8ns 
45320      INFO  main            d.u.i.k.p.i.AbstractProblemLoader Creating init config 
47785      DEBUG main            d.u.i.k.p.i.AbstractProblemLoader Init config took 2.46s 
47805      INFO  main            d.u.i.k.p.i.AbstractProblemLoader Replaying proof arrayMax.key.proof 
48044      DEBUG main            d.u.i.k.p.i.IntermediateProofReplayer Proof replay took 232.31ms 
48046      DEBUG main            d.u.i.k.p.r.p.TestFile    ... success: reloaded. 
48047      INFO  main            d.u.i.k.p.r.p.TestFile    Now processing file /home/runner/work/key/key/key.core/../key.ui/examples/standard_key/java_dl/arrayUpdateSimp.key 
48048      INFO  main            d.u.i.k.p.i.AbstractProblemLoader Loading environment from /home/runner/work/key/key/key.core/../key.ui/examples/standard_key/java_dl/arrayUpdateSimp.key 
48048      DEBUG main            d.u.i.k.p.i.AbstractProblemLoader Environment load took 178.8ns 
48050      INFO  main            d.u.i.k.p.i.AbstractProblemLoader Creating init config 
48073      WARN  main            d.u.i.k.j.r.KeYCrossReferenceNameInfo Datatype java.io.InputStream declared twice: Once in FILE:/home/runner/work/key/key/key.core/../key.ui/examples/standard_key/java_dl/./classpath/InputStream.java and once in URL:file:/home/runner/work/key/key/key.core/build/resources/main/de/uka/ilkd/key/java/JavaRedux/java/io/InputStream.java, Keeping one from URL:file:/home/runner/work/key/key/key.core/build/resources/main/de/uka/ilkd/key/java/JavaRedux/java/io/InputStream.java 
48073      WARN  main            d.u.i.k.j.r.KeYCrossReferenceNameInfo Datatype java.lang.System declared twice: Once in FILE:/home/runner/work/key/key/key.core/../key.ui/examples/standard_key/java_dl/./classpath/System.java and once in URL:file:/home/runner/work/key/key/key.core/build/resources/main/de/uka/ilkd/key/java/JavaRedux/java/lang/System.java, Keeping one from URL:file:/home/runner/work/key/key/key.core/build/resources/main/de/uka/ilkd/key/java/JavaRedux/java/lang/System.java 
48073      WARN  main            d.u.i.k.j.r.KeYCrossReferenceNameInfo Datatype java.io.PrintStream declared twice: Once in FILE:/home/runner/work/key/key/key.core/../key.ui/examples/standard_key/java_dl/./classpath/PrintStream.java and once in URL:file:/home/runner/work/key/key/key.core/build/resources/main/de/uka/ilkd/key/java/JavaRedux/java/io/PrintStream.java, Keeping one from URL:file:/home/runner/work/key/key/key.core/build/resources/main/de/uka/ilkd/key/java/JavaRedux/java/io/PrintStream.java 
48079      DEBUG main            d.u.i.k.j.r.ClassFileDeclarationBuilder Parsing: package java.io; public class Closeable { } 
48079      DEBUG main            r.s.KeYCrossReferenceSourceInfo Dynamically created class: java.io.Closeable 
50543      DEBUG main            d.u.i.k.p.i.AbstractProblemLoader Init config took 2.49s 
50561      INFO  main            d.u.i.k.p.i.AbstractProblemLoader Replaying proof arrayUpdateSimp.key 
50562      DEBUG main            d.u.i.k.p.i.IntermediateProofReplayer Proof replay took 5.5ns 
50668      INFO  main            d.u.i.k.p.r.p.TestFile    ... finished proof: closed. 
50850      INFO  main            d.u.i.k.p.i.AbstractProblemLoader Loading environment from /home/runner/work/key/key/key.core/../key.ui/examples/standard_key/java_dl/arrayUpdateSimp.key.proof 
50850      DEBUG main            d.u.i.k.p.i.AbstractProblemLoader Environment load took 122.5ns 
50855      INFO  main            d.u.i.k.p.i.AbstractProblemLoader Creating init config 
50876      WARN  main            d.u.i.k.j.r.KeYCrossReferenceNameInfo Datatype java.io.InputStream declared twice: Once in FILE:/home/runner/work/key/key/key.core/../key.ui/examples/standard_key/java_dl/classpath/InputStream.java and once in URL:file:/home/runner/work/key/key/key.core/build/resources/main/de/uka/ilkd/key/java/JavaRedux/java/io/InputStream.java, Keeping one from URL:file:/home/runner/work/key/key/key.core/build/resources/main/de/uka/ilkd/key/java/JavaRedux/java/io/InputStream.java 
50876      WARN  main            d.u.i.k.j.r.KeYCrossReferenceNameInfo Datatype java.lang.System declared twice: Once in FILE:/home/runner/work/key/key/key.core/../key.ui/examples/standard_key/java_dl/classpath/System.java and once in URL:file:/home/runner/work/key/key/key.core/build/resources/main/de/uka/ilkd/key/java/JavaRedux/java/lang/System.java, Keeping one from URL:file:/home/runner/work/key/key/key.core/build/resources/main/de/uka/ilkd/key/java/JavaRedux/java/lang/System.java 
50876      WARN  main            d.u.i.k.j.r.KeYCrossReferenceNameInfo Datatype java.io.PrintStream declared twice: Once in FILE:/home/runner/work/key/key/key.core/../key.ui/examples/standard_key/java_dl/classpath/PrintStream.java and once in URL:file:/home/runner/work/key/key/key.core/build/resources/main/de/uka/ilkd/key/java/JavaRedux/java/io/PrintStream.java, Keeping one from URL:file:/home/runner/work/key/key/key.core/build/resources/main/de/uka/ilkd/key/java/JavaRedux/java/io/PrintStream.java 
50880      DEBUG main            d.u.i.k.j.r.ClassFileDeclarationBuilder Parsing: package java.io; public class Closeable { } 
50880      DEBUG main            r.s.KeYCrossReferenceSourceInfo Dynamically created class: java.io.Closeable 
53362      DEBUG main            d.u.i.k.p.i.AbstractProblemLoader Init config took 2.51s 
53381      INFO  main            d.u.i.k.p.i.AbstractProblemLoader Replaying proof arrayUpdateSimp.key.proof 
53383      DEBUG main            d.u.i.k.p.i.IntermediateProofReplayer Proof replay took 463.8ns 
53384      DEBUG main            d.u.i.k.p.r.p.TestFile    ... success: reloaded. 
53385      INFO  main            d.u.i.k.p.r.p.TestFile    Now processing file /home/runner/work/key/key/key.core/../key.ui/examples/standard_key/java_dl/attributes.key 
53386      INFO  main            d.u.i.k.p.i.AbstractProblemLoader Loading environment from /home/runner/work/key/key/key.core/../key.ui/examples/standard_key/java_dl/attributes.key 
53386      DEBUG main            d.u.i.k.p.i.AbstractProblemLoader Environment load took 162.4ns 
53387      INFO  main            d.u.i.k.p.i.AbstractProblemLoader Creating init config 
55853      DEBUG main            d.u.i.k.p.i.AbstractProblemLoader Init config took 2.47s 
55868      INFO  main            d.u.i.k.p.i.AbstractProblemLoader Replaying proof attributes.key 
55870      DEBUG main            d.u.i.k.p.i.IntermediateProofReplayer Proof replay took 5.6ns 
56072      INFO  main            d.u.i.k.p.r.p.TestFile    ... finished proof: closed. 
56319      INFO  main            d.u.i.k.p.i.AbstractProblemLoader Loading environment from /home/runner/work/key/key/key.core/../key.ui/examples/standard_key/java_dl/attributes.key.proof 
56319      DEBUG main            d.u.i.k.p.i.AbstractProblemLoader Environment load took 113.3ns 
56320      INFO  main            d.u.i.k.p.i.AbstractProblemLoader Creating init config 
58784      DEBUG main            d.u.i.k.p.i.AbstractProblemLoader Init config took 2.46s 
58800      INFO  main            d.u.i.k.p.i.AbstractProblemLoader Replaying proof attributes.key.proof 
58839      DEBUG main            d.u.i.k.p.i.IntermediateProofReplayer Proof replay took 34.98ms 
58840      DEBUG main            d.u.i.k.p.r.p.TestFile    ... success: reloaded. 
58842      INFO  main            d.u.i.k.p.r.p.TestFile    Now processing file /home/runner/work/key/key/key.core/../key.ui/examples/standard_key/java_dl/break.key 
58843      INFO  main            d.u.i.k.p.i.AbstractProblemLoader Loading environment from /home/runner/work/key/key/key.core/../key.ui/examples/standard_key/java_dl/break.key 
58843      DEBUG main            d.u.i.k.p.i.AbstractProblemLoader Environment load took 180.3ns 
58844      INFO  main            d.u.i.k.p.i.AbstractProblemLoader Creating init config 
58864      WARN  main            d.u.i.k.j.r.KeYCrossReferenceNameInfo Datatype java.io.InputStream declared twice: Once in FILE:/home/runner/work/key/key/key.core/../key.ui/examples/standard_key/java_dl/classpath/InputStream.java and once in URL:file:/home/runner/work/key/key/key.core/build/resources/main/de/uka/ilkd/key/java/JavaRedux/java/io/InputStream.java, Keeping one from URL:file:/home/runner/work/key/key/key.core/build/resources/main/de/uka/ilkd/key/java/JavaRedux/java/io/InputStream.java 
58865      WARN  main            d.u.i.k.j.r.KeYCrossReferenceNameInfo Datatype java.lang.System declared twice: Once in FILE:/home/runner/work/key/key/key.core/../key.ui/examples/standard_key/java_dl/classpath/System.java and once in URL:file:/home/runner/work/key/key/key.core/build/resources/main/de/uka/ilkd/key/java/JavaRedux/java/lang/System.java, Keeping one from URL:file:/home/runner/work/key/key/key.core/build/resources/main/de/uka/ilkd/key/java/JavaRedux/java/lang/System.java 
58865      WARN  main            d.u.i.k.j.r.KeYCrossReferenceNameInfo Datatype java.io.PrintStream declared twice: Once in FILE:/home/runner/work/key/key/key.core/../key.ui/examples/standard_key/java_dl/classpath/PrintStream.java and once in URL:file:/home/runner/work/key/key/key.core/build/resources/main/de/uka/ilkd/key/java/JavaRedux/java/io/PrintStream.java, Keeping one from URL:file:/home/runner/work/key/key/key.core/build/resources/main/de/uka/ilkd/key/java/JavaRedux/java/io/PrintStream.java 
58872      DEBUG main            d.u.i.k.j.r.ClassFileDeclarationBuilder Parsing: package java.io; public class Closeable { } 
58872      DEBUG main            r.s.KeYCrossReferenceSourceInfo Dynamically created class: java.io.Closeable 
61363      DEBUG main            d.u.i.k.p.i.AbstractProblemLoader Init config took 2.52s 
61378      INFO  main            d.u.i.k.p.i.AbstractProblemLoader Replaying proof break.key 
61379      DEBUG main            d.u.i.k.p.i.IntermediateProofReplayer Proof replay took 6ns 
61481      INFO  main            d.u.i.k.p.r.p.TestFile    ... finished proof: closed. 
61652      INFO  main            d.u.i.k.p.i.AbstractProblemLoader Loading environment from /home/runner/work/key/key/key.core/../key.ui/examples/standard_key/java_dl/break.key.proof 
61652      DEBUG main            d.u.i.k.p.i.AbstractProblemLoader Environment load took 101.8ns 
61653      INFO  main            d.u.i.k.p.i.AbstractProblemLoader Creating init config 
61674      WARN  main            d.u.i.k.j.r.KeYCrossReferenceNameInfo Datatype java.io.InputStream declared twice: Once in FILE:/home/runner/work/key/key/key.core/../key.ui/examples/standard_key/java_dl/classpath/InputStream.java and once in URL:file:/home/runner/work/key/key/key.core/build/resources/main/de/uka/ilkd/key/java/JavaRedux/java/io/InputStream.java, Keeping one from URL:file:/home/runner/work/key/key/key.core/build/resources/main/de/uka/ilkd/key/java/JavaRedux/java/io/InputStream.java 
61675      WARN  main            d.u.i.k.j.r.KeYCrossReferenceNameInfo Datatype java.lang.System declared twice: Once in FILE:/home/runner/work/key/key/key.core/../key.ui/examples/standard_key/java_dl/classpath/System.java and once in URL:file:/home/runner/work/key/key/key.core/build/resources/main/de/uka/ilkd/key/java/JavaRedux/java/lang/System.java, Keeping one from URL:file:/home/runner/work/key/key/key.core/build/resources/main/de/uka/ilkd/key/java/JavaRedux/java/lang/System.java 
61675      WARN  main            d.u.i.k.j.r.KeYCrossReferenceNameInfo Datatype java.io.PrintStream declared twice: Once in FILE:/home/runner/work/key/key/key.core/../key.ui/examples/standard_key/java_dl/classpath/PrintStream.java and once in URL:file:/home/runner/work/key/key/key.core/build/resources/main/de/uka/ilkd/key/java/JavaRedux/java/io/PrintStream.java, Keeping one from URL:file:/home/runner/work/key/key/key.core/build/resources/main/de/uka/ilkd/key/java/JavaRedux/java/io/PrintStream.java 
61678      DEBUG main            d.u.i.k.j.r.ClassFileDeclarationBuilder Parsing: package java.io; public class Closeable { } 
61678      DEBUG main            r.s.KeYCrossReferenceSourceInfo Dynamically created class: java.io.Closeable 
64043      DEBUG main            d.u.i.k.p.i.AbstractProblemLoader Init config took 2.39s 
64059      INFO  main            d.u.i.k.p.i.AbstractProblemLoader Replaying proof break.key.proof 
64067      DEBUG main            d.u.i.k.p.i.IntermediateProofReplayer Proof replay took 6.81ms 
64068      DEBUG main            d.u.i.k.p.r.p.TestFile    ... success: reloaded. 
64069      INFO  main            d.u.i.k.p.r.p.TestFile    Now processing file /home/runner/work/key/key/key.core/../key.ui/examples/standard_key/java_dl/char.key 
64069      INFO  main            d.u.i.k.p.i.AbstractProblemLoader Loading environment from /home/runner/work/key/key/key.core/../key.ui/examples/standard_key/java_dl/char.key 
64069      DEBUG main            d.u.i.k.p.i.AbstractProblemLoader Environment load took 80.9ns 
64070      INFO  main            d.u.i.k.p.i.AbstractProblemLoader Creating init config 
66489      DEBUG main            d.u.i.k.p.i.AbstractProblemLoader Init config took 2.42s 
66504      INFO  main            d.u.i.k.p.i.AbstractProblemLoader Replaying proof char.key 
66505      DEBUG main            d.u.i.k.p.i.IntermediateProofReplayer Proof replay took 5.8ns 
66616      INFO  main            d.u.i.k.p.r.p.TestFile    ... finished proof: closed. 
66791      INFO  main            d.u.i.k.p.i.AbstractProblemLoader Loading environment from /home/runner/work/key/key/key.core/../key.ui/examples/standard_key/java_dl/char.key.proof 
66791      DEBUG main            d.u.i.k.p.i.AbstractProblemLoader Environment load took 106.1ns 
66792      INFO  main            d.u.i.k.p.i.AbstractProblemLoader Creating init config 
69170      DEBUG main            d.u.i.k.p.i.AbstractProblemLoader Init config took 2.38s 
69185      INFO  main            d.u.i.k.p.i.AbstractProblemLoader Replaying proof char.key.proof 
69189      DEBUG main            d.u.i.k.p.i.IntermediateProofReplayer Proof replay took 2.54ms 
69190      DEBUG main            d.u.i.k.p.r.p.TestFile    ... success: reloaded. 
69191      INFO  main            d.u.i.k.p.r.p.TestFile    Now processing file /home/runner/work/key/key/key.core/../key.ui/examples/standard_key/java_dl/compileTimeConstants.key 
69191      INFO  main            d.u.i.k.p.i.AbstractProblemLoader Loading environment from /home/runner/work/key/key/key.core/../key.ui/examples/standard_key/java_dl/compileTimeConstants.key 
69191      DEBUG main            d.u.i.k.p.i.AbstractProblemLoader Environment load took 181.3ns 
69192      INFO  main            d.u.i.k.p.i.AbstractProblemLoader Creating init config 
71653      DEBUG main            d.u.i.k.p.i.AbstractProblemLoader Init config took 2.46s 
71668      INFO  main            d.u.i.k.p.i.AbstractProblemLoader Replaying proof compileTimeConstants.key 
71669      DEBUG main            d.u.i.k.p.i.IntermediateProofReplayer Proof replay took 5.8ns 
71771      INFO  main            d.u.i.k.p.r.p.TestFile    ... finished proof: closed. 
71960      INFO  main            d.u.i.k.p.i.AbstractProblemLoader Loading environment from /home/runner/work/key/key/key.core/../key.ui/examples/standard_key/java_dl/compileTimeConstants.key.proof 
71960      DEBUG main            d.u.i.k.p.i.AbstractProblemLoader Environment load took 107.2ns 
71961      INFO  main            d.u.i.k.p.i.AbstractProblemLoader Creating init config 
74348      DEBUG main            d.u.i.k.p.i.AbstractProblemLoader Init config took 2.39s 
74381      INFO  main            d.u.i.k.p.i.AbstractProblemLoader Replaying proof compileTimeConstants.key.proof 
74416      DEBUG main            d.u.i.k.p.i.IntermediateProofReplayer Proof replay took 31.69ms 
74417      DEBUG main            d.u.i.k.p.r.p.TestFile    ... success: reloaded. 
74418      INFO  main            d.u.i.k.p.r.p.TestFile    Now processing file /home/runner/work/key/key/key.core/../key.ui/examples/standard_key/java_dl/constructorException/test.key 
74418      INFO  main            d.u.i.k.p.i.AbstractProblemLoader Loading environment from /home/runner/work/key/key/key.core/../key.ui/examples/standard_key/java_dl/constructorException/test.key 
74419      DEBUG main            d.u.i.k.p.i.AbstractProblemLoader Environment load took 83ns 
74419      INFO  main            d.u.i.k.p.i.AbstractProblemLoader Creating init config 
76900      DEBUG main            d.u.i.k.p.i.AbstractProblemLoader Init config took 2.48s 
76961      INFO  main            d.u.i.k.p.i.AbstractProblemLoader Replaying proof Test[Test::Test(int)].JML operation contract.0 
76962      DEBUG main            d.u.i.k.p.i.IntermediateProofReplayer Proof replay took 5.3ns 
77168      INFO  main            d.u.i.k.p.r.p.TestFile    ... finished proof: closed. 
77448      INFO  main            d.u.i.k.p.i.AbstractProblemLoader Loading environment from /home/runner/work/key/key/key.core/../key.ui/examples/standard_key/java_dl/constructorException/test.key.proof 
77448      DEBUG main            d.u.i.k.p.i.AbstractProblemLoader Environment load took 115.5ns 
77449      INFO  main            d.u.i.k.p.i.AbstractProblemLoader Creating init config 
79880      DEBUG main            d.u.i.k.p.i.AbstractProblemLoader Init config took 2.43s 
79925      INFO  main            d.u.i.k.p.i.AbstractProblemLoader Replaying proof Test[Test::Test(int)].JML operation contract.0 
79977      DEBUG main            d.u.i.k.p.i.IntermediateProofReplayer Proof replay took 50.64ms 
79978      DEBUG main            d.u.i.k.p.r.p.TestFile    ... success: reloaded. 
79979      INFO  main            d.u.i.k.p.r.p.TestFile    Now processing file /home/runner/work/key/key/key.core/../key.ui/examples/standard_key/java_dl/constructorException/regressionTestBug1333.key 
79979      INFO  main            d.u.i.k.p.i.AbstractProblemLoader Loading environment from /home/runner/work/key/key/key.core/../key.ui/examples/standard_key/java_dl/constructorException/regressionTestBug1333.key 
79979      DEBUG main            d.u.i.k.p.i.AbstractProblemLoader Environment load took 79.8ns 
79980      INFO  main            d.u.i.k.p.i.AbstractProblemLoader Creating init config 
82420      DEBUG main            d.u.i.k.p.i.AbstractProblemLoader Init config took 2.44s 
82458      INFO  main            d.u.i.k.p.i.AbstractProblemLoader Replaying proof False[False::False()].JML normal_behavior operation contract.0 
82459      DEBUG main            d.u.i.k.p.i.IntermediateProofReplayer Proof replay took 5.9ns 
82564      INFO  main            d.u.i.k.p.r.p.TestFile    ... finished proof: open goal(s) 
82819      INFO  main            d.u.i.k.p.r.p.TestFile    Now processing file /home/runner/work/key/key/key.core/../key.ui/examples/standard_key/java_dl/continue1.key 
82820      INFO  main            d.u.i.k.p.i.AbstractProblemLoader Loading environment from /home/runner/work/key/key/key.core/../key.ui/examples/standard_key/java_dl/continue1.key 
82820      DEBUG main            d.u.i.k.p.i.AbstractProblemLoader Environment load took 92.5ns 
82821      INFO  main            d.u.i.k.p.i.AbstractProblemLoader Creating init config 
82841      WARN  main            d.u.i.k.j.r.KeYCrossReferenceNameInfo Datatype java.io.InputStream declared twice: Once in FILE:/home/runner/work/key/key/key.core/../key.ui/examples/standard_key/java_dl/classpath/InputStream.java and once in URL:file:/home/runner/work/key/key/key.core/build/resources/main/de/uka/ilkd/key/java/JavaRedux/java/io/InputStream.java, Keeping one from URL:file:/home/runner/work/key/key/key.core/build/resources/main/de/uka/ilkd/key/java/JavaRedux/java/io/InputStream.java 
82841      WARN  main            d.u.i.k.j.r.KeYCrossReferenceNameInfo Datatype java.lang.System declared twice: Once in FILE:/home/runner/work/key/key/key.core/../key.ui/examples/standard_key/java_dl/classpath/System.java and once in URL:file:/home/runner/work/key/key/key.core/build/resources/main/de/uka/ilkd/key/java/JavaRedux/java/lang/System.java, Keeping one from URL:file:/home/runner/work/key/key/key.core/build/resources/main/de/uka/ilkd/key/java/JavaRedux/java/lang/System.java 
82841      WARN  main            d.u.i.k.j.r.KeYCrossReferenceNameInfo Datatype java.io.PrintStream declared twice: Once in FILE:/home/runner/work/key/key/key.core/../key.ui/examples/standard_key/java_dl/classpath/PrintStream.java and once in URL:file:/home/runner/work/key/key/key.core/build/resources/main/de/uka/ilkd/key/java/JavaRedux/java/io/PrintStream.java, Keeping one from URL:file:/home/runner/work/key/key/key.core/build/resources/main/de/uka/ilkd/key/java/JavaRedux/java/io/PrintStream.java 
82844      DEBUG main            d.u.i.k.j.r.ClassFileDeclarationBuilder Parsing: package java.io; public class Closeable { } 
82845      DEBUG main            r.s.KeYCrossReferenceSourceInfo Dynamically created class: java.io.Closeable 
85296      DEBUG main            d.u.i.k.p.i.AbstractProblemLoader Init config took 2.47s 
85310      INFO  main            d.u.i.k.p.i.AbstractProblemLoader Replaying proof continue1.key 
85312      DEBUG main            d.u.i.k.p.i.IntermediateProofReplayer Proof replay took 5.7ns 
85413      INFO  main            d.u.i.k.p.r.p.TestFile    ... finished proof: closed. 
85594      INFO  main            d.u.i.k.p.i.AbstractProblemLoader Loading environment from /home/runner/work/key/key/key.core/../key.ui/examples/standard_key/java_dl/continue1.key.proof 
85594      DEBUG main            d.u.i.k.p.i.AbstractProblemLoader Environment load took 103.4ns 
85595      INFO  main            d.u.i.k.p.i.AbstractProblemLoader Creating init config 
85615      WARN  main            d.u.i.k.j.r.KeYCrossReferenceNameInfo Datatype java.io.InputStream declared twice: Once in FILE:/home/runner/work/key/key/key.core/../key.ui/examples/standard_key/java_dl/classpath/InputStream.java and once in URL:file:/home/runner/work/key/key/key.core/build/resources/main/de/uka/ilkd/key/java/JavaRedux/java/io/InputStream.java, Keeping one from URL:file:/home/runner/work/key/key/key.core/build/resources/main/de/uka/ilkd/key/java/JavaRedux/java/io/InputStream.java 
85615      WARN  main            d.u.i.k.j.r.KeYCrossReferenceNameInfo Datatype java.lang.System declared twice: Once in FILE:/home/runner/work/key/key/key.core/../key.ui/examples/standard_key/java_dl/classpath/System.java and once in URL:file:/home/runner/work/key/key/key.core/build/resources/main/de/uka/ilkd/key/java/JavaRedux/java/lang/System.java, Keeping one from URL:file:/home/runner/work/key/key/key.core/build/resources/main/de/uka/ilkd/key/java/JavaRedux/java/lang/System.java 
85615      WARN  main            d.u.i.k.j.r.KeYCrossReferenceNameInfo Datatype java.io.PrintStream declared twice: Once in FILE:/home/runner/work/key/key/key.core/../key.ui/examples/standard_key/java_dl/classpath/PrintStream.java and once in URL:file:/home/runner/work/key/key/key.core/build/resources/main/de/uka/ilkd/key/java/JavaRedux/java/io/PrintStream.java, Keeping one from URL:file:/home/runner/work/key/key/key.core/build/resources/main/de/uka/ilkd/key/java/JavaRedux/java/io/PrintStream.java 
85618      DEBUG main            d.u.i.k.j.r.ClassFileDeclarationBuilder Parsing: package java.io; public class Closeable { } 
85619      DEBUG main            r.s.KeYCrossReferenceSourceInfo Dynamically created class: java.io.Closeable 
88063      DEBUG main            d.u.i.k.p.i.AbstractProblemLoader Init config took 2.47s 
88077      INFO  main            d.u.i.k.p.i.AbstractProblemLoader Replaying proof continue1.key.proof 
88095      DEBUG main            d.u.i.k.p.i.IntermediateProofReplayer Proof replay took 16.38ms 
88097      DEBUG main            d.u.i.k.p.r.p.TestFile    ... success: reloaded. 
88098      INFO  main            d.u.i.k.p.r.p.TestFile    Now processing file /home/runner/work/key/key/key.core/../key.ui/examples/standard_key/java_dl/continue2.key 
88098      INFO  main            d.u.i.k.p.i.AbstractProblemLoader Loading environment from /home/runner/work/key/key/key.core/../key.ui/examples/standard_key/java_dl/continue2.key 
88099      DEBUG main            d.u.i.k.p.i.AbstractProblemLoader Environment load took 170.6ns 
88099      INFO  main            d.u.i.k.p.i.AbstractProblemLoader Creating init config 
88119      WARN  main            d.u.i.k.j.r.KeYCrossReferenceNameInfo Datatype java.io.InputStream declared twice: Once in FILE:/home/runner/work/key/key/key.core/../key.ui/examples/standard_key/java_dl/classpath/InputStream.java and once in URL:file:/home/runner/work/key/key/key.core/build/resources/main/de/uka/ilkd/key/java/JavaRedux/java/io/InputStream.java, Keeping one from URL:file:/home/runner/work/key/key/key.core/build/resources/main/de/uka/ilkd/key/java/JavaRedux/java/io/InputStream.java 
88119      WARN  main            d.u.i.k.j.r.KeYCrossReferenceNameInfo Datatype java.lang.System declared twice: Once in FILE:/home/runner/work/key/key/key.core/../key.ui/examples/standard_key/java_dl/classpath/System.java and once in URL:file:/home/runner/work/key/key/key.core/build/resources/main/de/uka/ilkd/key/java/JavaRedux/java/lang/System.java, Keeping one from URL:file:/home/runner/work/key/key/key.core/build/resources/main/de/uka/ilkd/key/java/JavaRedux/java/lang/System.java 
88119      WARN  main            d.u.i.k.j.r.KeYCrossReferenceNameInfo Datatype java.io.PrintStream declared twice: Once in FILE:/home/runner/work/key/key/key.core/../key.ui/examples/standard_key/java_dl/classpath/PrintStream.java and once in URL:file:/home/runner/work/key/key/key.core/build/resources/main/de/uka/ilkd/key/java/JavaRedux/java/io/PrintStream.java, Keeping one from URL:file:/home/runner/work/key/key/key.core/build/resources/main/de/uka/ilkd/key/java/JavaRedux/java/io/PrintStream.java 
88122      DEBUG main            d.u.i.k.j.r.ClassFileDeclarationBuilder Parsing: package java.io; public class Closeable { } 
88122      DEBUG main            r.s.KeYCrossReferenceSourceInfo Dynamically created class: java.io.Closeable 
90500      DEBUG main            d.u.i.k.p.i.AbstractProblemLoader Init config took 2.4s 
90514      INFO  main            d.u.i.k.p.i.AbstractProblemLoader Replaying proof continue2.key 
90516      DEBUG main            d.u.i.k.p.i.IntermediateProofReplayer Proof replay took 5.5ns 
90720      INFO  main            d.u.i.k.p.r.p.TestFile    ... finished proof: closed. 
90948      INFO  main            d.u.i.k.p.i.AbstractProblemLoader Loading environment from /home/runner/work/key/key/key.core/../key.ui/examples/standard_key/java_dl/continue2.key.proof 
90948      DEBUG main            d.u.i.k.p.i.AbstractProblemLoader Environment load took 89.4ns 
90949      INFO  main            d.u.i.k.p.i.AbstractProblemLoader Creating init config 
90969      WARN  main            d.u.i.k.j.r.KeYCrossReferenceNameInfo Datatype java.io.InputStream declared twice: Once in FILE:/home/runner/work/key/key/key.core/../key.ui/examples/standard_key/java_dl/classpath/InputStream.java and once in URL:file:/home/runner/work/key/key/key.core/build/resources/main/de/uka/ilkd/key/java/JavaRedux/java/io/InputStream.java, Keeping one from URL:file:/home/runner/work/key/key/key.core/build/resources/main/de/uka/ilkd/key/java/JavaRedux/java/io/InputStream.java 
90969      WARN  main            d.u.i.k.j.r.KeYCrossReferenceNameInfo Datatype java.lang.System declared twice: Once in FILE:/home/runner/work/key/key/key.core/../key.ui/examples/standard_key/java_dl/classpath/System.java and once in URL:file:/home/runner/work/key/key/key.core/build/resources/main/de/uka/ilkd/key/java/JavaRedux/java/lang/System.java, Keeping one from URL:file:/home/runner/work/key/key/key.core/build/resources/main/de/uka/ilkd/key/java/JavaRedux/java/lang/System.java 
90969      WARN  main            d.u.i.k.j.r.KeYCrossReferenceNameInfo Datatype java.io.PrintStream declared twice: Once in FILE:/home/runner/work/key/key/key.core/../key.ui/examples/standard_key/java_dl/classpath/PrintStream.java and once in URL:file:/home/runner/work/key/key/key.core/build/resources/main/de/uka/ilkd/key/java/JavaRedux/java/io/PrintStream.java, Keeping one from URL:file:/home/runner/work/key/key/key.core/build/resources/main/de/uka/ilkd/key/java/JavaRedux/java/io/PrintStream.java 
90972      DEBUG main            d.u.i.k.j.r.ClassFileDeclarationBuilder Parsing: package java.io; public class Closeable { } 
90972      DEBUG main            r.s.KeYCrossReferenceSourceInfo Dynamically created class: java.io.Closeable 
93310      DEBUG main            d.u.i.k.p.i.AbstractProblemLoader Init config took 2.36s 
93323      INFO  main            d.u.i.k.p.i.AbstractProblemLoader Replaying proof continue2.key.proof 
93390      DEBUG main            d.u.i.k.p.i.IntermediateProofReplayer Proof replay took 63.81ms 
93391      DEBUG main            d.u.i.k.p.r.p.TestFile    ... success: reloaded. 
93392      INFO  main            d.u.i.k.p.r.p.TestFile    Now processing file /home/runner/work/key/key/key.core/../key.ui/examples/standard_key/java_dl/complexAssignment.key 
93392      INFO  main            d.u.i.k.p.i.AbstractProblemLoader Loading environment from /home/runner/work/key/key/key.core/../key.ui/examples/standard_key/java_dl/complexAssignment.key 
93392      DEBUG main            d.u.i.k.p.i.AbstractProblemLoader Environment load took 77.7ns 
93393      INFO  main            d.u.i.k.p.i.AbstractProblemLoader Creating init config 
95787      DEBUG main            d.u.i.k.p.i.AbstractProblemLoader Init config took 2.39s 
95801      INFO  main            d.u.i.k.p.i.AbstractProblemLoader Replaying proof complexAssignment.key 
95803      DEBUG main            d.u.i.k.p.i.IntermediateProofReplayer Proof replay took 5.7ns 
95905      INFO  main            d.u.i.k.p.r.p.TestFile    ... finished proof: closed. 
96116      INFO  main            d.u.i.k.p.i.AbstractProblemLoader Loading environment from /home/runner/work/key/key/key.core/../key.ui/examples/standard_key/java_dl/complexAssignment.key.proof 
96117      DEBUG main            d.u.i.k.p.i.AbstractProblemLoader Environment load took 93.2ns 
96117      INFO  main            d.u.i.k.p.i.AbstractProblemLoader Creating init config 
98441      DEBUG main            d.u.i.k.p.i.AbstractProblemLoader Init config took 2.32s 
98454      INFO  main            d.u.i.k.p.i.AbstractProblemLoader Replaying proof complexAssignment.key.proof 
98468      DEBUG main            d.u.i.k.p.i.IntermediateProofReplayer Proof replay took 8.6ms 
98469      DEBUG main            d.u.i.k.p.r.p.TestFile    ... success: reloaded. 
98470      INFO  main            d.u.i.k.p.r.p.TestFile    Now processing file /home/runner/work/key/key/key.core/../key.ui/examples/standard_key/java_dl/danglingElseSolution1.key 
98470      INFO  main            d.u.i.k.p.i.AbstractProblemLoader Loading environment from /home/runner/work/key/key/key.core/../key.ui/examples/standard_key/java_dl/danglingElseSolution1.key 
98471      DEBUG main            d.u.i.k.p.i.AbstractProblemLoader Environment load took 177.2ns 
98472      INFO  main            d.u.i.k.p.i.AbstractProblemLoader Creating init config 
100864     DEBUG main            d.u.i.k.p.i.AbstractProblemLoader Init config took 2.39s 
100878     INFO  main            d.u.i.k.p.i.AbstractProblemLoader Replaying proof danglingElseSolution1.key 
100879     DEBUG main            d.u.i.k.p.i.IntermediateProofReplayer Proof replay took 6.1ns 
100981     INFO  main            d.u.i.k.p.r.p.TestFile    ... finished proof: closed. 
101213     INFO  main            d.u.i.k.p.i.AbstractProblemLoader Loading environment from /home/runner/work/key/key/key.core/../key.ui/examples/standard_key/java_dl/danglingElseSolution1.key.proof 
101213     DEBUG main            d.u.i.k.p.i.AbstractProblemLoader Environment load took 95ns 
101214     INFO  main            d.u.i.k.p.i.AbstractProblemLoader Creating init config 
103535     DEBUG main            d.u.i.k.p.i.AbstractProblemLoader Init config took 2.32s 
103548     INFO  main            d.u.i.k.p.i.AbstractProblemLoader Replaying proof danglingElseSolution1.key.proof 
103560     DEBUG main            d.u.i.k.p.i.IntermediateProofReplayer Proof replay took 9.92ms 
103561     DEBUG main            d.u.i.k.p.r.p.TestFile    ... success: reloaded. 
103561     INFO  main            d.u.i.k.p.r.p.TestFile    Now processing file /home/runner/work/key/key/key.core/../key.ui/examples/standard_key/java_dl/danglingElseSolution2.key 
103561     INFO  main            d.u.i.k.p.i.AbstractProblemLoader Loading environment from /home/runner/work/key/key/key.core/../key.ui/examples/standard_key/java_dl/danglingElseSolution2.key 
103562     DEBUG main            d.u.i.k.p.i.AbstractProblemLoader Environment load took 56.3ns 
103562     INFO  main            d.u.i.k.p.i.AbstractProblemLoader Creating init config 
105941     DEBUG main            d.u.i.k.p.i.AbstractProblemLoader Init config took 2.38s 
105955     INFO  main            d.u.i.k.p.i.AbstractProblemLoader Replaying proof danglingElseSolution2.key 
105956     DEBUG main            d.u.i.k.p.i.IntermediateProofReplayer Proof replay took 6ns 
106058     INFO  main            d.u.i.k.p.r.p.TestFile    ... finished proof: closed. 
106271     INFO  main            d.u.i.k.p.i.AbstractProblemLoader Loading environment from /home/runner/work/key/key/key.core/../key.ui/examples/standard_key/java_dl/danglingElseSolution2.key.proof 
106271     DEBUG main            d.u.i.k.p.i.AbstractProblemLoader Environment load took 95.5ns 
106272     INFO  main            d.u.i.k.p.i.AbstractProblemLoader Creating init config 
108589     DEBUG main            d.u.i.k.p.i.AbstractProblemLoader Init config took 2.32s 
108603     INFO  main            d.u.i.k.p.i.AbstractProblemLoader Replaying proof danglingElseSolution2.key.proof 
108613     DEBUG main            d.u.i.k.p.i.IntermediateProofReplayer Proof replay took 7.73ms 
108613     DEBUG main            d.u.i.k.p.r.p.TestFile    ... success: reloaded. 
108614     INFO  main            d.u.i.k.p.r.p.TestFile    Now processing file /home/runner/work/key/key/key.core/../key.ui/examples/standard_key/java_dl/deepNonNull/deepNonNull0.key 
108614     INFO  main            d.u.i.k.p.i.AbstractProblemLoader Loading environment from /home/runner/work/key/key/key.core/../key.ui/examples/standard_key/java_dl/deepNonNull/deepNonNull0.key 
108614     DEBUG main            d.u.i.k.p.i.AbstractProblemLoader Environment load took 61.3ns 
108615     INFO  main            d.u.i.k.p.i.AbstractProblemLoader Creating init config 
111038     DEBUG main            d.u.i.k.p.i.AbstractProblemLoader Init config took 2.42s 
111075     INFO  main            d.u.i.k.p.i.AbstractProblemLoader Replaying proof Arrays[Arrays::get()].JML operation contract.0 
111076     DEBUG main            d.u.i.k.p.i.IntermediateProofReplayer Proof replay took 5.4ns 
111278     INFO  main            d.u.i.k.p.r.p.TestFile    ... finished proof: closed. 
111507     INFO  main            d.u.i.k.p.i.AbstractProblemLoader Loading environment from /home/runner/work/key/key/key.core/../key.ui/examples/standard_key/java_dl/deepNonNull/deepNonNull0.key.proof 
111507     DEBUG main            d.u.i.k.p.i.AbstractProblemLoader Environment load took 94.5ns 
111508     INFO  main            d.u.i.k.p.i.AbstractProblemLoader Creating init config 
113893     DEBUG main            d.u.i.k.p.i.AbstractProblemLoader Init config took 2.39s 
113929     INFO  main            d.u.i.k.p.i.AbstractProblemLoader Replaying proof Arrays[Arrays::get()].JML operation contract.0 
113964     DEBUG main            d.u.i.k.p.i.IntermediateProofReplayer Proof replay took 32.33ms 
113966     DEBUG main            d.u.i.k.p.r.p.TestFile    ... success: reloaded. 
113967     INFO  main            d.u.i.k.p.r.p.TestFile    Now processing file /home/runner/work/key/key/key.core/../key.ui/examples/standard_key/java_dl/deepNonNull/deepNonNull1.key 
113967     INFO  main            d.u.i.k.p.i.AbstractProblemLoader Loading environment from /home/runner/work/key/key/key.core/../key.ui/examples/standard_key/java_dl/deepNonNull/deepNonNull1.key 
113967     DEBUG main            d.u.i.k.p.i.AbstractProblemLoader Environment load took 152ns 
113968     INFO  main            d.u.i.k.p.i.AbstractProblemLoader Creating init config 
116434     DEBUG main            d.u.i.k.p.i.AbstractProblemLoader Init config took 2.47s 
116469     INFO  main            d.u.i.k.p.i.AbstractProblemLoader Replaying proof Arrays[Arrays::head()].JML operation contract.0 
116470     DEBUG main            d.u.i.k.p.i.IntermediateProofReplayer Proof replay took 5.3ns 
116684     INFO  main            d.u.i.k.p.r.p.TestFile    ... finished proof: closed. 
116913     INFO  main            d.u.i.k.p.i.AbstractProblemLoader Loading environment from /home/runner/work/key/key/key.core/../key.ui/examples/standard_key/java_dl/deepNonNull/deepNonNull1.key.proof 
116913     DEBUG main            d.u.i.k.p.i.AbstractProblemLoader Environment load took 97ns 
116914     INFO  main            d.u.i.k.p.i.AbstractProblemLoader Creating init config 
119323     DEBUG main            d.u.i.k.p.i.AbstractProblemLoader Init config took 2.41s 
119362     INFO  main            d.u.i.k.p.i.AbstractProblemLoader Replaying proof Arrays[Arrays::head()].JML operation contract.0 
119398     DEBUG main            d.u.i.k.p.i.IntermediateProofReplayer Proof replay took 33.38ms 
119399     DEBUG main            d.u.i.k.p.r.p.TestFile    ... success: reloaded. 
119399     INFO  main            d.u.i.k.p.r.p.TestFile    Now processing file /home/runner/work/key/key/key.core/../key.ui/examples/standard_key/java_dl/deepNonNull/deepNonNull2.key 
119400     INFO  main            d.u.i.k.p.i.AbstractProblemLoader Loading environment from /home/runner/work/key/key/key.core/../key.ui/examples/standard_key/java_dl/deepNonNull/deepNonNull2.key 
119400     DEBUG main            d.u.i.k.p.i.AbstractProblemLoader Environment load took 147.9ns 
119401     INFO  main            d.u.i.k.p.i.AbstractProblemLoader Creating init config 
121811     DEBUG main            d.u.i.k.p.i.AbstractProblemLoader Init config took 2.41s 
121859     INFO  main            d.u.i.k.p.i.AbstractProblemLoader Replaying proof Arrays[Arrays::unprovable(java.lang.Object)].JML operation contract.0 
121861     DEBUG main            d.u.i.k.p.i.IntermediateProofReplayer Proof replay took 6.9ns 
121971     INFO  main            d.u.i.k.p.r.p.TestFile    ... finished proof: open goal(s) 
122205     INFO  main            d.u.i.k.p.r.p.TestFile    Now processing file /home/runner/work/key/key/key.core/../key.ui/examples/standard_key/java_dl/deepNonNull/deepNonNull3.key 
122205     INFO  main            d.u.i.k.p.i.AbstractProblemLoader Loading environment from /home/runner/work/key/key/key.core/../key.ui/examples/standard_key/java_dl/deepNonNull/deepNonNull3.key 
122205     DEBUG main            d.u.i.k.p.i.AbstractProblemLoader Environment load took 50.6ns 
122206     INFO  main            d.u.i.k.p.i.AbstractProblemLoader Creating init config 
124589     DEBUG main            d.u.i.k.p.i.AbstractProblemLoader Init config took 2.38s 
124622     INFO  main            d.u.i.k.p.i.AbstractProblemLoader Replaying proof Arrays[Arrays::head([[[[Ljava.lang.Object)].JML operation contract.0 
124623     DEBUG main            d.u.i.k.p.i.IntermediateProofReplayer Proof replay took 5.6ns 
125450     INFO  main            d.u.i.k.p.r.p.TestFile    ... finished proof: closed. 
125693     INFO  main            d.u.i.k.p.i.AbstractProblemLoader Loading environment from /home/runner/work/key/key/key.core/../key.ui/examples/standard_key/java_dl/deepNonNull/deepNonNull3.key.proof 
125693     DEBUG main            d.u.i.k.p.i.AbstractProblemLoader Environment load took 344.2ns 
125695     INFO  main            d.u.i.k.p.i.AbstractProblemLoader Creating init config 
128078     DEBUG main            d.u.i.k.p.i.AbstractProblemLoader Init config took 2.38s 
128112     INFO  main            d.u.i.k.p.i.AbstractProblemLoader Replaying proof Arrays[Arrays::head([[[[Ljava.lang.Object)].JML operation contract.0 
128207     DEBUG main            d.u.i.k.p.i.IntermediateProofReplayer Proof replay took 89.58ms 
128207     DEBUG main            d.u.i.k.p.r.p.TestFile    ... success: reloaded. 
128208     INFO  main            d.u.i.k.p.r.p.TestFile    Now processing file /home/runner/work/key/key/key.core/../key.ui/examples/standard_key/java_dl/exceptions.key 
128208     INFO  main            d.u.i.k.p.i.AbstractProblemLoader Loading environment from /home/runner/work/key/key/key.core/../key.ui/examples/standard_key/java_dl/exceptions.key 
128208     DEBUG main            d.u.i.k.p.i.AbstractProblemLoader Environment load took 81.8ns 
128209     INFO  main            d.u.i.k.p.i.AbstractProblemLoader Creating init config 
128229     WARN  main            d.u.i.k.j.r.KeYCrossReferenceNameInfo Datatype java.io.InputStream declared twice: Once in FILE:/home/runner/work/key/key/key.core/../key.ui/examples/standard_key/java_dl/classpath/InputStream.java and once in URL:file:/home/runner/work/key/key/key.core/build/resources/main/de/uka/ilkd/key/java/JavaRedux/java/io/InputStream.java, Keeping one from URL:file:/home/runner/work/key/key/key.core/build/resources/main/de/uka/ilkd/key/java/JavaRedux/java/io/InputStream.java 
128229     WARN  main            d.u.i.k.j.r.KeYCrossReferenceNameInfo Datatype java.lang.System declared twice: Once in FILE:/home/runner/work/key/key/key.core/../key.ui/examples/standard_key/java_dl/classpath/System.java and once in URL:file:/home/runner/work/key/key/key.core/build/resources/main/de/uka/ilkd/key/java/JavaRedux/java/lang/System.java, Keeping one from URL:file:/home/runner/work/key/key/key.core/build/resources/main/de/uka/ilkd/key/java/JavaRedux/java/lang/System.java 
128229     WARN  main            d.u.i.k.j.r.KeYCrossReferenceNameInfo Datatype java.io.PrintStream declared twice: Once in FILE:/home/runner/work/key/key/key.core/../key.ui/examples/standard_key/java_dl/classpath/PrintStream.java and once in URL:file:/home/runner/work/key/key/key.core/build/resources/main/de/uka/ilkd/key/java/JavaRedux/java/io/PrintStream.java, Keeping one from URL:file:/home/runner/work/key/key/key.core/build/resources/main/de/uka/ilkd/key/java/JavaRedux/java/io/PrintStream.java 
128245     DEBUG main            d.u.i.k.j.r.ClassFileDeclarationBuilder Parsing: package java.io; public class Closeable { } 
128245     DEBUG main            r.s.KeYCrossReferenceSourceInfo Dynamically created class: java.io.Closeable 
130609     DEBUG main            d.u.i.k.p.i.AbstractProblemLoader Init config took 2.4s 
130622     INFO  main            d.u.i.k.p.i.AbstractProblemLoader Replaying proof exceptions.key 
130623     DEBUG main            d.u.i.k.p.i.IntermediateProofReplayer Proof replay took 11.8ns 
130728     INFO  main            d.u.i.k.p.r.p.TestFile    ... finished proof: closed. 
130964     INFO  main            d.u.i.k.p.i.AbstractProblemLoader Loading environment from /home/runner/work/key/key/key.core/../key.ui/examples/standard_key/java_dl/exceptions.key.proof 
130964     DEBUG main            d.u.i.k.p.i.AbstractProblemLoader Environment load took 83.6ns 
130965     INFO  main            d.u.i.k.p.i.AbstractProblemLoader Creating init config 
130985     WARN  main            d.u.i.k.j.r.KeYCrossReferenceNameInfo Datatype java.io.InputStream declared twice: Once in FILE:/home/runner/work/key/key/key.core/../key.ui/examples/standard_key/java_dl/classpath/InputStream.java and once in URL:file:/home/runner/work/key/key/key.core/build/resources/main/de/uka/ilkd/key/java/JavaRedux/java/io/InputStream.java, Keeping one from URL:file:/home/runner/work/key/key/key.core/build/resources/main/de/uka/ilkd/key/java/JavaRedux/java/io/InputStream.java 
130985     WARN  main            d.u.i.k.j.r.KeYCrossReferenceNameInfo Datatype java.lang.System declared twice: Once in FILE:/home/runner/work/key/key/key.core/../key.ui/examples/standard_key/java_dl/classpath/System.java and once in URL:file:/home/runner/work/key/key/key.core/build/resources/main/de/uka/ilkd/key/java/JavaRedux/java/lang/System.java, Keeping one from URL:file:/home/runner/work/key/key/key.core/build/resources/main/de/uka/ilkd/key/java/JavaRedux/java/lang/System.java 
130985     WARN  main            d.u.i.k.j.r.KeYCrossReferenceNameInfo Datatype java.io.PrintStream declared twice: Once in FILE:/home/runner/work/key/key/key.core/../key.ui/examples/standard_key/java_dl/classpath/PrintStream.java and once in URL:file:/home/runner/work/key/key/key.core/build/resources/main/de/uka/ilkd/key/java/JavaRedux/java/io/PrintStream.java, Keeping one from URL:file:/home/runner/work/key/key/key.core/build/resources/main/de/uka/ilkd/key/java/JavaRedux/java/io/PrintStream.java 
130988     DEBUG main            d.u.i.k.j.r.ClassFileDeclarationBuilder Parsing: package java.io; public class Closeable { } 
130988     DEBUG main            r.s.KeYCrossReferenceSourceInfo Dynamically created class: java.io.Closeable 
133336     DEBUG main            d.u.i.k.p.i.AbstractProblemLoader Init config took 2.37s 
133349     INFO  main            d.u.i.k.p.i.AbstractProblemLoader Replaying proof exceptions.key.proof 
133387     DEBUG main            d.u.i.k.p.i.IntermediateProofReplayer Proof replay took 35.63ms 
133388     DEBUG main            d.u.i.k.p.r.p.TestFile    ... success: reloaded. 
133388     INFO  main            d.u.i.k.p.r.p.TestFile    Now processing file /home/runner/work/key/key/key.core/../key.ui/examples/standard_key/java_dl/exceptions1.key 
133389     INFO  main            d.u.i.k.p.i.AbstractProblemLoader Loading environment from /home/runner/work/key/key/key.core/../key.ui/examples/standard_key/java_dl/exceptions1.key 
133389     DEBUG main            d.u.i.k.p.i.AbstractProblemLoader Environment load took 67.9ns 
133389     INFO  main            d.u.i.k.p.i.AbstractProblemLoader Creating init config 
135738     DEBUG main            d.u.i.k.p.i.AbstractProblemLoader Init config took 2.35s 
135752     INFO  main            d.u.i.k.p.i.AbstractProblemLoader Replaying proof exceptions1.key 
135754     DEBUG main            d.u.i.k.p.i.IntermediateProofReplayer Proof replay took 5.7ns 
135859     INFO  main            d.u.i.k.p.r.p.TestFile    ... finished proof: closed. 
136106     INFO  main            d.u.i.k.p.i.AbstractProblemLoader Loading environment from /home/runner/work/key/key/key.core/../key.ui/examples/standard_key/java_dl/exceptions1.key.proof 
136106     DEBUG main            d.u.i.k.p.i.AbstractProblemLoader Environment load took 235.6ns 
136108     INFO  main            d.u.i.k.p.i.AbstractProblemLoader Creating init config 
138415     DEBUG main            d.u.i.k.p.i.AbstractProblemLoader Init config took 2.31s 
138428     INFO  main            d.u.i.k.p.i.AbstractProblemLoader Replaying proof exceptions1.key.proof 
138455     DEBUG main            d.u.i.k.p.i.IntermediateProofReplayer Proof replay took 24.67ms 
138456     DEBUG main            d.u.i.k.p.r.p.TestFile    ... success: reloaded. 
138457     INFO  main            d.u.i.k.p.r.p.TestFile    Now processing file /home/runner/work/key/key/key.core/../key.ui/examples/standard_key/java_dl/exceptions2.key 
138457     INFO  main            d.u.i.k.p.i.AbstractProblemLoader Loading environment from /home/runner/work/key/key/key.core/../key.ui/examples/standard_key/java_dl/exceptions2.key 
138457     DEBUG main            d.u.i.k.p.i.AbstractProblemLoader Environment load took 75.2ns 
138458     INFO  main            d.u.i.k.p.i.AbstractProblemLoader Creating init config 
140846     DEBUG main            d.u.i.k.p.i.AbstractProblemLoader Init config took 2.39s 
140859     INFO  main            d.u.i.k.p.i.AbstractProblemLoader Replaying proof exceptions2.key 
140861     DEBUG main            d.u.i.k.p.i.IntermediateProofReplayer Proof replay took 6.9ns 
140979     INFO  main            d.u.i.k.p.r.p.TestFile    ... finished proof: closed. 
141218     INFO  main            d.u.i.k.p.i.AbstractProblemLoader Loading environment from /home/runner/work/key/key/key.core/../key.ui/examples/standard_key/java_dl/exceptions2.key.proof 
141218     DEBUG main            d.u.i.k.p.i.AbstractProblemLoader Environment load took 83.6ns 
141219     INFO  main            d.u.i.k.p.i.AbstractProblemLoader Creating init config 
143516     DEBUG main            d.u.i.k.p.i.AbstractProblemLoader Init config took 2.3s 
143529     INFO  main            d.u.i.k.p.i.AbstractProblemLoader Replaying proof exceptions2.key.proof 
143557     DEBUG main            d.u.i.k.p.i.IntermediateProofReplayer Proof replay took 24.92ms 
143558     DEBUG main            d.u.i.k.p.r.p.TestFile    ... success: reloaded. 
143558     INFO  main            d.u.i.k.p.r.p.TestFile    Now processing file /home/runner/work/key/key/key.core/../key.ui/examples/standard_key/java_dl/exceptions3.key 
143559     INFO  main            d.u.i.k.p.i.AbstractProblemLoader Loading environment from /home/runner/work/key/key/key.core/../key.ui/examples/standard_key/java_dl/exceptions3.key 
143559     DEBUG main            d.u.i.k.p.i.AbstractProblemLoader Environment load took 65.3ns 
143559     INFO  main            d.u.i.k.p.i.AbstractProblemLoader Creating init config 
143578     WARN  main            d.u.i.k.j.r.KeYCrossReferenceNameInfo Datatype java.io.InputStream declared twice: Once in FILE:/home/runner/work/key/key/key.core/../key.ui/examples/standard_key/java_dl/classpath/InputStream.java and once in URL:file:/home/runner/work/key/key/key.core/build/resources/main/de/uka/ilkd/key/java/JavaRedux/java/io/InputStream.java, Keeping one from URL:file:/home/runner/work/key/key/key.core/build/resources/main/de/uka/ilkd/key/java/JavaRedux/java/io/InputStream.java 
143578     WARN  main            d.u.i.k.j.r.KeYCrossReferenceNameInfo Datatype java.lang.System declared twice: Once in FILE:/home/runner/work/key/key/key.core/../key.ui/examples/standard_key/java_dl/classpath/System.java and once in URL:file:/home/runner/work/key/key/key.core/build/resources/main/de/uka/ilkd/key/java/JavaRedux/java/lang/System.java, Keeping one from URL:file:/home/runner/work/key/key/key.core/build/resources/main/de/uka/ilkd/key/java/JavaRedux/java/lang/System.java 
143578     WARN  main            d.u.i.k.j.r.KeYCrossReferenceNameInfo Datatype java.io.PrintStream declared twice: Once in FILE:/home/runner/work/key/key/key.core/../key.ui/examples/standard_key/java_dl/classpath/PrintStream.java and once in URL:file:/home/runner/work/key/key/key.core/build/resources/main/de/uka/ilkd/key/java/JavaRedux/java/io/PrintStream.java, Keeping one from URL:file:/home/runner/work/key/key/key.core/build/resources/main/de/uka/ilkd/key/java/JavaRedux/java/io/PrintStream.java 
143581     DEBUG main            d.u.i.k.j.r.ClassFileDeclarationBuilder Parsing: package java.io; public class Closeable { } 
143581     DEBUG main            r.s.KeYCrossReferenceSourceInfo Dynamically created class: java.io.Closeable 
145957     DEBUG main            d.u.i.k.p.i.AbstractProblemLoader Init config took 2.4s 
145970     INFO  main            d.u.i.k.p.i.AbstractProblemLoader Replaying proof exceptions3.key 
145971     DEBUG main            d.u.i.k.p.i.IntermediateProofReplayer Proof replay took 6.4ns 
146076     INFO  main            d.u.i.k.p.r.p.TestFile    ... finished proof: closed. 
146330     INFO  main            d.u.i.k.p.i.AbstractProblemLoader Loading environment from /home/runner/work/key/key/key.core/../key.ui/examples/standard_key/java_dl/exceptions3.key.proof 
146330     DEBUG main            d.u.i.k.p.i.AbstractProblemLoader Environment load took 85.2ns 
146331     INFO  main            d.u.i.k.p.i.AbstractProblemLoader Creating init config 
146350     WARN  main            d.u.i.k.j.r.KeYCrossReferenceNameInfo Datatype java.io.InputStream declared twice: Once in FILE:/home/runner/work/key/key/key.core/../key.ui/examples/standard_key/java_dl/classpath/InputStream.java and once in URL:file:/home/runner/work/key/key/key.core/build/resources/main/de/uka/ilkd/key/java/JavaRedux/java/io/InputStream.java, Keeping one from URL:file:/home/runner/work/key/key/key.core/build/resources/main/de/uka/ilkd/key/java/JavaRedux/java/io/InputStream.java 
146350     WARN  main            d.u.i.k.j.r.KeYCrossReferenceNameInfo Datatype java.lang.System declared twice: Once in FILE:/home/runner/work/key/key/key.core/../key.ui/examples/standard_key/java_dl/classpath/System.java and once in URL:file:/home/runner/work/key/key/key.core/build/resources/main/de/uka/ilkd/key/java/JavaRedux/java/lang/System.java, Keeping one from URL:file:/home/runner/work/key/key/key.core/build/resources/main/de/uka/ilkd/key/java/JavaRedux/java/lang/System.java 
146350     WARN  main            d.u.i.k.j.r.KeYCrossReferenceNameInfo Datatype java.io.PrintStream declared twice: Once in FILE:/home/runner/work/key/key/key.core/../key.ui/examples/standard_key/java_dl/classpath/PrintStream.java and once in URL:file:/home/runner/work/key/key/key.core/build/resources/main/de/uka/ilkd/key/java/JavaRedux/java/io/PrintStream.java, Keeping one from URL:file:/home/runner/work/key/key/key.core/build/resources/main/de/uka/ilkd/key/java/JavaRedux/java/io/PrintStream.java 
146353     DEBUG main            d.u.i.k.j.r.ClassFileDeclarationBuilder Parsing: package java.io; public class Closeable { } 
146353     DEBUG main            r.s.KeYCrossReferenceSourceInfo Dynamically created class: java.io.Closeable 
148677     DEBUG main            d.u.i.k.p.i.AbstractProblemLoader Init config took 2.35s 
148690     INFO  main            d.u.i.k.p.i.AbstractProblemLoader Replaying proof exceptions3.key.proof 
148695     DEBUG main            d.u.i.k.p.i.IntermediateProofReplayer Proof replay took 3.26ms 
148697     DEBUG main            d.u.i.k.p.r.p.TestFile    ... success: reloaded. 
148698     INFO  main            d.u.i.k.p.r.p.TestFile    Now processing file /home/runner/work/key/key/key.core/../key.ui/examples/standard_key/java_dl/exchange.key 
148698     INFO  main            d.u.i.k.p.i.AbstractProblemLoader Loading environment from /home/runner/work/key/key/key.core/../key.ui/examples/standard_key/java_dl/exchange.key 
148698     DEBUG main            d.u.i.k.p.i.AbstractProblemLoader Environment load took 70.9ns 
148699     INFO  main            d.u.i.k.p.i.AbstractProblemLoader Creating init config 
151021     DEBUG main            d.u.i.k.p.i.AbstractProblemLoader Init config took 2.32s 
151034     INFO  main            d.u.i.k.p.i.AbstractProblemLoader Replaying proof exchange.key 
151035     DEBUG main            d.u.i.k.p.i.IntermediateProofReplayer Proof replay took 5.8ns 
151143     INFO  main            d.u.i.k.p.r.p.TestFile    ... finished proof: closed. 
151395     INFO  main            d.u.i.k.p.i.AbstractProblemLoader Loading environment from /home/runner/work/key/key/key.core/../key.ui/examples/standard_key/java_dl/exchange.key.proof 
151395     DEBUG main            d.u.i.k.p.i.AbstractProblemLoader Environment load took 81.3ns 
151396     INFO  main            d.u.i.k.p.i.AbstractProblemLoader Creating init config 
153679     DEBUG main            d.u.i.k.p.i.AbstractProblemLoader Init config took 2.28s 
153692     INFO  main            d.u.i.k.p.i.AbstractProblemLoader Replaying proof exchange.key.proof 
153696     DEBUG main            d.u.i.k.p.i.IntermediateProofReplayer Proof replay took 2.41ms 
153697     DEBUG main            d.u.i.k.p.r.p.TestFile    ... success: reloaded. 
153698     INFO  main            d.u.i.k.p.r.p.TestFile    Now processing file /home/runner/work/key/key/key.core/../key.ui/examples/standard_key/java_dl/if.key 
153698     INFO  main            d.u.i.k.p.i.AbstractProblemLoader Loading environment from /home/runner/work/key/key/key.core/../key.ui/examples/standard_key/java_dl/if.key 
153698     DEBUG main            d.u.i.k.p.i.AbstractProblemLoader Environment load took 95.5ns 
153699     INFO  main            d.u.i.k.p.i.AbstractProblemLoader Creating init config 
156032     DEBUG main            d.u.i.k.p.i.AbstractProblemLoader Init config took 2.33s 
156060     INFO  main            d.u.i.k.p.i.AbstractProblemLoader Replaying proof if.key 
156062     DEBUG main            d.u.i.k.p.i.IntermediateProofReplayer Proof replay took 6.3ns 
156163     INFO  main            d.u.i.k.p.r.p.TestFile    ... finished proof: closed. 
156449     INFO  main            d.u.i.k.p.i.AbstractProblemLoader Loading environment from /home/runner/work/key/key/key.core/../key.ui/examples/standard_key/java_dl/if.key.proof 
156449     DEBUG main            d.u.i.k.p.i.AbstractProblemLoader Environment load took 80.1ns 
156450     INFO  main            d.u.i.k.p.i.AbstractProblemLoader Creating init config 
158744     DEBUG main            d.u.i.k.p.i.AbstractProblemLoader Init config took 2.29s 
158758     INFO  main            d.u.i.k.p.i.AbstractProblemLoader Replaying proof if.key.proof 
158762     DEBUG main            d.u.i.k.p.i.IntermediateProofReplayer Proof replay took 2.45ms 
158763     DEBUG main            d.u.i.k.p.r.p.TestFile    ... success: reloaded. 
158763     INFO  main            d.u.i.k.p.r.p.TestFile    Now processing file /home/runner/work/key/key/key.core/../key.ui/examples/standard_key/java_dl/incrementcounter.key 
158763     INFO  main            d.u.i.k.p.i.AbstractProblemLoader Loading environment from /home/runner/work/key/key/key.core/../key.ui/examples/standard_key/java_dl/incrementcounter.key 
158763     DEBUG main            d.u.i.k.p.i.AbstractProblemLoader Environment load took 149ns 
158764     INFO  main            d.u.i.k.p.i.AbstractProblemLoader Creating init config 
161121     DEBUG main            d.u.i.k.p.i.AbstractProblemLoader Init config took 2.36s 
161134     INFO  main            d.u.i.k.p.i.AbstractProblemLoader Replaying proof incrementcounter.key 
161135     DEBUG main            d.u.i.k.p.i.IntermediateProofReplayer Proof replay took 6.3ns 
161238     INFO  main            d.u.i.k.p.r.p.TestFile    ... finished proof: closed. 
161499     INFO  main            d.u.i.k.p.i.AbstractProblemLoader Loading environment from /home/runner/work/key/key/key.core/../key.ui/examples/standard_key/java_dl/incrementcounter.key.proof 
161499     DEBUG main            d.u.i.k.p.i.AbstractProblemLoader Environment load took 82.5ns 
161500     INFO  main            d.u.i.k.p.i.AbstractProblemLoader Creating init config 
163805     DEBUG main            d.u.i.k.p.i.AbstractProblemLoader Init config took 2.31s 
163818     INFO  main            d.u.i.k.p.i.AbstractProblemLoader Replaying proof incrementcounter.key.proof 
163822     DEBUG main            d.u.i.k.p.i.IntermediateProofReplayer Proof replay took 1.64ms 
163822     DEBUG main            d.u.i.k.p.r.p.TestFile    ... success: reloaded. 
163823     INFO  main            d.u.i.k.p.r.p.TestFile    Now processing file /home/runner/work/key/key/key.core/../key.ui/examples/standard_key/java_dl/danglingElse.key 
163823     INFO  main            d.u.i.k.p.i.AbstractProblemLoader Loading environment from /home/runner/work/key/key/key.core/../key.ui/examples/standard_key/java_dl/danglingElse.key 
163823     DEBUG main            d.u.i.k.p.i.AbstractProblemLoader Environment load took 151.3ns 
163824     INFO  main            d.u.i.k.p.i.AbstractProblemLoader Creating init config 
166173     DEBUG main            d.u.i.k.p.i.AbstractProblemLoader Init config took 2.35s 
166186     INFO  main            d.u.i.k.p.i.AbstractProblemLoader Replaying proof danglingElse.key 
166188     DEBUG main            d.u.i.k.p.i.IntermediateProofReplayer Proof replay took 6.3ns 
166292     INFO  main            d.u.i.k.p.r.p.TestFile    ... finished proof: open goal(s) 
166566     INFO  main            d.u.i.k.p.r.p.TestFile    Now processing file /home/runner/work/key/key/key.core/../key.ui/examples/standard_key/java_dl/iteratedAssignment.key 
166566     INFO  main            d.u.i.k.p.i.AbstractProblemLoader Loading environment from /home/runner/work/key/key/key.core/../key.ui/examples/standard_key/java_dl/iteratedAssignment.key 
166566     DEBUG main            d.u.i.k.p.i.AbstractProblemLoader Environment load took 47.2ns 
166569     INFO  main            d.u.i.k.p.i.AbstractProblemLoader Creating init config 
168868     DEBUG main            d.u.i.k.p.i.AbstractProblemLoader Init config took 2.3s 
168881     INFO  main            d.u.i.k.p.i.AbstractProblemLoader Replaying proof iteratedAssignment.key 
168884     DEBUG main            d.u.i.k.p.i.IntermediateProofReplayer Proof replay took 6.3ns 
169188     INFO  main            d.u.i.k.p.r.p.TestFile    ... finished proof: closed. 
169468     INFO  main            d.u.i.k.p.i.AbstractProblemLoader Loading environment from /home/runner/work/key/key/key.core/../key.ui/examples/standard_key/java_dl/iteratedAssignment.key.proof 
169468     DEBUG main            d.u.i.k.p.i.AbstractProblemLoader Environment load took 78ns 
169469     INFO  main            d.u.i.k.p.i.AbstractProblemLoader Creating init config 
171766     DEBUG main            d.u.i.k.p.i.AbstractProblemLoader Init config took 2.3s 
171779     INFO  main            d.u.i.k.p.i.AbstractProblemLoader Replaying proof iteratedAssignment.key.proof 
171833     DEBUG main            d.u.i.k.p.i.IntermediateProofReplayer Proof replay took 50.68ms 
171834     DEBUG main            d.u.i.k.p.r.p.TestFile    ... success: reloaded. 
171834     INFO  main            d.u.i.k.p.r.p.TestFile    Now processing file /home/runner/work/key/key/key.core/../key.ui/examples/standard_key/java_dl/assert/assert1.key 
171834     INFO  main            d.u.i.k.p.i.AbstractProblemLoader Loading environment from /home/runner/work/key/key/key.core/../key.ui/examples/standard_key/java_dl/assert/assert1.key 
171834     DEBUG main            d.u.i.k.p.i.AbstractProblemLoader Environment load took 45.1ns 
171835     INFO  main            d.u.i.k.p.i.AbstractProblemLoader Creating init config 
174214     DEBUG main            d.u.i.k.p.i.AbstractProblemLoader Init config took 2.38s 
174247     INFO  main            d.u.i.k.p.i.AbstractProblemLoader Replaying proof C[C::foo()].JML normal_behavior operation contract.0 
174249     DEBUG main            d.u.i.k.p.i.IntermediateProofReplayer Proof replay took 6.2ns 
174350     INFO  main            d.u.i.k.p.r.p.TestFile    ... finished proof: open goal(s) 
174645     INFO  main            d.u.i.k.p.r.p.TestFile    Now processing file /home/runner/work/key/key/key.core/../key.ui/examples/standard_key/java_dl/assert/assert2.key 
174645     INFO  main            d.u.i.k.p.i.AbstractProblemLoader Loading environment from /home/runner/work/key/key/key.core/../key.ui/examples/standard_key/java_dl/assert/assert2.key 
174646     DEBUG main            d.u.i.k.p.i.AbstractProblemLoader Environment load took 44.4ns 
174646     INFO  main            d.u.i.k.p.i.AbstractProblemLoader Creating init config 
176989     DEBUG main            d.u.i.k.p.i.AbstractProblemLoader Init config took 2.34s 
177028     INFO  main            d.u.i.k.p.i.AbstractProblemLoader Replaying proof C[C::bar()].JML exceptional_behavior operation contract.0 
177030     DEBUG main            d.u.i.k.p.i.IntermediateProofReplayer Proof replay took 27.2ns 
177232     INFO  main            d.u.i.k.p.r.p.TestFile    ... finished proof: closed. 
177510     INFO  main            d.u.i.k.p.i.AbstractProblemLoader Loading environment from /home/runner/work/key/key/key.core/../key.ui/examples/standard_key/java_dl/assert/assert2.key.proof 
177510     DEBUG main            d.u.i.k.p.i.AbstractProblemLoader Environment load took 82.1ns 
177511     INFO  main            d.u.i.k.p.i.AbstractProblemLoader Creating init config 
179852     DEBUG main            d.u.i.k.p.i.AbstractProblemLoader Init config took 2.34s 
179883     INFO  main            d.u.i.k.p.i.AbstractProblemLoader Replaying proof C[C::bar()].JML exceptional_behavior operation contract.0 
179918     DEBUG main            d.u.i.k.p.i.IntermediateProofReplayer Proof replay took 33.11ms 
179919     DEBUG main            d.u.i.k.p.r.p.TestFile    ... success: reloaded. 
179920     INFO  main            d.u.i.k.p.r.p.TestFile    Now processing file /home/runner/work/key/key/key.core/../key.ui/examples/standard_key/java_dl/assert/assert3.key 
179920     INFO  main            d.u.i.k.p.i.AbstractProblemLoader Loading environment from /home/runner/work/key/key/key.core/../key.ui/examples/standard_key/java_dl/assert/assert3.key 
179920     DEBUG main            d.u.i.k.p.i.AbstractProblemLoader Environment load took 68.3ns 
179921     INFO  main            d.u.i.k.p.i.AbstractProblemLoader Creating init config 
182301     DEBUG main            d.u.i.k.p.i.AbstractProblemLoader Init config took 2.38s 
182334     INFO  main            d.u.i.k.p.i.AbstractProblemLoader Replaying proof C[C::foo()].JML normal_behavior operation contract.0 
182335     DEBUG main            d.u.i.k.p.i.IntermediateProofReplayer Proof replay took 5.8ns 
182437     INFO  main            d.u.i.k.p.r.p.TestFile    ... finished proof: open goal(s) 
182728     INFO  main            d.u.i.k.p.r.p.TestFile    Now processing file /home/runner/work/key/key/key.core/../key.ui/examples/standard_key/java_dl/java5/vararg.key 
182728     INFO  main            d.u.i.k.p.i.AbstractProblemLoader Loading environment from /home/runner/work/key/key/key.core/../key.ui/examples/standard_key/java_dl/java5/vararg.key 
182728     DEBUG main            d.u.i.k.p.i.AbstractProblemLoader Environment load took 62.9ns 
182729     INFO  main            d.u.i.k.p.i.AbstractProblemLoader Creating init config 
183589     DEBUG main            d.u.i.k.j.r.ClassPreparationMethodBuilder clPrepBuilder: Inner Class detected. Reject building class initialisation methods. 
185394     DEBUG main            d.u.i.k.p.i.AbstractProblemLoader Init config took 2.66s 
185417     INFO  main            d.u.i.k.p.i.AbstractProblemLoader Replaying proof vararg.key 
185418     DEBUG main            d.u.i.k.p.i.IntermediateProofReplayer Proof replay took 5.8ns 
185685     DEBUG Thread-101      d.u.i.k.j.d.VariableSpecification Program match. Variables have different dimension (template #v0 = #vi;, source var#17[] = new java.lang.Object[]{d1, d2};) 
185827     DEBUG Thread-101      d.u.i.k.j.d.VariableSpecification Program match. Variables have different dimension (template #v0 = #vi;, source var#24[] = new java.lang.Object[]{d1, d2};) 
185955     DEBUG Thread-101      d.u.i.k.j.d.VariableSpecification Program match. Variables have different dimension (template #v0 = #vi;, source var#33[] = new java.lang.Object[]{var_1};) 
185956     DEBUG Thread-101      d.u.i.k.j.d.VariableSpecification Program match. Variables have different dimension (template #v0 = #vi;, source var#33[] = new java.lang.Object[]{var_1};) 
186062     DEBUG Thread-101      d.u.i.k.j.d.VariableSpecification Program match. Variables have different dimension (template #v0 = #vi;, source var#39[] = new java.lang.Object[]{null, null};) 
186184     DEBUG Thread-101      d.u.i.k.j.d.VariableSpecification Program match. Variables have different dimension (template #v0 = #vi;, source var#46[] = new java.lang.Object[]{};) 
186529     INFO  main            d.u.i.k.p.r.p.TestFile    ... finished proof: closed. 
186884     INFO  main            d.u.i.k.p.i.AbstractProblemLoader Loading environment from /home/runner/work/key/key/key.core/../key.ui/examples/standard_key/java_dl/java5/vararg.key.proof 
186884     DEBUG main            d.u.i.k.p.i.AbstractProblemLoader Environment load took 299.3ns 
186886     INFO  main            d.u.i.k.p.i.AbstractProblemLoader Creating init config 
187732     DEBUG main            d.u.i.k.j.r.ClassPreparationMethodBuilder clPrepBuilder: Inner Class detected. Reject building class initialisation methods. 
189478     DEBUG main            d.u.i.k.p.i.AbstractProblemLoader Init config took 2.59s 
189501     INFO  main            d.u.i.k.p.i.AbstractProblemLoader Replaying proof vararg.key.proof 
189796     DEBUG main            d.u.i.k.p.i.IntermediateProofReplayer Proof replay took 284.04ms 
189797     DEBUG main            d.u.i.k.p.r.p.TestFile    ... success: reloaded. 
189798     INFO  main            d.u.i.k.p.r.p.TestFile    Now processing file /home/runner/work/key/key/key.core/../key.ui/examples/standard_key/java_dl/java5/for_Array.key 
189799     INFO  main            d.u.i.k.p.i.AbstractProblemLoader Loading environment from /home/runner/work/key/key/key.core/../key.ui/examples/standard_key/java_dl/java5/for_Array.key 
189799     DEBUG main            d.u.i.k.p.i.AbstractProblemLoader Environment load took 148ns 
189800     INFO  main            d.u.i.k.p.i.AbstractProblemLoader Creating init config 
190639     DEBUG main            d.u.i.k.j.r.ClassPreparationMethodBuilder clPrepBuilder: Inner Class detected. Reject building class initialisation methods. 
192447     DEBUG main            d.u.i.k.p.i.AbstractProblemLoader Init config took 2.65s 
192497     INFO  main            d.u.i.k.p.i.AbstractProblemLoader Replaying proof For[For::sum([I)].JML operation contract.0 
192498     DEBUG main            d.u.i.k.p.i.IntermediateProofReplayer Proof replay took 7.3ns 
192804     INFO  main            d.u.i.k.p.r.p.TestFile    ... finished proof: closed. 
193171     INFO  main            d.u.i.k.p.i.AbstractProblemLoader Loading environment from /home/runner/work/key/key/key.core/../key.ui/examples/standard_key/java_dl/java5/for_Array.key.proof 
193171     DEBUG main            d.u.i.k.p.i.AbstractProblemLoader Environment load took 125.8ns 
193172     INFO  main            d.u.i.k.p.i.AbstractProblemLoader Creating init config 
193974     DEBUG main            d.u.i.k.j.r.ClassPreparationMethodBuilder clPrepBuilder: Inner Class detected. Reject building class initialisation methods. 
195710     DEBUG main            d.u.i.k.p.i.AbstractProblemLoader Init config took 2.54s 
195758     INFO  main            d.u.i.k.p.i.AbstractProblemLoader Replaying proof For[For::sum([I)].JML operation contract.0 
195839     DEBUG main            d.u.i.k.p.i.IntermediateProofReplayer Proof replay took 75.63ms 
195840     DEBUG main            d.u.i.k.p.r.p.TestFile    ... success: reloaded. 
195841     INFO  main            d.u.i.k.p.r.p.TestFile    Now processing file /home/runner/work/key/key/key.core/../key.ui/examples/standard_key/java_dl/java5/for_Iterable.key 
195841     INFO  main            d.u.i.k.p.i.AbstractProblemLoader Loading environment from /home/runner/work/key/key/key.core/../key.ui/examples/standard_key/java_dl/java5/for_Iterable.key 
195841     DEBUG main            d.u.i.k.p.i.AbstractProblemLoader Environment load took 142.3ns 
195842     INFO  main            d.u.i.k.p.i.AbstractProblemLoader Creating init config 
196648     DEBUG main            d.u.i.k.j.r.ClassPreparationMethodBuilder clPrepBuilder: Inner Class detected. Reject building class initialisation methods. 
198377     DEBUG main            d.u.i.k.p.i.AbstractProblemLoader Init config took 2.53s 
198423     INFO  main            d.u.i.k.p.i.AbstractProblemLoader Replaying proof For[For::infiniteLoop(For)].JML operation contract.0 
198425     DEBUG main            d.u.i.k.p.i.IntermediateProofReplayer Proof replay took 5.4ns 
198627     INFO  main            d.u.i.k.p.r.p.TestFile    ... finished proof: closed. 
198965     INFO  main            d.u.i.k.p.i.AbstractProblemLoader Loading environment from /home/runner/work/key/key/key.core/../key.ui/examples/standard_key/java_dl/java5/for_Iterable.key.proof 
198965     DEBUG main            d.u.i.k.p.i.AbstractProblemLoader Environment load took 81.1ns 
198966     INFO  main            d.u.i.k.p.i.AbstractProblemLoader Creating init config 
199774     DEBUG main            d.u.i.k.j.r.ClassPreparationMethodBuilder clPrepBuilder: Inner Class detected. Reject building class initialisation methods. 
201461     DEBUG main            d.u.i.k.p.i.AbstractProblemLoader Init config took 2.5s 
201519     INFO  main            d.u.i.k.p.i.AbstractProblemLoader Replaying proof For[For::infiniteLoop(For)].JML operation contract.0 
201564     DEBUG main            d.u.i.k.p.i.IntermediateProofReplayer Proof replay took 43.37ms 
201565     DEBUG main            d.u.i.k.p.r.p.TestFile    ... success: reloaded. 
201565     INFO  main            d.u.i.k.p.r.p.TestFile    Now processing file /home/runner/work/key/key/key.core/../key.ui/examples/standard_key/java_dl/java5/for_ReferenceArray.key 
201566     INFO  main            d.u.i.k.p.i.AbstractProblemLoader Loading environment from /home/runner/work/key/key/key.core/../key.ui/examples/standard_key/java_dl/java5/for_ReferenceArray.key 
201566     DEBUG main            d.u.i.k.p.i.AbstractProblemLoader Environment load took 56.6ns 
201566     INFO  main            d.u.i.k.p.i.AbstractProblemLoader Creating init config 
202370     DEBUG main            d.u.i.k.j.r.ClassPreparationMethodBuilder clPrepBuilder: Inner Class detected. Reject building class initialisation methods. 
204090     DEBUG main            d.u.i.k.p.i.AbstractProblemLoader Init config took 2.52s 
204138     INFO  main            d.u.i.k.p.i.AbstractProblemLoader Replaying proof ForReferenceArray[ForReferenceArray::foo([Ljava.lang.Object)].JML operation contract.0 
204140     DEBUG main            d.u.i.k.p.i.IntermediateProofReplayer Proof replay took 6.7ns 
204342     INFO  main            d.u.i.k.p.r.p.TestFile    ... finished proof: closed. 
204676     INFO  main            d.u.i.k.p.i.AbstractProblemLoader Loading environment from /home/runner/work/key/key/key.core/../key.ui/examples/standard_key/java_dl/java5/for_ReferenceArray.key.proof 
204676     DEBUG main            d.u.i.k.p.i.AbstractProblemLoader Environment load took 95ns 
204676     INFO  main            d.u.i.k.p.i.AbstractProblemLoader Creating init config 
205469     DEBUG main            d.u.i.k.j.r.ClassPreparationMethodBuilder clPrepBuilder: Inner Class detected. Reject building class initialisation methods. 
207149     DEBUG main            d.u.i.k.p.i.AbstractProblemLoader Init config took 2.47s 
207196     INFO  main            d.u.i.k.p.i.AbstractProblemLoader Replaying proof ForReferenceArray[ForReferenceArray::foo([Ljava.lang.Object)].JML operation contract.0 
207260     DEBUG main            d.u.i.k.p.i.IntermediateProofReplayer Proof replay took 60.64ms 
207261     DEBUG main            d.u.i.k.p.r.p.TestFile    ... success: reloaded. 
207261     INFO  main            d.u.i.k.p.r.p.TestFile    Now processing file /home/runner/work/key/key/key.core/../key.ui/examples/standard_key/java_dl/jml-bigint/cast.key 
207262     INFO  main            d.u.i.k.p.i.AbstractProblemLoader Loading environment from /home/runner/work/key/key/key.core/../key.ui/examples/standard_key/java_dl/jml-bigint/cast.key 
207262     DEBUG main            d.u.i.k.p.i.AbstractProblemLoader Environment load took 56.6ns 
207262     INFO  main            d.u.i.k.p.i.AbstractProblemLoader Creating init config 
209698     DEBUG main            d.u.i.k.p.i.AbstractProblemLoader Init config took 2.44s 
209730     INFO  main            d.u.i.k.p.i.AbstractProblemLoader Replaying proof Mult[Mult::cast()].JML operation contract.0 
209732     DEBUG main            d.u.i.k.p.i.IntermediateProofReplayer Proof replay took 6.2ns 
209835     INFO  main            d.u.i.k.p.r.p.TestFile    ... finished proof: closed. 
210163     INFO  main            d.u.i.k.p.i.AbstractProblemLoader Loading environment from /home/runner/work/key/key/key.core/../key.ui/examples/standard_key/java_dl/jml-bigint/cast.key.proof 
210163     DEBUG main            d.u.i.k.p.i.AbstractProblemLoader Environment load took 97.9ns 
210164     INFO  main            d.u.i.k.p.i.AbstractProblemLoader Creating init config 
212568     DEBUG main            d.u.i.k.p.i.AbstractProblemLoader Init config took 2.4s 
212600     INFO  main            d.u.i.k.p.i.AbstractProblemLoader Replaying proof Mult[Mult::cast()].JML operation contract.0 
212613     DEBUG main            d.u.i.k.p.i.IntermediateProofReplayer Proof replay took 10.54ms 
212613     DEBUG main            d.u.i.k.p.r.p.TestFile    ... success: reloaded. 
212614     INFO  main            d.u.i.k.p.r.p.TestFile    Now processing file /home/runner/work/key/key/key.core/../key.ui/examples/standard_key/java_dl/jml-free/loopInvFree.key 
212614     INFO  main            d.u.i.k.p.i.AbstractProblemLoader Loading environment from /home/runner/work/key/key/key.core/../key.ui/examples/standard_key/java_dl/jml-free/loopInvFree.key 
212615     DEBUG main            d.u.i.k.p.i.AbstractProblemLoader Environment load took 150.5ns 
212615     INFO  main            d.u.i.k.p.i.AbstractProblemLoader Creating init config 
214985     DEBUG main            d.u.i.k.p.i.AbstractProblemLoader Init config took 2.37s 
215017     INFO  main            d.u.i.k.p.i.AbstractProblemLoader Replaying proof LoopInvFree[LoopInvFree::test()].JML operation contract.0 
215018     DEBUG main            d.u.i.k.p.i.IntermediateProofReplayer Proof replay took 5.8ns 
215220     INFO  main            d.u.i.k.p.r.p.TestFile    ... finished proof: closed. 
215543     INFO  main            d.u.i.k.p.i.AbstractProblemLoader Loading environment from /home/runner/work/key/key/key.core/../key.ui/examples/standard_key/java_dl/jml-free/loopInvFree.key.proof 
215543     DEBUG main            d.u.i.k.p.i.AbstractProblemLoader Environment load took 80.1ns 
215544     INFO  main            d.u.i.k.p.i.AbstractProblemLoader Creating init config 
217882     DEBUG main            d.u.i.k.p.i.AbstractProblemLoader Init config took 2.34s 
217912     INFO  main            d.u.i.k.p.i.AbstractProblemLoader Replaying proof LoopInvFree[LoopInvFree::test()].JML operation contract.0 
217948     DEBUG main            d.u.i.k.p.i.IntermediateProofReplayer Proof replay took 34.37ms 
217949     DEBUG main            d.u.i.k.p.r.p.TestFile    ... success: reloaded. 
217950     INFO  main            d.u.i.k.p.r.p.TestFile    Now processing file /home/runner/work/key/key/key.core/../key.ui/examples/standard_key/java_dl/jml-free/ensuresFree.key 
217950     INFO  main            d.u.i.k.p.i.AbstractProblemLoader Loading environment from /home/runner/work/key/key/key.core/../key.ui/examples/standard_key/java_dl/jml-free/ensuresFree.key 
217950     DEBUG main            d.u.i.k.p.i.AbstractProblemLoader Environment load took 68ns 
217951     INFO  main            d.u.i.k.p.i.AbstractProblemLoader Creating init config 
220314     DEBUG main            d.u.i.k.p.i.AbstractProblemLoader Init config took 2.36s 
220345     INFO  main            d.u.i.k.p.i.AbstractProblemLoader Replaying proof EnsuresFree[EnsuresFree::test()].JML operation contract.0 
220346     DEBUG main            d.u.i.k.p.i.IntermediateProofReplayer Proof replay took 6.7ns 
220447     INFO  main            d.u.i.k.p.r.p.TestFile    ... finished proof: closed. 
220777     INFO  main            d.u.i.k.p.i.AbstractProblemLoader Loading environment from /home/runner/work/key/key/key.core/../key.ui/examples/standard_key/java_dl/jml-free/ensuresFree.key.proof 
220777     DEBUG main            d.u.i.k.p.i.AbstractProblemLoader Environment load took 77.9ns 
220778     INFO  main            d.u.i.k.p.i.AbstractProblemLoader Creating init config 
223134     DEBUG main            d.u.i.k.p.i.AbstractProblemLoader Init config took 2.36s 
223165     INFO  main            d.u.i.k.p.i.AbstractProblemLoader Replaying proof EnsuresFree[EnsuresFree::test()].JML operation contract.0 
223180     DEBUG main            d.u.i.k.p.i.IntermediateProofReplayer Proof replay took 14.32ms 
223181     DEBUG main            d.u.i.k.p.r.p.TestFile    ... success: reloaded. 
223182     INFO  main            d.u.i.k.p.r.p.TestFile    Now processing file /home/runner/work/key/key/key.core/../key.ui/examples/standard_key/java_dl/jml-information-flow.key 
223182     INFO  main            d.u.i.k.p.i.AbstractProblemLoader Loading environment from /home/runner/work/key/key/key.core/../key.ui/examples/standard_key/java_dl/jml-information-flow.key 
223182     DEBUG main            d.u.i.k.p.i.AbstractProblemLoader Environment load took 58.9ns 
223187     INFO  main            d.u.i.k.p.i.AbstractProblemLoader Creating init config 
225747     DEBUG main            d.u.i.k.p.i.AbstractProblemLoader Init config took 2.56s 
225764     INFO  main            d.u.i.k.p.i.AbstractProblemLoader Replaying proof jml-information-flow.key 
225765     DEBUG main            d.u.i.k.p.i.IntermediateProofReplayer Proof replay took 6.9ns 
325709     INFO  main            d.u.i.k.p.r.p.TestFile    ... finished proof: closed. 
326206     INFO  main            d.u.i.k.p.i.AbstractProblemLoader Loading environment from /home/runner/work/key/key/key.core/../key.ui/examples/standard_key/java_dl/jml-information-flow.key.proof 
326207     DEBUG main            d.u.i.k.p.i.AbstractProblemLoader Environment load took 306.2ns 
326214     INFO  main            d.u.i.k.p.i.AbstractProblemLoader Creating init config 
328698     DEBUG main            d.u.i.k.p.i.AbstractProblemLoader Init config took 2.48s 
328715     INFO  main            d.u.i.k.p.i.AbstractProblemLoader Replaying proof jml-information-flow.key.proof 
331901     DEBUG main            d.u.i.k.p.i.IntermediateProofReplayer Proof replay took 3.08s 
331907     DEBUG main            d.u.i.k.p.r.p.TestFile    ... success: reloaded. 
331908     INFO  main            d.u.i.k.p.r.p.TestFile    Now processing file /home/runner/work/key/key/key.core/../key.ui/examples/standard_key/java_dl/jml-min/min-unprovable1.key 
331909     INFO  main            d.u.i.k.p.i.AbstractProblemLoader Loading environment from /home/runner/work/key/key/key.core/../key.ui/examples/standard_key/java_dl/jml-min/min-unprovable1.key 
331909     DEBUG main            d.u.i.k.p.i.AbstractProblemLoader Environment load took 161.9ns 
331910     INFO  main            d.u.i.k.p.i.AbstractProblemLoader Creating init config 
334373     DEBUG main            d.u.i.k.p.i.AbstractProblemLoader Init config took 2.46s 
334404     INFO  main            d.u.i.k.p.i.AbstractProblemLoader Replaying proof Min[Min::foo()].JML operation contract.0 
334405     DEBUG main            d.u.i.k.p.i.IntermediateProofReplayer Proof replay took 5.7ns 
334507     INFO  main            d.u.i.k.p.r.p.TestFile    ... finished proof: open goal(s) 
334976     INFO  main            d.u.i.k.p.r.p.TestFile    Now processing file /home/runner/work/key/key/key.core/../key.ui/examples/standard_key/java_dl/jml-min/min-unprovable2.key 
334976     INFO  main            d.u.i.k.p.i.AbstractProblemLoader Loading environment from /home/runner/work/key/key/key.core/../key.ui/examples/standard_key/java_dl/jml-min/min-unprovable2.key 
334977     DEBUG main            d.u.i.k.p.i.AbstractProblemLoader Environment load took 43.1ns 
334977     INFO  main            d.u.i.k.p.i.AbstractProblemLoader Creating init config 
337339     DEBUG main            d.u.i.k.p.i.AbstractProblemLoader Init config took 2.36s 
337370     INFO  main            d.u.i.k.p.i.AbstractProblemLoader Replaying proof Min[Min::foo2()].JML operation contract.0 
337371     DEBUG main            d.u.i.k.p.i.IntermediateProofReplayer Proof replay took 6.4ns 
337473     INFO  main            d.u.i.k.p.r.p.TestFile    ... finished proof: open goal(s) 
337814     INFO  main            d.u.i.k.p.r.p.TestFile    Now processing file /home/runner/work/key/key/key.core/../key.ui/examples/standard_key/java_dl/methodCall.key 
337814     INFO  main            d.u.i.k.p.i.AbstractProblemLoader Loading environment from /home/runner/work/key/key/key.core/../key.ui/examples/standard_key/java_dl/methodCall.key 
337814     DEBUG main            d.u.i.k.p.i.AbstractProblemLoader Environment load took 41.2ns 
337815     INFO  main            d.u.i.k.p.i.AbstractProblemLoader Creating init config 
340150     DEBUG main            d.u.i.k.p.i.AbstractProblemLoader Init config took 2.34s 
340163     INFO  main            d.u.i.k.p.i.AbstractProblemLoader Replaying proof methodCall.key 
340164     DEBUG main            d.u.i.k.p.i.IntermediateProofReplayer Proof replay took 6.5ns 
340266     INFO  main            d.u.i.k.p.r.p.TestFile    ... finished proof: closed. 
340607     INFO  main            d.u.i.k.p.i.AbstractProblemLoader Loading environment from /home/runner/work/key/key/key.core/../key.ui/examples/standard_key/java_dl/methodCall.key.proof 
340607     DEBUG main            d.u.i.k.p.i.AbstractProblemLoader Environment load took 77.7ns 
340608     INFO  main            d.u.i.k.p.i.AbstractProblemLoader Creating init config 
342939     DEBUG main            d.u.i.k.p.i.AbstractProblemLoader Init config took 2.33s 
342952     INFO  main            d.u.i.k.p.i.AbstractProblemLoader Replaying proof methodCall.key.proof 
342955     DEBUG main            d.u.i.k.p.i.IntermediateProofReplayer Proof replay took 1.65ms 
342955     DEBUG main            d.u.i.k.p.r.p.TestFile    ... success: reloaded. 
342956     INFO  main            d.u.i.k.p.r.p.TestFile    Now processing file /home/runner/work/key/key/key.core/../key.ui/examples/standard_key/java_dl/methodCall1.key 
342956     INFO  main            d.u.i.k.p.i.AbstractProblemLoader Loading environment from /home/runner/work/key/key/key.core/../key.ui/examples/standard_key/java_dl/methodCall1.key 
342956     DEBUG main            d.u.i.k.p.i.AbstractProblemLoader Environment load took 54.5ns 
342957     INFO  main            d.u.i.k.p.i.AbstractProblemLoader Creating init config 
345324     DEBUG main            d.u.i.k.p.i.AbstractProblemLoader Init config took 2.37s 
345337     INFO  main            d.u.i.k.p.i.AbstractProblemLoader Replaying proof methodCall1.key 
345338     DEBUG main            d.u.i.k.p.i.IntermediateProofReplayer Proof replay took 5.7ns 
345440     INFO  main            d.u.i.k.p.r.p.TestFile    ... finished proof: closed. 
345819     INFO  main            d.u.i.k.p.i.AbstractProblemLoader Loading environment from /home/runner/work/key/key/key.core/../key.ui/examples/standard_key/java_dl/methodCall1.key.proof 
345819     DEBUG main            d.u.i.k.p.i.AbstractProblemLoader Environment load took 79.2ns 
345820     INFO  main            d.u.i.k.p.i.AbstractProblemLoader Creating init config 
348253     DEBUG main            d.u.i.k.p.i.AbstractProblemLoader Init config took 2.43s 
348267     INFO  main            d.u.i.k.p.i.AbstractProblemLoader Replaying proof methodCall1.key.proof 
348280     DEBUG main            d.u.i.k.p.i.IntermediateProofReplayer Proof replay took 11.23ms 
348280     DEBUG main            d.u.i.k.p.r.p.TestFile    ... success: reloaded. 
348281     INFO  main            d.u.i.k.p.r.p.TestFile    Now processing file /home/runner/work/key/key/key.core/../key.ui/examples/standard_key/java_dl/methodCall1box.key 
348281     INFO  main            d.u.i.k.p.i.AbstractProblemLoader Loading environment from /home/runner/work/key/key/key.core/../key.ui/examples/standard_key/java_dl/methodCall1box.key 
348281     DEBUG main            d.u.i.k.p.i.AbstractProblemLoader Environment load took 69ns 
348282     INFO  main            d.u.i.k.p.i.AbstractProblemLoader Creating init config 
350663     DEBUG main            d.u.i.k.p.i.AbstractProblemLoader Init config took 2.38s 
350676     INFO  main            d.u.i.k.p.i.AbstractProblemLoader Replaying proof methodCall1box.key 
350677     DEBUG main            d.u.i.k.p.i.IntermediateProofReplayer Proof replay took 7.8ns 
350779     INFO  main            d.u.i.k.p.r.p.TestFile    ... finished proof: closed. 
351165     INFO  main            d.u.i.k.p.i.AbstractProblemLoader Loading environment from /home/runner/work/key/key/key.core/../key.ui/examples/standard_key/java_dl/methodCall1box.key.proof 
351165     DEBUG main            d.u.i.k.p.i.AbstractProblemLoader Environment load took 76.7ns 
351166     INFO  main            d.u.i.k.p.i.AbstractProblemLoader Creating init config 
353540     DEBUG main            d.u.i.k.p.i.AbstractProblemLoader Init config took 2.37s 
353553     INFO  main            d.u.i.k.p.i.AbstractProblemLoader Replaying proof methodCall1box.key.proof 
353566     DEBUG main            d.u.i.k.p.i.IntermediateProofReplayer Proof replay took 11.03ms 
353567     DEBUG main            d.u.i.k.p.r.p.TestFile    ... success: reloaded. 
353567     INFO  main            d.u.i.k.p.r.p.TestFile    Now processing file /home/runner/work/key/key/key.core/../key.ui/examples/standard_key/java_dl/methodCall3.key 
353567     INFO  main            d.u.i.k.p.i.AbstractProblemLoader Loading environment from /home/runner/work/key/key/key.core/../key.ui/examples/standard_key/java_dl/methodCall3.key 
353567     DEBUG main            d.u.i.k.p.i.AbstractProblemLoader Environment load took 65.7ns 
353568     INFO  main            d.u.i.k.p.i.AbstractProblemLoader Creating init config 
355982     DEBUG main            d.u.i.k.p.i.AbstractProblemLoader Init config took 2.41s 
355995     INFO  main            d.u.i.k.p.i.AbstractProblemLoader Replaying proof methodCall3.key 
355996     DEBUG main            d.u.i.k.p.i.IntermediateProofReplayer Proof replay took 6.6ns 
356097     INFO  main            d.u.i.k.p.r.p.TestFile    ... finished proof: closed. 
356463     INFO  main            d.u.i.k.p.i.AbstractProblemLoader Loading environment from /home/runner/work/key/key/key.core/../key.ui/examples/standard_key/java_dl/methodCall3.key.proof 
356463     DEBUG main            d.u.i.k.p.i.AbstractProblemLoader Environment load took 88.1ns 
356464     INFO  main            d.u.i.k.p.i.AbstractProblemLoader Creating init config 
358810     DEBUG main            d.u.i.k.p.i.AbstractProblemLoader Init config took 2.35s 
358823     INFO  main            d.u.i.k.p.i.AbstractProblemLoader Replaying proof methodCall3.key.proof 
358832     DEBUG main            d.u.i.k.p.i.IntermediateProofReplayer Proof replay took 7.37ms 
358833     DEBUG main            d.u.i.k.p.r.p.TestFile    ... success: reloaded. 
358833     INFO  main            d.u.i.k.p.r.p.TestFile    Now processing file /home/runner/work/key/key/key.core/../key.ui/examples/standard_key/java_dl/polishFlagSort.key 
358833     INFO  main            d.u.i.k.p.i.AbstractProblemLoader Loading environment from /home/runner/work/key/key/key.core/../key.ui/examples/standard_key/java_dl/polishFlagSort.key 
358833     DEBUG main            d.u.i.k.p.i.AbstractProblemLoader Environment load took 51.9ns 
358835     INFO  main            d.u.i.k.p.i.AbstractProblemLoader Creating init config 
361245     DEBUG main            d.u.i.k.p.i.AbstractProblemLoader Init config took 2.41s 
361258     INFO  main            d.u.i.k.p.i.AbstractProblemLoader Replaying proof polishFlagSort.key 
361260     DEBUG main            d.u.i.k.p.i.IntermediateProofReplayer Proof replay took 6.7ns 
363183     INFO  main            d.u.i.k.p.r.p.TestFile    ... finished proof: closed. 
363598     INFO  main            d.u.i.k.p.i.AbstractProblemLoader Loading environment from /home/runner/work/key/key/key.core/../key.ui/examples/standard_key/java_dl/polishFlagSort.key.proof 
363598     DEBUG main            d.u.i.k.p.i.AbstractProblemLoader Environment load took 321.6ns 
363600     INFO  main            d.u.i.k.p.i.AbstractProblemLoader Creating init config 
365971     DEBUG main            d.u.i.k.p.i.AbstractProblemLoader Init config took 2.37s 
365988     INFO  main            d.u.i.k.p.i.AbstractProblemLoader Replaying proof polishFlagSort.key.proof 
366318     DEBUG main            d.u.i.k.p.i.IntermediateProofReplayer Proof replay took 315.2ms 
366319     DEBUG main            d.u.i.k.p.r.p.TestFile    ... success: reloaded. 
366320     INFO  main            d.u.i.k.p.r.p.TestFile    Now processing file /home/runner/work/key/key/key.core/../key.ui/examples/standard_key/java_dl/postConditionTaclets1.key 
366320     INFO  main            d.u.i.k.p.i.AbstractProblemLoader Loading environment from /home/runner/work/key/key/key.core/../key.ui/examples/standard_key/java_dl/postConditionTaclets1.key 
366321     DEBUG main            d.u.i.k.p.i.AbstractProblemLoader Environment load took 134.3ns 
366321     INFO  main            d.u.i.k.p.i.AbstractProblemLoader Creating init config 
368643     DEBUG main            d.u.i.k.p.i.AbstractProblemLoader Init config took 2.32s 
368656     INFO  main            d.u.i.k.p.i.AbstractProblemLoader Replaying proof postConditionTaclets1.key 
368657     DEBUG main            d.u.i.k.p.i.IntermediateProofReplayer Proof replay took 6ns 
368758     INFO  main            d.u.i.k.p.r.p.TestFile    ... finished proof: closed. 
369173     INFO  main            d.u.i.k.p.i.AbstractProblemLoader Loading environment from /home/runner/work/key/key/key.core/../key.ui/examples/standard_key/java_dl/postConditionTaclets1.key.proof 
369173     DEBUG main            d.u.i.k.p.i.AbstractProblemLoader Environment load took 66.4ns 
369174     INFO  main            d.u.i.k.p.i.AbstractProblemLoader Creating init config 
371461     DEBUG main            d.u.i.k.p.i.AbstractProblemLoader Init config took 2.29s 
371474     INFO  main            d.u.i.k.p.i.AbstractProblemLoader Replaying proof postConditionTaclets1.key.proof 
371475     DEBUG main            d.u.i.k.p.i.IntermediateProofReplayer Proof replay took 360.7ns 
371476     DEBUG main            d.u.i.k.p.r.p.TestFile    ... success: reloaded. 
371476     INFO  main            d.u.i.k.p.r.p.TestFile    Now processing file /home/runner/work/key/key/key.core/../key.ui/examples/standard_key/java_dl/postConditionTaclets2.key 
371477     INFO  main            d.u.i.k.p.i.AbstractProblemLoader Loading environment from /home/runner/work/key/key/key.core/../key.ui/examples/standard_key/java_dl/postConditionTaclets2.key 
371477     DEBUG main            d.u.i.k.p.i.AbstractProblemLoader Environment load took 39.5ns 
371477     INFO  main            d.u.i.k.p.i.AbstractProblemLoader Creating init config 
373793     DEBUG main            d.u.i.k.p.i.AbstractProblemLoader Init config took 2.32s 
373805     INFO  main            d.u.i.k.p.i.AbstractProblemLoader Replaying proof postConditionTaclets2.key 
373806     DEBUG main            d.u.i.k.p.i.IntermediateProofReplayer Proof replay took 6.7ns 
373908     INFO  main            d.u.i.k.p.r.p.TestFile    ... finished proof: closed. 
374279     INFO  main            d.u.i.k.p.i.AbstractProblemLoader Loading environment from /home/runner/work/key/key/key.core/../key.ui/examples/standard_key/java_dl/postConditionTaclets2.key.proof 
374279     DEBUG main            d.u.i.k.p.i.AbstractProblemLoader Environment load took 68ns 
374280     INFO  main            d.u.i.k.p.i.AbstractProblemLoader Creating init config 
376570     DEBUG main            d.u.i.k.p.i.AbstractProblemLoader Init config took 2.29s 
376582     INFO  main            d.u.i.k.p.i.AbstractProblemLoader Replaying proof postConditionTaclets2.key.proof 
376584     DEBUG main            d.u.i.k.p.i.IntermediateProofReplayer Proof replay took 536.6ns 
376585     DEBUG main            d.u.i.k.p.r.p.TestFile    ... success: reloaded. 
376585     INFO  main            d.u.i.k.p.r.p.TestFile    Now processing file /home/runner/work/key/key/key.core/../key.ui/examples/standard_key/java_dl/quantifiedQuery.key 
376585     INFO  main            d.u.i.k.p.i.AbstractProblemLoader Loading environment from /home/runner/work/key/key/key.core/../key.ui/examples/standard_key/java_dl/quantifiedQuery.key 
376586     DEBUG main            d.u.i.k.p.i.AbstractProblemLoader Environment load took 42.8ns 
376587     INFO  main            d.u.i.k.p.i.AbstractProblemLoader Creating init config 
378949     DEBUG main            d.u.i.k.p.i.AbstractProblemLoader Init config took 2.36s 
378962     INFO  main            d.u.i.k.p.i.AbstractProblemLoader Replaying proof quantifiedQuery.key 
378964     DEBUG main            d.u.i.k.p.i.IntermediateProofReplayer Proof replay took 6.3ns 
379067     INFO  main            d.u.i.k.p.r.p.TestFile    ... finished proof: closed. 
379461     INFO  main            d.u.i.k.p.i.AbstractProblemLoader Loading environment from /home/runner/work/key/key/key.core/../key.ui/examples/standard_key/java_dl/quantifiedQuery.key.proof 
379461     DEBUG main            d.u.i.k.p.i.AbstractProblemLoader Environment load took 72.6ns 
379462     INFO  main            d.u.i.k.p.i.AbstractProblemLoader Creating init config 
381801     DEBUG main            d.u.i.k.p.i.AbstractProblemLoader Init config took 2.34s 
381815     INFO  main            d.u.i.k.p.i.AbstractProblemLoader Replaying proof quantifiedQuery.key.proof 
381825     DEBUG main            d.u.i.k.p.i.IntermediateProofReplayer Proof replay took 8.51ms 
381826     DEBUG main            d.u.i.k.p.r.p.TestFile    ... success: reloaded. 
381826     INFO  main            d.u.i.k.p.r.p.TestFile    Now processing file /home/runner/work/key/key/key.core/../key.ui/examples/standard_key/java_dl/recursion/triangular.key 
381826     INFO  main            d.u.i.k.p.i.AbstractProblemLoader Loading environment from /home/runner/work/key/key/key.core/../key.ui/examples/standard_key/java_dl/recursion/triangular.key 
381826     DEBUG main            d.u.i.k.p.i.AbstractProblemLoader Environment load took 68.3ns 
381827     INFO  main            d.u.i.k.p.i.AbstractProblemLoader Creating init config 
384184     DEBUG main            d.u.i.k.p.i.AbstractProblemLoader Init config took 2.36s 
384236     INFO  main            d.u.i.k.p.i.AbstractProblemLoader Replaying proof Triangular[Triangular::tria(int)].JML normal_behavior operation contract.0 
384237     DEBUG main            d.u.i.k.p.i.IntermediateProofReplayer Proof replay took 6.1ns 
384439     INFO  main            d.u.i.k.p.r.p.TestFile    ... finished proof: closed. 
384857     INFO  main            d.u.i.k.p.i.AbstractProblemLoader Loading environment from /home/runner/work/key/key/key.core/../key.ui/examples/standard_key/java_dl/recursion/triangular.key.proof 
384857     DEBUG main            d.u.i.k.p.i.AbstractProblemLoader Environment load took 75.2ns 
384858     INFO  main            d.u.i.k.p.i.AbstractProblemLoader Creating init config 
387189     DEBUG main            d.u.i.k.p.i.AbstractProblemLoader Init config took 2.33s 
387219     INFO  main            d.u.i.k.p.i.AbstractProblemLoader Replaying proof Triangular[Triangular::tria(int)].JML normal_behavior operation contract.0 
387246     DEBUG main            d.u.i.k.p.i.IntermediateProofReplayer Proof replay took 25.32ms 
387247     DEBUG main            d.u.i.k.p.r.p.TestFile    ... success: reloaded. 
387247     INFO  main            d.u.i.k.p.r.p.TestFile    Now processing file /home/runner/work/key/key/key.core/../key.ui/examples/standard_key/java_dl/reverseArray.key 
387247     INFO  main            d.u.i.k.p.i.AbstractProblemLoader Loading environment from /home/runner/work/key/key/key.core/../key.ui/examples/standard_key/java_dl/reverseArray.key 
387247     DEBUG main            d.u.i.k.p.i.AbstractProblemLoader Environment load took 61.3ns 
387249     INFO  main            d.u.i.k.p.i.AbstractProblemLoader Creating init config 
387266     WARN  main            d.u.i.k.j.r.KeYCrossReferenceNameInfo Datatype java.io.InputStream declared twice: Once in FILE:/home/runner/work/key/key/key.core/../key.ui/examples/standard_key/java_dl/./classpath/InputStream.java and once in URL:file:/home/runner/work/key/key/key.core/build/resources/main/de/uka/ilkd/key/java/JavaRedux/java/io/InputStream.java, Keeping one from URL:file:/home/runner/work/key/key/key.core/build/resources/main/de/uka/ilkd/key/java/JavaRedux/java/io/InputStream.java 
387266     WARN  main            d.u.i.k.j.r.KeYCrossReferenceNameInfo Datatype java.lang.System declared twice: Once in FILE:/home/runner/work/key/key/key.core/../key.ui/examples/standard_key/java_dl/./classpath/System.java and once in URL:file:/home/runner/work/key/key/key.core/build/resources/main/de/uka/ilkd/key/java/JavaRedux/java/lang/System.java, Keeping one from URL:file:/home/runner/work/key/key/key.core/build/resources/main/de/uka/ilkd/key/java/JavaRedux/java/lang/System.java 
387266     WARN  main            d.u.i.k.j.r.KeYCrossReferenceNameInfo Datatype java.io.PrintStream declared twice: Once in FILE:/home/runner/work/key/key/key.core/../key.ui/examples/standard_key/java_dl/./classpath/PrintStream.java and once in URL:file:/home/runner/work/key/key/key.core/build/resources/main/de/uka/ilkd/key/java/JavaRedux/java/io/PrintStream.java, Keeping one from URL:file:/home/runner/work/key/key/key.core/build/resources/main/de/uka/ilkd/key/java/JavaRedux/java/io/PrintStream.java 
387269     DEBUG main            d.u.i.k.j.r.ClassFileDeclarationBuilder Parsing: package java.io; public class Closeable { } 
387269     DEBUG main            r.s.KeYCrossReferenceSourceInfo Dynamically created class: java.io.Closeable 
389709     DEBUG main            d.u.i.k.p.i.AbstractProblemLoader Init config took 2.46s 
389727     INFO  main            d.u.i.k.p.i.AbstractProblemLoader Replaying proof reverseArray.key 
389729     DEBUG main            d.u.i.k.p.i.IntermediateProofReplayer Proof replay took 37ns 
393643     INFO  main            d.u.i.k.p.r.p.TestFile    ... finished proof: closed. 
394080     INFO  main            d.u.i.k.p.i.AbstractProblemLoader Loading environment from /home/runner/work/key/key/key.core/../key.ui/examples/standard_key/java_dl/reverseArray.key.proof 
394082     DEBUG main            d.u.i.k.p.i.AbstractProblemLoader Environment load took 2.82ms 
394084     INFO  main            d.u.i.k.p.i.AbstractProblemLoader Creating init config 
394105     WARN  main            d.u.i.k.j.r.KeYCrossReferenceNameInfo Datatype java.io.InputStream declared twice: Once in FILE:/home/runner/work/key/key/key.core/../key.ui/examples/standard_key/java_dl/classpath/InputStream.java and once in URL:file:/home/runner/work/key/key/key.core/build/resources/main/de/uka/ilkd/key/java/JavaRedux/java/io/InputStream.java, Keeping one from URL:file:/home/runner/work/key/key/key.core/build/resources/main/de/uka/ilkd/key/java/JavaRedux/java/io/InputStream.java 
394105     WARN  main            d.u.i.k.j.r.KeYCrossReferenceNameInfo Datatype java.lang.System declared twice: Once in FILE:/home/runner/work/key/key/key.core/../key.ui/examples/standard_key/java_dl/classpath/System.java and once in URL:file:/home/runner/work/key/key/key.core/build/resources/main/de/uka/ilkd/key/java/JavaRedux/java/lang/System.java, Keeping one from URL:file:/home/runner/work/key/key/key.core/build/resources/main/de/uka/ilkd/key/java/JavaRedux/java/lang/System.java 
394105     WARN  main            d.u.i.k.j.r.KeYCrossReferenceNameInfo Datatype java.io.PrintStream declared twice: Once in FILE:/home/runner/work/key/key/key.core/../key.ui/examples/standard_key/java_dl/classpath/PrintStream.java and once in URL:file:/home/runner/work/key/key/key.core/build/resources/main/de/uka/ilkd/key/java/JavaRedux/java/io/PrintStream.java, Keeping one from URL:file:/home/runner/work/key/key/key.core/build/resources/main/de/uka/ilkd/key/java/JavaRedux/java/io/PrintStream.java 
394108     DEBUG main            d.u.i.k.j.r.ClassFileDeclarationBuilder Parsing: package java.io; public class Closeable { } 
394108     DEBUG main            r.s.KeYCrossReferenceSourceInfo Dynamically created class: java.io.Closeable 
396487     DEBUG main            d.u.i.k.p.i.AbstractProblemLoader Init config took 2.4s 
396504     INFO  main            d.u.i.k.p.i.AbstractProblemLoader Replaying proof reverseArray.key.proof 
397111     DEBUG main            d.u.i.k.p.i.IntermediateProofReplayer Proof replay took 595.42ms 
397112     DEBUG main            d.u.i.k.p.r.p.TestFile    ... success: reloaded. 
397113     INFO  main            d.u.i.k.p.r.p.TestFile    Now processing file /home/runner/work/key/key/key.core/../key.ui/examples/standard_key/java_dl/reverseArray2.key 
397114     INFO  main            d.u.i.k.p.i.AbstractProblemLoader Loading environment from /home/runner/work/key/key/key.core/../key.ui/examples/standard_key/java_dl/reverseArray2.key 
397114     DEBUG main            d.u.i.k.p.i.AbstractProblemLoader Environment load took 140.8ns 
397116     INFO  main            d.u.i.k.p.i.AbstractProblemLoader Creating init config 
397133     WARN  main            d.u.i.k.j.r.KeYCrossReferenceNameInfo Datatype java.io.InputStream declared twice: Once in FILE:/home/runner/work/key/key/key.core/../key.ui/examples/standard_key/java_dl/classpath/InputStream.java and once in URL:file:/home/runner/work/key/key/key.core/build/resources/main/de/uka/ilkd/key/java/JavaRedux/java/io/InputStream.java, Keeping one from URL:file:/home/runner/work/key/key/key.core/build/resources/main/de/uka/ilkd/key/java/JavaRedux/java/io/InputStream.java 
397134     WARN  main            d.u.i.k.j.r.KeYCrossReferenceNameInfo Datatype java.lang.System declared twice: Once in FILE:/home/runner/work/key/key/key.core/../key.ui/examples/standard_key/java_dl/classpath/System.java and once in URL:file:/home/runner/work/key/key/key.core/build/resources/main/de/uka/ilkd/key/java/JavaRedux/java/lang/System.java, Keeping one from URL:file:/home/runner/work/key/key/key.core/build/resources/main/de/uka/ilkd/key/java/JavaRedux/java/lang/System.java 
397134     WARN  main            d.u.i.k.j.r.KeYCrossReferenceNameInfo Datatype java.io.PrintStream declared twice: Once in FILE:/home/runner/work/key/key/key.core/../key.ui/examples/standard_key/java_dl/classpath/PrintStream.java and once in URL:file:/home/runner/work/key/key/key.core/build/resources/main/de/uka/ilkd/key/java/JavaRedux/java/io/PrintStream.java, Keeping one from URL:file:/home/runner/work/key/key/key.core/build/resources/main/de/uka/ilkd/key/java/JavaRedux/java/io/PrintStream.java 
397136     DEBUG main            d.u.i.k.j.r.ClassFileDeclarationBuilder Parsing: package java.io; public class Closeable { } 
397137     DEBUG main            r.s.KeYCrossReferenceSourceInfo Dynamically created class: java.io.Closeable 
399675     DEBUG main            d.u.i.k.p.i.AbstractProblemLoader Init config took 2.56s 
399689     INFO  main            d.u.i.k.p.i.AbstractProblemLoader Replaying proof reverseArray2.key 
399691     DEBUG main            d.u.i.k.p.i.IntermediateProofReplayer Proof replay took 2.4ns 
400995     INFO  main            d.u.i.k.p.r.p.TestFile    ... finished proof: closed. 
401470     INFO  main            d.u.i.k.p.i.AbstractProblemLoader Loading environment from /home/runner/work/key/key/key.core/../key.ui/examples/standard_key/java_dl/reverseArray2.key.proof 
401471     DEBUG main            d.u.i.k.p.i.AbstractProblemLoader Environment load took 337.4ns 
401472     INFO  main            d.u.i.k.p.i.AbstractProblemLoader Creating init config 
401493     WARN  main            d.u.i.k.j.r.KeYCrossReferenceNameInfo Datatype java.io.InputStream declared twice: Once in FILE:/home/runner/work/key/key/key.core/../key.ui/examples/standard_key/java_dl/classpath/InputStream.java and once in URL:file:/home/runner/work/key/key/key.core/build/resources/main/de/uka/ilkd/key/java/JavaRedux/java/io/InputStream.java, Keeping one from URL:file:/home/runner/work/key/key/key.core/build/resources/main/de/uka/ilkd/key/java/JavaRedux/java/io/InputStream.java 
401493     WARN  main            d.u.i.k.j.r.KeYCrossReferenceNameInfo Datatype java.lang.System declared twice: Once in FILE:/home/runner/work/key/key/key.core/../key.ui/examples/standard_key/java_dl/classpath/System.java and once in URL:file:/home/runner/work/key/key/key.core/build/resources/main/de/uka/ilkd/key/java/JavaRedux/java/lang/System.java, Keeping one from URL:file:/home/runner/work/key/key/key.core/build/resources/main/de/uka/ilkd/key/java/JavaRedux/java/lang/System.java 
401493     WARN  main            d.u.i.k.j.r.KeYCrossReferenceNameInfo Datatype java.io.PrintStream declared twice: Once in FILE:/home/runner/work/key/key/key.core/../key.ui/examples/standard_key/java_dl/classpath/PrintStream.java and once in URL:file:/home/runner/work/key/key/key.core/build/resources/main/de/uka/ilkd/key/java/JavaRedux/java/io/PrintStream.java, Keeping one from URL:file:/home/runner/work/key/key/key.core/build/resources/main/de/uka/ilkd/key/java/JavaRedux/java/io/PrintStream.java 
401497     DEBUG main            d.u.i.k.j.r.ClassFileDeclarationBuilder Parsing: package java.io; public class Closeable { } 
401497     DEBUG main            r.s.KeYCrossReferenceSourceInfo Dynamically created class: java.io.Closeable 
403873     DEBUG main            d.u.i.k.p.i.AbstractProblemLoader Init config took 2.4s 
403887     INFO  main            d.u.i.k.p.i.AbstractProblemLoader Replaying proof reverseArray2.key.proof 
404094     DEBUG main            d.u.i.k.p.i.IntermediateProofReplayer Proof replay took 203.18ms 
404096     DEBUG main            d.u.i.k.p.r.p.TestFile    ... success: reloaded. 
404097     INFO  main            d.u.i.k.p.r.p.TestFile    Now processing file /home/runner/work/key/key/key.core/../key.ui/examples/standard_key/java_dl/simpleAssignment.key 
404097     INFO  main            d.u.i.k.p.i.AbstractProblemLoader Loading environment from /home/runner/work/key/key/key.core/../key.ui/examples/standard_key/java_dl/simpleAssignment.key 
404097     DEBUG main            d.u.i.k.p.i.AbstractProblemLoader Environment load took 161.9ns 
404098     INFO  main            d.u.i.k.p.i.AbstractProblemLoader Creating init config 
406428     DEBUG main            d.u.i.k.p.i.AbstractProblemLoader Init config took 2.33s 
406441     INFO  main            d.u.i.k.p.i.AbstractProblemLoader Replaying proof simpleAssignment.key 
406442     DEBUG main            d.u.i.k.p.i.IntermediateProofReplayer Proof replay took 3.3ns 
406543     INFO  main            d.u.i.k.p.r.p.TestFile    ... finished proof: closed. 
407000     INFO  main            d.u.i.k.p.i.AbstractProblemLoader Loading environment from /home/runner/work/key/key/key.core/../key.ui/examples/standard_key/java_dl/simpleAssignment.key.proof 
407000     DEBUG main            d.u.i.k.p.i.AbstractProblemLoader Environment load took 69.6ns 
407001     INFO  main            d.u.i.k.p.i.AbstractProblemLoader Creating init config 
409288     DEBUG main            d.u.i.k.p.i.AbstractProblemLoader Init config took 2.29s 
409300     INFO  main            d.u.i.k.p.i.AbstractProblemLoader Replaying proof simpleAssignment.key.proof 
409302     DEBUG main            d.u.i.k.p.i.IntermediateProofReplayer Proof replay took 625.9ns 
409303     DEBUG main            d.u.i.k.p.r.p.TestFile    ... success: reloaded. 
409303     INFO  main            d.u.i.k.p.r.p.TestFile    Now processing file /home/runner/work/key/key/key.core/../key.ui/examples/standard_key/java_dl/simpleAssignment2.key 
409303     INFO  main            d.u.i.k.p.i.AbstractProblemLoader Loading environment from /home/runner/work/key/key/key.core/../key.ui/examples/standard_key/java_dl/simpleAssignment2.key 
409303     DEBUG main            d.u.i.k.p.i.AbstractProblemLoader Environment load took 44.2ns 
409304     INFO  main            d.u.i.k.p.i.AbstractProblemLoader Creating init config 
411610     DEBUG main            d.u.i.k.p.i.AbstractProblemLoader Init config took 2.31s 
411622     INFO  main            d.u.i.k.p.i.AbstractProblemLoader Replaying proof simpleAssignment2.key 
411623     DEBUG main            d.u.i.k.p.i.IntermediateProofReplayer Proof replay took 2.8ns 
411724     INFO  main            d.u.i.k.p.r.p.TestFile    ... finished proof: closed. 
412143     INFO  main            d.u.i.k.p.i.AbstractProblemLoader Loading environment from /home/runner/work/key/key/key.core/../key.ui/examples/standard_key/java_dl/simpleAssignment2.key.proof 
412143     DEBUG main            d.u.i.k.p.i.AbstractProblemLoader Environment load took 71.3ns 
412144     INFO  main            d.u.i.k.p.i.AbstractProblemLoader Creating init config 
414421     DEBUG main            d.u.i.k.p.i.AbstractProblemLoader Init config took 2.28s 
414433     INFO  main            d.u.i.k.p.i.AbstractProblemLoader Replaying proof simpleAssignment2.key.proof 
414435     DEBUG main            d.u.i.k.p.i.IntermediateProofReplayer Proof replay took 310.4ns 
414435     DEBUG main            d.u.i.k.p.r.p.TestFile    ... success: reloaded. 
414436     INFO  main            d.u.i.k.p.r.p.TestFile    Now processing file /home/runner/work/key/key/key.core/../key.ui/examples/standard_key/java_dl/splittingWithQueries.key 
414436     INFO  main            d.u.i.k.p.i.AbstractProblemLoader Loading environment from /home/runner/work/key/key/key.core/../key.ui/examples/standard_key/java_dl/splittingWithQueries.key 
414436     DEBUG main            d.u.i.k.p.i.AbstractProblemLoader Environment load took 33.8ns 
414437     INFO  main            d.u.i.k.p.i.AbstractProblemLoader Creating init config 
416819     DEBUG main            d.u.i.k.p.i.AbstractProblemLoader Init config took 2.38s 
416832     INFO  main            d.u.i.k.p.i.AbstractProblemLoader Replaying proof splittingWithQueries.key 
416833     DEBUG main            d.u.i.k.p.i.IntermediateProofReplayer Proof replay took 2.7ns 
416935     INFO  main            d.u.i.k.p.r.p.TestFile    ... finished proof: closed. 
417384     INFO  main            d.u.i.k.p.i.AbstractProblemLoader Loading environment from /home/runner/work/key/key/key.core/../key.ui/examples/standard_key/java_dl/splittingWithQueries.key.proof 
417384     DEBUG main            d.u.i.k.p.i.AbstractProblemLoader Environment load took 69.4ns 
417385     INFO  main            d.u.i.k.p.i.AbstractProblemLoader Creating init config 
419719     DEBUG main            d.u.i.k.p.i.AbstractProblemLoader Init config took 2.33s 
419736     INFO  main            d.u.i.k.p.i.AbstractProblemLoader Replaying proof splittingWithQueries.key.proof 
419739     DEBUG main            d.u.i.k.p.i.IntermediateProofReplayer Proof replay took 1.47ms 
419740     DEBUG main            d.u.i.k.p.r.p.TestFile    ... success: reloaded. 
419744     INFO  main            d.u.i.k.p.r.p.TestFile    Now processing file /home/runner/work/key/key/key.core/../key.ui/examples/standard_key/java_dl/strassen/strassen.key 
419744     INFO  main            d.u.i.k.p.i.AbstractProblemLoader Loading environment from /home/runner/work/key/key/key.core/../key.ui/examples/standard_key/java_dl/strassen/strassen.key 
419744     DEBUG main            d.u.i.k.p.i.AbstractProblemLoader Environment load took 141.9ns 
419745     INFO  main            d.u.i.k.p.i.AbstractProblemLoader Creating init config 
422197     DEBUG main            d.u.i.k.p.i.AbstractProblemLoader Init config took 2.45s 
422230     INFO  main            d.u.i.k.p.i.AbstractProblemLoader Replaying proof Matrix22[Matrix22::strassen(Matrix22,Matrix22)].JML normal_behavior operation contract.0 
422231     DEBUG main            d.u.i.k.p.i.IntermediateProofReplayer Proof replay took 2.9ns 
426610     INFO  main            d.u.i.k.p.r.p.TestFile    ... finished proof: closed. 
427165     INFO  main            d.u.i.k.p.i.AbstractProblemLoader Loading environment from /home/runner/work/key/key/key.core/../key.ui/examples/standard_key/java_dl/strassen/strassen.key.proof 
427166     DEBUG main            d.u.i.k.p.i.AbstractProblemLoader Environment load took 282.4ns 
427167     INFO  main            d.u.i.k.p.i.AbstractProblemLoader Creating init config 
429574     DEBUG main            d.u.i.k.p.i.AbstractProblemLoader Init config took 2.41s 
429607     INFO  main            d.u.i.k.p.i.AbstractProblemLoader Replaying proof Matrix22[Matrix22::strassen(Matrix22,Matrix22)].JML normal_behavior operation contract.0 
430281     DEBUG main            d.u.i.k.p.i.IntermediateProofReplayer Proof replay took 663.82ms 
430282     DEBUG main            d.u.i.k.p.r.p.TestFile    ... success: reloaded. 
430283     INFO  main            d.u.i.k.p.r.p.TestFile    Now processing file /home/runner/work/key/key/key.core/../key.ui/examples/standard_key/java_dl/symmArray.key 
430283     INFO  main            d.u.i.k.p.i.AbstractProblemLoader Loading environment from /home/runner/work/key/key/key.core/../key.ui/examples/standard_key/java_dl/symmArray.key 
430283     DEBUG main            d.u.i.k.p.i.AbstractProblemLoader Environment load took 52ns 
430286     INFO  main            d.u.i.k.p.i.AbstractProblemLoader Creating init config 
432777     DEBUG main            d.u.i.k.p.i.AbstractProblemLoader Init config took 2.49s 
432791     INFO  main            d.u.i.k.p.i.AbstractProblemLoader Replaying proof symmArray.key 
432793     DEBUG main            d.u.i.k.p.i.IntermediateProofReplayer Proof replay took 2.3ns 
510227     INFO  main            d.u.i.k.p.r.p.TestFile    ... finished proof: closed. 
510757     INFO  main            d.u.i.k.p.i.AbstractProblemLoader Loading environment from /home/runner/work/key/key/key.core/../key.ui/examples/standard_key/java_dl/symmArray.key.proof 
510757     DEBUG main            d.u.i.k.p.i.AbstractProblemLoader Environment load took 325.2ns 
510762     INFO  main            d.u.i.k.p.i.AbstractProblemLoader Creating init config 
513163     DEBUG main            d.u.i.k.p.i.AbstractProblemLoader Init config took 2.4s 
513178     INFO  main            d.u.i.k.p.i.AbstractProblemLoader Replaying proof symmArray.key.proof 
514153     DEBUG main            d.u.i.k.p.i.IntermediateProofReplayer Proof replay took 919.82ms 
514157     DEBUG main            d.u.i.k.p.r.p.TestFile    ... success: reloaded. 
514158     INFO  main            d.u.i.k.p.r.p.TestFile    Now processing file /home/runner/work/key/key/key.core/../key.ui/examples/standard_key/java_dl/testcontext.key 
514158     INFO  main            d.u.i.k.p.i.AbstractProblemLoader Loading environment from /home/runner/work/key/key/key.core/../key.ui/examples/standard_key/java_dl/testcontext.key 
514158     DEBUG main            d.u.i.k.p.i.AbstractProblemLoader Environment load took 70.4ns 
514159     INFO  main            d.u.i.k.p.i.AbstractProblemLoader Creating init config 
514176     WARN  main            d.u.i.k.j.r.KeYCrossReferenceNameInfo Datatype java.io.InputStream declared twice: Once in FILE:/home/runner/work/key/key/key.core/../key.ui/examples/standard_key/java_dl/classpath/InputStream.java and once in URL:file:/home/runner/work/key/key/key.core/build/resources/main/de/uka/ilkd/key/java/JavaRedux/java/io/InputStream.java, Keeping one from URL:file:/home/runner/work/key/key/key.core/build/resources/main/de/uka/ilkd/key/java/JavaRedux/java/io/InputStream.java 
514176     WARN  main            d.u.i.k.j.r.KeYCrossReferenceNameInfo Datatype java.lang.System declared twice: Once in FILE:/home/runner/work/key/key/key.core/../key.ui/examples/standard_key/java_dl/classpath/System.java and once in URL:file:/home/runner/work/key/key/key.core/build/resources/main/de/uka/ilkd/key/java/JavaRedux/java/lang/System.java, Keeping one from URL:file:/home/runner/work/key/key/key.core/build/resources/main/de/uka/ilkd/key/java/JavaRedux/java/lang/System.java 
514176     WARN  main            d.u.i.k.j.r.KeYCrossReferenceNameInfo Datatype java.io.PrintStream declared twice: Once in FILE:/home/runner/work/key/key/key.core/../key.ui/examples/standard_key/java_dl/classpath/PrintStream.java and once in URL:file:/home/runner/work/key/key/key.core/build/resources/main/de/uka/ilkd/key/java/JavaRedux/java/io/PrintStream.java, Keeping one from URL:file:/home/runner/work/key/key/key.core/build/resources/main/de/uka/ilkd/key/java/JavaRedux/java/io/PrintStream.java 
514179     DEBUG main            d.u.i.k.j.r.ClassFileDeclarationBuilder Parsing: package java.io; public class Closeable { } 
514179     DEBUG main            r.s.KeYCrossReferenceSourceInfo Dynamically created class: java.io.Closeable 
516625     DEBUG main            d.u.i.k.p.i.AbstractProblemLoader Init config took 2.47s 
516638     INFO  main            d.u.i.k.p.i.AbstractProblemLoader Replaying proof testcontext.key 
516639     DEBUG main            d.u.i.k.p.i.IntermediateProofReplayer Proof replay took 2.1ns 
516842     INFO  main            d.u.i.k.p.r.p.TestFile    ... finished proof: closed. 
517401     INFO  main            d.u.i.k.p.i.AbstractProblemLoader Loading environment from /home/runner/work/key/key/key.core/../key.ui/examples/standard_key/java_dl/testcontext.key.proof 
517401     DEBUG main            d.u.i.k.p.i.AbstractProblemLoader Environment load took 77ns 
517402     INFO  main            d.u.i.k.p.i.AbstractProblemLoader Creating init config 
517421     WARN  main            d.u.i.k.j.r.KeYCrossReferenceNameInfo Datatype java.io.InputStream declared twice: Once in FILE:/home/runner/work/key/key/key.core/../key.ui/examples/standard_key/java_dl/classpath/InputStream.java and once in URL:file:/home/runner/work/key/key/key.core/build/resources/main/de/uka/ilkd/key/java/JavaRedux/java/io/InputStream.java, Keeping one from URL:file:/home/runner/work/key/key/key.core/build/resources/main/de/uka/ilkd/key/java/JavaRedux/java/io/InputStream.java 
517421     WARN  main            d.u.i.k.j.r.KeYCrossReferenceNameInfo Datatype java.lang.System declared twice: Once in FILE:/home/runner/work/key/key/key.core/../key.ui/examples/standard_key/java_dl/classpath/System.java and once in URL:file:/home/runner/work/key/key/key.core/build/resources/main/de/uka/ilkd/key/java/JavaRedux/java/lang/System.java, Keeping one from URL:file:/home/runner/work/key/key/key.core/build/resources/main/de/uka/ilkd/key/java/JavaRedux/java/lang/System.java 
517421     WARN  main            d.u.i.k.j.r.KeYCrossReferenceNameInfo Datatype java.io.PrintStream declared twice: Once in FILE:/home/runner/work/key/key/key.core/../key.ui/examples/standard_key/java_dl/classpath/PrintStream.java and once in URL:file:/home/runner/work/key/key/key.core/build/resources/main/de/uka/ilkd/key/java/JavaRedux/java/io/PrintStream.java, Keeping one from URL:file:/home/runner/work/key/key/key.core/build/resources/main/de/uka/ilkd/key/java/JavaRedux/java/io/PrintStream.java 
517424     DEBUG main            d.u.i.k.j.r.ClassFileDeclarationBuilder Parsing: package java.io; public class Closeable { } 
517424     DEBUG main            r.s.KeYCrossReferenceSourceInfo Dynamically created class: java.io.Closeable 
519738     DEBUG main            d.u.i.k.p.i.AbstractProblemLoader Init config took 2.34s 
519751     INFO  main            d.u.i.k.p.i.AbstractProblemLoader Replaying proof testcontext.key.proof 
519802     DEBUG main            d.u.i.k.p.i.IntermediateProofReplayer Proof replay took 48.25ms 
519803     DEBUG main            d.u.i.k.p.r.p.TestFile    ... success: reloaded. 
519803     INFO  main            d.u.i.k.p.r.p.TestFile    Now processing file /home/runner/work/key/key/key.core/../key.ui/examples/standard_key/staticInitialisation/cascadeStaticInitialisation.key 
519804     INFO  main            d.u.i.k.p.i.AbstractProblemLoader Loading environment from /home/runner/work/key/key/key.core/../key.ui/examples/standard_key/staticInitialisation/cascadeStaticInitialisation.key 
519804     DEBUG main            d.u.i.k.p.i.AbstractProblemLoader Environment load took 68.2ns 
519806     INFO  main            d.u.i.k.p.i.AbstractProblemLoader Creating init config 
519823     WARN  main            d.u.i.k.j.r.KeYCrossReferenceNameInfo Datatype java.lang.System declared twice: Once in FILE:/home/runner/work/key/key/key.core/../key.ui/examples/standard_key/staticInitialisation/classpath/System.java and once in URL:file:/home/runner/work/key/key/key.core/build/resources/main/de/uka/ilkd/key/java/JavaRedux/java/lang/System.java, Keeping one from URL:file:/home/runner/work/key/key/key.core/build/resources/main/de/uka/ilkd/key/java/JavaRedux/java/lang/System.java 
519823     WARN  main            d.u.i.k.j.r.KeYCrossReferenceNameInfo Datatype java.io.PrintStream declared twice: Once in FILE:/home/runner/work/key/key/key.core/../key.ui/examples/standard_key/staticInitialisation/classpath/PrintStream.java and once in URL:file:/home/runner/work/key/key/key.core/build/resources/main/de/uka/ilkd/key/java/JavaRedux/java/io/PrintStream.java, Keeping one from URL:file:/home/runner/work/key/key/key.core/build/resources/main/de/uka/ilkd/key/java/JavaRedux/java/io/PrintStream.java 
522279     DEBUG main            d.u.i.k.p.i.AbstractProblemLoader Init config took 2.47s 
522311     INFO  main            d.u.i.k.p.i.AbstractProblemLoader Replaying proof cascadeStaticInitialisation.key 
522317     DEBUG main            d.u.i.k.p.i.IntermediateProofReplayer Proof replay took 2.2ns 
522924     INFO  main            d.u.i.k.p.r.p.TestFile    ... finished proof: closed. 
523435     INFO  main            d.u.i.k.p.i.AbstractProblemLoader Loading environment from /home/runner/work/key/key/key.core/../key.ui/examples/standard_key/staticInitialisation/cascadeStaticInitialisation.key.proof 
523435     DEBUG main            d.u.i.k.p.i.AbstractProblemLoader Environment load took 75.9ns 
523436     INFO  main            d.u.i.k.p.i.AbstractProblemLoader Creating init config 
523454     WARN  main            d.u.i.k.j.r.KeYCrossReferenceNameInfo Datatype java.lang.System declared twice: Once in FILE:/home/runner/work/key/key/key.core/../key.ui/examples/standard_key/staticInitialisation/classpath/System.java and once in URL:file:/home/runner/work/key/key/key.core/build/resources/main/de/uka/ilkd/key/java/JavaRedux/java/lang/System.java, Keeping one from URL:file:/home/runner/work/key/key/key.core/build/resources/main/de/uka/ilkd/key/java/JavaRedux/java/lang/System.java 
523454     WARN  main            d.u.i.k.j.r.KeYCrossReferenceNameInfo Datatype java.io.PrintStream declared twice: Once in FILE:/home/runner/work/key/key/key.core/../key.ui/examples/standard_key/staticInitialisation/classpath/PrintStream.java and once in URL:file:/home/runner/work/key/key/key.core/build/resources/main/de/uka/ilkd/key/java/JavaRedux/java/io/PrintStream.java, Keeping one from URL:file:/home/runner/work/key/key/key.core/build/resources/main/de/uka/ilkd/key/java/JavaRedux/java/io/PrintStream.java 
525774     DEBUG main            d.u.i.k.p.i.AbstractProblemLoader Init config took 2.34s 
525788     INFO  main            d.u.i.k.p.i.AbstractProblemLoader Replaying proof cascadeStaticInitialisation.key.proof 
525920     DEBUG main            d.u.i.k.p.i.IntermediateProofReplayer Proof replay took 130.14ms 
525921     DEBUG main            d.u.i.k.p.r.p.TestFile    ... success: reloaded. 
525922     INFO  main            d.u.i.k.p.r.p.TestFile    Now processing file /home/runner/work/key/key/key.core/../key.ui/examples/standard_key/staticInitialisation/erroneousClassImpliesErroneousSubclass.key 
525922     INFO  main            d.u.i.k.p.i.AbstractProblemLoader Loading environment from /home/runner/work/key/key/key.core/../key.ui/examples/standard_key/staticInitialisation/erroneousClassImpliesErroneousSubclass.key 
525922     DEBUG main            d.u.i.k.p.i.AbstractProblemLoader Environment load took 45.7ns 
525923     INFO  main            d.u.i.k.p.i.AbstractProblemLoader Creating init config 
525940     WARN  main            d.u.i.k.j.r.KeYCrossReferenceNameInfo Datatype java.lang.System declared twice: Once in FILE:/home/runner/work/key/key/key.core/../key.ui/examples/standard_key/staticInitialisation/classpath/System.java and once in URL:file:/home/runner/work/key/key/key.core/build/resources/main/de/uka/ilkd/key/java/JavaRedux/java/lang/System.java, Keeping one from URL:file:/home/runner/work/key/key/key.core/build/resources/main/de/uka/ilkd/key/java/JavaRedux/java/lang/System.java 
525940     WARN  main            d.u.i.k.j.r.KeYCrossReferenceNameInfo Datatype java.io.PrintStream declared twice: Once in FILE:/home/runner/work/key/key/key.core/../key.ui/examples/standard_key/staticInitialisation/classpath/PrintStream.java and once in URL:file:/home/runner/work/key/key/key.core/build/resources/main/de/uka/ilkd/key/java/JavaRedux/java/io/PrintStream.java, Keeping one from URL:file:/home/runner/work/key/key/key.core/build/resources/main/de/uka/ilkd/key/java/JavaRedux/java/io/PrintStream.java 
528364     DEBUG main            d.u.i.k.p.i.AbstractProblemLoader Init config took 2.44s 
528376     INFO  main            d.u.i.k.p.i.AbstractProblemLoader Replaying proof erroneousClassImpliesErroneousSubclass.key 
528376     DEBUG main            d.u.i.k.p.i.IntermediateProofReplayer Proof replay took 2.8ns 
528478     INFO  main            d.u.i.k.p.r.p.TestFile    ... finished proof: closed. 
528962     INFO  main            d.u.i.k.p.i.AbstractProblemLoader Loading environment from /home/runner/work/key/key/key.core/../key.ui/examples/standard_key/staticInitialisation/erroneousClassImpliesErroneousSubclass.key.proof 
528962     DEBUG main            d.u.i.k.p.i.AbstractProblemLoader Environment load took 73.3ns 
528963     INFO  main            d.u.i.k.p.i.AbstractProblemLoader Creating init config 
528980     WARN  main            d.u.i.k.j.r.KeYCrossReferenceNameInfo Datatype java.lang.System declared twice: Once in FILE:/home/runner/work/key/key/key.core/../key.ui/examples/standard_key/staticInitialisation/classpath/System.java and once in URL:file:/home/runner/work/key/key/key.core/build/resources/main/de/uka/ilkd/key/java/JavaRedux/java/lang/System.java, Keeping one from URL:file:/home/runner/work/key/key/key.core/build/resources/main/de/uka/ilkd/key/java/JavaRedux/java/lang/System.java 
528980     WARN  main            d.u.i.k.j.r.KeYCrossReferenceNameInfo Datatype java.io.PrintStream declared twice: Once in FILE:/home/runner/work/key/key/key.core/../key.ui/examples/standard_key/staticInitialisation/classpath/PrintStream.java and once in URL:file:/home/runner/work/key/key/key.core/build/resources/main/de/uka/ilkd/key/java/JavaRedux/java/io/PrintStream.java, Keeping one from URL:file:/home/runner/work/key/key/key.core/build/resources/main/de/uka/ilkd/key/java/JavaRedux/java/io/PrintStream.java 
531357     DEBUG main            d.u.i.k.p.i.AbstractProblemLoader Init config took 2.39s 
531369     INFO  main            d.u.i.k.p.i.AbstractProblemLoader Replaying proof erroneousClassImpliesErroneousSubclass.key.proof 
531371     DEBUG main            d.u.i.k.p.i.IntermediateProofReplayer Proof replay took 422.8ns 
531371     DEBUG main            d.u.i.k.p.r.p.TestFile    ... success: reloaded. 
531372     INFO  main            d.u.i.k.p.r.p.TestFile    Now processing file /home/runner/work/key/key/key.core/../key.ui/examples/standard_key/staticInitialisation/initializedSubclassImpliesInitializedSuperclass.key 
531372     INFO  main            d.u.i.k.p.i.AbstractProblemLoader Loading environment from /home/runner/work/key/key/key.core/../key.ui/examples/standard_key/staticInitialisation/initializedSubclassImpliesInitializedSuperclass.key 
531372     DEBUG main            d.u.i.k.p.i.AbstractProblemLoader Environment load took 50.7ns 
531373     INFO  main            d.u.i.k.p.i.AbstractProblemLoader Creating init config 
531389     WARN  main            d.u.i.k.j.r.KeYCrossReferenceNameInfo Datatype java.lang.System declared twice: Once in FILE:/home/runner/work/key/key/key.core/../key.ui/examples/standard_key/staticInitialisation/classpath/System.java and once in URL:file:/home/runner/work/key/key/key.core/build/resources/main/de/uka/ilkd/key/java/JavaRedux/java/lang/System.java, Keeping one from URL:file:/home/runner/work/key/key/key.core/build/resources/main/de/uka/ilkd/key/java/JavaRedux/java/lang/System.java 
531389     WARN  main            d.u.i.k.j.r.KeYCrossReferenceNameInfo Datatype java.io.PrintStream declared twice: Once in FILE:/home/runner/work/key/key/key.core/../key.ui/examples/standard_key/staticInitialisation/classpath/PrintStream.java and once in URL:file:/home/runner/work/key/key/key.core/build/resources/main/de/uka/ilkd/key/java/JavaRedux/java/io/PrintStream.java, Keeping one from URL:file:/home/runner/work/key/key/key.core/build/resources/main/de/uka/ilkd/key/java/JavaRedux/java/io/PrintStream.java 
533744     DEBUG main            d.u.i.k.p.i.AbstractProblemLoader Init config took 2.37s 
533756     INFO  main            d.u.i.k.p.i.AbstractProblemLoader Replaying proof initializedSubclassImpliesInitializedSuperclass.key 
533757     DEBUG main            d.u.i.k.p.i.IntermediateProofReplayer Proof replay took 2.2ns 
533859     INFO  main            d.u.i.k.p.r.p.TestFile    ... finished proof: closed. 
534316     INFO  main            d.u.i.k.p.i.AbstractProblemLoader Loading environment from /home/runner/work/key/key/key.core/../key.ui/examples/standard_key/staticInitialisation/initializedSubclassImpliesInitializedSuperclass.key.proof 
534316     DEBUG main            d.u.i.k.p.i.AbstractProblemLoader Environment load took 67ns 
534317     INFO  main            d.u.i.k.p.i.AbstractProblemLoader Creating init config 
534333     WARN  main            d.u.i.k.j.r.KeYCrossReferenceNameInfo Datatype java.lang.System declared twice: Once in FILE:/home/runner/work/key/key/key.core/../key.ui/examples/standard_key/staticInitialisation/classpath/System.java and once in URL:file:/home/runner/work/key/key/key.core/build/resources/main/de/uka/ilkd/key/java/JavaRedux/java/lang/System.java, Keeping one from URL:file:/home/runner/work/key/key/key.core/build/resources/main/de/uka/ilkd/key/java/JavaRedux/java/lang/System.java 
534333     WARN  main            d.u.i.k.j.r.KeYCrossReferenceNameInfo Datatype java.io.PrintStream declared twice: Once in FILE:/home/runner/work/key/key/key.core/../key.ui/examples/standard_key/staticInitialisation/classpath/PrintStream.java and once in URL:file:/home/runner/work/key/key/key.core/build/resources/main/de/uka/ilkd/key/java/JavaRedux/java/io/PrintStream.java, Keeping one from URL:file:/home/runner/work/key/key/key.core/build/resources/main/de/uka/ilkd/key/java/JavaRedux/java/io/PrintStream.java 
536649     DEBUG main            d.u.i.k.p.i.AbstractProblemLoader Init config took 2.33s 
536661     INFO  main            d.u.i.k.p.i.AbstractProblemLoader Replaying proof initializedSubclassImpliesInitializedSuperclass.key.proof 
536663     DEBUG main            d.u.i.k.p.i.IntermediateProofReplayer Proof replay took 343.9ns 
536664     DEBUG main            d.u.i.k.p.r.p.TestFile    ... success: reloaded. 
536664     INFO  main            d.u.i.k.p.r.p.TestFile    Now processing file /home/runner/work/key/key/key.core/../key.ui/examples/standard_key/staticInitialisation/localDeclared.key 
536664     INFO  main            d.u.i.k.p.i.AbstractProblemLoader Loading environment from /home/runner/work/key/key/key.core/../key.ui/examples/standard_key/staticInitialisation/localDeclared.key 
536664     DEBUG main            d.u.i.k.p.i.AbstractProblemLoader Environment load took 65.4ns 
536666     INFO  main            d.u.i.k.p.i.AbstractProblemLoader Creating init config 
536682     WARN  main            d.u.i.k.j.r.KeYCrossReferenceNameInfo Datatype java.lang.System declared twice: Once in FILE:/home/runner/work/key/key/key.core/../key.ui/examples/standard_key/staticInitialisation/classpath/System.java and once in URL:file:/home/runner/work/key/key/key.core/build/resources/main/de/uka/ilkd/key/java/JavaRedux/java/lang/System.java, Keeping one from URL:file:/home/runner/work/key/key/key.core/build/resources/main/de/uka/ilkd/key/java/JavaRedux/java/lang/System.java 
536682     WARN  main            d.u.i.k.j.r.KeYCrossReferenceNameInfo Datatype java.io.PrintStream declared twice: Once in FILE:/home/runner/work/key/key/key.core/../key.ui/examples/standard_key/staticInitialisation/classpath/PrintStream.java and once in URL:file:/home/runner/work/key/key/key.core/build/resources/main/de/uka/ilkd/key/java/JavaRedux/java/io/PrintStream.java, Keeping one from URL:file:/home/runner/work/key/key/key.core/build/resources/main/de/uka/ilkd/key/java/JavaRedux/java/io/PrintStream.java 
539024     DEBUG main            d.u.i.k.p.i.AbstractProblemLoader Init config took 2.36s 
539037     INFO  main            d.u.i.k.p.i.AbstractProblemLoader Replaying proof localDeclared.key 
539038     DEBUG main            d.u.i.k.p.i.IntermediateProofReplayer Proof replay took 2ns 
539240     INFO  main            d.u.i.k.p.r.p.TestFile    ... finished proof: closed. 
539705     INFO  main            d.u.i.k.p.i.AbstractProblemLoader Loading environment from /home/runner/work/key/key/key.core/../key.ui/examples/standard_key/staticInitialisation/localDeclared.key.proof 
539705     DEBUG main            d.u.i.k.p.i.AbstractProblemLoader Environment load took 76.5ns 
539706     INFO  main            d.u.i.k.p.i.AbstractProblemLoader Creating init config 
539723     WARN  main            d.u.i.k.j.r.KeYCrossReferenceNameInfo Datatype java.lang.System declared twice: Once in FILE:/home/runner/work/key/key/key.core/../key.ui/examples/standard_key/staticInitialisation/classpath/System.java and once in URL:file:/home/runner/work/key/key/key.core/build/resources/main/de/uka/ilkd/key/java/JavaRedux/java/lang/System.java, Keeping one from URL:file:/home/runner/work/key/key/key.core/build/resources/main/de/uka/ilkd/key/java/JavaRedux/java/lang/System.java 
539724     WARN  main            d.u.i.k.j.r.KeYCrossReferenceNameInfo Datatype java.io.PrintStream declared twice: Once in FILE:/home/runner/work/key/key/key.core/../key.ui/examples/standard_key/staticInitialisation/classpath/PrintStream.java and once in URL:file:/home/runner/work/key/key/key.core/build/resources/main/de/uka/ilkd/key/java/JavaRedux/java/io/PrintStream.java, Keeping one from URL:file:/home/runner/work/key/key/key.core/build/resources/main/de/uka/ilkd/key/java/JavaRedux/java/io/PrintStream.java 
542027     DEBUG main            d.u.i.k.p.i.AbstractProblemLoader Init config took 2.32s 
542040     INFO  main            d.u.i.k.p.i.AbstractProblemLoader Replaying proof localDeclared.key.proof 
542091     DEBUG main            d.u.i.k.p.i.IntermediateProofReplayer Proof replay took 49.41ms 
542092     DEBUG main            d.u.i.k.p.r.p.TestFile    ... success: reloaded. 
542093     INFO  main            d.u.i.k.p.r.p.TestFile    Now processing file /home/runner/work/key/key/key.core/../key.ui/examples/standard_key/staticInitialisation/localDeclaredMethod.key 
542093     INFO  main            d.u.i.k.p.i.AbstractProblemLoader Loading environment from /home/runner/work/key/key/key.core/../key.ui/examples/standard_key/staticInitialisation/localDeclaredMethod.key 
542093     DEBUG main            d.u.i.k.p.i.AbstractProblemLoader Environment load took 89.4ns 
542095     INFO  main            d.u.i.k.p.i.AbstractProblemLoader Creating init config 
542111     WARN  main            d.u.i.k.j.r.KeYCrossReferenceNameInfo Datatype java.lang.System declared twice: Once in FILE:/home/runner/work/key/key/key.core/../key.ui/examples/standard_key/staticInitialisation/classpath/System.java and once in URL:file:/home/runner/work/key/key/key.core/build/resources/main/de/uka/ilkd/key/java/JavaRedux/java/lang/System.java, Keeping one from URL:file:/home/runner/work/key/key/key.core/build/resources/main/de/uka/ilkd/key/java/JavaRedux/java/lang/System.java 
542111     WARN  main            d.u.i.k.j.r.KeYCrossReferenceNameInfo Datatype java.io.PrintStream declared twice: Once in FILE:/home/runner/work/key/key/key.core/../key.ui/examples/standard_key/staticInitialisation/classpath/PrintStream.java and once in URL:file:/home/runner/work/key/key/key.core/build/resources/main/de/uka/ilkd/key/java/JavaRedux/java/io/PrintStream.java, Keeping one from URL:file:/home/runner/work/key/key/key.core/build/resources/main/de/uka/ilkd/key/java/JavaRedux/java/io/PrintStream.java 
544474     DEBUG main            d.u.i.k.p.i.AbstractProblemLoader Init config took 2.38s 
544487     INFO  main            d.u.i.k.p.i.AbstractProblemLoader Replaying proof localDeclaredMethod.key 
544488     DEBUG main            d.u.i.k.p.i.IntermediateProofReplayer Proof replay took 2.6ns 
544691     INFO  main            d.u.i.k.p.r.p.TestFile    ... finished proof: closed. 
545188     INFO  main            d.u.i.k.p.i.AbstractProblemLoader Loading environment from /home/runner/work/key/key/key.core/../key.ui/examples/standard_key/staticInitialisation/localDeclaredMethod.key.proof 
545188     DEBUG main            d.u.i.k.p.i.AbstractProblemLoader Environment load took 76.5ns 
545189     INFO  main            d.u.i.k.p.i.AbstractProblemLoader Creating init config 
545208     WARN  main            d.u.i.k.j.r.KeYCrossReferenceNameInfo Datatype java.lang.System declared twice: Once in FILE:/home/runner/work/key/key/key.core/../key.ui/examples/standard_key/staticInitialisation/classpath/System.java and once in URL:file:/home/runner/work/key/key/key.core/build/resources/main/de/uka/ilkd/key/java/JavaRedux/java/lang/System.java, Keeping one from URL:file:/home/runner/work/key/key/key.core/build/resources/main/de/uka/ilkd/key/java/JavaRedux/java/lang/System.java 
545209     WARN  main            d.u.i.k.j.r.KeYCrossReferenceNameInfo Datatype java.io.PrintStream declared twice: Once in FILE:/home/runner/work/key/key/key.core/../key.ui/examples/standard_key/staticInitialisation/classpath/PrintStream.java and once in URL:file:/home/runner/work/key/key/key.core/build/resources/main/de/uka/ilkd/key/java/JavaRedux/java/io/PrintStream.java, Keeping one from URL:file:/home/runner/work/key/key/key.core/build/resources/main/de/uka/ilkd/key/java/JavaRedux/java/io/PrintStream.java 
547514     DEBUG main            d.u.i.k.p.i.AbstractProblemLoader Init config took 2.33s 
547527     INFO  main            d.u.i.k.p.i.AbstractProblemLoader Replaying proof localDeclaredMethod.key.proof 
547575     DEBUG main            d.u.i.k.p.i.IntermediateProofReplayer Proof replay took 45.79ms 
547576     DEBUG main            d.u.i.k.p.r.p.TestFile    ... success: reloaded. 
547577     INFO  main            d.u.i.k.p.r.p.TestFile    Now processing file /home/runner/work/key/key/key.core/../key.ui/examples/standard_key/staticInitialisation/objectOfErroneousClass.key 
547577     INFO  main            d.u.i.k.p.i.AbstractProblemLoader Loading environment from /home/runner/work/key/key/key.core/../key.ui/examples/standard_key/staticInitialisation/objectOfErroneousClass.key 
547577     DEBUG main            d.u.i.k.p.i.AbstractProblemLoader Environment load took 84ns 
547578     INFO  main            d.u.i.k.p.i.AbstractProblemLoader Creating init config 
547594     WARN  main            d.u.i.k.j.r.KeYCrossReferenceNameInfo Datatype java.lang.System declared twice: Once in FILE:/home/runner/work/key/key/key.core/../key.ui/examples/standard_key/staticInitialisation/classpath/System.java and once in URL:file:/home/runner/work/key/key/key.core/build/resources/main/de/uka/ilkd/key/java/JavaRedux/java/lang/System.java, Keeping one from URL:file:/home/runner/work/key/key/key.core/build/resources/main/de/uka/ilkd/key/java/JavaRedux/java/lang/System.java 
547594     WARN  main            d.u.i.k.j.r.KeYCrossReferenceNameInfo Datatype java.io.PrintStream declared twice: Once in FILE:/home/runner/work/key/key/key.core/../key.ui/examples/standard_key/staticInitialisation/classpath/PrintStream.java and once in URL:file:/home/runner/work/key/key/key.core/build/resources/main/de/uka/ilkd/key/java/JavaRedux/java/io/PrintStream.java, Keeping one from URL:file:/home/runner/work/key/key/key.core/build/resources/main/de/uka/ilkd/key/java/JavaRedux/java/io/PrintStream.java 
549944     DEBUG main            d.u.i.k.p.i.AbstractProblemLoader Init config took 2.37s 
549958     INFO  main            d.u.i.k.p.i.AbstractProblemLoader Replaying proof objectOfErroneousClass.key 
549961     DEBUG main            d.u.i.k.p.i.IntermediateProofReplayer Proof replay took 2.3ns 
561182     INFO  main            d.u.i.k.p.r.p.TestFile    ... finished proof: closed. 
561730     INFO  main            d.u.i.k.p.i.AbstractProblemLoader Loading environment from /home/runner/work/key/key/key.core/../key.ui/examples/standard_key/staticInitialisation/objectOfErroneousClass.key.proof 
561730     DEBUG main            d.u.i.k.p.i.AbstractProblemLoader Environment load took 84.4ns 
561736     INFO  main            d.u.i.k.p.i.AbstractProblemLoader Creating init config 
561754     WARN  main            d.u.i.k.j.r.KeYCrossReferenceNameInfo Datatype java.lang.System declared twice: Once in FILE:/home/runner/work/key/key/key.core/../key.ui/examples/standard_key/staticInitialisation/classpath/System.java and once in URL:file:/home/runner/work/key/key/key.core/build/resources/main/de/uka/ilkd/key/java/JavaRedux/java/lang/System.java, Keeping one from URL:file:/home/runner/work/key/key/key.core/build/resources/main/de/uka/ilkd/key/java/JavaRedux/java/lang/System.java 
561754     WARN  main            d.u.i.k.j.r.KeYCrossReferenceNameInfo Datatype java.io.PrintStream declared twice: Once in FILE:/home/runner/work/key/key/key.core/../key.ui/examples/standard_key/staticInitialisation/classpath/PrintStream.java and once in URL:file:/home/runner/work/key/key/key.core/build/resources/main/de/uka/ilkd/key/java/JavaRedux/java/io/PrintStream.java, Keeping one from URL:file:/home/runner/work/key/key/key.core/build/resources/main/de/uka/ilkd/key/java/JavaRedux/java/io/PrintStream.java 
564080     DEBUG main            d.u.i.k.p.i.AbstractProblemLoader Init config took 2.34s 
564094     INFO  main            d.u.i.k.p.i.AbstractProblemLoader Replaying proof objectOfErroneousClass.key.proof 
566035     DEBUG main            d.u.i.k.p.i.IntermediateProofReplayer Proof replay took 1.91s 
566038     DEBUG main            d.u.i.k.p.r.p.TestFile    ... success: reloaded. 
566039     INFO  main            d.u.i.k.p.r.p.TestFile    Now processing file /home/runner/work/key/key/key.core/../key.ui/examples/standard_key/staticInitialisation/staticInitialisersAreNonSimple.key 
566039     INFO  main            d.u.i.k.p.i.AbstractProblemLoader Loading environment from /home/runner/work/key/key/key.core/../key.ui/examples/standard_key/staticInitialisation/staticInitialisersAreNonSimple.key 
566040     DEBUG main            d.u.i.k.p.i.AbstractProblemLoader Environment load took 138.6ns 
566041     INFO  main            d.u.i.k.p.i.AbstractProblemLoader Creating init config 
566057     WARN  main            d.u.i.k.j.r.KeYCrossReferenceNameInfo Datatype java.lang.System declared twice: Once in FILE:/home/runner/work/key/key/key.core/../key.ui/examples/standard_key/staticInitialisation/classpath/System.java and once in URL:file:/home/runner/work/key/key/key.core/build/resources/main/de/uka/ilkd/key/java/JavaRedux/java/lang/System.java, Keeping one from URL:file:/home/runner/work/key/key/key.core/build/resources/main/de/uka/ilkd/key/java/JavaRedux/java/lang/System.java 
566057     WARN  main            d.u.i.k.j.r.KeYCrossReferenceNameInfo Datatype java.io.PrintStream declared twice: Once in FILE:/home/runner/work/key/key/key.core/../key.ui/examples/standard_key/staticInitialisation/classpath/PrintStream.java and once in URL:file:/home/runner/work/key/key/key.core/build/resources/main/de/uka/ilkd/key/java/JavaRedux/java/io/PrintStream.java, Keeping one from URL:file:/home/runner/work/key/key/key.core/build/resources/main/de/uka/ilkd/key/java/JavaRedux/java/io/PrintStream.java 
568511     DEBUG main            d.u.i.k.p.i.AbstractProblemLoader Init config took 2.47s 
568524     INFO  main            d.u.i.k.p.i.AbstractProblemLoader Replaying proof staticInitialisersAreNonSimple.key 
568525     DEBUG main            d.u.i.k.p.i.IntermediateProofReplayer Proof replay took 2.2ns 
568828     INFO  main            d.u.i.k.p.r.p.TestFile    ... finished proof: closed. 
569394     INFO  main            d.u.i.k.p.i.AbstractProblemLoader Loading environment from /home/runner/work/key/key/key.core/../key.ui/examples/standard_key/staticInitialisation/staticInitialisersAreNonSimple.key.proof 
569394     DEBUG main            d.u.i.k.p.i.AbstractProblemLoader Environment load took 73.2ns 
569397     INFO  main            d.u.i.k.p.i.AbstractProblemLoader Creating init config 
569413     WARN  main            d.u.i.k.j.r.KeYCrossReferenceNameInfo Datatype java.lang.System declared twice: Once in FILE:/home/runner/work/key/key/key.core/../key.ui/examples/standard_key/staticInitialisation/classpath/System.java and once in URL:file:/home/runner/work/key/key/key.core/build/resources/main/de/uka/ilkd/key/java/JavaRedux/java/lang/System.java, Keeping one from URL:file:/home/runner/work/key/key/key.core/build/resources/main/de/uka/ilkd/key/java/JavaRedux/java/lang/System.java 
569414     WARN  main            d.u.i.k.j.r.KeYCrossReferenceNameInfo Datatype java.io.PrintStream declared twice: Once in FILE:/home/runner/work/key/key/key.core/../key.ui/examples/standard_key/staticInitialisation/classpath/PrintStream.java and once in URL:file:/home/runner/work/key/key/key.core/build/resources/main/de/uka/ilkd/key/java/JavaRedux/java/io/PrintStream.java, Keeping one from URL:file:/home/runner/work/key/key/key.core/build/resources/main/de/uka/ilkd/key/java/JavaRedux/java/io/PrintStream.java 
571815     DEBUG main            d.u.i.k.p.i.AbstractProblemLoader Init config took 2.42s 
571828     INFO  main            d.u.i.k.p.i.AbstractProblemLoader Replaying proof staticInitialisersAreNonSimple.key.proof 
571897     DEBUG main            d.u.i.k.p.i.IntermediateProofReplayer Proof replay took 66.71ms 
571898     DEBUG main            d.u.i.k.p.r.p.TestFile    ... success: reloaded. 
571899     INFO  main            d.u.i.k.p.r.p.TestFile    Now processing file /home/runner/work/key/key/key.core/../key.ui/examples/standard_key/types/disjoint.key 
571899     INFO  main            d.u.i.k.p.i.AbstractProblemLoader Loading environment from /home/runner/work/key/key/key.core/../key.ui/examples/standard_key/types/disjoint.key 
571899     DEBUG main            d.u.i.k.p.i.AbstractProblemLoader Environment load took 58.7ns 
571900     INFO  main            d.u.i.k.p.i.AbstractProblemLoader Creating init config 
574197     DEBUG main            d.u.i.k.p.i.AbstractProblemLoader Init config took 2.3s 
574209     INFO  main            d.u.i.k.p.i.AbstractProblemLoader Replaying proof disjoint.key 
574210     DEBUG main            d.u.i.k.p.i.IntermediateProofReplayer Proof replay took 2ns 
574311     INFO  main            d.u.i.k.p.r.p.TestFile    ... finished proof: closed. 
574816     INFO  main            d.u.i.k.p.i.AbstractProblemLoader Loading environment from /home/runner/work/key/key/key.core/../key.ui/examples/standard_key/types/disjoint.key.proof 
574816     DEBUG main            d.u.i.k.p.i.AbstractProblemLoader Environment load took 67.9ns 
574817     INFO  main            d.u.i.k.p.i.AbstractProblemLoader Creating init config 
577086     DEBUG main            d.u.i.k.p.i.AbstractProblemLoader Init config took 2.27s 
577098     INFO  main            d.u.i.k.p.i.AbstractProblemLoader Replaying proof disjoint.key.proof 
577100     DEBUG main            d.u.i.k.p.i.IntermediateProofReplayer Proof replay took 419ns 
577100     DEBUG main            d.u.i.k.p.r.p.TestFile    ... success: reloaded. 
577100     INFO  main            d.u.i.k.p.r.p.TestFile    Now processing file /home/runner/work/key/key/key.core/../key.ui/examples/../../key.core/src/test/resources/testcase/classpath/classpath.key 
577101     INFO  main            d.u.i.k.p.i.AbstractProblemLoader Loading environment from /home/runner/work/key/key/key.core/../key.ui/examples/../../key.core/src/test/resources/testcase/classpath/classpath.key 
577101     DEBUG main            d.u.i.k.p.i.AbstractProblemLoader Environment load took 87.9ns 
577101     INFO  main            d.u.i.k.p.i.AbstractProblemLoader Creating init config 
577121     WARN  main            d.u.i.k.j.r.KeYCrossReferenceNameInfo Datatype cp.C declared twice: Once in FILE:/home/runner/work/key/key/key.core/../key.ui/examples/../../key.core/src/test/resources/testcase/classpath/classpath/C.class and once in FILE:/home/runner/work/key/key/key.core/../key.ui/examples/../../key.core/src/test/resources/testcase/classpath/classpath/C.jml, Keeping one from FILE:/home/runner/work/key/key/key.core/../key.ui/examples/../../key.core/src/test/resources/testcase/classpath/classpath/C.jml 
577123     DEBUG main            d.u.i.k.j.r.ClassFileDeclarationBuilder Parsing: package cp; public class Unresolved1 { } 
577124     DEBUG main            r.s.KeYCrossReferenceSourceInfo Dynamically created class: cp.Unresolved1 
577124     DEBUG main            d.u.i.k.j.r.ClassFileDeclarationBuilder Parsing: package cp; public class Unresolved2 { } 
577124     DEBUG main            r.s.KeYCrossReferenceSourceInfo Dynamically created class: cp.Unresolved2 
579559     DEBUG main            d.u.i.k.p.i.AbstractProblemLoader Init config took 2.46s 
579573     INFO  main            d.u.i.k.p.i.AbstractProblemLoader Replaying proof classpath.key 
579574     DEBUG main            d.u.i.k.p.i.IntermediateProofReplayer Proof replay took 2.5ns 
579681     INFO  main            d.u.i.k.p.r.p.TestFile    ... finished proof: closed. 
580180     INFO  main            d.u.i.k.p.i.AbstractProblemLoader Loading environment from /home/runner/work/key/key/key.core/../key.ui/examples/../../key.core/src/test/resources/testcase/classpath/classpath.key.proof 
580180     DEBUG main            d.u.i.k.p.i.AbstractProblemLoader Environment load took 77.3ns 
580181     INFO  main            d.u.i.k.p.i.AbstractProblemLoader Creating init config 
580203     WARN  main            d.u.i.k.j.r.KeYCrossReferenceNameInfo Datatype cp.C declared twice: Once in FILE:/home/runner/work/key/key/key.core/../key.ui/examples/../../key.core/src/test/resources/testcase/classpath/classpath/C.class and once in FILE:/home/runner/work/key/key/key.core/../key.ui/examples/../../key.core/src/test/resources/testcase/classpath/classpath/C.jml, Keeping one from FILE:/home/runner/work/key/key/key.core/../key.ui/examples/../../key.core/src/test/resources/testcase/classpath/classpath/C.jml 
580207     DEBUG main            d.u.i.k.j.r.ClassFileDeclarationBuilder Parsing: package cp; public class Unresolved1 { } 
580207     DEBUG main            r.s.KeYCrossReferenceSourceInfo Dynamically created class: cp.Unresolved1 
580207     DEBUG main            d.u.i.k.j.r.ClassFileDeclarationBuilder Parsing: package cp; public class Unresolved2 { } 
580207     DEBUG main            r.s.KeYCrossReferenceSourceInfo Dynamically created class: cp.Unresolved2 
582607     DEBUG main            d.u.i.k.p.i.AbstractProblemLoader Init config took 2.43s 
582621     INFO  main            d.u.i.k.p.i.AbstractProblemLoader Replaying proof classpath.key.proof 
582623     DEBUG main            d.u.i.k.p.i.IntermediateProofReplayer Proof replay took 443.8ns 
582625     DEBUG main            d.u.i.k.p.r.p.TestFile    ... success: reloaded. 
582626     INFO  main            d.u.i.k.p.r.p.TestFile    Now processing file /home/runner/work/key/key/key.core/../key.ui/examples/heap/inconsistent_represents/MyClass_m.key 
582626     INFO  main            d.u.i.k.p.i.AbstractProblemLoader Loading environment from /home/runner/work/key/key/key.core/../key.ui/examples/heap/inconsistent_represents/MyClass_m.key 
582626     DEBUG main            d.u.i.k.p.i.AbstractProblemLoader Environment load took 141.6ns 
582627     INFO  main            d.u.i.k.p.i.AbstractProblemLoader Creating init config 
585134     DEBUG main            d.u.i.k.p.i.AbstractProblemLoader Init config took 2.51s 
585168     INFO  main            d.u.i.k.p.i.AbstractProblemLoader Replaying proof MyClass[MyClass::m()].JML operation contract.0 
585169     DEBUG main            d.u.i.k.p.i.IntermediateProofReplayer Proof replay took 2.1ns 
585271     INFO  main            d.u.i.k.p.r.p.TestFile    ... finished proof: open goal(s) 
585770     INFO  main            d.u.i.k.p.r.p.TestFile    Now processing file /home/runner/work/key/key/key.core/../key.ui/examples/heap/inconsistent_represents/MyClass_n.key 
585770     INFO  main            d.u.i.k.p.i.AbstractProblemLoader Loading environment from /home/runner/work/key/key/key.core/../key.ui/examples/heap/inconsistent_represents/MyClass_n.key 
585770     DEBUG main            d.u.i.k.p.i.AbstractProblemLoader Environment load took 165.8ns 
585771     INFO  main            d.u.i.k.p.i.AbstractProblemLoader Creating init config 
588128     DEBUG main            d.u.i.k.p.i.AbstractProblemLoader Init config took 2.36s 
588160     INFO  main            d.u.i.k.p.i.AbstractProblemLoader Replaying proof MyClass[MyClass::n()].JML operation contract.0 
588161     DEBUG main            d.u.i.k.p.i.IntermediateProofReplayer Proof replay took 3ns 
588263     INFO  main            d.u.i.k.p.r.p.TestFile    ... finished proof: open goal(s) 
3372077    INFO  Test worker     d.u.i.k.p.r.RunAllProofsTestUnit Returning from test javadl 
3372078    INFO  Test worker     d.u.i.k.p.r.RunAllProofsTestUnit Running test FOL 
329        INFO  Timeout watchdog d.u.i.k.p.r.p.ForkedTestFileRunner Timeout watcher launched (2000 secs.) 
342        WARN  main            d.u.i.k.s.ProofSettings   The settings in /home/runner/.key/proof-settings.props are *not* read. 
371        INFO  main            d.u.i.k.p.r.p.TestFile    Now processing file /home/runner/work/key/key/key.core/../key.ui/examples/standard_key/pred_log/count.key 
475        INFO  main            d.u.i.k.p.i.AbstractProblemLoader Loading environment from /home/runner/work/key/key/key.core/../key.ui/examples/standard_key/pred_log/count.key 
497        DEBUG main            d.u.i.k.p.i.AbstractProblemLoader Environment load took 1.81ms 
724        INFO  main            d.u.i.k.p.i.AbstractProblemLoader Creating init config 
1637       DEBUG main            d.u.i.k.j.TypeConverter   No LDT found for Meta 
1638       DEBUG main            d.u.i.k.j.TypeConverter   No LDT found for Meta 
1639       DEBUG main            d.u.i.k.j.TypeConverter   No LDT found for Meta 
1640       DEBUG main            d.u.i.k.j.TypeConverter   No LDT found for Meta 
2959       DEBUG main            d.u.i.k.j.TypeConverter   No LDT found for JavaBigintExpression 
7354       DEBUG main            d.u.i.k.p.i.AbstractProblemLoader Init config took 6.63s 
7444       INFO  main            d.u.i.k.p.i.AbstractProblemLoader Replaying proof count.key 
7482       DEBUG main            d.u.i.k.p.i.IntermediateProofReplayer Proof replay took 35.2ns 
7762       INFO  main            d.u.i.k.p.r.p.TestFile    ... finished proof: closed. 
7855       INFO  main            d.u.i.k.p.i.AbstractProblemLoader Loading environment from /home/runner/work/key/key/key.core/../key.ui/examples/standard_key/pred_log/count.key.proof 
7856       DEBUG main            d.u.i.k.p.i.AbstractProblemLoader Environment load took 983.7ns 
7861       INFO  main            d.u.i.k.p.i.AbstractProblemLoader Creating init config 
10551      DEBUG main            d.u.i.k.p.i.AbstractProblemLoader Init config took 2.69s 
10580      INFO  main            d.u.i.k.p.i.AbstractProblemLoader Replaying proof count.key.proof 
10591      DEBUG main            d.u.i.k.p.i.IntermediateProofReplayer Proof replay took 6.84ms 
10601      DEBUG main            d.u.i.k.p.r.p.TestFile    ... success: reloaded. 
10602      INFO  main            d.u.i.k.p.r.p.TestFile    Now processing file /home/runner/work/key/key/key.core/../key.ui/examples/standard_key/pred_log/count2.key 
10603      INFO  main            d.u.i.k.p.i.AbstractProblemLoader Loading environment from /home/runner/work/key/key/key.core/../key.ui/examples/standard_key/pred_log/count2.key 
10603      DEBUG main            d.u.i.k.p.i.AbstractProblemLoader Environment load took 191ns 
10604      INFO  main            d.u.i.k.p.i.AbstractProblemLoader Creating init config 
13143      DEBUG main            d.u.i.k.p.i.AbstractProblemLoader Init config took 2.54s 
13182      INFO  main            d.u.i.k.p.i.AbstractProblemLoader Replaying proof count2.key 
13187      DEBUG main            d.u.i.k.p.i.IntermediateProofReplayer Proof replay took 5.5ns 
13297      INFO  main            d.u.i.k.p.r.p.TestFile    ... finished proof: closed. 
13414      INFO  main            d.u.i.k.p.i.AbstractProblemLoader Loading environment from /home/runner/work/key/key/key.core/../key.ui/examples/standard_key/pred_log/count2.key.proof 
13414      DEBUG main            d.u.i.k.p.i.AbstractProblemLoader Environment load took 117.8ns 
13424      INFO  main            d.u.i.k.p.i.AbstractProblemLoader Creating init config 
15829      DEBUG main            d.u.i.k.p.i.AbstractProblemLoader Init config took 2.4s 
15850      INFO  main            d.u.i.k.p.i.AbstractProblemLoader Replaying proof count2.key.proof 
15856      DEBUG main            d.u.i.k.p.i.IntermediateProofReplayer Proof replay took 3.22ms 
15857      DEBUG main            d.u.i.k.p.r.p.TestFile    ... success: reloaded. 
15857      INFO  main            d.u.i.k.p.r.p.TestFile    Now processing file /home/runner/work/key/key/key.core/../key.ui/examples/standard_key/pred_log/count3.key 
15858      INFO  main            d.u.i.k.p.i.AbstractProblemLoader Loading environment from /home/runner/work/key/key/key.core/../key.ui/examples/standard_key/pred_log/count3.key 
15858      DEBUG main            d.u.i.k.p.i.AbstractProblemLoader Environment load took 160.2ns 
15859      INFO  main            d.u.i.k.p.i.AbstractProblemLoader Creating init config 
18192      DEBUG main            d.u.i.k.p.i.AbstractProblemLoader Init config took 2.33s 
18216      INFO  main            d.u.i.k.p.i.AbstractProblemLoader Replaying proof count3.key 
18218      DEBUG main            d.u.i.k.p.i.IntermediateProofReplayer Proof replay took 5.8ns 
18322      INFO  main            d.u.i.k.p.r.p.TestFile    ... finished proof: closed. 
18459      INFO  main            d.u.i.k.p.i.AbstractProblemLoader Loading environment from /home/runner/work/key/key/key.core/../key.ui/examples/standard_key/pred_log/count3.key.proof 
18459      DEBUG main            d.u.i.k.p.i.AbstractProblemLoader Environment load took 124.9ns 
18460      INFO  main            d.u.i.k.p.i.AbstractProblemLoader Creating init config 
20809      DEBUG main            d.u.i.k.p.i.AbstractProblemLoader Init config took 2.35s 
20829      INFO  main            d.u.i.k.p.i.AbstractProblemLoader Replaying proof count3.key.proof 
20838      DEBUG main            d.u.i.k.p.i.IntermediateProofReplayer Proof replay took 5.73ms 
20839      DEBUG main            d.u.i.k.p.r.p.TestFile    ... success: reloaded. 
20841      INFO  main            d.u.i.k.p.r.p.TestFile    Now processing file /home/runner/work/key/key/key.core/../key.ui/examples/standard_key/pred_log/equalities.key 
20841      INFO  main            d.u.i.k.p.i.AbstractProblemLoader Loading environment from /home/runner/work/key/key/key.core/../key.ui/examples/standard_key/pred_log/equalities.key 
20841      DEBUG main            d.u.i.k.p.i.AbstractProblemLoader Environment load took 86.3ns 
20843      INFO  main            d.u.i.k.p.i.AbstractProblemLoader Creating init config 
23211      DEBUG main            d.u.i.k.p.i.AbstractProblemLoader Init config took 2.37s 
23230      INFO  main            d.u.i.k.p.i.AbstractProblemLoader Replaying proof equalities.key 
23231      DEBUG main            d.u.i.k.p.i.IntermediateProofReplayer Proof replay took 6ns 
23334      INFO  main            d.u.i.k.p.r.p.TestFile    ... finished proof: closed. 
23458      INFO  main            d.u.i.k.p.i.AbstractProblemLoader Loading environment from /home/runner/work/key/key/key.core/../key.ui/examples/standard_key/pred_log/equalities.key.proof 
23458      DEBUG main            d.u.i.k.p.i.AbstractProblemLoader Environment load took 109.9ns 
23459      INFO  main            d.u.i.k.p.i.AbstractProblemLoader Creating init config 
25765      DEBUG main            d.u.i.k.p.i.AbstractProblemLoader Init config took 2.31s 
25789      INFO  main            d.u.i.k.p.i.AbstractProblemLoader Replaying proof equalities.key.proof 
25796      DEBUG main            d.u.i.k.p.i.IntermediateProofReplayer Proof replay took 3.28ms 
25797      DEBUG main            d.u.i.k.p.r.p.TestFile    ... success: reloaded. 
25800      INFO  main            d.u.i.k.p.r.p.TestFile    Now processing file /home/runner/work/key/key/key.core/../key.ui/examples/standard_key/pred_log/equalities2.key 
25800      INFO  main            d.u.i.k.p.i.AbstractProblemLoader Loading environment from /home/runner/work/key/key/key.core/../key.ui/examples/standard_key/pred_log/equalities2.key 
25800      DEBUG main            d.u.i.k.p.i.AbstractProblemLoader Environment load took 67.8ns 
25801      INFO  main            d.u.i.k.p.i.AbstractProblemLoader Creating init config 
28137      DEBUG main            d.u.i.k.p.i.AbstractProblemLoader Init config took 2.34s 
28163      INFO  main            d.u.i.k.p.i.AbstractProblemLoader Replaying proof equalities2.key 
28164      DEBUG main            d.u.i.k.p.i.IntermediateProofReplayer Proof replay took 6.5ns 
28269      INFO  main            d.u.i.k.p.r.p.TestFile    ... finished proof: closed. 
28397      INFO  main            d.u.i.k.p.i.AbstractProblemLoader Loading environment from /home/runner/work/key/key/key.core/../key.ui/examples/standard_key/pred_log/equalities2.key.proof 
28397      DEBUG main            d.u.i.k.p.i.AbstractProblemLoader Environment load took 112.7ns 
28398      INFO  main            d.u.i.k.p.i.AbstractProblemLoader Creating init config 
30664      DEBUG main            d.u.i.k.p.i.AbstractProblemLoader Init config took 2.27s 
30682      INFO  main            d.u.i.k.p.i.AbstractProblemLoader Replaying proof equalities2.key.proof 
30693      DEBUG main            d.u.i.k.p.i.IntermediateProofReplayer Proof replay took 9ms 
30695      DEBUG main            d.u.i.k.p.r.p.TestFile    ... success: reloaded. 
30696      INFO  main            d.u.i.k.p.r.p.TestFile    Now processing file /home/runner/work/key/key/key.core/../key.ui/examples/standard_key/pred_log/equalities3.key 
30696      INFO  main            d.u.i.k.p.i.AbstractProblemLoader Loading environment from /home/runner/work/key/key/key.core/../key.ui/examples/standard_key/pred_log/equalities3.key 
30696      DEBUG main            d.u.i.k.p.i.AbstractProblemLoader Environment load took 103.9ns 
30697      INFO  main            d.u.i.k.p.i.AbstractProblemLoader Creating init config 
33000      DEBUG main            d.u.i.k.p.i.AbstractProblemLoader Init config took 2.3s 
33016      INFO  main            d.u.i.k.p.i.AbstractProblemLoader Replaying proof equalities3.key 
33017      DEBUG main            d.u.i.k.p.i.IntermediateProofReplayer Proof replay took 6.2ns 
33119      INFO  main            d.u.i.k.p.r.p.TestFile    ... finished proof: closed. 
33294      INFO  main            d.u.i.k.p.i.AbstractProblemLoader Loading environment from /home/runner/work/key/key/key.core/../key.ui/examples/standard_key/pred_log/equalities3.key.proof 
33294      DEBUG main            d.u.i.k.p.i.AbstractProblemLoader Environment load took 112.3ns 
33295      INFO  main            d.u.i.k.p.i.AbstractProblemLoader Creating init config 
35552      DEBUG main            d.u.i.k.p.i.AbstractProblemLoader Init config took 2.26s 
35568      INFO  main            d.u.i.k.p.i.AbstractProblemLoader Replaying proof equalities3.key.proof 
35575      DEBUG main            d.u.i.k.p.i.IntermediateProofReplayer Proof replay took 5.42ms 
35576      DEBUG main            d.u.i.k.p.r.p.TestFile    ... success: reloaded. 
35577      INFO  main            d.u.i.k.p.r.p.TestFile    Now processing file /home/runner/work/key/key/key.core/../key.ui/examples/standard_key/pred_log/functions.key 
35577      INFO  main            d.u.i.k.p.i.AbstractProblemLoader Loading environment from /home/runner/work/key/key/key.core/../key.ui/examples/standard_key/pred_log/functions.key 
35577      DEBUG main            d.u.i.k.p.i.AbstractProblemLoader Environment load took 83.9ns 
35578      INFO  main            d.u.i.k.p.i.AbstractProblemLoader Creating init config 
37853      DEBUG main            d.u.i.k.p.i.AbstractProblemLoader Init config took 2.27s 
37870      INFO  main            d.u.i.k.p.i.AbstractProblemLoader Replaying proof functions.key 
37873      DEBUG main            d.u.i.k.p.i.IntermediateProofReplayer Proof replay took 7.3ns 
37974      INFO  main            d.u.i.k.p.r.p.TestFile    ... finished proof: closed. 
38121      INFO  main            d.u.i.k.p.i.AbstractProblemLoader Loading environment from /home/runner/work/key/key/key.core/../key.ui/examples/standard_key/pred_log/functions.key.proof 
38121      DEBUG main            d.u.i.k.p.i.AbstractProblemLoader Environment load took 106.2ns 
38122      INFO  main            d.u.i.k.p.i.AbstractProblemLoader Creating init config 
40368      DEBUG main            d.u.i.k.p.i.AbstractProblemLoader Init config took 2.25s 
40383      INFO  main            d.u.i.k.p.i.AbstractProblemLoader Replaying proof functions.key.proof 
40389      DEBUG main            d.u.i.k.p.i.IntermediateProofReplayer Proof replay took 3.95ms 
40390      DEBUG main            d.u.i.k.p.r.p.TestFile    ... success: reloaded. 
40391      INFO  main            d.u.i.k.p.r.p.TestFile    Now processing file /home/runner/work/key/key/key.core/../key.ui/examples/standard_key/pred_log/mv1.key 
40391      INFO  main            d.u.i.k.p.i.AbstractProblemLoader Loading environment from /home/runner/work/key/key/key.core/../key.ui/examples/standard_key/pred_log/mv1.key 
40391      DEBUG main            d.u.i.k.p.i.AbstractProblemLoader Environment load took 91.1ns 
40392      INFO  main            d.u.i.k.p.i.AbstractProblemLoader Creating init config 
42647      DEBUG main            d.u.i.k.p.i.AbstractProblemLoader Init config took 2.26s 
42661      INFO  main            d.u.i.k.p.i.AbstractProblemLoader Replaying proof mv1.key 
42663      DEBUG main            d.u.i.k.p.i.IntermediateProofReplayer Proof replay took 6.5ns 
42766      INFO  main            d.u.i.k.p.r.p.TestFile    ... finished proof: closed. 
42909      INFO  main            d.u.i.k.p.i.AbstractProblemLoader Loading environment from /home/runner/work/key/key/key.core/../key.ui/examples/standard_key/pred_log/mv1.key.proof 
42909      DEBUG main            d.u.i.k.p.i.AbstractProblemLoader Environment load took 104.7ns 
42910      INFO  main            d.u.i.k.p.i.AbstractProblemLoader Creating init config 
45126      DEBUG main            d.u.i.k.p.i.AbstractProblemLoader Init config took 2.22s 
45140      INFO  main            d.u.i.k.p.i.AbstractProblemLoader Replaying proof mv1.key.proof 
45142      DEBUG main            d.u.i.k.p.i.IntermediateProofReplayer Proof replay took 882ns 
45143      DEBUG main            d.u.i.k.p.r.p.TestFile    ... success: reloaded. 
45144      INFO  main            d.u.i.k.p.r.p.TestFile    Now processing file /home/runner/work/key/key/key.core/../key.ui/examples/standard_key/pred_log/mv2.key 
45144      INFO  main            d.u.i.k.p.i.AbstractProblemLoader Loading environment from /home/runner/work/key/key/key.core/../key.ui/examples/standard_key/pred_log/mv2.key 
45144      DEBUG main            d.u.i.k.p.i.AbstractProblemLoader Environment load took 149.8ns 
45145      INFO  main            d.u.i.k.p.i.AbstractProblemLoader Creating init config 
47409      DEBUG main            d.u.i.k.p.i.AbstractProblemLoader Init config took 2.26s 
47424      INFO  main            d.u.i.k.p.i.AbstractProblemLoader Replaying proof mv2.key 
47425      DEBUG main            d.u.i.k.p.i.IntermediateProofReplayer Proof replay took 5.9ns 
47526      INFO  main            d.u.i.k.p.r.p.TestFile    ... finished proof: closed. 
47725      INFO  main            d.u.i.k.p.i.AbstractProblemLoader Loading environment from /home/runner/work/key/key/key.core/../key.ui/examples/standard_key/pred_log/mv2.key.proof 
47725      DEBUG main            d.u.i.k.p.i.AbstractProblemLoader Environment load took 101.5ns 
47726      INFO  main            d.u.i.k.p.i.AbstractProblemLoader Creating init config 
49940      DEBUG main            d.u.i.k.p.i.AbstractProblemLoader Init config took 2.21s 
49953      INFO  main            d.u.i.k.p.i.AbstractProblemLoader Replaying proof mv2.key.proof 
49956      DEBUG main            d.u.i.k.p.i.IntermediateProofReplayer Proof replay took 1.24ms 
49957      DEBUG main            d.u.i.k.p.r.p.TestFile    ... success: reloaded. 
49957      INFO  main            d.u.i.k.p.r.p.TestFile    Now processing file /home/runner/work/key/key/key.core/../key.ui/examples/standard_key/pred_log/quantifiers.key 
49957      INFO  main            d.u.i.k.p.i.AbstractProblemLoader Loading environment from /home/runner/work/key/key/key.core/../key.ui/examples/standard_key/pred_log/quantifiers.key 
49957      DEBUG main            d.u.i.k.p.i.AbstractProblemLoader Environment load took 79.2ns 
49958      INFO  main            d.u.i.k.p.i.AbstractProblemLoader Creating init config 
52220      DEBUG main            d.u.i.k.p.i.AbstractProblemLoader Init config took 2.26s 
52247      INFO  main            d.u.i.k.p.i.AbstractProblemLoader Replaying proof quantifiers.key 
52249      DEBUG main            d.u.i.k.p.i.IntermediateProofReplayer Proof replay took 6.5ns 
52353      INFO  main            d.u.i.k.p.r.p.TestFile    ... finished proof: closed. 
52504      INFO  main            d.u.i.k.p.i.AbstractProblemLoader Loading environment from /home/runner/work/key/key/key.core/../key.ui/examples/standard_key/pred_log/quantifiers.key.proof 
52508      DEBUG main            d.u.i.k.p.i.AbstractProblemLoader Environment load took 3.7ms 
52509      INFO  main            d.u.i.k.p.i.AbstractProblemLoader Creating init config 
54722      DEBUG main            d.u.i.k.p.i.AbstractProblemLoader Init config took 2.21s 
54736      INFO  main            d.u.i.k.p.i.AbstractProblemLoader Replaying proof quantifiers.key.proof 
54740      DEBUG main            d.u.i.k.p.i.IntermediateProofReplayer Proof replay took 2.05ms 
54740      DEBUG main            d.u.i.k.p.r.p.TestFile    ... success: reloaded. 
54741      INFO  main            d.u.i.k.p.r.p.TestFile    Now processing file /home/runner/work/key/key/key.core/../key.ui/examples/standard_key/pred_log/simpleEps.key 
54741      INFO  main            d.u.i.k.p.i.AbstractProblemLoader Loading environment from /home/runner/work/key/key/key.core/../key.ui/examples/standard_key/pred_log/simpleEps.key 
54742      DEBUG main            d.u.i.k.p.i.AbstractProblemLoader Environment load took 162.1ns 
54742      INFO  main            d.u.i.k.p.i.AbstractProblemLoader Creating init config 
57011      DEBUG main            d.u.i.k.p.i.AbstractProblemLoader Init config took 2.27s 
57025      INFO  main            d.u.i.k.p.i.AbstractProblemLoader Replaying proof simpleEps.key 
57026      DEBUG main            d.u.i.k.p.i.IntermediateProofReplayer Proof replay took 5.9ns 
57129      INFO  main            d.u.i.k.p.r.p.TestFile    ... finished proof: closed. 
57286      INFO  main            d.u.i.k.p.i.AbstractProblemLoader Loading environment from /home/runner/work/key/key/key.core/../key.ui/examples/standard_key/pred_log/simpleEps.key.proof 
57286      DEBUG main            d.u.i.k.p.i.AbstractProblemLoader Environment load took 102.7ns 
57287      INFO  main            d.u.i.k.p.i.AbstractProblemLoader Creating init config 
59535      DEBUG main            d.u.i.k.p.i.AbstractProblemLoader Init config took 2.25s 
59548      INFO  main            d.u.i.k.p.i.AbstractProblemLoader Replaying proof simpleEps.key.proof 
59551      DEBUG main            d.u.i.k.p.i.IntermediateProofReplayer Proof replay took 1.63ms 
59552      DEBUG main            d.u.i.k.p.r.p.TestFile    ... success: reloaded. 
59553      INFO  main            d.u.i.k.p.r.p.TestFile    Now processing file /home/runner/work/key/key/key.core/../key.ui/examples/standard_key/pred_log/steam1.key 
59553      INFO  main            d.u.i.k.p.i.AbstractProblemLoader Loading environment from /home/runner/work/key/key/key.core/../key.ui/examples/standard_key/pred_log/steam1.key 
59553      DEBUG main            d.u.i.k.p.i.AbstractProblemLoader Environment load took 79.4ns 
59555      INFO  main            d.u.i.k.p.i.AbstractProblemLoader Creating init config 
61829      DEBUG main            d.u.i.k.p.i.AbstractProblemLoader Init config took 2.27s 
61852      INFO  main            d.u.i.k.p.i.AbstractProblemLoader Replaying proof steam1.key 
61853      DEBUG main            d.u.i.k.p.i.IntermediateProofReplayer Proof replay took 6.5ns 
62159      INFO  main            d.u.i.k.p.r.p.TestFile    ... finished proof: closed. 
62335      INFO  main            d.u.i.k.p.i.AbstractProblemLoader Loading environment from /home/runner/work/key/key/key.core/../key.ui/examples/standard_key/pred_log/steam1.key.proof 
62339      DEBUG main            d.u.i.k.p.i.AbstractProblemLoader Environment load took 3.99ms 
62344      INFO  main            d.u.i.k.p.i.AbstractProblemLoader Creating init config 
64553      DEBUG main            d.u.i.k.p.i.AbstractProblemLoader Init config took 2.21s 
64572      INFO  main            d.u.i.k.p.i.AbstractProblemLoader Replaying proof steam1.key.proof 
64591      DEBUG main            d.u.i.k.p.i.IntermediateProofReplayer Proof replay took 15.62ms 
64593      DEBUG main            d.u.i.k.p.r.p.TestFile    ... success: reloaded. 
64594      INFO  main            d.u.i.k.p.r.p.TestFile    Now processing file /home/runner/work/key/key/key.core/../key.ui/examples/standard_key/pred_log/tptp/PUZ/PUZ001p1.key 
64594      INFO  main            d.u.i.k.p.i.AbstractProblemLoader Loading environment from /home/runner/work/key/key/key.core/../key.ui/examples/standard_key/pred_log/tptp/PUZ/PUZ001p1.key 
64594      DEBUG main            d.u.i.k.p.i.AbstractProblemLoader Environment load took 158.8ns 
64596      INFO  main            d.u.i.k.p.i.AbstractProblemLoader Creating init config 
66837      DEBUG main            d.u.i.k.p.i.AbstractProblemLoader Init config took 2.24s 
66852      INFO  main            d.u.i.k.p.i.AbstractProblemLoader Replaying proof PUZ001p1.key 
66853      DEBUG main            d.u.i.k.p.i.IntermediateProofReplayer Proof replay took 5.7ns 
69772      INFO  main            d.u.i.k.p.r.p.TestFile    ... finished proof: closed. 
69961      INFO  main            d.u.i.k.p.i.AbstractProblemLoader Loading environment from /home/runner/work/key/key/key.core/../key.ui/examples/standard_key/pred_log/tptp/PUZ/PUZ001p1.key.proof 
69962      DEBUG main            d.u.i.k.p.i.AbstractProblemLoader Environment load took 311.5ns 
69963      INFO  main            d.u.i.k.p.i.AbstractProblemLoader Creating init config 
72169      DEBUG main            d.u.i.k.p.i.AbstractProblemLoader Init config took 2.21s 
72184      INFO  main            d.u.i.k.p.i.AbstractProblemLoader Replaying proof PUZ001p1.key.proof 
72298      DEBUG main            d.u.i.k.p.i.IntermediateProofReplayer Proof replay took 104.73ms 
72300      DEBUG main            d.u.i.k.p.r.p.TestFile    ... success: reloaded. 
72300      INFO  main            d.u.i.k.p.r.p.TestFile    Now processing file /home/runner/work/key/key/key.core/../key.ui/examples/standard_key/pred_log/tptp/PUZ/PUZ001p1-eq.key 
72301      INFO  main            d.u.i.k.p.i.AbstractProblemLoader Loading environment from /home/runner/work/key/key/key.core/../key.ui/examples/standard_key/pred_log/tptp/PUZ/PUZ001p1-eq.key 
72301      DEBUG main            d.u.i.k.p.i.AbstractProblemLoader Environment load took 158ns 
72302      INFO  main            d.u.i.k.p.i.AbstractProblemLoader Creating init config 
74566      DEBUG main            d.u.i.k.p.i.AbstractProblemLoader Init config took 2.26s 
74580      INFO  main            d.u.i.k.p.i.AbstractProblemLoader Replaying proof PUZ001p1-eq.key 
74581      DEBUG main            d.u.i.k.p.i.IntermediateProofReplayer Proof replay took 6.1ns 
74784      INFO  main            d.u.i.k.p.r.p.TestFile    ... finished proof: closed. 
74987      INFO  main            d.u.i.k.p.i.AbstractProblemLoader Loading environment from /home/runner/work/key/key/key.core/../key.ui/examples/standard_key/pred_log/tptp/PUZ/PUZ001p1-eq.key.proof 
74988      DEBUG main            d.u.i.k.p.i.AbstractProblemLoader Environment load took 104.6ns 
74989      INFO  main            d.u.i.k.p.i.AbstractProblemLoader Creating init config 
77174      DEBUG main            d.u.i.k.p.i.AbstractProblemLoader Init config took 2.19s 
77188      INFO  main            d.u.i.k.p.i.AbstractProblemLoader Replaying proof PUZ001p1-eq.key.proof 
77201      DEBUG main            d.u.i.k.p.i.IntermediateProofReplayer Proof replay took 11.6ms 
77203      DEBUG main            d.u.i.k.p.r.p.TestFile    ... success: reloaded. 
77203      INFO  main            d.u.i.k.p.r.p.TestFile    Now processing file /home/runner/work/key/key/key.core/../key.ui/examples/standard_key/pred_log/tptp/PUZ/PUZ031p1.key 
77203      INFO  main            d.u.i.k.p.i.AbstractProblemLoader Loading environment from /home/runner/work/key/key/key.core/../key.ui/examples/standard_key/pred_log/tptp/PUZ/PUZ031p1.key 
77204      DEBUG main            d.u.i.k.p.i.AbstractProblemLoader Environment load took 145.2ns 
77205      INFO  main            d.u.i.k.p.i.AbstractProblemLoader Creating init config 
79450      DEBUG main            d.u.i.k.p.i.AbstractProblemLoader Init config took 2.25s 
79464      INFO  main            d.u.i.k.p.i.AbstractProblemLoader Replaying proof PUZ031p1.key 
79465      DEBUG main            d.u.i.k.p.i.IntermediateProofReplayer Proof replay took 6.1ns 
87287      INFO  main            d.u.i.k.p.r.p.TestFile    ... finished proof: closed. 
87478      INFO  main            d.u.i.k.p.i.AbstractProblemLoader Loading environment from /home/runner/work/key/key/key.core/../key.ui/examples/standard_key/pred_log/tptp/PUZ/PUZ031p1.key.proof 
87479      DEBUG main            d.u.i.k.p.i.AbstractProblemLoader Environment load took 301.2ns 
87480      INFO  main            d.u.i.k.p.i.AbstractProblemLoader Creating init config 
89653      DEBUG main            d.u.i.k.p.i.AbstractProblemLoader Init config took 2.17s 
89667      INFO  main            d.u.i.k.p.i.AbstractProblemLoader Replaying proof PUZ031p1.key.proof 
89716      DEBUG main            d.u.i.k.p.i.IntermediateProofReplayer Proof replay took 45.43ms 
89718      DEBUG main            d.u.i.k.p.r.p.TestFile    ... success: reloaded. 
89718      INFO  main            d.u.i.k.p.r.p.TestFile    Now processing file /home/runner/work/key/key/key.core/../key.ui/examples/standard_key/pred_log/tptp/SET/SET027p3.key 
89719      INFO  main            d.u.i.k.p.i.AbstractProblemLoader Loading environment from /home/runner/work/key/key/key.core/../key.ui/examples/standard_key/pred_log/tptp/SET/SET027p3.key 
89719      DEBUG main            d.u.i.k.p.i.AbstractProblemLoader Environment load took 83.3ns 
89720      INFO  main            d.u.i.k.p.i.AbstractProblemLoader Creating init config 
91959      DEBUG main            d.u.i.k.p.i.AbstractProblemLoader Init config took 2.24s 
91971      INFO  main            d.u.i.k.p.i.AbstractProblemLoader Replaying proof SET027p3.key 
91972      DEBUG main            d.u.i.k.p.i.IntermediateProofReplayer Proof replay took 5.8ns 
92074      INFO  main            d.u.i.k.p.r.p.TestFile    ... finished proof: closed. 
92277      INFO  main            d.u.i.k.p.i.AbstractProblemLoader Loading environment from /home/runner/work/key/key/key.core/../key.ui/examples/standard_key/pred_log/tptp/SET/SET027p3.key.proof 
92277      DEBUG main            d.u.i.k.p.i.AbstractProblemLoader Environment load took 105.4ns 
92278      INFO  main            d.u.i.k.p.i.AbstractProblemLoader Creating init config 
94447      DEBUG main            d.u.i.k.p.i.AbstractProblemLoader Init config took 2.17s 
94459      INFO  main            d.u.i.k.p.i.AbstractProblemLoader Replaying proof SET027p3.key.proof 
94474      DEBUG main            d.u.i.k.p.i.IntermediateProofReplayer Proof replay took 4.07ms 
94475      DEBUG main            d.u.i.k.p.r.p.TestFile    ... success: reloaded. 
94476      INFO  main            d.u.i.k.p.r.p.TestFile    Now processing file /home/runner/work/key/key/key.core/../key.ui/examples/standard_key/pred_log/tptp/SET/SET043p1.key 
94476      INFO  main            d.u.i.k.p.i.AbstractProblemLoader Loading environment from /home/runner/work/key/key/key.core/../key.ui/examples/standard_key/pred_log/tptp/SET/SET043p1.key 
94476      DEBUG main            d.u.i.k.p.i.AbstractProblemLoader Environment load took 163.7ns 
94477      INFO  main            d.u.i.k.p.i.AbstractProblemLoader Creating init config 
96701      DEBUG main            d.u.i.k.p.i.AbstractProblemLoader Init config took 2.22s 
96713      INFO  main            d.u.i.k.p.i.AbstractProblemLoader Replaying proof SET043p1.key 
96714      DEBUG main            d.u.i.k.p.i.IntermediateProofReplayer Proof replay took 5.9ns 
96817      INFO  main            d.u.i.k.p.r.p.TestFile    ... finished proof: closed. 
97011      INFO  main            d.u.i.k.p.i.AbstractProblemLoader Loading environment from /home/runner/work/key/key/key.core/../key.ui/examples/standard_key/pred_log/tptp/SET/SET043p1.key.proof 
97012      DEBUG main            d.u.i.k.p.i.AbstractProblemLoader Environment load took 302.1ns 
97012      INFO  main            d.u.i.k.p.i.AbstractProblemLoader Creating init config 
99210      DEBUG main            d.u.i.k.p.i.AbstractProblemLoader Init config took 2.2s 
99224      INFO  main            d.u.i.k.p.i.AbstractProblemLoader Replaying proof SET043p1.key.proof 
99229      DEBUG main            d.u.i.k.p.i.IntermediateProofReplayer Proof replay took 1.52ms 
99229      DEBUG main            d.u.i.k.p.r.p.TestFile    ... success: reloaded. 
99230      INFO  main            d.u.i.k.p.r.p.TestFile    Now processing file /home/runner/work/key/key/key.core/../key.ui/examples/standard_key/pred_log/tptp/SET/SET045p1.key 
99230      INFO  main            d.u.i.k.p.i.AbstractProblemLoader Loading environment from /home/runner/work/key/key/key.core/../key.ui/examples/standard_key/pred_log/tptp/SET/SET045p1.key 
99230      DEBUG main            d.u.i.k.p.i.AbstractProblemLoader Environment load took 142ns 
99231      INFO  main            d.u.i.k.p.i.AbstractProblemLoader Creating init config 
101452     DEBUG main            d.u.i.k.p.i.AbstractProblemLoader Init config took 2.22s 
101464     INFO  main            d.u.i.k.p.i.AbstractProblemLoader Replaying proof SET045p1.key 
101465     DEBUG main            d.u.i.k.p.i.IntermediateProofReplayer Proof replay took 5.7ns 
101569     INFO  main            d.u.i.k.p.r.p.TestFile    ... finished proof: closed. 
101771     INFO  main            d.u.i.k.p.i.AbstractProblemLoader Loading environment from /home/runner/work/key/key/key.core/../key.ui/examples/standard_key/pred_log/tptp/SET/SET045p1.key.proof 
101771     DEBUG main            d.u.i.k.p.i.AbstractProblemLoader Environment load took 92.9ns 
101772     INFO  main            d.u.i.k.p.i.AbstractProblemLoader Creating init config 
104011     DEBUG main            d.u.i.k.p.i.AbstractProblemLoader Init config took 2.24s 
104024     INFO  main            d.u.i.k.p.i.AbstractProblemLoader Replaying proof SET045p1.key.proof 
104029     DEBUG main            d.u.i.k.p.i.IntermediateProofReplayer Proof replay took 3.83ms 
104030     DEBUG main            d.u.i.k.p.r.p.TestFile    ... success: reloaded. 
104031     INFO  main            d.u.i.k.p.r.p.TestFile    Now processing file /home/runner/work/key/key/key.core/../key.ui/examples/standard_key/pred_log/tptp/SET/SET062p3.key 
104031     INFO  main            d.u.i.k.p.i.AbstractProblemLoader Loading environment from /home/runner/work/key/key/key.core/../key.ui/examples/standard_key/pred_log/tptp/SET/SET062p3.key 
104031     DEBUG main            d.u.i.k.p.i.AbstractProblemLoader Environment load took 72.6ns 
104032     INFO  main            d.u.i.k.p.i.AbstractProblemLoader Creating init config 
106244     DEBUG main            d.u.i.k.p.i.AbstractProblemLoader Init config took 2.21s 
106259     INFO  main            d.u.i.k.p.i.AbstractProblemLoader Replaying proof SET062p3.key 
106261     DEBUG main            d.u.i.k.p.i.IntermediateProofReplayer Proof replay took 6.7ns 
106363     INFO  main            d.u.i.k.p.r.p.TestFile    ... finished proof: closed. 
106567     INFO  main            d.u.i.k.p.i.AbstractProblemLoader Loading environment from /home/runner/work/key/key/key.core/../key.ui/examples/standard_key/pred_log/tptp/SET/SET062p3.key.proof 
106567     DEBUG main            d.u.i.k.p.i.AbstractProblemLoader Environment load took 94ns 
106568     INFO  main            d.u.i.k.p.i.AbstractProblemLoader Creating init config 
108745     DEBUG main            d.u.i.k.p.i.AbstractProblemLoader Init config took 2.18s 
108758     INFO  main            d.u.i.k.p.i.AbstractProblemLoader Replaying proof SET062p3.key.proof 
108763     DEBUG main            d.u.i.k.p.i.IntermediateProofReplayer Proof replay took 3.59ms 
108764     DEBUG main            d.u.i.k.p.r.p.TestFile    ... success: reloaded. 
108764     INFO  main            d.u.i.k.p.r.p.TestFile    Now processing file /home/runner/work/key/key/key.core/../key.ui/examples/standard_key/pred_log/tptp/SET/SET063p3.key 
108764     INFO  main            d.u.i.k.p.i.AbstractProblemLoader Loading environment from /home/runner/work/key/key/key.core/../key.ui/examples/standard_key/pred_log/tptp/SET/SET063p3.key 
108765     DEBUG main            d.u.i.k.p.i.AbstractProblemLoader Environment load took 73.2ns 
108765     INFO  main            d.u.i.k.p.i.AbstractProblemLoader Creating init config 
111025     DEBUG main            d.u.i.k.p.i.AbstractProblemLoader Init config took 2.26s 
111038     INFO  main            d.u.i.k.p.i.AbstractProblemLoader Replaying proof SET063p3.key 
111039     DEBUG main            d.u.i.k.p.i.IntermediateProofReplayer Proof replay took 5.9ns 
111141     INFO  main            d.u.i.k.p.r.p.TestFile    ... finished proof: closed. 
111350     INFO  main            d.u.i.k.p.i.AbstractProblemLoader Loading environment from /home/runner/work/key/key/key.core/../key.ui/examples/standard_key/pred_log/tptp/SET/SET063p3.key.proof 
111350     DEBUG main            d.u.i.k.p.i.AbstractProblemLoader Environment load took 97.6ns 
111351     INFO  main            d.u.i.k.p.i.AbstractProblemLoader Creating init config 
113531     DEBUG main            d.u.i.k.p.i.AbstractProblemLoader Init config took 2.18s 
113545     INFO  main            d.u.i.k.p.i.AbstractProblemLoader Replaying proof SET063p3.key.proof 
113553     DEBUG main            d.u.i.k.p.i.IntermediateProofReplayer Proof replay took 5.5ms 
113554     DEBUG main            d.u.i.k.p.r.p.TestFile    ... success: reloaded. 
113555     INFO  main            d.u.i.k.p.r.p.TestFile    Now processing file /home/runner/work/key/key/key.core/../key.ui/examples/standard_key/pred_log/tptp/SYN/SYN036p2.key 
113555     INFO  main            d.u.i.k.p.i.AbstractProblemLoader Loading environment from /home/runner/work/key/key/key.core/../key.ui/examples/standard_key/pred_log/tptp/SYN/SYN036p2.key 
113555     DEBUG main            d.u.i.k.p.i.AbstractProblemLoader Environment load took 149.1ns 
113558     INFO  main            d.u.i.k.p.i.AbstractProblemLoader Creating init config 
115796     DEBUG main            d.u.i.k.p.i.AbstractProblemLoader Init config took 2.24s 
115811     INFO  main            d.u.i.k.p.i.AbstractProblemLoader Replaying proof SYN036p2.key 
115812     DEBUG main            d.u.i.k.p.i.IntermediateProofReplayer Proof replay took 6ns 
116017     INFO  main            d.u.i.k.p.r.p.TestFile    ... finished proof: closed. 
116265     INFO  main            d.u.i.k.p.i.AbstractProblemLoader Loading environment from /home/runner/work/key/key/key.core/../key.ui/examples/standard_key/pred_log/tptp/SYN/SYN036p2.key.proof 
116265     DEBUG main            d.u.i.k.p.i.AbstractProblemLoader Environment load took 310.7ns 
116266     INFO  main            d.u.i.k.p.i.AbstractProblemLoader Creating init config 
118443     DEBUG main            d.u.i.k.p.i.AbstractProblemLoader Init config took 2.18s 
118456     INFO  main            d.u.i.k.p.i.AbstractProblemLoader Replaying proof SYN036p2.key.proof 
118515     DEBUG main            d.u.i.k.p.i.IntermediateProofReplayer Proof replay took 52.72ms 
118516     DEBUG main            d.u.i.k.p.r.p.TestFile    ... success: reloaded. 
118517     INFO  main            d.u.i.k.p.r.p.TestFile    Now processing file /home/runner/work/key/key/key.core/../key.ui/examples/standard_key/pred_log/tptp/SYN/SYN550p1.key 
118517     INFO  main            d.u.i.k.p.i.AbstractProblemLoader Loading environment from /home/runner/work/key/key/key.core/../key.ui/examples/standard_key/pred_log/tptp/SYN/SYN550p1.key 
118517     DEBUG main            d.u.i.k.p.i.AbstractProblemLoader Environment load took 64.4ns 
118518     INFO  main            d.u.i.k.p.i.AbstractProblemLoader Creating init config 
120730     DEBUG main            d.u.i.k.p.i.AbstractProblemLoader Init config took 2.21s 
120743     INFO  main            d.u.i.k.p.i.AbstractProblemLoader Replaying proof SYN550p1.key 
120744     DEBUG main            d.u.i.k.p.i.IntermediateProofReplayer Proof replay took 7.1ns 
123474     INFO  main            d.u.i.k.p.r.p.TestFile    ... finished proof: closed. 
123708     INFO  main            d.u.i.k.p.i.AbstractProblemLoader Loading environment from /home/runner/work/key/key/key.core/../key.ui/examples/standard_key/pred_log/tptp/SYN/SYN550p1.key.proof 
123709     DEBUG main            d.u.i.k.p.i.AbstractProblemLoader Environment load took 302.2ns 
123710     INFO  main            d.u.i.k.p.i.AbstractProblemLoader Creating init config 
125880     DEBUG main            d.u.i.k.p.i.AbstractProblemLoader Init config took 2.17s 
125893     INFO  main            d.u.i.k.p.i.AbstractProblemLoader Replaying proof SYN550p1.key.proof 
125957     DEBUG main            d.u.i.k.p.i.IntermediateProofReplayer Proof replay took 57.33ms 
125975     DEBUG main            d.u.i.k.p.r.p.TestFile    ... success: reloaded. 
125976     INFO  main            d.u.i.k.p.r.p.TestFile    Now processing file /home/runner/work/key/key/key.core/../key.ui/examples/standard_key/prop_log/reallySimple.key 
125976     INFO  main            d.u.i.k.p.i.AbstractProblemLoader Loading environment from /home/runner/work/key/key/key.core/../key.ui/examples/standard_key/prop_log/reallySimple.key 
125976     DEBUG main            d.u.i.k.p.i.AbstractProblemLoader Environment load took 47.1ns 
125977     INFO  main            d.u.i.k.p.i.AbstractProblemLoader Creating init config 
128198     DEBUG main            d.u.i.k.p.i.AbstractProblemLoader Init config took 2.22s 
128211     INFO  main            d.u.i.k.p.i.AbstractProblemLoader Replaying proof reallySimple.key 
128213     DEBUG main            d.u.i.k.p.i.IntermediateProofReplayer Proof replay took 5.7ns 
128314     INFO  main            d.u.i.k.p.r.p.TestFile    ... finished proof: open goal(s) 
128553     INFO  main            d.u.i.k.p.r.p.TestFile    Now processing file /home/runner/work/key/key/key.core/../key.ui/examples/standard_key/pred_log/sameName1.key 
128553     INFO  main            d.u.i.k.p.i.AbstractProblemLoader Loading environment from /home/runner/work/key/key/key.core/../key.ui/examples/standard_key/pred_log/sameName1.key 
128553     DEBUG main            d.u.i.k.p.i.AbstractProblemLoader Environment load took 51.4ns 
128554     INFO  main            d.u.i.k.p.i.AbstractProblemLoader Creating init config 
130707     DEBUG main            d.u.i.k.p.i.AbstractProblemLoader Init config took 2.15s 
130718     INFO  main            d.u.i.k.p.i.AbstractProblemLoader Replaying proof sameName1.key 
130719     DEBUG main            d.u.i.k.p.i.IntermediateProofReplayer Proof replay took 4.8ns 
130821     INFO  main            d.u.i.k.p.r.p.TestFile    ... finished proof: open goal(s) 
131057     INFO  main            d.u.i.k.p.r.p.TestFile    Now processing file /home/runner/work/key/key/key.core/../key.ui/examples/standard_key/pred_log/jbyteIfEx.key 
131057     INFO  main            d.u.i.k.p.i.AbstractProblemLoader Loading environment from /home/runner/work/key/key/key.core/../key.ui/examples/standard_key/pred_log/jbyteIfEx.key 
131057     DEBUG main            d.u.i.k.p.i.AbstractProblemLoader Environment load took 51.5ns 
131058     INFO  main            d.u.i.k.p.i.AbstractProblemLoader Creating init config 
133215     DEBUG main            d.u.i.k.p.i.AbstractProblemLoader Init config took 2.16s 
133227     INFO  main            d.u.i.k.p.i.AbstractProblemLoader Replaying proof jbyteIfEx.key 
133228     DEBUG main            d.u.i.k.p.i.IntermediateProofReplayer Proof replay took 5.8ns 
133329     INFO  main            d.u.i.k.p.r.p.TestFile    ... finished proof: closed. 
133544     INFO  main            d.u.i.k.p.i.AbstractProblemLoader Loading environment from /home/runner/work/key/key/key.core/../key.ui/examples/standard_key/pred_log/jbyteIfEx.key.proof 
133544     DEBUG main            d.u.i.k.p.i.AbstractProblemLoader Environment load took 91.8ns 
133545     INFO  main            d.u.i.k.p.i.AbstractProblemLoader Creating init config 
135752     DEBUG main            d.u.i.k.p.i.AbstractProblemLoader Init config took 2.21s 
135773     INFO  main            d.u.i.k.p.i.AbstractProblemLoader Replaying proof jbyteIfEx.key.proof 
135780     DEBUG main            d.u.i.k.p.i.IntermediateProofReplayer Proof replay took 5.27ms 
135781     DEBUG main            d.u.i.k.p.r.p.TestFile    ... success: reloaded. 
135782     INFO  main            d.u.i.k.p.r.p.TestFile    Now processing file /home/runner/work/key/key/key.core/../key.ui/examples/standard_key/prop_log/allClausesLength4.key 
135782     INFO  main            d.u.i.k.p.i.AbstractProblemLoader Loading environment from /home/runner/work/key/key/key.core/../key.ui/examples/standard_key/prop_log/allClausesLength4.key 
135782     DEBUG main            d.u.i.k.p.i.AbstractProblemLoader Environment load took 140.8ns 
135783     INFO  main            d.u.i.k.p.i.AbstractProblemLoader Creating init config 
138004     DEBUG main            d.u.i.k.p.i.AbstractProblemLoader Init config took 2.22s 
138019     INFO  main            d.u.i.k.p.i.AbstractProblemLoader Replaying proof allClausesLength4.key 
138020     DEBUG main            d.u.i.k.p.i.IntermediateProofReplayer Proof replay took 5.2ns 
138122     INFO  main            d.u.i.k.p.r.p.TestFile    ... finished proof: closed. 
138360     INFO  main            d.u.i.k.p.i.AbstractProblemLoader Loading environment from /home/runner/work/key/key/key.core/../key.ui/examples/standard_key/prop_log/allClausesLength4.key.proof 
138360     DEBUG main            d.u.i.k.p.i.AbstractProblemLoader Environment load took 95.4ns 
138361     INFO  main            d.u.i.k.p.i.AbstractProblemLoader Creating init config 
140577     DEBUG main            d.u.i.k.p.i.AbstractProblemLoader Init config took 2.22s 
140589     INFO  main            d.u.i.k.p.i.AbstractProblemLoader Replaying proof allClausesLength4.key.proof 
140601     DEBUG main            d.u.i.k.p.i.IntermediateProofReplayer Proof replay took 9.58ms 
140602     DEBUG main            d.u.i.k.p.r.p.TestFile    ... success: reloaded. 
140603     INFO  main            d.u.i.k.p.r.p.TestFile    Now processing file /home/runner/work/key/key/key.core/../key.ui/examples/standard_key/prop_log/allClausesLength5.key 
140603     INFO  main            d.u.i.k.p.i.AbstractProblemLoader Loading environment from /home/runner/work/key/key/key.core/../key.ui/examples/standard_key/prop_log/allClausesLength5.key 
140603     DEBUG main            d.u.i.k.p.i.AbstractProblemLoader Environment load took 78.4ns 
140604     INFO  main            d.u.i.k.p.i.AbstractProblemLoader Creating init config 
142887     DEBUG main            d.u.i.k.p.i.AbstractProblemLoader Init config took 2.28s 
142901     INFO  main            d.u.i.k.p.i.AbstractProblemLoader Replaying proof allClausesLength5.key 
142902     DEBUG main            d.u.i.k.p.i.IntermediateProofReplayer Proof replay took 5.7ns 
143205     INFO  main            d.u.i.k.p.r.p.TestFile    ... finished proof: closed. 
143456     INFO  main            d.u.i.k.p.i.AbstractProblemLoader Loading environment from /home/runner/work/key/key/key.core/../key.ui/examples/standard_key/prop_log/allClausesLength5.key.proof 
143456     DEBUG main            d.u.i.k.p.i.AbstractProblemLoader Environment load took 98.4ns 
143457     INFO  main            d.u.i.k.p.i.AbstractProblemLoader Creating init config 
145613     DEBUG main            d.u.i.k.p.i.AbstractProblemLoader Init config took 2.16s 
145627     INFO  main            d.u.i.k.p.i.AbstractProblemLoader Replaying proof allClausesLength5.key.proof 
145662     DEBUG main            d.u.i.k.p.i.IntermediateProofReplayer Proof replay took 30.94ms 
145663     DEBUG main            d.u.i.k.p.r.p.TestFile    ... success: reloaded. 
145663     INFO  main            d.u.i.k.p.r.p.TestFile    Now processing file /home/runner/work/key/key/key.core/../key.ui/examples/standard_key/prop_log/doubleNeg.key 
145664     INFO  main            d.u.i.k.p.i.AbstractProblemLoader Loading environment from /home/runner/work/key/key/key.core/../key.ui/examples/standard_key/prop_log/doubleNeg.key 
145664     DEBUG main            d.u.i.k.p.i.AbstractProblemLoader Environment load took 139.5ns 
145665     INFO  main            d.u.i.k.p.i.AbstractProblemLoader Creating init config 
147884     DEBUG main            d.u.i.k.p.i.AbstractProblemLoader Init config took 2.22s 
147895     INFO  main            d.u.i.k.p.i.AbstractProblemLoader Replaying proof doubleNeg.key 
147896     DEBUG main            d.u.i.k.p.i.IntermediateProofReplayer Proof replay took 5.5ns 
147998     INFO  main            d.u.i.k.p.r.p.TestFile    ... finished proof: closed. 
148243     INFO  main            d.u.i.k.p.i.AbstractProblemLoader Loading environment from /home/runner/work/key/key/key.core/../key.ui/examples/standard_key/prop_log/doubleNeg.key.proof 
148243     DEBUG main            d.u.i.k.p.i.AbstractProblemLoader Environment load took 83.9ns 
148244     INFO  main            d.u.i.k.p.i.AbstractProblemLoader Creating init config 
150421     DEBUG main            d.u.i.k.p.i.AbstractProblemLoader Init config took 2.18s 
150433     INFO  main            d.u.i.k.p.i.AbstractProblemLoader Replaying proof doubleNeg.key.proof 
150435     DEBUG main            d.u.i.k.p.i.IntermediateProofReplayer Proof replay took 355.1ns 
150436     DEBUG main            d.u.i.k.p.r.p.TestFile    ... success: reloaded. 
150436     INFO  main            d.u.i.k.p.r.p.TestFile    Now processing file /home/runner/work/key/key/key.core/../key.ui/examples/standard_key/prop_log/liarsville.key 
150436     INFO  main            d.u.i.k.p.i.AbstractProblemLoader Loading environment from /home/runner/work/key/key/key.core/../key.ui/examples/standard_key/prop_log/liarsville.key 
150436     DEBUG main            d.u.i.k.p.i.AbstractProblemLoader Environment load took 69ns 
150437     INFO  main            d.u.i.k.p.i.AbstractProblemLoader Creating init config 
152702     DEBUG main            d.u.i.k.p.i.AbstractProblemLoader Init config took 2.26s 
152714     INFO  main            d.u.i.k.p.i.AbstractProblemLoader Replaying proof liarsville.key 
152715     DEBUG main            d.u.i.k.p.i.IntermediateProofReplayer Proof replay took 6.2ns 
152818     INFO  main            d.u.i.k.p.r.p.TestFile    ... finished proof: closed. 
153191     INFO  main            d.u.i.k.p.i.AbstractProblemLoader Loading environment from /home/runner/work/key/key/key.core/../key.ui/examples/standard_key/prop_log/liarsville.key.proof 
153191     DEBUG main            d.u.i.k.p.i.AbstractProblemLoader Environment load took 89.3ns 
153192     INFO  main            d.u.i.k.p.i.AbstractProblemLoader Creating init config 
155352     DEBUG main            d.u.i.k.p.i.AbstractProblemLoader Init config took 2.16s 
155364     INFO  main            d.u.i.k.p.i.AbstractProblemLoader Replaying proof liarsville.key.proof 
155366     DEBUG main            d.u.i.k.p.i.IntermediateProofReplayer Proof replay took 887ns 
155368     DEBUG main            d.u.i.k.p.r.p.TestFile    ... success: reloaded. 
155368     INFO  main            d.u.i.k.p.r.p.TestFile    Now processing file /home/runner/work/key/key/key.core/../key.ui/examples/standard_key/prop_log/simplest.key 
155368     INFO  main            d.u.i.k.p.i.AbstractProblemLoader Loading environment from /home/runner/work/key/key/key.core/../key.ui/examples/standard_key/prop_log/simplest.key 
155368     DEBUG main            d.u.i.k.p.i.AbstractProblemLoader Environment load took 96.7ns 
155369     INFO  main            d.u.i.k.p.i.AbstractProblemLoader Creating init config 
157622     DEBUG main            d.u.i.k.p.i.AbstractProblemLoader Init config took 2.25s 
157634     INFO  main            d.u.i.k.p.i.AbstractProblemLoader Replaying proof simplest.key 
157636     DEBUG main            d.u.i.k.p.i.IntermediateProofReplayer Proof replay took 6.4ns 
157737     INFO  main            d.u.i.k.p.r.p.TestFile    ... finished proof: closed. 
158002     INFO  main            d.u.i.k.p.i.AbstractProblemLoader Loading environment from /home/runner/work/key/key/key.core/../key.ui/examples/standard_key/prop_log/simplest.key.proof 
158003     DEBUG main            d.u.i.k.p.i.AbstractProblemLoader Environment load took 87.1ns 
158003     INFO  main            d.u.i.k.p.i.AbstractProblemLoader Creating init config 
160147     DEBUG main            d.u.i.k.p.i.AbstractProblemLoader Init config took 2.14s 
160159     INFO  main            d.u.i.k.p.i.AbstractProblemLoader Replaying proof simplest.key.proof 
160160     DEBUG main            d.u.i.k.p.i.IntermediateProofReplayer Proof replay took 72ns 
160160     DEBUG main            d.u.i.k.p.r.p.TestFile    ... success: reloaded. 
160161     INFO  main            d.u.i.k.p.r.p.TestFile    Now processing file /home/runner/work/key/key/key.core/../key.ui/examples/standard_key/prop_log/contraposition.key 
160161     INFO  main            d.u.i.k.p.i.AbstractProblemLoader Loading environment from /home/runner/work/key/key/key.core/../key.ui/examples/standard_key/prop_log/contraposition.key 
160161     DEBUG main            d.u.i.k.p.i.AbstractProblemLoader Environment load took 47ns 
160162     INFO  main            d.u.i.k.p.i.AbstractProblemLoader Creating init config 
162357     DEBUG main            d.u.i.k.p.i.AbstractProblemLoader Init config took 2.2s 
162369     INFO  main            d.u.i.k.p.i.AbstractProblemLoader Replaying proof contraposition.key 
162370     DEBUG main            d.u.i.k.p.i.IntermediateProofReplayer Proof replay took 5.4ns 
162471     INFO  main            d.u.i.k.p.r.p.TestFile    ... finished proof: closed. 
162720     INFO  main            d.u.i.k.p.i.AbstractProblemLoader Loading environment from /home/runner/work/key/key/key.core/../key.ui/examples/standard_key/prop_log/contraposition.key.proof 
162720     DEBUG main            d.u.i.k.p.i.AbstractProblemLoader Environment load took 87.9ns 
162721     INFO  main            d.u.i.k.p.i.AbstractProblemLoader Creating init config 
164885     DEBUG main            d.u.i.k.p.i.AbstractProblemLoader Init config took 2.16s 
164897     INFO  main            d.u.i.k.p.i.AbstractProblemLoader Replaying proof contraposition.key.proof 
164900     DEBUG main            d.u.i.k.p.i.IntermediateProofReplayer Proof replay took 411.9ns 
164900     DEBUG main            d.u.i.k.p.r.p.TestFile    ... success: reloaded. 
164901     INFO  main            d.u.i.k.p.r.p.TestFile    Now processing file /home/runner/work/key/key/key.core/../key.ui/examples/standard_key/quantifiers/elimination0.key 
164901     INFO  main            d.u.i.k.p.i.AbstractProblemLoader Loading environment from /home/runner/work/key/key/key.core/../key.ui/examples/standard_key/quantifiers/elimination0.key 
164901     DEBUG main            d.u.i.k.p.i.AbstractProblemLoader Environment load took 142.7ns 
164903     INFO  main            d.u.i.k.p.i.AbstractProblemLoader Creating init config 
167119     DEBUG main            d.u.i.k.p.i.AbstractProblemLoader Init config took 2.22s 
167131     INFO  main            d.u.i.k.p.i.AbstractProblemLoader Replaying proof elimination0.key 
167133     DEBUG main            d.u.i.k.p.i.IntermediateProofReplayer Proof replay took 6.1ns 
167234     INFO  main            d.u.i.k.p.r.p.TestFile    ... finished proof: closed. 
167492     INFO  main            d.u.i.k.p.i.AbstractProblemLoader Loading environment from /home/runner/work/key/key/key.core/../key.ui/examples/standard_key/quantifiers/elimination0.key.proof 
167492     DEBUG main            d.u.i.k.p.i.AbstractProblemLoader Environment load took 85.3ns 
167493     INFO  main            d.u.i.k.p.i.AbstractProblemLoader Creating init config 
169655     DEBUG main            d.u.i.k.p.i.AbstractProblemLoader Init config took 2.16s 
169666     INFO  main            d.u.i.k.p.i.AbstractProblemLoader Replaying proof elimination0.key.proof 
169669     DEBUG main            d.u.i.k.p.i.IntermediateProofReplayer Proof replay took 1.08ms 
169669     DEBUG main            d.u.i.k.p.r.p.TestFile    ... success: reloaded. 
169670     INFO  main            d.u.i.k.p.r.p.TestFile    Now processing file /home/runner/work/key/key/key.core/../key.ui/examples/standard_key/quantifiers/heuristic_PUZ001p1-eq.key 
169670     INFO  main            d.u.i.k.p.i.AbstractProblemLoader Loading environment from /home/runner/work/key/key/key.core/../key.ui/examples/standard_key/quantifiers/heuristic_PUZ001p1-eq.key 
169670     DEBUG main            d.u.i.k.p.i.AbstractProblemLoader Environment load took 69.7ns 
169671     INFO  main            d.u.i.k.p.i.AbstractProblemLoader Creating init config 
171863     DEBUG main            d.u.i.k.p.i.AbstractProblemLoader Init config took 2.19s 
171875     INFO  main            d.u.i.k.p.i.AbstractProblemLoader Replaying proof heuristic_PUZ001p1-eq.key 
171877     DEBUG main            d.u.i.k.p.i.IntermediateProofReplayer Proof replay took 6ns 
171981     INFO  main            d.u.i.k.p.r.p.TestFile    ... finished proof: closed. 
172251     INFO  main            d.u.i.k.p.i.AbstractProblemLoader Loading environment from /home/runner/work/key/key/key.core/../key.ui/examples/standard_key/quantifiers/heuristic_PUZ001p1-eq.key.proof 
172251     DEBUG main            d.u.i.k.p.i.AbstractProblemLoader Environment load took 93.2ns 
172253     INFO  main            d.u.i.k.p.i.AbstractProblemLoader Creating init config 
174399     DEBUG main            d.u.i.k.p.i.AbstractProblemLoader Init config took 2.15s 
174411     INFO  main            d.u.i.k.p.i.AbstractProblemLoader Replaying proof heuristic_PUZ001p1-eq.key.proof 
174421     DEBUG main            d.u.i.k.p.i.IntermediateProofReplayer Proof replay took 7.5ms 
174422     DEBUG main            d.u.i.k.p.r.p.TestFile    ... success: reloaded. 
174422     INFO  main            d.u.i.k.p.r.p.TestFile    Now processing file /home/runner/work/key/key/key.core/../key.ui/examples/standard_key/quantifiers/heuristic_PUZ001p1.key 
174422     INFO  main            d.u.i.k.p.i.AbstractProblemLoader Loading environment from /home/runner/work/key/key/key.core/../key.ui/examples/standard_key/quantifiers/heuristic_PUZ001p1.key 
174423     DEBUG main            d.u.i.k.p.i.AbstractProblemLoader Environment load took 58.9ns 
174424     INFO  main            d.u.i.k.p.i.AbstractProblemLoader Creating init config 
176657     DEBUG main            d.u.i.k.p.i.AbstractProblemLoader Init config took 2.23s 
176671     INFO  main            d.u.i.k.p.i.AbstractProblemLoader Replaying proof heuristic_PUZ001p1.key 
176673     DEBUG main            d.u.i.k.p.i.IntermediateProofReplayer Proof replay took 7ns 
177986     INFO  main            d.u.i.k.p.r.p.TestFile    ... finished proof: closed. 
178280     INFO  main            d.u.i.k.p.i.AbstractProblemLoader Loading environment from /home/runner/work/key/key/key.core/../key.ui/examples/standard_key/quantifiers/heuristic_PUZ001p1.key.proof 
178280     DEBUG main            d.u.i.k.p.i.AbstractProblemLoader Environment load took 407.8ns 
178282     INFO  main            d.u.i.k.p.i.AbstractProblemLoader Creating init config 
180530     DEBUG main            d.u.i.k.p.i.AbstractProblemLoader Init config took 2.25s 
180545     INFO  main            d.u.i.k.p.i.AbstractProblemLoader Replaying proof heuristic_PUZ001p1.key.proof 
180584     DEBUG main            d.u.i.k.p.i.IntermediateProofReplayer Proof replay took 35.99ms 
180586     DEBUG main            d.u.i.k.p.r.p.TestFile    ... success: reloaded. 
180587     INFO  main            d.u.i.k.p.r.p.TestFile    Now processing file /home/runner/work/key/key/key.core/../key.ui/examples/standard_key/quantifiers/heuristic_PUZ031p1.key 
180587     INFO  main            d.u.i.k.p.i.AbstractProblemLoader Loading environment from /home/runner/work/key/key/key.core/../key.ui/examples/standard_key/quantifiers/heuristic_PUZ031p1.key 
180587     DEBUG main            d.u.i.k.p.i.AbstractProblemLoader Environment load took 79.2ns 
180588     INFO  main            d.u.i.k.p.i.AbstractProblemLoader Creating init config 
182893     DEBUG main            d.u.i.k.p.i.AbstractProblemLoader Init config took 2.3s 
182909     INFO  main            d.u.i.k.p.i.AbstractProblemLoader Replaying proof heuristic_PUZ031p1.key 
182910     DEBUG main            d.u.i.k.p.i.IntermediateProofReplayer Proof replay took 6ns 
187535     INFO  main            d.u.i.k.p.r.p.TestFile    ... finished proof: closed. 
187865     INFO  main            d.u.i.k.p.i.AbstractProblemLoader Loading environment from /home/runner/work/key/key/key.core/../key.ui/examples/standard_key/quantifiers/heuristic_PUZ031p1.key.proof 
187868     DEBUG main            d.u.i.k.p.i.AbstractProblemLoader Environment load took 2.87ms 
187870     INFO  main            d.u.i.k.p.i.AbstractProblemLoader Creating init config 
190096     DEBUG main            d.u.i.k.p.i.AbstractProblemLoader Init config took 2.23s 
190111     INFO  main            d.u.i.k.p.i.AbstractProblemLoader Replaying proof heuristic_PUZ031p1.key.proof 
190157     DEBUG main            d.u.i.k.p.i.IntermediateProofReplayer Proof replay took 42.49ms 
190159     DEBUG main            d.u.i.k.p.r.p.TestFile    ... success: reloaded. 
190160     INFO  main            d.u.i.k.p.r.p.TestFile    Now processing file /home/runner/work/key/key/key.core/../key.ui/examples/standard_key/quantifiers/heuristic_SYN036p2.key 
190160     INFO  main            d.u.i.k.p.i.AbstractProblemLoader Loading environment from /home/runner/work/key/key/key.core/../key.ui/examples/standard_key/quantifiers/heuristic_SYN036p2.key 
190160     DEBUG main            d.u.i.k.p.i.AbstractProblemLoader Environment load took 154.6ns 
190161     INFO  main            d.u.i.k.p.i.AbstractProblemLoader Creating init config 
192411     DEBUG main            d.u.i.k.p.i.AbstractProblemLoader Init config took 2.25s 
192423     INFO  main            d.u.i.k.p.i.AbstractProblemLoader Replaying proof heuristic_SYN036p2.key 
192425     DEBUG main            d.u.i.k.p.i.IntermediateProofReplayer Proof replay took 6.6ns 
192631     INFO  main            d.u.i.k.p.r.p.TestFile    ... finished proof: closed. 
192958     INFO  main            d.u.i.k.p.i.AbstractProblemLoader Loading environment from /home/runner/work/key/key/key.core/../key.ui/examples/standard_key/quantifiers/heuristic_SYN036p2.key.proof 
192958     DEBUG main            d.u.i.k.p.i.AbstractProblemLoader Environment load took 97.9ns 
192959     INFO  main            d.u.i.k.p.i.AbstractProblemLoader Creating init config 
195166     DEBUG main            d.u.i.k.p.i.AbstractProblemLoader Init config took 2.21s 
195179     INFO  main            d.u.i.k.p.i.AbstractProblemLoader Replaying proof heuristic_SYN036p2.key.proof 
195242     DEBUG main            d.u.i.k.p.i.IntermediateProofReplayer Proof replay took 56.65ms 
195243     DEBUG main            d.u.i.k.p.r.p.TestFile    ... success: reloaded. 
195244     INFO  main            d.u.i.k.p.r.p.TestFile    Now processing file /home/runner/work/key/key/key.core/../key.ui/examples/standard_key/quantifiers/injectivity.key 
195244     INFO  main            d.u.i.k.p.i.AbstractProblemLoader Loading environment from /home/runner/work/key/key/key.core/../key.ui/examples/standard_key/quantifiers/injectivity.key 
195244     DEBUG main            d.u.i.k.p.i.AbstractProblemLoader Environment load took 149.2ns 
195245     INFO  main            d.u.i.k.p.i.AbstractProblemLoader Creating init config 
197500     DEBUG main            d.u.i.k.p.i.AbstractProblemLoader Init config took 2.25s 
197513     INFO  main            d.u.i.k.p.i.AbstractProblemLoader Replaying proof injectivity.key 
197518     DEBUG main            d.u.i.k.p.i.IntermediateProofReplayer Proof replay took 6.6ns 
197619     INFO  main            d.u.i.k.p.r.p.TestFile    ... finished proof: closed. 
197937     INFO  main            d.u.i.k.p.i.AbstractProblemLoader Loading environment from /home/runner/work/key/key/key.core/../key.ui/examples/standard_key/quantifiers/injectivity.key.proof 
197937     DEBUG main            d.u.i.k.p.i.AbstractProblemLoader Environment load took 88.2ns 
197938     INFO  main            d.u.i.k.p.i.AbstractProblemLoader Creating init config 
200154     DEBUG main            d.u.i.k.p.i.AbstractProblemLoader Init config took 2.22s 
200167     INFO  main            d.u.i.k.p.i.AbstractProblemLoader Replaying proof injectivity.key.proof 
200170     DEBUG main            d.u.i.k.p.i.IntermediateProofReplayer Proof replay took 1.7ms 
200171     DEBUG main            d.u.i.k.p.r.p.TestFile    ... success: reloaded. 
200172     INFO  main            d.u.i.k.p.r.p.TestFile    Now processing file /home/runner/work/key/key/key.core/../key.ui/examples/standard_key/quantifiers/normalisation0.key 
200172     INFO  main            d.u.i.k.p.i.AbstractProblemLoader Loading environment from /home/runner/work/key/key/key.core/../key.ui/examples/standard_key/quantifiers/normalisation0.key 
200172     DEBUG main            d.u.i.k.p.i.AbstractProblemLoader Environment load took 63.4ns 
200173     INFO  main            d.u.i.k.p.i.AbstractProblemLoader Creating init config 
202413     DEBUG main            d.u.i.k.p.i.AbstractProblemLoader Init config took 2.24s 
202426     INFO  main            d.u.i.k.p.i.AbstractProblemLoader Replaying proof normalisation0.key 
202427     DEBUG main            d.u.i.k.p.i.IntermediateProofReplayer Proof replay took 6.4ns 
202530     INFO  main            d.u.i.k.p.r.p.TestFile    ... finished proof: closed. 
202844     INFO  main            d.u.i.k.p.i.AbstractProblemLoader Loading environment from /home/runner/work/key/key/key.core/../key.ui/examples/standard_key/quantifiers/normalisation0.key.proof 
202844     DEBUG main            d.u.i.k.p.i.AbstractProblemLoader Environment load took 92.1ns 
202845     INFO  main            d.u.i.k.p.i.AbstractProblemLoader Creating init config 
205046     DEBUG main            d.u.i.k.p.i.AbstractProblemLoader Init config took 2.2s 
205059     INFO  main            d.u.i.k.p.i.AbstractProblemLoader Replaying proof normalisation0.key.proof 
205062     DEBUG main            d.u.i.k.p.i.IntermediateProofReplayer Proof replay took 1.74ms 
205063     DEBUG main            d.u.i.k.p.r.p.TestFile    ... success: reloaded. 
205064     INFO  main            d.u.i.k.p.r.p.TestFile    Now processing file /home/runner/work/key/key/key.core/../key.ui/examples/standard_key/quantifiers/normalisation1.key 
205064     INFO  main            d.u.i.k.p.i.AbstractProblemLoader Loading environment from /home/runner/work/key/key/key.core/../key.ui/examples/standard_key/quantifiers/normalisation1.key 
205064     DEBUG main            d.u.i.k.p.i.AbstractProblemLoader Environment load took 71.1ns 
205065     INFO  main            d.u.i.k.p.i.AbstractProblemLoader Creating init config 
207294     DEBUG main            d.u.i.k.p.i.AbstractProblemLoader Init config took 2.23s 
207308     INFO  main            d.u.i.k.p.i.AbstractProblemLoader Replaying proof normalisation1.key 
207310     DEBUG main            d.u.i.k.p.i.IntermediateProofReplayer Proof replay took 8.3ns 
207415     INFO  main            d.u.i.k.p.r.p.TestFile    ... finished proof: closed. 
207726     INFO  main            d.u.i.k.p.i.AbstractProblemLoader Loading environment from /home/runner/work/key/key/key.core/../key.ui/examples/standard_key/quantifiers/normalisation1.key.proof 
207726     DEBUG main            d.u.i.k.p.i.AbstractProblemLoader Environment load took 87.6ns 
207727     INFO  main            d.u.i.k.p.i.AbstractProblemLoader Creating init config 
209926     DEBUG main            d.u.i.k.p.i.AbstractProblemLoader Init config took 2.2s 
209939     INFO  main            d.u.i.k.p.i.AbstractProblemLoader Replaying proof normalisation1.key.proof 
209942     DEBUG main            d.u.i.k.p.i.IntermediateProofReplayer Proof replay took 2.35ms 
209943     DEBUG main            d.u.i.k.p.r.p.TestFile    ... success: reloaded. 
209944     INFO  main            d.u.i.k.p.r.p.TestFile    Now processing file /home/runner/work/key/key/key.core/../key.ui/examples/standard_key/quantifiers/normalisation2.key 
209944     INFO  main            d.u.i.k.p.i.AbstractProblemLoader Loading environment from /home/runner/work/key/key/key.core/../key.ui/examples/standard_key/quantifiers/normalisation2.key 
209944     DEBUG main            d.u.i.k.p.i.AbstractProblemLoader Environment load took 67.5ns 
209945     INFO  main            d.u.i.k.p.i.AbstractProblemLoader Creating init config 
212200     DEBUG main            d.u.i.k.p.i.AbstractProblemLoader Init config took 2.25s 
212214     INFO  main            d.u.i.k.p.i.AbstractProblemLoader Replaying proof normalisation2.key 
212216     DEBUG main            d.u.i.k.p.i.IntermediateProofReplayer Proof replay took 8.4ns 
212318     INFO  main            d.u.i.k.p.r.p.TestFile    ... finished proof: closed. 
212627     INFO  main            d.u.i.k.p.i.AbstractProblemLoader Loading environment from /home/runner/work/key/key/key.core/../key.ui/examples/standard_key/quantifiers/normalisation2.key.proof 
212627     DEBUG main            d.u.i.k.p.i.AbstractProblemLoader Environment load took 130.5ns 
212628     INFO  main            d.u.i.k.p.i.AbstractProblemLoader Creating init config 
214842     DEBUG main            d.u.i.k.p.i.AbstractProblemLoader Init config took 2.21s 
214855     INFO  main            d.u.i.k.p.i.AbstractProblemLoader Replaying proof normalisation2.key.proof 
214858     DEBUG main            d.u.i.k.p.i.IntermediateProofReplayer Proof replay took 2.03ms 
214859     DEBUG main            d.u.i.k.p.r.p.TestFile    ... success: reloaded. 
214859     INFO  main            d.u.i.k.p.r.p.TestFile    Now processing file /home/runner/work/key/key/key.core/../key.ui/examples/standard_key/quantifiers/normalisation3.key 
214860     INFO  main            d.u.i.k.p.i.AbstractProblemLoader Loading environment from /home/runner/work/key/key/key.core/../key.ui/examples/standard_key/quantifiers/normalisation3.key 
214860     DEBUG main            d.u.i.k.p.i.AbstractProblemLoader Environment load took 64.3ns 
214861     INFO  main            d.u.i.k.p.i.AbstractProblemLoader Creating init config 
217104     DEBUG main            d.u.i.k.p.i.AbstractProblemLoader Init config took 2.24s 
217117     INFO  main            d.u.i.k.p.i.AbstractProblemLoader Replaying proof normalisation3.key 
217119     DEBUG main            d.u.i.k.p.i.IntermediateProofReplayer Proof replay took 7.8ns 
217221     INFO  main            d.u.i.k.p.r.p.TestFile    ... finished proof: closed. 
217610     INFO  main            d.u.i.k.p.i.AbstractProblemLoader Loading environment from /home/runner/work/key/key/key.core/../key.ui/examples/standard_key/quantifiers/normalisation3.key.proof 
217610     DEBUG main            d.u.i.k.p.i.AbstractProblemLoader Environment load took 90.7ns 
217612     INFO  main            d.u.i.k.p.i.AbstractProblemLoader Creating init config 
219825     DEBUG main            d.u.i.k.p.i.AbstractProblemLoader Init config took 2.21s 
219839     INFO  main            d.u.i.k.p.i.AbstractProblemLoader Replaying proof normalisation3.key.proof 
219842     DEBUG main            d.u.i.k.p.i.IntermediateProofReplayer Proof replay took 2.15ms 
219843     DEBUG main            d.u.i.k.p.r.p.TestFile    ... success: reloaded. 
219844     INFO  main            d.u.i.k.p.r.p.TestFile    Now processing file /home/runner/work/key/key/key.core/../key.ui/examples/standard_key/quantifiers/normalisation4.key 
219844     INFO  main            d.u.i.k.p.i.AbstractProblemLoader Loading environment from /home/runner/work/key/key/key.core/../key.ui/examples/standard_key/quantifiers/normalisation4.key 
219844     DEBUG main            d.u.i.k.p.i.AbstractProblemLoader Environment load took 91.7ns 
219845     INFO  main            d.u.i.k.p.i.AbstractProblemLoader Creating init config 
222087     DEBUG main            d.u.i.k.p.i.AbstractProblemLoader Init config took 2.24s 
222100     INFO  main            d.u.i.k.p.i.AbstractProblemLoader Replaying proof normalisation4.key 
222102     DEBUG main            d.u.i.k.p.i.IntermediateProofReplayer Proof replay took 9.3ns 
222204     INFO  main            d.u.i.k.p.r.p.TestFile    ... finished proof: closed. 
222534     INFO  main            d.u.i.k.p.i.AbstractProblemLoader Loading environment from /home/runner/work/key/key/key.core/../key.ui/examples/standard_key/quantifiers/normalisation4.key.proof 
222534     DEBUG main            d.u.i.k.p.i.AbstractProblemLoader Environment load took 100ns 
222535     INFO  main            d.u.i.k.p.i.AbstractProblemLoader Creating init config 
224765     DEBUG main            d.u.i.k.p.i.AbstractProblemLoader Init config took 2.23s 
224778     INFO  main            d.u.i.k.p.i.AbstractProblemLoader Replaying proof normalisation4.key.proof 
224783     DEBUG main            d.u.i.k.p.i.IntermediateProofReplayer Proof replay took 4.12ms 
224784     DEBUG main            d.u.i.k.p.r.p.TestFile    ... success: reloaded. 
224785     INFO  main            d.u.i.k.p.r.p.TestFile    Now processing file /home/runner/work/key/key/key.core/../key.ui/examples/standard_key/quantifiers/normalisation5.key 
224785     INFO  main            d.u.i.k.p.i.AbstractProblemLoader Loading environment from /home/runner/work/key/key/key.core/../key.ui/examples/standard_key/quantifiers/normalisation5.key 
224785     DEBUG main            d.u.i.k.p.i.AbstractProblemLoader Environment load took 67ns 
224786     INFO  main            d.u.i.k.p.i.AbstractProblemLoader Creating init config 
227030     DEBUG main            d.u.i.k.p.i.AbstractProblemLoader Init config took 2.24s 
227043     INFO  main            d.u.i.k.p.i.AbstractProblemLoader Replaying proof normalisation5.key 
227044     DEBUG main            d.u.i.k.p.i.IntermediateProofReplayer Proof replay took 6.8ns 
227146     INFO  main            d.u.i.k.p.r.p.TestFile    ... finished proof: closed. 
227584     INFO  main            d.u.i.k.p.i.AbstractProblemLoader Loading environment from /home/runner/work/key/key/key.core/../key.ui/examples/standard_key/quantifiers/normalisation5.key.proof 
227584     DEBUG main            d.u.i.k.p.i.AbstractProblemLoader Environment load took 88.1ns 
227585     INFO  main            d.u.i.k.p.i.AbstractProblemLoader Creating init config 
229803     DEBUG main            d.u.i.k.p.i.AbstractProblemLoader Init config took 2.22s 
229815     INFO  main            d.u.i.k.p.i.AbstractProblemLoader Replaying proof normalisation5.key.proof 
229820     DEBUG main            d.u.i.k.p.i.IntermediateProofReplayer Proof replay took 3.11ms 
229821     DEBUG main            d.u.i.k.p.r.p.TestFile    ... success: reloaded. 
229821     INFO  main            d.u.i.k.p.r.p.TestFile    Now processing file /home/runner/work/key/key/key.core/../key.ui/examples/standard_key/quantifiers/normalisation6.key 
229822     INFO  main            d.u.i.k.p.i.AbstractProblemLoader Loading environment from /home/runner/work/key/key/key.core/../key.ui/examples/standard_key/quantifiers/normalisation6.key 
229822     DEBUG main            d.u.i.k.p.i.AbstractProblemLoader Environment load took 326.9ns 
229823     INFO  main            d.u.i.k.p.i.AbstractProblemLoader Creating init config 
232067     DEBUG main            d.u.i.k.p.i.AbstractProblemLoader Init config took 2.24s 
232080     INFO  main            d.u.i.k.p.i.AbstractProblemLoader Replaying proof normalisation6.key 
232081     DEBUG main            d.u.i.k.p.i.IntermediateProofReplayer Proof replay took 6.5ns 
232183     INFO  main            d.u.i.k.p.r.p.TestFile    ... finished proof: closed. 
232525     INFO  main            d.u.i.k.p.i.AbstractProblemLoader Loading environment from /home/runner/work/key/key/key.core/../key.ui/examples/standard_key/quantifiers/normalisation6.key.proof 
232525     DEBUG main            d.u.i.k.p.i.AbstractProblemLoader Environment load took 83.4ns 
232526     INFO  main            d.u.i.k.p.i.AbstractProblemLoader Creating init config 
234736     DEBUG main            d.u.i.k.p.i.AbstractProblemLoader Init config took 2.21s 
234749     INFO  main            d.u.i.k.p.i.AbstractProblemLoader Replaying proof normalisation6.key.proof 
234752     DEBUG main            d.u.i.k.p.i.IntermediateProofReplayer Proof replay took 2.01ms 
234753     DEBUG main            d.u.i.k.p.r.p.TestFile    ... success: reloaded. 
234754     INFO  main            d.u.i.k.p.r.p.TestFile    Now processing file /home/runner/work/key/key/key.core/../key.ui/examples/standard_key/quantifiers/normalisation7.key 
234754     INFO  main            d.u.i.k.p.i.AbstractProblemLoader Loading environment from /home/runner/work/key/key/key.core/../key.ui/examples/standard_key/quantifiers/normalisation7.key 
234754     DEBUG main            d.u.i.k.p.i.AbstractProblemLoader Environment load took 48.3ns 
234755     INFO  main            d.u.i.k.p.i.AbstractProblemLoader Creating init config 
236994     DEBUG main            d.u.i.k.p.i.AbstractProblemLoader Init config took 2.24s 
237008     INFO  main            d.u.i.k.p.i.AbstractProblemLoader Replaying proof normalisation7.key 
237010     DEBUG main            d.u.i.k.p.i.IntermediateProofReplayer Proof replay took 7.7ns 
237111     INFO  main            d.u.i.k.p.r.p.TestFile    ... finished proof: closed. 
237453     INFO  main            d.u.i.k.p.i.AbstractProblemLoader Loading environment from /home/runner/work/key/key/key.core/../key.ui/examples/standard_key/quantifiers/normalisation7.key.proof 
237453     DEBUG main            d.u.i.k.p.i.AbstractProblemLoader Environment load took 89.7ns 
237454     INFO  main            d.u.i.k.p.i.AbstractProblemLoader Creating init config 
239662     DEBUG main            d.u.i.k.p.i.AbstractProblemLoader Init config took 2.21s 
239675     INFO  main            d.u.i.k.p.i.AbstractProblemLoader Replaying proof normalisation7.key.proof 
239679     DEBUG main            d.u.i.k.p.i.IntermediateProofReplayer Proof replay took 1.96ms 
239679     DEBUG main            d.u.i.k.p.r.p.TestFile    ... success: reloaded. 
239680     INFO  main            d.u.i.k.p.r.p.TestFile    Now processing file /home/runner/work/key/key/key.core/../key.ui/examples/standard_key/quantifiers/normalisation8.key 
239680     INFO  main            d.u.i.k.p.i.AbstractProblemLoader Loading environment from /home/runner/work/key/key/key.core/../key.ui/examples/standard_key/quantifiers/normalisation8.key 
239680     DEBUG main            d.u.i.k.p.i.AbstractProblemLoader Environment load took 53.3ns 
239681     INFO  main            d.u.i.k.p.i.AbstractProblemLoader Creating init config 
241926     DEBUG main            d.u.i.k.p.i.AbstractProblemLoader Init config took 2.24s 
241941     INFO  main            d.u.i.k.p.i.AbstractProblemLoader Replaying proof normalisation8.key 
241942     DEBUG main            d.u.i.k.p.i.IntermediateProofReplayer Proof replay took 7.1ns 
242044     INFO  main            d.u.i.k.p.r.p.TestFile    ... finished proof: closed. 
242386     INFO  main            d.u.i.k.p.i.AbstractProblemLoader Loading environment from /home/runner/work/key/key/key.core/../key.ui/examples/standard_key/quantifiers/normalisation8.key.proof 
242386     DEBUG main            d.u.i.k.p.i.AbstractProblemLoader Environment load took 82.3ns 
242387     INFO  main            d.u.i.k.p.i.AbstractProblemLoader Creating init config 
244598     DEBUG main            d.u.i.k.p.i.AbstractProblemLoader Init config took 2.21s 
244611     INFO  main            d.u.i.k.p.i.AbstractProblemLoader Replaying proof normalisation8.key.proof 
244617     DEBUG main            d.u.i.k.p.i.IntermediateProofReplayer Proof replay took 4.32ms 
244618     DEBUG main            d.u.i.k.p.r.p.TestFile    ... success: reloaded. 
244619     INFO  main            d.u.i.k.p.r.p.TestFile    Now processing file /home/runner/work/key/key/key.core/../key.ui/examples/standard_key/quantifiers/normalisation9.key 
244619     INFO  main            d.u.i.k.p.i.AbstractProblemLoader Loading environment from /home/runner/work/key/key/key.core/../key.ui/examples/standard_key/quantifiers/normalisation9.key 
244619     DEBUG main            d.u.i.k.p.i.AbstractProblemLoader Environment load took 58.1ns 
244620     INFO  main            d.u.i.k.p.i.AbstractProblemLoader Creating init config 
246866     DEBUG main            d.u.i.k.p.i.AbstractProblemLoader Init config took 2.25s 
246878     INFO  main            d.u.i.k.p.i.AbstractProblemLoader Replaying proof normalisation9.key 
246879     DEBUG main            d.u.i.k.p.i.IntermediateProofReplayer Proof replay took 6.6ns 
246981     INFO  main            d.u.i.k.p.r.p.TestFile    ... finished proof: closed. 
247342     INFO  main            d.u.i.k.p.i.AbstractProblemLoader Loading environment from /home/runner/work/key/key/key.core/../key.ui/examples/standard_key/quantifiers/normalisation9.key.proof 
247342     DEBUG main            d.u.i.k.p.i.AbstractProblemLoader Environment load took 87.7ns 
247343     INFO  main            d.u.i.k.p.i.AbstractProblemLoader Creating init config 
249541     DEBUG main            d.u.i.k.p.i.AbstractProblemLoader Init config took 2.2s 
249553     INFO  main            d.u.i.k.p.i.AbstractProblemLoader Replaying proof normalisation9.key.proof 
249560     DEBUG main            d.u.i.k.p.i.IntermediateProofReplayer Proof replay took 5.57ms 
249561     DEBUG main            d.u.i.k.p.r.p.TestFile    ... success: reloaded. 
249562     INFO  main            d.u.i.k.p.r.p.TestFile    Now processing file /home/runner/work/key/key/key.core/../key.ui/examples/standard_key/quantifiers/normalisation10.key 
249562     INFO  main            d.u.i.k.p.i.AbstractProblemLoader Loading environment from /home/runner/work/key/key/key.core/../key.ui/examples/standard_key/quantifiers/normalisation10.key 
249562     DEBUG main            d.u.i.k.p.i.AbstractProblemLoader Environment load took 69.2ns 
249563     INFO  main            d.u.i.k.p.i.AbstractProblemLoader Creating init config 
251765     DEBUG main            d.u.i.k.p.i.AbstractProblemLoader Init config took 2.2s 
251776     INFO  main            d.u.i.k.p.i.AbstractProblemLoader Replaying proof normalisation10.key 
251778     DEBUG main            d.u.i.k.p.i.IntermediateProofReplayer Proof replay took 5.9ns 
251879     INFO  main            d.u.i.k.p.r.p.TestFile    ... finished proof: closed. 
252215     INFO  main            d.u.i.k.p.i.AbstractProblemLoader Loading environment from /home/runner/work/key/key/key.core/../key.ui/examples/standard_key/quantifiers/normalisation10.key.proof 
252215     DEBUG main            d.u.i.k.p.i.AbstractProblemLoader Environment load took 78.1ns 
252216     INFO  main            d.u.i.k.p.i.AbstractProblemLoader Creating init config 
254356     DEBUG main            d.u.i.k.p.i.AbstractProblemLoader Init config took 2.14s 
254368     INFO  main            d.u.i.k.p.i.AbstractProblemLoader Replaying proof normalisation10.key.proof 
254373     DEBUG main            d.u.i.k.p.i.IntermediateProofReplayer Proof replay took 4.11ms 
254374     DEBUG main            d.u.i.k.p.r.p.TestFile    ... success: reloaded. 
254374     INFO  main            d.u.i.k.p.r.p.TestFile    Now processing file /home/runner/work/key/key/key.core/../key.ui/examples/standard_key/quantifiers/normalisation12.key 
254375     INFO  main            d.u.i.k.p.i.AbstractProblemLoader Loading environment from /home/runner/work/key/key/key.core/../key.ui/examples/standard_key/quantifiers/normalisation12.key 
254375     DEBUG main            d.u.i.k.p.i.AbstractProblemLoader Environment load took 65.9ns 
254375     INFO  main            d.u.i.k.p.i.AbstractProblemLoader Creating init config 
256554     DEBUG main            d.u.i.k.p.i.AbstractProblemLoader Init config took 2.18s 
256566     INFO  main            d.u.i.k.p.i.AbstractProblemLoader Replaying proof normalisation12.key 
256567     DEBUG main            d.u.i.k.p.i.IntermediateProofReplayer Proof replay took 5.2ns 
256669     INFO  main            d.u.i.k.p.r.p.TestFile    ... finished proof: closed. 
257011     INFO  main            d.u.i.k.p.i.AbstractProblemLoader Loading environment from /home/runner/work/key/key/key.core/../key.ui/examples/standard_key/quantifiers/normalisation12.key.proof 
257011     DEBUG main            d.u.i.k.p.i.AbstractProblemLoader Environment load took 74.2ns 
257012     INFO  main            d.u.i.k.p.i.AbstractProblemLoader Creating init config 
259151     DEBUG main            d.u.i.k.p.i.AbstractProblemLoader Init config took 2.14s 
259163     INFO  main            d.u.i.k.p.i.AbstractProblemLoader Replaying proof normalisation12.key.proof 
259165     DEBUG main            d.u.i.k.p.i.IntermediateProofReplayer Proof replay took 1.08ms 
259166     DEBUG main            d.u.i.k.p.r.p.TestFile    ... success: reloaded. 
259166     INFO  main            d.u.i.k.p.r.p.TestFile    Now processing file /home/runner/work/key/key/key.core/../key.ui/examples/standard_key/quantifiers/normalisation13.key 
259166     INFO  main            d.u.i.k.p.i.AbstractProblemLoader Loading environment from /home/runner/work/key/key/key.core/../key.ui/examples/standard_key/quantifiers/normalisation13.key 
259166     DEBUG main            d.u.i.k.p.i.AbstractProblemLoader Environment load took 74.3ns 
259167     INFO  main            d.u.i.k.p.i.AbstractProblemLoader Creating init config 
261347     DEBUG main            d.u.i.k.p.i.AbstractProblemLoader Init config took 2.18s 
261359     INFO  main            d.u.i.k.p.i.AbstractProblemLoader Replaying proof normalisation13.key 
261360     DEBUG main            d.u.i.k.p.i.IntermediateProofReplayer Proof replay took 6.4ns 
261462     INFO  main            d.u.i.k.p.r.p.TestFile    ... finished proof: closed. 
261815     INFO  main            d.u.i.k.p.i.AbstractProblemLoader Loading environment from /home/runner/work/key/key/key.core/../key.ui/examples/standard_key/quantifiers/normalisation13.key.proof 
261815     DEBUG main            d.u.i.k.p.i.AbstractProblemLoader Environment load took 77ns 
261816     INFO  main            d.u.i.k.p.i.AbstractProblemLoader Creating init config 
263960     DEBUG main            d.u.i.k.p.i.AbstractProblemLoader Init config took 2.14s 
263971     INFO  main            d.u.i.k.p.i.AbstractProblemLoader Replaying proof normalisation13.key.proof 
263973     DEBUG main            d.u.i.k.p.i.IntermediateProofReplayer Proof replay took 452.2ns 
263973     DEBUG main            d.u.i.k.p.r.p.TestFile    ... success: reloaded. 
263974     INFO  main            d.u.i.k.p.r.p.TestFile    Now processing file /home/runner/work/key/key/key.core/../key.ui/examples/standard_key/quantifiers/triggers0.key 
263974     INFO  main            d.u.i.k.p.i.AbstractProblemLoader Loading environment from /home/runner/work/key/key/key.core/../key.ui/examples/standard_key/quantifiers/triggers0.key 
263974     DEBUG main            d.u.i.k.p.i.AbstractProblemLoader Environment load took 41.3ns 
263975     INFO  main            d.u.i.k.p.i.AbstractProblemLoader Creating init config 
266151     DEBUG main            d.u.i.k.p.i.AbstractProblemLoader Init config took 2.18s 
266163     INFO  main            d.u.i.k.p.i.AbstractProblemLoader Replaying proof triggers0.key 
266164     DEBUG main            d.u.i.k.p.i.IntermediateProofReplayer Proof replay took 5.5ns 
266265     INFO  main            d.u.i.k.p.r.p.TestFile    ... finished proof: closed. 
266616     INFO  main            d.u.i.k.p.i.AbstractProblemLoader Loading environment from /home/runner/work/key/key/key.core/../key.ui/examples/standard_key/quantifiers/triggers0.key.proof 
266616     DEBUG main            d.u.i.k.p.i.AbstractProblemLoader Environment load took 82ns 
266617     INFO  main            d.u.i.k.p.i.AbstractProblemLoader Creating init config 
268759     DEBUG main            d.u.i.k.p.i.AbstractProblemLoader Init config took 2.14s 
268771     INFO  main            d.u.i.k.p.i.AbstractProblemLoader Replaying proof triggers0.key.proof 
268773     DEBUG main            d.u.i.k.p.i.IntermediateProofReplayer Proof replay took 1.31ms 
268774     DEBUG main            d.u.i.k.p.r.p.TestFile    ... success: reloaded. 
3641030    INFO  Test worker     d.u.i.k.p.r.RunAllProofsTestUnit Returning from test FOL 
3641031    INFO  Test worker     d.u.i.k.p.r.RunAllProofsTestUnit Running test strings 
349        INFO  Timeout watchdog d.u.i.k.p.r.p.ForkedTestFileRunner Timeout watcher launched (2000 secs.) 
357        WARN  main            d.u.i.k.s.ProofSettings   The settings in /home/runner/.key/proof-settings.props are *not* read. 
401        INFO  main            d.u.i.k.p.r.p.TestFile    Now processing file /home/runner/work/key/key/key.core/../key.ui/examples/standard_key/strings/charAt0.key 
519        INFO  main            d.u.i.k.p.i.AbstractProblemLoader Loading environment from /home/runner/work/key/key/key.core/../key.ui/examples/standard_key/strings/charAt0.key 
539        DEBUG main            d.u.i.k.p.i.AbstractProblemLoader Environment load took 1.85ms 
766        INFO  main            d.u.i.k.p.i.AbstractProblemLoader Creating init config 
1670       DEBUG main            d.u.i.k.j.TypeConverter   No LDT found for Meta 
1671       DEBUG main            d.u.i.k.j.TypeConverter   No LDT found for Meta 
1675       DEBUG main            d.u.i.k.j.TypeConverter   No LDT found for Meta 
1675       DEBUG main            d.u.i.k.j.TypeConverter   No LDT found for Meta 
3042       DEBUG main            d.u.i.k.j.TypeConverter   No LDT found for JavaBigintExpression 
7587       DEBUG main            d.u.i.k.p.i.AbstractProblemLoader Init config took 6.82s 
7646       INFO  main            d.u.i.k.p.i.AbstractProblemLoader Replaying proof charAt0.key 
7674       DEBUG main            d.u.i.k.p.i.IntermediateProofReplayer Proof replay took 30.3ns 
8031       INFO  main            d.u.i.k.p.r.p.TestFile    ... finished proof: closed. 
8131       INFO  main            d.u.i.k.p.i.AbstractProblemLoader Loading environment from /home/runner/work/key/key/key.core/../key.ui/examples/standard_key/strings/charAt0.key.proof 
8132       DEBUG main            d.u.i.k.p.i.AbstractProblemLoader Environment load took 638.2ns 
8136       INFO  main            d.u.i.k.p.i.AbstractProblemLoader Creating init config 
10769      DEBUG main            d.u.i.k.p.i.AbstractProblemLoader Init config took 2.63s 
10798      INFO  main            d.u.i.k.p.i.AbstractProblemLoader Replaying proof charAt0.key.proof 
10820      DEBUG main            d.u.i.k.p.i.IntermediateProofReplayer Proof replay took 17.3ms 
10830      DEBUG main            d.u.i.k.p.r.p.TestFile    ... success: reloaded. 
10831      INFO  main            d.u.i.k.p.r.p.TestFile    Now processing file /home/runner/work/key/key/key.core/../key.ui/examples/standard_key/strings/charAt1.key 
10832      INFO  main            d.u.i.k.p.i.AbstractProblemLoader Loading environment from /home/runner/work/key/key/key.core/../key.ui/examples/standard_key/strings/charAt1.key 
10832      DEBUG main            d.u.i.k.p.i.AbstractProblemLoader Environment load took 185.5ns 
10833      INFO  main            d.u.i.k.p.i.AbstractProblemLoader Creating init config 
13326      DEBUG main            d.u.i.k.p.i.AbstractProblemLoader Init config took 2.49s 
13354      INFO  main            d.u.i.k.p.i.AbstractProblemLoader Replaying proof charAt1.key 
13356      DEBUG main            d.u.i.k.p.i.IntermediateProofReplayer Proof replay took 5.8ns 
13560      INFO  main            d.u.i.k.p.r.p.TestFile    ... finished proof: closed. 
13674      INFO  main            d.u.i.k.p.i.AbstractProblemLoader Loading environment from /home/runner/work/key/key/key.core/../key.ui/examples/standard_key/strings/charAt1.key.proof 
13674      DEBUG main            d.u.i.k.p.i.AbstractProblemLoader Environment load took 323.6ns 
13676      INFO  main            d.u.i.k.p.i.AbstractProblemLoader Creating init config 
16057      DEBUG main            d.u.i.k.p.i.AbstractProblemLoader Init config took 2.38s 
16080      INFO  main            d.u.i.k.p.i.AbstractProblemLoader Replaying proof charAt1.key.proof 
16099      DEBUG main            d.u.i.k.p.i.IntermediateProofReplayer Proof replay took 15.68ms 
16100      DEBUG main            d.u.i.k.p.r.p.TestFile    ... success: reloaded. 
16101      INFO  main            d.u.i.k.p.r.p.TestFile    Now processing file /home/runner/work/key/key/key.core/../key.ui/examples/standard_key/strings/concat1.key 
16101      INFO  main            d.u.i.k.p.i.AbstractProblemLoader Loading environment from /home/runner/work/key/key/key.core/../key.ui/examples/standard_key/strings/concat1.key 
16101      DEBUG main            d.u.i.k.p.i.AbstractProblemLoader Environment load took 168ns 
16103      INFO  main            d.u.i.k.p.i.AbstractProblemLoader Creating init config 
18544      DEBUG main            d.u.i.k.p.i.AbstractProblemLoader Init config took 2.44s 
18566      INFO  main            d.u.i.k.p.i.AbstractProblemLoader Replaying proof concat1.key 
18570      DEBUG main            d.u.i.k.p.i.IntermediateProofReplayer Proof replay took 5.7ns 
18673      INFO  main            d.u.i.k.p.r.p.TestFile    ... finished proof: closed. 
18792      INFO  main            d.u.i.k.p.i.AbstractProblemLoader Loading environment from /home/runner/work/key/key/key.core/../key.ui/examples/standard_key/strings/concat1.key.proof 
18792      DEBUG main            d.u.i.k.p.i.AbstractProblemLoader Environment load took 120.8ns 
18796      INFO  main            d.u.i.k.p.i.AbstractProblemLoader Creating init config 
21150      DEBUG main            d.u.i.k.p.i.AbstractProblemLoader Init config took 2.35s 
21169      INFO  main            d.u.i.k.p.i.AbstractProblemLoader Replaying proof concat1.key.proof 
21172      DEBUG main            d.u.i.k.p.i.IntermediateProofReplayer Proof replay took 1.3ms 
21173      DEBUG main            d.u.i.k.p.r.p.TestFile    ... success: reloaded. 
21174      INFO  main            d.u.i.k.p.r.p.TestFile    Now processing file /home/runner/work/key/key/key.core/../key.ui/examples/standard_key/strings/concat2.key 
21174      INFO  main            d.u.i.k.p.i.AbstractProblemLoader Loading environment from /home/runner/work/key/key/key.core/../key.ui/examples/standard_key/strings/concat2.key 
21174      DEBUG main            d.u.i.k.p.i.AbstractProblemLoader Environment load took 75.1ns 
21175      INFO  main            d.u.i.k.p.i.AbstractProblemLoader Creating init config 
23524      DEBUG main            d.u.i.k.p.i.AbstractProblemLoader Init config took 2.35s 
23543      INFO  main            d.u.i.k.p.i.AbstractProblemLoader Replaying proof concat2.key 
23544      DEBUG main            d.u.i.k.p.i.IntermediateProofReplayer Proof replay took 4.8ns 
23647      INFO  main            d.u.i.k.p.r.p.TestFile    ... finished proof: closed. 
23770      INFO  main            d.u.i.k.p.i.AbstractProblemLoader Loading environment from /home/runner/work/key/key/key.core/../key.ui/examples/standard_key/strings/concat2.key.proof 
23770      DEBUG main            d.u.i.k.p.i.AbstractProblemLoader Environment load took 106.8ns 
23771      INFO  main            d.u.i.k.p.i.AbstractProblemLoader Creating init config 
26086      DEBUG main            d.u.i.k.p.i.AbstractProblemLoader Init config took 2.31s 
26104      INFO  main            d.u.i.k.p.i.AbstractProblemLoader Replaying proof concat2.key.proof 
26115      DEBUG main            d.u.i.k.p.i.IntermediateProofReplayer Proof replay took 8.85ms 
26116      DEBUG main            d.u.i.k.p.r.p.TestFile    ... success: reloaded. 
26116      INFO  main            d.u.i.k.p.r.p.TestFile    Now processing file /home/runner/work/key/key/key.core/../key.ui/examples/standard_key/strings/deriveLength1.key 
26116      INFO  main            d.u.i.k.p.i.AbstractProblemLoader Loading environment from /home/runner/work/key/key/key.core/../key.ui/examples/standard_key/strings/deriveLength1.key 
26117      DEBUG main            d.u.i.k.p.i.AbstractProblemLoader Environment load took 86.4ns 
26117      INFO  main            d.u.i.k.p.i.AbstractProblemLoader Creating init config 
28455      DEBUG main            d.u.i.k.p.i.AbstractProblemLoader Init config took 2.34s 
28473      INFO  main            d.u.i.k.p.i.AbstractProblemLoader Replaying proof deriveLength1.key 
28475      DEBUG main            d.u.i.k.p.i.IntermediateProofReplayer Proof replay took 5.7ns 
28577      INFO  main            d.u.i.k.p.r.p.TestFile    ... finished proof: closed. 
28717      INFO  main            d.u.i.k.p.i.AbstractProblemLoader Loading environment from /home/runner/work/key/key/key.core/../key.ui/examples/standard_key/strings/deriveLength1.key.proof 
28718      DEBUG main            d.u.i.k.p.i.AbstractProblemLoader Environment load took 243.7ns 
28719      INFO  main            d.u.i.k.p.i.AbstractProblemLoader Creating init config 
31026      DEBUG main            d.u.i.k.p.i.AbstractProblemLoader Init config took 2.31s 
31044      INFO  main            d.u.i.k.p.i.AbstractProblemLoader Replaying proof deriveLength1.key.proof 
31055      DEBUG main            d.u.i.k.p.i.IntermediateProofReplayer Proof replay took 8.54ms 
31056      DEBUG main            d.u.i.k.p.r.p.TestFile    ... success: reloaded. 
31056      INFO  main            d.u.i.k.p.r.p.TestFile    Now processing file /home/runner/work/key/key/key.core/../key.ui/examples/standard_key/strings/emptyStringLengthZero.key 
31057      INFO  main            d.u.i.k.p.i.AbstractProblemLoader Loading environment from /home/runner/work/key/key/key.core/../key.ui/examples/standard_key/strings/emptyStringLengthZero.key 
31057      DEBUG main            d.u.i.k.p.i.AbstractProblemLoader Environment load took 162.8ns 
31058      INFO  main            d.u.i.k.p.i.AbstractProblemLoader Creating init config 
33424      DEBUG main            d.u.i.k.p.i.AbstractProblemLoader Init config took 2.37s 
33443      INFO  main            d.u.i.k.p.i.AbstractProblemLoader Replaying proof emptyStringLengthZero.key 
33445      DEBUG main            d.u.i.k.p.i.IntermediateProofReplayer Proof replay took 6.1ns 
33547      INFO  main            d.u.i.k.p.r.p.TestFile    ... finished proof: closed. 
33683      INFO  main            d.u.i.k.p.i.AbstractProblemLoader Loading environment from /home/runner/work/key/key/key.core/../key.ui/examples/standard_key/strings/emptyStringLengthZero.key.proof 
33683      DEBUG main            d.u.i.k.p.i.AbstractProblemLoader Environment load took 106.8ns 
33684      INFO  main            d.u.i.k.p.i.AbstractProblemLoader Creating init config 
35953      DEBUG main            d.u.i.k.p.i.AbstractProblemLoader Init config took 2.27s 
35973      INFO  main            d.u.i.k.p.i.AbstractProblemLoader Replaying proof emptyStringLengthZero.key.proof 
35988      DEBUG main            d.u.i.k.p.i.IntermediateProofReplayer Proof replay took 11.01ms 
35990      DEBUG main            d.u.i.k.p.r.p.TestFile    ... success: reloaded. 
35991      INFO  main            d.u.i.k.p.r.p.TestFile    Now processing file /home/runner/work/key/key/key.core/../key.ui/examples/standard_key/strings/implicitBooleanStringConversion.key 
35991      INFO  main            d.u.i.k.p.i.AbstractProblemLoader Loading environment from /home/runner/work/key/key/key.core/../key.ui/examples/standard_key/strings/implicitBooleanStringConversion.key 
35991      DEBUG main            d.u.i.k.p.i.AbstractProblemLoader Environment load took 163.1ns 
35993      INFO  main            d.u.i.k.p.i.AbstractProblemLoader Creating init config 
38303      DEBUG main            d.u.i.k.p.i.AbstractProblemLoader Init config took 2.31s 
38324      INFO  main            d.u.i.k.p.i.AbstractProblemLoader Replaying proof implicitBooleanStringConversion.key 
38326      DEBUG main            d.u.i.k.p.i.IntermediateProofReplayer Proof replay took 6.3ns 
39134      INFO  main            d.u.i.k.p.r.p.TestFile    ... finished proof: closed. 
39302      INFO  main            d.u.i.k.p.i.AbstractProblemLoader Loading environment from /home/runner/work/key/key/key.core/../key.ui/examples/standard_key/strings/implicitBooleanStringConversion.key.proof 
39302      DEBUG main            d.u.i.k.p.i.AbstractProblemLoader Environment load took 120.3ns 
39304      INFO  main            d.u.i.k.p.i.AbstractProblemLoader Creating init config 
41574      DEBUG main            d.u.i.k.p.i.AbstractProblemLoader Init config took 2.27s 
41593      INFO  main            d.u.i.k.p.i.AbstractProblemLoader Replaying proof implicitBooleanStringConversion.key.proof 
41678      DEBUG main            d.u.i.k.p.i.IntermediateProofReplayer Proof replay took 78.92ms 
41679      DEBUG main            d.u.i.k.p.r.p.TestFile    ... success: reloaded. 
41680      INFO  main            d.u.i.k.p.r.p.TestFile    Now processing file /home/runner/work/key/key/key.core/../key.ui/examples/standard_key/strings/implicitBooleanStringConversion2.key 
41680      INFO  main            d.u.i.k.p.i.AbstractProblemLoader Loading environment from /home/runner/work/key/key/key.core/../key.ui/examples/standard_key/strings/implicitBooleanStringConversion2.key 
41680      DEBUG main            d.u.i.k.p.i.AbstractProblemLoader Environment load took 154.8ns 
41681      INFO  main            d.u.i.k.p.i.AbstractProblemLoader Creating init config 
43996      DEBUG main            d.u.i.k.p.i.AbstractProblemLoader Init config took 2.32s 
44015      INFO  main            d.u.i.k.p.i.AbstractProblemLoader Replaying proof implicitBooleanStringConversion2.key 
44017      DEBUG main            d.u.i.k.p.i.IntermediateProofReplayer Proof replay took 5.7ns 
44319      INFO  main            d.u.i.k.p.r.p.TestFile    ... finished proof: closed. 
44503      INFO  main            d.u.i.k.p.i.AbstractProblemLoader Loading environment from /home/runner/work/key/key/key.core/../key.ui/examples/standard_key/strings/implicitBooleanStringConversion2.key.proof 
44503      DEBUG main            d.u.i.k.p.i.AbstractProblemLoader Environment load took 113.4ns 
44505      INFO  main            d.u.i.k.p.i.AbstractProblemLoader Creating init config 
46773      DEBUG main            d.u.i.k.p.i.AbstractProblemLoader Init config took 2.27s 
46794      INFO  main            d.u.i.k.p.i.AbstractProblemLoader Replaying proof implicitBooleanStringConversion2.key.proof 
46831      DEBUG main            d.u.i.k.p.i.IntermediateProofReplayer Proof replay took 33.38ms 
46832      DEBUG main            d.u.i.k.p.r.p.TestFile    ... success: reloaded. 
46833      INFO  main            d.u.i.k.p.r.p.TestFile    Now processing file /home/runner/work/key/key/key.core/../key.ui/examples/standard_key/strings/implicitIntStringConversion.key 
46833      INFO  main            d.u.i.k.p.i.AbstractProblemLoader Loading environment from /home/runner/work/key/key/key.core/../key.ui/examples/standard_key/strings/implicitIntStringConversion.key 
46833      DEBUG main            d.u.i.k.p.i.AbstractProblemLoader Environment load took 183.5ns 
46834      INFO  main            d.u.i.k.p.i.AbstractProblemLoader Creating init config 
49141      DEBUG main            d.u.i.k.p.i.AbstractProblemLoader Init config took 2.31s 
49160      INFO  main            d.u.i.k.p.i.AbstractProblemLoader Replaying proof implicitIntStringConversion.key 
49162      DEBUG main            d.u.i.k.p.i.IntermediateProofReplayer Proof replay took 5ns 
49765      INFO  main            d.u.i.k.p.r.p.TestFile    ... finished proof: closed. 
49952      INFO  main            d.u.i.k.p.i.AbstractProblemLoader Loading environment from /home/runner/work/key/key/key.core/../key.ui/examples/standard_key/strings/implicitIntStringConversion.key.proof 
49957      DEBUG main            d.u.i.k.p.i.AbstractProblemLoader Environment load took 5.28ms 
49958      INFO  main            d.u.i.k.p.i.AbstractProblemLoader Creating init config 
52230      DEBUG main            d.u.i.k.p.i.AbstractProblemLoader Init config took 2.27s 
52250      INFO  main            d.u.i.k.p.i.AbstractProblemLoader Replaying proof implicitIntStringConversion.key.proof 
52328      DEBUG main            d.u.i.k.p.i.IntermediateProofReplayer Proof replay took 72.04ms 
52329      DEBUG main            d.u.i.k.p.r.p.TestFile    ... success: reloaded. 
52330      INFO  main            d.u.i.k.p.r.p.TestFile    Now processing file /home/runner/work/key/key/key.core/../key.ui/examples/standard_key/strings/implicitNullStringConversion.key 
52330      INFO  main            d.u.i.k.p.i.AbstractProblemLoader Loading environment from /home/runner/work/key/key/key.core/../key.ui/examples/standard_key/strings/implicitNullStringConversion.key 
52331      DEBUG main            d.u.i.k.p.i.AbstractProblemLoader Environment load took 150.6ns 
52331      INFO  main            d.u.i.k.p.i.AbstractProblemLoader Creating init config 
54618      DEBUG main            d.u.i.k.p.i.AbstractProblemLoader Init config took 2.29s 
54635      INFO  main            d.u.i.k.p.i.AbstractProblemLoader Replaying proof implicitNullStringConversion.key 
54636      DEBUG main            d.u.i.k.p.i.IntermediateProofReplayer Proof replay took 6.1ns 
54950      INFO  main            d.u.i.k.p.r.p.TestFile    ... finished proof: closed. 
55114      INFO  main            d.u.i.k.p.i.AbstractProblemLoader Loading environment from /home/runner/work/key/key/key.core/../key.ui/examples/standard_key/strings/implicitNullStringConversion.key.proof 
55114      DEBUG main            d.u.i.k.p.i.AbstractProblemLoader Environment load took 108.9ns 
55116      INFO  main            d.u.i.k.p.i.AbstractProblemLoader Creating init config 
57367      DEBUG main            d.u.i.k.p.i.AbstractProblemLoader Init config took 2.25s 
57385      INFO  main            d.u.i.k.p.i.AbstractProblemLoader Replaying proof implicitNullStringConversion.key.proof 
57420      DEBUG main            d.u.i.k.p.i.IntermediateProofReplayer Proof replay took 31.26ms 
57421      DEBUG main            d.u.i.k.p.r.p.TestFile    ... success: reloaded. 
57422      INFO  main            d.u.i.k.p.r.p.TestFile    Now processing file /home/runner/work/key/key/key.core/../key.ui/examples/standard_key/strings/implicitNullStringConversion2.key 
57422      INFO  main            d.u.i.k.p.i.AbstractProblemLoader Loading environment from /home/runner/work/key/key/key.core/../key.ui/examples/standard_key/strings/implicitNullStringConversion2.key 
57422      DEBUG main            d.u.i.k.p.i.AbstractProblemLoader Environment load took 112.2ns 
57423      INFO  main            d.u.i.k.p.i.AbstractProblemLoader Creating init config 
59717      DEBUG main            d.u.i.k.p.i.AbstractProblemLoader Init config took 2.29s 
59733      INFO  main            d.u.i.k.p.i.AbstractProblemLoader Replaying proof implicitNullStringConversion2.key 
59734      DEBUG main            d.u.i.k.p.i.IntermediateProofReplayer Proof replay took 5.9ns 
59936      INFO  main            d.u.i.k.p.r.p.TestFile    ... finished proof: closed. 
60115      INFO  main            d.u.i.k.p.i.AbstractProblemLoader Loading environment from /home/runner/work/key/key/key.core/../key.ui/examples/standard_key/strings/implicitNullStringConversion2.key.proof 
60115      DEBUG main            d.u.i.k.p.i.AbstractProblemLoader Environment load took 106.7ns 
60116      INFO  main            d.u.i.k.p.i.AbstractProblemLoader Creating init config 
62388      DEBUG main            d.u.i.k.p.i.AbstractProblemLoader Init config took 2.27s 
62406      INFO  main            d.u.i.k.p.i.AbstractProblemLoader Replaying proof implicitNullStringConversion2.key.proof 
62431      DEBUG main            d.u.i.k.p.i.IntermediateProofReplayer Proof replay took 21.13ms 
62432      DEBUG main            d.u.i.k.p.r.p.TestFile    ... success: reloaded. 
62432      INFO  main            d.u.i.k.p.r.p.TestFile    Now processing file /home/runner/work/key/key/key.core/../key.ui/examples/standard_key/strings/implicitObjectStringConversion.key 
62433      INFO  main            d.u.i.k.p.i.AbstractProblemLoader Loading environment from /home/runner/work/key/key/key.core/../key.ui/examples/standard_key/strings/implicitObjectStringConversion.key 
62433      DEBUG main            d.u.i.k.p.i.AbstractProblemLoader Environment load took 81.7ns 
62434      INFO  main            d.u.i.k.p.i.AbstractProblemLoader Creating init config 
64871      DEBUG main            d.u.i.k.p.i.AbstractProblemLoader Init config took 2.44s 
64887      INFO  main            d.u.i.k.p.i.AbstractProblemLoader Replaying proof implicitObjectStringConversion.key 
64888      DEBUG main            d.u.i.k.p.i.IntermediateProofReplayer Proof replay took 5.7ns 
65294      INFO  main            d.u.i.k.p.r.p.TestFile    ... finished proof: closed. 
65507      INFO  main            d.u.i.k.p.i.AbstractProblemLoader Loading environment from /home/runner/work/key/key/key.core/../key.ui/examples/standard_key/strings/implicitObjectStringConversion.key.proof 
65508      DEBUG main            d.u.i.k.p.i.AbstractProblemLoader Environment load took 132.4ns 
65509      INFO  main            d.u.i.k.p.i.AbstractProblemLoader Creating init config 
67940      DEBUG main            d.u.i.k.p.i.AbstractProblemLoader Init config took 2.43s 
67959      INFO  main            d.u.i.k.p.i.AbstractProblemLoader Replaying proof implicitObjectStringConversion.key.proof 
68026      DEBUG main            d.u.i.k.p.i.IntermediateProofReplayer Proof replay took 63.4ms 
68028      DEBUG main            d.u.i.k.p.r.p.TestFile    ... success: reloaded. 
68029      INFO  main            d.u.i.k.p.r.p.TestFile    Now processing file /home/runner/work/key/key/key.core/../key.ui/examples/standard_key/strings/literalEquality.key 
68029      INFO  main            d.u.i.k.p.i.AbstractProblemLoader Loading environment from /home/runner/work/key/key/key.core/../key.ui/examples/standard_key/strings/literalEquality.key 
68029      DEBUG main            d.u.i.k.p.i.AbstractProblemLoader Environment load took 219.9ns 
68030      INFO  main            d.u.i.k.p.i.AbstractProblemLoader Creating init config 
70349      DEBUG main            d.u.i.k.p.i.AbstractProblemLoader Init config took 2.32s 
70364      INFO  main            d.u.i.k.p.i.AbstractProblemLoader Replaying proof literalEquality.key 
70365      DEBUG main            d.u.i.k.p.i.IntermediateProofReplayer Proof replay took 5.5ns 
70470      INFO  main            d.u.i.k.p.r.p.TestFile    ... finished proof: closed. 
70649      INFO  main            d.u.i.k.p.i.AbstractProblemLoader Loading environment from /home/runner/work/key/key/key.core/../key.ui/examples/standard_key/strings/literalEquality.key.proof 
70649      DEBUG main            d.u.i.k.p.i.AbstractProblemLoader Environment load took 96.4ns 
70650      INFO  main            d.u.i.k.p.i.AbstractProblemLoader Creating init config 
72889      DEBUG main            d.u.i.k.p.i.AbstractProblemLoader Init config took 2.24s 
72904      INFO  main            d.u.i.k.p.i.AbstractProblemLoader Replaying proof literalEquality.key.proof 
72907      DEBUG main            d.u.i.k.p.i.IntermediateProofReplayer Proof replay took 1.8ms 
72908      DEBUG main            d.u.i.k.p.r.p.TestFile    ... success: reloaded. 
72909      INFO  main            d.u.i.k.p.r.p.TestFile    Now processing file /home/runner/work/key/key/key.core/../key.ui/examples/standard_key/strings/replace0.key 
72909      INFO  main            d.u.i.k.p.i.AbstractProblemLoader Loading environment from /home/runner/work/key/key/key.core/../key.ui/examples/standard_key/strings/replace0.key 
72909      DEBUG main            d.u.i.k.p.i.AbstractProblemLoader Environment load took 162.4ns 
72910      INFO  main            d.u.i.k.p.i.AbstractProblemLoader Creating init config 
75177      DEBUG main            d.u.i.k.p.i.AbstractProblemLoader Init config took 2.27s 
75190      INFO  main            d.u.i.k.p.i.AbstractProblemLoader Replaying proof replace0.key 
75191      DEBUG main            d.u.i.k.p.i.IntermediateProofReplayer Proof replay took 5.6ns 
75294      INFO  main            d.u.i.k.p.r.p.TestFile    ... finished proof: closed. 
75494      INFO  main            d.u.i.k.p.i.AbstractProblemLoader Loading environment from /home/runner/work/key/key/key.core/../key.ui/examples/standard_key/strings/replace0.key.proof 
75494      DEBUG main            d.u.i.k.p.i.AbstractProblemLoader Environment load took 98.5ns 
75496      INFO  main            d.u.i.k.p.i.AbstractProblemLoader Creating init config 
77718      DEBUG main            d.u.i.k.p.i.AbstractProblemLoader Init config took 2.22s 
77734      INFO  main            d.u.i.k.p.i.AbstractProblemLoader Replaying proof replace0.key.proof 
77739      DEBUG main            d.u.i.k.p.i.IntermediateProofReplayer Proof replay took 3.73ms 
77740      DEBUG main            d.u.i.k.p.r.p.TestFile    ... success: reloaded. 
77741      INFO  main            d.u.i.k.p.r.p.TestFile    Now processing file /home/runner/work/key/key/key.core/../key.ui/examples/standard_key/strings/replace1.key 
77741      INFO  main            d.u.i.k.p.i.AbstractProblemLoader Loading environment from /home/runner/work/key/key/key.core/../key.ui/examples/standard_key/strings/replace1.key 
77741      DEBUG main            d.u.i.k.p.i.AbstractProblemLoader Environment load took 163.9ns 
77742      INFO  main            d.u.i.k.p.i.AbstractProblemLoader Creating init config 
80056      DEBUG main            d.u.i.k.p.i.AbstractProblemLoader Init config took 2.31s 
80070      INFO  main            d.u.i.k.p.i.AbstractProblemLoader Replaying proof replace1.key 
80071      DEBUG main            d.u.i.k.p.i.IntermediateProofReplayer Proof replay took 5.9ns 
80174      INFO  main            d.u.i.k.p.r.p.TestFile    ... finished proof: closed. 
80382      INFO  main            d.u.i.k.p.i.AbstractProblemLoader Loading environment from /home/runner/work/key/key/key.core/../key.ui/examples/standard_key/strings/replace1.key.proof 
80382      DEBUG main            d.u.i.k.p.i.AbstractProblemLoader Environment load took 101.4ns 
80383      INFO  main            d.u.i.k.p.i.AbstractProblemLoader Creating init config 
82613      DEBUG main            d.u.i.k.p.i.AbstractProblemLoader Init config took 2.23s 
82626      INFO  main            d.u.i.k.p.i.AbstractProblemLoader Replaying proof replace1.key.proof 
82632      DEBUG main            d.u.i.k.p.i.IntermediateProofReplayer Proof replay took 3.98ms 
82633      DEBUG main            d.u.i.k.p.r.p.TestFile    ... success: reloaded. 
82633      INFO  main            d.u.i.k.p.r.p.TestFile    Now processing file /home/runner/work/key/key/key.core/../key.ui/examples/standard_key/strings/simpleAssignment.key 
82633      INFO  main            d.u.i.k.p.i.AbstractProblemLoader Loading environment from /home/runner/work/key/key/key.core/../key.ui/examples/standard_key/strings/simpleAssignment.key 
82634      DEBUG main            d.u.i.k.p.i.AbstractProblemLoader Environment load took 82.6ns 
82634      INFO  main            d.u.i.k.p.i.AbstractProblemLoader Creating init config 
84925      DEBUG main            d.u.i.k.p.i.AbstractProblemLoader Init config took 2.29s 
84941      INFO  main            d.u.i.k.p.i.AbstractProblemLoader Replaying proof simpleAssignment.key 
84942      DEBUG main            d.u.i.k.p.i.IntermediateProofReplayer Proof replay took 6.4ns 
85044      INFO  main            d.u.i.k.p.r.p.TestFile    ... finished proof: closed. 
85240      INFO  main            d.u.i.k.p.i.AbstractProblemLoader Loading environment from /home/runner/work/key/key/key.core/../key.ui/examples/standard_key/strings/simpleAssignment.key.proof 
85240      DEBUG main            d.u.i.k.p.i.AbstractProblemLoader Environment load took 113.6ns 
85243      INFO  main            d.u.i.k.p.i.AbstractProblemLoader Creating init config 
87483      DEBUG main            d.u.i.k.p.i.AbstractProblemLoader Init config took 2.24s 
87497      INFO  main            d.u.i.k.p.i.AbstractProblemLoader Replaying proof simpleAssignment.key.proof 
87500      DEBUG main            d.u.i.k.p.i.IntermediateProofReplayer Proof replay took 1.2ms 
87501      DEBUG main            d.u.i.k.p.r.p.TestFile    ... success: reloaded. 
87501      INFO  main            d.u.i.k.p.r.p.TestFile    Now processing file /home/runner/work/key/key/key.core/../key.ui/examples/standard_key/strings/simpleLengthComp.key 
87502      INFO  main            d.u.i.k.p.i.AbstractProblemLoader Loading environment from /home/runner/work/key/key/key.core/../key.ui/examples/standard_key/strings/simpleLengthComp.key 
87502      DEBUG main            d.u.i.k.p.i.AbstractProblemLoader Environment load took 82.5ns 
87503      INFO  main            d.u.i.k.p.i.AbstractProblemLoader Creating init config 
89785      DEBUG main            d.u.i.k.p.i.AbstractProblemLoader Init config took 2.28s 
89799      INFO  main            d.u.i.k.p.i.AbstractProblemLoader Replaying proof simpleLengthComp.key 
89801      DEBUG main            d.u.i.k.p.i.IntermediateProofReplayer Proof replay took 5.9ns 
90003      INFO  main            d.u.i.k.p.r.p.TestFile    ... finished proof: closed. 
90210      INFO  main            d.u.i.k.p.i.AbstractProblemLoader Loading environment from /home/runner/work/key/key/key.core/../key.ui/examples/standard_key/strings/simpleLengthComp.key.proof 
90211      DEBUG main            d.u.i.k.p.i.AbstractProblemLoader Environment load took 126.1ns 
90212      INFO  main            d.u.i.k.p.i.AbstractProblemLoader Creating init config 
92430      DEBUG main            d.u.i.k.p.i.AbstractProblemLoader Init config took 2.22s 
92451      INFO  main            d.u.i.k.p.i.AbstractProblemLoader Replaying proof simpleLengthComp.key.proof 
92469      DEBUG main            d.u.i.k.p.i.IntermediateProofReplayer Proof replay took 15.43ms 
92469      DEBUG main            d.u.i.k.p.r.p.TestFile    ... success: reloaded. 
92470      INFO  main            d.u.i.k.p.r.p.TestFile    Now processing file /home/runner/work/key/key/key.core/../key.ui/examples/standard_key/strings/stringCompileTimeConstant1.key 
92470      INFO  main            d.u.i.k.p.i.AbstractProblemLoader Loading environment from /home/runner/work/key/key/key.core/../key.ui/examples/standard_key/strings/stringCompileTimeConstant1.key 
92470      DEBUG main            d.u.i.k.p.i.AbstractProblemLoader Environment load took 74.5ns 
92471      INFO  main            d.u.i.k.p.i.AbstractProblemLoader Creating init config 
94751      DEBUG main            d.u.i.k.p.i.AbstractProblemLoader Init config took 2.28s 
94766      INFO  main            d.u.i.k.p.i.AbstractProblemLoader Replaying proof stringCompileTimeConstant1.key 
94767      DEBUG main            d.u.i.k.p.i.IntermediateProofReplayer Proof replay took 6.7ns 
94869      INFO  main            d.u.i.k.p.r.p.TestFile    ... finished proof: closed. 
95070      INFO  main            d.u.i.k.p.i.AbstractProblemLoader Loading environment from /home/runner/work/key/key/key.core/../key.ui/examples/standard_key/strings/stringCompileTimeConstant1.key.proof 
95070      DEBUG main            d.u.i.k.p.i.AbstractProblemLoader Environment load took 96.9ns 
95071      INFO  main            d.u.i.k.p.i.AbstractProblemLoader Creating init config 
97321      DEBUG main            d.u.i.k.p.i.AbstractProblemLoader Init config took 2.25s 
97335      INFO  main            d.u.i.k.p.i.AbstractProblemLoader Replaying proof stringCompileTimeConstant1.key.proof 
97339      DEBUG main            d.u.i.k.p.i.IntermediateProofReplayer Proof replay took 2.73ms 
97340      DEBUG main            d.u.i.k.p.r.p.TestFile    ... success: reloaded. 
97340      INFO  main            d.u.i.k.p.r.p.TestFile    Now processing file /home/runner/work/key/key/key.core/../key.ui/examples/standard_key/strings/stringCompileTimeConstant2.key 
97340      INFO  main            d.u.i.k.p.i.AbstractProblemLoader Loading environment from /home/runner/work/key/key/key.core/../key.ui/examples/standard_key/strings/stringCompileTimeConstant2.key 
97340      DEBUG main            d.u.i.k.p.i.AbstractProblemLoader Environment load took 62.3ns 
97341      INFO  main            d.u.i.k.p.i.AbstractProblemLoader Creating init config 
99847      DEBUG main            d.u.i.k.p.i.AbstractProblemLoader Init config took 2.51s 
99863      INFO  main            d.u.i.k.p.i.AbstractProblemLoader Replaying proof stringCompileTimeConstant2.key 
99865      DEBUG main            d.u.i.k.p.i.IntermediateProofReplayer Proof replay took 6.4ns 
102380     INFO  main            d.u.i.k.p.r.p.TestFile    ... finished proof: closed. 
102621     INFO  main            d.u.i.k.p.i.AbstractProblemLoader Loading environment from /home/runner/work/key/key/key.core/../key.ui/examples/standard_key/strings/stringCompileTimeConstant2.key.proof 
102622     DEBUG main            d.u.i.k.p.i.AbstractProblemLoader Environment load took 976.3ns 
102623     INFO  main            d.u.i.k.p.i.AbstractProblemLoader Creating init config 
104999     DEBUG main            d.u.i.k.p.i.AbstractProblemLoader Init config took 2.38s 
105014     INFO  main            d.u.i.k.p.i.AbstractProblemLoader Replaying proof stringCompileTimeConstant2.key.proof 
105330     DEBUG main            d.u.i.k.p.i.IntermediateProofReplayer Proof replay took 305.3ms 
105331     DEBUG main            d.u.i.k.p.r.p.TestFile    ... success: reloaded. 
105332     INFO  main            d.u.i.k.p.r.p.TestFile    Now processing file /home/runner/work/key/key/key.core/../key.ui/examples/standard_key/strings/stringEquality1.key 
105333     INFO  main            d.u.i.k.p.i.AbstractProblemLoader Loading environment from /home/runner/work/key/key/key.core/../key.ui/examples/standard_key/strings/stringEquality1.key 
105333     DEBUG main            d.u.i.k.p.i.AbstractProblemLoader Environment load took 176.4ns 
105334     INFO  main            d.u.i.k.p.i.AbstractProblemLoader Creating init config 
107636     DEBUG main            d.u.i.k.p.i.AbstractProblemLoader Init config took 2.3s 
107649     INFO  main            d.u.i.k.p.i.AbstractProblemLoader Replaying proof stringEquality1.key 
107650     DEBUG main            d.u.i.k.p.i.IntermediateProofReplayer Proof replay took 5.9ns 
107752     INFO  main            d.u.i.k.p.r.p.TestFile    ... finished proof: closed. 
107997     INFO  main            d.u.i.k.p.i.AbstractProblemLoader Loading environment from /home/runner/work/key/key/key.core/../key.ui/examples/standard_key/strings/stringEquality1.key.proof 
107998     DEBUG main            d.u.i.k.p.i.AbstractProblemLoader Environment load took 92.3ns 
107999     INFO  main            d.u.i.k.p.i.AbstractProblemLoader Creating init config 
110216     DEBUG main            d.u.i.k.p.i.AbstractProblemLoader Init config took 2.22s 
110230     INFO  main            d.u.i.k.p.i.AbstractProblemLoader Replaying proof stringEquality1.key.proof 
110243     DEBUG main            d.u.i.k.p.i.IntermediateProofReplayer Proof replay took 10.17ms 
110244     DEBUG main            d.u.i.k.p.r.p.TestFile    ... success: reloaded. 
110244     INFO  main            d.u.i.k.p.r.p.TestFile    Now processing file /home/runner/work/key/key/key.core/../key.ui/examples/standard_key/strings/stringEquality2.key 
110245     INFO  main            d.u.i.k.p.i.AbstractProblemLoader Loading environment from /home/runner/work/key/key/key.core/../key.ui/examples/standard_key/strings/stringEquality2.key 
110245     DEBUG main            d.u.i.k.p.i.AbstractProblemLoader Environment load took 141.6ns 
110246     INFO  main            d.u.i.k.p.i.AbstractProblemLoader Creating init config 
112506     DEBUG main            d.u.i.k.p.i.AbstractProblemLoader Init config took 2.26s 
112518     INFO  main            d.u.i.k.p.i.AbstractProblemLoader Replaying proof stringEquality2.key 
112520     DEBUG main            d.u.i.k.p.i.IntermediateProofReplayer Proof replay took 5.5ns 
112823     INFO  main            d.u.i.k.p.r.p.TestFile    ... finished proof: closed. 
113059     INFO  main            d.u.i.k.p.i.AbstractProblemLoader Loading environment from /home/runner/work/key/key/key.core/../key.ui/examples/standard_key/strings/stringEquality2.key.proof 
113059     DEBUG main            d.u.i.k.p.i.AbstractProblemLoader Environment load took 281.2ns 
113060     INFO  main            d.u.i.k.p.i.AbstractProblemLoader Creating init config 
115248     DEBUG main            d.u.i.k.p.i.AbstractProblemLoader Init config took 2.19s 
115260     INFO  main            d.u.i.k.p.i.AbstractProblemLoader Replaying proof stringEquality2.key.proof 
115308     DEBUG main            d.u.i.k.p.i.IntermediateProofReplayer Proof replay took 42.92ms 
115309     DEBUG main            d.u.i.k.p.r.p.TestFile    ... success: reloaded. 
115309     INFO  main            d.u.i.k.p.r.p.TestFile    Now processing file /home/runner/work/key/key/key.core/../key.ui/examples/standard_key/strings/substring0.key 
115309     INFO  main            d.u.i.k.p.i.AbstractProblemLoader Loading environment from /home/runner/work/key/key/key.core/../key.ui/examples/standard_key/strings/substring0.key 
115309     DEBUG main            d.u.i.k.p.i.AbstractProblemLoader Environment load took 73.2ns 
115310     INFO  main            d.u.i.k.p.i.AbstractProblemLoader Creating init config 
117569     DEBUG main            d.u.i.k.p.i.AbstractProblemLoader Init config took 2.26s 
117582     INFO  main            d.u.i.k.p.i.AbstractProblemLoader Replaying proof substring0.key 
117583     DEBUG main            d.u.i.k.p.i.IntermediateProofReplayer Proof replay took 5.9ns 
117685     INFO  main            d.u.i.k.p.r.p.TestFile    ... finished proof: closed. 
117919     INFO  main            d.u.i.k.p.i.AbstractProblemLoader Loading environment from /home/runner/work/key/key/key.core/../key.ui/examples/standard_key/strings/substring0.key.proof 
117920     DEBUG main            d.u.i.k.p.i.AbstractProblemLoader Environment load took 92.9ns 
117921     INFO  main            d.u.i.k.p.i.AbstractProblemLoader Creating init config 
120130     DEBUG main            d.u.i.k.p.i.AbstractProblemLoader Init config took 2.21s 
120144     INFO  main            d.u.i.k.p.i.AbstractProblemLoader Replaying proof substring0.key.proof 
120146     DEBUG main            d.u.i.k.p.i.IntermediateProofReplayer Proof replay took 381.6ns 
120147     DEBUG main            d.u.i.k.p.r.p.TestFile    ... success: reloaded. 
120148     INFO  main            d.u.i.k.p.r.p.TestFile    Now processing file /home/runner/work/key/key/key.core/../key.ui/examples/standard_key/strings/substring1.key 
120148     INFO  main            d.u.i.k.p.i.AbstractProblemLoader Loading environment from /home/runner/work/key/key/key.core/../key.ui/examples/standard_key/strings/substring1.key 
120148     DEBUG main            d.u.i.k.p.i.AbstractProblemLoader Environment load took 146.5ns 
120149     INFO  main            d.u.i.k.p.i.AbstractProblemLoader Creating init config 
122412     DEBUG main            d.u.i.k.p.i.AbstractProblemLoader Init config took 2.26s 
122424     INFO  main            d.u.i.k.p.i.AbstractProblemLoader Replaying proof substring1.key 
122427     DEBUG main            d.u.i.k.p.i.IntermediateProofReplayer Proof replay took 6.5ns 
122528     INFO  main            d.u.i.k.p.r.p.TestFile    ... finished proof: closed. 
122753     INFO  main            d.u.i.k.p.i.AbstractProblemLoader Loading environment from /home/runner/work/key/key/key.core/../key.ui/examples/standard_key/strings/substring1.key.proof 
122753     DEBUG main            d.u.i.k.p.i.AbstractProblemLoader Environment load took 93ns 
122754     INFO  main            d.u.i.k.p.i.AbstractProblemLoader Creating init config 
124951     DEBUG main            d.u.i.k.p.i.AbstractProblemLoader Init config took 2.2s 
124963     INFO  main            d.u.i.k.p.i.AbstractProblemLoader Replaying proof substring1.key.proof 
124965     DEBUG main            d.u.i.k.p.i.IntermediateProofReplayer Proof replay took 355.6ns 
124966     DEBUG main            d.u.i.k.p.r.p.TestFile    ... success: reloaded. 
124966     INFO  main            d.u.i.k.p.r.p.TestFile    Now processing file /home/runner/work/key/key/key.core/../key.ui/examples/standard_key/strings/substring2.key 
124966     INFO  main            d.u.i.k.p.i.AbstractProblemLoader Loading environment from /home/runner/work/key/key/key.core/../key.ui/examples/standard_key/strings/substring2.key 
124966     DEBUG main            d.u.i.k.p.i.AbstractProblemLoader Environment load took 49.4ns 
124967     INFO  main            d.u.i.k.p.i.AbstractProblemLoader Creating init config 
127205     DEBUG main            d.u.i.k.p.i.AbstractProblemLoader Init config took 2.24s 
127217     INFO  main            d.u.i.k.p.i.AbstractProblemLoader Replaying proof substring2.key 
127219     DEBUG main            d.u.i.k.p.i.IntermediateProofReplayer Proof replay took 6.9ns 
127320     INFO  main            d.u.i.k.p.r.p.TestFile    ... finished proof: closed. 
127548     INFO  main            d.u.i.k.p.i.AbstractProblemLoader Loading environment from /home/runner/work/key/key/key.core/../key.ui/examples/standard_key/strings/substring2.key.proof 
127548     DEBUG main            d.u.i.k.p.i.AbstractProblemLoader Environment load took 91.3ns 
127549     INFO  main            d.u.i.k.p.i.AbstractProblemLoader Creating init config 
129760     DEBUG main            d.u.i.k.p.i.AbstractProblemLoader Init config took 2.21s 
129774     INFO  main            d.u.i.k.p.i.AbstractProblemLoader Replaying proof substring2.key.proof 
129777     DEBUG main            d.u.i.k.p.i.IntermediateProofReplayer Proof replay took 794.11ns 
129778     DEBUG main            d.u.i.k.p.r.p.TestFile    ... success: reloaded. 
129780     INFO  main            d.u.i.k.p.r.p.TestFile    Now processing file /home/runner/work/key/key/key.core/../key.ui/examples/standard_key/strings/substring3.key 
129780     INFO  main            d.u.i.k.p.i.AbstractProblemLoader Loading environment from /home/runner/work/key/key/key.core/../key.ui/examples/standard_key/strings/substring3.key 
129780     DEBUG main            d.u.i.k.p.i.AbstractProblemLoader Environment load took 74.3ns 
129781     INFO  main            d.u.i.k.p.i.AbstractProblemLoader Creating init config 
132083     DEBUG main            d.u.i.k.p.i.AbstractProblemLoader Init config took 2.3s 
132096     INFO  main            d.u.i.k.p.i.AbstractProblemLoader Replaying proof substring3.key 
132097     DEBUG main            d.u.i.k.p.i.IntermediateProofReplayer Proof replay took 7.1ns 
132199     INFO  main            d.u.i.k.p.r.p.TestFile    ... finished proof: closed. 
132444     INFO  main            d.u.i.k.p.i.AbstractProblemLoader Loading environment from /home/runner/work/key/key/key.core/../key.ui/examples/standard_key/strings/substring3.key.proof 
132444     DEBUG main            d.u.i.k.p.i.AbstractProblemLoader Environment load took 93.6ns 
132445     INFO  main            d.u.i.k.p.i.AbstractProblemLoader Creating init config 
134690     DEBUG main            d.u.i.k.p.i.AbstractProblemLoader Init config took 2.25s 
134703     INFO  main            d.u.i.k.p.i.AbstractProblemLoader Replaying proof substring3.key.proof 
134706     DEBUG main            d.u.i.k.p.i.IntermediateProofReplayer Proof replay took 2.17ms 
134707     DEBUG main            d.u.i.k.p.r.p.TestFile    ... success: reloaded. 
134708     INFO  main            d.u.i.k.p.r.p.TestFile    Now processing file /home/runner/work/key/key/key.core/../key.ui/examples/standard_key/strings/substring4.key 
134708     INFO  main            d.u.i.k.p.i.AbstractProblemLoader Loading environment from /home/runner/work/key/key/key.core/../key.ui/examples/standard_key/strings/substring4.key 
134708     DEBUG main            d.u.i.k.p.i.AbstractProblemLoader Environment load took 182.5ns 
134709     INFO  main            d.u.i.k.p.i.AbstractProblemLoader Creating init config 
136918     DEBUG main            d.u.i.k.p.i.AbstractProblemLoader Init config took 2.21s 
136931     INFO  main            d.u.i.k.p.i.AbstractProblemLoader Replaying proof substring4.key 
136932     DEBUG main            d.u.i.k.p.i.IntermediateProofReplayer Proof replay took 6.6ns 
137035     INFO  main            d.u.i.k.p.r.p.TestFile    ... finished proof: closed. 
137282     INFO  main            d.u.i.k.p.i.AbstractProblemLoader Loading environment from /home/runner/work/key/key/key.core/../key.ui/examples/standard_key/strings/substring4.key.proof 
137282     DEBUG main            d.u.i.k.p.i.AbstractProblemLoader Environment load took 92.8ns 
137283     INFO  main            d.u.i.k.p.i.AbstractProblemLoader Creating init config 
139524     DEBUG main            d.u.i.k.p.i.AbstractProblemLoader Init config took 2.24s 
139537     INFO  main            d.u.i.k.p.i.AbstractProblemLoader Replaying proof substring4.key.proof 
139541     DEBUG main            d.u.i.k.p.i.IntermediateProofReplayer Proof replay took 3.06ms 
139542     DEBUG main            d.u.i.k.p.r.p.TestFile    ... success: reloaded. 
139543     INFO  main            d.u.i.k.p.r.p.TestFile    Now processing file /home/runner/work/key/key/key.core/../key.ui/examples/standard_key/strings/substring5.key 
139543     INFO  main            d.u.i.k.p.i.AbstractProblemLoader Loading environment from /home/runner/work/key/key/key.core/../key.ui/examples/standard_key/strings/substring5.key 
139543     DEBUG main            d.u.i.k.p.i.AbstractProblemLoader Environment load took 55.9ns 
139544     INFO  main            d.u.i.k.p.i.AbstractProblemLoader Creating init config 
141763     DEBUG main            d.u.i.k.p.i.AbstractProblemLoader Init config took 2.22s 
141776     INFO  main            d.u.i.k.p.i.AbstractProblemLoader Replaying proof substring5.key 
141778     DEBUG main            d.u.i.k.p.i.IntermediateProofReplayer Proof replay took 6.1ns 
142084     INFO  main            d.u.i.k.p.r.p.TestFile    ... finished proof: closed. 
142368     INFO  main            d.u.i.k.p.i.AbstractProblemLoader Loading environment from /home/runner/work/key/key/key.core/../key.ui/examples/standard_key/strings/substring5.key.proof 
142368     DEBUG main            d.u.i.k.p.i.AbstractProblemLoader Environment load took 84.1ns 
142369     INFO  main            d.u.i.k.p.i.AbstractProblemLoader Creating init config 
144561     DEBUG main            d.u.i.k.p.i.AbstractProblemLoader Init config took 2.19s 
144573     INFO  main            d.u.i.k.p.i.AbstractProblemLoader Replaying proof substring5.key.proof 
144600     DEBUG main            d.u.i.k.p.i.IntermediateProofReplayer Proof replay took 22.85ms 
144601     DEBUG main            d.u.i.k.p.r.p.TestFile    ... success: reloaded. 
3785814    INFO  Test worker     d.u.i.k.p.r.RunAllProofsTestUnit Returning from test strings 
3785815    INFO  Test worker     d.u.i.k.p.r.RunAllProofsTestUnit Running test simple_info_flow 
337        INFO  Timeout watchdog d.u.i.k.p.r.p.ForkedTestFileRunner Timeout watcher launched (2000 secs.) 
360        WARN  main            d.u.i.k.s.ProofSettings   The settings in /home/runner/.key/proof-settings.props are *not* read. 
406        INFO  main            d.u.i.k.p.r.p.TestFile    Now processing file /home/runner/work/key/key/key.core/../key.ui/examples/heap/information_flow/UpdateAbstraction_ex7_1_insecure.key 
521        INFO  main            d.u.i.k.p.i.AbstractProblemLoader Loading environment from /home/runner/work/key/key/key.core/../key.ui/examples/heap/information_flow/UpdateAbstraction_ex7_1_insecure.key 
546        DEBUG main            d.u.i.k.p.i.AbstractProblemLoader Environment load took 1.92ms 
754        INFO  main            d.u.i.k.p.i.AbstractProblemLoader Creating init config 
1648       DEBUG main            d.u.i.k.j.TypeConverter   No LDT found for Meta 
1648       DEBUG main            d.u.i.k.j.TypeConverter   No LDT found for Meta 
1649       DEBUG main            d.u.i.k.j.TypeConverter   No LDT found for Meta 
1649       DEBUG main            d.u.i.k.j.TypeConverter   No LDT found for Meta 
3277       DEBUG main            d.u.i.k.j.TypeConverter   No LDT found for JavaBigintExpression 
8216       DEBUG main            d.u.i.k.p.i.AbstractProblemLoader Init config took 7.46s 
8369       INFO  main            d.u.i.k.p.i.AbstractProblemLoader Replaying proof UpdateAbstraction[UpdateAbstraction::ex7_1_insecure()].JML operation contract.0 
8401       DEBUG main            d.u.i.k.p.i.IntermediateProofReplayer Proof replay took 28.8ns 
8977       INFO  main            d.u.i.k.p.r.p.TestFile    ... finished proof: open goal(s) 
9080       INFO  main            d.u.i.k.p.r.p.TestFile    Now processing file /home/runner/work/key/key/key.core/../key.ui/examples/heap/information_flow/UpdateAbstraction_ex7_2_insecure.key 
9082       INFO  main            d.u.i.k.p.i.AbstractProblemLoader Loading environment from /home/runner/work/key/key/key.core/../key.ui/examples/heap/information_flow/UpdateAbstraction_ex7_2_insecure.key 
9083       DEBUG main            d.u.i.k.p.i.AbstractProblemLoader Environment load took 253.2ns 
9084       INFO  main            d.u.i.k.p.i.AbstractProblemLoader Creating init config 
12015      DEBUG main            d.u.i.k.p.i.AbstractProblemLoader Init config took 2.93s 
12087      INFO  main            d.u.i.k.p.i.AbstractProblemLoader Replaying proof UpdateAbstraction[UpdateAbstraction::ex7_2_insecure()].JML operation contract.0 
12089      DEBUG main            d.u.i.k.p.i.IntermediateProofReplayer Proof replay took 6.6ns 
12395      INFO  main            d.u.i.k.p.r.p.TestFile    ... finished proof: open goal(s) 
3798492    INFO  Test worker     d.u.i.k.p.r.RunAllProofsTestUnit Returning from test simple_info_flow 
3798493    INFO  Test worker     d.u.i.k.p.r.RunAllProofsTestUnit Running test modelMethods 
355        INFO  Timeout watchdog d.u.i.k.p.r.p.ForkedTestFileRunner Timeout watcher launched (2000 secs.) 
374        WARN  main            d.u.i.k.s.ProofSettings   The settings in /home/runner/.key/proof-settings.props are *not* read. 
405        INFO  main            d.u.i.k.p.r.p.TestFile    Now processing file /home/runner/work/key/key/key.core/../key.ui/examples/heap/model_methods/Cell_footprint_acc.key 
534        INFO  main            d.u.i.k.p.i.AbstractProblemLoader Loading environment from /home/runner/work/key/key/key.core/../key.ui/examples/heap/model_methods/Cell_footprint_acc.key 
549        DEBUG main            d.u.i.k.p.i.AbstractProblemLoader Environment load took 1.87ms 
756        INFO  main            d.u.i.k.p.i.AbstractProblemLoader Creating init config 
1701       DEBUG main            d.u.i.k.j.TypeConverter   No LDT found for Meta 
1701       DEBUG main            d.u.i.k.j.TypeConverter   No LDT found for Meta 
1703       DEBUG main            d.u.i.k.j.TypeConverter   No LDT found for Meta 
1703       DEBUG main            d.u.i.k.j.TypeConverter   No LDT found for Meta 
3024       DEBUG main            d.u.i.k.j.TypeConverter   No LDT found for JavaBigintExpression 
7866       DEBUG main            d.u.i.k.p.i.AbstractProblemLoader Init config took 7.11s 
8024       INFO  main            d.u.i.k.p.i.AbstractProblemLoader Replaying proof Cell[Cell::footprint()].JML accessible clause.0 
8054       DEBUG main            d.u.i.k.p.i.IntermediateProofReplayer Proof replay took 32.8ns 
8588       INFO  main            d.u.i.k.p.r.p.TestFile    ... finished proof: closed. 
8706       INFO  main            d.u.i.k.p.i.AbstractProblemLoader Loading environment from /home/runner/work/key/key/key.core/../key.ui/examples/heap/model_methods/Cell_footprint_acc.key.proof 
8708       DEBUG main            d.u.i.k.p.i.AbstractProblemLoader Environment load took 1.72ms 
8710       INFO  main            d.u.i.k.p.i.AbstractProblemLoader Creating init config 
11486      DEBUG main            d.u.i.k.p.i.AbstractProblemLoader Init config took 2.78s 
11552      INFO  main            d.u.i.k.p.i.AbstractProblemLoader Replaying proof Cell[Cell::footprint()].JML accessible clause.0 
11593      DEBUG main            d.u.i.k.p.i.IntermediateProofReplayer Proof replay took 35.83ms 
11600      DEBUG main            d.u.i.k.p.r.p.TestFile    ... success: reloaded. 
11604      INFO  main            d.u.i.k.p.r.p.TestFile    Now processing file /home/runner/work/key/key/key.core/../key.ui/examples/heap/model_methods/Cell_footprint.key 
11604      INFO  main            d.u.i.k.p.i.AbstractProblemLoader Loading environment from /home/runner/work/key/key/key.core/../key.ui/examples/heap/model_methods/Cell_footprint.key 
11605      DEBUG main            d.u.i.k.p.i.AbstractProblemLoader Environment load took 94.5ns 
11608      INFO  main            d.u.i.k.p.i.AbstractProblemLoader Creating init config 
14341      DEBUG main            d.u.i.k.p.i.AbstractProblemLoader Init config took 2.73s 
14407      INFO  main            d.u.i.k.p.i.AbstractProblemLoader Replaying proof Cell[Cell::footprint()].JML model_behavior operation contract.0 
14410      DEBUG main            d.u.i.k.p.i.IntermediateProofReplayer Proof replay took 6.2ns 
14512      INFO  main            d.u.i.k.p.r.p.TestFile    ... finished proof: closed. 
14631      INFO  main            d.u.i.k.p.i.AbstractProblemLoader Loading environment from /home/runner/work/key/key/key.core/../key.ui/examples/heap/model_methods/Cell_footprint.key.proof 
14631      DEBUG main            d.u.i.k.p.i.AbstractProblemLoader Environment load took 121.4ns 
14634      INFO  main            d.u.i.k.p.i.AbstractProblemLoader Creating init config 
17278      DEBUG main            d.u.i.k.p.i.AbstractProblemLoader Init config took 2.64s 
17348      INFO  main            d.u.i.k.p.i.AbstractProblemLoader Replaying proof Cell[Cell::footprint()].JML model_behavior operation contract.0 
17363      DEBUG main            d.u.i.k.p.i.IntermediateProofReplayer Proof replay took 11.5ms 
17364      DEBUG main            d.u.i.k.p.r.p.TestFile    ... success: reloaded. 
17366      INFO  main            d.u.i.k.p.r.p.TestFile    Now processing file /home/runner/work/key/key/key.core/../key.ui/examples/heap/model_methods/Cell_get_acc.key 
17366      INFO  main            d.u.i.k.p.i.AbstractProblemLoader Loading environment from /home/runner/work/key/key/key.core/../key.ui/examples/heap/model_methods/Cell_get_acc.key 
17368      DEBUG main            d.u.i.k.p.i.AbstractProblemLoader Environment load took 1.29ms 
17370      INFO  main            d.u.i.k.p.i.AbstractProblemLoader Creating init config 
19964      DEBUG main            d.u.i.k.p.i.AbstractProblemLoader Init config took 2.59s 
20016      INFO  main            d.u.i.k.p.i.AbstractProblemLoader Replaying proof Cell[Cell::get()].JML accessible clause.0 
20018      DEBUG main            d.u.i.k.p.i.IntermediateProofReplayer Proof replay took 5.2ns 
20223      INFO  main            d.u.i.k.p.r.p.TestFile    ... finished proof: closed. 
20363      INFO  main            d.u.i.k.p.i.AbstractProblemLoader Loading environment from /home/runner/work/key/key/key.core/../key.ui/examples/heap/model_methods/Cell_get_acc.key.proof 
20364      DEBUG main            d.u.i.k.p.i.AbstractProblemLoader Environment load took 1.23ms 
20365      INFO  main            d.u.i.k.p.i.AbstractProblemLoader Creating init config 
22853      DEBUG main            d.u.i.k.p.i.AbstractProblemLoader Init config took 2.49s 
22902      INFO  main            d.u.i.k.p.i.AbstractProblemLoader Replaying proof Cell[Cell::get()].JML accessible clause.0 
22937      DEBUG main            d.u.i.k.p.i.IntermediateProofReplayer Proof replay took 32.3ms 
22938      DEBUG main            d.u.i.k.p.r.p.TestFile    ... success: reloaded. 
22939      INFO  main            d.u.i.k.p.r.p.TestFile    Now processing file /home/runner/work/key/key/key.core/../key.ui/examples/heap/model_methods/Cell_get.key 
22940      INFO  main            d.u.i.k.p.i.AbstractProblemLoader Loading environment from /home/runner/work/key/key/key.core/../key.ui/examples/heap/model_methods/Cell_get.key 
22940      DEBUG main            d.u.i.k.p.i.AbstractProblemLoader Environment load took 167.5ns 
22941      INFO  main            d.u.i.k.p.i.AbstractProblemLoader Creating init config 
25586      DEBUG main            d.u.i.k.p.i.AbstractProblemLoader Init config took 2.65s 
25636      INFO  main            d.u.i.k.p.i.AbstractProblemLoader Replaying proof Cell[Cell::get()].JML operation contract.0 
25638      DEBUG main            d.u.i.k.p.i.IntermediateProofReplayer Proof replay took 5.9ns 
25742      INFO  main            d.u.i.k.p.r.p.TestFile    ... finished proof: closed. 
25912      INFO  main            d.u.i.k.p.i.AbstractProblemLoader Loading environment from /home/runner/work/key/key/key.core/../key.ui/examples/heap/model_methods/Cell_get.key.proof 
25912      DEBUG main            d.u.i.k.p.i.AbstractProblemLoader Environment load took 110.9ns 
25913      INFO  main            d.u.i.k.p.i.AbstractProblemLoader Creating init config 
28371      DEBUG main            d.u.i.k.p.i.AbstractProblemLoader Init config took 2.46s 
28419      INFO  main            d.u.i.k.p.i.AbstractProblemLoader Replaying proof Cell[Cell::get()].JML operation contract.0 
28436      DEBUG main            d.u.i.k.p.i.IntermediateProofReplayer Proof replay took 15.52ms 
28437      DEBUG main            d.u.i.k.p.r.p.TestFile    ... success: reloaded. 
28438      INFO  main            d.u.i.k.p.r.p.TestFile    Now processing file /home/runner/work/key/key/key.core/../key.ui/examples/heap/model_methods/Cell_post_set.key 
28439      INFO  main            d.u.i.k.p.i.AbstractProblemLoader Loading environment from /home/runner/work/key/key/key.core/../key.ui/examples/heap/model_methods/Cell_post_set.key 
28439      DEBUG main            d.u.i.k.p.i.AbstractProblemLoader Environment load took 84.2ns 
28440      INFO  main            d.u.i.k.p.i.AbstractProblemLoader Creating init config 
31007      DEBUG main            d.u.i.k.p.i.AbstractProblemLoader Init config took 2.57s 
31054      INFO  main            d.u.i.k.p.i.AbstractProblemLoader Replaying proof Cell[Cell::post_set(int)].JML model_behavior operation contract.0 
31055      DEBUG main            d.u.i.k.p.i.IntermediateProofReplayer Proof replay took 6.2ns 
31157      INFO  main            d.u.i.k.p.r.p.TestFile    ... finished proof: closed. 
31303      INFO  main            d.u.i.k.p.i.AbstractProblemLoader Loading environment from /home/runner/work/key/key/key.core/../key.ui/examples/heap/model_methods/Cell_post_set.key.proof 
31303      DEBUG main            d.u.i.k.p.i.AbstractProblemLoader Environment load took 107.5ns 
31304      INFO  main            d.u.i.k.p.i.AbstractProblemLoader Creating init config 
33756      DEBUG main            d.u.i.k.p.i.AbstractProblemLoader Init config took 2.45s 
33803      INFO  main            d.u.i.k.p.i.AbstractProblemLoader Replaying proof Cell[Cell::post_set(int)].JML model_behavior operation contract.0 
33809      DEBUG main            d.u.i.k.p.i.IntermediateProofReplayer Proof replay took 4.28ms 
33810      DEBUG main            d.u.i.k.p.r.p.TestFile    ... success: reloaded. 
33811      INFO  main            d.u.i.k.p.r.p.TestFile    Now processing file /home/runner/work/key/key/key.core/../key.ui/examples/heap/model_methods/Cell_set.key 
33811      INFO  main            d.u.i.k.p.i.AbstractProblemLoader Loading environment from /home/runner/work/key/key/key.core/../key.ui/examples/heap/model_methods/Cell_set.key 
33811      DEBUG main            d.u.i.k.p.i.AbstractProblemLoader Environment load took 71.4ns 
33812      INFO  main            d.u.i.k.p.i.AbstractProblemLoader Creating init config 
36315      DEBUG main            d.u.i.k.p.i.AbstractProblemLoader Init config took 2.5s 
36360      INFO  main            d.u.i.k.p.i.AbstractProblemLoader Replaying proof Cell[Cell::set(int)].JML operation contract.0 
36362      DEBUG main            d.u.i.k.p.i.IntermediateProofReplayer Proof replay took 7.1ns 
42319      INFO  main            d.u.i.k.p.r.p.TestFile    ... finished proof: closed. 
42507      INFO  main            d.u.i.k.p.i.AbstractProblemLoader Loading environment from /home/runner/work/key/key/key.core/../key.ui/examples/heap/model_methods/Cell_set.key.proof 
42507      DEBUG main            d.u.i.k.p.i.AbstractProblemLoader Environment load took 341ns 
42508      INFO  main            d.u.i.k.p.i.AbstractProblemLoader Creating init config 
44951      DEBUG main            d.u.i.k.p.i.AbstractProblemLoader Init config took 2.44s 
44997      INFO  main            d.u.i.k.p.i.AbstractProblemLoader Replaying proof Cell[Cell::set(int)].JML operation contract.0 
45502      DEBUG main            d.u.i.k.p.i.IntermediateProofReplayer Proof replay took 487.25ms 
45504      DEBUG main            d.u.i.k.p.r.p.TestFile    ... success: reloaded. 
45506      INFO  main            d.u.i.k.p.r.p.TestFile    Now processing file /home/runner/work/key/key/key.core/../key.ui/examples/heap/model_methods/CellTest_callSet.key 
45506      INFO  main            d.u.i.k.p.i.AbstractProblemLoader Loading environment from /home/runner/work/key/key/key.core/../key.ui/examples/heap/model_methods/CellTest_callSet.key 
45506      DEBUG main            d.u.i.k.p.i.AbstractProblemLoader Environment load took 191.8ns 
45507      INFO  main            d.u.i.k.p.i.AbstractProblemLoader Creating init config 
48024      DEBUG main            d.u.i.k.p.i.AbstractProblemLoader Init config took 2.52s 
48068      INFO  main            d.u.i.k.p.i.AbstractProblemLoader Replaying proof CellTest[CellTest::callSet(Cell,int)].JML operation contract.0 
48069      DEBUG main            d.u.i.k.p.i.IntermediateProofReplayer Proof replay took 5.7ns 
48272      INFO  main            d.u.i.k.p.r.p.TestFile    ... finished proof: closed. 
48434      INFO  main            d.u.i.k.p.i.AbstractProblemLoader Loading environment from /home/runner/work/key/key/key.core/../key.ui/examples/heap/model_methods/CellTest_callSet.key.proof 
48434      DEBUG main            d.u.i.k.p.i.AbstractProblemLoader Environment load took 106.8ns 
48435      INFO  main            d.u.i.k.p.i.AbstractProblemLoader Creating init config 
50874      DEBUG main            d.u.i.k.p.i.AbstractProblemLoader Init config took 2.44s 
50923      INFO  main            d.u.i.k.p.i.AbstractProblemLoader Replaying proof CellTest[CellTest::callSet(Cell,int)].JML operation contract.0 
50964      DEBUG main            d.u.i.k.p.i.IntermediateProofReplayer Proof replay took 38.55ms 
50966      DEBUG main            d.u.i.k.p.r.p.TestFile    ... success: reloaded. 
50967      INFO  main            d.u.i.k.p.r.p.TestFile    Now processing file /home/runner/work/key/key/key.core/../key.ui/examples/heap/model_methods/CellTest_test2.key 
50967      INFO  main            d.u.i.k.p.i.AbstractProblemLoader Loading environment from /home/runner/work/key/key/key.core/../key.ui/examples/heap/model_methods/CellTest_test2.key 
50968      DEBUG main            d.u.i.k.p.i.AbstractProblemLoader Environment load took 188.8ns 
50969      INFO  main            d.u.i.k.p.i.AbstractProblemLoader Creating init config 
53454      DEBUG main            d.u.i.k.p.i.AbstractProblemLoader Init config took 2.49s 
53497      INFO  main            d.u.i.k.p.i.AbstractProblemLoader Replaying proof CellTest[CellTest::test2(Cell)].JML operation contract.0 
53498      DEBUG main            d.u.i.k.p.i.IntermediateProofReplayer Proof replay took 6.1ns 
53801      INFO  main            d.u.i.k.p.r.p.TestFile    ... finished proof: closed. 
53971      INFO  main            d.u.i.k.p.i.AbstractProblemLoader Loading environment from /home/runner/work/key/key/key.core/../key.ui/examples/heap/model_methods/CellTest_test2.key.proof 
53972      DEBUG main            d.u.i.k.p.i.AbstractProblemLoader Environment load took 110.9ns 
53973      INFO  main            d.u.i.k.p.i.AbstractProblemLoader Creating init config 
56429      DEBUG main            d.u.i.k.p.i.AbstractProblemLoader Init config took 2.46s 
56474      INFO  main            d.u.i.k.p.i.AbstractProblemLoader Replaying proof CellTest[CellTest::test2(Cell)].JML operation contract.0 
56552      DEBUG main            d.u.i.k.p.i.IntermediateProofReplayer Proof replay took 73.55ms 
56553      DEBUG main            d.u.i.k.p.r.p.TestFile    ... success: reloaded. 
56555      INFO  main            d.u.i.k.p.r.p.TestFile    Now processing file /home/runner/work/key/key/key.core/../key.ui/examples/heap/model_methods/CellTest_test.key 
56557      INFO  main            d.u.i.k.p.i.AbstractProblemLoader Loading environment from /home/runner/work/key/key/key.core/../key.ui/examples/heap/model_methods/CellTest_test.key 
56557      DEBUG main            d.u.i.k.p.i.AbstractProblemLoader Environment load took 236.5ns 
56559      INFO  main            d.u.i.k.p.i.AbstractProblemLoader Creating init config 
59041      DEBUG main            d.u.i.k.p.i.AbstractProblemLoader Init config took 2.48s 
59082      INFO  main            d.u.i.k.p.i.AbstractProblemLoader Replaying proof CellTest[CellTest::test(Recell)].JML operation contract.0 
59083      DEBUG main            d.u.i.k.p.i.IntermediateProofReplayer Proof replay took 6ns 
61306      INFO  main            d.u.i.k.p.r.p.TestFile    ... finished proof: closed. 
61518      INFO  main            d.u.i.k.p.i.AbstractProblemLoader Loading environment from /home/runner/work/key/key/key.core/../key.ui/examples/heap/model_methods/CellTest_test.key.proof 
61518      DEBUG main            d.u.i.k.p.i.AbstractProblemLoader Environment load took 312.9ns 
61520      INFO  main            d.u.i.k.p.i.AbstractProblemLoader Creating init config 
63928      DEBUG main            d.u.i.k.p.i.AbstractProblemLoader Init config took 2.41s 
63978      INFO  main            d.u.i.k.p.i.AbstractProblemLoader Replaying proof CellTest[CellTest::test(Recell)].JML operation contract.0 
64481      DEBUG main            d.u.i.k.p.i.IntermediateProofReplayer Proof replay took 485.05ms 
64483      DEBUG main            d.u.i.k.p.r.p.TestFile    ... success: reloaded. 
64484      INFO  main            d.u.i.k.p.r.p.TestFile    Now processing file /home/runner/work/key/key/key.core/../key.ui/examples/heap/model_methods/Coll1_add.key 
64484      INFO  main            d.u.i.k.p.i.AbstractProblemLoader Loading environment from /home/runner/work/key/key/key.core/../key.ui/examples/heap/model_methods/Coll1_add.key 
64484      DEBUG main            d.u.i.k.p.i.AbstractProblemLoader Environment load took 156.8ns 
64485      INFO  main            d.u.i.k.p.i.AbstractProblemLoader Creating init config 
66934      DEBUG main            d.u.i.k.p.i.AbstractProblemLoader Init config took 2.45s 
66978      INFO  main            d.u.i.k.p.i.AbstractProblemLoader Replaying proof Coll1[Coll::add(int)].JML operation contract.0 
66981      DEBUG main            d.u.i.k.p.i.IntermediateProofReplayer Proof replay took 7ns 
67083      INFO  main            d.u.i.k.p.r.p.TestFile    ... finished proof: closed. 
67239      INFO  main            d.u.i.k.p.i.AbstractProblemLoader Loading environment from /home/runner/work/key/key/key.core/../key.ui/examples/heap/model_methods/Coll1_add.key.proof 
67240      DEBUG main            d.u.i.k.p.i.AbstractProblemLoader Environment load took 102.1ns 
67241      INFO  main            d.u.i.k.p.i.AbstractProblemLoader Creating init config 
69659      DEBUG main            d.u.i.k.p.i.AbstractProblemLoader Init config took 2.42s 
69709      INFO  main            d.u.i.k.p.i.AbstractProblemLoader Replaying proof Coll1[Coll::add(int)].JML operation contract.0 
69718      DEBUG main            d.u.i.k.p.i.IntermediateProofReplayer Proof replay took 6.53ms 
69719      DEBUG main            d.u.i.k.p.r.p.TestFile    ... success: reloaded. 
69720      INFO  main            d.u.i.k.p.r.p.TestFile    Now processing file /home/runner/work/key/key/key.core/../key.ui/examples/heap/model_methods/Coll1_Coll1_add_pre.key 
69720      INFO  main            d.u.i.k.p.i.AbstractProblemLoader Loading environment from /home/runner/work/key/key/key.core/../key.ui/examples/heap/model_methods/Coll1_Coll1_add_pre.key 
69720      DEBUG main            d.u.i.k.p.i.AbstractProblemLoader Environment load took 159.4ns 
69721      INFO  main            d.u.i.k.p.i.AbstractProblemLoader Creating init config 
72208      DEBUG main            d.u.i.k.p.i.AbstractProblemLoader Init config took 2.49s 
72248      INFO  main            d.u.i.k.p.i.AbstractProblemLoader Replaying proof Coll1[Coll1::add_pre(int)].JML model_behavior operation contract.0 
72250      DEBUG main            d.u.i.k.p.i.IntermediateProofReplayer Proof replay took 6.2ns 
72353      INFO  main            d.u.i.k.p.r.p.TestFile    ... finished proof: closed. 
72528      INFO  main            d.u.i.k.p.i.AbstractProblemLoader Loading environment from /home/runner/work/key/key/key.core/../key.ui/examples/heap/model_methods/Coll1_Coll1_add_pre.key.proof 
72528      DEBUG main            d.u.i.k.p.i.AbstractProblemLoader Environment load took 102.1ns 
72529      INFO  main            d.u.i.k.p.i.AbstractProblemLoader Creating init config 
74946      DEBUG main            d.u.i.k.p.i.AbstractProblemLoader Init config took 2.42s 
74991      INFO  main            d.u.i.k.p.i.AbstractProblemLoader Replaying proof Coll1[Coll1::add_pre(int)].JML model_behavior operation contract.0 
74993      DEBUG main            d.u.i.k.p.i.IntermediateProofReplayer Proof replay took 1.24ms 
74994      DEBUG main            d.u.i.k.p.r.p.TestFile    ... success: reloaded. 
74995      INFO  main            d.u.i.k.p.r.p.TestFile    Now processing file /home/runner/work/key/key/key.core/../key.ui/examples/heap/model_methods/Coll1_Coll_add_pre.key 
74995      INFO  main            d.u.i.k.p.i.AbstractProblemLoader Loading environment from /home/runner/work/key/key/key.core/../key.ui/examples/heap/model_methods/Coll1_Coll_add_pre.key 
74995      DEBUG main            d.u.i.k.p.i.AbstractProblemLoader Environment load took 76.1ns 
74996      INFO  main            d.u.i.k.p.i.AbstractProblemLoader Creating init config 
77433      DEBUG main            d.u.i.k.p.i.AbstractProblemLoader Init config took 2.44s 
77476      INFO  main            d.u.i.k.p.i.AbstractProblemLoader Replaying proof Coll1[Coll::add_pre(int)].JML model_behavior operation contract.0 
77478      DEBUG main            d.u.i.k.p.i.IntermediateProofReplayer Proof replay took 6.8ns 
77581      INFO  main            d.u.i.k.p.r.p.TestFile    ... finished proof: closed. 
77792      INFO  main            d.u.i.k.p.i.AbstractProblemLoader Loading environment from /home/runner/work/key/key/key.core/../key.ui/examples/heap/model_methods/Coll1_Coll_add_pre.key.proof 
77793      DEBUG main            d.u.i.k.p.i.AbstractProblemLoader Environment load took 337.3ns 
77793      INFO  main            d.u.i.k.p.i.AbstractProblemLoader Creating init config 
80230      DEBUG main            d.u.i.k.p.i.AbstractProblemLoader Init config took 2.44s 
80269      INFO  main            d.u.i.k.p.i.AbstractProblemLoader Replaying proof Coll1[Coll::add_pre(int)].JML model_behavior operation contract.0 
80272      DEBUG main            d.u.i.k.p.i.IntermediateProofReplayer Proof replay took 1.93ms 
80273      DEBUG main            d.u.i.k.p.r.p.TestFile    ... success: reloaded. 
80274      INFO  main            d.u.i.k.p.r.p.TestFile    Now processing file /home/runner/work/key/key/key.core/../key.ui/examples/heap/model_methods/Coll2_add.key 
80274      INFO  main            d.u.i.k.p.i.AbstractProblemLoader Loading environment from /home/runner/work/key/key/key.core/../key.ui/examples/heap/model_methods/Coll2_add.key 
80274      DEBUG main            d.u.i.k.p.i.AbstractProblemLoader Environment load took 98.1ns 
80275      INFO  main            d.u.i.k.p.i.AbstractProblemLoader Creating init config 
82744      DEBUG main            d.u.i.k.p.i.AbstractProblemLoader Init config took 2.47s 
82785      INFO  main            d.u.i.k.p.i.AbstractProblemLoader Replaying proof Coll2[Coll::add(int)].JML operation contract.0 
82786      DEBUG main            d.u.i.k.p.i.IntermediateProofReplayer Proof replay took 6.6ns 
82889      INFO  main            d.u.i.k.p.r.p.TestFile    ... finished proof: closed. 
83126      INFO  main            d.u.i.k.p.i.AbstractProblemLoader Loading environment from /home/runner/work/key/key/key.core/../key.ui/examples/heap/model_methods/Coll2_add.key.proof 
83126      DEBUG main            d.u.i.k.p.i.AbstractProblemLoader Environment load took 102.4ns 
83127      INFO  main            d.u.i.k.p.i.AbstractProblemLoader Creating init config 
85612      DEBUG main            d.u.i.k.p.i.AbstractProblemLoader Init config took 2.48s 
85651      INFO  main            d.u.i.k.p.i.AbstractProblemLoader Replaying proof Coll2[Coll::add(int)].JML operation contract.0 
85659      DEBUG main            d.u.i.k.p.i.IntermediateProofReplayer Proof replay took 6.22ms 
85660      DEBUG main            d.u.i.k.p.r.p.TestFile    ... success: reloaded. 
85661      INFO  main            d.u.i.k.p.r.p.TestFile    Now processing file /home/runner/work/key/key/key.core/../key.ui/examples/heap/model_methods/Coll2_Coll2_add_pre.key 
85661      INFO  main            d.u.i.k.p.i.AbstractProblemLoader Loading environment from /home/runner/work/key/key/key.core/../key.ui/examples/heap/model_methods/Coll2_Coll2_add_pre.key 
85662      DEBUG main            d.u.i.k.p.i.AbstractProblemLoader Environment load took 152.3ns 
85662      INFO  main            d.u.i.k.p.i.AbstractProblemLoader Creating init config 
88138      DEBUG main            d.u.i.k.p.i.AbstractProblemLoader Init config took 2.48s 
88176      INFO  main            d.u.i.k.p.i.AbstractProblemLoader Replaying proof Coll2[Coll2::add_pre(int)].JML model_behavior operation contract.0 
88180      DEBUG main            d.u.i.k.p.i.IntermediateProofReplayer Proof replay took 8.3ns 
88282      INFO  main            d.u.i.k.p.r.p.TestFile    ... finished proof: closed. 
88476      INFO  main            d.u.i.k.p.i.AbstractProblemLoader Loading environment from /home/runner/work/key/key/key.core/../key.ui/examples/heap/model_methods/Coll2_Coll2_add_pre.key.proof 
88476      DEBUG main            d.u.i.k.p.i.AbstractProblemLoader Environment load took 103.5ns 
88476      INFO  main            d.u.i.k.p.i.AbstractProblemLoader Creating init config 
90905      DEBUG main            d.u.i.k.p.i.AbstractProblemLoader Init config took 2.43s 
90943      INFO  main            d.u.i.k.p.i.AbstractProblemLoader Replaying proof Coll2[Coll2::add_pre(int)].JML model_behavior operation contract.0 
90945      DEBUG main            d.u.i.k.p.i.IntermediateProofReplayer Proof replay took 1.34ms 
90946      DEBUG main            d.u.i.k.p.r.p.TestFile    ... success: reloaded. 
90947      INFO  main            d.u.i.k.p.r.p.TestFile    Now processing file /home/runner/work/key/key/key.core/../key.ui/examples/heap/model_methods/Coll2_Coll_add_pre.key 
90947      INFO  main            d.u.i.k.p.i.AbstractProblemLoader Loading environment from /home/runner/work/key/key/key.core/../key.ui/examples/heap/model_methods/Coll2_Coll_add_pre.key 
90947      DEBUG main            d.u.i.k.p.i.AbstractProblemLoader Environment load took 81.2ns 
90948      INFO  main            d.u.i.k.p.i.AbstractProblemLoader Creating init config 
93365      DEBUG main            d.u.i.k.p.i.AbstractProblemLoader Init config took 2.42s 
93403      INFO  main            d.u.i.k.p.i.AbstractProblemLoader Replaying proof Coll2[Coll::add_pre(int)].JML model_behavior operation contract.0 
93405      DEBUG main            d.u.i.k.p.i.IntermediateProofReplayer Proof replay took 6.4ns 
93508      INFO  main            d.u.i.k.p.r.p.TestFile    ... finished proof: closed. 
93713      INFO  main            d.u.i.k.p.i.AbstractProblemLoader Loading environment from /home/runner/work/key/key/key.core/../key.ui/examples/heap/model_methods/Coll2_Coll_add_pre.key.proof 
93713      DEBUG main            d.u.i.k.p.i.AbstractProblemLoader Environment load took 103.1ns 
93714      INFO  main            d.u.i.k.p.i.AbstractProblemLoader Creating init config 
96125      DEBUG main            d.u.i.k.p.i.AbstractProblemLoader Init config took 2.41s 
96165      INFO  main            d.u.i.k.p.i.AbstractProblemLoader Replaying proof Coll2[Coll::add_pre(int)].JML model_behavior operation contract.0 
96168      DEBUG main            d.u.i.k.p.i.IntermediateProofReplayer Proof replay took 1.84ms 
96169      DEBUG main            d.u.i.k.p.r.p.TestFile    ... success: reloaded. 
96170      INFO  main            d.u.i.k.p.r.p.TestFile    Now processing file /home/runner/work/key/key/key.core/../key.ui/examples/heap/model_methods/Coll_add.key 
96170      INFO  main            d.u.i.k.p.i.AbstractProblemLoader Loading environment from /home/runner/work/key/key/key.core/../key.ui/examples/heap/model_methods/Coll_add.key 
96171      DEBUG main            d.u.i.k.p.i.AbstractProblemLoader Environment load took 87.8ns 
96171      INFO  main            d.u.i.k.p.i.AbstractProblemLoader Creating init config 
98572      DEBUG main            d.u.i.k.p.i.AbstractProblemLoader Init config took 2.4s 
98610      INFO  main            d.u.i.k.p.i.AbstractProblemLoader Replaying proof Coll[Coll::add(int)].JML operation contract.0 
98611      DEBUG main            d.u.i.k.p.i.IntermediateProofReplayer Proof replay took 6.6ns 
98713      INFO  main            d.u.i.k.p.r.p.TestFile    ... finished proof: closed. 
98921      INFO  main            d.u.i.k.p.i.AbstractProblemLoader Loading environment from /home/runner/work/key/key/key.core/../key.ui/examples/heap/model_methods/Coll_add.key.proof 
98921      DEBUG main            d.u.i.k.p.i.AbstractProblemLoader Environment load took 121ns 
98922      INFO  main            d.u.i.k.p.i.AbstractProblemLoader Creating init config 
101295     DEBUG main            d.u.i.k.p.i.AbstractProblemLoader Init config took 2.37s 
101333     INFO  main            d.u.i.k.p.i.AbstractProblemLoader Replaying proof Coll[Coll::add(int)].JML operation contract.0 
101336     DEBUG main            d.u.i.k.p.i.IntermediateProofReplayer Proof replay took 1.87ms 
101337     DEBUG main            d.u.i.k.p.r.p.TestFile    ... success: reloaded. 
101337     INFO  main            d.u.i.k.p.r.p.TestFile    Now processing file /home/runner/work/key/key/key.core/../key.ui/examples/heap/model_methods/Coll_add_pre.key 
101338     INFO  main            d.u.i.k.p.i.AbstractProblemLoader Loading environment from /home/runner/work/key/key/key.core/../key.ui/examples/heap/model_methods/Coll_add_pre.key 
101338     DEBUG main            d.u.i.k.p.i.AbstractProblemLoader Environment load took 111.9ns 
101339     INFO  main            d.u.i.k.p.i.AbstractProblemLoader Creating init config 
103763     DEBUG main            d.u.i.k.p.i.AbstractProblemLoader Init config took 2.42s 
103802     INFO  main            d.u.i.k.p.i.AbstractProblemLoader Replaying proof Coll[Coll::add_pre(int)].JML model_behavior operation contract.0 
103803     DEBUG main            d.u.i.k.p.i.IntermediateProofReplayer Proof replay took 6.6ns 
103905     INFO  main            d.u.i.k.p.r.p.TestFile    ... finished proof: closed. 
104118     INFO  main            d.u.i.k.p.i.AbstractProblemLoader Loading environment from /home/runner/work/key/key/key.core/../key.ui/examples/heap/model_methods/Coll_add_pre.key.proof 
104118     DEBUG main            d.u.i.k.p.i.AbstractProblemLoader Environment load took 154.5ns 
104119     INFO  main            d.u.i.k.p.i.AbstractProblemLoader Creating init config 
106495     DEBUG main            d.u.i.k.p.i.AbstractProblemLoader Init config took 2.38s 
106535     INFO  main            d.u.i.k.p.i.AbstractProblemLoader Replaying proof Coll[Coll::add_pre(int)].JML model_behavior operation contract.0 
106539     DEBUG main            d.u.i.k.p.i.IntermediateProofReplayer Proof replay took 2.16ms 
106539     DEBUG main            d.u.i.k.p.r.p.TestFile    ... success: reloaded. 
106540     INFO  main            d.u.i.k.p.r.p.TestFile    Now processing file /home/runner/work/key/key/key.core/../key.ui/examples/heap/model_methods/Indirect_callAdd.key 
106541     INFO  main            d.u.i.k.p.i.AbstractProblemLoader Loading environment from /home/runner/work/key/key/key.core/../key.ui/examples/heap/model_methods/Indirect_callAdd.key 
106541     DEBUG main            d.u.i.k.p.i.AbstractProblemLoader Environment load took 117.3ns 
106541     INFO  main            d.u.i.k.p.i.AbstractProblemLoader Creating init config 
108986     DEBUG main            d.u.i.k.p.i.AbstractProblemLoader Init config took 2.44s 
109024     INFO  main            d.u.i.k.p.i.AbstractProblemLoader Replaying proof Indirect[Indirect::callAdd(Coll,int)].JML operation contract.0 
109025     DEBUG main            d.u.i.k.p.i.IntermediateProofReplayer Proof replay took 6.7ns 
109127     INFO  main            d.u.i.k.p.r.p.TestFile    ... finished proof: closed. 
109405     INFO  main            d.u.i.k.p.i.AbstractProblemLoader Loading environment from /home/runner/work/key/key/key.core/../key.ui/examples/heap/model_methods/Indirect_callAdd.key.proof 
109405     DEBUG main            d.u.i.k.p.i.AbstractProblemLoader Environment load took 98.6ns 
109407     INFO  main            d.u.i.k.p.i.AbstractProblemLoader Creating init config 
111805     DEBUG main            d.u.i.k.p.i.AbstractProblemLoader Init config took 2.4s 
111852     INFO  main            d.u.i.k.p.i.AbstractProblemLoader Replaying proof Indirect[Indirect::callAdd(Coll,int)].JML operation contract.0 
111875     DEBUG main            d.u.i.k.p.i.IntermediateProofReplayer Proof replay took 21.28ms 
111876     DEBUG main            d.u.i.k.p.r.p.TestFile    ... success: reloaded. 
111877     INFO  main            d.u.i.k.p.r.p.TestFile    Now processing file /home/runner/work/key/key/key.core/../key.ui/examples/heap/model_methods/Indirect_test.key 
111877     INFO  main            d.u.i.k.p.i.AbstractProblemLoader Loading environment from /home/runner/work/key/key/key.core/../key.ui/examples/heap/model_methods/Indirect_test.key 
111877     DEBUG main            d.u.i.k.p.i.AbstractProblemLoader Environment load took 65ns 
111878     INFO  main            d.u.i.k.p.i.AbstractProblemLoader Creating init config 
114298     DEBUG main            d.u.i.k.p.i.AbstractProblemLoader Init config took 2.42s 
114351     INFO  main            d.u.i.k.p.i.AbstractProblemLoader Replaying proof Indirect[Indirect::test(Coll1,Coll2)].JML operation contract.0 
114353     DEBUG main            d.u.i.k.p.i.IntermediateProofReplayer Proof replay took 6.9ns 
114556     INFO  main            d.u.i.k.p.r.p.TestFile    ... finished proof: closed. 
114795     INFO  main            d.u.i.k.p.i.AbstractProblemLoader Loading environment from /home/runner/work/key/key/key.core/../key.ui/examples/heap/model_methods/Indirect_test.key.proof 
114795     DEBUG main            d.u.i.k.p.i.AbstractProblemLoader Environment load took 100ns 
114796     INFO  main            d.u.i.k.p.i.AbstractProblemLoader Creating init config 
117169     DEBUG main            d.u.i.k.p.i.AbstractProblemLoader Init config took 2.37s 
117207     INFO  main            d.u.i.k.p.i.AbstractProblemLoader Replaying proof Indirect[Indirect::test(Coll1,Coll2)].JML operation contract.0 
117256     DEBUG main            d.u.i.k.p.i.IntermediateProofReplayer Proof replay took 46.55ms 
117257     DEBUG main            d.u.i.k.p.r.p.TestFile    ... success: reloaded. 
117258     INFO  main            d.u.i.k.p.r.p.TestFile    Now processing file /home/runner/work/key/key/key.core/../key.ui/examples/heap/model_methods/Recell_Cell_footprint.key 
117258     INFO  main            d.u.i.k.p.i.AbstractProblemLoader Loading environment from /home/runner/work/key/key/key.core/../key.ui/examples/heap/model_methods/Recell_Cell_footprint.key 
117258     DEBUG main            d.u.i.k.p.i.AbstractProblemLoader Environment load took 77.9ns 
117259     INFO  main            d.u.i.k.p.i.AbstractProblemLoader Creating init config 
119738     DEBUG main            d.u.i.k.p.i.AbstractProblemLoader Init config took 2.48s 
119775     INFO  main            d.u.i.k.p.i.AbstractProblemLoader Replaying proof Recell[Cell::footprint()].JML model_behavior operation contract.0 
119777     DEBUG main            d.u.i.k.p.i.IntermediateProofReplayer Proof replay took 6ns 
119878     INFO  main            d.u.i.k.p.r.p.TestFile    ... finished proof: closed. 
120102     INFO  main            d.u.i.k.p.i.AbstractProblemLoader Loading environment from /home/runner/work/key/key/key.core/../key.ui/examples/heap/model_methods/Recell_Cell_footprint.key.proof 
120102     DEBUG main            d.u.i.k.p.i.AbstractProblemLoader Environment load took 100.6ns 
120103     INFO  main            d.u.i.k.p.i.AbstractProblemLoader Creating init config 
122466     DEBUG main            d.u.i.k.p.i.AbstractProblemLoader Init config took 2.36s 
122504     INFO  main            d.u.i.k.p.i.AbstractProblemLoader Replaying proof Recell[Cell::footprint()].JML model_behavior operation contract.0 
122508     DEBUG main            d.u.i.k.p.i.IntermediateProofReplayer Proof replay took 2.55ms 
122509     DEBUG main            d.u.i.k.p.r.p.TestFile    ... success: reloaded. 
122510     INFO  main            d.u.i.k.p.r.p.TestFile    Now processing file /home/runner/work/key/key/key.core/../key.ui/examples/heap/model_methods/Recell_Cell_post_set.key 
122510     INFO  main            d.u.i.k.p.i.AbstractProblemLoader Loading environment from /home/runner/work/key/key/key.core/../key.ui/examples/heap/model_methods/Recell_Cell_post_set.key 
122510     DEBUG main            d.u.i.k.p.i.AbstractProblemLoader Environment load took 51.4ns 
122511     INFO  main            d.u.i.k.p.i.AbstractProblemLoader Creating init config 
124936     DEBUG main            d.u.i.k.p.i.AbstractProblemLoader Init config took 2.42s 
124972     INFO  main            d.u.i.k.p.i.AbstractProblemLoader Replaying proof Recell[Cell::post_set(int)].JML model_behavior operation contract.0 
124974     DEBUG main            d.u.i.k.p.i.IntermediateProofReplayer Proof replay took 6.1ns 
125076     INFO  main            d.u.i.k.p.r.p.TestFile    ... finished proof: closed. 
125306     INFO  main            d.u.i.k.p.i.AbstractProblemLoader Loading environment from /home/runner/work/key/key/key.core/../key.ui/examples/heap/model_methods/Recell_Cell_post_set.key.proof 
125306     DEBUG main            d.u.i.k.p.i.AbstractProblemLoader Environment load took 96ns 
125307     INFO  main            d.u.i.k.p.i.AbstractProblemLoader Creating init config 
127672     DEBUG main            d.u.i.k.p.i.AbstractProblemLoader Init config took 2.36s 
127712     INFO  main            d.u.i.k.p.i.AbstractProblemLoader Replaying proof Recell[Cell::post_set(int)].JML model_behavior operation contract.0 
127717     DEBUG main            d.u.i.k.p.i.IntermediateProofReplayer Proof replay took 3.37ms 
127718     DEBUG main            d.u.i.k.p.r.p.TestFile    ... success: reloaded. 
127718     INFO  main            d.u.i.k.p.r.p.TestFile    Now processing file /home/runner/work/key/key/key.core/../key.ui/examples/heap/model_methods/Recell_footprint_acc.key 
127719     INFO  main            d.u.i.k.p.i.AbstractProblemLoader Loading environment from /home/runner/work/key/key/key.core/../key.ui/examples/heap/model_methods/Recell_footprint_acc.key 
127719     DEBUG main            d.u.i.k.p.i.AbstractProblemLoader Environment load took 54.6ns 
127720     INFO  main            d.u.i.k.p.i.AbstractProblemLoader Creating init config 
130129     DEBUG main            d.u.i.k.p.i.AbstractProblemLoader Init config took 2.41s 
130166     INFO  main            d.u.i.k.p.i.AbstractProblemLoader Replaying proof Recell[Cell::footprint()].JML accessible clause.0 
130167     DEBUG main            d.u.i.k.p.i.IntermediateProofReplayer Proof replay took 13.5ns 
130273     INFO  main            d.u.i.k.p.r.p.TestFile    ... finished proof: closed. 
130512     INFO  main            d.u.i.k.p.i.AbstractProblemLoader Loading environment from /home/runner/work/key/key/key.core/../key.ui/examples/heap/model_methods/Recell_footprint_acc.key.proof 
130512     DEBUG main            d.u.i.k.p.i.AbstractProblemLoader Environment load took 89.7ns 
130513     INFO  main            d.u.i.k.p.i.AbstractProblemLoader Creating init config 
132870     DEBUG main            d.u.i.k.p.i.AbstractProblemLoader Init config took 2.36s 
132906     INFO  main            d.u.i.k.p.i.AbstractProblemLoader Replaying proof Recell[Cell::footprint()].JML accessible clause.0 
132924     DEBUG main            d.u.i.k.p.i.IntermediateProofReplayer Proof replay took 14.89ms 
132926     DEBUG main            d.u.i.k.p.r.p.TestFile    ... success: reloaded. 
132928     INFO  main            d.u.i.k.p.r.p.TestFile    Now processing file /home/runner/work/key/key/key.core/../key.ui/examples/heap/model_methods/Recell_get_acc.key 
132928     INFO  main            d.u.i.k.p.i.AbstractProblemLoader Loading environment from /home/runner/work/key/key/key.core/../key.ui/examples/heap/model_methods/Recell_get_acc.key 
132928     DEBUG main            d.u.i.k.p.i.AbstractProblemLoader Environment load took 246.8ns 
132929     INFO  main            d.u.i.k.p.i.AbstractProblemLoader Creating init config 
135349     DEBUG main            d.u.i.k.p.i.AbstractProblemLoader Init config took 2.42s 
135385     INFO  main            d.u.i.k.p.i.AbstractProblemLoader Replaying proof Recell[Cell::get()].JML accessible clause.0 
135387     DEBUG main            d.u.i.k.p.i.IntermediateProofReplayer Proof replay took 6.2ns 
135489     INFO  main            d.u.i.k.p.r.p.TestFile    ... finished proof: closed. 
135802     INFO  main            d.u.i.k.p.i.AbstractProblemLoader Loading environment from /home/runner/work/key/key/key.core/../key.ui/examples/heap/model_methods/Recell_get_acc.key.proof 
135802     DEBUG main            d.u.i.k.p.i.AbstractProblemLoader Environment load took 90.1ns 
135803     INFO  main            d.u.i.k.p.i.AbstractProblemLoader Creating init config 
138157     DEBUG main            d.u.i.k.p.i.AbstractProblemLoader Init config took 2.35s 
138193     INFO  main            d.u.i.k.p.i.AbstractProblemLoader Replaying proof Recell[Cell::get()].JML accessible clause.0 
138210     DEBUG main            d.u.i.k.p.i.IntermediateProofReplayer Proof replay took 14.75ms 
138211     DEBUG main            d.u.i.k.p.r.p.TestFile    ... success: reloaded. 
138212     INFO  main            d.u.i.k.p.r.p.TestFile    Now processing file /home/runner/work/key/key/key.core/../key.ui/examples/heap/model_methods/Recell_get.key 
138212     INFO  main            d.u.i.k.p.i.AbstractProblemLoader Loading environment from /home/runner/work/key/key/key.core/../key.ui/examples/heap/model_methods/Recell_get.key 
138212     DEBUG main            d.u.i.k.p.i.AbstractProblemLoader Environment load took 70.1ns 
138213     INFO  main            d.u.i.k.p.i.AbstractProblemLoader Creating init config 
140636     DEBUG main            d.u.i.k.p.i.AbstractProblemLoader Init config took 2.42s 
140673     INFO  main            d.u.i.k.p.i.AbstractProblemLoader Replaying proof Recell[Cell::get()].JML operation contract.0 
140675     DEBUG main            d.u.i.k.p.i.IntermediateProofReplayer Proof replay took 7.7ns 
140776     INFO  main            d.u.i.k.p.r.p.TestFile    ... finished proof: closed. 
141034     INFO  main            d.u.i.k.p.i.AbstractProblemLoader Loading environment from /home/runner/work/key/key/key.core/../key.ui/examples/heap/model_methods/Recell_get.key.proof 
141034     DEBUG main            d.u.i.k.p.i.AbstractProblemLoader Environment load took 88.7ns 
141035     INFO  main            d.u.i.k.p.i.AbstractProblemLoader Creating init config 
143416     DEBUG main            d.u.i.k.p.i.AbstractProblemLoader Init config took 2.38s 
143453     INFO  main            d.u.i.k.p.i.AbstractProblemLoader Replaying proof Recell[Cell::get()].JML operation contract.0 
143462     DEBUG main            d.u.i.k.p.i.IntermediateProofReplayer Proof replay took 7.58ms 
143463     DEBUG main            d.u.i.k.p.r.p.TestFile    ... success: reloaded. 
143464     INFO  main            d.u.i.k.p.r.p.TestFile    Now processing file /home/runner/work/key/key/key.core/../key.ui/examples/heap/model_methods/Recell_Recell_footprint.key 
143464     INFO  main            d.u.i.k.p.i.AbstractProblemLoader Loading environment from /home/runner/work/key/key/key.core/../key.ui/examples/heap/model_methods/Recell_Recell_footprint.key 
143464     DEBUG main            d.u.i.k.p.i.AbstractProblemLoader Environment load took 104ns 
143465     INFO  main            d.u.i.k.p.i.AbstractProblemLoader Creating init config 
145856     DEBUG main            d.u.i.k.p.i.AbstractProblemLoader Init config took 2.39s 
145892     INFO  main            d.u.i.k.p.i.AbstractProblemLoader Replaying proof Recell[Recell::footprint()].JML model_behavior operation contract.0 
145894     DEBUG main            d.u.i.k.p.i.IntermediateProofReplayer Proof replay took 6.8ns 
145997     INFO  main            d.u.i.k.p.r.p.TestFile    ... finished proof: closed. 
146331     INFO  main            d.u.i.k.p.i.AbstractProblemLoader Loading environment from /home/runner/work/key/key/key.core/../key.ui/examples/heap/model_methods/Recell_Recell_footprint.key.proof 
146331     DEBUG main            d.u.i.k.p.i.AbstractProblemLoader Environment load took 90.2ns 
146332     INFO  main            d.u.i.k.p.i.AbstractProblemLoader Creating init config 
148687     DEBUG main            d.u.i.k.p.i.AbstractProblemLoader Init config took 2.35s 
148723     INFO  main            d.u.i.k.p.i.AbstractProblemLoader Replaying proof Recell[Recell::footprint()].JML model_behavior operation contract.0 
148726     DEBUG main            d.u.i.k.p.i.IntermediateProofReplayer Proof replay took 1.21ms 
148727     DEBUG main            d.u.i.k.p.r.p.TestFile    ... success: reloaded. 
148728     INFO  main            d.u.i.k.p.r.p.TestFile    Now processing file /home/runner/work/key/key/key.core/../key.ui/examples/heap/model_methods/Recell_Recell_post_set.key 
148728     INFO  main            d.u.i.k.p.i.AbstractProblemLoader Loading environment from /home/runner/work/key/key/key.core/../key.ui/examples/heap/model_methods/Recell_Recell_post_set.key 
148728     DEBUG main            d.u.i.k.p.i.AbstractProblemLoader Environment load took 198.3ns 
148729     INFO  main            d.u.i.k.p.i.AbstractProblemLoader Creating init config 
151108     DEBUG main            d.u.i.k.p.i.AbstractProblemLoader Init config took 2.38s 
151164     INFO  main            d.u.i.k.p.i.AbstractProblemLoader Replaying proof Recell[Recell::post_set(int)].JML model_behavior operation contract.0 
151165     DEBUG main            d.u.i.k.p.i.IntermediateProofReplayer Proof replay took 7.1ns 
151269     INFO  main            d.u.i.k.p.r.p.TestFile    ... finished proof: closed. 
151548     INFO  main            d.u.i.k.p.i.AbstractProblemLoader Loading environment from /home/runner/work/key/key/key.core/../key.ui/examples/heap/model_methods/Recell_Recell_post_set.key.proof 
151548     DEBUG main            d.u.i.k.p.i.AbstractProblemLoader Environment load took 85ns 
151549     INFO  main            d.u.i.k.p.i.AbstractProblemLoader Creating init config 
153904     DEBUG main            d.u.i.k.p.i.AbstractProblemLoader Init config took 2.36s 
153941     INFO  main            d.u.i.k.p.i.AbstractProblemLoader Replaying proof Recell[Recell::post_set(int)].JML model_behavior operation contract.0 
153944     DEBUG main            d.u.i.k.p.i.IntermediateProofReplayer Proof replay took 2ms 
153945     DEBUG main            d.u.i.k.p.r.p.TestFile    ... success: reloaded. 
153946     INFO  main            d.u.i.k.p.r.p.TestFile    Now processing file /home/runner/work/key/key/key.core/../key.ui/examples/heap/model_methods/Recell_set.key 
153946     INFO  main            d.u.i.k.p.i.AbstractProblemLoader Loading environment from /home/runner/work/key/key/key.core/../key.ui/examples/heap/model_methods/Recell_set.key 
153946     DEBUG main            d.u.i.k.p.i.AbstractProblemLoader Environment load took 58.1ns 
153947     INFO  main            d.u.i.k.p.i.AbstractProblemLoader Creating init config 
156357     DEBUG main            d.u.i.k.p.i.AbstractProblemLoader Init config took 2.41s 
156394     INFO  main            d.u.i.k.p.i.AbstractProblemLoader Replaying proof Recell[Cell::set(int)].JML operation contract.0 
156395     DEBUG main            d.u.i.k.p.i.IntermediateProofReplayer Proof replay took 6.8ns 
161911     INFO  main            d.u.i.k.p.r.p.TestFile    ... finished proof: closed. 
162207     INFO  main            d.u.i.k.p.i.AbstractProblemLoader Loading environment from /home/runner/work/key/key/key.core/../key.ui/examples/heap/model_methods/Recell_set.key.proof 
162207     DEBUG main            d.u.i.k.p.i.AbstractProblemLoader Environment load took 280.6ns 
162209     INFO  main            d.u.i.k.p.i.AbstractProblemLoader Creating init config 
164557     DEBUG main            d.u.i.k.p.i.AbstractProblemLoader Init config took 2.35s 
164617     INFO  main            d.u.i.k.p.i.AbstractProblemLoader Replaying proof Recell[Cell::set(int)].JML operation contract.0 
165053     DEBUG main            d.u.i.k.p.i.IntermediateProofReplayer Proof replay took 416.66ms 
165055     DEBUG main            d.u.i.k.p.r.p.TestFile    ... success: reloaded. 
165055     INFO  main            d.u.i.k.p.r.p.TestFile    Now processing file /home/runner/work/key/key/key.core/../key.ui/examples/heap/model_methods/Recell_undo.key 
165056     INFO  main            d.u.i.k.p.i.AbstractProblemLoader Loading environment from /home/runner/work/key/key/key.core/../key.ui/examples/heap/model_methods/Recell_undo.key 
165056     DEBUG main            d.u.i.k.p.i.AbstractProblemLoader Environment load took 143.1ns 
165057     INFO  main            d.u.i.k.p.i.AbstractProblemLoader Creating init config 
167468     DEBUG main            d.u.i.k.p.i.AbstractProblemLoader Init config took 2.41s 
167505     INFO  main            d.u.i.k.p.i.AbstractProblemLoader Replaying proof Recell[Recell::undo()].JML operation contract.0 
167506     DEBUG main            d.u.i.k.p.i.IntermediateProofReplayer Proof replay took 6.8ns 
167608     INFO  main            d.u.i.k.p.r.p.TestFile    ... finished proof: closed. 
167894     INFO  main            d.u.i.k.p.i.AbstractProblemLoader Loading environment from /home/runner/work/key/key/key.core/../key.ui/examples/heap/model_methods/Recell_undo.key.proof 
167895     DEBUG main            d.u.i.k.p.i.AbstractProblemLoader Environment load took 90.2ns 
167895     INFO  main            d.u.i.k.p.i.AbstractProblemLoader Creating init config 
170246     DEBUG main            d.u.i.k.p.i.AbstractProblemLoader Init config took 2.35s 
170291     INFO  main            d.u.i.k.p.i.AbstractProblemLoader Replaying proof Recell[Recell::undo()].JML operation contract.0 
170320     DEBUG main            d.u.i.k.p.i.IntermediateProofReplayer Proof replay took 26.14ms 
170320     DEBUG main            d.u.i.k.p.r.p.TestFile    ... success: reloaded. 
3969006    INFO  Test worker     d.u.i.k.p.r.RunAllProofsTestUnit Returning from test modelMethods 
3969007    INFO  Test worker     d.u.i.k.p.r.RunAllProofsTestUnit Running test permissionHeap 
349        INFO  Timeout watchdog d.u.i.k.p.r.p.ForkedTestFileRunner Timeout watcher launched (2000 secs.) 
359        WARN  main            d.u.i.k.s.ProofSettings   The settings in /home/runner/.key/proof-settings.props are *not* read. 
386        INFO  main            d.u.i.k.p.r.p.TestFile    Now processing file /home/runner/work/key/key/key.core/../key.ui/examples/heap/permissions/permissions_method0.key 
515        INFO  main            d.u.i.k.p.i.AbstractProblemLoader Loading environment from /home/runner/work/key/key/key.core/../key.ui/examples/heap/permissions/permissions_method0.key 
532        DEBUG main            d.u.i.k.p.i.AbstractProblemLoader Environment load took 1.99ms 
749        INFO  main            d.u.i.k.p.i.AbstractProblemLoader Creating init config 
1713       DEBUG main            d.u.i.k.j.TypeConverter   No LDT found for Meta 
1713       DEBUG main            d.u.i.k.j.TypeConverter   No LDT found for Meta 
1714       DEBUG main            d.u.i.k.j.TypeConverter   No LDT found for Meta 
1714       DEBUG main            d.u.i.k.j.TypeConverter   No LDT found for Meta 
3138       DEBUG main            d.u.i.k.j.TypeConverter   No LDT found for JavaBigintExpression 
7999       DEBUG main            d.u.i.k.p.i.AbstractProblemLoader Init config took 7.25s 
8148       INFO  main            d.u.i.k.p.i.AbstractProblemLoader Replaying proof MyClass[MyClass::method0()].JML normal_behavior operation contract.0 
8182       DEBUG main            d.u.i.k.p.i.IntermediateProofReplayer Proof replay took 32.2ns 
9152       INFO  main            d.u.i.k.p.r.p.TestFile    ... finished proof: closed. 
9289       INFO  main            d.u.i.k.p.i.AbstractProblemLoader Loading environment from /home/runner/work/key/key/key.core/../key.ui/examples/heap/permissions/permissions_method0.key.proof 
9291       DEBUG main            d.u.i.k.p.i.AbstractProblemLoader Environment load took 1.92ms 
9294       INFO  main            d.u.i.k.p.i.AbstractProblemLoader Creating init config 
12006      DEBUG main            d.u.i.k.p.i.AbstractProblemLoader Init config took 2.71s 
12083      INFO  main            d.u.i.k.p.i.AbstractProblemLoader Replaying proof MyClass[MyClass::method0()].JML normal_behavior operation contract.0 
12180      DEBUG main            d.u.i.k.p.i.IntermediateProofReplayer Proof replay took 91.15ms 
12187      DEBUG main            d.u.i.k.p.r.p.TestFile    ... success: reloaded. 
12190      INFO  main            d.u.i.k.p.r.p.TestFile    Now processing file /home/runner/work/key/key/key.core/../key.ui/examples/heap/permissions/permissions_method1.key 
12190      INFO  main            d.u.i.k.p.i.AbstractProblemLoader Loading environment from /home/runner/work/key/key/key.core/../key.ui/examples/heap/permissions/permissions_method1.key 
12191      DEBUG main            d.u.i.k.p.i.AbstractProblemLoader Environment load took 107.9ns 
12194      INFO  main            d.u.i.k.p.i.AbstractProblemLoader Creating init config 
14918      DEBUG main            d.u.i.k.p.i.AbstractProblemLoader Init config took 2.72s 
14980      INFO  main            d.u.i.k.p.i.AbstractProblemLoader Replaying proof MyClass[MyClass::method1()].JML normal_behavior operation contract.0 
14982      DEBUG main            d.u.i.k.p.i.IntermediateProofReplayer Proof replay took 7ns 
15286      INFO  main            d.u.i.k.p.r.p.TestFile    ... finished proof: closed. 
15493      INFO  main            d.u.i.k.p.i.AbstractProblemLoader Loading environment from /home/runner/work/key/key/key.core/../key.ui/examples/heap/permissions/permissions_method1.key.proof 
15493      DEBUG main            d.u.i.k.p.i.AbstractProblemLoader Environment load took 327.9ns 
15494      INFO  main            d.u.i.k.p.i.AbstractProblemLoader Creating init config 
18086      DEBUG main            d.u.i.k.p.i.AbstractProblemLoader Init config took 2.59s 
18149      INFO  main            d.u.i.k.p.i.AbstractProblemLoader Replaying proof MyClass[MyClass::method1()].JML normal_behavior operation contract.0 
18232      DEBUG main            d.u.i.k.p.i.IntermediateProofReplayer Proof replay took 75.28ms 
18233      DEBUG main            d.u.i.k.p.r.p.TestFile    ... success: reloaded. 
18235      INFO  main            d.u.i.k.p.r.p.TestFile    Now processing file /home/runner/work/key/key/key.core/../key.ui/examples/heap/permissions/permissions_method3.key 
18235      INFO  main            d.u.i.k.p.i.AbstractProblemLoader Loading environment from /home/runner/work/key/key/key.core/../key.ui/examples/heap/permissions/permissions_method3.key 
18235      DEBUG main            d.u.i.k.p.i.AbstractProblemLoader Environment load took 101.5ns 
18237      INFO  main            d.u.i.k.p.i.AbstractProblemLoader Creating init config 
20829      DEBUG main            d.u.i.k.p.i.AbstractProblemLoader Init config took 2.59s 
20877      INFO  main            d.u.i.k.p.i.AbstractProblemLoader Replaying proof MyClass[MyClass::method3()].JML normal_behavior operation contract.0 
20879      DEBUG main            d.u.i.k.p.i.IntermediateProofReplayer Proof replay took 5.1ns 
22292      INFO  main            d.u.i.k.p.r.p.TestFile    ... finished proof: closed. 
22452      INFO  main            d.u.i.k.p.i.AbstractProblemLoader Loading environment from /home/runner/work/key/key/key.core/../key.ui/examples/heap/permissions/permissions_method3.key.proof 
22452      DEBUG main            d.u.i.k.p.i.AbstractProblemLoader Environment load took 323ns 
22453      INFO  main            d.u.i.k.p.i.AbstractProblemLoader Creating init config 
24975      DEBUG main            d.u.i.k.p.i.AbstractProblemLoader Init config took 2.52s 
25022      INFO  main            d.u.i.k.p.i.AbstractProblemLoader Replaying proof MyClass[MyClass::method3()].JML normal_behavior operation contract.0 
25252      DEBUG main            d.u.i.k.p.i.IntermediateProofReplayer Proof replay took 222ms 
25253      DEBUG main            d.u.i.k.p.r.p.TestFile    ... success: reloaded. 
25254      INFO  main            d.u.i.k.p.r.p.TestFile    Now processing file /home/runner/work/key/key/key.core/../key.ui/examples/heap/permissions/permissions_setAB.key 
25254      INFO  main            d.u.i.k.p.i.AbstractProblemLoader Loading environment from /home/runner/work/key/key/key.core/../key.ui/examples/heap/permissions/permissions_setAB.key 
25254      DEBUG main            d.u.i.k.p.i.AbstractProblemLoader Environment load took 167.6ns 
25255      INFO  main            d.u.i.k.p.i.AbstractProblemLoader Creating init config 
27818      DEBUG main            d.u.i.k.p.i.AbstractProblemLoader Init config took 2.56s 
27863      INFO  main            d.u.i.k.p.i.AbstractProblemLoader Replaying proof MyClass[MyClass::setAB()].JML normal_behavior operation contract.0 
27865      DEBUG main            d.u.i.k.p.i.IntermediateProofReplayer Proof replay took 5.3ns 
29271      INFO  main            d.u.i.k.p.r.p.TestFile    ... finished proof: closed. 
29459      INFO  main            d.u.i.k.p.i.AbstractProblemLoader Loading environment from /home/runner/work/key/key/key.core/../key.ui/examples/heap/permissions/permissions_setAB.key.proof 
29459      DEBUG main            d.u.i.k.p.i.AbstractProblemLoader Environment load took 377.1ns 
29460      INFO  main            d.u.i.k.p.i.AbstractProblemLoader Creating init config 
31907      DEBUG main            d.u.i.k.p.i.AbstractProblemLoader Init config took 2.45s 
31963      INFO  main            d.u.i.k.p.i.AbstractProblemLoader Replaying proof MyClass[MyClass::setAB()].JML normal_behavior operation contract.0 
32200      DEBUG main            d.u.i.k.p.i.IntermediateProofReplayer Proof replay took 228.29ms 
32201      DEBUG main            d.u.i.k.p.r.p.TestFile    ... success: reloaded. 
32202      INFO  main            d.u.i.k.p.r.p.TestFile    Now processing file /home/runner/work/key/key/key.core/../key.ui/examples/heap/permissions/permissionProperties.key 
32202      INFO  main            d.u.i.k.p.i.AbstractProblemLoader Loading environment from /home/runner/work/key/key/key.core/../key.ui/examples/heap/permissions/permissionProperties.key 
32202      DEBUG main            d.u.i.k.p.i.AbstractProblemLoader Environment load took 69ns 
32204      INFO  main            d.u.i.k.p.i.AbstractProblemLoader Creating init config 
32374      DEBUG main            d.u.i.k.j.TypeConverter   No LDT found for Meta 
32374      DEBUG main            d.u.i.k.j.TypeConverter   No LDT found for Meta 
32375      DEBUG main            d.u.i.k.j.TypeConverter   No LDT found for Meta 
32375      DEBUG main            d.u.i.k.j.TypeConverter   No LDT found for Meta 
33013      DEBUG main            d.u.i.k.j.TypeConverter   No LDT found for JavaBigintExpression 
35626      DEBUG main            d.u.i.k.p.i.AbstractProblemLoader Init config took 3.42s 
35648      INFO  main            d.u.i.k.p.i.AbstractProblemLoader Replaying proof permissionProperties.key 
35649      DEBUG main            d.u.i.k.p.i.IntermediateProofReplayer Proof replay took 13.7ns 
35752      INFO  main            d.u.i.k.p.r.p.TestFile    ... finished proof: closed. 
35906      INFO  main            d.u.i.k.p.i.AbstractProblemLoader Loading environment from /home/runner/work/key/key/key.core/../key.ui/examples/heap/permissions/permissionProperties.key.proof 
35906      DEBUG main            d.u.i.k.p.i.AbstractProblemLoader Environment load took 116.4ns 
35907      INFO  main            d.u.i.k.p.i.AbstractProblemLoader Creating init config 
38179      DEBUG main            d.u.i.k.p.i.AbstractProblemLoader Init config took 2.27s 
38199      INFO  main            d.u.i.k.p.i.AbstractProblemLoader Replaying proof permissionProperties.key.proof 
38217      DEBUG main            d.u.i.k.p.i.IntermediateProofReplayer Proof replay took 15.17ms 
38218      DEBUG main            d.u.i.k.p.r.p.TestFile    ... success: reloaded. 
38219      INFO  main            d.u.i.k.p.r.p.TestFile    Now processing file /home/runner/work/key/key/key.core/../key.ui/examples/heap/permissions/threads/AFilter_AFilter.key 
38219      INFO  main            d.u.i.k.p.i.AbstractProblemLoader Loading environment from /home/runner/work/key/key/key.core/../key.ui/examples/heap/permissions/threads/AFilter_AFilter.key 
38219      DEBUG main            d.u.i.k.p.i.AbstractProblemLoader Environment load took 171.2ns 
38220      INFO  main            d.u.i.k.p.i.AbstractProblemLoader Creating init config 
38339      DEBUG main            d.u.i.k.j.TypeConverter   No LDT found for Meta 
38339      DEBUG main            d.u.i.k.j.TypeConverter   No LDT found for Meta 
38340      DEBUG main            d.u.i.k.j.TypeConverter   No LDT found for Meta 
38340      DEBUG main            d.u.i.k.j.TypeConverter   No LDT found for Meta 
38903      DEBUG main            d.u.i.k.j.TypeConverter   No LDT found for JavaBigintExpression 
43805      DEBUG main            d.u.i.k.p.i.AbstractProblemLoader Init config took 5.58s 
43931      INFO  main            d.u.i.k.p.i.AbstractProblemLoader Replaying proof AFilter[AFilter::AFilter(Sampler,Buffer)].JML normal_behavior operation contract.0 
43933      DEBUG main            d.u.i.k.p.i.IntermediateProofReplayer Proof replay took 6.4ns 
44937      INFO  main            d.u.i.k.p.r.p.TestFile    ... finished proof: closed. 
45181      INFO  main            d.u.i.k.p.i.AbstractProblemLoader Loading environment from /home/runner/work/key/key/key.core/../key.ui/examples/heap/permissions/threads/AFilter_AFilter.key.proof 
45182      DEBUG main            d.u.i.k.p.i.AbstractProblemLoader Environment load took 525.6ns 
45183      INFO  main            d.u.i.k.p.i.AbstractProblemLoader Creating init config 
49547      DEBUG main            d.u.i.k.p.i.AbstractProblemLoader Init config took 4.36s 
49653      INFO  main            d.u.i.k.p.i.AbstractProblemLoader Replaying proof AFilter[AFilter::AFilter(Sampler,Buffer)].JML normal_behavior operation contract.0 
49815      DEBUG main            d.u.i.k.p.i.IntermediateProofReplayer Proof replay took 157.19ms 
49816      DEBUG main            d.u.i.k.p.r.p.TestFile    ... success: reloaded. 
49817      INFO  main            d.u.i.k.p.r.p.TestFile    Now processing file /home/runner/work/key/key/key.core/../key.ui/examples/heap/permissions/threads/AFilter_initPost_accessible.key 
49818      INFO  main            d.u.i.k.p.i.AbstractProblemLoader Loading environment from /home/runner/work/key/key/key.core/../key.ui/examples/heap/permissions/threads/AFilter_initPost_accessible.key 
49818      DEBUG main            d.u.i.k.p.i.AbstractProblemLoader Environment load took 163.2ns 
49819      INFO  main            d.u.i.k.p.i.AbstractProblemLoader Creating init config 
54236      DEBUG main            d.u.i.k.p.i.AbstractProblemLoader Init config took 4.42s 
54347      INFO  main            d.u.i.k.p.i.AbstractProblemLoader Replaying proof AFilter[ThreadSpec2::initPost()].JML accessible clause.0 
54349      DEBUG main            d.u.i.k.p.i.IntermediateProofReplayer Proof replay took 6.7ns 
54451      INFO  main            d.u.i.k.p.r.p.TestFile    ... finished proof: closed. 
54650      INFO  main            d.u.i.k.p.i.AbstractProblemLoader Loading environment from /home/runner/work/key/key/key.core/../key.ui/examples/heap/permissions/threads/AFilter_initPost_accessible.key.proof 
54650      DEBUG main            d.u.i.k.p.i.AbstractProblemLoader Environment load took 116.6ns 
54652      INFO  main            d.u.i.k.p.i.AbstractProblemLoader Creating init config 
59007      DEBUG main            d.u.i.k.p.i.AbstractProblemLoader Init config took 4.36s 
59101      INFO  main            d.u.i.k.p.i.AbstractProblemLoader Replaying proof AFilter[ThreadSpec2::initPost()].JML accessible clause.0 
59116      DEBUG main            d.u.i.k.p.i.IntermediateProofReplayer Proof replay took 13.08ms 
59117      DEBUG main            d.u.i.k.p.r.p.TestFile    ... success: reloaded. 
59118      INFO  main            d.u.i.k.p.r.p.TestFile    Now processing file /home/runner/work/key/key/key.core/../key.ui/examples/heap/permissions/threads/AFilter_inv_accessible1.key 
59119      INFO  main            d.u.i.k.p.i.AbstractProblemLoader Loading environment from /home/runner/work/key/key/key.core/../key.ui/examples/heap/permissions/threads/AFilter_inv_accessible1.key 
59119      DEBUG main            d.u.i.k.p.i.AbstractProblemLoader Environment load took 88.8ns 
59120      INFO  main            d.u.i.k.p.i.AbstractProblemLoader Creating init config 
63440      DEBUG main            d.u.i.k.p.i.AbstractProblemLoader Init config took 4.32s 
63529      INFO  main            d.u.i.k.p.i.AbstractProblemLoader Replaying proof AFilter[java.lang.Object::<inv>()].JML accessible clause.0 
63531      DEBUG main            d.u.i.k.p.i.IntermediateProofReplayer Proof replay took 6.5ns 
63633      INFO  main            d.u.i.k.p.r.p.TestFile    ... finished proof: closed. 
63830      INFO  main            d.u.i.k.p.i.AbstractProblemLoader Loading environment from /home/runner/work/key/key/key.core/../key.ui/examples/heap/permissions/threads/AFilter_inv_accessible1.key.proof 
63830      DEBUG main            d.u.i.k.p.i.AbstractProblemLoader Environment load took 112.7ns 
63831      INFO  main            d.u.i.k.p.i.AbstractProblemLoader Creating init config 
68160      DEBUG main            d.u.i.k.p.i.AbstractProblemLoader Init config took 4.33s 
68254      INFO  main            d.u.i.k.p.i.AbstractProblemLoader Replaying proof AFilter[java.lang.Object::<inv>()].JML accessible clause.0 
68258      DEBUG main            d.u.i.k.p.i.IntermediateProofReplayer Proof replay took 2.22ms 
68259      DEBUG main            d.u.i.k.p.r.p.TestFile    ... success: reloaded. 
68260      INFO  main            d.u.i.k.p.r.p.TestFile    Now processing file /home/runner/work/key/key/key.core/../key.ui/examples/heap/permissions/threads/AFilter_inv_accessible2.key 
68260      INFO  main            d.u.i.k.p.i.AbstractProblemLoader Loading environment from /home/runner/work/key/key/key.core/../key.ui/examples/heap/permissions/threads/AFilter_inv_accessible2.key 
68260      DEBUG main            d.u.i.k.p.i.AbstractProblemLoader Environment load took 81.2ns 
68261      INFO  main            d.u.i.k.p.i.AbstractProblemLoader Creating init config 
72603      DEBUG main            d.u.i.k.p.i.AbstractProblemLoader Init config took 4.34s 
72691      INFO  main            d.u.i.k.p.i.AbstractProblemLoader Replaying proof AFilter[java.lang.Object::<inv>()].JML accessible clause.1 
72693      DEBUG main            d.u.i.k.p.i.IntermediateProofReplayer Proof replay took 6.1ns 
72795      INFO  main            d.u.i.k.p.r.p.TestFile    ... finished proof: closed. 
72997      INFO  main            d.u.i.k.p.i.AbstractProblemLoader Loading environment from /home/runner/work/key/key/key.core/../key.ui/examples/heap/permissions/threads/AFilter_inv_accessible2.key.proof 
72997      DEBUG main            d.u.i.k.p.i.AbstractProblemLoader Environment load took 106.5ns 
72998      INFO  main            d.u.i.k.p.i.AbstractProblemLoader Creating init config 
77330      DEBUG main            d.u.i.k.p.i.AbstractProblemLoader Init config took 4.33s 
77419      INFO  main            d.u.i.k.p.i.AbstractProblemLoader Replaying proof AFilter[java.lang.Object::<inv>()].JML accessible clause.1 
77423      DEBUG main            d.u.i.k.p.i.IntermediateProofReplayer Proof replay took 2.23ms 
77424      DEBUG main            d.u.i.k.p.r.p.TestFile    ... success: reloaded. 
77425      INFO  main            d.u.i.k.p.r.p.TestFile    Now processing file /home/runner/work/key/key/key.core/../key.ui/examples/heap/permissions/threads/AFilter_joinTransfer_accessible.key 
77425      INFO  main            d.u.i.k.p.i.AbstractProblemLoader Loading environment from /home/runner/work/key/key/key.core/../key.ui/examples/heap/permissions/threads/AFilter_joinTransfer_accessible.key 
77425      DEBUG main            d.u.i.k.p.i.AbstractProblemLoader Environment load took 85.9ns 
77426      INFO  main            d.u.i.k.p.i.AbstractProblemLoader Creating init config 
81778      DEBUG main            d.u.i.k.p.i.AbstractProblemLoader Init config took 4.35s 
81879      INFO  main            d.u.i.k.p.i.AbstractProblemLoader Replaying proof AFilter[ThreadSpec2::joinTransfer()].JML accessible clause.0 
81881      DEBUG main            d.u.i.k.p.i.IntermediateProofReplayer Proof replay took 6.7ns 
82986      INFO  main            d.u.i.k.p.r.p.TestFile    ... finished proof: closed. 
83213      INFO  main            d.u.i.k.p.i.AbstractProblemLoader Loading environment from /home/runner/work/key/key/key.core/../key.ui/examples/heap/permissions/threads/AFilter_joinTransfer_accessible.key.proof 
83214      DEBUG main            d.u.i.k.p.i.AbstractProblemLoader Environment load took 122ns 
83214      INFO  main            d.u.i.k.p.i.AbstractProblemLoader Creating init config 
87515      DEBUG main            d.u.i.k.p.i.AbstractProblemLoader Init config took 4.3s 
87603      INFO  main            d.u.i.k.p.i.AbstractProblemLoader Replaying proof AFilter[ThreadSpec2::joinTransfer()].JML accessible clause.0 
87749      DEBUG main            d.u.i.k.p.i.IntermediateProofReplayer Proof replay took 140.54ms 
87750      DEBUG main            d.u.i.k.p.r.p.TestFile    ... success: reloaded. 
87752      INFO  main            d.u.i.k.p.r.p.TestFile    Now processing file /home/runner/work/key/key/key.core/../key.ui/examples/heap/permissions/threads/AFilter_joinTransfer_contract.key 
87752      INFO  main            d.u.i.k.p.i.AbstractProblemLoader Loading environment from /home/runner/work/key/key/key.core/../key.ui/examples/heap/permissions/threads/AFilter_joinTransfer_contract.key 
87752      DEBUG main            d.u.i.k.p.i.AbstractProblemLoader Environment load took 160.2ns 
87753      INFO  main            d.u.i.k.p.i.AbstractProblemLoader Creating init config 
92101      DEBUG main            d.u.i.k.p.i.AbstractProblemLoader Init config took 4.35s 
92188      INFO  main            d.u.i.k.p.i.AbstractProblemLoader Replaying proof AFilter[ThreadSpec2::joinTransfer()].JML model_behavior operation contract.0 
92189      DEBUG main            d.u.i.k.p.i.IntermediateProofReplayer Proof replay took 6.1ns 
92292      INFO  main            d.u.i.k.p.r.p.TestFile    ... finished proof: closed. 
92507      INFO  main            d.u.i.k.p.i.AbstractProblemLoader Loading environment from /home/runner/work/key/key/key.core/../key.ui/examples/heap/permissions/threads/AFilter_joinTransfer_contract.key.proof 
92507      DEBUG main            d.u.i.k.p.i.AbstractProblemLoader Environment load took 111.9ns 
92508      INFO  main            d.u.i.k.p.i.AbstractProblemLoader Creating init config 
96778      DEBUG main            d.u.i.k.p.i.AbstractProblemLoader Init config took 4.27s 
96877      INFO  main            d.u.i.k.p.i.AbstractProblemLoader Replaying proof AFilter[ThreadSpec2::joinTransfer()].JML model_behavior operation contract.0 
96887      DEBUG main            d.u.i.k.p.i.IntermediateProofReplayer Proof replay took 7.63ms 
96888      DEBUG main            d.u.i.k.p.r.p.TestFile    ... success: reloaded. 
96889      INFO  main            d.u.i.k.p.r.p.TestFile    Now processing file /home/runner/work/key/key/key.core/../key.ui/examples/heap/permissions/threads/AFilter_postJoin_accessible.key 
96889      INFO  main            d.u.i.k.p.i.AbstractProblemLoader Loading environment from /home/runner/work/key/key/key.core/../key.ui/examples/heap/permissions/threads/AFilter_postJoin_accessible.key 
96889      DEBUG main            d.u.i.k.p.i.AbstractProblemLoader Environment load took 161.7ns 
96890      INFO  main            d.u.i.k.p.i.AbstractProblemLoader Creating init config 
101272     DEBUG main            d.u.i.k.p.i.AbstractProblemLoader Init config took 4.38s 
101363     INFO  main            d.u.i.k.p.i.AbstractProblemLoader Replaying proof AFilter[ThreadSpec2::postJoin(java.lang.Object)].JML accessible clause.0 
101366     DEBUG main            d.u.i.k.p.i.IntermediateProofReplayer Proof replay took 6.6ns 
101468     INFO  main            d.u.i.k.p.r.p.TestFile    ... finished proof: closed. 
101690     INFO  main            d.u.i.k.p.i.AbstractProblemLoader Loading environment from /home/runner/work/key/key/key.core/../key.ui/examples/heap/permissions/threads/AFilter_postJoin_accessible.key.proof 
101690     DEBUG main            d.u.i.k.p.i.AbstractProblemLoader Environment load took 114.8ns 
101692     INFO  main            d.u.i.k.p.i.AbstractProblemLoader Creating init config 
105978     DEBUG main            d.u.i.k.p.i.AbstractProblemLoader Init config took 4.29s 
106066     INFO  main            d.u.i.k.p.i.AbstractProblemLoader Replaying proof AFilter[ThreadSpec2::postJoin(java.lang.Object)].JML accessible clause.0 
106074     DEBUG main            d.u.i.k.p.i.IntermediateProofReplayer Proof replay took 6.56ms 
106075     DEBUG main            d.u.i.k.p.r.p.TestFile    ... success: reloaded. 
106076     INFO  main            d.u.i.k.p.r.p.TestFile    Now processing file /home/runner/work/key/key/key.core/../key.ui/examples/heap/permissions/threads/AFilter_preStart_accessible.key 
106077     INFO  main            d.u.i.k.p.i.AbstractProblemLoader Loading environment from /home/runner/work/key/key/key.core/../key.ui/examples/heap/permissions/threads/AFilter_preStart_accessible.key 
106077     DEBUG main            d.u.i.k.p.i.AbstractProblemLoader Environment load took 100.1ns 
106078     INFO  main            d.u.i.k.p.i.AbstractProblemLoader Creating init config 
110383     DEBUG main            d.u.i.k.p.i.AbstractProblemLoader Init config took 4.31s 
110467     INFO  main            d.u.i.k.p.i.AbstractProblemLoader Replaying proof AFilter[ThreadSpec2::preStart(java.lang.Object)].JML accessible clause.0 
110469     DEBUG main            d.u.i.k.p.i.IntermediateProofReplayer Proof replay took 6.9ns 
110772     INFO  main            d.u.i.k.p.r.p.TestFile    ... finished proof: closed. 
111010     INFO  main            d.u.i.k.p.i.AbstractProblemLoader Loading environment from /home/runner/work/key/key/key.core/../key.ui/examples/heap/permissions/threads/AFilter_preStart_accessible.key.proof 
111010     DEBUG main            d.u.i.k.p.i.AbstractProblemLoader Environment load took 109.6ns 
111013     INFO  main            d.u.i.k.p.i.AbstractProblemLoader Creating init config 
115291     DEBUG main            d.u.i.k.p.i.AbstractProblemLoader Init config took 4.28s 
115376     INFO  main            d.u.i.k.p.i.AbstractProblemLoader Replaying proof AFilter[ThreadSpec2::preStart(java.lang.Object)].JML accessible clause.0 
115411     DEBUG main            d.u.i.k.p.i.IntermediateProofReplayer Proof replay took 31.3ms 
115412     DEBUG main            d.u.i.k.p.r.p.TestFile    ... success: reloaded. 
115413     INFO  main            d.u.i.k.p.r.p.TestFile    Now processing file /home/runner/work/key/key/key.core/../key.ui/examples/heap/permissions/threads/AFilter_startTransfer_accessible.key 
115413     INFO  main            d.u.i.k.p.i.AbstractProblemLoader Loading environment from /home/runner/work/key/key/key.core/../key.ui/examples/heap/permissions/threads/AFilter_startTransfer_accessible.key 
115413     DEBUG main            d.u.i.k.p.i.AbstractProblemLoader Environment load took 107.9ns 
115414     INFO  main            d.u.i.k.p.i.AbstractProblemLoader Creating init config 
119768     DEBUG main            d.u.i.k.p.i.AbstractProblemLoader Init config took 4.35s 
119866     INFO  main            d.u.i.k.p.i.AbstractProblemLoader Replaying proof AFilter[ThreadSpec2::startTransfer()].JML accessible clause.0 
119868     DEBUG main            d.u.i.k.p.i.IntermediateProofReplayer Proof replay took 7.1ns 
129009     INFO  main            d.u.i.k.p.r.p.TestFile    ... finished proof: closed. 
129286     INFO  main            d.u.i.k.p.i.AbstractProblemLoader Loading environment from /home/runner/work/key/key/key.core/../key.ui/examples/heap/permissions/threads/AFilter_startTransfer_accessible.key.proof 
129286     DEBUG main            d.u.i.k.p.i.AbstractProblemLoader Environment load took 333.1ns 
129287     INFO  main            d.u.i.k.p.i.AbstractProblemLoader Creating init config 
133546     DEBUG main            d.u.i.k.p.i.AbstractProblemLoader Init config took 4.26s 
133630     INFO  main            d.u.i.k.p.i.AbstractProblemLoader Replaying proof AFilter[ThreadSpec2::startTransfer()].JML accessible clause.0 
134397     DEBUG main            d.u.i.k.p.i.IntermediateProofReplayer Proof replay took 742.24ms 
134399     DEBUG main            d.u.i.k.p.r.p.TestFile    ... success: reloaded. 
134400     INFO  main            d.u.i.k.p.r.p.TestFile    Now processing file /home/runner/work/key/key/key.core/../key.ui/examples/heap/permissions/threads/AFilter_startTransfer_contract.key 
134400     INFO  main            d.u.i.k.p.i.AbstractProblemLoader Loading environment from /home/runner/work/key/key/key.core/../key.ui/examples/heap/permissions/threads/AFilter_startTransfer_contract.key 
134400     DEBUG main            d.u.i.k.p.i.AbstractProblemLoader Environment load took 171.4ns 
134401     INFO  main            d.u.i.k.p.i.AbstractProblemLoader Creating init config 
138758     DEBUG main            d.u.i.k.p.i.AbstractProblemLoader Init config took 4.36s 
138846     INFO  main            d.u.i.k.p.i.AbstractProblemLoader Replaying proof AFilter[ThreadSpec2::startTransfer()].JML model_behavior operation contract.0 
138848     DEBUG main            d.u.i.k.p.i.IntermediateProofReplayer Proof replay took 7.1ns 
139251     INFO  main            d.u.i.k.p.r.p.TestFile    ... finished proof: closed. 
139638     INFO  main            d.u.i.k.p.i.AbstractProblemLoader Loading environment from /home/runner/work/key/key/key.core/../key.ui/examples/heap/permissions/threads/AFilter_startTransfer_contract.key.proof 
139638     DEBUG main            d.u.i.k.p.i.AbstractProblemLoader Environment load took 113.5ns 
139640     INFO  main            d.u.i.k.p.i.AbstractProblemLoader Creating init config 
143889     DEBUG main            d.u.i.k.p.i.AbstractProblemLoader Init config took 4.25s 
143985     INFO  main            d.u.i.k.p.i.AbstractProblemLoader Replaying proof AFilter[ThreadSpec2::startTransfer()].JML model_behavior operation contract.0 
144031     DEBUG main            d.u.i.k.p.i.IntermediateProofReplayer Proof replay took 41.68ms 
144032     DEBUG main            d.u.i.k.p.r.p.TestFile    ... success: reloaded. 
144033     INFO  main            d.u.i.k.p.r.p.TestFile    Now processing file /home/runner/work/key/key/key.core/../key.ui/examples/heap/permissions/threads/AFilter_stateInv_accessible.key 
144033     INFO  main            d.u.i.k.p.i.AbstractProblemLoader Loading environment from /home/runner/work/key/key/key.core/../key.ui/examples/heap/permissions/threads/AFilter_stateInv_accessible.key 
144033     DEBUG main            d.u.i.k.p.i.AbstractProblemLoader Environment load took 88.7ns 
144034     INFO  main            d.u.i.k.p.i.AbstractProblemLoader Creating init config 
148347     DEBUG main            d.u.i.k.p.i.AbstractProblemLoader Init config took 4.31s 
148444     INFO  main            d.u.i.k.p.i.AbstractProblemLoader Replaying proof AFilter[ThreadSpec2::stateInv()].JML accessible clause.0 
148445     DEBUG main            d.u.i.k.p.i.IntermediateProofReplayer Proof replay took 5.7ns 
148748     INFO  main            d.u.i.k.p.r.p.TestFile    ... finished proof: closed. 
149003     INFO  main            d.u.i.k.p.i.AbstractProblemLoader Loading environment from /home/runner/work/key/key/key.core/../key.ui/examples/heap/permissions/threads/AFilter_stateInv_accessible.key.proof 
149003     DEBUG main            d.u.i.k.p.i.AbstractProblemLoader Environment load took 107.8ns 
149004     INFO  main            d.u.i.k.p.i.AbstractProblemLoader Creating init config 
153247     DEBUG main            d.u.i.k.p.i.AbstractProblemLoader Init config took 4.24s 
153330     INFO  main            d.u.i.k.p.i.AbstractProblemLoader Replaying proof AFilter[ThreadSpec2::stateInv()].JML accessible clause.0 
153368     DEBUG main            d.u.i.k.p.i.IntermediateProofReplayer Proof replay took 34.85ms 
153369     DEBUG main            d.u.i.k.p.r.p.TestFile    ... success: reloaded. 
153370     INFO  main            d.u.i.k.p.r.p.TestFile    Now processing file /home/runner/work/key/key/key.core/../key.ui/examples/heap/permissions/threads/AFilter_staticPermissions_accessible.key 
153370     INFO  main            d.u.i.k.p.i.AbstractProblemLoader Loading environment from /home/runner/work/key/key/key.core/../key.ui/examples/heap/permissions/threads/AFilter_staticPermissions_accessible.key 
153371     DEBUG main            d.u.i.k.p.i.AbstractProblemLoader Environment load took 78.1ns 
153371     INFO  main            d.u.i.k.p.i.AbstractProblemLoader Creating init config 
157699     DEBUG main            d.u.i.k.p.i.AbstractProblemLoader Init config took 4.33s 
157798     INFO  main            d.u.i.k.p.i.AbstractProblemLoader Replaying proof AFilter[ThreadSpec2::staticPermissions()].JML accessible clause.0 
157802     DEBUG main            d.u.i.k.p.i.IntermediateProofReplayer Proof replay took 6.7ns 
157907     INFO  main            d.u.i.k.p.r.p.TestFile    ... finished proof: closed. 
158160     INFO  main            d.u.i.k.p.i.AbstractProblemLoader Loading environment from /home/runner/work/key/key/key.core/../key.ui/examples/heap/permissions/threads/AFilter_staticPermissions_accessible.key.proof 
158160     DEBUG main            d.u.i.k.p.i.AbstractProblemLoader Environment load took 98.9ns 
158161     INFO  main            d.u.i.k.p.i.AbstractProblemLoader Creating init config 
162418     DEBUG main            d.u.i.k.p.i.AbstractProblemLoader Init config took 4.26s 
162501     INFO  main            d.u.i.k.p.i.AbstractProblemLoader Replaying proof AFilter[ThreadSpec2::staticPermissions()].JML accessible clause.0 
162511     DEBUG main            d.u.i.k.p.i.IntermediateProofReplayer Proof replay took 8.64ms 
162512     DEBUG main            d.u.i.k.p.r.p.TestFile    ... success: reloaded. 
162513     INFO  main            d.u.i.k.p.r.p.TestFile    Now processing file /home/runner/work/key/key/key.core/../key.ui/examples/heap/permissions/threads/AFilter_workingPermissions_accessible.key 
162513     INFO  main            d.u.i.k.p.i.AbstractProblemLoader Loading environment from /home/runner/work/key/key/key.core/../key.ui/examples/heap/permissions/threads/AFilter_workingPermissions_accessible.key 
162514     DEBUG main            d.u.i.k.p.i.AbstractProblemLoader Environment load took 79.1ns 
162514     INFO  main            d.u.i.k.p.i.AbstractProblemLoader Creating init config 
166822     DEBUG main            d.u.i.k.p.i.AbstractProblemLoader Init config took 4.31s 
166904     INFO  main            d.u.i.k.p.i.AbstractProblemLoader Replaying proof AFilter[ThreadSpec2::workingPermissions()].JML accessible clause.0 
166906     DEBUG main            d.u.i.k.p.i.IntermediateProofReplayer Proof replay took 6.2ns 
167007     INFO  main            d.u.i.k.p.r.p.TestFile    ... finished proof: closed. 
167261     INFO  main            d.u.i.k.p.i.AbstractProblemLoader Loading environment from /home/runner/work/key/key/key.core/../key.ui/examples/heap/permissions/threads/AFilter_workingPermissions_accessible.key.proof 
167261     DEBUG main            d.u.i.k.p.i.AbstractProblemLoader Environment load took 95.2ns 
167262     INFO  main            d.u.i.k.p.i.AbstractProblemLoader Creating init config 
171523     DEBUG main            d.u.i.k.p.i.AbstractProblemLoader Init config took 4.26s 
171606     INFO  main            d.u.i.k.p.i.AbstractProblemLoader Replaying proof AFilter[ThreadSpec2::workingPermissions()].JML accessible clause.0 
171615     DEBUG main            d.u.i.k.p.i.IntermediateProofReplayer Proof replay took 7.74ms 
171616     DEBUG main            d.u.i.k.p.r.p.TestFile    ... success: reloaded. 
171617     INFO  main            d.u.i.k.p.r.p.TestFile    Now processing file /home/runner/work/key/key/key.core/../key.ui/examples/heap/permissions/threads/BFilter_BFilter.key 
171617     INFO  main            d.u.i.k.p.i.AbstractProblemLoader Loading environment from /home/runner/work/key/key/key.core/../key.ui/examples/heap/permissions/threads/BFilter_BFilter.key 
171617     DEBUG main            d.u.i.k.p.i.AbstractProblemLoader Environment load took 81.5ns 
171618     INFO  main            d.u.i.k.p.i.AbstractProblemLoader Creating init config 
175926     DEBUG main            d.u.i.k.p.i.AbstractProblemLoader Init config took 4.31s 
176024     INFO  main            d.u.i.k.p.i.AbstractProblemLoader Replaying proof BFilter[BFilter::BFilter(Sampler,Buffer)].JML normal_behavior operation contract.0 
176025     DEBUG main            d.u.i.k.p.i.IntermediateProofReplayer Proof replay took 5.9ns 
176969     INFO  main            d.u.i.k.p.r.p.TestFile    ... finished proof: closed. 
177240     INFO  main            d.u.i.k.p.i.AbstractProblemLoader Loading environment from /home/runner/work/key/key/key.core/../key.ui/examples/heap/permissions/threads/BFilter_BFilter.key.proof 
177240     DEBUG main            d.u.i.k.p.i.AbstractProblemLoader Environment load took 366.3ns 
177241     INFO  main            d.u.i.k.p.i.AbstractProblemLoader Creating init config 
181509     DEBUG main            d.u.i.k.p.i.AbstractProblemLoader Init config took 4.27s 
181595     INFO  main            d.u.i.k.p.i.AbstractProblemLoader Replaying proof BFilter[BFilter::BFilter(Sampler,Buffer)].JML normal_behavior operation contract.0 
181739     DEBUG main            d.u.i.k.p.i.IntermediateProofReplayer Proof replay took 140.37ms 
181740     DEBUG main            d.u.i.k.p.r.p.TestFile    ... success: reloaded. 
181741     INFO  main            d.u.i.k.p.r.p.TestFile    Now processing file /home/runner/work/key/key/key.core/../key.ui/examples/heap/permissions/threads/BFilter_initPost_accessible.key 
181742     INFO  main            d.u.i.k.p.i.AbstractProblemLoader Loading environment from /home/runner/work/key/key/key.core/../key.ui/examples/heap/permissions/threads/BFilter_initPost_accessible.key 
181742     DEBUG main            d.u.i.k.p.i.AbstractProblemLoader Environment load took 104.5ns 
181742     INFO  main            d.u.i.k.p.i.AbstractProblemLoader Creating init config 
186076     DEBUG main            d.u.i.k.p.i.AbstractProblemLoader Init config took 4.33s 
186160     INFO  main            d.u.i.k.p.i.AbstractProblemLoader Replaying proof BFilter[ThreadSpec2::initPost()].JML accessible clause.0 
186162     DEBUG main            d.u.i.k.p.i.IntermediateProofReplayer Proof replay took 5.8ns 
186263     INFO  main            d.u.i.k.p.r.p.TestFile    ... finished proof: closed. 
186536     INFO  main            d.u.i.k.p.i.AbstractProblemLoader Loading environment from /home/runner/work/key/key/key.core/../key.ui/examples/heap/permissions/threads/BFilter_initPost_accessible.key.proof 
186536     DEBUG main            d.u.i.k.p.i.AbstractProblemLoader Environment load took 138.5ns 
186537     INFO  main            d.u.i.k.p.i.AbstractProblemLoader Creating init config 
190823     DEBUG main            d.u.i.k.p.i.AbstractProblemLoader Init config took 4.29s 
190907     INFO  main            d.u.i.k.p.i.AbstractProblemLoader Replaying proof BFilter[ThreadSpec2::initPost()].JML accessible clause.0 
190918     DEBUG main            d.u.i.k.p.i.IntermediateProofReplayer Proof replay took 9.79ms 
190919     DEBUG main            d.u.i.k.p.r.p.TestFile    ... success: reloaded. 
190920     INFO  main            d.u.i.k.p.r.p.TestFile    Now processing file /home/runner/work/key/key/key.core/../key.ui/examples/heap/permissions/threads/BFilter_inv_accessible1.key 
190920     INFO  main            d.u.i.k.p.i.AbstractProblemLoader Loading environment from /home/runner/work/key/key/key.core/../key.ui/examples/heap/permissions/threads/BFilter_inv_accessible1.key 
190920     DEBUG main            d.u.i.k.p.i.AbstractProblemLoader Environment load took 81ns 
190921     INFO  main            d.u.i.k.p.i.AbstractProblemLoader Creating init config 
195214     DEBUG main            d.u.i.k.p.i.AbstractProblemLoader Init config took 4.29s 
195298     INFO  main            d.u.i.k.p.i.AbstractProblemLoader Replaying proof BFilter[java.lang.Object::<inv>()].JML accessible clause.0 
195299     DEBUG main            d.u.i.k.p.i.IntermediateProofReplayer Proof replay took 5.6ns 
195400     INFO  main            d.u.i.k.p.r.p.TestFile    ... finished proof: closed. 
195673     INFO  main            d.u.i.k.p.i.AbstractProblemLoader Loading environment from /home/runner/work/key/key/key.core/../key.ui/examples/heap/permissions/threads/BFilter_inv_accessible1.key.proof 
195673     DEBUG main            d.u.i.k.p.i.AbstractProblemLoader Environment load took 98.5ns 
195674     INFO  main            d.u.i.k.p.i.AbstractProblemLoader Creating init config 
199919     DEBUG main            d.u.i.k.p.i.AbstractProblemLoader Init config took 4.24s 
200013     INFO  main            d.u.i.k.p.i.AbstractProblemLoader Replaying proof BFilter[java.lang.Object::<inv>()].JML accessible clause.0 
200016     DEBUG main            d.u.i.k.p.i.IntermediateProofReplayer Proof replay took 1.65ms 
200017     DEBUG main            d.u.i.k.p.r.p.TestFile    ... success: reloaded. 
200018     INFO  main            d.u.i.k.p.r.p.TestFile    Now processing file /home/runner/work/key/key/key.core/../key.ui/examples/heap/permissions/threads/BFilter_inv_accessible2.key 
200018     INFO  main            d.u.i.k.p.i.AbstractProblemLoader Loading environment from /home/runner/work/key/key/key.core/../key.ui/examples/heap/permissions/threads/BFilter_inv_accessible2.key 
200018     DEBUG main            d.u.i.k.p.i.AbstractProblemLoader Environment load took 111.4ns 
200019     INFO  main            d.u.i.k.p.i.AbstractProblemLoader Creating init config 
204326     DEBUG main            d.u.i.k.p.i.AbstractProblemLoader Init config took 4.31s 
204409     INFO  main            d.u.i.k.p.i.AbstractProblemLoader Replaying proof BFilter[java.lang.Object::<inv>()].JML accessible clause.1 
204411     DEBUG main            d.u.i.k.p.i.IntermediateProofReplayer Proof replay took 6.6ns 
204514     INFO  main            d.u.i.k.p.r.p.TestFile    ... finished proof: closed. 
204794     INFO  main            d.u.i.k.p.i.AbstractProblemLoader Loading environment from /home/runner/work/key/key/key.core/../key.ui/examples/heap/permissions/threads/BFilter_inv_accessible2.key.proof 
204794     DEBUG main            d.u.i.k.p.i.AbstractProblemLoader Environment load took 89.5ns 
204795     INFO  main            d.u.i.k.p.i.AbstractProblemLoader Creating init config 
209051     DEBUG main            d.u.i.k.p.i.AbstractProblemLoader Init config took 4.26s 
209135     INFO  main            d.u.i.k.p.i.AbstractProblemLoader Replaying proof BFilter[java.lang.Object::<inv>()].JML accessible clause.1 
209138     DEBUG main            d.u.i.k.p.i.IntermediateProofReplayer Proof replay took 1.66ms 
209139     DEBUG main            d.u.i.k.p.r.p.TestFile    ... success: reloaded. 
209140     INFO  main            d.u.i.k.p.r.p.TestFile    Now processing file /home/runner/work/key/key/key.core/../key.ui/examples/heap/permissions/threads/BFilter_joinTransfer_accessible.key 
209140     INFO  main            d.u.i.k.p.i.AbstractProblemLoader Loading environment from /home/runner/work/key/key/key.core/../key.ui/examples/heap/permissions/threads/BFilter_joinTransfer_accessible.key 
209140     DEBUG main            d.u.i.k.p.i.AbstractProblemLoader Environment load took 60.5ns 
209141     INFO  main            d.u.i.k.p.i.AbstractProblemLoader Creating init config 
213466     DEBUG main            d.u.i.k.p.i.AbstractProblemLoader Init config took 4.33s 
213574     INFO  main            d.u.i.k.p.i.AbstractProblemLoader Replaying proof BFilter[ThreadSpec2::joinTransfer()].JML accessible clause.0 
213576     DEBUG main            d.u.i.k.p.i.IntermediateProofReplayer Proof replay took 6.8ns 
214581     INFO  main            d.u.i.k.p.r.p.TestFile    ... finished proof: closed. 
214981     INFO  main            d.u.i.k.p.i.AbstractProblemLoader Loading environment from /home/runner/work/key/key/key.core/../key.ui/examples/heap/permissions/threads/BFilter_joinTransfer_accessible.key.proof 
214981     DEBUG main            d.u.i.k.p.i.AbstractProblemLoader Environment load took 307.3ns 
214982     INFO  main            d.u.i.k.p.i.AbstractProblemLoader Creating init config 
219237     DEBUG main            d.u.i.k.p.i.AbstractProblemLoader Init config took 4.25s 
219319     INFO  main            d.u.i.k.p.i.AbstractProblemLoader Replaying proof BFilter[ThreadSpec2::joinTransfer()].JML accessible clause.0 
219424     DEBUG main            d.u.i.k.p.i.IntermediateProofReplayer Proof replay took 99.18ms 
219425     DEBUG main            d.u.i.k.p.r.p.TestFile    ... success: reloaded. 
219426     INFO  main            d.u.i.k.p.r.p.TestFile    Now processing file /home/runner/work/key/key/key.core/../key.ui/examples/heap/permissions/threads/BFilter_joinTransfer_contract.key 
219426     INFO  main            d.u.i.k.p.i.AbstractProblemLoader Loading environment from /home/runner/work/key/key/key.core/../key.ui/examples/heap/permissions/threads/BFilter_joinTransfer_contract.key 
219426     DEBUG main            d.u.i.k.p.i.AbstractProblemLoader Environment load took 74.2ns 
219427     INFO  main            d.u.i.k.p.i.AbstractProblemLoader Creating init config 
223698     DEBUG main            d.u.i.k.p.i.AbstractProblemLoader Init config took 4.27s 
223783     INFO  main            d.u.i.k.p.i.AbstractProblemLoader Replaying proof BFilter[ThreadSpec2::joinTransfer()].JML model_behavior operation contract.0 
223784     DEBUG main            d.u.i.k.p.i.IntermediateProofReplayer Proof replay took 5.7ns 
223887     INFO  main            d.u.i.k.p.r.p.TestFile    ... finished proof: closed. 
224317     INFO  main            d.u.i.k.p.i.AbstractProblemLoader Loading environment from /home/runner/work/key/key/key.core/../key.ui/examples/heap/permissions/threads/BFilter_joinTransfer_contract.key.proof 
224317     DEBUG main            d.u.i.k.p.i.AbstractProblemLoader Environment load took 97.4ns 
224318     INFO  main            d.u.i.k.p.i.AbstractProblemLoader Creating init config 
228531     DEBUG main            d.u.i.k.p.i.AbstractProblemLoader Init config took 4.21s 
228626     INFO  main            d.u.i.k.p.i.AbstractProblemLoader Replaying proof BFilter[ThreadSpec2::joinTransfer()].JML model_behavior operation contract.0 
228634     DEBUG main            d.u.i.k.p.i.IntermediateProofReplayer Proof replay took 6.78ms 
228635     DEBUG main            d.u.i.k.p.r.p.TestFile    ... success: reloaded. 
228635     INFO  main            d.u.i.k.p.r.p.TestFile    Now processing file /home/runner/work/key/key/key.core/../key.ui/examples/heap/permissions/threads/BFilter_postJoin_accessible.key 
228636     INFO  main            d.u.i.k.p.i.AbstractProblemLoader Loading environment from /home/runner/work/key/key/key.core/../key.ui/examples/heap/permissions/threads/BFilter_postJoin_accessible.key 
228636     DEBUG main            d.u.i.k.p.i.AbstractProblemLoader Environment load took 50.5ns 
228637     INFO  main            d.u.i.k.p.i.AbstractProblemLoader Creating init config 
232937     DEBUG main            d.u.i.k.p.i.AbstractProblemLoader Init config took 4.3s 
233022     INFO  main            d.u.i.k.p.i.AbstractProblemLoader Replaying proof BFilter[ThreadSpec2::postJoin(java.lang.Object)].JML accessible clause.0 
233023     DEBUG main            d.u.i.k.p.i.IntermediateProofReplayer Proof replay took 7.4ns 
233125     INFO  main            d.u.i.k.p.r.p.TestFile    ... finished proof: closed. 
233512     INFO  main            d.u.i.k.p.i.AbstractProblemLoader Loading environment from /home/runner/work/key/key/key.core/../key.ui/examples/heap/permissions/threads/BFilter_postJoin_accessible.key.proof 
233512     DEBUG main            d.u.i.k.p.i.AbstractProblemLoader Environment load took 89.8ns 
233513     INFO  main            d.u.i.k.p.i.AbstractProblemLoader Creating init config 
237744     DEBUG main            d.u.i.k.p.i.AbstractProblemLoader Init config took 4.23s 
237826     INFO  main            d.u.i.k.p.i.AbstractProblemLoader Replaying proof BFilter[ThreadSpec2::postJoin(java.lang.Object)].JML accessible clause.0 
237834     DEBUG main            d.u.i.k.p.i.IntermediateProofReplayer Proof replay took 5.78ms 
237834     DEBUG main            d.u.i.k.p.r.p.TestFile    ... success: reloaded. 
237835     INFO  main            d.u.i.k.p.r.p.TestFile    Now processing file /home/runner/work/key/key/key.core/../key.ui/examples/heap/permissions/threads/BFilter_preStart_accessible.key 
237835     INFO  main            d.u.i.k.p.i.AbstractProblemLoader Loading environment from /home/runner/work/key/key/key.core/../key.ui/examples/heap/permissions/threads/BFilter_preStart_accessible.key 
237836     DEBUG main            d.u.i.k.p.i.AbstractProblemLoader Environment load took 48.8ns 
237836     INFO  main            d.u.i.k.p.i.AbstractProblemLoader Creating init config 
242136     DEBUG main            d.u.i.k.p.i.AbstractProblemLoader Init config took 4.3s 
242232     INFO  main            d.u.i.k.p.i.AbstractProblemLoader Replaying proof BFilter[ThreadSpec2::preStart(java.lang.Object)].JML accessible clause.0 
242234     DEBUG main            d.u.i.k.p.i.IntermediateProofReplayer Proof replay took 6.3ns 
242536     INFO  main            d.u.i.k.p.r.p.TestFile    ... finished proof: closed. 
242854     INFO  main            d.u.i.k.p.i.AbstractProblemLoader Loading environment from /home/runner/work/key/key/key.core/../key.ui/examples/heap/permissions/threads/BFilter_preStart_accessible.key.proof 
242854     DEBUG main            d.u.i.k.p.i.AbstractProblemLoader Environment load took 93.6ns 
242855     INFO  main            d.u.i.k.p.i.AbstractProblemLoader Creating init config 
247105     DEBUG main            d.u.i.k.p.i.AbstractProblemLoader Init config took 4.25s 
247187     INFO  main            d.u.i.k.p.i.AbstractProblemLoader Replaying proof BFilter[ThreadSpec2::preStart(java.lang.Object)].JML accessible clause.0 
247218     DEBUG main            d.u.i.k.p.i.IntermediateProofReplayer Proof replay took 28.27ms 
247219     DEBUG main            d.u.i.k.p.r.p.TestFile    ... success: reloaded. 
247220     INFO  main            d.u.i.k.p.r.p.TestFile    Now processing file /home/runner/work/key/key/key.core/../key.ui/examples/heap/permissions/threads/BFilter_startTransfer_accessible.key 
247220     INFO  main            d.u.i.k.p.i.AbstractProblemLoader Loading environment from /home/runner/work/key/key/key.core/../key.ui/examples/heap/permissions/threads/BFilter_startTransfer_accessible.key 
247220     DEBUG main            d.u.i.k.p.i.AbstractProblemLoader Environment load took 73.4ns 
247221     INFO  main            d.u.i.k.p.i.AbstractProblemLoader Creating init config 
251554     DEBUG main            d.u.i.k.p.i.AbstractProblemLoader Init config took 4.33s 
251636     INFO  main            d.u.i.k.p.i.AbstractProblemLoader Replaying proof BFilter[ThreadSpec2::startTransfer()].JML accessible clause.0 
251637     DEBUG main            d.u.i.k.p.i.IntermediateProofReplayer Proof replay took 6.9ns 
261420     INFO  main            d.u.i.k.p.r.p.TestFile    ... finished proof: closed. 
261754     INFO  main            d.u.i.k.p.i.AbstractProblemLoader Loading environment from /home/runner/work/key/key/key.core/../key.ui/examples/heap/permissions/threads/BFilter_startTransfer_accessible.key.proof 
261754     DEBUG main            d.u.i.k.p.i.AbstractProblemLoader Environment load took 102.8ns 
261755     INFO  main            d.u.i.k.p.i.AbstractProblemLoader Creating init config 
265976     DEBUG main            d.u.i.k.p.i.AbstractProblemLoader Init config took 4.22s 
266078     INFO  main            d.u.i.k.p.i.AbstractProblemLoader Replaying proof BFilter[ThreadSpec2::startTransfer()].JML accessible clause.0 
266840     DEBUG main            d.u.i.k.p.i.IntermediateProofReplayer Proof replay took 745.71ms 
266842     DEBUG main            d.u.i.k.p.r.p.TestFile    ... success: reloaded. 
266843     INFO  main            d.u.i.k.p.r.p.TestFile    Now processing file /home/runner/work/key/key/key.core/../key.ui/examples/heap/permissions/threads/BFilter_startTransfer_contract.key 
266844     INFO  main            d.u.i.k.p.i.AbstractProblemLoader Loading environment from /home/runner/work/key/key/key.core/../key.ui/examples/heap/permissions/threads/BFilter_startTransfer_contract.key 
266844     DEBUG main            d.u.i.k.p.i.AbstractProblemLoader Environment load took 156.1ns 
266845     INFO  main            d.u.i.k.p.i.AbstractProblemLoader Creating init config 
271179     DEBUG main            d.u.i.k.p.i.AbstractProblemLoader Init config took 4.33s 
271262     INFO  main            d.u.i.k.p.i.AbstractProblemLoader Replaying proof BFilter[ThreadSpec2::startTransfer()].JML model_behavior operation contract.0 
271264     DEBUG main            d.u.i.k.p.i.IntermediateProofReplayer Proof replay took 6.4ns 
272270     INFO  main            d.u.i.k.p.r.p.TestFile    ... finished proof: closed. 
272587     INFO  main            d.u.i.k.p.i.AbstractProblemLoader Loading environment from /home/runner/work/key/key/key.core/../key.ui/examples/heap/permissions/threads/BFilter_startTransfer_contract.key.proof 
272587     DEBUG main            d.u.i.k.p.i.AbstractProblemLoader Environment load took 299.6ns 
272588     INFO  main            d.u.i.k.p.i.AbstractProblemLoader Creating init config 
276825     DEBUG main            d.u.i.k.p.i.AbstractProblemLoader Init config took 4.24s 
276907     INFO  main            d.u.i.k.p.i.AbstractProblemLoader Replaying proof BFilter[ThreadSpec2::startTransfer()].JML model_behavior operation contract.0 
277000     DEBUG main            d.u.i.k.p.i.IntermediateProofReplayer Proof replay took 86.89ms 
277001     DEBUG main            d.u.i.k.p.r.p.TestFile    ... success: reloaded. 
277001     INFO  main            d.u.i.k.p.r.p.TestFile    Now processing file /home/runner/work/key/key/key.core/../key.ui/examples/heap/permissions/threads/BFilter_stateInv_accessible.key 
277002     INFO  main            d.u.i.k.p.i.AbstractProblemLoader Loading environment from /home/runner/work/key/key/key.core/../key.ui/examples/heap/permissions/threads/BFilter_stateInv_accessible.key 
277002     DEBUG main            d.u.i.k.p.i.AbstractProblemLoader Environment load took 57.8ns 
277002     INFO  main            d.u.i.k.p.i.AbstractProblemLoader Creating init config 
281311     DEBUG main            d.u.i.k.p.i.AbstractProblemLoader Init config took 4.31s 
281422     INFO  main            d.u.i.k.p.i.AbstractProblemLoader Replaying proof BFilter[ThreadSpec2::stateInv()].JML accessible clause.0 
281423     DEBUG main            d.u.i.k.p.i.IntermediateProofReplayer Proof replay took 6.2ns 
281728     INFO  main            d.u.i.k.p.r.p.TestFile    ... finished proof: closed. 
282104     INFO  main            d.u.i.k.p.i.AbstractProblemLoader Loading environment from /home/runner/work/key/key/key.core/../key.ui/examples/heap/permissions/threads/BFilter_stateInv_accessible.key.proof 
282104     DEBUG main            d.u.i.k.p.i.AbstractProblemLoader Environment load took 91.7ns 
282105     INFO  main            d.u.i.k.p.i.AbstractProblemLoader Creating init config 
286326     DEBUG main            d.u.i.k.p.i.AbstractProblemLoader Init config took 4.22s 
286409     INFO  main            d.u.i.k.p.i.AbstractProblemLoader Replaying proof BFilter[ThreadSpec2::stateInv()].JML accessible clause.0 
286445     DEBUG main            d.u.i.k.p.i.IntermediateProofReplayer Proof replay took 33.46ms 
286446     DEBUG main            d.u.i.k.p.r.p.TestFile    ... success: reloaded. 
286458     INFO  main            d.u.i.k.p.r.p.TestFile    Now processing file /home/runner/work/key/key/key.core/../key.ui/examples/heap/permissions/threads/BFilter_staticPermissions_accessible.key 
286458     INFO  main            d.u.i.k.p.i.AbstractProblemLoader Loading environment from /home/runner/work/key/key/key.core/../key.ui/examples/heap/permissions/threads/BFilter_staticPermissions_accessible.key 
286458     DEBUG main            d.u.i.k.p.i.AbstractProblemLoader Environment load took 50.3ns 
286459     INFO  main            d.u.i.k.p.i.AbstractProblemLoader Creating init config 
290763     DEBUG main            d.u.i.k.p.i.AbstractProblemLoader Init config took 4.3s 
290847     INFO  main            d.u.i.k.p.i.AbstractProblemLoader Replaying proof BFilter[ThreadSpec2::staticPermissions()].JML accessible clause.0 
290849     DEBUG main            d.u.i.k.p.i.IntermediateProofReplayer Proof replay took 6.1ns 
290950     INFO  main            d.u.i.k.p.r.p.TestFile    ... finished proof: closed. 
291286     INFO  main            d.u.i.k.p.i.AbstractProblemLoader Loading environment from /home/runner/work/key/key/key.core/../key.ui/examples/heap/permissions/threads/BFilter_staticPermissions_accessible.key.proof 
291286     DEBUG main            d.u.i.k.p.i.AbstractProblemLoader Environment load took 87.6ns 
291287     INFO  main            d.u.i.k.p.i.AbstractProblemLoader Creating init config 
295503     DEBUG main            d.u.i.k.p.i.AbstractProblemLoader Init config took 4.22s 
295595     INFO  main            d.u.i.k.p.i.AbstractProblemLoader Replaying proof BFilter[ThreadSpec2::staticPermissions()].JML accessible clause.0 
295605     DEBUG main            d.u.i.k.p.i.IntermediateProofReplayer Proof replay took 8.42ms 
295606     DEBUG main            d.u.i.k.p.r.p.TestFile    ... success: reloaded. 
295607     INFO  main            d.u.i.k.p.r.p.TestFile    Now processing file /home/runner/work/key/key/key.core/../key.ui/examples/heap/permissions/threads/BFilter_workingPermissions_accessible.key 
295607     INFO  main            d.u.i.k.p.i.AbstractProblemLoader Loading environment from /home/runner/work/key/key/key.core/../key.ui/examples/heap/permissions/threads/BFilter_workingPermissions_accessible.key 
295607     DEBUG main            d.u.i.k.p.i.AbstractProblemLoader Environment load took 48.6ns 
295608     INFO  main            d.u.i.k.p.i.AbstractProblemLoader Creating init config 
299907     DEBUG main            d.u.i.k.p.i.AbstractProblemLoader Init config took 4.3s 
299989     INFO  main            d.u.i.k.p.i.AbstractProblemLoader Replaying proof BFilter[ThreadSpec2::workingPermissions()].JML accessible clause.0 
299990     DEBUG main            d.u.i.k.p.i.IntermediateProofReplayer Proof replay took 6.5ns 
300093     INFO  main            d.u.i.k.p.r.p.TestFile    ... finished proof: closed. 
300427     INFO  main            d.u.i.k.p.i.AbstractProblemLoader Loading environment from /home/runner/work/key/key/key.core/../key.ui/examples/heap/permissions/threads/BFilter_workingPermissions_accessible.key.proof 
300427     DEBUG main            d.u.i.k.p.i.AbstractProblemLoader Environment load took 86.4ns 
300428     INFO  main            d.u.i.k.p.i.AbstractProblemLoader Creating init config 
304645     DEBUG main            d.u.i.k.p.i.AbstractProblemLoader Init config took 4.22s 
304738     INFO  main            d.u.i.k.p.i.AbstractProblemLoader Replaying proof BFilter[ThreadSpec2::workingPermissions()].JML accessible clause.0 
304747     DEBUG main            d.u.i.k.p.i.IntermediateProofReplayer Proof replay took 7.4ms 
304747     DEBUG main            d.u.i.k.p.r.p.TestFile    ... success: reloaded. 
304748     INFO  main            d.u.i.k.p.r.p.TestFile    Now processing file /home/runner/work/key/key/key.core/../key.ui/examples/heap/permissions/threads/Fib_Fib.key 
304748     INFO  main            d.u.i.k.p.i.AbstractProblemLoader Loading environment from /home/runner/work/key/key/key.core/../key.ui/examples/heap/permissions/threads/Fib_Fib.key 
304748     DEBUG main            d.u.i.k.p.i.AbstractProblemLoader Environment load took 58.9ns 
304749     INFO  main            d.u.i.k.p.i.AbstractProblemLoader Creating init config 
309035     DEBUG main            d.u.i.k.p.i.AbstractProblemLoader Init config took 4.29s 
309117     INFO  main            d.u.i.k.p.i.AbstractProblemLoader Replaying proof Fib[Fib::Fib(int)].JML normal_behavior operation contract.0 
309118     DEBUG main            d.u.i.k.p.i.IntermediateProofReplayer Proof replay took 5.6ns 
309724     INFO  main            d.u.i.k.p.r.p.TestFile    ... finished proof: closed. 
310082     INFO  main            d.u.i.k.p.i.AbstractProblemLoader Loading environment from /home/runner/work/key/key/key.core/../key.ui/examples/heap/permissions/threads/Fib_Fib.key.proof 
310082     DEBUG main            d.u.i.k.p.i.AbstractProblemLoader Environment load took 90ns 
310083     INFO  main            d.u.i.k.p.i.AbstractProblemLoader Creating init config 
314356     DEBUG main            d.u.i.k.p.i.AbstractProblemLoader Init config took 4.27s 
314439     INFO  main            d.u.i.k.p.i.AbstractProblemLoader Replaying proof Fib[Fib::Fib(int)].JML normal_behavior operation contract.0 
314533     DEBUG main            d.u.i.k.p.i.IntermediateProofReplayer Proof replay took 91.91ms 
314534     DEBUG main            d.u.i.k.p.r.p.TestFile    ... success: reloaded. 
314535     INFO  main            d.u.i.k.p.r.p.TestFile    Now processing file /home/runner/work/key/key/key.core/../key.ui/examples/heap/permissions/threads/Fib_initPost_accessible.key 
314535     INFO  main            d.u.i.k.p.i.AbstractProblemLoader Loading environment from /home/runner/work/key/key/key.core/../key.ui/examples/heap/permissions/threads/Fib_initPost_accessible.key 
314535     DEBUG main            d.u.i.k.p.i.AbstractProblemLoader Environment load took 48.2ns 
314536     INFO  main            d.u.i.k.p.i.AbstractProblemLoader Creating init config 
318849     DEBUG main            d.u.i.k.p.i.AbstractProblemLoader Init config took 4.31s 
318930     INFO  main            d.u.i.k.p.i.AbstractProblemLoader Replaying proof Fib[ThreadSpec::initPost()].JML accessible clause.0 
318932     DEBUG main            d.u.i.k.p.i.IntermediateProofReplayer Proof replay took 7.6ns 
319034     INFO  main            d.u.i.k.p.r.p.TestFile    ... finished proof: closed. 
319378     INFO  main            d.u.i.k.p.i.AbstractProblemLoader Loading environment from /home/runner/work/key/key/key.core/../key.ui/examples/heap/permissions/threads/Fib_initPost_accessible.key.proof 
319378     DEBUG main            d.u.i.k.p.i.AbstractProblemLoader Environment load took 84.4ns 
319379     INFO  main            d.u.i.k.p.i.AbstractProblemLoader Creating init config 
323601     DEBUG main            d.u.i.k.p.i.AbstractProblemLoader Init config took 4.22s 
323682     INFO  main            d.u.i.k.p.i.AbstractProblemLoader Replaying proof Fib[ThreadSpec::initPost()].JML accessible clause.0 
323688     DEBUG main            d.u.i.k.p.i.IntermediateProofReplayer Proof replay took 4.5ms 
323689     DEBUG main            d.u.i.k.p.r.p.TestFile    ... success: reloaded. 
323690     INFO  main            d.u.i.k.p.r.p.TestFile    Now processing file /home/runner/work/key/key/key.core/../key.ui/examples/heap/permissions/threads/Fib_inv1_accessible.key 
323690     INFO  main            d.u.i.k.p.i.AbstractProblemLoader Loading environment from /home/runner/work/key/key/key.core/../key.ui/examples/heap/permissions/threads/Fib_inv1_accessible.key 
323690     DEBUG main            d.u.i.k.p.i.AbstractProblemLoader Environment load took 43.9ns 
323691     INFO  main            d.u.i.k.p.i.AbstractProblemLoader Creating init config 
327984     DEBUG main            d.u.i.k.p.i.AbstractProblemLoader Init config took 4.29s 
328071     INFO  main            d.u.i.k.p.i.AbstractProblemLoader Replaying proof Fib[java.lang.Object::<inv>()].JML accessible clause.0 
328072     DEBUG main            d.u.i.k.p.i.IntermediateProofReplayer Proof replay took 5.6ns 
328173     INFO  main            d.u.i.k.p.r.p.TestFile    ... finished proof: closed. 
328520     INFO  main            d.u.i.k.p.i.AbstractProblemLoader Loading environment from /home/runner/work/key/key/key.core/../key.ui/examples/heap/permissions/threads/Fib_inv1_accessible.key.proof 
328520     DEBUG main            d.u.i.k.p.i.AbstractProblemLoader Environment load took 79.5ns 
328521     INFO  main            d.u.i.k.p.i.AbstractProblemLoader Creating init config 
332736     DEBUG main            d.u.i.k.p.i.AbstractProblemLoader Init config took 4.21s 
332818     INFO  main            d.u.i.k.p.i.AbstractProblemLoader Replaying proof Fib[java.lang.Object::<inv>()].JML accessible clause.0 
332820     DEBUG main            d.u.i.k.p.i.IntermediateProofReplayer Proof replay took 1.55ms 
332821     DEBUG main            d.u.i.k.p.r.p.TestFile    ... success: reloaded. 
332822     INFO  main            d.u.i.k.p.r.p.TestFile    Now processing file /home/runner/work/key/key/key.core/../key.ui/examples/heap/permissions/threads/Fib_inv2_accessible.key 
332822     INFO  main            d.u.i.k.p.i.AbstractProblemLoader Loading environment from /home/runner/work/key/key/key.core/../key.ui/examples/heap/permissions/threads/Fib_inv2_accessible.key 
332822     DEBUG main            d.u.i.k.p.i.AbstractProblemLoader Environment load took 68.4ns 
332823     INFO  main            d.u.i.k.p.i.AbstractProblemLoader Creating init config 
337121     DEBUG main            d.u.i.k.p.i.AbstractProblemLoader Init config took 4.3s 
337202     INFO  main            d.u.i.k.p.i.AbstractProblemLoader Replaying proof Fib[java.lang.Object::<inv>()].JML accessible clause.1 
337203     DEBUG main            d.u.i.k.p.i.IntermediateProofReplayer Proof replay took 6ns 
337304     INFO  main            d.u.i.k.p.r.p.TestFile    ... finished proof: closed. 
337664     INFO  main            d.u.i.k.p.i.AbstractProblemLoader Loading environment from /home/runner/work/key/key/key.core/../key.ui/examples/heap/permissions/threads/Fib_inv2_accessible.key.proof 
337664     DEBUG main            d.u.i.k.p.i.AbstractProblemLoader Environment load took 80.9ns 
337665     INFO  main            d.u.i.k.p.i.AbstractProblemLoader Creating init config 
341890     DEBUG main            d.u.i.k.p.i.AbstractProblemLoader Init config took 4.22s 
341972     INFO  main            d.u.i.k.p.i.AbstractProblemLoader Replaying proof Fib[java.lang.Object::<inv>()].JML accessible clause.1 
341975     DEBUG main            d.u.i.k.p.i.IntermediateProofReplayer Proof replay took 1.59ms 
341975     DEBUG main            d.u.i.k.p.r.p.TestFile    ... success: reloaded. 
341976     INFO  main            d.u.i.k.p.r.p.TestFile    Now processing file /home/runner/work/key/key/key.core/../key.ui/examples/heap/permissions/threads/Fib_joinTransfer_accessible.key 
341976     INFO  main            d.u.i.k.p.i.AbstractProblemLoader Loading environment from /home/runner/work/key/key/key.core/../key.ui/examples/heap/permissions/threads/Fib_joinTransfer_accessible.key 
341976     DEBUG main            d.u.i.k.p.i.AbstractProblemLoader Environment load took 47.4ns 
341977     INFO  main            d.u.i.k.p.i.AbstractProblemLoader Creating init config 
346297     DEBUG main            d.u.i.k.p.i.AbstractProblemLoader Init config took 4.32s 
346378     INFO  main            d.u.i.k.p.i.AbstractProblemLoader Replaying proof Fib[ThreadSpec::joinTransfer()].JML accessible clause.0 
346379     DEBUG main            d.u.i.k.p.i.IntermediateProofReplayer Proof replay took 6.6ns 
346583     INFO  main            d.u.i.k.p.r.p.TestFile    ... finished proof: closed. 
346949     INFO  main            d.u.i.k.p.i.AbstractProblemLoader Loading environment from /home/runner/work/key/key/key.core/../key.ui/examples/heap/permissions/threads/Fib_joinTransfer_accessible.key.proof 
346950     DEBUG main            d.u.i.k.p.i.AbstractProblemLoader Environment load took 84.4ns 
346950     INFO  main            d.u.i.k.p.i.AbstractProblemLoader Creating init config 
351170     DEBUG main            d.u.i.k.p.i.AbstractProblemLoader Init config took 4.22s 
351264     INFO  main            d.u.i.k.p.i.AbstractProblemLoader Replaying proof Fib[ThreadSpec::joinTransfer()].JML accessible clause.0 
351288     DEBUG main            d.u.i.k.p.i.IntermediateProofReplayer Proof replay took 21.65ms 
351289     DEBUG main            d.u.i.k.p.r.p.TestFile    ... success: reloaded. 
351290     INFO  main            d.u.i.k.p.r.p.TestFile    Now processing file /home/runner/work/key/key/key.core/../key.ui/examples/heap/permissions/threads/Fib_joinTransfer_contract.key 
351290     INFO  main            d.u.i.k.p.i.AbstractProblemLoader Loading environment from /home/runner/work/key/key/key.core/../key.ui/examples/heap/permissions/threads/Fib_joinTransfer_contract.key 
351290     DEBUG main            d.u.i.k.p.i.AbstractProblemLoader Environment load took 176.1ns 
351291     INFO  main            d.u.i.k.p.i.AbstractProblemLoader Creating init config 
355588     DEBUG main            d.u.i.k.p.i.AbstractProblemLoader Init config took 4.3s 
355669     INFO  main            d.u.i.k.p.i.AbstractProblemLoader Replaying proof Fib[ThreadSpec::joinTransfer()].JML model_behavior operation contract.0 
355671     DEBUG main            d.u.i.k.p.i.IntermediateProofReplayer Proof replay took 6.7ns 
355772     INFO  main            d.u.i.k.p.r.p.TestFile    ... finished proof: closed. 
356139     INFO  main            d.u.i.k.p.i.AbstractProblemLoader Loading environment from /home/runner/work/key/key/key.core/../key.ui/examples/heap/permissions/threads/Fib_joinTransfer_contract.key.proof 
356139     DEBUG main            d.u.i.k.p.i.AbstractProblemLoader Environment load took 92.6ns 
356140     INFO  main            d.u.i.k.p.i.AbstractProblemLoader Creating init config 
360378     DEBUG main            d.u.i.k.p.i.AbstractProblemLoader Init config took 4.24s 
360461     INFO  main            d.u.i.k.p.i.AbstractProblemLoader Replaying proof Fib[ThreadSpec::joinTransfer()].JML model_behavior operation contract.0 
360468     DEBUG main            d.u.i.k.p.i.IntermediateProofReplayer Proof replay took 6.09ms 
360469     DEBUG main            d.u.i.k.p.r.p.TestFile    ... success: reloaded. 
360470     INFO  main            d.u.i.k.p.r.p.TestFile    Now processing file /home/runner/work/key/key/key.core/../key.ui/examples/heap/permissions/threads/Fib_postJoin_accessible.key 
360470     INFO  main            d.u.i.k.p.i.AbstractProblemLoader Loading environment from /home/runner/work/key/key/key.core/../key.ui/examples/heap/permissions/threads/Fib_postJoin_accessible.key 
360470     DEBUG main            d.u.i.k.p.i.AbstractProblemLoader Environment load took 64.2ns 
360471     INFO  main            d.u.i.k.p.i.AbstractProblemLoader Creating init config 
364750     DEBUG main            d.u.i.k.p.i.AbstractProblemLoader Init config took 4.28s 
364845     INFO  main            d.u.i.k.p.i.AbstractProblemLoader Replaying proof Fib[ThreadSpec::postJoin(java.lang.Object)].JML accessible clause.0 
364848     DEBUG main            d.u.i.k.p.i.IntermediateProofReplayer Proof replay took 7.2ns 
364949     INFO  main            d.u.i.k.p.r.p.TestFile    ... finished proof: closed. 
365323     INFO  main            d.u.i.k.p.i.AbstractProblemLoader Loading environment from /home/runner/work/key/key/key.core/../key.ui/examples/heap/permissions/threads/Fib_postJoin_accessible.key.proof 
365324     DEBUG main            d.u.i.k.p.i.AbstractProblemLoader Environment load took 83.1ns 
365324     INFO  main            d.u.i.k.p.i.AbstractProblemLoader Creating init config 
369558     DEBUG main            d.u.i.k.p.i.AbstractProblemLoader Init config took 4.23s 
369639     INFO  main            d.u.i.k.p.i.AbstractProblemLoader Replaying proof Fib[ThreadSpec::postJoin(java.lang.Object)].JML accessible clause.0 
369645     DEBUG main            d.u.i.k.p.i.IntermediateProofReplayer Proof replay took 4.7ms 
369646     DEBUG main            d.u.i.k.p.r.p.TestFile    ... success: reloaded. 
369647     INFO  main            d.u.i.k.p.r.p.TestFile    Now processing file /home/runner/work/key/key/key.core/../key.ui/examples/heap/permissions/threads/Fib_preStart_accessible.key 
369647     INFO  main            d.u.i.k.p.i.AbstractProblemLoader Loading environment from /home/runner/work/key/key/key.core/../key.ui/examples/heap/permissions/threads/Fib_preStart_accessible.key 
369647     DEBUG main            d.u.i.k.p.i.AbstractProblemLoader Environment load took 75.9ns 
369648     INFO  main            d.u.i.k.p.i.AbstractProblemLoader Creating init config 
373953     DEBUG main            d.u.i.k.p.i.AbstractProblemLoader Init config took 4.31s 
374035     INFO  main            d.u.i.k.p.i.AbstractProblemLoader Replaying proof Fib[ThreadSpec::preStart(java.lang.Object)].JML accessible clause.0 
374036     DEBUG main            d.u.i.k.p.i.IntermediateProofReplayer Proof replay took 6.8ns 
374138     INFO  main            d.u.i.k.p.r.p.TestFile    ... finished proof: closed. 
374512     INFO  main            d.u.i.k.p.i.AbstractProblemLoader Loading environment from /home/runner/work/key/key/key.core/../key.ui/examples/heap/permissions/threads/Fib_preStart_accessible.key.proof 
374512     DEBUG main            d.u.i.k.p.i.AbstractProblemLoader Environment load took 83.5ns 
374513     INFO  main            d.u.i.k.p.i.AbstractProblemLoader Creating init config 
379071     DEBUG main            d.u.i.k.p.i.AbstractProblemLoader Init config took 4.56s 
379153     INFO  main            d.u.i.k.p.i.AbstractProblemLoader Replaying proof Fib[ThreadSpec::preStart(java.lang.Object)].JML accessible clause.0 
379159     DEBUG main            d.u.i.k.p.i.IntermediateProofReplayer Proof replay took 4.79ms 
379160     DEBUG main            d.u.i.k.p.r.p.TestFile    ... success: reloaded. 
379161     INFO  main            d.u.i.k.p.r.p.TestFile    Now processing file /home/runner/work/key/key/key.core/../key.ui/examples/heap/permissions/threads/Fib_startTransfer_accessible.key 
379161     INFO  main            d.u.i.k.p.i.AbstractProblemLoader Loading environment from /home/runner/work/key/key/key.core/../key.ui/examples/heap/permissions/threads/Fib_startTransfer_accessible.key 
379161     DEBUG main            d.u.i.k.p.i.AbstractProblemLoader Environment load took 59.4ns 
379162     INFO  main            d.u.i.k.p.i.AbstractProblemLoader Creating init config 
383462     DEBUG main            d.u.i.k.p.i.AbstractProblemLoader Init config took 4.3s 
383544     INFO  main            d.u.i.k.p.i.AbstractProblemLoader Replaying proof Fib[ThreadSpec::startTransfer()].JML accessible clause.0 
383545     DEBUG main            d.u.i.k.p.i.IntermediateProofReplayer Proof replay took 7.7ns 
383764     INFO  main            d.u.i.k.p.r.p.TestFile    ... finished proof: closed. 
384151     INFO  main            d.u.i.k.p.i.AbstractProblemLoader Loading environment from /home/runner/work/key/key/key.core/../key.ui/examples/heap/permissions/threads/Fib_startTransfer_accessible.key.proof 
384151     DEBUG main            d.u.i.k.p.i.AbstractProblemLoader Environment load took 96.9ns 
384152     INFO  main            d.u.i.k.p.i.AbstractProblemLoader Creating init config 
388373     DEBUG main            d.u.i.k.p.i.AbstractProblemLoader Init config took 4.22s 
388454     INFO  main            d.u.i.k.p.i.AbstractProblemLoader Replaying proof Fib[ThreadSpec::startTransfer()].JML accessible clause.0 
388491     DEBUG main            d.u.i.k.p.i.IntermediateProofReplayer Proof replay took 34.18ms 
388491     DEBUG main            d.u.i.k.p.r.p.TestFile    ... success: reloaded. 
388492     INFO  main            d.u.i.k.p.r.p.TestFile    Now processing file /home/runner/work/key/key/key.core/../key.ui/examples/heap/permissions/threads/Fib_startTransfer_contract.key 
388492     INFO  main            d.u.i.k.p.i.AbstractProblemLoader Loading environment from /home/runner/work/key/key/key.core/../key.ui/examples/heap/permissions/threads/Fib_startTransfer_contract.key 
388493     DEBUG main            d.u.i.k.p.i.AbstractProblemLoader Environment load took 86.7ns 
388493     INFO  main            d.u.i.k.p.i.AbstractProblemLoader Creating init config 
392800     DEBUG main            d.u.i.k.p.i.AbstractProblemLoader Init config took 4.31s 
392897     INFO  main            d.u.i.k.p.i.AbstractProblemLoader Replaying proof Fib[ThreadSpec::startTransfer()].JML model_behavior operation contract.0 
392898     DEBUG main            d.u.i.k.p.i.IntermediateProofReplayer Proof replay took 7ns 
393003     INFO  main            d.u.i.k.p.r.p.TestFile    ... finished proof: closed. 
393400     INFO  main            d.u.i.k.p.i.AbstractProblemLoader Loading environment from /home/runner/work/key/key/key.core/../key.ui/examples/heap/permissions/threads/Fib_startTransfer_contract.key.proof 
393400     DEBUG main            d.u.i.k.p.i.AbstractProblemLoader Environment load took 83.2ns 
393400     INFO  main            d.u.i.k.p.i.AbstractProblemLoader Creating init config 
397666     DEBUG main            d.u.i.k.p.i.AbstractProblemLoader Init config took 4.27s 
397761     INFO  main            d.u.i.k.p.i.AbstractProblemLoader Replaying proof Fib[ThreadSpec::startTransfer()].JML model_behavior operation contract.0 
397769     DEBUG main            d.u.i.k.p.i.IntermediateProofReplayer Proof replay took 6.5ms 
397770     DEBUG main            d.u.i.k.p.r.p.TestFile    ... success: reloaded. 
397770     INFO  main            d.u.i.k.p.r.p.TestFile    Now processing file /home/runner/work/key/key/key.core/../key.ui/examples/heap/permissions/threads/Fib_workingPermissions_accessible.key 
397771     INFO  main            d.u.i.k.p.i.AbstractProblemLoader Loading environment from /home/runner/work/key/key/key.core/../key.ui/examples/heap/permissions/threads/Fib_workingPermissions_accessible.key 
397771     DEBUG main            d.u.i.k.p.i.AbstractProblemLoader Environment load took 47.7ns 
397772     INFO  main            d.u.i.k.p.i.AbstractProblemLoader Creating init config 
402077     DEBUG main            d.u.i.k.p.i.AbstractProblemLoader Init config took 4.31s 
402158     INFO  main            d.u.i.k.p.i.AbstractProblemLoader Replaying proof Fib[ThreadSpec::workingPermissions()].JML accessible clause.0 
402159     DEBUG main            d.u.i.k.p.i.IntermediateProofReplayer Proof replay took 6.8ns 
402261     INFO  main            d.u.i.k.p.r.p.TestFile    ... finished proof: closed. 
402656     INFO  main            d.u.i.k.p.i.AbstractProblemLoader Loading environment from /home/runner/work/key/key/key.core/../key.ui/examples/heap/permissions/threads/Fib_workingPermissions_accessible.key.proof 
402656     DEBUG main            d.u.i.k.p.i.AbstractProblemLoader Environment load took 86.8ns 
402657     INFO  main            d.u.i.k.p.i.AbstractProblemLoader Creating init config 
406889     DEBUG main            d.u.i.k.p.i.AbstractProblemLoader Init config took 4.23s 
406981     INFO  main            d.u.i.k.p.i.AbstractProblemLoader Replaying proof Fib[ThreadSpec::workingPermissions()].JML accessible clause.0 
406984     DEBUG main            d.u.i.k.p.i.IntermediateProofReplayer Proof replay took 2.03ms 
406985     DEBUG main            d.u.i.k.p.r.p.TestFile    ... success: reloaded. 
406985     INFO  main            d.u.i.k.p.r.p.TestFile    Now processing file /home/runner/work/key/key/key.core/../key.ui/examples/heap/permissions/threads/Plotter_initPost_accessible.key 
406985     INFO  main            d.u.i.k.p.i.AbstractProblemLoader Loading environment from /home/runner/work/key/key/key.core/../key.ui/examples/heap/permissions/threads/Plotter_initPost_accessible.key 
406986     DEBUG main            d.u.i.k.p.i.AbstractProblemLoader Environment load took 44.6ns 
406986     INFO  main            d.u.i.k.p.i.AbstractProblemLoader Creating init config 
411277     DEBUG main            d.u.i.k.p.i.AbstractProblemLoader Init config took 4.29s 
411371     INFO  main            d.u.i.k.p.i.AbstractProblemLoader Replaying proof Plotter[ThreadSpec2::initPost()].JML accessible clause.0 
411372     DEBUG main            d.u.i.k.p.i.IntermediateProofReplayer Proof replay took 6.4ns 
411473     INFO  main            d.u.i.k.p.r.p.TestFile    ... finished proof: closed. 
411881     INFO  main            d.u.i.k.p.i.AbstractProblemLoader Loading environment from /home/runner/work/key/key/key.core/../key.ui/examples/heap/permissions/threads/Plotter_initPost_accessible.key.proof 
411881     DEBUG main            d.u.i.k.p.i.AbstractProblemLoader Environment load took 76.7ns 
411881     INFO  main            d.u.i.k.p.i.AbstractProblemLoader Creating init config 
416117     DEBUG main            d.u.i.k.p.i.AbstractProblemLoader Init config took 4.24s 
416199     INFO  main            d.u.i.k.p.i.AbstractProblemLoader Replaying proof Plotter[ThreadSpec2::initPost()].JML accessible clause.0 
416213     DEBUG main            d.u.i.k.p.i.IntermediateProofReplayer Proof replay took 12.19ms 
416214     DEBUG main            d.u.i.k.p.r.p.TestFile    ... success: reloaded. 
416214     INFO  main            d.u.i.k.p.r.p.TestFile    Now processing file /home/runner/work/key/key/key.core/../key.ui/examples/heap/permissions/threads/Plotter_inv_accessible1.key 
416215     INFO  main            d.u.i.k.p.i.AbstractProblemLoader Loading environment from /home/runner/work/key/key/key.core/../key.ui/examples/heap/permissions/threads/Plotter_inv_accessible1.key 
416215     DEBUG main            d.u.i.k.p.i.AbstractProblemLoader Environment load took 67.4ns 
416215     INFO  main            d.u.i.k.p.i.AbstractProblemLoader Creating init config 
420647     DEBUG main            d.u.i.k.p.i.AbstractProblemLoader Init config took 4.43s 
420750     INFO  main            d.u.i.k.p.i.AbstractProblemLoader Replaying proof Plotter[java.lang.Object::<inv>()].JML accessible clause.0 
420752     DEBUG main            d.u.i.k.p.i.IntermediateProofReplayer Proof replay took 7.2ns 
420854     INFO  main            d.u.i.k.p.r.p.TestFile    ... finished proof: closed. 
421263     INFO  main            d.u.i.k.p.i.AbstractProblemLoader Loading environment from /home/runner/work/key/key/key.core/../key.ui/examples/heap/permissions/threads/Plotter_inv_accessible1.key.proof 
421263     DEBUG main            d.u.i.k.p.i.AbstractProblemLoader Environment load took 79.6ns 
421264     INFO  main            d.u.i.k.p.i.AbstractProblemLoader Creating init config 
425498     DEBUG main            d.u.i.k.p.i.AbstractProblemLoader Init config took 4.23s 
425579     INFO  main            d.u.i.k.p.i.AbstractProblemLoader Replaying proof Plotter[java.lang.Object::<inv>()].JML accessible clause.0 
425582     DEBUG main            d.u.i.k.p.i.IntermediateProofReplayer Proof replay took 1.53ms 
425583     DEBUG main            d.u.i.k.p.r.p.TestFile    ... success: reloaded. 
425584     INFO  main            d.u.i.k.p.r.p.TestFile    Now processing file /home/runner/work/key/key/key.core/../key.ui/examples/heap/permissions/threads/Plotter_inv_accessible2.key 
425584     INFO  main            d.u.i.k.p.i.AbstractProblemLoader Loading environment from /home/runner/work/key/key/key.core/../key.ui/examples/heap/permissions/threads/Plotter_inv_accessible2.key 
425584     DEBUG main            d.u.i.k.p.i.AbstractProblemLoader Environment load took 45.3ns 
425585     INFO  main            d.u.i.k.p.i.AbstractProblemLoader Creating init config 
429935     DEBUG main            d.u.i.k.p.i.AbstractProblemLoader Init config took 4.35s 
430019     INFO  main            d.u.i.k.p.i.AbstractProblemLoader Replaying proof Plotter[java.lang.Object::<inv>()].JML accessible clause.1 
430021     DEBUG main            d.u.i.k.p.i.IntermediateProofReplayer Proof replay took 7.5ns 
430122     INFO  main            d.u.i.k.p.r.p.TestFile    ... finished proof: closed. 
430545     INFO  main            d.u.i.k.p.i.AbstractProblemLoader Loading environment from /home/runner/work/key/key/key.core/../key.ui/examples/heap/permissions/threads/Plotter_inv_accessible2.key.proof 
430545     DEBUG main            d.u.i.k.p.i.AbstractProblemLoader Environment load took 83.5ns 
430546     INFO  main            d.u.i.k.p.i.AbstractProblemLoader Creating init config 
434794     DEBUG main            d.u.i.k.p.i.AbstractProblemLoader Init config took 4.25s 
434878     INFO  main            d.u.i.k.p.i.AbstractProblemLoader Replaying proof Plotter[java.lang.Object::<inv>()].JML accessible clause.1 
434881     DEBUG main            d.u.i.k.p.i.IntermediateProofReplayer Proof replay took 1.77ms 
434882     DEBUG main            d.u.i.k.p.r.p.TestFile    ... success: reloaded. 
434883     INFO  main            d.u.i.k.p.r.p.TestFile    Now processing file /home/runner/work/key/key/key.core/../key.ui/examples/heap/permissions/threads/Plotter_joinTransfer_contract.key 
434883     INFO  main            d.u.i.k.p.i.AbstractProblemLoader Loading environment from /home/runner/work/key/key/key.core/../key.ui/examples/heap/permissions/threads/Plotter_joinTransfer_contract.key 
434883     DEBUG main            d.u.i.k.p.i.AbstractProblemLoader Environment load took 90.7ns 
434884     INFO  main            d.u.i.k.p.i.AbstractProblemLoader Creating init config 
439381     DEBUG main            d.u.i.k.p.i.AbstractProblemLoader Init config took 4.5s 
439473     INFO  main            d.u.i.k.p.i.AbstractProblemLoader Replaying proof Plotter[ThreadSpec2::joinTransfer()].JML model_behavior operation contract.0 
439475     DEBUG main            d.u.i.k.p.i.IntermediateProofReplayer Proof replay took 7.9ns 
439576     INFO  main            d.u.i.k.p.r.p.TestFile    ... finished proof: closed. 
439994     INFO  main            d.u.i.k.p.i.AbstractProblemLoader Loading environment from /home/runner/work/key/key/key.core/../key.ui/examples/heap/permissions/threads/Plotter_joinTransfer_contract.key.proof 
439994     DEBUG main            d.u.i.k.p.i.AbstractProblemLoader Environment load took 79.5ns 
439995     INFO  main            d.u.i.k.p.i.AbstractProblemLoader Creating init config 
444309     DEBUG main            d.u.i.k.p.i.AbstractProblemLoader Init config took 4.31s 
444403     INFO  main            d.u.i.k.p.i.AbstractProblemLoader Replaying proof Plotter[ThreadSpec2::joinTransfer()].JML model_behavior operation contract.0 
444411     DEBUG main            d.u.i.k.p.i.IntermediateProofReplayer Proof replay took 7.11ms 
444412     DEBUG main            d.u.i.k.p.r.p.TestFile    ... success: reloaded. 
444413     INFO  main            d.u.i.k.p.r.p.TestFile    Now processing file /home/runner/work/key/key/key.core/../key.ui/examples/heap/permissions/threads/Plotter_Plotter.key 
444413     INFO  main            d.u.i.k.p.i.AbstractProblemLoader Loading environment from /home/runner/work/key/key/key.core/../key.ui/examples/heap/permissions/threads/Plotter_Plotter.key 
444413     DEBUG main            d.u.i.k.p.i.AbstractProblemLoader Environment load took 102.3ns 
444414     INFO  main            d.u.i.k.p.i.AbstractProblemLoader Creating init config 
448677     DEBUG main            d.u.i.k.p.i.AbstractProblemLoader Init config took 4.26s 
448760     INFO  main            d.u.i.k.p.i.AbstractProblemLoader Replaying proof Plotter[Plotter::Plotter(AFilter,BFilter,Buffer)].JML normal_behavior operation contract.0 
448761     DEBUG main            d.u.i.k.p.i.IntermediateProofReplayer Proof replay took 7.9ns 
450465     INFO  main            d.u.i.k.p.r.p.TestFile    ... finished proof: closed. 
450919     INFO  main            d.u.i.k.p.i.AbstractProblemLoader Loading environment from /home/runner/work/key/key/key.core/../key.ui/examples/heap/permissions/threads/Plotter_Plotter.key.proof 
450919     DEBUG main            d.u.i.k.p.i.AbstractProblemLoader Environment load took 81.4ns 
450920     INFO  main            d.u.i.k.p.i.AbstractProblemLoader Creating init config 
455112     DEBUG main            d.u.i.k.p.i.AbstractProblemLoader Init config took 4.19s 
455193     INFO  main            d.u.i.k.p.i.AbstractProblemLoader Replaying proof Plotter[Plotter::Plotter(AFilter,BFilter,Buffer)].JML normal_behavior operation contract.0 
455423     DEBUG main            d.u.i.k.p.i.IntermediateProofReplayer Proof replay took 224.34ms 
455423     DEBUG main            d.u.i.k.p.r.p.TestFile    ... success: reloaded. 
455424     INFO  main            d.u.i.k.p.r.p.TestFile    Now processing file /home/runner/work/key/key/key.core/../key.ui/examples/heap/permissions/threads/Plotter_postJoin_accessible.key 
455424     INFO  main            d.u.i.k.p.i.AbstractProblemLoader Loading environment from /home/runner/work/key/key/key.core/../key.ui/examples/heap/permissions/threads/Plotter_postJoin_accessible.key 
455424     DEBUG main            d.u.i.k.p.i.AbstractProblemLoader Environment load took 44.6ns 
455425     INFO  main            d.u.i.k.p.i.AbstractProblemLoader Creating init config 
459682     DEBUG main            d.u.i.k.p.i.AbstractProblemLoader Init config took 4.26s 
459784     INFO  main            d.u.i.k.p.i.AbstractProblemLoader Replaying proof Plotter[ThreadSpec2::postJoin(java.lang.Object)].JML accessible clause.0 
459785     DEBUG main            d.u.i.k.p.i.IntermediateProofReplayer Proof replay took 6.9ns 
459886     INFO  main            d.u.i.k.p.r.p.TestFile    ... finished proof: closed. 
460320     INFO  main            d.u.i.k.p.i.AbstractProblemLoader Loading environment from /home/runner/work/key/key/key.core/../key.ui/examples/heap/permissions/threads/Plotter_postJoin_accessible.key.proof 
460320     DEBUG main            d.u.i.k.p.i.AbstractProblemLoader Environment load took 76.4ns 
460321     INFO  main            d.u.i.k.p.i.AbstractProblemLoader Creating init config 
464501     DEBUG main            d.u.i.k.p.i.AbstractProblemLoader Init config took 4.18s 
464600     INFO  main            d.u.i.k.p.i.AbstractProblemLoader Replaying proof Plotter[ThreadSpec2::postJoin(java.lang.Object)].JML accessible clause.0 
464612     DEBUG main            d.u.i.k.p.i.IntermediateProofReplayer Proof replay took 10.81ms 
464613     DEBUG main            d.u.i.k.p.r.p.TestFile    ... success: reloaded. 
464614     INFO  main            d.u.i.k.p.r.p.TestFile    Now processing file /home/runner/work/key/key/key.core/../key.ui/examples/heap/permissions/threads/Plotter_preStart_accessible.key 
464614     INFO  main            d.u.i.k.p.i.AbstractProblemLoader Loading environment from /home/runner/work/key/key/key.core/../key.ui/examples/heap/permissions/threads/Plotter_preStart_accessible.key 
464615     DEBUG main            d.u.i.k.p.i.AbstractProblemLoader Environment load took 138.3ns 
464615     INFO  main            d.u.i.k.p.i.AbstractProblemLoader Creating init config 
468873     DEBUG main            d.u.i.k.p.i.AbstractProblemLoader Init config took 4.26s 
468953     INFO  main            d.u.i.k.p.i.AbstractProblemLoader Replaying proof Plotter[ThreadSpec2::preStart(java.lang.Object)].JML accessible clause.0 
468954     DEBUG main            d.u.i.k.p.i.IntermediateProofReplayer Proof replay took 6.4ns 
469957     INFO  main            d.u.i.k.p.r.p.TestFile    ... finished proof: closed. 
470404     INFO  main            d.u.i.k.p.i.AbstractProblemLoader Loading environment from /home/runner/work/key/key/key.core/../key.ui/examples/heap/permissions/threads/Plotter_preStart_accessible.key.proof 
470404     DEBUG main            d.u.i.k.p.i.AbstractProblemLoader Environment load took 81.6ns 
470405     INFO  main            d.u.i.k.p.i.AbstractProblemLoader Creating init config 
474593     DEBUG main            d.u.i.k.p.i.AbstractProblemLoader Init config took 4.19s 
474673     INFO  main            d.u.i.k.p.i.AbstractProblemLoader Replaying proof Plotter[ThreadSpec2::preStart(java.lang.Object)].JML accessible clause.0 
474751     DEBUG main            d.u.i.k.p.i.IntermediateProofReplayer Proof replay took 74.41ms 
474752     DEBUG main            d.u.i.k.p.r.p.TestFile    ... success: reloaded. 
474752     INFO  main            d.u.i.k.p.r.p.TestFile    Now processing file /home/runner/work/key/key/key.core/../key.ui/examples/heap/permissions/threads/Plotter_stateInv_accessible.key 
474753     INFO  main            d.u.i.k.p.i.AbstractProblemLoader Loading environment from /home/runner/work/key/key/key.core/../key.ui/examples/heap/permissions/threads/Plotter_stateInv_accessible.key 
474753     DEBUG main            d.u.i.k.p.i.AbstractProblemLoader Environment load took 69.6ns 
474753     INFO  main            d.u.i.k.p.i.AbstractProblemLoader Creating init config 
479013     DEBUG main            d.u.i.k.p.i.AbstractProblemLoader Init config took 4.26s 
479094     INFO  main            d.u.i.k.p.i.AbstractProblemLoader Replaying proof Plotter[ThreadSpec2::stateInv()].JML accessible clause.0 
479095     DEBUG main            d.u.i.k.p.i.IntermediateProofReplayer Proof replay took 7.9ns 
486271     INFO  main            d.u.i.k.p.r.p.TestFile    ... finished proof: closed. 
486738     INFO  main            d.u.i.k.p.i.AbstractProblemLoader Loading environment from /home/runner/work/key/key/key.core/../key.ui/examples/heap/permissions/threads/Plotter_stateInv_accessible.key.proof 
486738     DEBUG main            d.u.i.k.p.i.AbstractProblemLoader Environment load took 90.4ns 
486740     INFO  main            d.u.i.k.p.i.AbstractProblemLoader Creating init config 
490937     DEBUG main            d.u.i.k.p.i.AbstractProblemLoader Init config took 4.2s 
491018     INFO  main            d.u.i.k.p.i.AbstractProblemLoader Replaying proof Plotter[ThreadSpec2::stateInv()].JML accessible clause.0 
491632     DEBUG main            d.u.i.k.p.i.IntermediateProofReplayer Proof replay took 601.43ms 
491634     DEBUG main            d.u.i.k.p.r.p.TestFile    ... success: reloaded. 
491634     INFO  main            d.u.i.k.p.r.p.TestFile    Now processing file /home/runner/work/key/key/key.core/../key.ui/examples/heap/permissions/threads/Plotter_staticPermissions_accessible.key 
491635     INFO  main            d.u.i.k.p.i.AbstractProblemLoader Loading environment from /home/runner/work/key/key/key.core/../key.ui/examples/heap/permissions/threads/Plotter_staticPermissions_accessible.key 
491635     DEBUG main            d.u.i.k.p.i.AbstractProblemLoader Environment load took 52.2ns 
491635     INFO  main            d.u.i.k.p.i.AbstractProblemLoader Creating init config 
495938     DEBUG main            d.u.i.k.p.i.AbstractProblemLoader Init config took 4.3s 
496019     INFO  main            d.u.i.k.p.i.AbstractProblemLoader Replaying proof Plotter[ThreadSpec2::staticPermissions()].JML accessible clause.0 
496020     DEBUG main            d.u.i.k.p.i.IntermediateProofReplayer Proof replay took 36.5ns 
496723     INFO  main            d.u.i.k.p.r.p.TestFile    ... finished proof: closed. 
497190     INFO  main            d.u.i.k.p.i.AbstractProblemLoader Loading environment from /home/runner/work/key/key/key.core/../key.ui/examples/heap/permissions/threads/Plotter_staticPermissions_accessible.key.proof 
497191     DEBUG main            d.u.i.k.p.i.AbstractProblemLoader Environment load took 73.1ns 
497191     INFO  main            d.u.i.k.p.i.AbstractProblemLoader Creating init config 
501370     DEBUG main            d.u.i.k.p.i.AbstractProblemLoader Init config took 4.18s 
501451     INFO  main            d.u.i.k.p.i.AbstractProblemLoader Replaying proof Plotter[ThreadSpec2::staticPermissions()].JML accessible clause.0 
501508     DEBUG main            d.u.i.k.p.i.IntermediateProofReplayer Proof replay took 55.09ms 
501509     DEBUG main            d.u.i.k.p.r.p.TestFile    ... success: reloaded. 
501510     INFO  main            d.u.i.k.p.r.p.TestFile    Now processing file /home/runner/work/key/key/key.core/../key.ui/examples/heap/permissions/threads/Plotter_workingPermissions_accessible.key 
501510     INFO  main            d.u.i.k.p.i.AbstractProblemLoader Loading environment from /home/runner/work/key/key/key.core/../key.ui/examples/heap/permissions/threads/Plotter_workingPermissions_accessible.key 
501510     DEBUG main            d.u.i.k.p.i.AbstractProblemLoader Environment load took 54.3ns 
501511     INFO  main            d.u.i.k.p.i.AbstractProblemLoader Creating init config 
505787     DEBUG main            d.u.i.k.p.i.AbstractProblemLoader Init config took 4.28s 
505868     INFO  main            d.u.i.k.p.i.AbstractProblemLoader Replaying proof Plotter[ThreadSpec2::workingPermissions()].JML accessible clause.0 
505869     DEBUG main            d.u.i.k.p.i.IntermediateProofReplayer Proof replay took 3.2ns 
506071     INFO  main            d.u.i.k.p.r.p.TestFile    ... finished proof: closed. 
506550     INFO  main            d.u.i.k.p.i.AbstractProblemLoader Loading environment from /home/runner/work/key/key/key.core/../key.ui/examples/heap/permissions/threads/Plotter_workingPermissions_accessible.key.proof 
506550     DEBUG main            d.u.i.k.p.i.AbstractProblemLoader Environment load took 70ns 
506551     INFO  main            d.u.i.k.p.i.AbstractProblemLoader Creating init config 
510745     DEBUG main            d.u.i.k.p.i.AbstractProblemLoader Init config took 4.19s 
510826     INFO  main            d.u.i.k.p.i.AbstractProblemLoader Replaying proof Plotter[ThreadSpec2::workingPermissions()].JML accessible clause.0 
510842     DEBUG main            d.u.i.k.p.i.IntermediateProofReplayer Proof replay took 14.27ms 
510843     DEBUG main            d.u.i.k.p.r.p.TestFile    ... success: reloaded. 
510843     INFO  main            d.u.i.k.p.r.p.TestFile    Now processing file /home/runner/work/key/key/key.core/../key.ui/examples/heap/permissions/threads/Sampler_initPost_accessible.key 
510844     INFO  main            d.u.i.k.p.i.AbstractProblemLoader Loading environment from /home/runner/work/key/key/key.core/../key.ui/examples/heap/permissions/threads/Sampler_initPost_accessible.key 
510844     DEBUG main            d.u.i.k.p.i.AbstractProblemLoader Environment load took 43.9ns 
510844     INFO  main            d.u.i.k.p.i.AbstractProblemLoader Creating init config 
515117     DEBUG main            d.u.i.k.p.i.AbstractProblemLoader Init config took 4.27s 
515198     INFO  main            d.u.i.k.p.i.AbstractProblemLoader Replaying proof Sampler[ThreadSpec2::initPost()].JML accessible clause.0 
515199     DEBUG main            d.u.i.k.p.i.IntermediateProofReplayer Proof replay took 2.1ns 
515300     INFO  main            d.u.i.k.p.r.p.TestFile    ... finished proof: closed. 
515766     INFO  main            d.u.i.k.p.i.AbstractProblemLoader Loading environment from /home/runner/work/key/key/key.core/../key.ui/examples/heap/permissions/threads/Sampler_initPost_accessible.key.proof 
515766     DEBUG main            d.u.i.k.p.i.AbstractProblemLoader Environment load took 66.2ns 
515767     INFO  main            d.u.i.k.p.i.AbstractProblemLoader Creating init config 
519941     DEBUG main            d.u.i.k.p.i.AbstractProblemLoader Init config took 4.17s 
520021     INFO  main            d.u.i.k.p.i.AbstractProblemLoader Replaying proof Sampler[ThreadSpec2::initPost()].JML accessible clause.0 
520027     DEBUG main            d.u.i.k.p.i.IntermediateProofReplayer Proof replay took 4.84ms 
520027     DEBUG main            d.u.i.k.p.r.p.TestFile    ... success: reloaded. 
520028     INFO  main            d.u.i.k.p.r.p.TestFile    Now processing file /home/runner/work/key/key/key.core/../key.ui/examples/heap/permissions/threads/Sampler_inv_accessible1.key 
520028     INFO  main            d.u.i.k.p.i.AbstractProblemLoader Loading environment from /home/runner/work/key/key/key.core/../key.ui/examples/heap/permissions/threads/Sampler_inv_accessible1.key 
520028     DEBUG main            d.u.i.k.p.i.AbstractProblemLoader Environment load took 40.2ns 
520029     INFO  main            d.u.i.k.p.i.AbstractProblemLoader Creating init config 
524279     DEBUG main            d.u.i.k.p.i.AbstractProblemLoader Init config took 4.25s 
524359     INFO  main            d.u.i.k.p.i.AbstractProblemLoader Replaying proof Sampler[java.lang.Object::<inv>()].JML accessible clause.0 
524360     DEBUG main            d.u.i.k.p.i.IntermediateProofReplayer Proof replay took 2.5ns 
524461     INFO  main            d.u.i.k.p.r.p.TestFile    ... finished proof: closed. 
524943     INFO  main            d.u.i.k.p.i.AbstractProblemLoader Loading environment from /home/runner/work/key/key/key.core/../key.ui/examples/heap/permissions/threads/Sampler_inv_accessible1.key.proof 
524943     DEBUG main            d.u.i.k.p.i.AbstractProblemLoader Environment load took 67.9ns 
524944     INFO  main            d.u.i.k.p.i.AbstractProblemLoader Creating init config 
529130     DEBUG main            d.u.i.k.p.i.AbstractProblemLoader Init config took 4.19s 
529212     INFO  main            d.u.i.k.p.i.AbstractProblemLoader Replaying proof Sampler[java.lang.Object::<inv>()].JML accessible clause.0 
529214     DEBUG main            d.u.i.k.p.i.IntermediateProofReplayer Proof replay took 1.49ms 
529215     DEBUG main            d.u.i.k.p.r.p.TestFile    ... success: reloaded. 
529216     INFO  main            d.u.i.k.p.r.p.TestFile    Now processing file /home/runner/work/key/key/key.core/../key.ui/examples/heap/permissions/threads/Sampler_inv_accessible2.key 
529216     INFO  main            d.u.i.k.p.i.AbstractProblemLoader Loading environment from /home/runner/work/key/key/key.core/../key.ui/examples/heap/permissions/threads/Sampler_inv_accessible2.key 
529216     DEBUG main            d.u.i.k.p.i.AbstractProblemLoader Environment load took 51ns 
529217     INFO  main            d.u.i.k.p.i.AbstractProblemLoader Creating init config 
533519     DEBUG main            d.u.i.k.p.i.AbstractProblemLoader Init config took 4.3s 
533599     INFO  main            d.u.i.k.p.i.AbstractProblemLoader Replaying proof Sampler[java.lang.Object::<inv>()].JML accessible clause.1 
533600     DEBUG main            d.u.i.k.p.i.IntermediateProofReplayer Proof replay took 2.7ns 
533701     INFO  main            d.u.i.k.p.r.p.TestFile    ... finished proof: closed. 
534186     INFO  main            d.u.i.k.p.i.AbstractProblemLoader Loading environment from /home/runner/work/key/key/key.core/../key.ui/examples/heap/permissions/threads/Sampler_inv_accessible2.key.proof 
534186     DEBUG main            d.u.i.k.p.i.AbstractProblemLoader Environment load took 70.3ns 
534186     INFO  main            d.u.i.k.p.i.AbstractProblemLoader Creating init config 
538362     DEBUG main            d.u.i.k.p.i.AbstractProblemLoader Init config took 4.18s 
538442     INFO  main            d.u.i.k.p.i.AbstractProblemLoader Replaying proof Sampler[java.lang.Object::<inv>()].JML accessible clause.1 
538444     DEBUG main            d.u.i.k.p.i.IntermediateProofReplayer Proof replay took 1.43ms 
538445     DEBUG main            d.u.i.k.p.r.p.TestFile    ... success: reloaded. 
538446     INFO  main            d.u.i.k.p.r.p.TestFile    Now processing file /home/runner/work/key/key/key.core/../key.ui/examples/heap/permissions/threads/Sampler_joinTransfer_accessible.key 
538446     INFO  main            d.u.i.k.p.i.AbstractProblemLoader Loading environment from /home/runner/work/key/key/key.core/../key.ui/examples/heap/permissions/threads/Sampler_joinTransfer_accessible.key 
538446     DEBUG main            d.u.i.k.p.i.AbstractProblemLoader Environment load took 62.3ns 
538447     INFO  main            d.u.i.k.p.i.AbstractProblemLoader Creating init config 
542702     DEBUG main            d.u.i.k.p.i.AbstractProblemLoader Init config took 4.26s 
542787     INFO  main            d.u.i.k.p.i.AbstractProblemLoader Replaying proof Sampler[ThreadSpec2::joinTransfer()].JML accessible clause.0 
542788     DEBUG main            d.u.i.k.p.i.IntermediateProofReplayer Proof replay took 2.2ns 
545818     INFO  main            d.u.i.k.p.r.p.TestFile    ... finished proof: closed. 
546331     INFO  main            d.u.i.k.p.i.AbstractProblemLoader Loading environment from /home/runner/work/key/key/key.core/../key.ui/examples/heap/permissions/threads/Sampler_joinTransfer_accessible.key.proof 
546332     DEBUG main            d.u.i.k.p.i.AbstractProblemLoader Environment load took 318.6ns 
546333     INFO  main            d.u.i.k.p.i.AbstractProblemLoader Creating init config 
550514     DEBUG main            d.u.i.k.p.i.AbstractProblemLoader Init config took 4.18s 
550606     INFO  main            d.u.i.k.p.i.AbstractProblemLoader Replaying proof Sampler[ThreadSpec2::joinTransfer()].JML accessible clause.0 
551119     DEBUG main            d.u.i.k.p.i.IntermediateProofReplayer Proof replay took 503.39ms 
551121     DEBUG main            d.u.i.k.p.r.p.TestFile    ... success: reloaded. 
551122     INFO  main            d.u.i.k.p.r.p.TestFile    Now processing file /home/runner/work/key/key/key.core/../key.ui/examples/heap/permissions/threads/Sampler_joinTransfer_contract.key 
551122     INFO  main            d.u.i.k.p.i.AbstractProblemLoader Loading environment from /home/runner/work/key/key/key.core/../key.ui/examples/heap/permissions/threads/Sampler_joinTransfer_contract.key 
551122     DEBUG main            d.u.i.k.p.i.AbstractProblemLoader Environment load took 82.1ns 
551123     INFO  main            d.u.i.k.p.i.AbstractProblemLoader Creating init config 
555383     DEBUG main            d.u.i.k.p.i.AbstractProblemLoader Init config took 4.26s 
555478     INFO  main            d.u.i.k.p.i.AbstractProblemLoader Replaying proof Sampler[ThreadSpec2::joinTransfer()].JML model_behavior operation contract.0 
555479     DEBUG main            d.u.i.k.p.i.IntermediateProofReplayer Proof replay took 2.9ns 
555580     INFO  main            d.u.i.k.p.r.p.TestFile    ... finished proof: closed. 
556069     INFO  main            d.u.i.k.p.i.AbstractProblemLoader Loading environment from /home/runner/work/key/key/key.core/../key.ui/examples/heap/permissions/threads/Sampler_joinTransfer_contract.key.proof 
556069     DEBUG main            d.u.i.k.p.i.AbstractProblemLoader Environment load took 66.1ns 
556070     INFO  main            d.u.i.k.p.i.AbstractProblemLoader Creating init config 
560228     DEBUG main            d.u.i.k.p.i.AbstractProblemLoader Init config took 4.16s 
560318     INFO  main            d.u.i.k.p.i.AbstractProblemLoader Replaying proof Sampler[ThreadSpec2::joinTransfer()].JML model_behavior operation contract.0 
560326     DEBUG main            d.u.i.k.p.i.IntermediateProofReplayer Proof replay took 6.15ms 
560326     DEBUG main            d.u.i.k.p.r.p.TestFile    ... success: reloaded. 
560327     INFO  main            d.u.i.k.p.r.p.TestFile    Now processing file /home/runner/work/key/key/key.core/../key.ui/examples/heap/permissions/threads/Sampler_postJoin_accessible.key 
560327     INFO  main            d.u.i.k.p.i.AbstractProblemLoader Loading environment from /home/runner/work/key/key/key.core/../key.ui/examples/heap/permissions/threads/Sampler_postJoin_accessible.key 
560327     DEBUG main            d.u.i.k.p.i.AbstractProblemLoader Environment load took 51.1ns 
560328     INFO  main            d.u.i.k.p.i.AbstractProblemLoader Creating init config 
564572     DEBUG main            d.u.i.k.p.i.AbstractProblemLoader Init config took 4.24s 
564652     INFO  main            d.u.i.k.p.i.AbstractProblemLoader Replaying proof Sampler[ThreadSpec2::postJoin(java.lang.Object)].JML accessible clause.0 
564654     DEBUG main            d.u.i.k.p.i.IntermediateProofReplayer Proof replay took 2.6ns 
564755     INFO  main            d.u.i.k.p.r.p.TestFile    ... finished proof: closed. 
565278     INFO  main            d.u.i.k.p.i.AbstractProblemLoader Loading environment from /home/runner/work/key/key/key.core/../key.ui/examples/heap/permissions/threads/Sampler_postJoin_accessible.key.proof 
565278     DEBUG main            d.u.i.k.p.i.AbstractProblemLoader Environment load took 67.5ns 
565279     INFO  main            d.u.i.k.p.i.AbstractProblemLoader Creating init config 
569449     DEBUG main            d.u.i.k.p.i.AbstractProblemLoader Init config took 4.17s 
569542     INFO  main            d.u.i.k.p.i.AbstractProblemLoader Replaying proof Sampler[ThreadSpec2::postJoin(java.lang.Object)].JML accessible clause.0 
569551     DEBUG main            d.u.i.k.p.i.IntermediateProofReplayer Proof replay took 7.64ms 
569551     DEBUG main            d.u.i.k.p.r.p.TestFile    ... success: reloaded. 
569552     INFO  main            d.u.i.k.p.r.p.TestFile    Now processing file /home/runner/work/key/key/key.core/../key.ui/examples/heap/permissions/threads/Sampler_preStart_accessible.key 
569552     INFO  main            d.u.i.k.p.i.AbstractProblemLoader Loading environment from /home/runner/work/key/key/key.core/../key.ui/examples/heap/permissions/threads/Sampler_preStart_accessible.key 
569552     DEBUG main            d.u.i.k.p.i.AbstractProblemLoader Environment load took 41.1ns 
569553     INFO  main            d.u.i.k.p.i.AbstractProblemLoader Creating init config 
573807     DEBUG main            d.u.i.k.p.i.AbstractProblemLoader Init config took 4.25s 
573888     INFO  main            d.u.i.k.p.i.AbstractProblemLoader Replaying proof Sampler[ThreadSpec2::preStart(java.lang.Object)].JML accessible clause.0 
573889     DEBUG main            d.u.i.k.p.i.IntermediateProofReplayer Proof replay took 2.3ns 
573990     INFO  main            d.u.i.k.p.r.p.TestFile    ... finished proof: closed. 
574490     INFO  main            d.u.i.k.p.i.AbstractProblemLoader Loading environment from /home/runner/work/key/key/key.core/../key.ui/examples/heap/permissions/threads/Sampler_preStart_accessible.key.proof 
574491     DEBUG main            d.u.i.k.p.i.AbstractProblemLoader Environment load took 80.2ns 
574491     INFO  main            d.u.i.k.p.i.AbstractProblemLoader Creating init config 
578684     DEBUG main            d.u.i.k.p.i.AbstractProblemLoader Init config took 4.19s 
578764     INFO  main            d.u.i.k.p.i.AbstractProblemLoader Replaying proof Sampler[ThreadSpec2::preStart(java.lang.Object)].JML accessible clause.0 
578777     DEBUG main            d.u.i.k.p.i.IntermediateProofReplayer Proof replay took 11.76ms 
578778     DEBUG main            d.u.i.k.p.r.p.TestFile    ... success: reloaded. 
578779     INFO  main            d.u.i.k.p.r.p.TestFile    Now processing file /home/runner/work/key/key/key.core/../key.ui/examples/heap/permissions/threads/Sampler_run.key 
578779     INFO  main            d.u.i.k.p.i.AbstractProblemLoader Loading environment from /home/runner/work/key/key/key.core/../key.ui/examples/heap/permissions/threads/Sampler_run.key 
578779     DEBUG main            d.u.i.k.p.i.AbstractProblemLoader Environment load took 41.3ns 
578780     INFO  main            d.u.i.k.p.i.AbstractProblemLoader Creating init config 
583032     DEBUG main            d.u.i.k.p.i.AbstractProblemLoader Init config took 4.25s 
583112     INFO  main            d.u.i.k.p.i.AbstractProblemLoader Replaying proof Sampler[ThreadSpec2::run()].JML normal_behavior operation contract.0 
583113     DEBUG main            d.u.i.k.p.i.IntermediateProofReplayer Proof replay took 2.4ns 
583315     INFO  main            d.u.i.k.p.r.p.TestFile    ... finished proof: closed. 
583831     INFO  main            d.u.i.k.p.i.AbstractProblemLoader Loading environment from /home/runner/work/key/key/key.core/../key.ui/examples/heap/permissions/threads/Sampler_run.key.proof 
583831     DEBUG main            d.u.i.k.p.i.AbstractProblemLoader Environment load took 65.1ns 
583832     INFO  main            d.u.i.k.p.i.AbstractProblemLoader Creating init config 
588018     DEBUG main            d.u.i.k.p.i.AbstractProblemLoader Init config took 4.19s 
588098     INFO  main            d.u.i.k.p.i.AbstractProblemLoader Replaying proof Sampler[ThreadSpec2::run()].JML normal_behavior operation contract.0 
588128     DEBUG main            d.u.i.k.p.i.IntermediateProofReplayer Proof replay took 29.09ms 
588129     DEBUG main            d.u.i.k.p.r.p.TestFile    ... success: reloaded. 
588130     INFO  main            d.u.i.k.p.r.p.TestFile    Now processing file /home/runner/work/key/key/key.core/../key.ui/examples/heap/permissions/threads/Sampler_Sampler.key 
588130     INFO  main            d.u.i.k.p.i.AbstractProblemLoader Loading environment from /home/runner/work/key/key/key.core/../key.ui/examples/heap/permissions/threads/Sampler_Sampler.key 
588130     DEBUG main            d.u.i.k.p.i.AbstractProblemLoader Environment load took 41.2ns 
588131     INFO  main            d.u.i.k.p.i.AbstractProblemLoader Creating init config 
592379     DEBUG main            d.u.i.k.p.i.AbstractProblemLoader Init config took 4.25s 
592475     INFO  main            d.u.i.k.p.i.AbstractProblemLoader Replaying proof Sampler[Sampler::Sampler(Buffer)].JML normal_behavior operation contract.0 
592476     DEBUG main            d.u.i.k.p.i.IntermediateProofReplayer Proof replay took 2ns 
592978     INFO  main            d.u.i.k.p.r.p.TestFile    ... finished proof: closed. 
593517     INFO  main            d.u.i.k.p.i.AbstractProblemLoader Loading environment from /home/runner/work/key/key/key.core/../key.ui/examples/heap/permissions/threads/Sampler_Sampler.key.proof 
593517     DEBUG main            d.u.i.k.p.i.AbstractProblemLoader Environment load took 66.9ns 
593518     INFO  main            d.u.i.k.p.i.AbstractProblemLoader Creating init config 
597701     DEBUG main            d.u.i.k.p.i.AbstractProblemLoader Init config took 4.18s 
597782     INFO  main            d.u.i.k.p.i.AbstractProblemLoader Replaying proof Sampler[Sampler::Sampler(Buffer)].JML normal_behavior operation contract.0 
597863     DEBUG main            d.u.i.k.p.i.IntermediateProofReplayer Proof replay took 79.54ms 
597864     DEBUG main            d.u.i.k.p.r.p.TestFile    ... success: reloaded. 
597865     INFO  main            d.u.i.k.p.r.p.TestFile    Now processing file /home/runner/work/key/key/key.core/../key.ui/examples/heap/permissions/threads/Sampler_startTransfer_accessible.key 
597865     INFO  main            d.u.i.k.p.i.AbstractProblemLoader Loading environment from /home/runner/work/key/key/key.core/../key.ui/examples/heap/permissions/threads/Sampler_startTransfer_accessible.key 
597865     DEBUG main            d.u.i.k.p.i.AbstractProblemLoader Environment load took 42.3ns 
597866     INFO  main            d.u.i.k.p.i.AbstractProblemLoader Creating init config 
602128     DEBUG main            d.u.i.k.p.i.AbstractProblemLoader Init config took 4.26s 
602208     INFO  main            d.u.i.k.p.i.AbstractProblemLoader Replaying proof Sampler[ThreadSpec2::startTransfer()].JML accessible clause.0 
602209     DEBUG main            d.u.i.k.p.i.IntermediateProofReplayer Proof replay took 2.1ns 
606016     INFO  main            d.u.i.k.p.r.p.TestFile    ... finished proof: closed. 
606559     INFO  main            d.u.i.k.p.i.AbstractProblemLoader Loading environment from /home/runner/work/key/key/key.core/../key.ui/examples/heap/permissions/threads/Sampler_startTransfer_accessible.key.proof 
606560     DEBUG main            d.u.i.k.p.i.AbstractProblemLoader Environment load took 266.7ns 
606561     INFO  main            d.u.i.k.p.i.AbstractProblemLoader Creating init config 
610770     DEBUG main            d.u.i.k.p.i.AbstractProblemLoader Init config took 4.21s 
610850     INFO  main            d.u.i.k.p.i.AbstractProblemLoader Replaying proof Sampler[ThreadSpec2::startTransfer()].JML accessible clause.0 
611401     DEBUG main            d.u.i.k.p.i.IntermediateProofReplayer Proof replay took 540.27ms 
611402     DEBUG main            d.u.i.k.p.r.p.TestFile    ... success: reloaded. 
611403     INFO  main            d.u.i.k.p.r.p.TestFile    Now processing file /home/runner/work/key/key/key.core/../key.ui/examples/heap/permissions/threads/Sampler_startTransfer_contract.key 
611403     INFO  main            d.u.i.k.p.i.AbstractProblemLoader Loading environment from /home/runner/work/key/key/key.core/../key.ui/examples/heap/permissions/threads/Sampler_startTransfer_contract.key 
611403     DEBUG main            d.u.i.k.p.i.AbstractProblemLoader Environment load took 40.4ns 
611404     INFO  main            d.u.i.k.p.i.AbstractProblemLoader Creating init config 
615669     DEBUG main            d.u.i.k.p.i.AbstractProblemLoader Init config took 4.27s 
615749     INFO  main            d.u.i.k.p.i.AbstractProblemLoader Replaying proof Sampler[ThreadSpec2::startTransfer()].JML model_behavior operation contract.0 
615750     DEBUG main            d.u.i.k.p.i.IntermediateProofReplayer Proof replay took 2.1ns 
615855     INFO  main            d.u.i.k.p.r.p.TestFile    ... finished proof: closed. 
616383     INFO  main            d.u.i.k.p.i.AbstractProblemLoader Loading environment from /home/runner/work/key/key/key.core/../key.ui/examples/heap/permissions/threads/Sampler_startTransfer_contract.key.proof 
616383     DEBUG main            d.u.i.k.p.i.AbstractProblemLoader Environment load took 62.7ns 
616383     INFO  main            d.u.i.k.p.i.AbstractProblemLoader Creating init config 
620555     DEBUG main            d.u.i.k.p.i.AbstractProblemLoader Init config took 4.17s 
620636     INFO  main            d.u.i.k.p.i.AbstractProblemLoader Replaying proof Sampler[ThreadSpec2::startTransfer()].JML model_behavior operation contract.0 
620643     DEBUG main            d.u.i.k.p.i.IntermediateProofReplayer Proof replay took 6.25ms 
620644     DEBUG main            d.u.i.k.p.r.p.TestFile    ... success: reloaded. 
620645     INFO  main            d.u.i.k.p.r.p.TestFile    Now processing file /home/runner/work/key/key/key.core/../key.ui/examples/heap/permissions/threads/Sampler_stateInv_accessible.key 
620645     INFO  main            d.u.i.k.p.i.AbstractProblemLoader Loading environment from /home/runner/work/key/key/key.core/../key.ui/examples/heap/permissions/threads/Sampler_stateInv_accessible.key 
620645     DEBUG main            d.u.i.k.p.i.AbstractProblemLoader Environment load took 43.8ns 
620646     INFO  main            d.u.i.k.p.i.AbstractProblemLoader Creating init config 
624896     DEBUG main            d.u.i.k.p.i.AbstractProblemLoader Init config took 4.25s 
624975     INFO  main            d.u.i.k.p.i.AbstractProblemLoader Replaying proof Sampler[ThreadSpec2::stateInv()].JML accessible clause.0 
624976     DEBUG main            d.u.i.k.p.i.IntermediateProofReplayer Proof replay took 2.2ns 
625078     INFO  main            d.u.i.k.p.r.p.TestFile    ... finished proof: closed. 
625608     INFO  main            d.u.i.k.p.i.AbstractProblemLoader Loading environment from /home/runner/work/key/key/key.core/../key.ui/examples/heap/permissions/threads/Sampler_stateInv_accessible.key.proof 
625609     DEBUG main            d.u.i.k.p.i.AbstractProblemLoader Environment load took 68.8ns 
625609     INFO  main            d.u.i.k.p.i.AbstractProblemLoader Creating init config 
629784     DEBUG main            d.u.i.k.p.i.AbstractProblemLoader Init config took 4.17s 
629864     INFO  main            d.u.i.k.p.i.AbstractProblemLoader Replaying proof Sampler[ThreadSpec2::stateInv()].JML accessible clause.0 
629871     DEBUG main            d.u.i.k.p.i.IntermediateProofReplayer Proof replay took 5.39ms 
629872     DEBUG main            d.u.i.k.p.r.p.TestFile    ... success: reloaded. 
629873     INFO  main            d.u.i.k.p.r.p.TestFile    Now processing file /home/runner/work/key/key/key.core/../key.ui/examples/heap/permissions/threads/Sampler_staticPermissions_accessible.key 
629874     INFO  main            d.u.i.k.p.i.AbstractProblemLoader Loading environment from /home/runner/work/key/key/key.core/../key.ui/examples/heap/permissions/threads/Sampler_staticPermissions_accessible.key 
629874     DEBUG main            d.u.i.k.p.i.AbstractProblemLoader Environment load took 149.8ns 
629875     INFO  main            d.u.i.k.p.i.AbstractProblemLoader Creating init config 
634131     DEBUG main            d.u.i.k.p.i.AbstractProblemLoader Init config took 4.26s 
634212     INFO  main            d.u.i.k.p.i.AbstractProblemLoader Replaying proof Sampler[ThreadSpec2::staticPermissions()].JML accessible clause.0 
634214     DEBUG main            d.u.i.k.p.i.IntermediateProofReplayer Proof replay took 2.1ns 
634315     INFO  main            d.u.i.k.p.r.p.TestFile    ... finished proof: closed. 
634851     INFO  main            d.u.i.k.p.i.AbstractProblemLoader Loading environment from /home/runner/work/key/key/key.core/../key.ui/examples/heap/permissions/threads/Sampler_staticPermissions_accessible.key.proof 
634851     DEBUG main            d.u.i.k.p.i.AbstractProblemLoader Environment load took 74.2ns 
634852     INFO  main            d.u.i.k.p.i.AbstractProblemLoader Creating init config 
639029     DEBUG main            d.u.i.k.p.i.AbstractProblemLoader Init config took 4.18s 
639109     INFO  main            d.u.i.k.p.i.AbstractProblemLoader Replaying proof Sampler[ThreadSpec2::staticPermissions()].JML accessible clause.0 
639114     DEBUG main            d.u.i.k.p.i.IntermediateProofReplayer Proof replay took 3.11ms 
639115     DEBUG main            d.u.i.k.p.r.p.TestFile    ... success: reloaded. 
639116     INFO  main            d.u.i.k.p.r.p.TestFile    Now processing file /home/runner/work/key/key/key.core/../key.ui/examples/heap/permissions/threads/Sampler_workingPermissions_accessible.key 
639116     INFO  main            d.u.i.k.p.i.AbstractProblemLoader Loading environment from /home/runner/work/key/key/key.core/../key.ui/examples/heap/permissions/threads/Sampler_workingPermissions_accessible.key 
639116     DEBUG main            d.u.i.k.p.i.AbstractProblemLoader Environment load took 55.1ns 
639117     INFO  main            d.u.i.k.p.i.AbstractProblemLoader Creating init config 
643372     DEBUG main            d.u.i.k.p.i.AbstractProblemLoader Init config took 4.26s 
643478     INFO  main            d.u.i.k.p.i.AbstractProblemLoader Replaying proof Sampler[ThreadSpec2::workingPermissions()].JML accessible clause.0 
643480     DEBUG main            d.u.i.k.p.i.IntermediateProofReplayer Proof replay took 2ns 
643583     INFO  main            d.u.i.k.p.r.p.TestFile    ... finished proof: closed. 
644127     INFO  main            d.u.i.k.p.i.AbstractProblemLoader Loading environment from /home/runner/work/key/key/key.core/../key.ui/examples/heap/permissions/threads/Sampler_workingPermissions_accessible.key.proof 
644128     DEBUG main            d.u.i.k.p.i.AbstractProblemLoader Environment load took 61.9ns 
644128     INFO  main            d.u.i.k.p.i.AbstractProblemLoader Creating init config 
648308     DEBUG main            d.u.i.k.p.i.AbstractProblemLoader Init config took 4.18s 
648403     INFO  main            d.u.i.k.p.i.AbstractProblemLoader Replaying proof Sampler[ThreadSpec2::workingPermissions()].JML accessible clause.0 
648408     DEBUG main            d.u.i.k.p.i.IntermediateProofReplayer Proof replay took 4.42ms 
648409     DEBUG main            d.u.i.k.p.r.p.TestFile    ... success: reloaded. 
648410     INFO  main            d.u.i.k.p.r.p.TestFile    Now processing file /home/runner/work/key/key/key.core/../key.ui/examples/heap/permissions/mulleretal/ReadWrite_doRead_contract.key 
648410     INFO  main            d.u.i.k.p.i.AbstractProblemLoader Loading environment from /home/runner/work/key/key/key.core/../key.ui/examples/heap/permissions/mulleretal/ReadWrite_doRead_contract.key 
648410     DEBUG main            d.u.i.k.p.i.AbstractProblemLoader Environment load took 42.6ns 
648411     INFO  main            d.u.i.k.p.i.AbstractProblemLoader Creating init config 
650849     DEBUG main            d.u.i.k.p.i.AbstractProblemLoader Init config took 2.44s 
650881     INFO  main            d.u.i.k.p.i.AbstractProblemLoader Replaying proof ReadWrite[ReadWrite::doRead()].JML normal_behavior operation contract.0 
650883     DEBUG main            d.u.i.k.p.i.IntermediateProofReplayer Proof replay took 2.5ns 
652405     INFO  main            d.u.i.k.p.r.p.TestFile    ... finished proof: closed. 
652997     INFO  main            d.u.i.k.p.i.AbstractProblemLoader Loading environment from /home/runner/work/key/key/key.core/../key.ui/examples/heap/permissions/mulleretal/ReadWrite_doRead_contract.key.proof 
652997     DEBUG main            d.u.i.k.p.i.AbstractProblemLoader Environment load took 140.1ns 
652998     INFO  main            d.u.i.k.p.i.AbstractProblemLoader Creating init config 
655519     DEBUG main            d.u.i.k.p.i.AbstractProblemLoader Init config took 2.52s 
655555     INFO  main            d.u.i.k.p.i.AbstractProblemLoader Replaying proof ReadWrite[ReadWrite::doRead()].JML normal_behavior operation contract.0 
656030     DEBUG main            d.u.i.k.p.i.IntermediateProofReplayer Proof replay took 465.63ms 
656031     DEBUG main            d.u.i.k.p.r.p.TestFile    ... success: reloaded. 
656032     INFO  main            d.u.i.k.p.r.p.TestFile    Now processing file /home/runner/work/key/key/key.core/../key.ui/examples/heap/permissions/mulleretal/ReadWrite_doWrite_contract.key 
656032     INFO  main            d.u.i.k.p.i.AbstractProblemLoader Loading environment from /home/runner/work/key/key/key.core/../key.ui/examples/heap/permissions/mulleretal/ReadWrite_doWrite_contract.key 
656032     DEBUG main            d.u.i.k.p.i.AbstractProblemLoader Environment load took 64.1ns 
656033     INFO  main            d.u.i.k.p.i.AbstractProblemLoader Creating init config 
658757     DEBUG main            d.u.i.k.p.i.AbstractProblemLoader Init config took 2.72s 
658809     INFO  main            d.u.i.k.p.i.AbstractProblemLoader Replaying proof ReadWrite[ReadWrite::doWrite()].JML normal_behavior operation contract.0 
658810     DEBUG main            d.u.i.k.p.i.IntermediateProofReplayer Proof replay took 2.4ns 
660517     INFO  main            d.u.i.k.p.r.p.TestFile    ... finished proof: closed. 
661109     INFO  main            d.u.i.k.p.i.AbstractProblemLoader Loading environment from /home/runner/work/key/key/key.core/../key.ui/examples/heap/permissions/mulleretal/ReadWrite_doWrite_contract.key.proof 
661109     DEBUG main            d.u.i.k.p.i.AbstractProblemLoader Environment load took 123.6ns 
661110     INFO  main            d.u.i.k.p.i.AbstractProblemLoader Creating init config 
663591     DEBUG main            d.u.i.k.p.i.AbstractProblemLoader Init config took 2.48s 
663623     INFO  main            d.u.i.k.p.i.AbstractProblemLoader Replaying proof ReadWrite[ReadWrite::doWrite()].JML normal_behavior operation contract.0 
664029     DEBUG main            d.u.i.k.p.i.IntermediateProofReplayer Proof replay took 401.29ms 
664030     DEBUG main            d.u.i.k.p.r.p.TestFile    ... success: reloaded. 
664031     INFO  main            d.u.i.k.p.r.p.TestFile    Now processing file /home/runner/work/key/key/key.core/../key.ui/examples/heap/permissions/mulleretal/ReadWrite_read_contract.key 
664031     INFO  main            d.u.i.k.p.i.AbstractProblemLoader Loading environment from /home/runner/work/key/key/key.core/../key.ui/examples/heap/permissions/mulleretal/ReadWrite_read_contract.key 
664031     DEBUG main            d.u.i.k.p.i.AbstractProblemLoader Environment load took 177.8ns 
664032     INFO  main            d.u.i.k.p.i.AbstractProblemLoader Creating init config 
666620     DEBUG main            d.u.i.k.p.i.AbstractProblemLoader Init config took 2.59s 
666672     INFO  main            d.u.i.k.p.i.AbstractProblemLoader Replaying proof ReadWrite[ReadWrite::read()].JML normal_behavior operation contract.0 
666674     DEBUG main            d.u.i.k.p.i.IntermediateProofReplayer Proof replay took 2.2ns 
666775     INFO  main            d.u.i.k.p.r.p.TestFile    ... finished proof: closed. 
667319     INFO  main            d.u.i.k.p.i.AbstractProblemLoader Loading environment from /home/runner/work/key/key/key.core/../key.ui/examples/heap/permissions/mulleretal/ReadWrite_read_contract.key.proof 
667319     DEBUG main            d.u.i.k.p.i.AbstractProblemLoader Environment load took 61.1ns 
667320     INFO  main            d.u.i.k.p.i.AbstractProblemLoader Creating init config 
669738     DEBUG main            d.u.i.k.p.i.AbstractProblemLoader Init config took 2.42s 
669769     INFO  main            d.u.i.k.p.i.AbstractProblemLoader Replaying proof ReadWrite[ReadWrite::read()].JML normal_behavior operation contract.0 
669777     DEBUG main            d.u.i.k.p.i.IntermediateProofReplayer Proof replay took 6.03ms 
669777     DEBUG main            d.u.i.k.p.r.p.TestFile    ... success: reloaded. 
669778     INFO  main            d.u.i.k.p.r.p.TestFile    Now processing file /home/runner/work/key/key/key.core/../key.ui/examples/heap/permissions/mulleretal/ReadWrite_write_contract.key 
669778     INFO  main            d.u.i.k.p.i.AbstractProblemLoader Loading environment from /home/runner/work/key/key/key.core/../key.ui/examples/heap/permissions/mulleretal/ReadWrite_write_contract.key 
669778     DEBUG main            d.u.i.k.p.i.AbstractProblemLoader Environment load took 53.6ns 
669779     INFO  main            d.u.i.k.p.i.AbstractProblemLoader Creating init config 
672529     DEBUG main            d.u.i.k.p.i.AbstractProblemLoader Init config took 2.75s 
672564     INFO  main            d.u.i.k.p.i.AbstractProblemLoader Replaying proof ReadWrite[ReadWrite::write()].JML normal_behavior operation contract.0 
672565     DEBUG main            d.u.i.k.p.i.IntermediateProofReplayer Proof replay took 2.3ns 
672667     INFO  main            d.u.i.k.p.r.p.TestFile    ... finished proof: closed. 
673218     INFO  main            d.u.i.k.p.i.AbstractProblemLoader Loading environment from /home/runner/work/key/key/key.core/../key.ui/examples/heap/permissions/mulleretal/ReadWrite_write_contract.key.proof 
673218     DEBUG main            d.u.i.k.p.i.AbstractProblemLoader Environment load took 62.6ns 
673219     INFO  main            d.u.i.k.p.i.AbstractProblemLoader Creating init config 
675646     DEBUG main            d.u.i.k.p.i.AbstractProblemLoader Init config took 2.43s 
675677     INFO  main            d.u.i.k.p.i.AbstractProblemLoader Replaying proof ReadWrite[ReadWrite::write()].JML normal_behavior operation contract.0 
675701     DEBUG main            d.u.i.k.p.i.IntermediateProofReplayer Proof replay took 21.87ms 
675701     DEBUG main            d.u.i.k.p.r.p.TestFile    ... success: reloaded. 
675702     INFO  main            d.u.i.k.p.r.p.TestFile    Now processing file /home/runner/work/key/key/key.core/../key.ui/examples/heap/permissions/mulleretal/ReadWrite_inv1_accessible.key 
675702     INFO  main            d.u.i.k.p.i.AbstractProblemLoader Loading environment from /home/runner/work/key/key/key.core/../key.ui/examples/heap/permissions/mulleretal/ReadWrite_inv1_accessible.key 
675702     DEBUG main            d.u.i.k.p.i.AbstractProblemLoader Environment load took 58.7ns 
675703     INFO  main            d.u.i.k.p.i.AbstractProblemLoader Creating init config 
678257     DEBUG main            d.u.i.k.p.i.AbstractProblemLoader Init config took 2.55s 
678292     INFO  main            d.u.i.k.p.i.AbstractProblemLoader Replaying proof ReadWrite[java.lang.Object::<inv>()].JML accessible clause.0 
678294     DEBUG main            d.u.i.k.p.i.IntermediateProofReplayer Proof replay took 2.3ns 
678400     INFO  main            d.u.i.k.p.r.p.TestFile    ... finished proof: closed. 
678957     INFO  main            d.u.i.k.p.i.AbstractProblemLoader Loading environment from /home/runner/work/key/key/key.core/../key.ui/examples/heap/permissions/mulleretal/ReadWrite_inv1_accessible.key.proof 
678957     DEBUG main            d.u.i.k.p.i.AbstractProblemLoader Environment load took 60.3ns 
678957     INFO  main            d.u.i.k.p.i.AbstractProblemLoader Creating init config 
681410     DEBUG main            d.u.i.k.p.i.AbstractProblemLoader Init config took 2.45s 
681441     INFO  main            d.u.i.k.p.i.AbstractProblemLoader Replaying proof ReadWrite[java.lang.Object::<inv>()].JML accessible clause.0 
681443     DEBUG main            d.u.i.k.p.i.IntermediateProofReplayer Proof replay took 1.41ms 
681444     DEBUG main            d.u.i.k.p.r.p.TestFile    ... success: reloaded. 
681444     INFO  main            d.u.i.k.p.r.p.TestFile    Now processing file /home/runner/work/key/key/key.core/../key.ui/examples/heap/permissions/mulleretal/ReadWrite_inv2_accessible.key 
681444     INFO  main            d.u.i.k.p.i.AbstractProblemLoader Loading environment from /home/runner/work/key/key/key.core/../key.ui/examples/heap/permissions/mulleretal/ReadWrite_inv2_accessible.key 
681444     DEBUG main            d.u.i.k.p.i.AbstractProblemLoader Environment load took 58.4ns 
681445     INFO  main            d.u.i.k.p.i.AbstractProblemLoader Creating init config 
683940     DEBUG main            d.u.i.k.p.i.AbstractProblemLoader Init config took 2.49s 
683976     INFO  main            d.u.i.k.p.i.AbstractProblemLoader Replaying proof ReadWrite[java.lang.Object::<inv>()].JML accessible clause.1 
683986     DEBUG main            d.u.i.k.p.i.IntermediateProofReplayer Proof replay took 2.5ns 
684099     INFO  main            d.u.i.k.p.r.p.TestFile    ... finished proof: closed. 
684663     INFO  main            d.u.i.k.p.i.AbstractProblemLoader Loading environment from /home/runner/work/key/key/key.core/../key.ui/examples/heap/permissions/mulleretal/ReadWrite_inv2_accessible.key.proof 
684663     DEBUG main            d.u.i.k.p.i.AbstractProblemLoader Environment load took 64.9ns 
684664     INFO  main            d.u.i.k.p.i.AbstractProblemLoader Creating init config 
687083     DEBUG main            d.u.i.k.p.i.AbstractProblemLoader Init config took 2.42s 
687115     INFO  main            d.u.i.k.p.i.AbstractProblemLoader Replaying proof ReadWrite[java.lang.Object::<inv>()].JML accessible clause.1 
687117     DEBUG main            d.u.i.k.p.i.IntermediateProofReplayer Proof replay took 1.38ms 
687118     DEBUG main            d.u.i.k.p.r.p.TestFile    ... success: reloaded. 
687118     INFO  main            d.u.i.k.p.r.p.TestFile    Now processing file /home/runner/work/key/key/key.core/../key.ui/examples/heap/permissions/lockspec/Counter_lockConsistent_contract.key 
687118     INFO  main            d.u.i.k.p.i.AbstractProblemLoader Loading environment from /home/runner/work/key/key/key.core/../key.ui/examples/heap/permissions/lockspec/Counter_lockConsistent_contract.key 
687118     DEBUG main            d.u.i.k.p.i.AbstractProblemLoader Environment load took 37.8ns 
687119     INFO  main            d.u.i.k.p.i.AbstractProblemLoader Creating init config 
690245     DEBUG main            d.u.i.k.p.i.AbstractProblemLoader Init config took 3.13s 
690308     INFO  main            d.u.i.k.p.i.AbstractProblemLoader Replaying proof Counter[LockSpec::lockConsistent()].JML model_behavior operation contract.0 
690309     DEBUG main            d.u.i.k.p.i.IntermediateProofReplayer Proof replay took 2.5ns 
691214     INFO  main            d.u.i.k.p.r.p.TestFile    ... finished proof: closed. 
691785     INFO  main            d.u.i.k.p.i.AbstractProblemLoader Loading environment from /home/runner/work/key/key/key.core/../key.ui/examples/heap/permissions/lockspec/Counter_lockConsistent_contract.key.proof 
691785     DEBUG main            d.u.i.k.p.i.AbstractProblemLoader Environment load took 69.9ns 
691786     INFO  main            d.u.i.k.p.i.AbstractProblemLoader Creating init config 
694695     DEBUG main            d.u.i.k.p.i.AbstractProblemLoader Init config took 2.91s 
694788     INFO  main            d.u.i.k.p.i.AbstractProblemLoader Replaying proof Counter[LockSpec::lockConsistent()].JML model_behavior operation contract.0 
694994     DEBUG main            d.u.i.k.p.i.IntermediateProofReplayer Proof replay took 198.62ms 
694995     DEBUG main            d.u.i.k.p.r.p.TestFile    ... success: reloaded. 
694996     INFO  main            d.u.i.k.p.r.p.TestFile    Now processing file /home/runner/work/key/key/key.core/../key.ui/examples/heap/permissions/lockspec/Counter_increase_contract.key 
694996     INFO  main            d.u.i.k.p.i.AbstractProblemLoader Loading environment from /home/runner/work/key/key/key.core/../key.ui/examples/heap/permissions/lockspec/Counter_increase_contract.key 
694996     DEBUG main            d.u.i.k.p.i.AbstractProblemLoader Environment load took 161.7ns 
694997     INFO  main            d.u.i.k.p.i.AbstractProblemLoader Creating init config 
698095     DEBUG main            d.u.i.k.p.i.AbstractProblemLoader Init config took 3.1s 
698148     INFO  main            d.u.i.k.p.i.AbstractProblemLoader Replaying proof Counter[Counter::increase()].JML normal_behavior operation contract.0 
698154     DEBUG main            d.u.i.k.p.i.IntermediateProofReplayer Proof replay took 2.9ns 
699670     INFO  main            d.u.i.k.p.r.p.TestFile    ... finished proof: closed. 
700270     INFO  main            d.u.i.k.p.i.AbstractProblemLoader Loading environment from /home/runner/work/key/key/key.core/../key.ui/examples/heap/permissions/lockspec/Counter_increase_contract.key.proof 
700270     DEBUG main            d.u.i.k.p.i.AbstractProblemLoader Environment load took 288.7ns 
700271     INFO  main            d.u.i.k.p.i.AbstractProblemLoader Creating init config 
703233     DEBUG main            d.u.i.k.p.i.AbstractProblemLoader Init config took 2.96s 
703281     INFO  main            d.u.i.k.p.i.AbstractProblemLoader Replaying proof Counter[Counter::increase()].JML normal_behavior operation contract.0 
703524     DEBUG main            d.u.i.k.p.i.IntermediateProofReplayer Proof replay took 229.54ms 
703526     DEBUG main            d.u.i.k.p.r.p.TestFile    ... success: reloaded. 
703526     INFO  main            d.u.i.k.p.r.p.TestFile    Now processing file /home/runner/work/key/key/key.core/../key.ui/examples/heap/permissions/lockspec/Counter_fp_accessible.key 
703527     INFO  main            d.u.i.k.p.i.AbstractProblemLoader Loading environment from /home/runner/work/key/key/key.core/../key.ui/examples/heap/permissions/lockspec/Counter_fp_accessible.key 
703527     DEBUG main            d.u.i.k.p.i.AbstractProblemLoader Environment load took 123.7ns 
703528     INFO  main            d.u.i.k.p.i.AbstractProblemLoader Creating init config 
706481     DEBUG main            d.u.i.k.p.i.AbstractProblemLoader Init config took 2.95s 
706567     INFO  main            d.u.i.k.p.i.AbstractProblemLoader Replaying proof Counter[LockSpec::fp()].JML accessible clause.0 
706569     DEBUG main            d.u.i.k.p.i.IntermediateProofReplayer Proof replay took 2.9ns 
706671     INFO  main            d.u.i.k.p.r.p.TestFile    ... finished proof: closed. 
707260     INFO  main            d.u.i.k.p.i.AbstractProblemLoader Loading environment from /home/runner/work/key/key/key.core/../key.ui/examples/heap/permissions/lockspec/Counter_fp_accessible.key.proof 
707260     DEBUG main            d.u.i.k.p.i.AbstractProblemLoader Environment load took 63.6ns 
707261     INFO  main            d.u.i.k.p.i.AbstractProblemLoader Creating init config 
710144     DEBUG main            d.u.i.k.p.i.AbstractProblemLoader Init config took 2.88s 
710201     INFO  main            d.u.i.k.p.i.AbstractProblemLoader Replaying proof Counter[LockSpec::fp()].JML accessible clause.0 
710211     DEBUG main            d.u.i.k.p.i.IntermediateProofReplayer Proof replay took 8.51ms 
710212     DEBUG main            d.u.i.k.p.r.p.TestFile    ... success: reloaded. 
710213     INFO  main            d.u.i.k.p.r.p.TestFile    Now processing file /home/runner/work/key/key/key.core/../key.ui/examples/heap/permissions/lockspec/Counter_fpLock_accessible.key 
710213     INFO  main            d.u.i.k.p.i.AbstractProblemLoader Loading environment from /home/runner/work/key/key/key.core/../key.ui/examples/heap/permissions/lockspec/Counter_fpLock_accessible.key 
710214     DEBUG main            d.u.i.k.p.i.AbstractProblemLoader Environment load took 157.4ns 
710214     INFO  main            d.u.i.k.p.i.AbstractProblemLoader Creating init config 
713187     DEBUG main            d.u.i.k.p.i.AbstractProblemLoader Init config took 2.97s 
713244     INFO  main            d.u.i.k.p.i.AbstractProblemLoader Replaying proof Counter[LockSpec::fpLock()].JML accessible clause.0 
713246     DEBUG main            d.u.i.k.p.i.IntermediateProofReplayer Proof replay took 2.4ns 
713347     INFO  main            d.u.i.k.p.r.p.TestFile    ... finished proof: closed. 
713939     INFO  main            d.u.i.k.p.i.AbstractProblemLoader Loading environment from /home/runner/work/key/key/key.core/../key.ui/examples/heap/permissions/lockspec/Counter_fpLock_accessible.key.proof 
713939     DEBUG main            d.u.i.k.p.i.AbstractProblemLoader Environment load took 62.8ns 
713940     INFO  main            d.u.i.k.p.i.AbstractProblemLoader Creating init config 
716811     DEBUG main            d.u.i.k.p.i.AbstractProblemLoader Init config took 2.87s 
716875     INFO  main            d.u.i.k.p.i.AbstractProblemLoader Replaying proof Counter[LockSpec::fpLock()].JML accessible clause.0 
716885     DEBUG main            d.u.i.k.p.i.IntermediateProofReplayer Proof replay took 8.15ms 
716885     DEBUG main            d.u.i.k.p.r.p.TestFile    ... success: reloaded. 
716886     INFO  main            d.u.i.k.p.r.p.TestFile    Now processing file /home/runner/work/key/key/key.core/../key.ui/examples/heap/permissions/lockspec/Counter_fpPerm_accessible.key 
716886     INFO  main            d.u.i.k.p.i.AbstractProblemLoader Loading environment from /home/runner/work/key/key/key.core/../key.ui/examples/heap/permissions/lockspec/Counter_fpPerm_accessible.key 
716886     DEBUG main            d.u.i.k.p.i.AbstractProblemLoader Environment load took 57.9ns 
716887     INFO  main            d.u.i.k.p.i.AbstractProblemLoader Creating init config 
719927     DEBUG main            d.u.i.k.p.i.AbstractProblemLoader Init config took 3.04s 
719986     INFO  main            d.u.i.k.p.i.AbstractProblemLoader Replaying proof Counter[LockSpec::fpPerm()].JML accessible clause.0 
719991     DEBUG main            d.u.i.k.p.i.IntermediateProofReplayer Proof replay took 2.7ns 
720099     INFO  main            d.u.i.k.p.r.p.TestFile    ... finished proof: closed. 
720697     INFO  main            d.u.i.k.p.i.AbstractProblemLoader Loading environment from /home/runner/work/key/key/key.core/../key.ui/examples/heap/permissions/lockspec/Counter_fpPerm_accessible.key.proof 
720697     DEBUG main            d.u.i.k.p.i.AbstractProblemLoader Environment load took 57.1ns 
720698     INFO  main            d.u.i.k.p.i.AbstractProblemLoader Creating init config 
723590     DEBUG main            d.u.i.k.p.i.AbstractProblemLoader Init config took 2.89s 
723647     INFO  main            d.u.i.k.p.i.AbstractProblemLoader Replaying proof Counter[LockSpec::fpPerm()].JML accessible clause.0 
723657     DEBUG main            d.u.i.k.p.i.IntermediateProofReplayer Proof replay took 7.38ms 
723658     DEBUG main            d.u.i.k.p.r.p.TestFile    ... success: reloaded. 
723659     INFO  main            d.u.i.k.p.r.p.TestFile    Now processing file /home/runner/work/key/key/key.core/../key.ui/examples/heap/permissions/lockspec/Counter_inv_accessible1.key 
723659     INFO  main            d.u.i.k.p.i.AbstractProblemLoader Loading environment from /home/runner/work/key/key/key.core/../key.ui/examples/heap/permissions/lockspec/Counter_inv_accessible1.key 
723659     DEBUG main            d.u.i.k.p.i.AbstractProblemLoader Environment load took 133.2ns 
723660     INFO  main            d.u.i.k.p.i.AbstractProblemLoader Creating init config 
726629     DEBUG main            d.u.i.k.p.i.AbstractProblemLoader Init config took 2.97s 
726685     INFO  main            d.u.i.k.p.i.AbstractProblemLoader Replaying proof Counter[java.lang.Object::<inv>()].JML accessible clause.0 
726686     DEBUG main            d.u.i.k.p.i.IntermediateProofReplayer Proof replay took 3.3ns 
726788     INFO  main            d.u.i.k.p.r.p.TestFile    ... finished proof: closed. 
727386     INFO  main            d.u.i.k.p.i.AbstractProblemLoader Loading environment from /home/runner/work/key/key/key.core/../key.ui/examples/heap/permissions/lockspec/Counter_inv_accessible1.key.proof 
727386     DEBUG main            d.u.i.k.p.i.AbstractProblemLoader Environment load took 60.7ns 
727386     INFO  main            d.u.i.k.p.i.AbstractProblemLoader Creating init config 
730286     DEBUG main            d.u.i.k.p.i.AbstractProblemLoader Init config took 2.9s 
730346     INFO  main            d.u.i.k.p.i.AbstractProblemLoader Replaying proof Counter[java.lang.Object::<inv>()].JML accessible clause.0 
730372     DEBUG main            d.u.i.k.p.i.IntermediateProofReplayer Proof replay took 21.88ms 
730373     DEBUG main            d.u.i.k.p.r.p.TestFile    ... success: reloaded. 
730373     INFO  main            d.u.i.k.p.r.p.TestFile    Now processing file /home/runner/work/key/key/key.core/../key.ui/examples/heap/permissions/lockspec/Counter_inv_accessible2.key 
730374     INFO  main            d.u.i.k.p.i.AbstractProblemLoader Loading environment from /home/runner/work/key/key/key.core/../key.ui/examples/heap/permissions/lockspec/Counter_inv_accessible2.key 
730374     DEBUG main            d.u.i.k.p.i.AbstractProblemLoader Environment load took 59.8ns 
730374     INFO  main            d.u.i.k.p.i.AbstractProblemLoader Creating init config 
733332     DEBUG main            d.u.i.k.p.i.AbstractProblemLoader Init config took 2.96s 
733382     INFO  main            d.u.i.k.p.i.AbstractProblemLoader Replaying proof Counter[java.lang.Object::<inv>()].JML accessible clause.1 
733384     DEBUG main            d.u.i.k.p.i.IntermediateProofReplayer Proof replay took 2.8ns 
733485     INFO  main            d.u.i.k.p.r.p.TestFile    ... finished proof: closed. 
734092     INFO  main            d.u.i.k.p.i.AbstractProblemLoader Loading environment from /home/runner/work/key/key/key.core/../key.ui/examples/heap/permissions/lockspec/Counter_inv_accessible2.key.proof 
734092     DEBUG main            d.u.i.k.p.i.AbstractProblemLoader Environment load took 62ns 
734093     INFO  main            d.u.i.k.p.i.AbstractProblemLoader Creating init config 
737029     DEBUG main            d.u.i.k.p.i.AbstractProblemLoader Init config took 2.94s 
737079     INFO  main            d.u.i.k.p.i.AbstractProblemLoader Replaying proof Counter[java.lang.Object::<inv>()].JML accessible clause.1 
737089     DEBUG main            d.u.i.k.p.i.IntermediateProofReplayer Proof replay took 8.51ms 
737089     DEBUG main            d.u.i.k.p.r.p.TestFile    ... success: reloaded. 
737090     INFO  main            d.u.i.k.p.r.p.TestFile    Now processing file /home/runner/work/key/key/key.core/../key.ui/examples/heap/permissions/lockspec/Counter_lockRef_accessible.key 
737090     INFO  main            d.u.i.k.p.i.AbstractProblemLoader Loading environment from /home/runner/work/key/key/key.core/../key.ui/examples/heap/permissions/lockspec/Counter_lockRef_accessible.key 
737091     DEBUG main            d.u.i.k.p.i.AbstractProblemLoader Environment load took 130.1ns 
737091     INFO  main            d.u.i.k.p.i.AbstractProblemLoader Creating init config 
739999     DEBUG main            d.u.i.k.p.i.AbstractProblemLoader Init config took 2.91s 
740074     INFO  main            d.u.i.k.p.i.AbstractProblemLoader Replaying proof Counter[LockSpec::lockRef()].JML accessible clause.0 
740076     DEBUG main            d.u.i.k.p.i.IntermediateProofReplayer Proof replay took 2.7ns 
740278     INFO  main            d.u.i.k.p.r.p.TestFile    ... finished proof: closed. 
740893     INFO  main            d.u.i.k.p.i.AbstractProblemLoader Loading environment from /home/runner/work/key/key/key.core/../key.ui/examples/heap/permissions/lockspec/Counter_lockRef_accessible.key.proof 
740893     DEBUG main            d.u.i.k.p.i.AbstractProblemLoader Environment load took 63.4ns 
740893     INFO  main            d.u.i.k.p.i.AbstractProblemLoader Creating init config 
743764     DEBUG main            d.u.i.k.p.i.AbstractProblemLoader Init config took 2.87s 
743820     INFO  main            d.u.i.k.p.i.AbstractProblemLoader Replaying proof Counter[LockSpec::lockRef()].JML accessible clause.0 
743857     DEBUG main            d.u.i.k.p.i.IntermediateProofReplayer Proof replay took 35.09ms 
743858     DEBUG main            d.u.i.k.p.r.p.TestFile    ... success: reloaded. 
743859     INFO  main            d.u.i.k.p.r.p.TestFile    Now processing file /home/runner/work/key/key/key.core/../key.ui/examples/heap/permissions/lockspec/Counter_lockRef_contract1.key 
743860     INFO  main            d.u.i.k.p.i.AbstractProblemLoader Loading environment from /home/runner/work/key/key/key.core/../key.ui/examples/heap/permissions/lockspec/Counter_lockRef_contract1.key 
743860     DEBUG main            d.u.i.k.p.i.AbstractProblemLoader Environment load took 161.1ns 
743861     INFO  main            d.u.i.k.p.i.AbstractProblemLoader Creating init config 
746823     DEBUG main            d.u.i.k.p.i.AbstractProblemLoader Init config took 2.96s 
746873     INFO  main            d.u.i.k.p.i.AbstractProblemLoader Replaying proof Counter[LockSpec::lockRef()].JML model_behavior operation contract.0 
746875     DEBUG main            d.u.i.k.p.i.IntermediateProofReplayer Proof replay took 2.1ns 
746976     INFO  main            d.u.i.k.p.r.p.TestFile    ... finished proof: closed. 
747592     INFO  main            d.u.i.k.p.i.AbstractProblemLoader Loading environment from /home/runner/work/key/key/key.core/../key.ui/examples/heap/permissions/lockspec/Counter_lockRef_contract1.key.proof 
747592     DEBUG main            d.u.i.k.p.i.AbstractProblemLoader Environment load took 61.2ns 
747593     INFO  main            d.u.i.k.p.i.AbstractProblemLoader Creating init config 
750470     DEBUG main            d.u.i.k.p.i.AbstractProblemLoader Init config took 2.88s 
750526     INFO  main            d.u.i.k.p.i.AbstractProblemLoader Replaying proof Counter[LockSpec::lockRef()].JML model_behavior operation contract.0 
750536     DEBUG main            d.u.i.k.p.i.IntermediateProofReplayer Proof replay took 3.73ms 
750537     DEBUG main            d.u.i.k.p.r.p.TestFile    ... success: reloaded. 
750538     INFO  main            d.u.i.k.p.r.p.TestFile    Now processing file /home/runner/work/key/key/key.core/../key.ui/examples/heap/permissions/lockspec/Counter_lockRef_contract2.key 
750538     INFO  main            d.u.i.k.p.i.AbstractProblemLoader Loading environment from /home/runner/work/key/key/key.core/../key.ui/examples/heap/permissions/lockspec/Counter_lockRef_contract2.key 
750538     DEBUG main            d.u.i.k.p.i.AbstractProblemLoader Environment load took 60.8ns 
750539     INFO  main            d.u.i.k.p.i.AbstractProblemLoader Creating init config 
753546     DEBUG main            d.u.i.k.p.i.AbstractProblemLoader Init config took 3.01s 
753596     INFO  main            d.u.i.k.p.i.AbstractProblemLoader Replaying proof Counter[Counter::lockRef()].JML model_behavior operation contract.0 
753597     DEBUG main            d.u.i.k.p.i.IntermediateProofReplayer Proof replay took 3.3ns 
753699     INFO  main            d.u.i.k.p.r.p.TestFile    ... finished proof: closed. 
754319     INFO  main            d.u.i.k.p.i.AbstractProblemLoader Loading environment from /home/runner/work/key/key/key.core/../key.ui/examples/heap/permissions/lockspec/Counter_lockRef_contract2.key.proof 
754319     DEBUG main            d.u.i.k.p.i.AbstractProblemLoader Environment load took 62.3ns 
754319     INFO  main            d.u.i.k.p.i.AbstractProblemLoader Creating init config 
757200     DEBUG main            d.u.i.k.p.i.AbstractProblemLoader Init config took 2.88s 
757273     INFO  main            d.u.i.k.p.i.AbstractProblemLoader Replaying proof Counter[Counter::lockRef()].JML model_behavior operation contract.0 
757286     DEBUG main            d.u.i.k.p.i.IntermediateProofReplayer Proof replay took 6.3ms 
757287     DEBUG main            d.u.i.k.p.r.p.TestFile    ... success: reloaded. 
757289     INFO  main            d.u.i.k.p.r.p.TestFile    Now processing file /home/runner/work/key/key/key.core/../key.ui/examples/heap/permissions/lockspec/Counter_lockState_accessible.key 
757290     INFO  main            d.u.i.k.p.i.AbstractProblemLoader Loading environment from /home/runner/work/key/key/key.core/../key.ui/examples/heap/permissions/lockspec/Counter_lockState_accessible.key 
757290     DEBUG main            d.u.i.k.p.i.AbstractProblemLoader Environment load took 67.1ns 
757290     INFO  main            d.u.i.k.p.i.AbstractProblemLoader Creating init config 
760395     DEBUG main            d.u.i.k.p.i.AbstractProblemLoader Init config took 3.1s 
760446     INFO  main            d.u.i.k.p.i.AbstractProblemLoader Replaying proof Counter[LockSpec::lockState(boolean)].JML accessible clause.0 
760447     DEBUG main            d.u.i.k.p.i.IntermediateProofReplayer Proof replay took 2.5ns 
760749     INFO  main            d.u.i.k.p.r.p.TestFile    ... finished proof: closed. 
761376     INFO  main            d.u.i.k.p.i.AbstractProblemLoader Loading environment from /home/runner/work/key/key/key.core/../key.ui/examples/heap/permissions/lockspec/Counter_lockState_accessible.key.proof 
761376     DEBUG main            d.u.i.k.p.i.AbstractProblemLoader Environment load took 61.9ns 
761377     INFO  main            d.u.i.k.p.i.AbstractProblemLoader Creating init config 
764397     DEBUG main            d.u.i.k.p.i.AbstractProblemLoader Init config took 3.02s 
764455     INFO  main            d.u.i.k.p.i.AbstractProblemLoader Replaying proof Counter[LockSpec::lockState(boolean)].JML accessible clause.0 
764535     DEBUG main            d.u.i.k.p.i.IntermediateProofReplayer Proof replay took 76.74ms 
764536     DEBUG main            d.u.i.k.p.r.p.TestFile    ... success: reloaded. 
764537     INFO  main            d.u.i.k.p.r.p.TestFile    Now processing file /home/runner/work/key/key/key.core/../key.ui/examples/heap/permissions/lockspec/Counter_lockStatus_accessible.key 
764539     INFO  main            d.u.i.k.p.i.AbstractProblemLoader Loading environment from /home/runner/work/key/key/key.core/../key.ui/examples/heap/permissions/lockspec/Counter_lockStatus_accessible.key 
764539     DEBUG main            d.u.i.k.p.i.AbstractProblemLoader Environment load took 172.7ns 
764540     INFO  main            d.u.i.k.p.i.AbstractProblemLoader Creating init config 
767535     DEBUG main            d.u.i.k.p.i.AbstractProblemLoader Init config took 3s 
767616     INFO  main            d.u.i.k.p.i.AbstractProblemLoader Replaying proof Counter[LockSpec::lockStatus(boolean)].JML accessible clause.0 
767617     DEBUG main            d.u.i.k.p.i.IntermediateProofReplayer Proof replay took 2.7ns 
767719     INFO  main            d.u.i.k.p.r.p.TestFile    ... finished proof: closed. 
768359     INFO  main            d.u.i.k.p.i.AbstractProblemLoader Loading environment from /home/runner/work/key/key/key.core/../key.ui/examples/heap/permissions/lockspec/Counter_lockStatus_accessible.key.proof 
768359     DEBUG main            d.u.i.k.p.i.AbstractProblemLoader Environment load took 64.4ns 
768360     INFO  main            d.u.i.k.p.i.AbstractProblemLoader Creating init config 
771247     DEBUG main            d.u.i.k.p.i.AbstractProblemLoader Init config took 2.89s 
771305     INFO  main            d.u.i.k.p.i.AbstractProblemLoader Replaying proof Counter[LockSpec::lockStatus(boolean)].JML accessible clause.0 
771327     DEBUG main            d.u.i.k.p.i.IntermediateProofReplayer Proof replay took 20.14ms 
771327     DEBUG main            d.u.i.k.p.r.p.TestFile    ... success: reloaded. 
771328     INFO  main            d.u.i.k.p.r.p.TestFile    Now processing file /home/runner/work/key/key/key.core/../key.ui/examples/heap/permissions/lockspec/Counter_lockTransfer_accessible.key 
771328     INFO  main            d.u.i.k.p.i.AbstractProblemLoader Loading environment from /home/runner/work/key/key/key.core/../key.ui/examples/heap/permissions/lockspec/Counter_lockTransfer_accessible.key 
771329     DEBUG main            d.u.i.k.p.i.AbstractProblemLoader Environment load took 112.1ns 
771329     INFO  main            d.u.i.k.p.i.AbstractProblemLoader Creating init config 
774400     DEBUG main            d.u.i.k.p.i.AbstractProblemLoader Init config took 3.07s 
774451     INFO  main            d.u.i.k.p.i.AbstractProblemLoader Replaying proof Counter[LockSpec::lockTransfer()].JML accessible clause.0 
774452     DEBUG main            d.u.i.k.p.i.IntermediateProofReplayer Proof replay took 2ns 
774754     INFO  main            d.u.i.k.p.r.p.TestFile    ... finished proof: closed. 
775401     INFO  main            d.u.i.k.p.i.AbstractProblemLoader Loading environment from /home/runner/work/key/key/key.core/../key.ui/examples/heap/permissions/lockspec/Counter_lockTransfer_accessible.key.proof 
775401     DEBUG main            d.u.i.k.p.i.AbstractProblemLoader Environment load took 66.3ns 
775402     INFO  main            d.u.i.k.p.i.AbstractProblemLoader Creating init config 
778341     DEBUG main            d.u.i.k.p.i.AbstractProblemLoader Init config took 2.94s 
778435     INFO  main            d.u.i.k.p.i.AbstractProblemLoader Replaying proof Counter[LockSpec::lockTransfer()].JML accessible clause.0 
778521     DEBUG main            d.u.i.k.p.i.IntermediateProofReplayer Proof replay took 80.35ms 
778522     DEBUG main            d.u.i.k.p.r.p.TestFile    ... success: reloaded. 
778523     INFO  main            d.u.i.k.p.r.p.TestFile    Now processing file /home/runner/work/key/key/key.core/../key.ui/examples/heap/permissions/lockspec/Counter_unlockTransfer_accessible.key 
778523     INFO  main            d.u.i.k.p.i.AbstractProblemLoader Loading environment from /home/runner/work/key/key/key.core/../key.ui/examples/heap/permissions/lockspec/Counter_unlockTransfer_accessible.key 
778523     DEBUG main            d.u.i.k.p.i.AbstractProblemLoader Environment load took 62.7ns 
778524     INFO  main            d.u.i.k.p.i.AbstractProblemLoader Creating init config 
781541     DEBUG main            d.u.i.k.p.i.AbstractProblemLoader Init config took 3.02s 
781598     INFO  main            d.u.i.k.p.i.AbstractProblemLoader Replaying proof Counter[LockSpec::unlockTransfer()].JML accessible clause.0 
781600     DEBUG main            d.u.i.k.p.i.IntermediateProofReplayer Proof replay took 2.3ns 
781904     INFO  main            d.u.i.k.p.r.p.TestFile    ... finished proof: closed. 
782574     INFO  main            d.u.i.k.p.i.AbstractProblemLoader Loading environment from /home/runner/work/key/key/key.core/../key.ui/examples/heap/permissions/lockspec/Counter_unlockTransfer_accessible.key.proof 
782574     DEBUG main            d.u.i.k.p.i.AbstractProblemLoader Environment load took 64.7ns 
782575     INFO  main            d.u.i.k.p.i.AbstractProblemLoader Creating init config 
785455     DEBUG main            d.u.i.k.p.i.AbstractProblemLoader Init config took 2.88s 
785510     INFO  main            d.u.i.k.p.i.AbstractProblemLoader Replaying proof Counter[LockSpec::unlockTransfer()].JML accessible clause.0 
785571     DEBUG main            d.u.i.k.p.i.IntermediateProofReplayer Proof replay took 57.27ms 
785572     DEBUG main            d.u.i.k.p.r.p.TestFile    ... success: reloaded. 
785572     INFO  main            d.u.i.k.p.r.p.TestFile    Now processing file /home/runner/work/key/key/key.core/../key.ui/examples/heap/permissions/threads/Plotter_startTransfer_contract.proof 
785573     INFO  main            d.u.i.k.p.i.AbstractProblemLoader Loading environment from /home/runner/work/key/key/key.core/../key.ui/examples/heap/permissions/threads/Plotter_startTransfer_contract.proof 
785573     DEBUG main            d.u.i.k.p.i.AbstractProblemLoader Environment load took 126.6ns 
785574     INFO  main            d.u.i.k.p.i.AbstractProblemLoader Creating init config 
790033     DEBUG main            d.u.i.k.p.i.AbstractProblemLoader Init config took 4.46s 
790116     INFO  main            d.u.i.k.p.i.AbstractProblemLoader Replaying proof Plotter[ThreadSpec2::startTransfer()].JML model_behavior operation contract.0 
790200     DEBUG main            d.u.i.k.p.i.IntermediateProofReplayer Proof replay took 78.57ms 
790201     INFO  main            d.u.i.k.p.r.p.TestFile    ... success: loaded 
790202     INFO  main            d.u.i.k.p.r.p.TestFile    Now processing file /home/runner/work/key/key/key.core/../key.ui/examples/heap/permissions/threads/Plotter_startTransfer_accessible.proof 
790202     INFO  main            d.u.i.k.p.i.AbstractProblemLoader Loading environment from /home/runner/work/key/key/key.core/../key.ui/examples/heap/permissions/threads/Plotter_startTransfer_accessible.proof 
790202     DEBUG main            d.u.i.k.p.i.AbstractProblemLoader Environment load took 100.8ns 
790203     INFO  main            d.u.i.k.p.i.AbstractProblemLoader Creating init config 
794672     DEBUG main            d.u.i.k.p.i.AbstractProblemLoader Init config took 4.47s 
794781     INFO  main            d.u.i.k.p.i.AbstractProblemLoader Replaying proof Plotter[ThreadSpec2::startTransfer()].JML accessible clause.0 
794983     DEBUG main            d.u.i.k.p.i.IntermediateProofReplayer Proof replay took 198.22ms 
794983     INFO  main            d.u.i.k.p.r.p.TestFile    ... success: loaded 
794984     INFO  main            d.u.i.k.p.r.p.TestFile    Now processing file /home/runner/work/key/key/key.core/../key.ui/examples/heap/permissions/threads/Plotter_joinTransfer_accessible.proof 
794984     INFO  main            d.u.i.k.p.i.AbstractProblemLoader Loading environment from /home/runner/work/key/key/key.core/../key.ui/examples/heap/permissions/threads/Plotter_joinTransfer_accessible.proof 
794984     DEBUG main            d.u.i.k.p.i.AbstractProblemLoader Environment load took 58.2ns 
794985     INFO  main            d.u.i.k.p.i.AbstractProblemLoader Creating init config 
799562     DEBUG main            d.u.i.k.p.i.AbstractProblemLoader Init config took 4.58s 
799665     INFO  main            d.u.i.k.p.i.AbstractProblemLoader Replaying proof Plotter[ThreadSpec2::joinTransfer()].JML accessible clause.0 
799673     WARN  main            d.u.i.k.p.i.IntermediateProofReplayer Proof contains wrong number of \assumes instatiations for Definition_axiom_for_stateInv_in_Plotter 
799676     WARN  main            d.u.i.k.p.i.IntermediateProofReplayer Proof contains wrong number of \assumes instatiations for Definition_axiom_for_stateInv_in_Plotter 
799678     WARN  main            d.u.i.k.p.i.IntermediateProofReplayer Proof contains wrong number of \assumes instatiations for Definition_axiom_for_workingPermissions_in_Plotter 
799679     WARN  main            d.u.i.k.p.i.IntermediateProofReplayer Proof contains wrong number of \assumes instatiations for Definition_axiom_for_staticPermissions_in_Plotter 
799680     WARN  main            d.u.i.k.p.i.IntermediateProofReplayer Proof contains wrong number of \assumes instatiations for Definition_axiom_for_joinTransfer_in_Plotter 
799682     WARN  main            d.u.i.k.p.i.IntermediateProofReplayer Proof contains wrong number of \assumes instatiations for Definition_axiom_for_stateInv_in_BFilter 
799687     WARN  main            d.u.i.k.p.i.IntermediateProofReplayer Proof contains wrong number of \assumes instatiations for Definition_axiom_for_stateInv_in_AFilter 
799689     WARN  main            d.u.i.k.p.i.IntermediateProofReplayer Proof contains wrong number of \assumes instatiations for Definition_axiom_for_stateInv_in_BFilter 
799691     WARN  main            d.u.i.k.p.i.IntermediateProofReplayer Proof contains wrong number of \assumes instatiations for Definition_axiom_for_stateInv_in_AFilter 
799693     WARN  main            d.u.i.k.p.i.IntermediateProofReplayer Proof contains wrong number of \assumes instatiations for Definition_axiom_for_staticPermissions_in_AFilter 
799693     WARN  main            d.u.i.k.p.i.IntermediateProofReplayer Proof contains wrong number of \assumes instatiations for Definition_axiom_for_staticPermissions_in_Plotter 
799694     WARN  main            d.u.i.k.p.i.IntermediateProofReplayer Proof contains wrong number of \assumes instatiations for Definition_axiom_for_staticPermissions_in_BFilter 
799695     WARN  main            d.u.i.k.p.i.IntermediateProofReplayer Proof contains wrong number of \assumes instatiations for Definition_axiom_for_workingPermissions_in_Plotter 
799696     WARN  main            d.u.i.k.p.i.IntermediateProofReplayer Proof contains wrong number of \assumes instatiations for Definition_axiom_for_stateInv_in_Sampler 
799697     WARN  main            d.u.i.k.p.i.IntermediateProofReplayer Proof contains wrong number of \assumes instatiations for Definition_axiom_for_stateInv_in_Sampler 
799698     WARN  main            d.u.i.k.p.i.IntermediateProofReplayer Proof contains wrong number of \assumes instatiations for Definition_axiom_for_staticPermissions_in_Sampler 
799699     WARN  main            d.u.i.k.p.i.IntermediateProofReplayer Proof contains wrong number of \assumes instatiations for Definition_axiom_for_staticPermissions_in_BFilter 
799700     WARN  main            d.u.i.k.p.i.IntermediateProofReplayer Proof contains wrong number of \assumes instatiations for Definition_axiom_for_staticPermissions_in_AFilter 
799701     WARN  main            d.u.i.k.p.i.IntermediateProofReplayer Proof contains wrong number of \assumes instatiations for Definition_axiom_for_staticPermissions_in_Sampler 
799702     WARN  main            d.u.i.k.p.i.IntermediateProofReplayer Proof contains wrong number of \assumes instatiations for Definition_axiom_for_staticPermissions_in_Sampler 
799702     WARN  main            d.u.i.k.p.i.IntermediateProofReplayer Proof contains wrong number of \assumes instatiations for Definition_axiom_for_staticPermissions_in_Sampler 
799703     WARN  main            d.u.i.k.p.i.IntermediateProofReplayer Proof contains wrong number of \assumes instatiations for Definition_axiom_for_joinTransfer_in_Plotter 
799792     DEBUG main            d.u.i.k.p.i.IntermediateProofReplayer Proof replay took 122.36ms 
799792     INFO  main            d.u.i.k.p.r.p.TestFile    ... success: loaded 
4769784    INFO  Test worker     d.u.i.k.p.r.RunAllProofsTestUnit Returning from test permissionHeap 
4769785    INFO  Test worker     d.u.i.k.p.r.RunAllProofsTestUnit Running test completionScopes 
360        INFO  Timeout watchdog d.u.i.k.p.r.p.ForkedTestFileRunner Timeout watcher launched (2000 secs.) 
379        WARN  main            d.u.i.k.s.ProofSettings   The settings in /home/runner/.key/proof-settings.props are *not* read. 
433        INFO  main            d.u.i.k.p.r.p.TestFile    Now processing file /home/runner/work/key/key/key.core/../key.ui/examples/completionscopes/testCcatchReturnVal.key 
552        INFO  main            d.u.i.k.p.i.AbstractProblemLoader Loading environment from /home/runner/work/key/key/key.core/../key.ui/examples/completionscopes/testCcatchReturnVal.key 
567        DEBUG main            d.u.i.k.p.i.AbstractProblemLoader Environment load took 2.07ms 
795        INFO  main            d.u.i.k.p.i.AbstractProblemLoader Creating init config 
1724       DEBUG main            d.u.i.k.j.TypeConverter   No LDT found for Meta 
1728       DEBUG main            d.u.i.k.j.TypeConverter   No LDT found for Meta 
1731       DEBUG main            d.u.i.k.j.TypeConverter   No LDT found for Meta 
1732       DEBUG main            d.u.i.k.j.TypeConverter   No LDT found for Meta 
3175       DEBUG main            d.u.i.k.j.TypeConverter   No LDT found for JavaBigintExpression 
7868       DEBUG main            d.u.i.k.p.i.AbstractProblemLoader Init config took 7.07s 
8001       INFO  main            d.u.i.k.p.i.AbstractProblemLoader Replaying proof CompletionScopes[CompletionScopes::testCcatchReturnVal()].JML normal_behavior operation contract.0 
8034       DEBUG main            d.u.i.k.p.i.IntermediateProofReplayer Proof replay took 34.1ns 
8561       INFO  main            d.u.i.k.p.r.p.TestFile    ... finished proof: closed. 
8649       INFO  main            d.u.i.k.p.i.AbstractProblemLoader Loading environment from /home/runner/work/key/key/key.core/../key.ui/examples/completionscopes/testCcatchReturnVal.key.proof 
8649       DEBUG main            d.u.i.k.p.i.AbstractProblemLoader Environment load took 130.8ns 
8651       INFO  main            d.u.i.k.p.i.AbstractProblemLoader Creating init config 
11300      DEBUG main            d.u.i.k.p.i.AbstractProblemLoader Init config took 2.65s 
11368      INFO  main            d.u.i.k.p.i.AbstractProblemLoader Replaying proof CompletionScopes[CompletionScopes::testCcatchReturnVal()].JML normal_behavior operation contract.0 
11405      DEBUG main            d.u.i.k.p.i.IntermediateProofReplayer Proof replay took 32.09ms 
11411      DEBUG main            d.u.i.k.p.r.p.TestFile    ... success: reloaded. 
11412      INFO  main            d.u.i.k.p.r.p.TestFile    Now processing file /home/runner/work/key/key/key.core/../key.ui/examples/completionscopes/testMultCcatchClauses.key 
11413      INFO  main            d.u.i.k.p.i.AbstractProblemLoader Loading environment from /home/runner/work/key/key/key.core/../key.ui/examples/completionscopes/testMultCcatchClauses.key 
11413      DEBUG main            d.u.i.k.p.i.AbstractProblemLoader Environment load took 191.2ns 
11414      INFO  main            d.u.i.k.p.i.AbstractProblemLoader Creating init config 
13858      DEBUG main            d.u.i.k.p.i.AbstractProblemLoader Init config took 2.44s 
13917      INFO  main            d.u.i.k.p.i.AbstractProblemLoader Replaying proof CompletionScopes[CompletionScopes::testMultCcatchClauses()].JML normal_behavior operation contract.0 
13920      DEBUG main            d.u.i.k.p.i.IntermediateProofReplayer Proof replay took 6.2ns 
14324      INFO  main            d.u.i.k.p.r.p.TestFile    ... finished proof: closed. 
14456      INFO  main            d.u.i.k.p.i.AbstractProblemLoader Loading environment from /home/runner/work/key/key/key.core/../key.ui/examples/completionscopes/testMultCcatchClauses.key.proof 
14459      DEBUG main            d.u.i.k.p.i.AbstractProblemLoader Environment load took 2.32ms 
14461      INFO  main            d.u.i.k.p.i.AbstractProblemLoader Creating init config 
16886      DEBUG main            d.u.i.k.p.i.AbstractProblemLoader Init config took 2.43s 
16964      INFO  main            d.u.i.k.p.i.AbstractProblemLoader Replaying proof CompletionScopes[CompletionScopes::testMultCcatchClauses()].JML normal_behavior operation contract.0 
17103      DEBUG main            d.u.i.k.p.i.IntermediateProofReplayer Proof replay took 131.01ms 
17105      DEBUG main            d.u.i.k.p.r.p.TestFile    ... success: reloaded. 
17107      INFO  main            d.u.i.k.p.r.p.TestFile    Now processing file /home/runner/work/key/key/key.core/../key.ui/examples/completionscopes/testNestedExec.key 
17108      INFO  main            d.u.i.k.p.i.AbstractProblemLoader Loading environment from /home/runner/work/key/key/key.core/../key.ui/examples/completionscopes/testNestedExec.key 
17108      DEBUG main            d.u.i.k.p.i.AbstractProblemLoader Environment load took 181.4ns 
17110      INFO  main            d.u.i.k.p.i.AbstractProblemLoader Creating init config 
19549      DEBUG main            d.u.i.k.p.i.AbstractProblemLoader Init config took 2.44s 
19600      INFO  main            d.u.i.k.p.i.AbstractProblemLoader Replaying proof CompletionScopes[CompletionScopes::testMultCcatchClauses()].JML normal_behavior operation contract.0 
19603      DEBUG main            d.u.i.k.p.i.IntermediateProofReplayer Proof replay took 6.5ns 
19908      INFO  main            d.u.i.k.p.r.p.TestFile    ... finished proof: closed. 
20047      INFO  main            d.u.i.k.p.i.AbstractProblemLoader Loading environment from /home/runner/work/key/key/key.core/../key.ui/examples/completionscopes/testNestedExec.key.proof 
20048      DEBUG main            d.u.i.k.p.i.AbstractProblemLoader Environment load took 113.9ns 
20053      INFO  main            d.u.i.k.p.i.AbstractProblemLoader Creating init config 
22430      DEBUG main            d.u.i.k.p.i.AbstractProblemLoader Init config took 2.38s 
22484      INFO  main            d.u.i.k.p.i.AbstractProblemLoader Replaying proof CompletionScopes[CompletionScopes::testMultCcatchClauses()].JML normal_behavior operation contract.0 
22570      DEBUG main            d.u.i.k.p.i.IntermediateProofReplayer Proof replay took 81.11ms 
22571      DEBUG main            d.u.i.k.p.r.p.TestFile    ... success: reloaded. 
22573      INFO  main            d.u.i.k.p.r.p.TestFile    Now processing file /home/runner/work/key/key/key.core/../key.ui/examples/completionscopes/testCcatchBreakLabel.key 
22573      INFO  main            d.u.i.k.p.i.AbstractProblemLoader Loading environment from /home/runner/work/key/key/key.core/../key.ui/examples/completionscopes/testCcatchBreakLabel.key 
22574      DEBUG main            d.u.i.k.p.i.AbstractProblemLoader Environment load took 167.8ns 
22575      INFO  main            d.u.i.k.p.i.AbstractProblemLoader Creating init config 
24958      DEBUG main            d.u.i.k.p.i.AbstractProblemLoader Init config took 2.38s 
25000      INFO  main            d.u.i.k.p.i.AbstractProblemLoader Replaying proof CompletionScopes[CompletionScopes::testBreakLabel()].JML normal_behavior operation contract.0 
25002      DEBUG main            d.u.i.k.p.i.IntermediateProofReplayer Proof replay took 5.8ns 
25023      DEBUG Thread-10       d.u.i.k.l.o.ProgramSV     Match failed: Former match of  SchemaVariable incompatible with  the current match. 
25105      INFO  main            d.u.i.k.p.r.p.TestFile    ... finished proof: closed. 
25238      INFO  main            d.u.i.k.p.i.AbstractProblemLoader Loading environment from /home/runner/work/key/key/key.core/../key.ui/examples/completionscopes/testCcatchBreakLabel.key.proof 
25238      DEBUG main            d.u.i.k.p.i.AbstractProblemLoader Environment load took 115.3ns 
25239      INFO  main            d.u.i.k.p.i.AbstractProblemLoader Creating init config 
27562      DEBUG main            d.u.i.k.p.i.AbstractProblemLoader Init config took 2.32s 
27605      INFO  main            d.u.i.k.p.i.AbstractProblemLoader Replaying proof CompletionScopes[CompletionScopes::testBreakLabel()].JML normal_behavior operation contract.0 
27614      DEBUG main            d.u.i.k.p.i.IntermediateProofReplayer Proof replay took 7.12ms 
27615      DEBUG main            d.u.i.k.p.r.p.TestFile    ... success: reloaded. 
27616      INFO  main            d.u.i.k.p.r.p.TestFile    Now processing file /home/runner/work/key/key/key.core/../key.ui/examples/completionscopes/testCcatchContinueLabel.key 
27616      INFO  main            d.u.i.k.p.i.AbstractProblemLoader Loading environment from /home/runner/work/key/key/key.core/../key.ui/examples/completionscopes/testCcatchContinueLabel.key 
27616      DEBUG main            d.u.i.k.p.i.AbstractProblemLoader Environment load took 172.3ns 
27617      INFO  main            d.u.i.k.p.i.AbstractProblemLoader Creating init config 
29989      DEBUG main            d.u.i.k.p.i.AbstractProblemLoader Init config took 2.37s 
30032      INFO  main            d.u.i.k.p.i.AbstractProblemLoader Replaying proof CompletionScopes[CompletionScopes::testContinueLabel()].JML normal_behavior operation contract.0 
30034      DEBUG main            d.u.i.k.p.i.IntermediateProofReplayer Proof replay took 7.1ns 
30052      DEBUG Thread-13       d.u.i.k.l.o.ProgramSV     Match failed: Former match of  SchemaVariable incompatible with  the current match. 
30138      INFO  main            d.u.i.k.p.r.p.TestFile    ... finished proof: closed. 
30304      INFO  main            d.u.i.k.p.i.AbstractProblemLoader Loading environment from /home/runner/work/key/key/key.core/../key.ui/examples/completionscopes/testCcatchContinueLabel.key.proof 
30304      DEBUG main            d.u.i.k.p.i.AbstractProblemLoader Environment load took 115.1ns 
30305      INFO  main            d.u.i.k.p.i.AbstractProblemLoader Creating init config 
32607      DEBUG main            d.u.i.k.p.i.AbstractProblemLoader Init config took 2.3s 
32656      INFO  main            d.u.i.k.p.i.AbstractProblemLoader Replaying proof CompletionScopes[CompletionScopes::testContinueLabel()].JML normal_behavior operation contract.0 
32665      DEBUG main            d.u.i.k.p.i.IntermediateProofReplayer Proof replay took 7.94ms 
32666      DEBUG main            d.u.i.k.p.r.p.TestFile    ... success: reloaded. 
32667      INFO  main            d.u.i.k.p.r.p.TestFile    Now processing file /home/runner/work/key/key/key.core/../key.ui/examples/completionscopes/testCcatchBreakLabelWildcard.key 
32667      INFO  main            d.u.i.k.p.i.AbstractProblemLoader Loading environment from /home/runner/work/key/key/key.core/../key.ui/examples/completionscopes/testCcatchBreakLabelWildcard.key 
32667      DEBUG main            d.u.i.k.p.i.AbstractProblemLoader Environment load took 107.9ns 
32668      INFO  main            d.u.i.k.p.i.AbstractProblemLoader Creating init config 
34951      DEBUG main            d.u.i.k.p.i.AbstractProblemLoader Init config took 2.28s 
34992      INFO  main            d.u.i.k.p.i.AbstractProblemLoader Replaying proof CompletionScopes[CompletionScopes::testBreakLabelWildcard()].JML normal_behavior operation contract.0 
34996      DEBUG main            d.u.i.k.p.i.IntermediateProofReplayer Proof replay took 7.1ns 
35014      DEBUG Thread-16       d.u.i.k.l.o.ProgramSV     Match failed: Former match of  SchemaVariable incompatible with  the current match. 
35015      DEBUG Thread-16       d.u.i.k.l.o.ProgramSV     Match failed: Former match of  SchemaVariable incompatible with  the current match. 
35101      INFO  main            d.u.i.k.p.r.p.TestFile    ... finished proof: closed. 
35252      INFO  main            d.u.i.k.p.i.AbstractProblemLoader Loading environment from /home/runner/work/key/key/key.core/../key.ui/examples/completionscopes/testCcatchBreakLabelWildcard.key.proof 
35252      DEBUG main            d.u.i.k.p.i.AbstractProblemLoader Environment load took 111ns 
35253      INFO  main            d.u.i.k.p.i.AbstractProblemLoader Creating init config 
37545      DEBUG main            d.u.i.k.p.i.AbstractProblemLoader Init config took 2.29s 
37583      INFO  main            d.u.i.k.p.i.AbstractProblemLoader Replaying proof CompletionScopes[CompletionScopes::testBreakLabelWildcard()].JML normal_behavior operation contract.0 
37592      DEBUG main            d.u.i.k.p.i.IntermediateProofReplayer Proof replay took 6.79ms 
37593      DEBUG main            d.u.i.k.p.r.p.TestFile    ... success: reloaded. 
37594      INFO  main            d.u.i.k.p.r.p.TestFile    Now processing file /home/runner/work/key/key/key.core/../key.ui/examples/completionscopes/testCcatchContinueLabelWildcard.key 
37594      INFO  main            d.u.i.k.p.i.AbstractProblemLoader Loading environment from /home/runner/work/key/key/key.core/../key.ui/examples/completionscopes/testCcatchContinueLabelWildcard.key 
37594      DEBUG main            d.u.i.k.p.i.AbstractProblemLoader Environment load took 87.8ns 
37595      INFO  main            d.u.i.k.p.i.AbstractProblemLoader Creating init config 
39887      DEBUG main            d.u.i.k.p.i.AbstractProblemLoader Init config took 2.29s 
39925      INFO  main            d.u.i.k.p.i.AbstractProblemLoader Replaying proof CompletionScopes[CompletionScopes::testContinueLabelWildcard()].JML normal_behavior operation contract.0 
39926      DEBUG main            d.u.i.k.p.i.IntermediateProofReplayer Proof replay took 6ns 
39942      DEBUG Thread-19       d.u.i.k.l.o.ProgramSV     Match failed: Former match of  SchemaVariable incompatible with  the current match. 
39943      DEBUG Thread-19       d.u.i.k.l.o.ProgramSV     Match failed: Former match of  SchemaVariable incompatible with  the current match. 
40029      INFO  main            d.u.i.k.p.r.p.TestFile    ... finished proof: closed. 
40179      INFO  main            d.u.i.k.p.i.AbstractProblemLoader Loading environment from /home/runner/work/key/key/key.core/../key.ui/examples/completionscopes/testCcatchContinueLabelWildcard.key.proof 
40180      DEBUG main            d.u.i.k.p.i.AbstractProblemLoader Environment load took 109.9ns 
40180      INFO  main            d.u.i.k.p.i.AbstractProblemLoader Creating init config 
42410      DEBUG main            d.u.i.k.p.i.AbstractProblemLoader Init config took 2.23s 
42447      INFO  main            d.u.i.k.p.i.AbstractProblemLoader Replaying proof CompletionScopes[CompletionScopes::testContinueLabelWildcard()].JML normal_behavior operation contract.0 
42456      DEBUG main            d.u.i.k.p.i.IntermediateProofReplayer Proof replay took 7.62ms 
42457      DEBUG main            d.u.i.k.p.r.p.TestFile    ... success: reloaded. 
42458      INFO  main            d.u.i.k.p.r.p.TestFile    Now processing file /home/runner/work/key/key/key.core/../key.ui/examples/completionscopes/testCcatchBreakLabelNonmatchingNested.key 
42458      INFO  main            d.u.i.k.p.i.AbstractProblemLoader Loading environment from /home/runner/work/key/key/key.core/../key.ui/examples/completionscopes/testCcatchBreakLabelNonmatchingNested.key 
42458      DEBUG main            d.u.i.k.p.i.AbstractProblemLoader Environment load took 91.3ns 
42459      INFO  main            d.u.i.k.p.i.AbstractProblemLoader Creating init config 
44798      DEBUG main            d.u.i.k.p.i.AbstractProblemLoader Init config took 2.34s 
44836      INFO  main            d.u.i.k.p.i.AbstractProblemLoader Replaying proof CompletionScopes[CompletionScopes::testBreakLabelNonmatchingNested()].JML normal_behavior operation contract.0 
44838      DEBUG main            d.u.i.k.p.i.IntermediateProofReplayer Proof replay took 6ns 
44854      DEBUG Thread-22       d.u.i.k.l.o.ProgramSV     Match failed: Former match of  SchemaVariable incompatible with  the current match. 
44855      DEBUG Thread-22       d.u.i.k.l.o.ProgramSV     Match failed: Former match of  SchemaVariable incompatible with  the current match. 
44941      INFO  main            d.u.i.k.p.r.p.TestFile    ... finished proof: closed. 
45097      INFO  main            d.u.i.k.p.i.AbstractProblemLoader Loading environment from /home/runner/work/key/key/key.core/../key.ui/examples/completionscopes/testCcatchBreakLabelNonmatchingNested.key.proof 
45097      DEBUG main            d.u.i.k.p.i.AbstractProblemLoader Environment load took 119.9ns 
45098      INFO  main            d.u.i.k.p.i.AbstractProblemLoader Creating init config 
47399      DEBUG main            d.u.i.k.p.i.AbstractProblemLoader Init config took 2.3s 
47436      INFO  main            d.u.i.k.p.i.AbstractProblemLoader Replaying proof CompletionScopes[CompletionScopes::testBreakLabelNonmatchingNested()].JML normal_behavior operation contract.0 
47452      DEBUG main            d.u.i.k.p.i.IntermediateProofReplayer Proof replay took 10.75ms 
47453      DEBUG main            d.u.i.k.p.r.p.TestFile    ... success: reloaded. 
4817395    INFO  Test worker     d.u.i.k.p.r.RunAllProofsTestUnit Returning from test completionScopes 
4817396    INFO  Test worker     d.u.i.k.p.r.RunAllProofsTestUnit Running test reload_examples 
388        INFO  Timeout watchdog d.u.i.k.p.r.p.ForkedTestFileRunner Timeout watcher launched (2000 secs.) 
410        WARN  main            d.u.i.k.s.ProofSettings   The settings in /home/runner/.key/proof-settings.props are *not* read. 
445        INFO  main            d.u.i.k.p.r.p.TestFile    Now processing file /home/runner/work/key/key/key.core/../key.ui/examples/firstTouch/05-ReverseArray/reverseArray.key 
547        INFO  main            d.u.i.k.p.i.AbstractProblemLoader Loading environment from /home/runner/work/key/key/key.core/../key.ui/examples/firstTouch/05-ReverseArray/reverseArray.key 
570        DEBUG main            d.u.i.k.p.i.AbstractProblemLoader Environment load took 2.04ms 
781        INFO  main            d.u.i.k.p.i.AbstractProblemLoader Creating init config 
1775       DEBUG main            d.u.i.k.j.TypeConverter   No LDT found for Meta 
1776       DEBUG main            d.u.i.k.j.TypeConverter   No LDT found for Meta 
1777       DEBUG main            d.u.i.k.j.TypeConverter   No LDT found for Meta 
1777       DEBUG main            d.u.i.k.j.TypeConverter   No LDT found for Meta 
3079       DEBUG main            d.u.i.k.j.TypeConverter   No LDT found for JavaBigintExpression 
8138       DEBUG main            d.u.i.k.p.i.AbstractProblemLoader Init config took 7.36s 
8243       INFO  main            d.u.i.k.p.i.AbstractProblemLoader Replaying proof ReverseArray[ReverseArray::reverse()].JML normal_behavior operation contract.0 
8292       DEBUG main            d.u.i.k.p.i.IntermediateProofReplayer Proof replay took 33.8ns 
18310      INFO  main            d.u.i.k.p.r.p.TestFile    ... finished proof: closed. 
18508      INFO  main            d.u.i.k.p.i.AbstractProblemLoader Loading environment from /home/runner/work/key/key/key.core/../key.ui/examples/firstTouch/05-ReverseArray/reverseArray.key.proof 
18509      DEBUG main            d.u.i.k.p.i.AbstractProblemLoader Environment load took 370.7ns 
18511      INFO  main            d.u.i.k.p.i.AbstractProblemLoader Creating init config 
21379      DEBUG main            d.u.i.k.p.i.AbstractProblemLoader Init config took 2.87s 
21452      INFO  main            d.u.i.k.p.i.AbstractProblemLoader Replaying proof ReverseArray[ReverseArray::reverse()].JML normal_behavior operation contract.0 
22706      DEBUG main            d.u.i.k.p.i.IntermediateProofReplayer Proof replay took 1.18s 
22718      DEBUG main            d.u.i.k.p.r.p.TestFile    ... success: reloaded. 
22720      INFO  main            d.u.i.k.p.r.p.TestFile    Now processing file /home/runner/work/key/key/key.core/../key.ui/examples/standard_key/arith/saveProofTest.key.proof 
22721      INFO  main            d.u.i.k.p.i.AbstractProblemLoader Loading environment from /home/runner/work/key/key/key.core/../key.ui/examples/standard_key/arith/saveProofTest.key.proof 
22721      DEBUG main            d.u.i.k.p.i.AbstractProblemLoader Environment load took 189.7ns 
22724      INFO  main            d.u.i.k.p.i.AbstractProblemLoader Creating init config 
25222      DEBUG main            d.u.i.k.p.i.AbstractProblemLoader Init config took 2.5s 
25249      INFO  main            d.u.i.k.p.i.AbstractProblemLoader Replaying proof saveProofTest.key.proof 
25256      DEBUG main            d.u.i.k.p.i.IntermediateProofReplayer Proof replay took 3.11ms 
25257      INFO  main            d.u.i.k.p.r.p.TestFile    ... success: loaded 
25258      INFO  main            d.u.i.k.p.r.p.TestFile    Now processing file /home/runner/work/key/key/key.core/../key.ui/examples/heap/permutedSum/perm.proof 
25258      INFO  main            d.u.i.k.p.i.AbstractProblemLoader Loading environment from /home/runner/work/key/key/key.core/../key.ui/examples/heap/permutedSum/perm.proof 
25259      DEBUG main            d.u.i.k.p.i.AbstractProblemLoader Environment load took 211.3ns 
25261      INFO  main            d.u.i.k.p.i.AbstractProblemLoader Creating init config 
27923      DEBUG main            d.u.i.k.p.i.AbstractProblemLoader Init config took 2.66s 
27990      INFO  main            d.u.i.k.p.i.AbstractProblemLoader Replaying proof Perm[Perm::foo()].JML normal_behavior operation contract.0 
29140      DEBUG main            d.u.i.k.p.i.IntermediateProofReplayer Proof replay took 1.1s 
29142      INFO  main            d.u.i.k.p.r.p.TestFile    ... success: loaded 
29143      INFO  main            d.u.i.k.p.r.p.TestFile    Now processing file /home/runner/work/key/key/key.core/../key.ui/examples/firstTouch/05-ReverseArray/reverseArray.proof 
29143      INFO  main            d.u.i.k.p.i.AbstractProblemLoader Loading environment from /home/runner/work/key/key/key.core/../key.ui/examples/firstTouch/05-ReverseArray/reverseArray.proof 
29144      DEBUG main            d.u.i.k.p.i.AbstractProblemLoader Environment load took 212.9ns 
29146      INFO  main            d.u.i.k.p.i.AbstractProblemLoader Creating init config 
31788      DEBUG main            d.u.i.k.p.i.AbstractProblemLoader Init config took 2.64s 
31827      INFO  main            d.u.i.k.p.i.AbstractProblemLoader Replaying proof ReverseArray[ReverseArray::reverse()].JML normal_behavior operation contract.0 
32893      DEBUG main            d.u.i.k.p.i.IntermediateProofReplayer Proof replay took 1.03s 
32896      INFO  main            d.u.i.k.p.r.p.TestFile    ... success: loaded 
32897      INFO  main            d.u.i.k.p.r.p.TestFile    Now processing file /home/runner/work/key/key/key.core/../key.ui/examples/heap/verifyThis15_1_RelaxedPrefix/relax.proof 
32897      INFO  main            d.u.i.k.p.i.AbstractProblemLoader Loading environment from /home/runner/work/key/key/key.core/../key.ui/examples/heap/verifyThis15_1_RelaxedPrefix/relax.proof 
32897      DEBUG main            d.u.i.k.p.i.AbstractProblemLoader Environment load took 90ns 
32899      INFO  main            d.u.i.k.p.i.AbstractProblemLoader Creating init config 
35455      DEBUG main            d.u.i.k.p.i.AbstractProblemLoader Init config took 2.56s 
35520      INFO  main            d.u.i.k.p.i.AbstractProblemLoader Replaying proof Relaxed[Relaxed::isRelaxedPrefix([I,[I)].JML operation contract.0 
35950      DEBUG main            d.u.i.k.p.i.IntermediateProofReplayer Proof replay took 411.53ms 
35951      INFO  main            d.u.i.k.p.r.p.TestFile    ... success: loaded 
35953      INFO  main            d.u.i.k.p.r.p.TestFile    Now processing file /home/runner/work/key/key/key.core/../key.ui/examples/heap/verifyThis15_3_DLL/doUndo.proof 
35953      INFO  main            d.u.i.k.p.i.AbstractProblemLoader Loading environment from /home/runner/work/key/key/key.core/../key.ui/examples/heap/verifyThis15_3_DLL/doUndo.proof 
35953      DEBUG main            d.u.i.k.p.i.AbstractProblemLoader Environment load took 164.2ns 
35955      INFO  main            d.u.i.k.p.i.AbstractProblemLoader Creating init config 
36889      DEBUG main            d.u.i.k.j.r.ClassPreparationMethodBuilder clPrepBuilder: Inner Class detected. Reject building class initialisation methods. 
38748      DEBUG main            d.u.i.k.p.i.AbstractProblemLoader Init config took 2.79s 
38824      INFO  main            d.u.i.k.p.i.AbstractProblemLoader Replaying proof DoubleLinkedList[DoubleLinkedList::doUndo(DoubleLinkedList.Node,int)].JML normal_behavior operation contract.0 
39579      DEBUG main            d.u.i.k.p.i.IntermediateProofReplayer Proof replay took 724.6ms 
39581      INFO  main            d.u.i.k.p.r.p.TestFile    ... success: loaded 
39582      INFO  main            d.u.i.k.p.r.p.TestFile    Now processing file /home/runner/work/key/key/key.core/../key.ui/examples/heap/verifyThis15_2_ParallelGcd/parallelGcd.proof 
39582      INFO  main            d.u.i.k.p.i.AbstractProblemLoader Loading environment from /home/runner/work/key/key/key.core/../key.ui/examples/heap/verifyThis15_2_ParallelGcd/parallelGcd.proof 
39583      DEBUG main            d.u.i.k.p.i.AbstractProblemLoader Environment load took 163.4ns 
39584      INFO  main            d.u.i.k.p.i.AbstractProblemLoader Creating init config 
42151      DEBUG main            d.u.i.k.p.i.AbstractProblemLoader Init config took 2.57s 
42203      INFO  main            d.u.i.k.p.i.AbstractProblemLoader Replaying proof ParallelGcd[ParallelGcd::parallelGcd(int,int,[Z)].JML behavior operation contract.0 
42734      DEBUG main            d.u.i.k.p.i.IntermediateProofReplayer Proof replay took 517.66ms 
42735      INFO  main            d.u.i.k.p.r.p.TestFile    ... success: loaded 
4860297    INFO  Test worker     d.u.i.k.p.r.RunAllProofsTestUnit Returning from test reload_examples 
4860298    INFO  Test worker     d.u.i.k.p.r.RunAllProofsTestUnit Running test proofLoadRepair 
351        INFO  Timeout watchdog d.u.i.k.p.r.p.ForkedTestFileRunner Timeout watcher launched (2000 secs.) 
356        WARN  main            d.u.i.k.s.ProofSettings   The settings in /home/runner/.key/proof-settings.props are *not* read. 
405        INFO  main            d.u.i.k.p.r.p.TestFile    Now processing file /home/runner/work/key/key/key.core/../key.ui/examples/proofLoadRepair/disjConj-manipulated.proof 
568        INFO  main            d.u.i.k.p.i.AbstractProblemLoader Loading environment from /home/runner/work/key/key/key.core/../key.ui/examples/proofLoadRepair/disjConj-manipulated.proof 
595        DEBUG main            d.u.i.k.p.i.AbstractProblemLoader Environment load took 2.03ms 
820        INFO  main            d.u.i.k.p.i.AbstractProblemLoader Creating init config 
1802       DEBUG main            d.u.i.k.j.TypeConverter   No LDT found for Meta 
1803       DEBUG main            d.u.i.k.j.TypeConverter   No LDT found for Meta 
1806       DEBUG main            d.u.i.k.j.TypeConverter   No LDT found for Meta 
1806       DEBUG main            d.u.i.k.j.TypeConverter   No LDT found for Meta 
3315       DEBUG main            d.u.i.k.j.TypeConverter   No LDT found for JavaBigintExpression 
7829       DEBUG main            d.u.i.k.p.i.AbstractProblemLoader Init config took 7.01s 
7909       INFO  main            d.u.i.k.p.i.AbstractProblemLoader Replaying proof disjConj-manipulated.proof 
7958       WARN  main            d.u.i.k.p.i.IntermediateProofReplayer Proof contains wrong number of \assumes instatiations for andLeft 
7959       WARN  main            d.u.i.k.p.i.IntermediateProofReplayer Proof contains wrong number of \assumes instatiations for replace_known_right 
7965       WARN  main            d.u.i.k.p.i.IntermediateProofReplayer Proof contains wrong number of \assumes instatiations for close 
7965       DEBUG main            d.u.i.k.p.i.IntermediateProofReplayer Proof replay took 18.69ms 
7971       INFO  main            d.u.i.k.p.r.p.TestFile    ... success: loaded 
7979       INFO  main            d.u.i.k.p.r.p.TestFile    Now processing file /home/runner/work/key/key/key.core/../key.ui/examples/proofLoadRepair/insufficient-manipulated.proof 
7979       INFO  main            d.u.i.k.p.i.AbstractProblemLoader Loading environment from /home/runner/work/key/key/key.core/../key.ui/examples/proofLoadRepair/insufficient-manipulated.proof 
7980       DEBUG main            d.u.i.k.p.i.AbstractProblemLoader Environment load took 235.2ns 
7985       INFO  main            d.u.i.k.p.i.AbstractProblemLoader Creating init config 
10586      DEBUG main            d.u.i.k.p.i.AbstractProblemLoader Init config took 2.6s 
10626      INFO  main            d.u.i.k.p.i.AbstractProblemLoader Replaying proof insufficient-manipulated.proof 
10652      WARN  main            d.u.i.k.p.i.IntermediateProofReplayer Proof contains wrong number of \assumes instatiations for applyEq 
10665      DEBUG main            d.u.i.k.p.i.IntermediateProofReplayer Proof replay took 18.14ms 
10668      INFO  main            d.u.i.k.p.r.p.TestFile    ... success: loading failed 
10670      INFO  main            d.u.i.k.p.r.p.TestFile    Now processing file /home/runner/work/key/key/key.core/../key.ui/examples/../../key.core/src/test/resources/testcase/issues/1716/incorrectPolarity.proof 
10670      INFO  main            d.u.i.k.p.i.AbstractProblemLoader Loading environment from /home/runner/work/key/key/key.core/../key.ui/examples/../../key.core/src/test/resources/testcase/issues/1716/incorrectPolarity.proof 
10671      DEBUG main            d.u.i.k.p.i.AbstractProblemLoader Environment load took 194.1ns 
10674      INFO  main            d.u.i.k.p.i.AbstractProblemLoader Creating init config 
13210      DEBUG main            d.u.i.k.p.i.AbstractProblemLoader Init config took 2.54s 
13238      INFO  main            d.u.i.k.p.i.AbstractProblemLoader Replaying proof incorrectPolarity.proof 
13241      DEBUG main            d.u.i.k.p.i.IntermediateProofReplayer Proof replay took 212.3ns 
13241      INFO  main            d.u.i.k.p.r.p.TestFile    ... success: loading failed 
13242      INFO  main            d.u.i.k.p.r.p.TestFile    Now processing file /home/runner/work/key/key/key.core/../key.ui/examples/../../key.core/src/test/resources/testcase/issues/1716/incorrectPolarity2.proof 
13242      INFO  main            d.u.i.k.p.i.AbstractProblemLoader Loading environment from /home/runner/work/key/key/key.core/../key.ui/examples/../../key.core/src/test/resources/testcase/issues/1716/incorrectPolarity2.proof 
13243      DEBUG main            d.u.i.k.p.i.AbstractProblemLoader Environment load took 182.1ns 
13244      INFO  main            d.u.i.k.p.i.AbstractProblemLoader Creating init config 
15567      DEBUG main            d.u.i.k.p.i.AbstractProblemLoader Init config took 2.32s 
15589      INFO  main            d.u.i.k.p.i.AbstractProblemLoader Replaying proof incorrectPolarity2.proof 
15592      DEBUG main            d.u.i.k.p.i.IntermediateProofReplayer Proof replay took 342.5ns 
15592      INFO  main            d.u.i.k.p.r.p.TestFile    ... success: loading failed 
15593      INFO  main            d.u.i.k.p.r.p.TestFile    Now processing file /home/runner/work/key/key/key.core/../key.ui/examples/../../key.core/src/test/resources/testcase/issues/1716/incorrectPolarity3.proof 
15593      INFO  main            d.u.i.k.p.i.AbstractProblemLoader Loading environment from /home/runner/work/key/key/key.core/../key.ui/examples/../../key.core/src/test/resources/testcase/issues/1716/incorrectPolarity3.proof 
15593      DEBUG main            d.u.i.k.p.i.AbstractProblemLoader Environment load took 89.3ns 
15594      INFO  main            d.u.i.k.p.i.AbstractProblemLoader Creating init config 
17897      DEBUG main            d.u.i.k.p.i.AbstractProblemLoader Init config took 2.3s 
17916      INFO  main            d.u.i.k.p.i.AbstractProblemLoader Replaying proof incorrectPolarity3.proof 
17920      DEBUG main            d.u.i.k.p.i.IntermediateProofReplayer Proof replay took 1.61ms 
17920      INFO  main            d.u.i.k.p.r.p.TestFile    ... success: loading failed 
4878384    INFO  Test worker     d.u.i.k.p.r.RunAllProofsTestUnit Returning from test proofLoadRepair 
4878385    INFO  Test worker     d.u.i.k.p.r.RunAllProofsTestUnit Running test switch 
400        INFO  Timeout watchdog d.u.i.k.p.r.p.ForkedTestFileRunner Timeout watcher launched (2000 secs.) 
410        WARN  main            d.u.i.k.s.ProofSettings   The settings in /home/runner/.key/proof-settings.props are *not* read. 
436        INFO  main            d.u.i.k.p.r.p.TestFile    Now processing file /home/runner/work/key/key/key.core/../key.ui/examples/standard_key/java_dl/switch/labeled_case.key 
538        INFO  main            d.u.i.k.p.i.AbstractProblemLoader Loading environment from /home/runner/work/key/key/key.core/../key.ui/examples/standard_key/java_dl/switch/labeled_case.key 
557        DEBUG main            d.u.i.k.p.i.AbstractProblemLoader Environment load took 2.09ms 
794        INFO  main            d.u.i.k.p.i.AbstractProblemLoader Creating init config 
1817       DEBUG main            d.u.i.k.j.TypeConverter   No LDT found for Meta 
1817       DEBUG main            d.u.i.k.j.TypeConverter   No LDT found for Meta 
1820       DEBUG main            d.u.i.k.j.TypeConverter   No LDT found for Meta 
1821       DEBUG main            d.u.i.k.j.TypeConverter   No LDT found for Meta 
3121       DEBUG main            d.u.i.k.j.TypeConverter   No LDT found for JavaBigintExpression 
8145       DEBUG main            d.u.i.k.p.i.AbstractProblemLoader Init config took 7.35s 
8302       INFO  main            d.u.i.k.p.i.AbstractProblemLoader Replaying proof LabeledCase[LabeledCase::m(int)].JML normal_behavior operation contract.0 
8335       DEBUG main            d.u.i.k.p.i.IntermediateProofReplayer Proof replay took 32ns 
9056       INFO  main            d.u.i.k.p.r.p.TestFile    ... finished proof: closed. 
9151       INFO  main            d.u.i.k.p.i.AbstractProblemLoader Loading environment from /home/runner/work/key/key/key.core/../key.ui/examples/standard_key/java_dl/switch/labeled_case.key.proof 
9151       DEBUG main            d.u.i.k.p.i.AbstractProblemLoader Environment load took 353.9ns 
9153       INFO  main            d.u.i.k.p.i.AbstractProblemLoader Creating init config 
11916      DEBUG main            d.u.i.k.p.i.AbstractProblemLoader Init config took 2.76s 
11993      INFO  main            d.u.i.k.p.i.AbstractProblemLoader Replaying proof LabeledCase[LabeledCase::m(int)].JML normal_behavior operation contract.0 
12049      DEBUG main            d.u.i.k.p.i.IntermediateProofReplayer Proof replay took 50.94ms 
12055      DEBUG main            d.u.i.k.p.r.p.TestFile    ... success: reloaded. 
12056      INFO  main            d.u.i.k.p.r.p.TestFile    Now processing file /home/runner/work/key/key/key.core/../key.ui/examples/standard_key/java_dl/switch/empty_switch.key 
12056      INFO  main            d.u.i.k.p.i.AbstractProblemLoader Loading environment from /home/runner/work/key/key/key.core/../key.ui/examples/standard_key/java_dl/switch/empty_switch.key 
12057      DEBUG main            d.u.i.k.p.i.AbstractProblemLoader Environment load took 206.3ns 
12058      INFO  main            d.u.i.k.p.i.AbstractProblemLoader Creating init config 
14559      DEBUG main            d.u.i.k.p.i.AbstractProblemLoader Init config took 2.5s 
14588      INFO  main            d.u.i.k.p.i.AbstractProblemLoader Replaying proof empty_switch.key 
14591      DEBUG main            d.u.i.k.p.i.IntermediateProofReplayer Proof replay took 5.7ns 
14693      INFO  main            d.u.i.k.p.r.p.TestFile    ... finished proof: closed. 
14816      INFO  main            d.u.i.k.p.i.AbstractProblemLoader Loading environment from /home/runner/work/key/key/key.core/../key.ui/examples/standard_key/java_dl/switch/empty_switch.key.proof 
14816      DEBUG main            d.u.i.k.p.i.AbstractProblemLoader Environment load took 120ns 
14818      INFO  main            d.u.i.k.p.i.AbstractProblemLoader Creating init config 
17209      DEBUG main            d.u.i.k.p.i.AbstractProblemLoader Init config took 2.39s 
17235      INFO  main            d.u.i.k.p.i.AbstractProblemLoader Replaying proof empty_switch.key.proof 
17239      DEBUG main            d.u.i.k.p.i.IntermediateProofReplayer Proof replay took 2.01ms 
17240      DEBUG main            d.u.i.k.p.r.p.TestFile    ... success: reloaded. 
17243      INFO  main            d.u.i.k.p.r.p.TestFile    Now processing file /home/runner/work/key/key/key.core/../key.ui/examples/standard_key/java_dl/switch/empty_switch_null.key 
17245      INFO  main            d.u.i.k.p.i.AbstractProblemLoader Loading environment from /home/runner/work/key/key/key.core/../key.ui/examples/standard_key/java_dl/switch/empty_switch_null.key 
17245      DEBUG main            d.u.i.k.p.i.AbstractProblemLoader Environment load took 221.1ns 
17247      INFO  main            d.u.i.k.p.i.AbstractProblemLoader Creating init config 
19717      DEBUG main            d.u.i.k.p.i.AbstractProblemLoader Init config took 2.47s 
19738      INFO  main            d.u.i.k.p.i.AbstractProblemLoader Replaying proof empty_switch_null.key 
19740      DEBUG main            d.u.i.k.p.i.IntermediateProofReplayer Proof replay took 5.5ns 
19944      INFO  main            d.u.i.k.p.r.p.TestFile    ... finished proof: closed. 
20070      INFO  main            d.u.i.k.p.i.AbstractProblemLoader Loading environment from /home/runner/work/key/key/key.core/../key.ui/examples/standard_key/java_dl/switch/empty_switch_null.key.proof 
20070      DEBUG main            d.u.i.k.p.i.AbstractProblemLoader Environment load took 139.6ns 
20072      INFO  main            d.u.i.k.p.i.AbstractProblemLoader Creating init config 
22486      DEBUG main            d.u.i.k.p.i.AbstractProblemLoader Init config took 2.41s 
22506      INFO  main            d.u.i.k.p.i.AbstractProblemLoader Replaying proof empty_switch_null.key.proof 
22540      DEBUG main            d.u.i.k.p.i.IntermediateProofReplayer Proof replay took 31.21ms 
22541      DEBUG main            d.u.i.k.p.r.p.TestFile    ... success: reloaded. 
22542      INFO  main            d.u.i.k.p.r.p.TestFile    Now processing file /home/runner/work/key/key/key.core/../key.ui/examples/standard_key/java_dl/switch/empty_switch_null_catch.key 
22542      INFO  main            d.u.i.k.p.i.AbstractProblemLoader Loading environment from /home/runner/work/key/key/key.core/../key.ui/examples/standard_key/java_dl/switch/empty_switch_null_catch.key 
22542      DEBUG main            d.u.i.k.p.i.AbstractProblemLoader Environment load took 89.9ns 
22543      INFO  main            d.u.i.k.p.i.AbstractProblemLoader Creating init config 
24947      DEBUG main            d.u.i.k.p.i.AbstractProblemLoader Init config took 2.4s 
24967      INFO  main            d.u.i.k.p.i.AbstractProblemLoader Replaying proof empty_switch_null_catch.key 
24969      DEBUG main            d.u.i.k.p.i.IntermediateProofReplayer Proof replay took 6.3ns 
25173      INFO  main            d.u.i.k.p.r.p.TestFile    ... finished proof: closed. 
25309      INFO  main            d.u.i.k.p.i.AbstractProblemLoader Loading environment from /home/runner/work/key/key/key.core/../key.ui/examples/standard_key/java_dl/switch/empty_switch_null_catch.key.proof 
25309      DEBUG main            d.u.i.k.p.i.AbstractProblemLoader Environment load took 118.8ns 
25310      INFO  main            d.u.i.k.p.i.AbstractProblemLoader Creating init config 
27699      DEBUG main            d.u.i.k.p.i.AbstractProblemLoader Init config took 2.39s 
27722      INFO  main            d.u.i.k.p.i.AbstractProblemLoader Replaying proof empty_switch_null_catch.key.proof 
27761      DEBUG main            d.u.i.k.p.i.IntermediateProofReplayer Proof replay took 36.14ms 
27762      DEBUG main            d.u.i.k.p.r.p.TestFile    ... success: reloaded. 
27763      INFO  main            d.u.i.k.p.r.p.TestFile    Now processing file /home/runner/work/key/key/key.core/../key.ui/examples/standard_key/java_dl/switch/empty_switch_array_out_of_bounds.key 
27764      INFO  main            d.u.i.k.p.i.AbstractProblemLoader Loading environment from /home/runner/work/key/key/key.core/../key.ui/examples/standard_key/java_dl/switch/empty_switch_array_out_of_bounds.key 
27764      DEBUG main            d.u.i.k.p.i.AbstractProblemLoader Environment load took 161.4ns 
27765      INFO  main            d.u.i.k.p.i.AbstractProblemLoader Creating init config 
30178      DEBUG main            d.u.i.k.p.i.AbstractProblemLoader Init config took 2.41s 
30198      INFO  main            d.u.i.k.p.i.AbstractProblemLoader Replaying proof empty_switch_array_out_of_bounds.key 
30201      DEBUG main            d.u.i.k.p.i.IntermediateProofReplayer Proof replay took 5.9ns 
30404      INFO  main            d.u.i.k.p.r.p.TestFile    ... finished proof: closed. 
30552      INFO  main            d.u.i.k.p.i.AbstractProblemLoader Loading environment from /home/runner/work/key/key/key.core/../key.ui/examples/standard_key/java_dl/switch/empty_switch_array_out_of_bounds.key.proof 
30553      DEBUG main            d.u.i.k.p.i.AbstractProblemLoader Environment load took 336.6ns 
30554      INFO  main            d.u.i.k.p.i.AbstractProblemLoader Creating init config 
32925      DEBUG main            d.u.i.k.p.i.AbstractProblemLoader Init config took 2.37s 
32945      INFO  main            d.u.i.k.p.i.AbstractProblemLoader Replaying proof empty_switch_array_out_of_bounds.key.proof 
32998      DEBUG main            d.u.i.k.p.i.IntermediateProofReplayer Proof replay took 49.1ms 
32999      DEBUG main            d.u.i.k.p.r.p.TestFile    ... success: reloaded. 
33000      INFO  main            d.u.i.k.p.r.p.TestFile    Now processing file /home/runner/work/key/key/key.core/../key.ui/examples/standard_key/java_dl/switch/empty_switch_array_out_of_bounds_catch.key 
33000      INFO  main            d.u.i.k.p.i.AbstractProblemLoader Loading environment from /home/runner/work/key/key/key.core/../key.ui/examples/standard_key/java_dl/switch/empty_switch_array_out_of_bounds_catch.key 
33001      DEBUG main            d.u.i.k.p.i.AbstractProblemLoader Environment load took 637.8ns 
33002      INFO  main            d.u.i.k.p.i.AbstractProblemLoader Creating init config 
35377      DEBUG main            d.u.i.k.p.i.AbstractProblemLoader Init config took 2.37s 
35397      INFO  main            d.u.i.k.p.i.AbstractProblemLoader Replaying proof empty_switch_array_out_of_bounds_catch.key 
35399      DEBUG main            d.u.i.k.p.i.IntermediateProofReplayer Proof replay took 5.8ns 
35602      INFO  main            d.u.i.k.p.r.p.TestFile    ... finished proof: closed. 
35774      INFO  main            d.u.i.k.p.i.AbstractProblemLoader Loading environment from /home/runner/work/key/key/key.core/../key.ui/examples/standard_key/java_dl/switch/empty_switch_array_out_of_bounds_catch.key.proof 
35774      DEBUG main            d.u.i.k.p.i.AbstractProblemLoader Environment load took 118.9ns 
35776      INFO  main            d.u.i.k.p.i.AbstractProblemLoader Creating init config 
38124      DEBUG main            d.u.i.k.p.i.AbstractProblemLoader Init config took 2.35s 
38144      INFO  main            d.u.i.k.p.i.AbstractProblemLoader Replaying proof empty_switch_array_out_of_bounds_catch.key.proof 
38180      DEBUG main            d.u.i.k.p.i.IntermediateProofReplayer Proof replay took 33.18ms 
38181      DEBUG main            d.u.i.k.p.r.p.TestFile    ... success: reloaded. 
38182      INFO  main            d.u.i.k.p.r.p.TestFile    Now processing file /home/runner/work/key/key/key.core/../key.ui/examples/standard_key/java_dl/switch/switch_in_switch.key 
38182      INFO  main            d.u.i.k.p.i.AbstractProblemLoader Loading environment from /home/runner/work/key/key/key.core/../key.ui/examples/standard_key/java_dl/switch/switch_in_switch.key 
38182      DEBUG main            d.u.i.k.p.i.AbstractProblemLoader Environment load took 172.3ns 
38183      INFO  main            d.u.i.k.p.i.AbstractProblemLoader Creating init config 
40641      DEBUG main            d.u.i.k.p.i.AbstractProblemLoader Init config took 2.46s 
40685      INFO  main            d.u.i.k.p.i.AbstractProblemLoader Replaying proof SwitchInSwitch[SwitchInSwitch::m(int)].JML normal_behavior operation contract.0 
40687      DEBUG main            d.u.i.k.p.i.IntermediateProofReplayer Proof replay took 6ns 
44844      INFO  main            d.u.i.k.p.r.p.TestFile    ... finished proof: closed. 
45067      INFO  main            d.u.i.k.p.i.AbstractProblemLoader Loading environment from /home/runner/work/key/key/key.core/../key.ui/examples/standard_key/java_dl/switch/switch_in_switch.key.proof 
45067      DEBUG main            d.u.i.k.p.i.AbstractProblemLoader Environment load took 124.6ns 
45069      INFO  main            d.u.i.k.p.i.AbstractProblemLoader Creating init config 
47512      DEBUG main            d.u.i.k.p.i.AbstractProblemLoader Init config took 2.44s 
47559      INFO  main            d.u.i.k.p.i.AbstractProblemLoader Replaying proof SwitchInSwitch[SwitchInSwitch::m(int)].JML normal_behavior operation contract.0 
48028      DEBUG main            d.u.i.k.p.i.IntermediateProofReplayer Proof replay took 439.25ms 
48029      DEBUG main            d.u.i.k.p.r.p.TestFile    ... success: reloaded. 
48030      INFO  main            d.u.i.k.p.r.p.TestFile    Now processing file /home/runner/work/key/key/key.core/../key.ui/examples/standard_key/java_dl/switch/while_and_switch.key 
48031      INFO  main            d.u.i.k.p.i.AbstractProblemLoader Loading environment from /home/runner/work/key/key/key.core/../key.ui/examples/standard_key/java_dl/switch/while_and_switch.key 
48031      DEBUG main            d.u.i.k.p.i.AbstractProblemLoader Environment load took 174.8ns 
48032      INFO  main            d.u.i.k.p.i.AbstractProblemLoader Creating init config 
50469      DEBUG main            d.u.i.k.p.i.AbstractProblemLoader Init config took 2.44s 
50511      INFO  main            d.u.i.k.p.i.AbstractProblemLoader Replaying proof WhileAndSwitch[WhileAndSwitch::m(int)].JML normal_behavior operation contract.0 
50514      DEBUG main            d.u.i.k.p.i.IntermediateProofReplayer Proof replay took 12ns 
51218      INFO  main            d.u.i.k.p.r.p.TestFile    ... finished proof: closed. 
51408      INFO  main            d.u.i.k.p.i.AbstractProblemLoader Loading environment from /home/runner/work/key/key/key.core/../key.ui/examples/standard_key/java_dl/switch/while_and_switch.key.proof 
51410      DEBUG main            d.u.i.k.p.i.AbstractProblemLoader Environment load took 2.38ms 
51412      INFO  main            d.u.i.k.p.i.AbstractProblemLoader Creating init config 
53800      DEBUG main            d.u.i.k.p.i.AbstractProblemLoader Init config took 2.39s 
53843      INFO  main            d.u.i.k.p.i.AbstractProblemLoader Replaying proof WhileAndSwitch[WhileAndSwitch::m(int)].JML normal_behavior operation contract.0 
53967      DEBUG main            d.u.i.k.p.i.IntermediateProofReplayer Proof replay took 117.81ms 
53968      DEBUG main            d.u.i.k.p.r.p.TestFile    ... success: reloaded. 
53969      INFO  main            d.u.i.k.p.r.p.TestFile    Now processing file /home/runner/work/key/key/key.core/../key.ui/examples/standard_key/java_dl/switch/large_switch.key 
53970      INFO  main            d.u.i.k.p.i.AbstractProblemLoader Loading environment from /home/runner/work/key/key/key.core/../key.ui/examples/standard_key/java_dl/switch/large_switch.key 
53970      DEBUG main            d.u.i.k.p.i.AbstractProblemLoader Environment load took 159.1ns 
53971      INFO  main            d.u.i.k.p.i.AbstractProblemLoader Creating init config 
56477      DEBUG main            d.u.i.k.p.i.AbstractProblemLoader Init config took 2.51s 
56514      INFO  main            d.u.i.k.p.i.AbstractProblemLoader Replaying proof LargeSwitch[LargeSwitch::m(int)].JML normal_behavior operation contract.0 
56516      DEBUG main            d.u.i.k.p.i.IntermediateProofReplayer Proof replay took 6.3ns 
57756      INFO  main            d.u.i.k.p.r.p.TestFile    ... finished proof: closed. 
57981      INFO  main            d.u.i.k.p.i.AbstractProblemLoader Loading environment from /home/runner/work/key/key/key.core/../key.ui/examples/standard_key/java_dl/switch/large_switch.key.proof 
57981      DEBUG main            d.u.i.k.p.i.AbstractProblemLoader Environment load took 123.8ns 
57983      INFO  main            d.u.i.k.p.i.AbstractProblemLoader Creating init config 
60403      DEBUG main            d.u.i.k.p.i.AbstractProblemLoader Init config took 2.42s 
60439      INFO  main            d.u.i.k.p.i.AbstractProblemLoader Replaying proof LargeSwitch[LargeSwitch::m(int)].JML normal_behavior operation contract.0 
60759      DEBUG main            d.u.i.k.p.i.IntermediateProofReplayer Proof replay took 304.51ms 
60761      DEBUG main            d.u.i.k.p.r.p.TestFile    ... success: reloaded. 
4939310    INFO  Test worker     d.u.i.k.p.r.RunAllProofsTestUnit Returning from test switch 
4939311    INFO  Test worker     d.u.i.k.p.r.RunAllProofsTestUnit Running test redux 
383        INFO  Timeout watchdog d.u.i.k.p.r.p.ForkedTestFileRunner Timeout watcher launched (2000 secs.) 
388        WARN  main            d.u.i.k.s.ProofSettings   The settings in /home/runner/.key/proof-settings.props are *not* read. 
418        INFO  main            d.u.i.k.p.r.p.TestFile    Now processing file /home/runner/work/key/key/key.core/../key.ui/examples/redux/arrays/Arrays.copyOf.key 
565        INFO  main            d.u.i.k.p.i.AbstractProblemLoader Loading environment from /home/runner/work/key/key/key.core/../key.ui/examples/redux/arrays/Arrays.copyOf.key 
580        DEBUG main            d.u.i.k.p.i.AbstractProblemLoader Environment load took 1.82ms 
785        INFO  main            d.u.i.k.p.i.AbstractProblemLoader Creating init config 
1679       DEBUG main            d.u.i.k.j.TypeConverter   No LDT found for Meta 
1680       DEBUG main            d.u.i.k.j.TypeConverter   No LDT found for Meta 
1684       DEBUG main            d.u.i.k.j.TypeConverter   No LDT found for Meta 
1685       DEBUG main            d.u.i.k.j.TypeConverter   No LDT found for Meta 
2962       DEBUG main            d.u.i.k.j.TypeConverter   No LDT found for JavaBigintExpression 
8817       DEBUG main            d.u.i.k.p.i.AbstractProblemLoader Init config took 8.03s 
9000       INFO  main            d.u.i.k.p.i.AbstractProblemLoader Replaying proof Arrays[Arrays::copyOf([I,int)].JML normal_behavior operation contract.0 
9056       DEBUG main            d.u.i.k.p.i.IntermediateProofReplayer Proof replay took 36.4ns 
14054      INFO  main            d.u.i.k.p.r.p.TestFile    ... finished proof: closed. 
14215      INFO  main            d.u.i.k.p.i.AbstractProblemLoader Loading environment from /home/runner/work/key/key/key.core/../key.ui/examples/redux/arrays/Arrays.copyOf.key.proof 
14215      DEBUG main            d.u.i.k.p.i.AbstractProblemLoader Environment load took 340.4ns 
14218      INFO  main            d.u.i.k.p.i.AbstractProblemLoader Creating init config 
17462      DEBUG main            d.u.i.k.p.i.AbstractProblemLoader Init config took 3.24s 
17518      INFO  main            d.u.i.k.p.i.AbstractProblemLoader Replaying proof Arrays[Arrays::copyOf([I,int)].JML normal_behavior operation contract.0 
18019      DEBUG main            d.u.i.k.p.i.IntermediateProofReplayer Proof replay took 474.46ms 
18027      DEBUG main            d.u.i.k.p.r.p.TestFile    ... success: reloaded. 
18028      INFO  main            d.u.i.k.p.r.p.TestFile    Now processing file /home/runner/work/key/key/key.core/../key.ui/examples/redux/arrays/Arrays.copyOf.float.key 
18028      INFO  main            d.u.i.k.p.i.AbstractProblemLoader Loading environment from /home/runner/work/key/key/key.core/../key.ui/examples/redux/arrays/Arrays.copyOf.float.key 
18029      DEBUG main            d.u.i.k.p.i.AbstractProblemLoader Environment load took 168.1ns 
18030      INFO  main            d.u.i.k.p.i.AbstractProblemLoader Creating init config 
21267      DEBUG main            d.u.i.k.p.i.AbstractProblemLoader Init config took 3.24s 
21336      INFO  main            d.u.i.k.p.i.AbstractProblemLoader Replaying proof Arrays[Arrays::copyOf([F,int)].JML normal_behavior operation contract.0 
21339      DEBUG main            d.u.i.k.p.i.IntermediateProofReplayer Proof replay took 5.9ns 
21367      DEBUG main            d.u.i.k.m.s.ProofScriptEngine 1: 'macro autopilot' 
25771      DEBUG main            d.u.i.k.m.s.ProofScriptEngine 2: 'smt solver=Z3' 
25865      INFO  main            d.u.i.k.m.s.SMTCommand    Finished run on goal 17 in 69ms, result is valid 
25866      DEBUG main            d.u.i.k.m.s.ProofScriptEngine 3: 'tryclose' 
27479      INFO  main            d.u.i.k.p.r.p.TestFile    ... finished proof: closed. 
27647      INFO  main            d.u.i.k.p.i.AbstractProblemLoader Loading environment from /home/runner/work/key/key/key.core/../key.ui/examples/redux/arrays/Arrays.copyOf.float.key.proof 
27647      DEBUG main            d.u.i.k.p.i.AbstractProblemLoader Environment load took 359.4ns 
27651      INFO  main            d.u.i.k.p.i.AbstractProblemLoader Creating init config 
30747      DEBUG main            d.u.i.k.p.i.AbstractProblemLoader Init config took 3.1s 
30815      INFO  main            d.u.i.k.p.i.AbstractProblemLoader Replaying proof Arrays[Arrays::copyOf([F,int)].JML normal_behavior operation contract.0 
30919      INFO  main            d.u.i.k.s.SMTFocusResults Analyzing unsat core: (L_6) 
31506      DEBUG main            d.u.i.k.p.i.IntermediateProofReplayer Proof replay took 661.43ms 
31508      DEBUG main            d.u.i.k.p.r.p.TestFile    ... success: reloaded. 
31508      INFO  main            d.u.i.k.p.r.p.TestFile    Now processing file /home/runner/work/key/key/key.core/../key.ui/examples/redux/arrays/Arrays.copyOfRange.key 
31509      INFO  main            d.u.i.k.p.i.AbstractProblemLoader Loading environment from /home/runner/work/key/key/key.core/../key.ui/examples/redux/arrays/Arrays.copyOfRange.key 
31509      DEBUG main            d.u.i.k.p.i.AbstractProblemLoader Environment load took 171.5ns 
31510      INFO  main            d.u.i.k.p.i.AbstractProblemLoader Creating init config 
34626      DEBUG main            d.u.i.k.p.i.AbstractProblemLoader Init config took 3.12s 
34669      INFO  main            d.u.i.k.p.i.AbstractProblemLoader Replaying proof Arrays[Arrays::copyOfRange([I,int,int)].JML normal_behavior operation contract.0 
34670      DEBUG main            d.u.i.k.p.i.IntermediateProofReplayer Proof replay took 5.3ns 
38884      INFO  main            d.u.i.k.p.r.p.TestFile    ... finished proof: closed. 
39097      INFO  main            d.u.i.k.p.i.AbstractProblemLoader Loading environment from /home/runner/work/key/key/key.core/../key.ui/examples/redux/arrays/Arrays.copyOfRange.key.proof 
39098      DEBUG main            d.u.i.k.p.i.AbstractProblemLoader Environment load took 1.31ms 
39106      INFO  main            d.u.i.k.p.i.AbstractProblemLoader Creating init config 
42193      DEBUG main            d.u.i.k.p.i.AbstractProblemLoader Init config took 3.09s 
42235      INFO  main            d.u.i.k.p.i.AbstractProblemLoader Replaying proof Arrays[Arrays::copyOfRange([I,int,int)].JML normal_behavior operation contract.0 
42743      DEBUG main            d.u.i.k.p.i.IntermediateProofReplayer Proof replay took 487.31ms 
42744      DEBUG main            d.u.i.k.p.r.p.TestFile    ... success: reloaded. 
42745      INFO  main            d.u.i.k.p.r.p.TestFile    Now processing file /home/runner/work/key/key/key.core/../key.ui/examples/redux/arrays/Arrays.copyOfRange.float.key 
42745      INFO  main            d.u.i.k.p.i.AbstractProblemLoader Loading environment from /home/runner/work/key/key/key.core/../key.ui/examples/redux/arrays/Arrays.copyOfRange.float.key 
42746      DEBUG main            d.u.i.k.p.i.AbstractProblemLoader Environment load took 168.8ns 
42747      INFO  main            d.u.i.k.p.i.AbstractProblemLoader Creating init config 
45815      DEBUG main            d.u.i.k.p.i.AbstractProblemLoader Init config took 3.07s 
45857      INFO  main            d.u.i.k.p.i.AbstractProblemLoader Replaying proof Arrays[Arrays::copyOfRange([F,int,int)].JML normal_behavior operation contract.0 
45858      DEBUG main            d.u.i.k.p.i.IntermediateProofReplayer Proof replay took 5.3ns 
45859      DEBUG main            d.u.i.k.m.s.ProofScriptEngine 1: 'macro autopilot' 
51504      DEBUG main            d.u.i.k.m.s.ProofScriptEngine 2: 'smt solver=Z3' 
51548      INFO  main            d.u.i.k.m.s.SMTCommand    Finished run on goal 27 in 41ms, result is valid 
51548      DEBUG main            d.u.i.k.m.s.ProofScriptEngine 3: 'tryclose' 
54824      INFO  main            d.u.i.k.p.r.p.TestFile    ... finished proof: closed. 
55035      INFO  main            d.u.i.k.p.i.AbstractProblemLoader Loading environment from /home/runner/work/key/key/key.core/../key.ui/examples/redux/arrays/Arrays.copyOfRange.float.key.proof 
55035      DEBUG main            d.u.i.k.p.i.AbstractProblemLoader Environment load took 339.2ns 
55039      INFO  main            d.u.i.k.p.i.AbstractProblemLoader Creating init config 
58067      DEBUG main            d.u.i.k.p.i.AbstractProblemLoader Init config took 3.03s 
58107      INFO  main            d.u.i.k.p.i.AbstractProblemLoader Replaying proof Arrays[Arrays::copyOfRange([F,int,int)].JML normal_behavior operation contract.0 
58180      INFO  main            d.u.i.k.s.SMTFocusResults Analyzing unsat core: (L_8) 
59042      DEBUG main            d.u.i.k.p.i.IntermediateProofReplayer Proof replay took 909.71ms 
59045      DEBUG main            d.u.i.k.p.r.p.TestFile    ... success: reloaded. 
59047      INFO  main            d.u.i.k.p.r.p.TestFile    Now processing file /home/runner/work/key/key/key.core/../key.ui/examples/redux/arrays/Arrays.equals.key 
59047      INFO  main            d.u.i.k.p.i.AbstractProblemLoader Loading environment from /home/runner/work/key/key/key.core/../key.ui/examples/redux/arrays/Arrays.equals.key 
59047      DEBUG main            d.u.i.k.p.i.AbstractProblemLoader Environment load took 153.4ns 
59048      INFO  main            d.u.i.k.p.i.AbstractProblemLoader Creating init config 
62191      DEBUG main            d.u.i.k.p.i.AbstractProblemLoader Init config took 3.14s 
62230      INFO  main            d.u.i.k.p.i.AbstractProblemLoader Replaying proof Arrays[Arrays::equals([B,[B)].JML normal_behavior operation contract.0 
62231      DEBUG main            d.u.i.k.p.i.IntermediateProofReplayer Proof replay took 6.2ns 
62747      INFO  main            d.u.i.k.p.r.p.TestFile    ... finished proof: closed. 
62957      INFO  main            d.u.i.k.p.i.AbstractProblemLoader Loading environment from /home/runner/work/key/key/key.core/../key.ui/examples/redux/arrays/Arrays.equals.key.proof 
62958      DEBUG main            d.u.i.k.p.i.AbstractProblemLoader Environment load took 133.8ns 
62959      INFO  main            d.u.i.k.p.i.AbstractProblemLoader Creating init config 
65945      DEBUG main            d.u.i.k.p.i.AbstractProblemLoader Init config took 2.99s 
65982      INFO  main            d.u.i.k.p.i.AbstractProblemLoader Replaying proof Arrays[Arrays::equals([B,[B)].JML normal_behavior operation contract.0 
66141      DEBUG main            d.u.i.k.p.i.IntermediateProofReplayer Proof replay took 155.36ms 
66143      DEBUG main            d.u.i.k.p.r.p.TestFile    ... success: reloaded. 
66143      INFO  main            d.u.i.k.p.r.p.TestFile    Now processing file /home/runner/work/key/key/key.core/../key.ui/examples/redux/arrays/Arrays.fill.key 
66144      INFO  main            d.u.i.k.p.i.AbstractProblemLoader Loading environment from /home/runner/work/key/key/key.core/../key.ui/examples/redux/arrays/Arrays.fill.key 
66144      DEBUG main            d.u.i.k.p.i.AbstractProblemLoader Environment load took 159.1ns 
66145      INFO  main            d.u.i.k.p.i.AbstractProblemLoader Creating init config 
69155      DEBUG main            d.u.i.k.p.i.AbstractProblemLoader Init config took 3.01s 
69191      INFO  main            d.u.i.k.p.i.AbstractProblemLoader Replaying proof Arrays[Arrays::fill([I,int)].JML normal_behavior operation contract.0 
69192      DEBUG main            d.u.i.k.p.i.IntermediateProofReplayer Proof replay took 5.7ns 
69396      INFO  main            d.u.i.k.p.r.p.TestFile    ... finished proof: closed. 
69562      INFO  main            d.u.i.k.p.i.AbstractProblemLoader Loading environment from /home/runner/work/key/key/key.core/../key.ui/examples/redux/arrays/Arrays.fill.key.proof 
69562      DEBUG main            d.u.i.k.p.i.AbstractProblemLoader Environment load took 114.7ns 
69563      INFO  main            d.u.i.k.p.i.AbstractProblemLoader Creating init config 
72572      DEBUG main            d.u.i.k.p.i.AbstractProblemLoader Init config took 3.01s 
72609      INFO  main            d.u.i.k.p.i.AbstractProblemLoader Replaying proof Arrays[Arrays::fill([I,int)].JML normal_behavior operation contract.0 
72641      DEBUG main            d.u.i.k.p.i.IntermediateProofReplayer Proof replay took 29.57ms 
72642      DEBUG main            d.u.i.k.p.r.p.TestFile    ... success: reloaded. 
72642      INFO  main            d.u.i.k.p.r.p.TestFile    Now processing file /home/runner/work/key/key/key.core/../key.ui/examples/redux/arrays/Arrays.fill.float.key 
72643      INFO  main            d.u.i.k.p.i.AbstractProblemLoader Loading environment from /home/runner/work/key/key/key.core/../key.ui/examples/redux/arrays/Arrays.fill.float.key 
72643      DEBUG main            d.u.i.k.p.i.AbstractProblemLoader Environment load took 86.1ns 
72643      INFO  main            d.u.i.k.p.i.AbstractProblemLoader Creating init config 
75658      DEBUG main            d.u.i.k.p.i.AbstractProblemLoader Init config took 3.01s 
75694      INFO  main            d.u.i.k.p.i.AbstractProblemLoader Replaying proof Arrays[Arrays::fill([F,float)].JML normal_behavior operation contract.0 
75695      DEBUG main            d.u.i.k.p.i.IntermediateProofReplayer Proof replay took 5.6ns 
75900      INFO  main            d.u.i.k.p.r.p.TestFile    ... finished proof: closed. 
76074      INFO  main            d.u.i.k.p.i.AbstractProblemLoader Loading environment from /home/runner/work/key/key/key.core/../key.ui/examples/redux/arrays/Arrays.fill.float.key.proof 
76074      DEBUG main            d.u.i.k.p.i.AbstractProblemLoader Environment load took 125.5ns 
76075      INFO  main            d.u.i.k.p.i.AbstractProblemLoader Creating init config 
79090      DEBUG main            d.u.i.k.p.i.AbstractProblemLoader Init config took 3.01s 
79125      INFO  main            d.u.i.k.p.i.AbstractProblemLoader Replaying proof Arrays[Arrays::fill([F,float)].JML normal_behavior operation contract.0 
79192      DEBUG main            d.u.i.k.p.i.IntermediateProofReplayer Proof replay took 64.3ms 
79193      DEBUG main            d.u.i.k.p.r.p.TestFile    ... success: reloaded. 
79194      INFO  main            d.u.i.k.p.r.p.TestFile    Now processing file /home/runner/work/key/key/key.core/../key.ui/examples/redux/arrays/Arrays.fillFromTo.key 
79194      INFO  main            d.u.i.k.p.i.AbstractProblemLoader Loading environment from /home/runner/work/key/key/key.core/../key.ui/examples/redux/arrays/Arrays.fillFromTo.key 
79194      DEBUG main            d.u.i.k.p.i.AbstractProblemLoader Environment load took 160.3ns 
79195      INFO  main            d.u.i.k.p.i.AbstractProblemLoader Creating init config 
82197      DEBUG main            d.u.i.k.p.i.AbstractProblemLoader Init config took 3s 
82255      INFO  main            d.u.i.k.p.i.AbstractProblemLoader Replaying proof Arrays[Arrays::fill([I,int,int,int)].JML normal_behavior operation contract.0 
82257      DEBUG main            d.u.i.k.p.i.IntermediateProofReplayer Proof replay took 5.2ns 
82759      INFO  main            d.u.i.k.p.r.p.TestFile    ... finished proof: closed. 
83009      INFO  main            d.u.i.k.p.i.AbstractProblemLoader Loading environment from /home/runner/work/key/key/key.core/../key.ui/examples/redux/arrays/Arrays.fillFromTo.key.proof 
83010      DEBUG main            d.u.i.k.p.i.AbstractProblemLoader Environment load took 422.8ns 
83011      INFO  main            d.u.i.k.p.i.AbstractProblemLoader Creating init config 
85981      DEBUG main            d.u.i.k.p.i.AbstractProblemLoader Init config took 2.97s 
86018      INFO  main            d.u.i.k.p.i.AbstractProblemLoader Replaying proof Arrays[Arrays::fill([I,int,int,int)].JML normal_behavior operation contract.0 
86146      DEBUG main            d.u.i.k.p.i.IntermediateProofReplayer Proof replay took 123.94ms 
86148      DEBUG main            d.u.i.k.p.r.p.TestFile    ... success: reloaded. 
86148      INFO  main            d.u.i.k.p.r.p.TestFile    Now processing file /home/runner/work/key/key/key.core/../key.ui/examples/redux/arrays/Arrays.fillFromTo.float.key 
86148      INFO  main            d.u.i.k.p.i.AbstractProblemLoader Loading environment from /home/runner/work/key/key/key.core/../key.ui/examples/redux/arrays/Arrays.fillFromTo.float.key 
86149      DEBUG main            d.u.i.k.p.i.AbstractProblemLoader Environment load took 72.1ns 
86150      INFO  main            d.u.i.k.p.i.AbstractProblemLoader Creating init config 
89183      DEBUG main            d.u.i.k.p.i.AbstractProblemLoader Init config took 3.03s 
89218      INFO  main            d.u.i.k.p.i.AbstractProblemLoader Replaying proof Arrays[Arrays::fill([F,int,int,float)].JML normal_behavior operation contract.0 
89219      DEBUG main            d.u.i.k.p.i.IntermediateProofReplayer Proof replay took 5.2ns 
89822      INFO  main            d.u.i.k.p.r.p.TestFile    ... finished proof: closed. 
90009      INFO  main            d.u.i.k.p.i.AbstractProblemLoader Loading environment from /home/runner/work/key/key/key.core/../key.ui/examples/redux/arrays/Arrays.fillFromTo.float.key.proof 
90009      DEBUG main            d.u.i.k.p.i.AbstractProblemLoader Environment load took 323.5ns 
90010      INFO  main            d.u.i.k.p.i.AbstractProblemLoader Creating init config 
92985      DEBUG main            d.u.i.k.p.i.AbstractProblemLoader Init config took 2.98s 
93030      INFO  main            d.u.i.k.p.i.AbstractProblemLoader Replaying proof Arrays[Arrays::fill([F,int,int,float)].JML normal_behavior operation contract.0 
93182      DEBUG main            d.u.i.k.p.i.IntermediateProofReplayer Proof replay took 144.82ms 
93183      DEBUG main            d.u.i.k.p.r.p.TestFile    ... success: reloaded. 
93183      INFO  main            d.u.i.k.p.r.p.TestFile    Now processing file /home/runner/work/key/key/key.core/../key.ui/examples/redux/arrays/ArrayCopy.arraycopy.normal.0.key 
93184      INFO  main            d.u.i.k.p.i.AbstractProblemLoader Loading environment from /home/runner/work/key/key/key.core/../key.ui/examples/redux/arrays/ArrayCopy.arraycopy.normal.0.key 
93184      DEBUG main            d.u.i.k.p.i.AbstractProblemLoader Environment load took 111.9ns 
93185      INFO  main            d.u.i.k.p.i.AbstractProblemLoader Creating init config 
96158      DEBUG main            d.u.i.k.p.i.AbstractProblemLoader Init config took 2.97s 
96192      INFO  main            d.u.i.k.p.i.AbstractProblemLoader Replaying proof ArrayCopy[ArrayCopy::arraycopy(java.lang.Object,int,java.lang.Object,int,int)].JML normal_behavior operation contract.0 
96194      DEBUG main            d.u.i.k.p.i.IntermediateProofReplayer Proof replay took 5.6ns 
102057     INFO  main            d.u.i.k.p.r.p.TestFile    ... finished proof: closed. 
102279     INFO  main            d.u.i.k.p.i.AbstractProblemLoader Loading environment from /home/runner/work/key/key/key.core/../key.ui/examples/redux/arrays/ArrayCopy.arraycopy.normal.0.key.proof 
102279     DEBUG main            d.u.i.k.p.i.AbstractProblemLoader Environment load took 121.2ns 
102280     INFO  main            d.u.i.k.p.i.AbstractProblemLoader Creating init config 
105244     DEBUG main            d.u.i.k.p.i.AbstractProblemLoader Init config took 2.96s 
105280     INFO  main            d.u.i.k.p.i.AbstractProblemLoader Replaying proof ArrayCopy[ArrayCopy::arraycopy(java.lang.Object,int,java.lang.Object,int,int)].JML normal_behavior operation contract.0 
106177     DEBUG main            d.u.i.k.p.i.IntermediateProofReplayer Proof replay took 877.18ms 
106178     DEBUG main            d.u.i.k.p.r.p.TestFile    ... success: reloaded. 
106179     INFO  main            d.u.i.k.p.r.p.TestFile    Now processing file /home/runner/work/key/key/key.core/../key.ui/examples/redux/arrays/ArrayCopy.arraycopy.exceptional.0.key 
106179     INFO  main            d.u.i.k.p.i.AbstractProblemLoader Loading environment from /home/runner/work/key/key/key.core/../key.ui/examples/redux/arrays/ArrayCopy.arraycopy.exceptional.0.key 
106179     DEBUG main            d.u.i.k.p.i.AbstractProblemLoader Environment load took 89.3ns 
106180     INFO  main            d.u.i.k.p.i.AbstractProblemLoader Creating init config 
109176     DEBUG main            d.u.i.k.p.i.AbstractProblemLoader Init config took 3s 
109209     INFO  main            d.u.i.k.p.i.AbstractProblemLoader Replaying proof ArrayCopy[ArrayCopy::arraycopy(java.lang.Object,int,java.lang.Object,int,int)].JML exceptional_behavior operation contract.0 
109210     DEBUG main            d.u.i.k.p.i.IntermediateProofReplayer Proof replay took 5.5ns 
109512     INFO  main            d.u.i.k.p.r.p.TestFile    ... finished proof: closed. 
109706     INFO  main            d.u.i.k.p.i.AbstractProblemLoader Loading environment from /home/runner/work/key/key/key.core/../key.ui/examples/redux/arrays/ArrayCopy.arraycopy.exceptional.0.key.proof 
109707     DEBUG main            d.u.i.k.p.i.AbstractProblemLoader Environment load took 113.5ns 
109708     INFO  main            d.u.i.k.p.i.AbstractProblemLoader Creating init config 
112641     DEBUG main            d.u.i.k.p.i.AbstractProblemLoader Init config took 2.93s 
112674     INFO  main            d.u.i.k.p.i.AbstractProblemLoader Replaying proof ArrayCopy[ArrayCopy::arraycopy(java.lang.Object,int,java.lang.Object,int,int)].JML exceptional_behavior operation contract.0 
112784     DEBUG main            d.u.i.k.p.i.IntermediateProofReplayer Proof replay took 107.39ms 
112785     DEBUG main            d.u.i.k.p.r.p.TestFile    ... success: reloaded. 
112786     INFO  main            d.u.i.k.p.r.p.TestFile    Now processing file /home/runner/work/key/key/key.core/../key.ui/examples/redux/arrays/ArrayCopy.arraycopy.exceptional.1.key 
112786     INFO  main            d.u.i.k.p.i.AbstractProblemLoader Loading environment from /home/runner/work/key/key/key.core/../key.ui/examples/redux/arrays/ArrayCopy.arraycopy.exceptional.1.key 
112786     DEBUG main            d.u.i.k.p.i.AbstractProblemLoader Environment load took 80.9ns 
112787     INFO  main            d.u.i.k.p.i.AbstractProblemLoader Creating init config 
115801     DEBUG main            d.u.i.k.p.i.AbstractProblemLoader Init config took 3.01s 
115834     INFO  main            d.u.i.k.p.i.AbstractProblemLoader Replaying proof ArrayCopy[ArrayCopy::arraycopy(java.lang.Object,int,java.lang.Object,int,int)].JML exceptional_behavior operation contract.1 
115835     DEBUG main            d.u.i.k.p.i.IntermediateProofReplayer Proof replay took 5.1ns 
121674     INFO  main            d.u.i.k.p.r.p.TestFile    ... finished proof: closed. 
121908     INFO  main            d.u.i.k.p.i.AbstractProblemLoader Loading environment from /home/runner/work/key/key/key.core/../key.ui/examples/redux/arrays/ArrayCopy.arraycopy.exceptional.1.key.proof 
121909     DEBUG main            d.u.i.k.p.i.AbstractProblemLoader Environment load took 327.4ns 
121911     INFO  main            d.u.i.k.p.i.AbstractProblemLoader Creating init config 
124817     DEBUG main            d.u.i.k.p.i.AbstractProblemLoader Init config took 2.91s 
124860     INFO  main            d.u.i.k.p.i.AbstractProblemLoader Replaying proof ArrayCopy[ArrayCopy::arraycopy(java.lang.Object,int,java.lang.Object,int,int)].JML exceptional_behavior operation contract.1 
126434     DEBUG main            d.u.i.k.p.i.IntermediateProofReplayer Proof replay took 1.55s 
126436     DEBUG main            d.u.i.k.p.r.p.TestFile    ... success: reloaded. 
5065905    INFO  Test worker     d.u.i.k.p.r.RunAllProofsTestUnit Returning from test redux 
]]></system-out>
  <system-err><![CDATA[]]></system-err>
</testsuite>
