<?xml version="1.0" encoding="UTF-8"?>
<testsuite name="de.uka.ilkd.key.strategy.quantifierHeuristics.TestTriggersSet" tests="2" skipped="1" failures="0" errors="0" timestamp="2023-03-03T14:44:53" hostname="fv-az576-10" time="0.004">
  <properties/>
  <testcase name="testTrigger1()" classname="de.uka.ilkd.key.strategy.quantifierHeuristics.TestTriggersSet" time="0.003"/>
  <testcase name="testTrigger2()" classname="de.uka.ilkd.key.strategy.quantifierHeuristics.TestTriggersSet" time="0.001">
    <skipped/>
  </testcase>
  <system-out><![CDATA[]]></system-out>
  <system-err><![CDATA[]]></system-err>
</testsuite>
