<?xml version="1.0" encoding="UTF-8"?>
<testsuite name="de.uka.ilkd.key.testcase.smt.testgen.TestTestgen" tests="1" skipped="0" failures="0" errors="0" timestamp="2023-06-10T12:48:11" hostname="fv-az210-601" time="5.991">
  <properties/>
  <testcase name="testMiddle()" classname="de.uka.ilkd.key.testcase.smt.testgen.TestTestgen" time="5.991"/>
  <system-out><![CDATA[18290      WARN  Test worker     d.u.i.k.t.s.t.TestTestgen Warning: Z3_CE is not installed, tests skipped. 
18291      WARN  Test worker     d.u.i.k.t.s.t.TestTestgen Maybe use JVM system property "z3SolverPath" to define the path to the Z3 command. 
18293      INFO  Test worker     d.u.i.k.p.i.AbstractProblemLoader Loading environment from src/test/resources/testcase/smt/tg/middle.key 
18294      DEBUG Test worker     d.u.i.k.p.i.AbstractProblemLoader Environment load took 505.13ns 
18296      INFO  Test worker     d.u.i.k.p.i.AbstractProblemLoader Creating init config 
23538      DEBUG Test worker     d.u.i.k.p.i.AbstractProblemLoader Init config took 5.24s 
23635      INFO  Test worker     d.u.i.k.p.i.AbstractProblemLoader Replaying proof Middle[Middle::middle(int,int,int)].JML normal_behavior operation contract.0 
23644      DEBUG Test worker     d.u.i.k.p.i.IntermediateProofReplayer Proof replay took 15.5ns 
]]></system-out>
  <system-err><![CDATA[]]></system-err>
</testsuite>
