<?xml version="1.0" encoding="UTF-8"?>
<testsuite name="de.uka.ilkd.key.testcase.smt.testgen.TestTestgen" tests="1" skipped="0" failures="0" errors="0" timestamp="2023-06-09T08:06:16" hostname="fv-az402-671" time="6.955">
  <properties/>
  <testcase name="testMiddle()" classname="de.uka.ilkd.key.testcase.smt.testgen.TestTestgen" time="6.955"/>
  <system-out><![CDATA[22535      WARN  Test worker     d.u.i.k.t.s.t.TestTestgen Warning: Z3_CE is not installed, tests skipped. 
22536      WARN  Test worker     d.u.i.k.t.s.t.TestTestgen Maybe use JVM system property "z3SolverPath" to define the path to the Z3 command. 
22544      INFO  Test worker     d.u.i.k.p.i.AbstractProblemLoader Loading environment from src/test/resources/testcase/smt/tg/middle.key 
22545      DEBUG Test worker     d.u.i.k.p.i.AbstractProblemLoader Environment load took 349.7ns 
22556      INFO  Test worker     d.u.i.k.p.i.AbstractProblemLoader Creating init config 
28673      DEBUG Test worker     d.u.i.k.p.i.AbstractProblemLoader Init config took 6.12s 
28810      INFO  Test worker     d.u.i.k.p.i.AbstractProblemLoader Replaying proof Middle[Middle::middle(int,int,int)].JML normal_behavior operation contract.0 
28814      DEBUG Test worker     d.u.i.k.p.i.IntermediateProofReplayer Proof replay took 19.8ns 
]]></system-out>
  <system-err><![CDATA[]]></system-err>
</testsuite>
