<?xml version="1.0" encoding="UTF-8"?>
<testsuite name="de.uka.ilkd.key.testcase.smt.testgen.TestTestgen" tests="1" skipped="0" failures="0" errors="0" timestamp="2023-05-23T10:23:56" hostname="fv-az402-454" time="4.443">
  <properties/>
  <testcase name="testMiddle()" classname="de.uka.ilkd.key.testcase.smt.testgen.TestTestgen" time="4.443"/>
  <system-out><![CDATA[14033      WARN  Test worker     d.u.i.k.t.s.t.TestTestgen Warning: Z3_CE is not installed, tests skipped. 
14041      WARN  Test worker     d.u.i.k.t.s.t.TestTestgen Maybe use JVM system property "z3SolverPath" to define the path to the Z3 command. 
14043      INFO  Test worker     d.u.i.k.p.i.AbstractProblemLoader Loading environment from src/test/resources/testcase/smt/tg/middle.key 
14044      DEBUG Test worker     d.u.i.k.p.i.AbstractProblemLoader Environment load took 813.53ns 
14047      INFO  Test worker     d.u.i.k.p.i.AbstractProblemLoader Creating init config 
17769      DEBUG Test worker     d.u.i.k.p.i.AbstractProblemLoader Init config took 3.72s 
17863      INFO  Test worker     d.u.i.k.p.i.AbstractProblemLoader Replaying proof Middle[Middle::middle(int,int,int)].JML normal_behavior operation contract.0 
17866      DEBUG Test worker     d.u.i.k.p.i.IntermediateProofReplayer Proof replay took 12.9ns 
]]></system-out>
  <system-err><![CDATA[]]></system-err>
</testsuite>
