<?xml version="1.0" encoding="UTF-8"?>
<testsuite name="de.uka.ilkd.key.proof.io.TestZipProofSaving" tests="1" skipped="0" failures="0" errors="0" timestamp="2023-06-05T22:06:01" hostname="fv-az319-668" time="12.082">
  <properties/>
  <testcase name="testZip()" classname="de.uka.ilkd.key.proof.io.TestZipProofSaving" time="12.082"/>
  <system-out><![CDATA[759451     INFO  Test worker     d.u.i.k.p.i.AbstractProblemLoader Loading environment from C:\Users\RUNNER~1\AppData\Local\Temp\keyZipTest4742870961382350844.key 
759451     DEBUG Test worker     d.u.i.k.p.i.AbstractProblemLoader Environment load took 192.3ns 
759451     INFO  Test worker     d.u.i.k.p.i.AbstractProblemLoader Creating init config 
759673     DEBUG Test worker     d.u.i.k.j.TypeConverter   No LDT found for Meta 
759673     DEBUG Test worker     d.u.i.k.j.TypeConverter   No LDT found for Meta 
759673     DEBUG Test worker     d.u.i.k.j.TypeConverter   No LDT found for Meta 
759673     DEBUG Test worker     d.u.i.k.j.TypeConverter   No LDT found for Meta 
760605     DEBUG Test worker     d.u.i.k.j.TypeConverter   No LDT found for JavaBigintExpression 
766104     DEBUG Test worker     d.u.i.k.p.i.AbstractProblemLoader Init config took 6.65s 
766120     INFO  Test worker     d.u.i.k.p.i.AbstractProblemLoader Replaying proof keyZipTest4742870961382350844.key 
766136     DEBUG Test worker     d.u.i.k.p.i.IntermediateProofReplayer Proof replay took 11.3ns 
766261     INFO  Test worker     d.u.i.k.p.i.AbstractProblemLoader Loading environment from C:\Users\RUNNER~1\AppData\Local\Temp\keyZipTest10259039847891574982.proof.gz 
766261     DEBUG Test worker     d.u.i.k.p.i.AbstractProblemLoader Environment load took 396.9ns 
766261     INFO  Test worker     d.u.i.k.p.i.AbstractProblemLoader Creating init config 
771370     DEBUG Test worker     d.u.i.k.p.i.AbstractProblemLoader Init config took 5.11s 
771401     INFO  Test worker     d.u.i.k.p.i.AbstractProblemLoader Replaying proof keyZipTest10259039847891574982.proof.gz 
771401     DEBUG Test worker     d.u.i.k.p.i.IntermediateProofReplayer Proof replay took 3.88ms 
]]></system-out>
  <system-err><![CDATA[]]></system-err>
</testsuite>
