<?xml version="1.0" encoding="UTF-8"?>
<testsuite name="de.uka.ilkd.key.rule.loop.LoopScopeInvRuleTests" tests="1" skipped="0" failures="0" errors="0" timestamp="2023-06-05T22:06:34" hostname="fv-az319-668" time="7.653">
  <properties/>
  <testcase name="testDoAutomaticProofOfBenchmarkWithLabeledBreaksAndContinues()" classname="de.uka.ilkd.key.rule.loop.LoopScopeInvRuleTests" time="7.653"/>
  <system-out><![CDATA[792450     INFO  Test worker     d.u.i.k.p.i.AbstractProblemLoader Loading environment from src\test\resources\testcase\loopScopeInvRule\Test.key 
792450     DEBUG Test worker     d.u.i.k.p.i.AbstractProblemLoader Environment load took 159.9ns 
792450     INFO  Test worker     d.u.i.k.p.i.AbstractProblemLoader Creating init config 
792669     DEBUG Test worker     d.u.i.k.j.TypeConverter   No LDT found for Meta 
792685     DEBUG Test worker     d.u.i.k.j.TypeConverter   No LDT found for Meta 
792685     DEBUG Test worker     d.u.i.k.j.TypeConverter   No LDT found for Meta 
792685     DEBUG Test worker     d.u.i.k.j.TypeConverter   No LDT found for Meta 
793526     DEBUG Test worker     d.u.i.k.j.TypeConverter   No LDT found for JavaBigintExpression 
799174     DEBUG Test worker     d.u.i.k.p.i.AbstractProblemLoader Init config took 6.73s 
799236     INFO  Test worker     d.u.i.k.p.i.AbstractProblemLoader Replaying proof Test[Test::loopScopeRuleBenchmark(int,boolean)].JML normal_behavior operation contract.0 
799236     DEBUG Test worker     d.u.i.k.p.i.IntermediateProofReplayer Proof replay took 88.4ns 
]]></system-out>
  <system-err><![CDATA[]]></system-err>
</testsuite>
