<?xml version="1.0" encoding="UTF-8"?>
<testsuite name="de.uka.ilkd.key.logic.TestClashFreeSubst" tests="14" skipped="2" failures="0" errors="0" timestamp="2023-06-05T21:54:27" hostname="fv-az319-668" time="89.082">
  <properties/>
  <testcase name="testMultiShareBound()" classname="de.uka.ilkd.key.logic.TestClashFreeSubst" time="1.632"/>
  <testcase name="testClash()" classname="de.uka.ilkd.key.logic.TestClashFreeSubst" time="1.605"/>
  <testcase name="testShare()" classname="de.uka.ilkd.key.logic.TestClashFreeSubst" time="1.626"/>
  <testcase name="testSubst()" classname="de.uka.ilkd.key.logic.TestClashFreeSubst" time="2.056"/>
  <testcase name="testWary0()" classname="de.uka.ilkd.key.logic.TestClashFreeSubst" time="1.555"/>
  <testcase name="testWary1()" classname="de.uka.ilkd.key.logic.TestClashFreeSubst" time="1.583"/>
  <testcase name="testWary2()" classname="de.uka.ilkd.key.logic.TestClashFreeSubst" time="1.575"/>
  <testcase name="testClashInSubstTerm()" classname="de.uka.ilkd.key.logic.TestClashFreeSubst" time="1.695"/>
  <testcase name="testShareWary()" classname="de.uka.ilkd.key.logic.TestClashFreeSubst" time="1.552"/>
  <testcase name="testMultiSubst()" classname="de.uka.ilkd.key.logic.TestClashFreeSubst" time="1.602"/>
  <testcase name="xtestMultiClash()" classname="de.uka.ilkd.key.logic.TestClashFreeSubst" time="0.0">
    <skipped/>
  </testcase>
  <testcase name="testSubstInSubstTerm()" classname="de.uka.ilkd.key.logic.TestClashFreeSubst" time="1.644"/>
  <testcase name="testSubstWary()" classname="de.uka.ilkd.key.logic.TestClashFreeSubst" time="1.633"/>
  <testcase name="xtestMultiClash1()" classname="de.uka.ilkd.key.logic.TestClashFreeSubst" time="0.0">
    <skipped/>
  </testcase>
  <system-out><![CDATA[65536      INFO  Test worker     d.u.i.k.n.KeyIO           Parsing took 0 ms 
65536      DEBUG Test worker     d.u.i.k.n.KeyIO           Load declarations of de.uka.ilkd.key.nparser.KeyAst$File:  <unknown>:1#1 
65536      INFO  Test worker     d.u.i.k.n.KeyIO           MODE: declarations took 0 ms 
65536      DEBUG Test worker     d.u.i.k.n.KeyIO           MODE: 2nd degree decls took 0 
67156      INFO  Test worker     d.u.i.k.n.KeyIO           Parsing took 0 ms 
67156      DEBUG Test worker     d.u.i.k.n.KeyIO           Load declarations of de.uka.ilkd.key.nparser.KeyAst$File:  <unknown>:1#1 
67156      INFO  Test worker     d.u.i.k.n.KeyIO           MODE: declarations took 0 ms 
67156      DEBUG Test worker     d.u.i.k.n.KeyIO           MODE: 2nd degree decls took 0 
72571      INFO  Test worker     d.u.i.k.n.KeyIO           Parsing took 0 ms 
72571      DEBUG Test worker     d.u.i.k.n.KeyIO           Load declarations of de.uka.ilkd.key.nparser.KeyAst$File:  <unknown>:1#1 
72571      INFO  Test worker     d.u.i.k.n.KeyIO           MODE: declarations took 0 ms 
72571      DEBUG Test worker     d.u.i.k.n.KeyIO           MODE: 2nd degree decls took 0 
74171      INFO  Test worker     d.u.i.k.n.KeyIO           Parsing took 0 ms 
74171      DEBUG Test worker     d.u.i.k.n.KeyIO           Load declarations of de.uka.ilkd.key.nparser.KeyAst$File:  <unknown>:1#1 
74171      INFO  Test worker     d.u.i.k.n.KeyIO           MODE: declarations took 0 ms 
74171      DEBUG Test worker     d.u.i.k.n.KeyIO           MODE: 2nd degree decls took 0 
79383      INFO  Test worker     d.u.i.k.n.KeyIO           Parsing took 0 ms 
79383      DEBUG Test worker     d.u.i.k.n.KeyIO           Load declarations of de.uka.ilkd.key.nparser.KeyAst$File:  <unknown>:1#1 
79459      INFO  Test worker     d.u.i.k.n.KeyIO           MODE: declarations took 76 ms 
79459      DEBUG Test worker     d.u.i.k.n.KeyIO           MODE: 2nd degree decls took 0 
81002      INFO  Test worker     d.u.i.k.n.KeyIO           Parsing took 0 ms 
81002      DEBUG Test worker     d.u.i.k.n.KeyIO           Load declarations of de.uka.ilkd.key.nparser.KeyAst$File:  <unknown>:1#1 
81002      INFO  Test worker     d.u.i.k.n.KeyIO           MODE: declarations took 0 ms 
81002      DEBUG Test worker     d.u.i.k.n.KeyIO           MODE: 2nd degree decls took 0 
86205      INFO  Test worker     d.u.i.k.n.KeyIO           Parsing took 0 ms 
86205      DEBUG Test worker     d.u.i.k.n.KeyIO           Load declarations of de.uka.ilkd.key.nparser.KeyAst$File:  <unknown>:1#1 
86205      INFO  Test worker     d.u.i.k.n.KeyIO           MODE: declarations took 0 ms 
86205      DEBUG Test worker     d.u.i.k.n.KeyIO           MODE: 2nd degree decls took 0 
88264      INFO  Test worker     d.u.i.k.n.KeyIO           Parsing took 0 ms 
88264      DEBUG Test worker     d.u.i.k.n.KeyIO           Load declarations of de.uka.ilkd.key.nparser.KeyAst$File:  <unknown>:1#1 
88264      INFO  Test worker     d.u.i.k.n.KeyIO           MODE: declarations took 0 ms 
88264      DEBUG Test worker     d.u.i.k.n.KeyIO           MODE: 2nd degree decls took 0 
94349      INFO  Test worker     d.u.i.k.n.KeyIO           Parsing took 0 ms 
94349      DEBUG Test worker     d.u.i.k.n.KeyIO           Load declarations of de.uka.ilkd.key.nparser.KeyAst$File:  <unknown>:1#1 
94349      INFO  Test worker     d.u.i.k.n.KeyIO           MODE: declarations took 0 ms 
94349      DEBUG Test worker     d.u.i.k.n.KeyIO           MODE: 2nd degree decls took 0 
95897      INFO  Test worker     d.u.i.k.n.KeyIO           Parsing took 0 ms 
95897      DEBUG Test worker     d.u.i.k.n.KeyIO           Load declarations of de.uka.ilkd.key.nparser.KeyAst$File:  <unknown>:1#1 
95897      INFO  Test worker     d.u.i.k.n.KeyIO           MODE: declarations took 0 ms 
95897      DEBUG Test worker     d.u.i.k.n.KeyIO           MODE: 2nd degree decls took 0 
101046     INFO  Test worker     d.u.i.k.n.KeyIO           Parsing took 0 ms 
101046     DEBUG Test worker     d.u.i.k.n.KeyIO           Load declarations of de.uka.ilkd.key.nparser.KeyAst$File:  <unknown>:1#1 
101046     INFO  Test worker     d.u.i.k.n.KeyIO           MODE: declarations took 0 ms 
101046     DEBUG Test worker     d.u.i.k.n.KeyIO           MODE: 2nd degree decls took 0 
102620     INFO  Test worker     d.u.i.k.n.KeyIO           Parsing took 0 ms 
102620     DEBUG Test worker     d.u.i.k.n.KeyIO           Load declarations of de.uka.ilkd.key.nparser.KeyAst$File:  <unknown>:1#1 
102620     INFO  Test worker     d.u.i.k.n.KeyIO           MODE: declarations took 0 ms 
102620     DEBUG Test worker     d.u.i.k.n.KeyIO           MODE: 2nd degree decls took 0 
107743     INFO  Test worker     d.u.i.k.n.KeyIO           Parsing took 0 ms 
107743     DEBUG Test worker     d.u.i.k.n.KeyIO           Load declarations of de.uka.ilkd.key.nparser.KeyAst$File:  <unknown>:1#1 
107743     INFO  Test worker     d.u.i.k.n.KeyIO           MODE: declarations took 0 ms 
107743     DEBUG Test worker     d.u.i.k.n.KeyIO           MODE: 2nd degree decls took 0 
109300     INFO  Test worker     d.u.i.k.n.KeyIO           Parsing took 0 ms 
109300     DEBUG Test worker     d.u.i.k.n.KeyIO           Load declarations of de.uka.ilkd.key.nparser.KeyAst$File:  <unknown>:1#1 
109300     INFO  Test worker     d.u.i.k.n.KeyIO           MODE: declarations took 0 ms 
109316     DEBUG Test worker     d.u.i.k.n.KeyIO           MODE: 2nd degree decls took 0 
114794     INFO  Test worker     d.u.i.k.n.KeyIO           Parsing took 0 ms 
114794     DEBUG Test worker     d.u.i.k.n.KeyIO           Load declarations of de.uka.ilkd.key.nparser.KeyAst$File:  <unknown>:1#1 
114794     INFO  Test worker     d.u.i.k.n.KeyIO           MODE: declarations took 0 ms 
114809     DEBUG Test worker     d.u.i.k.n.KeyIO           MODE: 2nd degree decls took 0 
116484     INFO  Test worker     d.u.i.k.n.KeyIO           Parsing took 0 ms 
116484     DEBUG Test worker     d.u.i.k.n.KeyIO           Load declarations of de.uka.ilkd.key.nparser.KeyAst$File:  <unknown>:1#1 
116484     INFO  Test worker     d.u.i.k.n.KeyIO           MODE: declarations took 0 ms 
116484     DEBUG Test worker     d.u.i.k.n.KeyIO           MODE: 2nd degree decls took 0 
121714     INFO  Test worker     d.u.i.k.n.KeyIO           Parsing took 0 ms 
121714     DEBUG Test worker     d.u.i.k.n.KeyIO           Load declarations of de.uka.ilkd.key.nparser.KeyAst$File:  <unknown>:1#1 
121714     INFO  Test worker     d.u.i.k.n.KeyIO           MODE: declarations took 0 ms 
121729     DEBUG Test worker     d.u.i.k.n.KeyIO           MODE: 2nd degree decls took 0 
123261     INFO  Test worker     d.u.i.k.n.KeyIO           Parsing took 0 ms 
123261     DEBUG Test worker     d.u.i.k.n.KeyIO           Load declarations of de.uka.ilkd.key.nparser.KeyAst$File:  <unknown>:1#1 
123261     INFO  Test worker     d.u.i.k.n.KeyIO           MODE: declarations took 0 ms 
123261     DEBUG Test worker     d.u.i.k.n.KeyIO           MODE: 2nd degree decls took 0 
128467     INFO  Test worker     d.u.i.k.n.KeyIO           Parsing took 0 ms 
128467     DEBUG Test worker     d.u.i.k.n.KeyIO           Load declarations of de.uka.ilkd.key.nparser.KeyAst$File:  <unknown>:1#1 
128467     INFO  Test worker     d.u.i.k.n.KeyIO           MODE: declarations took 0 ms 
128467     DEBUG Test worker     d.u.i.k.n.KeyIO           MODE: 2nd degree decls took 0 
130060     INFO  Test worker     d.u.i.k.n.KeyIO           Parsing took 0 ms 
130060     DEBUG Test worker     d.u.i.k.n.KeyIO           Load declarations of de.uka.ilkd.key.nparser.KeyAst$File:  <unknown>:1#1 
130060     INFO  Test worker     d.u.i.k.n.KeyIO           MODE: declarations took 0 ms 
130060     DEBUG Test worker     d.u.i.k.n.KeyIO           MODE: 2nd degree decls took 0 
140731     INFO  Test worker     d.u.i.k.n.KeyIO           Parsing took 0 ms 
140731     DEBUG Test worker     d.u.i.k.n.KeyIO           Load declarations of de.uka.ilkd.key.nparser.KeyAst$File:  <unknown>:1#1 
140731     INFO  Test worker     d.u.i.k.n.KeyIO           MODE: declarations took 0 ms 
140731     DEBUG Test worker     d.u.i.k.n.KeyIO           MODE: 2nd degree decls took 0 
142366     INFO  Test worker     d.u.i.k.n.KeyIO           Parsing took 0 ms 
142366     DEBUG Test worker     d.u.i.k.n.KeyIO           Load declarations of de.uka.ilkd.key.nparser.KeyAst$File:  <unknown>:1#1 
142366     INFO  Test worker     d.u.i.k.n.KeyIO           MODE: declarations took 0 ms 
142366     DEBUG Test worker     d.u.i.k.n.KeyIO           MODE: 2nd degree decls took 0 
147855     INFO  Test worker     d.u.i.k.n.KeyIO           Parsing took 0 ms 
147855     DEBUG Test worker     d.u.i.k.n.KeyIO           Load declarations of de.uka.ilkd.key.nparser.KeyAst$File:  <unknown>:1#1 
147855     INFO  Test worker     d.u.i.k.n.KeyIO           MODE: declarations took 0 ms 
147855     DEBUG Test worker     d.u.i.k.n.KeyIO           MODE: 2nd degree decls took 0 
149494     INFO  Test worker     d.u.i.k.n.KeyIO           Parsing took 0 ms 
149495     DEBUG Test worker     d.u.i.k.n.KeyIO           Load declarations of de.uka.ilkd.key.nparser.KeyAst$File:  <unknown>:1#1 
149495     INFO  Test worker     d.u.i.k.n.KeyIO           MODE: declarations took 0 ms 
149495     DEBUG Test worker     d.u.i.k.n.KeyIO           MODE: 2nd degree decls took 0 
]]></system-out>
  <system-err><![CDATA[]]></system-err>
</testsuite>
