<?xml version="1.0" encoding="UTF-8"?>
<testsuite name="de.uka.ilkd.key.util.TestProofStarter" tests="2" skipped="0" failures="0" errors="0" timestamp="2023-06-05T22:16:47" hostname="fv-az319-668" time="69.167">
  <properties/>
  <testcase name="testDirectProofWithOneStepSimplification()" classname="de.uka.ilkd.key.util.TestProofStarter" time="36.079"/>
  <testcase name="testDirectProof()" classname="de.uka.ilkd.key.util.TestProofStarter" time="33.088"/>
  <system-out><![CDATA[1406351    INFO  Test worker     d.u.i.k.p.i.AbstractProblemLoader Loading environment from src\test\resources\testcase\proofStarter\CC\project.key 
1406351    DEBUG Test worker     d.u.i.k.p.i.AbstractProblemLoader Environment load took 180.2ns 
1406351    INFO  Test worker     d.u.i.k.p.i.AbstractProblemLoader Creating init config 
1411878    DEBUG Test worker     d.u.i.k.p.i.AbstractProblemLoader Init config took 5.52s 
1411941    INFO  Test worker     d.u.i.k.p.i.AbstractProblemLoader Replaying proof CC[CC::calcCoinIndex([I,[I)].JML normal_behavior operation contract.0 
1411941    DEBUG Test worker     d.u.i.k.p.i.IntermediateProofReplayer Proof replay took 2.3ns 
1442416    INFO  Test worker     d.u.i.k.p.i.AbstractProblemLoader Loading environment from src\test\resources\testcase\proofStarter\CC\project.key 
1442416    DEBUG Test worker     d.u.i.k.p.i.AbstractProblemLoader Environment load took 171.9ns 
1442416    INFO  Test worker     d.u.i.k.p.i.AbstractProblemLoader Creating init config 
1447832    DEBUG Test worker     d.u.i.k.p.i.AbstractProblemLoader Init config took 5.41s 
1447879    INFO  Test worker     d.u.i.k.p.i.AbstractProblemLoader Replaying proof CC[CC::calcCoinIndex([I,[I)].JML normal_behavior operation contract.0 
1447879    DEBUG Test worker     d.u.i.k.p.i.IntermediateProofReplayer Proof replay took 2.8ns 
]]></system-out>
  <system-err><![CDATA[]]></system-err>
</testsuite>
