<?xml version="1.0" encoding="UTF-8"?>
<testsuite name="de.uka.ilkd.key.proof.TestGoal" tests="2" skipped="0" failures="0" errors="0" timestamp="2023-06-05T22:05:52" hostname="fv-az319-668" time="0.062">
  <properties/>
  <testcase name="testSetBack0()" classname="de.uka.ilkd.key.proof.TestGoal" time="0.031"/>
  <testcase name="testSetBack1()" classname="de.uka.ilkd.key.proof.TestGoal" time="0.007"/>
  <system-out><![CDATA[]]></system-out>
  <system-err><![CDATA[]]></system-err>
</testsuite>
