<?xml version="1.0" encoding="UTF-8"?>
<testsuite name="de.uka.ilkd.key.rule.merge.PredicateAbstractionLatticeTests" tests="3" skipped="0" failures="0" errors="0" timestamp="2023-06-05T22:08:40" hostname="fv-az319-668" time="10.419">
  <properties/>
  <testcase name="testToAndFromString()" classname="de.uka.ilkd.key.rule.merge.PredicateAbstractionLatticeTests" time="5.201"/>
  <testcase name="testCreateSignLatticeWithPredicates()" classname="de.uka.ilkd.key.rule.merge.PredicateAbstractionLatticeTests" time="5.218"/>
  <testcase name="testTrivialPredicatesLattice()" classname="de.uka.ilkd.key.rule.merge.PredicateAbstractionLatticeTests" time="0.0"/>
  <system-out><![CDATA[919252     INFO  Test worker     d.u.i.k.p.i.AbstractProblemLoader Loading environment from src\test\resources\testcase\merge\dummy.key 
919252     DEBUG Test worker     d.u.i.k.p.i.AbstractProblemLoader Environment load took 457.2ns 
919252     INFO  Test worker     d.u.i.k.p.i.AbstractProblemLoader Creating init config 
924423     DEBUG Test worker     d.u.i.k.p.i.AbstractProblemLoader Init config took 5.18s 
924439     INFO  Test worker     d.u.i.k.p.i.AbstractProblemLoader Replaying proof dummy.key 
924439     DEBUG Test worker     d.u.i.k.p.i.IntermediateProofReplayer Proof replay took 10.8ns 
924455     INFO  Test worker     d.u.i.k.p.i.AbstractProblemLoader Loading environment from src\test\resources\testcase\merge\dummy.key 
924455     DEBUG Test worker     d.u.i.k.p.i.AbstractProblemLoader Environment load took 150.1ns 
924455     INFO  Test worker     d.u.i.k.p.i.AbstractProblemLoader Creating init config 
929626     DEBUG Test worker     d.u.i.k.p.i.AbstractProblemLoader Init config took 5.18s 
929642     INFO  Test worker     d.u.i.k.p.i.AbstractProblemLoader Replaying proof dummy.key 
929657     DEBUG Test worker     d.u.i.k.p.i.IntermediateProofReplayer Proof replay took 9.9ns 
]]></system-out>
  <system-err><![CDATA[]]></system-err>
</testsuite>
