<?xml version="1.0" encoding="UTF-8"?>
<testsuite name="de.uka.ilkd.key.parser.TestDeclParser" tests="14" skipped="2" failures="0" errors="0" timestamp="2023-06-05T21:59:39" hostname="fv-az319-668" time="19.099">
  <properties/>
  <testcase name="testGenericSortDecl1()" classname="de.uka.ilkd.key.parser.TestDeclParser" time="1.611"/>
  <testcase name="testGenericSortDecl2()" classname="de.uka.ilkd.key.parser.TestDeclParser" time="1.598"/>
  <testcase name="testGenericSortDecl3()" classname="de.uka.ilkd.key.parser.TestDeclParser" time="1.617"/>
  <testcase name="testGenericSortDecl4()" classname="de.uka.ilkd.key.parser.TestDeclParser" time="1.564"/>
  <testcase name="testGenericSortDecl5()" classname="de.uka.ilkd.key.parser.TestDeclParser" time="0.0">
    <skipped/>
  </testcase>
  <testcase name="testGenericSortDecl6()" classname="de.uka.ilkd.key.parser.TestDeclParser" time="1.577"/>
  <testcase name="testSortDecl()" classname="de.uka.ilkd.key.parser.TestDeclParser" time="1.577"/>
  <testcase name="testProxySortDecl()" classname="de.uka.ilkd.key.parser.TestDeclParser" time="1.587"/>
  <testcase name="testArrayDecl()" classname="de.uka.ilkd.key.parser.TestDeclParser" time="1.569"/>
  <testcase name="testAmbiguousDecls()" classname="de.uka.ilkd.key.parser.TestDeclParser" time="0.0">
    <skipped/>
  </testcase>
  <testcase name="testHeurDecl()" classname="de.uka.ilkd.key.parser.TestDeclParser" time="1.597"/>
  <testcase name="testFunctionDecl()" classname="de.uka.ilkd.key.parser.TestDeclParser" time="1.562"/>
  <testcase name="testPredicateDecl()" classname="de.uka.ilkd.key.parser.TestDeclParser" time="1.654"/>
  <testcase name="testSVDecl()" classname="de.uka.ilkd.key.parser.TestDeclParser" time="1.582"/>
  <system-out><![CDATA[379895     INFO  Test worker     d.u.i.k.n.KeyIO           Parsing took 0 ms 
379895     DEBUG Test worker     d.u.i.k.n.KeyIO           Load declarations of de.uka.ilkd.key.nparser.KeyAst$File:  <unknown>:1#1 
379895     INFO  Test worker     d.u.i.k.n.KeyIO           MODE: declarations took 0 ms 
379895     DEBUG Test worker     d.u.i.k.n.KeyIO           MODE: 2nd degree decls took 0 
379895     DEBUG Test worker     d.u.i.k.n.KeyIO           MODE: taclets took 0ms 
381495     INFO  Test worker     d.u.i.k.n.KeyIO           Parsing took 15 ms 
381495     DEBUG Test worker     d.u.i.k.n.KeyIO           Load declarations of de.uka.ilkd.key.nparser.KeyAst$File:  <unknown>:1#1 
381495     INFO  Test worker     d.u.i.k.n.KeyIO           MODE: declarations took 0 ms 
381495     DEBUG Test worker     d.u.i.k.n.KeyIO           MODE: 2nd degree decls took 0 
381495     DEBUG Test worker     d.u.i.k.n.KeyIO           MODE: taclets took 0ms 
383110     INFO  Test worker     d.u.i.k.n.KeyIO           Parsing took 0 ms 
383110     DEBUG Test worker     d.u.i.k.n.KeyIO           Load declarations of de.uka.ilkd.key.nparser.KeyAst$File:  <unknown>:1#1 
383110     INFO  Test worker     d.u.i.k.n.KeyIO           MODE: declarations took 0 ms 
383110     DEBUG Test worker     d.u.i.k.n.KeyIO           MODE: 2nd degree decls took 0 
383110     DEBUG Test worker     d.u.i.k.n.KeyIO           MODE: taclets took 0ms 
384674     INFO  Test worker     d.u.i.k.n.KeyIO           Parsing took 0 ms 
384674     DEBUG Test worker     d.u.i.k.n.KeyIO           Load declarations of de.uka.ilkd.key.nparser.KeyAst$File:  <unknown>:1#1 
384674     INFO  Test worker     d.u.i.k.n.KeyIO           MODE: declarations took 0 ms 
384674     DEBUG Test worker     d.u.i.k.n.KeyIO           MODE: 2nd degree decls took 0 
384674     DEBUG Test worker     d.u.i.k.n.KeyIO           MODE: taclets took 0ms 
386253     INFO  Test worker     d.u.i.k.n.KeyIO           Parsing took 0 ms 
386253     DEBUG Test worker     d.u.i.k.n.KeyIO           Load declarations of de.uka.ilkd.key.nparser.KeyAst$File:  <unknown>:1#1 
386253     INFO  Test worker     d.u.i.k.n.KeyIO           MODE: declarations took 0 ms 
386253     DEBUG Test worker     d.u.i.k.n.KeyIO           MODE: 2nd degree decls took 0 
386253     DEBUG Test worker     d.u.i.k.n.KeyIO           MODE: taclets took 0ms 
387831     INFO  Test worker     d.u.i.k.n.KeyIO           Parsing took 0 ms 
387831     DEBUG Test worker     d.u.i.k.n.KeyIO           Load declarations of de.uka.ilkd.key.nparser.KeyAst$File:  <unknown>:1#1 
387831     INFO  Test worker     d.u.i.k.n.KeyIO           MODE: declarations took 0 ms 
387831     DEBUG Test worker     d.u.i.k.n.KeyIO           MODE: 2nd degree decls took 0 
387831     DEBUG Test worker     d.u.i.k.n.KeyIO           MODE: taclets took 0ms 
389418     INFO  Test worker     d.u.i.k.n.KeyIO           Parsing took 16 ms 
389418     DEBUG Test worker     d.u.i.k.n.KeyIO           Load declarations of de.uka.ilkd.key.nparser.KeyAst$File:  <unknown>:1#1 
389418     INFO  Test worker     d.u.i.k.n.KeyIO           MODE: declarations took 0 ms 
389418     DEBUG Test worker     d.u.i.k.n.KeyIO           MODE: 2nd degree decls took 0 
389418     DEBUG Test worker     d.u.i.k.n.KeyIO           MODE: taclets took 0ms 
390982     INFO  Test worker     d.u.i.k.n.KeyIO           Parsing took 0 ms 
390982     DEBUG Test worker     d.u.i.k.n.KeyIO           Load declarations of de.uka.ilkd.key.nparser.KeyAst$File:  <unknown>:1#1 
390982     INFO  Test worker     d.u.i.k.n.KeyIO           MODE: declarations took 0 ms 
390982     DEBUG Test worker     d.u.i.k.n.KeyIO           MODE: 2nd degree decls took 0 
390982     DEBUG Test worker     d.u.i.k.n.KeyIO           MODE: taclets took 0ms 
392585     INFO  Test worker     d.u.i.k.n.KeyIO           Parsing took 0 ms 
392585     DEBUG Test worker     d.u.i.k.n.KeyIO           Load declarations of de.uka.ilkd.key.nparser.KeyAst$File:  <unknown>:1#1 
392585     INFO  Test worker     d.u.i.k.n.KeyIO           MODE: declarations took 0 ms 
392585     DEBUG Test worker     d.u.i.k.n.KeyIO           MODE: 2nd degree decls took 0 
392585     DEBUG Test worker     d.u.i.k.n.KeyIO           MODE: taclets took 0ms 
394149     INFO  Test worker     d.u.i.k.n.KeyIO           Parsing took 0 ms 
394149     DEBUG Test worker     d.u.i.k.n.KeyIO           Load declarations of de.uka.ilkd.key.nparser.KeyAst$File:  <unknown>:1#1 
394149     INFO  Test worker     d.u.i.k.n.KeyIO           MODE: declarations took 0 ms 
394149     DEBUG Test worker     d.u.i.k.n.KeyIO           MODE: 2nd degree decls took 0 
394149     DEBUG Test worker     d.u.i.k.n.KeyIO           MODE: taclets took 0ms 
395801     INFO  Test worker     d.u.i.k.n.KeyIO           Parsing took 15 ms 
395801     DEBUG Test worker     d.u.i.k.n.KeyIO           Load declarations of de.uka.ilkd.key.nparser.KeyAst$File:  <unknown>:1#1 
395801     INFO  Test worker     d.u.i.k.n.KeyIO           MODE: declarations took 0 ms 
395801     DEBUG Test worker     d.u.i.k.n.KeyIO           MODE: 2nd degree decls took 0 
395801     DEBUG Test worker     d.u.i.k.n.KeyIO           MODE: taclets took 0ms 
397371     INFO  Test worker     d.u.i.k.n.KeyIO           Parsing took 0 ms 
397371     DEBUG Test worker     d.u.i.k.n.KeyIO           Load declarations of de.uka.ilkd.key.nparser.KeyAst$File:  <unknown>:1#1 
397371     INFO  Test worker     d.u.i.k.n.KeyIO           MODE: declarations took 0 ms 
397371     DEBUG Test worker     d.u.i.k.n.KeyIO           MODE: 2nd degree decls took 0 
397371     DEBUG Test worker     d.u.i.k.n.KeyIO           MODE: taclets took 0ms 
]]></system-out>
  <system-err><![CDATA[]]></system-err>
</testsuite>
