<?xml version="1.0" encoding="UTF-8"?>
<testsuite name="de.uka.ilkd.key.parser.TestTermParserSorts" tests="2" skipped="0" failures="0" errors="0" timestamp="2023-06-05T22:05:47" hostname="fv-az319-668" time="5.118">
  <properties/>
  <testcase name="testParseIntegerArgs()" classname="de.uka.ilkd.key.parser.TestTermParserSorts" time="0.015"/>
  <testcase name="testParseSequencePrettySyntax()" classname="de.uka.ilkd.key.parser.TestTermParserSorts" time="0.004"/>
  <system-out><![CDATA[745838     INFO  Test worker     d.u.i.k.n.KeyIO           Parsing took 0 ms 
745838     DEBUG Test worker     d.u.i.k.n.KeyIO           Load declarations of de.uka.ilkd.key.nparser.KeyAst$File:  <unknown>:1#1 
745838     INFO  Test worker     d.u.i.k.n.KeyIO           MODE: declarations took 0 ms 
745838     DEBUG Test worker     d.u.i.k.n.KeyIO           MODE: 2nd degree decls took 0 
745838     INFO  Test worker     d.u.i.k.n.KeyIO           Parsing took 0 ms 
745838     DEBUG Test worker     d.u.i.k.n.KeyIO           Load declarations of de.uka.ilkd.key.nparser.KeyAst$File:  <unknown>:1#1 
745838     INFO  Test worker     d.u.i.k.n.KeyIO           MODE: declarations took 0 ms 
745838     DEBUG Test worker     d.u.i.k.n.KeyIO           MODE: 2nd degree decls took 0 
745838     INFO  Test worker     d.u.i.k.n.KeyIO           Parsing took 0 ms 
745838     DEBUG Test worker     d.u.i.k.n.KeyIO           Load declarations of de.uka.ilkd.key.nparser.KeyAst$File:  <unknown>:1#1 
745838     INFO  Test worker     d.u.i.k.n.KeyIO           MODE: declarations took 0 ms 
745838     DEBUG Test worker     d.u.i.k.n.KeyIO           MODE: 2nd degree decls took 0 
750952     INFO  Test worker     d.u.i.k.n.KeyIO           Parsing took 0 ms 
750952     DEBUG Test worker     d.u.i.k.n.KeyIO           Load declarations of de.uka.ilkd.key.nparser.KeyAst$File:  <unknown>:1#1 
750952     INFO  Test worker     d.u.i.k.n.KeyIO           MODE: declarations took 0 ms 
750952     DEBUG Test worker     d.u.i.k.n.KeyIO           MODE: 2nd degree decls took 0 
750952     INFO  Test worker     d.u.i.k.n.KeyIO           Parsing took 0 ms 
750952     DEBUG Test worker     d.u.i.k.n.KeyIO           Load declarations of de.uka.ilkd.key.nparser.KeyAst$File:  <unknown>:1#1 
750952     INFO  Test worker     d.u.i.k.n.KeyIO           MODE: declarations took 0 ms 
750952     DEBUG Test worker     d.u.i.k.n.KeyIO           MODE: 2nd degree decls took 0 
750952     INFO  Test worker     d.u.i.k.n.KeyIO           Parsing took 0 ms 
750952     DEBUG Test worker     d.u.i.k.n.KeyIO           Load declarations of de.uka.ilkd.key.nparser.KeyAst$File:  <unknown>:1#1 
750952     INFO  Test worker     d.u.i.k.n.KeyIO           MODE: declarations took 0 ms 
750952     DEBUG Test worker     d.u.i.k.n.KeyIO           MODE: 2nd degree decls took 0 
]]></system-out>
  <system-err><![CDATA[]]></system-err>
</testsuite>
