<?xml version="1.0" encoding="UTF-8"?>
<testsuite name="de.uka.ilkd.key.taclettranslation.TestTacletTranslator" tests="5" skipped="0" failures="0" errors="0" timestamp="2023-06-05T22:16:31" hostname="fv-az319-668" time="0.045">
  <properties/>
  <testcase name="testPropositional1()" classname="de.uka.ilkd.key.taclettranslation.TestTacletTranslator" time="0.026"/>
  <testcase name="testPropositional2()" classname="de.uka.ilkd.key.taclettranslation.TestTacletTranslator" time="0.005"/>
  <testcase name="testNegativePolarity()" classname="de.uka.ilkd.key.taclettranslation.TestTacletTranslator" time="0.004"/>
  <testcase name="testNoPolarity()" classname="de.uka.ilkd.key.taclettranslation.TestTacletTranslator" time="0.005"/>
  <testcase name="testPositivePolarity()" classname="de.uka.ilkd.key.taclettranslation.TestTacletTranslator" time="0.005"/>
  <system-out><![CDATA[1390350    INFO  Test worker     d.u.i.k.n.KeyIO           Parsing took 0 ms 
1390350    DEBUG Test worker     d.u.i.k.n.KeyIO           Load declarations of de.uka.ilkd.key.nparser.KeyAst$File:  <unknown>:1#1 
1390350    INFO  Test worker     d.u.i.k.n.KeyIO           MODE: declarations took 0 ms 
1390350    DEBUG Test worker     d.u.i.k.n.KeyIO           MODE: 2nd degree decls took 0 
1390350    DEBUG Test worker     d.u.i.k.n.KeyIO           MODE: taclets took 0ms 
1390377    INFO  Test worker     d.u.i.k.n.KeyIO           Parsing took 0 ms 
1390377    DEBUG Test worker     d.u.i.k.n.KeyIO           Load declarations of de.uka.ilkd.key.nparser.KeyAst$File:  <unknown>:1#1 
1390377    INFO  Test worker     d.u.i.k.n.KeyIO           MODE: declarations took 0 ms 
1390377    DEBUG Test worker     d.u.i.k.n.KeyIO           MODE: 2nd degree decls took 0 
1390377    DEBUG Test worker     d.u.i.k.n.KeyIO           MODE: taclets took 0ms 
1390377    INFO  Test worker     d.u.i.k.n.KeyIO           Parsing took 0 ms 
1390377    DEBUG Test worker     d.u.i.k.n.KeyIO           Load declarations of de.uka.ilkd.key.nparser.KeyAst$File:  <unknown>:1#1 
1390377    INFO  Test worker     d.u.i.k.n.KeyIO           MODE: declarations took 0 ms 
1390377    DEBUG Test worker     d.u.i.k.n.KeyIO           MODE: 2nd degree decls took 0 
1390377    DEBUG Test worker     d.u.i.k.n.KeyIO           MODE: taclets took 0ms 
1390392    INFO  Test worker     d.u.i.k.n.KeyIO           Parsing took 0 ms 
1390392    DEBUG Test worker     d.u.i.k.n.KeyIO           Load declarations of de.uka.ilkd.key.nparser.KeyAst$File:  <unknown>:1#1 
1390392    INFO  Test worker     d.u.i.k.n.KeyIO           MODE: declarations took 0 ms 
1390392    DEBUG Test worker     d.u.i.k.n.KeyIO           MODE: 2nd degree decls took 0 
1390392    DEBUG Test worker     d.u.i.k.n.KeyIO           MODE: taclets took 0ms 
1390392    INFO  Test worker     d.u.i.k.n.KeyIO           Parsing took 0 ms 
1390392    DEBUG Test worker     d.u.i.k.n.KeyIO           Load declarations of de.uka.ilkd.key.nparser.KeyAst$File:  <unknown>:1#1 
1390392    INFO  Test worker     d.u.i.k.n.KeyIO           MODE: declarations took 0 ms 
1390392    DEBUG Test worker     d.u.i.k.n.KeyIO           MODE: 2nd degree decls took 0 
1390392    DEBUG Test worker     d.u.i.k.n.KeyIO           MODE: taclets took 0ms 
]]></system-out>
  <system-err><![CDATA[]]></system-err>
</testsuite>
