<?xml version="1.0" encoding="UTF-8"?>
<testsuite name="de.uka.ilkd.key.parser.TestTermParserHeap" tests="39" skipped="0" failures="0" errors="0" timestamp="2023-04-15T11:09:33" hostname="fv-az269-753" time="106.152">
  <properties/>
  <testcase name="testBracketHeapUpdate()" classname="de.uka.ilkd.key.parser.TestTermParserHeap" time="0.02"/>
  <testcase name="testStore()" classname="de.uka.ilkd.key.parser.TestTermParserHeap" time="0.011"/>
  <testcase name="testUnknownConstant()" classname="de.uka.ilkd.key.parser.TestTermParserHeap" time="0.01"/>
  <testcase name="testAllFieldsSelector()" classname="de.uka.ilkd.key.parser.TestTermParserHeap" time="0.003"/>
  <testcase name="testParsePrettyPrintedSelect()" classname="de.uka.ilkd.key.parser.TestTermParserHeap" time="0.002"/>
  <testcase name="testAccessStaticMembers()" classname="de.uka.ilkd.key.parser.TestTermParserHeap" time="0.013"/>
  <testcase name="testAtOperator_1()" classname="de.uka.ilkd.key.parser.TestTermParserHeap" time="0.004"/>
  <testcase name="testAtOperator_2()" classname="de.uka.ilkd.key.parser.TestTermParserHeap" time="0.005"/>
  <testcase name="testAtOperator_3()" classname="de.uka.ilkd.key.parser.TestTermParserHeap" time="0.003"/>
  <testcase name="testAtOperator_4()" classname="de.uka.ilkd.key.parser.TestTermParserHeap" time="0.009"/>
  <testcase name="testAtOperator_5()" classname="de.uka.ilkd.key.parser.TestTermParserHeap" time="0.004"/>
  <testcase name="testAtOperator_6()" classname="de.uka.ilkd.key.parser.TestTermParserHeap" time="0.003"/>
  <testcase name="testAtOperator_7()" classname="de.uka.ilkd.key.parser.TestTermParserHeap" time="0.003"/>
  <testcase name="testAtOperator_8()" classname="de.uka.ilkd.key.parser.TestTermParserHeap" time="0.003"/>
  <testcase name="testVerifyExceptionIfAtOperatorNotPreceededBySelectTerm()" classname="de.uka.ilkd.key.parser.TestTermParserHeap" time="0.003"/>
  <testcase name="testBugResettingCounter()" classname="de.uka.ilkd.key.parser.TestTermParserHeap" time="0.003"/>
  <testcase name="testLocationSets()" classname="de.uka.ilkd.key.parser.TestTermParserHeap" time="0.003"/>
  <testcase name="testQuantifiedSelect()" classname="de.uka.ilkd.key.parser.TestTermParserHeap" time="0.017"/>
  <testcase name="testGenericObjectProperties()" classname="de.uka.ilkd.key.parser.TestTermParserHeap" time="0.003"/>
  <testcase name="testQueryInheritance_1()" classname="de.uka.ilkd.key.parser.TestTermParserHeap" time="0.003"/>
  <testcase name="testQueryInheritance_2()" classname="de.uka.ilkd.key.parser.TestTermParserHeap" time="0.003"/>
  <testcase name="testQueryInheritance_3()" classname="de.uka.ilkd.key.parser.TestTermParserHeap" time="0.003"/>
  <testcase name="testQueryInheritance_4()" classname="de.uka.ilkd.key.parser.TestTermParserHeap" time="0.002"/>
  <testcase name="testQueryInheritance_5()" classname="de.uka.ilkd.key.parser.TestTermParserHeap" time="0.003"/>
  <testcase name="testQueryInheritance_6()" classname="de.uka.ilkd.key.parser.TestTermParserHeap" time="0.003"/>
  <testcase name="testQueryInheritance_7()" classname="de.uka.ilkd.key.parser.TestTermParserHeap" time="0.001"/>
  <testcase name="testQueryInheritance_8()" classname="de.uka.ilkd.key.parser.TestTermParserHeap" time="0.002"/>
  <testcase name="testQueryInheritance_9()" classname="de.uka.ilkd.key.parser.TestTermParserHeap" time="0.003"/>
  <testcase name="testQueryBasic_10()" classname="de.uka.ilkd.key.parser.TestTermParserHeap" time="0.001"/>
  <testcase name="testQueryBasic_11()" classname="de.uka.ilkd.key.parser.TestTermParserHeap" time="0.004"/>
  <testcase name="testQueryBasic_1()" classname="de.uka.ilkd.key.parser.TestTermParserHeap" time="0.003"/>
  <testcase name="testQueryBasic_2()" classname="de.uka.ilkd.key.parser.TestTermParserHeap" time="0.005"/>
  <testcase name="testQueryBasic_3()" classname="de.uka.ilkd.key.parser.TestTermParserHeap" time="0.001"/>
  <testcase name="testQueryBasic_4()" classname="de.uka.ilkd.key.parser.TestTermParserHeap" time="0.004"/>
  <testcase name="testQueryBasic_5()" classname="de.uka.ilkd.key.parser.TestTermParserHeap" time="0.003"/>
  <testcase name="testQueryBasic_6()" classname="de.uka.ilkd.key.parser.TestTermParserHeap" time="0.003"/>
  <testcase name="testQueryBasic_7()" classname="de.uka.ilkd.key.parser.TestTermParserHeap" time="0.002"/>
  <testcase name="testQueryBasic_8()" classname="de.uka.ilkd.key.parser.TestTermParserHeap" time="0.002"/>
  <testcase name="testQueryBasic_9()" classname="de.uka.ilkd.key.parser.TestTermParserHeap" time="0.006"/>
  <system-out><![CDATA[298059     INFO  Test worker     d.u.i.k.n.KeyIO           Parsing took 0 ms 
298059     INFO  Test worker     d.u.i.k.n.KeyIO           MODE: declarations took 0 ms 
298059     INFO  Test worker     d.u.i.k.n.KeyIO           Parsing took 0 ms 
298059     INFO  Test worker     d.u.i.k.n.KeyIO           MODE: declarations took 0 ms 
298059     INFO  Test worker     d.u.i.k.n.KeyIO           Parsing took 0 ms 
298059     INFO  Test worker     d.u.i.k.n.KeyIO           MODE: declarations took 0 ms 
298059     INFO  Test worker     d.u.i.k.n.KeyIO           Parsing took 0 ms 
298059     INFO  Test worker     d.u.i.k.n.KeyIO           MODE: declarations took 0 ms 
298059     INFO  Test worker     d.u.i.k.n.KeyIO           Parsing took 0 ms 
298059     INFO  Test worker     d.u.i.k.n.KeyIO           MODE: declarations took 0 ms 
300921     INFO  Test worker     d.u.i.k.n.KeyIO           Parsing took 0 ms 
300921     INFO  Test worker     d.u.i.k.n.KeyIO           MODE: declarations took 0 ms 
300921     INFO  Test worker     d.u.i.k.n.KeyIO           Parsing took 0 ms 
300921     INFO  Test worker     d.u.i.k.n.KeyIO           MODE: declarations took 0 ms 
300921     INFO  Test worker     d.u.i.k.n.KeyIO           Parsing took 0 ms 
300921     INFO  Test worker     d.u.i.k.n.KeyIO           MODE: declarations took 0 ms 
300921     INFO  Test worker     d.u.i.k.n.KeyIO           Parsing took 0 ms 
300921     INFO  Test worker     d.u.i.k.n.KeyIO           MODE: declarations took 0 ms 
300921     INFO  Test worker     d.u.i.k.n.KeyIO           Parsing took 0 ms 
300921     INFO  Test worker     d.u.i.k.n.KeyIO           MODE: declarations took 0 ms 
303798     INFO  Test worker     d.u.i.k.n.KeyIO           Parsing took 0 ms 
303798     INFO  Test worker     d.u.i.k.n.KeyIO           MODE: declarations took 0 ms 
303798     INFO  Test worker     d.u.i.k.n.KeyIO           Parsing took 0 ms 
303798     INFO  Test worker     d.u.i.k.n.KeyIO           MODE: declarations took 0 ms 
303798     INFO  Test worker     d.u.i.k.n.KeyIO           Parsing took 0 ms 
303798     INFO  Test worker     d.u.i.k.n.KeyIO           MODE: declarations took 0 ms 
303798     INFO  Test worker     d.u.i.k.n.KeyIO           Parsing took 0 ms 
303798     INFO  Test worker     d.u.i.k.n.KeyIO           MODE: declarations took 0 ms 
303798     INFO  Test worker     d.u.i.k.n.KeyIO           Parsing took 0 ms 
303798     INFO  Test worker     d.u.i.k.n.KeyIO           MODE: declarations took 0 ms 
303798     INFO  Test worker     d.u.i.k.n.KeyIO           Parsing took 0 ms 
303798     INFO  Test worker     d.u.i.k.n.KeyIO           MODE: declarations took 0 ms 
306628     INFO  Test worker     d.u.i.k.n.KeyIO           Parsing took 0 ms 
306628     INFO  Test worker     d.u.i.k.n.KeyIO           MODE: declarations took 0 ms 
306628     INFO  Test worker     d.u.i.k.n.KeyIO           Parsing took 0 ms 
306628     INFO  Test worker     d.u.i.k.n.KeyIO           MODE: declarations took 0 ms 
306628     INFO  Test worker     d.u.i.k.n.KeyIO           Parsing took 0 ms 
306628     INFO  Test worker     d.u.i.k.n.KeyIO           MODE: declarations took 0 ms 
306628     INFO  Test worker     d.u.i.k.n.KeyIO           Parsing took 0 ms 
306628     INFO  Test worker     d.u.i.k.n.KeyIO           MODE: declarations took 0 ms 
306628     INFO  Test worker     d.u.i.k.n.KeyIO           Parsing took 0 ms 
306628     INFO  Test worker     d.u.i.k.n.KeyIO           MODE: declarations took 0 ms 
309442     INFO  Test worker     d.u.i.k.n.KeyIO           Parsing took 0 ms 
309442     INFO  Test worker     d.u.i.k.n.KeyIO           MODE: declarations took 0 ms 
309442     INFO  Test worker     d.u.i.k.n.KeyIO           Parsing took 0 ms 
309442     INFO  Test worker     d.u.i.k.n.KeyIO           MODE: declarations took 0 ms 
309442     INFO  Test worker     d.u.i.k.n.KeyIO           Parsing took 0 ms 
309442     INFO  Test worker     d.u.i.k.n.KeyIO           MODE: declarations took 0 ms 
309442     INFO  Test worker     d.u.i.k.n.KeyIO           Parsing took 0 ms 
309442     INFO  Test worker     d.u.i.k.n.KeyIO           MODE: declarations took 0 ms 
309442     INFO  Test worker     d.u.i.k.n.KeyIO           Parsing took 0 ms 
309442     INFO  Test worker     d.u.i.k.n.KeyIO           MODE: declarations took 0 ms 
312272     INFO  Test worker     d.u.i.k.n.KeyIO           Parsing took 0 ms 
312272     INFO  Test worker     d.u.i.k.n.KeyIO           MODE: declarations took 0 ms 
312272     INFO  Test worker     d.u.i.k.n.KeyIO           Parsing took 0 ms 
312272     INFO  Test worker     d.u.i.k.n.KeyIO           MODE: declarations took 0 ms 
312272     INFO  Test worker     d.u.i.k.n.KeyIO           Parsing took 0 ms 
312272     INFO  Test worker     d.u.i.k.n.KeyIO           MODE: declarations took 0 ms 
312272     INFO  Test worker     d.u.i.k.n.KeyIO           Parsing took 0 ms 
312272     INFO  Test worker     d.u.i.k.n.KeyIO           MODE: declarations took 0 ms 
312272     INFO  Test worker     d.u.i.k.n.KeyIO           Parsing took 0 ms 
312272     INFO  Test worker     d.u.i.k.n.KeyIO           MODE: declarations took 0 ms 
315071     INFO  Test worker     d.u.i.k.n.KeyIO           Parsing took 0 ms 
315071     INFO  Test worker     d.u.i.k.n.KeyIO           MODE: declarations took 0 ms 
315071     INFO  Test worker     d.u.i.k.n.KeyIO           Parsing took 0 ms 
315071     INFO  Test worker     d.u.i.k.n.KeyIO           MODE: declarations took 0 ms 
315071     INFO  Test worker     d.u.i.k.n.KeyIO           Parsing took 0 ms 
315071     INFO  Test worker     d.u.i.k.n.KeyIO           MODE: declarations took 0 ms 
315071     INFO  Test worker     d.u.i.k.n.KeyIO           Parsing took 0 ms 
315071     INFO  Test worker     d.u.i.k.n.KeyIO           MODE: declarations took 0 ms 
315071     INFO  Test worker     d.u.i.k.n.KeyIO           Parsing took 0 ms 
315071     INFO  Test worker     d.u.i.k.n.KeyIO           MODE: declarations took 0 ms 
317823     INFO  Test worker     d.u.i.k.n.KeyIO           Parsing took 0 ms 
317823     INFO  Test worker     d.u.i.k.n.KeyIO           MODE: declarations took 0 ms 
317823     INFO  Test worker     d.u.i.k.n.KeyIO           Parsing took 0 ms 
317823     INFO  Test worker     d.u.i.k.n.KeyIO           MODE: declarations took 0 ms 
317823     INFO  Test worker     d.u.i.k.n.KeyIO           Parsing took 0 ms 
317823     INFO  Test worker     d.u.i.k.n.KeyIO           MODE: declarations took 0 ms 
317823     INFO  Test worker     d.u.i.k.n.KeyIO           Parsing took 0 ms 
317823     INFO  Test worker     d.u.i.k.n.KeyIO           MODE: declarations took 0 ms 
317823     INFO  Test worker     d.u.i.k.n.KeyIO           Parsing took 0 ms 
317823     INFO  Test worker     d.u.i.k.n.KeyIO           MODE: declarations took 0 ms 
320589     INFO  Test worker     d.u.i.k.n.KeyIO           Parsing took 0 ms 
320589     INFO  Test worker     d.u.i.k.n.KeyIO           MODE: declarations took 0 ms 
320589     INFO  Test worker     d.u.i.k.n.KeyIO           Parsing took 0 ms 
320589     INFO  Test worker     d.u.i.k.n.KeyIO           MODE: declarations took 0 ms 
320589     INFO  Test worker     d.u.i.k.n.KeyIO           Parsing took 0 ms 
320589     INFO  Test worker     d.u.i.k.n.KeyIO           MODE: declarations took 0 ms 
320604     INFO  Test worker     d.u.i.k.n.KeyIO           Parsing took 0 ms 
320604     INFO  Test worker     d.u.i.k.n.KeyIO           MODE: declarations took 0 ms 
320604     INFO  Test worker     d.u.i.k.n.KeyIO           Parsing took 0 ms 
320604     INFO  Test worker     d.u.i.k.n.KeyIO           MODE: declarations took 0 ms 
323403     INFO  Test worker     d.u.i.k.n.KeyIO           Parsing took 0 ms 
323419     INFO  Test worker     d.u.i.k.n.KeyIO           MODE: declarations took 0 ms 
323419     INFO  Test worker     d.u.i.k.n.KeyIO           Parsing took 0 ms 
323419     INFO  Test worker     d.u.i.k.n.KeyIO           MODE: declarations took 0 ms 
323419     INFO  Test worker     d.u.i.k.n.KeyIO           Parsing took 0 ms 
323419     INFO  Test worker     d.u.i.k.n.KeyIO           MODE: declarations took 0 ms 
323419     INFO  Test worker     d.u.i.k.n.KeyIO           Parsing took 0 ms 
323419     INFO  Test worker     d.u.i.k.n.KeyIO           MODE: declarations took 0 ms 
323419     INFO  Test worker     d.u.i.k.n.KeyIO           Parsing took 0 ms 
323419     INFO  Test worker     d.u.i.k.n.KeyIO           MODE: declarations took 0 ms 
326187     INFO  Test worker     d.u.i.k.n.KeyIO           Parsing took 0 ms 
326187     INFO  Test worker     d.u.i.k.n.KeyIO           MODE: declarations took 0 ms 
326187     INFO  Test worker     d.u.i.k.n.KeyIO           Parsing took 0 ms 
326187     INFO  Test worker     d.u.i.k.n.KeyIO           MODE: declarations took 0 ms 
326187     INFO  Test worker     d.u.i.k.n.KeyIO           Parsing took 0 ms 
326187     INFO  Test worker     d.u.i.k.n.KeyIO           MODE: declarations took 0 ms 
326187     INFO  Test worker     d.u.i.k.n.KeyIO           Parsing took 0 ms 
326187     INFO  Test worker     d.u.i.k.n.KeyIO           MODE: declarations took 0 ms 
326187     INFO  Test worker     d.u.i.k.n.KeyIO           Parsing took 0 ms 
326187     INFO  Test worker     d.u.i.k.n.KeyIO           MODE: declarations took 0 ms 
328987     INFO  Test worker     d.u.i.k.n.KeyIO           Parsing took 0 ms 
328987     INFO  Test worker     d.u.i.k.n.KeyIO           MODE: declarations took 0 ms 
328987     INFO  Test worker     d.u.i.k.n.KeyIO           Parsing took 0 ms 
328987     INFO  Test worker     d.u.i.k.n.KeyIO           MODE: declarations took 0 ms 
328987     INFO  Test worker     d.u.i.k.n.KeyIO           Parsing took 0 ms 
328987     INFO  Test worker     d.u.i.k.n.KeyIO           MODE: declarations took 0 ms 
328987     INFO  Test worker     d.u.i.k.n.KeyIO           Parsing took 0 ms 
328987     INFO  Test worker     d.u.i.k.n.KeyIO           MODE: declarations took 0 ms 
328987     INFO  Test worker     d.u.i.k.n.KeyIO           Parsing took 0 ms 
328987     INFO  Test worker     d.u.i.k.n.KeyIO           MODE: declarations took 0 ms 
331754     INFO  Test worker     d.u.i.k.n.KeyIO           Parsing took 0 ms 
331754     INFO  Test worker     d.u.i.k.n.KeyIO           MODE: declarations took 0 ms 
331754     INFO  Test worker     d.u.i.k.n.KeyIO           Parsing took 0 ms 
331754     INFO  Test worker     d.u.i.k.n.KeyIO           MODE: declarations took 0 ms 
331754     INFO  Test worker     d.u.i.k.n.KeyIO           Parsing took 0 ms 
331754     INFO  Test worker     d.u.i.k.n.KeyIO           MODE: declarations took 0 ms 
331754     INFO  Test worker     d.u.i.k.n.KeyIO           Parsing took 0 ms 
331754     INFO  Test worker     d.u.i.k.n.KeyIO           MODE: declarations took 0 ms 
331754     INFO  Test worker     d.u.i.k.n.KeyIO           Parsing took 0 ms 
331754     INFO  Test worker     d.u.i.k.n.KeyIO           MODE: declarations took 0 ms 
334568     INFO  Test worker     d.u.i.k.n.KeyIO           Parsing took 0 ms 
334568     INFO  Test worker     d.u.i.k.n.KeyIO           MODE: declarations took 0 ms 
334568     INFO  Test worker     d.u.i.k.n.KeyIO           Parsing took 0 ms 
334568     INFO  Test worker     d.u.i.k.n.KeyIO           MODE: declarations took 0 ms 
334568     INFO  Test worker     d.u.i.k.n.KeyIO           Parsing took 0 ms 
334568     INFO  Test worker     d.u.i.k.n.KeyIO           MODE: declarations took 0 ms 
334568     INFO  Test worker     d.u.i.k.n.KeyIO           Parsing took 0 ms 
334568     INFO  Test worker     d.u.i.k.n.KeyIO           MODE: declarations took 0 ms 
334568     INFO  Test worker     d.u.i.k.n.KeyIO           Parsing took 0 ms 
334568     INFO  Test worker     d.u.i.k.n.KeyIO           MODE: declarations took 0 ms 
337320     INFO  Test worker     d.u.i.k.n.KeyIO           Parsing took 0 ms 
337320     INFO  Test worker     d.u.i.k.n.KeyIO           MODE: declarations took 0 ms 
337320     INFO  Test worker     d.u.i.k.n.KeyIO           Parsing took 0 ms 
337320     INFO  Test worker     d.u.i.k.n.KeyIO           MODE: declarations took 0 ms 
337320     INFO  Test worker     d.u.i.k.n.KeyIO           Parsing took 0 ms 
337320     INFO  Test worker     d.u.i.k.n.KeyIO           MODE: declarations took 0 ms 
337320     INFO  Test worker     d.u.i.k.n.KeyIO           Parsing took 0 ms 
337320     INFO  Test worker     d.u.i.k.n.KeyIO           MODE: declarations took 0 ms 
337320     INFO  Test worker     d.u.i.k.n.KeyIO           Parsing took 0 ms 
337320     INFO  Test worker     d.u.i.k.n.KeyIO           MODE: declarations took 0 ms 
337320     WARN  Test worker     d.u.i.k.n.KeYParser       [syntax-error] <unknown>:1:11: mismatched input '@' expecting {'/', ':=', '.', '(', ')', '{', '[', '@', PARALLEL, OR, AND, IMP, '=', NOT_EQUALS, '%', '*', '-', '+', '>', GREATEREQUAL, '<', LESSEQUAL, LGUILLEMETS, EQV} [@11,11:11='@',<153>,1:11] (termEOF) 
340103     INFO  Test worker     d.u.i.k.n.KeyIO           Parsing took 0 ms 
340103     INFO  Test worker     d.u.i.k.n.KeyIO           MODE: declarations took 0 ms 
340103     INFO  Test worker     d.u.i.k.n.KeyIO           Parsing took 0 ms 
340103     INFO  Test worker     d.u.i.k.n.KeyIO           MODE: declarations took 0 ms 
340103     INFO  Test worker     d.u.i.k.n.KeyIO           Parsing took 0 ms 
340103     INFO  Test worker     d.u.i.k.n.KeyIO           MODE: declarations took 0 ms 
340103     INFO  Test worker     d.u.i.k.n.KeyIO           Parsing took 0 ms 
340103     INFO  Test worker     d.u.i.k.n.KeyIO           MODE: declarations took 0 ms 
340103     INFO  Test worker     d.u.i.k.n.KeyIO           Parsing took 0 ms 
340103     INFO  Test worker     d.u.i.k.n.KeyIO           MODE: declarations took 0 ms 
342855     INFO  Test worker     d.u.i.k.n.KeyIO           Parsing took 0 ms 
342855     INFO  Test worker     d.u.i.k.n.KeyIO           MODE: declarations took 0 ms 
342855     INFO  Test worker     d.u.i.k.n.KeyIO           Parsing took 0 ms 
342855     INFO  Test worker     d.u.i.k.n.KeyIO           MODE: declarations took 0 ms 
342855     INFO  Test worker     d.u.i.k.n.KeyIO           Parsing took 0 ms 
342855     INFO  Test worker     d.u.i.k.n.KeyIO           MODE: declarations took 0 ms 
342855     INFO  Test worker     d.u.i.k.n.KeyIO           Parsing took 0 ms 
342855     INFO  Test worker     d.u.i.k.n.KeyIO           MODE: declarations took 0 ms 
342855     INFO  Test worker     d.u.i.k.n.KeyIO           Parsing took 0 ms 
342855     INFO  Test worker     d.u.i.k.n.KeyIO           MODE: declarations took 0 ms 
345637     INFO  Test worker     d.u.i.k.n.KeyIO           Parsing took 0 ms 
345637     INFO  Test worker     d.u.i.k.n.KeyIO           MODE: declarations took 0 ms 
345653     INFO  Test worker     d.u.i.k.n.KeyIO           Parsing took 0 ms 
345653     INFO  Test worker     d.u.i.k.n.KeyIO           MODE: declarations took 0 ms 
345653     INFO  Test worker     d.u.i.k.n.KeyIO           Parsing took 0 ms 
345653     INFO  Test worker     d.u.i.k.n.KeyIO           MODE: declarations took 0 ms 
345653     INFO  Test worker     d.u.i.k.n.KeyIO           Parsing took 0 ms 
345653     INFO  Test worker     d.u.i.k.n.KeyIO           MODE: declarations took 0 ms 
345653     INFO  Test worker     d.u.i.k.n.KeyIO           Parsing took 0 ms 
345653     INFO  Test worker     d.u.i.k.n.KeyIO           MODE: declarations took 0 ms 
348638     INFO  Test worker     d.u.i.k.n.KeyIO           Parsing took 0 ms 
348638     INFO  Test worker     d.u.i.k.n.KeyIO           MODE: declarations took 0 ms 
348638     INFO  Test worker     d.u.i.k.n.KeyIO           Parsing took 0 ms 
348638     INFO  Test worker     d.u.i.k.n.KeyIO           MODE: declarations took 0 ms 
348638     INFO  Test worker     d.u.i.k.n.KeyIO           Parsing took 0 ms 
348638     INFO  Test worker     d.u.i.k.n.KeyIO           MODE: declarations took 0 ms 
348638     INFO  Test worker     d.u.i.k.n.KeyIO           Parsing took 0 ms 
348638     INFO  Test worker     d.u.i.k.n.KeyIO           MODE: declarations took 0 ms 
348638     INFO  Test worker     d.u.i.k.n.KeyIO           Parsing took 0 ms 
348638     INFO  Test worker     d.u.i.k.n.KeyIO           MODE: declarations took 0 ms 
351390     INFO  Test worker     d.u.i.k.n.KeyIO           Parsing took 0 ms 
351390     INFO  Test worker     d.u.i.k.n.KeyIO           MODE: declarations took 0 ms 
351390     INFO  Test worker     d.u.i.k.n.KeyIO           Parsing took 0 ms 
351390     INFO  Test worker     d.u.i.k.n.KeyIO           MODE: declarations took 0 ms 
351390     INFO  Test worker     d.u.i.k.n.KeyIO           Parsing took 0 ms 
351390     INFO  Test worker     d.u.i.k.n.KeyIO           MODE: declarations took 0 ms 
351390     INFO  Test worker     d.u.i.k.n.KeyIO           Parsing took 0 ms 
351390     INFO  Test worker     d.u.i.k.n.KeyIO           MODE: declarations took 0 ms 
351390     INFO  Test worker     d.u.i.k.n.KeyIO           Parsing took 0 ms 
351390     INFO  Test worker     d.u.i.k.n.KeyIO           MODE: declarations took 0 ms 
354205     INFO  Test worker     d.u.i.k.n.KeyIO           Parsing took 0 ms 
354205     INFO  Test worker     d.u.i.k.n.KeyIO           MODE: declarations took 0 ms 
354205     INFO  Test worker     d.u.i.k.n.KeyIO           Parsing took 0 ms 
354205     INFO  Test worker     d.u.i.k.n.KeyIO           MODE: declarations took 0 ms 
354205     INFO  Test worker     d.u.i.k.n.KeyIO           Parsing took 0 ms 
354205     INFO  Test worker     d.u.i.k.n.KeyIO           MODE: declarations took 0 ms 
354205     INFO  Test worker     d.u.i.k.n.KeyIO           Parsing took 0 ms 
354205     INFO  Test worker     d.u.i.k.n.KeyIO           MODE: declarations took 0 ms 
354205     INFO  Test worker     d.u.i.k.n.KeyIO           Parsing took 0 ms 
354205     INFO  Test worker     d.u.i.k.n.KeyIO           MODE: declarations took 0 ms 
357003     INFO  Test worker     d.u.i.k.n.KeyIO           Parsing took 0 ms 
357003     INFO  Test worker     d.u.i.k.n.KeyIO           MODE: declarations took 0 ms 
357003     INFO  Test worker     d.u.i.k.n.KeyIO           Parsing took 0 ms 
357003     INFO  Test worker     d.u.i.k.n.KeyIO           MODE: declarations took 0 ms 
357003     INFO  Test worker     d.u.i.k.n.KeyIO           Parsing took 0 ms 
357003     INFO  Test worker     d.u.i.k.n.KeyIO           MODE: declarations took 0 ms 
357003     INFO  Test worker     d.u.i.k.n.KeyIO           Parsing took 0 ms 
357003     INFO  Test worker     d.u.i.k.n.KeyIO           MODE: declarations took 0 ms 
357003     INFO  Test worker     d.u.i.k.n.KeyIO           Parsing took 0 ms 
357003     INFO  Test worker     d.u.i.k.n.KeyIO           MODE: declarations took 0 ms 
359771     INFO  Test worker     d.u.i.k.n.KeyIO           Parsing took 0 ms 
359771     INFO  Test worker     d.u.i.k.n.KeyIO           MODE: declarations took 0 ms 
359771     INFO  Test worker     d.u.i.k.n.KeyIO           Parsing took 0 ms 
359771     INFO  Test worker     d.u.i.k.n.KeyIO           MODE: declarations took 0 ms 
359771     INFO  Test worker     d.u.i.k.n.KeyIO           Parsing took 0 ms 
359771     INFO  Test worker     d.u.i.k.n.KeyIO           MODE: declarations took 0 ms 
359771     INFO  Test worker     d.u.i.k.n.KeyIO           Parsing took 0 ms 
359771     INFO  Test worker     d.u.i.k.n.KeyIO           MODE: declarations took 0 ms 
359771     INFO  Test worker     d.u.i.k.n.KeyIO           Parsing took 0 ms 
359771     INFO  Test worker     d.u.i.k.n.KeyIO           MODE: declarations took 0 ms 
362507     INFO  Test worker     d.u.i.k.n.KeyIO           Parsing took 0 ms 
362507     INFO  Test worker     d.u.i.k.n.KeyIO           MODE: declarations took 0 ms 
362507     INFO  Test worker     d.u.i.k.n.KeyIO           Parsing took 0 ms 
362507     INFO  Test worker     d.u.i.k.n.KeyIO           MODE: declarations took 0 ms 
362507     INFO  Test worker     d.u.i.k.n.KeyIO           Parsing took 0 ms 
362507     INFO  Test worker     d.u.i.k.n.KeyIO           MODE: declarations took 0 ms 
362507     INFO  Test worker     d.u.i.k.n.KeyIO           Parsing took 0 ms 
362507     INFO  Test worker     d.u.i.k.n.KeyIO           MODE: declarations took 0 ms 
362507     INFO  Test worker     d.u.i.k.n.KeyIO           Parsing took 0 ms 
362507     INFO  Test worker     d.u.i.k.n.KeyIO           MODE: declarations took 0 ms 
365274     INFO  Test worker     d.u.i.k.n.KeyIO           Parsing took 0 ms 
365274     INFO  Test worker     d.u.i.k.n.KeyIO           MODE: declarations took 0 ms 
365274     INFO  Test worker     d.u.i.k.n.KeyIO           Parsing took 0 ms 
365274     INFO  Test worker     d.u.i.k.n.KeyIO           MODE: declarations took 0 ms 
365274     INFO  Test worker     d.u.i.k.n.KeyIO           Parsing took 0 ms 
365274     INFO  Test worker     d.u.i.k.n.KeyIO           MODE: declarations took 0 ms 
365274     INFO  Test worker     d.u.i.k.n.KeyIO           Parsing took 0 ms 
365274     INFO  Test worker     d.u.i.k.n.KeyIO           MODE: declarations took 0 ms 
365274     INFO  Test worker     d.u.i.k.n.KeyIO           Parsing took 0 ms 
365274     INFO  Test worker     d.u.i.k.n.KeyIO           MODE: declarations took 0 ms 
368182     INFO  Test worker     d.u.i.k.n.KeyIO           Parsing took 0 ms 
368182     INFO  Test worker     d.u.i.k.n.KeyIO           MODE: declarations took 0 ms 
368182     INFO  Test worker     d.u.i.k.n.KeyIO           Parsing took 0 ms 
368182     INFO  Test worker     d.u.i.k.n.KeyIO           MODE: declarations took 0 ms 
368182     INFO  Test worker     d.u.i.k.n.KeyIO           Parsing took 0 ms 
368182     INFO  Test worker     d.u.i.k.n.KeyIO           MODE: declarations took 0 ms 
368182     INFO  Test worker     d.u.i.k.n.KeyIO           Parsing took 0 ms 
368182     INFO  Test worker     d.u.i.k.n.KeyIO           MODE: declarations took 0 ms 
368182     INFO  Test worker     d.u.i.k.n.KeyIO           Parsing took 0 ms 
368182     INFO  Test worker     d.u.i.k.n.KeyIO           MODE: declarations took 0 ms 
370948     INFO  Test worker     d.u.i.k.n.KeyIO           Parsing took 0 ms 
370948     INFO  Test worker     d.u.i.k.n.KeyIO           MODE: declarations took 0 ms 
370948     INFO  Test worker     d.u.i.k.n.KeyIO           Parsing took 0 ms 
370948     INFO  Test worker     d.u.i.k.n.KeyIO           MODE: declarations took 0 ms 
370948     INFO  Test worker     d.u.i.k.n.KeyIO           Parsing took 0 ms 
370948     INFO  Test worker     d.u.i.k.n.KeyIO           MODE: declarations took 0 ms 
370948     INFO  Test worker     d.u.i.k.n.KeyIO           Parsing took 0 ms 
370948     INFO  Test worker     d.u.i.k.n.KeyIO           MODE: declarations took 0 ms 
370948     INFO  Test worker     d.u.i.k.n.KeyIO           Parsing took 0 ms 
370948     INFO  Test worker     d.u.i.k.n.KeyIO           MODE: declarations took 0 ms 
373715     INFO  Test worker     d.u.i.k.n.KeyIO           Parsing took 0 ms 
373715     INFO  Test worker     d.u.i.k.n.KeyIO           MODE: declarations took 0 ms 
373715     INFO  Test worker     d.u.i.k.n.KeyIO           Parsing took 0 ms 
373715     INFO  Test worker     d.u.i.k.n.KeyIO           MODE: declarations took 0 ms 
373715     INFO  Test worker     d.u.i.k.n.KeyIO           Parsing took 0 ms 
373715     INFO  Test worker     d.u.i.k.n.KeyIO           MODE: declarations took 0 ms 
373715     INFO  Test worker     d.u.i.k.n.KeyIO           Parsing took 0 ms 
373715     INFO  Test worker     d.u.i.k.n.KeyIO           MODE: declarations took 0 ms 
373715     INFO  Test worker     d.u.i.k.n.KeyIO           Parsing took 0 ms 
373715     INFO  Test worker     d.u.i.k.n.KeyIO           MODE: declarations took 0 ms 
376468     INFO  Test worker     d.u.i.k.n.KeyIO           Parsing took 0 ms 
376468     INFO  Test worker     d.u.i.k.n.KeyIO           MODE: declarations took 0 ms 
376468     INFO  Test worker     d.u.i.k.n.KeyIO           Parsing took 0 ms 
376468     INFO  Test worker     d.u.i.k.n.KeyIO           MODE: declarations took 0 ms 
376468     INFO  Test worker     d.u.i.k.n.KeyIO           Parsing took 0 ms 
376468     INFO  Test worker     d.u.i.k.n.KeyIO           MODE: declarations took 0 ms 
376468     INFO  Test worker     d.u.i.k.n.KeyIO           Parsing took 0 ms 
376468     INFO  Test worker     d.u.i.k.n.KeyIO           MODE: declarations took 0 ms 
376468     INFO  Test worker     d.u.i.k.n.KeyIO           Parsing took 0 ms 
376468     INFO  Test worker     d.u.i.k.n.KeyIO           MODE: declarations took 0 ms 
379234     INFO  Test worker     d.u.i.k.n.KeyIO           Parsing took 0 ms 
379234     INFO  Test worker     d.u.i.k.n.KeyIO           MODE: declarations took 0 ms 
379234     INFO  Test worker     d.u.i.k.n.KeyIO           Parsing took 0 ms 
379234     INFO  Test worker     d.u.i.k.n.KeyIO           MODE: declarations took 0 ms 
379234     INFO  Test worker     d.u.i.k.n.KeyIO           Parsing took 0 ms 
379234     INFO  Test worker     d.u.i.k.n.KeyIO           MODE: declarations took 0 ms 
379234     INFO  Test worker     d.u.i.k.n.KeyIO           Parsing took 0 ms 
379234     INFO  Test worker     d.u.i.k.n.KeyIO           MODE: declarations took 0 ms 
379234     INFO  Test worker     d.u.i.k.n.KeyIO           Parsing took 0 ms 
379234     INFO  Test worker     d.u.i.k.n.KeyIO           MODE: declarations took 0 ms 
382017     INFO  Test worker     d.u.i.k.n.KeyIO           Parsing took 0 ms 
382017     INFO  Test worker     d.u.i.k.n.KeyIO           MODE: declarations took 0 ms 
382017     INFO  Test worker     d.u.i.k.n.KeyIO           Parsing took 0 ms 
382017     INFO  Test worker     d.u.i.k.n.KeyIO           MODE: declarations took 0 ms 
382017     INFO  Test worker     d.u.i.k.n.KeyIO           Parsing took 0 ms 
382017     INFO  Test worker     d.u.i.k.n.KeyIO           MODE: declarations took 0 ms 
382017     INFO  Test worker     d.u.i.k.n.KeyIO           Parsing took 0 ms 
382017     INFO  Test worker     d.u.i.k.n.KeyIO           MODE: declarations took 0 ms 
382017     INFO  Test worker     d.u.i.k.n.KeyIO           Parsing took 0 ms 
382017     INFO  Test worker     d.u.i.k.n.KeyIO           MODE: declarations took 0 ms 
384816     INFO  Test worker     d.u.i.k.n.KeyIO           Parsing took 0 ms 
384816     INFO  Test worker     d.u.i.k.n.KeyIO           MODE: declarations took 0 ms 
384816     INFO  Test worker     d.u.i.k.n.KeyIO           Parsing took 0 ms 
384816     INFO  Test worker     d.u.i.k.n.KeyIO           MODE: declarations took 0 ms 
384816     INFO  Test worker     d.u.i.k.n.KeyIO           Parsing took 0 ms 
384816     INFO  Test worker     d.u.i.k.n.KeyIO           MODE: declarations took 0 ms 
384816     INFO  Test worker     d.u.i.k.n.KeyIO           Parsing took 0 ms 
384816     INFO  Test worker     d.u.i.k.n.KeyIO           MODE: declarations took 0 ms 
384816     INFO  Test worker     d.u.i.k.n.KeyIO           Parsing took 0 ms 
384816     INFO  Test worker     d.u.i.k.n.KeyIO           MODE: declarations took 0 ms 
387583     INFO  Test worker     d.u.i.k.n.KeyIO           Parsing took 0 ms 
387583     INFO  Test worker     d.u.i.k.n.KeyIO           MODE: declarations took 0 ms 
387583     INFO  Test worker     d.u.i.k.n.KeyIO           Parsing took 0 ms 
387583     INFO  Test worker     d.u.i.k.n.KeyIO           MODE: declarations took 0 ms 
387583     INFO  Test worker     d.u.i.k.n.KeyIO           Parsing took 0 ms 
387583     INFO  Test worker     d.u.i.k.n.KeyIO           MODE: declarations took 0 ms 
387583     INFO  Test worker     d.u.i.k.n.KeyIO           Parsing took 0 ms 
387583     INFO  Test worker     d.u.i.k.n.KeyIO           MODE: declarations took 0 ms 
387583     INFO  Test worker     d.u.i.k.n.KeyIO           Parsing took 0 ms 
387583     INFO  Test worker     d.u.i.k.n.KeyIO           MODE: declarations took 0 ms 
390336     INFO  Test worker     d.u.i.k.n.KeyIO           Parsing took 0 ms 
390336     INFO  Test worker     d.u.i.k.n.KeyIO           MODE: declarations took 0 ms 
390336     INFO  Test worker     d.u.i.k.n.KeyIO           Parsing took 0 ms 
390336     INFO  Test worker     d.u.i.k.n.KeyIO           MODE: declarations took 0 ms 
390336     INFO  Test worker     d.u.i.k.n.KeyIO           Parsing took 0 ms 
390336     INFO  Test worker     d.u.i.k.n.KeyIO           MODE: declarations took 0 ms 
390336     INFO  Test worker     d.u.i.k.n.KeyIO           Parsing took 0 ms 
390336     INFO  Test worker     d.u.i.k.n.KeyIO           MODE: declarations took 0 ms 
390336     INFO  Test worker     d.u.i.k.n.KeyIO           Parsing took 0 ms 
390336     INFO  Test worker     d.u.i.k.n.KeyIO           MODE: declarations took 0 ms 
393103     INFO  Test worker     d.u.i.k.n.KeyIO           Parsing took 0 ms 
393103     INFO  Test worker     d.u.i.k.n.KeyIO           MODE: declarations took 0 ms 
393103     INFO  Test worker     d.u.i.k.n.KeyIO           Parsing took 0 ms 
393103     INFO  Test worker     d.u.i.k.n.KeyIO           MODE: declarations took 0 ms 
393103     INFO  Test worker     d.u.i.k.n.KeyIO           Parsing took 0 ms 
393103     INFO  Test worker     d.u.i.k.n.KeyIO           MODE: declarations took 0 ms 
393103     INFO  Test worker     d.u.i.k.n.KeyIO           Parsing took 0 ms 
393103     INFO  Test worker     d.u.i.k.n.KeyIO           MODE: declarations took 0 ms 
393103     INFO  Test worker     d.u.i.k.n.KeyIO           Parsing took 0 ms 
393103     INFO  Test worker     d.u.i.k.n.KeyIO           MODE: declarations took 0 ms 
395855     INFO  Test worker     d.u.i.k.n.KeyIO           Parsing took 0 ms 
395855     INFO  Test worker     d.u.i.k.n.KeyIO           MODE: declarations took 0 ms 
395855     INFO  Test worker     d.u.i.k.n.KeyIO           Parsing took 0 ms 
395855     INFO  Test worker     d.u.i.k.n.KeyIO           MODE: declarations took 0 ms 
395855     INFO  Test worker     d.u.i.k.n.KeyIO           Parsing took 0 ms 
395855     INFO  Test worker     d.u.i.k.n.KeyIO           MODE: declarations took 0 ms 
395855     INFO  Test worker     d.u.i.k.n.KeyIO           Parsing took 0 ms 
395855     INFO  Test worker     d.u.i.k.n.KeyIO           MODE: declarations took 0 ms 
395855     INFO  Test worker     d.u.i.k.n.KeyIO           Parsing took 0 ms 
395855     INFO  Test worker     d.u.i.k.n.KeyIO           MODE: declarations took 0 ms 
398638     INFO  Test worker     d.u.i.k.n.KeyIO           Parsing took 0 ms 
398638     INFO  Test worker     d.u.i.k.n.KeyIO           MODE: declarations took 0 ms 
398638     INFO  Test worker     d.u.i.k.n.KeyIO           Parsing took 0 ms 
398638     INFO  Test worker     d.u.i.k.n.KeyIO           MODE: declarations took 0 ms 
398638     INFO  Test worker     d.u.i.k.n.KeyIO           Parsing took 0 ms 
398638     INFO  Test worker     d.u.i.k.n.KeyIO           MODE: declarations took 0 ms 
398638     INFO  Test worker     d.u.i.k.n.KeyIO           Parsing took 0 ms 
398638     INFO  Test worker     d.u.i.k.n.KeyIO           MODE: declarations took 0 ms 
398638     INFO  Test worker     d.u.i.k.n.KeyIO           Parsing took 0 ms 
398638     INFO  Test worker     d.u.i.k.n.KeyIO           MODE: declarations took 0 ms 
401421     INFO  Test worker     d.u.i.k.n.KeyIO           Parsing took 0 ms 
401421     INFO  Test worker     d.u.i.k.n.KeyIO           MODE: declarations took 0 ms 
401421     INFO  Test worker     d.u.i.k.n.KeyIO           Parsing took 0 ms 
401421     INFO  Test worker     d.u.i.k.n.KeyIO           MODE: declarations took 0 ms 
401421     INFO  Test worker     d.u.i.k.n.KeyIO           Parsing took 0 ms 
401421     INFO  Test worker     d.u.i.k.n.KeyIO           MODE: declarations took 0 ms 
401421     INFO  Test worker     d.u.i.k.n.KeyIO           Parsing took 0 ms 
401421     INFO  Test worker     d.u.i.k.n.KeyIO           MODE: declarations took 0 ms 
401421     INFO  Test worker     d.u.i.k.n.KeyIO           Parsing took 0 ms 
401421     INFO  Test worker     d.u.i.k.n.KeyIO           MODE: declarations took 0 ms 
404205     INFO  Test worker     d.u.i.k.n.KeyIO           Parsing took 0 ms 
404205     INFO  Test worker     d.u.i.k.n.KeyIO           MODE: declarations took 0 ms 
404205     INFO  Test worker     d.u.i.k.n.KeyIO           Parsing took 0 ms 
404205     INFO  Test worker     d.u.i.k.n.KeyIO           MODE: declarations took 0 ms 
404205     INFO  Test worker     d.u.i.k.n.KeyIO           Parsing took 0 ms 
404205     INFO  Test worker     d.u.i.k.n.KeyIO           MODE: declarations took 0 ms 
404205     INFO  Test worker     d.u.i.k.n.KeyIO           Parsing took 0 ms 
404205     INFO  Test worker     d.u.i.k.n.KeyIO           MODE: declarations took 0 ms 
404205     INFO  Test worker     d.u.i.k.n.KeyIO           Parsing took 0 ms 
404205     INFO  Test worker     d.u.i.k.n.KeyIO           MODE: declarations took 0 ms 
]]></system-out>
  <system-err><![CDATA[]]></system-err>
</testsuite>
