<?xml version="1.0" encoding="UTF-8"?>
<testsuite name="de.uka.ilkd.key.taclettranslation.TestTacletTranslator" tests="5" skipped="0" failures="0" errors="0" timestamp="2023-04-04T00:54:38" hostname="fv-az167-563" time="0.012">
  <properties/>
  <testcase name="testPropositional1()" classname="de.uka.ilkd.key.taclettranslation.TestTacletTranslator" time="0.004"/>
  <testcase name="testPropositional2()" classname="de.uka.ilkd.key.taclettranslation.TestTacletTranslator" time="0.001"/>
  <testcase name="testNegativePolarity()" classname="de.uka.ilkd.key.taclettranslation.TestTacletTranslator" time="0.001"/>
  <testcase name="testNoPolarity()" classname="de.uka.ilkd.key.taclettranslation.TestTacletTranslator" time="0.002"/>
  <testcase name="testPositivePolarity()" classname="de.uka.ilkd.key.taclettranslation.TestTacletTranslator" time="0.002"/>
  <system-out><![CDATA[789539     INFO  Test worker     d.u.i.k.n.KeyIO           Parsing took 0 ms 
789540     INFO  Test worker     d.u.i.k.n.KeyIO           MODE: declarations took 0 ms 
789543     INFO  Test worker     d.u.i.k.n.KeyIO           Parsing took 0 ms 
789544     INFO  Test worker     d.u.i.k.n.KeyIO           MODE: declarations took 0 ms 
789545     INFO  Test worker     d.u.i.k.n.KeyIO           Parsing took 0 ms 
789546     INFO  Test worker     d.u.i.k.n.KeyIO           MODE: declarations took 0 ms 
789547     INFO  Test worker     d.u.i.k.n.KeyIO           Parsing took 0 ms 
789547     INFO  Test worker     d.u.i.k.n.KeyIO           MODE: declarations took 0 ms 
789549     INFO  Test worker     d.u.i.k.n.KeyIO           Parsing took 0 ms 
789550     INFO  Test worker     d.u.i.k.n.KeyIO           MODE: declarations took 0 ms 
]]></system-out>
  <system-err><![CDATA[]]></system-err>
</testsuite>
