<?xml version="1.0" encoding="UTF-8"?>
<testsuite name="de.uka.ilkd.key.logic.TestClashFreeSubst" tests="14" skipped="2" failures="0" errors="0" timestamp="2023-04-04T00:42:05" hostname="fv-az167-563" time="50.916">
  <properties/>
  <testcase name="testMultiShareBound()" classname="de.uka.ilkd.key.logic.TestClashFreeSubst" time="0.972"/>
  <testcase name="testClash()" classname="de.uka.ilkd.key.logic.TestClashFreeSubst" time="0.994"/>
  <testcase name="testShare()" classname="de.uka.ilkd.key.logic.TestClashFreeSubst" time="1.01"/>
  <testcase name="testSubst()" classname="de.uka.ilkd.key.logic.TestClashFreeSubst" time="0.942"/>
  <testcase name="testWary0()" classname="de.uka.ilkd.key.logic.TestClashFreeSubst" time="0.911"/>
  <testcase name="testWary1()" classname="de.uka.ilkd.key.logic.TestClashFreeSubst" time="0.956"/>
  <testcase name="testWary2()" classname="de.uka.ilkd.key.logic.TestClashFreeSubst" time="0.951"/>
  <testcase name="testClashInSubstTerm()" classname="de.uka.ilkd.key.logic.TestClashFreeSubst" time="0.955"/>
  <testcase name="testShareWary()" classname="de.uka.ilkd.key.logic.TestClashFreeSubst" time="0.947"/>
  <testcase name="testMultiSubst()" classname="de.uka.ilkd.key.logic.TestClashFreeSubst" time="0.953"/>
  <testcase name="xtestMultiClash()" classname="de.uka.ilkd.key.logic.TestClashFreeSubst" time="0.0">
    <skipped/>
  </testcase>
  <testcase name="testSubstInSubstTerm()" classname="de.uka.ilkd.key.logic.TestClashFreeSubst" time="0.934"/>
  <testcase name="testSubstWary()" classname="de.uka.ilkd.key.logic.TestClashFreeSubst" time="0.897"/>
  <testcase name="xtestMultiClash1()" classname="de.uka.ilkd.key.logic.TestClashFreeSubst" time="0.0">
    <skipped/>
  </testcase>
  <system-out><![CDATA[36389      INFO  Test worker     d.u.i.k.n.KeyIO           Parsing took 0 ms 
36389      INFO  Test worker     d.u.i.k.n.KeyIO           MODE: declarations took 0 ms 
37356      INFO  Test worker     d.u.i.k.n.KeyIO           Parsing took 0 ms 
37358      INFO  Test worker     d.u.i.k.n.KeyIO           MODE: declarations took 1 ms 
40384      INFO  Test worker     d.u.i.k.n.KeyIO           Parsing took 1 ms 
40399      INFO  Test worker     d.u.i.k.n.KeyIO           MODE: declarations took 7 ms 
41373      INFO  Test worker     d.u.i.k.n.KeyIO           Parsing took 1 ms 
41373      INFO  Test worker     d.u.i.k.n.KeyIO           MODE: declarations took 0 ms 
44475      INFO  Test worker     d.u.i.k.n.KeyIO           Parsing took 0 ms 
44476      INFO  Test worker     d.u.i.k.n.KeyIO           MODE: declarations took 0 ms 
45480      INFO  Test worker     d.u.i.k.n.KeyIO           Parsing took 0 ms 
45481      INFO  Test worker     d.u.i.k.n.KeyIO           MODE: declarations took 0 ms 
48598      INFO  Test worker     d.u.i.k.n.KeyIO           Parsing took 0 ms 
48598      INFO  Test worker     d.u.i.k.n.KeyIO           MODE: declarations took 0 ms 
49535      INFO  Test worker     d.u.i.k.n.KeyIO           Parsing took 0 ms 
49536      INFO  Test worker     d.u.i.k.n.KeyIO           MODE: declarations took 0 ms 
52497      INFO  Test worker     d.u.i.k.n.KeyIO           Parsing took 0 ms 
52497      INFO  Test worker     d.u.i.k.n.KeyIO           MODE: declarations took 0 ms 
53403      INFO  Test worker     d.u.i.k.n.KeyIO           Parsing took 0 ms 
53405      INFO  Test worker     d.u.i.k.n.KeyIO           MODE: declarations took 0 ms 
56403      INFO  Test worker     d.u.i.k.n.KeyIO           Parsing took 0 ms 
56404      INFO  Test worker     d.u.i.k.n.KeyIO           MODE: declarations took 0 ms 
57355      INFO  Test worker     d.u.i.k.n.KeyIO           Parsing took 0 ms 
57356      INFO  Test worker     d.u.i.k.n.KeyIO           MODE: declarations took 0 ms 
60465      INFO  Test worker     d.u.i.k.n.KeyIO           Parsing took 0 ms 
60465      INFO  Test worker     d.u.i.k.n.KeyIO           MODE: declarations took 0 ms 
61413      INFO  Test worker     d.u.i.k.n.KeyIO           Parsing took 0 ms 
61414      INFO  Test worker     d.u.i.k.n.KeyIO           MODE: declarations took 0 ms 
64507      INFO  Test worker     d.u.i.k.n.KeyIO           Parsing took 0 ms 
64508      INFO  Test worker     d.u.i.k.n.KeyIO           MODE: declarations took 1 ms 
65458      INFO  Test worker     d.u.i.k.n.KeyIO           Parsing took 0 ms 
65458      INFO  Test worker     d.u.i.k.n.KeyIO           MODE: declarations took 0 ms 
68514      INFO  Test worker     d.u.i.k.n.KeyIO           Parsing took 0 ms 
68515      INFO  Test worker     d.u.i.k.n.KeyIO           MODE: declarations took 1 ms 
69456      INFO  Test worker     d.u.i.k.n.KeyIO           Parsing took 0 ms 
69459      INFO  Test worker     d.u.i.k.n.KeyIO           MODE: declarations took 0 ms 
72483      INFO  Test worker     d.u.i.k.n.KeyIO           Parsing took 0 ms 
72483      INFO  Test worker     d.u.i.k.n.KeyIO           MODE: declarations took 0 ms 
73433      INFO  Test worker     d.u.i.k.n.KeyIO           Parsing took 0 ms 
73434      INFO  Test worker     d.u.i.k.n.KeyIO           MODE: declarations took 0 ms 
79537      INFO  Test worker     d.u.i.k.n.KeyIO           Parsing took 0 ms 
79538      INFO  Test worker     d.u.i.k.n.KeyIO           MODE: declarations took 1 ms 
80469      INFO  Test worker     d.u.i.k.n.KeyIO           Parsing took 0 ms 
80470      INFO  Test worker     d.u.i.k.n.KeyIO           MODE: declarations took 0 ms 
83451      INFO  Test worker     d.u.i.k.n.KeyIO           Parsing took 0 ms 
83452      INFO  Test worker     d.u.i.k.n.KeyIO           MODE: declarations took 0 ms 
84344      INFO  Test worker     d.u.i.k.n.KeyIO           Parsing took 0 ms 
84345      INFO  Test worker     d.u.i.k.n.KeyIO           MODE: declarations took 0 ms 
]]></system-out>
  <system-err><![CDATA[]]></system-err>
</testsuite>
