<?xml version="1.0" encoding="UTF-8"?>
<testsuite name="org.key_project.exploration.ProofExplorationServiceTest" tests="3" skipped="0" failures="0" errors="0" timestamp="2023-03-22T17:52:00" hostname="fv-az343-628" time="18.474">
  <properties/>
  <testcase name="testAdditionAntec()" classname="org.key_project.exploration.ProofExplorationServiceTest" time="11.28"/>
  <testcase name="testChangeFormula()" classname="org.key_project.exploration.ProofExplorationServiceTest" time="3.696"/>
  <testcase name="testAdditionSucc()" classname="org.key_project.exploration.ProofExplorationServiceTest" time="3.495"/>
  <system-out><![CDATA[[17:52:00.683] ?[31mWARN ?[0;39m ?[36mProofIndependentSettings?[0;39m - The settings in /home/runner/.key/proofIndependentSettings.props are *not* read due to flag 'key.disregardSettings'
[17:52:01.096] ?[31mWARN ?[0;39m ?[36mProofSettings?[0;39m - The settings in /home/runner/.key/proof-settings.props are *not* read.
[17:52:01.774] ?[34mINFO ?[0;39m ?[36mBranchNamingFunctions?[0;39m - Register branch name function: \nameLabelOf
[17:52:01.776] ?[34mINFO ?[0;39m ?[36mBranchNamingFunctions?[0;39m - Register branch name function: \test
]]></system-out>
  <system-err><![CDATA[]]></system-err>
</testsuite>
