<?xml version="1.0" encoding="UTF-8"?>
<testsuite name="de.uka.ilkd.key.proof.runallproofs.RunAllProofsFunctional" tests="34" skipped="0" failures="0" errors="0" timestamp="2023-05-02T15:12:12" hostname="fv-az360-516" time="5375.663">
  <properties/>
  <testcase name="newBook" classname="de.uka.ilkd.key.proof.runallproofs.RunAllProofsFunctional" time="62.807"/>
  <testcase name="oldBook" classname="de.uka.ilkd.key.proof.runallproofs.RunAllProofsFunctional" time="16.749"/>
  <testcase name="comprehensions" classname="de.uka.ilkd.key.proof.runallproofs.RunAllProofsFunctional" time="67.382"/>
  <testcase name="performance" classname="de.uka.ilkd.key.proof.runallproofs.RunAllProofsFunctional" time="231.815"/>
  <testcase name="performancePOConstruction" classname="de.uka.ilkd.key.proof.runallproofs.RunAllProofsFunctional" time="74.289"/>
  <testcase name="applicationRestrictions" classname="de.uka.ilkd.key.proof.runallproofs.RunAllProofsFunctional" time="50.672"/>
  <testcase name="blockContracts" classname="de.uka.ilkd.key.proof.runallproofs.RunAllProofsFunctional" time="139.617"/>
  <testcase name="jmlAsserts" classname="de.uka.ilkd.key.proof.runallproofs.RunAllProofsFunctional" time="89.007"/>
  <testcase name="javaCard" classname="de.uka.ilkd.key.proof.runallproofs.RunAllProofsFunctional" time="133.179"/>
  <testcase name="list" classname="de.uka.ilkd.key.proof.runallproofs.RunAllProofsFunctional" time="260.99"/>
  <testcase name="list_ghost" classname="de.uka.ilkd.key.proof.runallproofs.RunAllProofsFunctional" time="69.107"/>
  <testcase name="list_recursive" classname="de.uka.ilkd.key.proof.runallproofs.RunAllProofsFunctional" time="22.852"/>
  <testcase name="list_seq" classname="de.uka.ilkd.key.proof.runallproofs.RunAllProofsFunctional" time="184.651"/>
  <testcase name="observer" classname="de.uka.ilkd.key.proof.runallproofs.RunAllProofsFunctional" time="98.389"/>
  <testcase name="removeDups" classname="de.uka.ilkd.key.proof.runallproofs.RunAllProofsFunctional" time="155.401"/>
  <testcase name="quicksort" classname="de.uka.ilkd.key.proof.runallproofs.RunAllProofsFunctional" time="109.318"/>
  <testcase name="simpleTests" classname="de.uka.ilkd.key.proof.runallproofs.RunAllProofsFunctional" time="164.12"/>
  <testcase name="SmansEtAl" classname="de.uka.ilkd.key.proof.runallproofs.RunAllProofsFunctional" time="193.18"/>
  <testcase name="VACID0" classname="de.uka.ilkd.key.proof.runallproofs.RunAllProofsFunctional" time="79.005"/>
  <testcase name="VSTTE10" classname="de.uka.ilkd.key.proof.runallproofs.RunAllProofsFunctional" time="183.754"/>
  <testcase name="WeideEtAl" classname="de.uka.ilkd.key.proof.runallproofs.RunAllProofsFunctional" time="29.36"/>
  <testcase name="arithmetic" classname="de.uka.ilkd.key.proof.runallproofs.RunAllProofsFunctional" time="484.478"/>
  <testcase name="arrays" classname="de.uka.ilkd.key.proof.runallproofs.RunAllProofsFunctional" time="56.893"/>
  <testcase name="javadl" classname="de.uka.ilkd.key.proof.runallproofs.RunAllProofsFunctional" time="644.51"/>
  <testcase name="FOL" classname="de.uka.ilkd.key.proof.runallproofs.RunAllProofsFunctional" time="275.639"/>
  <testcase name="strings" classname="de.uka.ilkd.key.proof.runallproofs.RunAllProofsFunctional" time="150.335"/>
  <testcase name="simple_info_flow" classname="de.uka.ilkd.key.proof.runallproofs.RunAllProofsFunctional" time="13.944"/>
  <testcase name="modelMethods" classname="de.uka.ilkd.key.proof.runallproofs.RunAllProofsFunctional" time="177.348"/>
  <testcase name="permissionHeap" classname="de.uka.ilkd.key.proof.runallproofs.RunAllProofsFunctional" time="856.188"/>
  <testcase name="completionScopes" classname="de.uka.ilkd.key.proof.runallproofs.RunAllProofsFunctional" time="50.002"/>
  <testcase name="reload_examples" classname="de.uka.ilkd.key.proof.runallproofs.RunAllProofsFunctional" time="43.259"/>
  <testcase name="proofLoadRepair" classname="de.uka.ilkd.key.proof.runallproofs.RunAllProofsFunctional" time="18.838"/>
  <testcase name="switch" classname="de.uka.ilkd.key.proof.runallproofs.RunAllProofsFunctional" time="60.935"/>
  <testcase name="redux" classname="de.uka.ilkd.key.proof.runallproofs.RunAllProofsFunctional" time="127.636"/>
  <system-out><![CDATA[578        INFO  Test worker     d.u.i.k.p.r.RunAllProofsTestUnit Running test newBook 
362        INFO  Timeout watchdog d.u.i.k.p.r.p.ForkedTestFileRunner Timeout watcher launched (2000 secs.) 
364        WARN  main            d.u.i.k.s.ProofSettings   No proof-settings could be loaded, using defaults java.io.FileNotFoundException: /home/runner/.key/proof-settings.props (No such file or directory)
	at java.base/java.io.FileInputStream.open0(Native Method)

414        INFO  main            d.u.i.k.p.r.p.TestFile    Now processing file /home/runner/work/key/key/key.core/../key.ui/examples/newBook/09.list_modelfield/ArrayList.add.key 
542        INFO  main            d.u.i.k.p.i.AbstractProblemLoader Loading environment from /home/runner/work/key/key/key.core/../key.ui/examples/newBook/09.list_modelfield/ArrayList.add.key 
561        DEBUG main            d.u.i.k.p.i.AbstractProblemLoader Environment load took 2.4ms 
800        INFO  main            d.u.i.k.p.i.AbstractProblemLoader Creating init config 
1669       DEBUG main            d.u.i.k.j.TypeConverter   No LDT found for Meta 
1670       DEBUG main            d.u.i.k.j.TypeConverter   No LDT found for Meta 
1673       DEBUG main            d.u.i.k.j.TypeConverter   No LDT found for Meta 
1678       DEBUG main            d.u.i.k.j.TypeConverter   No LDT found for Meta 
3099       DEBUG main            d.u.i.k.j.TypeConverter   No LDT found for JavaBigintExpression 
8056       DEBUG main            d.u.i.k.p.i.AbstractProblemLoader Init config took 7.26s 
8186       INFO  main            d.u.i.k.p.i.AbstractProblemLoader Replaying proof ArrayList[List::add(int)].JML normal_behavior operation contract.0 
8219       DEBUG main            d.u.i.k.p.i.IntermediateProofReplayer Proof replay took 31.8ns 
27084      INFO  main            d.u.i.k.p.r.p.TestFile    ... finished proof: closed. 
27328      INFO  main            d.u.i.k.p.i.AbstractProblemLoader Loading environment from /home/runner/work/key/key/key.core/../key.ui/examples/newBook/09.list_modelfield/ArrayList.add.key.proof 
27328      DEBUG main            d.u.i.k.p.i.AbstractProblemLoader Environment load took 154.6ns 
27339      INFO  main            d.u.i.k.p.i.AbstractProblemLoader Creating init config 
30178      DEBUG main            d.u.i.k.p.i.AbstractProblemLoader Init config took 2.84s 
30252      INFO  main            d.u.i.k.p.i.AbstractProblemLoader Replaying proof ArrayList[List::add(int)].JML normal_behavior operation contract.0 
31735      DEBUG main            d.u.i.k.p.i.IntermediateProofReplayer Proof replay took 1.41s 
31750      DEBUG main            d.u.i.k.p.r.p.TestFile    ... success: reloaded. 
31752      INFO  main            d.u.i.k.p.r.p.TestFile    Now processing file /home/runner/work/key/key/key.core/../key.ui/examples/newBook/09.list_modelfield/ArrayList.remFirst.key 
31753      INFO  main            d.u.i.k.p.i.AbstractProblemLoader Loading environment from /home/runner/work/key/key/key.core/../key.ui/examples/newBook/09.list_modelfield/ArrayList.remFirst.key 
31755      DEBUG main            d.u.i.k.p.i.AbstractProblemLoader Environment load took 1.64ms 
31757      INFO  main            d.u.i.k.p.i.AbstractProblemLoader Creating init config 
34640      DEBUG main            d.u.i.k.p.i.AbstractProblemLoader Init config took 2.88s 
34697      INFO  main            d.u.i.k.p.i.AbstractProblemLoader Replaying proof ArrayList[List::remFirst()].JML normal_behavior operation contract.0 
34699      DEBUG main            d.u.i.k.p.i.IntermediateProofReplayer Proof replay took 5.9ns 
39369      INFO  main            d.u.i.k.p.r.p.TestFile    ... finished proof: closed. 
39596      INFO  main            d.u.i.k.p.i.AbstractProblemLoader Loading environment from /home/runner/work/key/key/key.core/../key.ui/examples/newBook/09.list_modelfield/ArrayList.remFirst.key.proof 
39597      DEBUG main            d.u.i.k.p.i.AbstractProblemLoader Environment load took 806.21ns 
39601      INFO  main            d.u.i.k.p.i.AbstractProblemLoader Creating init config 
42223      DEBUG main            d.u.i.k.p.i.AbstractProblemLoader Init config took 2.62s 
42281      INFO  main            d.u.i.k.p.i.AbstractProblemLoader Replaying proof ArrayList[List::remFirst()].JML normal_behavior operation contract.0 
42971      DEBUG main            d.u.i.k.p.i.IntermediateProofReplayer Proof replay took 669.47ms 
42977      DEBUG main            d.u.i.k.p.r.p.TestFile    ... success: reloaded. 
42979      INFO  main            d.u.i.k.p.r.p.TestFile    Now processing file /home/runner/work/key/key/key.core/../key.ui/examples/newBook/09.list_modelfield/ArrayList.empty.key 
42980      INFO  main            d.u.i.k.p.i.AbstractProblemLoader Loading environment from /home/runner/work/key/key/key.core/../key.ui/examples/newBook/09.list_modelfield/ArrayList.empty.key 
42980      DEBUG main            d.u.i.k.p.i.AbstractProblemLoader Environment load took 399.81ns 
42982      INFO  main            d.u.i.k.p.i.AbstractProblemLoader Creating init config 
45664      DEBUG main            d.u.i.k.p.i.AbstractProblemLoader Init config took 2.68s 
45711      INFO  main            d.u.i.k.p.i.AbstractProblemLoader Replaying proof ArrayList[List::empty()].JML normal_behavior operation contract.0 
45713      DEBUG main            d.u.i.k.p.i.IntermediateProofReplayer Proof replay took 6.8ns 
46735      INFO  main            d.u.i.k.p.r.p.TestFile    ... finished proof: closed. 
46960      INFO  main            d.u.i.k.p.i.AbstractProblemLoader Loading environment from /home/runner/work/key/key/key.core/../key.ui/examples/newBook/09.list_modelfield/ArrayList.empty.key.proof 
46961      DEBUG main            d.u.i.k.p.i.AbstractProblemLoader Environment load took 128.1ns 
46962      INFO  main            d.u.i.k.p.i.AbstractProblemLoader Creating init config 
49586      DEBUG main            d.u.i.k.p.i.AbstractProblemLoader Init config took 2.62s 
49651      INFO  main            d.u.i.k.p.i.AbstractProblemLoader Replaying proof ArrayList[List::empty()].JML normal_behavior operation contract.0 
49800      DEBUG main            d.u.i.k.p.i.IntermediateProofReplayer Proof replay took 140.82ms 
49802      DEBUG main            d.u.i.k.p.r.p.TestFile    ... success: reloaded. 
49803      INFO  main            d.u.i.k.p.r.p.TestFile    Now processing file /home/runner/work/key/key/key.core/../key.ui/examples/newBook/09.list_modelfield/ArrayList.size.key 
49804      INFO  main            d.u.i.k.p.i.AbstractProblemLoader Loading environment from /home/runner/work/key/key/key.core/../key.ui/examples/newBook/09.list_modelfield/ArrayList.size.key 
49805      DEBUG main            d.u.i.k.p.i.AbstractProblemLoader Environment load took 509.61ns 
49806      INFO  main            d.u.i.k.p.i.AbstractProblemLoader Creating init config 
52381      DEBUG main            d.u.i.k.p.i.AbstractProblemLoader Init config took 2.58s 
52427      INFO  main            d.u.i.k.p.i.AbstractProblemLoader Replaying proof ArrayList[List::size()].JML normal_behavior operation contract.0 
52429      DEBUG main            d.u.i.k.p.i.IntermediateProofReplayer Proof replay took 6ns 
52933      INFO  main            d.u.i.k.p.r.p.TestFile    ... finished proof: closed. 
53088      INFO  main            d.u.i.k.p.i.AbstractProblemLoader Loading environment from /home/runner/work/key/key/key.core/../key.ui/examples/newBook/09.list_modelfield/ArrayList.size.key.proof 
53088      DEBUG main            d.u.i.k.p.i.AbstractProblemLoader Environment load took 126ns 
53090      INFO  main            d.u.i.k.p.i.AbstractProblemLoader Creating init config 
55800      DEBUG main            d.u.i.k.p.i.AbstractProblemLoader Init config took 2.71s 
55850      INFO  main            d.u.i.k.p.i.AbstractProblemLoader Replaying proof ArrayList[List::size()].JML normal_behavior operation contract.0 
55915      DEBUG main            d.u.i.k.p.i.IntermediateProofReplayer Proof replay took 59.61ms 
55918      DEBUG main            d.u.i.k.p.r.p.TestFile    ... success: reloaded. 
55920      INFO  main            d.u.i.k.p.r.p.TestFile    Now processing file /home/runner/work/key/key/key.core/../key.ui/examples/newBook/09.list_modelfield/ArrayList.get.key 
55920      INFO  main            d.u.i.k.p.i.AbstractProblemLoader Loading environment from /home/runner/work/key/key/key.core/../key.ui/examples/newBook/09.list_modelfield/ArrayList.get.key 
55921      DEBUG main            d.u.i.k.p.i.AbstractProblemLoader Environment load took 409.61ns 
55922      INFO  main            d.u.i.k.p.i.AbstractProblemLoader Creating init config 
58558      DEBUG main            d.u.i.k.p.i.AbstractProblemLoader Init config took 2.64s 
58608      INFO  main            d.u.i.k.p.i.AbstractProblemLoader Replaying proof ArrayList[List::get(int)].JML normal_behavior operation contract.0 
58613      DEBUG main            d.u.i.k.p.i.IntermediateProofReplayer Proof replay took 7ns 
59618      INFO  main            d.u.i.k.p.r.p.TestFile    ... finished proof: closed. 
59792      INFO  main            d.u.i.k.p.i.AbstractProblemLoader Loading environment from /home/runner/work/key/key/key.core/../key.ui/examples/newBook/09.list_modelfield/ArrayList.get.key.proof 
59792      DEBUG main            d.u.i.k.p.i.AbstractProblemLoader Environment load took 138.3ns 
59793      INFO  main            d.u.i.k.p.i.AbstractProblemLoader Creating init config 
62358      DEBUG main            d.u.i.k.p.i.AbstractProblemLoader Init config took 2.56s 
62406      INFO  main            d.u.i.k.p.i.AbstractProblemLoader Replaying proof ArrayList[List::get(int)].JML normal_behavior operation contract.0 
62519      DEBUG main            d.u.i.k.p.i.IntermediateProofReplayer Proof replay took 106.68ms 
62520      DEBUG main            d.u.i.k.p.r.p.TestFile    ... success: reloaded. 
63378      INFO  Test worker     d.u.i.k.p.r.RunAllProofsTestUnit Returning from test newBook 
63382      INFO  Test worker     d.u.i.k.p.r.RunAllProofsTestUnit Running test oldBook 
363        INFO  Timeout watchdog d.u.i.k.p.r.p.ForkedTestFileRunner Timeout watcher launched (2000 secs.) 
367        WARN  main            d.u.i.k.s.ProofSettings   The settings in /home/runner/.key/proof-settings.props are *not* read. 
395        INFO  main            d.u.i.k.p.r.p.TestFile    Now processing file /home/runner/work/key/key/key.core/../key.ui/examples/standard_key/BookExamples/02FirstOrderLogic/Ex2.58.key 
502        INFO  main            d.u.i.k.p.i.AbstractProblemLoader Loading environment from /home/runner/work/key/key/key.core/../key.ui/examples/standard_key/BookExamples/02FirstOrderLogic/Ex2.58.key 
520        DEBUG main            d.u.i.k.p.i.AbstractProblemLoader Environment load took 2.95ms 
756        INFO  main            d.u.i.k.p.i.AbstractProblemLoader Creating init config 
1811       DEBUG main            d.u.i.k.j.TypeConverter   No LDT found for Meta 
1811       DEBUG main            d.u.i.k.j.TypeConverter   No LDT found for Meta 
1814       DEBUG main            d.u.i.k.j.TypeConverter   No LDT found for Meta 
1814       DEBUG main            d.u.i.k.j.TypeConverter   No LDT found for Meta 
3063       DEBUG main            d.u.i.k.j.TypeConverter   No LDT found for JavaBigintExpression 
7706       DEBUG main            d.u.i.k.p.i.AbstractProblemLoader Init config took 6.95s 
7768       INFO  main            d.u.i.k.p.i.AbstractProblemLoader Replaying proof Ex2.58.key 
7800       DEBUG main            d.u.i.k.p.i.IntermediateProofReplayer Proof replay took 34.7ns 
7977       INFO  main            d.u.i.k.p.r.p.TestFile    ... finished proof: closed. 
8074       INFO  main            d.u.i.k.p.i.AbstractProblemLoader Loading environment from /home/runner/work/key/key/key.core/../key.ui/examples/standard_key/BookExamples/02FirstOrderLogic/Ex2.58.key.proof 
8074       DEBUG main            d.u.i.k.p.i.AbstractProblemLoader Environment load took 146.9ns 
8083       INFO  main            d.u.i.k.p.i.AbstractProblemLoader Creating init config 
10723      DEBUG main            d.u.i.k.p.i.AbstractProblemLoader Init config took 2.64s 
10752      INFO  main            d.u.i.k.p.i.AbstractProblemLoader Replaying proof Ex2.58.key.proof 
10766      DEBUG main            d.u.i.k.p.i.IntermediateProofReplayer Proof replay took 7.52ms 
10781      DEBUG main            d.u.i.k.p.r.p.TestFile    ... success: reloaded. 
10788      INFO  main            d.u.i.k.p.r.p.TestFile    Now processing file /home/runner/work/key/key/key.core/../key.ui/examples/standard_key/BookExamples/03DynamicLogic/Sect3.3.1.key 
10789      INFO  main            d.u.i.k.p.i.AbstractProblemLoader Loading environment from /home/runner/work/key/key/key.core/../key.ui/examples/standard_key/BookExamples/03DynamicLogic/Sect3.3.1.key 
10790      DEBUG main            d.u.i.k.p.i.AbstractProblemLoader Environment load took 1.31ms 
10793      INFO  main            d.u.i.k.p.i.AbstractProblemLoader Creating init config 
13347      DEBUG main            d.u.i.k.p.i.AbstractProblemLoader Init config took 2.55s 
13389      INFO  main            d.u.i.k.p.i.AbstractProblemLoader Replaying proof Sect3.3.1.key 
13392      DEBUG main            d.u.i.k.p.i.IntermediateProofReplayer Proof replay took 6.6ns 
13798      INFO  main            d.u.i.k.p.r.p.TestFile    ... finished proof: closed. 
13935      INFO  main            d.u.i.k.p.i.AbstractProblemLoader Loading environment from /home/runner/work/key/key/key.core/../key.ui/examples/standard_key/BookExamples/03DynamicLogic/Sect3.3.1.key.proof 
13935      DEBUG main            d.u.i.k.p.i.AbstractProblemLoader Environment load took 136.4ns 
13941      INFO  main            d.u.i.k.p.i.AbstractProblemLoader Creating init config 
16402      DEBUG main            d.u.i.k.p.i.AbstractProblemLoader Init config took 2.46s 
16428      INFO  main            d.u.i.k.p.i.AbstractProblemLoader Replaying proof Sect3.3.1.key.proof 
16545      DEBUG main            d.u.i.k.p.i.IntermediateProofReplayer Proof replay took 105.99ms 
16546      DEBUG main            d.u.i.k.p.r.p.TestFile    ... success: reloaded. 
80130      INFO  Test worker     d.u.i.k.p.r.RunAllProofsTestUnit Returning from test oldBook 
80132      INFO  Test worker     d.u.i.k.p.r.RunAllProofsTestUnit Running test comprehensions 
381        INFO  Timeout watchdog d.u.i.k.p.r.p.ForkedTestFileRunner Timeout watcher launched (2000 secs.) 
403        WARN  main            d.u.i.k.s.ProofSettings   The settings in /home/runner/.key/proof-settings.props are *not* read. 
441        INFO  main            d.u.i.k.p.r.p.TestFile    Now processing file /home/runner/work/key/key/key.core/../key.ui/examples/heap/comprehensions/general_sum.key 
605        INFO  main            d.u.i.k.p.i.AbstractProblemLoader Loading environment from /home/runner/work/key/key/key.core/../key.ui/examples/heap/comprehensions/general_sum.key 
623        DEBUG main            d.u.i.k.p.i.AbstractProblemLoader Environment load took 2.89ms 
854        INFO  main            d.u.i.k.p.i.AbstractProblemLoader Creating init config 
1876       DEBUG main            d.u.i.k.j.TypeConverter   No LDT found for Meta 
1877       DEBUG main            d.u.i.k.j.TypeConverter   No LDT found for Meta 
1880       DEBUG main            d.u.i.k.j.TypeConverter   No LDT found for Meta 
1880       DEBUG main            d.u.i.k.j.TypeConverter   No LDT found for Meta 
3483       DEBUG main            d.u.i.k.j.TypeConverter   No LDT found for JavaBigintExpression 
8709       DEBUG main            d.u.i.k.p.i.AbstractProblemLoader Init config took 7.85s 
8898       INFO  main            d.u.i.k.p.i.AbstractProblemLoader Replaying proof GSum[GSum::doNothing()].JML operation contract.0 
8967       DEBUG main            d.u.i.k.p.i.IntermediateProofReplayer Proof replay took 41.3ns 
9318       INFO  main            d.u.i.k.p.r.p.TestFile    ... finished proof: closed. 
9423       INFO  main            d.u.i.k.p.i.AbstractProblemLoader Loading environment from /home/runner/work/key/key/key.core/../key.ui/examples/heap/comprehensions/general_sum.key.proof 
9423       DEBUG main            d.u.i.k.p.i.AbstractProblemLoader Environment load took 151.2ns 
9425       INFO  main            d.u.i.k.p.i.AbstractProblemLoader Creating init config 
12442      DEBUG main            d.u.i.k.p.i.AbstractProblemLoader Init config took 3.02s 
12513      INFO  main            d.u.i.k.p.i.AbstractProblemLoader Replaying proof GSum[GSum::doNothing()].JML operation contract.0 
12531      DEBUG main            d.u.i.k.p.i.IntermediateProofReplayer Proof replay took 13.51ms 
12537      DEBUG main            d.u.i.k.p.r.p.TestFile    ... success: reloaded. 
12540      INFO  main            d.u.i.k.p.r.p.TestFile    Now processing file /home/runner/work/key/key/key.core/../key.ui/examples/heap/comprehensions/sum0.key 
12540      INFO  main            d.u.i.k.p.i.AbstractProblemLoader Loading environment from /home/runner/work/key/key/key.core/../key.ui/examples/heap/comprehensions/sum0.key 
12540      DEBUG main            d.u.i.k.p.i.AbstractProblemLoader Environment load took 74.1ns 
12544      INFO  main            d.u.i.k.p.i.AbstractProblemLoader Creating init config 
15316      DEBUG main            d.u.i.k.p.i.AbstractProblemLoader Init config took 2.77s 
15372      INFO  main            d.u.i.k.p.i.AbstractProblemLoader Replaying proof Sum[Sum::sum0([I)].JML normal_behavior operation contract.0 
15375      DEBUG main            d.u.i.k.p.i.IntermediateProofReplayer Proof replay took 7.4ns 
15472      DEBUG Thread-4        d.u.i.k.l.l.OriginTermLabel commonFileName is null! 
15473      DEBUG Thread-4        d.u.i.k.l.l.OriginTermLabel commonFileName is null! 
15738      DEBUG Thread-4        d.u.i.k.l.l.OriginTermLabel commonFileName is null! 
15739      DEBUG Thread-4        d.u.i.k.l.l.OriginTermLabel commonFileName is null! 
15944      DEBUG Thread-4        d.u.i.k.l.l.OriginTermLabel commonFileName is null! 
16185      INFO  main            d.u.i.k.p.r.p.TestFile    ... finished proof: closed. 
16349      INFO  main            d.u.i.k.p.i.AbstractProblemLoader Loading environment from /home/runner/work/key/key/key.core/../key.ui/examples/heap/comprehensions/sum0.key.proof 
16353      DEBUG main            d.u.i.k.p.i.AbstractProblemLoader Environment load took 3.98ms 
16355      INFO  main            d.u.i.k.p.i.AbstractProblemLoader Creating init config 
19102      DEBUG main            d.u.i.k.p.i.AbstractProblemLoader Init config took 2.75s 
19175      INFO  main            d.u.i.k.p.i.AbstractProblemLoader Replaying proof Sum[Sum::sum0([I)].JML normal_behavior operation contract.0 
19246      DEBUG main            d.u.i.k.l.l.OriginTermLabel commonFileName is null! 
19248      DEBUG main            d.u.i.k.l.l.OriginTermLabel commonFileName is null! 
19324      DEBUG main            d.u.i.k.l.l.OriginTermLabel commonFileName is null! 
19371      DEBUG main            d.u.i.k.l.l.OriginTermLabel commonFileName is null! 
19372      DEBUG main            d.u.i.k.l.l.OriginTermLabel commonFileName is null! 
19375      DEBUG main            d.u.i.k.p.i.IntermediateProofReplayer Proof replay took 187.67ms 
19376      DEBUG main            d.u.i.k.p.r.p.TestFile    ... success: reloaded. 
19378      INFO  main            d.u.i.k.p.r.p.TestFile    Now processing file /home/runner/work/key/key/key.core/../key.ui/examples/heap/comprehensions/sum1.key 
19379      INFO  main            d.u.i.k.p.i.AbstractProblemLoader Loading environment from /home/runner/work/key/key/key.core/../key.ui/examples/heap/comprehensions/sum1.key 
19379      DEBUG main            d.u.i.k.p.i.AbstractProblemLoader Environment load took 332.5ns 
19380      INFO  main            d.u.i.k.p.i.AbstractProblemLoader Creating init config 
22119      DEBUG main            d.u.i.k.p.i.AbstractProblemLoader Init config took 2.74s 
22163      INFO  main            d.u.i.k.p.i.AbstractProblemLoader Replaying proof Sum[Sum::sum1([I)].JML normal_behavior operation contract.0 
22165      DEBUG main            d.u.i.k.p.i.IntermediateProofReplayer Proof replay took 7.5ns 
22216      DEBUG Thread-7        d.u.i.k.l.l.OriginTermLabel commonFileName is null! 
22217      DEBUG Thread-7        d.u.i.k.l.l.OriginTermLabel commonFileName is null! 
22348      DEBUG Thread-7        d.u.i.k.l.l.OriginTermLabel commonFileName is null! 
22349      DEBUG Thread-7        d.u.i.k.l.l.OriginTermLabel commonFileName is null! 
22462      DEBUG Thread-7        d.u.i.k.l.l.OriginTermLabel commonFileName is null! 
22670      INFO  main            d.u.i.k.p.r.p.TestFile    ... finished proof: closed. 
22834      INFO  main            d.u.i.k.p.i.AbstractProblemLoader Loading environment from /home/runner/work/key/key/key.core/../key.ui/examples/heap/comprehensions/sum1.key.proof 
22835      DEBUG main            d.u.i.k.p.i.AbstractProblemLoader Environment load took 708.71ns 
22837      INFO  main            d.u.i.k.p.i.AbstractProblemLoader Creating init config 
25439      DEBUG main            d.u.i.k.p.i.AbstractProblemLoader Init config took 2.6s 
25488      INFO  main            d.u.i.k.p.i.AbstractProblemLoader Replaying proof Sum[Sum::sum1([I)].JML normal_behavior operation contract.0 
25530      DEBUG main            d.u.i.k.l.l.OriginTermLabel commonFileName is null! 
25530      DEBUG main            d.u.i.k.l.l.OriginTermLabel commonFileName is null! 
25587      DEBUG main            d.u.i.k.l.l.OriginTermLabel commonFileName is null! 
25626      DEBUG main            d.u.i.k.l.l.OriginTermLabel commonFileName is null! 
25626      DEBUG main            d.u.i.k.l.l.OriginTermLabel commonFileName is null! 
25628      DEBUG main            d.u.i.k.p.i.IntermediateProofReplayer Proof replay took 129.45ms 
25629      DEBUG main            d.u.i.k.p.r.p.TestFile    ... success: reloaded. 
25630      INFO  main            d.u.i.k.p.r.p.TestFile    Now processing file /home/runner/work/key/key/key.core/../key.ui/examples/heap/comprehensions/sum2.key 
25631      INFO  main            d.u.i.k.p.i.AbstractProblemLoader Loading environment from /home/runner/work/key/key/key.core/../key.ui/examples/heap/comprehensions/sum2.key 
25631      DEBUG main            d.u.i.k.p.i.AbstractProblemLoader Environment load took 83ns 
25632      INFO  main            d.u.i.k.p.i.AbstractProblemLoader Creating init config 
28326      DEBUG main            d.u.i.k.p.i.AbstractProblemLoader Init config took 2.69s 
28370      INFO  main            d.u.i.k.p.i.AbstractProblemLoader Replaying proof Sum[Sum::sum2([I)].JML normal_behavior operation contract.0 
28372      DEBUG main            d.u.i.k.p.i.IntermediateProofReplayer Proof replay took 7.7ns 
28418      DEBUG Thread-10       d.u.i.k.l.l.OriginTermLabel commonFileName is null! 
28418      DEBUG Thread-10       d.u.i.k.l.l.OriginTermLabel commonFileName is null! 
28524      DEBUG Thread-10       d.u.i.k.l.l.OriginTermLabel commonFileName is null! 
28525      DEBUG Thread-10       d.u.i.k.l.l.OriginTermLabel commonFileName is null! 
28603      DEBUG Thread-10       d.u.i.k.l.l.OriginTermLabel commonFileName is null! 
28778      INFO  main            d.u.i.k.p.r.p.TestFile    ... finished proof: closed. 
28957      INFO  main            d.u.i.k.p.i.AbstractProblemLoader Loading environment from /home/runner/work/key/key/key.core/../key.ui/examples/heap/comprehensions/sum2.key.proof 
28958      DEBUG main            d.u.i.k.p.i.AbstractProblemLoader Environment load took 1.22ms 
28960      INFO  main            d.u.i.k.p.i.AbstractProblemLoader Creating init config 
31581      DEBUG main            d.u.i.k.p.i.AbstractProblemLoader Init config took 2.62s 
31623      INFO  main            d.u.i.k.p.i.AbstractProblemLoader Replaying proof Sum[Sum::sum2([I)].JML normal_behavior operation contract.0 
31652      DEBUG main            d.u.i.k.l.l.OriginTermLabel commonFileName is null! 
31653      DEBUG main            d.u.i.k.l.l.OriginTermLabel commonFileName is null! 
31689      DEBUG main            d.u.i.k.l.l.OriginTermLabel commonFileName is null! 
31715      DEBUG main            d.u.i.k.l.l.OriginTermLabel commonFileName is null! 
31719      DEBUG main            d.u.i.k.l.l.OriginTermLabel commonFileName is null! 
31722      DEBUG main            d.u.i.k.p.i.IntermediateProofReplayer Proof replay took 94.42ms 
31723      DEBUG main            d.u.i.k.p.r.p.TestFile    ... success: reloaded. 
31724      INFO  main            d.u.i.k.p.r.p.TestFile    Now processing file /home/runner/work/key/key/key.core/../key.ui/examples/heap/comprehensions/sum3.key 
31725      INFO  main            d.u.i.k.p.i.AbstractProblemLoader Loading environment from /home/runner/work/key/key/key.core/../key.ui/examples/heap/comprehensions/sum3.key 
31725      DEBUG main            d.u.i.k.p.i.AbstractProblemLoader Environment load took 526.31ns 
31726      INFO  main            d.u.i.k.p.i.AbstractProblemLoader Creating init config 
34434      DEBUG main            d.u.i.k.p.i.AbstractProblemLoader Init config took 2.71s 
34479      INFO  main            d.u.i.k.p.i.AbstractProblemLoader Replaying proof Sum[Sum::sum3([I)].JML normal_behavior operation contract.0 
34486      DEBUG main            d.u.i.k.p.i.IntermediateProofReplayer Proof replay took 8.4ns 
34547      DEBUG Thread-13       d.u.i.k.l.l.OriginTermLabel commonFileName is null! 
34547      DEBUG Thread-13       d.u.i.k.l.l.OriginTermLabel commonFileName is null! 
34659      DEBUG Thread-13       d.u.i.k.l.l.OriginTermLabel commonFileName is null! 
34660      DEBUG Thread-13       d.u.i.k.l.l.OriginTermLabel commonFileName is null! 
34737      DEBUG Thread-13       d.u.i.k.l.l.OriginTermLabel commonFileName is null! 
34890      INFO  main            d.u.i.k.p.r.p.TestFile    ... finished proof: closed. 
35087      INFO  main            d.u.i.k.p.i.AbstractProblemLoader Loading environment from /home/runner/work/key/key/key.core/../key.ui/examples/heap/comprehensions/sum3.key.proof 
35089      DEBUG main            d.u.i.k.p.i.AbstractProblemLoader Environment load took 1.73ms 
35093      INFO  main            d.u.i.k.p.i.AbstractProblemLoader Creating init config 
37672      DEBUG main            d.u.i.k.p.i.AbstractProblemLoader Init config took 2.58s 
37715      INFO  main            d.u.i.k.p.i.AbstractProblemLoader Replaying proof Sum[Sum::sum3([I)].JML normal_behavior operation contract.0 
37742      DEBUG main            d.u.i.k.l.l.OriginTermLabel commonFileName is null! 
37744      DEBUG main            d.u.i.k.l.l.OriginTermLabel commonFileName is null! 
37781      DEBUG main            d.u.i.k.l.l.OriginTermLabel commonFileName is null! 
37807      DEBUG main            d.u.i.k.l.l.OriginTermLabel commonFileName is null! 
37810      DEBUG main            d.u.i.k.l.l.OriginTermLabel commonFileName is null! 
37814      DEBUG main            d.u.i.k.p.i.IntermediateProofReplayer Proof replay took 94.65ms 
37816      DEBUG main            d.u.i.k.p.r.p.TestFile    ... success: reloaded. 
37818      INFO  main            d.u.i.k.p.r.p.TestFile    Now processing file /home/runner/work/key/key/key.core/../key.ui/examples/heap/comprehensions/segsum.key 
37819      INFO  main            d.u.i.k.p.i.AbstractProblemLoader Loading environment from /home/runner/work/key/key/key.core/../key.ui/examples/heap/comprehensions/segsum.key 
37821      DEBUG main            d.u.i.k.p.i.AbstractProblemLoader Environment load took 2.49ms 
37824      INFO  main            d.u.i.k.p.i.AbstractProblemLoader Creating init config 
40444      DEBUG main            d.u.i.k.p.i.AbstractProblemLoader Init config took 2.62s 
40486      INFO  main            d.u.i.k.p.i.AbstractProblemLoader Replaying proof SegSum[SegSum::segSum([I,int,int)].JML normal_behavior operation contract.0 
40489      DEBUG main            d.u.i.k.p.i.IntermediateProofReplayer Proof replay took 7.8ns 
40910      INFO  main            d.u.i.k.p.r.p.TestFile    ... finished proof: closed. 
41069      INFO  main            d.u.i.k.p.i.AbstractProblemLoader Loading environment from /home/runner/work/key/key/key.core/../key.ui/examples/heap/comprehensions/segsum.key.proof 
41072      DEBUG main            d.u.i.k.p.i.AbstractProblemLoader Environment load took 3.14ms 
41073      INFO  main            d.u.i.k.p.i.AbstractProblemLoader Creating init config 
43647      DEBUG main            d.u.i.k.p.i.AbstractProblemLoader Init config took 2.57s 
43699      INFO  main            d.u.i.k.p.i.AbstractProblemLoader Replaying proof SegSum[SegSum::segSum([I,int,int)].JML normal_behavior operation contract.0 
43790      DEBUG main            d.u.i.k.p.i.IntermediateProofReplayer Proof replay took 83.72ms 
43793      DEBUG main            d.u.i.k.p.r.p.TestFile    ... success: reloaded. 
43794      INFO  main            d.u.i.k.p.r.p.TestFile    Now processing file /home/runner/work/key/key/key.core/../key.ui/examples/heap/comprehensions/bsum_negative.key 
43794      INFO  main            d.u.i.k.p.i.AbstractProblemLoader Loading environment from /home/runner/work/key/key/key.core/../key.ui/examples/heap/comprehensions/bsum_negative.key 
43795      DEBUG main            d.u.i.k.p.i.AbstractProblemLoader Environment load took 319.9ns 
43796      INFO  main            d.u.i.k.p.i.AbstractProblemLoader Creating init config 
46233      DEBUG main            d.u.i.k.p.i.AbstractProblemLoader Init config took 2.44s 
46251      INFO  main            d.u.i.k.p.i.AbstractProblemLoader Replaying proof bsum_negative.key 
46253      DEBUG main            d.u.i.k.p.i.IntermediateProofReplayer Proof replay took 8.2ns 
46357      INFO  main            d.u.i.k.p.r.p.TestFile    ... finished proof: closed. 
46522      INFO  main            d.u.i.k.p.i.AbstractProblemLoader Loading environment from /home/runner/work/key/key/key.core/../key.ui/examples/heap/comprehensions/bsum_negative.key.proof 
46522      DEBUG main            d.u.i.k.p.i.AbstractProblemLoader Environment load took 121.1ns 
46523      INFO  main            d.u.i.k.p.i.AbstractProblemLoader Creating init config 
48931      DEBUG main            d.u.i.k.p.i.AbstractProblemLoader Init config took 2.41s 
48947      INFO  main            d.u.i.k.p.i.AbstractProblemLoader Replaying proof bsum_negative.key.proof 
48950      DEBUG main            d.u.i.k.p.i.IntermediateProofReplayer Proof replay took 1.69ms 
48951      DEBUG main            d.u.i.k.p.r.p.TestFile    ... success: reloaded. 
48952      INFO  main            d.u.i.k.p.r.p.TestFile    Now processing file /home/runner/work/key/key/key.core/../key.ui/examples/heap/comprehensions/bsum_neg2.key 
48952      INFO  main            d.u.i.k.p.i.AbstractProblemLoader Loading environment from /home/runner/work/key/key/key.core/../key.ui/examples/heap/comprehensions/bsum_neg2.key 
48952      DEBUG main            d.u.i.k.p.i.AbstractProblemLoader Environment load took 58.7ns 
48953      INFO  main            d.u.i.k.p.i.AbstractProblemLoader Creating init config 
51377      DEBUG main            d.u.i.k.p.i.AbstractProblemLoader Init config took 2.42s 
51393      INFO  main            d.u.i.k.p.i.AbstractProblemLoader Replaying proof bsum_neg2.key 
51394      DEBUG main            d.u.i.k.p.i.IntermediateProofReplayer Proof replay took 7.5ns 
51497      INFO  main            d.u.i.k.p.r.p.TestFile    ... finished proof: closed. 
51663      INFO  main            d.u.i.k.p.i.AbstractProblemLoader Loading environment from /home/runner/work/key/key/key.core/../key.ui/examples/heap/comprehensions/bsum_neg2.key.proof 
51663      DEBUG main            d.u.i.k.p.i.AbstractProblemLoader Environment load took 119.1ns 
51664      INFO  main            d.u.i.k.p.i.AbstractProblemLoader Creating init config 
54069      DEBUG main            d.u.i.k.p.i.AbstractProblemLoader Init config took 2.41s 
54084      INFO  main            d.u.i.k.p.i.AbstractProblemLoader Replaying proof bsum_neg2.key.proof 
54087      DEBUG main            d.u.i.k.p.i.IntermediateProofReplayer Proof replay took 918.91ns 
54088      DEBUG main            d.u.i.k.p.r.p.TestFile    ... success: reloaded. 
54088      INFO  main            d.u.i.k.p.r.p.TestFile    Now processing file /home/runner/work/key/key/key.core/../key.ui/examples/heap/comprehensions/bsumSplit.key 
54089      INFO  main            d.u.i.k.p.i.AbstractProblemLoader Loading environment from /home/runner/work/key/key/key.core/../key.ui/examples/heap/comprehensions/bsumSplit.key 
54089      DEBUG main            d.u.i.k.p.i.AbstractProblemLoader Environment load took 118.9ns 
54090      INFO  main            d.u.i.k.p.i.AbstractProblemLoader Creating init config 
56517      DEBUG main            d.u.i.k.p.i.AbstractProblemLoader Init config took 2.43s 
56533      INFO  main            d.u.i.k.p.i.AbstractProblemLoader Replaying proof bsumSplit.key 
56535      DEBUG main            d.u.i.k.p.i.IntermediateProofReplayer Proof replay took 7.3ns 
56638      INFO  main            d.u.i.k.p.r.p.TestFile    ... finished proof: closed. 
56805      INFO  main            d.u.i.k.p.i.AbstractProblemLoader Loading environment from /home/runner/work/key/key/key.core/../key.ui/examples/heap/comprehensions/bsumSplit.key.proof 
56806      DEBUG main            d.u.i.k.p.i.AbstractProblemLoader Environment load took 116ns 
56807      INFO  main            d.u.i.k.p.i.AbstractProblemLoader Creating init config 
59205      DEBUG main            d.u.i.k.p.i.AbstractProblemLoader Init config took 2.4s 
59221      INFO  main            d.u.i.k.p.i.AbstractProblemLoader Replaying proof bsumSplit.key.proof 
59227      DEBUG main            d.u.i.k.p.i.IntermediateProofReplayer Proof replay took 4.57ms 
59228      DEBUG main            d.u.i.k.p.r.p.TestFile    ... success: reloaded. 
59229      INFO  main            d.u.i.k.p.r.p.TestFile    Now processing file /home/runner/work/key/key/key.core/../key.ui/examples/heap/comprehensions/bprodSplit.key 
59229      INFO  main            d.u.i.k.p.i.AbstractProblemLoader Loading environment from /home/runner/work/key/key/key.core/../key.ui/examples/heap/comprehensions/bprodSplit.key 
59229      DEBUG main            d.u.i.k.p.i.AbstractProblemLoader Environment load took 116.3ns 
59230      INFO  main            d.u.i.k.p.i.AbstractProblemLoader Creating init config 
61656      DEBUG main            d.u.i.k.p.i.AbstractProblemLoader Init config took 2.43s 
61671      INFO  main            d.u.i.k.p.i.AbstractProblemLoader Replaying proof bprodSplit.key 
61674      DEBUG main            d.u.i.k.p.i.IntermediateProofReplayer Proof replay took 8ns 
61776      INFO  main            d.u.i.k.p.r.p.TestFile    ... finished proof: closed. 
61954      INFO  main            d.u.i.k.p.i.AbstractProblemLoader Loading environment from /home/runner/work/key/key/key.core/../key.ui/examples/heap/comprehensions/bprodSplit.key.proof 
61954      DEBUG main            d.u.i.k.p.i.AbstractProblemLoader Environment load took 118.9ns 
61955      INFO  main            d.u.i.k.p.i.AbstractProblemLoader Creating init config 
64355      DEBUG main            d.u.i.k.p.i.AbstractProblemLoader Init config took 2.4s 
64376      INFO  main            d.u.i.k.p.i.AbstractProblemLoader Replaying proof bprodSplit.key.proof 
64380      DEBUG main            d.u.i.k.p.i.IntermediateProofReplayer Proof replay took 2.13ms 
64381      DEBUG main            d.u.i.k.p.r.p.TestFile    ... success: reloaded. 
64382      INFO  main            d.u.i.k.p.r.p.TestFile    Now processing file /home/runner/work/key/key/key.core/../key.ui/examples/heap/comprehensions/bsumSplitInvalid.key 
64382      INFO  main            d.u.i.k.p.i.AbstractProblemLoader Loading environment from /home/runner/work/key/key/key.core/../key.ui/examples/heap/comprehensions/bsumSplitInvalid.key 
64382      DEBUG main            d.u.i.k.p.i.AbstractProblemLoader Environment load took 117.8ns 
64383      INFO  main            d.u.i.k.p.i.AbstractProblemLoader Creating init config 
66876      DEBUG main            d.u.i.k.p.i.AbstractProblemLoader Init config took 2.49s 
66894      INFO  main            d.u.i.k.p.i.AbstractProblemLoader Replaying proof bsumSplitInvalid.key 
66895      DEBUG main            d.u.i.k.p.i.IntermediateProofReplayer Proof replay took 8.3ns 
66997      INFO  main            d.u.i.k.p.r.p.TestFile    ... finished proof: open goal(s) 
147513     INFO  Test worker     d.u.i.k.p.r.RunAllProofsTestUnit Returning from test comprehensions 
147516     INFO  Test worker     d.u.i.k.p.r.RunAllProofsTestUnit Running test performance 
413        INFO  Timeout watchdog d.u.i.k.p.r.p.ForkedTestFileRunner Timeout watcher launched (2000 secs.) 
431        WARN  main            d.u.i.k.s.ProofSettings   The settings in /home/runner/.key/proof-settings.props are *not* read. 
475        INFO  main            d.u.i.k.p.r.p.TestFile    Now processing file /home/runner/work/key/key/key.core/../key.ui/examples/performance-test/Disjoint(Disjoint__disjoint_08()).JML_operation_contract.0.key 
604        INFO  main            d.u.i.k.p.i.AbstractProblemLoader Loading environment from /home/runner/work/key/key/key.core/../key.ui/examples/performance-test/Disjoint(Disjoint__disjoint_08()).JML_operation_contract.0.key 
620        DEBUG main            d.u.i.k.p.i.AbstractProblemLoader Environment load took 2.5ms 
843        INFO  main            d.u.i.k.p.i.AbstractProblemLoader Creating init config 
1796       DEBUG main            d.u.i.k.j.TypeConverter   No LDT found for Meta 
1797       DEBUG main            d.u.i.k.j.TypeConverter   No LDT found for Meta 
1800       DEBUG main            d.u.i.k.j.TypeConverter   No LDT found for Meta 
1801       DEBUG main            d.u.i.k.j.TypeConverter   No LDT found for Meta 
3327       DEBUG main            d.u.i.k.j.TypeConverter   No LDT found for JavaBigintExpression 
9476       DEBUG main            d.u.i.k.j.r.ClassPreparationMethodBuilder clPrepBuilder: Inner Class detected. Reject building class initialisation methods. 
17839      DEBUG main            d.u.i.k.p.i.AbstractProblemLoader Init config took 17s 
18097      INFO  main            d.u.i.k.p.i.AbstractProblemLoader Replaying proof Disjoint[Disjoint::disjoint_8()].JML operation contract.0 
18176      DEBUG main            d.u.i.k.p.i.IntermediateProofReplayer Proof replay took 370.2ns 
20951      INFO  main            d.u.i.k.p.r.p.TestFile    ... finished proof: closed. 
21133      INFO  main            d.u.i.k.p.i.AbstractProblemLoader Loading environment from /home/runner/work/key/key/key.core/../key.ui/examples/performance-test/Disjoint(Disjoint__disjoint_08()).JML_operation_contract.0.key.proof 
21134      DEBUG main            d.u.i.k.p.i.AbstractProblemLoader Environment load took 216.4ns 
21140      INFO  main            d.u.i.k.p.i.AbstractProblemLoader Creating init config 
24433      DEBUG main            d.u.i.k.j.r.ClassPreparationMethodBuilder clPrepBuilder: Inner Class detected. Reject building class initialisation methods. 
31909      DEBUG main            d.u.i.k.p.i.AbstractProblemLoader Init config took 10.77s 
32077      INFO  main            d.u.i.k.p.i.AbstractProblemLoader Replaying proof Disjoint[Disjoint::disjoint_8()].JML operation contract.0 
32502      DEBUG main            d.u.i.k.p.i.IntermediateProofReplayer Proof replay took 403.66ms 
32515      DEBUG main            d.u.i.k.p.r.p.TestFile    ... success: reloaded. 
32518      INFO  main            d.u.i.k.p.r.p.TestFile    Now processing file /home/runner/work/key/key/key.core/../key.ui/examples/performance-test/Disjoint(Disjoint__disjoint2_08()).JML_operation_contract.0.key 
32520      INFO  main            d.u.i.k.p.i.AbstractProblemLoader Loading environment from /home/runner/work/key/key/key.core/../key.ui/examples/performance-test/Disjoint(Disjoint__disjoint2_08()).JML_operation_contract.0.key 
32521      DEBUG main            d.u.i.k.p.i.AbstractProblemLoader Environment load took 407.9ns 
32523      INFO  main            d.u.i.k.p.i.AbstractProblemLoader Creating init config 
35770      DEBUG main            d.u.i.k.j.r.ClassPreparationMethodBuilder clPrepBuilder: Inner Class detected. Reject building class initialisation methods. 
43180      DEBUG main            d.u.i.k.p.i.AbstractProblemLoader Init config took 10.66s 
43290      INFO  main            d.u.i.k.p.i.AbstractProblemLoader Replaying proof Disjoint[Disjoint::disjoint2_8()].JML operation contract.0 
43293      DEBUG main            d.u.i.k.p.i.IntermediateProofReplayer Proof replay took 11.7ns 
44297      INFO  main            d.u.i.k.p.r.p.TestFile    ... finished proof: closed. 
44581      INFO  main            d.u.i.k.p.i.AbstractProblemLoader Loading environment from /home/runner/work/key/key/key.core/../key.ui/examples/performance-test/Disjoint(Disjoint__disjoint2_08()).JML_operation_contract.0.key.proof 
44582      DEBUG main            d.u.i.k.p.i.AbstractProblemLoader Environment load took 832.91ns 
44585      INFO  main            d.u.i.k.p.i.AbstractProblemLoader Creating init config 
47685      DEBUG main            d.u.i.k.j.r.ClassPreparationMethodBuilder clPrepBuilder: Inner Class detected. Reject building class initialisation methods. 
55017      DEBUG main            d.u.i.k.p.i.AbstractProblemLoader Init config took 10.43s 
55114      INFO  main            d.u.i.k.p.i.AbstractProblemLoader Replaying proof Disjoint[Disjoint::disjoint2_8()].JML operation contract.0 
55211      DEBUG main            d.u.i.k.p.i.IntermediateProofReplayer Proof replay took 93.32ms 
55212      DEBUG main            d.u.i.k.p.r.p.TestFile    ... success: reloaded. 
55214      INFO  main            d.u.i.k.p.r.p.TestFile    Now processing file /home/runner/work/key/key/key.core/../key.ui/examples/performance-test/AccessChain1(AccessChain1__foo_08()).JML_operation_contract.0.key 
55214      INFO  main            d.u.i.k.p.i.AbstractProblemLoader Loading environment from /home/runner/work/key/key/key.core/../key.ui/examples/performance-test/AccessChain1(AccessChain1__foo_08()).JML_operation_contract.0.key 
55214      DEBUG main            d.u.i.k.p.i.AbstractProblemLoader Environment load took 63.2ns 
55215      INFO  main            d.u.i.k.p.i.AbstractProblemLoader Creating init config 
58259      DEBUG main            d.u.i.k.j.r.ClassPreparationMethodBuilder clPrepBuilder: Inner Class detected. Reject building class initialisation methods. 
65391      DEBUG main            d.u.i.k.p.i.AbstractProblemLoader Init config took 10.18s 
65481      INFO  main            d.u.i.k.p.i.AbstractProblemLoader Replaying proof AccessChain1[AccessChain1::foo_8()].JML operation contract.0 
65484      DEBUG main            d.u.i.k.p.i.IntermediateProofReplayer Proof replay took 11.5ns 
68304      INFO  main            d.u.i.k.p.r.p.TestFile    ... finished proof: closed. 
68642      INFO  main            d.u.i.k.p.i.AbstractProblemLoader Loading environment from /home/runner/work/key/key/key.core/../key.ui/examples/performance-test/AccessChain1(AccessChain1__foo_08()).JML_operation_contract.0.key.proof 
68645      DEBUG main            d.u.i.k.p.i.AbstractProblemLoader Environment load took 2.38ms 
68647      INFO  main            d.u.i.k.p.i.AbstractProblemLoader Creating init config 
71628      DEBUG main            d.u.i.k.j.r.ClassPreparationMethodBuilder clPrepBuilder: Inner Class detected. Reject building class initialisation methods. 
78696      DEBUG main            d.u.i.k.p.i.AbstractProblemLoader Init config took 10.05s 
78797      INFO  main            d.u.i.k.p.i.AbstractProblemLoader Replaying proof AccessChain1[AccessChain1::foo_8()].JML operation contract.0 
79344      DEBUG main            d.u.i.k.p.i.IntermediateProofReplayer Proof replay took 532.85ms 
79346      DEBUG main            d.u.i.k.p.r.p.TestFile    ... success: reloaded. 
79348      INFO  main            d.u.i.k.p.r.p.TestFile    Now processing file /home/runner/work/key/key/key.core/../key.ui/examples/performance-test/AccessChain4(AccessChain4__foo_08()).JML_operation_contract.0.key 
79349      INFO  main            d.u.i.k.p.i.AbstractProblemLoader Loading environment from /home/runner/work/key/key/key.core/../key.ui/examples/performance-test/AccessChain4(AccessChain4__foo_08()).JML_operation_contract.0.key 
79349      DEBUG main            d.u.i.k.p.i.AbstractProblemLoader Environment load took 309.3ns 
79350      INFO  main            d.u.i.k.p.i.AbstractProblemLoader Creating init config 
82471      DEBUG main            d.u.i.k.j.r.ClassPreparationMethodBuilder clPrepBuilder: Inner Class detected. Reject building class initialisation methods. 
89606      DEBUG main            d.u.i.k.p.i.AbstractProblemLoader Init config took 10.26s 
89710      INFO  main            d.u.i.k.p.i.AbstractProblemLoader Replaying proof AccessChain4[AccessChain4::foo_8()].JML operation contract.0 
89712      DEBUG main            d.u.i.k.p.i.IntermediateProofReplayer Proof replay took 11.7ns 
96553      INFO  main            d.u.i.k.p.r.p.TestFile    ... finished proof: closed. 
96924      INFO  main            d.u.i.k.p.i.AbstractProblemLoader Loading environment from /home/runner/work/key/key/key.core/../key.ui/examples/performance-test/AccessChain4(AccessChain4__foo_08()).JML_operation_contract.0.key.proof 
96937      DEBUG main            d.u.i.k.p.i.AbstractProblemLoader Environment load took 12.89ms 
96942      INFO  main            d.u.i.k.p.i.AbstractProblemLoader Creating init config 
99916      DEBUG main            d.u.i.k.j.r.ClassPreparationMethodBuilder clPrepBuilder: Inner Class detected. Reject building class initialisation methods. 
107027     DEBUG main            d.u.i.k.p.i.AbstractProblemLoader Init config took 10.08s 
107117     INFO  main            d.u.i.k.p.i.AbstractProblemLoader Replaying proof AccessChain4[AccessChain4::foo_8()].JML operation contract.0 
108182     DEBUG main            d.u.i.k.p.i.IntermediateProofReplayer Proof replay took 1.04s 
108185     DEBUG main            d.u.i.k.p.r.p.TestFile    ... success: reloaded. 
108187     INFO  main            d.u.i.k.p.r.p.TestFile    Now processing file /home/runner/work/key/key/key.core/../key.ui/examples/performance-test/Disjoint(Disjoint__xZero_08()).JML_operation_contract.0.key 
108187     INFO  main            d.u.i.k.p.i.AbstractProblemLoader Loading environment from /home/runner/work/key/key/key.core/../key.ui/examples/performance-test/Disjoint(Disjoint__xZero_08()).JML_operation_contract.0.key 
108188     DEBUG main            d.u.i.k.p.i.AbstractProblemLoader Environment load took 352.6ns 
108189     INFO  main            d.u.i.k.p.i.AbstractProblemLoader Creating init config 
111276     DEBUG main            d.u.i.k.j.r.ClassPreparationMethodBuilder clPrepBuilder: Inner Class detected. Reject building class initialisation methods. 
118413     DEBUG main            d.u.i.k.p.i.AbstractProblemLoader Init config took 10.22s 
118501     INFO  main            d.u.i.k.p.i.AbstractProblemLoader Replaying proof Disjoint[Disjoint::xZero_8()].JML operation contract.0 
118503     DEBUG main            d.u.i.k.p.i.IntermediateProofReplayer Proof replay took 11.5ns 
119511     INFO  main            d.u.i.k.p.r.p.TestFile    ... finished proof: closed. 
119873     INFO  main            d.u.i.k.p.i.AbstractProblemLoader Loading environment from /home/runner/work/key/key/key.core/../key.ui/examples/performance-test/Disjoint(Disjoint__xZero_08()).JML_operation_contract.0.key.proof 
119873     DEBUG main            d.u.i.k.p.i.AbstractProblemLoader Environment load took 140.2ns 
119874     INFO  main            d.u.i.k.p.i.AbstractProblemLoader Creating init config 
122803     DEBUG main            d.u.i.k.j.r.ClassPreparationMethodBuilder clPrepBuilder: Inner Class detected. Reject building class initialisation methods. 
129854     DEBUG main            d.u.i.k.p.i.AbstractProblemLoader Init config took 9.98s 
129941     INFO  main            d.u.i.k.p.i.AbstractProblemLoader Replaying proof Disjoint[Disjoint::xZero_8()].JML operation contract.0 
130173     DEBUG main            d.u.i.k.p.i.IntermediateProofReplayer Proof replay took 225.55ms 
130175     DEBUG main            d.u.i.k.p.r.p.TestFile    ... success: reloaded. 
130177     INFO  main            d.u.i.k.p.r.p.TestFile    Now processing file /home/runner/work/key/key/key.core/../key.ui/examples/performance-test/Dynamic(Dynamic__foo_08()).JML_operation_contract.0.key 
130177     INFO  main            d.u.i.k.p.i.AbstractProblemLoader Loading environment from /home/runner/work/key/key/key.core/../key.ui/examples/performance-test/Dynamic(Dynamic__foo_08()).JML_operation_contract.0.key 
130177     DEBUG main            d.u.i.k.p.i.AbstractProblemLoader Environment load took 287.8ns 
130179     INFO  main            d.u.i.k.p.i.AbstractProblemLoader Creating init config 
133205     DEBUG main            d.u.i.k.j.r.ClassPreparationMethodBuilder clPrepBuilder: Inner Class detected. Reject building class initialisation methods. 
140292     DEBUG main            d.u.i.k.p.i.AbstractProblemLoader Init config took 10.11s 
140377     INFO  main            d.u.i.k.p.i.AbstractProblemLoader Replaying proof Dynamic[Dynamic::foo_8()].JML operation contract.0 
140379     DEBUG main            d.u.i.k.p.i.IntermediateProofReplayer Proof replay took 11.5ns 
146318     INFO  main            d.u.i.k.p.r.p.TestFile    ... finished proof: closed. 
146700     INFO  main            d.u.i.k.p.i.AbstractProblemLoader Loading environment from /home/runner/work/key/key/key.core/../key.ui/examples/performance-test/Dynamic(Dynamic__foo_08()).JML_operation_contract.0.key.proof 
146700     DEBUG main            d.u.i.k.p.i.AbstractProblemLoader Environment load took 232ns 
146702     INFO  main            d.u.i.k.p.i.AbstractProblemLoader Creating init config 
149636     DEBUG main            d.u.i.k.j.r.ClassPreparationMethodBuilder clPrepBuilder: Inner Class detected. Reject building class initialisation methods. 
156759     DEBUG main            d.u.i.k.p.i.AbstractProblemLoader Init config took 10.06s 
156844     INFO  main            d.u.i.k.p.i.AbstractProblemLoader Replaying proof Dynamic[Dynamic::foo_8()].JML operation contract.0 
157490     DEBUG main            d.u.i.k.p.i.IntermediateProofReplayer Proof replay took 626.98ms 
157493     DEBUG main            d.u.i.k.p.r.p.TestFile    ... success: reloaded. 
157495     INFO  main            d.u.i.k.p.r.p.TestFile    Now processing file /home/runner/work/key/key/key.core/../key.ui/examples/performance-test/DynamicGhost(DynamicGhost__dynamicGhost_08()).JML_normal_behavior_operation_contract.0.key 
157495     INFO  main            d.u.i.k.p.i.AbstractProblemLoader Loading environment from /home/runner/work/key/key/key.core/../key.ui/examples/performance-test/DynamicGhost(DynamicGhost__dynamicGhost_08()).JML_normal_behavior_operation_contract.0.key 
157496     DEBUG main            d.u.i.k.p.i.AbstractProblemLoader Environment load took 314.5ns 
157497     INFO  main            d.u.i.k.p.i.AbstractProblemLoader Creating init config 
160566     DEBUG main            d.u.i.k.j.r.ClassPreparationMethodBuilder clPrepBuilder: Inner Class detected. Reject building class initialisation methods. 
167695     DEBUG main            d.u.i.k.p.i.AbstractProblemLoader Init config took 10.2s 
167783     INFO  main            d.u.i.k.p.i.AbstractProblemLoader Replaying proof DynamicGhost[DynamicGhost::dynamicGhost_8()].JML normal_behavior operation contract.0 
167786     DEBUG main            d.u.i.k.p.i.IntermediateProofReplayer Proof replay took 11.3ns 
172445     INFO  main            d.u.i.k.p.r.p.TestFile    ... finished proof: closed. 
172911     INFO  main            d.u.i.k.p.i.AbstractProblemLoader Loading environment from /home/runner/work/key/key/key.core/../key.ui/examples/performance-test/DynamicGhost(DynamicGhost__dynamicGhost_08()).JML_normal_behavior_operation_contract.0.key.proof 
172912     DEBUG main            d.u.i.k.p.i.AbstractProblemLoader Environment load took 635.91ns 
172914     INFO  main            d.u.i.k.p.i.AbstractProblemLoader Creating init config 
175845     DEBUG main            d.u.i.k.j.r.ClassPreparationMethodBuilder clPrepBuilder: Inner Class detected. Reject building class initialisation methods. 
182950     DEBUG main            d.u.i.k.p.i.AbstractProblemLoader Init config took 10.04s 
183046     INFO  main            d.u.i.k.p.i.AbstractProblemLoader Replaying proof DynamicGhost[DynamicGhost::dynamicGhost_8()].JML normal_behavior operation contract.0 
183670     DEBUG main            d.u.i.k.p.i.IntermediateProofReplayer Proof replay took 604.76ms 
183673     DEBUG main            d.u.i.k.p.r.p.TestFile    ... success: reloaded. 
183675     INFO  main            d.u.i.k.p.r.p.TestFile    Now processing file /home/runner/work/key/key/key.core/../key.ui/examples/performance-test/GhostFrame(GhostFrame__foo_08()).JML_operation_contract.0.key 
183675     INFO  main            d.u.i.k.p.i.AbstractProblemLoader Loading environment from /home/runner/work/key/key/key.core/../key.ui/examples/performance-test/GhostFrame(GhostFrame__foo_08()).JML_operation_contract.0.key 
183675     DEBUG main            d.u.i.k.p.i.AbstractProblemLoader Environment load took 143.5ns 
183676     INFO  main            d.u.i.k.p.i.AbstractProblemLoader Creating init config 
186717     DEBUG main            d.u.i.k.j.r.ClassPreparationMethodBuilder clPrepBuilder: Inner Class detected. Reject building class initialisation methods. 
193868     DEBUG main            d.u.i.k.p.i.AbstractProblemLoader Init config took 10.19s 
193951     INFO  main            d.u.i.k.p.i.AbstractProblemLoader Replaying proof GhostFrame[GhostFrame::foo_8()].JML operation contract.0 
193952     DEBUG main            d.u.i.k.p.i.IntermediateProofReplayer Proof replay took 14ns 
196106     INFO  main            d.u.i.k.p.r.p.TestFile    ... finished proof: closed. 
196543     INFO  main            d.u.i.k.p.i.AbstractProblemLoader Loading environment from /home/runner/work/key/key/key.core/../key.ui/examples/performance-test/GhostFrame(GhostFrame__foo_08()).JML_operation_contract.0.key.proof 
196544     DEBUG main            d.u.i.k.p.i.AbstractProblemLoader Environment load took 608.91ns 
196545     INFO  main            d.u.i.k.p.i.AbstractProblemLoader Creating init config 
199450     DEBUG main            d.u.i.k.j.r.ClassPreparationMethodBuilder clPrepBuilder: Inner Class detected. Reject building class initialisation methods. 
206546     DEBUG main            d.u.i.k.p.i.AbstractProblemLoader Init config took 10s 
206630     INFO  main            d.u.i.k.p.i.AbstractProblemLoader Replaying proof GhostFrame[GhostFrame::foo_8()].JML operation contract.0 
206998     DEBUG main            d.u.i.k.p.i.IntermediateProofReplayer Proof replay took 358.45ms 
207000     DEBUG main            d.u.i.k.p.r.p.TestFile    ... success: reloaded. 
207001     INFO  main            d.u.i.k.p.r.p.TestFile    Now processing file /home/runner/work/key/key/key.core/../key.ui/examples/performance-test/Modelfield(Modelfield__foo_08()).JML_operation_contract.0.key 
207002     INFO  main            d.u.i.k.p.i.AbstractProblemLoader Loading environment from /home/runner/work/key/key/key.core/../key.ui/examples/performance-test/Modelfield(Modelfield__foo_08()).JML_operation_contract.0.key 
207002     DEBUG main            d.u.i.k.p.i.AbstractProblemLoader Environment load took 132.3ns 
207003     INFO  main            d.u.i.k.p.i.AbstractProblemLoader Creating init config 
210065     DEBUG main            d.u.i.k.j.r.ClassPreparationMethodBuilder clPrepBuilder: Inner Class detected. Reject building class initialisation methods. 
217214     DEBUG main            d.u.i.k.p.i.AbstractProblemLoader Init config took 10.21s 
217320     INFO  main            d.u.i.k.p.i.AbstractProblemLoader Replaying proof Modelfield[Modelfield::foo_8()].JML operation contract.0 
217322     DEBUG main            d.u.i.k.p.i.IntermediateProofReplayer Proof replay took 6.7ns 
220659     INFO  main            d.u.i.k.p.r.p.TestFile    ... finished proof: closed. 
221110     INFO  main            d.u.i.k.p.i.AbstractProblemLoader Loading environment from /home/runner/work/key/key/key.core/../key.ui/examples/performance-test/Modelfield(Modelfield__foo_08()).JML_operation_contract.0.key.proof 
221110     DEBUG main            d.u.i.k.p.i.AbstractProblemLoader Environment load took 152.4ns 
221112     INFO  main            d.u.i.k.p.i.AbstractProblemLoader Creating init config 
224031     DEBUG main            d.u.i.k.j.r.ClassPreparationMethodBuilder clPrepBuilder: Inner Class detected. Reject building class initialisation methods. 
231101     DEBUG main            d.u.i.k.p.i.AbstractProblemLoader Init config took 9.99s 
231209     INFO  main            d.u.i.k.p.i.AbstractProblemLoader Replaying proof Modelfield[Modelfield::foo_8()].JML operation contract.0 
231645     DEBUG main            d.u.i.k.p.i.IntermediateProofReplayer Proof replay took 423.9ms 
231647     DEBUG main            d.u.i.k.p.r.p.TestFile    ... success: reloaded. 
379329     INFO  Test worker     d.u.i.k.p.r.RunAllProofsTestUnit Returning from test performance 
379331     INFO  Test worker     d.u.i.k.p.r.RunAllProofsTestUnit Running test performancePOConstruction 
339        INFO  Timeout watchdog d.u.i.k.p.r.p.ForkedTestFileRunner Timeout watcher launched (2000 secs.) 
367        WARN  main            d.u.i.k.s.ProofSettings   The settings in /home/runner/.key/proof-settings.props are *not* read. 
414        INFO  main            d.u.i.k.p.r.p.TestFile    Now processing file /home/runner/work/key/key/key.core/../key.ui/examples/performance-test/Test(Test__a0(int)).JML_normal_behavior_operation_contract.0.key 
544        INFO  main            d.u.i.k.p.i.AbstractProblemLoader Loading environment from /home/runner/work/key/key/key.core/../key.ui/examples/performance-test/Test(Test__a0(int)).JML_normal_behavior_operation_contract.0.key 
561        DEBUG main            d.u.i.k.p.i.AbstractProblemLoader Environment load took 2.38ms 
780        INFO  main            d.u.i.k.p.i.AbstractProblemLoader Creating init config 
1811       DEBUG main            d.u.i.k.j.TypeConverter   No LDT found for Meta 
1815       DEBUG main            d.u.i.k.j.TypeConverter   No LDT found for Meta 
1819       DEBUG main            d.u.i.k.j.TypeConverter   No LDT found for Meta 
1821       DEBUG main            d.u.i.k.j.TypeConverter   No LDT found for Meta 
3483       DEBUG main            d.u.i.k.j.TypeConverter   No LDT found for JavaBigintExpression 
8839       DEBUG main            d.u.i.k.j.r.ClassPreparationMethodBuilder clPrepBuilder: Inner Class detected. Reject building class initialisation methods. 
16820      DEBUG main            d.u.i.k.p.i.AbstractProblemLoader Init config took 16.04s 
17895      INFO  main            d.u.i.k.p.i.AbstractProblemLoader Replaying proof Test[Test::a0(int)].JML normal_behavior operation contract.0 
17954      DEBUG main            d.u.i.k.p.i.IntermediateProofReplayer Proof replay took 36ns 
18397      INFO  main            d.u.i.k.p.r.p.TestFile    ... finished proof: closed. 
18554      INFO  main            d.u.i.k.p.i.AbstractProblemLoader Loading environment from /home/runner/work/key/key/key.core/../key.ui/examples/performance-test/Test(Test__a0(int)).JML_normal_behavior_operation_contract.0.key.proof 
18563      DEBUG main            d.u.i.k.p.i.AbstractProblemLoader Environment load took 8.78ms 
18565      INFO  main            d.u.i.k.p.i.AbstractProblemLoader Creating init config 
21729      DEBUG main            d.u.i.k.j.r.ClassPreparationMethodBuilder clPrepBuilder: Inner Class detected. Reject building class initialisation methods. 
28980      DEBUG main            d.u.i.k.p.i.AbstractProblemLoader Init config took 10.41s 
29902      INFO  main            d.u.i.k.p.i.AbstractProblemLoader Replaying proof Test[Test::a0(int)].JML normal_behavior operation contract.0 
29927      DEBUG main            d.u.i.k.p.i.IntermediateProofReplayer Proof replay took 20.3ms 
29934      DEBUG main            d.u.i.k.p.r.p.TestFile    ... success: reloaded. 
29936      INFO  main            d.u.i.k.p.r.p.TestFile    Now processing file /home/runner/work/key/key/key.core/../key.ui/examples/performance-test/Test(Test__a1(int)).JML_normal_behavior_operation_contract.0.key 
29937      INFO  main            d.u.i.k.p.i.AbstractProblemLoader Loading environment from /home/runner/work/key/key/key.core/../key.ui/examples/performance-test/Test(Test__a1(int)).JML_normal_behavior_operation_contract.0.key 
29937      DEBUG main            d.u.i.k.p.i.AbstractProblemLoader Environment load took 275.5ns 
29938      INFO  main            d.u.i.k.p.i.AbstractProblemLoader Creating init config 
32902      DEBUG main            d.u.i.k.j.r.ClassPreparationMethodBuilder clPrepBuilder: Inner Class detected. Reject building class initialisation methods. 
39901      DEBUG main            d.u.i.k.p.i.AbstractProblemLoader Init config took 9.96s 
40764      INFO  main            d.u.i.k.p.i.AbstractProblemLoader Replaying proof Test[Test::a1(int)].JML normal_behavior operation contract.0 
40769      DEBUG main            d.u.i.k.p.i.IntermediateProofReplayer Proof replay took 8ns 
41276      INFO  main            d.u.i.k.p.r.p.TestFile    ... finished proof: closed. 
41530      INFO  main            d.u.i.k.p.i.AbstractProblemLoader Loading environment from /home/runner/work/key/key/key.core/../key.ui/examples/performance-test/Test(Test__a1(int)).JML_normal_behavior_operation_contract.0.key.proof 
41535      DEBUG main            d.u.i.k.p.i.AbstractProblemLoader Environment load took 4.23ms 
41540      INFO  main            d.u.i.k.p.i.AbstractProblemLoader Creating init config 
44527      DEBUG main            d.u.i.k.j.r.ClassPreparationMethodBuilder clPrepBuilder: Inner Class detected. Reject building class initialisation methods. 
51462      DEBUG main            d.u.i.k.p.i.AbstractProblemLoader Init config took 9.92s 
52340      INFO  main            d.u.i.k.p.i.AbstractProblemLoader Replaying proof Test[Test::a1(int)].JML normal_behavior operation contract.0 
52409      DEBUG main            d.u.i.k.p.i.IntermediateProofReplayer Proof replay took 65.51ms 
52411      DEBUG main            d.u.i.k.p.r.p.TestFile    ... success: reloaded. 
52412      INFO  main            d.u.i.k.p.r.p.TestFile    Now processing file /home/runner/work/key/key/key.core/../key.ui/examples/performance-test/Test(Test__f1(int)).JML_normal_behavior_operation_contract.0.key 
52412      INFO  main            d.u.i.k.p.i.AbstractProblemLoader Loading environment from /home/runner/work/key/key/key.core/../key.ui/examples/performance-test/Test(Test__f1(int)).JML_normal_behavior_operation_contract.0.key 
52413      DEBUG main            d.u.i.k.p.i.AbstractProblemLoader Environment load took 238.8ns 
52414      INFO  main            d.u.i.k.p.i.AbstractProblemLoader Creating init config 
55303      DEBUG main            d.u.i.k.j.r.ClassPreparationMethodBuilder clPrepBuilder: Inner Class detected. Reject building class initialisation methods. 
62173      DEBUG main            d.u.i.k.p.i.AbstractProblemLoader Init config took 9.76s 
63042      INFO  main            d.u.i.k.p.i.AbstractProblemLoader Replaying proof Test[Test::f1(int)].JML normal_behavior operation contract.0 
63044      DEBUG main            d.u.i.k.p.i.IntermediateProofReplayer Proof replay took 6.9ns 
63250      INFO  main            d.u.i.k.p.r.p.TestFile    ... finished proof: closed. 
63551      INFO  main            d.u.i.k.p.i.AbstractProblemLoader Loading environment from /home/runner/work/key/key/key.core/../key.ui/examples/performance-test/Test(Test__f1(int)).JML_normal_behavior_operation_contract.0.key.proof 
63554      DEBUG main            d.u.i.k.p.i.AbstractProblemLoader Environment load took 3ms 
63556      INFO  main            d.u.i.k.p.i.AbstractProblemLoader Creating init config 
66399      DEBUG main            d.u.i.k.j.r.ClassPreparationMethodBuilder clPrepBuilder: Inner Class detected. Reject building class initialisation methods. 
73218      DEBUG main            d.u.i.k.p.i.AbstractProblemLoader Init config took 9.66s 
74053      INFO  main            d.u.i.k.p.i.AbstractProblemLoader Replaying proof Test[Test::f1(int)].JML normal_behavior operation contract.0 
74111      DEBUG main            d.u.i.k.p.i.IntermediateProofReplayer Proof replay took 53.87ms 
74112      DEBUG main            d.u.i.k.p.r.p.TestFile    ... success: reloaded. 
453619     INFO  Test worker     d.u.i.k.p.r.RunAllProofsTestUnit Returning from test performancePOConstruction 
453620     INFO  Test worker     d.u.i.k.p.r.RunAllProofsTestUnit Running test applicationRestrictions 
378        INFO  Timeout watchdog d.u.i.k.p.r.p.ForkedTestFileRunner Timeout watcher launched (2000 secs.) 
384        WARN  main            d.u.i.k.s.ProofSettings   The settings in /home/runner/.key/proof-settings.props are *not* read. 
430        INFO  main            d.u.i.k.p.r.p.TestFile    Now processing file /home/runner/work/key/key/key.core/../key.ui/examples/heap/polarity_tests/wellformed1.key 
578        INFO  main            d.u.i.k.p.i.AbstractProblemLoader Loading environment from /home/runner/work/key/key/key.core/../key.ui/examples/heap/polarity_tests/wellformed1.key 
602        DEBUG main            d.u.i.k.p.i.AbstractProblemLoader Environment load took 2.29ms 
834        INFO  main            d.u.i.k.p.i.AbstractProblemLoader Creating init config 
1817       DEBUG main            d.u.i.k.j.TypeConverter   No LDT found for Meta 
1818       DEBUG main            d.u.i.k.j.TypeConverter   No LDT found for Meta 
1819       DEBUG main            d.u.i.k.j.TypeConverter   No LDT found for Meta 
1819       DEBUG main            d.u.i.k.j.TypeConverter   No LDT found for Meta 
3028       DEBUG main            d.u.i.k.j.TypeConverter   No LDT found for JavaBigintExpression 
8402       DEBUG main            d.u.i.k.p.i.AbstractProblemLoader Init config took 7.57s 
8459       INFO  main            d.u.i.k.p.i.AbstractProblemLoader Replaying proof wellformed1.key 
8491       DEBUG main            d.u.i.k.p.i.IntermediateProofReplayer Proof replay took 36ns 
8657       INFO  main            d.u.i.k.p.r.p.TestFile    ... finished proof: closed. 
8763       INFO  main            d.u.i.k.p.i.AbstractProblemLoader Loading environment from /home/runner/work/key/key/key.core/../key.ui/examples/heap/polarity_tests/wellformed1.key.proof 
8763       DEBUG main            d.u.i.k.p.i.AbstractProblemLoader Environment load took 138.4ns 
8768       INFO  main            d.u.i.k.p.i.AbstractProblemLoader Creating init config 
11579      DEBUG main            d.u.i.k.p.i.AbstractProblemLoader Init config took 2.81s 
11612      INFO  main            d.u.i.k.p.i.AbstractProblemLoader Replaying proof wellformed1.key.proof 
11619      DEBUG main            d.u.i.k.p.i.IntermediateProofReplayer Proof replay took 2.31ms 
11629      DEBUG main            d.u.i.k.p.r.p.TestFile    ... success: reloaded. 
11630      INFO  main            d.u.i.k.p.r.p.TestFile    Now processing file /home/runner/work/key/key/key.core/../key.ui/examples/heap/polarity_tests/wellformed2.key 
11631      INFO  main            d.u.i.k.p.i.AbstractProblemLoader Loading environment from /home/runner/work/key/key/key.core/../key.ui/examples/heap/polarity_tests/wellformed2.key 
11631      DEBUG main            d.u.i.k.p.i.AbstractProblemLoader Environment load took 262.5ns 
11633      INFO  main            d.u.i.k.p.i.AbstractProblemLoader Creating init config 
14359      DEBUG main            d.u.i.k.p.i.AbstractProblemLoader Init config took 2.73s 
14389      INFO  main            d.u.i.k.p.i.AbstractProblemLoader Replaying proof wellformed2.key 
14392      DEBUG main            d.u.i.k.p.i.IntermediateProofReplayer Proof replay took 7ns 
14495      INFO  main            d.u.i.k.p.r.p.TestFile    ... finished proof: open goal(s) 
14614      INFO  main            d.u.i.k.p.r.p.TestFile    Now processing file /home/runner/work/key/key/key.core/../key.ui/examples/heap/polarity_tests/wellformed3.key 
14614      INFO  main            d.u.i.k.p.i.AbstractProblemLoader Loading environment from /home/runner/work/key/key/key.core/../key.ui/examples/heap/polarity_tests/wellformed3.key 
14615      DEBUG main            d.u.i.k.p.i.AbstractProblemLoader Environment load took 76.4ns 
14616      INFO  main            d.u.i.k.p.i.AbstractProblemLoader Creating init config 
17265      DEBUG main            d.u.i.k.p.i.AbstractProblemLoader Init config took 2.65s 
17289      INFO  main            d.u.i.k.p.i.AbstractProblemLoader Replaying proof wellformed3.key 
17291      DEBUG main            d.u.i.k.p.i.IntermediateProofReplayer Proof replay took 6.6ns 
17394      INFO  main            d.u.i.k.p.r.p.TestFile    ... finished proof: closed. 
17527      INFO  main            d.u.i.k.p.i.AbstractProblemLoader Loading environment from /home/runner/work/key/key/key.core/../key.ui/examples/heap/polarity_tests/wellformed3.key.proof 
17527      DEBUG main            d.u.i.k.p.i.AbstractProblemLoader Environment load took 133.4ns 
17528      INFO  main            d.u.i.k.p.i.AbstractProblemLoader Creating init config 
20191      DEBUG main            d.u.i.k.p.i.AbstractProblemLoader Init config took 2.66s 
20214      INFO  main            d.u.i.k.p.i.AbstractProblemLoader Replaying proof wellformed3.key.proof 
20218      DEBUG main            d.u.i.k.p.i.IntermediateProofReplayer Proof replay took 2.22ms 
20219      DEBUG main            d.u.i.k.p.r.p.TestFile    ... success: reloaded. 
20220      INFO  main            d.u.i.k.p.r.p.TestFile    Now processing file /home/runner/work/key/key/key.core/../key.ui/examples/heap/polarity_tests/wellformed4.key 
20220      INFO  main            d.u.i.k.p.i.AbstractProblemLoader Loading environment from /home/runner/work/key/key/key.core/../key.ui/examples/heap/polarity_tests/wellformed4.key 
20220      DEBUG main            d.u.i.k.p.i.AbstractProblemLoader Environment load took 104.5ns 
20222      INFO  main            d.u.i.k.p.i.AbstractProblemLoader Creating init config 
22845      DEBUG main            d.u.i.k.p.i.AbstractProblemLoader Init config took 2.62s 
22866      INFO  main            d.u.i.k.p.i.AbstractProblemLoader Replaying proof wellformed4.key 
22868      DEBUG main            d.u.i.k.p.i.IntermediateProofReplayer Proof replay took 6.4ns 
22972      INFO  main            d.u.i.k.p.r.p.TestFile    ... finished proof: open goal(s) 
23111      INFO  main            d.u.i.k.p.r.p.TestFile    Now processing file /home/runner/work/key/key/key.core/../key.ui/examples/heap/polarity_tests/wellformed5.key 
23111      INFO  main            d.u.i.k.p.i.AbstractProblemLoader Loading environment from /home/runner/work/key/key/key.core/../key.ui/examples/heap/polarity_tests/wellformed5.key 
23112      DEBUG main            d.u.i.k.p.i.AbstractProblemLoader Environment load took 69.8ns 
23113      INFO  main            d.u.i.k.p.i.AbstractProblemLoader Creating init config 
25690      DEBUG main            d.u.i.k.p.i.AbstractProblemLoader Init config took 2.58s 
25710      INFO  main            d.u.i.k.p.i.AbstractProblemLoader Replaying proof wellformed5.key 
25711      DEBUG main            d.u.i.k.p.i.IntermediateProofReplayer Proof replay took 7ns 
25815      INFO  main            d.u.i.k.p.r.p.TestFile    ... finished proof: closed. 
25947      INFO  main            d.u.i.k.p.i.AbstractProblemLoader Loading environment from /home/runner/work/key/key/key.core/../key.ui/examples/heap/polarity_tests/wellformed5.key.proof 
25948      DEBUG main            d.u.i.k.p.i.AbstractProblemLoader Environment load took 119.2ns 
25949      INFO  main            d.u.i.k.p.i.AbstractProblemLoader Creating init config 
28550      DEBUG main            d.u.i.k.p.i.AbstractProblemLoader Init config took 2.6s 
28570      INFO  main            d.u.i.k.p.i.AbstractProblemLoader Replaying proof wellformed5.key.proof 
28574      DEBUG main            d.u.i.k.p.i.IntermediateProofReplayer Proof replay took 1.35ms 
28575      DEBUG main            d.u.i.k.p.r.p.TestFile    ... success: reloaded. 
28576      INFO  main            d.u.i.k.p.r.p.TestFile    Now processing file /home/runner/work/key/key/key.core/../key.ui/examples/heap/polarity_tests/wellformed6.key 
28576      INFO  main            d.u.i.k.p.i.AbstractProblemLoader Loading environment from /home/runner/work/key/key/key.core/../key.ui/examples/heap/polarity_tests/wellformed6.key 
28577      DEBUG main            d.u.i.k.p.i.AbstractProblemLoader Environment load took 226.1ns 
28579      INFO  main            d.u.i.k.p.i.AbstractProblemLoader Creating init config 
31149      DEBUG main            d.u.i.k.p.i.AbstractProblemLoader Init config took 2.57s 
31168      INFO  main            d.u.i.k.p.i.AbstractProblemLoader Replaying proof wellformed6.key 
31170      DEBUG main            d.u.i.k.p.i.IntermediateProofReplayer Proof replay took 7.4ns 
31275      INFO  main            d.u.i.k.p.r.p.TestFile    ... finished proof: open goal(s) 
31415      INFO  main            d.u.i.k.p.r.p.TestFile    Now processing file /home/runner/work/key/key/key.core/../key.ui/examples/heap/polarity_tests/wellformed7.key 
31415      INFO  main            d.u.i.k.p.i.AbstractProblemLoader Loading environment from /home/runner/work/key/key/key.core/../key.ui/examples/heap/polarity_tests/wellformed7.key 
31416      DEBUG main            d.u.i.k.p.i.AbstractProblemLoader Environment load took 67ns 
31419      INFO  main            d.u.i.k.p.i.AbstractProblemLoader Creating init config 
33957      DEBUG main            d.u.i.k.p.i.AbstractProblemLoader Init config took 2.54s 
33975      INFO  main            d.u.i.k.p.i.AbstractProblemLoader Replaying proof wellformed7.key 
33976      DEBUG main            d.u.i.k.p.i.IntermediateProofReplayer Proof replay took 7.3ns 
34079      INFO  main            d.u.i.k.p.r.p.TestFile    ... finished proof: closed. 
34207      INFO  main            d.u.i.k.p.i.AbstractProblemLoader Loading environment from /home/runner/work/key/key/key.core/../key.ui/examples/heap/polarity_tests/wellformed7.key.proof 
34207      DEBUG main            d.u.i.k.p.i.AbstractProblemLoader Environment load took 115.8ns 
34208      INFO  main            d.u.i.k.p.i.AbstractProblemLoader Creating init config 
36744      DEBUG main            d.u.i.k.p.i.AbstractProblemLoader Init config took 2.54s 
36763      INFO  main            d.u.i.k.p.i.AbstractProblemLoader Replaying proof wellformed7.key.proof 
36768      DEBUG main            d.u.i.k.p.i.IntermediateProofReplayer Proof replay took 1.55ms 
36769      DEBUG main            d.u.i.k.p.r.p.TestFile    ... success: reloaded. 
36770      INFO  main            d.u.i.k.p.r.p.TestFile    Now processing file /home/runner/work/key/key/key.core/../key.ui/examples/heap/polarity_tests/wellformed8.key 
36770      INFO  main            d.u.i.k.p.i.AbstractProblemLoader Loading environment from /home/runner/work/key/key/key.core/../key.ui/examples/heap/polarity_tests/wellformed8.key 
36770      DEBUG main            d.u.i.k.p.i.AbstractProblemLoader Environment load took 232.3ns 
36771      INFO  main            d.u.i.k.p.i.AbstractProblemLoader Creating init config 
39338      DEBUG main            d.u.i.k.p.i.AbstractProblemLoader Init config took 2.57s 
39355      INFO  main            d.u.i.k.p.i.AbstractProblemLoader Replaying proof wellformed8.key 
39357      DEBUG main            d.u.i.k.p.i.IntermediateProofReplayer Proof replay took 8.8ns 
39460      INFO  main            d.u.i.k.p.r.p.TestFile    ... finished proof: open goal(s) 
39620      INFO  main            d.u.i.k.p.r.p.TestFile    Now processing file /home/runner/work/key/key/key.core/../key.ui/examples/heap/polarity_tests/wellformed9.key 
39621      INFO  main            d.u.i.k.p.i.AbstractProblemLoader Loading environment from /home/runner/work/key/key/key.core/../key.ui/examples/heap/polarity_tests/wellformed9.key 
39621      DEBUG main            d.u.i.k.p.i.AbstractProblemLoader Environment load took 73ns 
39622      INFO  main            d.u.i.k.p.i.AbstractProblemLoader Creating init config 
42118      DEBUG main            d.u.i.k.p.i.AbstractProblemLoader Init config took 2.5s 
42135      INFO  main            d.u.i.k.p.i.AbstractProblemLoader Replaying proof wellformed9.key 
42136      DEBUG main            d.u.i.k.p.i.IntermediateProofReplayer Proof replay took 6.7ns 
42239      INFO  main            d.u.i.k.p.r.p.TestFile    ... finished proof: closed. 
42374      INFO  main            d.u.i.k.p.i.AbstractProblemLoader Loading environment from /home/runner/work/key/key/key.core/../key.ui/examples/heap/polarity_tests/wellformed9.key.proof 
42374      DEBUG main            d.u.i.k.p.i.AbstractProblemLoader Environment load took 109.1ns 
42375      INFO  main            d.u.i.k.p.i.AbstractProblemLoader Creating init config 
44889      DEBUG main            d.u.i.k.p.i.AbstractProblemLoader Init config took 2.51s 
44906      INFO  main            d.u.i.k.p.i.AbstractProblemLoader Replaying proof wellformed9.key.proof 
44909      DEBUG main            d.u.i.k.p.i.IntermediateProofReplayer Proof replay took 1.37ms 
44910      DEBUG main            d.u.i.k.p.r.p.TestFile    ... success: reloaded. 
44911      INFO  main            d.u.i.k.p.r.p.TestFile    Now processing file /home/runner/work/key/key/key.core/../key.ui/examples/heap/polarity_tests/wellformed10.key 
44911      INFO  main            d.u.i.k.p.i.AbstractProblemLoader Loading environment from /home/runner/work/key/key/key.core/../key.ui/examples/heap/polarity_tests/wellformed10.key 
44911      DEBUG main            d.u.i.k.p.i.AbstractProblemLoader Environment load took 112ns 
44912      INFO  main            d.u.i.k.p.i.AbstractProblemLoader Creating init config 
47460      DEBUG main            d.u.i.k.p.i.AbstractProblemLoader Init config took 2.55s 
47477      INFO  main            d.u.i.k.p.i.AbstractProblemLoader Replaying proof wellformed10.key 
47478      DEBUG main            d.u.i.k.p.i.IntermediateProofReplayer Proof replay took 7.4ns 
47583      INFO  main            d.u.i.k.p.r.p.TestFile    ... finished proof: open goal(s) 
47745      INFO  main            d.u.i.k.p.r.p.TestFile    Now processing file /home/runner/work/key/key/key.core/../key.ui/examples/heap/polarity_tests/wellformed11.key 
47745      INFO  main            d.u.i.k.p.i.AbstractProblemLoader Loading environment from /home/runner/work/key/key/key.core/../key.ui/examples/heap/polarity_tests/wellformed11.key 
47745      DEBUG main            d.u.i.k.p.i.AbstractProblemLoader Environment load took 79.9ns 
47746      INFO  main            d.u.i.k.p.i.AbstractProblemLoader Creating init config 
50244      DEBUG main            d.u.i.k.p.i.AbstractProblemLoader Init config took 2.5s 
50260      INFO  main            d.u.i.k.p.i.AbstractProblemLoader Replaying proof wellformed11.key 
50261      DEBUG main            d.u.i.k.p.i.IntermediateProofReplayer Proof replay took 7.6ns 
50366      INFO  main            d.u.i.k.p.r.p.TestFile    ... finished proof: open goal(s) 
504291     INFO  Test worker     d.u.i.k.p.r.RunAllProofsTestUnit Returning from test applicationRestrictions 
504292     INFO  Test worker     d.u.i.k.p.r.RunAllProofsTestUnit Running test blockContracts 
400        INFO  Timeout watchdog d.u.i.k.p.r.p.ForkedTestFileRunner Timeout watcher launched (2000 secs.) 
408        WARN  main            d.u.i.k.s.ProofSettings   The settings in /home/runner/.key/proof-settings.props are *not* read. 
440        INFO  main            d.u.i.k.p.r.p.TestFile    Now processing file /home/runner/work/key/key/key.core/../key.ui/examples/heap/block_contracts/Simple__add.key 
547        INFO  main            d.u.i.k.p.i.AbstractProblemLoader Loading environment from /home/runner/work/key/key/key.core/../key.ui/examples/heap/block_contracts/Simple__add.key 
572        DEBUG main            d.u.i.k.p.i.AbstractProblemLoader Environment load took 2.2ms 
798        INFO  main            d.u.i.k.p.i.AbstractProblemLoader Creating init config 
1820       DEBUG main            d.u.i.k.j.TypeConverter   No LDT found for Meta 
1821       DEBUG main            d.u.i.k.j.TypeConverter   No LDT found for Meta 
1823       DEBUG main            d.u.i.k.j.TypeConverter   No LDT found for Meta 
1823       DEBUG main            d.u.i.k.j.TypeConverter   No LDT found for Meta 
3031       DEBUG main            d.u.i.k.j.TypeConverter   No LDT found for JavaBigintExpression 
9142       DEBUG main            d.u.i.k.p.i.AbstractProblemLoader Init config took 8.34s 
9301       INFO  main            d.u.i.k.p.i.AbstractProblemLoader Replaying proof Simple[Simple::add(int,int)].JML operation contract.0 
9365       DEBUG main            d.u.i.k.p.i.IntermediateProofReplayer Proof replay took 371.61ns 
10192      INFO  main            d.u.i.k.p.r.p.TestFile    ... finished proof: closed. 
10319      INFO  main            d.u.i.k.p.i.AbstractProblemLoader Loading environment from /home/runner/work/key/key/key.core/../key.ui/examples/heap/block_contracts/Simple__add.key.proof 
10319      DEBUG main            d.u.i.k.p.i.AbstractProblemLoader Environment load took 577.61ns 
10322      INFO  main            d.u.i.k.p.i.AbstractProblemLoader Creating init config 
13670      DEBUG main            d.u.i.k.p.i.AbstractProblemLoader Init config took 3.35s 
13783      INFO  main            d.u.i.k.p.i.AbstractProblemLoader Replaying proof Simple[Simple::add(int,int)].JML operation contract.0 
13914      DEBUG main            d.u.i.k.p.i.IntermediateProofReplayer Proof replay took 118.94ms 
13923      DEBUG main            d.u.i.k.p.r.p.TestFile    ... success: reloaded. 
13928      INFO  main            d.u.i.k.p.r.p.TestFile    Now processing file /home/runner/work/key/key/key.core/../key.ui/examples/heap/block_contracts/Simple__addAbsoluteValues.key 
13928      INFO  main            d.u.i.k.p.i.AbstractProblemLoader Loading environment from /home/runner/work/key/key/key.core/../key.ui/examples/heap/block_contracts/Simple__addAbsoluteValues.key 
13929      DEBUG main            d.u.i.k.p.i.AbstractProblemLoader Environment load took 317.5ns 
13932      INFO  main            d.u.i.k.p.i.AbstractProblemLoader Creating init config 
17155      DEBUG main            d.u.i.k.p.i.AbstractProblemLoader Init config took 3.22s 
17235      INFO  main            d.u.i.k.p.i.AbstractProblemLoader Replaying proof Simple[Simple::addAbsoluteValues(int,int)].JML normal_behavior operation contract.0 
17240      DEBUG main            d.u.i.k.p.i.IntermediateProofReplayer Proof replay took 15.5ns 
18460      INFO  main            d.u.i.k.p.r.p.TestFile    ... finished proof: closed. 
18667      INFO  main            d.u.i.k.p.i.AbstractProblemLoader Loading environment from /home/runner/work/key/key/key.core/../key.ui/examples/heap/block_contracts/Simple__addAbsoluteValues.key.proof 
18674      DEBUG main            d.u.i.k.p.i.AbstractProblemLoader Environment load took 6.86ms 
18675      INFO  main            d.u.i.k.p.i.AbstractProblemLoader Creating init config 
21787      DEBUG main            d.u.i.k.p.i.AbstractProblemLoader Init config took 3.11s 
21843      INFO  main            d.u.i.k.p.i.AbstractProblemLoader Replaying proof Simple[Simple::addAbsoluteValues(int,int)].JML normal_behavior operation contract.0 
22054      DEBUG main            d.u.i.k.p.i.IntermediateProofReplayer Proof replay took 202.63ms 
22055      DEBUG main            d.u.i.k.p.r.p.TestFile    ... success: reloaded. 
22057      INFO  main            d.u.i.k.p.r.p.TestFile    Now processing file /home/runner/work/key/key/key.core/../key.ui/examples/heap/block_contracts/Simple__addWithJump.key 
22057      INFO  main            d.u.i.k.p.i.AbstractProblemLoader Loading environment from /home/runner/work/key/key/key.core/../key.ui/examples/heap/block_contracts/Simple__addWithJump.key 
22058      DEBUG main            d.u.i.k.p.i.AbstractProblemLoader Environment load took 258.7ns 
22059      INFO  main            d.u.i.k.p.i.AbstractProblemLoader Creating init config 
25225      DEBUG main            d.u.i.k.p.i.AbstractProblemLoader Init config took 3.17s 
25278      INFO  main            d.u.i.k.p.i.AbstractProblemLoader Replaying proof Simple[Simple::addWithJump(int,int,int)].JML operation contract.0 
25281      DEBUG main            d.u.i.k.p.i.IntermediateProofReplayer Proof replay took 13ns 
25484      INFO  main            d.u.i.k.p.r.p.TestFile    ... finished proof: closed. 
25667      INFO  main            d.u.i.k.p.i.AbstractProblemLoader Loading environment from /home/runner/work/key/key/key.core/../key.ui/examples/heap/block_contracts/Simple__addWithJump.key.proof 
25667      DEBUG main            d.u.i.k.p.i.AbstractProblemLoader Environment load took 128.6ns 
25668      INFO  main            d.u.i.k.p.i.AbstractProblemLoader Creating init config 
28795      DEBUG main            d.u.i.k.p.i.AbstractProblemLoader Init config took 3.13s 
28849      INFO  main            d.u.i.k.p.i.AbstractProblemLoader Replaying proof Simple[Simple::addWithJump(int,int,int)].JML operation contract.0 
28895      DEBUG main            d.u.i.k.p.i.IntermediateProofReplayer Proof replay took 43.71ms 
28896      DEBUG main            d.u.i.k.p.r.p.TestFile    ... success: reloaded. 
28898      INFO  main            d.u.i.k.p.r.p.TestFile    Now processing file /home/runner/work/key/key/key.core/../key.ui/examples/heap/block_contracts/Simple__addWithTwoBlockContracts.key 
28898      INFO  main            d.u.i.k.p.i.AbstractProblemLoader Loading environment from /home/runner/work/key/key/key.core/../key.ui/examples/heap/block_contracts/Simple__addWithTwoBlockContracts.key 
28899      DEBUG main            d.u.i.k.p.i.AbstractProblemLoader Environment load took 264.7ns 
28900      INFO  main            d.u.i.k.p.i.AbstractProblemLoader Creating init config 
32056      DEBUG main            d.u.i.k.p.i.AbstractProblemLoader Init config took 3.16s 
32104      INFO  main            d.u.i.k.p.i.AbstractProblemLoader Replaying proof Simple[Simple::addWithTwoBlockContracts(int,int,int)].JML operation contract.0 
32107      DEBUG main            d.u.i.k.p.i.IntermediateProofReplayer Proof replay took 12.8ns 
32311      INFO  main            d.u.i.k.p.r.p.TestFile    ... finished proof: closed. 
32524      INFO  main            d.u.i.k.p.i.AbstractProblemLoader Loading environment from /home/runner/work/key/key/key.core/../key.ui/examples/heap/block_contracts/Simple__addWithTwoBlockContracts.key.proof 
32524      DEBUG main            d.u.i.k.p.i.AbstractProblemLoader Environment load took 134.4ns 
32525      INFO  main            d.u.i.k.p.i.AbstractProblemLoader Creating init config 
35603      DEBUG main            d.u.i.k.p.i.AbstractProblemLoader Init config took 3.08s 
35665      INFO  main            d.u.i.k.p.i.AbstractProblemLoader Replaying proof Simple[Simple::addWithTwoBlockContracts(int,int,int)].JML operation contract.0 
35735      DEBUG main            d.u.i.k.p.i.IntermediateProofReplayer Proof replay took 65.08ms 
35736      DEBUG main            d.u.i.k.p.r.p.TestFile    ... success: reloaded. 
35738      INFO  main            d.u.i.k.p.r.p.TestFile    Now processing file /home/runner/work/key/key/key.core/../key.ui/examples/heap/block_contracts/Simple__generateByteArray.key 
35738      INFO  main            d.u.i.k.p.i.AbstractProblemLoader Loading environment from /home/runner/work/key/key/key.core/../key.ui/examples/heap/block_contracts/Simple__generateByteArray.key 
35738      DEBUG main            d.u.i.k.p.i.AbstractProblemLoader Environment load took 130ns 
35739      INFO  main            d.u.i.k.p.i.AbstractProblemLoader Creating init config 
38822      DEBUG main            d.u.i.k.p.i.AbstractProblemLoader Init config took 3.08s 
38878      INFO  main            d.u.i.k.p.i.AbstractProblemLoader Replaying proof Simple[Simple::generateByteArray()].JML normal_behavior operation contract.0 
38880      DEBUG main            d.u.i.k.p.i.IntermediateProofReplayer Proof replay took 12.1ns 
41002      INFO  main            d.u.i.k.p.r.p.TestFile    ... finished proof: closed. 
41213      INFO  main            d.u.i.k.p.i.AbstractProblemLoader Loading environment from /home/runner/work/key/key/key.core/../key.ui/examples/heap/block_contracts/Simple__generateByteArray.key.proof 
41213      DEBUG main            d.u.i.k.p.i.AbstractProblemLoader Environment load took 229ns 
41215      INFO  main            d.u.i.k.p.i.AbstractProblemLoader Creating init config 
44213      DEBUG main            d.u.i.k.p.i.AbstractProblemLoader Init config took 3s 
44258      INFO  main            d.u.i.k.p.i.AbstractProblemLoader Replaying proof Simple[Simple::generateByteArray()].JML normal_behavior operation contract.0 
44551      DEBUG main            d.u.i.k.p.i.IntermediateProofReplayer Proof replay took 279.72ms 
44553      DEBUG main            d.u.i.k.p.r.p.TestFile    ... success: reloaded. 
44554      INFO  main            d.u.i.k.p.r.p.TestFile    Now processing file /home/runner/work/key/key/key.core/../key.ui/examples/heap/block_contracts/Simple__getLength.key 
44555      INFO  main            d.u.i.k.p.i.AbstractProblemLoader Loading environment from /home/runner/work/key/key/key.core/../key.ui/examples/heap/block_contracts/Simple__getLength.key 
44555      DEBUG main            d.u.i.k.p.i.AbstractProblemLoader Environment load took 269.8ns 
44556      INFO  main            d.u.i.k.p.i.AbstractProblemLoader Creating init config 
47651      DEBUG main            d.u.i.k.p.i.AbstractProblemLoader Init config took 3.1s 
47695      INFO  main            d.u.i.k.p.i.AbstractProblemLoader Replaying proof Simple[Simple::getLength()].JML normal_behavior operation contract.0 
47698      DEBUG main            d.u.i.k.p.i.IntermediateProofReplayer Proof replay took 12.7ns 
47800      INFO  main            d.u.i.k.p.r.p.TestFile    ... finished proof: closed. 
47999      INFO  main            d.u.i.k.p.i.AbstractProblemLoader Loading environment from /home/runner/work/key/key/key.core/../key.ui/examples/heap/block_contracts/Simple__getLength.key.proof 
47999      DEBUG main            d.u.i.k.p.i.AbstractProblemLoader Environment load took 124.1ns 
48000      INFO  main            d.u.i.k.p.i.AbstractProblemLoader Creating init config 
51001      DEBUG main            d.u.i.k.p.i.AbstractProblemLoader Init config took 3s 
51045      INFO  main            d.u.i.k.p.i.AbstractProblemLoader Replaying proof Simple[Simple::getLength()].JML normal_behavior operation contract.0 
51054      DEBUG main            d.u.i.k.p.i.IntermediateProofReplayer Proof replay took 7.21ms 
51055      DEBUG main            d.u.i.k.p.r.p.TestFile    ... success: reloaded. 
51056      INFO  main            d.u.i.k.p.r.p.TestFile    Now processing file /home/runner/work/key/key/key.core/../key.ui/examples/heap/block_contracts/Simple__square.key 
51056      INFO  main            d.u.i.k.p.i.AbstractProblemLoader Loading environment from /home/runner/work/key/key/key.core/../key.ui/examples/heap/block_contracts/Simple__square.key 
51056      DEBUG main            d.u.i.k.p.i.AbstractProblemLoader Environment load took 228.1ns 
51057      INFO  main            d.u.i.k.p.i.AbstractProblemLoader Creating init config 
54066      DEBUG main            d.u.i.k.p.i.AbstractProblemLoader Init config took 3.01s 
54111      INFO  main            d.u.i.k.p.i.AbstractProblemLoader Replaying proof Simple[Simple::square(int)].JML operation contract.0 
54113      DEBUG main            d.u.i.k.p.i.IntermediateProofReplayer Proof replay took 12.9ns 
54419      INFO  main            d.u.i.k.p.r.p.TestFile    ... finished proof: closed. 
54611      INFO  main            d.u.i.k.p.i.AbstractProblemLoader Loading environment from /home/runner/work/key/key/key.core/../key.ui/examples/heap/block_contracts/Simple__square.key.proof 
54611      DEBUG main            d.u.i.k.p.i.AbstractProblemLoader Environment load took 124.1ns 
54612      INFO  main            d.u.i.k.p.i.AbstractProblemLoader Creating init config 
57597      DEBUG main            d.u.i.k.p.i.AbstractProblemLoader Init config took 2.99s 
57640      INFO  main            d.u.i.k.p.i.AbstractProblemLoader Replaying proof Simple[Simple::square(int)].JML operation contract.0 
57732      DEBUG main            d.u.i.k.p.i.IntermediateProofReplayer Proof replay took 89.49ms 
57734      DEBUG main            d.u.i.k.p.r.p.TestFile    ... success: reloaded. 
57735      INFO  main            d.u.i.k.p.r.p.TestFile    Now processing file /home/runner/work/key/key/key.core/../key.ui/examples/heap/block_contracts/Simple__unnecessaryBlockContract.key 
57735      INFO  main            d.u.i.k.p.i.AbstractProblemLoader Loading environment from /home/runner/work/key/key/key.core/../key.ui/examples/heap/block_contracts/Simple__unnecessaryBlockContract.key 
57736      DEBUG main            d.u.i.k.p.i.AbstractProblemLoader Environment load took 236.3ns 
57737      INFO  main            d.u.i.k.p.i.AbstractProblemLoader Creating init config 
60742      DEBUG main            d.u.i.k.p.i.AbstractProblemLoader Init config took 3.01s 
60788      INFO  main            d.u.i.k.p.i.AbstractProblemLoader Replaying proof Simple[Simple::unnecessaryBlockContract()].JML operation contract.0 
60791      DEBUG main            d.u.i.k.p.i.IntermediateProofReplayer Proof replay took 15.5ns 
60894      INFO  main            d.u.i.k.p.r.p.TestFile    ... finished proof: closed. 
61096      INFO  main            d.u.i.k.p.i.AbstractProblemLoader Loading environment from /home/runner/work/key/key/key.core/../key.ui/examples/heap/block_contracts/Simple__unnecessaryBlockContract.key.proof 
61096      DEBUG main            d.u.i.k.p.i.AbstractProblemLoader Environment load took 125.4ns 
61097      INFO  main            d.u.i.k.p.i.AbstractProblemLoader Creating init config 
64040      DEBUG main            d.u.i.k.p.i.AbstractProblemLoader Init config took 2.94s 
64097      INFO  main            d.u.i.k.p.i.AbstractProblemLoader Replaying proof Simple[Simple::unnecessaryBlockContract()].JML operation contract.0 
64122      DEBUG main            d.u.i.k.p.i.IntermediateProofReplayer Proof replay took 22.78ms 
64123      DEBUG main            d.u.i.k.p.r.p.TestFile    ... success: reloaded. 
64124      INFO  main            d.u.i.k.p.r.p.TestFile    Now processing file /home/runner/work/key/key/key.core/../key.ui/examples/heap/block_contracts/Simple__unnecessaryLoopInvariant.key 
64125      INFO  main            d.u.i.k.p.i.AbstractProblemLoader Loading environment from /home/runner/work/key/key/key.core/../key.ui/examples/heap/block_contracts/Simple__unnecessaryLoopInvariant.key 
64125      DEBUG main            d.u.i.k.p.i.AbstractProblemLoader Environment load took 244.6ns 
64126      INFO  main            d.u.i.k.p.i.AbstractProblemLoader Creating init config 
67203      DEBUG main            d.u.i.k.p.i.AbstractProblemLoader Init config took 3.08s 
67243      INFO  main            d.u.i.k.p.i.AbstractProblemLoader Replaying proof Simple[Simple::unnecessaryLoopInvariant()].JML operation contract.0 
67245      DEBUG main            d.u.i.k.p.i.IntermediateProofReplayer Proof replay took 11.8ns 
67347      INFO  main            d.u.i.k.p.r.p.TestFile    ... finished proof: closed. 
67542      INFO  main            d.u.i.k.p.i.AbstractProblemLoader Loading environment from /home/runner/work/key/key/key.core/../key.ui/examples/heap/block_contracts/Simple__unnecessaryLoopInvariant.key.proof 
67542      DEBUG main            d.u.i.k.p.i.AbstractProblemLoader Environment load took 118.6ns 
67543      INFO  main            d.u.i.k.p.i.AbstractProblemLoader Creating init config 
70499      DEBUG main            d.u.i.k.p.i.AbstractProblemLoader Init config took 2.96s 
70539      INFO  main            d.u.i.k.p.i.AbstractProblemLoader Replaying proof Simple[Simple::unnecessaryLoopInvariant()].JML operation contract.0 
70552      DEBUG main            d.u.i.k.p.i.IntermediateProofReplayer Proof replay took 11.43ms 
70553      DEBUG main            d.u.i.k.p.r.p.TestFile    ... success: reloaded. 
70554      INFO  main            d.u.i.k.p.r.p.TestFile    Now processing file /home/runner/work/key/key/key.core/../key.ui/examples/standard_key/java_dl/jml-assert/assert.key 
70554      INFO  main            d.u.i.k.p.i.AbstractProblemLoader Loading environment from /home/runner/work/key/key/key.core/../key.ui/examples/standard_key/java_dl/jml-assert/assert.key 
70555      DEBUG main            d.u.i.k.p.i.AbstractProblemLoader Environment load took 99.5ns 
70555      INFO  main            d.u.i.k.p.i.AbstractProblemLoader Creating init config 
73235      DEBUG main            d.u.i.k.p.i.AbstractProblemLoader Init config took 2.68s 
73276      INFO  main            d.u.i.k.p.i.AbstractProblemLoader Replaying proof Assert[Assert::createArray(int)].JML normal_behavior operation contract.0 
73278      DEBUG main            d.u.i.k.p.i.IntermediateProofReplayer Proof replay took 7.2ns 
73480      INFO  main            d.u.i.k.p.r.p.TestFile    ... finished proof: closed. 
73683      INFO  main            d.u.i.k.p.i.AbstractProblemLoader Loading environment from /home/runner/work/key/key/key.core/../key.ui/examples/standard_key/java_dl/jml-assert/assert.key.proof 
73684      DEBUG main            d.u.i.k.p.i.AbstractProblemLoader Environment load took 135.9ns 
73685      INFO  main            d.u.i.k.p.i.AbstractProblemLoader Creating init config 
76280      DEBUG main            d.u.i.k.p.i.AbstractProblemLoader Init config took 2.6s 
76319      INFO  main            d.u.i.k.p.i.AbstractProblemLoader Replaying proof Assert[Assert::createArray(int)].JML normal_behavior operation contract.0 
76367      DEBUG main            d.u.i.k.p.i.IntermediateProofReplayer Proof replay took 45.61ms 
76369      DEBUG main            d.u.i.k.p.r.p.TestFile    ... success: reloaded. 
76382      INFO  main            d.u.i.k.p.r.p.TestFile    Now processing file /home/runner/work/key/key/key.core/../key.ui/examples/standard_key/java_dl/jml-assert/assert_assume_order.key 
76383      INFO  main            d.u.i.k.p.i.AbstractProblemLoader Loading environment from /home/runner/work/key/key/key.core/../key.ui/examples/standard_key/java_dl/jml-assert/assert_assume_order.key 
76384      DEBUG main            d.u.i.k.p.i.AbstractProblemLoader Environment load took 316.81ns 
76385      INFO  main            d.u.i.k.p.i.AbstractProblemLoader Creating init config 
79053      DEBUG main            d.u.i.k.p.i.AbstractProblemLoader Init config took 2.67s 
79092      INFO  main            d.u.i.k.p.i.AbstractProblemLoader Replaying proof AssertAssume[AssertAssume::singleAssumeAssert(int)].JML normal_behavior operation contract.0 
79094      DEBUG main            d.u.i.k.p.i.IntermediateProofReplayer Proof replay took 7ns 
79196      INFO  main            d.u.i.k.p.r.p.TestFile    ... finished proof: closed. 
79388      INFO  main            d.u.i.k.p.i.AbstractProblemLoader Loading environment from /home/runner/work/key/key/key.core/../key.ui/examples/standard_key/java_dl/jml-assert/assert_assume_order.key.proof 
79388      DEBUG main            d.u.i.k.p.i.AbstractProblemLoader Environment load took 128ns 
79390      INFO  main            d.u.i.k.p.i.AbstractProblemLoader Creating init config 
81940      DEBUG main            d.u.i.k.p.i.AbstractProblemLoader Init config took 2.55s 
81977      INFO  main            d.u.i.k.p.i.AbstractProblemLoader Replaying proof AssertAssume[AssertAssume::singleAssumeAssert(int)].JML normal_behavior operation contract.0 
81986      DEBUG main            d.u.i.k.p.i.IntermediateProofReplayer Proof replay took 7.93ms 
81987      DEBUG main            d.u.i.k.p.r.p.TestFile    ... success: reloaded. 
81989      INFO  main            d.u.i.k.p.r.p.TestFile    Now processing file /home/runner/work/key/key/key.core/../key.ui/examples/heap/block_loop_contracts/SimpleVariants/sum_onBlock_external.key 
81989      INFO  main            d.u.i.k.p.i.AbstractProblemLoader Loading environment from /home/runner/work/key/key/key.core/../key.ui/examples/heap/block_loop_contracts/SimpleVariants/sum_onBlock_external.key 
81989      DEBUG main            d.u.i.k.p.i.AbstractProblemLoader Environment load took 113ns 
81990      INFO  main            d.u.i.k.p.i.AbstractProblemLoader Creating init config 
84937      DEBUG main            d.u.i.k.p.i.AbstractProblemLoader Init config took 2.95s 
84990      INFO  main            d.u.i.k.p.i.AbstractProblemLoader Replaying proof LoopContractExamplesAll[LoopContractExamplesAll::sum_loopContract_onBlock([I)].JML normal_behavior operation contract.0 
84993      DEBUG main            d.u.i.k.p.i.IntermediateProofReplayer Proof replay took 12.7ns 
85099      INFO  main            d.u.i.k.p.r.p.TestFile    ... finished proof: closed. 
85307      INFO  main            d.u.i.k.p.i.AbstractProblemLoader Loading environment from /home/runner/work/key/key/key.core/../key.ui/examples/heap/block_loop_contracts/SimpleVariants/sum_onBlock_external.key.proof 
85307      DEBUG main            d.u.i.k.p.i.AbstractProblemLoader Environment load took 124.8ns 
85309      INFO  main            d.u.i.k.p.i.AbstractProblemLoader Creating init config 
88071      DEBUG main            d.u.i.k.p.i.AbstractProblemLoader Init config took 2.76s 
88108      INFO  main            d.u.i.k.p.i.AbstractProblemLoader Replaying proof LoopContractExamplesAll[LoopContractExamplesAll::sum_loopContract_onBlock([I)].JML normal_behavior operation contract.0 
88161      DEBUG main            d.u.i.k.p.i.IntermediateProofReplayer Proof replay took 51.32ms 
88162      DEBUG main            d.u.i.k.p.r.p.TestFile    ... success: reloaded. 
88163      INFO  main            d.u.i.k.p.r.p.TestFile    Now processing file /home/runner/work/key/key/key.core/../key.ui/examples/heap/block_loop_contracts/SimpleVariants/sum_onBlock_internal.key 
88163      INFO  main            d.u.i.k.p.i.AbstractProblemLoader Loading environment from /home/runner/work/key/key/key.core/../key.ui/examples/heap/block_loop_contracts/SimpleVariants/sum_onBlock_internal.key 
88163      DEBUG main            d.u.i.k.p.i.AbstractProblemLoader Environment load took 100.7ns 
88164      INFO  main            d.u.i.k.p.i.AbstractProblemLoader Creating init config 
91019      DEBUG main            d.u.i.k.p.i.AbstractProblemLoader Init config took 2.86s 
91055      INFO  main            d.u.i.k.p.i.AbstractProblemLoader Replaying proof LoopContractExamplesAll[LoopContractExamplesAll::sum_loopContract_onBlock([I)].JML normal_behavior operation contract.0 
91057      DEBUG main            d.u.i.k.p.i.IntermediateProofReplayer Proof replay took 23.8ns 
91665      INFO  main            d.u.i.k.p.r.p.TestFile    ... finished proof: closed. 
91932      INFO  main            d.u.i.k.p.i.AbstractProblemLoader Loading environment from /home/runner/work/key/key/key.core/../key.ui/examples/heap/block_loop_contracts/SimpleVariants/sum_onBlock_internal.key.proof 
91935      DEBUG main            d.u.i.k.p.i.AbstractProblemLoader Environment load took 3.66ms 
91936      INFO  main            d.u.i.k.p.i.AbstractProblemLoader Creating init config 
94679      DEBUG main            d.u.i.k.p.i.AbstractProblemLoader Init config took 2.74s 
94714      INFO  main            d.u.i.k.p.i.AbstractProblemLoader Replaying proof LoopContractExamplesAll[LoopContractExamplesAll::sum_loopContract_onBlock([I)].JML normal_behavior operation contract.0 
94952      DEBUG main            d.u.i.k.p.i.IntermediateProofReplayer Proof replay took 233.44ms 
94953      DEBUG main            d.u.i.k.p.r.p.TestFile    ... success: reloaded. 
94954      INFO  main            d.u.i.k.p.r.p.TestFile    Now processing file /home/runner/work/key/key/key.core/../key.ui/examples/heap/block_loop_contracts/SimpleVariants/sum_onBlock_loop.key 
94955      INFO  main            d.u.i.k.p.i.AbstractProblemLoader Loading environment from /home/runner/work/key/key/key.core/../key.ui/examples/heap/block_loop_contracts/SimpleVariants/sum_onBlock_loop.key 
94955      DEBUG main            d.u.i.k.p.i.AbstractProblemLoader Environment load took 241.3ns 
94956      INFO  main            d.u.i.k.p.i.AbstractProblemLoader Creating init config 
97856      DEBUG main            d.u.i.k.p.i.AbstractProblemLoader Init config took 2.9s 
97894      INFO  main            d.u.i.k.p.i.AbstractProblemLoader Replaying proof LoopContractExamplesAll[LoopContractExamplesAll::sum_loopContract_onBlock([I)].JML normal_behavior loop contract.0 
97895      DEBUG main            d.u.i.k.p.i.IntermediateProofReplayer Proof replay took 12.9ns 
98699      INFO  main            d.u.i.k.p.r.p.TestFile    ... finished proof: closed. 
98975      INFO  main            d.u.i.k.p.i.AbstractProblemLoader Loading environment from /home/runner/work/key/key/key.core/../key.ui/examples/heap/block_loop_contracts/SimpleVariants/sum_onBlock_loop.key.proof 
98976      DEBUG main            d.u.i.k.p.i.AbstractProblemLoader Environment load took 502.11ns 
98977      INFO  main            d.u.i.k.p.i.AbstractProblemLoader Creating init config 
101732     DEBUG main            d.u.i.k.p.i.AbstractProblemLoader Init config took 2.75s 
101767     INFO  main            d.u.i.k.p.i.AbstractProblemLoader Replaying proof LoopContractExamplesAll[LoopContractExamplesAll::sum_loopContract_onBlock([I)].JML normal_behavior loop contract.0 
102010     DEBUG main            d.u.i.k.p.i.IntermediateProofReplayer Proof replay took 237.05ms 
102010     DEBUG main            d.u.i.k.p.r.p.TestFile    ... success: reloaded. 
102012     INFO  main            d.u.i.k.p.r.p.TestFile    Now processing file /home/runner/work/key/key/key.core/../key.ui/examples/heap/block_loop_contracts/SimpleVariants/sum_onLoop_external.key 
102012     INFO  main            d.u.i.k.p.i.AbstractProblemLoader Loading environment from /home/runner/work/key/key/key.core/../key.ui/examples/heap/block_loop_contracts/SimpleVariants/sum_onLoop_external.key 
102012     DEBUG main            d.u.i.k.p.i.AbstractProblemLoader Environment load took 275.2ns 
102013     INFO  main            d.u.i.k.p.i.AbstractProblemLoader Creating init config 
104855     DEBUG main            d.u.i.k.p.i.AbstractProblemLoader Init config took 2.84s 
104892     INFO  main            d.u.i.k.p.i.AbstractProblemLoader Replaying proof LoopContractExamplesAll[LoopContractExamplesAll::sum_loopContract_onLoop([I)].JML normal_behavior operation contract.0 
104894     DEBUG main            d.u.i.k.p.i.IntermediateProofReplayer Proof replay took 25.6ns 
104996     INFO  main            d.u.i.k.p.r.p.TestFile    ... finished proof: closed. 
105266     INFO  main            d.u.i.k.p.i.AbstractProblemLoader Loading environment from /home/runner/work/key/key/key.core/../key.ui/examples/heap/block_loop_contracts/SimpleVariants/sum_onLoop_external.key.proof 
105266     DEBUG main            d.u.i.k.p.i.AbstractProblemLoader Environment load took 120.4ns 
105267     INFO  main            d.u.i.k.p.i.AbstractProblemLoader Creating init config 
108009     DEBUG main            d.u.i.k.p.i.AbstractProblemLoader Init config took 2.74s 
108044     INFO  main            d.u.i.k.p.i.AbstractProblemLoader Replaying proof LoopContractExamplesAll[LoopContractExamplesAll::sum_loopContract_onLoop([I)].JML normal_behavior operation contract.0 
108072     DEBUG main            d.u.i.k.p.i.IntermediateProofReplayer Proof replay took 26.08ms 
108072     DEBUG main            d.u.i.k.p.r.p.TestFile    ... success: reloaded. 
108073     INFO  main            d.u.i.k.p.r.p.TestFile    Now processing file /home/runner/work/key/key/key.core/../key.ui/examples/heap/block_loop_contracts/SimpleVariants/sum_onLoop_internal.key 
108074     INFO  main            d.u.i.k.p.i.AbstractProblemLoader Loading environment from /home/runner/work/key/key/key.core/../key.ui/examples/heap/block_loop_contracts/SimpleVariants/sum_onLoop_internal.key 
108074     DEBUG main            d.u.i.k.p.i.AbstractProblemLoader Environment load took 113.3ns 
108075     INFO  main            d.u.i.k.p.i.AbstractProblemLoader Creating init config 
110893     DEBUG main            d.u.i.k.p.i.AbstractProblemLoader Init config took 2.82s 
110927     INFO  main            d.u.i.k.p.i.AbstractProblemLoader Replaying proof LoopContractExamplesAll[LoopContractExamplesAll::sum_loopContract_onLoop([I)].JML normal_behavior operation contract.0 
110928     DEBUG main            d.u.i.k.p.i.IntermediateProofReplayer Proof replay took 12.8ns 
111531     INFO  main            d.u.i.k.p.r.p.TestFile    ... finished proof: closed. 
111852     INFO  main            d.u.i.k.p.i.AbstractProblemLoader Loading environment from /home/runner/work/key/key/key.core/../key.ui/examples/heap/block_loop_contracts/SimpleVariants/sum_onLoop_internal.key.proof 
111852     DEBUG main            d.u.i.k.p.i.AbstractProblemLoader Environment load took 502.41ns 
111853     INFO  main            d.u.i.k.p.i.AbstractProblemLoader Creating init config 
114612     DEBUG main            d.u.i.k.p.i.AbstractProblemLoader Init config took 2.76s 
114648     INFO  main            d.u.i.k.p.i.AbstractProblemLoader Replaying proof LoopContractExamplesAll[LoopContractExamplesAll::sum_loopContract_onLoop([I)].JML normal_behavior operation contract.0 
114885     DEBUG main            d.u.i.k.p.i.IntermediateProofReplayer Proof replay took 233.17ms 
114886     DEBUG main            d.u.i.k.p.r.p.TestFile    ... success: reloaded. 
114887     INFO  main            d.u.i.k.p.r.p.TestFile    Now processing file /home/runner/work/key/key/key.core/../key.ui/examples/heap/block_loop_contracts/SimpleVariants/sum_onLoop_loop.key 
114887     INFO  main            d.u.i.k.p.i.AbstractProblemLoader Loading environment from /home/runner/work/key/key/key.core/../key.ui/examples/heap/block_loop_contracts/SimpleVariants/sum_onLoop_loop.key 
114888     DEBUG main            d.u.i.k.p.i.AbstractProblemLoader Environment load took 237.7ns 
114889     INFO  main            d.u.i.k.p.i.AbstractProblemLoader Creating init config 
117707     DEBUG main            d.u.i.k.p.i.AbstractProblemLoader Init config took 2.82s 
117771     INFO  main            d.u.i.k.p.i.AbstractProblemLoader Replaying proof LoopContractExamplesAll[LoopContractExamplesAll::sum_loopContract_onLoop([I)].JML normal_behavior loop contract.0 
117773     DEBUG main            d.u.i.k.p.i.IntermediateProofReplayer Proof replay took 35.6ns 
118577     INFO  main            d.u.i.k.p.r.p.TestFile    ... finished proof: closed. 
118876     INFO  main            d.u.i.k.p.i.AbstractProblemLoader Loading environment from /home/runner/work/key/key/key.core/../key.ui/examples/heap/block_loop_contracts/SimpleVariants/sum_onLoop_loop.key.proof 
118878     DEBUG main            d.u.i.k.p.i.AbstractProblemLoader Environment load took 191.2ns 
118879     INFO  main            d.u.i.k.p.i.AbstractProblemLoader Creating init config 
121629     DEBUG main            d.u.i.k.p.i.AbstractProblemLoader Init config took 2.75s 
121667     INFO  main            d.u.i.k.p.i.AbstractProblemLoader Replaying proof LoopContractExamplesAll[LoopContractExamplesAll::sum_loopContract_onLoop([I)].JML normal_behavior loop contract.0 
121926     DEBUG main            d.u.i.k.p.i.IntermediateProofReplayer Proof replay took 254.18ms 
121927     DEBUG main            d.u.i.k.p.r.p.TestFile    ... success: reloaded. 
121928     INFO  main            d.u.i.k.p.r.p.TestFile    Now processing file /home/runner/work/key/key/key.core/../key.ui/examples/heap/block_loop_contracts/Free/blockContracts0.key 
121928     INFO  main            d.u.i.k.p.i.AbstractProblemLoader Loading environment from /home/runner/work/key/key/key.core/../key.ui/examples/heap/block_loop_contracts/Free/blockContracts0.key 
121929     DEBUG main            d.u.i.k.p.i.AbstractProblemLoader Environment load took 233.8ns 
121930     INFO  main            d.u.i.k.p.i.AbstractProblemLoader Creating init config 
124435     DEBUG main            d.u.i.k.p.i.AbstractProblemLoader Init config took 2.51s 
124470     INFO  main            d.u.i.k.p.i.AbstractProblemLoader Replaying proof FreeConditions[FreeConditions::blockContract0()].JML normal_behavior operation contract.0 
124471     DEBUG main            d.u.i.k.p.i.IntermediateProofReplayer Proof replay took 14.8ns 
124573     INFO  main            d.u.i.k.p.r.p.TestFile    ... finished proof: closed. 
124883     INFO  main            d.u.i.k.p.i.AbstractProblemLoader Loading environment from /home/runner/work/key/key/key.core/../key.ui/examples/heap/block_loop_contracts/Free/blockContracts0.key.proof 
124884     DEBUG main            d.u.i.k.p.i.AbstractProblemLoader Environment load took 117.5ns 
124884     INFO  main            d.u.i.k.p.i.AbstractProblemLoader Creating init config 
127293     DEBUG main            d.u.i.k.p.i.AbstractProblemLoader Init config took 2.41s 
127327     INFO  main            d.u.i.k.p.i.AbstractProblemLoader Replaying proof FreeConditions[FreeConditions::blockContract0()].JML normal_behavior operation contract.0 
127348     DEBUG main            d.u.i.k.p.i.IntermediateProofReplayer Proof replay took 19.17ms 
127349     DEBUG main            d.u.i.k.p.r.p.TestFile    ... success: reloaded. 
127350     INFO  main            d.u.i.k.p.r.p.TestFile    Now processing file /home/runner/work/key/key/key.core/../key.ui/examples/heap/block_loop_contracts/Free/blockContracts1.key 
127350     INFO  main            d.u.i.k.p.i.AbstractProblemLoader Loading environment from /home/runner/work/key/key/key.core/../key.ui/examples/heap/block_loop_contracts/Free/blockContracts1.key 
127350     DEBUG main            d.u.i.k.p.i.AbstractProblemLoader Environment load took 83.2ns 
127351     INFO  main            d.u.i.k.p.i.AbstractProblemLoader Creating init config 
129791     DEBUG main            d.u.i.k.p.i.AbstractProblemLoader Init config took 2.44s 
129843     INFO  main            d.u.i.k.p.i.AbstractProblemLoader Replaying proof FreeConditions[FreeConditions::blockContract1()].JML normal_behavior operation contract.0 
129844     DEBUG main            d.u.i.k.p.i.IntermediateProofReplayer Proof replay took 11.5ns 
129947     INFO  main            d.u.i.k.p.r.p.TestFile    ... finished proof: closed. 
130203     INFO  main            d.u.i.k.p.i.AbstractProblemLoader Loading environment from /home/runner/work/key/key/key.core/../key.ui/examples/heap/block_loop_contracts/Free/blockContracts1.key.proof 
130203     DEBUG main            d.u.i.k.p.i.AbstractProblemLoader Environment load took 117.3ns 
130204     INFO  main            d.u.i.k.p.i.AbstractProblemLoader Creating init config 
132603     DEBUG main            d.u.i.k.p.i.AbstractProblemLoader Init config took 2.4s 
132637     INFO  main            d.u.i.k.p.i.AbstractProblemLoader Replaying proof FreeConditions[FreeConditions::blockContract1()].JML normal_behavior operation contract.0 
132655     DEBUG main            d.u.i.k.p.i.IntermediateProofReplayer Proof replay took 16.22ms 
132656     DEBUG main            d.u.i.k.p.r.p.TestFile    ... success: reloaded. 
132657     INFO  main            d.u.i.k.p.r.p.TestFile    Now processing file /home/runner/work/key/key/key.core/../key.ui/examples/heap/block_loop_contracts/Finally/block_finally.key 
132657     INFO  main            d.u.i.k.p.i.AbstractProblemLoader Loading environment from /home/runner/work/key/key/key.core/../key.ui/examples/heap/block_loop_contracts/Finally/block_finally.key 
132657     DEBUG main            d.u.i.k.p.i.AbstractProblemLoader Environment load took 56.3ns 
132658     INFO  main            d.u.i.k.p.i.AbstractProblemLoader Creating init config 
135155     DEBUG main            d.u.i.k.p.i.AbstractProblemLoader Init config took 2.5s 
135191     INFO  main            d.u.i.k.p.i.AbstractProblemLoader Replaying proof AuxiliaryContractsFinally[AuxiliaryContractsFinally::breakThrowContinueBlockContract(java.lang.Exception)].JML block contract.0 
135192     DEBUG main            d.u.i.k.p.i.IntermediateProofReplayer Proof replay took 13.9ns 
135796     INFO  main            d.u.i.k.p.r.p.TestFile    ... finished proof: open goal(s) 
136081     INFO  main            d.u.i.k.p.r.p.TestFile    Now processing file /home/runner/work/key/key/key.core/../key.ui/examples/heap/block_loop_contracts/Finally/loop_finally.key 
136081     INFO  main            d.u.i.k.p.i.AbstractProblemLoader Loading environment from /home/runner/work/key/key/key.core/../key.ui/examples/heap/block_loop_contracts/Finally/loop_finally.key 
136081     DEBUG main            d.u.i.k.p.i.AbstractProblemLoader Environment load took 62ns 
136082     INFO  main            d.u.i.k.p.i.AbstractProblemLoader Creating init config 
138503     DEBUG main            d.u.i.k.p.i.AbstractProblemLoader Init config took 2.42s 
138540     INFO  main            d.u.i.k.p.i.AbstractProblemLoader Replaying proof AuxiliaryContractsFinally[AuxiliaryContractsFinally::breakThrowContinueLoopContract(java.lang.Exception)].JML normal_behavior loop contract.0 
138542     DEBUG main            d.u.i.k.p.i.IntermediateProofReplayer Proof replay took 12.4ns 
139167     INFO  main            d.u.i.k.p.r.p.TestFile    ... finished proof: open goal(s) 
643908     INFO  Test worker     d.u.i.k.p.r.RunAllProofsTestUnit Returning from test blockContracts 
643909     INFO  Test worker     d.u.i.k.p.r.RunAllProofsTestUnit Running test jmlAsserts 
382        INFO  Timeout watchdog d.u.i.k.p.r.p.ForkedTestFileRunner Timeout watcher launched (2000 secs.) 
404        WARN  main            d.u.i.k.s.ProofSettings   The settings in /home/runner/.key/proof-settings.props are *not* read. 
444        INFO  main            d.u.i.k.p.r.p.TestFile    Now processing file /home/runner/work/key/key/key.core/../key.ui/examples/standard_key/java_dl/jml-assert/assert.key 
594        INFO  main            d.u.i.k.p.i.AbstractProblemLoader Loading environment from /home/runner/work/key/key/key.core/../key.ui/examples/standard_key/java_dl/jml-assert/assert.key 
611        DEBUG main            d.u.i.k.p.i.AbstractProblemLoader Environment load took 2.46ms 
827        INFO  main            d.u.i.k.p.i.AbstractProblemLoader Creating init config 
1790       DEBUG main            d.u.i.k.j.TypeConverter   No LDT found for Meta 
1791       DEBUG main            d.u.i.k.j.TypeConverter   No LDT found for Meta 
1792       DEBUG main            d.u.i.k.j.TypeConverter   No LDT found for Meta 
1793       DEBUG main            d.u.i.k.j.TypeConverter   No LDT found for Meta 
3164       DEBUG main            d.u.i.k.j.TypeConverter   No LDT found for JavaBigintExpression 
8008       DEBUG main            d.u.i.k.p.i.AbstractProblemLoader Init config took 7.18s 
8137       INFO  main            d.u.i.k.p.i.AbstractProblemLoader Replaying proof Assert[Assert::createArray(int)].JML normal_behavior operation contract.0 
8170       DEBUG main            d.u.i.k.p.i.IntermediateProofReplayer Proof replay took 33.4ns 
9045       INFO  main            d.u.i.k.p.r.p.TestFile    ... finished proof: closed. 
9181       INFO  main            d.u.i.k.p.i.AbstractProblemLoader Loading environment from /home/runner/work/key/key/key.core/../key.ui/examples/standard_key/java_dl/jml-assert/assert.key.proof 
9182       DEBUG main            d.u.i.k.p.i.AbstractProblemLoader Environment load took 1.47ms 
9187       INFO  main            d.u.i.k.p.i.AbstractProblemLoader Creating init config 
12203      DEBUG main            d.u.i.k.p.i.AbstractProblemLoader Init config took 3.02s 
12289      INFO  main            d.u.i.k.p.i.AbstractProblemLoader Replaying proof Assert[Assert::createArray(int)].JML normal_behavior operation contract.0 
12457      DEBUG main            d.u.i.k.p.i.IntermediateProofReplayer Proof replay took 159.17ms 
12465      DEBUG main            d.u.i.k.p.r.p.TestFile    ... success: reloaded. 
12467      INFO  main            d.u.i.k.p.r.p.TestFile    Now processing file /home/runner/work/key/key/key.core/../key.ui/examples/heap/block_loop_contracts/Free/assertions0.key 
12467      INFO  main            d.u.i.k.p.i.AbstractProblemLoader Loading environment from /home/runner/work/key/key/key.core/../key.ui/examples/heap/block_loop_contracts/Free/assertions0.key 
12468      DEBUG main            d.u.i.k.p.i.AbstractProblemLoader Environment load took 256.4ns 
12469      INFO  main            d.u.i.k.p.i.AbstractProblemLoader Creating init config 
15122      DEBUG main            d.u.i.k.p.i.AbstractProblemLoader Init config took 2.65s 
15183      INFO  main            d.u.i.k.p.i.AbstractProblemLoader Replaying proof FreeConditions[FreeConditions::assertions0()].JML normal_behavior operation contract.0 
15190      DEBUG main            d.u.i.k.p.i.IntermediateProofReplayer Proof replay took 15.4ns 
15394      INFO  main            d.u.i.k.p.r.p.TestFile    ... finished proof: closed. 
15525      INFO  main            d.u.i.k.p.i.AbstractProblemLoader Loading environment from /home/runner/work/key/key/key.core/../key.ui/examples/heap/block_loop_contracts/Free/assertions0.key.proof 
15525      DEBUG main            d.u.i.k.p.i.AbstractProblemLoader Environment load took 127ns 
15527      INFO  main            d.u.i.k.p.i.AbstractProblemLoader Creating init config 
18088      DEBUG main            d.u.i.k.p.i.AbstractProblemLoader Init config took 2.56s 
18137      INFO  main            d.u.i.k.p.i.AbstractProblemLoader Replaying proof FreeConditions[FreeConditions::assertions0()].JML normal_behavior operation contract.0 
18162      DEBUG main            d.u.i.k.p.i.IntermediateProofReplayer Proof replay took 22.53ms 
18164      DEBUG main            d.u.i.k.p.r.p.TestFile    ... success: reloaded. 
18165      INFO  main            d.u.i.k.p.r.p.TestFile    Now processing file /home/runner/work/key/key/key.core/../key.ui/examples/heap/block_loop_contracts/Free/assertions1.key 
18165      INFO  main            d.u.i.k.p.i.AbstractProblemLoader Loading environment from /home/runner/work/key/key/key.core/../key.ui/examples/heap/block_loop_contracts/Free/assertions1.key 
18166      DEBUG main            d.u.i.k.p.i.AbstractProblemLoader Environment load took 247ns 
18167      INFO  main            d.u.i.k.p.i.AbstractProblemLoader Creating init config 
20645      DEBUG main            d.u.i.k.p.i.AbstractProblemLoader Init config took 2.48s 
20690      INFO  main            d.u.i.k.p.i.AbstractProblemLoader Replaying proof FreeConditions[FreeConditions::assertions1()].JML normal_behavior operation contract.0 
20693      DEBUG main            d.u.i.k.p.i.IntermediateProofReplayer Proof replay took 23.4ns 
20796      INFO  main            d.u.i.k.p.r.p.TestFile    ... finished proof: closed. 
20993      INFO  main            d.u.i.k.p.i.AbstractProblemLoader Loading environment from /home/runner/work/key/key/key.core/../key.ui/examples/heap/block_loop_contracts/Free/assertions1.key.proof 
20993      DEBUG main            d.u.i.k.p.i.AbstractProblemLoader Environment load took 140.2ns 
20994      INFO  main            d.u.i.k.p.i.AbstractProblemLoader Creating init config 
23531      DEBUG main            d.u.i.k.p.i.AbstractProblemLoader Init config took 2.54s 
23576      INFO  main            d.u.i.k.p.i.AbstractProblemLoader Replaying proof FreeConditions[FreeConditions::assertions1()].JML normal_behavior operation contract.0 
23584      DEBUG main            d.u.i.k.p.i.IntermediateProofReplayer Proof replay took 5.33ms 
23585      DEBUG main            d.u.i.k.p.r.p.TestFile    ... success: reloaded. 
23586      INFO  main            d.u.i.k.p.r.p.TestFile    Now processing file /home/runner/work/key/key/key.core/../key.ui/examples/standard_key/java_dl/jml-assert/recursion-assert.key 
23587      INFO  main            d.u.i.k.p.i.AbstractProblemLoader Loading environment from /home/runner/work/key/key/key.core/../key.ui/examples/standard_key/java_dl/jml-assert/recursion-assert.key 
23587      DEBUG main            d.u.i.k.p.i.AbstractProblemLoader Environment load took 227ns 
23588      INFO  main            d.u.i.k.p.i.AbstractProblemLoader Creating init config 
26235      DEBUG main            d.u.i.k.p.i.AbstractProblemLoader Init config took 2.65s 
26280      INFO  main            d.u.i.k.p.i.AbstractProblemLoader Replaying proof RecursiveMethod[RecursiveMethod::fac1(int)].JML normal_behavior operation contract.0 
26282      DEBUG main            d.u.i.k.p.i.IntermediateProofReplayer Proof replay took 6.6ns 
26485      INFO  main            d.u.i.k.p.r.p.TestFile    ... finished proof: closed. 
26657      INFO  main            d.u.i.k.p.i.AbstractProblemLoader Loading environment from /home/runner/work/key/key/key.core/../key.ui/examples/standard_key/java_dl/jml-assert/recursion-assert.key.proof 
26658      DEBUG main            d.u.i.k.p.i.AbstractProblemLoader Environment load took 530.11ns 
26659      INFO  main            d.u.i.k.p.i.AbstractProblemLoader Creating init config 
29215      DEBUG main            d.u.i.k.p.i.AbstractProblemLoader Init config took 2.56s 
29259      INFO  main            d.u.i.k.p.i.AbstractProblemLoader Replaying proof RecursiveMethod[RecursiveMethod::fac1(int)].JML normal_behavior operation contract.0 
29301      DEBUG main            d.u.i.k.p.i.IntermediateProofReplayer Proof replay took 39.31ms 
29303      DEBUG main            d.u.i.k.p.r.p.TestFile    ... success: reloaded. 
29304      INFO  main            d.u.i.k.p.r.p.TestFile    Now processing file /home/runner/work/key/key/key.core/../key.ui/examples/standard_key/java_dl/jml-assert/recursion-assume.key 
29304      INFO  main            d.u.i.k.p.i.AbstractProblemLoader Loading environment from /home/runner/work/key/key/key.core/../key.ui/examples/standard_key/java_dl/jml-assert/recursion-assume.key 
29305      DEBUG main            d.u.i.k.p.i.AbstractProblemLoader Environment load took 242ns 
29306      INFO  main            d.u.i.k.p.i.AbstractProblemLoader Creating init config 
31955      DEBUG main            d.u.i.k.p.i.AbstractProblemLoader Init config took 2.65s 
31998      INFO  main            d.u.i.k.p.i.AbstractProblemLoader Replaying proof RecursiveMethod[RecursiveMethod::fac2(int)].JML normal_behavior operation contract.0 
32000      DEBUG main            d.u.i.k.p.i.IntermediateProofReplayer Proof replay took 8.1ns 
32203      INFO  main            d.u.i.k.p.r.p.TestFile    ... finished proof: closed. 
32518      INFO  main            d.u.i.k.p.i.AbstractProblemLoader Loading environment from /home/runner/work/key/key/key.core/../key.ui/examples/standard_key/java_dl/jml-assert/recursion-assume.key.proof 
32519      DEBUG main            d.u.i.k.p.i.AbstractProblemLoader Environment load took 134.3ns 
32520      INFO  main            d.u.i.k.p.i.AbstractProblemLoader Creating init config 
35040      DEBUG main            d.u.i.k.p.i.AbstractProblemLoader Init config took 2.52s 
35087      INFO  main            d.u.i.k.p.i.AbstractProblemLoader Replaying proof RecursiveMethod[RecursiveMethod::fac2(int)].JML normal_behavior operation contract.0 
35126      DEBUG main            d.u.i.k.p.i.IntermediateProofReplayer Proof replay took 36.69ms 
35128      DEBUG main            d.u.i.k.p.r.p.TestFile    ... success: reloaded. 
35129      INFO  main            d.u.i.k.p.r.p.TestFile    Now processing file /home/runner/work/key/key/key.core/../key.ui/examples/standard_key/java_dl/jml-assert/quantor-assert.key 
35129      INFO  main            d.u.i.k.p.i.AbstractProblemLoader Loading environment from /home/runner/work/key/key/key.core/../key.ui/examples/standard_key/java_dl/jml-assert/quantor-assert.key 
35129      DEBUG main            d.u.i.k.p.i.AbstractProblemLoader Environment load took 229.6ns 
35130      INFO  main            d.u.i.k.p.i.AbstractProblemLoader Creating init config 
37760      DEBUG main            d.u.i.k.p.i.AbstractProblemLoader Init config took 2.63s 
37801      INFO  main            d.u.i.k.p.i.AbstractProblemLoader Replaying proof Quantor[Quantor::square1(int)].JML normal_behavior operation contract.0 
37802      DEBUG main            d.u.i.k.p.i.IntermediateProofReplayer Proof replay took 7ns 
37905      INFO  main            d.u.i.k.p.r.p.TestFile    ... finished proof: closed. 
38077      INFO  main            d.u.i.k.p.i.AbstractProblemLoader Loading environment from /home/runner/work/key/key/key.core/../key.ui/examples/standard_key/java_dl/jml-assert/quantor-assert.key.proof 
38077      DEBUG main            d.u.i.k.p.i.AbstractProblemLoader Environment load took 130.2ns 
38078      INFO  main            d.u.i.k.p.i.AbstractProblemLoader Creating init config 
40563      DEBUG main            d.u.i.k.p.i.AbstractProblemLoader Init config took 2.48s 
40604      INFO  main            d.u.i.k.p.i.AbstractProblemLoader Replaying proof Quantor[Quantor::square1(int)].JML normal_behavior operation contract.0 
40622      DEBUG main            d.u.i.k.p.i.IntermediateProofReplayer Proof replay took 15.67ms 
40623      DEBUG main            d.u.i.k.p.r.p.TestFile    ... success: reloaded. 
40624      INFO  main            d.u.i.k.p.r.p.TestFile    Now processing file /home/runner/work/key/key/key.core/../key.ui/examples/standard_key/java_dl/jml-assert/quantor-assume.key 
40625      INFO  main            d.u.i.k.p.i.AbstractProblemLoader Loading environment from /home/runner/work/key/key/key.core/../key.ui/examples/standard_key/java_dl/jml-assert/quantor-assume.key 
40625      DEBUG main            d.u.i.k.p.i.AbstractProblemLoader Environment load took 225.9ns 
40626      INFO  main            d.u.i.k.p.i.AbstractProblemLoader Creating init config 
43214      DEBUG main            d.u.i.k.p.i.AbstractProblemLoader Init config took 2.59s 
43255      INFO  main            d.u.i.k.p.i.AbstractProblemLoader Replaying proof Quantor[Quantor::square2(int)].JML normal_behavior operation contract.0 
43257      DEBUG main            d.u.i.k.p.i.IntermediateProofReplayer Proof replay took 8.2ns 
43359      INFO  main            d.u.i.k.p.r.p.TestFile    ... finished proof: closed. 
43539      INFO  main            d.u.i.k.p.i.AbstractProblemLoader Loading environment from /home/runner/work/key/key/key.core/../key.ui/examples/standard_key/java_dl/jml-assert/quantor-assume.key.proof 
43539      DEBUG main            d.u.i.k.p.i.AbstractProblemLoader Environment load took 129.2ns 
43540      INFO  main            d.u.i.k.p.i.AbstractProblemLoader Creating init config 
46063      DEBUG main            d.u.i.k.p.i.AbstractProblemLoader Init config took 2.52s 
46103      INFO  main            d.u.i.k.p.i.AbstractProblemLoader Replaying proof Quantor[Quantor::square2(int)].JML normal_behavior operation contract.0 
46119      DEBUG main            d.u.i.k.p.i.IntermediateProofReplayer Proof replay took 13.73ms 
46120      DEBUG main            d.u.i.k.p.r.p.TestFile    ... success: reloaded. 
46121      INFO  main            d.u.i.k.p.r.p.TestFile    Now processing file /home/runner/work/key/key/key.core/../key.ui/examples/standard_key/java_dl/jml-assert/model-methods-static-static.key 
46121      INFO  main            d.u.i.k.p.i.AbstractProblemLoader Loading environment from /home/runner/work/key/key/key.core/../key.ui/examples/standard_key/java_dl/jml-assert/model-methods-static-static.key 
46121      DEBUG main            d.u.i.k.p.i.AbstractProblemLoader Environment load took 99.3ns 
46122      INFO  main            d.u.i.k.p.i.AbstractProblemLoader Creating init config 
48650      DEBUG main            d.u.i.k.p.i.AbstractProblemLoader Init config took 2.53s 
48691      INFO  main            d.u.i.k.p.i.AbstractProblemLoader Replaying proof ModelMethods[ModelMethods::test1()].JML normal_behavior operation contract.0 
48692      DEBUG main            d.u.i.k.p.i.IntermediateProofReplayer Proof replay took 6.9ns 
48797      INFO  main            d.u.i.k.p.r.p.TestFile    ... finished proof: closed. 
48982      INFO  main            d.u.i.k.p.i.AbstractProblemLoader Loading environment from /home/runner/work/key/key/key.core/../key.ui/examples/standard_key/java_dl/jml-assert/model-methods-static-static.key.proof 
48982      DEBUG main            d.u.i.k.p.i.AbstractProblemLoader Environment load took 121.3ns 
48984      INFO  main            d.u.i.k.p.i.AbstractProblemLoader Creating init config 
51448      DEBUG main            d.u.i.k.p.i.AbstractProblemLoader Init config took 2.46s 
51492      INFO  main            d.u.i.k.p.i.AbstractProblemLoader Replaying proof ModelMethods[ModelMethods::test1()].JML normal_behavior operation contract.0 
51500      DEBUG main            d.u.i.k.p.i.IntermediateProofReplayer Proof replay took 6.5ms 
51501      DEBUG main            d.u.i.k.p.r.p.TestFile    ... success: reloaded. 
51502      INFO  main            d.u.i.k.p.r.p.TestFile    Now processing file /home/runner/work/key/key/key.core/../key.ui/examples/standard_key/java_dl/jml-assert/model-methods-instance-static.key 
51502      INFO  main            d.u.i.k.p.i.AbstractProblemLoader Loading environment from /home/runner/work/key/key/key.core/../key.ui/examples/standard_key/java_dl/jml-assert/model-methods-instance-static.key 
51502      DEBUG main            d.u.i.k.p.i.AbstractProblemLoader Environment load took 88.9ns 
51503      INFO  main            d.u.i.k.p.i.AbstractProblemLoader Creating init config 
54053      DEBUG main            d.u.i.k.p.i.AbstractProblemLoader Init config took 2.55s 
54107      INFO  main            d.u.i.k.p.i.AbstractProblemLoader Replaying proof ModelMethods[ModelMethods::test2()].JML normal_behavior operation contract.0 
54108      DEBUG main            d.u.i.k.p.i.IntermediateProofReplayer Proof replay took 7.8ns 
54211      INFO  main            d.u.i.k.p.r.p.TestFile    ... finished proof: closed. 
54405      INFO  main            d.u.i.k.p.i.AbstractProblemLoader Loading environment from /home/runner/work/key/key/key.core/../key.ui/examples/standard_key/java_dl/jml-assert/model-methods-instance-static.key.proof 
54405      DEBUG main            d.u.i.k.p.i.AbstractProblemLoader Environment load took 133ns 
54406      INFO  main            d.u.i.k.p.i.AbstractProblemLoader Creating init config 
56898      DEBUG main            d.u.i.k.p.i.AbstractProblemLoader Init config took 2.49s 
56941      INFO  main            d.u.i.k.p.i.AbstractProblemLoader Replaying proof ModelMethods[ModelMethods::test2()].JML normal_behavior operation contract.0 
56963      DEBUG main            d.u.i.k.p.i.IntermediateProofReplayer Proof replay took 12.89ms 
56964      DEBUG main            d.u.i.k.p.r.p.TestFile    ... success: reloaded. 
56965      INFO  main            d.u.i.k.p.r.p.TestFile    Now processing file /home/runner/work/key/key/key.core/../key.ui/examples/standard_key/java_dl/jml-assert/model-methods-instance-instance.key 
56966      INFO  main            d.u.i.k.p.i.AbstractProblemLoader Loading environment from /home/runner/work/key/key/key.core/../key.ui/examples/standard_key/java_dl/jml-assert/model-methods-instance-instance.key 
56966      DEBUG main            d.u.i.k.p.i.AbstractProblemLoader Environment load took 108.7ns 
56967      INFO  main            d.u.i.k.p.i.AbstractProblemLoader Creating init config 
59542      DEBUG main            d.u.i.k.p.i.AbstractProblemLoader Init config took 2.58s 
59582      INFO  main            d.u.i.k.p.i.AbstractProblemLoader Replaying proof ModelMethods[ModelMethods::test3()].JML normal_behavior operation contract.0 
59583      DEBUG main            d.u.i.k.p.i.IntermediateProofReplayer Proof replay took 6.2ns 
59685      INFO  main            d.u.i.k.p.r.p.TestFile    ... finished proof: closed. 
59880      INFO  main            d.u.i.k.p.i.AbstractProblemLoader Loading environment from /home/runner/work/key/key/key.core/../key.ui/examples/standard_key/java_dl/jml-assert/model-methods-instance-instance.key.proof 
59880      DEBUG main            d.u.i.k.p.i.AbstractProblemLoader Environment load took 136.7ns 
59881      INFO  main            d.u.i.k.p.i.AbstractProblemLoader Creating init config 
62363      DEBUG main            d.u.i.k.p.i.AbstractProblemLoader Init config took 2.48s 
62401      INFO  main            d.u.i.k.p.i.AbstractProblemLoader Replaying proof ModelMethods[ModelMethods::test3()].JML normal_behavior operation contract.0 
62413      DEBUG main            d.u.i.k.p.i.IntermediateProofReplayer Proof replay took 10.44ms 
62414      DEBUG main            d.u.i.k.p.r.p.TestFile    ... success: reloaded. 
62415      INFO  main            d.u.i.k.p.r.p.TestFile    Now processing file /home/runner/work/key/key/key.core/../key.ui/examples/standard_key/java_dl/jml-assert/model-methods-static-instance.key 
62415      INFO  main            d.u.i.k.p.i.AbstractProblemLoader Loading environment from /home/runner/work/key/key/key.core/../key.ui/examples/standard_key/java_dl/jml-assert/model-methods-static-instance.key 
62415      DEBUG main            d.u.i.k.p.i.AbstractProblemLoader Environment load took 102.1ns 
62416      INFO  main            d.u.i.k.p.i.AbstractProblemLoader Creating init config 
64957      DEBUG main            d.u.i.k.p.i.AbstractProblemLoader Init config took 2.54s 
65003      INFO  main            d.u.i.k.p.i.AbstractProblemLoader Replaying proof ModelMethods[ModelMethods::test4()].JML normal_behavior operation contract.0 
65004      DEBUG main            d.u.i.k.p.i.IntermediateProofReplayer Proof replay took 7.7ns 
65106      INFO  main            d.u.i.k.p.r.p.TestFile    ... finished proof: closed. 
65313      INFO  main            d.u.i.k.p.i.AbstractProblemLoader Loading environment from /home/runner/work/key/key/key.core/../key.ui/examples/standard_key/java_dl/jml-assert/model-methods-static-instance.key.proof 
65313      DEBUG main            d.u.i.k.p.i.AbstractProblemLoader Environment load took 126.4ns 
65314      INFO  main            d.u.i.k.p.i.AbstractProblemLoader Creating init config 
67807      DEBUG main            d.u.i.k.p.i.AbstractProblemLoader Init config took 2.49s 
67854      INFO  main            d.u.i.k.p.i.AbstractProblemLoader Replaying proof ModelMethods[ModelMethods::test4()].JML normal_behavior operation contract.0 
67887      DEBUG main            d.u.i.k.p.i.IntermediateProofReplayer Proof replay took 31.54ms 
67888      DEBUG main            d.u.i.k.p.r.p.TestFile    ... success: reloaded. 
67889      INFO  main            d.u.i.k.p.r.p.TestFile    Now processing file /home/runner/work/key/key/key.core/../key.ui/examples/standard_key/java_dl/jml-assert/assert-old/inc-field.key 
67890      INFO  main            d.u.i.k.p.i.AbstractProblemLoader Loading environment from /home/runner/work/key/key/key.core/../key.ui/examples/standard_key/java_dl/jml-assert/assert-old/inc-field.key 
67890      DEBUG main            d.u.i.k.p.i.AbstractProblemLoader Environment load took 103.3ns 
67890      INFO  main            d.u.i.k.p.i.AbstractProblemLoader Creating init config 
70334      DEBUG main            d.u.i.k.p.i.AbstractProblemLoader Init config took 2.44s 
70369      INFO  main            d.u.i.k.p.i.AbstractProblemLoader Replaying proof Inc[Inc::inc_field()].JML normal_behavior operation contract.0 
70370      DEBUG main            d.u.i.k.p.i.IntermediateProofReplayer Proof replay took 7.9ns 
70472      INFO  main            d.u.i.k.p.r.p.TestFile    ... finished proof: closed. 
70680      INFO  main            d.u.i.k.p.i.AbstractProblemLoader Loading environment from /home/runner/work/key/key/key.core/../key.ui/examples/standard_key/java_dl/jml-assert/assert-old/inc-field.key.proof 
70680      DEBUG main            d.u.i.k.p.i.AbstractProblemLoader Environment load took 144.3ns 
70681      INFO  main            d.u.i.k.p.i.AbstractProblemLoader Creating init config 
73066      DEBUG main            d.u.i.k.p.i.AbstractProblemLoader Init config took 2.38s 
73102      INFO  main            d.u.i.k.p.i.AbstractProblemLoader Replaying proof Inc[Inc::inc_field()].JML normal_behavior operation contract.0 
73132      DEBUG main            d.u.i.k.p.i.IntermediateProofReplayer Proof replay took 27.86ms 
73133      DEBUG main            d.u.i.k.p.r.p.TestFile    ... success: reloaded. 
73134      INFO  main            d.u.i.k.p.r.p.TestFile    Now processing file /home/runner/work/key/key/key.core/../key.ui/examples/standard_key/java_dl/jml-assert/assert-old/inc-parameter.key 
73135      INFO  main            d.u.i.k.p.i.AbstractProblemLoader Loading environment from /home/runner/work/key/key/key.core/../key.ui/examples/standard_key/java_dl/jml-assert/assert-old/inc-parameter.key 
73135      DEBUG main            d.u.i.k.p.i.AbstractProblemLoader Environment load took 290.81ns 
73136      INFO  main            d.u.i.k.p.i.AbstractProblemLoader Creating init config 
75556      DEBUG main            d.u.i.k.p.i.AbstractProblemLoader Init config took 2.42s 
75592      INFO  main            d.u.i.k.p.i.AbstractProblemLoader Replaying proof Inc[Inc::inc_parameter(int)].JML normal_behavior operation contract.0 
75593      DEBUG main            d.u.i.k.p.i.IntermediateProofReplayer Proof replay took 7.2ns 
75695      INFO  main            d.u.i.k.p.r.p.TestFile    ... finished proof: closed. 
75916      INFO  main            d.u.i.k.p.i.AbstractProblemLoader Loading environment from /home/runner/work/key/key/key.core/../key.ui/examples/standard_key/java_dl/jml-assert/assert-old/inc-parameter.key.proof 
75917      DEBUG main            d.u.i.k.p.i.AbstractProblemLoader Environment load took 117ns 
75917      INFO  main            d.u.i.k.p.i.AbstractProblemLoader Creating init config 
78278      DEBUG main            d.u.i.k.p.i.AbstractProblemLoader Init config took 2.36s 
78313      INFO  main            d.u.i.k.p.i.AbstractProblemLoader Replaying proof Inc[Inc::inc_parameter(int)].JML normal_behavior operation contract.0 
78329      DEBUG main            d.u.i.k.p.i.IntermediateProofReplayer Proof replay took 13.37ms 
78330      DEBUG main            d.u.i.k.p.r.p.TestFile    ... success: reloaded. 
78331      INFO  main            d.u.i.k.p.r.p.TestFile    Now processing file /home/runner/work/key/key/key.core/../key.ui/examples/standard_key/java_dl/jml-assert/assert-old/inc-parameter-field.key 
78331      INFO  main            d.u.i.k.p.i.AbstractProblemLoader Loading environment from /home/runner/work/key/key/key.core/../key.ui/examples/standard_key/java_dl/jml-assert/assert-old/inc-parameter-field.key 
78331      DEBUG main            d.u.i.k.p.i.AbstractProblemLoader Environment load took 223.1ns 
78332      INFO  main            d.u.i.k.p.i.AbstractProblemLoader Creating init config 
80798      DEBUG main            d.u.i.k.p.i.AbstractProblemLoader Init config took 2.47s 
80830      INFO  main            d.u.i.k.p.i.AbstractProblemLoader Replaying proof Inc[Inc::inc_parameter_field(Inc)].JML normal_behavior operation contract.0 
80831      DEBUG main            d.u.i.k.p.i.IntermediateProofReplayer Proof replay took 22.4ns 
80933      INFO  main            d.u.i.k.p.r.p.TestFile    ... finished proof: closed. 
81163      INFO  main            d.u.i.k.p.i.AbstractProblemLoader Loading environment from /home/runner/work/key/key/key.core/../key.ui/examples/standard_key/java_dl/jml-assert/assert-old/inc-parameter-field.key.proof 
81163      DEBUG main            d.u.i.k.p.i.AbstractProblemLoader Environment load took 125.9ns 
81164      INFO  main            d.u.i.k.p.i.AbstractProblemLoader Creating init config 
83527      DEBUG main            d.u.i.k.p.i.AbstractProblemLoader Init config took 2.36s 
83561      INFO  main            d.u.i.k.p.i.AbstractProblemLoader Replaying proof Inc[Inc::inc_parameter_field(Inc)].JML normal_behavior operation contract.0 
83613      DEBUG main            d.u.i.k.p.i.IntermediateProofReplayer Proof replay took 48.24ms 
83615      DEBUG main            d.u.i.k.p.r.p.TestFile    ... success: reloaded. 
83616      INFO  main            d.u.i.k.p.r.p.TestFile    Now processing file /home/runner/work/key/key/key.core/../key.ui/examples/standard_key/java_dl/jml-assert/assert-old/inc-ghost-field.key 
83616      INFO  main            d.u.i.k.p.i.AbstractProblemLoader Loading environment from /home/runner/work/key/key/key.core/../key.ui/examples/standard_key/java_dl/jml-assert/assert-old/inc-ghost-field.key 
83616      DEBUG main            d.u.i.k.p.i.AbstractProblemLoader Environment load took 223.6ns 
83617      INFO  main            d.u.i.k.p.i.AbstractProblemLoader Creating init config 
86028      DEBUG main            d.u.i.k.p.i.AbstractProblemLoader Init config took 2.41s 
86061      INFO  main            d.u.i.k.p.i.AbstractProblemLoader Replaying proof Inc[Inc::inc_ghost_field()].JML normal_behavior operation contract.0 
86062      DEBUG main            d.u.i.k.p.i.IntermediateProofReplayer Proof replay took 6.9ns 
86169      INFO  main            d.u.i.k.p.r.p.TestFile    ... finished proof: closed. 
86405      INFO  main            d.u.i.k.p.i.AbstractProblemLoader Loading environment from /home/runner/work/key/key/key.core/../key.ui/examples/standard_key/java_dl/jml-assert/assert-old/inc-ghost-field.key.proof 
86405      DEBUG main            d.u.i.k.p.i.AbstractProblemLoader Environment load took 127.5ns 
86406      INFO  main            d.u.i.k.p.i.AbstractProblemLoader Creating init config 
88765      DEBUG main            d.u.i.k.p.i.AbstractProblemLoader Init config took 2.36s 
88798      INFO  main            d.u.i.k.p.i.AbstractProblemLoader Replaying proof Inc[Inc::inc_ghost_field()].JML normal_behavior operation contract.0 
88826      DEBUG main            d.u.i.k.p.i.IntermediateProofReplayer Proof replay took 26.18ms 
88827      DEBUG main            d.u.i.k.p.r.p.TestFile    ... success: reloaded. 
732915     INFO  Test worker     d.u.i.k.p.r.RunAllProofsTestUnit Returning from test jmlAsserts 
732916     INFO  Test worker     d.u.i.k.p.r.RunAllProofsTestUnit Running test javaCard 
333        INFO  Timeout watchdog d.u.i.k.p.r.p.ForkedTestFileRunner Timeout watcher launched (2000 secs.) 
361        WARN  main            d.u.i.k.s.ProofSettings   The settings in /home/runner/.key/proof-settings.props are *not* read. 
396        INFO  main            d.u.i.k.p.r.p.TestFile    Now processing file /home/runner/work/key/key/key.core/../key.ui/examples/heap/javacard/updateBalance0.key 
506        INFO  main            d.u.i.k.p.i.AbstractProblemLoader Loading environment from /home/runner/work/key/key/key.core/../key.ui/examples/heap/javacard/updateBalance0.key 
522        DEBUG main            d.u.i.k.p.i.AbstractProblemLoader Environment load took 1.82ms 
748        INFO  main            d.u.i.k.p.i.AbstractProblemLoader Creating init config 
1638       DEBUG main            d.u.i.k.j.TypeConverter   No LDT found for Meta 
1639       DEBUG main            d.u.i.k.j.TypeConverter   No LDT found for Meta 
1640       DEBUG main            d.u.i.k.j.TypeConverter   No LDT found for Meta 
1641       DEBUG main            d.u.i.k.j.TypeConverter   No LDT found for Meta 
3046       DEBUG main            d.u.i.k.j.TypeConverter   No LDT found for JavaBigintExpression 
6449       DEBUG main            d.u.i.k.p.i.AbstractProblemLoader Init config took 5.7s 
6594       INFO  main            d.u.i.k.p.i.AbstractProblemLoader Replaying proof Examples[Examples::updateBalance(short)].JML normal_behavior operation contract.0 
6628       DEBUG main            d.u.i.k.p.i.IntermediateProofReplayer Proof replay took 34.4ns 
7991       INFO  main            d.u.i.k.p.r.p.TestFile    ... finished proof: closed. 
8110       INFO  main            d.u.i.k.p.i.AbstractProblemLoader Loading environment from /home/runner/work/key/key/key.core/../key.ui/examples/heap/javacard/updateBalance0.key.proof 
8111       DEBUG main            d.u.i.k.p.i.AbstractProblemLoader Environment load took 521.31ns 
8113       INFO  main            d.u.i.k.p.i.AbstractProblemLoader Creating init config 
9799       DEBUG main            d.u.i.k.p.i.AbstractProblemLoader Init config took 1.69s 
9868       INFO  main            d.u.i.k.p.i.AbstractProblemLoader Replaying proof Examples[Examples::updateBalance(short)].JML normal_behavior operation contract.0 
10085      DEBUG main            d.u.i.k.p.i.IntermediateProofReplayer Proof replay took 207.58ms 
10094      DEBUG main            d.u.i.k.p.r.p.TestFile    ... success: reloaded. 
10098      INFO  main            d.u.i.k.p.r.p.TestFile    Now processing file /home/runner/work/key/key/key.core/../key.ui/examples/heap/javacard/updateBalance1.key 
10098      INFO  main            d.u.i.k.p.i.AbstractProblemLoader Loading environment from /home/runner/work/key/key/key.core/../key.ui/examples/heap/javacard/updateBalance1.key 
10099      DEBUG main            d.u.i.k.p.i.AbstractProblemLoader Environment load took 351.31ns 
10100      INFO  main            d.u.i.k.p.i.AbstractProblemLoader Creating init config 
11791      DEBUG main            d.u.i.k.p.i.AbstractProblemLoader Init config took 1.69s 
11843      INFO  main            d.u.i.k.p.i.AbstractProblemLoader Replaying proof Examples[Examples::updateBalance(short)].JML normal_behavior operation contract.1 
11849      DEBUG main            d.u.i.k.p.i.IntermediateProofReplayer Proof replay took 7.8ns 
12559      INFO  main            d.u.i.k.p.r.p.TestFile    ... finished proof: closed. 
12686      INFO  main            d.u.i.k.p.i.AbstractProblemLoader Loading environment from /home/runner/work/key/key/key.core/../key.ui/examples/heap/javacard/updateBalance1.key.proof 
12686      DEBUG main            d.u.i.k.p.i.AbstractProblemLoader Environment load took 542.21ns 
12690      INFO  main            d.u.i.k.p.i.AbstractProblemLoader Creating init config 
14260      DEBUG main            d.u.i.k.p.i.AbstractProblemLoader Init config took 1.57s 
14305      INFO  main            d.u.i.k.p.i.AbstractProblemLoader Replaying proof Examples[Examples::updateBalance(short)].JML normal_behavior operation contract.1 
14481      DEBUG main            d.u.i.k.p.i.IntermediateProofReplayer Proof replay took 170.73ms 
14485      DEBUG main            d.u.i.k.p.r.p.TestFile    ... success: reloaded. 
14489      INFO  main            d.u.i.k.p.r.p.TestFile    Now processing file /home/runner/work/key/key/key.core/../key.ui/examples/heap/javacard/setArray1.key 
14490      INFO  main            d.u.i.k.p.i.AbstractProblemLoader Loading environment from /home/runner/work/key/key/key.core/../key.ui/examples/heap/javacard/setArray1.key 
14490      DEBUG main            d.u.i.k.p.i.AbstractProblemLoader Environment load took 138.7ns 
14492      INFO  main            d.u.i.k.p.i.AbstractProblemLoader Creating init config 
16115      DEBUG main            d.u.i.k.p.i.AbstractProblemLoader Init config took 1.62s 
16157      INFO  main            d.u.i.k.p.i.AbstractProblemLoader Replaying proof Examples[Examples::setArray1([B)].JML normal_behavior operation contract.0 
16159      DEBUG main            d.u.i.k.p.i.IntermediateProofReplayer Proof replay took 6ns 
17264      INFO  main            d.u.i.k.p.r.p.TestFile    ... finished proof: closed. 
17401      INFO  main            d.u.i.k.p.i.AbstractProblemLoader Loading environment from /home/runner/work/key/key/key.core/../key.ui/examples/heap/javacard/setArray1.key.proof 
17401      DEBUG main            d.u.i.k.p.i.AbstractProblemLoader Environment load took 498.61ns 
17403      INFO  main            d.u.i.k.p.i.AbstractProblemLoader Creating init config 
18926      DEBUG main            d.u.i.k.p.i.AbstractProblemLoader Init config took 1.52s 
18973      INFO  main            d.u.i.k.p.i.AbstractProblemLoader Replaying proof Examples[Examples::setArray1([B)].JML normal_behavior operation contract.0 
19168      DEBUG main            d.u.i.k.p.i.IntermediateProofReplayer Proof replay took 189.48ms 
19170      DEBUG main            d.u.i.k.p.r.p.TestFile    ... success: reloaded. 
19172      INFO  main            d.u.i.k.p.r.p.TestFile    Now processing file /home/runner/work/key/key/key.core/../key.ui/examples/heap/javacard/setArray2.key 
19173      INFO  main            d.u.i.k.p.i.AbstractProblemLoader Loading environment from /home/runner/work/key/key/key.core/../key.ui/examples/heap/javacard/setArray2.key 
19173      DEBUG main            d.u.i.k.p.i.AbstractProblemLoader Environment load took 252.5ns 
19174      INFO  main            d.u.i.k.p.i.AbstractProblemLoader Creating init config 
20759      DEBUG main            d.u.i.k.p.i.AbstractProblemLoader Init config took 1.58s 
20800      INFO  main            d.u.i.k.p.i.AbstractProblemLoader Replaying proof Examples[Examples::setArray2([B)].JML normal_behavior operation contract.0 
20802      DEBUG main            d.u.i.k.p.i.IntermediateProofReplayer Proof replay took 6.5ns 
22008      INFO  main            d.u.i.k.p.r.p.TestFile    ... finished proof: closed. 
22132      INFO  main            d.u.i.k.p.i.AbstractProblemLoader Loading environment from /home/runner/work/key/key/key.core/../key.ui/examples/heap/javacard/setArray2.key.proof 
22135      DEBUG main            d.u.i.k.p.i.AbstractProblemLoader Environment load took 2.12ms 
22136      INFO  main            d.u.i.k.p.i.AbstractProblemLoader Creating init config 
23696      DEBUG main            d.u.i.k.p.i.AbstractProblemLoader Init config took 1.56s 
23738      INFO  main            d.u.i.k.p.i.AbstractProblemLoader Replaying proof Examples[Examples::setArray2([B)].JML normal_behavior operation contract.0 
23957      DEBUG main            d.u.i.k.p.i.IntermediateProofReplayer Proof replay took 213.62ms 
23959      DEBUG main            d.u.i.k.p.r.p.TestFile    ... success: reloaded. 
23962      INFO  main            d.u.i.k.p.r.p.TestFile    Now processing file /home/runner/work/key/key/key.core/../key.ui/examples/heap/javacard/arrayFillNonAtomic.key 
23962      INFO  main            d.u.i.k.p.i.AbstractProblemLoader Loading environment from /home/runner/work/key/key/key.core/../key.ui/examples/heap/javacard/arrayFillNonAtomic.key 
23962      DEBUG main            d.u.i.k.p.i.AbstractProblemLoader Environment load took 240.4ns 
23964      INFO  main            d.u.i.k.p.i.AbstractProblemLoader Creating init config 
25526      DEBUG main            d.u.i.k.p.i.AbstractProblemLoader Init config took 1.56s 
25600      INFO  main            d.u.i.k.p.i.AbstractProblemLoader Replaying proof javacard.framework.Util[javacard.framework.Util::arrayFillNonAtomic([B,short,short,byte)].JML behavior operation contract.0.transaction_inactive 
25602      DEBUG main            d.u.i.k.p.i.IntermediateProofReplayer Proof replay took 6.9ns 
26571      DEBUG Thread-13       d.u.i.k.l.o.ProgramSV     Match failed: Former match of  SchemaVariable incompatible with  the current match. 
26572      DEBUG Thread-13       d.u.i.k.l.o.ProgramSV     Match failed: Former match of  SchemaVariable incompatible with  the current match. 
27892      DEBUG Thread-13       d.u.i.k.l.o.ProgramSV     Match failed: Former match of  SchemaVariable incompatible with  the current match. 
27893      DEBUG Thread-13       d.u.i.k.l.o.ProgramSV     Match failed: Former match of  SchemaVariable incompatible with  the current match. 
29515      INFO  main            d.u.i.k.p.r.p.TestFile    ... finished proof: closed. 
29677      INFO  main            d.u.i.k.p.i.AbstractProblemLoader Loading environment from /home/runner/work/key/key/key.core/../key.ui/examples/heap/javacard/arrayFillNonAtomic.key.proof 
29677      DEBUG main            d.u.i.k.p.i.AbstractProblemLoader Environment load took 145.4ns 
29681      INFO  main            d.u.i.k.p.i.AbstractProblemLoader Creating init config 
31191      DEBUG main            d.u.i.k.p.i.AbstractProblemLoader Init config took 1.51s 
31259      INFO  main            d.u.i.k.p.i.AbstractProblemLoader Replaying proof javacard.framework.Util[javacard.framework.Util::arrayFillNonAtomic([B,short,short,byte)].JML behavior operation contract.0.transaction_inactive 
32207      DEBUG main            d.u.i.k.p.i.IntermediateProofReplayer Proof replay took 912.97ms 
32208      DEBUG main            d.u.i.k.p.r.p.TestFile    ... success: reloaded. 
32210      INFO  main            d.u.i.k.p.r.p.TestFile    Now processing file /home/runner/work/key/key/key.core/../key.ui/examples/heap/coincidence_count/project.key 
32210      INFO  main            d.u.i.k.p.i.AbstractProblemLoader Loading environment from /home/runner/work/key/key/key.core/../key.ui/examples/heap/coincidence_count/project.key 
32210      DEBUG main            d.u.i.k.p.i.AbstractProblemLoader Environment load took 237.8ns 
32212      INFO  main            d.u.i.k.p.i.AbstractProblemLoader Creating init config 
35587      DEBUG main            d.u.i.k.p.i.AbstractProblemLoader Init config took 3.37s 
35635      INFO  main            d.u.i.k.p.i.AbstractProblemLoader Replaying proof CC[CC::calcCoinIndex([I,[I)].JML normal_behavior operation contract.0 
35639      DEBUG main            d.u.i.k.p.i.IntermediateProofReplayer Proof replay took 7.7ns 
55359      INFO  main            d.u.i.k.p.r.p.TestFile    ... finished proof: closed. 
55667      INFO  main            d.u.i.k.p.i.AbstractProblemLoader Loading environment from /home/runner/work/key/key/key.core/../key.ui/examples/heap/coincidence_count/project.key.proof 
55668      DEBUG main            d.u.i.k.p.i.AbstractProblemLoader Environment load took 539.3ns 
55672      INFO  main            d.u.i.k.p.i.AbstractProblemLoader Creating init config 
58204      DEBUG main            d.u.i.k.p.i.AbstractProblemLoader Init config took 2.53s 
58248      INFO  main            d.u.i.k.p.i.AbstractProblemLoader Replaying proof CC[CC::calcCoinIndex([I,[I)].JML normal_behavior operation contract.0 
59285      DEBUG main            d.u.i.k.p.i.IntermediateProofReplayer Proof replay took 978.22ms 
59288      DEBUG main            d.u.i.k.p.r.p.TestFile    ... success: reloaded. 
59290      INFO  main            d.u.i.k.p.r.p.TestFile    Now processing file /home/runner/work/key/key/key.core/../key.ui/examples/heap/verifyThis11_1_Maximum/project.key 
59290      INFO  main            d.u.i.k.p.i.AbstractProblemLoader Loading environment from /home/runner/work/key/key/key.core/../key.ui/examples/heap/verifyThis11_1_Maximum/project.key 
59291      DEBUG main            d.u.i.k.p.i.AbstractProblemLoader Environment load took 250.6ns 
59292      INFO  main            d.u.i.k.p.i.AbstractProblemLoader Creating init config 
61929      DEBUG main            d.u.i.k.p.i.AbstractProblemLoader Init config took 2.64s 
61979      INFO  main            d.u.i.k.p.i.AbstractProblemLoader Replaying proof Maximum[Maximum::maxIndex([I)].JML normal_behavior operation contract.0 
61981      DEBUG main            d.u.i.k.p.i.IntermediateProofReplayer Proof replay took 6.2ns 
63009      INFO  main            d.u.i.k.p.r.p.TestFile    ... finished proof: closed. 
63255      INFO  main            d.u.i.k.p.i.AbstractProblemLoader Loading environment from /home/runner/work/key/key/key.core/../key.ui/examples/heap/verifyThis11_1_Maximum/project.key.proof 
63256      DEBUG main            d.u.i.k.p.i.AbstractProblemLoader Environment load took 953.51ns 
63258      INFO  main            d.u.i.k.p.i.AbstractProblemLoader Creating init config 
65707      DEBUG main            d.u.i.k.p.i.AbstractProblemLoader Init config took 2.45s 
65757      INFO  main            d.u.i.k.p.i.AbstractProblemLoader Replaying proof Maximum[Maximum::maxIndex([I)].JML normal_behavior operation contract.0 
65935      DEBUG main            d.u.i.k.p.i.IntermediateProofReplayer Proof replay took 169.87ms 
65936      DEBUG main            d.u.i.k.p.r.p.TestFile    ... success: reloaded. 
65937      INFO  main            d.u.i.k.p.r.p.TestFile    Now processing file /home/runner/work/key/key/key.core/../key.ui/examples/heap/fm12_01_LRS/lcp.key 
65937      INFO  main            d.u.i.k.p.i.AbstractProblemLoader Loading environment from /home/runner/work/key/key/key.core/../key.ui/examples/heap/fm12_01_LRS/lcp.key 
65937      DEBUG main            d.u.i.k.p.i.AbstractProblemLoader Environment load took 265.9ns 
65938      INFO  main            d.u.i.k.p.i.AbstractProblemLoader Creating init config 
69052      DEBUG main            d.u.i.k.p.i.AbstractProblemLoader Init config took 3.11s 
69110      INFO  main            d.u.i.k.p.i.AbstractProblemLoader Replaying proof LCP[LCP::lcp([I,int,int)].JML normal_behavior operation contract.0 
69113      DEBUG main            d.u.i.k.p.i.IntermediateProofReplayer Proof replay took 7.3ns 
70119      INFO  main            d.u.i.k.p.r.p.TestFile    ... finished proof: closed. 
70382      INFO  main            d.u.i.k.p.i.AbstractProblemLoader Loading environment from /home/runner/work/key/key/key.core/../key.ui/examples/heap/fm12_01_LRS/lcp.key.proof 
70382      DEBUG main            d.u.i.k.p.i.AbstractProblemLoader Environment load took 494.41ns 
70384      INFO  main            d.u.i.k.p.i.AbstractProblemLoader Creating init config 
73232      DEBUG main            d.u.i.k.p.i.AbstractProblemLoader Init config took 2.85s 
73298      INFO  main            d.u.i.k.p.i.AbstractProblemLoader Replaying proof LCP[LCP::lcp([I,int,int)].JML normal_behavior operation contract.0 
73515      DEBUG main            d.u.i.k.p.i.IntermediateProofReplayer Proof replay took 211.19ms 
73516      DEBUG main            d.u.i.k.p.r.p.TestFile    ... success: reloaded. 
73517      INFO  main            d.u.i.k.p.r.p.TestFile    Now processing file /home/runner/work/key/key/key.core/../key.ui/examples/heap/SemanticSlicing/project.key 
73518      INFO  main            d.u.i.k.p.i.AbstractProblemLoader Loading environment from /home/runner/work/key/key/key.core/../key.ui/examples/heap/SemanticSlicing/project.key 
73518      DEBUG main            d.u.i.k.p.i.AbstractProblemLoader Environment load took 239.6ns 
73519      INFO  main            d.u.i.k.p.i.AbstractProblemLoader Creating init config 
76120      DEBUG main            d.u.i.k.p.i.AbstractProblemLoader Init config took 2.6s 
76176      INFO  main            d.u.i.k.p.i.AbstractProblemLoader Replaying proof unsatcore_after.competition.postcond5.scope333.LRS[unsatcore_after.competition.postcond5.scope333.LRS::doLRS()].JML operation contract.0 
76178      DEBUG main            d.u.i.k.p.i.IntermediateProofReplayer Proof replay took 7.3ns 
80395      INFO  main            d.u.i.k.p.r.p.TestFile    ... finished proof: closed. 
80689      INFO  main            d.u.i.k.p.i.AbstractProblemLoader Loading environment from /home/runner/work/key/key/key.core/../key.ui/examples/heap/SemanticSlicing/project.key.proof 
80689      DEBUG main            d.u.i.k.p.i.AbstractProblemLoader Environment load took 538.91ns 
80691      INFO  main            d.u.i.k.p.i.AbstractProblemLoader Creating init config 
83201      DEBUG main            d.u.i.k.p.i.AbstractProblemLoader Init config took 2.51s 
83264      INFO  main            d.u.i.k.p.i.AbstractProblemLoader Replaying proof unsatcore_after.competition.postcond5.scope333.LRS[unsatcore_after.competition.postcond5.scope333.LRS::doLRS()].JML operation contract.0 
84140      DEBUG main            d.u.i.k.p.i.IntermediateProofReplayer Proof replay took 861.59ms 
84141      DEBUG main            d.u.i.k.p.r.p.TestFile    ... success: reloaded. 
84142      INFO  main            d.u.i.k.p.r.p.TestFile    Now processing file /home/runner/work/key/key/key.core/../key.ui/examples/heap/information_flow/ArrayList_contains.key 
84142      INFO  main            d.u.i.k.p.i.AbstractProblemLoader Loading environment from /home/runner/work/key/key/key.core/../key.ui/examples/heap/information_flow/ArrayList_contains.key 
84143      DEBUG main            d.u.i.k.p.i.AbstractProblemLoader Environment load took 117.6ns 
84143      INFO  main            d.u.i.k.p.i.AbstractProblemLoader Creating init config 
86922      DEBUG main            d.u.i.k.p.i.AbstractProblemLoader Init config took 2.78s 
86973      INFO  main            d.u.i.k.p.i.AbstractProblemLoader Replaying proof ArrayList[ArrayList::get(int)].JML normal_behavior operation contract.0 
86976      DEBUG main            d.u.i.k.p.i.IntermediateProofReplayer Proof replay took 7.5ns 
87279      INFO  main            d.u.i.k.p.r.p.TestFile    ... finished proof: closed. 
87535      INFO  main            d.u.i.k.p.i.AbstractProblemLoader Loading environment from /home/runner/work/key/key/key.core/../key.ui/examples/heap/information_flow/ArrayList_contains.key.proof 
87535      DEBUG main            d.u.i.k.p.i.AbstractProblemLoader Environment load took 140.3ns 
87537      INFO  main            d.u.i.k.p.i.AbstractProblemLoader Creating init config 
90145      DEBUG main            d.u.i.k.p.i.AbstractProblemLoader Init config took 2.61s 
90183      INFO  main            d.u.i.k.p.i.AbstractProblemLoader Replaying proof ArrayList[ArrayList::get(int)].JML normal_behavior operation contract.0 
90256      DEBUG main            d.u.i.k.p.i.IntermediateProofReplayer Proof replay took 69.73ms 
90257      DEBUG main            d.u.i.k.p.r.p.TestFile    ... success: reloaded. 
90258      INFO  main            d.u.i.k.p.r.p.TestFile    Now processing file /home/runner/work/key/key/key.core/../key.ui/examples/heap/information_flow/ArrayList_get.key 
90258      INFO  main            d.u.i.k.p.i.AbstractProblemLoader Loading environment from /home/runner/work/key/key/key.core/../key.ui/examples/heap/information_flow/ArrayList_get.key 
90258      DEBUG main            d.u.i.k.p.i.AbstractProblemLoader Environment load took 105.3ns 
90259      INFO  main            d.u.i.k.p.i.AbstractProblemLoader Creating init config 
92960      DEBUG main            d.u.i.k.p.i.AbstractProblemLoader Init config took 2.7s 
92997      INFO  main            d.u.i.k.p.i.AbstractProblemLoader Replaying proof ArrayList[ArrayList::contains(java.lang.Object)].JML normal_behavior operation contract.0 
92999      DEBUG main            d.u.i.k.p.i.IntermediateProofReplayer Proof replay took 7ns 
93903      INFO  main            d.u.i.k.p.r.p.TestFile    ... finished proof: closed. 
94152      INFO  main            d.u.i.k.p.i.AbstractProblemLoader Loading environment from /home/runner/work/key/key/key.core/../key.ui/examples/heap/information_flow/ArrayList_get.key.proof 
94154      DEBUG main            d.u.i.k.p.i.AbstractProblemLoader Environment load took 1.91ms 
94156      INFO  main            d.u.i.k.p.i.AbstractProblemLoader Creating init config 
96754      DEBUG main            d.u.i.k.p.i.AbstractProblemLoader Init config took 2.6s 
96792      INFO  main            d.u.i.k.p.i.AbstractProblemLoader Replaying proof ArrayList[ArrayList::contains(java.lang.Object)].JML normal_behavior operation contract.0 
96974      DEBUG main            d.u.i.k.p.i.IntermediateProofReplayer Proof replay took 177.03ms 
96975      DEBUG main            d.u.i.k.p.r.p.TestFile    ... success: reloaded. 
96976      INFO  main            d.u.i.k.p.r.p.TestFile    Now processing file /home/runner/work/key/key/key.core/../key.ui/examples/heap/information_flow/ArrayList_size.key 
96977      INFO  main            d.u.i.k.p.i.AbstractProblemLoader Loading environment from /home/runner/work/key/key/key.core/../key.ui/examples/heap/information_flow/ArrayList_size.key 
96977      DEBUG main            d.u.i.k.p.i.AbstractProblemLoader Environment load took 244.8ns 
96978      INFO  main            d.u.i.k.p.i.AbstractProblemLoader Creating init config 
99655      DEBUG main            d.u.i.k.p.i.AbstractProblemLoader Init config took 2.68s 
99694      INFO  main            d.u.i.k.p.i.AbstractProblemLoader Replaying proof ArrayList[ArrayList::size()].JML normal_behavior operation contract.0 
99695      DEBUG main            d.u.i.k.p.i.IntermediateProofReplayer Proof replay took 6.9ns 
99800      INFO  main            d.u.i.k.p.r.p.TestFile    ... finished proof: closed. 
100056     INFO  main            d.u.i.k.p.i.AbstractProblemLoader Loading environment from /home/runner/work/key/key/key.core/../key.ui/examples/heap/information_flow/ArrayList_size.key.proof 
100056     DEBUG main            d.u.i.k.p.i.AbstractProblemLoader Environment load took 123.7ns 
100057     INFO  main            d.u.i.k.p.i.AbstractProblemLoader Creating init config 
102708     DEBUG main            d.u.i.k.p.i.AbstractProblemLoader Init config took 2.65s 
102745     INFO  main            d.u.i.k.p.i.AbstractProblemLoader Replaying proof ArrayList[ArrayList::size()].JML normal_behavior operation contract.0 
102761     DEBUG main            d.u.i.k.p.i.IntermediateProofReplayer Proof replay took 13.45ms 
102762     DEBUG main            d.u.i.k.p.r.p.TestFile    ... success: reloaded. 
102763     INFO  main            d.u.i.k.p.r.p.TestFile    Now processing file /home/runner/work/key/key/key.core/../key.ui/examples/heap/information_flow/UpdateAbstraction_ex7_3_secure.key 
102764     INFO  main            d.u.i.k.p.i.AbstractProblemLoader Loading environment from /home/runner/work/key/key/key.core/../key.ui/examples/heap/information_flow/UpdateAbstraction_ex7_3_secure.key 
102764     DEBUG main            d.u.i.k.p.i.AbstractProblemLoader Environment load took 249.4ns 
102765     INFO  main            d.u.i.k.p.i.AbstractProblemLoader Creating init config 
105368     DEBUG main            d.u.i.k.p.i.AbstractProblemLoader Init config took 2.6s 
105404     INFO  main            d.u.i.k.p.i.AbstractProblemLoader Replaying proof UpdateAbstraction[UpdateAbstraction::ex7_3_secure()].JML operation contract.0 
105406     DEBUG main            d.u.i.k.p.i.IntermediateProofReplayer Proof replay took 7.1ns 
105608     INFO  main            d.u.i.k.p.r.p.TestFile    ... finished proof: closed. 
105866     INFO  main            d.u.i.k.p.i.AbstractProblemLoader Loading environment from /home/runner/work/key/key/key.core/../key.ui/examples/heap/information_flow/UpdateAbstraction_ex7_3_secure.key.proof 
105866     DEBUG main            d.u.i.k.p.i.AbstractProblemLoader Environment load took 134.3ns 
105867     INFO  main            d.u.i.k.p.i.AbstractProblemLoader Creating init config 
108489     DEBUG main            d.u.i.k.p.i.AbstractProblemLoader Init config took 2.62s 
108525     INFO  main            d.u.i.k.p.i.AbstractProblemLoader Replaying proof UpdateAbstraction[UpdateAbstraction::ex7_3_secure()].JML operation contract.0 
108557     DEBUG main            d.u.i.k.p.i.IntermediateProofReplayer Proof replay took 29.28ms 
108558     DEBUG main            d.u.i.k.p.r.p.TestFile    ... success: reloaded. 
108559     INFO  main            d.u.i.k.p.r.p.TestFile    Now processing file /home/runner/work/key/key/key.core/../key.ui/examples/heap/information_flow/UpdateAbstraction_ex7_4_secure.key 
108560     INFO  main            d.u.i.k.p.i.AbstractProblemLoader Loading environment from /home/runner/work/key/key/key.core/../key.ui/examples/heap/information_flow/UpdateAbstraction_ex7_4_secure.key 
108560     DEBUG main            d.u.i.k.p.i.AbstractProblemLoader Environment load took 266.7ns 
108561     INFO  main            d.u.i.k.p.i.AbstractProblemLoader Creating init config 
111217     DEBUG main            d.u.i.k.p.i.AbstractProblemLoader Init config took 2.66s 
111253     INFO  main            d.u.i.k.p.i.AbstractProblemLoader Replaying proof UpdateAbstraction[UpdateAbstraction::ex7_4_secure()].JML operation contract.0 
111254     DEBUG main            d.u.i.k.p.i.IntermediateProofReplayer Proof replay took 6.2ns 
111457     INFO  main            d.u.i.k.p.r.p.TestFile    ... finished proof: closed. 
111751     INFO  main            d.u.i.k.p.i.AbstractProblemLoader Loading environment from /home/runner/work/key/key/key.core/../key.ui/examples/heap/information_flow/UpdateAbstraction_ex7_4_secure.key.proof 
111752     DEBUG main            d.u.i.k.p.i.AbstractProblemLoader Environment load took 132.3ns 
111753     INFO  main            d.u.i.k.p.i.AbstractProblemLoader Creating init config 
114350     DEBUG main            d.u.i.k.p.i.AbstractProblemLoader Init config took 2.6s 
114396     INFO  main            d.u.i.k.p.i.AbstractProblemLoader Replaying proof UpdateAbstraction[UpdateAbstraction::ex7_4_secure()].JML operation contract.0 
114441     DEBUG main            d.u.i.k.p.i.IntermediateProofReplayer Proof replay took 43.56ms 
114442     DEBUG main            d.u.i.k.p.r.p.TestFile    ... success: reloaded. 
114443     INFO  main            d.u.i.k.p.r.p.TestFile    Now processing file /home/runner/work/key/key/key.core/../key.ui/examples/heap/information_flow/UpdateAbstraction_ex7_5_secure.key 
114443     INFO  main            d.u.i.k.p.i.AbstractProblemLoader Loading environment from /home/runner/work/key/key/key.core/../key.ui/examples/heap/information_flow/UpdateAbstraction_ex7_5_secure.key 
114443     DEBUG main            d.u.i.k.p.i.AbstractProblemLoader Environment load took 104.5ns 
114444     INFO  main            d.u.i.k.p.i.AbstractProblemLoader Creating init config 
117114     DEBUG main            d.u.i.k.p.i.AbstractProblemLoader Init config took 2.67s 
117149     INFO  main            d.u.i.k.p.i.AbstractProblemLoader Replaying proof UpdateAbstraction[UpdateAbstraction::ex7_5_secure()].JML operation contract.0 
117150     DEBUG main            d.u.i.k.p.i.IntermediateProofReplayer Proof replay took 7.3ns 
117252     INFO  main            d.u.i.k.p.r.p.TestFile    ... finished proof: closed. 
117537     INFO  main            d.u.i.k.p.i.AbstractProblemLoader Loading environment from /home/runner/work/key/key/key.core/../key.ui/examples/heap/information_flow/UpdateAbstraction_ex7_5_secure.key.proof 
117537     DEBUG main            d.u.i.k.p.i.AbstractProblemLoader Environment load took 140.8ns 
117538     INFO  main            d.u.i.k.p.i.AbstractProblemLoader Creating init config 
120142     DEBUG main            d.u.i.k.p.i.AbstractProblemLoader Init config took 2.6s 
120177     INFO  main            d.u.i.k.p.i.AbstractProblemLoader Replaying proof UpdateAbstraction[UpdateAbstraction::ex7_5_secure()].JML operation contract.0 
120197     DEBUG main            d.u.i.k.p.i.IntermediateProofReplayer Proof replay took 17.57ms 
120197     DEBUG main            d.u.i.k.p.r.p.TestFile    ... success: reloaded. 
120198     INFO  main            d.u.i.k.p.r.p.TestFile    Now processing file /home/runner/work/key/key/key.core/../key.ui/examples/heap/information_flow/UpdateAbstraction_ex7_6_secure.key 
120198     INFO  main            d.u.i.k.p.i.AbstractProblemLoader Loading environment from /home/runner/work/key/key/key.core/../key.ui/examples/heap/information_flow/UpdateAbstraction_ex7_6_secure.key 
120198     DEBUG main            d.u.i.k.p.i.AbstractProblemLoader Environment load took 62.5ns 
120199     INFO  main            d.u.i.k.p.i.AbstractProblemLoader Creating init config 
122857     DEBUG main            d.u.i.k.p.i.AbstractProblemLoader Init config took 2.66s 
122893     INFO  main            d.u.i.k.p.i.AbstractProblemLoader Replaying proof UpdateAbstraction[UpdateAbstraction::ex7_6_secure()].JML operation contract.0 
122895     DEBUG main            d.u.i.k.p.i.IntermediateProofReplayer Proof replay took 8.1ns 
123197     INFO  main            d.u.i.k.p.r.p.TestFile    ... finished proof: closed. 
123490     INFO  main            d.u.i.k.p.i.AbstractProblemLoader Loading environment from /home/runner/work/key/key/key.core/../key.ui/examples/heap/information_flow/UpdateAbstraction_ex7_6_secure.key.proof 
123491     DEBUG main            d.u.i.k.p.i.AbstractProblemLoader Environment load took 131ns 
123492     INFO  main            d.u.i.k.p.i.AbstractProblemLoader Creating init config 
126062     DEBUG main            d.u.i.k.p.i.AbstractProblemLoader Init config took 2.57s 
126098     INFO  main            d.u.i.k.p.i.AbstractProblemLoader Replaying proof UpdateAbstraction[UpdateAbstraction::ex7_6_secure()].JML operation contract.0 
126162     DEBUG main            d.u.i.k.p.i.IntermediateProofReplayer Proof replay took 61.58ms 
126163     DEBUG main            d.u.i.k.p.r.p.TestFile    ... success: reloaded. 
126164     INFO  main            d.u.i.k.p.r.p.TestFile    Now processing file /home/runner/work/key/key/key.core/../key.ui/examples/heap/information_flow/UpdateAbstraction_ex9_secure.key 
126164     INFO  main            d.u.i.k.p.i.AbstractProblemLoader Loading environment from /home/runner/work/key/key/key.core/../key.ui/examples/heap/information_flow/UpdateAbstraction_ex9_secure.key 
126164     DEBUG main            d.u.i.k.p.i.AbstractProblemLoader Environment load took 91.5ns 
126165     INFO  main            d.u.i.k.p.i.AbstractProblemLoader Creating init config 
128794     DEBUG main            d.u.i.k.p.i.AbstractProblemLoader Init config took 2.63s 
128829     INFO  main            d.u.i.k.p.i.AbstractProblemLoader Replaying proof UpdateAbstraction[UpdateAbstraction::ex9_secure()].JML operation contract.0 
128830     DEBUG main            d.u.i.k.p.i.IntermediateProofReplayer Proof replay took 7.6ns 
129837     INFO  main            d.u.i.k.p.r.p.TestFile    ... finished proof: closed. 
130156     INFO  main            d.u.i.k.p.i.AbstractProblemLoader Loading environment from /home/runner/work/key/key/key.core/../key.ui/examples/heap/information_flow/UpdateAbstraction_ex9_secure.key.proof 
130157     DEBUG main            d.u.i.k.p.i.AbstractProblemLoader Environment load took 142.9ns 
130157     INFO  main            d.u.i.k.p.i.AbstractProblemLoader Creating init config 
132718     DEBUG main            d.u.i.k.p.i.AbstractProblemLoader Init config took 2.56s 
132754     INFO  main            d.u.i.k.p.i.AbstractProblemLoader Replaying proof UpdateAbstraction[UpdateAbstraction::ex9_secure()].JML operation contract.0 
132965     DEBUG main            d.u.i.k.p.i.IntermediateProofReplayer Proof replay took 202.66ms 
132968     DEBUG main            d.u.i.k.p.r.p.TestFile    ... success: reloaded. 
866093     INFO  Test worker     d.u.i.k.p.r.RunAllProofsTestUnit Returning from test javaCard 
866094     INFO  Test worker     d.u.i.k.p.r.RunAllProofsTestUnit Running test list 
411        INFO  Timeout watchdog d.u.i.k.p.r.p.ForkedTestFileRunner Timeout watcher launched (2000 secs.) 
424        WARN  main            d.u.i.k.s.ProofSettings   The settings in /home/runner/.key/proof-settings.props are *not* read. 
450        INFO  main            d.u.i.k.p.r.p.TestFile    Now processing file /home/runner/work/key/key/key.core/../key.ui/examples/heap/list/ArrayList_add.key 
561        INFO  main            d.u.i.k.p.i.AbstractProblemLoader Loading environment from /home/runner/work/key/key/key.core/../key.ui/examples/heap/list/ArrayList_add.key 
582        DEBUG main            d.u.i.k.p.i.AbstractProblemLoader Environment load took 2.77ms 
799        INFO  main            d.u.i.k.p.i.AbstractProblemLoader Creating init config 
1815       DEBUG main            d.u.i.k.j.TypeConverter   No LDT found for Meta 
1815       DEBUG main            d.u.i.k.j.TypeConverter   No LDT found for Meta 
1818       DEBUG main            d.u.i.k.j.TypeConverter   No LDT found for Meta 
1818       DEBUG main            d.u.i.k.j.TypeConverter   No LDT found for Meta 
3282       DEBUG main            d.u.i.k.j.TypeConverter   No LDT found for JavaBigintExpression 
6504       DEBUG main            d.u.i.k.j.r.ClassPreparationMethodBuilder clPrepBuilder: Inner Class detected. Reject building class initialisation methods. 
9167       DEBUG main            d.u.i.k.p.i.AbstractProblemLoader Init config took 8.37s 
9313       INFO  main            d.u.i.k.p.i.AbstractProblemLoader Replaying proof ArrayList[List::add(java.lang.Object)].JML normal_behavior operation contract.0 
9383       DEBUG main            d.u.i.k.p.i.IntermediateProofReplayer Proof replay took 38.4ns 
15646      INFO  main            d.u.i.k.p.r.p.TestFile    ... finished proof: closed. 
15844      INFO  main            d.u.i.k.p.i.AbstractProblemLoader Loading environment from /home/runner/work/key/key/key.core/../key.ui/examples/heap/list/ArrayList_add.key.proof 
15846      DEBUG main            d.u.i.k.p.i.AbstractProblemLoader Environment load took 2.26ms 
15850      INFO  main            d.u.i.k.p.i.AbstractProblemLoader Creating init config 
17000      DEBUG main            d.u.i.k.j.r.ClassPreparationMethodBuilder clPrepBuilder: Inner Class detected. Reject building class initialisation methods. 
19276      DEBUG main            d.u.i.k.p.i.AbstractProblemLoader Init config took 3.43s 
19347      INFO  main            d.u.i.k.p.i.AbstractProblemLoader Replaying proof ArrayList[List::add(java.lang.Object)].JML normal_behavior operation contract.0 
20417      DEBUG main            d.u.i.k.p.i.IntermediateProofReplayer Proof replay took 1.04s 
20426      DEBUG main            d.u.i.k.p.r.p.TestFile    ... success: reloaded. 
20428      INFO  main            d.u.i.k.p.r.p.TestFile    Now processing file /home/runner/work/key/key/key.core/../key.ui/examples/heap/list/ArrayList_ArrayList.key 
20429      INFO  main            d.u.i.k.p.i.AbstractProblemLoader Loading environment from /home/runner/work/key/key/key.core/../key.ui/examples/heap/list/ArrayList_ArrayList.key 
20429      DEBUG main            d.u.i.k.p.i.AbstractProblemLoader Environment load took 344.7ns 
20431      INFO  main            d.u.i.k.p.i.AbstractProblemLoader Creating init config 
21514      DEBUG main            d.u.i.k.j.r.ClassPreparationMethodBuilder clPrepBuilder: Inner Class detected. Reject building class initialisation methods. 
23622      DEBUG main            d.u.i.k.p.i.AbstractProblemLoader Init config took 3.19s 
23717      INFO  main            d.u.i.k.p.i.AbstractProblemLoader Replaying proof ArrayList[ArrayList::ArrayList()].JML normal_behavior operation contract.0 
23720      DEBUG main            d.u.i.k.p.i.IntermediateProofReplayer Proof replay took 6ns 
25328      INFO  main            d.u.i.k.p.r.p.TestFile    ... finished proof: closed. 
25531      INFO  main            d.u.i.k.p.i.AbstractProblemLoader Loading environment from /home/runner/work/key/key/key.core/../key.ui/examples/heap/list/ArrayList_ArrayList.key.proof 
25532      DEBUG main            d.u.i.k.p.i.AbstractProblemLoader Environment load took 498.11ns 
25534      INFO  main            d.u.i.k.p.i.AbstractProblemLoader Creating init config 
26531      DEBUG main            d.u.i.k.j.r.ClassPreparationMethodBuilder clPrepBuilder: Inner Class detected. Reject building class initialisation methods. 
28669      DEBUG main            d.u.i.k.p.i.AbstractProblemLoader Init config took 3.13s 
28747      INFO  main            d.u.i.k.p.i.AbstractProblemLoader Replaying proof ArrayList[ArrayList::ArrayList()].JML normal_behavior operation contract.0 
29008      DEBUG main            d.u.i.k.p.i.IntermediateProofReplayer Proof replay took 248.52ms 
29010      DEBUG main            d.u.i.k.p.r.p.TestFile    ... success: reloaded. 
29011      INFO  main            d.u.i.k.p.r.p.TestFile    Now processing file /home/runner/work/key/key/key.core/../key.ui/examples/heap/list/ArrayList_concatenate.key 
29011      INFO  main            d.u.i.k.p.i.AbstractProblemLoader Loading environment from /home/runner/work/key/key/key.core/../key.ui/examples/heap/list/ArrayList_concatenate.key 
29012      DEBUG main            d.u.i.k.p.i.AbstractProblemLoader Environment load took 107.8ns 
29013      INFO  main            d.u.i.k.p.i.AbstractProblemLoader Creating init config 
30069      DEBUG main            d.u.i.k.j.r.ClassPreparationMethodBuilder clPrepBuilder: Inner Class detected. Reject building class initialisation methods. 
32129      DEBUG main            d.u.i.k.p.i.AbstractProblemLoader Init config took 3.12s 
32201      INFO  main            d.u.i.k.p.i.AbstractProblemLoader Replaying proof ArrayList[List::concatenate(List)].JML normal_behavior operation contract.0 
32203      DEBUG main            d.u.i.k.p.i.IntermediateProofReplayer Proof replay took 15.2ns 
58320      INFO  main            d.u.i.k.p.r.p.TestFile    ... finished proof: closed. 
58573      INFO  main            d.u.i.k.p.i.AbstractProblemLoader Loading environment from /home/runner/work/key/key/key.core/../key.ui/examples/heap/list/ArrayList_concatenate.key.proof 
58574      DEBUG main            d.u.i.k.p.i.AbstractProblemLoader Environment load took 521.11ns 
58581      INFO  main            d.u.i.k.p.i.AbstractProblemLoader Creating init config 
59546      DEBUG main            d.u.i.k.j.r.ClassPreparationMethodBuilder clPrepBuilder: Inner Class detected. Reject building class initialisation methods. 
61582      DEBUG main            d.u.i.k.p.i.AbstractProblemLoader Init config took 3s 
61647      INFO  main            d.u.i.k.p.i.AbstractProblemLoader Replaying proof ArrayList[List::concatenate(List)].JML normal_behavior operation contract.0 
63922      DEBUG main            d.u.i.k.p.i.IntermediateProofReplayer Proof replay took 2.18s 
63927      DEBUG main            d.u.i.k.p.r.p.TestFile    ... success: reloaded. 
63929      INFO  main            d.u.i.k.p.r.p.TestFile    Now processing file /home/runner/work/key/key/key.core/../key.ui/examples/heap/list/ArrayList_contains_dep.key 
63929      INFO  main            d.u.i.k.p.i.AbstractProblemLoader Loading environment from /home/runner/work/key/key/key.core/../key.ui/examples/heap/list/ArrayList_contains_dep.key 
63929      DEBUG main            d.u.i.k.p.i.AbstractProblemLoader Environment load took 250.2ns 
63930      INFO  main            d.u.i.k.p.i.AbstractProblemLoader Creating init config 
64923      DEBUG main            d.u.i.k.j.r.ClassPreparationMethodBuilder clPrepBuilder: Inner Class detected. Reject building class initialisation methods. 
67011      DEBUG main            d.u.i.k.p.i.AbstractProblemLoader Init config took 3.08s 
67067      INFO  main            d.u.i.k.p.i.AbstractProblemLoader Replaying proof ArrayList[List::contains(java.lang.Object)].JML accessible clause.0 
67069      DEBUG main            d.u.i.k.p.i.IntermediateProofReplayer Proof replay took 6.9ns 
69925      INFO  main            d.u.i.k.p.r.p.TestFile    ... finished proof: closed. 
70156      INFO  main            d.u.i.k.p.i.AbstractProblemLoader Loading environment from /home/runner/work/key/key/key.core/../key.ui/examples/heap/list/ArrayList_contains_dep.key.proof 
70157      DEBUG main            d.u.i.k.p.i.AbstractProblemLoader Environment load took 510.91ns 
70159      INFO  main            d.u.i.k.p.i.AbstractProblemLoader Creating init config 
71091      DEBUG main            d.u.i.k.j.r.ClassPreparationMethodBuilder clPrepBuilder: Inner Class detected. Reject building class initialisation methods. 
73148      DEBUG main            d.u.i.k.p.i.AbstractProblemLoader Init config took 2.99s 
73205      INFO  main            d.u.i.k.p.i.AbstractProblemLoader Replaying proof ArrayList[List::contains(java.lang.Object)].JML accessible clause.0 
73683      DEBUG main            d.u.i.k.p.i.IntermediateProofReplayer Proof replay took 465.34ms 
73685      DEBUG main            d.u.i.k.p.r.p.TestFile    ... success: reloaded. 
73687      INFO  main            d.u.i.k.p.r.p.TestFile    Now processing file /home/runner/work/key/key/key.core/../key.ui/examples/heap/list/ArrayList_enlarge.key 
73687      INFO  main            d.u.i.k.p.i.AbstractProblemLoader Loading environment from /home/runner/work/key/key/key.core/../key.ui/examples/heap/list/ArrayList_enlarge.key 
73687      DEBUG main            d.u.i.k.p.i.AbstractProblemLoader Environment load took 254.6ns 
73689      INFO  main            d.u.i.k.p.i.AbstractProblemLoader Creating init config 
74651      DEBUG main            d.u.i.k.j.r.ClassPreparationMethodBuilder clPrepBuilder: Inner Class detected. Reject building class initialisation methods. 
76698      DEBUG main            d.u.i.k.p.i.AbstractProblemLoader Init config took 3.01s 
76776      INFO  main            d.u.i.k.p.i.AbstractProblemLoader Replaying proof ArrayList[ArrayList::enlarge()].JML normal_behavior operation contract.0 
76779      DEBUG main            d.u.i.k.p.i.IntermediateProofReplayer Proof replay took 5.6ns 
79310      INFO  main            d.u.i.k.p.r.p.TestFile    ... finished proof: closed. 
79505      INFO  main            d.u.i.k.p.i.AbstractProblemLoader Loading environment from /home/runner/work/key/key/key.core/../key.ui/examples/heap/list/ArrayList_enlarge.key.proof 
79505      DEBUG main            d.u.i.k.p.i.AbstractProblemLoader Environment load took 532.61ns 
79507      INFO  main            d.u.i.k.p.i.AbstractProblemLoader Creating init config 
80439      DEBUG main            d.u.i.k.j.r.ClassPreparationMethodBuilder clPrepBuilder: Inner Class detected. Reject building class initialisation methods. 
82500      DEBUG main            d.u.i.k.p.i.AbstractProblemLoader Init config took 2.99s 
82564      INFO  main            d.u.i.k.p.i.AbstractProblemLoader Replaying proof ArrayList[ArrayList::enlarge()].JML normal_behavior operation contract.0 
82968      DEBUG main            d.u.i.k.p.i.IntermediateProofReplayer Proof replay took 395.2ms 
82969      DEBUG main            d.u.i.k.p.r.p.TestFile    ... success: reloaded. 
82971      INFO  main            d.u.i.k.p.r.p.TestFile    Now processing file /home/runner/work/key/key/key.core/../key.ui/examples/heap/list/ArrayList_footprint.key 
82971      INFO  main            d.u.i.k.p.i.AbstractProblemLoader Loading environment from /home/runner/work/key/key/key.core/../key.ui/examples/heap/list/ArrayList_footprint.key 
82971      DEBUG main            d.u.i.k.p.i.AbstractProblemLoader Environment load took 95.1ns 
82972      INFO  main            d.u.i.k.p.i.AbstractProblemLoader Creating init config 
83932      DEBUG main            d.u.i.k.j.r.ClassPreparationMethodBuilder clPrepBuilder: Inner Class detected. Reject building class initialisation methods. 
85941      DEBUG main            d.u.i.k.p.i.AbstractProblemLoader Init config took 2.97s 
85988      INFO  main            d.u.i.k.p.i.AbstractProblemLoader Replaying proof List[List::$footprint()].JML accessible clause.0 
85990      DEBUG main            d.u.i.k.p.i.IntermediateProofReplayer Proof replay took 6.1ns 
86094      INFO  main            d.u.i.k.p.r.p.TestFile    ... finished proof: closed. 
86283      INFO  main            d.u.i.k.p.i.AbstractProblemLoader Loading environment from /home/runner/work/key/key/key.core/../key.ui/examples/heap/list/ArrayList_footprint.key.proof 
86283      DEBUG main            d.u.i.k.p.i.AbstractProblemLoader Environment load took 120.8ns 
86284      INFO  main            d.u.i.k.p.i.AbstractProblemLoader Creating init config 
87240      DEBUG main            d.u.i.k.j.r.ClassPreparationMethodBuilder clPrepBuilder: Inner Class detected. Reject building class initialisation methods. 
89268      DEBUG main            d.u.i.k.p.i.AbstractProblemLoader Init config took 2.98s 
89315      INFO  main            d.u.i.k.p.i.AbstractProblemLoader Replaying proof List[List::$footprint()].JML accessible clause.0 
89318      DEBUG main            d.u.i.k.p.i.IntermediateProofReplayer Proof replay took 1.11ms 
89319      DEBUG main            d.u.i.k.p.r.p.TestFile    ... success: reloaded. 
89320      INFO  main            d.u.i.k.p.r.p.TestFile    Now processing file /home/runner/work/key/key/key.core/../key.ui/examples/heap/list/ArrayList_get_dep.key 
89321      INFO  main            d.u.i.k.p.i.AbstractProblemLoader Loading environment from /home/runner/work/key/key/key.core/../key.ui/examples/heap/list/ArrayList_get_dep.key 
89321      DEBUG main            d.u.i.k.p.i.AbstractProblemLoader Environment load took 221.4ns 
89322      INFO  main            d.u.i.k.p.i.AbstractProblemLoader Creating init config 
90292      DEBUG main            d.u.i.k.j.r.ClassPreparationMethodBuilder clPrepBuilder: Inner Class detected. Reject building class initialisation methods. 
92308      DEBUG main            d.u.i.k.p.i.AbstractProblemLoader Init config took 2.99s 
92364      INFO  main            d.u.i.k.p.i.AbstractProblemLoader Replaying proof ArrayList[List::get(int)].JML accessible clause.0 
92366      DEBUG main            d.u.i.k.p.i.IntermediateProofReplayer Proof replay took 6.7ns 
92779      INFO  main            d.u.i.k.p.r.p.TestFile    ... finished proof: closed. 
92985      INFO  main            d.u.i.k.p.i.AbstractProblemLoader Loading environment from /home/runner/work/key/key/key.core/../key.ui/examples/heap/list/ArrayList_get_dep.key.proof 
92985      DEBUG main            d.u.i.k.p.i.AbstractProblemLoader Environment load took 124.7ns 
92987      INFO  main            d.u.i.k.p.i.AbstractProblemLoader Creating init config 
93902      DEBUG main            d.u.i.k.j.r.ClassPreparationMethodBuilder clPrepBuilder: Inner Class detected. Reject building class initialisation methods. 
95899      DEBUG main            d.u.i.k.p.i.AbstractProblemLoader Init config took 2.91s 
95952      INFO  main            d.u.i.k.p.i.AbstractProblemLoader Replaying proof ArrayList[List::get(int)].JML accessible clause.0 
96036      DEBUG main            d.u.i.k.p.i.IntermediateProofReplayer Proof replay took 79.93ms 
96038      DEBUG main            d.u.i.k.p.r.p.TestFile    ... success: reloaded. 
96041      INFO  main            d.u.i.k.p.r.p.TestFile    Now processing file /home/runner/work/key/key/key.core/../key.ui/examples/heap/list/ArrayList_get_exceptional.key 
96042      INFO  main            d.u.i.k.p.i.AbstractProblemLoader Loading environment from /home/runner/work/key/key/key.core/../key.ui/examples/heap/list/ArrayList_get_exceptional.key 
96044      DEBUG main            d.u.i.k.p.i.AbstractProblemLoader Environment load took 2.32ms 
96045      INFO  main            d.u.i.k.p.i.AbstractProblemLoader Creating init config 
97009      DEBUG main            d.u.i.k.j.r.ClassPreparationMethodBuilder clPrepBuilder: Inner Class detected. Reject building class initialisation methods. 
99016      DEBUG main            d.u.i.k.p.i.AbstractProblemLoader Init config took 2.97s 
99063      INFO  main            d.u.i.k.p.i.AbstractProblemLoader Replaying proof ArrayList[List::get(int)].JML exceptional_behavior operation contract.0 
99065      DEBUG main            d.u.i.k.p.i.IntermediateProofReplayer Proof replay took 6.7ns 
100270     INFO  main            d.u.i.k.p.r.p.TestFile    ... finished proof: closed. 
100489     INFO  main            d.u.i.k.p.i.AbstractProblemLoader Loading environment from /home/runner/work/key/key/key.core/../key.ui/examples/heap/list/ArrayList_get_exceptional.key.proof 
100489     DEBUG main            d.u.i.k.p.i.AbstractProblemLoader Environment load took 547.51ns 
100491     INFO  main            d.u.i.k.p.i.AbstractProblemLoader Creating init config 
101411     DEBUG main            d.u.i.k.j.r.ClassPreparationMethodBuilder clPrepBuilder: Inner Class detected. Reject building class initialisation methods. 
103441     DEBUG main            d.u.i.k.p.i.AbstractProblemLoader Init config took 2.95s 
103492     INFO  main            d.u.i.k.p.i.AbstractProblemLoader Replaying proof ArrayList[List::get(int)].JML exceptional_behavior operation contract.0 
103717     DEBUG main            d.u.i.k.p.i.IntermediateProofReplayer Proof replay took 212.91ms 
103719     DEBUG main            d.u.i.k.p.r.p.TestFile    ... success: reloaded. 
103720     INFO  main            d.u.i.k.p.r.p.TestFile    Now processing file /home/runner/work/key/key/key.core/../key.ui/examples/heap/list/ArrayList_get_normal.key 
103721     INFO  main            d.u.i.k.p.i.AbstractProblemLoader Loading environment from /home/runner/work/key/key/key.core/../key.ui/examples/heap/list/ArrayList_get_normal.key 
103721     DEBUG main            d.u.i.k.p.i.AbstractProblemLoader Environment load took 258.8ns 
103722     INFO  main            d.u.i.k.p.i.AbstractProblemLoader Creating init config 
104658     DEBUG main            d.u.i.k.j.r.ClassPreparationMethodBuilder clPrepBuilder: Inner Class detected. Reject building class initialisation methods. 
106687     DEBUG main            d.u.i.k.p.i.AbstractProblemLoader Init config took 2.96s 
106733     INFO  main            d.u.i.k.p.i.AbstractProblemLoader Replaying proof ArrayList[List::get(int)].JML normal_behavior operation contract.0 
106735     DEBUG main            d.u.i.k.p.i.IntermediateProofReplayer Proof replay took 6.1ns 
107137     INFO  main            d.u.i.k.p.r.p.TestFile    ... finished proof: closed. 
107349     INFO  main            d.u.i.k.p.i.AbstractProblemLoader Loading environment from /home/runner/work/key/key/key.core/../key.ui/examples/heap/list/ArrayList_get_normal.key.proof 
107350     DEBUG main            d.u.i.k.p.i.AbstractProblemLoader Environment load took 699.81ns 
107351     INFO  main            d.u.i.k.p.i.AbstractProblemLoader Creating init config 
108265     DEBUG main            d.u.i.k.j.r.ClassPreparationMethodBuilder clPrepBuilder: Inner Class detected. Reject building class initialisation methods. 
110242     DEBUG main            d.u.i.k.p.i.AbstractProblemLoader Init config took 2.89s 
110288     INFO  main            d.u.i.k.p.i.AbstractProblemLoader Replaying proof ArrayList[List::get(int)].JML normal_behavior operation contract.0 
110369     DEBUG main            d.u.i.k.p.i.IntermediateProofReplayer Proof replay took 77.35ms 
110370     DEBUG main            d.u.i.k.p.r.p.TestFile    ... success: reloaded. 
110371     INFO  main            d.u.i.k.p.r.p.TestFile    Now processing file /home/runner/work/key/key/key.core/../key.ui/examples/heap/list/ArrayList_inv.key 
110371     INFO  main            d.u.i.k.p.i.AbstractProblemLoader Loading environment from /home/runner/work/key/key/key.core/../key.ui/examples/heap/list/ArrayList_inv.key 
110371     DEBUG main            d.u.i.k.p.i.AbstractProblemLoader Environment load took 82.9ns 
110372     INFO  main            d.u.i.k.p.i.AbstractProblemLoader Creating init config 
111313     DEBUG main            d.u.i.k.j.r.ClassPreparationMethodBuilder clPrepBuilder: Inner Class detected. Reject building class initialisation methods. 
113334     DEBUG main            d.u.i.k.p.i.AbstractProblemLoader Init config took 2.96s 
113379     INFO  main            d.u.i.k.p.i.AbstractProblemLoader Replaying proof ArrayList[java.lang.Object::<inv>()].JML accessible clause.0 
113381     DEBUG main            d.u.i.k.p.i.IntermediateProofReplayer Proof replay took 6.7ns 
113808     INFO  main            d.u.i.k.p.r.p.TestFile    ... finished proof: closed. 
114032     INFO  main            d.u.i.k.p.i.AbstractProblemLoader Loading environment from /home/runner/work/key/key/key.core/../key.ui/examples/heap/list/ArrayList_inv.key.proof 
114032     DEBUG main            d.u.i.k.p.i.AbstractProblemLoader Environment load took 122.9ns 
114033     INFO  main            d.u.i.k.p.i.AbstractProblemLoader Creating init config 
114944     DEBUG main            d.u.i.k.j.r.ClassPreparationMethodBuilder clPrepBuilder: Inner Class detected. Reject building class initialisation methods. 
116964     DEBUG main            d.u.i.k.p.i.AbstractProblemLoader Init config took 2.93s 
117011     INFO  main            d.u.i.k.p.i.AbstractProblemLoader Replaying proof ArrayList[java.lang.Object::<inv>()].JML accessible clause.0 
117058     DEBUG main            d.u.i.k.p.i.IntermediateProofReplayer Proof replay took 43.41ms 
117059     DEBUG main            d.u.i.k.p.r.p.TestFile    ... success: reloaded. 
117062     INFO  main            d.u.i.k.p.r.p.TestFile    Now processing file /home/runner/work/key/key/key.core/../key.ui/examples/heap/list/ArrayList_iterator.key 
117062     INFO  main            d.u.i.k.p.i.AbstractProblemLoader Loading environment from /home/runner/work/key/key/key.core/../key.ui/examples/heap/list/ArrayList_iterator.key 
117062     DEBUG main            d.u.i.k.p.i.AbstractProblemLoader Environment load took 109.2ns 
117064     INFO  main            d.u.i.k.p.i.AbstractProblemLoader Creating init config 
118004     DEBUG main            d.u.i.k.j.r.ClassPreparationMethodBuilder clPrepBuilder: Inner Class detected. Reject building class initialisation methods. 
119976     DEBUG main            d.u.i.k.p.i.AbstractProblemLoader Init config took 2.91s 
120021     INFO  main            d.u.i.k.p.i.AbstractProblemLoader Replaying proof ArrayList[List::iterator()].JML normal_behavior operation contract.0 
120023     DEBUG main            d.u.i.k.p.i.IntermediateProofReplayer Proof replay took 6ns 
120628     INFO  main            d.u.i.k.p.r.p.TestFile    ... finished proof: closed. 
120830     INFO  main            d.u.i.k.p.i.AbstractProblemLoader Loading environment from /home/runner/work/key/key/key.core/../key.ui/examples/heap/list/ArrayList_iterator.key.proof 
120831     DEBUG main            d.u.i.k.p.i.AbstractProblemLoader Environment load took 484.91ns 
120832     INFO  main            d.u.i.k.p.i.AbstractProblemLoader Creating init config 
121747     DEBUG main            d.u.i.k.j.r.ClassPreparationMethodBuilder clPrepBuilder: Inner Class detected. Reject building class initialisation methods. 
123735     DEBUG main            d.u.i.k.p.i.AbstractProblemLoader Init config took 2.9s 
123793     INFO  main            d.u.i.k.p.i.AbstractProblemLoader Replaying proof ArrayList[List::iterator()].JML normal_behavior operation contract.0 
123876     DEBUG main            d.u.i.k.p.i.IntermediateProofReplayer Proof replay took 78.92ms 
123877     DEBUG main            d.u.i.k.p.r.p.TestFile    ... success: reloaded. 
123878     INFO  main            d.u.i.k.p.r.p.TestFile    Now processing file /home/runner/work/key/key/key.core/../key.ui/examples/heap/list/ArrayList_size_dep.key 
123878     INFO  main            d.u.i.k.p.i.AbstractProblemLoader Loading environment from /home/runner/work/key/key/key.core/../key.ui/examples/heap/list/ArrayList_size_dep.key 
123878     DEBUG main            d.u.i.k.p.i.AbstractProblemLoader Environment load took 65.2ns 
123879     INFO  main            d.u.i.k.p.i.AbstractProblemLoader Creating init config 
124819     DEBUG main            d.u.i.k.j.r.ClassPreparationMethodBuilder clPrepBuilder: Inner Class detected. Reject building class initialisation methods. 
126802     DEBUG main            d.u.i.k.p.i.AbstractProblemLoader Init config took 2.92s 
126847     INFO  main            d.u.i.k.p.i.AbstractProblemLoader Replaying proof ArrayList[List::size()].JML accessible clause.0 
126848     DEBUG main            d.u.i.k.p.i.IntermediateProofReplayer Proof replay took 7.2ns 
127051     INFO  main            d.u.i.k.p.r.p.TestFile    ... finished proof: closed. 
127276     INFO  main            d.u.i.k.p.i.AbstractProblemLoader Loading environment from /home/runner/work/key/key/key.core/../key.ui/examples/heap/list/ArrayList_size_dep.key.proof 
127276     DEBUG main            d.u.i.k.p.i.AbstractProblemLoader Environment load took 121.2ns 
127277     INFO  main            d.u.i.k.p.i.AbstractProblemLoader Creating init config 
128212     DEBUG main            d.u.i.k.j.r.ClassPreparationMethodBuilder clPrepBuilder: Inner Class detected. Reject building class initialisation methods. 
130161     DEBUG main            d.u.i.k.p.i.AbstractProblemLoader Init config took 2.88s 
130206     INFO  main            d.u.i.k.p.i.AbstractProblemLoader Replaying proof ArrayList[List::size()].JML accessible clause.0 
130233     DEBUG main            d.u.i.k.p.i.IntermediateProofReplayer Proof replay took 24.41ms 
130234     DEBUG main            d.u.i.k.p.r.p.TestFile    ... success: reloaded. 
130235     INFO  main            d.u.i.k.p.r.p.TestFile    Now processing file /home/runner/work/key/key/key.core/../key.ui/examples/heap/list/ArrayList_size.key 
130236     INFO  main            d.u.i.k.p.i.AbstractProblemLoader Loading environment from /home/runner/work/key/key/key.core/../key.ui/examples/heap/list/ArrayList_size.key 
130236     DEBUG main            d.u.i.k.p.i.AbstractProblemLoader Environment load took 218.2ns 
130237     INFO  main            d.u.i.k.p.i.AbstractProblemLoader Creating init config 
131179     DEBUG main            d.u.i.k.j.r.ClassPreparationMethodBuilder clPrepBuilder: Inner Class detected. Reject building class initialisation methods. 
133177     DEBUG main            d.u.i.k.p.i.AbstractProblemLoader Init config took 2.94s 
133222     INFO  main            d.u.i.k.p.i.AbstractProblemLoader Replaying proof ArrayList[List::size()].JML normal_behavior operation contract.0 
133223     DEBUG main            d.u.i.k.p.i.IntermediateProofReplayer Proof replay took 6.9ns 
133426     INFO  main            d.u.i.k.p.r.p.TestFile    ... finished proof: closed. 
133656     INFO  main            d.u.i.k.p.i.AbstractProblemLoader Loading environment from /home/runner/work/key/key/key.core/../key.ui/examples/heap/list/ArrayList_size.key.proof 
133656     DEBUG main            d.u.i.k.p.i.AbstractProblemLoader Environment load took 121ns 
133657     INFO  main            d.u.i.k.p.i.AbstractProblemLoader Creating init config 
134565     DEBUG main            d.u.i.k.j.r.ClassPreparationMethodBuilder clPrepBuilder: Inner Class detected. Reject building class initialisation methods. 
136579     DEBUG main            d.u.i.k.p.i.AbstractProblemLoader Init config took 2.92s 
136627     INFO  main            d.u.i.k.p.i.AbstractProblemLoader Replaying proof ArrayList[List::size()].JML normal_behavior operation contract.0 
136665     DEBUG main            d.u.i.k.p.i.IntermediateProofReplayer Proof replay took 34.77ms 
136666     DEBUG main            d.u.i.k.p.r.p.TestFile    ... success: reloaded. 
136667     INFO  main            d.u.i.k.p.r.p.TestFile    Now processing file /home/runner/work/key/key/key.core/../key.ui/examples/heap/list/ArrayList.ArrayListIterator_ArrayListIterator.key 
136668     INFO  main            d.u.i.k.p.i.AbstractProblemLoader Loading environment from /home/runner/work/key/key/key.core/../key.ui/examples/heap/list/ArrayList.ArrayListIterator_ArrayListIterator.key 
136668     DEBUG main            d.u.i.k.p.i.AbstractProblemLoader Environment load took 235.8ns 
136669     INFO  main            d.u.i.k.p.i.AbstractProblemLoader Creating init config 
137605     DEBUG main            d.u.i.k.j.r.ClassPreparationMethodBuilder clPrepBuilder: Inner Class detected. Reject building class initialisation methods. 
139602     DEBUG main            d.u.i.k.p.i.AbstractProblemLoader Init config took 2.93s 
139658     INFO  main            d.u.i.k.p.i.AbstractProblemLoader Replaying proof ArrayList.ArrayListIterator[ArrayList.ArrayListIterator::ArrayListIterator(ArrayList)].JML normal_behavior operation contract.0 
139660     DEBUG main            d.u.i.k.p.i.IntermediateProofReplayer Proof replay took 6.5ns 
140380     INFO  main            d.u.i.k.p.r.p.TestFile    ... finished proof: closed. 
140614     INFO  main            d.u.i.k.p.i.AbstractProblemLoader Loading environment from /home/runner/work/key/key/key.core/../key.ui/examples/heap/list/ArrayList.ArrayListIterator_ArrayListIterator.key.proof 
140614     DEBUG main            d.u.i.k.p.i.AbstractProblemLoader Environment load took 202.7ns 
140615     INFO  main            d.u.i.k.p.i.AbstractProblemLoader Creating init config 
141525     DEBUG main            d.u.i.k.j.r.ClassPreparationMethodBuilder clPrepBuilder: Inner Class detected. Reject building class initialisation methods. 
143525     DEBUG main            d.u.i.k.p.i.AbstractProblemLoader Init config took 2.91s 
143578     INFO  main            d.u.i.k.p.i.AbstractProblemLoader Replaying proof ArrayList.ArrayListIterator[ArrayList.ArrayListIterator::ArrayListIterator(ArrayList)].JML normal_behavior operation contract.0 
143706     DEBUG main            d.u.i.k.p.i.IntermediateProofReplayer Proof replay took 122.82ms 
143707     DEBUG main            d.u.i.k.p.r.p.TestFile    ... success: reloaded. 
143708     INFO  main            d.u.i.k.p.r.p.TestFile    Now processing file /home/runner/work/key/key/key.core/../key.ui/examples/heap/list/ArrayList.ArrayListIterator_hasNext_dep.key 
143709     INFO  main            d.u.i.k.p.i.AbstractProblemLoader Loading environment from /home/runner/work/key/key/key.core/../key.ui/examples/heap/list/ArrayList.ArrayListIterator_hasNext_dep.key 
143709     DEBUG main            d.u.i.k.p.i.AbstractProblemLoader Environment load took 250.5ns 
143710     INFO  main            d.u.i.k.p.i.AbstractProblemLoader Creating init config 
144639     DEBUG main            d.u.i.k.j.r.ClassPreparationMethodBuilder clPrepBuilder: Inner Class detected. Reject building class initialisation methods. 
146594     DEBUG main            d.u.i.k.p.i.AbstractProblemLoader Init config took 2.88s 
146645     INFO  main            d.u.i.k.p.i.AbstractProblemLoader Replaying proof ArrayList.ArrayListIterator[ListIterator::hasNext()].JML accessible clause.0 
146647     DEBUG main            d.u.i.k.p.i.IntermediateProofReplayer Proof replay took 5.7ns 
147051     INFO  main            d.u.i.k.p.r.p.TestFile    ... finished proof: closed. 
147284     INFO  main            d.u.i.k.p.i.AbstractProblemLoader Loading environment from /home/runner/work/key/key/key.core/../key.ui/examples/heap/list/ArrayList.ArrayListIterator_hasNext_dep.key.proof 
147284     DEBUG main            d.u.i.k.p.i.AbstractProblemLoader Environment load took 132.6ns 
147285     INFO  main            d.u.i.k.p.i.AbstractProblemLoader Creating init config 
148192     DEBUG main            d.u.i.k.j.r.ClassPreparationMethodBuilder clPrepBuilder: Inner Class detected. Reject building class initialisation methods. 
150177     DEBUG main            d.u.i.k.p.i.AbstractProblemLoader Init config took 2.89s 
150240     INFO  main            d.u.i.k.p.i.AbstractProblemLoader Replaying proof ArrayList.ArrayListIterator[ListIterator::hasNext()].JML accessible clause.0 
150295     DEBUG main            d.u.i.k.p.i.IntermediateProofReplayer Proof replay took 52.07ms 
150296     DEBUG main            d.u.i.k.p.r.p.TestFile    ... success: reloaded. 
150297     INFO  main            d.u.i.k.p.r.p.TestFile    Now processing file /home/runner/work/key/key/key.core/../key.ui/examples/heap/list/ArrayList.ArrayListIterator_hasNext.key 
150298     INFO  main            d.u.i.k.p.i.AbstractProblemLoader Loading environment from /home/runner/work/key/key/key.core/../key.ui/examples/heap/list/ArrayList.ArrayListIterator_hasNext.key 
150298     DEBUG main            d.u.i.k.p.i.AbstractProblemLoader Environment load took 96.3ns 
150299     INFO  main            d.u.i.k.p.i.AbstractProblemLoader Creating init config 
151227     DEBUG main            d.u.i.k.j.r.ClassPreparationMethodBuilder clPrepBuilder: Inner Class detected. Reject building class initialisation methods. 
153195     DEBUG main            d.u.i.k.p.i.AbstractProblemLoader Init config took 2.9s 
153268     INFO  main            d.u.i.k.p.i.AbstractProblemLoader Replaying proof ArrayList.ArrayListIterator[ListIterator::hasNext()].JML normal_behavior operation contract.0 
153269     DEBUG main            d.u.i.k.p.i.IntermediateProofReplayer Proof replay took 5.9ns 
153672     INFO  main            d.u.i.k.p.r.p.TestFile    ... finished proof: closed. 
153933     INFO  main            d.u.i.k.p.i.AbstractProblemLoader Loading environment from /home/runner/work/key/key/key.core/../key.ui/examples/heap/list/ArrayList.ArrayListIterator_hasNext.key.proof 
153933     DEBUG main            d.u.i.k.p.i.AbstractProblemLoader Environment load took 126.2ns 
153935     INFO  main            d.u.i.k.p.i.AbstractProblemLoader Creating init config 
154848     DEBUG main            d.u.i.k.j.r.ClassPreparationMethodBuilder clPrepBuilder: Inner Class detected. Reject building class initialisation methods. 
156803     DEBUG main            d.u.i.k.p.i.AbstractProblemLoader Init config took 2.87s 
156854     INFO  main            d.u.i.k.p.i.AbstractProblemLoader Replaying proof ArrayList.ArrayListIterator[ListIterator::hasNext()].JML normal_behavior operation contract.0 
156927     DEBUG main            d.u.i.k.p.i.IntermediateProofReplayer Proof replay took 70.12ms 
156929     DEBUG main            d.u.i.k.p.r.p.TestFile    ... success: reloaded. 
156932     INFO  main            d.u.i.k.p.r.p.TestFile    Now processing file /home/runner/work/key/key/key.core/../key.ui/examples/heap/list/ArrayList.ArrayListIterator_inv.key 
156933     INFO  main            d.u.i.k.p.i.AbstractProblemLoader Loading environment from /home/runner/work/key/key/key.core/../key.ui/examples/heap/list/ArrayList.ArrayListIterator_inv.key 
156933     DEBUG main            d.u.i.k.p.i.AbstractProblemLoader Environment load took 296.2ns 
156935     INFO  main            d.u.i.k.p.i.AbstractProblemLoader Creating init config 
157869     DEBUG main            d.u.i.k.j.r.ClassPreparationMethodBuilder clPrepBuilder: Inner Class detected. Reject building class initialisation methods. 
159912     DEBUG main            d.u.i.k.p.i.AbstractProblemLoader Init config took 2.98s 
159963     INFO  main            d.u.i.k.p.i.AbstractProblemLoader Replaying proof ArrayList.ArrayListIterator[java.lang.Object::<inv>()].JML accessible clause.0 
159965     DEBUG main            d.u.i.k.p.i.IntermediateProofReplayer Proof replay took 7.2ns 
160969     INFO  main            d.u.i.k.p.r.p.TestFile    ... finished proof: closed. 
161221     INFO  main            d.u.i.k.p.i.AbstractProblemLoader Loading environment from /home/runner/work/key/key/key.core/../key.ui/examples/heap/list/ArrayList.ArrayListIterator_inv.key.proof 
161221     DEBUG main            d.u.i.k.p.i.AbstractProblemLoader Environment load took 460.81ns 
161223     INFO  main            d.u.i.k.p.i.AbstractProblemLoader Creating init config 
162153     DEBUG main            d.u.i.k.j.r.ClassPreparationMethodBuilder clPrepBuilder: Inner Class detected. Reject building class initialisation methods. 
164086     DEBUG main            d.u.i.k.p.i.AbstractProblemLoader Init config took 2.86s 
164136     INFO  main            d.u.i.k.p.i.AbstractProblemLoader Replaying proof ArrayList.ArrayListIterator[java.lang.Object::<inv>()].JML accessible clause.0 
164253     DEBUG main            d.u.i.k.p.i.IntermediateProofReplayer Proof replay took 112.74ms 
164255     DEBUG main            d.u.i.k.p.r.p.TestFile    ... success: reloaded. 
164256     INFO  main            d.u.i.k.p.r.p.TestFile    Now processing file /home/runner/work/key/key/key.core/../key.ui/examples/heap/list/ArrayList.ArrayListIterator_list.key 
164256     INFO  main            d.u.i.k.p.i.AbstractProblemLoader Loading environment from /home/runner/work/key/key/key.core/../key.ui/examples/heap/list/ArrayList.ArrayListIterator_list.key 
164257     DEBUG main            d.u.i.k.p.i.AbstractProblemLoader Environment load took 213.9ns 
164259     INFO  main            d.u.i.k.p.i.AbstractProblemLoader Creating init config 
165187     DEBUG main            d.u.i.k.j.r.ClassPreparationMethodBuilder clPrepBuilder: Inner Class detected. Reject building class initialisation methods. 
167160     DEBUG main            d.u.i.k.p.i.AbstractProblemLoader Init config took 2.9s 
167199     INFO  main            d.u.i.k.p.i.AbstractProblemLoader Replaying proof ListIterator[ListIterator::$list()].JML accessible clause.0 
167200     DEBUG main            d.u.i.k.p.i.IntermediateProofReplayer Proof replay took 6.8ns 
167302     INFO  main            d.u.i.k.p.r.p.TestFile    ... finished proof: closed. 
167557     INFO  main            d.u.i.k.p.i.AbstractProblemLoader Loading environment from /home/runner/work/key/key/key.core/../key.ui/examples/heap/list/ArrayList.ArrayListIterator_list.key.proof 
167557     DEBUG main            d.u.i.k.p.i.AbstractProblemLoader Environment load took 108.7ns 
167558     INFO  main            d.u.i.k.p.i.AbstractProblemLoader Creating init config 
168478     DEBUG main            d.u.i.k.j.r.ClassPreparationMethodBuilder clPrepBuilder: Inner Class detected. Reject building class initialisation methods. 
170415     DEBUG main            d.u.i.k.p.i.AbstractProblemLoader Init config took 2.86s 
170453     INFO  main            d.u.i.k.p.i.AbstractProblemLoader Replaying proof ListIterator[ListIterator::$list()].JML accessible clause.0 
170456     DEBUG main            d.u.i.k.p.i.IntermediateProofReplayer Proof replay took 1.07ms 
170456     DEBUG main            d.u.i.k.p.r.p.TestFile    ... success: reloaded. 
170457     INFO  main            d.u.i.k.p.r.p.TestFile    Now processing file /home/runner/work/key/key/key.core/../key.ui/examples/heap/list/ArrayList.ArrayListIterator_next_exceptional.key 
170458     INFO  main            d.u.i.k.p.i.AbstractProblemLoader Loading environment from /home/runner/work/key/key/key.core/../key.ui/examples/heap/list/ArrayList.ArrayListIterator_next_exceptional.key 
170458     DEBUG main            d.u.i.k.p.i.AbstractProblemLoader Environment load took 102.3ns 
170459     INFO  main            d.u.i.k.p.i.AbstractProblemLoader Creating init config 
171430     DEBUG main            d.u.i.k.j.r.ClassPreparationMethodBuilder clPrepBuilder: Inner Class detected. Reject building class initialisation methods. 
173432     DEBUG main            d.u.i.k.p.i.AbstractProblemLoader Init config took 2.97s 
173483     INFO  main            d.u.i.k.p.i.AbstractProblemLoader Replaying proof ArrayList.ArrayListIterator[ListIterator::next()].JML exceptional_behavior operation contract.0 
173484     DEBUG main            d.u.i.k.p.i.IntermediateProofReplayer Proof replay took 6.6ns 
174389     INFO  main            d.u.i.k.p.r.p.TestFile    ... finished proof: closed. 
174686     INFO  main            d.u.i.k.p.i.AbstractProblemLoader Loading environment from /home/runner/work/key/key/key.core/../key.ui/examples/heap/list/ArrayList.ArrayListIterator_next_exceptional.key.proof 
174686     DEBUG main            d.u.i.k.p.i.AbstractProblemLoader Environment load took 202.5ns 
174688     INFO  main            d.u.i.k.p.i.AbstractProblemLoader Creating init config 
175606     DEBUG main            d.u.i.k.j.r.ClassPreparationMethodBuilder clPrepBuilder: Inner Class detected. Reject building class initialisation methods. 
177526     DEBUG main            d.u.i.k.p.i.AbstractProblemLoader Init config took 2.84s 
177576     INFO  main            d.u.i.k.p.i.AbstractProblemLoader Replaying proof ArrayList.ArrayListIterator[ListIterator::next()].JML exceptional_behavior operation contract.0 
177753     DEBUG main            d.u.i.k.p.i.IntermediateProofReplayer Proof replay took 171.77ms 
177755     DEBUG main            d.u.i.k.p.r.p.TestFile    ... success: reloaded. 
177756     INFO  main            d.u.i.k.p.r.p.TestFile    Now processing file /home/runner/work/key/key/key.core/../key.ui/examples/heap/list/ArrayList.ArrayListIterator_next_normal.key 
177756     INFO  main            d.u.i.k.p.i.AbstractProblemLoader Loading environment from /home/runner/work/key/key/key.core/../key.ui/examples/heap/list/ArrayList.ArrayListIterator_next_normal.key 
177757     DEBUG main            d.u.i.k.p.i.AbstractProblemLoader Environment load took 221ns 
177758     INFO  main            d.u.i.k.p.i.AbstractProblemLoader Creating init config 
178694     DEBUG main            d.u.i.k.j.r.ClassPreparationMethodBuilder clPrepBuilder: Inner Class detected. Reject building class initialisation methods. 
180715     DEBUG main            d.u.i.k.p.i.AbstractProblemLoader Init config took 2.96s 
180768     INFO  main            d.u.i.k.p.i.AbstractProblemLoader Replaying proof ArrayList.ArrayListIterator[ListIterator::next()].JML normal_behavior operation contract.0 
180770     DEBUG main            d.u.i.k.p.i.IntermediateProofReplayer Proof replay took 7.2ns 
181675     INFO  main            d.u.i.k.p.r.p.TestFile    ... finished proof: closed. 
181979     INFO  main            d.u.i.k.p.i.AbstractProblemLoader Loading environment from /home/runner/work/key/key/key.core/../key.ui/examples/heap/list/ArrayList.ArrayListIterator_next_normal.key.proof 
181980     DEBUG main            d.u.i.k.p.i.AbstractProblemLoader Environment load took 467.81ns 
181981     INFO  main            d.u.i.k.p.i.AbstractProblemLoader Creating init config 
182886     DEBUG main            d.u.i.k.j.r.ClassPreparationMethodBuilder clPrepBuilder: Inner Class detected. Reject building class initialisation methods. 
184812     DEBUG main            d.u.i.k.p.i.AbstractProblemLoader Init config took 2.83s 
184862     INFO  main            d.u.i.k.p.i.AbstractProblemLoader Replaying proof ArrayList.ArrayListIterator[ListIterator::next()].JML normal_behavior operation contract.0 
185063     DEBUG main            d.u.i.k.p.i.IntermediateProofReplayer Proof replay took 196.35ms 
185064     DEBUG main            d.u.i.k.p.r.p.TestFile    ... success: reloaded. 
185065     INFO  main            d.u.i.k.p.r.p.TestFile    Now processing file /home/runner/work/key/key/key.core/../key.ui/examples/heap/list/ArrayList.ArrayListIterator_pos.key 
185065     INFO  main            d.u.i.k.p.i.AbstractProblemLoader Loading environment from /home/runner/work/key/key/key.core/../key.ui/examples/heap/list/ArrayList.ArrayListIterator_pos.key 
185065     DEBUG main            d.u.i.k.p.i.AbstractProblemLoader Environment load took 81ns 
185066     INFO  main            d.u.i.k.p.i.AbstractProblemLoader Creating init config 
185992     DEBUG main            d.u.i.k.j.r.ClassPreparationMethodBuilder clPrepBuilder: Inner Class detected. Reject building class initialisation methods. 
187993     DEBUG main            d.u.i.k.p.i.AbstractProblemLoader Init config took 2.93s 
188039     INFO  main            d.u.i.k.p.i.AbstractProblemLoader Replaying proof ListIterator[ListIterator::$pos()].JML accessible clause.0 
188041     DEBUG main            d.u.i.k.p.i.IntermediateProofReplayer Proof replay took 6.8ns 
188144     INFO  main            d.u.i.k.p.r.p.TestFile    ... finished proof: closed. 
188411     INFO  main            d.u.i.k.p.i.AbstractProblemLoader Loading environment from /home/runner/work/key/key/key.core/../key.ui/examples/heap/list/ArrayList.ArrayListIterator_pos.key.proof 
188412     DEBUG main            d.u.i.k.p.i.AbstractProblemLoader Environment load took 124.8ns 
188413     INFO  main            d.u.i.k.p.i.AbstractProblemLoader Creating init config 
189322     DEBUG main            d.u.i.k.j.r.ClassPreparationMethodBuilder clPrepBuilder: Inner Class detected. Reject building class initialisation methods. 
191243     DEBUG main            d.u.i.k.p.i.AbstractProblemLoader Init config took 2.83s 
191284     INFO  main            d.u.i.k.p.i.AbstractProblemLoader Replaying proof ListIterator[ListIterator::$pos()].JML accessible clause.0 
191287     DEBUG main            d.u.i.k.p.i.IntermediateProofReplayer Proof replay took 988.12ns 
191289     DEBUG main            d.u.i.k.p.r.p.TestFile    ... success: reloaded. 
191291     INFO  main            d.u.i.k.p.r.p.TestFile    Now processing file /home/runner/work/key/key/key.core/../key.ui/examples/heap/list/Client_m.key 
191292     INFO  main            d.u.i.k.p.i.AbstractProblemLoader Loading environment from /home/runner/work/key/key/key.core/../key.ui/examples/heap/list/Client_m.key 
191294     DEBUG main            d.u.i.k.p.i.AbstractProblemLoader Environment load took 2.44ms 
191295     INFO  main            d.u.i.k.p.i.AbstractProblemLoader Creating init config 
192237     DEBUG main            d.u.i.k.j.r.ClassPreparationMethodBuilder clPrepBuilder: Inner Class detected. Reject building class initialisation methods. 
194213     DEBUG main            d.u.i.k.p.i.AbstractProblemLoader Init config took 2.92s 
194252     INFO  main            d.u.i.k.p.i.AbstractProblemLoader Replaying proof Client[Client::m(List)].JML normal_behavior operation contract.0 
194254     DEBUG main            d.u.i.k.p.i.IntermediateProofReplayer Proof replay took 6.8ns 
194559     INFO  main            d.u.i.k.p.r.p.TestFile    ... finished proof: closed. 
194847     INFO  main            d.u.i.k.p.i.AbstractProblemLoader Loading environment from /home/runner/work/key/key/key.core/../key.ui/examples/heap/list/Client_m.key.proof 
194847     DEBUG main            d.u.i.k.p.i.AbstractProblemLoader Environment load took 120ns 
194848     INFO  main            d.u.i.k.p.i.AbstractProblemLoader Creating init config 
195770     DEBUG main            d.u.i.k.j.r.ClassPreparationMethodBuilder clPrepBuilder: Inner Class detected. Reject building class initialisation methods. 
197696     DEBUG main            d.u.i.k.p.i.AbstractProblemLoader Init config took 2.85s 
197736     INFO  main            d.u.i.k.p.i.AbstractProblemLoader Replaying proof Client[Client::m(List)].JML normal_behavior operation contract.0 
197799     DEBUG main            d.u.i.k.p.i.IntermediateProofReplayer Proof replay took 60.05ms 
197800     DEBUG main            d.u.i.k.p.r.p.TestFile    ... success: reloaded. 
197801     INFO  main            d.u.i.k.p.r.p.TestFile    Now processing file /home/runner/work/key/key/key.core/../key.ui/examples/heap/list/Client_n.key 
197801     INFO  main            d.u.i.k.p.i.AbstractProblemLoader Loading environment from /home/runner/work/key/key/key.core/../key.ui/examples/heap/list/Client_n.key 
197801     DEBUG main            d.u.i.k.p.i.AbstractProblemLoader Environment load took 96.4ns 
197802     INFO  main            d.u.i.k.p.i.AbstractProblemLoader Creating init config 
198723     DEBUG main            d.u.i.k.j.r.ClassPreparationMethodBuilder clPrepBuilder: Inner Class detected. Reject building class initialisation methods. 
200701     DEBUG main            d.u.i.k.p.i.AbstractProblemLoader Init config took 2.9s 
200740     INFO  main            d.u.i.k.p.i.AbstractProblemLoader Replaying proof Client[Client::n(List)].JML normal_behavior operation contract.0 
200741     DEBUG main            d.u.i.k.p.i.IntermediateProofReplayer Proof replay took 7ns 
200843     INFO  main            d.u.i.k.p.r.p.TestFile    ... finished proof: closed. 
201132     INFO  main            d.u.i.k.p.i.AbstractProblemLoader Loading environment from /home/runner/work/key/key/key.core/../key.ui/examples/heap/list/Client_n.key.proof 
201132     DEBUG main            d.u.i.k.p.i.AbstractProblemLoader Environment load took 115.1ns 
201133     INFO  main            d.u.i.k.p.i.AbstractProblemLoader Creating init config 
202050     DEBUG main            d.u.i.k.j.r.ClassPreparationMethodBuilder clPrepBuilder: Inner Class detected. Reject building class initialisation methods. 
203994     DEBUG main            d.u.i.k.p.i.AbstractProblemLoader Init config took 2.86s 
204041     INFO  main            d.u.i.k.p.i.AbstractProblemLoader Replaying proof Client[Client::n(List)].JML normal_behavior operation contract.0 
204063     DEBUG main            d.u.i.k.p.i.IntermediateProofReplayer Proof replay took 20.2ms 
204064     DEBUG main            d.u.i.k.p.r.p.TestFile    ... success: reloaded. 
204065     INFO  main            d.u.i.k.p.r.p.TestFile    Now processing file /home/runner/work/key/key/key.core/../key.ui/examples/heap/list/LinkedList_get_exceptional.key 
204065     INFO  main            d.u.i.k.p.i.AbstractProblemLoader Loading environment from /home/runner/work/key/key/key.core/../key.ui/examples/heap/list/LinkedList_get_exceptional.key 
204065     DEBUG main            d.u.i.k.p.i.AbstractProblemLoader Environment load took 112.8ns 
204066     INFO  main            d.u.i.k.p.i.AbstractProblemLoader Creating init config 
205001     DEBUG main            d.u.i.k.j.r.ClassPreparationMethodBuilder clPrepBuilder: Inner Class detected. Reject building class initialisation methods. 
206955     DEBUG main            d.u.i.k.p.i.AbstractProblemLoader Init config took 2.89s 
207000     INFO  main            d.u.i.k.p.i.AbstractProblemLoader Replaying proof LinkedList[List::get(int)].JML exceptional_behavior operation contract.0 
207002     DEBUG main            d.u.i.k.p.i.IntermediateProofReplayer Proof replay took 7.4ns 
209210     INFO  main            d.u.i.k.p.r.p.TestFile    ... finished proof: closed. 
209540     INFO  main            d.u.i.k.p.i.AbstractProblemLoader Loading environment from /home/runner/work/key/key/key.core/../key.ui/examples/heap/list/LinkedList_get_exceptional.key.proof 
209540     DEBUG main            d.u.i.k.p.i.AbstractProblemLoader Environment load took 117.3ns 
209541     INFO  main            d.u.i.k.p.i.AbstractProblemLoader Creating init config 
210446     DEBUG main            d.u.i.k.j.r.ClassPreparationMethodBuilder clPrepBuilder: Inner Class detected. Reject building class initialisation methods. 
212374     DEBUG main            d.u.i.k.p.i.AbstractProblemLoader Init config took 2.83s 
212417     INFO  main            d.u.i.k.p.i.AbstractProblemLoader Replaying proof LinkedList[List::get(int)].JML exceptional_behavior operation contract.0 
212729     DEBUG main            d.u.i.k.p.i.IntermediateProofReplayer Proof replay took 303.4ms 
212730     DEBUG main            d.u.i.k.p.r.p.TestFile    ... success: reloaded. 
212731     INFO  main            d.u.i.k.p.r.p.TestFile    Now processing file /home/runner/work/key/key/key.core/../key.ui/examples/heap/list/LinkedList_get_normal.key 
212732     INFO  main            d.u.i.k.p.i.AbstractProblemLoader Loading environment from /home/runner/work/key/key/key.core/../key.ui/examples/heap/list/LinkedList_get_normal.key 
212732     DEBUG main            d.u.i.k.p.i.AbstractProblemLoader Environment load took 92.4ns 
212732     INFO  main            d.u.i.k.p.i.AbstractProblemLoader Creating init config 
213659     DEBUG main            d.u.i.k.j.r.ClassPreparationMethodBuilder clPrepBuilder: Inner Class detected. Reject building class initialisation methods. 
215621     DEBUG main            d.u.i.k.p.i.AbstractProblemLoader Init config took 2.89s 
215665     INFO  main            d.u.i.k.p.i.AbstractProblemLoader Replaying proof LinkedList[List::get(int)].JML normal_behavior operation contract.0 
215668     DEBUG main            d.u.i.k.p.i.IntermediateProofReplayer Proof replay took 8.1ns 
221345     INFO  main            d.u.i.k.p.r.p.TestFile    ... finished proof: closed. 
221718     INFO  main            d.u.i.k.p.i.AbstractProblemLoader Loading environment from /home/runner/work/key/key/key.core/../key.ui/examples/heap/list/LinkedList_get_normal.key.proof 
221719     DEBUG main            d.u.i.k.p.i.AbstractProblemLoader Environment load took 495.51ns 
221721     INFO  main            d.u.i.k.p.i.AbstractProblemLoader Creating init config 
222629     DEBUG main            d.u.i.k.j.r.ClassPreparationMethodBuilder clPrepBuilder: Inner Class detected. Reject building class initialisation methods. 
224558     DEBUG main            d.u.i.k.p.i.AbstractProblemLoader Init config took 2.84s 
224602     INFO  main            d.u.i.k.p.i.AbstractProblemLoader Replaying proof LinkedList[List::get(int)].JML normal_behavior operation contract.0 
225064     DEBUG main            d.u.i.k.p.i.IntermediateProofReplayer Proof replay took 442.56ms 
225066     DEBUG main            d.u.i.k.p.r.p.TestFile    ... success: reloaded. 
225067     INFO  main            d.u.i.k.p.r.p.TestFile    Now processing file /home/runner/work/key/key/key.core/../key.ui/examples/heap/list/LinkedList_LinkedList.key 
225067     INFO  main            d.u.i.k.p.i.AbstractProblemLoader Loading environment from /home/runner/work/key/key/key.core/../key.ui/examples/heap/list/LinkedList_LinkedList.key 
225067     DEBUG main            d.u.i.k.p.i.AbstractProblemLoader Environment load took 94.9ns 
225068     INFO  main            d.u.i.k.p.i.AbstractProblemLoader Creating init config 
226013     DEBUG main            d.u.i.k.j.r.ClassPreparationMethodBuilder clPrepBuilder: Inner Class detected. Reject building class initialisation methods. 
227982     DEBUG main            d.u.i.k.p.i.AbstractProblemLoader Init config took 2.91s 
228025     INFO  main            d.u.i.k.p.i.AbstractProblemLoader Replaying proof LinkedList[LinkedList::LinkedList()].JML normal_behavior operation contract.0 
228027     DEBUG main            d.u.i.k.p.i.IntermediateProofReplayer Proof replay took 7.2ns 
228632     INFO  main            d.u.i.k.p.r.p.TestFile    ... finished proof: closed. 
228935     INFO  main            d.u.i.k.p.i.AbstractProblemLoader Loading environment from /home/runner/work/key/key/key.core/../key.ui/examples/heap/list/LinkedList_LinkedList.key.proof 
228935     DEBUG main            d.u.i.k.p.i.AbstractProblemLoader Environment load took 106.2ns 
228936     INFO  main            d.u.i.k.p.i.AbstractProblemLoader Creating init config 
229848     DEBUG main            d.u.i.k.j.r.ClassPreparationMethodBuilder clPrepBuilder: Inner Class detected. Reject building class initialisation methods. 
231792     DEBUG main            d.u.i.k.p.i.AbstractProblemLoader Init config took 2.86s 
231836     INFO  main            d.u.i.k.p.i.AbstractProblemLoader Replaying proof LinkedList[LinkedList::LinkedList()].JML normal_behavior operation contract.0 
231935     DEBUG main            d.u.i.k.p.i.IntermediateProofReplayer Proof replay took 95.18ms 
231936     DEBUG main            d.u.i.k.p.r.p.TestFile    ... success: reloaded. 
231937     INFO  main            d.u.i.k.p.r.p.TestFile    Now processing file /home/runner/work/key/key/key.core/../key.ui/examples/heap/list/LinkedList_size_dep.key 
231937     INFO  main            d.u.i.k.p.i.AbstractProblemLoader Loading environment from /home/runner/work/key/key/key.core/../key.ui/examples/heap/list/LinkedList_size_dep.key 
231937     DEBUG main            d.u.i.k.p.i.AbstractProblemLoader Environment load took 75ns 
231938     INFO  main            d.u.i.k.p.i.AbstractProblemLoader Creating init config 
232872     DEBUG main            d.u.i.k.j.r.ClassPreparationMethodBuilder clPrepBuilder: Inner Class detected. Reject building class initialisation methods. 
234823     DEBUG main            d.u.i.k.p.i.AbstractProblemLoader Init config took 2.88s 
234885     INFO  main            d.u.i.k.p.i.AbstractProblemLoader Replaying proof LinkedList[List::size()].JML accessible clause.0 
234887     DEBUG main            d.u.i.k.p.i.IntermediateProofReplayer Proof replay took 8.1ns 
235392     INFO  main            d.u.i.k.p.r.p.TestFile    ... finished proof: closed. 
235707     INFO  main            d.u.i.k.p.i.AbstractProblemLoader Loading environment from /home/runner/work/key/key/key.core/../key.ui/examples/heap/list/LinkedList_size_dep.key.proof 
235707     DEBUG main            d.u.i.k.p.i.AbstractProblemLoader Environment load took 110.4ns 
235708     INFO  main            d.u.i.k.p.i.AbstractProblemLoader Creating init config 
236611     DEBUG main            d.u.i.k.j.r.ClassPreparationMethodBuilder clPrepBuilder: Inner Class detected. Reject building class initialisation methods. 
238521     DEBUG main            d.u.i.k.p.i.AbstractProblemLoader Init config took 2.81s 
238563     INFO  main            d.u.i.k.p.i.AbstractProblemLoader Replaying proof LinkedList[List::size()].JML accessible clause.0 
238628     DEBUG main            d.u.i.k.p.i.IntermediateProofReplayer Proof replay took 61.93ms 
238629     DEBUG main            d.u.i.k.p.r.p.TestFile    ... success: reloaded. 
238630     INFO  main            d.u.i.k.p.r.p.TestFile    Now processing file /home/runner/work/key/key/key.core/../key.ui/examples/heap/list/LinkedList_size.key 
238630     INFO  main            d.u.i.k.p.i.AbstractProblemLoader Loading environment from /home/runner/work/key/key/key.core/../key.ui/examples/heap/list/LinkedList_size.key 
238630     DEBUG main            d.u.i.k.p.i.AbstractProblemLoader Environment load took 89.6ns 
238631     INFO  main            d.u.i.k.p.i.AbstractProblemLoader Creating init config 
239562     DEBUG main            d.u.i.k.j.r.ClassPreparationMethodBuilder clPrepBuilder: Inner Class detected. Reject building class initialisation methods. 
241527     DEBUG main            d.u.i.k.p.i.AbstractProblemLoader Init config took 2.9s 
241570     INFO  main            d.u.i.k.p.i.AbstractProblemLoader Replaying proof LinkedList[List::size()].JML normal_behavior operation contract.0 
241572     DEBUG main            d.u.i.k.p.i.IntermediateProofReplayer Proof replay took 6.9ns 
242076     INFO  main            d.u.i.k.p.r.p.TestFile    ... finished proof: closed. 
242395     INFO  main            d.u.i.k.p.i.AbstractProblemLoader Loading environment from /home/runner/work/key/key/key.core/../key.ui/examples/heap/list/LinkedList_size.key.proof 
242395     DEBUG main            d.u.i.k.p.i.AbstractProblemLoader Environment load took 138.4ns 
242396     INFO  main            d.u.i.k.p.i.AbstractProblemLoader Creating init config 
243300     DEBUG main            d.u.i.k.j.r.ClassPreparationMethodBuilder clPrepBuilder: Inner Class detected. Reject building class initialisation methods. 
245214     DEBUG main            d.u.i.k.p.i.AbstractProblemLoader Init config took 2.82s 
245268     INFO  main            d.u.i.k.p.i.AbstractProblemLoader Replaying proof LinkedList[List::size()].JML normal_behavior operation contract.0 
245311     DEBUG main            d.u.i.k.p.i.IntermediateProofReplayer Proof replay took 41.09ms 
245312     DEBUG main            d.u.i.k.p.r.p.TestFile    ... success: reloaded. 
245313     INFO  main            d.u.i.k.p.r.p.TestFile    Now processing file /home/runner/work/key/key/key.core/../key.ui/examples/heap/list/MySet_footprint.key 
245313     INFO  main            d.u.i.k.p.i.AbstractProblemLoader Loading environment from /home/runner/work/key/key/key.core/../key.ui/examples/heap/list/MySet_footprint.key 
245314     DEBUG main            d.u.i.k.p.i.AbstractProblemLoader Environment load took 114.1ns 
245314     INFO  main            d.u.i.k.p.i.AbstractProblemLoader Creating init config 
246235     DEBUG main            d.u.i.k.j.r.ClassPreparationMethodBuilder clPrepBuilder: Inner Class detected. Reject building class initialisation methods. 
248198     DEBUG main            d.u.i.k.p.i.AbstractProblemLoader Init config took 2.88s 
248243     INFO  main            d.u.i.k.p.i.AbstractProblemLoader Replaying proof MySet[MySet::$footprint()].JML accessible clause.0 
248245     DEBUG main            d.u.i.k.p.i.IntermediateProofReplayer Proof replay took 8ns 
248547     INFO  main            d.u.i.k.p.r.p.TestFile    ... finished proof: closed. 
248871     INFO  main            d.u.i.k.p.i.AbstractProblemLoader Loading environment from /home/runner/work/key/key/key.core/../key.ui/examples/heap/list/MySet_footprint.key.proof 
248871     DEBUG main            d.u.i.k.p.i.AbstractProblemLoader Environment load took 107.2ns 
248872     INFO  main            d.u.i.k.p.i.AbstractProblemLoader Creating init config 
249777     DEBUG main            d.u.i.k.j.r.ClassPreparationMethodBuilder clPrepBuilder: Inner Class detected. Reject building class initialisation methods. 
251700     DEBUG main            d.u.i.k.p.i.AbstractProblemLoader Init config took 2.83s 
251744     INFO  main            d.u.i.k.p.i.AbstractProblemLoader Replaying proof MySet[MySet::$footprint()].JML accessible clause.0 
251777     DEBUG main            d.u.i.k.p.i.IntermediateProofReplayer Proof replay took 29.94ms 
251778     DEBUG main            d.u.i.k.p.r.p.TestFile    ... success: reloaded. 
251779     INFO  main            d.u.i.k.p.r.p.TestFile    Now processing file /home/runner/work/key/key/key.core/../key.ui/examples/heap/list/MySet_MySet.key 
251779     INFO  main            d.u.i.k.p.i.AbstractProblemLoader Loading environment from /home/runner/work/key/key/key.core/../key.ui/examples/heap/list/MySet_MySet.key 
251779     DEBUG main            d.u.i.k.p.i.AbstractProblemLoader Environment load took 113.8ns 
251780     INFO  main            d.u.i.k.p.i.AbstractProblemLoader Creating init config 
252696     DEBUG main            d.u.i.k.j.r.ClassPreparationMethodBuilder clPrepBuilder: Inner Class detected. Reject building class initialisation methods. 
254647     DEBUG main            d.u.i.k.p.i.AbstractProblemLoader Init config took 2.87s 
254692     INFO  main            d.u.i.k.p.i.AbstractProblemLoader Replaying proof MySet[MySet::MySet()].JML normal_behavior operation contract.0 
254693     DEBUG main            d.u.i.k.p.i.IntermediateProofReplayer Proof replay took 9ns 
257202     INFO  main            d.u.i.k.p.r.p.TestFile    ... finished proof: closed. 
257555     INFO  main            d.u.i.k.p.i.AbstractProblemLoader Loading environment from /home/runner/work/key/key/key.core/../key.ui/examples/heap/list/MySet_MySet.key.proof 
257555     DEBUG main            d.u.i.k.p.i.AbstractProblemLoader Environment load took 122.6ns 
257557     INFO  main            d.u.i.k.p.i.AbstractProblemLoader Creating init config 
258470     DEBUG main            d.u.i.k.j.r.ClassPreparationMethodBuilder clPrepBuilder: Inner Class detected. Reject building class initialisation methods. 
260388     DEBUG main            d.u.i.k.p.i.AbstractProblemLoader Init config took 2.83s 
260434     INFO  main            d.u.i.k.p.i.AbstractProblemLoader Replaying proof MySet[MySet::MySet()].JML normal_behavior operation contract.0 
260790     DEBUG main            d.u.i.k.p.i.IntermediateProofReplayer Proof replay took 344.53ms 
260792     DEBUG main            d.u.i.k.p.r.p.TestFile    ... success: reloaded. 
1127084    INFO  Test worker     d.u.i.k.p.r.RunAllProofsTestUnit Returning from test list 
1127085    INFO  Test worker     d.u.i.k.p.r.RunAllProofsTestUnit Running test list_ghost 
343        INFO  Timeout watchdog d.u.i.k.p.r.p.ForkedTestFileRunner Timeout watcher launched (2000 secs.) 
354        WARN  main            d.u.i.k.s.ProofSettings   The settings in /home/runner/.key/proof-settings.props are *not* read. 
389        INFO  main            d.u.i.k.p.r.p.TestFile    Now processing file /home/runner/work/key/key/key.core/../key.ui/examples/heap/list_ghost/ArrayList_add.key 
506        INFO  main            d.u.i.k.p.i.AbstractProblemLoader Loading environment from /home/runner/work/key/key/key.core/../key.ui/examples/heap/list_ghost/ArrayList_add.key 
522        DEBUG main            d.u.i.k.p.i.AbstractProblemLoader Environment load took 1.85ms 
742        INFO  main            d.u.i.k.p.i.AbstractProblemLoader Creating init config 
1641       DEBUG main            d.u.i.k.j.TypeConverter   No LDT found for Meta 
1642       DEBUG main            d.u.i.k.j.TypeConverter   No LDT found for Meta 
1645       DEBUG main            d.u.i.k.j.TypeConverter   No LDT found for Meta 
1646       DEBUG main            d.u.i.k.j.TypeConverter   No LDT found for Meta 
3084       DEBUG main            d.u.i.k.j.TypeConverter   No LDT found for JavaBigintExpression 
8152       DEBUG main            d.u.i.k.p.i.AbstractProblemLoader Init config took 7.41s 
8333       INFO  main            d.u.i.k.p.i.AbstractProblemLoader Replaying proof ArrayList[List::add(java.lang.Object)].JML normal_behavior operation contract.0 
8374       DEBUG main            d.u.i.k.p.i.IntermediateProofReplayer Proof replay took 39.2ns 
13893      INFO  main            d.u.i.k.p.r.p.TestFile    ... finished proof: closed. 
14071      INFO  main            d.u.i.k.p.i.AbstractProblemLoader Loading environment from /home/runner/work/key/key/key.core/../key.ui/examples/heap/list_ghost/ArrayList_add.key.proof 
14071      DEBUG main            d.u.i.k.p.i.AbstractProblemLoader Environment load took 153.1ns 
14078      INFO  main            d.u.i.k.p.i.AbstractProblemLoader Creating init config 
16967      DEBUG main            d.u.i.k.p.i.AbstractProblemLoader Init config took 2.89s 
17032      INFO  main            d.u.i.k.p.i.AbstractProblemLoader Replaying proof ArrayList[List::add(java.lang.Object)].JML normal_behavior operation contract.0 
17803      DEBUG main            d.u.i.k.p.i.IntermediateProofReplayer Proof replay took 748.5ms 
17812      DEBUG main            d.u.i.k.p.r.p.TestFile    ... success: reloaded. 
17814      INFO  main            d.u.i.k.p.r.p.TestFile    Now processing file /home/runner/work/key/key/key.core/../key.ui/examples/heap/list_ghost/ArrayList_ArrayList.key 
17815      INFO  main            d.u.i.k.p.i.AbstractProblemLoader Loading environment from /home/runner/work/key/key/key.core/../key.ui/examples/heap/list_ghost/ArrayList_ArrayList.key 
17815      DEBUG main            d.u.i.k.p.i.AbstractProblemLoader Environment load took 292.2ns 
17817      INFO  main            d.u.i.k.p.i.AbstractProblemLoader Creating init config 
20564      DEBUG main            d.u.i.k.p.i.AbstractProblemLoader Init config took 2.75s 
20639      INFO  main            d.u.i.k.p.i.AbstractProblemLoader Replaying proof ArrayList[ArrayList::ArrayList()].JML normal_behavior operation contract.0 
20644      DEBUG main            d.u.i.k.p.i.IntermediateProofReplayer Proof replay took 7.2ns 
21850      INFO  main            d.u.i.k.p.r.p.TestFile    ... finished proof: closed. 
22043      INFO  main            d.u.i.k.p.i.AbstractProblemLoader Loading environment from /home/runner/work/key/key/key.core/../key.ui/examples/heap/list_ghost/ArrayList_ArrayList.key.proof 
22043      DEBUG main            d.u.i.k.p.i.AbstractProblemLoader Environment load took 534.91ns 
22048      INFO  main            d.u.i.k.p.i.AbstractProblemLoader Creating init config 
24745      DEBUG main            d.u.i.k.p.i.AbstractProblemLoader Init config took 2.7s 
24795      INFO  main            d.u.i.k.p.i.AbstractProblemLoader Replaying proof ArrayList[ArrayList::ArrayList()].JML normal_behavior operation contract.0 
24995      DEBUG main            d.u.i.k.p.i.IntermediateProofReplayer Proof replay took 192.33ms 
24996      DEBUG main            d.u.i.k.p.r.p.TestFile    ... success: reloaded. 
24998      INFO  main            d.u.i.k.p.r.p.TestFile    Now processing file /home/runner/work/key/key/key.core/../key.ui/examples/heap/list_ghost/ArrayList_enlarge.key 
24998      INFO  main            d.u.i.k.p.i.AbstractProblemLoader Loading environment from /home/runner/work/key/key/key.core/../key.ui/examples/heap/list_ghost/ArrayList_enlarge.key 
24999      DEBUG main            d.u.i.k.p.i.AbstractProblemLoader Environment load took 223.7ns 
25000      INFO  main            d.u.i.k.p.i.AbstractProblemLoader Creating init config 
27674      DEBUG main            d.u.i.k.p.i.AbstractProblemLoader Init config took 2.67s 
27722      INFO  main            d.u.i.k.p.i.AbstractProblemLoader Replaying proof ArrayList[ArrayList::enlarge()].JML normal_behavior operation contract.0 
27725      DEBUG main            d.u.i.k.p.i.IntermediateProofReplayer Proof replay took 6.9ns 
30036      INFO  main            d.u.i.k.p.r.p.TestFile    ... finished proof: closed. 
30230      INFO  main            d.u.i.k.p.i.AbstractProblemLoader Loading environment from /home/runner/work/key/key/key.core/../key.ui/examples/heap/list_ghost/ArrayList_enlarge.key.proof 
30231      DEBUG main            d.u.i.k.p.i.AbstractProblemLoader Environment load took 532.51ns 
30232      INFO  main            d.u.i.k.p.i.AbstractProblemLoader Creating init config 
32890      DEBUG main            d.u.i.k.p.i.AbstractProblemLoader Init config took 2.66s 
32948      INFO  main            d.u.i.k.p.i.AbstractProblemLoader Replaying proof ArrayList[ArrayList::enlarge()].JML normal_behavior operation contract.0 
33410      DEBUG main            d.u.i.k.p.i.IntermediateProofReplayer Proof replay took 451.47ms 
33411      DEBUG main            d.u.i.k.p.r.p.TestFile    ... success: reloaded. 
33413      INFO  main            d.u.i.k.p.r.p.TestFile    Now processing file /home/runner/work/key/key/key.core/../key.ui/examples/heap/list_ghost/ArrayList_get_dep.key 
33413      INFO  main            d.u.i.k.p.i.AbstractProblemLoader Loading environment from /home/runner/work/key/key/key.core/../key.ui/examples/heap/list_ghost/ArrayList_get_dep.key 
33413      DEBUG main            d.u.i.k.p.i.AbstractProblemLoader Environment load took 226.9ns 
33414      INFO  main            d.u.i.k.p.i.AbstractProblemLoader Creating init config 
36067      DEBUG main            d.u.i.k.p.i.AbstractProblemLoader Init config took 2.65s 
36116      INFO  main            d.u.i.k.p.i.AbstractProblemLoader Replaying proof ArrayList[List::get(int)].JML accessible clause.0 
36119      DEBUG main            d.u.i.k.p.i.IntermediateProofReplayer Proof replay took 8.3ns 
36523      INFO  main            d.u.i.k.p.r.p.TestFile    ... finished proof: closed. 
36699      INFO  main            d.u.i.k.p.i.AbstractProblemLoader Loading environment from /home/runner/work/key/key/key.core/../key.ui/examples/heap/list_ghost/ArrayList_get_dep.key.proof 
36701      DEBUG main            d.u.i.k.p.i.AbstractProblemLoader Environment load took 1.19ms 
36702      INFO  main            d.u.i.k.p.i.AbstractProblemLoader Creating init config 
39366      DEBUG main            d.u.i.k.p.i.AbstractProblemLoader Init config took 2.66s 
39425      INFO  main            d.u.i.k.p.i.AbstractProblemLoader Replaying proof ArrayList[List::get(int)].JML accessible clause.0 
39497      DEBUG main            d.u.i.k.p.i.IntermediateProofReplayer Proof replay took 68.71ms 
39498      DEBUG main            d.u.i.k.p.r.p.TestFile    ... success: reloaded. 
39500      INFO  main            d.u.i.k.p.r.p.TestFile    Now processing file /home/runner/work/key/key/key.core/../key.ui/examples/heap/list_ghost/ArrayList_get_exceptional.key 
39500      INFO  main            d.u.i.k.p.i.AbstractProblemLoader Loading environment from /home/runner/work/key/key/key.core/../key.ui/examples/heap/list_ghost/ArrayList_get_exceptional.key 
39500      DEBUG main            d.u.i.k.p.i.AbstractProblemLoader Environment load took 274.5ns 
39502      INFO  main            d.u.i.k.p.i.AbstractProblemLoader Creating init config 
42191      DEBUG main            d.u.i.k.p.i.AbstractProblemLoader Init config took 2.69s 
42257      INFO  main            d.u.i.k.p.i.AbstractProblemLoader Replaying proof ArrayList[List::get(int)].JML exceptional_behavior operation contract.0 
42260      DEBUG main            d.u.i.k.p.i.IntermediateProofReplayer Proof replay took 7.6ns 
43064      INFO  main            d.u.i.k.p.r.p.TestFile    ... finished proof: closed. 
43228      INFO  main            d.u.i.k.p.i.AbstractProblemLoader Loading environment from /home/runner/work/key/key/key.core/../key.ui/examples/heap/list_ghost/ArrayList_get_exceptional.key.proof 
43228      DEBUG main            d.u.i.k.p.i.AbstractProblemLoader Environment load took 504.01ns 
43229      INFO  main            d.u.i.k.p.i.AbstractProblemLoader Creating init config 
45840      DEBUG main            d.u.i.k.p.i.AbstractProblemLoader Init config took 2.61s 
45900      INFO  main            d.u.i.k.p.i.AbstractProblemLoader Replaying proof ArrayList[List::get(int)].JML exceptional_behavior operation contract.0 
46080      DEBUG main            d.u.i.k.p.i.IntermediateProofReplayer Proof replay took 172.54ms 
46081      DEBUG main            d.u.i.k.p.r.p.TestFile    ... success: reloaded. 
46083      INFO  main            d.u.i.k.p.r.p.TestFile    Now processing file /home/runner/work/key/key/key.core/../key.ui/examples/heap/list_ghost/ArrayList_get_normal.key 
46083      INFO  main            d.u.i.k.p.i.AbstractProblemLoader Loading environment from /home/runner/work/key/key/key.core/../key.ui/examples/heap/list_ghost/ArrayList_get_normal.key 
46083      DEBUG main            d.u.i.k.p.i.AbstractProblemLoader Environment load took 249.4ns 
46084      INFO  main            d.u.i.k.p.i.AbstractProblemLoader Creating init config 
48746      DEBUG main            d.u.i.k.p.i.AbstractProblemLoader Init config took 2.66s 
48788      INFO  main            d.u.i.k.p.i.AbstractProblemLoader Replaying proof ArrayList[List::get(int)].JML normal_behavior operation contract.0 
48790      DEBUG main            d.u.i.k.p.i.IntermediateProofReplayer Proof replay took 7.6ns 
49094      INFO  main            d.u.i.k.p.r.p.TestFile    ... finished proof: closed. 
49250      INFO  main            d.u.i.k.p.i.AbstractProblemLoader Loading environment from /home/runner/work/key/key/key.core/../key.ui/examples/heap/list_ghost/ArrayList_get_normal.key.proof 
49251      DEBUG main            d.u.i.k.p.i.AbstractProblemLoader Environment load took 127.9ns 
49252      INFO  main            d.u.i.k.p.i.AbstractProblemLoader Creating init config 
51833      DEBUG main            d.u.i.k.p.i.AbstractProblemLoader Init config took 2.58s 
51874      INFO  main            d.u.i.k.p.i.AbstractProblemLoader Replaying proof ArrayList[List::get(int)].JML normal_behavior operation contract.0 
51931      DEBUG main            d.u.i.k.p.i.IntermediateProofReplayer Proof replay took 53.28ms 
51932      DEBUG main            d.u.i.k.p.r.p.TestFile    ... success: reloaded. 
51934      INFO  main            d.u.i.k.p.r.p.TestFile    Now processing file /home/runner/work/key/key/key.core/../key.ui/examples/heap/list_ghost/ArrayList_inv.key 
51934      INFO  main            d.u.i.k.p.i.AbstractProblemLoader Loading environment from /home/runner/work/key/key/key.core/../key.ui/examples/heap/list_ghost/ArrayList_inv.key 
51934      DEBUG main            d.u.i.k.p.i.AbstractProblemLoader Environment load took 261.5ns 
51936      INFO  main            d.u.i.k.p.i.AbstractProblemLoader Creating init config 
54586      DEBUG main            d.u.i.k.p.i.AbstractProblemLoader Init config took 2.65s 
54625      INFO  main            d.u.i.k.p.i.AbstractProblemLoader Replaying proof ArrayList[java.lang.Object::<inv>()].JML accessible clause.0 
54629      DEBUG main            d.u.i.k.p.i.IntermediateProofReplayer Proof replay took 7.2ns 
54731      INFO  main            d.u.i.k.p.r.p.TestFile    ... finished proof: closed. 
54908      INFO  main            d.u.i.k.p.i.AbstractProblemLoader Loading environment from /home/runner/work/key/key/key.core/../key.ui/examples/heap/list_ghost/ArrayList_inv.key.proof 
54908      DEBUG main            d.u.i.k.p.i.AbstractProblemLoader Environment load took 124ns 
54910      INFO  main            d.u.i.k.p.i.AbstractProblemLoader Creating init config 
57469      DEBUG main            d.u.i.k.p.i.AbstractProblemLoader Init config took 2.56s 
57508      INFO  main            d.u.i.k.p.i.AbstractProblemLoader Replaying proof ArrayList[java.lang.Object::<inv>()].JML accessible clause.0 
57520      DEBUG main            d.u.i.k.p.i.IntermediateProofReplayer Proof replay took 9.97ms 
57521      DEBUG main            d.u.i.k.p.r.p.TestFile    ... success: reloaded. 
57522      INFO  main            d.u.i.k.p.r.p.TestFile    Now processing file /home/runner/work/key/key/key.core/../key.ui/examples/heap/list_ghost/ArrayList_size_dep.key 
57522      INFO  main            d.u.i.k.p.i.AbstractProblemLoader Loading environment from /home/runner/work/key/key/key.core/../key.ui/examples/heap/list_ghost/ArrayList_size_dep.key 
57522      DEBUG main            d.u.i.k.p.i.AbstractProblemLoader Environment load took 93.3ns 
57523      INFO  main            d.u.i.k.p.i.AbstractProblemLoader Creating init config 
60191      DEBUG main            d.u.i.k.p.i.AbstractProblemLoader Init config took 2.67s 
60229      INFO  main            d.u.i.k.p.i.AbstractProblemLoader Replaying proof ArrayList[List::size()].JML accessible clause.0 
60230      DEBUG main            d.u.i.k.p.i.IntermediateProofReplayer Proof replay took 7.1ns 
60335      INFO  main            d.u.i.k.p.r.p.TestFile    ... finished proof: closed. 
60564      INFO  main            d.u.i.k.p.i.AbstractProblemLoader Loading environment from /home/runner/work/key/key/key.core/../key.ui/examples/heap/list_ghost/ArrayList_size_dep.key.proof 
60564      DEBUG main            d.u.i.k.p.i.AbstractProblemLoader Environment load took 126ns 
60566      INFO  main            d.u.i.k.p.i.AbstractProblemLoader Creating init config 
63137      DEBUG main            d.u.i.k.p.i.AbstractProblemLoader Init config took 2.57s 
63185      INFO  main            d.u.i.k.p.i.AbstractProblemLoader Replaying proof ArrayList[List::size()].JML accessible clause.0 
63201      DEBUG main            d.u.i.k.p.i.IntermediateProofReplayer Proof replay took 14.32ms 
63202      DEBUG main            d.u.i.k.p.r.p.TestFile    ... success: reloaded. 
63204      INFO  main            d.u.i.k.p.r.p.TestFile    Now processing file /home/runner/work/key/key/key.core/../key.ui/examples/heap/list_ghost/ArrayList_size.key 
63204      INFO  main            d.u.i.k.p.i.AbstractProblemLoader Loading environment from /home/runner/work/key/key/key.core/../key.ui/examples/heap/list_ghost/ArrayList_size.key 
63204      DEBUG main            d.u.i.k.p.i.AbstractProblemLoader Environment load took 248.9ns 
63205      INFO  main            d.u.i.k.p.i.AbstractProblemLoader Creating init config 
65853      DEBUG main            d.u.i.k.p.i.AbstractProblemLoader Init config took 2.65s 
65891      INFO  main            d.u.i.k.p.i.AbstractProblemLoader Replaying proof ArrayList[List::size()].JML normal_behavior operation contract.0 
65893      DEBUG main            d.u.i.k.p.i.IntermediateProofReplayer Proof replay took 7ns 
65996      INFO  main            d.u.i.k.p.r.p.TestFile    ... finished proof: closed. 
66223      INFO  main            d.u.i.k.p.i.AbstractProblemLoader Loading environment from /home/runner/work/key/key/key.core/../key.ui/examples/heap/list_ghost/ArrayList_size.key.proof 
66223      DEBUG main            d.u.i.k.p.i.AbstractProblemLoader Environment load took 135.3ns 
66224      INFO  main            d.u.i.k.p.i.AbstractProblemLoader Creating init config 
68862      DEBUG main            d.u.i.k.p.i.AbstractProblemLoader Init config took 2.64s 
68900      INFO  main            d.u.i.k.p.i.AbstractProblemLoader Replaying proof ArrayList[List::size()].JML normal_behavior operation contract.0 
68918      DEBUG main            d.u.i.k.p.i.IntermediateProofReplayer Proof replay took 15.15ms 
68919      DEBUG main            d.u.i.k.p.r.p.TestFile    ... success: reloaded. 
1196189    INFO  Test worker     d.u.i.k.p.r.RunAllProofsTestUnit Returning from test list_ghost 
1196194    INFO  Test worker     d.u.i.k.p.r.RunAllProofsTestUnit Running test list_recursive 
340        INFO  Timeout watchdog d.u.i.k.p.r.p.ForkedTestFileRunner Timeout watcher launched (2000 secs.) 
355        WARN  main            d.u.i.k.s.ProofSettings   The settings in /home/runner/.key/proof-settings.props are *not* read. 
409        INFO  main            d.u.i.k.p.r.p.TestFile    Now processing file /home/runner/work/key/key/key.core/../key.ui/examples/heap/list_recursiveSpec/ListOperationsNonNull_getNextNN_normal_behavior.key 
558        INFO  main            d.u.i.k.p.i.AbstractProblemLoader Loading environment from /home/runner/work/key/key/key.core/../key.ui/examples/heap/list_recursiveSpec/ListOperationsNonNull_getNextNN_normal_behavior.key 
575        DEBUG main            d.u.i.k.p.i.AbstractProblemLoader Environment load took 2.18ms 
794        INFO  main            d.u.i.k.p.i.AbstractProblemLoader Creating init config 
1774       DEBUG main            d.u.i.k.j.TypeConverter   No LDT found for Meta 
1776       DEBUG main            d.u.i.k.j.TypeConverter   No LDT found for Meta 
1779       DEBUG main            d.u.i.k.j.TypeConverter   No LDT found for Meta 
1779       DEBUG main            d.u.i.k.j.TypeConverter   No LDT found for Meta 
3306       DEBUG main            d.u.i.k.j.TypeConverter   No LDT found for JavaBigintExpression 
8572       DEBUG main            d.u.i.k.p.i.AbstractProblemLoader Init config took 7.78s 
8773       INFO  main            d.u.i.k.p.i.AbstractProblemLoader Replaying proof ListOperationsNonNull[ListOperationsNonNull::getNextNN(ListNN,int)].JML normal_behavior operation contract.0 
8811       DEBUG main            d.u.i.k.p.i.IntermediateProofReplayer Proof replay took 34.4ns 
10352      INFO  main            d.u.i.k.p.r.p.TestFile    ... finished proof: closed. 
10480      INFO  main            d.u.i.k.p.i.AbstractProblemLoader Loading environment from /home/runner/work/key/key/key.core/../key.ui/examples/heap/list_recursiveSpec/ListOperationsNonNull_getNextNN_normal_behavior.key.proof 
10483      DEBUG main            d.u.i.k.p.i.AbstractProblemLoader Environment load took 2.9ms 
10485      INFO  main            d.u.i.k.p.i.AbstractProblemLoader Creating init config 
13519      DEBUG main            d.u.i.k.p.i.AbstractProblemLoader Init config took 3.03s 
13609      INFO  main            d.u.i.k.p.i.AbstractProblemLoader Replaying proof ListOperationsNonNull[ListOperationsNonNull::getNextNN(ListNN,int)].JML normal_behavior operation contract.0 
13791      DEBUG main            d.u.i.k.p.i.IntermediateProofReplayer Proof replay took 173.59ms 
13800      DEBUG main            d.u.i.k.p.r.p.TestFile    ... success: reloaded. 
13801      INFO  main            d.u.i.k.p.r.p.TestFile    Now processing file /home/runner/work/key/key/key.core/../key.ui/examples/heap/list_recursiveSpec/ListOperationsNonNull_setValueAt_normal_behavior.key 
13802      INFO  main            d.u.i.k.p.i.AbstractProblemLoader Loading environment from /home/runner/work/key/key/key.core/../key.ui/examples/heap/list_recursiveSpec/ListOperationsNonNull_setValueAt_normal_behavior.key 
13802      DEBUG main            d.u.i.k.p.i.AbstractProblemLoader Environment load took 261.4ns 
13804      INFO  main            d.u.i.k.p.i.AbstractProblemLoader Creating init config 
16753      DEBUG main            d.u.i.k.p.i.AbstractProblemLoader Init config took 2.95s 
16816      INFO  main            d.u.i.k.p.i.AbstractProblemLoader Replaying proof ListOperationsNonNull[ListOperationsNonNull::setValueAt_NN(ListNN,int,int)].JML normal_behavior operation contract.0 
16819      DEBUG main            d.u.i.k.p.i.IntermediateProofReplayer Proof replay took 7.2ns 
16846      DEBUG main            d.u.i.k.m.s.ProofScriptEngine 1: 'macro autopilot' 
19488      DEBUG main            d.u.i.k.m.s.ProofScriptEngine 2: 'macro simp-upd' 
19497      DEBUG main            d.u.i.k.m.s.ProofScriptEngine 3: 'rule observerDependencyEQ' 
19518      DEBUG main            d.u.i.k.m.s.ProofScriptEngine 4: 'tryclose' 
19549      INFO  main            d.u.i.k.p.r.p.TestFile    ... finished proof: closed. 
19703      INFO  main            d.u.i.k.p.i.AbstractProblemLoader Loading environment from /home/runner/work/key/key/key.core/../key.ui/examples/heap/list_recursiveSpec/ListOperationsNonNull_setValueAt_normal_behavior.key.proof 
19706      DEBUG main            d.u.i.k.p.i.AbstractProblemLoader Environment load took 2.97ms 
19708      INFO  main            d.u.i.k.p.i.AbstractProblemLoader Creating init config 
22454      DEBUG main            d.u.i.k.p.i.AbstractProblemLoader Init config took 2.75s 
22510      INFO  main            d.u.i.k.p.i.AbstractProblemLoader Replaying proof ListOperationsNonNull[ListOperationsNonNull::setValueAt_NN(ListNN,int,int)].JML normal_behavior operation contract.0 
22646      DEBUG main            d.u.i.k.p.i.IntermediateProofReplayer Proof replay took 130.65ms 
22648      DEBUG main            d.u.i.k.p.r.p.TestFile    ... success: reloaded. 
1219045    INFO  Test worker     d.u.i.k.p.r.RunAllProofsTestUnit Returning from test list_recursive 
1219048    INFO  Test worker     d.u.i.k.p.r.RunAllProofsTestUnit Running test list_seq 
368        INFO  Timeout watchdog d.u.i.k.p.r.p.ForkedTestFileRunner Timeout watcher launched (2000 secs.) 
385        WARN  main            d.u.i.k.s.ProofSettings   The settings in /home/runner/.key/proof-settings.props are *not* read. 
432        INFO  main            d.u.i.k.p.r.p.TestFile    Now processing file /home/runner/work/key/key/key.core/../key.ui/examples/heap/list_seq/SimplifiedLinkedList.remove.key 
557        INFO  main            d.u.i.k.p.i.AbstractProblemLoader Loading environment from /home/runner/work/key/key/key.core/../key.ui/examples/heap/list_seq/SimplifiedLinkedList.remove.key 
578        DEBUG main            d.u.i.k.p.i.AbstractProblemLoader Environment load took 2.04ms 
810        INFO  main            d.u.i.k.p.i.AbstractProblemLoader Creating init config 
1730       DEBUG main            d.u.i.k.j.TypeConverter   No LDT found for Meta 
1730       DEBUG main            d.u.i.k.j.TypeConverter   No LDT found for Meta 
1731       DEBUG main            d.u.i.k.j.TypeConverter   No LDT found for Meta 
1731       DEBUG main            d.u.i.k.j.TypeConverter   No LDT found for Meta 
3000       DEBUG main            d.u.i.k.j.TypeConverter   No LDT found for JavaBigintExpression 
8501       DEBUG main            d.u.i.k.p.i.AbstractProblemLoader Init config took 7.69s 
8673       INFO  main            d.u.i.k.p.i.AbstractProblemLoader Replaying proof SimplifiedLinkedList[SimplifiedLinkedList::remove(int)].JML normal_behavior operation contract.0 
8706       DEBUG main            d.u.i.k.p.i.IntermediateProofReplayer Proof replay took 35.1ns 
100083     INFO  main            d.u.i.k.p.r.p.TestFile    ... finished proof: closed. 
100511     INFO  main            d.u.i.k.p.i.AbstractProblemLoader Loading environment from /home/runner/work/key/key/key.core/../key.ui/examples/heap/list_seq/SimplifiedLinkedList.remove.key.proof 
100511     DEBUG main            d.u.i.k.p.i.AbstractProblemLoader Environment load took 533.31ns 
100534     INFO  main            d.u.i.k.p.i.AbstractProblemLoader Creating init config 
103708     DEBUG main            d.u.i.k.p.i.AbstractProblemLoader Init config took 3.17s 
103802     INFO  main            d.u.i.k.p.i.AbstractProblemLoader Replaying proof SimplifiedLinkedList[SimplifiedLinkedList::remove(int)].JML normal_behavior operation contract.0 
107983     DEBUG main            d.u.i.k.p.i.IntermediateProofReplayer Proof replay took 3.94s 
108003     DEBUG main            d.u.i.k.p.r.p.TestFile    ... success: reloaded. 
108005     INFO  main            d.u.i.k.p.r.p.TestFile    Now processing file /home/runner/work/key/key/key.core/../key.ui/examples/heap/list_seq/ArrayList.ArrayList.key 
108005     INFO  main            d.u.i.k.p.i.AbstractProblemLoader Loading environment from /home/runner/work/key/key/key.core/../key.ui/examples/heap/list_seq/ArrayList.ArrayList.key 
108005     DEBUG main            d.u.i.k.p.i.AbstractProblemLoader Environment load took 255.2ns 
108007     INFO  main            d.u.i.k.p.i.AbstractProblemLoader Creating init config 
110987     DEBUG main            d.u.i.k.p.i.AbstractProblemLoader Init config took 2.98s 
111098     INFO  main            d.u.i.k.p.i.AbstractProblemLoader Replaying proof ArrayList[ArrayList::ArrayList()].JML normal_behavior operation contract.0 
111105     DEBUG main            d.u.i.k.p.i.IntermediateProofReplayer Proof replay took 7ns 
112011     INFO  main            d.u.i.k.p.r.p.TestFile    ... finished proof: closed. 
112280     INFO  main            d.u.i.k.p.i.AbstractProblemLoader Loading environment from /home/runner/work/key/key/key.core/../key.ui/examples/heap/list_seq/ArrayList.ArrayList.key.proof 
112282     DEBUG main            d.u.i.k.p.i.AbstractProblemLoader Environment load took 1.78ms 
112284     INFO  main            d.u.i.k.p.i.AbstractProblemLoader Creating init config 
115250     DEBUG main            d.u.i.k.p.i.AbstractProblemLoader Init config took 2.97s 
115329     INFO  main            d.u.i.k.p.i.AbstractProblemLoader Replaying proof ArrayList[ArrayList::ArrayList()].JML normal_behavior operation contract.0 
115494     DEBUG main            d.u.i.k.p.i.IntermediateProofReplayer Proof replay took 160.84ms 
115496     DEBUG main            d.u.i.k.p.r.p.TestFile    ... success: reloaded. 
115497     INFO  main            d.u.i.k.p.r.p.TestFile    Now processing file /home/runner/work/key/key/key.core/../key.ui/examples/heap/list_seq/ArrayList.add.key 
115497     INFO  main            d.u.i.k.p.i.AbstractProblemLoader Loading environment from /home/runner/work/key/key/key.core/../key.ui/examples/heap/list_seq/ArrayList.add.key 
115498     DEBUG main            d.u.i.k.p.i.AbstractProblemLoader Environment load took 267.3ns 
115499     INFO  main            d.u.i.k.p.i.AbstractProblemLoader Creating init config 
118425     DEBUG main            d.u.i.k.p.i.AbstractProblemLoader Init config took 2.93s 
118516     INFO  main            d.u.i.k.p.i.AbstractProblemLoader Replaying proof ArrayList[List::add(java.lang.Object)].JML normal_behavior operation contract.0 
118519     DEBUG main            d.u.i.k.p.i.IntermediateProofReplayer Proof replay took 6.3ns 
122127     INFO  main            d.u.i.k.p.r.p.TestFile    ... finished proof: closed. 
122322     INFO  main            d.u.i.k.p.i.AbstractProblemLoader Loading environment from /home/runner/work/key/key/key.core/../key.ui/examples/heap/list_seq/ArrayList.add.key.proof 
122322     DEBUG main            d.u.i.k.p.i.AbstractProblemLoader Environment load took 220.7ns 
122323     INFO  main            d.u.i.k.p.i.AbstractProblemLoader Creating init config 
125261     DEBUG main            d.u.i.k.p.i.AbstractProblemLoader Init config took 2.94s 
125357     INFO  main            d.u.i.k.p.i.AbstractProblemLoader Replaying proof ArrayList[List::add(java.lang.Object)].JML normal_behavior operation contract.0 
125826     DEBUG main            d.u.i.k.p.i.IntermediateProofReplayer Proof replay took 453.14ms 
125827     DEBUG main            d.u.i.k.p.r.p.TestFile    ... success: reloaded. 
125829     INFO  main            d.u.i.k.p.r.p.TestFile    Now processing file /home/runner/work/key/key/key.core/../key.ui/examples/heap/list_seq/ArrayList.contains.key 
125829     INFO  main            d.u.i.k.p.i.AbstractProblemLoader Loading environment from /home/runner/work/key/key/key.core/../key.ui/examples/heap/list_seq/ArrayList.contains.key 
125829     DEBUG main            d.u.i.k.p.i.AbstractProblemLoader Environment load took 108.8ns 
125830     INFO  main            d.u.i.k.p.i.AbstractProblemLoader Creating init config 
128816     DEBUG main            d.u.i.k.p.i.AbstractProblemLoader Init config took 2.99s 
128911     INFO  main            d.u.i.k.p.i.AbstractProblemLoader Replaying proof ArrayList[List::contains(java.lang.Object)].JML normal_behavior operation contract.0 
128913     DEBUG main            d.u.i.k.p.i.IntermediateProofReplayer Proof replay took 6.6ns 
130525     INFO  main            d.u.i.k.p.r.p.TestFile    ... finished proof: closed. 
130713     INFO  main            d.u.i.k.p.i.AbstractProblemLoader Loading environment from /home/runner/work/key/key/key.core/../key.ui/examples/heap/list_seq/ArrayList.contains.key.proof 
130714     DEBUG main            d.u.i.k.p.i.AbstractProblemLoader Environment load took 902.21ns 
130716     INFO  main            d.u.i.k.p.i.AbstractProblemLoader Creating init config 
133651     DEBUG main            d.u.i.k.p.i.AbstractProblemLoader Init config took 2.94s 
133745     INFO  main            d.u.i.k.p.i.AbstractProblemLoader Replaying proof ArrayList[List::contains(java.lang.Object)].JML normal_behavior operation contract.0 
134000     DEBUG main            d.u.i.k.p.i.IntermediateProofReplayer Proof replay took 247.06ms 
134002     DEBUG main            d.u.i.k.p.r.p.TestFile    ... success: reloaded. 
134003     INFO  main            d.u.i.k.p.r.p.TestFile    Now processing file /home/runner/work/key/key/key.core/../key.ui/examples/heap/list_seq/ArrayList.enlarge.key 
134003     INFO  main            d.u.i.k.p.i.AbstractProblemLoader Loading environment from /home/runner/work/key/key/key.core/../key.ui/examples/heap/list_seq/ArrayList.enlarge.key 
134003     DEBUG main            d.u.i.k.p.i.AbstractProblemLoader Environment load took 220.3ns 
134004     INFO  main            d.u.i.k.p.i.AbstractProblemLoader Creating init config 
136942     DEBUG main            d.u.i.k.p.i.AbstractProblemLoader Init config took 2.94s 
137033     INFO  main            d.u.i.k.p.i.AbstractProblemLoader Replaying proof ArrayList[ArrayList::enlarge()].JML normal_behavior operation contract.0 
137034     DEBUG main            d.u.i.k.p.i.IntermediateProofReplayer Proof replay took 6.1ns 
139247     INFO  main            d.u.i.k.p.r.p.TestFile    ... finished proof: closed. 
139437     INFO  main            d.u.i.k.p.i.AbstractProblemLoader Loading environment from /home/runner/work/key/key/key.core/../key.ui/examples/heap/list_seq/ArrayList.enlarge.key.proof 
139437     DEBUG main            d.u.i.k.p.i.AbstractProblemLoader Environment load took 472.51ns 
139439     INFO  main            d.u.i.k.p.i.AbstractProblemLoader Creating init config 
142310     DEBUG main            d.u.i.k.p.i.AbstractProblemLoader Init config took 2.87s 
142396     INFO  main            d.u.i.k.p.i.AbstractProblemLoader Replaying proof ArrayList[ArrayList::enlarge()].JML normal_behavior operation contract.0 
142752     DEBUG main            d.u.i.k.p.i.IntermediateProofReplayer Proof replay took 347.71ms 
142754     DEBUG main            d.u.i.k.p.r.p.TestFile    ... success: reloaded. 
142755     INFO  main            d.u.i.k.p.r.p.TestFile    Now processing file /home/runner/work/key/key/key.core/../key.ui/examples/heap/list_seq/ArrayList.get.key 
142756     INFO  main            d.u.i.k.p.i.AbstractProblemLoader Loading environment from /home/runner/work/key/key/key.core/../key.ui/examples/heap/list_seq/ArrayList.get.key 
142756     DEBUG main            d.u.i.k.p.i.AbstractProblemLoader Environment load took 245.4ns 
142757     INFO  main            d.u.i.k.p.i.AbstractProblemLoader Creating init config 
145709     DEBUG main            d.u.i.k.p.i.AbstractProblemLoader Init config took 2.95s 
145782     INFO  main            d.u.i.k.p.i.AbstractProblemLoader Replaying proof ArrayList[List::get(int)].JML normal_behavior operation contract.0 
145783     DEBUG main            d.u.i.k.p.i.IntermediateProofReplayer Proof replay took 5.5ns 
146387     INFO  main            d.u.i.k.p.r.p.TestFile    ... finished proof: closed. 
146588     INFO  main            d.u.i.k.p.i.AbstractProblemLoader Loading environment from /home/runner/work/key/key/key.core/../key.ui/examples/heap/list_seq/ArrayList.get.key.proof 
146588     DEBUG main            d.u.i.k.p.i.AbstractProblemLoader Environment load took 488.91ns 
146589     INFO  main            d.u.i.k.p.i.AbstractProblemLoader Creating init config 
149413     DEBUG main            d.u.i.k.p.i.AbstractProblemLoader Init config took 2.82s 
149505     INFO  main            d.u.i.k.p.i.AbstractProblemLoader Replaying proof ArrayList[List::get(int)].JML normal_behavior operation contract.0 
149568     DEBUG main            d.u.i.k.p.i.IntermediateProofReplayer Proof replay took 59.53ms 
149570     DEBUG main            d.u.i.k.p.r.p.TestFile    ... success: reloaded. 
149571     INFO  main            d.u.i.k.p.r.p.TestFile    Now processing file /home/runner/work/key/key/key.core/../key.ui/examples/heap/list_seq/ArrayList.newArray.key 
149571     INFO  main            d.u.i.k.p.i.AbstractProblemLoader Loading environment from /home/runner/work/key/key/key.core/../key.ui/examples/heap/list_seq/ArrayList.newArray.key 
149571     DEBUG main            d.u.i.k.p.i.AbstractProblemLoader Environment load took 244.7ns 
149572     INFO  main            d.u.i.k.p.i.AbstractProblemLoader Creating init config 
152409     DEBUG main            d.u.i.k.p.i.AbstractProblemLoader Init config took 2.84s 
152480     INFO  main            d.u.i.k.p.i.AbstractProblemLoader Replaying proof ArrayList[ArrayList::newArray(int)].JML normal_behavior operation contract.0 
152481     DEBUG main            d.u.i.k.p.i.IntermediateProofReplayer Proof replay took 6.2ns 
152787     INFO  main            d.u.i.k.p.r.p.TestFile    ... finished proof: closed. 
152986     INFO  main            d.u.i.k.p.i.AbstractProblemLoader Loading environment from /home/runner/work/key/key/key.core/../key.ui/examples/heap/list_seq/ArrayList.newArray.key.proof 
152986     DEBUG main            d.u.i.k.p.i.AbstractProblemLoader Environment load took 125.9ns 
152987     INFO  main            d.u.i.k.p.i.AbstractProblemLoader Creating init config 
155827     DEBUG main            d.u.i.k.p.i.AbstractProblemLoader Init config took 2.84s 
155899     INFO  main            d.u.i.k.p.i.AbstractProblemLoader Replaying proof ArrayList[ArrayList::newArray(int)].JML normal_behavior operation contract.0 
155952     DEBUG main            d.u.i.k.p.i.IntermediateProofReplayer Proof replay took 50.3ms 
155953     DEBUG main            d.u.i.k.p.r.p.TestFile    ... success: reloaded. 
155954     INFO  main            d.u.i.k.p.r.p.TestFile    Now processing file /home/runner/work/key/key/key.core/../key.ui/examples/heap/list_seq/ArrayList.remove.0.key 
155955     INFO  main            d.u.i.k.p.i.AbstractProblemLoader Loading environment from /home/runner/work/key/key/key.core/../key.ui/examples/heap/list_seq/ArrayList.remove.0.key 
155955     DEBUG main            d.u.i.k.p.i.AbstractProblemLoader Environment load took 180ns 
155956     INFO  main            d.u.i.k.p.i.AbstractProblemLoader Creating init config 
158846     DEBUG main            d.u.i.k.p.i.AbstractProblemLoader Init config took 2.89s 
158916     INFO  main            d.u.i.k.p.i.AbstractProblemLoader Replaying proof ArrayList[List::remove(java.lang.Object)].JML normal_behavior operation contract.0 
158918     DEBUG main            d.u.i.k.p.i.IntermediateProofReplayer Proof replay took 6.3ns 
160925     INFO  main            d.u.i.k.p.r.p.TestFile    ... finished proof: closed. 
161147     INFO  main            d.u.i.k.p.i.AbstractProblemLoader Loading environment from /home/runner/work/key/key/key.core/../key.ui/examples/heap/list_seq/ArrayList.remove.0.key.proof 
161148     DEBUG main            d.u.i.k.p.i.AbstractProblemLoader Environment load took 494.21ns 
161149     INFO  main            d.u.i.k.p.i.AbstractProblemLoader Creating init config 
163960     DEBUG main            d.u.i.k.p.i.AbstractProblemLoader Init config took 2.81s 
164032     INFO  main            d.u.i.k.p.i.AbstractProblemLoader Replaying proof ArrayList[List::remove(java.lang.Object)].JML normal_behavior operation contract.0 
164530     DEBUG main            d.u.i.k.p.i.IntermediateProofReplayer Proof replay took 491.64ms 
164532     DEBUG main            d.u.i.k.p.r.p.TestFile    ... success: reloaded. 
164533     INFO  main            d.u.i.k.p.r.p.TestFile    Now processing file /home/runner/work/key/key/key.core/../key.ui/examples/heap/list_seq/ArrayList.remove.1.key 
164533     INFO  main            d.u.i.k.p.i.AbstractProblemLoader Loading environment from /home/runner/work/key/key/key.core/../key.ui/examples/heap/list_seq/ArrayList.remove.1.key 
164533     DEBUG main            d.u.i.k.p.i.AbstractProblemLoader Environment load took 100.2ns 
164534     INFO  main            d.u.i.k.p.i.AbstractProblemLoader Creating init config 
167422     DEBUG main            d.u.i.k.p.i.AbstractProblemLoader Init config took 2.89s 
167495     INFO  main            d.u.i.k.p.i.AbstractProblemLoader Replaying proof ArrayList[List::remove(java.lang.Object)].JML normal_behavior operation contract.1 
167498     DEBUG main            d.u.i.k.p.i.IntermediateProofReplayer Proof replay took 5.6ns 
179915     INFO  main            d.u.i.k.p.r.p.TestFile    ... finished proof: closed. 
180168     INFO  main            d.u.i.k.p.i.AbstractProblemLoader Loading environment from /home/runner/work/key/key/key.core/../key.ui/examples/heap/list_seq/ArrayList.remove.1.key.proof 
180168     DEBUG main            d.u.i.k.p.i.AbstractProblemLoader Environment load took 477.21ns 
180171     INFO  main            d.u.i.k.p.i.AbstractProblemLoader Creating init config 
182959     DEBUG main            d.u.i.k.p.i.AbstractProblemLoader Init config took 2.79s 
183030     INFO  main            d.u.i.k.p.i.AbstractProblemLoader Replaying proof ArrayList[List::remove(java.lang.Object)].JML normal_behavior operation contract.1 
184470     DEBUG main            d.u.i.k.p.i.IntermediateProofReplayer Proof replay took 1.41s 
184473     DEBUG main            d.u.i.k.p.r.p.TestFile    ... success: reloaded. 
1403699    INFO  Test worker     d.u.i.k.p.r.RunAllProofsTestUnit Returning from test list_seq 
1403700    INFO  Test worker     d.u.i.k.p.r.RunAllProofsTestUnit Running test observer 
351        INFO  Timeout watchdog d.u.i.k.p.r.p.ForkedTestFileRunner Timeout watcher launched (2000 secs.) 
365        WARN  main            d.u.i.k.s.ProofSettings   The settings in /home/runner/.key/proof-settings.props are *not* read. 
396        INFO  main            d.u.i.k.p.r.p.TestFile    Now processing file /home/runner/work/key/key/key.core/../key.ui/examples/heap/observer/ExampleObserver_ExampleObserver.key 
535        INFO  main            d.u.i.k.p.i.AbstractProblemLoader Loading environment from /home/runner/work/key/key/key.core/../key.ui/examples/heap/observer/ExampleObserver_ExampleObserver.key 
552        DEBUG main            d.u.i.k.p.i.AbstractProblemLoader Environment load took 2.21ms 
770        INFO  main            d.u.i.k.p.i.AbstractProblemLoader Creating init config 
1661       DEBUG main            d.u.i.k.j.TypeConverter   No LDT found for Meta 
1662       DEBUG main            d.u.i.k.j.TypeConverter   No LDT found for Meta 
1665       DEBUG main            d.u.i.k.j.TypeConverter   No LDT found for Meta 
1665       DEBUG main            d.u.i.k.j.TypeConverter   No LDT found for Meta 
3215       DEBUG main            d.u.i.k.j.TypeConverter   No LDT found for JavaBigintExpression 
8405       DEBUG main            d.u.i.k.p.i.AbstractProblemLoader Init config took 7.63s 
8581       INFO  main            d.u.i.k.p.i.AbstractProblemLoader Replaying proof ExampleObserver[ExampleObserver::ExampleObserver(ExampleSubject)].JML normal_behavior operation contract.0 
8626       DEBUG main            d.u.i.k.p.i.IntermediateProofReplayer Proof replay took 35.2ns 
9565       INFO  main            d.u.i.k.p.r.p.TestFile    ... finished proof: closed. 
9730       INFO  main            d.u.i.k.p.i.AbstractProblemLoader Loading environment from /home/runner/work/key/key/key.core/../key.ui/examples/heap/observer/ExampleObserver_ExampleObserver.key.proof 
9735       DEBUG main            d.u.i.k.p.i.AbstractProblemLoader Environment load took 5.35ms 
9738       INFO  main            d.u.i.k.p.i.AbstractProblemLoader Creating init config 
12822      DEBUG main            d.u.i.k.p.i.AbstractProblemLoader Init config took 3.08s 
12906      INFO  main            d.u.i.k.p.i.AbstractProblemLoader Replaying proof ExampleObserver[ExampleObserver::ExampleObserver(ExampleSubject)].JML normal_behavior operation contract.0 
13017      DEBUG main            d.u.i.k.p.i.IntermediateProofReplayer Proof replay took 103.13ms 
13027      DEBUG main            d.u.i.k.p.r.p.TestFile    ... success: reloaded. 
13030      INFO  main            d.u.i.k.p.r.p.TestFile    Now processing file /home/runner/work/key/key/key.core/../key.ui/examples/heap/observer/ExampleObserver_inv.key 
13030      INFO  main            d.u.i.k.p.i.AbstractProblemLoader Loading environment from /home/runner/work/key/key/key.core/../key.ui/examples/heap/observer/ExampleObserver_inv.key 
13031      DEBUG main            d.u.i.k.p.i.AbstractProblemLoader Environment load took 138.7ns 
13035      INFO  main            d.u.i.k.p.i.AbstractProblemLoader Creating init config 
15950      DEBUG main            d.u.i.k.p.i.AbstractProblemLoader Init config took 2.92s 
16013      INFO  main            d.u.i.k.p.i.AbstractProblemLoader Replaying proof ExampleObserver[java.lang.Object::<inv>()].JML accessible clause.0 
16016      DEBUG main            d.u.i.k.p.i.IntermediateProofReplayer Proof replay took 7.8ns 
16119      INFO  main            d.u.i.k.p.r.p.TestFile    ... finished proof: closed. 
16255      INFO  main            d.u.i.k.p.i.AbstractProblemLoader Loading environment from /home/runner/work/key/key/key.core/../key.ui/examples/heap/observer/ExampleObserver_inv.key.proof 
16255      DEBUG main            d.u.i.k.p.i.AbstractProblemLoader Environment load took 141ns 
16258      INFO  main            d.u.i.k.p.i.AbstractProblemLoader Creating init config 
19024      DEBUG main            d.u.i.k.p.i.AbstractProblemLoader Init config took 2.77s 
19079      INFO  main            d.u.i.k.p.i.AbstractProblemLoader Replaying proof ExampleObserver[java.lang.Object::<inv>()].JML accessible clause.0 
19096      DEBUG main            d.u.i.k.p.i.IntermediateProofReplayer Proof replay took 14.91ms 
19098      DEBUG main            d.u.i.k.p.r.p.TestFile    ... success: reloaded. 
19099      INFO  main            d.u.i.k.p.r.p.TestFile    Now processing file /home/runner/work/key/key/key.core/../key.ui/examples/heap/observer/ExampleObserver_subject.key 
19100      INFO  main            d.u.i.k.p.i.AbstractProblemLoader Loading environment from /home/runner/work/key/key/key.core/../key.ui/examples/heap/observer/ExampleObserver_subject.key 
19100      DEBUG main            d.u.i.k.p.i.AbstractProblemLoader Environment load took 232.81ns 
19101      INFO  main            d.u.i.k.p.i.AbstractProblemLoader Creating init config 
21836      DEBUG main            d.u.i.k.p.i.AbstractProblemLoader Init config took 2.73s 
21885      INFO  main            d.u.i.k.p.i.AbstractProblemLoader Replaying proof Observer[Observer::$subject()].JML accessible clause.0 
21887      DEBUG main            d.u.i.k.p.i.IntermediateProofReplayer Proof replay took 7.3ns 
21993      INFO  main            d.u.i.k.p.r.p.TestFile    ... finished proof: closed. 
22143      INFO  main            d.u.i.k.p.i.AbstractProblemLoader Loading environment from /home/runner/work/key/key/key.core/../key.ui/examples/heap/observer/ExampleObserver_subject.key.proof 
22143      DEBUG main            d.u.i.k.p.i.AbstractProblemLoader Environment load took 149.2ns 
22145      INFO  main            d.u.i.k.p.i.AbstractProblemLoader Creating init config 
24835      DEBUG main            d.u.i.k.p.i.AbstractProblemLoader Init config took 2.69s 
24884      INFO  main            d.u.i.k.p.i.AbstractProblemLoader Replaying proof Observer[Observer::$subject()].JML accessible clause.0 
24888      DEBUG main            d.u.i.k.p.i.IntermediateProofReplayer Proof replay took 2.08ms 
24889      DEBUG main            d.u.i.k.p.r.p.TestFile    ... success: reloaded. 
24891      INFO  main            d.u.i.k.p.r.p.TestFile    Now processing file /home/runner/work/key/key/key.core/../key.ui/examples/heap/observer/ExampleObserver_update.key 
24891      INFO  main            d.u.i.k.p.i.AbstractProblemLoader Loading environment from /home/runner/work/key/key/key.core/../key.ui/examples/heap/observer/ExampleObserver_update.key 
24892      DEBUG main            d.u.i.k.p.i.AbstractProblemLoader Environment load took 249.4ns 
24893      INFO  main            d.u.i.k.p.i.AbstractProblemLoader Creating init config 
27635      DEBUG main            d.u.i.k.p.i.AbstractProblemLoader Init config took 2.74s 
27683      INFO  main            d.u.i.k.p.i.AbstractProblemLoader Replaying proof ExampleObserver[Observer::update()].JML normal_behavior operation contract.0 
27685      DEBUG main            d.u.i.k.p.i.IntermediateProofReplayer Proof replay took 6.8ns 
27989      INFO  main            d.u.i.k.p.r.p.TestFile    ... finished proof: closed. 
28134      INFO  main            d.u.i.k.p.i.AbstractProblemLoader Loading environment from /home/runner/work/key/key/key.core/../key.ui/examples/heap/observer/ExampleObserver_update.key.proof 
28135      DEBUG main            d.u.i.k.p.i.AbstractProblemLoader Environment load took 1.61ms 
28137      INFO  main            d.u.i.k.p.i.AbstractProblemLoader Creating init config 
30866      DEBUG main            d.u.i.k.p.i.AbstractProblemLoader Init config took 2.73s 
30914      INFO  main            d.u.i.k.p.i.AbstractProblemLoader Replaying proof ExampleObserver[Observer::update()].JML normal_behavior operation contract.0 
30982      DEBUG main            d.u.i.k.p.i.IntermediateProofReplayer Proof replay took 64.44ms 
30984      DEBUG main            d.u.i.k.p.r.p.TestFile    ... success: reloaded. 
30985      INFO  main            d.u.i.k.p.r.p.TestFile    Now processing file /home/runner/work/key/key/key.core/../key.ui/examples/heap/observer/ExampleObserver_upToDate.key 
30986      INFO  main            d.u.i.k.p.i.AbstractProblemLoader Loading environment from /home/runner/work/key/key/key.core/../key.ui/examples/heap/observer/ExampleObserver_upToDate.key 
30986      DEBUG main            d.u.i.k.p.i.AbstractProblemLoader Environment load took 234.1ns 
30987      INFO  main            d.u.i.k.p.i.AbstractProblemLoader Creating init config 
33768      DEBUG main            d.u.i.k.p.i.AbstractProblemLoader Init config took 2.78s 
33814      INFO  main            d.u.i.k.p.i.AbstractProblemLoader Replaying proof ExampleObserver[Observer::$upToDate()].JML accessible clause.0 
33816      DEBUG main            d.u.i.k.p.i.IntermediateProofReplayer Proof replay took 7.4ns 
34020      INFO  main            d.u.i.k.p.r.p.TestFile    ... finished proof: closed. 
34223      INFO  main            d.u.i.k.p.i.AbstractProblemLoader Loading environment from /home/runner/work/key/key/key.core/../key.ui/examples/heap/observer/ExampleObserver_upToDate.key.proof 
34223      DEBUG main            d.u.i.k.p.i.AbstractProblemLoader Environment load took 141.3ns 
34224      INFO  main            d.u.i.k.p.i.AbstractProblemLoader Creating init config 
36896      DEBUG main            d.u.i.k.p.i.AbstractProblemLoader Init config took 2.67s 
36942      INFO  main            d.u.i.k.p.i.AbstractProblemLoader Replaying proof ExampleObserver[Observer::$upToDate()].JML accessible clause.0 
36964      DEBUG main            d.u.i.k.p.i.IntermediateProofReplayer Proof replay took 19.96ms 
36965      DEBUG main            d.u.i.k.p.r.p.TestFile    ... success: reloaded. 
36966      INFO  main            d.u.i.k.p.r.p.TestFile    Now processing file /home/runner/work/key/key/key.core/../key.ui/examples/heap/observer/ExampleObserver_value.key 
36967      INFO  main            d.u.i.k.p.i.AbstractProblemLoader Loading environment from /home/runner/work/key/key/key.core/../key.ui/examples/heap/observer/ExampleObserver_value.key 
36967      DEBUG main            d.u.i.k.p.i.AbstractProblemLoader Environment load took 115.5ns 
36968      INFO  main            d.u.i.k.p.i.AbstractProblemLoader Creating init config 
39640      DEBUG main            d.u.i.k.p.i.AbstractProblemLoader Init config took 2.67s 
39687      INFO  main            d.u.i.k.p.i.AbstractProblemLoader Replaying proof ExampleObserver[ExampleObserver::value()].JML normal_behavior operation contract.0 
39689      DEBUG main            d.u.i.k.p.i.IntermediateProofReplayer Proof replay took 6.7ns 
39793      INFO  main            d.u.i.k.p.r.p.TestFile    ... finished proof: closed. 
39965      INFO  main            d.u.i.k.p.i.AbstractProblemLoader Loading environment from /home/runner/work/key/key/key.core/../key.ui/examples/heap/observer/ExampleObserver_value.key.proof 
39965      DEBUG main            d.u.i.k.p.i.AbstractProblemLoader Environment load took 123.9ns 
39966      INFO  main            d.u.i.k.p.i.AbstractProblemLoader Creating init config 
42642      DEBUG main            d.u.i.k.p.i.AbstractProblemLoader Init config took 2.68s 
42687      INFO  main            d.u.i.k.p.i.AbstractProblemLoader Replaying proof ExampleObserver[ExampleObserver::value()].JML normal_behavior operation contract.0 
42710      DEBUG main            d.u.i.k.p.i.IntermediateProofReplayer Proof replay took 20.63ms 
42712      DEBUG main            d.u.i.k.p.r.p.TestFile    ... success: reloaded. 
42713      INFO  main            d.u.i.k.p.r.p.TestFile    Now processing file /home/runner/work/key/key/key.core/../key.ui/examples/heap/observer/ExampleSubject_addObserver.key 
42713      INFO  main            d.u.i.k.p.i.AbstractProblemLoader Loading environment from /home/runner/work/key/key/key.core/../key.ui/examples/heap/observer/ExampleSubject_addObserver.key 
42722      DEBUG main            d.u.i.k.p.i.AbstractProblemLoader Environment load took 8.19ms 
42723      INFO  main            d.u.i.k.p.i.AbstractProblemLoader Creating init config 
45412      DEBUG main            d.u.i.k.p.i.AbstractProblemLoader Init config took 2.69s 
45461      INFO  main            d.u.i.k.p.i.AbstractProblemLoader Replaying proof ExampleSubject[Subject::addObserver(Observer)].JML normal_behavior operation contract.0 
45463      DEBUG main            d.u.i.k.p.i.IntermediateProofReplayer Proof replay took 7.4ns 
51999      INFO  main            d.u.i.k.p.r.p.TestFile    ... finished proof: closed. 
52222      INFO  main            d.u.i.k.p.i.AbstractProblemLoader Loading environment from /home/runner/work/key/key/key.core/../key.ui/examples/heap/observer/ExampleSubject_addObserver.key.proof 
52223      DEBUG main            d.u.i.k.p.i.AbstractProblemLoader Environment load took 225.7ns 
52225      INFO  main            d.u.i.k.p.i.AbstractProblemLoader Creating init config 
54811      DEBUG main            d.u.i.k.p.i.AbstractProblemLoader Init config took 2.59s 
54861      INFO  main            d.u.i.k.p.i.AbstractProblemLoader Replaying proof ExampleSubject[Subject::addObserver(Observer)].JML normal_behavior operation contract.0 
55617      DEBUG main            d.u.i.k.p.i.IntermediateProofReplayer Proof replay took 734.88ms 
55619      DEBUG main            d.u.i.k.p.r.p.TestFile    ... success: reloaded. 
55621      INFO  main            d.u.i.k.p.r.p.TestFile    Now processing file /home/runner/work/key/key/key.core/../key.ui/examples/heap/observer/ExampleSubject_change.key 
55622      INFO  main            d.u.i.k.p.i.AbstractProblemLoader Loading environment from /home/runner/work/key/key/key.core/../key.ui/examples/heap/observer/ExampleSubject_change.key 
55622      DEBUG main            d.u.i.k.p.i.AbstractProblemLoader Environment load took 246ns 
55623      INFO  main            d.u.i.k.p.i.AbstractProblemLoader Creating init config 
58325      DEBUG main            d.u.i.k.p.i.AbstractProblemLoader Init config took 2.7s 
58374      INFO  main            d.u.i.k.p.i.AbstractProblemLoader Replaying proof ExampleSubject[ExampleSubject::change()].JML normal_behavior operation contract.0 
58376      DEBUG main            d.u.i.k.p.i.IntermediateProofReplayer Proof replay took 7.3ns 
58880      INFO  main            d.u.i.k.p.r.p.TestFile    ... finished proof: closed. 
59077      INFO  main            d.u.i.k.p.i.AbstractProblemLoader Loading environment from /home/runner/work/key/key/key.core/../key.ui/examples/heap/observer/ExampleSubject_change.key.proof 
59083      DEBUG main            d.u.i.k.p.i.AbstractProblemLoader Environment load took 575.01ns 
59086      INFO  main            d.u.i.k.p.i.AbstractProblemLoader Creating init config 
61730      DEBUG main            d.u.i.k.p.i.AbstractProblemLoader Init config took 2.64s 
61781      INFO  main            d.u.i.k.p.i.AbstractProblemLoader Replaying proof ExampleSubject[ExampleSubject::change()].JML normal_behavior operation contract.0 
61866      DEBUG main            d.u.i.k.p.i.IntermediateProofReplayer Proof replay took 80.26ms 
61867      DEBUG main            d.u.i.k.p.r.p.TestFile    ... success: reloaded. 
61868      INFO  main            d.u.i.k.p.r.p.TestFile    Now processing file /home/runner/work/key/key/key.core/../key.ui/examples/heap/observer/ExampleSubject_ExampleSubject.key 
61869      INFO  main            d.u.i.k.p.i.AbstractProblemLoader Loading environment from /home/runner/work/key/key/key.core/../key.ui/examples/heap/observer/ExampleSubject_ExampleSubject.key 
61869      DEBUG main            d.u.i.k.p.i.AbstractProblemLoader Environment load took 229.4ns 
61870      INFO  main            d.u.i.k.p.i.AbstractProblemLoader Creating init config 
64488      DEBUG main            d.u.i.k.p.i.AbstractProblemLoader Init config took 2.62s 
64533      INFO  main            d.u.i.k.p.i.AbstractProblemLoader Replaying proof ExampleSubject[ExampleSubject::ExampleSubject()].JML normal_behavior operation contract.0 
64535      DEBUG main            d.u.i.k.p.i.IntermediateProofReplayer Proof replay took 6.8ns 
65641      INFO  main            d.u.i.k.p.r.p.TestFile    ... finished proof: closed. 
65914      INFO  main            d.u.i.k.p.i.AbstractProblemLoader Loading environment from /home/runner/work/key/key/key.core/../key.ui/examples/heap/observer/ExampleSubject_ExampleSubject.key.proof 
65914      DEBUG main            d.u.i.k.p.i.AbstractProblemLoader Environment load took 475.81ns 
65916      INFO  main            d.u.i.k.p.i.AbstractProblemLoader Creating init config 
68585      DEBUG main            d.u.i.k.p.i.AbstractProblemLoader Init config took 2.67s 
68629      INFO  main            d.u.i.k.p.i.AbstractProblemLoader Replaying proof ExampleSubject[ExampleSubject::ExampleSubject()].JML normal_behavior operation contract.0 
68819      DEBUG main            d.u.i.k.p.i.IntermediateProofReplayer Proof replay took 182.75ms 
68821      DEBUG main            d.u.i.k.p.r.p.TestFile    ... success: reloaded. 
68823      INFO  main            d.u.i.k.p.r.p.TestFile    Now processing file /home/runner/work/key/key/key.core/../key.ui/examples/heap/observer/ExampleSubject_footprint.key 
68825      INFO  main            d.u.i.k.p.i.AbstractProblemLoader Loading environment from /home/runner/work/key/key/key.core/../key.ui/examples/heap/observer/ExampleSubject_footprint.key 
68825      DEBUG main            d.u.i.k.p.i.AbstractProblemLoader Environment load took 340.5ns 
68826      INFO  main            d.u.i.k.p.i.AbstractProblemLoader Creating init config 
71437      DEBUG main            d.u.i.k.p.i.AbstractProblemLoader Init config took 2.61s 
71479      INFO  main            d.u.i.k.p.i.AbstractProblemLoader Replaying proof ExampleSubject[Subject::$footprint()].JML accessible clause.0 
71481      DEBUG main            d.u.i.k.p.i.IntermediateProofReplayer Proof replay took 6.4ns 
71585      INFO  main            d.u.i.k.p.r.p.TestFile    ... finished proof: closed. 
71789      INFO  main            d.u.i.k.p.i.AbstractProblemLoader Loading environment from /home/runner/work/key/key/key.core/../key.ui/examples/heap/observer/ExampleSubject_footprint.key.proof 
71789      DEBUG main            d.u.i.k.p.i.AbstractProblemLoader Environment load took 133.1ns 
71790      INFO  main            d.u.i.k.p.i.AbstractProblemLoader Creating init config 
74455      DEBUG main            d.u.i.k.p.i.AbstractProblemLoader Init config took 2.67s 
74501      INFO  main            d.u.i.k.p.i.AbstractProblemLoader Replaying proof ExampleSubject[Subject::$footprint()].JML accessible clause.0 
74520      DEBUG main            d.u.i.k.p.i.IntermediateProofReplayer Proof replay took 16.72ms 
74522      DEBUG main            d.u.i.k.p.r.p.TestFile    ... success: reloaded. 
74523      INFO  main            d.u.i.k.p.r.p.TestFile    Now processing file /home/runner/work/key/key/key.core/../key.ui/examples/heap/observer/ExampleSubject_inv.key 
74523      INFO  main            d.u.i.k.p.i.AbstractProblemLoader Loading environment from /home/runner/work/key/key/key.core/../key.ui/examples/heap/observer/ExampleSubject_inv.key 
74524      DEBUG main            d.u.i.k.p.i.AbstractProblemLoader Environment load took 256ns 
74525      INFO  main            d.u.i.k.p.i.AbstractProblemLoader Creating init config 
77112      DEBUG main            d.u.i.k.p.i.AbstractProblemLoader Init config took 2.59s 
77154      INFO  main            d.u.i.k.p.i.AbstractProblemLoader Replaying proof ExampleSubject[java.lang.Object::<inv>()].JML accessible clause.0 
77155      DEBUG main            d.u.i.k.p.i.IntermediateProofReplayer Proof replay took 6.7ns 
78372      INFO  main            d.u.i.k.p.r.p.TestFile    ... finished proof: closed. 
78585      INFO  main            d.u.i.k.p.i.AbstractProblemLoader Loading environment from /home/runner/work/key/key/key.core/../key.ui/examples/heap/observer/ExampleSubject_inv.key.proof 
78585      DEBUG main            d.u.i.k.p.i.AbstractProblemLoader Environment load took 463.41ns 
78587      INFO  main            d.u.i.k.p.i.AbstractProblemLoader Creating init config 
81158      DEBUG main            d.u.i.k.p.i.AbstractProblemLoader Init config took 2.57s 
81201      INFO  main            d.u.i.k.p.i.AbstractProblemLoader Replaying proof ExampleSubject[java.lang.Object::<inv>()].JML accessible clause.0 
81319      DEBUG main            d.u.i.k.p.i.IntermediateProofReplayer Proof replay took 112.56ms 
81321      DEBUG main            d.u.i.k.p.r.p.TestFile    ... success: reloaded. 
81322      INFO  main            d.u.i.k.p.r.p.TestFile    Now processing file /home/runner/work/key/key/key.core/../key.ui/examples/heap/observer/ExampleSubject_notifyObservers.key 
81323      INFO  main            d.u.i.k.p.i.AbstractProblemLoader Loading environment from /home/runner/work/key/key/key.core/../key.ui/examples/heap/observer/ExampleSubject_notifyObservers.key 
81323      DEBUG main            d.u.i.k.p.i.AbstractProblemLoader Environment load took 223.8ns 
81324      INFO  main            d.u.i.k.p.i.AbstractProblemLoader Creating init config 
83939      DEBUG main            d.u.i.k.p.i.AbstractProblemLoader Init config took 2.62s 
83986      INFO  main            d.u.i.k.p.i.AbstractProblemLoader Replaying proof Subject[Subject::notifyObservers()].JML normal_behavior operation contract.0 
83987      DEBUG main            d.u.i.k.p.i.IntermediateProofReplayer Proof replay took 33ns 
84089      INFO  main            d.u.i.k.p.r.p.TestFile    ... finished proof: closed. 
84291      INFO  main            d.u.i.k.p.i.AbstractProblemLoader Loading environment from /home/runner/work/key/key/key.core/../key.ui/examples/heap/observer/ExampleSubject_notifyObservers.key.proof 
84291      DEBUG main            d.u.i.k.p.i.AbstractProblemLoader Environment load took 130.8ns 
84292      INFO  main            d.u.i.k.p.i.AbstractProblemLoader Creating init config 
86826      DEBUG main            d.u.i.k.p.i.AbstractProblemLoader Init config took 2.53s 
86869      INFO  main            d.u.i.k.p.i.AbstractProblemLoader Replaying proof Subject[Subject::notifyObservers()].JML normal_behavior operation contract.0 
86873      DEBUG main            d.u.i.k.p.i.IntermediateProofReplayer Proof replay took 2.94ms 
86874      DEBUG main            d.u.i.k.p.r.p.TestFile    ... success: reloaded. 
86875      INFO  main            d.u.i.k.p.r.p.TestFile    Now processing file /home/runner/work/key/key/key.core/../key.ui/examples/heap/observer/ExampleSubject_value_dep.key 
86876      INFO  main            d.u.i.k.p.i.AbstractProblemLoader Loading environment from /home/runner/work/key/key/key.core/../key.ui/examples/heap/observer/ExampleSubject_value_dep.key 
86876      DEBUG main            d.u.i.k.p.i.AbstractProblemLoader Environment load took 106.4ns 
86878      INFO  main            d.u.i.k.p.i.AbstractProblemLoader Creating init config 
89539      DEBUG main            d.u.i.k.p.i.AbstractProblemLoader Init config took 2.66s 
89587      INFO  main            d.u.i.k.p.i.AbstractProblemLoader Replaying proof ExampleSubject[ExampleSubject::value()].JML accessible clause.0 
89589      DEBUG main            d.u.i.k.p.i.IntermediateProofReplayer Proof replay took 7.7ns 
89691      INFO  main            d.u.i.k.p.r.p.TestFile    ... finished proof: closed. 
89958      INFO  main            d.u.i.k.p.i.AbstractProblemLoader Loading environment from /home/runner/work/key/key/key.core/../key.ui/examples/heap/observer/ExampleSubject_value_dep.key.proof 
89959      DEBUG main            d.u.i.k.p.i.AbstractProblemLoader Environment load took 135.7ns 
89960      INFO  main            d.u.i.k.p.i.AbstractProblemLoader Creating init config 
92529      DEBUG main            d.u.i.k.p.i.AbstractProblemLoader Init config took 2.57s 
92569      INFO  main            d.u.i.k.p.i.AbstractProblemLoader Replaying proof ExampleSubject[ExampleSubject::value()].JML accessible clause.0 
92584      DEBUG main            d.u.i.k.p.i.IntermediateProofReplayer Proof replay took 13.12ms 
92585      DEBUG main            d.u.i.k.p.r.p.TestFile    ... success: reloaded. 
92586      INFO  main            d.u.i.k.p.r.p.TestFile    Now processing file /home/runner/work/key/key/key.core/../key.ui/examples/heap/observer/ExampleSubject_value.key 
92586      INFO  main            d.u.i.k.p.i.AbstractProblemLoader Loading environment from /home/runner/work/key/key/key.core/../key.ui/examples/heap/observer/ExampleSubject_value.key 
92586      DEBUG main            d.u.i.k.p.i.AbstractProblemLoader Environment load took 89ns 
92587      INFO  main            d.u.i.k.p.i.AbstractProblemLoader Creating init config 
95210      DEBUG main            d.u.i.k.p.i.AbstractProblemLoader Init config took 2.62s 
95257      INFO  main            d.u.i.k.p.i.AbstractProblemLoader Replaying proof ExampleSubject[ExampleSubject::value()].JML normal_behavior operation contract.0 
95261      DEBUG main            d.u.i.k.p.i.IntermediateProofReplayer Proof replay took 6.8ns 
95365      INFO  main            d.u.i.k.p.r.p.TestFile    ... finished proof: closed. 
95581      INFO  main            d.u.i.k.p.i.AbstractProblemLoader Loading environment from /home/runner/work/key/key/key.core/../key.ui/examples/heap/observer/ExampleSubject_value.key.proof 
95581      DEBUG main            d.u.i.k.p.i.AbstractProblemLoader Environment load took 200.3ns 
95582      INFO  main            d.u.i.k.p.i.AbstractProblemLoader Creating init config 
98145      DEBUG main            d.u.i.k.p.i.AbstractProblemLoader Init config took 2.56s 
98190      INFO  main            d.u.i.k.p.i.AbstractProblemLoader Replaying proof ExampleSubject[ExampleSubject::value()].JML normal_behavior operation contract.0 
98204      DEBUG main            d.u.i.k.p.i.IntermediateProofReplayer Proof replay took 12.27ms 
98206      DEBUG main            d.u.i.k.p.r.p.TestFile    ... success: reloaded. 
1502088    INFO  Test worker     d.u.i.k.p.r.RunAllProofsTestUnit Returning from test observer 
1502089    INFO  Test worker     d.u.i.k.p.r.RunAllProofsTestUnit Running test removeDups 
358        INFO  Timeout watchdog d.u.i.k.p.r.p.ForkedTestFileRunner Timeout watcher launched (2000 secs.) 
387        WARN  main            d.u.i.k.s.ProofSettings   The settings in /home/runner/.key/proof-settings.props are *not* read. 
435        INFO  main            d.u.i.k.p.r.p.TestFile    Now processing file /home/runner/work/key/key/key.core/../key.ui/examples/heap/removeDups/arrayPart.key 
561        INFO  main            d.u.i.k.p.i.AbstractProblemLoader Loading environment from /home/runner/work/key/key/key.core/../key.ui/examples/heap/removeDups/arrayPart.key 
584        DEBUG main            d.u.i.k.p.i.AbstractProblemLoader Environment load took 2.41ms 
808        INFO  main            d.u.i.k.p.i.AbstractProblemLoader Creating init config 
1808       DEBUG main            d.u.i.k.j.TypeConverter   No LDT found for Meta 
1808       DEBUG main            d.u.i.k.j.TypeConverter   No LDT found for Meta 
1811       DEBUG main            d.u.i.k.j.TypeConverter   No LDT found for Meta 
1811       DEBUG main            d.u.i.k.j.TypeConverter   No LDT found for Meta 
3116       DEBUG main            d.u.i.k.j.TypeConverter   No LDT found for JavaBigintExpression 
8379       DEBUG main            d.u.i.k.p.i.AbstractProblemLoader Init config took 7.57s 
8509       INFO  main            d.u.i.k.p.i.AbstractProblemLoader Replaying proof RemoveDup[RemoveDup::arrayPart([I,int)].JML normal_behavior operation contract.0 
8543       DEBUG main            d.u.i.k.p.i.IntermediateProofReplayer Proof replay took 32.6ns 
11256      INFO  main            d.u.i.k.p.r.p.TestFile    ... finished proof: closed. 
11401      INFO  main            d.u.i.k.p.i.AbstractProblemLoader Loading environment from /home/runner/work/key/key/key.core/../key.ui/examples/heap/removeDups/arrayPart.key.proof 
11401      DEBUG main            d.u.i.k.p.i.AbstractProblemLoader Environment load took 502.21ns 
11410      INFO  main            d.u.i.k.p.i.AbstractProblemLoader Creating init config 
14462      DEBUG main            d.u.i.k.p.i.AbstractProblemLoader Init config took 3.05s 
14545      INFO  main            d.u.i.k.p.i.AbstractProblemLoader Replaying proof RemoveDup[RemoveDup::arrayPart([I,int)].JML normal_behavior operation contract.0 
14960      DEBUG main            d.u.i.k.p.i.IntermediateProofReplayer Proof replay took 393.06ms 
14968      DEBUG main            d.u.i.k.p.r.p.TestFile    ... success: reloaded. 
14969      INFO  main            d.u.i.k.p.r.p.TestFile    Now processing file /home/runner/work/key/key/key.core/../key.ui/examples/heap/removeDups/contains.key 
14970      INFO  main            d.u.i.k.p.i.AbstractProblemLoader Loading environment from /home/runner/work/key/key/key.core/../key.ui/examples/heap/removeDups/contains.key 
14970      DEBUG main            d.u.i.k.p.i.AbstractProblemLoader Environment load took 261.7ns 
14973      INFO  main            d.u.i.k.p.i.AbstractProblemLoader Creating init config 
17845      DEBUG main            d.u.i.k.p.i.AbstractProblemLoader Init config took 2.87s 
17900      INFO  main            d.u.i.k.p.i.AbstractProblemLoader Replaying proof RemoveDup[RemoveDup::contains([I,int,int)].JML normal_behavior operation contract.0 
17902      DEBUG main            d.u.i.k.p.i.IntermediateProofReplayer Proof replay took 6.9ns 
18507      INFO  main            d.u.i.k.p.r.p.TestFile    ... finished proof: closed. 
18749      INFO  main            d.u.i.k.p.i.AbstractProblemLoader Loading environment from /home/runner/work/key/key/key.core/../key.ui/examples/heap/removeDups/contains.key.proof 
18751      DEBUG main            d.u.i.k.p.i.AbstractProblemLoader Environment load took 1.79ms 
18754      INFO  main            d.u.i.k.p.i.AbstractProblemLoader Creating init config 
21611      DEBUG main            d.u.i.k.p.i.AbstractProblemLoader Init config took 2.86s 
21675      INFO  main            d.u.i.k.p.i.AbstractProblemLoader Replaying proof RemoveDup[RemoveDup::contains([I,int,int)].JML normal_behavior operation contract.0 
21809      DEBUG main            d.u.i.k.p.i.IntermediateProofReplayer Proof replay took 127.18ms 
21810      DEBUG main            d.u.i.k.p.r.p.TestFile    ... success: reloaded. 
21813      INFO  main            d.u.i.k.p.r.p.TestFile    Now processing file /home/runner/work/key/key/key.core/../key.ui/examples/heap/removeDups/removeDup.key 
21813      INFO  main            d.u.i.k.p.i.AbstractProblemLoader Loading environment from /home/runner/work/key/key/key.core/../key.ui/examples/heap/removeDups/removeDup.key 
21813      DEBUG main            d.u.i.k.p.i.AbstractProblemLoader Environment load took 117ns 
21815      INFO  main            d.u.i.k.p.i.AbstractProblemLoader Creating init config 
24650      DEBUG main            d.u.i.k.p.i.AbstractProblemLoader Init config took 2.84s 
24696      INFO  main            d.u.i.k.p.i.AbstractProblemLoader Replaying proof RemoveDup[RemoveDup::removeDup([I)].JML normal_behavior operation contract.0 
24699      DEBUG main            d.u.i.k.p.i.IntermediateProofReplayer Proof replay took 7.8ns 
30057      DEBUG Thread-7        d.u.i.k.j.d.VariableSpecification Program match. Variables have different dimension (template #v0 = #vi;, source a#11[] = var;) 
53632      INFO  main            d.u.i.k.p.r.p.TestFile    ... finished proof: closed. 
53908      INFO  main            d.u.i.k.p.i.AbstractProblemLoader Loading environment from /home/runner/work/key/key/key.core/../key.ui/examples/heap/removeDups/removeDup.key.proof 
53909      DEBUG main            d.u.i.k.p.i.AbstractProblemLoader Environment load took 225.9ns 
53913      INFO  main            d.u.i.k.p.i.AbstractProblemLoader Creating init config 
56605      DEBUG main            d.u.i.k.p.i.AbstractProblemLoader Init config took 2.69s 
56673      INFO  main            d.u.i.k.p.i.AbstractProblemLoader Replaying proof RemoveDup[RemoveDup::removeDup([I)].JML normal_behavior operation contract.0 
58641      DEBUG main            d.u.i.k.p.i.IntermediateProofReplayer Proof replay took 1.87s 
58645      DEBUG main            d.u.i.k.p.r.p.TestFile    ... success: reloaded. 
58647      INFO  main            d.u.i.k.p.r.p.TestFile    Now processing file /home/runner/work/key/key/key.core/../key.ui/examples/heap/saddleback_search/Saddleback_search.key 
58647      INFO  main            d.u.i.k.p.i.AbstractProblemLoader Loading environment from /home/runner/work/key/key/key.core/../key.ui/examples/heap/saddleback_search/Saddleback_search.key 
58648      DEBUG main            d.u.i.k.p.i.AbstractProblemLoader Environment load took 245.2ns 
58654      INFO  main            d.u.i.k.p.i.AbstractProblemLoader Creating init config 
61440      DEBUG main            d.u.i.k.p.i.AbstractProblemLoader Init config took 2.79s 
61481      INFO  main            d.u.i.k.p.i.AbstractProblemLoader Replaying proof Saddleback[Saddleback::search([[I,int)].JML normal_behavior operation contract.0 
61489      DEBUG main            d.u.i.k.p.i.IntermediateProofReplayer Proof replay took 8.2ns 
149445     INFO  main            d.u.i.k.p.r.p.TestFile    ... finished proof: closed. 
149855     INFO  main            d.u.i.k.p.i.AbstractProblemLoader Loading environment from /home/runner/work/key/key/key.core/../key.ui/examples/heap/saddleback_search/Saddleback_search.key.proof 
149856     DEBUG main            d.u.i.k.p.i.AbstractProblemLoader Environment load took 472.71ns 
149869     INFO  main            d.u.i.k.p.i.AbstractProblemLoader Creating init config 
152429     DEBUG main            d.u.i.k.p.i.AbstractProblemLoader Init config took 2.56s 
152466     INFO  main            d.u.i.k.p.i.AbstractProblemLoader Replaying proof Saddleback[Saddleback::search([[I,int)].JML normal_behavior operation contract.0 
155207     DEBUG main            d.u.i.k.p.i.IntermediateProofReplayer Proof replay took 2.57s 
155218     DEBUG main            d.u.i.k.p.r.p.TestFile    ... success: reloaded. 
1657489    INFO  Test worker     d.u.i.k.p.r.RunAllProofsTestUnit Returning from test removeDups 
1657490    INFO  Test worker     d.u.i.k.p.r.RunAllProofsTestUnit Running test quicksort 
377        INFO  Timeout watchdog d.u.i.k.p.r.p.ForkedTestFileRunner Timeout watcher launched (2000 secs.) 
395        WARN  main            d.u.i.k.s.ProofSettings   The settings in /home/runner/.key/proof-settings.props are *not* read. 
425        INFO  main            d.u.i.k.p.r.p.TestFile    Now processing file /home/runner/work/key/key/key.core/../key.ui/examples/heap/quicksort/toplevel.key 
537        INFO  main            d.u.i.k.p.i.AbstractProblemLoader Loading environment from /home/runner/work/key/key/key.core/../key.ui/examples/heap/quicksort/toplevel.key 
554        DEBUG main            d.u.i.k.p.i.AbstractProblemLoader Environment load took 2.25ms 
777        INFO  main            d.u.i.k.p.i.AbstractProblemLoader Creating init config 
1685       DEBUG main            d.u.i.k.j.TypeConverter   No LDT found for Meta 
1688       DEBUG main            d.u.i.k.j.TypeConverter   No LDT found for Meta 
1691       DEBUG main            d.u.i.k.j.TypeConverter   No LDT found for Meta 
1692       DEBUG main            d.u.i.k.j.TypeConverter   No LDT found for Meta 
3144       DEBUG main            d.u.i.k.j.TypeConverter   No LDT found for JavaBigintExpression 
8221       DEBUG main            d.u.i.k.p.i.AbstractProblemLoader Init config took 7.44s 
8393       INFO  main            d.u.i.k.p.i.AbstractProblemLoader Replaying proof Quicksort[Quicksort::sort([I)].JML normal_behavior operation contract.0 
8431       DEBUG main            d.u.i.k.p.i.IntermediateProofReplayer Proof replay took 35.1ns 
9824       INFO  main            d.u.i.k.p.r.p.TestFile    ... finished proof: closed. 
9958       INFO  main            d.u.i.k.p.i.AbstractProblemLoader Loading environment from /home/runner/work/key/key/key.core/../key.ui/examples/heap/quicksort/toplevel.key.proof 
9959       DEBUG main            d.u.i.k.p.i.AbstractProblemLoader Environment load took 505.91ns 
9961       INFO  main            d.u.i.k.p.i.AbstractProblemLoader Creating init config 
12871      DEBUG main            d.u.i.k.p.i.AbstractProblemLoader Init config took 2.91s 
12931      INFO  main            d.u.i.k.p.i.AbstractProblemLoader Replaying proof Quicksort[Quicksort::sort([I)].JML normal_behavior operation contract.0 
13138      DEBUG main            d.u.i.k.p.i.IntermediateProofReplayer Proof replay took 198.95ms 
13146      DEBUG main            d.u.i.k.p.r.p.TestFile    ... success: reloaded. 
13148      INFO  main            d.u.i.k.p.r.p.TestFile    Now processing file /home/runner/work/key/key/key.core/../key.ui/examples/heap/quicksort/sort.key 
13149      INFO  main            d.u.i.k.p.i.AbstractProblemLoader Loading environment from /home/runner/work/key/key/key.core/../key.ui/examples/heap/quicksort/sort.key 
13149      DEBUG main            d.u.i.k.p.i.AbstractProblemLoader Environment load took 264.2ns 
13151      INFO  main            d.u.i.k.p.i.AbstractProblemLoader Creating init config 
15997      DEBUG main            d.u.i.k.p.i.AbstractProblemLoader Init config took 2.85s 
16058      INFO  main            d.u.i.k.p.i.AbstractProblemLoader Replaying proof Quicksort[Quicksort::sort([I,int,int)].JML normal_behavior operation contract.0 
16061      DEBUG main            d.u.i.k.p.i.IntermediateProofReplayer Proof replay took 6.7ns 
16088      DEBUG main            d.u.i.k.m.s.ProofScriptEngine 1: 'script 'sort.script'' 
16092      INFO  main            d.u.i.k.m.s.ProofScriptCommand Included script /home/runner/work/key/key/key.core/../key.ui/examples/heap/quicksort/sort.script 
16092      DEBUG main            d.u.i.k.m.s.ProofScriptEngine 1: 'macro autopilot-prep' 
17075      DEBUG main            d.u.i.k.m.s.ProofScriptEngine 2: 'select formula="{heapAtPre:=heap || exc:=null || heap:=heapAfter_sort_0}
   seq ...' 
17079      DEBUG main            d.u.i.k.m.s.ProofScriptEngine 3: 'macro simp-upd' 
17088      DEBUG main            d.u.i.k.m.s.ProofScriptEngine 4: 'let   @seqPre="seqDef{int u;}(0, array.length, array[u])"
    @seqSplit="seqDef ...' 
17091      DEBUG main            d.u.i.k.m.s.ProofScriptEngine 5: 'rule seqPermSym 
  formula="seqPerm(@seqSplit, @seqPre)"' 
17105      DEBUG main            d.u.i.k.m.s.ProofScriptEngine 6: 'rule seqPermSym
  formula="seqPerm(@seqSort, @seqSplit)"' 
17107      DEBUG main            d.u.i.k.m.s.ProofScriptEngine 7: 'rule seqPermSym
  formula="seqPerm(@seqSort0, @seqSort)"' 
17109      DEBUG main            d.u.i.k.m.s.ProofScriptEngine 8: 'rule seqPermTrans
  formula="seqPerm(@seqPre, @seqSplit)"' 
17110      DEBUG main            d.u.i.k.m.s.ProofScriptEngine 9: 'rule seqPermTrans
  formula="seqPerm(@seqPre, @seqSort)"' 
17111      DEBUG main            d.u.i.k.m.s.ProofScriptEngine 10: 'rule seqPermSym
  formula="seqPerm(@seqPre, @seqSort0)"' 
17119      DEBUG main            d.u.i.k.m.s.ProofScriptEngine 11: 'tryclose' 
42960      INFO  main            d.u.i.k.p.r.p.TestFile    ... finished proof: closed. 
43259      INFO  main            d.u.i.k.p.i.AbstractProblemLoader Loading environment from /home/runner/work/key/key/key.core/../key.ui/examples/heap/quicksort/sort.key.proof 
43260      DEBUG main            d.u.i.k.p.i.AbstractProblemLoader Environment load took 528.01ns 
43272      INFO  main            d.u.i.k.p.i.AbstractProblemLoader Creating init config 
45962      DEBUG main            d.u.i.k.p.i.AbstractProblemLoader Init config took 2.69s 
46031      INFO  main            d.u.i.k.p.i.AbstractProblemLoader Replaying proof Quicksort[Quicksort::sort([I,int,int)].JML normal_behavior operation contract.0 
48034      DEBUG main            d.u.i.k.p.i.IntermediateProofReplayer Proof replay took 1.86s 
48041      DEBUG main            d.u.i.k.p.r.p.TestFile    ... success: reloaded. 
48043      INFO  main            d.u.i.k.p.r.p.TestFile    Now processing file /home/runner/work/key/key/key.core/../key.ui/examples/heap/quicksort/split.key 
48043      INFO  main            d.u.i.k.p.i.AbstractProblemLoader Loading environment from /home/runner/work/key/key/key.core/../key.ui/examples/heap/quicksort/split.key 
48043      DEBUG main            d.u.i.k.p.i.AbstractProblemLoader Environment load took 190.5ns 
48044      INFO  main            d.u.i.k.p.i.AbstractProblemLoader Creating init config 
50833      DEBUG main            d.u.i.k.p.i.AbstractProblemLoader Init config took 2.79s 
50892      INFO  main            d.u.i.k.p.i.AbstractProblemLoader Replaying proof Quicksort[Quicksort::split([I,int,int)].JML normal_behavior operation contract.0 
50897      DEBUG main            d.u.i.k.p.i.IntermediateProofReplayer Proof replay took 6ns 
50898      DEBUG main            d.u.i.k.m.s.ProofScriptEngine 1: 'macro autopilot-prep' 
52232      DEBUG main            d.u.i.k.m.s.ProofScriptEngine 2: 'tryclose' 
89943      DEBUG main            d.u.i.k.m.s.ProofScriptEngine 3: 'macro simp-upd' 
90050      DEBUG main            d.u.i.k.m.s.ProofScriptEngine 4: 'rule seqPermFromSwap' 
90065      DEBUG main            d.u.i.k.m.s.ProofScriptEngine 5: 'rule andRight' 
90067      DEBUG main            d.u.i.k.m.s.ProofScriptEngine 6: 'auto' 
90096      DEBUG main            d.u.i.k.m.s.ProofScriptEngine 7: 'instantiate hide var=iv with=i_0' 
90101      DEBUG main            d.u.i.k.m.s.ProofScriptEngine 8: 'instantiate hide var=jv with=j_0' 
90103      DEBUG main            d.u.i.k.m.s.ProofScriptEngine 9: 'auto' 
96989      DEBUG main            d.u.i.k.m.s.ProofScriptEngine 10: 'macro simp-upd' 
97125      DEBUG main            d.u.i.k.m.s.ProofScriptEngine 11: 'rule seqPermFromSwap' 
97129      DEBUG main            d.u.i.k.m.s.ProofScriptEngine 12: 'rule andRight' 
97131      DEBUG main            d.u.i.k.m.s.ProofScriptEngine 13: 'auto' 
97149      DEBUG main            d.u.i.k.m.s.ProofScriptEngine 14: 'instantiate hide var=iv with=i_0' 
97152      DEBUG main            d.u.i.k.m.s.ProofScriptEngine 15: 'instantiate hide var=jv with=to' 
97154      DEBUG main            d.u.i.k.m.s.ProofScriptEngine 16: 'auto' 
102251     INFO  main            d.u.i.k.p.r.p.TestFile    ... finished proof: closed. 
102639     INFO  main            d.u.i.k.p.i.AbstractProblemLoader Loading environment from /home/runner/work/key/key/key.core/../key.ui/examples/heap/quicksort/split.key.proof 
102639     DEBUG main            d.u.i.k.p.i.AbstractProblemLoader Environment load took 339ns 
102651     INFO  main            d.u.i.k.p.i.AbstractProblemLoader Creating init config 
105314     DEBUG main            d.u.i.k.p.i.AbstractProblemLoader Init config took 2.66s 
105371     INFO  main            d.u.i.k.p.i.AbstractProblemLoader Replaying proof Quicksort[Quicksort::split([I,int,int)].JML normal_behavior operation contract.0 
109112     DEBUG main            d.u.i.k.p.i.IntermediateProofReplayer Proof replay took 3.43s 
109125     DEBUG main            d.u.i.k.p.r.p.TestFile    ... success: reloaded. 
1766808    INFO  Test worker     d.u.i.k.p.r.RunAllProofsTestUnit Returning from test quicksort 
1766809    INFO  Test worker     d.u.i.k.p.r.RunAllProofsTestUnit Running test simpleTests 
386        INFO  Timeout watchdog d.u.i.k.p.r.p.ForkedTestFileRunner Timeout watcher launched (2000 secs.) 
402        WARN  main            d.u.i.k.s.ProofSettings   The settings in /home/runner/.key/proof-settings.props are *not* read. 
440        INFO  main            d.u.i.k.p.r.p.TestFile    Now processing file /home/runner/work/key/key/key.core/../key.ui/examples/heap/simple/anonymise_datagroup.key 
563        INFO  main            d.u.i.k.p.i.AbstractProblemLoader Loading environment from /home/runner/work/key/key/key.core/../key.ui/examples/heap/simple/anonymise_datagroup.key 
587        DEBUG main            d.u.i.k.p.i.AbstractProblemLoader Environment load took 2.22ms 
829        INFO  main            d.u.i.k.p.i.AbstractProblemLoader Creating init config 
1559       DEBUG main            d.u.i.k.j.TypeConverter   No LDT found for Meta 
1560       DEBUG main            d.u.i.k.j.TypeConverter   No LDT found for Meta 
1561       DEBUG main            d.u.i.k.j.TypeConverter   No LDT found for Meta 
1562       DEBUG main            d.u.i.k.j.TypeConverter   No LDT found for Meta 
2811       DEBUG main            d.u.i.k.j.TypeConverter   No LDT found for JavaBigintExpression 
7535       DEBUG main            d.u.i.k.p.i.AbstractProblemLoader Init config took 6.71s 
7595       INFO  main            d.u.i.k.p.i.AbstractProblemLoader Replaying proof anonymise_datagroup.key 
7628       DEBUG main            d.u.i.k.p.i.IntermediateProofReplayer Proof replay took 37.4ns 
7895       INFO  main            d.u.i.k.p.r.p.TestFile    ... finished proof: closed. 
8014       INFO  main            d.u.i.k.p.i.AbstractProblemLoader Loading environment from /home/runner/work/key/key/key.core/../key.ui/examples/heap/simple/anonymise_datagroup.key.proof 
8015       DEBUG main            d.u.i.k.p.i.AbstractProblemLoader Environment load took 523.51ns 
8019       INFO  main            d.u.i.k.p.i.AbstractProblemLoader Creating init config 
10910      DEBUG main            d.u.i.k.p.i.AbstractProblemLoader Init config took 2.89s 
10960      INFO  main            d.u.i.k.p.i.AbstractProblemLoader Replaying proof anonymise_datagroup.key.proof 
10985      DEBUG main            d.u.i.k.p.i.IntermediateProofReplayer Proof replay took 17.43ms 
11001      DEBUG main            d.u.i.k.p.r.p.TestFile    ... success: reloaded. 
11003      INFO  main            d.u.i.k.p.r.p.TestFile    Now processing file /home/runner/work/key/key/key.core/../key.ui/examples/heap/simple/array_creation.key 
11003      INFO  main            d.u.i.k.p.i.AbstractProblemLoader Loading environment from /home/runner/work/key/key/key.core/../key.ui/examples/heap/simple/array_creation.key 
11003      DEBUG main            d.u.i.k.p.i.AbstractProblemLoader Environment load took 258.3ns 
11008      INFO  main            d.u.i.k.p.i.AbstractProblemLoader Creating init config 
13699      DEBUG main            d.u.i.k.p.i.AbstractProblemLoader Init config took 2.69s 
13740      INFO  main            d.u.i.k.p.i.AbstractProblemLoader Replaying proof array_creation.key 
13749      DEBUG main            d.u.i.k.p.i.IntermediateProofReplayer Proof replay took 6.6ns 
14567      INFO  main            d.u.i.k.p.r.p.TestFile    ... finished proof: closed. 
14737      INFO  main            d.u.i.k.p.i.AbstractProblemLoader Loading environment from /home/runner/work/key/key/key.core/../key.ui/examples/heap/simple/array_creation.key.proof 
14740      DEBUG main            d.u.i.k.p.i.AbstractProblemLoader Environment load took 2.76ms 
14743      INFO  main            d.u.i.k.p.i.AbstractProblemLoader Creating init config 
17372      DEBUG main            d.u.i.k.p.i.AbstractProblemLoader Init config took 2.63s 
17414      INFO  main            d.u.i.k.p.i.AbstractProblemLoader Replaying proof array_creation.key.proof 
17593      DEBUG main            d.u.i.k.p.i.IntermediateProofReplayer Proof replay took 168.17ms 
17594      DEBUG main            d.u.i.k.p.r.p.TestFile    ... success: reloaded. 
17597      INFO  main            d.u.i.k.p.r.p.TestFile    Now processing file /home/runner/work/key/key/key.core/../key.ui/examples/heap/simple/arrays_with_disjoint_sorts.key 
17597      INFO  main            d.u.i.k.p.i.AbstractProblemLoader Loading environment from /home/runner/work/key/key/key.core/../key.ui/examples/heap/simple/arrays_with_disjoint_sorts.key 
17597      DEBUG main            d.u.i.k.p.i.AbstractProblemLoader Environment load took 125.3ns 
17599      INFO  main            d.u.i.k.p.i.AbstractProblemLoader Creating init config 
20277      DEBUG main            d.u.i.k.p.i.AbstractProblemLoader Init config took 2.68s 
20300      INFO  main            d.u.i.k.p.i.AbstractProblemLoader Replaying proof arrays_with_disjoint_sorts.key 
20302      DEBUG main            d.u.i.k.p.i.IntermediateProofReplayer Proof replay took 7.3ns 
20506      INFO  main            d.u.i.k.p.r.p.TestFile    ... finished proof: closed. 
20655      INFO  main            d.u.i.k.p.i.AbstractProblemLoader Loading environment from /home/runner/work/key/key/key.core/../key.ui/examples/heap/simple/arrays_with_disjoint_sorts.key.proof 
20656      DEBUG main            d.u.i.k.p.i.AbstractProblemLoader Environment load took 445.71ns 
20657      INFO  main            d.u.i.k.p.i.AbstractProblemLoader Creating init config 
23250      DEBUG main            d.u.i.k.p.i.AbstractProblemLoader Init config took 2.59s 
23272      INFO  main            d.u.i.k.p.i.AbstractProblemLoader Replaying proof arrays_with_disjoint_sorts.key.proof 
23297      DEBUG main            d.u.i.k.p.i.IntermediateProofReplayer Proof replay took 21.24ms 
23298      DEBUG main            d.u.i.k.p.r.p.TestFile    ... success: reloaded. 
23299      INFO  main            d.u.i.k.p.r.p.TestFile    Now processing file /home/runner/work/key/key/key.core/../key.ui/examples/heap/simple/arrays.key 
23300      INFO  main            d.u.i.k.p.i.AbstractProblemLoader Loading environment from /home/runner/work/key/key/key.core/../key.ui/examples/heap/simple/arrays.key 
23300      DEBUG main            d.u.i.k.p.i.AbstractProblemLoader Environment load took 222ns 
23301      INFO  main            d.u.i.k.p.i.AbstractProblemLoader Creating init config 
25878      DEBUG main            d.u.i.k.p.i.AbstractProblemLoader Init config took 2.58s 
25900      INFO  main            d.u.i.k.p.i.AbstractProblemLoader Replaying proof arrays.key 
25903      DEBUG main            d.u.i.k.p.i.IntermediateProofReplayer Proof replay took 6.8ns 
26107      INFO  main            d.u.i.k.p.r.p.TestFile    ... finished proof: closed. 
26256      INFO  main            d.u.i.k.p.i.AbstractProblemLoader Loading environment from /home/runner/work/key/key/key.core/../key.ui/examples/heap/simple/arrays.key.proof 
26257      DEBUG main            d.u.i.k.p.i.AbstractProblemLoader Environment load took 637.31ns 
26258      INFO  main            d.u.i.k.p.i.AbstractProblemLoader Creating init config 
28833      DEBUG main            d.u.i.k.p.i.AbstractProblemLoader Init config took 2.58s 
28856      INFO  main            d.u.i.k.p.i.AbstractProblemLoader Replaying proof arrays.key.proof 
28878      DEBUG main            d.u.i.k.p.i.IntermediateProofReplayer Proof replay took 19.28ms 
28880      DEBUG main            d.u.i.k.p.r.p.TestFile    ... success: reloaded. 
28881      INFO  main            d.u.i.k.p.r.p.TestFile    Now processing file /home/runner/work/key/key/key.core/../key.ui/examples/heap/simple/attributes.key 
28881      INFO  main            d.u.i.k.p.i.AbstractProblemLoader Loading environment from /home/runner/work/key/key/key.core/../key.ui/examples/heap/simple/attributes.key 
28882      DEBUG main            d.u.i.k.p.i.AbstractProblemLoader Environment load took 239.2ns 
28883      INFO  main            d.u.i.k.p.i.AbstractProblemLoader Creating init config 
31462      DEBUG main            d.u.i.k.p.i.AbstractProblemLoader Init config took 2.58s 
31483      INFO  main            d.u.i.k.p.i.AbstractProblemLoader Replaying proof attributes.key 
31485      DEBUG main            d.u.i.k.p.i.IntermediateProofReplayer Proof replay took 7.1ns 
31588      INFO  main            d.u.i.k.p.r.p.TestFile    ... finished proof: closed. 
31753      INFO  main            d.u.i.k.p.i.AbstractProblemLoader Loading environment from /home/runner/work/key/key/key.core/../key.ui/examples/heap/simple/attributes.key.proof 
31754      DEBUG main            d.u.i.k.p.i.AbstractProblemLoader Environment load took 124.4ns 
31755      INFO  main            d.u.i.k.p.i.AbstractProblemLoader Creating init config 
34281      DEBUG main            d.u.i.k.p.i.AbstractProblemLoader Init config took 2.53s 
34302      INFO  main            d.u.i.k.p.i.AbstractProblemLoader Replaying proof attributes.key.proof 
34306      DEBUG main            d.u.i.k.p.i.IntermediateProofReplayer Proof replay took 1.83ms 
34307      DEBUG main            d.u.i.k.p.r.p.TestFile    ... success: reloaded. 
34308      INFO  main            d.u.i.k.p.r.p.TestFile    Now processing file /home/runner/work/key/key/key.core/../key.ui/examples/heap/simple/constructor_contracts.key 
34308      INFO  main            d.u.i.k.p.i.AbstractProblemLoader Loading environment from /home/runner/work/key/key/key.core/../key.ui/examples/heap/simple/constructor_contracts.key 
34309      DEBUG main            d.u.i.k.p.i.AbstractProblemLoader Environment load took 296.9ns 
34311      INFO  main            d.u.i.k.p.i.AbstractProblemLoader Creating init config 
37243      DEBUG main            d.u.i.k.p.i.AbstractProblemLoader Init config took 2.93s 
37264      INFO  main            d.u.i.k.p.i.AbstractProblemLoader Replaying proof constructor_contracts.key 
37266      DEBUG main            d.u.i.k.p.i.IntermediateProofReplayer Proof replay took 6.8ns 
37875      INFO  main            d.u.i.k.p.r.p.TestFile    ... finished proof: closed. 
38057      INFO  main            d.u.i.k.p.i.AbstractProblemLoader Loading environment from /home/runner/work/key/key/key.core/../key.ui/examples/heap/simple/constructor_contracts.key.proof 
38057      DEBUG main            d.u.i.k.p.i.AbstractProblemLoader Environment load took 154.7ns 
38058      INFO  main            d.u.i.k.p.i.AbstractProblemLoader Creating init config 
40861      DEBUG main            d.u.i.k.p.i.AbstractProblemLoader Init config took 2.8s 
40882      INFO  main            d.u.i.k.p.i.AbstractProblemLoader Replaying proof constructor_contracts.key.proof 
40997      DEBUG main            d.u.i.k.p.i.IntermediateProofReplayer Proof replay took 109.36ms 
40999      DEBUG main            d.u.i.k.p.r.p.TestFile    ... success: reloaded. 
41002      INFO  main            d.u.i.k.p.r.p.TestFile    Now processing file /home/runner/work/key/key/key.core/../key.ui/examples/heap/simple/dependencies.key 
41002      INFO  main            d.u.i.k.p.i.AbstractProblemLoader Loading environment from /home/runner/work/key/key/key.core/../key.ui/examples/heap/simple/dependencies.key 
41003      DEBUG main            d.u.i.k.p.i.AbstractProblemLoader Environment load took 261.8ns 
41005      INFO  main            d.u.i.k.p.i.AbstractProblemLoader Creating init config 
43608      DEBUG main            d.u.i.k.p.i.AbstractProblemLoader Init config took 2.6s 
43627      INFO  main            d.u.i.k.p.i.AbstractProblemLoader Replaying proof dependencies.key 
43629      DEBUG main            d.u.i.k.p.i.IntermediateProofReplayer Proof replay took 8.1ns 
43731      INFO  main            d.u.i.k.p.r.p.TestFile    ... finished proof: closed. 
43934      INFO  main            d.u.i.k.p.i.AbstractProblemLoader Loading environment from /home/runner/work/key/key/key.core/../key.ui/examples/heap/simple/dependencies.key.proof 
43934      DEBUG main            d.u.i.k.p.i.AbstractProblemLoader Environment load took 128.2ns 
43935      INFO  main            d.u.i.k.p.i.AbstractProblemLoader Creating init config 
46416      DEBUG main            d.u.i.k.p.i.AbstractProblemLoader Init config took 2.48s 
46449      INFO  main            d.u.i.k.p.i.AbstractProblemLoader Replaying proof dependencies.key.proof 
46459      DEBUG main            d.u.i.k.p.i.IntermediateProofReplayer Proof replay took 8.18ms 
46460      DEBUG main            d.u.i.k.p.r.p.TestFile    ... success: reloaded. 
46461      INFO  main            d.u.i.k.p.r.p.TestFile    Now processing file /home/runner/work/key/key/key.core/../key.ui/examples/heap/simple/dependency_contracts.key 
46461      INFO  main            d.u.i.k.p.i.AbstractProblemLoader Loading environment from /home/runner/work/key/key/key.core/../key.ui/examples/heap/simple/dependency_contracts.key 
46461      DEBUG main            d.u.i.k.p.i.AbstractProblemLoader Environment load took 104.2ns 
46463      INFO  main            d.u.i.k.p.i.AbstractProblemLoader Creating init config 
49241      DEBUG main            d.u.i.k.p.i.AbstractProblemLoader Init config took 2.78s 
49262      INFO  main            d.u.i.k.p.i.AbstractProblemLoader Replaying proof dependency_contracts.key 
49264      DEBUG main            d.u.i.k.p.i.IntermediateProofReplayer Proof replay took 7.4ns 
50681      INFO  main            d.u.i.k.p.r.p.TestFile    ... finished proof: closed. 
50894      INFO  main            d.u.i.k.p.i.AbstractProblemLoader Loading environment from /home/runner/work/key/key/key.core/../key.ui/examples/heap/simple/dependency_contracts.key.proof 
50895      DEBUG main            d.u.i.k.p.i.AbstractProblemLoader Environment load took 148.6ns 
50896      INFO  main            d.u.i.k.p.i.AbstractProblemLoader Creating init config 
53591      DEBUG main            d.u.i.k.p.i.AbstractProblemLoader Init config took 2.69s 
53614      INFO  main            d.u.i.k.p.i.AbstractProblemLoader Replaying proof dependency_contracts.key.proof 
53869      DEBUG main            d.u.i.k.p.i.IntermediateProofReplayer Proof replay took 224.98ms 
53871      DEBUG main            d.u.i.k.p.r.p.TestFile    ... success: reloaded. 
53873      INFO  main            d.u.i.k.p.r.p.TestFile    Now processing file /home/runner/work/key/key/key.core/../key.ui/examples/heap/simple/invariant_preservation.key 
53873      INFO  main            d.u.i.k.p.i.AbstractProblemLoader Loading environment from /home/runner/work/key/key/key.core/../key.ui/examples/heap/simple/invariant_preservation.key 
53873      DEBUG main            d.u.i.k.p.i.AbstractProblemLoader Environment load took 221ns 
53876      INFO  main            d.u.i.k.p.i.AbstractProblemLoader Creating init config 
56688      DEBUG main            d.u.i.k.p.i.AbstractProblemLoader Init config took 2.81s 
56707      INFO  main            d.u.i.k.p.i.AbstractProblemLoader Replaying proof invariant_preservation.key 
56709      DEBUG main            d.u.i.k.p.i.IntermediateProofReplayer Proof replay took 6.9ns 
56912      INFO  main            d.u.i.k.p.r.p.TestFile    ... finished proof: closed. 
57124      INFO  main            d.u.i.k.p.i.AbstractProblemLoader Loading environment from /home/runner/work/key/key/key.core/../key.ui/examples/heap/simple/invariant_preservation.key.proof 
57124      DEBUG main            d.u.i.k.p.i.AbstractProblemLoader Environment load took 131.8ns 
57127      INFO  main            d.u.i.k.p.i.AbstractProblemLoader Creating init config 
59825      DEBUG main            d.u.i.k.p.i.AbstractProblemLoader Init config took 2.7s 
59843      INFO  main            d.u.i.k.p.i.AbstractProblemLoader Replaying proof invariant_preservation.key.proof 
59875      DEBUG main            d.u.i.k.p.i.IntermediateProofReplayer Proof replay took 29.29ms 
59877      DEBUG main            d.u.i.k.p.r.p.TestFile    ... success: reloaded. 
59879      INFO  main            d.u.i.k.p.r.p.TestFile    Now processing file /home/runner/work/key/key/key.core/../key.ui/examples/heap/simple/locsets.key 
59879      INFO  main            d.u.i.k.p.i.AbstractProblemLoader Loading environment from /home/runner/work/key/key/key.core/../key.ui/examples/heap/simple/locsets.key 
59879      DEBUG main            d.u.i.k.p.i.AbstractProblemLoader Environment load took 209ns 
59880      INFO  main            d.u.i.k.p.i.AbstractProblemLoader Creating init config 
62367      DEBUG main            d.u.i.k.p.i.AbstractProblemLoader Init config took 2.49s 
62382      INFO  main            d.u.i.k.p.i.AbstractProblemLoader Replaying proof locsets.key 
62383      DEBUG main            d.u.i.k.p.i.IntermediateProofReplayer Proof replay took 8ns 
62485      INFO  main            d.u.i.k.p.r.p.TestFile    ... finished proof: closed. 
62668      INFO  main            d.u.i.k.p.i.AbstractProblemLoader Loading environment from /home/runner/work/key/key/key.core/../key.ui/examples/heap/simple/locsets.key.proof 
62668      DEBUG main            d.u.i.k.p.i.AbstractProblemLoader Environment load took 126.2ns 
62669      INFO  main            d.u.i.k.p.i.AbstractProblemLoader Creating init config 
65082      DEBUG main            d.u.i.k.p.i.AbstractProblemLoader Init config took 2.41s 
65097      INFO  main            d.u.i.k.p.i.AbstractProblemLoader Replaying proof locsets.key.proof 
65100      DEBUG main            d.u.i.k.p.i.IntermediateProofReplayer Proof replay took 1.64ms 
65105      DEBUG main            d.u.i.k.p.r.p.TestFile    ... success: reloaded. 
65106      INFO  main            d.u.i.k.p.r.p.TestFile    Now processing file /home/runner/work/key/key/key.core/../key.ui/examples/heap/simple/loop1.key 
65106      INFO  main            d.u.i.k.p.i.AbstractProblemLoader Loading environment from /home/runner/work/key/key/key.core/../key.ui/examples/heap/simple/loop1.key 
65106      DEBUG main            d.u.i.k.p.i.AbstractProblemLoader Environment load took 72.9ns 
65107      INFO  main            d.u.i.k.p.i.AbstractProblemLoader Creating init config 
67878      DEBUG main            d.u.i.k.p.i.AbstractProblemLoader Init config took 2.77s 
67895      INFO  main            d.u.i.k.p.i.AbstractProblemLoader Replaying proof loop1.key 
67897      DEBUG main            d.u.i.k.p.i.IntermediateProofReplayer Proof replay took 8.4ns 
68100      INFO  main            d.u.i.k.p.r.p.TestFile    ... finished proof: closed. 
68286      INFO  main            d.u.i.k.p.i.AbstractProblemLoader Loading environment from /home/runner/work/key/key/key.core/../key.ui/examples/heap/simple/loop1.key.proof 
68286      DEBUG main            d.u.i.k.p.i.AbstractProblemLoader Environment load took 134ns 
68287      INFO  main            d.u.i.k.p.i.AbstractProblemLoader Creating init config 
70975      DEBUG main            d.u.i.k.p.i.AbstractProblemLoader Init config took 2.69s 
70991      INFO  main            d.u.i.k.p.i.AbstractProblemLoader Replaying proof loop1.key.proof 
71061      DEBUG main            d.u.i.k.p.i.IntermediateProofReplayer Proof replay took 68.23ms 
71063      DEBUG main            d.u.i.k.p.r.p.TestFile    ... success: reloaded. 
71065      INFO  main            d.u.i.k.p.r.p.TestFile    Now processing file /home/runner/work/key/key/key.core/../key.ui/examples/heap/simple/loop2.key 
71065      INFO  main            d.u.i.k.p.i.AbstractProblemLoader Loading environment from /home/runner/work/key/key/key.core/../key.ui/examples/heap/simple/loop2.key 
71065      DEBUG main            d.u.i.k.p.i.AbstractProblemLoader Environment load took 243.4ns 
71068      INFO  main            d.u.i.k.p.i.AbstractProblemLoader Creating init config 
73828      DEBUG main            d.u.i.k.p.i.AbstractProblemLoader Init config took 2.76s 
73845      INFO  main            d.u.i.k.p.i.AbstractProblemLoader Replaying proof loop2.key 
73847      DEBUG main            d.u.i.k.p.i.IntermediateProofReplayer Proof replay took 19.2ns 
74455      INFO  main            d.u.i.k.p.r.p.TestFile    ... finished proof: closed. 
74677      INFO  main            d.u.i.k.p.i.AbstractProblemLoader Loading environment from /home/runner/work/key/key/key.core/../key.ui/examples/heap/simple/loop2.key.proof 
74677      DEBUG main            d.u.i.k.p.i.AbstractProblemLoader Environment load took 459.71ns 
74679      INFO  main            d.u.i.k.p.i.AbstractProblemLoader Creating init config 
77329      DEBUG main            d.u.i.k.p.i.AbstractProblemLoader Init config took 2.65s 
77346      INFO  main            d.u.i.k.p.i.AbstractProblemLoader Replaying proof loop2.key.proof 
77462      DEBUG main            d.u.i.k.p.i.IntermediateProofReplayer Proof replay took 111.94ms 
77464      DEBUG main            d.u.i.k.p.r.p.TestFile    ... success: reloaded. 
77466      INFO  main            d.u.i.k.p.r.p.TestFile    Now processing file /home/runner/work/key/key/key.core/../key.ui/examples/heap/simple/modifies_datagroup.key 
77466      INFO  main            d.u.i.k.p.i.AbstractProblemLoader Loading environment from /home/runner/work/key/key/key.core/../key.ui/examples/heap/simple/modifies_datagroup.key 
77466      DEBUG main            d.u.i.k.p.i.AbstractProblemLoader Environment load took 220.3ns 
77467      INFO  main            d.u.i.k.p.i.AbstractProblemLoader Creating init config 
79963      DEBUG main            d.u.i.k.p.i.AbstractProblemLoader Init config took 2.5s 
79978      INFO  main            d.u.i.k.p.i.AbstractProblemLoader Replaying proof modifies_datagroup.key 
79980      DEBUG main            d.u.i.k.p.i.IntermediateProofReplayer Proof replay took 8.4ns 
80082      INFO  main            d.u.i.k.p.r.p.TestFile    ... finished proof: closed. 
80296      INFO  main            d.u.i.k.p.i.AbstractProblemLoader Loading environment from /home/runner/work/key/key/key.core/../key.ui/examples/heap/simple/modifies_datagroup.key.proof 
80296      DEBUG main            d.u.i.k.p.i.AbstractProblemLoader Environment load took 119ns 
80297      INFO  main            d.u.i.k.p.i.AbstractProblemLoader Creating init config 
82749      DEBUG main            d.u.i.k.p.i.AbstractProblemLoader Init config took 2.45s 
82764      INFO  main            d.u.i.k.p.i.AbstractProblemLoader Replaying proof modifies_datagroup.key.proof 
82769      DEBUG main            d.u.i.k.p.i.IntermediateProofReplayer Proof replay took 3.36ms 
82770      DEBUG main            d.u.i.k.p.r.p.TestFile    ... success: reloaded. 
82771      INFO  main            d.u.i.k.p.r.p.TestFile    Now processing file /home/runner/work/key/key/key.core/../key.ui/examples/heap/simple/modifies.key 
82771      INFO  main            d.u.i.k.p.i.AbstractProblemLoader Loading environment from /home/runner/work/key/key/key.core/../key.ui/examples/heap/simple/modifies.key 
82771      DEBUG main            d.u.i.k.p.i.AbstractProblemLoader Environment load took 98.5ns 
82773      INFO  main            d.u.i.k.p.i.AbstractProblemLoader Creating init config 
85226      DEBUG main            d.u.i.k.p.i.AbstractProblemLoader Init config took 2.45s 
85241      INFO  main            d.u.i.k.p.i.AbstractProblemLoader Replaying proof modifies.key 
85242      DEBUG main            d.u.i.k.p.i.IntermediateProofReplayer Proof replay took 7.6ns 
85346      INFO  main            d.u.i.k.p.r.p.TestFile    ... finished proof: closed. 
85555      INFO  main            d.u.i.k.p.i.AbstractProblemLoader Loading environment from /home/runner/work/key/key/key.core/../key.ui/examples/heap/simple/modifies.key.proof 
85555      DEBUG main            d.u.i.k.p.i.AbstractProblemLoader Environment load took 123.3ns 
85562      INFO  main            d.u.i.k.p.i.AbstractProblemLoader Creating init config 
87971      DEBUG main            d.u.i.k.p.i.AbstractProblemLoader Init config took 2.41s 
87986      INFO  main            d.u.i.k.p.i.AbstractProblemLoader Replaying proof modifies.key.proof 
88000      DEBUG main            d.u.i.k.p.i.IntermediateProofReplayer Proof replay took 11.63ms 
88001      DEBUG main            d.u.i.k.p.r.p.TestFile    ... success: reloaded. 
88001      INFO  main            d.u.i.k.p.r.p.TestFile    Now processing file /home/runner/work/key/key/key.core/../key.ui/examples/heap/simple/object_creation.key 
88002      INFO  main            d.u.i.k.p.i.AbstractProblemLoader Loading environment from /home/runner/work/key/key/key.core/../key.ui/examples/heap/simple/object_creation.key 
88002      DEBUG main            d.u.i.k.p.i.AbstractProblemLoader Environment load took 82.2ns 
88003      INFO  main            d.u.i.k.p.i.AbstractProblemLoader Creating init config 
90484      DEBUG main            d.u.i.k.p.i.AbstractProblemLoader Init config took 2.48s 
90499      INFO  main            d.u.i.k.p.i.AbstractProblemLoader Replaying proof object_creation.key 
90501      DEBUG main            d.u.i.k.p.i.IntermediateProofReplayer Proof replay took 7.6ns 
90704      INFO  main            d.u.i.k.p.r.p.TestFile    ... finished proof: closed. 
90995      INFO  main            d.u.i.k.p.i.AbstractProblemLoader Loading environment from /home/runner/work/key/key/key.core/../key.ui/examples/heap/simple/object_creation.key.proof 
90995      DEBUG main            d.u.i.k.p.i.AbstractProblemLoader Environment load took 123.9ns 
90996      INFO  main            d.u.i.k.p.i.AbstractProblemLoader Creating init config 
93394      DEBUG main            d.u.i.k.p.i.AbstractProblemLoader Init config took 2.4s 
93409      INFO  main            d.u.i.k.p.i.AbstractProblemLoader Replaying proof object_creation.key.proof 
93457      DEBUG main            d.u.i.k.p.i.IntermediateProofReplayer Proof replay took 45.37ms 
93458      DEBUG main            d.u.i.k.p.r.p.TestFile    ... success: reloaded. 
93459      INFO  main            d.u.i.k.p.r.p.TestFile    Now processing file /home/runner/work/key/key/key.core/../key.ui/examples/heap/simple/operation_contracts.key 
93459      INFO  main            d.u.i.k.p.i.AbstractProblemLoader Loading environment from /home/runner/work/key/key/key.core/../key.ui/examples/heap/simple/operation_contracts.key 
93459      DEBUG main            d.u.i.k.p.i.AbstractProblemLoader Environment load took 101.4ns 
93461      INFO  main            d.u.i.k.p.i.AbstractProblemLoader Creating init config 
96217      DEBUG main            d.u.i.k.p.i.AbstractProblemLoader Init config took 2.76s 
96236      INFO  main            d.u.i.k.p.i.AbstractProblemLoader Replaying proof operation_contracts.key 
96240      DEBUG main            d.u.i.k.p.i.IntermediateProofReplayer Proof replay took 8.7ns 
97161      INFO  main            d.u.i.k.p.r.p.TestFile    ... finished proof: closed. 
97402      INFO  main            d.u.i.k.p.i.AbstractProblemLoader Loading environment from /home/runner/work/key/key/key.core/../key.ui/examples/heap/simple/operation_contracts.key.proof 
97402      DEBUG main            d.u.i.k.p.i.AbstractProblemLoader Environment load took 453.91ns 
97404      INFO  main            d.u.i.k.p.i.AbstractProblemLoader Creating init config 
100070     DEBUG main            d.u.i.k.p.i.AbstractProblemLoader Init config took 2.67s 
100086     INFO  main            d.u.i.k.p.i.AbstractProblemLoader Replaying proof operation_contracts.key.proof 
100212     DEBUG main            d.u.i.k.p.i.IntermediateProofReplayer Proof replay took 118.8ms 
100215     DEBUG main            d.u.i.k.p.r.p.TestFile    ... success: reloaded. 
100216     INFO  main            d.u.i.k.p.r.p.TestFile    Now processing file /home/runner/work/key/key/key.core/../key.ui/examples/heap/simple/select_store.key 
100216     INFO  main            d.u.i.k.p.i.AbstractProblemLoader Loading environment from /home/runner/work/key/key/key.core/../key.ui/examples/heap/simple/select_store.key 
100217     DEBUG main            d.u.i.k.p.i.AbstractProblemLoader Environment load took 210.4ns 
100218     INFO  main            d.u.i.k.p.i.AbstractProblemLoader Creating init config 
102663     DEBUG main            d.u.i.k.p.i.AbstractProblemLoader Init config took 2.45s 
102678     INFO  main            d.u.i.k.p.i.AbstractProblemLoader Replaying proof select_store.key 
102680     DEBUG main            d.u.i.k.p.i.IntermediateProofReplayer Proof replay took 7.6ns 
102782     INFO  main            d.u.i.k.p.r.p.TestFile    ... finished proof: closed. 
103034     INFO  main            d.u.i.k.p.i.AbstractProblemLoader Loading environment from /home/runner/work/key/key/key.core/../key.ui/examples/heap/simple/select_store.key.proof 
103034     DEBUG main            d.u.i.k.p.i.AbstractProblemLoader Environment load took 154.3ns 
103035     INFO  main            d.u.i.k.p.i.AbstractProblemLoader Creating init config 
105408     DEBUG main            d.u.i.k.p.i.AbstractProblemLoader Init config took 2.37s 
105422     INFO  main            d.u.i.k.p.i.AbstractProblemLoader Replaying proof select_store.key.proof 
105425     DEBUG main            d.u.i.k.p.i.IntermediateProofReplayer Proof replay took 2.16ms 
105426     DEBUG main            d.u.i.k.p.r.p.TestFile    ... success: reloaded. 
105427     INFO  main            d.u.i.k.p.r.p.TestFile    Now processing file /home/runner/work/key/key/key.core/../key.ui/examples/heap/simple/selection_sort.key 
105427     INFO  main            d.u.i.k.p.i.AbstractProblemLoader Loading environment from /home/runner/work/key/key/key.core/../key.ui/examples/heap/simple/selection_sort.key 
105427     DEBUG main            d.u.i.k.p.i.AbstractProblemLoader Environment load took 92.2ns 
105429     INFO  main            d.u.i.k.p.i.AbstractProblemLoader Creating init config 
108123     DEBUG main            d.u.i.k.p.i.AbstractProblemLoader Init config took 2.69s 
108138     INFO  main            d.u.i.k.p.i.AbstractProblemLoader Replaying proof selection_sort.key 
108142     DEBUG main            d.u.i.k.p.i.IntermediateProofReplayer Proof replay took 7.8ns 
112053     INFO  main            d.u.i.k.p.r.p.TestFile    ... finished proof: closed. 
112423     INFO  main            d.u.i.k.p.i.AbstractProblemLoader Loading environment from /home/runner/work/key/key/key.core/../key.ui/examples/heap/simple/selection_sort.key.proof 
112423     DEBUG main            d.u.i.k.p.i.AbstractProblemLoader Environment load took 449.01ns 
112425     INFO  main            d.u.i.k.p.i.AbstractProblemLoader Creating init config 
115045     DEBUG main            d.u.i.k.p.i.AbstractProblemLoader Init config took 2.62s 
115061     INFO  main            d.u.i.k.p.i.AbstractProblemLoader Replaying proof selection_sort.key.proof 
115745     DEBUG main            d.u.i.k.p.i.IntermediateProofReplayer Proof replay took 661.77ms 
115747     DEBUG main            d.u.i.k.p.r.p.TestFile    ... success: reloaded. 
115749     INFO  main            d.u.i.k.p.r.p.TestFile    Now processing file /home/runner/work/key/key/key.core/../key.ui/examples/heap/simple/seq.key 
115749     INFO  main            d.u.i.k.p.i.AbstractProblemLoader Loading environment from /home/runner/work/key/key/key.core/../key.ui/examples/heap/simple/seq.key 
115749     DEBUG main            d.u.i.k.p.i.AbstractProblemLoader Environment load took 229.1ns 
115751     INFO  main            d.u.i.k.p.i.AbstractProblemLoader Creating init config 
118219     DEBUG main            d.u.i.k.p.i.AbstractProblemLoader Init config took 2.47s 
118233     INFO  main            d.u.i.k.p.i.AbstractProblemLoader Replaying proof seq.key 
118234     DEBUG main            d.u.i.k.p.i.IntermediateProofReplayer Proof replay took 7.8ns 
118740     INFO  main            d.u.i.k.p.r.p.TestFile    ... finished proof: closed. 
119051     INFO  main            d.u.i.k.p.i.AbstractProblemLoader Loading environment from /home/runner/work/key/key/key.core/../key.ui/examples/heap/simple/seq.key.proof 
119051     DEBUG main            d.u.i.k.p.i.AbstractProblemLoader Environment load took 116.5ns 
119054     INFO  main            d.u.i.k.p.i.AbstractProblemLoader Creating init config 
121421     DEBUG main            d.u.i.k.p.i.AbstractProblemLoader Init config took 2.37s 
121435     INFO  main            d.u.i.k.p.i.AbstractProblemLoader Replaying proof seq.key.proof 
121488     DEBUG main            d.u.i.k.p.i.IntermediateProofReplayer Proof replay took 47.89ms 
121489     DEBUG main            d.u.i.k.p.r.p.TestFile    ... success: reloaded. 
121490     INFO  main            d.u.i.k.p.r.p.TestFile    Now processing file /home/runner/work/key/key/key.core/../key.ui/examples/heap/simple/oldForParams.key 
121490     INFO  main            d.u.i.k.p.i.AbstractProblemLoader Loading environment from /home/runner/work/key/key/key.core/../key.ui/examples/heap/simple/oldForParams.key 
121490     DEBUG main            d.u.i.k.p.i.AbstractProblemLoader Environment load took 103.3ns 
121491     INFO  main            d.u.i.k.p.i.AbstractProblemLoader Creating init config 
124148     DEBUG main            d.u.i.k.p.i.AbstractProblemLoader Init config took 2.66s 
124212     INFO  main            d.u.i.k.p.i.AbstractProblemLoader Replaying proof OldForParameters[OldForParameters::method(int)].JML operation contract.0 
124215     DEBUG main            d.u.i.k.p.i.IntermediateProofReplayer Proof replay took 8.4ns 
124418     INFO  main            d.u.i.k.p.r.p.TestFile    ... finished proof: closed. 
124694     INFO  main            d.u.i.k.p.i.AbstractProblemLoader Loading environment from /home/runner/work/key/key/key.core/../key.ui/examples/heap/simple/oldForParams.key.proof 
124694     DEBUG main            d.u.i.k.p.i.AbstractProblemLoader Environment load took 117.7ns 
124695     INFO  main            d.u.i.k.p.i.AbstractProblemLoader Creating init config 
127334     DEBUG main            d.u.i.k.p.i.AbstractProblemLoader Init config took 2.64s 
127376     INFO  main            d.u.i.k.p.i.AbstractProblemLoader Replaying proof OldForParameters[OldForParameters::method(int)].JML operation contract.0 
127429     DEBUG main            d.u.i.k.p.i.IntermediateProofReplayer Proof replay took 50.82ms 
127430     DEBUG main            d.u.i.k.p.r.p.TestFile    ... success: reloaded. 
127433     INFO  main            d.u.i.k.p.r.p.TestFile    Now processing file /home/runner/work/key/key/key.core/../key.ui/examples/heap/simple/parse_lmtd.key 
127433     INFO  main            d.u.i.k.p.i.AbstractProblemLoader Loading environment from /home/runner/work/key/key/key.core/../key.ui/examples/heap/simple/parse_lmtd.key 
127433     DEBUG main            d.u.i.k.p.i.AbstractProblemLoader Environment load took 229.6ns 
127434     INFO  main            d.u.i.k.p.i.AbstractProblemLoader Creating init config 
130114     DEBUG main            d.u.i.k.p.i.AbstractProblemLoader Init config took 2.68s 
130157     INFO  main            d.u.i.k.p.i.AbstractProblemLoader Replaying proof ParseLmtd[ParseLmtd::simple(int)].JML normal_behavior operation contract.0 
130159     DEBUG main            d.u.i.k.p.i.IntermediateProofReplayer Proof replay took 7.5ns 
130361     INFO  main            d.u.i.k.p.r.p.TestFile    ... finished proof: closed. 
130615     INFO  main            d.u.i.k.p.i.AbstractProblemLoader Loading environment from /home/runner/work/key/key/key.core/../key.ui/examples/heap/simple/parse_lmtd.key.proof 
130615     DEBUG main            d.u.i.k.p.i.AbstractProblemLoader Environment load took 111.7ns 
130618     INFO  main            d.u.i.k.p.i.AbstractProblemLoader Creating init config 
133230     DEBUG main            d.u.i.k.p.i.AbstractProblemLoader Init config took 2.61s 
133270     INFO  main            d.u.i.k.p.i.AbstractProblemLoader Replaying proof ParseLmtd[ParseLmtd::simple(int)].JML normal_behavior operation contract.0 
133295     DEBUG main            d.u.i.k.p.i.IntermediateProofReplayer Proof replay took 23.04ms 
133296     DEBUG main            d.u.i.k.p.r.p.TestFile    ... success: reloaded. 
133297     INFO  main            d.u.i.k.p.r.p.TestFile    Now processing file /home/runner/work/key/key/key.core/../key.ui/examples/heap/strictly_pure/strictlyPureMethod.key 
133297     INFO  main            d.u.i.k.p.i.AbstractProblemLoader Loading environment from /home/runner/work/key/key/key.core/../key.ui/examples/heap/strictly_pure/strictlyPureMethod.key 
133298     DEBUG main            d.u.i.k.p.i.AbstractProblemLoader Environment load took 96.8ns 
133298     INFO  main            d.u.i.k.p.i.AbstractProblemLoader Creating init config 
135880     DEBUG main            d.u.i.k.p.i.AbstractProblemLoader Init config took 2.58s 
135924     INFO  main            d.u.i.k.p.i.AbstractProblemLoader Replaying proof StrictlyPure[StrictlyPure::strictlyPureMethod()].JML operation contract.0 
135932     DEBUG main            d.u.i.k.p.i.IntermediateProofReplayer Proof replay took 7.7ns 
136134     INFO  main            d.u.i.k.p.r.p.TestFile    ... finished proof: closed. 
136394     INFO  main            d.u.i.k.p.i.AbstractProblemLoader Loading environment from /home/runner/work/key/key/key.core/../key.ui/examples/heap/strictly_pure/strictlyPureMethod.key.proof 
136394     DEBUG main            d.u.i.k.p.i.AbstractProblemLoader Environment load took 118.9ns 
136395     INFO  main            d.u.i.k.p.i.AbstractProblemLoader Creating init config 
138842     DEBUG main            d.u.i.k.p.i.AbstractProblemLoader Init config took 2.45s 
138893     INFO  main            d.u.i.k.p.i.AbstractProblemLoader Replaying proof StrictlyPure[StrictlyPure::strictlyPureMethod()].JML operation contract.0 
138941     DEBUG main            d.u.i.k.p.i.IntermediateProofReplayer Proof replay took 45.47ms 
138942     DEBUG main            d.u.i.k.p.r.p.TestFile    ... success: reloaded. 
138943     INFO  main            d.u.i.k.p.r.p.TestFile    Now processing file /home/runner/work/key/key/key.core/../key.ui/examples/heap/strictly_pure/useStrictlyPureMethod.key 
138943     INFO  main            d.u.i.k.p.i.AbstractProblemLoader Loading environment from /home/runner/work/key/key/key.core/../key.ui/examples/heap/strictly_pure/useStrictlyPureMethod.key 
138944     DEBUG main            d.u.i.k.p.i.AbstractProblemLoader Environment load took 219.7ns 
138945     INFO  main            d.u.i.k.p.i.AbstractProblemLoader Creating init config 
141482     DEBUG main            d.u.i.k.p.i.AbstractProblemLoader Init config took 2.54s 
141517     INFO  main            d.u.i.k.p.i.AbstractProblemLoader Replaying proof StrictlyPure[StrictlyPure::useStrictlyPureMethod(StrictlyPureClass)].JML operation contract.0 
141519     DEBUG main            d.u.i.k.p.i.IntermediateProofReplayer Proof replay took 7.6ns 
141721     INFO  main            d.u.i.k.p.r.p.TestFile    ... finished proof: closed. 
142010     INFO  main            d.u.i.k.p.i.AbstractProblemLoader Loading environment from /home/runner/work/key/key/key.core/../key.ui/examples/heap/strictly_pure/useStrictlyPureMethod.key.proof 
142010     DEBUG main            d.u.i.k.p.i.AbstractProblemLoader Environment load took 121.7ns 
142012     INFO  main            d.u.i.k.p.i.AbstractProblemLoader Creating init config 
144467     DEBUG main            d.u.i.k.p.i.AbstractProblemLoader Init config took 2.45s 
144502     INFO  main            d.u.i.k.p.i.AbstractProblemLoader Replaying proof StrictlyPure[StrictlyPure::useStrictlyPureMethod(StrictlyPureClass)].JML operation contract.0 
144559     DEBUG main            d.u.i.k.p.i.IntermediateProofReplayer Proof replay took 54.86ms 
144560     DEBUG main            d.u.i.k.p.r.p.TestFile    ... success: reloaded. 
144561     INFO  main            d.u.i.k.p.r.p.TestFile    Now processing file /home/runner/work/key/key/key.core/../key.ui/examples/heap/Wellfounded/ackermann.key 
144562     INFO  main            d.u.i.k.p.i.AbstractProblemLoader Loading environment from /home/runner/work/key/key/key.core/../key.ui/examples/heap/Wellfounded/ackermann.key 
144562     DEBUG main            d.u.i.k.p.i.AbstractProblemLoader Environment load took 101.4ns 
144563     INFO  main            d.u.i.k.p.i.AbstractProblemLoader Creating init config 
147157     DEBUG main            d.u.i.k.p.i.AbstractProblemLoader Init config took 2.59s 
147192     INFO  main            d.u.i.k.p.i.AbstractProblemLoader Replaying proof Ackermann[Ackermann::a(int,int)].JML normal_behavior operation contract.0 
147195     DEBUG main            d.u.i.k.p.i.IntermediateProofReplayer Proof replay took 8.7ns 
147498     INFO  main            d.u.i.k.p.r.p.TestFile    ... finished proof: closed. 
147786     INFO  main            d.u.i.k.p.i.AbstractProblemLoader Loading environment from /home/runner/work/key/key/key.core/../key.ui/examples/heap/Wellfounded/ackermann.key.proof 
147786     DEBUG main            d.u.i.k.p.i.AbstractProblemLoader Environment load took 437.81ns 
147788     INFO  main            d.u.i.k.p.i.AbstractProblemLoader Creating init config 
150281     DEBUG main            d.u.i.k.p.i.AbstractProblemLoader Init config took 2.49s 
150317     INFO  main            d.u.i.k.p.i.AbstractProblemLoader Replaying proof Ackermann[Ackermann::a(int,int)].JML normal_behavior operation contract.0 
150384     DEBUG main            d.u.i.k.p.i.IntermediateProofReplayer Proof replay took 63.59ms 
150385     DEBUG main            d.u.i.k.p.r.p.TestFile    ... success: reloaded. 
150386     INFO  main            d.u.i.k.p.r.p.TestFile    Now processing file /home/runner/work/key/key/key.core/../key.ui/examples/standard_key/unicode_test.key 
150387     INFO  main            d.u.i.k.p.i.AbstractProblemLoader Loading environment from /home/runner/work/key/key/key.core/../key.ui/examples/standard_key/unicode_test.key 
150387     DEBUG main            d.u.i.k.p.i.AbstractProblemLoader Environment load took 234.2ns 
150389     INFO  main            d.u.i.k.p.i.AbstractProblemLoader Creating init config 
152826     DEBUG main            d.u.i.k.p.i.AbstractProblemLoader Init config took 2.44s 
152841     INFO  main            d.u.i.k.p.i.AbstractProblemLoader Replaying proof unicode_test.key 
152847     DEBUG main            d.u.i.k.p.i.IntermediateProofReplayer Proof replay took 11.9ns 
152949     INFO  main            d.u.i.k.p.r.p.TestFile    ... finished proof: closed. 
153226     INFO  main            d.u.i.k.p.i.AbstractProblemLoader Loading environment from /home/runner/work/key/key/key.core/../key.ui/examples/standard_key/unicode_test.key.proof 
153226     DEBUG main            d.u.i.k.p.i.AbstractProblemLoader Environment load took 115.7ns 
153227     INFO  main            d.u.i.k.p.i.AbstractProblemLoader Creating init config 
155595     DEBUG main            d.u.i.k.p.i.AbstractProblemLoader Init config took 2.37s 
155608     INFO  main            d.u.i.k.p.i.AbstractProblemLoader Replaying proof unicode_test.key.proof 
155610     DEBUG main            d.u.i.k.p.i.IntermediateProofReplayer Proof replay took 369ns 
155611     DEBUG main            d.u.i.k.p.r.p.TestFile    ... success: reloaded. 
155611     INFO  main            d.u.i.k.p.r.p.TestFile    Now processing file /home/runner/work/key/key/key.core/../key.ui/examples/heap/strictlyModular/mayExpand.key 
155612     INFO  main            d.u.i.k.p.i.AbstractProblemLoader Loading environment from /home/runner/work/key/key/key.core/../key.ui/examples/heap/strictlyModular/mayExpand.key 
155612     DEBUG main            d.u.i.k.p.i.AbstractProblemLoader Environment load took 88.4ns 
155613     INFO  main            d.u.i.k.p.i.AbstractProblemLoader Creating init config 
158119     DEBUG main            d.u.i.k.p.i.AbstractProblemLoader Init config took 2.51s 
158154     INFO  main            d.u.i.k.p.i.AbstractProblemLoader Replaying proof Modular[Modular::m()].JML operation contract.0 
158156     DEBUG main            d.u.i.k.p.i.IntermediateProofReplayer Proof replay took 8.6ns 
158258     INFO  main            d.u.i.k.p.r.p.TestFile    ... finished proof: closed. 
158532     INFO  main            d.u.i.k.p.i.AbstractProblemLoader Loading environment from /home/runner/work/key/key/key.core/../key.ui/examples/heap/strictlyModular/mayExpand.key.proof 
158532     DEBUG main            d.u.i.k.p.i.AbstractProblemLoader Environment load took 105ns 
158534     INFO  main            d.u.i.k.p.i.AbstractProblemLoader Creating init config 
160961     DEBUG main            d.u.i.k.p.i.AbstractProblemLoader Init config took 2.43s 
160997     INFO  main            d.u.i.k.p.i.AbstractProblemLoader Replaying proof Modular[Modular::m()].JML operation contract.0 
161014     DEBUG main            d.u.i.k.p.i.IntermediateProofReplayer Proof replay took 15.12ms 
161015     DEBUG main            d.u.i.k.p.r.p.TestFile    ... success: reloaded. 
161016     INFO  main            d.u.i.k.p.r.p.TestFile    Now processing file /home/runner/work/key/key/key.core/../key.ui/examples/heap/strictlyModular/modularOnly.key 
161017     INFO  main            d.u.i.k.p.i.AbstractProblemLoader Loading environment from /home/runner/work/key/key/key.core/../key.ui/examples/heap/strictlyModular/modularOnly.key 
161017     DEBUG main            d.u.i.k.p.i.AbstractProblemLoader Environment load took 202.3ns 
161018     INFO  main            d.u.i.k.p.i.AbstractProblemLoader Creating init config 
163514     DEBUG main            d.u.i.k.p.i.AbstractProblemLoader Init config took 2.5s 
163554     INFO  main            d.u.i.k.p.i.AbstractProblemLoader Replaying proof Modular[Modular::m()].JML operation contract.0 
163556     DEBUG main            d.u.i.k.p.i.IntermediateProofReplayer Proof replay took 9.1ns 
163659     INFO  main            d.u.i.k.p.r.p.TestFile    ... finished proof: open goal(s) 
1930928    INFO  Test worker     d.u.i.k.p.r.RunAllProofsTestUnit Returning from test simpleTests 
1930929    INFO  Test worker     d.u.i.k.p.r.RunAllProofsTestUnit Running test SmansEtAl 
342        INFO  Timeout watchdog d.u.i.k.p.r.p.ForkedTestFileRunner Timeout watcher launched (2000 secs.) 
348        WARN  main            d.u.i.k.s.ProofSettings   The settings in /home/runner/.key/proof-settings.props are *not* read. 
377        INFO  main            d.u.i.k.p.r.p.TestFile    Now processing file /home/runner/work/key/key/key.core/../key.ui/examples/heap/SmansEtAl/ArrayList_add.key 
491        INFO  main            d.u.i.k.p.i.AbstractProblemLoader Loading environment from /home/runner/work/key/key/key.core/../key.ui/examples/heap/SmansEtAl/ArrayList_add.key 
508        DEBUG main            d.u.i.k.p.i.AbstractProblemLoader Environment load took 1.93ms 
731        INFO  main            d.u.i.k.p.i.AbstractProblemLoader Creating init config 
1678       DEBUG main            d.u.i.k.j.TypeConverter   No LDT found for Meta 
1680       DEBUG main            d.u.i.k.j.TypeConverter   No LDT found for Meta 
1682       DEBUG main            d.u.i.k.j.TypeConverter   No LDT found for Meta 
1683       DEBUG main            d.u.i.k.j.TypeConverter   No LDT found for Meta 
3063       DEBUG main            d.u.i.k.j.TypeConverter   No LDT found for JavaBigintExpression 
8420       DEBUG main            d.u.i.k.p.i.AbstractProblemLoader Init config took 7.69s 
8593       INFO  main            d.u.i.k.p.i.AbstractProblemLoader Replaying proof ArrayList[ArrayList::add(java.lang.Object)].JML normal_behavior operation contract.0 
8630       DEBUG main            d.u.i.k.p.i.IntermediateProofReplayer Proof replay took 35ns 
16247      INFO  main            d.u.i.k.p.r.p.TestFile    ... finished proof: closed. 
16452      INFO  main            d.u.i.k.p.i.AbstractProblemLoader Loading environment from /home/runner/work/key/key/key.core/../key.ui/examples/heap/SmansEtAl/ArrayList_add.key.proof 
16452      DEBUG main            d.u.i.k.p.i.AbstractProblemLoader Environment load took 222.1ns 
16456      INFO  main            d.u.i.k.p.i.AbstractProblemLoader Creating init config 
19482      DEBUG main            d.u.i.k.p.i.AbstractProblemLoader Init config took 3.03s 
19556      INFO  main            d.u.i.k.p.i.AbstractProblemLoader Replaying proof ArrayList[ArrayList::add(java.lang.Object)].JML normal_behavior operation contract.0 
20660      DEBUG main            d.u.i.k.p.i.IntermediateProofReplayer Proof replay took 1.07s 
20670      DEBUG main            d.u.i.k.p.r.p.TestFile    ... success: reloaded. 
20672      INFO  main            d.u.i.k.p.r.p.TestFile    Now processing file /home/runner/work/key/key/key.core/../key.ui/examples/heap/SmansEtAl/ArrayList_ArrayList.key 
20673      INFO  main            d.u.i.k.p.i.AbstractProblemLoader Loading environment from /home/runner/work/key/key/key.core/../key.ui/examples/heap/SmansEtAl/ArrayList_ArrayList.key 
20673      DEBUG main            d.u.i.k.p.i.AbstractProblemLoader Environment load took 253.7ns 
20675      INFO  main            d.u.i.k.p.i.AbstractProblemLoader Creating init config 
23495      DEBUG main            d.u.i.k.p.i.AbstractProblemLoader Init config took 2.82s 
23564      INFO  main            d.u.i.k.p.i.AbstractProblemLoader Replaying proof ArrayList[ArrayList::ArrayList()].JML normal_behavior operation contract.0 
23570      DEBUG main            d.u.i.k.p.i.IntermediateProofReplayer Proof replay took 6.2ns 
24575      INFO  main            d.u.i.k.p.r.p.TestFile    ... finished proof: closed. 
24720      INFO  main            d.u.i.k.p.i.AbstractProblemLoader Loading environment from /home/runner/work/key/key/key.core/../key.ui/examples/heap/SmansEtAl/ArrayList_ArrayList.key.proof 
24720      DEBUG main            d.u.i.k.p.i.AbstractProblemLoader Environment load took 520.71ns 
24722      INFO  main            d.u.i.k.p.i.AbstractProblemLoader Creating init config 
27443      DEBUG main            d.u.i.k.p.i.AbstractProblemLoader Init config took 2.72s 
27490      INFO  main            d.u.i.k.p.i.AbstractProblemLoader Replaying proof ArrayList[ArrayList::ArrayList()].JML normal_behavior operation contract.0 
27656      DEBUG main            d.u.i.k.p.i.IntermediateProofReplayer Proof replay took 157.6ms 
27658      DEBUG main            d.u.i.k.p.r.p.TestFile    ... success: reloaded. 
27659      INFO  main            d.u.i.k.p.r.p.TestFile    Now processing file /home/runner/work/key/key/key.core/../key.ui/examples/heap/SmansEtAl/ArrayList_footprint.key 
27660      INFO  main            d.u.i.k.p.i.AbstractProblemLoader Loading environment from /home/runner/work/key/key/key.core/../key.ui/examples/heap/SmansEtAl/ArrayList_footprint.key 
27660      DEBUG main            d.u.i.k.p.i.AbstractProblemLoader Environment load took 265.1ns 
27661      INFO  main            d.u.i.k.p.i.AbstractProblemLoader Creating init config 
30375      DEBUG main            d.u.i.k.p.i.AbstractProblemLoader Init config took 2.71s 
30425      INFO  main            d.u.i.k.p.i.AbstractProblemLoader Replaying proof ArrayList[ArrayList::$footprint()].JML accessible clause.0 
30427      DEBUG main            d.u.i.k.p.i.IntermediateProofReplayer Proof replay took 6.8ns 
30529      INFO  main            d.u.i.k.p.r.p.TestFile    ... finished proof: closed. 
30694      INFO  main            d.u.i.k.p.i.AbstractProblemLoader Loading environment from /home/runner/work/key/key/key.core/../key.ui/examples/heap/SmansEtAl/ArrayList_footprint.key.proof 
30694      DEBUG main            d.u.i.k.p.i.AbstractProblemLoader Environment load took 127.6ns 
30695      INFO  main            d.u.i.k.p.i.AbstractProblemLoader Creating init config 
33330      DEBUG main            d.u.i.k.p.i.AbstractProblemLoader Init config took 2.63s 
33386      INFO  main            d.u.i.k.p.i.AbstractProblemLoader Replaying proof ArrayList[ArrayList::$footprint()].JML accessible clause.0 
33398      DEBUG main            d.u.i.k.p.i.IntermediateProofReplayer Proof replay took 9.54ms 
33400      DEBUG main            d.u.i.k.p.r.p.TestFile    ... success: reloaded. 
33413      INFO  main            d.u.i.k.p.r.p.TestFile    Now processing file /home/runner/work/key/key/key.core/../key.ui/examples/heap/SmansEtAl/ArrayList_get_dep.key 
33414      INFO  main            d.u.i.k.p.i.AbstractProblemLoader Loading environment from /home/runner/work/key/key/key.core/../key.ui/examples/heap/SmansEtAl/ArrayList_get_dep.key 
33414      DEBUG main            d.u.i.k.p.i.AbstractProblemLoader Environment load took 321.2ns 
33415      INFO  main            d.u.i.k.p.i.AbstractProblemLoader Creating init config 
36110      DEBUG main            d.u.i.k.p.i.AbstractProblemLoader Init config took 2.69s 
36155      INFO  main            d.u.i.k.p.i.AbstractProblemLoader Replaying proof ArrayList[ArrayList::get(int)].JML accessible clause.0 
36157      DEBUG main            d.u.i.k.p.i.IntermediateProofReplayer Proof replay took 8.1ns 
36461      INFO  main            d.u.i.k.p.r.p.TestFile    ... finished proof: closed. 
36638      INFO  main            d.u.i.k.p.i.AbstractProblemLoader Loading environment from /home/runner/work/key/key/key.core/../key.ui/examples/heap/SmansEtAl/ArrayList_get_dep.key.proof 
36639      DEBUG main            d.u.i.k.p.i.AbstractProblemLoader Environment load took 478.9ns 
36640      INFO  main            d.u.i.k.p.i.AbstractProblemLoader Creating init config 
39357      DEBUG main            d.u.i.k.p.i.AbstractProblemLoader Init config took 2.72s 
39402      INFO  main            d.u.i.k.p.i.AbstractProblemLoader Replaying proof ArrayList[ArrayList::get(int)].JML accessible clause.0 
39462      DEBUG main            d.u.i.k.p.i.IntermediateProofReplayer Proof replay took 56.23ms 
39463      DEBUG main            d.u.i.k.p.r.p.TestFile    ... success: reloaded. 
39465      INFO  main            d.u.i.k.p.r.p.TestFile    Now processing file /home/runner/work/key/key/key.core/../key.ui/examples/heap/SmansEtAl/ArrayList_get.key 
39465      INFO  main            d.u.i.k.p.i.AbstractProblemLoader Loading environment from /home/runner/work/key/key/key.core/../key.ui/examples/heap/SmansEtAl/ArrayList_get.key 
39465      DEBUG main            d.u.i.k.p.i.AbstractProblemLoader Environment load took 213.4ns 
39466      INFO  main            d.u.i.k.p.i.AbstractProblemLoader Creating init config 
42159      DEBUG main            d.u.i.k.p.i.AbstractProblemLoader Init config took 2.69s 
42218      INFO  main            d.u.i.k.p.i.AbstractProblemLoader Replaying proof ArrayList[ArrayList::get(int)].JML normal_behavior operation contract.0 
42220      DEBUG main            d.u.i.k.p.i.IntermediateProofReplayer Proof replay took 18.9ns 
42423      INFO  main            d.u.i.k.p.r.p.TestFile    ... finished proof: closed. 
42618      INFO  main            d.u.i.k.p.i.AbstractProblemLoader Loading environment from /home/runner/work/key/key/key.core/../key.ui/examples/heap/SmansEtAl/ArrayList_get.key.proof 
42618      DEBUG main            d.u.i.k.p.i.AbstractProblemLoader Environment load took 139.8ns 
42619      INFO  main            d.u.i.k.p.i.AbstractProblemLoader Creating init config 
45327      DEBUG main            d.u.i.k.p.i.AbstractProblemLoader Init config took 2.71s 
45371      INFO  main            d.u.i.k.p.i.AbstractProblemLoader Replaying proof ArrayList[ArrayList::get(int)].JML normal_behavior operation contract.0 
45404      DEBUG main            d.u.i.k.p.i.IntermediateProofReplayer Proof replay took 30.54ms 
45405      DEBUG main            d.u.i.k.p.r.p.TestFile    ... success: reloaded. 
45406      INFO  main            d.u.i.k.p.r.p.TestFile    Now processing file /home/runner/work/key/key/key.core/../key.ui/examples/heap/SmansEtAl/ArrayList_inv.key 
45407      INFO  main            d.u.i.k.p.i.AbstractProblemLoader Loading environment from /home/runner/work/key/key/key.core/../key.ui/examples/heap/SmansEtAl/ArrayList_inv.key 
45407      DEBUG main            d.u.i.k.p.i.AbstractProblemLoader Environment load took 128.9ns 
45408      INFO  main            d.u.i.k.p.i.AbstractProblemLoader Creating init config 
48087      DEBUG main            d.u.i.k.p.i.AbstractProblemLoader Init config took 2.68s 
48130      INFO  main            d.u.i.k.p.i.AbstractProblemLoader Replaying proof ArrayList[java.lang.Object::<inv>()].JML accessible clause.0 
48131      DEBUG main            d.u.i.k.p.i.IntermediateProofReplayer Proof replay took 7ns 
48237      INFO  main            d.u.i.k.p.r.p.TestFile    ... finished proof: closed. 
48401      INFO  main            d.u.i.k.p.i.AbstractProblemLoader Loading environment from /home/runner/work/key/key/key.core/../key.ui/examples/heap/SmansEtAl/ArrayList_inv.key.proof 
48402      DEBUG main            d.u.i.k.p.i.AbstractProblemLoader Environment load took 138.7ns 
48402      INFO  main            d.u.i.k.p.i.AbstractProblemLoader Creating init config 
51021      DEBUG main            d.u.i.k.p.i.AbstractProblemLoader Init config took 2.62s 
51064      INFO  main            d.u.i.k.p.i.AbstractProblemLoader Replaying proof ArrayList[java.lang.Object::<inv>()].JML accessible clause.0 
51076      DEBUG main            d.u.i.k.p.i.IntermediateProofReplayer Proof replay took 9.83ms 
51077      DEBUG main            d.u.i.k.p.r.p.TestFile    ... success: reloaded. 
51078      INFO  main            d.u.i.k.p.r.p.TestFile    Now processing file /home/runner/work/key/key/key.core/../key.ui/examples/heap/SmansEtAl/ArrayList_size_dep.key 
51078      INFO  main            d.u.i.k.p.i.AbstractProblemLoader Loading environment from /home/runner/work/key/key/key.core/../key.ui/examples/heap/SmansEtAl/ArrayList_size_dep.key 
51079      DEBUG main            d.u.i.k.p.i.AbstractProblemLoader Environment load took 101ns 
51079      INFO  main            d.u.i.k.p.i.AbstractProblemLoader Creating init config 
53724      DEBUG main            d.u.i.k.p.i.AbstractProblemLoader Init config took 2.64s 
53780      INFO  main            d.u.i.k.p.i.AbstractProblemLoader Replaying proof ArrayList[ArrayList::size()].JML accessible clause.0 
53782      DEBUG main            d.u.i.k.p.i.IntermediateProofReplayer Proof replay took 7.8ns 
53884      INFO  main            d.u.i.k.p.r.p.TestFile    ... finished proof: closed. 
54084      INFO  main            d.u.i.k.p.i.AbstractProblemLoader Loading environment from /home/runner/work/key/key/key.core/../key.ui/examples/heap/SmansEtAl/ArrayList_size_dep.key.proof 
54084      DEBUG main            d.u.i.k.p.i.AbstractProblemLoader Environment load took 134.8ns 
54086      INFO  main            d.u.i.k.p.i.AbstractProblemLoader Creating init config 
56675      DEBUG main            d.u.i.k.p.i.AbstractProblemLoader Init config took 2.59s 
56715      INFO  main            d.u.i.k.p.i.AbstractProblemLoader Replaying proof ArrayList[ArrayList::size()].JML accessible clause.0 
56733      DEBUG main            d.u.i.k.p.i.IntermediateProofReplayer Proof replay took 15.92ms 
56734      DEBUG main            d.u.i.k.p.r.p.TestFile    ... success: reloaded. 
56735      INFO  main            d.u.i.k.p.r.p.TestFile    Now processing file /home/runner/work/key/key/key.core/../key.ui/examples/heap/SmansEtAl/ArrayList_size.key 
56736      INFO  main            d.u.i.k.p.i.AbstractProblemLoader Loading environment from /home/runner/work/key/key/key.core/../key.ui/examples/heap/SmansEtAl/ArrayList_size.key 
56736      DEBUG main            d.u.i.k.p.i.AbstractProblemLoader Environment load took 230.2ns 
56737      INFO  main            d.u.i.k.p.i.AbstractProblemLoader Creating init config 
59398      DEBUG main            d.u.i.k.p.i.AbstractProblemLoader Init config took 2.66s 
59438      INFO  main            d.u.i.k.p.i.AbstractProblemLoader Replaying proof ArrayList[ArrayList::size()].JML normal_behavior operation contract.0 
59440      DEBUG main            d.u.i.k.p.i.IntermediateProofReplayer Proof replay took 7.5ns 
59554      INFO  main            d.u.i.k.p.r.p.TestFile    ... finished proof: closed. 
59735      INFO  main            d.u.i.k.p.i.AbstractProblemLoader Loading environment from /home/runner/work/key/key/key.core/../key.ui/examples/heap/SmansEtAl/ArrayList_size.key.proof 
59735      DEBUG main            d.u.i.k.p.i.AbstractProblemLoader Environment load took 124.2ns 
59736      INFO  main            d.u.i.k.p.i.AbstractProblemLoader Creating init config 
62313      DEBUG main            d.u.i.k.p.i.AbstractProblemLoader Init config took 2.58s 
62355      INFO  main            d.u.i.k.p.i.AbstractProblemLoader Replaying proof ArrayList[ArrayList::size()].JML normal_behavior operation contract.0 
62371      DEBUG main            d.u.i.k.p.i.IntermediateProofReplayer Proof replay took 14.17ms 
62372      DEBUG main            d.u.i.k.p.r.p.TestFile    ... success: reloaded. 
62374      INFO  main            d.u.i.k.p.r.p.TestFile    Now processing file /home/runner/work/key/key/key.core/../key.ui/examples/heap/SmansEtAl/Cell_Cell.key 
62374      INFO  main            d.u.i.k.p.i.AbstractProblemLoader Loading environment from /home/runner/work/key/key/key.core/../key.ui/examples/heap/SmansEtAl/Cell_Cell.key 
62374      DEBUG main            d.u.i.k.p.i.AbstractProblemLoader Environment load took 215.9ns 
62375      INFO  main            d.u.i.k.p.i.AbstractProblemLoader Creating init config 
64989      DEBUG main            d.u.i.k.p.i.AbstractProblemLoader Init config took 2.61s 
65026      INFO  main            d.u.i.k.p.i.AbstractProblemLoader Replaying proof Cell[Cell::Cell()].JML normal_behavior operation contract.0 
65028      DEBUG main            d.u.i.k.p.i.IntermediateProofReplayer Proof replay took 7.8ns 
65230      INFO  main            d.u.i.k.p.r.p.TestFile    ... finished proof: closed. 
65420      INFO  main            d.u.i.k.p.i.AbstractProblemLoader Loading environment from /home/runner/work/key/key/key.core/../key.ui/examples/heap/SmansEtAl/Cell_Cell.key.proof 
65420      DEBUG main            d.u.i.k.p.i.AbstractProblemLoader Environment load took 124.5ns 
65421      INFO  main            d.u.i.k.p.i.AbstractProblemLoader Creating init config 
67993      DEBUG main            d.u.i.k.p.i.AbstractProblemLoader Init config took 2.57s 
68030      INFO  main            d.u.i.k.p.i.AbstractProblemLoader Replaying proof Cell[Cell::Cell()].JML normal_behavior operation contract.0 
68072      DEBUG main            d.u.i.k.p.i.IntermediateProofReplayer Proof replay took 39.75ms 
68073      DEBUG main            d.u.i.k.p.r.p.TestFile    ... success: reloaded. 
68075      INFO  main            d.u.i.k.p.r.p.TestFile    Now processing file /home/runner/work/key/key/key.core/../key.ui/examples/heap/SmansEtAl/Cell_footprint.key 
68075      INFO  main            d.u.i.k.p.i.AbstractProblemLoader Loading environment from /home/runner/work/key/key/key.core/../key.ui/examples/heap/SmansEtAl/Cell_footprint.key 
68075      DEBUG main            d.u.i.k.p.i.AbstractProblemLoader Environment load took 100.5ns 
68076      INFO  main            d.u.i.k.p.i.AbstractProblemLoader Creating init config 
70693      DEBUG main            d.u.i.k.p.i.AbstractProblemLoader Init config took 2.62s 
70730      INFO  main            d.u.i.k.p.i.AbstractProblemLoader Replaying proof Cell[Cell::$footprint()].JML accessible clause.0 
70732      DEBUG main            d.u.i.k.p.i.IntermediateProofReplayer Proof replay took 7.3ns 
70842      INFO  main            d.u.i.k.p.r.p.TestFile    ... finished proof: closed. 
71034      INFO  main            d.u.i.k.p.i.AbstractProblemLoader Loading environment from /home/runner/work/key/key/key.core/../key.ui/examples/heap/SmansEtAl/Cell_footprint.key.proof 
71034      DEBUG main            d.u.i.k.p.i.AbstractProblemLoader Environment load took 122.7ns 
71036      INFO  main            d.u.i.k.p.i.AbstractProblemLoader Creating init config 
73617      DEBUG main            d.u.i.k.p.i.AbstractProblemLoader Init config took 2.58s 
73666      INFO  main            d.u.i.k.p.i.AbstractProblemLoader Replaying proof Cell[Cell::$footprint()].JML accessible clause.0 
73671      DEBUG main            d.u.i.k.p.i.IntermediateProofReplayer Proof replay took 3.56ms 
73672      DEBUG main            d.u.i.k.p.r.p.TestFile    ... success: reloaded. 
73673      INFO  main            d.u.i.k.p.r.p.TestFile    Now processing file /home/runner/work/key/key/key.core/../key.ui/examples/heap/SmansEtAl/Cell_getX_dep.key 
73674      INFO  main            d.u.i.k.p.i.AbstractProblemLoader Loading environment from /home/runner/work/key/key/key.core/../key.ui/examples/heap/SmansEtAl/Cell_getX_dep.key 
73674      DEBUG main            d.u.i.k.p.i.AbstractProblemLoader Environment load took 219.3ns 
73676      INFO  main            d.u.i.k.p.i.AbstractProblemLoader Creating init config 
76257      DEBUG main            d.u.i.k.p.i.AbstractProblemLoader Init config took 2.58s 
76291      INFO  main            d.u.i.k.p.i.AbstractProblemLoader Replaying proof Cell[Cell::getX()].JML accessible clause.0 
76314      DEBUG main            d.u.i.k.p.i.IntermediateProofReplayer Proof replay took 8.2ns 
76418      INFO  main            d.u.i.k.p.r.p.TestFile    ... finished proof: closed. 
76615      INFO  main            d.u.i.k.p.i.AbstractProblemLoader Loading environment from /home/runner/work/key/key/key.core/../key.ui/examples/heap/SmansEtAl/Cell_getX_dep.key.proof 
76615      DEBUG main            d.u.i.k.p.i.AbstractProblemLoader Environment load took 124.1ns 
76616      INFO  main            d.u.i.k.p.i.AbstractProblemLoader Creating init config 
79163      DEBUG main            d.u.i.k.p.i.AbstractProblemLoader Init config took 2.55s 
79197      INFO  main            d.u.i.k.p.i.AbstractProblemLoader Replaying proof Cell[Cell::getX()].JML accessible clause.0 
79212      DEBUG main            d.u.i.k.p.i.IntermediateProofReplayer Proof replay took 12.69ms 
79213      DEBUG main            d.u.i.k.p.r.p.TestFile    ... success: reloaded. 
79214      INFO  main            d.u.i.k.p.r.p.TestFile    Now processing file /home/runner/work/key/key/key.core/../key.ui/examples/heap/SmansEtAl/Cell_getX.key 
79214      INFO  main            d.u.i.k.p.i.AbstractProblemLoader Loading environment from /home/runner/work/key/key/key.core/../key.ui/examples/heap/SmansEtAl/Cell_getX.key 
79214      DEBUG main            d.u.i.k.p.i.AbstractProblemLoader Environment load took 101.4ns 
79215      INFO  main            d.u.i.k.p.i.AbstractProblemLoader Creating init config 
81806      DEBUG main            d.u.i.k.p.i.AbstractProblemLoader Init config took 2.59s 
81841      INFO  main            d.u.i.k.p.i.AbstractProblemLoader Replaying proof Cell[Cell::getX()].JML normal_behavior operation contract.0 
81843      DEBUG main            d.u.i.k.p.i.IntermediateProofReplayer Proof replay took 7.6ns 
81945      INFO  main            d.u.i.k.p.r.p.TestFile    ... finished proof: closed. 
82146      INFO  main            d.u.i.k.p.i.AbstractProblemLoader Loading environment from /home/runner/work/key/key/key.core/../key.ui/examples/heap/SmansEtAl/Cell_getX.key.proof 
82146      DEBUG main            d.u.i.k.p.i.AbstractProblemLoader Environment load took 126.7ns 
82147      INFO  main            d.u.i.k.p.i.AbstractProblemLoader Creating init config 
84679      DEBUG main            d.u.i.k.p.i.AbstractProblemLoader Init config took 2.53s 
84716      INFO  main            d.u.i.k.p.i.AbstractProblemLoader Replaying proof Cell[Cell::getX()].JML normal_behavior operation contract.0 
84732      DEBUG main            d.u.i.k.p.i.IntermediateProofReplayer Proof replay took 12.88ms 
84733      DEBUG main            d.u.i.k.p.r.p.TestFile    ... success: reloaded. 
84734      INFO  main            d.u.i.k.p.r.p.TestFile    Now processing file /home/runner/work/key/key/key.core/../key.ui/examples/heap/SmansEtAl/Cell_inv.key 
84734      INFO  main            d.u.i.k.p.i.AbstractProblemLoader Loading environment from /home/runner/work/key/key/key.core/../key.ui/examples/heap/SmansEtAl/Cell_inv.key 
84734      DEBUG main            d.u.i.k.p.i.AbstractProblemLoader Environment load took 100.4ns 
84735      INFO  main            d.u.i.k.p.i.AbstractProblemLoader Creating init config 
87343      DEBUG main            d.u.i.k.p.i.AbstractProblemLoader Init config took 2.61s 
87378      INFO  main            d.u.i.k.p.i.AbstractProblemLoader Replaying proof Cell[java.lang.Object::<inv>()].JML accessible clause.0 
87379      DEBUG main            d.u.i.k.p.i.IntermediateProofReplayer Proof replay took 6.6ns 
87481      INFO  main            d.u.i.k.p.r.p.TestFile    ... finished proof: closed. 
87695      INFO  main            d.u.i.k.p.i.AbstractProblemLoader Loading environment from /home/runner/work/key/key/key.core/../key.ui/examples/heap/SmansEtAl/Cell_inv.key.proof 
87696      DEBUG main            d.u.i.k.p.i.AbstractProblemLoader Environment load took 113.6ns 
87697      INFO  main            d.u.i.k.p.i.AbstractProblemLoader Creating init config 
90278      DEBUG main            d.u.i.k.p.i.AbstractProblemLoader Init config took 2.58s 
90318      INFO  main            d.u.i.k.p.i.AbstractProblemLoader Replaying proof Cell[java.lang.Object::<inv>()].JML accessible clause.0 
90321      DEBUG main            d.u.i.k.p.i.IntermediateProofReplayer Proof replay took 1.71ms 
90322      DEBUG main            d.u.i.k.p.r.p.TestFile    ... success: reloaded. 
90323      INFO  main            d.u.i.k.p.r.p.TestFile    Now processing file /home/runner/work/key/key/key.core/../key.ui/examples/heap/SmansEtAl/Cell_setX.key 
90323      INFO  main            d.u.i.k.p.i.AbstractProblemLoader Loading environment from /home/runner/work/key/key/key.core/../key.ui/examples/heap/SmansEtAl/Cell_setX.key 
90323      DEBUG main            d.u.i.k.p.i.AbstractProblemLoader Environment load took 84.7ns 
90324      INFO  main            d.u.i.k.p.i.AbstractProblemLoader Creating init config 
92868      DEBUG main            d.u.i.k.p.i.AbstractProblemLoader Init config took 2.54s 
92903      INFO  main            d.u.i.k.p.i.AbstractProblemLoader Replaying proof Cell[Cell::setX(int)].JML normal_behavior operation contract.0 
92905      DEBUG main            d.u.i.k.p.i.IntermediateProofReplayer Proof replay took 6.1ns 
93010      INFO  main            d.u.i.k.p.r.p.TestFile    ... finished proof: closed. 
93229      INFO  main            d.u.i.k.p.i.AbstractProblemLoader Loading environment from /home/runner/work/key/key/key.core/../key.ui/examples/heap/SmansEtAl/Cell_setX.key.proof 
93229      DEBUG main            d.u.i.k.p.i.AbstractProblemLoader Environment load took 117ns 
93230      INFO  main            d.u.i.k.p.i.AbstractProblemLoader Creating init config 
95787      DEBUG main            d.u.i.k.p.i.AbstractProblemLoader Init config took 2.56s 
95822      INFO  main            d.u.i.k.p.i.AbstractProblemLoader Replaying proof Cell[Cell::setX(int)].JML normal_behavior operation contract.0 
95846      DEBUG main            d.u.i.k.p.i.IntermediateProofReplayer Proof replay took 21.27ms 
95847      DEBUG main            d.u.i.k.p.r.p.TestFile    ... success: reloaded. 
95848      INFO  main            d.u.i.k.p.r.p.TestFile    Now processing file /home/runner/work/key/key/key.core/../key.ui/examples/heap/SmansEtAl/CellClient_m.key 
95849      INFO  main            d.u.i.k.p.i.AbstractProblemLoader Loading environment from /home/runner/work/key/key/key.core/../key.ui/examples/heap/SmansEtAl/CellClient_m.key 
95849      DEBUG main            d.u.i.k.p.i.AbstractProblemLoader Environment load took 237.4ns 
95850      INFO  main            d.u.i.k.p.i.AbstractProblemLoader Creating init config 
98421      DEBUG main            d.u.i.k.p.i.AbstractProblemLoader Init config took 2.57s 
98456      INFO  main            d.u.i.k.p.i.AbstractProblemLoader Replaying proof CellClient[CellClient::m()].JML operation contract.0 
98457      DEBUG main            d.u.i.k.p.i.IntermediateProofReplayer Proof replay took 6.9ns 
99062      INFO  main            d.u.i.k.p.r.p.TestFile    ... finished proof: closed. 
99278      INFO  main            d.u.i.k.p.i.AbstractProblemLoader Loading environment from /home/runner/work/key/key/key.core/../key.ui/examples/heap/SmansEtAl/CellClient_m.key.proof 
99279      DEBUG main            d.u.i.k.p.i.AbstractProblemLoader Environment load took 122.9ns 
99280      INFO  main            d.u.i.k.p.i.AbstractProblemLoader Creating init config 
101795     DEBUG main            d.u.i.k.p.i.AbstractProblemLoader Init config took 2.52s 
101830     INFO  main            d.u.i.k.p.i.AbstractProblemLoader Replaying proof CellClient[CellClient::m()].JML operation contract.0 
101935     DEBUG main            d.u.i.k.p.i.IntermediateProofReplayer Proof replay took 101.08ms 
101936     DEBUG main            d.u.i.k.p.r.p.TestFile    ... success: reloaded. 
101937     INFO  main            d.u.i.k.p.r.p.TestFile    Now processing file /home/runner/work/key/key/key.core/../key.ui/examples/heap/SmansEtAl/Iterator_footprint.key 
101938     INFO  main            d.u.i.k.p.i.AbstractProblemLoader Loading environment from /home/runner/work/key/key/key.core/../key.ui/examples/heap/SmansEtAl/Iterator_footprint.key 
101938     DEBUG main            d.u.i.k.p.i.AbstractProblemLoader Environment load took 102.4ns 
101939     INFO  main            d.u.i.k.p.i.AbstractProblemLoader Creating init config 
104578     DEBUG main            d.u.i.k.p.i.AbstractProblemLoader Init config took 2.64s 
104616     INFO  main            d.u.i.k.p.i.AbstractProblemLoader Replaying proof Iterator[Iterator::$footprint()].JML accessible clause.0 
104618     DEBUG main            d.u.i.k.p.i.IntermediateProofReplayer Proof replay took 7.2ns 
104721     INFO  main            d.u.i.k.p.r.p.TestFile    ... finished proof: closed. 
104949     INFO  main            d.u.i.k.p.i.AbstractProblemLoader Loading environment from /home/runner/work/key/key/key.core/../key.ui/examples/heap/SmansEtAl/Iterator_footprint.key.proof 
104949     DEBUG main            d.u.i.k.p.i.AbstractProblemLoader Environment load took 121.8ns 
104950     INFO  main            d.u.i.k.p.i.AbstractProblemLoader Creating init config 
107470     DEBUG main            d.u.i.k.p.i.AbstractProblemLoader Init config took 2.52s 
107508     INFO  main            d.u.i.k.p.i.AbstractProblemLoader Replaying proof Iterator[Iterator::$footprint()].JML accessible clause.0 
107522     DEBUG main            d.u.i.k.p.i.IntermediateProofReplayer Proof replay took 8.95ms 
107524     DEBUG main            d.u.i.k.p.r.p.TestFile    ... success: reloaded. 
107525     INFO  main            d.u.i.k.p.r.p.TestFile    Now processing file /home/runner/work/key/key/key.core/../key.ui/examples/heap/SmansEtAl/Iterator_hasNext_dep.key 
107526     INFO  main            d.u.i.k.p.i.AbstractProblemLoader Loading environment from /home/runner/work/key/key/key.core/../key.ui/examples/heap/SmansEtAl/Iterator_hasNext_dep.key 
107526     DEBUG main            d.u.i.k.p.i.AbstractProblemLoader Environment load took 128.3ns 
107531     INFO  main            d.u.i.k.p.i.AbstractProblemLoader Creating init config 
110122     DEBUG main            d.u.i.k.p.i.AbstractProblemLoader Init config took 2.59s 
110159     INFO  main            d.u.i.k.p.i.AbstractProblemLoader Replaying proof Iterator[Iterator::hasNext()].JML accessible clause.0 
110161     DEBUG main            d.u.i.k.p.i.IntermediateProofReplayer Proof replay took 6.9ns 
110768     INFO  main            d.u.i.k.p.r.p.TestFile    ... finished proof: closed. 
111042     INFO  main            d.u.i.k.p.i.AbstractProblemLoader Loading environment from /home/runner/work/key/key/key.core/../key.ui/examples/heap/SmansEtAl/Iterator_hasNext_dep.key.proof 
111042     DEBUG main            d.u.i.k.p.i.AbstractProblemLoader Environment load took 612.01ns 
111044     INFO  main            d.u.i.k.p.i.AbstractProblemLoader Creating init config 
113559     DEBUG main            d.u.i.k.p.i.AbstractProblemLoader Init config took 2.52s 
113596     INFO  main            d.u.i.k.p.i.AbstractProblemLoader Replaying proof Iterator[Iterator::hasNext()].JML accessible clause.0 
113687     DEBUG main            d.u.i.k.p.i.IntermediateProofReplayer Proof replay took 85.35ms 
113688     DEBUG main            d.u.i.k.p.r.p.TestFile    ... success: reloaded. 
113689     INFO  main            d.u.i.k.p.r.p.TestFile    Now processing file /home/runner/work/key/key/key.core/../key.ui/examples/heap/SmansEtAl/Iterator_hasNext.key 
113689     INFO  main            d.u.i.k.p.i.AbstractProblemLoader Loading environment from /home/runner/work/key/key/key.core/../key.ui/examples/heap/SmansEtAl/Iterator_hasNext.key 
113689     DEBUG main            d.u.i.k.p.i.AbstractProblemLoader Environment load took 161.1ns 
113690     INFO  main            d.u.i.k.p.i.AbstractProblemLoader Creating init config 
116326     DEBUG main            d.u.i.k.p.i.AbstractProblemLoader Init config took 2.64s 
116364     INFO  main            d.u.i.k.p.i.AbstractProblemLoader Replaying proof Iterator[Iterator::hasNext()].JML normal_behavior operation contract.0 
116366     DEBUG main            d.u.i.k.p.i.IntermediateProofReplayer Proof replay took 6.6ns 
116871     INFO  main            d.u.i.k.p.r.p.TestFile    ... finished proof: closed. 
117121     INFO  main            d.u.i.k.p.i.AbstractProblemLoader Loading environment from /home/runner/work/key/key/key.core/../key.ui/examples/heap/SmansEtAl/Iterator_hasNext.key.proof 
117121     DEBUG main            d.u.i.k.p.i.AbstractProblemLoader Environment load took 446.91ns 
117122     INFO  main            d.u.i.k.p.i.AbstractProblemLoader Creating init config 
119647     DEBUG main            d.u.i.k.p.i.AbstractProblemLoader Init config took 2.52s 
119693     INFO  main            d.u.i.k.p.i.AbstractProblemLoader Replaying proof Iterator[Iterator::hasNext()].JML normal_behavior operation contract.0 
119799     DEBUG main            d.u.i.k.p.i.IntermediateProofReplayer Proof replay took 100.67ms 
119800     DEBUG main            d.u.i.k.p.r.p.TestFile    ... success: reloaded. 
119801     INFO  main            d.u.i.k.p.r.p.TestFile    Now processing file /home/runner/work/key/key/key.core/../key.ui/examples/heap/SmansEtAl/Iterator_inv.key 
119802     INFO  main            d.u.i.k.p.i.AbstractProblemLoader Loading environment from /home/runner/work/key/key/key.core/../key.ui/examples/heap/SmansEtAl/Iterator_inv.key 
119802     DEBUG main            d.u.i.k.p.i.AbstractProblemLoader Environment load took 100.4ns 
119803     INFO  main            d.u.i.k.p.i.AbstractProblemLoader Creating init config 
122426     DEBUG main            d.u.i.k.p.i.AbstractProblemLoader Init config took 2.62s 
122463     INFO  main            d.u.i.k.p.i.AbstractProblemLoader Replaying proof Iterator[java.lang.Object::<inv>()].JML accessible clause.0 
122465     DEBUG main            d.u.i.k.p.i.IntermediateProofReplayer Proof replay took 7ns 
122669     INFO  main            d.u.i.k.p.r.p.TestFile    ... finished proof: closed. 
122922     INFO  main            d.u.i.k.p.i.AbstractProblemLoader Loading environment from /home/runner/work/key/key/key.core/../key.ui/examples/heap/SmansEtAl/Iterator_inv.key.proof 
122922     DEBUG main            d.u.i.k.p.i.AbstractProblemLoader Environment load took 115.5ns 
122923     INFO  main            d.u.i.k.p.i.AbstractProblemLoader Creating init config 
125446     DEBUG main            d.u.i.k.p.i.AbstractProblemLoader Init config took 2.52s 
125482     INFO  main            d.u.i.k.p.i.AbstractProblemLoader Replaying proof Iterator[java.lang.Object::<inv>()].JML accessible clause.0 
125509     DEBUG main            d.u.i.k.p.i.IntermediateProofReplayer Proof replay took 23.51ms 
125510     DEBUG main            d.u.i.k.p.r.p.TestFile    ... success: reloaded. 
125511     INFO  main            d.u.i.k.p.r.p.TestFile    Now processing file /home/runner/work/key/key/key.core/../key.ui/examples/heap/SmansEtAl/Iterator_Iterator.key 
125511     INFO  main            d.u.i.k.p.i.AbstractProblemLoader Loading environment from /home/runner/work/key/key/key.core/../key.ui/examples/heap/SmansEtAl/Iterator_Iterator.key 
125511     DEBUG main            d.u.i.k.p.i.AbstractProblemLoader Environment load took 94.9ns 
125512     INFO  main            d.u.i.k.p.i.AbstractProblemLoader Creating init config 
128133     DEBUG main            d.u.i.k.p.i.AbstractProblemLoader Init config took 2.62s 
128170     INFO  main            d.u.i.k.p.i.AbstractProblemLoader Replaying proof Iterator[Iterator::Iterator(ArrayList)].JML normal_behavior operation contract.0 
128172     DEBUG main            d.u.i.k.p.i.IntermediateProofReplayer Proof replay took 7.7ns 
129580     INFO  main            d.u.i.k.p.r.p.TestFile    ... finished proof: closed. 
129852     INFO  main            d.u.i.k.p.i.AbstractProblemLoader Loading environment from /home/runner/work/key/key/key.core/../key.ui/examples/heap/SmansEtAl/Iterator_Iterator.key.proof 
129852     DEBUG main            d.u.i.k.p.i.AbstractProblemLoader Environment load took 458.01ns 
129854     INFO  main            d.u.i.k.p.i.AbstractProblemLoader Creating init config 
132372     DEBUG main            d.u.i.k.p.i.AbstractProblemLoader Init config took 2.52s 
132409     INFO  main            d.u.i.k.p.i.AbstractProblemLoader Replaying proof Iterator[Iterator::Iterator(ArrayList)].JML normal_behavior operation contract.0 
132595     DEBUG main            d.u.i.k.p.i.IntermediateProofReplayer Proof replay took 173.47ms 
132597     DEBUG main            d.u.i.k.p.r.p.TestFile    ... success: reloaded. 
132598     INFO  main            d.u.i.k.p.r.p.TestFile    Now processing file /home/runner/work/key/key/key.core/../key.ui/examples/heap/SmansEtAl/Iterator_list_dep.key 
132599     INFO  main            d.u.i.k.p.i.AbstractProblemLoader Loading environment from /home/runner/work/key/key/key.core/../key.ui/examples/heap/SmansEtAl/Iterator_list_dep.key 
132599     DEBUG main            d.u.i.k.p.i.AbstractProblemLoader Environment load took 200.9ns 
132600     INFO  main            d.u.i.k.p.i.AbstractProblemLoader Creating init config 
135209     DEBUG main            d.u.i.k.p.i.AbstractProblemLoader Init config took 2.61s 
135246     INFO  main            d.u.i.k.p.i.AbstractProblemLoader Replaying proof Iterator[Iterator::list()].JML accessible clause.0 
135247     DEBUG main            d.u.i.k.p.i.IntermediateProofReplayer Proof replay took 7.3ns 
135350     INFO  main            d.u.i.k.p.r.p.TestFile    ... finished proof: closed. 
135613     INFO  main            d.u.i.k.p.i.AbstractProblemLoader Loading environment from /home/runner/work/key/key/key.core/../key.ui/examples/heap/SmansEtAl/Iterator_list_dep.key.proof 
135613     DEBUG main            d.u.i.k.p.i.AbstractProblemLoader Environment load took 113.7ns 
135614     INFO  main            d.u.i.k.p.i.AbstractProblemLoader Creating init config 
138162     DEBUG main            d.u.i.k.p.i.AbstractProblemLoader Init config took 2.55s 
138197     INFO  main            d.u.i.k.p.i.AbstractProblemLoader Replaying proof Iterator[Iterator::list()].JML accessible clause.0 
138218     DEBUG main            d.u.i.k.p.i.IntermediateProofReplayer Proof replay took 17.93ms 
138219     DEBUG main            d.u.i.k.p.r.p.TestFile    ... success: reloaded. 
138220     INFO  main            d.u.i.k.p.r.p.TestFile    Now processing file /home/runner/work/key/key/key.core/../key.ui/examples/heap/SmansEtAl/Iterator_list.key 
138220     INFO  main            d.u.i.k.p.i.AbstractProblemLoader Loading environment from /home/runner/work/key/key/key.core/../key.ui/examples/heap/SmansEtAl/Iterator_list.key 
138220     DEBUG main            d.u.i.k.p.i.AbstractProblemLoader Environment load took 86.2ns 
138221     INFO  main            d.u.i.k.p.i.AbstractProblemLoader Creating init config 
140796     DEBUG main            d.u.i.k.p.i.AbstractProblemLoader Init config took 2.58s 
140832     INFO  main            d.u.i.k.p.i.AbstractProblemLoader Replaying proof Iterator[Iterator::list()].JML normal_behavior operation contract.0 
140835     DEBUG main            d.u.i.k.p.i.IntermediateProofReplayer Proof replay took 7.7ns 
140938     INFO  main            d.u.i.k.p.r.p.TestFile    ... finished proof: closed. 
141202     INFO  main            d.u.i.k.p.i.AbstractProblemLoader Loading environment from /home/runner/work/key/key/key.core/../key.ui/examples/heap/SmansEtAl/Iterator_list.key.proof 
141202     DEBUG main            d.u.i.k.p.i.AbstractProblemLoader Environment load took 115.9ns 
141203     INFO  main            d.u.i.k.p.i.AbstractProblemLoader Creating init config 
143708     DEBUG main            d.u.i.k.p.i.AbstractProblemLoader Init config took 2.51s 
143745     INFO  main            d.u.i.k.p.i.AbstractProblemLoader Replaying proof Iterator[Iterator::list()].JML normal_behavior operation contract.0 
143761     DEBUG main            d.u.i.k.p.i.IntermediateProofReplayer Proof replay took 14.38ms 
143762     DEBUG main            d.u.i.k.p.r.p.TestFile    ... success: reloaded. 
143763     INFO  main            d.u.i.k.p.r.p.TestFile    Now processing file /home/runner/work/key/key/key.core/../key.ui/examples/heap/SmansEtAl/Iterator_next.key 
143764     INFO  main            d.u.i.k.p.i.AbstractProblemLoader Loading environment from /home/runner/work/key/key/key.core/../key.ui/examples/heap/SmansEtAl/Iterator_next.key 
143764     DEBUG main            d.u.i.k.p.i.AbstractProblemLoader Environment load took 100.4ns 
143765     INFO  main            d.u.i.k.p.i.AbstractProblemLoader Creating init config 
146359     DEBUG main            d.u.i.k.p.i.AbstractProblemLoader Init config took 2.59s 
146395     INFO  main            d.u.i.k.p.i.AbstractProblemLoader Replaying proof Iterator[Iterator::next()].JML normal_behavior operation contract.0 
146397     DEBUG main            d.u.i.k.p.i.IntermediateProofReplayer Proof replay took 7.6ns 
149222     INFO  main            d.u.i.k.p.r.p.TestFile    ... finished proof: closed. 
149524     INFO  main            d.u.i.k.p.i.AbstractProblemLoader Loading environment from /home/runner/work/key/key/key.core/../key.ui/examples/heap/SmansEtAl/Iterator_next.key.proof 
149525     DEBUG main            d.u.i.k.p.i.AbstractProblemLoader Environment load took 222.1ns 
149527     INFO  main            d.u.i.k.p.i.AbstractProblemLoader Creating init config 
152034     DEBUG main            d.u.i.k.p.i.AbstractProblemLoader Init config took 2.51s 
152070     INFO  main            d.u.i.k.p.i.AbstractProblemLoader Replaying proof Iterator[Iterator::next()].JML normal_behavior operation contract.0 
152378     DEBUG main            d.u.i.k.p.i.IntermediateProofReplayer Proof replay took 290.12ms 
152380     DEBUG main            d.u.i.k.p.r.p.TestFile    ... success: reloaded. 
152381     INFO  main            d.u.i.k.p.r.p.TestFile    Now processing file /home/runner/work/key/key/key.core/../key.ui/examples/heap/SmansEtAl/Stack_footprint.key 
152381     INFO  main            d.u.i.k.p.i.AbstractProblemLoader Loading environment from /home/runner/work/key/key/key.core/../key.ui/examples/heap/SmansEtAl/Stack_footprint.key 
152381     DEBUG main            d.u.i.k.p.i.AbstractProblemLoader Environment load took 61.9ns 
152382     INFO  main            d.u.i.k.p.i.AbstractProblemLoader Creating init config 
154967     DEBUG main            d.u.i.k.p.i.AbstractProblemLoader Init config took 2.58s 
155002     INFO  main            d.u.i.k.p.i.AbstractProblemLoader Replaying proof Stack[Stack::$footprint()].JML accessible clause.0 
155003     DEBUG main            d.u.i.k.p.i.IntermediateProofReplayer Proof replay took 7.9ns 
155206     INFO  main            d.u.i.k.p.r.p.TestFile    ... finished proof: closed. 
155476     INFO  main            d.u.i.k.p.i.AbstractProblemLoader Loading environment from /home/runner/work/key/key/key.core/../key.ui/examples/heap/SmansEtAl/Stack_footprint.key.proof 
155476     DEBUG main            d.u.i.k.p.i.AbstractProblemLoader Environment load took 121.1ns 
155477     INFO  main            d.u.i.k.p.i.AbstractProblemLoader Creating init config 
157987     DEBUG main            d.u.i.k.p.i.AbstractProblemLoader Init config took 2.51s 
158022     INFO  main            d.u.i.k.p.i.AbstractProblemLoader Replaying proof Stack[Stack::$footprint()].JML accessible clause.0 
158048     DEBUG main            d.u.i.k.p.i.IntermediateProofReplayer Proof replay took 23.52ms 
158049     DEBUG main            d.u.i.k.p.r.p.TestFile    ... success: reloaded. 
158051     INFO  main            d.u.i.k.p.r.p.TestFile    Now processing file /home/runner/work/key/key/key.core/../key.ui/examples/heap/SmansEtAl/Stack_inv.key 
158051     INFO  main            d.u.i.k.p.i.AbstractProblemLoader Loading environment from /home/runner/work/key/key/key.core/../key.ui/examples/heap/SmansEtAl/Stack_inv.key 
158051     DEBUG main            d.u.i.k.p.i.AbstractProblemLoader Environment load took 216.7ns 
158052     INFO  main            d.u.i.k.p.i.AbstractProblemLoader Creating init config 
160619     DEBUG main            d.u.i.k.p.i.AbstractProblemLoader Init config took 2.57s 
160654     INFO  main            d.u.i.k.p.i.AbstractProblemLoader Replaying proof Stack[java.lang.Object::<inv>()].JML accessible clause.0 
160655     DEBUG main            d.u.i.k.p.i.IntermediateProofReplayer Proof replay took 6.9ns 
160757     INFO  main            d.u.i.k.p.r.p.TestFile    ... finished proof: closed. 
161045     INFO  main            d.u.i.k.p.i.AbstractProblemLoader Loading environment from /home/runner/work/key/key/key.core/../key.ui/examples/heap/SmansEtAl/Stack_inv.key.proof 
161046     DEBUG main            d.u.i.k.p.i.AbstractProblemLoader Environment load took 127.6ns 
161047     INFO  main            d.u.i.k.p.i.AbstractProblemLoader Creating init config 
163528     DEBUG main            d.u.i.k.p.i.AbstractProblemLoader Init config took 2.48s 
163562     INFO  main            d.u.i.k.p.i.AbstractProblemLoader Replaying proof Stack[java.lang.Object::<inv>()].JML accessible clause.0 
163587     DEBUG main            d.u.i.k.p.i.IntermediateProofReplayer Proof replay took 22.99ms 
163588     DEBUG main            d.u.i.k.p.r.p.TestFile    ... success: reloaded. 
163589     INFO  main            d.u.i.k.p.r.p.TestFile    Now processing file /home/runner/work/key/key/key.core/../key.ui/examples/heap/SmansEtAl/Stack_push.key 
163589     INFO  main            d.u.i.k.p.i.AbstractProblemLoader Loading environment from /home/runner/work/key/key/key.core/../key.ui/examples/heap/SmansEtAl/Stack_push.key 
163590     DEBUG main            d.u.i.k.p.i.AbstractProblemLoader Environment load took 91.1ns 
163590     INFO  main            d.u.i.k.p.i.AbstractProblemLoader Creating init config 
166168     DEBUG main            d.u.i.k.p.i.AbstractProblemLoader Init config took 2.58s 
166205     INFO  main            d.u.i.k.p.i.AbstractProblemLoader Replaying proof Stack[Stack::push(java.lang.Object)].JML normal_behavior operation contract.0 
166207     DEBUG main            d.u.i.k.p.i.IntermediateProofReplayer Proof replay took 7.1ns 
166911     INFO  main            d.u.i.k.p.r.p.TestFile    ... finished proof: closed. 
167227     INFO  main            d.u.i.k.p.i.AbstractProblemLoader Loading environment from /home/runner/work/key/key/key.core/../key.ui/examples/heap/SmansEtAl/Stack_push.key.proof 
167227     DEBUG main            d.u.i.k.p.i.AbstractProblemLoader Environment load took 553.71ns 
167229     INFO  main            d.u.i.k.p.i.AbstractProblemLoader Creating init config 
169741     DEBUG main            d.u.i.k.p.i.AbstractProblemLoader Init config took 2.51s 
169776     INFO  main            d.u.i.k.p.i.AbstractProblemLoader Replaying proof Stack[Stack::push(java.lang.Object)].JML normal_behavior operation contract.0 
169908     DEBUG main            d.u.i.k.p.i.IntermediateProofReplayer Proof replay took 127.63ms 
169909     DEBUG main            d.u.i.k.p.r.p.TestFile    ... success: reloaded. 
169910     INFO  main            d.u.i.k.p.r.p.TestFile    Now processing file /home/runner/work/key/key/key.core/../key.ui/examples/heap/SmansEtAl/Stack_size.key 
169911     INFO  main            d.u.i.k.p.i.AbstractProblemLoader Loading environment from /home/runner/work/key/key/key.core/../key.ui/examples/heap/SmansEtAl/Stack_size.key 
169911     DEBUG main            d.u.i.k.p.i.AbstractProblemLoader Environment load took 176.9ns 
169912     INFO  main            d.u.i.k.p.i.AbstractProblemLoader Creating init config 
172438     DEBUG main            d.u.i.k.p.i.AbstractProblemLoader Init config took 2.53s 
172472     INFO  main            d.u.i.k.p.i.AbstractProblemLoader Replaying proof Stack[Stack::size()].JML accessible clause.0 
172474     DEBUG main            d.u.i.k.p.i.IntermediateProofReplayer Proof replay took 7.1ns 
172676     INFO  main            d.u.i.k.p.r.p.TestFile    ... finished proof: closed. 
172981     INFO  main            d.u.i.k.p.i.AbstractProblemLoader Loading environment from /home/runner/work/key/key/key.core/../key.ui/examples/heap/SmansEtAl/Stack_size.key.proof 
172982     DEBUG main            d.u.i.k.p.i.AbstractProblemLoader Environment load took 106ns 
172982     INFO  main            d.u.i.k.p.i.AbstractProblemLoader Creating init config 
175469     DEBUG main            d.u.i.k.p.i.AbstractProblemLoader Init config took 2.49s 
175504     INFO  main            d.u.i.k.p.i.AbstractProblemLoader Replaying proof Stack[Stack::size()].JML accessible clause.0 
175549     DEBUG main            d.u.i.k.p.i.IntermediateProofReplayer Proof replay took 41.82ms 
175550     DEBUG main            d.u.i.k.p.r.p.TestFile    ... success: reloaded. 
175551     INFO  main            d.u.i.k.p.r.p.TestFile    Now processing file /home/runner/work/key/key/key.core/../key.ui/examples/heap/SmansEtAl/Stack_Stack.key 
175551     INFO  main            d.u.i.k.p.i.AbstractProblemLoader Loading environment from /home/runner/work/key/key/key.core/../key.ui/examples/heap/SmansEtAl/Stack_Stack.key 
175551     DEBUG main            d.u.i.k.p.i.AbstractProblemLoader Environment load took 90.5ns 
175552     INFO  main            d.u.i.k.p.i.AbstractProblemLoader Creating init config 
178114     DEBUG main            d.u.i.k.p.i.AbstractProblemLoader Init config took 2.56s 
178150     INFO  main            d.u.i.k.p.i.AbstractProblemLoader Replaying proof Stack[Stack::Stack()].JML normal_behavior operation contract.0 
178151     DEBUG main            d.u.i.k.p.i.IntermediateProofReplayer Proof replay took 7.5ns 
179257     INFO  main            d.u.i.k.p.r.p.TestFile    ... finished proof: closed. 
179567     INFO  main            d.u.i.k.p.i.AbstractProblemLoader Loading environment from /home/runner/work/key/key/key.core/../key.ui/examples/heap/SmansEtAl/Stack_Stack.key.proof 
179568     DEBUG main            d.u.i.k.p.i.AbstractProblemLoader Environment load took 440.51ns 
179569     INFO  main            d.u.i.k.p.i.AbstractProblemLoader Creating init config 
182068     DEBUG main            d.u.i.k.p.i.AbstractProblemLoader Init config took 2.5s 
182104     INFO  main            d.u.i.k.p.i.AbstractProblemLoader Replaying proof Stack[Stack::Stack()].JML normal_behavior operation contract.0 
182290     DEBUG main            d.u.i.k.p.i.IntermediateProofReplayer Proof replay took 179.19ms 
182291     DEBUG main            d.u.i.k.p.r.p.TestFile    ... success: reloaded. 
182292     INFO  main            d.u.i.k.p.r.p.TestFile    Now processing file /home/runner/work/key/key/key.core/../key.ui/examples/heap/SmansEtAl/Stack_switchContents.key 
182293     INFO  main            d.u.i.k.p.i.AbstractProblemLoader Loading environment from /home/runner/work/key/key/key.core/../key.ui/examples/heap/SmansEtAl/Stack_switchContents.key 
182293     DEBUG main            d.u.i.k.p.i.AbstractProblemLoader Environment load took 133.8ns 
182294     INFO  main            d.u.i.k.p.i.AbstractProblemLoader Creating init config 
184836     DEBUG main            d.u.i.k.p.i.AbstractProblemLoader Init config took 2.54s 
184872     INFO  main            d.u.i.k.p.i.AbstractProblemLoader Replaying proof Stack[Stack::switchContents(Stack)].JML normal_behavior operation contract.0 
184873     DEBUG main            d.u.i.k.p.i.IntermediateProofReplayer Proof replay took 7.4ns 
189614     INFO  main            d.u.i.k.p.r.p.TestFile    ... finished proof: closed. 
189949     INFO  main            d.u.i.k.p.i.AbstractProblemLoader Loading environment from /home/runner/work/key/key/key.core/../key.ui/examples/heap/SmansEtAl/Stack_switchContents.key.proof 
189949     DEBUG main            d.u.i.k.p.i.AbstractProblemLoader Environment load took 123.4ns 
189951     INFO  main            d.u.i.k.p.i.AbstractProblemLoader Creating init config 
192454     DEBUG main            d.u.i.k.p.i.AbstractProblemLoader Init config took 2.5s 
192490     INFO  main            d.u.i.k.p.i.AbstractProblemLoader Replaying proof Stack[Stack::switchContents(Stack)].JML normal_behavior operation contract.0 
192978     DEBUG main            d.u.i.k.p.i.IntermediateProofReplayer Proof replay took 471.18ms 
192981     DEBUG main            d.u.i.k.p.r.p.TestFile    ... success: reloaded. 
2124107    INFO  Test worker     d.u.i.k.p.r.RunAllProofsTestUnit Returning from test SmansEtAl 
2124109    INFO  Test worker     d.u.i.k.p.r.RunAllProofsTestUnit Running test VACID0 
321        INFO  Timeout watchdog d.u.i.k.p.r.p.ForkedTestFileRunner Timeout watcher launched (2000 secs.) 
337        WARN  main            d.u.i.k.s.ProofSettings   The settings in /home/runner/.key/proof-settings.props are *not* read. 
367        INFO  main            d.u.i.k.p.r.p.TestFile    Now processing file /home/runner/work/key/key/key.core/../key.ui/examples/heap/vacid0_01_SparseArray/Harness_sparseArrayTestHarness1.key 
487        INFO  main            d.u.i.k.p.i.AbstractProblemLoader Loading environment from /home/runner/work/key/key/key.core/../key.ui/examples/heap/vacid0_01_SparseArray/Harness_sparseArrayTestHarness1.key 
503        DEBUG main            d.u.i.k.p.i.AbstractProblemLoader Environment load took 1.93ms 
722        INFO  main            d.u.i.k.p.i.AbstractProblemLoader Creating init config 
1717       DEBUG main            d.u.i.k.j.TypeConverter   No LDT found for Meta 
1718       DEBUG main            d.u.i.k.j.TypeConverter   No LDT found for Meta 
1721       DEBUG main            d.u.i.k.j.TypeConverter   No LDT found for Meta 
1721       DEBUG main            d.u.i.k.j.TypeConverter   No LDT found for Meta 
3410       DEBUG main            d.u.i.k.j.TypeConverter   No LDT found for JavaBigintExpression 
8353       DEBUG main            d.u.i.k.p.i.AbstractProblemLoader Init config took 7.63s 
8537       INFO  main            d.u.i.k.p.i.AbstractProblemLoader Replaying proof Harness[Harness::sparseArrayTestHarness1()].JML normal_behavior operation contract.0 
8574       DEBUG main            d.u.i.k.p.i.IntermediateProofReplayer Proof replay took 37.1ns 
10037      INFO  main            d.u.i.k.p.r.p.TestFile    ... finished proof: closed. 
10179      INFO  main            d.u.i.k.p.i.AbstractProblemLoader Loading environment from /home/runner/work/key/key/key.core/../key.ui/examples/heap/vacid0_01_SparseArray/Harness_sparseArrayTestHarness1.key.proof 
10185      DEBUG main            d.u.i.k.p.i.AbstractProblemLoader Environment load took 5.5ms 
10191      INFO  main            d.u.i.k.p.i.AbstractProblemLoader Creating init config 
13348      DEBUG main            d.u.i.k.p.i.AbstractProblemLoader Init config took 3.16s 
13410      INFO  main            d.u.i.k.p.i.AbstractProblemLoader Replaying proof Harness[Harness::sparseArrayTestHarness1()].JML normal_behavior operation contract.0 
13668      DEBUG main            d.u.i.k.p.i.IntermediateProofReplayer Proof replay took 242.7ms 
13676      DEBUG main            d.u.i.k.p.r.p.TestFile    ... success: reloaded. 
13681      INFO  main            d.u.i.k.p.r.p.TestFile    Now processing file /home/runner/work/key/key/key.core/../key.ui/examples/heap/vacid0_01_SparseArray/Harness_sparseArrayTestHarness2.key 
13681      INFO  main            d.u.i.k.p.i.AbstractProblemLoader Loading environment from /home/runner/work/key/key/key.core/../key.ui/examples/heap/vacid0_01_SparseArray/Harness_sparseArrayTestHarness2.key 
13682      DEBUG main            d.u.i.k.p.i.AbstractProblemLoader Environment load took 1.22ms 
13686      INFO  main            d.u.i.k.p.i.AbstractProblemLoader Creating init config 
16611      DEBUG main            d.u.i.k.p.i.AbstractProblemLoader Init config took 2.93s 
16683      INFO  main            d.u.i.k.p.i.AbstractProblemLoader Replaying proof Harness[Harness::sparseArrayTestHarness2()].JML normal_behavior operation contract.0 
16690      DEBUG main            d.u.i.k.p.i.IntermediateProofReplayer Proof replay took 8.2ns 
27132      INFO  main            d.u.i.k.p.r.p.TestFile    ... finished proof: closed. 
27339      INFO  main            d.u.i.k.p.i.AbstractProblemLoader Loading environment from /home/runner/work/key/key/key.core/../key.ui/examples/heap/vacid0_01_SparseArray/Harness_sparseArrayTestHarness2.key.proof 
27340      DEBUG main            d.u.i.k.p.i.AbstractProblemLoader Environment load took 235.4ns 
27349      INFO  main            d.u.i.k.p.i.AbstractProblemLoader Creating init config 
30082      DEBUG main            d.u.i.k.p.i.AbstractProblemLoader Init config took 2.73s 
30128      INFO  main            d.u.i.k.p.i.AbstractProblemLoader Replaying proof Harness[Harness::sparseArrayTestHarness2()].JML normal_behavior operation contract.0 
31282      DEBUG main            d.u.i.k.p.i.IntermediateProofReplayer Proof replay took 1.08s 
31285      DEBUG main            d.u.i.k.p.r.p.TestFile    ... success: reloaded. 
31287      INFO  main            d.u.i.k.p.r.p.TestFile    Now processing file /home/runner/work/key/key/key.core/../key.ui/examples/heap/vacid0_01_SparseArray/MemoryAllocator_alloc_unsigned.key 
31287      INFO  main            d.u.i.k.p.i.AbstractProblemLoader Loading environment from /home/runner/work/key/key/key.core/../key.ui/examples/heap/vacid0_01_SparseArray/MemoryAllocator_alloc_unsigned.key 
31288      DEBUG main            d.u.i.k.p.i.AbstractProblemLoader Environment load took 234.8ns 
31289      INFO  main            d.u.i.k.p.i.AbstractProblemLoader Creating init config 
34037      DEBUG main            d.u.i.k.p.i.AbstractProblemLoader Init config took 2.75s 
34085      INFO  main            d.u.i.k.p.i.AbstractProblemLoader Replaying proof MemoryAllocator[MemoryAllocator::alloc_unsigned(int)].JML normal_behavior operation contract.0 
34090      DEBUG main            d.u.i.k.p.i.IntermediateProofReplayer Proof replay took 7.1ns 
35000      INFO  main            d.u.i.k.p.r.p.TestFile    ... finished proof: closed. 
35184      INFO  main            d.u.i.k.p.i.AbstractProblemLoader Loading environment from /home/runner/work/key/key/key.core/../key.ui/examples/heap/vacid0_01_SparseArray/MemoryAllocator_alloc_unsigned.key.proof 
35184      DEBUG main            d.u.i.k.p.i.AbstractProblemLoader Environment load took 157ns 
35186      INFO  main            d.u.i.k.p.i.AbstractProblemLoader Creating init config 
37867      DEBUG main            d.u.i.k.p.i.AbstractProblemLoader Init config took 2.68s 
37910      INFO  main            d.u.i.k.p.i.AbstractProblemLoader Replaying proof MemoryAllocator[MemoryAllocator::alloc_unsigned(int)].JML normal_behavior operation contract.0 
38137      DEBUG main            d.u.i.k.p.i.IntermediateProofReplayer Proof replay took 220.47ms 
38138      DEBUG main            d.u.i.k.p.r.p.TestFile    ... success: reloaded. 
38140      INFO  main            d.u.i.k.p.r.p.TestFile    Now processing file /home/runner/work/key/key/key.core/../key.ui/examples/heap/vacid0_01_SparseArray/MemoryAllocator_alloc.key 
38140      INFO  main            d.u.i.k.p.i.AbstractProblemLoader Loading environment from /home/runner/work/key/key/key.core/../key.ui/examples/heap/vacid0_01_SparseArray/MemoryAllocator_alloc.key 
38141      DEBUG main            d.u.i.k.p.i.AbstractProblemLoader Environment load took 218.6ns 
38142      INFO  main            d.u.i.k.p.i.AbstractProblemLoader Creating init config 
40845      DEBUG main            d.u.i.k.p.i.AbstractProblemLoader Init config took 2.7s 
40890      INFO  main            d.u.i.k.p.i.AbstractProblemLoader Replaying proof MemoryAllocator[MemoryAllocator::alloc(int)].JML normal_behavior operation contract.0 
40892      DEBUG main            d.u.i.k.p.i.IntermediateProofReplayer Proof replay took 6.3ns 
41496      INFO  main            d.u.i.k.p.r.p.TestFile    ... finished proof: closed. 
41675      INFO  main            d.u.i.k.p.i.AbstractProblemLoader Loading environment from /home/runner/work/key/key/key.core/../key.ui/examples/heap/vacid0_01_SparseArray/MemoryAllocator_alloc.key.proof 
41675      DEBUG main            d.u.i.k.p.i.AbstractProblemLoader Environment load took 431.71ns 
41677      INFO  main            d.u.i.k.p.i.AbstractProblemLoader Creating init config 
44288      DEBUG main            d.u.i.k.p.i.AbstractProblemLoader Init config took 2.61s 
44330      INFO  main            d.u.i.k.p.i.AbstractProblemLoader Replaying proof MemoryAllocator[MemoryAllocator::alloc(int)].JML normal_behavior operation contract.0 
44463      DEBUG main            d.u.i.k.p.i.IntermediateProofReplayer Proof replay took 128.57ms 
44464      DEBUG main            d.u.i.k.p.r.p.TestFile    ... success: reloaded. 
44465      INFO  main            d.u.i.k.p.r.p.TestFile    Now processing file /home/runner/work/key/key/key.core/../key.ui/examples/heap/vacid0_01_SparseArray/SparseArray_get_dep.key 
44465      INFO  main            d.u.i.k.p.i.AbstractProblemLoader Loading environment from /home/runner/work/key/key/key.core/../key.ui/examples/heap/vacid0_01_SparseArray/SparseArray_get_dep.key 
44465      DEBUG main            d.u.i.k.p.i.AbstractProblemLoader Environment load took 100.7ns 
44466      INFO  main            d.u.i.k.p.i.AbstractProblemLoader Creating init config 
47157      DEBUG main            d.u.i.k.p.i.AbstractProblemLoader Init config took 2.69s 
47219      INFO  main            d.u.i.k.p.i.AbstractProblemLoader Replaying proof SparseArray[SparseArray::get(int)].JML accessible clause.0 
47221      DEBUG main            d.u.i.k.p.i.IntermediateProofReplayer Proof replay took 6.2ns 
50429      INFO  main            d.u.i.k.p.r.p.TestFile    ... finished proof: closed. 
50621      INFO  main            d.u.i.k.p.i.AbstractProblemLoader Loading environment from /home/runner/work/key/key/key.core/../key.ui/examples/heap/vacid0_01_SparseArray/SparseArray_get_dep.key.proof 
50621      DEBUG main            d.u.i.k.p.i.AbstractProblemLoader Environment load took 456.31ns 
50623      INFO  main            d.u.i.k.p.i.AbstractProblemLoader Creating init config 
53311      DEBUG main            d.u.i.k.p.i.AbstractProblemLoader Init config took 2.69s 
53369      INFO  main            d.u.i.k.p.i.AbstractProblemLoader Replaying proof SparseArray[SparseArray::get(int)].JML accessible clause.0 
53695      DEBUG main            d.u.i.k.p.i.IntermediateProofReplayer Proof replay took 311.96ms 
53697      DEBUG main            d.u.i.k.p.r.p.TestFile    ... success: reloaded. 
53698      INFO  main            d.u.i.k.p.r.p.TestFile    Now processing file /home/runner/work/key/key/key.core/../key.ui/examples/heap/vacid0_01_SparseArray/SparseArray_get.key 
53698      INFO  main            d.u.i.k.p.i.AbstractProblemLoader Loading environment from /home/runner/work/key/key/key.core/../key.ui/examples/heap/vacid0_01_SparseArray/SparseArray_get.key 
53699      DEBUG main            d.u.i.k.p.i.AbstractProblemLoader Environment load took 243.5ns 
53700      INFO  main            d.u.i.k.p.i.AbstractProblemLoader Creating init config 
56328      DEBUG main            d.u.i.k.p.i.AbstractProblemLoader Init config took 2.63s 
56385      INFO  main            d.u.i.k.p.i.AbstractProblemLoader Replaying proof SparseArray[SparseArray::get(int)].JML normal_behavior operation contract.0 
56386      DEBUG main            d.u.i.k.p.i.IntermediateProofReplayer Proof replay took 6.9ns 
58747      INFO  main            d.u.i.k.p.r.p.TestFile    ... finished proof: closed. 
58944      INFO  main            d.u.i.k.p.i.AbstractProblemLoader Loading environment from /home/runner/work/key/key/key.core/../key.ui/examples/heap/vacid0_01_SparseArray/SparseArray_get.key.proof 
58944      DEBUG main            d.u.i.k.p.i.AbstractProblemLoader Environment load took 456.51ns 
58946      INFO  main            d.u.i.k.p.i.AbstractProblemLoader Creating init config 
61552      DEBUG main            d.u.i.k.p.i.AbstractProblemLoader Init config took 2.61s 
61614      INFO  main            d.u.i.k.p.i.AbstractProblemLoader Replaying proof SparseArray[SparseArray::get(int)].JML normal_behavior operation contract.0 
61909      DEBUG main            d.u.i.k.p.i.IntermediateProofReplayer Proof replay took 285.25ms 
61911      DEBUG main            d.u.i.k.p.r.p.TestFile    ... success: reloaded. 
61913      INFO  main            d.u.i.k.p.r.p.TestFile    Now processing file /home/runner/work/key/key/key.core/../key.ui/examples/heap/vacid0_01_SparseArray/SparseArray_inv.key 
61913      INFO  main            d.u.i.k.p.i.AbstractProblemLoader Loading environment from /home/runner/work/key/key/key.core/../key.ui/examples/heap/vacid0_01_SparseArray/SparseArray_inv.key 
61913      DEBUG main            d.u.i.k.p.i.AbstractProblemLoader Environment load took 214.1ns 
61915      INFO  main            d.u.i.k.p.i.AbstractProblemLoader Creating init config 
64493      DEBUG main            d.u.i.k.p.i.AbstractProblemLoader Init config took 2.58s 
64548      INFO  main            d.u.i.k.p.i.AbstractProblemLoader Replaying proof SparseArray[java.lang.Object::<inv>()].JML accessible clause.0 
64550      DEBUG main            d.u.i.k.p.i.IntermediateProofReplayer Proof replay took 7.3ns 
66359      INFO  main            d.u.i.k.p.r.p.TestFile    ... finished proof: closed. 
66563      INFO  main            d.u.i.k.p.i.AbstractProblemLoader Loading environment from /home/runner/work/key/key/key.core/../key.ui/examples/heap/vacid0_01_SparseArray/SparseArray_inv.key.proof 
66564      DEBUG main            d.u.i.k.p.i.AbstractProblemLoader Environment load took 456.51ns 
66565      INFO  main            d.u.i.k.p.i.AbstractProblemLoader Creating init config 
69168      DEBUG main            d.u.i.k.p.i.AbstractProblemLoader Init config took 2.6s 
69226      INFO  main            d.u.i.k.p.i.AbstractProblemLoader Replaying proof SparseArray[java.lang.Object::<inv>()].JML accessible clause.0 
69356      DEBUG main            d.u.i.k.p.i.IntermediateProofReplayer Proof replay took 124.35ms 
69358      DEBUG main            d.u.i.k.p.r.p.TestFile    ... success: reloaded. 
69359      INFO  main            d.u.i.k.p.r.p.TestFile    Now processing file /home/runner/work/key/key/key.core/../key.ui/examples/heap/vacid0_01_SparseArray/SparseArray_SparseArray.key 
69359      INFO  main            d.u.i.k.p.i.AbstractProblemLoader Loading environment from /home/runner/work/key/key/key.core/../key.ui/examples/heap/vacid0_01_SparseArray/SparseArray_SparseArray.key 
69360      DEBUG main            d.u.i.k.p.i.AbstractProblemLoader Environment load took 206.7ns 
69361      INFO  main            d.u.i.k.p.i.AbstractProblemLoader Creating init config 
72000      DEBUG main            d.u.i.k.p.i.AbstractProblemLoader Init config took 2.64s 
72055      INFO  main            d.u.i.k.p.i.AbstractProblemLoader Replaying proof SparseArray[SparseArray::SparseArray(int)].JML normal_behavior operation contract.0 
72056      DEBUG main            d.u.i.k.p.i.IntermediateProofReplayer Proof replay took 7.8ns 
75525      INFO  main            d.u.i.k.p.r.p.TestFile    ... finished proof: closed. 
75740      INFO  main            d.u.i.k.p.i.AbstractProblemLoader Loading environment from /home/runner/work/key/key/key.core/../key.ui/examples/heap/vacid0_01_SparseArray/SparseArray_SparseArray.key.proof 
75741      DEBUG main            d.u.i.k.p.i.AbstractProblemLoader Environment load took 478.41ns 
75742      INFO  main            d.u.i.k.p.i.AbstractProblemLoader Creating init config 
78281      DEBUG main            d.u.i.k.p.i.AbstractProblemLoader Init config took 2.54s 
78334      INFO  main            d.u.i.k.p.i.AbstractProblemLoader Replaying proof SparseArray[SparseArray::SparseArray(int)].JML normal_behavior operation contract.0 
78826      DEBUG main            d.u.i.k.p.i.IntermediateProofReplayer Proof replay took 481.1ms 
78828      DEBUG main            d.u.i.k.p.r.p.TestFile    ... success: reloaded. 
2203113    INFO  Test worker     d.u.i.k.p.r.RunAllProofsTestUnit Returning from test VACID0 
2203114    INFO  Test worker     d.u.i.k.p.r.RunAllProofsTestUnit Running test VSTTE10 
397        WARN  main            d.u.i.k.s.ProofSettings   The settings in /home/runner/.key/proof-settings.props are *not* read. 
376        INFO  Timeout watchdog d.u.i.k.p.r.p.ForkedTestFileRunner Timeout watcher launched (2000 secs.) 
448        INFO  main            d.u.i.k.p.r.p.TestFile    Now processing file /home/runner/work/key/key/key.core/../key.ui/examples/heap/vstte10_01_SumAndMax/SumAndMax_sumAndMax.key 
587        INFO  main            d.u.i.k.p.i.AbstractProblemLoader Loading environment from /home/runner/work/key/key/key.core/../key.ui/examples/heap/vstte10_01_SumAndMax/SumAndMax_sumAndMax.key 
604        DEBUG main            d.u.i.k.p.i.AbstractProblemLoader Environment load took 1.93ms 
823        INFO  main            d.u.i.k.p.i.AbstractProblemLoader Creating init config 
1909       DEBUG main            d.u.i.k.j.TypeConverter   No LDT found for Meta 
1910       DEBUG main            d.u.i.k.j.TypeConverter   No LDT found for Meta 
1913       DEBUG main            d.u.i.k.j.TypeConverter   No LDT found for Meta 
1913       DEBUG main            d.u.i.k.j.TypeConverter   No LDT found for Meta 
3529       DEBUG main            d.u.i.k.j.TypeConverter   No LDT found for JavaBigintExpression 
8550       DEBUG main            d.u.i.k.p.i.AbstractProblemLoader Init config took 7.73s 
8684       INFO  main            d.u.i.k.p.i.AbstractProblemLoader Replaying proof SumAndMax[SumAndMax::sumAndMax([I)].JML normal_behavior operation contract.0 
8722       DEBUG main            d.u.i.k.p.i.IntermediateProofReplayer Proof replay took 38.4ns 
14103      INFO  main            d.u.i.k.p.r.p.TestFile    ... finished proof: closed. 
14264      INFO  main            d.u.i.k.p.i.AbstractProblemLoader Loading environment from /home/runner/work/key/key/key.core/../key.ui/examples/heap/vstte10_01_SumAndMax/SumAndMax_sumAndMax.key.proof 
14265      DEBUG main            d.u.i.k.p.i.AbstractProblemLoader Environment load took 596.21ns 
14267      INFO  main            d.u.i.k.p.i.AbstractProblemLoader Creating init config 
17140      DEBUG main            d.u.i.k.p.i.AbstractProblemLoader Init config took 2.87s 
17235      INFO  main            d.u.i.k.p.i.AbstractProblemLoader Replaying proof SumAndMax[SumAndMax::sumAndMax([I)].JML normal_behavior operation contract.0 
18028      DEBUG main            d.u.i.k.p.i.IntermediateProofReplayer Proof replay took 766.23ms 
18038      DEBUG main            d.u.i.k.p.r.p.TestFile    ... success: reloaded. 
18046      INFO  main            d.u.i.k.p.r.p.TestFile    Now processing file /home/runner/work/key/key/key.core/../key.ui/examples/heap/vstte10_03_LinkedList/Node_cons.key 
18047      INFO  main            d.u.i.k.p.i.AbstractProblemLoader Loading environment from /home/runner/work/key/key/key.core/../key.ui/examples/heap/vstte10_03_LinkedList/Node_cons.key 
18047      DEBUG main            d.u.i.k.p.i.AbstractProblemLoader Environment load took 310.2ns 
18050      INFO  main            d.u.i.k.p.i.AbstractProblemLoader Creating init config 
20956      DEBUG main            d.u.i.k.p.i.AbstractProblemLoader Init config took 2.91s 
21030      INFO  main            d.u.i.k.p.i.AbstractProblemLoader Replaying proof Node[Node::cons(int,Node)].JML normal_behavior operation contract.0 
21036      DEBUG main            d.u.i.k.p.i.IntermediateProofReplayer Proof replay took 19.2ns 
22788      INFO  main            d.u.i.k.p.r.p.TestFile    ... finished proof: closed. 
22959      INFO  main            d.u.i.k.p.i.AbstractProblemLoader Loading environment from /home/runner/work/key/key/key.core/../key.ui/examples/heap/vstte10_03_LinkedList/Node_cons.key.proof 
22960      DEBUG main            d.u.i.k.p.i.AbstractProblemLoader Environment load took 471.31ns 
22964      INFO  main            d.u.i.k.p.i.AbstractProblemLoader Creating init config 
25654      DEBUG main            d.u.i.k.p.i.AbstractProblemLoader Init config took 2.69s 
25730      INFO  main            d.u.i.k.p.i.AbstractProblemLoader Replaying proof Node[Node::cons(int,Node)].JML normal_behavior operation contract.0 
26068      DEBUG main            d.u.i.k.p.i.IntermediateProofReplayer Proof replay took 322.1ms 
26070      DEBUG main            d.u.i.k.p.r.p.TestFile    ... success: reloaded. 
26073      INFO  main            d.u.i.k.p.r.p.TestFile    Now processing file /home/runner/work/key/key/key.core/../key.ui/examples/heap/vstte10_03_LinkedList/Node_inv.key 
26073      INFO  main            d.u.i.k.p.i.AbstractProblemLoader Loading environment from /home/runner/work/key/key/key.core/../key.ui/examples/heap/vstte10_03_LinkedList/Node_inv.key 
26073      DEBUG main            d.u.i.k.p.i.AbstractProblemLoader Environment load took 244.2ns 
26075      INFO  main            d.u.i.k.p.i.AbstractProblemLoader Creating init config 
28722      DEBUG main            d.u.i.k.p.i.AbstractProblemLoader Init config took 2.65s 
28778      INFO  main            d.u.i.k.p.i.AbstractProblemLoader Replaying proof Node[java.lang.Object::<inv>()].JML accessible clause.0 
28780      DEBUG main            d.u.i.k.p.i.IntermediateProofReplayer Proof replay took 6.7ns 
29083      INFO  main            d.u.i.k.p.r.p.TestFile    ... finished proof: closed. 
29241      INFO  main            d.u.i.k.p.i.AbstractProblemLoader Loading environment from /home/runner/work/key/key/key.core/../key.ui/examples/heap/vstte10_03_LinkedList/Node_inv.key.proof 
29242      DEBUG main            d.u.i.k.p.i.AbstractProblemLoader Environment load took 457.41ns 
29243      INFO  main            d.u.i.k.p.i.AbstractProblemLoader Creating init config 
31792      DEBUG main            d.u.i.k.p.i.AbstractProblemLoader Init config took 2.55s 
31841      INFO  main            d.u.i.k.p.i.AbstractProblemLoader Replaying proof Node[java.lang.Object::<inv>()].JML accessible clause.0 
31878      DEBUG main            d.u.i.k.p.i.IntermediateProofReplayer Proof replay took 33.6ms 
31879      DEBUG main            d.u.i.k.p.r.p.TestFile    ... success: reloaded. 
31881      INFO  main            d.u.i.k.p.r.p.TestFile    Now processing file /home/runner/work/key/key/key.core/../key.ui/examples/heap/vstte10_03_LinkedList/Node_search.key 
31881      INFO  main            d.u.i.k.p.i.AbstractProblemLoader Loading environment from /home/runner/work/key/key/key.core/../key.ui/examples/heap/vstte10_03_LinkedList/Node_search.key 
31881      DEBUG main            d.u.i.k.p.i.AbstractProblemLoader Environment load took 214.2ns 
31882      INFO  main            d.u.i.k.p.i.AbstractProblemLoader Creating init config 
34475      DEBUG main            d.u.i.k.p.i.AbstractProblemLoader Init config took 2.59s 
34524      INFO  main            d.u.i.k.p.i.AbstractProblemLoader Replaying proof Node[Node::search()].JML normal_behavior operation contract.0 
34526      DEBUG main            d.u.i.k.p.i.IntermediateProofReplayer Proof replay took 6.9ns 
40981      INFO  main            d.u.i.k.p.r.p.TestFile    ... finished proof: closed. 
41210      INFO  main            d.u.i.k.p.i.AbstractProblemLoader Loading environment from /home/runner/work/key/key/key.core/../key.ui/examples/heap/vstte10_03_LinkedList/Node_search.key.proof 
41210      DEBUG main            d.u.i.k.p.i.AbstractProblemLoader Environment load took 219.1ns 
41213      INFO  main            d.u.i.k.p.i.AbstractProblemLoader Creating init config 
43779      DEBUG main            d.u.i.k.p.i.AbstractProblemLoader Init config took 2.57s 
43828      INFO  main            d.u.i.k.p.i.AbstractProblemLoader Replaying proof Node[Node::search()].JML normal_behavior operation contract.0 
44489      DEBUG main            d.u.i.k.p.i.IntermediateProofReplayer Proof replay took 594.84ms 
44492      DEBUG main            d.u.i.k.p.r.p.TestFile    ... success: reloaded. 
44493      INFO  main            d.u.i.k.p.r.p.TestFile    Now processing file /home/runner/work/key/key/key.core/../key.ui/examples/heap/vstte10_04_Queens/Queens_isConsistent.key 
44493      INFO  main            d.u.i.k.p.i.AbstractProblemLoader Loading environment from /home/runner/work/key/key/key.core/../key.ui/examples/heap/vstte10_04_Queens/Queens_isConsistent.key 
44494      DEBUG main            d.u.i.k.p.i.AbstractProblemLoader Environment load took 223ns 
44495      INFO  main            d.u.i.k.p.i.AbstractProblemLoader Creating init config 
47372      DEBUG main            d.u.i.k.p.i.AbstractProblemLoader Init config took 2.88s 
47445      INFO  main            d.u.i.k.p.i.AbstractProblemLoader Replaying proof Queens[Queens::isConsistent([I,int)].JML normal_behavior operation contract.0 
47447      DEBUG main            d.u.i.k.p.i.IntermediateProofReplayer Proof replay took 6.8ns 
49271      INFO  main            d.u.i.k.p.r.p.TestFile    ... finished proof: closed. 
49548      INFO  main            d.u.i.k.p.i.AbstractProblemLoader Loading environment from /home/runner/work/key/key/key.core/../key.ui/examples/heap/vstte10_04_Queens/Queens_isConsistent.key.proof 
49548      DEBUG main            d.u.i.k.p.i.AbstractProblemLoader Environment load took 461.31ns 
49550      INFO  main            d.u.i.k.p.i.AbstractProblemLoader Creating init config 
52150      DEBUG main            d.u.i.k.p.i.AbstractProblemLoader Init config took 2.6s 
52199      INFO  main            d.u.i.k.p.i.AbstractProblemLoader Replaying proof Queens[Queens::isConsistent([I,int)].JML normal_behavior operation contract.0 
52626      DEBUG main            d.u.i.k.p.i.IntermediateProofReplayer Proof replay took 417.18ms 
52627      DEBUG main            d.u.i.k.p.r.p.TestFile    ... success: reloaded. 
52628      INFO  main            d.u.i.k.p.r.p.TestFile    Now processing file /home/runner/work/key/key/key.core/../key.ui/examples/heap/vstte10_04_Queens/Queens_nQueens.key 
52629      INFO  main            d.u.i.k.p.i.AbstractProblemLoader Loading environment from /home/runner/work/key/key/key.core/../key.ui/examples/heap/vstte10_04_Queens/Queens_nQueens.key 
52629      DEBUG main            d.u.i.k.p.i.AbstractProblemLoader Environment load took 264.8ns 
52630      INFO  main            d.u.i.k.p.i.AbstractProblemLoader Creating init config 
55217      DEBUG main            d.u.i.k.p.i.AbstractProblemLoader Init config took 2.59s 
55259      INFO  main            d.u.i.k.p.i.AbstractProblemLoader Replaying proof Queens[Queens::nQueens(int)].JML normal_behavior operation contract.0 
55261      DEBUG main            d.u.i.k.p.i.IntermediateProofReplayer Proof replay took 6.4ns 
68068      INFO  main            d.u.i.k.p.r.p.TestFile    ... finished proof: closed. 
68293      INFO  main            d.u.i.k.p.i.AbstractProblemLoader Loading environment from /home/runner/work/key/key/key.core/../key.ui/examples/heap/vstte10_04_Queens/Queens_nQueens.key.proof 
68293      DEBUG main            d.u.i.k.p.i.AbstractProblemLoader Environment load took 444.71ns 
68295      INFO  main            d.u.i.k.p.i.AbstractProblemLoader Creating init config 
70863      DEBUG main            d.u.i.k.p.i.AbstractProblemLoader Init config took 2.57s 
70905      INFO  main            d.u.i.k.p.i.AbstractProblemLoader Replaying proof Queens[Queens::nQueens(int)].JML normal_behavior operation contract.0 
71899      DEBUG main            d.u.i.k.p.i.IntermediateProofReplayer Proof replay took 975.72ms 
71900      DEBUG main            d.u.i.k.p.r.p.TestFile    ... success: reloaded. 
71901      INFO  main            d.u.i.k.p.r.p.TestFile    Now processing file /home/runner/work/key/key/key.core/../key.ui/examples/heap/vstte10_05_Queue/AmortizedQueue_AmortizedQueue.key 
71902      INFO  main            d.u.i.k.p.i.AbstractProblemLoader Loading environment from /home/runner/work/key/key/key.core/../key.ui/examples/heap/vstte10_05_Queue/AmortizedQueue_AmortizedQueue.key 
71902      DEBUG main            d.u.i.k.p.i.AbstractProblemLoader Environment load took 144.6ns 
71903      INFO  main            d.u.i.k.p.i.AbstractProblemLoader Creating init config 
74680      DEBUG main            d.u.i.k.p.i.AbstractProblemLoader Init config took 2.78s 
74746      INFO  main            d.u.i.k.p.i.AbstractProblemLoader Replaying proof AmortizedQueue[AmortizedQueue::AmortizedQueue()].JML normal_behavior operation contract.0 
74748      DEBUG main            d.u.i.k.p.i.IntermediateProofReplayer Proof replay took 6.6ns 
76254      INFO  main            d.u.i.k.p.r.p.TestFile    ... finished proof: closed. 
76460      INFO  main            d.u.i.k.p.i.AbstractProblemLoader Loading environment from /home/runner/work/key/key/key.core/../key.ui/examples/heap/vstte10_05_Queue/AmortizedQueue_AmortizedQueue.key.proof 
76461      DEBUG main            d.u.i.k.p.i.AbstractProblemLoader Environment load took 473.81ns 
76462      INFO  main            d.u.i.k.p.i.AbstractProblemLoader Creating init config 
79086      DEBUG main            d.u.i.k.p.i.AbstractProblemLoader Init config took 2.62s 
79140      INFO  main            d.u.i.k.p.i.AbstractProblemLoader Replaying proof AmortizedQueue[AmortizedQueue::AmortizedQueue()].JML normal_behavior operation contract.0 
79391      DEBUG main            d.u.i.k.p.i.IntermediateProofReplayer Proof replay took 243.55ms 
79392      DEBUG main            d.u.i.k.p.r.p.TestFile    ... success: reloaded. 
79393      INFO  main            d.u.i.k.p.r.p.TestFile    Now processing file /home/runner/work/key/key/key.core/../key.ui/examples/heap/vstte10_05_Queue/AmortizedQueue_front.key 
79394      INFO  main            d.u.i.k.p.i.AbstractProblemLoader Loading environment from /home/runner/work/key/key/key.core/../key.ui/examples/heap/vstte10_05_Queue/AmortizedQueue_front.key 
79394      DEBUG main            d.u.i.k.p.i.AbstractProblemLoader Environment load took 62.5ns 
79394      INFO  main            d.u.i.k.p.i.AbstractProblemLoader Creating init config 
82000      DEBUG main            d.u.i.k.p.i.AbstractProblemLoader Init config took 2.61s 
82043      INFO  main            d.u.i.k.p.i.AbstractProblemLoader Replaying proof AmortizedQueue[AmortizedQueue::front()].JML normal_behavior operation contract.0 
82045      DEBUG main            d.u.i.k.p.i.IntermediateProofReplayer Proof replay took 6.8ns 
82551      INFO  main            d.u.i.k.p.r.p.TestFile    ... finished proof: closed. 
82766      INFO  main            d.u.i.k.p.i.AbstractProblemLoader Loading environment from /home/runner/work/key/key/key.core/../key.ui/examples/heap/vstte10_05_Queue/AmortizedQueue_front.key.proof 
82767      DEBUG main            d.u.i.k.p.i.AbstractProblemLoader Environment load took 548.41ns 
82768      INFO  main            d.u.i.k.p.i.AbstractProblemLoader Creating init config 
85337      DEBUG main            d.u.i.k.p.i.AbstractProblemLoader Init config took 2.57s 
85387      INFO  main            d.u.i.k.p.i.AbstractProblemLoader Replaying proof AmortizedQueue[AmortizedQueue::front()].JML normal_behavior operation contract.0 
85447      DEBUG main            d.u.i.k.p.i.IntermediateProofReplayer Proof replay took 56.6ms 
85448      DEBUG main            d.u.i.k.p.r.p.TestFile    ... success: reloaded. 
85450      INFO  main            d.u.i.k.p.r.p.TestFile    Now processing file /home/runner/work/key/key/key.core/../key.ui/examples/heap/vstte10_05_Queue/LinkedList_concat.key 
85450      INFO  main            d.u.i.k.p.i.AbstractProblemLoader Loading environment from /home/runner/work/key/key/key.core/../key.ui/examples/heap/vstte10_05_Queue/LinkedList_concat.key 
85450      DEBUG main            d.u.i.k.p.i.AbstractProblemLoader Environment load took 148.3ns 
85451      INFO  main            d.u.i.k.p.i.AbstractProblemLoader Creating init config 
88019      DEBUG main            d.u.i.k.p.i.AbstractProblemLoader Init config took 2.57s 
88064      INFO  main            d.u.i.k.p.i.AbstractProblemLoader Replaying proof LinkedList[LinkedList::concat(LinkedList)].JML normal_behavior operation contract.0 
88066      DEBUG main            d.u.i.k.p.i.IntermediateProofReplayer Proof replay took 6.4ns 
96979      INFO  main            d.u.i.k.p.r.p.TestFile    ... finished proof: closed. 
97234      INFO  main            d.u.i.k.p.i.AbstractProblemLoader Loading environment from /home/runner/work/key/key/key.core/../key.ui/examples/heap/vstte10_05_Queue/LinkedList_concat.key.proof 
97234      DEBUG main            d.u.i.k.p.i.AbstractProblemLoader Environment load took 211.9ns 
97237      INFO  main            d.u.i.k.p.i.AbstractProblemLoader Creating init config 
99771      DEBUG main            d.u.i.k.p.i.AbstractProblemLoader Init config took 2.53s 
99817      INFO  main            d.u.i.k.p.i.AbstractProblemLoader Replaying proof LinkedList[LinkedList::concat(LinkedList)].JML normal_behavior operation contract.0 
100603     DEBUG main            d.u.i.k.p.i.IntermediateProofReplayer Proof replay took 755.45ms 
100605     DEBUG main            d.u.i.k.p.r.p.TestFile    ... success: reloaded. 
100606     INFO  main            d.u.i.k.p.r.p.TestFile    Now processing file /home/runner/work/key/key/key.core/../key.ui/examples/heap/vstte10_05_Queue/LinkedList_cons.key 
100607     INFO  main            d.u.i.k.p.i.AbstractProblemLoader Loading environment from /home/runner/work/key/key/key.core/../key.ui/examples/heap/vstte10_05_Queue/LinkedList_cons.key 
100607     DEBUG main            d.u.i.k.p.i.AbstractProblemLoader Environment load took 104.6ns 
100608     INFO  main            d.u.i.k.p.i.AbstractProblemLoader Creating init config 
103256     DEBUG main            d.u.i.k.p.i.AbstractProblemLoader Init config took 2.65s 
103301     INFO  main            d.u.i.k.p.i.AbstractProblemLoader Replaying proof LinkedList[LinkedList::cons(int)].JML normal_behavior operation contract.0 
103302     DEBUG main            d.u.i.k.p.i.IntermediateProofReplayer Proof replay took 7.3ns 
105713     INFO  main            d.u.i.k.p.r.p.TestFile    ... finished proof: closed. 
105948     INFO  main            d.u.i.k.p.i.AbstractProblemLoader Loading environment from /home/runner/work/key/key/key.core/../key.ui/examples/heap/vstte10_05_Queue/LinkedList_cons.key.proof 
105948     DEBUG main            d.u.i.k.p.i.AbstractProblemLoader Environment load took 466.31ns 
105950     INFO  main            d.u.i.k.p.i.AbstractProblemLoader Creating init config 
108530     DEBUG main            d.u.i.k.p.i.AbstractProblemLoader Init config took 2.58s 
108598     INFO  main            d.u.i.k.p.i.AbstractProblemLoader Replaying proof LinkedList[LinkedList::cons(int)].JML normal_behavior operation contract.0 
108866     DEBUG main            d.u.i.k.p.i.IntermediateProofReplayer Proof replay took 257.62ms 
108868     DEBUG main            d.u.i.k.p.r.p.TestFile    ... success: reloaded. 
108869     INFO  main            d.u.i.k.p.r.p.TestFile    Now processing file /home/runner/work/key/key/key.core/../key.ui/examples/heap/vstte10_05_Queue/LinkedList_head.key 
108869     INFO  main            d.u.i.k.p.i.AbstractProblemLoader Loading environment from /home/runner/work/key/key/key.core/../key.ui/examples/heap/vstte10_05_Queue/LinkedList_head.key 
108870     DEBUG main            d.u.i.k.p.i.AbstractProblemLoader Environment load took 225.8ns 
108871     INFO  main            d.u.i.k.p.i.AbstractProblemLoader Creating init config 
111486     DEBUG main            d.u.i.k.p.i.AbstractProblemLoader Init config took 2.61s 
111529     INFO  main            d.u.i.k.p.i.AbstractProblemLoader Replaying proof LinkedList[LinkedList::head()].JML normal_behavior operation contract.0 
111530     DEBUG main            d.u.i.k.p.i.IntermediateProofReplayer Proof replay took 6.3ns 
111634     INFO  main            d.u.i.k.p.r.p.TestFile    ... finished proof: closed. 
111846     INFO  main            d.u.i.k.p.i.AbstractProblemLoader Loading environment from /home/runner/work/key/key/key.core/../key.ui/examples/heap/vstte10_05_Queue/LinkedList_head.key.proof 
111846     DEBUG main            d.u.i.k.p.i.AbstractProblemLoader Environment load took 168.3ns 
111847     INFO  main            d.u.i.k.p.i.AbstractProblemLoader Creating init config 
114385     DEBUG main            d.u.i.k.p.i.AbstractProblemLoader Init config took 2.54s 
114428     INFO  main            d.u.i.k.p.i.AbstractProblemLoader Replaying proof LinkedList[LinkedList::head()].JML normal_behavior operation contract.0 
114443     DEBUG main            d.u.i.k.p.i.IntermediateProofReplayer Proof replay took 12.64ms 
114444     DEBUG main            d.u.i.k.p.r.p.TestFile    ... success: reloaded. 
114445     INFO  main            d.u.i.k.p.r.p.TestFile    Now processing file /home/runner/work/key/key/key.core/../key.ui/examples/heap/vstte10_05_Queue/LinkedList_inv.key 
114445     INFO  main            d.u.i.k.p.i.AbstractProblemLoader Loading environment from /home/runner/work/key/key/key.core/../key.ui/examples/heap/vstte10_05_Queue/LinkedList_inv.key 
114445     DEBUG main            d.u.i.k.p.i.AbstractProblemLoader Environment load took 145.9ns 
114446     INFO  main            d.u.i.k.p.i.AbstractProblemLoader Creating init config 
117076     DEBUG main            d.u.i.k.p.i.AbstractProblemLoader Init config took 2.63s 
117138     INFO  main            d.u.i.k.p.i.AbstractProblemLoader Replaying proof LinkedList[java.lang.Object::<inv>()].JML accessible clause.0 
117140     DEBUG main            d.u.i.k.p.i.IntermediateProofReplayer Proof replay took 5.8ns 
117446     INFO  main            d.u.i.k.p.r.p.TestFile    ... finished proof: closed. 
117669     INFO  main            d.u.i.k.p.i.AbstractProblemLoader Loading environment from /home/runner/work/key/key/key.core/../key.ui/examples/heap/vstte10_05_Queue/LinkedList_inv.key.proof 
117670     DEBUG main            d.u.i.k.p.i.AbstractProblemLoader Environment load took 128.8ns 
117671     INFO  main            d.u.i.k.p.i.AbstractProblemLoader Creating init config 
120176     DEBUG main            d.u.i.k.p.i.AbstractProblemLoader Init config took 2.51s 
120218     INFO  main            d.u.i.k.p.i.AbstractProblemLoader Replaying proof LinkedList[java.lang.Object::<inv>()].JML accessible clause.0 
120264     DEBUG main            d.u.i.k.p.i.IntermediateProofReplayer Proof replay took 43.7ms 
120265     DEBUG main            d.u.i.k.p.r.p.TestFile    ... success: reloaded. 
120267     INFO  main            d.u.i.k.p.r.p.TestFile    Now processing file /home/runner/work/key/key/key.core/../key.ui/examples/heap/vstte10_05_Queue/LinkedList_length.key 
120267     INFO  main            d.u.i.k.p.i.AbstractProblemLoader Loading environment from /home/runner/work/key/key/key.core/../key.ui/examples/heap/vstte10_05_Queue/LinkedList_length.key 
120267     DEBUG main            d.u.i.k.p.i.AbstractProblemLoader Environment load took 210.6ns 
120269     INFO  main            d.u.i.k.p.i.AbstractProblemLoader Creating init config 
122903     DEBUG main            d.u.i.k.p.i.AbstractProblemLoader Init config took 2.63s 
122970     INFO  main            d.u.i.k.p.i.AbstractProblemLoader Replaying proof LinkedList[LinkedList::length()].JML normal_behavior operation contract.0 
122972     DEBUG main            d.u.i.k.p.i.IntermediateProofReplayer Proof replay took 7.4ns 
123074     INFO  main            d.u.i.k.p.r.p.TestFile    ... finished proof: closed. 
123288     INFO  main            d.u.i.k.p.i.AbstractProblemLoader Loading environment from /home/runner/work/key/key/key.core/../key.ui/examples/heap/vstte10_05_Queue/LinkedList_length.key.proof 
123288     DEBUG main            d.u.i.k.p.i.AbstractProblemLoader Environment load took 122.8ns 
123289     INFO  main            d.u.i.k.p.i.AbstractProblemLoader Creating init config 
125833     DEBUG main            d.u.i.k.p.i.AbstractProblemLoader Init config took 2.54s 
125874     INFO  main            d.u.i.k.p.i.AbstractProblemLoader Replaying proof LinkedList[LinkedList::length()].JML normal_behavior operation contract.0 
125888     DEBUG main            d.u.i.k.p.i.IntermediateProofReplayer Proof replay took 12.12ms 
125889     DEBUG main            d.u.i.k.p.r.p.TestFile    ... success: reloaded. 
125890     INFO  main            d.u.i.k.p.r.p.TestFile    Now processing file /home/runner/work/key/key/key.core/../key.ui/examples/heap/vstte10_05_Queue/LinkedList_LinkedList1.key 
125890     INFO  main            d.u.i.k.p.i.AbstractProblemLoader Loading environment from /home/runner/work/key/key/key.core/../key.ui/examples/heap/vstte10_05_Queue/LinkedList_LinkedList1.key 
125890     DEBUG main            d.u.i.k.p.i.AbstractProblemLoader Environment load took 90.7ns 
125891     INFO  main            d.u.i.k.p.i.AbstractProblemLoader Creating init config 
128460     DEBUG main            d.u.i.k.p.i.AbstractProblemLoader Init config took 2.57s 
128503     INFO  main            d.u.i.k.p.i.AbstractProblemLoader Replaying proof LinkedList[LinkedList::LinkedList(int,LinkedList)].JML normal_behavior operation contract.0 
128505     DEBUG main            d.u.i.k.p.i.IntermediateProofReplayer Proof replay took 6.2ns 
130444     INFO  main            d.u.i.k.p.r.p.TestFile    ... finished proof: closed. 
130693     INFO  main            d.u.i.k.p.i.AbstractProblemLoader Loading environment from /home/runner/work/key/key/key.core/../key.ui/examples/heap/vstte10_05_Queue/LinkedList_LinkedList1.key.proof 
130693     DEBUG main            d.u.i.k.p.i.AbstractProblemLoader Environment load took 131.6ns 
130694     INFO  main            d.u.i.k.p.i.AbstractProblemLoader Creating init config 
133214     DEBUG main            d.u.i.k.p.i.AbstractProblemLoader Init config took 2.52s 
133257     INFO  main            d.u.i.k.p.i.AbstractProblemLoader Replaying proof LinkedList[LinkedList::LinkedList(int,LinkedList)].JML normal_behavior operation contract.0 
133506     DEBUG main            d.u.i.k.p.i.IntermediateProofReplayer Proof replay took 242.87ms 
133508     DEBUG main            d.u.i.k.p.r.p.TestFile    ... success: reloaded. 
133509     INFO  main            d.u.i.k.p.r.p.TestFile    Now processing file /home/runner/work/key/key/key.core/../key.ui/examples/heap/vstte10_05_Queue/LinkedList_LinkedList2.key 
133509     INFO  main            d.u.i.k.p.i.AbstractProblemLoader Loading environment from /home/runner/work/key/key/key.core/../key.ui/examples/heap/vstte10_05_Queue/LinkedList_LinkedList2.key 
133510     DEBUG main            d.u.i.k.p.i.AbstractProblemLoader Environment load took 63.3ns 
133510     INFO  main            d.u.i.k.p.i.AbstractProblemLoader Creating init config 
136111     DEBUG main            d.u.i.k.p.i.AbstractProblemLoader Init config took 2.6s 
136154     INFO  main            d.u.i.k.p.i.AbstractProblemLoader Replaying proof LinkedList[LinkedList::LinkedList(int,LinkedList)].JML normal_behavior operation contract.0 
136155     DEBUG main            d.u.i.k.p.i.IntermediateProofReplayer Proof replay took 5.9ns 
138062     INFO  main            d.u.i.k.p.r.p.TestFile    ... finished proof: closed. 
138319     INFO  main            d.u.i.k.p.i.AbstractProblemLoader Loading environment from /home/runner/work/key/key/key.core/../key.ui/examples/heap/vstte10_05_Queue/LinkedList_LinkedList2.key.proof 
138319     DEBUG main            d.u.i.k.p.i.AbstractProblemLoader Environment load took 137ns 
138321     INFO  main            d.u.i.k.p.i.AbstractProblemLoader Creating init config 
140866     DEBUG main            d.u.i.k.p.i.AbstractProblemLoader Init config took 2.55s 
140909     INFO  main            d.u.i.k.p.i.AbstractProblemLoader Replaying proof LinkedList[LinkedList::LinkedList(int,LinkedList)].JML normal_behavior operation contract.0 
141151     DEBUG main            d.u.i.k.p.i.IntermediateProofReplayer Proof replay took 235.53ms 
141152     DEBUG main            d.u.i.k.p.r.p.TestFile    ... success: reloaded. 
141153     INFO  main            d.u.i.k.p.r.p.TestFile    Now processing file /home/runner/work/key/key/key.core/../key.ui/examples/heap/vstte10_05_Queue/LinkedList_LinkedList3.key 
141153     INFO  main            d.u.i.k.p.i.AbstractProblemLoader Loading environment from /home/runner/work/key/key/key.core/../key.ui/examples/heap/vstte10_05_Queue/LinkedList_LinkedList3.key 
141153     DEBUG main            d.u.i.k.p.i.AbstractProblemLoader Environment load took 100ns 
141154     INFO  main            d.u.i.k.p.i.AbstractProblemLoader Creating init config 
143721     DEBUG main            d.u.i.k.p.i.AbstractProblemLoader Init config took 2.57s 
143764     INFO  main            d.u.i.k.p.i.AbstractProblemLoader Replaying proof LinkedList[LinkedList::LinkedList(int,LinkedList)].JML normal_behavior operation contract.0 
143766     DEBUG main            d.u.i.k.p.i.IntermediateProofReplayer Proof replay took 6.6ns 
157593     INFO  main            d.u.i.k.p.r.p.TestFile    ... finished proof: closed. 
157923     INFO  main            d.u.i.k.p.i.AbstractProblemLoader Loading environment from /home/runner/work/key/key/key.core/../key.ui/examples/heap/vstte10_05_Queue/LinkedList_LinkedList3.key.proof 
157923     DEBUG main            d.u.i.k.p.i.AbstractProblemLoader Environment load took 504.11ns 
157930     INFO  main            d.u.i.k.p.i.AbstractProblemLoader Creating init config 
160435     DEBUG main            d.u.i.k.p.i.AbstractProblemLoader Init config took 2.5s 
160477     INFO  main            d.u.i.k.p.i.AbstractProblemLoader Replaying proof LinkedList[LinkedList::LinkedList(int,LinkedList)].JML normal_behavior operation contract.0 
161652     DEBUG main            d.u.i.k.p.i.IntermediateProofReplayer Proof replay took 1.09s 
161659     DEBUG main            d.u.i.k.p.r.p.TestFile    ... success: reloaded. 
161660     INFO  main            d.u.i.k.p.r.p.TestFile    Now processing file /home/runner/work/key/key/key.core/../key.ui/examples/heap/vstte10_05_Queue/LinkedList_reverse.key 
161660     INFO  main            d.u.i.k.p.i.AbstractProblemLoader Loading environment from /home/runner/work/key/key/key.core/../key.ui/examples/heap/vstte10_05_Queue/LinkedList_reverse.key 
161661     DEBUG main            d.u.i.k.p.i.AbstractProblemLoader Environment load took 230.3ns 
161662     INFO  main            d.u.i.k.p.i.AbstractProblemLoader Creating init config 
164354     DEBUG main            d.u.i.k.p.i.AbstractProblemLoader Init config took 2.69s 
164396     INFO  main            d.u.i.k.p.i.AbstractProblemLoader Replaying proof LinkedList[LinkedList::reverse()].JML normal_behavior operation contract.0 
164398     DEBUG main            d.u.i.k.p.i.IntermediateProofReplayer Proof replay took 6.5ns 
173851     INFO  main            d.u.i.k.p.r.p.TestFile    ... finished proof: closed. 
174175     INFO  main            d.u.i.k.p.i.AbstractProblemLoader Loading environment from /home/runner/work/key/key/key.core/../key.ui/examples/heap/vstte10_05_Queue/LinkedList_reverse.key.proof 
174176     DEBUG main            d.u.i.k.p.i.AbstractProblemLoader Environment load took 383.11ns 
174178     INFO  main            d.u.i.k.p.i.AbstractProblemLoader Creating init config 
176651     DEBUG main            d.u.i.k.p.i.AbstractProblemLoader Init config took 2.47s 
176693     INFO  main            d.u.i.k.p.i.AbstractProblemLoader Replaying proof LinkedList[LinkedList::reverse()].JML normal_behavior operation contract.0 
177453     DEBUG main            d.u.i.k.p.i.IntermediateProofReplayer Proof replay took 732.99ms 
177456     DEBUG main            d.u.i.k.p.r.p.TestFile    ... success: reloaded. 
177457     INFO  main            d.u.i.k.p.r.p.TestFile    Now processing file /home/runner/work/key/key/key.core/../key.ui/examples/heap/vstte10_05_Queue/LinkedList_tail.key 
177457     INFO  main            d.u.i.k.p.i.AbstractProblemLoader Loading environment from /home/runner/work/key/key/key.core/../key.ui/examples/heap/vstte10_05_Queue/LinkedList_tail.key 
177457     DEBUG main            d.u.i.k.p.i.AbstractProblemLoader Environment load took 92.7ns 
177458     INFO  main            d.u.i.k.p.i.AbstractProblemLoader Creating init config 
180063     DEBUG main            d.u.i.k.p.i.AbstractProblemLoader Init config took 2.61s 
180130     INFO  main            d.u.i.k.p.i.AbstractProblemLoader Replaying proof LinkedList[LinkedList::tail()].JML normal_behavior operation contract.0 
180132     DEBUG main            d.u.i.k.p.i.IntermediateProofReplayer Proof replay took 49.3ns 
180635     INFO  main            d.u.i.k.p.r.p.TestFile    ... finished proof: closed. 
180907     INFO  main            d.u.i.k.p.i.AbstractProblemLoader Loading environment from /home/runner/work/key/key/key.core/../key.ui/examples/heap/vstte10_05_Queue/LinkedList_tail.key.proof 
180908     DEBUG main            d.u.i.k.p.i.AbstractProblemLoader Environment load took 558.41ns 
180910     INFO  main            d.u.i.k.p.i.AbstractProblemLoader Creating init config 
183440     DEBUG main            d.u.i.k.p.i.AbstractProblemLoader Init config took 2.53s 
183482     INFO  main            d.u.i.k.p.i.AbstractProblemLoader Replaying proof LinkedList[LinkedList::tail()].JML normal_behavior operation contract.0 
183581     DEBUG main            d.u.i.k.p.i.IntermediateProofReplayer Proof replay took 95.55ms 
183582     DEBUG main            d.u.i.k.p.r.p.TestFile    ... success: reloaded. 
2386867    INFO  Test worker     d.u.i.k.p.r.RunAllProofsTestUnit Returning from test VSTTE10 
2386868    INFO  Test worker     d.u.i.k.p.r.RunAllProofsTestUnit Running test WeideEtAl 
383        INFO  Timeout watchdog d.u.i.k.p.r.p.ForkedTestFileRunner Timeout watcher launched (2000 secs.) 
396        WARN  main            d.u.i.k.s.ProofSettings   The settings in /home/runner/.key/proof-settings.props are *not* read. 
446        INFO  main            d.u.i.k.p.r.p.TestFile    Now processing file /home/runner/work/key/key/key.core/../key.ui/examples/heap/WeideEtAl_01_AddAndMultiply/AddAndMultiply_add.key 
575        INFO  main            d.u.i.k.p.i.AbstractProblemLoader Loading environment from /home/runner/work/key/key/key.core/../key.ui/examples/heap/WeideEtAl_01_AddAndMultiply/AddAndMultiply_add.key 
592        DEBUG main            d.u.i.k.p.i.AbstractProblemLoader Environment load took 2.02ms 
817        INFO  main            d.u.i.k.p.i.AbstractProblemLoader Creating init config 
1698       DEBUG main            d.u.i.k.j.TypeConverter   No LDT found for Meta 
1699       DEBUG main            d.u.i.k.j.TypeConverter   No LDT found for Meta 
1701       DEBUG main            d.u.i.k.j.TypeConverter   No LDT found for Meta 
1701       DEBUG main            d.u.i.k.j.TypeConverter   No LDT found for Meta 
3084       DEBUG main            d.u.i.k.j.TypeConverter   No LDT found for JavaBigintExpression 
8070       DEBUG main            d.u.i.k.p.i.AbstractProblemLoader Init config took 7.25s 
8195       INFO  main            d.u.i.k.p.i.AbstractProblemLoader Replaying proof AddAndMultiply[AddAndMultiply::add(int,int)].JML normal_behavior operation contract.0 
8230       DEBUG main            d.u.i.k.p.i.IntermediateProofReplayer Proof replay took 37.6ns 
9861       INFO  main            d.u.i.k.p.r.p.TestFile    ... finished proof: closed. 
10051      INFO  main            d.u.i.k.p.i.AbstractProblemLoader Loading environment from /home/runner/work/key/key/key.core/../key.ui/examples/heap/WeideEtAl_01_AddAndMultiply/AddAndMultiply_add.key.proof 
10052      DEBUG main            d.u.i.k.p.i.AbstractProblemLoader Environment load took 497.31ns 
10054      INFO  main            d.u.i.k.p.i.AbstractProblemLoader Creating init config 
12999      DEBUG main            d.u.i.k.p.i.AbstractProblemLoader Init config took 2.94s 
13060      INFO  main            d.u.i.k.p.i.AbstractProblemLoader Replaying proof AddAndMultiply[AddAndMultiply::add(int,int)].JML normal_behavior operation contract.0 
13289      DEBUG main            d.u.i.k.p.i.IntermediateProofReplayer Proof replay took 219.26ms 
13298      DEBUG main            d.u.i.k.p.r.p.TestFile    ... success: reloaded. 
13301      INFO  main            d.u.i.k.p.r.p.TestFile    Now processing file /home/runner/work/key/key/key.core/../key.ui/examples/heap/WeideEtAl_01_AddAndMultiply/AddAndMultiply_mul.key 
13302      INFO  main            d.u.i.k.p.i.AbstractProblemLoader Loading environment from /home/runner/work/key/key/key.core/../key.ui/examples/heap/WeideEtAl_01_AddAndMultiply/AddAndMultiply_mul.key 
13302      DEBUG main            d.u.i.k.p.i.AbstractProblemLoader Environment load took 264.1ns 
13305      INFO  main            d.u.i.k.p.i.AbstractProblemLoader Creating init config 
16102      DEBUG main            d.u.i.k.p.i.AbstractProblemLoader Init config took 2.8s 
16159      INFO  main            d.u.i.k.p.i.AbstractProblemLoader Replaying proof AddAndMultiply[AddAndMultiply::mul(int,int)].JML normal_behavior operation contract.0 
16162      DEBUG main            d.u.i.k.p.i.IntermediateProofReplayer Proof replay took 6.7ns 
16667      INFO  main            d.u.i.k.p.r.p.TestFile    ... finished proof: closed. 
16818      INFO  main            d.u.i.k.p.i.AbstractProblemLoader Loading environment from /home/runner/work/key/key/key.core/../key.ui/examples/heap/WeideEtAl_01_AddAndMultiply/AddAndMultiply_mul.key.proof 
16818      DEBUG main            d.u.i.k.p.i.AbstractProblemLoader Environment load took 488.91ns 
16820      INFO  main            d.u.i.k.p.i.AbstractProblemLoader Creating init config 
19496      DEBUG main            d.u.i.k.p.i.AbstractProblemLoader Init config took 2.68s 
19546      INFO  main            d.u.i.k.p.i.AbstractProblemLoader Replaying proof AddAndMultiply[AddAndMultiply::mul(int,int)].JML normal_behavior operation contract.0 
19662      DEBUG main            d.u.i.k.p.i.IntermediateProofReplayer Proof replay took 110.78ms 
19663      DEBUG main            d.u.i.k.p.r.p.TestFile    ... success: reloaded. 
19664      INFO  main            d.u.i.k.p.r.p.TestFile    Now processing file /home/runner/work/key/key/key.core/../key.ui/examples/heap/WeideEtAl_02_BinarySearch/BinarySearch_search.key 
19665      INFO  main            d.u.i.k.p.i.AbstractProblemLoader Loading environment from /home/runner/work/key/key/key.core/../key.ui/examples/heap/WeideEtAl_02_BinarySearch/BinarySearch_search.key 
19665      DEBUG main            d.u.i.k.p.i.AbstractProblemLoader Environment load took 252.63ns 
19666      INFO  main            d.u.i.k.p.i.AbstractProblemLoader Creating init config 
22433      DEBUG main            d.u.i.k.p.i.AbstractProblemLoader Init config took 2.77s 
22481      INFO  main            d.u.i.k.p.i.AbstractProblemLoader Replaying proof BinarySearch[BinarySearch::search([I,int)].JML normal_behavior operation contract.0 
22486      DEBUG main            d.u.i.k.p.i.IntermediateProofReplayer Proof replay took 7.2ns 
25815      INFO  main            d.u.i.k.p.r.p.TestFile    ... finished proof: closed. 
26002      INFO  main            d.u.i.k.p.i.AbstractProblemLoader Loading environment from /home/runner/work/key/key/key.core/../key.ui/examples/heap/WeideEtAl_02_BinarySearch/BinarySearch_search.key.proof 
26002      DEBUG main            d.u.i.k.p.i.AbstractProblemLoader Environment load took 460.01ns 
26004      INFO  main            d.u.i.k.p.i.AbstractProblemLoader Creating init config 
28613      DEBUG main            d.u.i.k.p.i.AbstractProblemLoader Init config took 2.61s 
28659      INFO  main            d.u.i.k.p.i.AbstractProblemLoader Replaying proof BinarySearch[BinarySearch::search([I,int)].JML normal_behavior operation contract.0 
29179      DEBUG main            d.u.i.k.p.i.IntermediateProofReplayer Proof replay took 501.36ms 
29181      DEBUG main            d.u.i.k.p.r.p.TestFile    ... success: reloaded. 
2416227    INFO  Test worker     d.u.i.k.p.r.RunAllProofsTestUnit Returning from test WeideEtAl 
2416228    INFO  Test worker     d.u.i.k.p.r.RunAllProofsTestUnit Running test arithmetic 
358        INFO  Timeout watchdog d.u.i.k.p.r.p.ForkedTestFileRunner Timeout watcher launched (2000 secs.) 
378        WARN  main            d.u.i.k.s.ProofSettings   The settings in /home/runner/.key/proof-settings.props are *not* read. 
429        INFO  main            d.u.i.k.p.r.p.TestFile    Now processing file /home/runner/work/key/key/key.core/../key.ui/examples/standard_key/arith/binomial1.key 
560        INFO  main            d.u.i.k.p.i.AbstractProblemLoader Loading environment from /home/runner/work/key/key/key.core/../key.ui/examples/standard_key/arith/binomial1.key 
576        DEBUG main            d.u.i.k.p.i.AbstractProblemLoader Environment load took 1.98ms 
817        INFO  main            d.u.i.k.p.i.AbstractProblemLoader Creating init config 
1865       DEBUG main            d.u.i.k.j.TypeConverter   No LDT found for Meta 
1866       DEBUG main            d.u.i.k.j.TypeConverter   No LDT found for Meta 
1869       DEBUG main            d.u.i.k.j.TypeConverter   No LDT found for Meta 
1869       DEBUG main            d.u.i.k.j.TypeConverter   No LDT found for Meta 
3434       DEBUG main            d.u.i.k.j.TypeConverter   No LDT found for JavaBigintExpression 
8390       DEBUG main            d.u.i.k.p.i.AbstractProblemLoader Init config took 7.57s 
8475       INFO  main            d.u.i.k.p.i.AbstractProblemLoader Replaying proof binomial1.key 
8515       DEBUG main            d.u.i.k.p.i.IntermediateProofReplayer Proof replay took 37.1ns 
8794       INFO  main            d.u.i.k.p.r.p.TestFile    ... finished proof: closed. 
8902       INFO  main            d.u.i.k.p.i.AbstractProblemLoader Loading environment from /home/runner/work/key/key/key.core/../key.ui/examples/standard_key/arith/binomial1.key.proof 
8902       DEBUG main            d.u.i.k.p.i.AbstractProblemLoader Environment load took 225.21ns 
8906       INFO  main            d.u.i.k.p.i.AbstractProblemLoader Creating init config 
11553      DEBUG main            d.u.i.k.p.i.AbstractProblemLoader Init config took 2.65s 
11582      INFO  main            d.u.i.k.p.i.AbstractProblemLoader Replaying proof binomial1.key.proof 
11598      DEBUG main            d.u.i.k.p.i.IntermediateProofReplayer Proof replay took 11.56ms 
11609      DEBUG main            d.u.i.k.p.r.p.TestFile    ... success: reloaded. 
11610      INFO  main            d.u.i.k.p.r.p.TestFile    Now processing file /home/runner/work/key/key/key.core/../key.ui/examples/standard_key/arith/binomial2.key 
11610      INFO  main            d.u.i.k.p.i.AbstractProblemLoader Loading environment from /home/runner/work/key/key/key.core/../key.ui/examples/standard_key/arith/binomial2.key 
11611      DEBUG main            d.u.i.k.p.i.AbstractProblemLoader Environment load took 233.2ns 
11612      INFO  main            d.u.i.k.p.i.AbstractProblemLoader Creating init config 
14157      DEBUG main            d.u.i.k.p.i.AbstractProblemLoader Init config took 2.54s 
14197      INFO  main            d.u.i.k.p.i.AbstractProblemLoader Replaying proof binomial2.key 
14203      DEBUG main            d.u.i.k.p.i.IntermediateProofReplayer Proof replay took 7.2ns 
14306      INFO  main            d.u.i.k.p.r.p.TestFile    ... finished proof: closed. 
14427      INFO  main            d.u.i.k.p.i.AbstractProblemLoader Loading environment from /home/runner/work/key/key/key.core/../key.ui/examples/standard_key/arith/binomial2.key.proof 
14427      DEBUG main            d.u.i.k.p.i.AbstractProblemLoader Environment load took 465.81ns 
14429      INFO  main            d.u.i.k.p.i.AbstractProblemLoader Creating init config 
16973      DEBUG main            d.u.i.k.p.i.AbstractProblemLoader Init config took 2.54s 
17001      INFO  main            d.u.i.k.p.i.AbstractProblemLoader Replaying proof binomial2.key.proof 
17024      DEBUG main            d.u.i.k.p.i.IntermediateProofReplayer Proof replay took 18.65ms 
17027      DEBUG main            d.u.i.k.p.r.p.TestFile    ... success: reloaded. 
17029      INFO  main            d.u.i.k.p.r.p.TestFile    Now processing file /home/runner/work/key/key/key.core/../key.ui/examples/standard_key/arith/check_jdiv.key 
17030      INFO  main            d.u.i.k.p.i.AbstractProblemLoader Loading environment from /home/runner/work/key/key/key.core/../key.ui/examples/standard_key/arith/check_jdiv.key 
17030      DEBUG main            d.u.i.k.p.i.AbstractProblemLoader Environment load took 232.41ns 
17032      INFO  main            d.u.i.k.p.i.AbstractProblemLoader Creating init config 
19543      DEBUG main            d.u.i.k.p.i.AbstractProblemLoader Init config took 2.51s 
19565      INFO  main            d.u.i.k.p.i.AbstractProblemLoader Replaying proof check_jdiv.key 
19569      DEBUG main            d.u.i.k.p.i.IntermediateProofReplayer Proof replay took 6.6ns 
24575      INFO  main            d.u.i.k.p.r.p.TestFile    ... finished proof: closed. 
24813      INFO  main            d.u.i.k.p.i.AbstractProblemLoader Loading environment from /home/runner/work/key/key/key.core/../key.ui/examples/standard_key/arith/check_jdiv.key.proof 
24814      DEBUG main            d.u.i.k.p.i.AbstractProblemLoader Environment load took 462.61ns 
24820      INFO  main            d.u.i.k.p.i.AbstractProblemLoader Creating init config 
27286      DEBUG main            d.u.i.k.p.i.AbstractProblemLoader Init config took 2.47s 
27315      INFO  main            d.u.i.k.p.i.AbstractProblemLoader Replaying proof check_jdiv.key.proof 
27727      DEBUG main            d.u.i.k.p.i.IntermediateProofReplayer Proof replay took 363.71ms 
27729      DEBUG main            d.u.i.k.p.r.p.TestFile    ... success: reloaded. 
27731      INFO  main            d.u.i.k.p.r.p.TestFile    Now processing file /home/runner/work/key/key/key.core/../key.ui/examples/standard_key/arith/check_jdiv_concrete.key 
27732      INFO  main            d.u.i.k.p.i.AbstractProblemLoader Loading environment from /home/runner/work/key/key/key.core/../key.ui/examples/standard_key/arith/check_jdiv_concrete.key 
27732      DEBUG main            d.u.i.k.p.i.AbstractProblemLoader Environment load took 118.3ns 
27734      INFO  main            d.u.i.k.p.i.AbstractProblemLoader Creating init config 
30194      DEBUG main            d.u.i.k.p.i.AbstractProblemLoader Init config took 2.46s 
30213      INFO  main            d.u.i.k.p.i.AbstractProblemLoader Replaying proof check_jdiv_concrete.key 
30215      DEBUG main            d.u.i.k.p.i.IntermediateProofReplayer Proof replay took 6.5ns 
30318      INFO  main            d.u.i.k.p.r.p.TestFile    ... finished proof: closed. 
30517      INFO  main            d.u.i.k.p.i.AbstractProblemLoader Loading environment from /home/runner/work/key/key/key.core/../key.ui/examples/standard_key/arith/check_jdiv_concrete.key.proof 
30517      DEBUG main            d.u.i.k.p.i.AbstractProblemLoader Environment load took 129.2ns 
30519      INFO  main            d.u.i.k.p.i.AbstractProblemLoader Creating init config 
32923      DEBUG main            d.u.i.k.p.i.AbstractProblemLoader Init config took 2.4s 
32943      INFO  main            d.u.i.k.p.i.AbstractProblemLoader Replaying proof check_jdiv_concrete.key.proof 
32948      DEBUG main            d.u.i.k.p.i.IntermediateProofReplayer Proof replay took 3.24ms 
32949      DEBUG main            d.u.i.k.p.r.p.TestFile    ... success: reloaded. 
32951      INFO  main            d.u.i.k.p.r.p.TestFile    Now processing file /home/runner/work/key/key/key.core/../key.ui/examples/standard_key/arith/check_jdiv_instantiated.key 
32951      INFO  main            d.u.i.k.p.i.AbstractProblemLoader Loading environment from /home/runner/work/key/key/key.core/../key.ui/examples/standard_key/arith/check_jdiv_instantiated.key 
32951      DEBUG main            d.u.i.k.p.i.AbstractProblemLoader Environment load took 143ns 
32953      INFO  main            d.u.i.k.p.i.AbstractProblemLoader Creating init config 
35340      DEBUG main            d.u.i.k.p.i.AbstractProblemLoader Init config took 2.39s 
35361      INFO  main            d.u.i.k.p.i.AbstractProblemLoader Replaying proof check_jdiv_instantiated.key 
35363      DEBUG main            d.u.i.k.p.i.IntermediateProofReplayer Proof replay took 6.3ns 
38753      INFO  main            d.u.i.k.p.r.p.TestFile    ... finished proof: closed. 
38962      INFO  main            d.u.i.k.p.i.AbstractProblemLoader Loading environment from /home/runner/work/key/key/key.core/../key.ui/examples/standard_key/arith/check_jdiv_instantiated.key.proof 
38963      DEBUG main            d.u.i.k.p.i.AbstractProblemLoader Environment load took 453.71ns 
38965      INFO  main            d.u.i.k.p.i.AbstractProblemLoader Creating init config 
41348      DEBUG main            d.u.i.k.p.i.AbstractProblemLoader Init config took 2.38s 
41379      INFO  main            d.u.i.k.p.i.AbstractProblemLoader Replaying proof check_jdiv_instantiated.key.proof 
41598      DEBUG main            d.u.i.k.p.i.IntermediateProofReplayer Proof replay took 189.34ms 
41601      DEBUG main            d.u.i.k.p.r.p.TestFile    ... success: reloaded. 
41602      INFO  main            d.u.i.k.p.r.p.TestFile    Now processing file /home/runner/work/key/key/key.core/../key.ui/examples/standard_key/arith/check_jmod.key 
41603      INFO  main            d.u.i.k.p.i.AbstractProblemLoader Loading environment from /home/runner/work/key/key/key.core/../key.ui/examples/standard_key/arith/check_jmod.key 
41606      DEBUG main            d.u.i.k.p.i.AbstractProblemLoader Environment load took 2.94ms 
41607      INFO  main            d.u.i.k.p.i.AbstractProblemLoader Creating init config 
44020      DEBUG main            d.u.i.k.p.i.AbstractProblemLoader Init config took 2.41s 
44039      INFO  main            d.u.i.k.p.i.AbstractProblemLoader Replaying proof check_jmod.key 
44042      DEBUG main            d.u.i.k.p.i.IntermediateProofReplayer Proof replay took 5.8ns 
44649      INFO  main            d.u.i.k.p.r.p.TestFile    ... finished proof: closed. 
44893      INFO  main            d.u.i.k.p.i.AbstractProblemLoader Loading environment from /home/runner/work/key/key/key.core/../key.ui/examples/standard_key/arith/check_jmod.key.proof 
44893      DEBUG main            d.u.i.k.p.i.AbstractProblemLoader Environment load took 493.31ns 
44895      INFO  main            d.u.i.k.p.i.AbstractProblemLoader Creating init config 
47208      DEBUG main            d.u.i.k.p.i.AbstractProblemLoader Init config took 2.31s 
47227      INFO  main            d.u.i.k.p.i.AbstractProblemLoader Replaying proof check_jmod.key.proof 
47281      DEBUG main            d.u.i.k.p.i.IntermediateProofReplayer Proof replay took 47.91ms 
47282      DEBUG main            d.u.i.k.p.r.p.TestFile    ... success: reloaded. 
47283      INFO  main            d.u.i.k.p.r.p.TestFile    Now processing file /home/runner/work/key/key/key.core/../key.ui/examples/standard_key/arith/complexExpressions.key 
47284      INFO  main            d.u.i.k.p.i.AbstractProblemLoader Loading environment from /home/runner/work/key/key/key.core/../key.ui/examples/standard_key/arith/complexExpressions.key 
47284      DEBUG main            d.u.i.k.p.i.AbstractProblemLoader Environment load took 231.8ns 
47285      INFO  main            d.u.i.k.p.i.AbstractProblemLoader Creating init config 
49666      DEBUG main            d.u.i.k.p.i.AbstractProblemLoader Init config took 2.38s 
49687      INFO  main            d.u.i.k.p.i.AbstractProblemLoader Replaying proof complexExpressions.key 
49689      DEBUG main            d.u.i.k.p.i.IntermediateProofReplayer Proof replay took 7.4ns 
49795      INFO  main            d.u.i.k.p.r.p.TestFile    ... finished proof: closed. 
50015      INFO  main            d.u.i.k.p.i.AbstractProblemLoader Loading environment from /home/runner/work/key/key/key.core/../key.ui/examples/standard_key/arith/complexExpressions.key.proof 
50015      DEBUG main            d.u.i.k.p.i.AbstractProblemLoader Environment load took 144.3ns 
50016      INFO  main            d.u.i.k.p.i.AbstractProblemLoader Creating init config 
52361      DEBUG main            d.u.i.k.p.i.AbstractProblemLoader Init config took 2.34s 
52380      INFO  main            d.u.i.k.p.i.AbstractProblemLoader Replaying proof complexExpressions.key.proof 
52395      DEBUG main            d.u.i.k.p.i.IntermediateProofReplayer Proof replay took 12.34ms 
52396      DEBUG main            d.u.i.k.p.r.p.TestFile    ... success: reloaded. 
52397      INFO  main            d.u.i.k.p.r.p.TestFile    Now processing file /home/runner/work/key/key/key.core/../key.ui/examples/standard_key/arith/compound_unaryMinus.key 
52397      INFO  main            d.u.i.k.p.i.AbstractProblemLoader Loading environment from /home/runner/work/key/key/key.core/../key.ui/examples/standard_key/arith/compound_unaryMinus.key 
52397      DEBUG main            d.u.i.k.p.i.AbstractProblemLoader Environment load took 101.5ns 
52398      INFO  main            d.u.i.k.p.i.AbstractProblemLoader Creating init config 
54812      DEBUG main            d.u.i.k.p.i.AbstractProblemLoader Init config took 2.41s 
54830      INFO  main            d.u.i.k.p.i.AbstractProblemLoader Replaying proof compound_unaryMinus.key 
54832      DEBUG main            d.u.i.k.p.i.IntermediateProofReplayer Proof replay took 6.1ns 
54934      INFO  main            d.u.i.k.p.r.p.TestFile    ... finished proof: closed. 
55093      INFO  main            d.u.i.k.p.i.AbstractProblemLoader Loading environment from /home/runner/work/key/key/key.core/../key.ui/examples/standard_key/arith/compound_unaryMinus.key.proof 
55093      DEBUG main            d.u.i.k.p.i.AbstractProblemLoader Environment load took 127.5ns 
55094      INFO  main            d.u.i.k.p.i.AbstractProblemLoader Creating init config 
57457      DEBUG main            d.u.i.k.p.i.AbstractProblemLoader Init config took 2.36s 
57475      INFO  main            d.u.i.k.p.i.AbstractProblemLoader Replaying proof compound_unaryMinus.key.proof 
57481      DEBUG main            d.u.i.k.p.i.IntermediateProofReplayer Proof replay took 3.71ms 
57482      DEBUG main            d.u.i.k.p.r.p.TestFile    ... success: reloaded. 
57483      INFO  main            d.u.i.k.p.r.p.TestFile    Now processing file /home/runner/work/key/key/key.core/../key.ui/examples/standard_key/arith/computation.key 
57485      INFO  main            d.u.i.k.p.i.AbstractProblemLoader Loading environment from /home/runner/work/key/key/key.core/../key.ui/examples/standard_key/arith/computation.key 
57486      DEBUG main            d.u.i.k.p.i.AbstractProblemLoader Environment load took 116.3ns 
57487      INFO  main            d.u.i.k.p.i.AbstractProblemLoader Creating init config 
59859      DEBUG main            d.u.i.k.p.i.AbstractProblemLoader Init config took 2.37s 
59878      INFO  main            d.u.i.k.p.i.AbstractProblemLoader Replaying proof computation.key 
59880      DEBUG main            d.u.i.k.p.i.IntermediateProofReplayer Proof replay took 7.2ns 
61321      INFO  main            d.u.i.k.p.r.p.TestFile    ... finished proof: closed. 
61601      INFO  main            d.u.i.k.p.i.AbstractProblemLoader Loading environment from /home/runner/work/key/key/key.core/../key.ui/examples/standard_key/arith/computation.key.proof 
61602      DEBUG main            d.u.i.k.p.i.AbstractProblemLoader Environment load took 486.91ns 
61607      INFO  main            d.u.i.k.p.i.AbstractProblemLoader Creating init config 
63928      DEBUG main            d.u.i.k.p.i.AbstractProblemLoader Init config took 2.32s 
63947      INFO  main            d.u.i.k.p.i.AbstractProblemLoader Replaying proof computation.key.proof 
64084      DEBUG main            d.u.i.k.p.i.IntermediateProofReplayer Proof replay took 132.11ms 
64086      DEBUG main            d.u.i.k.p.r.p.TestFile    ... success: reloaded. 
64087      INFO  main            d.u.i.k.p.r.p.TestFile    Now processing file /home/runner/work/key/key/key.core/../key.ui/examples/standard_key/arith/cubicSum.key 
64087      INFO  main            d.u.i.k.p.i.AbstractProblemLoader Loading environment from /home/runner/work/key/key/key.core/../key.ui/examples/standard_key/arith/cubicSum.key 
64088      DEBUG main            d.u.i.k.p.i.AbstractProblemLoader Environment load took 212.6ns 
64089      INFO  main            d.u.i.k.p.i.AbstractProblemLoader Creating init config 
66591      DEBUG main            d.u.i.k.p.i.AbstractProblemLoader Init config took 2.5s 
66609      INFO  main            d.u.i.k.p.i.AbstractProblemLoader Replaying proof cubicSum.key 
66611      DEBUG main            d.u.i.k.p.i.IntermediateProofReplayer Proof replay took 7ns 
67521      INFO  main            d.u.i.k.p.r.p.TestFile    ... finished proof: closed. 
67867      INFO  main            d.u.i.k.p.i.AbstractProblemLoader Loading environment from /home/runner/work/key/key/key.core/../key.ui/examples/standard_key/arith/cubicSum.key.proof 
67869      DEBUG main            d.u.i.k.p.i.AbstractProblemLoader Environment load took 1.67ms 
67871      INFO  main            d.u.i.k.p.i.AbstractProblemLoader Creating init config 
70309      DEBUG main            d.u.i.k.p.i.AbstractProblemLoader Init config took 2.44s 
70330      INFO  main            d.u.i.k.p.i.AbstractProblemLoader Replaying proof cubicSum.key.proof 
70494      DEBUG main            d.u.i.k.p.i.IntermediateProofReplayer Proof replay took 160.41ms 
70495      DEBUG main            d.u.i.k.p.r.p.TestFile    ... success: reloaded. 
70496      INFO  main            d.u.i.k.p.r.p.TestFile    Now processing file /home/runner/work/key/key/key.core/../key.ui/examples/standard_key/arith/divByZero.key 
70497      INFO  main            d.u.i.k.p.i.AbstractProblemLoader Loading environment from /home/runner/work/key/key/key.core/../key.ui/examples/standard_key/arith/divByZero.key 
70497      DEBUG main            d.u.i.k.p.i.AbstractProblemLoader Environment load took 98.3ns 
70498      INFO  main            d.u.i.k.p.i.AbstractProblemLoader Creating init config 
72985      DEBUG main            d.u.i.k.p.i.AbstractProblemLoader Init config took 2.49s 
73001      INFO  main            d.u.i.k.p.i.AbstractProblemLoader Replaying proof divByZero.key 
73003      DEBUG main            d.u.i.k.p.i.IntermediateProofReplayer Proof replay took 6.5ns 
73206      INFO  main            d.u.i.k.p.r.p.TestFile    ... finished proof: closed. 
73412      INFO  main            d.u.i.k.p.i.AbstractProblemLoader Loading environment from /home/runner/work/key/key/key.core/../key.ui/examples/standard_key/arith/divByZero.key.proof 
73412      DEBUG main            d.u.i.k.p.i.AbstractProblemLoader Environment load took 128.8ns 
73414      INFO  main            d.u.i.k.p.i.AbstractProblemLoader Creating init config 
75756      DEBUG main            d.u.i.k.p.i.AbstractProblemLoader Init config took 2.34s 
75772      INFO  main            d.u.i.k.p.i.AbstractProblemLoader Replaying proof divByZero.key.proof 
75808      DEBUG main            d.u.i.k.p.i.IntermediateProofReplayer Proof replay took 32.71ms 
75809      DEBUG main            d.u.i.k.p.r.p.TestFile    ... success: reloaded. 
75810      INFO  main            d.u.i.k.p.r.p.TestFile    Now processing file /home/runner/work/key/key/key.core/../key.ui/examples/standard_key/arith/divisionAssoc.key 
75810      INFO  main            d.u.i.k.p.i.AbstractProblemLoader Loading environment from /home/runner/work/key/key/key.core/../key.ui/examples/standard_key/arith/divisionAssoc.key 
75811      DEBUG main            d.u.i.k.p.i.AbstractProblemLoader Environment load took 209.9ns 
75812      INFO  main            d.u.i.k.p.i.AbstractProblemLoader Creating init config 
78205      DEBUG main            d.u.i.k.p.i.AbstractProblemLoader Init config took 2.39s 
78220      INFO  main            d.u.i.k.p.i.AbstractProblemLoader Replaying proof divisionAssoc.key 
78222      DEBUG main            d.u.i.k.p.i.IntermediateProofReplayer Proof replay took 7.3ns 
78933      INFO  main            d.u.i.k.p.r.p.TestFile    ... finished proof: closed. 
79146      INFO  main            d.u.i.k.p.i.AbstractProblemLoader Loading environment from /home/runner/work/key/key/key.core/../key.ui/examples/standard_key/arith/divisionAssoc.key.proof 
79146      DEBUG main            d.u.i.k.p.i.AbstractProblemLoader Environment load took 471.51ns 
79148      INFO  main            d.u.i.k.p.i.AbstractProblemLoader Creating init config 
81438      DEBUG main            d.u.i.k.p.i.AbstractProblemLoader Init config took 2.29s 
81454      INFO  main            d.u.i.k.p.i.AbstractProblemLoader Replaying proof divisionAssoc.key.proof 
81515      DEBUG main            d.u.i.k.p.i.IntermediateProofReplayer Proof replay took 55.72ms 
81516      DEBUG main            d.u.i.k.p.r.p.TestFile    ... success: reloaded. 
81517      INFO  main            d.u.i.k.p.r.p.TestFile    Now processing file /home/runner/work/key/key/key.core/../key.ui/examples/standard_key/arith/divisionBy2.key 
81518      INFO  main            d.u.i.k.p.i.AbstractProblemLoader Loading environment from /home/runner/work/key/key/key.core/../key.ui/examples/standard_key/arith/divisionBy2.key 
81518      DEBUG main            d.u.i.k.p.i.AbstractProblemLoader Environment load took 205.2ns 
81519      INFO  main            d.u.i.k.p.i.AbstractProblemLoader Creating init config 
83859      DEBUG main            d.u.i.k.p.i.AbstractProblemLoader Init config took 2.34s 
83875      INFO  main            d.u.i.k.p.i.AbstractProblemLoader Replaying proof divisionBy2.key 
83876      DEBUG main            d.u.i.k.p.i.IntermediateProofReplayer Proof replay took 6.8ns 
83979      INFO  main            d.u.i.k.p.r.p.TestFile    ... finished proof: closed. 
84195      INFO  main            d.u.i.k.p.i.AbstractProblemLoader Loading environment from /home/runner/work/key/key/key.core/../key.ui/examples/standard_key/arith/divisionBy2.key.proof 
84195      DEBUG main            d.u.i.k.p.i.AbstractProblemLoader Environment load took 122.4ns 
84196      INFO  main            d.u.i.k.p.i.AbstractProblemLoader Creating init config 
86482      DEBUG main            d.u.i.k.p.i.AbstractProblemLoader Init config took 2.29s 
86496      INFO  main            d.u.i.k.p.i.AbstractProblemLoader Replaying proof divisionBy2.key.proof 
86503      DEBUG main            d.u.i.k.p.i.IntermediateProofReplayer Proof replay took 4.87ms 
86504      DEBUG main            d.u.i.k.p.r.p.TestFile    ... success: reloaded. 
86505      INFO  main            d.u.i.k.p.r.p.TestFile    Now processing file /home/runner/work/key/key/key.core/../key.ui/examples/standard_key/arith/euclidean/gcdHelp-post.key 
86505      INFO  main            d.u.i.k.p.i.AbstractProblemLoader Loading environment from /home/runner/work/key/key/key.core/../key.ui/examples/standard_key/arith/euclidean/gcdHelp-post.key 
86505      DEBUG main            d.u.i.k.p.i.AbstractProblemLoader Environment load took 99.7ns 
86506      INFO  main            d.u.i.k.p.i.AbstractProblemLoader Creating init config 
88981      DEBUG main            d.u.i.k.p.i.AbstractProblemLoader Init config took 2.47s 
88996      INFO  main            d.u.i.k.p.i.AbstractProblemLoader Replaying proof gcdHelp-post.key 
88998      DEBUG main            d.u.i.k.p.i.IntermediateProofReplayer Proof replay took 6.3ns 
92108      INFO  main            d.u.i.k.p.r.p.TestFile    ... finished proof: closed. 
92349      INFO  main            d.u.i.k.p.i.AbstractProblemLoader Loading environment from /home/runner/work/key/key/key.core/../key.ui/examples/standard_key/arith/euclidean/gcdHelp-post.key.proof 
92349      DEBUG main            d.u.i.k.p.i.AbstractProblemLoader Environment load took 471.21ns 
92351      INFO  main            d.u.i.k.p.i.AbstractProblemLoader Creating init config 
94708      DEBUG main            d.u.i.k.p.i.AbstractProblemLoader Init config took 2.36s 
94729      INFO  main            d.u.i.k.p.i.AbstractProblemLoader Replaying proof gcdHelp-post.key.proof 
94931      DEBUG main            d.u.i.k.p.i.IntermediateProofReplayer Proof replay took 191.16ms 
94932      DEBUG main            d.u.i.k.p.r.p.TestFile    ... success: reloaded. 
94934      INFO  main            d.u.i.k.p.r.p.TestFile    Now processing file /home/runner/work/key/key/key.core/../key.ui/examples/standard_key/arith/gemplusDecimal/add.key 
94934      INFO  main            d.u.i.k.p.i.AbstractProblemLoader Loading environment from /home/runner/work/key/key/key.core/../key.ui/examples/standard_key/arith/gemplusDecimal/add.key 
94935      DEBUG main            d.u.i.k.p.i.AbstractProblemLoader Environment load took 253ns 
94937      INFO  main            d.u.i.k.p.i.AbstractProblemLoader Creating init config 
97345      DEBUG main            d.u.i.k.p.i.AbstractProblemLoader Init config took 2.41s 
97362      INFO  main            d.u.i.k.p.i.AbstractProblemLoader Replaying proof add.key 
97363      DEBUG main            d.u.i.k.p.i.IntermediateProofReplayer Proof replay took 6.2ns 
139588     INFO  main            d.u.i.k.p.r.p.TestFile    ... finished proof: closed. 
139961     INFO  main            d.u.i.k.p.i.AbstractProblemLoader Loading environment from /home/runner/work/key/key/key.core/../key.ui/examples/standard_key/arith/gemplusDecimal/add.key.proof 
139962     DEBUG main            d.u.i.k.p.i.AbstractProblemLoader Environment load took 460.31ns 
139970     INFO  main            d.u.i.k.p.i.AbstractProblemLoader Creating init config 
142272     DEBUG main            d.u.i.k.p.i.AbstractProblemLoader Init config took 2.3s 
142289     INFO  main            d.u.i.k.p.i.AbstractProblemLoader Replaying proof add.key.proof 
146109     DEBUG main            d.u.i.k.p.i.IntermediateProofReplayer Proof replay took 3.69s 
146117     DEBUG main            d.u.i.k.p.r.p.TestFile    ... success: reloaded. 
146118     INFO  main            d.u.i.k.p.r.p.TestFile    Now processing file /home/runner/work/key/key/key.core/../key.ui/examples/standard_key/arith/jdivevenodd.key 
146119     INFO  main            d.u.i.k.p.i.AbstractProblemLoader Loading environment from /home/runner/work/key/key/key.core/../key.ui/examples/standard_key/arith/jdivevenodd.key 
146119     DEBUG main            d.u.i.k.p.i.AbstractProblemLoader Environment load took 206.7ns 
146120     INFO  main            d.u.i.k.p.i.AbstractProblemLoader Creating init config 
148505     DEBUG main            d.u.i.k.p.i.AbstractProblemLoader Init config took 2.38s 
148519     INFO  main            d.u.i.k.p.i.AbstractProblemLoader Replaying proof jdivevenodd.key 
148520     DEBUG main            d.u.i.k.p.i.IntermediateProofReplayer Proof replay took 6ns 
148723     INFO  main            d.u.i.k.p.r.p.TestFile    ... finished proof: closed. 
149079     INFO  main            d.u.i.k.p.i.AbstractProblemLoader Loading environment from /home/runner/work/key/key/key.core/../key.ui/examples/standard_key/arith/jdivevenodd.key.proof 
149079     DEBUG main            d.u.i.k.p.i.AbstractProblemLoader Environment load took 147.1ns 
149081     INFO  main            d.u.i.k.p.i.AbstractProblemLoader Creating init config 
151412     DEBUG main            d.u.i.k.p.i.AbstractProblemLoader Init config took 2.33s 
151426     INFO  main            d.u.i.k.p.i.AbstractProblemLoader Replaying proof jdivevenodd.key.proof 
151443     DEBUG main            d.u.i.k.p.i.IntermediateProofReplayer Proof replay took 13.54ms 
151444     DEBUG main            d.u.i.k.p.r.p.TestFile    ... success: reloaded. 
151445     INFO  main            d.u.i.k.p.r.p.TestFile    Now processing file /home/runner/work/key/key/key.core/../key.ui/examples/standard_key/arith/median.key 
151446     INFO  main            d.u.i.k.p.i.AbstractProblemLoader Loading environment from /home/runner/work/key/key/key.core/../key.ui/examples/standard_key/arith/median.key 
151446     DEBUG main            d.u.i.k.p.i.AbstractProblemLoader Environment load took 149.2ns 
151447     INFO  main            d.u.i.k.p.i.AbstractProblemLoader Creating init config 
153722     DEBUG main            d.u.i.k.p.i.AbstractProblemLoader Init config took 2.27s 
153737     INFO  main            d.u.i.k.p.i.AbstractProblemLoader Replaying proof median.key 
153739     DEBUG main            d.u.i.k.p.i.IntermediateProofReplayer Proof replay took 6.5ns 
169029     INFO  main            d.u.i.k.p.r.p.TestFile    ... finished proof: closed. 
169353     INFO  main            d.u.i.k.p.i.AbstractProblemLoader Loading environment from /home/runner/work/key/key/key.core/../key.ui/examples/standard_key/arith/median.key.proof 
169358     DEBUG main            d.u.i.k.p.i.AbstractProblemLoader Environment load took 5.47ms 
169362     INFO  main            d.u.i.k.p.i.AbstractProblemLoader Creating init config 
171608     DEBUG main            d.u.i.k.p.i.AbstractProblemLoader Init config took 2.25s 
171625     INFO  main            d.u.i.k.p.i.AbstractProblemLoader Replaying proof median.key.proof 
172806     DEBUG main            d.u.i.k.p.i.IntermediateProofReplayer Proof replay took 1.11s 
172809     DEBUG main            d.u.i.k.p.r.p.TestFile    ... success: reloaded. 
172810     INFO  main            d.u.i.k.p.r.p.TestFile    Now processing file /home/runner/work/key/key/key.core/../key.ui/examples/standard_key/arith/mod1.key 
172811     INFO  main            d.u.i.k.p.i.AbstractProblemLoader Loading environment from /home/runner/work/key/key/key.core/../key.ui/examples/standard_key/arith/mod1.key 
172811     DEBUG main            d.u.i.k.p.i.AbstractProblemLoader Environment load took 211.9ns 
172812     INFO  main            d.u.i.k.p.i.AbstractProblemLoader Creating init config 
175165     DEBUG main            d.u.i.k.p.i.AbstractProblemLoader Init config took 2.35s 
175179     INFO  main            d.u.i.k.p.i.AbstractProblemLoader Replaying proof mod1.key 
175181     DEBUG main            d.u.i.k.p.i.IntermediateProofReplayer Proof replay took 6.4ns 
175283     INFO  main            d.u.i.k.p.r.p.TestFile    ... finished proof: closed. 
175584     INFO  main            d.u.i.k.p.i.AbstractProblemLoader Loading environment from /home/runner/work/key/key/key.core/../key.ui/examples/standard_key/arith/mod1.key.proof 
175585     DEBUG main            d.u.i.k.p.i.AbstractProblemLoader Environment load took 109ns 
175586     INFO  main            d.u.i.k.p.i.AbstractProblemLoader Creating init config 
177853     DEBUG main            d.u.i.k.p.i.AbstractProblemLoader Init config took 2.27s 
177866     INFO  main            d.u.i.k.p.i.AbstractProblemLoader Replaying proof mod1.key.proof 
177870     DEBUG main            d.u.i.k.p.i.IntermediateProofReplayer Proof replay took 2.19ms 
177871     DEBUG main            d.u.i.k.p.r.p.TestFile    ... success: reloaded. 
177871     INFO  main            d.u.i.k.p.r.p.TestFile    Now processing file /home/runner/work/key/key/key.core/../key.ui/examples/standard_key/arith/mod2.key 
177872     INFO  main            d.u.i.k.p.i.AbstractProblemLoader Loading environment from /home/runner/work/key/key/key.core/../key.ui/examples/standard_key/arith/mod2.key 
177872     DEBUG main            d.u.i.k.p.i.AbstractProblemLoader Environment load took 90.8ns 
177873     INFO  main            d.u.i.k.p.i.AbstractProblemLoader Creating init config 
180120     DEBUG main            d.u.i.k.p.i.AbstractProblemLoader Init config took 2.25s 
180132     INFO  main            d.u.i.k.p.i.AbstractProblemLoader Replaying proof mod2.key 
180134     DEBUG main            d.u.i.k.p.i.IntermediateProofReplayer Proof replay took 5.6ns 
180238     INFO  main            d.u.i.k.p.r.p.TestFile    ... finished proof: closed. 
180469     INFO  main            d.u.i.k.p.i.AbstractProblemLoader Loading environment from /home/runner/work/key/key/key.core/../key.ui/examples/standard_key/arith/mod2.key.proof 
180469     DEBUG main            d.u.i.k.p.i.AbstractProblemLoader Environment load took 106ns 
180470     INFO  main            d.u.i.k.p.i.AbstractProblemLoader Creating init config 
182727     DEBUG main            d.u.i.k.p.i.AbstractProblemLoader Init config took 2.26s 
182740     INFO  main            d.u.i.k.p.i.AbstractProblemLoader Replaying proof mod2.key.proof 
182743     DEBUG main            d.u.i.k.p.i.IntermediateProofReplayer Proof replay took 1.52ms 
182743     DEBUG main            d.u.i.k.p.r.p.TestFile    ... success: reloaded. 
182744     INFO  main            d.u.i.k.p.r.p.TestFile    Now processing file /home/runner/work/key/key/key.core/../key.ui/examples/standard_key/arith/mod7.key 
182744     INFO  main            d.u.i.k.p.i.AbstractProblemLoader Loading environment from /home/runner/work/key/key/key.core/../key.ui/examples/standard_key/arith/mod7.key 
182744     DEBUG main            d.u.i.k.p.i.AbstractProblemLoader Environment load took 74.6ns 
182745     INFO  main            d.u.i.k.p.i.AbstractProblemLoader Creating init config 
185038     DEBUG main            d.u.i.k.p.i.AbstractProblemLoader Init config took 2.29s 
185051     INFO  main            d.u.i.k.p.i.AbstractProblemLoader Replaying proof mod7.key 
185052     DEBUG main            d.u.i.k.p.i.IntermediateProofReplayer Proof replay took 6.2ns 
185155     INFO  main            d.u.i.k.p.r.p.TestFile    ... finished proof: closed. 
185384     INFO  main            d.u.i.k.p.i.AbstractProblemLoader Loading environment from /home/runner/work/key/key/key.core/../key.ui/examples/standard_key/arith/mod7.key.proof 
185384     DEBUG main            d.u.i.k.p.i.AbstractProblemLoader Environment load took 106.8ns 
185385     INFO  main            d.u.i.k.p.i.AbstractProblemLoader Creating init config 
187611     DEBUG main            d.u.i.k.p.i.AbstractProblemLoader Init config took 2.23s 
187623     INFO  main            d.u.i.k.p.i.AbstractProblemLoader Replaying proof mod7.key.proof 
187630     DEBUG main            d.u.i.k.p.i.IntermediateProofReplayer Proof replay took 5.09ms 
187631     DEBUG main            d.u.i.k.p.r.p.TestFile    ... success: reloaded. 
187631     INFO  main            d.u.i.k.p.r.p.TestFile    Now processing file /home/runner/work/key/key/key.core/../key.ui/examples/standard_key/arith/overflow_hija.key 
187632     INFO  main            d.u.i.k.p.i.AbstractProblemLoader Loading environment from /home/runner/work/key/key/key.core/../key.ui/examples/standard_key/arith/overflow_hija.key 
187632     DEBUG main            d.u.i.k.p.i.AbstractProblemLoader Environment load took 73.5ns 
187633     INFO  main            d.u.i.k.p.i.AbstractProblemLoader Creating init config 
189954     DEBUG main            d.u.i.k.p.i.AbstractProblemLoader Init config took 2.32s 
189970     INFO  main            d.u.i.k.p.i.AbstractProblemLoader Replaying proof overflow_hija.key 
189972     DEBUG main            d.u.i.k.p.i.IntermediateProofReplayer Proof replay took 5.8ns 
194435     INFO  main            d.u.i.k.p.r.p.TestFile    ... finished proof: closed. 
194730     INFO  main            d.u.i.k.p.i.AbstractProblemLoader Loading environment from /home/runner/work/key/key/key.core/../key.ui/examples/standard_key/arith/overflow_hija.key.proof 
194731     DEBUG main            d.u.i.k.p.i.AbstractProblemLoader Environment load took 433.31ns 
194733     INFO  main            d.u.i.k.p.i.AbstractProblemLoader Creating init config 
196993     DEBUG main            d.u.i.k.p.i.AbstractProblemLoader Init config took 2.26s 
197010     INFO  main            d.u.i.k.p.i.AbstractProblemLoader Replaying proof overflow_hija.key.proof 
197366     DEBUG main            d.u.i.k.p.i.IntermediateProofReplayer Proof replay took 346.41ms 
197368     DEBUG main            d.u.i.k.p.r.p.TestFile    ... success: reloaded. 
197370     INFO  main            d.u.i.k.p.r.p.TestFile    Now processing file /home/runner/work/key/key/key.core/../key.ui/examples/standard_key/arith/poly_division0.key 
197370     INFO  main            d.u.i.k.p.i.AbstractProblemLoader Loading environment from /home/runner/work/key/key/key.core/../key.ui/examples/standard_key/arith/poly_division0.key 
197370     DEBUG main            d.u.i.k.p.i.AbstractProblemLoader Environment load took 221.6ns 
197372     INFO  main            d.u.i.k.p.i.AbstractProblemLoader Creating init config 
199727     DEBUG main            d.u.i.k.p.i.AbstractProblemLoader Init config took 2.36s 
199740     INFO  main            d.u.i.k.p.i.AbstractProblemLoader Replaying proof poly_division0.key 
199741     DEBUG main            d.u.i.k.p.i.IntermediateProofReplayer Proof replay took 7.8ns 
199843     INFO  main            d.u.i.k.p.r.p.TestFile    ... finished proof: closed. 
200151     INFO  main            d.u.i.k.p.i.AbstractProblemLoader Loading environment from /home/runner/work/key/key/key.core/../key.ui/examples/standard_key/arith/poly_division0.key.proof 
200151     DEBUG main            d.u.i.k.p.i.AbstractProblemLoader Environment load took 124.5ns 
200152     INFO  main            d.u.i.k.p.i.AbstractProblemLoader Creating init config 
202402     DEBUG main            d.u.i.k.p.i.AbstractProblemLoader Init config took 2.25s 
202415     INFO  main            d.u.i.k.p.i.AbstractProblemLoader Replaying proof poly_division0.key.proof 
202424     DEBUG main            d.u.i.k.p.i.IntermediateProofReplayer Proof replay took 7.52ms 
202425     DEBUG main            d.u.i.k.p.r.p.TestFile    ... success: reloaded. 
202426     INFO  main            d.u.i.k.p.r.p.TestFile    Now processing file /home/runner/work/key/key/key.core/../key.ui/examples/standard_key/arith/poly_division1.key 
202426     INFO  main            d.u.i.k.p.i.AbstractProblemLoader Loading environment from /home/runner/work/key/key/key.core/../key.ui/examples/standard_key/arith/poly_division1.key 
202426     DEBUG main            d.u.i.k.p.i.AbstractProblemLoader Environment load took 73.9ns 
202427     INFO  main            d.u.i.k.p.i.AbstractProblemLoader Creating init config 
204698     DEBUG main            d.u.i.k.p.i.AbstractProblemLoader Init config took 2.27s 
204711     INFO  main            d.u.i.k.p.i.AbstractProblemLoader Replaying proof poly_division1.key 
204712     DEBUG main            d.u.i.k.p.i.IntermediateProofReplayer Proof replay took 7.1ns 
204815     INFO  main            d.u.i.k.p.r.p.TestFile    ... finished proof: closed. 
205056     INFO  main            d.u.i.k.p.i.AbstractProblemLoader Loading environment from /home/runner/work/key/key/key.core/../key.ui/examples/standard_key/arith/poly_division1.key.proof 
205056     DEBUG main            d.u.i.k.p.i.AbstractProblemLoader Environment load took 112.2ns 
205058     INFO  main            d.u.i.k.p.i.AbstractProblemLoader Creating init config 
207277     DEBUG main            d.u.i.k.p.i.AbstractProblemLoader Init config took 2.22s 
207290     INFO  main            d.u.i.k.p.i.AbstractProblemLoader Replaying proof poly_division1.key.proof 
207298     DEBUG main            d.u.i.k.p.i.IntermediateProofReplayer Proof replay took 5.67ms 
207298     DEBUG main            d.u.i.k.p.r.p.TestFile    ... success: reloaded. 
207299     INFO  main            d.u.i.k.p.r.p.TestFile    Now processing file /home/runner/work/key/key/key.core/../key.ui/examples/standard_key/inEqSimp/division.key 
207299     INFO  main            d.u.i.k.p.i.AbstractProblemLoader Loading environment from /home/runner/work/key/key/key.core/../key.ui/examples/standard_key/inEqSimp/division.key 
207299     DEBUG main            d.u.i.k.p.i.AbstractProblemLoader Environment load took 54.8ns 
207300     INFO  main            d.u.i.k.p.i.AbstractProblemLoader Creating init config 
209591     DEBUG main            d.u.i.k.p.i.AbstractProblemLoader Init config took 2.29s 
209605     INFO  main            d.u.i.k.p.i.AbstractProblemLoader Replaying proof division.key 
209607     DEBUG main            d.u.i.k.p.i.IntermediateProofReplayer Proof replay took 7.1ns 
211525     INFO  main            d.u.i.k.p.r.p.TestFile    ... finished proof: closed. 
211803     INFO  main            d.u.i.k.p.i.AbstractProblemLoader Loading environment from /home/runner/work/key/key/key.core/../key.ui/examples/standard_key/inEqSimp/division.key.proof 
211803     DEBUG main            d.u.i.k.p.i.AbstractProblemLoader Environment load took 436.81ns 
211805     INFO  main            d.u.i.k.p.i.AbstractProblemLoader Creating init config 
214052     DEBUG main            d.u.i.k.p.i.AbstractProblemLoader Init config took 2.25s 
214066     INFO  main            d.u.i.k.p.i.AbstractProblemLoader Replaying proof division.key.proof 
214139     DEBUG main            d.u.i.k.p.i.IntermediateProofReplayer Proof replay took 65.36ms 
214141     DEBUG main            d.u.i.k.p.r.p.TestFile    ... success: reloaded. 
214142     INFO  main            d.u.i.k.p.r.p.TestFile    Now processing file /home/runner/work/key/key/key.core/../key.ui/examples/standard_key/inEqSimp/inequations0.key 
214142     INFO  main            d.u.i.k.p.i.AbstractProblemLoader Loading environment from /home/runner/work/key/key/key.core/../key.ui/examples/standard_key/inEqSimp/inequations0.key 
214142     DEBUG main            d.u.i.k.p.i.AbstractProblemLoader Environment load took 219.6ns 
214143     INFO  main            d.u.i.k.p.i.AbstractProblemLoader Creating init config 
216455     DEBUG main            d.u.i.k.p.i.AbstractProblemLoader Init config took 2.31s 
216468     INFO  main            d.u.i.k.p.i.AbstractProblemLoader Replaying proof inequations0.key 
216469     DEBUG main            d.u.i.k.p.i.IntermediateProofReplayer Proof replay took 6.7ns 
216572     INFO  main            d.u.i.k.p.r.p.TestFile    ... finished proof: closed. 
216868     INFO  main            d.u.i.k.p.i.AbstractProblemLoader Loading environment from /home/runner/work/key/key/key.core/../key.ui/examples/standard_key/inEqSimp/inequations0.key.proof 
216868     DEBUG main            d.u.i.k.p.i.AbstractProblemLoader Environment load took 113.9ns 
216869     INFO  main            d.u.i.k.p.i.AbstractProblemLoader Creating init config 
219090     DEBUG main            d.u.i.k.p.i.AbstractProblemLoader Init config took 2.22s 
219104     INFO  main            d.u.i.k.p.i.AbstractProblemLoader Replaying proof inequations0.key.proof 
219107     DEBUG main            d.u.i.k.p.i.IntermediateProofReplayer Proof replay took 2.12ms 
219108     DEBUG main            d.u.i.k.p.r.p.TestFile    ... success: reloaded. 
219109     INFO  main            d.u.i.k.p.r.p.TestFile    Now processing file /home/runner/work/key/key/key.core/../key.ui/examples/standard_key/inEqSimp/inequations1.key 
219109     INFO  main            d.u.i.k.p.i.AbstractProblemLoader Loading environment from /home/runner/work/key/key/key.core/../key.ui/examples/standard_key/inEqSimp/inequations1.key 
219109     DEBUG main            d.u.i.k.p.i.AbstractProblemLoader Environment load took 84.2ns 
219110     INFO  main            d.u.i.k.p.i.AbstractProblemLoader Creating init config 
221430     DEBUG main            d.u.i.k.p.i.AbstractProblemLoader Init config took 2.32s 
221443     INFO  main            d.u.i.k.p.i.AbstractProblemLoader Replaying proof inequations1.key 
221444     DEBUG main            d.u.i.k.p.i.IntermediateProofReplayer Proof replay took 6.7ns 
221546     INFO  main            d.u.i.k.p.r.p.TestFile    ... finished proof: closed. 
221819     INFO  main            d.u.i.k.p.i.AbstractProblemLoader Loading environment from /home/runner/work/key/key/key.core/../key.ui/examples/standard_key/inEqSimp/inequations1.key.proof 
221819     DEBUG main            d.u.i.k.p.i.AbstractProblemLoader Environment load took 112.6ns 
221820     INFO  main            d.u.i.k.p.i.AbstractProblemLoader Creating init config 
224069     DEBUG main            d.u.i.k.p.i.AbstractProblemLoader Init config took 2.25s 
224083     INFO  main            d.u.i.k.p.i.AbstractProblemLoader Replaying proof inequations1.key.proof 
224086     DEBUG main            d.u.i.k.p.i.IntermediateProofReplayer Proof replay took 1.33ms 
224086     DEBUG main            d.u.i.k.p.r.p.TestFile    ... success: reloaded. 
224087     INFO  main            d.u.i.k.p.r.p.TestFile    Now processing file /home/runner/work/key/key/key.core/../key.ui/examples/standard_key/inEqSimp/inequations2.key 
224087     INFO  main            d.u.i.k.p.i.AbstractProblemLoader Loading environment from /home/runner/work/key/key/key.core/../key.ui/examples/standard_key/inEqSimp/inequations2.key 
224087     DEBUG main            d.u.i.k.p.i.AbstractProblemLoader Environment load took 49.6ns 
224088     INFO  main            d.u.i.k.p.i.AbstractProblemLoader Creating init config 
226369     DEBUG main            d.u.i.k.p.i.AbstractProblemLoader Init config took 2.28s 
226382     INFO  main            d.u.i.k.p.i.AbstractProblemLoader Replaying proof inequations2.key 
226383     DEBUG main            d.u.i.k.p.i.IntermediateProofReplayer Proof replay took 7.3ns 
226486     INFO  main            d.u.i.k.p.r.p.TestFile    ... finished proof: closed. 
226758     INFO  main            d.u.i.k.p.i.AbstractProblemLoader Loading environment from /home/runner/work/key/key/key.core/../key.ui/examples/standard_key/inEqSimp/inequations2.key.proof 
226758     DEBUG main            d.u.i.k.p.i.AbstractProblemLoader Environment load took 97.8ns 
226759     INFO  main            d.u.i.k.p.i.AbstractProblemLoader Creating init config 
228994     DEBUG main            d.u.i.k.p.i.AbstractProblemLoader Init config took 2.23s 
229007     INFO  main            d.u.i.k.p.i.AbstractProblemLoader Replaying proof inequations2.key.proof 
229011     DEBUG main            d.u.i.k.p.i.IntermediateProofReplayer Proof replay took 1.52ms 
229011     DEBUG main            d.u.i.k.p.r.p.TestFile    ... success: reloaded. 
229012     INFO  main            d.u.i.k.p.r.p.TestFile    Now processing file /home/runner/work/key/key/key.core/../key.ui/examples/standard_key/inEqSimp/linApprox.key 
229012     INFO  main            d.u.i.k.p.i.AbstractProblemLoader Loading environment from /home/runner/work/key/key/key.core/../key.ui/examples/standard_key/inEqSimp/linApprox.key 
229012     DEBUG main            d.u.i.k.p.i.AbstractProblemLoader Environment load took 129.4ns 
229014     INFO  main            d.u.i.k.p.i.AbstractProblemLoader Creating init config 
231300     DEBUG main            d.u.i.k.p.i.AbstractProblemLoader Init config took 2.29s 
231313     INFO  main            d.u.i.k.p.i.AbstractProblemLoader Replaying proof linApprox.key 
231315     DEBUG main            d.u.i.k.p.i.IntermediateProofReplayer Proof replay took 6.3ns 
231418     INFO  main            d.u.i.k.p.r.p.TestFile    ... finished proof: closed. 
231696     INFO  main            d.u.i.k.p.i.AbstractProblemLoader Loading environment from /home/runner/work/key/key/key.core/../key.ui/examples/standard_key/inEqSimp/linApprox.key.proof 
231696     DEBUG main            d.u.i.k.p.i.AbstractProblemLoader Environment load took 103.3ns 
231697     INFO  main            d.u.i.k.p.i.AbstractProblemLoader Creating init config 
233930     DEBUG main            d.u.i.k.p.i.AbstractProblemLoader Init config took 2.23s 
233943     INFO  main            d.u.i.k.p.i.AbstractProblemLoader Replaying proof linApprox.key.proof 
233947     DEBUG main            d.u.i.k.p.i.IntermediateProofReplayer Proof replay took 2.59ms 
233948     DEBUG main            d.u.i.k.p.r.p.TestFile    ... success: reloaded. 
233949     INFO  main            d.u.i.k.p.r.p.TestFile    Now processing file /home/runner/work/key/key/key.core/../key.ui/examples/standard_key/inEqSimp/nonLinInEqExample0.key 
233949     INFO  main            d.u.i.k.p.i.AbstractProblemLoader Loading environment from /home/runner/work/key/key/key.core/../key.ui/examples/standard_key/inEqSimp/nonLinInEqExample0.key 
233949     DEBUG main            d.u.i.k.p.i.AbstractProblemLoader Environment load took 70.3ns 
233950     INFO  main            d.u.i.k.p.i.AbstractProblemLoader Creating init config 
236250     DEBUG main            d.u.i.k.p.i.AbstractProblemLoader Init config took 2.3s 
236263     INFO  main            d.u.i.k.p.i.AbstractProblemLoader Replaying proof nonLinInEqExample0.key 
236264     DEBUG main            d.u.i.k.p.i.IntermediateProofReplayer Proof replay took 7ns 
236366     INFO  main            d.u.i.k.p.r.p.TestFile    ... finished proof: closed. 
236647     INFO  main            d.u.i.k.p.i.AbstractProblemLoader Loading environment from /home/runner/work/key/key/key.core/../key.ui/examples/standard_key/inEqSimp/nonLinInEqExample0.key.proof 
236647     DEBUG main            d.u.i.k.p.i.AbstractProblemLoader Environment load took 100.5ns 
236648     INFO  main            d.u.i.k.p.i.AbstractProblemLoader Creating init config 
238859     DEBUG main            d.u.i.k.p.i.AbstractProblemLoader Init config took 2.21s 
238871     INFO  main            d.u.i.k.p.i.AbstractProblemLoader Replaying proof nonLinInEqExample0.key.proof 
238874     DEBUG main            d.u.i.k.p.i.IntermediateProofReplayer Proof replay took 954.21ns 
238874     DEBUG main            d.u.i.k.p.r.p.TestFile    ... success: reloaded. 
238875     INFO  main            d.u.i.k.p.r.p.TestFile    Now processing file /home/runner/work/key/key/key.core/../key.ui/examples/standard_key/inEqSimp/nonLinInEqExample2.key 
238875     INFO  main            d.u.i.k.p.i.AbstractProblemLoader Loading environment from /home/runner/work/key/key/key.core/../key.ui/examples/standard_key/inEqSimp/nonLinInEqExample2.key 
238875     DEBUG main            d.u.i.k.p.i.AbstractProblemLoader Environment load took 108.7ns 
238876     INFO  main            d.u.i.k.p.i.AbstractProblemLoader Creating init config 
241154     DEBUG main            d.u.i.k.p.i.AbstractProblemLoader Init config took 2.28s 
241168     INFO  main            d.u.i.k.p.i.AbstractProblemLoader Replaying proof nonLinInEqExample2.key 
241169     DEBUG main            d.u.i.k.p.i.IntermediateProofReplayer Proof replay took 7ns 
241473     INFO  main            d.u.i.k.p.r.p.TestFile    ... finished proof: closed. 
241775     INFO  main            d.u.i.k.p.i.AbstractProblemLoader Loading environment from /home/runner/work/key/key/key.core/../key.ui/examples/standard_key/inEqSimp/nonLinInEqExample2.key.proof 
241775     DEBUG main            d.u.i.k.p.i.AbstractProblemLoader Environment load took 102ns 
241776     INFO  main            d.u.i.k.p.i.AbstractProblemLoader Creating init config 
243980     DEBUG main            d.u.i.k.p.i.AbstractProblemLoader Init config took 2.2s 
243993     INFO  main            d.u.i.k.p.i.AbstractProblemLoader Replaying proof nonLinInEqExample2.key.proof 
244021     DEBUG main            d.u.i.k.p.i.IntermediateProofReplayer Proof replay took 24.85ms 
244022     DEBUG main            d.u.i.k.p.r.p.TestFile    ... success: reloaded. 
244023     INFO  main            d.u.i.k.p.r.p.TestFile    Now processing file /home/runner/work/key/key/key.core/../key.ui/examples/standard_key/inEqSimp/nonLinInEqExample3.key 
244023     INFO  main            d.u.i.k.p.i.AbstractProblemLoader Loading environment from /home/runner/work/key/key/key.core/../key.ui/examples/standard_key/inEqSimp/nonLinInEqExample3.key 
244023     DEBUG main            d.u.i.k.p.i.AbstractProblemLoader Environment load took 87.6ns 
244024     INFO  main            d.u.i.k.p.i.AbstractProblemLoader Creating init config 
246281     DEBUG main            d.u.i.k.p.i.AbstractProblemLoader Init config took 2.26s 
246294     INFO  main            d.u.i.k.p.i.AbstractProblemLoader Replaying proof nonLinInEqExample3.key 
246296     DEBUG main            d.u.i.k.p.i.IntermediateProofReplayer Proof replay took 39.2ns 
246499     INFO  main            d.u.i.k.p.r.p.TestFile    ... finished proof: closed. 
246808     INFO  main            d.u.i.k.p.i.AbstractProblemLoader Loading environment from /home/runner/work/key/key/key.core/../key.ui/examples/standard_key/inEqSimp/nonLinInEqExample3.key.proof 
246808     DEBUG main            d.u.i.k.p.i.AbstractProblemLoader Environment load took 96.6ns 
246809     INFO  main            d.u.i.k.p.i.AbstractProblemLoader Creating init config 
249019     DEBUG main            d.u.i.k.p.i.AbstractProblemLoader Init config took 2.21s 
249033     INFO  main            d.u.i.k.p.i.AbstractProblemLoader Replaying proof nonLinInEqExample3.key.proof 
249051     DEBUG main            d.u.i.k.p.i.IntermediateProofReplayer Proof replay took 15.78ms 
249052     DEBUG main            d.u.i.k.p.r.p.TestFile    ... success: reloaded. 
249052     INFO  main            d.u.i.k.p.r.p.TestFile    Now processing file /home/runner/work/key/key/key.core/../key.ui/examples/standard_key/inEqSimp/nonLinInEqExample4.key 
249052     INFO  main            d.u.i.k.p.i.AbstractProblemLoader Loading environment from /home/runner/work/key/key/key.core/../key.ui/examples/standard_key/inEqSimp/nonLinInEqExample4.key 
249053     DEBUG main            d.u.i.k.p.i.AbstractProblemLoader Environment load took 49.4ns 
249054     INFO  main            d.u.i.k.p.i.AbstractProblemLoader Creating init config 
251307     DEBUG main            d.u.i.k.p.i.AbstractProblemLoader Init config took 2.25s 
251320     INFO  main            d.u.i.k.p.i.AbstractProblemLoader Replaying proof nonLinInEqExample4.key 
251321     DEBUG main            d.u.i.k.p.i.IntermediateProofReplayer Proof replay took 2.9ns 
251423     INFO  main            d.u.i.k.p.r.p.TestFile    ... finished proof: closed. 
251735     INFO  main            d.u.i.k.p.i.AbstractProblemLoader Loading environment from /home/runner/work/key/key/key.core/../key.ui/examples/standard_key/inEqSimp/nonLinInEqExample4.key.proof 
251735     DEBUG main            d.u.i.k.p.i.AbstractProblemLoader Environment load took 93.9ns 
251736     INFO  main            d.u.i.k.p.i.AbstractProblemLoader Creating init config 
253933     DEBUG main            d.u.i.k.p.i.AbstractProblemLoader Init config took 2.2s 
253950     INFO  main            d.u.i.k.p.i.AbstractProblemLoader Replaying proof nonLinInEqExample4.key.proof 
253955     DEBUG main            d.u.i.k.p.i.IntermediateProofReplayer Proof replay took 3.53ms 
253956     DEBUG main            d.u.i.k.p.r.p.TestFile    ... success: reloaded. 
253958     INFO  main            d.u.i.k.p.r.p.TestFile    Now processing file /home/runner/work/key/key/key.core/../key.ui/examples/standard_key/inEqSimp/quadraticInEq.key 
253958     INFO  main            d.u.i.k.p.i.AbstractProblemLoader Loading environment from /home/runner/work/key/key/key.core/../key.ui/examples/standard_key/inEqSimp/quadraticInEq.key 
253958     DEBUG main            d.u.i.k.p.i.AbstractProblemLoader Environment load took 145.9ns 
253960     INFO  main            d.u.i.k.p.i.AbstractProblemLoader Creating init config 
256216     DEBUG main            d.u.i.k.p.i.AbstractProblemLoader Init config took 2.26s 
256229     INFO  main            d.u.i.k.p.i.AbstractProblemLoader Replaying proof quadraticInEq.key 
256230     DEBUG main            d.u.i.k.p.i.IntermediateProofReplayer Proof replay took 3.1ns 
256535     INFO  main            d.u.i.k.p.r.p.TestFile    ... finished proof: closed. 
256851     INFO  main            d.u.i.k.p.i.AbstractProblemLoader Loading environment from /home/runner/work/key/key/key.core/../key.ui/examples/standard_key/inEqSimp/quadraticInEq.key.proof 
256851     DEBUG main            d.u.i.k.p.i.AbstractProblemLoader Environment load took 100ns 
256852     INFO  main            d.u.i.k.p.i.AbstractProblemLoader Creating init config 
259069     DEBUG main            d.u.i.k.p.i.AbstractProblemLoader Init config took 2.22s 
259083     INFO  main            d.u.i.k.p.i.AbstractProblemLoader Replaying proof quadraticInEq.key.proof 
259135     DEBUG main            d.u.i.k.p.i.IntermediateProofReplayer Proof replay took 47.67ms 
259136     DEBUG main            d.u.i.k.p.r.p.TestFile    ... success: reloaded. 
259137     INFO  main            d.u.i.k.p.r.p.TestFile    Now processing file /home/runner/work/key/key/key.core/../key.ui/examples/standard_key/inEqSimp/quadraticInEq10.key 
259137     INFO  main            d.u.i.k.p.i.AbstractProblemLoader Loading environment from /home/runner/work/key/key/key.core/../key.ui/examples/standard_key/inEqSimp/quadraticInEq10.key 
259137     DEBUG main            d.u.i.k.p.i.AbstractProblemLoader Environment load took 78.4ns 
259139     INFO  main            d.u.i.k.p.i.AbstractProblemLoader Creating init config 
261403     DEBUG main            d.u.i.k.p.i.AbstractProblemLoader Init config took 2.26s 
261415     INFO  main            d.u.i.k.p.i.AbstractProblemLoader Replaying proof quadraticInEq10.key 
261416     DEBUG main            d.u.i.k.p.i.IntermediateProofReplayer Proof replay took 2.3ns 
261619     INFO  main            d.u.i.k.p.r.p.TestFile    ... finished proof: closed. 
261944     INFO  main            d.u.i.k.p.i.AbstractProblemLoader Loading environment from /home/runner/work/key/key/key.core/../key.ui/examples/standard_key/inEqSimp/quadraticInEq10.key.proof 
261945     DEBUG main            d.u.i.k.p.i.AbstractProblemLoader Environment load took 124.2ns 
261946     INFO  main            d.u.i.k.p.i.AbstractProblemLoader Creating init config 
264172     DEBUG main            d.u.i.k.p.i.AbstractProblemLoader Init config took 2.23s 
264185     INFO  main            d.u.i.k.p.i.AbstractProblemLoader Replaying proof quadraticInEq10.key.proof 
264204     DEBUG main            d.u.i.k.p.i.IntermediateProofReplayer Proof replay took 13.07ms 
264205     DEBUG main            d.u.i.k.p.r.p.TestFile    ... success: reloaded. 
264206     INFO  main            d.u.i.k.p.r.p.TestFile    Now processing file /home/runner/work/key/key/key.core/../key.ui/examples/standard_key/inEqSimp/quadraticInEq13.key 
264207     INFO  main            d.u.i.k.p.i.AbstractProblemLoader Loading environment from /home/runner/work/key/key/key.core/../key.ui/examples/standard_key/inEqSimp/quadraticInEq13.key 
264207     DEBUG main            d.u.i.k.p.i.AbstractProblemLoader Environment load took 217.4ns 
264208     INFO  main            d.u.i.k.p.i.AbstractProblemLoader Creating init config 
266510     DEBUG main            d.u.i.k.p.i.AbstractProblemLoader Init config took 2.3s 
266523     INFO  main            d.u.i.k.p.i.AbstractProblemLoader Replaying proof quadraticInEq13.key 
266524     DEBUG main            d.u.i.k.p.i.IntermediateProofReplayer Proof replay took 2.9ns 
266726     INFO  main            d.u.i.k.p.r.p.TestFile    ... finished proof: closed. 
267069     INFO  main            d.u.i.k.p.i.AbstractProblemLoader Loading environment from /home/runner/work/key/key/key.core/../key.ui/examples/standard_key/inEqSimp/quadraticInEq13.key.proof 
267070     DEBUG main            d.u.i.k.p.i.AbstractProblemLoader Environment load took 89.8ns 
267071     INFO  main            d.u.i.k.p.i.AbstractProblemLoader Creating init config 
269266     DEBUG main            d.u.i.k.p.i.AbstractProblemLoader Init config took 2.2s 
269279     INFO  main            d.u.i.k.p.i.AbstractProblemLoader Replaying proof quadraticInEq13.key.proof 
269301     DEBUG main            d.u.i.k.p.i.IntermediateProofReplayer Proof replay took 20.12ms 
269302     DEBUG main            d.u.i.k.p.r.p.TestFile    ... success: reloaded. 
269303     INFO  main            d.u.i.k.p.r.p.TestFile    Now processing file /home/runner/work/key/key/key.core/../key.ui/examples/standard_key/inEqSimp/quadraticInEq14.key 
269303     INFO  main            d.u.i.k.p.i.AbstractProblemLoader Loading environment from /home/runner/work/key/key/key.core/../key.ui/examples/standard_key/inEqSimp/quadraticInEq14.key 
269303     DEBUG main            d.u.i.k.p.i.AbstractProblemLoader Environment load took 49.5ns 
269304     INFO  main            d.u.i.k.p.i.AbstractProblemLoader Creating init config 
271537     DEBUG main            d.u.i.k.p.i.AbstractProblemLoader Init config took 2.23s 
271549     INFO  main            d.u.i.k.p.i.AbstractProblemLoader Replaying proof quadraticInEq14.key 
271551     DEBUG main            d.u.i.k.p.i.IntermediateProofReplayer Proof replay took 2.6ns 
271854     INFO  main            d.u.i.k.p.r.p.TestFile    ... finished proof: closed. 
272186     INFO  main            d.u.i.k.p.i.AbstractProblemLoader Loading environment from /home/runner/work/key/key/key.core/../key.ui/examples/standard_key/inEqSimp/quadraticInEq14.key.proof 
272186     DEBUG main            d.u.i.k.p.i.AbstractProblemLoader Environment load took 89.7ns 
272187     INFO  main            d.u.i.k.p.i.AbstractProblemLoader Creating init config 
274393     DEBUG main            d.u.i.k.p.i.AbstractProblemLoader Init config took 2.21s 
274406     INFO  main            d.u.i.k.p.i.AbstractProblemLoader Replaying proof quadraticInEq14.key.proof 
274426     DEBUG main            d.u.i.k.p.i.IntermediateProofReplayer Proof replay took 17.98ms 
274427     DEBUG main            d.u.i.k.p.r.p.TestFile    ... success: reloaded. 
274428     INFO  main            d.u.i.k.p.r.p.TestFile    Now processing file /home/runner/work/key/key/key.core/../key.ui/examples/standard_key/inEqSimp/quadraticInEq2.key 
274428     INFO  main            d.u.i.k.p.i.AbstractProblemLoader Loading environment from /home/runner/work/key/key/key.core/../key.ui/examples/standard_key/inEqSimp/quadraticInEq2.key 
274428     DEBUG main            d.u.i.k.p.i.AbstractProblemLoader Environment load took 81.4ns 
274429     INFO  main            d.u.i.k.p.i.AbstractProblemLoader Creating init config 
276673     DEBUG main            d.u.i.k.p.i.AbstractProblemLoader Init config took 2.24s 
276687     INFO  main            d.u.i.k.p.i.AbstractProblemLoader Replaying proof quadraticInEq2.key 
276688     DEBUG main            d.u.i.k.p.i.IntermediateProofReplayer Proof replay took 3.4ns 
276790     INFO  main            d.u.i.k.p.r.p.TestFile    ... finished proof: closed. 
277134     INFO  main            d.u.i.k.p.i.AbstractProblemLoader Loading environment from /home/runner/work/key/key/key.core/../key.ui/examples/standard_key/inEqSimp/quadraticInEq2.key.proof 
277134     DEBUG main            d.u.i.k.p.i.AbstractProblemLoader Environment load took 86.3ns 
277135     INFO  main            d.u.i.k.p.i.AbstractProblemLoader Creating init config 
279337     DEBUG main            d.u.i.k.p.i.AbstractProblemLoader Init config took 2.2s 
279350     INFO  main            d.u.i.k.p.i.AbstractProblemLoader Replaying proof quadraticInEq2.key.proof 
279353     DEBUG main            d.u.i.k.p.i.IntermediateProofReplayer Proof replay took 2.14ms 
279354     DEBUG main            d.u.i.k.p.r.p.TestFile    ... success: reloaded. 
279355     INFO  main            d.u.i.k.p.r.p.TestFile    Now processing file /home/runner/work/key/key/key.core/../key.ui/examples/standard_key/inEqSimp/quadraticInEq3.key 
279355     INFO  main            d.u.i.k.p.i.AbstractProblemLoader Loading environment from /home/runner/work/key/key/key.core/../key.ui/examples/standard_key/inEqSimp/quadraticInEq3.key 
279355     DEBUG main            d.u.i.k.p.i.AbstractProblemLoader Environment load took 51.8ns 
279356     INFO  main            d.u.i.k.p.i.AbstractProblemLoader Creating init config 
281596     DEBUG main            d.u.i.k.p.i.AbstractProblemLoader Init config took 2.24s 
281608     INFO  main            d.u.i.k.p.i.AbstractProblemLoader Replaying proof quadraticInEq3.key 
281610     DEBUG main            d.u.i.k.p.i.IntermediateProofReplayer Proof replay took 3.1ns 
281715     INFO  main            d.u.i.k.p.r.p.TestFile    ... finished proof: closed. 
282039     INFO  main            d.u.i.k.p.i.AbstractProblemLoader Loading environment from /home/runner/work/key/key/key.core/../key.ui/examples/standard_key/inEqSimp/quadraticInEq3.key.proof 
282039     DEBUG main            d.u.i.k.p.i.AbstractProblemLoader Environment load took 88.7ns 
282040     INFO  main            d.u.i.k.p.i.AbstractProblemLoader Creating init config 
284235     DEBUG main            d.u.i.k.p.i.AbstractProblemLoader Init config took 2.19s 
284251     INFO  main            d.u.i.k.p.i.AbstractProblemLoader Replaying proof quadraticInEq3.key.proof 
284257     DEBUG main            d.u.i.k.p.i.IntermediateProofReplayer Proof replay took 5.14ms 
284258     DEBUG main            d.u.i.k.p.r.p.TestFile    ... success: reloaded. 
284259     INFO  main            d.u.i.k.p.r.p.TestFile    Now processing file /home/runner/work/key/key/key.core/../key.ui/examples/standard_key/inEqSimp/quadraticInEq4.key 
284259     INFO  main            d.u.i.k.p.i.AbstractProblemLoader Loading environment from /home/runner/work/key/key/key.core/../key.ui/examples/standard_key/inEqSimp/quadraticInEq4.key 
284259     DEBUG main            d.u.i.k.p.i.AbstractProblemLoader Environment load took 76.3ns 
284260     INFO  main            d.u.i.k.p.i.AbstractProblemLoader Creating init config 
286495     DEBUG main            d.u.i.k.p.i.AbstractProblemLoader Init config took 2.23s 
286508     INFO  main            d.u.i.k.p.i.AbstractProblemLoader Replaying proof quadraticInEq4.key 
286509     DEBUG main            d.u.i.k.p.i.IntermediateProofReplayer Proof replay took 2.4ns 
286611     INFO  main            d.u.i.k.p.r.p.TestFile    ... finished proof: closed. 
286941     INFO  main            d.u.i.k.p.i.AbstractProblemLoader Loading environment from /home/runner/work/key/key/key.core/../key.ui/examples/standard_key/inEqSimp/quadraticInEq4.key.proof 
286941     DEBUG main            d.u.i.k.p.i.AbstractProblemLoader Environment load took 86.6ns 
286942     INFO  main            d.u.i.k.p.i.AbstractProblemLoader Creating init config 
289132     DEBUG main            d.u.i.k.p.i.AbstractProblemLoader Init config took 2.19s 
289147     INFO  main            d.u.i.k.p.i.AbstractProblemLoader Replaying proof quadraticInEq4.key.proof 
289153     DEBUG main            d.u.i.k.p.i.IntermediateProofReplayer Proof replay took 4.03ms 
289154     DEBUG main            d.u.i.k.p.r.p.TestFile    ... success: reloaded. 
289154     INFO  main            d.u.i.k.p.r.p.TestFile    Now processing file /home/runner/work/key/key/key.core/../key.ui/examples/standard_key/inEqSimp/quadraticInEq5.key 
289155     INFO  main            d.u.i.k.p.i.AbstractProblemLoader Loading environment from /home/runner/work/key/key/key.core/../key.ui/examples/standard_key/inEqSimp/quadraticInEq5.key 
289155     DEBUG main            d.u.i.k.p.i.AbstractProblemLoader Environment load took 88.9ns 
289156     INFO  main            d.u.i.k.p.i.AbstractProblemLoader Creating init config 
291380     DEBUG main            d.u.i.k.p.i.AbstractProblemLoader Init config took 2.22s 
291392     INFO  main            d.u.i.k.p.i.AbstractProblemLoader Replaying proof quadraticInEq5.key 
291394     DEBUG main            d.u.i.k.p.i.IntermediateProofReplayer Proof replay took 2.7ns 
291495     INFO  main            d.u.i.k.p.r.p.TestFile    ... finished proof: closed. 
291841     INFO  main            d.u.i.k.p.i.AbstractProblemLoader Loading environment from /home/runner/work/key/key/key.core/../key.ui/examples/standard_key/inEqSimp/quadraticInEq5.key.proof 
291841     DEBUG main            d.u.i.k.p.i.AbstractProblemLoader Environment load took 84.7ns 
291842     INFO  main            d.u.i.k.p.i.AbstractProblemLoader Creating init config 
294030     DEBUG main            d.u.i.k.p.i.AbstractProblemLoader Init config took 2.19s 
294043     INFO  main            d.u.i.k.p.i.AbstractProblemLoader Replaying proof quadraticInEq5.key.proof 
294060     DEBUG main            d.u.i.k.p.i.IntermediateProofReplayer Proof replay took 15.59ms 
294061     DEBUG main            d.u.i.k.p.r.p.TestFile    ... success: reloaded. 
294061     INFO  main            d.u.i.k.p.r.p.TestFile    Now processing file /home/runner/work/key/key/key.core/../key.ui/examples/standard_key/inEqSimp/quadraticInEq6.key 
294062     INFO  main            d.u.i.k.p.i.AbstractProblemLoader Loading environment from /home/runner/work/key/key/key.core/../key.ui/examples/standard_key/inEqSimp/quadraticInEq6.key 
294062     DEBUG main            d.u.i.k.p.i.AbstractProblemLoader Environment load took 48.2ns 
294063     INFO  main            d.u.i.k.p.i.AbstractProblemLoader Creating init config 
296314     DEBUG main            d.u.i.k.p.i.AbstractProblemLoader Init config took 2.25s 
296327     INFO  main            d.u.i.k.p.i.AbstractProblemLoader Replaying proof quadraticInEq6.key 
296329     DEBUG main            d.u.i.k.p.i.IntermediateProofReplayer Proof replay took 3.1ns 
296434     INFO  main            d.u.i.k.p.r.p.TestFile    ... finished proof: closed. 
296783     INFO  main            d.u.i.k.p.i.AbstractProblemLoader Loading environment from /home/runner/work/key/key/key.core/../key.ui/examples/standard_key/inEqSimp/quadraticInEq6.key.proof 
296783     DEBUG main            d.u.i.k.p.i.AbstractProblemLoader Environment load took 101.1ns 
296784     INFO  main            d.u.i.k.p.i.AbstractProblemLoader Creating init config 
298987     DEBUG main            d.u.i.k.p.i.AbstractProblemLoader Init config took 2.2s 
299000     INFO  main            d.u.i.k.p.i.AbstractProblemLoader Replaying proof quadraticInEq6.key.proof 
299005     DEBUG main            d.u.i.k.p.i.IntermediateProofReplayer Proof replay took 3.64ms 
299005     DEBUG main            d.u.i.k.p.r.p.TestFile    ... success: reloaded. 
299006     INFO  main            d.u.i.k.p.r.p.TestFile    Now processing file /home/runner/work/key/key/key.core/../key.ui/examples/standard_key/inEqSimp/quadraticInEq7.key 
299006     INFO  main            d.u.i.k.p.i.AbstractProblemLoader Loading environment from /home/runner/work/key/key/key.core/../key.ui/examples/standard_key/inEqSimp/quadraticInEq7.key 
299007     DEBUG main            d.u.i.k.p.i.AbstractProblemLoader Environment load took 132.9ns 
299007     INFO  main            d.u.i.k.p.i.AbstractProblemLoader Creating init config 
301252     DEBUG main            d.u.i.k.p.i.AbstractProblemLoader Init config took 2.24s 
301265     INFO  main            d.u.i.k.p.i.AbstractProblemLoader Replaying proof quadraticInEq7.key 
301266     DEBUG main            d.u.i.k.p.i.IntermediateProofReplayer Proof replay took 2.8ns 
301367     INFO  main            d.u.i.k.p.r.p.TestFile    ... finished proof: closed. 
301715     INFO  main            d.u.i.k.p.i.AbstractProblemLoader Loading environment from /home/runner/work/key/key/key.core/../key.ui/examples/standard_key/inEqSimp/quadraticInEq7.key.proof 
301715     DEBUG main            d.u.i.k.p.i.AbstractProblemLoader Environment load took 88.7ns 
301716     INFO  main            d.u.i.k.p.i.AbstractProblemLoader Creating init config 
303929     DEBUG main            d.u.i.k.p.i.AbstractProblemLoader Init config took 2.21s 
303941     INFO  main            d.u.i.k.p.i.AbstractProblemLoader Replaying proof quadraticInEq7.key.proof 
303947     DEBUG main            d.u.i.k.p.i.IntermediateProofReplayer Proof replay took 2.31ms 
303948     DEBUG main            d.u.i.k.p.r.p.TestFile    ... success: reloaded. 
303949     INFO  main            d.u.i.k.p.r.p.TestFile    Now processing file /home/runner/work/key/key/key.core/../key.ui/examples/standard_key/inEqSimp/quadraticInEq8.key 
303950     INFO  main            d.u.i.k.p.i.AbstractProblemLoader Loading environment from /home/runner/work/key/key/key.core/../key.ui/examples/standard_key/inEqSimp/quadraticInEq8.key 
303950     DEBUG main            d.u.i.k.p.i.AbstractProblemLoader Environment load took 206.6ns 
303953     INFO  main            d.u.i.k.p.i.AbstractProblemLoader Creating init config 
306194     DEBUG main            d.u.i.k.p.i.AbstractProblemLoader Init config took 2.24s 
306207     INFO  main            d.u.i.k.p.i.AbstractProblemLoader Replaying proof quadraticInEq8.key 
306209     DEBUG main            d.u.i.k.p.i.IntermediateProofReplayer Proof replay took 3.1ns 
306311     INFO  main            d.u.i.k.p.r.p.TestFile    ... finished proof: closed. 
306671     INFO  main            d.u.i.k.p.i.AbstractProblemLoader Loading environment from /home/runner/work/key/key/key.core/../key.ui/examples/standard_key/inEqSimp/quadraticInEq8.key.proof 
306671     DEBUG main            d.u.i.k.p.i.AbstractProblemLoader Environment load took 100.3ns 
306672     INFO  main            d.u.i.k.p.i.AbstractProblemLoader Creating init config 
308891     DEBUG main            d.u.i.k.p.i.AbstractProblemLoader Init config took 2.22s 
308904     INFO  main            d.u.i.k.p.i.AbstractProblemLoader Replaying proof quadraticInEq8.key.proof 
308913     DEBUG main            d.u.i.k.p.i.IntermediateProofReplayer Proof replay took 6.28ms 
308916     DEBUG main            d.u.i.k.p.r.p.TestFile    ... success: reloaded. 
308916     INFO  main            d.u.i.k.p.r.p.TestFile    Now processing file /home/runner/work/key/key/key.core/../key.ui/examples/standard_key/inEqSimp/simplify0.key 
308917     INFO  main            d.u.i.k.p.i.AbstractProblemLoader Loading environment from /home/runner/work/key/key/key.core/../key.ui/examples/standard_key/inEqSimp/simplify0.key 
308917     DEBUG main            d.u.i.k.p.i.AbstractProblemLoader Environment load took 45ns 
308918     INFO  main            d.u.i.k.p.i.AbstractProblemLoader Creating init config 
311166     DEBUG main            d.u.i.k.p.i.AbstractProblemLoader Init config took 2.25s 
311180     INFO  main            d.u.i.k.p.i.AbstractProblemLoader Replaying proof simplify0.key 
311181     DEBUG main            d.u.i.k.p.i.IntermediateProofReplayer Proof replay took 3.6ns 
311283     INFO  main            d.u.i.k.p.r.p.TestFile    ... finished proof: closed. 
311643     INFO  main            d.u.i.k.p.i.AbstractProblemLoader Loading environment from /home/runner/work/key/key/key.core/../key.ui/examples/standard_key/inEqSimp/simplify0.key.proof 
311643     DEBUG main            d.u.i.k.p.i.AbstractProblemLoader Environment load took 105.4ns 
311644     INFO  main            d.u.i.k.p.i.AbstractProblemLoader Creating init config 
313882     DEBUG main            d.u.i.k.p.i.AbstractProblemLoader Init config took 2.24s 
313895     INFO  main            d.u.i.k.p.i.AbstractProblemLoader Replaying proof simplify0.key.proof 
313899     DEBUG main            d.u.i.k.p.i.IntermediateProofReplayer Proof replay took 2.14ms 
313900     DEBUG main            d.u.i.k.p.r.p.TestFile    ... success: reloaded. 
313900     INFO  main            d.u.i.k.p.r.p.TestFile    Now processing file /home/runner/work/key/key/key.core/../key.ui/examples/standard_key/inEqSimp/simplify1.key 
313900     INFO  main            d.u.i.k.p.i.AbstractProblemLoader Loading environment from /home/runner/work/key/key/key.core/../key.ui/examples/standard_key/inEqSimp/simplify1.key 
313900     DEBUG main            d.u.i.k.p.i.AbstractProblemLoader Environment load took 43.6ns 
313901     INFO  main            d.u.i.k.p.i.AbstractProblemLoader Creating init config 
316148     DEBUG main            d.u.i.k.p.i.AbstractProblemLoader Init config took 2.25s 
316160     INFO  main            d.u.i.k.p.i.AbstractProblemLoader Replaying proof simplify1.key 
316161     DEBUG main            d.u.i.k.p.i.IntermediateProofReplayer Proof replay took 3.1ns 
316266     INFO  main            d.u.i.k.p.r.p.TestFile    ... finished proof: closed. 
316625     INFO  main            d.u.i.k.p.i.AbstractProblemLoader Loading environment from /home/runner/work/key/key/key.core/../key.ui/examples/standard_key/inEqSimp/simplify1.key.proof 
316625     DEBUG main            d.u.i.k.p.i.AbstractProblemLoader Environment load took 109.2ns 
316626     INFO  main            d.u.i.k.p.i.AbstractProblemLoader Creating init config 
318839     DEBUG main            d.u.i.k.p.i.AbstractProblemLoader Init config took 2.21s 
318851     INFO  main            d.u.i.k.p.i.AbstractProblemLoader Replaying proof simplify1.key.proof 
318855     DEBUG main            d.u.i.k.p.i.IntermediateProofReplayer Proof replay took 1.24ms 
318856     DEBUG main            d.u.i.k.p.r.p.TestFile    ... success: reloaded. 
318856     INFO  main            d.u.i.k.p.r.p.TestFile    Now processing file /home/runner/work/key/key/key.core/../key.ui/examples/standard_key/inEqSimp/simplify2.key 
318857     INFO  main            d.u.i.k.p.i.AbstractProblemLoader Loading environment from /home/runner/work/key/key/key.core/../key.ui/examples/standard_key/inEqSimp/simplify2.key 
318857     DEBUG main            d.u.i.k.p.i.AbstractProblemLoader Environment load took 56.9ns 
318858     INFO  main            d.u.i.k.p.i.AbstractProblemLoader Creating init config 
321102     DEBUG main            d.u.i.k.p.i.AbstractProblemLoader Init config took 2.24s 
321115     INFO  main            d.u.i.k.p.i.AbstractProblemLoader Replaying proof simplify2.key 
321116     DEBUG main            d.u.i.k.p.i.IntermediateProofReplayer Proof replay took 2.9ns 
321218     INFO  main            d.u.i.k.p.r.p.TestFile    ... finished proof: closed. 
321589     INFO  main            d.u.i.k.p.i.AbstractProblemLoader Loading environment from /home/runner/work/key/key/key.core/../key.ui/examples/standard_key/inEqSimp/simplify2.key.proof 
321589     DEBUG main            d.u.i.k.p.i.AbstractProblemLoader Environment load took 82.7ns 
321590     INFO  main            d.u.i.k.p.i.AbstractProblemLoader Creating init config 
323811     DEBUG main            d.u.i.k.p.i.AbstractProblemLoader Init config took 2.22s 
323825     INFO  main            d.u.i.k.p.i.AbstractProblemLoader Replaying proof simplify2.key.proof 
323838     DEBUG main            d.u.i.k.p.i.IntermediateProofReplayer Proof replay took 11.21ms 
323839     DEBUG main            d.u.i.k.p.r.p.TestFile    ... success: reloaded. 
323840     INFO  main            d.u.i.k.p.r.p.TestFile    Now processing file /home/runner/work/key/key/key.core/../key.ui/examples/standard_key/inEqSimp/simplify3.key 
323840     INFO  main            d.u.i.k.p.i.AbstractProblemLoader Loading environment from /home/runner/work/key/key/key.core/../key.ui/examples/standard_key/inEqSimp/simplify3.key 
323840     DEBUG main            d.u.i.k.p.i.AbstractProblemLoader Environment load took 47.4ns 
323841     INFO  main            d.u.i.k.p.i.AbstractProblemLoader Creating init config 
326088     DEBUG main            d.u.i.k.p.i.AbstractProblemLoader Init config took 2.25s 
326100     INFO  main            d.u.i.k.p.i.AbstractProblemLoader Replaying proof simplify3.key 
326101     DEBUG main            d.u.i.k.p.i.IntermediateProofReplayer Proof replay took 3.2ns 
326203     INFO  main            d.u.i.k.p.r.p.TestFile    ... finished proof: closed. 
326586     INFO  main            d.u.i.k.p.i.AbstractProblemLoader Loading environment from /home/runner/work/key/key/key.core/../key.ui/examples/standard_key/inEqSimp/simplify3.key.proof 
326586     DEBUG main            d.u.i.k.p.i.AbstractProblemLoader Environment load took 85.2ns 
326587     INFO  main            d.u.i.k.p.i.AbstractProblemLoader Creating init config 
328786     DEBUG main            d.u.i.k.p.i.AbstractProblemLoader Init config took 2.2s 
328799     INFO  main            d.u.i.k.p.i.AbstractProblemLoader Replaying proof simplify3.key.proof 
328802     DEBUG main            d.u.i.k.p.i.IntermediateProofReplayer Proof replay took 1.76ms 
328802     DEBUG main            d.u.i.k.p.r.p.TestFile    ... success: reloaded. 
328803     INFO  main            d.u.i.k.p.r.p.TestFile    Now processing file /home/runner/work/key/key/key.core/../key.ui/examples/standard_key/inEqSimp/simplify4.key 
328803     INFO  main            d.u.i.k.p.i.AbstractProblemLoader Loading environment from /home/runner/work/key/key/key.core/../key.ui/examples/standard_key/inEqSimp/simplify4.key 
328803     DEBUG main            d.u.i.k.p.i.AbstractProblemLoader Environment load took 45.8ns 
328804     INFO  main            d.u.i.k.p.i.AbstractProblemLoader Creating init config 
331078     DEBUG main            d.u.i.k.p.i.AbstractProblemLoader Init config took 2.27s 
331092     INFO  main            d.u.i.k.p.i.AbstractProblemLoader Replaying proof simplify4.key 
331092     DEBUG main            d.u.i.k.p.i.IntermediateProofReplayer Proof replay took 3.4ns 
331194     INFO  main            d.u.i.k.p.r.p.TestFile    ... finished proof: closed. 
331589     INFO  main            d.u.i.k.p.i.AbstractProblemLoader Loading environment from /home/runner/work/key/key/key.core/../key.ui/examples/standard_key/inEqSimp/simplify4.key.proof 
331589     DEBUG main            d.u.i.k.p.i.AbstractProblemLoader Environment load took 90.3ns 
331590     INFO  main            d.u.i.k.p.i.AbstractProblemLoader Creating init config 
333808     DEBUG main            d.u.i.k.p.i.AbstractProblemLoader Init config took 2.22s 
333822     INFO  main            d.u.i.k.p.i.AbstractProblemLoader Replaying proof simplify4.key.proof 
333836     DEBUG main            d.u.i.k.p.i.IntermediateProofReplayer Proof replay took 12.29ms 
333837     DEBUG main            d.u.i.k.p.r.p.TestFile    ... success: reloaded. 
333837     INFO  main            d.u.i.k.p.r.p.TestFile    Now processing file /home/runner/work/key/key/key.core/../key.ui/examples/standard_key/inEqSimp/simplify5.key 
333837     INFO  main            d.u.i.k.p.i.AbstractProblemLoader Loading environment from /home/runner/work/key/key/key.core/../key.ui/examples/standard_key/inEqSimp/simplify5.key 
333838     DEBUG main            d.u.i.k.p.i.AbstractProblemLoader Environment load took 85.1ns 
333839     INFO  main            d.u.i.k.p.i.AbstractProblemLoader Creating init config 
336067     DEBUG main            d.u.i.k.p.i.AbstractProblemLoader Init config took 2.23s 
336080     INFO  main            d.u.i.k.p.i.AbstractProblemLoader Replaying proof simplify5.key 
336083     DEBUG main            d.u.i.k.p.i.IntermediateProofReplayer Proof replay took 2.7ns 
336587     INFO  main            d.u.i.k.p.r.p.TestFile    ... finished proof: closed. 
337008     INFO  main            d.u.i.k.p.i.AbstractProblemLoader Loading environment from /home/runner/work/key/key/key.core/../key.ui/examples/standard_key/inEqSimp/simplify5.key.proof 
337008     DEBUG main            d.u.i.k.p.i.AbstractProblemLoader Environment load took 92.5ns 
337009     INFO  main            d.u.i.k.p.i.AbstractProblemLoader Creating init config 
339222     DEBUG main            d.u.i.k.p.i.AbstractProblemLoader Init config took 2.21s 
339235     INFO  main            d.u.i.k.p.i.AbstractProblemLoader Replaying proof simplify5.key.proof 
339291     DEBUG main            d.u.i.k.p.i.IntermediateProofReplayer Proof replay took 50.6ms 
339292     DEBUG main            d.u.i.k.p.r.p.TestFile    ... success: reloaded. 
339297     INFO  main            d.u.i.k.p.r.p.TestFile    Now processing file /home/runner/work/key/key/key.core/../key.ui/examples/standard_key/inEqSimp/subsumptionExample.key 
339299     INFO  main            d.u.i.k.p.i.AbstractProblemLoader Loading environment from /home/runner/work/key/key/key.core/../key.ui/examples/standard_key/inEqSimp/subsumptionExample.key 
339299     DEBUG main            d.u.i.k.p.i.AbstractProblemLoader Environment load took 233.6ns 
339300     INFO  main            d.u.i.k.p.i.AbstractProblemLoader Creating init config 
341530     DEBUG main            d.u.i.k.p.i.AbstractProblemLoader Init config took 2.23s 
341543     INFO  main            d.u.i.k.p.i.AbstractProblemLoader Replaying proof subsumptionExample.key 
341544     DEBUG main            d.u.i.k.p.i.IntermediateProofReplayer Proof replay took 2.9ns 
341645     INFO  main            d.u.i.k.p.r.p.TestFile    ... finished proof: closed. 
342060     INFO  main            d.u.i.k.p.i.AbstractProblemLoader Loading environment from /home/runner/work/key/key/key.core/../key.ui/examples/standard_key/inEqSimp/subsumptionExample.key.proof 
342060     DEBUG main            d.u.i.k.p.i.AbstractProblemLoader Environment load took 76.2ns 
342061     INFO  main            d.u.i.k.p.i.AbstractProblemLoader Creating init config 
344260     DEBUG main            d.u.i.k.p.i.AbstractProblemLoader Init config took 2.2s 
344272     INFO  main            d.u.i.k.p.i.AbstractProblemLoader Replaying proof subsumptionExample.key.proof 
344275     DEBUG main            d.u.i.k.p.i.IntermediateProofReplayer Proof replay took 872.21ns 
344275     DEBUG main            d.u.i.k.p.r.p.TestFile    ... success: reloaded. 
344276     INFO  main            d.u.i.k.p.r.p.TestFile    Now processing file /home/runner/work/key/key/key.core/../key.ui/examples/standard_key/polySimp/simplify0.key 
344276     INFO  main            d.u.i.k.p.i.AbstractProblemLoader Loading environment from /home/runner/work/key/key/key.core/../key.ui/examples/standard_key/polySimp/simplify0.key 
344276     DEBUG main            d.u.i.k.p.i.AbstractProblemLoader Environment load took 45.1ns 
344277     INFO  main            d.u.i.k.p.i.AbstractProblemLoader Creating init config 
346497     DEBUG main            d.u.i.k.p.i.AbstractProblemLoader Init config took 2.22s 
346510     INFO  main            d.u.i.k.p.i.AbstractProblemLoader Replaying proof simplify0.key 
346511     DEBUG main            d.u.i.k.p.i.IntermediateProofReplayer Proof replay took 3.3ns 
346714     INFO  main            d.u.i.k.p.r.p.TestFile    ... finished proof: closed. 
347127     INFO  main            d.u.i.k.p.i.AbstractProblemLoader Loading environment from /home/runner/work/key/key/key.core/../key.ui/examples/standard_key/polySimp/simplify0.key.proof 
347127     DEBUG main            d.u.i.k.p.i.AbstractProblemLoader Environment load took 84.9ns 
347128     INFO  main            d.u.i.k.p.i.AbstractProblemLoader Creating init config 
349316     DEBUG main            d.u.i.k.p.i.AbstractProblemLoader Init config took 2.19s 
349329     INFO  main            d.u.i.k.p.i.AbstractProblemLoader Replaying proof simplify0.key.proof 
349345     DEBUG main            d.u.i.k.p.i.IntermediateProofReplayer Proof replay took 13.98ms 
349346     DEBUG main            d.u.i.k.p.r.p.TestFile    ... success: reloaded. 
349346     INFO  main            d.u.i.k.p.r.p.TestFile    Now processing file /home/runner/work/key/key/key.core/../key.ui/examples/standard_key/polySimp/simplify1.key 
349347     INFO  main            d.u.i.k.p.i.AbstractProblemLoader Loading environment from /home/runner/work/key/key/key.core/../key.ui/examples/standard_key/polySimp/simplify1.key 
349347     DEBUG main            d.u.i.k.p.i.AbstractProblemLoader Environment load took 73.9ns 
349348     INFO  main            d.u.i.k.p.i.AbstractProblemLoader Creating init config 
351567     DEBUG main            d.u.i.k.p.i.AbstractProblemLoader Init config took 2.22s 
351580     INFO  main            d.u.i.k.p.i.AbstractProblemLoader Replaying proof simplify1.key 
351581     DEBUG main            d.u.i.k.p.i.IntermediateProofReplayer Proof replay took 3.3ns 
351887     INFO  main            d.u.i.k.p.r.p.TestFile    ... finished proof: closed. 
352312     INFO  main            d.u.i.k.p.i.AbstractProblemLoader Loading environment from /home/runner/work/key/key/key.core/../key.ui/examples/standard_key/polySimp/simplify1.key.proof 
352312     DEBUG main            d.u.i.k.p.i.AbstractProblemLoader Environment load took 104.5ns 
352314     INFO  main            d.u.i.k.p.i.AbstractProblemLoader Creating init config 
354525     DEBUG main            d.u.i.k.p.i.AbstractProblemLoader Init config took 2.21s 
354539     INFO  main            d.u.i.k.p.i.AbstractProblemLoader Replaying proof simplify1.key.proof 
354562     DEBUG main            d.u.i.k.p.i.IntermediateProofReplayer Proof replay took 19.87ms 
354563     DEBUG main            d.u.i.k.p.r.p.TestFile    ... success: reloaded. 
354564     INFO  main            d.u.i.k.p.r.p.TestFile    Now processing file /home/runner/work/key/key/key.core/../key.ui/examples/standard_key/polySimp/simplify10.key 
354564     INFO  main            d.u.i.k.p.i.AbstractProblemLoader Loading environment from /home/runner/work/key/key/key.core/../key.ui/examples/standard_key/polySimp/simplify10.key 
354564     DEBUG main            d.u.i.k.p.i.AbstractProblemLoader Environment load took 204.6ns 
354566     INFO  main            d.u.i.k.p.i.AbstractProblemLoader Creating init config 
356795     DEBUG main            d.u.i.k.p.i.AbstractProblemLoader Init config took 2.23s 
356808     INFO  main            d.u.i.k.p.i.AbstractProblemLoader Replaying proof simplify10.key 
356809     DEBUG main            d.u.i.k.p.i.IntermediateProofReplayer Proof replay took 2.6ns 
357013     INFO  main            d.u.i.k.p.r.p.TestFile    ... finished proof: closed. 
357507     INFO  main            d.u.i.k.p.i.AbstractProblemLoader Loading environment from /home/runner/work/key/key/key.core/../key.ui/examples/standard_key/polySimp/simplify10.key.proof 
357507     DEBUG main            d.u.i.k.p.i.AbstractProblemLoader Environment load took 98.3ns 
357508     INFO  main            d.u.i.k.p.i.AbstractProblemLoader Creating init config 
359712     DEBUG main            d.u.i.k.p.i.AbstractProblemLoader Init config took 2.2s 
359727     INFO  main            d.u.i.k.p.i.AbstractProblemLoader Replaying proof simplify10.key.proof 
359757     DEBUG main            d.u.i.k.p.i.IntermediateProofReplayer Proof replay took 27.72ms 
359758     DEBUG main            d.u.i.k.p.r.p.TestFile    ... success: reloaded. 
359759     INFO  main            d.u.i.k.p.r.p.TestFile    Now processing file /home/runner/work/key/key/key.core/../key.ui/examples/standard_key/polySimp/simplify11.key 
359759     INFO  main            d.u.i.k.p.i.AbstractProblemLoader Loading environment from /home/runner/work/key/key/key.core/../key.ui/examples/standard_key/polySimp/simplify11.key 
359759     DEBUG main            d.u.i.k.p.i.AbstractProblemLoader Environment load took 80ns 
359760     INFO  main            d.u.i.k.p.i.AbstractProblemLoader Creating init config 
361988     DEBUG main            d.u.i.k.p.i.AbstractProblemLoader Init config took 2.23s 
362001     INFO  main            d.u.i.k.p.i.AbstractProblemLoader Replaying proof simplify11.key 
362002     DEBUG main            d.u.i.k.p.i.IntermediateProofReplayer Proof replay took 2.9ns 
362209     INFO  main            d.u.i.k.p.r.p.TestFile    ... finished proof: closed. 
362654     INFO  main            d.u.i.k.p.i.AbstractProblemLoader Loading environment from /home/runner/work/key/key/key.core/../key.ui/examples/standard_key/polySimp/simplify11.key.proof 
362654     DEBUG main            d.u.i.k.p.i.AbstractProblemLoader Environment load took 95.1ns 
362655     INFO  main            d.u.i.k.p.i.AbstractProblemLoader Creating init config 
364860     DEBUG main            d.u.i.k.p.i.AbstractProblemLoader Init config took 2.2s 
364874     INFO  main            d.u.i.k.p.i.AbstractProblemLoader Replaying proof simplify11.key.proof 
364893     DEBUG main            d.u.i.k.p.i.IntermediateProofReplayer Proof replay took 17.36ms 
364895     DEBUG main            d.u.i.k.p.r.p.TestFile    ... success: reloaded. 
364895     INFO  main            d.u.i.k.p.r.p.TestFile    Now processing file /home/runner/work/key/key/key.core/../key.ui/examples/standard_key/polySimp/simplify12.key 
364895     INFO  main            d.u.i.k.p.i.AbstractProblemLoader Loading environment from /home/runner/work/key/key/key.core/../key.ui/examples/standard_key/polySimp/simplify12.key 
364895     DEBUG main            d.u.i.k.p.i.AbstractProblemLoader Environment load took 47.3ns 
364896     INFO  main            d.u.i.k.p.i.AbstractProblemLoader Creating init config 
367123     DEBUG main            d.u.i.k.p.i.AbstractProblemLoader Init config took 2.23s 
367135     INFO  main            d.u.i.k.p.i.AbstractProblemLoader Replaying proof simplify12.key 
367136     DEBUG main            d.u.i.k.p.i.IntermediateProofReplayer Proof replay took 3.3ns 
367238     INFO  main            d.u.i.k.p.r.p.TestFile    ... finished proof: closed. 
367678     INFO  main            d.u.i.k.p.i.AbstractProblemLoader Loading environment from /home/runner/work/key/key/key.core/../key.ui/examples/standard_key/polySimp/simplify12.key.proof 
367678     DEBUG main            d.u.i.k.p.i.AbstractProblemLoader Environment load took 83ns 
367679     INFO  main            d.u.i.k.p.i.AbstractProblemLoader Creating init config 
369868     DEBUG main            d.u.i.k.p.i.AbstractProblemLoader Init config took 2.19s 
369880     INFO  main            d.u.i.k.p.i.AbstractProblemLoader Replaying proof simplify12.key.proof 
369890     DEBUG main            d.u.i.k.p.i.IntermediateProofReplayer Proof replay took 8.05ms 
369891     DEBUG main            d.u.i.k.p.r.p.TestFile    ... success: reloaded. 
369892     INFO  main            d.u.i.k.p.r.p.TestFile    Now processing file /home/runner/work/key/key/key.core/../key.ui/examples/standard_key/polySimp/simplify13.key 
369892     INFO  main            d.u.i.k.p.i.AbstractProblemLoader Loading environment from /home/runner/work/key/key/key.core/../key.ui/examples/standard_key/polySimp/simplify13.key 
369892     DEBUG main            d.u.i.k.p.i.AbstractProblemLoader Environment load took 46ns 
369893     INFO  main            d.u.i.k.p.i.AbstractProblemLoader Creating init config 
372122     DEBUG main            d.u.i.k.p.i.AbstractProblemLoader Init config took 2.23s 
372134     INFO  main            d.u.i.k.p.i.AbstractProblemLoader Replaying proof simplify13.key 
372135     DEBUG main            d.u.i.k.p.i.IntermediateProofReplayer Proof replay took 2.7ns 
372237     INFO  main            d.u.i.k.p.r.p.TestFile    ... finished proof: closed. 
372674     INFO  main            d.u.i.k.p.i.AbstractProblemLoader Loading environment from /home/runner/work/key/key/key.core/../key.ui/examples/standard_key/polySimp/simplify13.key.proof 
372674     DEBUG main            d.u.i.k.p.i.AbstractProblemLoader Environment load took 81.9ns 
372675     INFO  main            d.u.i.k.p.i.AbstractProblemLoader Creating init config 
374866     DEBUG main            d.u.i.k.p.i.AbstractProblemLoader Init config took 2.19s 
374881     INFO  main            d.u.i.k.p.i.AbstractProblemLoader Replaying proof simplify13.key.proof 
374887     DEBUG main            d.u.i.k.p.i.IntermediateProofReplayer Proof replay took 4.66ms 
374888     DEBUG main            d.u.i.k.p.r.p.TestFile    ... success: reloaded. 
374888     INFO  main            d.u.i.k.p.r.p.TestFile    Now processing file /home/runner/work/key/key/key.core/../key.ui/examples/standard_key/polySimp/simplify14.key 
374888     INFO  main            d.u.i.k.p.i.AbstractProblemLoader Loading environment from /home/runner/work/key/key/key.core/../key.ui/examples/standard_key/polySimp/simplify14.key 
374888     DEBUG main            d.u.i.k.p.i.AbstractProblemLoader Environment load took 45.5ns 
374889     INFO  main            d.u.i.k.p.i.AbstractProblemLoader Creating init config 
377119     DEBUG main            d.u.i.k.p.i.AbstractProblemLoader Init config took 2.23s 
377132     INFO  main            d.u.i.k.p.i.AbstractProblemLoader Replaying proof simplify14.key 
377133     DEBUG main            d.u.i.k.p.i.IntermediateProofReplayer Proof replay took 3ns 
377235     INFO  main            d.u.i.k.p.r.p.TestFile    ... finished proof: closed. 
377673     INFO  main            d.u.i.k.p.i.AbstractProblemLoader Loading environment from /home/runner/work/key/key/key.core/../key.ui/examples/standard_key/polySimp/simplify14.key.proof 
377673     DEBUG main            d.u.i.k.p.i.AbstractProblemLoader Environment load took 82.3ns 
377674     INFO  main            d.u.i.k.p.i.AbstractProblemLoader Creating init config 
379880     DEBUG main            d.u.i.k.p.i.AbstractProblemLoader Init config took 2.21s 
379894     INFO  main            d.u.i.k.p.i.AbstractProblemLoader Replaying proof simplify14.key.proof 
379896     DEBUG main            d.u.i.k.p.i.IntermediateProofReplayer Proof replay took 1.33ms 
379897     DEBUG main            d.u.i.k.p.r.p.TestFile    ... success: reloaded. 
379897     INFO  main            d.u.i.k.p.r.p.TestFile    Now processing file /home/runner/work/key/key/key.core/../key.ui/examples/standard_key/polySimp/simplify15.key 
379898     INFO  main            d.u.i.k.p.i.AbstractProblemLoader Loading environment from /home/runner/work/key/key/key.core/../key.ui/examples/standard_key/polySimp/simplify15.key 
379898     DEBUG main            d.u.i.k.p.i.AbstractProblemLoader Environment load took 63.3ns 
379898     INFO  main            d.u.i.k.p.i.AbstractProblemLoader Creating init config 
382136     DEBUG main            d.u.i.k.p.i.AbstractProblemLoader Init config took 2.24s 
382148     INFO  main            d.u.i.k.p.i.AbstractProblemLoader Replaying proof simplify15.key 
382149     DEBUG main            d.u.i.k.p.i.IntermediateProofReplayer Proof replay took 3.4ns 
382251     INFO  main            d.u.i.k.p.r.p.TestFile    ... finished proof: closed. 
382679     INFO  main            d.u.i.k.p.i.AbstractProblemLoader Loading environment from /home/runner/work/key/key/key.core/../key.ui/examples/standard_key/polySimp/simplify15.key.proof 
382680     DEBUG main            d.u.i.k.p.i.AbstractProblemLoader Environment load took 80.5ns 
382680     INFO  main            d.u.i.k.p.i.AbstractProblemLoader Creating init config 
384874     DEBUG main            d.u.i.k.p.i.AbstractProblemLoader Init config took 2.19s 
384887     INFO  main            d.u.i.k.p.i.AbstractProblemLoader Replaying proof simplify15.key.proof 
384889     DEBUG main            d.u.i.k.p.i.IntermediateProofReplayer Proof replay took 616.61ns 
384889     DEBUG main            d.u.i.k.p.r.p.TestFile    ... success: reloaded. 
384890     INFO  main            d.u.i.k.p.r.p.TestFile    Now processing file /home/runner/work/key/key/key.core/../key.ui/examples/standard_key/polySimp/simplify16.key 
384890     INFO  main            d.u.i.k.p.i.AbstractProblemLoader Loading environment from /home/runner/work/key/key/key.core/../key.ui/examples/standard_key/polySimp/simplify16.key 
384890     DEBUG main            d.u.i.k.p.i.AbstractProblemLoader Environment load took 61.1ns 
384891     INFO  main            d.u.i.k.p.i.AbstractProblemLoader Creating init config 
387104     DEBUG main            d.u.i.k.p.i.AbstractProblemLoader Init config took 2.21s 
387116     INFO  main            d.u.i.k.p.i.AbstractProblemLoader Replaying proof simplify16.key 
387117     DEBUG main            d.u.i.k.p.i.IntermediateProofReplayer Proof replay took 3.1ns 
387219     INFO  main            d.u.i.k.p.r.p.TestFile    ... finished proof: closed. 
387656     INFO  main            d.u.i.k.p.i.AbstractProblemLoader Loading environment from /home/runner/work/key/key/key.core/../key.ui/examples/standard_key/polySimp/simplify16.key.proof 
387656     DEBUG main            d.u.i.k.p.i.AbstractProblemLoader Environment load took 86.2ns 
387657     INFO  main            d.u.i.k.p.i.AbstractProblemLoader Creating init config 
389851     DEBUG main            d.u.i.k.p.i.AbstractProblemLoader Init config took 2.19s 
389863     INFO  main            d.u.i.k.p.i.AbstractProblemLoader Replaying proof simplify16.key.proof 
389865     DEBUG main            d.u.i.k.p.i.IntermediateProofReplayer Proof replay took 426.91ns 
389866     DEBUG main            d.u.i.k.p.r.p.TestFile    ... success: reloaded. 
389866     INFO  main            d.u.i.k.p.r.p.TestFile    Now processing file /home/runner/work/key/key/key.core/../key.ui/examples/standard_key/polySimp/simplify17.key 
389866     INFO  main            d.u.i.k.p.i.AbstractProblemLoader Loading environment from /home/runner/work/key/key/key.core/../key.ui/examples/standard_key/polySimp/simplify17.key 
389866     DEBUG main            d.u.i.k.p.i.AbstractProblemLoader Environment load took 44.6ns 
389867     INFO  main            d.u.i.k.p.i.AbstractProblemLoader Creating init config 
392095     DEBUG main            d.u.i.k.p.i.AbstractProblemLoader Init config took 2.23s 
392107     INFO  main            d.u.i.k.p.i.AbstractProblemLoader Replaying proof simplify17.key 
392108     DEBUG main            d.u.i.k.p.i.IntermediateProofReplayer Proof replay took 2.3ns 
392210     INFO  main            d.u.i.k.p.r.p.TestFile    ... finished proof: closed. 
392659     INFO  main            d.u.i.k.p.i.AbstractProblemLoader Loading environment from /home/runner/work/key/key/key.core/../key.ui/examples/standard_key/polySimp/simplify17.key.proof 
392659     DEBUG main            d.u.i.k.p.i.AbstractProblemLoader Environment load took 86.7ns 
392660     INFO  main            d.u.i.k.p.i.AbstractProblemLoader Creating init config 
394865     DEBUG main            d.u.i.k.p.i.AbstractProblemLoader Init config took 2.2s 
394877     INFO  main            d.u.i.k.p.i.AbstractProblemLoader Replaying proof simplify17.key.proof 
394884     DEBUG main            d.u.i.k.p.i.IntermediateProofReplayer Proof replay took 5.14ms 
394885     DEBUG main            d.u.i.k.p.r.p.TestFile    ... success: reloaded. 
394885     INFO  main            d.u.i.k.p.r.p.TestFile    Now processing file /home/runner/work/key/key/key.core/../key.ui/examples/standard_key/polySimp/simplify18.key 
394885     INFO  main            d.u.i.k.p.i.AbstractProblemLoader Loading environment from /home/runner/work/key/key/key.core/../key.ui/examples/standard_key/polySimp/simplify18.key 
394885     DEBUG main            d.u.i.k.p.i.AbstractProblemLoader Environment load took 66.8ns 
394886     INFO  main            d.u.i.k.p.i.AbstractProblemLoader Creating init config 
397140     DEBUG main            d.u.i.k.p.i.AbstractProblemLoader Init config took 2.25s 
397153     INFO  main            d.u.i.k.p.i.AbstractProblemLoader Replaying proof simplify18.key 
397154     DEBUG main            d.u.i.k.p.i.IntermediateProofReplayer Proof replay took 2.6ns 
397356     INFO  main            d.u.i.k.p.r.p.TestFile    ... finished proof: closed. 
397827     INFO  main            d.u.i.k.p.i.AbstractProblemLoader Loading environment from /home/runner/work/key/key/key.core/../key.ui/examples/standard_key/polySimp/simplify18.key.proof 
397827     DEBUG main            d.u.i.k.p.i.AbstractProblemLoader Environment load took 85.6ns 
397828     INFO  main            d.u.i.k.p.i.AbstractProblemLoader Creating init config 
400030     DEBUG main            d.u.i.k.p.i.AbstractProblemLoader Init config took 2.2s 
400043     INFO  main            d.u.i.k.p.i.AbstractProblemLoader Replaying proof simplify18.key.proof 
400058     DEBUG main            d.u.i.k.p.i.IntermediateProofReplayer Proof replay took 13.26ms 
400059     DEBUG main            d.u.i.k.p.r.p.TestFile    ... success: reloaded. 
400059     INFO  main            d.u.i.k.p.r.p.TestFile    Now processing file /home/runner/work/key/key/key.core/../key.ui/examples/standard_key/polySimp/simplify19.key 
400060     INFO  main            d.u.i.k.p.i.AbstractProblemLoader Loading environment from /home/runner/work/key/key/key.core/../key.ui/examples/standard_key/polySimp/simplify19.key 
400060     DEBUG main            d.u.i.k.p.i.AbstractProblemLoader Environment load took 70.1ns 
400061     INFO  main            d.u.i.k.p.i.AbstractProblemLoader Creating init config 
402298     DEBUG main            d.u.i.k.p.i.AbstractProblemLoader Init config took 2.24s 
402311     INFO  main            d.u.i.k.p.i.AbstractProblemLoader Replaying proof simplify19.key 
402312     DEBUG main            d.u.i.k.p.i.IntermediateProofReplayer Proof replay took 3.2ns 
405176     INFO  main            d.u.i.k.p.r.p.TestFile    ... finished proof: closed. 
405688     INFO  main            d.u.i.k.p.i.AbstractProblemLoader Loading environment from /home/runner/work/key/key/key.core/../key.ui/examples/standard_key/polySimp/simplify19.key.proof 
405689     DEBUG main            d.u.i.k.p.i.AbstractProblemLoader Environment load took 96.4ns 
405690     INFO  main            d.u.i.k.p.i.AbstractProblemLoader Creating init config 
407903     DEBUG main            d.u.i.k.p.i.AbstractProblemLoader Init config took 2.21s 
407916     INFO  main            d.u.i.k.p.i.AbstractProblemLoader Replaying proof simplify19.key.proof 
408143     DEBUG main            d.u.i.k.p.i.IntermediateProofReplayer Proof replay took 214.82ms 
408144     DEBUG main            d.u.i.k.p.r.p.TestFile    ... success: reloaded. 
408145     INFO  main            d.u.i.k.p.r.p.TestFile    Now processing file /home/runner/work/key/key/key.core/../key.ui/examples/standard_key/polySimp/simplify2.key 
408145     INFO  main            d.u.i.k.p.i.AbstractProblemLoader Loading environment from /home/runner/work/key/key/key.core/../key.ui/examples/standard_key/polySimp/simplify2.key 
408145     DEBUG main            d.u.i.k.p.i.AbstractProblemLoader Environment load took 61.8ns 
408146     INFO  main            d.u.i.k.p.i.AbstractProblemLoader Creating init config 
410433     DEBUG main            d.u.i.k.p.i.AbstractProblemLoader Init config took 2.29s 
410446     INFO  main            d.u.i.k.p.i.AbstractProblemLoader Replaying proof simplify2.key 
410449     DEBUG main            d.u.i.k.p.i.IntermediateProofReplayer Proof replay took 2.8ns 
410550     INFO  main            d.u.i.k.p.r.p.TestFile    ... finished proof: closed. 
411052     INFO  main            d.u.i.k.p.i.AbstractProblemLoader Loading environment from /home/runner/work/key/key/key.core/../key.ui/examples/standard_key/polySimp/simplify2.key.proof 
411052     DEBUG main            d.u.i.k.p.i.AbstractProblemLoader Environment load took 79.8ns 
411053     INFO  main            d.u.i.k.p.i.AbstractProblemLoader Creating init config 
413251     DEBUG main            d.u.i.k.p.i.AbstractProblemLoader Init config took 2.2s 
413263     INFO  main            d.u.i.k.p.i.AbstractProblemLoader Replaying proof simplify2.key.proof 
413265     DEBUG main            d.u.i.k.p.i.IntermediateProofReplayer Proof replay took 833.61ns 
413266     DEBUG main            d.u.i.k.p.r.p.TestFile    ... success: reloaded. 
413266     INFO  main            d.u.i.k.p.r.p.TestFile    Now processing file /home/runner/work/key/key/key.core/../key.ui/examples/standard_key/polySimp/simplify20.key 
413267     INFO  main            d.u.i.k.p.i.AbstractProblemLoader Loading environment from /home/runner/work/key/key/key.core/../key.ui/examples/standard_key/polySimp/simplify20.key 
413267     DEBUG main            d.u.i.k.p.i.AbstractProblemLoader Environment load took 42.4ns 
413268     INFO  main            d.u.i.k.p.i.AbstractProblemLoader Creating init config 
415495     DEBUG main            d.u.i.k.p.i.AbstractProblemLoader Init config took 2.23s 
415507     INFO  main            d.u.i.k.p.i.AbstractProblemLoader Replaying proof simplify20.key 
415508     DEBUG main            d.u.i.k.p.i.IntermediateProofReplayer Proof replay took 2.8ns 
416112     INFO  main            d.u.i.k.p.r.p.TestFile    ... finished proof: closed. 
416628     INFO  main            d.u.i.k.p.i.AbstractProblemLoader Loading environment from /home/runner/work/key/key/key.core/../key.ui/examples/standard_key/polySimp/simplify20.key.proof 
416628     DEBUG main            d.u.i.k.p.i.AbstractProblemLoader Environment load took 86.8ns 
416629     INFO  main            d.u.i.k.p.i.AbstractProblemLoader Creating init config 
418818     DEBUG main            d.u.i.k.p.i.AbstractProblemLoader Init config took 2.19s 
418842     INFO  main            d.u.i.k.p.i.AbstractProblemLoader Replaying proof simplify20.key.proof 
418901     DEBUG main            d.u.i.k.p.i.IntermediateProofReplayer Proof replay took 55.12ms 
418903     DEBUG main            d.u.i.k.p.r.p.TestFile    ... success: reloaded. 
418903     INFO  main            d.u.i.k.p.r.p.TestFile    Now processing file /home/runner/work/key/key/key.core/../key.ui/examples/standard_key/polySimp/simplify21.key 
418904     INFO  main            d.u.i.k.p.i.AbstractProblemLoader Loading environment from /home/runner/work/key/key/key.core/../key.ui/examples/standard_key/polySimp/simplify21.key 
418904     DEBUG main            d.u.i.k.p.i.AbstractProblemLoader Environment load took 80.8ns 
418906     INFO  main            d.u.i.k.p.i.AbstractProblemLoader Creating init config 
421136     DEBUG main            d.u.i.k.p.i.AbstractProblemLoader Init config took 2.23s 
421149     INFO  main            d.u.i.k.p.i.AbstractProblemLoader Replaying proof simplify21.key 
421151     DEBUG main            d.u.i.k.p.i.IntermediateProofReplayer Proof replay took 2.7ns 
421756     INFO  main            d.u.i.k.p.r.p.TestFile    ... finished proof: closed. 
422308     INFO  main            d.u.i.k.p.i.AbstractProblemLoader Loading environment from /home/runner/work/key/key/key.core/../key.ui/examples/standard_key/polySimp/simplify21.key.proof 
422308     DEBUG main            d.u.i.k.p.i.AbstractProblemLoader Environment load took 88.6ns 
422310     INFO  main            d.u.i.k.p.i.AbstractProblemLoader Creating init config 
424509     DEBUG main            d.u.i.k.p.i.AbstractProblemLoader Init config took 2.2s 
424544     INFO  main            d.u.i.k.p.i.AbstractProblemLoader Replaying proof simplify21.key.proof 
424591     DEBUG main            d.u.i.k.p.i.IntermediateProofReplayer Proof replay took 43.9ms 
424593     DEBUG main            d.u.i.k.p.r.p.TestFile    ... success: reloaded. 
424594     INFO  main            d.u.i.k.p.r.p.TestFile    Now processing file /home/runner/work/key/key/key.core/../key.ui/examples/standard_key/polySimp/simplify22.key 
424594     INFO  main            d.u.i.k.p.i.AbstractProblemLoader Loading environment from /home/runner/work/key/key/key.core/../key.ui/examples/standard_key/polySimp/simplify22.key 
424594     DEBUG main            d.u.i.k.p.i.AbstractProblemLoader Environment load took 111.6ns 
424595     INFO  main            d.u.i.k.p.i.AbstractProblemLoader Creating init config 
426820     DEBUG main            d.u.i.k.p.i.AbstractProblemLoader Init config took 2.22s 
426832     INFO  main            d.u.i.k.p.i.AbstractProblemLoader Replaying proof simplify22.key 
426833     DEBUG main            d.u.i.k.p.i.IntermediateProofReplayer Proof replay took 3.2ns 
426935     INFO  main            d.u.i.k.p.r.p.TestFile    ... finished proof: closed. 
427441     INFO  main            d.u.i.k.p.i.AbstractProblemLoader Loading environment from /home/runner/work/key/key/key.core/../key.ui/examples/standard_key/polySimp/simplify22.key.proof 
427441     DEBUG main            d.u.i.k.p.i.AbstractProblemLoader Environment load took 81.9ns 
427442     INFO  main            d.u.i.k.p.i.AbstractProblemLoader Creating init config 
429626     DEBUG main            d.u.i.k.p.i.AbstractProblemLoader Init config took 2.18s 
429639     INFO  main            d.u.i.k.p.i.AbstractProblemLoader Replaying proof simplify22.key.proof 
429642     DEBUG main            d.u.i.k.p.i.IntermediateProofReplayer Proof replay took 2.35ms 
429643     DEBUG main            d.u.i.k.p.r.p.TestFile    ... success: reloaded. 
429643     INFO  main            d.u.i.k.p.r.p.TestFile    Now processing file /home/runner/work/key/key/key.core/../key.ui/examples/standard_key/polySimp/simplify23.key 
429644     INFO  main            d.u.i.k.p.i.AbstractProblemLoader Loading environment from /home/runner/work/key/key/key.core/../key.ui/examples/standard_key/polySimp/simplify23.key 
429644     DEBUG main            d.u.i.k.p.i.AbstractProblemLoader Environment load took 75.4ns 
429645     INFO  main            d.u.i.k.p.i.AbstractProblemLoader Creating init config 
431848     DEBUG main            d.u.i.k.p.i.AbstractProblemLoader Init config took 2.2s 
431861     INFO  main            d.u.i.k.p.i.AbstractProblemLoader Replaying proof simplify23.key 
431862     DEBUG main            d.u.i.k.p.i.IntermediateProofReplayer Proof replay took 2.7ns 
432065     INFO  main            d.u.i.k.p.r.p.TestFile    ... finished proof: closed. 
432539     INFO  main            d.u.i.k.p.i.AbstractProblemLoader Loading environment from /home/runner/work/key/key/key.core/../key.ui/examples/standard_key/polySimp/simplify23.key.proof 
432539     DEBUG main            d.u.i.k.p.i.AbstractProblemLoader Environment load took 88.8ns 
432540     INFO  main            d.u.i.k.p.i.AbstractProblemLoader Creating init config 
434734     DEBUG main            d.u.i.k.p.i.AbstractProblemLoader Init config took 2.19s 
434747     INFO  main            d.u.i.k.p.i.AbstractProblemLoader Replaying proof simplify23.key.proof 
434760     DEBUG main            d.u.i.k.p.i.IntermediateProofReplayer Proof replay took 10.91ms 
434761     DEBUG main            d.u.i.k.p.r.p.TestFile    ... success: reloaded. 
434761     INFO  main            d.u.i.k.p.r.p.TestFile    Now processing file /home/runner/work/key/key/key.core/../key.ui/examples/standard_key/polySimp/simplify24.key 
434761     INFO  main            d.u.i.k.p.i.AbstractProblemLoader Loading environment from /home/runner/work/key/key/key.core/../key.ui/examples/standard_key/polySimp/simplify24.key 
434761     DEBUG main            d.u.i.k.p.i.AbstractProblemLoader Environment load took 46.9ns 
434762     INFO  main            d.u.i.k.p.i.AbstractProblemLoader Creating init config 
436993     DEBUG main            d.u.i.k.p.i.AbstractProblemLoader Init config took 2.23s 
437006     INFO  main            d.u.i.k.p.i.AbstractProblemLoader Replaying proof simplify24.key 
437007     DEBUG main            d.u.i.k.p.i.IntermediateProofReplayer Proof replay took 3ns 
437109     INFO  main            d.u.i.k.p.r.p.TestFile    ... finished proof: closed. 
437609     INFO  main            d.u.i.k.p.i.AbstractProblemLoader Loading environment from /home/runner/work/key/key/key.core/../key.ui/examples/standard_key/polySimp/simplify24.key.proof 
437609     DEBUG main            d.u.i.k.p.i.AbstractProblemLoader Environment load took 226.2ns 
437610     INFO  main            d.u.i.k.p.i.AbstractProblemLoader Creating init config 
439786     DEBUG main            d.u.i.k.p.i.AbstractProblemLoader Init config took 2.18s 
439798     INFO  main            d.u.i.k.p.i.AbstractProblemLoader Replaying proof simplify24.key.proof 
439802     DEBUG main            d.u.i.k.p.i.IntermediateProofReplayer Proof replay took 2.32ms 
439803     DEBUG main            d.u.i.k.p.r.p.TestFile    ... success: reloaded. 
439803     INFO  main            d.u.i.k.p.r.p.TestFile    Now processing file /home/runner/work/key/key/key.core/../key.ui/examples/standard_key/polySimp/simplify25.key 
439804     INFO  main            d.u.i.k.p.i.AbstractProblemLoader Loading environment from /home/runner/work/key/key/key.core/../key.ui/examples/standard_key/polySimp/simplify25.key 
439804     DEBUG main            d.u.i.k.p.i.AbstractProblemLoader Environment load took 61.4ns 
439804     INFO  main            d.u.i.k.p.i.AbstractProblemLoader Creating init config 
442028     DEBUG main            d.u.i.k.p.i.AbstractProblemLoader Init config took 2.22s 
442041     INFO  main            d.u.i.k.p.i.AbstractProblemLoader Replaying proof simplify25.key 
442042     DEBUG main            d.u.i.k.p.i.IntermediateProofReplayer Proof replay took 3.2ns 
442144     INFO  main            d.u.i.k.p.r.p.TestFile    ... finished proof: closed. 
442641     INFO  main            d.u.i.k.p.i.AbstractProblemLoader Loading environment from /home/runner/work/key/key/key.core/../key.ui/examples/standard_key/polySimp/simplify25.key.proof 
442641     DEBUG main            d.u.i.k.p.i.AbstractProblemLoader Environment load took 91.2ns 
442642     INFO  main            d.u.i.k.p.i.AbstractProblemLoader Creating init config 
444830     DEBUG main            d.u.i.k.p.i.AbstractProblemLoader Init config took 2.19s 
444843     INFO  main            d.u.i.k.p.i.AbstractProblemLoader Replaying proof simplify25.key.proof 
444847     DEBUG main            d.u.i.k.p.i.IntermediateProofReplayer Proof replay took 2.37ms 
444847     DEBUG main            d.u.i.k.p.r.p.TestFile    ... success: reloaded. 
444848     INFO  main            d.u.i.k.p.r.p.TestFile    Now processing file /home/runner/work/key/key/key.core/../key.ui/examples/standard_key/polySimp/simplify3.key 
444848     INFO  main            d.u.i.k.p.i.AbstractProblemLoader Loading environment from /home/runner/work/key/key/key.core/../key.ui/examples/standard_key/polySimp/simplify3.key 
444848     DEBUG main            d.u.i.k.p.i.AbstractProblemLoader Environment load took 53ns 
444849     INFO  main            d.u.i.k.p.i.AbstractProblemLoader Creating init config 
447071     DEBUG main            d.u.i.k.p.i.AbstractProblemLoader Init config took 2.22s 
447083     INFO  main            d.u.i.k.p.i.AbstractProblemLoader Replaying proof simplify3.key 
447084     DEBUG main            d.u.i.k.p.i.IntermediateProofReplayer Proof replay took 2.7ns 
447186     INFO  main            d.u.i.k.p.r.p.TestFile    ... finished proof: closed. 
447688     INFO  main            d.u.i.k.p.i.AbstractProblemLoader Loading environment from /home/runner/work/key/key/key.core/../key.ui/examples/standard_key/polySimp/simplify3.key.proof 
447689     DEBUG main            d.u.i.k.p.i.AbstractProblemLoader Environment load took 99.8ns 
447689     INFO  main            d.u.i.k.p.i.AbstractProblemLoader Creating init config 
449892     DEBUG main            d.u.i.k.p.i.AbstractProblemLoader Init config took 2.2s 
449904     INFO  main            d.u.i.k.p.i.AbstractProblemLoader Replaying proof simplify3.key.proof 
449906     DEBUG main            d.u.i.k.p.i.IntermediateProofReplayer Proof replay took 832.21ns 
449907     DEBUG main            d.u.i.k.p.r.p.TestFile    ... success: reloaded. 
449907     INFO  main            d.u.i.k.p.r.p.TestFile    Now processing file /home/runner/work/key/key/key.core/../key.ui/examples/standard_key/polySimp/simplify4.key 
449908     INFO  main            d.u.i.k.p.i.AbstractProblemLoader Loading environment from /home/runner/work/key/key/key.core/../key.ui/examples/standard_key/polySimp/simplify4.key 
449908     DEBUG main            d.u.i.k.p.i.AbstractProblemLoader Environment load took 43.2ns 
449908     INFO  main            d.u.i.k.p.i.AbstractProblemLoader Creating init config 
452123     DEBUG main            d.u.i.k.p.i.AbstractProblemLoader Init config took 2.21s 
452135     INFO  main            d.u.i.k.p.i.AbstractProblemLoader Replaying proof simplify4.key 
452136     DEBUG main            d.u.i.k.p.i.IntermediateProofReplayer Proof replay took 2.9ns 
452238     INFO  main            d.u.i.k.p.r.p.TestFile    ... finished proof: closed. 
452735     INFO  main            d.u.i.k.p.i.AbstractProblemLoader Loading environment from /home/runner/work/key/key/key.core/../key.ui/examples/standard_key/polySimp/simplify4.key.proof 
452735     DEBUG main            d.u.i.k.p.i.AbstractProblemLoader Environment load took 83.6ns 
452736     INFO  main            d.u.i.k.p.i.AbstractProblemLoader Creating init config 
454928     DEBUG main            d.u.i.k.p.i.AbstractProblemLoader Init config took 2.19s 
454940     INFO  main            d.u.i.k.p.i.AbstractProblemLoader Replaying proof simplify4.key.proof 
454943     DEBUG main            d.u.i.k.p.i.IntermediateProofReplayer Proof replay took 1.05ms 
454943     DEBUG main            d.u.i.k.p.r.p.TestFile    ... success: reloaded. 
454944     INFO  main            d.u.i.k.p.r.p.TestFile    Now processing file /home/runner/work/key/key/key.core/../key.ui/examples/standard_key/polySimp/simplify5.key 
454944     INFO  main            d.u.i.k.p.i.AbstractProblemLoader Loading environment from /home/runner/work/key/key/key.core/../key.ui/examples/standard_key/polySimp/simplify5.key 
454944     DEBUG main            d.u.i.k.p.i.AbstractProblemLoader Environment load took 61.1ns 
454945     INFO  main            d.u.i.k.p.i.AbstractProblemLoader Creating init config 
457163     DEBUG main            d.u.i.k.p.i.AbstractProblemLoader Init config took 2.22s 
457192     INFO  main            d.u.i.k.p.i.AbstractProblemLoader Replaying proof simplify5.key 
457193     DEBUG main            d.u.i.k.p.i.IntermediateProofReplayer Proof replay took 2.9ns 
457294     INFO  main            d.u.i.k.p.r.p.TestFile    ... finished proof: closed. 
457799     INFO  main            d.u.i.k.p.i.AbstractProblemLoader Loading environment from /home/runner/work/key/key/key.core/../key.ui/examples/standard_key/polySimp/simplify5.key.proof 
457799     DEBUG main            d.u.i.k.p.i.AbstractProblemLoader Environment load took 83.6ns 
457800     INFO  main            d.u.i.k.p.i.AbstractProblemLoader Creating init config 
460011     DEBUG main            d.u.i.k.p.i.AbstractProblemLoader Init config took 2.21s 
460035     INFO  main            d.u.i.k.p.i.AbstractProblemLoader Replaying proof simplify5.key.proof 
460042     DEBUG main            d.u.i.k.p.i.IntermediateProofReplayer Proof replay took 5.58ms 
460043     DEBUG main            d.u.i.k.p.r.p.TestFile    ... success: reloaded. 
460043     INFO  main            d.u.i.k.p.r.p.TestFile    Now processing file /home/runner/work/key/key/key.core/../key.ui/examples/standard_key/polySimp/simplify6.key 
460043     INFO  main            d.u.i.k.p.i.AbstractProblemLoader Loading environment from /home/runner/work/key/key/key.core/../key.ui/examples/standard_key/polySimp/simplify6.key 
460043     DEBUG main            d.u.i.k.p.i.AbstractProblemLoader Environment load took 43.4ns 
460044     INFO  main            d.u.i.k.p.i.AbstractProblemLoader Creating init config 
462269     DEBUG main            d.u.i.k.p.i.AbstractProblemLoader Init config took 2.22s 
462282     INFO  main            d.u.i.k.p.i.AbstractProblemLoader Replaying proof simplify6.key 
462283     DEBUG main            d.u.i.k.p.i.IntermediateProofReplayer Proof replay took 3.4ns 
462386     INFO  main            d.u.i.k.p.r.p.TestFile    ... finished proof: closed. 
462913     INFO  main            d.u.i.k.p.i.AbstractProblemLoader Loading environment from /home/runner/work/key/key/key.core/../key.ui/examples/standard_key/polySimp/simplify6.key.proof 
462913     DEBUG main            d.u.i.k.p.i.AbstractProblemLoader Environment load took 76.5ns 
462914     INFO  main            d.u.i.k.p.i.AbstractProblemLoader Creating init config 
465111     DEBUG main            d.u.i.k.p.i.AbstractProblemLoader Init config took 2.2s 
465124     INFO  main            d.u.i.k.p.i.AbstractProblemLoader Replaying proof simplify6.key.proof 
465126     DEBUG main            d.u.i.k.p.i.IntermediateProofReplayer Proof replay took 369.9ns 
465126     DEBUG main            d.u.i.k.p.r.p.TestFile    ... success: reloaded. 
465127     INFO  main            d.u.i.k.p.r.p.TestFile    Now processing file /home/runner/work/key/key/key.core/../key.ui/examples/standard_key/polySimp/simplify7.key 
465127     INFO  main            d.u.i.k.p.i.AbstractProblemLoader Loading environment from /home/runner/work/key/key/key.core/../key.ui/examples/standard_key/polySimp/simplify7.key 
465127     DEBUG main            d.u.i.k.p.i.AbstractProblemLoader Environment load took 41.6ns 
465128     INFO  main            d.u.i.k.p.i.AbstractProblemLoader Creating init config 
467350     DEBUG main            d.u.i.k.p.i.AbstractProblemLoader Init config took 2.22s 
467363     INFO  main            d.u.i.k.p.i.AbstractProblemLoader Replaying proof simplify7.key 
467364     DEBUG main            d.u.i.k.p.i.IntermediateProofReplayer Proof replay took 3.7ns 
467465     INFO  main            d.u.i.k.p.r.p.TestFile    ... finished proof: closed. 
467983     INFO  main            d.u.i.k.p.i.AbstractProblemLoader Loading environment from /home/runner/work/key/key/key.core/../key.ui/examples/standard_key/polySimp/simplify7.key.proof 
467983     DEBUG main            d.u.i.k.p.i.AbstractProblemLoader Environment load took 83.9ns 
467984     INFO  main            d.u.i.k.p.i.AbstractProblemLoader Creating init config 
470191     DEBUG main            d.u.i.k.p.i.AbstractProblemLoader Init config took 2.21s 
470204     INFO  main            d.u.i.k.p.i.AbstractProblemLoader Replaying proof simplify7.key.proof 
470206     DEBUG main            d.u.i.k.p.i.IntermediateProofReplayer Proof replay took 600.81ns 
470207     DEBUG main            d.u.i.k.p.r.p.TestFile    ... success: reloaded. 
470207     INFO  main            d.u.i.k.p.r.p.TestFile    Now processing file /home/runner/work/key/key/key.core/../key.ui/examples/standard_key/polySimp/simplify8.key 
470207     INFO  main            d.u.i.k.p.i.AbstractProblemLoader Loading environment from /home/runner/work/key/key/key.core/../key.ui/examples/standard_key/polySimp/simplify8.key 
470207     DEBUG main            d.u.i.k.p.i.AbstractProblemLoader Environment load took 42.6ns 
470210     INFO  main            d.u.i.k.p.i.AbstractProblemLoader Creating init config 
472443     DEBUG main            d.u.i.k.p.i.AbstractProblemLoader Init config took 2.23s 
472456     INFO  main            d.u.i.k.p.i.AbstractProblemLoader Replaying proof simplify8.key 
472457     DEBUG main            d.u.i.k.p.i.IntermediateProofReplayer Proof replay took 3.5ns 
476076     INFO  main            d.u.i.k.p.r.p.TestFile    ... finished proof: closed. 
476627     INFO  main            d.u.i.k.p.i.AbstractProblemLoader Loading environment from /home/runner/work/key/key/key.core/../key.ui/examples/standard_key/polySimp/simplify8.key.proof 
476627     DEBUG main            d.u.i.k.p.i.AbstractProblemLoader Environment load took 87.8ns 
476629     INFO  main            d.u.i.k.p.i.AbstractProblemLoader Creating init config 
478831     DEBUG main            d.u.i.k.p.i.AbstractProblemLoader Init config took 2.2s 
478847     INFO  main            d.u.i.k.p.i.AbstractProblemLoader Replaying proof simplify8.key.proof 
479020     DEBUG main            d.u.i.k.p.i.IntermediateProofReplayer Proof replay took 168.35ms 
479022     DEBUG main            d.u.i.k.p.r.p.TestFile    ... success: reloaded. 
479023     INFO  main            d.u.i.k.p.r.p.TestFile    Now processing file /home/runner/work/key/key/key.core/../key.ui/examples/standard_key/polySimp/simplify9.key 
479023     INFO  main            d.u.i.k.p.i.AbstractProblemLoader Loading environment from /home/runner/work/key/key/key.core/../key.ui/examples/standard_key/polySimp/simplify9.key 
479023     DEBUG main            d.u.i.k.p.i.AbstractProblemLoader Environment load took 45.3ns 
479024     INFO  main            d.u.i.k.p.i.AbstractProblemLoader Creating init config 
481253     DEBUG main            d.u.i.k.p.i.AbstractProblemLoader Init config took 2.23s 
481288     INFO  main            d.u.i.k.p.i.AbstractProblemLoader Replaying proof simplify9.key 
481289     DEBUG main            d.u.i.k.p.i.IntermediateProofReplayer Proof replay took 3.1ns 
481491     INFO  main            d.u.i.k.p.r.p.TestFile    ... finished proof: closed. 
482062     INFO  main            d.u.i.k.p.i.AbstractProblemLoader Loading environment from /home/runner/work/key/key/key.core/../key.ui/examples/standard_key/polySimp/simplify9.key.proof 
482062     DEBUG main            d.u.i.k.p.i.AbstractProblemLoader Environment load took 79ns 
482063     INFO  main            d.u.i.k.p.i.AbstractProblemLoader Creating init config 
484255     DEBUG main            d.u.i.k.p.i.AbstractProblemLoader Init config took 2.19s 
484269     INFO  main            d.u.i.k.p.i.AbstractProblemLoader Replaying proof simplify9.key.proof 
484279     DEBUG main            d.u.i.k.p.i.IntermediateProofReplayer Proof replay took 8.88ms 
484280     DEBUG main            d.u.i.k.p.r.p.TestFile    ... success: reloaded. 
2900704    INFO  Test worker     d.u.i.k.p.r.RunAllProofsTestUnit Returning from test arithmetic 
2900705    INFO  Test worker     d.u.i.k.p.r.RunAllProofsTestUnit Running test arrays 
303        INFO  Timeout watchdog d.u.i.k.p.r.p.ForkedTestFileRunner Timeout watcher launched (2000 secs.) 
315        WARN  main            d.u.i.k.s.ProofSettings   The settings in /home/runner/.key/proof-settings.props are *not* read. 
343        INFO  main            d.u.i.k.p.r.p.TestFile    Now processing file /home/runner/work/key/key/key.core/../key.ui/examples/standard_key/arrays/arrayStoreException/array2DimPrim.key 
444        INFO  main            d.u.i.k.p.i.AbstractProblemLoader Loading environment from /home/runner/work/key/key/key.core/../key.ui/examples/standard_key/arrays/arrayStoreException/array2DimPrim.key 
470        DEBUG main            d.u.i.k.p.i.AbstractProblemLoader Environment load took 2.1ms 
722        INFO  main            d.u.i.k.p.i.AbstractProblemLoader Creating init config 
1750       DEBUG main            d.u.i.k.j.TypeConverter   No LDT found for Meta 
1751       DEBUG main            d.u.i.k.j.TypeConverter   No LDT found for Meta 
1753       DEBUG main            d.u.i.k.j.TypeConverter   No LDT found for Meta 
1754       DEBUG main            d.u.i.k.j.TypeConverter   No LDT found for Meta 
3202       DEBUG main            d.u.i.k.j.TypeConverter   No LDT found for JavaBigintExpression 
7847       DEBUG main            d.u.i.k.p.i.AbstractProblemLoader Init config took 7.13s 
7964       INFO  main            d.u.i.k.p.i.AbstractProblemLoader Replaying proof array2DimPrim.key 
8004       DEBUG main            d.u.i.k.p.i.IntermediateProofReplayer Proof replay took 36.4ns 
11898      INFO  main            d.u.i.k.p.r.p.TestFile    ... finished proof: closed. 
12095      INFO  main            d.u.i.k.p.i.AbstractProblemLoader Loading environment from /home/runner/work/key/key/key.core/../key.ui/examples/standard_key/arrays/arrayStoreException/array2DimPrim.key.proof 
12097      DEBUG main            d.u.i.k.p.i.AbstractProblemLoader Environment load took 2.64ms 
12102      INFO  main            d.u.i.k.p.i.AbstractProblemLoader Creating init config 
14848      DEBUG main            d.u.i.k.p.i.AbstractProblemLoader Init config took 2.75s 
14896      INFO  main            d.u.i.k.p.i.AbstractProblemLoader Replaying proof array2DimPrim.key.proof 
15492      DEBUG main            d.u.i.k.p.i.IntermediateProofReplayer Proof replay took 578.78ms 
15511      DEBUG main            d.u.i.k.p.r.p.TestFile    ... success: reloaded. 
15513      INFO  main            d.u.i.k.p.r.p.TestFile    Now processing file /home/runner/work/key/key/key.core/../key.ui/examples/standard_key/arrays/arrayStoreException/arrayStoreKnownDynType.key 
15513      INFO  main            d.u.i.k.p.i.AbstractProblemLoader Loading environment from /home/runner/work/key/key/key.core/../key.ui/examples/standard_key/arrays/arrayStoreException/arrayStoreKnownDynType.key 
15513      DEBUG main            d.u.i.k.p.i.AbstractProblemLoader Environment load took 243.6ns 
15515      INFO  main            d.u.i.k.p.i.AbstractProblemLoader Creating init config 
18096      DEBUG main            d.u.i.k.p.i.AbstractProblemLoader Init config took 2.58s 
18134      INFO  main            d.u.i.k.p.i.AbstractProblemLoader Replaying proof arrayStoreKnownDynType.key 
18140      DEBUG main            d.u.i.k.p.i.IntermediateProofReplayer Proof replay took 6.5ns 
18444      INFO  main            d.u.i.k.p.r.p.TestFile    ... finished proof: closed. 
18680      INFO  main            d.u.i.k.p.i.AbstractProblemLoader Loading environment from /home/runner/work/key/key/key.core/../key.ui/examples/standard_key/arrays/arrayStoreException/arrayStoreKnownDynType.key.proof 
18680      DEBUG main            d.u.i.k.p.i.AbstractProblemLoader Environment load took 126.4ns 
18683      INFO  main            d.u.i.k.p.i.AbstractProblemLoader Creating init config 
21146      DEBUG main            d.u.i.k.p.i.AbstractProblemLoader Init config took 2.46s 
21170      INFO  main            d.u.i.k.p.i.AbstractProblemLoader Replaying proof arrayStoreKnownDynType.key.proof 
21213      DEBUG main            d.u.i.k.p.i.IntermediateProofReplayer Proof replay took 39.25ms 
21214      DEBUG main            d.u.i.k.p.r.p.TestFile    ... success: reloaded. 
21215      INFO  main            d.u.i.k.p.r.p.TestFile    Now processing file /home/runner/work/key/key/key.core/../key.ui/examples/standard_key/arrays/arrayStoreException/reverseArray.key 
21216      INFO  main            d.u.i.k.p.i.AbstractProblemLoader Loading environment from /home/runner/work/key/key/key.core/../key.ui/examples/standard_key/arrays/arrayStoreException/reverseArray.key 
21216      DEBUG main            d.u.i.k.p.i.AbstractProblemLoader Environment load took 221.4ns 
21218      INFO  main            d.u.i.k.p.i.AbstractProblemLoader Creating init config 
23749      DEBUG main            d.u.i.k.p.i.AbstractProblemLoader Init config took 2.53s 
23775      INFO  main            d.u.i.k.p.i.AbstractProblemLoader Replaying proof reverseArray.key 
23777      DEBUG main            d.u.i.k.p.i.IntermediateProofReplayer Proof replay took 6.6ns 
24382      INFO  main            d.u.i.k.p.r.p.TestFile    ... finished proof: closed. 
24580      INFO  main            d.u.i.k.p.i.AbstractProblemLoader Loading environment from /home/runner/work/key/key/key.core/../key.ui/examples/standard_key/arrays/arrayStoreException/reverseArray.key.proof 
24581      DEBUG main            d.u.i.k.p.i.AbstractProblemLoader Environment load took 444.51ns 
24586      INFO  main            d.u.i.k.p.i.AbstractProblemLoader Creating init config 
27086      DEBUG main            d.u.i.k.p.i.AbstractProblemLoader Init config took 2.5s 
27109      INFO  main            d.u.i.k.p.i.AbstractProblemLoader Replaying proof reverseArray.key.proof 
27249      DEBUG main            d.u.i.k.p.i.IntermediateProofReplayer Proof replay took 134.11ms 
27251      DEBUG main            d.u.i.k.p.r.p.TestFile    ... success: reloaded. 
27253      INFO  main            d.u.i.k.p.r.p.TestFile    Now processing file /home/runner/work/key/key/key.core/../key.ui/examples/standard_key/arrays/arrayStoreException/throwArrayStoreException.key 
27253      INFO  main            d.u.i.k.p.i.AbstractProblemLoader Loading environment from /home/runner/work/key/key/key.core/../key.ui/examples/standard_key/arrays/arrayStoreException/throwArrayStoreException.key 
27253      DEBUG main            d.u.i.k.p.i.AbstractProblemLoader Environment load took 203.8ns 
27255      INFO  main            d.u.i.k.p.i.AbstractProblemLoader Creating init config 
29785      DEBUG main            d.u.i.k.p.i.AbstractProblemLoader Init config took 2.53s 
29806      INFO  main            d.u.i.k.p.i.AbstractProblemLoader Replaying proof throwArrayStoreException.key 
29808      DEBUG main            d.u.i.k.p.i.IntermediateProofReplayer Proof replay took 6.6ns 
30212      INFO  main            d.u.i.k.p.r.p.TestFile    ... finished proof: closed. 
30404      INFO  main            d.u.i.k.p.i.AbstractProblemLoader Loading environment from /home/runner/work/key/key/key.core/../key.ui/examples/standard_key/arrays/arrayStoreException/throwArrayStoreException.key.proof 
30405      DEBUG main            d.u.i.k.p.i.AbstractProblemLoader Environment load took 443.51ns 
30410      INFO  main            d.u.i.k.p.i.AbstractProblemLoader Creating init config 
32883      DEBUG main            d.u.i.k.p.i.AbstractProblemLoader Init config took 2.47s 
32913      INFO  main            d.u.i.k.p.i.AbstractProblemLoader Replaying proof throwArrayStoreException.key.proof 
33014      DEBUG main            d.u.i.k.p.i.IntermediateProofReplayer Proof replay took 95.24ms 
33016      DEBUG main            d.u.i.k.p.r.p.TestFile    ... success: reloaded. 
33017      INFO  main            d.u.i.k.p.r.p.TestFile    Now processing file /home/runner/work/key/key/key.core/../key.ui/examples/standard_key/arrays/creation/arrayCreation1.key 
33017      INFO  main            d.u.i.k.p.i.AbstractProblemLoader Loading environment from /home/runner/work/key/key/key.core/../key.ui/examples/standard_key/arrays/creation/arrayCreation1.key 
33017      DEBUG main            d.u.i.k.p.i.AbstractProblemLoader Environment load took 241.7ns 
33019      INFO  main            d.u.i.k.p.i.AbstractProblemLoader Creating init config 
35485      DEBUG main            d.u.i.k.p.i.AbstractProblemLoader Init config took 2.47s 
35505      INFO  main            d.u.i.k.p.i.AbstractProblemLoader Replaying proof arrayCreation1.key 
35507      DEBUG main            d.u.i.k.p.i.IntermediateProofReplayer Proof replay took 6.5ns 
35710      INFO  main            d.u.i.k.p.r.p.TestFile    ... finished proof: closed. 
35881      INFO  main            d.u.i.k.p.i.AbstractProblemLoader Loading environment from /home/runner/work/key/key/key.core/../key.ui/examples/standard_key/arrays/creation/arrayCreation1.key.proof 
35882      DEBUG main            d.u.i.k.p.i.AbstractProblemLoader Environment load took 124.5ns 
35883      INFO  main            d.u.i.k.p.i.AbstractProblemLoader Creating init config 
38266      DEBUG main            d.u.i.k.p.i.AbstractProblemLoader Init config took 2.38s 
38286      INFO  main            d.u.i.k.p.i.AbstractProblemLoader Replaying proof arrayCreation1.key.proof 
38311      DEBUG main            d.u.i.k.p.i.IntermediateProofReplayer Proof replay took 22.73ms 
38313      DEBUG main            d.u.i.k.p.r.p.TestFile    ... success: reloaded. 
38314      INFO  main            d.u.i.k.p.r.p.TestFile    Now processing file /home/runner/work/key/key/key.core/../key.ui/examples/standard_key/arrays/arrayStoreException/array2Dim.key 
38315      INFO  main            d.u.i.k.p.i.AbstractProblemLoader Loading environment from /home/runner/work/key/key/key.core/../key.ui/examples/standard_key/arrays/arrayStoreException/array2Dim.key 
38315      DEBUG main            d.u.i.k.p.i.AbstractProblemLoader Environment load took 218.1ns 
38316      INFO  main            d.u.i.k.p.i.AbstractProblemLoader Creating init config 
40803      DEBUG main            d.u.i.k.p.i.AbstractProblemLoader Init config took 2.49s 
40841      INFO  main            d.u.i.k.p.i.AbstractProblemLoader Replaying proof array2Dim.key 
40844      DEBUG main            d.u.i.k.p.i.IntermediateProofReplayer Proof replay took 6.4ns 
44242      INFO  main            d.u.i.k.p.r.p.TestFile    ... finished proof: open goal(s) 
44487      INFO  main            d.u.i.k.p.r.p.TestFile    Now processing file /home/runner/work/key/key/key.core/../key.ui/examples/standard_key/arrays/arrayStoreException/array2DimClose.key 
44487      INFO  main            d.u.i.k.p.i.AbstractProblemLoader Loading environment from /home/runner/work/key/key/key.core/../key.ui/examples/standard_key/arrays/arrayStoreException/array2DimClose.key 
44487      DEBUG main            d.u.i.k.p.i.AbstractProblemLoader Environment load took 65.4ns 
44491      INFO  main            d.u.i.k.p.i.AbstractProblemLoader Creating init config 
46886      DEBUG main            d.u.i.k.p.i.AbstractProblemLoader Init config took 2.4s 
46906      INFO  main            d.u.i.k.p.i.AbstractProblemLoader Replaying proof array2DimClose.key 
46908      DEBUG main            d.u.i.k.p.i.IntermediateProofReplayer Proof replay took 12.5ns 
49285      INFO  main            d.u.i.k.p.r.p.TestFile    ... finished proof: open goal(s) 
49622      INFO  main            d.u.i.k.p.r.p.TestFile    Now processing file /home/runner/work/key/key/key.core/../key.ui/examples/standard_key/arrays/arrayStoreException/throwASEForPrim.key 
49624      INFO  main            d.u.i.k.p.i.AbstractProblemLoader Loading environment from /home/runner/work/key/key/key.core/../key.ui/examples/standard_key/arrays/arrayStoreException/throwASEForPrim.key 
49624      DEBUG main            d.u.i.k.p.i.AbstractProblemLoader Environment load took 99.1ns 
49625      INFO  main            d.u.i.k.p.i.AbstractProblemLoader Creating init config 
51981      DEBUG main            d.u.i.k.p.i.AbstractProblemLoader Init config took 2.36s 
51997      INFO  main            d.u.i.k.p.i.AbstractProblemLoader Replaying proof throwASEForPrim.key 
51998      DEBUG main            d.u.i.k.p.i.IntermediateProofReplayer Proof replay took 6.6ns 
56438      INFO  main            d.u.i.k.p.r.p.TestFile    ... finished proof: open goal(s) 
2957598    INFO  Test worker     d.u.i.k.p.r.RunAllProofsTestUnit Returning from test arrays 
2957599    INFO  Test worker     d.u.i.k.p.r.RunAllProofsTestUnit Running test javadl 
378        WARN  main            d.u.i.k.s.ProofSettings   The settings in /home/runner/.key/proof-settings.props are *not* read. 
378        INFO  Timeout watchdog d.u.i.k.p.r.p.ForkedTestFileRunner Timeout watcher launched (2000 secs.) 
417        INFO  main            d.u.i.k.p.r.p.TestFile    Now processing file /home/runner/work/key/key/key.core/../key.ui/examples/standard_key/instanceCreation/instanceCreation1.key 
577        INFO  main            d.u.i.k.p.i.AbstractProblemLoader Loading environment from /home/runner/work/key/key/key.core/../key.ui/examples/standard_key/instanceCreation/instanceCreation1.key 
594        DEBUG main            d.u.i.k.p.i.AbstractProblemLoader Environment load took 2.2ms 
865        INFO  main            d.u.i.k.p.i.AbstractProblemLoader Creating init config 
1850       DEBUG main            d.u.i.k.j.TypeConverter   No LDT found for Meta 
1850       DEBUG main            d.u.i.k.j.TypeConverter   No LDT found for Meta 
1853       DEBUG main            d.u.i.k.j.TypeConverter   No LDT found for Meta 
1854       DEBUG main            d.u.i.k.j.TypeConverter   No LDT found for Meta 
3486       DEBUG main            d.u.i.k.j.TypeConverter   No LDT found for JavaBigintExpression 
9265       DEBUG main            d.u.i.k.p.i.AbstractProblemLoader Init config took 8.4s 
9334       INFO  main            d.u.i.k.p.i.AbstractProblemLoader Replaying proof instanceCreation1.key 
9369       DEBUG main            d.u.i.k.p.i.IntermediateProofReplayer Proof replay took 42.8ns 
10313      INFO  main            d.u.i.k.p.r.p.TestFile    ... finished proof: closed. 
10451      INFO  main            d.u.i.k.p.i.AbstractProblemLoader Loading environment from /home/runner/work/key/key/key.core/../key.ui/examples/standard_key/instanceCreation/instanceCreation1.key.proof 
10451      DEBUG main            d.u.i.k.p.i.AbstractProblemLoader Environment load took 168.5ns 
10456      INFO  main            d.u.i.k.p.i.AbstractProblemLoader Creating init config 
13324      DEBUG main            d.u.i.k.p.i.AbstractProblemLoader Init config took 2.87s 
13375      INFO  main            d.u.i.k.p.i.AbstractProblemLoader Replaying proof instanceCreation1.key.proof 
13481      DEBUG main            d.u.i.k.p.i.IntermediateProofReplayer Proof replay took 99.1ms 
13496      DEBUG main            d.u.i.k.p.r.p.TestFile    ... success: reloaded. 
13503      INFO  main            d.u.i.k.p.r.p.TestFile    Now processing file /home/runner/work/key/key/key.core/../key.ui/examples/standard_key/instanceCreation/instanceCreation2.key 
13511      INFO  main            d.u.i.k.p.i.AbstractProblemLoader Loading environment from /home/runner/work/key/key/key.core/../key.ui/examples/standard_key/instanceCreation/instanceCreation2.key 
13511      DEBUG main            d.u.i.k.p.i.AbstractProblemLoader Environment load took 390.31ns 
13513      INFO  main            d.u.i.k.p.i.AbstractProblemLoader Creating init config 
16278      DEBUG main            d.u.i.k.p.i.AbstractProblemLoader Init config took 2.76s 
16335      INFO  main            d.u.i.k.p.i.AbstractProblemLoader Replaying proof instanceCreation2.key 
16338      DEBUG main            d.u.i.k.p.i.IntermediateProofReplayer Proof replay took 6.4ns 
16962      INFO  main            d.u.i.k.p.r.p.TestFile    ... finished proof: closed. 
17109      INFO  main            d.u.i.k.p.i.AbstractProblemLoader Loading environment from /home/runner/work/key/key/key.core/../key.ui/examples/standard_key/instanceCreation/instanceCreation2.key.proof 
17109      DEBUG main            d.u.i.k.p.i.AbstractProblemLoader Environment load took 139.2ns 
17113      INFO  main            d.u.i.k.p.i.AbstractProblemLoader Creating init config 
19800      DEBUG main            d.u.i.k.p.i.AbstractProblemLoader Init config took 2.69s 
19826      INFO  main            d.u.i.k.p.i.AbstractProblemLoader Replaying proof instanceCreation2.key.proof 
19933      DEBUG main            d.u.i.k.p.i.IntermediateProofReplayer Proof replay took 103.1ms 
19935      DEBUG main            d.u.i.k.p.r.p.TestFile    ... success: reloaded. 
19936      INFO  main            d.u.i.k.p.r.p.TestFile    Now processing file /home/runner/work/key/key/key.core/../key.ui/examples/standard_key/instanceCreation/interfacesAndAbstractClassesHaveNoInstances.key 
19937      INFO  main            d.u.i.k.p.i.AbstractProblemLoader Loading environment from /home/runner/work/key/key/key.core/../key.ui/examples/standard_key/instanceCreation/interfacesAndAbstractClassesHaveNoInstances.key 
19937      DEBUG main            d.u.i.k.p.i.AbstractProblemLoader Environment load took 212.8ns 
19938      INFO  main            d.u.i.k.p.i.AbstractProblemLoader Creating init config 
22594      DEBUG main            d.u.i.k.p.i.AbstractProblemLoader Init config took 2.66s 
22616      INFO  main            d.u.i.k.p.i.AbstractProblemLoader Replaying proof interfacesAndAbstractClassesHaveNoInstances.key 
22618      DEBUG main            d.u.i.k.p.i.IntermediateProofReplayer Proof replay took 6.4ns 
22724      INFO  main            d.u.i.k.p.r.p.TestFile    ... finished proof: closed. 
22881      INFO  main            d.u.i.k.p.i.AbstractProblemLoader Loading environment from /home/runner/work/key/key/key.core/../key.ui/examples/standard_key/instanceCreation/interfacesAndAbstractClassesHaveNoInstances.key.proof 
22881      DEBUG main            d.u.i.k.p.i.AbstractProblemLoader Environment load took 122.5ns 
22883      INFO  main            d.u.i.k.p.i.AbstractProblemLoader Creating init config 
25491      DEBUG main            d.u.i.k.p.i.AbstractProblemLoader Init config took 2.61s 
25525      INFO  main            d.u.i.k.p.i.AbstractProblemLoader Replaying proof interfacesAndAbstractClassesHaveNoInstances.key.proof 
25530      DEBUG main            d.u.i.k.p.i.IntermediateProofReplayer Proof replay took 2.08ms 
25531      DEBUG main            d.u.i.k.p.r.p.TestFile    ... success: reloaded. 
25532      INFO  main            d.u.i.k.p.r.p.TestFile    Now processing file /home/runner/work/key/key/key.core/../key.ui/examples/standard_key/instanceCreation/successiveCreatedObjectsAreDistinct.key 
25532      INFO  main            d.u.i.k.p.i.AbstractProblemLoader Loading environment from /home/runner/work/key/key/key.core/../key.ui/examples/standard_key/instanceCreation/successiveCreatedObjectsAreDistinct.key 
25533      DEBUG main            d.u.i.k.p.i.AbstractProblemLoader Environment load took 96.1ns 
25534      INFO  main            d.u.i.k.p.i.AbstractProblemLoader Creating init config 
28129      DEBUG main            d.u.i.k.p.i.AbstractProblemLoader Init config took 2.6s 
28151      INFO  main            d.u.i.k.p.i.AbstractProblemLoader Replaying proof successiveCreatedObjectsAreDistinct.key 
28153      DEBUG main            d.u.i.k.p.i.IntermediateProofReplayer Proof replay took 6.3ns 
28457      INFO  main            d.u.i.k.p.r.p.TestFile    ... finished proof: closed. 
28662      INFO  main            d.u.i.k.p.i.AbstractProblemLoader Loading environment from /home/runner/work/key/key/key.core/../key.ui/examples/standard_key/instanceCreation/successiveCreatedObjectsAreDistinct.key.proof 
28663      DEBUG main            d.u.i.k.p.i.AbstractProblemLoader Environment load took 1.15ms 
28665      INFO  main            d.u.i.k.p.i.AbstractProblemLoader Creating init config 
31284      DEBUG main            d.u.i.k.p.i.AbstractProblemLoader Init config took 2.62s 
31305      INFO  main            d.u.i.k.p.i.AbstractProblemLoader Replaying proof successiveCreatedObjectsAreDistinct.key.proof 
31373      DEBUG main            d.u.i.k.p.i.IntermediateProofReplayer Proof replay took 64.81ms 
31375      DEBUG main            d.u.i.k.p.r.p.TestFile    ... success: reloaded. 
31376      INFO  main            d.u.i.k.p.r.p.TestFile    Now processing file /home/runner/work/key/key/key.core/../key.ui/examples/standard_key/instanceCreation/testOverloadingConstructors.key 
31377      INFO  main            d.u.i.k.p.i.AbstractProblemLoader Loading environment from /home/runner/work/key/key/key.core/../key.ui/examples/standard_key/instanceCreation/testOverloadingConstructors.key 
31377      DEBUG main            d.u.i.k.p.i.AbstractProblemLoader Environment load took 214.2ns 
31378      INFO  main            d.u.i.k.p.i.AbstractProblemLoader Creating init config 
33990      DEBUG main            d.u.i.k.p.i.AbstractProblemLoader Init config took 2.61s 
34010      INFO  main            d.u.i.k.p.i.AbstractProblemLoader Replaying proof testOverloadingConstructors.key 
34012      DEBUG main            d.u.i.k.p.i.IntermediateProofReplayer Proof replay took 6.6ns 
34317      INFO  main            d.u.i.k.p.r.p.TestFile    ... finished proof: closed. 
34488      INFO  main            d.u.i.k.p.i.AbstractProblemLoader Loading environment from /home/runner/work/key/key/key.core/../key.ui/examples/standard_key/instanceCreation/testOverloadingConstructors.key.proof 
34488      DEBUG main            d.u.i.k.p.i.AbstractProblemLoader Environment load took 425.61ns 
34500      INFO  main            d.u.i.k.p.i.AbstractProblemLoader Creating init config 
37047      DEBUG main            d.u.i.k.p.i.AbstractProblemLoader Init config took 2.55s 
37069      INFO  main            d.u.i.k.p.i.AbstractProblemLoader Replaying proof testOverloadingConstructors.key.proof 
37126      DEBUG main            d.u.i.k.p.i.IntermediateProofReplayer Proof replay took 54.19ms 
37128      DEBUG main            d.u.i.k.p.r.p.TestFile    ... success: reloaded. 
37129      INFO  main            d.u.i.k.p.r.p.TestFile    Now processing file /home/runner/work/key/key/key.core/../key.ui/examples/standard_key/java_dl/SimpleAttributes.key 
37129      INFO  main            d.u.i.k.p.i.AbstractProblemLoader Loading environment from /home/runner/work/key/key/key.core/../key.ui/examples/standard_key/java_dl/SimpleAttributes.key 
37129      DEBUG main            d.u.i.k.p.i.AbstractProblemLoader Environment load took 224.3ns 
37131      INFO  main            d.u.i.k.p.i.AbstractProblemLoader Creating init config 
39724      DEBUG main            d.u.i.k.p.i.AbstractProblemLoader Init config took 2.59s 
39744      INFO  main            d.u.i.k.p.i.AbstractProblemLoader Replaying proof SimpleAttributes.key 
39746      DEBUG main            d.u.i.k.p.i.IntermediateProofReplayer Proof replay took 6.9ns 
39852      INFO  main            d.u.i.k.p.r.p.TestFile    ... finished proof: closed. 
40020      INFO  main            d.u.i.k.p.i.AbstractProblemLoader Loading environment from /home/runner/work/key/key/key.core/../key.ui/examples/standard_key/java_dl/SimpleAttributes.key.proof 
40020      DEBUG main            d.u.i.k.p.i.AbstractProblemLoader Environment load took 116ns 
40021      INFO  main            d.u.i.k.p.i.AbstractProblemLoader Creating init config 
42511      DEBUG main            d.u.i.k.p.i.AbstractProblemLoader Init config took 2.49s 
42531      INFO  main            d.u.i.k.p.i.AbstractProblemLoader Replaying proof SimpleAttributes.key.proof 
42556      DEBUG main            d.u.i.k.p.i.IntermediateProofReplayer Proof replay took 22.76ms 
42557      DEBUG main            d.u.i.k.p.r.p.TestFile    ... success: reloaded. 
42558      INFO  main            d.u.i.k.p.r.p.TestFile    Now processing file /home/runner/work/key/key/key.core/../key.ui/examples/standard_key/java_dl/arrayMax.key 
42558      INFO  main            d.u.i.k.p.i.AbstractProblemLoader Loading environment from /home/runner/work/key/key/key.core/../key.ui/examples/standard_key/java_dl/arrayMax.key 
42559      DEBUG main            d.u.i.k.p.i.AbstractProblemLoader Environment load took 251.3ns 
42561      INFO  main            d.u.i.k.p.i.AbstractProblemLoader Creating init config 
45110      DEBUG main            d.u.i.k.p.i.AbstractProblemLoader Init config took 2.55s 
45131      INFO  main            d.u.i.k.p.i.AbstractProblemLoader Replaying proof arrayMax.key 
45133      DEBUG main            d.u.i.k.p.i.IntermediateProofReplayer Proof replay took 6.8ns 
46440      INFO  main            d.u.i.k.p.r.p.TestFile    ... finished proof: closed. 
46681      INFO  main            d.u.i.k.p.i.AbstractProblemLoader Loading environment from /home/runner/work/key/key/key.core/../key.ui/examples/standard_key/java_dl/arrayMax.key.proof 
46681      DEBUG main            d.u.i.k.p.i.AbstractProblemLoader Environment load took 710.91ns 
46683      INFO  main            d.u.i.k.p.i.AbstractProblemLoader Creating init config 
49251      DEBUG main            d.u.i.k.p.i.AbstractProblemLoader Init config took 2.57s 
49286      INFO  main            d.u.i.k.p.i.AbstractProblemLoader Replaying proof arrayMax.key.proof 
49513      DEBUG main            d.u.i.k.p.i.IntermediateProofReplayer Proof replay took 219.78ms 
49514      DEBUG main            d.u.i.k.p.r.p.TestFile    ... success: reloaded. 
49516      INFO  main            d.u.i.k.p.r.p.TestFile    Now processing file /home/runner/work/key/key/key.core/../key.ui/examples/standard_key/java_dl/arrayUpdateSimp.key 
49516      INFO  main            d.u.i.k.p.i.AbstractProblemLoader Loading environment from /home/runner/work/key/key/key.core/../key.ui/examples/standard_key/java_dl/arrayUpdateSimp.key 
49516      DEBUG main            d.u.i.k.p.i.AbstractProblemLoader Environment load took 213.2ns 
49519      INFO  main            d.u.i.k.p.i.AbstractProblemLoader Creating init config 
49543      WARN  main            d.u.i.k.j.r.KeYCrossReferenceNameInfo Datatype java.lang.System declared twice: Once in FILE:/home/runner/work/key/key/key.core/../key.ui/examples/standard_key/java_dl/./classpath/System.java and once in URL:file:/home/runner/work/key/key/key.core/build/resources/main/de/uka/ilkd/key/java/JavaRedux/java/lang/System.java, Keeping one from URL:file:/home/runner/work/key/key/key.core/build/resources/main/de/uka/ilkd/key/java/JavaRedux/java/lang/System.java 
49543      WARN  main            d.u.i.k.j.r.KeYCrossReferenceNameInfo Datatype java.io.InputStream declared twice: Once in FILE:/home/runner/work/key/key/key.core/../key.ui/examples/standard_key/java_dl/./classpath/InputStream.java and once in URL:file:/home/runner/work/key/key/key.core/build/resources/main/de/uka/ilkd/key/java/JavaRedux/java/io/InputStream.java, Keeping one from URL:file:/home/runner/work/key/key/key.core/build/resources/main/de/uka/ilkd/key/java/JavaRedux/java/io/InputStream.java 
49543      WARN  main            d.u.i.k.j.r.KeYCrossReferenceNameInfo Datatype java.io.PrintStream declared twice: Once in FILE:/home/runner/work/key/key/key.core/../key.ui/examples/standard_key/java_dl/./classpath/PrintStream.java and once in URL:file:/home/runner/work/key/key/key.core/build/resources/main/de/uka/ilkd/key/java/JavaRedux/java/io/PrintStream.java, Keeping one from URL:file:/home/runner/work/key/key/key.core/build/resources/main/de/uka/ilkd/key/java/JavaRedux/java/io/PrintStream.java 
49549      DEBUG main            d.u.i.k.j.r.ClassFileDeclarationBuilder Parsing: package java.io; public class Closeable { } 
49549      DEBUG main            r.s.KeYCrossReferenceSourceInfo Dynamically created class: java.io.Closeable 
52058      DEBUG main            d.u.i.k.p.i.AbstractProblemLoader Init config took 2.54s 
52083      INFO  main            d.u.i.k.p.i.AbstractProblemLoader Replaying proof arrayUpdateSimp.key 
52085      DEBUG main            d.u.i.k.p.i.IntermediateProofReplayer Proof replay took 7.9ns 
52188      INFO  main            d.u.i.k.p.r.p.TestFile    ... finished proof: closed. 
52396      INFO  main            d.u.i.k.p.i.AbstractProblemLoader Loading environment from /home/runner/work/key/key/key.core/../key.ui/examples/standard_key/java_dl/arrayUpdateSimp.key.proof 
52396      DEBUG main            d.u.i.k.p.i.AbstractProblemLoader Environment load took 125.7ns 
52404      INFO  main            d.u.i.k.p.i.AbstractProblemLoader Creating init config 
52434      WARN  main            d.u.i.k.j.r.KeYCrossReferenceNameInfo Datatype java.lang.System declared twice: Once in FILE:/home/runner/work/key/key/key.core/../key.ui/examples/standard_key/java_dl/classpath/System.java and once in URL:file:/home/runner/work/key/key/key.core/build/resources/main/de/uka/ilkd/key/java/JavaRedux/java/lang/System.java, Keeping one from URL:file:/home/runner/work/key/key/key.core/build/resources/main/de/uka/ilkd/key/java/JavaRedux/java/lang/System.java 
52435      WARN  main            d.u.i.k.j.r.KeYCrossReferenceNameInfo Datatype java.io.InputStream declared twice: Once in FILE:/home/runner/work/key/key/key.core/../key.ui/examples/standard_key/java_dl/classpath/InputStream.java and once in URL:file:/home/runner/work/key/key/key.core/build/resources/main/de/uka/ilkd/key/java/JavaRedux/java/io/InputStream.java, Keeping one from URL:file:/home/runner/work/key/key/key.core/build/resources/main/de/uka/ilkd/key/java/JavaRedux/java/io/InputStream.java 
52435      WARN  main            d.u.i.k.j.r.KeYCrossReferenceNameInfo Datatype java.io.PrintStream declared twice: Once in FILE:/home/runner/work/key/key/key.core/../key.ui/examples/standard_key/java_dl/classpath/PrintStream.java and once in URL:file:/home/runner/work/key/key/key.core/build/resources/main/de/uka/ilkd/key/java/JavaRedux/java/io/PrintStream.java, Keeping one from URL:file:/home/runner/work/key/key/key.core/build/resources/main/de/uka/ilkd/key/java/JavaRedux/java/io/PrintStream.java 
52439      DEBUG main            d.u.i.k.j.r.ClassFileDeclarationBuilder Parsing: package java.io; public class Closeable { } 
52439      DEBUG main            r.s.KeYCrossReferenceSourceInfo Dynamically created class: java.io.Closeable 
54909      DEBUG main            d.u.i.k.p.i.AbstractProblemLoader Init config took 2.5s 
54944      INFO  main            d.u.i.k.p.i.AbstractProblemLoader Replaying proof arrayUpdateSimp.key.proof 
54947      DEBUG main            d.u.i.k.p.i.IntermediateProofReplayer Proof replay took 640.61ns 
54949      DEBUG main            d.u.i.k.p.r.p.TestFile    ... success: reloaded. 
54951      INFO  main            d.u.i.k.p.r.p.TestFile    Now processing file /home/runner/work/key/key/key.core/../key.ui/examples/standard_key/java_dl/attributes.key 
54951      INFO  main            d.u.i.k.p.i.AbstractProblemLoader Loading environment from /home/runner/work/key/key/key.core/../key.ui/examples/standard_key/java_dl/attributes.key 
54951      DEBUG main            d.u.i.k.p.i.AbstractProblemLoader Environment load took 223ns 
54953      INFO  main            d.u.i.k.p.i.AbstractProblemLoader Creating init config 
57475      DEBUG main            d.u.i.k.p.i.AbstractProblemLoader Init config took 2.52s 
57494      INFO  main            d.u.i.k.p.i.AbstractProblemLoader Replaying proof attributes.key 
57496      DEBUG main            d.u.i.k.p.i.IntermediateProofReplayer Proof replay took 7.2ns 
57700      INFO  main            d.u.i.k.p.r.p.TestFile    ... finished proof: closed. 
57889      INFO  main            d.u.i.k.p.i.AbstractProblemLoader Loading environment from /home/runner/work/key/key/key.core/../key.ui/examples/standard_key/java_dl/attributes.key.proof 
57889      DEBUG main            d.u.i.k.p.i.AbstractProblemLoader Environment load took 125.7ns 
57890      INFO  main            d.u.i.k.p.i.AbstractProblemLoader Creating init config 
60377      DEBUG main            d.u.i.k.p.i.AbstractProblemLoader Init config took 2.49s 
60394      INFO  main            d.u.i.k.p.i.AbstractProblemLoader Replaying proof attributes.key.proof 
60431      DEBUG main            d.u.i.k.p.i.IntermediateProofReplayer Proof replay took 35.14ms 
60432      DEBUG main            d.u.i.k.p.r.p.TestFile    ... success: reloaded. 
60433      INFO  main            d.u.i.k.p.r.p.TestFile    Now processing file /home/runner/work/key/key/key.core/../key.ui/examples/standard_key/java_dl/break.key 
60433      INFO  main            d.u.i.k.p.i.AbstractProblemLoader Loading environment from /home/runner/work/key/key/key.core/../key.ui/examples/standard_key/java_dl/break.key 
60434      DEBUG main            d.u.i.k.p.i.AbstractProblemLoader Environment load took 172.5ns 
60435      INFO  main            d.u.i.k.p.i.AbstractProblemLoader Creating init config 
60457      WARN  main            d.u.i.k.j.r.KeYCrossReferenceNameInfo Datatype java.lang.System declared twice: Once in FILE:/home/runner/work/key/key/key.core/../key.ui/examples/standard_key/java_dl/classpath/System.java and once in URL:file:/home/runner/work/key/key/key.core/build/resources/main/de/uka/ilkd/key/java/JavaRedux/java/lang/System.java, Keeping one from URL:file:/home/runner/work/key/key/key.core/build/resources/main/de/uka/ilkd/key/java/JavaRedux/java/lang/System.java 
60457      WARN  main            d.u.i.k.j.r.KeYCrossReferenceNameInfo Datatype java.io.InputStream declared twice: Once in FILE:/home/runner/work/key/key/key.core/../key.ui/examples/standard_key/java_dl/classpath/InputStream.java and once in URL:file:/home/runner/work/key/key/key.core/build/resources/main/de/uka/ilkd/key/java/JavaRedux/java/io/InputStream.java, Keeping one from URL:file:/home/runner/work/key/key/key.core/build/resources/main/de/uka/ilkd/key/java/JavaRedux/java/io/InputStream.java 
60466      WARN  main            d.u.i.k.j.r.KeYCrossReferenceNameInfo Datatype java.io.PrintStream declared twice: Once in FILE:/home/runner/work/key/key/key.core/../key.ui/examples/standard_key/java_dl/classpath/PrintStream.java and once in URL:file:/home/runner/work/key/key/key.core/build/resources/main/de/uka/ilkd/key/java/JavaRedux/java/io/PrintStream.java, Keeping one from URL:file:/home/runner/work/key/key/key.core/build/resources/main/de/uka/ilkd/key/java/JavaRedux/java/io/PrintStream.java 
60470      DEBUG main            d.u.i.k.j.r.ClassFileDeclarationBuilder Parsing: package java.io; public class Closeable { } 
60474      DEBUG main            r.s.KeYCrossReferenceSourceInfo Dynamically created class: java.io.Closeable 
62959      DEBUG main            d.u.i.k.p.i.AbstractProblemLoader Init config took 2.52s 
62976      INFO  main            d.u.i.k.p.i.AbstractProblemLoader Replaying proof break.key 
62977      DEBUG main            d.u.i.k.p.i.IntermediateProofReplayer Proof replay took 7.2ns 
63080      INFO  main            d.u.i.k.p.r.p.TestFile    ... finished proof: closed. 
63269      INFO  main            d.u.i.k.p.i.AbstractProblemLoader Loading environment from /home/runner/work/key/key/key.core/../key.ui/examples/standard_key/java_dl/break.key.proof 
63269      DEBUG main            d.u.i.k.p.i.AbstractProblemLoader Environment load took 127.6ns 
63270      INFO  main            d.u.i.k.p.i.AbstractProblemLoader Creating init config 
63293      WARN  main            d.u.i.k.j.r.KeYCrossReferenceNameInfo Datatype java.lang.System declared twice: Once in FILE:/home/runner/work/key/key/key.core/../key.ui/examples/standard_key/java_dl/classpath/System.java and once in URL:file:/home/runner/work/key/key/key.core/build/resources/main/de/uka/ilkd/key/java/JavaRedux/java/lang/System.java, Keeping one from URL:file:/home/runner/work/key/key/key.core/build/resources/main/de/uka/ilkd/key/java/JavaRedux/java/lang/System.java 
63294      WARN  main            d.u.i.k.j.r.KeYCrossReferenceNameInfo Datatype java.io.InputStream declared twice: Once in FILE:/home/runner/work/key/key/key.core/../key.ui/examples/standard_key/java_dl/classpath/InputStream.java and once in URL:file:/home/runner/work/key/key/key.core/build/resources/main/de/uka/ilkd/key/java/JavaRedux/java/io/InputStream.java, Keeping one from URL:file:/home/runner/work/key/key/key.core/build/resources/main/de/uka/ilkd/key/java/JavaRedux/java/io/InputStream.java 
63294      WARN  main            d.u.i.k.j.r.KeYCrossReferenceNameInfo Datatype java.io.PrintStream declared twice: Once in FILE:/home/runner/work/key/key/key.core/../key.ui/examples/standard_key/java_dl/classpath/PrintStream.java and once in URL:file:/home/runner/work/key/key/key.core/build/resources/main/de/uka/ilkd/key/java/JavaRedux/java/io/PrintStream.java, Keeping one from URL:file:/home/runner/work/key/key/key.core/build/resources/main/de/uka/ilkd/key/java/JavaRedux/java/io/PrintStream.java 
63297      DEBUG main            d.u.i.k.j.r.ClassFileDeclarationBuilder Parsing: package java.io; public class Closeable { } 
63297      DEBUG main            r.s.KeYCrossReferenceSourceInfo Dynamically created class: java.io.Closeable 
65745      DEBUG main            d.u.i.k.p.i.AbstractProblemLoader Init config took 2.47s 
65762      INFO  main            d.u.i.k.p.i.AbstractProblemLoader Replaying proof break.key.proof 
65772      DEBUG main            d.u.i.k.p.i.IntermediateProofReplayer Proof replay took 7.98ms 
65773      DEBUG main            d.u.i.k.p.r.p.TestFile    ... success: reloaded. 
65774      INFO  main            d.u.i.k.p.r.p.TestFile    Now processing file /home/runner/work/key/key/key.core/../key.ui/examples/standard_key/java_dl/char.key 
65775      INFO  main            d.u.i.k.p.i.AbstractProblemLoader Loading environment from /home/runner/work/key/key/key.core/../key.ui/examples/standard_key/java_dl/char.key 
65775      DEBUG main            d.u.i.k.p.i.AbstractProblemLoader Environment load took 194.8ns 
65776      INFO  main            d.u.i.k.p.i.AbstractProblemLoader Creating init config 
68258      DEBUG main            d.u.i.k.p.i.AbstractProblemLoader Init config took 2.48s 
68274      INFO  main            d.u.i.k.p.i.AbstractProblemLoader Replaying proof char.key 
68275      DEBUG main            d.u.i.k.p.i.IntermediateProofReplayer Proof replay took 7.6ns 
68384      INFO  main            d.u.i.k.p.r.p.TestFile    ... finished proof: closed. 
68576      INFO  main            d.u.i.k.p.i.AbstractProblemLoader Loading environment from /home/runner/work/key/key/key.core/../key.ui/examples/standard_key/java_dl/char.key.proof 
68577      DEBUG main            d.u.i.k.p.i.AbstractProblemLoader Environment load took 125.7ns 
68578      INFO  main            d.u.i.k.p.i.AbstractProblemLoader Creating init config 
70996      DEBUG main            d.u.i.k.p.i.AbstractProblemLoader Init config took 2.42s 
71012      INFO  main            d.u.i.k.p.i.AbstractProblemLoader Replaying proof char.key.proof 
71017      DEBUG main            d.u.i.k.p.i.IntermediateProofReplayer Proof replay took 2.88ms 
71018      DEBUG main            d.u.i.k.p.r.p.TestFile    ... success: reloaded. 
71018      INFO  main            d.u.i.k.p.r.p.TestFile    Now processing file /home/runner/work/key/key/key.core/../key.ui/examples/standard_key/java_dl/compileTimeConstants.key 
71019      INFO  main            d.u.i.k.p.i.AbstractProblemLoader Loading environment from /home/runner/work/key/key/key.core/../key.ui/examples/standard_key/java_dl/compileTimeConstants.key 
71019      DEBUG main            d.u.i.k.p.i.AbstractProblemLoader Environment load took 196.8ns 
71020      INFO  main            d.u.i.k.p.i.AbstractProblemLoader Creating init config 
73524      DEBUG main            d.u.i.k.p.i.AbstractProblemLoader Init config took 2.5s 
73540      INFO  main            d.u.i.k.p.i.AbstractProblemLoader Replaying proof compileTimeConstants.key 
73542      DEBUG main            d.u.i.k.p.i.IntermediateProofReplayer Proof replay took 6.8ns 
73644      INFO  main            d.u.i.k.p.r.p.TestFile    ... finished proof: closed. 
73843      INFO  main            d.u.i.k.p.i.AbstractProblemLoader Loading environment from /home/runner/work/key/key/key.core/../key.ui/examples/standard_key/java_dl/compileTimeConstants.key.proof 
73844      DEBUG main            d.u.i.k.p.i.AbstractProblemLoader Environment load took 119.9ns 
73845      INFO  main            d.u.i.k.p.i.AbstractProblemLoader Creating init config 
76309      DEBUG main            d.u.i.k.p.i.AbstractProblemLoader Init config took 2.46s 
76325      INFO  main            d.u.i.k.p.i.AbstractProblemLoader Replaying proof compileTimeConstants.key.proof 
76343      DEBUG main            d.u.i.k.p.i.IntermediateProofReplayer Proof replay took 11.62ms 
76345      DEBUG main            d.u.i.k.p.r.p.TestFile    ... success: reloaded. 
76345      INFO  main            d.u.i.k.p.r.p.TestFile    Now processing file /home/runner/work/key/key/key.core/../key.ui/examples/standard_key/java_dl/constructorException/test.key 
76346      INFO  main            d.u.i.k.p.i.AbstractProblemLoader Loading environment from /home/runner/work/key/key/key.core/../key.ui/examples/standard_key/java_dl/constructorException/test.key 
76346      DEBUG main            d.u.i.k.p.i.AbstractProblemLoader Environment load took 90.5ns 
76347      INFO  main            d.u.i.k.p.i.AbstractProblemLoader Creating init config 
78932      DEBUG main            d.u.i.k.p.i.AbstractProblemLoader Init config took 2.59s 
78993      INFO  main            d.u.i.k.p.i.AbstractProblemLoader Replaying proof Test[Test::Test(int)].JML operation contract.0 
78994      DEBUG main            d.u.i.k.p.i.IntermediateProofReplayer Proof replay took 7.2ns 
79197      INFO  main            d.u.i.k.p.r.p.TestFile    ... finished proof: closed. 
79412      INFO  main            d.u.i.k.p.i.AbstractProblemLoader Loading environment from /home/runner/work/key/key/key.core/../key.ui/examples/standard_key/java_dl/constructorException/test.key.proof 
79412      DEBUG main            d.u.i.k.p.i.AbstractProblemLoader Environment load took 115ns 
79413      INFO  main            d.u.i.k.p.i.AbstractProblemLoader Creating init config 
81862      DEBUG main            d.u.i.k.p.i.AbstractProblemLoader Init config took 2.45s 
81910      INFO  main            d.u.i.k.p.i.AbstractProblemLoader Replaying proof Test[Test::Test(int)].JML operation contract.0 
81977      DEBUG main            d.u.i.k.p.i.IntermediateProofReplayer Proof replay took 62.8ms 
81978      DEBUG main            d.u.i.k.p.r.p.TestFile    ... success: reloaded. 
81979      INFO  main            d.u.i.k.p.r.p.TestFile    Now processing file /home/runner/work/key/key/key.core/../key.ui/examples/standard_key/java_dl/constructorException/regressionTestBug1333.key 
81979      INFO  main            d.u.i.k.p.i.AbstractProblemLoader Loading environment from /home/runner/work/key/key/key.core/../key.ui/examples/standard_key/java_dl/constructorException/regressionTestBug1333.key 
81979      DEBUG main            d.u.i.k.p.i.AbstractProblemLoader Environment load took 225.1ns 
81980      INFO  main            d.u.i.k.p.i.AbstractProblemLoader Creating init config 
84510      DEBUG main            d.u.i.k.p.i.AbstractProblemLoader Init config took 2.53s 
84551      INFO  main            d.u.i.k.p.i.AbstractProblemLoader Replaying proof False[False::False()].JML normal_behavior operation contract.0 
84553      DEBUG main            d.u.i.k.p.i.IntermediateProofReplayer Proof replay took 7ns 
84657      INFO  main            d.u.i.k.p.r.p.TestFile    ... finished proof: open goal(s) 
84876      INFO  main            d.u.i.k.p.r.p.TestFile    Now processing file /home/runner/work/key/key/key.core/../key.ui/examples/standard_key/java_dl/continue1.key 
84876      INFO  main            d.u.i.k.p.i.AbstractProblemLoader Loading environment from /home/runner/work/key/key/key.core/../key.ui/examples/standard_key/java_dl/continue1.key 
84876      DEBUG main            d.u.i.k.p.i.AbstractProblemLoader Environment load took 61ns 
84877      INFO  main            d.u.i.k.p.i.AbstractProblemLoader Creating init config 
84900      WARN  main            d.u.i.k.j.r.KeYCrossReferenceNameInfo Datatype java.lang.System declared twice: Once in FILE:/home/runner/work/key/key/key.core/../key.ui/examples/standard_key/java_dl/classpath/System.java and once in URL:file:/home/runner/work/key/key/key.core/build/resources/main/de/uka/ilkd/key/java/JavaRedux/java/lang/System.java, Keeping one from URL:file:/home/runner/work/key/key/key.core/build/resources/main/de/uka/ilkd/key/java/JavaRedux/java/lang/System.java 
84901      WARN  main            d.u.i.k.j.r.KeYCrossReferenceNameInfo Datatype java.io.InputStream declared twice: Once in FILE:/home/runner/work/key/key/key.core/../key.ui/examples/standard_key/java_dl/classpath/InputStream.java and once in URL:file:/home/runner/work/key/key/key.core/build/resources/main/de/uka/ilkd/key/java/JavaRedux/java/io/InputStream.java, Keeping one from URL:file:/home/runner/work/key/key/key.core/build/resources/main/de/uka/ilkd/key/java/JavaRedux/java/io/InputStream.java 
84901      WARN  main            d.u.i.k.j.r.KeYCrossReferenceNameInfo Datatype java.io.PrintStream declared twice: Once in FILE:/home/runner/work/key/key/key.core/../key.ui/examples/standard_key/java_dl/classpath/PrintStream.java and once in URL:file:/home/runner/work/key/key/key.core/build/resources/main/de/uka/ilkd/key/java/JavaRedux/java/io/PrintStream.java, Keeping one from URL:file:/home/runner/work/key/key/key.core/build/resources/main/de/uka/ilkd/key/java/JavaRedux/java/io/PrintStream.java 
84904      DEBUG main            d.u.i.k.j.r.ClassFileDeclarationBuilder Parsing: package java.io; public class Closeable { } 
84904      DEBUG main            r.s.KeYCrossReferenceSourceInfo Dynamically created class: java.io.Closeable 
87313      DEBUG main            d.u.i.k.p.i.AbstractProblemLoader Init config took 2.44s 
87328      INFO  main            d.u.i.k.p.i.AbstractProblemLoader Replaying proof continue1.key 
87330      DEBUG main            d.u.i.k.p.i.IntermediateProofReplayer Proof replay took 6.7ns 
87433      INFO  main            d.u.i.k.p.r.p.TestFile    ... finished proof: closed. 
87636      INFO  main            d.u.i.k.p.i.AbstractProblemLoader Loading environment from /home/runner/work/key/key/key.core/../key.ui/examples/standard_key/java_dl/continue1.key.proof 
87636      DEBUG main            d.u.i.k.p.i.AbstractProblemLoader Environment load took 119.9ns 
87638      INFO  main            d.u.i.k.p.i.AbstractProblemLoader Creating init config 
87664      WARN  main            d.u.i.k.j.r.KeYCrossReferenceNameInfo Datatype java.lang.System declared twice: Once in FILE:/home/runner/work/key/key/key.core/../key.ui/examples/standard_key/java_dl/classpath/System.java and once in URL:file:/home/runner/work/key/key/key.core/build/resources/main/de/uka/ilkd/key/java/JavaRedux/java/lang/System.java, Keeping one from URL:file:/home/runner/work/key/key/key.core/build/resources/main/de/uka/ilkd/key/java/JavaRedux/java/lang/System.java 
87665      WARN  main            d.u.i.k.j.r.KeYCrossReferenceNameInfo Datatype java.io.InputStream declared twice: Once in FILE:/home/runner/work/key/key/key.core/../key.ui/examples/standard_key/java_dl/classpath/InputStream.java and once in URL:file:/home/runner/work/key/key/key.core/build/resources/main/de/uka/ilkd/key/java/JavaRedux/java/io/InputStream.java, Keeping one from URL:file:/home/runner/work/key/key/key.core/build/resources/main/de/uka/ilkd/key/java/JavaRedux/java/io/InputStream.java 
87665      WARN  main            d.u.i.k.j.r.KeYCrossReferenceNameInfo Datatype java.io.PrintStream declared twice: Once in FILE:/home/runner/work/key/key/key.core/../key.ui/examples/standard_key/java_dl/classpath/PrintStream.java and once in URL:file:/home/runner/work/key/key/key.core/build/resources/main/de/uka/ilkd/key/java/JavaRedux/java/io/PrintStream.java, Keeping one from URL:file:/home/runner/work/key/key/key.core/build/resources/main/de/uka/ilkd/key/java/JavaRedux/java/io/PrintStream.java 
87668      DEBUG main            d.u.i.k.j.r.ClassFileDeclarationBuilder Parsing: package java.io; public class Closeable { } 
87668      DEBUG main            r.s.KeYCrossReferenceSourceInfo Dynamically created class: java.io.Closeable 
90089      DEBUG main            d.u.i.k.p.i.AbstractProblemLoader Init config took 2.45s 
90104      INFO  main            d.u.i.k.p.i.AbstractProblemLoader Replaying proof continue1.key.proof 
90126      DEBUG main            d.u.i.k.p.i.IntermediateProofReplayer Proof replay took 19.21ms 
90128      DEBUG main            d.u.i.k.p.r.p.TestFile    ... success: reloaded. 
90129      INFO  main            d.u.i.k.p.r.p.TestFile    Now processing file /home/runner/work/key/key/key.core/../key.ui/examples/standard_key/java_dl/continue2.key 
90129      INFO  main            d.u.i.k.p.i.AbstractProblemLoader Loading environment from /home/runner/work/key/key/key.core/../key.ui/examples/standard_key/java_dl/continue2.key 
90130      DEBUG main            d.u.i.k.p.i.AbstractProblemLoader Environment load took 189.3ns 
90131      INFO  main            d.u.i.k.p.i.AbstractProblemLoader Creating init config 
90153      WARN  main            d.u.i.k.j.r.KeYCrossReferenceNameInfo Datatype java.lang.System declared twice: Once in FILE:/home/runner/work/key/key/key.core/../key.ui/examples/standard_key/java_dl/classpath/System.java and once in URL:file:/home/runner/work/key/key/key.core/build/resources/main/de/uka/ilkd/key/java/JavaRedux/java/lang/System.java, Keeping one from URL:file:/home/runner/work/key/key/key.core/build/resources/main/de/uka/ilkd/key/java/JavaRedux/java/lang/System.java 
90153      WARN  main            d.u.i.k.j.r.KeYCrossReferenceNameInfo Datatype java.io.InputStream declared twice: Once in FILE:/home/runner/work/key/key/key.core/../key.ui/examples/standard_key/java_dl/classpath/InputStream.java and once in URL:file:/home/runner/work/key/key/key.core/build/resources/main/de/uka/ilkd/key/java/JavaRedux/java/io/InputStream.java, Keeping one from URL:file:/home/runner/work/key/key/key.core/build/resources/main/de/uka/ilkd/key/java/JavaRedux/java/io/InputStream.java 
90153      WARN  main            d.u.i.k.j.r.KeYCrossReferenceNameInfo Datatype java.io.PrintStream declared twice: Once in FILE:/home/runner/work/key/key/key.core/../key.ui/examples/standard_key/java_dl/classpath/PrintStream.java and once in URL:file:/home/runner/work/key/key/key.core/build/resources/main/de/uka/ilkd/key/java/JavaRedux/java/io/PrintStream.java, Keeping one from URL:file:/home/runner/work/key/key/key.core/build/resources/main/de/uka/ilkd/key/java/JavaRedux/java/io/PrintStream.java 
90156      DEBUG main            d.u.i.k.j.r.ClassFileDeclarationBuilder Parsing: package java.io; public class Closeable { } 
90157      DEBUG main            r.s.KeYCrossReferenceSourceInfo Dynamically created class: java.io.Closeable 
92643      DEBUG main            d.u.i.k.p.i.AbstractProblemLoader Init config took 2.51s 
92663      INFO  main            d.u.i.k.p.i.AbstractProblemLoader Replaying proof continue2.key 
92665      DEBUG main            d.u.i.k.p.i.IntermediateProofReplayer Proof replay took 6.7ns 
92968      INFO  main            d.u.i.k.p.r.p.TestFile    ... finished proof: closed. 
93204      INFO  main            d.u.i.k.p.i.AbstractProblemLoader Loading environment from /home/runner/work/key/key/key.core/../key.ui/examples/standard_key/java_dl/continue2.key.proof 
93204      DEBUG main            d.u.i.k.p.i.AbstractProblemLoader Environment load took 110.7ns 
93205      INFO  main            d.u.i.k.p.i.AbstractProblemLoader Creating init config 
93232      WARN  main            d.u.i.k.j.r.KeYCrossReferenceNameInfo Datatype java.lang.System declared twice: Once in FILE:/home/runner/work/key/key/key.core/../key.ui/examples/standard_key/java_dl/classpath/System.java and once in URL:file:/home/runner/work/key/key/key.core/build/resources/main/de/uka/ilkd/key/java/JavaRedux/java/lang/System.java, Keeping one from URL:file:/home/runner/work/key/key/key.core/build/resources/main/de/uka/ilkd/key/java/JavaRedux/java/lang/System.java 
93232      WARN  main            d.u.i.k.j.r.KeYCrossReferenceNameInfo Datatype java.io.InputStream declared twice: Once in FILE:/home/runner/work/key/key/key.core/../key.ui/examples/standard_key/java_dl/classpath/InputStream.java and once in URL:file:/home/runner/work/key/key/key.core/build/resources/main/de/uka/ilkd/key/java/JavaRedux/java/io/InputStream.java, Keeping one from URL:file:/home/runner/work/key/key/key.core/build/resources/main/de/uka/ilkd/key/java/JavaRedux/java/io/InputStream.java 
93232      WARN  main            d.u.i.k.j.r.KeYCrossReferenceNameInfo Datatype java.io.PrintStream declared twice: Once in FILE:/home/runner/work/key/key/key.core/../key.ui/examples/standard_key/java_dl/classpath/PrintStream.java and once in URL:file:/home/runner/work/key/key/key.core/build/resources/main/de/uka/ilkd/key/java/JavaRedux/java/io/PrintStream.java, Keeping one from URL:file:/home/runner/work/key/key/key.core/build/resources/main/de/uka/ilkd/key/java/JavaRedux/java/io/PrintStream.java 
93235      DEBUG main            d.u.i.k.j.r.ClassFileDeclarationBuilder Parsing: package java.io; public class Closeable { } 
93235      DEBUG main            r.s.KeYCrossReferenceSourceInfo Dynamically created class: java.io.Closeable 
95589      DEBUG main            d.u.i.k.p.i.AbstractProblemLoader Init config took 2.38s 
95605      INFO  main            d.u.i.k.p.i.AbstractProblemLoader Replaying proof continue2.key.proof 
95681      DEBUG main            d.u.i.k.p.i.IntermediateProofReplayer Proof replay took 72.35ms 
95683      DEBUG main            d.u.i.k.p.r.p.TestFile    ... success: reloaded. 
95685      INFO  main            d.u.i.k.p.r.p.TestFile    Now processing file /home/runner/work/key/key/key.core/../key.ui/examples/standard_key/java_dl/complexAssignment.key 
95685      INFO  main            d.u.i.k.p.i.AbstractProblemLoader Loading environment from /home/runner/work/key/key/key.core/../key.ui/examples/standard_key/java_dl/complexAssignment.key 
95685      DEBUG main            d.u.i.k.p.i.AbstractProblemLoader Environment load took 103.6ns 
95686      INFO  main            d.u.i.k.p.i.AbstractProblemLoader Creating init config 
98124      DEBUG main            d.u.i.k.p.i.AbstractProblemLoader Init config took 2.44s 
98140      INFO  main            d.u.i.k.p.i.AbstractProblemLoader Replaying proof complexAssignment.key 
98142      DEBUG main            d.u.i.k.p.i.IntermediateProofReplayer Proof replay took 7.5ns 
98245      INFO  main            d.u.i.k.p.r.p.TestFile    ... finished proof: closed. 
98476      INFO  main            d.u.i.k.p.i.AbstractProblemLoader Loading environment from /home/runner/work/key/key/key.core/../key.ui/examples/standard_key/java_dl/complexAssignment.key.proof 
98476      DEBUG main            d.u.i.k.p.i.AbstractProblemLoader Environment load took 111.8ns 
98477      INFO  main            d.u.i.k.p.i.AbstractProblemLoader Creating init config 
100843     DEBUG main            d.u.i.k.p.i.AbstractProblemLoader Init config took 2.37s 
100860     INFO  main            d.u.i.k.p.i.AbstractProblemLoader Replaying proof complexAssignment.key.proof 
100869     DEBUG main            d.u.i.k.p.i.IntermediateProofReplayer Proof replay took 6.82ms 
100870     DEBUG main            d.u.i.k.p.r.p.TestFile    ... success: reloaded. 
100871     INFO  main            d.u.i.k.p.r.p.TestFile    Now processing file /home/runner/work/key/key/key.core/../key.ui/examples/standard_key/java_dl/danglingElseSolution1.key 
100872     INFO  main            d.u.i.k.p.i.AbstractProblemLoader Loading environment from /home/runner/work/key/key/key.core/../key.ui/examples/standard_key/java_dl/danglingElseSolution1.key 
100873     DEBUG main            d.u.i.k.p.i.AbstractProblemLoader Environment load took 1.42ms 
100874     INFO  main            d.u.i.k.p.i.AbstractProblemLoader Creating init config 
103317     DEBUG main            d.u.i.k.p.i.AbstractProblemLoader Init config took 2.44s 
103332     INFO  main            d.u.i.k.p.i.AbstractProblemLoader Replaying proof danglingElseSolution1.key 
103334     DEBUG main            d.u.i.k.p.i.IntermediateProofReplayer Proof replay took 7.4ns 
103437     INFO  main            d.u.i.k.p.r.p.TestFile    ... finished proof: closed. 
103671     INFO  main            d.u.i.k.p.i.AbstractProblemLoader Loading environment from /home/runner/work/key/key/key.core/../key.ui/examples/standard_key/java_dl/danglingElseSolution1.key.proof 
103671     DEBUG main            d.u.i.k.p.i.AbstractProblemLoader Environment load took 126.8ns 
103672     INFO  main            d.u.i.k.p.i.AbstractProblemLoader Creating init config 
106032     DEBUG main            d.u.i.k.p.i.AbstractProblemLoader Init config took 2.36s 
106047     INFO  main            d.u.i.k.p.i.AbstractProblemLoader Replaying proof danglingElseSolution1.key.proof 
106057     DEBUG main            d.u.i.k.p.i.IntermediateProofReplayer Proof replay took 8.07ms 
106058     DEBUG main            d.u.i.k.p.r.p.TestFile    ... success: reloaded. 
106059     INFO  main            d.u.i.k.p.r.p.TestFile    Now processing file /home/runner/work/key/key/key.core/../key.ui/examples/standard_key/java_dl/danglingElseSolution2.key 
106059     INFO  main            d.u.i.k.p.i.AbstractProblemLoader Loading environment from /home/runner/work/key/key/key.core/../key.ui/examples/standard_key/java_dl/danglingElseSolution2.key 
106059     DEBUG main            d.u.i.k.p.i.AbstractProblemLoader Environment load took 68.8ns 
106060     INFO  main            d.u.i.k.p.i.AbstractProblemLoader Creating init config 
108528     DEBUG main            d.u.i.k.p.i.AbstractProblemLoader Init config took 2.47s 
108545     INFO  main            d.u.i.k.p.i.AbstractProblemLoader Replaying proof danglingElseSolution2.key 
108546     DEBUG main            d.u.i.k.p.i.IntermediateProofReplayer Proof replay took 8.5ns 
108652     INFO  main            d.u.i.k.p.r.p.TestFile    ... finished proof: closed. 
108895     INFO  main            d.u.i.k.p.i.AbstractProblemLoader Loading environment from /home/runner/work/key/key/key.core/../key.ui/examples/standard_key/java_dl/danglingElseSolution2.key.proof 
108895     DEBUG main            d.u.i.k.p.i.AbstractProblemLoader Environment load took 167ns 
108896     INFO  main            d.u.i.k.p.i.AbstractProblemLoader Creating init config 
111283     DEBUG main            d.u.i.k.p.i.AbstractProblemLoader Init config took 2.39s 
111298     INFO  main            d.u.i.k.p.i.AbstractProblemLoader Replaying proof danglingElseSolution2.key.proof 
111309     DEBUG main            d.u.i.k.p.i.IntermediateProofReplayer Proof replay took 8.56ms 
111310     DEBUG main            d.u.i.k.p.r.p.TestFile    ... success: reloaded. 
111311     INFO  main            d.u.i.k.p.r.p.TestFile    Now processing file /home/runner/work/key/key/key.core/../key.ui/examples/standard_key/java_dl/deepNonNull/deepNonNull0.key 
111323     INFO  main            d.u.i.k.p.i.AbstractProblemLoader Loading environment from /home/runner/work/key/key/key.core/../key.ui/examples/standard_key/java_dl/deepNonNull/deepNonNull0.key 
111323     DEBUG main            d.u.i.k.p.i.AbstractProblemLoader Environment load took 352ns 
111324     INFO  main            d.u.i.k.p.i.AbstractProblemLoader Creating init config 
113805     DEBUG main            d.u.i.k.p.i.AbstractProblemLoader Init config took 2.48s 
113864     INFO  main            d.u.i.k.p.i.AbstractProblemLoader Replaying proof Arrays[Arrays::get()].JML operation contract.0 
113865     DEBUG main            d.u.i.k.p.i.IntermediateProofReplayer Proof replay took 8.4ns 
114067     INFO  main            d.u.i.k.p.r.p.TestFile    ... finished proof: closed. 
114328     INFO  main            d.u.i.k.p.i.AbstractProblemLoader Loading environment from /home/runner/work/key/key/key.core/../key.ui/examples/standard_key/java_dl/deepNonNull/deepNonNull0.key.proof 
114328     DEBUG main            d.u.i.k.p.i.AbstractProblemLoader Environment load took 109.9ns 
114329     INFO  main            d.u.i.k.p.i.AbstractProblemLoader Creating init config 
116757     DEBUG main            d.u.i.k.p.i.AbstractProblemLoader Init config took 2.43s 
116799     INFO  main            d.u.i.k.p.i.AbstractProblemLoader Replaying proof Arrays[Arrays::get()].JML operation contract.0 
116832     DEBUG main            d.u.i.k.p.i.IntermediateProofReplayer Proof replay took 30.95ms 
116833     DEBUG main            d.u.i.k.p.r.p.TestFile    ... success: reloaded. 
116834     INFO  main            d.u.i.k.p.r.p.TestFile    Now processing file /home/runner/work/key/key/key.core/../key.ui/examples/standard_key/java_dl/deepNonNull/deepNonNull1.key 
116835     INFO  main            d.u.i.k.p.i.AbstractProblemLoader Loading environment from /home/runner/work/key/key/key.core/../key.ui/examples/standard_key/java_dl/deepNonNull/deepNonNull1.key 
116835     DEBUG main            d.u.i.k.p.i.AbstractProblemLoader Environment load took 85.3ns 
116836     INFO  main            d.u.i.k.p.i.AbstractProblemLoader Creating init config 
119313     DEBUG main            d.u.i.k.p.i.AbstractProblemLoader Init config took 2.48s 
119349     INFO  main            d.u.i.k.p.i.AbstractProblemLoader Replaying proof Arrays[Arrays::head()].JML operation contract.0 
119350     DEBUG main            d.u.i.k.p.i.IntermediateProofReplayer Proof replay took 7.8ns 
119555     INFO  main            d.u.i.k.p.r.p.TestFile    ... finished proof: closed. 
119807     INFO  main            d.u.i.k.p.i.AbstractProblemLoader Loading environment from /home/runner/work/key/key/key.core/../key.ui/examples/standard_key/java_dl/deepNonNull/deepNonNull1.key.proof 
119807     DEBUG main            d.u.i.k.p.i.AbstractProblemLoader Environment load took 116.1ns 
119808     INFO  main            d.u.i.k.p.i.AbstractProblemLoader Creating init config 
122250     DEBUG main            d.u.i.k.p.i.AbstractProblemLoader Init config took 2.44s 
122293     INFO  main            d.u.i.k.p.i.AbstractProblemLoader Replaying proof Arrays[Arrays::head()].JML operation contract.0 
122324     DEBUG main            d.u.i.k.p.i.IntermediateProofReplayer Proof replay took 28.68ms 
122325     DEBUG main            d.u.i.k.p.r.p.TestFile    ... success: reloaded. 
122325     INFO  main            d.u.i.k.p.r.p.TestFile    Now processing file /home/runner/work/key/key/key.core/../key.ui/examples/standard_key/java_dl/deepNonNull/deepNonNull2.key 
122326     INFO  main            d.u.i.k.p.i.AbstractProblemLoader Loading environment from /home/runner/work/key/key/key.core/../key.ui/examples/standard_key/java_dl/deepNonNull/deepNonNull2.key 
122326     DEBUG main            d.u.i.k.p.i.AbstractProblemLoader Environment load took 84.6ns 
122327     INFO  main            d.u.i.k.p.i.AbstractProblemLoader Creating init config 
124784     DEBUG main            d.u.i.k.p.i.AbstractProblemLoader Init config took 2.46s 
124822     INFO  main            d.u.i.k.p.i.AbstractProblemLoader Replaying proof Arrays[Arrays::unprovable(java.lang.Object)].JML operation contract.0 
124824     DEBUG main            d.u.i.k.p.i.IntermediateProofReplayer Proof replay took 6.8ns 
124930     INFO  main            d.u.i.k.p.r.p.TestFile    ... finished proof: open goal(s) 
125168     INFO  main            d.u.i.k.p.r.p.TestFile    Now processing file /home/runner/work/key/key/key.core/../key.ui/examples/standard_key/java_dl/deepNonNull/deepNonNull3.key 
125169     INFO  main            d.u.i.k.p.i.AbstractProblemLoader Loading environment from /home/runner/work/key/key/key.core/../key.ui/examples/standard_key/java_dl/deepNonNull/deepNonNull3.key 
125169     DEBUG main            d.u.i.k.p.i.AbstractProblemLoader Environment load took 61.8ns 
125169     INFO  main            d.u.i.k.p.i.AbstractProblemLoader Creating init config 
127553     DEBUG main            d.u.i.k.p.i.AbstractProblemLoader Init config took 2.38s 
127589     INFO  main            d.u.i.k.p.i.AbstractProblemLoader Replaying proof Arrays[Arrays::head([[[[Ljava.lang.Object)].JML operation contract.0 
127591     DEBUG main            d.u.i.k.p.i.IntermediateProofReplayer Proof replay took 8ns 
128498     INFO  main            d.u.i.k.p.r.p.TestFile    ... finished proof: closed. 
128766     INFO  main            d.u.i.k.p.i.AbstractProblemLoader Loading environment from /home/runner/work/key/key/key.core/../key.ui/examples/standard_key/java_dl/deepNonNull/deepNonNull3.key.proof 
128767     DEBUG main            d.u.i.k.p.i.AbstractProblemLoader Environment load took 404.11ns 
128768     INFO  main            d.u.i.k.p.i.AbstractProblemLoader Creating init config 
131184     DEBUG main            d.u.i.k.p.i.AbstractProblemLoader Init config took 2.42s 
131219     INFO  main            d.u.i.k.p.i.AbstractProblemLoader Replaying proof Arrays[Arrays::head([[[[Ljava.lang.Object)].JML operation contract.0 
131324     DEBUG main            d.u.i.k.p.i.IntermediateProofReplayer Proof replay took 100ms 
131325     DEBUG main            d.u.i.k.p.r.p.TestFile    ... success: reloaded. 
131326     INFO  main            d.u.i.k.p.r.p.TestFile    Now processing file /home/runner/work/key/key/key.core/../key.ui/examples/standard_key/java_dl/exceptions.key 
131326     INFO  main            d.u.i.k.p.i.AbstractProblemLoader Loading environment from /home/runner/work/key/key/key.core/../key.ui/examples/standard_key/java_dl/exceptions.key 
131329     DEBUG main            d.u.i.k.p.i.AbstractProblemLoader Environment load took 2.98ms 
131330     INFO  main            d.u.i.k.p.i.AbstractProblemLoader Creating init config 
131351     WARN  main            d.u.i.k.j.r.KeYCrossReferenceNameInfo Datatype java.lang.System declared twice: Once in FILE:/home/runner/work/key/key/key.core/../key.ui/examples/standard_key/java_dl/classpath/System.java and once in URL:file:/home/runner/work/key/key/key.core/build/resources/main/de/uka/ilkd/key/java/JavaRedux/java/lang/System.java, Keeping one from URL:file:/home/runner/work/key/key/key.core/build/resources/main/de/uka/ilkd/key/java/JavaRedux/java/lang/System.java 
131351     WARN  main            d.u.i.k.j.r.KeYCrossReferenceNameInfo Datatype java.io.InputStream declared twice: Once in FILE:/home/runner/work/key/key/key.core/../key.ui/examples/standard_key/java_dl/classpath/InputStream.java and once in URL:file:/home/runner/work/key/key/key.core/build/resources/main/de/uka/ilkd/key/java/JavaRedux/java/io/InputStream.java, Keeping one from URL:file:/home/runner/work/key/key/key.core/build/resources/main/de/uka/ilkd/key/java/JavaRedux/java/io/InputStream.java 
131351     WARN  main            d.u.i.k.j.r.KeYCrossReferenceNameInfo Datatype java.io.PrintStream declared twice: Once in FILE:/home/runner/work/key/key/key.core/../key.ui/examples/standard_key/java_dl/classpath/PrintStream.java and once in URL:file:/home/runner/work/key/key/key.core/build/resources/main/de/uka/ilkd/key/java/JavaRedux/java/io/PrintStream.java, Keeping one from URL:file:/home/runner/work/key/key/key.core/build/resources/main/de/uka/ilkd/key/java/JavaRedux/java/io/PrintStream.java 
131354     DEBUG main            d.u.i.k.j.r.ClassFileDeclarationBuilder Parsing: package java.io; public class Closeable { } 
131354     DEBUG main            r.s.KeYCrossReferenceSourceInfo Dynamically created class: java.io.Closeable 
133731     DEBUG main            d.u.i.k.p.i.AbstractProblemLoader Init config took 2.4s 
133751     INFO  main            d.u.i.k.p.i.AbstractProblemLoader Replaying proof exceptions.key 
133753     DEBUG main            d.u.i.k.p.i.IntermediateProofReplayer Proof replay took 9.7ns 
133976     INFO  main            d.u.i.k.p.r.p.TestFile    ... finished proof: closed. 
134223     INFO  main            d.u.i.k.p.i.AbstractProblemLoader Loading environment from /home/runner/work/key/key/key.core/../key.ui/examples/standard_key/java_dl/exceptions.key.proof 
134224     DEBUG main            d.u.i.k.p.i.AbstractProblemLoader Environment load took 98.5ns 
134225     INFO  main            d.u.i.k.p.i.AbstractProblemLoader Creating init config 
134247     WARN  main            d.u.i.k.j.r.KeYCrossReferenceNameInfo Datatype java.lang.System declared twice: Once in FILE:/home/runner/work/key/key/key.core/../key.ui/examples/standard_key/java_dl/classpath/System.java and once in URL:file:/home/runner/work/key/key/key.core/build/resources/main/de/uka/ilkd/key/java/JavaRedux/java/lang/System.java, Keeping one from URL:file:/home/runner/work/key/key/key.core/build/resources/main/de/uka/ilkd/key/java/JavaRedux/java/lang/System.java 
134247     WARN  main            d.u.i.k.j.r.KeYCrossReferenceNameInfo Datatype java.io.InputStream declared twice: Once in FILE:/home/runner/work/key/key/key.core/../key.ui/examples/standard_key/java_dl/classpath/InputStream.java and once in URL:file:/home/runner/work/key/key/key.core/build/resources/main/de/uka/ilkd/key/java/JavaRedux/java/io/InputStream.java, Keeping one from URL:file:/home/runner/work/key/key/key.core/build/resources/main/de/uka/ilkd/key/java/JavaRedux/java/io/InputStream.java 
134247     WARN  main            d.u.i.k.j.r.KeYCrossReferenceNameInfo Datatype java.io.PrintStream declared twice: Once in FILE:/home/runner/work/key/key/key.core/../key.ui/examples/standard_key/java_dl/classpath/PrintStream.java and once in URL:file:/home/runner/work/key/key/key.core/build/resources/main/de/uka/ilkd/key/java/JavaRedux/java/io/PrintStream.java, Keeping one from URL:file:/home/runner/work/key/key/key.core/build/resources/main/de/uka/ilkd/key/java/JavaRedux/java/io/PrintStream.java 
134250     DEBUG main            d.u.i.k.j.r.ClassFileDeclarationBuilder Parsing: package java.io; public class Closeable { } 
134250     DEBUG main            r.s.KeYCrossReferenceSourceInfo Dynamically created class: java.io.Closeable 
136603     DEBUG main            d.u.i.k.p.i.AbstractProblemLoader Init config took 2.38s 
136617     INFO  main            d.u.i.k.p.i.AbstractProblemLoader Replaying proof exceptions.key.proof 
136659     DEBUG main            d.u.i.k.p.i.IntermediateProofReplayer Proof replay took 40.12ms 
136660     DEBUG main            d.u.i.k.p.r.p.TestFile    ... success: reloaded. 
136661     INFO  main            d.u.i.k.p.r.p.TestFile    Now processing file /home/runner/work/key/key/key.core/../key.ui/examples/standard_key/java_dl/exceptions1.key 
136661     INFO  main            d.u.i.k.p.i.AbstractProblemLoader Loading environment from /home/runner/work/key/key/key.core/../key.ui/examples/standard_key/java_dl/exceptions1.key 
136661     DEBUG main            d.u.i.k.p.i.AbstractProblemLoader Environment load took 79.9ns 
136662     INFO  main            d.u.i.k.p.i.AbstractProblemLoader Creating init config 
139054     DEBUG main            d.u.i.k.p.i.AbstractProblemLoader Init config took 2.39s 
139069     INFO  main            d.u.i.k.p.i.AbstractProblemLoader Replaying proof exceptions1.key 
139072     DEBUG main            d.u.i.k.p.i.IntermediateProofReplayer Proof replay took 7.9ns 
139176     INFO  main            d.u.i.k.p.r.p.TestFile    ... finished proof: closed. 
139446     INFO  main            d.u.i.k.p.i.AbstractProblemLoader Loading environment from /home/runner/work/key/key/key.core/../key.ui/examples/standard_key/java_dl/exceptions1.key.proof 
139446     DEBUG main            d.u.i.k.p.i.AbstractProblemLoader Environment load took 111.1ns 
139448     INFO  main            d.u.i.k.p.i.AbstractProblemLoader Creating init config 
141766     DEBUG main            d.u.i.k.p.i.AbstractProblemLoader Init config took 2.32s 
141781     INFO  main            d.u.i.k.p.i.AbstractProblemLoader Replaying proof exceptions1.key.proof 
141810     DEBUG main            d.u.i.k.p.i.IntermediateProofReplayer Proof replay took 27.07ms 
141811     DEBUG main            d.u.i.k.p.r.p.TestFile    ... success: reloaded. 
141812     INFO  main            d.u.i.k.p.r.p.TestFile    Now processing file /home/runner/work/key/key/key.core/../key.ui/examples/standard_key/java_dl/exceptions2.key 
141812     INFO  main            d.u.i.k.p.i.AbstractProblemLoader Loading environment from /home/runner/work/key/key/key.core/../key.ui/examples/standard_key/java_dl/exceptions2.key 
141812     DEBUG main            d.u.i.k.p.i.AbstractProblemLoader Environment load took 119.2ns 
141813     INFO  main            d.u.i.k.p.i.AbstractProblemLoader Creating init config 
144242     DEBUG main            d.u.i.k.p.i.AbstractProblemLoader Init config took 2.43s 
144257     INFO  main            d.u.i.k.p.i.AbstractProblemLoader Replaying proof exceptions2.key 
144260     DEBUG main            d.u.i.k.p.i.IntermediateProofReplayer Proof replay took 8.4ns 
144362     INFO  main            d.u.i.k.p.r.p.TestFile    ... finished proof: closed. 
144651     INFO  main            d.u.i.k.p.i.AbstractProblemLoader Loading environment from /home/runner/work/key/key/key.core/../key.ui/examples/standard_key/java_dl/exceptions2.key.proof 
144651     DEBUG main            d.u.i.k.p.i.AbstractProblemLoader Environment load took 119ns 
144652     INFO  main            d.u.i.k.p.i.AbstractProblemLoader Creating init config 
146972     DEBUG main            d.u.i.k.p.i.AbstractProblemLoader Init config took 2.32s 
146987     INFO  main            d.u.i.k.p.i.AbstractProblemLoader Replaying proof exceptions2.key.proof 
147016     DEBUG main            d.u.i.k.p.i.IntermediateProofReplayer Proof replay took 26.82ms 
147017     DEBUG main            d.u.i.k.p.r.p.TestFile    ... success: reloaded. 
147018     INFO  main            d.u.i.k.p.r.p.TestFile    Now processing file /home/runner/work/key/key/key.core/../key.ui/examples/standard_key/java_dl/exceptions3.key 
147019     INFO  main            d.u.i.k.p.i.AbstractProblemLoader Loading environment from /home/runner/work/key/key/key.core/../key.ui/examples/standard_key/java_dl/exceptions3.key 
147019     DEBUG main            d.u.i.k.p.i.AbstractProblemLoader Environment load took 189.2ns 
147020     INFO  main            d.u.i.k.p.i.AbstractProblemLoader Creating init config 
147040     WARN  main            d.u.i.k.j.r.KeYCrossReferenceNameInfo Datatype java.lang.System declared twice: Once in FILE:/home/runner/work/key/key/key.core/../key.ui/examples/standard_key/java_dl/classpath/System.java and once in URL:file:/home/runner/work/key/key/key.core/build/resources/main/de/uka/ilkd/key/java/JavaRedux/java/lang/System.java, Keeping one from URL:file:/home/runner/work/key/key/key.core/build/resources/main/de/uka/ilkd/key/java/JavaRedux/java/lang/System.java 
147040     WARN  main            d.u.i.k.j.r.KeYCrossReferenceNameInfo Datatype java.io.InputStream declared twice: Once in FILE:/home/runner/work/key/key/key.core/../key.ui/examples/standard_key/java_dl/classpath/InputStream.java and once in URL:file:/home/runner/work/key/key/key.core/build/resources/main/de/uka/ilkd/key/java/JavaRedux/java/io/InputStream.java, Keeping one from URL:file:/home/runner/work/key/key/key.core/build/resources/main/de/uka/ilkd/key/java/JavaRedux/java/io/InputStream.java 
147041     WARN  main            d.u.i.k.j.r.KeYCrossReferenceNameInfo Datatype java.io.PrintStream declared twice: Once in FILE:/home/runner/work/key/key/key.core/../key.ui/examples/standard_key/java_dl/classpath/PrintStream.java and once in URL:file:/home/runner/work/key/key/key.core/build/resources/main/de/uka/ilkd/key/java/JavaRedux/java/io/PrintStream.java, Keeping one from URL:file:/home/runner/work/key/key/key.core/build/resources/main/de/uka/ilkd/key/java/JavaRedux/java/io/PrintStream.java 
147043     DEBUG main            d.u.i.k.j.r.ClassFileDeclarationBuilder Parsing: package java.io; public class Closeable { } 
147044     DEBUG main            r.s.KeYCrossReferenceSourceInfo Dynamically created class: java.io.Closeable 
149450     DEBUG main            d.u.i.k.p.i.AbstractProblemLoader Init config took 2.43s 
149465     INFO  main            d.u.i.k.p.i.AbstractProblemLoader Replaying proof exceptions3.key 
149466     DEBUG main            d.u.i.k.p.i.IntermediateProofReplayer Proof replay took 8.4ns 
149572     INFO  main            d.u.i.k.p.r.p.TestFile    ... finished proof: closed. 
149855     INFO  main            d.u.i.k.p.i.AbstractProblemLoader Loading environment from /home/runner/work/key/key/key.core/../key.ui/examples/standard_key/java_dl/exceptions3.key.proof 
149855     DEBUG main            d.u.i.k.p.i.AbstractProblemLoader Environment load took 113.8ns 
149856     INFO  main            d.u.i.k.p.i.AbstractProblemLoader Creating init config 
149877     WARN  main            d.u.i.k.j.r.KeYCrossReferenceNameInfo Datatype java.lang.System declared twice: Once in FILE:/home/runner/work/key/key/key.core/../key.ui/examples/standard_key/java_dl/classpath/System.java and once in URL:file:/home/runner/work/key/key/key.core/build/resources/main/de/uka/ilkd/key/java/JavaRedux/java/lang/System.java, Keeping one from URL:file:/home/runner/work/key/key/key.core/build/resources/main/de/uka/ilkd/key/java/JavaRedux/java/lang/System.java 
149877     WARN  main            d.u.i.k.j.r.KeYCrossReferenceNameInfo Datatype java.io.InputStream declared twice: Once in FILE:/home/runner/work/key/key/key.core/../key.ui/examples/standard_key/java_dl/classpath/InputStream.java and once in URL:file:/home/runner/work/key/key/key.core/build/resources/main/de/uka/ilkd/key/java/JavaRedux/java/io/InputStream.java, Keeping one from URL:file:/home/runner/work/key/key/key.core/build/resources/main/de/uka/ilkd/key/java/JavaRedux/java/io/InputStream.java 
149877     WARN  main            d.u.i.k.j.r.KeYCrossReferenceNameInfo Datatype java.io.PrintStream declared twice: Once in FILE:/home/runner/work/key/key/key.core/../key.ui/examples/standard_key/java_dl/classpath/PrintStream.java and once in URL:file:/home/runner/work/key/key/key.core/build/resources/main/de/uka/ilkd/key/java/JavaRedux/java/io/PrintStream.java, Keeping one from URL:file:/home/runner/work/key/key/key.core/build/resources/main/de/uka/ilkd/key/java/JavaRedux/java/io/PrintStream.java 
149880     DEBUG main            d.u.i.k.j.r.ClassFileDeclarationBuilder Parsing: package java.io; public class Closeable { } 
149880     DEBUG main            r.s.KeYCrossReferenceSourceInfo Dynamically created class: java.io.Closeable 
152227     DEBUG main            d.u.i.k.p.i.AbstractProblemLoader Init config took 2.37s 
152242     INFO  main            d.u.i.k.p.i.AbstractProblemLoader Replaying proof exceptions3.key.proof 
152247     DEBUG main            d.u.i.k.p.i.IntermediateProofReplayer Proof replay took 3.58ms 
152248     DEBUG main            d.u.i.k.p.r.p.TestFile    ... success: reloaded. 
152249     INFO  main            d.u.i.k.p.r.p.TestFile    Now processing file /home/runner/work/key/key/key.core/../key.ui/examples/standard_key/java_dl/exchange.key 
152249     INFO  main            d.u.i.k.p.i.AbstractProblemLoader Loading environment from /home/runner/work/key/key/key.core/../key.ui/examples/standard_key/java_dl/exchange.key 
152249     DEBUG main            d.u.i.k.p.i.AbstractProblemLoader Environment load took 45.7ns 
152250     INFO  main            d.u.i.k.p.i.AbstractProblemLoader Creating init config 
154629     DEBUG main            d.u.i.k.p.i.AbstractProblemLoader Init config took 2.38s 
154644     INFO  main            d.u.i.k.p.i.AbstractProblemLoader Replaying proof exchange.key 
154646     DEBUG main            d.u.i.k.p.i.IntermediateProofReplayer Proof replay took 8.1ns 
154748     INFO  main            d.u.i.k.p.r.p.TestFile    ... finished proof: closed. 
155034     INFO  main            d.u.i.k.p.i.AbstractProblemLoader Loading environment from /home/runner/work/key/key/key.core/../key.ui/examples/standard_key/java_dl/exchange.key.proof 
155034     DEBUG main            d.u.i.k.p.i.AbstractProblemLoader Environment load took 118.8ns 
155035     INFO  main            d.u.i.k.p.i.AbstractProblemLoader Creating init config 
157360     DEBUG main            d.u.i.k.p.i.AbstractProblemLoader Init config took 2.32s 
157374     INFO  main            d.u.i.k.p.i.AbstractProblemLoader Replaying proof exchange.key.proof 
157379     DEBUG main            d.u.i.k.p.i.IntermediateProofReplayer Proof replay took 2.77ms 
157380     DEBUG main            d.u.i.k.p.r.p.TestFile    ... success: reloaded. 
157380     INFO  main            d.u.i.k.p.r.p.TestFile    Now processing file /home/runner/work/key/key/key.core/../key.ui/examples/standard_key/java_dl/if.key 
157380     INFO  main            d.u.i.k.p.i.AbstractProblemLoader Loading environment from /home/runner/work/key/key/key.core/../key.ui/examples/standard_key/java_dl/if.key 
157380     DEBUG main            d.u.i.k.p.i.AbstractProblemLoader Environment load took 86.8ns 
157381     INFO  main            d.u.i.k.p.i.AbstractProblemLoader Creating init config 
159784     DEBUG main            d.u.i.k.p.i.AbstractProblemLoader Init config took 2.4s 
159798     INFO  main            d.u.i.k.p.i.AbstractProblemLoader Replaying proof if.key 
159800     DEBUG main            d.u.i.k.p.i.IntermediateProofReplayer Proof replay took 19.4ns 
159902     INFO  main            d.u.i.k.p.r.p.TestFile    ... finished proof: closed. 
160184     INFO  main            d.u.i.k.p.i.AbstractProblemLoader Loading environment from /home/runner/work/key/key/key.core/../key.ui/examples/standard_key/java_dl/if.key.proof 
160184     DEBUG main            d.u.i.k.p.i.AbstractProblemLoader Environment load took 100.1ns 
160185     INFO  main            d.u.i.k.p.i.AbstractProblemLoader Creating init config 
162483     DEBUG main            d.u.i.k.p.i.AbstractProblemLoader Init config took 2.3s 
162497     INFO  main            d.u.i.k.p.i.AbstractProblemLoader Replaying proof if.key.proof 
162501     DEBUG main            d.u.i.k.p.i.IntermediateProofReplayer Proof replay took 2.58ms 
162502     DEBUG main            d.u.i.k.p.r.p.TestFile    ... success: reloaded. 
162502     INFO  main            d.u.i.k.p.r.p.TestFile    Now processing file /home/runner/work/key/key/key.core/../key.ui/examples/standard_key/java_dl/incrementcounter.key 
162503     INFO  main            d.u.i.k.p.i.AbstractProblemLoader Loading environment from /home/runner/work/key/key/key.core/../key.ui/examples/standard_key/java_dl/incrementcounter.key 
162503     DEBUG main            d.u.i.k.p.i.AbstractProblemLoader Environment load took 79.4ns 
162504     INFO  main            d.u.i.k.p.i.AbstractProblemLoader Creating init config 
164918     DEBUG main            d.u.i.k.p.i.AbstractProblemLoader Init config took 2.41s 
164933     INFO  main            d.u.i.k.p.i.AbstractProblemLoader Replaying proof incrementcounter.key 
164934     DEBUG main            d.u.i.k.p.i.IntermediateProofReplayer Proof replay took 6.7ns 
165036     INFO  main            d.u.i.k.p.r.p.TestFile    ... finished proof: closed. 
165328     INFO  main            d.u.i.k.p.i.AbstractProblemLoader Loading environment from /home/runner/work/key/key/key.core/../key.ui/examples/standard_key/java_dl/incrementcounter.key.proof 
165328     DEBUG main            d.u.i.k.p.i.AbstractProblemLoader Environment load took 106.1ns 
165329     INFO  main            d.u.i.k.p.i.AbstractProblemLoader Creating init config 
167674     DEBUG main            d.u.i.k.p.i.AbstractProblemLoader Init config took 2.34s 
167688     INFO  main            d.u.i.k.p.i.AbstractProblemLoader Replaying proof incrementcounter.key.proof 
167691     DEBUG main            d.u.i.k.p.i.IntermediateProofReplayer Proof replay took 1.84ms 
167692     DEBUG main            d.u.i.k.p.r.p.TestFile    ... success: reloaded. 
167692     INFO  main            d.u.i.k.p.r.p.TestFile    Now processing file /home/runner/work/key/key/key.core/../key.ui/examples/standard_key/java_dl/danglingElse.key 
167693     INFO  main            d.u.i.k.p.i.AbstractProblemLoader Loading environment from /home/runner/work/key/key/key.core/../key.ui/examples/standard_key/java_dl/danglingElse.key 
167693     DEBUG main            d.u.i.k.p.i.AbstractProblemLoader Environment load took 78.1ns 
167694     INFO  main            d.u.i.k.p.i.AbstractProblemLoader Creating init config 
170048     DEBUG main            d.u.i.k.p.i.AbstractProblemLoader Init config took 2.35s 
170062     INFO  main            d.u.i.k.p.i.AbstractProblemLoader Replaying proof danglingElse.key 
170064     DEBUG main            d.u.i.k.p.i.IntermediateProofReplayer Proof replay took 7.8ns 
170168     INFO  main            d.u.i.k.p.r.p.TestFile    ... finished proof: open goal(s) 
170465     INFO  main            d.u.i.k.p.r.p.TestFile    Now processing file /home/runner/work/key/key/key.core/../key.ui/examples/standard_key/java_dl/iteratedAssignment.key 
170468     INFO  main            d.u.i.k.p.i.AbstractProblemLoader Loading environment from /home/runner/work/key/key/key.core/../key.ui/examples/standard_key/java_dl/iteratedAssignment.key 
170468     DEBUG main            d.u.i.k.p.i.AbstractProblemLoader Environment load took 68.2ns 
170469     INFO  main            d.u.i.k.p.i.AbstractProblemLoader Creating init config 
172797     DEBUG main            d.u.i.k.p.i.AbstractProblemLoader Init config took 2.33s 
172812     INFO  main            d.u.i.k.p.i.AbstractProblemLoader Replaying proof iteratedAssignment.key 
172817     DEBUG main            d.u.i.k.p.i.IntermediateProofReplayer Proof replay took 7.2ns 
173120     INFO  main            d.u.i.k.p.r.p.TestFile    ... finished proof: closed. 
173467     INFO  main            d.u.i.k.p.i.AbstractProblemLoader Loading environment from /home/runner/work/key/key/key.core/../key.ui/examples/standard_key/java_dl/iteratedAssignment.key.proof 
173467     DEBUG main            d.u.i.k.p.i.AbstractProblemLoader Environment load took 114.4ns 
173468     INFO  main            d.u.i.k.p.i.AbstractProblemLoader Creating init config 
175787     DEBUG main            d.u.i.k.p.i.AbstractProblemLoader Init config took 2.32s 
175802     INFO  main            d.u.i.k.p.i.AbstractProblemLoader Replaying proof iteratedAssignment.key.proof 
175861     DEBUG main            d.u.i.k.p.i.IntermediateProofReplayer Proof replay took 55.84ms 
175862     DEBUG main            d.u.i.k.p.r.p.TestFile    ... success: reloaded. 
175863     INFO  main            d.u.i.k.p.r.p.TestFile    Now processing file /home/runner/work/key/key/key.core/../key.ui/examples/standard_key/java_dl/assert/assert1.key 
175863     INFO  main            d.u.i.k.p.i.AbstractProblemLoader Loading environment from /home/runner/work/key/key/key.core/../key.ui/examples/standard_key/java_dl/assert/assert1.key 
175863     DEBUG main            d.u.i.k.p.i.AbstractProblemLoader Environment load took 172.3ns 
175864     INFO  main            d.u.i.k.p.i.AbstractProblemLoader Creating init config 
178262     DEBUG main            d.u.i.k.p.i.AbstractProblemLoader Init config took 2.4s 
178296     INFO  main            d.u.i.k.p.i.AbstractProblemLoader Replaying proof C[C::foo()].JML normal_behavior operation contract.0 
178298     DEBUG main            d.u.i.k.p.i.IntermediateProofReplayer Proof replay took 7.3ns 
178500     INFO  main            d.u.i.k.p.r.p.TestFile    ... finished proof: open goal(s) 
178895     INFO  main            d.u.i.k.p.r.p.TestFile    Now processing file /home/runner/work/key/key/key.core/../key.ui/examples/standard_key/java_dl/assert/assert2.key 
178895     INFO  main            d.u.i.k.p.i.AbstractProblemLoader Loading environment from /home/runner/work/key/key/key.core/../key.ui/examples/standard_key/java_dl/assert/assert2.key 
178895     DEBUG main            d.u.i.k.p.i.AbstractProblemLoader Environment load took 75ns 
178896     INFO  main            d.u.i.k.p.i.AbstractProblemLoader Creating init config 
181245     DEBUG main            d.u.i.k.p.i.AbstractProblemLoader Init config took 2.35s 
181280     INFO  main            d.u.i.k.p.i.AbstractProblemLoader Replaying proof C[C::bar()].JML exceptional_behavior operation contract.0 
181281     DEBUG main            d.u.i.k.p.i.IntermediateProofReplayer Proof replay took 7.3ns 
181484     INFO  main            d.u.i.k.p.r.p.TestFile    ... finished proof: closed. 
181795     INFO  main            d.u.i.k.p.i.AbstractProblemLoader Loading environment from /home/runner/work/key/key/key.core/../key.ui/examples/standard_key/java_dl/assert/assert2.key.proof 
181796     DEBUG main            d.u.i.k.p.i.AbstractProblemLoader Environment load took 94.1ns 
181796     INFO  main            d.u.i.k.p.i.AbstractProblemLoader Creating init config 
184151     DEBUG main            d.u.i.k.p.i.AbstractProblemLoader Init config took 2.35s 
184184     INFO  main            d.u.i.k.p.i.AbstractProblemLoader Replaying proof C[C::bar()].JML exceptional_behavior operation contract.0 
184224     DEBUG main            d.u.i.k.p.i.IntermediateProofReplayer Proof replay took 38.06ms 
184225     DEBUG main            d.u.i.k.p.r.p.TestFile    ... success: reloaded. 
184227     INFO  main            d.u.i.k.p.r.p.TestFile    Now processing file /home/runner/work/key/key/key.core/../key.ui/examples/standard_key/java_dl/assert/assert3.key 
184228     INFO  main            d.u.i.k.p.i.AbstractProblemLoader Loading environment from /home/runner/work/key/key/key.core/../key.ui/examples/standard_key/java_dl/assert/assert3.key 
184228     DEBUG main            d.u.i.k.p.i.AbstractProblemLoader Environment load took 178.5ns 
184229     INFO  main            d.u.i.k.p.i.AbstractProblemLoader Creating init config 
186630     DEBUG main            d.u.i.k.p.i.AbstractProblemLoader Init config took 2.4s 
186670     INFO  main            d.u.i.k.p.i.AbstractProblemLoader Replaying proof C[C::foo()].JML normal_behavior operation contract.0 
186672     DEBUG main            d.u.i.k.p.i.IntermediateProofReplayer Proof replay took 7.4ns 
186775     INFO  main            d.u.i.k.p.r.p.TestFile    ... finished proof: open goal(s) 
187091     INFO  main            d.u.i.k.p.r.p.TestFile    Now processing file /home/runner/work/key/key/key.core/../key.ui/examples/standard_key/java_dl/java5/vararg.key 
187091     INFO  main            d.u.i.k.p.i.AbstractProblemLoader Loading environment from /home/runner/work/key/key/key.core/../key.ui/examples/standard_key/java_dl/java5/vararg.key 
187091     DEBUG main            d.u.i.k.p.i.AbstractProblemLoader Environment load took 58.6ns 
187093     INFO  main            d.u.i.k.p.i.AbstractProblemLoader Creating init config 
187925     DEBUG main            d.u.i.k.j.r.ClassPreparationMethodBuilder clPrepBuilder: Inner Class detected. Reject building class initialisation methods. 
189738     DEBUG main            d.u.i.k.p.i.AbstractProblemLoader Init config took 2.64s 
189764     INFO  main            d.u.i.k.p.i.AbstractProblemLoader Replaying proof vararg.key 
189765     DEBUG main            d.u.i.k.p.i.IntermediateProofReplayer Proof replay took 7.6ns 
190048     DEBUG Thread-101      d.u.i.k.j.d.VariableSpecification Program match. Variables have different dimension (template #v0 = #vi;, source var#17[] = new java.lang.Object[]{d1, d2};) 
190185     DEBUG Thread-101      d.u.i.k.j.d.VariableSpecification Program match. Variables have different dimension (template #v0 = #vi;, source var#24[] = new java.lang.Object[]{d1, d2};) 
190328     DEBUG Thread-101      d.u.i.k.j.d.VariableSpecification Program match. Variables have different dimension (template #v0 = #vi;, source var#33[] = new java.lang.Object[]{var_1};) 
190329     DEBUG Thread-101      d.u.i.k.j.d.VariableSpecification Program match. Variables have different dimension (template #v0 = #vi;, source var#33[] = new java.lang.Object[]{var_1};) 
190441     DEBUG Thread-101      d.u.i.k.j.d.VariableSpecification Program match. Variables have different dimension (template #v0 = #vi;, source var#39[] = new java.lang.Object[]{null, null};) 
190581     DEBUG Thread-101      d.u.i.k.j.d.VariableSpecification Program match. Variables have different dimension (template #v0 = #vi;, source var#46[] = new java.lang.Object[]{};) 
190991     INFO  main            d.u.i.k.p.r.p.TestFile    ... finished proof: closed. 
191401     INFO  main            d.u.i.k.p.i.AbstractProblemLoader Loading environment from /home/runner/work/key/key/key.core/../key.ui/examples/standard_key/java_dl/java5/vararg.key.proof 
191402     DEBUG main            d.u.i.k.p.i.AbstractProblemLoader Environment load took 342.2ns 
191403     INFO  main            d.u.i.k.p.i.AbstractProblemLoader Creating init config 
192227     DEBUG main            d.u.i.k.j.r.ClassPreparationMethodBuilder clPrepBuilder: Inner Class detected. Reject building class initialisation methods. 
193995     DEBUG main            d.u.i.k.p.i.AbstractProblemLoader Init config took 2.59s 
194020     INFO  main            d.u.i.k.p.i.AbstractProblemLoader Replaying proof vararg.key.proof 
194331     DEBUG main            d.u.i.k.p.i.IntermediateProofReplayer Proof replay took 302.02ms 
194333     DEBUG main            d.u.i.k.p.r.p.TestFile    ... success: reloaded. 
194333     INFO  main            d.u.i.k.p.r.p.TestFile    Now processing file /home/runner/work/key/key/key.core/../key.ui/examples/standard_key/java_dl/java5/for_Array.key 
194334     INFO  main            d.u.i.k.p.i.AbstractProblemLoader Loading environment from /home/runner/work/key/key/key.core/../key.ui/examples/standard_key/java_dl/java5/for_Array.key 
194334     DEBUG main            d.u.i.k.p.i.AbstractProblemLoader Environment load took 168ns 
194335     INFO  main            d.u.i.k.p.i.AbstractProblemLoader Creating init config 
195181     DEBUG main            d.u.i.k.j.r.ClassPreparationMethodBuilder clPrepBuilder: Inner Class detected. Reject building class initialisation methods. 
197016     DEBUG main            d.u.i.k.p.i.AbstractProblemLoader Init config took 2.68s 
197067     INFO  main            d.u.i.k.p.i.AbstractProblemLoader Replaying proof For[For::sum([I)].JML operation contract.0 
197068     DEBUG main            d.u.i.k.p.i.IntermediateProofReplayer Proof replay took 8.2ns 
197473     INFO  main            d.u.i.k.p.r.p.TestFile    ... finished proof: closed. 
197872     INFO  main            d.u.i.k.p.i.AbstractProblemLoader Loading environment from /home/runner/work/key/key/key.core/../key.ui/examples/standard_key/java_dl/java5/for_Array.key.proof 
197872     DEBUG main            d.u.i.k.p.i.AbstractProblemLoader Environment load took 96.7ns 
197873     INFO  main            d.u.i.k.p.i.AbstractProblemLoader Creating init config 
198683     DEBUG main            d.u.i.k.j.r.ClassPreparationMethodBuilder clPrepBuilder: Inner Class detected. Reject building class initialisation methods. 
200468     DEBUG main            d.u.i.k.p.i.AbstractProblemLoader Init config took 2.59s 
200527     INFO  main            d.u.i.k.p.i.AbstractProblemLoader Replaying proof For[For::sum([I)].JML operation contract.0 
200623     DEBUG main            d.u.i.k.p.i.IntermediateProofReplayer Proof replay took 92.96ms 
200624     DEBUG main            d.u.i.k.p.r.p.TestFile    ... success: reloaded. 
200625     INFO  main            d.u.i.k.p.r.p.TestFile    Now processing file /home/runner/work/key/key/key.core/../key.ui/examples/standard_key/java_dl/java5/for_Iterable.key 
200625     INFO  main            d.u.i.k.p.i.AbstractProblemLoader Loading environment from /home/runner/work/key/key/key.core/../key.ui/examples/standard_key/java_dl/java5/for_Iterable.key 
200625     DEBUG main            d.u.i.k.p.i.AbstractProblemLoader Environment load took 113.4ns 
200626     INFO  main            d.u.i.k.p.i.AbstractProblemLoader Creating init config 
201459     DEBUG main            d.u.i.k.j.r.ClassPreparationMethodBuilder clPrepBuilder: Inner Class detected. Reject building class initialisation methods. 
203190     DEBUG main            d.u.i.k.p.i.AbstractProblemLoader Init config took 2.56s 
203238     INFO  main            d.u.i.k.p.i.AbstractProblemLoader Replaying proof For[For::infiniteLoop(For)].JML operation contract.0 
203240     DEBUG main            d.u.i.k.p.i.IntermediateProofReplayer Proof replay took 7.3ns 
203442     INFO  main            d.u.i.k.p.r.p.TestFile    ... finished proof: closed. 
203798     INFO  main            d.u.i.k.p.i.AbstractProblemLoader Loading environment from /home/runner/work/key/key/key.core/../key.ui/examples/standard_key/java_dl/java5/for_Iterable.key.proof 
203798     DEBUG main            d.u.i.k.p.i.AbstractProblemLoader Environment load took 93.1ns 
203799     INFO  main            d.u.i.k.p.i.AbstractProblemLoader Creating init config 
204598     DEBUG main            d.u.i.k.j.r.ClassPreparationMethodBuilder clPrepBuilder: Inner Class detected. Reject building class initialisation methods. 
206313     DEBUG main            d.u.i.k.p.i.AbstractProblemLoader Init config took 2.51s 
206362     INFO  main            d.u.i.k.p.i.AbstractProblemLoader Replaying proof For[For::infiniteLoop(For)].JML operation contract.0 
206414     DEBUG main            d.u.i.k.p.i.IntermediateProofReplayer Proof replay took 49.67ms 
206415     DEBUG main            d.u.i.k.p.r.p.TestFile    ... success: reloaded. 
206416     INFO  main            d.u.i.k.p.r.p.TestFile    Now processing file /home/runner/work/key/key/key.core/../key.ui/examples/standard_key/java_dl/java5/for_ReferenceArray.key 
206416     INFO  main            d.u.i.k.p.i.AbstractProblemLoader Loading environment from /home/runner/work/key/key/key.core/../key.ui/examples/standard_key/java_dl/java5/for_ReferenceArray.key 
206416     DEBUG main            d.u.i.k.p.i.AbstractProblemLoader Environment load took 65.7ns 
206417     INFO  main            d.u.i.k.p.i.AbstractProblemLoader Creating init config 
207223     DEBUG main            d.u.i.k.j.r.ClassPreparationMethodBuilder clPrepBuilder: Inner Class detected. Reject building class initialisation methods. 
208990     DEBUG main            d.u.i.k.p.i.AbstractProblemLoader Init config took 2.57s 
209039     INFO  main            d.u.i.k.p.i.AbstractProblemLoader Replaying proof ForReferenceArray[ForReferenceArray::foo([Ljava.lang.Object)].JML operation contract.0 
209041     DEBUG main            d.u.i.k.p.i.IntermediateProofReplayer Proof replay took 8.2ns 
209343     INFO  main            d.u.i.k.p.r.p.TestFile    ... finished proof: closed. 
209701     INFO  main            d.u.i.k.p.i.AbstractProblemLoader Loading environment from /home/runner/work/key/key/key.core/../key.ui/examples/standard_key/java_dl/java5/for_ReferenceArray.key.proof 
209701     DEBUG main            d.u.i.k.p.i.AbstractProblemLoader Environment load took 121.2ns 
209702     INFO  main            d.u.i.k.p.i.AbstractProblemLoader Creating init config 
210503     DEBUG main            d.u.i.k.j.r.ClassPreparationMethodBuilder clPrepBuilder: Inner Class detected. Reject building class initialisation methods. 
212211     DEBUG main            d.u.i.k.p.i.AbstractProblemLoader Init config took 2.51s 
212272     INFO  main            d.u.i.k.p.i.AbstractProblemLoader Replaying proof ForReferenceArray[ForReferenceArray::foo([Ljava.lang.Object)].JML operation contract.0 
212331     DEBUG main            d.u.i.k.p.i.IntermediateProofReplayer Proof replay took 56.29ms 
212332     DEBUG main            d.u.i.k.p.r.p.TestFile    ... success: reloaded. 
212333     INFO  main            d.u.i.k.p.r.p.TestFile    Now processing file /home/runner/work/key/key/key.core/../key.ui/examples/standard_key/java_dl/jml-bigint/cast.key 
212333     INFO  main            d.u.i.k.p.i.AbstractProblemLoader Loading environment from /home/runner/work/key/key/key.core/../key.ui/examples/standard_key/java_dl/jml-bigint/cast.key 
212333     DEBUG main            d.u.i.k.p.i.AbstractProblemLoader Environment load took 51.2ns 
212334     INFO  main            d.u.i.k.p.i.AbstractProblemLoader Creating init config 
214802     DEBUG main            d.u.i.k.p.i.AbstractProblemLoader Init config took 2.47s 
214856     INFO  main            d.u.i.k.p.i.AbstractProblemLoader Replaying proof Mult[Mult::cast()].JML operation contract.0 
214859     DEBUG main            d.u.i.k.p.i.IntermediateProofReplayer Proof replay took 9ns 
214960     INFO  main            d.u.i.k.p.r.p.TestFile    ... finished proof: closed. 
215320     INFO  main            d.u.i.k.p.i.AbstractProblemLoader Loading environment from /home/runner/work/key/key/key.core/../key.ui/examples/standard_key/java_dl/jml-bigint/cast.key.proof 
215320     DEBUG main            d.u.i.k.p.i.AbstractProblemLoader Environment load took 115.8ns 
215321     INFO  main            d.u.i.k.p.i.AbstractProblemLoader Creating init config 
217737     DEBUG main            d.u.i.k.p.i.AbstractProblemLoader Init config took 2.42s 
217771     INFO  main            d.u.i.k.p.i.AbstractProblemLoader Replaying proof Mult[Mult::cast()].JML operation contract.0 
217785     DEBUG main            d.u.i.k.p.i.IntermediateProofReplayer Proof replay took 11.99ms 
217786     DEBUG main            d.u.i.k.p.r.p.TestFile    ... success: reloaded. 
217787     INFO  main            d.u.i.k.p.r.p.TestFile    Now processing file /home/runner/work/key/key/key.core/../key.ui/examples/standard_key/java_dl/jml-free/loopInvFree.key 
217787     INFO  main            d.u.i.k.p.i.AbstractProblemLoader Loading environment from /home/runner/work/key/key/key.core/../key.ui/examples/standard_key/java_dl/jml-free/loopInvFree.key 
217787     DEBUG main            d.u.i.k.p.i.AbstractProblemLoader Environment load took 162.2ns 
217788     INFO  main            d.u.i.k.p.i.AbstractProblemLoader Creating init config 
220197     DEBUG main            d.u.i.k.p.i.AbstractProblemLoader Init config took 2.41s 
220230     INFO  main            d.u.i.k.p.i.AbstractProblemLoader Replaying proof LoopInvFree[LoopInvFree::test()].JML operation contract.0 
220231     DEBUG main            d.u.i.k.p.i.IntermediateProofReplayer Proof replay took 7.8ns 
220436     INFO  main            d.u.i.k.p.r.p.TestFile    ... finished proof: closed. 
220800     INFO  main            d.u.i.k.p.i.AbstractProblemLoader Loading environment from /home/runner/work/key/key/key.core/../key.ui/examples/standard_key/java_dl/jml-free/loopInvFree.key.proof 
220800     DEBUG main            d.u.i.k.p.i.AbstractProblemLoader Environment load took 95.3ns 
220801     INFO  main            d.u.i.k.p.i.AbstractProblemLoader Creating init config 
223149     DEBUG main            d.u.i.k.p.i.AbstractProblemLoader Init config took 2.35s 
223182     INFO  main            d.u.i.k.p.i.AbstractProblemLoader Replaying proof LoopInvFree[LoopInvFree::test()].JML operation contract.0 
223224     DEBUG main            d.u.i.k.p.i.IntermediateProofReplayer Proof replay took 39.86ms 
223224     DEBUG main            d.u.i.k.p.r.p.TestFile    ... success: reloaded. 
223225     INFO  main            d.u.i.k.p.r.p.TestFile    Now processing file /home/runner/work/key/key/key.core/../key.ui/examples/standard_key/java_dl/jml-free/ensuresFree.key 
223225     INFO  main            d.u.i.k.p.i.AbstractProblemLoader Loading environment from /home/runner/work/key/key/key.core/../key.ui/examples/standard_key/java_dl/jml-free/ensuresFree.key 
223226     DEBUG main            d.u.i.k.p.i.AbstractProblemLoader Environment load took 91ns 
223226     INFO  main            d.u.i.k.p.i.AbstractProblemLoader Creating init config 
225613     DEBUG main            d.u.i.k.p.i.AbstractProblemLoader Init config took 2.39s 
225646     INFO  main            d.u.i.k.p.i.AbstractProblemLoader Replaying proof EnsuresFree[EnsuresFree::test()].JML operation contract.0 
225647     DEBUG main            d.u.i.k.p.i.IntermediateProofReplayer Proof replay took 7.1ns 
225749     INFO  main            d.u.i.k.p.r.p.TestFile    ... finished proof: closed. 
226202     INFO  main            d.u.i.k.p.i.AbstractProblemLoader Loading environment from /home/runner/work/key/key/key.core/../key.ui/examples/standard_key/java_dl/jml-free/ensuresFree.key.proof 
226202     DEBUG main            d.u.i.k.p.i.AbstractProblemLoader Environment load took 89.5ns 
226207     INFO  main            d.u.i.k.p.i.AbstractProblemLoader Creating init config 
228594     DEBUG main            d.u.i.k.p.i.AbstractProblemLoader Init config took 2.39s 
228627     INFO  main            d.u.i.k.p.i.AbstractProblemLoader Replaying proof EnsuresFree[EnsuresFree::test()].JML operation contract.0 
228645     DEBUG main            d.u.i.k.p.i.IntermediateProofReplayer Proof replay took 15.93ms 
228645     DEBUG main            d.u.i.k.p.r.p.TestFile    ... success: reloaded. 
228646     INFO  main            d.u.i.k.p.r.p.TestFile    Now processing file /home/runner/work/key/key/key.core/../key.ui/examples/standard_key/java_dl/jml-information-flow.key 
228646     INFO  main            d.u.i.k.p.i.AbstractProblemLoader Loading environment from /home/runner/work/key/key/key.core/../key.ui/examples/standard_key/java_dl/jml-information-flow.key 
228646     DEBUG main            d.u.i.k.p.i.AbstractProblemLoader Environment load took 75.8ns 
228651     INFO  main            d.u.i.k.p.i.AbstractProblemLoader Creating init config 
231239     DEBUG main            d.u.i.k.p.i.AbstractProblemLoader Init config took 2.59s 
231256     INFO  main            d.u.i.k.p.i.AbstractProblemLoader Replaying proof jml-information-flow.key 
231258     DEBUG main            d.u.i.k.p.i.IntermediateProofReplayer Proof replay took 8.8ns 
353916     INFO  main            d.u.i.k.p.r.p.TestFile    ... finished proof: closed. 
354478     INFO  main            d.u.i.k.p.i.AbstractProblemLoader Loading environment from /home/runner/work/key/key/key.core/../key.ui/examples/standard_key/java_dl/jml-information-flow.key.proof 
354479     DEBUG main            d.u.i.k.p.i.AbstractProblemLoader Environment load took 384.81ns 
354487     INFO  main            d.u.i.k.p.i.AbstractProblemLoader Creating init config 
356970     DEBUG main            d.u.i.k.p.i.AbstractProblemLoader Init config took 2.48s 
356993     INFO  main            d.u.i.k.p.i.AbstractProblemLoader Replaying proof jml-information-flow.key.proof 
360999     DEBUG main            d.u.i.k.p.i.IntermediateProofReplayer Proof replay took 3.92s 
361007     DEBUG main            d.u.i.k.p.r.p.TestFile    ... success: reloaded. 
361008     INFO  main            d.u.i.k.p.r.p.TestFile    Now processing file /home/runner/work/key/key/key.core/../key.ui/examples/standard_key/java_dl/jml-min/min-unprovable1.key 
361008     INFO  main            d.u.i.k.p.i.AbstractProblemLoader Loading environment from /home/runner/work/key/key/key.core/../key.ui/examples/standard_key/java_dl/jml-min/min-unprovable1.key 
361009     DEBUG main            d.u.i.k.p.i.AbstractProblemLoader Environment load took 82.4ns 
361009     INFO  main            d.u.i.k.p.i.AbstractProblemLoader Creating init config 
363585     DEBUG main            d.u.i.k.p.i.AbstractProblemLoader Init config took 2.58s 
363619     INFO  main            d.u.i.k.p.i.AbstractProblemLoader Replaying proof Min[Min::foo()].JML operation contract.0 
363620     DEBUG main            d.u.i.k.p.i.IntermediateProofReplayer Proof replay took 7.8ns 
363724     INFO  main            d.u.i.k.p.r.p.TestFile    ... finished proof: open goal(s) 
364260     INFO  main            d.u.i.k.p.r.p.TestFile    Now processing file /home/runner/work/key/key/key.core/../key.ui/examples/standard_key/java_dl/jml-min/min-unprovable2.key 
364261     INFO  main            d.u.i.k.p.i.AbstractProblemLoader Loading environment from /home/runner/work/key/key/key.core/../key.ui/examples/standard_key/java_dl/jml-min/min-unprovable2.key 
364261     DEBUG main            d.u.i.k.p.i.AbstractProblemLoader Environment load took 51.9ns 
364261     INFO  main            d.u.i.k.p.i.AbstractProblemLoader Creating init config 
366649     DEBUG main            d.u.i.k.p.i.AbstractProblemLoader Init config took 2.39s 
366682     INFO  main            d.u.i.k.p.i.AbstractProblemLoader Replaying proof Min[Min::foo2()].JML operation contract.0 
366683     DEBUG main            d.u.i.k.p.i.IntermediateProofReplayer Proof replay took 7.6ns 
366785     INFO  main            d.u.i.k.p.r.p.TestFile    ... finished proof: open goal(s) 
367162     INFO  main            d.u.i.k.p.r.p.TestFile    Now processing file /home/runner/work/key/key/key.core/../key.ui/examples/standard_key/java_dl/methodCall.key 
367162     INFO  main            d.u.i.k.p.i.AbstractProblemLoader Loading environment from /home/runner/work/key/key/key.core/../key.ui/examples/standard_key/java_dl/methodCall.key 
367162     DEBUG main            d.u.i.k.p.i.AbstractProblemLoader Environment load took 49.9ns 
367163     INFO  main            d.u.i.k.p.i.AbstractProblemLoader Creating init config 
369563     DEBUG main            d.u.i.k.p.i.AbstractProblemLoader Init config took 2.4s 
369577     INFO  main            d.u.i.k.p.i.AbstractProblemLoader Replaying proof methodCall.key 
369579     DEBUG main            d.u.i.k.p.i.IntermediateProofReplayer Proof replay took 7.1ns 
369680     INFO  main            d.u.i.k.p.r.p.TestFile    ... finished proof: closed. 
370064     INFO  main            d.u.i.k.p.i.AbstractProblemLoader Loading environment from /home/runner/work/key/key/key.core/../key.ui/examples/standard_key/java_dl/methodCall.key.proof 
370065     DEBUG main            d.u.i.k.p.i.AbstractProblemLoader Environment load took 96.3ns 
370066     INFO  main            d.u.i.k.p.i.AbstractProblemLoader Creating init config 
372475     DEBUG main            d.u.i.k.p.i.AbstractProblemLoader Init config took 2.41s 
372489     INFO  main            d.u.i.k.p.i.AbstractProblemLoader Replaying proof methodCall.key.proof 
372492     DEBUG main            d.u.i.k.p.i.IntermediateProofReplayer Proof replay took 1.89ms 
372493     DEBUG main            d.u.i.k.p.r.p.TestFile    ... success: reloaded. 
372494     INFO  main            d.u.i.k.p.r.p.TestFile    Now processing file /home/runner/work/key/key/key.core/../key.ui/examples/standard_key/java_dl/methodCall1.key 
372494     INFO  main            d.u.i.k.p.i.AbstractProblemLoader Loading environment from /home/runner/work/key/key/key.core/../key.ui/examples/standard_key/java_dl/methodCall1.key 
372494     DEBUG main            d.u.i.k.p.i.AbstractProblemLoader Environment load took 49.3ns 
372495     INFO  main            d.u.i.k.p.i.AbstractProblemLoader Creating init config 
374886     DEBUG main            d.u.i.k.p.i.AbstractProblemLoader Init config took 2.39s 
374900     INFO  main            d.u.i.k.p.i.AbstractProblemLoader Replaying proof methodCall1.key 
374901     DEBUG main            d.u.i.k.p.i.IntermediateProofReplayer Proof replay took 6.5ns 
375003     INFO  main            d.u.i.k.p.r.p.TestFile    ... finished proof: closed. 
375398     INFO  main            d.u.i.k.p.i.AbstractProblemLoader Loading environment from /home/runner/work/key/key/key.core/../key.ui/examples/standard_key/java_dl/methodCall1.key.proof 
375398     DEBUG main            d.u.i.k.p.i.AbstractProblemLoader Environment load took 153.6ns 
375399     INFO  main            d.u.i.k.p.i.AbstractProblemLoader Creating init config 
377789     DEBUG main            d.u.i.k.p.i.AbstractProblemLoader Init config took 2.39s 
377804     INFO  main            d.u.i.k.p.i.AbstractProblemLoader Replaying proof methodCall1.key.proof 
377817     DEBUG main            d.u.i.k.p.i.IntermediateProofReplayer Proof replay took 11.89ms 
377818     DEBUG main            d.u.i.k.p.r.p.TestFile    ... success: reloaded. 
377822     INFO  main            d.u.i.k.p.r.p.TestFile    Now processing file /home/runner/work/key/key/key.core/../key.ui/examples/standard_key/java_dl/methodCall1box.key 
377823     INFO  main            d.u.i.k.p.i.AbstractProblemLoader Loading environment from /home/runner/work/key/key/key.core/../key.ui/examples/standard_key/java_dl/methodCall1box.key 
377823     DEBUG main            d.u.i.k.p.i.AbstractProblemLoader Environment load took 192.9ns 
377825     INFO  main            d.u.i.k.p.i.AbstractProblemLoader Creating init config 
380303     DEBUG main            d.u.i.k.p.i.AbstractProblemLoader Init config took 2.48s 
380317     INFO  main            d.u.i.k.p.i.AbstractProblemLoader Replaying proof methodCall1box.key 
380318     DEBUG main            d.u.i.k.p.i.IntermediateProofReplayer Proof replay took 9ns 
380421     INFO  main            d.u.i.k.p.r.p.TestFile    ... finished proof: closed. 
380828     INFO  main            d.u.i.k.p.i.AbstractProblemLoader Loading environment from /home/runner/work/key/key/key.core/../key.ui/examples/standard_key/java_dl/methodCall1box.key.proof 
380828     DEBUG main            d.u.i.k.p.i.AbstractProblemLoader Environment load took 96.6ns 
380829     INFO  main            d.u.i.k.p.i.AbstractProblemLoader Creating init config 
383218     DEBUG main            d.u.i.k.p.i.AbstractProblemLoader Init config took 2.39s 
383233     INFO  main            d.u.i.k.p.i.AbstractProblemLoader Replaying proof methodCall1box.key.proof 
383247     DEBUG main            d.u.i.k.p.i.IntermediateProofReplayer Proof replay took 12.24ms 
383248     DEBUG main            d.u.i.k.p.r.p.TestFile    ... success: reloaded. 
383248     INFO  main            d.u.i.k.p.r.p.TestFile    Now processing file /home/runner/work/key/key/key.core/../key.ui/examples/standard_key/java_dl/methodCall3.key 
383248     INFO  main            d.u.i.k.p.i.AbstractProblemLoader Loading environment from /home/runner/work/key/key/key.core/../key.ui/examples/standard_key/java_dl/methodCall3.key 
383248     DEBUG main            d.u.i.k.p.i.AbstractProblemLoader Environment load took 50.5ns 
383249     INFO  main            d.u.i.k.p.i.AbstractProblemLoader Creating init config 
385641     DEBUG main            d.u.i.k.p.i.AbstractProblemLoader Init config took 2.39s 
385656     INFO  main            d.u.i.k.p.i.AbstractProblemLoader Replaying proof methodCall3.key 
385657     DEBUG main            d.u.i.k.p.i.IntermediateProofReplayer Proof replay took 8.3ns 
385759     INFO  main            d.u.i.k.p.r.p.TestFile    ... finished proof: closed. 
386166     INFO  main            d.u.i.k.p.i.AbstractProblemLoader Loading environment from /home/runner/work/key/key/key.core/../key.ui/examples/standard_key/java_dl/methodCall3.key.proof 
386166     DEBUG main            d.u.i.k.p.i.AbstractProblemLoader Environment load took 223.9ns 
386167     INFO  main            d.u.i.k.p.i.AbstractProblemLoader Creating init config 
388570     DEBUG main            d.u.i.k.p.i.AbstractProblemLoader Init config took 2.4s 
388588     INFO  main            d.u.i.k.p.i.AbstractProblemLoader Replaying proof methodCall3.key.proof 
388598     DEBUG main            d.u.i.k.p.i.IntermediateProofReplayer Proof replay took 8ms 
388600     DEBUG main            d.u.i.k.p.r.p.TestFile    ... success: reloaded. 
388600     INFO  main            d.u.i.k.p.r.p.TestFile    Now processing file /home/runner/work/key/key/key.core/../key.ui/examples/standard_key/java_dl/polishFlagSort.key 
388601     INFO  main            d.u.i.k.p.i.AbstractProblemLoader Loading environment from /home/runner/work/key/key/key.core/../key.ui/examples/standard_key/java_dl/polishFlagSort.key 
388601     DEBUG main            d.u.i.k.p.i.AbstractProblemLoader Environment load took 67.7ns 
388602     INFO  main            d.u.i.k.p.i.AbstractProblemLoader Creating init config 
391073     DEBUG main            d.u.i.k.p.i.AbstractProblemLoader Init config took 2.47s 
391088     INFO  main            d.u.i.k.p.i.AbstractProblemLoader Replaying proof polishFlagSort.key 
391090     DEBUG main            d.u.i.k.p.i.IntermediateProofReplayer Proof replay took 8.2ns 
393299     INFO  main            d.u.i.k.p.r.p.TestFile    ... finished proof: closed. 
393750     INFO  main            d.u.i.k.p.i.AbstractProblemLoader Loading environment from /home/runner/work/key/key/key.core/../key.ui/examples/standard_key/java_dl/polishFlagSort.key.proof 
393751     DEBUG main            d.u.i.k.p.i.AbstractProblemLoader Environment load took 357.4ns 
393753     INFO  main            d.u.i.k.p.i.AbstractProblemLoader Creating init config 
396162     DEBUG main            d.u.i.k.p.i.AbstractProblemLoader Init config took 2.41s 
396177     INFO  main            d.u.i.k.p.i.AbstractProblemLoader Replaying proof polishFlagSort.key.proof 
396554     DEBUG main            d.u.i.k.p.i.IntermediateProofReplayer Proof replay took 368.66ms 
396557     DEBUG main            d.u.i.k.p.r.p.TestFile    ... success: reloaded. 
396558     INFO  main            d.u.i.k.p.r.p.TestFile    Now processing file /home/runner/work/key/key/key.core/../key.ui/examples/standard_key/java_dl/postConditionTaclets1.key 
396558     INFO  main            d.u.i.k.p.i.AbstractProblemLoader Loading environment from /home/runner/work/key/key/key.core/../key.ui/examples/standard_key/java_dl/postConditionTaclets1.key 
396558     DEBUG main            d.u.i.k.p.i.AbstractProblemLoader Environment load took 158.6ns 
396559     INFO  main            d.u.i.k.p.i.AbstractProblemLoader Creating init config 
398918     DEBUG main            d.u.i.k.p.i.AbstractProblemLoader Init config took 2.36s 
398932     INFO  main            d.u.i.k.p.i.AbstractProblemLoader Replaying proof postConditionTaclets1.key 
398934     DEBUG main            d.u.i.k.p.i.IntermediateProofReplayer Proof replay took 7.3ns 
399035     INFO  main            d.u.i.k.p.r.p.TestFile    ... finished proof: closed. 
399511     INFO  main            d.u.i.k.p.i.AbstractProblemLoader Loading environment from /home/runner/work/key/key/key.core/../key.ui/examples/standard_key/java_dl/postConditionTaclets1.key.proof 
399512     DEBUG main            d.u.i.k.p.i.AbstractProblemLoader Environment load took 98ns 
399512     INFO  main            d.u.i.k.p.i.AbstractProblemLoader Creating init config 
401819     DEBUG main            d.u.i.k.p.i.AbstractProblemLoader Init config took 2.31s 
401833     INFO  main            d.u.i.k.p.i.AbstractProblemLoader Replaying proof postConditionTaclets1.key.proof 
401835     DEBUG main            d.u.i.k.p.i.IntermediateProofReplayer Proof replay took 486.91ns 
401835     DEBUG main            d.u.i.k.p.r.p.TestFile    ... success: reloaded. 
401836     INFO  main            d.u.i.k.p.r.p.TestFile    Now processing file /home/runner/work/key/key/key.core/../key.ui/examples/standard_key/java_dl/postConditionTaclets2.key 
401836     INFO  main            d.u.i.k.p.i.AbstractProblemLoader Loading environment from /home/runner/work/key/key/key.core/../key.ui/examples/standard_key/java_dl/postConditionTaclets2.key 
401836     DEBUG main            d.u.i.k.p.i.AbstractProblemLoader Environment load took 83.6ns 
401837     INFO  main            d.u.i.k.p.i.AbstractProblemLoader Creating init config 
404180     DEBUG main            d.u.i.k.p.i.AbstractProblemLoader Init config took 2.34s 
404194     INFO  main            d.u.i.k.p.i.AbstractProblemLoader Replaying proof postConditionTaclets2.key 
404195     DEBUG main            d.u.i.k.p.i.IntermediateProofReplayer Proof replay took 7.9ns 
404299     INFO  main            d.u.i.k.p.r.p.TestFile    ... finished proof: closed. 
404719     INFO  main            d.u.i.k.p.i.AbstractProblemLoader Loading environment from /home/runner/work/key/key/key.core/../key.ui/examples/standard_key/java_dl/postConditionTaclets2.key.proof 
404719     DEBUG main            d.u.i.k.p.i.AbstractProblemLoader Environment load took 86ns 
404720     INFO  main            d.u.i.k.p.i.AbstractProblemLoader Creating init config 
407018     DEBUG main            d.u.i.k.p.i.AbstractProblemLoader Init config took 2.3s 
407032     INFO  main            d.u.i.k.p.i.AbstractProblemLoader Replaying proof postConditionTaclets2.key.proof 
407034     DEBUG main            d.u.i.k.p.i.IntermediateProofReplayer Proof replay took 627.61ns 
407035     DEBUG main            d.u.i.k.p.r.p.TestFile    ... success: reloaded. 
407035     INFO  main            d.u.i.k.p.r.p.TestFile    Now processing file /home/runner/work/key/key/key.core/../key.ui/examples/standard_key/java_dl/quantifiedQuery.key 
407036     INFO  main            d.u.i.k.p.i.AbstractProblemLoader Loading environment from /home/runner/work/key/key/key.core/../key.ui/examples/standard_key/java_dl/quantifiedQuery.key 
407036     DEBUG main            d.u.i.k.p.i.AbstractProblemLoader Environment load took 92.9ns 
407037     INFO  main            d.u.i.k.p.i.AbstractProblemLoader Creating init config 
409417     DEBUG main            d.u.i.k.p.i.AbstractProblemLoader Init config took 2.38s 
409431     INFO  main            d.u.i.k.p.i.AbstractProblemLoader Replaying proof quantifiedQuery.key 
409433     DEBUG main            d.u.i.k.p.i.IntermediateProofReplayer Proof replay took 6.9ns 
409535     INFO  main            d.u.i.k.p.r.p.TestFile    ... finished proof: closed. 
409949     INFO  main            d.u.i.k.p.i.AbstractProblemLoader Loading environment from /home/runner/work/key/key/key.core/../key.ui/examples/standard_key/java_dl/quantifiedQuery.key.proof 
409950     DEBUG main            d.u.i.k.p.i.AbstractProblemLoader Environment load took 88.2ns 
409951     INFO  main            d.u.i.k.p.i.AbstractProblemLoader Creating init config 
412324     DEBUG main            d.u.i.k.p.i.AbstractProblemLoader Init config took 2.37s 
412339     INFO  main            d.u.i.k.p.i.AbstractProblemLoader Replaying proof quantifiedQuery.key.proof 
412352     DEBUG main            d.u.i.k.p.i.IntermediateProofReplayer Proof replay took 11.57ms 
412353     DEBUG main            d.u.i.k.p.r.p.TestFile    ... success: reloaded. 
412354     INFO  main            d.u.i.k.p.r.p.TestFile    Now processing file /home/runner/work/key/key/key.core/../key.ui/examples/standard_key/java_dl/recursion/triangular.key 
412354     INFO  main            d.u.i.k.p.i.AbstractProblemLoader Loading environment from /home/runner/work/key/key/key.core/../key.ui/examples/standard_key/java_dl/recursion/triangular.key 
412354     DEBUG main            d.u.i.k.p.i.AbstractProblemLoader Environment load took 47.1ns 
412355     INFO  main            d.u.i.k.p.i.AbstractProblemLoader Creating init config 
414714     DEBUG main            d.u.i.k.p.i.AbstractProblemLoader Init config took 2.36s 
414766     INFO  main            d.u.i.k.p.i.AbstractProblemLoader Replaying proof Triangular[Triangular::tria(int)].JML normal_behavior operation contract.0 
414767     DEBUG main            d.u.i.k.p.i.IntermediateProofReplayer Proof replay took 6.3ns 
414969     INFO  main            d.u.i.k.p.r.p.TestFile    ... finished proof: closed. 
415437     INFO  main            d.u.i.k.p.i.AbstractProblemLoader Loading environment from /home/runner/work/key/key/key.core/../key.ui/examples/standard_key/java_dl/recursion/triangular.key.proof 
415437     DEBUG main            d.u.i.k.p.i.AbstractProblemLoader Environment load took 87.4ns 
415438     INFO  main            d.u.i.k.p.i.AbstractProblemLoader Creating init config 
417772     DEBUG main            d.u.i.k.p.i.AbstractProblemLoader Init config took 2.33s 
417804     INFO  main            d.u.i.k.p.i.AbstractProblemLoader Replaying proof Triangular[Triangular::tria(int)].JML normal_behavior operation contract.0 
417836     DEBUG main            d.u.i.k.p.i.IntermediateProofReplayer Proof replay took 30.16ms 
417837     DEBUG main            d.u.i.k.p.r.p.TestFile    ... success: reloaded. 
417837     INFO  main            d.u.i.k.p.r.p.TestFile    Now processing file /home/runner/work/key/key/key.core/../key.ui/examples/standard_key/java_dl/reverseArray.key 
417837     INFO  main            d.u.i.k.p.i.AbstractProblemLoader Loading environment from /home/runner/work/key/key/key.core/../key.ui/examples/standard_key/java_dl/reverseArray.key 
417837     DEBUG main            d.u.i.k.p.i.AbstractProblemLoader Environment load took 63.7ns 
417839     INFO  main            d.u.i.k.p.i.AbstractProblemLoader Creating init config 
417858     WARN  main            d.u.i.k.j.r.KeYCrossReferenceNameInfo Datatype java.lang.System declared twice: Once in FILE:/home/runner/work/key/key/key.core/../key.ui/examples/standard_key/java_dl/./classpath/System.java and once in URL:file:/home/runner/work/key/key/key.core/build/resources/main/de/uka/ilkd/key/java/JavaRedux/java/lang/System.java, Keeping one from URL:file:/home/runner/work/key/key/key.core/build/resources/main/de/uka/ilkd/key/java/JavaRedux/java/lang/System.java 
417859     WARN  main            d.u.i.k.j.r.KeYCrossReferenceNameInfo Datatype java.io.InputStream declared twice: Once in FILE:/home/runner/work/key/key/key.core/../key.ui/examples/standard_key/java_dl/./classpath/InputStream.java and once in URL:file:/home/runner/work/key/key/key.core/build/resources/main/de/uka/ilkd/key/java/JavaRedux/java/io/InputStream.java, Keeping one from URL:file:/home/runner/work/key/key/key.core/build/resources/main/de/uka/ilkd/key/java/JavaRedux/java/io/InputStream.java 
417859     WARN  main            d.u.i.k.j.r.KeYCrossReferenceNameInfo Datatype java.io.PrintStream declared twice: Once in FILE:/home/runner/work/key/key/key.core/../key.ui/examples/standard_key/java_dl/./classpath/PrintStream.java and once in URL:file:/home/runner/work/key/key/key.core/build/resources/main/de/uka/ilkd/key/java/JavaRedux/java/io/PrintStream.java, Keeping one from URL:file:/home/runner/work/key/key/key.core/build/resources/main/de/uka/ilkd/key/java/JavaRedux/java/io/PrintStream.java 
417861     DEBUG main            d.u.i.k.j.r.ClassFileDeclarationBuilder Parsing: package java.io; public class Closeable { } 
417861     DEBUG main            r.s.KeYCrossReferenceSourceInfo Dynamically created class: java.io.Closeable 
420392     DEBUG main            d.u.i.k.p.i.AbstractProblemLoader Init config took 2.55s 
420407     INFO  main            d.u.i.k.p.i.AbstractProblemLoader Replaying proof reverseArray.key 
420408     DEBUG main            d.u.i.k.p.i.IntermediateProofReplayer Proof replay took 7ns 
424755     INFO  main            d.u.i.k.p.r.p.TestFile    ... finished proof: closed. 
425230     INFO  main            d.u.i.k.p.i.AbstractProblemLoader Loading environment from /home/runner/work/key/key/key.core/../key.ui/examples/standard_key/java_dl/reverseArray.key.proof 
425230     DEBUG main            d.u.i.k.p.i.AbstractProblemLoader Environment load took 98.4ns 
425232     INFO  main            d.u.i.k.p.i.AbstractProblemLoader Creating init config 
425257     WARN  main            d.u.i.k.j.r.KeYCrossReferenceNameInfo Datatype java.lang.System declared twice: Once in FILE:/home/runner/work/key/key/key.core/../key.ui/examples/standard_key/java_dl/classpath/System.java and once in URL:file:/home/runner/work/key/key/key.core/build/resources/main/de/uka/ilkd/key/java/JavaRedux/java/lang/System.java, Keeping one from URL:file:/home/runner/work/key/key/key.core/build/resources/main/de/uka/ilkd/key/java/JavaRedux/java/lang/System.java 
425258     WARN  main            d.u.i.k.j.r.KeYCrossReferenceNameInfo Datatype java.io.InputStream declared twice: Once in FILE:/home/runner/work/key/key/key.core/../key.ui/examples/standard_key/java_dl/classpath/InputStream.java and once in URL:file:/home/runner/work/key/key/key.core/build/resources/main/de/uka/ilkd/key/java/JavaRedux/java/io/InputStream.java, Keeping one from URL:file:/home/runner/work/key/key/key.core/build/resources/main/de/uka/ilkd/key/java/JavaRedux/java/io/InputStream.java 
425258     WARN  main            d.u.i.k.j.r.KeYCrossReferenceNameInfo Datatype java.io.PrintStream declared twice: Once in FILE:/home/runner/work/key/key/key.core/../key.ui/examples/standard_key/java_dl/classpath/PrintStream.java and once in URL:file:/home/runner/work/key/key/key.core/build/resources/main/de/uka/ilkd/key/java/JavaRedux/java/io/PrintStream.java, Keeping one from URL:file:/home/runner/work/key/key/key.core/build/resources/main/de/uka/ilkd/key/java/JavaRedux/java/io/PrintStream.java 
425261     DEBUG main            d.u.i.k.j.r.ClassFileDeclarationBuilder Parsing: package java.io; public class Closeable { } 
425261     DEBUG main            r.s.KeYCrossReferenceSourceInfo Dynamically created class: java.io.Closeable 
427645     DEBUG main            d.u.i.k.p.i.AbstractProblemLoader Init config took 2.41s 
427661     INFO  main            d.u.i.k.p.i.AbstractProblemLoader Replaying proof reverseArray.key.proof 
428311     DEBUG main            d.u.i.k.p.i.IntermediateProofReplayer Proof replay took 640.69ms 
428313     DEBUG main            d.u.i.k.p.r.p.TestFile    ... success: reloaded. 
428314     INFO  main            d.u.i.k.p.r.p.TestFile    Now processing file /home/runner/work/key/key/key.core/../key.ui/examples/standard_key/java_dl/reverseArray2.key 
428314     INFO  main            d.u.i.k.p.i.AbstractProblemLoader Loading environment from /home/runner/work/key/key/key.core/../key.ui/examples/standard_key/java_dl/reverseArray2.key 
428314     DEBUG main            d.u.i.k.p.i.AbstractProblemLoader Environment load took 80.7ns 
428316     INFO  main            d.u.i.k.p.i.AbstractProblemLoader Creating init config 
428335     WARN  main            d.u.i.k.j.r.KeYCrossReferenceNameInfo Datatype java.lang.System declared twice: Once in FILE:/home/runner/work/key/key/key.core/../key.ui/examples/standard_key/java_dl/classpath/System.java and once in URL:file:/home/runner/work/key/key/key.core/build/resources/main/de/uka/ilkd/key/java/JavaRedux/java/lang/System.java, Keeping one from URL:file:/home/runner/work/key/key/key.core/build/resources/main/de/uka/ilkd/key/java/JavaRedux/java/lang/System.java 
428336     WARN  main            d.u.i.k.j.r.KeYCrossReferenceNameInfo Datatype java.io.InputStream declared twice: Once in FILE:/home/runner/work/key/key/key.core/../key.ui/examples/standard_key/java_dl/classpath/InputStream.java and once in URL:file:/home/runner/work/key/key/key.core/build/resources/main/de/uka/ilkd/key/java/JavaRedux/java/io/InputStream.java, Keeping one from URL:file:/home/runner/work/key/key/key.core/build/resources/main/de/uka/ilkd/key/java/JavaRedux/java/io/InputStream.java 
428336     WARN  main            d.u.i.k.j.r.KeYCrossReferenceNameInfo Datatype java.io.PrintStream declared twice: Once in FILE:/home/runner/work/key/key/key.core/../key.ui/examples/standard_key/java_dl/classpath/PrintStream.java and once in URL:file:/home/runner/work/key/key/key.core/build/resources/main/de/uka/ilkd/key/java/JavaRedux/java/io/PrintStream.java, Keeping one from URL:file:/home/runner/work/key/key/key.core/build/resources/main/de/uka/ilkd/key/java/JavaRedux/java/io/PrintStream.java 
428338     DEBUG main            d.u.i.k.j.r.ClassFileDeclarationBuilder Parsing: package java.io; public class Closeable { } 
428338     DEBUG main            r.s.KeYCrossReferenceSourceInfo Dynamically created class: java.io.Closeable 
430816     DEBUG main            d.u.i.k.p.i.AbstractProblemLoader Init config took 2.5s 
430831     INFO  main            d.u.i.k.p.i.AbstractProblemLoader Replaying proof reverseArray2.key 
430832     DEBUG main            d.u.i.k.p.i.IntermediateProofReplayer Proof replay took 39.2ns 
432238     INFO  main            d.u.i.k.p.r.p.TestFile    ... finished proof: closed. 
432777     INFO  main            d.u.i.k.p.i.AbstractProblemLoader Loading environment from /home/runner/work/key/key/key.core/../key.ui/examples/standard_key/java_dl/reverseArray2.key.proof 
432777     DEBUG main            d.u.i.k.p.i.AbstractProblemLoader Environment load took 332.9ns 
432779     INFO  main            d.u.i.k.p.i.AbstractProblemLoader Creating init config 
432798     WARN  main            d.u.i.k.j.r.KeYCrossReferenceNameInfo Datatype java.lang.System declared twice: Once in FILE:/home/runner/work/key/key/key.core/../key.ui/examples/standard_key/java_dl/classpath/System.java and once in URL:file:/home/runner/work/key/key/key.core/build/resources/main/de/uka/ilkd/key/java/JavaRedux/java/lang/System.java, Keeping one from URL:file:/home/runner/work/key/key/key.core/build/resources/main/de/uka/ilkd/key/java/JavaRedux/java/lang/System.java 
432799     WARN  main            d.u.i.k.j.r.KeYCrossReferenceNameInfo Datatype java.io.InputStream declared twice: Once in FILE:/home/runner/work/key/key/key.core/../key.ui/examples/standard_key/java_dl/classpath/InputStream.java and once in URL:file:/home/runner/work/key/key/key.core/build/resources/main/de/uka/ilkd/key/java/JavaRedux/java/io/InputStream.java, Keeping one from URL:file:/home/runner/work/key/key/key.core/build/resources/main/de/uka/ilkd/key/java/JavaRedux/java/io/InputStream.java 
432799     WARN  main            d.u.i.k.j.r.KeYCrossReferenceNameInfo Datatype java.io.PrintStream declared twice: Once in FILE:/home/runner/work/key/key/key.core/../key.ui/examples/standard_key/java_dl/classpath/PrintStream.java and once in URL:file:/home/runner/work/key/key/key.core/build/resources/main/de/uka/ilkd/key/java/JavaRedux/java/io/PrintStream.java, Keeping one from URL:file:/home/runner/work/key/key/key.core/build/resources/main/de/uka/ilkd/key/java/JavaRedux/java/io/PrintStream.java 
432802     DEBUG main            d.u.i.k.j.r.ClassFileDeclarationBuilder Parsing: package java.io; public class Closeable { } 
432802     DEBUG main            r.s.KeYCrossReferenceSourceInfo Dynamically created class: java.io.Closeable 
435184     DEBUG main            d.u.i.k.p.i.AbstractProblemLoader Init config took 2.4s 
435199     INFO  main            d.u.i.k.p.i.AbstractProblemLoader Replaying proof reverseArray2.key.proof 
435419     DEBUG main            d.u.i.k.p.i.IntermediateProofReplayer Proof replay took 216ms 
435420     DEBUG main            d.u.i.k.p.r.p.TestFile    ... success: reloaded. 
435421     INFO  main            d.u.i.k.p.r.p.TestFile    Now processing file /home/runner/work/key/key/key.core/../key.ui/examples/standard_key/java_dl/simpleAssignment.key 
435421     INFO  main            d.u.i.k.p.i.AbstractProblemLoader Loading environment from /home/runner/work/key/key/key.core/../key.ui/examples/standard_key/java_dl/simpleAssignment.key 
435421     DEBUG main            d.u.i.k.p.i.AbstractProblemLoader Environment load took 49.3ns 
435422     INFO  main            d.u.i.k.p.i.AbstractProblemLoader Creating init config 
437742     DEBUG main            d.u.i.k.p.i.AbstractProblemLoader Init config took 2.32s 
437756     INFO  main            d.u.i.k.p.i.AbstractProblemLoader Replaying proof simpleAssignment.key 
437757     DEBUG main            d.u.i.k.p.i.IntermediateProofReplayer Proof replay took 2.9ns 
437858     INFO  main            d.u.i.k.p.r.p.TestFile    ... finished proof: closed. 
438355     INFO  main            d.u.i.k.p.i.AbstractProblemLoader Loading environment from /home/runner/work/key/key/key.core/../key.ui/examples/standard_key/java_dl/simpleAssignment.key.proof 
438356     DEBUG main            d.u.i.k.p.i.AbstractProblemLoader Environment load took 82.6ns 
438356     INFO  main            d.u.i.k.p.i.AbstractProblemLoader Creating init config 
440639     DEBUG main            d.u.i.k.p.i.AbstractProblemLoader Init config took 2.28s 
440653     INFO  main            d.u.i.k.p.i.AbstractProblemLoader Replaying proof simpleAssignment.key.proof 
440656     DEBUG main            d.u.i.k.p.i.IntermediateProofReplayer Proof replay took 625.71ns 
440656     DEBUG main            d.u.i.k.p.r.p.TestFile    ... success: reloaded. 
440657     INFO  main            d.u.i.k.p.r.p.TestFile    Now processing file /home/runner/work/key/key/key.core/../key.ui/examples/standard_key/java_dl/simpleAssignment2.key 
440657     INFO  main            d.u.i.k.p.i.AbstractProblemLoader Loading environment from /home/runner/work/key/key/key.core/../key.ui/examples/standard_key/java_dl/simpleAssignment2.key 
440657     DEBUG main            d.u.i.k.p.i.AbstractProblemLoader Environment load took 46ns 
440657     INFO  main            d.u.i.k.p.i.AbstractProblemLoader Creating init config 
442970     DEBUG main            d.u.i.k.p.i.AbstractProblemLoader Init config took 2.31s 
442984     INFO  main            d.u.i.k.p.i.AbstractProblemLoader Replaying proof simpleAssignment2.key 
442986     DEBUG main            d.u.i.k.p.i.IntermediateProofReplayer Proof replay took 2.6ns 
443087     INFO  main            d.u.i.k.p.r.p.TestFile    ... finished proof: closed. 
443548     INFO  main            d.u.i.k.p.i.AbstractProblemLoader Loading environment from /home/runner/work/key/key/key.core/../key.ui/examples/standard_key/java_dl/simpleAssignment2.key.proof 
443548     DEBUG main            d.u.i.k.p.i.AbstractProblemLoader Environment load took 77.1ns 
443548     INFO  main            d.u.i.k.p.i.AbstractProblemLoader Creating init config 
445816     DEBUG main            d.u.i.k.p.i.AbstractProblemLoader Init config took 2.27s 
445829     INFO  main            d.u.i.k.p.i.AbstractProblemLoader Replaying proof simpleAssignment2.key.proof 
445831     DEBUG main            d.u.i.k.p.i.IntermediateProofReplayer Proof replay took 356.3ns 
445832     DEBUG main            d.u.i.k.p.r.p.TestFile    ... success: reloaded. 
445832     INFO  main            d.u.i.k.p.r.p.TestFile    Now processing file /home/runner/work/key/key/key.core/../key.ui/examples/standard_key/java_dl/splittingWithQueries.key 
445832     INFO  main            d.u.i.k.p.i.AbstractProblemLoader Loading environment from /home/runner/work/key/key/key.core/../key.ui/examples/standard_key/java_dl/splittingWithQueries.key 
445832     DEBUG main            d.u.i.k.p.i.AbstractProblemLoader Environment load took 55.6ns 
445833     INFO  main            d.u.i.k.p.i.AbstractProblemLoader Creating init config 
448188     DEBUG main            d.u.i.k.p.i.AbstractProblemLoader Init config took 2.35s 
448201     INFO  main            d.u.i.k.p.i.AbstractProblemLoader Replaying proof splittingWithQueries.key 
448202     DEBUG main            d.u.i.k.p.i.IntermediateProofReplayer Proof replay took 2.6ns 
448304     INFO  main            d.u.i.k.p.r.p.TestFile    ... finished proof: closed. 
448793     INFO  main            d.u.i.k.p.i.AbstractProblemLoader Loading environment from /home/runner/work/key/key/key.core/../key.ui/examples/standard_key/java_dl/splittingWithQueries.key.proof 
448793     DEBUG main            d.u.i.k.p.i.AbstractProblemLoader Environment load took 84.7ns 
448794     INFO  main            d.u.i.k.p.i.AbstractProblemLoader Creating init config 
451123     DEBUG main            d.u.i.k.p.i.AbstractProblemLoader Init config took 2.33s 
451135     INFO  main            d.u.i.k.p.i.AbstractProblemLoader Replaying proof splittingWithQueries.key.proof 
451138     DEBUG main            d.u.i.k.p.i.IntermediateProofReplayer Proof replay took 1.53ms 
451139     DEBUG main            d.u.i.k.p.r.p.TestFile    ... success: reloaded. 
451140     INFO  main            d.u.i.k.p.r.p.TestFile    Now processing file /home/runner/work/key/key/key.core/../key.ui/examples/standard_key/java_dl/strassen/strassen.key 
451140     INFO  main            d.u.i.k.p.i.AbstractProblemLoader Loading environment from /home/runner/work/key/key/key.core/../key.ui/examples/standard_key/java_dl/strassen/strassen.key 
451140     DEBUG main            d.u.i.k.p.i.AbstractProblemLoader Environment load took 72.7ns 
451141     INFO  main            d.u.i.k.p.i.AbstractProblemLoader Creating init config 
453616     DEBUG main            d.u.i.k.p.i.AbstractProblemLoader Init config took 2.48s 
453650     INFO  main            d.u.i.k.p.i.AbstractProblemLoader Replaying proof Matrix22[Matrix22::strassen(Matrix22,Matrix22)].JML normal_behavior operation contract.0 
453652     DEBUG main            d.u.i.k.p.i.IntermediateProofReplayer Proof replay took 3.6ns 
458468     INFO  main            d.u.i.k.p.r.p.TestFile    ... finished proof: closed. 
459093     INFO  main            d.u.i.k.p.i.AbstractProblemLoader Loading environment from /home/runner/work/key/key/key.core/../key.ui/examples/standard_key/java_dl/strassen/strassen.key.proof 
459093     DEBUG main            d.u.i.k.p.i.AbstractProblemLoader Environment load took 158.4ns 
459095     INFO  main            d.u.i.k.p.i.AbstractProblemLoader Creating init config 
461521     DEBUG main            d.u.i.k.p.i.AbstractProblemLoader Init config took 2.43s 
461556     INFO  main            d.u.i.k.p.i.AbstractProblemLoader Replaying proof Matrix22[Matrix22::strassen(Matrix22,Matrix22)].JML normal_behavior operation contract.0 
462288     DEBUG main            d.u.i.k.p.i.IntermediateProofReplayer Proof replay took 723.82ms 
462290     DEBUG main            d.u.i.k.p.r.p.TestFile    ... success: reloaded. 
462291     INFO  main            d.u.i.k.p.r.p.TestFile    Now processing file /home/runner/work/key/key/key.core/../key.ui/examples/standard_key/java_dl/symmArray.key 
462291     INFO  main            d.u.i.k.p.i.AbstractProblemLoader Loading environment from /home/runner/work/key/key/key.core/../key.ui/examples/standard_key/java_dl/symmArray.key 
462291     DEBUG main            d.u.i.k.p.i.AbstractProblemLoader Environment load took 75.4ns 
462294     INFO  main            d.u.i.k.p.i.AbstractProblemLoader Creating init config 
464781     DEBUG main            d.u.i.k.p.i.AbstractProblemLoader Init config took 2.49s 
464796     INFO  main            d.u.i.k.p.i.AbstractProblemLoader Replaying proof symmArray.key 
464798     DEBUG main            d.u.i.k.p.i.IntermediateProofReplayer Proof replay took 3.1ns 
562759     INFO  main            d.u.i.k.p.r.p.TestFile    ... finished proof: closed. 
563352     INFO  main            d.u.i.k.p.i.AbstractProblemLoader Loading environment from /home/runner/work/key/key/key.core/../key.ui/examples/standard_key/java_dl/symmArray.key.proof 
563352     DEBUG main            d.u.i.k.p.i.AbstractProblemLoader Environment load took 368.01ns 
563358     INFO  main            d.u.i.k.p.i.AbstractProblemLoader Creating init config 
565766     DEBUG main            d.u.i.k.p.i.AbstractProblemLoader Init config took 2.41s 
565782     INFO  main            d.u.i.k.p.i.AbstractProblemLoader Replaying proof symmArray.key.proof 
566870     DEBUG main            d.u.i.k.p.i.IntermediateProofReplayer Proof replay took 1.02s 
566875     DEBUG main            d.u.i.k.p.r.p.TestFile    ... success: reloaded. 
566876     INFO  main            d.u.i.k.p.r.p.TestFile    Now processing file /home/runner/work/key/key/key.core/../key.ui/examples/standard_key/java_dl/testcontext.key 
566876     INFO  main            d.u.i.k.p.i.AbstractProblemLoader Loading environment from /home/runner/work/key/key/key.core/../key.ui/examples/standard_key/java_dl/testcontext.key 
566876     DEBUG main            d.u.i.k.p.i.AbstractProblemLoader Environment load took 49.9ns 
566877     INFO  main            d.u.i.k.p.i.AbstractProblemLoader Creating init config 
566896     WARN  main            d.u.i.k.j.r.KeYCrossReferenceNameInfo Datatype java.lang.System declared twice: Once in FILE:/home/runner/work/key/key/key.core/../key.ui/examples/standard_key/java_dl/classpath/System.java and once in URL:file:/home/runner/work/key/key/key.core/build/resources/main/de/uka/ilkd/key/java/JavaRedux/java/lang/System.java, Keeping one from URL:file:/home/runner/work/key/key/key.core/build/resources/main/de/uka/ilkd/key/java/JavaRedux/java/lang/System.java 
566896     WARN  main            d.u.i.k.j.r.KeYCrossReferenceNameInfo Datatype java.io.InputStream declared twice: Once in FILE:/home/runner/work/key/key/key.core/../key.ui/examples/standard_key/java_dl/classpath/InputStream.java and once in URL:file:/home/runner/work/key/key/key.core/build/resources/main/de/uka/ilkd/key/java/JavaRedux/java/io/InputStream.java, Keeping one from URL:file:/home/runner/work/key/key/key.core/build/resources/main/de/uka/ilkd/key/java/JavaRedux/java/io/InputStream.java 
566896     WARN  main            d.u.i.k.j.r.KeYCrossReferenceNameInfo Datatype java.io.PrintStream declared twice: Once in FILE:/home/runner/work/key/key/key.core/../key.ui/examples/standard_key/java_dl/classpath/PrintStream.java and once in URL:file:/home/runner/work/key/key/key.core/build/resources/main/de/uka/ilkd/key/java/JavaRedux/java/io/PrintStream.java, Keeping one from URL:file:/home/runner/work/key/key/key.core/build/resources/main/de/uka/ilkd/key/java/JavaRedux/java/io/PrintStream.java 
566899     DEBUG main            d.u.i.k.j.r.ClassFileDeclarationBuilder Parsing: package java.io; public class Closeable { } 
566899     DEBUG main            r.s.KeYCrossReferenceSourceInfo Dynamically created class: java.io.Closeable 
569335     DEBUG main            d.u.i.k.p.i.AbstractProblemLoader Init config took 2.46s 
569349     INFO  main            d.u.i.k.p.i.AbstractProblemLoader Replaying proof testcontext.key 
569350     DEBUG main            d.u.i.k.p.i.IntermediateProofReplayer Proof replay took 2.6ns 
569689     INFO  main            d.u.i.k.p.r.p.TestFile    ... finished proof: closed. 
570279     INFO  main            d.u.i.k.p.i.AbstractProblemLoader Loading environment from /home/runner/work/key/key/key.core/../key.ui/examples/standard_key/java_dl/testcontext.key.proof 
570279     DEBUG main            d.u.i.k.p.i.AbstractProblemLoader Environment load took 85.5ns 
570280     INFO  main            d.u.i.k.p.i.AbstractProblemLoader Creating init config 
570301     WARN  main            d.u.i.k.j.r.KeYCrossReferenceNameInfo Datatype java.lang.System declared twice: Once in FILE:/home/runner/work/key/key/key.core/../key.ui/examples/standard_key/java_dl/classpath/System.java and once in URL:file:/home/runner/work/key/key/key.core/build/resources/main/de/uka/ilkd/key/java/JavaRedux/java/lang/System.java, Keeping one from URL:file:/home/runner/work/key/key/key.core/build/resources/main/de/uka/ilkd/key/java/JavaRedux/java/lang/System.java 
570301     WARN  main            d.u.i.k.j.r.KeYCrossReferenceNameInfo Datatype java.io.InputStream declared twice: Once in FILE:/home/runner/work/key/key/key.core/../key.ui/examples/standard_key/java_dl/classpath/InputStream.java and once in URL:file:/home/runner/work/key/key/key.core/build/resources/main/de/uka/ilkd/key/java/JavaRedux/java/io/InputStream.java, Keeping one from URL:file:/home/runner/work/key/key/key.core/build/resources/main/de/uka/ilkd/key/java/JavaRedux/java/io/InputStream.java 
570301     WARN  main            d.u.i.k.j.r.KeYCrossReferenceNameInfo Datatype java.io.PrintStream declared twice: Once in FILE:/home/runner/work/key/key/key.core/../key.ui/examples/standard_key/java_dl/classpath/PrintStream.java and once in URL:file:/home/runner/work/key/key/key.core/build/resources/main/de/uka/ilkd/key/java/JavaRedux/java/io/PrintStream.java, Keeping one from URL:file:/home/runner/work/key/key/key.core/build/resources/main/de/uka/ilkd/key/java/JavaRedux/java/io/PrintStream.java 
570304     DEBUG main            d.u.i.k.j.r.ClassFileDeclarationBuilder Parsing: package java.io; public class Closeable { } 
570305     DEBUG main            r.s.KeYCrossReferenceSourceInfo Dynamically created class: java.io.Closeable 
572636     DEBUG main            d.u.i.k.p.i.AbstractProblemLoader Init config took 2.36s 
572650     INFO  main            d.u.i.k.p.i.AbstractProblemLoader Replaying proof testcontext.key.proof 
572706     DEBUG main            d.u.i.k.p.i.IntermediateProofReplayer Proof replay took 52.91ms 
572708     DEBUG main            d.u.i.k.p.r.p.TestFile    ... success: reloaded. 
572708     INFO  main            d.u.i.k.p.r.p.TestFile    Now processing file /home/runner/work/key/key/key.core/../key.ui/examples/standard_key/staticInitialisation/cascadeStaticInitialisation.key 
572708     INFO  main            d.u.i.k.p.i.AbstractProblemLoader Loading environment from /home/runner/work/key/key/key.core/../key.ui/examples/standard_key/staticInitialisation/cascadeStaticInitialisation.key 
572708     DEBUG main            d.u.i.k.p.i.AbstractProblemLoader Environment load took 48.6ns 
572711     INFO  main            d.u.i.k.p.i.AbstractProblemLoader Creating init config 
572729     WARN  main            d.u.i.k.j.r.KeYCrossReferenceNameInfo Datatype java.lang.System declared twice: Once in FILE:/home/runner/work/key/key/key.core/../key.ui/examples/standard_key/staticInitialisation/classpath/System.java and once in URL:file:/home/runner/work/key/key/key.core/build/resources/main/de/uka/ilkd/key/java/JavaRedux/java/lang/System.java, Keeping one from URL:file:/home/runner/work/key/key/key.core/build/resources/main/de/uka/ilkd/key/java/JavaRedux/java/lang/System.java 
572729     WARN  main            d.u.i.k.j.r.KeYCrossReferenceNameInfo Datatype java.io.PrintStream declared twice: Once in FILE:/home/runner/work/key/key/key.core/../key.ui/examples/standard_key/staticInitialisation/classpath/PrintStream.java and once in URL:file:/home/runner/work/key/key/key.core/build/resources/main/de/uka/ilkd/key/java/JavaRedux/java/io/PrintStream.java, Keeping one from URL:file:/home/runner/work/key/key/key.core/build/resources/main/de/uka/ilkd/key/java/JavaRedux/java/io/PrintStream.java 
575168     DEBUG main            d.u.i.k.p.i.AbstractProblemLoader Init config took 2.46s 
575183     INFO  main            d.u.i.k.p.i.AbstractProblemLoader Replaying proof cascadeStaticInitialisation.key 
575184     DEBUG main            d.u.i.k.p.i.IntermediateProofReplayer Proof replay took 2.5ns 
575924     INFO  main            d.u.i.k.p.r.p.TestFile    ... finished proof: closed. 
576447     INFO  main            d.u.i.k.p.i.AbstractProblemLoader Loading environment from /home/runner/work/key/key/key.core/../key.ui/examples/standard_key/staticInitialisation/cascadeStaticInitialisation.key.proof 
576447     DEBUG main            d.u.i.k.p.i.AbstractProblemLoader Environment load took 98ns 
576449     INFO  main            d.u.i.k.p.i.AbstractProblemLoader Creating init config 
576469     WARN  main            d.u.i.k.j.r.KeYCrossReferenceNameInfo Datatype java.lang.System declared twice: Once in FILE:/home/runner/work/key/key/key.core/../key.ui/examples/standard_key/staticInitialisation/classpath/System.java and once in URL:file:/home/runner/work/key/key/key.core/build/resources/main/de/uka/ilkd/key/java/JavaRedux/java/lang/System.java, Keeping one from URL:file:/home/runner/work/key/key/key.core/build/resources/main/de/uka/ilkd/key/java/JavaRedux/java/lang/System.java 
576469     WARN  main            d.u.i.k.j.r.KeYCrossReferenceNameInfo Datatype java.io.PrintStream declared twice: Once in FILE:/home/runner/work/key/key/key.core/../key.ui/examples/standard_key/staticInitialisation/classpath/PrintStream.java and once in URL:file:/home/runner/work/key/key/key.core/build/resources/main/de/uka/ilkd/key/java/JavaRedux/java/io/PrintStream.java, Keeping one from URL:file:/home/runner/work/key/key/key.core/build/resources/main/de/uka/ilkd/key/java/JavaRedux/java/io/PrintStream.java 
578802     DEBUG main            d.u.i.k.p.i.AbstractProblemLoader Init config took 2.35s 
578816     INFO  main            d.u.i.k.p.i.AbstractProblemLoader Replaying proof cascadeStaticInitialisation.key.proof 
578960     DEBUG main            d.u.i.k.p.i.IntermediateProofReplayer Proof replay took 141.18ms 
578962     DEBUG main            d.u.i.k.p.r.p.TestFile    ... success: reloaded. 
578962     INFO  main            d.u.i.k.p.r.p.TestFile    Now processing file /home/runner/work/key/key/key.core/../key.ui/examples/standard_key/staticInitialisation/erroneousClassImpliesErroneousSubclass.key 
578962     INFO  main            d.u.i.k.p.i.AbstractProblemLoader Loading environment from /home/runner/work/key/key/key.core/../key.ui/examples/standard_key/staticInitialisation/erroneousClassImpliesErroneousSubclass.key 
578963     DEBUG main            d.u.i.k.p.i.AbstractProblemLoader Environment load took 78ns 
578963     INFO  main            d.u.i.k.p.i.AbstractProblemLoader Creating init config 
578982     WARN  main            d.u.i.k.j.r.KeYCrossReferenceNameInfo Datatype java.lang.System declared twice: Once in FILE:/home/runner/work/key/key/key.core/../key.ui/examples/standard_key/staticInitialisation/classpath/System.java and once in URL:file:/home/runner/work/key/key/key.core/build/resources/main/de/uka/ilkd/key/java/JavaRedux/java/lang/System.java, Keeping one from URL:file:/home/runner/work/key/key/key.core/build/resources/main/de/uka/ilkd/key/java/JavaRedux/java/lang/System.java 
578982     WARN  main            d.u.i.k.j.r.KeYCrossReferenceNameInfo Datatype java.io.PrintStream declared twice: Once in FILE:/home/runner/work/key/key/key.core/../key.ui/examples/standard_key/staticInitialisation/classpath/PrintStream.java and once in URL:file:/home/runner/work/key/key/key.core/build/resources/main/de/uka/ilkd/key/java/JavaRedux/java/io/PrintStream.java, Keeping one from URL:file:/home/runner/work/key/key/key.core/build/resources/main/de/uka/ilkd/key/java/JavaRedux/java/io/PrintStream.java 
581342     DEBUG main            d.u.i.k.p.i.AbstractProblemLoader Init config took 2.38s 
581355     INFO  main            d.u.i.k.p.i.AbstractProblemLoader Replaying proof erroneousClassImpliesErroneousSubclass.key 
581356     DEBUG main            d.u.i.k.p.i.IntermediateProofReplayer Proof replay took 3.7ns 
581457     INFO  main            d.u.i.k.p.r.p.TestFile    ... finished proof: closed. 
581985     INFO  main            d.u.i.k.p.i.AbstractProblemLoader Loading environment from /home/runner/work/key/key/key.core/../key.ui/examples/standard_key/staticInitialisation/erroneousClassImpliesErroneousSubclass.key.proof 
581985     DEBUG main            d.u.i.k.p.i.AbstractProblemLoader Environment load took 81.3ns 
581986     INFO  main            d.u.i.k.p.i.AbstractProblemLoader Creating init config 
582005     WARN  main            d.u.i.k.j.r.KeYCrossReferenceNameInfo Datatype java.lang.System declared twice: Once in FILE:/home/runner/work/key/key/key.core/../key.ui/examples/standard_key/staticInitialisation/classpath/System.java and once in URL:file:/home/runner/work/key/key/key.core/build/resources/main/de/uka/ilkd/key/java/JavaRedux/java/lang/System.java, Keeping one from URL:file:/home/runner/work/key/key/key.core/build/resources/main/de/uka/ilkd/key/java/JavaRedux/java/lang/System.java 
582005     WARN  main            d.u.i.k.j.r.KeYCrossReferenceNameInfo Datatype java.io.PrintStream declared twice: Once in FILE:/home/runner/work/key/key/key.core/../key.ui/examples/standard_key/staticInitialisation/classpath/PrintStream.java and once in URL:file:/home/runner/work/key/key/key.core/build/resources/main/de/uka/ilkd/key/java/JavaRedux/java/io/PrintStream.java, Keeping one from URL:file:/home/runner/work/key/key/key.core/build/resources/main/de/uka/ilkd/key/java/JavaRedux/java/io/PrintStream.java 
584389     DEBUG main            d.u.i.k.p.i.AbstractProblemLoader Init config took 2.4s 
584402     INFO  main            d.u.i.k.p.i.AbstractProblemLoader Replaying proof erroneousClassImpliesErroneousSubclass.key.proof 
584404     DEBUG main            d.u.i.k.p.i.IntermediateProofReplayer Proof replay took 480.61ns 
584404     DEBUG main            d.u.i.k.p.r.p.TestFile    ... success: reloaded. 
584405     INFO  main            d.u.i.k.p.r.p.TestFile    Now processing file /home/runner/work/key/key/key.core/../key.ui/examples/standard_key/staticInitialisation/initializedSubclassImpliesInitializedSuperclass.key 
584405     INFO  main            d.u.i.k.p.i.AbstractProblemLoader Loading environment from /home/runner/work/key/key/key.core/../key.ui/examples/standard_key/staticInitialisation/initializedSubclassImpliesInitializedSuperclass.key 
584405     DEBUG main            d.u.i.k.p.i.AbstractProblemLoader Environment load took 58.6ns 
584406     INFO  main            d.u.i.k.p.i.AbstractProblemLoader Creating init config 
584424     WARN  main            d.u.i.k.j.r.KeYCrossReferenceNameInfo Datatype java.lang.System declared twice: Once in FILE:/home/runner/work/key/key/key.core/../key.ui/examples/standard_key/staticInitialisation/classpath/System.java and once in URL:file:/home/runner/work/key/key/key.core/build/resources/main/de/uka/ilkd/key/java/JavaRedux/java/lang/System.java, Keeping one from URL:file:/home/runner/work/key/key/key.core/build/resources/main/de/uka/ilkd/key/java/JavaRedux/java/lang/System.java 
584424     WARN  main            d.u.i.k.j.r.KeYCrossReferenceNameInfo Datatype java.io.PrintStream declared twice: Once in FILE:/home/runner/work/key/key/key.core/../key.ui/examples/standard_key/staticInitialisation/classpath/PrintStream.java and once in URL:file:/home/runner/work/key/key/key.core/build/resources/main/de/uka/ilkd/key/java/JavaRedux/java/io/PrintStream.java, Keeping one from URL:file:/home/runner/work/key/key/key.core/build/resources/main/de/uka/ilkd/key/java/JavaRedux/java/io/PrintStream.java 
586772     DEBUG main            d.u.i.k.p.i.AbstractProblemLoader Init config took 2.37s 
586785     INFO  main            d.u.i.k.p.i.AbstractProblemLoader Replaying proof initializedSubclassImpliesInitializedSuperclass.key 
586786     DEBUG main            d.u.i.k.p.i.IntermediateProofReplayer Proof replay took 2.5ns 
586887     INFO  main            d.u.i.k.p.r.p.TestFile    ... finished proof: closed. 
587396     INFO  main            d.u.i.k.p.i.AbstractProblemLoader Loading environment from /home/runner/work/key/key/key.core/../key.ui/examples/standard_key/staticInitialisation/initializedSubclassImpliesInitializedSuperclass.key.proof 
587396     DEBUG main            d.u.i.k.p.i.AbstractProblemLoader Environment load took 75.3ns 
587397     INFO  main            d.u.i.k.p.i.AbstractProblemLoader Creating init config 
587416     WARN  main            d.u.i.k.j.r.KeYCrossReferenceNameInfo Datatype java.lang.System declared twice: Once in FILE:/home/runner/work/key/key/key.core/../key.ui/examples/standard_key/staticInitialisation/classpath/System.java and once in URL:file:/home/runner/work/key/key/key.core/build/resources/main/de/uka/ilkd/key/java/JavaRedux/java/lang/System.java, Keeping one from URL:file:/home/runner/work/key/key/key.core/build/resources/main/de/uka/ilkd/key/java/JavaRedux/java/lang/System.java 
587416     WARN  main            d.u.i.k.j.r.KeYCrossReferenceNameInfo Datatype java.io.PrintStream declared twice: Once in FILE:/home/runner/work/key/key/key.core/../key.ui/examples/standard_key/staticInitialisation/classpath/PrintStream.java and once in URL:file:/home/runner/work/key/key/key.core/build/resources/main/de/uka/ilkd/key/java/JavaRedux/java/io/PrintStream.java, Keeping one from URL:file:/home/runner/work/key/key/key.core/build/resources/main/de/uka/ilkd/key/java/JavaRedux/java/io/PrintStream.java 
589726     DEBUG main            d.u.i.k.p.i.AbstractProblemLoader Init config took 2.33s 
589739     INFO  main            d.u.i.k.p.i.AbstractProblemLoader Replaying proof initializedSubclassImpliesInitializedSuperclass.key.proof 
589741     DEBUG main            d.u.i.k.p.i.IntermediateProofReplayer Proof replay took 407.91ns 
589742     DEBUG main            d.u.i.k.p.r.p.TestFile    ... success: reloaded. 
589742     INFO  main            d.u.i.k.p.r.p.TestFile    Now processing file /home/runner/work/key/key/key.core/../key.ui/examples/standard_key/staticInitialisation/localDeclared.key 
589743     INFO  main            d.u.i.k.p.i.AbstractProblemLoader Loading environment from /home/runner/work/key/key/key.core/../key.ui/examples/standard_key/staticInitialisation/localDeclared.key 
589743     DEBUG main            d.u.i.k.p.i.AbstractProblemLoader Environment load took 68.4ns 
589744     INFO  main            d.u.i.k.p.i.AbstractProblemLoader Creating init config 
589762     WARN  main            d.u.i.k.j.r.KeYCrossReferenceNameInfo Datatype java.lang.System declared twice: Once in FILE:/home/runner/work/key/key/key.core/../key.ui/examples/standard_key/staticInitialisation/classpath/System.java and once in URL:file:/home/runner/work/key/key/key.core/build/resources/main/de/uka/ilkd/key/java/JavaRedux/java/lang/System.java, Keeping one from URL:file:/home/runner/work/key/key/key.core/build/resources/main/de/uka/ilkd/key/java/JavaRedux/java/lang/System.java 
589762     WARN  main            d.u.i.k.j.r.KeYCrossReferenceNameInfo Datatype java.io.PrintStream declared twice: Once in FILE:/home/runner/work/key/key/key.core/../key.ui/examples/standard_key/staticInitialisation/classpath/PrintStream.java and once in URL:file:/home/runner/work/key/key/key.core/build/resources/main/de/uka/ilkd/key/java/JavaRedux/java/io/PrintStream.java, Keeping one from URL:file:/home/runner/work/key/key/key.core/build/resources/main/de/uka/ilkd/key/java/JavaRedux/java/io/PrintStream.java 
592087     DEBUG main            d.u.i.k.p.i.AbstractProblemLoader Init config took 2.34s 
592101     INFO  main            d.u.i.k.p.i.AbstractProblemLoader Replaying proof localDeclared.key 
592102     DEBUG main            d.u.i.k.p.i.IntermediateProofReplayer Proof replay took 2.4ns 
592414     INFO  main            d.u.i.k.p.r.p.TestFile    ... finished proof: closed. 
592922     INFO  main            d.u.i.k.p.i.AbstractProblemLoader Loading environment from /home/runner/work/key/key/key.core/../key.ui/examples/standard_key/staticInitialisation/localDeclared.key.proof 
592922     DEBUG main            d.u.i.k.p.i.AbstractProblemLoader Environment load took 90.2ns 
592923     INFO  main            d.u.i.k.p.i.AbstractProblemLoader Creating init config 
592942     WARN  main            d.u.i.k.j.r.KeYCrossReferenceNameInfo Datatype java.lang.System declared twice: Once in FILE:/home/runner/work/key/key/key.core/../key.ui/examples/standard_key/staticInitialisation/classpath/System.java and once in URL:file:/home/runner/work/key/key/key.core/build/resources/main/de/uka/ilkd/key/java/JavaRedux/java/lang/System.java, Keeping one from URL:file:/home/runner/work/key/key/key.core/build/resources/main/de/uka/ilkd/key/java/JavaRedux/java/lang/System.java 
592942     WARN  main            d.u.i.k.j.r.KeYCrossReferenceNameInfo Datatype java.io.PrintStream declared twice: Once in FILE:/home/runner/work/key/key/key.core/../key.ui/examples/standard_key/staticInitialisation/classpath/PrintStream.java and once in URL:file:/home/runner/work/key/key/key.core/build/resources/main/de/uka/ilkd/key/java/JavaRedux/java/io/PrintStream.java, Keeping one from URL:file:/home/runner/work/key/key/key.core/build/resources/main/de/uka/ilkd/key/java/JavaRedux/java/io/PrintStream.java 
595266     DEBUG main            d.u.i.k.p.i.AbstractProblemLoader Init config took 2.34s 
595280     INFO  main            d.u.i.k.p.i.AbstractProblemLoader Replaying proof localDeclared.key.proof 
595336     DEBUG main            d.u.i.k.p.i.IntermediateProofReplayer Proof replay took 54.36ms 
595338     DEBUG main            d.u.i.k.p.r.p.TestFile    ... success: reloaded. 
595338     INFO  main            d.u.i.k.p.r.p.TestFile    Now processing file /home/runner/work/key/key/key.core/../key.ui/examples/standard_key/staticInitialisation/localDeclaredMethod.key 
595339     INFO  main            d.u.i.k.p.i.AbstractProblemLoader Loading environment from /home/runner/work/key/key/key.core/../key.ui/examples/standard_key/staticInitialisation/localDeclaredMethod.key 
595339     DEBUG main            d.u.i.k.p.i.AbstractProblemLoader Environment load took 100ns 
595340     INFO  main            d.u.i.k.p.i.AbstractProblemLoader Creating init config 
595359     WARN  main            d.u.i.k.j.r.KeYCrossReferenceNameInfo Datatype java.lang.System declared twice: Once in FILE:/home/runner/work/key/key/key.core/../key.ui/examples/standard_key/staticInitialisation/classpath/System.java and once in URL:file:/home/runner/work/key/key/key.core/build/resources/main/de/uka/ilkd/key/java/JavaRedux/java/lang/System.java, Keeping one from URL:file:/home/runner/work/key/key/key.core/build/resources/main/de/uka/ilkd/key/java/JavaRedux/java/lang/System.java 
595359     WARN  main            d.u.i.k.j.r.KeYCrossReferenceNameInfo Datatype java.io.PrintStream declared twice: Once in FILE:/home/runner/work/key/key/key.core/../key.ui/examples/standard_key/staticInitialisation/classpath/PrintStream.java and once in URL:file:/home/runner/work/key/key/key.core/build/resources/main/de/uka/ilkd/key/java/JavaRedux/java/io/PrintStream.java, Keeping one from URL:file:/home/runner/work/key/key/key.core/build/resources/main/de/uka/ilkd/key/java/JavaRedux/java/io/PrintStream.java 
597701     DEBUG main            d.u.i.k.p.i.AbstractProblemLoader Init config took 2.36s 
597715     INFO  main            d.u.i.k.p.i.AbstractProblemLoader Replaying proof localDeclaredMethod.key 
597717     DEBUG main            d.u.i.k.p.i.IntermediateProofReplayer Proof replay took 2.8ns 
598020     INFO  main            d.u.i.k.p.r.p.TestFile    ... finished proof: closed. 
598541     INFO  main            d.u.i.k.p.i.AbstractProblemLoader Loading environment from /home/runner/work/key/key/key.core/../key.ui/examples/standard_key/staticInitialisation/localDeclaredMethod.key.proof 
598541     DEBUG main            d.u.i.k.p.i.AbstractProblemLoader Environment load took 86.1ns 
598542     INFO  main            d.u.i.k.p.i.AbstractProblemLoader Creating init config 
598561     WARN  main            d.u.i.k.j.r.KeYCrossReferenceNameInfo Datatype java.lang.System declared twice: Once in FILE:/home/runner/work/key/key/key.core/../key.ui/examples/standard_key/staticInitialisation/classpath/System.java and once in URL:file:/home/runner/work/key/key/key.core/build/resources/main/de/uka/ilkd/key/java/JavaRedux/java/lang/System.java, Keeping one from URL:file:/home/runner/work/key/key/key.core/build/resources/main/de/uka/ilkd/key/java/JavaRedux/java/lang/System.java 
598561     WARN  main            d.u.i.k.j.r.KeYCrossReferenceNameInfo Datatype java.io.PrintStream declared twice: Once in FILE:/home/runner/work/key/key/key.core/../key.ui/examples/standard_key/staticInitialisation/classpath/PrintStream.java and once in URL:file:/home/runner/work/key/key/key.core/build/resources/main/de/uka/ilkd/key/java/JavaRedux/java/io/PrintStream.java, Keeping one from URL:file:/home/runner/work/key/key/key.core/build/resources/main/de/uka/ilkd/key/java/JavaRedux/java/io/PrintStream.java 
600876     DEBUG main            d.u.i.k.p.i.AbstractProblemLoader Init config took 2.33s 
600890     INFO  main            d.u.i.k.p.i.AbstractProblemLoader Replaying proof localDeclaredMethod.key.proof 
600941     DEBUG main            d.u.i.k.p.i.IntermediateProofReplayer Proof replay took 49.38ms 
600942     DEBUG main            d.u.i.k.p.r.p.TestFile    ... success: reloaded. 
600943     INFO  main            d.u.i.k.p.r.p.TestFile    Now processing file /home/runner/work/key/key/key.core/../key.ui/examples/standard_key/staticInitialisation/objectOfErroneousClass.key 
600944     INFO  main            d.u.i.k.p.i.AbstractProblemLoader Loading environment from /home/runner/work/key/key/key.core/../key.ui/examples/standard_key/staticInitialisation/objectOfErroneousClass.key 
600944     DEBUG main            d.u.i.k.p.i.AbstractProblemLoader Environment load took 89.1ns 
600945     INFO  main            d.u.i.k.p.i.AbstractProblemLoader Creating init config 
600965     WARN  main            d.u.i.k.j.r.KeYCrossReferenceNameInfo Datatype java.lang.System declared twice: Once in FILE:/home/runner/work/key/key/key.core/../key.ui/examples/standard_key/staticInitialisation/classpath/System.java and once in URL:file:/home/runner/work/key/key/key.core/build/resources/main/de/uka/ilkd/key/java/JavaRedux/java/lang/System.java, Keeping one from URL:file:/home/runner/work/key/key/key.core/build/resources/main/de/uka/ilkd/key/java/JavaRedux/java/lang/System.java 
600965     WARN  main            d.u.i.k.j.r.KeYCrossReferenceNameInfo Datatype java.io.PrintStream declared twice: Once in FILE:/home/runner/work/key/key/key.core/../key.ui/examples/standard_key/staticInitialisation/classpath/PrintStream.java and once in URL:file:/home/runner/work/key/key/key.core/build/resources/main/de/uka/ilkd/key/java/JavaRedux/java/io/PrintStream.java, Keeping one from URL:file:/home/runner/work/key/key/key.core/build/resources/main/de/uka/ilkd/key/java/JavaRedux/java/io/PrintStream.java 
603335     DEBUG main            d.u.i.k.p.i.AbstractProblemLoader Init config took 2.39s 
603350     INFO  main            d.u.i.k.p.i.AbstractProblemLoader Replaying proof objectOfErroneousClass.key 
603353     DEBUG main            d.u.i.k.p.i.IntermediateProofReplayer Proof replay took 3ns 
616388     INFO  main            d.u.i.k.p.r.p.TestFile    ... finished proof: closed. 
616992     INFO  main            d.u.i.k.p.i.AbstractProblemLoader Loading environment from /home/runner/work/key/key/key.core/../key.ui/examples/standard_key/staticInitialisation/objectOfErroneousClass.key.proof 
616992     DEBUG main            d.u.i.k.p.i.AbstractProblemLoader Environment load took 289.61ns 
616996     INFO  main            d.u.i.k.p.i.AbstractProblemLoader Creating init config 
617015     WARN  main            d.u.i.k.j.r.KeYCrossReferenceNameInfo Datatype java.lang.System declared twice: Once in FILE:/home/runner/work/key/key/key.core/../key.ui/examples/standard_key/staticInitialisation/classpath/System.java and once in URL:file:/home/runner/work/key/key/key.core/build/resources/main/de/uka/ilkd/key/java/JavaRedux/java/lang/System.java, Keeping one from URL:file:/home/runner/work/key/key/key.core/build/resources/main/de/uka/ilkd/key/java/JavaRedux/java/lang/System.java 
617016     WARN  main            d.u.i.k.j.r.KeYCrossReferenceNameInfo Datatype java.io.PrintStream declared twice: Once in FILE:/home/runner/work/key/key/key.core/../key.ui/examples/standard_key/staticInitialisation/classpath/PrintStream.java and once in URL:file:/home/runner/work/key/key/key.core/build/resources/main/de/uka/ilkd/key/java/JavaRedux/java/io/PrintStream.java, Keeping one from URL:file:/home/runner/work/key/key/key.core/build/resources/main/de/uka/ilkd/key/java/JavaRedux/java/io/PrintStream.java 
619340     DEBUG main            d.u.i.k.p.i.AbstractProblemLoader Init config took 2.34s 
619354     INFO  main            d.u.i.k.p.i.AbstractProblemLoader Replaying proof objectOfErroneousClass.key.proof 
621474     DEBUG main            d.u.i.k.p.i.IntermediateProofReplayer Proof replay took 2.1s 
621478     DEBUG main            d.u.i.k.p.r.p.TestFile    ... success: reloaded. 
621479     INFO  main            d.u.i.k.p.r.p.TestFile    Now processing file /home/runner/work/key/key/key.core/../key.ui/examples/standard_key/staticInitialisation/staticInitialisersAreNonSimple.key 
621479     INFO  main            d.u.i.k.p.i.AbstractProblemLoader Loading environment from /home/runner/work/key/key/key.core/../key.ui/examples/standard_key/staticInitialisation/staticInitialisersAreNonSimple.key 
621479     DEBUG main            d.u.i.k.p.i.AbstractProblemLoader Environment load took 59.5ns 
621482     INFO  main            d.u.i.k.p.i.AbstractProblemLoader Creating init config 
621501     WARN  main            d.u.i.k.j.r.KeYCrossReferenceNameInfo Datatype java.lang.System declared twice: Once in FILE:/home/runner/work/key/key/key.core/../key.ui/examples/standard_key/staticInitialisation/classpath/System.java and once in URL:file:/home/runner/work/key/key/key.core/build/resources/main/de/uka/ilkd/key/java/JavaRedux/java/lang/System.java, Keeping one from URL:file:/home/runner/work/key/key/key.core/build/resources/main/de/uka/ilkd/key/java/JavaRedux/java/lang/System.java 
621501     WARN  main            d.u.i.k.j.r.KeYCrossReferenceNameInfo Datatype java.io.PrintStream declared twice: Once in FILE:/home/runner/work/key/key/key.core/../key.ui/examples/standard_key/staticInitialisation/classpath/PrintStream.java and once in URL:file:/home/runner/work/key/key/key.core/build/resources/main/de/uka/ilkd/key/java/JavaRedux/java/io/PrintStream.java, Keeping one from URL:file:/home/runner/work/key/key/key.core/build/resources/main/de/uka/ilkd/key/java/JavaRedux/java/io/PrintStream.java 
623960     DEBUG main            d.u.i.k.p.i.AbstractProblemLoader Init config took 2.48s 
623974     INFO  main            d.u.i.k.p.i.AbstractProblemLoader Replaying proof staticInitialisersAreNonSimple.key 
623975     DEBUG main            d.u.i.k.p.i.IntermediateProofReplayer Proof replay took 2.9ns 
624284     INFO  main            d.u.i.k.p.r.p.TestFile    ... finished proof: closed. 
624903     INFO  main            d.u.i.k.p.i.AbstractProblemLoader Loading environment from /home/runner/work/key/key/key.core/../key.ui/examples/standard_key/staticInitialisation/staticInitialisersAreNonSimple.key.proof 
624903     DEBUG main            d.u.i.k.p.i.AbstractProblemLoader Environment load took 79.8ns 
624904     INFO  main            d.u.i.k.p.i.AbstractProblemLoader Creating init config 
624923     WARN  main            d.u.i.k.j.r.KeYCrossReferenceNameInfo Datatype java.lang.System declared twice: Once in FILE:/home/runner/work/key/key/key.core/../key.ui/examples/standard_key/staticInitialisation/classpath/System.java and once in URL:file:/home/runner/work/key/key/key.core/build/resources/main/de/uka/ilkd/key/java/JavaRedux/java/lang/System.java, Keeping one from URL:file:/home/runner/work/key/key/key.core/build/resources/main/de/uka/ilkd/key/java/JavaRedux/java/lang/System.java 
624923     WARN  main            d.u.i.k.j.r.KeYCrossReferenceNameInfo Datatype java.io.PrintStream declared twice: Once in FILE:/home/runner/work/key/key/key.core/../key.ui/examples/standard_key/staticInitialisation/classpath/PrintStream.java and once in URL:file:/home/runner/work/key/key/key.core/build/resources/main/de/uka/ilkd/key/java/JavaRedux/java/io/PrintStream.java, Keeping one from URL:file:/home/runner/work/key/key/key.core/build/resources/main/de/uka/ilkd/key/java/JavaRedux/java/io/PrintStream.java 
627295     DEBUG main            d.u.i.k.p.i.AbstractProblemLoader Init config took 2.39s 
627309     INFO  main            d.u.i.k.p.i.AbstractProblemLoader Replaying proof staticInitialisersAreNonSimple.key.proof 
627395     DEBUG main            d.u.i.k.p.i.IntermediateProofReplayer Proof replay took 84.27ms 
627397     DEBUG main            d.u.i.k.p.r.p.TestFile    ... success: reloaded. 
627397     INFO  main            d.u.i.k.p.r.p.TestFile    Now processing file /home/runner/work/key/key/key.core/../key.ui/examples/standard_key/types/disjoint.key 
627398     INFO  main            d.u.i.k.p.i.AbstractProblemLoader Loading environment from /home/runner/work/key/key/key.core/../key.ui/examples/standard_key/types/disjoint.key 
627398     DEBUG main            d.u.i.k.p.i.AbstractProblemLoader Environment load took 59.8ns 
627399     INFO  main            d.u.i.k.p.i.AbstractProblemLoader Creating init config 
629687     DEBUG main            d.u.i.k.p.i.AbstractProblemLoader Init config took 2.29s 
629699     INFO  main            d.u.i.k.p.i.AbstractProblemLoader Replaying proof disjoint.key 
629700     DEBUG main            d.u.i.k.p.i.IntermediateProofReplayer Proof replay took 3.1ns 
629802     INFO  main            d.u.i.k.p.r.p.TestFile    ... finished proof: closed. 
630343     INFO  main            d.u.i.k.p.i.AbstractProblemLoader Loading environment from /home/runner/work/key/key/key.core/../key.ui/examples/standard_key/types/disjoint.key.proof 
630344     DEBUG main            d.u.i.k.p.i.AbstractProblemLoader Environment load took 83.3ns 
630344     INFO  main            d.u.i.k.p.i.AbstractProblemLoader Creating init config 
632604     DEBUG main            d.u.i.k.p.i.AbstractProblemLoader Init config took 2.26s 
632616     INFO  main            d.u.i.k.p.i.AbstractProblemLoader Replaying proof disjoint.key.proof 
632619     DEBUG main            d.u.i.k.p.i.IntermediateProofReplayer Proof replay took 484.41ns 
632619     DEBUG main            d.u.i.k.p.r.p.TestFile    ... success: reloaded. 
632620     INFO  main            d.u.i.k.p.r.p.TestFile    Now processing file /home/runner/work/key/key/key.core/../key.ui/examples/../../key.core/src/test/resources/testcase/classpath/classpath.key 
632620     INFO  main            d.u.i.k.p.i.AbstractProblemLoader Loading environment from /home/runner/work/key/key/key.core/../key.ui/examples/../../key.core/src/test/resources/testcase/classpath/classpath.key 
632620     DEBUG main            d.u.i.k.p.i.AbstractProblemLoader Environment load took 101ns 
632621     INFO  main            d.u.i.k.p.i.AbstractProblemLoader Creating init config 
632641     WARN  main            d.u.i.k.j.r.KeYCrossReferenceNameInfo Datatype cp.C declared twice: Once in FILE:/home/runner/work/key/key/key.core/../key.ui/examples/../../key.core/src/test/resources/testcase/classpath/classpath/C.class and once in FILE:/home/runner/work/key/key/key.core/../key.ui/examples/../../key.core/src/test/resources/testcase/classpath/classpath/C.jml, Keeping one from FILE:/home/runner/work/key/key/key.core/../key.ui/examples/../../key.core/src/test/resources/testcase/classpath/classpath/C.jml 
632644     DEBUG main            d.u.i.k.j.r.ClassFileDeclarationBuilder Parsing: package cp; public class Unresolved1 { } 
632644     DEBUG main            r.s.KeYCrossReferenceSourceInfo Dynamically created class: cp.Unresolved1 
632644     DEBUG main            d.u.i.k.j.r.ClassFileDeclarationBuilder Parsing: package cp; public class Unresolved2 { } 
632644     DEBUG main            r.s.KeYCrossReferenceSourceInfo Dynamically created class: cp.Unresolved2 
635062     DEBUG main            d.u.i.k.p.i.AbstractProblemLoader Init config took 2.44s 
635078     INFO  main            d.u.i.k.p.i.AbstractProblemLoader Replaying proof classpath.key 
635080     DEBUG main            d.u.i.k.p.i.IntermediateProofReplayer Proof replay took 2.5ns 
635184     INFO  main            d.u.i.k.p.r.p.TestFile    ... finished proof: closed. 
635727     INFO  main            d.u.i.k.p.i.AbstractProblemLoader Loading environment from /home/runner/work/key/key/key.core/../key.ui/examples/../../key.core/src/test/resources/testcase/classpath/classpath.key.proof 
635728     DEBUG main            d.u.i.k.p.i.AbstractProblemLoader Environment load took 91.3ns 
635728     INFO  main            d.u.i.k.p.i.AbstractProblemLoader Creating init config 
635757     WARN  main            d.u.i.k.j.r.KeYCrossReferenceNameInfo Datatype cp.C declared twice: Once in FILE:/home/runner/work/key/key/key.core/../key.ui/examples/../../key.core/src/test/resources/testcase/classpath/classpath/C.class and once in FILE:/home/runner/work/key/key/key.core/../key.ui/examples/../../key.core/src/test/resources/testcase/classpath/classpath/C.jml, Keeping one from FILE:/home/runner/work/key/key/key.core/../key.ui/examples/../../key.core/src/test/resources/testcase/classpath/classpath/C.jml 
635770     DEBUG main            d.u.i.k.j.r.ClassFileDeclarationBuilder Parsing: package cp; public class Unresolved1 { } 
635770     DEBUG main            r.s.KeYCrossReferenceSourceInfo Dynamically created class: cp.Unresolved1 
635771     DEBUG main            d.u.i.k.j.r.ClassFileDeclarationBuilder Parsing: package cp; public class Unresolved2 { } 
635773     DEBUG main            r.s.KeYCrossReferenceSourceInfo Dynamically created class: cp.Unresolved2 
638158     DEBUG main            d.u.i.k.p.i.AbstractProblemLoader Init config took 2.43s 
638172     INFO  main            d.u.i.k.p.i.AbstractProblemLoader Replaying proof classpath.key.proof 
638174     DEBUG main            d.u.i.k.p.i.IntermediateProofReplayer Proof replay took 501.21ns 
638175     DEBUG main            d.u.i.k.p.r.p.TestFile    ... success: reloaded. 
638175     INFO  main            d.u.i.k.p.r.p.TestFile    Now processing file /home/runner/work/key/key/key.core/../key.ui/examples/heap/inconsistent_represents/MyClass_m.key 
638175     INFO  main            d.u.i.k.p.i.AbstractProblemLoader Loading environment from /home/runner/work/key/key/key.core/../key.ui/examples/heap/inconsistent_represents/MyClass_m.key 
638176     DEBUG main            d.u.i.k.p.i.AbstractProblemLoader Environment load took 43.9ns 
638176     INFO  main            d.u.i.k.p.i.AbstractProblemLoader Creating init config 
640577     DEBUG main            d.u.i.k.p.i.AbstractProblemLoader Init config took 2.4s 
640612     INFO  main            d.u.i.k.p.i.AbstractProblemLoader Replaying proof MyClass[MyClass::m()].JML operation contract.0 
640613     DEBUG main            d.u.i.k.p.i.IntermediateProofReplayer Proof replay took 3ns 
640715     INFO  main            d.u.i.k.p.r.p.TestFile    ... finished proof: open goal(s) 
641307     INFO  main            d.u.i.k.p.r.p.TestFile    Now processing file /home/runner/work/key/key/key.core/../key.ui/examples/heap/inconsistent_represents/MyClass_n.key 
641308     INFO  main            d.u.i.k.p.i.AbstractProblemLoader Loading environment from /home/runner/work/key/key/key.core/../key.ui/examples/heap/inconsistent_represents/MyClass_n.key 
641308     DEBUG main            d.u.i.k.p.i.AbstractProblemLoader Environment load took 42.8ns 
641308     INFO  main            d.u.i.k.p.i.AbstractProblemLoader Creating init config 
643641     DEBUG main            d.u.i.k.p.i.AbstractProblemLoader Init config took 2.33s 
643674     INFO  main            d.u.i.k.p.i.AbstractProblemLoader Replaying proof MyClass[MyClass::n()].JML operation contract.0 
643676     DEBUG main            d.u.i.k.p.i.IntermediateProofReplayer Proof replay took 3.1ns 
643778     INFO  main            d.u.i.k.p.r.p.TestFile    ... finished proof: open goal(s) 
3602108    INFO  Test worker     d.u.i.k.p.r.RunAllProofsTestUnit Returning from test javadl 
3602115    INFO  Test worker     d.u.i.k.p.r.RunAllProofsTestUnit Running test FOL 
378        INFO  Timeout watchdog d.u.i.k.p.r.p.ForkedTestFileRunner Timeout watcher launched (2000 secs.) 
399        WARN  main            d.u.i.k.s.ProofSettings   The settings in /home/runner/.key/proof-settings.props are *not* read. 
448        INFO  main            d.u.i.k.p.r.p.TestFile    Now processing file /home/runner/work/key/key/key.core/../key.ui/examples/standard_key/pred_log/count.key 
568        INFO  main            d.u.i.k.p.i.AbstractProblemLoader Loading environment from /home/runner/work/key/key/key.core/../key.ui/examples/standard_key/pred_log/count.key 
584        DEBUG main            d.u.i.k.p.i.AbstractProblemLoader Environment load took 1.87ms 
820        INFO  main            d.u.i.k.p.i.AbstractProblemLoader Creating init config 
1647       DEBUG main            d.u.i.k.j.TypeConverter   No LDT found for Meta 
1648       DEBUG main            d.u.i.k.j.TypeConverter   No LDT found for Meta 
1650       DEBUG main            d.u.i.k.j.TypeConverter   No LDT found for Meta 
1651       DEBUG main            d.u.i.k.j.TypeConverter   No LDT found for Meta 
3063       DEBUG main            d.u.i.k.j.TypeConverter   No LDT found for JavaBigintExpression 
7693       DEBUG main            d.u.i.k.p.i.AbstractProblemLoader Init config took 6.87s 
7751       INFO  main            d.u.i.k.p.i.AbstractProblemLoader Replaying proof count.key 
7783       DEBUG main            d.u.i.k.p.i.IntermediateProofReplayer Proof replay took 32.6ns 
7950       INFO  main            d.u.i.k.p.r.p.TestFile    ... finished proof: closed. 
8086       INFO  main            d.u.i.k.p.i.AbstractProblemLoader Loading environment from /home/runner/work/key/key/key.core/../key.ui/examples/standard_key/pred_log/count.key.proof 
8087       DEBUG main            d.u.i.k.p.i.AbstractProblemLoader Environment load took 1.31ms 
8092       INFO  main            d.u.i.k.p.i.AbstractProblemLoader Creating init config 
10739      DEBUG main            d.u.i.k.p.i.AbstractProblemLoader Init config took 2.65s 
10766      INFO  main            d.u.i.k.p.i.AbstractProblemLoader Replaying proof count.key.proof 
10782      DEBUG main            d.u.i.k.p.i.IntermediateProofReplayer Proof replay took 11.26ms 
10793      DEBUG main            d.u.i.k.p.r.p.TestFile    ... success: reloaded. 
10794      INFO  main            d.u.i.k.p.r.p.TestFile    Now processing file /home/runner/work/key/key/key.core/../key.ui/examples/standard_key/pred_log/count2.key 
10795      INFO  main            d.u.i.k.p.i.AbstractProblemLoader Loading environment from /home/runner/work/key/key/key.core/../key.ui/examples/standard_key/pred_log/count2.key 
10795      DEBUG main            d.u.i.k.p.i.AbstractProblemLoader Environment load took 198.5ns 
10796      INFO  main            d.u.i.k.p.i.AbstractProblemLoader Creating init config 
13322      DEBUG main            d.u.i.k.p.i.AbstractProblemLoader Init config took 2.53s 
13357      INFO  main            d.u.i.k.p.i.AbstractProblemLoader Replaying proof count2.key 
13367      DEBUG main            d.u.i.k.p.i.IntermediateProofReplayer Proof replay took 7ns 
13473      INFO  main            d.u.i.k.p.r.p.TestFile    ... finished proof: closed. 
13617      INFO  main            d.u.i.k.p.i.AbstractProblemLoader Loading environment from /home/runner/work/key/key/key.core/../key.ui/examples/standard_key/pred_log/count2.key.proof 
13617      DEBUG main            d.u.i.k.p.i.AbstractProblemLoader Environment load took 197.2ns 
13619      INFO  main            d.u.i.k.p.i.AbstractProblemLoader Creating init config 
16124      DEBUG main            d.u.i.k.p.i.AbstractProblemLoader Init config took 2.51s 
16147      INFO  main            d.u.i.k.p.i.AbstractProblemLoader Replaying proof count2.key.proof 
16153      DEBUG main            d.u.i.k.p.i.IntermediateProofReplayer Proof replay took 3.64ms 
16154      DEBUG main            d.u.i.k.p.r.p.TestFile    ... success: reloaded. 
16155      INFO  main            d.u.i.k.p.r.p.TestFile    Now processing file /home/runner/work/key/key/key.core/../key.ui/examples/standard_key/pred_log/count3.key 
16156      INFO  main            d.u.i.k.p.i.AbstractProblemLoader Loading environment from /home/runner/work/key/key/key.core/../key.ui/examples/standard_key/pred_log/count3.key 
16156      DEBUG main            d.u.i.k.p.i.AbstractProblemLoader Environment load took 185ns 
16157      INFO  main            d.u.i.k.p.i.AbstractProblemLoader Creating init config 
18678      DEBUG main            d.u.i.k.p.i.AbstractProblemLoader Init config took 2.52s 
18699      INFO  main            d.u.i.k.p.i.AbstractProblemLoader Replaying proof count3.key 
18701      DEBUG main            d.u.i.k.p.i.IntermediateProofReplayer Proof replay took 6.3ns 
18803      INFO  main            d.u.i.k.p.r.p.TestFile    ... finished proof: closed. 
18930      INFO  main            d.u.i.k.p.i.AbstractProblemLoader Loading environment from /home/runner/work/key/key/key.core/../key.ui/examples/standard_key/pred_log/count3.key.proof 
18930      DEBUG main            d.u.i.k.p.i.AbstractProblemLoader Environment load took 149.9ns 
18932      INFO  main            d.u.i.k.p.i.AbstractProblemLoader Creating init config 
21358      DEBUG main            d.u.i.k.p.i.AbstractProblemLoader Init config took 2.43s 
21383      INFO  main            d.u.i.k.p.i.AbstractProblemLoader Replaying proof count3.key.proof 
21392      DEBUG main            d.u.i.k.p.i.IntermediateProofReplayer Proof replay took 4.41ms 
21393      DEBUG main            d.u.i.k.p.r.p.TestFile    ... success: reloaded. 
21395      INFO  main            d.u.i.k.p.r.p.TestFile    Now processing file /home/runner/work/key/key/key.core/../key.ui/examples/standard_key/pred_log/equalities.key 
21396      INFO  main            d.u.i.k.p.i.AbstractProblemLoader Loading environment from /home/runner/work/key/key/key.core/../key.ui/examples/standard_key/pred_log/equalities.key 
21396      DEBUG main            d.u.i.k.p.i.AbstractProblemLoader Environment load took 176.7ns 
21398      INFO  main            d.u.i.k.p.i.AbstractProblemLoader Creating init config 
23857      DEBUG main            d.u.i.k.p.i.AbstractProblemLoader Init config took 2.46s 
23877      INFO  main            d.u.i.k.p.i.AbstractProblemLoader Replaying proof equalities.key 
23879      DEBUG main            d.u.i.k.p.i.IntermediateProofReplayer Proof replay took 7.5ns 
23982      INFO  main            d.u.i.k.p.r.p.TestFile    ... finished proof: closed. 
24115      INFO  main            d.u.i.k.p.i.AbstractProblemLoader Loading environment from /home/runner/work/key/key/key.core/../key.ui/examples/standard_key/pred_log/equalities.key.proof 
24115      DEBUG main            d.u.i.k.p.i.AbstractProblemLoader Environment load took 125.2ns 
24116      INFO  main            d.u.i.k.p.i.AbstractProblemLoader Creating init config 
26526      DEBUG main            d.u.i.k.p.i.AbstractProblemLoader Init config took 2.41s 
26546      INFO  main            d.u.i.k.p.i.AbstractProblemLoader Replaying proof equalities.key.proof 
26550      DEBUG main            d.u.i.k.p.i.IntermediateProofReplayer Proof replay took 1.81ms 
26550      DEBUG main            d.u.i.k.p.r.p.TestFile    ... success: reloaded. 
26551      INFO  main            d.u.i.k.p.r.p.TestFile    Now processing file /home/runner/work/key/key/key.core/../key.ui/examples/standard_key/pred_log/equalities2.key 
26551      INFO  main            d.u.i.k.p.i.AbstractProblemLoader Loading environment from /home/runner/work/key/key/key.core/../key.ui/examples/standard_key/pred_log/equalities2.key 
26551      DEBUG main            d.u.i.k.p.i.AbstractProblemLoader Environment load took 98.9ns 
26553      INFO  main            d.u.i.k.p.i.AbstractProblemLoader Creating init config 
28953      DEBUG main            d.u.i.k.p.i.AbstractProblemLoader Init config took 2.4s 
28972      INFO  main            d.u.i.k.p.i.AbstractProblemLoader Replaying proof equalities2.key 
28973      DEBUG main            d.u.i.k.p.i.IntermediateProofReplayer Proof replay took 7.3ns 
29078      INFO  main            d.u.i.k.p.r.p.TestFile    ... finished proof: closed. 
29221      INFO  main            d.u.i.k.p.i.AbstractProblemLoader Loading environment from /home/runner/work/key/key/key.core/../key.ui/examples/standard_key/pred_log/equalities2.key.proof 
29221      DEBUG main            d.u.i.k.p.i.AbstractProblemLoader Environment load took 129ns 
29222      INFO  main            d.u.i.k.p.i.AbstractProblemLoader Creating init config 
31606      DEBUG main            d.u.i.k.p.i.AbstractProblemLoader Init config took 2.38s 
31625      INFO  main            d.u.i.k.p.i.AbstractProblemLoader Replaying proof equalities2.key.proof 
31631      DEBUG main            d.u.i.k.p.i.IntermediateProofReplayer Proof replay took 4.23ms 
31633      DEBUG main            d.u.i.k.p.r.p.TestFile    ... success: reloaded. 
31634      INFO  main            d.u.i.k.p.r.p.TestFile    Now processing file /home/runner/work/key/key/key.core/../key.ui/examples/standard_key/pred_log/equalities3.key 
31634      INFO  main            d.u.i.k.p.i.AbstractProblemLoader Loading environment from /home/runner/work/key/key/key.core/../key.ui/examples/standard_key/pred_log/equalities3.key 
31634      DEBUG main            d.u.i.k.p.i.AbstractProblemLoader Environment load took 181.5ns 
31636      INFO  main            d.u.i.k.p.i.AbstractProblemLoader Creating init config 
34042      DEBUG main            d.u.i.k.p.i.AbstractProblemLoader Init config took 2.41s 
34061      INFO  main            d.u.i.k.p.i.AbstractProblemLoader Replaying proof equalities3.key 
34063      DEBUG main            d.u.i.k.p.i.IntermediateProofReplayer Proof replay took 7.5ns 
34165      INFO  main            d.u.i.k.p.r.p.TestFile    ... finished proof: closed. 
34318      INFO  main            d.u.i.k.p.i.AbstractProblemLoader Loading environment from /home/runner/work/key/key/key.core/../key.ui/examples/standard_key/pred_log/equalities3.key.proof 
34318      DEBUG main            d.u.i.k.p.i.AbstractProblemLoader Environment load took 128.9ns 
34319      INFO  main            d.u.i.k.p.i.AbstractProblemLoader Creating init config 
36694      DEBUG main            d.u.i.k.p.i.AbstractProblemLoader Init config took 2.37s 
36711      INFO  main            d.u.i.k.p.i.AbstractProblemLoader Replaying proof equalities3.key.proof 
36726      DEBUG main            d.u.i.k.p.i.IntermediateProofReplayer Proof replay took 13.15ms 
36727      DEBUG main            d.u.i.k.p.r.p.TestFile    ... success: reloaded. 
36728      INFO  main            d.u.i.k.p.r.p.TestFile    Now processing file /home/runner/work/key/key/key.core/../key.ui/examples/standard_key/pred_log/functions.key 
36729      INFO  main            d.u.i.k.p.i.AbstractProblemLoader Loading environment from /home/runner/work/key/key/key.core/../key.ui/examples/standard_key/pred_log/functions.key 
36729      DEBUG main            d.u.i.k.p.i.AbstractProblemLoader Environment load took 97.4ns 
36730      INFO  main            d.u.i.k.p.i.AbstractProblemLoader Creating init config 
39144      DEBUG main            d.u.i.k.p.i.AbstractProblemLoader Init config took 2.41s 
39160      INFO  main            d.u.i.k.p.i.AbstractProblemLoader Replaying proof functions.key 
39162      DEBUG main            d.u.i.k.p.i.IntermediateProofReplayer Proof replay took 6.6ns 
39270      INFO  main            d.u.i.k.p.r.p.TestFile    ... finished proof: closed. 
39421      INFO  main            d.u.i.k.p.i.AbstractProblemLoader Loading environment from /home/runner/work/key/key/key.core/../key.ui/examples/standard_key/pred_log/functions.key.proof 
39421      DEBUG main            d.u.i.k.p.i.AbstractProblemLoader Environment load took 119.1ns 
39422      INFO  main            d.u.i.k.p.i.AbstractProblemLoader Creating init config 
41767      DEBUG main            d.u.i.k.p.i.AbstractProblemLoader Init config took 2.34s 
41787      INFO  main            d.u.i.k.p.i.AbstractProblemLoader Replaying proof functions.key.proof 
41794      DEBUG main            d.u.i.k.p.i.IntermediateProofReplayer Proof replay took 4.6ms 
41796      DEBUG main            d.u.i.k.p.r.p.TestFile    ... success: reloaded. 
41796      INFO  main            d.u.i.k.p.r.p.TestFile    Now processing file /home/runner/work/key/key/key.core/../key.ui/examples/standard_key/pred_log/mv1.key 
41797      INFO  main            d.u.i.k.p.i.AbstractProblemLoader Loading environment from /home/runner/work/key/key/key.core/../key.ui/examples/standard_key/pred_log/mv1.key 
41797      DEBUG main            d.u.i.k.p.i.AbstractProblemLoader Environment load took 238.7ns 
41798      INFO  main            d.u.i.k.p.i.AbstractProblemLoader Creating init config 
44204      DEBUG main            d.u.i.k.p.i.AbstractProblemLoader Init config took 2.41s 
44219      INFO  main            d.u.i.k.p.i.AbstractProblemLoader Replaying proof mv1.key 
44221      DEBUG main            d.u.i.k.p.i.IntermediateProofReplayer Proof replay took 6.4ns 
44323      INFO  main            d.u.i.k.p.r.p.TestFile    ... finished proof: closed. 
44522      INFO  main            d.u.i.k.p.i.AbstractProblemLoader Loading environment from /home/runner/work/key/key/key.core/../key.ui/examples/standard_key/pred_log/mv1.key.proof 
44523      DEBUG main            d.u.i.k.p.i.AbstractProblemLoader Environment load took 120.5ns 
44524      INFO  main            d.u.i.k.p.i.AbstractProblemLoader Creating init config 
46860      DEBUG main            d.u.i.k.p.i.AbstractProblemLoader Init config took 2.34s 
46875      INFO  main            d.u.i.k.p.i.AbstractProblemLoader Replaying proof mv1.key.proof 
46878      DEBUG main            d.u.i.k.p.i.IntermediateProofReplayer Proof replay took 981.3ns 
46878      DEBUG main            d.u.i.k.p.r.p.TestFile    ... success: reloaded. 
46879      INFO  main            d.u.i.k.p.r.p.TestFile    Now processing file /home/runner/work/key/key/key.core/../key.ui/examples/standard_key/pred_log/mv2.key 
46879      INFO  main            d.u.i.k.p.i.AbstractProblemLoader Loading environment from /home/runner/work/key/key/key.core/../key.ui/examples/standard_key/pred_log/mv2.key 
46879      DEBUG main            d.u.i.k.p.i.AbstractProblemLoader Environment load took 78.6ns 
46880      INFO  main            d.u.i.k.p.i.AbstractProblemLoader Creating init config 
49248      DEBUG main            d.u.i.k.p.i.AbstractProblemLoader Init config took 2.37s 
49265      INFO  main            d.u.i.k.p.i.AbstractProblemLoader Replaying proof mv2.key 
49270      DEBUG main            d.u.i.k.p.i.IntermediateProofReplayer Proof replay took 7.7ns 
49372      INFO  main            d.u.i.k.p.r.p.TestFile    ... finished proof: closed. 
49543      INFO  main            d.u.i.k.p.i.AbstractProblemLoader Loading environment from /home/runner/work/key/key/key.core/../key.ui/examples/standard_key/pred_log/mv2.key.proof 
49543      DEBUG main            d.u.i.k.p.i.AbstractProblemLoader Environment load took 131.6ns 
49544      INFO  main            d.u.i.k.p.i.AbstractProblemLoader Creating init config 
51854      DEBUG main            d.u.i.k.p.i.AbstractProblemLoader Init config took 2.31s 
51869      INFO  main            d.u.i.k.p.i.AbstractProblemLoader Replaying proof mv2.key.proof 
51872      DEBUG main            d.u.i.k.p.i.IntermediateProofReplayer Proof replay took 1.54ms 
51873      DEBUG main            d.u.i.k.p.r.p.TestFile    ... success: reloaded. 
51873      INFO  main            d.u.i.k.p.r.p.TestFile    Now processing file /home/runner/work/key/key/key.core/../key.ui/examples/standard_key/pred_log/quantifiers.key 
51874      INFO  main            d.u.i.k.p.i.AbstractProblemLoader Loading environment from /home/runner/work/key/key/key.core/../key.ui/examples/standard_key/pred_log/quantifiers.key 
51874      DEBUG main            d.u.i.k.p.i.AbstractProblemLoader Environment load took 173ns 
51875      INFO  main            d.u.i.k.p.i.AbstractProblemLoader Creating init config 
54244      DEBUG main            d.u.i.k.p.i.AbstractProblemLoader Init config took 2.37s 
54258      INFO  main            d.u.i.k.p.i.AbstractProblemLoader Replaying proof quantifiers.key 
54259      DEBUG main            d.u.i.k.p.i.IntermediateProofReplayer Proof replay took 7.3ns 
54363      INFO  main            d.u.i.k.p.r.p.TestFile    ... finished proof: closed. 
54567      INFO  main            d.u.i.k.p.i.AbstractProblemLoader Loading environment from /home/runner/work/key/key/key.core/../key.ui/examples/standard_key/pred_log/quantifiers.key.proof 
54567      DEBUG main            d.u.i.k.p.i.AbstractProblemLoader Environment load took 125.3ns 
54568      INFO  main            d.u.i.k.p.i.AbstractProblemLoader Creating init config 
56864      DEBUG main            d.u.i.k.p.i.AbstractProblemLoader Init config took 2.3s 
56879      INFO  main            d.u.i.k.p.i.AbstractProblemLoader Replaying proof quantifiers.key.proof 
56889      DEBUG main            d.u.i.k.p.i.IntermediateProofReplayer Proof replay took 6.95ms 
56890      DEBUG main            d.u.i.k.p.r.p.TestFile    ... success: reloaded. 
56891      INFO  main            d.u.i.k.p.r.p.TestFile    Now processing file /home/runner/work/key/key/key.core/../key.ui/examples/standard_key/pred_log/simpleEps.key 
56891      INFO  main            d.u.i.k.p.i.AbstractProblemLoader Loading environment from /home/runner/work/key/key/key.core/../key.ui/examples/standard_key/pred_log/simpleEps.key 
56891      DEBUG main            d.u.i.k.p.i.AbstractProblemLoader Environment load took 172.2ns 
56893      INFO  main            d.u.i.k.p.i.AbstractProblemLoader Creating init config 
59235      DEBUG main            d.u.i.k.p.i.AbstractProblemLoader Init config took 2.34s 
59249      INFO  main            d.u.i.k.p.i.AbstractProblemLoader Replaying proof simpleEps.key 
59251      DEBUG main            d.u.i.k.p.i.IntermediateProofReplayer Proof replay took 6.7ns 
59353      INFO  main            d.u.i.k.p.r.p.TestFile    ... finished proof: closed. 
59524      INFO  main            d.u.i.k.p.i.AbstractProblemLoader Loading environment from /home/runner/work/key/key/key.core/../key.ui/examples/standard_key/pred_log/simpleEps.key.proof 
59524      DEBUG main            d.u.i.k.p.i.AbstractProblemLoader Environment load took 119ns 
59525      INFO  main            d.u.i.k.p.i.AbstractProblemLoader Creating init config 
61808      DEBUG main            d.u.i.k.p.i.AbstractProblemLoader Init config took 2.28s 
61822      INFO  main            d.u.i.k.p.i.AbstractProblemLoader Replaying proof simpleEps.key.proof 
61825      DEBUG main            d.u.i.k.p.i.IntermediateProofReplayer Proof replay took 1.68ms 
61826      DEBUG main            d.u.i.k.p.r.p.TestFile    ... success: reloaded. 
61827      INFO  main            d.u.i.k.p.r.p.TestFile    Now processing file /home/runner/work/key/key/key.core/../key.ui/examples/standard_key/pred_log/steam1.key 
61827      INFO  main            d.u.i.k.p.i.AbstractProblemLoader Loading environment from /home/runner/work/key/key/key.core/../key.ui/examples/standard_key/pred_log/steam1.key 
61828      DEBUG main            d.u.i.k.p.i.AbstractProblemLoader Environment load took 173.7ns 
61830      INFO  main            d.u.i.k.p.i.AbstractProblemLoader Creating init config 
64165      DEBUG main            d.u.i.k.p.i.AbstractProblemLoader Init config took 2.34s 
64184      INFO  main            d.u.i.k.p.i.AbstractProblemLoader Replaying proof steam1.key 
64185      DEBUG main            d.u.i.k.p.i.IntermediateProofReplayer Proof replay took 7.2ns 
64596      INFO  main            d.u.i.k.p.r.p.TestFile    ... finished proof: closed. 
64813      INFO  main            d.u.i.k.p.i.AbstractProblemLoader Loading environment from /home/runner/work/key/key/key.core/../key.ui/examples/standard_key/pred_log/steam1.key.proof 
64819      DEBUG main            d.u.i.k.p.i.AbstractProblemLoader Environment load took 6.34ms 
64822      INFO  main            d.u.i.k.p.i.AbstractProblemLoader Creating init config 
67107      DEBUG main            d.u.i.k.p.i.AbstractProblemLoader Init config took 2.28s 
67127      INFO  main            d.u.i.k.p.i.AbstractProblemLoader Replaying proof steam1.key.proof 
67147      DEBUG main            d.u.i.k.p.i.IntermediateProofReplayer Proof replay took 16.83ms 
67149      DEBUG main            d.u.i.k.p.r.p.TestFile    ... success: reloaded. 
67150      INFO  main            d.u.i.k.p.r.p.TestFile    Now processing file /home/runner/work/key/key/key.core/../key.ui/examples/standard_key/pred_log/tptp/PUZ/PUZ001p1.key 
67150      INFO  main            d.u.i.k.p.i.AbstractProblemLoader Loading environment from /home/runner/work/key/key/key.core/../key.ui/examples/standard_key/pred_log/tptp/PUZ/PUZ001p1.key 
67151      DEBUG main            d.u.i.k.p.i.AbstractProblemLoader Environment load took 174.6ns 
67152      INFO  main            d.u.i.k.p.i.AbstractProblemLoader Creating init config 
69484      DEBUG main            d.u.i.k.p.i.AbstractProblemLoader Init config took 2.33s 
69502      INFO  main            d.u.i.k.p.i.AbstractProblemLoader Replaying proof PUZ001p1.key 
69504      DEBUG main            d.u.i.k.p.i.IntermediateProofReplayer Proof replay took 7ns 
72659      INFO  main            d.u.i.k.p.r.p.TestFile    ... finished proof: closed. 
72878      INFO  main            d.u.i.k.p.i.AbstractProblemLoader Loading environment from /home/runner/work/key/key/key.core/../key.ui/examples/standard_key/pred_log/tptp/PUZ/PUZ001p1.key.proof 
72878      DEBUG main            d.u.i.k.p.i.AbstractProblemLoader Environment load took 128.3ns 
72880      INFO  main            d.u.i.k.p.i.AbstractProblemLoader Creating init config 
75175      DEBUG main            d.u.i.k.p.i.AbstractProblemLoader Init config took 2.29s 
75191      INFO  main            d.u.i.k.p.i.AbstractProblemLoader Replaying proof PUZ001p1.key.proof 
75352      DEBUG main            d.u.i.k.p.i.IntermediateProofReplayer Proof replay took 151.79ms 
75354      DEBUG main            d.u.i.k.p.r.p.TestFile    ... success: reloaded. 
75355      INFO  main            d.u.i.k.p.r.p.TestFile    Now processing file /home/runner/work/key/key/key.core/../key.ui/examples/standard_key/pred_log/tptp/PUZ/PUZ001p1-eq.key 
75355      INFO  main            d.u.i.k.p.i.AbstractProblemLoader Loading environment from /home/runner/work/key/key/key.core/../key.ui/examples/standard_key/pred_log/tptp/PUZ/PUZ001p1-eq.key 
75355      DEBUG main            d.u.i.k.p.i.AbstractProblemLoader Environment load took 184.9ns 
75357      INFO  main            d.u.i.k.p.i.AbstractProblemLoader Creating init config 
77628      DEBUG main            d.u.i.k.p.i.AbstractProblemLoader Init config took 2.27s 
77643      INFO  main            d.u.i.k.p.i.AbstractProblemLoader Replaying proof PUZ001p1-eq.key 
77645      DEBUG main            d.u.i.k.p.i.IntermediateProofReplayer Proof replay took 7.3ns 
77748      INFO  main            d.u.i.k.p.r.p.TestFile    ... finished proof: closed. 
77966      INFO  main            d.u.i.k.p.i.AbstractProblemLoader Loading environment from /home/runner/work/key/key/key.core/../key.ui/examples/standard_key/pred_log/tptp/PUZ/PUZ001p1-eq.key.proof 
77966      DEBUG main            d.u.i.k.p.i.AbstractProblemLoader Environment load took 460.01ns 
77968      INFO  main            d.u.i.k.p.i.AbstractProblemLoader Creating init config 
80219      DEBUG main            d.u.i.k.p.i.AbstractProblemLoader Init config took 2.25s 
80234      INFO  main            d.u.i.k.p.i.AbstractProblemLoader Replaying proof PUZ001p1-eq.key.proof 
80249      DEBUG main            d.u.i.k.p.i.IntermediateProofReplayer Proof replay took 12.32ms 
80250      DEBUG main            d.u.i.k.p.r.p.TestFile    ... success: reloaded. 
80251      INFO  main            d.u.i.k.p.r.p.TestFile    Now processing file /home/runner/work/key/key/key.core/../key.ui/examples/standard_key/pred_log/tptp/PUZ/PUZ031p1.key 
80251      INFO  main            d.u.i.k.p.i.AbstractProblemLoader Loading environment from /home/runner/work/key/key/key.core/../key.ui/examples/standard_key/pred_log/tptp/PUZ/PUZ031p1.key 
80251      DEBUG main            d.u.i.k.p.i.AbstractProblemLoader Environment load took 173.4ns 
80253      INFO  main            d.u.i.k.p.i.AbstractProblemLoader Creating init config 
82576      DEBUG main            d.u.i.k.p.i.AbstractProblemLoader Init config took 2.32s 
82592      INFO  main            d.u.i.k.p.i.AbstractProblemLoader Replaying proof PUZ031p1.key 
82593      DEBUG main            d.u.i.k.p.i.IntermediateProofReplayer Proof replay took 7.8ns 
90532      INFO  main            d.u.i.k.p.r.p.TestFile    ... finished proof: closed. 
90745      INFO  main            d.u.i.k.p.i.AbstractProblemLoader Loading environment from /home/runner/work/key/key/key.core/../key.ui/examples/standard_key/pred_log/tptp/PUZ/PUZ031p1.key.proof 
90745      DEBUG main            d.u.i.k.p.i.AbstractProblemLoader Environment load took 348.9ns 
90747      INFO  main            d.u.i.k.p.i.AbstractProblemLoader Creating init config 
93007      DEBUG main            d.u.i.k.p.i.AbstractProblemLoader Init config took 2.26s 
93023      INFO  main            d.u.i.k.p.i.AbstractProblemLoader Replaying proof PUZ031p1.key.proof 
93085      DEBUG main            d.u.i.k.p.i.IntermediateProofReplayer Proof replay took 57.06ms 
93087      DEBUG main            d.u.i.k.p.r.p.TestFile    ... success: reloaded. 
93088      INFO  main            d.u.i.k.p.r.p.TestFile    Now processing file /home/runner/work/key/key/key.core/../key.ui/examples/standard_key/pred_log/tptp/SET/SET027p3.key 
93088      INFO  main            d.u.i.k.p.i.AbstractProblemLoader Loading environment from /home/runner/work/key/key/key.core/../key.ui/examples/standard_key/pred_log/tptp/SET/SET027p3.key 
93089      DEBUG main            d.u.i.k.p.i.AbstractProblemLoader Environment load took 183.5ns 
93090      INFO  main            d.u.i.k.p.i.AbstractProblemLoader Creating init config 
95386      DEBUG main            d.u.i.k.p.i.AbstractProblemLoader Init config took 2.3s 
95399      INFO  main            d.u.i.k.p.i.AbstractProblemLoader Replaying proof SET027p3.key 
95401      DEBUG main            d.u.i.k.p.i.IntermediateProofReplayer Proof replay took 7.3ns 
95503      INFO  main            d.u.i.k.p.r.p.TestFile    ... finished proof: closed. 
95722      INFO  main            d.u.i.k.p.i.AbstractProblemLoader Loading environment from /home/runner/work/key/key/key.core/../key.ui/examples/standard_key/pred_log/tptp/SET/SET027p3.key.proof 
95722      DEBUG main            d.u.i.k.p.i.AbstractProblemLoader Environment load took 123ns 
95723      INFO  main            d.u.i.k.p.i.AbstractProblemLoader Creating init config 
97957      DEBUG main            d.u.i.k.p.i.AbstractProblemLoader Init config took 2.23s 
97989      INFO  main            d.u.i.k.p.i.AbstractProblemLoader Replaying proof SET027p3.key.proof 
97995      DEBUG main            d.u.i.k.p.i.IntermediateProofReplayer Proof replay took 4.56ms 
97996      DEBUG main            d.u.i.k.p.r.p.TestFile    ... success: reloaded. 
97997      INFO  main            d.u.i.k.p.r.p.TestFile    Now processing file /home/runner/work/key/key/key.core/../key.ui/examples/standard_key/pred_log/tptp/SET/SET043p1.key 
97997      INFO  main            d.u.i.k.p.i.AbstractProblemLoader Loading environment from /home/runner/work/key/key/key.core/../key.ui/examples/standard_key/pred_log/tptp/SET/SET043p1.key 
97997      DEBUG main            d.u.i.k.p.i.AbstractProblemLoader Environment load took 91.5ns 
97998      INFO  main            d.u.i.k.p.i.AbstractProblemLoader Creating init config 
100318     DEBUG main            d.u.i.k.p.i.AbstractProblemLoader Init config took 2.32s 
100332     INFO  main            d.u.i.k.p.i.AbstractProblemLoader Replaying proof SET043p1.key 
100333     DEBUG main            d.u.i.k.p.i.IntermediateProofReplayer Proof replay took 7.1ns 
100435     INFO  main            d.u.i.k.p.r.p.TestFile    ... finished proof: closed. 
100646     INFO  main            d.u.i.k.p.i.AbstractProblemLoader Loading environment from /home/runner/work/key/key/key.core/../key.ui/examples/standard_key/pred_log/tptp/SET/SET043p1.key.proof 
100646     DEBUG main            d.u.i.k.p.i.AbstractProblemLoader Environment load took 193.9ns 
100647     INFO  main            d.u.i.k.p.i.AbstractProblemLoader Creating init config 
102899     DEBUG main            d.u.i.k.p.i.AbstractProblemLoader Init config took 2.25s 
102913     INFO  main            d.u.i.k.p.i.AbstractProblemLoader Replaying proof SET043p1.key.proof 
102919     DEBUG main            d.u.i.k.p.i.IntermediateProofReplayer Proof replay took 1.13ms 
102920     DEBUG main            d.u.i.k.p.r.p.TestFile    ... success: reloaded. 
102921     INFO  main            d.u.i.k.p.r.p.TestFile    Now processing file /home/runner/work/key/key/key.core/../key.ui/examples/standard_key/pred_log/tptp/SET/SET045p1.key 
102921     INFO  main            d.u.i.k.p.i.AbstractProblemLoader Loading environment from /home/runner/work/key/key/key.core/../key.ui/examples/standard_key/pred_log/tptp/SET/SET045p1.key 
102921     DEBUG main            d.u.i.k.p.i.AbstractProblemLoader Environment load took 168.1ns 
102923     INFO  main            d.u.i.k.p.i.AbstractProblemLoader Creating init config 
105251     DEBUG main            d.u.i.k.p.i.AbstractProblemLoader Init config took 2.33s 
105265     INFO  main            d.u.i.k.p.i.AbstractProblemLoader Replaying proof SET045p1.key 
105266     DEBUG main            d.u.i.k.p.i.IntermediateProofReplayer Proof replay took 7.1ns 
105369     INFO  main            d.u.i.k.p.r.p.TestFile    ... finished proof: closed. 
105579     INFO  main            d.u.i.k.p.i.AbstractProblemLoader Loading environment from /home/runner/work/key/key/key.core/../key.ui/examples/standard_key/pred_log/tptp/SET/SET045p1.key.proof 
105579     DEBUG main            d.u.i.k.p.i.AbstractProblemLoader Environment load took 113.1ns 
105580     INFO  main            d.u.i.k.p.i.AbstractProblemLoader Creating init config 
107825     DEBUG main            d.u.i.k.p.i.AbstractProblemLoader Init config took 2.24s 
107838     INFO  main            d.u.i.k.p.i.AbstractProblemLoader Replaying proof SET045p1.key.proof 
107844     DEBUG main            d.u.i.k.p.i.IntermediateProofReplayer Proof replay took 4.1ms 
107844     DEBUG main            d.u.i.k.p.r.p.TestFile    ... success: reloaded. 
107845     INFO  main            d.u.i.k.p.r.p.TestFile    Now processing file /home/runner/work/key/key/key.core/../key.ui/examples/standard_key/pred_log/tptp/SET/SET062p3.key 
107845     INFO  main            d.u.i.k.p.i.AbstractProblemLoader Loading environment from /home/runner/work/key/key/key.core/../key.ui/examples/standard_key/pred_log/tptp/SET/SET062p3.key 
107845     DEBUG main            d.u.i.k.p.i.AbstractProblemLoader Environment load took 86.8ns 
107846     INFO  main            d.u.i.k.p.i.AbstractProblemLoader Creating init config 
110156     DEBUG main            d.u.i.k.p.i.AbstractProblemLoader Init config took 2.31s 
110170     INFO  main            d.u.i.k.p.i.AbstractProblemLoader Replaying proof SET062p3.key 
110171     DEBUG main            d.u.i.k.p.i.IntermediateProofReplayer Proof replay took 7.3ns 
110273     INFO  main            d.u.i.k.p.r.p.TestFile    ... finished proof: closed. 
110493     INFO  main            d.u.i.k.p.i.AbstractProblemLoader Loading environment from /home/runner/work/key/key/key.core/../key.ui/examples/standard_key/pred_log/tptp/SET/SET062p3.key.proof 
110494     DEBUG main            d.u.i.k.p.i.AbstractProblemLoader Environment load took 112.6ns 
110495     INFO  main            d.u.i.k.p.i.AbstractProblemLoader Creating init config 
112731     DEBUG main            d.u.i.k.p.i.AbstractProblemLoader Init config took 2.24s 
112746     INFO  main            d.u.i.k.p.i.AbstractProblemLoader Replaying proof SET062p3.key.proof 
112756     DEBUG main            d.u.i.k.p.i.IntermediateProofReplayer Proof replay took 8.05ms 
112758     DEBUG main            d.u.i.k.p.r.p.TestFile    ... success: reloaded. 
112759     INFO  main            d.u.i.k.p.r.p.TestFile    Now processing file /home/runner/work/key/key/key.core/../key.ui/examples/standard_key/pred_log/tptp/SET/SET063p3.key 
112760     INFO  main            d.u.i.k.p.i.AbstractProblemLoader Loading environment from /home/runner/work/key/key/key.core/../key.ui/examples/standard_key/pred_log/tptp/SET/SET063p3.key 
112760     DEBUG main            d.u.i.k.p.i.AbstractProblemLoader Environment load took 232.4ns 
112762     INFO  main            d.u.i.k.p.i.AbstractProblemLoader Creating init config 
115093     DEBUG main            d.u.i.k.p.i.AbstractProblemLoader Init config took 2.33s 
115107     INFO  main            d.u.i.k.p.i.AbstractProblemLoader Replaying proof SET063p3.key 
115108     DEBUG main            d.u.i.k.p.i.IntermediateProofReplayer Proof replay took 7.9ns 
115210     INFO  main            d.u.i.k.p.r.p.TestFile    ... finished proof: closed. 
115455     INFO  main            d.u.i.k.p.i.AbstractProblemLoader Loading environment from /home/runner/work/key/key/key.core/../key.ui/examples/standard_key/pred_log/tptp/SET/SET063p3.key.proof 
115455     DEBUG main            d.u.i.k.p.i.AbstractProblemLoader Environment load took 150.9ns 
115456     INFO  main            d.u.i.k.p.i.AbstractProblemLoader Creating init config 
117704     DEBUG main            d.u.i.k.p.i.AbstractProblemLoader Init config took 2.25s 
117718     INFO  main            d.u.i.k.p.i.AbstractProblemLoader Replaying proof SET063p3.key.proof 
117725     DEBUG main            d.u.i.k.p.i.IntermediateProofReplayer Proof replay took 5.14ms 
117725     DEBUG main            d.u.i.k.p.r.p.TestFile    ... success: reloaded. 
117726     INFO  main            d.u.i.k.p.r.p.TestFile    Now processing file /home/runner/work/key/key/key.core/../key.ui/examples/standard_key/pred_log/tptp/SYN/SYN036p2.key 
117726     INFO  main            d.u.i.k.p.i.AbstractProblemLoader Loading environment from /home/runner/work/key/key/key.core/../key.ui/examples/standard_key/pred_log/tptp/SYN/SYN036p2.key 
117726     DEBUG main            d.u.i.k.p.i.AbstractProblemLoader Environment load took 89.2ns 
117727     INFO  main            d.u.i.k.p.i.AbstractProblemLoader Creating init config 
120035     DEBUG main            d.u.i.k.p.i.AbstractProblemLoader Init config took 2.31s 
120050     INFO  main            d.u.i.k.p.i.AbstractProblemLoader Replaying proof SYN036p2.key 
120051     DEBUG main            d.u.i.k.p.i.IntermediateProofReplayer Proof replay took 7.7ns 
120357     INFO  main            d.u.i.k.p.r.p.TestFile    ... finished proof: closed. 
120604     INFO  main            d.u.i.k.p.i.AbstractProblemLoader Loading environment from /home/runner/work/key/key/key.core/../key.ui/examples/standard_key/pred_log/tptp/SYN/SYN036p2.key.proof 
120604     DEBUG main            d.u.i.k.p.i.AbstractProblemLoader Environment load took 476.31ns 
120606     INFO  main            d.u.i.k.p.i.AbstractProblemLoader Creating init config 
122852     DEBUG main            d.u.i.k.p.i.AbstractProblemLoader Init config took 2.25s 
122865     INFO  main            d.u.i.k.p.i.AbstractProblemLoader Replaying proof SYN036p2.key.proof 
122938     DEBUG main            d.u.i.k.p.i.IntermediateProofReplayer Proof replay took 64.86ms 
122939     DEBUG main            d.u.i.k.p.r.p.TestFile    ... success: reloaded. 
122940     INFO  main            d.u.i.k.p.r.p.TestFile    Now processing file /home/runner/work/key/key/key.core/../key.ui/examples/standard_key/pred_log/tptp/SYN/SYN550p1.key 
122940     INFO  main            d.u.i.k.p.i.AbstractProblemLoader Loading environment from /home/runner/work/key/key/key.core/../key.ui/examples/standard_key/pred_log/tptp/SYN/SYN550p1.key 
122940     DEBUG main            d.u.i.k.p.i.AbstractProblemLoader Environment load took 74.7ns 
122941     INFO  main            d.u.i.k.p.i.AbstractProblemLoader Creating init config 
125225     DEBUG main            d.u.i.k.p.i.AbstractProblemLoader Init config took 2.28s 
125239     INFO  main            d.u.i.k.p.i.AbstractProblemLoader Replaying proof SYN550p1.key 
125240     DEBUG main            d.u.i.k.p.i.IntermediateProofReplayer Proof replay took 7.4ns 
128064     INFO  main            d.u.i.k.p.r.p.TestFile    ... finished proof: closed. 
128315     INFO  main            d.u.i.k.p.i.AbstractProblemLoader Loading environment from /home/runner/work/key/key/key.core/../key.ui/examples/standard_key/pred_log/tptp/SYN/SYN550p1.key.proof 
128316     DEBUG main            d.u.i.k.p.i.AbstractProblemLoader Environment load took 680.01ns 
128317     INFO  main            d.u.i.k.p.i.AbstractProblemLoader Creating init config 
130538     DEBUG main            d.u.i.k.p.i.AbstractProblemLoader Init config took 2.22s 
130552     INFO  main            d.u.i.k.p.i.AbstractProblemLoader Replaying proof SYN550p1.key.proof 
130636     DEBUG main            d.u.i.k.p.i.IntermediateProofReplayer Proof replay took 77.94ms 
130637     DEBUG main            d.u.i.k.p.r.p.TestFile    ... success: reloaded. 
130637     INFO  main            d.u.i.k.p.r.p.TestFile    Now processing file /home/runner/work/key/key/key.core/../key.ui/examples/standard_key/prop_log/reallySimple.key 
130638     INFO  main            d.u.i.k.p.i.AbstractProblemLoader Loading environment from /home/runner/work/key/key/key.core/../key.ui/examples/standard_key/prop_log/reallySimple.key 
130638     DEBUG main            d.u.i.k.p.i.AbstractProblemLoader Environment load took 70.7ns 
130638     INFO  main            d.u.i.k.p.i.AbstractProblemLoader Creating init config 
132926     DEBUG main            d.u.i.k.p.i.AbstractProblemLoader Init config took 2.29s 
132939     INFO  main            d.u.i.k.p.i.AbstractProblemLoader Replaying proof reallySimple.key 
132940     DEBUG main            d.u.i.k.p.i.IntermediateProofReplayer Proof replay took 7.4ns 
133042     INFO  main            d.u.i.k.p.r.p.TestFile    ... finished proof: open goal(s) 
133291     INFO  main            d.u.i.k.p.r.p.TestFile    Now processing file /home/runner/work/key/key/key.core/../key.ui/examples/standard_key/pred_log/sameName1.key 
133291     INFO  main            d.u.i.k.p.i.AbstractProblemLoader Loading environment from /home/runner/work/key/key/key.core/../key.ui/examples/standard_key/pred_log/sameName1.key 
133291     DEBUG main            d.u.i.k.p.i.AbstractProblemLoader Environment load took 58.2ns 
133292     INFO  main            d.u.i.k.p.i.AbstractProblemLoader Creating init config 
135529     DEBUG main            d.u.i.k.p.i.AbstractProblemLoader Init config took 2.24s 
135542     INFO  main            d.u.i.k.p.i.AbstractProblemLoader Replaying proof sameName1.key 
135544     DEBUG main            d.u.i.k.p.i.IntermediateProofReplayer Proof replay took 34.8ns 
135646     INFO  main            d.u.i.k.p.r.p.TestFile    ... finished proof: open goal(s) 
135877     INFO  main            d.u.i.k.p.r.p.TestFile    Now processing file /home/runner/work/key/key/key.core/../key.ui/examples/standard_key/pred_log/jbyteIfEx.key 
135877     INFO  main            d.u.i.k.p.i.AbstractProblemLoader Loading environment from /home/runner/work/key/key/key.core/../key.ui/examples/standard_key/pred_log/jbyteIfEx.key 
135877     DEBUG main            d.u.i.k.p.i.AbstractProblemLoader Environment load took 63.1ns 
135878     INFO  main            d.u.i.k.p.i.AbstractProblemLoader Creating init config 
138128     DEBUG main            d.u.i.k.p.i.AbstractProblemLoader Init config took 2.25s 
138141     INFO  main            d.u.i.k.p.i.AbstractProblemLoader Replaying proof jbyteIfEx.key 
138143     DEBUG main            d.u.i.k.p.i.IntermediateProofReplayer Proof replay took 7.5ns 
138245     INFO  main            d.u.i.k.p.r.p.TestFile    ... finished proof: closed. 
138481     INFO  main            d.u.i.k.p.i.AbstractProblemLoader Loading environment from /home/runner/work/key/key/key.core/../key.ui/examples/standard_key/pred_log/jbyteIfEx.key.proof 
138482     DEBUG main            d.u.i.k.p.i.AbstractProblemLoader Environment load took 108.1ns 
138483     INFO  main            d.u.i.k.p.i.AbstractProblemLoader Creating init config 
140703     DEBUG main            d.u.i.k.p.i.AbstractProblemLoader Init config took 2.22s 
140717     INFO  main            d.u.i.k.p.i.AbstractProblemLoader Replaying proof jbyteIfEx.key.proof 
140724     DEBUG main            d.u.i.k.p.i.IntermediateProofReplayer Proof replay took 5.52ms 
140725     DEBUG main            d.u.i.k.p.r.p.TestFile    ... success: reloaded. 
140726     INFO  main            d.u.i.k.p.r.p.TestFile    Now processing file /home/runner/work/key/key/key.core/../key.ui/examples/standard_key/prop_log/allClausesLength4.key 
140726     INFO  main            d.u.i.k.p.i.AbstractProblemLoader Loading environment from /home/runner/work/key/key/key.core/../key.ui/examples/standard_key/prop_log/allClausesLength4.key 
140726     DEBUG main            d.u.i.k.p.i.AbstractProblemLoader Environment load took 161.4ns 
140728     INFO  main            d.u.i.k.p.i.AbstractProblemLoader Creating init config 
143027     DEBUG main            d.u.i.k.p.i.AbstractProblemLoader Init config took 2.3s 
143041     INFO  main            d.u.i.k.p.i.AbstractProblemLoader Replaying proof allClausesLength4.key 
143042     DEBUG main            d.u.i.k.p.i.IntermediateProofReplayer Proof replay took 7.8ns 
143144     INFO  main            d.u.i.k.p.r.p.TestFile    ... finished proof: closed. 
143398     INFO  main            d.u.i.k.p.i.AbstractProblemLoader Loading environment from /home/runner/work/key/key/key.core/../key.ui/examples/standard_key/prop_log/allClausesLength4.key.proof 
143398     DEBUG main            d.u.i.k.p.i.AbstractProblemLoader Environment load took 112.3ns 
143399     INFO  main            d.u.i.k.p.i.AbstractProblemLoader Creating init config 
145620     DEBUG main            d.u.i.k.p.i.AbstractProblemLoader Init config took 2.22s 
145635     INFO  main            d.u.i.k.p.i.AbstractProblemLoader Replaying proof allClausesLength4.key.proof 
145649     DEBUG main            d.u.i.k.p.i.IntermediateProofReplayer Proof replay took 10ms 
145650     DEBUG main            d.u.i.k.p.r.p.TestFile    ... success: reloaded. 
145651     INFO  main            d.u.i.k.p.r.p.TestFile    Now processing file /home/runner/work/key/key/key.core/../key.ui/examples/standard_key/prop_log/allClausesLength5.key 
145651     INFO  main            d.u.i.k.p.i.AbstractProblemLoader Loading environment from /home/runner/work/key/key/key.core/../key.ui/examples/standard_key/prop_log/allClausesLength5.key 
145651     DEBUG main            d.u.i.k.p.i.AbstractProblemLoader Environment load took 105.6ns 
145652     INFO  main            d.u.i.k.p.i.AbstractProblemLoader Creating init config 
147930     DEBUG main            d.u.i.k.p.i.AbstractProblemLoader Init config took 2.28s 
147944     INFO  main            d.u.i.k.p.i.AbstractProblemLoader Replaying proof allClausesLength5.key 
147945     DEBUG main            d.u.i.k.p.i.IntermediateProofReplayer Proof replay took 7ns 
148250     INFO  main            d.u.i.k.p.r.p.TestFile    ... finished proof: closed. 
148603     INFO  main            d.u.i.k.p.i.AbstractProblemLoader Loading environment from /home/runner/work/key/key/key.core/../key.ui/examples/standard_key/prop_log/allClausesLength5.key.proof 
148603     DEBUG main            d.u.i.k.p.i.AbstractProblemLoader Environment load took 102.5ns 
148605     INFO  main            d.u.i.k.p.i.AbstractProblemLoader Creating init config 
150838     DEBUG main            d.u.i.k.p.i.AbstractProblemLoader Init config took 2.23s 
150854     INFO  main            d.u.i.k.p.i.AbstractProblemLoader Replaying proof allClausesLength5.key.proof 
150894     DEBUG main            d.u.i.k.p.i.IntermediateProofReplayer Proof replay took 32.85ms 
150895     DEBUG main            d.u.i.k.p.r.p.TestFile    ... success: reloaded. 
150896     INFO  main            d.u.i.k.p.r.p.TestFile    Now processing file /home/runner/work/key/key/key.core/../key.ui/examples/standard_key/prop_log/doubleNeg.key 
150896     INFO  main            d.u.i.k.p.i.AbstractProblemLoader Loading environment from /home/runner/work/key/key/key.core/../key.ui/examples/standard_key/prop_log/doubleNeg.key 
150897     DEBUG main            d.u.i.k.p.i.AbstractProblemLoader Environment load took 167.7ns 
150897     INFO  main            d.u.i.k.p.i.AbstractProblemLoader Creating init config 
153189     DEBUG main            d.u.i.k.p.i.AbstractProblemLoader Init config took 2.29s 
153202     INFO  main            d.u.i.k.p.i.AbstractProblemLoader Replaying proof doubleNeg.key 
153203     DEBUG main            d.u.i.k.p.i.IntermediateProofReplayer Proof replay took 7.2ns 
153305     INFO  main            d.u.i.k.p.r.p.TestFile    ... finished proof: closed. 
153571     INFO  main            d.u.i.k.p.i.AbstractProblemLoader Loading environment from /home/runner/work/key/key/key.core/../key.ui/examples/standard_key/prop_log/doubleNeg.key.proof 
153571     DEBUG main            d.u.i.k.p.i.AbstractProblemLoader Environment load took 95.2ns 
153572     INFO  main            d.u.i.k.p.i.AbstractProblemLoader Creating init config 
155784     DEBUG main            d.u.i.k.p.i.AbstractProblemLoader Init config took 2.21s 
155797     INFO  main            d.u.i.k.p.i.AbstractProblemLoader Replaying proof doubleNeg.key.proof 
155798     DEBUG main            d.u.i.k.p.i.IntermediateProofReplayer Proof replay took 364.4ns 
155799     DEBUG main            d.u.i.k.p.r.p.TestFile    ... success: reloaded. 
155800     INFO  main            d.u.i.k.p.r.p.TestFile    Now processing file /home/runner/work/key/key/key.core/../key.ui/examples/standard_key/prop_log/liarsville.key 
155800     INFO  main            d.u.i.k.p.i.AbstractProblemLoader Loading environment from /home/runner/work/key/key/key.core/../key.ui/examples/standard_key/prop_log/liarsville.key 
155800     DEBUG main            d.u.i.k.p.i.AbstractProblemLoader Environment load took 78.7ns 
155801     INFO  main            d.u.i.k.p.i.AbstractProblemLoader Creating init config 
158060     DEBUG main            d.u.i.k.p.i.AbstractProblemLoader Init config took 2.26s 
158073     INFO  main            d.u.i.k.p.i.AbstractProblemLoader Replaying proof liarsville.key 
158074     DEBUG main            d.u.i.k.p.i.IntermediateProofReplayer Proof replay took 7ns 
158176     INFO  main            d.u.i.k.p.r.p.TestFile    ... finished proof: closed. 
158442     INFO  main            d.u.i.k.p.i.AbstractProblemLoader Loading environment from /home/runner/work/key/key/key.core/../key.ui/examples/standard_key/prop_log/liarsville.key.proof 
158442     DEBUG main            d.u.i.k.p.i.AbstractProblemLoader Environment load took 92.1ns 
158443     INFO  main            d.u.i.k.p.i.AbstractProblemLoader Creating init config 
160681     DEBUG main            d.u.i.k.p.i.AbstractProblemLoader Init config took 2.24s 
160694     INFO  main            d.u.i.k.p.i.AbstractProblemLoader Replaying proof liarsville.key.proof 
160696     DEBUG main            d.u.i.k.p.i.IntermediateProofReplayer Proof replay took 1ms 
160697     DEBUG main            d.u.i.k.p.r.p.TestFile    ... success: reloaded. 
160697     INFO  main            d.u.i.k.p.r.p.TestFile    Now processing file /home/runner/work/key/key/key.core/../key.ui/examples/standard_key/prop_log/simplest.key 
160698     INFO  main            d.u.i.k.p.i.AbstractProblemLoader Loading environment from /home/runner/work/key/key/key.core/../key.ui/examples/standard_key/prop_log/simplest.key 
160698     DEBUG main            d.u.i.k.p.i.AbstractProblemLoader Environment load took 63.7ns 
160698     INFO  main            d.u.i.k.p.i.AbstractProblemLoader Creating init config 
162952     DEBUG main            d.u.i.k.p.i.AbstractProblemLoader Init config took 2.25s 
162964     INFO  main            d.u.i.k.p.i.AbstractProblemLoader Replaying proof simplest.key 
162965     DEBUG main            d.u.i.k.p.i.IntermediateProofReplayer Proof replay took 7.7ns 
163066     INFO  main            d.u.i.k.p.r.p.TestFile    ... finished proof: closed. 
163333     INFO  main            d.u.i.k.p.i.AbstractProblemLoader Loading environment from /home/runner/work/key/key/key.core/../key.ui/examples/standard_key/prop_log/simplest.key.proof 
163333     DEBUG main            d.u.i.k.p.i.AbstractProblemLoader Environment load took 92.1ns 
163334     INFO  main            d.u.i.k.p.i.AbstractProblemLoader Creating init config 
165548     DEBUG main            d.u.i.k.p.i.AbstractProblemLoader Init config took 2.21s 
165560     INFO  main            d.u.i.k.p.i.AbstractProblemLoader Replaying proof simplest.key.proof 
165561     DEBUG main            d.u.i.k.p.i.IntermediateProofReplayer Proof replay took 95.2ns 
165562     DEBUG main            d.u.i.k.p.r.p.TestFile    ... success: reloaded. 
165562     INFO  main            d.u.i.k.p.r.p.TestFile    Now processing file /home/runner/work/key/key/key.core/../key.ui/examples/standard_key/prop_log/contraposition.key 
165563     INFO  main            d.u.i.k.p.i.AbstractProblemLoader Loading environment from /home/runner/work/key/key/key.core/../key.ui/examples/standard_key/prop_log/contraposition.key 
165563     DEBUG main            d.u.i.k.p.i.AbstractProblemLoader Environment load took 49.5ns 
165563     INFO  main            d.u.i.k.p.i.AbstractProblemLoader Creating init config 
167828     DEBUG main            d.u.i.k.p.i.AbstractProblemLoader Init config took 2.26s 
167841     INFO  main            d.u.i.k.p.i.AbstractProblemLoader Replaying proof contraposition.key 
167842     DEBUG main            d.u.i.k.p.i.IntermediateProofReplayer Proof replay took 7.4ns 
167944     INFO  main            d.u.i.k.p.r.p.TestFile    ... finished proof: closed. 
168217     INFO  main            d.u.i.k.p.i.AbstractProblemLoader Loading environment from /home/runner/work/key/key/key.core/../key.ui/examples/standard_key/prop_log/contraposition.key.proof 
168217     DEBUG main            d.u.i.k.p.i.AbstractProblemLoader Environment load took 93.5ns 
168218     INFO  main            d.u.i.k.p.i.AbstractProblemLoader Creating init config 
170444     DEBUG main            d.u.i.k.p.i.AbstractProblemLoader Init config took 2.23s 
170457     INFO  main            d.u.i.k.p.i.AbstractProblemLoader Replaying proof contraposition.key.proof 
170459     DEBUG main            d.u.i.k.p.i.IntermediateProofReplayer Proof replay took 488.21ns 
170460     DEBUG main            d.u.i.k.p.r.p.TestFile    ... success: reloaded. 
170461     INFO  main            d.u.i.k.p.r.p.TestFile    Now processing file /home/runner/work/key/key/key.core/../key.ui/examples/standard_key/quantifiers/elimination0.key 
170461     INFO  main            d.u.i.k.p.i.AbstractProblemLoader Loading environment from /home/runner/work/key/key/key.core/../key.ui/examples/standard_key/quantifiers/elimination0.key 
170461     DEBUG main            d.u.i.k.p.i.AbstractProblemLoader Environment load took 52.2ns 
170462     INFO  main            d.u.i.k.p.i.AbstractProblemLoader Creating init config 
172724     DEBUG main            d.u.i.k.p.i.AbstractProblemLoader Init config took 2.26s 
172739     INFO  main            d.u.i.k.p.i.AbstractProblemLoader Replaying proof elimination0.key 
172741     DEBUG main            d.u.i.k.p.i.IntermediateProofReplayer Proof replay took 6.2ns 
172843     INFO  main            d.u.i.k.p.r.p.TestFile    ... finished proof: closed. 
173124     INFO  main            d.u.i.k.p.i.AbstractProblemLoader Loading environment from /home/runner/work/key/key/key.core/../key.ui/examples/standard_key/quantifiers/elimination0.key.proof 
173124     DEBUG main            d.u.i.k.p.i.AbstractProblemLoader Environment load took 101.4ns 
173125     INFO  main            d.u.i.k.p.i.AbstractProblemLoader Creating init config 
175378     DEBUG main            d.u.i.k.p.i.AbstractProblemLoader Init config took 2.25s 
175391     INFO  main            d.u.i.k.p.i.AbstractProblemLoader Replaying proof elimination0.key.proof 
175393     DEBUG main            d.u.i.k.p.i.IntermediateProofReplayer Proof replay took 1.28ms 
175395     DEBUG main            d.u.i.k.p.r.p.TestFile    ... success: reloaded. 
175396     INFO  main            d.u.i.k.p.r.p.TestFile    Now processing file /home/runner/work/key/key/key.core/../key.ui/examples/standard_key/quantifiers/heuristic_PUZ001p1-eq.key 
175396     INFO  main            d.u.i.k.p.i.AbstractProblemLoader Loading environment from /home/runner/work/key/key/key.core/../key.ui/examples/standard_key/quantifiers/heuristic_PUZ001p1-eq.key 
175396     DEBUG main            d.u.i.k.p.i.AbstractProblemLoader Environment load took 79.9ns 
175397     INFO  main            d.u.i.k.p.i.AbstractProblemLoader Creating init config 
177671     DEBUG main            d.u.i.k.p.i.AbstractProblemLoader Init config took 2.27s 
177684     INFO  main            d.u.i.k.p.i.AbstractProblemLoader Replaying proof heuristic_PUZ001p1-eq.key 
177686     DEBUG main            d.u.i.k.p.i.IntermediateProofReplayer Proof replay took 6.2ns 
177789     INFO  main            d.u.i.k.p.r.p.TestFile    ... finished proof: closed. 
178123     INFO  main            d.u.i.k.p.i.AbstractProblemLoader Loading environment from /home/runner/work/key/key/key.core/../key.ui/examples/standard_key/quantifiers/heuristic_PUZ001p1-eq.key.proof 
178123     DEBUG main            d.u.i.k.p.i.AbstractProblemLoader Environment load took 100.2ns 
178125     INFO  main            d.u.i.k.p.i.AbstractProblemLoader Creating init config 
180349     DEBUG main            d.u.i.k.p.i.AbstractProblemLoader Init config took 2.22s 
180362     INFO  main            d.u.i.k.p.i.AbstractProblemLoader Replaying proof heuristic_PUZ001p1-eq.key.proof 
180373     DEBUG main            d.u.i.k.p.i.IntermediateProofReplayer Proof replay took 8.68ms 
180374     DEBUG main            d.u.i.k.p.r.p.TestFile    ... success: reloaded. 
180375     INFO  main            d.u.i.k.p.r.p.TestFile    Now processing file /home/runner/work/key/key/key.core/../key.ui/examples/standard_key/quantifiers/heuristic_PUZ001p1.key 
180375     INFO  main            d.u.i.k.p.i.AbstractProblemLoader Loading environment from /home/runner/work/key/key/key.core/../key.ui/examples/standard_key/quantifiers/heuristic_PUZ001p1.key 
180375     DEBUG main            d.u.i.k.p.i.AbstractProblemLoader Environment load took 63ns 
180377     INFO  main            d.u.i.k.p.i.AbstractProblemLoader Creating init config 
182660     DEBUG main            d.u.i.k.p.i.AbstractProblemLoader Init config took 2.28s 
182675     INFO  main            d.u.i.k.p.i.AbstractProblemLoader Replaying proof heuristic_PUZ001p1.key 
182676     DEBUG main            d.u.i.k.p.i.IntermediateProofReplayer Proof replay took 6.7ns 
183981     INFO  main            d.u.i.k.p.r.p.TestFile    ... finished proof: closed. 
184285     INFO  main            d.u.i.k.p.i.AbstractProblemLoader Loading environment from /home/runner/work/key/key/key.core/../key.ui/examples/standard_key/quantifiers/heuristic_PUZ001p1.key.proof 
184286     DEBUG main            d.u.i.k.p.i.AbstractProblemLoader Environment load took 363.2ns 
184287     INFO  main            d.u.i.k.p.i.AbstractProblemLoader Creating init config 
186553     DEBUG main            d.u.i.k.p.i.AbstractProblemLoader Init config took 2.27s 
186567     INFO  main            d.u.i.k.p.i.AbstractProblemLoader Replaying proof heuristic_PUZ001p1.key.proof 
186610     DEBUG main            d.u.i.k.p.i.IntermediateProofReplayer Proof replay took 39.58ms 
186612     DEBUG main            d.u.i.k.p.r.p.TestFile    ... success: reloaded. 
186612     INFO  main            d.u.i.k.p.r.p.TestFile    Now processing file /home/runner/work/key/key/key.core/../key.ui/examples/standard_key/quantifiers/heuristic_PUZ031p1.key 
186613     INFO  main            d.u.i.k.p.i.AbstractProblemLoader Loading environment from /home/runner/work/key/key/key.core/../key.ui/examples/standard_key/quantifiers/heuristic_PUZ031p1.key 
186613     DEBUG main            d.u.i.k.p.i.AbstractProblemLoader Environment load took 81.5ns 
186614     INFO  main            d.u.i.k.p.i.AbstractProblemLoader Creating init config 
188847     DEBUG main            d.u.i.k.p.i.AbstractProblemLoader Init config took 2.23s 
188861     INFO  main            d.u.i.k.p.i.AbstractProblemLoader Replaying proof heuristic_PUZ031p1.key 
188862     DEBUG main            d.u.i.k.p.i.IntermediateProofReplayer Proof replay took 7.9ns 
193473     INFO  main            d.u.i.k.p.r.p.TestFile    ... finished proof: closed. 
193810     INFO  main            d.u.i.k.p.i.AbstractProblemLoader Loading environment from /home/runner/work/key/key/key.core/../key.ui/examples/standard_key/quantifiers/heuristic_PUZ031p1.key.proof 
193810     DEBUG main            d.u.i.k.p.i.AbstractProblemLoader Environment load took 269.7ns 
193812     INFO  main            d.u.i.k.p.i.AbstractProblemLoader Creating init config 
196019     DEBUG main            d.u.i.k.p.i.AbstractProblemLoader Init config took 2.21s 
196033     INFO  main            d.u.i.k.p.i.AbstractProblemLoader Replaying proof heuristic_PUZ031p1.key.proof 
196095     DEBUG main            d.u.i.k.p.i.IntermediateProofReplayer Proof replay took 57.88ms 
196097     DEBUG main            d.u.i.k.p.r.p.TestFile    ... success: reloaded. 
196097     INFO  main            d.u.i.k.p.r.p.TestFile    Now processing file /home/runner/work/key/key/key.core/../key.ui/examples/standard_key/quantifiers/heuristic_SYN036p2.key 
196098     INFO  main            d.u.i.k.p.i.AbstractProblemLoader Loading environment from /home/runner/work/key/key/key.core/../key.ui/examples/standard_key/quantifiers/heuristic_SYN036p2.key 
196098     DEBUG main            d.u.i.k.p.i.AbstractProblemLoader Environment load took 74.2ns 
196099     INFO  main            d.u.i.k.p.i.AbstractProblemLoader Creating init config 
198355     DEBUG main            d.u.i.k.p.i.AbstractProblemLoader Init config took 2.26s 
198367     INFO  main            d.u.i.k.p.i.AbstractProblemLoader Replaying proof heuristic_SYN036p2.key 
198369     DEBUG main            d.u.i.k.p.i.IntermediateProofReplayer Proof replay took 7.7ns 
198573     INFO  main            d.u.i.k.p.r.p.TestFile    ... finished proof: closed. 
198904     INFO  main            d.u.i.k.p.i.AbstractProblemLoader Loading environment from /home/runner/work/key/key/key.core/../key.ui/examples/standard_key/quantifiers/heuristic_SYN036p2.key.proof 
198904     DEBUG main            d.u.i.k.p.i.AbstractProblemLoader Environment load took 93ns 
198905     INFO  main            d.u.i.k.p.i.AbstractProblemLoader Creating init config 
201105     DEBUG main            d.u.i.k.p.i.AbstractProblemLoader Init config took 2.2s 
201117     INFO  main            d.u.i.k.p.i.AbstractProblemLoader Replaying proof heuristic_SYN036p2.key.proof 
201183     DEBUG main            d.u.i.k.p.i.IntermediateProofReplayer Proof replay took 58.34ms 
201184     DEBUG main            d.u.i.k.p.r.p.TestFile    ... success: reloaded. 
201185     INFO  main            d.u.i.k.p.r.p.TestFile    Now processing file /home/runner/work/key/key/key.core/../key.ui/examples/standard_key/quantifiers/injectivity.key 
201185     INFO  main            d.u.i.k.p.i.AbstractProblemLoader Loading environment from /home/runner/work/key/key/key.core/../key.ui/examples/standard_key/quantifiers/injectivity.key 
201185     DEBUG main            d.u.i.k.p.i.AbstractProblemLoader Environment load took 79.5ns 
201186     INFO  main            d.u.i.k.p.i.AbstractProblemLoader Creating init config 
203424     DEBUG main            d.u.i.k.p.i.AbstractProblemLoader Init config took 2.24s 
203437     INFO  main            d.u.i.k.p.i.AbstractProblemLoader Replaying proof injectivity.key 
203438     DEBUG main            d.u.i.k.p.i.IntermediateProofReplayer Proof replay took 7.6ns 
203540     INFO  main            d.u.i.k.p.r.p.TestFile    ... finished proof: closed. 
203846     INFO  main            d.u.i.k.p.i.AbstractProblemLoader Loading environment from /home/runner/work/key/key/key.core/../key.ui/examples/standard_key/quantifiers/injectivity.key.proof 
203846     DEBUG main            d.u.i.k.p.i.AbstractProblemLoader Environment load took 99ns 
203847     INFO  main            d.u.i.k.p.i.AbstractProblemLoader Creating init config 
206043     DEBUG main            d.u.i.k.p.i.AbstractProblemLoader Init config took 2.2s 
206056     INFO  main            d.u.i.k.p.i.AbstractProblemLoader Replaying proof injectivity.key.proof 
206059     DEBUG main            d.u.i.k.p.i.IntermediateProofReplayer Proof replay took 1.61ms 
206060     DEBUG main            d.u.i.k.p.r.p.TestFile    ... success: reloaded. 
206060     INFO  main            d.u.i.k.p.r.p.TestFile    Now processing file /home/runner/work/key/key/key.core/../key.ui/examples/standard_key/quantifiers/normalisation0.key 
206061     INFO  main            d.u.i.k.p.i.AbstractProblemLoader Loading environment from /home/runner/work/key/key/key.core/../key.ui/examples/standard_key/quantifiers/normalisation0.key 
206061     DEBUG main            d.u.i.k.p.i.AbstractProblemLoader Environment load took 98.9ns 
206062     INFO  main            d.u.i.k.p.i.AbstractProblemLoader Creating init config 
208304     DEBUG main            d.u.i.k.p.i.AbstractProblemLoader Init config took 2.24s 
208317     INFO  main            d.u.i.k.p.i.AbstractProblemLoader Replaying proof normalisation0.key 
208318     DEBUG main            d.u.i.k.p.i.IntermediateProofReplayer Proof replay took 6.7ns 
208421     INFO  main            d.u.i.k.p.r.p.TestFile    ... finished proof: closed. 
208735     INFO  main            d.u.i.k.p.i.AbstractProblemLoader Loading environment from /home/runner/work/key/key/key.core/../key.ui/examples/standard_key/quantifiers/normalisation0.key.proof 
208735     DEBUG main            d.u.i.k.p.i.AbstractProblemLoader Environment load took 90.5ns 
208736     INFO  main            d.u.i.k.p.i.AbstractProblemLoader Creating init config 
210940     DEBUG main            d.u.i.k.p.i.AbstractProblemLoader Init config took 2.2s 
210953     INFO  main            d.u.i.k.p.i.AbstractProblemLoader Replaying proof normalisation0.key.proof 
210956     DEBUG main            d.u.i.k.p.i.IntermediateProofReplayer Proof replay took 1.89ms 
210957     DEBUG main            d.u.i.k.p.r.p.TestFile    ... success: reloaded. 
210958     INFO  main            d.u.i.k.p.r.p.TestFile    Now processing file /home/runner/work/key/key/key.core/../key.ui/examples/standard_key/quantifiers/normalisation1.key 
210958     INFO  main            d.u.i.k.p.i.AbstractProblemLoader Loading environment from /home/runner/work/key/key/key.core/../key.ui/examples/standard_key/quantifiers/normalisation1.key 
210958     DEBUG main            d.u.i.k.p.i.AbstractProblemLoader Environment load took 92ns 
210959     INFO  main            d.u.i.k.p.i.AbstractProblemLoader Creating init config 
213227     DEBUG main            d.u.i.k.p.i.AbstractProblemLoader Init config took 2.27s 
213244     INFO  main            d.u.i.k.p.i.AbstractProblemLoader Replaying proof normalisation1.key 
213246     DEBUG main            d.u.i.k.p.i.IntermediateProofReplayer Proof replay took 6.7ns 
213351     INFO  main            d.u.i.k.p.r.p.TestFile    ... finished proof: closed. 
213683     INFO  main            d.u.i.k.p.i.AbstractProblemLoader Loading environment from /home/runner/work/key/key/key.core/../key.ui/examples/standard_key/quantifiers/normalisation1.key.proof 
213684     DEBUG main            d.u.i.k.p.i.AbstractProblemLoader Environment load took 86.3ns 
213685     INFO  main            d.u.i.k.p.i.AbstractProblemLoader Creating init config 
215917     DEBUG main            d.u.i.k.p.i.AbstractProblemLoader Init config took 2.23s 
215940     INFO  main            d.u.i.k.p.i.AbstractProblemLoader Replaying proof normalisation1.key.proof 
215946     DEBUG main            d.u.i.k.p.i.IntermediateProofReplayer Proof replay took 4.54ms 
215947     DEBUG main            d.u.i.k.p.r.p.TestFile    ... success: reloaded. 
215953     INFO  main            d.u.i.k.p.r.p.TestFile    Now processing file /home/runner/work/key/key/key.core/../key.ui/examples/standard_key/quantifiers/normalisation2.key 
215953     INFO  main            d.u.i.k.p.i.AbstractProblemLoader Loading environment from /home/runner/work/key/key/key.core/../key.ui/examples/standard_key/quantifiers/normalisation2.key 
215953     DEBUG main            d.u.i.k.p.i.AbstractProblemLoader Environment load took 170.1ns 
215954     INFO  main            d.u.i.k.p.i.AbstractProblemLoader Creating init config 
218199     DEBUG main            d.u.i.k.p.i.AbstractProblemLoader Init config took 2.24s 
218212     INFO  main            d.u.i.k.p.i.AbstractProblemLoader Replaying proof normalisation2.key 
218214     DEBUG main            d.u.i.k.p.i.IntermediateProofReplayer Proof replay took 7.5ns 
218329     INFO  main            d.u.i.k.p.r.p.TestFile    ... finished proof: closed. 
218674     INFO  main            d.u.i.k.p.i.AbstractProblemLoader Loading environment from /home/runner/work/key/key/key.core/../key.ui/examples/standard_key/quantifiers/normalisation2.key.proof 
218674     DEBUG main            d.u.i.k.p.i.AbstractProblemLoader Environment load took 90ns 
218675     INFO  main            d.u.i.k.p.i.AbstractProblemLoader Creating init config 
220886     DEBUG main            d.u.i.k.p.i.AbstractProblemLoader Init config took 2.21s 
220899     INFO  main            d.u.i.k.p.i.AbstractProblemLoader Replaying proof normalisation2.key.proof 
220902     DEBUG main            d.u.i.k.p.i.IntermediateProofReplayer Proof replay took 1.92ms 
220903     DEBUG main            d.u.i.k.p.r.p.TestFile    ... success: reloaded. 
220903     INFO  main            d.u.i.k.p.r.p.TestFile    Now processing file /home/runner/work/key/key/key.core/../key.ui/examples/standard_key/quantifiers/normalisation3.key 
220904     INFO  main            d.u.i.k.p.i.AbstractProblemLoader Loading environment from /home/runner/work/key/key/key.core/../key.ui/examples/standard_key/quantifiers/normalisation3.key 
220904     DEBUG main            d.u.i.k.p.i.AbstractProblemLoader Environment load took 66.8ns 
220904     INFO  main            d.u.i.k.p.i.AbstractProblemLoader Creating init config 
223144     DEBUG main            d.u.i.k.p.i.AbstractProblemLoader Init config took 2.24s 
223156     INFO  main            d.u.i.k.p.i.AbstractProblemLoader Replaying proof normalisation3.key 
223158     DEBUG main            d.u.i.k.p.i.IntermediateProofReplayer Proof replay took 7.9ns 
223259     INFO  main            d.u.i.k.p.r.p.TestFile    ... finished proof: closed. 
223586     INFO  main            d.u.i.k.p.i.AbstractProblemLoader Loading environment from /home/runner/work/key/key/key.core/../key.ui/examples/standard_key/quantifiers/normalisation3.key.proof 
223587     DEBUG main            d.u.i.k.p.i.AbstractProblemLoader Environment load took 97.9ns 
223588     INFO  main            d.u.i.k.p.i.AbstractProblemLoader Creating init config 
225800     DEBUG main            d.u.i.k.p.i.AbstractProblemLoader Init config took 2.21s 
225813     INFO  main            d.u.i.k.p.i.AbstractProblemLoader Replaying proof normalisation3.key.proof 
225816     DEBUG main            d.u.i.k.p.i.IntermediateProofReplayer Proof replay took 2.06ms 
225817     DEBUG main            d.u.i.k.p.r.p.TestFile    ... success: reloaded. 
225818     INFO  main            d.u.i.k.p.r.p.TestFile    Now processing file /home/runner/work/key/key/key.core/../key.ui/examples/standard_key/quantifiers/normalisation4.key 
225818     INFO  main            d.u.i.k.p.i.AbstractProblemLoader Loading environment from /home/runner/work/key/key/key.core/../key.ui/examples/standard_key/quantifiers/normalisation4.key 
225818     DEBUG main            d.u.i.k.p.i.AbstractProblemLoader Environment load took 97.8ns 
225819     INFO  main            d.u.i.k.p.i.AbstractProblemLoader Creating init config 
228082     DEBUG main            d.u.i.k.p.i.AbstractProblemLoader Init config took 2.26s 
228095     INFO  main            d.u.i.k.p.i.AbstractProblemLoader Replaying proof normalisation4.key 
228096     DEBUG main            d.u.i.k.p.i.IntermediateProofReplayer Proof replay took 7.6ns 
228198     INFO  main            d.u.i.k.p.r.p.TestFile    ... finished proof: closed. 
228613     INFO  main            d.u.i.k.p.i.AbstractProblemLoader Loading environment from /home/runner/work/key/key/key.core/../key.ui/examples/standard_key/quantifiers/normalisation4.key.proof 
228614     DEBUG main            d.u.i.k.p.i.AbstractProblemLoader Environment load took 94.9ns 
228615     INFO  main            d.u.i.k.p.i.AbstractProblemLoader Creating init config 
230821     DEBUG main            d.u.i.k.p.i.AbstractProblemLoader Init config took 2.21s 
230834     INFO  main            d.u.i.k.p.i.AbstractProblemLoader Replaying proof normalisation4.key.proof 
230839     DEBUG main            d.u.i.k.p.i.IntermediateProofReplayer Proof replay took 3.99ms 
230841     DEBUG main            d.u.i.k.p.r.p.TestFile    ... success: reloaded. 
230841     INFO  main            d.u.i.k.p.r.p.TestFile    Now processing file /home/runner/work/key/key/key.core/../key.ui/examples/standard_key/quantifiers/normalisation5.key 
230842     INFO  main            d.u.i.k.p.i.AbstractProblemLoader Loading environment from /home/runner/work/key/key/key.core/../key.ui/examples/standard_key/quantifiers/normalisation5.key 
230842     DEBUG main            d.u.i.k.p.i.AbstractProblemLoader Environment load took 78.5ns 
230843     INFO  main            d.u.i.k.p.i.AbstractProblemLoader Creating init config 
233081     DEBUG main            d.u.i.k.p.i.AbstractProblemLoader Init config took 2.24s 
233093     INFO  main            d.u.i.k.p.i.AbstractProblemLoader Replaying proof normalisation5.key 
233095     DEBUG main            d.u.i.k.p.i.IntermediateProofReplayer Proof replay took 7.2ns 
233196     INFO  main            d.u.i.k.p.r.p.TestFile    ... finished proof: closed. 
233553     INFO  main            d.u.i.k.p.i.AbstractProblemLoader Loading environment from /home/runner/work/key/key/key.core/../key.ui/examples/standard_key/quantifiers/normalisation5.key.proof 
233553     DEBUG main            d.u.i.k.p.i.AbstractProblemLoader Environment load took 93.7ns 
233554     INFO  main            d.u.i.k.p.i.AbstractProblemLoader Creating init config 
235788     DEBUG main            d.u.i.k.p.i.AbstractProblemLoader Init config took 2.23s 
235801     INFO  main            d.u.i.k.p.i.AbstractProblemLoader Replaying proof normalisation5.key.proof 
235806     DEBUG main            d.u.i.k.p.i.IntermediateProofReplayer Proof replay took 3.36ms 
235807     DEBUG main            d.u.i.k.p.r.p.TestFile    ... success: reloaded. 
235807     INFO  main            d.u.i.k.p.r.p.TestFile    Now processing file /home/runner/work/key/key/key.core/../key.ui/examples/standard_key/quantifiers/normalisation6.key 
235808     INFO  main            d.u.i.k.p.i.AbstractProblemLoader Loading environment from /home/runner/work/key/key/key.core/../key.ui/examples/standard_key/quantifiers/normalisation6.key 
235808     DEBUG main            d.u.i.k.p.i.AbstractProblemLoader Environment load took 138.8ns 
235809     INFO  main            d.u.i.k.p.i.AbstractProblemLoader Creating init config 
238058     DEBUG main            d.u.i.k.p.i.AbstractProblemLoader Init config took 2.25s 
238071     INFO  main            d.u.i.k.p.i.AbstractProblemLoader Replaying proof normalisation6.key 
238072     DEBUG main            d.u.i.k.p.i.IntermediateProofReplayer Proof replay took 7.1ns 
238174     INFO  main            d.u.i.k.p.r.p.TestFile    ... finished proof: closed. 
238520     INFO  main            d.u.i.k.p.i.AbstractProblemLoader Loading environment from /home/runner/work/key/key/key.core/../key.ui/examples/standard_key/quantifiers/normalisation6.key.proof 
238521     DEBUG main            d.u.i.k.p.i.AbstractProblemLoader Environment load took 84.7ns 
238522     INFO  main            d.u.i.k.p.i.AbstractProblemLoader Creating init config 
240734     DEBUG main            d.u.i.k.p.i.AbstractProblemLoader Init config took 2.21s 
240746     INFO  main            d.u.i.k.p.i.AbstractProblemLoader Replaying proof normalisation6.key.proof 
240750     DEBUG main            d.u.i.k.p.i.IntermediateProofReplayer Proof replay took 1.98ms 
240750     DEBUG main            d.u.i.k.p.r.p.TestFile    ... success: reloaded. 
240751     INFO  main            d.u.i.k.p.r.p.TestFile    Now processing file /home/runner/work/key/key/key.core/../key.ui/examples/standard_key/quantifiers/normalisation7.key 
240751     INFO  main            d.u.i.k.p.i.AbstractProblemLoader Loading environment from /home/runner/work/key/key/key.core/../key.ui/examples/standard_key/quantifiers/normalisation7.key 
240752     DEBUG main            d.u.i.k.p.i.AbstractProblemLoader Environment load took 95.1ns 
240752     INFO  main            d.u.i.k.p.i.AbstractProblemLoader Creating init config 
242984     DEBUG main            d.u.i.k.p.i.AbstractProblemLoader Init config took 2.23s 
242997     INFO  main            d.u.i.k.p.i.AbstractProblemLoader Replaying proof normalisation7.key 
242998     DEBUG main            d.u.i.k.p.i.IntermediateProofReplayer Proof replay took 6.7ns 
243100     INFO  main            d.u.i.k.p.r.p.TestFile    ... finished proof: closed. 
243450     INFO  main            d.u.i.k.p.i.AbstractProblemLoader Loading environment from /home/runner/work/key/key/key.core/../key.ui/examples/standard_key/quantifiers/normalisation7.key.proof 
243450     DEBUG main            d.u.i.k.p.i.AbstractProblemLoader Environment load took 103.5ns 
243451     INFO  main            d.u.i.k.p.i.AbstractProblemLoader Creating init config 
245652     DEBUG main            d.u.i.k.p.i.AbstractProblemLoader Init config took 2.2s 
245669     INFO  main            d.u.i.k.p.i.AbstractProblemLoader Replaying proof normalisation7.key.proof 
245672     DEBUG main            d.u.i.k.p.i.IntermediateProofReplayer Proof replay took 1.87ms 
245673     DEBUG main            d.u.i.k.p.r.p.TestFile    ... success: reloaded. 
245674     INFO  main            d.u.i.k.p.r.p.TestFile    Now processing file /home/runner/work/key/key/key.core/../key.ui/examples/standard_key/quantifiers/normalisation8.key 
245674     INFO  main            d.u.i.k.p.i.AbstractProblemLoader Loading environment from /home/runner/work/key/key/key.core/../key.ui/examples/standard_key/quantifiers/normalisation8.key 
245674     DEBUG main            d.u.i.k.p.i.AbstractProblemLoader Environment load took 149.9ns 
245675     INFO  main            d.u.i.k.p.i.AbstractProblemLoader Creating init config 
247925     DEBUG main            d.u.i.k.p.i.AbstractProblemLoader Init config took 2.25s 
247938     INFO  main            d.u.i.k.p.i.AbstractProblemLoader Replaying proof normalisation8.key 
247940     DEBUG main            d.u.i.k.p.i.IntermediateProofReplayer Proof replay took 7.8ns 
248041     INFO  main            d.u.i.k.p.r.p.TestFile    ... finished proof: closed. 
248390     INFO  main            d.u.i.k.p.i.AbstractProblemLoader Loading environment from /home/runner/work/key/key/key.core/../key.ui/examples/standard_key/quantifiers/normalisation8.key.proof 
248390     DEBUG main            d.u.i.k.p.i.AbstractProblemLoader Environment load took 86.2ns 
248391     INFO  main            d.u.i.k.p.i.AbstractProblemLoader Creating init config 
250612     DEBUG main            d.u.i.k.p.i.AbstractProblemLoader Init config took 2.22s 
250626     INFO  main            d.u.i.k.p.i.AbstractProblemLoader Replaying proof normalisation8.key.proof 
250632     DEBUG main            d.u.i.k.p.i.IntermediateProofReplayer Proof replay took 4.75ms 
250633     DEBUG main            d.u.i.k.p.r.p.TestFile    ... success: reloaded. 
250633     INFO  main            d.u.i.k.p.r.p.TestFile    Now processing file /home/runner/work/key/key/key.core/../key.ui/examples/standard_key/quantifiers/normalisation9.key 
250634     INFO  main            d.u.i.k.p.i.AbstractProblemLoader Loading environment from /home/runner/work/key/key/key.core/../key.ui/examples/standard_key/quantifiers/normalisation9.key 
250634     DEBUG main            d.u.i.k.p.i.AbstractProblemLoader Environment load took 81.7ns 
250635     INFO  main            d.u.i.k.p.i.AbstractProblemLoader Creating init config 
252870     DEBUG main            d.u.i.k.p.i.AbstractProblemLoader Init config took 2.24s 
252883     INFO  main            d.u.i.k.p.i.AbstractProblemLoader Replaying proof normalisation9.key 
252884     DEBUG main            d.u.i.k.p.i.IntermediateProofReplayer Proof replay took 7.1ns 
252986     INFO  main            d.u.i.k.p.r.p.TestFile    ... finished proof: closed. 
253345     INFO  main            d.u.i.k.p.i.AbstractProblemLoader Loading environment from /home/runner/work/key/key/key.core/../key.ui/examples/standard_key/quantifiers/normalisation9.key.proof 
253345     DEBUG main            d.u.i.k.p.i.AbstractProblemLoader Environment load took 107.4ns 
253346     INFO  main            d.u.i.k.p.i.AbstractProblemLoader Creating init config 
255547     DEBUG main            d.u.i.k.p.i.AbstractProblemLoader Init config took 2.2s 
255560     INFO  main            d.u.i.k.p.i.AbstractProblemLoader Replaying proof normalisation9.key.proof 
255569     DEBUG main            d.u.i.k.p.i.IntermediateProofReplayer Proof replay took 6.63ms 
255570     DEBUG main            d.u.i.k.p.r.p.TestFile    ... success: reloaded. 
255571     INFO  main            d.u.i.k.p.r.p.TestFile    Now processing file /home/runner/work/key/key/key.core/../key.ui/examples/standard_key/quantifiers/normalisation10.key 
255571     INFO  main            d.u.i.k.p.i.AbstractProblemLoader Loading environment from /home/runner/work/key/key/key.core/../key.ui/examples/standard_key/quantifiers/normalisation10.key 
255572     DEBUG main            d.u.i.k.p.i.AbstractProblemLoader Environment load took 152.8ns 
255573     INFO  main            d.u.i.k.p.i.AbstractProblemLoader Creating init config 
257832     DEBUG main            d.u.i.k.p.i.AbstractProblemLoader Init config took 2.26s 
257845     INFO  main            d.u.i.k.p.i.AbstractProblemLoader Replaying proof normalisation10.key 
257846     DEBUG main            d.u.i.k.p.i.IntermediateProofReplayer Proof replay took 6.3ns 
257949     INFO  main            d.u.i.k.p.r.p.TestFile    ... finished proof: closed. 
258311     INFO  main            d.u.i.k.p.i.AbstractProblemLoader Loading environment from /home/runner/work/key/key/key.core/../key.ui/examples/standard_key/quantifiers/normalisation10.key.proof 
258311     DEBUG main            d.u.i.k.p.i.AbstractProblemLoader Environment load took 89.8ns 
258312     INFO  main            d.u.i.k.p.i.AbstractProblemLoader Creating init config 
260518     DEBUG main            d.u.i.k.p.i.AbstractProblemLoader Init config took 2.21s 
260531     INFO  main            d.u.i.k.p.i.AbstractProblemLoader Replaying proof normalisation10.key.proof 
260537     DEBUG main            d.u.i.k.p.i.IntermediateProofReplayer Proof replay took 4.22ms 
260538     DEBUG main            d.u.i.k.p.r.p.TestFile    ... success: reloaded. 
260538     INFO  main            d.u.i.k.p.r.p.TestFile    Now processing file /home/runner/work/key/key/key.core/../key.ui/examples/standard_key/quantifiers/normalisation12.key 
260539     INFO  main            d.u.i.k.p.i.AbstractProblemLoader Loading environment from /home/runner/work/key/key/key.core/../key.ui/examples/standard_key/quantifiers/normalisation12.key 
260539     DEBUG main            d.u.i.k.p.i.AbstractProblemLoader Environment load took 73.3ns 
260540     INFO  main            d.u.i.k.p.i.AbstractProblemLoader Creating init config 
262805     DEBUG main            d.u.i.k.p.i.AbstractProblemLoader Init config took 2.27s 
262818     INFO  main            d.u.i.k.p.i.AbstractProblemLoader Replaying proof normalisation12.key 
262819     DEBUG main            d.u.i.k.p.i.IntermediateProofReplayer Proof replay took 8.2ns 
262921     INFO  main            d.u.i.k.p.r.p.TestFile    ... finished proof: closed. 
263304     INFO  main            d.u.i.k.p.i.AbstractProblemLoader Loading environment from /home/runner/work/key/key/key.core/../key.ui/examples/standard_key/quantifiers/normalisation12.key.proof 
263304     DEBUG main            d.u.i.k.p.i.AbstractProblemLoader Environment load took 90.3ns 
263305     INFO  main            d.u.i.k.p.i.AbstractProblemLoader Creating init config 
265516     DEBUG main            d.u.i.k.p.i.AbstractProblemLoader Init config took 2.21s 
265530     INFO  main            d.u.i.k.p.i.AbstractProblemLoader Replaying proof normalisation12.key.proof 
265532     DEBUG main            d.u.i.k.p.i.IntermediateProofReplayer Proof replay took 1ms 
265533     DEBUG main            d.u.i.k.p.r.p.TestFile    ... success: reloaded. 
265533     INFO  main            d.u.i.k.p.r.p.TestFile    Now processing file /home/runner/work/key/key/key.core/../key.ui/examples/standard_key/quantifiers/normalisation13.key 
265534     INFO  main            d.u.i.k.p.i.AbstractProblemLoader Loading environment from /home/runner/work/key/key/key.core/../key.ui/examples/standard_key/quantifiers/normalisation13.key 
265534     DEBUG main            d.u.i.k.p.i.AbstractProblemLoader Environment load took 72.7ns 
265534     INFO  main            d.u.i.k.p.i.AbstractProblemLoader Creating init config 
267777     DEBUG main            d.u.i.k.p.i.AbstractProblemLoader Init config took 2.24s 
267789     INFO  main            d.u.i.k.p.i.AbstractProblemLoader Replaying proof normalisation13.key 
267791     DEBUG main            d.u.i.k.p.i.IntermediateProofReplayer Proof replay took 7.2ns 
267893     INFO  main            d.u.i.k.p.r.p.TestFile    ... finished proof: closed. 
268268     INFO  main            d.u.i.k.p.i.AbstractProblemLoader Loading environment from /home/runner/work/key/key/key.core/../key.ui/examples/standard_key/quantifiers/normalisation13.key.proof 
268268     DEBUG main            d.u.i.k.p.i.AbstractProblemLoader Environment load took 90.7ns 
268269     INFO  main            d.u.i.k.p.i.AbstractProblemLoader Creating init config 
270481     DEBUG main            d.u.i.k.p.i.AbstractProblemLoader Init config took 2.21s 
270494     INFO  main            d.u.i.k.p.i.AbstractProblemLoader Replaying proof normalisation13.key.proof 
270495     DEBUG main            d.u.i.k.p.i.IntermediateProofReplayer Proof replay took 520.21ns 
270497     DEBUG main            d.u.i.k.p.r.p.TestFile    ... success: reloaded. 
270497     INFO  main            d.u.i.k.p.r.p.TestFile    Now processing file /home/runner/work/key/key/key.core/../key.ui/examples/standard_key/quantifiers/triggers0.key 
270498     INFO  main            d.u.i.k.p.i.AbstractProblemLoader Loading environment from /home/runner/work/key/key/key.core/../key.ui/examples/standard_key/quantifiers/triggers0.key 
270498     DEBUG main            d.u.i.k.p.i.AbstractProblemLoader Environment load took 73.4ns 
270498     INFO  main            d.u.i.k.p.i.AbstractProblemLoader Creating init config 
272742     DEBUG main            d.u.i.k.p.i.AbstractProblemLoader Init config took 2.24s 
272754     INFO  main            d.u.i.k.p.i.AbstractProblemLoader Replaying proof triggers0.key 
272756     DEBUG main            d.u.i.k.p.i.IntermediateProofReplayer Proof replay took 7.9ns 
272858     INFO  main            d.u.i.k.p.r.p.TestFile    ... finished proof: closed. 
273243     INFO  main            d.u.i.k.p.i.AbstractProblemLoader Loading environment from /home/runner/work/key/key/key.core/../key.ui/examples/standard_key/quantifiers/triggers0.key.proof 
273243     DEBUG main            d.u.i.k.p.i.AbstractProblemLoader Environment load took 85.5ns 
273244     INFO  main            d.u.i.k.p.i.AbstractProblemLoader Creating init config 
275441     DEBUG main            d.u.i.k.p.i.AbstractProblemLoader Init config took 2.2s 
275453     INFO  main            d.u.i.k.p.i.AbstractProblemLoader Replaying proof triggers0.key.proof 
275456     DEBUG main            d.u.i.k.p.i.IntermediateProofReplayer Proof replay took 1.31ms 
275457     DEBUG main            d.u.i.k.p.r.p.TestFile    ... success: reloaded. 
3877752    INFO  Test worker     d.u.i.k.p.r.RunAllProofsTestUnit Returning from test FOL 
3877753    INFO  Test worker     d.u.i.k.p.r.RunAllProofsTestUnit Running test strings 
330        INFO  Timeout watchdog d.u.i.k.p.r.p.ForkedTestFileRunner Timeout watcher launched (2000 secs.) 
333        WARN  main            d.u.i.k.s.ProofSettings   The settings in /home/runner/.key/proof-settings.props are *not* read. 
380        INFO  main            d.u.i.k.p.r.p.TestFile    Now processing file /home/runner/work/key/key/key.core/../key.ui/examples/standard_key/strings/charAt0.key 
495        INFO  main            d.u.i.k.p.i.AbstractProblemLoader Loading environment from /home/runner/work/key/key/key.core/../key.ui/examples/standard_key/strings/charAt0.key 
511        DEBUG main            d.u.i.k.p.i.AbstractProblemLoader Environment load took 1.81ms 
770        INFO  main            d.u.i.k.p.i.AbstractProblemLoader Creating init config 
1589       DEBUG main            d.u.i.k.j.TypeConverter   No LDT found for Meta 
1589       DEBUG main            d.u.i.k.j.TypeConverter   No LDT found for Meta 
1591       DEBUG main            d.u.i.k.j.TypeConverter   No LDT found for Meta 
1591       DEBUG main            d.u.i.k.j.TypeConverter   No LDT found for Meta 
3205       DEBUG main            d.u.i.k.j.TypeConverter   No LDT found for JavaBigintExpression 
7971       DEBUG main            d.u.i.k.p.i.AbstractProblemLoader Init config took 7.2s 
8030       INFO  main            d.u.i.k.p.i.AbstractProblemLoader Replaying proof charAt0.key 
8063       DEBUG main            d.u.i.k.p.i.IntermediateProofReplayer Proof replay took 37.4ns 
8508       INFO  main            d.u.i.k.p.r.p.TestFile    ... finished proof: closed. 
8620       INFO  main            d.u.i.k.p.i.AbstractProblemLoader Loading environment from /home/runner/work/key/key/key.core/../key.ui/examples/standard_key/strings/charAt0.key.proof 
8620       DEBUG main            d.u.i.k.p.i.AbstractProblemLoader Environment load took 163.5ns 
8624       INFO  main            d.u.i.k.p.i.AbstractProblemLoader Creating init config 
11381      DEBUG main            d.u.i.k.p.i.AbstractProblemLoader Init config took 2.76s 
11424      INFO  main            d.u.i.k.p.i.AbstractProblemLoader Replaying proof charAt0.key.proof 
11444      DEBUG main            d.u.i.k.p.i.IntermediateProofReplayer Proof replay took 15.81ms 
11455      DEBUG main            d.u.i.k.p.r.p.TestFile    ... success: reloaded. 
11456      INFO  main            d.u.i.k.p.r.p.TestFile    Now processing file /home/runner/work/key/key/key.core/../key.ui/examples/standard_key/strings/charAt1.key 
11457      INFO  main            d.u.i.k.p.i.AbstractProblemLoader Loading environment from /home/runner/work/key/key/key.core/../key.ui/examples/standard_key/strings/charAt1.key 
11457      DEBUG main            d.u.i.k.p.i.AbstractProblemLoader Environment load took 193.7ns 
11459      INFO  main            d.u.i.k.p.i.AbstractProblemLoader Creating init config 
14006      DEBUG main            d.u.i.k.p.i.AbstractProblemLoader Init config took 2.55s 
14034      INFO  main            d.u.i.k.p.i.AbstractProblemLoader Replaying proof charAt1.key 
14036      DEBUG main            d.u.i.k.p.i.IntermediateProofReplayer Proof replay took 7.1ns 
14244      INFO  main            d.u.i.k.p.r.p.TestFile    ... finished proof: closed. 
14378      INFO  main            d.u.i.k.p.i.AbstractProblemLoader Loading environment from /home/runner/work/key/key/key.core/../key.ui/examples/standard_key/strings/charAt1.key.proof 
14378      DEBUG main            d.u.i.k.p.i.AbstractProblemLoader Environment load took 370.2ns 
14380      INFO  main            d.u.i.k.p.i.AbstractProblemLoader Creating init config 
16893      DEBUG main            d.u.i.k.p.i.AbstractProblemLoader Init config took 2.51s 
16917      INFO  main            d.u.i.k.p.i.AbstractProblemLoader Replaying proof charAt1.key.proof 
16934      DEBUG main            d.u.i.k.p.i.IntermediateProofReplayer Proof replay took 14.35ms 
16936      DEBUG main            d.u.i.k.p.r.p.TestFile    ... success: reloaded. 
16937      INFO  main            d.u.i.k.p.r.p.TestFile    Now processing file /home/runner/work/key/key/key.core/../key.ui/examples/standard_key/strings/concat1.key 
16937      INFO  main            d.u.i.k.p.i.AbstractProblemLoader Loading environment from /home/runner/work/key/key/key.core/../key.ui/examples/standard_key/strings/concat1.key 
16937      DEBUG main            d.u.i.k.p.i.AbstractProblemLoader Environment load took 186.3ns 
16938      INFO  main            d.u.i.k.p.i.AbstractProblemLoader Creating init config 
19472      DEBUG main            d.u.i.k.p.i.AbstractProblemLoader Init config took 2.53s 
19495      INFO  main            d.u.i.k.p.i.AbstractProblemLoader Replaying proof concat1.key 
19502      DEBUG main            d.u.i.k.p.i.IntermediateProofReplayer Proof replay took 7.6ns 
19608      INFO  main            d.u.i.k.p.r.p.TestFile    ... finished proof: closed. 
19753      INFO  main            d.u.i.k.p.i.AbstractProblemLoader Loading environment from /home/runner/work/key/key/key.core/../key.ui/examples/standard_key/strings/concat1.key.proof 
19753      DEBUG main            d.u.i.k.p.i.AbstractProblemLoader Environment load took 122.9ns 
19757      INFO  main            d.u.i.k.p.i.AbstractProblemLoader Creating init config 
22255      DEBUG main            d.u.i.k.p.i.AbstractProblemLoader Init config took 2.5s 
22275      INFO  main            d.u.i.k.p.i.AbstractProblemLoader Replaying proof concat1.key.proof 
22278      DEBUG main            d.u.i.k.p.i.IntermediateProofReplayer Proof replay took 1.36ms 
22279      DEBUG main            d.u.i.k.p.r.p.TestFile    ... success: reloaded. 
22279      INFO  main            d.u.i.k.p.r.p.TestFile    Now processing file /home/runner/work/key/key/key.core/../key.ui/examples/standard_key/strings/concat2.key 
22280      INFO  main            d.u.i.k.p.i.AbstractProblemLoader Loading environment from /home/runner/work/key/key/key.core/../key.ui/examples/standard_key/strings/concat2.key 
22280      DEBUG main            d.u.i.k.p.i.AbstractProblemLoader Environment load took 81.3ns 
22281      INFO  main            d.u.i.k.p.i.AbstractProblemLoader Creating init config 
24766      DEBUG main            d.u.i.k.p.i.AbstractProblemLoader Init config took 2.49s 
24786      INFO  main            d.u.i.k.p.i.AbstractProblemLoader Replaying proof concat2.key 
24788      DEBUG main            d.u.i.k.p.i.IntermediateProofReplayer Proof replay took 6.8ns 
24891      INFO  main            d.u.i.k.p.r.p.TestFile    ... finished proof: closed. 
25062      INFO  main            d.u.i.k.p.i.AbstractProblemLoader Loading environment from /home/runner/work/key/key/key.core/../key.ui/examples/standard_key/strings/concat2.key.proof 
25062      DEBUG main            d.u.i.k.p.i.AbstractProblemLoader Environment load took 120ns 
25063      INFO  main            d.u.i.k.p.i.AbstractProblemLoader Creating init config 
27490      DEBUG main            d.u.i.k.p.i.AbstractProblemLoader Init config took 2.43s 
27510      INFO  main            d.u.i.k.p.i.AbstractProblemLoader Replaying proof concat2.key.proof 
27532      DEBUG main            d.u.i.k.p.i.IntermediateProofReplayer Proof replay took 19.98ms 
27535      DEBUG main            d.u.i.k.p.r.p.TestFile    ... success: reloaded. 
27536      INFO  main            d.u.i.k.p.r.p.TestFile    Now processing file /home/runner/work/key/key/key.core/../key.ui/examples/standard_key/strings/deriveLength1.key 
27536      INFO  main            d.u.i.k.p.i.AbstractProblemLoader Loading environment from /home/runner/work/key/key/key.core/../key.ui/examples/standard_key/strings/deriveLength1.key 
27536      DEBUG main            d.u.i.k.p.i.AbstractProblemLoader Environment load took 96.8ns 
27537      INFO  main            d.u.i.k.p.i.AbstractProblemLoader Creating init config 
29929      DEBUG main            d.u.i.k.p.i.AbstractProblemLoader Init config took 2.39s 
29951      INFO  main            d.u.i.k.p.i.AbstractProblemLoader Replaying proof deriveLength1.key 
29954      DEBUG main            d.u.i.k.p.i.IntermediateProofReplayer Proof replay took 7.4ns 
30060      INFO  main            d.u.i.k.p.r.p.TestFile    ... finished proof: closed. 
30229      INFO  main            d.u.i.k.p.i.AbstractProblemLoader Loading environment from /home/runner/work/key/key/key.core/../key.ui/examples/standard_key/strings/deriveLength1.key.proof 
30229      DEBUG main            d.u.i.k.p.i.AbstractProblemLoader Environment load took 130.5ns 
30231      INFO  main            d.u.i.k.p.i.AbstractProblemLoader Creating init config 
32583      DEBUG main            d.u.i.k.p.i.AbstractProblemLoader Init config took 2.35s 
32602      INFO  main            d.u.i.k.p.i.AbstractProblemLoader Replaying proof deriveLength1.key.proof 
32613      DEBUG main            d.u.i.k.p.i.IntermediateProofReplayer Proof replay took 8.89ms 
32614      DEBUG main            d.u.i.k.p.r.p.TestFile    ... success: reloaded. 
32615      INFO  main            d.u.i.k.p.r.p.TestFile    Now processing file /home/runner/work/key/key/key.core/../key.ui/examples/standard_key/strings/emptyStringLengthZero.key 
32615      INFO  main            d.u.i.k.p.i.AbstractProblemLoader Loading environment from /home/runner/work/key/key/key.core/../key.ui/examples/standard_key/strings/emptyStringLengthZero.key 
32615      DEBUG main            d.u.i.k.p.i.AbstractProblemLoader Environment load took 173ns 
32616      INFO  main            d.u.i.k.p.i.AbstractProblemLoader Creating init config 
35011      DEBUG main            d.u.i.k.p.i.AbstractProblemLoader Init config took 2.4s 
35031      INFO  main            d.u.i.k.p.i.AbstractProblemLoader Replaying proof emptyStringLengthZero.key 
35032      DEBUG main            d.u.i.k.p.i.IntermediateProofReplayer Proof replay took 7ns 
35137      INFO  main            d.u.i.k.p.r.p.TestFile    ... finished proof: closed. 
35332      INFO  main            d.u.i.k.p.i.AbstractProblemLoader Loading environment from /home/runner/work/key/key/key.core/../key.ui/examples/standard_key/strings/emptyStringLengthZero.key.proof 
35332      DEBUG main            d.u.i.k.p.i.AbstractProblemLoader Environment load took 119.8ns 
35333      INFO  main            d.u.i.k.p.i.AbstractProblemLoader Creating init config 
37685      DEBUG main            d.u.i.k.p.i.AbstractProblemLoader Init config took 2.35s 
37702      INFO  main            d.u.i.k.p.i.AbstractProblemLoader Replaying proof emptyStringLengthZero.key.proof 
37707      DEBUG main            d.u.i.k.p.i.IntermediateProofReplayer Proof replay took 3.52ms 
37709      DEBUG main            d.u.i.k.p.r.p.TestFile    ... success: reloaded. 
37709      INFO  main            d.u.i.k.p.r.p.TestFile    Now processing file /home/runner/work/key/key/key.core/../key.ui/examples/standard_key/strings/implicitBooleanStringConversion.key 
37710      INFO  main            d.u.i.k.p.i.AbstractProblemLoader Loading environment from /home/runner/work/key/key/key.core/../key.ui/examples/standard_key/strings/implicitBooleanStringConversion.key 
37710      DEBUG main            d.u.i.k.p.i.AbstractProblemLoader Environment load took 172.9ns 
37711      INFO  main            d.u.i.k.p.i.AbstractProblemLoader Creating init config 
40136      DEBUG main            d.u.i.k.p.i.AbstractProblemLoader Init config took 2.43s 
40161      INFO  main            d.u.i.k.p.i.AbstractProblemLoader Replaying proof implicitBooleanStringConversion.key 
40166      DEBUG main            d.u.i.k.p.i.IntermediateProofReplayer Proof replay took 8.4ns 
41180      INFO  main            d.u.i.k.p.r.p.TestFile    ... finished proof: closed. 
41390      INFO  main            d.u.i.k.p.i.AbstractProblemLoader Loading environment from /home/runner/work/key/key/key.core/../key.ui/examples/standard_key/strings/implicitBooleanStringConversion.key.proof 
41390      DEBUG main            d.u.i.k.p.i.AbstractProblemLoader Environment load took 353.4ns 
41392      INFO  main            d.u.i.k.p.i.AbstractProblemLoader Creating init config 
43784      DEBUG main            d.u.i.k.p.i.AbstractProblemLoader Init config took 2.39s 
43803      INFO  main            d.u.i.k.p.i.AbstractProblemLoader Replaying proof implicitBooleanStringConversion.key.proof 
43899      DEBUG main            d.u.i.k.p.i.IntermediateProofReplayer Proof replay took 90.35ms 
43900      DEBUG main            d.u.i.k.p.r.p.TestFile    ... success: reloaded. 
43900      INFO  main            d.u.i.k.p.r.p.TestFile    Now processing file /home/runner/work/key/key/key.core/../key.ui/examples/standard_key/strings/implicitBooleanStringConversion2.key 
43901      INFO  main            d.u.i.k.p.i.AbstractProblemLoader Loading environment from /home/runner/work/key/key/key.core/../key.ui/examples/standard_key/strings/implicitBooleanStringConversion2.key 
43901      DEBUG main            d.u.i.k.p.i.AbstractProblemLoader Environment load took 102.9ns 
43902      INFO  main            d.u.i.k.p.i.AbstractProblemLoader Creating init config 
46267      DEBUG main            d.u.i.k.p.i.AbstractProblemLoader Init config took 2.37s 
46287      INFO  main            d.u.i.k.p.i.AbstractProblemLoader Replaying proof implicitBooleanStringConversion2.key 
46289      DEBUG main            d.u.i.k.p.i.IntermediateProofReplayer Proof replay took 6.8ns 
46593      INFO  main            d.u.i.k.p.r.p.TestFile    ... finished proof: closed. 
46788      INFO  main            d.u.i.k.p.i.AbstractProblemLoader Loading environment from /home/runner/work/key/key/key.core/../key.ui/examples/standard_key/strings/implicitBooleanStringConversion2.key.proof 
46792      DEBUG main            d.u.i.k.p.i.AbstractProblemLoader Environment load took 3.28ms 
46793      INFO  main            d.u.i.k.p.i.AbstractProblemLoader Creating init config 
49131      DEBUG main            d.u.i.k.p.i.AbstractProblemLoader Init config took 2.34s 
49151      INFO  main            d.u.i.k.p.i.AbstractProblemLoader Replaying proof implicitBooleanStringConversion2.key.proof 
49198      DEBUG main            d.u.i.k.p.i.IntermediateProofReplayer Proof replay took 42.98ms 
49200      DEBUG main            d.u.i.k.p.r.p.TestFile    ... success: reloaded. 
49201      INFO  main            d.u.i.k.p.r.p.TestFile    Now processing file /home/runner/work/key/key/key.core/../key.ui/examples/standard_key/strings/implicitIntStringConversion.key 
49204      INFO  main            d.u.i.k.p.i.AbstractProblemLoader Loading environment from /home/runner/work/key/key/key.core/../key.ui/examples/standard_key/strings/implicitIntStringConversion.key 
49204      DEBUG main            d.u.i.k.p.i.AbstractProblemLoader Environment load took 206.4ns 
49205      INFO  main            d.u.i.k.p.i.AbstractProblemLoader Creating init config 
51580      DEBUG main            d.u.i.k.p.i.AbstractProblemLoader Init config took 2.38s 
51602      INFO  main            d.u.i.k.p.i.AbstractProblemLoader Replaying proof implicitIntStringConversion.key 
51605      DEBUG main            d.u.i.k.p.i.IntermediateProofReplayer Proof replay took 7.8ns 
52309      INFO  main            d.u.i.k.p.r.p.TestFile    ... finished proof: closed. 
52501      INFO  main            d.u.i.k.p.i.AbstractProblemLoader Loading environment from /home/runner/work/key/key/key.core/../key.ui/examples/standard_key/strings/implicitIntStringConversion.key.proof 
52501      DEBUG main            d.u.i.k.p.i.AbstractProblemLoader Environment load took 124ns 
52502      INFO  main            d.u.i.k.p.i.AbstractProblemLoader Creating init config 
54880      DEBUG main            d.u.i.k.p.i.AbstractProblemLoader Init config took 2.38s 
54900      INFO  main            d.u.i.k.p.i.AbstractProblemLoader Replaying proof implicitIntStringConversion.key.proof 
54987      DEBUG main            d.u.i.k.p.i.IntermediateProofReplayer Proof replay took 81ms 
54988      DEBUG main            d.u.i.k.p.r.p.TestFile    ... success: reloaded. 
54989      INFO  main            d.u.i.k.p.r.p.TestFile    Now processing file /home/runner/work/key/key/key.core/../key.ui/examples/standard_key/strings/implicitNullStringConversion.key 
54989      INFO  main            d.u.i.k.p.i.AbstractProblemLoader Loading environment from /home/runner/work/key/key/key.core/../key.ui/examples/standard_key/strings/implicitNullStringConversion.key 
54989      DEBUG main            d.u.i.k.p.i.AbstractProblemLoader Environment load took 94.2ns 
54990      INFO  main            d.u.i.k.p.i.AbstractProblemLoader Creating init config 
57368      DEBUG main            d.u.i.k.p.i.AbstractProblemLoader Init config took 2.38s 
57385      INFO  main            d.u.i.k.p.i.AbstractProblemLoader Replaying proof implicitNullStringConversion.key 
57386      DEBUG main            d.u.i.k.p.i.IntermediateProofReplayer Proof replay took 8ns 
57693      INFO  main            d.u.i.k.p.r.p.TestFile    ... finished proof: closed. 
57893      INFO  main            d.u.i.k.p.i.AbstractProblemLoader Loading environment from /home/runner/work/key/key/key.core/../key.ui/examples/standard_key/strings/implicitNullStringConversion.key.proof 
57893      DEBUG main            d.u.i.k.p.i.AbstractProblemLoader Environment load took 119.3ns 
57894      INFO  main            d.u.i.k.p.i.AbstractProblemLoader Creating init config 
60266      DEBUG main            d.u.i.k.p.i.AbstractProblemLoader Init config took 2.37s 
60283      INFO  main            d.u.i.k.p.i.AbstractProblemLoader Replaying proof implicitNullStringConversion.key.proof 
60316      DEBUG main            d.u.i.k.p.i.IntermediateProofReplayer Proof replay took 29.58ms 
60317      DEBUG main            d.u.i.k.p.r.p.TestFile    ... success: reloaded. 
60317      INFO  main            d.u.i.k.p.r.p.TestFile    Now processing file /home/runner/work/key/key/key.core/../key.ui/examples/standard_key/strings/implicitNullStringConversion2.key 
60318      INFO  main            d.u.i.k.p.i.AbstractProblemLoader Loading environment from /home/runner/work/key/key/key.core/../key.ui/examples/standard_key/strings/implicitNullStringConversion2.key 
60318      DEBUG main            d.u.i.k.p.i.AbstractProblemLoader Environment load took 208.8ns 
60319      INFO  main            d.u.i.k.p.i.AbstractProblemLoader Creating init config 
62641      DEBUG main            d.u.i.k.p.i.AbstractProblemLoader Init config took 2.32s 
62658      INFO  main            d.u.i.k.p.i.AbstractProblemLoader Replaying proof implicitNullStringConversion2.key 
62659      DEBUG main            d.u.i.k.p.i.IntermediateProofReplayer Proof replay took 7ns 
62869      INFO  main            d.u.i.k.p.r.p.TestFile    ... finished proof: closed. 
63073      INFO  main            d.u.i.k.p.i.AbstractProblemLoader Loading environment from /home/runner/work/key/key/key.core/../key.ui/examples/standard_key/strings/implicitNullStringConversion2.key.proof 
63073      DEBUG main            d.u.i.k.p.i.AbstractProblemLoader Environment load took 115.1ns 
63075      INFO  main            d.u.i.k.p.i.AbstractProblemLoader Creating init config 
65417      DEBUG main            d.u.i.k.p.i.AbstractProblemLoader Init config took 2.34s 
65433      INFO  main            d.u.i.k.p.i.AbstractProblemLoader Replaying proof implicitNullStringConversion2.key.proof 
65456      DEBUG main            d.u.i.k.p.i.IntermediateProofReplayer Proof replay took 19.84ms 
65457      DEBUG main            d.u.i.k.p.r.p.TestFile    ... success: reloaded. 
65457      INFO  main            d.u.i.k.p.r.p.TestFile    Now processing file /home/runner/work/key/key/key.core/../key.ui/examples/standard_key/strings/implicitObjectStringConversion.key 
65458      INFO  main            d.u.i.k.p.i.AbstractProblemLoader Loading environment from /home/runner/work/key/key/key.core/../key.ui/examples/standard_key/strings/implicitObjectStringConversion.key 
65458      DEBUG main            d.u.i.k.p.i.AbstractProblemLoader Environment load took 90.4ns 
65459      INFO  main            d.u.i.k.p.i.AbstractProblemLoader Creating init config 
67957      DEBUG main            d.u.i.k.p.i.AbstractProblemLoader Init config took 2.5s 
67974      INFO  main            d.u.i.k.p.i.AbstractProblemLoader Replaying proof implicitObjectStringConversion.key 
67975      DEBUG main            d.u.i.k.p.i.IntermediateProofReplayer Proof replay took 7.8ns 
68486      INFO  main            d.u.i.k.p.r.p.TestFile    ... finished proof: closed. 
68692      INFO  main            d.u.i.k.p.i.AbstractProblemLoader Loading environment from /home/runner/work/key/key/key.core/../key.ui/examples/standard_key/strings/implicitObjectStringConversion.key.proof 
68692      DEBUG main            d.u.i.k.p.i.AbstractProblemLoader Environment load took 145.7ns 
68694      INFO  main            d.u.i.k.p.i.AbstractProblemLoader Creating init config 
71188      DEBUG main            d.u.i.k.p.i.AbstractProblemLoader Init config took 2.49s 
71209      INFO  main            d.u.i.k.p.i.AbstractProblemLoader Replaying proof implicitObjectStringConversion.key.proof 
71263      DEBUG main            d.u.i.k.p.i.IntermediateProofReplayer Proof replay took 50.5ms 
71264      DEBUG main            d.u.i.k.p.r.p.TestFile    ... success: reloaded. 
71265      INFO  main            d.u.i.k.p.r.p.TestFile    Now processing file /home/runner/work/key/key/key.core/../key.ui/examples/standard_key/strings/literalEquality.key 
71265      INFO  main            d.u.i.k.p.i.AbstractProblemLoader Loading environment from /home/runner/work/key/key/key.core/../key.ui/examples/standard_key/strings/literalEquality.key 
71266      DEBUG main            d.u.i.k.p.i.AbstractProblemLoader Environment load took 173.1ns 
71267      INFO  main            d.u.i.k.p.i.AbstractProblemLoader Creating init config 
73656      DEBUG main            d.u.i.k.p.i.AbstractProblemLoader Init config took 2.39s 
73671      INFO  main            d.u.i.k.p.i.AbstractProblemLoader Replaying proof literalEquality.key 
73672      DEBUG main            d.u.i.k.p.i.IntermediateProofReplayer Proof replay took 7.5ns 
73774      INFO  main            d.u.i.k.p.r.p.TestFile    ... finished proof: closed. 
73971      INFO  main            d.u.i.k.p.i.AbstractProblemLoader Loading environment from /home/runner/work/key/key/key.core/../key.ui/examples/standard_key/strings/literalEquality.key.proof 
73971      DEBUG main            d.u.i.k.p.i.AbstractProblemLoader Environment load took 122.6ns 
73972      INFO  main            d.u.i.k.p.i.AbstractProblemLoader Creating init config 
76306      DEBUG main            d.u.i.k.p.i.AbstractProblemLoader Init config took 2.33s 
76322      INFO  main            d.u.i.k.p.i.AbstractProblemLoader Replaying proof literalEquality.key.proof 
76326      DEBUG main            d.u.i.k.p.i.IntermediateProofReplayer Proof replay took 2.29ms 
76327      DEBUG main            d.u.i.k.p.r.p.TestFile    ... success: reloaded. 
76327      INFO  main            d.u.i.k.p.r.p.TestFile    Now processing file /home/runner/work/key/key/key.core/../key.ui/examples/standard_key/strings/replace0.key 
76328      INFO  main            d.u.i.k.p.i.AbstractProblemLoader Loading environment from /home/runner/work/key/key/key.core/../key.ui/examples/standard_key/strings/replace0.key 
76328      DEBUG main            d.u.i.k.p.i.AbstractProblemLoader Environment load took 162.6ns 
76329      INFO  main            d.u.i.k.p.i.AbstractProblemLoader Creating init config 
78675      DEBUG main            d.u.i.k.p.i.AbstractProblemLoader Init config took 2.35s 
78689      INFO  main            d.u.i.k.p.i.AbstractProblemLoader Replaying proof replace0.key 
78690      DEBUG main            d.u.i.k.p.i.IntermediateProofReplayer Proof replay took 8.2ns 
78794      INFO  main            d.u.i.k.p.r.p.TestFile    ... finished proof: closed. 
78993      INFO  main            d.u.i.k.p.i.AbstractProblemLoader Loading environment from /home/runner/work/key/key/key.core/../key.ui/examples/standard_key/strings/replace0.key.proof 
78993      DEBUG main            d.u.i.k.p.i.AbstractProblemLoader Environment load took 115.7ns 
78994      INFO  main            d.u.i.k.p.i.AbstractProblemLoader Creating init config 
81290      DEBUG main            d.u.i.k.p.i.AbstractProblemLoader Init config took 2.3s 
81306      INFO  main            d.u.i.k.p.i.AbstractProblemLoader Replaying proof replace0.key.proof 
81326      DEBUG main            d.u.i.k.p.i.IntermediateProofReplayer Proof replay took 17.71ms 
81328      DEBUG main            d.u.i.k.p.r.p.TestFile    ... success: reloaded. 
81329      INFO  main            d.u.i.k.p.r.p.TestFile    Now processing file /home/runner/work/key/key/key.core/../key.ui/examples/standard_key/strings/replace1.key 
81329      INFO  main            d.u.i.k.p.i.AbstractProblemLoader Loading environment from /home/runner/work/key/key/key.core/../key.ui/examples/standard_key/strings/replace1.key 
81329      DEBUG main            d.u.i.k.p.i.AbstractProblemLoader Environment load took 87.2ns 
81330      INFO  main            d.u.i.k.p.i.AbstractProblemLoader Creating init config 
83703      DEBUG main            d.u.i.k.p.i.AbstractProblemLoader Init config took 2.37s 
83717      INFO  main            d.u.i.k.p.i.AbstractProblemLoader Replaying proof replace1.key 
83718      DEBUG main            d.u.i.k.p.i.IntermediateProofReplayer Proof replay took 8.5ns 
83820      INFO  main            d.u.i.k.p.r.p.TestFile    ... finished proof: closed. 
84025      INFO  main            d.u.i.k.p.i.AbstractProblemLoader Loading environment from /home/runner/work/key/key/key.core/../key.ui/examples/standard_key/strings/replace1.key.proof 
84025      DEBUG main            d.u.i.k.p.i.AbstractProblemLoader Environment load took 131.1ns 
84026      INFO  main            d.u.i.k.p.i.AbstractProblemLoader Creating init config 
86344      DEBUG main            d.u.i.k.p.i.AbstractProblemLoader Init config took 2.32s 
86359      INFO  main            d.u.i.k.p.i.AbstractProblemLoader Replaying proof replace1.key.proof 
86366      DEBUG main            d.u.i.k.p.i.IntermediateProofReplayer Proof replay took 4.63ms 
86367      DEBUG main            d.u.i.k.p.r.p.TestFile    ... success: reloaded. 
86373      INFO  main            d.u.i.k.p.r.p.TestFile    Now processing file /home/runner/work/key/key/key.core/../key.ui/examples/standard_key/strings/simpleAssignment.key 
86373      INFO  main            d.u.i.k.p.i.AbstractProblemLoader Loading environment from /home/runner/work/key/key/key.core/../key.ui/examples/standard_key/strings/simpleAssignment.key 
86373      DEBUG main            d.u.i.k.p.i.AbstractProblemLoader Environment load took 97.9ns 
86375      INFO  main            d.u.i.k.p.i.AbstractProblemLoader Creating init config 
88709      DEBUG main            d.u.i.k.p.i.AbstractProblemLoader Init config took 2.33s 
88724      INFO  main            d.u.i.k.p.i.AbstractProblemLoader Replaying proof simpleAssignment.key 
88726      DEBUG main            d.u.i.k.p.i.IntermediateProofReplayer Proof replay took 8.7ns 
88828      INFO  main            d.u.i.k.p.r.p.TestFile    ... finished proof: closed. 
89066      INFO  main            d.u.i.k.p.i.AbstractProblemLoader Loading environment from /home/runner/work/key/key/key.core/../key.ui/examples/standard_key/strings/simpleAssignment.key.proof 
89066      DEBUG main            d.u.i.k.p.i.AbstractProblemLoader Environment load took 137ns 
89067      INFO  main            d.u.i.k.p.i.AbstractProblemLoader Creating init config 
91370      DEBUG main            d.u.i.k.p.i.AbstractProblemLoader Init config took 2.3s 
91387      INFO  main            d.u.i.k.p.i.AbstractProblemLoader Replaying proof simpleAssignment.key.proof 
91394      DEBUG main            d.u.i.k.p.i.IntermediateProofReplayer Proof replay took 1.52ms 
91396      DEBUG main            d.u.i.k.p.r.p.TestFile    ... success: reloaded. 
91397      INFO  main            d.u.i.k.p.r.p.TestFile    Now processing file /home/runner/work/key/key/key.core/../key.ui/examples/standard_key/strings/simpleLengthComp.key 
91397      INFO  main            d.u.i.k.p.i.AbstractProblemLoader Loading environment from /home/runner/work/key/key/key.core/../key.ui/examples/standard_key/strings/simpleLengthComp.key 
91397      DEBUG main            d.u.i.k.p.i.AbstractProblemLoader Environment load took 168.4ns 
91398      INFO  main            d.u.i.k.p.i.AbstractProblemLoader Creating init config 
93738      DEBUG main            d.u.i.k.p.i.AbstractProblemLoader Init config took 2.34s 
93753      INFO  main            d.u.i.k.p.i.AbstractProblemLoader Replaying proof simpleLengthComp.key 
93755      DEBUG main            d.u.i.k.p.i.IntermediateProofReplayer Proof replay took 6.9ns 
93959      INFO  main            d.u.i.k.p.r.p.TestFile    ... finished proof: closed. 
94172      INFO  main            d.u.i.k.p.i.AbstractProblemLoader Loading environment from /home/runner/work/key/key/key.core/../key.ui/examples/standard_key/strings/simpleLengthComp.key.proof 
94172      DEBUG main            d.u.i.k.p.i.AbstractProblemLoader Environment load took 163.8ns 
94173      INFO  main            d.u.i.k.p.i.AbstractProblemLoader Creating init config 
96465      DEBUG main            d.u.i.k.p.i.AbstractProblemLoader Init config took 2.29s 
96484      INFO  main            d.u.i.k.p.i.AbstractProblemLoader Replaying proof simpleLengthComp.key.proof 
96513      DEBUG main            d.u.i.k.p.i.IntermediateProofReplayer Proof replay took 24.97ms 
96514      DEBUG main            d.u.i.k.p.r.p.TestFile    ... success: reloaded. 
96515      INFO  main            d.u.i.k.p.r.p.TestFile    Now processing file /home/runner/work/key/key/key.core/../key.ui/examples/standard_key/strings/stringCompileTimeConstant1.key 
96516      INFO  main            d.u.i.k.p.i.AbstractProblemLoader Loading environment from /home/runner/work/key/key/key.core/../key.ui/examples/standard_key/strings/stringCompileTimeConstant1.key 
96516      DEBUG main            d.u.i.k.p.i.AbstractProblemLoader Environment load took 169ns 
96518      INFO  main            d.u.i.k.p.i.AbstractProblemLoader Creating init config 
98865      DEBUG main            d.u.i.k.p.i.AbstractProblemLoader Init config took 2.35s 
98880      INFO  main            d.u.i.k.p.i.AbstractProblemLoader Replaying proof stringCompileTimeConstant1.key 
98882      DEBUG main            d.u.i.k.p.i.IntermediateProofReplayer Proof replay took 8.2ns 
98988      INFO  main            d.u.i.k.p.r.p.TestFile    ... finished proof: closed. 
99209      INFO  main            d.u.i.k.p.i.AbstractProblemLoader Loading environment from /home/runner/work/key/key/key.core/../key.ui/examples/standard_key/strings/stringCompileTimeConstant1.key.proof 
99209      DEBUG main            d.u.i.k.p.i.AbstractProblemLoader Environment load took 108.8ns 
99210      INFO  main            d.u.i.k.p.i.AbstractProblemLoader Creating init config 
101480     DEBUG main            d.u.i.k.p.i.AbstractProblemLoader Init config took 2.27s 
101495     INFO  main            d.u.i.k.p.i.AbstractProblemLoader Replaying proof stringCompileTimeConstant1.key.proof 
101500     DEBUG main            d.u.i.k.p.i.IntermediateProofReplayer Proof replay took 3.68ms 
101501     DEBUG main            d.u.i.k.p.r.p.TestFile    ... success: reloaded. 
101502     INFO  main            d.u.i.k.p.r.p.TestFile    Now processing file /home/runner/work/key/key/key.core/../key.ui/examples/standard_key/strings/stringCompileTimeConstant2.key 
101502     INFO  main            d.u.i.k.p.i.AbstractProblemLoader Loading environment from /home/runner/work/key/key/key.core/../key.ui/examples/standard_key/strings/stringCompileTimeConstant2.key 
101502     DEBUG main            d.u.i.k.p.i.AbstractProblemLoader Environment load took 95.8ns 
101503     INFO  main            d.u.i.k.p.i.AbstractProblemLoader Creating init config 
103995     DEBUG main            d.u.i.k.p.i.AbstractProblemLoader Init config took 2.49s 
104013     INFO  main            d.u.i.k.p.i.AbstractProblemLoader Replaying proof stringCompileTimeConstant2.key 
104016     DEBUG main            d.u.i.k.p.i.IntermediateProofReplayer Proof replay took 9.7ns 
106824     INFO  main            d.u.i.k.p.r.p.TestFile    ... finished proof: closed. 
107088     INFO  main            d.u.i.k.p.i.AbstractProblemLoader Loading environment from /home/runner/work/key/key/key.core/../key.ui/examples/standard_key/strings/stringCompileTimeConstant2.key.proof 
107088     DEBUG main            d.u.i.k.p.i.AbstractProblemLoader Environment load took 367.9ns 
107090     INFO  main            d.u.i.k.p.i.AbstractProblemLoader Creating init config 
109512     DEBUG main            d.u.i.k.p.i.AbstractProblemLoader Init config took 2.42s 
109528     INFO  main            d.u.i.k.p.i.AbstractProblemLoader Replaying proof stringCompileTimeConstant2.key.proof 
109846     DEBUG main            d.u.i.k.p.i.IntermediateProofReplayer Proof replay took 309.26ms 
109848     DEBUG main            d.u.i.k.p.r.p.TestFile    ... success: reloaded. 
109849     INFO  main            d.u.i.k.p.r.p.TestFile    Now processing file /home/runner/work/key/key/key.core/../key.ui/examples/standard_key/strings/stringEquality1.key 
109849     INFO  main            d.u.i.k.p.i.AbstractProblemLoader Loading environment from /home/runner/work/key/key/key.core/../key.ui/examples/standard_key/strings/stringEquality1.key 
109849     DEBUG main            d.u.i.k.p.i.AbstractProblemLoader Environment load took 169.6ns 
109851     INFO  main            d.u.i.k.p.i.AbstractProblemLoader Creating init config 
112239     DEBUG main            d.u.i.k.p.i.AbstractProblemLoader Init config took 2.39s 
112252     INFO  main            d.u.i.k.p.i.AbstractProblemLoader Replaying proof stringEquality1.key 
112254     DEBUG main            d.u.i.k.p.i.IntermediateProofReplayer Proof replay took 7.2ns 
112359     INFO  main            d.u.i.k.p.r.p.TestFile    ... finished proof: closed. 
112644     INFO  main            d.u.i.k.p.i.AbstractProblemLoader Loading environment from /home/runner/work/key/key/key.core/../key.ui/examples/standard_key/strings/stringEquality1.key.proof 
112644     DEBUG main            d.u.i.k.p.i.AbstractProblemLoader Environment load took 115.6ns 
112646     INFO  main            d.u.i.k.p.i.AbstractProblemLoader Creating init config 
114915     DEBUG main            d.u.i.k.p.i.AbstractProblemLoader Init config took 2.27s 
114929     INFO  main            d.u.i.k.p.i.AbstractProblemLoader Replaying proof stringEquality1.key.proof 
114937     DEBUG main            d.u.i.k.p.i.IntermediateProofReplayer Proof replay took 6.71ms 
114938     DEBUG main            d.u.i.k.p.r.p.TestFile    ... success: reloaded. 
114939     INFO  main            d.u.i.k.p.r.p.TestFile    Now processing file /home/runner/work/key/key/key.core/../key.ui/examples/standard_key/strings/stringEquality2.key 
114939     INFO  main            d.u.i.k.p.i.AbstractProblemLoader Loading environment from /home/runner/work/key/key/key.core/../key.ui/examples/standard_key/strings/stringEquality2.key 
114939     DEBUG main            d.u.i.k.p.i.AbstractProblemLoader Environment load took 83.4ns 
114940     INFO  main            d.u.i.k.p.i.AbstractProblemLoader Creating init config 
117277     DEBUG main            d.u.i.k.p.i.AbstractProblemLoader Init config took 2.34s 
117291     INFO  main            d.u.i.k.p.i.AbstractProblemLoader Replaying proof stringEquality2.key 
117292     DEBUG main            d.u.i.k.p.i.IntermediateProofReplayer Proof replay took 8.6ns 
117697     INFO  main            d.u.i.k.p.r.p.TestFile    ... finished proof: closed. 
117956     INFO  main            d.u.i.k.p.i.AbstractProblemLoader Loading environment from /home/runner/work/key/key/key.core/../key.ui/examples/standard_key/strings/stringEquality2.key.proof 
117956     DEBUG main            d.u.i.k.p.i.AbstractProblemLoader Environment load took 351.81ns 
117961     INFO  main            d.u.i.k.p.i.AbstractProblemLoader Creating init config 
120230     DEBUG main            d.u.i.k.p.i.AbstractProblemLoader Init config took 2.27s 
120244     INFO  main            d.u.i.k.p.i.AbstractProblemLoader Replaying proof stringEquality2.key.proof 
120290     DEBUG main            d.u.i.k.p.i.IntermediateProofReplayer Proof replay took 42.37ms 
120291     DEBUG main            d.u.i.k.p.r.p.TestFile    ... success: reloaded. 
120291     INFO  main            d.u.i.k.p.r.p.TestFile    Now processing file /home/runner/work/key/key/key.core/../key.ui/examples/standard_key/strings/substring0.key 
120292     INFO  main            d.u.i.k.p.i.AbstractProblemLoader Loading environment from /home/runner/work/key/key/key.core/../key.ui/examples/standard_key/strings/substring0.key 
120292     DEBUG main            d.u.i.k.p.i.AbstractProblemLoader Environment load took 71.9ns 
120293     INFO  main            d.u.i.k.p.i.AbstractProblemLoader Creating init config 
122637     DEBUG main            d.u.i.k.p.i.AbstractProblemLoader Init config took 2.34s 
122651     INFO  main            d.u.i.k.p.i.AbstractProblemLoader Replaying proof substring0.key 
122652     DEBUG main            d.u.i.k.p.i.IntermediateProofReplayer Proof replay took 19.1ns 
122754     INFO  main            d.u.i.k.p.r.p.TestFile    ... finished proof: closed. 
123011     INFO  main            d.u.i.k.p.i.AbstractProblemLoader Loading environment from /home/runner/work/key/key/key.core/../key.ui/examples/standard_key/strings/substring0.key.proof 
123011     DEBUG main            d.u.i.k.p.i.AbstractProblemLoader Environment load took 105ns 
123012     INFO  main            d.u.i.k.p.i.AbstractProblemLoader Creating init config 
125251     DEBUG main            d.u.i.k.p.i.AbstractProblemLoader Init config took 2.24s 
125265     INFO  main            d.u.i.k.p.i.AbstractProblemLoader Replaying proof substring0.key.proof 
125266     DEBUG main            d.u.i.k.p.i.IntermediateProofReplayer Proof replay took 447.31ns 
125267     DEBUG main            d.u.i.k.p.r.p.TestFile    ... success: reloaded. 
125268     INFO  main            d.u.i.k.p.r.p.TestFile    Now processing file /home/runner/work/key/key/key.core/../key.ui/examples/standard_key/strings/substring1.key 
125268     INFO  main            d.u.i.k.p.i.AbstractProblemLoader Loading environment from /home/runner/work/key/key/key.core/../key.ui/examples/standard_key/strings/substring1.key 
125268     DEBUG main            d.u.i.k.p.i.AbstractProblemLoader Environment load took 59.3ns 
125269     INFO  main            d.u.i.k.p.i.AbstractProblemLoader Creating init config 
127567     DEBUG main            d.u.i.k.p.i.AbstractProblemLoader Init config took 2.3s 
127580     INFO  main            d.u.i.k.p.i.AbstractProblemLoader Replaying proof substring1.key 
127581     DEBUG main            d.u.i.k.p.i.IntermediateProofReplayer Proof replay took 8.2ns 
127684     INFO  main            d.u.i.k.p.r.p.TestFile    ... finished proof: closed. 
127923     INFO  main            d.u.i.k.p.i.AbstractProblemLoader Loading environment from /home/runner/work/key/key/key.core/../key.ui/examples/standard_key/strings/substring1.key.proof 
127923     DEBUG main            d.u.i.k.p.i.AbstractProblemLoader Environment load took 104.7ns 
127924     INFO  main            d.u.i.k.p.i.AbstractProblemLoader Creating init config 
130164     DEBUG main            d.u.i.k.p.i.AbstractProblemLoader Init config took 2.24s 
130177     INFO  main            d.u.i.k.p.i.AbstractProblemLoader Replaying proof substring1.key.proof 
130179     DEBUG main            d.u.i.k.p.i.IntermediateProofReplayer Proof replay took 431.4ns 
130180     DEBUG main            d.u.i.k.p.r.p.TestFile    ... success: reloaded. 
130180     INFO  main            d.u.i.k.p.r.p.TestFile    Now processing file /home/runner/work/key/key/key.core/../key.ui/examples/standard_key/strings/substring2.key 
130181     INFO  main            d.u.i.k.p.i.AbstractProblemLoader Loading environment from /home/runner/work/key/key/key.core/../key.ui/examples/standard_key/strings/substring2.key 
130181     DEBUG main            d.u.i.k.p.i.AbstractProblemLoader Environment load took 82.2ns 
130182     INFO  main            d.u.i.k.p.i.AbstractProblemLoader Creating init config 
132500     DEBUG main            d.u.i.k.p.i.AbstractProblemLoader Init config took 2.32s 
132513     INFO  main            d.u.i.k.p.i.AbstractProblemLoader Replaying proof substring2.key 
132514     DEBUG main            d.u.i.k.p.i.IntermediateProofReplayer Proof replay took 8.4ns 
132616     INFO  main            d.u.i.k.p.r.p.TestFile    ... finished proof: closed. 
132871     INFO  main            d.u.i.k.p.i.AbstractProblemLoader Loading environment from /home/runner/work/key/key/key.core/../key.ui/examples/standard_key/strings/substring2.key.proof 
132871     DEBUG main            d.u.i.k.p.i.AbstractProblemLoader Environment load took 100.8ns 
132872     INFO  main            d.u.i.k.p.i.AbstractProblemLoader Creating init config 
135114     DEBUG main            d.u.i.k.p.i.AbstractProblemLoader Init config took 2.24s 
135127     INFO  main            d.u.i.k.p.i.AbstractProblemLoader Replaying proof substring2.key.proof 
135130     DEBUG main            d.u.i.k.p.i.IntermediateProofReplayer Proof replay took 803.71ns 
135130     DEBUG main            d.u.i.k.p.r.p.TestFile    ... success: reloaded. 
135131     INFO  main            d.u.i.k.p.r.p.TestFile    Now processing file /home/runner/work/key/key/key.core/../key.ui/examples/standard_key/strings/substring3.key 
135131     INFO  main            d.u.i.k.p.i.AbstractProblemLoader Loading environment from /home/runner/work/key/key/key.core/../key.ui/examples/standard_key/strings/substring3.key 
135131     DEBUG main            d.u.i.k.p.i.AbstractProblemLoader Environment load took 67.8ns 
135132     INFO  main            d.u.i.k.p.i.AbstractProblemLoader Creating init config 
137446     DEBUG main            d.u.i.k.p.i.AbstractProblemLoader Init config took 2.31s 
137460     INFO  main            d.u.i.k.p.i.AbstractProblemLoader Replaying proof substring3.key 
137462     DEBUG main            d.u.i.k.p.i.IntermediateProofReplayer Proof replay took 8.3ns 
137563     INFO  main            d.u.i.k.p.r.p.TestFile    ... finished proof: closed. 
137815     INFO  main            d.u.i.k.p.i.AbstractProblemLoader Loading environment from /home/runner/work/key/key/key.core/../key.ui/examples/standard_key/strings/substring3.key.proof 
137815     DEBUG main            d.u.i.k.p.i.AbstractProblemLoader Environment load took 107.6ns 
137816     INFO  main            d.u.i.k.p.i.AbstractProblemLoader Creating init config 
140059     DEBUG main            d.u.i.k.p.i.AbstractProblemLoader Init config took 2.24s 
140072     INFO  main            d.u.i.k.p.i.AbstractProblemLoader Replaying proof substring3.key.proof 
140076     DEBUG main            d.u.i.k.p.i.IntermediateProofReplayer Proof replay took 2.13ms 
140077     DEBUG main            d.u.i.k.p.r.p.TestFile    ... success: reloaded. 
140077     INFO  main            d.u.i.k.p.r.p.TestFile    Now processing file /home/runner/work/key/key/key.core/../key.ui/examples/standard_key/strings/substring4.key 
140078     INFO  main            d.u.i.k.p.i.AbstractProblemLoader Loading environment from /home/runner/work/key/key/key.core/../key.ui/examples/standard_key/strings/substring4.key 
140078     DEBUG main            d.u.i.k.p.i.AbstractProblemLoader Environment load took 175.8ns 
140079     INFO  main            d.u.i.k.p.i.AbstractProblemLoader Creating init config 
142424     DEBUG main            d.u.i.k.p.i.AbstractProblemLoader Init config took 2.35s 
142438     INFO  main            d.u.i.k.p.i.AbstractProblemLoader Replaying proof substring4.key 
142439     DEBUG main            d.u.i.k.p.i.IntermediateProofReplayer Proof replay took 8.8ns 
142541     INFO  main            d.u.i.k.p.r.p.TestFile    ... finished proof: closed. 
142802     INFO  main            d.u.i.k.p.i.AbstractProblemLoader Loading environment from /home/runner/work/key/key/key.core/../key.ui/examples/standard_key/strings/substring4.key.proof 
142802     DEBUG main            d.u.i.k.p.i.AbstractProblemLoader Environment load took 97ns 
142803     INFO  main            d.u.i.k.p.i.AbstractProblemLoader Creating init config 
145066     DEBUG main            d.u.i.k.p.i.AbstractProblemLoader Init config took 2.26s 
145080     INFO  main            d.u.i.k.p.i.AbstractProblemLoader Replaying proof substring4.key.proof 
145084     DEBUG main            d.u.i.k.p.i.IntermediateProofReplayer Proof replay took 2.95ms 
145085     DEBUG main            d.u.i.k.p.r.p.TestFile    ... success: reloaded. 
145086     INFO  main            d.u.i.k.p.r.p.TestFile    Now processing file /home/runner/work/key/key/key.core/../key.ui/examples/standard_key/strings/substring5.key 
145086     INFO  main            d.u.i.k.p.i.AbstractProblemLoader Loading environment from /home/runner/work/key/key/key.core/../key.ui/examples/standard_key/strings/substring5.key 
145086     DEBUG main            d.u.i.k.p.i.AbstractProblemLoader Environment load took 67ns 
145087     INFO  main            d.u.i.k.p.i.AbstractProblemLoader Creating init config 
147364     DEBUG main            d.u.i.k.p.i.AbstractProblemLoader Init config took 2.28s 
147377     INFO  main            d.u.i.k.p.i.AbstractProblemLoader Replaying proof substring5.key 
147378     DEBUG main            d.u.i.k.p.i.IntermediateProofReplayer Proof replay took 7.8ns 
147584     INFO  main            d.u.i.k.p.r.p.TestFile    ... finished proof: closed. 
147859     INFO  main            d.u.i.k.p.i.AbstractProblemLoader Loading environment from /home/runner/work/key/key/key.core/../key.ui/examples/standard_key/strings/substring5.key.proof 
147859     DEBUG main            d.u.i.k.p.i.AbstractProblemLoader Environment load took 114ns 
147860     INFO  main            d.u.i.k.p.i.AbstractProblemLoader Creating init config 
150089     DEBUG main            d.u.i.k.p.i.AbstractProblemLoader Init config took 2.23s 
150102     INFO  main            d.u.i.k.p.i.AbstractProblemLoader Replaying proof substring5.key.proof 
150128     DEBUG main            d.u.i.k.p.i.IntermediateProofReplayer Proof replay took 22.71ms 
150129     DEBUG main            d.u.i.k.p.r.p.TestFile    ... success: reloaded. 
4028087    INFO  Test worker     d.u.i.k.p.r.RunAllProofsTestUnit Returning from test strings 
4028088    INFO  Test worker     d.u.i.k.p.r.RunAllProofsTestUnit Running test simple_info_flow 
338        INFO  Timeout watchdog d.u.i.k.p.r.p.ForkedTestFileRunner Timeout watcher launched (2000 secs.) 
347        WARN  main            d.u.i.k.s.ProofSettings   The settings in /home/runner/.key/proof-settings.props are *not* read. 
372        INFO  main            d.u.i.k.p.r.p.TestFile    Now processing file /home/runner/work/key/key/key.core/../key.ui/examples/heap/information_flow/UpdateAbstraction_ex7_1_insecure.key 
476        INFO  main            d.u.i.k.p.i.AbstractProblemLoader Loading environment from /home/runner/work/key/key/key.core/../key.ui/examples/heap/information_flow/UpdateAbstraction_ex7_1_insecure.key 
497        DEBUG main            d.u.i.k.p.i.AbstractProblemLoader Environment load took 2ms 
714        INFO  main            d.u.i.k.p.i.AbstractProblemLoader Creating init config 
1666       DEBUG main            d.u.i.k.j.TypeConverter   No LDT found for Meta 
1667       DEBUG main            d.u.i.k.j.TypeConverter   No LDT found for Meta 
1670       DEBUG main            d.u.i.k.j.TypeConverter   No LDT found for Meta 
1670       DEBUG main            d.u.i.k.j.TypeConverter   No LDT found for Meta 
2961       DEBUG main            d.u.i.k.j.TypeConverter   No LDT found for JavaBigintExpression 
8879       DEBUG main            d.u.i.k.p.i.AbstractProblemLoader Init config took 8.16s 
9001       INFO  main            d.u.i.k.p.i.AbstractProblemLoader Replaying proof UpdateAbstraction[UpdateAbstraction::ex7_1_insecure()].JML operation contract.0 
9062       DEBUG main            d.u.i.k.p.i.IntermediateProofReplayer Proof replay took 38.1ns 
9817       INFO  main            d.u.i.k.p.r.p.TestFile    ... finished proof: open goal(s) 
9928       INFO  main            d.u.i.k.p.r.p.TestFile    Now processing file /home/runner/work/key/key/key.core/../key.ui/examples/heap/information_flow/UpdateAbstraction_ex7_2_insecure.key 
9932       INFO  main            d.u.i.k.p.i.AbstractProblemLoader Loading environment from /home/runner/work/key/key/key.core/../key.ui/examples/heap/information_flow/UpdateAbstraction_ex7_2_insecure.key 
9933       DEBUG main            d.u.i.k.p.i.AbstractProblemLoader Environment load took 316.6ns 
9936       INFO  main            d.u.i.k.p.i.AbstractProblemLoader Creating init config 
13272      DEBUG main            d.u.i.k.p.i.AbstractProblemLoader Init config took 3.34s 
13330      INFO  main            d.u.i.k.p.i.AbstractProblemLoader Replaying proof UpdateAbstraction[UpdateAbstraction::ex7_2_insecure()].JML operation contract.0 
13333      DEBUG main            d.u.i.k.p.i.IntermediateProofReplayer Proof replay took 8.4ns 
13638      INFO  main            d.u.i.k.p.r.p.TestFile    ... finished proof: open goal(s) 
4042030    INFO  Test worker     d.u.i.k.p.r.RunAllProofsTestUnit Returning from test simple_info_flow 
4042031    INFO  Test worker     d.u.i.k.p.r.RunAllProofsTestUnit Running test modelMethods 
374        WARN  main            d.u.i.k.s.ProofSettings   The settings in /home/runner/.key/proof-settings.props are *not* read. 
371        INFO  Timeout watchdog d.u.i.k.p.r.p.ForkedTestFileRunner Timeout watcher launched (2000 secs.) 
430        INFO  main            d.u.i.k.p.r.p.TestFile    Now processing file /home/runner/work/key/key/key.core/../key.ui/examples/heap/model_methods/Cell_footprint_acc.key 
560        INFO  main            d.u.i.k.p.i.AbstractProblemLoader Loading environment from /home/runner/work/key/key/key.core/../key.ui/examples/heap/model_methods/Cell_footprint_acc.key 
576        DEBUG main            d.u.i.k.p.i.AbstractProblemLoader Environment load took 2.16ms 
823        INFO  main            d.u.i.k.p.i.AbstractProblemLoader Creating init config 
1706       DEBUG main            d.u.i.k.j.TypeConverter   No LDT found for Meta 
1706       DEBUG main            d.u.i.k.j.TypeConverter   No LDT found for Meta 
1709       DEBUG main            d.u.i.k.j.TypeConverter   No LDT found for Meta 
1710       DEBUG main            d.u.i.k.j.TypeConverter   No LDT found for Meta 
3038       DEBUG main            d.u.i.k.j.TypeConverter   No LDT found for JavaBigintExpression 
7950       DEBUG main            d.u.i.k.p.i.AbstractProblemLoader Init config took 7.13s 
8085       INFO  main            d.u.i.k.p.i.AbstractProblemLoader Replaying proof Cell[Cell::footprint()].JML accessible clause.0 
8119       DEBUG main            d.u.i.k.p.i.IntermediateProofReplayer Proof replay took 38.9ns 
8652       INFO  main            d.u.i.k.p.r.p.TestFile    ... finished proof: closed. 
8762       INFO  main            d.u.i.k.p.i.AbstractProblemLoader Loading environment from /home/runner/work/key/key/key.core/../key.ui/examples/heap/model_methods/Cell_footprint_acc.key.proof 
8762       DEBUG main            d.u.i.k.p.i.AbstractProblemLoader Environment load took 383.61ns 
8764       INFO  main            d.u.i.k.p.i.AbstractProblemLoader Creating init config 
11588      DEBUG main            d.u.i.k.p.i.AbstractProblemLoader Init config took 2.82s 
11692      INFO  main            d.u.i.k.p.i.AbstractProblemLoader Replaying proof Cell[Cell::footprint()].JML accessible clause.0 
11775      DEBUG main            d.u.i.k.p.i.IntermediateProofReplayer Proof replay took 70.8ms 
11781      DEBUG main            d.u.i.k.p.r.p.TestFile    ... success: reloaded. 
11783      INFO  main            d.u.i.k.p.r.p.TestFile    Now processing file /home/runner/work/key/key/key.core/../key.ui/examples/heap/model_methods/Cell_footprint.key 
11783      INFO  main            d.u.i.k.p.i.AbstractProblemLoader Loading environment from /home/runner/work/key/key/key.core/../key.ui/examples/heap/model_methods/Cell_footprint.key 
11784      DEBUG main            d.u.i.k.p.i.AbstractProblemLoader Environment load took 190.8ns 
11785      INFO  main            d.u.i.k.p.i.AbstractProblemLoader Creating init config 
14597      DEBUG main            d.u.i.k.p.i.AbstractProblemLoader Init config took 2.81s 
14665      INFO  main            d.u.i.k.p.i.AbstractProblemLoader Replaying proof Cell[Cell::footprint()].JML model_behavior operation contract.0 
14667      DEBUG main            d.u.i.k.p.i.IntermediateProofReplayer Proof replay took 7.1ns 
14770      INFO  main            d.u.i.k.p.r.p.TestFile    ... finished proof: closed. 
14902      INFO  main            d.u.i.k.p.i.AbstractProblemLoader Loading environment from /home/runner/work/key/key/key.core/../key.ui/examples/heap/model_methods/Cell_footprint.key.proof 
14903      DEBUG main            d.u.i.k.p.i.AbstractProblemLoader Environment load took 140.7ns 
14904      INFO  main            d.u.i.k.p.i.AbstractProblemLoader Creating init config 
17574      DEBUG main            d.u.i.k.p.i.AbstractProblemLoader Init config took 2.67s 
17629      INFO  main            d.u.i.k.p.i.AbstractProblemLoader Replaying proof Cell[Cell::footprint()].JML model_behavior operation contract.0 
17639      DEBUG main            d.u.i.k.p.i.IntermediateProofReplayer Proof replay took 6.78ms 
17640      DEBUG main            d.u.i.k.p.r.p.TestFile    ... success: reloaded. 
17641      INFO  main            d.u.i.k.p.r.p.TestFile    Now processing file /home/runner/work/key/key/key.core/../key.ui/examples/heap/model_methods/Cell_get_acc.key 
17642      INFO  main            d.u.i.k.p.i.AbstractProblemLoader Loading environment from /home/runner/work/key/key/key.core/../key.ui/examples/heap/model_methods/Cell_get_acc.key 
17642      DEBUG main            d.u.i.k.p.i.AbstractProblemLoader Environment load took 186.3ns 
17643      INFO  main            d.u.i.k.p.i.AbstractProblemLoader Creating init config 
20275      DEBUG main            d.u.i.k.p.i.AbstractProblemLoader Init config took 2.63s 
20325      INFO  main            d.u.i.k.p.i.AbstractProblemLoader Replaying proof Cell[Cell::get()].JML accessible clause.0 
20327      DEBUG main            d.u.i.k.p.i.IntermediateProofReplayer Proof replay took 5.9ns 
20638      INFO  main            d.u.i.k.p.r.p.TestFile    ... finished proof: closed. 
20785      INFO  main            d.u.i.k.p.i.AbstractProblemLoader Loading environment from /home/runner/work/key/key/key.core/../key.ui/examples/heap/model_methods/Cell_get_acc.key.proof 
20785      DEBUG main            d.u.i.k.p.i.AbstractProblemLoader Environment load took 378.9ns 
20787      INFO  main            d.u.i.k.p.i.AbstractProblemLoader Creating init config 
23407      DEBUG main            d.u.i.k.p.i.AbstractProblemLoader Init config took 2.62s 
23457      INFO  main            d.u.i.k.p.i.AbstractProblemLoader Replaying proof Cell[Cell::get()].JML accessible clause.0 
23492      DEBUG main            d.u.i.k.p.i.IntermediateProofReplayer Proof replay took 32.09ms 
23493      DEBUG main            d.u.i.k.p.r.p.TestFile    ... success: reloaded. 
23495      INFO  main            d.u.i.k.p.r.p.TestFile    Now processing file /home/runner/work/key/key/key.core/../key.ui/examples/heap/model_methods/Cell_get.key 
23495      INFO  main            d.u.i.k.p.i.AbstractProblemLoader Loading environment from /home/runner/work/key/key/key.core/../key.ui/examples/heap/model_methods/Cell_get.key 
23495      DEBUG main            d.u.i.k.p.i.AbstractProblemLoader Environment load took 181.8ns 
23496      INFO  main            d.u.i.k.p.i.AbstractProblemLoader Creating init config 
26132      DEBUG main            d.u.i.k.p.i.AbstractProblemLoader Init config took 2.64s 
26182      INFO  main            d.u.i.k.p.i.AbstractProblemLoader Replaying proof Cell[Cell::get()].JML operation contract.0 
26185      DEBUG main            d.u.i.k.p.i.IntermediateProofReplayer Proof replay took 6.9ns 
26287      INFO  main            d.u.i.k.p.r.p.TestFile    ... finished proof: closed. 
26439      INFO  main            d.u.i.k.p.i.AbstractProblemLoader Loading environment from /home/runner/work/key/key/key.core/../key.ui/examples/heap/model_methods/Cell_get.key.proof 
26439      DEBUG main            d.u.i.k.p.i.AbstractProblemLoader Environment load took 127.1ns 
26440      INFO  main            d.u.i.k.p.i.AbstractProblemLoader Creating init config 
29069      DEBUG main            d.u.i.k.p.i.AbstractProblemLoader Init config took 2.63s 
29146      INFO  main            d.u.i.k.p.i.AbstractProblemLoader Replaying proof Cell[Cell::get()].JML operation contract.0 
29178      DEBUG main            d.u.i.k.p.i.IntermediateProofReplayer Proof replay took 27.49ms 
29179      DEBUG main            d.u.i.k.p.r.p.TestFile    ... success: reloaded. 
29181      INFO  main            d.u.i.k.p.r.p.TestFile    Now processing file /home/runner/work/key/key/key.core/../key.ui/examples/heap/model_methods/Cell_post_set.key 
29181      INFO  main            d.u.i.k.p.i.AbstractProblemLoader Loading environment from /home/runner/work/key/key/key.core/../key.ui/examples/heap/model_methods/Cell_post_set.key 
29182      DEBUG main            d.u.i.k.p.i.AbstractProblemLoader Environment load took 141.6ns 
29183      INFO  main            d.u.i.k.p.i.AbstractProblemLoader Creating init config 
31790      DEBUG main            d.u.i.k.p.i.AbstractProblemLoader Init config took 2.61s 
31836      INFO  main            d.u.i.k.p.i.AbstractProblemLoader Replaying proof Cell[Cell::post_set(int)].JML model_behavior operation contract.0 
31838      DEBUG main            d.u.i.k.p.i.IntermediateProofReplayer Proof replay took 7ns 
31941      INFO  main            d.u.i.k.p.r.p.TestFile    ... finished proof: closed. 
32101      INFO  main            d.u.i.k.p.i.AbstractProblemLoader Loading environment from /home/runner/work/key/key/key.core/../key.ui/examples/heap/model_methods/Cell_post_set.key.proof 
32101      DEBUG main            d.u.i.k.p.i.AbstractProblemLoader Environment load took 133.6ns 
32102      INFO  main            d.u.i.k.p.i.AbstractProblemLoader Creating init config 
34684      DEBUG main            d.u.i.k.p.i.AbstractProblemLoader Init config took 2.58s 
34738      INFO  main            d.u.i.k.p.i.AbstractProblemLoader Replaying proof Cell[Cell::post_set(int)].JML model_behavior operation contract.0 
34744      DEBUG main            d.u.i.k.p.i.IntermediateProofReplayer Proof replay took 4.73ms 
34745      DEBUG main            d.u.i.k.p.r.p.TestFile    ... success: reloaded. 
34747      INFO  main            d.u.i.k.p.r.p.TestFile    Now processing file /home/runner/work/key/key/key.core/../key.ui/examples/heap/model_methods/Cell_set.key 
34747      INFO  main            d.u.i.k.p.i.AbstractProblemLoader Loading environment from /home/runner/work/key/key/key.core/../key.ui/examples/heap/model_methods/Cell_set.key 
34747      DEBUG main            d.u.i.k.p.i.AbstractProblemLoader Environment load took 178.5ns 
34748      INFO  main            d.u.i.k.p.i.AbstractProblemLoader Creating init config 
37381      DEBUG main            d.u.i.k.p.i.AbstractProblemLoader Init config took 2.63s 
37431      INFO  main            d.u.i.k.p.i.AbstractProblemLoader Replaying proof Cell[Cell::set(int)].JML operation contract.0 
37434      DEBUG main            d.u.i.k.p.i.IntermediateProofReplayer Proof replay took 7.6ns 
43774      INFO  main            d.u.i.k.p.r.p.TestFile    ... finished proof: closed. 
43989      INFO  main            d.u.i.k.p.i.AbstractProblemLoader Loading environment from /home/runner/work/key/key/key.core/../key.ui/examples/heap/model_methods/Cell_set.key.proof 
43991      DEBUG main            d.u.i.k.p.i.AbstractProblemLoader Environment load took 1.8ms 
43992      INFO  main            d.u.i.k.p.i.AbstractProblemLoader Creating init config 
46554      DEBUG main            d.u.i.k.p.i.AbstractProblemLoader Init config took 2.56s 
46612      INFO  main            d.u.i.k.p.i.AbstractProblemLoader Replaying proof Cell[Cell::set(int)].JML operation contract.0 
47335      DEBUG main            d.u.i.k.p.i.IntermediateProofReplayer Proof replay took 707.11ms 
47339      DEBUG main            d.u.i.k.p.r.p.TestFile    ... success: reloaded. 
47340      INFO  main            d.u.i.k.p.r.p.TestFile    Now processing file /home/runner/work/key/key/key.core/../key.ui/examples/heap/model_methods/CellTest_callSet.key 
47341      INFO  main            d.u.i.k.p.i.AbstractProblemLoader Loading environment from /home/runner/work/key/key/key.core/../key.ui/examples/heap/model_methods/CellTest_callSet.key 
47341      DEBUG main            d.u.i.k.p.i.AbstractProblemLoader Environment load took 176ns 
47342      INFO  main            d.u.i.k.p.i.AbstractProblemLoader Creating init config 
49959      DEBUG main            d.u.i.k.p.i.AbstractProblemLoader Init config took 2.62s 
50002      INFO  main            d.u.i.k.p.i.AbstractProblemLoader Replaying proof CellTest[CellTest::callSet(Cell,int)].JML operation contract.0 
50004      DEBUG main            d.u.i.k.p.i.IntermediateProofReplayer Proof replay took 7.4ns 
50210      INFO  main            d.u.i.k.p.r.p.TestFile    ... finished proof: closed. 
50388      INFO  main            d.u.i.k.p.i.AbstractProblemLoader Loading environment from /home/runner/work/key/key/key.core/../key.ui/examples/heap/model_methods/CellTest_callSet.key.proof 
50388      DEBUG main            d.u.i.k.p.i.AbstractProblemLoader Environment load took 123.8ns 
50389      INFO  main            d.u.i.k.p.i.AbstractProblemLoader Creating init config 
52880      DEBUG main            d.u.i.k.p.i.AbstractProblemLoader Init config took 2.49s 
52935      INFO  main            d.u.i.k.p.i.AbstractProblemLoader Replaying proof CellTest[CellTest::callSet(Cell,int)].JML operation contract.0 
52983      DEBUG main            d.u.i.k.p.i.IntermediateProofReplayer Proof replay took 44.08ms 
52984      DEBUG main            d.u.i.k.p.r.p.TestFile    ... success: reloaded. 
52986      INFO  main            d.u.i.k.p.r.p.TestFile    Now processing file /home/runner/work/key/key/key.core/../key.ui/examples/heap/model_methods/CellTest_test2.key 
52986      INFO  main            d.u.i.k.p.i.AbstractProblemLoader Loading environment from /home/runner/work/key/key/key.core/../key.ui/examples/heap/model_methods/CellTest_test2.key 
52986      DEBUG main            d.u.i.k.p.i.AbstractProblemLoader Environment load took 190ns 
52987      INFO  main            d.u.i.k.p.i.AbstractProblemLoader Creating init config 
55565      DEBUG main            d.u.i.k.p.i.AbstractProblemLoader Init config took 2.58s 
55620      INFO  main            d.u.i.k.p.i.AbstractProblemLoader Replaying proof CellTest[CellTest::test2(Cell)].JML operation contract.0 
55621      DEBUG main            d.u.i.k.p.i.IntermediateProofReplayer Proof replay took 8ns 
55926      INFO  main            d.u.i.k.p.r.p.TestFile    ... finished proof: closed. 
56135      INFO  main            d.u.i.k.p.i.AbstractProblemLoader Loading environment from /home/runner/work/key/key/key.core/../key.ui/examples/heap/model_methods/CellTest_test2.key.proof 
56138      DEBUG main            d.u.i.k.p.i.AbstractProblemLoader Environment load took 2.73ms 
56139      INFO  main            d.u.i.k.p.i.AbstractProblemLoader Creating init config 
58637      DEBUG main            d.u.i.k.p.i.AbstractProblemLoader Init config took 2.5s 
58678      INFO  main            d.u.i.k.p.i.AbstractProblemLoader Replaying proof CellTest[CellTest::test2(Cell)].JML operation contract.0 
58759      DEBUG main            d.u.i.k.p.i.IntermediateProofReplayer Proof replay took 78.38ms 
58760      DEBUG main            d.u.i.k.p.r.p.TestFile    ... success: reloaded. 
58761      INFO  main            d.u.i.k.p.r.p.TestFile    Now processing file /home/runner/work/key/key/key.core/../key.ui/examples/heap/model_methods/CellTest_test.key 
58761      INFO  main            d.u.i.k.p.i.AbstractProblemLoader Loading environment from /home/runner/work/key/key/key.core/../key.ui/examples/heap/model_methods/CellTest_test.key 
58762      DEBUG main            d.u.i.k.p.i.AbstractProblemLoader Environment load took 182.6ns 
58763      INFO  main            d.u.i.k.p.i.AbstractProblemLoader Creating init config 
61305      DEBUG main            d.u.i.k.p.i.AbstractProblemLoader Init config took 2.54s 
61344      INFO  main            d.u.i.k.p.i.AbstractProblemLoader Replaying proof CellTest[CellTest::test(Recell)].JML operation contract.0 
61346      DEBUG main            d.u.i.k.p.i.IntermediateProofReplayer Proof replay took 7.5ns 
63967      INFO  main            d.u.i.k.p.r.p.TestFile    ... finished proof: closed. 
64192      INFO  main            d.u.i.k.p.i.AbstractProblemLoader Loading environment from /home/runner/work/key/key/key.core/../key.ui/examples/heap/model_methods/CellTest_test.key.proof 
64192      DEBUG main            d.u.i.k.p.i.AbstractProblemLoader Environment load took 347.6ns 
64194      INFO  main            d.u.i.k.p.i.AbstractProblemLoader Creating init config 
66659      DEBUG main            d.u.i.k.p.i.AbstractProblemLoader Init config took 2.47s 
66717      INFO  main            d.u.i.k.p.i.AbstractProblemLoader Replaying proof CellTest[CellTest::test(Recell)].JML operation contract.0 
67305      DEBUG main            d.u.i.k.p.i.IntermediateProofReplayer Proof replay took 570.74ms 
67307      DEBUG main            d.u.i.k.p.r.p.TestFile    ... success: reloaded. 
67308      INFO  main            d.u.i.k.p.r.p.TestFile    Now processing file /home/runner/work/key/key/key.core/../key.ui/examples/heap/model_methods/Coll1_add.key 
67308      INFO  main            d.u.i.k.p.i.AbstractProblemLoader Loading environment from /home/runner/work/key/key/key.core/../key.ui/examples/heap/model_methods/Coll1_add.key 
67309      DEBUG main            d.u.i.k.p.i.AbstractProblemLoader Environment load took 167.7ns 
67310      INFO  main            d.u.i.k.p.i.AbstractProblemLoader Creating init config 
69865      DEBUG main            d.u.i.k.p.i.AbstractProblemLoader Init config took 2.56s 
69904      INFO  main            d.u.i.k.p.i.AbstractProblemLoader Replaying proof Coll1[Coll::add(int)].JML operation contract.0 
69906      DEBUG main            d.u.i.k.p.i.IntermediateProofReplayer Proof replay took 6.8ns 
70008      INFO  main            d.u.i.k.p.r.p.TestFile    ... finished proof: closed. 
70205      INFO  main            d.u.i.k.p.i.AbstractProblemLoader Loading environment from /home/runner/work/key/key/key.core/../key.ui/examples/heap/model_methods/Coll1_add.key.proof 
70205      DEBUG main            d.u.i.k.p.i.AbstractProblemLoader Environment load took 118ns 
70206      INFO  main            d.u.i.k.p.i.AbstractProblemLoader Creating init config 
72691      DEBUG main            d.u.i.k.p.i.AbstractProblemLoader Init config took 2.49s 
72731      INFO  main            d.u.i.k.p.i.AbstractProblemLoader Replaying proof Coll1[Coll::add(int)].JML operation contract.0 
72741      DEBUG main            d.u.i.k.p.i.IntermediateProofReplayer Proof replay took 7.8ms 
72742      DEBUG main            d.u.i.k.p.r.p.TestFile    ... success: reloaded. 
72743      INFO  main            d.u.i.k.p.r.p.TestFile    Now processing file /home/runner/work/key/key/key.core/../key.ui/examples/heap/model_methods/Coll1_Coll1_add_pre.key 
72744      INFO  main            d.u.i.k.p.i.AbstractProblemLoader Loading environment from /home/runner/work/key/key/key.core/../key.ui/examples/heap/model_methods/Coll1_Coll1_add_pre.key 
72744      DEBUG main            d.u.i.k.p.i.AbstractProblemLoader Environment load took 148.1ns 
72745      INFO  main            d.u.i.k.p.i.AbstractProblemLoader Creating init config 
75366      DEBUG main            d.u.i.k.p.i.AbstractProblemLoader Init config took 2.62s 
75405      INFO  main            d.u.i.k.p.i.AbstractProblemLoader Replaying proof Coll1[Coll1::add_pre(int)].JML model_behavior operation contract.0 
75407      DEBUG main            d.u.i.k.p.i.IntermediateProofReplayer Proof replay took 7ns 
75513      INFO  main            d.u.i.k.p.r.p.TestFile    ... finished proof: closed. 
75702      INFO  main            d.u.i.k.p.i.AbstractProblemLoader Loading environment from /home/runner/work/key/key/key.core/../key.ui/examples/heap/model_methods/Coll1_Coll1_add_pre.key.proof 
75702      DEBUG main            d.u.i.k.p.i.AbstractProblemLoader Environment load took 119ns 
75703      INFO  main            d.u.i.k.p.i.AbstractProblemLoader Creating init config 
78187      DEBUG main            d.u.i.k.p.i.AbstractProblemLoader Init config took 2.48s 
78237      INFO  main            d.u.i.k.p.i.AbstractProblemLoader Replaying proof Coll1[Coll1::add_pre(int)].JML model_behavior operation contract.0 
78242      DEBUG main            d.u.i.k.p.i.IntermediateProofReplayer Proof replay took 1.5ms 
78244      DEBUG main            d.u.i.k.p.r.p.TestFile    ... success: reloaded. 
78247      INFO  main            d.u.i.k.p.r.p.TestFile    Now processing file /home/runner/work/key/key/key.core/../key.ui/examples/heap/model_methods/Coll1_Coll_add_pre.key 
78247      INFO  main            d.u.i.k.p.i.AbstractProblemLoader Loading environment from /home/runner/work/key/key/key.core/../key.ui/examples/heap/model_methods/Coll1_Coll_add_pre.key 
78248      DEBUG main            d.u.i.k.p.i.AbstractProblemLoader Environment load took 95.1ns 
78248      INFO  main            d.u.i.k.p.i.AbstractProblemLoader Creating init config 
80789      DEBUG main            d.u.i.k.p.i.AbstractProblemLoader Init config took 2.54s 
80828      INFO  main            d.u.i.k.p.i.AbstractProblemLoader Replaying proof Coll1[Coll::add_pre(int)].JML model_behavior operation contract.0 
80829      DEBUG main            d.u.i.k.p.i.IntermediateProofReplayer Proof replay took 6.8ns 
80932      INFO  main            d.u.i.k.p.r.p.TestFile    ... finished proof: closed. 
81132      INFO  main            d.u.i.k.p.i.AbstractProblemLoader Loading environment from /home/runner/work/key/key/key.core/../key.ui/examples/heap/model_methods/Coll1_Coll_add_pre.key.proof 
81132      DEBUG main            d.u.i.k.p.i.AbstractProblemLoader Environment load took 123.4ns 
81133      INFO  main            d.u.i.k.p.i.AbstractProblemLoader Creating init config 
83605      DEBUG main            d.u.i.k.p.i.AbstractProblemLoader Init config took 2.47s 
83644      INFO  main            d.u.i.k.p.i.AbstractProblemLoader Replaying proof Coll1[Coll::add_pre(int)].JML model_behavior operation contract.0 
83647      DEBUG main            d.u.i.k.p.i.IntermediateProofReplayer Proof replay took 2.16ms 
83648      DEBUG main            d.u.i.k.p.r.p.TestFile    ... success: reloaded. 
83649      INFO  main            d.u.i.k.p.r.p.TestFile    Now processing file /home/runner/work/key/key/key.core/../key.ui/examples/heap/model_methods/Coll2_add.key 
83649      INFO  main            d.u.i.k.p.i.AbstractProblemLoader Loading environment from /home/runner/work/key/key/key.core/../key.ui/examples/heap/model_methods/Coll2_add.key 
83649      DEBUG main            d.u.i.k.p.i.AbstractProblemLoader Environment load took 87.1ns 
83650      INFO  main            d.u.i.k.p.i.AbstractProblemLoader Creating init config 
86203      DEBUG main            d.u.i.k.p.i.AbstractProblemLoader Init config took 2.55s 
86242      INFO  main            d.u.i.k.p.i.AbstractProblemLoader Replaying proof Coll2[Coll::add(int)].JML operation contract.0 
86243      DEBUG main            d.u.i.k.p.i.IntermediateProofReplayer Proof replay took 7.1ns 
86345      INFO  main            d.u.i.k.p.r.p.TestFile    ... finished proof: closed. 
86549      INFO  main            d.u.i.k.p.i.AbstractProblemLoader Loading environment from /home/runner/work/key/key/key.core/../key.ui/examples/heap/model_methods/Coll2_add.key.proof 
86550      DEBUG main            d.u.i.k.p.i.AbstractProblemLoader Environment load took 116.3ns 
86551      INFO  main            d.u.i.k.p.i.AbstractProblemLoader Creating init config 
89007      DEBUG main            d.u.i.k.p.i.AbstractProblemLoader Init config took 2.46s 
89054      INFO  main            d.u.i.k.p.i.AbstractProblemLoader Replaying proof Coll2[Coll::add(int)].JML operation contract.0 
89062      DEBUG main            d.u.i.k.p.i.IntermediateProofReplayer Proof replay took 6.54ms 
89064      DEBUG main            d.u.i.k.p.r.p.TestFile    ... success: reloaded. 
89065      INFO  main            d.u.i.k.p.r.p.TestFile    Now processing file /home/runner/work/key/key/key.core/../key.ui/examples/heap/model_methods/Coll2_Coll2_add_pre.key 
89065      INFO  main            d.u.i.k.p.i.AbstractProblemLoader Loading environment from /home/runner/work/key/key/key.core/../key.ui/examples/heap/model_methods/Coll2_Coll2_add_pre.key 
89065      DEBUG main            d.u.i.k.p.i.AbstractProblemLoader Environment load took 169.1ns 
89066      INFO  main            d.u.i.k.p.i.AbstractProblemLoader Creating init config 
91577      DEBUG main            d.u.i.k.p.i.AbstractProblemLoader Init config took 2.51s 
91616      INFO  main            d.u.i.k.p.i.AbstractProblemLoader Replaying proof Coll2[Coll2::add_pre(int)].JML model_behavior operation contract.0 
91618      DEBUG main            d.u.i.k.p.i.IntermediateProofReplayer Proof replay took 7.3ns 
91720      INFO  main            d.u.i.k.p.r.p.TestFile    ... finished proof: closed. 
91930      INFO  main            d.u.i.k.p.i.AbstractProblemLoader Loading environment from /home/runner/work/key/key/key.core/../key.ui/examples/heap/model_methods/Coll2_Coll2_add_pre.key.proof 
91930      DEBUG main            d.u.i.k.p.i.AbstractProblemLoader Environment load took 115.7ns 
91931      INFO  main            d.u.i.k.p.i.AbstractProblemLoader Creating init config 
94408      DEBUG main            d.u.i.k.p.i.AbstractProblemLoader Init config took 2.48s 
94445      INFO  main            d.u.i.k.p.i.AbstractProblemLoader Replaying proof Coll2[Coll2::add_pre(int)].JML model_behavior operation contract.0 
94448      DEBUG main            d.u.i.k.p.i.IntermediateProofReplayer Proof replay took 1.45ms 
94449      DEBUG main            d.u.i.k.p.r.p.TestFile    ... success: reloaded. 
94449      INFO  main            d.u.i.k.p.r.p.TestFile    Now processing file /home/runner/work/key/key/key.core/../key.ui/examples/heap/model_methods/Coll2_Coll_add_pre.key 
94450      INFO  main            d.u.i.k.p.i.AbstractProblemLoader Loading environment from /home/runner/work/key/key/key.core/../key.ui/examples/heap/model_methods/Coll2_Coll_add_pre.key 
94450      DEBUG main            d.u.i.k.p.i.AbstractProblemLoader Environment load took 63.3ns 
94451      INFO  main            d.u.i.k.p.i.AbstractProblemLoader Creating init config 
96953      DEBUG main            d.u.i.k.p.i.AbstractProblemLoader Init config took 2.5s 
96990      INFO  main            d.u.i.k.p.i.AbstractProblemLoader Replaying proof Coll2[Coll::add_pre(int)].JML model_behavior operation contract.0 
96992      DEBUG main            d.u.i.k.p.i.IntermediateProofReplayer Proof replay took 7.5ns 
97094      INFO  main            d.u.i.k.p.r.p.TestFile    ... finished proof: closed. 
97312      INFO  main            d.u.i.k.p.i.AbstractProblemLoader Loading environment from /home/runner/work/key/key/key.core/../key.ui/examples/heap/model_methods/Coll2_Coll_add_pre.key.proof 
97312      DEBUG main            d.u.i.k.p.i.AbstractProblemLoader Environment load took 128.7ns 
97313      INFO  main            d.u.i.k.p.i.AbstractProblemLoader Creating init config 
99786      DEBUG main            d.u.i.k.p.i.AbstractProblemLoader Init config took 2.47s 
99824      INFO  main            d.u.i.k.p.i.AbstractProblemLoader Replaying proof Coll2[Coll::add_pre(int)].JML model_behavior operation contract.0 
99828      DEBUG main            d.u.i.k.p.i.IntermediateProofReplayer Proof replay took 2.33ms 
99828      DEBUG main            d.u.i.k.p.r.p.TestFile    ... success: reloaded. 
99830      INFO  main            d.u.i.k.p.r.p.TestFile    Now processing file /home/runner/work/key/key/key.core/../key.ui/examples/heap/model_methods/Coll_add.key 
99830      INFO  main            d.u.i.k.p.i.AbstractProblemLoader Loading environment from /home/runner/work/key/key/key.core/../key.ui/examples/heap/model_methods/Coll_add.key 
99830      DEBUG main            d.u.i.k.p.i.AbstractProblemLoader Environment load took 67.7ns 
99831      INFO  main            d.u.i.k.p.i.AbstractProblemLoader Creating init config 
102328     DEBUG main            d.u.i.k.p.i.AbstractProblemLoader Init config took 2.5s 
102395     INFO  main            d.u.i.k.p.i.AbstractProblemLoader Replaying proof Coll[Coll::add(int)].JML operation contract.0 
102397     DEBUG main            d.u.i.k.p.i.IntermediateProofReplayer Proof replay took 6.9ns 
102501     INFO  main            d.u.i.k.p.r.p.TestFile    ... finished proof: closed. 
102730     INFO  main            d.u.i.k.p.i.AbstractProblemLoader Loading environment from /home/runner/work/key/key/key.core/../key.ui/examples/heap/model_methods/Coll_add.key.proof 
102731     DEBUG main            d.u.i.k.p.i.AbstractProblemLoader Environment load took 135.9ns 
102732     INFO  main            d.u.i.k.p.i.AbstractProblemLoader Creating init config 
105181     DEBUG main            d.u.i.k.p.i.AbstractProblemLoader Init config took 2.45s 
105218     INFO  main            d.u.i.k.p.i.AbstractProblemLoader Replaying proof Coll[Coll::add(int)].JML operation contract.0 
105222     DEBUG main            d.u.i.k.p.i.IntermediateProofReplayer Proof replay took 2.21ms 
105223     DEBUG main            d.u.i.k.p.r.p.TestFile    ... success: reloaded. 
105224     INFO  main            d.u.i.k.p.r.p.TestFile    Now processing file /home/runner/work/key/key/key.core/../key.ui/examples/heap/model_methods/Coll_add_pre.key 
105224     INFO  main            d.u.i.k.p.i.AbstractProblemLoader Loading environment from /home/runner/work/key/key/key.core/../key.ui/examples/heap/model_methods/Coll_add_pre.key 
105224     DEBUG main            d.u.i.k.p.i.AbstractProblemLoader Environment load took 95.6ns 
105225     INFO  main            d.u.i.k.p.i.AbstractProblemLoader Creating init config 
107775     DEBUG main            d.u.i.k.p.i.AbstractProblemLoader Init config took 2.55s 
107814     INFO  main            d.u.i.k.p.i.AbstractProblemLoader Replaying proof Coll[Coll::add_pre(int)].JML model_behavior operation contract.0 
107817     DEBUG main            d.u.i.k.p.i.IntermediateProofReplayer Proof replay took 6.8ns 
107919     INFO  main            d.u.i.k.p.r.p.TestFile    ... finished proof: closed. 
108145     INFO  main            d.u.i.k.p.i.AbstractProblemLoader Loading environment from /home/runner/work/key/key/key.core/../key.ui/examples/heap/model_methods/Coll_add_pre.key.proof 
108145     DEBUG main            d.u.i.k.p.i.AbstractProblemLoader Environment load took 199.2ns 
108146     INFO  main            d.u.i.k.p.i.AbstractProblemLoader Creating init config 
110614     DEBUG main            d.u.i.k.p.i.AbstractProblemLoader Init config took 2.47s 
110660     INFO  main            d.u.i.k.p.i.AbstractProblemLoader Replaying proof Coll[Coll::add_pre(int)].JML model_behavior operation contract.0 
110664     DEBUG main            d.u.i.k.p.i.IntermediateProofReplayer Proof replay took 2.37ms 
110665     DEBUG main            d.u.i.k.p.r.p.TestFile    ... success: reloaded. 
110666     INFO  main            d.u.i.k.p.r.p.TestFile    Now processing file /home/runner/work/key/key/key.core/../key.ui/examples/heap/model_methods/Indirect_callAdd.key 
110666     INFO  main            d.u.i.k.p.i.AbstractProblemLoader Loading environment from /home/runner/work/key/key/key.core/../key.ui/examples/heap/model_methods/Indirect_callAdd.key 
110666     DEBUG main            d.u.i.k.p.i.AbstractProblemLoader Environment load took 95.8ns 
110667     INFO  main            d.u.i.k.p.i.AbstractProblemLoader Creating init config 
113183     DEBUG main            d.u.i.k.p.i.AbstractProblemLoader Init config took 2.52s 
113219     INFO  main            d.u.i.k.p.i.AbstractProblemLoader Replaying proof Indirect[Indirect::callAdd(Coll,int)].JML operation contract.0 
113221     DEBUG main            d.u.i.k.p.i.IntermediateProofReplayer Proof replay took 8.4ns 
113323     INFO  main            d.u.i.k.p.r.p.TestFile    ... finished proof: closed. 
113562     INFO  main            d.u.i.k.p.i.AbstractProblemLoader Loading environment from /home/runner/work/key/key/key.core/../key.ui/examples/heap/model_methods/Indirect_callAdd.key.proof 
113562     DEBUG main            d.u.i.k.p.i.AbstractProblemLoader Environment load took 110.7ns 
113563     INFO  main            d.u.i.k.p.i.AbstractProblemLoader Creating init config 
116028     DEBUG main            d.u.i.k.p.i.AbstractProblemLoader Init config took 2.47s 
116065     INFO  main            d.u.i.k.p.i.AbstractProblemLoader Replaying proof Indirect[Indirect::callAdd(Coll,int)].JML operation contract.0 
116091     DEBUG main            d.u.i.k.p.i.IntermediateProofReplayer Proof replay took 23.45ms 
116091     DEBUG main            d.u.i.k.p.r.p.TestFile    ... success: reloaded. 
116092     INFO  main            d.u.i.k.p.r.p.TestFile    Now processing file /home/runner/work/key/key/key.core/../key.ui/examples/heap/model_methods/Indirect_test.key 
116093     INFO  main            d.u.i.k.p.i.AbstractProblemLoader Loading environment from /home/runner/work/key/key/key.core/../key.ui/examples/heap/model_methods/Indirect_test.key 
116093     DEBUG main            d.u.i.k.p.i.AbstractProblemLoader Environment load took 88.2ns 
116094     INFO  main            d.u.i.k.p.i.AbstractProblemLoader Creating init config 
118580     DEBUG main            d.u.i.k.p.i.AbstractProblemLoader Init config took 2.49s 
118617     INFO  main            d.u.i.k.p.i.AbstractProblemLoader Replaying proof Indirect[Indirect::test(Coll1,Coll2)].JML operation contract.0 
118618     DEBUG main            d.u.i.k.p.i.IntermediateProofReplayer Proof replay took 7ns 
118822     INFO  main            d.u.i.k.p.r.p.TestFile    ... finished proof: closed. 
119072     INFO  main            d.u.i.k.p.i.AbstractProblemLoader Loading environment from /home/runner/work/key/key/key.core/../key.ui/examples/heap/model_methods/Indirect_test.key.proof 
119072     DEBUG main            d.u.i.k.p.i.AbstractProblemLoader Environment load took 112.2ns 
119073     INFO  main            d.u.i.k.p.i.AbstractProblemLoader Creating init config 
121504     DEBUG main            d.u.i.k.p.i.AbstractProblemLoader Init config took 2.43s 
121540     INFO  main            d.u.i.k.p.i.AbstractProblemLoader Replaying proof Indirect[Indirect::test(Coll1,Coll2)].JML operation contract.0 
121593     DEBUG main            d.u.i.k.p.i.IntermediateProofReplayer Proof replay took 50.93ms 
121594     DEBUG main            d.u.i.k.p.r.p.TestFile    ... success: reloaded. 
121595     INFO  main            d.u.i.k.p.r.p.TestFile    Now processing file /home/runner/work/key/key/key.core/../key.ui/examples/heap/model_methods/Recell_Cell_footprint.key 
121596     INFO  main            d.u.i.k.p.i.AbstractProblemLoader Loading environment from /home/runner/work/key/key/key.core/../key.ui/examples/heap/model_methods/Recell_Cell_footprint.key 
121596     DEBUG main            d.u.i.k.p.i.AbstractProblemLoader Environment load took 96.6ns 
121596     INFO  main            d.u.i.k.p.i.AbstractProblemLoader Creating init config 
124133     DEBUG main            d.u.i.k.p.i.AbstractProblemLoader Init config took 2.54s 
124188     INFO  main            d.u.i.k.p.i.AbstractProblemLoader Replaying proof Recell[Cell::footprint()].JML model_behavior operation contract.0 
124190     DEBUG main            d.u.i.k.p.i.IntermediateProofReplayer Proof replay took 7.2ns 
124292     INFO  main            d.u.i.k.p.r.p.TestFile    ... finished proof: closed. 
124529     INFO  main            d.u.i.k.p.i.AbstractProblemLoader Loading environment from /home/runner/work/key/key/key.core/../key.ui/examples/heap/model_methods/Recell_Cell_footprint.key.proof 
124529     DEBUG main            d.u.i.k.p.i.AbstractProblemLoader Environment load took 113.9ns 
124530     INFO  main            d.u.i.k.p.i.AbstractProblemLoader Creating init config 
127003     DEBUG main            d.u.i.k.p.i.AbstractProblemLoader Init config took 2.47s 
127051     INFO  main            d.u.i.k.p.i.AbstractProblemLoader Replaying proof Recell[Cell::footprint()].JML model_behavior operation contract.0 
127057     DEBUG main            d.u.i.k.p.i.IntermediateProofReplayer Proof replay took 3.46ms 
127058     DEBUG main            d.u.i.k.p.r.p.TestFile    ... success: reloaded. 
127059     INFO  main            d.u.i.k.p.r.p.TestFile    Now processing file /home/runner/work/key/key/key.core/../key.ui/examples/heap/model_methods/Recell_Cell_post_set.key 
127059     INFO  main            d.u.i.k.p.i.AbstractProblemLoader Loading environment from /home/runner/work/key/key/key.core/../key.ui/examples/heap/model_methods/Recell_Cell_post_set.key 
127060     DEBUG main            d.u.i.k.p.i.AbstractProblemLoader Environment load took 165.2ns 
127062     INFO  main            d.u.i.k.p.i.AbstractProblemLoader Creating init config 
129524     DEBUG main            d.u.i.k.p.i.AbstractProblemLoader Init config took 2.46s 
129559     INFO  main            d.u.i.k.p.i.AbstractProblemLoader Replaying proof Recell[Cell::post_set(int)].JML model_behavior operation contract.0 
129561     DEBUG main            d.u.i.k.p.i.IntermediateProofReplayer Proof replay took 7.1ns 
129663     INFO  main            d.u.i.k.p.r.p.TestFile    ... finished proof: closed. 
129918     INFO  main            d.u.i.k.p.i.AbstractProblemLoader Loading environment from /home/runner/work/key/key/key.core/../key.ui/examples/heap/model_methods/Recell_Cell_post_set.key.proof 
129918     DEBUG main            d.u.i.k.p.i.AbstractProblemLoader Environment load took 112.6ns 
129919     INFO  main            d.u.i.k.p.i.AbstractProblemLoader Creating init config 
132362     DEBUG main            d.u.i.k.p.i.AbstractProblemLoader Init config took 2.44s 
132397     INFO  main            d.u.i.k.p.i.AbstractProblemLoader Replaying proof Recell[Cell::post_set(int)].JML model_behavior operation contract.0 
132404     DEBUG main            d.u.i.k.p.i.IntermediateProofReplayer Proof replay took 3.62ms 
132405     DEBUG main            d.u.i.k.p.r.p.TestFile    ... success: reloaded. 
132406     INFO  main            d.u.i.k.p.r.p.TestFile    Now processing file /home/runner/work/key/key/key.core/../key.ui/examples/heap/model_methods/Recell_footprint_acc.key 
132406     INFO  main            d.u.i.k.p.i.AbstractProblemLoader Loading environment from /home/runner/work/key/key/key.core/../key.ui/examples/heap/model_methods/Recell_footprint_acc.key 
132406     DEBUG main            d.u.i.k.p.i.AbstractProblemLoader Environment load took 76.4ns 
132407     INFO  main            d.u.i.k.p.i.AbstractProblemLoader Creating init config 
134908     DEBUG main            d.u.i.k.p.i.AbstractProblemLoader Init config took 2.5s 
134943     INFO  main            d.u.i.k.p.i.AbstractProblemLoader Replaying proof Recell[Cell::footprint()].JML accessible clause.0 
134945     DEBUG main            d.u.i.k.p.i.IntermediateProofReplayer Proof replay took 8.2ns 
135051     INFO  main            d.u.i.k.p.r.p.TestFile    ... finished proof: closed. 
135314     INFO  main            d.u.i.k.p.i.AbstractProblemLoader Loading environment from /home/runner/work/key/key/key.core/../key.ui/examples/heap/model_methods/Recell_footprint_acc.key.proof 
135314     DEBUG main            d.u.i.k.p.i.AbstractProblemLoader Environment load took 115.1ns 
135315     INFO  main            d.u.i.k.p.i.AbstractProblemLoader Creating init config 
137743     DEBUG main            d.u.i.k.p.i.AbstractProblemLoader Init config took 2.43s 
137782     INFO  main            d.u.i.k.p.i.AbstractProblemLoader Replaying proof Recell[Cell::footprint()].JML accessible clause.0 
137818     DEBUG main            d.u.i.k.p.i.IntermediateProofReplayer Proof replay took 33.82ms 
137819     DEBUG main            d.u.i.k.p.r.p.TestFile    ... success: reloaded. 
137820     INFO  main            d.u.i.k.p.r.p.TestFile    Now processing file /home/runner/work/key/key/key.core/../key.ui/examples/heap/model_methods/Recell_get_acc.key 
137821     INFO  main            d.u.i.k.p.i.AbstractProblemLoader Loading environment from /home/runner/work/key/key/key.core/../key.ui/examples/heap/model_methods/Recell_get_acc.key 
137821     DEBUG main            d.u.i.k.p.i.AbstractProblemLoader Environment load took 195ns 
137822     INFO  main            d.u.i.k.p.i.AbstractProblemLoader Creating init config 
140319     DEBUG main            d.u.i.k.p.i.AbstractProblemLoader Init config took 2.5s 
140358     INFO  main            d.u.i.k.p.i.AbstractProblemLoader Replaying proof Recell[Cell::get()].JML accessible clause.0 
140361     DEBUG main            d.u.i.k.p.i.IntermediateProofReplayer Proof replay took 9.7ns 
140462     INFO  main            d.u.i.k.p.r.p.TestFile    ... finished proof: closed. 
140732     INFO  main            d.u.i.k.p.i.AbstractProblemLoader Loading environment from /home/runner/work/key/key/key.core/../key.ui/examples/heap/model_methods/Recell_get_acc.key.proof 
140732     DEBUG main            d.u.i.k.p.i.AbstractProblemLoader Environment load took 106.1ns 
140733     INFO  main            d.u.i.k.p.i.AbstractProblemLoader Creating init config 
143151     DEBUG main            d.u.i.k.p.i.AbstractProblemLoader Init config took 2.42s 
143187     INFO  main            d.u.i.k.p.i.AbstractProblemLoader Replaying proof Recell[Cell::get()].JML accessible clause.0 
143206     DEBUG main            d.u.i.k.p.i.IntermediateProofReplayer Proof replay took 16.87ms 
143207     DEBUG main            d.u.i.k.p.r.p.TestFile    ... success: reloaded. 
143208     INFO  main            d.u.i.k.p.r.p.TestFile    Now processing file /home/runner/work/key/key/key.core/../key.ui/examples/heap/model_methods/Recell_get.key 
143208     INFO  main            d.u.i.k.p.i.AbstractProblemLoader Loading environment from /home/runner/work/key/key/key.core/../key.ui/examples/heap/model_methods/Recell_get.key 
143208     DEBUG main            d.u.i.k.p.i.AbstractProblemLoader Environment load took 97.3ns 
143209     INFO  main            d.u.i.k.p.i.AbstractProblemLoader Creating init config 
145710     DEBUG main            d.u.i.k.p.i.AbstractProblemLoader Init config took 2.5s 
145749     INFO  main            d.u.i.k.p.i.AbstractProblemLoader Replaying proof Recell[Cell::get()].JML operation contract.0 
145752     DEBUG main            d.u.i.k.p.i.IntermediateProofReplayer Proof replay took 7.4ns 
145854     INFO  main            d.u.i.k.p.r.p.TestFile    ... finished proof: closed. 
146127     INFO  main            d.u.i.k.p.i.AbstractProblemLoader Loading environment from /home/runner/work/key/key/key.core/../key.ui/examples/heap/model_methods/Recell_get.key.proof 
146127     DEBUG main            d.u.i.k.p.i.AbstractProblemLoader Environment load took 107ns 
146128     INFO  main            d.u.i.k.p.i.AbstractProblemLoader Creating init config 
148543     DEBUG main            d.u.i.k.p.i.AbstractProblemLoader Init config took 2.41s 
148578     INFO  main            d.u.i.k.p.i.AbstractProblemLoader Replaying proof Recell[Cell::get()].JML operation contract.0 
148588     DEBUG main            d.u.i.k.p.i.IntermediateProofReplayer Proof replay took 8.43ms 
148589     DEBUG main            d.u.i.k.p.r.p.TestFile    ... success: reloaded. 
148590     INFO  main            d.u.i.k.p.r.p.TestFile    Now processing file /home/runner/work/key/key/key.core/../key.ui/examples/heap/model_methods/Recell_Recell_footprint.key 
148590     INFO  main            d.u.i.k.p.i.AbstractProblemLoader Loading environment from /home/runner/work/key/key/key.core/../key.ui/examples/heap/model_methods/Recell_Recell_footprint.key 
148590     DEBUG main            d.u.i.k.p.i.AbstractProblemLoader Environment load took 59.1ns 
148591     INFO  main            d.u.i.k.p.i.AbstractProblemLoader Creating init config 
151055     DEBUG main            d.u.i.k.p.i.AbstractProblemLoader Init config took 2.46s 
151090     INFO  main            d.u.i.k.p.i.AbstractProblemLoader Replaying proof Recell[Recell::footprint()].JML model_behavior operation contract.0 
151091     DEBUG main            d.u.i.k.p.i.IntermediateProofReplayer Proof replay took 8.1ns 
151196     INFO  main            d.u.i.k.p.r.p.TestFile    ... finished proof: closed. 
151468     INFO  main            d.u.i.k.p.i.AbstractProblemLoader Loading environment from /home/runner/work/key/key/key.core/../key.ui/examples/heap/model_methods/Recell_Recell_footprint.key.proof 
151469     DEBUG main            d.u.i.k.p.i.AbstractProblemLoader Environment load took 116.9ns 
151469     INFO  main            d.u.i.k.p.i.AbstractProblemLoader Creating init config 
153884     DEBUG main            d.u.i.k.p.i.AbstractProblemLoader Init config took 2.41s 
153920     INFO  main            d.u.i.k.p.i.AbstractProblemLoader Replaying proof Recell[Recell::footprint()].JML model_behavior operation contract.0 
153923     DEBUG main            d.u.i.k.p.i.IntermediateProofReplayer Proof replay took 1.35ms 
153924     DEBUG main            d.u.i.k.p.r.p.TestFile    ... success: reloaded. 
153924     INFO  main            d.u.i.k.p.r.p.TestFile    Now processing file /home/runner/work/key/key/key.core/../key.ui/examples/heap/model_methods/Recell_Recell_post_set.key 
153925     INFO  main            d.u.i.k.p.i.AbstractProblemLoader Loading environment from /home/runner/work/key/key/key.core/../key.ui/examples/heap/model_methods/Recell_Recell_post_set.key 
153927     DEBUG main            d.u.i.k.p.i.AbstractProblemLoader Environment load took 2.27ms 
153928     INFO  main            d.u.i.k.p.i.AbstractProblemLoader Creating init config 
156429     DEBUG main            d.u.i.k.p.i.AbstractProblemLoader Init config took 2.5s 
156464     INFO  main            d.u.i.k.p.i.AbstractProblemLoader Replaying proof Recell[Recell::post_set(int)].JML model_behavior operation contract.0 
156466     DEBUG main            d.u.i.k.p.i.IntermediateProofReplayer Proof replay took 7.4ns 
156567     INFO  main            d.u.i.k.p.r.p.TestFile    ... finished proof: closed. 
156841     INFO  main            d.u.i.k.p.i.AbstractProblemLoader Loading environment from /home/runner/work/key/key/key.core/../key.ui/examples/heap/model_methods/Recell_Recell_post_set.key.proof 
156841     DEBUG main            d.u.i.k.p.i.AbstractProblemLoader Environment load took 104.8ns 
156842     INFO  main            d.u.i.k.p.i.AbstractProblemLoader Creating init config 
159238     DEBUG main            d.u.i.k.p.i.AbstractProblemLoader Init config took 2.4s 
159274     INFO  main            d.u.i.k.p.i.AbstractProblemLoader Replaying proof Recell[Recell::post_set(int)].JML model_behavior operation contract.0 
159278     DEBUG main            d.u.i.k.p.i.IntermediateProofReplayer Proof replay took 2.54ms 
159279     DEBUG main            d.u.i.k.p.r.p.TestFile    ... success: reloaded. 
159280     INFO  main            d.u.i.k.p.r.p.TestFile    Now processing file /home/runner/work/key/key/key.core/../key.ui/examples/heap/model_methods/Recell_set.key 
159280     INFO  main            d.u.i.k.p.i.AbstractProblemLoader Loading environment from /home/runner/work/key/key/key.core/../key.ui/examples/heap/model_methods/Recell_set.key 
159280     DEBUG main            d.u.i.k.p.i.AbstractProblemLoader Environment load took 70.5ns 
159281     INFO  main            d.u.i.k.p.i.AbstractProblemLoader Creating init config 
161759     DEBUG main            d.u.i.k.p.i.AbstractProblemLoader Init config took 2.48s 
161795     INFO  main            d.u.i.k.p.i.AbstractProblemLoader Replaying proof Recell[Cell::set(int)].JML operation contract.0 
161796     DEBUG main            d.u.i.k.p.i.IntermediateProofReplayer Proof replay took 7.9ns 
168532     INFO  main            d.u.i.k.p.r.p.TestFile    ... finished proof: closed. 
168847     INFO  main            d.u.i.k.p.i.AbstractProblemLoader Loading environment from /home/runner/work/key/key/key.core/../key.ui/examples/heap/model_methods/Recell_set.key.proof 
168847     DEBUG main            d.u.i.k.p.i.AbstractProblemLoader Environment load took 409.31ns 
168849     INFO  main            d.u.i.k.p.i.AbstractProblemLoader Creating init config 
171243     DEBUG main            d.u.i.k.p.i.AbstractProblemLoader Init config took 2.39s 
171279     INFO  main            d.u.i.k.p.i.AbstractProblemLoader Replaying proof Recell[Cell::set(int)].JML operation contract.0 
171778     DEBUG main            d.u.i.k.p.i.IntermediateProofReplayer Proof replay took 483.38ms 
171780     DEBUG main            d.u.i.k.p.r.p.TestFile    ... success: reloaded. 
171781     INFO  main            d.u.i.k.p.r.p.TestFile    Now processing file /home/runner/work/key/key/key.core/../key.ui/examples/heap/model_methods/Recell_undo.key 
171781     INFO  main            d.u.i.k.p.i.AbstractProblemLoader Loading environment from /home/runner/work/key/key/key.core/../key.ui/examples/heap/model_methods/Recell_undo.key 
171781     DEBUG main            d.u.i.k.p.i.AbstractProblemLoader Environment load took 187ns 
171782     INFO  main            d.u.i.k.p.i.AbstractProblemLoader Creating init config 
174266     DEBUG main            d.u.i.k.p.i.AbstractProblemLoader Init config took 2.48s 
174303     INFO  main            d.u.i.k.p.i.AbstractProblemLoader Replaying proof Recell[Recell::undo()].JML operation contract.0 
174304     DEBUG main            d.u.i.k.p.i.IntermediateProofReplayer Proof replay took 8ns 
174406     INFO  main            d.u.i.k.p.r.p.TestFile    ... finished proof: closed. 
174693     INFO  main            d.u.i.k.p.i.AbstractProblemLoader Loading environment from /home/runner/work/key/key/key.core/../key.ui/examples/heap/model_methods/Recell_undo.key.proof 
174693     DEBUG main            d.u.i.k.p.i.AbstractProblemLoader Environment load took 107.6ns 
174694     INFO  main            d.u.i.k.p.i.AbstractProblemLoader Creating init config 
177095     DEBUG main            d.u.i.k.p.i.AbstractProblemLoader Init config took 2.4s 
177130     INFO  main            d.u.i.k.p.i.AbstractProblemLoader Replaying proof Recell[Recell::undo()].JML operation contract.0 
177163     DEBUG main            d.u.i.k.p.i.IntermediateProofReplayer Proof replay took 30.11ms 
177164     DEBUG main            d.u.i.k.p.r.p.TestFile    ... success: reloaded. 
4219379    INFO  Test worker     d.u.i.k.p.r.RunAllProofsTestUnit Returning from test modelMethods 
4219380    INFO  Test worker     d.u.i.k.p.r.RunAllProofsTestUnit Running test permissionHeap 
336        WARN  main            d.u.i.k.s.ProofSettings   The settings in /home/runner/.key/proof-settings.props are *not* read. 
342        INFO  Timeout watchdog d.u.i.k.p.r.p.ForkedTestFileRunner Timeout watcher launched (2000 secs.) 
384        INFO  main            d.u.i.k.p.r.p.TestFile    Now processing file /home/runner/work/key/key/key.core/../key.ui/examples/heap/permissions/permissions_method0.key 
552        INFO  main            d.u.i.k.p.i.AbstractProblemLoader Loading environment from /home/runner/work/key/key/key.core/../key.ui/examples/heap/permissions/permissions_method0.key 
582        DEBUG main            d.u.i.k.p.i.AbstractProblemLoader Environment load took 1.96ms 
836        INFO  main            d.u.i.k.p.i.AbstractProblemLoader Creating init config 
1854       DEBUG main            d.u.i.k.j.TypeConverter   No LDT found for Meta 
1854       DEBUG main            d.u.i.k.j.TypeConverter   No LDT found for Meta 
1857       DEBUG main            d.u.i.k.j.TypeConverter   No LDT found for Meta 
1857       DEBUG main            d.u.i.k.j.TypeConverter   No LDT found for Meta 
3365       DEBUG main            d.u.i.k.j.TypeConverter   No LDT found for JavaBigintExpression 
8988       DEBUG main            d.u.i.k.p.i.AbstractProblemLoader Init config took 8.15s 
9117       INFO  main            d.u.i.k.p.i.AbstractProblemLoader Replaying proof MyClass[MyClass::method0()].JML normal_behavior operation contract.0 
9150       DEBUG main            d.u.i.k.p.i.IntermediateProofReplayer Proof replay took 34.7ns 
10122      INFO  main            d.u.i.k.p.r.p.TestFile    ... finished proof: closed. 
10240      INFO  main            d.u.i.k.p.i.AbstractProblemLoader Loading environment from /home/runner/work/key/key/key.core/../key.ui/examples/heap/permissions/permissions_method0.key.proof 
10240      DEBUG main            d.u.i.k.p.i.AbstractProblemLoader Environment load took 382.7ns 
10242      INFO  main            d.u.i.k.p.i.AbstractProblemLoader Creating init config 
13108      DEBUG main            d.u.i.k.p.i.AbstractProblemLoader Init config took 2.87s 
13188      INFO  main            d.u.i.k.p.i.AbstractProblemLoader Replaying proof MyClass[MyClass::method0()].JML normal_behavior operation contract.0 
13300      DEBUG main            d.u.i.k.p.i.IntermediateProofReplayer Proof replay took 106.09ms 
13308      DEBUG main            d.u.i.k.p.r.p.TestFile    ... success: reloaded. 
13311      INFO  main            d.u.i.k.p.r.p.TestFile    Now processing file /home/runner/work/key/key/key.core/../key.ui/examples/heap/permissions/permissions_method1.key 
13311      INFO  main            d.u.i.k.p.i.AbstractProblemLoader Loading environment from /home/runner/work/key/key/key.core/../key.ui/examples/heap/permissions/permissions_method1.key 
13311      DEBUG main            d.u.i.k.p.i.AbstractProblemLoader Environment load took 119.5ns 
13314      INFO  main            d.u.i.k.p.i.AbstractProblemLoader Creating init config 
16237      DEBUG main            d.u.i.k.p.i.AbstractProblemLoader Init config took 2.92s 
16296      INFO  main            d.u.i.k.p.i.AbstractProblemLoader Replaying proof MyClass[MyClass::method1()].JML normal_behavior operation contract.0 
16298      DEBUG main            d.u.i.k.p.i.IntermediateProofReplayer Proof replay took 7ns 
16603      INFO  main            d.u.i.k.p.r.p.TestFile    ... finished proof: closed. 
16765      INFO  main            d.u.i.k.p.i.AbstractProblemLoader Loading environment from /home/runner/work/key/key/key.core/../key.ui/examples/heap/permissions/permissions_method1.key.proof 
16767      DEBUG main            d.u.i.k.p.i.AbstractProblemLoader Environment load took 1.45ms 
16768      INFO  main            d.u.i.k.p.i.AbstractProblemLoader Creating init config 
19512      DEBUG main            d.u.i.k.p.i.AbstractProblemLoader Init config took 2.74s 
19564      INFO  main            d.u.i.k.p.i.AbstractProblemLoader Replaying proof MyClass[MyClass::method1()].JML normal_behavior operation contract.0 
19640      DEBUG main            d.u.i.k.p.i.IntermediateProofReplayer Proof replay took 72.08ms 
19641      DEBUG main            d.u.i.k.p.r.p.TestFile    ... success: reloaded. 
19642      INFO  main            d.u.i.k.p.r.p.TestFile    Now processing file /home/runner/work/key/key/key.core/../key.ui/examples/heap/permissions/permissions_method3.key 
19643      INFO  main            d.u.i.k.p.i.AbstractProblemLoader Loading environment from /home/runner/work/key/key/key.core/../key.ui/examples/heap/permissions/permissions_method3.key 
19643      DEBUG main            d.u.i.k.p.i.AbstractProblemLoader Environment load took 189.2ns 
19644      INFO  main            d.u.i.k.p.i.AbstractProblemLoader Creating init config 
22400      DEBUG main            d.u.i.k.p.i.AbstractProblemLoader Init config took 2.76s 
22449      INFO  main            d.u.i.k.p.i.AbstractProblemLoader Replaying proof MyClass[MyClass::method3()].JML normal_behavior operation contract.0 
22452      DEBUG main            d.u.i.k.p.i.IntermediateProofReplayer Proof replay took 6.4ns 
23859      INFO  main            d.u.i.k.p.r.p.TestFile    ... finished proof: closed. 
24067      INFO  main            d.u.i.k.p.i.AbstractProblemLoader Loading environment from /home/runner/work/key/key/key.core/../key.ui/examples/heap/permissions/permissions_method3.key.proof 
24069      DEBUG main            d.u.i.k.p.i.AbstractProblemLoader Environment load took 1.25ms 
24070      INFO  main            d.u.i.k.p.i.AbstractProblemLoader Creating init config 
26753      DEBUG main            d.u.i.k.p.i.AbstractProblemLoader Init config took 2.68s 
26809      INFO  main            d.u.i.k.p.i.AbstractProblemLoader Replaying proof MyClass[MyClass::method3()].JML normal_behavior operation contract.0 
27085      DEBUG main            d.u.i.k.p.i.IntermediateProofReplayer Proof replay took 264.32ms 
27087      DEBUG main            d.u.i.k.p.r.p.TestFile    ... success: reloaded. 
27088      INFO  main            d.u.i.k.p.r.p.TestFile    Now processing file /home/runner/work/key/key/key.core/../key.ui/examples/heap/permissions/permissions_setAB.key 
27088      INFO  main            d.u.i.k.p.i.AbstractProblemLoader Loading environment from /home/runner/work/key/key/key.core/../key.ui/examples/heap/permissions/permissions_setAB.key 
27089      DEBUG main            d.u.i.k.p.i.AbstractProblemLoader Environment load took 178.9ns 
27090      INFO  main            d.u.i.k.p.i.AbstractProblemLoader Creating init config 
29803      DEBUG main            d.u.i.k.p.i.AbstractProblemLoader Init config took 2.71s 
29848      INFO  main            d.u.i.k.p.i.AbstractProblemLoader Replaying proof MyClass[MyClass::setAB()].JML normal_behavior operation contract.0 
29850      DEBUG main            d.u.i.k.p.i.IntermediateProofReplayer Proof replay took 6.8ns 
31456      INFO  main            d.u.i.k.p.r.p.TestFile    ... finished proof: closed. 
31681      INFO  main            d.u.i.k.p.i.AbstractProblemLoader Loading environment from /home/runner/work/key/key/key.core/../key.ui/examples/heap/permissions/permissions_setAB.key.proof 
31682      DEBUG main            d.u.i.k.p.i.AbstractProblemLoader Environment load took 348.7ns 
31683      INFO  main            d.u.i.k.p.i.AbstractProblemLoader Creating init config 
34330      DEBUG main            d.u.i.k.p.i.AbstractProblemLoader Init config took 2.65s 
34389      INFO  main            d.u.i.k.p.i.AbstractProblemLoader Replaying proof MyClass[MyClass::setAB()].JML normal_behavior operation contract.0 
34617      DEBUG main            d.u.i.k.p.i.IntermediateProofReplayer Proof replay took 219.73ms 
34619      DEBUG main            d.u.i.k.p.r.p.TestFile    ... success: reloaded. 
34620      INFO  main            d.u.i.k.p.r.p.TestFile    Now processing file /home/runner/work/key/key/key.core/../key.ui/examples/heap/permissions/permissionProperties.key 
34621      INFO  main            d.u.i.k.p.i.AbstractProblemLoader Loading environment from /home/runner/work/key/key/key.core/../key.ui/examples/heap/permissions/permissionProperties.key 
34621      DEBUG main            d.u.i.k.p.i.AbstractProblemLoader Environment load took 93.5ns 
34622      INFO  main            d.u.i.k.p.i.AbstractProblemLoader Creating init config 
34808      DEBUG main            d.u.i.k.j.TypeConverter   No LDT found for Meta 
34809      DEBUG main            d.u.i.k.j.TypeConverter   No LDT found for Meta 
34810      DEBUG main            d.u.i.k.j.TypeConverter   No LDT found for Meta 
34810      DEBUG main            d.u.i.k.j.TypeConverter   No LDT found for Meta 
35448      DEBUG main            d.u.i.k.j.TypeConverter   No LDT found for JavaBigintExpression 
38357      DEBUG main            d.u.i.k.p.i.AbstractProblemLoader Init config took 3.73s 
38378      INFO  main            d.u.i.k.p.i.AbstractProblemLoader Replaying proof permissionProperties.key 
38380      DEBUG main            d.u.i.k.p.i.IntermediateProofReplayer Proof replay took 6.7ns 
38584      INFO  main            d.u.i.k.p.r.p.TestFile    ... finished proof: closed. 
38787      INFO  main            d.u.i.k.p.i.AbstractProblemLoader Loading environment from /home/runner/work/key/key/key.core/../key.ui/examples/heap/permissions/permissionProperties.key.proof 
38788      DEBUG main            d.u.i.k.p.i.AbstractProblemLoader Environment load took 1.37ms 
38790      INFO  main            d.u.i.k.p.i.AbstractProblemLoader Creating init config 
41317      DEBUG main            d.u.i.k.p.i.AbstractProblemLoader Init config took 2.53s 
41338      INFO  main            d.u.i.k.p.i.AbstractProblemLoader Replaying proof permissionProperties.key.proof 
41356      DEBUG main            d.u.i.k.p.i.IntermediateProofReplayer Proof replay took 14.95ms 
41357      DEBUG main            d.u.i.k.p.r.p.TestFile    ... success: reloaded. 
41358      INFO  main            d.u.i.k.p.r.p.TestFile    Now processing file /home/runner/work/key/key/key.core/../key.ui/examples/heap/permissions/threads/AFilter_AFilter.key 
41359      INFO  main            d.u.i.k.p.i.AbstractProblemLoader Loading environment from /home/runner/work/key/key/key.core/../key.ui/examples/heap/permissions/threads/AFilter_AFilter.key 
41359      DEBUG main            d.u.i.k.p.i.AbstractProblemLoader Environment load took 193.8ns 
41360      INFO  main            d.u.i.k.p.i.AbstractProblemLoader Creating init config 
41479      DEBUG main            d.u.i.k.j.TypeConverter   No LDT found for Meta 
41480      DEBUG main            d.u.i.k.j.TypeConverter   No LDT found for Meta 
41480      DEBUG main            d.u.i.k.j.TypeConverter   No LDT found for Meta 
41481      DEBUG main            d.u.i.k.j.TypeConverter   No LDT found for Meta 
42043      DEBUG main            d.u.i.k.j.TypeConverter   No LDT found for JavaBigintExpression 
47397      DEBUG main            d.u.i.k.p.i.AbstractProblemLoader Init config took 6.04s 
47499      INFO  main            d.u.i.k.p.i.AbstractProblemLoader Replaying proof AFilter[AFilter::AFilter(Sampler,Buffer)].JML normal_behavior operation contract.0 
47501      DEBUG main            d.u.i.k.p.i.IntermediateProofReplayer Proof replay took 7.1ns 
48606      INFO  main            d.u.i.k.p.r.p.TestFile    ... finished proof: closed. 
48843      INFO  main            d.u.i.k.p.i.AbstractProblemLoader Loading environment from /home/runner/work/key/key/key.core/../key.ui/examples/heap/permissions/threads/AFilter_AFilter.key.proof 
48844      DEBUG main            d.u.i.k.p.i.AbstractProblemLoader Environment load took 371.5ns 
48845      INFO  main            d.u.i.k.p.i.AbstractProblemLoader Creating init config 
53533      DEBUG main            d.u.i.k.p.i.AbstractProblemLoader Init config took 4.69s 
53654      INFO  main            d.u.i.k.p.i.AbstractProblemLoader Replaying proof AFilter[AFilter::AFilter(Sampler,Buffer)].JML normal_behavior operation contract.0 
53833      DEBUG main            d.u.i.k.p.i.IntermediateProofReplayer Proof replay took 173.21ms 
53835      DEBUG main            d.u.i.k.p.r.p.TestFile    ... success: reloaded. 
53836      INFO  main            d.u.i.k.p.r.p.TestFile    Now processing file /home/runner/work/key/key/key.core/../key.ui/examples/heap/permissions/threads/AFilter_initPost_accessible.key 
53836      INFO  main            d.u.i.k.p.i.AbstractProblemLoader Loading environment from /home/runner/work/key/key/key.core/../key.ui/examples/heap/permissions/threads/AFilter_initPost_accessible.key 
53837      DEBUG main            d.u.i.k.p.i.AbstractProblemLoader Environment load took 177.8ns 
53838      INFO  main            d.u.i.k.p.i.AbstractProblemLoader Creating init config 
58601      DEBUG main            d.u.i.k.p.i.AbstractProblemLoader Init config took 4.76s 
58701      INFO  main            d.u.i.k.p.i.AbstractProblemLoader Replaying proof AFilter[ThreadSpec2::initPost()].JML accessible clause.0 
58703      DEBUG main            d.u.i.k.p.i.IntermediateProofReplayer Proof replay took 6.9ns 
58805      INFO  main            d.u.i.k.p.r.p.TestFile    ... finished proof: closed. 
59048      INFO  main            d.u.i.k.p.i.AbstractProblemLoader Loading environment from /home/runner/work/key/key/key.core/../key.ui/examples/heap/permissions/threads/AFilter_initPost_accessible.key.proof 
59048      DEBUG main            d.u.i.k.p.i.AbstractProblemLoader Environment load took 130ns 
59050      INFO  main            d.u.i.k.p.i.AbstractProblemLoader Creating init config 
63763      DEBUG main            d.u.i.k.p.i.AbstractProblemLoader Init config took 4.71s 
63850      INFO  main            d.u.i.k.p.i.AbstractProblemLoader Replaying proof AFilter[ThreadSpec2::initPost()].JML accessible clause.0 
63864      DEBUG main            d.u.i.k.p.i.IntermediateProofReplayer Proof replay took 12.22ms 
63865      DEBUG main            d.u.i.k.p.r.p.TestFile    ... success: reloaded. 
63866      INFO  main            d.u.i.k.p.r.p.TestFile    Now processing file /home/runner/work/key/key/key.core/../key.ui/examples/heap/permissions/threads/AFilter_inv_accessible1.key 
63866      INFO  main            d.u.i.k.p.i.AbstractProblemLoader Loading environment from /home/runner/work/key/key/key.core/../key.ui/examples/heap/permissions/threads/AFilter_inv_accessible1.key 
63866      DEBUG main            d.u.i.k.p.i.AbstractProblemLoader Environment load took 98.9ns 
63867      INFO  main            d.u.i.k.p.i.AbstractProblemLoader Creating init config 
68515      DEBUG main            d.u.i.k.p.i.AbstractProblemLoader Init config took 4.65s 
68610      INFO  main            d.u.i.k.p.i.AbstractProblemLoader Replaying proof AFilter[java.lang.Object::<inv>()].JML accessible clause.0 
68614      DEBUG main            d.u.i.k.p.i.IntermediateProofReplayer Proof replay took 7.6ns 
68716      INFO  main            d.u.i.k.p.r.p.TestFile    ... finished proof: closed. 
68953      INFO  main            d.u.i.k.p.i.AbstractProblemLoader Loading environment from /home/runner/work/key/key/key.core/../key.ui/examples/heap/permissions/threads/AFilter_inv_accessible1.key.proof 
68953      DEBUG main            d.u.i.k.p.i.AbstractProblemLoader Environment load took 131ns 
68954      INFO  main            d.u.i.k.p.i.AbstractProblemLoader Creating init config 
73633      DEBUG main            d.u.i.k.p.i.AbstractProblemLoader Init config took 4.68s 
73720      INFO  main            d.u.i.k.p.i.AbstractProblemLoader Replaying proof AFilter[java.lang.Object::<inv>()].JML accessible clause.0 
73724      DEBUG main            d.u.i.k.p.i.IntermediateProofReplayer Proof replay took 2.32ms 
73725      DEBUG main            d.u.i.k.p.r.p.TestFile    ... success: reloaded. 
73727      INFO  main            d.u.i.k.p.r.p.TestFile    Now processing file /home/runner/work/key/key/key.core/../key.ui/examples/heap/permissions/threads/AFilter_inv_accessible2.key 
73727      INFO  main            d.u.i.k.p.i.AbstractProblemLoader Loading environment from /home/runner/work/key/key/key.core/../key.ui/examples/heap/permissions/threads/AFilter_inv_accessible2.key 
73727      DEBUG main            d.u.i.k.p.i.AbstractProblemLoader Environment load took 124.3ns 
73728      INFO  main            d.u.i.k.p.i.AbstractProblemLoader Creating init config 
78443      DEBUG main            d.u.i.k.p.i.AbstractProblemLoader Init config took 4.71s 
78542      INFO  main            d.u.i.k.p.i.AbstractProblemLoader Replaying proof AFilter[java.lang.Object::<inv>()].JML accessible clause.1 
78543      DEBUG main            d.u.i.k.p.i.IntermediateProofReplayer Proof replay took 7.2ns 
78646      INFO  main            d.u.i.k.p.r.p.TestFile    ... finished proof: closed. 
78851      INFO  main            d.u.i.k.p.i.AbstractProblemLoader Loading environment from /home/runner/work/key/key/key.core/../key.ui/examples/heap/permissions/threads/AFilter_inv_accessible2.key.proof 
78851      DEBUG main            d.u.i.k.p.i.AbstractProblemLoader Environment load took 132.1ns 
78852      INFO  main            d.u.i.k.p.i.AbstractProblemLoader Creating init config 
83517      DEBUG main            d.u.i.k.p.i.AbstractProblemLoader Init config took 4.67s 
83602      INFO  main            d.u.i.k.p.i.AbstractProblemLoader Replaying proof AFilter[java.lang.Object::<inv>()].JML accessible clause.1 
83606      DEBUG main            d.u.i.k.p.i.IntermediateProofReplayer Proof replay took 2.24ms 
83607      DEBUG main            d.u.i.k.p.r.p.TestFile    ... success: reloaded. 
83609      INFO  main            d.u.i.k.p.r.p.TestFile    Now processing file /home/runner/work/key/key/key.core/../key.ui/examples/heap/permissions/threads/AFilter_joinTransfer_accessible.key 
83609      INFO  main            d.u.i.k.p.i.AbstractProblemLoader Loading environment from /home/runner/work/key/key/key.core/../key.ui/examples/heap/permissions/threads/AFilter_joinTransfer_accessible.key 
83609      DEBUG main            d.u.i.k.p.i.AbstractProblemLoader Environment load took 175.9ns 
83610      INFO  main            d.u.i.k.p.i.AbstractProblemLoader Creating init config 
88301      DEBUG main            d.u.i.k.p.i.AbstractProblemLoader Init config took 4.69s 
88401      INFO  main            d.u.i.k.p.i.AbstractProblemLoader Replaying proof AFilter[ThreadSpec2::joinTransfer()].JML accessible clause.0 
88402      DEBUG main            d.u.i.k.p.i.IntermediateProofReplayer Proof replay took 7.4ns 
89508      INFO  main            d.u.i.k.p.r.p.TestFile    ... finished proof: closed. 
89763      INFO  main            d.u.i.k.p.i.AbstractProblemLoader Loading environment from /home/runner/work/key/key/key.core/../key.ui/examples/heap/permissions/threads/AFilter_joinTransfer_accessible.key.proof 
89768      DEBUG main            d.u.i.k.p.i.AbstractProblemLoader Environment load took 4.31ms 
89769      INFO  main            d.u.i.k.p.i.AbstractProblemLoader Creating init config 
94409      DEBUG main            d.u.i.k.p.i.AbstractProblemLoader Init config took 4.64s 
94494      INFO  main            d.u.i.k.p.i.AbstractProblemLoader Replaying proof AFilter[ThreadSpec2::joinTransfer()].JML accessible clause.0 
94639      DEBUG main            d.u.i.k.p.i.IntermediateProofReplayer Proof replay took 139.87ms 
94641      DEBUG main            d.u.i.k.p.r.p.TestFile    ... success: reloaded. 
94643      INFO  main            d.u.i.k.p.r.p.TestFile    Now processing file /home/runner/work/key/key/key.core/../key.ui/examples/heap/permissions/threads/AFilter_joinTransfer_contract.key 
94643      INFO  main            d.u.i.k.p.i.AbstractProblemLoader Loading environment from /home/runner/work/key/key/key.core/../key.ui/examples/heap/permissions/threads/AFilter_joinTransfer_contract.key 
94643      DEBUG main            d.u.i.k.p.i.AbstractProblemLoader Environment load took 189.1ns 
94644      INFO  main            d.u.i.k.p.i.AbstractProblemLoader Creating init config 
99336      DEBUG main            d.u.i.k.p.i.AbstractProblemLoader Init config took 4.69s 
99435      INFO  main            d.u.i.k.p.i.AbstractProblemLoader Replaying proof AFilter[ThreadSpec2::joinTransfer()].JML model_behavior operation contract.0 
99436      DEBUG main            d.u.i.k.p.i.IntermediateProofReplayer Proof replay took 7.9ns 
99541      INFO  main            d.u.i.k.p.r.p.TestFile    ... finished proof: closed. 
99765      INFO  main            d.u.i.k.p.i.AbstractProblemLoader Loading environment from /home/runner/work/key/key/key.core/../key.ui/examples/heap/permissions/threads/AFilter_joinTransfer_contract.key.proof 
99765      DEBUG main            d.u.i.k.p.i.AbstractProblemLoader Environment load took 479.31ns 
99766      INFO  main            d.u.i.k.p.i.AbstractProblemLoader Creating init config 
104390     DEBUG main            d.u.i.k.p.i.AbstractProblemLoader Init config took 4.62s 
104486     INFO  main            d.u.i.k.p.i.AbstractProblemLoader Replaying proof AFilter[ThreadSpec2::joinTransfer()].JML model_behavior operation contract.0 
104501     DEBUG main            d.u.i.k.p.i.IntermediateProofReplayer Proof replay took 11.42ms 
104503     DEBUG main            d.u.i.k.p.r.p.TestFile    ... success: reloaded. 
104504     INFO  main            d.u.i.k.p.r.p.TestFile    Now processing file /home/runner/work/key/key/key.core/../key.ui/examples/heap/permissions/threads/AFilter_postJoin_accessible.key 
104504     INFO  main            d.u.i.k.p.i.AbstractProblemLoader Loading environment from /home/runner/work/key/key/key.core/../key.ui/examples/heap/permissions/threads/AFilter_postJoin_accessible.key 
104505     DEBUG main            d.u.i.k.p.i.AbstractProblemLoader Environment load took 95.2ns 
104507     INFO  main            d.u.i.k.p.i.AbstractProblemLoader Creating init config 
109193     DEBUG main            d.u.i.k.p.i.AbstractProblemLoader Init config took 4.69s 
109287     INFO  main            d.u.i.k.p.i.AbstractProblemLoader Replaying proof AFilter[ThreadSpec2::postJoin(java.lang.Object)].JML accessible clause.0 
109289     DEBUG main            d.u.i.k.p.i.IntermediateProofReplayer Proof replay took 8.3ns 
109391     INFO  main            d.u.i.k.p.r.p.TestFile    ... finished proof: closed. 
109627     INFO  main            d.u.i.k.p.i.AbstractProblemLoader Loading environment from /home/runner/work/key/key/key.core/../key.ui/examples/heap/permissions/threads/AFilter_postJoin_accessible.key.proof 
109627     DEBUG main            d.u.i.k.p.i.AbstractProblemLoader Environment load took 183.7ns 
109628     INFO  main            d.u.i.k.p.i.AbstractProblemLoader Creating init config 
114252     DEBUG main            d.u.i.k.p.i.AbstractProblemLoader Init config took 4.62s 
114333     INFO  main            d.u.i.k.p.i.AbstractProblemLoader Replaying proof AFilter[ThreadSpec2::postJoin(java.lang.Object)].JML accessible clause.0 
114342     DEBUG main            d.u.i.k.p.i.IntermediateProofReplayer Proof replay took 7ms 
114343     DEBUG main            d.u.i.k.p.r.p.TestFile    ... success: reloaded. 
114344     INFO  main            d.u.i.k.p.r.p.TestFile    Now processing file /home/runner/work/key/key/key.core/../key.ui/examples/heap/permissions/threads/AFilter_preStart_accessible.key 
114344     INFO  main            d.u.i.k.p.i.AbstractProblemLoader Loading environment from /home/runner/work/key/key/key.core/../key.ui/examples/heap/permissions/threads/AFilter_preStart_accessible.key 
114344     DEBUG main            d.u.i.k.p.i.AbstractProblemLoader Environment load took 137.5ns 
114345     INFO  main            d.u.i.k.p.i.AbstractProblemLoader Creating init config 
119055     DEBUG main            d.u.i.k.p.i.AbstractProblemLoader Init config took 4.71s 
119156     INFO  main            d.u.i.k.p.i.AbstractProblemLoader Replaying proof AFilter[ThreadSpec2::preStart(java.lang.Object)].JML accessible clause.0 
119158     DEBUG main            d.u.i.k.p.i.IntermediateProofReplayer Proof replay took 8.7ns 
119461     INFO  main            d.u.i.k.p.r.p.TestFile    ... finished proof: closed. 
119709     INFO  main            d.u.i.k.p.i.AbstractProblemLoader Loading environment from /home/runner/work/key/key/key.core/../key.ui/examples/heap/permissions/threads/AFilter_preStart_accessible.key.proof 
119709     DEBUG main            d.u.i.k.p.i.AbstractProblemLoader Environment load took 130.1ns 
119710     INFO  main            d.u.i.k.p.i.AbstractProblemLoader Creating init config 
124314     DEBUG main            d.u.i.k.p.i.AbstractProblemLoader Init config took 4.6s 
124412     INFO  main            d.u.i.k.p.i.AbstractProblemLoader Replaying proof AFilter[ThreadSpec2::preStart(java.lang.Object)].JML accessible clause.0 
124476     DEBUG main            d.u.i.k.p.i.IntermediateProofReplayer Proof replay took 54.22ms 
124477     DEBUG main            d.u.i.k.p.r.p.TestFile    ... success: reloaded. 
124479     INFO  main            d.u.i.k.p.r.p.TestFile    Now processing file /home/runner/work/key/key/key.core/../key.ui/examples/heap/permissions/threads/AFilter_startTransfer_accessible.key 
124479     INFO  main            d.u.i.k.p.i.AbstractProblemLoader Loading environment from /home/runner/work/key/key/key.core/../key.ui/examples/heap/permissions/threads/AFilter_startTransfer_accessible.key 
124479     DEBUG main            d.u.i.k.p.i.AbstractProblemLoader Environment load took 123.8ns 
124480     INFO  main            d.u.i.k.p.i.AbstractProblemLoader Creating init config 
129159     DEBUG main            d.u.i.k.p.i.AbstractProblemLoader Init config took 4.68s 
129239     INFO  main            d.u.i.k.p.i.AbstractProblemLoader Replaying proof AFilter[ThreadSpec2::startTransfer()].JML accessible clause.0 
129241     DEBUG main            d.u.i.k.p.i.IntermediateProofReplayer Proof replay took 7ns 
139111     INFO  main            d.u.i.k.p.r.p.TestFile    ... finished proof: closed. 
139398     INFO  main            d.u.i.k.p.i.AbstractProblemLoader Loading environment from /home/runner/work/key/key/key.core/../key.ui/examples/heap/permissions/threads/AFilter_startTransfer_accessible.key.proof 
139398     DEBUG main            d.u.i.k.p.i.AbstractProblemLoader Environment load took 354.9ns 
139400     INFO  main            d.u.i.k.p.i.AbstractProblemLoader Creating init config 
143989     DEBUG main            d.u.i.k.p.i.AbstractProblemLoader Init config took 4.59s 
144069     INFO  main            d.u.i.k.p.i.AbstractProblemLoader Replaying proof AFilter[ThreadSpec2::startTransfer()].JML accessible clause.0 
144897     DEBUG main            d.u.i.k.p.i.IntermediateProofReplayer Proof replay took 804.71ms 
144898     DEBUG main            d.u.i.k.p.r.p.TestFile    ... success: reloaded. 
144900     INFO  main            d.u.i.k.p.r.p.TestFile    Now processing file /home/runner/work/key/key/key.core/../key.ui/examples/heap/permissions/threads/AFilter_startTransfer_contract.key 
144900     INFO  main            d.u.i.k.p.i.AbstractProblemLoader Loading environment from /home/runner/work/key/key/key.core/../key.ui/examples/heap/permissions/threads/AFilter_startTransfer_contract.key 
144900     DEBUG main            d.u.i.k.p.i.AbstractProblemLoader Environment load took 94.2ns 
144901     INFO  main            d.u.i.k.p.i.AbstractProblemLoader Creating init config 
149613     DEBUG main            d.u.i.k.p.i.AbstractProblemLoader Init config took 4.71s 
149720     INFO  main            d.u.i.k.p.i.AbstractProblemLoader Replaying proof AFilter[ThreadSpec2::startTransfer()].JML model_behavior operation contract.0 
149722     DEBUG main            d.u.i.k.p.i.IntermediateProofReplayer Proof replay took 7.6ns 
150125     INFO  main            d.u.i.k.p.r.p.TestFile    ... finished proof: closed. 
150404     INFO  main            d.u.i.k.p.i.AbstractProblemLoader Loading environment from /home/runner/work/key/key/key.core/../key.ui/examples/heap/permissions/threads/AFilter_startTransfer_contract.key.proof 
150404     DEBUG main            d.u.i.k.p.i.AbstractProblemLoader Environment load took 375.61ns 
150405     INFO  main            d.u.i.k.p.i.AbstractProblemLoader Creating init config 
155020     DEBUG main            d.u.i.k.p.i.AbstractProblemLoader Init config took 4.61s 
155113     INFO  main            d.u.i.k.p.i.AbstractProblemLoader Replaying proof AFilter[ThreadSpec2::startTransfer()].JML model_behavior operation contract.0 
155163     DEBUG main            d.u.i.k.p.i.IntermediateProofReplayer Proof replay took 45.84ms 
155164     DEBUG main            d.u.i.k.p.r.p.TestFile    ... success: reloaded. 
155166     INFO  main            d.u.i.k.p.r.p.TestFile    Now processing file /home/runner/work/key/key/key.core/../key.ui/examples/heap/permissions/threads/AFilter_stateInv_accessible.key 
155166     INFO  main            d.u.i.k.p.i.AbstractProblemLoader Loading environment from /home/runner/work/key/key/key.core/../key.ui/examples/heap/permissions/threads/AFilter_stateInv_accessible.key 
155166     DEBUG main            d.u.i.k.p.i.AbstractProblemLoader Environment load took 182.6ns 
155167     INFO  main            d.u.i.k.p.i.AbstractProblemLoader Creating init config 
159820     DEBUG main            d.u.i.k.p.i.AbstractProblemLoader Init config took 4.65s 
159916     INFO  main            d.u.i.k.p.i.AbstractProblemLoader Replaying proof AFilter[ThreadSpec2::stateInv()].JML accessible clause.0 
159918     DEBUG main            d.u.i.k.p.i.IntermediateProofReplayer Proof replay took 7.6ns 
160221     INFO  main            d.u.i.k.p.r.p.TestFile    ... finished proof: closed. 
160481     INFO  main            d.u.i.k.p.i.AbstractProblemLoader Loading environment from /home/runner/work/key/key/key.core/../key.ui/examples/heap/permissions/threads/AFilter_stateInv_accessible.key.proof 
160481     DEBUG main            d.u.i.k.p.i.AbstractProblemLoader Environment load took 118.3ns 
160482     INFO  main            d.u.i.k.p.i.AbstractProblemLoader Creating init config 
165100     DEBUG main            d.u.i.k.p.i.AbstractProblemLoader Init config took 4.62s 
165181     INFO  main            d.u.i.k.p.i.AbstractProblemLoader Replaying proof AFilter[ThreadSpec2::stateInv()].JML accessible clause.0 
165220     DEBUG main            d.u.i.k.p.i.IntermediateProofReplayer Proof replay took 36.09ms 
165222     DEBUG main            d.u.i.k.p.r.p.TestFile    ... success: reloaded. 
165223     INFO  main            d.u.i.k.p.r.p.TestFile    Now processing file /home/runner/work/key/key/key.core/../key.ui/examples/heap/permissions/threads/AFilter_staticPermissions_accessible.key 
165223     INFO  main            d.u.i.k.p.i.AbstractProblemLoader Loading environment from /home/runner/work/key/key/key.core/../key.ui/examples/heap/permissions/threads/AFilter_staticPermissions_accessible.key 
165224     DEBUG main            d.u.i.k.p.i.AbstractProblemLoader Environment load took 175.9ns 
165225     INFO  main            d.u.i.k.p.i.AbstractProblemLoader Creating init config 
169893     DEBUG main            d.u.i.k.p.i.AbstractProblemLoader Init config took 4.67s 
169972     INFO  main            d.u.i.k.p.i.AbstractProblemLoader Replaying proof AFilter[ThreadSpec2::staticPermissions()].JML accessible clause.0 
169974     DEBUG main            d.u.i.k.p.i.IntermediateProofReplayer Proof replay took 7.1ns 
170076     INFO  main            d.u.i.k.p.r.p.TestFile    ... finished proof: closed. 
170349     INFO  main            d.u.i.k.p.i.AbstractProblemLoader Loading environment from /home/runner/work/key/key/key.core/../key.ui/examples/heap/permissions/threads/AFilter_staticPermissions_accessible.key.proof 
170349     DEBUG main            d.u.i.k.p.i.AbstractProblemLoader Environment load took 104.1ns 
170350     INFO  main            d.u.i.k.p.i.AbstractProblemLoader Creating init config 
174928     DEBUG main            d.u.i.k.p.i.AbstractProblemLoader Init config took 4.58s 
175007     INFO  main            d.u.i.k.p.i.AbstractProblemLoader Replaying proof AFilter[ThreadSpec2::staticPermissions()].JML accessible clause.0 
175017     DEBUG main            d.u.i.k.p.i.IntermediateProofReplayer Proof replay took 8.83ms 
175018     DEBUG main            d.u.i.k.p.r.p.TestFile    ... success: reloaded. 
175019     INFO  main            d.u.i.k.p.r.p.TestFile    Now processing file /home/runner/work/key/key/key.core/../key.ui/examples/heap/permissions/threads/AFilter_workingPermissions_accessible.key 
175019     INFO  main            d.u.i.k.p.i.AbstractProblemLoader Loading environment from /home/runner/work/key/key/key.core/../key.ui/examples/heap/permissions/threads/AFilter_workingPermissions_accessible.key 
175019     DEBUG main            d.u.i.k.p.i.AbstractProblemLoader Environment load took 70.8ns 
175020     INFO  main            d.u.i.k.p.i.AbstractProblemLoader Creating init config 
179696     DEBUG main            d.u.i.k.p.i.AbstractProblemLoader Init config took 4.68s 
179776     INFO  main            d.u.i.k.p.i.AbstractProblemLoader Replaying proof AFilter[ThreadSpec2::workingPermissions()].JML accessible clause.0 
179777     DEBUG main            d.u.i.k.p.i.IntermediateProofReplayer Proof replay took 7.9ns 
179879     INFO  main            d.u.i.k.p.r.p.TestFile    ... finished proof: closed. 
180146     INFO  main            d.u.i.k.p.i.AbstractProblemLoader Loading environment from /home/runner/work/key/key/key.core/../key.ui/examples/heap/permissions/threads/AFilter_workingPermissions_accessible.key.proof 
180146     DEBUG main            d.u.i.k.p.i.AbstractProblemLoader Environment load took 117.9ns 
180147     INFO  main            d.u.i.k.p.i.AbstractProblemLoader Creating init config 
184740     DEBUG main            d.u.i.k.p.i.AbstractProblemLoader Init config took 4.59s 
184819     INFO  main            d.u.i.k.p.i.AbstractProblemLoader Replaying proof AFilter[ThreadSpec2::workingPermissions()].JML accessible clause.0 
184828     DEBUG main            d.u.i.k.p.i.IntermediateProofReplayer Proof replay took 7.84ms 
184829     DEBUG main            d.u.i.k.p.r.p.TestFile    ... success: reloaded. 
184830     INFO  main            d.u.i.k.p.r.p.TestFile    Now processing file /home/runner/work/key/key/key.core/../key.ui/examples/heap/permissions/threads/BFilter_BFilter.key 
184830     INFO  main            d.u.i.k.p.i.AbstractProblemLoader Loading environment from /home/runner/work/key/key/key.core/../key.ui/examples/heap/permissions/threads/BFilter_BFilter.key 
184830     DEBUG main            d.u.i.k.p.i.AbstractProblemLoader Environment load took 86.7ns 
184831     INFO  main            d.u.i.k.p.i.AbstractProblemLoader Creating init config 
189556     DEBUG main            d.u.i.k.p.i.AbstractProblemLoader Init config took 4.72s 
189643     INFO  main            d.u.i.k.p.i.AbstractProblemLoader Replaying proof BFilter[BFilter::BFilter(Sampler,Buffer)].JML normal_behavior operation contract.0 
189648     DEBUG main            d.u.i.k.p.i.IntermediateProofReplayer Proof replay took 8.3ns 
190652     INFO  main            d.u.i.k.p.r.p.TestFile    ... finished proof: closed. 
190958     INFO  main            d.u.i.k.p.i.AbstractProblemLoader Loading environment from /home/runner/work/key/key/key.core/../key.ui/examples/heap/permissions/threads/BFilter_BFilter.key.proof 
190958     DEBUG main            d.u.i.k.p.i.AbstractProblemLoader Environment load took 477.51ns 
190959     INFO  main            d.u.i.k.p.i.AbstractProblemLoader Creating init config 
195557     DEBUG main            d.u.i.k.p.i.AbstractProblemLoader Init config took 4.6s 
195636     INFO  main            d.u.i.k.p.i.AbstractProblemLoader Replaying proof BFilter[BFilter::BFilter(Sampler,Buffer)].JML normal_behavior operation contract.0 
195811     DEBUG main            d.u.i.k.p.i.IntermediateProofReplayer Proof replay took 169.94ms 
195812     DEBUG main            d.u.i.k.p.r.p.TestFile    ... success: reloaded. 
195813     INFO  main            d.u.i.k.p.r.p.TestFile    Now processing file /home/runner/work/key/key/key.core/../key.ui/examples/heap/permissions/threads/BFilter_initPost_accessible.key 
195814     INFO  main            d.u.i.k.p.i.AbstractProblemLoader Loading environment from /home/runner/work/key/key/key.core/../key.ui/examples/heap/permissions/threads/BFilter_initPost_accessible.key 
195814     DEBUG main            d.u.i.k.p.i.AbstractProblemLoader Environment load took 199.1ns 
195815     INFO  main            d.u.i.k.p.i.AbstractProblemLoader Creating init config 
200484     DEBUG main            d.u.i.k.p.i.AbstractProblemLoader Init config took 4.67s 
200563     INFO  main            d.u.i.k.p.i.AbstractProblemLoader Replaying proof BFilter[ThreadSpec2::initPost()].JML accessible clause.0 
200564     DEBUG main            d.u.i.k.p.i.IntermediateProofReplayer Proof replay took 7.1ns 
200666     INFO  main            d.u.i.k.p.r.p.TestFile    ... finished proof: closed. 
200988     INFO  main            d.u.i.k.p.i.AbstractProblemLoader Loading environment from /home/runner/work/key/key/key.core/../key.ui/examples/heap/permissions/threads/BFilter_initPost_accessible.key.proof 
200988     DEBUG main            d.u.i.k.p.i.AbstractProblemLoader Environment load took 117.2ns 
200989     INFO  main            d.u.i.k.p.i.AbstractProblemLoader Creating init config 
205559     DEBUG main            d.u.i.k.p.i.AbstractProblemLoader Init config took 4.57s 
205639     INFO  main            d.u.i.k.p.i.AbstractProblemLoader Replaying proof BFilter[ThreadSpec2::initPost()].JML accessible clause.0 
205651     DEBUG main            d.u.i.k.p.i.IntermediateProofReplayer Proof replay took 9.9ms 
205652     DEBUG main            d.u.i.k.p.r.p.TestFile    ... success: reloaded. 
205653     INFO  main            d.u.i.k.p.r.p.TestFile    Now processing file /home/runner/work/key/key/key.core/../key.ui/examples/heap/permissions/threads/BFilter_inv_accessible1.key 
205653     INFO  main            d.u.i.k.p.i.AbstractProblemLoader Loading environment from /home/runner/work/key/key/key.core/../key.ui/examples/heap/permissions/threads/BFilter_inv_accessible1.key 
205653     DEBUG main            d.u.i.k.p.i.AbstractProblemLoader Environment load took 159.2ns 
205654     INFO  main            d.u.i.k.p.i.AbstractProblemLoader Creating init config 
210292     DEBUG main            d.u.i.k.p.i.AbstractProblemLoader Init config took 4.64s 
210387     INFO  main            d.u.i.k.p.i.AbstractProblemLoader Replaying proof BFilter[java.lang.Object::<inv>()].JML accessible clause.0 
210388     DEBUG main            d.u.i.k.p.i.IntermediateProofReplayer Proof replay took 7.7ns 
210490     INFO  main            d.u.i.k.p.r.p.TestFile    ... finished proof: closed. 
210777     INFO  main            d.u.i.k.p.i.AbstractProblemLoader Loading environment from /home/runner/work/key/key/key.core/../key.ui/examples/heap/permissions/threads/BFilter_inv_accessible1.key.proof 
210778     DEBUG main            d.u.i.k.p.i.AbstractProblemLoader Environment load took 104.8ns 
210779     INFO  main            d.u.i.k.p.i.AbstractProblemLoader Creating init config 
215368     DEBUG main            d.u.i.k.p.i.AbstractProblemLoader Init config took 4.59s 
215447     INFO  main            d.u.i.k.p.i.AbstractProblemLoader Replaying proof BFilter[java.lang.Object::<inv>()].JML accessible clause.0 
215450     DEBUG main            d.u.i.k.p.i.IntermediateProofReplayer Proof replay took 1.67ms 
215451     DEBUG main            d.u.i.k.p.r.p.TestFile    ... success: reloaded. 
215452     INFO  main            d.u.i.k.p.r.p.TestFile    Now processing file /home/runner/work/key/key/key.core/../key.ui/examples/heap/permissions/threads/BFilter_inv_accessible2.key 
215452     INFO  main            d.u.i.k.p.i.AbstractProblemLoader Loading environment from /home/runner/work/key/key/key.core/../key.ui/examples/heap/permissions/threads/BFilter_inv_accessible2.key 
215452     DEBUG main            d.u.i.k.p.i.AbstractProblemLoader Environment load took 68.1ns 
215453     INFO  main            d.u.i.k.p.i.AbstractProblemLoader Creating init config 
220109     DEBUG main            d.u.i.k.p.i.AbstractProblemLoader Init config took 4.66s 
220202     INFO  main            d.u.i.k.p.i.AbstractProblemLoader Replaying proof BFilter[java.lang.Object::<inv>()].JML accessible clause.1 
220204     DEBUG main            d.u.i.k.p.i.IntermediateProofReplayer Proof replay took 8.4ns 
220306     INFO  main            d.u.i.k.p.r.p.TestFile    ... finished proof: closed. 
220601     INFO  main            d.u.i.k.p.i.AbstractProblemLoader Loading environment from /home/runner/work/key/key/key.core/../key.ui/examples/heap/permissions/threads/BFilter_inv_accessible2.key.proof 
220601     DEBUG main            d.u.i.k.p.i.AbstractProblemLoader Environment load took 102.4ns 
220602     INFO  main            d.u.i.k.p.i.AbstractProblemLoader Creating init config 
225175     DEBUG main            d.u.i.k.p.i.AbstractProblemLoader Init config took 4.57s 
225255     INFO  main            d.u.i.k.p.i.AbstractProblemLoader Replaying proof BFilter[java.lang.Object::<inv>()].JML accessible clause.1 
225258     DEBUG main            d.u.i.k.p.i.IntermediateProofReplayer Proof replay took 1.79ms 
225259     DEBUG main            d.u.i.k.p.r.p.TestFile    ... success: reloaded. 
225260     INFO  main            d.u.i.k.p.r.p.TestFile    Now processing file /home/runner/work/key/key/key.core/../key.ui/examples/heap/permissions/threads/BFilter_joinTransfer_accessible.key 
225261     INFO  main            d.u.i.k.p.i.AbstractProblemLoader Loading environment from /home/runner/work/key/key/key.core/../key.ui/examples/heap/permissions/threads/BFilter_joinTransfer_accessible.key 
225261     DEBUG main            d.u.i.k.p.i.AbstractProblemLoader Environment load took 66.3ns 
225261     INFO  main            d.u.i.k.p.i.AbstractProblemLoader Creating init config 
229923     DEBUG main            d.u.i.k.p.i.AbstractProblemLoader Init config took 4.66s 
230001     INFO  main            d.u.i.k.p.i.AbstractProblemLoader Replaying proof BFilter[ThreadSpec2::joinTransfer()].JML accessible clause.0 
230003     DEBUG main            d.u.i.k.p.i.IntermediateProofReplayer Proof replay took 7.6ns 
231006     INFO  main            d.u.i.k.p.r.p.TestFile    ... finished proof: closed. 
231314     INFO  main            d.u.i.k.p.i.AbstractProblemLoader Loading environment from /home/runner/work/key/key/key.core/../key.ui/examples/heap/permissions/threads/BFilter_joinTransfer_accessible.key.proof 
231315     DEBUG main            d.u.i.k.p.i.AbstractProblemLoader Environment load took 345.21ns 
231316     INFO  main            d.u.i.k.p.i.AbstractProblemLoader Creating init config 
235885     DEBUG main            d.u.i.k.p.i.AbstractProblemLoader Init config took 4.57s 
235965     INFO  main            d.u.i.k.p.i.AbstractProblemLoader Replaying proof BFilter[ThreadSpec2::joinTransfer()].JML accessible clause.0 
236089     DEBUG main            d.u.i.k.p.i.IntermediateProofReplayer Proof replay took 118.73ms 
236090     DEBUG main            d.u.i.k.p.r.p.TestFile    ... success: reloaded. 
236090     INFO  main            d.u.i.k.p.r.p.TestFile    Now processing file /home/runner/work/key/key/key.core/../key.ui/examples/heap/permissions/threads/BFilter_joinTransfer_contract.key 
236091     INFO  main            d.u.i.k.p.i.AbstractProblemLoader Loading environment from /home/runner/work/key/key/key.core/../key.ui/examples/heap/permissions/threads/BFilter_joinTransfer_contract.key 
236091     DEBUG main            d.u.i.k.p.i.AbstractProblemLoader Environment load took 81.1ns 
236092     INFO  main            d.u.i.k.p.i.AbstractProblemLoader Creating init config 
240783     DEBUG main            d.u.i.k.p.i.AbstractProblemLoader Init config took 4.69s 
240863     INFO  main            d.u.i.k.p.i.AbstractProblemLoader Replaying proof BFilter[ThreadSpec2::joinTransfer()].JML model_behavior operation contract.0 
240865     DEBUG main            d.u.i.k.p.i.IntermediateProofReplayer Proof replay took 8.2ns 
240969     INFO  main            d.u.i.k.p.r.p.TestFile    ... finished proof: closed. 
241286     INFO  main            d.u.i.k.p.i.AbstractProblemLoader Loading environment from /home/runner/work/key/key/key.core/../key.ui/examples/heap/permissions/threads/BFilter_joinTransfer_contract.key.proof 
241286     DEBUG main            d.u.i.k.p.i.AbstractProblemLoader Environment load took 101.3ns 
241287     INFO  main            d.u.i.k.p.i.AbstractProblemLoader Creating init config 
245885     DEBUG main            d.u.i.k.p.i.AbstractProblemLoader Init config took 4.6s 
245965     INFO  main            d.u.i.k.p.i.AbstractProblemLoader Replaying proof BFilter[ThreadSpec2::joinTransfer()].JML model_behavior operation contract.0 
245974     DEBUG main            d.u.i.k.p.i.IntermediateProofReplayer Proof replay took 7.19ms 
245976     DEBUG main            d.u.i.k.p.r.p.TestFile    ... success: reloaded. 
245977     INFO  main            d.u.i.k.p.r.p.TestFile    Now processing file /home/runner/work/key/key/key.core/../key.ui/examples/heap/permissions/threads/BFilter_postJoin_accessible.key 
245977     INFO  main            d.u.i.k.p.i.AbstractProblemLoader Loading environment from /home/runner/work/key/key/key.core/../key.ui/examples/heap/permissions/threads/BFilter_postJoin_accessible.key 
245978     DEBUG main            d.u.i.k.p.i.AbstractProblemLoader Environment load took 151.62ns 
245979     INFO  main            d.u.i.k.p.i.AbstractProblemLoader Creating init config 
250631     DEBUG main            d.u.i.k.p.i.AbstractProblemLoader Init config took 4.65s 
250709     INFO  main            d.u.i.k.p.i.AbstractProblemLoader Replaying proof BFilter[ThreadSpec2::postJoin(java.lang.Object)].JML accessible clause.0 
250711     DEBUG main            d.u.i.k.p.i.IntermediateProofReplayer Proof replay took 7.8ns 
250814     INFO  main            d.u.i.k.p.r.p.TestFile    ... finished proof: closed. 
251150     INFO  main            d.u.i.k.p.i.AbstractProblemLoader Loading environment from /home/runner/work/key/key/key.core/../key.ui/examples/heap/permissions/threads/BFilter_postJoin_accessible.key.proof 
251150     DEBUG main            d.u.i.k.p.i.AbstractProblemLoader Environment load took 91.2ns 
251151     INFO  main            d.u.i.k.p.i.AbstractProblemLoader Creating init config 
255694     DEBUG main            d.u.i.k.p.i.AbstractProblemLoader Init config took 4.54s 
255784     INFO  main            d.u.i.k.p.i.AbstractProblemLoader Replaying proof BFilter[ThreadSpec2::postJoin(java.lang.Object)].JML accessible clause.0 
255792     DEBUG main            d.u.i.k.p.i.IntermediateProofReplayer Proof replay took 6ms 
255793     DEBUG main            d.u.i.k.p.r.p.TestFile    ... success: reloaded. 
255794     INFO  main            d.u.i.k.p.r.p.TestFile    Now processing file /home/runner/work/key/key/key.core/../key.ui/examples/heap/permissions/threads/BFilter_preStart_accessible.key 
255794     INFO  main            d.u.i.k.p.i.AbstractProblemLoader Loading environment from /home/runner/work/key/key/key.core/../key.ui/examples/heap/permissions/threads/BFilter_preStart_accessible.key 
255794     DEBUG main            d.u.i.k.p.i.AbstractProblemLoader Environment load took 61.7ns 
255795     INFO  main            d.u.i.k.p.i.AbstractProblemLoader Creating init config 
260424     DEBUG main            d.u.i.k.p.i.AbstractProblemLoader Init config took 4.63s 
260506     INFO  main            d.u.i.k.p.i.AbstractProblemLoader Replaying proof BFilter[ThreadSpec2::preStart(java.lang.Object)].JML accessible clause.0 
260507     DEBUG main            d.u.i.k.p.i.IntermediateProofReplayer Proof replay took 7.6ns 
260809     INFO  main            d.u.i.k.p.r.p.TestFile    ... finished proof: closed. 
261142     INFO  main            d.u.i.k.p.i.AbstractProblemLoader Loading environment from /home/runner/work/key/key/key.core/../key.ui/examples/heap/permissions/threads/BFilter_preStart_accessible.key.proof 
261142     DEBUG main            d.u.i.k.p.i.AbstractProblemLoader Environment load took 101.1ns 
261143     INFO  main            d.u.i.k.p.i.AbstractProblemLoader Creating init config 
265723     DEBUG main            d.u.i.k.p.i.AbstractProblemLoader Init config took 4.58s 
265800     INFO  main            d.u.i.k.p.i.AbstractProblemLoader Replaying proof BFilter[ThreadSpec2::preStart(java.lang.Object)].JML accessible clause.0 
265831     DEBUG main            d.u.i.k.p.i.IntermediateProofReplayer Proof replay took 27.94ms 
265832     DEBUG main            d.u.i.k.p.r.p.TestFile    ... success: reloaded. 
265832     INFO  main            d.u.i.k.p.r.p.TestFile    Now processing file /home/runner/work/key/key/key.core/../key.ui/examples/heap/permissions/threads/BFilter_startTransfer_accessible.key 
265833     INFO  main            d.u.i.k.p.i.AbstractProblemLoader Loading environment from /home/runner/work/key/key/key.core/../key.ui/examples/heap/permissions/threads/BFilter_startTransfer_accessible.key 
265833     DEBUG main            d.u.i.k.p.i.AbstractProblemLoader Environment load took 95.8ns 
265834     INFO  main            d.u.i.k.p.i.AbstractProblemLoader Creating init config 
270505     DEBUG main            d.u.i.k.p.i.AbstractProblemLoader Init config took 4.67s 
270587     INFO  main            d.u.i.k.p.i.AbstractProblemLoader Replaying proof BFilter[ThreadSpec2::startTransfer()].JML accessible clause.0 
270589     DEBUG main            d.u.i.k.p.i.IntermediateProofReplayer Proof replay took 9ns 
280398     INFO  main            d.u.i.k.p.r.p.TestFile    ... finished proof: closed. 
280746     INFO  main            d.u.i.k.p.i.AbstractProblemLoader Loading environment from /home/runner/work/key/key/key.core/../key.ui/examples/heap/permissions/threads/BFilter_startTransfer_accessible.key.proof 
280746     DEBUG main            d.u.i.k.p.i.AbstractProblemLoader Environment load took 114.4ns 
280748     INFO  main            d.u.i.k.p.i.AbstractProblemLoader Creating init config 
285311     DEBUG main            d.u.i.k.p.i.AbstractProblemLoader Init config took 4.56s 
285389     INFO  main            d.u.i.k.p.i.AbstractProblemLoader Replaying proof BFilter[ThreadSpec2::startTransfer()].JML accessible clause.0 
286196     DEBUG main            d.u.i.k.p.i.IntermediateProofReplayer Proof replay took 791.17ms 
286198     DEBUG main            d.u.i.k.p.r.p.TestFile    ... success: reloaded. 
286199     INFO  main            d.u.i.k.p.r.p.TestFile    Now processing file /home/runner/work/key/key/key.core/../key.ui/examples/heap/permissions/threads/BFilter_startTransfer_contract.key 
286199     INFO  main            d.u.i.k.p.i.AbstractProblemLoader Loading environment from /home/runner/work/key/key/key.core/../key.ui/examples/heap/permissions/threads/BFilter_startTransfer_contract.key 
286199     DEBUG main            d.u.i.k.p.i.AbstractProblemLoader Environment load took 194.7ns 
286200     INFO  main            d.u.i.k.p.i.AbstractProblemLoader Creating init config 
290853     DEBUG main            d.u.i.k.p.i.AbstractProblemLoader Init config took 4.65s 
290931     INFO  main            d.u.i.k.p.i.AbstractProblemLoader Replaying proof BFilter[ThreadSpec2::startTransfer()].JML model_behavior operation contract.0 
290932     DEBUG main            d.u.i.k.p.i.IntermediateProofReplayer Proof replay took 7.2ns 
291937     INFO  main            d.u.i.k.p.r.p.TestFile    ... finished proof: closed. 
292261     INFO  main            d.u.i.k.p.i.AbstractProblemLoader Loading environment from /home/runner/work/key/key/key.core/../key.ui/examples/heap/permissions/threads/BFilter_startTransfer_contract.key.proof 
292261     DEBUG main            d.u.i.k.p.i.AbstractProblemLoader Environment load took 344.41ns 
292263     INFO  main            d.u.i.k.p.i.AbstractProblemLoader Creating init config 
296841     DEBUG main            d.u.i.k.p.i.AbstractProblemLoader Init config took 4.58s 
296918     INFO  main            d.u.i.k.p.i.AbstractProblemLoader Replaying proof BFilter[ThreadSpec2::startTransfer()].JML model_behavior operation contract.0 
297011     DEBUG main            d.u.i.k.p.i.IntermediateProofReplayer Proof replay took 87.38ms 
297012     DEBUG main            d.u.i.k.p.r.p.TestFile    ... success: reloaded. 
297013     INFO  main            d.u.i.k.p.r.p.TestFile    Now processing file /home/runner/work/key/key/key.core/../key.ui/examples/heap/permissions/threads/BFilter_stateInv_accessible.key 
297013     INFO  main            d.u.i.k.p.i.AbstractProblemLoader Loading environment from /home/runner/work/key/key/key.core/../key.ui/examples/heap/permissions/threads/BFilter_stateInv_accessible.key 
297013     DEBUG main            d.u.i.k.p.i.AbstractProblemLoader Environment load took 62.7ns 
297014     INFO  main            d.u.i.k.p.i.AbstractProblemLoader Creating init config 
301642     DEBUG main            d.u.i.k.p.i.AbstractProblemLoader Init config took 4.63s 
301720     INFO  main            d.u.i.k.p.i.AbstractProblemLoader Replaying proof BFilter[ThreadSpec2::stateInv()].JML accessible clause.0 
301721     DEBUG main            d.u.i.k.p.i.IntermediateProofReplayer Proof replay took 7.6ns 
302023     INFO  main            d.u.i.k.p.r.p.TestFile    ... finished proof: closed. 
302376     INFO  main            d.u.i.k.p.i.AbstractProblemLoader Loading environment from /home/runner/work/key/key/key.core/../key.ui/examples/heap/permissions/threads/BFilter_stateInv_accessible.key.proof 
302376     DEBUG main            d.u.i.k.p.i.AbstractProblemLoader Environment load took 99.1ns 
302377     INFO  main            d.u.i.k.p.i.AbstractProblemLoader Creating init config 
306917     DEBUG main            d.u.i.k.p.i.AbstractProblemLoader Init config took 4.54s 
307000     INFO  main            d.u.i.k.p.i.AbstractProblemLoader Replaying proof BFilter[ThreadSpec2::stateInv()].JML accessible clause.0 
307037     DEBUG main            d.u.i.k.p.i.IntermediateProofReplayer Proof replay took 33.41ms 
307038     DEBUG main            d.u.i.k.p.r.p.TestFile    ... success: reloaded. 
307040     INFO  main            d.u.i.k.p.r.p.TestFile    Now processing file /home/runner/work/key/key/key.core/../key.ui/examples/heap/permissions/threads/BFilter_staticPermissions_accessible.key 
307040     INFO  main            d.u.i.k.p.i.AbstractProblemLoader Loading environment from /home/runner/work/key/key/key.core/../key.ui/examples/heap/permissions/threads/BFilter_staticPermissions_accessible.key 
307040     DEBUG main            d.u.i.k.p.i.AbstractProblemLoader Environment load took 151.3ns 
307041     INFO  main            d.u.i.k.p.i.AbstractProblemLoader Creating init config 
311655     DEBUG main            d.u.i.k.p.i.AbstractProblemLoader Init config took 4.61s 
311734     INFO  main            d.u.i.k.p.i.AbstractProblemLoader Replaying proof BFilter[ThreadSpec2::staticPermissions()].JML accessible clause.0 
311736     DEBUG main            d.u.i.k.p.i.IntermediateProofReplayer Proof replay took 8.2ns 
311837     INFO  main            d.u.i.k.p.r.p.TestFile    ... finished proof: closed. 
312189     INFO  main            d.u.i.k.p.i.AbstractProblemLoader Loading environment from /home/runner/work/key/key/key.core/../key.ui/examples/heap/permissions/threads/BFilter_staticPermissions_accessible.key.proof 
312189     DEBUG main            d.u.i.k.p.i.AbstractProblemLoader Environment load took 97.7ns 
312190     INFO  main            d.u.i.k.p.i.AbstractProblemLoader Creating init config 
316737     DEBUG main            d.u.i.k.p.i.AbstractProblemLoader Init config took 4.55s 
316814     INFO  main            d.u.i.k.p.i.AbstractProblemLoader Replaying proof BFilter[ThreadSpec2::staticPermissions()].JML accessible clause.0 
316825     DEBUG main            d.u.i.k.p.i.IntermediateProofReplayer Proof replay took 8.49ms 
316825     DEBUG main            d.u.i.k.p.r.p.TestFile    ... success: reloaded. 
316826     INFO  main            d.u.i.k.p.r.p.TestFile    Now processing file /home/runner/work/key/key/key.core/../key.ui/examples/heap/permissions/threads/BFilter_workingPermissions_accessible.key 
316826     INFO  main            d.u.i.k.p.i.AbstractProblemLoader Loading environment from /home/runner/work/key/key/key.core/../key.ui/examples/heap/permissions/threads/BFilter_workingPermissions_accessible.key 
316826     DEBUG main            d.u.i.k.p.i.AbstractProblemLoader Environment load took 49.6ns 
316827     INFO  main            d.u.i.k.p.i.AbstractProblemLoader Creating init config 
321492     DEBUG main            d.u.i.k.p.i.AbstractProblemLoader Init config took 4.66s 
321570     INFO  main            d.u.i.k.p.i.AbstractProblemLoader Replaying proof BFilter[ThreadSpec2::workingPermissions()].JML accessible clause.0 
321571     DEBUG main            d.u.i.k.p.i.IntermediateProofReplayer Proof replay took 6.9ns 
321673     INFO  main            d.u.i.k.p.r.p.TestFile    ... finished proof: closed. 
322024     INFO  main            d.u.i.k.p.i.AbstractProblemLoader Loading environment from /home/runner/work/key/key/key.core/../key.ui/examples/heap/permissions/threads/BFilter_workingPermissions_accessible.key.proof 
322024     DEBUG main            d.u.i.k.p.i.AbstractProblemLoader Environment load took 91.3ns 
322024     INFO  main            d.u.i.k.p.i.AbstractProblemLoader Creating init config 
326568     DEBUG main            d.u.i.k.p.i.AbstractProblemLoader Init config took 4.54s 
326645     INFO  main            d.u.i.k.p.i.AbstractProblemLoader Replaying proof BFilter[ThreadSpec2::workingPermissions()].JML accessible clause.0 
326654     DEBUG main            d.u.i.k.p.i.IntermediateProofReplayer Proof replay took 7.49ms 
326655     DEBUG main            d.u.i.k.p.r.p.TestFile    ... success: reloaded. 
326656     INFO  main            d.u.i.k.p.r.p.TestFile    Now processing file /home/runner/work/key/key/key.core/../key.ui/examples/heap/permissions/threads/Fib_Fib.key 
326656     INFO  main            d.u.i.k.p.i.AbstractProblemLoader Loading environment from /home/runner/work/key/key/key.core/../key.ui/examples/heap/permissions/threads/Fib_Fib.key 
326656     DEBUG main            d.u.i.k.p.i.AbstractProblemLoader Environment load took 74.2ns 
326657     INFO  main            d.u.i.k.p.i.AbstractProblemLoader Creating init config 
331312     DEBUG main            d.u.i.k.p.i.AbstractProblemLoader Init config took 4.65s 
331407     INFO  main            d.u.i.k.p.i.AbstractProblemLoader Replaying proof Fib[Fib::Fib(int)].JML normal_behavior operation contract.0 
331408     DEBUG main            d.u.i.k.p.i.IntermediateProofReplayer Proof replay took 7.3ns 
332011     INFO  main            d.u.i.k.p.r.p.TestFile    ... finished proof: closed. 
332403     INFO  main            d.u.i.k.p.i.AbstractProblemLoader Loading environment from /home/runner/work/key/key/key.core/../key.ui/examples/heap/permissions/threads/Fib_Fib.key.proof 
332403     DEBUG main            d.u.i.k.p.i.AbstractProblemLoader Environment load took 106.4ns 
332404     INFO  main            d.u.i.k.p.i.AbstractProblemLoader Creating init config 
336980     DEBUG main            d.u.i.k.p.i.AbstractProblemLoader Init config took 4.58s 
337057     INFO  main            d.u.i.k.p.i.AbstractProblemLoader Replaying proof Fib[Fib::Fib(int)].JML normal_behavior operation contract.0 
337152     DEBUG main            d.u.i.k.p.i.IntermediateProofReplayer Proof replay took 91.73ms 
337153     DEBUG main            d.u.i.k.p.r.p.TestFile    ... success: reloaded. 
337154     INFO  main            d.u.i.k.p.r.p.TestFile    Now processing file /home/runner/work/key/key/key.core/../key.ui/examples/heap/permissions/threads/Fib_initPost_accessible.key 
337154     INFO  main            d.u.i.k.p.i.AbstractProblemLoader Loading environment from /home/runner/work/key/key/key.core/../key.ui/examples/heap/permissions/threads/Fib_initPost_accessible.key 
337154     DEBUG main            d.u.i.k.p.i.AbstractProblemLoader Environment load took 49.8ns 
337155     INFO  main            d.u.i.k.p.i.AbstractProblemLoader Creating init config 
341808     DEBUG main            d.u.i.k.p.i.AbstractProblemLoader Init config took 4.65s 
341901     INFO  main            d.u.i.k.p.i.AbstractProblemLoader Replaying proof Fib[ThreadSpec::initPost()].JML accessible clause.0 
341904     DEBUG main            d.u.i.k.p.i.IntermediateProofReplayer Proof replay took 7.7ns 
342005     INFO  main            d.u.i.k.p.r.p.TestFile    ... finished proof: closed. 
342374     INFO  main            d.u.i.k.p.i.AbstractProblemLoader Loading environment from /home/runner/work/key/key/key.core/../key.ui/examples/heap/permissions/threads/Fib_initPost_accessible.key.proof 
342374     DEBUG main            d.u.i.k.p.i.AbstractProblemLoader Environment load took 90.3ns 
342375     INFO  main            d.u.i.k.p.i.AbstractProblemLoader Creating init config 
346942     DEBUG main            d.u.i.k.p.i.AbstractProblemLoader Init config took 4.57s 
347030     INFO  main            d.u.i.k.p.i.AbstractProblemLoader Replaying proof Fib[ThreadSpec::initPost()].JML accessible clause.0 
347037     DEBUG main            d.u.i.k.p.i.IntermediateProofReplayer Proof replay took 4.82ms 
347037     DEBUG main            d.u.i.k.p.r.p.TestFile    ... success: reloaded. 
347038     INFO  main            d.u.i.k.p.r.p.TestFile    Now processing file /home/runner/work/key/key/key.core/../key.ui/examples/heap/permissions/threads/Fib_inv1_accessible.key 
347039     INFO  main            d.u.i.k.p.i.AbstractProblemLoader Loading environment from /home/runner/work/key/key/key.core/../key.ui/examples/heap/permissions/threads/Fib_inv1_accessible.key 
347039     DEBUG main            d.u.i.k.p.i.AbstractProblemLoader Environment load took 109ns 
347039     INFO  main            d.u.i.k.p.i.AbstractProblemLoader Creating init config 
351690     DEBUG main            d.u.i.k.p.i.AbstractProblemLoader Init config took 4.65s 
351772     INFO  main            d.u.i.k.p.i.AbstractProblemLoader Replaying proof Fib[java.lang.Object::<inv>()].JML accessible clause.0 
351773     DEBUG main            d.u.i.k.p.i.IntermediateProofReplayer Proof replay took 7ns 
351875     INFO  main            d.u.i.k.p.r.p.TestFile    ... finished proof: closed. 
352245     INFO  main            d.u.i.k.p.i.AbstractProblemLoader Loading environment from /home/runner/work/key/key/key.core/../key.ui/examples/heap/permissions/threads/Fib_inv1_accessible.key.proof 
352245     DEBUG main            d.u.i.k.p.i.AbstractProblemLoader Environment load took 82ns 
352246     INFO  main            d.u.i.k.p.i.AbstractProblemLoader Creating init config 
356819     DEBUG main            d.u.i.k.p.i.AbstractProblemLoader Init config took 4.57s 
356899     INFO  main            d.u.i.k.p.i.AbstractProblemLoader Replaying proof Fib[java.lang.Object::<inv>()].JML accessible clause.0 
356902     DEBUG main            d.u.i.k.p.i.IntermediateProofReplayer Proof replay took 1.69ms 
356903     DEBUG main            d.u.i.k.p.r.p.TestFile    ... success: reloaded. 
356904     INFO  main            d.u.i.k.p.r.p.TestFile    Now processing file /home/runner/work/key/key/key.core/../key.ui/examples/heap/permissions/threads/Fib_inv2_accessible.key 
356904     INFO  main            d.u.i.k.p.i.AbstractProblemLoader Loading environment from /home/runner/work/key/key/key.core/../key.ui/examples/heap/permissions/threads/Fib_inv2_accessible.key 
356904     DEBUG main            d.u.i.k.p.i.AbstractProblemLoader Environment load took 71.9ns 
356905     INFO  main            d.u.i.k.p.i.AbstractProblemLoader Creating init config 
361537     DEBUG main            d.u.i.k.p.i.AbstractProblemLoader Init config took 4.63s 
361630     INFO  main            d.u.i.k.p.i.AbstractProblemLoader Replaying proof Fib[java.lang.Object::<inv>()].JML accessible clause.1 
361631     DEBUG main            d.u.i.k.p.i.IntermediateProofReplayer Proof replay took 8ns 
361733     INFO  main            d.u.i.k.p.r.p.TestFile    ... finished proof: closed. 
362108     INFO  main            d.u.i.k.p.i.AbstractProblemLoader Loading environment from /home/runner/work/key/key/key.core/../key.ui/examples/heap/permissions/threads/Fib_inv2_accessible.key.proof 
362108     DEBUG main            d.u.i.k.p.i.AbstractProblemLoader Environment load took 96.7ns 
362109     INFO  main            d.u.i.k.p.i.AbstractProblemLoader Creating init config 
366667     DEBUG main            d.u.i.k.p.i.AbstractProblemLoader Init config took 4.56s 
366743     INFO  main            d.u.i.k.p.i.AbstractProblemLoader Replaying proof Fib[java.lang.Object::<inv>()].JML accessible clause.1 
366746     DEBUG main            d.u.i.k.p.i.IntermediateProofReplayer Proof replay took 1.67ms 
366747     DEBUG main            d.u.i.k.p.r.p.TestFile    ... success: reloaded. 
366748     INFO  main            d.u.i.k.p.r.p.TestFile    Now processing file /home/runner/work/key/key/key.core/../key.ui/examples/heap/permissions/threads/Fib_joinTransfer_accessible.key 
366748     INFO  main            d.u.i.k.p.i.AbstractProblemLoader Loading environment from /home/runner/work/key/key/key.core/../key.ui/examples/heap/permissions/threads/Fib_joinTransfer_accessible.key 
366748     DEBUG main            d.u.i.k.p.i.AbstractProblemLoader Environment load took 95.6ns 
366749     INFO  main            d.u.i.k.p.i.AbstractProblemLoader Creating init config 
371379     DEBUG main            d.u.i.k.p.i.AbstractProblemLoader Init config took 4.63s 
371457     INFO  main            d.u.i.k.p.i.AbstractProblemLoader Replaying proof Fib[ThreadSpec::joinTransfer()].JML accessible clause.0 
371458     DEBUG main            d.u.i.k.p.i.IntermediateProofReplayer Proof replay took 8.3ns 
371660     INFO  main            d.u.i.k.p.r.p.TestFile    ... finished proof: closed. 
372052     INFO  main            d.u.i.k.p.i.AbstractProblemLoader Loading environment from /home/runner/work/key/key/key.core/../key.ui/examples/heap/permissions/threads/Fib_joinTransfer_accessible.key.proof 
372052     DEBUG main            d.u.i.k.p.i.AbstractProblemLoader Environment load took 89.4ns 
372053     INFO  main            d.u.i.k.p.i.AbstractProblemLoader Creating init config 
376606     DEBUG main            d.u.i.k.p.i.AbstractProblemLoader Init config took 4.55s 
376683     INFO  main            d.u.i.k.p.i.AbstractProblemLoader Replaying proof Fib[ThreadSpec::joinTransfer()].JML accessible clause.0 
376707     DEBUG main            d.u.i.k.p.i.IntermediateProofReplayer Proof replay took 21.88ms 
376708     DEBUG main            d.u.i.k.p.r.p.TestFile    ... success: reloaded. 
376709     INFO  main            d.u.i.k.p.r.p.TestFile    Now processing file /home/runner/work/key/key/key.core/../key.ui/examples/heap/permissions/threads/Fib_joinTransfer_contract.key 
376709     INFO  main            d.u.i.k.p.i.AbstractProblemLoader Loading environment from /home/runner/work/key/key/key.core/../key.ui/examples/heap/permissions/threads/Fib_joinTransfer_contract.key 
376709     DEBUG main            d.u.i.k.p.i.AbstractProblemLoader Environment load took 46.8ns 
376710     INFO  main            d.u.i.k.p.i.AbstractProblemLoader Creating init config 
381339     DEBUG main            d.u.i.k.p.i.AbstractProblemLoader Init config took 4.63s 
381417     INFO  main            d.u.i.k.p.i.AbstractProblemLoader Replaying proof Fib[ThreadSpec::joinTransfer()].JML model_behavior operation contract.0 
381418     DEBUG main            d.u.i.k.p.i.IntermediateProofReplayer Proof replay took 14.1ns 
381520     INFO  main            d.u.i.k.p.r.p.TestFile    ... finished proof: closed. 
381912     INFO  main            d.u.i.k.p.i.AbstractProblemLoader Loading environment from /home/runner/work/key/key/key.core/../key.ui/examples/heap/permissions/threads/Fib_joinTransfer_contract.key.proof 
381912     DEBUG main            d.u.i.k.p.i.AbstractProblemLoader Environment load took 119.8ns 
381913     INFO  main            d.u.i.k.p.i.AbstractProblemLoader Creating init config 
386473     DEBUG main            d.u.i.k.p.i.AbstractProblemLoader Init config took 4.56s 
386552     INFO  main            d.u.i.k.p.i.AbstractProblemLoader Replaying proof Fib[ThreadSpec::joinTransfer()].JML model_behavior operation contract.0 
386560     DEBUG main            d.u.i.k.p.i.IntermediateProofReplayer Proof replay took 6.27ms 
386560     DEBUG main            d.u.i.k.p.r.p.TestFile    ... success: reloaded. 
386561     INFO  main            d.u.i.k.p.r.p.TestFile    Now processing file /home/runner/work/key/key/key.core/../key.ui/examples/heap/permissions/threads/Fib_postJoin_accessible.key 
386562     INFO  main            d.u.i.k.p.i.AbstractProblemLoader Loading environment from /home/runner/work/key/key/key.core/../key.ui/examples/heap/permissions/threads/Fib_postJoin_accessible.key 
386562     DEBUG main            d.u.i.k.p.i.AbstractProblemLoader Environment load took 73ns 
386562     INFO  main            d.u.i.k.p.i.AbstractProblemLoader Creating init config 
391199     DEBUG main            d.u.i.k.p.i.AbstractProblemLoader Init config took 4.64s 
391292     INFO  main            d.u.i.k.p.i.AbstractProblemLoader Replaying proof Fib[ThreadSpec::postJoin(java.lang.Object)].JML accessible clause.0 
391293     DEBUG main            d.u.i.k.p.i.IntermediateProofReplayer Proof replay took 7.9ns 
391395     INFO  main            d.u.i.k.p.r.p.TestFile    ... finished proof: closed. 
391781     INFO  main            d.u.i.k.p.i.AbstractProblemLoader Loading environment from /home/runner/work/key/key/key.core/../key.ui/examples/heap/permissions/threads/Fib_postJoin_accessible.key.proof 
391781     DEBUG main            d.u.i.k.p.i.AbstractProblemLoader Environment load took 90.2ns 
391782     INFO  main            d.u.i.k.p.i.AbstractProblemLoader Creating init config 
396329     DEBUG main            d.u.i.k.p.i.AbstractProblemLoader Init config took 4.55s 
396421     INFO  main            d.u.i.k.p.i.AbstractProblemLoader Replaying proof Fib[ThreadSpec::postJoin(java.lang.Object)].JML accessible clause.0 
396428     DEBUG main            d.u.i.k.p.i.IntermediateProofReplayer Proof replay took 5.06ms 
396429     DEBUG main            d.u.i.k.p.r.p.TestFile    ... success: reloaded. 
396429     INFO  main            d.u.i.k.p.r.p.TestFile    Now processing file /home/runner/work/key/key/key.core/../key.ui/examples/heap/permissions/threads/Fib_preStart_accessible.key 
396430     INFO  main            d.u.i.k.p.i.AbstractProblemLoader Loading environment from /home/runner/work/key/key/key.core/../key.ui/examples/heap/permissions/threads/Fib_preStart_accessible.key 
396430     DEBUG main            d.u.i.k.p.i.AbstractProblemLoader Environment load took 85.1ns 
396431     INFO  main            d.u.i.k.p.i.AbstractProblemLoader Creating init config 
401068     DEBUG main            d.u.i.k.p.i.AbstractProblemLoader Init config took 4.64s 
401144     INFO  main            d.u.i.k.p.i.AbstractProblemLoader Replaying proof Fib[ThreadSpec::preStart(java.lang.Object)].JML accessible clause.0 
401145     DEBUG main            d.u.i.k.p.i.IntermediateProofReplayer Proof replay took 8.4ns 
401248     INFO  main            d.u.i.k.p.r.p.TestFile    ... finished proof: closed. 
401654     INFO  main            d.u.i.k.p.i.AbstractProblemLoader Loading environment from /home/runner/work/key/key/key.core/../key.ui/examples/heap/permissions/threads/Fib_preStart_accessible.key.proof 
401654     DEBUG main            d.u.i.k.p.i.AbstractProblemLoader Environment load took 105.5ns 
401655     INFO  main            d.u.i.k.p.i.AbstractProblemLoader Creating init config 
406192     DEBUG main            d.u.i.k.p.i.AbstractProblemLoader Init config took 4.54s 
406281     INFO  main            d.u.i.k.p.i.AbstractProblemLoader Replaying proof Fib[ThreadSpec::preStart(java.lang.Object)].JML accessible clause.0 
406288     DEBUG main            d.u.i.k.p.i.IntermediateProofReplayer Proof replay took 4.95ms 
406288     DEBUG main            d.u.i.k.p.r.p.TestFile    ... success: reloaded. 
406289     INFO  main            d.u.i.k.p.r.p.TestFile    Now processing file /home/runner/work/key/key/key.core/../key.ui/examples/heap/permissions/threads/Fib_startTransfer_accessible.key 
406289     INFO  main            d.u.i.k.p.i.AbstractProblemLoader Loading environment from /home/runner/work/key/key/key.core/../key.ui/examples/heap/permissions/threads/Fib_startTransfer_accessible.key 
406289     DEBUG main            d.u.i.k.p.i.AbstractProblemLoader Environment load took 43.8ns 
406290     INFO  main            d.u.i.k.p.i.AbstractProblemLoader Creating init config 
410893     DEBUG main            d.u.i.k.p.i.AbstractProblemLoader Init config took 4.6s 
410969     INFO  main            d.u.i.k.p.i.AbstractProblemLoader Replaying proof Fib[ThreadSpec::startTransfer()].JML accessible clause.0 
410970     DEBUG main            d.u.i.k.p.i.IntermediateProofReplayer Proof replay took 8.4ns 
411172     INFO  main            d.u.i.k.p.r.p.TestFile    ... finished proof: closed. 
411611     INFO  main            d.u.i.k.p.i.AbstractProblemLoader Loading environment from /home/runner/work/key/key/key.core/../key.ui/examples/heap/permissions/threads/Fib_startTransfer_accessible.key.proof 
411611     DEBUG main            d.u.i.k.p.i.AbstractProblemLoader Environment load took 88.6ns 
411612     INFO  main            d.u.i.k.p.i.AbstractProblemLoader Creating init config 
416160     DEBUG main            d.u.i.k.p.i.AbstractProblemLoader Init config took 4.55s 
416237     INFO  main            d.u.i.k.p.i.AbstractProblemLoader Replaying proof Fib[ThreadSpec::startTransfer()].JML accessible clause.0 
416274     DEBUG main            d.u.i.k.p.i.IntermediateProofReplayer Proof replay took 35.36ms 
416275     DEBUG main            d.u.i.k.p.r.p.TestFile    ... success: reloaded. 
416276     INFO  main            d.u.i.k.p.r.p.TestFile    Now processing file /home/runner/work/key/key/key.core/../key.ui/examples/heap/permissions/threads/Fib_startTransfer_contract.key 
416276     INFO  main            d.u.i.k.p.i.AbstractProblemLoader Loading environment from /home/runner/work/key/key/key.core/../key.ui/examples/heap/permissions/threads/Fib_startTransfer_contract.key 
416277     DEBUG main            d.u.i.k.p.i.AbstractProblemLoader Environment load took 76ns 
416277     INFO  main            d.u.i.k.p.i.AbstractProblemLoader Creating init config 
420918     DEBUG main            d.u.i.k.p.i.AbstractProblemLoader Init config took 4.64s 
420995     INFO  main            d.u.i.k.p.i.AbstractProblemLoader Replaying proof Fib[ThreadSpec::startTransfer()].JML model_behavior operation contract.0 
420996     DEBUG main            d.u.i.k.p.i.IntermediateProofReplayer Proof replay took 7.8ns 
421100     INFO  main            d.u.i.k.p.r.p.TestFile    ... finished proof: closed. 
421516     INFO  main            d.u.i.k.p.i.AbstractProblemLoader Loading environment from /home/runner/work/key/key/key.core/../key.ui/examples/heap/permissions/threads/Fib_startTransfer_contract.key.proof 
421516     DEBUG main            d.u.i.k.p.i.AbstractProblemLoader Environment load took 94.2ns 
421517     INFO  main            d.u.i.k.p.i.AbstractProblemLoader Creating init config 
426055     DEBUG main            d.u.i.k.p.i.AbstractProblemLoader Init config took 4.54s 
426132     INFO  main            d.u.i.k.p.i.AbstractProblemLoader Replaying proof Fib[ThreadSpec::startTransfer()].JML model_behavior operation contract.0 
426140     DEBUG main            d.u.i.k.p.i.IntermediateProofReplayer Proof replay took 6.39ms 
426141     DEBUG main            d.u.i.k.p.r.p.TestFile    ... success: reloaded. 
426142     INFO  main            d.u.i.k.p.r.p.TestFile    Now processing file /home/runner/work/key/key/key.core/../key.ui/examples/heap/permissions/threads/Fib_workingPermissions_accessible.key 
426142     INFO  main            d.u.i.k.p.i.AbstractProblemLoader Loading environment from /home/runner/work/key/key/key.core/../key.ui/examples/heap/permissions/threads/Fib_workingPermissions_accessible.key 
426142     DEBUG main            d.u.i.k.p.i.AbstractProblemLoader Environment load took 74.9ns 
426143     INFO  main            d.u.i.k.p.i.AbstractProblemLoader Creating init config 
430764     DEBUG main            d.u.i.k.p.i.AbstractProblemLoader Init config took 4.62s 
430841     INFO  main            d.u.i.k.p.i.AbstractProblemLoader Replaying proof Fib[ThreadSpec::workingPermissions()].JML accessible clause.0 
430842     DEBUG main            d.u.i.k.p.i.IntermediateProofReplayer Proof replay took 7.2ns 
430944     INFO  main            d.u.i.k.p.r.p.TestFile    ... finished proof: closed. 
431363     INFO  main            d.u.i.k.p.i.AbstractProblemLoader Loading environment from /home/runner/work/key/key/key.core/../key.ui/examples/heap/permissions/threads/Fib_workingPermissions_accessible.key.proof 
431363     DEBUG main            d.u.i.k.p.i.AbstractProblemLoader Environment load took 131ns 
431364     INFO  main            d.u.i.k.p.i.AbstractProblemLoader Creating init config 
435898     DEBUG main            d.u.i.k.p.i.AbstractProblemLoader Init config took 4.53s 
435974     INFO  main            d.u.i.k.p.i.AbstractProblemLoader Replaying proof Fib[ThreadSpec::workingPermissions()].JML accessible clause.0 
435981     DEBUG main            d.u.i.k.p.i.IntermediateProofReplayer Proof replay took 5.75ms 
435982     DEBUG main            d.u.i.k.p.r.p.TestFile    ... success: reloaded. 
435983     INFO  main            d.u.i.k.p.r.p.TestFile    Now processing file /home/runner/work/key/key/key.core/../key.ui/examples/heap/permissions/threads/Plotter_initPost_accessible.key 
435984     INFO  main            d.u.i.k.p.i.AbstractProblemLoader Loading environment from /home/runner/work/key/key/key.core/../key.ui/examples/heap/permissions/threads/Plotter_initPost_accessible.key 
435984     DEBUG main            d.u.i.k.p.i.AbstractProblemLoader Environment load took 161.1ns 
435985     INFO  main            d.u.i.k.p.i.AbstractProblemLoader Creating init config 
440599     DEBUG main            d.u.i.k.p.i.AbstractProblemLoader Init config took 4.61s 
440693     INFO  main            d.u.i.k.p.i.AbstractProblemLoader Replaying proof Plotter[ThreadSpec2::initPost()].JML accessible clause.0 
440694     DEBUG main            d.u.i.k.p.i.IntermediateProofReplayer Proof replay took 8.2ns 
440795     INFO  main            d.u.i.k.p.r.p.TestFile    ... finished proof: closed. 
441220     INFO  main            d.u.i.k.p.i.AbstractProblemLoader Loading environment from /home/runner/work/key/key/key.core/../key.ui/examples/heap/permissions/threads/Plotter_initPost_accessible.key.proof 
441220     DEBUG main            d.u.i.k.p.i.AbstractProblemLoader Environment load took 81.1ns 
441221     INFO  main            d.u.i.k.p.i.AbstractProblemLoader Creating init config 
445781     DEBUG main            d.u.i.k.p.i.AbstractProblemLoader Init config took 4.56s 
445873     INFO  main            d.u.i.k.p.i.AbstractProblemLoader Replaying proof Plotter[ThreadSpec2::initPost()].JML accessible clause.0 
445888     DEBUG main            d.u.i.k.p.i.IntermediateProofReplayer Proof replay took 12.06ms 
445889     DEBUG main            d.u.i.k.p.r.p.TestFile    ... success: reloaded. 
445890     INFO  main            d.u.i.k.p.r.p.TestFile    Now processing file /home/runner/work/key/key/key.core/../key.ui/examples/heap/permissions/threads/Plotter_inv_accessible1.key 
445890     INFO  main            d.u.i.k.p.i.AbstractProblemLoader Loading environment from /home/runner/work/key/key/key.core/../key.ui/examples/heap/permissions/threads/Plotter_inv_accessible1.key 
445890     DEBUG main            d.u.i.k.p.i.AbstractProblemLoader Environment load took 55.7ns 
445891     INFO  main            d.u.i.k.p.i.AbstractProblemLoader Creating init config 
450506     DEBUG main            d.u.i.k.p.i.AbstractProblemLoader Init config took 4.62s 
450582     INFO  main            d.u.i.k.p.i.AbstractProblemLoader Replaying proof Plotter[java.lang.Object::<inv>()].JML accessible clause.0 
450584     DEBUG main            d.u.i.k.p.i.IntermediateProofReplayer Proof replay took 781.31ns 
450686     INFO  main            d.u.i.k.p.r.p.TestFile    ... finished proof: closed. 
451125     INFO  main            d.u.i.k.p.i.AbstractProblemLoader Loading environment from /home/runner/work/key/key/key.core/../key.ui/examples/heap/permissions/threads/Plotter_inv_accessible1.key.proof 
451125     DEBUG main            d.u.i.k.p.i.AbstractProblemLoader Environment load took 85.8ns 
451126     INFO  main            d.u.i.k.p.i.AbstractProblemLoader Creating init config 
455683     DEBUG main            d.u.i.k.p.i.AbstractProblemLoader Init config took 4.56s 
455775     INFO  main            d.u.i.k.p.i.AbstractProblemLoader Replaying proof Plotter[java.lang.Object::<inv>()].JML accessible clause.0 
455778     DEBUG main            d.u.i.k.p.i.IntermediateProofReplayer Proof replay took 1.61ms 
455778     DEBUG main            d.u.i.k.p.r.p.TestFile    ... success: reloaded. 
455779     INFO  main            d.u.i.k.p.r.p.TestFile    Now processing file /home/runner/work/key/key/key.core/../key.ui/examples/heap/permissions/threads/Plotter_inv_accessible2.key 
455779     INFO  main            d.u.i.k.p.i.AbstractProblemLoader Loading environment from /home/runner/work/key/key/key.core/../key.ui/examples/heap/permissions/threads/Plotter_inv_accessible2.key 
455779     DEBUG main            d.u.i.k.p.i.AbstractProblemLoader Environment load took 58.7ns 
455780     INFO  main            d.u.i.k.p.i.AbstractProblemLoader Creating init config 
460398     DEBUG main            d.u.i.k.p.i.AbstractProblemLoader Init config took 4.62s 
460474     INFO  main            d.u.i.k.p.i.AbstractProblemLoader Replaying proof Plotter[java.lang.Object::<inv>()].JML accessible clause.1 
460475     DEBUG main            d.u.i.k.p.i.IntermediateProofReplayer Proof replay took 7.4ns 
460576     INFO  main            d.u.i.k.p.r.p.TestFile    ... finished proof: closed. 
461017     INFO  main            d.u.i.k.p.i.AbstractProblemLoader Loading environment from /home/runner/work/key/key/key.core/../key.ui/examples/heap/permissions/threads/Plotter_inv_accessible2.key.proof 
461017     DEBUG main            d.u.i.k.p.i.AbstractProblemLoader Environment load took 78.7ns 
461018     INFO  main            d.u.i.k.p.i.AbstractProblemLoader Creating init config 
465570     DEBUG main            d.u.i.k.p.i.AbstractProblemLoader Init config took 4.55s 
465646     INFO  main            d.u.i.k.p.i.AbstractProblemLoader Replaying proof Plotter[java.lang.Object::<inv>()].JML accessible clause.1 
465649     DEBUG main            d.u.i.k.p.i.IntermediateProofReplayer Proof replay took 1.59ms 
465650     DEBUG main            d.u.i.k.p.r.p.TestFile    ... success: reloaded. 
465651     INFO  main            d.u.i.k.p.r.p.TestFile    Now processing file /home/runner/work/key/key/key.core/../key.ui/examples/heap/permissions/threads/Plotter_joinTransfer_contract.key 
465651     INFO  main            d.u.i.k.p.i.AbstractProblemLoader Loading environment from /home/runner/work/key/key/key.core/../key.ui/examples/heap/permissions/threads/Plotter_joinTransfer_contract.key 
465651     DEBUG main            d.u.i.k.p.i.AbstractProblemLoader Environment load took 57.5ns 
465652     INFO  main            d.u.i.k.p.i.AbstractProblemLoader Creating init config 
470374     DEBUG main            d.u.i.k.p.i.AbstractProblemLoader Init config took 4.72s 
470481     INFO  main            d.u.i.k.p.i.AbstractProblemLoader Replaying proof Plotter[ThreadSpec2::joinTransfer()].JML model_behavior operation contract.0 
470483     DEBUG main            d.u.i.k.p.i.IntermediateProofReplayer Proof replay took 7.1ns 
470588     INFO  main            d.u.i.k.p.r.p.TestFile    ... finished proof: closed. 
471032     INFO  main            d.u.i.k.p.i.AbstractProblemLoader Loading environment from /home/runner/work/key/key/key.core/../key.ui/examples/heap/permissions/threads/Plotter_joinTransfer_contract.key.proof 
471033     DEBUG main            d.u.i.k.p.i.AbstractProblemLoader Environment load took 73.3ns 
471033     INFO  main            d.u.i.k.p.i.AbstractProblemLoader Creating init config 
475576     DEBUG main            d.u.i.k.p.i.AbstractProblemLoader Init config took 4.54s 
475653     INFO  main            d.u.i.k.p.i.AbstractProblemLoader Replaying proof Plotter[ThreadSpec2::joinTransfer()].JML model_behavior operation contract.0 
475661     DEBUG main            d.u.i.k.p.i.IntermediateProofReplayer Proof replay took 6.92ms 
475662     DEBUG main            d.u.i.k.p.r.p.TestFile    ... success: reloaded. 
475663     INFO  main            d.u.i.k.p.r.p.TestFile    Now processing file /home/runner/work/key/key/key.core/../key.ui/examples/heap/permissions/threads/Plotter_Plotter.key 
475663     INFO  main            d.u.i.k.p.i.AbstractProblemLoader Loading environment from /home/runner/work/key/key/key.core/../key.ui/examples/heap/permissions/threads/Plotter_Plotter.key 
475663     DEBUG main            d.u.i.k.p.i.AbstractProblemLoader Environment load took 42.1ns 
475664     INFO  main            d.u.i.k.p.i.AbstractProblemLoader Creating init config 
480399     DEBUG main            d.u.i.k.p.i.AbstractProblemLoader Init config took 4.74s 
480488     INFO  main            d.u.i.k.p.i.AbstractProblemLoader Replaying proof Plotter[Plotter::Plotter(AFilter,BFilter,Buffer)].JML normal_behavior operation contract.0 
480489     DEBUG main            d.u.i.k.p.i.IntermediateProofReplayer Proof replay took 7.7ns 
482323     INFO  main            d.u.i.k.p.r.p.TestFile    ... finished proof: closed. 
482773     INFO  main            d.u.i.k.p.i.AbstractProblemLoader Loading environment from /home/runner/work/key/key/key.core/../key.ui/examples/heap/permissions/threads/Plotter_Plotter.key.proof 
482773     DEBUG main            d.u.i.k.p.i.AbstractProblemLoader Environment load took 302.31ns 
482774     INFO  main            d.u.i.k.p.i.AbstractProblemLoader Creating init config 
487530     DEBUG main            d.u.i.k.p.i.AbstractProblemLoader Init config took 4.76s 
487608     INFO  main            d.u.i.k.p.i.AbstractProblemLoader Replaying proof Plotter[Plotter::Plotter(AFilter,BFilter,Buffer)].JML normal_behavior operation contract.0 
487844     DEBUG main            d.u.i.k.p.i.IntermediateProofReplayer Proof replay took 232.09ms 
487845     DEBUG main            d.u.i.k.p.r.p.TestFile    ... success: reloaded. 
487846     INFO  main            d.u.i.k.p.r.p.TestFile    Now processing file /home/runner/work/key/key/key.core/../key.ui/examples/heap/permissions/threads/Plotter_postJoin_accessible.key 
487846     INFO  main            d.u.i.k.p.i.AbstractProblemLoader Loading environment from /home/runner/work/key/key/key.core/../key.ui/examples/heap/permissions/threads/Plotter_postJoin_accessible.key 
487847     DEBUG main            d.u.i.k.p.i.AbstractProblemLoader Environment load took 67.4ns 
487847     INFO  main            d.u.i.k.p.i.AbstractProblemLoader Creating init config 
492420     DEBUG main            d.u.i.k.p.i.AbstractProblemLoader Init config took 4.57s 
492496     INFO  main            d.u.i.k.p.i.AbstractProblemLoader Replaying proof Plotter[ThreadSpec2::postJoin(java.lang.Object)].JML accessible clause.0 
492497     DEBUG main            d.u.i.k.p.i.IntermediateProofReplayer Proof replay took 7.9ns 
492599     INFO  main            d.u.i.k.p.r.p.TestFile    ... finished proof: closed. 
493061     INFO  main            d.u.i.k.p.i.AbstractProblemLoader Loading environment from /home/runner/work/key/key/key.core/../key.ui/examples/heap/permissions/threads/Plotter_postJoin_accessible.key.proof 
493061     DEBUG main            d.u.i.k.p.i.AbstractProblemLoader Environment load took 76ns 
493062     INFO  main            d.u.i.k.p.i.AbstractProblemLoader Creating init config 
497550     DEBUG main            d.u.i.k.p.i.AbstractProblemLoader Init config took 4.49s 
497626     INFO  main            d.u.i.k.p.i.AbstractProblemLoader Replaying proof Plotter[ThreadSpec2::postJoin(java.lang.Object)].JML accessible clause.0 
497638     DEBUG main            d.u.i.k.p.i.IntermediateProofReplayer Proof replay took 11.06ms 
497640     DEBUG main            d.u.i.k.p.r.p.TestFile    ... success: reloaded. 
497641     INFO  main            d.u.i.k.p.r.p.TestFile    Now processing file /home/runner/work/key/key/key.core/../key.ui/examples/heap/permissions/threads/Plotter_preStart_accessible.key 
497641     INFO  main            d.u.i.k.p.i.AbstractProblemLoader Loading environment from /home/runner/work/key/key/key.core/../key.ui/examples/heap/permissions/threads/Plotter_preStart_accessible.key 
497641     DEBUG main            d.u.i.k.p.i.AbstractProblemLoader Environment load took 42.1ns 
497642     INFO  main            d.u.i.k.p.i.AbstractProblemLoader Creating init config 
502227     DEBUG main            d.u.i.k.p.i.AbstractProblemLoader Init config took 4.59s 
502303     INFO  main            d.u.i.k.p.i.AbstractProblemLoader Replaying proof Plotter[ThreadSpec2::preStart(java.lang.Object)].JML accessible clause.0 
502304     DEBUG main            d.u.i.k.p.i.IntermediateProofReplayer Proof replay took 6.9ns 
503308     INFO  main            d.u.i.k.p.r.p.TestFile    ... finished proof: closed. 
503784     INFO  main            d.u.i.k.p.i.AbstractProblemLoader Loading environment from /home/runner/work/key/key/key.core/../key.ui/examples/heap/permissions/threads/Plotter_preStart_accessible.key.proof 
503784     DEBUG main            d.u.i.k.p.i.AbstractProblemLoader Environment load took 88.4ns 
503785     INFO  main            d.u.i.k.p.i.AbstractProblemLoader Creating init config 
508302     DEBUG main            d.u.i.k.p.i.AbstractProblemLoader Init config took 4.52s 
508379     INFO  main            d.u.i.k.p.i.AbstractProblemLoader Replaying proof Plotter[ThreadSpec2::preStart(java.lang.Object)].JML accessible clause.0 
508455     DEBUG main            d.u.i.k.p.i.IntermediateProofReplayer Proof replay took 73.66ms 
508456     DEBUG main            d.u.i.k.p.r.p.TestFile    ... success: reloaded. 
508457     INFO  main            d.u.i.k.p.r.p.TestFile    Now processing file /home/runner/work/key/key/key.core/../key.ui/examples/heap/permissions/threads/Plotter_stateInv_accessible.key 
508457     INFO  main            d.u.i.k.p.i.AbstractProblemLoader Loading environment from /home/runner/work/key/key/key.core/../key.ui/examples/heap/permissions/threads/Plotter_stateInv_accessible.key 
508457     DEBUG main            d.u.i.k.p.i.AbstractProblemLoader Environment load took 72.6ns 
508458     INFO  main            d.u.i.k.p.i.AbstractProblemLoader Creating init config 
513067     DEBUG main            d.u.i.k.p.i.AbstractProblemLoader Init config took 4.61s 
513164     INFO  main            d.u.i.k.p.i.AbstractProblemLoader Replaying proof Plotter[ThreadSpec2::stateInv()].JML accessible clause.0 
513165     DEBUG main            d.u.i.k.p.i.IntermediateProofReplayer Proof replay took 6.9ns 
520508     INFO  main            d.u.i.k.p.r.p.TestFile    ... finished proof: closed. 
520999     INFO  main            d.u.i.k.p.i.AbstractProblemLoader Loading environment from /home/runner/work/key/key/key.core/../key.ui/examples/heap/permissions/threads/Plotter_stateInv_accessible.key.proof 
520999     DEBUG main            d.u.i.k.p.i.AbstractProblemLoader Environment load took 79.6ns 
521000     INFO  main            d.u.i.k.p.i.AbstractProblemLoader Creating init config 
525504     DEBUG main            d.u.i.k.p.i.AbstractProblemLoader Init config took 4.5s 
525580     INFO  main            d.u.i.k.p.i.AbstractProblemLoader Replaying proof Plotter[ThreadSpec2::stateInv()].JML accessible clause.0 
526185     DEBUG main            d.u.i.k.p.i.IntermediateProofReplayer Proof replay took 592.54ms 
526187     DEBUG main            d.u.i.k.p.r.p.TestFile    ... success: reloaded. 
526188     INFO  main            d.u.i.k.p.r.p.TestFile    Now processing file /home/runner/work/key/key/key.core/../key.ui/examples/heap/permissions/threads/Plotter_staticPermissions_accessible.key 
526188     INFO  main            d.u.i.k.p.i.AbstractProblemLoader Loading environment from /home/runner/work/key/key/key.core/../key.ui/examples/heap/permissions/threads/Plotter_staticPermissions_accessible.key 
526188     DEBUG main            d.u.i.k.p.i.AbstractProblemLoader Environment load took 57.1ns 
526189     INFO  main            d.u.i.k.p.i.AbstractProblemLoader Creating init config 
530827     DEBUG main            d.u.i.k.p.i.AbstractProblemLoader Init config took 4.64s 
530903     INFO  main            d.u.i.k.p.i.AbstractProblemLoader Replaying proof Plotter[ThreadSpec2::staticPermissions()].JML accessible clause.0 
530905     DEBUG main            d.u.i.k.p.i.IntermediateProofReplayer Proof replay took 39.7ns 
531632     INFO  main            d.u.i.k.p.r.p.TestFile    ... finished proof: closed. 
532100     INFO  main            d.u.i.k.p.i.AbstractProblemLoader Loading environment from /home/runner/work/key/key/key.core/../key.ui/examples/heap/permissions/threads/Plotter_staticPermissions_accessible.key.proof 
532100     DEBUG main            d.u.i.k.p.i.AbstractProblemLoader Environment load took 72.7ns 
532101     INFO  main            d.u.i.k.p.i.AbstractProblemLoader Creating init config 
536605     DEBUG main            d.u.i.k.p.i.AbstractProblemLoader Init config took 4.5s 
536686     INFO  main            d.u.i.k.p.i.AbstractProblemLoader Replaying proof Plotter[ThreadSpec2::staticPermissions()].JML accessible clause.0 
536748     DEBUG main            d.u.i.k.p.i.IntermediateProofReplayer Proof replay took 55.52ms 
536749     DEBUG main            d.u.i.k.p.r.p.TestFile    ... success: reloaded. 
536751     INFO  main            d.u.i.k.p.r.p.TestFile    Now processing file /home/runner/work/key/key/key.core/../key.ui/examples/heap/permissions/threads/Plotter_workingPermissions_accessible.key 
536752     INFO  main            d.u.i.k.p.i.AbstractProblemLoader Loading environment from /home/runner/work/key/key/key.core/../key.ui/examples/heap/permissions/threads/Plotter_workingPermissions_accessible.key 
536752     DEBUG main            d.u.i.k.p.i.AbstractProblemLoader Environment load took 86.6ns 
536753     INFO  main            d.u.i.k.p.i.AbstractProblemLoader Creating init config 
541339     DEBUG main            d.u.i.k.p.i.AbstractProblemLoader Init config took 4.59s 
541415     INFO  main            d.u.i.k.p.i.AbstractProblemLoader Replaying proof Plotter[ThreadSpec2::workingPermissions()].JML accessible clause.0 
541417     DEBUG main            d.u.i.k.p.i.IntermediateProofReplayer Proof replay took 2.8ns 
541618     INFO  main            d.u.i.k.p.r.p.TestFile    ... finished proof: closed. 
542114     INFO  main            d.u.i.k.p.i.AbstractProblemLoader Loading environment from /home/runner/work/key/key/key.core/../key.ui/examples/heap/permissions/threads/Plotter_workingPermissions_accessible.key.proof 
542114     DEBUG main            d.u.i.k.p.i.AbstractProblemLoader Environment load took 68.8ns 
542115     INFO  main            d.u.i.k.p.i.AbstractProblemLoader Creating init config 
546607     DEBUG main            d.u.i.k.p.i.AbstractProblemLoader Init config took 4.49s 
546683     INFO  main            d.u.i.k.p.i.AbstractProblemLoader Replaying proof Plotter[ThreadSpec2::workingPermissions()].JML accessible clause.0 
546699     DEBUG main            d.u.i.k.p.i.IntermediateProofReplayer Proof replay took 14.15ms 
546700     DEBUG main            d.u.i.k.p.r.p.TestFile    ... success: reloaded. 
546700     INFO  main            d.u.i.k.p.r.p.TestFile    Now processing file /home/runner/work/key/key/key.core/../key.ui/examples/heap/permissions/threads/Sampler_initPost_accessible.key 
546701     INFO  main            d.u.i.k.p.i.AbstractProblemLoader Loading environment from /home/runner/work/key/key/key.core/../key.ui/examples/heap/permissions/threads/Sampler_initPost_accessible.key 
546701     DEBUG main            d.u.i.k.p.i.AbstractProblemLoader Environment load took 42.3ns 
546701     INFO  main            d.u.i.k.p.i.AbstractProblemLoader Creating init config 
551270     DEBUG main            d.u.i.k.p.i.AbstractProblemLoader Init config took 4.57s 
551346     INFO  main            d.u.i.k.p.i.AbstractProblemLoader Replaying proof Sampler[ThreadSpec2::initPost()].JML accessible clause.0 
551347     DEBUG main            d.u.i.k.p.i.IntermediateProofReplayer Proof replay took 2.5ns 
551449     INFO  main            d.u.i.k.p.r.p.TestFile    ... finished proof: closed. 
551936     INFO  main            d.u.i.k.p.i.AbstractProblemLoader Loading environment from /home/runner/work/key/key/key.core/../key.ui/examples/heap/permissions/threads/Sampler_initPost_accessible.key.proof 
551936     DEBUG main            d.u.i.k.p.i.AbstractProblemLoader Environment load took 72.5ns 
551937     INFO  main            d.u.i.k.p.i.AbstractProblemLoader Creating init config 
556426     DEBUG main            d.u.i.k.p.i.AbstractProblemLoader Init config took 4.49s 
556502     INFO  main            d.u.i.k.p.i.AbstractProblemLoader Replaying proof Sampler[ThreadSpec2::initPost()].JML accessible clause.0 
556508     DEBUG main            d.u.i.k.p.i.IntermediateProofReplayer Proof replay took 5.07ms 
556509     DEBUG main            d.u.i.k.p.r.p.TestFile    ... success: reloaded. 
556509     INFO  main            d.u.i.k.p.r.p.TestFile    Now processing file /home/runner/work/key/key/key.core/../key.ui/examples/heap/permissions/threads/Sampler_inv_accessible1.key 
556509     INFO  main            d.u.i.k.p.i.AbstractProblemLoader Loading environment from /home/runner/work/key/key/key.core/../key.ui/examples/heap/permissions/threads/Sampler_inv_accessible1.key 
556509     DEBUG main            d.u.i.k.p.i.AbstractProblemLoader Environment load took 40.1ns 
556510     INFO  main            d.u.i.k.p.i.AbstractProblemLoader Creating init config 
561075     DEBUG main            d.u.i.k.p.i.AbstractProblemLoader Init config took 4.56s 
561150     INFO  main            d.u.i.k.p.i.AbstractProblemLoader Replaying proof Sampler[java.lang.Object::<inv>()].JML accessible clause.0 
561151     DEBUG main            d.u.i.k.p.i.IntermediateProofReplayer Proof replay took 2.4ns 
561253     INFO  main            d.u.i.k.p.r.p.TestFile    ... finished proof: closed. 
561744     INFO  main            d.u.i.k.p.i.AbstractProblemLoader Loading environment from /home/runner/work/key/key/key.core/../key.ui/examples/heap/permissions/threads/Sampler_inv_accessible1.key.proof 
561744     DEBUG main            d.u.i.k.p.i.AbstractProblemLoader Environment load took 81ns 
561744     INFO  main            d.u.i.k.p.i.AbstractProblemLoader Creating init config 
566248     DEBUG main            d.u.i.k.p.i.AbstractProblemLoader Init config took 4.5s 
566323     INFO  main            d.u.i.k.p.i.AbstractProblemLoader Replaying proof Sampler[java.lang.Object::<inv>()].JML accessible clause.0 
566326     DEBUG main            d.u.i.k.p.i.IntermediateProofReplayer Proof replay took 1.49ms 
566326     DEBUG main            d.u.i.k.p.r.p.TestFile    ... success: reloaded. 
566327     INFO  main            d.u.i.k.p.r.p.TestFile    Now processing file /home/runner/work/key/key/key.core/../key.ui/examples/heap/permissions/threads/Sampler_inv_accessible2.key 
566327     INFO  main            d.u.i.k.p.i.AbstractProblemLoader Loading environment from /home/runner/work/key/key/key.core/../key.ui/examples/heap/permissions/threads/Sampler_inv_accessible2.key 
566327     DEBUG main            d.u.i.k.p.i.AbstractProblemLoader Environment load took 41.7ns 
566328     INFO  main            d.u.i.k.p.i.AbstractProblemLoader Creating init config 
570900     DEBUG main            d.u.i.k.p.i.AbstractProblemLoader Init config took 4.57s 
570976     INFO  main            d.u.i.k.p.i.AbstractProblemLoader Replaying proof Sampler[java.lang.Object::<inv>()].JML accessible clause.1 
570978     DEBUG main            d.u.i.k.p.i.IntermediateProofReplayer Proof replay took 2.8ns 
571079     INFO  main            d.u.i.k.p.r.p.TestFile    ... finished proof: closed. 
571579     INFO  main            d.u.i.k.p.i.AbstractProblemLoader Loading environment from /home/runner/work/key/key/key.core/../key.ui/examples/heap/permissions/threads/Sampler_inv_accessible2.key.proof 
571579     DEBUG main            d.u.i.k.p.i.AbstractProblemLoader Environment load took 72.3ns 
571580     INFO  main            d.u.i.k.p.i.AbstractProblemLoader Creating init config 
576085     DEBUG main            d.u.i.k.p.i.AbstractProblemLoader Init config took 4.51s 
576162     INFO  main            d.u.i.k.p.i.AbstractProblemLoader Replaying proof Sampler[java.lang.Object::<inv>()].JML accessible clause.1 
576165     DEBUG main            d.u.i.k.p.i.IntermediateProofReplayer Proof replay took 1.51ms 
576166     DEBUG main            d.u.i.k.p.r.p.TestFile    ... success: reloaded. 
576166     INFO  main            d.u.i.k.p.r.p.TestFile    Now processing file /home/runner/work/key/key/key.core/../key.ui/examples/heap/permissions/threads/Sampler_joinTransfer_accessible.key 
576167     INFO  main            d.u.i.k.p.i.AbstractProblemLoader Loading environment from /home/runner/work/key/key/key.core/../key.ui/examples/heap/permissions/threads/Sampler_joinTransfer_accessible.key 
576167     DEBUG main            d.u.i.k.p.i.AbstractProblemLoader Environment load took 78ns 
576167     INFO  main            d.u.i.k.p.i.AbstractProblemLoader Creating init config 
580736     DEBUG main            d.u.i.k.p.i.AbstractProblemLoader Init config took 4.57s 
580830     INFO  main            d.u.i.k.p.i.AbstractProblemLoader Replaying proof Sampler[ThreadSpec2::joinTransfer()].JML accessible clause.0 
580831     DEBUG main            d.u.i.k.p.i.IntermediateProofReplayer Proof replay took 2.5ns 
584143     INFO  main            d.u.i.k.p.r.p.TestFile    ... finished proof: closed. 
584656     INFO  main            d.u.i.k.p.i.AbstractProblemLoader Loading environment from /home/runner/work/key/key/key.core/../key.ui/examples/heap/permissions/threads/Sampler_joinTransfer_accessible.key.proof 
584656     DEBUG main            d.u.i.k.p.i.AbstractProblemLoader Environment load took 79.5ns 
584657     INFO  main            d.u.i.k.p.i.AbstractProblemLoader Creating init config 
589149     DEBUG main            d.u.i.k.p.i.AbstractProblemLoader Init config took 4.49s 
589227     INFO  main            d.u.i.k.p.i.AbstractProblemLoader Replaying proof Sampler[ThreadSpec2::joinTransfer()].JML accessible clause.0 
589800     DEBUG main            d.u.i.k.p.i.IntermediateProofReplayer Proof replay took 562.62ms 
589801     DEBUG main            d.u.i.k.p.r.p.TestFile    ... success: reloaded. 
589802     INFO  main            d.u.i.k.p.r.p.TestFile    Now processing file /home/runner/work/key/key/key.core/../key.ui/examples/heap/permissions/threads/Sampler_joinTransfer_contract.key 
589802     INFO  main            d.u.i.k.p.i.AbstractProblemLoader Loading environment from /home/runner/work/key/key/key.core/../key.ui/examples/heap/permissions/threads/Sampler_joinTransfer_contract.key 
589802     DEBUG main            d.u.i.k.p.i.AbstractProblemLoader Environment load took 87.8ns 
589803     INFO  main            d.u.i.k.p.i.AbstractProblemLoader Creating init config 
594387     DEBUG main            d.u.i.k.p.i.AbstractProblemLoader Init config took 4.58s 
594464     INFO  main            d.u.i.k.p.i.AbstractProblemLoader Replaying proof Sampler[ThreadSpec2::joinTransfer()].JML model_behavior operation contract.0 
594465     DEBUG main            d.u.i.k.p.i.IntermediateProofReplayer Proof replay took 2.8ns 
594566     INFO  main            d.u.i.k.p.r.p.TestFile    ... finished proof: closed. 
595078     INFO  main            d.u.i.k.p.i.AbstractProblemLoader Loading environment from /home/runner/work/key/key/key.core/../key.ui/examples/heap/permissions/threads/Sampler_joinTransfer_contract.key.proof 
595079     DEBUG main            d.u.i.k.p.i.AbstractProblemLoader Environment load took 71.1ns 
595080     INFO  main            d.u.i.k.p.i.AbstractProblemLoader Creating init config 
599555     DEBUG main            d.u.i.k.p.i.AbstractProblemLoader Init config took 4.48s 
599643     INFO  main            d.u.i.k.p.i.AbstractProblemLoader Replaying proof Sampler[ThreadSpec2::joinTransfer()].JML model_behavior operation contract.0 
599650     DEBUG main            d.u.i.k.p.i.IntermediateProofReplayer Proof replay took 6.26ms 
599651     DEBUG main            d.u.i.k.p.r.p.TestFile    ... success: reloaded. 
599652     INFO  main            d.u.i.k.p.r.p.TestFile    Now processing file /home/runner/work/key/key/key.core/../key.ui/examples/heap/permissions/threads/Sampler_postJoin_accessible.key 
599652     INFO  main            d.u.i.k.p.i.AbstractProblemLoader Loading environment from /home/runner/work/key/key/key.core/../key.ui/examples/heap/permissions/threads/Sampler_postJoin_accessible.key 
599652     DEBUG main            d.u.i.k.p.i.AbstractProblemLoader Environment load took 48.7ns 
599653     INFO  main            d.u.i.k.p.i.AbstractProblemLoader Creating init config 
604217     DEBUG main            d.u.i.k.p.i.AbstractProblemLoader Init config took 4.56s 
604292     INFO  main            d.u.i.k.p.i.AbstractProblemLoader Replaying proof Sampler[ThreadSpec2::postJoin(java.lang.Object)].JML accessible clause.0 
604293     DEBUG main            d.u.i.k.p.i.IntermediateProofReplayer Proof replay took 2.6ns 
604395     INFO  main            d.u.i.k.p.r.p.TestFile    ... finished proof: closed. 
604920     INFO  main            d.u.i.k.p.i.AbstractProblemLoader Loading environment from /home/runner/work/key/key/key.core/../key.ui/examples/heap/permissions/threads/Sampler_postJoin_accessible.key.proof 
604920     DEBUG main            d.u.i.k.p.i.AbstractProblemLoader Environment load took 72.3ns 
604921     INFO  main            d.u.i.k.p.i.AbstractProblemLoader Creating init config 
609399     DEBUG main            d.u.i.k.p.i.AbstractProblemLoader Init config took 4.48s 
609487     INFO  main            d.u.i.k.p.i.AbstractProblemLoader Replaying proof Sampler[ThreadSpec2::postJoin(java.lang.Object)].JML accessible clause.0 
609496     DEBUG main            d.u.i.k.p.i.IntermediateProofReplayer Proof replay took 7.68ms 
609497     DEBUG main            d.u.i.k.p.r.p.TestFile    ... success: reloaded. 
609498     INFO  main            d.u.i.k.p.r.p.TestFile    Now processing file /home/runner/work/key/key/key.core/../key.ui/examples/heap/permissions/threads/Sampler_preStart_accessible.key 
609498     INFO  main            d.u.i.k.p.i.AbstractProblemLoader Loading environment from /home/runner/work/key/key/key.core/../key.ui/examples/heap/permissions/threads/Sampler_preStart_accessible.key 
609499     DEBUG main            d.u.i.k.p.i.AbstractProblemLoader Environment load took 142.7ns 
609499     INFO  main            d.u.i.k.p.i.AbstractProblemLoader Creating init config 
614072     DEBUG main            d.u.i.k.p.i.AbstractProblemLoader Init config took 4.57s 
614149     INFO  main            d.u.i.k.p.i.AbstractProblemLoader Replaying proof Sampler[ThreadSpec2::preStart(java.lang.Object)].JML accessible clause.0 
614150     DEBUG main            d.u.i.k.p.i.IntermediateProofReplayer Proof replay took 2.4ns 
614252     INFO  main            d.u.i.k.p.r.p.TestFile    ... finished proof: closed. 
614798     INFO  main            d.u.i.k.p.i.AbstractProblemLoader Loading environment from /home/runner/work/key/key/key.core/../key.ui/examples/heap/permissions/threads/Sampler_preStart_accessible.key.proof 
614798     DEBUG main            d.u.i.k.p.i.AbstractProblemLoader Environment load took 69.2ns 
614799     INFO  main            d.u.i.k.p.i.AbstractProblemLoader Creating init config 
619292     DEBUG main            d.u.i.k.p.i.AbstractProblemLoader Init config took 4.49s 
619367     INFO  main            d.u.i.k.p.i.AbstractProblemLoader Replaying proof Sampler[ThreadSpec2::preStart(java.lang.Object)].JML accessible clause.0 
619376     DEBUG main            d.u.i.k.p.i.IntermediateProofReplayer Proof replay took 7.67ms 
619377     DEBUG main            d.u.i.k.p.r.p.TestFile    ... success: reloaded. 
619378     INFO  main            d.u.i.k.p.r.p.TestFile    Now processing file /home/runner/work/key/key/key.core/../key.ui/examples/heap/permissions/threads/Sampler_run.key 
619378     INFO  main            d.u.i.k.p.i.AbstractProblemLoader Loading environment from /home/runner/work/key/key/key.core/../key.ui/examples/heap/permissions/threads/Sampler_run.key 
619378     DEBUG main            d.u.i.k.p.i.AbstractProblemLoader Environment load took 38.2ns 
619379     INFO  main            d.u.i.k.p.i.AbstractProblemLoader Creating init config 
623932     DEBUG main            d.u.i.k.p.i.AbstractProblemLoader Init config took 4.55s 
624007     INFO  main            d.u.i.k.p.i.AbstractProblemLoader Replaying proof Sampler[ThreadSpec2::run()].JML normal_behavior operation contract.0 
624008     DEBUG main            d.u.i.k.p.i.IntermediateProofReplayer Proof replay took 2.8ns 
624228     INFO  main            d.u.i.k.p.r.p.TestFile    ... finished proof: closed. 
624766     INFO  main            d.u.i.k.p.i.AbstractProblemLoader Loading environment from /home/runner/work/key/key/key.core/../key.ui/examples/heap/permissions/threads/Sampler_run.key.proof 
624766     DEBUG main            d.u.i.k.p.i.AbstractProblemLoader Environment load took 68ns 
624767     INFO  main            d.u.i.k.p.i.AbstractProblemLoader Creating init config 
629259     DEBUG main            d.u.i.k.p.i.AbstractProblemLoader Init config took 4.49s 
629336     INFO  main            d.u.i.k.p.i.AbstractProblemLoader Replaying proof Sampler[ThreadSpec2::run()].JML normal_behavior operation contract.0 
629368     DEBUG main            d.u.i.k.p.i.IntermediateProofReplayer Proof replay took 30.55ms 
629368     DEBUG main            d.u.i.k.p.r.p.TestFile    ... success: reloaded. 
629369     INFO  main            d.u.i.k.p.r.p.TestFile    Now processing file /home/runner/work/key/key/key.core/../key.ui/examples/heap/permissions/threads/Sampler_Sampler.key 
629369     INFO  main            d.u.i.k.p.i.AbstractProblemLoader Loading environment from /home/runner/work/key/key/key.core/../key.ui/examples/heap/permissions/threads/Sampler_Sampler.key 
629369     DEBUG main            d.u.i.k.p.i.AbstractProblemLoader Environment load took 44.3ns 
629370     INFO  main            d.u.i.k.p.i.AbstractProblemLoader Creating init config 
633935     DEBUG main            d.u.i.k.p.i.AbstractProblemLoader Init config took 4.57s 
634030     INFO  main            d.u.i.k.p.i.AbstractProblemLoader Replaying proof Sampler[Sampler::Sampler(Buffer)].JML normal_behavior operation contract.0 
634032     DEBUG main            d.u.i.k.p.i.IntermediateProofReplayer Proof replay took 2.4ns 
634534     INFO  main            d.u.i.k.p.r.p.TestFile    ... finished proof: closed. 
635082     INFO  main            d.u.i.k.p.i.AbstractProblemLoader Loading environment from /home/runner/work/key/key/key.core/../key.ui/examples/heap/permissions/threads/Sampler_Sampler.key.proof 
635082     DEBUG main            d.u.i.k.p.i.AbstractProblemLoader Environment load took 70.6ns 
635082     INFO  main            d.u.i.k.p.i.AbstractProblemLoader Creating init config 
639579     DEBUG main            d.u.i.k.p.i.AbstractProblemLoader Init config took 4.5s 
639655     INFO  main            d.u.i.k.p.i.AbstractProblemLoader Replaying proof Sampler[Sampler::Sampler(Buffer)].JML normal_behavior operation contract.0 
639737     DEBUG main            d.u.i.k.p.i.IntermediateProofReplayer Proof replay took 79.77ms 
639738     DEBUG main            d.u.i.k.p.r.p.TestFile    ... success: reloaded. 
639739     INFO  main            d.u.i.k.p.r.p.TestFile    Now processing file /home/runner/work/key/key/key.core/../key.ui/examples/heap/permissions/threads/Sampler_startTransfer_accessible.key 
639739     INFO  main            d.u.i.k.p.i.AbstractProblemLoader Loading environment from /home/runner/work/key/key/key.core/../key.ui/examples/heap/permissions/threads/Sampler_startTransfer_accessible.key 
639739     DEBUG main            d.u.i.k.p.i.AbstractProblemLoader Environment load took 67.3ns 
639740     INFO  main            d.u.i.k.p.i.AbstractProblemLoader Creating init config 
644319     DEBUG main            d.u.i.k.p.i.AbstractProblemLoader Init config took 4.58s 
644395     INFO  main            d.u.i.k.p.i.AbstractProblemLoader Replaying proof Sampler[ThreadSpec2::startTransfer()].JML accessible clause.0 
644396     DEBUG main            d.u.i.k.p.i.IntermediateProofReplayer Proof replay took 3ns 
648405     INFO  main            d.u.i.k.p.r.p.TestFile    ... finished proof: closed. 
648965     INFO  main            d.u.i.k.p.i.AbstractProblemLoader Loading environment from /home/runner/work/key/key/key.core/../key.ui/examples/heap/permissions/threads/Sampler_startTransfer_accessible.key.proof 
648965     DEBUG main            d.u.i.k.p.i.AbstractProblemLoader Environment load took 75.9ns 
648966     INFO  main            d.u.i.k.p.i.AbstractProblemLoader Creating init config 
653468     DEBUG main            d.u.i.k.p.i.AbstractProblemLoader Init config took 4.5s 
653543     INFO  main            d.u.i.k.p.i.AbstractProblemLoader Replaying proof Sampler[ThreadSpec2::startTransfer()].JML accessible clause.0 
654117     DEBUG main            d.u.i.k.p.i.IntermediateProofReplayer Proof replay took 564.1ms 
654119     DEBUG main            d.u.i.k.p.r.p.TestFile    ... success: reloaded. 
654119     INFO  main            d.u.i.k.p.r.p.TestFile    Now processing file /home/runner/work/key/key/key.core/../key.ui/examples/heap/permissions/threads/Sampler_startTransfer_contract.key 
654120     INFO  main            d.u.i.k.p.i.AbstractProblemLoader Loading environment from /home/runner/work/key/key/key.core/../key.ui/examples/heap/permissions/threads/Sampler_startTransfer_contract.key 
654120     DEBUG main            d.u.i.k.p.i.AbstractProblemLoader Environment load took 43.4ns 
654120     INFO  main            d.u.i.k.p.i.AbstractProblemLoader Creating init config 
658726     DEBUG main            d.u.i.k.p.i.AbstractProblemLoader Init config took 4.61s 
658803     INFO  main            d.u.i.k.p.i.AbstractProblemLoader Replaying proof Sampler[ThreadSpec2::startTransfer()].JML model_behavior operation contract.0 
658804     DEBUG main            d.u.i.k.p.i.IntermediateProofReplayer Proof replay took 2.5ns 
658907     INFO  main            d.u.i.k.p.r.p.TestFile    ... finished proof: closed. 
659459     INFO  main            d.u.i.k.p.i.AbstractProblemLoader Loading environment from /home/runner/work/key/key/key.core/../key.ui/examples/heap/permissions/threads/Sampler_startTransfer_contract.key.proof 
659459     DEBUG main            d.u.i.k.p.i.AbstractProblemLoader Environment load took 73ns 
659460     INFO  main            d.u.i.k.p.i.AbstractProblemLoader Creating init config 
663969     DEBUG main            d.u.i.k.p.i.AbstractProblemLoader Init config took 4.51s 
664045     INFO  main            d.u.i.k.p.i.AbstractProblemLoader Replaying proof Sampler[ThreadSpec2::startTransfer()].JML model_behavior operation contract.0 
664053     DEBUG main            d.u.i.k.p.i.IntermediateProofReplayer Proof replay took 6.51ms 
664054     DEBUG main            d.u.i.k.p.r.p.TestFile    ... success: reloaded. 
664054     INFO  main            d.u.i.k.p.r.p.TestFile    Now processing file /home/runner/work/key/key/key.core/../key.ui/examples/heap/permissions/threads/Sampler_stateInv_accessible.key 
664054     INFO  main            d.u.i.k.p.i.AbstractProblemLoader Loading environment from /home/runner/work/key/key/key.core/../key.ui/examples/heap/permissions/threads/Sampler_stateInv_accessible.key 
664054     DEBUG main            d.u.i.k.p.i.AbstractProblemLoader Environment load took 41.1ns 
664055     INFO  main            d.u.i.k.p.i.AbstractProblemLoader Creating init config 
668667     DEBUG main            d.u.i.k.p.i.AbstractProblemLoader Init config took 4.61s 
668743     INFO  main            d.u.i.k.p.i.AbstractProblemLoader Replaying proof Sampler[ThreadSpec2::stateInv()].JML accessible clause.0 
668744     DEBUG main            d.u.i.k.p.i.IntermediateProofReplayer Proof replay took 3.5ns 
668845     INFO  main            d.u.i.k.p.r.p.TestFile    ... finished proof: closed. 
669404     INFO  main            d.u.i.k.p.i.AbstractProblemLoader Loading environment from /home/runner/work/key/key/key.core/../key.ui/examples/heap/permissions/threads/Sampler_stateInv_accessible.key.proof 
669404     DEBUG main            d.u.i.k.p.i.AbstractProblemLoader Environment load took 71ns 
669405     INFO  main            d.u.i.k.p.i.AbstractProblemLoader Creating init config 
673919     DEBUG main            d.u.i.k.p.i.AbstractProblemLoader Init config took 4.51s 
673995     INFO  main            d.u.i.k.p.i.AbstractProblemLoader Replaying proof Sampler[ThreadSpec2::stateInv()].JML accessible clause.0 
674014     DEBUG main            d.u.i.k.p.i.IntermediateProofReplayer Proof replay took 11.95ms 
674015     DEBUG main            d.u.i.k.p.r.p.TestFile    ... success: reloaded. 
674016     INFO  main            d.u.i.k.p.r.p.TestFile    Now processing file /home/runner/work/key/key/key.core/../key.ui/examples/heap/permissions/threads/Sampler_staticPermissions_accessible.key 
674016     INFO  main            d.u.i.k.p.i.AbstractProblemLoader Loading environment from /home/runner/work/key/key/key.core/../key.ui/examples/heap/permissions/threads/Sampler_staticPermissions_accessible.key 
674016     DEBUG main            d.u.i.k.p.i.AbstractProblemLoader Environment load took 69.1ns 
674017     INFO  main            d.u.i.k.p.i.AbstractProblemLoader Creating init config 
678623     DEBUG main            d.u.i.k.p.i.AbstractProblemLoader Init config took 4.61s 
678716     INFO  main            d.u.i.k.p.i.AbstractProblemLoader Replaying proof Sampler[ThreadSpec2::staticPermissions()].JML accessible clause.0 
678717     DEBUG main            d.u.i.k.p.i.IntermediateProofReplayer Proof replay took 3.1ns 
678818     INFO  main            d.u.i.k.p.r.p.TestFile    ... finished proof: closed. 
679382     INFO  main            d.u.i.k.p.i.AbstractProblemLoader Loading environment from /home/runner/work/key/key/key.core/../key.ui/examples/heap/permissions/threads/Sampler_staticPermissions_accessible.key.proof 
679382     DEBUG main            d.u.i.k.p.i.AbstractProblemLoader Environment load took 71.2ns 
679383     INFO  main            d.u.i.k.p.i.AbstractProblemLoader Creating init config 
683891     DEBUG main            d.u.i.k.p.i.AbstractProblemLoader Init config took 4.51s 
683967     INFO  main            d.u.i.k.p.i.AbstractProblemLoader Replaying proof Sampler[ThreadSpec2::staticPermissions()].JML accessible clause.0 
683971     DEBUG main            d.u.i.k.p.i.IntermediateProofReplayer Proof replay took 3.28ms 
683972     DEBUG main            d.u.i.k.p.r.p.TestFile    ... success: reloaded. 
683973     INFO  main            d.u.i.k.p.r.p.TestFile    Now processing file /home/runner/work/key/key/key.core/../key.ui/examples/heap/permissions/threads/Sampler_workingPermissions_accessible.key 
683973     INFO  main            d.u.i.k.p.i.AbstractProblemLoader Loading environment from /home/runner/work/key/key/key.core/../key.ui/examples/heap/permissions/threads/Sampler_workingPermissions_accessible.key 
683973     DEBUG main            d.u.i.k.p.i.AbstractProblemLoader Environment load took 67.2ns 
683974     INFO  main            d.u.i.k.p.i.AbstractProblemLoader Creating init config 
688596     DEBUG main            d.u.i.k.p.i.AbstractProblemLoader Init config took 4.62s 
688682     INFO  main            d.u.i.k.p.i.AbstractProblemLoader Replaying proof Sampler[ThreadSpec2::workingPermissions()].JML accessible clause.0 
688683     DEBUG main            d.u.i.k.p.i.IntermediateProofReplayer Proof replay took 2.9ns 
688804     INFO  main            d.u.i.k.p.r.p.TestFile    ... finished proof: closed. 
689361     INFO  main            d.u.i.k.p.i.AbstractProblemLoader Loading environment from /home/runner/work/key/key/key.core/../key.ui/examples/heap/permissions/threads/Sampler_workingPermissions_accessible.key.proof 
689361     DEBUG main            d.u.i.k.p.i.AbstractProblemLoader Environment load took 67ns 
689361     INFO  main            d.u.i.k.p.i.AbstractProblemLoader Creating init config 
693892     DEBUG main            d.u.i.k.p.i.AbstractProblemLoader Init config took 4.53s 
693968     INFO  main            d.u.i.k.p.i.AbstractProblemLoader Replaying proof Sampler[ThreadSpec2::workingPermissions()].JML accessible clause.0 
693974     DEBUG main            d.u.i.k.p.i.IntermediateProofReplayer Proof replay took 4.65ms 
693974     DEBUG main            d.u.i.k.p.r.p.TestFile    ... success: reloaded. 
693975     INFO  main            d.u.i.k.p.r.p.TestFile    Now processing file /home/runner/work/key/key/key.core/../key.ui/examples/heap/permissions/mulleretal/ReadWrite_doRead_contract.key 
693975     INFO  main            d.u.i.k.p.i.AbstractProblemLoader Loading environment from /home/runner/work/key/key/key.core/../key.ui/examples/heap/permissions/mulleretal/ReadWrite_doRead_contract.key 
693975     DEBUG main            d.u.i.k.p.i.AbstractProblemLoader Environment load took 41.1ns 
693976     INFO  main            d.u.i.k.p.i.AbstractProblemLoader Creating init config 
696613     DEBUG main            d.u.i.k.p.i.AbstractProblemLoader Init config took 2.64s 
696644     INFO  main            d.u.i.k.p.i.AbstractProblemLoader Replaying proof ReadWrite[ReadWrite::doRead()].JML normal_behavior operation contract.0 
696646     DEBUG main            d.u.i.k.p.i.IntermediateProofReplayer Proof replay took 2.8ns 
698152     INFO  main            d.u.i.k.p.r.p.TestFile    ... finished proof: closed. 
698770     INFO  main            d.u.i.k.p.i.AbstractProblemLoader Loading environment from /home/runner/work/key/key/key.core/../key.ui/examples/heap/permissions/mulleretal/ReadWrite_doRead_contract.key.proof 
698771     DEBUG main            d.u.i.k.p.i.AbstractProblemLoader Environment load took 316.4ns 
698772     INFO  main            d.u.i.k.p.i.AbstractProblemLoader Creating init config 
701465     DEBUG main            d.u.i.k.p.i.AbstractProblemLoader Init config took 2.69s 
701503     INFO  main            d.u.i.k.p.i.AbstractProblemLoader Replaying proof ReadWrite[ReadWrite::doRead()].JML normal_behavior operation contract.0 
702097     DEBUG main            d.u.i.k.p.i.IntermediateProofReplayer Proof replay took 584.45ms 
702098     DEBUG main            d.u.i.k.p.r.p.TestFile    ... success: reloaded. 
702099     INFO  main            d.u.i.k.p.r.p.TestFile    Now processing file /home/runner/work/key/key/key.core/../key.ui/examples/heap/permissions/mulleretal/ReadWrite_doWrite_contract.key 
702099     INFO  main            d.u.i.k.p.i.AbstractProblemLoader Loading environment from /home/runner/work/key/key/key.core/../key.ui/examples/heap/permissions/mulleretal/ReadWrite_doWrite_contract.key 
702107     DEBUG main            d.u.i.k.p.i.AbstractProblemLoader Environment load took 8.48ms 
702108     INFO  main            d.u.i.k.p.i.AbstractProblemLoader Creating init config 
704886     DEBUG main            d.u.i.k.p.i.AbstractProblemLoader Init config took 2.78s 
704917     INFO  main            d.u.i.k.p.i.AbstractProblemLoader Replaying proof ReadWrite[ReadWrite::doWrite()].JML normal_behavior operation contract.0 
704918     DEBUG main            d.u.i.k.p.i.IntermediateProofReplayer Proof replay took 3.3ns 
706732     INFO  main            d.u.i.k.p.r.p.TestFile    ... finished proof: closed. 
707338     INFO  main            d.u.i.k.p.i.AbstractProblemLoader Loading environment from /home/runner/work/key/key/key.core/../key.ui/examples/heap/permissions/mulleretal/ReadWrite_doWrite_contract.key.proof 
707339     DEBUG main            d.u.i.k.p.i.AbstractProblemLoader Environment load took 323.6ns 
707340     INFO  main            d.u.i.k.p.i.AbstractProblemLoader Creating init config 
709975     DEBUG main            d.u.i.k.p.i.AbstractProblemLoader Init config took 2.64s 
710007     INFO  main            d.u.i.k.p.i.AbstractProblemLoader Replaying proof ReadWrite[ReadWrite::doWrite()].JML normal_behavior operation contract.0 
710510     DEBUG main            d.u.i.k.p.i.IntermediateProofReplayer Proof replay took 498.05ms 
710511     DEBUG main            d.u.i.k.p.r.p.TestFile    ... success: reloaded. 
710511     INFO  main            d.u.i.k.p.r.p.TestFile    Now processing file /home/runner/work/key/key/key.core/../key.ui/examples/heap/permissions/mulleretal/ReadWrite_read_contract.key 
710512     INFO  main            d.u.i.k.p.i.AbstractProblemLoader Loading environment from /home/runner/work/key/key/key.core/../key.ui/examples/heap/permissions/mulleretal/ReadWrite_read_contract.key 
710512     DEBUG main            d.u.i.k.p.i.AbstractProblemLoader Environment load took 44.2ns 
710512     INFO  main            d.u.i.k.p.i.AbstractProblemLoader Creating init config 
713345     DEBUG main            d.u.i.k.p.i.AbstractProblemLoader Init config took 2.83s 
713377     INFO  main            d.u.i.k.p.i.AbstractProblemLoader Replaying proof ReadWrite[ReadWrite::read()].JML normal_behavior operation contract.0 
713379     DEBUG main            d.u.i.k.p.i.IntermediateProofReplayer Proof replay took 2.7ns 
713480     INFO  main            d.u.i.k.p.r.p.TestFile    ... finished proof: closed. 
714051     INFO  main            d.u.i.k.p.i.AbstractProblemLoader Loading environment from /home/runner/work/key/key/key.core/../key.ui/examples/heap/permissions/mulleretal/ReadWrite_read_contract.key.proof 
714051     DEBUG main            d.u.i.k.p.i.AbstractProblemLoader Environment load took 68.5ns 
714052     INFO  main            d.u.i.k.p.i.AbstractProblemLoader Creating init config 
716650     DEBUG main            d.u.i.k.p.i.AbstractProblemLoader Init config took 2.6s 
716681     INFO  main            d.u.i.k.p.i.AbstractProblemLoader Replaying proof ReadWrite[ReadWrite::read()].JML normal_behavior operation contract.0 
716689     DEBUG main            d.u.i.k.p.i.IntermediateProofReplayer Proof replay took 6.23ms 
716689     DEBUG main            d.u.i.k.p.r.p.TestFile    ... success: reloaded. 
716690     INFO  main            d.u.i.k.p.r.p.TestFile    Now processing file /home/runner/work/key/key/key.core/../key.ui/examples/heap/permissions/mulleretal/ReadWrite_write_contract.key 
716690     INFO  main            d.u.i.k.p.i.AbstractProblemLoader Loading environment from /home/runner/work/key/key/key.core/../key.ui/examples/heap/permissions/mulleretal/ReadWrite_write_contract.key 
716690     DEBUG main            d.u.i.k.p.i.AbstractProblemLoader Environment load took 49.8ns 
716691     INFO  main            d.u.i.k.p.i.AbstractProblemLoader Creating init config 
719647     DEBUG main            d.u.i.k.p.i.AbstractProblemLoader Init config took 2.96s 
719683     INFO  main            d.u.i.k.p.i.AbstractProblemLoader Replaying proof ReadWrite[ReadWrite::write()].JML normal_behavior operation contract.0 
719692     DEBUG main            d.u.i.k.p.i.IntermediateProofReplayer Proof replay took 2.4ns 
719897     INFO  main            d.u.i.k.p.r.p.TestFile    ... finished proof: closed. 
720496     INFO  main            d.u.i.k.p.i.AbstractProblemLoader Loading environment from /home/runner/work/key/key/key.core/../key.ui/examples/heap/permissions/mulleretal/ReadWrite_write_contract.key.proof 
720496     DEBUG main            d.u.i.k.p.i.AbstractProblemLoader Environment load took 86.7ns 
720497     INFO  main            d.u.i.k.p.i.AbstractProblemLoader Creating init config 
723101     DEBUG main            d.u.i.k.p.i.AbstractProblemLoader Init config took 2.6s 
723133     INFO  main            d.u.i.k.p.i.AbstractProblemLoader Replaying proof ReadWrite[ReadWrite::write()].JML normal_behavior operation contract.0 
723157     DEBUG main            d.u.i.k.p.i.IntermediateProofReplayer Proof replay took 22.92ms 
723158     DEBUG main            d.u.i.k.p.r.p.TestFile    ... success: reloaded. 
723158     INFO  main            d.u.i.k.p.r.p.TestFile    Now processing file /home/runner/work/key/key/key.core/../key.ui/examples/heap/permissions/mulleretal/ReadWrite_inv1_accessible.key 
723158     INFO  main            d.u.i.k.p.i.AbstractProblemLoader Loading environment from /home/runner/work/key/key/key.core/../key.ui/examples/heap/permissions/mulleretal/ReadWrite_inv1_accessible.key 
723159     DEBUG main            d.u.i.k.p.i.AbstractProblemLoader Environment load took 42.3ns 
723159     INFO  main            d.u.i.k.p.i.AbstractProblemLoader Creating init config 
725898     DEBUG main            d.u.i.k.p.i.AbstractProblemLoader Init config took 2.74s 
725960     INFO  main            d.u.i.k.p.i.AbstractProblemLoader Replaying proof ReadWrite[java.lang.Object::<inv>()].JML accessible clause.0 
725961     DEBUG main            d.u.i.k.p.i.IntermediateProofReplayer Proof replay took 2.6ns 
726072     INFO  main            d.u.i.k.p.r.p.TestFile    ... finished proof: closed. 
726648     INFO  main            d.u.i.k.p.i.AbstractProblemLoader Loading environment from /home/runner/work/key/key/key.core/../key.ui/examples/heap/permissions/mulleretal/ReadWrite_inv1_accessible.key.proof 
726648     DEBUG main            d.u.i.k.p.i.AbstractProblemLoader Environment load took 68.3ns 
726649     INFO  main            d.u.i.k.p.i.AbstractProblemLoader Creating init config 
729249     DEBUG main            d.u.i.k.p.i.AbstractProblemLoader Init config took 2.6s 
729280     INFO  main            d.u.i.k.p.i.AbstractProblemLoader Replaying proof ReadWrite[java.lang.Object::<inv>()].JML accessible clause.0 
729283     DEBUG main            d.u.i.k.p.i.IntermediateProofReplayer Proof replay took 1.44ms 
729283     DEBUG main            d.u.i.k.p.r.p.TestFile    ... success: reloaded. 
729284     INFO  main            d.u.i.k.p.r.p.TestFile    Now processing file /home/runner/work/key/key/key.core/../key.ui/examples/heap/permissions/mulleretal/ReadWrite_inv2_accessible.key 
729284     INFO  main            d.u.i.k.p.i.AbstractProblemLoader Loading environment from /home/runner/work/key/key/key.core/../key.ui/examples/heap/permissions/mulleretal/ReadWrite_inv2_accessible.key 
729284     DEBUG main            d.u.i.k.p.i.AbstractProblemLoader Environment load took 82.7ns 
729285     INFO  main            d.u.i.k.p.i.AbstractProblemLoader Creating init config 
731969     DEBUG main            d.u.i.k.p.i.AbstractProblemLoader Init config took 2.68s 
732004     INFO  main            d.u.i.k.p.i.AbstractProblemLoader Replaying proof ReadWrite[java.lang.Object::<inv>()].JML accessible clause.1 
732015     DEBUG main            d.u.i.k.p.i.IntermediateProofReplayer Proof replay took 2.5ns 
732124     INFO  main            d.u.i.k.p.r.p.TestFile    ... finished proof: closed. 
732707     INFO  main            d.u.i.k.p.i.AbstractProblemLoader Loading environment from /home/runner/work/key/key/key.core/../key.ui/examples/heap/permissions/mulleretal/ReadWrite_inv2_accessible.key.proof 
732707     DEBUG main            d.u.i.k.p.i.AbstractProblemLoader Environment load took 66.8ns 
732708     INFO  main            d.u.i.k.p.i.AbstractProblemLoader Creating init config 
735331     DEBUG main            d.u.i.k.p.i.AbstractProblemLoader Init config took 2.62s 
735363     INFO  main            d.u.i.k.p.i.AbstractProblemLoader Replaying proof ReadWrite[java.lang.Object::<inv>()].JML accessible clause.1 
735365     DEBUG main            d.u.i.k.p.i.IntermediateProofReplayer Proof replay took 1.49ms 
735366     DEBUG main            d.u.i.k.p.r.p.TestFile    ... success: reloaded. 
735366     INFO  main            d.u.i.k.p.r.p.TestFile    Now processing file /home/runner/work/key/key/key.core/../key.ui/examples/heap/permissions/lockspec/Counter_lockConsistent_contract.key 
735367     INFO  main            d.u.i.k.p.i.AbstractProblemLoader Loading environment from /home/runner/work/key/key/key.core/../key.ui/examples/heap/permissions/lockspec/Counter_lockConsistent_contract.key 
735367     DEBUG main            d.u.i.k.p.i.AbstractProblemLoader Environment load took 40.6ns 
735367     INFO  main            d.u.i.k.p.i.AbstractProblemLoader Creating init config 
738780     DEBUG main            d.u.i.k.p.i.AbstractProblemLoader Init config took 3.41s 
738853     INFO  main            d.u.i.k.p.i.AbstractProblemLoader Replaying proof Counter[LockSpec::lockConsistent()].JML model_behavior operation contract.0 
738854     DEBUG main            d.u.i.k.p.i.IntermediateProofReplayer Proof replay took 2.5ns 
739859     INFO  main            d.u.i.k.p.r.p.TestFile    ... finished proof: closed. 
740473     INFO  main            d.u.i.k.p.i.AbstractProblemLoader Loading environment from /home/runner/work/key/key/key.core/../key.ui/examples/heap/permissions/lockspec/Counter_lockConsistent_contract.key.proof 
740473     DEBUG main            d.u.i.k.p.i.AbstractProblemLoader Environment load took 113.4ns 
740474     INFO  main            d.u.i.k.p.i.AbstractProblemLoader Creating init config 
743595     DEBUG main            d.u.i.k.p.i.AbstractProblemLoader Init config took 3.12s 
743656     INFO  main            d.u.i.k.p.i.AbstractProblemLoader Replaying proof Counter[LockSpec::lockConsistent()].JML model_behavior operation contract.0 
743806     DEBUG main            d.u.i.k.p.i.IntermediateProofReplayer Proof replay took 143.15ms 
743808     DEBUG main            d.u.i.k.p.r.p.TestFile    ... success: reloaded. 
743808     INFO  main            d.u.i.k.p.r.p.TestFile    Now processing file /home/runner/work/key/key/key.core/../key.ui/examples/heap/permissions/lockspec/Counter_increase_contract.key 
743809     INFO  main            d.u.i.k.p.i.AbstractProblemLoader Loading environment from /home/runner/work/key/key/key.core/../key.ui/examples/heap/permissions/lockspec/Counter_increase_contract.key 
743809     DEBUG main            d.u.i.k.p.i.AbstractProblemLoader Environment load took 146ns 
743810     INFO  main            d.u.i.k.p.i.AbstractProblemLoader Creating init config 
747078     DEBUG main            d.u.i.k.p.i.AbstractProblemLoader Init config took 3.27s 
747130     INFO  main            d.u.i.k.p.i.AbstractProblemLoader Replaying proof Counter[Counter::increase()].JML normal_behavior operation contract.0 
747145     DEBUG main            d.u.i.k.p.i.IntermediateProofReplayer Proof replay took 2.8ns 
748961     INFO  main            d.u.i.k.p.r.p.TestFile    ... finished proof: closed. 
749583     INFO  main            d.u.i.k.p.i.AbstractProblemLoader Loading environment from /home/runner/work/key/key/key.core/../key.ui/examples/heap/permissions/lockspec/Counter_increase_contract.key.proof 
749583     DEBUG main            d.u.i.k.p.i.AbstractProblemLoader Environment load took 84.5ns 
749584     INFO  main            d.u.i.k.p.i.AbstractProblemLoader Creating init config 
752731     DEBUG main            d.u.i.k.p.i.AbstractProblemLoader Init config took 3.15s 
752778     INFO  main            d.u.i.k.p.i.AbstractProblemLoader Replaying proof Counter[Counter::increase()].JML normal_behavior operation contract.0 
753051     DEBUG main            d.u.i.k.p.i.IntermediateProofReplayer Proof replay took 259.01ms 
753053     DEBUG main            d.u.i.k.p.r.p.TestFile    ... success: reloaded. 
753054     INFO  main            d.u.i.k.p.r.p.TestFile    Now processing file /home/runner/work/key/key/key.core/../key.ui/examples/heap/permissions/lockspec/Counter_fp_accessible.key 
753054     INFO  main            d.u.i.k.p.i.AbstractProblemLoader Loading environment from /home/runner/work/key/key/key.core/../key.ui/examples/heap/permissions/lockspec/Counter_fp_accessible.key 
753054     DEBUG main            d.u.i.k.p.i.AbstractProblemLoader Environment load took 142.3ns 
753055     INFO  main            d.u.i.k.p.i.AbstractProblemLoader Creating init config 
756248     DEBUG main            d.u.i.k.p.i.AbstractProblemLoader Init config took 3.19s 
756299     INFO  main            d.u.i.k.p.i.AbstractProblemLoader Replaying proof Counter[LockSpec::fp()].JML accessible clause.0 
756300     DEBUG main            d.u.i.k.p.i.IntermediateProofReplayer Proof replay took 2.7ns 
756402     INFO  main            d.u.i.k.p.r.p.TestFile    ... finished proof: closed. 
757032     INFO  main            d.u.i.k.p.i.AbstractProblemLoader Loading environment from /home/runner/work/key/key/key.core/../key.ui/examples/heap/permissions/lockspec/Counter_fp_accessible.key.proof 
757032     DEBUG main            d.u.i.k.p.i.AbstractProblemLoader Environment load took 75.2ns 
757032     INFO  main            d.u.i.k.p.i.AbstractProblemLoader Creating init config 
760119     DEBUG main            d.u.i.k.p.i.AbstractProblemLoader Init config took 3.09s 
760188     INFO  main            d.u.i.k.p.i.AbstractProblemLoader Replaying proof Counter[LockSpec::fp()].JML accessible clause.0 
760199     DEBUG main            d.u.i.k.p.i.IntermediateProofReplayer Proof replay took 8.61ms 
760200     DEBUG main            d.u.i.k.p.r.p.TestFile    ... success: reloaded. 
760200     INFO  main            d.u.i.k.p.r.p.TestFile    Now processing file /home/runner/work/key/key/key.core/../key.ui/examples/heap/permissions/lockspec/Counter_fpLock_accessible.key 
760201     INFO  main            d.u.i.k.p.i.AbstractProblemLoader Loading environment from /home/runner/work/key/key/key.core/../key.ui/examples/heap/permissions/lockspec/Counter_fpLock_accessible.key 
760201     DEBUG main            d.u.i.k.p.i.AbstractProblemLoader Environment load took 141.7ns 
760202     INFO  main            d.u.i.k.p.i.AbstractProblemLoader Creating init config 
763611     DEBUG main            d.u.i.k.p.i.AbstractProblemLoader Init config took 3.41s 
763666     INFO  main            d.u.i.k.p.i.AbstractProblemLoader Replaying proof Counter[LockSpec::fpLock()].JML accessible clause.0 
763668     DEBUG main            d.u.i.k.p.i.IntermediateProofReplayer Proof replay took 2.4ns 
763769     INFO  main            d.u.i.k.p.r.p.TestFile    ... finished proof: closed. 
764381     INFO  main            d.u.i.k.p.i.AbstractProblemLoader Loading environment from /home/runner/work/key/key/key.core/../key.ui/examples/heap/permissions/lockspec/Counter_fpLock_accessible.key.proof 
764381     DEBUG main            d.u.i.k.p.i.AbstractProblemLoader Environment load took 70.3ns 
764381     INFO  main            d.u.i.k.p.i.AbstractProblemLoader Creating init config 
767531     DEBUG main            d.u.i.k.p.i.AbstractProblemLoader Init config took 3.15s 
767586     INFO  main            d.u.i.k.p.i.AbstractProblemLoader Replaying proof Counter[LockSpec::fpLock()].JML accessible clause.0 
767596     DEBUG main            d.u.i.k.p.i.IntermediateProofReplayer Proof replay took 8.58ms 
767597     DEBUG main            d.u.i.k.p.r.p.TestFile    ... success: reloaded. 
767598     INFO  main            d.u.i.k.p.r.p.TestFile    Now processing file /home/runner/work/key/key/key.core/../key.ui/examples/heap/permissions/lockspec/Counter_fpPerm_accessible.key 
767598     INFO  main            d.u.i.k.p.i.AbstractProblemLoader Loading environment from /home/runner/work/key/key/key.core/../key.ui/examples/heap/permissions/lockspec/Counter_fpPerm_accessible.key 
767598     DEBUG main            d.u.i.k.p.i.AbstractProblemLoader Environment load took 172.5ns 
767600     INFO  main            d.u.i.k.p.i.AbstractProblemLoader Creating init config 
770780     DEBUG main            d.u.i.k.p.i.AbstractProblemLoader Init config took 3.18s 
770838     INFO  main            d.u.i.k.p.i.AbstractProblemLoader Replaying proof Counter[LockSpec::fpPerm()].JML accessible clause.0 
770842     DEBUG main            d.u.i.k.p.i.IntermediateProofReplayer Proof replay took 3.1ns 
770948     INFO  main            d.u.i.k.p.r.p.TestFile    ... finished proof: closed. 
771563     INFO  main            d.u.i.k.p.i.AbstractProblemLoader Loading environment from /home/runner/work/key/key/key.core/../key.ui/examples/heap/permissions/lockspec/Counter_fpPerm_accessible.key.proof 
771563     DEBUG main            d.u.i.k.p.i.AbstractProblemLoader Environment load took 67.5ns 
771564     INFO  main            d.u.i.k.p.i.AbstractProblemLoader Creating init config 
774640     DEBUG main            d.u.i.k.p.i.AbstractProblemLoader Init config took 3.08s 
774699     INFO  main            d.u.i.k.p.i.AbstractProblemLoader Replaying proof Counter[LockSpec::fpPerm()].JML accessible clause.0 
774709     DEBUG main            d.u.i.k.p.i.IntermediateProofReplayer Proof replay took 7.73ms 
774710     DEBUG main            d.u.i.k.p.r.p.TestFile    ... success: reloaded. 
774710     INFO  main            d.u.i.k.p.r.p.TestFile    Now processing file /home/runner/work/key/key/key.core/../key.ui/examples/heap/permissions/lockspec/Counter_inv_accessible1.key 
774711     INFO  main            d.u.i.k.p.i.AbstractProblemLoader Loading environment from /home/runner/work/key/key/key.core/../key.ui/examples/heap/permissions/lockspec/Counter_inv_accessible1.key 
774711     DEBUG main            d.u.i.k.p.i.AbstractProblemLoader Environment load took 149.8ns 
774712     INFO  main            d.u.i.k.p.i.AbstractProblemLoader Creating init config 
777894     DEBUG main            d.u.i.k.p.i.AbstractProblemLoader Init config took 3.18s 
777942     INFO  main            d.u.i.k.p.i.AbstractProblemLoader Replaying proof Counter[java.lang.Object::<inv>()].JML accessible clause.0 
777943     DEBUG main            d.u.i.k.p.i.IntermediateProofReplayer Proof replay took 2.5ns 
778044     INFO  main            d.u.i.k.p.r.p.TestFile    ... finished proof: closed. 
778680     INFO  main            d.u.i.k.p.i.AbstractProblemLoader Loading environment from /home/runner/work/key/key/key.core/../key.ui/examples/heap/permissions/lockspec/Counter_inv_accessible1.key.proof 
778680     DEBUG main            d.u.i.k.p.i.AbstractProblemLoader Environment load took 72.2ns 
778681     INFO  main            d.u.i.k.p.i.AbstractProblemLoader Creating init config 
781864     DEBUG main            d.u.i.k.p.i.AbstractProblemLoader Init config took 3.18s 
781912     INFO  main            d.u.i.k.p.i.AbstractProblemLoader Replaying proof Counter[java.lang.Object::<inv>()].JML accessible clause.0 
781923     DEBUG main            d.u.i.k.p.i.IntermediateProofReplayer Proof replay took 8.85ms 
781923     DEBUG main            d.u.i.k.p.r.p.TestFile    ... success: reloaded. 
781924     INFO  main            d.u.i.k.p.r.p.TestFile    Now processing file /home/runner/work/key/key/key.core/../key.ui/examples/heap/permissions/lockspec/Counter_inv_accessible2.key 
781924     INFO  main            d.u.i.k.p.i.AbstractProblemLoader Loading environment from /home/runner/work/key/key/key.core/../key.ui/examples/heap/permissions/lockspec/Counter_inv_accessible2.key 
781925     DEBUG main            d.u.i.k.p.i.AbstractProblemLoader Environment load took 212.1ns 
781925     INFO  main            d.u.i.k.p.i.AbstractProblemLoader Creating init config 
785042     DEBUG main            d.u.i.k.p.i.AbstractProblemLoader Init config took 3.12s 
785119     INFO  main            d.u.i.k.p.i.AbstractProblemLoader Replaying proof Counter[java.lang.Object::<inv>()].JML accessible clause.1 
785120     DEBUG main            d.u.i.k.p.i.IntermediateProofReplayer Proof replay took 2.4ns 
785222     INFO  main            d.u.i.k.p.r.p.TestFile    ... finished proof: closed. 
785850     INFO  main            d.u.i.k.p.i.AbstractProblemLoader Loading environment from /home/runner/work/key/key/key.core/../key.ui/examples/heap/permissions/lockspec/Counter_inv_accessible2.key.proof 
785850     DEBUG main            d.u.i.k.p.i.AbstractProblemLoader Environment load took 67.9ns 
785851     INFO  main            d.u.i.k.p.i.AbstractProblemLoader Creating init config 
788929     DEBUG main            d.u.i.k.p.i.AbstractProblemLoader Init config took 3.08s 
788990     INFO  main            d.u.i.k.p.i.AbstractProblemLoader Replaying proof Counter[java.lang.Object::<inv>()].JML accessible clause.1 
789003     DEBUG main            d.u.i.k.p.i.IntermediateProofReplayer Proof replay took 10.7ms 
789003     DEBUG main            d.u.i.k.p.r.p.TestFile    ... success: reloaded. 
789004     INFO  main            d.u.i.k.p.r.p.TestFile    Now processing file /home/runner/work/key/key/key.core/../key.ui/examples/heap/permissions/lockspec/Counter_lockRef_accessible.key 
789004     INFO  main            d.u.i.k.p.i.AbstractProblemLoader Loading environment from /home/runner/work/key/key/key.core/../key.ui/examples/heap/permissions/lockspec/Counter_lockRef_accessible.key 
789004     DEBUG main            d.u.i.k.p.i.AbstractProblemLoader Environment load took 95.7ns 
789005     INFO  main            d.u.i.k.p.i.AbstractProblemLoader Creating init config 
792211     DEBUG main            d.u.i.k.p.i.AbstractProblemLoader Init config took 3.21s 
792259     INFO  main            d.u.i.k.p.i.AbstractProblemLoader Replaying proof Counter[LockSpec::lockRef()].JML accessible clause.0 
792260     DEBUG main            d.u.i.k.p.i.IntermediateProofReplayer Proof replay took 2.6ns 
792462     INFO  main            d.u.i.k.p.r.p.TestFile    ... finished proof: closed. 
793091     INFO  main            d.u.i.k.p.i.AbstractProblemLoader Loading environment from /home/runner/work/key/key/key.core/../key.ui/examples/heap/permissions/lockspec/Counter_lockRef_accessible.key.proof 
793092     DEBUG main            d.u.i.k.p.i.AbstractProblemLoader Environment load took 67ns 
793092     INFO  main            d.u.i.k.p.i.AbstractProblemLoader Creating init config 
796239     DEBUG main            d.u.i.k.p.i.AbstractProblemLoader Init config took 3.15s 
796288     INFO  main            d.u.i.k.p.i.AbstractProblemLoader Replaying proof Counter[LockSpec::lockRef()].JML accessible clause.0 
796322     DEBUG main            d.u.i.k.p.i.IntermediateProofReplayer Proof replay took 32.39ms 
796323     DEBUG main            d.u.i.k.p.r.p.TestFile    ... success: reloaded. 
796323     INFO  main            d.u.i.k.p.r.p.TestFile    Now processing file /home/runner/work/key/key/key.core/../key.ui/examples/heap/permissions/lockspec/Counter_lockRef_contract1.key 
796324     INFO  main            d.u.i.k.p.i.AbstractProblemLoader Loading environment from /home/runner/work/key/key/key.core/../key.ui/examples/heap/permissions/lockspec/Counter_lockRef_contract1.key 
796325     DEBUG main            d.u.i.k.p.i.AbstractProblemLoader Environment load took 85.8ns 
796325     INFO  main            d.u.i.k.p.i.AbstractProblemLoader Creating init config 
799470     DEBUG main            d.u.i.k.p.i.AbstractProblemLoader Init config took 3.14s 
799525     INFO  main            d.u.i.k.p.i.AbstractProblemLoader Replaying proof Counter[LockSpec::lockRef()].JML model_behavior operation contract.0 
799526     DEBUG main            d.u.i.k.p.i.IntermediateProofReplayer Proof replay took 2.6ns 
799628     INFO  main            d.u.i.k.p.r.p.TestFile    ... finished proof: closed. 
800258     INFO  main            d.u.i.k.p.i.AbstractProblemLoader Loading environment from /home/runner/work/key/key/key.core/../key.ui/examples/heap/permissions/lockspec/Counter_lockRef_contract1.key.proof 
800258     DEBUG main            d.u.i.k.p.i.AbstractProblemLoader Environment load took 69.1ns 
800258     INFO  main            d.u.i.k.p.i.AbstractProblemLoader Creating init config 
803326     DEBUG main            d.u.i.k.p.i.AbstractProblemLoader Init config took 3.07s 
803383     INFO  main            d.u.i.k.p.i.AbstractProblemLoader Replaying proof Counter[LockSpec::lockRef()].JML model_behavior operation contract.0 
803389     DEBUG main            d.u.i.k.p.i.IntermediateProofReplayer Proof replay took 3.79ms 
803389     DEBUG main            d.u.i.k.p.r.p.TestFile    ... success: reloaded. 
803390     INFO  main            d.u.i.k.p.r.p.TestFile    Now processing file /home/runner/work/key/key/key.core/../key.ui/examples/heap/permissions/lockspec/Counter_lockRef_contract2.key 
803390     INFO  main            d.u.i.k.p.i.AbstractProblemLoader Loading environment from /home/runner/work/key/key/key.core/../key.ui/examples/heap/permissions/lockspec/Counter_lockRef_contract2.key 
803391     DEBUG main            d.u.i.k.p.i.AbstractProblemLoader Environment load took 167.2ns 
803391     INFO  main            d.u.i.k.p.i.AbstractProblemLoader Creating init config 
806611     DEBUG main            d.u.i.k.p.i.AbstractProblemLoader Init config took 3.22s 
806660     INFO  main            d.u.i.k.p.i.AbstractProblemLoader Replaying proof Counter[Counter::lockRef()].JML model_behavior operation contract.0 
806661     DEBUG main            d.u.i.k.p.i.IntermediateProofReplayer Proof replay took 2.8ns 
806763     INFO  main            d.u.i.k.p.r.p.TestFile    ... finished proof: closed. 
807402     INFO  main            d.u.i.k.p.i.AbstractProblemLoader Loading environment from /home/runner/work/key/key/key.core/../key.ui/examples/heap/permissions/lockspec/Counter_lockRef_contract2.key.proof 
807402     DEBUG main            d.u.i.k.p.i.AbstractProblemLoader Environment load took 73.5ns 
807403     INFO  main            d.u.i.k.p.i.AbstractProblemLoader Creating init config 
810488     DEBUG main            d.u.i.k.p.i.AbstractProblemLoader Init config took 3.09s 
810600     INFO  main            d.u.i.k.p.i.AbstractProblemLoader Replaying proof Counter[Counter::lockRef()].JML model_behavior operation contract.0 
810617     DEBUG main            d.u.i.k.p.i.IntermediateProofReplayer Proof replay took 10.28ms 
810617     DEBUG main            d.u.i.k.p.r.p.TestFile    ... success: reloaded. 
810618     INFO  main            d.u.i.k.p.r.p.TestFile    Now processing file /home/runner/work/key/key/key.core/../key.ui/examples/heap/permissions/lockspec/Counter_lockState_accessible.key 
810618     INFO  main            d.u.i.k.p.i.AbstractProblemLoader Loading environment from /home/runner/work/key/key/key.core/../key.ui/examples/heap/permissions/lockspec/Counter_lockState_accessible.key 
810618     DEBUG main            d.u.i.k.p.i.AbstractProblemLoader Environment load took 49.2ns 
810619     INFO  main            d.u.i.k.p.i.AbstractProblemLoader Creating init config 
813888     DEBUG main            d.u.i.k.p.i.AbstractProblemLoader Init config took 3.27s 
813937     INFO  main            d.u.i.k.p.i.AbstractProblemLoader Replaying proof Counter[LockSpec::lockState(boolean)].JML accessible clause.0 
813938     DEBUG main            d.u.i.k.p.i.IntermediateProofReplayer Proof replay took 2.8ns 
814241     INFO  main            d.u.i.k.p.r.p.TestFile    ... finished proof: closed. 
814873     INFO  main            d.u.i.k.p.i.AbstractProblemLoader Loading environment from /home/runner/work/key/key/key.core/../key.ui/examples/heap/permissions/lockspec/Counter_lockState_accessible.key.proof 
814873     DEBUG main            d.u.i.k.p.i.AbstractProblemLoader Environment load took 76.2ns 
814874     INFO  main            d.u.i.k.p.i.AbstractProblemLoader Creating init config 
817998     DEBUG main            d.u.i.k.p.i.AbstractProblemLoader Init config took 3.12s 
818054     INFO  main            d.u.i.k.p.i.AbstractProblemLoader Replaying proof Counter[LockSpec::lockState(boolean)].JML accessible clause.0 
818127     DEBUG main            d.u.i.k.p.i.IntermediateProofReplayer Proof replay took 67.44ms 
818128     DEBUG main            d.u.i.k.p.r.p.TestFile    ... success: reloaded. 
818129     INFO  main            d.u.i.k.p.r.p.TestFile    Now processing file /home/runner/work/key/key/key.core/../key.ui/examples/heap/permissions/lockspec/Counter_lockStatus_accessible.key 
818131     INFO  main            d.u.i.k.p.i.AbstractProblemLoader Loading environment from /home/runner/work/key/key/key.core/../key.ui/examples/heap/permissions/lockspec/Counter_lockStatus_accessible.key 
818132     DEBUG main            d.u.i.k.p.i.AbstractProblemLoader Environment load took 160.8ns 
818132     INFO  main            d.u.i.k.p.i.AbstractProblemLoader Creating init config 
821404     DEBUG main            d.u.i.k.p.i.AbstractProblemLoader Init config took 3.27s 
821469     INFO  main            d.u.i.k.p.i.AbstractProblemLoader Replaying proof Counter[LockSpec::lockStatus(boolean)].JML accessible clause.0 
821471     DEBUG main            d.u.i.k.p.i.IntermediateProofReplayer Proof replay took 2.7ns 
821572     INFO  main            d.u.i.k.p.r.p.TestFile    ... finished proof: closed. 
822221     INFO  main            d.u.i.k.p.i.AbstractProblemLoader Loading environment from /home/runner/work/key/key/key.core/../key.ui/examples/heap/permissions/lockspec/Counter_lockStatus_accessible.key.proof 
822222     DEBUG main            d.u.i.k.p.i.AbstractProblemLoader Environment load took 69.5ns 
822222     INFO  main            d.u.i.k.p.i.AbstractProblemLoader Creating init config 
825334     DEBUG main            d.u.i.k.p.i.AbstractProblemLoader Init config took 3.11s 
825406     INFO  main            d.u.i.k.p.i.AbstractProblemLoader Replaying proof Counter[LockSpec::lockStatus(boolean)].JML accessible clause.0 
825429     DEBUG main            d.u.i.k.p.i.IntermediateProofReplayer Proof replay took 20.02ms 
825429     DEBUG main            d.u.i.k.p.r.p.TestFile    ... success: reloaded. 
825430     INFO  main            d.u.i.k.p.r.p.TestFile    Now processing file /home/runner/work/key/key/key.core/../key.ui/examples/heap/permissions/lockspec/Counter_lockTransfer_accessible.key 
825430     INFO  main            d.u.i.k.p.i.AbstractProblemLoader Loading environment from /home/runner/work/key/key/key.core/../key.ui/examples/heap/permissions/lockspec/Counter_lockTransfer_accessible.key 
825431     DEBUG main            d.u.i.k.p.i.AbstractProblemLoader Environment load took 185.3ns 
825431     INFO  main            d.u.i.k.p.i.AbstractProblemLoader Creating init config 
828627     DEBUG main            d.u.i.k.p.i.AbstractProblemLoader Init config took 3.2s 
828682     INFO  main            d.u.i.k.p.i.AbstractProblemLoader Replaying proof Counter[LockSpec::lockTransfer()].JML accessible clause.0 
828684     DEBUG main            d.u.i.k.p.i.IntermediateProofReplayer Proof replay took 2.9ns 
828986     INFO  main            d.u.i.k.p.r.p.TestFile    ... finished proof: closed. 
829653     INFO  main            d.u.i.k.p.i.AbstractProblemLoader Loading environment from /home/runner/work/key/key/key.core/../key.ui/examples/heap/permissions/lockspec/Counter_lockTransfer_accessible.key.proof 
829654     DEBUG main            d.u.i.k.p.i.AbstractProblemLoader Environment load took 69.5ns 
829654     INFO  main            d.u.i.k.p.i.AbstractProblemLoader Creating init config 
832739     DEBUG main            d.u.i.k.p.i.AbstractProblemLoader Init config took 3.08s 
832794     INFO  main            d.u.i.k.p.i.AbstractProblemLoader Replaying proof Counter[LockSpec::lockTransfer()].JML accessible clause.0 
832858     DEBUG main            d.u.i.k.p.i.IntermediateProofReplayer Proof replay took 60.6ms 
832859     DEBUG main            d.u.i.k.p.r.p.TestFile    ... success: reloaded. 
832860     INFO  main            d.u.i.k.p.r.p.TestFile    Now processing file /home/runner/work/key/key/key.core/../key.ui/examples/heap/permissions/lockspec/Counter_unlockTransfer_accessible.key 
832860     INFO  main            d.u.i.k.p.i.AbstractProblemLoader Loading environment from /home/runner/work/key/key/key.core/../key.ui/examples/heap/permissions/lockspec/Counter_unlockTransfer_accessible.key 
832860     DEBUG main            d.u.i.k.p.i.AbstractProblemLoader Environment load took 156.5ns 
832861     INFO  main            d.u.i.k.p.i.AbstractProblemLoader Creating init config 
836078     DEBUG main            d.u.i.k.p.i.AbstractProblemLoader Init config took 3.22s 
836127     INFO  main            d.u.i.k.p.i.AbstractProblemLoader Replaying proof Counter[LockSpec::unlockTransfer()].JML accessible clause.0 
836128     DEBUG main            d.u.i.k.p.i.IntermediateProofReplayer Proof replay took 3.2ns 
836450     INFO  main            d.u.i.k.p.r.p.TestFile    ... finished proof: closed. 
837116     INFO  main            d.u.i.k.p.i.AbstractProblemLoader Loading environment from /home/runner/work/key/key/key.core/../key.ui/examples/heap/permissions/lockspec/Counter_unlockTransfer_accessible.key.proof 
837116     DEBUG main            d.u.i.k.p.i.AbstractProblemLoader Environment load took 71.1ns 
837117     INFO  main            d.u.i.k.p.i.AbstractProblemLoader Creating init config 
840215     DEBUG main            d.u.i.k.p.i.AbstractProblemLoader Init config took 3.1s 
840270     INFO  main            d.u.i.k.p.i.AbstractProblemLoader Replaying proof Counter[LockSpec::unlockTransfer()].JML accessible clause.0 
840335     DEBUG main            d.u.i.k.p.i.IntermediateProofReplayer Proof replay took 61.37ms 
840336     DEBUG main            d.u.i.k.p.r.p.TestFile    ... success: reloaded. 
840337     INFO  main            d.u.i.k.p.r.p.TestFile    Now processing file /home/runner/work/key/key/key.core/../key.ui/examples/heap/permissions/threads/Plotter_startTransfer_contract.proof 
840337     INFO  main            d.u.i.k.p.i.AbstractProblemLoader Loading environment from /home/runner/work/key/key/key.core/../key.ui/examples/heap/permissions/threads/Plotter_startTransfer_contract.proof 
840337     DEBUG main            d.u.i.k.p.i.AbstractProblemLoader Environment load took 145.6ns 
840338     INFO  main            d.u.i.k.p.i.AbstractProblemLoader Creating init config 
845144     DEBUG main            d.u.i.k.p.i.AbstractProblemLoader Init config took 4.81s 
845222     INFO  main            d.u.i.k.p.i.AbstractProblemLoader Replaying proof Plotter[ThreadSpec2::startTransfer()].JML model_behavior operation contract.0 
845308     DEBUG main            d.u.i.k.p.i.IntermediateProofReplayer Proof replay took 79.7ms 
845309     INFO  main            d.u.i.k.p.r.p.TestFile    ... success: loaded 
845310     INFO  main            d.u.i.k.p.r.p.TestFile    Now processing file /home/runner/work/key/key/key.core/../key.ui/examples/heap/permissions/threads/Plotter_startTransfer_accessible.proof 
845310     INFO  main            d.u.i.k.p.i.AbstractProblemLoader Loading environment from /home/runner/work/key/key/key.core/../key.ui/examples/heap/permissions/threads/Plotter_startTransfer_accessible.proof 
845310     DEBUG main            d.u.i.k.p.i.AbstractProblemLoader Environment load took 67.2ns 
845311     INFO  main            d.u.i.k.p.i.AbstractProblemLoader Creating init config 
850137     DEBUG main            d.u.i.k.p.i.AbstractProblemLoader Init config took 4.83s 
850230     INFO  main            d.u.i.k.p.i.AbstractProblemLoader Replaying proof Plotter[ThreadSpec2::startTransfer()].JML accessible clause.0 
850376     DEBUG main            d.u.i.k.p.i.IntermediateProofReplayer Proof replay took 135.19ms 
850377     INFO  main            d.u.i.k.p.r.p.TestFile    ... success: loaded 
850378     INFO  main            d.u.i.k.p.r.p.TestFile    Now processing file /home/runner/work/key/key/key.core/../key.ui/examples/heap/permissions/threads/Plotter_joinTransfer_accessible.proof 
850378     INFO  main            d.u.i.k.p.i.AbstractProblemLoader Loading environment from /home/runner/work/key/key/key.core/../key.ui/examples/heap/permissions/threads/Plotter_joinTransfer_accessible.proof 
850378     DEBUG main            d.u.i.k.p.i.AbstractProblemLoader Environment load took 156.3ns 
850379     INFO  main            d.u.i.k.p.i.AbstractProblemLoader Creating init config 
855221     DEBUG main            d.u.i.k.p.i.AbstractProblemLoader Init config took 4.84s 
855320     INFO  main            d.u.i.k.p.i.AbstractProblemLoader Replaying proof Plotter[ThreadSpec2::joinTransfer()].JML accessible clause.0 
855329     WARN  main            d.u.i.k.p.i.IntermediateProofReplayer Proof contains wrong number of \assumes instatiations for Definition_axiom_for_stateInv_in_Plotter 
855331     WARN  main            d.u.i.k.p.i.IntermediateProofReplayer Proof contains wrong number of \assumes instatiations for Definition_axiom_for_stateInv_in_Plotter 
855333     WARN  main            d.u.i.k.p.i.IntermediateProofReplayer Proof contains wrong number of \assumes instatiations for Definition_axiom_for_workingPermissions_in_Plotter 
855334     WARN  main            d.u.i.k.p.i.IntermediateProofReplayer Proof contains wrong number of \assumes instatiations for Definition_axiom_for_staticPermissions_in_Plotter 
855335     WARN  main            d.u.i.k.p.i.IntermediateProofReplayer Proof contains wrong number of \assumes instatiations for Definition_axiom_for_joinTransfer_in_Plotter 
855339     WARN  main            d.u.i.k.p.i.IntermediateProofReplayer Proof contains wrong number of \assumes instatiations for Definition_axiom_for_stateInv_in_BFilter 
855341     WARN  main            d.u.i.k.p.i.IntermediateProofReplayer Proof contains wrong number of \assumes instatiations for Definition_axiom_for_stateInv_in_AFilter 
855343     WARN  main            d.u.i.k.p.i.IntermediateProofReplayer Proof contains wrong number of \assumes instatiations for Definition_axiom_for_stateInv_in_BFilter 
855345     WARN  main            d.u.i.k.p.i.IntermediateProofReplayer Proof contains wrong number of \assumes instatiations for Definition_axiom_for_stateInv_in_AFilter 
855347     WARN  main            d.u.i.k.p.i.IntermediateProofReplayer Proof contains wrong number of \assumes instatiations for Definition_axiom_for_staticPermissions_in_AFilter 
855348     WARN  main            d.u.i.k.p.i.IntermediateProofReplayer Proof contains wrong number of \assumes instatiations for Definition_axiom_for_staticPermissions_in_Plotter 
855349     WARN  main            d.u.i.k.p.i.IntermediateProofReplayer Proof contains wrong number of \assumes instatiations for Definition_axiom_for_staticPermissions_in_BFilter 
855350     WARN  main            d.u.i.k.p.i.IntermediateProofReplayer Proof contains wrong number of \assumes instatiations for Definition_axiom_for_workingPermissions_in_Plotter 
855350     WARN  main            d.u.i.k.p.i.IntermediateProofReplayer Proof contains wrong number of \assumes instatiations for Definition_axiom_for_stateInv_in_Sampler 
855351     WARN  main            d.u.i.k.p.i.IntermediateProofReplayer Proof contains wrong number of \assumes instatiations for Definition_axiom_for_stateInv_in_Sampler 
855352     WARN  main            d.u.i.k.p.i.IntermediateProofReplayer Proof contains wrong number of \assumes instatiations for Definition_axiom_for_staticPermissions_in_Sampler 
855353     WARN  main            d.u.i.k.p.i.IntermediateProofReplayer Proof contains wrong number of \assumes instatiations for Definition_axiom_for_staticPermissions_in_BFilter 
855354     WARN  main            d.u.i.k.p.i.IntermediateProofReplayer Proof contains wrong number of \assumes instatiations for Definition_axiom_for_staticPermissions_in_AFilter 
855355     WARN  main            d.u.i.k.p.i.IntermediateProofReplayer Proof contains wrong number of \assumes instatiations for Definition_axiom_for_staticPermissions_in_Sampler 
855355     WARN  main            d.u.i.k.p.i.IntermediateProofReplayer Proof contains wrong number of \assumes instatiations for Definition_axiom_for_staticPermissions_in_Sampler 
855356     WARN  main            d.u.i.k.p.i.IntermediateProofReplayer Proof contains wrong number of \assumes instatiations for Definition_axiom_for_staticPermissions_in_Sampler 
855357     WARN  main            d.u.i.k.p.i.IntermediateProofReplayer Proof contains wrong number of \assumes instatiations for Definition_axiom_for_joinTransfer_in_Plotter 
855445     DEBUG main            d.u.i.k.p.i.IntermediateProofReplayer Proof replay took 119.89ms 
855445     INFO  main            d.u.i.k.p.r.p.TestFile    ... success: loaded 
5075566    INFO  Test worker     d.u.i.k.p.r.RunAllProofsTestUnit Returning from test permissionHeap 
5075567    INFO  Test worker     d.u.i.k.p.r.RunAllProofsTestUnit Running test completionScopes 
372        INFO  Timeout watchdog d.u.i.k.p.r.p.ForkedTestFileRunner Timeout watcher launched (2000 secs.) 
388        WARN  main            d.u.i.k.s.ProofSettings   The settings in /home/runner/.key/proof-settings.props are *not* read. 
433        INFO  main            d.u.i.k.p.r.p.TestFile    Now processing file /home/runner/work/key/key/key.core/../key.ui/examples/completionscopes/testCcatchReturnVal.key 
553        INFO  main            d.u.i.k.p.i.AbstractProblemLoader Loading environment from /home/runner/work/key/key/key.core/../key.ui/examples/completionscopes/testCcatchReturnVal.key 
578        DEBUG main            d.u.i.k.p.i.AbstractProblemLoader Environment load took 1.87ms 
798        INFO  main            d.u.i.k.p.i.AbstractProblemLoader Creating init config 
1765       DEBUG main            d.u.i.k.j.TypeConverter   No LDT found for Meta 
1766       DEBUG main            d.u.i.k.j.TypeConverter   No LDT found for Meta 
1769       DEBUG main            d.u.i.k.j.TypeConverter   No LDT found for Meta 
1770       DEBUG main            d.u.i.k.j.TypeConverter   No LDT found for Meta 
3049       DEBUG main            d.u.i.k.j.TypeConverter   No LDT found for JavaBigintExpression 
7902       DEBUG main            d.u.i.k.p.i.AbstractProblemLoader Init config took 7.1s 
8067       INFO  main            d.u.i.k.p.i.AbstractProblemLoader Replaying proof CompletionScopes[CompletionScopes::testCcatchReturnVal()].JML normal_behavior operation contract.0 
8101       DEBUG main            d.u.i.k.p.i.IntermediateProofReplayer Proof replay took 33.7ns 
8587       INFO  main            d.u.i.k.p.r.p.TestFile    ... finished proof: closed. 
8693       INFO  main            d.u.i.k.p.i.AbstractProblemLoader Loading environment from /home/runner/work/key/key/key.core/../key.ui/examples/completionscopes/testCcatchReturnVal.key.proof 
8693       DEBUG main            d.u.i.k.p.i.AbstractProblemLoader Environment load took 577.61ns 
8695       INFO  main            d.u.i.k.p.i.AbstractProblemLoader Creating init config 
11442      DEBUG main            d.u.i.k.p.i.AbstractProblemLoader Init config took 2.75s 
11522      INFO  main            d.u.i.k.p.i.AbstractProblemLoader Replaying proof CompletionScopes[CompletionScopes::testCcatchReturnVal()].JML normal_behavior operation contract.0 
11557      DEBUG main            d.u.i.k.p.i.IntermediateProofReplayer Proof replay took 30.83ms 
11564      DEBUG main            d.u.i.k.p.r.p.TestFile    ... success: reloaded. 
11565      INFO  main            d.u.i.k.p.r.p.TestFile    Now processing file /home/runner/work/key/key/key.core/../key.ui/examples/completionscopes/testMultCcatchClauses.key 
11566      INFO  main            d.u.i.k.p.i.AbstractProblemLoader Loading environment from /home/runner/work/key/key/key.core/../key.ui/examples/completionscopes/testMultCcatchClauses.key 
11566      DEBUG main            d.u.i.k.p.i.AbstractProblemLoader Environment load took 203.2ns 
11568      INFO  main            d.u.i.k.p.i.AbstractProblemLoader Creating init config 
14175      DEBUG main            d.u.i.k.p.i.AbstractProblemLoader Init config took 2.61s 
14232      INFO  main            d.u.i.k.p.i.AbstractProblemLoader Replaying proof CompletionScopes[CompletionScopes::testMultCcatchClauses()].JML normal_behavior operation contract.0 
14235      DEBUG main            d.u.i.k.p.i.IntermediateProofReplayer Proof replay took 6.8ns 
14639      INFO  main            d.u.i.k.p.r.p.TestFile    ... finished proof: closed. 
14774      INFO  main            d.u.i.k.p.i.AbstractProblemLoader Loading environment from /home/runner/work/key/key/key.core/../key.ui/examples/completionscopes/testMultCcatchClauses.key.proof 
14774      DEBUG main            d.u.i.k.p.i.AbstractProblemLoader Environment load took 366.9ns 
14776      INFO  main            d.u.i.k.p.i.AbstractProblemLoader Creating init config 
17374      DEBUG main            d.u.i.k.p.i.AbstractProblemLoader Init config took 2.6s 
17426      INFO  main            d.u.i.k.p.i.AbstractProblemLoader Replaying proof CompletionScopes[CompletionScopes::testMultCcatchClauses()].JML normal_behavior operation contract.0 
17558      DEBUG main            d.u.i.k.p.i.IntermediateProofReplayer Proof replay took 128.71ms 
17561      DEBUG main            d.u.i.k.p.r.p.TestFile    ... success: reloaded. 
17563      INFO  main            d.u.i.k.p.r.p.TestFile    Now processing file /home/runner/work/key/key/key.core/../key.ui/examples/completionscopes/testNestedExec.key 
17563      INFO  main            d.u.i.k.p.i.AbstractProblemLoader Loading environment from /home/runner/work/key/key/key.core/../key.ui/examples/completionscopes/testNestedExec.key 
17563      DEBUG main            d.u.i.k.p.i.AbstractProblemLoader Environment load took 182.9ns 
17566      INFO  main            d.u.i.k.p.i.AbstractProblemLoader Creating init config 
20160      DEBUG main            d.u.i.k.p.i.AbstractProblemLoader Init config took 2.59s 
20212      INFO  main            d.u.i.k.p.i.AbstractProblemLoader Replaying proof CompletionScopes[CompletionScopes::testMultCcatchClauses()].JML normal_behavior operation contract.0 
20214      DEBUG main            d.u.i.k.p.i.IntermediateProofReplayer Proof replay took 7.2ns 
20517      INFO  main            d.u.i.k.p.r.p.TestFile    ... finished proof: closed. 
20676      INFO  main            d.u.i.k.p.i.AbstractProblemLoader Loading environment from /home/runner/work/key/key/key.core/../key.ui/examples/completionscopes/testNestedExec.key.proof 
20676      DEBUG main            d.u.i.k.p.i.AbstractProblemLoader Environment load took 496.21ns 
20677      INFO  main            d.u.i.k.p.i.AbstractProblemLoader Creating init config 
23182      DEBUG main            d.u.i.k.p.i.AbstractProblemLoader Init config took 2.5s 
23227      INFO  main            d.u.i.k.p.i.AbstractProblemLoader Replaying proof CompletionScopes[CompletionScopes::testMultCcatchClauses()].JML normal_behavior operation contract.0 
23294      DEBUG main            d.u.i.k.p.i.IntermediateProofReplayer Proof replay took 64.01ms 
23296      DEBUG main            d.u.i.k.p.r.p.TestFile    ... success: reloaded. 
23297      INFO  main            d.u.i.k.p.r.p.TestFile    Now processing file /home/runner/work/key/key/key.core/../key.ui/examples/completionscopes/testCcatchBreakLabel.key 
23297      INFO  main            d.u.i.k.p.i.AbstractProblemLoader Loading environment from /home/runner/work/key/key/key.core/../key.ui/examples/completionscopes/testCcatchBreakLabel.key 
23298      DEBUG main            d.u.i.k.p.i.AbstractProblemLoader Environment load took 212ns 
23299      INFO  main            d.u.i.k.p.i.AbstractProblemLoader Creating init config 
25858      DEBUG main            d.u.i.k.p.i.AbstractProblemLoader Init config took 2.56s 
25902      INFO  main            d.u.i.k.p.i.AbstractProblemLoader Replaying proof CompletionScopes[CompletionScopes::testBreakLabel()].JML normal_behavior operation contract.0 
25904      DEBUG main            d.u.i.k.p.i.IntermediateProofReplayer Proof replay took 6.3ns 
25919      DEBUG Thread-10       d.u.i.k.l.o.ProgramSV     Match failed: Former match of  SchemaVariable incompatible with  the current match. 
26006      INFO  main            d.u.i.k.p.r.p.TestFile    ... finished proof: closed. 
26152      INFO  main            d.u.i.k.p.i.AbstractProblemLoader Loading environment from /home/runner/work/key/key/key.core/../key.ui/examples/completionscopes/testCcatchBreakLabel.key.proof 
26153      DEBUG main            d.u.i.k.p.i.AbstractProblemLoader Environment load took 121.7ns 
26154      INFO  main            d.u.i.k.p.i.AbstractProblemLoader Creating init config 
28653      DEBUG main            d.u.i.k.p.i.AbstractProblemLoader Init config took 2.5s 
28701      INFO  main            d.u.i.k.p.i.AbstractProblemLoader Replaying proof CompletionScopes[CompletionScopes::testBreakLabel()].JML normal_behavior operation contract.0 
28715      DEBUG main            d.u.i.k.p.i.IntermediateProofReplayer Proof replay took 9.62ms 
28716      DEBUG main            d.u.i.k.p.r.p.TestFile    ... success: reloaded. 
28718      INFO  main            d.u.i.k.p.r.p.TestFile    Now processing file /home/runner/work/key/key/key.core/../key.ui/examples/completionscopes/testCcatchContinueLabel.key 
28718      INFO  main            d.u.i.k.p.i.AbstractProblemLoader Loading environment from /home/runner/work/key/key/key.core/../key.ui/examples/completionscopes/testCcatchContinueLabel.key 
28718      DEBUG main            d.u.i.k.p.i.AbstractProblemLoader Environment load took 206.4ns 
28719      INFO  main            d.u.i.k.p.i.AbstractProblemLoader Creating init config 
31195      DEBUG main            d.u.i.k.p.i.AbstractProblemLoader Init config took 2.48s 
31260      INFO  main            d.u.i.k.p.i.AbstractProblemLoader Replaying proof CompletionScopes[CompletionScopes::testContinueLabel()].JML normal_behavior operation contract.0 
31263      DEBUG main            d.u.i.k.p.i.IntermediateProofReplayer Proof replay took 7.1ns 
31285      DEBUG Thread-13       d.u.i.k.l.o.ProgramSV     Match failed: Former match of  SchemaVariable incompatible with  the current match. 
31366      INFO  main            d.u.i.k.p.r.p.TestFile    ... finished proof: closed. 
31518      INFO  main            d.u.i.k.p.i.AbstractProblemLoader Loading environment from /home/runner/work/key/key/key.core/../key.ui/examples/completionscopes/testCcatchContinueLabel.key.proof 
31518      DEBUG main            d.u.i.k.p.i.AbstractProblemLoader Environment load took 122.1ns 
31519      INFO  main            d.u.i.k.p.i.AbstractProblemLoader Creating init config 
33943      DEBUG main            d.u.i.k.p.i.AbstractProblemLoader Init config took 2.42s 
33988      INFO  main            d.u.i.k.p.i.AbstractProblemLoader Replaying proof CompletionScopes[CompletionScopes::testContinueLabel()].JML normal_behavior operation contract.0 
33998      DEBUG main            d.u.i.k.p.i.IntermediateProofReplayer Proof replay took 8.18ms 
33999      DEBUG main            d.u.i.k.p.r.p.TestFile    ... success: reloaded. 
34000      INFO  main            d.u.i.k.p.r.p.TestFile    Now processing file /home/runner/work/key/key/key.core/../key.ui/examples/completionscopes/testCcatchBreakLabelWildcard.key 
34001      INFO  main            d.u.i.k.p.i.AbstractProblemLoader Loading environment from /home/runner/work/key/key/key.core/../key.ui/examples/completionscopes/testCcatchBreakLabelWildcard.key 
34001      DEBUG main            d.u.i.k.p.i.AbstractProblemLoader Environment load took 192.3ns 
34002      INFO  main            d.u.i.k.p.i.AbstractProblemLoader Creating init config 
36487      DEBUG main            d.u.i.k.p.i.AbstractProblemLoader Init config took 2.48s 
36556      INFO  main            d.u.i.k.p.i.AbstractProblemLoader Replaying proof CompletionScopes[CompletionScopes::testBreakLabelWildcard()].JML normal_behavior operation contract.0 
36558      DEBUG main            d.u.i.k.p.i.IntermediateProofReplayer Proof replay took 6.4ns 
36574      DEBUG Thread-16       d.u.i.k.l.o.ProgramSV     Match failed: Former match of  SchemaVariable incompatible with  the current match. 
36575      DEBUG Thread-16       d.u.i.k.l.o.ProgramSV     Match failed: Former match of  SchemaVariable incompatible with  the current match. 
36659      INFO  main            d.u.i.k.p.r.p.TestFile    ... finished proof: closed. 
36806      INFO  main            d.u.i.k.p.i.AbstractProblemLoader Loading environment from /home/runner/work/key/key/key.core/../key.ui/examples/completionscopes/testCcatchBreakLabelWildcard.key.proof 
36807      DEBUG main            d.u.i.k.p.i.AbstractProblemLoader Environment load took 123.6ns 
36808      INFO  main            d.u.i.k.p.i.AbstractProblemLoader Creating init config 
39240      DEBUG main            d.u.i.k.p.i.AbstractProblemLoader Init config took 2.43s 
39281      INFO  main            d.u.i.k.p.i.AbstractProblemLoader Replaying proof CompletionScopes[CompletionScopes::testBreakLabelWildcard()].JML normal_behavior operation contract.0 
39290      DEBUG main            d.u.i.k.p.i.IntermediateProofReplayer Proof replay took 7.15ms 
39291      DEBUG main            d.u.i.k.p.r.p.TestFile    ... success: reloaded. 
39292      INFO  main            d.u.i.k.p.r.p.TestFile    Now processing file /home/runner/work/key/key/key.core/../key.ui/examples/completionscopes/testCcatchContinueLabelWildcard.key 
39292      INFO  main            d.u.i.k.p.i.AbstractProblemLoader Loading environment from /home/runner/work/key/key/key.core/../key.ui/examples/completionscopes/testCcatchContinueLabelWildcard.key 
39293      DEBUG main            d.u.i.k.p.i.AbstractProblemLoader Environment load took 93ns 
39294      INFO  main            d.u.i.k.p.i.AbstractProblemLoader Creating init config 
41762      DEBUG main            d.u.i.k.p.i.AbstractProblemLoader Init config took 2.47s 
41802      INFO  main            d.u.i.k.p.i.AbstractProblemLoader Replaying proof CompletionScopes[CompletionScopes::testContinueLabelWildcard()].JML normal_behavior operation contract.0 
41804      DEBUG main            d.u.i.k.p.i.IntermediateProofReplayer Proof replay took 7.6ns 
41822      DEBUG Thread-19       d.u.i.k.l.o.ProgramSV     Match failed: Former match of  SchemaVariable incompatible with  the current match. 
41823      DEBUG Thread-19       d.u.i.k.l.o.ProgramSV     Match failed: Former match of  SchemaVariable incompatible with  the current match. 
41907      INFO  main            d.u.i.k.p.r.p.TestFile    ... finished proof: closed. 
42079      INFO  main            d.u.i.k.p.i.AbstractProblemLoader Loading environment from /home/runner/work/key/key/key.core/../key.ui/examples/completionscopes/testCcatchContinueLabelWildcard.key.proof 
42079      DEBUG main            d.u.i.k.p.i.AbstractProblemLoader Environment load took 121.6ns 
42080      INFO  main            d.u.i.k.p.i.AbstractProblemLoader Creating init config 
44508      DEBUG main            d.u.i.k.p.i.AbstractProblemLoader Init config took 2.43s 
44550      INFO  main            d.u.i.k.p.i.AbstractProblemLoader Replaying proof CompletionScopes[CompletionScopes::testContinueLabelWildcard()].JML normal_behavior operation contract.0 
44560      DEBUG main            d.u.i.k.p.i.IntermediateProofReplayer Proof replay took 7.81ms 
44560      DEBUG main            d.u.i.k.p.r.p.TestFile    ... success: reloaded. 
44561      INFO  main            d.u.i.k.p.r.p.TestFile    Now processing file /home/runner/work/key/key/key.core/../key.ui/examples/completionscopes/testCcatchBreakLabelNonmatchingNested.key 
44562      INFO  main            d.u.i.k.p.i.AbstractProblemLoader Loading environment from /home/runner/work/key/key/key.core/../key.ui/examples/completionscopes/testCcatchBreakLabelNonmatchingNested.key 
44562      DEBUG main            d.u.i.k.p.i.AbstractProblemLoader Environment load took 124.1ns 
44563      INFO  main            d.u.i.k.p.i.AbstractProblemLoader Creating init config 
47075      DEBUG main            d.u.i.k.p.i.AbstractProblemLoader Init config took 2.51s 
47120      INFO  main            d.u.i.k.p.i.AbstractProblemLoader Replaying proof CompletionScopes[CompletionScopes::testBreakLabelNonmatchingNested()].JML normal_behavior operation contract.0 
47122      DEBUG main            d.u.i.k.p.i.IntermediateProofReplayer Proof replay took 8.1ns 
47140      DEBUG Thread-22       d.u.i.k.l.o.ProgramSV     Match failed: Former match of  SchemaVariable incompatible with  the current match. 
47141      DEBUG Thread-22       d.u.i.k.l.o.ProgramSV     Match failed: Former match of  SchemaVariable incompatible with  the current match. 
47227      INFO  main            d.u.i.k.p.r.p.TestFile    ... finished proof: closed. 
47391      INFO  main            d.u.i.k.p.i.AbstractProblemLoader Loading environment from /home/runner/work/key/key/key.core/../key.ui/examples/completionscopes/testCcatchBreakLabelNonmatchingNested.key.proof 
47391      DEBUG main            d.u.i.k.p.i.AbstractProblemLoader Environment load took 165.8ns 
47392      INFO  main            d.u.i.k.p.i.AbstractProblemLoader Creating init config 
49784      DEBUG main            d.u.i.k.p.i.AbstractProblemLoader Init config took 2.39s 
49821      INFO  main            d.u.i.k.p.i.AbstractProblemLoader Replaying proof CompletionScopes[CompletionScopes::testBreakLabelNonmatchingNested()].JML normal_behavior operation contract.0 
49831      DEBUG main            d.u.i.k.p.i.IntermediateProofReplayer Proof replay took 7.91ms 
49832      DEBUG main            d.u.i.k.p.r.p.TestFile    ... success: reloaded. 
5125568    INFO  Test worker     d.u.i.k.p.r.RunAllProofsTestUnit Returning from test completionScopes 
5125570    INFO  Test worker     d.u.i.k.p.r.RunAllProofsTestUnit Running test reload_examples 
365        INFO  Timeout watchdog d.u.i.k.p.r.p.ForkedTestFileRunner Timeout watcher launched (2000 secs.) 
380        WARN  main            d.u.i.k.s.ProofSettings   The settings in /home/runner/.key/proof-settings.props are *not* read. 
407        INFO  main            d.u.i.k.p.r.p.TestFile    Now processing file /home/runner/work/key/key/key.core/../key.ui/examples/firstTouch/05-ReverseArray/reverseArray.key 
514        INFO  main            d.u.i.k.p.i.AbstractProblemLoader Loading environment from /home/runner/work/key/key/key.core/../key.ui/examples/firstTouch/05-ReverseArray/reverseArray.key 
535        DEBUG main            d.u.i.k.p.i.AbstractProblemLoader Environment load took 2.11ms 
752        INFO  main            d.u.i.k.p.i.AbstractProblemLoader Creating init config 
1814       DEBUG main            d.u.i.k.j.TypeConverter   No LDT found for Meta 
1815       DEBUG main            d.u.i.k.j.TypeConverter   No LDT found for Meta 
1816       DEBUG main            d.u.i.k.j.TypeConverter   No LDT found for Meta 
1818       DEBUG main            d.u.i.k.j.TypeConverter   No LDT found for Meta 
3538       DEBUG main            d.u.i.k.j.TypeConverter   No LDT found for JavaBigintExpression 
8575       DEBUG main            d.u.i.k.p.i.AbstractProblemLoader Init config took 7.82s 
8680       INFO  main            d.u.i.k.p.i.AbstractProblemLoader Replaying proof ReverseArray[ReverseArray::reverse()].JML normal_behavior operation contract.0 
8729       DEBUG main            d.u.i.k.p.i.IntermediateProofReplayer Proof replay took 34.7ns 
18807      INFO  main            d.u.i.k.p.r.p.TestFile    ... finished proof: closed. 
19017      INFO  main            d.u.i.k.p.i.AbstractProblemLoader Loading environment from /home/runner/work/key/key/key.core/../key.ui/examples/firstTouch/05-ReverseArray/reverseArray.key.proof 
19019      DEBUG main            d.u.i.k.p.i.AbstractProblemLoader Environment load took 1.81ms 
19022      INFO  main            d.u.i.k.p.i.AbstractProblemLoader Creating init config 
21720      DEBUG main            d.u.i.k.p.i.AbstractProblemLoader Init config took 2.7s 
21777      INFO  main            d.u.i.k.p.i.AbstractProblemLoader Replaying proof ReverseArray[ReverseArray::reverse()].JML normal_behavior operation contract.0 
22933      DEBUG main            d.u.i.k.p.i.IntermediateProofReplayer Proof replay took 1.1s 
22944      DEBUG main            d.u.i.k.p.r.p.TestFile    ... success: reloaded. 
22946      INFO  main            d.u.i.k.p.r.p.TestFile    Now processing file /home/runner/work/key/key/key.core/../key.ui/examples/standard_key/arith/saveProofTest.key.proof 
22946      INFO  main            d.u.i.k.p.i.AbstractProblemLoader Loading environment from /home/runner/work/key/key/key.core/../key.ui/examples/standard_key/arith/saveProofTest.key.proof 
22947      DEBUG main            d.u.i.k.p.i.AbstractProblemLoader Environment load took 205.2ns 
22948      INFO  main            d.u.i.k.p.i.AbstractProblemLoader Creating init config 
25392      DEBUG main            d.u.i.k.p.i.AbstractProblemLoader Init config took 2.44s 
25419      INFO  main            d.u.i.k.p.i.AbstractProblemLoader Replaying proof saveProofTest.key.proof 
25426      DEBUG main            d.u.i.k.p.i.IntermediateProofReplayer Proof replay took 2.85ms 
25427      INFO  main            d.u.i.k.p.r.p.TestFile    ... success: loaded 
25429      INFO  main            d.u.i.k.p.r.p.TestFile    Now processing file /home/runner/work/key/key/key.core/../key.ui/examples/heap/permutedSum/perm.proof 
25429      INFO  main            d.u.i.k.p.i.AbstractProblemLoader Loading environment from /home/runner/work/key/key/key.core/../key.ui/examples/heap/permutedSum/perm.proof 
25429      DEBUG main            d.u.i.k.p.i.AbstractProblemLoader Environment load took 201.6ns 
25432      INFO  main            d.u.i.k.p.i.AbstractProblemLoader Creating init config 
28110      DEBUG main            d.u.i.k.p.i.AbstractProblemLoader Init config took 2.68s 
28179      INFO  main            d.u.i.k.p.i.AbstractProblemLoader Replaying proof Perm[Perm::foo()].JML normal_behavior operation contract.0 
29306      DEBUG main            d.u.i.k.p.i.IntermediateProofReplayer Proof replay took 1.08s 
29309      INFO  main            d.u.i.k.p.r.p.TestFile    ... success: loaded 
29311      INFO  main            d.u.i.k.p.r.p.TestFile    Now processing file /home/runner/work/key/key/key.core/../key.ui/examples/firstTouch/05-ReverseArray/reverseArray.proof 
29312      INFO  main            d.u.i.k.p.i.AbstractProblemLoader Loading environment from /home/runner/work/key/key/key.core/../key.ui/examples/firstTouch/05-ReverseArray/reverseArray.proof 
29312      DEBUG main            d.u.i.k.p.i.AbstractProblemLoader Environment load took 196.7ns 
29315      INFO  main            d.u.i.k.p.i.AbstractProblemLoader Creating init config 
31930      DEBUG main            d.u.i.k.p.i.AbstractProblemLoader Init config took 2.62s 
31971      INFO  main            d.u.i.k.p.i.AbstractProblemLoader Replaying proof ReverseArray[ReverseArray::reverse()].JML normal_behavior operation contract.0 
33016      DEBUG main            d.u.i.k.p.i.IntermediateProofReplayer Proof replay took 1.01s 
33020      INFO  main            d.u.i.k.p.r.p.TestFile    ... success: loaded 
33021      INFO  main            d.u.i.k.p.r.p.TestFile    Now processing file /home/runner/work/key/key/key.core/../key.ui/examples/heap/verifyThis15_1_RelaxedPrefix/relax.proof 
33021      INFO  main            d.u.i.k.p.i.AbstractProblemLoader Loading environment from /home/runner/work/key/key/key.core/../key.ui/examples/heap/verifyThis15_1_RelaxedPrefix/relax.proof 
33022      DEBUG main            d.u.i.k.p.i.AbstractProblemLoader Environment load took 183.4ns 
33024      INFO  main            d.u.i.k.p.i.AbstractProblemLoader Creating init config 
35586      DEBUG main            d.u.i.k.p.i.AbstractProblemLoader Init config took 2.56s 
35651      INFO  main            d.u.i.k.p.i.AbstractProblemLoader Replaying proof Relaxed[Relaxed::isRelaxedPrefix([I,[I)].JML operation contract.0 
36177      DEBUG main            d.u.i.k.p.i.IntermediateProofReplayer Proof replay took 506.36ms 
36179      INFO  main            d.u.i.k.p.r.p.TestFile    ... success: loaded 
36181      INFO  main            d.u.i.k.p.r.p.TestFile    Now processing file /home/runner/work/key/key/key.core/../key.ui/examples/heap/verifyThis15_3_DLL/doUndo.proof 
36181      INFO  main            d.u.i.k.p.i.AbstractProblemLoader Loading environment from /home/runner/work/key/key/key.core/../key.ui/examples/heap/verifyThis15_3_DLL/doUndo.proof 
36182      DEBUG main            d.u.i.k.p.i.AbstractProblemLoader Environment load took 184.3ns 
36186      INFO  main            d.u.i.k.p.i.AbstractProblemLoader Creating init config 
37117      DEBUG main            d.u.i.k.j.r.ClassPreparationMethodBuilder clPrepBuilder: Inner Class detected. Reject building class initialisation methods. 
38966      DEBUG main            d.u.i.k.p.i.AbstractProblemLoader Init config took 2.78s 
39071      INFO  main            d.u.i.k.p.i.AbstractProblemLoader Replaying proof DoubleLinkedList[DoubleLinkedList::doUndo(DoubleLinkedList.Node,int)].JML normal_behavior operation contract.0 
39769      DEBUG main            d.u.i.k.p.i.IntermediateProofReplayer Proof replay took 669.53ms 
39771      INFO  main            d.u.i.k.p.r.p.TestFile    ... success: loaded 
39772      INFO  main            d.u.i.k.p.r.p.TestFile    Now processing file /home/runner/work/key/key/key.core/../key.ui/examples/heap/verifyThis15_2_ParallelGcd/parallelGcd.proof 
39773      INFO  main            d.u.i.k.p.i.AbstractProblemLoader Loading environment from /home/runner/work/key/key/key.core/../key.ui/examples/heap/verifyThis15_2_ParallelGcd/parallelGcd.proof 
39773      DEBUG main            d.u.i.k.p.i.AbstractProblemLoader Environment load took 192.9ns 
39775      INFO  main            d.u.i.k.p.i.AbstractProblemLoader Creating init config 
42404      DEBUG main            d.u.i.k.p.i.AbstractProblemLoader Init config took 2.63s 
42455      INFO  main            d.u.i.k.p.i.AbstractProblemLoader Replaying proof ParallelGcd[ParallelGcd::parallelGcd(int,int,[Z)].JML behavior operation contract.0 
43083      DEBUG main            d.u.i.k.p.i.IntermediateProofReplayer Proof replay took 613.71ms 
43085      INFO  main            d.u.i.k.p.r.p.TestFile    ... success: loaded 
5168827    INFO  Test worker     d.u.i.k.p.r.RunAllProofsTestUnit Returning from test reload_examples 
5168828    INFO  Test worker     d.u.i.k.p.r.RunAllProofsTestUnit Running test proofLoadRepair 
344        INFO  Timeout watchdog d.u.i.k.p.r.p.ForkedTestFileRunner Timeout watcher launched (2000 secs.) 
347        WARN  main            d.u.i.k.s.ProofSettings   The settings in /home/runner/.key/proof-settings.props are *not* read. 
375        INFO  main            d.u.i.k.p.r.p.TestFile    Now processing file /home/runner/work/key/key/key.core/../key.ui/examples/proofLoadRepair/disjConj-manipulated.proof 
502        INFO  main            d.u.i.k.p.i.AbstractProblemLoader Loading environment from /home/runner/work/key/key/key.core/../key.ui/examples/proofLoadRepair/disjConj-manipulated.proof 
518        DEBUG main            d.u.i.k.p.i.AbstractProblemLoader Environment load took 1.98ms 
753        INFO  main            d.u.i.k.p.i.AbstractProblemLoader Creating init config 
1617       DEBUG main            d.u.i.k.j.TypeConverter   No LDT found for Meta 
1618       DEBUG main            d.u.i.k.j.TypeConverter   No LDT found for Meta 
1621       DEBUG main            d.u.i.k.j.TypeConverter   No LDT found for Meta 
1621       DEBUG main            d.u.i.k.j.TypeConverter   No LDT found for Meta 
3107       DEBUG main            d.u.i.k.j.TypeConverter   No LDT found for JavaBigintExpression 
7893       DEBUG main            d.u.i.k.p.i.AbstractProblemLoader Init config took 7.14s 
7952       INFO  main            d.u.i.k.p.i.AbstractProblemLoader Replaying proof disjConj-manipulated.proof 
8000       WARN  main            d.u.i.k.p.i.IntermediateProofReplayer Proof contains wrong number of \assumes instatiations for andLeft 
8001       WARN  main            d.u.i.k.p.i.IntermediateProofReplayer Proof contains wrong number of \assumes instatiations for replace_known_right 
8004       WARN  main            d.u.i.k.p.i.IntermediateProofReplayer Proof contains wrong number of \assumes instatiations for close 
8005       DEBUG main            d.u.i.k.p.i.IntermediateProofReplayer Proof replay took 20.57ms 
8009       INFO  main            d.u.i.k.p.r.p.TestFile    ... success: loaded 
8012       INFO  main            d.u.i.k.p.r.p.TestFile    Now processing file /home/runner/work/key/key/key.core/../key.ui/examples/proofLoadRepair/insufficient-manipulated.proof 
8013       INFO  main            d.u.i.k.p.i.AbstractProblemLoader Loading environment from /home/runner/work/key/key/key.core/../key.ui/examples/proofLoadRepair/insufficient-manipulated.proof 
8013       DEBUG main            d.u.i.k.p.i.AbstractProblemLoader Environment load took 124.4ns 
8016       INFO  main            d.u.i.k.p.i.AbstractProblemLoader Creating init config 
10716      DEBUG main            d.u.i.k.p.i.AbstractProblemLoader Init config took 2.7s 
10749      INFO  main            d.u.i.k.p.i.AbstractProblemLoader Replaying proof insufficient-manipulated.proof 
10768      WARN  main            d.u.i.k.p.i.IntermediateProofReplayer Proof contains wrong number of \assumes instatiations for applyEq 
10776      DEBUG main            d.u.i.k.p.i.IntermediateProofReplayer Proof replay took 11.67ms 
10779      INFO  main            d.u.i.k.p.r.p.TestFile    ... success: loading failed 
10780      INFO  main            d.u.i.k.p.r.p.TestFile    Now processing file /home/runner/work/key/key/key.core/../key.ui/examples/../../key.core/src/test/resources/testcase/issues/1716/incorrectPolarity.proof 
10781      INFO  main            d.u.i.k.p.i.AbstractProblemLoader Loading environment from /home/runner/work/key/key/key.core/../key.ui/examples/../../key.core/src/test/resources/testcase/issues/1716/incorrectPolarity.proof 
10781      DEBUG main            d.u.i.k.p.i.AbstractProblemLoader Environment load took 190.6ns 
10782      INFO  main            d.u.i.k.p.i.AbstractProblemLoader Creating init config 
13553      DEBUG main            d.u.i.k.p.i.AbstractProblemLoader Init config took 2.77s 
13582      INFO  main            d.u.i.k.p.i.AbstractProblemLoader Replaying proof incorrectPolarity.proof 
13585      DEBUG main            d.u.i.k.p.i.IntermediateProofReplayer Proof replay took 201.6ns 
13586      INFO  main            d.u.i.k.p.r.p.TestFile    ... success: loading failed 
13587      INFO  main            d.u.i.k.p.r.p.TestFile    Now processing file /home/runner/work/key/key/key.core/../key.ui/examples/../../key.core/src/test/resources/testcase/issues/1716/incorrectPolarity2.proof 
13587      INFO  main            d.u.i.k.p.i.AbstractProblemLoader Loading environment from /home/runner/work/key/key/key.core/../key.ui/examples/../../key.core/src/test/resources/testcase/issues/1716/incorrectPolarity2.proof 
13587      DEBUG main            d.u.i.k.p.i.AbstractProblemLoader Environment load took 204.9ns 
13589      INFO  main            d.u.i.k.p.i.AbstractProblemLoader Creating init config 
16142      DEBUG main            d.u.i.k.p.i.AbstractProblemLoader Init config took 2.55s 
16165      INFO  main            d.u.i.k.p.i.AbstractProblemLoader Replaying proof incorrectPolarity2.proof 
16167      DEBUG main            d.u.i.k.p.i.IntermediateProofReplayer Proof replay took 391ns 
16168      INFO  main            d.u.i.k.p.r.p.TestFile    ... success: loading failed 
16170      INFO  main            d.u.i.k.p.r.p.TestFile    Now processing file /home/runner/work/key/key/key.core/../key.ui/examples/../../key.core/src/test/resources/testcase/issues/1716/incorrectPolarity3.proof 
16170      INFO  main            d.u.i.k.p.i.AbstractProblemLoader Loading environment from /home/runner/work/key/key/key.core/../key.ui/examples/../../key.core/src/test/resources/testcase/issues/1716/incorrectPolarity3.proof 
16170      DEBUG main            d.u.i.k.p.i.AbstractProblemLoader Environment load took 184.8ns 
16171      INFO  main            d.u.i.k.p.i.AbstractProblemLoader Creating init config 
18639      DEBUG main            d.u.i.k.p.i.AbstractProblemLoader Init config took 2.47s 
18660      INFO  main            d.u.i.k.p.i.AbstractProblemLoader Replaying proof incorrectPolarity3.proof 
18664      DEBUG main            d.u.i.k.p.i.IntermediateProofReplayer Proof replay took 1.69ms 
18665      INFO  main            d.u.i.k.p.r.p.TestFile    ... success: loading failed 
5187666    INFO  Test worker     d.u.i.k.p.r.RunAllProofsTestUnit Returning from test proofLoadRepair 
5187667    INFO  Test worker     d.u.i.k.p.r.RunAllProofsTestUnit Running test switch 
313        INFO  Timeout watchdog d.u.i.k.p.r.p.ForkedTestFileRunner Timeout watcher launched (2000 secs.) 
322        WARN  main            d.u.i.k.s.ProofSettings   The settings in /home/runner/.key/proof-settings.props are *not* read. 
361        INFO  main            d.u.i.k.p.r.p.TestFile    Now processing file /home/runner/work/key/key/key.core/../key.ui/examples/standard_key/java_dl/switch/labeled_case.key 
473        INFO  main            d.u.i.k.p.i.AbstractProblemLoader Loading environment from /home/runner/work/key/key/key.core/../key.ui/examples/standard_key/java_dl/switch/labeled_case.key 
493        DEBUG main            d.u.i.k.p.i.AbstractProblemLoader Environment load took 1.84ms 
708        INFO  main            d.u.i.k.p.i.AbstractProblemLoader Creating init config 
1570       DEBUG main            d.u.i.k.j.TypeConverter   No LDT found for Meta 
1573       DEBUG main            d.u.i.k.j.TypeConverter   No LDT found for Meta 
1577       DEBUG main            d.u.i.k.j.TypeConverter   No LDT found for Meta 
1578       DEBUG main            d.u.i.k.j.TypeConverter   No LDT found for Meta 
3089       DEBUG main            d.u.i.k.j.TypeConverter   No LDT found for JavaBigintExpression 
7848       DEBUG main            d.u.i.k.p.i.AbstractProblemLoader Init config took 7.14s 
7971       INFO  main            d.u.i.k.p.i.AbstractProblemLoader Replaying proof LabeledCase[LabeledCase::m(int)].JML normal_behavior operation contract.0 
8007       DEBUG main            d.u.i.k.p.i.IntermediateProofReplayer Proof replay took 33.9ns 
8676       INFO  main            d.u.i.k.p.r.p.TestFile    ... finished proof: closed. 
8777       INFO  main            d.u.i.k.p.i.AbstractProblemLoader Loading environment from /home/runner/work/key/key/key.core/../key.ui/examples/standard_key/java_dl/switch/labeled_case.key.proof 
8777       DEBUG main            d.u.i.k.p.i.AbstractProblemLoader Environment load took 159.9ns 
8782       INFO  main            d.u.i.k.p.i.AbstractProblemLoader Creating init config 
11552      DEBUG main            d.u.i.k.p.i.AbstractProblemLoader Init config took 2.77s 
11626      INFO  main            d.u.i.k.p.i.AbstractProblemLoader Replaying proof LabeledCase[LabeledCase::m(int)].JML normal_behavior operation contract.0 
11738      DEBUG main            d.u.i.k.p.i.IntermediateProofReplayer Proof replay took 106.96ms 
11752      DEBUG main            d.u.i.k.p.r.p.TestFile    ... success: reloaded. 
11755      INFO  main            d.u.i.k.p.r.p.TestFile    Now processing file /home/runner/work/key/key/key.core/../key.ui/examples/standard_key/java_dl/switch/empty_switch.key 
11756      INFO  main            d.u.i.k.p.i.AbstractProblemLoader Loading environment from /home/runner/work/key/key/key.core/../key.ui/examples/standard_key/java_dl/switch/empty_switch.key 
11756      DEBUG main            d.u.i.k.p.i.AbstractProblemLoader Environment load took 212.9ns 
11758      INFO  main            d.u.i.k.p.i.AbstractProblemLoader Creating init config 
14232      DEBUG main            d.u.i.k.p.i.AbstractProblemLoader Init config took 2.47s 
14261      INFO  main            d.u.i.k.p.i.AbstractProblemLoader Replaying proof empty_switch.key 
14264      DEBUG main            d.u.i.k.p.i.IntermediateProofReplayer Proof replay took 6.1ns 
14367      INFO  main            d.u.i.k.p.r.p.TestFile    ... finished proof: closed. 
14497      INFO  main            d.u.i.k.p.i.AbstractProblemLoader Loading environment from /home/runner/work/key/key/key.core/../key.ui/examples/standard_key/java_dl/switch/empty_switch.key.proof 
14497      DEBUG main            d.u.i.k.p.i.AbstractProblemLoader Environment load took 135.1ns 
14499      INFO  main            d.u.i.k.p.i.AbstractProblemLoader Creating init config 
16899      DEBUG main            d.u.i.k.p.i.AbstractProblemLoader Init config took 2.4s 
16922      INFO  main            d.u.i.k.p.i.AbstractProblemLoader Replaying proof empty_switch.key.proof 
16927      DEBUG main            d.u.i.k.p.i.IntermediateProofReplayer Proof replay took 2.08ms 
16928      DEBUG main            d.u.i.k.p.r.p.TestFile    ... success: reloaded. 
16929      INFO  main            d.u.i.k.p.r.p.TestFile    Now processing file /home/runner/work/key/key/key.core/../key.ui/examples/standard_key/java_dl/switch/empty_switch_null.key 
16929      INFO  main            d.u.i.k.p.i.AbstractProblemLoader Loading environment from /home/runner/work/key/key/key.core/../key.ui/examples/standard_key/java_dl/switch/empty_switch_null.key 
16930      DEBUG main            d.u.i.k.p.i.AbstractProblemLoader Environment load took 189ns 
16931      INFO  main            d.u.i.k.p.i.AbstractProblemLoader Creating init config 
19354      DEBUG main            d.u.i.k.p.i.AbstractProblemLoader Init config took 2.42s 
19375      INFO  main            d.u.i.k.p.i.AbstractProblemLoader Replaying proof empty_switch_null.key 
19377      DEBUG main            d.u.i.k.p.i.IntermediateProofReplayer Proof replay took 5.7ns 
19580      INFO  main            d.u.i.k.p.r.p.TestFile    ... finished proof: closed. 
19716      INFO  main            d.u.i.k.p.i.AbstractProblemLoader Loading environment from /home/runner/work/key/key/key.core/../key.ui/examples/standard_key/java_dl/switch/empty_switch_null.key.proof 
19716      DEBUG main            d.u.i.k.p.i.AbstractProblemLoader Environment load took 369.9ns 
19718      INFO  main            d.u.i.k.p.i.AbstractProblemLoader Creating init config 
22191      DEBUG main            d.u.i.k.p.i.AbstractProblemLoader Init config took 2.47s 
22211      INFO  main            d.u.i.k.p.i.AbstractProblemLoader Replaying proof empty_switch_null.key.proof 
22263      DEBUG main            d.u.i.k.p.i.IntermediateProofReplayer Proof replay took 48.43ms 
22264      DEBUG main            d.u.i.k.p.r.p.TestFile    ... success: reloaded. 
22265      INFO  main            d.u.i.k.p.r.p.TestFile    Now processing file /home/runner/work/key/key/key.core/../key.ui/examples/standard_key/java_dl/switch/empty_switch_null_catch.key 
22265      INFO  main            d.u.i.k.p.i.AbstractProblemLoader Loading environment from /home/runner/work/key/key/key.core/../key.ui/examples/standard_key/java_dl/switch/empty_switch_null_catch.key 
22265      DEBUG main            d.u.i.k.p.i.AbstractProblemLoader Environment load took 183.5ns 
22266      INFO  main            d.u.i.k.p.i.AbstractProblemLoader Creating init config 
24638      DEBUG main            d.u.i.k.p.i.AbstractProblemLoader Init config took 2.37s 
24662      INFO  main            d.u.i.k.p.i.AbstractProblemLoader Replaying proof empty_switch_null_catch.key 
24664      DEBUG main            d.u.i.k.p.i.IntermediateProofReplayer Proof replay took 6.5ns 
24872      INFO  main            d.u.i.k.p.r.p.TestFile    ... finished proof: closed. 
25020      INFO  main            d.u.i.k.p.i.AbstractProblemLoader Loading environment from /home/runner/work/key/key/key.core/../key.ui/examples/standard_key/java_dl/switch/empty_switch_null_catch.key.proof 
25020      DEBUG main            d.u.i.k.p.i.AbstractProblemLoader Environment load took 365.8ns 
25021      INFO  main            d.u.i.k.p.i.AbstractProblemLoader Creating init config 
27353      DEBUG main            d.u.i.k.p.i.AbstractProblemLoader Init config took 2.33s 
27374      INFO  main            d.u.i.k.p.i.AbstractProblemLoader Replaying proof empty_switch_null_catch.key.proof 
27410      DEBUG main            d.u.i.k.p.i.IntermediateProofReplayer Proof replay took 32.63ms 
27411      DEBUG main            d.u.i.k.p.r.p.TestFile    ... success: reloaded. 
27412      INFO  main            d.u.i.k.p.r.p.TestFile    Now processing file /home/runner/work/key/key/key.core/../key.ui/examples/standard_key/java_dl/switch/empty_switch_array_out_of_bounds.key 
27412      INFO  main            d.u.i.k.p.i.AbstractProblemLoader Loading environment from /home/runner/work/key/key/key.core/../key.ui/examples/standard_key/java_dl/switch/empty_switch_array_out_of_bounds.key 
27412      DEBUG main            d.u.i.k.p.i.AbstractProblemLoader Environment load took 171.2ns 
27413      INFO  main            d.u.i.k.p.i.AbstractProblemLoader Creating init config 
29822      DEBUG main            d.u.i.k.p.i.AbstractProblemLoader Init config took 2.41s 
29842      INFO  main            d.u.i.k.p.i.AbstractProblemLoader Replaying proof empty_switch_array_out_of_bounds.key 
29845      DEBUG main            d.u.i.k.p.i.IntermediateProofReplayer Proof replay took 6ns 
30049      INFO  main            d.u.i.k.p.r.p.TestFile    ... finished proof: closed. 
30224      INFO  main            d.u.i.k.p.i.AbstractProblemLoader Loading environment from /home/runner/work/key/key/key.core/../key.ui/examples/standard_key/java_dl/switch/empty_switch_array_out_of_bounds.key.proof 
30224      DEBUG main            d.u.i.k.p.i.AbstractProblemLoader Environment load took 353.5ns 
30226      INFO  main            d.u.i.k.p.i.AbstractProblemLoader Creating init config 
32607      DEBUG main            d.u.i.k.p.i.AbstractProblemLoader Init config took 2.38s 
32627      INFO  main            d.u.i.k.p.i.AbstractProblemLoader Replaying proof empty_switch_array_out_of_bounds.key.proof 
32680      DEBUG main            d.u.i.k.p.i.IntermediateProofReplayer Proof replay took 49.19ms 
32681      DEBUG main            d.u.i.k.p.r.p.TestFile    ... success: reloaded. 
32682      INFO  main            d.u.i.k.p.r.p.TestFile    Now processing file /home/runner/work/key/key/key.core/../key.ui/examples/standard_key/java_dl/switch/empty_switch_array_out_of_bounds_catch.key 
32683      INFO  main            d.u.i.k.p.i.AbstractProblemLoader Loading environment from /home/runner/work/key/key/key.core/../key.ui/examples/standard_key/java_dl/switch/empty_switch_array_out_of_bounds_catch.key 
32683      DEBUG main            d.u.i.k.p.i.AbstractProblemLoader Environment load took 189ns 
32684      INFO  main            d.u.i.k.p.i.AbstractProblemLoader Creating init config 
35069      DEBUG main            d.u.i.k.p.i.AbstractProblemLoader Init config took 2.38s 
35089      INFO  main            d.u.i.k.p.i.AbstractProblemLoader Replaying proof empty_switch_array_out_of_bounds_catch.key 
35092      DEBUG main            d.u.i.k.p.i.IntermediateProofReplayer Proof replay took 6.7ns 
35303      INFO  main            d.u.i.k.p.r.p.TestFile    ... finished proof: closed. 
35536      INFO  main            d.u.i.k.p.i.AbstractProblemLoader Loading environment from /home/runner/work/key/key/key.core/../key.ui/examples/standard_key/java_dl/switch/empty_switch_array_out_of_bounds_catch.key.proof 
35537      DEBUG main            d.u.i.k.p.i.AbstractProblemLoader Environment load took 121.4ns 
35538      INFO  main            d.u.i.k.p.i.AbstractProblemLoader Creating init config 
37845      DEBUG main            d.u.i.k.p.i.AbstractProblemLoader Init config took 2.31s 
37875      INFO  main            d.u.i.k.p.i.AbstractProblemLoader Replaying proof empty_switch_array_out_of_bounds_catch.key.proof 
37912      DEBUG main            d.u.i.k.p.i.IntermediateProofReplayer Proof replay took 33.81ms 
37913      DEBUG main            d.u.i.k.p.r.p.TestFile    ... success: reloaded. 
37915      INFO  main            d.u.i.k.p.r.p.TestFile    Now processing file /home/runner/work/key/key/key.core/../key.ui/examples/standard_key/java_dl/switch/switch_in_switch.key 
37915      INFO  main            d.u.i.k.p.i.AbstractProblemLoader Loading environment from /home/runner/work/key/key/key.core/../key.ui/examples/standard_key/java_dl/switch/switch_in_switch.key 
37915      DEBUG main            d.u.i.k.p.i.AbstractProblemLoader Environment load took 175ns 
37916      INFO  main            d.u.i.k.p.i.AbstractProblemLoader Creating init config 
40385      DEBUG main            d.u.i.k.p.i.AbstractProblemLoader Init config took 2.47s 
40434      INFO  main            d.u.i.k.p.i.AbstractProblemLoader Replaying proof SwitchInSwitch[SwitchInSwitch::m(int)].JML normal_behavior operation contract.0 
40435      DEBUG main            d.u.i.k.p.i.IntermediateProofReplayer Proof replay took 6ns 
44797      INFO  main            d.u.i.k.p.r.p.TestFile    ... finished proof: closed. 
45047      INFO  main            d.u.i.k.p.i.AbstractProblemLoader Loading environment from /home/runner/work/key/key/key.core/../key.ui/examples/standard_key/java_dl/switch/switch_in_switch.key.proof 
45048      DEBUG main            d.u.i.k.p.i.AbstractProblemLoader Environment load took 381ns 
45050      INFO  main            d.u.i.k.p.i.AbstractProblemLoader Creating init config 
47444      DEBUG main            d.u.i.k.p.i.AbstractProblemLoader Init config took 2.39s 
47492      INFO  main            d.u.i.k.p.i.AbstractProblemLoader Replaying proof SwitchInSwitch[SwitchInSwitch::m(int)].JML normal_behavior operation contract.0 
48008      DEBUG main            d.u.i.k.p.i.IntermediateProofReplayer Proof replay took 485.83ms 
48010      DEBUG main            d.u.i.k.p.r.p.TestFile    ... success: reloaded. 
48011      INFO  main            d.u.i.k.p.r.p.TestFile    Now processing file /home/runner/work/key/key/key.core/../key.ui/examples/standard_key/java_dl/switch/while_and_switch.key 
48011      INFO  main            d.u.i.k.p.i.AbstractProblemLoader Loading environment from /home/runner/work/key/key/key.core/../key.ui/examples/standard_key/java_dl/switch/while_and_switch.key 
48012      DEBUG main            d.u.i.k.p.i.AbstractProblemLoader Environment load took 213.7ns 
48013      INFO  main            d.u.i.k.p.i.AbstractProblemLoader Creating init config 
50418      DEBUG main            d.u.i.k.p.i.AbstractProblemLoader Init config took 2.41s 
50462      INFO  main            d.u.i.k.p.i.AbstractProblemLoader Replaying proof WhileAndSwitch[WhileAndSwitch::m(int)].JML normal_behavior operation contract.0 
50464      DEBUG main            d.u.i.k.p.i.IntermediateProofReplayer Proof replay took 7.2ns 
51171      INFO  main            d.u.i.k.p.r.p.TestFile    ... finished proof: closed. 
51372      INFO  main            d.u.i.k.p.i.AbstractProblemLoader Loading environment from /home/runner/work/key/key/key.core/../key.ui/examples/standard_key/java_dl/switch/while_and_switch.key.proof 
51373      DEBUG main            d.u.i.k.p.i.AbstractProblemLoader Environment load took 353.5ns 
51374      INFO  main            d.u.i.k.p.i.AbstractProblemLoader Creating init config 
53778      DEBUG main            d.u.i.k.p.i.AbstractProblemLoader Init config took 2.4s 
53827      INFO  main            d.u.i.k.p.i.AbstractProblemLoader Replaying proof WhileAndSwitch[WhileAndSwitch::m(int)].JML normal_behavior operation contract.0 
53967      DEBUG main            d.u.i.k.p.i.IntermediateProofReplayer Proof replay took 133.15ms 
53970      DEBUG main            d.u.i.k.p.r.p.TestFile    ... success: reloaded. 
53971      INFO  main            d.u.i.k.p.r.p.TestFile    Now processing file /home/runner/work/key/key/key.core/../key.ui/examples/standard_key/java_dl/switch/large_switch.key 
53971      INFO  main            d.u.i.k.p.i.AbstractProblemLoader Loading environment from /home/runner/work/key/key/key.core/../key.ui/examples/standard_key/java_dl/switch/large_switch.key 
53971      DEBUG main            d.u.i.k.p.i.AbstractProblemLoader Environment load took 181.7ns 
53972      INFO  main            d.u.i.k.p.i.AbstractProblemLoader Creating init config 
56335      DEBUG main            d.u.i.k.p.i.AbstractProblemLoader Init config took 2.36s 
56377      INFO  main            d.u.i.k.p.i.AbstractProblemLoader Replaying proof LargeSwitch[LargeSwitch::m(int)].JML normal_behavior operation contract.0 
56378      DEBUG main            d.u.i.k.p.i.IntermediateProofReplayer Proof replay took 6.9ns 
57791      INFO  main            d.u.i.k.p.r.p.TestFile    ... finished proof: closed. 
57988      INFO  main            d.u.i.k.p.i.AbstractProblemLoader Loading environment from /home/runner/work/key/key/key.core/../key.ui/examples/standard_key/java_dl/switch/large_switch.key.proof 
57988      DEBUG main            d.u.i.k.p.i.AbstractProblemLoader Environment load took 136.6ns 
57989      INFO  main            d.u.i.k.p.i.AbstractProblemLoader Creating init config 
60356      DEBUG main            d.u.i.k.p.i.AbstractProblemLoader Init config took 2.37s 
60401      INFO  main            d.u.i.k.p.i.AbstractProblemLoader Replaying proof LargeSwitch[LargeSwitch::m(int)].JML normal_behavior operation contract.0 
60752      DEBUG main            d.u.i.k.p.i.IntermediateProofReplayer Proof replay took 335.12ms 
60754      DEBUG main            d.u.i.k.p.r.p.TestFile    ... success: reloaded. 
5248601    INFO  Test worker     d.u.i.k.p.r.RunAllProofsTestUnit Returning from test switch 
5248602    INFO  Test worker     d.u.i.k.p.r.RunAllProofsTestUnit Running test redux 
307        INFO  Timeout watchdog d.u.i.k.p.r.p.ForkedTestFileRunner Timeout watcher launched (2000 secs.) 
311        WARN  main            d.u.i.k.s.ProofSettings   The settings in /home/runner/.key/proof-settings.props are *not* read. 
338        INFO  main            d.u.i.k.p.r.p.TestFile    Now processing file /home/runner/work/key/key/key.core/../key.ui/examples/redux/arrays/Arrays.copyOf.key 
448        INFO  main            d.u.i.k.p.i.AbstractProblemLoader Loading environment from /home/runner/work/key/key/key.core/../key.ui/examples/redux/arrays/Arrays.copyOf.key 
474        DEBUG main            d.u.i.k.p.i.AbstractProblemLoader Environment load took 1.94ms 
703        INFO  main            d.u.i.k.p.i.AbstractProblemLoader Creating init config 
1542       DEBUG main            d.u.i.k.j.TypeConverter   No LDT found for Meta 
1543       DEBUG main            d.u.i.k.j.TypeConverter   No LDT found for Meta 
1545       DEBUG main            d.u.i.k.j.TypeConverter   No LDT found for Meta 
1545       DEBUG main            d.u.i.k.j.TypeConverter   No LDT found for Meta 
2748       DEBUG main            d.u.i.k.j.TypeConverter   No LDT found for JavaBigintExpression 
8241       DEBUG main            d.u.i.k.p.i.AbstractProblemLoader Init config took 7.54s 
8430       INFO  main            d.u.i.k.p.i.AbstractProblemLoader Replaying proof Arrays[Arrays::copyOf([I,int)].JML normal_behavior operation contract.0 
8465       DEBUG main            d.u.i.k.p.i.IntermediateProofReplayer Proof replay took 36.7ns 
13831      INFO  main            d.u.i.k.p.r.p.TestFile    ... finished proof: closed. 
14004      INFO  main            d.u.i.k.p.i.AbstractProblemLoader Loading environment from /home/runner/work/key/key/key.core/../key.ui/examples/redux/arrays/Arrays.copyOf.key.proof 
14006      DEBUG main            d.u.i.k.p.i.AbstractProblemLoader Environment load took 2.1ms 
14009      INFO  main            d.u.i.k.p.i.AbstractProblemLoader Creating init config 
17315      DEBUG main            d.u.i.k.p.i.AbstractProblemLoader Init config took 3.31s 
17374      INFO  main            d.u.i.k.p.i.AbstractProblemLoader Replaying proof Arrays[Arrays::copyOf([I,int)].JML normal_behavior operation contract.0 
17912      DEBUG main            d.u.i.k.p.i.IntermediateProofReplayer Proof replay took 516.98ms 
17920      DEBUG main            d.u.i.k.p.r.p.TestFile    ... success: reloaded. 
17921      INFO  main            d.u.i.k.p.r.p.TestFile    Now processing file /home/runner/work/key/key/key.core/../key.ui/examples/redux/arrays/Arrays.copyOf.float.key 
17922      INFO  main            d.u.i.k.p.i.AbstractProblemLoader Loading environment from /home/runner/work/key/key/key.core/../key.ui/examples/redux/arrays/Arrays.copyOf.float.key 
17922      DEBUG main            d.u.i.k.p.i.AbstractProblemLoader Environment load took 201.3ns 
17924      INFO  main            d.u.i.k.p.i.AbstractProblemLoader Creating init config 
21203      DEBUG main            d.u.i.k.p.i.AbstractProblemLoader Init config took 3.28s 
21259      INFO  main            d.u.i.k.p.i.AbstractProblemLoader Replaying proof Arrays[Arrays::copyOf([F,int)].JML normal_behavior operation contract.0 
21261      DEBUG main            d.u.i.k.p.i.IntermediateProofReplayer Proof replay took 7ns 
21287      DEBUG main            d.u.i.k.m.s.ProofScriptEngine 1: 'macro autopilot' 
25737      DEBUG main            d.u.i.k.m.s.ProofScriptEngine 2: 'smt solver=Z3' 
25804      INFO  main            d.u.i.k.m.s.SMTCommand    Finished run on goal 17 in 42ms, result is valid 
25805      DEBUG main            d.u.i.k.m.s.ProofScriptEngine 3: 'tryclose' 
27536      INFO  main            d.u.i.k.p.r.p.TestFile    ... finished proof: closed. 
27721      INFO  main            d.u.i.k.p.i.AbstractProblemLoader Loading environment from /home/runner/work/key/key/key.core/../key.ui/examples/redux/arrays/Arrays.copyOf.float.key.proof 
27722      DEBUG main            d.u.i.k.p.i.AbstractProblemLoader Environment load took 379ns 
27734      INFO  main            d.u.i.k.p.i.AbstractProblemLoader Creating init config 
30733      DEBUG main            d.u.i.k.p.i.AbstractProblemLoader Init config took 3s 
30786      INFO  main            d.u.i.k.p.i.AbstractProblemLoader Replaying proof Arrays[Arrays::copyOf([F,int)].JML normal_behavior operation contract.0 
31525      DEBUG main            d.u.i.k.p.i.IntermediateProofReplayer Proof replay took 702.59ms 
31527      DEBUG main            d.u.i.k.p.r.p.TestFile    ... success: reloaded. 
31528      INFO  main            d.u.i.k.p.r.p.TestFile    Now processing file /home/runner/work/key/key/key.core/../key.ui/examples/redux/arrays/Arrays.copyOfRange.key 
31528      INFO  main            d.u.i.k.p.i.AbstractProblemLoader Loading environment from /home/runner/work/key/key/key.core/../key.ui/examples/redux/arrays/Arrays.copyOfRange.key 
31529      DEBUG main            d.u.i.k.p.i.AbstractProblemLoader Environment load took 188.8ns 
31530      INFO  main            d.u.i.k.p.i.AbstractProblemLoader Creating init config 
34642      DEBUG main            d.u.i.k.p.i.AbstractProblemLoader Init config took 3.11s 
34696      INFO  main            d.u.i.k.p.i.AbstractProblemLoader Replaying proof Arrays[Arrays::copyOfRange([I,int,int)].JML normal_behavior operation contract.0 
34699      DEBUG main            d.u.i.k.p.i.IntermediateProofReplayer Proof replay took 6.4ns 
39334      INFO  main            d.u.i.k.p.r.p.TestFile    ... finished proof: closed. 
39567      INFO  main            d.u.i.k.p.i.AbstractProblemLoader Loading environment from /home/runner/work/key/key/key.core/../key.ui/examples/redux/arrays/Arrays.copyOfRange.key.proof 
39568      DEBUG main            d.u.i.k.p.i.AbstractProblemLoader Environment load took 874.51ns 
39573      INFO  main            d.u.i.k.p.i.AbstractProblemLoader Creating init config 
42501      DEBUG main            d.u.i.k.p.i.AbstractProblemLoader Init config took 2.93s 
42564      INFO  main            d.u.i.k.p.i.AbstractProblemLoader Replaying proof Arrays[Arrays::copyOfRange([I,int,int)].JML normal_behavior operation contract.0 
43086      DEBUG main            d.u.i.k.p.i.IntermediateProofReplayer Proof replay took 500.13ms 
43088      DEBUG main            d.u.i.k.p.r.p.TestFile    ... success: reloaded. 
43089      INFO  main            d.u.i.k.p.r.p.TestFile    Now processing file /home/runner/work/key/key/key.core/../key.ui/examples/redux/arrays/Arrays.copyOfRange.float.key 
43089      INFO  main            d.u.i.k.p.i.AbstractProblemLoader Loading environment from /home/runner/work/key/key/key.core/../key.ui/examples/redux/arrays/Arrays.copyOfRange.float.key 
43089      DEBUG main            d.u.i.k.p.i.AbstractProblemLoader Environment load took 107.6ns 
43090      INFO  main            d.u.i.k.p.i.AbstractProblemLoader Creating init config 
46161      DEBUG main            d.u.i.k.p.i.AbstractProblemLoader Init config took 3.07s 
46202      INFO  main            d.u.i.k.p.i.AbstractProblemLoader Replaying proof Arrays[Arrays::copyOfRange([F,int,int)].JML normal_behavior operation contract.0 
46204      DEBUG main            d.u.i.k.p.i.IntermediateProofReplayer Proof replay took 5.8ns 
46204      DEBUG main            d.u.i.k.m.s.ProofScriptEngine 1: 'macro autopilot' 
52217      DEBUG main            d.u.i.k.m.s.ProofScriptEngine 2: 'smt solver=Z3' 
52263      INFO  main            d.u.i.k.m.s.SMTCommand    Finished run on goal 27 in 42ms, result is valid 
52263      DEBUG main            d.u.i.k.m.s.ProofScriptEngine 3: 'tryclose' 
55841      INFO  main            d.u.i.k.p.r.p.TestFile    ... finished proof: closed. 
56070      INFO  main            d.u.i.k.p.i.AbstractProblemLoader Loading environment from /home/runner/work/key/key/key.core/../key.ui/examples/redux/arrays/Arrays.copyOfRange.float.key.proof 
56071      DEBUG main            d.u.i.k.p.i.AbstractProblemLoader Environment load took 378.3ns 
56073      INFO  main            d.u.i.k.p.i.AbstractProblemLoader Creating init config 
59013      DEBUG main            d.u.i.k.p.i.AbstractProblemLoader Init config took 2.94s 
59052      INFO  main            d.u.i.k.p.i.AbstractProblemLoader Replaying proof Arrays[Arrays::copyOfRange([F,int,int)].JML normal_behavior operation contract.0 
59999      DEBUG main            d.u.i.k.p.i.IntermediateProofReplayer Proof replay took 919.07ms 
60002      DEBUG main            d.u.i.k.p.r.p.TestFile    ... success: reloaded. 
60003      INFO  main            d.u.i.k.p.r.p.TestFile    Now processing file /home/runner/work/key/key/key.core/../key.ui/examples/redux/arrays/Arrays.equals.key 
60003      INFO  main            d.u.i.k.p.i.AbstractProblemLoader Loading environment from /home/runner/work/key/key/key.core/../key.ui/examples/redux/arrays/Arrays.equals.key 
60003      DEBUG main            d.u.i.k.p.i.AbstractProblemLoader Environment load took 185.1ns 
60004      INFO  main            d.u.i.k.p.i.AbstractProblemLoader Creating init config 
63092      DEBUG main            d.u.i.k.p.i.AbstractProblemLoader Init config took 3.09s 
63131      INFO  main            d.u.i.k.p.i.AbstractProblemLoader Replaying proof Arrays[Arrays::equals([B,[B)].JML normal_behavior operation contract.0 
63132      DEBUG main            d.u.i.k.p.i.IntermediateProofReplayer Proof replay took 5.6ns 
63637      INFO  main            d.u.i.k.p.r.p.TestFile    ... finished proof: closed. 
63876      INFO  main            d.u.i.k.p.i.AbstractProblemLoader Loading environment from /home/runner/work/key/key/key.core/../key.ui/examples/redux/arrays/Arrays.equals.key.proof 
63876      DEBUG main            d.u.i.k.p.i.AbstractProblemLoader Environment load took 403.81ns 
63877      INFO  main            d.u.i.k.p.i.AbstractProblemLoader Creating init config 
66787      DEBUG main            d.u.i.k.p.i.AbstractProblemLoader Init config took 2.91s 
66826      INFO  main            d.u.i.k.p.i.AbstractProblemLoader Replaying proof Arrays[Arrays::equals([B,[B)].JML normal_behavior operation contract.0 
66966      DEBUG main            d.u.i.k.p.i.IntermediateProofReplayer Proof replay took 135.95ms 
66967      DEBUG main            d.u.i.k.p.r.p.TestFile    ... success: reloaded. 
66967      INFO  main            d.u.i.k.p.r.p.TestFile    Now processing file /home/runner/work/key/key/key.core/../key.ui/examples/redux/arrays/Arrays.fill.key 
66968      INFO  main            d.u.i.k.p.i.AbstractProblemLoader Loading environment from /home/runner/work/key/key/key.core/../key.ui/examples/redux/arrays/Arrays.fill.key 
66968      DEBUG main            d.u.i.k.p.i.AbstractProblemLoader Environment load took 96.9ns 
66969      INFO  main            d.u.i.k.p.i.AbstractProblemLoader Creating init config 
69940      DEBUG main            d.u.i.k.p.i.AbstractProblemLoader Init config took 2.97s 
69978      INFO  main            d.u.i.k.p.i.AbstractProblemLoader Replaying proof Arrays[Arrays::fill([I,int)].JML normal_behavior operation contract.0 
69980      DEBUG main            d.u.i.k.p.i.IntermediateProofReplayer Proof replay took 6.8ns 
70185      INFO  main            d.u.i.k.p.r.p.TestFile    ... finished proof: closed. 
70369      INFO  main            d.u.i.k.p.i.AbstractProblemLoader Loading environment from /home/runner/work/key/key/key.core/../key.ui/examples/redux/arrays/Arrays.fill.key.proof 
70369      DEBUG main            d.u.i.k.p.i.AbstractProblemLoader Environment load took 129.2ns 
70370      INFO  main            d.u.i.k.p.i.AbstractProblemLoader Creating init config 
73289      DEBUG main            d.u.i.k.p.i.AbstractProblemLoader Init config took 2.92s 
73351      INFO  main            d.u.i.k.p.i.AbstractProblemLoader Replaying proof Arrays[Arrays::fill([I,int)].JML normal_behavior operation contract.0 
73389      DEBUG main            d.u.i.k.p.i.IntermediateProofReplayer Proof replay took 34.21ms 
73390      DEBUG main            d.u.i.k.p.r.p.TestFile    ... success: reloaded. 
73391      INFO  main            d.u.i.k.p.r.p.TestFile    Now processing file /home/runner/work/key/key/key.core/../key.ui/examples/redux/arrays/Arrays.fill.float.key 
73391      INFO  main            d.u.i.k.p.i.AbstractProblemLoader Loading environment from /home/runner/work/key/key/key.core/../key.ui/examples/redux/arrays/Arrays.fill.float.key 
73392      DEBUG main            d.u.i.k.p.i.AbstractProblemLoader Environment load took 106.2ns 
73393      INFO  main            d.u.i.k.p.i.AbstractProblemLoader Creating init config 
76329      DEBUG main            d.u.i.k.p.i.AbstractProblemLoader Init config took 2.94s 
76379      INFO  main            d.u.i.k.p.i.AbstractProblemLoader Replaying proof Arrays[Arrays::fill([F,float)].JML normal_behavior operation contract.0 
76381      DEBUG main            d.u.i.k.p.i.IntermediateProofReplayer Proof replay took 6.4ns 
76585      INFO  main            d.u.i.k.p.r.p.TestFile    ... finished proof: closed. 
76857      INFO  main            d.u.i.k.p.i.AbstractProblemLoader Loading environment from /home/runner/work/key/key/key.core/../key.ui/examples/redux/arrays/Arrays.fill.float.key.proof 
76857      DEBUG main            d.u.i.k.p.i.AbstractProblemLoader Environment load took 125.2ns 
76858      INFO  main            d.u.i.k.p.i.AbstractProblemLoader Creating init config 
79728      DEBUG main            d.u.i.k.p.i.AbstractProblemLoader Init config took 2.87s 
79775      INFO  main            d.u.i.k.p.i.AbstractProblemLoader Replaying proof Arrays[Arrays::fill([F,float)].JML normal_behavior operation contract.0 
79817      DEBUG main            d.u.i.k.p.i.IntermediateProofReplayer Proof replay took 39.84ms 
79818      DEBUG main            d.u.i.k.p.r.p.TestFile    ... success: reloaded. 
79819      INFO  main            d.u.i.k.p.r.p.TestFile    Now processing file /home/runner/work/key/key/key.core/../key.ui/examples/redux/arrays/Arrays.fillFromTo.key 
79819      INFO  main            d.u.i.k.p.i.AbstractProblemLoader Loading environment from /home/runner/work/key/key/key.core/../key.ui/examples/redux/arrays/Arrays.fillFromTo.key 
79820      DEBUG main            d.u.i.k.p.i.AbstractProblemLoader Environment load took 202.1ns 
79820      INFO  main            d.u.i.k.p.i.AbstractProblemLoader Creating init config 
82770      DEBUG main            d.u.i.k.p.i.AbstractProblemLoader Init config took 2.95s 
82807      INFO  main            d.u.i.k.p.i.AbstractProblemLoader Replaying proof Arrays[Arrays::fill([I,int,int,int)].JML normal_behavior operation contract.0 
82809      DEBUG main            d.u.i.k.p.i.IntermediateProofReplayer Proof replay took 6.8ns 
83414      INFO  main            d.u.i.k.p.r.p.TestFile    ... finished proof: closed. 
83599      INFO  main            d.u.i.k.p.i.AbstractProblemLoader Loading environment from /home/runner/work/key/key/key.core/../key.ui/examples/redux/arrays/Arrays.fillFromTo.key.proof 
83600      DEBUG main            d.u.i.k.p.i.AbstractProblemLoader Environment load took 439.2ns 
83601      INFO  main            d.u.i.k.p.i.AbstractProblemLoader Creating init config 
86497      DEBUG main            d.u.i.k.p.i.AbstractProblemLoader Init config took 2.9s 
86533      INFO  main            d.u.i.k.p.i.AbstractProblemLoader Replaying proof Arrays[Arrays::fill([I,int,int,int)].JML normal_behavior operation contract.0 
86645      DEBUG main            d.u.i.k.p.i.IntermediateProofReplayer Proof replay took 107.94ms 
86646      DEBUG main            d.u.i.k.p.r.p.TestFile    ... success: reloaded. 
86647      INFO  main            d.u.i.k.p.r.p.TestFile    Now processing file /home/runner/work/key/key/key.core/../key.ui/examples/redux/arrays/Arrays.fillFromTo.float.key 
86648      INFO  main            d.u.i.k.p.i.AbstractProblemLoader Loading environment from /home/runner/work/key/key/key.core/../key.ui/examples/redux/arrays/Arrays.fillFromTo.float.key 
86648      DEBUG main            d.u.i.k.p.i.AbstractProblemLoader Environment load took 208.8ns 
86649      INFO  main            d.u.i.k.p.i.AbstractProblemLoader Creating init config 
89622      DEBUG main            d.u.i.k.p.i.AbstractProblemLoader Init config took 2.97s 
89658      INFO  main            d.u.i.k.p.i.AbstractProblemLoader Replaying proof Arrays[Arrays::fill([F,int,int,float)].JML normal_behavior operation contract.0 
89660      DEBUG main            d.u.i.k.p.i.IntermediateProofReplayer Proof replay took 6.5ns 
90364      INFO  main            d.u.i.k.p.r.p.TestFile    ... finished proof: closed. 
90575      INFO  main            d.u.i.k.p.i.AbstractProblemLoader Loading environment from /home/runner/work/key/key/key.core/../key.ui/examples/redux/arrays/Arrays.fillFromTo.float.key.proof 
90576      DEBUG main            d.u.i.k.p.i.AbstractProblemLoader Environment load took 403.5ns 
90577      INFO  main            d.u.i.k.p.i.AbstractProblemLoader Creating init config 
93496      DEBUG main            d.u.i.k.p.i.AbstractProblemLoader Init config took 2.92s 
93531      INFO  main            d.u.i.k.p.i.AbstractProblemLoader Replaying proof Arrays[Arrays::fill([F,int,int,float)].JML normal_behavior operation contract.0 
93670      DEBUG main            d.u.i.k.p.i.IntermediateProofReplayer Proof replay took 133.73ms 
93671      DEBUG main            d.u.i.k.p.r.p.TestFile    ... success: reloaded. 
93671      INFO  main            d.u.i.k.p.r.p.TestFile    Now processing file /home/runner/work/key/key/key.core/../key.ui/examples/redux/arrays/ArrayCopy.arraycopy.normal.0.key 
93672      INFO  main            d.u.i.k.p.i.AbstractProblemLoader Loading environment from /home/runner/work/key/key/key.core/../key.ui/examples/redux/arrays/ArrayCopy.arraycopy.normal.0.key 
93672      DEBUG main            d.u.i.k.p.i.AbstractProblemLoader Environment load took 102.7ns 
93673      INFO  main            d.u.i.k.p.i.AbstractProblemLoader Creating init config 
96602      DEBUG main            d.u.i.k.p.i.AbstractProblemLoader Init config took 2.93s 
96637      INFO  main            d.u.i.k.p.i.AbstractProblemLoader Replaying proof ArrayCopy[ArrayCopy::arraycopy(java.lang.Object,int,java.lang.Object,int,int)].JML normal_behavior operation contract.0 
96638      DEBUG main            d.u.i.k.p.i.IntermediateProofReplayer Proof replay took 7ns 
102959     INFO  main            d.u.i.k.p.r.p.TestFile    ... finished proof: closed. 
103209     INFO  main            d.u.i.k.p.i.AbstractProblemLoader Loading environment from /home/runner/work/key/key/key.core/../key.ui/examples/redux/arrays/ArrayCopy.arraycopy.normal.0.key.proof 
103210     DEBUG main            d.u.i.k.p.i.AbstractProblemLoader Environment load took 387.7ns 
103212     INFO  main            d.u.i.k.p.i.AbstractProblemLoader Creating init config 
106083     DEBUG main            d.u.i.k.p.i.AbstractProblemLoader Init config took 2.87s 
106119     INFO  main            d.u.i.k.p.i.AbstractProblemLoader Replaying proof ArrayCopy[ArrayCopy::arraycopy(java.lang.Object,int,java.lang.Object,int,int)].JML normal_behavior operation contract.0 
107011     DEBUG main            d.u.i.k.p.i.IntermediateProofReplayer Proof replay took 875.93ms 
107013     DEBUG main            d.u.i.k.p.r.p.TestFile    ... success: reloaded. 
107014     INFO  main            d.u.i.k.p.r.p.TestFile    Now processing file /home/runner/work/key/key/key.core/../key.ui/examples/redux/arrays/ArrayCopy.arraycopy.exceptional.0.key 
107014     INFO  main            d.u.i.k.p.i.AbstractProblemLoader Loading environment from /home/runner/work/key/key/key.core/../key.ui/examples/redux/arrays/ArrayCopy.arraycopy.exceptional.0.key 
107014     DEBUG main            d.u.i.k.p.i.AbstractProblemLoader Environment load took 180.2ns 
107015     INFO  main            d.u.i.k.p.i.AbstractProblemLoader Creating init config 
109949     DEBUG main            d.u.i.k.p.i.AbstractProblemLoader Init config took 2.93s 
109983     INFO  main            d.u.i.k.p.i.AbstractProblemLoader Replaying proof ArrayCopy[ArrayCopy::arraycopy(java.lang.Object,int,java.lang.Object,int,int)].JML exceptional_behavior operation contract.0 
109984     DEBUG main            d.u.i.k.p.i.IntermediateProofReplayer Proof replay took 5.8ns 
110389     INFO  main            d.u.i.k.p.r.p.TestFile    ... finished proof: closed. 
110578     INFO  main            d.u.i.k.p.i.AbstractProblemLoader Loading environment from /home/runner/work/key/key/key.core/../key.ui/examples/redux/arrays/ArrayCopy.arraycopy.exceptional.0.key.proof 
110578     DEBUG main            d.u.i.k.p.i.AbstractProblemLoader Environment load took 124.1ns 
110579     INFO  main            d.u.i.k.p.i.AbstractProblemLoader Creating init config 
113445     DEBUG main            d.u.i.k.p.i.AbstractProblemLoader Init config took 2.87s 
113481     INFO  main            d.u.i.k.p.i.AbstractProblemLoader Replaying proof ArrayCopy[ArrayCopy::arraycopy(java.lang.Object,int,java.lang.Object,int,int)].JML exceptional_behavior operation contract.0 
113597     DEBUG main            d.u.i.k.p.i.IntermediateProofReplayer Proof replay took 110.13ms 
113598     DEBUG main            d.u.i.k.p.r.p.TestFile    ... success: reloaded. 
113598     INFO  main            d.u.i.k.p.r.p.TestFile    Now processing file /home/runner/work/key/key/key.core/../key.ui/examples/redux/arrays/ArrayCopy.arraycopy.exceptional.1.key 
113598     INFO  main            d.u.i.k.p.i.AbstractProblemLoader Loading environment from /home/runner/work/key/key/key.core/../key.ui/examples/redux/arrays/ArrayCopy.arraycopy.exceptional.1.key 
113599     DEBUG main            d.u.i.k.p.i.AbstractProblemLoader Environment load took 104.3ns 
113599     INFO  main            d.u.i.k.p.i.AbstractProblemLoader Creating init config 
116541     DEBUG main            d.u.i.k.p.i.AbstractProblemLoader Init config took 2.94s 
116575     INFO  main            d.u.i.k.p.i.AbstractProblemLoader Replaying proof ArrayCopy[ArrayCopy::arraycopy(java.lang.Object,int,java.lang.Object,int,int)].JML exceptional_behavior operation contract.1 
116576     DEBUG main            d.u.i.k.p.i.IntermediateProofReplayer Proof replay took 6.8ns 
122756     INFO  main            d.u.i.k.p.r.p.TestFile    ... finished proof: closed. 
123003     INFO  main            d.u.i.k.p.i.AbstractProblemLoader Loading environment from /home/runner/work/key/key/key.core/../key.ui/examples/redux/arrays/ArrayCopy.arraycopy.exceptional.1.key.proof 
123004     DEBUG main            d.u.i.k.p.i.AbstractProblemLoader Environment load took 494.01ns 
123006     INFO  main            d.u.i.k.p.i.AbstractProblemLoader Creating init config 
125886     DEBUG main            d.u.i.k.p.i.AbstractProblemLoader Init config took 2.88s 
125919     INFO  main            d.u.i.k.p.i.AbstractProblemLoader Replaying proof ArrayCopy[ArrayCopy::arraycopy(java.lang.Object,int,java.lang.Object,int,int)].JML exceptional_behavior operation contract.1 
127460     DEBUG main            d.u.i.k.p.i.IntermediateProofReplayer Proof replay took 1.52s 
127463     DEBUG main            d.u.i.k.p.r.p.TestFile    ... success: reloaded. 
5376236    INFO  Test worker     d.u.i.k.p.r.RunAllProofsTestUnit Returning from test redux 
]]></system-out>
  <system-err><![CDATA[]]></system-err>
</testsuite>
