<?xml version="1.0" encoding="UTF-8"?>
<testsuite name="de.uka.ilkd.key.rule.merge.PredicateAbstractionLatticeTests" tests="3" skipped="0" failures="0" errors="0" timestamp="2023-06-02T20:49:46" hostname="fv-az192-928" time="10.961">
  <properties/>
  <testcase name="testToAndFromString()" classname="de.uka.ilkd.key.rule.merge.PredicateAbstractionLatticeTests" time="5.487"/>
  <testcase name="testCreateSignLatticeWithPredicates()" classname="de.uka.ilkd.key.rule.merge.PredicateAbstractionLatticeTests" time="5.474"/>
  <testcase name="testTrivialPredicatesLattice()" classname="de.uka.ilkd.key.rule.merge.PredicateAbstractionLatticeTests" time="0.0"/>
  <system-out><![CDATA[982599     INFO  Test worker     d.u.i.k.p.i.AbstractProblemLoader Loading environment from src\test\resources\testcase\merge\dummy.key 
982599     DEBUG Test worker     d.u.i.k.p.i.AbstractProblemLoader Environment load took 438.4ns 
982615     INFO  Test worker     d.u.i.k.p.i.AbstractProblemLoader Creating init config 
988057     DEBUG Test worker     d.u.i.k.p.i.AbstractProblemLoader Init config took 5.45s 
988072     INFO  Test worker     d.u.i.k.p.i.AbstractProblemLoader Replaying proof dummy.key 
988072     DEBUG Test worker     d.u.i.k.p.i.IntermediateProofReplayer Proof replay took 10.4ns 
988103     INFO  Test worker     d.u.i.k.p.i.AbstractProblemLoader Loading environment from src\test\resources\testcase\merge\dummy.key 
988103     DEBUG Test worker     d.u.i.k.p.i.AbstractProblemLoader Environment load took 591.1ns 
988103     INFO  Test worker     d.u.i.k.p.i.AbstractProblemLoader Creating init config 
993547     DEBUG Test worker     d.u.i.k.p.i.AbstractProblemLoader Init config took 5.44s 
993562     INFO  Test worker     d.u.i.k.p.i.AbstractProblemLoader Replaying proof dummy.key 
993562     DEBUG Test worker     d.u.i.k.p.i.IntermediateProofReplayer Proof replay took 8.8ns 
]]></system-out>
  <system-err><![CDATA[]]></system-err>
</testsuite>
