<?xml version="1.0" encoding="UTF-8"?>
<testsuite name="de.uka.ilkd.key.logic.TestClashFreeSubst" tests="14" skipped="2" failures="0" errors="0" timestamp="2023-06-02T20:34:37" hostname="fv-az192-928" time="102.756">
  <properties/>
  <testcase name="testMultiShareBound()" classname="de.uka.ilkd.key.logic.TestClashFreeSubst" time="1.791"/>
  <testcase name="testClash()" classname="de.uka.ilkd.key.logic.TestClashFreeSubst" time="1.659"/>
  <testcase name="testShare()" classname="de.uka.ilkd.key.logic.TestClashFreeSubst" time="1.786"/>
  <testcase name="testSubst()" classname="de.uka.ilkd.key.logic.TestClashFreeSubst" time="1.698"/>
  <testcase name="testWary0()" classname="de.uka.ilkd.key.logic.TestClashFreeSubst" time="1.761"/>
  <testcase name="testWary1()" classname="de.uka.ilkd.key.logic.TestClashFreeSubst" time="1.731"/>
  <testcase name="testWary2()" classname="de.uka.ilkd.key.logic.TestClashFreeSubst" time="1.728"/>
  <testcase name="testClashInSubstTerm()" classname="de.uka.ilkd.key.logic.TestClashFreeSubst" time="2.981"/>
  <testcase name="testShareWary()" classname="de.uka.ilkd.key.logic.TestClashFreeSubst" time="2.774"/>
  <testcase name="testMultiSubst()" classname="de.uka.ilkd.key.logic.TestClashFreeSubst" time="2.209"/>
  <testcase name="xtestMultiClash()" classname="de.uka.ilkd.key.logic.TestClashFreeSubst" time="0.0">
    <skipped/>
  </testcase>
  <testcase name="testSubstInSubstTerm()" classname="de.uka.ilkd.key.logic.TestClashFreeSubst" time="1.72"/>
  <testcase name="testSubstWary()" classname="de.uka.ilkd.key.logic.TestClashFreeSubst" time="1.661"/>
  <testcase name="xtestMultiClash1()" classname="de.uka.ilkd.key.logic.TestClashFreeSubst" time="0.0">
    <skipped/>
  </testcase>
  <system-out><![CDATA[72864      INFO  Test worker     d.u.i.k.n.KeyIO           Parsing took 0 ms 
72864      DEBUG Test worker     d.u.i.k.n.KeyIO           Load declarations of de.uka.ilkd.key.nparser.KeyAst$File:  <unknown>:1#1 
72864      INFO  Test worker     d.u.i.k.n.KeyIO           MODE: declarations took 0 ms 
72864      DEBUG Test worker     d.u.i.k.n.KeyIO           MODE: 2nd degree decls took 0 
74646      INFO  Test worker     d.u.i.k.n.KeyIO           Parsing took 0 ms 
74646      DEBUG Test worker     d.u.i.k.n.KeyIO           Load declarations of de.uka.ilkd.key.nparser.KeyAst$File:  <unknown>:1#1 
74646      INFO  Test worker     d.u.i.k.n.KeyIO           MODE: declarations took 0 ms 
74646      DEBUG Test worker     d.u.i.k.n.KeyIO           MODE: 2nd degree decls took 0 
80368      INFO  Test worker     d.u.i.k.n.KeyIO           Parsing took 0 ms 
80368      DEBUG Test worker     d.u.i.k.n.KeyIO           Load declarations of de.uka.ilkd.key.nparser.KeyAst$File:  <unknown>:1#1 
80368      INFO  Test worker     d.u.i.k.n.KeyIO           MODE: declarations took 0 ms 
80368      DEBUG Test worker     d.u.i.k.n.KeyIO           MODE: 2nd degree decls took 0 
82011      INFO  Test worker     d.u.i.k.n.KeyIO           Parsing took 0 ms 
82011      DEBUG Test worker     d.u.i.k.n.KeyIO           Load declarations of de.uka.ilkd.key.nparser.KeyAst$File:  <unknown>:1#1 
82011      INFO  Test worker     d.u.i.k.n.KeyIO           MODE: declarations took 0 ms 
82011      DEBUG Test worker     d.u.i.k.n.KeyIO           MODE: 2nd degree decls took 0 
87733      INFO  Test worker     d.u.i.k.n.KeyIO           Parsing took 0 ms 
87733      DEBUG Test worker     d.u.i.k.n.KeyIO           Load declarations of de.uka.ilkd.key.nparser.KeyAst$File:  <unknown>:1#1 
87733      INFO  Test worker     d.u.i.k.n.KeyIO           MODE: declarations took 0 ms 
87733      DEBUG Test worker     d.u.i.k.n.KeyIO           MODE: 2nd degree decls took 0 
89515      INFO  Test worker     d.u.i.k.n.KeyIO           Parsing took 0 ms 
89515      DEBUG Test worker     d.u.i.k.n.KeyIO           Load declarations of de.uka.ilkd.key.nparser.KeyAst$File:  <unknown>:1#1 
89515      INFO  Test worker     d.u.i.k.n.KeyIO           MODE: declarations took 0 ms 
89515      DEBUG Test worker     d.u.i.k.n.KeyIO           MODE: 2nd degree decls took 0 
95035      INFO  Test worker     d.u.i.k.n.KeyIO           Parsing took 0 ms 
95035      DEBUG Test worker     d.u.i.k.n.KeyIO           Load declarations of de.uka.ilkd.key.nparser.KeyAst$File:  <unknown>:1#1 
95035      INFO  Test worker     d.u.i.k.n.KeyIO           MODE: declarations took 0 ms 
95035      DEBUG Test worker     d.u.i.k.n.KeyIO           MODE: 2nd degree decls took 0 
96724      INFO  Test worker     d.u.i.k.n.KeyIO           Parsing took 0 ms 
96724      DEBUG Test worker     d.u.i.k.n.KeyIO           Load declarations of de.uka.ilkd.key.nparser.KeyAst$File:  <unknown>:1#1 
96724      INFO  Test worker     d.u.i.k.n.KeyIO           MODE: declarations took 0 ms 
96724      DEBUG Test worker     d.u.i.k.n.KeyIO           MODE: 2nd degree decls took 0 
102368     INFO  Test worker     d.u.i.k.n.KeyIO           Parsing took 0 ms 
102368     DEBUG Test worker     d.u.i.k.n.KeyIO           Load declarations of de.uka.ilkd.key.nparser.KeyAst$File:  <unknown>:1#1 
102368     INFO  Test worker     d.u.i.k.n.KeyIO           MODE: declarations took 0 ms 
102368     DEBUG Test worker     d.u.i.k.n.KeyIO           MODE: 2nd degree decls took 0 
104119     INFO  Test worker     d.u.i.k.n.KeyIO           Parsing took 0 ms 
104119     DEBUG Test worker     d.u.i.k.n.KeyIO           Load declarations of de.uka.ilkd.key.nparser.KeyAst$File:  <unknown>:1#1 
104119     INFO  Test worker     d.u.i.k.n.KeyIO           MODE: declarations took 0 ms 
104119     DEBUG Test worker     d.u.i.k.n.KeyIO           MODE: 2nd degree decls took 0 
109708     INFO  Test worker     d.u.i.k.n.KeyIO           Parsing took 0 ms 
109708     DEBUG Test worker     d.u.i.k.n.KeyIO           Load declarations of de.uka.ilkd.key.nparser.KeyAst$File:  <unknown>:1#1 
109708     INFO  Test worker     d.u.i.k.n.KeyIO           MODE: declarations took 0 ms 
109708     DEBUG Test worker     d.u.i.k.n.KeyIO           MODE: 2nd degree decls took 0 
111433     INFO  Test worker     d.u.i.k.n.KeyIO           Parsing took 0 ms 
111433     DEBUG Test worker     d.u.i.k.n.KeyIO           Load declarations of de.uka.ilkd.key.nparser.KeyAst$File:  <unknown>:1#1 
111433     INFO  Test worker     d.u.i.k.n.KeyIO           MODE: declarations took 0 ms 
111433     DEBUG Test worker     d.u.i.k.n.KeyIO           MODE: 2nd degree decls took 0 
117031     INFO  Test worker     d.u.i.k.n.KeyIO           Parsing took 0 ms 
117031     DEBUG Test worker     d.u.i.k.n.KeyIO           Load declarations of de.uka.ilkd.key.nparser.KeyAst$File:  <unknown>:1#1 
117031     INFO  Test worker     d.u.i.k.n.KeyIO           MODE: declarations took 0 ms 
117031     DEBUG Test worker     d.u.i.k.n.KeyIO           MODE: 2nd degree decls took 0 
118752     INFO  Test worker     d.u.i.k.n.KeyIO           Parsing took 0 ms 
118752     DEBUG Test worker     d.u.i.k.n.KeyIO           Load declarations of de.uka.ilkd.key.nparser.KeyAst$File:  <unknown>:1#1 
118752     INFO  Test worker     d.u.i.k.n.KeyIO           MODE: declarations took 0 ms 
118752     DEBUG Test worker     d.u.i.k.n.KeyIO           MODE: 2nd degree decls took 0 
124365     INFO  Test worker     d.u.i.k.n.KeyIO           Parsing took 0 ms 
124365     DEBUG Test worker     d.u.i.k.n.KeyIO           Load declarations of de.uka.ilkd.key.nparser.KeyAst$File:  <unknown>:1#1 
124365     INFO  Test worker     d.u.i.k.n.KeyIO           MODE: declarations took 0 ms 
124365     DEBUG Test worker     d.u.i.k.n.KeyIO           MODE: 2nd degree decls took 0 
127339     INFO  Test worker     d.u.i.k.n.KeyIO           Parsing took 0 ms 
127339     DEBUG Test worker     d.u.i.k.n.KeyIO           Load declarations of de.uka.ilkd.key.nparser.KeyAst$File:  <unknown>:1#1 
127339     INFO  Test worker     d.u.i.k.n.KeyIO           MODE: declarations took 0 ms 
127339     DEBUG Test worker     d.u.i.k.n.KeyIO           MODE: 2nd degree decls took 0 
135841     INFO  Test worker     d.u.i.k.n.KeyIO           Parsing took 0 ms 
135841     DEBUG Test worker     d.u.i.k.n.KeyIO           Load declarations of de.uka.ilkd.key.nparser.KeyAst$File:  <unknown>:1#1 
135841     INFO  Test worker     d.u.i.k.n.KeyIO           MODE: declarations took 0 ms 
135841     DEBUG Test worker     d.u.i.k.n.KeyIO           MODE: 2nd degree decls took 0 
138608     INFO  Test worker     d.u.i.k.n.KeyIO           Parsing took 0 ms 
138608     DEBUG Test worker     d.u.i.k.n.KeyIO           Load declarations of de.uka.ilkd.key.nparser.KeyAst$File:  <unknown>:1#1 
138608     INFO  Test worker     d.u.i.k.n.KeyIO           MODE: declarations took 0 ms 
138608     DEBUG Test worker     d.u.i.k.n.KeyIO           MODE: 2nd degree decls took 0 
147539     INFO  Test worker     d.u.i.k.n.KeyIO           Parsing took 0 ms 
147539     DEBUG Test worker     d.u.i.k.n.KeyIO           Load declarations of de.uka.ilkd.key.nparser.KeyAst$File:  <unknown>:1#1 
147570     INFO  Test worker     d.u.i.k.n.KeyIO           MODE: declarations took 31 ms 
147570     DEBUG Test worker     d.u.i.k.n.KeyIO           MODE: 2nd degree decls took 0 
149727     INFO  Test worker     d.u.i.k.n.KeyIO           Parsing took 0 ms 
149727     DEBUG Test worker     d.u.i.k.n.KeyIO           Load declarations of de.uka.ilkd.key.nparser.KeyAst$File:  <unknown>:1#1 
149727     INFO  Test worker     d.u.i.k.n.KeyIO           MODE: declarations took 0 ms 
149727     DEBUG Test worker     d.u.i.k.n.KeyIO           MODE: 2nd degree decls took 0 
161204     INFO  Test worker     d.u.i.k.n.KeyIO           Parsing took 0 ms 
161204     DEBUG Test worker     d.u.i.k.n.KeyIO           Load declarations of de.uka.ilkd.key.nparser.KeyAst$File:  <unknown>:1#1 
161204     INFO  Test worker     d.u.i.k.n.KeyIO           MODE: declarations took 0 ms 
161204     DEBUG Test worker     d.u.i.k.n.KeyIO           MODE: 2nd degree decls took 0 
162924     INFO  Test worker     d.u.i.k.n.KeyIO           Parsing took 0 ms 
162924     DEBUG Test worker     d.u.i.k.n.KeyIO           Load declarations of de.uka.ilkd.key.nparser.KeyAst$File:  <unknown>:1#1 
162924     INFO  Test worker     d.u.i.k.n.KeyIO           MODE: declarations took 0 ms 
162924     DEBUG Test worker     d.u.i.k.n.KeyIO           MODE: 2nd degree decls took 0 
168553     INFO  Test worker     d.u.i.k.n.KeyIO           Parsing took 0 ms 
168553     DEBUG Test worker     d.u.i.k.n.KeyIO           Load declarations of de.uka.ilkd.key.nparser.KeyAst$File:  <unknown>:1#1 
168553     INFO  Test worker     d.u.i.k.n.KeyIO           MODE: declarations took 0 ms 
168553     DEBUG Test worker     d.u.i.k.n.KeyIO           MODE: 2nd degree decls took 0 
170210     INFO  Test worker     d.u.i.k.n.KeyIO           Parsing took 0 ms 
170210     DEBUG Test worker     d.u.i.k.n.KeyIO           Load declarations of de.uka.ilkd.key.nparser.KeyAst$File:  <unknown>:1#1 
170210     INFO  Test worker     d.u.i.k.n.KeyIO           MODE: declarations took 0 ms 
170210     DEBUG Test worker     d.u.i.k.n.KeyIO           MODE: 2nd degree decls took 0 
]]></system-out>
  <system-err><![CDATA[]]></system-err>
</testsuite>
