<?xml version="1.0" encoding="UTF-8"?>
<testsuite name="de.uka.ilkd.key.proof.TestOneStepSimplifier" tests="1" skipped="0" failures="0" errors="0" timestamp="2023-06-02T20:46:32" hostname="fv-az192-928" time="9.09">
  <properties/>
  <testcase name="loadWithRestriction()" classname="de.uka.ilkd.key.proof.TestOneStepSimplifier" time="9.09"/>
  <system-out><![CDATA[788278     INFO  Test worker     d.u.i.k.p.i.AbstractProblemLoader Loading environment from src\test\resources\testcase\ossRestriction.proof 
788278     DEBUG Test worker     d.u.i.k.p.i.AbstractProblemLoader Environment load took 238.9ns 
788278     INFO  Test worker     d.u.i.k.p.i.AbstractProblemLoader Creating init config 
788513     DEBUG Test worker     d.u.i.k.j.TypeConverter   No LDT found for Meta 
788513     DEBUG Test worker     d.u.i.k.j.TypeConverter   No LDT found for Meta 
788513     DEBUG Test worker     d.u.i.k.j.TypeConverter   No LDT found for Meta 
788513     DEBUG Test worker     d.u.i.k.j.TypeConverter   No LDT found for Meta 
789389     DEBUG Test worker     d.u.i.k.j.TypeConverter   No LDT found for JavaBigintExpression 
795752     DEBUG Test worker     d.u.i.k.p.i.AbstractProblemLoader Init config took 7.47s 
797190     INFO  Test worker     d.u.i.k.p.i.AbstractProblemLoader Replaying proof ossRestriction.proof 
797361     DEBUG Test worker     d.u.i.k.p.i.IntermediateProofReplayer Proof replay took 152.69ms 
]]></system-out>
  <system-err><![CDATA[]]></system-err>
</testsuite>
