<?xml version="1.0" encoding="UTF-8"?>
<testsuite name="de.uka.ilkd.key.parser.TestTermParserSorts" tests="2" skipped="0" failures="0" errors="0" timestamp="2023-06-02T20:46:26" hostname="fv-az192-928" time="5.601">
  <properties/>
  <testcase name="testParseIntegerArgs()" classname="de.uka.ilkd.key.parser.TestTermParserSorts" time="0.149"/>
  <testcase name="testParseSequencePrettySyntax()" classname="de.uka.ilkd.key.parser.TestTermParserSorts" time="0.003"/>
  <system-out><![CDATA[782602     INFO  Test worker     d.u.i.k.n.KeyIO           Parsing took 0 ms 
782602     DEBUG Test worker     d.u.i.k.n.KeyIO           Load declarations of de.uka.ilkd.key.nparser.KeyAst$File:  <unknown>:1#1 
782602     INFO  Test worker     d.u.i.k.n.KeyIO           MODE: declarations took 0 ms 
782602     DEBUG Test worker     d.u.i.k.n.KeyIO           MODE: 2nd degree decls took 0 
782602     INFO  Test worker     d.u.i.k.n.KeyIO           Parsing took 0 ms 
782602     DEBUG Test worker     d.u.i.k.n.KeyIO           Load declarations of de.uka.ilkd.key.nparser.KeyAst$File:  <unknown>:1#1 
782602     INFO  Test worker     d.u.i.k.n.KeyIO           MODE: declarations took 0 ms 
782602     DEBUG Test worker     d.u.i.k.n.KeyIO           MODE: 2nd degree decls took 0 
782602     INFO  Test worker     d.u.i.k.n.KeyIO           Parsing took 0 ms 
782618     DEBUG Test worker     d.u.i.k.n.KeyIO           Load declarations of de.uka.ilkd.key.nparser.KeyAst$File:  <unknown>:1#1 
782618     INFO  Test worker     d.u.i.k.n.KeyIO           MODE: declarations took 0 ms 
782618     DEBUG Test worker     d.u.i.k.n.KeyIO           MODE: 2nd degree decls took 0 
788200     INFO  Test worker     d.u.i.k.n.KeyIO           Parsing took 0 ms 
788200     DEBUG Test worker     d.u.i.k.n.KeyIO           Load declarations of de.uka.ilkd.key.nparser.KeyAst$File:  <unknown>:1#1 
788200     INFO  Test worker     d.u.i.k.n.KeyIO           MODE: declarations took 0 ms 
788200     DEBUG Test worker     d.u.i.k.n.KeyIO           MODE: 2nd degree decls took 0 
788200     INFO  Test worker     d.u.i.k.n.KeyIO           Parsing took 0 ms 
788200     DEBUG Test worker     d.u.i.k.n.KeyIO           Load declarations of de.uka.ilkd.key.nparser.KeyAst$File:  <unknown>:1#1 
788200     INFO  Test worker     d.u.i.k.n.KeyIO           MODE: declarations took 0 ms 
788200     DEBUG Test worker     d.u.i.k.n.KeyIO           MODE: 2nd degree decls took 0 
788200     INFO  Test worker     d.u.i.k.n.KeyIO           Parsing took 0 ms 
788200     DEBUG Test worker     d.u.i.k.n.KeyIO           Load declarations of de.uka.ilkd.key.nparser.KeyAst$File:  <unknown>:1#1 
788200     INFO  Test worker     d.u.i.k.n.KeyIO           MODE: declarations took 0 ms 
788200     DEBUG Test worker     d.u.i.k.n.KeyIO           MODE: 2nd degree decls took 0 
]]></system-out>
  <system-err><![CDATA[]]></system-err>
</testsuite>
