<?xml version="1.0" encoding="UTF-8"?>
<testsuite name="de.uka.ilkd.key.parser.TestTermParserHeap" tests="39" skipped="0" failures="0" errors="0" timestamp="2023-06-02T20:42:58" hostname="fv-az192-928" time="202.798">
  <properties/>
  <testcase name="testBracketHeapUpdate()" classname="de.uka.ilkd.key.parser.TestTermParserHeap" time="0.046"/>
  <testcase name="testStore()" classname="de.uka.ilkd.key.parser.TestTermParserHeap" time="0.02"/>
  <testcase name="testUnknownConstant()" classname="de.uka.ilkd.key.parser.TestTermParserHeap" time="0.006"/>
  <testcase name="testAllFieldsSelector()" classname="de.uka.ilkd.key.parser.TestTermParserHeap" time="0.004"/>
  <testcase name="testParsePrettyPrintedSelect()" classname="de.uka.ilkd.key.parser.TestTermParserHeap" time="0.006"/>
  <testcase name="testAccessStaticMembers()" classname="de.uka.ilkd.key.parser.TestTermParserHeap" time="0.023"/>
  <testcase name="testAtOperator_1()" classname="de.uka.ilkd.key.parser.TestTermParserHeap" time="0.01"/>
  <testcase name="testAtOperator_2()" classname="de.uka.ilkd.key.parser.TestTermParserHeap" time="0.004"/>
  <testcase name="testAtOperator_3()" classname="de.uka.ilkd.key.parser.TestTermParserHeap" time="0.005"/>
  <testcase name="testAtOperator_4()" classname="de.uka.ilkd.key.parser.TestTermParserHeap" time="0.01"/>
  <testcase name="testAtOperator_5()" classname="de.uka.ilkd.key.parser.TestTermParserHeap" time="0.009"/>
  <testcase name="testAtOperator_6()" classname="de.uka.ilkd.key.parser.TestTermParserHeap" time="0.007"/>
  <testcase name="testAtOperator_7()" classname="de.uka.ilkd.key.parser.TestTermParserHeap" time="0.005"/>
  <testcase name="testAtOperator_8()" classname="de.uka.ilkd.key.parser.TestTermParserHeap" time="0.009"/>
  <testcase name="testVerifyExceptionIfAtOperatorNotPreceededBySelectTerm()" classname="de.uka.ilkd.key.parser.TestTermParserHeap" time="0.009"/>
  <testcase name="testBugResettingCounter()" classname="de.uka.ilkd.key.parser.TestTermParserHeap" time="0.003"/>
  <testcase name="testLocationSets()" classname="de.uka.ilkd.key.parser.TestTermParserHeap" time="0.007"/>
  <testcase name="testQuantifiedSelect()" classname="de.uka.ilkd.key.parser.TestTermParserHeap" time="0.005"/>
  <testcase name="testGenericObjectProperties()" classname="de.uka.ilkd.key.parser.TestTermParserHeap" time="0.006"/>
  <testcase name="testQueryInheritance_1()" classname="de.uka.ilkd.key.parser.TestTermParserHeap" time="0.005"/>
  <testcase name="testQueryInheritance_2()" classname="de.uka.ilkd.key.parser.TestTermParserHeap" time="0.009"/>
  <testcase name="testQueryInheritance_3()" classname="de.uka.ilkd.key.parser.TestTermParserHeap" time="0.006"/>
  <testcase name="testQueryInheritance_4()" classname="de.uka.ilkd.key.parser.TestTermParserHeap" time="0.007"/>
  <testcase name="testQueryInheritance_5()" classname="de.uka.ilkd.key.parser.TestTermParserHeap" time="0.006"/>
  <testcase name="testQueryInheritance_6()" classname="de.uka.ilkd.key.parser.TestTermParserHeap" time="0.008"/>
  <testcase name="testQueryInheritance_7()" classname="de.uka.ilkd.key.parser.TestTermParserHeap" time="0.003"/>
  <testcase name="testQueryInheritance_8()" classname="de.uka.ilkd.key.parser.TestTermParserHeap" time="0.006"/>
  <testcase name="testQueryInheritance_9()" classname="de.uka.ilkd.key.parser.TestTermParserHeap" time="0.005"/>
  <testcase name="testQueryBasic_10()" classname="de.uka.ilkd.key.parser.TestTermParserHeap" time="0.005"/>
  <testcase name="testQueryBasic_11()" classname="de.uka.ilkd.key.parser.TestTermParserHeap" time="0.006"/>
  <testcase name="testQueryBasic_1()" classname="de.uka.ilkd.key.parser.TestTermParserHeap" time="0.004"/>
  <testcase name="testQueryBasic_2()" classname="de.uka.ilkd.key.parser.TestTermParserHeap" time="0.006"/>
  <testcase name="testQueryBasic_3()" classname="de.uka.ilkd.key.parser.TestTermParserHeap" time="0.011"/>
  <testcase name="testQueryBasic_4()" classname="de.uka.ilkd.key.parser.TestTermParserHeap" time="0.012"/>
  <testcase name="testQueryBasic_5()" classname="de.uka.ilkd.key.parser.TestTermParserHeap" time="0.005"/>
  <testcase name="testQueryBasic_6()" classname="de.uka.ilkd.key.parser.TestTermParserHeap" time="0.007"/>
  <testcase name="testQueryBasic_7()" classname="de.uka.ilkd.key.parser.TestTermParserHeap" time="0.007"/>
  <testcase name="testQueryBasic_8()" classname="de.uka.ilkd.key.parser.TestTermParserHeap" time="0.003"/>
  <testcase name="testQueryBasic_9()" classname="de.uka.ilkd.key.parser.TestTermParserHeap" time="0.006"/>
  <system-out><![CDATA[574337     INFO  Test worker     d.u.i.k.n.KeyIO           Parsing took 0 ms 
574337     DEBUG Test worker     d.u.i.k.n.KeyIO           Load declarations of de.uka.ilkd.key.nparser.KeyAst$File:  <unknown>:1#1 
574337     INFO  Test worker     d.u.i.k.n.KeyIO           MODE: declarations took 0 ms 
574337     DEBUG Test worker     d.u.i.k.n.KeyIO           MODE: 2nd degree decls took 0 
574337     INFO  Test worker     d.u.i.k.n.KeyIO           Parsing took 0 ms 
574337     DEBUG Test worker     d.u.i.k.n.KeyIO           Load declarations of de.uka.ilkd.key.nparser.KeyAst$File:  <unknown>:1#1 
574337     INFO  Test worker     d.u.i.k.n.KeyIO           MODE: declarations took 0 ms 
574337     DEBUG Test worker     d.u.i.k.n.KeyIO           MODE: 2nd degree decls took 0 
574337     INFO  Test worker     d.u.i.k.n.KeyIO           Parsing took 0 ms 
574337     DEBUG Test worker     d.u.i.k.n.KeyIO           Load declarations of de.uka.ilkd.key.nparser.KeyAst$File:  <unknown>:1#1 
574337     INFO  Test worker     d.u.i.k.n.KeyIO           MODE: declarations took 0 ms 
574337     DEBUG Test worker     d.u.i.k.n.KeyIO           MODE: 2nd degree decls took 0 
574337     INFO  Test worker     d.u.i.k.n.KeyIO           Parsing took 0 ms 
574337     DEBUG Test worker     d.u.i.k.n.KeyIO           Load declarations of de.uka.ilkd.key.nparser.KeyAst$File:  <unknown>:1#1 
574337     INFO  Test worker     d.u.i.k.n.KeyIO           MODE: declarations took 0 ms 
574337     DEBUG Test worker     d.u.i.k.n.KeyIO           MODE: 2nd degree decls took 0 
574337     INFO  Test worker     d.u.i.k.n.KeyIO           Parsing took 0 ms 
574337     DEBUG Test worker     d.u.i.k.n.KeyIO           Load declarations of de.uka.ilkd.key.nparser.KeyAst$File:  <unknown>:1#1 
574337     INFO  Test worker     d.u.i.k.n.KeyIO           MODE: declarations took 0 ms 
574337     DEBUG Test worker     d.u.i.k.n.KeyIO           MODE: 2nd degree decls took 0 
579825     INFO  Test worker     d.u.i.k.n.KeyIO           Parsing took 0 ms 
579825     DEBUG Test worker     d.u.i.k.n.KeyIO           Load declarations of de.uka.ilkd.key.nparser.KeyAst$File:  <unknown>:1#1 
579825     INFO  Test worker     d.u.i.k.n.KeyIO           MODE: declarations took 0 ms 
579825     DEBUG Test worker     d.u.i.k.n.KeyIO           MODE: 2nd degree decls took 0 
579825     INFO  Test worker     d.u.i.k.n.KeyIO           Parsing took 0 ms 
579825     DEBUG Test worker     d.u.i.k.n.KeyIO           Load declarations of de.uka.ilkd.key.nparser.KeyAst$File:  <unknown>:1#1 
579825     INFO  Test worker     d.u.i.k.n.KeyIO           MODE: declarations took 0 ms 
579825     DEBUG Test worker     d.u.i.k.n.KeyIO           MODE: 2nd degree decls took 0 
579825     INFO  Test worker     d.u.i.k.n.KeyIO           Parsing took 0 ms 
579825     DEBUG Test worker     d.u.i.k.n.KeyIO           Load declarations of de.uka.ilkd.key.nparser.KeyAst$File:  <unknown>:1#1 
579825     INFO  Test worker     d.u.i.k.n.KeyIO           MODE: declarations took 0 ms 
579825     DEBUG Test worker     d.u.i.k.n.KeyIO           MODE: 2nd degree decls took 0 
579825     INFO  Test worker     d.u.i.k.n.KeyIO           Parsing took 0 ms 
579825     DEBUG Test worker     d.u.i.k.n.KeyIO           Load declarations of de.uka.ilkd.key.nparser.KeyAst$File:  <unknown>:1#1 
579825     INFO  Test worker     d.u.i.k.n.KeyIO           MODE: declarations took 0 ms 
579825     DEBUG Test worker     d.u.i.k.n.KeyIO           MODE: 2nd degree decls took 0 
579825     INFO  Test worker     d.u.i.k.n.KeyIO           Parsing took 0 ms 
579825     DEBUG Test worker     d.u.i.k.n.KeyIO           Load declarations of de.uka.ilkd.key.nparser.KeyAst$File:  <unknown>:1#1 
579825     INFO  Test worker     d.u.i.k.n.KeyIO           MODE: declarations took 0 ms 
579825     DEBUG Test worker     d.u.i.k.n.KeyIO           MODE: 2nd degree decls took 0 
585172     INFO  Test worker     d.u.i.k.n.KeyIO           Parsing took 0 ms 
585172     DEBUG Test worker     d.u.i.k.n.KeyIO           Load declarations of de.uka.ilkd.key.nparser.KeyAst$File:  <unknown>:1#1 
585172     INFO  Test worker     d.u.i.k.n.KeyIO           MODE: declarations took 0 ms 
585172     DEBUG Test worker     d.u.i.k.n.KeyIO           MODE: 2nd degree decls took 0 
585172     INFO  Test worker     d.u.i.k.n.KeyIO           Parsing took 0 ms 
585172     DEBUG Test worker     d.u.i.k.n.KeyIO           Load declarations of de.uka.ilkd.key.nparser.KeyAst$File:  <unknown>:1#1 
585172     INFO  Test worker     d.u.i.k.n.KeyIO           MODE: declarations took 0 ms 
585172     DEBUG Test worker     d.u.i.k.n.KeyIO           MODE: 2nd degree decls took 0 
585172     INFO  Test worker     d.u.i.k.n.KeyIO           Parsing took 0 ms 
585172     DEBUG Test worker     d.u.i.k.n.KeyIO           Load declarations of de.uka.ilkd.key.nparser.KeyAst$File:  <unknown>:1#1 
585172     INFO  Test worker     d.u.i.k.n.KeyIO           MODE: declarations took 0 ms 
585172     DEBUG Test worker     d.u.i.k.n.KeyIO           MODE: 2nd degree decls took 0 
585172     INFO  Test worker     d.u.i.k.n.KeyIO           Parsing took 0 ms 
585172     DEBUG Test worker     d.u.i.k.n.KeyIO           Load declarations of de.uka.ilkd.key.nparser.KeyAst$File:  <unknown>:1#1 
585172     INFO  Test worker     d.u.i.k.n.KeyIO           MODE: declarations took 0 ms 
585172     DEBUG Test worker     d.u.i.k.n.KeyIO           MODE: 2nd degree decls took 0 
585172     INFO  Test worker     d.u.i.k.n.KeyIO           Parsing took 0 ms 
585172     DEBUG Test worker     d.u.i.k.n.KeyIO           Load declarations of de.uka.ilkd.key.nparser.KeyAst$File:  <unknown>:1#1 
585172     INFO  Test worker     d.u.i.k.n.KeyIO           MODE: declarations took 0 ms 
585172     DEBUG Test worker     d.u.i.k.n.KeyIO           MODE: 2nd degree decls took 0 
585172     INFO  Test worker     d.u.i.k.n.KeyIO           Parsing took 0 ms 
585172     DEBUG Test worker     d.u.i.k.n.KeyIO           Load declarations of de.uka.ilkd.key.nparser.KeyAst$File:  <unknown>:1#1 
585172     INFO  Test worker     d.u.i.k.n.KeyIO           MODE: declarations took 0 ms 
585172     DEBUG Test worker     d.u.i.k.n.KeyIO           MODE: 2nd degree decls took 0 
590550     INFO  Test worker     d.u.i.k.n.KeyIO           Parsing took 0 ms 
590550     DEBUG Test worker     d.u.i.k.n.KeyIO           Load declarations of de.uka.ilkd.key.nparser.KeyAst$File:  <unknown>:1#1 
590550     INFO  Test worker     d.u.i.k.n.KeyIO           MODE: declarations took 0 ms 
590550     DEBUG Test worker     d.u.i.k.n.KeyIO           MODE: 2nd degree decls took 0 
590550     INFO  Test worker     d.u.i.k.n.KeyIO           Parsing took 0 ms 
590550     DEBUG Test worker     d.u.i.k.n.KeyIO           Load declarations of de.uka.ilkd.key.nparser.KeyAst$File:  <unknown>:1#1 
590550     INFO  Test worker     d.u.i.k.n.KeyIO           MODE: declarations took 0 ms 
590550     DEBUG Test worker     d.u.i.k.n.KeyIO           MODE: 2nd degree decls took 0 
590550     INFO  Test worker     d.u.i.k.n.KeyIO           Parsing took 0 ms 
590550     DEBUG Test worker     d.u.i.k.n.KeyIO           Load declarations of de.uka.ilkd.key.nparser.KeyAst$File:  <unknown>:1#1 
590550     INFO  Test worker     d.u.i.k.n.KeyIO           MODE: declarations took 0 ms 
590550     DEBUG Test worker     d.u.i.k.n.KeyIO           MODE: 2nd degree decls took 0 
590550     INFO  Test worker     d.u.i.k.n.KeyIO           Parsing took 0 ms 
590550     DEBUG Test worker     d.u.i.k.n.KeyIO           Load declarations of de.uka.ilkd.key.nparser.KeyAst$File:  <unknown>:1#1 
590550     INFO  Test worker     d.u.i.k.n.KeyIO           MODE: declarations took 0 ms 
590550     DEBUG Test worker     d.u.i.k.n.KeyIO           MODE: 2nd degree decls took 0 
590550     INFO  Test worker     d.u.i.k.n.KeyIO           Parsing took 0 ms 
590550     DEBUG Test worker     d.u.i.k.n.KeyIO           Load declarations of de.uka.ilkd.key.nparser.KeyAst$File:  <unknown>:1#1 
590550     INFO  Test worker     d.u.i.k.n.KeyIO           MODE: declarations took 0 ms 
590550     DEBUG Test worker     d.u.i.k.n.KeyIO           MODE: 2nd degree decls took 0 
595741     INFO  Test worker     d.u.i.k.n.KeyIO           Parsing took 0 ms 
595741     DEBUG Test worker     d.u.i.k.n.KeyIO           Load declarations of de.uka.ilkd.key.nparser.KeyAst$File:  <unknown>:1#1 
595741     INFO  Test worker     d.u.i.k.n.KeyIO           MODE: declarations took 0 ms 
595741     DEBUG Test worker     d.u.i.k.n.KeyIO           MODE: 2nd degree decls took 0 
595741     INFO  Test worker     d.u.i.k.n.KeyIO           Parsing took 0 ms 
595741     DEBUG Test worker     d.u.i.k.n.KeyIO           Load declarations of de.uka.ilkd.key.nparser.KeyAst$File:  <unknown>:1#1 
595741     INFO  Test worker     d.u.i.k.n.KeyIO           MODE: declarations took 0 ms 
595741     DEBUG Test worker     d.u.i.k.n.KeyIO           MODE: 2nd degree decls took 0 
595741     INFO  Test worker     d.u.i.k.n.KeyIO           Parsing took 0 ms 
595741     DEBUG Test worker     d.u.i.k.n.KeyIO           Load declarations of de.uka.ilkd.key.nparser.KeyAst$File:  <unknown>:1#1 
595741     INFO  Test worker     d.u.i.k.n.KeyIO           MODE: declarations took 0 ms 
595741     DEBUG Test worker     d.u.i.k.n.KeyIO           MODE: 2nd degree decls took 0 
595741     INFO  Test worker     d.u.i.k.n.KeyIO           Parsing took 0 ms 
595741     DEBUG Test worker     d.u.i.k.n.KeyIO           Load declarations of de.uka.ilkd.key.nparser.KeyAst$File:  <unknown>:1#1 
595741     INFO  Test worker     d.u.i.k.n.KeyIO           MODE: declarations took 0 ms 
595741     DEBUG Test worker     d.u.i.k.n.KeyIO           MODE: 2nd degree decls took 0 
595741     INFO  Test worker     d.u.i.k.n.KeyIO           Parsing took 0 ms 
595741     DEBUG Test worker     d.u.i.k.n.KeyIO           Load declarations of de.uka.ilkd.key.nparser.KeyAst$File:  <unknown>:1#1 
595741     INFO  Test worker     d.u.i.k.n.KeyIO           MODE: declarations took 0 ms 
595741     DEBUG Test worker     d.u.i.k.n.KeyIO           MODE: 2nd degree decls took 0 
601024     INFO  Test worker     d.u.i.k.n.KeyIO           Parsing took 0 ms 
601024     DEBUG Test worker     d.u.i.k.n.KeyIO           Load declarations of de.uka.ilkd.key.nparser.KeyAst$File:  <unknown>:1#1 
601024     INFO  Test worker     d.u.i.k.n.KeyIO           MODE: declarations took 0 ms 
601024     DEBUG Test worker     d.u.i.k.n.KeyIO           MODE: 2nd degree decls took 0 
601024     INFO  Test worker     d.u.i.k.n.KeyIO           Parsing took 0 ms 
601024     DEBUG Test worker     d.u.i.k.n.KeyIO           Load declarations of de.uka.ilkd.key.nparser.KeyAst$File:  <unknown>:1#1 
601024     INFO  Test worker     d.u.i.k.n.KeyIO           MODE: declarations took 0 ms 
601024     DEBUG Test worker     d.u.i.k.n.KeyIO           MODE: 2nd degree decls took 0 
601024     INFO  Test worker     d.u.i.k.n.KeyIO           Parsing took 0 ms 
601024     DEBUG Test worker     d.u.i.k.n.KeyIO           Load declarations of de.uka.ilkd.key.nparser.KeyAst$File:  <unknown>:1#1 
601040     INFO  Test worker     d.u.i.k.n.KeyIO           MODE: declarations took 16 ms 
601040     DEBUG Test worker     d.u.i.k.n.KeyIO           MODE: 2nd degree decls took 0 
601040     INFO  Test worker     d.u.i.k.n.KeyIO           Parsing took 0 ms 
601040     DEBUG Test worker     d.u.i.k.n.KeyIO           Load declarations of de.uka.ilkd.key.nparser.KeyAst$File:  <unknown>:1#1 
601040     INFO  Test worker     d.u.i.k.n.KeyIO           MODE: declarations took 0 ms 
601040     DEBUG Test worker     d.u.i.k.n.KeyIO           MODE: 2nd degree decls took 0 
601040     INFO  Test worker     d.u.i.k.n.KeyIO           Parsing took 0 ms 
601040     DEBUG Test worker     d.u.i.k.n.KeyIO           Load declarations of de.uka.ilkd.key.nparser.KeyAst$File:  <unknown>:1#1 
601040     INFO  Test worker     d.u.i.k.n.KeyIO           MODE: declarations took 0 ms 
601040     DEBUG Test worker     d.u.i.k.n.KeyIO           MODE: 2nd degree decls took 0 
606309     INFO  Test worker     d.u.i.k.n.KeyIO           Parsing took 0 ms 
606309     DEBUG Test worker     d.u.i.k.n.KeyIO           Load declarations of de.uka.ilkd.key.nparser.KeyAst$File:  <unknown>:1#1 
606309     INFO  Test worker     d.u.i.k.n.KeyIO           MODE: declarations took 0 ms 
606309     DEBUG Test worker     d.u.i.k.n.KeyIO           MODE: 2nd degree decls took 0 
606309     INFO  Test worker     d.u.i.k.n.KeyIO           Parsing took 0 ms 
606309     DEBUG Test worker     d.u.i.k.n.KeyIO           Load declarations of de.uka.ilkd.key.nparser.KeyAst$File:  <unknown>:1#1 
606309     INFO  Test worker     d.u.i.k.n.KeyIO           MODE: declarations took 0 ms 
606309     DEBUG Test worker     d.u.i.k.n.KeyIO           MODE: 2nd degree decls took 0 
606309     INFO  Test worker     d.u.i.k.n.KeyIO           Parsing took 0 ms 
606309     DEBUG Test worker     d.u.i.k.n.KeyIO           Load declarations of de.uka.ilkd.key.nparser.KeyAst$File:  <unknown>:1#1 
606309     INFO  Test worker     d.u.i.k.n.KeyIO           MODE: declarations took 0 ms 
606309     DEBUG Test worker     d.u.i.k.n.KeyIO           MODE: 2nd degree decls took 0 
606309     INFO  Test worker     d.u.i.k.n.KeyIO           Parsing took 0 ms 
606309     DEBUG Test worker     d.u.i.k.n.KeyIO           Load declarations of de.uka.ilkd.key.nparser.KeyAst$File:  <unknown>:1#1 
606309     INFO  Test worker     d.u.i.k.n.KeyIO           MODE: declarations took 0 ms 
606309     DEBUG Test worker     d.u.i.k.n.KeyIO           MODE: 2nd degree decls took 0 
606309     INFO  Test worker     d.u.i.k.n.KeyIO           Parsing took 0 ms 
606309     DEBUG Test worker     d.u.i.k.n.KeyIO           Load declarations of de.uka.ilkd.key.nparser.KeyAst$File:  <unknown>:1#1 
606309     INFO  Test worker     d.u.i.k.n.KeyIO           MODE: declarations took 0 ms 
606309     DEBUG Test worker     d.u.i.k.n.KeyIO           MODE: 2nd degree decls took 0 
611672     INFO  Test worker     d.u.i.k.n.KeyIO           Parsing took 0 ms 
611672     DEBUG Test worker     d.u.i.k.n.KeyIO           Load declarations of de.uka.ilkd.key.nparser.KeyAst$File:  <unknown>:1#1 
611672     INFO  Test worker     d.u.i.k.n.KeyIO           MODE: declarations took 0 ms 
611672     DEBUG Test worker     d.u.i.k.n.KeyIO           MODE: 2nd degree decls took 0 
611672     INFO  Test worker     d.u.i.k.n.KeyIO           Parsing took 0 ms 
611672     DEBUG Test worker     d.u.i.k.n.KeyIO           Load declarations of de.uka.ilkd.key.nparser.KeyAst$File:  <unknown>:1#1 
611672     INFO  Test worker     d.u.i.k.n.KeyIO           MODE: declarations took 0 ms 
611672     DEBUG Test worker     d.u.i.k.n.KeyIO           MODE: 2nd degree decls took 0 
611672     INFO  Test worker     d.u.i.k.n.KeyIO           Parsing took 0 ms 
611672     DEBUG Test worker     d.u.i.k.n.KeyIO           Load declarations of de.uka.ilkd.key.nparser.KeyAst$File:  <unknown>:1#1 
611672     INFO  Test worker     d.u.i.k.n.KeyIO           MODE: declarations took 0 ms 
611672     DEBUG Test worker     d.u.i.k.n.KeyIO           MODE: 2nd degree decls took 0 
611672     INFO  Test worker     d.u.i.k.n.KeyIO           Parsing took 0 ms 
611672     DEBUG Test worker     d.u.i.k.n.KeyIO           Load declarations of de.uka.ilkd.key.nparser.KeyAst$File:  <unknown>:1#1 
611672     INFO  Test worker     d.u.i.k.n.KeyIO           MODE: declarations took 0 ms 
611672     DEBUG Test worker     d.u.i.k.n.KeyIO           MODE: 2nd degree decls took 0 
611672     INFO  Test worker     d.u.i.k.n.KeyIO           Parsing took 0 ms 
611672     DEBUG Test worker     d.u.i.k.n.KeyIO           Load declarations of de.uka.ilkd.key.nparser.KeyAst$File:  <unknown>:1#1 
611672     INFO  Test worker     d.u.i.k.n.KeyIO           MODE: declarations took 0 ms 
611672     DEBUG Test worker     d.u.i.k.n.KeyIO           MODE: 2nd degree decls took 0 
616958     INFO  Test worker     d.u.i.k.n.KeyIO           Parsing took 0 ms 
616958     DEBUG Test worker     d.u.i.k.n.KeyIO           Load declarations of de.uka.ilkd.key.nparser.KeyAst$File:  <unknown>:1#1 
616958     INFO  Test worker     d.u.i.k.n.KeyIO           MODE: declarations took 0 ms 
616958     DEBUG Test worker     d.u.i.k.n.KeyIO           MODE: 2nd degree decls took 0 
616958     INFO  Test worker     d.u.i.k.n.KeyIO           Parsing took 0 ms 
616958     DEBUG Test worker     d.u.i.k.n.KeyIO           Load declarations of de.uka.ilkd.key.nparser.KeyAst$File:  <unknown>:1#1 
616958     INFO  Test worker     d.u.i.k.n.KeyIO           MODE: declarations took 0 ms 
616958     DEBUG Test worker     d.u.i.k.n.KeyIO           MODE: 2nd degree decls took 0 
616958     INFO  Test worker     d.u.i.k.n.KeyIO           Parsing took 0 ms 
616958     DEBUG Test worker     d.u.i.k.n.KeyIO           Load declarations of de.uka.ilkd.key.nparser.KeyAst$File:  <unknown>:1#1 
616958     INFO  Test worker     d.u.i.k.n.KeyIO           MODE: declarations took 0 ms 
616958     DEBUG Test worker     d.u.i.k.n.KeyIO           MODE: 2nd degree decls took 0 
616958     INFO  Test worker     d.u.i.k.n.KeyIO           Parsing took 0 ms 
616958     DEBUG Test worker     d.u.i.k.n.KeyIO           Load declarations of de.uka.ilkd.key.nparser.KeyAst$File:  <unknown>:1#1 
616958     INFO  Test worker     d.u.i.k.n.KeyIO           MODE: declarations took 0 ms 
616958     DEBUG Test worker     d.u.i.k.n.KeyIO           MODE: 2nd degree decls took 0 
616958     INFO  Test worker     d.u.i.k.n.KeyIO           Parsing took 0 ms 
616958     DEBUG Test worker     d.u.i.k.n.KeyIO           Load declarations of de.uka.ilkd.key.nparser.KeyAst$File:  <unknown>:1#1 
616958     INFO  Test worker     d.u.i.k.n.KeyIO           MODE: declarations took 0 ms 
616958     DEBUG Test worker     d.u.i.k.n.KeyIO           MODE: 2nd degree decls took 0 
622336     INFO  Test worker     d.u.i.k.n.KeyIO           Parsing took 0 ms 
622336     DEBUG Test worker     d.u.i.k.n.KeyIO           Load declarations of de.uka.ilkd.key.nparser.KeyAst$File:  <unknown>:1#1 
622351     INFO  Test worker     d.u.i.k.n.KeyIO           MODE: declarations took 15 ms 
622351     DEBUG Test worker     d.u.i.k.n.KeyIO           MODE: 2nd degree decls took 0 
622351     INFO  Test worker     d.u.i.k.n.KeyIO           Parsing took 0 ms 
622351     DEBUG Test worker     d.u.i.k.n.KeyIO           Load declarations of de.uka.ilkd.key.nparser.KeyAst$File:  <unknown>:1#1 
622351     INFO  Test worker     d.u.i.k.n.KeyIO           MODE: declarations took 0 ms 
622351     DEBUG Test worker     d.u.i.k.n.KeyIO           MODE: 2nd degree decls took 0 
622351     INFO  Test worker     d.u.i.k.n.KeyIO           Parsing took 0 ms 
622351     DEBUG Test worker     d.u.i.k.n.KeyIO           Load declarations of de.uka.ilkd.key.nparser.KeyAst$File:  <unknown>:1#1 
622351     INFO  Test worker     d.u.i.k.n.KeyIO           MODE: declarations took 0 ms 
622351     DEBUG Test worker     d.u.i.k.n.KeyIO           MODE: 2nd degree decls took 0 
622351     INFO  Test worker     d.u.i.k.n.KeyIO           Parsing took 0 ms 
622351     DEBUG Test worker     d.u.i.k.n.KeyIO           Load declarations of de.uka.ilkd.key.nparser.KeyAst$File:  <unknown>:1#1 
622351     INFO  Test worker     d.u.i.k.n.KeyIO           MODE: declarations took 0 ms 
622351     DEBUG Test worker     d.u.i.k.n.KeyIO           MODE: 2nd degree decls took 0 
622351     INFO  Test worker     d.u.i.k.n.KeyIO           Parsing took 0 ms 
622351     DEBUG Test worker     d.u.i.k.n.KeyIO           Load declarations of de.uka.ilkd.key.nparser.KeyAst$File:  <unknown>:1#1 
622351     INFO  Test worker     d.u.i.k.n.KeyIO           MODE: declarations took 0 ms 
622351     DEBUG Test worker     d.u.i.k.n.KeyIO           MODE: 2nd degree decls took 0 
627682     INFO  Test worker     d.u.i.k.n.KeyIO           Parsing took 0 ms 
627682     DEBUG Test worker     d.u.i.k.n.KeyIO           Load declarations of de.uka.ilkd.key.nparser.KeyAst$File:  <unknown>:1#1 
627682     INFO  Test worker     d.u.i.k.n.KeyIO           MODE: declarations took 0 ms 
627698     DEBUG Test worker     d.u.i.k.n.KeyIO           MODE: 2nd degree decls took 0 
627698     INFO  Test worker     d.u.i.k.n.KeyIO           Parsing took 0 ms 
627698     DEBUG Test worker     d.u.i.k.n.KeyIO           Load declarations of de.uka.ilkd.key.nparser.KeyAst$File:  <unknown>:1#1 
627698     INFO  Test worker     d.u.i.k.n.KeyIO           MODE: declarations took 0 ms 
627698     DEBUG Test worker     d.u.i.k.n.KeyIO           MODE: 2nd degree decls took 0 
627698     INFO  Test worker     d.u.i.k.n.KeyIO           Parsing took 0 ms 
627698     DEBUG Test worker     d.u.i.k.n.KeyIO           Load declarations of de.uka.ilkd.key.nparser.KeyAst$File:  <unknown>:1#1 
627698     INFO  Test worker     d.u.i.k.n.KeyIO           MODE: declarations took 0 ms 
627698     DEBUG Test worker     d.u.i.k.n.KeyIO           MODE: 2nd degree decls took 0 
627698     INFO  Test worker     d.u.i.k.n.KeyIO           Parsing took 0 ms 
627698     DEBUG Test worker     d.u.i.k.n.KeyIO           Load declarations of de.uka.ilkd.key.nparser.KeyAst$File:  <unknown>:1#1 
627698     INFO  Test worker     d.u.i.k.n.KeyIO           MODE: declarations took 0 ms 
627698     DEBUG Test worker     d.u.i.k.n.KeyIO           MODE: 2nd degree decls took 0 
627698     INFO  Test worker     d.u.i.k.n.KeyIO           Parsing took 0 ms 
627698     DEBUG Test worker     d.u.i.k.n.KeyIO           Load declarations of de.uka.ilkd.key.nparser.KeyAst$File:  <unknown>:1#1 
627698     INFO  Test worker     d.u.i.k.n.KeyIO           MODE: declarations took 0 ms 
627698     DEBUG Test worker     d.u.i.k.n.KeyIO           MODE: 2nd degree decls took 0 
632968     INFO  Test worker     d.u.i.k.n.KeyIO           Parsing took 0 ms 
632968     DEBUG Test worker     d.u.i.k.n.KeyIO           Load declarations of de.uka.ilkd.key.nparser.KeyAst$File:  <unknown>:1#1 
632968     INFO  Test worker     d.u.i.k.n.KeyIO           MODE: declarations took 0 ms 
632968     DEBUG Test worker     d.u.i.k.n.KeyIO           MODE: 2nd degree decls took 0 
632968     INFO  Test worker     d.u.i.k.n.KeyIO           Parsing took 0 ms 
632968     DEBUG Test worker     d.u.i.k.n.KeyIO           Load declarations of de.uka.ilkd.key.nparser.KeyAst$File:  <unknown>:1#1 
632968     INFO  Test worker     d.u.i.k.n.KeyIO           MODE: declarations took 0 ms 
632968     DEBUG Test worker     d.u.i.k.n.KeyIO           MODE: 2nd degree decls took 0 
632968     INFO  Test worker     d.u.i.k.n.KeyIO           Parsing took 0 ms 
632968     DEBUG Test worker     d.u.i.k.n.KeyIO           Load declarations of de.uka.ilkd.key.nparser.KeyAst$File:  <unknown>:1#1 
632968     INFO  Test worker     d.u.i.k.n.KeyIO           MODE: declarations took 0 ms 
632968     DEBUG Test worker     d.u.i.k.n.KeyIO           MODE: 2nd degree decls took 0 
632983     INFO  Test worker     d.u.i.k.n.KeyIO           Parsing took 15 ms 
632983     DEBUG Test worker     d.u.i.k.n.KeyIO           Load declarations of de.uka.ilkd.key.nparser.KeyAst$File:  <unknown>:1#1 
632983     INFO  Test worker     d.u.i.k.n.KeyIO           MODE: declarations took 0 ms 
632983     DEBUG Test worker     d.u.i.k.n.KeyIO           MODE: 2nd degree decls took 0 
632983     INFO  Test worker     d.u.i.k.n.KeyIO           Parsing took 0 ms 
632983     DEBUG Test worker     d.u.i.k.n.KeyIO           Load declarations of de.uka.ilkd.key.nparser.KeyAst$File:  <unknown>:1#1 
632983     INFO  Test worker     d.u.i.k.n.KeyIO           MODE: declarations took 0 ms 
632983     DEBUG Test worker     d.u.i.k.n.KeyIO           MODE: 2nd degree decls took 0 
638334     INFO  Test worker     d.u.i.k.n.KeyIO           Parsing took 0 ms 
638334     DEBUG Test worker     d.u.i.k.n.KeyIO           Load declarations of de.uka.ilkd.key.nparser.KeyAst$File:  <unknown>:1#1 
638334     INFO  Test worker     d.u.i.k.n.KeyIO           MODE: declarations took 0 ms 
638334     DEBUG Test worker     d.u.i.k.n.KeyIO           MODE: 2nd degree decls took 0 
638334     INFO  Test worker     d.u.i.k.n.KeyIO           Parsing took 0 ms 
638334     DEBUG Test worker     d.u.i.k.n.KeyIO           Load declarations of de.uka.ilkd.key.nparser.KeyAst$File:  <unknown>:1#1 
638334     INFO  Test worker     d.u.i.k.n.KeyIO           MODE: declarations took 0 ms 
638334     DEBUG Test worker     d.u.i.k.n.KeyIO           MODE: 2nd degree decls took 0 
638334     INFO  Test worker     d.u.i.k.n.KeyIO           Parsing took 0 ms 
638334     DEBUG Test worker     d.u.i.k.n.KeyIO           Load declarations of de.uka.ilkd.key.nparser.KeyAst$File:  <unknown>:1#1 
638334     INFO  Test worker     d.u.i.k.n.KeyIO           MODE: declarations took 0 ms 
638334     DEBUG Test worker     d.u.i.k.n.KeyIO           MODE: 2nd degree decls took 0 
638334     INFO  Test worker     d.u.i.k.n.KeyIO           Parsing took 0 ms 
638334     DEBUG Test worker     d.u.i.k.n.KeyIO           Load declarations of de.uka.ilkd.key.nparser.KeyAst$File:  <unknown>:1#1 
638334     INFO  Test worker     d.u.i.k.n.KeyIO           MODE: declarations took 0 ms 
638334     DEBUG Test worker     d.u.i.k.n.KeyIO           MODE: 2nd degree decls took 0 
638334     INFO  Test worker     d.u.i.k.n.KeyIO           Parsing took 0 ms 
638334     DEBUG Test worker     d.u.i.k.n.KeyIO           Load declarations of de.uka.ilkd.key.nparser.KeyAst$File:  <unknown>:1#1 
638334     INFO  Test worker     d.u.i.k.n.KeyIO           MODE: declarations took 0 ms 
638334     DEBUG Test worker     d.u.i.k.n.KeyIO           MODE: 2nd degree decls took 0 
643602     INFO  Test worker     d.u.i.k.n.KeyIO           Parsing took 0 ms 
643602     DEBUG Test worker     d.u.i.k.n.KeyIO           Load declarations of de.uka.ilkd.key.nparser.KeyAst$File:  <unknown>:1#1 
643602     INFO  Test worker     d.u.i.k.n.KeyIO           MODE: declarations took 0 ms 
643602     DEBUG Test worker     d.u.i.k.n.KeyIO           MODE: 2nd degree decls took 0 
643602     INFO  Test worker     d.u.i.k.n.KeyIO           Parsing took 0 ms 
643602     DEBUG Test worker     d.u.i.k.n.KeyIO           Load declarations of de.uka.ilkd.key.nparser.KeyAst$File:  <unknown>:1#1 
643602     INFO  Test worker     d.u.i.k.n.KeyIO           MODE: declarations took 0 ms 
643602     DEBUG Test worker     d.u.i.k.n.KeyIO           MODE: 2nd degree decls took 0 
643602     INFO  Test worker     d.u.i.k.n.KeyIO           Parsing took 0 ms 
643602     DEBUG Test worker     d.u.i.k.n.KeyIO           Load declarations of de.uka.ilkd.key.nparser.KeyAst$File:  <unknown>:1#1 
643602     INFO  Test worker     d.u.i.k.n.KeyIO           MODE: declarations took 0 ms 
643602     DEBUG Test worker     d.u.i.k.n.KeyIO           MODE: 2nd degree decls took 0 
643602     INFO  Test worker     d.u.i.k.n.KeyIO           Parsing took 0 ms 
643602     DEBUG Test worker     d.u.i.k.n.KeyIO           Load declarations of de.uka.ilkd.key.nparser.KeyAst$File:  <unknown>:1#1 
643602     INFO  Test worker     d.u.i.k.n.KeyIO           MODE: declarations took 0 ms 
643602     DEBUG Test worker     d.u.i.k.n.KeyIO           MODE: 2nd degree decls took 0 
643602     INFO  Test worker     d.u.i.k.n.KeyIO           Parsing took 0 ms 
643602     DEBUG Test worker     d.u.i.k.n.KeyIO           Load declarations of de.uka.ilkd.key.nparser.KeyAst$File:  <unknown>:1#1 
643602     INFO  Test worker     d.u.i.k.n.KeyIO           MODE: declarations took 0 ms 
643602     DEBUG Test worker     d.u.i.k.n.KeyIO           MODE: 2nd degree decls took 0 
648918     INFO  Test worker     d.u.i.k.n.KeyIO           Parsing took 0 ms 
648918     DEBUG Test worker     d.u.i.k.n.KeyIO           Load declarations of de.uka.ilkd.key.nparser.KeyAst$File:  <unknown>:1#1 
648918     INFO  Test worker     d.u.i.k.n.KeyIO           MODE: declarations took 0 ms 
648918     DEBUG Test worker     d.u.i.k.n.KeyIO           MODE: 2nd degree decls took 0 
648918     INFO  Test worker     d.u.i.k.n.KeyIO           Parsing took 0 ms 
648918     DEBUG Test worker     d.u.i.k.n.KeyIO           Load declarations of de.uka.ilkd.key.nparser.KeyAst$File:  <unknown>:1#1 
648918     INFO  Test worker     d.u.i.k.n.KeyIO           MODE: declarations took 0 ms 
648918     DEBUG Test worker     d.u.i.k.n.KeyIO           MODE: 2nd degree decls took 0 
648918     INFO  Test worker     d.u.i.k.n.KeyIO           Parsing took 0 ms 
648918     DEBUG Test worker     d.u.i.k.n.KeyIO           Load declarations of de.uka.ilkd.key.nparser.KeyAst$File:  <unknown>:1#1 
648918     INFO  Test worker     d.u.i.k.n.KeyIO           MODE: declarations took 0 ms 
648918     DEBUG Test worker     d.u.i.k.n.KeyIO           MODE: 2nd degree decls took 0 
648918     INFO  Test worker     d.u.i.k.n.KeyIO           Parsing took 0 ms 
648918     DEBUG Test worker     d.u.i.k.n.KeyIO           Load declarations of de.uka.ilkd.key.nparser.KeyAst$File:  <unknown>:1#1 
648918     INFO  Test worker     d.u.i.k.n.KeyIO           MODE: declarations took 0 ms 
648918     DEBUG Test worker     d.u.i.k.n.KeyIO           MODE: 2nd degree decls took 0 
648918     INFO  Test worker     d.u.i.k.n.KeyIO           Parsing took 0 ms 
648918     DEBUG Test worker     d.u.i.k.n.KeyIO           Load declarations of de.uka.ilkd.key.nparser.KeyAst$File:  <unknown>:1#1 
648918     INFO  Test worker     d.u.i.k.n.KeyIO           MODE: declarations took 0 ms 
648933     DEBUG Test worker     d.u.i.k.n.KeyIO           MODE: 2nd degree decls took 15 
648933     WARN  Test worker     d.u.i.k.n.KeYParser       [syntax-error] <unknown>:1:11: mismatched input '@' expecting {'/', ':=', '.', '(', ')', '{', '[', '@', PARALLEL, OR, AND, IMP, '=', NOT_EQUALS, '%', '*', '-', '+', '>', GREATEREQUAL, '<', LESSEQUAL, LGUILLEMETS, EQV} [@11,11:11='@',<153>,1:11] (termEOF) 
654202     INFO  Test worker     d.u.i.k.n.KeyIO           Parsing took 0 ms 
654202     DEBUG Test worker     d.u.i.k.n.KeyIO           Load declarations of de.uka.ilkd.key.nparser.KeyAst$File:  <unknown>:1#1 
654202     INFO  Test worker     d.u.i.k.n.KeyIO           MODE: declarations took 0 ms 
654202     DEBUG Test worker     d.u.i.k.n.KeyIO           MODE: 2nd degree decls took 0 
654202     INFO  Test worker     d.u.i.k.n.KeyIO           Parsing took 0 ms 
654202     DEBUG Test worker     d.u.i.k.n.KeyIO           Load declarations of de.uka.ilkd.key.nparser.KeyAst$File:  <unknown>:1#1 
654202     INFO  Test worker     d.u.i.k.n.KeyIO           MODE: declarations took 0 ms 
654202     DEBUG Test worker     d.u.i.k.n.KeyIO           MODE: 2nd degree decls took 0 
654202     INFO  Test worker     d.u.i.k.n.KeyIO           Parsing took 0 ms 
654202     DEBUG Test worker     d.u.i.k.n.KeyIO           Load declarations of de.uka.ilkd.key.nparser.KeyAst$File:  <unknown>:1#1 
654202     INFO  Test worker     d.u.i.k.n.KeyIO           MODE: declarations took 0 ms 
654202     DEBUG Test worker     d.u.i.k.n.KeyIO           MODE: 2nd degree decls took 0 
654202     INFO  Test worker     d.u.i.k.n.KeyIO           Parsing took 0 ms 
654202     DEBUG Test worker     d.u.i.k.n.KeyIO           Load declarations of de.uka.ilkd.key.nparser.KeyAst$File:  <unknown>:1#1 
654202     INFO  Test worker     d.u.i.k.n.KeyIO           MODE: declarations took 0 ms 
654202     DEBUG Test worker     d.u.i.k.n.KeyIO           MODE: 2nd degree decls took 0 
654202     INFO  Test worker     d.u.i.k.n.KeyIO           Parsing took 0 ms 
654202     DEBUG Test worker     d.u.i.k.n.KeyIO           Load declarations of de.uka.ilkd.key.nparser.KeyAst$File:  <unknown>:1#1 
654202     INFO  Test worker     d.u.i.k.n.KeyIO           MODE: declarations took 0 ms 
654202     DEBUG Test worker     d.u.i.k.n.KeyIO           MODE: 2nd degree decls took 0 
659507     INFO  Test worker     d.u.i.k.n.KeyIO           Parsing took 0 ms 
659507     DEBUG Test worker     d.u.i.k.n.KeyIO           Load declarations of de.uka.ilkd.key.nparser.KeyAst$File:  <unknown>:1#1 
659507     INFO  Test worker     d.u.i.k.n.KeyIO           MODE: declarations took 0 ms 
659507     DEBUG Test worker     d.u.i.k.n.KeyIO           MODE: 2nd degree decls took 0 
659507     INFO  Test worker     d.u.i.k.n.KeyIO           Parsing took 0 ms 
659507     DEBUG Test worker     d.u.i.k.n.KeyIO           Load declarations of de.uka.ilkd.key.nparser.KeyAst$File:  <unknown>:1#1 
659507     INFO  Test worker     d.u.i.k.n.KeyIO           MODE: declarations took 0 ms 
659507     DEBUG Test worker     d.u.i.k.n.KeyIO           MODE: 2nd degree decls took 0 
659507     INFO  Test worker     d.u.i.k.n.KeyIO           Parsing took 0 ms 
659507     DEBUG Test worker     d.u.i.k.n.KeyIO           Load declarations of de.uka.ilkd.key.nparser.KeyAst$File:  <unknown>:1#1 
659507     INFO  Test worker     d.u.i.k.n.KeyIO           MODE: declarations took 0 ms 
659507     DEBUG Test worker     d.u.i.k.n.KeyIO           MODE: 2nd degree decls took 0 
659507     INFO  Test worker     d.u.i.k.n.KeyIO           Parsing took 0 ms 
659507     DEBUG Test worker     d.u.i.k.n.KeyIO           Load declarations of de.uka.ilkd.key.nparser.KeyAst$File:  <unknown>:1#1 
659507     INFO  Test worker     d.u.i.k.n.KeyIO           MODE: declarations took 0 ms 
659507     DEBUG Test worker     d.u.i.k.n.KeyIO           MODE: 2nd degree decls took 0 
659507     INFO  Test worker     d.u.i.k.n.KeyIO           Parsing took 0 ms 
659507     DEBUG Test worker     d.u.i.k.n.KeyIO           Load declarations of de.uka.ilkd.key.nparser.KeyAst$File:  <unknown>:1#1 
659507     INFO  Test worker     d.u.i.k.n.KeyIO           MODE: declarations took 0 ms 
659507     DEBUG Test worker     d.u.i.k.n.KeyIO           MODE: 2nd degree decls took 0 
664746     INFO  Test worker     d.u.i.k.n.KeyIO           Parsing took 0 ms 
664746     DEBUG Test worker     d.u.i.k.n.KeyIO           Load declarations of de.uka.ilkd.key.nparser.KeyAst$File:  <unknown>:1#1 
664746     INFO  Test worker     d.u.i.k.n.KeyIO           MODE: declarations took 0 ms 
664746     DEBUG Test worker     d.u.i.k.n.KeyIO           MODE: 2nd degree decls took 0 
664746     INFO  Test worker     d.u.i.k.n.KeyIO           Parsing took 0 ms 
664746     DEBUG Test worker     d.u.i.k.n.KeyIO           Load declarations of de.uka.ilkd.key.nparser.KeyAst$File:  <unknown>:1#1 
664746     INFO  Test worker     d.u.i.k.n.KeyIO           MODE: declarations took 0 ms 
664746     DEBUG Test worker     d.u.i.k.n.KeyIO           MODE: 2nd degree decls took 0 
664746     INFO  Test worker     d.u.i.k.n.KeyIO           Parsing took 0 ms 
664746     DEBUG Test worker     d.u.i.k.n.KeyIO           Load declarations of de.uka.ilkd.key.nparser.KeyAst$File:  <unknown>:1#1 
664746     INFO  Test worker     d.u.i.k.n.KeyIO           MODE: declarations took 0 ms 
664746     DEBUG Test worker     d.u.i.k.n.KeyIO           MODE: 2nd degree decls took 0 
664746     INFO  Test worker     d.u.i.k.n.KeyIO           Parsing took 0 ms 
664746     DEBUG Test worker     d.u.i.k.n.KeyIO           Load declarations of de.uka.ilkd.key.nparser.KeyAst$File:  <unknown>:1#1 
664746     INFO  Test worker     d.u.i.k.n.KeyIO           MODE: declarations took 0 ms 
664746     DEBUG Test worker     d.u.i.k.n.KeyIO           MODE: 2nd degree decls took 0 
664746     INFO  Test worker     d.u.i.k.n.KeyIO           Parsing took 0 ms 
664746     DEBUG Test worker     d.u.i.k.n.KeyIO           Load declarations of de.uka.ilkd.key.nparser.KeyAst$File:  <unknown>:1#1 
664746     INFO  Test worker     d.u.i.k.n.KeyIO           MODE: declarations took 0 ms 
664746     DEBUG Test worker     d.u.i.k.n.KeyIO           MODE: 2nd degree decls took 0 
670015     INFO  Test worker     d.u.i.k.n.KeyIO           Parsing took 0 ms 
670015     DEBUG Test worker     d.u.i.k.n.KeyIO           Load declarations of de.uka.ilkd.key.nparser.KeyAst$File:  <unknown>:1#1 
670015     INFO  Test worker     d.u.i.k.n.KeyIO           MODE: declarations took 0 ms 
670015     DEBUG Test worker     d.u.i.k.n.KeyIO           MODE: 2nd degree decls took 0 
670015     INFO  Test worker     d.u.i.k.n.KeyIO           Parsing took 0 ms 
670015     DEBUG Test worker     d.u.i.k.n.KeyIO           Load declarations of de.uka.ilkd.key.nparser.KeyAst$File:  <unknown>:1#1 
670015     INFO  Test worker     d.u.i.k.n.KeyIO           MODE: declarations took 0 ms 
670015     DEBUG Test worker     d.u.i.k.n.KeyIO           MODE: 2nd degree decls took 0 
670015     INFO  Test worker     d.u.i.k.n.KeyIO           Parsing took 0 ms 
670015     DEBUG Test worker     d.u.i.k.n.KeyIO           Load declarations of de.uka.ilkd.key.nparser.KeyAst$File:  <unknown>:1#1 
670015     INFO  Test worker     d.u.i.k.n.KeyIO           MODE: declarations took 0 ms 
670015     DEBUG Test worker     d.u.i.k.n.KeyIO           MODE: 2nd degree decls took 0 
670015     INFO  Test worker     d.u.i.k.n.KeyIO           Parsing took 0 ms 
670015     DEBUG Test worker     d.u.i.k.n.KeyIO           Load declarations of de.uka.ilkd.key.nparser.KeyAst$File:  <unknown>:1#1 
670015     INFO  Test worker     d.u.i.k.n.KeyIO           MODE: declarations took 0 ms 
670015     DEBUG Test worker     d.u.i.k.n.KeyIO           MODE: 2nd degree decls took 0 
670015     INFO  Test worker     d.u.i.k.n.KeyIO           Parsing took 0 ms 
670015     DEBUG Test worker     d.u.i.k.n.KeyIO           Load declarations of de.uka.ilkd.key.nparser.KeyAst$File:  <unknown>:1#1 
670015     INFO  Test worker     d.u.i.k.n.KeyIO           MODE: declarations took 0 ms 
670015     DEBUG Test worker     d.u.i.k.n.KeyIO           MODE: 2nd degree decls took 0 
675596     INFO  Test worker     d.u.i.k.n.KeyIO           Parsing took 0 ms 
675596     DEBUG Test worker     d.u.i.k.n.KeyIO           Load declarations of de.uka.ilkd.key.nparser.KeyAst$File:  <unknown>:1#1 
675596     INFO  Test worker     d.u.i.k.n.KeyIO           MODE: declarations took 0 ms 
675596     DEBUG Test worker     d.u.i.k.n.KeyIO           MODE: 2nd degree decls took 0 
675596     INFO  Test worker     d.u.i.k.n.KeyIO           Parsing took 0 ms 
675596     DEBUG Test worker     d.u.i.k.n.KeyIO           Load declarations of de.uka.ilkd.key.nparser.KeyAst$File:  <unknown>:1#1 
675596     INFO  Test worker     d.u.i.k.n.KeyIO           MODE: declarations took 0 ms 
675596     DEBUG Test worker     d.u.i.k.n.KeyIO           MODE: 2nd degree decls took 0 
675596     INFO  Test worker     d.u.i.k.n.KeyIO           Parsing took 0 ms 
675596     DEBUG Test worker     d.u.i.k.n.KeyIO           Load declarations of de.uka.ilkd.key.nparser.KeyAst$File:  <unknown>:1#1 
675596     INFO  Test worker     d.u.i.k.n.KeyIO           MODE: declarations took 0 ms 
675596     DEBUG Test worker     d.u.i.k.n.KeyIO           MODE: 2nd degree decls took 0 
675596     INFO  Test worker     d.u.i.k.n.KeyIO           Parsing took 0 ms 
675596     DEBUG Test worker     d.u.i.k.n.KeyIO           Load declarations of de.uka.ilkd.key.nparser.KeyAst$File:  <unknown>:1#1 
675596     INFO  Test worker     d.u.i.k.n.KeyIO           MODE: declarations took 0 ms 
675596     DEBUG Test worker     d.u.i.k.n.KeyIO           MODE: 2nd degree decls took 0 
675596     INFO  Test worker     d.u.i.k.n.KeyIO           Parsing took 0 ms 
675596     DEBUG Test worker     d.u.i.k.n.KeyIO           Load declarations of de.uka.ilkd.key.nparser.KeyAst$File:  <unknown>:1#1 
675596     INFO  Test worker     d.u.i.k.n.KeyIO           MODE: declarations took 0 ms 
675596     DEBUG Test worker     d.u.i.k.n.KeyIO           MODE: 2nd degree decls took 0 
680716     INFO  Test worker     d.u.i.k.n.KeyIO           Parsing took 0 ms 
680716     DEBUG Test worker     d.u.i.k.n.KeyIO           Load declarations of de.uka.ilkd.key.nparser.KeyAst$File:  <unknown>:1#1 
680716     INFO  Test worker     d.u.i.k.n.KeyIO           MODE: declarations took 0 ms 
680716     DEBUG Test worker     d.u.i.k.n.KeyIO           MODE: 2nd degree decls took 0 
680716     INFO  Test worker     d.u.i.k.n.KeyIO           Parsing took 0 ms 
680716     DEBUG Test worker     d.u.i.k.n.KeyIO           Load declarations of de.uka.ilkd.key.nparser.KeyAst$File:  <unknown>:1#1 
680731     INFO  Test worker     d.u.i.k.n.KeyIO           MODE: declarations took 15 ms 
680731     DEBUG Test worker     d.u.i.k.n.KeyIO           MODE: 2nd degree decls took 0 
680731     INFO  Test worker     d.u.i.k.n.KeyIO           Parsing took 0 ms 
680731     DEBUG Test worker     d.u.i.k.n.KeyIO           Load declarations of de.uka.ilkd.key.nparser.KeyAst$File:  <unknown>:1#1 
680731     INFO  Test worker     d.u.i.k.n.KeyIO           MODE: declarations took 0 ms 
680731     DEBUG Test worker     d.u.i.k.n.KeyIO           MODE: 2nd degree decls took 0 
680731     INFO  Test worker     d.u.i.k.n.KeyIO           Parsing took 0 ms 
680731     DEBUG Test worker     d.u.i.k.n.KeyIO           Load declarations of de.uka.ilkd.key.nparser.KeyAst$File:  <unknown>:1#1 
680731     INFO  Test worker     d.u.i.k.n.KeyIO           MODE: declarations took 0 ms 
680731     DEBUG Test worker     d.u.i.k.n.KeyIO           MODE: 2nd degree decls took 0 
680731     INFO  Test worker     d.u.i.k.n.KeyIO           Parsing took 0 ms 
680731     DEBUG Test worker     d.u.i.k.n.KeyIO           Load declarations of de.uka.ilkd.key.nparser.KeyAst$File:  <unknown>:1#1 
680731     INFO  Test worker     d.u.i.k.n.KeyIO           MODE: declarations took 0 ms 
680731     DEBUG Test worker     d.u.i.k.n.KeyIO           MODE: 2nd degree decls took 0 
685843     INFO  Test worker     d.u.i.k.n.KeyIO           Parsing took 0 ms 
685843     DEBUG Test worker     d.u.i.k.n.KeyIO           Load declarations of de.uka.ilkd.key.nparser.KeyAst$File:  <unknown>:1#1 
685843     INFO  Test worker     d.u.i.k.n.KeyIO           MODE: declarations took 0 ms 
685843     DEBUG Test worker     d.u.i.k.n.KeyIO           MODE: 2nd degree decls took 0 
685843     INFO  Test worker     d.u.i.k.n.KeyIO           Parsing took 0 ms 
685843     DEBUG Test worker     d.u.i.k.n.KeyIO           Load declarations of de.uka.ilkd.key.nparser.KeyAst$File:  <unknown>:1#1 
685843     INFO  Test worker     d.u.i.k.n.KeyIO           MODE: declarations took 0 ms 
685843     DEBUG Test worker     d.u.i.k.n.KeyIO           MODE: 2nd degree decls took 0 
685843     INFO  Test worker     d.u.i.k.n.KeyIO           Parsing took 0 ms 
685843     DEBUG Test worker     d.u.i.k.n.KeyIO           Load declarations of de.uka.ilkd.key.nparser.KeyAst$File:  <unknown>:1#1 
685843     INFO  Test worker     d.u.i.k.n.KeyIO           MODE: declarations took 0 ms 
685843     DEBUG Test worker     d.u.i.k.n.KeyIO           MODE: 2nd degree decls took 0 
685843     INFO  Test worker     d.u.i.k.n.KeyIO           Parsing took 0 ms 
685843     DEBUG Test worker     d.u.i.k.n.KeyIO           Load declarations of de.uka.ilkd.key.nparser.KeyAst$File:  <unknown>:1#1 
685843     INFO  Test worker     d.u.i.k.n.KeyIO           MODE: declarations took 0 ms 
685843     DEBUG Test worker     d.u.i.k.n.KeyIO           MODE: 2nd degree decls took 0 
685843     INFO  Test worker     d.u.i.k.n.KeyIO           Parsing took 0 ms 
685843     DEBUG Test worker     d.u.i.k.n.KeyIO           Load declarations of de.uka.ilkd.key.nparser.KeyAst$File:  <unknown>:1#1 
685843     INFO  Test worker     d.u.i.k.n.KeyIO           MODE: declarations took 0 ms 
685843     DEBUG Test worker     d.u.i.k.n.KeyIO           MODE: 2nd degree decls took 0 
691111     INFO  Test worker     d.u.i.k.n.KeyIO           Parsing took 0 ms 
691111     DEBUG Test worker     d.u.i.k.n.KeyIO           Load declarations of de.uka.ilkd.key.nparser.KeyAst$File:  <unknown>:1#1 
691111     INFO  Test worker     d.u.i.k.n.KeyIO           MODE: declarations took 0 ms 
691111     DEBUG Test worker     d.u.i.k.n.KeyIO           MODE: 2nd degree decls took 0 
691111     INFO  Test worker     d.u.i.k.n.KeyIO           Parsing took 0 ms 
691111     DEBUG Test worker     d.u.i.k.n.KeyIO           Load declarations of de.uka.ilkd.key.nparser.KeyAst$File:  <unknown>:1#1 
691111     INFO  Test worker     d.u.i.k.n.KeyIO           MODE: declarations took 0 ms 
691111     DEBUG Test worker     d.u.i.k.n.KeyIO           MODE: 2nd degree decls took 0 
691111     INFO  Test worker     d.u.i.k.n.KeyIO           Parsing took 0 ms 
691111     DEBUG Test worker     d.u.i.k.n.KeyIO           Load declarations of de.uka.ilkd.key.nparser.KeyAst$File:  <unknown>:1#1 
691111     INFO  Test worker     d.u.i.k.n.KeyIO           MODE: declarations took 0 ms 
691111     DEBUG Test worker     d.u.i.k.n.KeyIO           MODE: 2nd degree decls took 0 
691111     INFO  Test worker     d.u.i.k.n.KeyIO           Parsing took 0 ms 
691111     DEBUG Test worker     d.u.i.k.n.KeyIO           Load declarations of de.uka.ilkd.key.nparser.KeyAst$File:  <unknown>:1#1 
691111     INFO  Test worker     d.u.i.k.n.KeyIO           MODE: declarations took 0 ms 
691111     DEBUG Test worker     d.u.i.k.n.KeyIO           MODE: 2nd degree decls took 0 
691111     INFO  Test worker     d.u.i.k.n.KeyIO           Parsing took 0 ms 
691111     DEBUG Test worker     d.u.i.k.n.KeyIO           Load declarations of de.uka.ilkd.key.nparser.KeyAst$File:  <unknown>:1#1 
691111     INFO  Test worker     d.u.i.k.n.KeyIO           MODE: declarations took 0 ms 
691111     DEBUG Test worker     d.u.i.k.n.KeyIO           MODE: 2nd degree decls took 0 
696381     INFO  Test worker     d.u.i.k.n.KeyIO           Parsing took 0 ms 
696381     DEBUG Test worker     d.u.i.k.n.KeyIO           Load declarations of de.uka.ilkd.key.nparser.KeyAst$File:  <unknown>:1#1 
696381     INFO  Test worker     d.u.i.k.n.KeyIO           MODE: declarations took 0 ms 
696381     DEBUG Test worker     d.u.i.k.n.KeyIO           MODE: 2nd degree decls took 0 
696381     INFO  Test worker     d.u.i.k.n.KeyIO           Parsing took 0 ms 
696381     DEBUG Test worker     d.u.i.k.n.KeyIO           Load declarations of de.uka.ilkd.key.nparser.KeyAst$File:  <unknown>:1#1 
696381     INFO  Test worker     d.u.i.k.n.KeyIO           MODE: declarations took 0 ms 
696381     DEBUG Test worker     d.u.i.k.n.KeyIO           MODE: 2nd degree decls took 0 
696381     INFO  Test worker     d.u.i.k.n.KeyIO           Parsing took 0 ms 
696381     DEBUG Test worker     d.u.i.k.n.KeyIO           Load declarations of de.uka.ilkd.key.nparser.KeyAst$File:  <unknown>:1#1 
696381     INFO  Test worker     d.u.i.k.n.KeyIO           MODE: declarations took 0 ms 
696381     DEBUG Test worker     d.u.i.k.n.KeyIO           MODE: 2nd degree decls took 0 
696381     INFO  Test worker     d.u.i.k.n.KeyIO           Parsing took 0 ms 
696381     DEBUG Test worker     d.u.i.k.n.KeyIO           Load declarations of de.uka.ilkd.key.nparser.KeyAst$File:  <unknown>:1#1 
696381     INFO  Test worker     d.u.i.k.n.KeyIO           MODE: declarations took 0 ms 
696381     DEBUG Test worker     d.u.i.k.n.KeyIO           MODE: 2nd degree decls took 0 
696381     INFO  Test worker     d.u.i.k.n.KeyIO           Parsing took 0 ms 
696381     DEBUG Test worker     d.u.i.k.n.KeyIO           Load declarations of de.uka.ilkd.key.nparser.KeyAst$File:  <unknown>:1#1 
696381     INFO  Test worker     d.u.i.k.n.KeyIO           MODE: declarations took 0 ms 
696381     DEBUG Test worker     d.u.i.k.n.KeyIO           MODE: 2nd degree decls took 0 
701649     INFO  Test worker     d.u.i.k.n.KeyIO           Parsing took 0 ms 
701649     DEBUG Test worker     d.u.i.k.n.KeyIO           Load declarations of de.uka.ilkd.key.nparser.KeyAst$File:  <unknown>:1#1 
701664     INFO  Test worker     d.u.i.k.n.KeyIO           MODE: declarations took 15 ms 
701664     DEBUG Test worker     d.u.i.k.n.KeyIO           MODE: 2nd degree decls took 0 
701664     INFO  Test worker     d.u.i.k.n.KeyIO           Parsing took 0 ms 
701664     DEBUG Test worker     d.u.i.k.n.KeyIO           Load declarations of de.uka.ilkd.key.nparser.KeyAst$File:  <unknown>:1#1 
701664     INFO  Test worker     d.u.i.k.n.KeyIO           MODE: declarations took 0 ms 
701664     DEBUG Test worker     d.u.i.k.n.KeyIO           MODE: 2nd degree decls took 0 
701664     INFO  Test worker     d.u.i.k.n.KeyIO           Parsing took 0 ms 
701664     DEBUG Test worker     d.u.i.k.n.KeyIO           Load declarations of de.uka.ilkd.key.nparser.KeyAst$File:  <unknown>:1#1 
701664     INFO  Test worker     d.u.i.k.n.KeyIO           MODE: declarations took 0 ms 
701664     DEBUG Test worker     d.u.i.k.n.KeyIO           MODE: 2nd degree decls took 0 
701664     INFO  Test worker     d.u.i.k.n.KeyIO           Parsing took 0 ms 
701664     DEBUG Test worker     d.u.i.k.n.KeyIO           Load declarations of de.uka.ilkd.key.nparser.KeyAst$File:  <unknown>:1#1 
701664     INFO  Test worker     d.u.i.k.n.KeyIO           MODE: declarations took 0 ms 
701664     DEBUG Test worker     d.u.i.k.n.KeyIO           MODE: 2nd degree decls took 0 
701664     INFO  Test worker     d.u.i.k.n.KeyIO           Parsing took 0 ms 
701664     DEBUG Test worker     d.u.i.k.n.KeyIO           Load declarations of de.uka.ilkd.key.nparser.KeyAst$File:  <unknown>:1#1 
701664     INFO  Test worker     d.u.i.k.n.KeyIO           MODE: declarations took 0 ms 
701664     DEBUG Test worker     d.u.i.k.n.KeyIO           MODE: 2nd degree decls took 0 
706824     INFO  Test worker     d.u.i.k.n.KeyIO           Parsing took 0 ms 
706824     DEBUG Test worker     d.u.i.k.n.KeyIO           Load declarations of de.uka.ilkd.key.nparser.KeyAst$File:  <unknown>:1#1 
706824     INFO  Test worker     d.u.i.k.n.KeyIO           MODE: declarations took 0 ms 
706824     DEBUG Test worker     d.u.i.k.n.KeyIO           MODE: 2nd degree decls took 0 
706824     INFO  Test worker     d.u.i.k.n.KeyIO           Parsing took 0 ms 
706824     DEBUG Test worker     d.u.i.k.n.KeyIO           Load declarations of de.uka.ilkd.key.nparser.KeyAst$File:  <unknown>:1#1 
706824     INFO  Test worker     d.u.i.k.n.KeyIO           MODE: declarations took 0 ms 
706824     DEBUG Test worker     d.u.i.k.n.KeyIO           MODE: 2nd degree decls took 0 
706824     INFO  Test worker     d.u.i.k.n.KeyIO           Parsing took 0 ms 
706824     DEBUG Test worker     d.u.i.k.n.KeyIO           Load declarations of de.uka.ilkd.key.nparser.KeyAst$File:  <unknown>:1#1 
706824     INFO  Test worker     d.u.i.k.n.KeyIO           MODE: declarations took 0 ms 
706824     DEBUG Test worker     d.u.i.k.n.KeyIO           MODE: 2nd degree decls took 0 
706824     INFO  Test worker     d.u.i.k.n.KeyIO           Parsing took 0 ms 
706824     DEBUG Test worker     d.u.i.k.n.KeyIO           Load declarations of de.uka.ilkd.key.nparser.KeyAst$File:  <unknown>:1#1 
706824     INFO  Test worker     d.u.i.k.n.KeyIO           MODE: declarations took 0 ms 
706824     DEBUG Test worker     d.u.i.k.n.KeyIO           MODE: 2nd degree decls took 0 
706824     INFO  Test worker     d.u.i.k.n.KeyIO           Parsing took 0 ms 
706824     DEBUG Test worker     d.u.i.k.n.KeyIO           Load declarations of de.uka.ilkd.key.nparser.KeyAst$File:  <unknown>:1#1 
706824     INFO  Test worker     d.u.i.k.n.KeyIO           MODE: declarations took 0 ms 
706824     DEBUG Test worker     d.u.i.k.n.KeyIO           MODE: 2nd degree decls took 0 
711983     INFO  Test worker     d.u.i.k.n.KeyIO           Parsing took 0 ms 
711983     DEBUG Test worker     d.u.i.k.n.KeyIO           Load declarations of de.uka.ilkd.key.nparser.KeyAst$File:  <unknown>:1#1 
711983     INFO  Test worker     d.u.i.k.n.KeyIO           MODE: declarations took 0 ms 
711983     DEBUG Test worker     d.u.i.k.n.KeyIO           MODE: 2nd degree decls took 0 
711983     INFO  Test worker     d.u.i.k.n.KeyIO           Parsing took 0 ms 
711983     DEBUG Test worker     d.u.i.k.n.KeyIO           Load declarations of de.uka.ilkd.key.nparser.KeyAst$File:  <unknown>:1#1 
711983     INFO  Test worker     d.u.i.k.n.KeyIO           MODE: declarations took 0 ms 
711983     DEBUG Test worker     d.u.i.k.n.KeyIO           MODE: 2nd degree decls took 0 
711983     INFO  Test worker     d.u.i.k.n.KeyIO           Parsing took 0 ms 
711983     DEBUG Test worker     d.u.i.k.n.KeyIO           Load declarations of de.uka.ilkd.key.nparser.KeyAst$File:  <unknown>:1#1 
711983     INFO  Test worker     d.u.i.k.n.KeyIO           MODE: declarations took 0 ms 
711983     DEBUG Test worker     d.u.i.k.n.KeyIO           MODE: 2nd degree decls took 0 
711983     INFO  Test worker     d.u.i.k.n.KeyIO           Parsing took 0 ms 
711983     DEBUG Test worker     d.u.i.k.n.KeyIO           Load declarations of de.uka.ilkd.key.nparser.KeyAst$File:  <unknown>:1#1 
711983     INFO  Test worker     d.u.i.k.n.KeyIO           MODE: declarations took 0 ms 
711983     DEBUG Test worker     d.u.i.k.n.KeyIO           MODE: 2nd degree decls took 0 
711983     INFO  Test worker     d.u.i.k.n.KeyIO           Parsing took 0 ms 
711983     DEBUG Test worker     d.u.i.k.n.KeyIO           Load declarations of de.uka.ilkd.key.nparser.KeyAst$File:  <unknown>:1#1 
711983     INFO  Test worker     d.u.i.k.n.KeyIO           MODE: declarations took 0 ms 
711983     DEBUG Test worker     d.u.i.k.n.KeyIO           MODE: 2nd degree decls took 0 
717283     INFO  Test worker     d.u.i.k.n.KeyIO           Parsing took 15 ms 
717284     DEBUG Test worker     d.u.i.k.n.KeyIO           Load declarations of de.uka.ilkd.key.nparser.KeyAst$File:  <unknown>:1#1 
717284     INFO  Test worker     d.u.i.k.n.KeyIO           MODE: declarations took 0 ms 
717284     DEBUG Test worker     d.u.i.k.n.KeyIO           MODE: 2nd degree decls took 0 
717284     INFO  Test worker     d.u.i.k.n.KeyIO           Parsing took 0 ms 
717284     DEBUG Test worker     d.u.i.k.n.KeyIO           Load declarations of de.uka.ilkd.key.nparser.KeyAst$File:  <unknown>:1#1 
717284     INFO  Test worker     d.u.i.k.n.KeyIO           MODE: declarations took 0 ms 
717284     DEBUG Test worker     d.u.i.k.n.KeyIO           MODE: 2nd degree decls took 0 
717284     INFO  Test worker     d.u.i.k.n.KeyIO           Parsing took 0 ms 
717284     DEBUG Test worker     d.u.i.k.n.KeyIO           Load declarations of de.uka.ilkd.key.nparser.KeyAst$File:  <unknown>:1#1 
717284     INFO  Test worker     d.u.i.k.n.KeyIO           MODE: declarations took 0 ms 
717284     DEBUG Test worker     d.u.i.k.n.KeyIO           MODE: 2nd degree decls took 0 
717284     INFO  Test worker     d.u.i.k.n.KeyIO           Parsing took 0 ms 
717284     DEBUG Test worker     d.u.i.k.n.KeyIO           Load declarations of de.uka.ilkd.key.nparser.KeyAst$File:  <unknown>:1#1 
717284     INFO  Test worker     d.u.i.k.n.KeyIO           MODE: declarations took 0 ms 
717284     DEBUG Test worker     d.u.i.k.n.KeyIO           MODE: 2nd degree decls took 0 
717284     INFO  Test worker     d.u.i.k.n.KeyIO           Parsing took 0 ms 
717284     DEBUG Test worker     d.u.i.k.n.KeyIO           Load declarations of de.uka.ilkd.key.nparser.KeyAst$File:  <unknown>:1#1 
717284     INFO  Test worker     d.u.i.k.n.KeyIO           MODE: declarations took 0 ms 
717284     DEBUG Test worker     d.u.i.k.n.KeyIO           MODE: 2nd degree decls took 0 
722695     INFO  Test worker     d.u.i.k.n.KeyIO           Parsing took 0 ms 
722695     DEBUG Test worker     d.u.i.k.n.KeyIO           Load declarations of de.uka.ilkd.key.nparser.KeyAst$File:  <unknown>:1#1 
722695     INFO  Test worker     d.u.i.k.n.KeyIO           MODE: declarations took 0 ms 
722695     DEBUG Test worker     d.u.i.k.n.KeyIO           MODE: 2nd degree decls took 0 
722695     INFO  Test worker     d.u.i.k.n.KeyIO           Parsing took 0 ms 
722695     DEBUG Test worker     d.u.i.k.n.KeyIO           Load declarations of de.uka.ilkd.key.nparser.KeyAst$File:  <unknown>:1#1 
722695     INFO  Test worker     d.u.i.k.n.KeyIO           MODE: declarations took 0 ms 
722695     DEBUG Test worker     d.u.i.k.n.KeyIO           MODE: 2nd degree decls took 0 
722695     INFO  Test worker     d.u.i.k.n.KeyIO           Parsing took 0 ms 
722695     DEBUG Test worker     d.u.i.k.n.KeyIO           Load declarations of de.uka.ilkd.key.nparser.KeyAst$File:  <unknown>:1#1 
722695     INFO  Test worker     d.u.i.k.n.KeyIO           MODE: declarations took 0 ms 
722695     DEBUG Test worker     d.u.i.k.n.KeyIO           MODE: 2nd degree decls took 0 
722695     INFO  Test worker     d.u.i.k.n.KeyIO           Parsing took 0 ms 
722695     DEBUG Test worker     d.u.i.k.n.KeyIO           Load declarations of de.uka.ilkd.key.nparser.KeyAst$File:  <unknown>:1#1 
722695     INFO  Test worker     d.u.i.k.n.KeyIO           MODE: declarations took 0 ms 
722695     DEBUG Test worker     d.u.i.k.n.KeyIO           MODE: 2nd degree decls took 0 
722695     INFO  Test worker     d.u.i.k.n.KeyIO           Parsing took 0 ms 
722695     DEBUG Test worker     d.u.i.k.n.KeyIO           Load declarations of de.uka.ilkd.key.nparser.KeyAst$File:  <unknown>:1#1 
722695     INFO  Test worker     d.u.i.k.n.KeyIO           MODE: declarations took 0 ms 
722695     DEBUG Test worker     d.u.i.k.n.KeyIO           MODE: 2nd degree decls took 0 
728138     INFO  Test worker     d.u.i.k.n.KeyIO           Parsing took 0 ms 
728138     DEBUG Test worker     d.u.i.k.n.KeyIO           Load declarations of de.uka.ilkd.key.nparser.KeyAst$File:  <unknown>:1#1 
728138     INFO  Test worker     d.u.i.k.n.KeyIO           MODE: declarations took 0 ms 
728138     DEBUG Test worker     d.u.i.k.n.KeyIO           MODE: 2nd degree decls took 0 
728138     INFO  Test worker     d.u.i.k.n.KeyIO           Parsing took 0 ms 
728138     DEBUG Test worker     d.u.i.k.n.KeyIO           Load declarations of de.uka.ilkd.key.nparser.KeyAst$File:  <unknown>:1#1 
728138     INFO  Test worker     d.u.i.k.n.KeyIO           MODE: declarations took 0 ms 
728138     DEBUG Test worker     d.u.i.k.n.KeyIO           MODE: 2nd degree decls took 0 
728138     INFO  Test worker     d.u.i.k.n.KeyIO           Parsing took 0 ms 
728138     DEBUG Test worker     d.u.i.k.n.KeyIO           Load declarations of de.uka.ilkd.key.nparser.KeyAst$File:  <unknown>:1#1 
728138     INFO  Test worker     d.u.i.k.n.KeyIO           MODE: declarations took 0 ms 
728138     DEBUG Test worker     d.u.i.k.n.KeyIO           MODE: 2nd degree decls took 0 
728138     INFO  Test worker     d.u.i.k.n.KeyIO           Parsing took 0 ms 
728138     DEBUG Test worker     d.u.i.k.n.KeyIO           Load declarations of de.uka.ilkd.key.nparser.KeyAst$File:  <unknown>:1#1 
728138     INFO  Test worker     d.u.i.k.n.KeyIO           MODE: declarations took 0 ms 
728138     DEBUG Test worker     d.u.i.k.n.KeyIO           MODE: 2nd degree decls took 0 
728138     INFO  Test worker     d.u.i.k.n.KeyIO           Parsing took 0 ms 
728138     DEBUG Test worker     d.u.i.k.n.KeyIO           Load declarations of de.uka.ilkd.key.nparser.KeyAst$File:  <unknown>:1#1 
728138     INFO  Test worker     d.u.i.k.n.KeyIO           MODE: declarations took 0 ms 
728138     DEBUG Test worker     d.u.i.k.n.KeyIO           MODE: 2nd degree decls took 0 
733579     INFO  Test worker     d.u.i.k.n.KeyIO           Parsing took 0 ms 
733579     DEBUG Test worker     d.u.i.k.n.KeyIO           Load declarations of de.uka.ilkd.key.nparser.KeyAst$File:  <unknown>:1#1 
733579     INFO  Test worker     d.u.i.k.n.KeyIO           MODE: declarations took 0 ms 
733579     DEBUG Test worker     d.u.i.k.n.KeyIO           MODE: 2nd degree decls took 0 
733579     INFO  Test worker     d.u.i.k.n.KeyIO           Parsing took 0 ms 
733579     DEBUG Test worker     d.u.i.k.n.KeyIO           Load declarations of de.uka.ilkd.key.nparser.KeyAst$File:  <unknown>:1#1 
733579     INFO  Test worker     d.u.i.k.n.KeyIO           MODE: declarations took 0 ms 
733579     DEBUG Test worker     d.u.i.k.n.KeyIO           MODE: 2nd degree decls took 0 
733579     INFO  Test worker     d.u.i.k.n.KeyIO           Parsing took 0 ms 
733579     DEBUG Test worker     d.u.i.k.n.KeyIO           Load declarations of de.uka.ilkd.key.nparser.KeyAst$File:  <unknown>:1#1 
733579     INFO  Test worker     d.u.i.k.n.KeyIO           MODE: declarations took 0 ms 
733579     DEBUG Test worker     d.u.i.k.n.KeyIO           MODE: 2nd degree decls took 0 
733579     INFO  Test worker     d.u.i.k.n.KeyIO           Parsing took 0 ms 
733579     DEBUG Test worker     d.u.i.k.n.KeyIO           Load declarations of de.uka.ilkd.key.nparser.KeyAst$File:  <unknown>:1#1 
733595     INFO  Test worker     d.u.i.k.n.KeyIO           MODE: declarations took 16 ms 
733595     DEBUG Test worker     d.u.i.k.n.KeyIO           MODE: 2nd degree decls took 0 
733595     INFO  Test worker     d.u.i.k.n.KeyIO           Parsing took 0 ms 
733595     DEBUG Test worker     d.u.i.k.n.KeyIO           Load declarations of de.uka.ilkd.key.nparser.KeyAst$File:  <unknown>:1#1 
733595     INFO  Test worker     d.u.i.k.n.KeyIO           MODE: declarations took 0 ms 
733595     DEBUG Test worker     d.u.i.k.n.KeyIO           MODE: 2nd degree decls took 0 
738898     INFO  Test worker     d.u.i.k.n.KeyIO           Parsing took 0 ms 
738898     DEBUG Test worker     d.u.i.k.n.KeyIO           Load declarations of de.uka.ilkd.key.nparser.KeyAst$File:  <unknown>:1#1 
738898     INFO  Test worker     d.u.i.k.n.KeyIO           MODE: declarations took 0 ms 
738898     DEBUG Test worker     d.u.i.k.n.KeyIO           MODE: 2nd degree decls took 0 
738898     INFO  Test worker     d.u.i.k.n.KeyIO           Parsing took 0 ms 
738898     DEBUG Test worker     d.u.i.k.n.KeyIO           Load declarations of de.uka.ilkd.key.nparser.KeyAst$File:  <unknown>:1#1 
738898     INFO  Test worker     d.u.i.k.n.KeyIO           MODE: declarations took 0 ms 
738898     DEBUG Test worker     d.u.i.k.n.KeyIO           MODE: 2nd degree decls took 0 
738898     INFO  Test worker     d.u.i.k.n.KeyIO           Parsing took 0 ms 
738898     DEBUG Test worker     d.u.i.k.n.KeyIO           Load declarations of de.uka.ilkd.key.nparser.KeyAst$File:  <unknown>:1#1 
738898     INFO  Test worker     d.u.i.k.n.KeyIO           MODE: declarations took 0 ms 
738898     DEBUG Test worker     d.u.i.k.n.KeyIO           MODE: 2nd degree decls took 0 
738898     INFO  Test worker     d.u.i.k.n.KeyIO           Parsing took 0 ms 
738898     DEBUG Test worker     d.u.i.k.n.KeyIO           Load declarations of de.uka.ilkd.key.nparser.KeyAst$File:  <unknown>:1#1 
738898     INFO  Test worker     d.u.i.k.n.KeyIO           MODE: declarations took 0 ms 
738898     DEBUG Test worker     d.u.i.k.n.KeyIO           MODE: 2nd degree decls took 0 
738898     INFO  Test worker     d.u.i.k.n.KeyIO           Parsing took 0 ms 
738898     DEBUG Test worker     d.u.i.k.n.KeyIO           Load declarations of de.uka.ilkd.key.nparser.KeyAst$File:  <unknown>:1#1 
738898     INFO  Test worker     d.u.i.k.n.KeyIO           MODE: declarations took 0 ms 
738898     DEBUG Test worker     d.u.i.k.n.KeyIO           MODE: 2nd degree decls took 0 
744386     INFO  Test worker     d.u.i.k.n.KeyIO           Parsing took 0 ms 
744386     DEBUG Test worker     d.u.i.k.n.KeyIO           Load declarations of de.uka.ilkd.key.nparser.KeyAst$File:  <unknown>:1#1 
744386     INFO  Test worker     d.u.i.k.n.KeyIO           MODE: declarations took 0 ms 
744386     DEBUG Test worker     d.u.i.k.n.KeyIO           MODE: 2nd degree decls took 0 
744386     INFO  Test worker     d.u.i.k.n.KeyIO           Parsing took 0 ms 
744386     DEBUG Test worker     d.u.i.k.n.KeyIO           Load declarations of de.uka.ilkd.key.nparser.KeyAst$File:  <unknown>:1#1 
744386     INFO  Test worker     d.u.i.k.n.KeyIO           MODE: declarations took 0 ms 
744386     DEBUG Test worker     d.u.i.k.n.KeyIO           MODE: 2nd degree decls took 0 
744386     INFO  Test worker     d.u.i.k.n.KeyIO           Parsing took 0 ms 
744386     DEBUG Test worker     d.u.i.k.n.KeyIO           Load declarations of de.uka.ilkd.key.nparser.KeyAst$File:  <unknown>:1#1 
744386     INFO  Test worker     d.u.i.k.n.KeyIO           MODE: declarations took 0 ms 
744386     DEBUG Test worker     d.u.i.k.n.KeyIO           MODE: 2nd degree decls took 0 
744386     INFO  Test worker     d.u.i.k.n.KeyIO           Parsing took 0 ms 
744386     DEBUG Test worker     d.u.i.k.n.KeyIO           Load declarations of de.uka.ilkd.key.nparser.KeyAst$File:  <unknown>:1#1 
744386     INFO  Test worker     d.u.i.k.n.KeyIO           MODE: declarations took 0 ms 
744386     DEBUG Test worker     d.u.i.k.n.KeyIO           MODE: 2nd degree decls took 0 
744402     INFO  Test worker     d.u.i.k.n.KeyIO           Parsing took 0 ms 
744402     DEBUG Test worker     d.u.i.k.n.KeyIO           Load declarations of de.uka.ilkd.key.nparser.KeyAst$File:  <unknown>:1#1 
744402     INFO  Test worker     d.u.i.k.n.KeyIO           MODE: declarations took 0 ms 
744402     DEBUG Test worker     d.u.i.k.n.KeyIO           MODE: 2nd degree decls took 0 
749907     INFO  Test worker     d.u.i.k.n.KeyIO           Parsing took 0 ms 
749907     DEBUG Test worker     d.u.i.k.n.KeyIO           Load declarations of de.uka.ilkd.key.nparser.KeyAst$File:  <unknown>:1#1 
749923     INFO  Test worker     d.u.i.k.n.KeyIO           MODE: declarations took 16 ms 
749923     DEBUG Test worker     d.u.i.k.n.KeyIO           MODE: 2nd degree decls took 0 
749923     INFO  Test worker     d.u.i.k.n.KeyIO           Parsing took 0 ms 
749923     DEBUG Test worker     d.u.i.k.n.KeyIO           Load declarations of de.uka.ilkd.key.nparser.KeyAst$File:  <unknown>:1#1 
749923     INFO  Test worker     d.u.i.k.n.KeyIO           MODE: declarations took 0 ms 
749923     DEBUG Test worker     d.u.i.k.n.KeyIO           MODE: 2nd degree decls took 0 
749923     INFO  Test worker     d.u.i.k.n.KeyIO           Parsing took 0 ms 
749923     DEBUG Test worker     d.u.i.k.n.KeyIO           Load declarations of de.uka.ilkd.key.nparser.KeyAst$File:  <unknown>:1#1 
749923     INFO  Test worker     d.u.i.k.n.KeyIO           MODE: declarations took 0 ms 
749923     DEBUG Test worker     d.u.i.k.n.KeyIO           MODE: 2nd degree decls took 0 
749923     INFO  Test worker     d.u.i.k.n.KeyIO           Parsing took 0 ms 
749923     DEBUG Test worker     d.u.i.k.n.KeyIO           Load declarations of de.uka.ilkd.key.nparser.KeyAst$File:  <unknown>:1#1 
749923     INFO  Test worker     d.u.i.k.n.KeyIO           MODE: declarations took 0 ms 
749923     DEBUG Test worker     d.u.i.k.n.KeyIO           MODE: 2nd degree decls took 0 
749923     INFO  Test worker     d.u.i.k.n.KeyIO           Parsing took 0 ms 
749923     DEBUG Test worker     d.u.i.k.n.KeyIO           Load declarations of de.uka.ilkd.key.nparser.KeyAst$File:  <unknown>:1#1 
749923     INFO  Test worker     d.u.i.k.n.KeyIO           MODE: declarations took 0 ms 
749923     DEBUG Test worker     d.u.i.k.n.KeyIO           MODE: 2nd degree decls took 0 
755396     INFO  Test worker     d.u.i.k.n.KeyIO           Parsing took 0 ms 
755396     DEBUG Test worker     d.u.i.k.n.KeyIO           Load declarations of de.uka.ilkd.key.nparser.KeyAst$File:  <unknown>:1#1 
755396     INFO  Test worker     d.u.i.k.n.KeyIO           MODE: declarations took 0 ms 
755396     DEBUG Test worker     d.u.i.k.n.KeyIO           MODE: 2nd degree decls took 0 
755396     INFO  Test worker     d.u.i.k.n.KeyIO           Parsing took 0 ms 
755396     DEBUG Test worker     d.u.i.k.n.KeyIO           Load declarations of de.uka.ilkd.key.nparser.KeyAst$File:  <unknown>:1#1 
755396     INFO  Test worker     d.u.i.k.n.KeyIO           MODE: declarations took 0 ms 
755396     DEBUG Test worker     d.u.i.k.n.KeyIO           MODE: 2nd degree decls took 0 
755396     INFO  Test worker     d.u.i.k.n.KeyIO           Parsing took 0 ms 
755396     DEBUG Test worker     d.u.i.k.n.KeyIO           Load declarations of de.uka.ilkd.key.nparser.KeyAst$File:  <unknown>:1#1 
755396     INFO  Test worker     d.u.i.k.n.KeyIO           MODE: declarations took 0 ms 
755396     DEBUG Test worker     d.u.i.k.n.KeyIO           MODE: 2nd degree decls took 0 
755396     INFO  Test worker     d.u.i.k.n.KeyIO           Parsing took 0 ms 
755396     DEBUG Test worker     d.u.i.k.n.KeyIO           Load declarations of de.uka.ilkd.key.nparser.KeyAst$File:  <unknown>:1#1 
755396     INFO  Test worker     d.u.i.k.n.KeyIO           MODE: declarations took 0 ms 
755396     DEBUG Test worker     d.u.i.k.n.KeyIO           MODE: 2nd degree decls took 0 
755396     INFO  Test worker     d.u.i.k.n.KeyIO           Parsing took 0 ms 
755396     DEBUG Test worker     d.u.i.k.n.KeyIO           Load declarations of de.uka.ilkd.key.nparser.KeyAst$File:  <unknown>:1#1 
755396     INFO  Test worker     d.u.i.k.n.KeyIO           MODE: declarations took 0 ms 
755396     DEBUG Test worker     d.u.i.k.n.KeyIO           MODE: 2nd degree decls took 0 
760883     INFO  Test worker     d.u.i.k.n.KeyIO           Parsing took 0 ms 
760883     DEBUG Test worker     d.u.i.k.n.KeyIO           Load declarations of de.uka.ilkd.key.nparser.KeyAst$File:  <unknown>:1#1 
760883     INFO  Test worker     d.u.i.k.n.KeyIO           MODE: declarations took 0 ms 
760883     DEBUG Test worker     d.u.i.k.n.KeyIO           MODE: 2nd degree decls took 0 
760883     INFO  Test worker     d.u.i.k.n.KeyIO           Parsing took 0 ms 
760883     DEBUG Test worker     d.u.i.k.n.KeyIO           Load declarations of de.uka.ilkd.key.nparser.KeyAst$File:  <unknown>:1#1 
760883     INFO  Test worker     d.u.i.k.n.KeyIO           MODE: declarations took 0 ms 
760883     DEBUG Test worker     d.u.i.k.n.KeyIO           MODE: 2nd degree decls took 0 
760883     INFO  Test worker     d.u.i.k.n.KeyIO           Parsing took 0 ms 
760883     DEBUG Test worker     d.u.i.k.n.KeyIO           Load declarations of de.uka.ilkd.key.nparser.KeyAst$File:  <unknown>:1#1 
760883     INFO  Test worker     d.u.i.k.n.KeyIO           MODE: declarations took 0 ms 
760883     DEBUG Test worker     d.u.i.k.n.KeyIO           MODE: 2nd degree decls took 0 
760883     INFO  Test worker     d.u.i.k.n.KeyIO           Parsing took 0 ms 
760883     DEBUG Test worker     d.u.i.k.n.KeyIO           Load declarations of de.uka.ilkd.key.nparser.KeyAst$File:  <unknown>:1#1 
760883     INFO  Test worker     d.u.i.k.n.KeyIO           MODE: declarations took 0 ms 
760883     DEBUG Test worker     d.u.i.k.n.KeyIO           MODE: 2nd degree decls took 0 
760883     INFO  Test worker     d.u.i.k.n.KeyIO           Parsing took 0 ms 
760883     DEBUG Test worker     d.u.i.k.n.KeyIO           Load declarations of de.uka.ilkd.key.nparser.KeyAst$File:  <unknown>:1#1 
760883     INFO  Test worker     d.u.i.k.n.KeyIO           MODE: declarations took 0 ms 
760883     DEBUG Test worker     d.u.i.k.n.KeyIO           MODE: 2nd degree decls took 0 
766341     INFO  Test worker     d.u.i.k.n.KeyIO           Parsing took 0 ms 
766341     DEBUG Test worker     d.u.i.k.n.KeyIO           Load declarations of de.uka.ilkd.key.nparser.KeyAst$File:  <unknown>:1#1 
766341     INFO  Test worker     d.u.i.k.n.KeyIO           MODE: declarations took 0 ms 
766341     DEBUG Test worker     d.u.i.k.n.KeyIO           MODE: 2nd degree decls took 0 
766341     INFO  Test worker     d.u.i.k.n.KeyIO           Parsing took 0 ms 
766341     DEBUG Test worker     d.u.i.k.n.KeyIO           Load declarations of de.uka.ilkd.key.nparser.KeyAst$File:  <unknown>:1#1 
766341     INFO  Test worker     d.u.i.k.n.KeyIO           MODE: declarations took 0 ms 
766341     DEBUG Test worker     d.u.i.k.n.KeyIO           MODE: 2nd degree decls took 0 
766341     INFO  Test worker     d.u.i.k.n.KeyIO           Parsing took 0 ms 
766341     DEBUG Test worker     d.u.i.k.n.KeyIO           Load declarations of de.uka.ilkd.key.nparser.KeyAst$File:  <unknown>:1#1 
766341     INFO  Test worker     d.u.i.k.n.KeyIO           MODE: declarations took 0 ms 
766341     DEBUG Test worker     d.u.i.k.n.KeyIO           MODE: 2nd degree decls took 0 
766341     INFO  Test worker     d.u.i.k.n.KeyIO           Parsing took 0 ms 
766341     DEBUG Test worker     d.u.i.k.n.KeyIO           Load declarations of de.uka.ilkd.key.nparser.KeyAst$File:  <unknown>:1#1 
766341     INFO  Test worker     d.u.i.k.n.KeyIO           MODE: declarations took 0 ms 
766341     DEBUG Test worker     d.u.i.k.n.KeyIO           MODE: 2nd degree decls took 0 
766341     INFO  Test worker     d.u.i.k.n.KeyIO           Parsing took 0 ms 
766341     DEBUG Test worker     d.u.i.k.n.KeyIO           Load declarations of de.uka.ilkd.key.nparser.KeyAst$File:  <unknown>:1#1 
766341     INFO  Test worker     d.u.i.k.n.KeyIO           MODE: declarations took 0 ms 
766341     DEBUG Test worker     d.u.i.k.n.KeyIO           MODE: 2nd degree decls took 0 
771688     INFO  Test worker     d.u.i.k.n.KeyIO           Parsing took 0 ms 
771688     DEBUG Test worker     d.u.i.k.n.KeyIO           Load declarations of de.uka.ilkd.key.nparser.KeyAst$File:  <unknown>:1#1 
771688     INFO  Test worker     d.u.i.k.n.KeyIO           MODE: declarations took 0 ms 
771688     DEBUG Test worker     d.u.i.k.n.KeyIO           MODE: 2nd degree decls took 0 
771688     INFO  Test worker     d.u.i.k.n.KeyIO           Parsing took 0 ms 
771688     DEBUG Test worker     d.u.i.k.n.KeyIO           Load declarations of de.uka.ilkd.key.nparser.KeyAst$File:  <unknown>:1#1 
771688     INFO  Test worker     d.u.i.k.n.KeyIO           MODE: declarations took 0 ms 
771688     DEBUG Test worker     d.u.i.k.n.KeyIO           MODE: 2nd degree decls took 0 
771688     INFO  Test worker     d.u.i.k.n.KeyIO           Parsing took 0 ms 
771688     DEBUG Test worker     d.u.i.k.n.KeyIO           Load declarations of de.uka.ilkd.key.nparser.KeyAst$File:  <unknown>:1#1 
771688     INFO  Test worker     d.u.i.k.n.KeyIO           MODE: declarations took 0 ms 
771688     DEBUG Test worker     d.u.i.k.n.KeyIO           MODE: 2nd degree decls took 0 
771688     INFO  Test worker     d.u.i.k.n.KeyIO           Parsing took 0 ms 
771688     DEBUG Test worker     d.u.i.k.n.KeyIO           Load declarations of de.uka.ilkd.key.nparser.KeyAst$File:  <unknown>:1#1 
771688     INFO  Test worker     d.u.i.k.n.KeyIO           MODE: declarations took 0 ms 
771688     DEBUG Test worker     d.u.i.k.n.KeyIO           MODE: 2nd degree decls took 0 
771688     INFO  Test worker     d.u.i.k.n.KeyIO           Parsing took 0 ms 
771688     DEBUG Test worker     d.u.i.k.n.KeyIO           Load declarations of de.uka.ilkd.key.nparser.KeyAst$File:  <unknown>:1#1 
771688     INFO  Test worker     d.u.i.k.n.KeyIO           MODE: declarations took 0 ms 
771688     DEBUG Test worker     d.u.i.k.n.KeyIO           MODE: 2nd degree decls took 0 
777129     INFO  Test worker     d.u.i.k.n.KeyIO           Parsing took 0 ms 
777129     DEBUG Test worker     d.u.i.k.n.KeyIO           Load declarations of de.uka.ilkd.key.nparser.KeyAst$File:  <unknown>:1#1 
777129     INFO  Test worker     d.u.i.k.n.KeyIO           MODE: declarations took 0 ms 
777129     DEBUG Test worker     d.u.i.k.n.KeyIO           MODE: 2nd degree decls took 0 
777129     INFO  Test worker     d.u.i.k.n.KeyIO           Parsing took 0 ms 
777129     DEBUG Test worker     d.u.i.k.n.KeyIO           Load declarations of de.uka.ilkd.key.nparser.KeyAst$File:  <unknown>:1#1 
777129     INFO  Test worker     d.u.i.k.n.KeyIO           MODE: declarations took 0 ms 
777129     DEBUG Test worker     d.u.i.k.n.KeyIO           MODE: 2nd degree decls took 0 
777129     INFO  Test worker     d.u.i.k.n.KeyIO           Parsing took 0 ms 
777129     DEBUG Test worker     d.u.i.k.n.KeyIO           Load declarations of de.uka.ilkd.key.nparser.KeyAst$File:  <unknown>:1#1 
777129     INFO  Test worker     d.u.i.k.n.KeyIO           MODE: declarations took 0 ms 
777129     DEBUG Test worker     d.u.i.k.n.KeyIO           MODE: 2nd degree decls took 0 
777129     INFO  Test worker     d.u.i.k.n.KeyIO           Parsing took 0 ms 
777129     DEBUG Test worker     d.u.i.k.n.KeyIO           Load declarations of de.uka.ilkd.key.nparser.KeyAst$File:  <unknown>:1#1 
777129     INFO  Test worker     d.u.i.k.n.KeyIO           MODE: declarations took 0 ms 
777129     DEBUG Test worker     d.u.i.k.n.KeyIO           MODE: 2nd degree decls took 0 
777129     INFO  Test worker     d.u.i.k.n.KeyIO           Parsing took 0 ms 
777129     DEBUG Test worker     d.u.i.k.n.KeyIO           Load declarations of de.uka.ilkd.key.nparser.KeyAst$File:  <unknown>:1#1 
777129     INFO  Test worker     d.u.i.k.n.KeyIO           MODE: declarations took 0 ms 
777129     DEBUG Test worker     d.u.i.k.n.KeyIO           MODE: 2nd degree decls took 0 
]]></system-out>
  <system-err><![CDATA[]]></system-err>
</testsuite>
