<?xml version="1.0" encoding="UTF-8"?>
<testsuite name="de.uka.ilkd.key.util.TestProofStarter" tests="2" skipped="0" failures="0" errors="0" timestamp="2023-06-02T20:58:31" hostname="fv-az192-928" time="80.14">
  <properties/>
  <testcase name="testDirectProofWithOneStepSimplification()" classname="de.uka.ilkd.key.util.TestProofStarter" time="42.492"/>
  <testcase name="testDirectProof()" classname="de.uka.ilkd.key.util.TestProofStarter" time="37.648"/>
  <system-out><![CDATA[1507205    INFO  Test worker     d.u.i.k.p.i.AbstractProblemLoader Loading environment from src\test\resources\testcase\proofStarter\CC\project.key 
1507205    DEBUG Test worker     d.u.i.k.p.i.AbstractProblemLoader Environment load took 366.3ns 
1507220    INFO  Test worker     d.u.i.k.p.i.AbstractProblemLoader Creating init config 
1512911    DEBUG Test worker     d.u.i.k.p.i.AbstractProblemLoader Init config took 5.7s 
1513005    INFO  Test worker     d.u.i.k.p.i.AbstractProblemLoader Replaying proof CC[CC::calcCoinIndex([I,[I)].JML normal_behavior operation contract.0 
1513020    DEBUG Test worker     d.u.i.k.p.i.IntermediateProofReplayer Proof replay took 4.1ns 
1549698    INFO  Test worker     d.u.i.k.p.i.AbstractProblemLoader Loading environment from src\test\resources\testcase\proofStarter\CC\project.key 
1549698    DEBUG Test worker     d.u.i.k.p.i.AbstractProblemLoader Environment load took 163.1ns 
1549698    INFO  Test worker     d.u.i.k.p.i.AbstractProblemLoader Creating init config 
1555263    DEBUG Test worker     d.u.i.k.p.i.AbstractProblemLoader Init config took 5.56s 
1555326    INFO  Test worker     d.u.i.k.p.i.AbstractProblemLoader Replaying proof CC[CC::calcCoinIndex([I,[I)].JML normal_behavior operation contract.0 
1555326    DEBUG Test worker     d.u.i.k.p.i.IntermediateProofReplayer Proof replay took 3.7ns 
]]></system-out>
  <system-err><![CDATA[]]></system-err>
</testsuite>
