<?xml version="1.0" encoding="UTF-8"?>
<testsuite name="de.uka.ilkd.key.speclang.njml.JMLParserExceptionTest" tests="5" skipped="3" failures="0" errors="0" timestamp="2023-06-02T20:57:44" hostname="fv-az192-928" time="3.443">
  <properties/>
  <testcase name="case Bevhavioural.java" classname="de.uka.ilkd.key.speclang.njml.JMLParserExceptionTest" time="0.0">
    <skipped/>
  </testcase>
  <testcase name="case IllegalInv.java" classname="de.uka.ilkd.key.speclang.njml.JMLParserExceptionTest" time="0.0">
    <skipped/>
  </testcase>
  <testcase name="case TypeError.java" classname="de.uka.ilkd.key.speclang.njml.JMLParserExceptionTest" time="0.0">
    <skipped/>
  </testcase>
  <testcase name="case UnknownVar.java" classname="de.uka.ilkd.key.speclang.njml.JMLParserExceptionTest" time="1.69"/>
  <testcase name="case UnknownVarInJML.java" classname="de.uka.ilkd.key.speclang.njml.JMLParserExceptionTest" time="1.749"/>
  <system-out><![CDATA[1459859    INFO  Test worker     d.u.i.k.p.i.AbstractProblemLoader Loading environment from D:\a\key\key\key.core\build\resources\test\de\uka\ilkd\key\speclang\njml\exceptional\UnknownVar.java 
1459859    DEBUG Test worker     d.u.i.k.p.i.AbstractProblemLoader Environment load took 155.6ns 
1459859    INFO  Test worker     d.u.i.k.p.i.AbstractProblemLoader Creating init config 
1461548    INFO  Test worker     d.u.i.k.p.i.AbstractProblemLoader Loading environment from D:\a\key\key\key.core\build\resources\test\de\uka\ilkd\key\speclang\njml\exceptional\UnknownVarInJML.java 
1461548    DEBUG Test worker     d.u.i.k.p.i.AbstractProblemLoader Environment load took 138.4ns 
1461563    INFO  Test worker     d.u.i.k.p.i.AbstractProblemLoader Creating init config 
]]></system-out>
  <system-err><![CDATA[]]></system-err>
</testsuite>
