<?xml version="1.0" encoding="UTF-8"?>
<testsuite name="de.uka.ilkd.key.rule.loop.LoopScopeInvRuleTests" tests="1" skipped="0" failures="0" errors="0" timestamp="2023-06-02T20:47:21" hostname="fv-az192-928" time="8.141">
  <properties/>
  <testcase name="testDoAutomaticProofOfBenchmarkWithLabeledBreaksAndContinues()" classname="de.uka.ilkd.key.rule.loop.LoopScopeInvRuleTests" time="8.141"/>
  <system-out><![CDATA[837264     INFO  Test worker     d.u.i.k.p.i.AbstractProblemLoader Loading environment from src\test\resources\testcase\loopScopeInvRule\Test.key 
837264     DEBUG Test worker     d.u.i.k.p.i.AbstractProblemLoader Environment load took 208.2ns 
837264     INFO  Test worker     d.u.i.k.p.i.AbstractProblemLoader Creating init config 
837594     DEBUG Test worker     d.u.i.k.j.TypeConverter   No LDT found for Meta 
837594     DEBUG Test worker     d.u.i.k.j.TypeConverter   No LDT found for Meta 
837594     DEBUG Test worker     d.u.i.k.j.TypeConverter   No LDT found for Meta 
837594     DEBUG Test worker     d.u.i.k.j.TypeConverter   No LDT found for Meta 
838595     DEBUG Test worker     d.u.i.k.j.TypeConverter   No LDT found for JavaBigintExpression 
844364     DEBUG Test worker     d.u.i.k.p.i.AbstractProblemLoader Init config took 7.1s 
844427     INFO  Test worker     d.u.i.k.p.i.AbstractProblemLoader Replaying proof Test[Test::loopScopeRuleBenchmark(int,boolean)].JML normal_behavior operation contract.0 
844427     DEBUG Test worker     d.u.i.k.p.i.IntermediateProofReplayer Proof replay took 18.6ns 
]]></system-out>
  <system-err><![CDATA[]]></system-err>
</testsuite>
