<?xml version="1.0" encoding="UTF-8"?>
<testsuite name="de.uka.ilkd.key.parser.TestDeclParser" tests="14" skipped="2" failures="0" errors="0" timestamp="2023-06-02T20:40:05" hostname="fv-az192-928" time="19.13">
  <properties/>
  <testcase name="testGenericSortDecl1()" classname="de.uka.ilkd.key.parser.TestDeclParser" time="1.651"/>
  <testcase name="testGenericSortDecl2()" classname="de.uka.ilkd.key.parser.TestDeclParser" time="1.623"/>
  <testcase name="testGenericSortDecl3()" classname="de.uka.ilkd.key.parser.TestDeclParser" time="1.609"/>
  <testcase name="testGenericSortDecl4()" classname="de.uka.ilkd.key.parser.TestDeclParser" time="1.596"/>
  <testcase name="testGenericSortDecl5()" classname="de.uka.ilkd.key.parser.TestDeclParser" time="0.0">
    <skipped/>
  </testcase>
  <testcase name="testGenericSortDecl6()" classname="de.uka.ilkd.key.parser.TestDeclParser" time="1.538"/>
  <testcase name="testSortDecl()" classname="de.uka.ilkd.key.parser.TestDeclParser" time="1.602"/>
  <testcase name="testProxySortDecl()" classname="de.uka.ilkd.key.parser.TestDeclParser" time="1.544"/>
  <testcase name="testArrayDecl()" classname="de.uka.ilkd.key.parser.TestDeclParser" time="1.615"/>
  <testcase name="testAmbiguousDecls()" classname="de.uka.ilkd.key.parser.TestDeclParser" time="0.0">
    <skipped/>
  </testcase>
  <testcase name="testHeurDecl()" classname="de.uka.ilkd.key.parser.TestDeclParser" time="1.59"/>
  <testcase name="testFunctionDecl()" classname="de.uka.ilkd.key.parser.TestDeclParser" time="1.553"/>
  <testcase name="testPredicateDecl()" classname="de.uka.ilkd.key.parser.TestDeclParser" time="1.609"/>
  <testcase name="testSVDecl()" classname="de.uka.ilkd.key.parser.TestDeclParser" time="1.594"/>
  <system-out><![CDATA[403392     INFO  Test worker     d.u.i.k.n.KeyIO           Parsing took 0 ms 
403392     DEBUG Test worker     d.u.i.k.n.KeyIO           Load declarations of de.uka.ilkd.key.nparser.KeyAst$File:  <unknown>:1#1 
403392     INFO  Test worker     d.u.i.k.n.KeyIO           MODE: declarations took 0 ms 
403392     DEBUG Test worker     d.u.i.k.n.KeyIO           MODE: 2nd degree decls took 0 
403392     DEBUG Test worker     d.u.i.k.n.KeyIO           MODE: taclets took 0ms 
405019     INFO  Test worker     d.u.i.k.n.KeyIO           Parsing took 0 ms 
405019     DEBUG Test worker     d.u.i.k.n.KeyIO           Load declarations of de.uka.ilkd.key.nparser.KeyAst$File:  <unknown>:1#1 
405019     INFO  Test worker     d.u.i.k.n.KeyIO           MODE: declarations took 0 ms 
405019     DEBUG Test worker     d.u.i.k.n.KeyIO           MODE: 2nd degree decls took 0 
405019     DEBUG Test worker     d.u.i.k.n.KeyIO           MODE: taclets took 0ms 
406629     INFO  Test worker     d.u.i.k.n.KeyIO           Parsing took 0 ms 
406629     DEBUG Test worker     d.u.i.k.n.KeyIO           Load declarations of de.uka.ilkd.key.nparser.KeyAst$File:  <unknown>:1#1 
406629     INFO  Test worker     d.u.i.k.n.KeyIO           MODE: declarations took 0 ms 
406629     DEBUG Test worker     d.u.i.k.n.KeyIO           MODE: 2nd degree decls took 0 
406629     DEBUG Test worker     d.u.i.k.n.KeyIO           MODE: taclets took 0ms 
408224     INFO  Test worker     d.u.i.k.n.KeyIO           Parsing took 0 ms 
408224     DEBUG Test worker     d.u.i.k.n.KeyIO           Load declarations of de.uka.ilkd.key.nparser.KeyAst$File:  <unknown>:1#1 
408224     INFO  Test worker     d.u.i.k.n.KeyIO           MODE: declarations took 0 ms 
408224     DEBUG Test worker     d.u.i.k.n.KeyIO           MODE: 2nd degree decls took 0 
408224     DEBUG Test worker     d.u.i.k.n.KeyIO           MODE: taclets took 0ms 
409771     INFO  Test worker     d.u.i.k.n.KeyIO           Parsing took 15 ms 
409771     DEBUG Test worker     d.u.i.k.n.KeyIO           Load declarations of de.uka.ilkd.key.nparser.KeyAst$File:  <unknown>:1#1 
409771     INFO  Test worker     d.u.i.k.n.KeyIO           MODE: declarations took 0 ms 
409771     DEBUG Test worker     d.u.i.k.n.KeyIO           MODE: 2nd degree decls took 0 
409771     DEBUG Test worker     d.u.i.k.n.KeyIO           MODE: taclets took 0ms 
411366     INFO  Test worker     d.u.i.k.n.KeyIO           Parsing took 0 ms 
411366     DEBUG Test worker     d.u.i.k.n.KeyIO           Load declarations of de.uka.ilkd.key.nparser.KeyAst$File:  <unknown>:1#1 
411366     INFO  Test worker     d.u.i.k.n.KeyIO           MODE: declarations took 0 ms 
411366     DEBUG Test worker     d.u.i.k.n.KeyIO           MODE: 2nd degree decls took 0 
411366     DEBUG Test worker     d.u.i.k.n.KeyIO           MODE: taclets took 0ms 
412916     INFO  Test worker     d.u.i.k.n.KeyIO           Parsing took 0 ms 
412916     DEBUG Test worker     d.u.i.k.n.KeyIO           Load declarations of de.uka.ilkd.key.nparser.KeyAst$File:  <unknown>:1#1 
412916     INFO  Test worker     d.u.i.k.n.KeyIO           MODE: declarations took 0 ms 
412916     DEBUG Test worker     d.u.i.k.n.KeyIO           MODE: 2nd degree decls took 0 
412916     DEBUG Test worker     d.u.i.k.n.KeyIO           MODE: taclets took 0ms 
414512     INFO  Test worker     d.u.i.k.n.KeyIO           Parsing took 0 ms 
414512     DEBUG Test worker     d.u.i.k.n.KeyIO           Load declarations of de.uka.ilkd.key.nparser.KeyAst$File:  <unknown>:1#1 
414512     INFO  Test worker     d.u.i.k.n.KeyIO           MODE: declarations took 0 ms 
414527     DEBUG Test worker     d.u.i.k.n.KeyIO           MODE: 2nd degree decls took 15 
414527     DEBUG Test worker     d.u.i.k.n.KeyIO           MODE: taclets took 0ms 
416106     INFO  Test worker     d.u.i.k.n.KeyIO           Parsing took 0 ms 
416106     DEBUG Test worker     d.u.i.k.n.KeyIO           Load declarations of de.uka.ilkd.key.nparser.KeyAst$File:  <unknown>:1#1 
416106     INFO  Test worker     d.u.i.k.n.KeyIO           MODE: declarations took 0 ms 
416106     DEBUG Test worker     d.u.i.k.n.KeyIO           MODE: 2nd degree decls took 0 
416106     DEBUG Test worker     d.u.i.k.n.KeyIO           MODE: taclets took 0ms 
417670     INFO  Test worker     d.u.i.k.n.KeyIO           Parsing took 0 ms 
417670     DEBUG Test worker     d.u.i.k.n.KeyIO           Load declarations of de.uka.ilkd.key.nparser.KeyAst$File:  <unknown>:1#1 
417670     INFO  Test worker     d.u.i.k.n.KeyIO           MODE: declarations took 0 ms 
417670     DEBUG Test worker     d.u.i.k.n.KeyIO           MODE: 2nd degree decls took 0 
417670     DEBUG Test worker     d.u.i.k.n.KeyIO           MODE: taclets took 0ms 
419280     INFO  Test worker     d.u.i.k.n.KeyIO           Parsing took 0 ms 
419280     DEBUG Test worker     d.u.i.k.n.KeyIO           Load declarations of de.uka.ilkd.key.nparser.KeyAst$File:  <unknown>:1#1 
419280     INFO  Test worker     d.u.i.k.n.KeyIO           MODE: declarations took 0 ms 
419280     DEBUG Test worker     d.u.i.k.n.KeyIO           MODE: 2nd degree decls took 0 
419280     DEBUG Test worker     d.u.i.k.n.KeyIO           MODE: taclets took 0ms 
420874     INFO  Test worker     d.u.i.k.n.KeyIO           Parsing took 0 ms 
420874     DEBUG Test worker     d.u.i.k.n.KeyIO           Load declarations of de.uka.ilkd.key.nparser.KeyAst$File:  <unknown>:1#1 
420874     INFO  Test worker     d.u.i.k.n.KeyIO           MODE: declarations took 0 ms 
420874     DEBUG Test worker     d.u.i.k.n.KeyIO           MODE: 2nd degree decls took 0 
420874     DEBUG Test worker     d.u.i.k.n.KeyIO           MODE: taclets took 0ms 
]]></system-out>
  <system-err><![CDATA[]]></system-err>
</testsuite>
