<?xml version="1.0" encoding="UTF-8"?>
<testsuite name="de.uka.ilkd.key.proof_references.testcase.TestKeYTypeUtil" tests="4" skipped="0" failures="0" errors="0" timestamp="2023-02-01T15:52:17" hostname="fv-az363-838" time="18.592">
  <properties/>
  <testcase name="testGetType()" classname="de.uka.ilkd.key.proof_references.testcase.TestKeYTypeUtil" time="9.498"/>
  <testcase name="testIsInnerType()" classname="de.uka.ilkd.key.proof_references.testcase.TestKeYTypeUtil" time="3.043"/>
  <testcase name="testGetParentName()" classname="de.uka.ilkd.key.proof_references.testcase.TestKeYTypeUtil" time="3.013"/>
  <testcase name="testIsType()" classname="de.uka.ilkd.key.proof_references.testcase.TestKeYTypeUtil" time="3.03"/>
  <system-out><![CDATA[15:52:17,934 |-INFO in ch.qos.logback.classic.LoggerContext[default] - Could NOT find resource [logback-test.xml]
15:52:17,936 |-INFO in ch.qos.logback.classic.LoggerContext[default] - Found resource [logback.xml] at [file:/home/runner/work/key/key/key.core.proof_references/build/resources/test/logback.xml]
15:52:18,052 |-INFO in ch.qos.logback.classic.joran.action.ConfigurationAction - debug attribute not set
15:52:18,052 |-INFO in ch.qos.logback.core.joran.action.AppenderAction - About to instantiate appender of type [ch.qos.logback.core.ConsoleAppender]
15:52:18,066 |-INFO in ch.qos.logback.core.joran.action.AppenderAction - Naming appender as [STDOUT]
15:52:18,072 |-ERROR in ch.qos.logback.core.joran.spi.Interpreter@3:15 - no applicable action for [file], current ElementPath  is [[configuration][appender][file]]
15:52:18,072 |-ERROR in ch.qos.logback.core.joran.spi.Interpreter@4:17 - no applicable action for [append], current ElementPath  is [[configuration][appender][append]]
15:52:18,073 |-INFO in ch.qos.logback.core.joran.action.NestedComplexPropertyIA - Assuming default type [ch.qos.logback.classic.encoder.PatternLayoutEncoder] for [encoder] property
15:52:18,088 |-INFO in ch.qos.logback.classic.joran.action.RootLoggerAction - Setting level of ROOT logger to WARN
15:52:18,088 |-INFO in ch.qos.logback.core.joran.action.AppenderRefAction - Attaching appender named [STDOUT] to Logger[ROOT]
15:52:18,088 |-INFO in ch.qos.logback.classic.joran.action.ConfigurationAction - End of configuration.
15:52:18,089 |-INFO in ch.qos.logback.classic.joran.JoranConfigurator@58bf8650 - Registering current configuration as safe fallback point

521        WARN  Test worker     d.u.i.k.s.ProofSettings   No proof-settings could be loaded, using defaults java.io.FileNotFoundException: /home/runner/.key/proof-settings.props (No such file or directory)
	at java.base/java.io.FileInputStream.open0(Native Method)

]]></system-out>
  <system-err><![CDATA[]]></system-err>
</testsuite>
