<?xml version="1.0" encoding="UTF-8"?>
<testsuite name="de.uka.ilkd.key.rule.merge.PredicateAbstractionLatticeTests" tests="3" skipped="0" failures="0" errors="0" timestamp="2023-06-10T22:36:30" hostname="fv-az553-785" time="8.575">
  <properties/>
  <testcase name="testToAndFromString()" classname="de.uka.ilkd.key.rule.merge.PredicateAbstractionLatticeTests" time="4.357"/>
  <testcase name="testCreateSignLatticeWithPredicates()" classname="de.uka.ilkd.key.rule.merge.PredicateAbstractionLatticeTests" time="4.218"/>
  <testcase name="testTrivialPredicatesLattice()" classname="de.uka.ilkd.key.rule.merge.PredicateAbstractionLatticeTests" time="0.0"/>
  <system-out><![CDATA[749022     INFO  Test worker     d.u.i.k.p.i.AbstractProblemLoader Loading environment from src\test\resources\testcase\merge\dummy.key 
749022     DEBUG Test worker     d.u.i.k.p.i.AbstractProblemLoader Environment load took 396.3ns 
749022     INFO  Test worker     d.u.i.k.p.i.AbstractProblemLoader Creating init config 
753350     DEBUG Test worker     d.u.i.k.p.i.AbstractProblemLoader Init config took 4.33s 
753365     INFO  Test worker     d.u.i.k.p.i.AbstractProblemLoader Replaying proof dummy.key 
753365     DEBUG Test worker     d.u.i.k.p.i.IntermediateProofReplayer Proof replay took 12.9ns 
753365     INFO  Test worker     d.u.i.k.p.i.AbstractProblemLoader Loading environment from src\test\resources\testcase\merge\dummy.key 
753365     DEBUG Test worker     d.u.i.k.p.i.AbstractProblemLoader Environment load took 136.3ns 
753381     INFO  Test worker     d.u.i.k.p.i.AbstractProblemLoader Creating init config 
757568     DEBUG Test worker     d.u.i.k.p.i.AbstractProblemLoader Init config took 4.19s 
757583     INFO  Test worker     d.u.i.k.p.i.AbstractProblemLoader Replaying proof dummy.key 
757583     DEBUG Test worker     d.u.i.k.p.i.IntermediateProofReplayer Proof replay took 14.8ns 
]]></system-out>
  <system-err><![CDATA[]]></system-err>
</testsuite>
