<?xml version="1.0" encoding="UTF-8"?>
<testsuite name="de.uka.ilkd.key.logic.TestClashFreeSubst" tests="14" skipped="2" failures="0" errors="0" timestamp="2023-06-10T22:24:55" hostname="fv-az553-785" time="71.044">
  <properties/>
  <testcase name="testMultiShareBound()" classname="de.uka.ilkd.key.logic.TestClashFreeSubst" time="1.366"/>
  <testcase name="testClash()" classname="de.uka.ilkd.key.logic.TestClashFreeSubst" time="1.342"/>
  <testcase name="testShare()" classname="de.uka.ilkd.key.logic.TestClashFreeSubst" time="1.301"/>
  <testcase name="testSubst()" classname="de.uka.ilkd.key.logic.TestClashFreeSubst" time="1.3"/>
  <testcase name="testWary0()" classname="de.uka.ilkd.key.logic.TestClashFreeSubst" time="1.321"/>
  <testcase name="testWary1()" classname="de.uka.ilkd.key.logic.TestClashFreeSubst" time="1.302"/>
  <testcase name="testWary2()" classname="de.uka.ilkd.key.logic.TestClashFreeSubst" time="1.298"/>
  <testcase name="testClashInSubstTerm()" classname="de.uka.ilkd.key.logic.TestClashFreeSubst" time="1.311"/>
  <testcase name="testShareWary()" classname="de.uka.ilkd.key.logic.TestClashFreeSubst" time="1.302"/>
  <testcase name="testMultiSubst()" classname="de.uka.ilkd.key.logic.TestClashFreeSubst" time="1.289"/>
  <testcase name="xtestMultiClash()" classname="de.uka.ilkd.key.logic.TestClashFreeSubst" time="0.0">
    <skipped/>
  </testcase>
  <testcase name="testSubstInSubstTerm()" classname="de.uka.ilkd.key.logic.TestClashFreeSubst" time="1.474"/>
  <testcase name="testSubstWary()" classname="de.uka.ilkd.key.logic.TestClashFreeSubst" time="1.289"/>
  <testcase name="xtestMultiClash1()" classname="de.uka.ilkd.key.logic.TestClashFreeSubst" time="0.0">
    <skipped/>
  </testcase>
  <system-out><![CDATA[54569      INFO  Test worker     d.u.i.k.n.KeyIO           Parsing took 0 ms 
54569      DEBUG Test worker     d.u.i.k.n.KeyIO           Load declarations of de.uka.ilkd.key.nparser.KeyAst$File:  <unknown>:1#1 
54569      INFO  Test worker     d.u.i.k.n.KeyIO           MODE: declarations took 0 ms 
54569      DEBUG Test worker     d.u.i.k.n.KeyIO           MODE: 2nd degree decls took 0 
55937      INFO  Test worker     d.u.i.k.n.KeyIO           Parsing took 0 ms 
55937      DEBUG Test worker     d.u.i.k.n.KeyIO           Load declarations of de.uka.ilkd.key.nparser.KeyAst$File:  <unknown>:1#1 
55937      INFO  Test worker     d.u.i.k.n.KeyIO           MODE: declarations took 0 ms 
55937      DEBUG Test worker     d.u.i.k.n.KeyIO           MODE: 2nd degree decls took 0 
60352      INFO  Test worker     d.u.i.k.n.KeyIO           Parsing took 0 ms 
60352      DEBUG Test worker     d.u.i.k.n.KeyIO           Load declarations of de.uka.ilkd.key.nparser.KeyAst$File:  <unknown>:1#1 
60352      INFO  Test worker     d.u.i.k.n.KeyIO           MODE: declarations took 0 ms 
60352      DEBUG Test worker     d.u.i.k.n.KeyIO           MODE: 2nd degree decls took 0 
61685      INFO  Test worker     d.u.i.k.n.KeyIO           Parsing took 0 ms 
61685      DEBUG Test worker     d.u.i.k.n.KeyIO           Load declarations of de.uka.ilkd.key.nparser.KeyAst$File:  <unknown>:1#1 
61685      INFO  Test worker     d.u.i.k.n.KeyIO           MODE: declarations took 0 ms 
61685      DEBUG Test worker     d.u.i.k.n.KeyIO           MODE: 2nd degree decls took 0 
65990      INFO  Test worker     d.u.i.k.n.KeyIO           Parsing took 0 ms 
65990      DEBUG Test worker     d.u.i.k.n.KeyIO           Load declarations of de.uka.ilkd.key.nparser.KeyAst$File:  <unknown>:1#1 
65990      INFO  Test worker     d.u.i.k.n.KeyIO           MODE: declarations took 0 ms 
65990      DEBUG Test worker     d.u.i.k.n.KeyIO           MODE: 2nd degree decls took 0 
67272      INFO  Test worker     d.u.i.k.n.KeyIO           Parsing took 0 ms 
67272      DEBUG Test worker     d.u.i.k.n.KeyIO           Load declarations of de.uka.ilkd.key.nparser.KeyAst$File:  <unknown>:1#1 
67272      INFO  Test worker     d.u.i.k.n.KeyIO           MODE: declarations took 0 ms 
67272      DEBUG Test worker     d.u.i.k.n.KeyIO           MODE: 2nd degree decls took 0 
71527      INFO  Test worker     d.u.i.k.n.KeyIO           Parsing took 0 ms 
71527      DEBUG Test worker     d.u.i.k.n.KeyIO           Load declarations of de.uka.ilkd.key.nparser.KeyAst$File:  <unknown>:1#1 
71527      INFO  Test worker     d.u.i.k.n.KeyIO           MODE: declarations took 0 ms 
71527      DEBUG Test worker     d.u.i.k.n.KeyIO           MODE: 2nd degree decls took 0 
72822      INFO  Test worker     d.u.i.k.n.KeyIO           Parsing took 0 ms 
72822      DEBUG Test worker     d.u.i.k.n.KeyIO           Load declarations of de.uka.ilkd.key.nparser.KeyAst$File:  <unknown>:1#1 
72822      INFO  Test worker     d.u.i.k.n.KeyIO           MODE: declarations took 0 ms 
72822      DEBUG Test worker     d.u.i.k.n.KeyIO           MODE: 2nd degree decls took 0 
77089      INFO  Test worker     d.u.i.k.n.KeyIO           Parsing took 0 ms 
77089      DEBUG Test worker     d.u.i.k.n.KeyIO           Load declarations of de.uka.ilkd.key.nparser.KeyAst$File:  <unknown>:1#1 
77089      INFO  Test worker     d.u.i.k.n.KeyIO           MODE: declarations took 0 ms 
77089      DEBUG Test worker     d.u.i.k.n.KeyIO           MODE: 2nd degree decls took 0 
78409      INFO  Test worker     d.u.i.k.n.KeyIO           Parsing took 1 ms 
78409      DEBUG Test worker     d.u.i.k.n.KeyIO           Load declarations of de.uka.ilkd.key.nparser.KeyAst$File:  <unknown>:1#1 
78409      INFO  Test worker     d.u.i.k.n.KeyIO           MODE: declarations took 0 ms 
78410      DEBUG Test worker     d.u.i.k.n.KeyIO           MODE: 2nd degree decls took 1 
82634      INFO  Test worker     d.u.i.k.n.KeyIO           Parsing took 0 ms 
82634      DEBUG Test worker     d.u.i.k.n.KeyIO           Load declarations of de.uka.ilkd.key.nparser.KeyAst$File:  <unknown>:1#1 
82634      INFO  Test worker     d.u.i.k.n.KeyIO           MODE: declarations took 0 ms 
82634      DEBUG Test worker     d.u.i.k.n.KeyIO           MODE: 2nd degree decls took 0 
83943      INFO  Test worker     d.u.i.k.n.KeyIO           Parsing took 0 ms 
83943      DEBUG Test worker     d.u.i.k.n.KeyIO           Load declarations of de.uka.ilkd.key.nparser.KeyAst$File:  <unknown>:1#1 
83943      INFO  Test worker     d.u.i.k.n.KeyIO           MODE: declarations took 0 ms 
83943      DEBUG Test worker     d.u.i.k.n.KeyIO           MODE: 2nd degree decls took 0 
88173      INFO  Test worker     d.u.i.k.n.KeyIO           Parsing took 0 ms 
88173      DEBUG Test worker     d.u.i.k.n.KeyIO           Load declarations of de.uka.ilkd.key.nparser.KeyAst$File:  <unknown>:1#1 
88173      INFO  Test worker     d.u.i.k.n.KeyIO           MODE: declarations took 0 ms 
88173      DEBUG Test worker     d.u.i.k.n.KeyIO           MODE: 2nd degree decls took 0 
89471      INFO  Test worker     d.u.i.k.n.KeyIO           Parsing took 0 ms 
89471      DEBUG Test worker     d.u.i.k.n.KeyIO           Load declarations of de.uka.ilkd.key.nparser.KeyAst$File:  <unknown>:1#1 
89471      INFO  Test worker     d.u.i.k.n.KeyIO           MODE: declarations took 0 ms 
89471      DEBUG Test worker     d.u.i.k.n.KeyIO           MODE: 2nd degree decls took 0 
93711      INFO  Test worker     d.u.i.k.n.KeyIO           Parsing took 0 ms 
93711      DEBUG Test worker     d.u.i.k.n.KeyIO           Load declarations of de.uka.ilkd.key.nparser.KeyAst$File:  <unknown>:1#1 
93711      INFO  Test worker     d.u.i.k.n.KeyIO           MODE: declarations took 0 ms 
93711      DEBUG Test worker     d.u.i.k.n.KeyIO           MODE: 2nd degree decls took 0 
95016      INFO  Test worker     d.u.i.k.n.KeyIO           Parsing took 0 ms 
95016      DEBUG Test worker     d.u.i.k.n.KeyIO           Load declarations of de.uka.ilkd.key.nparser.KeyAst$File:  <unknown>:1#1 
95016      INFO  Test worker     d.u.i.k.n.KeyIO           MODE: declarations took 0 ms 
95016      DEBUG Test worker     d.u.i.k.n.KeyIO           MODE: 2nd degree decls took 0 
99211      INFO  Test worker     d.u.i.k.n.KeyIO           Parsing took 0 ms 
99211      DEBUG Test worker     d.u.i.k.n.KeyIO           Load declarations of de.uka.ilkd.key.nparser.KeyAst$File:  <unknown>:1#1 
99211      INFO  Test worker     d.u.i.k.n.KeyIO           MODE: declarations took 0 ms 
99211      DEBUG Test worker     d.u.i.k.n.KeyIO           MODE: 2nd degree decls took 0 
100510     INFO  Test worker     d.u.i.k.n.KeyIO           Parsing took 0 ms 
100510     DEBUG Test worker     d.u.i.k.n.KeyIO           Load declarations of de.uka.ilkd.key.nparser.KeyAst$File:  <unknown>:1#1 
100510     INFO  Test worker     d.u.i.k.n.KeyIO           MODE: declarations took 0 ms 
100510     DEBUG Test worker     d.u.i.k.n.KeyIO           MODE: 2nd degree decls took 0 
104735     INFO  Test worker     d.u.i.k.n.KeyIO           Parsing took 0 ms 
104735     DEBUG Test worker     d.u.i.k.n.KeyIO           Load declarations of de.uka.ilkd.key.nparser.KeyAst$File:  <unknown>:1#1 
104735     INFO  Test worker     d.u.i.k.n.KeyIO           MODE: declarations took 0 ms 
104735     DEBUG Test worker     d.u.i.k.n.KeyIO           MODE: 2nd degree decls took 0 
106017     INFO  Test worker     d.u.i.k.n.KeyIO           Parsing took 0 ms 
106017     DEBUG Test worker     d.u.i.k.n.KeyIO           Load declarations of de.uka.ilkd.key.nparser.KeyAst$File:  <unknown>:1#1 
106017     INFO  Test worker     d.u.i.k.n.KeyIO           MODE: declarations took 0 ms 
106017     DEBUG Test worker     d.u.i.k.n.KeyIO           MODE: 2nd degree decls took 0 
114461     INFO  Test worker     d.u.i.k.n.KeyIO           Parsing took 0 ms 
114461     DEBUG Test worker     d.u.i.k.n.KeyIO           Load declarations of de.uka.ilkd.key.nparser.KeyAst$File:  <unknown>:1#1 
114461     INFO  Test worker     d.u.i.k.n.KeyIO           MODE: declarations took 0 ms 
114461     DEBUG Test worker     d.u.i.k.n.KeyIO           MODE: 2nd degree decls took 0 
115922     INFO  Test worker     d.u.i.k.n.KeyIO           Parsing took 0 ms 
115922     DEBUG Test worker     d.u.i.k.n.KeyIO           Load declarations of de.uka.ilkd.key.nparser.KeyAst$File:  <unknown>:1#1 
115922     INFO  Test worker     d.u.i.k.n.KeyIO           MODE: declarations took 0 ms 
115922     DEBUG Test worker     d.u.i.k.n.KeyIO           MODE: 2nd degree decls took 0 
120137     INFO  Test worker     d.u.i.k.n.KeyIO           Parsing took 0 ms 
120137     DEBUG Test worker     d.u.i.k.n.KeyIO           Load declarations of de.uka.ilkd.key.nparser.KeyAst$File:  <unknown>:1#1 
120137     INFO  Test worker     d.u.i.k.n.KeyIO           MODE: declarations took 0 ms 
120137     DEBUG Test worker     d.u.i.k.n.KeyIO           MODE: 2nd degree decls took 0 
121430     INFO  Test worker     d.u.i.k.n.KeyIO           Parsing took 0 ms 
121430     DEBUG Test worker     d.u.i.k.n.KeyIO           Load declarations of de.uka.ilkd.key.nparser.KeyAst$File:  <unknown>:1#1 
121430     INFO  Test worker     d.u.i.k.n.KeyIO           MODE: declarations took 0 ms 
121430     DEBUG Test worker     d.u.i.k.n.KeyIO           MODE: 2nd degree decls took 0 
]]></system-out>
  <system-err><![CDATA[]]></system-err>
</testsuite>
