<?xml version="1.0" encoding="UTF-8"?>
<testsuite name="de.uka.ilkd.key.util.TestProofStarter" tests="2" skipped="0" failures="0" errors="0" timestamp="2023-06-10T22:43:10" hostname="fv-az553-785" time="55.647">
  <properties/>
  <testcase name="testDirectProofWithOneStepSimplification()" classname="de.uka.ilkd.key.util.TestProofStarter" time="29.164"/>
  <testcase name="testDirectProof()" classname="de.uka.ilkd.key.util.TestProofStarter" time="26.483"/>
  <system-out><![CDATA[1149365    INFO  Test worker     d.u.i.k.p.i.AbstractProblemLoader Loading environment from src\test\resources\testcase\proofStarter\CC\project.key 
1149365    DEBUG Test worker     d.u.i.k.p.i.AbstractProblemLoader Environment load took 156.6ns 
1149365    INFO  Test worker     d.u.i.k.p.i.AbstractProblemLoader Creating init config 
1153826    DEBUG Test worker     d.u.i.k.p.i.AbstractProblemLoader Init config took 4.47s 
1153873    INFO  Test worker     d.u.i.k.p.i.AbstractProblemLoader Replaying proof CC[CC::calcCoinIndex([I,[I)].JML normal_behavior operation contract.0 
1153873    DEBUG Test worker     d.u.i.k.p.i.IntermediateProofReplayer Proof replay took 1.8ns 
1178513    INFO  Test worker     d.u.i.k.p.i.AbstractProblemLoader Loading environment from src\test\resources\testcase\proofStarter\CC\project.key 
1178513    DEBUG Test worker     d.u.i.k.p.i.AbstractProblemLoader Environment load took 444.3ns 
1178513    INFO  Test worker     d.u.i.k.p.i.AbstractProblemLoader Creating init config 
1182973    DEBUG Test worker     d.u.i.k.p.i.AbstractProblemLoader Init config took 4.45s 
1183004    INFO  Test worker     d.u.i.k.p.i.AbstractProblemLoader Replaying proof CC[CC::calcCoinIndex([I,[I)].JML normal_behavior operation contract.0 
1183020    DEBUG Test worker     d.u.i.k.p.i.IntermediateProofReplayer Proof replay took 2.4ns 
]]></system-out>
  <system-err><![CDATA[]]></system-err>
</testsuite>
