<?xml version="1.0" encoding="UTF-8"?>
<testsuite name="de.uka.ilkd.key.parser.TestTermParserSorts" tests="2" skipped="0" failures="0" errors="0" timestamp="2023-06-10T22:34:10" hostname="fv-az553-785" time="4.202">
  <properties/>
  <testcase name="testParseIntegerArgs()" classname="de.uka.ilkd.key.parser.TestTermParserSorts" time="0.021"/>
  <testcase name="testParseSequencePrettySyntax()" classname="de.uka.ilkd.key.parser.TestTermParserSorts" time="0.003"/>
  <system-out><![CDATA[609360     INFO  Test worker     d.u.i.k.n.KeyIO           Parsing took 0 ms 
609360     DEBUG Test worker     d.u.i.k.n.KeyIO           Load declarations of de.uka.ilkd.key.nparser.KeyAst$File:  <unknown>:1#1 
609360     INFO  Test worker     d.u.i.k.n.KeyIO           MODE: declarations took 0 ms 
609360     DEBUG Test worker     d.u.i.k.n.KeyIO           MODE: 2nd degree decls took 0 
609360     INFO  Test worker     d.u.i.k.n.KeyIO           Parsing took 0 ms 
609360     DEBUG Test worker     d.u.i.k.n.KeyIO           Load declarations of de.uka.ilkd.key.nparser.KeyAst$File:  <unknown>:1#1 
609360     INFO  Test worker     d.u.i.k.n.KeyIO           MODE: declarations took 0 ms 
609360     DEBUG Test worker     d.u.i.k.n.KeyIO           MODE: 2nd degree decls took 0 
609360     INFO  Test worker     d.u.i.k.n.KeyIO           Parsing took 0 ms 
609360     DEBUG Test worker     d.u.i.k.n.KeyIO           Load declarations of de.uka.ilkd.key.nparser.KeyAst$File:  <unknown>:1#1 
609360     INFO  Test worker     d.u.i.k.n.KeyIO           MODE: declarations took 0 ms 
609360     DEBUG Test worker     d.u.i.k.n.KeyIO           MODE: 2nd degree decls took 0 
613575     INFO  Test worker     d.u.i.k.n.KeyIO           Parsing took 0 ms 
613575     DEBUG Test worker     d.u.i.k.n.KeyIO           Load declarations of de.uka.ilkd.key.nparser.KeyAst$File:  <unknown>:1#1 
613575     INFO  Test worker     d.u.i.k.n.KeyIO           MODE: declarations took 0 ms 
613575     DEBUG Test worker     d.u.i.k.n.KeyIO           MODE: 2nd degree decls took 0 
613575     INFO  Test worker     d.u.i.k.n.KeyIO           Parsing took 0 ms 
613575     DEBUG Test worker     d.u.i.k.n.KeyIO           Load declarations of de.uka.ilkd.key.nparser.KeyAst$File:  <unknown>:1#1 
613575     INFO  Test worker     d.u.i.k.n.KeyIO           MODE: declarations took 0 ms 
613575     DEBUG Test worker     d.u.i.k.n.KeyIO           MODE: 2nd degree decls took 0 
613575     INFO  Test worker     d.u.i.k.n.KeyIO           Parsing took 0 ms 
613575     DEBUG Test worker     d.u.i.k.n.KeyIO           Load declarations of de.uka.ilkd.key.nparser.KeyAst$File:  <unknown>:1#1 
613575     INFO  Test worker     d.u.i.k.n.KeyIO           MODE: declarations took 0 ms 
613575     DEBUG Test worker     d.u.i.k.n.KeyIO           MODE: 2nd degree decls took 0 
]]></system-out>
  <system-err><![CDATA[]]></system-err>
</testsuite>
