<?xml version="1.0" encoding="UTF-8"?>
<testsuite name="de.uka.ilkd.key.proof.TestOneStepSimplifier" tests="1" skipped="0" failures="0" errors="0" timestamp="2023-06-10T22:34:14" hostname="fv-az553-785" time="5.368">
  <properties/>
  <testcase name="loadWithRestriction()" classname="de.uka.ilkd.key.proof.TestOneStepSimplifier" time="5.368"/>
  <system-out><![CDATA[613637     INFO  Test worker     d.u.i.k.p.i.AbstractProblemLoader Loading environment from src\test\resources\testcase\ossRestriction.proof 
613637     DEBUG Test worker     d.u.i.k.p.i.AbstractProblemLoader Environment load took 143ns 
613637     INFO  Test worker     d.u.i.k.p.i.AbstractProblemLoader Creating init config 
613856     DEBUG Test worker     d.u.i.k.j.TypeConverter   No LDT found for Meta 
613856     DEBUG Test worker     d.u.i.k.j.TypeConverter   No LDT found for Meta 
613856     DEBUG Test worker     d.u.i.k.j.TypeConverter   No LDT found for Meta 
613856     DEBUG Test worker     d.u.i.k.j.TypeConverter   No LDT found for Meta 
614543     DEBUG Test worker     d.u.i.k.j.TypeConverter   No LDT found for JavaBigintExpression 
618962     DEBUG Test worker     d.u.i.k.p.i.AbstractProblemLoader Init config took 5.33s 
618993     INFO  Test worker     d.u.i.k.p.i.AbstractProblemLoader Replaying proof ossRestriction.proof 
618993     DEBUG Test worker     d.u.i.k.p.i.IntermediateProofReplayer Proof replay took 1.16ms 
]]></system-out>
  <system-err><![CDATA[]]></system-err>
</testsuite>
