<?xml version="1.0" encoding="UTF-8"?>
<testsuite name="de.uka.ilkd.key.parser.TestDeclParser" tests="14" skipped="2" failures="0" errors="0" timestamp="2023-06-10T22:29:08" hostname="fv-az553-785" time="16.087">
  <properties/>
  <testcase name="testGenericSortDecl1()" classname="de.uka.ilkd.key.parser.TestDeclParser" time="1.437"/>
  <testcase name="testGenericSortDecl2()" classname="de.uka.ilkd.key.parser.TestDeclParser" time="1.341"/>
  <testcase name="testGenericSortDecl3()" classname="de.uka.ilkd.key.parser.TestDeclParser" time="1.307"/>
  <testcase name="testGenericSortDecl4()" classname="de.uka.ilkd.key.parser.TestDeclParser" time="1.346"/>
  <testcase name="testGenericSortDecl5()" classname="de.uka.ilkd.key.parser.TestDeclParser" time="0.0">
    <skipped/>
  </testcase>
  <testcase name="testGenericSortDecl6()" classname="de.uka.ilkd.key.parser.TestDeclParser" time="1.326"/>
  <testcase name="testSortDecl()" classname="de.uka.ilkd.key.parser.TestDeclParser" time="1.336"/>
  <testcase name="testProxySortDecl()" classname="de.uka.ilkd.key.parser.TestDeclParser" time="1.338"/>
  <testcase name="testArrayDecl()" classname="de.uka.ilkd.key.parser.TestDeclParser" time="1.339"/>
  <testcase name="testAmbiguousDecls()" classname="de.uka.ilkd.key.parser.TestDeclParser" time="0.0">
    <skipped/>
  </testcase>
  <testcase name="testHeurDecl()" classname="de.uka.ilkd.key.parser.TestDeclParser" time="1.33"/>
  <testcase name="testFunctionDecl()" classname="de.uka.ilkd.key.parser.TestDeclParser" time="1.325"/>
  <testcase name="testPredicateDecl()" classname="de.uka.ilkd.key.parser.TestDeclParser" time="1.339"/>
  <testcase name="testSVDecl()" classname="de.uka.ilkd.key.parser.TestDeclParser" time="1.318"/>
  <system-out><![CDATA[308913     INFO  Test worker     d.u.i.k.n.KeyIO           Parsing took 0 ms 
308913     DEBUG Test worker     d.u.i.k.n.KeyIO           Load declarations of de.uka.ilkd.key.nparser.KeyAst$File:  <unknown>:1#1 
308913     INFO  Test worker     d.u.i.k.n.KeyIO           MODE: declarations took 0 ms 
308913     DEBUG Test worker     d.u.i.k.n.KeyIO           MODE: 2nd degree decls took 0 
308913     DEBUG Test worker     d.u.i.k.n.KeyIO           MODE: taclets took 0ms 
310258     INFO  Test worker     d.u.i.k.n.KeyIO           Parsing took 0 ms 
310258     DEBUG Test worker     d.u.i.k.n.KeyIO           Load declarations of de.uka.ilkd.key.nparser.KeyAst$File:  <unknown>:1#1 
310258     INFO  Test worker     d.u.i.k.n.KeyIO           MODE: declarations took 0 ms 
310258     DEBUG Test worker     d.u.i.k.n.KeyIO           MODE: 2nd degree decls took 0 
310258     DEBUG Test worker     d.u.i.k.n.KeyIO           MODE: taclets took 0ms 
311556     INFO  Test worker     d.u.i.k.n.KeyIO           Parsing took 0 ms 
311556     DEBUG Test worker     d.u.i.k.n.KeyIO           Load declarations of de.uka.ilkd.key.nparser.KeyAst$File:  <unknown>:1#1 
311556     INFO  Test worker     d.u.i.k.n.KeyIO           MODE: declarations took 0 ms 
311556     DEBUG Test worker     d.u.i.k.n.KeyIO           MODE: 2nd degree decls took 0 
311556     DEBUG Test worker     d.u.i.k.n.KeyIO           MODE: taclets took 0ms 
312908     INFO  Test worker     d.u.i.k.n.KeyIO           Parsing took 0 ms 
312908     DEBUG Test worker     d.u.i.k.n.KeyIO           Load declarations of de.uka.ilkd.key.nparser.KeyAst$File:  <unknown>:1#1 
312908     INFO  Test worker     d.u.i.k.n.KeyIO           MODE: declarations took 0 ms 
312908     DEBUG Test worker     d.u.i.k.n.KeyIO           MODE: 2nd degree decls took 0 
312908     DEBUG Test worker     d.u.i.k.n.KeyIO           MODE: taclets took 0ms 
314236     INFO  Test worker     d.u.i.k.n.KeyIO           Parsing took 0 ms 
314236     DEBUG Test worker     d.u.i.k.n.KeyIO           Load declarations of de.uka.ilkd.key.nparser.KeyAst$File:  <unknown>:1#1 
314236     INFO  Test worker     d.u.i.k.n.KeyIO           MODE: declarations took 0 ms 
314236     DEBUG Test worker     d.u.i.k.n.KeyIO           MODE: 2nd degree decls took 0 
314236     DEBUG Test worker     d.u.i.k.n.KeyIO           MODE: taclets took 0ms 
315564     INFO  Test worker     d.u.i.k.n.KeyIO           Parsing took 0 ms 
315564     DEBUG Test worker     d.u.i.k.n.KeyIO           Load declarations of de.uka.ilkd.key.nparser.KeyAst$File:  <unknown>:1#1 
315564     INFO  Test worker     d.u.i.k.n.KeyIO           MODE: declarations took 0 ms 
315564     DEBUG Test worker     d.u.i.k.n.KeyIO           MODE: 2nd degree decls took 0 
315564     DEBUG Test worker     d.u.i.k.n.KeyIO           MODE: taclets took 0ms 
316909     INFO  Test worker     d.u.i.k.n.KeyIO           Parsing took 0 ms 
316909     DEBUG Test worker     d.u.i.k.n.KeyIO           Load declarations of de.uka.ilkd.key.nparser.KeyAst$File:  <unknown>:1#1 
316909     INFO  Test worker     d.u.i.k.n.KeyIO           MODE: declarations took 0 ms 
316909     DEBUG Test worker     d.u.i.k.n.KeyIO           MODE: 2nd degree decls took 0 
316909     DEBUG Test worker     d.u.i.k.n.KeyIO           MODE: taclets took 0ms 
318247     INFO  Test worker     d.u.i.k.n.KeyIO           Parsing took 0 ms 
318247     DEBUG Test worker     d.u.i.k.n.KeyIO           Load declarations of de.uka.ilkd.key.nparser.KeyAst$File:  <unknown>:1#1 
318247     INFO  Test worker     d.u.i.k.n.KeyIO           MODE: declarations took 0 ms 
318247     DEBUG Test worker     d.u.i.k.n.KeyIO           MODE: 2nd degree decls took 0 
318247     DEBUG Test worker     d.u.i.k.n.KeyIO           MODE: taclets took 0ms 
319578     INFO  Test worker     d.u.i.k.n.KeyIO           Parsing took 0 ms 
319578     DEBUG Test worker     d.u.i.k.n.KeyIO           Load declarations of de.uka.ilkd.key.nparser.KeyAst$File:  <unknown>:1#1 
319578     INFO  Test worker     d.u.i.k.n.KeyIO           MODE: declarations took 0 ms 
319578     DEBUG Test worker     d.u.i.k.n.KeyIO           MODE: 2nd degree decls took 0 
319578     DEBUG Test worker     d.u.i.k.n.KeyIO           MODE: taclets took 0ms 
320905     INFO  Test worker     d.u.i.k.n.KeyIO           Parsing took 0 ms 
320905     DEBUG Test worker     d.u.i.k.n.KeyIO           Load declarations of de.uka.ilkd.key.nparser.KeyAst$File:  <unknown>:1#1 
320905     INFO  Test worker     d.u.i.k.n.KeyIO           MODE: declarations took 0 ms 
320905     DEBUG Test worker     d.u.i.k.n.KeyIO           MODE: 2nd degree decls took 0 
320905     DEBUG Test worker     d.u.i.k.n.KeyIO           MODE: taclets took 0ms 
322251     INFO  Test worker     d.u.i.k.n.KeyIO           Parsing took 0 ms 
322251     DEBUG Test worker     d.u.i.k.n.KeyIO           Load declarations of de.uka.ilkd.key.nparser.KeyAst$File:  <unknown>:1#1 
322251     INFO  Test worker     d.u.i.k.n.KeyIO           MODE: declarations took 0 ms 
322251     DEBUG Test worker     d.u.i.k.n.KeyIO           MODE: 2nd degree decls took 0 
322251     DEBUG Test worker     d.u.i.k.n.KeyIO           MODE: taclets took 0ms 
323575     INFO  Test worker     d.u.i.k.n.KeyIO           Parsing took 0 ms 
323575     DEBUG Test worker     d.u.i.k.n.KeyIO           Load declarations of de.uka.ilkd.key.nparser.KeyAst$File:  <unknown>:1#1 
323575     INFO  Test worker     d.u.i.k.n.KeyIO           MODE: declarations took 0 ms 
323575     DEBUG Test worker     d.u.i.k.n.KeyIO           MODE: 2nd degree decls took 0 
323575     DEBUG Test worker     d.u.i.k.n.KeyIO           MODE: taclets took 0ms 
]]></system-out>
  <system-err><![CDATA[]]></system-err>
</testsuite>
