<?xml version="1.0" encoding="UTF-8"?>
<testsuite name="de.uka.ilkd.key.rule.loop.LoopScopeInvRuleTests" tests="1" skipped="0" failures="0" errors="0" timestamp="2023-06-10T22:34:48" hostname="fv-az553-785" time="6.298">
  <properties/>
  <testcase name="testDoAutomaticProofOfBenchmarkWithLabeledBreaksAndContinues()" classname="de.uka.ilkd.key.rule.loop.LoopScopeInvRuleTests" time="6.298"/>
  <system-out><![CDATA[647415     INFO  Test worker     d.u.i.k.p.i.AbstractProblemLoader Loading environment from src\test\resources\testcase\loopScopeInvRule\Test.key 
647415     DEBUG Test worker     d.u.i.k.p.i.AbstractProblemLoader Environment load took 141.4ns 
647415     INFO  Test worker     d.u.i.k.p.i.AbstractProblemLoader Creating init config 
647571     DEBUG Test worker     d.u.i.k.j.TypeConverter   No LDT found for Meta 
647571     DEBUG Test worker     d.u.i.k.j.TypeConverter   No LDT found for Meta 
647571     DEBUG Test worker     d.u.i.k.j.TypeConverter   No LDT found for Meta 
647571     DEBUG Test worker     d.u.i.k.j.TypeConverter   No LDT found for Meta 
648308     DEBUG Test worker     d.u.i.k.j.TypeConverter   No LDT found for JavaBigintExpression 
652901     DEBUG Test worker     d.u.i.k.p.i.AbstractProblemLoader Init config took 5.49s 
652948     INFO  Test worker     d.u.i.k.p.i.AbstractProblemLoader Replaying proof Test[Test::loopScopeRuleBenchmark(int,boolean)].JML normal_behavior operation contract.0 
652948     DEBUG Test worker     d.u.i.k.p.i.IntermediateProofReplayer Proof replay took 87.8ns 
]]></system-out>
  <system-err><![CDATA[]]></system-err>
</testsuite>
