<?xml version="1.0" encoding="UTF-8"?>
<testsuite name="de.uka.ilkd.key.symbolic_execution.testcase.strategy.TestSymbolicExecutionStrategy" tests="29" skipped="0" failures="0" errors="0" timestamp="2023-02-02T12:28:06" hostname="fv-az471-177" time="126.473">
  <properties/>
  <testcase name="testAliasTest_Array_AliasChecksImmediately()" classname="de.uka.ilkd.key.symbolic_execution.testcase.strategy.TestSymbolicExecutionStrategy" time="5.09"/>
  <testcase name="testAliasTest_Array_AliasChecksNever()" classname="de.uka.ilkd.key.symbolic_execution.testcase.strategy.TestSymbolicExecutionStrategy" time="4.44"/>
  <testcase name="testAliasTest_Objects_AliasChecksImmediately()" classname="de.uka.ilkd.key.symbolic_execution.testcase.strategy.TestSymbolicExecutionStrategy" time="8.303"/>
  <testcase name="testAliasTest_Objects_AliasChecksNever()" classname="de.uka.ilkd.key.symbolic_execution.testcase.strategy.TestSymbolicExecutionStrategy" time="6.231"/>
  <testcase name="testBlockContractPreconditionNotVerified_SymbolicExecution()" classname="de.uka.ilkd.key.symbolic_execution.testcase.strategy.TestSymbolicExecutionStrategy" time="3.567"/>
  <testcase name="testBlockContractWithExceptionPostconditionNotVerified_SymbolicExecution()" classname="de.uka.ilkd.key.symbolic_execution.testcase.strategy.TestSymbolicExecutionStrategy" time="3.539"/>
  <testcase name="testBlockContractWithException_SymbolicExecution()" classname="de.uka.ilkd.key.symbolic_execution.testcase.strategy.TestSymbolicExecutionStrategy" time="3.693"/>
  <testcase name="testBlockContractWithReturnPostconditionNotVerified_SymbolicExecution()" classname="de.uka.ilkd.key.symbolic_execution.testcase.strategy.TestSymbolicExecutionStrategy" time="3.65"/>
  <testcase name="testBlockContractWithReturn_SymbolicExecution()" classname="de.uka.ilkd.key.symbolic_execution.testcase.strategy.TestSymbolicExecutionStrategy" time="3.382"/>
  <testcase name="testNonExecutionBranchHidingArraysIndexOf_hiding_off()" classname="de.uka.ilkd.key.symbolic_execution.testcase.strategy.TestSymbolicExecutionStrategy" time="5.067"/>
  <testcase name="testNonExecutionBranchHidingArraysIndexOf_hiding_side_proof()" classname="de.uka.ilkd.key.symbolic_execution.testcase.strategy.TestSymbolicExecutionStrategy" time="4.701"/>
  <testcase name="testNonExecutionBranchHidingComplexPrecondition_hiding_off()" classname="de.uka.ilkd.key.symbolic_execution.testcase.strategy.TestSymbolicExecutionStrategy" time="4.461"/>
  <testcase name="testNonExecutionBranchHidingComplexPrecondition_hiding_side_proof()" classname="de.uka.ilkd.key.symbolic_execution.testcase.strategy.TestSymbolicExecutionStrategy" time="4.25"/>
  <testcase name="testNonExecutionBranchHidingLoopInvariantWithSplittingQuery_hiding_off()" classname="de.uka.ilkd.key.symbolic_execution.testcase.strategy.TestSymbolicExecutionStrategy" time="4.9"/>
  <testcase name="testNonExecutionBranchHidingLoopInvariantWithSplittingQuery_hiding_side_proof()" classname="de.uka.ilkd.key.symbolic_execution.testcase.strategy.TestSymbolicExecutionStrategy" time="4.834"/>
  <testcase name="testNonExecutionBranchHidingQueryInPrecondition_hiding_off()" classname="de.uka.ilkd.key.symbolic_execution.testcase.strategy.TestSymbolicExecutionStrategy" time="4.18"/>
  <testcase name="testNonExecutionBranchHidingQueryInPrecondition_hiding_side_proof()" classname="de.uka.ilkd.key.symbolic_execution.testcase.strategy.TestSymbolicExecutionStrategy" time="6.638"/>
  <testcase name="testNonExecutionBranchHidingQueryWithFields_hiding_off()" classname="de.uka.ilkd.key.symbolic_execution.testcase.strategy.TestSymbolicExecutionStrategy" time="4.038"/>
  <testcase name="testNonExecutionBranchHidingQueryWithFields_hiding_side_proof()" classname="de.uka.ilkd.key.symbolic_execution.testcase.strategy.TestSymbolicExecutionStrategy" time="4.154"/>
  <testcase name="testNonExecutionBranchHidingQueryWithSideEffects_hiding_off()" classname="de.uka.ilkd.key.symbolic_execution.testcase.strategy.TestSymbolicExecutionStrategy" time="3.839"/>
  <testcase name="testNonExecutionBranchHidingQueryWithSideEffects_hiding_side_proof()" classname="de.uka.ilkd.key.symbolic_execution.testcase.strategy.TestSymbolicExecutionStrategy" time="4.031"/>
  <testcase name="testNonExecutionBranchHidingSimpleBooleanQuery_hiding_off()" classname="de.uka.ilkd.key.symbolic_execution.testcase.strategy.TestSymbolicExecutionStrategy" time="3.73"/>
  <testcase name="testNonExecutionBranchHidingSimpleBooleanQuery_hiding_side_proof()" classname="de.uka.ilkd.key.symbolic_execution.testcase.strategy.TestSymbolicExecutionStrategy" time="3.696"/>
  <testcase name="testNonExecutionBranchHidingSimpleIntQuery_mainWithSymbolicUpdates_hiding_side_proof()" classname="de.uka.ilkd.key.symbolic_execution.testcase.strategy.TestSymbolicExecutionStrategy" time="3.686"/>
  <testcase name="testNonExecutionBranchHidingSimpleIntQuery_mainWithUpdates_hiding_side_proof()" classname="de.uka.ilkd.key.symbolic_execution.testcase.strategy.TestSymbolicExecutionStrategy" time="3.552"/>
  <testcase name="testNonExecutionBranchHidingSimpleIntQuery_main_hiding_off()" classname="de.uka.ilkd.key.symbolic_execution.testcase.strategy.TestSymbolicExecutionStrategy" time="3.618"/>
  <testcase name="testNonExecutionBranchHidingSimpleIntQuery_main_hiding_side_proof()" classname="de.uka.ilkd.key.symbolic_execution.testcase.strategy.TestSymbolicExecutionStrategy" time="3.604"/>
  <testcase name="testNonExecutionBranchHidingSimpleObjectQuery_hiding_off()" classname="de.uka.ilkd.key.symbolic_execution.testcase.strategy.TestSymbolicExecutionStrategy" time="3.755"/>
  <testcase name="testNonExecutionBranchHidingSimpleObjectQuery_hiding_side_proof()" classname="de.uka.ilkd.key.symbolic_execution.testcase.strategy.TestSymbolicExecutionStrategy" time="3.84"/>
  <system-out><![CDATA[]]></system-out>
  <system-err><![CDATA[]]></system-err>
</testsuite>
