<?xml version="1.0" encoding="UTF-8"?>
<testsuite name="de.uka.ilkd.key.symbolic_execution.testcase.strategy.TestSymbolicExecutionStrategy" tests="29" skipped="0" failures="0" errors="0" timestamp="2023-02-02T14:11:10" hostname="fv-az749-185" time="129.031">
  <properties/>
  <testcase name="testAliasTest_Array_AliasChecksImmediately()" classname="de.uka.ilkd.key.symbolic_execution.testcase.strategy.TestSymbolicExecutionStrategy" time="5.222"/>
  <testcase name="testAliasTest_Array_AliasChecksNever()" classname="de.uka.ilkd.key.symbolic_execution.testcase.strategy.TestSymbolicExecutionStrategy" time="4.48"/>
  <testcase name="testAliasTest_Objects_AliasChecksImmediately()" classname="de.uka.ilkd.key.symbolic_execution.testcase.strategy.TestSymbolicExecutionStrategy" time="8.229"/>
  <testcase name="testAliasTest_Objects_AliasChecksNever()" classname="de.uka.ilkd.key.symbolic_execution.testcase.strategy.TestSymbolicExecutionStrategy" time="6.274"/>
  <testcase name="testBlockContractPreconditionNotVerified_SymbolicExecution()" classname="de.uka.ilkd.key.symbolic_execution.testcase.strategy.TestSymbolicExecutionStrategy" time="3.508"/>
  <testcase name="testBlockContractWithExceptionPostconditionNotVerified_SymbolicExecution()" classname="de.uka.ilkd.key.symbolic_execution.testcase.strategy.TestSymbolicExecutionStrategy" time="3.798"/>
  <testcase name="testBlockContractWithException_SymbolicExecution()" classname="de.uka.ilkd.key.symbolic_execution.testcase.strategy.TestSymbolicExecutionStrategy" time="3.81"/>
  <testcase name="testBlockContractWithReturnPostconditionNotVerified_SymbolicExecution()" classname="de.uka.ilkd.key.symbolic_execution.testcase.strategy.TestSymbolicExecutionStrategy" time="3.543"/>
  <testcase name="testBlockContractWithReturn_SymbolicExecution()" classname="de.uka.ilkd.key.symbolic_execution.testcase.strategy.TestSymbolicExecutionStrategy" time="3.612"/>
  <testcase name="testNonExecutionBranchHidingArraysIndexOf_hiding_off()" classname="de.uka.ilkd.key.symbolic_execution.testcase.strategy.TestSymbolicExecutionStrategy" time="4.823"/>
  <testcase name="testNonExecutionBranchHidingArraysIndexOf_hiding_side_proof()" classname="de.uka.ilkd.key.symbolic_execution.testcase.strategy.TestSymbolicExecutionStrategy" time="4.7"/>
  <testcase name="testNonExecutionBranchHidingComplexPrecondition_hiding_off()" classname="de.uka.ilkd.key.symbolic_execution.testcase.strategy.TestSymbolicExecutionStrategy" time="4.259"/>
  <testcase name="testNonExecutionBranchHidingComplexPrecondition_hiding_side_proof()" classname="de.uka.ilkd.key.symbolic_execution.testcase.strategy.TestSymbolicExecutionStrategy" time="4.234"/>
  <testcase name="testNonExecutionBranchHidingLoopInvariantWithSplittingQuery_hiding_off()" classname="de.uka.ilkd.key.symbolic_execution.testcase.strategy.TestSymbolicExecutionStrategy" time="4.87"/>
  <testcase name="testNonExecutionBranchHidingLoopInvariantWithSplittingQuery_hiding_side_proof()" classname="de.uka.ilkd.key.symbolic_execution.testcase.strategy.TestSymbolicExecutionStrategy" time="5.038"/>
  <testcase name="testNonExecutionBranchHidingQueryInPrecondition_hiding_off()" classname="de.uka.ilkd.key.symbolic_execution.testcase.strategy.TestSymbolicExecutionStrategy" time="4.327"/>
  <testcase name="testNonExecutionBranchHidingQueryInPrecondition_hiding_side_proof()" classname="de.uka.ilkd.key.symbolic_execution.testcase.strategy.TestSymbolicExecutionStrategy" time="6.723"/>
  <testcase name="testNonExecutionBranchHidingQueryWithFields_hiding_off()" classname="de.uka.ilkd.key.symbolic_execution.testcase.strategy.TestSymbolicExecutionStrategy" time="4.313"/>
  <testcase name="testNonExecutionBranchHidingQueryWithFields_hiding_side_proof()" classname="de.uka.ilkd.key.symbolic_execution.testcase.strategy.TestSymbolicExecutionStrategy" time="4.379"/>
  <testcase name="testNonExecutionBranchHidingQueryWithSideEffects_hiding_off()" classname="de.uka.ilkd.key.symbolic_execution.testcase.strategy.TestSymbolicExecutionStrategy" time="4.082"/>
  <testcase name="testNonExecutionBranchHidingQueryWithSideEffects_hiding_side_proof()" classname="de.uka.ilkd.key.symbolic_execution.testcase.strategy.TestSymbolicExecutionStrategy" time="4.161"/>
  <testcase name="testNonExecutionBranchHidingSimpleBooleanQuery_hiding_off()" classname="de.uka.ilkd.key.symbolic_execution.testcase.strategy.TestSymbolicExecutionStrategy" time="3.829"/>
  <testcase name="testNonExecutionBranchHidingSimpleBooleanQuery_hiding_side_proof()" classname="de.uka.ilkd.key.symbolic_execution.testcase.strategy.TestSymbolicExecutionStrategy" time="3.682"/>
  <testcase name="testNonExecutionBranchHidingSimpleIntQuery_mainWithSymbolicUpdates_hiding_side_proof()" classname="de.uka.ilkd.key.symbolic_execution.testcase.strategy.TestSymbolicExecutionStrategy" time="3.843"/>
  <testcase name="testNonExecutionBranchHidingSimpleIntQuery_mainWithUpdates_hiding_side_proof()" classname="de.uka.ilkd.key.symbolic_execution.testcase.strategy.TestSymbolicExecutionStrategy" time="3.589"/>
  <testcase name="testNonExecutionBranchHidingSimpleIntQuery_main_hiding_off()" classname="de.uka.ilkd.key.symbolic_execution.testcase.strategy.TestSymbolicExecutionStrategy" time="3.798"/>
  <testcase name="testNonExecutionBranchHidingSimpleIntQuery_main_hiding_side_proof()" classname="de.uka.ilkd.key.symbolic_execution.testcase.strategy.TestSymbolicExecutionStrategy" time="3.851"/>
  <testcase name="testNonExecutionBranchHidingSimpleObjectQuery_hiding_off()" classname="de.uka.ilkd.key.symbolic_execution.testcase.strategy.TestSymbolicExecutionStrategy" time="3.929"/>
  <testcase name="testNonExecutionBranchHidingSimpleObjectQuery_hiding_side_proof()" classname="de.uka.ilkd.key.symbolic_execution.testcase.strategy.TestSymbolicExecutionStrategy" time="4.122"/>
  <system-out><![CDATA[]]></system-out>
  <system-err><![CDATA[]]></system-err>
</testsuite>
