<?xml version="1.0" encoding="UTF-8"?>
<testsuite name="de.uka.ilkd.key.symbolic_execution.testcase.TestSymbolicExecutionTreeBuilder" tests="186" skipped="1" failures="0" errors="0" timestamp="2023-02-02T13:47:35" hostname="fv-az749-185" time="949.937">
  <properties/>
  <testcase name="testAllNodeTypesTest_JavaProfile()" classname="de.uka.ilkd.key.symbolic_execution.testcase.TestSymbolicExecutionTreeBuilder" time="15.634"/>
  <testcase name="testAllNodeTypesTest_JavaProfile_NoOneStepSimplification()" classname="de.uka.ilkd.key.symbolic_execution.testcase.TestSymbolicExecutionTreeBuilder" time="15.439"/>
  <testcase name="testAllNodeTypesTest_SymbolicExecutionProfile()" classname="de.uka.ilkd.key.symbolic_execution.testcase.TestSymbolicExecutionTreeBuilder" time="3.958"/>
  <testcase name="testAnotherInstanceContractTest()" classname="de.uka.ilkd.key.symbolic_execution.testcase.TestSymbolicExecutionTreeBuilder" time="4.118"/>
  <testcase name="testAnotherStaticContractTest()" classname="de.uka.ilkd.key.symbolic_execution.testcase.TestSymbolicExecutionTreeBuilder" time="4.041"/>
  <testcase name="testArraySumWhileWithBreak()" classname="de.uka.ilkd.key.symbolic_execution.testcase.TestSymbolicExecutionTreeBuilder" time="4.831"/>
  <testcase name="testArraySumWhileWithContinue()" classname="de.uka.ilkd.key.symbolic_execution.testcase.TestSymbolicExecutionTreeBuilder" time="5.086"/>
  <testcase name="testArraySumWhileWithException()" classname="de.uka.ilkd.key.symbolic_execution.testcase.TestSymbolicExecutionTreeBuilder" time="4.765"/>
  <testcase name="testArraySumWhileWithReturn()" classname="de.uka.ilkd.key.symbolic_execution.testcase.TestSymbolicExecutionTreeBuilder" time="4.539"/>
  <testcase name="testAssumesUserInputTest()" classname="de.uka.ilkd.key.symbolic_execution.testcase.TestSymbolicExecutionTreeBuilder" time="4.234"/>
  <testcase name="testBlockContractAssignableEverything()" classname="de.uka.ilkd.key.symbolic_execution.testcase.TestSymbolicExecutionTreeBuilder" time="3.746"/>
  <testcase name="testBlockContractAssignableLocationNotRequested()" classname="de.uka.ilkd.key.symbolic_execution.testcase.TestSymbolicExecutionTreeBuilder" time="3.74"/>
  <testcase name="testBlockContractAssignableRequestedLocation()" classname="de.uka.ilkd.key.symbolic_execution.testcase.TestSymbolicExecutionTreeBuilder" time="3.758"/>
  <testcase name="testBlockContractParamRemaned()" classname="de.uka.ilkd.key.symbolic_execution.testcase.TestSymbolicExecutionTreeBuilder" time="3.791"/>
  <testcase name="testBlockContractPreconditionNotVerified()" classname="de.uka.ilkd.key.symbolic_execution.testcase.TestSymbolicExecutionTreeBuilder" time="3.722"/>
  <testcase name="testBlockContractThisTest()" classname="de.uka.ilkd.key.symbolic_execution.testcase.TestSymbolicExecutionTreeBuilder" time="3.719"/>
  <testcase name="testBlockContractVarRenamedLater()" classname="de.uka.ilkd.key.symbolic_execution.testcase.TestSymbolicExecutionTreeBuilder" time="3.597"/>
  <testcase name="testBlockContractWithException()" classname="de.uka.ilkd.key.symbolic_execution.testcase.TestSymbolicExecutionTreeBuilder" time="4.114"/>
  <testcase name="testBlockContractWithExceptionPostconditionNotVerified()" classname="de.uka.ilkd.key.symbolic_execution.testcase.TestSymbolicExecutionTreeBuilder" time="4.07"/>
  <testcase name="testBlockContractWithReturn()" classname="de.uka.ilkd.key.symbolic_execution.testcase.TestSymbolicExecutionTreeBuilder" time="3.631"/>
  <testcase name="testBlockContractWithReturnPostconditionNotVerified()" classname="de.uka.ilkd.key.symbolic_execution.testcase.TestSymbolicExecutionTreeBuilder" time="3.648"/>
  <testcase name="testBranchPruning()" classname="de.uka.ilkd.key.symbolic_execution.testcase.TestSymbolicExecutionTreeBuilder" time="3.822"/>
  <testcase name="testBranchStatementBlockTest_ifNoBlock()" classname="de.uka.ilkd.key.symbolic_execution.testcase.TestSymbolicExecutionTreeBuilder" time="3.759"/>
  <testcase name="testBranchStatementBlockTest_min()" classname="de.uka.ilkd.key.symbolic_execution.testcase.TestSymbolicExecutionTreeBuilder" time="3.781"/>
  <testcase name="testBranchStatementBlockTest_nestedIf()" classname="de.uka.ilkd.key.symbolic_execution.testcase.TestSymbolicExecutionTreeBuilder" time="4.094"/>
  <testcase name="testBranchStatementBlockTest_onlyElse()" classname="de.uka.ilkd.key.symbolic_execution.testcase.TestSymbolicExecutionTreeBuilder" time="3.622"/>
  <testcase name="testBranchStatementBlockTest_onlyEmptyThen()" classname="de.uka.ilkd.key.symbolic_execution.testcase.TestSymbolicExecutionTreeBuilder" time="3.532"/>
  <testcase name="testBranchStatementBlockTest_onlyThen()" classname="de.uka.ilkd.key.symbolic_execution.testcase.TestSymbolicExecutionTreeBuilder" time="3.633"/>
  <testcase name="testBranchStatementBlockTest_recursive()" classname="de.uka.ilkd.key.symbolic_execution.testcase.TestSymbolicExecutionTreeBuilder" time="3.918"/>
  <testcase name="testBranchStatementBlockTest_simpleBlock()" classname="de.uka.ilkd.key.symbolic_execution.testcase.TestSymbolicExecutionTreeBuilder" time="3.632"/>
  <testcase name="testBranchStatementBlockTest_switchTest()" classname="de.uka.ilkd.key.symbolic_execution.testcase.TestSymbolicExecutionTreeBuilder" time="4.634"/>
  <testcase name="testComplexConstructorTest()" classname="de.uka.ilkd.key.symbolic_execution.testcase.TestSymbolicExecutionTreeBuilder" time="0.001">
    <skipped/>
  </testcase>
  <testcase name="testComplexFlatSteps()" classname="de.uka.ilkd.key.symbolic_execution.testcase.TestSymbolicExecutionTreeBuilder" time="3.541"/>
  <testcase name="testComplexIf()" classname="de.uka.ilkd.key.symbolic_execution.testcase.TestSymbolicExecutionTreeBuilder" time="3.799"/>
  <testcase name="testComplexPruning()" classname="de.uka.ilkd.key.symbolic_execution.testcase.TestSymbolicExecutionTreeBuilder" time="3.935"/>
  <testcase name="testConstraintsAfterUsedLoopInvariant()" classname="de.uka.ilkd.key.symbolic_execution.testcase.TestSymbolicExecutionTreeBuilder" time="10.848"/>
  <testcase name="testConstraintsOfAppliedMethodContract()" classname="de.uka.ilkd.key.symbolic_execution.testcase.TestSymbolicExecutionTreeBuilder" time="10.264"/>
  <testcase name="testDoWhileFlaseTest()" classname="de.uka.ilkd.key.symbolic_execution.testcase.TestSymbolicExecutionTreeBuilder" time="3.517"/>
  <testcase name="testDoWhileTest()" classname="de.uka.ilkd.key.symbolic_execution.testcase.TestSymbolicExecutionTreeBuilder" time="3.702"/>
  <testcase name="testElseIfDifferentVariables()" classname="de.uka.ilkd.key.symbolic_execution.testcase.TestSymbolicExecutionTreeBuilder" time="3.966"/>
  <testcase name="testElseIfTest()" classname="de.uka.ilkd.key.symbolic_execution.testcase.TestSymbolicExecutionTreeBuilder" time="4.937"/>
  <testcase name="testElseIfTest_mergedBranchConditions()" classname="de.uka.ilkd.key.symbolic_execution.testcase.TestSymbolicExecutionTreeBuilder" time="5.029"/>
  <testcase name="testElseIfTest_variablesParameterAttributesChange()" classname="de.uka.ilkd.key.symbolic_execution.testcase.TestSymbolicExecutionTreeBuilder" time="5.683"/>
  <testcase name="testEmptyBlockTest()" classname="de.uka.ilkd.key.symbolic_execution.testcase.TestSymbolicExecutionTreeBuilder" time="3.533"/>
  <testcase name="testExceptionalMethodReturnTest()" classname="de.uka.ilkd.key.symbolic_execution.testcase.TestSymbolicExecutionTreeBuilder" time="4.046"/>
  <testcase name="testExceptionalMethodReturnTestWithLoop()" classname="de.uka.ilkd.key.symbolic_execution.testcase.TestSymbolicExecutionTreeBuilder" time="4.866"/>
  <testcase name="testFixedRecursiveMethodCallTest()" classname="de.uka.ilkd.key.symbolic_execution.testcase.TestSymbolicExecutionTreeBuilder" time="3.822"/>
  <testcase name="testForEachTest()" classname="de.uka.ilkd.key.symbolic_execution.testcase.TestSymbolicExecutionTreeBuilder" time="3.973"/>
  <testcase name="testForFalseTest()" classname="de.uka.ilkd.key.symbolic_execution.testcase.TestSymbolicExecutionTreeBuilder" time="3.531"/>
  <testcase name="testForTest()" classname="de.uka.ilkd.key.symbolic_execution.testcase.TestSymbolicExecutionTreeBuilder" time="3.723"/>
  <testcase name="testFunctionalDoWhileTest()" classname="de.uka.ilkd.key.symbolic_execution.testcase.TestSymbolicExecutionTreeBuilder" time="3.936"/>
  <testcase name="testFunctionalForTest()" classname="de.uka.ilkd.key.symbolic_execution.testcase.TestSymbolicExecutionTreeBuilder" time="3.938"/>
  <testcase name="testFunctionalIf()" classname="de.uka.ilkd.key.symbolic_execution.testcase.TestSymbolicExecutionTreeBuilder" time="3.788"/>
  <testcase name="testFunctionalWhileTest()" classname="de.uka.ilkd.key.symbolic_execution.testcase.TestSymbolicExecutionTreeBuilder" time="4.018"/>
  <testcase name="testIdenticalTermsDuringProof()" classname="de.uka.ilkd.key.symbolic_execution.testcase.TestSymbolicExecutionTreeBuilder" time="3.982"/>
  <testcase name="testInstanceContractTest_mainBooleanResultUnspecifiedUnused()" classname="de.uka.ilkd.key.symbolic_execution.testcase.TestSymbolicExecutionTreeBuilder" time="3.661"/>
  <testcase name="testInstanceContractTest_mainBooleanResultUnused()" classname="de.uka.ilkd.key.symbolic_execution.testcase.TestSymbolicExecutionTreeBuilder" time="3.629"/>
  <testcase name="testInstanceContractTest_mainConstructor()" classname="de.uka.ilkd.key.symbolic_execution.testcase.TestSymbolicExecutionTreeBuilder" time="3.653"/>
  <testcase name="testInstanceContractTest_mainExceptinal()" classname="de.uka.ilkd.key.symbolic_execution.testcase.TestSymbolicExecutionTreeBuilder" time="3.615"/>
  <testcase name="testInstanceContractTest_mainExceptinalUnused()" classname="de.uka.ilkd.key.symbolic_execution.testcase.TestSymbolicExecutionTreeBuilder" time="3.62"/>
  <testcase name="testInstanceContractTest_mainExceptinalVoid()" classname="de.uka.ilkd.key.symbolic_execution.testcase.TestSymbolicExecutionTreeBuilder" time="3.696"/>
  <testcase name="testInstanceContractTest_mainExceptionalConstructor()" classname="de.uka.ilkd.key.symbolic_execution.testcase.TestSymbolicExecutionTreeBuilder" time="3.617"/>
  <testcase name="testInstanceContractTest_mainNoArgs()" classname="de.uka.ilkd.key.symbolic_execution.testcase.TestSymbolicExecutionTreeBuilder" time="3.641"/>
  <testcase name="testInstanceContractTest_mainOnObject()" classname="de.uka.ilkd.key.symbolic_execution.testcase.TestSymbolicExecutionTreeBuilder" time="3.752"/>
  <testcase name="testInstanceContractTest_mainResult()" classname="de.uka.ilkd.key.symbolic_execution.testcase.TestSymbolicExecutionTreeBuilder" time="3.785"/>
  <testcase name="testInstanceContractTest_mainResultNotSpecified()" classname="de.uka.ilkd.key.symbolic_execution.testcase.TestSymbolicExecutionTreeBuilder" time="3.699"/>
  <testcase name="testInstanceContractTest_mainVoidMethod()" classname="de.uka.ilkd.key.symbolic_execution.testcase.TestSymbolicExecutionTreeBuilder" time="3.709"/>
  <testcase name="testInstanceOfNotInEndlessLoop()" classname="de.uka.ilkd.key.symbolic_execution.testcase.TestSymbolicExecutionTreeBuilder" time="4.037"/>
  <testcase name="testJoinTestAfterAssignment()" classname="de.uka.ilkd.key.symbolic_execution.testcase.TestSymbolicExecutionTreeBuilder" time="3.581"/>
  <testcase name="testJoinTestAfterBranchCondition()" classname="de.uka.ilkd.key.symbolic_execution.testcase.TestSymbolicExecutionTreeBuilder" time="3.672"/>
  <testcase name="testJoinTestAfterBranchConditionWithWeakeningGoal()" classname="de.uka.ilkd.key.symbolic_execution.testcase.TestSymbolicExecutionTreeBuilder" time="3.63"/>
  <testcase name="testJoinTestAfterBranchConditionWithWeakeningGoalAndSubgoals()" classname="de.uka.ilkd.key.symbolic_execution.testcase.TestSymbolicExecutionTreeBuilder" time="3.611"/>
  <testcase name="testJoinTestAfterBranchConditionWithWeakeningGoalNotVerified()" classname="de.uka.ilkd.key.symbolic_execution.testcase.TestSymbolicExecutionTreeBuilder" time="3.559"/>
  <testcase name="testLabelTest_doubled()" classname="de.uka.ilkd.key.symbolic_execution.testcase.TestSymbolicExecutionTreeBuilder" time="3.592"/>
  <testcase name="testLabelTest_lost()" classname="de.uka.ilkd.key.symbolic_execution.testcase.TestSymbolicExecutionTreeBuilder" time="3.613"/>
  <testcase name="testLoopBodyBranchClosed()" classname="de.uka.ilkd.key.symbolic_execution.testcase.TestSymbolicExecutionTreeBuilder" time="3.526"/>
  <testcase name="testLoopInvariantAndOperationContractStrictlyPure()" classname="de.uka.ilkd.key.symbolic_execution.testcase.TestSymbolicExecutionTreeBuilder" time="6.471"/>
  <testcase name="testLoopInvariantMethodReturnInDifferentModalities()" classname="de.uka.ilkd.key.symbolic_execution.testcase.TestSymbolicExecutionTreeBuilder" time="5.191"/>
  <testcase name="testLoopIteration_LoopStatementCopied()" classname="de.uka.ilkd.key.symbolic_execution.testcase.TestSymbolicExecutionTreeBuilder" time="3.631"/>
  <testcase name="testLoopIteration_LoopStatementReused()" classname="de.uka.ilkd.key.symbolic_execution.testcase.TestSymbolicExecutionTreeBuilder" time="3.665"/>
  <testcase name="testLoopIteration_LoopWithMethod()" classname="de.uka.ilkd.key.symbolic_execution.testcase.TestSymbolicExecutionTreeBuilder" time="4.606"/>
  <testcase name="testLoopStatementBlockTest_nestedLoop()" classname="de.uka.ilkd.key.symbolic_execution.testcase.TestSymbolicExecutionTreeBuilder" time="4.841"/>
  <testcase name="testLoopStatementBlockTest_simpleLoop()" classname="de.uka.ilkd.key.symbolic_execution.testcase.TestSymbolicExecutionTreeBuilder" time="3.631"/>
  <testcase name="testLoopUsageBranchClosed()" classname="de.uka.ilkd.key.symbolic_execution.testcase.TestSymbolicExecutionTreeBuilder" time="3.535"/>
  <testcase name="testMethodCallOnObject()" classname="de.uka.ilkd.key.symbolic_execution.testcase.TestSymbolicExecutionTreeBuilder" time="3.639"/>
  <testcase name="testMethodCallOnObjectWithException()" classname="de.uka.ilkd.key.symbolic_execution.testcase.TestSymbolicExecutionTreeBuilder" time="3.998"/>
  <testcase name="testMethodCallParallelTest()" classname="de.uka.ilkd.key.symbolic_execution.testcase.TestSymbolicExecutionTreeBuilder" time="4.087"/>
  <testcase name="testMethodCallReturnTests()" classname="de.uka.ilkd.key.symbolic_execution.testcase.TestSymbolicExecutionTreeBuilder" time="16.436"/>
  <testcase name="testMethodCallStack()" classname="de.uka.ilkd.key.symbolic_execution.testcase.TestSymbolicExecutionTreeBuilder" time="4.724"/>
  <testcase name="testMethodFormatTest()" classname="de.uka.ilkd.key.symbolic_execution.testcase.TestSymbolicExecutionTreeBuilder" time="4.119"/>
  <testcase name="testMethodHierarchyCallTest()" classname="de.uka.ilkd.key.symbolic_execution.testcase.TestSymbolicExecutionTreeBuilder" time="3.731"/>
  <testcase name="testMethodHierarchyCallWithExceptionTest()" classname="de.uka.ilkd.key.symbolic_execution.testcase.TestSymbolicExecutionTreeBuilder" time="3.729"/>
  <testcase name="testNestedDoWhileTest()" classname="de.uka.ilkd.key.symbolic_execution.testcase.TestSymbolicExecutionTreeBuilder" time="3.82"/>
  <testcase name="testNestedForTest()" classname="de.uka.ilkd.key.symbolic_execution.testcase.TestSymbolicExecutionTreeBuilder" time="3.895"/>
  <testcase name="testNestedLoopsWithContinue()" classname="de.uka.ilkd.key.symbolic_execution.testcase.TestSymbolicExecutionTreeBuilder" time="6.069"/>
  <testcase name="testNestedWhileTest()" classname="de.uka.ilkd.key.symbolic_execution.testcase.TestSymbolicExecutionTreeBuilder" time="3.913"/>
  <testcase name="testPrettyPrinting_Disabled()" classname="de.uka.ilkd.key.symbolic_execution.testcase.TestSymbolicExecutionTreeBuilder" time="7.329"/>
  <testcase name="testPrettyPrinting_Enabled()" classname="de.uka.ilkd.key.symbolic_execution.testcase.TestSymbolicExecutionTreeBuilder" time="7.552"/>
  <testcase name="testRecursiveFibonacci_LONG_RUNNING_TEST()" classname="de.uka.ilkd.key.symbolic_execution.testcase.TestSymbolicExecutionTreeBuilder" time="47.526"/>
  <testcase name="testSimpleConstructorTest()" classname="de.uka.ilkd.key.symbolic_execution.testcase.TestSymbolicExecutionTreeBuilder" time="3.697"/>
  <testcase name="testSimpleIf()" classname="de.uka.ilkd.key.symbolic_execution.testcase.TestSymbolicExecutionTreeBuilder" time="3.836"/>
  <testcase name="testSimpleIfNoConditionSimplification()" classname="de.uka.ilkd.key.symbolic_execution.testcase.TestSymbolicExecutionTreeBuilder" time="3.592"/>
  <testcase name="testSimpleMethodCallStack()" classname="de.uka.ilkd.key.symbolic_execution.testcase.TestSymbolicExecutionTreeBuilder" time="3.624"/>
  <testcase name="testSimpleNullPointerSplitTest()" classname="de.uka.ilkd.key.symbolic_execution.testcase.TestSymbolicExecutionTreeBuilder" time="3.771"/>
  <testcase name="testSimplePruning()" classname="de.uka.ilkd.key.symbolic_execution.testcase.TestSymbolicExecutionTreeBuilder" time="3.783"/>
  <testcase name="testSimpleStaticContractTest()" classname="de.uka.ilkd.key.symbolic_execution.testcase.TestSymbolicExecutionTreeBuilder" time="3.606"/>
  <testcase name="testStatementKindTest()" classname="de.uka.ilkd.key.symbolic_execution.testcase.TestSymbolicExecutionTreeBuilder" time="3.724"/>
  <testcase name="testStatements()" classname="de.uka.ilkd.key.symbolic_execution.testcase.TestSymbolicExecutionTreeBuilder" time="3.592"/>
  <testcase name="testStaticContractTest_mainBooleanResultUnspecifiedUnused()" classname="de.uka.ilkd.key.symbolic_execution.testcase.TestSymbolicExecutionTreeBuilder" time="3.596"/>
  <testcase name="testStaticContractTest_mainBooleanResultUnused()" classname="de.uka.ilkd.key.symbolic_execution.testcase.TestSymbolicExecutionTreeBuilder" time="3.647"/>
  <testcase name="testStaticContractTest_mainConstructor()" classname="de.uka.ilkd.key.symbolic_execution.testcase.TestSymbolicExecutionTreeBuilder" time="3.704"/>
  <testcase name="testStaticContractTest_mainExceptinal()" classname="de.uka.ilkd.key.symbolic_execution.testcase.TestSymbolicExecutionTreeBuilder" time="3.609"/>
  <testcase name="testStaticContractTest_mainExceptinalUnused()" classname="de.uka.ilkd.key.symbolic_execution.testcase.TestSymbolicExecutionTreeBuilder" time="3.575"/>
  <testcase name="testStaticContractTest_mainExceptinalVoid()" classname="de.uka.ilkd.key.symbolic_execution.testcase.TestSymbolicExecutionTreeBuilder" time="3.564"/>
  <testcase name="testStaticContractTest_mainExceptionalConstructor()" classname="de.uka.ilkd.key.symbolic_execution.testcase.TestSymbolicExecutionTreeBuilder" time="3.567"/>
  <testcase name="testStaticContractTest_mainNoArgs()" classname="de.uka.ilkd.key.symbolic_execution.testcase.TestSymbolicExecutionTreeBuilder" time="3.63"/>
  <testcase name="testStaticContractTest_mainOnObject()" classname="de.uka.ilkd.key.symbolic_execution.testcase.TestSymbolicExecutionTreeBuilder" time="3.653"/>
  <testcase name="testStaticContractTest_mainResult()" classname="de.uka.ilkd.key.symbolic_execution.testcase.TestSymbolicExecutionTreeBuilder" time="3.659"/>
  <testcase name="testStaticContractTest_mainResultNotSpecified()" classname="de.uka.ilkd.key.symbolic_execution.testcase.TestSymbolicExecutionTreeBuilder" time="3.676"/>
  <testcase name="testStaticContractTest_mainVoidMethod()" classname="de.uka.ilkd.key.symbolic_execution.testcase.TestSymbolicExecutionTreeBuilder" time="3.636"/>
  <testcase name="testStaticDefaultContractTest()" classname="de.uka.ilkd.key.symbolic_execution.testcase.TestSymbolicExecutionTreeBuilder" time="3.677"/>
  <testcase name="testStaticInstanceFieldChanged()" classname="de.uka.ilkd.key.symbolic_execution.testcase.TestSymbolicExecutionTreeBuilder" time="14.688"/>
  <testcase name="testStaticMethodCall()" classname="de.uka.ilkd.key.symbolic_execution.testcase.TestSymbolicExecutionTreeBuilder" time="3.699"/>
  <testcase name="testSwitchCaseTest()" classname="de.uka.ilkd.key.symbolic_execution.testcase.TestSymbolicExecutionTreeBuilder" time="4.609"/>
  <testcase name="testSwitchCaseTest_mergedBranchConditions()" classname="de.uka.ilkd.key.symbolic_execution.testcase.TestSymbolicExecutionTreeBuilder" time="4.888"/>
  <testcase name="testSymbolicExecutionCompletionsTest()" classname="de.uka.ilkd.key.symbolic_execution.testcase.TestSymbolicExecutionTreeBuilder" time="4.165"/>
  <testcase name="testThrowTest()" classname="de.uka.ilkd.key.symbolic_execution.testcase.TestSymbolicExecutionTreeBuilder" time="3.626"/>
  <testcase name="testThrowVariableTest()" classname="de.uka.ilkd.key.symbolic_execution.testcase.TestSymbolicExecutionTreeBuilder" time="3.635"/>
  <testcase name="testTryCatchFinally()" classname="de.uka.ilkd.key.symbolic_execution.testcase.TestSymbolicExecutionTreeBuilder" time="3.873"/>
  <testcase name="testUnicode_Disabled()" classname="de.uka.ilkd.key.symbolic_execution.testcase.TestSymbolicExecutionTreeBuilder" time="7.106"/>
  <testcase name="testUnicode_Enabled()" classname="de.uka.ilkd.key.symbolic_execution.testcase.TestSymbolicExecutionTreeBuilder" time="6.834"/>
  <testcase name="testUseLoopInvariantArrayAverage()" classname="de.uka.ilkd.key.symbolic_execution.testcase.TestSymbolicExecutionTreeBuilder" time="5.529"/>
  <testcase name="testUseLoopInvariantArraySizeDoWhile()" classname="de.uka.ilkd.key.symbolic_execution.testcase.TestSymbolicExecutionTreeBuilder" time="3.945"/>
  <testcase name="testUseLoopInvariantArraySizeWhile()" classname="de.uka.ilkd.key.symbolic_execution.testcase.TestSymbolicExecutionTreeBuilder" time="3.915"/>
  <testcase name="testUseLoopInvariantArraySumFor()" classname="de.uka.ilkd.key.symbolic_execution.testcase.TestSymbolicExecutionTreeBuilder" time="4.093"/>
  <testcase name="testUseLoopInvariantArraySumForEach()" classname="de.uka.ilkd.key.symbolic_execution.testcase.TestSymbolicExecutionTreeBuilder" time="4.023"/>
  <testcase name="testUseLoopInvariantArraySumWhile()" classname="de.uka.ilkd.key.symbolic_execution.testcase.TestSymbolicExecutionTreeBuilder" time="4.07"/>
  <testcase name="testUseLoopInvariantArraySumWhileInitiallyInvalid()" classname="de.uka.ilkd.key.symbolic_execution.testcase.TestSymbolicExecutionTreeBuilder" time="4.063"/>
  <testcase name="testUseLoopInvariantLoopSplittingCondition()" classname="de.uka.ilkd.key.symbolic_execution.testcase.TestSymbolicExecutionTreeBuilder" time="4.619"/>
  <testcase name="testUseLoopInvariantTwoLoops()" classname="de.uka.ilkd.key.symbolic_execution.testcase.TestSymbolicExecutionTreeBuilder" time="4.309"/>
  <testcase name="testUseLoopInvariantWithoutDecreasing()" classname="de.uka.ilkd.key.symbolic_execution.testcase.TestSymbolicExecutionTreeBuilder" time="4.02"/>
  <testcase name="testUseOperationContractAllBranchesOpenTest()" classname="de.uka.ilkd.key.symbolic_execution.testcase.TestSymbolicExecutionTreeBuilder" time="4.308"/>
  <testcase name="testUseOperationContractApplyContractTwice()" classname="de.uka.ilkd.key.symbolic_execution.testcase.TestSymbolicExecutionTreeBuilder" time="3.61"/>
  <testcase name="testUseOperationContractExceptionalNoPreconditionWithNullCheckTest()" classname="de.uka.ilkd.key.symbolic_execution.testcase.TestSymbolicExecutionTreeBuilder" time="3.595"/>
  <testcase name="testUseOperationContractFalsePreconditionTest()" classname="de.uka.ilkd.key.symbolic_execution.testcase.TestSymbolicExecutionTreeBuilder" time="3.595"/>
  <testcase name="testUseOperationContractFixedNormalPostTest()" classname="de.uka.ilkd.key.symbolic_execution.testcase.TestSymbolicExecutionTreeBuilder" time="3.538"/>
  <testcase name="testUseOperationContractInvalidPreconditionOnObjectTest()" classname="de.uka.ilkd.key.symbolic_execution.testcase.TestSymbolicExecutionTreeBuilder" time="3.58"/>
  <testcase name="testUseOperationContractInvalidPreconditionTest()" classname="de.uka.ilkd.key.symbolic_execution.testcase.TestSymbolicExecutionTreeBuilder" time="3.723"/>
  <testcase name="testUseOperationContractLightweightOperationContractTest()" classname="de.uka.ilkd.key.symbolic_execution.testcase.TestSymbolicExecutionTreeBuilder" time="3.612"/>
  <testcase name="testUseOperationContractNoExceptionTest()" classname="de.uka.ilkd.key.symbolic_execution.testcase.TestSymbolicExecutionTreeBuilder" time="3.522"/>
  <testcase name="testUseOperationContractNoPreconditionTest()" classname="de.uka.ilkd.key.symbolic_execution.testcase.TestSymbolicExecutionTreeBuilder" time="3.549"/>
  <testcase name="testUseOperationContractNoPreconditionWithNullCheckTest()" classname="de.uka.ilkd.key.symbolic_execution.testcase.TestSymbolicExecutionTreeBuilder" time="3.608"/>
  <testcase name="testUseOperationContractNormalAndExceptionalBranchTest()" classname="de.uka.ilkd.key.symbolic_execution.testcase.TestSymbolicExecutionTreeBuilder" time="3.87"/>
  <testcase name="testUseOperationContractNormalAndExceptionalTogetherTest()" classname="de.uka.ilkd.key.symbolic_execution.testcase.TestSymbolicExecutionTreeBuilder" time="3.534"/>
  <testcase name="testUseOperationContractQueryTest()" classname="de.uka.ilkd.key.symbolic_execution.testcase.TestSymbolicExecutionTreeBuilder" time="3.554"/>
  <testcase name="testUseOperationContractStatementsInImpliciteConstructor()" classname="de.uka.ilkd.key.symbolic_execution.testcase.TestSymbolicExecutionTreeBuilder" time="17.678"/>
  <testcase name="testUseOperationContractVariableNestedOperationContractUse()" classname="de.uka.ilkd.key.symbolic_execution.testcase.TestSymbolicExecutionTreeBuilder" time="3.552"/>
  <testcase name="testVariablesArrayAssignmentTest()" classname="de.uka.ilkd.key.symbolic_execution.testcase.TestSymbolicExecutionTreeBuilder" time="5.745"/>
  <testcase name="testVariablesArrayCreationInstanceTest()" classname="de.uka.ilkd.key.symbolic_execution.testcase.TestSymbolicExecutionTreeBuilder" time="7.654"/>
  <testcase name="testVariablesArrayCreationTest()" classname="de.uka.ilkd.key.symbolic_execution.testcase.TestSymbolicExecutionTreeBuilder" time="7.471"/>
  <testcase name="testVariablesArrayTest()" classname="de.uka.ilkd.key.symbolic_execution.testcase.TestSymbolicExecutionTreeBuilder" time="9.93"/>
  <testcase name="testVariablesEmptyArrayCreationTest()" classname="de.uka.ilkd.key.symbolic_execution.testcase.TestSymbolicExecutionTreeBuilder" time="4.615"/>
  <testcase name="testVariablesInstanceVariableTest()" classname="de.uka.ilkd.key.symbolic_execution.testcase.TestSymbolicExecutionTreeBuilder" time="26.705"/>
  <testcase name="testVariablesLocalTest()" classname="de.uka.ilkd.key.symbolic_execution.testcase.TestSymbolicExecutionTreeBuilder" time="6.035"/>
  <testcase name="testVariablesNonSimpleArrayAssignmentTest()" classname="de.uka.ilkd.key.symbolic_execution.testcase.TestSymbolicExecutionTreeBuilder" time="27.806"/>
  <testcase name="testVariablesNonSimpleArrayCreationTest()" classname="de.uka.ilkd.key.symbolic_execution.testcase.TestSymbolicExecutionTreeBuilder" time="9.185"/>
  <testcase name="testVariablesStaticTest()" classname="de.uka.ilkd.key.symbolic_execution.testcase.TestSymbolicExecutionTreeBuilder" time="5.526"/>
  <testcase name="testVariablesUnknownTest()" classname="de.uka.ilkd.key.symbolic_execution.testcase.TestSymbolicExecutionTreeBuilder" time="15.043"/>
  <testcase name="testVerifiedTest_loop()" classname="de.uka.ilkd.key.symbolic_execution.testcase.TestSymbolicExecutionTreeBuilder" time="4.323"/>
  <testcase name="testVerifiedTest_magic()" classname="de.uka.ilkd.key.symbolic_execution.testcase.TestSymbolicExecutionTreeBuilder" time="3.588"/>
  <testcase name="testVerifiedTest_magicException()" classname="de.uka.ilkd.key.symbolic_execution.testcase.TestSymbolicExecutionTreeBuilder" time="3.701"/>
  <testcase name="testVerifiedTest_notLoop()" classname="de.uka.ilkd.key.symbolic_execution.testcase.TestSymbolicExecutionTreeBuilder" time="4.336"/>
  <testcase name="testVerifiedTest_notMagic()" classname="de.uka.ilkd.key.symbolic_execution.testcase.TestSymbolicExecutionTreeBuilder" time="3.619"/>
  <testcase name="testVerifiedTest_notMagicException()" classname="de.uka.ilkd.key.symbolic_execution.testcase.TestSymbolicExecutionTreeBuilder" time="3.718"/>
  <testcase name="testVerifyMin()" classname="de.uka.ilkd.key.symbolic_execution.testcase.TestSymbolicExecutionTreeBuilder" time="7.03"/>
  <testcase name="testVerifyMinTrueBranch()" classname="de.uka.ilkd.key.symbolic_execution.testcase.TestSymbolicExecutionTreeBuilder" time="3.585"/>
  <testcase name="testVerifyNumberNormal()" classname="de.uka.ilkd.key.symbolic_execution.testcase.TestSymbolicExecutionTreeBuilder" time="3.714"/>
  <testcase name="testVoidWhileWithReturn()" classname="de.uka.ilkd.key.symbolic_execution.testcase.TestSymbolicExecutionTreeBuilder" time="4.384"/>
  <testcase name="testWhileFalseTest()" classname="de.uka.ilkd.key.symbolic_execution.testcase.TestSymbolicExecutionTreeBuilder" time="3.631"/>
  <testcase name="testWhileTest()" classname="de.uka.ilkd.key.symbolic_execution.testcase.TestSymbolicExecutionTreeBuilder" time="3.773"/>
  <testcase name="testWhileWithLoopInvariantInCondition()" classname="de.uka.ilkd.key.symbolic_execution.testcase.TestSymbolicExecutionTreeBuilder" time="4.476"/>
  <testcase name="testWhileWithMethodCallAsConditionOnObject()" classname="de.uka.ilkd.key.symbolic_execution.testcase.TestSymbolicExecutionTreeBuilder" time="9.387"/>
  <testcase name="testWhileWithMethodCallAsCondition_NoPreExpandMethods()" classname="de.uka.ilkd.key.symbolic_execution.testcase.TestSymbolicExecutionTreeBuilder" time="4.249"/>
  <testcase name="testWhileWithMethodCallAsCondition_NoPreMethodContract()" classname="de.uka.ilkd.key.symbolic_execution.testcase.TestSymbolicExecutionTreeBuilder" time="5.972"/>
  <testcase name="testWhileWithMethodCallAsCondition_preExpandMethods()" classname="de.uka.ilkd.key.symbolic_execution.testcase.TestSymbolicExecutionTreeBuilder" time="4.097"/>
  <testcase name="testWhileWithMethodCallAsCondition_preMethodContract()" classname="de.uka.ilkd.key.symbolic_execution.testcase.TestSymbolicExecutionTreeBuilder" time="3.986"/>
  <system-out><![CDATA[]]></system-out>
  <system-err><![CDATA[]]></system-err>
</testsuite>
