<?xml version="1.0" encoding="UTF-8"?>
<testsuite name="de.uka.ilkd.key.symbolic_execution.testcase.strategy.TestKeYWatchpointMethodsOnSatisfiable" tests="1" skipped="0" failures="0" errors="0" timestamp="2023-02-02T14:10:16" hostname="fv-az749-185" time="4.567">
  <properties/>
  <testcase name="testBreakpointStopCondition()" classname="de.uka.ilkd.key.symbolic_execution.testcase.strategy.TestKeYWatchpointMethodsOnSatisfiable" time="4.567"/>
  <system-out><![CDATA[]]></system-out>
  <system-err><![CDATA[]]></system-err>
</testsuite>
