<?xml version="1.0" encoding="UTF-8"?>
<testsuite name="de.uka.ilkd.key.symbolic_execution.testcase.po.TestProgramMethodPO" tests="7" skipped="0" failures="0" errors="0" timestamp="2023-02-02T14:05:03" hostname="fv-az749-185" time="49.693">
  <properties/>
  <testcase name="testReturnMethod_Precondition()" classname="de.uka.ilkd.key.symbolic_execution.testcase.po.TestProgramMethodPO" time="7.001"/>
  <testcase name="testVoidMethod()" classname="de.uka.ilkd.key.symbolic_execution.testcase.po.TestProgramMethodPO" time="7.408"/>
  <testcase name="testComplicatedMethod()" classname="de.uka.ilkd.key.symbolic_execution.testcase.po.TestProgramMethodPO" time="7.111"/>
  <testcase name="testComplicatedMethod_Precondition()" classname="de.uka.ilkd.key.symbolic_execution.testcase.po.TestProgramMethodPO" time="7.019"/>
  <testcase name="testComplicatedInnerMethod()" classname="de.uka.ilkd.key.symbolic_execution.testcase.po.TestProgramMethodPO" time="6.87"/>
  <testcase name="testVoidMethod_Precondition()" classname="de.uka.ilkd.key.symbolic_execution.testcase.po.TestProgramMethodPO" time="6.97"/>
  <testcase name="testReturnMethod()" classname="de.uka.ilkd.key.symbolic_execution.testcase.po.TestProgramMethodPO" time="7.308"/>
  <system-out><![CDATA[]]></system-out>
  <system-err><![CDATA[]]></system-err>
</testsuite>
