<?xml version="1.0" encoding="UTF-8"?>
<testsuite name="de.uka.ilkd.key.proof_references.testcase.analyst.TestMethodCallProofReferencesAnalyst" tests="10" skipped="0" failures="0" errors="0" timestamp="2023-02-02T16:15:50" hostname="fv-az551-622" time="34.059">
  <properties/>
  <testcase name="testConstructorTest()" classname="de.uka.ilkd.key.proof_references.testcase.analyst.TestMethodCallProofReferencesAnalyst" time="3.713"/>
  <testcase name="testMethodCallWithinClass()" classname="de.uka.ilkd.key.proof_references.testcase.analyst.TestMethodCallProofReferencesAnalyst" time="3.382"/>
  <testcase name="testMethodCallWithAssignmentSuper()" classname="de.uka.ilkd.key.proof_references.testcase.analyst.TestMethodCallProofReferencesAnalyst" time="3.382"/>
  <testcase name="testMethodCall()" classname="de.uka.ilkd.key.proof_references.testcase.analyst.TestMethodCallProofReferencesAnalyst" time="3.382"/>
  <testcase name="testStaticMethodCallStaticViaTypereference()" classname="de.uka.ilkd.key.proof_references.testcase.analyst.TestMethodCallProofReferencesAnalyst" time="3.403"/>
  <testcase name="testMethodCallWithAssignment()" classname="de.uka.ilkd.key.proof_references.testcase.analyst.TestMethodCallProofReferencesAnalyst" time="3.393"/>
  <testcase name="testMethodCallSuper()" classname="de.uka.ilkd.key.proof_references.testcase.analyst.TestMethodCallProofReferencesAnalyst" time="3.412"/>
  <testcase name="testMethodCallWithAssignmentWithinClass()" classname="de.uka.ilkd.key.proof_references.testcase.analyst.TestMethodCallProofReferencesAnalyst" time="3.352"/>
  <testcase name="testStaticMethodCallStaticWithAssignmentViaTypereference()" classname="de.uka.ilkd.key.proof_references.testcase.analyst.TestMethodCallProofReferencesAnalyst" time="3.316"/>
  <testcase name="testStaticMethodCall()" classname="de.uka.ilkd.key.proof_references.testcase.analyst.TestMethodCallProofReferencesAnalyst" time="3.311"/>
  <system-out><![CDATA[]]></system-out>
  <system-err><![CDATA[]]></system-err>
</testsuite>
