<?xml version="1.0" encoding="UTF-8"?>
<testsuite name="recoder.testsuite.java5test.Java5Test" tests="7" skipped="7" failures="0" errors="0" timestamp="2023-03-31T13:44:42" hostname="fv-az339-530" time="0.004">
  <properties/>
  <testcase name="testGenerics" classname="recoder.testsuite.java5test.Java5Test" time="0.0">
    <skipped/>
  </testcase>
  <testcase name="testAnnotations" classname="recoder.testsuite.java5test.Java5Test" time="0.0">
    <skipped/>
  </testcase>
  <testcase name="testEnums" classname="recoder.testsuite.java5test.Java5Test" time="0.001">
    <skipped/>
  </testcase>
  <testcase name="testAmbiguities" classname="recoder.testsuite.java5test.Java5Test" time="0.0">
    <skipped/>
  </testcase>
  <testcase name="testTransformations" classname="recoder.testsuite.java5test.Java5Test" time="0.0">
    <skipped/>
  </testcase>
  <testcase name="testComments" classname="recoder.testsuite.java5test.Java5Test" time="0.001">
    <skipped/>
  </testcase>
  <testcase name="testPrettyPrinter" classname="recoder.testsuite.java5test.Java5Test" time="0.0">
    <skipped/>
  </testcase>
  <system-out><![CDATA[]]></system-out>
  <system-err><![CDATA[]]></system-err>
</testsuite>
