<?xml version="1.0" encoding="UTF-8"?>
<testsuite name="de.uka.ilkd.key.proof.TestGoal" tests="2" skipped="0" failures="0" errors="0" timestamp="2023-03-31T12:18:50" hostname="fv-az256-874" time="0.016">
  <properties/>
  <testcase name="testSetBack0()" classname="de.uka.ilkd.key.proof.TestGoal" time="0.009"/>
  <testcase name="testSetBack1()" classname="de.uka.ilkd.key.proof.TestGoal" time="0.006"/>
  <system-out><![CDATA[]]></system-out>
  <system-err><![CDATA[]]></system-err>
</testsuite>
