<?xml version="1.0" encoding="UTF-8"?>
<testsuite name="de.uka.ilkd.key.logic.TestSemisequent" tests="15" skipped="0" failures="0" errors="0" timestamp="2023-03-31T12:13:06" hostname="fv-az256-874" time="0.021">
  <properties/>
  <testcase name="testContainsEquals()" classname="de.uka.ilkd.key.logic.TestSemisequent" time="0.001"/>
  <testcase name="testImmutable()" classname="de.uka.ilkd.key.logic.TestSemisequent" time="0.0"/>
  <testcase name="testListReplaceAddRedundantList()" classname="de.uka.ilkd.key.logic.TestSemisequent" time="0.001"/>
  <testcase name="testGet()" classname="de.uka.ilkd.key.logic.TestSemisequent" time="0.0"/>
  <testcase name="testRemoveOrder()" classname="de.uka.ilkd.key.logic.TestSemisequent" time="0.009"/>
  <testcase name="testListInsert()" classname="de.uka.ilkd.key.logic.TestSemisequent" time="0.001"/>
  <testcase name="testindexOf()" classname="de.uka.ilkd.key.logic.TestSemisequent" time="0.001"/>
  <testcase name="testContains()" classname="de.uka.ilkd.key.logic.TestSemisequent" time="0.0"/>
  <testcase name="testReplace()" classname="de.uka.ilkd.key.logic.TestSemisequent" time="0.0"/>
  <testcase name="testListReplace()" classname="de.uka.ilkd.key.logic.TestSemisequent" time="0.0"/>
  <testcase name="testNoDuplicates()" classname="de.uka.ilkd.key.logic.TestSemisequent" time="0.0"/>
  <testcase name="testEquals()" classname="de.uka.ilkd.key.logic.TestSemisequent" time="0.001"/>
  <testcase name="testRemove()" classname="de.uka.ilkd.key.logic.TestSemisequent" time="0.0"/>
  <testcase name="testUniqueEmpty()" classname="de.uka.ilkd.key.logic.TestSemisequent" time="0.001"/>
  <testcase name="testListInsertInMid()" classname="de.uka.ilkd.key.logic.TestSemisequent" time="0.0"/>
  <system-out><![CDATA[]]></system-out>
  <system-err><![CDATA[]]></system-err>
</testsuite>
