<?xml version="1.0" encoding="UTF-8"?>
<testsuite name="de.uka.ilkd.key.testcase.smt.ce.TestCE" tests="12" skipped="0" failures="0" errors="0" timestamp="2023-04-14T19:07:21" hostname="fv-az365-720" time="17.167">
  <properties/>
  <testcase name="testOverFlow1()" classname="de.uka.ilkd.key.testcase.smt.ce.TestCE" time="0.183"/>
  <testcase name="testOverFlow2()" classname="de.uka.ilkd.key.testcase.smt.ce.TestCE" time="0.005"/>
  <testcase name="testMiddle()" classname="de.uka.ilkd.key.testcase.smt.ce.TestCE" time="16.934"/>
  <testcase name="testTypes1()" classname="de.uka.ilkd.key.testcase.smt.ce.TestCE" time="0.004"/>
  <testcase name="testTypes2()" classname="de.uka.ilkd.key.testcase.smt.ce.TestCE" time="0.0"/>
  <testcase name="testTypes3()" classname="de.uka.ilkd.key.testcase.smt.ce.TestCE" time="0.001"/>
  <testcase name="testTypes4()" classname="de.uka.ilkd.key.testcase.smt.ce.TestCE" time="0.004"/>
  <testcase name="testTypes5()" classname="de.uka.ilkd.key.testcase.smt.ce.TestCE" time="0.001"/>
  <testcase name="testTypes6()" classname="de.uka.ilkd.key.testcase.smt.ce.TestCE" time="0.001"/>
  <testcase name="testTypes7()" classname="de.uka.ilkd.key.testcase.smt.ce.TestCE" time="0.006"/>
  <testcase name="testTypes8()" classname="de.uka.ilkd.key.testcase.smt.ce.TestCE" time="0.001"/>
  <testcase name="testTypes9()" classname="de.uka.ilkd.key.testcase.smt.ce.TestCE" time="0.0"/>
  <system-out><![CDATA[19:07:20,917 |-INFO in ch.qos.logback.classic.LoggerContext[default] - This is logback-classic version 1.4.6
19:07:20,948 |-INFO in ch.qos.logback.classic.LoggerContext[default] - Could NOT find resource [logback-test.xml]
19:07:20,964 |-INFO in ch.qos.logback.classic.LoggerContext[default] - Found resource [logback.xml] at [file:/D:/a/key/key/key.core.testgen/build/resources/test/logback.xml]
19:07:21,199 |-INFO in ch.qos.logback.core.model.processor.AppenderModelHandler - Processing appender named [STDOUT]
19:07:21,199 |-INFO in ch.qos.logback.core.model.processor.AppenderModelHandler - About to instantiate appender of type [ch.qos.logback.core.ConsoleAppender]
19:07:21,230 |-WARN in ch.qos.logback.core.model.processor.ImplicitModelHandler - Ignoring unknown property [file] in [ch.qos.logback.core.ConsoleAppender]
19:07:21,230 |-WARN in ch.qos.logback.core.model.processor.ImplicitModelHandler - Ignoring unknown property [append] in [ch.qos.logback.core.ConsoleAppender]
19:07:21,230 |-INFO in ch.qos.logback.core.model.processor.ImplicitModelHandler - Assuming default type [ch.qos.logback.classic.encoder.PatternLayoutEncoder] for [encoder] property
19:07:21,262 |-INFO in ch.qos.logback.classic.model.processor.RootLoggerModelHandler - Setting level of ROOT logger to DEBUG
19:07:21,277 |-INFO in ch.qos.logback.core.model.processor.AppenderRefModelHandler - Attaching appender named [STDOUT] to Logger[ROOT]
19:07:21,277 |-INFO in ch.qos.logback.core.model.processor.DefaultProcessor@5ae81e1 - End of configuration.
19:07:21,277 |-INFO in ch.qos.logback.classic.joran.JoranConfigurator@2fd1731c - Registering current configuration as safe fallback point

907        WARN  Test worker     d.u.i.k.t.s.c.TestCE      Warning: Z3_CE is not installed, tests skipped. 
907        WARN  Test worker     d.u.i.k.t.s.c.TestCE      Maybe use JVM system property "z3SolverPath" to define the path to the Z3 command. 
1001       WARN  Test worker     d.u.i.k.s.ProofIndependentSettings The settings in C:\Users\runneradmin\.key\proofIndependentSettings.props are *not* read due to flag 'key.disregardSettings' 
1579       WARN  Test worker     d.u.i.k.s.ProofSettings   The settings in C:\Users\runneradmin\.key\proof-settings.props are *not* read. 
2424       DEBUG Test worker     d.u.i.k.p.i.KeYFile       Reading KeY file jar:file:/D:/a/key/key/key.core/build/libs/key.core-2.11.0.jar!/de/uka/ilkd/key/proof/rules/ldt.key 
2424       DEBUG Test worker     d.u.i.k.p.i.KeYFile       Read specifications obtained when parsing the Java files (usually JML and Strings.key) from jar:file:/D:/a/key/key/key.core/build/libs/key.core-2.11.0.jar!/de/uka/ilkd/key/proof/rules/ldt.key 
2456       DEBUG Test worker     d.u.i.k.p.i.KeYFile       Reading KeY file jar:file:/D:/a/key/key/key.core/build/libs/key.core-2.11.0.jar!/de/uka/ilkd/key/proof/rules/propRule.key 
2456       DEBUG Test worker     d.u.i.k.p.i.KeYFile       Read specifications obtained when parsing the Java files (usually JML and Strings.key) from jar:file:/D:/a/key/key/key.core/build/libs/key.core-2.11.0.jar!/de/uka/ilkd/key/proof/rules/propRule.key 
2534       DEBUG Test worker     d.u.i.k.p.i.KeYFile       Reading KeY file jar:file:/D:/a/key/key/key.core/build/libs/key.core-2.11.0.jar!/de/uka/ilkd/key/proof/rules/firstOrderRules.key 
2534       DEBUG Test worker     d.u.i.k.p.i.KeYFile       Read specifications obtained when parsing the Java files (usually JML and Strings.key) from jar:file:/D:/a/key/key/key.core/build/libs/key.core-2.11.0.jar!/de/uka/ilkd/key/proof/rules/firstOrderRules.key 
2596       DEBUG Test worker     d.u.i.k.p.i.KeYFile       Reading KeY file jar:file:/D:/a/key/key/key.core/build/libs/key.core-2.11.0.jar!/de/uka/ilkd/key/proof/rules/ifThenElseRules.key 
2596       DEBUG Test worker     d.u.i.k.p.i.KeYFile       Read specifications obtained when parsing the Java files (usually JML and Strings.key) from jar:file:/D:/a/key/key/key.core/build/libs/key.core-2.11.0.jar!/de/uka/ilkd/key/proof/rules/ifThenElseRules.key 
2753       DEBUG Test worker     d.u.i.k.p.i.KeYFile       Reading KeY file jar:file:/D:/a/key/key/key.core/build/libs/key.core-2.11.0.jar!/de/uka/ilkd/key/proof/rules/formulaNormalisationRules.key 
2753       DEBUG Test worker     d.u.i.k.p.i.KeYFile       Read specifications obtained when parsing the Java files (usually JML and Strings.key) from jar:file:/D:/a/key/key/key.core/build/libs/key.core-2.11.0.jar!/de/uka/ilkd/key/proof/rules/formulaNormalisationRules.key 
2862       DEBUG Test worker     d.u.i.k.p.i.KeYFile       Reading KeY file jar:file:/D:/a/key/key/key.core/build/libs/key.core-2.11.0.jar!/de/uka/ilkd/key/proof/rules/updateRules.key 
2862       DEBUG Test worker     d.u.i.k.p.i.KeYFile       Read specifications obtained when parsing the Java files (usually JML and Strings.key) from jar:file:/D:/a/key/key/key.core/build/libs/key.core-2.11.0.jar!/de/uka/ilkd/key/proof/rules/updateRules.key 
2878       DEBUG Test worker     d.u.i.k.p.i.KeYFile       Reading KeY file jar:file:/D:/a/key/key/key.core/build/libs/key.core-2.11.0.jar!/de/uka/ilkd/key/proof/rules/integerRulesCommon.key 
2878       DEBUG Test worker     d.u.i.k.p.i.KeYFile       Read specifications obtained when parsing the Java files (usually JML and Strings.key) from jar:file:/D:/a/key/key/key.core/build/libs/key.core-2.11.0.jar!/de/uka/ilkd/key/proof/rules/integerRulesCommon.key 
3097       DEBUG Test worker     d.u.i.k.p.i.KeYFile       Reading KeY file jar:file:/D:/a/key/key/key.core/build/libs/key.core-2.11.0.jar!/de/uka/ilkd/key/proof/rules/intRules.key 
3097       DEBUG Test worker     d.u.i.k.p.i.KeYFile       Read specifications obtained when parsing the Java files (usually JML and Strings.key) from jar:file:/D:/a/key/key/key.core/build/libs/key.core-2.11.0.jar!/de/uka/ilkd/key/proof/rules/intRules.key 
3143       DEBUG Test worker     d.u.i.k.p.i.KeYFile       Reading KeY file jar:file:/D:/a/key/key/key.core/build/libs/key.core-2.11.0.jar!/de/uka/ilkd/key/proof/rules/intRulesUncheckedSemantics.key 
3143       DEBUG Test worker     d.u.i.k.p.i.KeYFile       Read specifications obtained when parsing the Java files (usually JML and Strings.key) from jar:file:/D:/a/key/key/key.core/build/libs/key.core-2.11.0.jar!/de/uka/ilkd/key/proof/rules/intRulesUncheckedSemantics.key 
3159       DEBUG Test worker     d.u.i.k.p.i.KeYFile       Reading KeY file jar:file:/D:/a/key/key/key.core/build/libs/key.core-2.11.0.jar!/de/uka/ilkd/key/proof/rules/intRulesCheckedSemantics.key 
3159       DEBUG Test worker     d.u.i.k.p.i.KeYFile       Read specifications obtained when parsing the Java files (usually JML and Strings.key) from jar:file:/D:/a/key/key/key.core/build/libs/key.core-2.11.0.jar!/de/uka/ilkd/key/proof/rules/intRulesCheckedSemantics.key 
3175       DEBUG Test worker     d.u.i.k.p.i.KeYFile       Reading KeY file jar:file:/D:/a/key/key/key.core/build/libs/key.core-2.11.0.jar!/de/uka/ilkd/key/proof/rules/intRulesJavaSemantics.key 
3175       DEBUG Test worker     d.u.i.k.p.i.KeYFile       Read specifications obtained when parsing the Java files (usually JML and Strings.key) from jar:file:/D:/a/key/key/key.core/build/libs/key.core-2.11.0.jar!/de/uka/ilkd/key/proof/rules/intRulesJavaSemantics.key 
3331       DEBUG Test worker     d.u.i.k.p.i.KeYFile       Reading KeY file jar:file:/D:/a/key/key/key.core/build/libs/key.core-2.11.0.jar!/de/uka/ilkd/key/proof/rules/integerSimplificationRules.key 
3331       DEBUG Test worker     d.u.i.k.p.i.KeYFile       Read specifications obtained when parsing the Java files (usually JML and Strings.key) from jar:file:/D:/a/key/key/key.core/build/libs/key.core-2.11.0.jar!/de/uka/ilkd/key/proof/rules/integerSimplificationRules.key 
3472       DEBUG Test worker     d.u.i.k.j.TypeConverter   No LDT found for Meta 
3472       DEBUG Test worker     d.u.i.k.j.TypeConverter   No LDT found for Meta 
3487       DEBUG Test worker     d.u.i.k.j.TypeConverter   No LDT found for Meta 
3487       DEBUG Test worker     d.u.i.k.j.TypeConverter   No LDT found for Meta 
3550       DEBUG Test worker     d.u.i.k.p.i.KeYFile       Reading KeY file jar:file:/D:/a/key/key/key.core/build/libs/key.core-2.11.0.jar!/de/uka/ilkd/key/proof/rules/intDiv.key 
3550       DEBUG Test worker     d.u.i.k.p.i.KeYFile       Read specifications obtained when parsing the Java files (usually JML and Strings.key) from jar:file:/D:/a/key/key/key.core/build/libs/key.core-2.11.0.jar!/de/uka/ilkd/key/proof/rules/intDiv.key 
3675       DEBUG Test worker     d.u.i.k.p.i.KeYFile       Reading KeY file jar:file:/D:/a/key/key/key.core/build/libs/key.core-2.11.0.jar!/de/uka/ilkd/key/proof/rules/bsum.key 
3675       DEBUG Test worker     d.u.i.k.p.i.KeYFile       Read specifications obtained when parsing the Java files (usually JML and Strings.key) from jar:file:/D:/a/key/key/key.core/build/libs/key.core-2.11.0.jar!/de/uka/ilkd/key/proof/rules/bsum.key 
3815       DEBUG Test worker     d.u.i.k.p.i.KeYFile       Reading KeY file jar:file:/D:/a/key/key/key.core/build/libs/key.core-2.11.0.jar!/de/uka/ilkd/key/proof/rules/bprod.key 
3815       DEBUG Test worker     d.u.i.k.p.i.KeYFile       Read specifications obtained when parsing the Java files (usually JML and Strings.key) from jar:file:/D:/a/key/key/key.core/build/libs/key.core-2.11.0.jar!/de/uka/ilkd/key/proof/rules/bprod.key 
3831       DEBUG Test worker     d.u.i.k.p.i.KeYFile       Reading KeY file jar:file:/D:/a/key/key/key.core/build/libs/key.core-2.11.0.jar!/de/uka/ilkd/key/proof/rules/binaryAxioms.key 
3831       DEBUG Test worker     d.u.i.k.p.i.KeYFile       Read specifications obtained when parsing the Java files (usually JML and Strings.key) from jar:file:/D:/a/key/key/key.core/build/libs/key.core-2.11.0.jar!/de/uka/ilkd/key/proof/rules/binaryAxioms.key 
3847       DEBUG Test worker     d.u.i.k.p.i.KeYFile       Reading KeY file jar:file:/D:/a/key/key/key.core/build/libs/key.core-2.11.0.jar!/de/uka/ilkd/key/proof/rules/binaryLemmas.key 
3847       DEBUG Test worker     d.u.i.k.p.i.KeYFile       Read specifications obtained when parsing the Java files (usually JML and Strings.key) from jar:file:/D:/a/key/key/key.core/build/libs/key.core-2.11.0.jar!/de/uka/ilkd/key/proof/rules/binaryLemmas.key 
3862       DEBUG Test worker     d.u.i.k.p.i.KeYFile       Reading KeY file jar:file:/D:/a/key/key/key.core/build/libs/key.core-2.11.0.jar!/de/uka/ilkd/key/proof/rules/intPow.key 
3878       DEBUG Test worker     d.u.i.k.p.i.KeYFile       Read specifications obtained when parsing the Java files (usually JML and Strings.key) from jar:file:/D:/a/key/key/key.core/build/libs/key.core-2.11.0.jar!/de/uka/ilkd/key/proof/rules/intPow.key 
3893       DEBUG Test worker     d.u.i.k.p.i.KeYFile       Reading KeY file jar:file:/D:/a/key/key/key.core/build/libs/key.core-2.11.0.jar!/de/uka/ilkd/key/proof/rules/floatRulesCommon.key 
3893       DEBUG Test worker     d.u.i.k.p.i.KeYFile       Read specifications obtained when parsing the Java files (usually JML and Strings.key) from jar:file:/D:/a/key/key/key.core/build/libs/key.core-2.11.0.jar!/de/uka/ilkd/key/proof/rules/floatRulesCommon.key 
3925       DEBUG Test worker     d.u.i.k.p.i.KeYFile       Reading KeY file jar:file:/D:/a/key/key/key.core/build/libs/key.core-2.11.0.jar!/de/uka/ilkd/key/proof/rules/floatRules.key 
3925       DEBUG Test worker     d.u.i.k.p.i.KeYFile       Read specifications obtained when parsing the Java files (usually JML and Strings.key) from jar:file:/D:/a/key/key/key.core/build/libs/key.core-2.11.0.jar!/de/uka/ilkd/key/proof/rules/floatRules.key 
3925       DEBUG Test worker     d.u.i.k.p.i.KeYFile       Reading KeY file jar:file:/D:/a/key/key/key.core/build/libs/key.core-2.11.0.jar!/de/uka/ilkd/key/proof/rules/floatRulesVerifyNormal.key 
3925       DEBUG Test worker     d.u.i.k.p.i.KeYFile       Read specifications obtained when parsing the Java files (usually JML and Strings.key) from jar:file:/D:/a/key/key/key.core/build/libs/key.core-2.11.0.jar!/de/uka/ilkd/key/proof/rules/floatRulesVerifyNormal.key 
3940       DEBUG Test worker     d.u.i.k.p.i.KeYFile       Reading KeY file jar:file:/D:/a/key/key/key.core/build/libs/key.core-2.11.0.jar!/de/uka/ilkd/key/proof/rules/floatRulesAssumeStrictfp.key 
3940       DEBUG Test worker     d.u.i.k.p.i.KeYFile       Read specifications obtained when parsing the Java files (usually JML and Strings.key) from jar:file:/D:/a/key/key/key.core/build/libs/key.core-2.11.0.jar!/de/uka/ilkd/key/proof/rules/floatRulesAssumeStrictfp.key 
4081       DEBUG Test worker     d.u.i.k.p.i.KeYFile       Reading KeY file jar:file:/D:/a/key/key/key.core/build/libs/key.core-2.11.0.jar!/de/uka/ilkd/key/proof/rules/genericRules.key 
4081       DEBUG Test worker     d.u.i.k.p.i.KeYFile       Read specifications obtained when parsing the Java files (usually JML and Strings.key) from jar:file:/D:/a/key/key/key.core/build/libs/key.core-2.11.0.jar!/de/uka/ilkd/key/proof/rules/genericRules.key 
4097       DEBUG Test worker     d.u.i.k.p.i.KeYFile       Reading KeY file jar:file:/D:/a/key/key/key.core/build/libs/key.core-2.11.0.jar!/de/uka/ilkd/key/proof/rules/booleanRules.key 
4097       DEBUG Test worker     d.u.i.k.p.i.KeYFile       Read specifications obtained when parsing the Java files (usually JML and Strings.key) from jar:file:/D:/a/key/key/key.core/build/libs/key.core-2.11.0.jar!/de/uka/ilkd/key/proof/rules/booleanRules.key 
4097       DEBUG Test worker     d.u.i.k.p.i.KeYFile       Reading KeY file jar:file:/D:/a/key/key/key.core/build/libs/key.core-2.11.0.jar!/de/uka/ilkd/key/proof/rules/epsilon.key 
4097       DEBUG Test worker     d.u.i.k.p.i.KeYFile       Read specifications obtained when parsing the Java files (usually JML and Strings.key) from jar:file:/D:/a/key/key/key.core/build/libs/key.core-2.11.0.jar!/de/uka/ilkd/key/proof/rules/epsilon.key 
4143       DEBUG Test worker     d.u.i.k.p.i.KeYFile       Reading KeY file jar:file:/D:/a/key/key/key.core/build/libs/key.core-2.11.0.jar!/de/uka/ilkd/key/proof/rules/locSetsRules.key 
4143       DEBUG Test worker     d.u.i.k.p.i.KeYFile       Read specifications obtained when parsing the Java files (usually JML and Strings.key) from jar:file:/D:/a/key/key/key.core/build/libs/key.core-2.11.0.jar!/de/uka/ilkd/key/proof/rules/locSetsRules.key 
4222       DEBUG Test worker     d.u.i.k.p.i.KeYFile       Reading KeY file jar:file:/D:/a/key/key/key.core/build/libs/key.core-2.11.0.jar!/de/uka/ilkd/key/proof/rules/heapRules.key 
4222       DEBUG Test worker     d.u.i.k.p.i.KeYFile       Read specifications obtained when parsing the Java files (usually JML and Strings.key) from jar:file:/D:/a/key/key/key.core/build/libs/key.core-2.11.0.jar!/de/uka/ilkd/key/proof/rules/heapRules.key 
4300       DEBUG Test worker     d.u.i.k.p.i.KeYFile       Reading KeY file jar:file:/D:/a/key/key/key.core/build/libs/key.core-2.11.0.jar!/de/uka/ilkd/key/proof/rules/permissionRules.key 
4316       DEBUG Test worker     d.u.i.k.p.i.KeYFile       Read specifications obtained when parsing the Java files (usually JML and Strings.key) from jar:file:/D:/a/key/key/key.core/build/libs/key.core-2.11.0.jar!/de/uka/ilkd/key/proof/rules/permissionRules.key 
4347       DEBUG Test worker     d.u.i.k.p.i.KeYFile       Reading KeY file jar:file:/D:/a/key/key/key.core/build/libs/key.core-2.11.0.jar!/de/uka/ilkd/key/proof/rules/reachRules.key 
4347       DEBUG Test worker     d.u.i.k.p.i.KeYFile       Read specifications obtained when parsing the Java files (usually JML and Strings.key) from jar:file:/D:/a/key/key/key.core/build/libs/key.core-2.11.0.jar!/de/uka/ilkd/key/proof/rules/reachRules.key 
4362       DEBUG Test worker     d.u.i.k.p.i.KeYFile       Reading KeY file jar:file:/D:/a/key/key/key.core/build/libs/key.core-2.11.0.jar!/de/uka/ilkd/key/proof/rules/seqCoreRules.key 
4362       DEBUG Test worker     d.u.i.k.p.i.KeYFile       Read specifications obtained when parsing the Java files (usually JML and Strings.key) from jar:file:/D:/a/key/key/key.core/build/libs/key.core-2.11.0.jar!/de/uka/ilkd/key/proof/rules/seqCoreRules.key 
4378       DEBUG Test worker     d.u.i.k.p.i.KeYFile       Reading KeY file jar:file:/D:/a/key/key/key.core/build/libs/key.core-2.11.0.jar!/de/uka/ilkd/key/proof/rules/seqRules.key 
4378       DEBUG Test worker     d.u.i.k.p.i.KeYFile       Read specifications obtained when parsing the Java files (usually JML and Strings.key) from jar:file:/D:/a/key/key/key.core/build/libs/key.core-2.11.0.jar!/de/uka/ilkd/key/proof/rules/seqRules.key 
4441       DEBUG Test worker     d.u.i.k.p.i.KeYFile       Reading KeY file jar:file:/D:/a/key/key/key.core/build/libs/key.core-2.11.0.jar!/de/uka/ilkd/key/proof/rules/seqPerm.key 
4441       DEBUG Test worker     d.u.i.k.p.i.KeYFile       Read specifications obtained when parsing the Java files (usually JML and Strings.key) from jar:file:/D:/a/key/key/key.core/build/libs/key.core-2.11.0.jar!/de/uka/ilkd/key/proof/rules/seqPerm.key 
4472       DEBUG Test worker     d.u.i.k.p.i.KeYFile       Reading KeY file jar:file:/D:/a/key/key/key.core/build/libs/key.core-2.11.0.jar!/de/uka/ilkd/key/proof/rules/seqPerm2.key 
4472       DEBUG Test worker     d.u.i.k.p.i.KeYFile       Read specifications obtained when parsing the Java files (usually JML and Strings.key) from jar:file:/D:/a/key/key/key.core/build/libs/key.core-2.11.0.jar!/de/uka/ilkd/key/proof/rules/seqPerm2.key 
4659       DEBUG Test worker     d.u.i.k.p.i.KeYFile       Reading KeY file jar:file:/D:/a/key/key/key.core/build/libs/key.core-2.11.0.jar!/de/uka/ilkd/key/proof/rules/assertions.key 
4659       DEBUG Test worker     d.u.i.k.p.i.KeYFile       Read specifications obtained when parsing the Java files (usually JML and Strings.key) from jar:file:/D:/a/key/key/key.core/build/libs/key.core-2.11.0.jar!/de/uka/ilkd/key/proof/rules/assertions.key 
4737       DEBUG Test worker     d.u.i.k.p.i.KeYFile       Reading KeY file jar:file:/D:/a/key/key/key.core/build/libs/key.core-2.11.0.jar!/de/uka/ilkd/key/proof/rules/javaRules.key 
4737       DEBUG Test worker     d.u.i.k.p.i.KeYFile       Read specifications obtained when parsing the Java files (usually JML and Strings.key) from jar:file:/D:/a/key/key/key.core/build/libs/key.core-2.11.0.jar!/de/uka/ilkd/key/proof/rules/javaRules.key 
5707       DEBUG Test worker     d.u.i.k.p.i.KeYFile       Reading KeY file jar:file:/D:/a/key/key/key.core/build/libs/key.core-2.11.0.jar!/de/uka/ilkd/key/proof/rules/loopRules.key 
5707       DEBUG Test worker     d.u.i.k.p.i.KeYFile       Read specifications obtained when parsing the Java files (usually JML and Strings.key) from jar:file:/D:/a/key/key/key.core/build/libs/key.core-2.11.0.jar!/de/uka/ilkd/key/proof/rules/loopRules.key 
5739       DEBUG Test worker     d.u.i.k.p.i.KeYFile       Reading KeY file jar:file:/D:/a/key/key/key.core/build/libs/key.core-2.11.0.jar!/de/uka/ilkd/key/proof/rules/activeUse.key 
5739       DEBUG Test worker     d.u.i.k.p.i.KeYFile       Read specifications obtained when parsing the Java files (usually JML and Strings.key) from jar:file:/D:/a/key/key/key.core/build/libs/key.core-2.11.0.jar!/de/uka/ilkd/key/proof/rules/activeUse.key 
5848       DEBUG Test worker     d.u.i.k.p.i.KeYFile       Reading KeY file jar:file:/D:/a/key/key/key.core/build/libs/key.core-2.11.0.jar!/de/uka/ilkd/key/proof/rules/instanceAllocation.key 
5848       DEBUG Test worker     d.u.i.k.p.i.KeYFile       Read specifications obtained when parsing the Java files (usually JML and Strings.key) from jar:file:/D:/a/key/key/key.core/build/libs/key.core-2.11.0.jar!/de/uka/ilkd/key/proof/rules/instanceAllocation.key 
5864       DEBUG Test worker     d.u.i.k.p.i.KeYFile       Reading KeY file jar:file:/D:/a/key/key/key.core/build/libs/key.core-2.11.0.jar!/de/uka/ilkd/key/proof/rules/java5.key 
5864       DEBUG Test worker     d.u.i.k.p.i.KeYFile       Read specifications obtained when parsing the Java files (usually JML and Strings.key) from jar:file:/D:/a/key/key/key.core/build/libs/key.core-2.11.0.jar!/de/uka/ilkd/key/proof/rules/java5.key 
5880       DEBUG Test worker     d.u.i.k.p.i.KeYFile       Reading KeY file jar:file:/D:/a/key/key/key.core/build/libs/key.core-2.11.0.jar!/de/uka/ilkd/key/proof/rules/integerAssignment2UpdateRules.key 
5880       DEBUG Test worker     d.u.i.k.p.i.KeYFile       Read specifications obtained when parsing the Java files (usually JML and Strings.key) from jar:file:/D:/a/key/key/key.core/build/libs/key.core-2.11.0.jar!/de/uka/ilkd/key/proof/rules/integerAssignment2UpdateRules.key 
5942       DEBUG Test worker     d.u.i.k.p.i.KeYFile       Reading KeY file jar:file:/D:/a/key/key/key.core/build/libs/key.core-2.11.0.jar!/de/uka/ilkd/key/proof/rules/floatAssignment2UpdateRules.key 
5942       DEBUG Test worker     d.u.i.k.p.i.KeYFile       Read specifications obtained when parsing the Java files (usually JML and Strings.key) from jar:file:/D:/a/key/key/key.core/build/libs/key.core-2.11.0.jar!/de/uka/ilkd/key/proof/rules/floatAssignment2UpdateRules.key 
5989       DEBUG Test worker     d.u.i.k.p.i.KeYFile       Reading KeY file jar:file:/D:/a/key/key/key.core/build/libs/key.core-2.11.0.jar!/de/uka/ilkd/key/proof/rules/bigint.key 
5989       DEBUG Test worker     d.u.i.k.p.i.KeYFile       Read specifications obtained when parsing the Java files (usually JML and Strings.key) from jar:file:/D:/a/key/key/key.core/build/libs/key.core-2.11.0.jar!/de/uka/ilkd/key/proof/rules/bigint.key 
6005       DEBUG Test worker     d.u.i.k.j.TypeConverter   No LDT found for JavaBigintExpression 
6021       DEBUG Test worker     d.u.i.k.p.i.KeYFile       Reading KeY file jar:file:/D:/a/key/key/key.core/build/libs/key.core-2.11.0.jar!/de/uka/ilkd/key/proof/rules/adtProgramDecompositionRules.key 
6021       DEBUG Test worker     d.u.i.k.p.i.KeYFile       Read specifications obtained when parsing the Java files (usually JML and Strings.key) from jar:file:/D:/a/key/key/key.core/build/libs/key.core-2.11.0.jar!/de/uka/ilkd/key/proof/rules/adtProgramDecompositionRules.key 
6052       DEBUG Test worker     d.u.i.k.p.i.KeYFile       Reading KeY file jar:file:/D:/a/key/key/key.core/build/libs/key.core-2.11.0.jar!/de/uka/ilkd/key/proof/rules/precRules.key 
6052       DEBUG Test worker     d.u.i.k.p.i.KeYFile       Read specifications obtained when parsing the Java files (usually JML and Strings.key) from jar:file:/D:/a/key/key/key.core/build/libs/key.core-2.11.0.jar!/de/uka/ilkd/key/proof/rules/precRules.key 
6067       DEBUG Test worker     d.u.i.k.p.i.KeYFile       Reading KeY file jar:file:/D:/a/key/key/key.core/build/libs/key.core-2.11.0.jar!/de/uka/ilkd/key/proof/rules/charListRules.key 
6067       DEBUG Test worker     d.u.i.k.p.i.KeYFile       Read specifications obtained when parsing the Java files (usually JML and Strings.key) from jar:file:/D:/a/key/key/key.core/build/libs/key.core-2.11.0.jar!/de/uka/ilkd/key/proof/rules/charListRules.key 
6083       DEBUG Test worker     d.u.i.k.p.i.KeYFile       Reading KeY file jar:file:/D:/a/key/key/key.core/build/libs/key.core-2.11.0.jar!/de/uka/ilkd/key/proof/rules/regExHeader.key 
6083       DEBUG Test worker     d.u.i.k.p.i.KeYFile       Read specifications obtained when parsing the Java files (usually JML and Strings.key) from jar:file:/D:/a/key/key/key.core/build/libs/key.core-2.11.0.jar!/de/uka/ilkd/key/proof/rules/regExHeader.key 
6099       DEBUG Test worker     d.u.i.k.p.i.KeYFile       Reading KeY file jar:file:/D:/a/key/key/key.core/build/libs/key.core-2.11.0.jar!/de/uka/ilkd/key/proof/rules/regExAxioms.key 
6099       DEBUG Test worker     d.u.i.k.p.i.KeYFile       Read specifications obtained when parsing the Java files (usually JML and Strings.key) from jar:file:/D:/a/key/key/key.core/build/libs/key.core-2.11.0.jar!/de/uka/ilkd/key/proof/rules/regExAxioms.key 
6099       DEBUG Test worker     d.u.i.k.p.i.KeYFile       Reading KeY file jar:file:/D:/a/key/key/key.core/build/libs/key.core-2.11.0.jar!/de/uka/ilkd/key/proof/rules/regExLemmaProven.key 
6099       DEBUG Test worker     d.u.i.k.p.i.KeYFile       Read specifications obtained when parsing the Java files (usually JML and Strings.key) from jar:file:/D:/a/key/key/key.core/build/libs/key.core-2.11.0.jar!/de/uka/ilkd/key/proof/rules/regExLemmaProven.key 
6114       DEBUG Test worker     d.u.i.k.p.i.KeYFile       Reading KeY file jar:file:/D:/a/key/key/key.core/build/libs/key.core-2.11.0.jar!/de/uka/ilkd/key/proof/rules/regExTheory.key 
6114       DEBUG Test worker     d.u.i.k.p.i.KeYFile       Read specifications obtained when parsing the Java files (usually JML and Strings.key) from jar:file:/D:/a/key/key/key.core/build/libs/key.core-2.11.0.jar!/de/uka/ilkd/key/proof/rules/regExTheory.key 
6114       DEBUG Test worker     d.u.i.k.p.i.KeYFile       Reading KeY file jar:file:/D:/a/key/key/key.core/build/libs/key.core-2.11.0.jar!/de/uka/ilkd/key/proof/rules/seqEq.key 
6114       DEBUG Test worker     d.u.i.k.p.i.KeYFile       Read specifications obtained when parsing the Java files (usually JML and Strings.key) from jar:file:/D:/a/key/key/key.core/build/libs/key.core-2.11.0.jar!/de/uka/ilkd/key/proof/rules/seqEq.key 
6130       DEBUG Test worker     d.u.i.k.p.i.KeYFile       Reading KeY file jar:file:/D:/a/key/key/key.core/build/libs/key.core-2.11.0.jar!/de/uka/ilkd/key/proof/rules/infFlow.key 
6130       DEBUG Test worker     d.u.i.k.p.i.KeYFile       Read specifications obtained when parsing the Java files (usually JML and Strings.key) from jar:file:/D:/a/key/key/key.core/build/libs/key.core-2.11.0.jar!/de/uka/ilkd/key/proof/rules/infFlow.key 
6146       DEBUG Test worker     d.u.i.k.p.i.KeYFile       Reading KeY file jar:file:/D:/a/key/key/key.core/build/libs/key.core-2.11.0.jar!/de/uka/ilkd/key/proof/rules/mapSize.key 
6146       DEBUG Test worker     d.u.i.k.p.i.KeYFile       Read specifications obtained when parsing the Java files (usually JML and Strings.key) from jar:file:/D:/a/key/key/key.core/build/libs/key.core-2.11.0.jar!/de/uka/ilkd/key/proof/rules/mapSize.key 
6161       DEBUG Test worker     d.u.i.k.p.i.KeYFile       Reading KeY file jar:file:/D:/a/key/key/key.core/build/libs/key.core-2.11.0.jar!/de/uka/ilkd/key/proof/rules/wdHeader.key 
6161       DEBUG Test worker     d.u.i.k.p.i.KeYFile       Read specifications obtained when parsing the Java files (usually JML and Strings.key) from jar:file:/D:/a/key/key/key.core/build/libs/key.core-2.11.0.jar!/de/uka/ilkd/key/proof/rules/wdHeader.key 
6177       DEBUG Test worker     d.u.i.k.p.i.KeYFile       Reading KeY file jar:file:/D:/a/key/key/key.core/build/libs/key.core-2.11.0.jar!/de/uka/ilkd/key/proof/rules/wdGeneralRules.key 
6177       DEBUG Test worker     d.u.i.k.p.i.KeYFile       Read specifications obtained when parsing the Java files (usually JML and Strings.key) from jar:file:/D:/a/key/key/key.core/build/libs/key.core-2.11.0.jar!/de/uka/ilkd/key/proof/rules/wdGeneralRules.key 
6192       DEBUG Test worker     d.u.i.k.p.i.KeYFile       Reading KeY file jar:file:/D:/a/key/key/key.core/build/libs/key.core-2.11.0.jar!/de/uka/ilkd/key/proof/rules/wdNumericalRules.key 
6208       DEBUG Test worker     d.u.i.k.p.i.KeYFile       Read specifications obtained when parsing the Java files (usually JML and Strings.key) from jar:file:/D:/a/key/key/key.core/build/libs/key.core-2.11.0.jar!/de/uka/ilkd/key/proof/rules/wdNumericalRules.key 
6244       DEBUG Test worker     d.u.i.k.p.i.KeYFile       Reading KeY file jar:file:/D:/a/key/key/key.core/build/libs/key.core-2.11.0.jar!/de/uka/ilkd/key/proof/rules/wdLocSetRules.key 
6244       DEBUG Test worker     d.u.i.k.p.i.KeYFile       Read specifications obtained when parsing the Java files (usually JML and Strings.key) from jar:file:/D:/a/key/key/key.core/build/libs/key.core-2.11.0.jar!/de/uka/ilkd/key/proof/rules/wdLocSetRules.key 
6259       DEBUG Test worker     d.u.i.k.p.i.KeYFile       Reading KeY file jar:file:/D:/a/key/key/key.core/build/libs/key.core-2.11.0.jar!/de/uka/ilkd/key/proof/rules/wdHeapRules.key 
6259       DEBUG Test worker     d.u.i.k.p.i.KeYFile       Read specifications obtained when parsing the Java files (usually JML and Strings.key) from jar:file:/D:/a/key/key/key.core/build/libs/key.core-2.11.0.jar!/de/uka/ilkd/key/proof/rules/wdHeapRules.key 
6259       DEBUG Test worker     d.u.i.k.p.i.KeYFile       Reading KeY file jar:file:/D:/a/key/key/key.core/build/libs/key.core-2.11.0.jar!/de/uka/ilkd/key/proof/rules/wdReachRules.key 
6259       DEBUG Test worker     d.u.i.k.p.i.KeYFile       Read specifications obtained when parsing the Java files (usually JML and Strings.key) from jar:file:/D:/a/key/key/key.core/build/libs/key.core-2.11.0.jar!/de/uka/ilkd/key/proof/rules/wdReachRules.key 
6275       DEBUG Test worker     d.u.i.k.p.i.KeYFile       Reading KeY file jar:file:/D:/a/key/key/key.core/build/libs/key.core-2.11.0.jar!/de/uka/ilkd/key/proof/rules/wdSeqRules.key 
6275       DEBUG Test worker     d.u.i.k.p.i.KeYFile       Read specifications obtained when parsing the Java files (usually JML and Strings.key) from jar:file:/D:/a/key/key/key.core/build/libs/key.core-2.11.0.jar!/de/uka/ilkd/key/proof/rules/wdSeqRules.key 
6275       DEBUG Test worker     d.u.i.k.p.i.KeYFile       Reading KeY file jar:file:/D:/a/key/key/key.core/build/libs/key.core-2.11.0.jar!/de/uka/ilkd/key/proof/rules/wdStringRules.key 
6275       DEBUG Test worker     d.u.i.k.p.i.KeYFile       Read specifications obtained when parsing the Java files (usually JML and Strings.key) from jar:file:/D:/a/key/key/key.core/build/libs/key.core-2.11.0.jar!/de/uka/ilkd/key/proof/rules/wdStringRules.key 
6290       DEBUG Test worker     d.u.i.k.p.i.KeYFile       Reading KeY file jar:file:/D:/a/key/key/key.core/build/libs/key.core-2.11.0.jar!/de/uka/ilkd/key/proof/rules/wdRegExRules.key 
6290       DEBUG Test worker     d.u.i.k.p.i.KeYFile       Read specifications obtained when parsing the Java files (usually JML and Strings.key) from jar:file:/D:/a/key/key/key.core/build/libs/key.core-2.11.0.jar!/de/uka/ilkd/key/proof/rules/wdRegExRules.key 
6290       DEBUG Test worker     d.u.i.k.p.i.KeYFile       Reading KeY file jar:file:/D:/a/key/key/key.core/build/libs/key.core-2.11.0.jar!/de/uka/ilkd/key/proof/rules/wdFormulaRules.key 
6306       DEBUG Test worker     d.u.i.k.p.i.KeYFile       Read specifications obtained when parsing the Java files (usually JML and Strings.key) from jar:file:/D:/a/key/key/key.core/build/libs/key.core-2.11.0.jar!/de/uka/ilkd/key/proof/rules/wdFormulaRules.key 
6322       DEBUG Test worker     d.u.i.k.p.i.KeYFile       Reading KeY file jar:file:/D:/a/key/key/key.core/build/libs/key.core-2.11.0.jar!/de/uka/ilkd/key/proof/rules/wd.key 
6322       DEBUG Test worker     d.u.i.k.p.i.KeYFile       Read specifications obtained when parsing the Java files (usually JML and Strings.key) from jar:file:/D:/a/key/key/key.core/build/libs/key.core-2.11.0.jar!/de/uka/ilkd/key/proof/rules/wd.key 
6322       DEBUG Test worker     d.u.i.k.p.i.KeYFile       Reading KeY file jar:file:/D:/a/key/key/key.core/build/libs/key.core-2.11.0.jar!/de/uka/ilkd/key/proof/rules/loopInvariantRules.key 
6322       DEBUG Test worker     d.u.i.k.p.i.KeYFile       Read specifications obtained when parsing the Java files (usually JML and Strings.key) from jar:file:/D:/a/key/key/key.core/build/libs/key.core-2.11.0.jar!/de/uka/ilkd/key/proof/rules/loopInvariantRules.key 
6322       DEBUG Test worker     d.u.i.k.p.i.KeYFile       Reading KeY file jar:file:/D:/a/key/key/key.core/build/libs/key.core-2.11.0.jar!/de/uka/ilkd/key/proof/rules/forLoopRules.key 
6322       DEBUG Test worker     d.u.i.k.p.i.KeYFile       Read specifications obtained when parsing the Java files (usually JML and Strings.key) from jar:file:/D:/a/key/key/key.core/build/libs/key.core-2.11.0.jar!/de/uka/ilkd/key/proof/rules/forLoopRules.key 
6337       DEBUG Test worker     d.u.i.k.p.i.KeYFile       Reading KeY file jar:file:/D:/a/key/key/key.core/build/libs/key.core-2.11.0.jar!/de/uka/ilkd/key/proof/rules/execRules.key 
6337       DEBUG Test worker     d.u.i.k.p.i.KeYFile       Read specifications obtained when parsing the Java files (usually JML and Strings.key) from jar:file:/D:/a/key/key/key.core/build/libs/key.core-2.11.0.jar!/de/uka/ilkd/key/proof/rules/execRules.key 
6525       DEBUG Test worker     d.u.i.k.p.i.KeYFile       Reading KeY file jar:file:/D:/a/key/key/key.core/build/libs/key.core-2.11.0.jar!/de/uka/ilkd/key/proof/rules/loopScopeRules.key 
6525       DEBUG Test worker     d.u.i.k.p.i.KeYFile       Read specifications obtained when parsing the Java files (usually JML and Strings.key) from jar:file:/D:/a/key/key/key.core/build/libs/key.core-2.11.0.jar!/de/uka/ilkd/key/proof/rules/loopScopeRules.key 
6556       DEBUG Test worker     d.u.i.k.p.i.KeYFile       Reading KeY file jar:file:/D:/a/key/key/key.core/build/libs/key.core-2.11.0.jar!/de/uka/ilkd/key/proof/rules/standardRules.key 
6556       DEBUG Test worker     d.u.i.k.p.i.KeYFile       Read specifications obtained when parsing the Java files (usually JML and Strings.key) from jar:file:/D:/a/key/key/key.core/build/libs/key.core-2.11.0.jar!/de/uka/ilkd/key/proof/rules/standardRules.key 
10654      DEBUG Test worker     d.u.i.k.j.Recoder2KeY     converting now D:\a\key\key\key.core.testgen\src\test\resources\testcase\smt\ce\src\Middle.java 
10654      DEBUG Test worker     d.u.i.k.j.Recoder2KeY     converting now D:\a\key\key\key.core.testgen\src\test\resources\testcase\smt\ce\src\Test.java 
10716      DEBUG Test worker     d.u.i.k.s.TermLabelSettings TermLabelSettings: Failure while reading the setting "UseOriginLabels".Using the default value: true.The string read was: null 
10716      DEBUG Test worker     d.u.i.k.p.i.KeYFile       Reading KeY file src\test\resources\testcase\smt\ce\middle.key 
10732      DEBUG Test worker     d.u.i.k.p.i.KeYFile       Reading KeY file jar:file:/D:/a/key/key/key.core/build/libs/key.core-2.11.0.jar!/de/uka/ilkd/key/java/JavaRedux/java/lang/String.key 
10763      DEBUG Test worker     d.u.i.k.p.i.KeYFile       Read specifications obtained when parsing the Java files (usually JML and Strings.key) from jar:file:/D:/a/key/key/key.core/build/libs/key.core-2.11.0.jar!/de/uka/ilkd/key/java/JavaRedux/java/lang/String.key 
14203      DEBUG Test worker     d.u.i.k.p.i.KeYFile       Read specifications obtained when parsing the Java files (usually JML and Strings.key) from src\test\resources\testcase\smt\ce\middle.key 
16985      WARN  Test worker     d.u.i.k.p.i.ApplyStrategy doWork exception java.lang.AssertionError: null
	at de.uka.ilkd.key.proof.TacletAppIndex.sequentChanged(TacletAppIndex.java:309)

]]></system-out>
  <system-err><![CDATA[]]></system-err>
</testsuite>
