<?xml version="1.0" encoding="UTF-8"?>
<testsuite name="de.uka.ilkd.key.parser.TestJMLParserAssociativity" tests="1" skipped="0" failures="0" errors="0" timestamp="2023-02-09T13:41:57" hostname="fv-az456-795" time="33.155">
  <properties/>
  <testcase name="testLeftAssociativity()" classname="de.uka.ilkd.key.parser.TestJMLParserAssociativity" time="33.155"/>
  <system-out><![CDATA[]]></system-out>
  <system-err><![CDATA[]]></system-err>
</testsuite>
