<?xml version="1.0" encoding="UTF-8"?>
<testsuite name="de.uka.ilkd.key.rule.merge.MergeRuleTests" tests="11" skipped="0" failures="0" errors="0" timestamp="2023-02-09T13:45:45" hostname="fv-az456-795" time="81.955">
  <properties/>
  <testcase name="testDoManualGcdProof()" classname="de.uka.ilkd.key.rule.merge.MergeRuleTests" time="23.195"/>
  <testcase name="testLoadProofWithDiffVarsWithSameNameAndMPS()" classname="de.uka.ilkd.key.rule.merge.MergeRuleTests" time="3.753"/>
  <testcase name="testDoAutomaticGcdProofWithMergePointStatementAndBlockContract()" classname="de.uka.ilkd.key.rule.merge.MergeRuleTests" time="13.073"/>
  <testcase name="testLoadGcdProofWithPredAbstrAndUserChoices()" classname="de.uka.ilkd.key.rule.merge.MergeRuleTests" time="4.374"/>
  <testcase name="testLoadGcdProofWithPredAbstr()" classname="de.uka.ilkd.key.rule.merge.MergeRuleTests" time="4.892"/>
  <testcase name="testMergeThreeIndistinguishablePathConditionsWithITE()" classname="de.uka.ilkd.key.rule.merge.MergeRuleTests" time="3.368"/>
  <testcase name="testMergeIndistinguishablePathConditionsWithFullAnonymization()" classname="de.uka.ilkd.key.rule.merge.MergeRuleTests" time="3.359"/>
  <testcase name="testLoadClosedGcdProofWithMergePointStatements()" classname="de.uka.ilkd.key.rule.merge.MergeRuleTests" time="4.772"/>
  <testcase name="testMergeIndistinguishablePathConditionsWithITE()" classname="de.uka.ilkd.key.rule.merge.MergeRuleTests" time="3.499"/>
  <testcase name="testDoAutomaticGcdProofWithMergePointStatements()" classname="de.uka.ilkd.key.rule.merge.MergeRuleTests" time="13.062"/>
  <testcase name="testLoadGcdProof()" classname="de.uka.ilkd.key.rule.merge.MergeRuleTests" time="4.608"/>
  <system-out><![CDATA[]]></system-out>
  <system-err><![CDATA[]]></system-err>
</testsuite>
