<?xml version="1.0" encoding="UTF-8"?>
<testsuite name="de.uka.ilkd.key.util.pp.TestLayouter" tests="10" skipped="0" failures="0" errors="0" timestamp="2023-03-22T13:47:10" hostname="fv-az1131-757" time="0.003">
  <properties/>
  <testcase name="testNarrowInd()" classname="de.uka.ilkd.key.util.pp.TestLayouter" time="0.001"/>
  <testcase name="testNarrowPre()" classname="de.uka.ilkd.key.util.pp.TestLayouter" time="0.0"/>
  <testcase name="testWideConsistent()" classname="de.uka.ilkd.key.util.pp.TestLayouter" time="0.0"/>
  <testcase name="testMark()" classname="de.uka.ilkd.key.util.pp.TestLayouter" time="0.001"/>
  <testcase name="testSixInconsistent()" classname="de.uka.ilkd.key.util.pp.TestLayouter" time="0.0"/>
  <testcase name="testWideInconsistent()" classname="de.uka.ilkd.key.util.pp.TestLayouter" time="0.0"/>
  <testcase name="testNarrowInconsistent()" classname="de.uka.ilkd.key.util.pp.TestLayouter" time="0.0"/>
  <testcase name="testWideInd()" classname="de.uka.ilkd.key.util.pp.TestLayouter" time="0.001"/>
  <testcase name="testWidePre()" classname="de.uka.ilkd.key.util.pp.TestLayouter" time="0.0"/>
  <testcase name="testNarrowConsistent()" classname="de.uka.ilkd.key.util.pp.TestLayouter" time="0.0"/>
  <system-out><![CDATA[]]></system-out>
  <system-err><![CDATA[]]></system-err>
</testsuite>
