<?xml version="1.0" encoding="UTF-8"?>
<testsuite name="de.uka.ilkd.key.testcase.smt.testgen.TestTestgen" tests="1" skipped="0" failures="0" errors="0" timestamp="2023-05-26T13:52:05" hostname="fv-az811-346" time="4.276">
  <properties/>
  <testcase name="testMiddle()" classname="de.uka.ilkd.key.testcase.smt.testgen.TestTestgen" time="4.276"/>
  <system-out><![CDATA[14531      WARN  Test worker     d.u.i.k.t.s.t.TestTestgen Warning: Z3_CE is not installed, tests skipped. 
14531      WARN  Test worker     d.u.i.k.t.s.t.TestTestgen Maybe use JVM system property "z3SolverPath" to define the path to the Z3 command. 
14531      INFO  Test worker     d.u.i.k.p.i.AbstractProblemLoader Loading environment from src\test\resources\testcase\smt\tg\middle.key 
14531      DEBUG Test worker     d.u.i.k.p.i.AbstractProblemLoader Environment load took 298.6ns 
14546      INFO  Test worker     d.u.i.k.p.i.AbstractProblemLoader Creating init config 
18015      DEBUG Test worker     d.u.i.k.p.i.AbstractProblemLoader Init config took 3.48s 
18125      INFO  Test worker     d.u.i.k.p.i.AbstractProblemLoader Replaying proof Middle[Middle::middle(int,int,int)].JML normal_behavior operation contract.0 
18125      DEBUG Test worker     d.u.i.k.p.i.IntermediateProofReplayer Proof replay took 21ns 
]]></system-out>
  <system-err><![CDATA[]]></system-err>
</testsuite>
