<?xml version="1.0" encoding="UTF-8"?>
<testsuite name="de.uka.ilkd.key.proof.proverules.ProveRulesTest" tests="196" skipped="0" failures="0" errors="0" timestamp="2023-03-25T23:00:03" hostname="fv-az560-829" time="614.277">
  <properties/>
  <testcase name="eqTermCut" classname="de.uka.ilkd.key.proof.proverules.ProveRulesTest" time="3.686"/>
  <testcase name="equivAllRight" classname="de.uka.ilkd.key.proof.proverules.ProveRulesTest" time="3.396"/>
  <testcase name="irrflConcrete1" classname="de.uka.ilkd.key.proof.proverules.ProveRulesTest" time="3.238"/>
  <testcase name="irrflConcrete2" classname="de.uka.ilkd.key.proof.proverules.ProveRulesTest" time="3.163"/>
  <testcase name="cancel_gtPos" classname="de.uka.ilkd.key.proof.proverules.ProveRulesTest" time="3.168"/>
  <testcase name="cancel_gtNeg" classname="de.uka.ilkd.key.proof.proverules.ProveRulesTest" time="3.14"/>
  <testcase name="moduloIntIsInInt" classname="de.uka.ilkd.key.proof.proverules.ProveRulesTest" time="3.101"/>
  <testcase name="moduloLongIsInLong" classname="de.uka.ilkd.key.proof.proverules.ProveRulesTest" time="3.1"/>
  <testcase name="moduloShortIsInShort" classname="de.uka.ilkd.key.proof.proverules.ProveRulesTest" time="3.098"/>
  <testcase name="moduloByteIsInByte" classname="de.uka.ilkd.key.proof.proverules.ProveRulesTest" time="3.143"/>
  <testcase name="moduloCharIsInChar" classname="de.uka.ilkd.key.proof.proverules.ProveRulesTest" time="3.08"/>
  <testcase name="div_unique1" classname="de.uka.ilkd.key.proof.proverules.ProveRulesTest" time="3.117"/>
  <testcase name="div_unique2" classname="de.uka.ilkd.key.proof.proverules.ProveRulesTest" time="3.243"/>
  <testcase name="div_exists" classname="de.uka.ilkd.key.proof.proverules.ProveRulesTest" time="3.354"/>
  <testcase name="div_one" classname="de.uka.ilkd.key.proof.proverules.ProveRulesTest" time="3.084"/>
  <testcase name="jdiv_one" classname="de.uka.ilkd.key.proof.proverules.ProveRulesTest" time="3.084"/>
  <testcase name="div_zero" classname="de.uka.ilkd.key.proof.proverules.ProveRulesTest" time="3.12"/>
  <testcase name="divResZero1" classname="de.uka.ilkd.key.proof.proverules.ProveRulesTest" time="3.042"/>
  <testcase name="divResZero2" classname="de.uka.ilkd.key.proof.proverules.ProveRulesTest" time="3.039"/>
  <testcase name="divResOne1" classname="de.uka.ilkd.key.proof.proverules.ProveRulesTest" time="3.02"/>
  <testcase name="divResOne2" classname="de.uka.ilkd.key.proof.proverules.ProveRulesTest" time="3.127"/>
  <testcase name="div_cancel1" classname="de.uka.ilkd.key.proof.proverules.ProveRulesTest" time="3.062"/>
  <testcase name="div_cancel2" classname="de.uka.ilkd.key.proof.proverules.ProveRulesTest" time="3.021"/>
  <testcase name="divAddMultDenom" classname="de.uka.ilkd.key.proof.proverules.ProveRulesTest" time="3.087"/>
  <testcase name="divMinus" classname="de.uka.ilkd.key.proof.proverules.ProveRulesTest" time="3.076"/>
  <testcase name="divMinusDenom" classname="de.uka.ilkd.key.proof.proverules.ProveRulesTest" time="3.071"/>
  <testcase name="divLeastDPos" classname="de.uka.ilkd.key.proof.proverules.ProveRulesTest" time="3.025"/>
  <testcase name="divLeastDNeg" classname="de.uka.ilkd.key.proof.proverules.ProveRulesTest" time="3.042"/>
  <testcase name="divGreatestDPos" classname="de.uka.ilkd.key.proof.proverules.ProveRulesTest" time="3.022"/>
  <testcase name="divGreatestDNeg" classname="de.uka.ilkd.key.proof.proverules.ProveRulesTest" time="3.032"/>
  <testcase name="divIncreasingPos" classname="de.uka.ilkd.key.proof.proverules.ProveRulesTest" time="3.02"/>
  <testcase name="divIncreasingNeg" classname="de.uka.ilkd.key.proof.proverules.ProveRulesTest" time="3.036"/>
  <testcase name="jdiv_zero" classname="de.uka.ilkd.key.proof.proverules.ProveRulesTest" time="3.07"/>
  <testcase name="jdivPulloutMinusNum" classname="de.uka.ilkd.key.proof.proverules.ProveRulesTest" time="3.042"/>
  <testcase name="jdivPulloutMinusDenom" classname="de.uka.ilkd.key.proof.proverules.ProveRulesTest" time="3.081"/>
  <testcase name="jdiv_uniquePosPos" classname="de.uka.ilkd.key.proof.proverules.ProveRulesTest" time="3.039"/>
  <testcase name="jdiv_uniquePosNeg" classname="de.uka.ilkd.key.proof.proverules.ProveRulesTest" time="3.039"/>
  <testcase name="jdiv_uniqueNegPos" classname="de.uka.ilkd.key.proof.proverules.ProveRulesTest" time="3.037"/>
  <testcase name="jdiv_uniqueNegNeg" classname="de.uka.ilkd.key.proof.proverules.ProveRulesTest" time="3.029"/>
  <testcase name="jdivMultDenom1" classname="de.uka.ilkd.key.proof.proverules.ProveRulesTest" time="3.058"/>
  <testcase name="jdivMultDenom2" classname="de.uka.ilkd.key.proof.proverules.ProveRulesTest" time="3.006"/>
  <testcase name="mod_geZero" classname="de.uka.ilkd.key.proof.proverules.ProveRulesTest" time="3.02"/>
  <testcase name="mod_lessDenom" classname="de.uka.ilkd.key.proof.proverules.ProveRulesTest" time="3.012"/>
  <testcase name="jmod_NumPos" classname="de.uka.ilkd.key.proof.proverules.ProveRulesTest" time="3.014"/>
  <testcase name="jmod_NumNeg" classname="de.uka.ilkd.key.proof.proverules.ProveRulesTest" time="3.012"/>
  <testcase name="jmod_geZero" classname="de.uka.ilkd.key.proof.proverules.ProveRulesTest" time="3.021"/>
  <testcase name="jmodNumZero" classname="de.uka.ilkd.key.proof.proverules.ProveRulesTest" time="3.003"/>
  <testcase name="jmod_pulloutminusNum" classname="de.uka.ilkd.key.proof.proverules.ProveRulesTest" time="3.027"/>
  <testcase name="jmod_pulloutminusDenom" classname="de.uka.ilkd.key.proof.proverules.ProveRulesTest" time="2.997"/>
  <testcase name="jmodUnique1" classname="de.uka.ilkd.key.proof.proverules.ProveRulesTest" time="3.137"/>
  <testcase name="jmodUnique2" classname="de.uka.ilkd.key.proof.proverules.ProveRulesTest" time="3.119"/>
  <testcase name="intDivRem" classname="de.uka.ilkd.key.proof.proverules.ProveRulesTest" time="3.014"/>
  <testcase name="jmodjmod" classname="de.uka.ilkd.key.proof.proverules.ProveRulesTest" time="3.037"/>
  <testcase name="jmodDivisible" classname="de.uka.ilkd.key.proof.proverules.ProveRulesTest" time="3.037"/>
  <testcase name="jmodDivisibleRep" classname="de.uka.ilkd.key.proof.proverules.ProveRulesTest" time="3.017"/>
  <testcase name="jdivAddMultDenom" classname="de.uka.ilkd.key.proof.proverules.ProveRulesTest" time="3.183"/>
  <testcase name="jmodAltZero" classname="de.uka.ilkd.key.proof.proverules.ProveRulesTest" time="3.038"/>
  <testcase name="jmodAddMultDenomZero" classname="de.uka.ilkd.key.proof.proverules.ProveRulesTest" time="3.011"/>
  <testcase name="polyDiv_zero" classname="de.uka.ilkd.key.proof.proverules.ProveRulesTest" time="3.013"/>
  <testcase name="polyMod_ltdivDenom" classname="de.uka.ilkd.key.proof.proverules.ProveRulesTest" time="3.008"/>
  <testcase name="bsum_empty" classname="de.uka.ilkd.key.proof.proverules.ProveRulesTest" time="3.032"/>
  <testcase name="bsum_induction_upper" classname="de.uka.ilkd.key.proof.proverules.ProveRulesTest" time="3.001"/>
  <testcase name="bsum_induction_lower" classname="de.uka.ilkd.key.proof.proverules.ProveRulesTest" time="3.023"/>
  <testcase name="bsum_num_of_bounds" classname="de.uka.ilkd.key.proof.proverules.ProveRulesTest" time="3.013"/>
  <testcase name="bsum_num_of_bounds2" classname="de.uka.ilkd.key.proof.proverules.ProveRulesTest" time="3.051"/>
  <testcase name="bsum_induction_upper2" classname="de.uka.ilkd.key.proof.proverules.ProveRulesTest" time="2.993"/>
  <testcase name="bsum_induction_upper_concrete" classname="de.uka.ilkd.key.proof.proverules.ProveRulesTest" time="3.001"/>
  <testcase name="bsum_induction_upper_concrete_2" classname="de.uka.ilkd.key.proof.proverules.ProveRulesTest" time="2.994"/>
  <testcase name="bsum_induction_upper2_concrete" classname="de.uka.ilkd.key.proof.proverules.ProveRulesTest" time="3.003"/>
  <testcase name="bsum_induction_lower_concrete" classname="de.uka.ilkd.key.proof.proverules.ProveRulesTest" time="2.989"/>
  <testcase name="bsum_induction_lower2" classname="de.uka.ilkd.key.proof.proverules.ProveRulesTest" time="2.999"/>
  <testcase name="bsum_induction_lower2_concrete" classname="de.uka.ilkd.key.proof.proverules.ProveRulesTest" time="2.986"/>
  <testcase name="bsum_positive" classname="de.uka.ilkd.key.proof.proverules.ProveRulesTest" time="3.071"/>
  <testcase name="bsum_upper_bound" classname="de.uka.ilkd.key.proof.proverules.ProveRulesTest" time="3.053"/>
  <testcase name="bsum_lower_bound" classname="de.uka.ilkd.key.proof.proverules.ProveRulesTest" time="3.058"/>
  <testcase name="bsum_positive_lower_bound_element" classname="de.uka.ilkd.key.proof.proverules.ProveRulesTest" time="3.051"/>
  <testcase name="bsum_sub_same_index" classname="de.uka.ilkd.key.proof.proverules.ProveRulesTest" time="3.03"/>
  <testcase name="bsum_less_same_index" classname="de.uka.ilkd.key.proof.proverules.ProveRulesTest" time="3.061"/>
  <testcase name="bsum_equal_except_one_index" classname="de.uka.ilkd.key.proof.proverules.ProveRulesTest" time="3.042"/>
  <testcase name="bsum_num_of_is_max" classname="de.uka.ilkd.key.proof.proverules.ProveRulesTest" time="3.028"/>
  <testcase name="bsum_num_of_is_max2" classname="de.uka.ilkd.key.proof.proverules.ProveRulesTest" time="3.032"/>
  <testcase name="bsum_num_of_is_max3" classname="de.uka.ilkd.key.proof.proverules.ProveRulesTest" time="3.019"/>
  <testcase name="bsum_num_of_is_max4" classname="de.uka.ilkd.key.proof.proverules.ProveRulesTest" time="3.03"/>
  <testcase name="bsum_num_of_lt_max" classname="de.uka.ilkd.key.proof.proverules.ProveRulesTest" time="3.021"/>
  <testcase name="bsum_num_of_lt_max2" classname="de.uka.ilkd.key.proof.proverules.ProveRulesTest" time="3.029"/>
  <testcase name="bsum_num_of_lt_max3" classname="de.uka.ilkd.key.proof.proverules.ProveRulesTest" time="3.053"/>
  <testcase name="bsum_num_of_lt_max4" classname="de.uka.ilkd.key.proof.proverules.ProveRulesTest" time="3.022"/>
  <testcase name="bsum_num_of_gt0" classname="de.uka.ilkd.key.proof.proverules.ProveRulesTest" time="3.04"/>
  <testcase name="bsum_num_of_gt0_alt" classname="de.uka.ilkd.key.proof.proverules.ProveRulesTest" time="3.02"/>
  <testcase name="bsum_add_concrete" classname="de.uka.ilkd.key.proof.proverules.ProveRulesTest" time="3.019"/>
  <testcase name="bprod_all_positive" classname="de.uka.ilkd.key.proof.proverules.ProveRulesTest" time="3.008"/>
  <testcase name="bprod_split" classname="de.uka.ilkd.key.proof.proverules.ProveRulesTest" time="3.125"/>
  <testcase name="powConcrete0" classname="de.uka.ilkd.key.proof.proverules.ProveRulesTest" time="3.107"/>
  <testcase name="powConcrete1" classname="de.uka.ilkd.key.proof.proverules.ProveRulesTest" time="3.01"/>
  <testcase name="powSplitFactor" classname="de.uka.ilkd.key.proof.proverules.ProveRulesTest" time="2.999"/>
  <testcase name="powAdd" classname="de.uka.ilkd.key.proof.proverules.ProveRulesTest" time="3.011"/>
  <testcase name="powMono" classname="de.uka.ilkd.key.proof.proverules.ProveRulesTest" time="3.0"/>
  <testcase name="powMonoConcrete" classname="de.uka.ilkd.key.proof.proverules.ProveRulesTest" time="3.007"/>
  <testcase name="powMonoConcreteRight" classname="de.uka.ilkd.key.proof.proverules.ProveRulesTest" time="2.987"/>
  <testcase name="powPositive" classname="de.uka.ilkd.key.proof.proverules.ProveRulesTest" time="3.006"/>
  <testcase name="powPositiveConcrete" classname="de.uka.ilkd.key.proof.proverules.ProveRulesTest" time="2.987"/>
  <testcase name="powGeq1Concrete" classname="de.uka.ilkd.key.proof.proverules.ProveRulesTest" time="3.025"/>
  <testcase name="pow2InIntLower" classname="de.uka.ilkd.key.proof.proverules.ProveRulesTest" time="2.978"/>
  <testcase name="pow2InIntUpper" classname="de.uka.ilkd.key.proof.proverules.ProveRulesTest" time="2.996"/>
  <testcase name="logSelfConcrete" classname="de.uka.ilkd.key.proof.proverules.ProveRulesTest" time="2.981"/>
  <testcase name="log1Concrete" classname="de.uka.ilkd.key.proof.proverules.ProveRulesTest" time="2.991"/>
  <testcase name="logProduct" classname="de.uka.ilkd.key.proof.proverules.ProveRulesTest" time="2.983"/>
  <testcase name="logTimesBaseConcrete" classname="de.uka.ilkd.key.proof.proverules.ProveRulesTest" time="2.998"/>
  <testcase name="logProdIdentity" classname="de.uka.ilkd.key.proof.proverules.ProveRulesTest" time="3.017"/>
  <testcase name="logProdIdentityConcrete" classname="de.uka.ilkd.key.proof.proverules.ProveRulesTest" time="2.996"/>
  <testcase name="logPowIdentity" classname="de.uka.ilkd.key.proof.proverules.ProveRulesTest" time="2.997"/>
  <testcase name="logPowIdentityConcrete" classname="de.uka.ilkd.key.proof.proverules.ProveRulesTest" time="2.979"/>
  <testcase name="logPositive" classname="de.uka.ilkd.key.proof.proverules.ProveRulesTest" time="3.015"/>
  <testcase name="logPositiveConcrete" classname="de.uka.ilkd.key.proof.proverules.ProveRulesTest" time="3.005"/>
  <testcase name="logMono" classname="de.uka.ilkd.key.proof.proverules.ProveRulesTest" time="3.046"/>
  <testcase name="logMonoConcrete" classname="de.uka.ilkd.key.proof.proverules.ProveRulesTest" time="3.004"/>
  <testcase name="powLogLess" classname="de.uka.ilkd.key.proof.proverules.ProveRulesTest" time="3.018"/>
  <testcase name="powLogMore2" classname="de.uka.ilkd.key.proof.proverules.ProveRulesTest" time="3.006"/>
  <testcase name="logLessThanPow" classname="de.uka.ilkd.key.proof.proverules.ProveRulesTest" time="3.052"/>
  <testcase name="logLessThanPowConcrete" classname="de.uka.ilkd.key.proof.proverules.ProveRulesTest" time="3.005"/>
  <testcase name="logSqueeze" classname="de.uka.ilkd.key.proof.proverules.ProveRulesTest" time="2.997"/>
  <testcase name="ifthenelse_equals" classname="de.uka.ilkd.key.proof.proverules.ProveRulesTest" time="2.987"/>
  <testcase name="ifthenelse_equals_1" classname="de.uka.ilkd.key.proof.proverules.ProveRulesTest" time="2.993"/>
  <testcase name="ifthenelse_equals_2" classname="de.uka.ilkd.key.proof.proverules.ProveRulesTest" time="3.001"/>
  <testcase name="disjointWithSingleton1" classname="de.uka.ilkd.key.proof.proverules.ProveRulesTest" time="3.018"/>
  <testcase name="disjointWithSingleton2" classname="de.uka.ilkd.key.proof.proverules.ProveRulesTest" time="2.989"/>
  <testcase name="disjointArrayRanges" classname="de.uka.ilkd.key.proof.proverules.ProveRulesTest" time="3.004"/>
  <testcase name="disjointArrayRangeAllFields1" classname="de.uka.ilkd.key.proof.proverules.ProveRulesTest" time="3.017"/>
  <testcase name="disjointArrayRangeAllFields2" classname="de.uka.ilkd.key.proof.proverules.ProveRulesTest" time="3.015"/>
  <testcase name="seqSelfDefinition" classname="de.uka.ilkd.key.proof.proverules.ProveRulesTest" time="3.036"/>
  <testcase name="seqOutsideValue" classname="de.uka.ilkd.key.proof.proverules.ProveRulesTest" time="3.009"/>
  <testcase name="castedGetAny" classname="de.uka.ilkd.key.proof.proverules.ProveRulesTest" time="3.02"/>
  <testcase name="seqGetAlphaCast" classname="de.uka.ilkd.key.proof.proverules.ProveRulesTest" time="2.995"/>
  <testcase name="getOfSeqSingleton" classname="de.uka.ilkd.key.proof.proverules.ProveRulesTest" time="3.011"/>
  <testcase name="getOfSeqSingletonConcrete" classname="de.uka.ilkd.key.proof.proverules.ProveRulesTest" time="3.008"/>
  <testcase name="getOfSeqConcat" classname="de.uka.ilkd.key.proof.proverules.ProveRulesTest" time="3.017"/>
  <testcase name="getOfSeqSub" classname="de.uka.ilkd.key.proof.proverules.ProveRulesTest" time="3.024"/>
  <testcase name="getOfSeqReverse" classname="de.uka.ilkd.key.proof.proverules.ProveRulesTest" time="3.017"/>
  <testcase name="lenOfSeqEmpty" classname="de.uka.ilkd.key.proof.proverules.ProveRulesTest" time="3.005"/>
  <testcase name="lenOfSeqSingleton" classname="de.uka.ilkd.key.proof.proverules.ProveRulesTest" time="3.001"/>
  <testcase name="lenOfSeqConcat" classname="de.uka.ilkd.key.proof.proverules.ProveRulesTest" time="3.001"/>
  <testcase name="lenOfSeqSub" classname="de.uka.ilkd.key.proof.proverules.ProveRulesTest" time="3.006"/>
  <testcase name="lenOfSeqReverse" classname="de.uka.ilkd.key.proof.proverules.ProveRulesTest" time="2.995"/>
  <testcase name="equalityToSeqGetAndSeqLenLeft" classname="de.uka.ilkd.key.proof.proverules.ProveRulesTest" time="3.011"/>
  <testcase name="equalityToSeqGetAndSeqLenRight" classname="de.uka.ilkd.key.proof.proverules.ProveRulesTest" time="3.006"/>
  <testcase name="getOfSeqSingletonEQ" classname="de.uka.ilkd.key.proof.proverules.ProveRulesTest" time="3.005"/>
  <testcase name="getOfSeqConcatEQ" classname="de.uka.ilkd.key.proof.proverules.ProveRulesTest" time="3.021"/>
  <testcase name="getOfSeqSubEQ" classname="de.uka.ilkd.key.proof.proverules.ProveRulesTest" time="3.004"/>
  <testcase name="getOfSeqReverseEQ" classname="de.uka.ilkd.key.proof.proverules.ProveRulesTest" time="3.007"/>
  <testcase name="lenOfSeqEmptyEQ" classname="de.uka.ilkd.key.proof.proverules.ProveRulesTest" time="3.006"/>
  <testcase name="lenOfSeqSingletonEQ" classname="de.uka.ilkd.key.proof.proverules.ProveRulesTest" time="3.01"/>
  <testcase name="lenOfSeqConcatEQ" classname="de.uka.ilkd.key.proof.proverules.ProveRulesTest" time="3.01"/>
  <testcase name="lenOfSeqSubEQ" classname="de.uka.ilkd.key.proof.proverules.ProveRulesTest" time="2.999"/>
  <testcase name="lenOfSeqReverseEQ" classname="de.uka.ilkd.key.proof.proverules.ProveRulesTest" time="3.001"/>
  <testcase name="getOfSeqDefEQ" classname="de.uka.ilkd.key.proof.proverules.ProveRulesTest" time="3.006"/>
  <testcase name="lenOfSeqDefEQ" classname="de.uka.ilkd.key.proof.proverules.ProveRulesTest" time="3.008"/>
  <testcase name="seqConcatWithSeqEmpty1" classname="de.uka.ilkd.key.proof.proverules.ProveRulesTest" time="3.03"/>
  <testcase name="seqConcatWithSeqEmpty2" classname="de.uka.ilkd.key.proof.proverules.ProveRulesTest" time="3.013"/>
  <testcase name="seqReverseOfSeqEmpty" classname="de.uka.ilkd.key.proof.proverules.ProveRulesTest" time="3.003"/>
  <testcase name="subSeqComplete" classname="de.uka.ilkd.key.proof.proverules.ProveRulesTest" time="3.006"/>
  <testcase name="subSeqTailR" classname="de.uka.ilkd.key.proof.proverules.ProveRulesTest" time="3.037"/>
  <testcase name="subSeqTailL" classname="de.uka.ilkd.key.proof.proverules.ProveRulesTest" time="3.029"/>
  <testcase name="subSeqTailEQR" classname="de.uka.ilkd.key.proof.proverules.ProveRulesTest" time="3.05"/>
  <testcase name="subSeqTailEQL" classname="de.uka.ilkd.key.proof.proverules.ProveRulesTest" time="3.029"/>
  <testcase name="seqDef_split" classname="de.uka.ilkd.key.proof.proverules.ProveRulesTest" time="3.053"/>
  <testcase name="seqDef_induction_upper" classname="de.uka.ilkd.key.proof.proverules.ProveRulesTest" time="3.063"/>
  <testcase name="seqDef_induction_upper_concrete" classname="de.uka.ilkd.key.proof.proverules.ProveRulesTest" time="3.045"/>
  <testcase name="seqDef_induction_lower" classname="de.uka.ilkd.key.proof.proverules.ProveRulesTest" time="3.051"/>
  <testcase name="seqDef_induction_lower_concrete" classname="de.uka.ilkd.key.proof.proverules.ProveRulesTest" time="3.064"/>
  <testcase name="seqDef_split_in_three" classname="de.uka.ilkd.key.proof.proverules.ProveRulesTest" time="3.242"/>
  <testcase name="seqDef_empty" classname="de.uka.ilkd.key.proof.proverules.ProveRulesTest" time="3.028"/>
  <testcase name="seqDef_one_summand" classname="de.uka.ilkd.key.proof.proverules.ProveRulesTest" time="3.029"/>
  <testcase name="seqDef_lower_equals_upper" classname="de.uka.ilkd.key.proof.proverules.ProveRulesTest" time="3.007"/>
  <testcase name="seqDefOfSeq" classname="de.uka.ilkd.key.proof.proverules.ProveRulesTest" time="3.033"/>
  <testcase name="seqSelfDefinitionEQ2" classname="de.uka.ilkd.key.proof.proverules.ProveRulesTest" time="3.01"/>
  <testcase name="indexOfSeqSingleton" classname="de.uka.ilkd.key.proof.proverules.ProveRulesTest" time="3.019"/>
  <testcase name="indexOfSeqConcatFirst" classname="de.uka.ilkd.key.proof.proverules.ProveRulesTest" time="3.072"/>
  <testcase name="indexOfSeqConcatSecond" classname="de.uka.ilkd.key.proof.proverules.ProveRulesTest" time="3.051"/>
  <testcase name="indexOfSeqSub" classname="de.uka.ilkd.key.proof.proverules.ProveRulesTest" time="3.031"/>
  <testcase name="lenOfArray2seq" classname="de.uka.ilkd.key.proof.proverules.ProveRulesTest" time="3.014"/>
  <testcase name="getAnyOfArray2seq" classname="de.uka.ilkd.key.proof.proverules.ProveRulesTest" time="3.015"/>
  <testcase name="getOfArray2seq" classname="de.uka.ilkd.key.proof.proverules.ProveRulesTest" time="3.013"/>
  <testcase name="getAnyOfNPermInv" classname="de.uka.ilkd.key.proof.proverules.ProveRulesTest" time="3.022"/>
  <testcase name="seqNPermRange" classname="de.uka.ilkd.key.proof.proverules.ProveRulesTest" time="3.087"/>
  <testcase name="seqPermTrans" classname="de.uka.ilkd.key.proof.proverules.ProveRulesTest" time="3.107"/>
  <testcase name="seqPermRefl" classname="de.uka.ilkd.key.proof.proverules.ProveRulesTest" time="3.062"/>
  <testcase name="seqPermSplit" classname="de.uka.ilkd.key.proof.proverules.ProveRulesTest" time="3.018"/>
  <testcase name="seqNPermRight" classname="de.uka.ilkd.key.proof.proverules.ProveRulesTest" time="3.355"/>
  <testcase name="seqPermFromSwap" classname="de.uka.ilkd.key.proof.proverules.ProveRulesTest" time="3.263"/>
  <testcase name="seqPermTransAlt0" classname="de.uka.ilkd.key.proof.proverules.ProveRulesTest" time="3.023"/>
  <testcase name="seqPermTransAlt1" classname="de.uka.ilkd.key.proof.proverules.ProveRulesTest" time="2.994"/>
  <testcase name="seqPermTransAlt2" classname="de.uka.ilkd.key.proof.proverules.ProveRulesTest" time="2.997"/>
  <testcase name="seqPermTransAlt3" classname="de.uka.ilkd.key.proof.proverules.ProveRulesTest" time="3.011"/>
  <testcase name="schiffl_lemma_2" classname="de.uka.ilkd.key.proof.proverules.ProveRulesTest" time="19.684"/>
  <testcase name="schiffl_thm_1" classname="de.uka.ilkd.key.proof.proverules.ProveRulesTest" time="3.789"/>
  <testcase name="eqSameSeq" classname="de.uka.ilkd.key.proof.proverules.ProveRulesTest" time="3.252"/>
  <system-out><![CDATA[583        WARN  Test worker     d.u.i.k.s.ProofSettings   No proof-settings could be loaded, using defaults java.io.FileNotFoundException: /home/runner/.key/proof-settings.props (No such file or directory)
	at java.base/java.io.FileInputStream.open0(Native Method)

10533      INFO  Test worker     d.u.i.k.t.l.TacletProofObligationInput Proof obligation for taclet: eqTermCut 
14046      INFO  Test worker     d.u.i.k.t.l.TacletProofObligationInput Proof obligation for taclet: equivAllRight 
17340      INFO  Test worker     d.u.i.k.t.l.TacletProofObligationInput Proof obligation for taclet: irrflConcrete1 
20516      INFO  Test worker     d.u.i.k.t.l.TacletProofObligationInput Proof obligation for taclet: irrflConcrete2 
23650      INFO  Test worker     d.u.i.k.t.l.TacletProofObligationInput Proof obligation for taclet: cancel_gtPos 
26845      INFO  Test worker     d.u.i.k.t.l.TacletProofObligationInput Proof obligation for taclet: cancel_gtNeg 
29937      INFO  Test worker     d.u.i.k.t.l.TacletProofObligationInput Proof obligation for taclet: moduloIntIsInInt 
33067      INFO  Test worker     d.u.i.k.t.l.TacletProofObligationInput Proof obligation for taclet: moduloLongIsInLong 
36144      INFO  Test worker     d.u.i.k.t.l.TacletProofObligationInput Proof obligation for taclet: moduloShortIsInShort 
39331      INFO  Test worker     d.u.i.k.t.l.TacletProofObligationInput Proof obligation for taclet: moduloByteIsInByte 
42399      INFO  Test worker     d.u.i.k.t.l.TacletProofObligationInput Proof obligation for taclet: moduloCharIsInChar 
45462      INFO  Test worker     d.u.i.k.t.l.TacletProofObligationInput Proof obligation for taclet: div_unique1 
48623      INFO  Test worker     d.u.i.k.t.l.TacletProofObligationInput Proof obligation for taclet: div_unique2 
51817      INFO  Test worker     d.u.i.k.t.l.TacletProofObligationInput Proof obligation for taclet: div_exists 
55183      INFO  Test worker     d.u.i.k.t.l.TacletProofObligationInput Proof obligation for taclet: div_one 
58306      INFO  Test worker     d.u.i.k.t.l.TacletProofObligationInput Proof obligation for taclet: jdiv_one 
61337      INFO  Test worker     d.u.i.k.t.l.TacletProofObligationInput Proof obligation for taclet: div_zero 
64454      INFO  Test worker     d.u.i.k.t.l.TacletProofObligationInput Proof obligation for taclet: divResZero1 
67483      INFO  Test worker     d.u.i.k.t.l.TacletProofObligationInput Proof obligation for taclet: divResZero2 
70517      INFO  Test worker     d.u.i.k.t.l.TacletProofObligationInput Proof obligation for taclet: divResOne1 
73615      INFO  Test worker     d.u.i.k.t.l.TacletProofObligationInput Proof obligation for taclet: divResOne2 
76677      INFO  Test worker     d.u.i.k.t.l.TacletProofObligationInput Proof obligation for taclet: div_cancel1 
79722      INFO  Test worker     d.u.i.k.t.l.TacletProofObligationInput Proof obligation for taclet: div_cancel2 
82760      INFO  Test worker     d.u.i.k.t.l.TacletProofObligationInput Proof obligation for taclet: divAddMultDenom 
85830      INFO  Test worker     d.u.i.k.t.l.TacletProofObligationInput Proof obligation for taclet: divMinus 
88918      INFO  Test worker     d.u.i.k.t.l.TacletProofObligationInput Proof obligation for taclet: divMinusDenom 
91976      INFO  Test worker     d.u.i.k.t.l.TacletProofObligationInput Proof obligation for taclet: divLeastDPos 
95013      INFO  Test worker     d.u.i.k.t.l.TacletProofObligationInput Proof obligation for taclet: divLeastDNeg 
98040      INFO  Test worker     d.u.i.k.t.l.TacletProofObligationInput Proof obligation for taclet: divGreatestDPos 
101075     INFO  Test worker     d.u.i.k.t.l.TacletProofObligationInput Proof obligation for taclet: divGreatestDNeg 
104094     INFO  Test worker     d.u.i.k.t.l.TacletProofObligationInput Proof obligation for taclet: divIncreasingPos 
107124     INFO  Test worker     d.u.i.k.t.l.TacletProofObligationInput Proof obligation for taclet: divIncreasingNeg 
110204     INFO  Test worker     d.u.i.k.t.l.TacletProofObligationInput Proof obligation for taclet: jdiv_zero 
113230     INFO  Test worker     d.u.i.k.t.l.TacletProofObligationInput Proof obligation for taclet: jdivPulloutMinusNum 
116274     INFO  Test worker     d.u.i.k.t.l.TacletProofObligationInput Proof obligation for taclet: jdivPulloutMinusDenom 
119349     INFO  Test worker     d.u.i.k.t.l.TacletProofObligationInput Proof obligation for taclet: jdiv_uniquePosPos 
122379     INFO  Test worker     d.u.i.k.t.l.TacletProofObligationInput Proof obligation for taclet: jdiv_uniquePosNeg 
125427     INFO  Test worker     d.u.i.k.t.l.TacletProofObligationInput Proof obligation for taclet: jdiv_uniqueNegPos 
128455     INFO  Test worker     d.u.i.k.t.l.TacletProofObligationInput Proof obligation for taclet: jdiv_uniqueNegNeg 
131494     INFO  Test worker     d.u.i.k.t.l.TacletProofObligationInput Proof obligation for taclet: jdivMultDenom1 
134529     INFO  Test worker     d.u.i.k.t.l.TacletProofObligationInput Proof obligation for taclet: jdivMultDenom2 
137553     INFO  Test worker     d.u.i.k.t.l.TacletProofObligationInput Proof obligation for taclet: mod_geZero 
140558     INFO  Test worker     d.u.i.k.t.l.TacletProofObligationInput Proof obligation for taclet: mod_lessDenom 
143584     INFO  Test worker     d.u.i.k.t.l.TacletProofObligationInput Proof obligation for taclet: jmod_NumPos 
146586     INFO  Test worker     d.u.i.k.t.l.TacletProofObligationInput Proof obligation for taclet: jmod_NumNeg 
149618     INFO  Test worker     d.u.i.k.t.l.TacletProofObligationInput Proof obligation for taclet: jmod_geZero 
152618     INFO  Test worker     d.u.i.k.t.l.TacletProofObligationInput Proof obligation for taclet: jmodNumZero 
155651     INFO  Test worker     d.u.i.k.t.l.TacletProofObligationInput Proof obligation for taclet: jmod_pulloutminusNum 
158648     INFO  Test worker     d.u.i.k.t.l.TacletProofObligationInput Proof obligation for taclet: jmod_pulloutminusDenom 
161669     INFO  Test worker     d.u.i.k.t.l.TacletProofObligationInput Proof obligation for taclet: jmodUnique1 
164800     INFO  Test worker     d.u.i.k.t.l.TacletProofObligationInput Proof obligation for taclet: jmodUnique2 
167920     INFO  Test worker     d.u.i.k.t.l.TacletProofObligationInput Proof obligation for taclet: intDivRem 
170927     INFO  Test worker     d.u.i.k.t.l.TacletProofObligationInput Proof obligation for taclet: jmodjmod 
173965     INFO  Test worker     d.u.i.k.t.l.TacletProofObligationInput Proof obligation for taclet: jmodDivisible 
177021     INFO  Test worker     d.u.i.k.t.l.TacletProofObligationInput Proof obligation for taclet: jmodDivisibleRep 
180020     INFO  Test worker     d.u.i.k.t.l.TacletProofObligationInput Proof obligation for taclet: jdivAddMultDenom 
183211     INFO  Test worker     d.u.i.k.t.l.TacletProofObligationInput Proof obligation for taclet: jmodAltZero 
186227     INFO  Test worker     d.u.i.k.t.l.TacletProofObligationInput Proof obligation for taclet: jmodAddMultDenomZero 
189244     INFO  Test worker     d.u.i.k.t.l.TacletProofObligationInput Proof obligation for taclet: polyDiv_zero 
192246     INFO  Test worker     d.u.i.k.t.l.TacletProofObligationInput Proof obligation for taclet: polyMod_ltdivDenom 
195280     INFO  Test worker     d.u.i.k.t.l.TacletProofObligationInput Proof obligation for taclet: bsum_empty 
198298     INFO  Test worker     d.u.i.k.t.l.TacletProofObligationInput Proof obligation for taclet: bsum_induction_upper 
201295     INFO  Test worker     d.u.i.k.t.l.TacletProofObligationInput Proof obligation for taclet: bsum_induction_lower 
204314     INFO  Test worker     d.u.i.k.t.l.TacletProofObligationInput Proof obligation for taclet: bsum_num_of_bounds 
207370     INFO  Test worker     d.u.i.k.t.l.TacletProofObligationInput Proof obligation for taclet: bsum_num_of_bounds2 
210381     INFO  Test worker     d.u.i.k.t.l.TacletProofObligationInput Proof obligation for taclet: bsum_induction_upper2 
213377     INFO  Test worker     d.u.i.k.t.l.TacletProofObligationInput Proof obligation for taclet: bsum_induction_upper_concrete 
216373     INFO  Test worker     d.u.i.k.t.l.TacletProofObligationInput Proof obligation for taclet: bsum_induction_upper_concrete_2 
219378     INFO  Test worker     d.u.i.k.t.l.TacletProofObligationInput Proof obligation for taclet: bsum_induction_upper2_concrete 
222371     INFO  Test worker     d.u.i.k.t.l.TacletProofObligationInput Proof obligation for taclet: bsum_induction_lower_concrete 
225363     INFO  Test worker     d.u.i.k.t.l.TacletProofObligationInput Proof obligation for taclet: bsum_induction_lower2 
228354     INFO  Test worker     d.u.i.k.t.l.TacletProofObligationInput Proof obligation for taclet: bsum_induction_lower2_concrete 
231356     INFO  Test worker     d.u.i.k.t.l.TacletProofObligationInput Proof obligation for taclet: bsum_positive 
234423     INFO  Test worker     d.u.i.k.t.l.TacletProofObligationInput Proof obligation for taclet: bsum_upper_bound 
237503     INFO  Test worker     d.u.i.k.t.l.TacletProofObligationInput Proof obligation for taclet: bsum_lower_bound 
240525     INFO  Test worker     d.u.i.k.t.l.TacletProofObligationInput Proof obligation for taclet: bsum_positive_lower_bound_element 
243589     INFO  Test worker     d.u.i.k.t.l.TacletProofObligationInput Proof obligation for taclet: bsum_sub_same_index 
246611     INFO  Test worker     d.u.i.k.t.l.TacletProofObligationInput Proof obligation for taclet: bsum_less_same_index 
249683     INFO  Test worker     d.u.i.k.t.l.TacletProofObligationInput Proof obligation for taclet: bsum_equal_except_one_index 
252733     INFO  Test worker     d.u.i.k.t.l.TacletProofObligationInput Proof obligation for taclet: bsum_num_of_is_max 
255757     INFO  Test worker     d.u.i.k.t.l.TacletProofObligationInput Proof obligation for taclet: bsum_num_of_is_max2 
258793     INFO  Test worker     d.u.i.k.t.l.TacletProofObligationInput Proof obligation for taclet: bsum_num_of_is_max3 
261802     INFO  Test worker     d.u.i.k.t.l.TacletProofObligationInput Proof obligation for taclet: bsum_num_of_is_max4 
264829     INFO  Test worker     d.u.i.k.t.l.TacletProofObligationInput Proof obligation for taclet: bsum_num_of_lt_max 
267848     INFO  Test worker     d.u.i.k.t.l.TacletProofObligationInput Proof obligation for taclet: bsum_num_of_lt_max2 
270881     INFO  Test worker     d.u.i.k.t.l.TacletProofObligationInput Proof obligation for taclet: bsum_num_of_lt_max3 
273926     INFO  Test worker     d.u.i.k.t.l.TacletProofObligationInput Proof obligation for taclet: bsum_num_of_lt_max4 
276959     INFO  Test worker     d.u.i.k.t.l.TacletProofObligationInput Proof obligation for taclet: bsum_num_of_gt0 
279993     INFO  Test worker     d.u.i.k.t.l.TacletProofObligationInput Proof obligation for taclet: bsum_num_of_gt0_alt 
283026     INFO  Test worker     d.u.i.k.t.l.TacletProofObligationInput Proof obligation for taclet: bsum_add_concrete 
286026     INFO  Test worker     d.u.i.k.t.l.TacletProofObligationInput Proof obligation for taclet: bprod_all_positive 
289086     INFO  Test worker     d.u.i.k.t.l.TacletProofObligationInput Proof obligation for taclet: bprod_split 
292245     INFO  Test worker     d.u.i.k.t.l.TacletProofObligationInput Proof obligation for taclet: powConcrete0 
295283     INFO  Test worker     d.u.i.k.t.l.TacletProofObligationInput Proof obligation for taclet: powConcrete1 
298280     INFO  Test worker     d.u.i.k.t.l.TacletProofObligationInput Proof obligation for taclet: powSplitFactor 
301289     INFO  Test worker     d.u.i.k.t.l.TacletProofObligationInput Proof obligation for taclet: powAdd 
304282     INFO  Test worker     d.u.i.k.t.l.TacletProofObligationInput Proof obligation for taclet: powMono 
307298     INFO  Test worker     d.u.i.k.t.l.TacletProofObligationInput Proof obligation for taclet: powMonoConcrete 
310288     INFO  Test worker     d.u.i.k.t.l.TacletProofObligationInput Proof obligation for taclet: powMonoConcreteRight 
313290     INFO  Test worker     d.u.i.k.t.l.TacletProofObligationInput Proof obligation for taclet: powPositive 
316285     INFO  Test worker     d.u.i.k.t.l.TacletProofObligationInput Proof obligation for taclet: powPositiveConcrete 
319307     INFO  Test worker     d.u.i.k.t.l.TacletProofObligationInput Proof obligation for taclet: powGeq1Concrete 
322288     INFO  Test worker     d.u.i.k.t.l.TacletProofObligationInput Proof obligation for taclet: pow2InIntLower 
325281     INFO  Test worker     d.u.i.k.t.l.TacletProofObligationInput Proof obligation for taclet: pow2InIntUpper 
328260     INFO  Test worker     d.u.i.k.t.l.TacletProofObligationInput Proof obligation for taclet: logSelfConcrete 
331252     INFO  Test worker     d.u.i.k.t.l.TacletProofObligationInput Proof obligation for taclet: log1Concrete 
334245     INFO  Test worker     d.u.i.k.t.l.TacletProofObligationInput Proof obligation for taclet: logProduct 
337231     INFO  Test worker     d.u.i.k.t.l.TacletProofObligationInput Proof obligation for taclet: logTimesBaseConcrete 
340231     INFO  Test worker     d.u.i.k.t.l.TacletProofObligationInput Proof obligation for taclet: logProdIdentity 
343240     INFO  Test worker     d.u.i.k.t.l.TacletProofObligationInput Proof obligation for taclet: logProdIdentityConcrete 
346244     INFO  Test worker     d.u.i.k.t.l.TacletProofObligationInput Proof obligation for taclet: logPowIdentity 
349238     INFO  Test worker     d.u.i.k.t.l.TacletProofObligationInput Proof obligation for taclet: logPowIdentityConcrete 
352219     INFO  Test worker     d.u.i.k.t.l.TacletProofObligationInput Proof obligation for taclet: logPositive 
355242     INFO  Test worker     d.u.i.k.t.l.TacletProofObligationInput Proof obligation for taclet: logPositiveConcrete 
358225     INFO  Test worker     d.u.i.k.t.l.TacletProofObligationInput Proof obligation for taclet: logMono 
361292     INFO  Test worker     d.u.i.k.t.l.TacletProofObligationInput Proof obligation for taclet: logMonoConcrete 
364288     INFO  Test worker     d.u.i.k.t.l.TacletProofObligationInput Proof obligation for taclet: powLogLess 
367311     INFO  Test worker     d.u.i.k.t.l.TacletProofObligationInput Proof obligation for taclet: powLogMore2 
370311     INFO  Test worker     d.u.i.k.t.l.TacletProofObligationInput Proof obligation for taclet: logLessThanPow 
373374     INFO  Test worker     d.u.i.k.t.l.TacletProofObligationInput Proof obligation for taclet: logLessThanPowConcrete 
376366     INFO  Test worker     d.u.i.k.t.l.TacletProofObligationInput Proof obligation for taclet: logSqueeze 
379369     INFO  Test worker     d.u.i.k.t.l.TacletProofObligationInput Proof obligation for taclet: ifthenelse_equals 
382351     INFO  Test worker     d.u.i.k.t.l.TacletProofObligationInput Proof obligation for taclet: ifthenelse_equals_1 
385353     INFO  Test worker     d.u.i.k.t.l.TacletProofObligationInput Proof obligation for taclet: ifthenelse_equals_2 
388367     INFO  Test worker     d.u.i.k.t.l.TacletProofObligationInput Proof obligation for taclet: disjointWithSingleton1 
391369     INFO  Test worker     d.u.i.k.t.l.TacletProofObligationInput Proof obligation for taclet: disjointWithSingleton2 
394354     INFO  Test worker     d.u.i.k.t.l.TacletProofObligationInput Proof obligation for taclet: disjointArrayRanges 
397370     INFO  Test worker     d.u.i.k.t.l.TacletProofObligationInput Proof obligation for taclet: disjointArrayRangeAllFields1 
400382     INFO  Test worker     d.u.i.k.t.l.TacletProofObligationInput Proof obligation for taclet: disjointArrayRangeAllFields2 
403398     INFO  Test worker     d.u.i.k.t.l.TacletProofObligationInput Proof obligation for taclet: seqSelfDefinition 
406431     INFO  Test worker     d.u.i.k.t.l.TacletProofObligationInput Proof obligation for taclet: seqOutsideValue 
409449     INFO  Test worker     d.u.i.k.t.l.TacletProofObligationInput Proof obligation for taclet: castedGetAny 
412462     INFO  Test worker     d.u.i.k.t.l.TacletProofObligationInput Proof obligation for taclet: seqGetAlphaCast 
415461     INFO  Test worker     d.u.i.k.t.l.TacletProofObligationInput Proof obligation for taclet: getOfSeqSingleton 
418472     INFO  Test worker     d.u.i.k.t.l.TacletProofObligationInput Proof obligation for taclet: getOfSeqSingletonConcrete 
421479     INFO  Test worker     d.u.i.k.t.l.TacletProofObligationInput Proof obligation for taclet: getOfSeqConcat 
424503     INFO  Test worker     d.u.i.k.t.l.TacletProofObligationInput Proof obligation for taclet: getOfSeqSub 
427524     INFO  Test worker     d.u.i.k.t.l.TacletProofObligationInput Proof obligation for taclet: getOfSeqReverse 
430534     INFO  Test worker     d.u.i.k.t.l.TacletProofObligationInput Proof obligation for taclet: lenOfSeqEmpty 
433537     INFO  Test worker     d.u.i.k.t.l.TacletProofObligationInput Proof obligation for taclet: lenOfSeqSingleton 
436535     INFO  Test worker     d.u.i.k.t.l.TacletProofObligationInput Proof obligation for taclet: lenOfSeqConcat 
439542     INFO  Test worker     d.u.i.k.t.l.TacletProofObligationInput Proof obligation for taclet: lenOfSeqSub 
442539     INFO  Test worker     d.u.i.k.t.l.TacletProofObligationInput Proof obligation for taclet: lenOfSeqReverse 
445544     INFO  Test worker     d.u.i.k.t.l.TacletProofObligationInput Proof obligation for taclet: equalityToSeqGetAndSeqLenLeft 
448551     INFO  Test worker     d.u.i.k.t.l.TacletProofObligationInput Proof obligation for taclet: equalityToSeqGetAndSeqLenRight 
451559     INFO  Test worker     d.u.i.k.t.l.TacletProofObligationInput Proof obligation for taclet: getOfSeqSingletonEQ 
454568     INFO  Test worker     d.u.i.k.t.l.TacletProofObligationInput Proof obligation for taclet: getOfSeqConcatEQ 
457585     INFO  Test worker     d.u.i.k.t.l.TacletProofObligationInput Proof obligation for taclet: getOfSeqSubEQ 
460587     INFO  Test worker     d.u.i.k.t.l.TacletProofObligationInput Proof obligation for taclet: getOfSeqReverseEQ 
463611     INFO  Test worker     d.u.i.k.t.l.TacletProofObligationInput Proof obligation for taclet: lenOfSeqEmptyEQ 
466607     INFO  Test worker     d.u.i.k.t.l.TacletProofObligationInput Proof obligation for taclet: lenOfSeqSingletonEQ 
469613     INFO  Test worker     d.u.i.k.t.l.TacletProofObligationInput Proof obligation for taclet: lenOfSeqConcatEQ 
472617     INFO  Test worker     d.u.i.k.t.l.TacletProofObligationInput Proof obligation for taclet: lenOfSeqSubEQ 
475617     INFO  Test worker     d.u.i.k.t.l.TacletProofObligationInput Proof obligation for taclet: lenOfSeqReverseEQ 
478621     INFO  Test worker     d.u.i.k.t.l.TacletProofObligationInput Proof obligation for taclet: getOfSeqDefEQ 
481629     INFO  Test worker     d.u.i.k.t.l.TacletProofObligationInput Proof obligation for taclet: lenOfSeqDefEQ 
484650     INFO  Test worker     d.u.i.k.t.l.TacletProofObligationInput Proof obligation for taclet: seqConcatWithSeqEmpty1 
487665     INFO  Test worker     d.u.i.k.t.l.TacletProofObligationInput Proof obligation for taclet: seqConcatWithSeqEmpty2 
490672     INFO  Test worker     d.u.i.k.t.l.TacletProofObligationInput Proof obligation for taclet: seqReverseOfSeqEmpty 
493679     INFO  Test worker     d.u.i.k.t.l.TacletProofObligationInput Proof obligation for taclet: subSeqComplete 
496697     INFO  Test worker     d.u.i.k.t.l.TacletProofObligationInput Proof obligation for taclet: subSeqTailR 
499729     INFO  Test worker     d.u.i.k.t.l.TacletProofObligationInput Proof obligation for taclet: subSeqTailL 
502781     INFO  Test worker     d.u.i.k.t.l.TacletProofObligationInput Proof obligation for taclet: subSeqTailEQR 
505819     INFO  Test worker     d.u.i.k.t.l.TacletProofObligationInput Proof obligation for taclet: subSeqTailEQL 
508828     INFO  Test worker     d.u.i.k.t.l.TacletProofObligationInput Proof obligation for taclet: seqDef_split 
511902     INFO  Test worker     d.u.i.k.t.l.TacletProofObligationInput Proof obligation for taclet: seqDef_induction_upper 
514954     INFO  Test worker     d.u.i.k.t.l.TacletProofObligationInput Proof obligation for taclet: seqDef_induction_upper_concrete 
517998     INFO  Test worker     d.u.i.k.t.l.TacletProofObligationInput Proof obligation for taclet: seqDef_induction_lower 
521061     INFO  Test worker     d.u.i.k.t.l.TacletProofObligationInput Proof obligation for taclet: seqDef_induction_lower_concrete 
524105     INFO  Test worker     d.u.i.k.t.l.TacletProofObligationInput Proof obligation for taclet: seqDef_split_in_three 
527367     INFO  Test worker     d.u.i.k.t.l.TacletProofObligationInput Proof obligation for taclet: seqDef_empty 
530400     INFO  Test worker     d.u.i.k.t.l.TacletProofObligationInput Proof obligation for taclet: seqDef_one_summand 
533407     INFO  Test worker     d.u.i.k.t.l.TacletProofObligationInput Proof obligation for taclet: seqDef_lower_equals_upper 
536413     INFO  Test worker     d.u.i.k.t.l.TacletProofObligationInput Proof obligation for taclet: seqDefOfSeq 
539447     INFO  Test worker     d.u.i.k.t.l.TacletProofObligationInput Proof obligation for taclet: seqSelfDefinitionEQ2 
542472     INFO  Test worker     d.u.i.k.t.l.TacletProofObligationInput Proof obligation for taclet: indexOfSeqSingleton 
545505     INFO  Test worker     d.u.i.k.t.l.TacletProofObligationInput Proof obligation for taclet: indexOfSeqConcatFirst 
548566     INFO  Test worker     d.u.i.k.t.l.TacletProofObligationInput Proof obligation for taclet: indexOfSeqConcatSecond 
551601     INFO  Test worker     d.u.i.k.t.l.TacletProofObligationInput Proof obligation for taclet: indexOfSeqSub 
554640     INFO  Test worker     d.u.i.k.t.l.TacletProofObligationInput Proof obligation for taclet: lenOfArray2seq 
557656     INFO  Test worker     d.u.i.k.t.l.TacletProofObligationInput Proof obligation for taclet: getAnyOfArray2seq 
560667     INFO  Test worker     d.u.i.k.t.l.TacletProofObligationInput Proof obligation for taclet: getOfArray2seq 
563687     INFO  Test worker     d.u.i.k.t.l.TacletProofObligationInput Proof obligation for taclet: getAnyOfNPermInv 
566701     INFO  Test worker     d.u.i.k.t.l.TacletProofObligationInput Proof obligation for taclet: seqNPermRange 
569788     INFO  Test worker     d.u.i.k.t.l.TacletProofObligationInput Proof obligation for taclet: seqPermTrans 
572934     INFO  Test worker     d.u.i.k.t.l.TacletProofObligationInput Proof obligation for taclet: seqPermRefl 
575972     INFO  Test worker     d.u.i.k.t.l.TacletProofObligationInput Proof obligation for taclet: seqPermSplit 
578990     INFO  Test worker     d.u.i.k.t.l.TacletProofObligationInput Proof obligation for taclet: seqNPermRight 
582396     INFO  Test worker     d.u.i.k.t.l.TacletProofObligationInput Proof obligation for taclet: seqPermFromSwap 
585614     INFO  Test worker     d.u.i.k.t.l.TacletProofObligationInput Proof obligation for taclet: seqPermTransAlt0 
588609     INFO  Test worker     d.u.i.k.t.l.TacletProofObligationInput Proof obligation for taclet: seqPermTransAlt1 
591605     INFO  Test worker     d.u.i.k.t.l.TacletProofObligationInput Proof obligation for taclet: seqPermTransAlt2 
594617     INFO  Test worker     d.u.i.k.t.l.TacletProofObligationInput Proof obligation for taclet: seqPermTransAlt3 
597627     INFO  Test worker     d.u.i.k.t.l.TacletProofObligationInput Proof obligation for taclet: schiffl_lemma_2 
598405     INFO  Test worker     d.u.i.k.m.s.ProofScriptEngine 1: 'macro split-prop' 
598455     INFO  Test worker     d.u.i.k.m.s.ProofScriptEngine 2: 'rule allRight' 
598478     INFO  Test worker     d.u.i.k.m.s.ProofScriptEngine 3: 'rule allRight' 
598485     INFO  Test worker     d.u.i.k.m.s.ProofScriptEngine 4: 'macro split-prop' 
598492     INFO  Test worker     d.u.i.k.m.s.ProofScriptEngine 5: 'rule 'seqPermDefLeft'' 
598495     INFO  Test worker     d.u.i.k.m.s.ProofScriptEngine 6: 'rule 'andLeft'' 
598497     INFO  Test worker     d.u.i.k.m.s.ProofScriptEngine 7: 'rule 'exLeft'' 
598501     INFO  Test worker     d.u.i.k.m.s.ProofScriptEngine 8: 'macro split-prop' 
598506     INFO  Test worker     d.u.i.k.m.s.ProofScriptEngine 9: 'rule  seqNPermRange' 
598508     INFO  Test worker     d.u.i.k.m.s.ProofScriptEngine 10: 'instantiate var=iv with='v_x_0' occ=1' 
598513     INFO  Test worker     d.u.i.k.m.s.ProofScriptEngine 11: 'rule impLeft' 
598514     INFO  Test worker     d.u.i.k.m.s.ProofScriptEngine 12: 'tryclose branch' 
598726     INFO  Test worker     d.u.i.k.m.s.ProofScriptEngine 13: 'rule andLeft' 
598727     INFO  Test worker     d.u.i.k.m.s.ProofScriptEngine 14: 'rule andLeft' 
598728     INFO  Test worker     d.u.i.k.m.s.ProofScriptEngine 15: 'instantiate var=iv with='v_y_0' occ=1' 
598729     INFO  Test worker     d.u.i.k.m.s.ProofScriptEngine 16: 'rule impLeft' 
598730     INFO  Test worker     d.u.i.k.m.s.ProofScriptEngine 17: 'tryclose branch' 
598843     INFO  Test worker     d.u.i.k.m.s.ProofScriptEngine 18: 'rule andLeft' 
598844     INFO  Test worker     d.u.i.k.m.s.ProofScriptEngine 19: 'rule andLeft' 
598845     INFO  Test worker     d.u.i.k.m.s.ProofScriptEngine 20: 'rule seqNPermDefLeft' 
598847     INFO  Test worker     d.u.i.k.m.s.ProofScriptEngine 21: 'instantiate var=iv with='v_x_0' occ=2' 
598848     INFO  Test worker     d.u.i.k.m.s.ProofScriptEngine 22: 'rule impLeft' 
598849     INFO  Test worker     d.u.i.k.m.s.ProofScriptEngine 23: 'tryclose branch' 
598992     INFO  Test worker     d.u.i.k.m.s.ProofScriptEngine 24: 'rule exLeft' 
598994     INFO  Test worker     d.u.i.k.m.s.ProofScriptEngine 25: 'rule andLeft' 
598995     INFO  Test worker     d.u.i.k.m.s.ProofScriptEngine 26: 'rule andLeft' 
598996     INFO  Test worker     d.u.i.k.m.s.ProofScriptEngine 27: 'instantiate hide var=iv with='v_y_0' occ=2' 
598997     INFO  Test worker     d.u.i.k.m.s.ProofScriptEngine 28: 'rule impLeft' 
598998     INFO  Test worker     d.u.i.k.m.s.ProofScriptEngine 29: 'tryclose branch' 
599098     INFO  Test worker     d.u.i.k.m.s.ProofScriptEngine 30: 'rule exLeft' 
599099     INFO  Test worker     d.u.i.k.m.s.ProofScriptEngine 31: 'rule andLeft' 
599100     INFO  Test worker     d.u.i.k.m.s.ProofScriptEngine 32: 'rule andLeft' 
599101     INFO  Test worker     d.u.i.k.m.s.ProofScriptEngine 33: 'instantiate var=iv with='jv_0' occ=1' 
599102     INFO  Test worker     d.u.i.k.m.s.ProofScriptEngine 34: 'rule impLeft' 
599103     INFO  Test worker     d.u.i.k.m.s.ProofScriptEngine 35: 'tryclose branch' 
599108     INFO  Test worker     d.u.i.k.m.s.ProofScriptEngine 36: 'rule andLeft' 
599109     INFO  Test worker     d.u.i.k.m.s.ProofScriptEngine 37: 'rule andLeft' 
599110     INFO  Test worker     d.u.i.k.m.s.ProofScriptEngine 38: 'rule castAdd formula='s_0[jv_0] = v_x_0' occ=0' 
599112     INFO  Test worker     d.u.i.k.m.s.ProofScriptEngine 39: 'instantiate hide var=iv with='jv_1' occ=1' 
599120     INFO  Test worker     d.u.i.k.m.s.ProofScriptEngine 40: 'rule impLeft' 
599121     INFO  Test worker     d.u.i.k.m.s.ProofScriptEngine 41: 'tryclose branch' 
599134     INFO  Test worker     d.u.i.k.m.s.ProofScriptEngine 42: 'rule andLeft' 
599135     INFO  Test worker     d.u.i.k.m.s.ProofScriptEngine 43: 'rule andLeft' 
599136     INFO  Test worker     d.u.i.k.m.s.ProofScriptEngine 44: 'rule castAdd formula='s_0[jv_1] = v_y_0' occ=0' 
599137     INFO  Test worker     d.u.i.k.m.s.ProofScriptEngine 45: 'instantiate var=iv  with='v_x_0'' 
599137     INFO  Test worker     d.u.i.k.m.s.ProofScriptEngine 46: 'rule impLeft' 
599139     INFO  Test worker     d.u.i.k.m.s.ProofScriptEngine 47: 'tryclose branch' 
599252     INFO  Test worker     d.u.i.k.m.s.ProofScriptEngine 48: 'instantiate var=iv  with='v_y_0'' 
599254     INFO  Test worker     d.u.i.k.m.s.ProofScriptEngine 49: 'rule impLeft' 
599255     INFO  Test worker     d.u.i.k.m.s.ProofScriptEngine 50: 'tryclose branch' 
599352     INFO  Test worker     d.u.i.k.m.s.ProofScriptEngine 51: 'cut 'v_x_0 = v_y_0'' 
599353     INFO  Test worker     d.u.i.k.m.s.ProofScriptEngine 52: 'instantiate hide var='v_r' with='seqSwap(s_0,v_x_0,jv_0)'' 
599355     INFO  Test worker     d.u.i.k.m.s.ProofScriptEngine 53: 'rule andRight' 
599357     INFO  Test worker     d.u.i.k.m.s.ProofScriptEngine 54: 'rule andRight' 
599359     INFO  Test worker     d.u.i.k.m.s.ProofScriptEngine 55: 'rule andRight' 
599359     INFO  Test worker     d.u.i.k.m.s.ProofScriptEngine 56: 'rule andRight' 
599361     INFO  Test worker     d.u.i.k.m.s.ProofScriptEngine 57: 'rule lenOfSwap' 
599362     INFO  Test worker     d.u.i.k.m.s.ProofScriptEngine 58: 'tryclose branch' 
599364     INFO  Test worker     d.u.i.k.m.s.ProofScriptEngine 59: 'rule seqNPermSwapNPerm' 
599367     INFO  Test worker     d.u.i.k.m.s.ProofScriptEngine 60: 'instantiate hide var='iv' with='v_x_0' occ=1' 
599368     INFO  Test worker     d.u.i.k.m.s.ProofScriptEngine 61: 'instantiate hide var='jv' with='jv_0'' 
599369     INFO  Test worker     d.u.i.k.m.s.ProofScriptEngine 62: 'rule impLeft' 
599370     INFO  Test worker     d.u.i.k.m.s.ProofScriptEngine 63: 'tryclose branch' 
599455     INFO  Test worker     d.u.i.k.m.s.ProofScriptEngine 64: 'tryclose branch' 
599458     INFO  Test worker     d.u.i.k.m.s.ProofScriptEngine 65: 'rule allRight' 
599461     INFO  Test worker     d.u.i.k.m.s.ProofScriptEngine 66: 'rule impRight' 
599462     INFO  Test worker     d.u.i.k.m.s.ProofScriptEngine 67: 'rule andLeft' 
599462     INFO  Test worker     d.u.i.k.m.s.ProofScriptEngine 68: 'instantiate var=iv with='v_iv_0'' 
599463     INFO  Test worker     d.u.i.k.m.s.ProofScriptEngine 69: 'rule impLeft' 
599464     INFO  Test worker     d.u.i.k.m.s.ProofScriptEngine 70: 'tryclose branch' 
599580     INFO  Test worker     d.u.i.k.m.s.ProofScriptEngine 71: 'rule getOfSwap' 
599582     INFO  Test worker     d.u.i.k.m.s.ProofScriptEngine 72: 'rule ifthenelse_negated' 
599582     INFO  Test worker     d.u.i.k.m.s.ProofScriptEngine 73: 'rule ifthenelse_split occ=0' 
599584     INFO  Test worker     d.u.i.k.m.s.ProofScriptEngine 74: 'rule andLeft' 
599585     INFO  Test worker     d.u.i.k.m.s.ProofScriptEngine 75: 'rule andLeft' 
599585     INFO  Test worker     d.u.i.k.m.s.ProofScriptEngine 76: 'rule andLeft' 
599586     INFO  Test worker     d.u.i.k.m.s.ProofScriptEngine 77: 'rule ifthenelse_split occ=0' 
599587     INFO  Test worker     d.u.i.k.m.s.ProofScriptEngine 78: 'tryclose branch' 
599663     INFO  Test worker     d.u.i.k.m.s.ProofScriptEngine 79: 'rule ifthenelse_split occ=0' 
599664     INFO  Test worker     d.u.i.k.m.s.ProofScriptEngine 80: 'tryclose branch' 
599737     INFO  Test worker     d.u.i.k.m.s.ProofScriptEngine 81: 'tryclose branch' 
599740     INFO  Test worker     d.u.i.k.m.s.ProofScriptEngine 82: 'tryclose branch' 
599744     INFO  Test worker     d.u.i.k.m.s.ProofScriptEngine 83: 'rule getOfSwap' 
599745     INFO  Test worker     d.u.i.k.m.s.ProofScriptEngine 84: 'rule ifthenelse_negated' 
599746     INFO  Test worker     d.u.i.k.m.s.ProofScriptEngine 85: 'rule ifthenelse_split occ=0' 
599747     INFO  Test worker     d.u.i.k.m.s.ProofScriptEngine 86: 'rule andLeft' 
599749     INFO  Test worker     d.u.i.k.m.s.ProofScriptEngine 87: 'rule andLeft' 
599749     INFO  Test worker     d.u.i.k.m.s.ProofScriptEngine 88: 'rule andLeft' 
599749     INFO  Test worker     d.u.i.k.m.s.ProofScriptEngine 89: 'rule ifthenelse_split occ=0' 
599750     INFO  Test worker     d.u.i.k.m.s.ProofScriptEngine 90: 'tryclose branch' 
599757     INFO  Test worker     d.u.i.k.m.s.ProofScriptEngine 91: 'tryclose branch' 
599761     INFO  Test worker     d.u.i.k.m.s.ProofScriptEngine 92: 'tryclose branch' 
599832     INFO  Test worker     d.u.i.k.m.s.ProofScriptEngine 93: 'rule getOfSwap' 
599834     INFO  Test worker     d.u.i.k.m.s.ProofScriptEngine 94: 'rule ifthenelse_negated' 
599835     INFO  Test worker     d.u.i.k.m.s.ProofScriptEngine 95: 'rule ifthenelse_split occ=0' 
599838     INFO  Test worker     d.u.i.k.m.s.ProofScriptEngine 96: 'rule andLeft' 
599839     INFO  Test worker     d.u.i.k.m.s.ProofScriptEngine 97: 'rule andLeft' 
599840     INFO  Test worker     d.u.i.k.m.s.ProofScriptEngine 98: 'rule andLeft' 
599840     INFO  Test worker     d.u.i.k.m.s.ProofScriptEngine 99: 'rule ifthenelse_split occ=0' 
599841     INFO  Test worker     d.u.i.k.m.s.ProofScriptEngine 100: 'tryclose branch' 
599883     INFO  Test worker     d.u.i.k.m.s.ProofScriptEngine 101: 'tryclose branch' 
599887     INFO  Test worker     d.u.i.k.m.s.ProofScriptEngine 102: 'tryclose branch' 
599980     INFO  Test worker     d.u.i.k.m.s.ProofScriptEngine 103: 'cut '(int)s_0[v_x_0] = (int)s_0[v_y_0]'' 
599981     INFO  Test worker     d.u.i.k.m.s.ProofScriptEngine 104: 'rule seqNPermInjective' 
599983     INFO  Test worker     d.u.i.k.m.s.ProofScriptEngine 105: 'instantiate hide var=iv with='v_x_0'' 
599984     INFO  Test worker     d.u.i.k.m.s.ProofScriptEngine 106: 'instantiate hide var=jv with='v_y_0'' 
599985     INFO  Test worker     d.u.i.k.m.s.ProofScriptEngine 107: 'rule impLeft' 
599985     INFO  Test worker     d.u.i.k.m.s.ProofScriptEngine 108: 'tryclose branch' 
600097     INFO  Test worker     d.u.i.k.m.s.ProofScriptEngine 109: 'tryclose branch' 
600100     INFO  Test worker     d.u.i.k.m.s.ProofScriptEngine 110: 'cut '(int)s_0[v_x_0] = v_x_0'' 
600101     INFO  Test worker     d.u.i.k.m.s.ProofScriptEngine 111: 'instantiate hide var=v_r with='seqSwap(s_0,v_y_0,jv_1)'' 
600103     INFO  Test worker     d.u.i.k.m.s.ProofScriptEngine 112: 'rule andRight' 
600104     INFO  Test worker     d.u.i.k.m.s.ProofScriptEngine 113: 'rule andRight' 
600108     INFO  Test worker     d.u.i.k.m.s.ProofScriptEngine 114: 'rule andRight' 
600108     INFO  Test worker     d.u.i.k.m.s.ProofScriptEngine 115: 'rule andRight' 
600109     INFO  Test worker     d.u.i.k.m.s.ProofScriptEngine 116: 'tryclose branch' 
600116     INFO  Test worker     d.u.i.k.m.s.ProofScriptEngine 117: 'rule seqNPermSwapNPerm' 
600121     INFO  Test worker     d.u.i.k.m.s.ProofScriptEngine 118: 'instantiate hide var=iv with='v_y_0'' 
600128     INFO  Test worker     d.u.i.k.m.s.ProofScriptEngine 119: 'instantiate hide var=jv with='jv_1'' 
600129     INFO  Test worker     d.u.i.k.m.s.ProofScriptEngine 120: 'tryclose branch' 
600208     INFO  Test worker     d.u.i.k.m.s.ProofScriptEngine 121: 'rule allRight' 
600210     INFO  Test worker     d.u.i.k.m.s.ProofScriptEngine 122: 'rule impRight' 
600211     INFO  Test worker     d.u.i.k.m.s.ProofScriptEngine 123: 'rule andLeft' 
600211     INFO  Test worker     d.u.i.k.m.s.ProofScriptEngine 124: 'instantiate var=iv with='v_iv_0'' 
600212     INFO  Test worker     d.u.i.k.m.s.ProofScriptEngine 125: 'rule impLeft' 
600213     INFO  Test worker     d.u.i.k.m.s.ProofScriptEngine 126: 'tryclose branch' 
600300     INFO  Test worker     d.u.i.k.m.s.ProofScriptEngine 127: 'rule getOfSwap' 
600301     INFO  Test worker     d.u.i.k.m.s.ProofScriptEngine 128: 'rule ifthenelse_negated' 
600302     INFO  Test worker     d.u.i.k.m.s.ProofScriptEngine 129: 'rule ifthenelse_split occ=0' 
600303     INFO  Test worker     d.u.i.k.m.s.ProofScriptEngine 130: 'rule andLeft' 
600304     INFO  Test worker     d.u.i.k.m.s.ProofScriptEngine 131: 'rule andLeft' 
600305     INFO  Test worker     d.u.i.k.m.s.ProofScriptEngine 132: 'rule andLeft' 
600305     INFO  Test worker     d.u.i.k.m.s.ProofScriptEngine 133: 'rule ifthenelse_split occ=0' 
600306     INFO  Test worker     d.u.i.k.m.s.ProofScriptEngine 134: 'tryclose branch' 
600379     INFO  Test worker     d.u.i.k.m.s.ProofScriptEngine 135: 'rule ifthenelse_split occ=0' 
600380     INFO  Test worker     d.u.i.k.m.s.ProofScriptEngine 136: 'tryclose branch' 
600446     INFO  Test worker     d.u.i.k.m.s.ProofScriptEngine 137: 'instantiate var=iv with='v_y_0'' 
600447     INFO  Test worker     d.u.i.k.m.s.ProofScriptEngine 138: 'rule impLeft' 
600448     INFO  Test worker     d.u.i.k.m.s.ProofScriptEngine 139: 'tryclose branch' 
600451     INFO  Test worker     d.u.i.k.m.s.ProofScriptEngine 140: 'tryclose branch' 
600455     INFO  Test worker     d.u.i.k.m.s.ProofScriptEngine 141: 'tryclose branch' 
600458     INFO  Test worker     d.u.i.k.m.s.ProofScriptEngine 142: 'tryclose branch' 
600564     INFO  Test worker     d.u.i.k.m.s.ProofScriptEngine 143: 'rule getOfSwap' 
600565     INFO  Test worker     d.u.i.k.m.s.ProofScriptEngine 144: 'rule ifthenelse_negated' 
600566     INFO  Test worker     d.u.i.k.m.s.ProofScriptEngine 145: 'rule ifthenelse_split occ=0' 
600567     INFO  Test worker     d.u.i.k.m.s.ProofScriptEngine 146: 'tryclose branch' 
600575     INFO  Test worker     d.u.i.k.m.s.ProofScriptEngine 147: 'tryclose branch' 
600645     INFO  Test worker     d.u.i.k.m.s.ProofScriptEngine 148: 'tryclose branch' 
603817     INFO  Test worker     d.u.i.k.m.s.ProofScriptEngine 149: 'cut  '(int)s_0[v_y_0] = v_y_0'' 
603817     INFO  Test worker     d.u.i.k.m.s.ProofScriptEngine 150: 'instantiate hide var=v_r with='seqSwap(s_0,v_x_0,jv_0)'' 
603823     INFO  Test worker     d.u.i.k.m.s.ProofScriptEngine 151: 'rule andRight' 
603823     INFO  Test worker     d.u.i.k.m.s.ProofScriptEngine 152: 'rule andRight' 
603824     INFO  Test worker     d.u.i.k.m.s.ProofScriptEngine 153: 'rule andRight' 
603824     INFO  Test worker     d.u.i.k.m.s.ProofScriptEngine 154: 'rule andRight' 
603825     INFO  Test worker     d.u.i.k.m.s.ProofScriptEngine 155: 'tryclose branch' 
603831     INFO  Test worker     d.u.i.k.m.s.ProofScriptEngine 156: 'rule seqNPermSwapNPerm' 
603832     INFO  Test worker     d.u.i.k.m.s.ProofScriptEngine 157: 'instantiate hide var=iv with='v_x_0'' 
603833     INFO  Test worker     d.u.i.k.m.s.ProofScriptEngine 158: 'instantiate hide var=jv with='jv_0'' 
603834     INFO  Test worker     d.u.i.k.m.s.ProofScriptEngine 159: 'rule impLeft' 
603835     INFO  Test worker     d.u.i.k.m.s.ProofScriptEngine 160: 'tryclose branch' 
603913     INFO  Test worker     d.u.i.k.m.s.ProofScriptEngine 161: 'tryclose branch' 
603916     INFO  Test worker     d.u.i.k.m.s.ProofScriptEngine 162: 'rule allRight' 
603917     INFO  Test worker     d.u.i.k.m.s.ProofScriptEngine 163: 'rule impRight' 
603917     INFO  Test worker     d.u.i.k.m.s.ProofScriptEngine 164: 'rule andLeft' 
603918     INFO  Test worker     d.u.i.k.m.s.ProofScriptEngine 165: 'instantiate var=iv with='v_iv_0'' 
603918     INFO  Test worker     d.u.i.k.m.s.ProofScriptEngine 166: 'rule impLeft' 
603919     INFO  Test worker     d.u.i.k.m.s.ProofScriptEngine 167: 'tryclose branch' 
603998     INFO  Test worker     d.u.i.k.m.s.ProofScriptEngine 168: 'rule getOfSwap' 
603999     INFO  Test worker     d.u.i.k.m.s.ProofScriptEngine 169: 'rule ifthenelse_negated' 
604000     INFO  Test worker     d.u.i.k.m.s.ProofScriptEngine 170: 'rule ifthenelse_split occ=0' 
604001     INFO  Test worker     d.u.i.k.m.s.ProofScriptEngine 171: 'rule andLeft' 
604001     INFO  Test worker     d.u.i.k.m.s.ProofScriptEngine 172: 'rule andLeft' 
604002     INFO  Test worker     d.u.i.k.m.s.ProofScriptEngine 173: 'rule andLeft' 
604002     INFO  Test worker     d.u.i.k.m.s.ProofScriptEngine 174: 'rule ifthenelse_split occ=0' 
604003     INFO  Test worker     d.u.i.k.m.s.ProofScriptEngine 175: 'tryclose branch' 
604068     INFO  Test worker     d.u.i.k.m.s.ProofScriptEngine 176: 'rule ifthenelse_split occ=0' 
604069     INFO  Test worker     d.u.i.k.m.s.ProofScriptEngine 177: 'tryclose branch' 
604134     INFO  Test worker     d.u.i.k.m.s.ProofScriptEngine 178: 'tryclose branch' 
604138     INFO  Test worker     d.u.i.k.m.s.ProofScriptEngine 179: 'tryclose branch' 
604141     INFO  Test worker     d.u.i.k.m.s.ProofScriptEngine 180: 'rule getOfSwap' 
604142     INFO  Test worker     d.u.i.k.m.s.ProofScriptEngine 181: 'rule ifthenelse_negated' 
604143     INFO  Test worker     d.u.i.k.m.s.ProofScriptEngine 182: 'rule ifthenelse_split occ=0' 
604144     INFO  Test worker     d.u.i.k.m.s.ProofScriptEngine 183: 'tryclose branch' 
604152     INFO  Test worker     d.u.i.k.m.s.ProofScriptEngine 184: 'tryclose branch' 
604220     INFO  Test worker     d.u.i.k.m.s.ProofScriptEngine 185: 'rule getOfSwap' 
604221     INFO  Test worker     d.u.i.k.m.s.ProofScriptEngine 186: 'rule ifthenelse_negated' 
604222     INFO  Test worker     d.u.i.k.m.s.ProofScriptEngine 187: 'rule ifthenelse_split occ=0' 
604223     INFO  Test worker     d.u.i.k.m.s.ProofScriptEngine 188: 'tryclose branch' 
604287     INFO  Test worker     d.u.i.k.m.s.ProofScriptEngine 189: 'tryclose branch' 
604295     INFO  Test worker     d.u.i.k.m.s.ProofScriptEngine 190: 'cut '(int)s_0[v_x_0]=v_y_0'' 
604295     INFO  Test worker     d.u.i.k.m.s.ProofScriptEngine 191: 'instantiate hide var=v_r with='seqSwap(seqSwap(s_0,jv_0,v_x_0),jv_0,v_y_0)'' 
604297     INFO  Test worker     d.u.i.k.m.s.ProofScriptEngine 192: 'rule andRight' 
604298     INFO  Test worker     d.u.i.k.m.s.ProofScriptEngine 193: 'rule andRight' 
604298     INFO  Test worker     d.u.i.k.m.s.ProofScriptEngine 194: 'rule andRight' 
604299     INFO  Test worker     d.u.i.k.m.s.ProofScriptEngine 195: 'rule andRight' 
604299     INFO  Test worker     d.u.i.k.m.s.ProofScriptEngine 196: 'tryclose branch' 
604308     INFO  Test worker     d.u.i.k.m.s.ProofScriptEngine 197: 'rule seqNPermSwapNPerm' 
604309     INFO  Test worker     d.u.i.k.m.s.ProofScriptEngine 198: 'instantiate hide var=iv with='jv_0'' 
604310     INFO  Test worker     d.u.i.k.m.s.ProofScriptEngine 199: 'instantiate hide var=jv with='v_x_0'' 
604311     INFO  Test worker     d.u.i.k.m.s.ProofScriptEngine 200: 'rule impLeft' 
604311     INFO  Test worker     d.u.i.k.m.s.ProofScriptEngine 201: 'tryclose branch' 
604386     INFO  Test worker     d.u.i.k.m.s.ProofScriptEngine 202: 'rule seqNPermSwapNPerm formula='seqNPerm(seqSwap(s_0, jv_0, v_x_0))'' 
604388     INFO  Test worker     d.u.i.k.m.s.ProofScriptEngine 203: 'instantiate hide var=iv with='jv_0'' 
604389     INFO  Test worker     d.u.i.k.m.s.ProofScriptEngine 204: 'instantiate hide var=jv with='v_y_0'' 
604389     INFO  Test worker     d.u.i.k.m.s.ProofScriptEngine 205: 'rule impLeft' 
604390     INFO  Test worker     d.u.i.k.m.s.ProofScriptEngine 206: 'tryclose branch' 
604468     INFO  Test worker     d.u.i.k.m.s.ProofScriptEngine 207: 'tryclose branch' 
604471     INFO  Test worker     d.u.i.k.m.s.ProofScriptEngine 208: 'rule allRight' 
604472     INFO  Test worker     d.u.i.k.m.s.ProofScriptEngine 209: 'rule impRight' 
604473     INFO  Test worker     d.u.i.k.m.s.ProofScriptEngine 210: 'rule andLeft' 
604473     INFO  Test worker     d.u.i.k.m.s.ProofScriptEngine 211: 'instantiate var=iv with='v_iv_0'' 
604474     INFO  Test worker     d.u.i.k.m.s.ProofScriptEngine 212: 'rule impLeft' 
604475     INFO  Test worker     d.u.i.k.m.s.ProofScriptEngine 213: 'tryclose branch' 
604559     INFO  Test worker     d.u.i.k.m.s.ProofScriptEngine 214: 'rule getOfSwap' 
604560     INFO  Test worker     d.u.i.k.m.s.ProofScriptEngine 215: 'rule ifthenelse_negated' 
604561     INFO  Test worker     d.u.i.k.m.s.ProofScriptEngine 216: 'rule ifthenelse_split occ=0' 
604562     INFO  Test worker     d.u.i.k.m.s.ProofScriptEngine 217: 'rule andLeft' 
604563     INFO  Test worker     d.u.i.k.m.s.ProofScriptEngine 218: 'rule andLeft' 
604563     INFO  Test worker     d.u.i.k.m.s.ProofScriptEngine 219: 'rule andLeft' 
604565     INFO  Test worker     d.u.i.k.m.s.ProofScriptEngine 220: 'rule ifthenelse_split occ=0' 
604566     INFO  Test worker     d.u.i.k.m.s.ProofScriptEngine 221: 'rule getOfSwap' 
604567     INFO  Test worker     d.u.i.k.m.s.ProofScriptEngine 222: 'rule ifthenelse_negated' 
604567     INFO  Test worker     d.u.i.k.m.s.ProofScriptEngine 223: 'rule ifthenelse_split occ=0' 
604568     INFO  Test worker     d.u.i.k.m.s.ProofScriptEngine 224: 'rule andLeft' 
604569     INFO  Test worker     d.u.i.k.m.s.ProofScriptEngine 225: 'rule andLeft' 
604569     INFO  Test worker     d.u.i.k.m.s.ProofScriptEngine 226: 'rule andLeft' 
604570     INFO  Test worker     d.u.i.k.m.s.ProofScriptEngine 227: 'rule ifthenelse_split occ=0' 
604570     INFO  Test worker     d.u.i.k.m.s.ProofScriptEngine 228: 'tryclose branch' 
604682     INFO  Test worker     d.u.i.k.m.s.ProofScriptEngine 229: 'rule ifthenelse_split occ=0' 
604683     INFO  Test worker     d.u.i.k.m.s.ProofScriptEngine 230: 'tryclose branch' 
604688     INFO  Test worker     d.u.i.k.m.s.ProofScriptEngine 231: 'tryclose branch' 
604755     INFO  Test worker     d.u.i.k.m.s.ProofScriptEngine 232: 'tryclose branch' 
604823     INFO  Test worker     d.u.i.k.m.s.ProofScriptEngine 233: 'rule ifthenelse_split' 
604825     INFO  Test worker     d.u.i.k.m.s.ProofScriptEngine 234: 'rule getOfSwap' 
604825     INFO  Test worker     d.u.i.k.m.s.ProofScriptEngine 235: 'rule ifthenelse_negated' 
604826     INFO  Test worker     d.u.i.k.m.s.ProofScriptEngine 236: 'rule ifthenelse_split occ=0' 
604827     INFO  Test worker     d.u.i.k.m.s.ProofScriptEngine 237: 'rule andLeft' 
604827     INFO  Test worker     d.u.i.k.m.s.ProofScriptEngine 238: 'rule andLeft' 
604827     INFO  Test worker     d.u.i.k.m.s.ProofScriptEngine 239: 'rule andLeft' 
604828     INFO  Test worker     d.u.i.k.m.s.ProofScriptEngine 240: 'rule ifthenelse_split occ=0' 
604828     INFO  Test worker     d.u.i.k.m.s.ProofScriptEngine 241: 'tryclose branch' 
604902     INFO  Test worker     d.u.i.k.m.s.ProofScriptEngine 242: 'tryclose branch' 
604907     INFO  Test worker     d.u.i.k.m.s.ProofScriptEngine 243: 'tryclose branch' 
604983     INFO  Test worker     d.u.i.k.m.s.ProofScriptEngine 244: 'rule getOfSwap' 
604984     INFO  Test worker     d.u.i.k.m.s.ProofScriptEngine 245: 'rule ifthenelse_negated' 
604985     INFO  Test worker     d.u.i.k.m.s.ProofScriptEngine 246: 'rule ifthenelse_split occ=0' 
604986     INFO  Test worker     d.u.i.k.m.s.ProofScriptEngine 247: 'rule andLeft' 
604986     INFO  Test worker     d.u.i.k.m.s.ProofScriptEngine 248: 'rule andLeft' 
604986     INFO  Test worker     d.u.i.k.m.s.ProofScriptEngine 249: 'rule andLeft' 
604986     INFO  Test worker     d.u.i.k.m.s.ProofScriptEngine 250: 'rule ifthenelse_split occ=0' 
604987     INFO  Test worker     d.u.i.k.m.s.ProofScriptEngine 251: 'tryclose branch' 
604991     INFO  Test worker     d.u.i.k.m.s.ProofScriptEngine 252: 'rule ifthenelse_split occ=0' 
604992     INFO  Test worker     d.u.i.k.m.s.ProofScriptEngine 253: 'tryclose branch' 
605060     INFO  Test worker     d.u.i.k.m.s.ProofScriptEngine 254: 'tryclose branch' 
605064     INFO  Test worker     d.u.i.k.m.s.ProofScriptEngine 255: 'tryclose branch' 
605068     INFO  Test worker     d.u.i.k.m.s.ProofScriptEngine 256: 'tryclose branch' 
605152     INFO  Test worker     d.u.i.k.m.s.ProofScriptEngine 257: 'rule getOfSwap' 
605153     INFO  Test worker     d.u.i.k.m.s.ProofScriptEngine 258: 'rule ifthenelse_negated' 
605154     INFO  Test worker     d.u.i.k.m.s.ProofScriptEngine 259: 'rule ifthenelse_split occ=0' 
605154     INFO  Test worker     d.u.i.k.m.s.ProofScriptEngine 260: 'rule andLeft' 
605155     INFO  Test worker     d.u.i.k.m.s.ProofScriptEngine 261: 'rule andLeft' 
605155     INFO  Test worker     d.u.i.k.m.s.ProofScriptEngine 262: 'rule andLeft' 
605155     INFO  Test worker     d.u.i.k.m.s.ProofScriptEngine 263: 'rule ifthenelse_split occ=0' 
605156     INFO  Test worker     d.u.i.k.m.s.ProofScriptEngine 264: 'tryclose branch' 
605203     INFO  Test worker     d.u.i.k.m.s.ProofScriptEngine 265: 'rule ifthenelse_split occ=0' 
605203     INFO  Test worker     d.u.i.k.m.s.ProofScriptEngine 266: 'rule getOfSwap' 
605204     INFO  Test worker     d.u.i.k.m.s.ProofScriptEngine 267: 'rule ifthenelse_negated' 
605204     INFO  Test worker     d.u.i.k.m.s.ProofScriptEngine 268: 'rule ifthenelse_split occ=0' 
605205     INFO  Test worker     d.u.i.k.m.s.ProofScriptEngine 269: 'tryclose branch' 
605210     INFO  Test worker     d.u.i.k.m.s.ProofScriptEngine 270: 'tryclose branch' 
605214     INFO  Test worker     d.u.i.k.m.s.ProofScriptEngine 271: 'tryclose branch' 
605313     INFO  Test worker     d.u.i.k.m.s.ProofScriptEngine 272: 'tryclose branch' 
605388     INFO  Test worker     d.u.i.k.m.s.ProofScriptEngine 273: 'rule getOfSwap' 
605389     INFO  Test worker     d.u.i.k.m.s.ProofScriptEngine 274: 'rule ifthenelse_negated' 
605389     INFO  Test worker     d.u.i.k.m.s.ProofScriptEngine 275: 'rule ifthenelse_split occ=0' 
605390     INFO  Test worker     d.u.i.k.m.s.ProofScriptEngine 276: 'tryclose branch' 
605534     INFO  Test worker     d.u.i.k.m.s.ProofScriptEngine 277: 'tryclose branch' 
605610     INFO  Test worker     d.u.i.k.m.s.ProofScriptEngine 278: 'cut 'int::seqGet(s_0, v_y_0)=v_x_0'' 
605610     INFO  Test worker     d.u.i.k.m.s.ProofScriptEngine 279: 'tryclose branch' 
608262     INFO  Test worker     d.u.i.k.m.s.ProofScriptEngine 280: 'rule seqNPermSwapNPerm' 
608267     INFO  Test worker     d.u.i.k.m.s.ProofScriptEngine 281: 'instantiate hide var=iv with='jv_1'' 
608268     INFO  Test worker     d.u.i.k.m.s.ProofScriptEngine 282: 'instantiate hide var=jv with='v_y_0'' 
608269     INFO  Test worker     d.u.i.k.m.s.ProofScriptEngine 283: 'rule impLeft' 
608269     INFO  Test worker     d.u.i.k.m.s.ProofScriptEngine 284: 'tryclose branch' 
608368     INFO  Test worker     d.u.i.k.m.s.ProofScriptEngine 285: 'rule seqNPermSwapNPerm formula='seqNPerm(seqSwap(s_0,jv_1,v_y_0))'' 
608369     INFO  Test worker     d.u.i.k.m.s.ProofScriptEngine 286: 'instantiate hide var=iv with='jv_1'' 
608370     INFO  Test worker     d.u.i.k.m.s.ProofScriptEngine 287: 'instantiate hide var=jv with='v_x_0'' 
608370     INFO  Test worker     d.u.i.k.m.s.ProofScriptEngine 288: 'rule impLeft' 
608371     INFO  Test worker     d.u.i.k.m.s.ProofScriptEngine 289: 'tryclose branch' 
608461     INFO  Test worker     d.u.i.k.m.s.ProofScriptEngine 290: 'tryclose branch' 
611122     INFO  Test worker     d.u.i.k.m.s.ProofScriptEngine 291: 'tryclose branch' 
613891     INFO  Test worker     d.u.i.k.m.s.ProofScriptEngine 292: 'rule seqNPermSwapNPerm formula='seqNPerm(s_0)'' 
613895     INFO  Test worker     d.u.i.k.m.s.ProofScriptEngine 293: 'instantiate hide var=iv with='v_x_0'' 
613896     INFO  Test worker     d.u.i.k.m.s.ProofScriptEngine 294: 'instantiate hide var=jv with='jv_0'' 
613897     INFO  Test worker     d.u.i.k.m.s.ProofScriptEngine 295: 'rule impLeft' 
613898     INFO  Test worker     d.u.i.k.m.s.ProofScriptEngine 296: 'tryclose branch' 
613995     INFO  Test worker     d.u.i.k.m.s.ProofScriptEngine 297: 'rule seqNPermSwapNPerm formula='seqNPerm(seqSwap(s_0,v_x_0,jv_0))'' 
613997     INFO  Test worker     d.u.i.k.m.s.ProofScriptEngine 298: 'instantiate hide var=iv with='v_y_0'' 
613998     INFO  Test worker     d.u.i.k.m.s.ProofScriptEngine 299: 'instantiate hide var=jv with='jv_1'' 
613998     INFO  Test worker     d.u.i.k.m.s.ProofScriptEngine 300: 'instantiate hide var=v_r with='seqSwap(seqSwap(s_0, v_x_0, jv_0), v_y_0, jv_1)' ...' 
614000     INFO  Test worker     d.u.i.k.m.s.ProofScriptEngine 301: 'tryclose branch' 
617361     INFO  Test worker     d.u.i.k.t.l.TacletProofObligationInput Proof obligation for taclet: schiffl_thm_1 
618199     INFO  Test worker     d.u.i.k.m.s.ProofScriptEngine 1: 'macro split-prop' 
618208     INFO  Test worker     d.u.i.k.m.s.ProofScriptEngine 2: 'rule schiffl_lemma_2 formula='seqPerm(f_s, f_t)'' 
618219     INFO  Test worker     d.u.i.k.m.s.ProofScriptEngine 3: 'instantiate hide var=x with='f_x'' 
618222     INFO  Test worker     d.u.i.k.m.s.ProofScriptEngine 4: 'instantiate hide var=y with='f_y'' 
618223     INFO  Test worker     d.u.i.k.m.s.ProofScriptEngine 5: 'rule impLeft' 
618224     INFO  Test worker     d.u.i.k.m.s.ProofScriptEngine 6: 'tryclose branch' 
618228     INFO  Test worker     d.u.i.k.m.s.ProofScriptEngine 7: 'rule exLeft' 
618230     INFO  Test worker     d.u.i.k.m.s.ProofScriptEngine 8: 'macro split-prop' 
618233     INFO  Test worker     d.u.i.k.m.s.ProofScriptEngine 9: 'rule seqPermDef occ=1' 
618236     INFO  Test worker     d.u.i.k.m.s.ProofScriptEngine 10: 'rule andRight' 
618237     INFO  Test worker     d.u.i.k.m.s.ProofScriptEngine 11: 'tryclose branch' 
618245     INFO  Test worker     d.u.i.k.m.s.ProofScriptEngine 12: 'instantiate hide var=s with='r_0'' 
618247     INFO  Test worker     d.u.i.k.m.s.ProofScriptEngine 13: 'rule andRight' 
618248     INFO  Test worker     d.u.i.k.m.s.ProofScriptEngine 14: 'tryclose branch' 
618295     INFO  Test worker     d.u.i.k.m.s.ProofScriptEngine 15: 'rule allRight' 
618300     INFO  Test worker     d.u.i.k.m.s.ProofScriptEngine 16: 'rule impRight' 
618304     INFO  Test worker     d.u.i.k.m.s.ProofScriptEngine 17: 'instantiate hide var=iv with='iv_0'' 
618305     INFO  Test worker     d.u.i.k.m.s.ProofScriptEngine 18: 'rule impLeft' 
618306     INFO  Test worker     d.u.i.k.m.s.ProofScriptEngine 19: 'tryclose branch' 
618370     INFO  Test worker     d.u.i.k.m.s.ProofScriptEngine 20: 'rule andLeft' 
618371     INFO  Test worker     d.u.i.k.m.s.ProofScriptEngine 21: 'rule seqNPermRange' 
618372     INFO  Test worker     d.u.i.k.m.s.ProofScriptEngine 22: 'instantiate hide var=iv with='iv_0'' 
618373     INFO  Test worker     d.u.i.k.m.s.ProofScriptEngine 23: 'rule impLeft' 
618373     INFO  Test worker     d.u.i.k.m.s.ProofScriptEngine 24: 'tryclose branch' 
618377     INFO  Test worker     d.u.i.k.m.s.ProofScriptEngine 25: 'rule andLeft' 
618378     INFO  Test worker     d.u.i.k.m.s.ProofScriptEngine 26: 'rule andLeft' 
618378     INFO  Test worker     d.u.i.k.m.s.ProofScriptEngine 27: 'rule seqNPermRange' 
618379     INFO  Test worker     d.u.i.k.m.s.ProofScriptEngine 28: 'instantiate hide var=iv with='f_x'' 
618380     INFO  Test worker     d.u.i.k.m.s.ProofScriptEngine 29: 'rule impLeft' 
618380     INFO  Test worker     d.u.i.k.m.s.ProofScriptEngine 30: 'tryclose branch' 
618456     INFO  Test worker     d.u.i.k.m.s.ProofScriptEngine 31: 'rule andLeft' 
618457     INFO  Test worker     d.u.i.k.m.s.ProofScriptEngine 32: 'rule andLeft' 
618457     INFO  Test worker     d.u.i.k.m.s.ProofScriptEngine 33: 'rule seqNPermRange' 
618459     INFO  Test worker     d.u.i.k.m.s.ProofScriptEngine 34: 'instantiate hide var=iv with='f_y'' 
618460     INFO  Test worker     d.u.i.k.m.s.ProofScriptEngine 35: 'rule impLeft' 
618461     INFO  Test worker     d.u.i.k.m.s.ProofScriptEngine 36: 'tryclose branch' 
618537     INFO  Test worker     d.u.i.k.m.s.ProofScriptEngine 37: 'rule andLeft' 
618538     INFO  Test worker     d.u.i.k.m.s.ProofScriptEngine 38: 'rule andLeft' 
618539     INFO  Test worker     d.u.i.k.m.s.ProofScriptEngine 39: 'rule getOfSeqDef occ=0' 
618539     INFO  Test worker     d.u.i.k.m.s.ProofScriptEngine 40: 'rule getOfSeqDef' 
618540     INFO  Test worker     d.u.i.k.m.s.ProofScriptEngine 41: 'rule ifthenelse_split occ=0' 
618541     INFO  Test worker     d.u.i.k.m.s.ProofScriptEngine 42: 'rule andLeft occ=0' 
618541     INFO  Test worker     d.u.i.k.m.s.ProofScriptEngine 43: 'rule sub_zero_2 occ=0' 
618542     INFO  Test worker     d.u.i.k.m.s.ProofScriptEngine 44: 'rule ifthenelse_split occ=2' 
618542     INFO  Test worker     d.u.i.k.m.s.ProofScriptEngine 45: 'rule andLeft' 
618543     INFO  Test worker     d.u.i.k.m.s.ProofScriptEngine 46: 'rule sub_zero_2 occ=0' 
618543     INFO  Test worker     d.u.i.k.m.s.ProofScriptEngine 47: 'rule add_zero_right occ=0' 
618544     INFO  Test worker     d.u.i.k.m.s.ProofScriptEngine 48: 'rule add_zero_right occ=0' 
618544     INFO  Test worker     d.u.i.k.m.s.ProofScriptEngine 49: 'rule add_zero_right occ=0' 
618545     INFO  Test worker     d.u.i.k.m.s.ProofScriptEngine 50: 'rule add_zero_right occ=0' 
618545     INFO  Test worker     d.u.i.k.m.s.ProofScriptEngine 51: 'rule add_zero_right occ=0' 
618546     INFO  Test worker     d.u.i.k.m.s.ProofScriptEngine 52: 'rule add_zero_right occ=0' 
618546     INFO  Test worker     d.u.i.k.m.s.ProofScriptEngine 53: 'rule ifthenelse_split occ=0' 
618547     INFO  Test worker     d.u.i.k.m.s.ProofScriptEngine 54: 'rule ifthenelse_split occ=0' 
618548     INFO  Test worker     d.u.i.k.m.s.ProofScriptEngine 55: 'tryclose branch' 
618550     INFO  Test worker     d.u.i.k.m.s.ProofScriptEngine 56: 'tryclose branch' 
618580     INFO  Test worker     d.u.i.k.m.s.ProofScriptEngine 57: 'rule ifthenelse_split occ=0' 
618581     INFO  Test worker     d.u.i.k.m.s.ProofScriptEngine 58: 'tryclose branch' 
618631     INFO  Test worker     d.u.i.k.m.s.ProofScriptEngine 59: 'rule ifthenelse_split occ=0' 
618631     INFO  Test worker     d.u.i.k.m.s.ProofScriptEngine 60: 'rule seqNPermInjective' 
618633     INFO  Test worker     d.u.i.k.m.s.ProofScriptEngine 61: 'instantiate hide var=iv with='iv_0'' 
618634     INFO  Test worker     d.u.i.k.m.s.ProofScriptEngine 62: 'instantiate hide var=jv with='f_y'' 
618635     INFO  Test worker     d.u.i.k.m.s.ProofScriptEngine 63: 'rule impLeft' 
618635     INFO  Test worker     d.u.i.k.m.s.ProofScriptEngine 64: 'tryclose branch' 
618680     INFO  Test worker     d.u.i.k.m.s.ProofScriptEngine 65: 'tryclose branch' 
618682     INFO  Test worker     d.u.i.k.m.s.ProofScriptEngine 66: 'rule ifthenelse_split occ=0' 
618683     INFO  Test worker     d.u.i.k.m.s.ProofScriptEngine 67: 'rule seqNPermInjective' 
618685     INFO  Test worker     d.u.i.k.m.s.ProofScriptEngine 68: 'instantiate hide var=iv with='iv_0'' 
618686     INFO  Test worker     d.u.i.k.m.s.ProofScriptEngine 69: 'instantiate hide var=jv with='f_x'' 
618687     INFO  Test worker     d.u.i.k.m.s.ProofScriptEngine 70: 'rule impLeft' 
618687     INFO  Test worker     d.u.i.k.m.s.ProofScriptEngine 71: 'tryclose branch' 
618732     INFO  Test worker     d.u.i.k.m.s.ProofScriptEngine 72: 'tryclose branch' 
618735     INFO  Test worker     d.u.i.k.m.s.ProofScriptEngine 73: 'tryclose branch' 
618737     INFO  Test worker     d.u.i.k.m.s.ProofScriptEngine 74: 'tryclose branch' 
618792     INFO  Test worker     d.u.i.k.m.s.ProofScriptEngine 75: 'tryclose branch' 
621245     INFO  Test worker     d.u.i.k.t.l.TacletProofObligationInput Proof obligation for taclet: eqSameSeq 
]]></system-out>
  <system-err><![CDATA[]]></system-err>
</testsuite>
