<?xml version="1.0" encoding="UTF-8"?>
<testsuite name="de.uka.ilkd.key.java.ProofJavaProgramFactoryTest" tests="5" skipped="0" failures="0" errors="0" timestamp="2023-01-30T19:12:46" hostname="fv-az336-264" time="12.381">
  <properties/>
  <testcase name="testAttachCommentsCompilationUnit_LockSpec()" classname="de.uka.ilkd.key.java.ProofJavaProgramFactoryTest" time="0.563"/>
  <testcase name="testAttachCommentsCompilationUnit_AssertsFalse()" classname="de.uka.ilkd.key.java.ProofJavaProgramFactoryTest" time="0.057"/>
  <testcase name="testAttachCommentsCompilationUnit_Steinhofel1()" classname="de.uka.ilkd.key.java.ProofJavaProgramFactoryTest" time="0.12"/>
  <testcase name="testAttachCommentsCompilationUnit_SetStatements()" classname="de.uka.ilkd.key.java.ProofJavaProgramFactoryTest" time="0.105"/>
  <testcase name="testAttachCommentsCompilationUnit_SmansEtAlArrayList()" classname="de.uka.ilkd.key.java.ProofJavaProgramFactoryTest" time="0.116"/>
  <system-out><![CDATA[19:12:38,686 |-INFO in ch.qos.logback.classic.LoggerContext[default] - Could NOT find resource [logback-test.xml]
19:12:38,687 |-INFO in ch.qos.logback.classic.LoggerContext[default] - Found resource [logback.xml] at [file:/home/runner/work/key/key/key.core/build/resources/test/logback.xml]
19:12:38,761 |-INFO in ch.qos.logback.classic.joran.action.ConfigurationAction - debug attribute not set
19:12:38,761 |-INFO in ch.qos.logback.core.joran.action.AppenderAction - About to instantiate appender of type [ch.qos.logback.core.ConsoleAppender]
19:12:38,765 |-INFO in ch.qos.logback.core.joran.action.AppenderAction - Naming appender as [STDOUT]
19:12:38,768 |-ERROR in ch.qos.logback.core.joran.spi.Interpreter@3:15 - no applicable action for [file], current ElementPath  is [[configuration][appender][file]]
19:12:38,768 |-ERROR in ch.qos.logback.core.joran.spi.Interpreter@4:17 - no applicable action for [append], current ElementPath  is [[configuration][appender][append]]
19:12:38,769 |-INFO in ch.qos.logback.core.joran.action.NestedComplexPropertyIA - Assuming default type [ch.qos.logback.classic.encoder.PatternLayoutEncoder] for [encoder] property
19:12:38,784 |-INFO in ch.qos.logback.classic.joran.action.RootLoggerAction - Setting level of ROOT logger to WARN
19:12:38,784 |-INFO in ch.qos.logback.core.joran.action.AppenderRefAction - Attaching appender named [STDOUT] to Logger[ROOT]
19:12:38,784 |-INFO in ch.qos.logback.classic.joran.action.ConfigurationAction - End of configuration.
19:12:38,786 |-INFO in ch.qos.logback.classic.joran.JoranConfigurator@312afbc7 - Registering current configuration as safe fallback point

274        WARN  Test worker     d.u.i.k.s.ProofSettings   The settings in /home/runner/.key/proof-settings.props are *not* read. 
946        WARN  Test worker     d.u.i.k.s.ProofIndependentSettings The settings in /home/runner/.key/proofIndependentSettings.props are *not* read due to flag 'key.disregardSettings' 
]]></system-out>
  <system-err><![CDATA[]]></system-err>
</testsuite>
