<?xml version="1.0" encoding="UTF-8"?>
<testsuite name="de.uka.ilkd.key.symbolic_execution.testcase.TestConditionalVariables" tests="1" skipped="0" failures="0" errors="0" timestamp="2023-04-04T00:46:36" hostname="fv-az1125-516" time="17.111">
  <properties/>
  <testcase name="testVariablesUnderMethodReturnCondition()" classname="de.uka.ilkd.key.symbolic_execution.testcase.TestConditionalVariables" time="17.111"/>
  <system-out><![CDATA[00:46:35,914 |-INFO in ch.qos.logback.classic.LoggerContext[default] - This is logback-classic version 1.4.6
00:46:35,937 |-INFO in ch.qos.logback.classic.LoggerContext[default] - Could NOT find resource [logback-test.xml]
00:46:35,949 |-INFO in ch.qos.logback.classic.LoggerContext[default] - Found resource [logback.xml] at [file:/home/runner/work/key/key/key.core.symbolic_execution/build/resources/test/logback.xml]
00:46:35,949 |-WARN in ch.qos.logback.classic.util.DefaultJoranConfigurator@208e9ef6 - Resource [logback.xml] occurs multiple times on the classpath.
00:46:35,950 |-WARN in ch.qos.logback.classic.util.DefaultJoranConfigurator@208e9ef6 - Resource [logback.xml] occurs at [file:/home/runner/work/key/key/key.core.symbolic_execution/build/resources/test/logback.xml]
00:46:35,950 |-WARN in ch.qos.logback.classic.util.DefaultJoranConfigurator@208e9ef6 - Resource [logback.xml] occurs at [file:/home/runner/work/key/key/key.core/build/resources/test/logback.xml]
00:46:36,051 |-INFO in ch.qos.logback.core.model.processor.AppenderModelHandler - Processing appender named [STDOUT]
00:46:36,052 |-INFO in ch.qos.logback.core.model.processor.AppenderModelHandler - About to instantiate appender of type [ch.qos.logback.core.ConsoleAppender]
00:46:36,066 |-WARN in ch.qos.logback.core.model.processor.ImplicitModelHandler - Ignoring unknown property [file] in [ch.qos.logback.core.ConsoleAppender]
00:46:36,066 |-WARN in ch.qos.logback.core.model.processor.ImplicitModelHandler - Ignoring unknown property [append] in [ch.qos.logback.core.ConsoleAppender]
00:46:36,067 |-INFO in ch.qos.logback.core.model.processor.ImplicitModelHandler - Assuming default type [ch.qos.logback.classic.encoder.PatternLayoutEncoder] for [encoder] property
00:46:36,085 |-INFO in ch.qos.logback.classic.model.processor.RootLoggerModelHandler - Setting level of ROOT logger to WARN
00:46:36,090 |-INFO in ch.qos.logback.core.model.processor.AppenderRefModelHandler - Attaching appender named [STDOUT] to Logger[ROOT]
00:46:36,090 |-INFO in ch.qos.logback.core.model.processor.DefaultProcessor@78b236a0 - End of configuration.
00:46:36,091 |-INFO in ch.qos.logback.classic.joran.JoranConfigurator@261d8190 - Registering current configuration as safe fallback point

368        WARN  Test worker     d.u.i.k.s.ProofSettings   The settings in /home/runner/.key/proof-settings.props are *not* read. 
461        WARN  Test worker     d.u.i.k.s.ProofIndependentSettings The settings in /home/runner/.key/proofIndependentSettings.props are *not* read due to flag 'key.disregardSettings' 
]]></system-out>
  <system-err><![CDATA[]]></system-err>
</testsuite>
