<?xml version="1.0" encoding="UTF-8"?>
<testsuite name="de.uka.ilkd.key.java.TestJavaCardDLJavaExtensions" tests="2" skipped="0" failures="0" errors="0" timestamp="2023-03-09T13:54:55" hostname="fv-az174-481" time="6.594">
  <properties/>
  <testcase name="testTypeNotInScopeShouldNotBeFound()" classname="de.uka.ilkd.key.java.TestJavaCardDLJavaExtensions" time="3.32"/>
  <testcase name="testMethodFrameRedirectsScope()" classname="de.uka.ilkd.key.java.TestJavaCardDLJavaExtensions" time="3.271"/>
  <system-out><![CDATA[]]></system-out>
  <system-err><![CDATA[]]></system-err>
</testsuite>
