<?xml version="1.0" encoding="UTF-8"?>
<testsuite name="ReduxTest" tests="61" skipped="0" failures="1" errors="0" timestamp="2023-05-03T14:06:12" hostname="fv-az1113-801" time="2.303">
  <properties/>
  <testcase name="..\key.core\src\main\resources\de\uka\ilkd\key\java\JavaRedux\java\io\FilterOutputStream.java" classname="ReduxTest" time="0.46"/>
  <testcase name="..\key.core\src\main\resources\de\uka\ilkd\key\java\JavaRedux\java\io\InputStream.java" classname="ReduxTest" time="0.03"/>
  <testcase name="..\key.core\src\main\resources\de\uka\ilkd\key\java\JavaRedux\java\io\IOException.java" classname="ReduxTest" time="0.071"/>
  <testcase name="..\key.core\src\main\resources\de\uka\ilkd\key\java\JavaRedux\java\io\OutputStream.java" classname="ReduxTest" time="0.003"/>
  <testcase name="..\key.core\src\main\resources\de\uka\ilkd\key\java\JavaRedux\java\io\PrintStream.java" classname="ReduxTest" time="0.106"/>
  <testcase name="..\key.core\src\main\resources\de\uka\ilkd\key\java\JavaRedux\java\io\Serializable.java" classname="ReduxTest" time="0.005"/>
  <testcase name="..\key.core\src\main\resources\de\uka\ilkd\key\java\JavaRedux\java\lang\annotation\Annotation.java" classname="ReduxTest" time="0.04"/>
  <testcase name="..\key.core\src\main\resources\de\uka\ilkd\key\java\JavaRedux\java\lang\ArithmeticException.java" classname="ReduxTest" time="0.066"/>
  <testcase name="..\key.core\src\main\resources\de\uka\ilkd\key\java\JavaRedux\java\lang\ArrayIndexOutOfBoundsException.java" classname="ReduxTest" time="0.063"/>
  <testcase name="..\key.core\src\main\resources\de\uka\ilkd\key\java\JavaRedux\java\lang\ArrayStoreException.java" classname="ReduxTest" time="0.027"/>
  <testcase name="..\key.core\src\main\resources\de\uka\ilkd\key\java\JavaRedux\java\lang\AssertionError.java" classname="ReduxTest" time="0.045"/>
  <testcase name="..\key.core\src\main\resources\de\uka\ilkd\key\java\JavaRedux\java\lang\Boolean.java" classname="ReduxTest" time="0.002"/>
  <testcase name="..\key.core\src\main\resources\de\uka\ilkd\key\java\JavaRedux\java\lang\Character.java" classname="ReduxTest" time="0.024"/>
  <testcase name="..\key.core\src\main\resources\de\uka\ilkd\key\java\JavaRedux\java\lang\Class.java" classname="ReduxTest" time="0.005"/>
  <testcase name="..\key.core\src\main\resources\de\uka\ilkd\key\java\JavaRedux\java\lang\ClassCastException.java" classname="ReduxTest" time="0.057"/>
  <testcase name="..\key.core\src\main\resources\de\uka\ilkd\key\java\JavaRedux\java\lang\Cloneable.java" classname="ReduxTest" time="0.011"/>
  <testcase name="..\key.core\src\main\resources\de\uka\ilkd\key\java\JavaRedux\java\lang\CloneNotSupportedException.java" classname="ReduxTest" time="0.014"/>
  <testcase name="..\key.core\src\main\resources\de\uka\ilkd\key\java\JavaRedux\java\lang\Comparable.java" classname="ReduxTest" time="0.004"/>
  <testcase name="..\key.core\src\main\resources\de\uka\ilkd\key\java\JavaRedux\java\lang\Double.java" classname="ReduxTest" time="0.007"/>
  <testcase name="..\key.core\src\main\resources\de\uka\ilkd\key\java\JavaRedux\java\lang\Enum.java" classname="ReduxTest" time="0.018"/>
  <testcase name="..\key.core\src\main\resources\de\uka\ilkd\key\java\JavaRedux\java\lang\Error.java" classname="ReduxTest" time="0.083"/>
  <testcase name="..\key.core\src\main\resources\de\uka\ilkd\key\java\JavaRedux\java\lang\Exception.java" classname="ReduxTest" time="0.034"/>
  <testcase name="..\key.core\src\main\resources\de\uka\ilkd\key\java\JavaRedux\java\lang\ExceptionInInitializerError.java" classname="ReduxTest" time="0.026"/>
  <testcase name="..\key.core\src\main\resources\de\uka\ilkd\key\java\JavaRedux\java\lang\Float.java" classname="ReduxTest" time="0.089"/>
  <testcase name="..\key.core\src\main\resources\de\uka\ilkd\key\java\JavaRedux\java\lang\IllegalArgumentException.java" classname="ReduxTest" time="0.011"/>
  <testcase name="..\key.core\src\main\resources\de\uka\ilkd\key\java\JavaRedux\java\lang\IndexOutOfBoundsException.java" classname="ReduxTest" time="0.009"/>
  <testcase name="..\key.core\src\main\resources\de\uka\ilkd\key\java\JavaRedux\java\lang\Integer.java" classname="ReduxTest" time="0.021">
    <failure message="java.lang.NumberFormatException: Number constant out of bounds: 2147483648" type="java.lang.NumberFormatException">java.lang.NumberFormatException: Number constant out of bounds: 2147483648
	at de.uka.ilkd.key.java.expression.literal.IntLiteral.parseFromString(IntLiteral.java:205)
	at de.uka.ilkd.key.java.expression.literal.IntLiteral.&lt;init&gt;(IntLiteral.java:63)
	at de.uka.ilkd.key.java.JP2KeYVisitor.visit(JP2KeYConverter.java:578)
	at de.uka.ilkd.key.java.JP2KeYVisitor.visit(JP2KeYConverter.java:84)
	at com.github.javaparser.ast.expr.IntegerLiteralExpr.accept(IntegerLiteralExpr.java:86)
	at de.uka.ilkd.key.java.JP2KeYVisitor.accept(JP2KeYConverter.java:326)
	at de.uka.ilkd.key.java.JP2KeYVisitor.visit(JP2KeYConverter.java:823)
	at de.uka.ilkd.key.java.JP2KeYVisitor.visit(JP2KeYConverter.java:84)
	at com.github.javaparser.ast.expr.UnaryExpr.accept(UnaryExpr.java:114)
	at de.uka.ilkd.key.java.JP2KeYVisitor.accept(JP2KeYConverter.java:326)
	at de.uka.ilkd.key.java.JP2KeYVisitor.accepto(JP2KeYConverter.java:398)
	at de.uka.ilkd.key.java.JP2KeYVisitor.visitFieldSpecification(JP2KeYConverter.java:992)
	at de.uka.ilkd.key.java.JP2KeYVisitor.visit(JP2KeYConverter.java:516)
	at de.uka.ilkd.key.java.JP2KeYVisitor.visit(JP2KeYConverter.java:84)
	at com.github.javaparser.ast.body.FieldDeclaration.accept(FieldDeclaration.java:112)
	at de.uka.ilkd.key.java.JP2KeYVisitor.lambda$map$1(JP2KeYConverter.java:382)
	at java.base/java.util.stream.ReferencePipeline$3$1.accept(ReferencePipeline.java:195)
	at java.base/java.util.ArrayList$ArrayListSpliterator.forEachRemaining(ArrayList.java:1655)
	at java.base/java.util.stream.AbstractPipeline.copyInto(AbstractPipeline.java:484)
	at java.base/java.util.stream.AbstractPipeline.wrapAndCopyInto(AbstractPipeline.java:474)
	at java.base/java.util.stream.ReduceOps$ReduceOp.evaluateSequential(ReduceOps.java:913)
	at java.base/java.util.stream.AbstractPipeline.evaluate(AbstractPipeline.java:234)
	at java.base/java.util.stream.ReferencePipeline.collect(ReferencePipeline.java:578)
	at de.uka.ilkd.key.java.JP2KeYVisitor.map(JP2KeYConverter.java:383)
	at de.uka.ilkd.key.java.JP2KeYVisitor.visit(JP2KeYConverter.java:290)
	at de.uka.ilkd.key.java.JP2KeYVisitor.visit(JP2KeYConverter.java:84)
	at com.github.javaparser.ast.body.ClassOrInterfaceDeclaration.accept(ClassOrInterfaceDeclaration.java:94)
	at de.uka.ilkd.key.java.JP2KeYVisitor.lambda$map$1(JP2KeYConverter.java:382)
	at java.base/java.util.stream.ReferencePipeline$3$1.accept(ReferencePipeline.java:195)
	at java.base/java.util.ArrayList$ArrayListSpliterator.forEachRemaining(ArrayList.java:1655)
	at java.base/java.util.stream.AbstractPipeline.copyInto(AbstractPipeline.java:484)
	at java.base/java.util.stream.AbstractPipeline.wrapAndCopyInto(AbstractPipeline.java:474)
	at java.base/java.util.stream.ReduceOps$ReduceOp.evaluateSequential(ReduceOps.java:913)
	at java.base/java.util.stream.AbstractPipeline.evaluate(AbstractPipeline.java:234)
	at java.base/java.util.stream.ReferencePipeline.collect(ReferencePipeline.java:578)
	at de.uka.ilkd.key.java.JP2KeYVisitor.map(JP2KeYConverter.java:383)
	at de.uka.ilkd.key.java.JP2KeYVisitor.visit(JP2KeYConverter.java:373)
	at de.uka.ilkd.key.java.JP2KeYVisitor.visit(JP2KeYConverter.java:84)
	at com.github.javaparser.ast.CompilationUnit.accept(CompilationUnit.java:126)
	at de.uka.ilkd.key.java.JP2KeYConverter.process(JP2KeYConverter.java:78)
	at de.uka.ilkd.key.java.JP2KeYConverter.processCompilationUnit(JP2KeYConverter.java:74)
	at ReduxTest.parse(ReduxTest.java:77)
	at ReduxTest.lambda$testRedux$1(ReduxTest.java:66)
	at org.junit.jupiter.engine.descriptor.DynamicTestTestDescriptor.lambda$execute$0(DynamicTestTestDescriptor.java:53)
	at org.junit.jupiter.engine.execution.InvocationInterceptorChain$ValidatingInvocation.proceed(InvocationInterceptorChain.java:131)
	at org.junit.jupiter.api.extension.InvocationInterceptor.interceptDynamicTest(InvocationInterceptor.java:167)
	at org.junit.jupiter.api.extension.InvocationInterceptor.interceptDynamicTest(InvocationInterceptor.java:184)
	at org.junit.jupiter.engine.descriptor.DynamicTestTestDescriptor.lambda$execute$1(DynamicTestTestDescriptor.java:61)
	at org.junit.jupiter.engine.execution.InvocationInterceptorChain$InterceptorCall.lambda$ofVoid$0(InvocationInterceptorChain.java:78)
	at org.junit.jupiter.engine.execution.InvocationInterceptorChain$InterceptedInvocation.proceed(InvocationInterceptorChain.java:106)
	at org.junit.jupiter.engine.execution.InvocationInterceptorChain.proceed(InvocationInterceptorChain.java:64)
	at org.junit.jupiter.engine.execution.InvocationInterceptorChain.chainAndInvoke(InvocationInterceptorChain.java:45)
	at org.junit.jupiter.engine.execution.InvocationInterceptorChain.invoke(InvocationInterceptorChain.java:37)
	at org.junit.jupiter.engine.descriptor.DynamicTestTestDescriptor.execute(DynamicTestTestDescriptor.java:60)
	at org.junit.jupiter.engine.descriptor.DynamicTestTestDescriptor.execute(DynamicTestTestDescriptor.java:32)
	at org.junit.platform.engine.support.hierarchical.NodeTestTask.lambda$executeRecursively$6(NodeTestTask.java:151)
	at org.junit.platform.engine.support.hierarchical.ThrowableCollector.execute(ThrowableCollector.java:73)
	at org.junit.platform.engine.support.hierarchical.NodeTestTask.lambda$executeRecursively$8(NodeTestTask.java:141)
	at org.junit.platform.engine.support.hierarchical.Node.around(Node.java:137)
	at org.junit.platform.engine.support.hierarchical.NodeTestTask.lambda$executeRecursively$9(NodeTestTask.java:139)
	at org.junit.platform.engine.support.hierarchical.ThrowableCollector.execute(ThrowableCollector.java:73)
	at org.junit.platform.engine.support.hierarchical.NodeTestTask.executeRecursively(NodeTestTask.java:138)
	at org.junit.platform.engine.support.hierarchical.NodeTestTask.execute(NodeTestTask.java:95)
	at org.junit.platform.engine.support.hierarchical.SameThreadHierarchicalTestExecutorService.submit(SameThreadHierarchicalTestExecutorService.java:35)
	at org.junit.platform.engine.support.hierarchical.NodeTestTask$DefaultDynamicTestExecutor.execute(NodeTestTask.java:226)
	at org.junit.platform.engine.support.hierarchical.NodeTestTask$DefaultDynamicTestExecutor.execute(NodeTestTask.java:204)
	at java.base/java.util.Optional.ifPresent(Optional.java:183)
	at org.junit.jupiter.engine.descriptor.TestFactoryTestDescriptor.lambda$invokeTestMethod$1(TestFactoryTestDescriptor.java:108)
	at org.junit.platform.engine.support.hierarchical.ThrowableCollector.execute(ThrowableCollector.java:73)
	at org.junit.jupiter.engine.descriptor.TestFactoryTestDescriptor.invokeTestMethod(TestFactoryTestDescriptor.java:95)
	at org.junit.jupiter.engine.descriptor.TestMethodTestDescriptor.execute(TestMethodTestDescriptor.java:138)
	at org.junit.jupiter.engine.descriptor.TestMethodTestDescriptor.execute(TestMethodTestDescriptor.java:68)
	at org.junit.platform.engine.support.hierarchical.NodeTestTask.lambda$executeRecursively$6(NodeTestTask.java:151)
	at org.junit.platform.engine.support.hierarchical.ThrowableCollector.execute(ThrowableCollector.java:73)
	at org.junit.platform.engine.support.hierarchical.NodeTestTask.lambda$executeRecursively$8(NodeTestTask.java:141)
	at org.junit.platform.engine.support.hierarchical.Node.around(Node.java:137)
	at org.junit.platform.engine.support.hierarchical.NodeTestTask.lambda$executeRecursively$9(NodeTestTask.java:139)
	at org.junit.platform.engine.support.hierarchical.ThrowableCollector.execute(ThrowableCollector.java:73)
	at org.junit.platform.engine.support.hierarchical.NodeTestTask.executeRecursively(NodeTestTask.java:138)
	at org.junit.platform.engine.support.hierarchical.NodeTestTask.execute(NodeTestTask.java:95)
	at java.base/java.util.ArrayList.forEach(ArrayList.java:1541)
	at org.junit.platform.engine.support.hierarchical.SameThreadHierarchicalTestExecutorService.invokeAll(SameThreadHierarchicalTestExecutorService.java:41)
	at org.junit.platform.engine.support.hierarchical.NodeTestTask.lambda$executeRecursively$6(NodeTestTask.java:155)
	at org.junit.platform.engine.support.hierarchical.ThrowableCollector.execute(ThrowableCollector.java:73)
	at org.junit.platform.engine.support.hierarchical.NodeTestTask.lambda$executeRecursively$8(NodeTestTask.java:141)
	at org.junit.platform.engine.support.hierarchical.Node.around(Node.java:137)
	at org.junit.platform.engine.support.hierarchical.NodeTestTask.lambda$executeRecursively$9(NodeTestTask.java:139)
	at org.junit.platform.engine.support.hierarchical.ThrowableCollector.execute(ThrowableCollector.java:73)
	at org.junit.platform.engine.support.hierarchical.NodeTestTask.executeRecursively(NodeTestTask.java:138)
	at org.junit.platform.engine.support.hierarchical.NodeTestTask.execute(NodeTestTask.java:95)
	at java.base/java.util.ArrayList.forEach(ArrayList.java:1541)
	at org.junit.platform.engine.support.hierarchical.SameThreadHierarchicalTestExecutorService.invokeAll(SameThreadHierarchicalTestExecutorService.java:41)
	at org.junit.platform.engine.support.hierarchical.NodeTestTask.lambda$executeRecursively$6(NodeTestTask.java:155)
	at org.junit.platform.engine.support.hierarchical.ThrowableCollector.execute(ThrowableCollector.java:73)
	at org.junit.platform.engine.support.hierarchical.NodeTestTask.lambda$executeRecursively$8(NodeTestTask.java:141)
	at org.junit.platform.engine.support.hierarchical.Node.around(Node.java:137)
	at org.junit.platform.engine.support.hierarchical.NodeTestTask.lambda$executeRecursively$9(NodeTestTask.java:139)
	at org.junit.platform.engine.support.hierarchical.ThrowableCollector.execute(ThrowableCollector.java:73)
	at org.junit.platform.engine.support.hierarchical.NodeTestTask.executeRecursively(NodeTestTask.java:138)
	at org.junit.platform.engine.support.hierarchical.NodeTestTask.execute(NodeTestTask.java:95)
	at org.junit.platform.engine.support.hierarchical.SameThreadHierarchicalTestExecutorService.submit(SameThreadHierarchicalTestExecutorService.java:35)
	at org.junit.platform.engine.support.hierarchical.HierarchicalTestExecutor.execute(HierarchicalTestExecutor.java:57)
	at org.junit.platform.engine.support.hierarchical.HierarchicalTestEngine.execute(HierarchicalTestEngine.java:54)
	at org.junit.platform.launcher.core.EngineExecutionOrchestrator.execute(EngineExecutionOrchestrator.java:107)
	at org.junit.platform.launcher.core.EngineExecutionOrchestrator.execute(EngineExecutionOrchestrator.java:88)
	at org.junit.platform.launcher.core.EngineExecutionOrchestrator.lambda$execute$0(EngineExecutionOrchestrator.java:54)
	at org.junit.platform.launcher.core.EngineExecutionOrchestrator.withInterceptedStreams(EngineExecutionOrchestrator.java:67)
	at org.junit.platform.launcher.core.EngineExecutionOrchestrator.execute(EngineExecutionOrchestrator.java:52)
	at org.junit.platform.launcher.core.DefaultLauncher.execute(DefaultLauncher.java:114)
	at org.junit.platform.launcher.core.DefaultLauncher.execute(DefaultLauncher.java:86)
	at org.junit.platform.launcher.core.DefaultLauncherSession$DelegatingLauncher.execute(DefaultLauncherSession.java:86)
	at org.gradle.api.internal.tasks.testing.junitplatform.JUnitPlatformTestClassProcessor$CollectAllTestClassesExecutor.processAllTestClasses(JUnitPlatformTestClassProcessor.java:110)
	at org.gradle.api.internal.tasks.testing.junitplatform.JUnitPlatformTestClassProcessor$CollectAllTestClassesExecutor.access$000(JUnitPlatformTestClassProcessor.java:90)
	at org.gradle.api.internal.tasks.testing.junitplatform.JUnitPlatformTestClassProcessor.stop(JUnitPlatformTestClassProcessor.java:85)
	at org.gradle.api.internal.tasks.testing.SuiteTestClassProcessor.stop(SuiteTestClassProcessor.java:62)
	at java.base/jdk.internal.reflect.NativeMethodAccessorImpl.invoke0(Native Method)
	at java.base/jdk.internal.reflect.NativeMethodAccessorImpl.invoke(NativeMethodAccessorImpl.java:62)
	at java.base/jdk.internal.reflect.DelegatingMethodAccessorImpl.invoke(DelegatingMethodAccessorImpl.java:43)
	at java.base/java.lang.reflect.Method.invoke(Method.java:566)
	at org.gradle.internal.dispatch.ReflectionDispatch.dispatch(ReflectionDispatch.java:36)
	at org.gradle.internal.dispatch.ReflectionDispatch.dispatch(ReflectionDispatch.java:24)
	at org.gradle.internal.dispatch.ContextClassLoaderDispatch.dispatch(ContextClassLoaderDispatch.java:33)
	at org.gradle.internal.dispatch.ProxyDispatchAdapter$DispatchingInvocationHandler.invoke(ProxyDispatchAdapter.java:94)
	at com.sun.proxy.$Proxy2.stop(Unknown Source)
	at org.gradle.api.internal.tasks.testing.worker.TestWorker$3.run(TestWorker.java:193)
	at org.gradle.api.internal.tasks.testing.worker.TestWorker.executeAndMaintainThreadName(TestWorker.java:129)
	at org.gradle.api.internal.tasks.testing.worker.TestWorker.execute(TestWorker.java:100)
	at org.gradle.api.internal.tasks.testing.worker.TestWorker.execute(TestWorker.java:60)
	at org.gradle.process.internal.worker.child.ActionExecutionWorker.execute(ActionExecutionWorker.java:56)
	at org.gradle.process.internal.worker.child.SystemApplicationClassLoaderWorker.call(SystemApplicationClassLoaderWorker.java:113)
	at org.gradle.process.internal.worker.child.SystemApplicationClassLoaderWorker.call(SystemApplicationClassLoaderWorker.java:65)
	at worker.org.gradle.process.internal.worker.GradleWorkerMain.run(GradleWorkerMain.java:69)
	at worker.org.gradle.process.internal.worker.GradleWorkerMain.main(GradleWorkerMain.java:74)
</failure>
  </testcase>
  <testcase name="..\key.core\src\main\resources\de\uka\ilkd\key\java\JavaRedux\java\lang\InterruptedException.java" classname="ReduxTest" time="0.009"/>
  <testcase name="..\key.core\src\main\resources\de\uka\ilkd\key\java\JavaRedux\java\lang\Iterable.java" classname="ReduxTest" time="0.021"/>
  <testcase name="..\key.core\src\main\resources\de\uka\ilkd\key\java\JavaRedux\java\lang\LinkageError.java" classname="ReduxTest" time="0.007"/>
  <testcase name="..\key.core\src\main\resources\de\uka\ilkd\key\java\JavaRedux\java\lang\Long.java" classname="ReduxTest" time="0.013"/>
  <testcase name="..\key.core\src\main\resources\de\uka\ilkd\key\java\JavaRedux\java\lang\Math.java" classname="ReduxTest" time="0.173"/>
  <testcase name="..\key.core\src\main\resources\de\uka\ilkd\key\java\JavaRedux\java\lang\NegativeArraySizeException.java" classname="ReduxTest" time="0.008"/>
  <testcase name="..\key.core\src\main\resources\de\uka\ilkd\key\java\JavaRedux\java\lang\NoClassDefFoundError.java" classname="ReduxTest" time="0.005"/>
  <testcase name="..\key.core\src\main\resources\de\uka\ilkd\key\java\JavaRedux\java\lang\NullPointerException.java" classname="ReduxTest" time="0.011"/>
  <testcase name="..\key.core\src\main\resources\de\uka\ilkd\key\java\JavaRedux\java\lang\Number.java" classname="ReduxTest" time="0.011"/>
  <testcase name="..\key.core\src\main\resources\de\uka\ilkd\key\java\JavaRedux\java\lang\NumberFormatException.java" classname="ReduxTest" time="0.007"/>
  <testcase name="..\key.core\src\main\resources\de\uka\ilkd\key\java\JavaRedux\java\lang\Object.java" classname="ReduxTest" time="0.032"/>
  <testcase name="..\key.core\src\main\resources\de\uka\ilkd\key\java\JavaRedux\java\lang\OutOfMemoryError.java" classname="ReduxTest" time="0.004"/>
  <testcase name="..\key.core\src\main\resources\de\uka\ilkd\key\java\JavaRedux\java\lang\Runnable.java" classname="ReduxTest" time="0.002"/>
  <testcase name="..\key.core\src\main\resources\de\uka\ilkd\key\java\JavaRedux\java\lang\RuntimeException.java" classname="ReduxTest" time="0.01"/>
  <testcase name="..\key.core\src\main\resources\de\uka\ilkd\key\java\JavaRedux\java\lang\String.java" classname="ReduxTest" time="0.273"/>
  <testcase name="..\key.core\src\main\resources\de\uka\ilkd\key\java\JavaRedux\java\lang\StringBuffer.java" classname="ReduxTest" time="0.008"/>
  <testcase name="..\key.core\src\main\resources\de\uka\ilkd\key\java\JavaRedux\java\lang\System.java" classname="ReduxTest" time="0.016"/>
  <testcase name="..\key.core\src\main\resources\de\uka\ilkd\key\java\JavaRedux\java\lang\Thread.java" classname="ReduxTest" time="0.001"/>
  <testcase name="..\key.core\src\main\resources\de\uka\ilkd\key\java\JavaRedux\java\lang\Throwable.java" classname="ReduxTest" time="0.024"/>
  <testcase name="..\key.core\src\main\resources\de\uka\ilkd\key\java\JavaRedux\java\lang\VirtualMachineError.java" classname="ReduxTest" time="0.002"/>
  <testcase name="..\key.core\src\main\resources\de\uka\ilkd\key\java\JavaRedux\java\math\BigInteger.java" classname="ReduxTest" time="0.026"/>
  <testcase name="..\key.core\src\main\resources\de\uka\ilkd\key\java\JavaRedux\java\util\ArrayList.java" classname="ReduxTest" time="0.079"/>
  <testcase name="..\key.core\src\main\resources\de\uka\ilkd\key\java\JavaRedux\java\util\Arrays.java" classname="ReduxTest" time="0.048"/>
  <testcase name="..\key.core\src\main\resources\de\uka\ilkd\key\java\JavaRedux\java\util\Collection.java" classname="ReduxTest" time="0.007"/>
  <testcase name="..\key.core\src\main\resources\de\uka\ilkd\key\java\JavaRedux\java\util\Date.java" classname="ReduxTest" time="0.003"/>
  <testcase name="..\key.core\src\main\resources\de\uka\ilkd\key\java\JavaRedux\java\util\Iterator.java" classname="ReduxTest" time="0.002"/>
  <testcase name="..\key.core\src\main\resources\de\uka\ilkd\key\java\JavaRedux\java\util\LinkedHashMap.java" classname="ReduxTest" time="0.004"/>
  <testcase name="..\key.core\src\main\resources\de\uka\ilkd\key\java\JavaRedux\java\util\LinkedList.java" classname="ReduxTest" time="0.005"/>
  <testcase name="..\key.core\src\main\resources\de\uka\ilkd\key\java\JavaRedux\java\util\List.java" classname="ReduxTest" time="0.007"/>
  <testcase name="..\key.core\src\main\resources\de\uka\ilkd\key\java\JavaRedux\java\util\ListIterator.java" classname="ReduxTest" time="0.003"/>
  <testcase name="..\key.core\src\main\resources\de\uka\ilkd\key\java\JavaRedux\java\util\ListIteratorImpl.java" classname="ReduxTest" time="0.002"/>
  <testcase name="..\key.core\src\main\resources\de\uka\ilkd\key\java\JavaRedux\java\util\Map.java" classname="ReduxTest" time="0.006"/>
  <testcase name="..\key.core\src\main\resources\de\uka\ilkd\key\java\JavaRedux\java\util\Set.java" classname="ReduxTest" time="0.006"/>
  <testcase name="testJavaLangObject()" classname="ReduxTest" time="0.003"/>
  <system-out><![CDATA[14:06:12.403 [Test worker] WARN de.uka.ilkd.key.java.KeYJPMapping -- Size of rec2key: 1 entries
14:06:12.747 [Test worker] WARN de.uka.ilkd.key.java.KeYJPMapping -- Size of rec2key: 2 entries

package java.io;

public class FilterOutputStream extends java.io.java.io.OutputStream implements  {
    protected java.io.java.io.OutputStream java.io.FilterOutputStream::out
  };
14:06:12.872 [Test worker] ERROR de.uka.ilkd.key.java.KeYJPMapping -- Duplicate registration of type: 
package java.io;;, formerValue: 
package java.io;;
14:06:12.872 [Test worker] WARN de.uka.ilkd.key.java.KeYJPMapping -- Size of rec2key: 2 entries
14:06:12.872 [Test worker] WARN de.uka.ilkd.key.java.KeYJPMapping -- Size of rec2key: 3 entries

package java.io;

public class InputStream extends  implements  {
    public InputStream (){}
    };
14:06:12.888 [Test worker] ERROR de.uka.ilkd.key.java.KeYJPMapping -- Duplicate registration of type: 
package java.io;;, formerValue: 
package java.io;;
14:06:12.888 [Test worker] WARN de.uka.ilkd.key.java.KeYJPMapping -- Size of rec2key: 3 entries
14:06:12.888 [Test worker] ERROR de.uka.ilkd.key.java.KeYJPMapping -- Duplicate registration of type: {}, formerValue: {}
14:06:12.888 [Test worker] WARN de.uka.ilkd.key.java.KeYJPMapping -- Size of rec2key: 3 entries
14:06:12.919 [Test worker] ERROR de.uka.ilkd.key.java.KeYJPMapping -- Duplicate registration of type: {}, formerValue: {}
14:06:12.919 [Test worker] WARN de.uka.ilkd.key.java.KeYJPMapping -- Size of rec2key: 3 entries
14:06:12.935 [Test worker] ERROR de.uka.ilkd.key.java.KeYJPMapping -- Duplicate registration of type: {}, formerValue: {}
14:06:12.935 [Test worker] WARN de.uka.ilkd.key.java.KeYJPMapping -- Size of rec2key: 3 entries
14:06:12.935 [Test worker] ERROR de.uka.ilkd.key.java.KeYJPMapping -- Duplicate registration of type: {}, formerValue: {}
14:06:12.935 [Test worker] WARN de.uka.ilkd.key.java.KeYJPMapping -- Size of rec2key: 3 entries

package java.io;

public class IOException extends java.lang.java.lang.Exception implements  {
    public IOException (){}
      public IOException (
          java.lang.java.lang.String arg0
        ){}
        public IOException (
            java.lang.java.lang.String arg0,
            java.lang.java.lang.Throwable arg1
          ){}
          public IOException (
              java.lang.java.lang.Throwable arg0
            ){}
          };
14:06:12.950 [Test worker] ERROR de.uka.ilkd.key.java.KeYJPMapping -- Duplicate registration of type: 
package java.io;;, formerValue: 
package java.io;;
14:06:12.950 [Test worker] WARN de.uka.ilkd.key.java.KeYJPMapping -- Size of rec2key: 3 entries

package java.io;

public class OutputStream extends  implements  {
  };
14:06:12.966 [Test worker] ERROR de.uka.ilkd.key.java.KeYJPMapping -- Duplicate registration of type: 
package java.io;;, formerValue: 
package java.io;;
14:06:12.966 [Test worker] WARN de.uka.ilkd.key.java.KeYJPMapping -- Size of rec2key: 3 entries
14:06:12.981 [Test worker] ERROR de.uka.ilkd.key.java.KeYJPMapping -- Duplicate registration of type: {}, formerValue: {}
14:06:12.981 [Test worker] WARN de.uka.ilkd.key.java.KeYJPMapping -- Size of rec2key: 3 entries
14:06:12.981 [Test worker] ERROR de.uka.ilkd.key.java.KeYJPMapping -- Duplicate registration of type: {}, formerValue: {}
14:06:12.981 [Test worker] WARN de.uka.ilkd.key.java.KeYJPMapping -- Size of rec2key: 3 entries
14:06:12.981 [Test worker] WARN de.uka.ilkd.key.java.KeYJPMapping -- Size of rec2key: 4 entries
14:06:12.981 [Test worker] ERROR de.uka.ilkd.key.java.KeYJPMapping -- Duplicate registration of type: any;, formerValue: any;
14:06:12.981 [Test worker] WARN de.uka.ilkd.key.java.KeYJPMapping -- Size of rec2key: 4 entries
14:06:12.981 [Test worker] ERROR de.uka.ilkd.key.java.KeYJPMapping -- Duplicate registration of type: any;, formerValue: any;
14:06:12.981 [Test worker] WARN de.uka.ilkd.key.java.KeYJPMapping -- Size of rec2key: 4 entries
14:06:12.981 [Test worker] ERROR de.uka.ilkd.key.java.KeYJPMapping -- Duplicate registration of type: any;, formerValue: any;
14:06:12.981 [Test worker] WARN de.uka.ilkd.key.java.KeYJPMapping -- Size of rec2key: 4 entries
14:06:12.981 [Test worker] ERROR de.uka.ilkd.key.java.KeYJPMapping -- Duplicate registration of type: any;, formerValue: any;
14:06:12.997 [Test worker] WARN de.uka.ilkd.key.java.KeYJPMapping -- Size of rec2key: 4 entries
14:06:13.044 [Test worker] ERROR de.uka.ilkd.key.java.KeYJPMapping -- Duplicate registration of type: any;, formerValue: any;
14:06:13.044 [Test worker] WARN de.uka.ilkd.key.java.KeYJPMapping -- Size of rec2key: 4 entries
14:06:13.044 [Test worker] ERROR de.uka.ilkd.key.java.KeYJPMapping -- Duplicate registration of type: any;, formerValue: any;
14:06:13.044 [Test worker] WARN de.uka.ilkd.key.java.KeYJPMapping -- Size of rec2key: 4 entries
14:06:13.044 [Test worker] ERROR de.uka.ilkd.key.java.KeYJPMapping -- Duplicate registration of type: any;, formerValue: any;
14:06:13.044 [Test worker] WARN de.uka.ilkd.key.java.KeYJPMapping -- Size of rec2key: 4 entries
14:06:13.044 [Test worker] ERROR de.uka.ilkd.key.java.KeYJPMapping -- Duplicate registration of type: any;, formerValue: any;
14:06:13.044 [Test worker] WARN de.uka.ilkd.key.java.KeYJPMapping -- Size of rec2key: 4 entries
14:06:13.044 [Test worker] ERROR de.uka.ilkd.key.java.KeYJPMapping -- Duplicate registration of type: any;, formerValue: any;
14:06:13.044 [Test worker] WARN de.uka.ilkd.key.java.KeYJPMapping -- Size of rec2key: 4 entries
14:06:13.060 [Test worker] ERROR de.uka.ilkd.key.java.KeYJPMapping -- Duplicate registration of type: any;, formerValue: any;
14:06:13.060 [Test worker] WARN de.uka.ilkd.key.java.KeYJPMapping -- Size of rec2key: 4 entries
14:06:13.060 [Test worker] ERROR de.uka.ilkd.key.java.KeYJPMapping -- Duplicate registration of type: any;, formerValue: any;
14:06:13.060 [Test worker] WARN de.uka.ilkd.key.java.KeYJPMapping -- Size of rec2key: 4 entries
14:06:13.060 [Test worker] ERROR de.uka.ilkd.key.java.KeYJPMapping -- Duplicate registration of type: any;, formerValue: any;
14:06:13.060 [Test worker] WARN de.uka.ilkd.key.java.KeYJPMapping -- Size of rec2key: 4 entries
14:06:13.060 [Test worker] ERROR de.uka.ilkd.key.java.KeYJPMapping -- Duplicate registration of type: any;, formerValue: any;
14:06:13.060 [Test worker] WARN de.uka.ilkd.key.java.KeYJPMapping -- Size of rec2key: 4 entries
14:06:13.060 [Test worker] ERROR de.uka.ilkd.key.java.KeYJPMapping -- Duplicate registration of type: any;, formerValue: any;
14:06:13.060 [Test worker] WARN de.uka.ilkd.key.java.KeYJPMapping -- Size of rec2key: 4 entries

package java.io;

public class PrintStream extends java.io.java.io.FilterOutputStream implements  {
    public PrintStream (
        java.io.java.io.OutputStream out
      ){}
      public PrintStream (
          java.io.java.io.OutputStream out,
          boolean autoFlush
        ){}
        public any print (boolean b);
          public any print (char c);
            public any print (int i);
              public any print (long l);
                public any print (char[] s);
                  public any print (
                      java.lang.java.lang.String s
                    );
                    public any print (
                        java.lang.java.lang.Object obj
                      );
                      public any println ();
                        public any println (boolean x);
                          public any println (char x);
                            public any println (int x);
                              public any println (
                                  long x
                                );
                                public any println (
                                    char[] x
                                  );
                                  public any println (
                                      java.lang.java.lang.String x
                                    );
                                    public any println (
                                        java.lang.java.lang.Object x
                                      );
                                    };
14:06:13.075 [Test worker] ERROR de.uka.ilkd.key.java.KeYJPMapping -- Duplicate registration of type: 
package java.io;;, formerValue: 
package java.io;;
14:06:13.075 [Test worker] WARN de.uka.ilkd.key.java.KeYJPMapping -- Size of rec2key: 4 entries

package java.io;

public interface Serializable extends  {
  };
14:06:13.091 [Test worker] WARN de.uka.ilkd.key.java.KeYJPMapping -- Size of rec2key: 5 entries
14:06:13.106 [Test worker] WARN de.uka.ilkd.key.java.KeYJPMapping -- Size of rec2key: 6 entries

package java.lang.annotation;

public interface Annotation extends  {
    public java.lang.java.lang.Class annotationType ();
    };
14:06:13.138 [Test worker] WARN de.uka.ilkd.key.java.KeYJPMapping -- Size of rec2key: 7 entries
14:06:13.153 [Test worker] WARN de.uka.ilkd.key.java.KeYJPMapping -- Size of rec2key: 8 entries
14:06:13.185 [Test worker] WARN de.uka.ilkd.key.java.KeYJPMapping -- Size of rec2key: 9 entries

package java.lang;

public class ArithmeticException extends java.lang.java.lang.RuntimeException implements  {
    public ArithmeticException (){
        super();
      }
      public ArithmeticException (
          java.lang.java.lang.String arg0
        ){
          super(arg0);
        }
      };
14:06:13.216 [Test worker] ERROR de.uka.ilkd.key.java.KeYJPMapping -- Duplicate registration of type: 
package java.lang;;, formerValue: 
package java.lang;;
14:06:13.216 [Test worker] WARN de.uka.ilkd.key.java.KeYJPMapping -- Size of rec2key: 9 entries
14:06:13.216 [Test worker] ERROR de.uka.ilkd.key.java.KeYJPMapping -- Duplicate registration of type: {
  super();
}, formerValue: {
  super();
}
14:06:13.216 [Test worker] WARN de.uka.ilkd.key.java.KeYJPMapping -- Size of rec2key: 9 entries
14:06:13.216 [Test worker] ERROR de.uka.ilkd.key.java.KeYJPMapping -- Duplicate registration of type: {}, formerValue: {}
14:06:13.216 [Test worker] WARN de.uka.ilkd.key.java.KeYJPMapping -- Size of rec2key: 9 entries
14:06:13.232 [Test worker] ERROR de.uka.ilkd.key.java.KeYJPMapping -- Duplicate registration of type: {
  super(arg0);
}, formerValue: {
  super(arg0);
}
14:06:13.247 [Test worker] WARN de.uka.ilkd.key.java.KeYJPMapping -- Size of rec2key: 9 entries

package java.lang;

public class ArrayIndexOutOfBoundsException extends java.lang.java.lang.IndexOutOfBoundsException implements  {
    public ArrayIndexOutOfBoundsException (){
        super();
      }
      public ArrayIndexOutOfBoundsException (int arg0){}
        public ArrayIndexOutOfBoundsException (
            java.lang.java.lang.String arg0
          ){
            super(arg0);
          }
        };
14:06:13.247 [Test worker] ERROR de.uka.ilkd.key.java.KeYJPMapping -- Duplicate registration of type: 
package java.lang;;, formerValue: 
package java.lang;;
14:06:13.263 [Test worker] WARN de.uka.ilkd.key.java.KeYJPMapping -- Size of rec2key: 9 entries
14:06:13.263 [Test worker] ERROR de.uka.ilkd.key.java.KeYJPMapping -- Duplicate registration of type: {
  super();
}, formerValue: {
  super();
}
14:06:13.263 [Test worker] WARN de.uka.ilkd.key.java.KeYJPMapping -- Size of rec2key: 9 entries
14:06:13.279 [Test worker] ERROR de.uka.ilkd.key.java.KeYJPMapping -- Duplicate registration of type: {
  super(arg0);
}, formerValue: {
  super(arg0);
}
14:06:13.279 [Test worker] WARN de.uka.ilkd.key.java.KeYJPMapping -- Size of rec2key: 9 entries

package java.lang;

public class ArrayStoreException extends java.lang.java.lang.RuntimeException implements  {
    public ArrayStoreException (){
        super();
      }
      public ArrayStoreException (
          java.lang.java.lang.String arg0
        ){
          super(arg0);
        }
      };
14:06:13.310 [Test worker] ERROR de.uka.ilkd.key.java.KeYJPMapping -- Duplicate registration of type: 
package java.lang;;, formerValue: 
package java.lang;;
14:06:13.310 [Test worker] WARN de.uka.ilkd.key.java.KeYJPMapping -- Size of rec2key: 9 entries
14:06:13.310 [Test worker] ERROR de.uka.ilkd.key.java.KeYJPMapping -- Duplicate registration of type: {}, formerValue: {}
14:06:13.310 [Test worker] WARN de.uka.ilkd.key.java.KeYJPMapping -- Size of rec2key: 9 entries
14:06:13.310 [Test worker] ERROR de.uka.ilkd.key.java.KeYJPMapping -- Duplicate registration of type: {}, formerValue: {}
14:06:13.310 [Test worker] WARN de.uka.ilkd.key.java.KeYJPMapping -- Size of rec2key: 9 entries
14:06:13.310 [Test worker] ERROR de.uka.ilkd.key.java.KeYJPMapping -- Duplicate registration of type: {}, formerValue: {}
14:06:13.310 [Test worker] WARN de.uka.ilkd.key.java.KeYJPMapping -- Size of rec2key: 9 entries
14:06:13.325 [Test worker] ERROR de.uka.ilkd.key.java.KeYJPMapping -- Duplicate registration of type: {}, formerValue: {}
14:06:13.325 [Test worker] WARN de.uka.ilkd.key.java.KeYJPMapping -- Size of rec2key: 9 entries
14:06:13.325 [Test worker] ERROR de.uka.ilkd.key.java.KeYJPMapping -- Duplicate registration of type: {}, formerValue: {}
14:06:13.325 [Test worker] WARN de.uka.ilkd.key.java.KeYJPMapping -- Size of rec2key: 9 entries
14:06:13.325 [Test worker] ERROR de.uka.ilkd.key.java.KeYJPMapping -- Duplicate registration of type: {}, formerValue: {}
14:06:13.325 [Test worker] WARN de.uka.ilkd.key.java.KeYJPMapping -- Size of rec2key: 9 entries

package java.lang;

public class AssertionError extends java.lang.java.lang.Error implements  {
    public AssertionError (){}
      public AssertionError (
          java.lang.java.lang.Object detailMessage
        ){}
        public AssertionError (boolean detailMessage){}
          public AssertionError (char detailMessage){}
            public AssertionError (int detailMessage){}
              public AssertionError (long detailMessage){}
              };
14:06:13.325 [Test worker] ERROR de.uka.ilkd.key.java.KeYJPMapping -- Duplicate registration of type: 
package java.lang;;, formerValue: 
package java.lang;;
14:06:13.325 [Test worker] WARN de.uka.ilkd.key.java.KeYJPMapping -- Size of rec2key: 9 entries

package java.lang;

public class Boolean extends  implements  {
  };
14:06:13.325 [Test worker] ERROR de.uka.ilkd.key.java.KeYJPMapping -- Duplicate registration of type: 
package java.lang;;, formerValue: 
package java.lang;;
14:06:13.325 [Test worker] WARN de.uka.ilkd.key.java.KeYJPMapping -- Size of rec2key: 9 entries
14:06:13.325 [Test worker] WARN de.uka.ilkd.key.java.KeYJPMapping -- Size of rec2key: 10 entries

package java.lang;

public
  final class Character extends java.lang.java.lang.Object implements java.io.java.io.Serializable,
  java.lang.java.lang.Comparable {
    static int digit (char ch, int radix);
    };
14:06:13.372 [Test worker] ERROR de.uka.ilkd.key.java.KeYJPMapping -- Duplicate registration of type: 
package java.lang;;, formerValue: 
package java.lang;;
14:06:13.372 [Test worker] WARN de.uka.ilkd.key.java.KeYJPMapping -- Size of rec2key: 10 entries

package java.lang;

public
  final class Class extends  implements  {
  };
14:06:13.388 [Test worker] ERROR de.uka.ilkd.key.java.KeYJPMapping -- Duplicate registration of type: 
package java.lang;;, formerValue: 
package java.lang;;
14:06:13.388 [Test worker] WARN de.uka.ilkd.key.java.KeYJPMapping -- Size of rec2key: 10 entries
14:06:13.404 [Test worker] ERROR de.uka.ilkd.key.java.KeYJPMapping -- Duplicate registration of type: {
  super();
}, formerValue: {
  super();
}
14:06:13.404 [Test worker] WARN de.uka.ilkd.key.java.KeYJPMapping -- Size of rec2key: 10 entries
14:06:13.419 [Test worker] ERROR de.uka.ilkd.key.java.KeYJPMapping -- Duplicate registration of type: {
  super(arg0);
}, formerValue: {
  super(arg0);
}
14:06:13.419 [Test worker] WARN de.uka.ilkd.key.java.KeYJPMapping -- Size of rec2key: 10 entries

package java.lang;

public class ClassCastException extends java.lang.java.lang.RuntimeException implements  {
    public ClassCastException (){
        super();
      }
      public ClassCastException (
          java.lang.java.lang.String arg0
        ){
          super(arg0);
        }
      };
14:06:13.450 [Test worker] ERROR de.uka.ilkd.key.java.KeYJPMapping -- Duplicate registration of type: 
package java.lang;;, formerValue: 
package java.lang;;
14:06:13.450 [Test worker] WARN de.uka.ilkd.key.java.KeYJPMapping -- Size of rec2key: 10 entries

package java.lang;

public interface Cloneable extends  {
  };
14:06:13.450 [Test worker] ERROR de.uka.ilkd.key.java.KeYJPMapping -- Duplicate registration of type: 
package java.lang;;, formerValue: 
package java.lang;;
14:06:13.450 [Test worker] WARN de.uka.ilkd.key.java.KeYJPMapping -- Size of rec2key: 10 entries
14:06:13.450 [Test worker] ERROR de.uka.ilkd.key.java.KeYJPMapping -- Duplicate registration of type: {
  super();
}, formerValue: {
  super();
}
14:06:13.466 [Test worker] WARN de.uka.ilkd.key.java.KeYJPMapping -- Size of rec2key: 10 entries
14:06:13.466 [Test worker] ERROR de.uka.ilkd.key.java.KeYJPMapping -- Duplicate registration of type: {
  super(arg0);
}, formerValue: {
  super(arg0);
}
14:06:13.466 [Test worker] WARN de.uka.ilkd.key.java.KeYJPMapping -- Size of rec2key: 10 entries

package java.lang;

public class CloneNotSupportedException extends java.lang.java.lang.Exception implements  {
    public CloneNotSupportedException (){
        super();
      }
      public CloneNotSupportedException (
          java.lang.java.lang.String arg0
        ){
          super(arg0);
        }
      };
14:06:13.466 [Test worker] ERROR de.uka.ilkd.key.java.KeYJPMapping -- Duplicate registration of type: 
package java.lang;;, formerValue: 
package java.lang;;
14:06:13.466 [Test worker] WARN de.uka.ilkd.key.java.KeYJPMapping -- Size of rec2key: 10 entries
14:06:13.466 [Test worker] ERROR de.uka.ilkd.key.java.KeYJPMapping -- Duplicate registration of type: int;, formerValue: int;
14:06:13.466 [Test worker] WARN de.uka.ilkd.key.java.KeYJPMapping -- Size of rec2key: 10 entries

package java.lang;

public interface Comparable extends  {
    public int compareTo (
        java.lang.java.lang.Object arg0
      );
    };
14:06:13.466 [Test worker] ERROR de.uka.ilkd.key.java.KeYJPMapping -- Duplicate registration of type: 
package java.lang;;, formerValue: 
package java.lang;;
14:06:13.466 [Test worker] WARN de.uka.ilkd.key.java.KeYJPMapping -- Size of rec2key: 10 entries
14:06:13.466 [Test worker] WARN de.uka.ilkd.key.java.KeYJPMapping -- Size of rec2key: 11 entries
14:06:13.482 [Test worker] WARN de.uka.ilkd.key.java.KeYJPMapping -- Size of rec2key: 12 entries
14:06:13.482 [Test worker] WARN de.uka.ilkd.key.java.KeYJPMapping -- Size of rec2key: 13 entries

package java.lang;

public class Double extends  implements  {
    public
      static boolean isNaN (double val){
        return val != val;
      }
    };
14:06:13.482 [Test worker] ERROR de.uka.ilkd.key.java.KeYJPMapping -- Duplicate registration of type: 
package java.lang;;, formerValue: 
package java.lang;;
14:06:13.482 [Test worker] WARN de.uka.ilkd.key.java.KeYJPMapping -- Size of rec2key: 13 entries
14:06:13.497 [Test worker] WARN de.uka.ilkd.key.java.KeYJPMapping -- Size of rec2key: 14 entries
14:06:13.497 [Test worker] ERROR de.uka.ilkd.key.java.KeYJPMapping -- Duplicate registration of type: int;, formerValue: int;
14:06:13.497 [Test worker] WARN de.uka.ilkd.key.java.KeYJPMapping -- Size of rec2key: 14 entries
14:06:13.497 [Test worker] ERROR de.uka.ilkd.key.java.KeYJPMapping -- Duplicate registration of type: {}, formerValue: {}
14:06:13.497 [Test worker] WARN de.uka.ilkd.key.java.KeYJPMapping -- Size of rec2key: 14 entries
14:06:13.497 [Test worker] ERROR de.uka.ilkd.key.java.KeYJPMapping -- Duplicate registration of type: java.lang.java.lang.Class;, formerValue: java.lang.java.lang.Class;
14:06:13.497 [Test worker] WARN de.uka.ilkd.key.java.KeYJPMapping -- Size of rec2key: 14 entries
14:06:13.497 [Test worker] WARN de.uka.ilkd.key.java.KeYJPMapping -- Size of rec2key: 15 entries

package java.lang;

public
  abstract class Enum extends java.lang.java.lang.Object implements java.lang.java.lang.Comparable,
  java.io.java.io.Serializable {
    public
      final java.lang.java.lang.String name ();
      public
        final int ordinal ();
        protected Enum (
            java.lang.java.lang.String arg0,
            int arg1
          ){}
          public
            final java.lang.java.lang.Class getDeclaringClass (
              
            );
            public
              static java.lang.java.lang.Enum valueOf (
                java.lang.java.lang.Class arg0,
                java.lang.java.lang.String arg1
              );
            };
14:06:13.513 [Test worker] ERROR de.uka.ilkd.key.java.KeYJPMapping -- Duplicate registration of type: 
package java.lang;;, formerValue: 
package java.lang;;
14:06:13.513 [Test worker] WARN de.uka.ilkd.key.java.KeYJPMapping -- Size of rec2key: 15 entries
14:06:13.513 [Test worker] ERROR de.uka.ilkd.key.java.KeYJPMapping -- Duplicate registration of type: {
  super();
}, formerValue: {
  super();
}
14:06:13.513 [Test worker] WARN de.uka.ilkd.key.java.KeYJPMapping -- Size of rec2key: 15 entries
14:06:13.544 [Test worker] ERROR de.uka.ilkd.key.java.KeYJPMapping -- Duplicate registration of type: {
  super(arg0);
}, formerValue: {
  super(arg0);
}
14:06:13.544 [Test worker] WARN de.uka.ilkd.key.java.KeYJPMapping -- Size of rec2key: 15 entries
14:06:13.575 [Test worker] WARN de.uka.ilkd.key.java.KeYJPMapping -- Size of rec2key: 16 entries
14:06:13.575 [Test worker] ERROR de.uka.ilkd.key.java.KeYJPMapping -- Duplicate registration of type: {
  super(arg0);
}, formerValue: {
  super(arg0);
}
14:06:13.575 [Test worker] WARN de.uka.ilkd.key.java.KeYJPMapping -- Size of rec2key: 16 entries

package java.lang;

public class Error extends java.lang.java.lang.Throwable implements  {
    public Error (){
        super();
      }
      public Error (java.lang.java.lang.String arg0){
          super(arg0);
        }
        public Error (
            java.lang.java.lang.String arg0,
            java.lang.java.lang.Throwable arg1
          ){
            super(arg0, arg1);
          }
          public Error (
              java.lang.java.lang.Throwable arg0
            ){
              super(arg0);
            }
          };
14:06:13.591 [Test worker] ERROR de.uka.ilkd.key.java.KeYJPMapping -- Duplicate registration of type: 
package java.lang;;, formerValue: 
package java.lang;;
14:06:13.591 [Test worker] WARN de.uka.ilkd.key.java.KeYJPMapping -- Size of rec2key: 16 entries
14:06:13.591 [Test worker] ERROR de.uka.ilkd.key.java.KeYJPMapping -- Duplicate registration of type: {
  super();
}, formerValue: {
  super();
}
14:06:13.591 [Test worker] WARN de.uka.ilkd.key.java.KeYJPMapping -- Size of rec2key: 16 entries
14:06:13.607 [Test worker] ERROR de.uka.ilkd.key.java.KeYJPMapping -- Duplicate registration of type: {
  super(arg0);
}, formerValue: {
  super(arg0);
}
14:06:13.607 [Test worker] WARN de.uka.ilkd.key.java.KeYJPMapping -- Size of rec2key: 16 entries
14:06:13.607 [Test worker] ERROR de.uka.ilkd.key.java.KeYJPMapping -- Duplicate registration of type: {
  super(arg0, arg1);
}, formerValue: {
  super(arg0, arg1);
}
14:06:13.607 [Test worker] WARN de.uka.ilkd.key.java.KeYJPMapping -- Size of rec2key: 16 entries
14:06:13.607 [Test worker] ERROR de.uka.ilkd.key.java.KeYJPMapping -- Duplicate registration of type: {
  super(arg0);
}, formerValue: {
  super(arg0);
}
14:06:13.607 [Test worker] WARN de.uka.ilkd.key.java.KeYJPMapping -- Size of rec2key: 16 entries

package java.lang;

public class Exception extends java.lang.java.lang.Throwable implements  {
    public Exception (){
        super();
      }
      public Exception (java.lang.java.lang.String arg0){
          super(arg0);
        }
        public Exception (
            java.lang.java.lang.String arg0,
            java.lang.java.lang.Throwable arg1
          ){
            super(arg0, arg1);
          }
          public Exception (
              java.lang.java.lang.Throwable arg0
            ){
              super(arg0);
            }
          };
14:06:13.622 [Test worker] ERROR de.uka.ilkd.key.java.KeYJPMapping -- Duplicate registration of type: 
package java.lang;;, formerValue: 
package java.lang;;
14:06:13.622 [Test worker] WARN de.uka.ilkd.key.java.KeYJPMapping -- Size of rec2key: 16 entries
14:06:13.622 [Test worker] ERROR de.uka.ilkd.key.java.KeYJPMapping -- Duplicate registration of type: {
  super();
}, formerValue: {
  super();
}
14:06:13.622 [Test worker] WARN de.uka.ilkd.key.java.KeYJPMapping -- Size of rec2key: 16 entries
14:06:13.622 [Test worker] WARN de.uka.ilkd.key.java.KeYJPMapping -- Size of rec2key: 17 entries
14:06:13.638 [Test worker] WARN de.uka.ilkd.key.java.KeYJPMapping -- Size of rec2key: 18 entries
14:06:13.638 [Test worker] ERROR de.uka.ilkd.key.java.KeYJPMapping -- Duplicate registration of type: {
  super(arg0);
}, formerValue: {
  super(arg0);
}
14:06:13.638 [Test worker] WARN de.uka.ilkd.key.java.KeYJPMapping -- Size of rec2key: 18 entries
14:06:13.638 [Test worker] WARN de.uka.ilkd.key.java.KeYJPMapping -- Size of rec2key: 19 entries
14:06:13.638 [Test worker] ERROR de.uka.ilkd.key.java.KeYJPMapping -- Duplicate registration of type: java.lang.java.lang.Throwable;, formerValue: java.lang.java.lang.Throwable;
14:06:13.638 [Test worker] WARN de.uka.ilkd.key.java.KeYJPMapping -- Size of rec2key: 19 entries

package java.lang;

public class ExceptionInInitializerError extends java.lang.java.lang.LinkageError implements  {
    public ExceptionInInitializerError (){
        super();
      }
      public ExceptionInInitializerError (
          java.lang.java.lang.Throwable arg0
        ){
          super();
          initCause(arg0);
        }
        public ExceptionInInitializerError (
            java.lang.java.lang.String arg0
          ){
            super(arg0);
          }
          public java.lang.java.lang.Throwable getException (
              
            );
            public java.lang.java.lang.Throwable getCause (
                
              );
            };
14:06:13.732 [Test worker] ERROR de.uka.ilkd.key.java.KeYJPMapping -- Duplicate registration of type: 
package java.lang;;, formerValue: 
package java.lang;;
14:06:13.732 [Test worker] WARN de.uka.ilkd.key.java.KeYJPMapping -- Size of rec2key: 19 entries
14:06:13.732 [Test worker] ERROR de.uka.ilkd.key.java.KeYJPMapping -- Duplicate registration of type: boolean;, formerValue: boolean;
14:06:13.732 [Test worker] WARN de.uka.ilkd.key.java.KeYJPMapping -- Size of rec2key: 19 entries
14:06:13.732 [Test worker] ERROR de.uka.ilkd.key.java.KeYJPMapping -- Duplicate registration of type: val != val;, formerValue: val != val;
14:06:13.732 [Test worker] WARN de.uka.ilkd.key.java.KeYJPMapping -- Size of rec2key: 19 entries
14:06:13.732 [Test worker] ERROR de.uka.ilkd.key.java.KeYJPMapping -- Duplicate registration of type: {
  return val != val;
}, formerValue: {
  return val != val;
}
14:06:13.732 [Test worker] WARN de.uka.ilkd.key.java.KeYJPMapping -- Size of rec2key: 19 entries

package java.lang;

public class Float extends  implements  {
    public
      static boolean isNaN (float val){
        return val != val;
      }
    };
14:06:13.748 [Test worker] ERROR de.uka.ilkd.key.java.KeYJPMapping -- Duplicate registration of type: 
package java.lang;;, formerValue: 
package java.lang;;
14:06:13.748 [Test worker] WARN de.uka.ilkd.key.java.KeYJPMapping -- Size of rec2key: 19 entries
14:06:13.748 [Test worker] ERROR de.uka.ilkd.key.java.KeYJPMapping -- Duplicate registration of type: {
  super();
}, formerValue: {
  super();
}
14:06:13.748 [Test worker] WARN de.uka.ilkd.key.java.KeYJPMapping -- Size of rec2key: 19 entries
14:06:13.748 [Test worker] ERROR de.uka.ilkd.key.java.KeYJPMapping -- Duplicate registration of type: {
  super(arg0);
}, formerValue: {
  super(arg0);
}
14:06:13.748 [Test worker] WARN de.uka.ilkd.key.java.KeYJPMapping -- Size of rec2key: 19 entries

package java.lang;

public class IllegalArgumentException extends java.lang.java.lang.RuntimeException implements  {
    public IllegalArgumentException (){
        super();
      }
      public IllegalArgumentException (
          java.lang.java.lang.String arg0
        ){
          super(arg0);
        }
      };
14:06:13.748 [Test worker] ERROR de.uka.ilkd.key.java.KeYJPMapping -- Duplicate registration of type: 
package java.lang;;, formerValue: 
package java.lang;;
14:06:13.748 [Test worker] WARN de.uka.ilkd.key.java.KeYJPMapping -- Size of rec2key: 19 entries
14:06:13.748 [Test worker] ERROR de.uka.ilkd.key.java.KeYJPMapping -- Duplicate registration of type: {
  super();
}, formerValue: {
  super();
}
14:06:13.748 [Test worker] WARN de.uka.ilkd.key.java.KeYJPMapping -- Size of rec2key: 19 entries
14:06:13.763 [Test worker] ERROR de.uka.ilkd.key.java.KeYJPMapping -- Duplicate registration of type: {
  super(arg0);
}, formerValue: {
  super(arg0);
}
14:06:13.763 [Test worker] WARN de.uka.ilkd.key.java.KeYJPMapping -- Size of rec2key: 19 entries

package java.lang;

public class IndexOutOfBoundsException extends java.lang.java.lang.RuntimeException implements  {
    public IndexOutOfBoundsException (){
        super();
      }
      public IndexOutOfBoundsException (
          java.lang.java.lang.String arg0
        ){
          super(arg0);
        }
      };
14:06:13.779 [Test worker] ERROR de.uka.ilkd.key.java.KeYJPMapping -- Duplicate registration of type: 
package java.lang;;, formerValue: 
package java.lang;;
14:06:13.779 [Test worker] WARN de.uka.ilkd.key.java.KeYJPMapping -- Size of rec2key: 19 entries
14:06:13.779 [Test worker] ERROR de.uka.ilkd.key.java.KeYJPMapping -- Duplicate registration of type: int;, formerValue: int;
14:06:13.779 [Test worker] WARN de.uka.ilkd.key.java.KeYJPMapping -- Size of rec2key: 19 entries
14:06:13.779 [Test worker] ERROR de.uka.ilkd.key.java.KeYJPMapping -- Duplicate registration of type: 
package java.lang;;, formerValue: 
package java.lang;;
14:06:13.779 [Test worker] WARN de.uka.ilkd.key.java.KeYJPMapping -- Size of rec2key: 19 entries
14:06:13.779 [Test worker] ERROR de.uka.ilkd.key.java.KeYJPMapping -- Duplicate registration of type: {
  super();
}, formerValue: {
  super();
}
14:06:13.779 [Test worker] WARN de.uka.ilkd.key.java.KeYJPMapping -- Size of rec2key: 19 entries
14:06:13.795 [Test worker] ERROR de.uka.ilkd.key.java.KeYJPMapping -- Duplicate registration of type: {
  super(arg0);
}, formerValue: {
  super(arg0);
}
14:06:13.795 [Test worker] WARN de.uka.ilkd.key.java.KeYJPMapping -- Size of rec2key: 19 entries

package java.lang;

public class InterruptedException extends java.lang.java.lang.Exception implements  {
    public InterruptedException (){
        super();
      }
      public InterruptedException (
          java.lang.java.lang.String arg0
        ){
          super(arg0);
        }
      };
14:06:13.801 [Test worker] ERROR de.uka.ilkd.key.java.KeYJPMapping -- Duplicate registration of type: 
package java.lang;;, formerValue: 
package java.lang;;
14:06:13.801 [Test worker] WARN de.uka.ilkd.key.java.KeYJPMapping -- Size of rec2key: 19 entries
14:06:13.811 [Test worker] WARN de.uka.ilkd.key.java.KeYJPMapping -- Size of rec2key: 20 entries

package java.lang;

public interface Iterable extends  {
    public java.util.java.util.Iterator iterator ();
    };
14:06:13.811 [Test worker] ERROR de.uka.ilkd.key.java.KeYJPMapping -- Duplicate registration of type: 
package java.lang;;, formerValue: 
package java.lang;;
14:06:13.811 [Test worker] WARN de.uka.ilkd.key.java.KeYJPMapping -- Size of rec2key: 20 entries
14:06:13.811 [Test worker] ERROR de.uka.ilkd.key.java.KeYJPMapping -- Duplicate registration of type: {
  super();
}, formerValue: {
  super();
}
14:06:13.826 [Test worker] WARN de.uka.ilkd.key.java.KeYJPMapping -- Size of rec2key: 20 entries
14:06:13.826 [Test worker] ERROR de.uka.ilkd.key.java.KeYJPMapping -- Duplicate registration of type: {
  super(arg0);
}, formerValue: {
  super(arg0);
}
14:06:13.826 [Test worker] WARN de.uka.ilkd.key.java.KeYJPMapping -- Size of rec2key: 20 entries

package java.lang;

public class LinkageError extends java.lang.java.lang.Error implements  {
    public LinkageError (){
        super();
      }
      public LinkageError (
          java.lang.java.lang.String arg0
        ){
          super(arg0);
        }
      };
14:06:13.826 [Test worker] ERROR de.uka.ilkd.key.java.KeYJPMapping -- Duplicate registration of type: 
package java.lang;;, formerValue: 
package java.lang;;
14:06:13.826 [Test worker] WARN de.uka.ilkd.key.java.KeYJPMapping -- Size of rec2key: 20 entries
14:06:13.826 [Test worker] WARN de.uka.ilkd.key.java.KeYJPMapping -- Size of rec2key: 21 entries
14:06:13.826 [Test worker] WARN de.uka.ilkd.key.java.KeYJPMapping -- Size of rec2key: 22 entries
14:06:13.826 [Test worker] ERROR de.uka.ilkd.key.java.KeYJPMapping -- Duplicate registration of type: long;, formerValue: long;
14:06:13.826 [Test worker] WARN de.uka.ilkd.key.java.KeYJPMapping -- Size of rec2key: 22 entries
14:06:13.826 [Test worker] WARN de.uka.ilkd.key.java.KeYJPMapping -- Size of rec2key: 23 entries
14:06:13.842 [Test worker] ERROR de.uka.ilkd.key.java.KeYJPMapping -- Duplicate registration of type: java.lang.java.lang.Class;, formerValue: java.lang.java.lang.Class;
14:06:13.842 [Test worker] WARN de.uka.ilkd.key.java.KeYJPMapping -- Size of rec2key: 23 entries
14:06:13.842 [Test worker] ERROR de.uka.ilkd.key.java.KeYJPMapping -- Duplicate registration of type: int;, formerValue: int;
14:06:13.842 [Test worker] WARN de.uka.ilkd.key.java.KeYJPMapping -- Size of rec2key: 23 entries
14:06:13.842 [Test worker] WARN de.uka.ilkd.key.java.KeYJPMapping -- Size of rec2key: 24 entries

package java.lang;

public
  final class Long extends  implements java.lang.java.lang.Comparable {
    public final
      static long java.lang.Long::MIN_VALUE = 0x8000000000000000L
    public final
      static long java.lang.Long::MAX_VALUE = 0x7fffffffffffffffL
    public final
      static java.lang.java.lang.Class java.lang.Long::TYPE
    public final static int java.lang.Long::SIZE = 64
  };
14:06:13.889 [Test worker] ERROR de.uka.ilkd.key.java.KeYJPMapping -- Duplicate registration of type: 
package java.lang;;, formerValue: 
package java.lang;;
14:06:13.889 [Test worker] WARN de.uka.ilkd.key.java.KeYJPMapping -- Size of rec2key: 24 entries
14:06:13.889 [Test worker] ERROR de.uka.ilkd.key.java.KeYJPMapping -- Duplicate registration of type: {}, formerValue: {}
14:06:13.889 [Test worker] WARN de.uka.ilkd.key.java.KeYJPMapping -- Size of rec2key: 24 entries
14:06:13.889 [Test worker] ERROR de.uka.ilkd.key.java.KeYJPMapping -- Duplicate registration of type: int;, formerValue: int;
14:06:13.889 [Test worker] WARN de.uka.ilkd.key.java.KeYJPMapping -- Size of rec2key: 24 entries
14:06:13.889 [Test worker] WARN de.uka.ilkd.key.java.KeYJPMapping -- Size of rec2key: 25 entries
14:06:13.889 [Test worker] WARN de.uka.ilkd.key.java.KeYJPMapping -- Size of rec2key: 26 entries
14:06:13.889 [Test worker] ERROR de.uka.ilkd.key.java.KeYJPMapping -- Duplicate registration of type: double;, formerValue: double;
14:06:13.889 [Test worker] WARN de.uka.ilkd.key.java.KeYJPMapping -- Size of rec2key: 26 entries
14:06:13.889 [Test worker] WARN de.uka.ilkd.key.java.KeYJPMapping -- Size of rec2key: 27 entries
14:06:13.889 [Test worker] ERROR de.uka.ilkd.key.java.KeYJPMapping -- Duplicate registration of type: double;, formerValue: double;
14:06:13.889 [Test worker] WARN de.uka.ilkd.key.java.KeYJPMapping -- Size of rec2key: 27 entries
14:06:13.951 [Test worker] WARN de.uka.ilkd.key.java.KeYJPMapping -- Size of rec2key: 28 entries
14:06:13.951 [Test worker] WARN de.uka.ilkd.key.java.KeYJPMapping -- Size of rec2key: 29 entries
14:06:13.951 [Test worker] ERROR de.uka.ilkd.key.java.KeYJPMapping -- Duplicate registration of type: double;, formerValue: double;
14:06:13.951 [Test worker] WARN de.uka.ilkd.key.java.KeYJPMapping -- Size of rec2key: 29 entries
14:06:13.951 [Test worker] WARN de.uka.ilkd.key.java.KeYJPMapping -- Size of rec2key: 30 entries
14:06:13.951 [Test worker] WARN de.uka.ilkd.key.java.KeYJPMapping -- Size of rec2key: 31 entries
14:06:13.951 [Test worker] ERROR de.uka.ilkd.key.java.KeYJPMapping -- Duplicate registration of type: int;, formerValue: int;
14:06:13.951 [Test worker] WARN de.uka.ilkd.key.java.KeYJPMapping -- Size of rec2key: 31 entries
14:06:13.951 [Test worker] WARN de.uka.ilkd.key.java.KeYJPMapping -- Size of rec2key: 32 entries
14:06:13.967 [Test worker] WARN de.uka.ilkd.key.java.KeYJPMapping -- Size of rec2key: 33 entries
14:06:13.967 [Test worker] WARN de.uka.ilkd.key.java.KeYJPMapping -- Size of rec2key: 34 entries
14:06:13.967 [Test worker] WARN de.uka.ilkd.key.java.KeYJPMapping -- Size of rec2key: 35 entries
14:06:13.967 [Test worker] ERROR de.uka.ilkd.key.java.KeYJPMapping -- Duplicate registration of type: a, formerValue: a
14:06:13.967 [Test worker] WARN de.uka.ilkd.key.java.KeYJPMapping -- Size of rec2key: 35 entries
14:06:13.967 [Test worker] WARN de.uka.ilkd.key.java.KeYJPMapping -- Size of rec2key: 36 entries
14:06:13.967 [Test worker] WARN de.uka.ilkd.key.java.KeYJPMapping -- Size of rec2key: 37 entries
14:06:13.967 [Test worker] ERROR de.uka.ilkd.key.java.KeYJPMapping -- Duplicate registration of type: long;, formerValue: long;
14:06:13.967 [Test worker] WARN de.uka.ilkd.key.java.KeYJPMapping -- Size of rec2key: 37 entries
14:06:13.967 [Test worker] ERROR de.uka.ilkd.key.java.KeYJPMapping -- Duplicate registration of type: a < 0;, formerValue: a < 0;
14:06:13.967 [Test worker] WARN de.uka.ilkd.key.java.KeYJPMapping -- Size of rec2key: 37 entries
14:06:13.967 [Test worker] ERROR de.uka.ilkd.key.java.KeYJPMapping -- Duplicate registration of type: ();, formerValue: ();
14:06:13.967 [Test worker] WARN de.uka.ilkd.key.java.KeYJPMapping -- Size of rec2key: 37 entries
14:06:13.967 [Test worker] ERROR de.uka.ilkd.key.java.KeYJPMapping -- Duplicate registration of type: a, formerValue: a
14:06:13.967 [Test worker] WARN de.uka.ilkd.key.java.KeYJPMapping -- Size of rec2key: 37 entries
14:06:13.967 [Test worker] ERROR de.uka.ilkd.key.java.KeYJPMapping -- Duplicate registration of type: -a;, formerValue: -a;
14:06:13.967 [Test worker] WARN de.uka.ilkd.key.java.KeYJPMapping -- Size of rec2key: 37 entries
14:06:13.967 [Test worker] ERROR de.uka.ilkd.key.java.KeYJPMapping -- Duplicate registration of type: a, formerValue: a
14:06:13.967 [Test worker] WARN de.uka.ilkd.key.java.KeYJPMapping -- Size of rec2key: 37 entries
14:06:13.967 [Test worker] ERROR de.uka.ilkd.key.java.KeYJPMapping -- Duplicate registration of type: ;, formerValue: ;
14:06:13.967 [Test worker] WARN de.uka.ilkd.key.java.KeYJPMapping -- Size of rec2key: 37 entries
14:06:13.967 [Test worker] ERROR de.uka.ilkd.key.java.KeYJPMapping -- Duplicate registration of type: {
  return ;
}, formerValue: {
  return ;
}
14:06:13.967 [Test worker] WARN de.uka.ilkd.key.java.KeYJPMapping -- Size of rec2key: 37 entries
14:06:13.967 [Test worker] ERROR de.uka.ilkd.key.java.KeYJPMapping -- Duplicate registration of type: double;, formerValue: double;
14:06:13.967 [Test worker] WARN de.uka.ilkd.key.java.KeYJPMapping -- Size of rec2key: 37 entries
14:06:13.967 [Test worker] WARN de.uka.ilkd.key.java.KeYJPMapping -- Size of rec2key: 38 entries
14:06:13.967 [Test worker] WARN de.uka.ilkd.key.java.KeYJPMapping -- Size of rec2key: 39 entries
14:06:13.967 [Test worker] WARN de.uka.ilkd.key.java.KeYJPMapping -- Size of rec2key: 40 entries
14:06:13.967 [Test worker] ERROR de.uka.ilkd.key.java.KeYJPMapping -- Duplicate registration of type: a, formerValue: a
14:06:13.967 [Test worker] WARN de.uka.ilkd.key.java.KeYJPMapping -- Size of rec2key: 40 entries
14:06:13.967 [Test worker] WARN de.uka.ilkd.key.java.KeYJPMapping -- Size of rec2key: 41 entries
14:06:13.967 [Test worker] WARN de.uka.ilkd.key.java.KeYJPMapping -- Size of rec2key: 42 entries
14:06:13.967 [Test worker] WARN de.uka.ilkd.key.java.KeYJPMapping -- Size of rec2key: 43 entries
14:06:13.967 [Test worker] WARN de.uka.ilkd.key.java.KeYJPMapping -- Size of rec2key: 44 entries
14:06:13.967 [Test worker] WARN de.uka.ilkd.key.java.KeYJPMapping -- Size of rec2key: 45 entries
14:06:13.982 [Test worker] WARN de.uka.ilkd.key.java.KeYJPMapping -- Size of rec2key: 46 entries
14:06:13.982 [Test worker] ERROR de.uka.ilkd.key.java.KeYJPMapping -- Duplicate registration of type: a, formerValue: a
14:06:13.982 [Test worker] WARN de.uka.ilkd.key.java.KeYJPMapping -- Size of rec2key: 46 entries
14:06:13.982 [Test worker] WARN de.uka.ilkd.key.java.KeYJPMapping -- Size of rec2key: 47 entries
14:06:13.982 [Test worker] WARN de.uka.ilkd.key.java.KeYJPMapping -- Size of rec2key: 48 entries
14:06:13.982 [Test worker] ERROR de.uka.ilkd.key.java.KeYJPMapping -- Duplicate registration of type: int;, formerValue: int;
14:06:13.982 [Test worker] WARN de.uka.ilkd.key.java.KeYJPMapping -- Size of rec2key: 48 entries
14:06:13.982 [Test worker] WARN de.uka.ilkd.key.java.KeYJPMapping -- Size of rec2key: 49 entries
14:06:13.982 [Test worker] WARN de.uka.ilkd.key.java.KeYJPMapping -- Size of rec2key: 50 entries
14:06:13.982 [Test worker] ERROR de.uka.ilkd.key.java.KeYJPMapping -- Duplicate registration of type: a, formerValue: a
14:06:13.982 [Test worker] WARN de.uka.ilkd.key.java.KeYJPMapping -- Size of rec2key: 50 entries
14:06:13.982 [Test worker] WARN de.uka.ilkd.key.java.KeYJPMapping -- Size of rec2key: 51 entries
14:06:13.982 [Test worker] WARN de.uka.ilkd.key.java.KeYJPMapping -- Size of rec2key: 52 entries
14:06:13.982 [Test worker] WARN de.uka.ilkd.key.java.KeYJPMapping -- Size of rec2key: 53 entries
14:06:13.982 [Test worker] ERROR de.uka.ilkd.key.java.KeYJPMapping -- Duplicate registration of type: long;, formerValue: long;
14:06:13.982 [Test worker] WARN de.uka.ilkd.key.java.KeYJPMapping -- Size of rec2key: 53 entries
14:06:13.982 [Test worker] ERROR de.uka.ilkd.key.java.KeYJPMapping -- Duplicate registration of type: a <= b;, formerValue: a <= b;
14:06:13.982 [Test worker] WARN de.uka.ilkd.key.java.KeYJPMapping -- Size of rec2key: 53 entries
14:06:13.982 [Test worker] ERROR de.uka.ilkd.key.java.KeYJPMapping -- Duplicate registration of type: ();, formerValue: ();
14:06:13.982 [Test worker] WARN de.uka.ilkd.key.java.KeYJPMapping -- Size of rec2key: 53 entries
14:06:13.982 [Test worker] ERROR de.uka.ilkd.key.java.KeYJPMapping -- Duplicate registration of type: a, formerValue: a
14:06:13.982 [Test worker] WARN de.uka.ilkd.key.java.KeYJPMapping -- Size of rec2key: 53 entries
14:06:13.982 [Test worker] ERROR de.uka.ilkd.key.java.KeYJPMapping -- Duplicate registration of type: b, formerValue: b
14:06:13.982 [Test worker] WARN de.uka.ilkd.key.java.KeYJPMapping -- Size of rec2key: 53 entries
14:06:13.982 [Test worker] ERROR de.uka.ilkd.key.java.KeYJPMapping -- Duplicate registration of type: ;, formerValue: ;
14:06:13.982 [Test worker] WARN de.uka.ilkd.key.java.KeYJPMapping -- Size of rec2key: 53 entries
14:06:13.982 [Test worker] ERROR de.uka.ilkd.key.java.KeYJPMapping -- Duplicate registration of type: {
  return ;
}, formerValue: {
  return ;
}
14:06:13.982 [Test worker] WARN de.uka.ilkd.key.java.KeYJPMapping -- Size of rec2key: 53 entries
14:06:13.982 [Test worker] ERROR de.uka.ilkd.key.java.KeYJPMapping -- Duplicate registration of type: double;, formerValue: double;
14:06:13.982 [Test worker] WARN de.uka.ilkd.key.java.KeYJPMapping -- Size of rec2key: 53 entries
14:06:13.982 [Test worker] ERROR de.uka.ilkd.key.java.KeYJPMapping -- Duplicate registration of type: a <= b;, formerValue: a <= b;
14:06:13.982 [Test worker] WARN de.uka.ilkd.key.java.KeYJPMapping -- Size of rec2key: 53 entries
14:06:13.982 [Test worker] ERROR de.uka.ilkd.key.java.KeYJPMapping -- Duplicate registration of type: ();, formerValue: ();
14:06:13.982 [Test worker] WARN de.uka.ilkd.key.java.KeYJPMapping -- Size of rec2key: 53 entries
14:06:13.982 [Test worker] ERROR de.uka.ilkd.key.java.KeYJPMapping -- Duplicate registration of type: a, formerValue: a
14:06:13.982 [Test worker] WARN de.uka.ilkd.key.java.KeYJPMapping -- Size of rec2key: 53 entries
14:06:13.982 [Test worker] ERROR de.uka.ilkd.key.java.KeYJPMapping -- Duplicate registration of type: b, formerValue: b
14:06:13.982 [Test worker] WARN de.uka.ilkd.key.java.KeYJPMapping -- Size of rec2key: 53 entries
14:06:13.982 [Test worker] ERROR de.uka.ilkd.key.java.KeYJPMapping -- Duplicate registration of type: ;, formerValue: ;
14:06:13.982 [Test worker] WARN de.uka.ilkd.key.java.KeYJPMapping -- Size of rec2key: 53 entries
14:06:13.982 [Test worker] ERROR de.uka.ilkd.key.java.KeYJPMapping -- Duplicate registration of type: {
  return ;
}, formerValue: {
  return ;
}
14:06:13.982 [Test worker] WARN de.uka.ilkd.key.java.KeYJPMapping -- Size of rec2key: 53 entries
14:06:13.982 [Test worker] ERROR de.uka.ilkd.key.java.KeYJPMapping -- Duplicate registration of type: float;, formerValue: float;
14:06:13.982 [Test worker] WARN de.uka.ilkd.key.java.KeYJPMapping -- Size of rec2key: 53 entries
14:06:13.982 [Test worker] ERROR de.uka.ilkd.key.java.KeYJPMapping -- Duplicate registration of type: a <= b;, formerValue: a <= b;
14:06:13.982 [Test worker] WARN de.uka.ilkd.key.java.KeYJPMapping -- Size of rec2key: 53 entries
14:06:13.982 [Test worker] ERROR de.uka.ilkd.key.java.KeYJPMapping -- Duplicate registration of type: ();, formerValue: ();
14:06:13.982 [Test worker] WARN de.uka.ilkd.key.java.KeYJPMapping -- Size of rec2key: 53 entries
14:06:13.982 [Test worker] ERROR de.uka.ilkd.key.java.KeYJPMapping -- Duplicate registration of type: a, formerValue: a
14:06:13.982 [Test worker] WARN de.uka.ilkd.key.java.KeYJPMapping -- Size of rec2key: 53 entries
14:06:13.982 [Test worker] ERROR de.uka.ilkd.key.java.KeYJPMapping -- Duplicate registration of type: b, formerValue: b
14:06:13.982 [Test worker] WARN de.uka.ilkd.key.java.KeYJPMapping -- Size of rec2key: 53 entries
14:06:13.982 [Test worker] ERROR de.uka.ilkd.key.java.KeYJPMapping -- Duplicate registration of type: ;, formerValue: ;
14:06:13.982 [Test worker] WARN de.uka.ilkd.key.java.KeYJPMapping -- Size of rec2key: 53 entries
14:06:13.982 [Test worker] ERROR de.uka.ilkd.key.java.KeYJPMapping -- Duplicate registration of type: {
  return ;
}, formerValue: {
  return ;
}
14:06:13.982 [Test worker] WARN de.uka.ilkd.key.java.KeYJPMapping -- Size of rec2key: 53 entries
14:06:13.982 [Test worker] ERROR de.uka.ilkd.key.java.KeYJPMapping -- Duplicate registration of type: int;, formerValue: int;
14:06:13.982 [Test worker] WARN de.uka.ilkd.key.java.KeYJPMapping -- Size of rec2key: 53 entries
14:06:13.982 [Test worker] WARN de.uka.ilkd.key.java.KeYJPMapping -- Size of rec2key: 54 entries
14:06:13.982 [Test worker] WARN de.uka.ilkd.key.java.KeYJPMapping -- Size of rec2key: 55 entries
14:06:13.982 [Test worker] ERROR de.uka.ilkd.key.java.KeYJPMapping -- Duplicate registration of type: a, formerValue: a
14:06:13.982 [Test worker] WARN de.uka.ilkd.key.java.KeYJPMapping -- Size of rec2key: 55 entries
14:06:13.982 [Test worker] ERROR de.uka.ilkd.key.java.KeYJPMapping -- Duplicate registration of type: b, formerValue: b
14:06:13.982 [Test worker] WARN de.uka.ilkd.key.java.KeYJPMapping -- Size of rec2key: 55 entries
14:06:13.982 [Test worker] WARN de.uka.ilkd.key.java.KeYJPMapping -- Size of rec2key: 56 entries
14:06:13.982 [Test worker] WARN de.uka.ilkd.key.java.KeYJPMapping -- Size of rec2key: 57 entries
14:06:13.982 [Test worker] ERROR de.uka.ilkd.key.java.KeYJPMapping -- Duplicate registration of type: long;, formerValue: long;
14:06:13.982 [Test worker] WARN de.uka.ilkd.key.java.KeYJPMapping -- Size of rec2key: 57 entries
14:06:13.982 [Test worker] ERROR de.uka.ilkd.key.java.KeYJPMapping -- Duplicate registration of type: a >= b;, formerValue: a >= b;
14:06:13.982 [Test worker] WARN de.uka.ilkd.key.java.KeYJPMapping -- Size of rec2key: 57 entries
14:06:13.982 [Test worker] ERROR de.uka.ilkd.key.java.KeYJPMapping -- Duplicate registration of type: ();, formerValue: ();
14:06:13.982 [Test worker] WARN de.uka.ilkd.key.java.KeYJPMapping -- Size of rec2key: 57 entries
14:06:13.982 [Test worker] ERROR de.uka.ilkd.key.java.KeYJPMapping -- Duplicate registration of type: a, formerValue: a
14:06:13.982 [Test worker] WARN de.uka.ilkd.key.java.KeYJPMapping -- Size of rec2key: 57 entries
14:06:13.982 [Test worker] ERROR de.uka.ilkd.key.java.KeYJPMapping -- Duplicate registration of type: b, formerValue: b
14:06:13.982 [Test worker] WARN de.uka.ilkd.key.java.KeYJPMapping -- Size of rec2key: 57 entries
14:06:13.982 [Test worker] ERROR de.uka.ilkd.key.java.KeYJPMapping -- Duplicate registration of type: ;, formerValue: ;
14:06:13.982 [Test worker] WARN de.uka.ilkd.key.java.KeYJPMapping -- Size of rec2key: 57 entries
14:06:13.982 [Test worker] ERROR de.uka.ilkd.key.java.KeYJPMapping -- Duplicate registration of type: {
  return ;
}, formerValue: {
  return ;
}
14:06:13.982 [Test worker] WARN de.uka.ilkd.key.java.KeYJPMapping -- Size of rec2key: 57 entries
14:06:13.982 [Test worker] ERROR de.uka.ilkd.key.java.KeYJPMapping -- Duplicate registration of type: double;, formerValue: double;
14:06:13.982 [Test worker] WARN de.uka.ilkd.key.java.KeYJPMapping -- Size of rec2key: 57 entries
14:06:13.982 [Test worker] ERROR de.uka.ilkd.key.java.KeYJPMapping -- Duplicate registration of type: a, formerValue: a
14:06:13.982 [Test worker] WARN de.uka.ilkd.key.java.KeYJPMapping -- Size of rec2key: 57 entries
14:06:13.982 [Test worker] WARN de.uka.ilkd.key.java.KeYJPMapping -- Size of rec2key: 58 entries
14:06:13.998 [Test worker] WARN de.uka.ilkd.key.java.KeYJPMapping -- Size of rec2key: 59 entries
14:06:13.998 [Test worker] ERROR de.uka.ilkd.key.java.KeYJPMapping -- Duplicate registration of type: a >= b;, formerValue: a >= b;
14:06:13.998 [Test worker] WARN de.uka.ilkd.key.java.KeYJPMapping -- Size of rec2key: 59 entries
14:06:13.998 [Test worker] ERROR de.uka.ilkd.key.java.KeYJPMapping -- Duplicate registration of type: ();, formerValue: ();
14:06:13.998 [Test worker] WARN de.uka.ilkd.key.java.KeYJPMapping -- Size of rec2key: 59 entries
14:06:13.998 [Test worker] ERROR de.uka.ilkd.key.java.KeYJPMapping -- Duplicate registration of type: a, formerValue: a
14:06:13.998 [Test worker] WARN de.uka.ilkd.key.java.KeYJPMapping -- Size of rec2key: 59 entries
14:06:13.998 [Test worker] ERROR de.uka.ilkd.key.java.KeYJPMapping -- Duplicate registration of type: b, formerValue: b
14:06:13.998 [Test worker] WARN de.uka.ilkd.key.java.KeYJPMapping -- Size of rec2key: 59 entries
14:06:13.998 [Test worker] ERROR de.uka.ilkd.key.java.KeYJPMapping -- Duplicate registration of type: ;, formerValue: ;
14:06:13.998 [Test worker] WARN de.uka.ilkd.key.java.KeYJPMapping -- Size of rec2key: 59 entries
14:06:13.998 [Test worker] WARN de.uka.ilkd.key.java.KeYJPMapping -- Size of rec2key: 60 entries
14:06:13.998 [Test worker] ERROR de.uka.ilkd.key.java.KeYJPMapping -- Duplicate registration of type: float;, formerValue: float;
14:06:13.998 [Test worker] WARN de.uka.ilkd.key.java.KeYJPMapping -- Size of rec2key: 60 entries
14:06:13.998 [Test worker] ERROR de.uka.ilkd.key.java.KeYJPMapping -- Duplicate registration of type: a, formerValue: a
14:06:13.998 [Test worker] WARN de.uka.ilkd.key.java.KeYJPMapping -- Size of rec2key: 60 entries
14:06:13.998 [Test worker] ERROR de.uka.ilkd.key.java.KeYJPMapping -- Duplicate registration of type: return a;, formerValue: return a;
14:06:13.998 [Test worker] WARN de.uka.ilkd.key.java.KeYJPMapping -- Size of rec2key: 60 entries
14:06:13.998 [Test worker] ERROR de.uka.ilkd.key.java.KeYJPMapping -- Duplicate registration of type: a != a;, formerValue: a != a;
14:06:13.998 [Test worker] WARN de.uka.ilkd.key.java.KeYJPMapping -- Size of rec2key: 60 entries
14:06:13.998 [Test worker] ERROR de.uka.ilkd.key.java.KeYJPMapping -- Duplicate registration of type: a >= b;, formerValue: a >= b;
14:06:13.998 [Test worker] WARN de.uka.ilkd.key.java.KeYJPMapping -- Size of rec2key: 60 entries
14:06:13.998 [Test worker] ERROR de.uka.ilkd.key.java.KeYJPMapping -- Duplicate registration of type: ();, formerValue: ();
14:06:13.998 [Test worker] WARN de.uka.ilkd.key.java.KeYJPMapping -- Size of rec2key: 60 entries
14:06:13.998 [Test worker] ERROR de.uka.ilkd.key.java.KeYJPMapping -- Duplicate registration of type: a, formerValue: a
14:06:13.998 [Test worker] WARN de.uka.ilkd.key.java.KeYJPMapping -- Size of rec2key: 60 entries
14:06:13.998 [Test worker] ERROR de.uka.ilkd.key.java.KeYJPMapping -- Duplicate registration of type: b, formerValue: b
14:06:13.998 [Test worker] WARN de.uka.ilkd.key.java.KeYJPMapping -- Size of rec2key: 60 entries
14:06:13.998 [Test worker] ERROR de.uka.ilkd.key.java.KeYJPMapping -- Duplicate registration of type: ;, formerValue: ;
14:06:13.998 [Test worker] WARN de.uka.ilkd.key.java.KeYJPMapping -- Size of rec2key: 60 entries
14:06:13.998 [Test worker] ERROR de.uka.ilkd.key.java.KeYJPMapping -- Duplicate registration of type: {
  if (a != a) return a;
  return ;
}, formerValue: {
  if (a != a) return a;
  return ;
}
14:06:13.998 [Test worker] WARN de.uka.ilkd.key.java.KeYJPMapping -- Size of rec2key: 60 entries
14:06:13.998 [Test worker] ERROR de.uka.ilkd.key.java.KeYJPMapping -- Duplicate registration of type: double;, formerValue: double;
14:06:13.998 [Test worker] WARN de.uka.ilkd.key.java.KeYJPMapping -- Size of rec2key: 60 entries
14:06:13.998 [Test worker] ERROR de.uka.ilkd.key.java.KeYJPMapping -- Duplicate registration of type: double;, formerValue: double;
14:06:13.998 [Test worker] WARN de.uka.ilkd.key.java.KeYJPMapping -- Size of rec2key: 60 entries
14:06:13.998 [Test worker] ERROR de.uka.ilkd.key.java.KeYJPMapping -- Duplicate registration of type: double;, formerValue: double;
14:06:13.998 [Test worker] WARN de.uka.ilkd.key.java.KeYJPMapping -- Size of rec2key: 60 entries
14:06:13.998 [Test worker] ERROR de.uka.ilkd.key.java.KeYJPMapping -- Duplicate registration of type: double;, formerValue: double;
14:06:13.998 [Test worker] WARN de.uka.ilkd.key.java.KeYJPMapping -- Size of rec2key: 60 entries
14:06:13.998 [Test worker] ERROR de.uka.ilkd.key.java.KeYJPMapping -- Duplicate registration of type: double;, formerValue: double;
14:06:13.998 [Test worker] WARN de.uka.ilkd.key.java.KeYJPMapping -- Size of rec2key: 60 entries
14:06:13.998 [Test worker] ERROR de.uka.ilkd.key.java.KeYJPMapping -- Duplicate registration of type: double;, formerValue: double;
14:06:13.998 [Test worker] WARN de.uka.ilkd.key.java.KeYJPMapping -- Size of rec2key: 60 entries
14:06:13.998 [Test worker] ERROR de.uka.ilkd.key.java.KeYJPMapping -- Duplicate registration of type: double;, formerValue: double;
14:06:13.998 [Test worker] WARN de.uka.ilkd.key.java.KeYJPMapping -- Size of rec2key: 60 entries
14:06:13.998 [Test worker] ERROR de.uka.ilkd.key.java.KeYJPMapping -- Duplicate registration of type: double;, formerValue: double;
14:06:13.998 [Test worker] WARN de.uka.ilkd.key.java.KeYJPMapping -- Size of rec2key: 60 entries
14:06:13.998 [Test worker] ERROR de.uka.ilkd.key.java.KeYJPMapping -- Duplicate registration of type: double;, formerValue: double;
14:06:13.998 [Test worker] WARN de.uka.ilkd.key.java.KeYJPMapping -- Size of rec2key: 60 entries
14:06:14.014 [Test worker] ERROR de.uka.ilkd.key.java.KeYJPMapping -- Duplicate registration of type: double;, formerValue: double;
14:06:14.014 [Test worker] WARN de.uka.ilkd.key.java.KeYJPMapping -- Size of rec2key: 60 entries

package java.lang;

public
  final class Math extends  implements  {
    private Math (){}
      public
        static int floorMod (int x, int y);
        public static
          final double java.lang.Math::PI = 3.14159265358979323846
        public static
          final double java.lang.Math::E = 2.7182818284590452354
        public
          static double toRadians (double angdeg){
            return angdeg / 180.0 * PI;
          }
          public
            static double toDegrees (double angrad){
              return angrad * 180.0 / PI;
            }
            public
              static int abs (int a){
                return ;
              }
              public
                static long abs (long a){
                  return ;
                }
                public
                  static double abs (double a){
                    return ;
                  }
                  public
                    static float abs (float a){
                      return ;
                    }
                    public
                      static int min (int a, int b){
                        return ;
                      }
                      public
                        static long min (long a, long b){
                          return ;
                        }
                        public
                          static double min (
                            double a,
                            double b
                          ){
                            return ;
                          }
                          public
                            static float min (
                              float a,
                              float b
                            ){
                              return ;
                            }
                            public
                              static int max (
                                int a,
                                int b
                              ){
                                return ;
                              }
                              public
                                static long max (
                                  long a,
                                  long b
                                ){
                                  return ;
                                }
                                public
                                  static double max (
                                    double a,
                                    double b
                                  ){
                                    if (a != a)
                                      return
                                      a;
                                    return ;
                                  }
                                  public
                                    static float max (
                                      float a,
                                      float b
                                    ){
                                      if (a != a)
                                        return
                                        a;
                                      return ;
                                    }
                                    public
                                      static double sin (
                                        double d
                                      );
                                      public
                                        static double asin (
                                          double d
                                        );
                                        public
                                          static double cos (
                                            double d
                                          );
                                          public
                                            static double acos (
                                              double d
                                            );
                                            public
                                              static double tan (
                                                double d
                                              );
                                              public
                                                static double atan2 (
                                                  double a,
                                                  double b
                                                );
                                                public
                                                  static double sqrt (
                                                    double d
                                                  );
                                                  public
                                                    static double pow (
                                                      double a,
                                                      double b
                                                    );
                                                    public
                                                      static double exp (
                                                        double a
                                                      );
                                                      public
                                                        static double atan (
                                                          double a
                                                        );
                                                      };
14:06:14.014 [Test worker] ERROR de.uka.ilkd.key.java.KeYJPMapping -- Duplicate registration of type: 
package java.lang;;, formerValue: 
package java.lang;;
14:06:14.014 [Test worker] WARN de.uka.ilkd.key.java.KeYJPMapping -- Size of rec2key: 60 entries
14:06:14.014 [Test worker] ERROR de.uka.ilkd.key.java.KeYJPMapping -- Duplicate registration of type: {
  super();
}, formerValue: {
  super();
}
14:06:14.014 [Test worker] WARN de.uka.ilkd.key.java.KeYJPMapping -- Size of rec2key: 60 entries
14:06:14.014 [Test worker] ERROR de.uka.ilkd.key.java.KeYJPMapping -- Duplicate registration of type: {
  super(arg0);
}, formerValue: {
  super(arg0);
}
14:06:14.014 [Test worker] WARN de.uka.ilkd.key.java.KeYJPMapping -- Size of rec2key: 60 entries

package java.lang;

public class NegativeArraySizeException extends java.lang.java.lang.RuntimeException implements  {
    public NegativeArraySizeException (){
        super();
      }
      public NegativeArraySizeException (
          java.lang.java.lang.String arg0
        ){
          super(arg0);
        }
      };
14:06:14.029 [Test worker] ERROR de.uka.ilkd.key.java.KeYJPMapping -- Duplicate registration of type: 
package java.lang;;, formerValue: 
package java.lang;;
14:06:14.029 [Test worker] WARN de.uka.ilkd.key.java.KeYJPMapping -- Size of rec2key: 60 entries
14:06:14.029 [Test worker] ERROR de.uka.ilkd.key.java.KeYJPMapping -- Duplicate registration of type: {
  super();
}, formerValue: {
  super();
}
14:06:14.029 [Test worker] WARN de.uka.ilkd.key.java.KeYJPMapping -- Size of rec2key: 60 entries
14:06:14.029 [Test worker] ERROR de.uka.ilkd.key.java.KeYJPMapping -- Duplicate registration of type: {
  super(arg0);
}, formerValue: {
  super(arg0);
}
14:06:14.029 [Test worker] WARN de.uka.ilkd.key.java.KeYJPMapping -- Size of rec2key: 60 entries

package java.lang;

public class NoClassDefFoundError extends java.lang.java.lang.LinkageError implements  {
    public NoClassDefFoundError (){
        super();
      }
      public NoClassDefFoundError (
          java.lang.java.lang.String arg0
        ){
          super(arg0);
        }
      };
14:06:14.029 [Test worker] ERROR de.uka.ilkd.key.java.KeYJPMapping -- Duplicate registration of type: 
package java.lang;;, formerValue: 
package java.lang;;
14:06:14.029 [Test worker] WARN de.uka.ilkd.key.java.KeYJPMapping -- Size of rec2key: 60 entries
14:06:14.029 [Test worker] ERROR de.uka.ilkd.key.java.KeYJPMapping -- Duplicate registration of type: {}, formerValue: {}
14:06:14.029 [Test worker] WARN de.uka.ilkd.key.java.KeYJPMapping -- Size of rec2key: 60 entries
14:06:14.029 [Test worker] ERROR de.uka.ilkd.key.java.KeYJPMapping -- Duplicate registration of type: {
  super(arg0);
}, formerValue: {
  super(arg0);
}
14:06:14.029 [Test worker] WARN de.uka.ilkd.key.java.KeYJPMapping -- Size of rec2key: 60 entries

package java.lang;

public class NullPointerException extends java.lang.java.lang.RuntimeException implements  {
    public NullPointerException (){}
      public NullPointerException (
          java.lang.java.lang.String arg0
        ){
          super(arg0);
        }
      };
14:06:14.045 [Test worker] ERROR de.uka.ilkd.key.java.KeYJPMapping -- Duplicate registration of type: 
package java.lang;;, formerValue: 
package java.lang;;
14:06:14.045 [Test worker] WARN de.uka.ilkd.key.java.KeYJPMapping -- Size of rec2key: 60 entries
14:06:14.045 [Test worker] ERROR de.uka.ilkd.key.java.KeYJPMapping -- Duplicate registration of type: {}, formerValue: {}
14:06:14.045 [Test worker] WARN de.uka.ilkd.key.java.KeYJPMapping -- Size of rec2key: 60 entries
14:06:14.045 [Test worker] ERROR de.uka.ilkd.key.java.KeYJPMapping -- Duplicate registration of type: int;, formerValue: int;
14:06:14.045 [Test worker] WARN de.uka.ilkd.key.java.KeYJPMapping -- Size of rec2key: 60 entries
14:06:14.045 [Test worker] ERROR de.uka.ilkd.key.java.KeYJPMapping -- Duplicate registration of type: long;, formerValue: long;
14:06:14.045 [Test worker] WARN de.uka.ilkd.key.java.KeYJPMapping -- Size of rec2key: 60 entries
14:06:14.045 [Test worker] WARN de.uka.ilkd.key.java.KeYJPMapping -- Size of rec2key: 61 entries
14:06:14.045 [Test worker] WARN de.uka.ilkd.key.java.KeYJPMapping -- Size of rec2key: 62 entries

package java.lang;

public
  abstract class Number extends java.lang.java.lang.Object implements java.io.java.io.Serializable {
    public Number (){}
      public
        abstract int intValue ();
        public
          abstract long longValue ();
          public byte byteValue ();
            public short shortValue ();
            };
14:06:14.045 [Test worker] ERROR de.uka.ilkd.key.java.KeYJPMapping -- Duplicate registration of type: 
package java.lang;;, formerValue: 
package java.lang;;
14:06:14.045 [Test worker] WARN de.uka.ilkd.key.java.KeYJPMapping -- Size of rec2key: 62 entries
14:06:14.045 [Test worker] ERROR de.uka.ilkd.key.java.KeYJPMapping -- Duplicate registration of type: {
  super();
}, formerValue: {
  super();
}
14:06:14.045 [Test worker] WARN de.uka.ilkd.key.java.KeYJPMapping -- Size of rec2key: 62 entries
14:06:14.061 [Test worker] ERROR de.uka.ilkd.key.java.KeYJPMapping -- Duplicate registration of type: {
  super(arg0);
}, formerValue: {
  super(arg0);
}
14:06:14.061 [Test worker] WARN de.uka.ilkd.key.java.KeYJPMapping -- Size of rec2key: 62 entries

package java.lang;

public class NumberFormatException extends java.lang.java.lang.IllegalArgumentException implements  {
    public NumberFormatException (){
        super();
      }
      public NumberFormatException (
          java.lang.java.lang.String arg0
        ){
          super(arg0);
        }
      };
14:06:14.061 [Test worker] ERROR de.uka.ilkd.key.java.KeYJPMapping -- Duplicate registration of type: 
package java.lang;;, formerValue: 
package java.lang;;
14:06:14.061 [Test worker] WARN de.uka.ilkd.key.java.KeYJPMapping -- Size of rec2key: 62 entries
14:06:14.061 [Test worker] ERROR de.uka.ilkd.key.java.KeYJPMapping -- Duplicate registration of type: {}, formerValue: {}
14:06:14.061 [Test worker] WARN de.uka.ilkd.key.java.KeYJPMapping -- Size of rec2key: 62 entries
14:06:14.061 [Test worker] WARN de.uka.ilkd.key.java.KeYJPMapping -- Size of rec2key: 63 entries
14:06:14.061 [Test worker] ERROR de.uka.ilkd.key.java.KeYJPMapping -- Duplicate registration of type: int;, formerValue: int;
14:06:14.061 [Test worker] WARN de.uka.ilkd.key.java.KeYJPMapping -- Size of rec2key: 63 entries
14:06:14.061 [Test worker] ERROR de.uka.ilkd.key.java.KeYJPMapping -- Duplicate registration of type: java.lang.java.lang.String;, formerValue: java.lang.java.lang.String;
14:06:14.061 [Test worker] WARN de.uka.ilkd.key.java.KeYJPMapping -- Size of rec2key: 63 entries
14:06:14.061 [Test worker] ERROR de.uka.ilkd.key.java.KeYJPMapping -- Duplicate registration of type: any;, formerValue: any;
14:06:14.061 [Test worker] WARN de.uka.ilkd.key.java.KeYJPMapping -- Size of rec2key: 63 entries
14:06:14.061 [Test worker] ERROR de.uka.ilkd.key.java.KeYJPMapping -- Duplicate registration of type: {}, formerValue: {}
14:06:14.061 [Test worker] WARN de.uka.ilkd.key.java.KeYJPMapping -- Size of rec2key: 63 entries
14:06:14.076 [Test worker] WARN de.uka.ilkd.key.java.KeYJPMapping -- Size of rec2key: 64 entries
14:06:14.076 [Test worker] ERROR de.uka.ilkd.key.java.KeYJPMapping -- Duplicate registration of type: {}, formerValue: {}
14:06:14.076 [Test worker] WARN de.uka.ilkd.key.java.KeYJPMapping -- Size of rec2key: 64 entries
14:06:14.076 [Test worker] ERROR de.uka.ilkd.key.java.KeYJPMapping -- Duplicate registration of type: any;, formerValue: any;
14:06:14.076 [Test worker] WARN de.uka.ilkd.key.java.KeYJPMapping -- Size of rec2key: 64 entries
14:06:14.092 [Test worker] ERROR de.uka.ilkd.key.java.KeYJPMapping -- Duplicate registration of type: any;, formerValue: any;
14:06:14.092 [Test worker] WARN de.uka.ilkd.key.java.KeYJPMapping -- Size of rec2key: 64 entries
14:06:14.092 [Test worker] ERROR de.uka.ilkd.key.java.KeYJPMapping -- Duplicate registration of type: any;, formerValue: any;
14:06:14.092 [Test worker] WARN de.uka.ilkd.key.java.KeYJPMapping -- Size of rec2key: 64 entries
14:06:14.092 [Test worker] ERROR de.uka.ilkd.key.java.KeYJPMapping -- Duplicate registration of type: any;, formerValue: any;
14:06:14.092 [Test worker] WARN de.uka.ilkd.key.java.KeYJPMapping -- Size of rec2key: 64 entries
14:06:14.092 [Test worker] ERROR de.uka.ilkd.key.java.KeYJPMapping -- Duplicate registration of type: any;, formerValue: any;
14:06:14.092 [Test worker] WARN de.uka.ilkd.key.java.KeYJPMapping -- Size of rec2key: 64 entries

package java.lang;

public class Object extends  implements  {
    public Object (){}
      public boolean equals (
          java.lang.java.lang.Object o
        );
        public int hashCode ();
          public java.lang.java.lang.String toString ();
            protected any finalize ()throws java.lang.java.lang.Throwable{}
              protected java.lang.java.lang.Object clone (
                  
                )throws java.lang.java.lang.CloneNotSupportedException{}
                public
                  final any notify ();
                  public
                    final any notifyAll ();
                    public
                      final any wait ()throws java.lang.java.lang.InterruptedException;
                      public
                        final any wait (long ms)throws java.lang.java.lang.InterruptedException;
                        public
                          final any wait (
                            long ms,
                            int ns
                          )throws java.lang.java.lang.InterruptedException;
                        };
14:06:14.092 [Test worker] ERROR de.uka.ilkd.key.java.KeYJPMapping -- Duplicate registration of type: 
package java.lang;;, formerValue: 
package java.lang;;
14:06:14.092 [Test worker] WARN de.uka.ilkd.key.java.KeYJPMapping -- Size of rec2key: 64 entries
14:06:14.092 [Test worker] ERROR de.uka.ilkd.key.java.KeYJPMapping -- Duplicate registration of type: {}, formerValue: {}
14:06:14.092 [Test worker] WARN de.uka.ilkd.key.java.KeYJPMapping -- Size of rec2key: 64 entries
14:06:14.092 [Test worker] ERROR de.uka.ilkd.key.java.KeYJPMapping -- Duplicate registration of type: {}, formerValue: {}
14:06:14.092 [Test worker] WARN de.uka.ilkd.key.java.KeYJPMapping -- Size of rec2key: 64 entries

package java.lang;

public class OutOfMemoryError extends java.lang.java.lang.VirtualMachineError implements  {
    public OutOfMemoryError (){}
      public OutOfMemoryError (
          java.lang.java.lang.String arg0
        ){}
      };
14:06:14.092 [Test worker] ERROR de.uka.ilkd.key.java.KeYJPMapping -- Duplicate registration of type: 
package java.lang;;, formerValue: 
package java.lang;;
14:06:14.092 [Test worker] WARN de.uka.ilkd.key.java.KeYJPMapping -- Size of rec2key: 64 entries
14:06:14.092 [Test worker] ERROR de.uka.ilkd.key.java.KeYJPMapping -- Duplicate registration of type: any;, formerValue: any;
14:06:14.107 [Test worker] WARN de.uka.ilkd.key.java.KeYJPMapping -- Size of rec2key: 64 entries

package java.lang;

public interface Runnable extends  {
    public any run ();
    };
14:06:14.107 [Test worker] ERROR de.uka.ilkd.key.java.KeYJPMapping -- Duplicate registration of type: 
package java.lang;;, formerValue: 
package java.lang;;
14:06:14.107 [Test worker] WARN de.uka.ilkd.key.java.KeYJPMapping -- Size of rec2key: 64 entries
14:06:14.107 [Test worker] ERROR de.uka.ilkd.key.java.KeYJPMapping -- Duplicate registration of type: {
  super();
}, formerValue: {
  super();
}
14:06:14.107 [Test worker] WARN de.uka.ilkd.key.java.KeYJPMapping -- Size of rec2key: 64 entries
14:06:14.107 [Test worker] ERROR de.uka.ilkd.key.java.KeYJPMapping -- Duplicate registration of type: {
  super(arg0);
}, formerValue: {
  super(arg0);
}
14:06:14.107 [Test worker] WARN de.uka.ilkd.key.java.KeYJPMapping -- Size of rec2key: 64 entries
14:06:14.107 [Test worker] ERROR de.uka.ilkd.key.java.KeYJPMapping -- Duplicate registration of type: {
  super(arg0, arg1);
}, formerValue: {
  super(arg0, arg1);
}
14:06:14.107 [Test worker] WARN de.uka.ilkd.key.java.KeYJPMapping -- Size of rec2key: 64 entries
14:06:14.107 [Test worker] ERROR de.uka.ilkd.key.java.KeYJPMapping -- Duplicate registration of type: {
  super(arg0);
}, formerValue: {
  super(arg0);
}
14:06:14.107 [Test worker] WARN de.uka.ilkd.key.java.KeYJPMapping -- Size of rec2key: 64 entries

package java.lang;

public class RuntimeException extends java.lang.java.lang.Exception implements  {
    public RuntimeException (){
        super();
      }
      public RuntimeException (
          java.lang.java.lang.String arg0
        ){
          super(arg0);
        }
        public RuntimeException (
            java.lang.java.lang.String arg0,
            java.lang.java.lang.Throwable arg1
          ){
            super(arg0, arg1);
          }
          public RuntimeException (
              java.lang.java.lang.Throwable arg0
            ){
              super(arg0);
            }
          };
14:06:14.154 [Test worker] ERROR de.uka.ilkd.key.java.KeYJPMapping -- Duplicate registration of type: 
package java.lang;;, formerValue: 
package java.lang;;
14:06:14.154 [Test worker] WARN de.uka.ilkd.key.java.KeYJPMapping -- Size of rec2key: 64 entries
14:06:14.154 [Test worker] WARN de.uka.ilkd.key.java.KeYJPMapping -- Size of rec2key: 65 entries
14:06:14.154 [Test worker] ERROR de.uka.ilkd.key.java.KeYJPMapping -- Duplicate registration of type: {}, formerValue: {}
14:06:14.154 [Test worker] WARN de.uka.ilkd.key.java.KeYJPMapping -- Size of rec2key: 65 entries
14:06:14.154 [Test worker] ERROR de.uka.ilkd.key.java.KeYJPMapping -- Duplicate registration of type: {}, formerValue: {}
14:06:14.154 [Test worker] WARN de.uka.ilkd.key.java.KeYJPMapping -- Size of rec2key: 65 entries
14:06:14.154 [Test worker] ERROR de.uka.ilkd.key.java.KeYJPMapping -- Duplicate registration of type: {}, formerValue: {}
14:06:14.154 [Test worker] WARN de.uka.ilkd.key.java.KeYJPMapping -- Size of rec2key: 65 entries
14:06:14.154 [Test worker] ERROR de.uka.ilkd.key.java.KeYJPMapping -- Duplicate registration of type: {}, formerValue: {}
14:06:14.154 [Test worker] WARN de.uka.ilkd.key.java.KeYJPMapping -- Size of rec2key: 65 entries
14:06:14.154 [Test worker] ERROR de.uka.ilkd.key.java.KeYJPMapping -- Duplicate registration of type: {}, formerValue: {}
14:06:14.154 [Test worker] WARN de.uka.ilkd.key.java.KeYJPMapping -- Size of rec2key: 65 entries
14:06:14.154 [Test worker] ERROR de.uka.ilkd.key.java.KeYJPMapping -- Duplicate registration of type: {}, formerValue: {}
14:06:14.154 [Test worker] WARN de.uka.ilkd.key.java.KeYJPMapping -- Size of rec2key: 65 entries
14:06:14.154 [Test worker] ERROR de.uka.ilkd.key.java.KeYJPMapping -- Duplicate registration of type: {}, formerValue: {}
14:06:14.154 [Test worker] WARN de.uka.ilkd.key.java.KeYJPMapping -- Size of rec2key: 65 entries
14:06:14.154 [Test worker] ERROR de.uka.ilkd.key.java.KeYJPMapping -- Duplicate registration of type: {}, formerValue: {}
14:06:14.154 [Test worker] WARN de.uka.ilkd.key.java.KeYJPMapping -- Size of rec2key: 65 entries
14:06:14.154 [Test worker] ERROR de.uka.ilkd.key.java.KeYJPMapping -- Duplicate registration of type: {}, formerValue: {}
14:06:14.154 [Test worker] WARN de.uka.ilkd.key.java.KeYJPMapping -- Size of rec2key: 65 entries
14:06:14.154 [Test worker] WARN de.uka.ilkd.key.java.KeYJPMapping -- Size of rec2key: 66 entries
14:06:14.154 [Test worker] WARN de.uka.ilkd.key.java.KeYJPMapping -- Size of rec2key: 67 entries
14:06:14.170 [Test worker] WARN de.uka.ilkd.key.java.KeYJPMapping -- Size of rec2key: 68 entries
14:06:14.170 [Test worker] ERROR de.uka.ilkd.key.java.KeYJPMapping -- Duplicate registration of type: int;, formerValue: int;
14:06:14.170 [Test worker] WARN de.uka.ilkd.key.java.KeYJPMapping -- Size of rec2key: 68 entries
14:06:14.170 [Test worker] ERROR de.uka.ilkd.key.java.KeYJPMapping -- Duplicate registration of type: int;, formerValue: int;
14:06:14.170 [Test worker] WARN de.uka.ilkd.key.java.KeYJPMapping -- Size of rec2key: 68 entries
14:06:14.170 [Test worker] ERROR de.uka.ilkd.key.java.KeYJPMapping -- Duplicate registration of type: int;, formerValue: int;
14:06:14.186 [Test worker] WARN de.uka.ilkd.key.java.KeYJPMapping -- Size of rec2key: 68 entries
14:06:14.186 [Test worker] ERROR de.uka.ilkd.key.java.KeYJPMapping -- Duplicate registration of type: int;, formerValue: int;
14:06:14.186 [Test worker] WARN de.uka.ilkd.key.java.KeYJPMapping -- Size of rec2key: 68 entries
14:06:14.186 [Test worker] ERROR de.uka.ilkd.key.java.KeYJPMapping -- Duplicate registration of type: any;, formerValue: any;
14:06:14.186 [Test worker] WARN de.uka.ilkd.key.java.KeYJPMapping -- Size of rec2key: 68 entries
14:06:14.201 [Test worker] ERROR de.uka.ilkd.key.java.KeYJPMapping -- Duplicate registration of type: any;, formerValue: any;
14:06:14.201 [Test worker] WARN de.uka.ilkd.key.java.KeYJPMapping -- Size of rec2key: 68 entries
14:06:14.201 [Test worker] WARN de.uka.ilkd.key.java.KeYJPMapping -- Size of rec2key: 69 entries
14:06:14.201 [Test worker] ERROR de.uka.ilkd.key.java.KeYJPMapping -- Duplicate registration of type: boolean;, formerValue: boolean;
14:06:14.201 [Test worker] WARN de.uka.ilkd.key.java.KeYJPMapping -- Size of rec2key: 69 entries
14:06:14.201 [Test worker] ERROR de.uka.ilkd.key.java.KeYJPMapping -- Duplicate registration of type: boolean;, formerValue: boolean;
14:06:14.201 [Test worker] WARN de.uka.ilkd.key.java.KeYJPMapping -- Size of rec2key: 69 entries
14:06:14.201 [Test worker] ERROR de.uka.ilkd.key.java.KeYJPMapping -- Duplicate registration of type: int;, formerValue: int;
14:06:14.201 [Test worker] WARN de.uka.ilkd.key.java.KeYJPMapping -- Size of rec2key: 69 entries
14:06:14.201 [Test worker] ERROR de.uka.ilkd.key.java.KeYJPMapping -- Duplicate registration of type: int;, formerValue: int;
14:06:14.201 [Test worker] WARN de.uka.ilkd.key.java.KeYJPMapping -- Size of rec2key: 69 entries
14:06:14.217 [Test worker] ERROR de.uka.ilkd.key.java.KeYJPMapping -- Duplicate registration of type: boolean;, formerValue: boolean;
14:06:14.217 [Test worker] WARN de.uka.ilkd.key.java.KeYJPMapping -- Size of rec2key: 69 entries
14:06:14.217 [Test worker] ERROR de.uka.ilkd.key.java.KeYJPMapping -- Duplicate registration of type: boolean;, formerValue: boolean;
14:06:14.217 [Test worker] WARN de.uka.ilkd.key.java.KeYJPMapping -- Size of rec2key: 69 entries
14:06:14.217 [Test worker] ERROR de.uka.ilkd.key.java.KeYJPMapping -- Duplicate registration of type: boolean;, formerValue: boolean;
14:06:14.217 [Test worker] WARN de.uka.ilkd.key.java.KeYJPMapping -- Size of rec2key: 69 entries
14:06:14.232 [Test worker] ERROR de.uka.ilkd.key.java.KeYJPMapping -- Duplicate registration of type: boolean;, formerValue: boolean;
14:06:14.232 [Test worker] WARN de.uka.ilkd.key.java.KeYJPMapping -- Size of rec2key: 69 entries
14:06:14.232 [Test worker] ERROR de.uka.ilkd.key.java.KeYJPMapping -- Duplicate registration of type: boolean;, formerValue: boolean;
14:06:14.232 [Test worker] WARN de.uka.ilkd.key.java.KeYJPMapping -- Size of rec2key: 69 entries
14:06:14.232 [Test worker] ERROR de.uka.ilkd.key.java.KeYJPMapping -- Duplicate registration of type: int;, formerValue: int;
14:06:14.232 [Test worker] WARN de.uka.ilkd.key.java.KeYJPMapping -- Size of rec2key: 69 entries
14:06:14.232 [Test worker] ERROR de.uka.ilkd.key.java.KeYJPMapping -- Duplicate registration of type: int;, formerValue: int;
14:06:14.232 [Test worker] WARN de.uka.ilkd.key.java.KeYJPMapping -- Size of rec2key: 69 entries
14:06:14.232 [Test worker] WARN de.uka.ilkd.key.java.KeYJPMapping -- Size of rec2key: 70 entries
14:06:14.232 [Test worker] WARN de.uka.ilkd.key.java.KeYJPMapping -- Size of rec2key: 71 entries
14:06:14.232 [Test worker] ERROR de.uka.ilkd.key.java.KeYJPMapping -- Duplicate registration of type: int;, formerValue: int;
14:06:14.232 [Test worker] WARN de.uka.ilkd.key.java.KeYJPMapping -- Size of rec2key: 71 entries
14:06:14.232 [Test worker] ERROR de.uka.ilkd.key.java.KeYJPMapping -- Duplicate registration of type: int;, formerValue: int;
14:06:14.232 [Test worker] WARN de.uka.ilkd.key.java.KeYJPMapping -- Size of rec2key: 71 entries
14:06:14.232 [Test worker] WARN de.uka.ilkd.key.java.KeYJPMapping -- Size of rec2key: 72 entries
14:06:14.232 [Test worker] WARN de.uka.ilkd.key.java.KeYJPMapping -- Size of rec2key: 73 entries
14:06:14.232 [Test worker] ERROR de.uka.ilkd.key.java.KeYJPMapping -- Duplicate registration of type: int;, formerValue: int;
14:06:14.232 [Test worker] WARN de.uka.ilkd.key.java.KeYJPMapping -- Size of rec2key: 73 entries
14:06:14.232 [Test worker] ERROR de.uka.ilkd.key.java.KeYJPMapping -- Duplicate registration of type: int;, formerValue: int;
14:06:14.232 [Test worker] WARN de.uka.ilkd.key.java.KeYJPMapping -- Size of rec2key: 73 entries
14:06:14.232 [Test worker] WARN de.uka.ilkd.key.java.KeYJPMapping -- Size of rec2key: 74 entries
14:06:14.232 [Test worker] WARN de.uka.ilkd.key.java.KeYJPMapping -- Size of rec2key: 75 entries
14:06:14.232 [Test worker] ERROR de.uka.ilkd.key.java.KeYJPMapping -- Duplicate registration of type: int;, formerValue: int;
14:06:14.232 [Test worker] WARN de.uka.ilkd.key.java.KeYJPMapping -- Size of rec2key: 75 entries
14:06:14.232 [Test worker] ERROR de.uka.ilkd.key.java.KeYJPMapping -- Duplicate registration of type: int;, formerValue: int;
14:06:14.232 [Test worker] WARN de.uka.ilkd.key.java.KeYJPMapping -- Size of rec2key: 75 entries
14:06:14.248 [Test worker] ERROR de.uka.ilkd.key.java.KeYJPMapping -- Duplicate registration of type: int;, formerValue: int;
14:06:14.248 [Test worker] WARN de.uka.ilkd.key.java.KeYJPMapping -- Size of rec2key: 75 entries
14:06:14.248 [Test worker] WARN de.uka.ilkd.key.java.KeYJPMapping -- Size of rec2key: 76 entries
14:06:14.248 [Test worker] ERROR de.uka.ilkd.key.java.KeYJPMapping -- Duplicate registration of type: java.lang.java.lang.String;, formerValue: java.lang.java.lang.String;
14:06:14.248 [Test worker] WARN de.uka.ilkd.key.java.KeYJPMapping -- Size of rec2key: 76 entries
14:06:14.248 [Test worker] ERROR de.uka.ilkd.key.java.KeYJPMapping -- Duplicate registration of type: java.lang.java.lang.String;, formerValue: java.lang.java.lang.String;
14:06:14.248 [Test worker] WARN de.uka.ilkd.key.java.KeYJPMapping -- Size of rec2key: 76 entries
14:06:14.264 [Test worker] ERROR de.uka.ilkd.key.java.KeYJPMapping -- Duplicate registration of type: java.lang.java.lang.String;, formerValue: java.lang.java.lang.String;
14:06:14.264 [Test worker] WARN de.uka.ilkd.key.java.KeYJPMapping -- Size of rec2key: 76 entries
14:06:14.264 [Test worker] ERROR de.uka.ilkd.key.java.KeYJPMapping -- Duplicate registration of type: boolean;, formerValue: boolean;
14:06:14.264 [Test worker] WARN de.uka.ilkd.key.java.KeYJPMapping -- Size of rec2key: 76 entries
14:06:14.295 [Test worker] ERROR de.uka.ilkd.key.java.KeYJPMapping -- Duplicate registration of type: java.lang.java.lang.String;, formerValue: java.lang.java.lang.String;
14:06:14.295 [Test worker] WARN de.uka.ilkd.key.java.KeYJPMapping -- Size of rec2key: 76 entries
14:06:14.311 [Test worker] ERROR de.uka.ilkd.key.java.KeYJPMapping -- Duplicate registration of type: java.lang.java.lang.String;, formerValue: java.lang.java.lang.String;
14:06:14.311 [Test worker] WARN de.uka.ilkd.key.java.KeYJPMapping -- Size of rec2key: 76 entries
14:06:14.311 [Test worker] WARN de.uka.ilkd.key.java.KeYJPMapping -- Size of rec2key: 77 entries
14:06:14.326 [Test worker] ERROR de.uka.ilkd.key.java.KeYJPMapping -- Duplicate registration of type: unknown[];, formerValue: unknown[];
14:06:14.326 [Test worker] WARN de.uka.ilkd.key.java.KeYJPMapping -- Size of rec2key: 77 entries
14:06:14.326 [Test worker] ERROR de.uka.ilkd.key.java.KeYJPMapping -- Duplicate registration of type: java.lang.java.lang.String;, formerValue: java.lang.java.lang.String;
14:06:14.326 [Test worker] WARN de.uka.ilkd.key.java.KeYJPMapping -- Size of rec2key: 77 entries
14:06:14.326 [Test worker] ERROR de.uka.ilkd.key.java.KeYJPMapping -- Duplicate registration of type: java.lang.java.lang.String;, formerValue: java.lang.java.lang.String;
14:06:14.326 [Test worker] WARN de.uka.ilkd.key.java.KeYJPMapping -- Size of rec2key: 77 entries
14:06:14.326 [Test worker] ERROR de.uka.ilkd.key.java.KeYJPMapping -- Duplicate registration of type: java.lang.java.lang.String;, formerValue: java.lang.java.lang.String;
14:06:14.326 [Test worker] WARN de.uka.ilkd.key.java.KeYJPMapping -- Size of rec2key: 77 entries
14:06:14.326 [Test worker] ERROR de.uka.ilkd.key.java.KeYJPMapping -- Duplicate registration of type: java.lang.java.lang.String;, formerValue: java.lang.java.lang.String;
14:06:14.326 [Test worker] WARN de.uka.ilkd.key.java.KeYJPMapping -- Size of rec2key: 77 entries
14:06:14.326 [Test worker] WARN de.uka.ilkd.key.java.KeYJPMapping -- Size of rec2key: 78 entries
14:06:14.326 [Test worker] ERROR de.uka.ilkd.key.java.KeYJPMapping -- Duplicate registration of type: java.lang.java.lang.String;, formerValue: java.lang.java.lang.String;
14:06:14.326 [Test worker] WARN de.uka.ilkd.key.java.KeYJPMapping -- Size of rec2key: 78 entries
14:06:14.326 [Test worker] ERROR de.uka.ilkd.key.java.KeYJPMapping -- Duplicate registration of type: java.lang.java.lang.String;, formerValue: java.lang.java.lang.String;
14:06:14.326 [Test worker] WARN de.uka.ilkd.key.java.KeYJPMapping -- Size of rec2key: 78 entries
14:06:14.342 [Test worker] ERROR de.uka.ilkd.key.java.KeYJPMapping -- Duplicate registration of type: java.lang.java.lang.String;, formerValue: java.lang.java.lang.String;
14:06:14.342 [Test worker] WARN de.uka.ilkd.key.java.KeYJPMapping -- Size of rec2key: 78 entries
14:06:14.342 [Test worker] ERROR de.uka.ilkd.key.java.KeYJPMapping -- Duplicate registration of type: java.lang.java.lang.String;, formerValue: java.lang.java.lang.String;
14:06:14.342 [Test worker] WARN de.uka.ilkd.key.java.KeYJPMapping -- Size of rec2key: 78 entries
14:06:14.342 [Test worker] ERROR de.uka.ilkd.key.java.KeYJPMapping -- Duplicate registration of type: java.lang.java.lang.String;, formerValue: java.lang.java.lang.String;
14:06:14.342 [Test worker] WARN de.uka.ilkd.key.java.KeYJPMapping -- Size of rec2key: 78 entries
14:06:14.342 [Test worker] ERROR de.uka.ilkd.key.java.KeYJPMapping -- Duplicate registration of type: java.lang.java.lang.String;, formerValue: java.lang.java.lang.String;
14:06:14.342 [Test worker] WARN de.uka.ilkd.key.java.KeYJPMapping -- Size of rec2key: 78 entries
14:06:14.342 [Test worker] ERROR de.uka.ilkd.key.java.KeYJPMapping -- Duplicate registration of type: java.lang.java.lang.String;, formerValue: java.lang.java.lang.String;
14:06:14.342 [Test worker] WARN de.uka.ilkd.key.java.KeYJPMapping -- Size of rec2key: 78 entries
14:06:14.357 [Test worker] ERROR de.uka.ilkd.key.java.KeYJPMapping -- Duplicate registration of type: java.lang.java.lang.String;, formerValue: java.lang.java.lang.String;
14:06:14.357 [Test worker] WARN de.uka.ilkd.key.java.KeYJPMapping -- Size of rec2key: 78 entries
14:06:14.357 [Test worker] ERROR de.uka.ilkd.key.java.KeYJPMapping -- Duplicate registration of type: java.lang.java.lang.String;, formerValue: java.lang.java.lang.String;
14:06:14.357 [Test worker] WARN de.uka.ilkd.key.java.KeYJPMapping -- Size of rec2key: 78 entries
14:06:14.357 [Test worker] ERROR de.uka.ilkd.key.java.KeYJPMapping -- Duplicate registration of type: java.lang.java.lang.String;, formerValue: java.lang.java.lang.String;
14:06:14.357 [Test worker] WARN de.uka.ilkd.key.java.KeYJPMapping -- Size of rec2key: 78 entries
14:06:14.357 [Test worker] ERROR de.uka.ilkd.key.java.KeYJPMapping -- Duplicate registration of type: java.lang.java.lang.String;, formerValue: java.lang.java.lang.String;
14:06:14.357 [Test worker] WARN de.uka.ilkd.key.java.KeYJPMapping -- Size of rec2key: 78 entries
14:06:14.357 [Test worker] ERROR de.uka.ilkd.key.java.KeYJPMapping -- Duplicate registration of type: int;, formerValue: int;
14:06:14.357 [Test worker] WARN de.uka.ilkd.key.java.KeYJPMapping -- Size of rec2key: 78 entries
14:06:14.357 [Test worker] ERROR de.uka.ilkd.key.java.KeYJPMapping -- Duplicate registration of type: int;, formerValue: int;
14:06:14.357 [Test worker] WARN de.uka.ilkd.key.java.KeYJPMapping -- Size of rec2key: 78 entries
14:06:14.375 [Test worker] WARN de.uka.ilkd.key.java.KeYJPMapping -- Size of rec2key: 79 entries
14:06:14.375 [Test worker] WARN de.uka.ilkd.key.java.KeYJPMapping -- Size of rec2key: 80 entries
14:06:14.375 [Test worker] WARN de.uka.ilkd.key.java.KeYJPMapping -- Size of rec2key: 81 entries
14:06:14.375 [Test worker] WARN de.uka.ilkd.key.java.KeYJPMapping -- Size of rec2key: 82 entries
14:06:14.375 [Test worker] ERROR de.uka.ilkd.key.java.KeYJPMapping -- Duplicate registration of type: other, formerValue: other
14:06:14.375 [Test worker] WARN de.uka.ilkd.key.java.KeYJPMapping -- Size of rec2key: 82 entries
14:06:14.375 [Test worker] ERROR de.uka.ilkd.key.java.KeYJPMapping -- Duplicate registration of type: java.lang.java.lang.String;, formerValue: java.lang.java.lang.String;
14:06:14.375 [Test worker] WARN de.uka.ilkd.key.java.KeYJPMapping -- Size of rec2key: 82 entries
14:06:14.375 [Test worker] WARN de.uka.ilkd.key.java.KeYJPMapping -- Size of rec2key: 83 entries
14:06:14.375 [Test worker] WARN de.uka.ilkd.key.java.KeYJPMapping -- Size of rec2key: 84 entries
14:06:14.375 [Test worker] WARN de.uka.ilkd.key.java.KeYJPMapping -- Size of rec2key: 85 entries
14:06:14.375 [Test worker] WARN de.uka.ilkd.key.java.KeYJPMapping -- Size of rec2key: 86 entries

package java.lang;

public
  final class String extends java.lang.java.lang.Object implements java.io.java.io.Serializable,
  java.lang.java.lang.Comparable {
    public int length ();
      public String (){}
        public String (java.lang.java.lang.String other){}
          public String (char[] v){}
            public String (
                char[] v,
                int offset,
                int count
              ){}
              public String (
                  int[] arg0,
                  int arg1,
                  int arg2
                ){}
                public String (
                    byte[] arg0,
                    int arg1,
                    int arg2,
                    int arg3
                  ){}
                  public String (byte[] arg0, int arg1){}
                    public String (
                        byte[] arg0,
                        int arg1,
                        int arg2
                      ){}
                      public String (byte[] arg0){}
                        public int length ();
                          public boolean isEmpty ();
                            public char charAt (
                                int charIdx
                              );
                              public int codePointAt (
                                  int arg0
                                );
                                public int codePointBefore (
                                    int arg0
                                  );
                                  public int codePointCount (
                                      int arg0,
                                      int arg1
                                    );
                                    public int offsetByCodePoints (
                                        int arg0,
                                        int arg1
                                      );
                                      public any getChars (
                                          int srcBegin,
                                          int srcEnd,
                                          char[] dst,
                                          int dstBegin
                                        );
                                        public any getBytes (
                                            int arg0,
                                            int arg1,
                                            byte[] arg2,
                                            int arg3
                                          );
                                          public byte[] getBytes (
                                              
                                            );
                                            public boolean equals (
                                                java.lang.java.lang.Object obj
                                              );
                                              public boolean equalsIgnoreCase (
                                                  java.lang.java.lang.String arg0
                                                );
                                                public int compareTo (
                                                    java.lang.java.lang.String arg0
                                                  );
                                                  public int compareToIgnoreCase (
                                                      java.lang.java.lang.String arg0
                                                    );
                                                    public boolean regionMatches (
                                                        int arg0,
                                                        java.lang.java.lang.String arg1,
                                                        int arg2,
                                                        int arg3
                                                      );
                                                      public boolean regionMatches (
                                                          boolean arg0,
                                                          int arg1,
                                                          java.lang.java.lang.String arg2,
                                                          int arg3,
                                                          int arg4
                                                        );
                                                        public boolean startsWith (
                                                            java.lang.java.lang.String other,
                                                            int startIdx
                                                          );
                                                          public boolean startsWith (
                                                              java.lang.java.lang.String other
                                                            );
                                                            public boolean endsWith (
                                                                java.lang.java.lang.String other
                                                              );
                                                              public int hashCode (
                                                                  
                                                                );
                                                                public int indexOf (
                                                                    int charVal
                                                                  ){
                                                                    return
                                                                    indexOf(
                                                                      charVal,
                                                                      0
                                                                    );
                                                                  }
                                                                  public int indexOf (
                                                                      int charVal,
                                                                      int from
                                                                    );
                                                                    public int lastIndexOf (
                                                                        int charVal
                                                                      ){
                                                                        return
                                                                        lastIndexOf(
                                                                          charVal,
                                                                          0
                                                                        );
                                                                      }
                                                                      public int lastIndexOf (
                                                                          int charVal,
                                                                          int from
                                                                        );
                                                                        public int indexOf (
                                                                            java.lang.java.lang.String other
                                                                          ){
                                                                            return
                                                                            indexOf(
                                                                              other,
                                                                              0
                                                                            );
                                                                          }
                                                                          public int indexOf (
                                                                              java.lang.java.lang.String t,
                                                                              int from
                                                                            );
                                                                            public int lastIndexOf (
                                                                                java.lang.java.lang.String other
                                                                              );
                                                                              public int lastIndexOf (
                                                                                  java.lang.java.lang.String other,
                                                                                  int from
                                                                                );
                                                                                public java.lang.java.lang.String substring (
                                                                                    int startIdx
                                                                                  );
                                                                                  public java.lang.java.lang.String substring (
                                                                                      int startIdx,
                                                                                      int endIdx
                                                                                    );
                                                                                    public java.lang.java.lang.String concat (
                                                                                        java.lang.java.lang.String other
                                                                                      );
                                                                                      public java.lang.java.lang.String replace (
                                                                                          char c1,
                                                                                          char c2
                                                                                        );
                                                                                        public boolean matches (
                                                                                            java.lang.java.lang.String arg0
                                                                                          );
                                                                                          public java.lang.java.lang.String replaceFirst (
                                                                                              java.lang.java.lang.String arg0,
                                                                                              java.lang.java.lang.String arg1
                                                                                            );
                                                                                            public java.lang.java.lang.String replaceAll (
                                                                                                java.lang.java.lang.String arg0,
                                                                                                java.lang.java.lang.String arg1
                                                                                              );
                                                                                              public unknown[] split (
                                                                                                  java.lang.java.lang.String arg0,
                                                                                                  int arg1
                                                                                                );
                                                                                                public unknown[] split (
                                                                                                    java.lang.java.lang.String arg0
                                                                                                  );
                                                                                                  public java.lang.java.lang.String toLowerCase (
                                                                                                      
                                                                                                    );
                                                                                                    public java.lang.java.lang.String toUpperCase (
                                                                                                        
                                                                                                      );
                                                                                                      public java.lang.java.lang.String trim (
                                                                                                          
                                                                                                        );
                                                                                                        public java.lang.java.lang.String toString (
                                                                                                            
                                                                                                          );
                                                                                                          public char[] toCharArray (
                                                                                                              
                                                                                                            );
                                                                                                            public
                                                                                                              static java.lang.java.lang.String format (
                                                                                                                java.lang.java.lang.String arg0,
                                                                                                                unknown[] arg1
                                                                                                              );
                                                                                                              public
                                                                                                                static java.lang.java.lang.String valueOf (
                                                                                                                  java.lang.java.lang.Object obj
                                                                                                                );
                                                                                                                public
                                                                                                                  static java.lang.java.lang.String valueOf (
                                                                                                                    char[] data
                                                                                                                  );
                                                                                                                  public
                                                                                                                    static java.lang.java.lang.String valueOf (
                                                                                                                      char[] data,
                                                                                                                      int offset,
                                                                                                                      int count
                                                                                                                    );
                                                                                                                    public
                                                                                                                      static java.lang.java.lang.String copyValueOf (
                                                                                                                        char[] data,
                                                                                                                        int offset,
                                                                                                                        int count
                                                                                                                      );
                                                                                                                      public
                                                                                                                        static java.lang.java.lang.String copyValueOf (
                                                                                                                          char[] data
                                                                                                                        );
                                                                                                                        public
                                                                                                                          static java.lang.java.lang.String valueOf (
                                                                                                                            boolean arg0
                                                                                                                          );
                                                                                                                          public
                                                                                                                            static java.lang.java.lang.String valueOf (
                                                                                                                              char arg0
                                                                                                                            );
                                                                                                                            public
                                                                                                                              static java.lang.java.lang.String valueOf (
                                                                                                                                int arg0
                                                                                                                              );
                                                                                                                              public
                                                                                                                                static java.lang.java.lang.String valueOf (
                                                                                                                                  long arg0
                                                                                                                                );
                                                                                                                                public java.lang.java.lang.String intern (
                                                                                                                                    
                                                                                                                                  );
                                                                                                                                  public int compareTo (
                                                                                                                                      java.lang.java.lang.String other
                                                                                                                                    );
                                                                                                                                    public int compareTo (
                                                                                                                                        java.lang.java.lang.Object other
                                                                                                                                      ){
                                                                                                                                        if (
                                                                                                                                           instanceof
                                                                                                                                          
                                                                                                                                        ) {
                                                                                                                                          return
                                                                                                                                          compareTo(
                                                                                                                                            (java.lang.java.lang.String) other
                                                                                                                                          );
                                                                                                                                        }
                                                                                                                                        throw
                                                                                                                                        new java.lang.java.lang.IllegalArgumentException(
                                                                                                                                          No string given.
                                                                                                                                        );
                                                                                                                                      }
                                                                                                                                    };
14:06:14.389 [Test worker] ERROR de.uka.ilkd.key.java.KeYJPMapping -- Duplicate registration of type: 
package java.lang;;, formerValue: 
package java.lang;;
14:06:14.389 [Test worker] WARN de.uka.ilkd.key.java.KeYJPMapping -- Size of rec2key: 86 entries
14:06:14.389 [Test worker] ERROR de.uka.ilkd.key.java.KeYJPMapping -- Duplicate registration of type: {}, formerValue: {}
14:06:14.389 [Test worker] WARN de.uka.ilkd.key.java.KeYJPMapping -- Size of rec2key: 86 entries
14:06:14.389 [Test worker] ERROR de.uka.ilkd.key.java.KeYJPMapping -- Duplicate registration of type: {}, formerValue: {}
14:06:14.389 [Test worker] WARN de.uka.ilkd.key.java.KeYJPMapping -- Size of rec2key: 86 entries
14:06:14.389 [Test worker] ERROR de.uka.ilkd.key.java.KeYJPMapping -- Duplicate registration of type: {}, formerValue: {}
14:06:14.389 [Test worker] WARN de.uka.ilkd.key.java.KeYJPMapping -- Size of rec2key: 86 entries
14:06:14.389 [Test worker] WARN de.uka.ilkd.key.java.KeYJPMapping -- Size of rec2key: 87 entries
14:06:14.389 [Test worker] ERROR de.uka.ilkd.key.java.KeYJPMapping -- Duplicate registration of type: java.lang.java.lang.StringBuffer;, formerValue: java.lang.java.lang.StringBuffer;
14:06:14.389 [Test worker] WARN de.uka.ilkd.key.java.KeYJPMapping -- Size of rec2key: 87 entries
14:06:14.389 [Test worker] ERROR de.uka.ilkd.key.java.KeYJPMapping -- Duplicate registration of type: java.lang.java.lang.StringBuffer;, formerValue: java.lang.java.lang.StringBuffer;
14:06:14.389 [Test worker] WARN de.uka.ilkd.key.java.KeYJPMapping -- Size of rec2key: 87 entries
14:06:14.389 [Test worker] ERROR de.uka.ilkd.key.java.KeYJPMapping -- Duplicate registration of type: java.lang.java.lang.StringBuffer;, formerValue: java.lang.java.lang.StringBuffer;
14:06:14.389 [Test worker] WARN de.uka.ilkd.key.java.KeYJPMapping -- Size of rec2key: 87 entries
14:06:14.389 [Test worker] ERROR de.uka.ilkd.key.java.KeYJPMapping -- Duplicate registration of type: java.lang.java.lang.StringBuffer;, formerValue: java.lang.java.lang.StringBuffer;
14:06:14.389 [Test worker] WARN de.uka.ilkd.key.java.KeYJPMapping -- Size of rec2key: 87 entries
14:06:14.389 [Test worker] ERROR de.uka.ilkd.key.java.KeYJPMapping -- Duplicate registration of type: java.lang.java.lang.StringBuffer;, formerValue: java.lang.java.lang.StringBuffer;
14:06:14.389 [Test worker] WARN de.uka.ilkd.key.java.KeYJPMapping -- Size of rec2key: 87 entries
14:06:14.389 [Test worker] WARN de.uka.ilkd.key.java.KeYJPMapping -- Size of rec2key: 88 entries
14:06:14.389 [Test worker] ERROR de.uka.ilkd.key.java.KeYJPMapping -- Duplicate registration of type: int;, formerValue: int;
14:06:14.389 [Test worker] WARN de.uka.ilkd.key.java.KeYJPMapping -- Size of rec2key: 88 entries
14:06:14.389 [Test worker] ERROR de.uka.ilkd.key.java.KeYJPMapping -- Duplicate registration of type: java.lang.java.lang.String;, formerValue: java.lang.java.lang.String;
14:06:14.389 [Test worker] WARN de.uka.ilkd.key.java.KeYJPMapping -- Size of rec2key: 88 entries

package java.lang;

public class StringBuffer extends java.lang.java.lang.Object implements java.io.java.io.Serializable {
    public StringBuffer (){}
      public StringBuffer (int n){}
        public StringBuffer (
            java.lang.java.lang.String s
          ){}
          public java.lang.java.lang.StringBuffer append (
              boolean b
            );
            public java.lang.java.lang.StringBuffer append (
                char c
              );
              public java.lang.java.lang.StringBuffer append (
                  int i
                );
                public java.lang.java.lang.StringBuffer append (
                    long l
                  );
                  public java.lang.java.lang.StringBuffer append (
                      java.lang.java.lang.Object obj
                    );
                    public java.lang.java.lang.StringBuffer append (
                        java.lang.java.lang.StringBuffer sb
                      );
                      public char charAt (int index);
                        public int length ();
                          java.lang.java.lang.String toString (
                              
                            );
                          };
14:06:14.389 [Test worker] ERROR de.uka.ilkd.key.java.KeYJPMapping -- Duplicate registration of type: 
package java.lang;;, formerValue: 
package java.lang;;
14:06:14.389 [Test worker] WARN de.uka.ilkd.key.java.KeYJPMapping -- Size of rec2key: 88 entries
14:06:14.405 [Test worker] WARN de.uka.ilkd.key.java.KeYJPMapping -- Size of rec2key: 89 entries
14:06:14.405 [Test worker] WARN de.uka.ilkd.key.java.KeYJPMapping -- Size of rec2key: 90 entries
14:06:14.405 [Test worker] ERROR de.uka.ilkd.key.java.KeYJPMapping -- Duplicate registration of type: java.io.java.io.PrintStream;, formerValue: java.io.java.io.PrintStream;
14:06:14.405 [Test worker] WARN de.uka.ilkd.key.java.KeYJPMapping -- Size of rec2key: 90 entries
14:06:14.405 [Test worker] ERROR de.uka.ilkd.key.java.KeYJPMapping -- Duplicate registration of type: any;, formerValue: any;
14:06:14.405 [Test worker] WARN de.uka.ilkd.key.java.KeYJPMapping -- Size of rec2key: 90 entries
14:06:14.405 [Test worker] ERROR de.uka.ilkd.key.java.KeYJPMapping -- Duplicate registration of type: any;, formerValue: any;
14:06:14.405 [Test worker] WARN de.uka.ilkd.key.java.KeYJPMapping -- Size of rec2key: 90 entries

package java.lang;

public
  final class System extends  implements  {
    public static
      final java.io.java.io.InputStream java.lang.System::in
    public static
      final java.io.java.io.PrintStream java.lang.System::out
    public static
      final java.io.java.io.PrintStream java.lang.System::err
    public
      static
      native any arraycopy (
        java.lang.java.lang.Object src,
        int srcPos,
        java.lang.java.lang.Object dest,
        int destPos,
        int length
      );
      public static any exit (int code);
      };
14:06:14.405 [Test worker] ERROR de.uka.ilkd.key.java.KeYJPMapping -- Duplicate registration of type: 
package java.lang;;, formerValue: 
package java.lang;;
14:06:14.405 [Test worker] WARN de.uka.ilkd.key.java.KeYJPMapping -- Size of rec2key: 90 entries

package java.lang;

public class Thread extends  implements  {
  };
14:06:14.420 [Test worker] ERROR de.uka.ilkd.key.java.KeYJPMapping -- Duplicate registration of type: 
package java.lang;;, formerValue: 
package java.lang;;
14:06:14.420 [Test worker] WARN de.uka.ilkd.key.java.KeYJPMapping -- Size of rec2key: 90 entries
14:06:14.420 [Test worker] ERROR de.uka.ilkd.key.java.KeYJPMapping -- Duplicate registration of type: {}, formerValue: {}
14:06:14.420 [Test worker] WARN de.uka.ilkd.key.java.KeYJPMapping -- Size of rec2key: 90 entries
14:06:14.420 [Test worker] WARN de.uka.ilkd.key.java.KeYJPMapping -- Size of rec2key: 91 entries
14:06:14.420 [Test worker] WARN de.uka.ilkd.key.java.KeYJPMapping -- Size of rec2key: 92 entries
14:06:14.436 [Test worker] WARN de.uka.ilkd.key.java.KeYJPMapping -- Size of rec2key: 93 entries
14:06:14.436 [Test worker] WARN de.uka.ilkd.key.java.KeYJPMapping -- Size of rec2key: 94 entries
14:06:14.436 [Test worker] ERROR de.uka.ilkd.key.java.KeYJPMapping -- Duplicate registration of type: java.lang.java.lang.String;, formerValue: java.lang.java.lang.String;
14:06:14.436 [Test worker] WARN de.uka.ilkd.key.java.KeYJPMapping -- Size of rec2key: 94 entries
14:06:14.436 [Test worker] ERROR de.uka.ilkd.key.java.KeYJPMapping -- Duplicate registration of type: java.lang.java.lang.Throwable;, formerValue: java.lang.java.lang.Throwable;
14:06:14.436 [Test worker] WARN de.uka.ilkd.key.java.KeYJPMapping -- Size of rec2key: 94 entries
14:06:14.436 [Test worker] ERROR de.uka.ilkd.key.java.KeYJPMapping -- Duplicate registration of type: java.lang.java.lang.Throwable;, formerValue: java.lang.java.lang.Throwable;
14:06:14.436 [Test worker] WARN de.uka.ilkd.key.java.KeYJPMapping -- Size of rec2key: 94 entries
14:06:14.436 [Test worker] WARN de.uka.ilkd.key.java.KeYJPMapping -- Size of rec2key: 95 entries
14:06:14.436 [Test worker] WARN de.uka.ilkd.key.java.KeYJPMapping -- Size of rec2key: 96 entries
14:06:14.436 [Test worker] ERROR de.uka.ilkd.key.java.KeYJPMapping -- Duplicate registration of type: java.lang.java.lang.String;, formerValue: java.lang.java.lang.String;
14:06:14.436 [Test worker] WARN de.uka.ilkd.key.java.KeYJPMapping -- Size of rec2key: 96 entries
14:06:14.436 [Test worker] ERROR de.uka.ilkd.key.java.KeYJPMapping -- Duplicate registration of type: any;, formerValue: any;
14:06:14.436 [Test worker] WARN de.uka.ilkd.key.java.KeYJPMapping -- Size of rec2key: 96 entries
14:06:14.436 [Test worker] ERROR de.uka.ilkd.key.java.KeYJPMapping -- Duplicate registration of type: java.lang.java.lang.Throwable;, formerValue: java.lang.java.lang.Throwable;
14:06:14.436 [Test worker] WARN de.uka.ilkd.key.java.KeYJPMapping -- Size of rec2key: 96 entries

package java.lang;

public class Throwable extends java.lang.java.lang.Object implements java.io.java.io.Serializable {
    public Throwable (){}
      public Throwable (java.lang.java.lang.String arg0){
          super(arg0, null);
        }
        public Throwable (
            java.lang.java.lang.String arg0,
            java.lang.java.lang.Throwable arg1
          ){}
          public Throwable (
              java.lang.java.lang.Throwable arg0
            ){
              super(null, arg0);
            }
            public java.lang.java.lang.String getMessage (
                
              );
              public java.lang.java.lang.String getLocalizedMessage (
                  
                );
                public java.lang.java.lang.Throwable getCause (
                    
                  );
                  public java.lang.java.lang.Throwable initCause (
                      java.lang.java.lang.Throwable arg0
                    ){
                      return this;
                    }
                    public java.lang.java.lang.String toString (
                        
                      );
                      public any printStackTrace ();
                        public java.lang.java.lang.Throwable fillInStackTrace (
                            
                          );
                        };
14:06:14.436 [Test worker] ERROR de.uka.ilkd.key.java.KeYJPMapping -- Duplicate registration of type: 
package java.lang;;, formerValue: 
package java.lang;;
14:06:14.436 [Test worker] WARN de.uka.ilkd.key.java.KeYJPMapping -- Size of rec2key: 96 entries
14:06:14.436 [Test worker] ERROR de.uka.ilkd.key.java.KeYJPMapping -- Duplicate registration of type: {}, formerValue: {}
14:06:14.436 [Test worker] WARN de.uka.ilkd.key.java.KeYJPMapping -- Size of rec2key: 96 entries
14:06:14.436 [Test worker] ERROR de.uka.ilkd.key.java.KeYJPMapping -- Duplicate registration of type: {}, formerValue: {}
14:06:14.436 [Test worker] WARN de.uka.ilkd.key.java.KeYJPMapping -- Size of rec2key: 96 entries

package java.lang;

public
  abstract class VirtualMachineError extends java.lang.java.lang.Error implements  {
    public VirtualMachineError (){}
      public VirtualMachineError (
          java.lang.java.lang.String arg0
        ){}
      };
14:06:14.451 [Test worker] WARN de.uka.ilkd.key.java.KeYJPMapping -- Size of rec2key: 97 entries
14:06:14.451 [Test worker] WARN de.uka.ilkd.key.java.KeYJPMapping -- Size of rec2key: 98 entries
14:06:14.451 [Test worker] WARN de.uka.ilkd.key.java.KeYJPMapping -- Size of rec2key: 99 entries
14:06:14.467 [Test worker] WARN de.uka.ilkd.key.java.KeYJPMapping -- Size of rec2key: 100 entries
14:06:14.467 [Test worker] WARN de.uka.ilkd.key.java.KeYJPMapping -- Size of rec2key: 101 entries
14:06:14.467 [Test worker] ERROR de.uka.ilkd.key.java.KeYJPMapping -- Duplicate registration of type: java.math.java.math.BigInteger;, formerValue: java.math.java.math.BigInteger;
14:06:14.467 [Test worker] WARN de.uka.ilkd.key.java.KeYJPMapping -- Size of rec2key: 101 entries
14:06:14.467 [Test worker] WARN de.uka.ilkd.key.java.KeYJPMapping -- Size of rec2key: 102 entries
14:06:14.467 [Test worker] ERROR de.uka.ilkd.key.java.KeYJPMapping -- Duplicate registration of type: java.math.java.math.BigInteger;, formerValue: java.math.java.math.BigInteger;
14:06:14.467 [Test worker] WARN de.uka.ilkd.key.java.KeYJPMapping -- Size of rec2key: 102 entries
14:06:14.467 [Test worker] WARN de.uka.ilkd.key.java.KeYJPMapping -- Size of rec2key: 103 entries
14:06:14.467 [Test worker] WARN de.uka.ilkd.key.java.KeYJPMapping -- Size of rec2key: 104 entries
14:06:14.467 [Test worker] WARN de.uka.ilkd.key.java.KeYJPMapping -- Size of rec2key: 105 entries
14:06:14.467 [Test worker] ERROR de.uka.ilkd.key.java.KeYJPMapping -- Duplicate registration of type: int;, formerValue: int;
14:06:14.467 [Test worker] WARN de.uka.ilkd.key.java.KeYJPMapping -- Size of rec2key: 105 entries
14:06:14.467 [Test worker] ERROR de.uka.ilkd.key.java.KeYJPMapping -- Duplicate registration of type: java.math.java.math.BigInteger;, formerValue: java.math.java.math.BigInteger;
14:06:14.467 [Test worker] WARN de.uka.ilkd.key.java.KeYJPMapping -- Size of rec2key: 105 entries

package java.math;

public
  final class BigInteger extends java.lang.java.lang.Number implements java.lang.java.lang.Comparable {
    public static
      final java.math.java.math.BigInteger java.math.BigInteger::ZERO = BigInteger.valueOf(
        0
      )
    public
      static java.math.java.math.BigInteger valueOf (
        long v
      ){
        java.math.java.math.BigInteger result = new java.math.java.math.BigInteger(
            
          );
        return result;
      }
      public int compareTo (
          java.math.java.math.BigInteger param0
        );
        public java.math.java.math.BigInteger mod (
            java.math.java.math.BigInteger param0
          );
        };
14:06:14.498 [Test worker] WARN de.uka.ilkd.key.java.KeYJPMapping -- Size of rec2key: 106 entries
14:06:14.498 [Test worker] ERROR de.uka.ilkd.key.java.KeYJPMapping -- Duplicate registration of type: {}, formerValue: {}
14:06:14.498 [Test worker] WARN de.uka.ilkd.key.java.KeYJPMapping -- Size of rec2key: 106 entries
14:06:14.561 [Test worker] ERROR de.uka.ilkd.key.java.KeYJPMapping -- Duplicate registration of type: {}, formerValue: {}
14:06:14.561 [Test worker] WARN de.uka.ilkd.key.java.KeYJPMapping -- Size of rec2key: 106 entries

package java.util;

public
  final class ArrayList extends  implements java.util.java.util.List {
    public ArrayList (){}
      public ArrayList (
          java.util.java.util.Collection c
        ){}
      };
14:06:14.576 [Test worker] ERROR de.uka.ilkd.key.java.KeYJPMapping -- Duplicate registration of type: 
package java.util;;, formerValue: 
package java.util;;
14:06:14.576 [Test worker] WARN de.uka.ilkd.key.java.KeYJPMapping -- Size of rec2key: 106 entries
14:06:14.576 [Test worker] WARN de.uka.ilkd.key.java.KeYJPMapping -- Size of rec2key: 107 entries
14:06:14.576 [Test worker] ERROR de.uka.ilkd.key.java.KeYJPMapping -- Duplicate registration of type: java.util.java.util.ArrayList;, formerValue: java.util.java.util.ArrayList;
14:06:14.576 [Test worker] WARN de.uka.ilkd.key.java.KeYJPMapping -- Size of rec2key: 107 entries
14:06:14.576 [Test worker] ERROR de.uka.ilkd.key.java.KeYJPMapping -- Duplicate registration of type: java.util.java.util.ArrayList;, formerValue: java.util.java.util.ArrayList;
14:06:14.576 [Test worker] WARN de.uka.ilkd.key.java.KeYJPMapping -- Size of rec2key: 107 entries
14:06:14.576 [Test worker] ERROR de.uka.ilkd.key.java.KeYJPMapping -- Duplicate registration of type: java.util.java.util.ArrayList;, formerValue: java.util.java.util.ArrayList;
14:06:14.576 [Test worker] WARN de.uka.ilkd.key.java.KeYJPMapping -- Size of rec2key: 107 entries
14:06:14.592 [Test worker] WARN de.uka.ilkd.key.java.KeYJPMapping -- Size of rec2key: 108 entries
14:06:14.592 [Test worker] WARN de.uka.ilkd.key.java.KeYJPMapping -- Size of rec2key: 109 entries
14:06:14.592 [Test worker] ERROR de.uka.ilkd.key.java.KeYJPMapping -- Duplicate registration of type: char[];, formerValue: char[];
14:06:14.592 [Test worker] WARN de.uka.ilkd.key.java.KeYJPMapping -- Size of rec2key: 109 entries
14:06:14.592 [Test worker] WARN de.uka.ilkd.key.java.KeYJPMapping -- Size of rec2key: 110 entries
14:06:14.592 [Test worker] WARN de.uka.ilkd.key.java.KeYJPMapping -- Size of rec2key: 111 entries
14:06:14.592 [Test worker] WARN de.uka.ilkd.key.java.KeYJPMapping -- Size of rec2key: 112 entries
14:06:14.592 [Test worker] WARN de.uka.ilkd.key.java.KeYJPMapping -- Size of rec2key: 113 entries
14:06:14.592 [Test worker] WARN de.uka.ilkd.key.java.KeYJPMapping -- Size of rec2key: 114 entries
14:06:14.592 [Test worker] ERROR de.uka.ilkd.key.java.KeYJPMapping -- Duplicate registration of type: boolean[];, formerValue: boolean[];
14:06:14.592 [Test worker] WARN de.uka.ilkd.key.java.KeYJPMapping -- Size of rec2key: 114 entries
14:06:14.592 [Test worker] ERROR de.uka.ilkd.key.java.KeYJPMapping -- Duplicate registration of type: char[];, formerValue: char[];
14:06:14.592 [Test worker] WARN de.uka.ilkd.key.java.KeYJPMapping -- Size of rec2key: 114 entries
14:06:14.592 [Test worker] ERROR de.uka.ilkd.key.java.KeYJPMapping -- Duplicate registration of type: short[];, formerValue: short[];
14:06:14.592 [Test worker] WARN de.uka.ilkd.key.java.KeYJPMapping -- Size of rec2key: 114 entries
14:06:14.592 [Test worker] ERROR de.uka.ilkd.key.java.KeYJPMapping -- Duplicate registration of type: int[];, formerValue: int[];
14:06:14.592 [Test worker] WARN de.uka.ilkd.key.java.KeYJPMapping -- Size of rec2key: 114 entries
14:06:14.592 [Test worker] ERROR de.uka.ilkd.key.java.KeYJPMapping -- Duplicate registration of type: long[];, formerValue: long[];
14:06:14.592 [Test worker] WARN de.uka.ilkd.key.java.KeYJPMapping -- Size of rec2key: 114 entries
14:06:14.592 [Test worker] ERROR de.uka.ilkd.key.java.KeYJPMapping -- Duplicate registration of type: float[];, formerValue: float[];
14:06:14.592 [Test worker] WARN de.uka.ilkd.key.java.KeYJPMapping -- Size of rec2key: 114 entries
14:06:14.592 [Test worker] ERROR de.uka.ilkd.key.java.KeYJPMapping -- Duplicate registration of type: double[];, formerValue: double[];
14:06:14.592 [Test worker] WARN de.uka.ilkd.key.java.KeYJPMapping -- Size of rec2key: 114 entries
14:06:14.592 [Test worker] ERROR de.uka.ilkd.key.java.KeYJPMapping -- Duplicate registration of type: boolean;, formerValue: boolean;
14:06:14.592 [Test worker] WARN de.uka.ilkd.key.java.KeYJPMapping -- Size of rec2key: 114 entries
14:06:14.592 [Test worker] ERROR de.uka.ilkd.key.java.KeYJPMapping -- Duplicate registration of type: boolean;, formerValue: boolean;
14:06:14.592 [Test worker] WARN de.uka.ilkd.key.java.KeYJPMapping -- Size of rec2key: 114 entries
14:06:14.592 [Test worker] ERROR de.uka.ilkd.key.java.KeYJPMapping -- Duplicate registration of type: boolean;, formerValue: boolean;
14:06:14.592 [Test worker] WARN de.uka.ilkd.key.java.KeYJPMapping -- Size of rec2key: 114 entries
14:06:14.592 [Test worker] ERROR de.uka.ilkd.key.java.KeYJPMapping -- Duplicate registration of type: boolean;, formerValue: boolean;
14:06:14.592 [Test worker] WARN de.uka.ilkd.key.java.KeYJPMapping -- Size of rec2key: 114 entries
14:06:14.592 [Test worker] ERROR de.uka.ilkd.key.java.KeYJPMapping -- Duplicate registration of type: boolean;, formerValue: boolean;
14:06:14.592 [Test worker] WARN de.uka.ilkd.key.java.KeYJPMapping -- Size of rec2key: 114 entries
14:06:14.592 [Test worker] ERROR de.uka.ilkd.key.java.KeYJPMapping -- Duplicate registration of type: any;, formerValue: any;
14:06:14.592 [Test worker] WARN de.uka.ilkd.key.java.KeYJPMapping -- Size of rec2key: 114 entries
14:06:14.592 [Test worker] ERROR de.uka.ilkd.key.java.KeYJPMapping -- Duplicate registration of type: any;, formerValue: any;
14:06:14.592 [Test worker] WARN de.uka.ilkd.key.java.KeYJPMapping -- Size of rec2key: 114 entries
14:06:14.592 [Test worker] ERROR de.uka.ilkd.key.java.KeYJPMapping -- Duplicate registration of type: any;, formerValue: any;
14:06:14.592 [Test worker] WARN de.uka.ilkd.key.java.KeYJPMapping -- Size of rec2key: 114 entries
14:06:14.592 [Test worker] ERROR de.uka.ilkd.key.java.KeYJPMapping -- Duplicate registration of type: any;, formerValue: any;
14:06:14.592 [Test worker] WARN de.uka.ilkd.key.java.KeYJPMapping -- Size of rec2key: 114 entries
14:06:14.592 [Test worker] ERROR de.uka.ilkd.key.java.KeYJPMapping -- Duplicate registration of type: any;, formerValue: any;
14:06:14.592 [Test worker] WARN de.uka.ilkd.key.java.KeYJPMapping -- Size of rec2key: 114 entries
14:06:14.592 [Test worker] ERROR de.uka.ilkd.key.java.KeYJPMapping -- Duplicate registration of type: any;, formerValue: any;
14:06:14.592 [Test worker] WARN de.uka.ilkd.key.java.KeYJPMapping -- Size of rec2key: 114 entries
14:06:14.592 [Test worker] ERROR de.uka.ilkd.key.java.KeYJPMapping -- Duplicate registration of type: any;, formerValue: any;
14:06:14.592 [Test worker] WARN de.uka.ilkd.key.java.KeYJPMapping -- Size of rec2key: 114 entries
14:06:14.592 [Test worker] ERROR de.uka.ilkd.key.java.KeYJPMapping -- Duplicate registration of type: any;, formerValue: any;
14:06:14.592 [Test worker] WARN de.uka.ilkd.key.java.KeYJPMapping -- Size of rec2key: 114 entries
14:06:14.592 [Test worker] ERROR de.uka.ilkd.key.java.KeYJPMapping -- Duplicate registration of type: any;, formerValue: any;
14:06:14.592 [Test worker] WARN de.uka.ilkd.key.java.KeYJPMapping -- Size of rec2key: 114 entries
14:06:14.592 [Test worker] ERROR de.uka.ilkd.key.java.KeYJPMapping -- Duplicate registration of type: any;, formerValue: any;
14:06:14.592 [Test worker] WARN de.uka.ilkd.key.java.KeYJPMapping -- Size of rec2key: 114 entries
14:06:14.592 [Test worker] ERROR de.uka.ilkd.key.java.KeYJPMapping -- Duplicate registration of type: any;, formerValue: any;
14:06:14.592 [Test worker] WARN de.uka.ilkd.key.java.KeYJPMapping -- Size of rec2key: 114 entries
14:06:14.592 [Test worker] ERROR de.uka.ilkd.key.java.KeYJPMapping -- Duplicate registration of type: any;, formerValue: any;
14:06:14.592 [Test worker] WARN de.uka.ilkd.key.java.KeYJPMapping -- Size of rec2key: 114 entries
14:06:14.592 [Test worker] ERROR de.uka.ilkd.key.java.KeYJPMapping -- Duplicate registration of type: any;, formerValue: any;
14:06:14.592 [Test worker] WARN de.uka.ilkd.key.java.KeYJPMapping -- Size of rec2key: 114 entries
14:06:14.592 [Test worker] ERROR de.uka.ilkd.key.java.KeYJPMapping -- Duplicate registration of type: any;, formerValue: any;
14:06:14.592 [Test worker] WARN de.uka.ilkd.key.java.KeYJPMapping -- Size of rec2key: 114 entries
14:06:14.592 [Test worker] ERROR de.uka.ilkd.key.java.KeYJPMapping -- Duplicate registration of type: any;, formerValue: any;
14:06:14.592 [Test worker] WARN de.uka.ilkd.key.java.KeYJPMapping -- Size of rec2key: 114 entries
14:06:14.592 [Test worker] ERROR de.uka.ilkd.key.java.KeYJPMapping -- Duplicate registration of type: any;, formerValue: any;
14:06:14.592 [Test worker] WARN de.uka.ilkd.key.java.KeYJPMapping -- Size of rec2key: 114 entries
14:06:14.592 [Test worker] ERROR de.uka.ilkd.key.java.KeYJPMapping -- Duplicate registration of type: any;, formerValue: any;
14:06:14.592 [Test worker] WARN de.uka.ilkd.key.java.KeYJPMapping -- Size of rec2key: 114 entries
14:06:14.592 [Test worker] ERROR de.uka.ilkd.key.java.KeYJPMapping -- Duplicate registration of type: any;, formerValue: any;
14:06:14.592 [Test worker] WARN de.uka.ilkd.key.java.KeYJPMapping -- Size of rec2key: 114 entries
14:06:14.592 [Test worker] ERROR de.uka.ilkd.key.java.KeYJPMapping -- Duplicate registration of type: any;, formerValue: any;
14:06:14.592 [Test worker] WARN de.uka.ilkd.key.java.KeYJPMapping -- Size of rec2key: 114 entries
14:06:14.592 [Test worker] ERROR de.uka.ilkd.key.java.KeYJPMapping -- Duplicate registration of type: any;, formerValue: any;
14:06:14.592 [Test worker] WARN de.uka.ilkd.key.java.KeYJPMapping -- Size of rec2key: 114 entries
14:06:14.608 [Test worker] ERROR de.uka.ilkd.key.java.KeYJPMapping -- Duplicate registration of type: any;, formerValue: any;
14:06:14.608 [Test worker] WARN de.uka.ilkd.key.java.KeYJPMapping -- Size of rec2key: 114 entries
14:06:14.608 [Test worker] ERROR de.uka.ilkd.key.java.KeYJPMapping -- Duplicate registration of type: any;, formerValue: any;
14:06:14.608 [Test worker] WARN de.uka.ilkd.key.java.KeYJPMapping -- Size of rec2key: 114 entries

package java.util;

public
  final class Arrays extends  implements  {
    public
      static java.util.java.util.ArrayList asList (
        int[] arr
      );
      public
        static java.util.java.util.ArrayList asList (
          char[] arr
        );
        public
          static java.util.java.util.ArrayList asList (
            java.lang.java.lang.String str
          );
          public
            static java.util.java.util.ArrayList asList (
              unknown[] arr
            );
            public
              static boolean[] copyOf (
                boolean[] original,
                int newLength
              );
              public
                static byte[] copyOf (
                  byte[] original,
                  int newLength
                );
                public
                  static char[] copyOf (
                    char[] original,
                    int newLength
                  );
                  public
                    static int[] copyOf (
                      int[] original,
                      int newLength
                    );
                    public
                      static short[] copyOf (
                        short[] original,
                        int newLength
                      );
                      public
                        static long[] copyOf (
                          long[] original,
                          int newLength
                        );
                        public
                          static float[] copyOf (
                            float[] original,
                            int newLength
                          );
                          public
                            static double[] copyOf (
                              double[] original,
                              int newLength
                            );
                            public
                              static boolean[] copyOfRange (
                                boolean[] original,
                                int from,
                                int to
                              );
                              public
                                static char[] copyOfRange (
                                  char[] original,
                                  int from,
                                  int to
                                );
                                public
                                  static short[] copyOfRange (
                                    short[] original,
                                    int from,
                                    int to
                                  );
                                  public
                                    static int[] copyOfRange (
                                      int[] original,
                                      int from,
                                      int to
                                    );
                                    public
                                      static long[] copyOfRange (
                                        long[] original,
                                        int from,
                                        int to
                                      );
                                      public
                                        static float[] copyOfRange (
                                          float[] original,
                                          int from,
                                          int to
                                        );
                                        public
                                          static double[] copyOfRange (
                                            double[] original,
                                            int from,
                                            int to
                                          );
                                          public
                                            static boolean equals (
                                              byte[] a,
                                              byte[] a2
                                            );
                                            public
                                              static boolean equals (
                                                int[] a,
                                                int[] a2
                                              );
                                              public
                                                static boolean equals (
                                                  short[] a,
                                                  short[] a2
                                                );
                                                public
                                                  static boolean equals (
                                                    long[] a,
                                                    long[] a2
                                                  );
                                                  public
                                                    static boolean equals (
                                                      char[] a,
                                                      char[] a2
                                                    );
                                                    public
                                                      static any fill (
                                                        boolean[] a,
                                                        boolean val
                                                      );
                                                      public
                                                        static any fill (
                                                          boolean[] a,
                                                          int fromIndex,
                                                          int toIndex,
                                                          boolean val
                                                        );
                                                        public
                                                          static any fill (
                                                            int[] a,
                                                            int val
                                                          );
                                                          public
                                                            static any fill (
                                                              int[] a,
                                                              int fromIndex,
                                                              int toIndex,
                                                              int val
                                                            );
                                                            public
                                                              static any fill (
                                                                long[] a,
                                                                long val
                                                              );
                                                              public
                                                                static any fill (
                                                                  long[] a,
                                                                  int fromIndex,
                                                                  int toIndex,
                                                                  long val
                                                                );
                                                                public
                                                                  static any fill (
                                                                    byte[] a,
                                                                    byte val
                                                                  );
                                                                  public
                                                                    static any fill (
                                                                      byte[] a,
                                                                      int fromIndex,
                                                                      int toIndex,
                                                                      byte val
                                                                    );
                                                                    public
                                                                      static any fill (
                                                                        double[] a,
                                                                        double val
                                                                      );
                                                                      public
                                                                        static any fill (
                                                                          double[] a,
                                                                          int fromIndex,
                                                                          int toIndex,
                                                                          double val
                                                                        );
                                                                        public
                                                                          static any fill (
                                                                            float[] a,
                                                                            float val
                                                                          );
                                                                          public
                                                                            static any fill (
                                                                              float[] a,
                                                                              int fromIndex,
                                                                              int toIndex,
                                                                              float val
                                                                            );
                                                                            public
                                                                              static any sort (
                                                                                int[] a
                                                                              );
                                                                              public
                                                                                static any sort (
                                                                                  int[] a,
                                                                                  int fromIndex,
                                                                                  int toIndex
                                                                                );
                                                                                public
                                                                                  static any sort (
                                                                                    short[] a
                                                                                  );
                                                                                  public
                                                                                    static any sort (
                                                                                      short[] a,
                                                                                      int fromIndex,
                                                                                      int toIndex
                                                                                    );
                                                                                    public
                                                                                      static any sort (
                                                                                        long[] a
                                                                                      );
                                                                                      public
                                                                                        static any sort (
                                                                                          long[] a,
                                                                                          int fromIndex,
                                                                                          int toIndex
                                                                                        );
                                                                                        public
                                                                                          static any sort (
                                                                                            byte[] a
                                                                                          );
                                                                                          public
                                                                                            static any sort (
                                                                                              byte[] a,
                                                                                              int fromIndex,
                                                                                              int toIndex
                                                                                            );
                                                                                            public
                                                                                              static any sort (
                                                                                                char[] a
                                                                                              );
                                                                                              public
                                                                                                static any sort (
                                                                                                  char[] a,
                                                                                                  int fromIndex,
                                                                                                  int toIndex
                                                                                                );
                                                                                              };
14:06:14.608 [Test worker] ERROR de.uka.ilkd.key.java.KeYJPMapping -- Duplicate registration of type: 
package java.util;;, formerValue: 
package java.util;;
14:06:14.608 [Test worker] WARN de.uka.ilkd.key.java.KeYJPMapping -- Size of rec2key: 114 entries
14:06:14.608 [Test worker] ERROR de.uka.ilkd.key.java.KeYJPMapping -- Duplicate registration of type: int;, formerValue: int;
14:06:14.608 [Test worker] WARN de.uka.ilkd.key.java.KeYJPMapping -- Size of rec2key: 114 entries
14:06:14.608 [Test worker] ERROR de.uka.ilkd.key.java.KeYJPMapping -- Duplicate registration of type: boolean;, formerValue: boolean;
14:06:14.608 [Test worker] WARN de.uka.ilkd.key.java.KeYJPMapping -- Size of rec2key: 114 entries
14:06:14.608 [Test worker] ERROR de.uka.ilkd.key.java.KeYJPMapping -- Duplicate registration of type: boolean;, formerValue: boolean;
14:06:14.608 [Test worker] WARN de.uka.ilkd.key.java.KeYJPMapping -- Size of rec2key: 114 entries
14:06:14.623 [Test worker] ERROR de.uka.ilkd.key.java.KeYJPMapping -- Duplicate registration of type: boolean;, formerValue: boolean;
14:06:14.623 [Test worker] WARN de.uka.ilkd.key.java.KeYJPMapping -- Size of rec2key: 114 entries
14:06:14.623 [Test worker] ERROR de.uka.ilkd.key.java.KeYJPMapping -- Duplicate registration of type: boolean;, formerValue: boolean;
14:06:14.623 [Test worker] WARN de.uka.ilkd.key.java.KeYJPMapping -- Size of rec2key: 114 entries
14:06:14.623 [Test worker] ERROR de.uka.ilkd.key.java.KeYJPMapping -- Duplicate registration of type: boolean;, formerValue: boolean;
14:06:14.623 [Test worker] WARN de.uka.ilkd.key.java.KeYJPMapping -- Size of rec2key: 114 entries
14:06:14.623 [Test worker] ERROR de.uka.ilkd.key.java.KeYJPMapping -- Duplicate registration of type: boolean;, formerValue: boolean;
14:06:14.623 [Test worker] WARN de.uka.ilkd.key.java.KeYJPMapping -- Size of rec2key: 114 entries
14:06:14.623 [Test worker] ERROR de.uka.ilkd.key.java.KeYJPMapping -- Duplicate registration of type: any;, formerValue: any;
14:06:14.623 [Test worker] WARN de.uka.ilkd.key.java.KeYJPMapping -- Size of rec2key: 114 entries
14:06:14.623 [Test worker] ERROR de.uka.ilkd.key.java.KeYJPMapping -- Duplicate registration of type: boolean;, formerValue: boolean;
14:06:14.623 [Test worker] WARN de.uka.ilkd.key.java.KeYJPMapping -- Size of rec2key: 114 entries
14:06:14.623 [Test worker] ERROR de.uka.ilkd.key.java.KeYJPMapping -- Duplicate registration of type: boolean;, formerValue: boolean;
14:06:14.623 [Test worker] WARN de.uka.ilkd.key.java.KeYJPMapping -- Size of rec2key: 114 entries
14:06:14.623 [Test worker] ERROR de.uka.ilkd.key.java.KeYJPMapping -- Duplicate registration of type: java.util.java.util.Iterator;, formerValue: java.util.java.util.Iterator;
14:06:14.623 [Test worker] WARN de.uka.ilkd.key.java.KeYJPMapping -- Size of rec2key: 114 entries
14:06:14.623 [Test worker] WARN de.uka.ilkd.key.java.KeYJPMapping -- Size of rec2key: 115 entries
14:06:14.623 [Test worker] ERROR de.uka.ilkd.key.java.KeYJPMapping -- Duplicate registration of type: unknown[];, formerValue: unknown[];
14:06:14.623 [Test worker] WARN de.uka.ilkd.key.java.KeYJPMapping -- Size of rec2key: 115 entries

package java.util;

public interface Collection extends java.lang.java.lang.Iterable {
    public int size ();
      public boolean isEmpty ();
        public boolean add (
            java.lang.java.lang.Object arg0
          );
          public boolean remove (
              java.lang.java.lang.Object arg0
            );
            public boolean addAll (
                java.util.java.util.Collection arg0
              );
              public boolean removeAll (
                  java.util.java.util.Collection arg0
                );
                public boolean retainAll (
                    java.util.java.util.Collection arg0
                  );
                  public any clear ();
                    public boolean contains (
                        java.lang.java.lang.String arg0
                      );
                      public boolean containsAll (
                          java.util.java.util.Collection arg0
                        );
                        public java.util.java.util.Iterator iterator (
                            
                          );
                          public unknown[] toArray ();
                            public unknown[] toArray (
                                unknown[] arg0
                              );
                            };
14:06:14.623 [Test worker] ERROR de.uka.ilkd.key.java.KeYJPMapping -- Duplicate registration of type: 
package java.util;;, formerValue: 
package java.util;;
14:06:14.623 [Test worker] WARN de.uka.ilkd.key.java.KeYJPMapping -- Size of rec2key: 115 entries
14:06:14.623 [Test worker] ERROR de.uka.ilkd.key.java.KeYJPMapping -- Duplicate registration of type: {}, formerValue: {}
14:06:14.623 [Test worker] WARN de.uka.ilkd.key.java.KeYJPMapping -- Size of rec2key: 115 entries

package java.util;

public
  final class Date extends  implements  {
    public Date (){}
    };
14:06:14.623 [Test worker] ERROR de.uka.ilkd.key.java.KeYJPMapping -- Duplicate registration of type: 
package java.util;;, formerValue: 
package java.util;;
14:06:14.623 [Test worker] WARN de.uka.ilkd.key.java.KeYJPMapping -- Size of rec2key: 115 entries
14:06:14.623 [Test worker] ERROR de.uka.ilkd.key.java.KeYJPMapping -- Duplicate registration of type: boolean;, formerValue: boolean;
14:06:14.623 [Test worker] WARN de.uka.ilkd.key.java.KeYJPMapping -- Size of rec2key: 115 entries
14:06:14.623 [Test worker] WARN de.uka.ilkd.key.java.KeYJPMapping -- Size of rec2key: 116 entries
14:06:14.623 [Test worker] ERROR de.uka.ilkd.key.java.KeYJPMapping -- Duplicate registration of type: any;, formerValue: any;
14:06:14.623 [Test worker] WARN de.uka.ilkd.key.java.KeYJPMapping -- Size of rec2key: 116 entries

package java.util;

public interface Iterator extends  {
    public boolean hasNext ();
      public java.lang.java.lang.Object next ();
        public any remove ();
        };
14:06:14.623 [Test worker] ERROR de.uka.ilkd.key.java.KeYJPMapping -- Duplicate registration of type: 
package java.util;;, formerValue: 
package java.util;;
14:06:14.623 [Test worker] WARN de.uka.ilkd.key.java.KeYJPMapping -- Size of rec2key: 116 entries
14:06:14.623 [Test worker] ERROR de.uka.ilkd.key.java.KeYJPMapping -- Duplicate registration of type: {}, formerValue: {}
14:06:14.623 [Test worker] WARN de.uka.ilkd.key.java.KeYJPMapping -- Size of rec2key: 116 entries

package java.util;

public
  final class LinkedHashMap extends  implements java.util.java.util.Map {
    public LinkedHashMap (){}
    };
14:06:14.639 [Test worker] ERROR de.uka.ilkd.key.java.KeYJPMapping -- Duplicate registration of type: 
package java.util;;, formerValue: 
package java.util;;
14:06:14.639 [Test worker] WARN de.uka.ilkd.key.java.KeYJPMapping -- Size of rec2key: 116 entries
14:06:14.639 [Test worker] ERROR de.uka.ilkd.key.java.KeYJPMapping -- Duplicate registration of type: {}, formerValue: {}
14:06:14.639 [Test worker] WARN de.uka.ilkd.key.java.KeYJPMapping -- Size of rec2key: 116 entries
14:06:14.639 [Test worker] WARN de.uka.ilkd.key.java.KeYJPMapping -- Size of rec2key: 117 entries

package java.util;

public
  final class LinkedList extends  implements java.util.java.util.List {
    public LinkedList (
        java.util.java.util.Collection param0
      ){}
      public java.lang.java.lang.String toString ();
      };
14:06:14.639 [Test worker] ERROR de.uka.ilkd.key.java.KeYJPMapping -- Duplicate registration of type: 
package java.util;;, formerValue: 
package java.util;;
14:06:14.639 [Test worker] WARN de.uka.ilkd.key.java.KeYJPMapping -- Size of rec2key: 117 entries
14:06:14.639 [Test worker] ERROR de.uka.ilkd.key.java.KeYJPMapping -- Duplicate registration of type: any;, formerValue: any;
14:06:14.639 [Test worker] WARN de.uka.ilkd.key.java.KeYJPMapping -- Size of rec2key: 117 entries
14:06:14.639 [Test worker] ERROR de.uka.ilkd.key.java.KeYJPMapping -- Duplicate registration of type: boolean;, formerValue: boolean;
14:06:14.639 [Test worker] WARN de.uka.ilkd.key.java.KeYJPMapping -- Size of rec2key: 117 entries
14:06:14.639 [Test worker] ERROR de.uka.ilkd.key.java.KeYJPMapping -- Duplicate registration of type: java.lang.java.lang.Object;, formerValue: java.lang.java.lang.Object;
14:06:14.639 [Test worker] WARN de.uka.ilkd.key.java.KeYJPMapping -- Size of rec2key: 117 entries
14:06:14.639 [Test worker] ERROR de.uka.ilkd.key.java.KeYJPMapping -- Duplicate registration of type: java.lang.java.lang.Object;, formerValue: java.lang.java.lang.Object;
14:06:14.639 [Test worker] WARN de.uka.ilkd.key.java.KeYJPMapping -- Size of rec2key: 117 entries
14:06:14.639 [Test worker] ERROR de.uka.ilkd.key.java.KeYJPMapping -- Duplicate registration of type: int;, formerValue: int;
14:06:14.639 [Test worker] WARN de.uka.ilkd.key.java.KeYJPMapping -- Size of rec2key: 117 entries
14:06:14.639 [Test worker] ERROR de.uka.ilkd.key.java.KeYJPMapping -- Duplicate registration of type: int;, formerValue: int;
14:06:14.639 [Test worker] WARN de.uka.ilkd.key.java.KeYJPMapping -- Size of rec2key: 117 entries
14:06:14.639 [Test worker] WARN de.uka.ilkd.key.java.KeYJPMapping -- Size of rec2key: 118 entries
14:06:14.639 [Test worker] ERROR de.uka.ilkd.key.java.KeYJPMapping -- Duplicate registration of type: java.util.java.util.ListIterator;, formerValue: java.util.java.util.ListIterator;
14:06:14.639 [Test worker] WARN de.uka.ilkd.key.java.KeYJPMapping -- Size of rec2key: 118 entries
14:06:14.639 [Test worker] WARN de.uka.ilkd.key.java.KeYJPMapping -- Size of rec2key: 119 entries

package java.util;

public interface List extends java.util.java.util.Collection {
    public any add (
        int arg0,
        java.lang.java.lang.Object arg1
      );
      public boolean addAll (
          int arg0,
          java.util.java.util.Collection arg1
        );
        public java.lang.java.lang.Object get (int arg0);
          public java.lang.java.lang.Object set (
              int arg0,
              java.lang.java.lang.Object arg1
            );
            public int indexOf (
                java.lang.java.lang.Object arg0
              );
              public int lastIndexOf (
                  java.lang.java.lang.Object arg0
                );
                public java.util.java.util.ListIterator listIterator (
                    
                  );
                  public java.util.java.util.ListIterator listIterator (
                      int arg0
                    );
                    public java.util.java.util.List subList (
                        int arg0,
                        int arg1
                      );
                    };
14:06:14.655 [Test worker] ERROR de.uka.ilkd.key.java.KeYJPMapping -- Duplicate registration of type: 
package java.util;;, formerValue: 
package java.util;;
14:06:14.655 [Test worker] WARN de.uka.ilkd.key.java.KeYJPMapping -- Size of rec2key: 119 entries
14:06:14.655 [Test worker] ERROR de.uka.ilkd.key.java.KeYJPMapping -- Duplicate registration of type: boolean;, formerValue: boolean;
14:06:14.655 [Test worker] WARN de.uka.ilkd.key.java.KeYJPMapping -- Size of rec2key: 119 entries
14:06:14.655 [Test worker] ERROR de.uka.ilkd.key.java.KeYJPMapping -- Duplicate registration of type: java.lang.java.lang.Object;, formerValue: java.lang.java.lang.Object;
14:06:14.655 [Test worker] WARN de.uka.ilkd.key.java.KeYJPMapping -- Size of rec2key: 119 entries
14:06:14.655 [Test worker] ERROR de.uka.ilkd.key.java.KeYJPMapping -- Duplicate registration of type: boolean;, formerValue: boolean;
14:06:14.655 [Test worker] WARN de.uka.ilkd.key.java.KeYJPMapping -- Size of rec2key: 119 entries
14:06:14.655 [Test worker] ERROR de.uka.ilkd.key.java.KeYJPMapping -- Duplicate registration of type: java.lang.java.lang.Object;, formerValue: java.lang.java.lang.Object;
14:06:14.655 [Test worker] WARN de.uka.ilkd.key.java.KeYJPMapping -- Size of rec2key: 119 entries
14:06:14.655 [Test worker] ERROR de.uka.ilkd.key.java.KeYJPMapping -- Duplicate registration of type: int;, formerValue: int;
14:06:14.655 [Test worker] WARN de.uka.ilkd.key.java.KeYJPMapping -- Size of rec2key: 119 entries
14:06:14.655 [Test worker] ERROR de.uka.ilkd.key.java.KeYJPMapping -- Duplicate registration of type: int;, formerValue: int;
14:06:14.655 [Test worker] WARN de.uka.ilkd.key.java.KeYJPMapping -- Size of rec2key: 119 entries
14:06:14.655 [Test worker] ERROR de.uka.ilkd.key.java.KeYJPMapping -- Duplicate registration of type: any;, formerValue: any;
14:06:14.655 [Test worker] WARN de.uka.ilkd.key.java.KeYJPMapping -- Size of rec2key: 119 entries
14:06:14.655 [Test worker] ERROR de.uka.ilkd.key.java.KeYJPMapping -- Duplicate registration of type: any;, formerValue: any;
14:06:14.655 [Test worker] WARN de.uka.ilkd.key.java.KeYJPMapping -- Size of rec2key: 119 entries
14:06:14.655 [Test worker] ERROR de.uka.ilkd.key.java.KeYJPMapping -- Duplicate registration of type: any;, formerValue: any;
14:06:14.655 [Test worker] WARN de.uka.ilkd.key.java.KeYJPMapping -- Size of rec2key: 119 entries

package java.util;

public interface ListIterator extends java.util.java.util.Iterator {
    public boolean hasNext ();
      public java.lang.java.lang.Object next ();
        public boolean hasPrevious ();
          public java.lang.java.lang.Object previous ();
            public int nextIndex ();
              public int previousIndex ();
                public any remove ();
                  public any set (
                      java.lang.java.lang.Object arg0
                    );
                    public any add (
                        java.lang.java.lang.Object arg0
                      );
                    };
14:06:14.655 [Test worker] ERROR de.uka.ilkd.key.java.KeYJPMapping -- Duplicate registration of type: 
package java.util;;, formerValue: 
package java.util;;
14:06:14.655 [Test worker] WARN de.uka.ilkd.key.java.KeYJPMapping -- Size of rec2key: 119 entries

package java.util;

public
  final class ListIteratorImpl extends  implements java.util.java.util.ListIterator {
  };
14:06:14.655 [Test worker] ERROR de.uka.ilkd.key.java.KeYJPMapping -- Duplicate registration of type: 
package java.util;;, formerValue: 
package java.util;;
14:06:14.655 [Test worker] WARN de.uka.ilkd.key.java.KeYJPMapping -- Size of rec2key: 119 entries
14:06:14.655 [Test worker] WARN de.uka.ilkd.key.java.KeYJPMapping -- Size of rec2key: 120 entries
14:06:14.655 [Test worker] ERROR de.uka.ilkd.key.java.KeYJPMapping -- Duplicate registration of type: int;, formerValue: int;
14:06:14.655 [Test worker] WARN de.uka.ilkd.key.java.KeYJPMapping -- Size of rec2key: 120 entries
14:06:14.655 [Test worker] ERROR de.uka.ilkd.key.java.KeYJPMapping -- Duplicate registration of type: boolean;, formerValue: boolean;
14:06:14.655 [Test worker] WARN de.uka.ilkd.key.java.KeYJPMapping -- Size of rec2key: 120 entries
14:06:14.655 [Test worker] ERROR de.uka.ilkd.key.java.KeYJPMapping -- Duplicate registration of type: boolean;, formerValue: boolean;
14:06:14.655 [Test worker] WARN de.uka.ilkd.key.java.KeYJPMapping -- Size of rec2key: 120 entries
14:06:14.655 [Test worker] ERROR de.uka.ilkd.key.java.KeYJPMapping -- Duplicate registration of type: boolean;, formerValue: boolean;
14:06:14.655 [Test worker] WARN de.uka.ilkd.key.java.KeYJPMapping -- Size of rec2key: 120 entries
14:06:14.655 [Test worker] ERROR de.uka.ilkd.key.java.KeYJPMapping -- Duplicate registration of type: java.lang.java.lang.Object;, formerValue: java.lang.java.lang.Object;
14:06:14.655 [Test worker] WARN de.uka.ilkd.key.java.KeYJPMapping -- Size of rec2key: 120 entries
14:06:14.655 [Test worker] ERROR de.uka.ilkd.key.java.KeYJPMapping -- Duplicate registration of type: java.lang.java.lang.Object;, formerValue: java.lang.java.lang.Object;
14:06:14.655 [Test worker] WARN de.uka.ilkd.key.java.KeYJPMapping -- Size of rec2key: 120 entries
14:06:14.655 [Test worker] ERROR de.uka.ilkd.key.java.KeYJPMapping -- Duplicate registration of type: java.lang.java.lang.Object;, formerValue: java.lang.java.lang.Object;
14:06:14.655 [Test worker] WARN de.uka.ilkd.key.java.KeYJPMapping -- Size of rec2key: 120 entries
14:06:14.655 [Test worker] ERROR de.uka.ilkd.key.java.KeYJPMapping -- Duplicate registration of type: any;, formerValue: any;
14:06:14.655 [Test worker] WARN de.uka.ilkd.key.java.KeYJPMapping -- Size of rec2key: 120 entries
14:06:14.655 [Test worker] ERROR de.uka.ilkd.key.java.KeYJPMapping -- Duplicate registration of type: any;, formerValue: any;
14:06:14.655 [Test worker] WARN de.uka.ilkd.key.java.KeYJPMapping -- Size of rec2key: 120 entries
14:06:14.655 [Test worker] WARN de.uka.ilkd.key.java.KeYJPMapping -- Size of rec2key: 121 entries
14:06:14.655 [Test worker] ERROR de.uka.ilkd.key.java.KeYJPMapping -- Duplicate registration of type: java.util.java.util.Set;, formerValue: java.util.java.util.Set;
14:06:14.655 [Test worker] WARN de.uka.ilkd.key.java.KeYJPMapping -- Size of rec2key: 121 entries
14:06:14.655 [Test worker] ERROR de.uka.ilkd.key.java.KeYJPMapping -- Duplicate registration of type: boolean;, formerValue: boolean;
14:06:14.655 [Test worker] WARN de.uka.ilkd.key.java.KeYJPMapping -- Size of rec2key: 121 entries
14:06:14.655 [Test worker] ERROR de.uka.ilkd.key.java.KeYJPMapping -- Duplicate registration of type: int;, formerValue: int;
14:06:14.655 [Test worker] WARN de.uka.ilkd.key.java.KeYJPMapping -- Size of rec2key: 121 entries

package java.util;

public interface Map extends  {
    public java.util.java.util.Set keySet ();
      public int size ();
        public boolean isEmpty ();
          public boolean containsKey (
              java.lang.java.lang.Object arg0
            );
            public boolean containsValue (
                java.lang.java.lang.Object arg0
              );
              public java.lang.java.lang.Object get (
                  java.lang.java.lang.Object arg0
                );
                public java.lang.java.lang.Object put (
                    java.lang.java.lang.Object arg0,
                    java.lang.java.lang.Object arg1
                  );
                  public java.lang.java.lang.Object remove (
                      java.lang.java.lang.Object arg0
                    );
                    public any putAll (
                        java.util.java.util.Map arg0
                      );
                      public any clear ();
                        public java.util.java.util.Collection values (
                            
                          );
                          public java.util.java.util.Set entrySet (
                              
                            );
                            public boolean equals (
                                java.lang.java.lang.Object arg0
                              );
                              public int hashCode ();
                              };
14:06:14.655 [Test worker] ERROR de.uka.ilkd.key.java.KeYJPMapping -- Duplicate registration of type: 
package java.util;;, formerValue: 
package java.util;;
14:06:14.655 [Test worker] WARN de.uka.ilkd.key.java.KeYJPMapping -- Size of rec2key: 121 entries
14:06:14.655 [Test worker] ERROR de.uka.ilkd.key.java.KeYJPMapping -- Duplicate registration of type: int;, formerValue: int;
14:06:14.655 [Test worker] WARN de.uka.ilkd.key.java.KeYJPMapping -- Size of rec2key: 121 entries
14:06:14.655 [Test worker] ERROR de.uka.ilkd.key.java.KeYJPMapping -- Duplicate registration of type: boolean;, formerValue: boolean;
14:06:14.655 [Test worker] WARN de.uka.ilkd.key.java.KeYJPMapping -- Size of rec2key: 121 entries
14:06:14.655 [Test worker] ERROR de.uka.ilkd.key.java.KeYJPMapping -- Duplicate registration of type: boolean;, formerValue: boolean;
14:06:14.655 [Test worker] WARN de.uka.ilkd.key.java.KeYJPMapping -- Size of rec2key: 121 entries
14:06:14.655 [Test worker] ERROR de.uka.ilkd.key.java.KeYJPMapping -- Duplicate registration of type: java.util.java.util.Iterator;, formerValue: java.util.java.util.Iterator;
14:06:14.655 [Test worker] WARN de.uka.ilkd.key.java.KeYJPMapping -- Size of rec2key: 121 entries
14:06:14.655 [Test worker] ERROR de.uka.ilkd.key.java.KeYJPMapping -- Duplicate registration of type: unknown[];, formerValue: unknown[];
14:06:14.655 [Test worker] WARN de.uka.ilkd.key.java.KeYJPMapping -- Size of rec2key: 121 entries
14:06:14.655 [Test worker] ERROR de.uka.ilkd.key.java.KeYJPMapping -- Duplicate registration of type: unknown[];, formerValue: unknown[];
14:06:14.655 [Test worker] WARN de.uka.ilkd.key.java.KeYJPMapping -- Size of rec2key: 121 entries
14:06:14.655 [Test worker] ERROR de.uka.ilkd.key.java.KeYJPMapping -- Duplicate registration of type: boolean;, formerValue: boolean;
14:06:14.655 [Test worker] WARN de.uka.ilkd.key.java.KeYJPMapping -- Size of rec2key: 121 entries
14:06:14.655 [Test worker] ERROR de.uka.ilkd.key.java.KeYJPMapping -- Duplicate registration of type: boolean;, formerValue: boolean;
14:06:14.655 [Test worker] WARN de.uka.ilkd.key.java.KeYJPMapping -- Size of rec2key: 121 entries
14:06:14.655 [Test worker] ERROR de.uka.ilkd.key.java.KeYJPMapping -- Duplicate registration of type: boolean;, formerValue: boolean;
14:06:14.655 [Test worker] WARN de.uka.ilkd.key.java.KeYJPMapping -- Size of rec2key: 121 entries
14:06:14.655 [Test worker] ERROR de.uka.ilkd.key.java.KeYJPMapping -- Duplicate registration of type: boolean;, formerValue: boolean;
14:06:14.655 [Test worker] WARN de.uka.ilkd.key.java.KeYJPMapping -- Size of rec2key: 121 entries
14:06:14.670 [Test worker] ERROR de.uka.ilkd.key.java.KeYJPMapping -- Duplicate registration of type: boolean;, formerValue: boolean;
14:06:14.670 [Test worker] WARN de.uka.ilkd.key.java.KeYJPMapping -- Size of rec2key: 121 entries
14:06:14.670 [Test worker] ERROR de.uka.ilkd.key.java.KeYJPMapping -- Duplicate registration of type: boolean;, formerValue: boolean;
14:06:14.670 [Test worker] WARN de.uka.ilkd.key.java.KeYJPMapping -- Size of rec2key: 121 entries
14:06:14.670 [Test worker] ERROR de.uka.ilkd.key.java.KeYJPMapping -- Duplicate registration of type: any;, formerValue: any;
14:06:14.670 [Test worker] WARN de.uka.ilkd.key.java.KeYJPMapping -- Size of rec2key: 121 entries
14:06:14.670 [Test worker] ERROR de.uka.ilkd.key.java.KeYJPMapping -- Duplicate registration of type: boolean;, formerValue: boolean;
14:06:14.670 [Test worker] WARN de.uka.ilkd.key.java.KeYJPMapping -- Size of rec2key: 121 entries
14:06:14.670 [Test worker] ERROR de.uka.ilkd.key.java.KeYJPMapping -- Duplicate registration of type: int;, formerValue: int;
14:06:14.670 [Test worker] WARN de.uka.ilkd.key.java.KeYJPMapping -- Size of rec2key: 121 entries

package java.util;

public interface Set extends java.util.java.util.Collection {
    public int size ();
      public boolean isEmpty ();
        public boolean contains (
            java.lang.java.lang.Object arg0
          );
          public java.util.java.util.Iterator iterator (
              
            );
            public unknown[] toArray ();
              public unknown[] toArray (unknown[] arg0);
                public boolean add (
                    java.lang.java.lang.Object arg0
                  );
                  public boolean remove (
                      java.lang.java.lang.Object arg0
                    );
                    public boolean containsAll (
                        java.util.java.util.Collection arg0
                      );
                      public boolean addAll (
                          java.util.java.util.Collection arg0
                        );
                        public boolean retainAll (
                            java.util.java.util.Collection arg0
                          );
                          public boolean removeAll (
                              java.util.java.util.Collection arg0
                            );
                            public any clear ();
                              public boolean equals (
                                  java.lang.java.lang.Object arg0
                                );
                                public int hashCode ();
                                };
]]></system-out>
  <system-err><![CDATA[]]></system-err>
</testsuite>
