<?xml version="1.0" encoding="UTF-8"?>
<testsuite name="de.uka.ilkd.key.parser.TestTermParserHeap" tests="39" skipped="0" failures="0" errors="0" timestamp="2023-04-18T07:27:29" hostname="fv-az250-347" time="128.723">
  <properties/>
  <testcase name="testBracketHeapUpdate()" classname="de.uka.ilkd.key.parser.TestTermParserHeap" time="0.018"/>
  <testcase name="testStore()" classname="de.uka.ilkd.key.parser.TestTermParserHeap" time="0.01"/>
  <testcase name="testUnknownConstant()" classname="de.uka.ilkd.key.parser.TestTermParserHeap" time="0.009"/>
  <testcase name="testAllFieldsSelector()" classname="de.uka.ilkd.key.parser.TestTermParserHeap" time="0.004"/>
  <testcase name="testParsePrettyPrintedSelect()" classname="de.uka.ilkd.key.parser.TestTermParserHeap" time="0.011"/>
  <testcase name="testAccessStaticMembers()" classname="de.uka.ilkd.key.parser.TestTermParserHeap" time="0.004"/>
  <testcase name="testAtOperator_1()" classname="de.uka.ilkd.key.parser.TestTermParserHeap" time="0.003"/>
  <testcase name="testAtOperator_2()" classname="de.uka.ilkd.key.parser.TestTermParserHeap" time="0.004"/>
  <testcase name="testAtOperator_3()" classname="de.uka.ilkd.key.parser.TestTermParserHeap" time="0.003"/>
  <testcase name="testAtOperator_4()" classname="de.uka.ilkd.key.parser.TestTermParserHeap" time="0.011"/>
  <testcase name="testAtOperator_5()" classname="de.uka.ilkd.key.parser.TestTermParserHeap" time="0.003"/>
  <testcase name="testAtOperator_6()" classname="de.uka.ilkd.key.parser.TestTermParserHeap" time="0.004"/>
  <testcase name="testAtOperator_7()" classname="de.uka.ilkd.key.parser.TestTermParserHeap" time="0.005"/>
  <testcase name="testAtOperator_8()" classname="de.uka.ilkd.key.parser.TestTermParserHeap" time="0.006"/>
  <testcase name="testVerifyExceptionIfAtOperatorNotPreceededBySelectTerm()" classname="de.uka.ilkd.key.parser.TestTermParserHeap" time="0.006"/>
  <testcase name="testBugResettingCounter()" classname="de.uka.ilkd.key.parser.TestTermParserHeap" time="0.004"/>
  <testcase name="testLocationSets()" classname="de.uka.ilkd.key.parser.TestTermParserHeap" time="0.003"/>
  <testcase name="testQuantifiedSelect()" classname="de.uka.ilkd.key.parser.TestTermParserHeap" time="0.006"/>
  <testcase name="testGenericObjectProperties()" classname="de.uka.ilkd.key.parser.TestTermParserHeap" time="0.004"/>
  <testcase name="testQueryInheritance_1()" classname="de.uka.ilkd.key.parser.TestTermParserHeap" time="0.004"/>
  <testcase name="testQueryInheritance_2()" classname="de.uka.ilkd.key.parser.TestTermParserHeap" time="0.004"/>
  <testcase name="testQueryInheritance_3()" classname="de.uka.ilkd.key.parser.TestTermParserHeap" time="0.003"/>
  <testcase name="testQueryInheritance_4()" classname="de.uka.ilkd.key.parser.TestTermParserHeap" time="0.003"/>
  <testcase name="testQueryInheritance_5()" classname="de.uka.ilkd.key.parser.TestTermParserHeap" time="0.005"/>
  <testcase name="testQueryInheritance_6()" classname="de.uka.ilkd.key.parser.TestTermParserHeap" time="0.005"/>
  <testcase name="testQueryInheritance_7()" classname="de.uka.ilkd.key.parser.TestTermParserHeap" time="0.003"/>
  <testcase name="testQueryInheritance_8()" classname="de.uka.ilkd.key.parser.TestTermParserHeap" time="0.003"/>
  <testcase name="testQueryInheritance_9()" classname="de.uka.ilkd.key.parser.TestTermParserHeap" time="0.002"/>
  <testcase name="testQueryBasic_10()" classname="de.uka.ilkd.key.parser.TestTermParserHeap" time="0.002"/>
  <testcase name="testQueryBasic_11()" classname="de.uka.ilkd.key.parser.TestTermParserHeap" time="0.004"/>
  <testcase name="testQueryBasic_1()" classname="de.uka.ilkd.key.parser.TestTermParserHeap" time="0.001"/>
  <testcase name="testQueryBasic_2()" classname="de.uka.ilkd.key.parser.TestTermParserHeap" time="0.006"/>
  <testcase name="testQueryBasic_3()" classname="de.uka.ilkd.key.parser.TestTermParserHeap" time="0.003"/>
  <testcase name="testQueryBasic_4()" classname="de.uka.ilkd.key.parser.TestTermParserHeap" time="0.003"/>
  <testcase name="testQueryBasic_5()" classname="de.uka.ilkd.key.parser.TestTermParserHeap" time="0.007"/>
  <testcase name="testQueryBasic_6()" classname="de.uka.ilkd.key.parser.TestTermParserHeap" time="0.004"/>
  <testcase name="testQueryBasic_7()" classname="de.uka.ilkd.key.parser.TestTermParserHeap" time="0.004"/>
  <testcase name="testQueryBasic_8()" classname="de.uka.ilkd.key.parser.TestTermParserHeap" time="0.003"/>
  <testcase name="testQueryBasic_9()" classname="de.uka.ilkd.key.parser.TestTermParserHeap" time="0.005"/>
  <system-out><![CDATA[376998     INFO  Test worker     d.u.i.k.n.KeyIO           Parsing took 0 ms 
376998     INFO  Test worker     d.u.i.k.n.KeyIO           MODE: declarations took 0 ms 
376998     INFO  Test worker     d.u.i.k.n.KeyIO           Parsing took 0 ms 
376998     INFO  Test worker     d.u.i.k.n.KeyIO           MODE: declarations took 0 ms 
376998     INFO  Test worker     d.u.i.k.n.KeyIO           Parsing took 0 ms 
376998     INFO  Test worker     d.u.i.k.n.KeyIO           MODE: declarations took 0 ms 
376998     INFO  Test worker     d.u.i.k.n.KeyIO           Parsing took 0 ms 
376998     INFO  Test worker     d.u.i.k.n.KeyIO           MODE: declarations took 0 ms 
376998     INFO  Test worker     d.u.i.k.n.KeyIO           Parsing took 0 ms 
376998     INFO  Test worker     d.u.i.k.n.KeyIO           MODE: declarations took 0 ms 
380707     INFO  Test worker     d.u.i.k.n.KeyIO           Parsing took 0 ms 
380707     INFO  Test worker     d.u.i.k.n.KeyIO           MODE: declarations took 0 ms 
380707     INFO  Test worker     d.u.i.k.n.KeyIO           Parsing took 0 ms 
380707     INFO  Test worker     d.u.i.k.n.KeyIO           MODE: declarations took 0 ms 
380707     INFO  Test worker     d.u.i.k.n.KeyIO           Parsing took 0 ms 
380707     INFO  Test worker     d.u.i.k.n.KeyIO           MODE: declarations took 0 ms 
380707     INFO  Test worker     d.u.i.k.n.KeyIO           Parsing took 0 ms 
380707     INFO  Test worker     d.u.i.k.n.KeyIO           MODE: declarations took 0 ms 
380707     INFO  Test worker     d.u.i.k.n.KeyIO           Parsing took 0 ms 
380707     INFO  Test worker     d.u.i.k.n.KeyIO           MODE: declarations took 0 ms 
384338     INFO  Test worker     d.u.i.k.n.KeyIO           Parsing took 0 ms 
384353     INFO  Test worker     d.u.i.k.n.KeyIO           MODE: declarations took 15 ms 
384353     INFO  Test worker     d.u.i.k.n.KeyIO           Parsing took 0 ms 
384353     INFO  Test worker     d.u.i.k.n.KeyIO           MODE: declarations took 0 ms 
384353     INFO  Test worker     d.u.i.k.n.KeyIO           Parsing took 0 ms 
384353     INFO  Test worker     d.u.i.k.n.KeyIO           MODE: declarations took 0 ms 
384353     INFO  Test worker     d.u.i.k.n.KeyIO           Parsing took 0 ms 
384353     INFO  Test worker     d.u.i.k.n.KeyIO           MODE: declarations took 0 ms 
384353     INFO  Test worker     d.u.i.k.n.KeyIO           Parsing took 0 ms 
384353     INFO  Test worker     d.u.i.k.n.KeyIO           MODE: declarations took 0 ms 
384353     INFO  Test worker     d.u.i.k.n.KeyIO           Parsing took 0 ms 
384353     INFO  Test worker     d.u.i.k.n.KeyIO           MODE: declarations took 0 ms 
387890     INFO  Test worker     d.u.i.k.n.KeyIO           Parsing took 0 ms 
387890     INFO  Test worker     d.u.i.k.n.KeyIO           MODE: declarations took 0 ms 
387890     INFO  Test worker     d.u.i.k.n.KeyIO           Parsing took 0 ms 
387890     INFO  Test worker     d.u.i.k.n.KeyIO           MODE: declarations took 0 ms 
387890     INFO  Test worker     d.u.i.k.n.KeyIO           Parsing took 0 ms 
387890     INFO  Test worker     d.u.i.k.n.KeyIO           MODE: declarations took 0 ms 
387890     INFO  Test worker     d.u.i.k.n.KeyIO           Parsing took 0 ms 
387890     INFO  Test worker     d.u.i.k.n.KeyIO           MODE: declarations took 0 ms 
387890     INFO  Test worker     d.u.i.k.n.KeyIO           Parsing took 0 ms 
387890     INFO  Test worker     d.u.i.k.n.KeyIO           MODE: declarations took 0 ms 
391634     INFO  Test worker     d.u.i.k.n.KeyIO           Parsing took 0 ms 
391634     INFO  Test worker     d.u.i.k.n.KeyIO           MODE: declarations took 0 ms 
391634     INFO  Test worker     d.u.i.k.n.KeyIO           Parsing took 0 ms 
391634     INFO  Test worker     d.u.i.k.n.KeyIO           MODE: declarations took 0 ms 
391634     INFO  Test worker     d.u.i.k.n.KeyIO           Parsing took 0 ms 
391634     INFO  Test worker     d.u.i.k.n.KeyIO           MODE: declarations took 0 ms 
391634     INFO  Test worker     d.u.i.k.n.KeyIO           Parsing took 0 ms 
391634     INFO  Test worker     d.u.i.k.n.KeyIO           MODE: declarations took 0 ms 
391634     INFO  Test worker     d.u.i.k.n.KeyIO           Parsing took 0 ms 
391634     INFO  Test worker     d.u.i.k.n.KeyIO           MODE: declarations took 0 ms 
395145     INFO  Test worker     d.u.i.k.n.KeyIO           Parsing took 0 ms 
395145     INFO  Test worker     d.u.i.k.n.KeyIO           MODE: declarations took 0 ms 
395145     INFO  Test worker     d.u.i.k.n.KeyIO           Parsing took 0 ms 
395145     INFO  Test worker     d.u.i.k.n.KeyIO           MODE: declarations took 0 ms 
395145     INFO  Test worker     d.u.i.k.n.KeyIO           Parsing took 0 ms 
395145     INFO  Test worker     d.u.i.k.n.KeyIO           MODE: declarations took 0 ms 
395145     INFO  Test worker     d.u.i.k.n.KeyIO           Parsing took 0 ms 
395145     INFO  Test worker     d.u.i.k.n.KeyIO           MODE: declarations took 0 ms 
395145     INFO  Test worker     d.u.i.k.n.KeyIO           Parsing took 0 ms 
395145     INFO  Test worker     d.u.i.k.n.KeyIO           MODE: declarations took 0 ms 
398921     INFO  Test worker     d.u.i.k.n.KeyIO           Parsing took 0 ms 
398921     INFO  Test worker     d.u.i.k.n.KeyIO           MODE: declarations took 0 ms 
398921     INFO  Test worker     d.u.i.k.n.KeyIO           Parsing took 0 ms 
398921     INFO  Test worker     d.u.i.k.n.KeyIO           MODE: declarations took 0 ms 
398921     INFO  Test worker     d.u.i.k.n.KeyIO           Parsing took 0 ms 
398921     INFO  Test worker     d.u.i.k.n.KeyIO           MODE: declarations took 0 ms 
398921     INFO  Test worker     d.u.i.k.n.KeyIO           Parsing took 0 ms 
398921     INFO  Test worker     d.u.i.k.n.KeyIO           MODE: declarations took 0 ms 
398921     INFO  Test worker     d.u.i.k.n.KeyIO           Parsing took 0 ms 
398921     INFO  Test worker     d.u.i.k.n.KeyIO           MODE: declarations took 0 ms 
402448     INFO  Test worker     d.u.i.k.n.KeyIO           Parsing took 0 ms 
402464     INFO  Test worker     d.u.i.k.n.KeyIO           MODE: declarations took 0 ms 
402464     INFO  Test worker     d.u.i.k.n.KeyIO           Parsing took 0 ms 
402464     INFO  Test worker     d.u.i.k.n.KeyIO           MODE: declarations took 0 ms 
402464     INFO  Test worker     d.u.i.k.n.KeyIO           Parsing took 0 ms 
402464     INFO  Test worker     d.u.i.k.n.KeyIO           MODE: declarations took 0 ms 
402464     INFO  Test worker     d.u.i.k.n.KeyIO           Parsing took 0 ms 
402464     INFO  Test worker     d.u.i.k.n.KeyIO           MODE: declarations took 0 ms 
402464     INFO  Test worker     d.u.i.k.n.KeyIO           Parsing took 0 ms 
402464     INFO  Test worker     d.u.i.k.n.KeyIO           MODE: declarations took 0 ms 
406062     INFO  Test worker     d.u.i.k.n.KeyIO           Parsing took 0 ms 
406062     INFO  Test worker     d.u.i.k.n.KeyIO           MODE: declarations took 0 ms 
406062     INFO  Test worker     d.u.i.k.n.KeyIO           Parsing took 0 ms 
406062     INFO  Test worker     d.u.i.k.n.KeyIO           MODE: declarations took 0 ms 
406062     INFO  Test worker     d.u.i.k.n.KeyIO           Parsing took 0 ms 
406062     INFO  Test worker     d.u.i.k.n.KeyIO           MODE: declarations took 0 ms 
406062     INFO  Test worker     d.u.i.k.n.KeyIO           Parsing took 0 ms 
406062     INFO  Test worker     d.u.i.k.n.KeyIO           MODE: declarations took 0 ms 
406062     INFO  Test worker     d.u.i.k.n.KeyIO           Parsing took 0 ms 
406062     INFO  Test worker     d.u.i.k.n.KeyIO           MODE: declarations took 0 ms 
409538     INFO  Test worker     d.u.i.k.n.KeyIO           Parsing took 0 ms 
409538     INFO  Test worker     d.u.i.k.n.KeyIO           MODE: declarations took 0 ms 
409538     INFO  Test worker     d.u.i.k.n.KeyIO           Parsing took 0 ms 
409538     INFO  Test worker     d.u.i.k.n.KeyIO           MODE: declarations took 0 ms 
409538     INFO  Test worker     d.u.i.k.n.KeyIO           Parsing took 0 ms 
409538     INFO  Test worker     d.u.i.k.n.KeyIO           MODE: declarations took 0 ms 
409538     INFO  Test worker     d.u.i.k.n.KeyIO           Parsing took 0 ms 
409538     INFO  Test worker     d.u.i.k.n.KeyIO           MODE: declarations took 0 ms 
409538     INFO  Test worker     d.u.i.k.n.KeyIO           Parsing took 0 ms 
409538     INFO  Test worker     d.u.i.k.n.KeyIO           MODE: declarations took 0 ms 
412906     INFO  Test worker     d.u.i.k.n.KeyIO           Parsing took 0 ms 
412906     INFO  Test worker     d.u.i.k.n.KeyIO           MODE: declarations took 0 ms 
412906     INFO  Test worker     d.u.i.k.n.KeyIO           Parsing took 0 ms 
412906     INFO  Test worker     d.u.i.k.n.KeyIO           MODE: declarations took 0 ms 
412906     INFO  Test worker     d.u.i.k.n.KeyIO           Parsing took 0 ms 
412906     INFO  Test worker     d.u.i.k.n.KeyIO           MODE: declarations took 0 ms 
412906     INFO  Test worker     d.u.i.k.n.KeyIO           Parsing took 0 ms 
412906     INFO  Test worker     d.u.i.k.n.KeyIO           MODE: declarations took 0 ms 
412906     INFO  Test worker     d.u.i.k.n.KeyIO           Parsing took 0 ms 
412906     INFO  Test worker     d.u.i.k.n.KeyIO           MODE: declarations took 0 ms 
416161     INFO  Test worker     d.u.i.k.n.KeyIO           Parsing took 0 ms 
416177     INFO  Test worker     d.u.i.k.n.KeyIO           MODE: declarations took 0 ms 
416177     INFO  Test worker     d.u.i.k.n.KeyIO           Parsing took 0 ms 
416177     INFO  Test worker     d.u.i.k.n.KeyIO           MODE: declarations took 0 ms 
416177     INFO  Test worker     d.u.i.k.n.KeyIO           Parsing took 0 ms 
416177     INFO  Test worker     d.u.i.k.n.KeyIO           MODE: declarations took 0 ms 
416177     INFO  Test worker     d.u.i.k.n.KeyIO           Parsing took 0 ms 
416177     INFO  Test worker     d.u.i.k.n.KeyIO           MODE: declarations took 0 ms 
416177     INFO  Test worker     d.u.i.k.n.KeyIO           Parsing took 0 ms 
416177     INFO  Test worker     d.u.i.k.n.KeyIO           MODE: declarations took 0 ms 
419482     INFO  Test worker     d.u.i.k.n.KeyIO           Parsing took 0 ms 
419482     INFO  Test worker     d.u.i.k.n.KeyIO           MODE: declarations took 0 ms 
419482     INFO  Test worker     d.u.i.k.n.KeyIO           Parsing took 0 ms 
419482     INFO  Test worker     d.u.i.k.n.KeyIO           MODE: declarations took 0 ms 
419482     INFO  Test worker     d.u.i.k.n.KeyIO           Parsing took 0 ms 
419482     INFO  Test worker     d.u.i.k.n.KeyIO           MODE: declarations took 0 ms 
419482     INFO  Test worker     d.u.i.k.n.KeyIO           Parsing took 0 ms 
419482     INFO  Test worker     d.u.i.k.n.KeyIO           MODE: declarations took 0 ms 
419482     INFO  Test worker     d.u.i.k.n.KeyIO           Parsing took 0 ms 
419482     INFO  Test worker     d.u.i.k.n.KeyIO           MODE: declarations took 0 ms 
422846     INFO  Test worker     d.u.i.k.n.KeyIO           Parsing took 0 ms 
422846     INFO  Test worker     d.u.i.k.n.KeyIO           MODE: declarations took 0 ms 
422846     INFO  Test worker     d.u.i.k.n.KeyIO           Parsing took 0 ms 
422846     INFO  Test worker     d.u.i.k.n.KeyIO           MODE: declarations took 0 ms 
422846     INFO  Test worker     d.u.i.k.n.KeyIO           Parsing took 0 ms 
422846     INFO  Test worker     d.u.i.k.n.KeyIO           MODE: declarations took 0 ms 
422846     INFO  Test worker     d.u.i.k.n.KeyIO           Parsing took 0 ms 
422846     INFO  Test worker     d.u.i.k.n.KeyIO           MODE: declarations took 0 ms 
422846     INFO  Test worker     d.u.i.k.n.KeyIO           Parsing took 0 ms 
422846     INFO  Test worker     d.u.i.k.n.KeyIO           MODE: declarations took 0 ms 
426117     INFO  Test worker     d.u.i.k.n.KeyIO           Parsing took 0 ms 
426117     INFO  Test worker     d.u.i.k.n.KeyIO           MODE: declarations took 0 ms 
426117     INFO  Test worker     d.u.i.k.n.KeyIO           Parsing took 0 ms 
426117     INFO  Test worker     d.u.i.k.n.KeyIO           MODE: declarations took 0 ms 
426117     INFO  Test worker     d.u.i.k.n.KeyIO           Parsing took 0 ms 
426117     INFO  Test worker     d.u.i.k.n.KeyIO           MODE: declarations took 0 ms 
426117     INFO  Test worker     d.u.i.k.n.KeyIO           Parsing took 0 ms 
426117     INFO  Test worker     d.u.i.k.n.KeyIO           MODE: declarations took 0 ms 
426117     INFO  Test worker     d.u.i.k.n.KeyIO           Parsing took 0 ms 
426117     INFO  Test worker     d.u.i.k.n.KeyIO           MODE: declarations took 0 ms 
426117     WARN  Test worker     d.u.i.k.n.KeYParser       [syntax-error] <unknown>:1:11: mismatched input '@' expecting {'/', ':=', '.', '(', ')', '{', '[', '@', PARALLEL, OR, AND, IMP, '=', NOT_EQUALS, '%', '*', '-', '+', '>', GREATEREQUAL, '<', LESSEQUAL, LGUILLEMETS, EQV} [@11,11:11='@',<153>,1:11] (termEOF) 
429459     INFO  Test worker     d.u.i.k.n.KeyIO           Parsing took 0 ms 
429459     INFO  Test worker     d.u.i.k.n.KeyIO           MODE: declarations took 0 ms 
429459     INFO  Test worker     d.u.i.k.n.KeyIO           Parsing took 0 ms 
429459     INFO  Test worker     d.u.i.k.n.KeyIO           MODE: declarations took 0 ms 
429459     INFO  Test worker     d.u.i.k.n.KeyIO           Parsing took 0 ms 
429459     INFO  Test worker     d.u.i.k.n.KeyIO           MODE: declarations took 0 ms 
429459     INFO  Test worker     d.u.i.k.n.KeyIO           Parsing took 0 ms 
429459     INFO  Test worker     d.u.i.k.n.KeyIO           MODE: declarations took 0 ms 
429459     INFO  Test worker     d.u.i.k.n.KeyIO           Parsing took 0 ms 
429459     INFO  Test worker     d.u.i.k.n.KeyIO           MODE: declarations took 0 ms 
432780     INFO  Test worker     d.u.i.k.n.KeyIO           Parsing took 0 ms 
432780     INFO  Test worker     d.u.i.k.n.KeyIO           MODE: declarations took 0 ms 
432780     INFO  Test worker     d.u.i.k.n.KeyIO           Parsing took 0 ms 
432780     INFO  Test worker     d.u.i.k.n.KeyIO           MODE: declarations took 0 ms 
432780     INFO  Test worker     d.u.i.k.n.KeyIO           Parsing took 0 ms 
432780     INFO  Test worker     d.u.i.k.n.KeyIO           MODE: declarations took 0 ms 
432780     INFO  Test worker     d.u.i.k.n.KeyIO           Parsing took 0 ms 
432780     INFO  Test worker     d.u.i.k.n.KeyIO           MODE: declarations took 0 ms 
432780     INFO  Test worker     d.u.i.k.n.KeyIO           Parsing took 0 ms 
432780     INFO  Test worker     d.u.i.k.n.KeyIO           MODE: declarations took 0 ms 
436094     INFO  Test worker     d.u.i.k.n.KeyIO           Parsing took 0 ms 
436094     INFO  Test worker     d.u.i.k.n.KeyIO           MODE: declarations took 0 ms 
436094     INFO  Test worker     d.u.i.k.n.KeyIO           Parsing took 0 ms 
436094     INFO  Test worker     d.u.i.k.n.KeyIO           MODE: declarations took 0 ms 
436094     INFO  Test worker     d.u.i.k.n.KeyIO           Parsing took 0 ms 
436094     INFO  Test worker     d.u.i.k.n.KeyIO           MODE: declarations took 0 ms 
436094     INFO  Test worker     d.u.i.k.n.KeyIO           Parsing took 0 ms 
436094     INFO  Test worker     d.u.i.k.n.KeyIO           MODE: declarations took 0 ms 
436094     INFO  Test worker     d.u.i.k.n.KeyIO           Parsing took 0 ms 
436094     INFO  Test worker     d.u.i.k.n.KeyIO           MODE: declarations took 0 ms 
439586     INFO  Test worker     d.u.i.k.n.KeyIO           Parsing took 0 ms 
439586     INFO  Test worker     d.u.i.k.n.KeyIO           MODE: declarations took 0 ms 
439586     INFO  Test worker     d.u.i.k.n.KeyIO           Parsing took 0 ms 
439586     INFO  Test worker     d.u.i.k.n.KeyIO           MODE: declarations took 0 ms 
439586     INFO  Test worker     d.u.i.k.n.KeyIO           Parsing took 0 ms 
439586     INFO  Test worker     d.u.i.k.n.KeyIO           MODE: declarations took 0 ms 
439586     INFO  Test worker     d.u.i.k.n.KeyIO           Parsing took 0 ms 
439586     INFO  Test worker     d.u.i.k.n.KeyIO           MODE: declarations took 0 ms 
439586     INFO  Test worker     d.u.i.k.n.KeyIO           Parsing took 0 ms 
439586     INFO  Test worker     d.u.i.k.n.KeyIO           MODE: declarations took 0 ms 
442924     INFO  Test worker     d.u.i.k.n.KeyIO           Parsing took 0 ms 
442924     INFO  Test worker     d.u.i.k.n.KeyIO           MODE: declarations took 0 ms 
442924     INFO  Test worker     d.u.i.k.n.KeyIO           Parsing took 0 ms 
442940     INFO  Test worker     d.u.i.k.n.KeyIO           MODE: declarations took 16 ms 
442940     INFO  Test worker     d.u.i.k.n.KeyIO           Parsing took 0 ms 
442940     INFO  Test worker     d.u.i.k.n.KeyIO           MODE: declarations took 0 ms 
442940     INFO  Test worker     d.u.i.k.n.KeyIO           Parsing took 0 ms 
442940     INFO  Test worker     d.u.i.k.n.KeyIO           MODE: declarations took 0 ms 
442940     INFO  Test worker     d.u.i.k.n.KeyIO           Parsing took 0 ms 
442940     INFO  Test worker     d.u.i.k.n.KeyIO           MODE: declarations took 0 ms 
446179     INFO  Test worker     d.u.i.k.n.KeyIO           Parsing took 0 ms 
446179     INFO  Test worker     d.u.i.k.n.KeyIO           MODE: declarations took 0 ms 
446179     INFO  Test worker     d.u.i.k.n.KeyIO           Parsing took 0 ms 
446179     INFO  Test worker     d.u.i.k.n.KeyIO           MODE: declarations took 0 ms 
446179     INFO  Test worker     d.u.i.k.n.KeyIO           Parsing took 0 ms 
446179     INFO  Test worker     d.u.i.k.n.KeyIO           MODE: declarations took 0 ms 
446179     INFO  Test worker     d.u.i.k.n.KeyIO           Parsing took 0 ms 
446179     INFO  Test worker     d.u.i.k.n.KeyIO           MODE: declarations took 0 ms 
446179     INFO  Test worker     d.u.i.k.n.KeyIO           Parsing took 0 ms 
446179     INFO  Test worker     d.u.i.k.n.KeyIO           MODE: declarations took 0 ms 
449470     INFO  Test worker     d.u.i.k.n.KeyIO           Parsing took 0 ms 
449486     INFO  Test worker     d.u.i.k.n.KeyIO           MODE: declarations took 0 ms 
449486     INFO  Test worker     d.u.i.k.n.KeyIO           Parsing took 0 ms 
449486     INFO  Test worker     d.u.i.k.n.KeyIO           MODE: declarations took 0 ms 
449486     INFO  Test worker     d.u.i.k.n.KeyIO           Parsing took 0 ms 
449486     INFO  Test worker     d.u.i.k.n.KeyIO           MODE: declarations took 0 ms 
449486     INFO  Test worker     d.u.i.k.n.KeyIO           Parsing took 0 ms 
449486     INFO  Test worker     d.u.i.k.n.KeyIO           MODE: declarations took 0 ms 
449486     INFO  Test worker     d.u.i.k.n.KeyIO           Parsing took 0 ms 
449486     INFO  Test worker     d.u.i.k.n.KeyIO           MODE: declarations took 0 ms 
452754     INFO  Test worker     d.u.i.k.n.KeyIO           Parsing took 0 ms 
452754     INFO  Test worker     d.u.i.k.n.KeyIO           MODE: declarations took 0 ms 
452754     INFO  Test worker     d.u.i.k.n.KeyIO           Parsing took 0 ms 
452754     INFO  Test worker     d.u.i.k.n.KeyIO           MODE: declarations took 0 ms 
452754     INFO  Test worker     d.u.i.k.n.KeyIO           Parsing took 0 ms 
452754     INFO  Test worker     d.u.i.k.n.KeyIO           MODE: declarations took 0 ms 
452754     INFO  Test worker     d.u.i.k.n.KeyIO           Parsing took 0 ms 
452754     INFO  Test worker     d.u.i.k.n.KeyIO           MODE: declarations took 0 ms 
452754     INFO  Test worker     d.u.i.k.n.KeyIO           Parsing took 0 ms 
452754     INFO  Test worker     d.u.i.k.n.KeyIO           MODE: declarations took 0 ms 
456133     INFO  Test worker     d.u.i.k.n.KeyIO           Parsing took 0 ms 
456133     INFO  Test worker     d.u.i.k.n.KeyIO           MODE: declarations took 0 ms 
456133     INFO  Test worker     d.u.i.k.n.KeyIO           Parsing took 0 ms 
456133     INFO  Test worker     d.u.i.k.n.KeyIO           MODE: declarations took 0 ms 
456133     INFO  Test worker     d.u.i.k.n.KeyIO           Parsing took 0 ms 
456133     INFO  Test worker     d.u.i.k.n.KeyIO           MODE: declarations took 0 ms 
456133     INFO  Test worker     d.u.i.k.n.KeyIO           Parsing took 0 ms 
456133     INFO  Test worker     d.u.i.k.n.KeyIO           MODE: declarations took 0 ms 
456133     INFO  Test worker     d.u.i.k.n.KeyIO           Parsing took 0 ms 
456133     INFO  Test worker     d.u.i.k.n.KeyIO           MODE: declarations took 0 ms 
459501     INFO  Test worker     d.u.i.k.n.KeyIO           Parsing took 0 ms 
459501     INFO  Test worker     d.u.i.k.n.KeyIO           MODE: declarations took 0 ms 
459501     INFO  Test worker     d.u.i.k.n.KeyIO           Parsing took 0 ms 
459501     INFO  Test worker     d.u.i.k.n.KeyIO           MODE: declarations took 0 ms 
459501     INFO  Test worker     d.u.i.k.n.KeyIO           Parsing took 0 ms 
459501     INFO  Test worker     d.u.i.k.n.KeyIO           MODE: declarations took 0 ms 
459501     INFO  Test worker     d.u.i.k.n.KeyIO           Parsing took 0 ms 
459501     INFO  Test worker     d.u.i.k.n.KeyIO           MODE: declarations took 0 ms 
459501     INFO  Test worker     d.u.i.k.n.KeyIO           Parsing took 0 ms 
459501     INFO  Test worker     d.u.i.k.n.KeyIO           MODE: declarations took 0 ms 
462800     INFO  Test worker     d.u.i.k.n.KeyIO           Parsing took 0 ms 
462800     INFO  Test worker     d.u.i.k.n.KeyIO           MODE: declarations took 0 ms 
462800     INFO  Test worker     d.u.i.k.n.KeyIO           Parsing took 0 ms 
462800     INFO  Test worker     d.u.i.k.n.KeyIO           MODE: declarations took 0 ms 
462800     INFO  Test worker     d.u.i.k.n.KeyIO           Parsing took 0 ms 
462800     INFO  Test worker     d.u.i.k.n.KeyIO           MODE: declarations took 0 ms 
462800     INFO  Test worker     d.u.i.k.n.KeyIO           Parsing took 0 ms 
462800     INFO  Test worker     d.u.i.k.n.KeyIO           MODE: declarations took 0 ms 
462800     INFO  Test worker     d.u.i.k.n.KeyIO           Parsing took 0 ms 
462800     INFO  Test worker     d.u.i.k.n.KeyIO           MODE: declarations took 0 ms 
466135     INFO  Test worker     d.u.i.k.n.KeyIO           Parsing took 0 ms 
466135     INFO  Test worker     d.u.i.k.n.KeyIO           MODE: declarations took 0 ms 
466135     INFO  Test worker     d.u.i.k.n.KeyIO           Parsing took 0 ms 
466135     INFO  Test worker     d.u.i.k.n.KeyIO           MODE: declarations took 0 ms 
466135     INFO  Test worker     d.u.i.k.n.KeyIO           Parsing took 0 ms 
466135     INFO  Test worker     d.u.i.k.n.KeyIO           MODE: declarations took 0 ms 
466135     INFO  Test worker     d.u.i.k.n.KeyIO           Parsing took 0 ms 
466151     INFO  Test worker     d.u.i.k.n.KeyIO           MODE: declarations took 0 ms 
466151     INFO  Test worker     d.u.i.k.n.KeyIO           Parsing took 0 ms 
466151     INFO  Test worker     d.u.i.k.n.KeyIO           MODE: declarations took 0 ms 
469432     INFO  Test worker     d.u.i.k.n.KeyIO           Parsing took 0 ms 
469432     INFO  Test worker     d.u.i.k.n.KeyIO           MODE: declarations took 0 ms 
469432     INFO  Test worker     d.u.i.k.n.KeyIO           Parsing took 0 ms 
469432     INFO  Test worker     d.u.i.k.n.KeyIO           MODE: declarations took 0 ms 
469432     INFO  Test worker     d.u.i.k.n.KeyIO           Parsing took 0 ms 
469432     INFO  Test worker     d.u.i.k.n.KeyIO           MODE: declarations took 0 ms 
469432     INFO  Test worker     d.u.i.k.n.KeyIO           Parsing took 0 ms 
469432     INFO  Test worker     d.u.i.k.n.KeyIO           MODE: declarations took 0 ms 
469432     INFO  Test worker     d.u.i.k.n.KeyIO           Parsing took 0 ms 
469432     INFO  Test worker     d.u.i.k.n.KeyIO           MODE: declarations took 0 ms 
472735     INFO  Test worker     d.u.i.k.n.KeyIO           Parsing took 0 ms 
472735     INFO  Test worker     d.u.i.k.n.KeyIO           MODE: declarations took 0 ms 
472735     INFO  Test worker     d.u.i.k.n.KeyIO           Parsing took 0 ms 
472735     INFO  Test worker     d.u.i.k.n.KeyIO           MODE: declarations took 0 ms 
472735     INFO  Test worker     d.u.i.k.n.KeyIO           Parsing took 0 ms 
472735     INFO  Test worker     d.u.i.k.n.KeyIO           MODE: declarations took 0 ms 
472735     INFO  Test worker     d.u.i.k.n.KeyIO           Parsing took 0 ms 
472735     INFO  Test worker     d.u.i.k.n.KeyIO           MODE: declarations took 0 ms 
472735     INFO  Test worker     d.u.i.k.n.KeyIO           Parsing took 0 ms 
472735     INFO  Test worker     d.u.i.k.n.KeyIO           MODE: declarations took 0 ms 
476041     INFO  Test worker     d.u.i.k.n.KeyIO           Parsing took 0 ms 
476041     INFO  Test worker     d.u.i.k.n.KeyIO           MODE: declarations took 0 ms 
476041     INFO  Test worker     d.u.i.k.n.KeyIO           Parsing took 0 ms 
476041     INFO  Test worker     d.u.i.k.n.KeyIO           MODE: declarations took 0 ms 
476041     INFO  Test worker     d.u.i.k.n.KeyIO           Parsing took 0 ms 
476041     INFO  Test worker     d.u.i.k.n.KeyIO           MODE: declarations took 0 ms 
476041     INFO  Test worker     d.u.i.k.n.KeyIO           Parsing took 0 ms 
476041     INFO  Test worker     d.u.i.k.n.KeyIO           MODE: declarations took 0 ms 
476041     INFO  Test worker     d.u.i.k.n.KeyIO           Parsing took 0 ms 
476041     INFO  Test worker     d.u.i.k.n.KeyIO           MODE: declarations took 0 ms 
479344     INFO  Test worker     d.u.i.k.n.KeyIO           Parsing took 0 ms 
479344     INFO  Test worker     d.u.i.k.n.KeyIO           MODE: declarations took 0 ms 
479344     INFO  Test worker     d.u.i.k.n.KeyIO           Parsing took 0 ms 
479344     INFO  Test worker     d.u.i.k.n.KeyIO           MODE: declarations took 0 ms 
479344     INFO  Test worker     d.u.i.k.n.KeyIO           Parsing took 0 ms 
479344     INFO  Test worker     d.u.i.k.n.KeyIO           MODE: declarations took 0 ms 
479344     INFO  Test worker     d.u.i.k.n.KeyIO           Parsing took 0 ms 
479344     INFO  Test worker     d.u.i.k.n.KeyIO           MODE: declarations took 0 ms 
479344     INFO  Test worker     d.u.i.k.n.KeyIO           Parsing took 0 ms 
479344     INFO  Test worker     d.u.i.k.n.KeyIO           MODE: declarations took 0 ms 
482563     INFO  Test worker     d.u.i.k.n.KeyIO           Parsing took 0 ms 
482563     INFO  Test worker     d.u.i.k.n.KeyIO           MODE: declarations took 0 ms 
482563     INFO  Test worker     d.u.i.k.n.KeyIO           Parsing took 0 ms 
482563     INFO  Test worker     d.u.i.k.n.KeyIO           MODE: declarations took 0 ms 
482563     INFO  Test worker     d.u.i.k.n.KeyIO           Parsing took 0 ms 
482563     INFO  Test worker     d.u.i.k.n.KeyIO           MODE: declarations took 0 ms 
482563     INFO  Test worker     d.u.i.k.n.KeyIO           Parsing took 0 ms 
482563     INFO  Test worker     d.u.i.k.n.KeyIO           MODE: declarations took 0 ms 
482563     INFO  Test worker     d.u.i.k.n.KeyIO           Parsing took 0 ms 
482563     INFO  Test worker     d.u.i.k.n.KeyIO           MODE: declarations took 0 ms 
485848     INFO  Test worker     d.u.i.k.n.KeyIO           Parsing took 0 ms 
485848     INFO  Test worker     d.u.i.k.n.KeyIO           MODE: declarations took 0 ms 
485848     INFO  Test worker     d.u.i.k.n.KeyIO           Parsing took 0 ms 
485848     INFO  Test worker     d.u.i.k.n.KeyIO           MODE: declarations took 0 ms 
485848     INFO  Test worker     d.u.i.k.n.KeyIO           Parsing took 0 ms 
485848     INFO  Test worker     d.u.i.k.n.KeyIO           MODE: declarations took 0 ms 
485848     INFO  Test worker     d.u.i.k.n.KeyIO           Parsing took 0 ms 
485848     INFO  Test worker     d.u.i.k.n.KeyIO           MODE: declarations took 0 ms 
485848     INFO  Test worker     d.u.i.k.n.KeyIO           Parsing took 0 ms 
485848     INFO  Test worker     d.u.i.k.n.KeyIO           MODE: declarations took 0 ms 
489088     INFO  Test worker     d.u.i.k.n.KeyIO           Parsing took 0 ms 
489088     INFO  Test worker     d.u.i.k.n.KeyIO           MODE: declarations took 0 ms 
489088     INFO  Test worker     d.u.i.k.n.KeyIO           Parsing took 0 ms 
489088     INFO  Test worker     d.u.i.k.n.KeyIO           MODE: declarations took 0 ms 
489088     INFO  Test worker     d.u.i.k.n.KeyIO           Parsing took 0 ms 
489088     INFO  Test worker     d.u.i.k.n.KeyIO           MODE: declarations took 0 ms 
489088     INFO  Test worker     d.u.i.k.n.KeyIO           Parsing took 0 ms 
489088     INFO  Test worker     d.u.i.k.n.KeyIO           MODE: declarations took 0 ms 
489088     INFO  Test worker     d.u.i.k.n.KeyIO           Parsing took 0 ms 
489088     INFO  Test worker     d.u.i.k.n.KeyIO           MODE: declarations took 0 ms 
492345     INFO  Test worker     d.u.i.k.n.KeyIO           Parsing took 0 ms 
492345     INFO  Test worker     d.u.i.k.n.KeyIO           MODE: declarations took 0 ms 
492345     INFO  Test worker     d.u.i.k.n.KeyIO           Parsing took 0 ms 
492345     INFO  Test worker     d.u.i.k.n.KeyIO           MODE: declarations took 0 ms 
492345     INFO  Test worker     d.u.i.k.n.KeyIO           Parsing took 0 ms 
492345     INFO  Test worker     d.u.i.k.n.KeyIO           MODE: declarations took 0 ms 
492345     INFO  Test worker     d.u.i.k.n.KeyIO           Parsing took 0 ms 
492345     INFO  Test worker     d.u.i.k.n.KeyIO           MODE: declarations took 0 ms 
492345     INFO  Test worker     d.u.i.k.n.KeyIO           Parsing took 0 ms 
492345     INFO  Test worker     d.u.i.k.n.KeyIO           MODE: declarations took 0 ms 
495794     INFO  Test worker     d.u.i.k.n.KeyIO           Parsing took 0 ms 
495794     INFO  Test worker     d.u.i.k.n.KeyIO           MODE: declarations took 0 ms 
495794     INFO  Test worker     d.u.i.k.n.KeyIO           Parsing took 0 ms 
495794     INFO  Test worker     d.u.i.k.n.KeyIO           MODE: declarations took 0 ms 
495794     INFO  Test worker     d.u.i.k.n.KeyIO           Parsing took 0 ms 
495794     INFO  Test worker     d.u.i.k.n.KeyIO           MODE: declarations took 0 ms 
495794     INFO  Test worker     d.u.i.k.n.KeyIO           Parsing took 0 ms 
495794     INFO  Test worker     d.u.i.k.n.KeyIO           MODE: declarations took 0 ms 
495794     INFO  Test worker     d.u.i.k.n.KeyIO           Parsing took 0 ms 
495794     INFO  Test worker     d.u.i.k.n.KeyIO           MODE: declarations took 0 ms 
499136     INFO  Test worker     d.u.i.k.n.KeyIO           Parsing took 0 ms 
499136     INFO  Test worker     d.u.i.k.n.KeyIO           MODE: declarations took 0 ms 
499136     INFO  Test worker     d.u.i.k.n.KeyIO           Parsing took 0 ms 
499136     INFO  Test worker     d.u.i.k.n.KeyIO           MODE: declarations took 0 ms 
499136     INFO  Test worker     d.u.i.k.n.KeyIO           Parsing took 0 ms 
499136     INFO  Test worker     d.u.i.k.n.KeyIO           MODE: declarations took 0 ms 
499136     INFO  Test worker     d.u.i.k.n.KeyIO           Parsing took 0 ms 
499136     INFO  Test worker     d.u.i.k.n.KeyIO           MODE: declarations took 0 ms 
499136     INFO  Test worker     d.u.i.k.n.KeyIO           Parsing took 0 ms 
499136     INFO  Test worker     d.u.i.k.n.KeyIO           MODE: declarations took 0 ms 
502463     INFO  Test worker     d.u.i.k.n.KeyIO           Parsing took 0 ms 
502463     INFO  Test worker     d.u.i.k.n.KeyIO           MODE: declarations took 0 ms 
502463     INFO  Test worker     d.u.i.k.n.KeyIO           Parsing took 0 ms 
502463     INFO  Test worker     d.u.i.k.n.KeyIO           MODE: declarations took 0 ms 
502463     INFO  Test worker     d.u.i.k.n.KeyIO           Parsing took 0 ms 
502463     INFO  Test worker     d.u.i.k.n.KeyIO           MODE: declarations took 0 ms 
502463     INFO  Test worker     d.u.i.k.n.KeyIO           Parsing took 0 ms 
502463     INFO  Test worker     d.u.i.k.n.KeyIO           MODE: declarations took 0 ms 
502463     INFO  Test worker     d.u.i.k.n.KeyIO           Parsing took 0 ms 
502463     INFO  Test worker     d.u.i.k.n.KeyIO           MODE: declarations took 0 ms 
505716     INFO  Test worker     d.u.i.k.n.KeyIO           Parsing took 0 ms 
505716     INFO  Test worker     d.u.i.k.n.KeyIO           MODE: declarations took 0 ms 
505716     INFO  Test worker     d.u.i.k.n.KeyIO           Parsing took 0 ms 
505716     INFO  Test worker     d.u.i.k.n.KeyIO           MODE: declarations took 0 ms 
505716     INFO  Test worker     d.u.i.k.n.KeyIO           Parsing took 0 ms 
505716     INFO  Test worker     d.u.i.k.n.KeyIO           MODE: declarations took 0 ms 
505716     INFO  Test worker     d.u.i.k.n.KeyIO           Parsing took 0 ms 
505732     INFO  Test worker     d.u.i.k.n.KeyIO           MODE: declarations took 0 ms 
505732     INFO  Test worker     d.u.i.k.n.KeyIO           Parsing took 0 ms 
505732     INFO  Test worker     d.u.i.k.n.KeyIO           MODE: declarations took 0 ms 
]]></system-out>
  <system-err><![CDATA[]]></system-err>
</testsuite>
