<?xml version="1.0" encoding="UTF-8"?>
<testsuite name="de.uka.ilkd.key.nparser.ParseLDTsTests" tests="2" skipped="0" failures="0" errors="0" timestamp="2023-04-18T07:25:09" hostname="fv-az250-347" time="1.132">
  <properties/>
  <testcase name="testLDT()" classname="de.uka.ilkd.key.nparser.ParseLDTsTests" time="0.023"/>
  <testcase name="testSR()" classname="de.uka.ilkd.key.nparser.ParseLDTsTests" time="1.108"/>
  <system-out><![CDATA[236693     INFO  Test worker     d.u.i.k.n.KeyIO           Parsing took 15 ms 
236693     INFO  Test worker     d.u.i.k.n.KeyIO           MODE: declarations took 0 ms 
237089     INFO  Test worker     d.u.i.k.n.KeyIO           Parsing took 380 ms 
237104     INFO  Test worker     d.u.i.k.n.KeyIO           MODE: declarations took 15 ms 
]]></system-out>
  <system-err><![CDATA[]]></system-err>
</testsuite>
