<?xml version="1.0" encoding="UTF-8"?>
<testsuite name="de.uka.ilkd.key.parser.TestTermParser" tests="47" skipped="4" failures="0" errors="0" timestamp="2023-04-18T07:27:21" hostname="fv-az250-347" time="4.503">
  <properties/>
  <testcase name="testNotEqual()" classname="de.uka.ilkd.key.parser.TestTermParser" time="0.003"/>
  <testcase name="testProgramVariables()" classname="de.uka.ilkd.key.parser.TestTermParser" time="0.249"/>
  <testcase name="testAttributeWithSpecifiedSortOnObject()" classname="de.uka.ilkd.key.parser.TestTermParser" time="0.026"/>
  <testcase name="testCast()" classname="de.uka.ilkd.key.parser.TestTermParser" time="0.004"/>
  <testcase name="testJavaQueryAndAttribute_all()" classname="de.uka.ilkd.key.parser.TestTermParser" time="0.0">
    <skipped/>
  </testcase>
  <testcase name="test10()" classname="de.uka.ilkd.key.parser.TestTermParser" time="0.007"/>
  <testcase name="test11()" classname="de.uka.ilkd.key.parser.TestTermParser" time="0.004"/>
  <testcase name="test12()" classname="de.uka.ilkd.key.parser.TestTermParser" time="0.0">
    <skipped/>
  </testcase>
  <testcase name="test13()" classname="de.uka.ilkd.key.parser.TestTermParser" time="0.025"/>
  <testcase name="test14()" classname="de.uka.ilkd.key.parser.TestTermParser" time="0.01"/>
  <testcase name="test1a()" classname="de.uka.ilkd.key.parser.TestTermParser" time="0.003"/>
  <testcase name="testJavaAttributeAccess_4()" classname="de.uka.ilkd.key.parser.TestTermParser" time="0.003"/>
  <testcase name="testAttributeOnObject()" classname="de.uka.ilkd.key.parser.TestTermParser" time="0.004"/>
  <testcase name="testNegativeLiteralParsing1()" classname="de.uka.ilkd.key.parser.TestTermParser" time="0.002"/>
  <testcase name="testNegativeLiteralParsing2()" classname="de.uka.ilkd.key.parser.TestTermParser" time="0.002"/>
  <testcase name="testNegativeLiteralParsing3()" classname="de.uka.ilkd.key.parser.TestTermParser" time="0.002"/>
  <testcase name="xtestParsingArrayWithSpaces()" classname="de.uka.ilkd.key.parser.TestTermParser" time="0.0">
    <skipped/>
  </testcase>
  <testcase name="testAmbigiousFuncVarPred()" classname="de.uka.ilkd.key.parser.TestTermParser" time="0.002"/>
  <testcase name="test1()" classname="de.uka.ilkd.key.parser.TestTermParser" time="0.003"/>
  <testcase name="test2()" classname="de.uka.ilkd.key.parser.TestTermParser" time="0.002"/>
  <testcase name="test3()" classname="de.uka.ilkd.key.parser.TestTermParser" time="0.002"/>
  <testcase name="test5()" classname="de.uka.ilkd.key.parser.TestTermParser" time="0.003"/>
  <testcase name="test6()" classname="de.uka.ilkd.key.parser.TestTermParser" time="0.002"/>
  <testcase name="test7()" classname="de.uka.ilkd.key.parser.TestTermParser" time="0.02"/>
  <testcase name="test8()" classname="de.uka.ilkd.key.parser.TestTermParser" time="0.01"/>
  <testcase name="test9()" classname="de.uka.ilkd.key.parser.TestTermParser" time="0.002"/>
  <testcase name="testBindingUpdateTerm()" classname="de.uka.ilkd.key.parser.TestTermParser" time="0.003"/>
  <testcase name="testJavaStaticQuery()" classname="de.uka.ilkd.key.parser.TestTermParser" time="0.005"/>
  <testcase name="testInfix1()" classname="de.uka.ilkd.key.parser.TestTermParser" time="0.002"/>
  <testcase name="testInfix2()" classname="de.uka.ilkd.key.parser.TestTermParser" time="0.015"/>
  <testcase name="testInfix3()" classname="de.uka.ilkd.key.parser.TestTermParser" time="0.036"/>
  <testcase name="testInfix4()" classname="de.uka.ilkd.key.parser.TestTermParser" time="0.005"/>
  <testcase name="testIfThenElse()" classname="de.uka.ilkd.key.parser.TestTermParser" time="0.003"/>
  <testcase name="testJavaAttributeAccessBoth_1()" classname="de.uka.ilkd.key.parser.TestTermParser" time="0.004"/>
  <testcase name="testJavaAttributeAccessBoth_2()" classname="de.uka.ilkd.key.parser.TestTermParser" time="0.009"/>
  <testcase name="testJavaAttributeAccessBoth_3()" classname="de.uka.ilkd.key.parser.TestTermParser" time="0.004"/>
  <testcase name="testBindingUpdateTerm_1()" classname="de.uka.ilkd.key.parser.TestTermParser" time="0.004"/>
  <testcase name="testBindingUpdateTerm_3()" classname="de.uka.ilkd.key.parser.TestTermParser" time="0.005"/>
  <testcase name="testBindingUpdateTerm_4()" classname="de.uka.ilkd.key.parser.TestTermParser" time="0.001"/>
  <testcase name="testBindingUpdateTerm_5()" classname="de.uka.ilkd.key.parser.TestTermParser" time="0.004"/>
  <testcase name="testBindingUpdateTerm_6()" classname="de.uka.ilkd.key.parser.TestTermParser" time="0.002"/>
  <testcase name="testBindingUpdateTerm_7()" classname="de.uka.ilkd.key.parser.TestTermParser" time="0.002"/>
  <testcase name="testBindingUpdateTerm_8()" classname="de.uka.ilkd.key.parser.TestTermParser" time="0.004"/>
  <testcase name="testParsingArray()" classname="de.uka.ilkd.key.parser.TestTermParser" time="0.004"/>
  <testcase name="xtestBindingUpdateTermOldBindingAlternative()" classname="de.uka.ilkd.key.parser.TestTermParser" time="0.0">
    <skipped/>
  </testcase>
  <testcase name="testJavaStaticQueryWithParameter()" classname="de.uka.ilkd.key.parser.TestTermParser" time="0.059"/>
  <testcase name="testParsingArrayCombination()" classname="de.uka.ilkd.key.parser.TestTermParser" time="0.004"/>
  <system-out><![CDATA[368443     INFO  Test worker     d.u.i.k.n.KeyIO           Parsing took 0 ms 
368443     INFO  Test worker     d.u.i.k.n.KeyIO           MODE: declarations took 0 ms 
368443     WARN  Test worker     d.u.i.k.j.r.KeYCrossReferenceNameInfo Datatype T declared twice: Once in UNKNOWN:unknown and once in UNKNOWN:unknown, Keeping one from UNKNOWN:unknown 
368568     INFO  Test worker     d.u.i.k.n.KeyIO           Parsing took 0 ms 
368568     INFO  Test worker     d.u.i.k.n.KeyIO           MODE: declarations took 0 ms 
368821     WARN  Test worker     d.u.i.k.j.r.KeYCrossReferenceNameInfo Datatype T declared twice: Once in UNKNOWN:unknown and once in UNKNOWN:unknown, Keeping one from UNKNOWN:unknown 
368883     INFO  Test worker     d.u.i.k.n.KeyIO           Parsing took 0 ms 
368899     INFO  Test worker     d.u.i.k.n.KeyIO           MODE: declarations took 0 ms 
368915     WARN  Test worker     d.u.i.k.j.r.KeYCrossReferenceNameInfo Datatype T declared twice: Once in UNKNOWN:unknown and once in UNKNOWN:unknown, Keeping one from UNKNOWN:unknown 
368978     INFO  Test worker     d.u.i.k.n.KeyIO           Parsing took 0 ms 
368978     INFO  Test worker     d.u.i.k.n.KeyIO           MODE: declarations took 0 ms 
368994     WARN  Test worker     d.u.i.k.j.r.KeYCrossReferenceNameInfo Datatype T declared twice: Once in UNKNOWN:unknown and once in UNKNOWN:unknown, Keeping one from UNKNOWN:unknown 
369058     WARN  Test worker     d.u.i.k.j.r.KeYCrossReferenceNameInfo Datatype T declared twice: Once in UNKNOWN:unknown and once in UNKNOWN:unknown, Keeping one from UNKNOWN:unknown 
369120     INFO  Test worker     d.u.i.k.n.KeyIO           Parsing took 0 ms 
369136     INFO  Test worker     d.u.i.k.n.KeyIO           MODE: declarations took 16 ms 
369136     INFO  Test worker     d.u.i.k.p.TestTermParser  Out: \<{
  int x = 1;
  {
    int s = 2;
  }
}\> (equals(x,x)) 
369136     WARN  Test worker     d.u.i.k.j.r.KeYCrossReferenceNameInfo Datatype T declared twice: Once in UNKNOWN:unknown and once in UNKNOWN:unknown, Keeping one from UNKNOWN:unknown 
369214     INFO  Test worker     d.u.i.k.n.KeyIO           Parsing took 0 ms 
369214     INFO  Test worker     d.u.i.k.n.KeyIO           MODE: declarations took 0 ms 
369214     INFO  Test worker     d.u.i.k.p.TestTermParser  Out: \[{
  int x = 2;
  {
    String s = ""}";
  }
}\] (true) 
369214     WARN  Test worker     d.u.i.k.j.r.KeYCrossReferenceNameInfo Datatype T declared twice: Once in UNKNOWN:unknown and once in UNKNOWN:unknown, Keeping one from UNKNOWN:unknown 
369308     WARN  Test worker     d.u.i.k.j.r.KeYCrossReferenceNameInfo Datatype T declared twice: Once in UNKNOWN:unknown and once in UNKNOWN:unknown, Keeping one from UNKNOWN:unknown 
369386     INFO  Test worker     d.u.i.k.n.KeyIO           Parsing took 0 ms 
369386     INFO  Test worker     d.u.i.k.n.KeyIO           MODE: declarations took 0 ms 
369417     WARN  Test worker     d.u.i.k.j.r.KeYCrossReferenceNameInfo Datatype T declared twice: Once in UNKNOWN:unknown and once in UNKNOWN:unknown, Keeping one from UNKNOWN:unknown 
369495     INFO  Test worker     d.u.i.k.n.KeyIO           Parsing took 0 ms 
369495     INFO  Test worker     d.u.i.k.n.KeyIO           MODE: declarations took 0 ms 
369511     INFO  Test worker     d.u.i.k.p.TestTermParser  Out: \<{
  int[] i;
}\> (diamond(true)) 
369511     WARN  Test worker     d.u.i.k.j.r.KeYCrossReferenceNameInfo Datatype T declared twice: Once in UNKNOWN:unknown and once in UNKNOWN:unknown, Keeping one from UNKNOWN:unknown 
369579     INFO  Test worker     d.u.i.k.n.KeyIO           Parsing took 0 ms 
369579     INFO  Test worker     d.u.i.k.n.KeyIO           MODE: declarations took 0 ms 
369595     WARN  Test worker     d.u.i.k.j.r.KeYCrossReferenceNameInfo Datatype T declared twice: Once in UNKNOWN:unknown and once in UNKNOWN:unknown, Keeping one from UNKNOWN:unknown 
369658     INFO  Test worker     d.u.i.k.n.KeyIO           Parsing took 0 ms 
369658     INFO  Test worker     d.u.i.k.n.KeyIO           MODE: declarations took 0 ms 
369658     WARN  Test worker     d.u.i.k.j.r.KeYCrossReferenceNameInfo Datatype T declared twice: Once in UNKNOWN:unknown and once in UNKNOWN:unknown, Keeping one from UNKNOWN:unknown 
369720     INFO  Test worker     d.u.i.k.n.KeyIO           Parsing took 0 ms 
369720     INFO  Test worker     d.u.i.k.n.KeyIO           MODE: declarations took 0 ms 
369720     WARN  Test worker     d.u.i.k.j.r.KeYCrossReferenceNameInfo Datatype T declared twice: Once in UNKNOWN:unknown and once in UNKNOWN:unknown, Keeping one from UNKNOWN:unknown 
369801     INFO  Test worker     d.u.i.k.n.KeyIO           Parsing took 0 ms 
369801     INFO  Test worker     d.u.i.k.n.KeyIO           MODE: declarations took 0 ms 
369801     WARN  Test worker     d.u.i.k.j.r.KeYCrossReferenceNameInfo Datatype T declared twice: Once in UNKNOWN:unknown and once in UNKNOWN:unknown, Keeping one from UNKNOWN:unknown 
369879     INFO  Test worker     d.u.i.k.n.KeyIO           Parsing took 0 ms 
369879     INFO  Test worker     d.u.i.k.n.KeyIO           MODE: declarations took 0 ms 
369879     WARN  Test worker     d.u.i.k.j.r.KeYCrossReferenceNameInfo Datatype T declared twice: Once in UNKNOWN:unknown and once in UNKNOWN:unknown, Keeping one from UNKNOWN:unknown 
369942     INFO  Test worker     d.u.i.k.n.KeyIO           Parsing took 0 ms 
369942     INFO  Test worker     d.u.i.k.n.KeyIO           MODE: declarations took 0 ms 
369957     WARN  Test worker     d.u.i.k.j.r.KeYCrossReferenceNameInfo Datatype T declared twice: Once in UNKNOWN:unknown and once in UNKNOWN:unknown, Keeping one from UNKNOWN:unknown 
370035     WARN  Test worker     d.u.i.k.j.r.KeYCrossReferenceNameInfo Datatype T declared twice: Once in UNKNOWN:unknown and once in UNKNOWN:unknown, Keeping one from UNKNOWN:unknown 
370129     INFO  Test worker     d.u.i.k.n.KeyIO           Parsing took 0 ms 
370129     INFO  Test worker     d.u.i.k.n.KeyIO           MODE: declarations took 0 ms 
370129     WARN  Test worker     d.u.i.k.j.r.KeYCrossReferenceNameInfo Datatype T declared twice: Once in UNKNOWN:unknown and once in UNKNOWN:unknown, Keeping one from UNKNOWN:unknown 
370210     INFO  Test worker     d.u.i.k.n.KeyIO           Parsing took 0 ms 
370210     INFO  Test worker     d.u.i.k.n.KeyIO           MODE: declarations took 0 ms 
370210     WARN  Test worker     d.u.i.k.j.r.KeYCrossReferenceNameInfo Datatype T declared twice: Once in UNKNOWN:unknown and once in UNKNOWN:unknown, Keeping one from UNKNOWN:unknown 
370272     INFO  Test worker     d.u.i.k.n.KeyIO           Parsing took 0 ms 
370272     INFO  Test worker     d.u.i.k.n.KeyIO           MODE: declarations took 0 ms 
370272     WARN  Test worker     d.u.i.k.j.r.KeYCrossReferenceNameInfo Datatype T declared twice: Once in UNKNOWN:unknown and once in UNKNOWN:unknown, Keeping one from UNKNOWN:unknown 
370350     INFO  Test worker     d.u.i.k.n.KeyIO           Parsing took 0 ms 
370350     INFO  Test worker     d.u.i.k.n.KeyIO           MODE: declarations took 0 ms 
370366     WARN  Test worker     d.u.i.k.j.r.KeYCrossReferenceNameInfo Datatype T declared twice: Once in UNKNOWN:unknown and once in UNKNOWN:unknown, Keeping one from UNKNOWN:unknown 
370428     INFO  Test worker     d.u.i.k.n.KeyIO           Parsing took 0 ms 
370428     INFO  Test worker     d.u.i.k.n.KeyIO           MODE: declarations took 0 ms 
370428     WARN  Test worker     d.u.i.k.j.r.KeYCrossReferenceNameInfo Datatype T declared twice: Once in UNKNOWN:unknown and once in UNKNOWN:unknown, Keeping one from UNKNOWN:unknown 
370507     INFO  Test worker     d.u.i.k.n.KeyIO           Parsing took 16 ms 
370507     INFO  Test worker     d.u.i.k.n.KeyIO           MODE: declarations took 0 ms 
370507     WARN  Test worker     d.u.i.k.j.r.KeYCrossReferenceNameInfo Datatype T declared twice: Once in UNKNOWN:unknown and once in UNKNOWN:unknown, Keeping one from UNKNOWN:unknown 
370600     INFO  Test worker     d.u.i.k.n.KeyIO           Parsing took 0 ms 
370600     INFO  Test worker     d.u.i.k.n.KeyIO           MODE: declarations took 0 ms 
370632     WARN  Test worker     d.u.i.k.j.r.KeYCrossReferenceNameInfo Datatype T declared twice: Once in UNKNOWN:unknown and once in UNKNOWN:unknown, Keeping one from UNKNOWN:unknown 
370741     INFO  Test worker     d.u.i.k.n.KeyIO           Parsing took 0 ms 
370741     INFO  Test worker     d.u.i.k.n.KeyIO           MODE: declarations took 0 ms 
370788     WARN  Test worker     d.u.i.k.j.r.KeYCrossReferenceNameInfo Datatype T declared twice: Once in UNKNOWN:unknown and once in UNKNOWN:unknown, Keeping one from UNKNOWN:unknown 
370917     INFO  Test worker     d.u.i.k.n.KeyIO           Parsing took 0 ms 
370917     INFO  Test worker     d.u.i.k.n.KeyIO           MODE: declarations took 0 ms 
370917     WARN  Test worker     d.u.i.k.j.r.KeYCrossReferenceNameInfo Datatype T declared twice: Once in UNKNOWN:unknown and once in UNKNOWN:unknown, Keeping one from UNKNOWN:unknown 
370980     INFO  Test worker     d.u.i.k.n.KeyIO           Parsing took 0 ms 
370980     INFO  Test worker     d.u.i.k.n.KeyIO           MODE: declarations took 0 ms 
370980     WARN  Test worker     d.u.i.k.j.r.KeYCrossReferenceNameInfo Datatype T declared twice: Once in UNKNOWN:unknown and once in UNKNOWN:unknown, Keeping one from UNKNOWN:unknown 
371058     INFO  Test worker     d.u.i.k.n.KeyIO           Parsing took 0 ms 
371058     INFO  Test worker     d.u.i.k.n.KeyIO           MODE: declarations took 0 ms 
371058     WARN  Test worker     d.u.i.k.j.r.KeYCrossReferenceNameInfo Datatype T declared twice: Once in UNKNOWN:unknown and once in UNKNOWN:unknown, Keeping one from UNKNOWN:unknown 
371136     INFO  Test worker     d.u.i.k.n.KeyIO           Parsing took 0 ms 
371136     INFO  Test worker     d.u.i.k.n.KeyIO           MODE: declarations took 0 ms 
371136     WARN  Test worker     d.u.i.k.j.r.KeYCrossReferenceNameInfo Datatype T declared twice: Once in UNKNOWN:unknown and once in UNKNOWN:unknown, Keeping one from UNKNOWN:unknown 
371198     INFO  Test worker     d.u.i.k.n.KeyIO           Parsing took 0 ms 
371198     INFO  Test worker     d.u.i.k.n.KeyIO           MODE: declarations took 0 ms 
371214     WARN  Test worker     d.u.i.k.j.r.KeYCrossReferenceNameInfo Datatype T declared twice: Once in UNKNOWN:unknown and once in UNKNOWN:unknown, Keeping one from UNKNOWN:unknown 
371292     INFO  Test worker     d.u.i.k.n.KeyIO           Parsing took 0 ms 
371292     INFO  Test worker     d.u.i.k.n.KeyIO           MODE: declarations took 0 ms 
371323     WARN  Test worker     d.u.i.k.j.r.KeYCrossReferenceNameInfo Datatype T declared twice: Once in UNKNOWN:unknown and once in UNKNOWN:unknown, Keeping one from UNKNOWN:unknown 
371402     INFO  Test worker     d.u.i.k.n.KeyIO           Parsing took 0 ms 
371402     INFO  Test worker     d.u.i.k.n.KeyIO           MODE: declarations took 0 ms 
371417     WARN  Test worker     d.u.i.k.j.r.KeYCrossReferenceNameInfo Datatype T declared twice: Once in UNKNOWN:unknown and once in UNKNOWN:unknown, Keeping one from UNKNOWN:unknown 
371495     INFO  Test worker     d.u.i.k.n.KeyIO           Parsing took 0 ms 
371495     INFO  Test worker     d.u.i.k.n.KeyIO           MODE: declarations took 0 ms 
371495     WARN  Test worker     d.u.i.k.j.r.KeYCrossReferenceNameInfo Datatype T declared twice: Once in UNKNOWN:unknown and once in UNKNOWN:unknown, Keeping one from UNKNOWN:unknown 
371573     INFO  Test worker     d.u.i.k.n.KeyIO           Parsing took 0 ms 
371573     INFO  Test worker     d.u.i.k.n.KeyIO           MODE: declarations took 0 ms 
371573     WARN  Test worker     d.u.i.k.j.r.KeYCrossReferenceNameInfo Datatype T declared twice: Once in UNKNOWN:unknown and once in UNKNOWN:unknown, Keeping one from UNKNOWN:unknown 
371652     INFO  Test worker     d.u.i.k.n.KeyIO           Parsing took 0 ms 
371652     INFO  Test worker     d.u.i.k.n.KeyIO           MODE: declarations took 0 ms 
371652     WARN  Test worker     d.u.i.k.j.r.KeYCrossReferenceNameInfo Datatype T declared twice: Once in UNKNOWN:unknown and once in UNKNOWN:unknown, Keeping one from UNKNOWN:unknown 
371732     INFO  Test worker     d.u.i.k.n.KeyIO           Parsing took 0 ms 
371732     INFO  Test worker     d.u.i.k.n.KeyIO           MODE: declarations took 0 ms 
371732     WARN  Test worker     d.u.i.k.j.r.KeYCrossReferenceNameInfo Datatype T declared twice: Once in UNKNOWN:unknown and once in UNKNOWN:unknown, Keeping one from UNKNOWN:unknown 
371792     INFO  Test worker     d.u.i.k.n.KeyIO           Parsing took 0 ms 
371808     INFO  Test worker     d.u.i.k.n.KeyIO           MODE: declarations took 16 ms 
371808     WARN  Test worker     d.u.i.k.j.r.KeYCrossReferenceNameInfo Datatype T declared twice: Once in UNKNOWN:unknown and once in UNKNOWN:unknown, Keeping one from UNKNOWN:unknown 
372141     INFO  Test worker     d.u.i.k.n.KeyIO           Parsing took 0 ms 
372141     INFO  Test worker     d.u.i.k.n.KeyIO           MODE: declarations took 0 ms 
372156     WARN  Test worker     d.u.i.k.j.r.KeYCrossReferenceNameInfo Datatype T declared twice: Once in UNKNOWN:unknown and once in UNKNOWN:unknown, Keeping one from UNKNOWN:unknown 
372219     INFO  Test worker     d.u.i.k.n.KeyIO           Parsing took 0 ms 
372219     INFO  Test worker     d.u.i.k.n.KeyIO           MODE: declarations took 0 ms 
372219     WARN  Test worker     d.u.i.k.j.r.KeYCrossReferenceNameInfo Datatype T declared twice: Once in UNKNOWN:unknown and once in UNKNOWN:unknown, Keeping one from UNKNOWN:unknown 
372281     INFO  Test worker     d.u.i.k.n.KeyIO           Parsing took 0 ms 
372281     INFO  Test worker     d.u.i.k.n.KeyIO           MODE: declarations took 0 ms 
372281     WARN  Test worker     d.u.i.k.j.r.KeYCrossReferenceNameInfo Datatype T declared twice: Once in UNKNOWN:unknown and once in UNKNOWN:unknown, Keeping one from UNKNOWN:unknown 
372359     INFO  Test worker     d.u.i.k.n.KeyIO           Parsing took 0 ms 
372359     INFO  Test worker     d.u.i.k.n.KeyIO           MODE: declarations took 0 ms 
372359     WARN  Test worker     d.u.i.k.j.r.KeYCrossReferenceNameInfo Datatype T declared twice: Once in UNKNOWN:unknown and once in UNKNOWN:unknown, Keeping one from UNKNOWN:unknown 
372438     INFO  Test worker     d.u.i.k.n.KeyIO           Parsing took 0 ms 
372438     INFO  Test worker     d.u.i.k.n.KeyIO           MODE: declarations took 0 ms 
372438     WARN  Test worker     d.u.i.k.j.r.KeYCrossReferenceNameInfo Datatype T declared twice: Once in UNKNOWN:unknown and once in UNKNOWN:unknown, Keeping one from UNKNOWN:unknown 
372516     INFO  Test worker     d.u.i.k.n.KeyIO           Parsing took 0 ms 
372516     INFO  Test worker     d.u.i.k.n.KeyIO           MODE: declarations took 0 ms 
372516     WARN  Test worker     d.u.i.k.j.r.KeYCrossReferenceNameInfo Datatype T declared twice: Once in UNKNOWN:unknown and once in UNKNOWN:unknown, Keeping one from UNKNOWN:unknown 
372609     INFO  Test worker     d.u.i.k.n.KeyIO           Parsing took 0 ms 
372609     INFO  Test worker     d.u.i.k.n.KeyIO           MODE: declarations took 0 ms 
372609     WARN  Test worker     d.u.i.k.j.r.KeYCrossReferenceNameInfo Datatype T declared twice: Once in UNKNOWN:unknown and once in UNKNOWN:unknown, Keeping one from UNKNOWN:unknown 
372703     WARN  Test worker     d.u.i.k.j.r.KeYCrossReferenceNameInfo Datatype T declared twice: Once in UNKNOWN:unknown and once in UNKNOWN:unknown, Keeping one from UNKNOWN:unknown 
372797     INFO  Test worker     d.u.i.k.n.KeyIO           Parsing took 0 ms 
372797     INFO  Test worker     d.u.i.k.n.KeyIO           MODE: declarations took 0 ms 
372859     WARN  Test worker     d.u.i.k.j.r.KeYCrossReferenceNameInfo Datatype T declared twice: Once in UNKNOWN:unknown and once in UNKNOWN:unknown, Keeping one from UNKNOWN:unknown 
372938     INFO  Test worker     d.u.i.k.n.KeyIO           Parsing took 0 ms 
372938     INFO  Test worker     d.u.i.k.n.KeyIO           MODE: declarations took 0 ms 
]]></system-out>
  <system-err><![CDATA[]]></system-err>
</testsuite>
