<?xml version="1.0" encoding="UTF-8"?>
<testsuite name="de.uka.ilkd.key.logic.TestClashFreeSubst" tests="14" skipped="2" failures="0" errors="0" timestamp="2023-04-18T07:21:56" hostname="fv-az250-347" time="60.916">
  <properties/>
  <testcase name="testMultiShareBound()" classname="de.uka.ilkd.key.logic.TestClashFreeSubst" time="1.194"/>
  <testcase name="testClash()" classname="de.uka.ilkd.key.logic.TestClashFreeSubst" time="1.096"/>
  <testcase name="testShare()" classname="de.uka.ilkd.key.logic.TestClashFreeSubst" time="1.175"/>
  <testcase name="testSubst()" classname="de.uka.ilkd.key.logic.TestClashFreeSubst" time="2.272"/>
  <testcase name="testWary0()" classname="de.uka.ilkd.key.logic.TestClashFreeSubst" time="1.07"/>
  <testcase name="testWary1()" classname="de.uka.ilkd.key.logic.TestClashFreeSubst" time="1.03"/>
  <testcase name="testWary2()" classname="de.uka.ilkd.key.logic.TestClashFreeSubst" time="1.07"/>
  <testcase name="testClashInSubstTerm()" classname="de.uka.ilkd.key.logic.TestClashFreeSubst" time="1.067"/>
  <testcase name="testShareWary()" classname="de.uka.ilkd.key.logic.TestClashFreeSubst" time="1.022"/>
  <testcase name="testMultiSubst()" classname="de.uka.ilkd.key.logic.TestClashFreeSubst" time="1.085"/>
  <testcase name="xtestMultiClash()" classname="de.uka.ilkd.key.logic.TestClashFreeSubst" time="0.0">
    <skipped/>
  </testcase>
  <testcase name="testSubstInSubstTerm()" classname="de.uka.ilkd.key.logic.TestClashFreeSubst" time="1.097"/>
  <testcase name="testSubstWary()" classname="de.uka.ilkd.key.logic.TestClashFreeSubst" time="0.988"/>
  <testcase name="xtestMultiClash1()" classname="de.uka.ilkd.key.logic.TestClashFreeSubst" time="0.0">
    <skipped/>
  </testcase>
  <system-out><![CDATA[44394      INFO  Test worker     d.u.i.k.n.KeyIO           Parsing took 0 ms 
44394      INFO  Test worker     d.u.i.k.n.KeyIO           MODE: declarations took 0 ms 
45580      INFO  Test worker     d.u.i.k.n.KeyIO           Parsing took 0 ms 
45580      INFO  Test worker     d.u.i.k.n.KeyIO           MODE: declarations took 0 ms 
49159      INFO  Test worker     d.u.i.k.n.KeyIO           Parsing took 0 ms 
49159      INFO  Test worker     d.u.i.k.n.KeyIO           MODE: declarations took 0 ms 
50253      INFO  Test worker     d.u.i.k.n.KeyIO           Parsing took 0 ms 
50253      INFO  Test worker     d.u.i.k.n.KeyIO           MODE: declarations took 0 ms 
54411      INFO  Test worker     d.u.i.k.n.KeyIO           Parsing took 0 ms 
54411      INFO  Test worker     d.u.i.k.n.KeyIO           MODE: declarations took 0 ms 
55581      INFO  Test worker     d.u.i.k.n.KeyIO           Parsing took 0 ms 
55581      INFO  Test worker     d.u.i.k.n.KeyIO           MODE: declarations took 0 ms 
59818      INFO  Test worker     d.u.i.k.n.KeyIO           Parsing took 0 ms 
59818      INFO  Test worker     d.u.i.k.n.KeyIO           MODE: declarations took 0 ms 
62072      INFO  Test worker     d.u.i.k.n.KeyIO           Parsing took 0 ms 
62087      INFO  Test worker     d.u.i.k.n.KeyIO           MODE: declarations took 15 ms 
66170      INFO  Test worker     d.u.i.k.n.KeyIO           Parsing took 0 ms 
66170      INFO  Test worker     d.u.i.k.n.KeyIO           MODE: declarations took 0 ms 
67224      INFO  Test worker     d.u.i.k.n.KeyIO           Parsing took 0 ms 
67224      INFO  Test worker     d.u.i.k.n.KeyIO           MODE: declarations took 0 ms 
70949      INFO  Test worker     d.u.i.k.n.KeyIO           Parsing took 0 ms 
70949      INFO  Test worker     d.u.i.k.n.KeyIO           MODE: declarations took 0 ms 
71975      INFO  Test worker     d.u.i.k.n.KeyIO           Parsing took 0 ms 
71975      INFO  Test worker     d.u.i.k.n.KeyIO           MODE: declarations took 0 ms 
75344      INFO  Test worker     d.u.i.k.n.KeyIO           Parsing took 0 ms 
75344      INFO  Test worker     d.u.i.k.n.KeyIO           MODE: declarations took 0 ms 
76407      INFO  Test worker     d.u.i.k.n.KeyIO           Parsing took 0 ms 
76407      INFO  Test worker     d.u.i.k.n.KeyIO           MODE: declarations took 0 ms 
79770      INFO  Test worker     d.u.i.k.n.KeyIO           Parsing took 0 ms 
79770      INFO  Test worker     d.u.i.k.n.KeyIO           MODE: declarations took 0 ms 
80831      INFO  Test worker     d.u.i.k.n.KeyIO           Parsing took 0 ms 
80831      INFO  Test worker     d.u.i.k.n.KeyIO           MODE: declarations took 0 ms 
84266      INFO  Test worker     d.u.i.k.n.KeyIO           Parsing took 0 ms 
84266      INFO  Test worker     d.u.i.k.n.KeyIO           MODE: declarations took 0 ms 
85277      INFO  Test worker     d.u.i.k.n.KeyIO           Parsing took 0 ms 
85277      INFO  Test worker     d.u.i.k.n.KeyIO           MODE: declarations took 0 ms 
88665      INFO  Test worker     d.u.i.k.n.KeyIO           Parsing took 0 ms 
88665      INFO  Test worker     d.u.i.k.n.KeyIO           MODE: declarations took 0 ms 
89748      INFO  Test worker     d.u.i.k.n.KeyIO           Parsing took 0 ms 
89748      INFO  Test worker     d.u.i.k.n.KeyIO           MODE: declarations took 0 ms 
96508      INFO  Test worker     d.u.i.k.n.KeyIO           Parsing took 0 ms 
96508      INFO  Test worker     d.u.i.k.n.KeyIO           MODE: declarations took 0 ms 
97594      INFO  Test worker     d.u.i.k.n.KeyIO           Parsing took 0 ms 
97594      INFO  Test worker     d.u.i.k.n.KeyIO           MODE: declarations took 0 ms 
101004     INFO  Test worker     d.u.i.k.n.KeyIO           Parsing took 0 ms 
101004     INFO  Test worker     d.u.i.k.n.KeyIO           MODE: declarations took 0 ms 
101996     INFO  Test worker     d.u.i.k.n.KeyIO           Parsing took 0 ms 
101996     INFO  Test worker     d.u.i.k.n.KeyIO           MODE: declarations took 0 ms 
]]></system-out>
  <system-err><![CDATA[]]></system-err>
</testsuite>
