<?xml version="1.0" encoding="UTF-8"?>
<testsuite name="de.uka.ilkd.key.java.TestPositions" tests="1" skipped="0" failures="0" errors="0" timestamp="2023-04-18T07:21:52" hostname="fv-az250-347" time="0.081">
  <properties/>
  <testcase name="testPositionsFile()" classname="de.uka.ilkd.key.java.TestPositions" time="0.081"/>
  <system-out><![CDATA[]]></system-out>
  <system-err><![CDATA[]]></system-err>
</testsuite>
