<?xml version="1.0" encoding="UTF-8"?>
<testsuite name="de.uka.ilkd.key.parser.TestDeclParser" tests="14" skipped="2" failures="0" errors="0" timestamp="2023-04-18T07:25:22" hostname="fv-az250-347" time="13.014">
  <properties/>
  <testcase name="testGenericSortDecl1()" classname="de.uka.ilkd.key.parser.TestDeclParser" time="1.203"/>
  <testcase name="testGenericSortDecl2()" classname="de.uka.ilkd.key.parser.TestDeclParser" time="1.107"/>
  <testcase name="testGenericSortDecl3()" classname="de.uka.ilkd.key.parser.TestDeclParser" time="1.08"/>
  <testcase name="testGenericSortDecl4()" classname="de.uka.ilkd.key.parser.TestDeclParser" time="1.124"/>
  <testcase name="testGenericSortDecl5()" classname="de.uka.ilkd.key.parser.TestDeclParser" time="0.0">
    <skipped/>
  </testcase>
  <testcase name="testGenericSortDecl6()" classname="de.uka.ilkd.key.parser.TestDeclParser" time="1.125"/>
  <testcase name="testSortDecl()" classname="de.uka.ilkd.key.parser.TestDeclParser" time="1.011"/>
  <testcase name="testProxySortDecl()" classname="de.uka.ilkd.key.parser.TestDeclParser" time="1.121"/>
  <testcase name="testArrayDecl()" classname="de.uka.ilkd.key.parser.TestDeclParser" time="1.082"/>
  <testcase name="testAmbiguousDecls()" classname="de.uka.ilkd.key.parser.TestDeclParser" time="0.0">
    <skipped/>
  </testcase>
  <testcase name="testHeurDecl()" classname="de.uka.ilkd.key.parser.TestDeclParser" time="1.006"/>
  <testcase name="testFunctionDecl()" classname="de.uka.ilkd.key.parser.TestDeclParser" time="1.106"/>
  <testcase name="testPredicateDecl()" classname="de.uka.ilkd.key.parser.TestDeclParser" time="0.995"/>
  <testcase name="testSVDecl()" classname="de.uka.ilkd.key.parser.TestDeclParser" time="1.051"/>
  <system-out><![CDATA[251022     INFO  Test worker     d.u.i.k.n.KeyIO           Parsing took 0 ms 
251022     INFO  Test worker     d.u.i.k.n.KeyIO           MODE: declarations took 0 ms 
252125     INFO  Test worker     d.u.i.k.n.KeyIO           Parsing took 0 ms 
252125     INFO  Test worker     d.u.i.k.n.KeyIO           MODE: declarations took 0 ms 
253221     INFO  Test worker     d.u.i.k.n.KeyIO           Parsing took 0 ms 
253221     INFO  Test worker     d.u.i.k.n.KeyIO           MODE: declarations took 0 ms 
254334     INFO  Test worker     d.u.i.k.n.KeyIO           Parsing took 0 ms 
254334     INFO  Test worker     d.u.i.k.n.KeyIO           MODE: declarations took 0 ms 
255459     INFO  Test worker     d.u.i.k.n.KeyIO           Parsing took 0 ms 
255459     INFO  Test worker     d.u.i.k.n.KeyIO           MODE: declarations took 0 ms 
256468     INFO  Test worker     d.u.i.k.n.KeyIO           Parsing took 0 ms 
256468     INFO  Test worker     d.u.i.k.n.KeyIO           MODE: declarations took 0 ms 
257592     INFO  Test worker     d.u.i.k.n.KeyIO           Parsing took 0 ms 
257592     INFO  Test worker     d.u.i.k.n.KeyIO           MODE: declarations took 0 ms 
258677     INFO  Test worker     d.u.i.k.n.KeyIO           Parsing took 0 ms 
258677     INFO  Test worker     d.u.i.k.n.KeyIO           MODE: declarations took 0 ms 
259689     INFO  Test worker     d.u.i.k.n.KeyIO           Parsing took 0 ms 
259689     INFO  Test worker     d.u.i.k.n.KeyIO           MODE: declarations took 0 ms 
260787     INFO  Test worker     d.u.i.k.n.KeyIO           Parsing took 0 ms 
260787     INFO  Test worker     d.u.i.k.n.KeyIO           MODE: declarations took 0 ms 
261772     INFO  Test worker     d.u.i.k.n.KeyIO           Parsing took 0 ms 
261772     INFO  Test worker     d.u.i.k.n.KeyIO           MODE: declarations took 0 ms 
262829     INFO  Test worker     d.u.i.k.n.KeyIO           Parsing took 0 ms 
262829     INFO  Test worker     d.u.i.k.n.KeyIO           MODE: declarations took 0 ms 
]]></system-out>
  <system-err><![CDATA[]]></system-err>
</testsuite>
