<?xml version="1.0" encoding="UTF-8"?>
<testsuite name="de.uka.ilkd.key.taclettranslation.TestTacletTranslator" tests="5" skipped="0" failures="0" errors="0" timestamp="2023-04-18T07:37:02" hostname="fv-az250-347" time="0.035">
  <properties/>
  <testcase name="testPropositional1()" classname="de.uka.ilkd.key.taclettranslation.TestTacletTranslator" time="0.021"/>
  <testcase name="testPropositional2()" classname="de.uka.ilkd.key.taclettranslation.TestTacletTranslator" time="0.003"/>
  <testcase name="testNegativePolarity()" classname="de.uka.ilkd.key.taclettranslation.TestTacletTranslator" time="0.004"/>
  <testcase name="testNoPolarity()" classname="de.uka.ilkd.key.taclettranslation.TestTacletTranslator" time="0.003"/>
  <testcase name="testPositivePolarity()" classname="de.uka.ilkd.key.taclettranslation.TestTacletTranslator" time="0.003"/>
  <system-out><![CDATA[949839     INFO  Test worker     d.u.i.k.n.KeyIO           Parsing took 0 ms 
949839     INFO  Test worker     d.u.i.k.n.KeyIO           MODE: declarations took 0 ms 
949855     INFO  Test worker     d.u.i.k.n.KeyIO           Parsing took 0 ms 
949855     INFO  Test worker     d.u.i.k.n.KeyIO           MODE: declarations took 0 ms 
949855     INFO  Test worker     d.u.i.k.n.KeyIO           Parsing took 0 ms 
949855     INFO  Test worker     d.u.i.k.n.KeyIO           MODE: declarations took 0 ms 
949870     INFO  Test worker     d.u.i.k.n.KeyIO           Parsing took 0 ms 
949870     INFO  Test worker     d.u.i.k.n.KeyIO           MODE: declarations took 0 ms 
949870     INFO  Test worker     d.u.i.k.n.KeyIO           Parsing took 0 ms 
949870     INFO  Test worker     d.u.i.k.n.KeyIO           MODE: declarations took 0 ms 
]]></system-out>
  <system-err><![CDATA[]]></system-err>
</testsuite>
