<?xml version="1.0" encoding="UTF-8"?>
<testsuite name="de.uka.ilkd.key.parser.proofjava.TestProofJavaParser" tests="4" skipped="0" failures="0" errors="0" timestamp="2023-04-18T07:29:44" hostname="fv-az250-347" time="0.034">
  <properties/>
  <testcase name="testGenericWithWithoutSpaces()" classname="de.uka.ilkd.key.parser.proofjava.TestProofJavaParser" time="0.004"/>
  <testcase name="testExpressions()" classname="de.uka.ilkd.key.parser.proofjava.TestProofJavaParser" time="0.007"/>
  <testcase name="testGenericClassDeclarations()" classname="de.uka.ilkd.key.parser.proofjava.TestProofJavaParser" time="0.017"/>
  <testcase name="testMemberDeclarations()" classname="de.uka.ilkd.key.parser.proofjava.TestProofJavaParser" time="0.005"/>
  <system-out><![CDATA[]]></system-out>
  <system-err><![CDATA[]]></system-err>
</testsuite>
