<?xml version="1.0" encoding="UTF-8"?>
<testsuite name="de.uka.ilkd.key.java.TestKeYRecoderMapping" tests="2" skipped="0" failures="0" errors="0" timestamp="2023-04-18T07:21:52" hostname="fv-az250-347" time="0.04">
  <properties/>
  <testcase name="testtoRecoder()" classname="de.uka.ilkd.key.java.TestKeYRecoderMapping" time="0.038"/>
  <testcase name="testtoKeY()" classname="de.uka.ilkd.key.java.TestKeYRecoderMapping" time="0.001"/>
  <system-out><![CDATA[]]></system-out>
  <system-err><![CDATA[]]></system-err>
</testsuite>
