<?xml version="1.0" encoding="UTF-8"?>
<testsuite name="de.uka.ilkd.key.parser.TestTermParserSorts" tests="2" skipped="0" failures="0" errors="0" timestamp="2023-04-18T07:29:41" hostname="fv-az250-347" time="3.311">
  <properties/>
  <testcase name="testParseIntegerArgs()" classname="de.uka.ilkd.key.parser.TestTermParserSorts" time="0.016"/>
  <testcase name="testParseSequencePrettySyntax()" classname="de.uka.ilkd.key.parser.TestTermParserSorts" time="0.002"/>
  <system-out><![CDATA[508967     INFO  Test worker     d.u.i.k.n.KeyIO           Parsing took 0 ms 
508983     INFO  Test worker     d.u.i.k.n.KeyIO           MODE: declarations took 16 ms 
508983     INFO  Test worker     d.u.i.k.n.KeyIO           Parsing took 0 ms 
508983     INFO  Test worker     d.u.i.k.n.KeyIO           MODE: declarations took 0 ms 
508983     INFO  Test worker     d.u.i.k.n.KeyIO           Parsing took 0 ms 
508983     INFO  Test worker     d.u.i.k.n.KeyIO           MODE: declarations took 0 ms 
512276     INFO  Test worker     d.u.i.k.n.KeyIO           Parsing took 0 ms 
512276     INFO  Test worker     d.u.i.k.n.KeyIO           MODE: declarations took 0 ms 
512276     INFO  Test worker     d.u.i.k.n.KeyIO           Parsing took 0 ms 
512276     INFO  Test worker     d.u.i.k.n.KeyIO           MODE: declarations took 0 ms 
512276     INFO  Test worker     d.u.i.k.n.KeyIO           Parsing took 0 ms 
512276     INFO  Test worker     d.u.i.k.n.KeyIO           MODE: declarations took 0 ms 
]]></system-out>
  <system-err><![CDATA[]]></system-err>
</testsuite>
