<?xml version="1.0" encoding="UTF-8"?>
<testsuite name="de.uka.ilkd.key.rule.loop.LoopScopeInvRuleTests" tests="1" skipped="0" failures="0" errors="0" timestamp="2023-05-31T09:37:17" hostname="fv-az931-697" time="6.098">
  <properties/>
  <testcase name="testDoAutomaticProofOfBenchmarkWithLabeledBreaksAndContinues()" classname="de.uka.ilkd.key.rule.loop.LoopScopeInvRuleTests" time="6.098"/>
  <system-out><![CDATA[574722     INFO  Test worker     d.u.i.k.p.i.AbstractProblemLoader Loading environment from src\test\resources\testcase\loopScopeInvRule\Test.key 
574722     DEBUG Test worker     d.u.i.k.p.i.AbstractProblemLoader Environment load took 215.7ns 
574738     INFO  Test worker     d.u.i.k.p.i.AbstractProblemLoader Creating init config 
574957     DEBUG Test worker     d.u.i.k.j.TypeConverter   No LDT found for Meta 
574957     DEBUG Test worker     d.u.i.k.j.TypeConverter   No LDT found for Meta 
574957     DEBUG Test worker     d.u.i.k.j.TypeConverter   No LDT found for Meta 
574957     DEBUG Test worker     d.u.i.k.j.TypeConverter   No LDT found for Meta 
575833     DEBUG Test worker     d.u.i.k.j.TypeConverter   No LDT found for JavaBigintExpression 
580007     DEBUG Test worker     d.u.i.k.p.i.AbstractProblemLoader Init config took 5.27s 
580054     INFO  Test worker     d.u.i.k.p.i.AbstractProblemLoader Replaying proof Test[Test::loopScopeRuleBenchmark(int,boolean)].JML normal_behavior operation contract.0 
580069     DEBUG Test worker     d.u.i.k.p.i.IntermediateProofReplayer Proof replay took 56.2ns 
]]></system-out>
  <system-err><![CDATA[]]></system-err>
</testsuite>
