<?xml version="1.0" encoding="UTF-8"?>
<testsuite name="de.uka.ilkd.key.parser.TestDeclParser" tests="14" skipped="2" failures="0" errors="0" timestamp="2023-05-31T09:32:21" hostname="fv-az931-697" time="13.793">
  <properties/>
  <testcase name="testGenericSortDecl1()" classname="de.uka.ilkd.key.parser.TestDeclParser" time="1.303"/>
  <testcase name="testGenericSortDecl2()" classname="de.uka.ilkd.key.parser.TestDeclParser" time="1.174"/>
  <testcase name="testGenericSortDecl3()" classname="de.uka.ilkd.key.parser.TestDeclParser" time="1.147"/>
  <testcase name="testGenericSortDecl4()" classname="de.uka.ilkd.key.parser.TestDeclParser" time="1.135"/>
  <testcase name="testGenericSortDecl5()" classname="de.uka.ilkd.key.parser.TestDeclParser" time="0.0">
    <skipped/>
  </testcase>
  <testcase name="testGenericSortDecl6()" classname="de.uka.ilkd.key.parser.TestDeclParser" time="1.076"/>
  <testcase name="testSortDecl()" classname="de.uka.ilkd.key.parser.TestDeclParser" time="1.149"/>
  <testcase name="testProxySortDecl()" classname="de.uka.ilkd.key.parser.TestDeclParser" time="1.138"/>
  <testcase name="testArrayDecl()" classname="de.uka.ilkd.key.parser.TestDeclParser" time="1.134"/>
  <testcase name="testAmbiguousDecls()" classname="de.uka.ilkd.key.parser.TestDeclParser" time="0.001">
    <skipped/>
  </testcase>
  <testcase name="testHeurDecl()" classname="de.uka.ilkd.key.parser.TestDeclParser" time="1.045"/>
  <testcase name="testFunctionDecl()" classname="de.uka.ilkd.key.parser.TestDeclParser" time="1.149"/>
  <testcase name="testPredicateDecl()" classname="de.uka.ilkd.key.parser.TestDeclParser" time="1.163"/>
  <testcase name="testSVDecl()" classname="de.uka.ilkd.key.parser.TestDeclParser" time="1.178"/>
  <system-out><![CDATA[280125     INFO  Test worker     d.u.i.k.n.KeyIO           Parsing took 0 ms 
280125     DEBUG Test worker     d.u.i.k.n.KeyIO           Load declarations of de.uka.ilkd.key.nparser.KeyAst$File:  <unknown>:1#1 
280125     INFO  Test worker     d.u.i.k.n.KeyIO           MODE: declarations took 0 ms 
280125     DEBUG Test worker     d.u.i.k.n.KeyIO           MODE: 2nd degree decls took 0 
280125     DEBUG Test worker     d.u.i.k.n.KeyIO           MODE: taclets took 0ms 
281313     INFO  Test worker     d.u.i.k.n.KeyIO           Parsing took 0 ms 
281313     DEBUG Test worker     d.u.i.k.n.KeyIO           Load declarations of de.uka.ilkd.key.nparser.KeyAst$File:  <unknown>:1#1 
281313     INFO  Test worker     d.u.i.k.n.KeyIO           MODE: declarations took 0 ms 
281313     DEBUG Test worker     d.u.i.k.n.KeyIO           MODE: 2nd degree decls took 0 
281313     DEBUG Test worker     d.u.i.k.n.KeyIO           MODE: taclets took 0ms 
282455     INFO  Test worker     d.u.i.k.n.KeyIO           Parsing took 0 ms 
282455     DEBUG Test worker     d.u.i.k.n.KeyIO           Load declarations of de.uka.ilkd.key.nparser.KeyAst$File:  <unknown>:1#1 
282455     INFO  Test worker     d.u.i.k.n.KeyIO           MODE: declarations took 0 ms 
282455     DEBUG Test worker     d.u.i.k.n.KeyIO           MODE: 2nd degree decls took 0 
282455     DEBUG Test worker     d.u.i.k.n.KeyIO           MODE: taclets took 0ms 
283596     INFO  Test worker     d.u.i.k.n.KeyIO           Parsing took 0 ms 
283596     DEBUG Test worker     d.u.i.k.n.KeyIO           Load declarations of de.uka.ilkd.key.nparser.KeyAst$File:  <unknown>:1#1 
283596     INFO  Test worker     d.u.i.k.n.KeyIO           MODE: declarations took 0 ms 
283596     DEBUG Test worker     d.u.i.k.n.KeyIO           MODE: 2nd degree decls took 0 
283596     DEBUG Test worker     d.u.i.k.n.KeyIO           MODE: taclets took 0ms 
284675     INFO  Test worker     d.u.i.k.n.KeyIO           Parsing took 0 ms 
284675     DEBUG Test worker     d.u.i.k.n.KeyIO           Load declarations of de.uka.ilkd.key.nparser.KeyAst$File:  <unknown>:1#1 
284675     INFO  Test worker     d.u.i.k.n.KeyIO           MODE: declarations took 0 ms 
284675     DEBUG Test worker     d.u.i.k.n.KeyIO           MODE: 2nd degree decls took 0 
284675     DEBUG Test worker     d.u.i.k.n.KeyIO           MODE: taclets took 0ms 
285816     INFO  Test worker     d.u.i.k.n.KeyIO           Parsing took 0 ms 
285816     DEBUG Test worker     d.u.i.k.n.KeyIO           Load declarations of de.uka.ilkd.key.nparser.KeyAst$File:  <unknown>:1#1 
285816     INFO  Test worker     d.u.i.k.n.KeyIO           MODE: declarations took 0 ms 
285816     DEBUG Test worker     d.u.i.k.n.KeyIO           MODE: 2nd degree decls took 0 
285816     DEBUG Test worker     d.u.i.k.n.KeyIO           MODE: taclets took 0ms 
286959     INFO  Test worker     d.u.i.k.n.KeyIO           Parsing took 0 ms 
286959     DEBUG Test worker     d.u.i.k.n.KeyIO           Load declarations of de.uka.ilkd.key.nparser.KeyAst$File:  <unknown>:1#1 
286959     INFO  Test worker     d.u.i.k.n.KeyIO           MODE: declarations took 0 ms 
286959     DEBUG Test worker     d.u.i.k.n.KeyIO           MODE: 2nd degree decls took 0 
286959     DEBUG Test worker     d.u.i.k.n.KeyIO           MODE: taclets took 0ms 
288100     INFO  Test worker     d.u.i.k.n.KeyIO           Parsing took 0 ms 
288100     DEBUG Test worker     d.u.i.k.n.KeyIO           Load declarations of de.uka.ilkd.key.nparser.KeyAst$File:  <unknown>:1#1 
288100     INFO  Test worker     d.u.i.k.n.KeyIO           MODE: declarations took 0 ms 
288100     DEBUG Test worker     d.u.i.k.n.KeyIO           MODE: 2nd degree decls took 0 
288100     DEBUG Test worker     d.u.i.k.n.KeyIO           MODE: taclets took 0ms 
289147     INFO  Test worker     d.u.i.k.n.KeyIO           Parsing took 0 ms 
289147     DEBUG Test worker     d.u.i.k.n.KeyIO           Load declarations of de.uka.ilkd.key.nparser.KeyAst$File:  <unknown>:1#1 
289147     INFO  Test worker     d.u.i.k.n.KeyIO           MODE: declarations took 0 ms 
289147     DEBUG Test worker     d.u.i.k.n.KeyIO           MODE: 2nd degree decls took 0 
289147     DEBUG Test worker     d.u.i.k.n.KeyIO           MODE: taclets took 0ms 
290288     INFO  Test worker     d.u.i.k.n.KeyIO           Parsing took 0 ms 
290288     DEBUG Test worker     d.u.i.k.n.KeyIO           Load declarations of de.uka.ilkd.key.nparser.KeyAst$File:  <unknown>:1#1 
290288     INFO  Test worker     d.u.i.k.n.KeyIO           MODE: declarations took 0 ms 
290288     DEBUG Test worker     d.u.i.k.n.KeyIO           MODE: 2nd degree decls took 0 
290288     DEBUG Test worker     d.u.i.k.n.KeyIO           MODE: taclets took 0ms 
291445     INFO  Test worker     d.u.i.k.n.KeyIO           Parsing took 0 ms 
291445     DEBUG Test worker     d.u.i.k.n.KeyIO           Load declarations of de.uka.ilkd.key.nparser.KeyAst$File:  <unknown>:1#1 
291445     INFO  Test worker     d.u.i.k.n.KeyIO           MODE: declarations took 0 ms 
291445     DEBUG Test worker     d.u.i.k.n.KeyIO           MODE: 2nd degree decls took 0 
291445     DEBUG Test worker     d.u.i.k.n.KeyIO           MODE: taclets took 0ms 
292618     INFO  Test worker     d.u.i.k.n.KeyIO           Parsing took 0 ms 
292618     DEBUG Test worker     d.u.i.k.n.KeyIO           Load declarations of de.uka.ilkd.key.nparser.KeyAst$File:  <unknown>:1#1 
292618     INFO  Test worker     d.u.i.k.n.KeyIO           MODE: declarations took 0 ms 
292618     DEBUG Test worker     d.u.i.k.n.KeyIO           MODE: 2nd degree decls took 0 
292618     DEBUG Test worker     d.u.i.k.n.KeyIO           MODE: taclets took 0ms 
]]></system-out>
  <system-err><![CDATA[]]></system-err>
</testsuite>
