<?xml version="1.0" encoding="UTF-8"?>
<testsuite name="de.uka.ilkd.key.proof.TestOneStepSimplifier" tests="1" skipped="0" failures="0" errors="0" timestamp="2023-05-31T09:36:43" hostname="fv-az931-697" time="4.883">
  <properties/>
  <testcase name="loadWithRestriction()" classname="de.uka.ilkd.key.proof.TestOneStepSimplifier" time="4.883"/>
  <system-out><![CDATA[540596     INFO  Test worker     d.u.i.k.p.i.AbstractProblemLoader Loading environment from src\test\resources\testcase\ossRestriction.proof 
540596     DEBUG Test worker     d.u.i.k.p.i.AbstractProblemLoader Environment load took 189.8ns 
540596     INFO  Test worker     d.u.i.k.p.i.AbstractProblemLoader Creating init config 
540846     DEBUG Test worker     d.u.i.k.j.TypeConverter   No LDT found for Meta 
540846     DEBUG Test worker     d.u.i.k.j.TypeConverter   No LDT found for Meta 
540846     DEBUG Test worker     d.u.i.k.j.TypeConverter   No LDT found for Meta 
540846     DEBUG Test worker     d.u.i.k.j.TypeConverter   No LDT found for Meta 
541518     DEBUG Test worker     d.u.i.k.j.TypeConverter   No LDT found for JavaBigintExpression 
545426     DEBUG Test worker     d.u.i.k.p.i.AbstractProblemLoader Init config took 4.84s 
545457     INFO  Test worker     d.u.i.k.p.i.AbstractProblemLoader Replaying proof ossRestriction.proof 
545473     DEBUG Test worker     d.u.i.k.p.i.IntermediateProofReplayer Proof replay took 1.1ms 
]]></system-out>
  <system-err><![CDATA[]]></system-err>
</testsuite>
