<?xml version="1.0" encoding="UTF-8"?>
<testsuite name="de.uka.ilkd.key.smt.TestSMTFocusResults" tests="2" skipped="0" failures="0" errors="0" timestamp="2023-05-31T09:39:15" hostname="fv-az931-697" time="0.005">
  <properties/>
  <testcase name="parsesZ3Format()" classname="de.uka.ilkd.key.smt.TestSMTFocusResults" time="0.004"/>
  <testcase name="parsesCvc5Format()" classname="de.uka.ilkd.key.smt.TestSMTFocusResults" time="0.0"/>
  <system-out><![CDATA[]]></system-out>
  <system-err><![CDATA[]]></system-err>
</testsuite>
