<?xml version="1.0" encoding="UTF-8"?>
<testsuite name="de.uka.ilkd.key.rule.merge.PredicateAbstractionLatticeTests" tests="3" skipped="0" failures="0" errors="0" timestamp="2023-05-31T09:39:03" hostname="fv-az931-697" time="7.145">
  <properties/>
  <testcase name="testToAndFromString()" classname="de.uka.ilkd.key.rule.merge.PredicateAbstractionLatticeTests" time="3.643"/>
  <testcase name="testCreateSignLatticeWithPredicates()" classname="de.uka.ilkd.key.rule.merge.PredicateAbstractionLatticeTests" time="3.502"/>
  <testcase name="testTrivialPredicatesLattice()" classname="de.uka.ilkd.key.rule.merge.PredicateAbstractionLatticeTests" time="0.0"/>
  <system-out><![CDATA[680442     INFO  Test worker     d.u.i.k.p.i.AbstractProblemLoader Loading environment from src\test\resources\testcase\merge\dummy.key 
680442     DEBUG Test worker     d.u.i.k.p.i.AbstractProblemLoader Environment load took 134.5ns 
680442     INFO  Test worker     d.u.i.k.p.i.AbstractProblemLoader Creating init config 
684071     DEBUG Test worker     d.u.i.k.p.i.AbstractProblemLoader Init config took 3.63s 
684086     INFO  Test worker     d.u.i.k.p.i.AbstractProblemLoader Replaying proof dummy.key 
684086     DEBUG Test worker     d.u.i.k.p.i.IntermediateProofReplayer Proof replay took 8.8ns 
684102     INFO  Test worker     d.u.i.k.p.i.AbstractProblemLoader Loading environment from src\test\resources\testcase\merge\dummy.key 
684102     DEBUG Test worker     d.u.i.k.p.i.AbstractProblemLoader Environment load took 401.8ns 
684102     INFO  Test worker     d.u.i.k.p.i.AbstractProblemLoader Creating init config 
687572     DEBUG Test worker     d.u.i.k.p.i.AbstractProblemLoader Init config took 3.47s 
687588     INFO  Test worker     d.u.i.k.p.i.AbstractProblemLoader Replaying proof dummy.key 
687588     DEBUG Test worker     d.u.i.k.p.i.IntermediateProofReplayer Proof replay took 9ns 
]]></system-out>
  <system-err><![CDATA[]]></system-err>
</testsuite>
