<?xml version="1.0" encoding="UTF-8"?>
<testsuite name="de.uka.ilkd.key.proof.runallproofs.RunAllProofsFunctional" tests="34" skipped="0" failures="0" errors="0" timestamp="2023-05-22T21:04:50" hostname="fv-az167-34" time="6716.571">
  <properties/>
  <testcase name="newBook" classname="de.uka.ilkd.key.proof.runallproofs.RunAllProofsFunctional" time="83.828"/>
  <testcase name="oldBook" classname="de.uka.ilkd.key.proof.runallproofs.RunAllProofsFunctional" time="22.859"/>
  <testcase name="comprehensions" classname="de.uka.ilkd.key.proof.runallproofs.RunAllProofsFunctional" time="88.987"/>
  <testcase name="performance" classname="de.uka.ilkd.key.proof.runallproofs.RunAllProofsFunctional" time="295.238"/>
  <testcase name="performancePOConstruction" classname="de.uka.ilkd.key.proof.runallproofs.RunAllProofsFunctional" time="98.192"/>
  <testcase name="applicationRestrictions" classname="de.uka.ilkd.key.proof.runallproofs.RunAllProofsFunctional" time="60.252"/>
  <testcase name="blockContracts" classname="de.uka.ilkd.key.proof.runallproofs.RunAllProofsFunctional" time="167.525"/>
  <testcase name="jmlAsserts" classname="de.uka.ilkd.key.proof.runallproofs.RunAllProofsFunctional" time="106.302"/>
  <testcase name="javaCard" classname="de.uka.ilkd.key.proof.runallproofs.RunAllProofsFunctional" time="158.195"/>
  <testcase name="list" classname="de.uka.ilkd.key.proof.runallproofs.RunAllProofsFunctional" time="340.498"/>
  <testcase name="list_ghost" classname="de.uka.ilkd.key.proof.runallproofs.RunAllProofsFunctional" time="88.383"/>
  <testcase name="list_recursive" classname="de.uka.ilkd.key.proof.runallproofs.RunAllProofsFunctional" time="30.356"/>
  <testcase name="list_seq" classname="de.uka.ilkd.key.proof.runallproofs.RunAllProofsFunctional" time="246.652"/>
  <testcase name="observer" classname="de.uka.ilkd.key.proof.runallproofs.RunAllProofsFunctional" time="132.512"/>
  <testcase name="removeDups" classname="de.uka.ilkd.key.proof.runallproofs.RunAllProofsFunctional" time="204.812"/>
  <testcase name="quicksort" classname="de.uka.ilkd.key.proof.runallproofs.RunAllProofsFunctional" time="147.918"/>
  <testcase name="simpleTests" classname="de.uka.ilkd.key.proof.runallproofs.RunAllProofsFunctional" time="190.93"/>
  <testcase name="SmansEtAl" classname="de.uka.ilkd.key.proof.runallproofs.RunAllProofsFunctional" time="243.999"/>
  <testcase name="VACID0" classname="de.uka.ilkd.key.proof.runallproofs.RunAllProofsFunctional" time="100.847"/>
  <testcase name="VSTTE10" classname="de.uka.ilkd.key.proof.runallproofs.RunAllProofsFunctional" time="229.279"/>
  <testcase name="WeideEtAl" classname="de.uka.ilkd.key.proof.runallproofs.RunAllProofsFunctional" time="37.073"/>
  <testcase name="arithmetic" classname="de.uka.ilkd.key.proof.runallproofs.RunAllProofsFunctional" time="628.147"/>
  <testcase name="arrays" classname="de.uka.ilkd.key.proof.runallproofs.RunAllProofsFunctional" time="73.39"/>
  <testcase name="javadl" classname="de.uka.ilkd.key.proof.runallproofs.RunAllProofsFunctional" time="803.002"/>
  <testcase name="FOL" classname="de.uka.ilkd.key.proof.runallproofs.RunAllProofsFunctional" time="347.072"/>
  <testcase name="strings" classname="de.uka.ilkd.key.proof.runallproofs.RunAllProofsFunctional" time="183.408"/>
  <testcase name="simple_info_flow" classname="de.uka.ilkd.key.proof.runallproofs.RunAllProofsFunctional" time="15.856"/>
  <testcase name="modelMethods" classname="de.uka.ilkd.key.proof.runallproofs.RunAllProofsFunctional" time="222.629"/>
  <testcase name="permissionHeap" classname="de.uka.ilkd.key.proof.runallproofs.RunAllProofsFunctional" time="1002.849"/>
  <testcase name="completionScopes" classname="de.uka.ilkd.key.proof.runallproofs.RunAllProofsFunctional" time="60.44"/>
  <testcase name="reload_examples" classname="de.uka.ilkd.key.proof.runallproofs.RunAllProofsFunctional" time="54.751"/>
  <testcase name="proofLoadRepair" classname="de.uka.ilkd.key.proof.runallproofs.RunAllProofsFunctional" time="23.266"/>
  <testcase name="switch" classname="de.uka.ilkd.key.proof.runallproofs.RunAllProofsFunctional" time="76.686"/>
  <testcase name="redux" classname="de.uka.ilkd.key.proof.runallproofs.RunAllProofsFunctional" time="150.41"/>
  <system-out><![CDATA[407        INFO  Test worker     d.u.i.k.p.r.RunAllProofsTestUnit Running test newBook 
474        INFO  Timeout watchdog d.u.i.k.p.r.p.ForkedTestFileRunner Timeout watcher launched (2000 secs.) 
497        WARN  main            d.u.i.k.s.ProofSettings   No proof-settings could be loaded, using defaults java.io.FileNotFoundException: /home/runner/.key/proof-settings.props (No such file or directory)
	at java.base/java.io.FileInputStream.open0(Native Method)

539        INFO  main            d.u.i.k.p.r.p.TestFile    Now processing file /home/runner/work/key/key/key.core/../key.ui/examples/newBook/09.list_modelfield/ArrayList.add.key 
729        INFO  main            d.u.i.k.p.i.AbstractProblemLoader Loading environment from /home/runner/work/key/key/key.core/../key.ui/examples/newBook/09.list_modelfield/ArrayList.add.key 
754        DEBUG main            d.u.i.k.p.i.AbstractProblemLoader Environment load took 2.91ms 
1092       INFO  main            d.u.i.k.p.i.AbstractProblemLoader Creating init config 
2408       DEBUG main            d.u.i.k.j.TypeConverter   No LDT found for Meta 
2410       DEBUG main            d.u.i.k.j.TypeConverter   No LDT found for Meta 
2412       DEBUG main            d.u.i.k.j.TypeConverter   No LDT found for Meta 
2412       DEBUG main            d.u.i.k.j.TypeConverter   No LDT found for Meta 
4238       DEBUG main            d.u.i.k.j.TypeConverter   No LDT found for JavaBigintExpression 
11210      DEBUG main            d.u.i.k.p.i.AbstractProblemLoader Init config took 10.12s 
11426      INFO  main            d.u.i.k.p.i.AbstractProblemLoader Replaying proof ArrayList[List::add(int)].JML normal_behavior operation contract.0 
11475      DEBUG main            d.u.i.k.p.i.IntermediateProofReplayer Proof replay took 38.7ns 
36117      INFO  main            d.u.i.k.p.r.p.TestFile    ... finished proof: closed. 
36438      INFO  main            d.u.i.k.p.i.AbstractProblemLoader Loading environment from /home/runner/work/key/key/key.core/../key.ui/examples/newBook/09.list_modelfield/ArrayList.add.key.proof 
36438      DEBUG main            d.u.i.k.p.i.AbstractProblemLoader Environment load took 237.1ns 
36446      INFO  main            d.u.i.k.p.i.AbstractProblemLoader Creating init config 
40463      DEBUG main            d.u.i.k.p.i.AbstractProblemLoader Init config took 4.02s 
40547      INFO  main            d.u.i.k.p.i.AbstractProblemLoader Replaying proof ArrayList[List::add(int)].JML normal_behavior operation contract.0 
42770      DEBUG main            d.u.i.k.p.i.IntermediateProofReplayer Proof replay took 2.14s 
42808      DEBUG main            d.u.i.k.p.r.p.TestFile    ... success: reloaded. 
42819      INFO  main            d.u.i.k.p.r.p.TestFile    Now processing file /home/runner/work/key/key/key.core/../key.ui/examples/newBook/09.list_modelfield/ArrayList.remFirst.key 
42819      INFO  main            d.u.i.k.p.i.AbstractProblemLoader Loading environment from /home/runner/work/key/key/key.core/../key.ui/examples/newBook/09.list_modelfield/ArrayList.remFirst.key 
42819      DEBUG main            d.u.i.k.p.i.AbstractProblemLoader Environment load took 146ns 
42824      INFO  main            d.u.i.k.p.i.AbstractProblemLoader Creating init config 
46584      DEBUG main            d.u.i.k.p.i.AbstractProblemLoader Init config took 3.76s 
46682      INFO  main            d.u.i.k.p.i.AbstractProblemLoader Replaying proof ArrayList[List::remFirst()].JML normal_behavior operation contract.0 
46685      DEBUG main            d.u.i.k.p.i.IntermediateProofReplayer Proof replay took 10.1ns 
52873      INFO  main            d.u.i.k.p.r.p.TestFile    ... finished proof: closed. 
53117      INFO  main            d.u.i.k.p.i.AbstractProblemLoader Loading environment from /home/runner/work/key/key/key.core/../key.ui/examples/newBook/09.list_modelfield/ArrayList.remFirst.key.proof 
53118      DEBUG main            d.u.i.k.p.i.AbstractProblemLoader Environment load took 1.04ms 
53121      INFO  main            d.u.i.k.p.i.AbstractProblemLoader Creating init config 
56672      DEBUG main            d.u.i.k.p.i.AbstractProblemLoader Init config took 3.55s 
56743      INFO  main            d.u.i.k.p.i.AbstractProblemLoader Replaying proof ArrayList[List::remFirst()].JML normal_behavior operation contract.0 
57681      DEBUG main            d.u.i.k.p.i.IntermediateProofReplayer Proof replay took 915.56ms 
57686      DEBUG main            d.u.i.k.p.r.p.TestFile    ... success: reloaded. 
57688      INFO  main            d.u.i.k.p.r.p.TestFile    Now processing file /home/runner/work/key/key/key.core/../key.ui/examples/newBook/09.list_modelfield/ArrayList.empty.key 
57689      INFO  main            d.u.i.k.p.i.AbstractProblemLoader Loading environment from /home/runner/work/key/key/key.core/../key.ui/examples/newBook/09.list_modelfield/ArrayList.empty.key 
57690      DEBUG main            d.u.i.k.p.i.AbstractProblemLoader Environment load took 461.61ns 
57692      INFO  main            d.u.i.k.p.i.AbstractProblemLoader Creating init config 
61291      DEBUG main            d.u.i.k.p.i.AbstractProblemLoader Init config took 3.6s 
61356      INFO  main            d.u.i.k.p.i.AbstractProblemLoader Replaying proof ArrayList[List::empty()].JML normal_behavior operation contract.0 
61358      DEBUG main            d.u.i.k.p.i.IntermediateProofReplayer Proof replay took 6.4ns 
62794      INFO  main            d.u.i.k.p.r.p.TestFile    ... finished proof: closed. 
63019      INFO  main            d.u.i.k.p.i.AbstractProblemLoader Loading environment from /home/runner/work/key/key/key.core/../key.ui/examples/newBook/09.list_modelfield/ArrayList.empty.key.proof 
63023      DEBUG main            d.u.i.k.p.i.AbstractProblemLoader Environment load took 4.03ms 
63025      INFO  main            d.u.i.k.p.i.AbstractProblemLoader Creating init config 
66427      DEBUG main            d.u.i.k.p.i.AbstractProblemLoader Init config took 3.4s 
66490      INFO  main            d.u.i.k.p.i.AbstractProblemLoader Replaying proof ArrayList[List::empty()].JML normal_behavior operation contract.0 
66704      DEBUG main            d.u.i.k.p.i.IntermediateProofReplayer Proof replay took 205.17ms 
66706      DEBUG main            d.u.i.k.p.r.p.TestFile    ... success: reloaded. 
66708      INFO  main            d.u.i.k.p.r.p.TestFile    Now processing file /home/runner/work/key/key/key.core/../key.ui/examples/newBook/09.list_modelfield/ArrayList.size.key 
66710      INFO  main            d.u.i.k.p.i.AbstractProblemLoader Loading environment from /home/runner/work/key/key/key.core/../key.ui/examples/newBook/09.list_modelfield/ArrayList.size.key 
66710      DEBUG main            d.u.i.k.p.i.AbstractProblemLoader Environment load took 647.91ns 
66712      INFO  main            d.u.i.k.p.i.AbstractProblemLoader Creating init config 
70094      DEBUG main            d.u.i.k.p.i.AbstractProblemLoader Init config took 3.38s 
70151      INFO  main            d.u.i.k.p.i.AbstractProblemLoader Replaying proof ArrayList[List::size()].JML normal_behavior operation contract.0 
70153      DEBUG main            d.u.i.k.p.i.IntermediateProofReplayer Proof replay took 6.5ns 
70759      INFO  main            d.u.i.k.p.r.p.TestFile    ... finished proof: closed. 
71081      INFO  main            d.u.i.k.p.i.AbstractProblemLoader Loading environment from /home/runner/work/key/key/key.core/../key.ui/examples/newBook/09.list_modelfield/ArrayList.size.key.proof 
71082      DEBUG main            d.u.i.k.p.i.AbstractProblemLoader Environment load took 984.72ns 
71084      INFO  main            d.u.i.k.p.i.AbstractProblemLoader Creating init config 
74461      DEBUG main            d.u.i.k.p.i.AbstractProblemLoader Init config took 3.38s 
74523      INFO  main            d.u.i.k.p.i.AbstractProblemLoader Replaying proof ArrayList[List::size()].JML normal_behavior operation contract.0 
74618      DEBUG main            d.u.i.k.p.i.IntermediateProofReplayer Proof replay took 89.01ms 
74620      DEBUG main            d.u.i.k.p.r.p.TestFile    ... success: reloaded. 
74623      INFO  main            d.u.i.k.p.r.p.TestFile    Now processing file /home/runner/work/key/key/key.core/../key.ui/examples/newBook/09.list_modelfield/ArrayList.get.key 
74624      INFO  main            d.u.i.k.p.i.AbstractProblemLoader Loading environment from /home/runner/work/key/key/key.core/../key.ui/examples/newBook/09.list_modelfield/ArrayList.get.key 
74624      DEBUG main            d.u.i.k.p.i.AbstractProblemLoader Environment load took 835.12ns 
74626      INFO  main            d.u.i.k.p.i.AbstractProblemLoader Creating init config 
78097      DEBUG main            d.u.i.k.p.i.AbstractProblemLoader Init config took 3.47s 
78157      INFO  main            d.u.i.k.p.i.AbstractProblemLoader Replaying proof ArrayList[List::get(int)].JML normal_behavior operation contract.0 
78159      DEBUG main            d.u.i.k.p.i.IntermediateProofReplayer Proof replay took 7.1ns 
79568      INFO  main            d.u.i.k.p.r.p.TestFile    ... finished proof: closed. 
79781      INFO  main            d.u.i.k.p.i.AbstractProblemLoader Loading environment from /home/runner/work/key/key/key.core/../key.ui/examples/newBook/09.list_modelfield/ArrayList.get.key.proof 
79782      DEBUG main            d.u.i.k.p.i.AbstractProblemLoader Environment load took 959.12ns 
79784      INFO  main            d.u.i.k.p.i.AbstractProblemLoader Creating init config 
83261      DEBUG main            d.u.i.k.p.i.AbstractProblemLoader Init config took 3.48s 
83316      INFO  main            d.u.i.k.p.i.AbstractProblemLoader Replaying proof ArrayList[List::get(int)].JML normal_behavior operation contract.0 
83487      DEBUG main            d.u.i.k.p.i.IntermediateProofReplayer Proof replay took 165.1ms 
83488      DEBUG main            d.u.i.k.p.r.p.TestFile    ... success: reloaded. 
84226      INFO  Test worker     d.u.i.k.p.r.RunAllProofsTestUnit Returning from test newBook 
84235      INFO  Test worker     d.u.i.k.p.r.RunAllProofsTestUnit Running test oldBook 
467        INFO  Timeout watchdog d.u.i.k.p.r.p.ForkedTestFileRunner Timeout watcher launched (2000 secs.) 
502        WARN  main            d.u.i.k.s.ProofSettings   The settings in /home/runner/.key/proof-settings.props are *not* read. 
567        INFO  main            d.u.i.k.p.r.p.TestFile    Now processing file /home/runner/work/key/key/key.core/../key.ui/examples/standard_key/BookExamples/02FirstOrderLogic/Ex2.58.key 
775        INFO  main            d.u.i.k.p.i.AbstractProblemLoader Loading environment from /home/runner/work/key/key/key.core/../key.ui/examples/standard_key/BookExamples/02FirstOrderLogic/Ex2.58.key 
798        DEBUG main            d.u.i.k.p.i.AbstractProblemLoader Environment load took 2.52ms 
1171       INFO  main            d.u.i.k.p.i.AbstractProblemLoader Creating init config 
2682       DEBUG main            d.u.i.k.j.TypeConverter   No LDT found for Meta 
2683       DEBUG main            d.u.i.k.j.TypeConverter   No LDT found for Meta 
2687       DEBUG main            d.u.i.k.j.TypeConverter   No LDT found for Meta 
2687       DEBUG main            d.u.i.k.j.TypeConverter   No LDT found for Meta 
4582       DEBUG main            d.u.i.k.j.TypeConverter   No LDT found for JavaBigintExpression 
11453      DEBUG main            d.u.i.k.p.i.AbstractProblemLoader Init config took 10.28s 
11535      INFO  main            d.u.i.k.p.i.AbstractProblemLoader Replaying proof Ex2.58.key 
11586      DEBUG main            d.u.i.k.p.i.IntermediateProofReplayer Proof replay took 36.2ns 
11841      INFO  main            d.u.i.k.p.r.p.TestFile    ... finished proof: closed. 
11977      INFO  main            d.u.i.k.p.i.AbstractProblemLoader Loading environment from /home/runner/work/key/key/key.core/../key.ui/examples/standard_key/BookExamples/02FirstOrderLogic/Ex2.58.key.proof 
11977      DEBUG main            d.u.i.k.p.i.AbstractProblemLoader Environment load took 151.1ns 
11982      INFO  main            d.u.i.k.p.i.AbstractProblemLoader Creating init config 
15373      DEBUG main            d.u.i.k.p.i.AbstractProblemLoader Init config took 3.39s 
15414      INFO  main            d.u.i.k.p.i.AbstractProblemLoader Replaying proof Ex2.58.key.proof 
15425      DEBUG main            d.u.i.k.p.i.IntermediateProofReplayer Proof replay took 4.35ms 
15439      DEBUG main            d.u.i.k.p.r.p.TestFile    ... success: reloaded. 
15442      INFO  main            d.u.i.k.p.r.p.TestFile    Now processing file /home/runner/work/key/key/key.core/../key.ui/examples/standard_key/BookExamples/03DynamicLogic/Sect3.3.1.key 
15443      INFO  main            d.u.i.k.p.i.AbstractProblemLoader Loading environment from /home/runner/work/key/key/key.core/../key.ui/examples/standard_key/BookExamples/03DynamicLogic/Sect3.3.1.key 
15444      DEBUG main            d.u.i.k.p.i.AbstractProblemLoader Environment load took 514.81ns 
15446      INFO  main            d.u.i.k.p.i.AbstractProblemLoader Creating init config 
18595      DEBUG main            d.u.i.k.p.i.AbstractProblemLoader Init config took 3.15s 
18639      INFO  main            d.u.i.k.p.i.AbstractProblemLoader Replaying proof Sect3.3.1.key 
18650      DEBUG main            d.u.i.k.p.i.IntermediateProofReplayer Proof replay took 33.5ns 
19265      INFO  main            d.u.i.k.p.r.p.TestFile    ... finished proof: closed. 
19427      INFO  main            d.u.i.k.p.i.AbstractProblemLoader Loading environment from /home/runner/work/key/key/key.core/../key.ui/examples/standard_key/BookExamples/03DynamicLogic/Sect3.3.1.key.proof 
19429      DEBUG main            d.u.i.k.p.i.AbstractProblemLoader Environment load took 7.04ms 
19434      INFO  main            d.u.i.k.p.i.AbstractProblemLoader Creating init config 
22477      DEBUG main            d.u.i.k.p.i.AbstractProblemLoader Init config took 3.04s 
22506      INFO  main            d.u.i.k.p.i.AbstractProblemLoader Replaying proof Sect3.3.1.key.proof 
22634      DEBUG main            d.u.i.k.p.i.IntermediateProofReplayer Proof replay took 122.34ms 
22636      DEBUG main            d.u.i.k.p.r.p.TestFile    ... success: reloaded. 
107092     INFO  Test worker     d.u.i.k.p.r.RunAllProofsTestUnit Returning from test oldBook 
107094     INFO  Test worker     d.u.i.k.p.r.RunAllProofsTestUnit Running test comprehensions 
429        INFO  Timeout watchdog d.u.i.k.p.r.p.ForkedTestFileRunner Timeout watcher launched (2000 secs.) 
445        WARN  main            d.u.i.k.s.ProofSettings   The settings in /home/runner/.key/proof-settings.props are *not* read. 
477        INFO  main            d.u.i.k.p.r.p.TestFile    Now processing file /home/runner/work/key/key/key.core/../key.ui/examples/heap/comprehensions/general_sum.key 
696        INFO  main            d.u.i.k.p.i.AbstractProblemLoader Loading environment from /home/runner/work/key/key/key.core/../key.ui/examples/heap/comprehensions/general_sum.key 
718        DEBUG main            d.u.i.k.p.i.AbstractProblemLoader Environment load took 4.86ms 
1019       INFO  main            d.u.i.k.p.i.AbstractProblemLoader Creating init config 
2339       DEBUG main            d.u.i.k.j.TypeConverter   No LDT found for Meta 
2341       DEBUG main            d.u.i.k.j.TypeConverter   No LDT found for Meta 
2345       DEBUG main            d.u.i.k.j.TypeConverter   No LDT found for Meta 
2345       DEBUG main            d.u.i.k.j.TypeConverter   No LDT found for Meta 
4206       DEBUG main            d.u.i.k.j.TypeConverter   No LDT found for JavaBigintExpression 
11286      DEBUG main            d.u.i.k.p.i.AbstractProblemLoader Init config took 10.27s 
11514      INFO  main            d.u.i.k.p.i.AbstractProblemLoader Replaying proof GSum[GSum::doNothing()].JML operation contract.0 
11568      DEBUG main            d.u.i.k.p.i.IntermediateProofReplayer Proof replay took 37.4ns 
12070      INFO  main            d.u.i.k.p.r.p.TestFile    ... finished proof: closed. 
12209      INFO  main            d.u.i.k.p.i.AbstractProblemLoader Loading environment from /home/runner/work/key/key/key.core/../key.ui/examples/heap/comprehensions/general_sum.key.proof 
12212      DEBUG main            d.u.i.k.p.i.AbstractProblemLoader Environment load took 2.73ms 
12214      INFO  main            d.u.i.k.p.i.AbstractProblemLoader Creating init config 
16020      DEBUG main            d.u.i.k.p.i.AbstractProblemLoader Init config took 3.81s 
16133      INFO  main            d.u.i.k.p.i.AbstractProblemLoader Replaying proof GSum[GSum::doNothing()].JML operation contract.0 
16173      DEBUG main            d.u.i.k.p.i.IntermediateProofReplayer Proof replay took 32.41ms 
16191      DEBUG main            d.u.i.k.p.r.p.TestFile    ... success: reloaded. 
16193      INFO  main            d.u.i.k.p.r.p.TestFile    Now processing file /home/runner/work/key/key/key.core/../key.ui/examples/heap/comprehensions/sum0.key 
16193      INFO  main            d.u.i.k.p.i.AbstractProblemLoader Loading environment from /home/runner/work/key/key/key.core/../key.ui/examples/heap/comprehensions/sum0.key 
16193      DEBUG main            d.u.i.k.p.i.AbstractProblemLoader Environment load took 94.4ns 
16195      INFO  main            d.u.i.k.p.i.AbstractProblemLoader Creating init config 
19769      DEBUG main            d.u.i.k.p.i.AbstractProblemLoader Init config took 3.57s 
19850      INFO  main            d.u.i.k.p.i.AbstractProblemLoader Replaying proof Sum[Sum::sum0([I)].JML normal_behavior operation contract.0 
19857      DEBUG main            d.u.i.k.p.i.IntermediateProofReplayer Proof replay took 6.8ns 
20068      DEBUG Thread-4        d.u.i.k.l.l.OriginTermLabel commonFileName is null! 
20069      DEBUG Thread-4        d.u.i.k.l.l.OriginTermLabel commonFileName is null! 
20435      DEBUG Thread-4        d.u.i.k.l.l.OriginTermLabel commonFileName is null! 
20437      DEBUG Thread-4        d.u.i.k.l.l.OriginTermLabel commonFileName is null! 
20789      DEBUG Thread-4        d.u.i.k.l.l.OriginTermLabel commonFileName is null! 
21173      INFO  main            d.u.i.k.p.r.p.TestFile    ... finished proof: closed. 
21425      INFO  main            d.u.i.k.p.i.AbstractProblemLoader Loading environment from /home/runner/work/key/key/key.core/../key.ui/examples/heap/comprehensions/sum0.key.proof 
21426      DEBUG main            d.u.i.k.p.i.AbstractProblemLoader Environment load took 1.02ms 
21432      INFO  main            d.u.i.k.p.i.AbstractProblemLoader Creating init config 
25257      DEBUG main            d.u.i.k.p.i.AbstractProblemLoader Init config took 3.83s 
25338      INFO  main            d.u.i.k.p.i.AbstractProblemLoader Replaying proof Sum[Sum::sum0([I)].JML normal_behavior operation contract.0 
25401      DEBUG main            d.u.i.k.l.l.OriginTermLabel commonFileName is null! 
25402      DEBUG main            d.u.i.k.l.l.OriginTermLabel commonFileName is null! 
25525      DEBUG main            d.u.i.k.l.l.OriginTermLabel commonFileName is null! 
25588      DEBUG main            d.u.i.k.l.l.OriginTermLabel commonFileName is null! 
25589      DEBUG main            d.u.i.k.l.l.OriginTermLabel commonFileName is null! 
25593      DEBUG main            d.u.i.k.p.i.IntermediateProofReplayer Proof replay took 244.31ms 
25595      DEBUG main            d.u.i.k.p.r.p.TestFile    ... success: reloaded. 
25597      INFO  main            d.u.i.k.p.r.p.TestFile    Now processing file /home/runner/work/key/key/key.core/../key.ui/examples/heap/comprehensions/sum1.key 
25598      INFO  main            d.u.i.k.p.i.AbstractProblemLoader Loading environment from /home/runner/work/key/key/key.core/../key.ui/examples/heap/comprehensions/sum1.key 
25598      DEBUG main            d.u.i.k.p.i.AbstractProblemLoader Environment load took 419.21ns 
25600      INFO  main            d.u.i.k.p.i.AbstractProblemLoader Creating init config 
29251      DEBUG main            d.u.i.k.p.i.AbstractProblemLoader Init config took 3.65s 
29316      INFO  main            d.u.i.k.p.i.AbstractProblemLoader Replaying proof Sum[Sum::sum1([I)].JML normal_behavior operation contract.0 
29319      DEBUG main            d.u.i.k.p.i.IntermediateProofReplayer Proof replay took 6.7ns 
29419      DEBUG Thread-7        d.u.i.k.l.l.OriginTermLabel commonFileName is null! 
29420      DEBUG Thread-7        d.u.i.k.l.l.OriginTermLabel commonFileName is null! 
29621      DEBUG Thread-7        d.u.i.k.l.l.OriginTermLabel commonFileName is null! 
29622      DEBUG Thread-7        d.u.i.k.l.l.OriginTermLabel commonFileName is null! 
29806      DEBUG Thread-7        d.u.i.k.l.l.OriginTermLabel commonFileName is null! 
30032      INFO  main            d.u.i.k.p.r.p.TestFile    ... finished proof: closed. 
30238      INFO  main            d.u.i.k.p.i.AbstractProblemLoader Loading environment from /home/runner/work/key/key/key.core/../key.ui/examples/heap/comprehensions/sum1.key.proof 
30238      DEBUG main            d.u.i.k.p.i.AbstractProblemLoader Environment load took 147.5ns 
30242      INFO  main            d.u.i.k.p.i.AbstractProblemLoader Creating init config 
33860      DEBUG main            d.u.i.k.p.i.AbstractProblemLoader Init config took 3.62s 
33953      INFO  main            d.u.i.k.p.i.AbstractProblemLoader Replaying proof Sum[Sum::sum1([I)].JML normal_behavior operation contract.0 
33993      DEBUG main            d.u.i.k.l.l.OriginTermLabel commonFileName is null! 
33994      DEBUG main            d.u.i.k.l.l.OriginTermLabel commonFileName is null! 
34068      DEBUG main            d.u.i.k.l.l.OriginTermLabel commonFileName is null! 
34123      DEBUG main            d.u.i.k.l.l.OriginTermLabel commonFileName is null! 
34124      DEBUG main            d.u.i.k.l.l.OriginTermLabel commonFileName is null! 
34127      DEBUG main            d.u.i.k.p.i.IntermediateProofReplayer Proof replay took 168.84ms 
34129      DEBUG main            d.u.i.k.p.r.p.TestFile    ... success: reloaded. 
34131      INFO  main            d.u.i.k.p.r.p.TestFile    Now processing file /home/runner/work/key/key/key.core/../key.ui/examples/heap/comprehensions/sum2.key 
34132      INFO  main            d.u.i.k.p.i.AbstractProblemLoader Loading environment from /home/runner/work/key/key/key.core/../key.ui/examples/heap/comprehensions/sum2.key 
34132      DEBUG main            d.u.i.k.p.i.AbstractProblemLoader Environment load took 382.81ns 
34134      INFO  main            d.u.i.k.p.i.AbstractProblemLoader Creating init config 
38058      DEBUG main            d.u.i.k.p.i.AbstractProblemLoader Init config took 3.92s 
38118      INFO  main            d.u.i.k.p.i.AbstractProblemLoader Replaying proof Sum[Sum::sum2([I)].JML normal_behavior operation contract.0 
38120      DEBUG main            d.u.i.k.p.i.IntermediateProofReplayer Proof replay took 7.3ns 
38185      DEBUG Thread-10       d.u.i.k.l.l.OriginTermLabel commonFileName is null! 
38186      DEBUG Thread-10       d.u.i.k.l.l.OriginTermLabel commonFileName is null! 
38364      DEBUG Thread-10       d.u.i.k.l.l.OriginTermLabel commonFileName is null! 
38366      DEBUG Thread-10       d.u.i.k.l.l.OriginTermLabel commonFileName is null! 
38482      DEBUG Thread-10       d.u.i.k.l.l.OriginTermLabel commonFileName is null! 
38724      INFO  main            d.u.i.k.p.r.p.TestFile    ... finished proof: closed. 
38989      INFO  main            d.u.i.k.p.i.AbstractProblemLoader Loading environment from /home/runner/work/key/key/key.core/../key.ui/examples/heap/comprehensions/sum2.key.proof 
38991      DEBUG main            d.u.i.k.p.i.AbstractProblemLoader Environment load took 1.73ms 
38993      INFO  main            d.u.i.k.p.i.AbstractProblemLoader Creating init config 
42548      DEBUG main            d.u.i.k.p.i.AbstractProblemLoader Init config took 3.55s 
42607      INFO  main            d.u.i.k.p.i.AbstractProblemLoader Replaying proof Sum[Sum::sum2([I)].JML normal_behavior operation contract.0 
42651      DEBUG main            d.u.i.k.l.l.OriginTermLabel commonFileName is null! 
42652      DEBUG main            d.u.i.k.l.l.OriginTermLabel commonFileName is null! 
42702      DEBUG main            d.u.i.k.l.l.OriginTermLabel commonFileName is null! 
42740      DEBUG main            d.u.i.k.l.l.OriginTermLabel commonFileName is null! 
42741      DEBUG main            d.u.i.k.l.l.OriginTermLabel commonFileName is null! 
42744      DEBUG main            d.u.i.k.p.i.IntermediateProofReplayer Proof replay took 131.56ms 
42745      DEBUG main            d.u.i.k.p.r.p.TestFile    ... success: reloaded. 
42747      INFO  main            d.u.i.k.p.r.p.TestFile    Now processing file /home/runner/work/key/key/key.core/../key.ui/examples/heap/comprehensions/sum3.key 
42748      INFO  main            d.u.i.k.p.i.AbstractProblemLoader Loading environment from /home/runner/work/key/key/key.core/../key.ui/examples/heap/comprehensions/sum3.key 
42748      DEBUG main            d.u.i.k.p.i.AbstractProblemLoader Environment load took 574.81ns 
42750      INFO  main            d.u.i.k.p.i.AbstractProblemLoader Creating init config 
46405      DEBUG main            d.u.i.k.p.i.AbstractProblemLoader Init config took 3.66s 
46462      INFO  main            d.u.i.k.p.i.AbstractProblemLoader Replaying proof Sum[Sum::sum3([I)].JML normal_behavior operation contract.0 
46463      DEBUG main            d.u.i.k.p.i.IntermediateProofReplayer Proof replay took 7.3ns 
46532      DEBUG Thread-13       d.u.i.k.l.l.OriginTermLabel commonFileName is null! 
46533      DEBUG Thread-13       d.u.i.k.l.l.OriginTermLabel commonFileName is null! 
46697      DEBUG Thread-13       d.u.i.k.l.l.OriginTermLabel commonFileName is null! 
46704      DEBUG Thread-13       d.u.i.k.l.l.OriginTermLabel commonFileName is null! 
46822      DEBUG Thread-13       d.u.i.k.l.l.OriginTermLabel commonFileName is null! 
46967      INFO  main            d.u.i.k.p.r.p.TestFile    ... finished proof: closed. 
47218      INFO  main            d.u.i.k.p.i.AbstractProblemLoader Loading environment from /home/runner/work/key/key/key.core/../key.ui/examples/heap/comprehensions/sum3.key.proof 
47218      DEBUG main            d.u.i.k.p.i.AbstractProblemLoader Environment load took 4.61ms 
47222      INFO  main            d.u.i.k.p.i.AbstractProblemLoader Creating init config 
50759      DEBUG main            d.u.i.k.p.i.AbstractProblemLoader Init config took 3.54s 
50824      INFO  main            d.u.i.k.p.i.AbstractProblemLoader Replaying proof Sum[Sum::sum3([I)].JML normal_behavior operation contract.0 
50862      DEBUG main            d.u.i.k.l.l.OriginTermLabel commonFileName is null! 
50865      DEBUG main            d.u.i.k.l.l.OriginTermLabel commonFileName is null! 
50922      DEBUG main            d.u.i.k.l.l.OriginTermLabel commonFileName is null! 
50963      DEBUG main            d.u.i.k.l.l.OriginTermLabel commonFileName is null! 
50966      DEBUG main            d.u.i.k.l.l.OriginTermLabel commonFileName is null! 
50971      DEBUG main            d.u.i.k.p.i.IntermediateProofReplayer Proof replay took 141.11ms 
50973      DEBUG main            d.u.i.k.p.r.p.TestFile    ... success: reloaded. 
50976      INFO  main            d.u.i.k.p.r.p.TestFile    Now processing file /home/runner/work/key/key/key.core/../key.ui/examples/heap/comprehensions/segsum.key 
50978      INFO  main            d.u.i.k.p.i.AbstractProblemLoader Loading environment from /home/runner/work/key/key/key.core/../key.ui/examples/heap/comprehensions/segsum.key 
50979      DEBUG main            d.u.i.k.p.i.AbstractProblemLoader Environment load took 1.44ms 
50982      INFO  main            d.u.i.k.p.i.AbstractProblemLoader Creating init config 
54496      DEBUG main            d.u.i.k.p.i.AbstractProblemLoader Init config took 3.51s 
54551      INFO  main            d.u.i.k.p.i.AbstractProblemLoader Replaying proof SegSum[SegSum::segSum([I,int,int)].JML normal_behavior operation contract.0 
54553      DEBUG main            d.u.i.k.p.i.IntermediateProofReplayer Proof replay took 7.8ns 
55157      INFO  main            d.u.i.k.p.r.p.TestFile    ... finished proof: closed. 
55407      INFO  main            d.u.i.k.p.i.AbstractProblemLoader Loading environment from /home/runner/work/key/key/key.core/../key.ui/examples/heap/comprehensions/segsum.key.proof 
55407      DEBUG main            d.u.i.k.p.i.AbstractProblemLoader Environment load took 134.7ns 
55409      INFO  main            d.u.i.k.p.i.AbstractProblemLoader Creating init config 
58800      DEBUG main            d.u.i.k.p.i.AbstractProblemLoader Init config took 3.39s 
58856      INFO  main            d.u.i.k.p.i.AbstractProblemLoader Replaying proof SegSum[SegSum::segSum([I,int,int)].JML normal_behavior operation contract.0 
58994      DEBUG main            d.u.i.k.p.i.IntermediateProofReplayer Proof replay took 129.37ms 
58996      DEBUG main            d.u.i.k.p.r.p.TestFile    ... success: reloaded. 
58997      INFO  main            d.u.i.k.p.r.p.TestFile    Now processing file /home/runner/work/key/key/key.core/../key.ui/examples/heap/comprehensions/bsum_negative.key 
58999      INFO  main            d.u.i.k.p.i.AbstractProblemLoader Loading environment from /home/runner/work/key/key/key.core/../key.ui/examples/heap/comprehensions/bsum_negative.key 
58999      DEBUG main            d.u.i.k.p.i.AbstractProblemLoader Environment load took 573.41ns 
59001      INFO  main            d.u.i.k.p.i.AbstractProblemLoader Creating init config 
62247      DEBUG main            d.u.i.k.p.i.AbstractProblemLoader Init config took 3.25s 
62275      INFO  main            d.u.i.k.p.i.AbstractProblemLoader Replaying proof bsum_negative.key 
62276      DEBUG main            d.u.i.k.p.i.IntermediateProofReplayer Proof replay took 7ns 
62382      INFO  main            d.u.i.k.p.r.p.TestFile    ... finished proof: closed. 
62588      INFO  main            d.u.i.k.p.i.AbstractProblemLoader Loading environment from /home/runner/work/key/key/key.core/../key.ui/examples/heap/comprehensions/bsum_negative.key.proof 
62588      DEBUG main            d.u.i.k.p.i.AbstractProblemLoader Environment load took 123.3ns 
62589      INFO  main            d.u.i.k.p.i.AbstractProblemLoader Creating init config 
65588      DEBUG main            d.u.i.k.p.i.AbstractProblemLoader Init config took 3s 
65614      INFO  main            d.u.i.k.p.i.AbstractProblemLoader Replaying proof bsum_negative.key.proof 
65619      DEBUG main            d.u.i.k.p.i.IntermediateProofReplayer Proof replay took 2.55ms 
65620      DEBUG main            d.u.i.k.p.r.p.TestFile    ... success: reloaded. 
65621      INFO  main            d.u.i.k.p.r.p.TestFile    Now processing file /home/runner/work/key/key/key.core/../key.ui/examples/heap/comprehensions/bsum_neg2.key 
65621      INFO  main            d.u.i.k.p.i.AbstractProblemLoader Loading environment from /home/runner/work/key/key/key.core/../key.ui/examples/heap/comprehensions/bsum_neg2.key 
65621      DEBUG main            d.u.i.k.p.i.AbstractProblemLoader Environment load took 73.6ns 
65622      INFO  main            d.u.i.k.p.i.AbstractProblemLoader Creating init config 
68876      DEBUG main            d.u.i.k.p.i.AbstractProblemLoader Init config took 3.25s 
68897      INFO  main            d.u.i.k.p.i.AbstractProblemLoader Replaying proof bsum_neg2.key 
68898      DEBUG main            d.u.i.k.p.i.IntermediateProofReplayer Proof replay took 7.8ns 
69001      INFO  main            d.u.i.k.p.r.p.TestFile    ... finished proof: closed. 
69216      INFO  main            d.u.i.k.p.i.AbstractProblemLoader Loading environment from /home/runner/work/key/key/key.core/../key.ui/examples/heap/comprehensions/bsum_neg2.key.proof 
69216      DEBUG main            d.u.i.k.p.i.AbstractProblemLoader Environment load took 156.1ns 
69217      INFO  main            d.u.i.k.p.i.AbstractProblemLoader Creating init config 
72315      DEBUG main            d.u.i.k.p.i.AbstractProblemLoader Init config took 3.1s 
72341      INFO  main            d.u.i.k.p.i.AbstractProblemLoader Replaying proof bsum_neg2.key.proof 
72347      DEBUG main            d.u.i.k.p.i.IntermediateProofReplayer Proof replay took 2.59ms 
72350      DEBUG main            d.u.i.k.p.r.p.TestFile    ... success: reloaded. 
72351      INFO  main            d.u.i.k.p.r.p.TestFile    Now processing file /home/runner/work/key/key/key.core/../key.ui/examples/heap/comprehensions/bsumSplit.key 
72351      INFO  main            d.u.i.k.p.i.AbstractProblemLoader Loading environment from /home/runner/work/key/key/key.core/../key.ui/examples/heap/comprehensions/bsumSplit.key 
72352      DEBUG main            d.u.i.k.p.i.AbstractProblemLoader Environment load took 421.11ns 
72353      INFO  main            d.u.i.k.p.i.AbstractProblemLoader Creating init config 
75453      DEBUG main            d.u.i.k.p.i.AbstractProblemLoader Init config took 3.1s 
75479      INFO  main            d.u.i.k.p.i.AbstractProblemLoader Replaying proof bsumSplit.key 
75481      DEBUG main            d.u.i.k.p.i.IntermediateProofReplayer Proof replay took 7.9ns 
75583      INFO  main            d.u.i.k.p.r.p.TestFile    ... finished proof: closed. 
75790      INFO  main            d.u.i.k.p.i.AbstractProblemLoader Loading environment from /home/runner/work/key/key/key.core/../key.ui/examples/heap/comprehensions/bsumSplit.key.proof 
75790      DEBUG main            d.u.i.k.p.i.AbstractProblemLoader Environment load took 119.8ns 
75794      INFO  main            d.u.i.k.p.i.AbstractProblemLoader Creating init config 
78714      DEBUG main            d.u.i.k.p.i.AbstractProblemLoader Init config took 2.92s 
78751      INFO  main            d.u.i.k.p.i.AbstractProblemLoader Replaying proof bsumSplit.key.proof 
78759      DEBUG main            d.u.i.k.p.i.IntermediateProofReplayer Proof replay took 5.52ms 
78765      DEBUG main            d.u.i.k.p.r.p.TestFile    ... success: reloaded. 
78766      INFO  main            d.u.i.k.p.r.p.TestFile    Now processing file /home/runner/work/key/key/key.core/../key.ui/examples/heap/comprehensions/bprodSplit.key 
78766      INFO  main            d.u.i.k.p.i.AbstractProblemLoader Loading environment from /home/runner/work/key/key/key.core/../key.ui/examples/heap/comprehensions/bprodSplit.key 
78767      DEBUG main            d.u.i.k.p.i.AbstractProblemLoader Environment load took 752.11ns 
78769      INFO  main            d.u.i.k.p.i.AbstractProblemLoader Creating init config 
81936      DEBUG main            d.u.i.k.p.i.AbstractProblemLoader Init config took 3.17s 
81955      INFO  main            d.u.i.k.p.i.AbstractProblemLoader Replaying proof bprodSplit.key 
81956      DEBUG main            d.u.i.k.p.i.IntermediateProofReplayer Proof replay took 7.2ns 
82059      INFO  main            d.u.i.k.p.r.p.TestFile    ... finished proof: closed. 
82289      INFO  main            d.u.i.k.p.i.AbstractProblemLoader Loading environment from /home/runner/work/key/key/key.core/../key.ui/examples/heap/comprehensions/bprodSplit.key.proof 
82289      DEBUG main            d.u.i.k.p.i.AbstractProblemLoader Environment load took 133.5ns 
82291      INFO  main            d.u.i.k.p.i.AbstractProblemLoader Creating init config 
85328      DEBUG main            d.u.i.k.p.i.AbstractProblemLoader Init config took 3.04s 
85347      INFO  main            d.u.i.k.p.i.AbstractProblemLoader Replaying proof bprodSplit.key.proof 
85353      DEBUG main            d.u.i.k.p.i.IntermediateProofReplayer Proof replay took 3.91ms 
85354      DEBUG main            d.u.i.k.p.r.p.TestFile    ... success: reloaded. 
85354      INFO  main            d.u.i.k.p.r.p.TestFile    Now processing file /home/runner/work/key/key/key.core/../key.ui/examples/heap/comprehensions/bsumSplitInvalid.key 
85355      INFO  main            d.u.i.k.p.i.AbstractProblemLoader Loading environment from /home/runner/work/key/key/key.core/../key.ui/examples/heap/comprehensions/bsumSplitInvalid.key 
85355      DEBUG main            d.u.i.k.p.i.AbstractProblemLoader Environment load took 119.5ns 
85356      INFO  main            d.u.i.k.p.i.AbstractProblemLoader Creating init config 
88380      DEBUG main            d.u.i.k.p.i.AbstractProblemLoader Init config took 3.02s 
88397      INFO  main            d.u.i.k.p.i.AbstractProblemLoader Replaying proof bsumSplitInvalid.key 
88399      DEBUG main            d.u.i.k.p.i.IntermediateProofReplayer Proof replay took 7.2ns 
88501      INFO  main            d.u.i.k.p.r.p.TestFile    ... finished proof: open goal(s) 
196079     INFO  Test worker     d.u.i.k.p.r.RunAllProofsTestUnit Returning from test comprehensions 
196084     INFO  Test worker     d.u.i.k.p.r.RunAllProofsTestUnit Running test performance 
450        INFO  Timeout watchdog d.u.i.k.p.r.p.ForkedTestFileRunner Timeout watcher launched (2000 secs.) 
472        WARN  main            d.u.i.k.s.ProofSettings   The settings in /home/runner/.key/proof-settings.props are *not* read. 
532        INFO  main            d.u.i.k.p.r.p.TestFile    Now processing file /home/runner/work/key/key/key.core/../key.ui/examples/performance-test/Disjoint(Disjoint__disjoint_08()).JML_operation_contract.0.key 
687        INFO  main            d.u.i.k.p.i.AbstractProblemLoader Loading environment from /home/runner/work/key/key/key.core/../key.ui/examples/performance-test/Disjoint(Disjoint__disjoint_08()).JML_operation_contract.0.key 
708        DEBUG main            d.u.i.k.p.i.AbstractProblemLoader Environment load took 2.11ms 
988        INFO  main            d.u.i.k.p.i.AbstractProblemLoader Creating init config 
2206       DEBUG main            d.u.i.k.j.TypeConverter   No LDT found for Meta 
2206       DEBUG main            d.u.i.k.j.TypeConverter   No LDT found for Meta 
2210       DEBUG main            d.u.i.k.j.TypeConverter   No LDT found for Meta 
2210       DEBUG main            d.u.i.k.j.TypeConverter   No LDT found for Meta 
3941       DEBUG main            d.u.i.k.j.TypeConverter   No LDT found for JavaBigintExpression 
11682      DEBUG main            d.u.i.k.j.r.ClassPreparationMethodBuilder clPrepBuilder: Inner Class detected. Reject building class initialisation methods. 
22347      DEBUG main            d.u.i.k.p.i.AbstractProblemLoader Init config took 21.36s 
22596      INFO  main            d.u.i.k.p.i.AbstractProblemLoader Replaying proof Disjoint[Disjoint::disjoint_8()].JML operation contract.0 
22674      DEBUG main            d.u.i.k.p.i.IntermediateProofReplayer Proof replay took 398.51ns 
25947      INFO  main            d.u.i.k.p.r.p.TestFile    ... finished proof: closed. 
26228      INFO  main            d.u.i.k.p.i.AbstractProblemLoader Loading environment from /home/runner/work/key/key/key.core/../key.ui/examples/performance-test/Disjoint(Disjoint__disjoint_08()).JML_operation_contract.0.key.proof 
26229      DEBUG main            d.u.i.k.p.i.AbstractProblemLoader Environment load took 936.52ns 
26233      INFO  main            d.u.i.k.p.i.AbstractProblemLoader Creating init config 
30406      DEBUG main            d.u.i.k.j.r.ClassPreparationMethodBuilder clPrepBuilder: Inner Class detected. Reject building class initialisation methods. 
39661      DEBUG main            d.u.i.k.p.i.AbstractProblemLoader Init config took 13.43s 
39828      INFO  main            d.u.i.k.p.i.AbstractProblemLoader Replaying proof Disjoint[Disjoint::disjoint_8()].JML operation contract.0 
40420      DEBUG main            d.u.i.k.p.i.IntermediateProofReplayer Proof replay took 576.93ms 
40430      DEBUG main            d.u.i.k.p.r.p.TestFile    ... success: reloaded. 
40433      INFO  main            d.u.i.k.p.r.p.TestFile    Now processing file /home/runner/work/key/key/key.core/../key.ui/examples/performance-test/Disjoint(Disjoint__disjoint2_08()).JML_operation_contract.0.key 
40434      INFO  main            d.u.i.k.p.i.AbstractProblemLoader Loading environment from /home/runner/work/key/key/key.core/../key.ui/examples/performance-test/Disjoint(Disjoint__disjoint2_08()).JML_operation_contract.0.key 
40434      DEBUG main            d.u.i.k.p.i.AbstractProblemLoader Environment load took 345.21ns 
40436      INFO  main            d.u.i.k.p.i.AbstractProblemLoader Creating init config 
44549      DEBUG main            d.u.i.k.j.r.ClassPreparationMethodBuilder clPrepBuilder: Inner Class detected. Reject building class initialisation methods. 
54051      DEBUG main            d.u.i.k.p.i.AbstractProblemLoader Init config took 13.61s 
54198      INFO  main            d.u.i.k.p.i.AbstractProblemLoader Replaying proof Disjoint[Disjoint::disjoint2_8()].JML operation contract.0 
54206      DEBUG main            d.u.i.k.p.i.IntermediateProofReplayer Proof replay took 29.9ns 
55919      INFO  main            d.u.i.k.p.r.p.TestFile    ... finished proof: closed. 
56299      INFO  main            d.u.i.k.p.i.AbstractProblemLoader Loading environment from /home/runner/work/key/key/key.core/../key.ui/examples/performance-test/Disjoint(Disjoint__disjoint2_08()).JML_operation_contract.0.key.proof 
56304      DEBUG main            d.u.i.k.p.i.AbstractProblemLoader Environment load took 5.15ms 
56307      INFO  main            d.u.i.k.p.i.AbstractProblemLoader Creating init config 
60447      DEBUG main            d.u.i.k.j.r.ClassPreparationMethodBuilder clPrepBuilder: Inner Class detected. Reject building class initialisation methods. 
69677      DEBUG main            d.u.i.k.p.i.AbstractProblemLoader Init config took 13.37s 
69818      INFO  main            d.u.i.k.p.i.AbstractProblemLoader Replaying proof Disjoint[Disjoint::disjoint2_8()].JML operation contract.0 
69989      DEBUG main            d.u.i.k.p.i.IntermediateProofReplayer Proof replay took 160.15ms 
69992      DEBUG main            d.u.i.k.p.r.p.TestFile    ... success: reloaded. 
70000      INFO  main            d.u.i.k.p.r.p.TestFile    Now processing file /home/runner/work/key/key/key.core/../key.ui/examples/performance-test/AccessChain1(AccessChain1__foo_08()).JML_operation_contract.0.key 
70001      INFO  main            d.u.i.k.p.i.AbstractProblemLoader Loading environment from /home/runner/work/key/key/key.core/../key.ui/examples/performance-test/AccessChain1(AccessChain1__foo_08()).JML_operation_contract.0.key 
70002      DEBUG main            d.u.i.k.p.i.AbstractProblemLoader Environment load took 435.81ns 
70004      INFO  main            d.u.i.k.p.i.AbstractProblemLoader Creating init config 
74150      DEBUG main            d.u.i.k.j.r.ClassPreparationMethodBuilder clPrepBuilder: Inner Class detected. Reject building class initialisation methods. 
83314      DEBUG main            d.u.i.k.p.i.AbstractProblemLoader Init config took 13.31s 
83447      INFO  main            d.u.i.k.p.i.AbstractProblemLoader Replaying proof AccessChain1[AccessChain1::foo_8()].JML operation contract.0 
83454      DEBUG main            d.u.i.k.p.i.IntermediateProofReplayer Proof replay took 13.1ns 
87340      INFO  main            d.u.i.k.p.r.p.TestFile    ... finished proof: closed. 
87769      INFO  main            d.u.i.k.p.i.AbstractProblemLoader Loading environment from /home/runner/work/key/key/key.core/../key.ui/examples/performance-test/AccessChain1(AccessChain1__foo_08()).JML_operation_contract.0.key.proof 
87770      DEBUG main            d.u.i.k.p.i.AbstractProblemLoader Environment load took 789.01ns 
87772      INFO  main            d.u.i.k.p.i.AbstractProblemLoader Creating init config 
91781      DEBUG main            d.u.i.k.j.r.ClassPreparationMethodBuilder clPrepBuilder: Inner Class detected. Reject building class initialisation methods. 
100832     DEBUG main            d.u.i.k.p.i.AbstractProblemLoader Init config took 13.06s 
100958     INFO  main            d.u.i.k.p.i.AbstractProblemLoader Replaying proof AccessChain1[AccessChain1::foo_8()].JML operation contract.0 
101661     DEBUG main            d.u.i.k.p.i.IntermediateProofReplayer Proof replay took 687.5ms 
101664     DEBUG main            d.u.i.k.p.r.p.TestFile    ... success: reloaded. 
101667     INFO  main            d.u.i.k.p.r.p.TestFile    Now processing file /home/runner/work/key/key/key.core/../key.ui/examples/performance-test/AccessChain4(AccessChain4__foo_08()).JML_operation_contract.0.key 
101667     INFO  main            d.u.i.k.p.i.AbstractProblemLoader Loading environment from /home/runner/work/key/key/key.core/../key.ui/examples/performance-test/AccessChain4(AccessChain4__foo_08()).JML_operation_contract.0.key 
101667     DEBUG main            d.u.i.k.p.i.AbstractProblemLoader Environment load took 73.1ns 
101669     INFO  main            d.u.i.k.p.i.AbstractProblemLoader Creating init config 
105526     DEBUG main            d.u.i.k.j.r.ClassPreparationMethodBuilder clPrepBuilder: Inner Class detected. Reject building class initialisation methods. 
114394     DEBUG main            d.u.i.k.p.i.AbstractProblemLoader Init config took 12.73s 
114547     INFO  main            d.u.i.k.p.i.AbstractProblemLoader Replaying proof AccessChain4[AccessChain4::foo_8()].JML operation contract.0 
114550     DEBUG main            d.u.i.k.p.i.IntermediateProofReplayer Proof replay took 13ns 
123249     INFO  main            d.u.i.k.p.r.p.TestFile    ... finished proof: closed. 
123735     INFO  main            d.u.i.k.p.i.AbstractProblemLoader Loading environment from /home/runner/work/key/key/key.core/../key.ui/examples/performance-test/AccessChain4(AccessChain4__foo_08()).JML_operation_contract.0.key.proof 
123745     DEBUG main            d.u.i.k.p.i.AbstractProblemLoader Environment load took 10.27ms 
123748     INFO  main            d.u.i.k.p.i.AbstractProblemLoader Creating init config 
127512     DEBUG main            d.u.i.k.j.r.ClassPreparationMethodBuilder clPrepBuilder: Inner Class detected. Reject building class initialisation methods. 
136709     DEBUG main            d.u.i.k.p.i.AbstractProblemLoader Init config took 12.96s 
136877     INFO  main            d.u.i.k.p.i.AbstractProblemLoader Replaying proof AccessChain4[AccessChain4::foo_8()].JML operation contract.0 
138252     DEBUG main            d.u.i.k.p.i.IntermediateProofReplayer Proof replay took 1.33s 
138260     DEBUG main            d.u.i.k.p.r.p.TestFile    ... success: reloaded. 
138271     INFO  main            d.u.i.k.p.r.p.TestFile    Now processing file /home/runner/work/key/key/key.core/../key.ui/examples/performance-test/Disjoint(Disjoint__xZero_08()).JML_operation_contract.0.key 
138271     INFO  main            d.u.i.k.p.i.AbstractProblemLoader Loading environment from /home/runner/work/key/key/key.core/../key.ui/examples/performance-test/Disjoint(Disjoint__xZero_08()).JML_operation_contract.0.key 
138271     DEBUG main            d.u.i.k.p.i.AbstractProblemLoader Environment load took 145.2ns 
138273     INFO  main            d.u.i.k.p.i.AbstractProblemLoader Creating init config 
142507     DEBUG main            d.u.i.k.j.r.ClassPreparationMethodBuilder clPrepBuilder: Inner Class detected. Reject building class initialisation methods. 
152027     DEBUG main            d.u.i.k.p.i.AbstractProblemLoader Init config took 13.75s 
152154     INFO  main            d.u.i.k.p.i.AbstractProblemLoader Replaying proof Disjoint[Disjoint::xZero_8()].JML operation contract.0 
152161     DEBUG main            d.u.i.k.p.i.IntermediateProofReplayer Proof replay took 14.7ns 
153573     INFO  main            d.u.i.k.p.r.p.TestFile    ... finished proof: closed. 
154054     INFO  main            d.u.i.k.p.i.AbstractProblemLoader Loading environment from /home/runner/work/key/key/key.core/../key.ui/examples/performance-test/Disjoint(Disjoint__xZero_08()).JML_operation_contract.0.key.proof 
154055     DEBUG main            d.u.i.k.p.i.AbstractProblemLoader Environment load took 281.2ns 
154056     INFO  main            d.u.i.k.p.i.AbstractProblemLoader Creating init config 
157971     DEBUG main            d.u.i.k.j.r.ClassPreparationMethodBuilder clPrepBuilder: Inner Class detected. Reject building class initialisation methods. 
167281     DEBUG main            d.u.i.k.p.i.AbstractProblemLoader Init config took 13.23s 
167403     INFO  main            d.u.i.k.p.i.AbstractProblemLoader Replaying proof Disjoint[Disjoint::xZero_8()].JML operation contract.0 
167680     DEBUG main            d.u.i.k.p.i.IntermediateProofReplayer Proof replay took 269.41ms 
167682     DEBUG main            d.u.i.k.p.r.p.TestFile    ... success: reloaded. 
167684     INFO  main            d.u.i.k.p.r.p.TestFile    Now processing file /home/runner/work/key/key/key.core/../key.ui/examples/performance-test/Dynamic(Dynamic__foo_08()).JML_operation_contract.0.key 
167684     INFO  main            d.u.i.k.p.i.AbstractProblemLoader Loading environment from /home/runner/work/key/key/key.core/../key.ui/examples/performance-test/Dynamic(Dynamic__foo_08()).JML_operation_contract.0.key 
167684     DEBUG main            d.u.i.k.p.i.AbstractProblemLoader Environment load took 150.5ns 
167685     INFO  main            d.u.i.k.p.i.AbstractProblemLoader Creating init config 
171634     DEBUG main            d.u.i.k.j.r.ClassPreparationMethodBuilder clPrepBuilder: Inner Class detected. Reject building class initialisation methods. 
180465     DEBUG main            d.u.i.k.p.i.AbstractProblemLoader Init config took 12.78s 
180589     INFO  main            d.u.i.k.p.i.AbstractProblemLoader Replaying proof Dynamic[Dynamic::foo_8()].JML operation contract.0 
180593     DEBUG main            d.u.i.k.p.i.IntermediateProofReplayer Proof replay took 12.8ns 
187869     INFO  main            d.u.i.k.p.r.p.TestFile    ... finished proof: closed. 
188360     INFO  main            d.u.i.k.p.i.AbstractProblemLoader Loading environment from /home/runner/work/key/key/key.core/../key.ui/examples/performance-test/Dynamic(Dynamic__foo_08()).JML_operation_contract.0.key.proof 
188361     DEBUG main            d.u.i.k.p.i.AbstractProblemLoader Environment load took 702.61ns 
188363     INFO  main            d.u.i.k.p.i.AbstractProblemLoader Creating init config 
192078     DEBUG main            d.u.i.k.j.r.ClassPreparationMethodBuilder clPrepBuilder: Inner Class detected. Reject building class initialisation methods. 
200771     DEBUG main            d.u.i.k.p.i.AbstractProblemLoader Init config took 12.41s 
200922     INFO  main            d.u.i.k.p.i.AbstractProblemLoader Replaying proof Dynamic[Dynamic::foo_8()].JML operation contract.0 
201705     DEBUG main            d.u.i.k.p.i.IntermediateProofReplayer Proof replay took 757.03ms 
201707     DEBUG main            d.u.i.k.p.r.p.TestFile    ... success: reloaded. 
201709     INFO  main            d.u.i.k.p.r.p.TestFile    Now processing file /home/runner/work/key/key/key.core/../key.ui/examples/performance-test/DynamicGhost(DynamicGhost__dynamicGhost_08()).JML_normal_behavior_operation_contract.0.key 
201709     INFO  main            d.u.i.k.p.i.AbstractProblemLoader Loading environment from /home/runner/work/key/key/key.core/../key.ui/examples/performance-test/DynamicGhost(DynamicGhost__dynamicGhost_08()).JML_normal_behavior_operation_contract.0.key 
201709     DEBUG main            d.u.i.k.p.i.AbstractProblemLoader Environment load took 100.6ns 
201710     INFO  main            d.u.i.k.p.i.AbstractProblemLoader Creating init config 
205488     DEBUG main            d.u.i.k.j.r.ClassPreparationMethodBuilder clPrepBuilder: Inner Class detected. Reject building class initialisation methods. 
214328     DEBUG main            d.u.i.k.p.i.AbstractProblemLoader Init config took 12.62s 
214446     INFO  main            d.u.i.k.p.i.AbstractProblemLoader Replaying proof DynamicGhost[DynamicGhost::dynamicGhost_8()].JML normal_behavior operation contract.0 
214448     DEBUG main            d.u.i.k.p.i.IntermediateProofReplayer Proof replay took 11.6ns 
220181     INFO  main            d.u.i.k.p.r.p.TestFile    ... finished proof: closed. 
220705     INFO  main            d.u.i.k.p.i.AbstractProblemLoader Loading environment from /home/runner/work/key/key/key.core/../key.ui/examples/performance-test/DynamicGhost(DynamicGhost__dynamicGhost_08()).JML_normal_behavior_operation_contract.0.key.proof 
220705     DEBUG main            d.u.i.k.p.i.AbstractProblemLoader Environment load took 318.5ns 
220709     INFO  main            d.u.i.k.p.i.AbstractProblemLoader Creating init config 
224425     DEBUG main            d.u.i.k.j.r.ClassPreparationMethodBuilder clPrepBuilder: Inner Class detected. Reject building class initialisation methods. 
233162     DEBUG main            d.u.i.k.p.i.AbstractProblemLoader Init config took 12.45s 
233286     INFO  main            d.u.i.k.p.i.AbstractProblemLoader Replaying proof DynamicGhost[DynamicGhost::dynamicGhost_8()].JML normal_behavior operation contract.0 
234116     DEBUG main            d.u.i.k.p.i.IntermediateProofReplayer Proof replay took 805.17ms 
234119     DEBUG main            d.u.i.k.p.r.p.TestFile    ... success: reloaded. 
234121     INFO  main            d.u.i.k.p.r.p.TestFile    Now processing file /home/runner/work/key/key/key.core/../key.ui/examples/performance-test/GhostFrame(GhostFrame__foo_08()).JML_operation_contract.0.key 
234122     INFO  main            d.u.i.k.p.i.AbstractProblemLoader Loading environment from /home/runner/work/key/key/key.core/../key.ui/examples/performance-test/GhostFrame(GhostFrame__foo_08()).JML_operation_contract.0.key 
234122     DEBUG main            d.u.i.k.p.i.AbstractProblemLoader Environment load took 406.81ns 
234137     INFO  main            d.u.i.k.p.i.AbstractProblemLoader Creating init config 
238052     DEBUG main            d.u.i.k.j.r.ClassPreparationMethodBuilder clPrepBuilder: Inner Class detected. Reject building class initialisation methods. 
247090     DEBUG main            d.u.i.k.p.i.AbstractProblemLoader Init config took 12.95s 
247210     INFO  main            d.u.i.k.p.i.AbstractProblemLoader Replaying proof GhostFrame[GhostFrame::foo_8()].JML operation contract.0 
247213     DEBUG main            d.u.i.k.p.i.IntermediateProofReplayer Proof replay took 32ns 
249922     INFO  main            d.u.i.k.p.r.p.TestFile    ... finished proof: closed. 
250476     INFO  main            d.u.i.k.p.i.AbstractProblemLoader Loading environment from /home/runner/work/key/key/key.core/../key.ui/examples/performance-test/GhostFrame(GhostFrame__foo_08()).JML_operation_contract.0.key.proof 
250477     DEBUG main            d.u.i.k.p.i.AbstractProblemLoader Environment load took 779.31ns 
250479     INFO  main            d.u.i.k.p.i.AbstractProblemLoader Creating init config 
254408     DEBUG main            d.u.i.k.j.r.ClassPreparationMethodBuilder clPrepBuilder: Inner Class detected. Reject building class initialisation methods. 
263653     DEBUG main            d.u.i.k.p.i.AbstractProblemLoader Init config took 13.17s 
263790     INFO  main            d.u.i.k.p.i.AbstractProblemLoader Replaying proof GhostFrame[GhostFrame::foo_8()].JML operation contract.0 
264325     DEBUG main            d.u.i.k.p.i.IntermediateProofReplayer Proof replay took 525.71ms 
264327     DEBUG main            d.u.i.k.p.r.p.TestFile    ... success: reloaded. 
264329     INFO  main            d.u.i.k.p.r.p.TestFile    Now processing file /home/runner/work/key/key/key.core/../key.ui/examples/performance-test/Modelfield(Modelfield__foo_08()).JML_operation_contract.0.key 
264329     INFO  main            d.u.i.k.p.i.AbstractProblemLoader Loading environment from /home/runner/work/key/key/key.core/../key.ui/examples/performance-test/Modelfield(Modelfield__foo_08()).JML_operation_contract.0.key 
264329     DEBUG main            d.u.i.k.p.i.AbstractProblemLoader Environment load took 216.8ns 
264331     INFO  main            d.u.i.k.p.i.AbstractProblemLoader Creating init config 
268354     DEBUG main            d.u.i.k.j.r.ClassPreparationMethodBuilder clPrepBuilder: Inner Class detected. Reject building class initialisation methods. 
277230     DEBUG main            d.u.i.k.p.i.AbstractProblemLoader Init config took 12.9s 
277343     INFO  main            d.u.i.k.p.i.AbstractProblemLoader Replaying proof Modelfield[Modelfield::foo_8()].JML operation contract.0 
277346     DEBUG main            d.u.i.k.p.i.IntermediateProofReplayer Proof replay took 6.7ns 
281380     INFO  main            d.u.i.k.p.r.p.TestFile    ... finished proof: closed. 
281919     INFO  main            d.u.i.k.p.i.AbstractProblemLoader Loading environment from /home/runner/work/key/key/key.core/../key.ui/examples/performance-test/Modelfield(Modelfield__foo_08()).JML_operation_contract.0.key.proof 
281919     DEBUG main            d.u.i.k.p.i.AbstractProblemLoader Environment load took 639.81ns 
281921     INFO  main            d.u.i.k.p.i.AbstractProblemLoader Creating init config 
285568     DEBUG main            d.u.i.k.j.r.ClassPreparationMethodBuilder clPrepBuilder: Inner Class detected. Reject building class initialisation methods. 
294318     DEBUG main            d.u.i.k.p.i.AbstractProblemLoader Init config took 12.4s 
294433     INFO  main            d.u.i.k.p.i.AbstractProblemLoader Replaying proof Modelfield[Modelfield::foo_8()].JML operation contract.0 
295004     DEBUG main            d.u.i.k.p.i.IntermediateProofReplayer Proof replay took 556.79ms 
295006     DEBUG main            d.u.i.k.p.r.p.TestFile    ... success: reloaded. 
491321     INFO  Test worker     d.u.i.k.p.r.RunAllProofsTestUnit Returning from test performance 
491323     INFO  Test worker     d.u.i.k.p.r.RunAllProofsTestUnit Running test performancePOConstruction 
426        INFO  Timeout watchdog d.u.i.k.p.r.p.ForkedTestFileRunner Timeout watcher launched (2000 secs.) 
447        WARN  main            d.u.i.k.s.ProofSettings   The settings in /home/runner/.key/proof-settings.props are *not* read. 
518        INFO  main            d.u.i.k.p.r.p.TestFile    Now processing file /home/runner/work/key/key/key.core/../key.ui/examples/performance-test/Test(Test__a0(int)).JML_normal_behavior_operation_contract.0.key 
668        INFO  main            d.u.i.k.p.i.AbstractProblemLoader Loading environment from /home/runner/work/key/key/key.core/../key.ui/examples/performance-test/Test(Test__a0(int)).JML_normal_behavior_operation_contract.0.key 
691        DEBUG main            d.u.i.k.p.i.AbstractProblemLoader Environment load took 2.65ms 
1040       INFO  main            d.u.i.k.p.i.AbstractProblemLoader Creating init config 
2194       DEBUG main            d.u.i.k.j.TypeConverter   No LDT found for Meta 
2196       DEBUG main            d.u.i.k.j.TypeConverter   No LDT found for Meta 
2198       DEBUG main            d.u.i.k.j.TypeConverter   No LDT found for Meta 
2198       DEBUG main            d.u.i.k.j.TypeConverter   No LDT found for Meta 
4068       DEBUG main            d.u.i.k.j.TypeConverter   No LDT found for JavaBigintExpression 
11569      DEBUG main            d.u.i.k.j.r.ClassPreparationMethodBuilder clPrepBuilder: Inner Class detected. Reject building class initialisation methods. 
22299      DEBUG main            d.u.i.k.p.i.AbstractProblemLoader Init config took 21.26s 
23974      INFO  main            d.u.i.k.p.i.AbstractProblemLoader Replaying proof Test[Test::a0(int)].JML normal_behavior operation contract.0 
24062      DEBUG main            d.u.i.k.p.i.IntermediateProofReplayer Proof replay took 61.4ns 
24547      INFO  main            d.u.i.k.p.r.p.TestFile    ... finished proof: closed. 
24791      INFO  main            d.u.i.k.p.i.AbstractProblemLoader Loading environment from /home/runner/work/key/key/key.core/../key.ui/examples/performance-test/Test(Test__a0(int)).JML_normal_behavior_operation_contract.0.key.proof 
24791      DEBUG main            d.u.i.k.p.i.AbstractProblemLoader Environment load took 197.6ns 
24794      INFO  main            d.u.i.k.p.i.AbstractProblemLoader Creating init config 
29224      DEBUG main            d.u.i.k.j.r.ClassPreparationMethodBuilder clPrepBuilder: Inner Class detected. Reject building class initialisation methods. 
38840      DEBUG main            d.u.i.k.p.i.AbstractProblemLoader Init config took 14.05s 
40180      INFO  main            d.u.i.k.p.i.AbstractProblemLoader Replaying proof Test[Test::a0(int)].JML normal_behavior operation contract.0 
40216      DEBUG main            d.u.i.k.p.i.IntermediateProofReplayer Proof replay took 30.13ms 
40226      DEBUG main            d.u.i.k.p.r.p.TestFile    ... success: reloaded. 
40229      INFO  main            d.u.i.k.p.r.p.TestFile    Now processing file /home/runner/work/key/key/key.core/../key.ui/examples/performance-test/Test(Test__a1(int)).JML_normal_behavior_operation_contract.0.key 
40230      INFO  main            d.u.i.k.p.i.AbstractProblemLoader Loading environment from /home/runner/work/key/key/key.core/../key.ui/examples/performance-test/Test(Test__a1(int)).JML_normal_behavior_operation_contract.0.key 
40230      DEBUG main            d.u.i.k.p.i.AbstractProblemLoader Environment load took 311.4ns 
40235      INFO  main            d.u.i.k.p.i.AbstractProblemLoader Creating init config 
44331      DEBUG main            d.u.i.k.j.r.ClassPreparationMethodBuilder clPrepBuilder: Inner Class detected. Reject building class initialisation methods. 
53766      DEBUG main            d.u.i.k.p.i.AbstractProblemLoader Init config took 13.53s 
55040      INFO  main            d.u.i.k.p.i.AbstractProblemLoader Replaying proof Test[Test::a1(int)].JML normal_behavior operation contract.0 
55044      DEBUG main            d.u.i.k.p.i.IntermediateProofReplayer Proof replay took 8.7ns 
55652      INFO  main            d.u.i.k.p.r.p.TestFile    ... finished proof: closed. 
56000      INFO  main            d.u.i.k.p.i.AbstractProblemLoader Loading environment from /home/runner/work/key/key/key.core/../key.ui/examples/performance-test/Test(Test__a1(int)).JML_normal_behavior_operation_contract.0.key.proof 
56002      DEBUG main            d.u.i.k.p.i.AbstractProblemLoader Environment load took 2.12ms 
56004      INFO  main            d.u.i.k.p.i.AbstractProblemLoader Creating init config 
59833      DEBUG main            d.u.i.k.j.r.ClassPreparationMethodBuilder clPrepBuilder: Inner Class detected. Reject building class initialisation methods. 
68757      DEBUG main            d.u.i.k.p.i.AbstractProblemLoader Init config took 12.75s 
70065      INFO  main            d.u.i.k.p.i.AbstractProblemLoader Replaying proof Test[Test::a1(int)].JML normal_behavior operation contract.0 
70225      DEBUG main            d.u.i.k.p.i.IntermediateProofReplayer Proof replay took 154.86ms 
70231      DEBUG main            d.u.i.k.p.r.p.TestFile    ... success: reloaded. 
70235      INFO  main            d.u.i.k.p.r.p.TestFile    Now processing file /home/runner/work/key/key/key.core/../key.ui/examples/performance-test/Test(Test__f1(int)).JML_normal_behavior_operation_contract.0.key 
70236      INFO  main            d.u.i.k.p.i.AbstractProblemLoader Loading environment from /home/runner/work/key/key/key.core/../key.ui/examples/performance-test/Test(Test__f1(int)).JML_normal_behavior_operation_contract.0.key 
70236      DEBUG main            d.u.i.k.p.i.AbstractProblemLoader Environment load took 271.2ns 
70239      INFO  main            d.u.i.k.p.i.AbstractProblemLoader Creating init config 
74079      DEBUG main            d.u.i.k.j.r.ClassPreparationMethodBuilder clPrepBuilder: Inner Class detected. Reject building class initialisation methods. 
82658      DEBUG main            d.u.i.k.p.i.AbstractProblemLoader Init config took 12.42s 
83982      INFO  main            d.u.i.k.p.i.AbstractProblemLoader Replaying proof Test[Test::f1(int)].JML normal_behavior operation contract.0 
83984      DEBUG main            d.u.i.k.p.i.IntermediateProofReplayer Proof replay took 6.1ns 
84292      INFO  main            d.u.i.k.p.r.p.TestFile    ... finished proof: closed. 
84615      INFO  main            d.u.i.k.p.i.AbstractProblemLoader Loading environment from /home/runner/work/key/key/key.core/../key.ui/examples/performance-test/Test(Test__f1(int)).JML_normal_behavior_operation_contract.0.key.proof 
84621      DEBUG main            d.u.i.k.p.i.AbstractProblemLoader Environment load took 5.31ms 
84622      INFO  main            d.u.i.k.p.i.AbstractProblemLoader Creating init config 
88225      DEBUG main            d.u.i.k.j.r.ClassPreparationMethodBuilder clPrepBuilder: Inner Class detected. Reject building class initialisation methods. 
96655      DEBUG main            d.u.i.k.p.i.AbstractProblemLoader Init config took 12.03s 
97871      INFO  main            d.u.i.k.p.i.AbstractProblemLoader Replaying proof Test[Test::f1(int)].JML normal_behavior operation contract.0 
97953      DEBUG main            d.u.i.k.p.i.IntermediateProofReplayer Proof replay took 77.59ms 
97955      DEBUG main            d.u.i.k.p.r.p.TestFile    ... success: reloaded. 
589514     INFO  Test worker     d.u.i.k.p.r.RunAllProofsTestUnit Returning from test performancePOConstruction 
589518     INFO  Test worker     d.u.i.k.p.r.RunAllProofsTestUnit Running test applicationRestrictions 
412        INFO  Timeout watchdog d.u.i.k.p.r.p.ForkedTestFileRunner Timeout watcher launched (2000 secs.) 
427        WARN  main            d.u.i.k.s.ProofSettings   The settings in /home/runner/.key/proof-settings.props are *not* read. 
462        INFO  main            d.u.i.k.p.r.p.TestFile    Now processing file /home/runner/work/key/key/key.core/../key.ui/examples/heap/polarity_tests/wellformed1.key 
617        INFO  main            d.u.i.k.p.i.AbstractProblemLoader Loading environment from /home/runner/work/key/key/key.core/../key.ui/examples/heap/polarity_tests/wellformed1.key 
647        DEBUG main            d.u.i.k.p.i.AbstractProblemLoader Environment load took 3.95ms 
949        INFO  main            d.u.i.k.p.i.AbstractProblemLoader Creating init config 
2342       DEBUG main            d.u.i.k.j.TypeConverter   No LDT found for Meta 
2343       DEBUG main            d.u.i.k.j.TypeConverter   No LDT found for Meta 
2345       DEBUG main            d.u.i.k.j.TypeConverter   No LDT found for Meta 
2345       DEBUG main            d.u.i.k.j.TypeConverter   No LDT found for Meta 
4038       DEBUG main            d.u.i.k.j.TypeConverter   No LDT found for JavaBigintExpression 
10371      DEBUG main            d.u.i.k.p.i.AbstractProblemLoader Init config took 9.42s 
10443      INFO  main            d.u.i.k.p.i.AbstractProblemLoader Replaying proof wellformed1.key 
10488      DEBUG main            d.u.i.k.p.i.IntermediateProofReplayer Proof replay took 39.2ns 
10680      INFO  main            d.u.i.k.p.r.p.TestFile    ... finished proof: closed. 
10801      INFO  main            d.u.i.k.p.i.AbstractProblemLoader Loading environment from /home/runner/work/key/key/key.core/../key.ui/examples/heap/polarity_tests/wellformed1.key.proof 
10802      DEBUG main            d.u.i.k.p.i.AbstractProblemLoader Environment load took 592.61ns 
10809      INFO  main            d.u.i.k.p.i.AbstractProblemLoader Creating init config 
14100      DEBUG main            d.u.i.k.p.i.AbstractProblemLoader Init config took 3.29s 
14138      INFO  main            d.u.i.k.p.i.AbstractProblemLoader Replaying proof wellformed1.key.proof 
14147      DEBUG main            d.u.i.k.p.i.IntermediateProofReplayer Proof replay took 4.74ms 
14160      DEBUG main            d.u.i.k.p.r.p.TestFile    ... success: reloaded. 
14162      INFO  main            d.u.i.k.p.r.p.TestFile    Now processing file /home/runner/work/key/key/key.core/../key.ui/examples/heap/polarity_tests/wellformed2.key 
14162      INFO  main            d.u.i.k.p.i.AbstractProblemLoader Loading environment from /home/runner/work/key/key/key.core/../key.ui/examples/heap/polarity_tests/wellformed2.key 
14162      DEBUG main            d.u.i.k.p.i.AbstractProblemLoader Environment load took 262.5ns 
14164      INFO  main            d.u.i.k.p.i.AbstractProblemLoader Creating init config 
17293      DEBUG main            d.u.i.k.p.i.AbstractProblemLoader Init config took 3.13s 
17329      INFO  main            d.u.i.k.p.i.AbstractProblemLoader Replaying proof wellformed2.key 
17332      DEBUG main            d.u.i.k.p.i.IntermediateProofReplayer Proof replay took 6.6ns 
17438      INFO  main            d.u.i.k.p.r.p.TestFile    ... finished proof: open goal(s) 
17595      INFO  main            d.u.i.k.p.r.p.TestFile    Now processing file /home/runner/work/key/key/key.core/../key.ui/examples/heap/polarity_tests/wellformed3.key 
17595      INFO  main            d.u.i.k.p.i.AbstractProblemLoader Loading environment from /home/runner/work/key/key/key.core/../key.ui/examples/heap/polarity_tests/wellformed3.key 
17595      DEBUG main            d.u.i.k.p.i.AbstractProblemLoader Environment load took 82.4ns 
17598      INFO  main            d.u.i.k.p.i.AbstractProblemLoader Creating init config 
20884      DEBUG main            d.u.i.k.p.i.AbstractProblemLoader Init config took 3.29s 
20923      INFO  main            d.u.i.k.p.i.AbstractProblemLoader Replaying proof wellformed3.key 
20929      DEBUG main            d.u.i.k.p.i.IntermediateProofReplayer Proof replay took 8.6ns 
21033      INFO  main            d.u.i.k.p.r.p.TestFile    ... finished proof: closed. 
21195      INFO  main            d.u.i.k.p.i.AbstractProblemLoader Loading environment from /home/runner/work/key/key/key.core/../key.ui/examples/heap/polarity_tests/wellformed3.key.proof 
21195      DEBUG main            d.u.i.k.p.i.AbstractProblemLoader Environment load took 136.5ns 
21198      INFO  main            d.u.i.k.p.i.AbstractProblemLoader Creating init config 
24375      DEBUG main            d.u.i.k.p.i.AbstractProblemLoader Init config took 3.18s 
24403      INFO  main            d.u.i.k.p.i.AbstractProblemLoader Replaying proof wellformed3.key.proof 
24408      DEBUG main            d.u.i.k.p.i.IntermediateProofReplayer Proof replay took 2.4ms 
24409      DEBUG main            d.u.i.k.p.r.p.TestFile    ... success: reloaded. 
24410      INFO  main            d.u.i.k.p.r.p.TestFile    Now processing file /home/runner/work/key/key/key.core/../key.ui/examples/heap/polarity_tests/wellformed4.key 
24411      INFO  main            d.u.i.k.p.i.AbstractProblemLoader Loading environment from /home/runner/work/key/key/key.core/../key.ui/examples/heap/polarity_tests/wellformed4.key 
24411      DEBUG main            d.u.i.k.p.i.AbstractProblemLoader Environment load took 286ns 
24413      INFO  main            d.u.i.k.p.i.AbstractProblemLoader Creating init config 
27424      DEBUG main            d.u.i.k.p.i.AbstractProblemLoader Init config took 3.01s 
27448      INFO  main            d.u.i.k.p.i.AbstractProblemLoader Replaying proof wellformed4.key 
27451      DEBUG main            d.u.i.k.p.i.IntermediateProofReplayer Proof replay took 6.3ns 
27555      INFO  main            d.u.i.k.p.r.p.TestFile    ... finished proof: open goal(s) 
27728      INFO  main            d.u.i.k.p.r.p.TestFile    Now processing file /home/runner/work/key/key/key.core/../key.ui/examples/heap/polarity_tests/wellformed5.key 
27728      INFO  main            d.u.i.k.p.i.AbstractProblemLoader Loading environment from /home/runner/work/key/key/key.core/../key.ui/examples/heap/polarity_tests/wellformed5.key 
27729      DEBUG main            d.u.i.k.p.i.AbstractProblemLoader Environment load took 96.6ns 
27730      INFO  main            d.u.i.k.p.i.AbstractProblemLoader Creating init config 
30601      DEBUG main            d.u.i.k.p.i.AbstractProblemLoader Init config took 2.87s 
30623      INFO  main            d.u.i.k.p.i.AbstractProblemLoader Replaying proof wellformed5.key 
30624      DEBUG main            d.u.i.k.p.i.IntermediateProofReplayer Proof replay took 6.2ns 
30729      INFO  main            d.u.i.k.p.r.p.TestFile    ... finished proof: closed. 
30916      INFO  main            d.u.i.k.p.i.AbstractProblemLoader Loading environment from /home/runner/work/key/key/key.core/../key.ui/examples/heap/polarity_tests/wellformed5.key.proof 
30916      DEBUG main            d.u.i.k.p.i.AbstractProblemLoader Environment load took 143.7ns 
30918      INFO  main            d.u.i.k.p.i.AbstractProblemLoader Creating init config 
33861      DEBUG main            d.u.i.k.p.i.AbstractProblemLoader Init config took 2.94s 
33887      INFO  main            d.u.i.k.p.i.AbstractProblemLoader Replaying proof wellformed5.key.proof 
33898      DEBUG main            d.u.i.k.p.i.IntermediateProofReplayer Proof replay took 5.24ms 
33899      DEBUG main            d.u.i.k.p.r.p.TestFile    ... success: reloaded. 
33900      INFO  main            d.u.i.k.p.r.p.TestFile    Now processing file /home/runner/work/key/key/key.core/../key.ui/examples/heap/polarity_tests/wellformed6.key 
33901      INFO  main            d.u.i.k.p.i.AbstractProblemLoader Loading environment from /home/runner/work/key/key/key.core/../key.ui/examples/heap/polarity_tests/wellformed6.key 
33901      DEBUG main            d.u.i.k.p.i.AbstractProblemLoader Environment load took 119.7ns 
33903      INFO  main            d.u.i.k.p.i.AbstractProblemLoader Creating init config 
36926      DEBUG main            d.u.i.k.p.i.AbstractProblemLoader Init config took 3.02s 
36955      INFO  main            d.u.i.k.p.i.AbstractProblemLoader Replaying proof wellformed6.key 
36957      DEBUG main            d.u.i.k.p.i.IntermediateProofReplayer Proof replay took 6.4ns 
37060      INFO  main            d.u.i.k.p.r.p.TestFile    ... finished proof: open goal(s) 
37234      INFO  main            d.u.i.k.p.r.p.TestFile    Now processing file /home/runner/work/key/key/key.core/../key.ui/examples/heap/polarity_tests/wellformed7.key 
37234      INFO  main            d.u.i.k.p.i.AbstractProblemLoader Loading environment from /home/runner/work/key/key/key.core/../key.ui/examples/heap/polarity_tests/wellformed7.key 
37234      DEBUG main            d.u.i.k.p.i.AbstractProblemLoader Environment load took 166ns 
37236      INFO  main            d.u.i.k.p.i.AbstractProblemLoader Creating init config 
40235      DEBUG main            d.u.i.k.p.i.AbstractProblemLoader Init config took 3s 
40257      INFO  main            d.u.i.k.p.i.AbstractProblemLoader Replaying proof wellformed7.key 
40259      DEBUG main            d.u.i.k.p.i.IntermediateProofReplayer Proof replay took 6.5ns 
40362      INFO  main            d.u.i.k.p.r.p.TestFile    ... finished proof: closed. 
40602      INFO  main            d.u.i.k.p.i.AbstractProblemLoader Loading environment from /home/runner/work/key/key/key.core/../key.ui/examples/heap/polarity_tests/wellformed7.key.proof 
40602      DEBUG main            d.u.i.k.p.i.AbstractProblemLoader Environment load took 127.3ns 
40603      INFO  main            d.u.i.k.p.i.AbstractProblemLoader Creating init config 
43534      DEBUG main            d.u.i.k.p.i.AbstractProblemLoader Init config took 2.93s 
43557      INFO  main            d.u.i.k.p.i.AbstractProblemLoader Replaying proof wellformed7.key.proof 
43561      DEBUG main            d.u.i.k.p.i.IntermediateProofReplayer Proof replay took 1.96ms 
43562      DEBUG main            d.u.i.k.p.r.p.TestFile    ... success: reloaded. 
43564      INFO  main            d.u.i.k.p.r.p.TestFile    Now processing file /home/runner/work/key/key/key.core/../key.ui/examples/heap/polarity_tests/wellformed8.key 
43564      INFO  main            d.u.i.k.p.i.AbstractProblemLoader Loading environment from /home/runner/work/key/key/key.core/../key.ui/examples/heap/polarity_tests/wellformed8.key 
43564      DEBUG main            d.u.i.k.p.i.AbstractProblemLoader Environment load took 245.3ns 
43565      INFO  main            d.u.i.k.p.i.AbstractProblemLoader Creating init config 
46522      DEBUG main            d.u.i.k.p.i.AbstractProblemLoader Init config took 2.96s 
46542      INFO  main            d.u.i.k.p.i.AbstractProblemLoader Replaying proof wellformed8.key 
46544      DEBUG main            d.u.i.k.p.i.IntermediateProofReplayer Proof replay took 8.9ns 
46650      INFO  main            d.u.i.k.p.r.p.TestFile    ... finished proof: open goal(s) 
46852      INFO  main            d.u.i.k.p.r.p.TestFile    Now processing file /home/runner/work/key/key/key.core/../key.ui/examples/heap/polarity_tests/wellformed9.key 
46853      INFO  main            d.u.i.k.p.i.AbstractProblemLoader Loading environment from /home/runner/work/key/key/key.core/../key.ui/examples/heap/polarity_tests/wellformed9.key 
46853      DEBUG main            d.u.i.k.p.i.AbstractProblemLoader Environment load took 82.1ns 
46854      INFO  main            d.u.i.k.p.i.AbstractProblemLoader Creating init config 
49906      DEBUG main            d.u.i.k.p.i.AbstractProblemLoader Init config took 3.05s 
49927      INFO  main            d.u.i.k.p.i.AbstractProblemLoader Replaying proof wellformed9.key 
49930      DEBUG main            d.u.i.k.p.i.IntermediateProofReplayer Proof replay took 9.2ns 
50034      INFO  main            d.u.i.k.p.r.p.TestFile    ... finished proof: closed. 
50225      INFO  main            d.u.i.k.p.i.AbstractProblemLoader Loading environment from /home/runner/work/key/key/key.core/../key.ui/examples/heap/polarity_tests/wellformed9.key.proof 
50226      DEBUG main            d.u.i.k.p.i.AbstractProblemLoader Environment load took 630.61ns 
50228      INFO  main            d.u.i.k.p.i.AbstractProblemLoader Creating init config 
53307      DEBUG main            d.u.i.k.p.i.AbstractProblemLoader Init config took 3.08s 
53327      INFO  main            d.u.i.k.p.i.AbstractProblemLoader Replaying proof wellformed9.key.proof 
53331      DEBUG main            d.u.i.k.p.i.IntermediateProofReplayer Proof replay took 1.78ms 
53332      DEBUG main            d.u.i.k.p.r.p.TestFile    ... success: reloaded. 
53333      INFO  main            d.u.i.k.p.r.p.TestFile    Now processing file /home/runner/work/key/key/key.core/../key.ui/examples/heap/polarity_tests/wellformed10.key 
53333      INFO  main            d.u.i.k.p.i.AbstractProblemLoader Loading environment from /home/runner/work/key/key/key.core/../key.ui/examples/heap/polarity_tests/wellformed10.key 
53334      DEBUG main            d.u.i.k.p.i.AbstractProblemLoader Environment load took 131.7ns 
53335      INFO  main            d.u.i.k.p.i.AbstractProblemLoader Creating init config 
56357      DEBUG main            d.u.i.k.p.i.AbstractProblemLoader Init config took 3.02s 
56381      INFO  main            d.u.i.k.p.i.AbstractProblemLoader Replaying proof wellformed10.key 
56383      DEBUG main            d.u.i.k.p.i.IntermediateProofReplayer Proof replay took 8.2ns 
56490      INFO  main            d.u.i.k.p.r.p.TestFile    ... finished proof: open goal(s) 
56696      INFO  main            d.u.i.k.p.r.p.TestFile    Now processing file /home/runner/work/key/key/key.core/../key.ui/examples/heap/polarity_tests/wellformed11.key 
56697      INFO  main            d.u.i.k.p.i.AbstractProblemLoader Loading environment from /home/runner/work/key/key/key.core/../key.ui/examples/heap/polarity_tests/wellformed11.key 
56697      DEBUG main            d.u.i.k.p.i.AbstractProblemLoader Environment load took 95.7ns 
56698      INFO  main            d.u.i.k.p.i.AbstractProblemLoader Creating init config 
59709      DEBUG main            d.u.i.k.p.i.AbstractProblemLoader Init config took 3.01s 
59730      INFO  main            d.u.i.k.p.i.AbstractProblemLoader Replaying proof wellformed11.key 
59732      DEBUG main            d.u.i.k.p.i.IntermediateProofReplayer Proof replay took 8.4ns 
59838      INFO  main            d.u.i.k.p.r.p.TestFile    ... finished proof: open goal(s) 
649769     INFO  Test worker     d.u.i.k.p.r.RunAllProofsTestUnit Returning from test applicationRestrictions 
649773     INFO  Test worker     d.u.i.k.p.r.RunAllProofsTestUnit Running test blockContracts 
454        INFO  Timeout watchdog d.u.i.k.p.r.p.ForkedTestFileRunner Timeout watcher launched (2000 secs.) 
488        WARN  main            d.u.i.k.s.ProofSettings   The settings in /home/runner/.key/proof-settings.props are *not* read. 
531        INFO  main            d.u.i.k.p.r.p.TestFile    Now processing file /home/runner/work/key/key/key.core/../key.ui/examples/heap/block_contracts/Simple__add.key 
672        INFO  main            d.u.i.k.p.i.AbstractProblemLoader Loading environment from /home/runner/work/key/key/key.core/../key.ui/examples/heap/block_contracts/Simple__add.key 
694        DEBUG main            d.u.i.k.p.i.AbstractProblemLoader Environment load took 2.93ms 
998        INFO  main            d.u.i.k.p.i.AbstractProblemLoader Creating init config 
2264       DEBUG main            d.u.i.k.j.TypeConverter   No LDT found for Meta 
2265       DEBUG main            d.u.i.k.j.TypeConverter   No LDT found for Meta 
2266       DEBUG main            d.u.i.k.j.TypeConverter   No LDT found for Meta 
2267       DEBUG main            d.u.i.k.j.TypeConverter   No LDT found for Meta 
4142       DEBUG main            d.u.i.k.j.TypeConverter   No LDT found for JavaBigintExpression 
11388      DEBUG main            d.u.i.k.p.i.AbstractProblemLoader Init config took 10.39s 
11565      INFO  main            d.u.i.k.p.i.AbstractProblemLoader Replaying proof Simple[Simple::add(int,int)].JML operation contract.0 
11707      DEBUG main            d.u.i.k.p.i.IntermediateProofReplayer Proof replay took 489.51ns 
12868      INFO  main            d.u.i.k.p.r.p.TestFile    ... finished proof: closed. 
13081      INFO  main            d.u.i.k.p.i.AbstractProblemLoader Loading environment from /home/runner/work/key/key/key.core/../key.ui/examples/heap/block_contracts/Simple__add.key.proof 
13083      DEBUG main            d.u.i.k.p.i.AbstractProblemLoader Environment load took 1.97ms 
13087      INFO  main            d.u.i.k.p.i.AbstractProblemLoader Creating init config 
17371      DEBUG main            d.u.i.k.p.i.AbstractProblemLoader Init config took 4.28s 
17471      INFO  main            d.u.i.k.p.i.AbstractProblemLoader Replaying proof Simple[Simple::add(int,int)].JML operation contract.0 
17630      DEBUG main            d.u.i.k.p.i.IntermediateProofReplayer Proof replay took 153ms 
17641      DEBUG main            d.u.i.k.p.r.p.TestFile    ... success: reloaded. 
17647      INFO  main            d.u.i.k.p.r.p.TestFile    Now processing file /home/runner/work/key/key/key.core/../key.ui/examples/heap/block_contracts/Simple__addAbsoluteValues.key 
17647      INFO  main            d.u.i.k.p.i.AbstractProblemLoader Loading environment from /home/runner/work/key/key/key.core/../key.ui/examples/heap/block_contracts/Simple__addAbsoluteValues.key 
17648      DEBUG main            d.u.i.k.p.i.AbstractProblemLoader Environment load took 315.9ns 
17652      INFO  main            d.u.i.k.p.i.AbstractProblemLoader Creating init config 
21784      DEBUG main            d.u.i.k.p.i.AbstractProblemLoader Init config took 4.13s 
21901      INFO  main            d.u.i.k.p.i.AbstractProblemLoader Replaying proof Simple[Simple::addAbsoluteValues(int,int)].JML normal_behavior operation contract.0 
21905      DEBUG main            d.u.i.k.p.i.IntermediateProofReplayer Proof replay took 33ns 
23618      INFO  main            d.u.i.k.p.r.p.TestFile    ... finished proof: closed. 
23857      INFO  main            d.u.i.k.p.i.AbstractProblemLoader Loading environment from /home/runner/work/key/key/key.core/../key.ui/examples/heap/block_contracts/Simple__addAbsoluteValues.key.proof 
23858      DEBUG main            d.u.i.k.p.i.AbstractProblemLoader Environment load took 682.91ns 
23863      INFO  main            d.u.i.k.p.i.AbstractProblemLoader Creating init config 
27767      DEBUG main            d.u.i.k.p.i.AbstractProblemLoader Init config took 3.9s 
27890      INFO  main            d.u.i.k.p.i.AbstractProblemLoader Replaying proof Simple[Simple::addAbsoluteValues(int,int)].JML normal_behavior operation contract.0 
28285      DEBUG main            d.u.i.k.p.i.IntermediateProofReplayer Proof replay took 379.25ms 
28288      DEBUG main            d.u.i.k.p.r.p.TestFile    ... success: reloaded. 
28290      INFO  main            d.u.i.k.p.r.p.TestFile    Now processing file /home/runner/work/key/key/key.core/../key.ui/examples/heap/block_contracts/Simple__addWithJump.key 
28291      INFO  main            d.u.i.k.p.i.AbstractProblemLoader Loading environment from /home/runner/work/key/key/key.core/../key.ui/examples/heap/block_contracts/Simple__addWithJump.key 
28291      DEBUG main            d.u.i.k.p.i.AbstractProblemLoader Environment load took 287.1ns 
28293      INFO  main            d.u.i.k.p.i.AbstractProblemLoader Creating init config 
32238      DEBUG main            d.u.i.k.p.i.AbstractProblemLoader Init config took 3.95s 
32320      INFO  main            d.u.i.k.p.i.AbstractProblemLoader Replaying proof Simple[Simple::addWithJump(int,int,int)].JML operation contract.0 
32323      DEBUG main            d.u.i.k.p.i.IntermediateProofReplayer Proof replay took 15.9ns 
32527      INFO  main            d.u.i.k.p.r.p.TestFile    ... finished proof: closed. 
32750      INFO  main            d.u.i.k.p.i.AbstractProblemLoader Loading environment from /home/runner/work/key/key/key.core/../key.ui/examples/heap/block_contracts/Simple__addWithJump.key.proof 
32751      DEBUG main            d.u.i.k.p.i.AbstractProblemLoader Environment load took 162.5ns 
32753      INFO  main            d.u.i.k.p.i.AbstractProblemLoader Creating init config 
36377      DEBUG main            d.u.i.k.p.i.AbstractProblemLoader Init config took 3.62s 
36457      INFO  main            d.u.i.k.p.i.AbstractProblemLoader Replaying proof Simple[Simple::addWithJump(int,int,int)].JML operation contract.0 
36524      DEBUG main            d.u.i.k.p.i.IntermediateProofReplayer Proof replay took 61.52ms 
36526      DEBUG main            d.u.i.k.p.r.p.TestFile    ... success: reloaded. 
36528      INFO  main            d.u.i.k.p.r.p.TestFile    Now processing file /home/runner/work/key/key/key.core/../key.ui/examples/heap/block_contracts/Simple__addWithTwoBlockContracts.key 
36528      INFO  main            d.u.i.k.p.i.AbstractProblemLoader Loading environment from /home/runner/work/key/key/key.core/../key.ui/examples/heap/block_contracts/Simple__addWithTwoBlockContracts.key 
36529      DEBUG main            d.u.i.k.p.i.AbstractProblemLoader Environment load took 352.4ns 
36532      INFO  main            d.u.i.k.p.i.AbstractProblemLoader Creating init config 
40327      DEBUG main            d.u.i.k.p.i.AbstractProblemLoader Init config took 3.79s 
40380      INFO  main            d.u.i.k.p.i.AbstractProblemLoader Replaying proof Simple[Simple::addWithTwoBlockContracts(int,int,int)].JML operation contract.0 
40383      DEBUG main            d.u.i.k.p.i.IntermediateProofReplayer Proof replay took 14ns 
40690      INFO  main            d.u.i.k.p.r.p.TestFile    ... finished proof: closed. 
40895      INFO  main            d.u.i.k.p.i.AbstractProblemLoader Loading environment from /home/runner/work/key/key/key.core/../key.ui/examples/heap/block_contracts/Simple__addWithTwoBlockContracts.key.proof 
40896      DEBUG main            d.u.i.k.p.i.AbstractProblemLoader Environment load took 664.31ns 
40897      INFO  main            d.u.i.k.p.i.AbstractProblemLoader Creating init config 
44572      DEBUG main            d.u.i.k.p.i.AbstractProblemLoader Init config took 3.67s 
44642      INFO  main            d.u.i.k.p.i.AbstractProblemLoader Replaying proof Simple[Simple::addWithTwoBlockContracts(int,int,int)].JML operation contract.0 
44730      DEBUG main            d.u.i.k.p.i.IntermediateProofReplayer Proof replay took 80.84ms 
44732      DEBUG main            d.u.i.k.p.r.p.TestFile    ... success: reloaded. 
44733      INFO  main            d.u.i.k.p.r.p.TestFile    Now processing file /home/runner/work/key/key/key.core/../key.ui/examples/heap/block_contracts/Simple__generateByteArray.key 
44734      INFO  main            d.u.i.k.p.i.AbstractProblemLoader Loading environment from /home/runner/work/key/key/key.core/../key.ui/examples/heap/block_contracts/Simple__generateByteArray.key 
44734      DEBUG main            d.u.i.k.p.i.AbstractProblemLoader Environment load took 288.8ns 
44735      INFO  main            d.u.i.k.p.i.AbstractProblemLoader Creating init config 
48457      DEBUG main            d.u.i.k.p.i.AbstractProblemLoader Init config took 3.72s 
48543      INFO  main            d.u.i.k.p.i.AbstractProblemLoader Replaying proof Simple[Simple::generateByteArray()].JML normal_behavior operation contract.0 
48547      DEBUG main            d.u.i.k.p.i.IntermediateProofReplayer Proof replay took 11ns 
51259      INFO  main            d.u.i.k.p.r.p.TestFile    ... finished proof: closed. 
51576      INFO  main            d.u.i.k.p.i.AbstractProblemLoader Loading environment from /home/runner/work/key/key/key.core/../key.ui/examples/heap/block_contracts/Simple__generateByteArray.key.proof 
51577      DEBUG main            d.u.i.k.p.i.AbstractProblemLoader Environment load took 603.81ns 
51581      INFO  main            d.u.i.k.p.i.AbstractProblemLoader Creating init config 
55262      DEBUG main            d.u.i.k.p.i.AbstractProblemLoader Init config took 3.68s 
55313      INFO  main            d.u.i.k.p.i.AbstractProblemLoader Replaying proof Simple[Simple::generateByteArray()].JML normal_behavior operation contract.0 
55743      DEBUG main            d.u.i.k.p.i.IntermediateProofReplayer Proof replay took 411.7ms 
55745      DEBUG main            d.u.i.k.p.r.p.TestFile    ... success: reloaded. 
55746      INFO  main            d.u.i.k.p.r.p.TestFile    Now processing file /home/runner/work/key/key/key.core/../key.ui/examples/heap/block_contracts/Simple__getLength.key 
55747      INFO  main            d.u.i.k.p.i.AbstractProblemLoader Loading environment from /home/runner/work/key/key/key.core/../key.ui/examples/heap/block_contracts/Simple__getLength.key 
55747      DEBUG main            d.u.i.k.p.i.AbstractProblemLoader Environment load took 294.2ns 
55748      INFO  main            d.u.i.k.p.i.AbstractProblemLoader Creating init config 
59380      DEBUG main            d.u.i.k.p.i.AbstractProblemLoader Init config took 3.63s 
59435      INFO  main            d.u.i.k.p.i.AbstractProblemLoader Replaying proof Simple[Simple::getLength()].JML normal_behavior operation contract.0 
59439      DEBUG main            d.u.i.k.p.i.IntermediateProofReplayer Proof replay took 14.6ns 
59543      INFO  main            d.u.i.k.p.r.p.TestFile    ... finished proof: closed. 
59797      INFO  main            d.u.i.k.p.i.AbstractProblemLoader Loading environment from /home/runner/work/key/key/key.core/../key.ui/examples/heap/block_contracts/Simple__getLength.key.proof 
59797      DEBUG main            d.u.i.k.p.i.AbstractProblemLoader Environment load took 133.8ns 
59798      INFO  main            d.u.i.k.p.i.AbstractProblemLoader Creating init config 
63164      DEBUG main            d.u.i.k.p.i.AbstractProblemLoader Init config took 3.37s 
63217      INFO  main            d.u.i.k.p.i.AbstractProblemLoader Replaying proof Simple[Simple::getLength()].JML normal_behavior operation contract.0 
63229      DEBUG main            d.u.i.k.p.i.IntermediateProofReplayer Proof replay took 9.84ms 
63230      DEBUG main            d.u.i.k.p.r.p.TestFile    ... success: reloaded. 
63231      INFO  main            d.u.i.k.p.r.p.TestFile    Now processing file /home/runner/work/key/key/key.core/../key.ui/examples/heap/block_contracts/Simple__square.key 
63232      INFO  main            d.u.i.k.p.i.AbstractProblemLoader Loading environment from /home/runner/work/key/key/key.core/../key.ui/examples/heap/block_contracts/Simple__square.key 
63232      DEBUG main            d.u.i.k.p.i.AbstractProblemLoader Environment load took 168.6ns 
63233      INFO  main            d.u.i.k.p.i.AbstractProblemLoader Creating init config 
66672      DEBUG main            d.u.i.k.p.i.AbstractProblemLoader Init config took 3.44s 
66721      INFO  main            d.u.i.k.p.i.AbstractProblemLoader Replaying proof Simple[Simple::square(int)].JML operation contract.0 
66723      DEBUG main            d.u.i.k.p.i.IntermediateProofReplayer Proof replay took 12ns 
67126      INFO  main            d.u.i.k.p.r.p.TestFile    ... finished proof: closed. 
67354      INFO  main            d.u.i.k.p.i.AbstractProblemLoader Loading environment from /home/runner/work/key/key/key.core/../key.ui/examples/heap/block_contracts/Simple__square.key.proof 
67355      DEBUG main            d.u.i.k.p.i.AbstractProblemLoader Environment load took 899.31ns 
67356      INFO  main            d.u.i.k.p.i.AbstractProblemLoader Creating init config 
70825      DEBUG main            d.u.i.k.p.i.AbstractProblemLoader Init config took 3.47s 
70879      INFO  main            d.u.i.k.p.i.AbstractProblemLoader Replaying proof Simple[Simple::square(int)].JML operation contract.0 
71006      DEBUG main            d.u.i.k.p.i.IntermediateProofReplayer Proof replay took 123.4ms 
71007      DEBUG main            d.u.i.k.p.r.p.TestFile    ... success: reloaded. 
71008      INFO  main            d.u.i.k.p.r.p.TestFile    Now processing file /home/runner/work/key/key/key.core/../key.ui/examples/heap/block_contracts/Simple__unnecessaryBlockContract.key 
71009      INFO  main            d.u.i.k.p.i.AbstractProblemLoader Loading environment from /home/runner/work/key/key/key.core/../key.ui/examples/heap/block_contracts/Simple__unnecessaryBlockContract.key 
71009      DEBUG main            d.u.i.k.p.i.AbstractProblemLoader Environment load took 276.6ns 
71011      INFO  main            d.u.i.k.p.i.AbstractProblemLoader Creating init config 
74619      DEBUG main            d.u.i.k.p.i.AbstractProblemLoader Init config took 3.61s 
74669      INFO  main            d.u.i.k.p.i.AbstractProblemLoader Replaying proof Simple[Simple::unnecessaryBlockContract()].JML operation contract.0 
74671      DEBUG main            d.u.i.k.p.i.IntermediateProofReplayer Proof replay took 17.6ns 
74777      INFO  main            d.u.i.k.p.r.p.TestFile    ... finished proof: closed. 
75024      INFO  main            d.u.i.k.p.i.AbstractProblemLoader Loading environment from /home/runner/work/key/key/key.core/../key.ui/examples/heap/block_contracts/Simple__unnecessaryBlockContract.key.proof 
75024      DEBUG main            d.u.i.k.p.i.AbstractProblemLoader Environment load took 146.1ns 
75026      INFO  main            d.u.i.k.p.i.AbstractProblemLoader Creating init config 
78569      DEBUG main            d.u.i.k.p.i.AbstractProblemLoader Init config took 3.54s 
78619      INFO  main            d.u.i.k.p.i.AbstractProblemLoader Replaying proof Simple[Simple::unnecessaryBlockContract()].JML operation contract.0 
78651      DEBUG main            d.u.i.k.p.i.IntermediateProofReplayer Proof replay took 29.79ms 
78652      DEBUG main            d.u.i.k.p.r.p.TestFile    ... success: reloaded. 
78653      INFO  main            d.u.i.k.p.r.p.TestFile    Now processing file /home/runner/work/key/key/key.core/../key.ui/examples/heap/block_contracts/Simple__unnecessaryLoopInvariant.key 
78654      INFO  main            d.u.i.k.p.i.AbstractProblemLoader Loading environment from /home/runner/work/key/key/key.core/../key.ui/examples/heap/block_contracts/Simple__unnecessaryLoopInvariant.key 
78654      DEBUG main            d.u.i.k.p.i.AbstractProblemLoader Environment load took 194.1ns 
78655      INFO  main            d.u.i.k.p.i.AbstractProblemLoader Creating init config 
81991      DEBUG main            d.u.i.k.p.i.AbstractProblemLoader Init config took 3.34s 
82054      INFO  main            d.u.i.k.p.i.AbstractProblemLoader Replaying proof Simple[Simple::unnecessaryLoopInvariant()].JML operation contract.0 
82057      DEBUG main            d.u.i.k.p.i.IntermediateProofReplayer Proof replay took 12.9ns 
82161      INFO  main            d.u.i.k.p.r.p.TestFile    ... finished proof: closed. 
82425      INFO  main            d.u.i.k.p.i.AbstractProblemLoader Loading environment from /home/runner/work/key/key/key.core/../key.ui/examples/heap/block_contracts/Simple__unnecessaryLoopInvariant.key.proof 
82425      DEBUG main            d.u.i.k.p.i.AbstractProblemLoader Environment load took 135.6ns 
82426      INFO  main            d.u.i.k.p.i.AbstractProblemLoader Creating init config 
86030      DEBUG main            d.u.i.k.p.i.AbstractProblemLoader Init config took 3.6s 
86075      INFO  main            d.u.i.k.p.i.AbstractProblemLoader Replaying proof Simple[Simple::unnecessaryLoopInvariant()].JML operation contract.0 
86093      DEBUG main            d.u.i.k.p.i.IntermediateProofReplayer Proof replay took 15.91ms 
86095      DEBUG main            d.u.i.k.p.r.p.TestFile    ... success: reloaded. 
86096      INFO  main            d.u.i.k.p.r.p.TestFile    Now processing file /home/runner/work/key/key/key.core/../key.ui/examples/standard_key/java_dl/jml-assert/assert.key 
86096      INFO  main            d.u.i.k.p.i.AbstractProblemLoader Loading environment from /home/runner/work/key/key/key.core/../key.ui/examples/standard_key/java_dl/jml-assert/assert.key 
86097      DEBUG main            d.u.i.k.p.i.AbstractProblemLoader Environment load took 153.3ns 
86098      INFO  main            d.u.i.k.p.i.AbstractProblemLoader Creating init config 
89666      DEBUG main            d.u.i.k.p.i.AbstractProblemLoader Init config took 3.57s 
89719      INFO  main            d.u.i.k.p.i.AbstractProblemLoader Replaying proof Assert[Assert::createArray(int)].JML normal_behavior operation contract.0 
89720      DEBUG main            d.u.i.k.p.i.IntermediateProofReplayer Proof replay took 7.6ns 
90025      INFO  main            d.u.i.k.p.r.p.TestFile    ... finished proof: closed. 
90308      INFO  main            d.u.i.k.p.i.AbstractProblemLoader Loading environment from /home/runner/work/key/key/key.core/../key.ui/examples/standard_key/java_dl/jml-assert/assert.key.proof 
90309      DEBUG main            d.u.i.k.p.i.AbstractProblemLoader Environment load took 629.11ns 
90311      INFO  main            d.u.i.k.p.i.AbstractProblemLoader Creating init config 
93517      DEBUG main            d.u.i.k.p.i.AbstractProblemLoader Init config took 3.21s 
93565      INFO  main            d.u.i.k.p.i.AbstractProblemLoader Replaying proof Assert[Assert::createArray(int)].JML normal_behavior operation contract.0 
93643      DEBUG main            d.u.i.k.p.i.IntermediateProofReplayer Proof replay took 74.68ms 
93645      DEBUG main            d.u.i.k.p.r.p.TestFile    ... success: reloaded. 
93647      INFO  main            d.u.i.k.p.r.p.TestFile    Now processing file /home/runner/work/key/key/key.core/../key.ui/examples/standard_key/java_dl/jml-assert/assert_assume_order.key 
93648      INFO  main            d.u.i.k.p.i.AbstractProblemLoader Loading environment from /home/runner/work/key/key/key.core/../key.ui/examples/standard_key/java_dl/jml-assert/assert_assume_order.key 
93648      DEBUG main            d.u.i.k.p.i.AbstractProblemLoader Environment load took 390.3ns 
93649      INFO  main            d.u.i.k.p.i.AbstractProblemLoader Creating init config 
96710      DEBUG main            d.u.i.k.p.i.AbstractProblemLoader Init config took 3.06s 
96782      INFO  main            d.u.i.k.p.i.AbstractProblemLoader Replaying proof AssertAssume[AssertAssume::singleAssumeAssert(int)].JML normal_behavior operation contract.0 
96784      DEBUG main            d.u.i.k.p.i.IntermediateProofReplayer Proof replay took 8.2ns 
96887      INFO  main            d.u.i.k.p.r.p.TestFile    ... finished proof: closed. 
97169      INFO  main            d.u.i.k.p.i.AbstractProblemLoader Loading environment from /home/runner/work/key/key/key.core/../key.ui/examples/standard_key/java_dl/jml-assert/assert_assume_order.key.proof 
97169      DEBUG main            d.u.i.k.p.i.AbstractProblemLoader Environment load took 149.7ns 
97171      INFO  main            d.u.i.k.p.i.AbstractProblemLoader Creating init config 
100468     DEBUG main            d.u.i.k.p.i.AbstractProblemLoader Init config took 3.3s 
100525     INFO  main            d.u.i.k.p.i.AbstractProblemLoader Replaying proof AssertAssume[AssertAssume::singleAssumeAssert(int)].JML normal_behavior operation contract.0 
100560     DEBUG main            d.u.i.k.p.i.IntermediateProofReplayer Proof replay took 31.59ms 
100561     DEBUG main            d.u.i.k.p.r.p.TestFile    ... success: reloaded. 
100562     INFO  main            d.u.i.k.p.r.p.TestFile    Now processing file /home/runner/work/key/key/key.core/../key.ui/examples/heap/block_loop_contracts/SimpleVariants/sum_onBlock_external.key 
100563     INFO  main            d.u.i.k.p.i.AbstractProblemLoader Loading environment from /home/runner/work/key/key/key.core/../key.ui/examples/heap/block_loop_contracts/SimpleVariants/sum_onBlock_external.key 
100563     DEBUG main            d.u.i.k.p.i.AbstractProblemLoader Environment load took 269.2ns 
100565     INFO  main            d.u.i.k.p.i.AbstractProblemLoader Creating init config 
104101     DEBUG main            d.u.i.k.p.i.AbstractProblemLoader Init config took 3.54s 
104146     INFO  main            d.u.i.k.p.i.AbstractProblemLoader Replaying proof LoopContractExamplesAll[LoopContractExamplesAll::sum_loopContract_onBlock([I)].JML normal_behavior operation contract.0 
104149     DEBUG main            d.u.i.k.p.i.IntermediateProofReplayer Proof replay took 14ns 
104353     INFO  main            d.u.i.k.p.r.p.TestFile    ... finished proof: closed. 
104650     INFO  main            d.u.i.k.p.i.AbstractProblemLoader Loading environment from /home/runner/work/key/key/key.core/../key.ui/examples/heap/block_loop_contracts/SimpleVariants/sum_onBlock_external.key.proof 
104650     DEBUG main            d.u.i.k.p.i.AbstractProblemLoader Environment load took 132.7ns 
104651     INFO  main            d.u.i.k.p.i.AbstractProblemLoader Creating init config 
108038     DEBUG main            d.u.i.k.p.i.AbstractProblemLoader Init config took 3.39s 
108093     INFO  main            d.u.i.k.p.i.AbstractProblemLoader Replaying proof LoopContractExamplesAll[LoopContractExamplesAll::sum_loopContract_onBlock([I)].JML normal_behavior operation contract.0 
108144     DEBUG main            d.u.i.k.p.i.IntermediateProofReplayer Proof replay took 47.83ms 
108147     DEBUG main            d.u.i.k.p.r.p.TestFile    ... success: reloaded. 
108150     INFO  main            d.u.i.k.p.r.p.TestFile    Now processing file /home/runner/work/key/key/key.core/../key.ui/examples/heap/block_loop_contracts/SimpleVariants/sum_onBlock_internal.key 
108151     INFO  main            d.u.i.k.p.i.AbstractProblemLoader Loading environment from /home/runner/work/key/key/key.core/../key.ui/examples/heap/block_loop_contracts/SimpleVariants/sum_onBlock_internal.key 
108151     DEBUG main            d.u.i.k.p.i.AbstractProblemLoader Environment load took 140.5ns 
108152     INFO  main            d.u.i.k.p.i.AbstractProblemLoader Creating init config 
111571     DEBUG main            d.u.i.k.p.i.AbstractProblemLoader Init config took 3.42s 
111615     INFO  main            d.u.i.k.p.i.AbstractProblemLoader Replaying proof LoopContractExamplesAll[LoopContractExamplesAll::sum_loopContract_onBlock([I)].JML normal_behavior operation contract.0 
111618     DEBUG main            d.u.i.k.p.i.IntermediateProofReplayer Proof replay took 14ns 
112525     INFO  main            d.u.i.k.p.r.p.TestFile    ... finished proof: closed. 
112843     INFO  main            d.u.i.k.p.i.AbstractProblemLoader Loading environment from /home/runner/work/key/key/key.core/../key.ui/examples/heap/block_loop_contracts/SimpleVariants/sum_onBlock_internal.key.proof 
112843     DEBUG main            d.u.i.k.p.i.AbstractProblemLoader Environment load took 629.71ns 
112845     INFO  main            d.u.i.k.p.i.AbstractProblemLoader Creating init config 
116119     DEBUG main            d.u.i.k.p.i.AbstractProblemLoader Init config took 3.27s 
116172     INFO  main            d.u.i.k.p.i.AbstractProblemLoader Replaying proof LoopContractExamplesAll[LoopContractExamplesAll::sum_loopContract_onBlock([I)].JML normal_behavior operation contract.0 
116491     DEBUG main            d.u.i.k.p.i.IntermediateProofReplayer Proof replay took 315.15ms 
116493     DEBUG main            d.u.i.k.p.r.p.TestFile    ... success: reloaded. 
116494     INFO  main            d.u.i.k.p.r.p.TestFile    Now processing file /home/runner/work/key/key/key.core/../key.ui/examples/heap/block_loop_contracts/SimpleVariants/sum_onBlock_loop.key 
116495     INFO  main            d.u.i.k.p.i.AbstractProblemLoader Loading environment from /home/runner/work/key/key/key.core/../key.ui/examples/heap/block_loop_contracts/SimpleVariants/sum_onBlock_loop.key 
116495     DEBUG main            d.u.i.k.p.i.AbstractProblemLoader Environment load took 260.7ns 
116496     INFO  main            d.u.i.k.p.i.AbstractProblemLoader Creating init config 
119796     DEBUG main            d.u.i.k.p.i.AbstractProblemLoader Init config took 3.3s 
119837     INFO  main            d.u.i.k.p.i.AbstractProblemLoader Replaying proof LoopContractExamplesAll[LoopContractExamplesAll::sum_loopContract_onBlock([I)].JML normal_behavior loop contract.0 
119839     DEBUG main            d.u.i.k.p.i.IntermediateProofReplayer Proof replay took 14.7ns 
120843     INFO  main            d.u.i.k.p.r.p.TestFile    ... finished proof: closed. 
121191     INFO  main            d.u.i.k.p.i.AbstractProblemLoader Loading environment from /home/runner/work/key/key/key.core/../key.ui/examples/heap/block_loop_contracts/SimpleVariants/sum_onBlock_loop.key.proof 
121192     DEBUG main            d.u.i.k.p.i.AbstractProblemLoader Environment load took 589.11ns 
121193     INFO  main            d.u.i.k.p.i.AbstractProblemLoader Creating init config 
124255     DEBUG main            d.u.i.k.p.i.AbstractProblemLoader Init config took 3.06s 
124312     INFO  main            d.u.i.k.p.i.AbstractProblemLoader Replaying proof LoopContractExamplesAll[LoopContractExamplesAll::sum_loopContract_onBlock([I)].JML normal_behavior loop contract.0 
124639     DEBUG main            d.u.i.k.p.i.IntermediateProofReplayer Proof replay took 322ms 
124640     DEBUG main            d.u.i.k.p.r.p.TestFile    ... success: reloaded. 
124642     INFO  main            d.u.i.k.p.r.p.TestFile    Now processing file /home/runner/work/key/key/key.core/../key.ui/examples/heap/block_loop_contracts/SimpleVariants/sum_onLoop_external.key 
124642     INFO  main            d.u.i.k.p.i.AbstractProblemLoader Loading environment from /home/runner/work/key/key/key.core/../key.ui/examples/heap/block_loop_contracts/SimpleVariants/sum_onLoop_external.key 
124642     DEBUG main            d.u.i.k.p.i.AbstractProblemLoader Environment load took 292.9ns 
124644     INFO  main            d.u.i.k.p.i.AbstractProblemLoader Creating init config 
127786     DEBUG main            d.u.i.k.p.i.AbstractProblemLoader Init config took 3.14s 
127822     INFO  main            d.u.i.k.p.i.AbstractProblemLoader Replaying proof LoopContractExamplesAll[LoopContractExamplesAll::sum_loopContract_onLoop([I)].JML normal_behavior operation contract.0 
127823     DEBUG main            d.u.i.k.p.i.IntermediateProofReplayer Proof replay took 12.2ns 
128029     INFO  main            d.u.i.k.p.r.p.TestFile    ... finished proof: closed. 
128397     INFO  main            d.u.i.k.p.i.AbstractProblemLoader Loading environment from /home/runner/work/key/key/key.core/../key.ui/examples/heap/block_loop_contracts/SimpleVariants/sum_onLoop_external.key.proof 
128397     DEBUG main            d.u.i.k.p.i.AbstractProblemLoader Environment load took 222ns 
128400     INFO  main            d.u.i.k.p.i.AbstractProblemLoader Creating init config 
131434     DEBUG main            d.u.i.k.p.i.AbstractProblemLoader Init config took 3.03s 
131477     INFO  main            d.u.i.k.p.i.AbstractProblemLoader Replaying proof LoopContractExamplesAll[LoopContractExamplesAll::sum_loopContract_onLoop([I)].JML normal_behavior operation contract.0 
131516     DEBUG main            d.u.i.k.p.i.IntermediateProofReplayer Proof replay took 36.16ms 
131517     DEBUG main            d.u.i.k.p.r.p.TestFile    ... success: reloaded. 
131517     INFO  main            d.u.i.k.p.r.p.TestFile    Now processing file /home/runner/work/key/key/key.core/../key.ui/examples/heap/block_loop_contracts/SimpleVariants/sum_onLoop_internal.key 
131518     INFO  main            d.u.i.k.p.i.AbstractProblemLoader Loading environment from /home/runner/work/key/key/key.core/../key.ui/examples/heap/block_loop_contracts/SimpleVariants/sum_onLoop_internal.key 
131518     DEBUG main            d.u.i.k.p.i.AbstractProblemLoader Environment load took 103.2ns 
131519     INFO  main            d.u.i.k.p.i.AbstractProblemLoader Creating init config 
134739     DEBUG main            d.u.i.k.p.i.AbstractProblemLoader Init config took 3.22s 
134777     INFO  main            d.u.i.k.p.i.AbstractProblemLoader Replaying proof LoopContractExamplesAll[LoopContractExamplesAll::sum_loopContract_onLoop([I)].JML normal_behavior operation contract.0 
134779     DEBUG main            d.u.i.k.p.i.IntermediateProofReplayer Proof replay took 12.3ns 
135583     INFO  main            d.u.i.k.p.r.p.TestFile    ... finished proof: closed. 
135944     INFO  main            d.u.i.k.p.i.AbstractProblemLoader Loading environment from /home/runner/work/key/key/key.core/../key.ui/examples/heap/block_loop_contracts/SimpleVariants/sum_onLoop_internal.key.proof 
135945     DEBUG main            d.u.i.k.p.i.AbstractProblemLoader Environment load took 167.9ns 
135946     INFO  main            d.u.i.k.p.i.AbstractProblemLoader Creating init config 
139075     DEBUG main            d.u.i.k.p.i.AbstractProblemLoader Init config took 3.13s 
139119     INFO  main            d.u.i.k.p.i.AbstractProblemLoader Replaying proof LoopContractExamplesAll[LoopContractExamplesAll::sum_loopContract_onLoop([I)].JML normal_behavior operation contract.0 
139431     DEBUG main            d.u.i.k.p.i.IntermediateProofReplayer Proof replay took 305.61ms 
139433     DEBUG main            d.u.i.k.p.r.p.TestFile    ... success: reloaded. 
139434     INFO  main            d.u.i.k.p.r.p.TestFile    Now processing file /home/runner/work/key/key/key.core/../key.ui/examples/heap/block_loop_contracts/SimpleVariants/sum_onLoop_loop.key 
139435     INFO  main            d.u.i.k.p.i.AbstractProblemLoader Loading environment from /home/runner/work/key/key/key.core/../key.ui/examples/heap/block_loop_contracts/SimpleVariants/sum_onLoop_loop.key 
139435     DEBUG main            d.u.i.k.p.i.AbstractProblemLoader Environment load took 255.4ns 
139439     INFO  main            d.u.i.k.p.i.AbstractProblemLoader Creating init config 
142780     DEBUG main            d.u.i.k.p.i.AbstractProblemLoader Init config took 3.34s 
142822     INFO  main            d.u.i.k.p.i.AbstractProblemLoader Replaying proof LoopContractExamplesAll[LoopContractExamplesAll::sum_loopContract_onLoop([I)].JML normal_behavior loop contract.0 
142824     DEBUG main            d.u.i.k.p.i.IntermediateProofReplayer Proof replay took 29.3ns 
143836     INFO  main            d.u.i.k.p.r.p.TestFile    ... finished proof: closed. 
144200     INFO  main            d.u.i.k.p.i.AbstractProblemLoader Loading environment from /home/runner/work/key/key/key.core/../key.ui/examples/heap/block_loop_contracts/SimpleVariants/sum_onLoop_loop.key.proof 
144203     DEBUG main            d.u.i.k.p.i.AbstractProblemLoader Environment load took 3.32ms 
144206     INFO  main            d.u.i.k.p.i.AbstractProblemLoader Creating init config 
147309     DEBUG main            d.u.i.k.p.i.AbstractProblemLoader Init config took 3.1s 
147363     INFO  main            d.u.i.k.p.i.AbstractProblemLoader Replaying proof LoopContractExamplesAll[LoopContractExamplesAll::sum_loopContract_onLoop([I)].JML normal_behavior loop contract.0 
147692     DEBUG main            d.u.i.k.p.i.IntermediateProofReplayer Proof replay took 322.61ms 
147695     DEBUG main            d.u.i.k.p.r.p.TestFile    ... success: reloaded. 
147697     INFO  main            d.u.i.k.p.r.p.TestFile    Now processing file /home/runner/work/key/key/key.core/../key.ui/examples/heap/block_loop_contracts/Free/blockContracts0.key 
147697     INFO  main            d.u.i.k.p.i.AbstractProblemLoader Loading environment from /home/runner/work/key/key/key.core/../key.ui/examples/heap/block_loop_contracts/Free/blockContracts0.key 
147698     DEBUG main            d.u.i.k.p.i.AbstractProblemLoader Environment load took 283.4ns 
147699     INFO  main            d.u.i.k.p.i.AbstractProblemLoader Creating init config 
150491     DEBUG main            d.u.i.k.p.i.AbstractProblemLoader Init config took 2.79s 
150533     INFO  main            d.u.i.k.p.i.AbstractProblemLoader Replaying proof FreeConditions[FreeConditions::blockContract0()].JML normal_behavior operation contract.0 
150536     DEBUG main            d.u.i.k.p.i.IntermediateProofReplayer Proof replay took 29.7ns 
150639     INFO  main            d.u.i.k.p.r.p.TestFile    ... finished proof: closed. 
150976     INFO  main            d.u.i.k.p.i.AbstractProblemLoader Loading environment from /home/runner/work/key/key/key.core/../key.ui/examples/heap/block_loop_contracts/Free/blockContracts0.key.proof 
150976     DEBUG main            d.u.i.k.p.i.AbstractProblemLoader Environment load took 109.8ns 
150977     INFO  main            d.u.i.k.p.i.AbstractProblemLoader Creating init config 
153621     DEBUG main            d.u.i.k.p.i.AbstractProblemLoader Init config took 2.64s 
153655     INFO  main            d.u.i.k.p.i.AbstractProblemLoader Replaying proof FreeConditions[FreeConditions::blockContract0()].JML normal_behavior operation contract.0 
153683     DEBUG main            d.u.i.k.p.i.IntermediateProofReplayer Proof replay took 25.37ms 
153684     DEBUG main            d.u.i.k.p.r.p.TestFile    ... success: reloaded. 
153685     INFO  main            d.u.i.k.p.r.p.TestFile    Now processing file /home/runner/work/key/key/key.core/../key.ui/examples/heap/block_loop_contracts/Free/blockContracts1.key 
153685     INFO  main            d.u.i.k.p.i.AbstractProblemLoader Loading environment from /home/runner/work/key/key/key.core/../key.ui/examples/heap/block_loop_contracts/Free/blockContracts1.key 
153685     DEBUG main            d.u.i.k.p.i.AbstractProblemLoader Environment load took 161.9ns 
153686     INFO  main            d.u.i.k.p.i.AbstractProblemLoader Creating init config 
156391     DEBUG main            d.u.i.k.p.i.AbstractProblemLoader Init config took 2.71s 
156427     INFO  main            d.u.i.k.p.i.AbstractProblemLoader Replaying proof FreeConditions[FreeConditions::blockContract1()].JML normal_behavior operation contract.0 
156430     DEBUG main            d.u.i.k.p.i.IntermediateProofReplayer Proof replay took 11.9ns 
156533     INFO  main            d.u.i.k.p.r.p.TestFile    ... finished proof: closed. 
156842     INFO  main            d.u.i.k.p.i.AbstractProblemLoader Loading environment from /home/runner/work/key/key/key.core/../key.ui/examples/heap/block_loop_contracts/Free/blockContracts1.key.proof 
156842     DEBUG main            d.u.i.k.p.i.AbstractProblemLoader Environment load took 167.6ns 
156843     INFO  main            d.u.i.k.p.i.AbstractProblemLoader Creating init config 
159541     DEBUG main            d.u.i.k.p.i.AbstractProblemLoader Init config took 2.7s 
159576     INFO  main            d.u.i.k.p.i.AbstractProblemLoader Replaying proof FreeConditions[FreeConditions::blockContract1()].JML normal_behavior operation contract.0 
159599     DEBUG main            d.u.i.k.p.i.IntermediateProofReplayer Proof replay took 21.35ms 
159601     DEBUG main            d.u.i.k.p.r.p.TestFile    ... success: reloaded. 
159602     INFO  main            d.u.i.k.p.r.p.TestFile    Now processing file /home/runner/work/key/key/key.core/../key.ui/examples/heap/block_loop_contracts/Finally/block_finally.key 
159602     INFO  main            d.u.i.k.p.i.AbstractProblemLoader Loading environment from /home/runner/work/key/key/key.core/../key.ui/examples/heap/block_loop_contracts/Finally/block_finally.key 
159602     DEBUG main            d.u.i.k.p.i.AbstractProblemLoader Environment load took 203.9ns 
159603     INFO  main            d.u.i.k.p.i.AbstractProblemLoader Creating init config 
162450     DEBUG main            d.u.i.k.p.i.AbstractProblemLoader Init config took 2.85s 
162485     INFO  main            d.u.i.k.p.i.AbstractProblemLoader Replaying proof AuxiliaryContractsFinally[AuxiliaryContractsFinally::breakThrowContinueBlockContract(java.lang.Exception)].JML block contract.0 
162488     DEBUG main            d.u.i.k.p.i.IntermediateProofReplayer Proof replay took 46ns 
163092     INFO  main            d.u.i.k.p.r.p.TestFile    ... finished proof: open goal(s) 
163405     INFO  main            d.u.i.k.p.r.p.TestFile    Now processing file /home/runner/work/key/key/key.core/../key.ui/examples/heap/block_loop_contracts/Finally/loop_finally.key 
163407     INFO  main            d.u.i.k.p.i.AbstractProblemLoader Loading environment from /home/runner/work/key/key/key.core/../key.ui/examples/heap/block_loop_contracts/Finally/loop_finally.key 
163407     DEBUG main            d.u.i.k.p.i.AbstractProblemLoader Environment load took 103.6ns 
163408     INFO  main            d.u.i.k.p.i.AbstractProblemLoader Creating init config 
166086     DEBUG main            d.u.i.k.p.i.AbstractProblemLoader Init config took 2.68s 
166126     INFO  main            d.u.i.k.p.i.AbstractProblemLoader Replaying proof AuxiliaryContractsFinally[AuxiliaryContractsFinally::breakThrowContinueLoopContract(java.lang.Exception)].JML normal_behavior loop contract.0 
166128     DEBUG main            d.u.i.k.p.i.IntermediateProofReplayer Proof replay took 12.2ns 
166941     INFO  main            d.u.i.k.p.r.p.TestFile    ... finished proof: open goal(s) 
817296     INFO  Test worker     d.u.i.k.p.r.RunAllProofsTestUnit Returning from test blockContracts 
817299     INFO  Test worker     d.u.i.k.p.r.RunAllProofsTestUnit Running test jmlAsserts 
415        INFO  Timeout watchdog d.u.i.k.p.r.p.ForkedTestFileRunner Timeout watcher launched (2000 secs.) 
436        WARN  main            d.u.i.k.s.ProofSettings   The settings in /home/runner/.key/proof-settings.props are *not* read. 
479        INFO  main            d.u.i.k.p.r.p.TestFile    Now processing file /home/runner/work/key/key/key.core/../key.ui/examples/standard_key/java_dl/jml-assert/assert.key 
628        INFO  main            d.u.i.k.p.i.AbstractProblemLoader Loading environment from /home/runner/work/key/key/key.core/../key.ui/examples/standard_key/java_dl/jml-assert/assert.key 
650        DEBUG main            d.u.i.k.p.i.AbstractProblemLoader Environment load took 2.94ms 
937        INFO  main            d.u.i.k.p.i.AbstractProblemLoader Creating init config 
2183       DEBUG main            d.u.i.k.j.TypeConverter   No LDT found for Meta 
2183       DEBUG main            d.u.i.k.j.TypeConverter   No LDT found for Meta 
2186       DEBUG main            d.u.i.k.j.TypeConverter   No LDT found for Meta 
2186       DEBUG main            d.u.i.k.j.TypeConverter   No LDT found for Meta 
3726       DEBUG main            d.u.i.k.j.TypeConverter   No LDT found for JavaBigintExpression 
10063      DEBUG main            d.u.i.k.p.i.AbstractProblemLoader Init config took 9.13s 
10270      INFO  main            d.u.i.k.p.i.AbstractProblemLoader Replaying proof Assert[Assert::createArray(int)].JML normal_behavior operation contract.0 
10317      DEBUG main            d.u.i.k.p.i.IntermediateProofReplayer Proof replay took 33.4ns 
11392      INFO  main            d.u.i.k.p.r.p.TestFile    ... finished proof: closed. 
11545      INFO  main            d.u.i.k.p.i.AbstractProblemLoader Loading environment from /home/runner/work/key/key/key.core/../key.ui/examples/standard_key/java_dl/jml-assert/assert.key.proof 
11547      DEBUG main            d.u.i.k.p.i.AbstractProblemLoader Environment load took 2.54ms 
11551      INFO  main            d.u.i.k.p.i.AbstractProblemLoader Creating init config 
15053      DEBUG main            d.u.i.k.p.i.AbstractProblemLoader Init config took 3.5s 
15123      INFO  main            d.u.i.k.p.i.AbstractProblemLoader Replaying proof Assert[Assert::createArray(int)].JML normal_behavior operation contract.0 
15298      DEBUG main            d.u.i.k.p.i.IntermediateProofReplayer Proof replay took 167.87ms 
15308      DEBUG main            d.u.i.k.p.r.p.TestFile    ... success: reloaded. 
15315      INFO  main            d.u.i.k.p.r.p.TestFile    Now processing file /home/runner/work/key/key/key.core/../key.ui/examples/heap/block_loop_contracts/Free/assertions0.key 
15315      INFO  main            d.u.i.k.p.i.AbstractProblemLoader Loading environment from /home/runner/work/key/key/key.core/../key.ui/examples/heap/block_loop_contracts/Free/assertions0.key 
15315      DEBUG main            d.u.i.k.p.i.AbstractProblemLoader Environment load took 264.8ns 
15319      INFO  main            d.u.i.k.p.i.AbstractProblemLoader Creating init config 
18476      DEBUG main            d.u.i.k.p.i.AbstractProblemLoader Init config took 3.16s 
18538      INFO  main            d.u.i.k.p.i.AbstractProblemLoader Replaying proof FreeConditions[FreeConditions::assertions0()].JML normal_behavior operation contract.0 
18543      DEBUG main            d.u.i.k.p.i.IntermediateProofReplayer Proof replay took 13.9ns 
18746      INFO  main            d.u.i.k.p.r.p.TestFile    ... finished proof: closed. 
18909      INFO  main            d.u.i.k.p.i.AbstractProblemLoader Loading environment from /home/runner/work/key/key/key.core/../key.ui/examples/heap/block_loop_contracts/Free/assertions0.key.proof 
18910      DEBUG main            d.u.i.k.p.i.AbstractProblemLoader Environment load took 698.21ns 
18912      INFO  main            d.u.i.k.p.i.AbstractProblemLoader Creating init config 
21930      DEBUG main            d.u.i.k.p.i.AbstractProblemLoader Init config took 3.02s 
21985      INFO  main            d.u.i.k.p.i.AbstractProblemLoader Replaying proof FreeConditions[FreeConditions::assertions0()].JML normal_behavior operation contract.0 
22018      DEBUG main            d.u.i.k.p.i.IntermediateProofReplayer Proof replay took 28.99ms 
22020      DEBUG main            d.u.i.k.p.r.p.TestFile    ... success: reloaded. 
22022      INFO  main            d.u.i.k.p.r.p.TestFile    Now processing file /home/runner/work/key/key/key.core/../key.ui/examples/heap/block_loop_contracts/Free/assertions1.key 
22023      INFO  main            d.u.i.k.p.i.AbstractProblemLoader Loading environment from /home/runner/work/key/key/key.core/../key.ui/examples/heap/block_loop_contracts/Free/assertions1.key 
22023      DEBUG main            d.u.i.k.p.i.AbstractProblemLoader Environment load took 263.3ns 
22025      INFO  main            d.u.i.k.p.i.AbstractProblemLoader Creating init config 
25033      DEBUG main            d.u.i.k.p.i.AbstractProblemLoader Init config took 3.01s 
25090      INFO  main            d.u.i.k.p.i.AbstractProblemLoader Replaying proof FreeConditions[FreeConditions::assertions1()].JML normal_behavior operation contract.0 
25093      DEBUG main            d.u.i.k.p.i.IntermediateProofReplayer Proof replay took 14ns 
25196      INFO  main            d.u.i.k.p.r.p.TestFile    ... finished proof: closed. 
25382      INFO  main            d.u.i.k.p.i.AbstractProblemLoader Loading environment from /home/runner/work/key/key/key.core/../key.ui/examples/heap/block_loop_contracts/Free/assertions1.key.proof 
25384      DEBUG main            d.u.i.k.p.i.AbstractProblemLoader Environment load took 134.7ns 
25385      INFO  main            d.u.i.k.p.i.AbstractProblemLoader Creating init config 
28248      DEBUG main            d.u.i.k.p.i.AbstractProblemLoader Init config took 2.86s 
28299      INFO  main            d.u.i.k.p.i.AbstractProblemLoader Replaying proof FreeConditions[FreeConditions::assertions1()].JML normal_behavior operation contract.0 
28309      DEBUG main            d.u.i.k.p.i.IntermediateProofReplayer Proof replay took 7.25ms 
28310      DEBUG main            d.u.i.k.p.r.p.TestFile    ... success: reloaded. 
28312      INFO  main            d.u.i.k.p.r.p.TestFile    Now processing file /home/runner/work/key/key/key.core/../key.ui/examples/standard_key/java_dl/jml-assert/recursion-assert.key 
28312      INFO  main            d.u.i.k.p.i.AbstractProblemLoader Loading environment from /home/runner/work/key/key/key.core/../key.ui/examples/standard_key/java_dl/jml-assert/recursion-assert.key 
28313      DEBUG main            d.u.i.k.p.i.AbstractProblemLoader Environment load took 276.9ns 
28314      INFO  main            d.u.i.k.p.i.AbstractProblemLoader Creating init config 
31505      DEBUG main            d.u.i.k.p.i.AbstractProblemLoader Init config took 3.19s 
31557      INFO  main            d.u.i.k.p.i.AbstractProblemLoader Replaying proof RecursiveMethod[RecursiveMethod::fac1(int)].JML normal_behavior operation contract.0 
31561      DEBUG main            d.u.i.k.p.i.IntermediateProofReplayer Proof replay took 6.5ns 
31865      INFO  main            d.u.i.k.p.r.p.TestFile    ... finished proof: closed. 
32136      INFO  main            d.u.i.k.p.i.AbstractProblemLoader Loading environment from /home/runner/work/key/key/key.core/../key.ui/examples/standard_key/java_dl/jml-assert/recursion-assert.key.proof 
32137      DEBUG main            d.u.i.k.p.i.AbstractProblemLoader Environment load took 234.2ns 
32138      INFO  main            d.u.i.k.p.i.AbstractProblemLoader Creating init config 
35165      DEBUG main            d.u.i.k.p.i.AbstractProblemLoader Init config took 3.03s 
35218      INFO  main            d.u.i.k.p.i.AbstractProblemLoader Replaying proof RecursiveMethod[RecursiveMethod::fac1(int)].JML normal_behavior operation contract.0 
35291      DEBUG main            d.u.i.k.p.i.IntermediateProofReplayer Proof replay took 70.52ms 
35294      DEBUG main            d.u.i.k.p.r.p.TestFile    ... success: reloaded. 
35296      INFO  main            d.u.i.k.p.r.p.TestFile    Now processing file /home/runner/work/key/key/key.core/../key.ui/examples/standard_key/java_dl/jml-assert/recursion-assume.key 
35296      INFO  main            d.u.i.k.p.i.AbstractProblemLoader Loading environment from /home/runner/work/key/key/key.core/../key.ui/examples/standard_key/java_dl/jml-assert/recursion-assume.key 
35296      DEBUG main            d.u.i.k.p.i.AbstractProblemLoader Environment load took 167.3ns 
35297      INFO  main            d.u.i.k.p.i.AbstractProblemLoader Creating init config 
38458      DEBUG main            d.u.i.k.p.i.AbstractProblemLoader Init config took 3.16s 
38506      INFO  main            d.u.i.k.p.i.AbstractProblemLoader Replaying proof RecursiveMethod[RecursiveMethod::fac2(int)].JML normal_behavior operation contract.0 
38509      DEBUG main            d.u.i.k.p.i.IntermediateProofReplayer Proof replay took 6ns 
38712      INFO  main            d.u.i.k.p.r.p.TestFile    ... finished proof: closed. 
38931      INFO  main            d.u.i.k.p.i.AbstractProblemLoader Loading environment from /home/runner/work/key/key/key.core/../key.ui/examples/standard_key/java_dl/jml-assert/recursion-assume.key.proof 
38932      DEBUG main            d.u.i.k.p.i.AbstractProblemLoader Environment load took 685.81ns 
38934      INFO  main            d.u.i.k.p.i.AbstractProblemLoader Creating init config 
42006      DEBUG main            d.u.i.k.p.i.AbstractProblemLoader Init config took 3.07s 
42061      INFO  main            d.u.i.k.p.i.AbstractProblemLoader Replaying proof RecursiveMethod[RecursiveMethod::fac2(int)].JML normal_behavior operation contract.0 
42116      DEBUG main            d.u.i.k.p.i.IntermediateProofReplayer Proof replay took 51.6ms 
42118      DEBUG main            d.u.i.k.p.r.p.TestFile    ... success: reloaded. 
42119      INFO  main            d.u.i.k.p.r.p.TestFile    Now processing file /home/runner/work/key/key/key.core/../key.ui/examples/standard_key/java_dl/jml-assert/quantor-assert.key 
42120      INFO  main            d.u.i.k.p.i.AbstractProblemLoader Loading environment from /home/runner/work/key/key/key.core/../key.ui/examples/standard_key/java_dl/jml-assert/quantor-assert.key 
42120      DEBUG main            d.u.i.k.p.i.AbstractProblemLoader Environment load took 277.9ns 
42122      INFO  main            d.u.i.k.p.i.AbstractProblemLoader Creating init config 
45189      DEBUG main            d.u.i.k.p.i.AbstractProblemLoader Init config took 3.07s 
45237      INFO  main            d.u.i.k.p.i.AbstractProblemLoader Replaying proof Quantor[Quantor::square1(int)].JML normal_behavior operation contract.0 
45239      DEBUG main            d.u.i.k.p.i.IntermediateProofReplayer Proof replay took 23.2ns 
45442      INFO  main            d.u.i.k.p.r.p.TestFile    ... finished proof: closed. 
45714      INFO  main            d.u.i.k.p.i.AbstractProblemLoader Loading environment from /home/runner/work/key/key/key.core/../key.ui/examples/standard_key/java_dl/jml-assert/quantor-assert.key.proof 
45718      DEBUG main            d.u.i.k.p.i.AbstractProblemLoader Environment load took 3.25ms 
45719      INFO  main            d.u.i.k.p.i.AbstractProblemLoader Creating init config 
48682      DEBUG main            d.u.i.k.p.i.AbstractProblemLoader Init config took 2.96s 
48753      INFO  main            d.u.i.k.p.i.AbstractProblemLoader Replaying proof Quantor[Quantor::square1(int)].JML normal_behavior operation contract.0 
48779      DEBUG main            d.u.i.k.p.i.IntermediateProofReplayer Proof replay took 22.97ms 
48781      DEBUG main            d.u.i.k.p.r.p.TestFile    ... success: reloaded. 
48782      INFO  main            d.u.i.k.p.r.p.TestFile    Now processing file /home/runner/work/key/key/key.core/../key.ui/examples/standard_key/java_dl/jml-assert/quantor-assume.key 
48782      INFO  main            d.u.i.k.p.i.AbstractProblemLoader Loading environment from /home/runner/work/key/key/key.core/../key.ui/examples/standard_key/java_dl/jml-assert/quantor-assume.key 
48782      DEBUG main            d.u.i.k.p.i.AbstractProblemLoader Environment load took 167.3ns 
48783      INFO  main            d.u.i.k.p.i.AbstractProblemLoader Creating init config 
51759      DEBUG main            d.u.i.k.p.i.AbstractProblemLoader Init config took 2.98s 
51807      INFO  main            d.u.i.k.p.i.AbstractProblemLoader Replaying proof Quantor[Quantor::square2(int)].JML normal_behavior operation contract.0 
51809      DEBUG main            d.u.i.k.p.i.IntermediateProofReplayer Proof replay took 8.1ns 
51913      INFO  main            d.u.i.k.p.r.p.TestFile    ... finished proof: closed. 
52137      INFO  main            d.u.i.k.p.i.AbstractProblemLoader Loading environment from /home/runner/work/key/key/key.core/../key.ui/examples/standard_key/java_dl/jml-assert/quantor-assume.key.proof 
52138      DEBUG main            d.u.i.k.p.i.AbstractProblemLoader Environment load took 166ns 
52140      INFO  main            d.u.i.k.p.i.AbstractProblemLoader Creating init config 
55145      DEBUG main            d.u.i.k.p.i.AbstractProblemLoader Init config took 3.01s 
55194      INFO  main            d.u.i.k.p.i.AbstractProblemLoader Replaying proof Quantor[Quantor::square2(int)].JML normal_behavior operation contract.0 
55216      DEBUG main            d.u.i.k.p.i.IntermediateProofReplayer Proof replay took 19.43ms 
55218      DEBUG main            d.u.i.k.p.r.p.TestFile    ... success: reloaded. 
55219      INFO  main            d.u.i.k.p.r.p.TestFile    Now processing file /home/runner/work/key/key/key.core/../key.ui/examples/standard_key/java_dl/jml-assert/model-methods-static-static.key 
55219      INFO  main            d.u.i.k.p.i.AbstractProblemLoader Loading environment from /home/runner/work/key/key/key.core/../key.ui/examples/standard_key/java_dl/jml-assert/model-methods-static-static.key 
55220      DEBUG main            d.u.i.k.p.i.AbstractProblemLoader Environment load took 247.4ns 
55221      INFO  main            d.u.i.k.p.i.AbstractProblemLoader Creating init config 
58231      DEBUG main            d.u.i.k.p.i.AbstractProblemLoader Init config took 3.01s 
58278      INFO  main            d.u.i.k.p.i.AbstractProblemLoader Replaying proof ModelMethods[ModelMethods::test1()].JML normal_behavior operation contract.0 
58280      DEBUG main            d.u.i.k.p.i.IntermediateProofReplayer Proof replay took 7.1ns 
58382      INFO  main            d.u.i.k.p.r.p.TestFile    ... finished proof: closed. 
58598      INFO  main            d.u.i.k.p.i.AbstractProblemLoader Loading environment from /home/runner/work/key/key/key.core/../key.ui/examples/standard_key/java_dl/jml-assert/model-methods-static-static.key.proof 
58598      DEBUG main            d.u.i.k.p.i.AbstractProblemLoader Environment load took 155.7ns 
58601      INFO  main            d.u.i.k.p.i.AbstractProblemLoader Creating init config 
61518      DEBUG main            d.u.i.k.p.i.AbstractProblemLoader Init config took 2.92s 
61566      INFO  main            d.u.i.k.p.i.AbstractProblemLoader Replaying proof ModelMethods[ModelMethods::test1()].JML normal_behavior operation contract.0 
61576      DEBUG main            d.u.i.k.p.i.IntermediateProofReplayer Proof replay took 7.62ms 
61578      DEBUG main            d.u.i.k.p.r.p.TestFile    ... success: reloaded. 
61579      INFO  main            d.u.i.k.p.r.p.TestFile    Now processing file /home/runner/work/key/key/key.core/../key.ui/examples/standard_key/java_dl/jml-assert/model-methods-instance-static.key 
61580      INFO  main            d.u.i.k.p.i.AbstractProblemLoader Loading environment from /home/runner/work/key/key/key.core/../key.ui/examples/standard_key/java_dl/jml-assert/model-methods-instance-static.key 
61580      DEBUG main            d.u.i.k.p.i.AbstractProblemLoader Environment load took 263.1ns 
61581      INFO  main            d.u.i.k.p.i.AbstractProblemLoader Creating init config 
64664      DEBUG main            d.u.i.k.p.i.AbstractProblemLoader Init config took 3.08s 
64736      INFO  main            d.u.i.k.p.i.AbstractProblemLoader Replaying proof ModelMethods[ModelMethods::test2()].JML normal_behavior operation contract.0 
64737      DEBUG main            d.u.i.k.p.i.IntermediateProofReplayer Proof replay took 7.1ns 
64839      INFO  main            d.u.i.k.p.r.p.TestFile    ... finished proof: closed. 
65084      INFO  main            d.u.i.k.p.i.AbstractProblemLoader Loading environment from /home/runner/work/key/key/key.core/../key.ui/examples/standard_key/java_dl/jml-assert/model-methods-instance-static.key.proof 
65084      DEBUG main            d.u.i.k.p.i.AbstractProblemLoader Environment load took 140.3ns 
65085      INFO  main            d.u.i.k.p.i.AbstractProblemLoader Creating init config 
68171      DEBUG main            d.u.i.k.p.i.AbstractProblemLoader Init config took 3.09s 
68227      INFO  main            d.u.i.k.p.i.AbstractProblemLoader Replaying proof ModelMethods[ModelMethods::test2()].JML normal_behavior operation contract.0 
68242      DEBUG main            d.u.i.k.p.i.IntermediateProofReplayer Proof replay took 9.74ms 
68243      DEBUG main            d.u.i.k.p.r.p.TestFile    ... success: reloaded. 
68244      INFO  main            d.u.i.k.p.r.p.TestFile    Now processing file /home/runner/work/key/key/key.core/../key.ui/examples/standard_key/java_dl/jml-assert/model-methods-instance-instance.key 
68245      INFO  main            d.u.i.k.p.i.AbstractProblemLoader Loading environment from /home/runner/work/key/key/key.core/../key.ui/examples/standard_key/java_dl/jml-assert/model-methods-instance-instance.key 
68245      DEBUG main            d.u.i.k.p.i.AbstractProblemLoader Environment load took 242.6ns 
68246      INFO  main            d.u.i.k.p.i.AbstractProblemLoader Creating init config 
71140      DEBUG main            d.u.i.k.p.i.AbstractProblemLoader Init config took 2.89s 
71185      INFO  main            d.u.i.k.p.i.AbstractProblemLoader Replaying proof ModelMethods[ModelMethods::test3()].JML normal_behavior operation contract.0 
71186      DEBUG main            d.u.i.k.p.i.IntermediateProofReplayer Proof replay took 8.2ns 
71293      INFO  main            d.u.i.k.p.r.p.TestFile    ... finished proof: closed. 
71572      INFO  main            d.u.i.k.p.i.AbstractProblemLoader Loading environment from /home/runner/work/key/key/key.core/../key.ui/examples/standard_key/java_dl/jml-assert/model-methods-instance-instance.key.proof 
71572      DEBUG main            d.u.i.k.p.i.AbstractProblemLoader Environment load took 119.4ns 
71573      INFO  main            d.u.i.k.p.i.AbstractProblemLoader Creating init config 
74519      DEBUG main            d.u.i.k.p.i.AbstractProblemLoader Init config took 2.95s 
74559      INFO  main            d.u.i.k.p.i.AbstractProblemLoader Replaying proof ModelMethods[ModelMethods::test3()].JML normal_behavior operation contract.0 
74579      DEBUG main            d.u.i.k.p.i.IntermediateProofReplayer Proof replay took 17.85ms 
74581      DEBUG main            d.u.i.k.p.r.p.TestFile    ... success: reloaded. 
74582      INFO  main            d.u.i.k.p.r.p.TestFile    Now processing file /home/runner/work/key/key/key.core/../key.ui/examples/standard_key/java_dl/jml-assert/model-methods-static-instance.key 
74582      INFO  main            d.u.i.k.p.i.AbstractProblemLoader Loading environment from /home/runner/work/key/key/key.core/../key.ui/examples/standard_key/java_dl/jml-assert/model-methods-static-instance.key 
74582      DEBUG main            d.u.i.k.p.i.AbstractProblemLoader Environment load took 78.1ns 
74583      INFO  main            d.u.i.k.p.i.AbstractProblemLoader Creating init config 
77505      DEBUG main            d.u.i.k.p.i.AbstractProblemLoader Init config took 2.92s 
77546      INFO  main            d.u.i.k.p.i.AbstractProblemLoader Replaying proof ModelMethods[ModelMethods::test4()].JML normal_behavior operation contract.0 
77547      DEBUG main            d.u.i.k.p.i.IntermediateProofReplayer Proof replay took 6.7ns 
77750      INFO  main            d.u.i.k.p.r.p.TestFile    ... finished proof: closed. 
78017      INFO  main            d.u.i.k.p.i.AbstractProblemLoader Loading environment from /home/runner/work/key/key/key.core/../key.ui/examples/standard_key/java_dl/jml-assert/model-methods-static-instance.key.proof 
78017      DEBUG main            d.u.i.k.p.i.AbstractProblemLoader Environment load took 130.4ns 
78018      INFO  main            d.u.i.k.p.i.AbstractProblemLoader Creating init config 
80937      DEBUG main            d.u.i.k.p.i.AbstractProblemLoader Init config took 2.92s 
80986      INFO  main            d.u.i.k.p.i.AbstractProblemLoader Replaying proof ModelMethods[ModelMethods::test4()].JML normal_behavior operation contract.0 
81027      DEBUG main            d.u.i.k.p.i.IntermediateProofReplayer Proof replay took 38.09ms 
81028      DEBUG main            d.u.i.k.p.r.p.TestFile    ... success: reloaded. 
81029      INFO  main            d.u.i.k.p.r.p.TestFile    Now processing file /home/runner/work/key/key/key.core/../key.ui/examples/standard_key/java_dl/jml-assert/assert-old/inc-field.key 
81030      INFO  main            d.u.i.k.p.i.AbstractProblemLoader Loading environment from /home/runner/work/key/key/key.core/../key.ui/examples/standard_key/java_dl/jml-assert/assert-old/inc-field.key 
81030      DEBUG main            d.u.i.k.p.i.AbstractProblemLoader Environment load took 118.6ns 
81031      INFO  main            d.u.i.k.p.i.AbstractProblemLoader Creating init config 
83932      DEBUG main            d.u.i.k.p.i.AbstractProblemLoader Init config took 2.9s 
83973      INFO  main            d.u.i.k.p.i.AbstractProblemLoader Replaying proof Inc[Inc::inc_field()].JML normal_behavior operation contract.0 
83974      DEBUG main            d.u.i.k.p.i.IntermediateProofReplayer Proof replay took 7.4ns 
84177      INFO  main            d.u.i.k.p.r.p.TestFile    ... finished proof: closed. 
84432      INFO  main            d.u.i.k.p.i.AbstractProblemLoader Loading environment from /home/runner/work/key/key/key.core/../key.ui/examples/standard_key/java_dl/jml-assert/assert-old/inc-field.key.proof 
84433      DEBUG main            d.u.i.k.p.i.AbstractProblemLoader Environment load took 557.91ns 
84434      INFO  main            d.u.i.k.p.i.AbstractProblemLoader Creating init config 
87149      DEBUG main            d.u.i.k.p.i.AbstractProblemLoader Init config took 2.72s 
87187      INFO  main            d.u.i.k.p.i.AbstractProblemLoader Replaying proof Inc[Inc::inc_field()].JML normal_behavior operation contract.0 
87219      DEBUG main            d.u.i.k.p.i.IntermediateProofReplayer Proof replay took 30.42ms 
87220      DEBUG main            d.u.i.k.p.r.p.TestFile    ... success: reloaded. 
87221      INFO  main            d.u.i.k.p.r.p.TestFile    Now processing file /home/runner/work/key/key/key.core/../key.ui/examples/standard_key/java_dl/jml-assert/assert-old/inc-parameter.key 
87221      INFO  main            d.u.i.k.p.i.AbstractProblemLoader Loading environment from /home/runner/work/key/key/key.core/../key.ui/examples/standard_key/java_dl/jml-assert/assert-old/inc-parameter.key 
87222      DEBUG main            d.u.i.k.p.i.AbstractProblemLoader Environment load took 113.4ns 
87222      INFO  main            d.u.i.k.p.i.AbstractProblemLoader Creating init config 
90060      DEBUG main            d.u.i.k.p.i.AbstractProblemLoader Init config took 2.84s 
90098      INFO  main            d.u.i.k.p.i.AbstractProblemLoader Replaying proof Inc[Inc::inc_parameter(int)].JML normal_behavior operation contract.0 
90100      DEBUG main            d.u.i.k.p.i.IntermediateProofReplayer Proof replay took 7.7ns 
90204      INFO  main            d.u.i.k.p.r.p.TestFile    ... finished proof: closed. 
90480      INFO  main            d.u.i.k.p.i.AbstractProblemLoader Loading environment from /home/runner/work/key/key/key.core/../key.ui/examples/standard_key/java_dl/jml-assert/assert-old/inc-parameter.key.proof 
90480      DEBUG main            d.u.i.k.p.i.AbstractProblemLoader Environment load took 120.3ns 
90481      INFO  main            d.u.i.k.p.i.AbstractProblemLoader Creating init config 
93309      DEBUG main            d.u.i.k.p.i.AbstractProblemLoader Init config took 2.83s 
93352      INFO  main            d.u.i.k.p.i.AbstractProblemLoader Replaying proof Inc[Inc::inc_parameter(int)].JML normal_behavior operation contract.0 
93382      DEBUG main            d.u.i.k.p.i.IntermediateProofReplayer Proof replay took 28.12ms 
93383      DEBUG main            d.u.i.k.p.r.p.TestFile    ... success: reloaded. 
93384      INFO  main            d.u.i.k.p.r.p.TestFile    Now processing file /home/runner/work/key/key/key.core/../key.ui/examples/standard_key/java_dl/jml-assert/assert-old/inc-parameter-field.key 
93385      INFO  main            d.u.i.k.p.i.AbstractProblemLoader Loading environment from /home/runner/work/key/key/key.core/../key.ui/examples/standard_key/java_dl/jml-assert/assert-old/inc-parameter-field.key 
93385      DEBUG main            d.u.i.k.p.i.AbstractProblemLoader Environment load took 203.91ns 
93386      INFO  main            d.u.i.k.p.i.AbstractProblemLoader Creating init config 
96293      DEBUG main            d.u.i.k.p.i.AbstractProblemLoader Init config took 2.91s 
96330      INFO  main            d.u.i.k.p.i.AbstractProblemLoader Replaying proof Inc[Inc::inc_parameter_field(Inc)].JML normal_behavior operation contract.0 
96331      DEBUG main            d.u.i.k.p.i.IntermediateProofReplayer Proof replay took 8.9ns 
96534      INFO  main            d.u.i.k.p.r.p.TestFile    ... finished proof: closed. 
96815      INFO  main            d.u.i.k.p.i.AbstractProblemLoader Loading environment from /home/runner/work/key/key/key.core/../key.ui/examples/standard_key/java_dl/jml-assert/assert-old/inc-parameter-field.key.proof 
96816      DEBUG main            d.u.i.k.p.i.AbstractProblemLoader Environment load took 688.31ns 
96817      INFO  main            d.u.i.k.p.i.AbstractProblemLoader Creating init config 
99622      DEBUG main            d.u.i.k.p.i.AbstractProblemLoader Init config took 2.8s 
99659      INFO  main            d.u.i.k.p.i.AbstractProblemLoader Replaying proof Inc[Inc::inc_parameter_field(Inc)].JML normal_behavior operation contract.0 
99717      DEBUG main            d.u.i.k.p.i.IntermediateProofReplayer Proof replay took 55.64ms 
99718      DEBUG main            d.u.i.k.p.r.p.TestFile    ... success: reloaded. 
99718      INFO  main            d.u.i.k.p.r.p.TestFile    Now processing file /home/runner/work/key/key/key.core/../key.ui/examples/standard_key/java_dl/jml-assert/assert-old/inc-ghost-field.key 
99718      INFO  main            d.u.i.k.p.i.AbstractProblemLoader Loading environment from /home/runner/work/key/key/key.core/../key.ui/examples/standard_key/java_dl/jml-assert/assert-old/inc-ghost-field.key 
99718      DEBUG main            d.u.i.k.p.i.AbstractProblemLoader Environment load took 90.7ns 
99719      INFO  main            d.u.i.k.p.i.AbstractProblemLoader Creating init config 
102634     DEBUG main            d.u.i.k.p.i.AbstractProblemLoader Init config took 2.92s 
102697     INFO  main            d.u.i.k.p.i.AbstractProblemLoader Replaying proof Inc[Inc::inc_ghost_field()].JML normal_behavior operation contract.0 
102699     DEBUG main            d.u.i.k.p.i.IntermediateProofReplayer Proof replay took 7.4ns 
102905     INFO  main            d.u.i.k.p.r.p.TestFile    ... finished proof: closed. 
103190     INFO  main            d.u.i.k.p.i.AbstractProblemLoader Loading environment from /home/runner/work/key/key/key.core/../key.ui/examples/standard_key/java_dl/jml-assert/assert-old/inc-ghost-field.key.proof 
103190     DEBUG main            d.u.i.k.p.i.AbstractProblemLoader Environment load took 127ns 
103191     INFO  main            d.u.i.k.p.i.AbstractProblemLoader Creating init config 
106013     DEBUG main            d.u.i.k.p.i.AbstractProblemLoader Init config took 2.82s 
106056     INFO  main            d.u.i.k.p.i.AbstractProblemLoader Replaying proof Inc[Inc::inc_ghost_field()].JML normal_behavior operation contract.0 
106090     DEBUG main            d.u.i.k.p.i.IntermediateProofReplayer Proof replay took 32.27ms 
106091     DEBUG main            d.u.i.k.p.r.p.TestFile    ... success: reloaded. 
923599     INFO  Test worker     d.u.i.k.p.r.RunAllProofsTestUnit Returning from test jmlAsserts 
923601     INFO  Test worker     d.u.i.k.p.r.RunAllProofsTestUnit Running test javaCard 
444        INFO  Timeout watchdog d.u.i.k.p.r.p.ForkedTestFileRunner Timeout watcher launched (2000 secs.) 
459        WARN  main            d.u.i.k.s.ProofSettings   The settings in /home/runner/.key/proof-settings.props are *not* read. 
513        INFO  main            d.u.i.k.p.r.p.TestFile    Now processing file /home/runner/work/key/key/key.core/../key.ui/examples/heap/javacard/updateBalance0.key 
657        INFO  main            d.u.i.k.p.i.AbstractProblemLoader Loading environment from /home/runner/work/key/key/key.core/../key.ui/examples/heap/javacard/updateBalance0.key 
677        DEBUG main            d.u.i.k.p.i.AbstractProblemLoader Environment load took 2.5ms 
963        INFO  main            d.u.i.k.p.i.AbstractProblemLoader Creating init config 
2219       DEBUG main            d.u.i.k.j.TypeConverter   No LDT found for Meta 
2220       DEBUG main            d.u.i.k.j.TypeConverter   No LDT found for Meta 
2223       DEBUG main            d.u.i.k.j.TypeConverter   No LDT found for Meta 
2224       DEBUG main            d.u.i.k.j.TypeConverter   No LDT found for Meta 
3907       DEBUG main            d.u.i.k.j.TypeConverter   No LDT found for JavaBigintExpression 
8195       DEBUG main            d.u.i.k.p.i.AbstractProblemLoader Init config took 7.23s 
8343       INFO  main            d.u.i.k.p.i.AbstractProblemLoader Replaying proof Examples[Examples::updateBalance(short)].JML normal_behavior operation contract.0 
8395       DEBUG main            d.u.i.k.p.i.IntermediateProofReplayer Proof replay took 40.3ns 
10027      INFO  main            d.u.i.k.p.r.p.TestFile    ... finished proof: closed. 
10173      INFO  main            d.u.i.k.p.i.AbstractProblemLoader Loading environment from /home/runner/work/key/key/key.core/../key.ui/examples/heap/javacard/updateBalance0.key.proof 
10173      DEBUG main            d.u.i.k.p.i.AbstractProblemLoader Environment load took 164.1ns 
10186      INFO  main            d.u.i.k.p.i.AbstractProblemLoader Creating init config 
12313      DEBUG main            d.u.i.k.p.i.AbstractProblemLoader Init config took 2.13s 
12433      INFO  main            d.u.i.k.p.i.AbstractProblemLoader Replaying proof Examples[Examples::updateBalance(short)].JML normal_behavior operation contract.0 
12824      DEBUG main            d.u.i.k.p.i.IntermediateProofReplayer Proof replay took 367.11ms 
12834      DEBUG main            d.u.i.k.p.r.p.TestFile    ... success: reloaded. 
12844      INFO  main            d.u.i.k.p.r.p.TestFile    Now processing file /home/runner/work/key/key/key.core/../key.ui/examples/heap/javacard/updateBalance1.key 
12844      INFO  main            d.u.i.k.p.i.AbstractProblemLoader Loading environment from /home/runner/work/key/key/key.core/../key.ui/examples/heap/javacard/updateBalance1.key 
12844      DEBUG main            d.u.i.k.p.i.AbstractProblemLoader Environment load took 140.6ns 
12847      INFO  main            d.u.i.k.p.i.AbstractProblemLoader Creating init config 
15093      DEBUG main            d.u.i.k.p.i.AbstractProblemLoader Init config took 2.25s 
15154      INFO  main            d.u.i.k.p.i.AbstractProblemLoader Replaying proof Examples[Examples::updateBalance(short)].JML normal_behavior operation contract.1 
15158      DEBUG main            d.u.i.k.p.i.IntermediateProofReplayer Proof replay took 6.5ns 
15963      INFO  main            d.u.i.k.p.r.p.TestFile    ... finished proof: closed. 
16131      INFO  main            d.u.i.k.p.i.AbstractProblemLoader Loading environment from /home/runner/work/key/key/key.core/../key.ui/examples/heap/javacard/updateBalance1.key.proof 
16132      DEBUG main            d.u.i.k.p.i.AbstractProblemLoader Environment load took 616.31ns 
16134      INFO  main            d.u.i.k.p.i.AbstractProblemLoader Creating init config 
18066      DEBUG main            d.u.i.k.p.i.AbstractProblemLoader Init config took 1.93s 
18136      INFO  main            d.u.i.k.p.i.AbstractProblemLoader Replaying proof Examples[Examples::updateBalance(short)].JML normal_behavior operation contract.1 
18347      DEBUG main            d.u.i.k.p.i.IntermediateProofReplayer Proof replay took 202.73ms 
18352      DEBUG main            d.u.i.k.p.r.p.TestFile    ... success: reloaded. 
18358      INFO  main            d.u.i.k.p.r.p.TestFile    Now processing file /home/runner/work/key/key/key.core/../key.ui/examples/heap/javacard/setArray1.key 
18358      INFO  main            d.u.i.k.p.i.AbstractProblemLoader Loading environment from /home/runner/work/key/key/key.core/../key.ui/examples/heap/javacard/setArray1.key 
18359      DEBUG main            d.u.i.k.p.i.AbstractProblemLoader Environment load took 274.4ns 
18362      INFO  main            d.u.i.k.p.i.AbstractProblemLoader Creating init config 
20369      DEBUG main            d.u.i.k.p.i.AbstractProblemLoader Init config took 2.01s 
20423      INFO  main            d.u.i.k.p.i.AbstractProblemLoader Replaying proof Examples[Examples::setArray1([B)].JML normal_behavior operation contract.0 
20427      DEBUG main            d.u.i.k.p.i.IntermediateProofReplayer Proof replay took 22.7ns 
21735      INFO  main            d.u.i.k.p.r.p.TestFile    ... finished proof: closed. 
21890      INFO  main            d.u.i.k.p.i.AbstractProblemLoader Loading environment from /home/runner/work/key/key/key.core/../key.ui/examples/heap/javacard/setArray1.key.proof 
21890      DEBUG main            d.u.i.k.p.i.AbstractProblemLoader Environment load took 582.21ns 
21894      INFO  main            d.u.i.k.p.i.AbstractProblemLoader Creating init config 
23803      DEBUG main            d.u.i.k.p.i.AbstractProblemLoader Init config took 1.91s 
23879      INFO  main            d.u.i.k.p.i.AbstractProblemLoader Replaying proof Examples[Examples::setArray1([B)].JML normal_behavior operation contract.0 
24177      DEBUG main            d.u.i.k.p.i.IntermediateProofReplayer Proof replay took 287.68ms 
24181      DEBUG main            d.u.i.k.p.r.p.TestFile    ... success: reloaded. 
24187      INFO  main            d.u.i.k.p.r.p.TestFile    Now processing file /home/runner/work/key/key/key.core/../key.ui/examples/heap/javacard/setArray2.key 
24188      INFO  main            d.u.i.k.p.i.AbstractProblemLoader Loading environment from /home/runner/work/key/key/key.core/../key.ui/examples/heap/javacard/setArray2.key 
24188      DEBUG main            d.u.i.k.p.i.AbstractProblemLoader Environment load took 294.61ns 
24189      INFO  main            d.u.i.k.p.i.AbstractProblemLoader Creating init config 
26099      DEBUG main            d.u.i.k.p.i.AbstractProblemLoader Init config took 1.91s 
26143      INFO  main            d.u.i.k.p.i.AbstractProblemLoader Replaying proof Examples[Examples::setArray2([B)].JML normal_behavior operation contract.0 
26148      DEBUG main            d.u.i.k.p.i.IntermediateProofReplayer Proof replay took 6.3ns 
27453      INFO  main            d.u.i.k.p.r.p.TestFile    ... finished proof: closed. 
27588      INFO  main            d.u.i.k.p.i.AbstractProblemLoader Loading environment from /home/runner/work/key/key/key.core/../key.ui/examples/heap/javacard/setArray2.key.proof 
27588      DEBUG main            d.u.i.k.p.i.AbstractProblemLoader Environment load took 628.51ns 
27590      INFO  main            d.u.i.k.p.i.AbstractProblemLoader Creating init config 
29345      DEBUG main            d.u.i.k.p.i.AbstractProblemLoader Init config took 1.76s 
29392      INFO  main            d.u.i.k.p.i.AbstractProblemLoader Replaying proof Examples[Examples::setArray2([B)].JML normal_behavior operation contract.0 
29675      DEBUG main            d.u.i.k.p.i.IntermediateProofReplayer Proof replay took 278.07ms 
29679      DEBUG main            d.u.i.k.p.r.p.TestFile    ... success: reloaded. 
29683      INFO  main            d.u.i.k.p.r.p.TestFile    Now processing file /home/runner/work/key/key/key.core/../key.ui/examples/heap/javacard/arrayFillNonAtomic.key 
29683      INFO  main            d.u.i.k.p.i.AbstractProblemLoader Loading environment from /home/runner/work/key/key/key.core/../key.ui/examples/heap/javacard/arrayFillNonAtomic.key 
29684      DEBUG main            d.u.i.k.p.i.AbstractProblemLoader Environment load took 278.41ns 
29685      INFO  main            d.u.i.k.p.i.AbstractProblemLoader Creating init config 
31408      DEBUG main            d.u.i.k.p.i.AbstractProblemLoader Init config took 1.72s 
31470      INFO  main            d.u.i.k.p.i.AbstractProblemLoader Replaying proof javacard.framework.Util[javacard.framework.Util::arrayFillNonAtomic([B,short,short,byte)].JML behavior operation contract.0.transaction_inactive 
31472      DEBUG main            d.u.i.k.p.i.IntermediateProofReplayer Proof replay took 5.9ns 
32482      DEBUG Thread-13       d.u.i.k.l.o.ProgramSV     Match failed: Former match of  SchemaVariable incompatible with  the current match. 
32483      DEBUG Thread-13       d.u.i.k.l.o.ProgramSV     Match failed: Former match of  SchemaVariable incompatible with  the current match. 
34061      DEBUG Thread-13       d.u.i.k.l.o.ProgramSV     Match failed: Former match of  SchemaVariable incompatible with  the current match. 
34062      DEBUG Thread-13       d.u.i.k.l.o.ProgramSV     Match failed: Former match of  SchemaVariable incompatible with  the current match. 
35951      INFO  main            d.u.i.k.p.r.p.TestFile    ... finished proof: closed. 
36177      INFO  main            d.u.i.k.p.i.AbstractProblemLoader Loading environment from /home/runner/work/key/key/key.core/../key.ui/examples/heap/javacard/arrayFillNonAtomic.key.proof 
36178      DEBUG main            d.u.i.k.p.i.AbstractProblemLoader Environment load took 860.62ns 
36180      INFO  main            d.u.i.k.p.i.AbstractProblemLoader Creating init config 
37959      DEBUG main            d.u.i.k.p.i.AbstractProblemLoader Init config took 1.78s 
38038      INFO  main            d.u.i.k.p.i.AbstractProblemLoader Replaying proof javacard.framework.Util[javacard.framework.Util::arrayFillNonAtomic([B,short,short,byte)].JML behavior operation contract.0.transaction_inactive 
39129      DEBUG main            d.u.i.k.p.i.IntermediateProofReplayer Proof replay took 1.07s 
39130      DEBUG main            d.u.i.k.p.r.p.TestFile    ... success: reloaded. 
39132      INFO  main            d.u.i.k.p.r.p.TestFile    Now processing file /home/runner/work/key/key/key.core/../key.ui/examples/heap/coincidence_count/project.key 
39132      INFO  main            d.u.i.k.p.i.AbstractProblemLoader Loading environment from /home/runner/work/key/key/key.core/../key.ui/examples/heap/coincidence_count/project.key 
39132      DEBUG main            d.u.i.k.p.i.AbstractProblemLoader Environment load took 320.51ns 
39134      INFO  main            d.u.i.k.p.i.AbstractProblemLoader Creating init config 
42873      DEBUG main            d.u.i.k.p.i.AbstractProblemLoader Init config took 3.74s 
42925      INFO  main            d.u.i.k.p.i.AbstractProblemLoader Replaying proof CC[CC::calcCoinIndex([I,[I)].JML normal_behavior operation contract.0 
42929      DEBUG main            d.u.i.k.p.i.IntermediateProofReplayer Proof replay took 6.5ns 
66226      INFO  main            d.u.i.k.p.r.p.TestFile    ... finished proof: closed. 
66599      INFO  main            d.u.i.k.p.i.AbstractProblemLoader Loading environment from /home/runner/work/key/key/key.core/../key.ui/examples/heap/coincidence_count/project.key.proof 
66600      DEBUG main            d.u.i.k.p.i.AbstractProblemLoader Environment load took 474.21ns 
66605      INFO  main            d.u.i.k.p.i.AbstractProblemLoader Creating init config 
69680      DEBUG main            d.u.i.k.p.i.AbstractProblemLoader Init config took 3.07s 
69747      INFO  main            d.u.i.k.p.i.AbstractProblemLoader Replaying proof CC[CC::calcCoinIndex([I,[I)].JML normal_behavior operation contract.0 
71233      DEBUG main            d.u.i.k.p.i.IntermediateProofReplayer Proof replay took 1.4s 
71237      DEBUG main            d.u.i.k.p.r.p.TestFile    ... success: reloaded. 
71238      INFO  main            d.u.i.k.p.r.p.TestFile    Now processing file /home/runner/work/key/key/key.core/../key.ui/examples/heap/verifyThis11_1_Maximum/project.key 
71239      INFO  main            d.u.i.k.p.i.AbstractProblemLoader Loading environment from /home/runner/work/key/key/key.core/../key.ui/examples/heap/verifyThis11_1_Maximum/project.key 
71239      DEBUG main            d.u.i.k.p.i.AbstractProblemLoader Environment load took 146.7ns 
71240      INFO  main            d.u.i.k.p.i.AbstractProblemLoader Creating init config 
74638      DEBUG main            d.u.i.k.p.i.AbstractProblemLoader Init config took 3.4s 
74687      INFO  main            d.u.i.k.p.i.AbstractProblemLoader Replaying proof Maximum[Maximum::maxIndex([I)].JML normal_behavior operation contract.0 
74689      DEBUG main            d.u.i.k.p.i.IntermediateProofReplayer Proof replay took 7.4ns 
75896      INFO  main            d.u.i.k.p.r.p.TestFile    ... finished proof: closed. 
76204      INFO  main            d.u.i.k.p.i.AbstractProblemLoader Loading environment from /home/runner/work/key/key/key.core/../key.ui/examples/heap/verifyThis11_1_Maximum/project.key.proof 
76205      DEBUG main            d.u.i.k.p.i.AbstractProblemLoader Environment load took 226.01ns 
76206      INFO  main            d.u.i.k.p.i.AbstractProblemLoader Creating init config 
79300      DEBUG main            d.u.i.k.p.i.AbstractProblemLoader Init config took 3.09s 
79353      INFO  main            d.u.i.k.p.i.AbstractProblemLoader Replaying proof Maximum[Maximum::maxIndex([I)].JML normal_behavior operation contract.0 
79605      DEBUG main            d.u.i.k.p.i.IntermediateProofReplayer Proof replay took 242.75ms 
79607      DEBUG main            d.u.i.k.p.r.p.TestFile    ... success: reloaded. 
79608      INFO  main            d.u.i.k.p.r.p.TestFile    Now processing file /home/runner/work/key/key/key.core/../key.ui/examples/heap/fm12_01_LRS/lcp.key 
79609      INFO  main            d.u.i.k.p.i.AbstractProblemLoader Loading environment from /home/runner/work/key/key/key.core/../key.ui/examples/heap/fm12_01_LRS/lcp.key 
79609      DEBUG main            d.u.i.k.p.i.AbstractProblemLoader Environment load took 291.21ns 
79610      INFO  main            d.u.i.k.p.i.AbstractProblemLoader Creating init config 
83570      DEBUG main            d.u.i.k.p.i.AbstractProblemLoader Init config took 3.96s 
83679      INFO  main            d.u.i.k.p.i.AbstractProblemLoader Replaying proof LCP[LCP::lcp([I,int,int)].JML normal_behavior operation contract.0 
83687      DEBUG main            d.u.i.k.p.i.IntermediateProofReplayer Proof replay took 7.8ns 
84895      INFO  main            d.u.i.k.p.r.p.TestFile    ... finished proof: closed. 
85312      INFO  main            d.u.i.k.p.i.AbstractProblemLoader Loading environment from /home/runner/work/key/key/key.core/../key.ui/examples/heap/fm12_01_LRS/lcp.key.proof 
85312      DEBUG main            d.u.i.k.p.i.AbstractProblemLoader Environment load took 627.42ns 
85314      INFO  main            d.u.i.k.p.i.AbstractProblemLoader Creating init config 
88809      DEBUG main            d.u.i.k.p.i.AbstractProblemLoader Init config took 3.49s 
88910      INFO  main            d.u.i.k.p.i.AbstractProblemLoader Replaying proof LCP[LCP::lcp([I,int,int)].JML normal_behavior operation contract.0 
89215      DEBUG main            d.u.i.k.p.i.IntermediateProofReplayer Proof replay took 295.58ms 
89216      DEBUG main            d.u.i.k.p.r.p.TestFile    ... success: reloaded. 
89217      INFO  main            d.u.i.k.p.r.p.TestFile    Now processing file /home/runner/work/key/key/key.core/../key.ui/examples/heap/SemanticSlicing/project.key 
89217      INFO  main            d.u.i.k.p.i.AbstractProblemLoader Loading environment from /home/runner/work/key/key/key.core/../key.ui/examples/heap/SemanticSlicing/project.key 
89218      DEBUG main            d.u.i.k.p.i.AbstractProblemLoader Environment load took 163.71ns 
89219      INFO  main            d.u.i.k.p.i.AbstractProblemLoader Creating init config 
92299      DEBUG main            d.u.i.k.p.i.AbstractProblemLoader Init config took 3.08s 
92388      INFO  main            d.u.i.k.p.i.AbstractProblemLoader Replaying proof unsatcore_after.competition.postcond5.scope333.LRS[unsatcore_after.competition.postcond5.scope333.LRS::doLRS()].JML operation contract.0 
92391      DEBUG main            d.u.i.k.p.i.IntermediateProofReplayer Proof replay took 7.1ns 
97215      INFO  main            d.u.i.k.p.r.p.TestFile    ... finished proof: closed. 
97557      INFO  main            d.u.i.k.p.i.AbstractProblemLoader Loading environment from /home/runner/work/key/key/key.core/../key.ui/examples/heap/SemanticSlicing/project.key.proof 
97558      DEBUG main            d.u.i.k.p.i.AbstractProblemLoader Environment load took 762.42ns 
97563      INFO  main            d.u.i.k.p.i.AbstractProblemLoader Creating init config 
100431     DEBUG main            d.u.i.k.p.i.AbstractProblemLoader Init config took 2.87s 
100492     INFO  main            d.u.i.k.p.i.AbstractProblemLoader Replaying proof unsatcore_after.competition.postcond5.scope333.LRS[unsatcore_after.competition.postcond5.scope333.LRS::doLRS()].JML operation contract.0 
101547     DEBUG main            d.u.i.k.p.i.IntermediateProofReplayer Proof replay took 1.04s 
101548     DEBUG main            d.u.i.k.p.r.p.TestFile    ... success: reloaded. 
101550     INFO  main            d.u.i.k.p.r.p.TestFile    Now processing file /home/runner/work/key/key/key.core/../key.ui/examples/heap/information_flow/ArrayList_contains.key 
101550     INFO  main            d.u.i.k.p.i.AbstractProblemLoader Loading environment from /home/runner/work/key/key/key.core/../key.ui/examples/heap/information_flow/ArrayList_contains.key 
101551     DEBUG main            d.u.i.k.p.i.AbstractProblemLoader Environment load took 249.91ns 
101552     INFO  main            d.u.i.k.p.i.AbstractProblemLoader Creating init config 
104825     DEBUG main            d.u.i.k.p.i.AbstractProblemLoader Init config took 3.27s 
104893     INFO  main            d.u.i.k.p.i.AbstractProblemLoader Replaying proof ArrayList[ArrayList::get(int)].JML normal_behavior operation contract.0 
104895     DEBUG main            d.u.i.k.p.i.IntermediateProofReplayer Proof replay took 7.3ns 
105299     INFO  main            d.u.i.k.p.r.p.TestFile    ... finished proof: closed. 
105618     INFO  main            d.u.i.k.p.i.AbstractProblemLoader Loading environment from /home/runner/work/key/key/key.core/../key.ui/examples/heap/information_flow/ArrayList_contains.key.proof 
105619     DEBUG main            d.u.i.k.p.i.AbstractProblemLoader Environment load took 686.12ns 
105621     INFO  main            d.u.i.k.p.i.AbstractProblemLoader Creating init config 
108586     DEBUG main            d.u.i.k.p.i.AbstractProblemLoader Init config took 2.96s 
108637     INFO  main            d.u.i.k.p.i.AbstractProblemLoader Replaying proof ArrayList[ArrayList::get(int)].JML normal_behavior operation contract.0 
108712     DEBUG main            d.u.i.k.p.i.IntermediateProofReplayer Proof replay took 71.63ms 
108713     DEBUG main            d.u.i.k.p.r.p.TestFile    ... success: reloaded. 
108714     INFO  main            d.u.i.k.p.r.p.TestFile    Now processing file /home/runner/work/key/key/key.core/../key.ui/examples/heap/information_flow/ArrayList_get.key 
108714     INFO  main            d.u.i.k.p.i.AbstractProblemLoader Loading environment from /home/runner/work/key/key/key.core/../key.ui/examples/heap/information_flow/ArrayList_get.key 
108714     DEBUG main            d.u.i.k.p.i.AbstractProblemLoader Environment load took 106.6ns 
108715     INFO  main            d.u.i.k.p.i.AbstractProblemLoader Creating init config 
112021     DEBUG main            d.u.i.k.p.i.AbstractProblemLoader Init config took 3.3s 
112069     INFO  main            d.u.i.k.p.i.AbstractProblemLoader Replaying proof ArrayList[ArrayList::contains(java.lang.Object)].JML normal_behavior operation contract.0 
112071     DEBUG main            d.u.i.k.p.i.IntermediateProofReplayer Proof replay took 6.5ns 
113176     INFO  main            d.u.i.k.p.r.p.TestFile    ... finished proof: closed. 
113471     INFO  main            d.u.i.k.p.i.AbstractProblemLoader Loading environment from /home/runner/work/key/key/key.core/../key.ui/examples/heap/information_flow/ArrayList_get.key.proof 
113471     DEBUG main            d.u.i.k.p.i.AbstractProblemLoader Environment load took 214.5ns 
113473     INFO  main            d.u.i.k.p.i.AbstractProblemLoader Creating init config 
116567     DEBUG main            d.u.i.k.p.i.AbstractProblemLoader Init config took 3.09s 
116611     INFO  main            d.u.i.k.p.i.AbstractProblemLoader Replaying proof ArrayList[ArrayList::contains(java.lang.Object)].JML normal_behavior operation contract.0 
116848     DEBUG main            d.u.i.k.p.i.IntermediateProofReplayer Proof replay took 231.04ms 
116850     DEBUG main            d.u.i.k.p.r.p.TestFile    ... success: reloaded. 
116851     INFO  main            d.u.i.k.p.r.p.TestFile    Now processing file /home/runner/work/key/key/key.core/../key.ui/examples/heap/information_flow/ArrayList_size.key 
116851     INFO  main            d.u.i.k.p.i.AbstractProblemLoader Loading environment from /home/runner/work/key/key/key.core/../key.ui/examples/heap/information_flow/ArrayList_size.key 
116851     DEBUG main            d.u.i.k.p.i.AbstractProblemLoader Environment load took 274.41ns 
116852     INFO  main            d.u.i.k.p.i.AbstractProblemLoader Creating init config 
119985     DEBUG main            d.u.i.k.p.i.AbstractProblemLoader Init config took 3.13s 
120038     INFO  main            d.u.i.k.p.i.AbstractProblemLoader Replaying proof ArrayList[ArrayList::size()].JML normal_behavior operation contract.0 
120039     DEBUG main            d.u.i.k.p.i.IntermediateProofReplayer Proof replay took 6.8ns 
120141     INFO  main            d.u.i.k.p.r.p.TestFile    ... finished proof: closed. 
120461     INFO  main            d.u.i.k.p.i.AbstractProblemLoader Loading environment from /home/runner/work/key/key/key.core/../key.ui/examples/heap/information_flow/ArrayList_size.key.proof 
120461     DEBUG main            d.u.i.k.p.i.AbstractProblemLoader Environment load took 134.2ns 
120463     INFO  main            d.u.i.k.p.i.AbstractProblemLoader Creating init config 
123509     DEBUG main            d.u.i.k.p.i.AbstractProblemLoader Init config took 3.05s 
123556     INFO  main            d.u.i.k.p.i.AbstractProblemLoader Replaying proof ArrayList[ArrayList::size()].JML normal_behavior operation contract.0 
123575     DEBUG main            d.u.i.k.p.i.IntermediateProofReplayer Proof replay took 16ms 
123576     DEBUG main            d.u.i.k.p.r.p.TestFile    ... success: reloaded. 
123577     INFO  main            d.u.i.k.p.r.p.TestFile    Now processing file /home/runner/work/key/key/key.core/../key.ui/examples/heap/information_flow/UpdateAbstraction_ex7_3_secure.key 
123578     INFO  main            d.u.i.k.p.i.AbstractProblemLoader Loading environment from /home/runner/work/key/key/key.core/../key.ui/examples/heap/information_flow/UpdateAbstraction_ex7_3_secure.key 
123579     DEBUG main            d.u.i.k.p.i.AbstractProblemLoader Environment load took 157.9ns 
123582     INFO  main            d.u.i.k.p.i.AbstractProblemLoader Creating init config 
126565     DEBUG main            d.u.i.k.p.i.AbstractProblemLoader Init config took 2.98s 
126607     INFO  main            d.u.i.k.p.i.AbstractProblemLoader Replaying proof UpdateAbstraction[UpdateAbstraction::ex7_3_secure()].JML operation contract.0 
126608     DEBUG main            d.u.i.k.p.i.IntermediateProofReplayer Proof replay took 6.3ns 
126810     INFO  main            d.u.i.k.p.r.p.TestFile    ... finished proof: closed. 
127149     INFO  main            d.u.i.k.p.i.AbstractProblemLoader Loading environment from /home/runner/work/key/key/key.core/../key.ui/examples/heap/information_flow/UpdateAbstraction_ex7_3_secure.key.proof 
127149     DEBUG main            d.u.i.k.p.i.AbstractProblemLoader Environment load took 175.1ns 
127150     INFO  main            d.u.i.k.p.i.AbstractProblemLoader Creating init config 
130127     DEBUG main            d.u.i.k.p.i.AbstractProblemLoader Init config took 2.98s 
130172     INFO  main            d.u.i.k.p.i.AbstractProblemLoader Replaying proof UpdateAbstraction[UpdateAbstraction::ex7_3_secure()].JML operation contract.0 
130215     DEBUG main            d.u.i.k.p.i.IntermediateProofReplayer Proof replay took 35.24ms 
130216     DEBUG main            d.u.i.k.p.r.p.TestFile    ... success: reloaded. 
130217     INFO  main            d.u.i.k.p.r.p.TestFile    Now processing file /home/runner/work/key/key/key.core/../key.ui/examples/heap/information_flow/UpdateAbstraction_ex7_4_secure.key 
130218     INFO  main            d.u.i.k.p.i.AbstractProblemLoader Loading environment from /home/runner/work/key/key/key.core/../key.ui/examples/heap/information_flow/UpdateAbstraction_ex7_4_secure.key 
130218     DEBUG main            d.u.i.k.p.i.AbstractProblemLoader Environment load took 275.11ns 
130219     INFO  main            d.u.i.k.p.i.AbstractProblemLoader Creating init config 
133258     DEBUG main            d.u.i.k.p.i.AbstractProblemLoader Init config took 3.04s 
133296     INFO  main            d.u.i.k.p.i.AbstractProblemLoader Replaying proof UpdateAbstraction[UpdateAbstraction::ex7_4_secure()].JML operation contract.0 
133297     DEBUG main            d.u.i.k.p.i.IntermediateProofReplayer Proof replay took 5.9ns 
133621     INFO  main            d.u.i.k.p.r.p.TestFile    ... finished proof: closed. 
133935     INFO  main            d.u.i.k.p.i.AbstractProblemLoader Loading environment from /home/runner/work/key/key/key.core/../key.ui/examples/heap/information_flow/UpdateAbstraction_ex7_4_secure.key.proof 
133935     DEBUG main            d.u.i.k.p.i.AbstractProblemLoader Environment load took 142.5ns 
133936     INFO  main            d.u.i.k.p.i.AbstractProblemLoader Creating init config 
136937     DEBUG main            d.u.i.k.p.i.AbstractProblemLoader Init config took 3s 
136974     INFO  main            d.u.i.k.p.i.AbstractProblemLoader Replaying proof UpdateAbstraction[UpdateAbstraction::ex7_4_secure()].JML operation contract.0 
137036     DEBUG main            d.u.i.k.p.i.IntermediateProofReplayer Proof replay took 57.85ms 
137037     DEBUG main            d.u.i.k.p.r.p.TestFile    ... success: reloaded. 
137038     INFO  main            d.u.i.k.p.r.p.TestFile    Now processing file /home/runner/work/key/key/key.core/../key.ui/examples/heap/information_flow/UpdateAbstraction_ex7_5_secure.key 
137039     INFO  main            d.u.i.k.p.i.AbstractProblemLoader Loading environment from /home/runner/work/key/key/key.core/../key.ui/examples/heap/information_flow/UpdateAbstraction_ex7_5_secure.key 
137039     DEBUG main            d.u.i.k.p.i.AbstractProblemLoader Environment load took 267.31ns 
137040     INFO  main            d.u.i.k.p.i.AbstractProblemLoader Creating init config 
140120     DEBUG main            d.u.i.k.p.i.AbstractProblemLoader Init config took 3.08s 
140164     INFO  main            d.u.i.k.p.i.AbstractProblemLoader Replaying proof UpdateAbstraction[UpdateAbstraction::ex7_5_secure()].JML operation contract.0 
140165     DEBUG main            d.u.i.k.p.i.IntermediateProofReplayer Proof replay took 7.2ns 
140271     INFO  main            d.u.i.k.p.r.p.TestFile    ... finished proof: closed. 
140600     INFO  main            d.u.i.k.p.i.AbstractProblemLoader Loading environment from /home/runner/work/key/key/key.core/../key.ui/examples/heap/information_flow/UpdateAbstraction_ex7_5_secure.key.proof 
140600     DEBUG main            d.u.i.k.p.i.AbstractProblemLoader Environment load took 139.7ns 
140602     INFO  main            d.u.i.k.p.i.AbstractProblemLoader Creating init config 
143539     DEBUG main            d.u.i.k.p.i.AbstractProblemLoader Init config took 2.94s 
143577     INFO  main            d.u.i.k.p.i.AbstractProblemLoader Replaying proof UpdateAbstraction[UpdateAbstraction::ex7_5_secure()].JML operation contract.0 
143604     DEBUG main            d.u.i.k.p.i.IntermediateProofReplayer Proof replay took 24.53ms 
143605     DEBUG main            d.u.i.k.p.r.p.TestFile    ... success: reloaded. 
143606     INFO  main            d.u.i.k.p.r.p.TestFile    Now processing file /home/runner/work/key/key/key.core/../key.ui/examples/heap/information_flow/UpdateAbstraction_ex7_6_secure.key 
143606     INFO  main            d.u.i.k.p.i.AbstractProblemLoader Loading environment from /home/runner/work/key/key/key.core/../key.ui/examples/heap/information_flow/UpdateAbstraction_ex7_6_secure.key 
143606     DEBUG main            d.u.i.k.p.i.AbstractProblemLoader Environment load took 165.7ns 
143607     INFO  main            d.u.i.k.p.i.AbstractProblemLoader Creating init config 
146617     DEBUG main            d.u.i.k.p.i.AbstractProblemLoader Init config took 3.01s 
146655     INFO  main            d.u.i.k.p.i.AbstractProblemLoader Replaying proof UpdateAbstraction[UpdateAbstraction::ex7_6_secure()].JML operation contract.0 
146657     DEBUG main            d.u.i.k.p.i.IntermediateProofReplayer Proof replay took 22.2ns 
146959     INFO  main            d.u.i.k.p.r.p.TestFile    ... finished proof: closed. 
147297     INFO  main            d.u.i.k.p.i.AbstractProblemLoader Loading environment from /home/runner/work/key/key/key.core/../key.ui/examples/heap/information_flow/UpdateAbstraction_ex7_6_secure.key.proof 
147297     DEBUG main            d.u.i.k.p.i.AbstractProblemLoader Environment load took 138.1ns 
147299     INFO  main            d.u.i.k.p.i.AbstractProblemLoader Creating init config 
150201     DEBUG main            d.u.i.k.p.i.AbstractProblemLoader Init config took 2.9s 
150248     INFO  main            d.u.i.k.p.i.AbstractProblemLoader Replaying proof UpdateAbstraction[UpdateAbstraction::ex7_6_secure()].JML operation contract.0 
150328     DEBUG main            d.u.i.k.p.i.IntermediateProofReplayer Proof replay took 76.26ms 
150329     DEBUG main            d.u.i.k.p.r.p.TestFile    ... success: reloaded. 
150330     INFO  main            d.u.i.k.p.r.p.TestFile    Now processing file /home/runner/work/key/key/key.core/../key.ui/examples/heap/information_flow/UpdateAbstraction_ex9_secure.key 
150330     INFO  main            d.u.i.k.p.i.AbstractProblemLoader Loading environment from /home/runner/work/key/key/key.core/../key.ui/examples/heap/information_flow/UpdateAbstraction_ex9_secure.key 
150330     DEBUG main            d.u.i.k.p.i.AbstractProblemLoader Environment load took 268.71ns 
150331     INFO  main            d.u.i.k.p.i.AbstractProblemLoader Creating init config 
153307     DEBUG main            d.u.i.k.p.i.AbstractProblemLoader Init config took 2.98s 
153348     INFO  main            d.u.i.k.p.i.AbstractProblemLoader Replaying proof UpdateAbstraction[UpdateAbstraction::ex9_secure()].JML operation contract.0 
153349     DEBUG main            d.u.i.k.p.i.IntermediateProofReplayer Proof replay took 6.6ns 
154356     INFO  main            d.u.i.k.p.r.p.TestFile    ... finished proof: closed. 
154736     INFO  main            d.u.i.k.p.i.AbstractProblemLoader Loading environment from /home/runner/work/key/key/key.core/../key.ui/examples/heap/information_flow/UpdateAbstraction_ex9_secure.key.proof 
154736     DEBUG main            d.u.i.k.p.i.AbstractProblemLoader Environment load took 657.71ns 
154738     INFO  main            d.u.i.k.p.i.AbstractProblemLoader Creating init config 
157684     DEBUG main            d.u.i.k.p.i.AbstractProblemLoader Init config took 2.95s 
157722     INFO  main            d.u.i.k.p.i.AbstractProblemLoader Replaying proof UpdateAbstraction[UpdateAbstraction::ex9_secure()].JML operation contract.0 
157968     DEBUG main            d.u.i.k.p.i.IntermediateProofReplayer Proof replay took 241.66ms 
157969     DEBUG main            d.u.i.k.p.r.p.TestFile    ... success: reloaded. 
1081791    INFO  Test worker     d.u.i.k.p.r.RunAllProofsTestUnit Returning from test javaCard 
1081796    INFO  Test worker     d.u.i.k.p.r.RunAllProofsTestUnit Running test list 
359        INFO  Timeout watchdog d.u.i.k.p.r.p.ForkedTestFileRunner Timeout watcher launched (2000 secs.) 
371        WARN  main            d.u.i.k.s.ProofSettings   The settings in /home/runner/.key/proof-settings.props are *not* read. 
400        INFO  main            d.u.i.k.p.r.p.TestFile    Now processing file /home/runner/work/key/key/key.core/../key.ui/examples/heap/list/ArrayList_add.key 
533        INFO  main            d.u.i.k.p.i.AbstractProblemLoader Loading environment from /home/runner/work/key/key/key.core/../key.ui/examples/heap/list/ArrayList_add.key 
558        DEBUG main            d.u.i.k.p.i.AbstractProblemLoader Environment load took 1.7ms 
821        INFO  main            d.u.i.k.p.i.AbstractProblemLoader Creating init config 
2089       DEBUG main            d.u.i.k.j.TypeConverter   No LDT found for Meta 
2090       DEBUG main            d.u.i.k.j.TypeConverter   No LDT found for Meta 
2093       DEBUG main            d.u.i.k.j.TypeConverter   No LDT found for Meta 
2094       DEBUG main            d.u.i.k.j.TypeConverter   No LDT found for Meta 
3734       DEBUG main            d.u.i.k.j.TypeConverter   No LDT found for JavaBigintExpression 
7236       DEBUG main            d.u.i.k.j.r.ClassPreparationMethodBuilder clPrepBuilder: Inner Class detected. Reject building class initialisation methods. 
10527      DEBUG main            d.u.i.k.p.i.AbstractProblemLoader Init config took 9.71s 
10783      INFO  main            d.u.i.k.p.i.AbstractProblemLoader Replaying proof ArrayList[List::add(java.lang.Object)].JML normal_behavior operation contract.0 
10861      DEBUG main            d.u.i.k.p.i.IntermediateProofReplayer Proof replay took 41.8ns 
18383      INFO  main            d.u.i.k.p.r.p.TestFile    ... finished proof: closed. 
18622      INFO  main            d.u.i.k.p.i.AbstractProblemLoader Loading environment from /home/runner/work/key/key/key.core/../key.ui/examples/heap/list/ArrayList_add.key.proof 
18623      DEBUG main            d.u.i.k.p.i.AbstractProblemLoader Environment load took 678.21ns 
18631      INFO  main            d.u.i.k.p.i.AbstractProblemLoader Creating init config 
20048      DEBUG main            d.u.i.k.j.r.ClassPreparationMethodBuilder clPrepBuilder: Inner Class detected. Reject building class initialisation methods. 
22780      DEBUG main            d.u.i.k.p.i.AbstractProblemLoader Init config took 4.15s 
22879      INFO  main            d.u.i.k.p.i.AbstractProblemLoader Replaying proof ArrayList[List::add(java.lang.Object)].JML normal_behavior operation contract.0 
24370      DEBUG main            d.u.i.k.p.i.IntermediateProofReplayer Proof replay took 1.45s 
24381      DEBUG main            d.u.i.k.p.r.p.TestFile    ... success: reloaded. 
24389      INFO  main            d.u.i.k.p.r.p.TestFile    Now processing file /home/runner/work/key/key/key.core/../key.ui/examples/heap/list/ArrayList_ArrayList.key 
24389      INFO  main            d.u.i.k.p.i.AbstractProblemLoader Loading environment from /home/runner/work/key/key/key.core/../key.ui/examples/heap/list/ArrayList_ArrayList.key 
24390      DEBUG main            d.u.i.k.p.i.AbstractProblemLoader Environment load took 521.71ns 
24393      INFO  main            d.u.i.k.p.i.AbstractProblemLoader Creating init config 
25759      DEBUG main            d.u.i.k.j.r.ClassPreparationMethodBuilder clPrepBuilder: Inner Class detected. Reject building class initialisation methods. 
28391      DEBUG main            d.u.i.k.p.i.AbstractProblemLoader Init config took 4s 
28489      INFO  main            d.u.i.k.p.i.AbstractProblemLoader Replaying proof ArrayList[ArrayList::ArrayList()].JML normal_behavior operation contract.0 
28495      DEBUG main            d.u.i.k.p.i.IntermediateProofReplayer Proof replay took 17ns 
30511      INFO  main            d.u.i.k.p.r.p.TestFile    ... finished proof: closed. 
30757      INFO  main            d.u.i.k.p.i.AbstractProblemLoader Loading environment from /home/runner/work/key/key/key.core/../key.ui/examples/heap/list/ArrayList_ArrayList.key.proof 
30757      DEBUG main            d.u.i.k.p.i.AbstractProblemLoader Environment load took 143.8ns 
30761      INFO  main            d.u.i.k.p.i.AbstractProblemLoader Creating init config 
32030      DEBUG main            d.u.i.k.j.r.ClassPreparationMethodBuilder clPrepBuilder: Inner Class detected. Reject building class initialisation methods. 
34639      DEBUG main            d.u.i.k.p.i.AbstractProblemLoader Init config took 3.88s 
34718      INFO  main            d.u.i.k.p.i.AbstractProblemLoader Replaying proof ArrayList[ArrayList::ArrayList()].JML normal_behavior operation contract.0 
35022      DEBUG main            d.u.i.k.p.i.IntermediateProofReplayer Proof replay took 293.94ms 
35026      DEBUG main            d.u.i.k.p.r.p.TestFile    ... success: reloaded. 
35027      INFO  main            d.u.i.k.p.r.p.TestFile    Now processing file /home/runner/work/key/key/key.core/../key.ui/examples/heap/list/ArrayList_concatenate.key 
35028      INFO  main            d.u.i.k.p.i.AbstractProblemLoader Loading environment from /home/runner/work/key/key/key.core/../key.ui/examples/heap/list/ArrayList_concatenate.key 
35028      DEBUG main            d.u.i.k.p.i.AbstractProblemLoader Environment load took 240.5ns 
35030      INFO  main            d.u.i.k.p.i.AbstractProblemLoader Creating init config 
36260      DEBUG main            d.u.i.k.j.r.ClassPreparationMethodBuilder clPrepBuilder: Inner Class detected. Reject building class initialisation methods. 
38822      DEBUG main            d.u.i.k.p.i.AbstractProblemLoader Init config took 3.79s 
38883      INFO  main            d.u.i.k.p.i.AbstractProblemLoader Replaying proof ArrayList[List::concatenate(List)].JML normal_behavior operation contract.0 
38885      DEBUG main            d.u.i.k.p.i.IntermediateProofReplayer Proof replay took 5.8ns 
69031      INFO  main            d.u.i.k.p.r.p.TestFile    ... finished proof: closed. 
69307      INFO  main            d.u.i.k.p.i.AbstractProblemLoader Loading environment from /home/runner/work/key/key/key.core/../key.ui/examples/heap/list/ArrayList_concatenate.key.proof 
69307      DEBUG main            d.u.i.k.p.i.AbstractProblemLoader Environment load took 684.51ns 
69311      INFO  main            d.u.i.k.p.i.AbstractProblemLoader Creating init config 
70483      DEBUG main            d.u.i.k.j.r.ClassPreparationMethodBuilder clPrepBuilder: Inner Class detected. Reject building class initialisation methods. 
73242      DEBUG main            d.u.i.k.p.i.AbstractProblemLoader Init config took 3.93s 
73339      INFO  main            d.u.i.k.p.i.AbstractProblemLoader Replaying proof ArrayList[List::concatenate(List)].JML normal_behavior operation contract.0 
76355      DEBUG main            d.u.i.k.p.i.IntermediateProofReplayer Proof replay took 2.93s 
76359      DEBUG main            d.u.i.k.p.r.p.TestFile    ... success: reloaded. 
76360      INFO  main            d.u.i.k.p.r.p.TestFile    Now processing file /home/runner/work/key/key/key.core/../key.ui/examples/heap/list/ArrayList_contains_dep.key 
76361      INFO  main            d.u.i.k.p.i.AbstractProblemLoader Loading environment from /home/runner/work/key/key/key.core/../key.ui/examples/heap/list/ArrayList_contains_dep.key 
76361      DEBUG main            d.u.i.k.p.i.AbstractProblemLoader Environment load took 297.81ns 
76362      INFO  main            d.u.i.k.p.i.AbstractProblemLoader Creating init config 
77604      DEBUG main            d.u.i.k.j.r.ClassPreparationMethodBuilder clPrepBuilder: Inner Class detected. Reject building class initialisation methods. 
80289      DEBUG main            d.u.i.k.p.i.AbstractProblemLoader Init config took 3.93s 
80363      INFO  main            d.u.i.k.p.i.AbstractProblemLoader Replaying proof ArrayList[List::contains(java.lang.Object)].JML accessible clause.0 
80366      DEBUG main            d.u.i.k.p.i.IntermediateProofReplayer Proof replay took 6.6ns 
84007      INFO  main            d.u.i.k.p.r.p.TestFile    ... finished proof: closed. 
84272      INFO  main            d.u.i.k.p.i.AbstractProblemLoader Loading environment from /home/runner/work/key/key/key.core/../key.ui/examples/heap/list/ArrayList_contains_dep.key.proof 
84273      DEBUG main            d.u.i.k.p.i.AbstractProblemLoader Environment load took 838.42ns 
84275      INFO  main            d.u.i.k.p.i.AbstractProblemLoader Creating init config 
85613      DEBUG main            d.u.i.k.j.r.ClassPreparationMethodBuilder clPrepBuilder: Inner Class detected. Reject building class initialisation methods. 
88468      DEBUG main            d.u.i.k.p.i.AbstractProblemLoader Init config took 4.19s 
88535      INFO  main            d.u.i.k.p.i.AbstractProblemLoader Replaying proof ArrayList[List::contains(java.lang.Object)].JML accessible clause.0 
89233      DEBUG main            d.u.i.k.p.i.IntermediateProofReplayer Proof replay took 684.73ms 
89235      DEBUG main            d.u.i.k.p.r.p.TestFile    ... success: reloaded. 
89237      INFO  main            d.u.i.k.p.r.p.TestFile    Now processing file /home/runner/work/key/key/key.core/../key.ui/examples/heap/list/ArrayList_enlarge.key 
89237      INFO  main            d.u.i.k.p.i.AbstractProblemLoader Loading environment from /home/runner/work/key/key/key.core/../key.ui/examples/heap/list/ArrayList_enlarge.key 
89237      DEBUG main            d.u.i.k.p.i.AbstractProblemLoader Environment load took 292.41ns 
89238      INFO  main            d.u.i.k.p.i.AbstractProblemLoader Creating init config 
90655      DEBUG main            d.u.i.k.j.r.ClassPreparationMethodBuilder clPrepBuilder: Inner Class detected. Reject building class initialisation methods. 
93578      DEBUG main            d.u.i.k.p.i.AbstractProblemLoader Init config took 4.34s 
93660      INFO  main            d.u.i.k.p.i.AbstractProblemLoader Replaying proof ArrayList[ArrayList::enlarge()].JML normal_behavior operation contract.0 
93663      DEBUG main            d.u.i.k.p.i.IntermediateProofReplayer Proof replay took 5.6ns 
96804      INFO  main            d.u.i.k.p.r.p.TestFile    ... finished proof: closed. 
97072      INFO  main            d.u.i.k.p.i.AbstractProblemLoader Loading environment from /home/runner/work/key/key/key.core/../key.ui/examples/heap/list/ArrayList_enlarge.key.proof 
97073      DEBUG main            d.u.i.k.p.i.AbstractProblemLoader Environment load took 564.31ns 
97077      INFO  main            d.u.i.k.p.i.AbstractProblemLoader Creating init config 
98419      DEBUG main            d.u.i.k.j.r.ClassPreparationMethodBuilder clPrepBuilder: Inner Class detected. Reject building class initialisation methods. 
101164     DEBUG main            d.u.i.k.p.i.AbstractProblemLoader Init config took 4.09s 
101250     INFO  main            d.u.i.k.p.i.AbstractProblemLoader Replaying proof ArrayList[ArrayList::enlarge()].JML normal_behavior operation contract.0 
101810     DEBUG main            d.u.i.k.p.i.IntermediateProofReplayer Proof replay took 549.29ms 
101812     DEBUG main            d.u.i.k.p.r.p.TestFile    ... success: reloaded. 
101814     INFO  main            d.u.i.k.p.r.p.TestFile    Now processing file /home/runner/work/key/key/key.core/../key.ui/examples/heap/list/ArrayList_footprint.key 
101814     INFO  main            d.u.i.k.p.i.AbstractProblemLoader Loading environment from /home/runner/work/key/key/key.core/../key.ui/examples/heap/list/ArrayList_footprint.key 
101815     DEBUG main            d.u.i.k.p.i.AbstractProblemLoader Environment load took 301.4ns 
101817     INFO  main            d.u.i.k.p.i.AbstractProblemLoader Creating init config 
103095     DEBUG main            d.u.i.k.j.r.ClassPreparationMethodBuilder clPrepBuilder: Inner Class detected. Reject building class initialisation methods. 
105760     DEBUG main            d.u.i.k.p.i.AbstractProblemLoader Init config took 3.94s 
105834     INFO  main            d.u.i.k.p.i.AbstractProblemLoader Replaying proof List[List::$footprint()].JML accessible clause.0 
105836     DEBUG main            d.u.i.k.p.i.IntermediateProofReplayer Proof replay took 5.8ns 
105938     INFO  main            d.u.i.k.p.r.p.TestFile    ... finished proof: closed. 
106146     INFO  main            d.u.i.k.p.i.AbstractProblemLoader Loading environment from /home/runner/work/key/key/key.core/../key.ui/examples/heap/list/ArrayList_footprint.key.proof 
106147     DEBUG main            d.u.i.k.p.i.AbstractProblemLoader Environment load took 130.6ns 
106148     INFO  main            d.u.i.k.p.i.AbstractProblemLoader Creating init config 
107331     DEBUG main            d.u.i.k.j.r.ClassPreparationMethodBuilder clPrepBuilder: Inner Class detected. Reject building class initialisation methods. 
110059     DEBUG main            d.u.i.k.p.i.AbstractProblemLoader Init config took 3.91s 
110116     INFO  main            d.u.i.k.p.i.AbstractProblemLoader Replaying proof List[List::$footprint()].JML accessible clause.0 
110120     DEBUG main            d.u.i.k.p.i.IntermediateProofReplayer Proof replay took 1.46ms 
110121     DEBUG main            d.u.i.k.p.r.p.TestFile    ... success: reloaded. 
110123     INFO  main            d.u.i.k.p.r.p.TestFile    Now processing file /home/runner/work/key/key/key.core/../key.ui/examples/heap/list/ArrayList_get_dep.key 
110123     INFO  main            d.u.i.k.p.i.AbstractProblemLoader Loading environment from /home/runner/work/key/key/key.core/../key.ui/examples/heap/list/ArrayList_get_dep.key 
110124     DEBUG main            d.u.i.k.p.i.AbstractProblemLoader Environment load took 385.31ns 
110126     INFO  main            d.u.i.k.p.i.AbstractProblemLoader Creating init config 
111343     DEBUG main            d.u.i.k.j.r.ClassPreparationMethodBuilder clPrepBuilder: Inner Class detected. Reject building class initialisation methods. 
114034     DEBUG main            d.u.i.k.p.i.AbstractProblemLoader Init config took 3.91s 
114092     INFO  main            d.u.i.k.p.i.AbstractProblemLoader Replaying proof ArrayList[List::get(int)].JML accessible clause.0 
114094     DEBUG main            d.u.i.k.p.i.IntermediateProofReplayer Proof replay took 7.6ns 
114605     INFO  main            d.u.i.k.p.r.p.TestFile    ... finished proof: closed. 
114866     INFO  main            d.u.i.k.p.i.AbstractProblemLoader Loading environment from /home/runner/work/key/key/key.core/../key.ui/examples/heap/list/ArrayList_get_dep.key.proof 
114866     DEBUG main            d.u.i.k.p.i.AbstractProblemLoader Environment load took 175.4ns 
114868     INFO  main            d.u.i.k.p.i.AbstractProblemLoader Creating init config 
116091     DEBUG main            d.u.i.k.j.r.ClassPreparationMethodBuilder clPrepBuilder: Inner Class detected. Reject building class initialisation methods. 
118761     DEBUG main            d.u.i.k.p.i.AbstractProblemLoader Init config took 3.89s 
118825     INFO  main            d.u.i.k.p.i.AbstractProblemLoader Replaying proof ArrayList[List::get(int)].JML accessible clause.0 
118940     DEBUG main            d.u.i.k.p.i.IntermediateProofReplayer Proof replay took 109.82ms 
118943     DEBUG main            d.u.i.k.p.r.p.TestFile    ... success: reloaded. 
118945     INFO  main            d.u.i.k.p.r.p.TestFile    Now processing file /home/runner/work/key/key/key.core/../key.ui/examples/heap/list/ArrayList_get_exceptional.key 
118945     INFO  main            d.u.i.k.p.i.AbstractProblemLoader Loading environment from /home/runner/work/key/key/key.core/../key.ui/examples/heap/list/ArrayList_get_exceptional.key 
118945     DEBUG main            d.u.i.k.p.i.AbstractProblemLoader Environment load took 351.21ns 
118947     INFO  main            d.u.i.k.p.i.AbstractProblemLoader Creating init config 
120224     DEBUG main            d.u.i.k.j.r.ClassPreparationMethodBuilder clPrepBuilder: Inner Class detected. Reject building class initialisation methods. 
122940     DEBUG main            d.u.i.k.p.i.AbstractProblemLoader Init config took 3.99s 
122994     INFO  main            d.u.i.k.p.i.AbstractProblemLoader Replaying proof ArrayList[List::get(int)].JML exceptional_behavior operation contract.0 
122996     DEBUG main            d.u.i.k.p.i.IntermediateProofReplayer Proof replay took 6.1ns 
124502     INFO  main            d.u.i.k.p.r.p.TestFile    ... finished proof: closed. 
124787     INFO  main            d.u.i.k.p.i.AbstractProblemLoader Loading environment from /home/runner/work/key/key/key.core/../key.ui/examples/heap/list/ArrayList_get_exceptional.key.proof 
124788     DEBUG main            d.u.i.k.p.i.AbstractProblemLoader Environment load took 235.3ns 
124789     INFO  main            d.u.i.k.p.i.AbstractProblemLoader Creating init config 
126011     DEBUG main            d.u.i.k.j.r.ClassPreparationMethodBuilder clPrepBuilder: Inner Class detected. Reject building class initialisation methods. 
128710     DEBUG main            d.u.i.k.p.i.AbstractProblemLoader Init config took 3.92s 
128769     INFO  main            d.u.i.k.p.i.AbstractProblemLoader Replaying proof ArrayList[List::get(int)].JML exceptional_behavior operation contract.0 
129080     DEBUG main            d.u.i.k.p.i.IntermediateProofReplayer Proof replay took 299.99ms 
129082     DEBUG main            d.u.i.k.p.r.p.TestFile    ... success: reloaded. 
129084     INFO  main            d.u.i.k.p.r.p.TestFile    Now processing file /home/runner/work/key/key/key.core/../key.ui/examples/heap/list/ArrayList_get_normal.key 
129085     INFO  main            d.u.i.k.p.i.AbstractProblemLoader Loading environment from /home/runner/work/key/key/key.core/../key.ui/examples/heap/list/ArrayList_get_normal.key 
129085     DEBUG main            d.u.i.k.p.i.AbstractProblemLoader Environment load took 249.4ns 
129086     INFO  main            d.u.i.k.p.i.AbstractProblemLoader Creating init config 
130310     DEBUG main            d.u.i.k.j.r.ClassPreparationMethodBuilder clPrepBuilder: Inner Class detected. Reject building class initialisation methods. 
132975     DEBUG main            d.u.i.k.p.i.AbstractProblemLoader Init config took 3.89s 
133029     INFO  main            d.u.i.k.p.i.AbstractProblemLoader Replaying proof ArrayList[List::get(int)].JML normal_behavior operation contract.0 
133031     DEBUG main            d.u.i.k.p.i.IntermediateProofReplayer Proof replay took 6.3ns 
133660     INFO  main            d.u.i.k.p.r.p.TestFile    ... finished proof: closed. 
133919     INFO  main            d.u.i.k.p.i.AbstractProblemLoader Loading environment from /home/runner/work/key/key/key.core/../key.ui/examples/heap/list/ArrayList_get_normal.key.proof 
133921     DEBUG main            d.u.i.k.p.i.AbstractProblemLoader Environment load took 1.64ms 
133922     INFO  main            d.u.i.k.p.i.AbstractProblemLoader Creating init config 
135198     DEBUG main            d.u.i.k.j.r.ClassPreparationMethodBuilder clPrepBuilder: Inner Class detected. Reject building class initialisation methods. 
137998     DEBUG main            d.u.i.k.p.i.AbstractProblemLoader Init config took 4.08s 
138060     INFO  main            d.u.i.k.p.i.AbstractProblemLoader Replaying proof ArrayList[List::get(int)].JML normal_behavior operation contract.0 
138177     DEBUG main            d.u.i.k.p.i.IntermediateProofReplayer Proof replay took 112.11ms 
138180     DEBUG main            d.u.i.k.p.r.p.TestFile    ... success: reloaded. 
138182     INFO  main            d.u.i.k.p.r.p.TestFile    Now processing file /home/runner/work/key/key/key.core/../key.ui/examples/heap/list/ArrayList_inv.key 
138183     INFO  main            d.u.i.k.p.i.AbstractProblemLoader Loading environment from /home/runner/work/key/key/key.core/../key.ui/examples/heap/list/ArrayList_inv.key 
138183     DEBUG main            d.u.i.k.p.i.AbstractProblemLoader Environment load took 306.31ns 
138185     INFO  main            d.u.i.k.p.i.AbstractProblemLoader Creating init config 
139476     DEBUG main            d.u.i.k.j.r.ClassPreparationMethodBuilder clPrepBuilder: Inner Class detected. Reject building class initialisation methods. 
142245     DEBUG main            d.u.i.k.p.i.AbstractProblemLoader Init config took 4.06s 
142308     INFO  main            d.u.i.k.p.i.AbstractProblemLoader Replaying proof ArrayList[java.lang.Object::<inv>()].JML accessible clause.0 
142310     DEBUG main            d.u.i.k.p.i.IntermediateProofReplayer Proof replay took 6.5ns 
142814     INFO  main            d.u.i.k.p.r.p.TestFile    ... finished proof: closed. 
143122     INFO  main            d.u.i.k.p.i.AbstractProblemLoader Loading environment from /home/runner/work/key/key/key.core/../key.ui/examples/heap/list/ArrayList_inv.key.proof 
143122     DEBUG main            d.u.i.k.p.i.AbstractProblemLoader Environment load took 182.5ns 
143123     INFO  main            d.u.i.k.p.i.AbstractProblemLoader Creating init config 
144415     DEBUG main            d.u.i.k.j.r.ClassPreparationMethodBuilder clPrepBuilder: Inner Class detected. Reject building class initialisation methods. 
147222     DEBUG main            d.u.i.k.p.i.AbstractProblemLoader Init config took 4.1s 
147280     INFO  main            d.u.i.k.p.i.AbstractProblemLoader Replaying proof ArrayList[java.lang.Object::<inv>()].JML accessible clause.0 
147343     DEBUG main            d.u.i.k.p.i.IntermediateProofReplayer Proof replay took 57.22ms 
147349     DEBUG main            d.u.i.k.p.r.p.TestFile    ... success: reloaded. 
147351     INFO  main            d.u.i.k.p.r.p.TestFile    Now processing file /home/runner/work/key/key/key.core/../key.ui/examples/heap/list/ArrayList_iterator.key 
147351     INFO  main            d.u.i.k.p.i.AbstractProblemLoader Loading environment from /home/runner/work/key/key/key.core/../key.ui/examples/heap/list/ArrayList_iterator.key 
147352     DEBUG main            d.u.i.k.p.i.AbstractProblemLoader Environment load took 376.51ns 
147353     INFO  main            d.u.i.k.p.i.AbstractProblemLoader Creating init config 
148589     DEBUG main            d.u.i.k.j.r.ClassPreparationMethodBuilder clPrepBuilder: Inner Class detected. Reject building class initialisation methods. 
151351     DEBUG main            d.u.i.k.p.i.AbstractProblemLoader Init config took 4s 
151414     INFO  main            d.u.i.k.p.i.AbstractProblemLoader Replaying proof ArrayList[List::iterator()].JML normal_behavior operation contract.0 
151416     DEBUG main            d.u.i.k.p.i.IntermediateProofReplayer Proof replay took 6.8ns 
152126     INFO  main            d.u.i.k.p.r.p.TestFile    ... finished proof: closed. 
152453     INFO  main            d.u.i.k.p.i.AbstractProblemLoader Loading environment from /home/runner/work/key/key/key.core/../key.ui/examples/heap/list/ArrayList_iterator.key.proof 
152453     DEBUG main            d.u.i.k.p.i.AbstractProblemLoader Environment load took 614.61ns 
152456     INFO  main            d.u.i.k.p.i.AbstractProblemLoader Creating init config 
153753     DEBUG main            d.u.i.k.j.r.ClassPreparationMethodBuilder clPrepBuilder: Inner Class detected. Reject building class initialisation methods. 
156665     DEBUG main            d.u.i.k.p.i.AbstractProblemLoader Init config took 4.21s 
156726     INFO  main            d.u.i.k.p.i.AbstractProblemLoader Replaying proof ArrayList[List::iterator()].JML normal_behavior operation contract.0 
156851     DEBUG main            d.u.i.k.p.i.IntermediateProofReplayer Proof replay took 117.05ms 
156852     DEBUG main            d.u.i.k.p.r.p.TestFile    ... success: reloaded. 
156853     INFO  main            d.u.i.k.p.r.p.TestFile    Now processing file /home/runner/work/key/key/key.core/../key.ui/examples/heap/list/ArrayList_size_dep.key 
156854     INFO  main            d.u.i.k.p.i.AbstractProblemLoader Loading environment from /home/runner/work/key/key/key.core/../key.ui/examples/heap/list/ArrayList_size_dep.key 
156854     DEBUG main            d.u.i.k.p.i.AbstractProblemLoader Environment load took 335.41ns 
156855     INFO  main            d.u.i.k.p.i.AbstractProblemLoader Creating init config 
158120     DEBUG main            d.u.i.k.j.r.ClassPreparationMethodBuilder clPrepBuilder: Inner Class detected. Reject building class initialisation methods. 
160721     DEBUG main            d.u.i.k.p.i.AbstractProblemLoader Init config took 3.87s 
160773     INFO  main            d.u.i.k.p.i.AbstractProblemLoader Replaying proof ArrayList[List::size()].JML accessible clause.0 
160776     DEBUG main            d.u.i.k.p.i.IntermediateProofReplayer Proof replay took 347.51ns 
160978     INFO  main            d.u.i.k.p.r.p.TestFile    ... finished proof: closed. 
161271     INFO  main            d.u.i.k.p.i.AbstractProblemLoader Loading environment from /home/runner/work/key/key/key.core/../key.ui/examples/heap/list/ArrayList_size_dep.key.proof 
161271     DEBUG main            d.u.i.k.p.i.AbstractProblemLoader Environment load took 145.3ns 
161273     INFO  main            d.u.i.k.p.i.AbstractProblemLoader Creating init config 
162501     DEBUG main            d.u.i.k.j.r.ClassPreparationMethodBuilder clPrepBuilder: Inner Class detected. Reject building class initialisation methods. 
164968     DEBUG main            d.u.i.k.p.i.AbstractProblemLoader Init config took 3.7s 
165019     INFO  main            d.u.i.k.p.i.AbstractProblemLoader Replaying proof ArrayList[List::size()].JML accessible clause.0 
165057     DEBUG main            d.u.i.k.p.i.IntermediateProofReplayer Proof replay took 35.22ms 
165058     DEBUG main            d.u.i.k.p.r.p.TestFile    ... success: reloaded. 
165059     INFO  main            d.u.i.k.p.r.p.TestFile    Now processing file /home/runner/work/key/key/key.core/../key.ui/examples/heap/list/ArrayList_size.key 
165060     INFO  main            d.u.i.k.p.i.AbstractProblemLoader Loading environment from /home/runner/work/key/key/key.core/../key.ui/examples/heap/list/ArrayList_size.key 
165060     DEBUG main            d.u.i.k.p.i.AbstractProblemLoader Environment load took 168.4ns 
165061     INFO  main            d.u.i.k.p.i.AbstractProblemLoader Creating init config 
166242     DEBUG main            d.u.i.k.j.r.ClassPreparationMethodBuilder clPrepBuilder: Inner Class detected. Reject building class initialisation methods. 
168757     DEBUG main            d.u.i.k.p.i.AbstractProblemLoader Init config took 3.7s 
168808     INFO  main            d.u.i.k.p.i.AbstractProblemLoader Replaying proof ArrayList[List::size()].JML normal_behavior operation contract.0 
168809     DEBUG main            d.u.i.k.p.i.IntermediateProofReplayer Proof replay took 6.6ns 
169112     INFO  main            d.u.i.k.p.r.p.TestFile    ... finished proof: closed. 
169416     INFO  main            d.u.i.k.p.i.AbstractProblemLoader Loading environment from /home/runner/work/key/key/key.core/../key.ui/examples/heap/list/ArrayList_size.key.proof 
169416     DEBUG main            d.u.i.k.p.i.AbstractProblemLoader Environment load took 126.1ns 
169418     INFO  main            d.u.i.k.p.i.AbstractProblemLoader Creating init config 
170583     DEBUG main            d.u.i.k.j.r.ClassPreparationMethodBuilder clPrepBuilder: Inner Class detected. Reject building class initialisation methods. 
173079     DEBUG main            d.u.i.k.p.i.AbstractProblemLoader Init config took 3.66s 
173127     INFO  main            d.u.i.k.p.i.AbstractProblemLoader Replaying proof ArrayList[List::size()].JML normal_behavior operation contract.0 
173177     DEBUG main            d.u.i.k.p.i.IntermediateProofReplayer Proof replay took 47.46ms 
173178     DEBUG main            d.u.i.k.p.r.p.TestFile    ... success: reloaded. 
173179     INFO  main            d.u.i.k.p.r.p.TestFile    Now processing file /home/runner/work/key/key/key.core/../key.ui/examples/heap/list/ArrayList.ArrayListIterator_ArrayListIterator.key 
173180     INFO  main            d.u.i.k.p.i.AbstractProblemLoader Loading environment from /home/runner/work/key/key/key.core/../key.ui/examples/heap/list/ArrayList.ArrayListIterator_ArrayListIterator.key 
173180     DEBUG main            d.u.i.k.p.i.AbstractProblemLoader Environment load took 124.8ns 
173181     INFO  main            d.u.i.k.p.i.AbstractProblemLoader Creating init config 
174359     DEBUG main            d.u.i.k.j.r.ClassPreparationMethodBuilder clPrepBuilder: Inner Class detected. Reject building class initialisation methods. 
176866     DEBUG main            d.u.i.k.p.i.AbstractProblemLoader Init config took 3.69s 
176931     INFO  main            d.u.i.k.p.i.AbstractProblemLoader Replaying proof ArrayList.ArrayListIterator[ArrayList.ArrayListIterator::ArrayListIterator(ArrayList)].JML normal_behavior operation contract.0 
176933     DEBUG main            d.u.i.k.p.i.IntermediateProofReplayer Proof replay took 6.6ns 
177739     INFO  main            d.u.i.k.p.r.p.TestFile    ... finished proof: closed. 
178038     INFO  main            d.u.i.k.p.i.AbstractProblemLoader Loading environment from /home/runner/work/key/key/key.core/../key.ui/examples/heap/list/ArrayList.ArrayListIterator_ArrayListIterator.key.proof 
178038     DEBUG main            d.u.i.k.p.i.AbstractProblemLoader Environment load took 142.4ns 
178039     INFO  main            d.u.i.k.p.i.AbstractProblemLoader Creating init config 
179157     DEBUG main            d.u.i.k.j.r.ClassPreparationMethodBuilder clPrepBuilder: Inner Class detected. Reject building class initialisation methods. 
181874     DEBUG main            d.u.i.k.p.i.AbstractProblemLoader Init config took 3.83s 
181946     INFO  main            d.u.i.k.p.i.AbstractProblemLoader Replaying proof ArrayList.ArrayListIterator[ArrayList.ArrayListIterator::ArrayListIterator(ArrayList)].JML normal_behavior operation contract.0 
182122     DEBUG main            d.u.i.k.p.i.IntermediateProofReplayer Proof replay took 169.3ms 
182124     DEBUG main            d.u.i.k.p.r.p.TestFile    ... success: reloaded. 
182125     INFO  main            d.u.i.k.p.r.p.TestFile    Now processing file /home/runner/work/key/key/key.core/../key.ui/examples/heap/list/ArrayList.ArrayListIterator_hasNext_dep.key 
182126     INFO  main            d.u.i.k.p.i.AbstractProblemLoader Loading environment from /home/runner/work/key/key/key.core/../key.ui/examples/heap/list/ArrayList.ArrayListIterator_hasNext_dep.key 
182126     DEBUG main            d.u.i.k.p.i.AbstractProblemLoader Environment load took 114.7ns 
182127     INFO  main            d.u.i.k.p.i.AbstractProblemLoader Creating init config 
183407     DEBUG main            d.u.i.k.j.r.ClassPreparationMethodBuilder clPrepBuilder: Inner Class detected. Reject building class initialisation methods. 
186080     DEBUG main            d.u.i.k.p.i.AbstractProblemLoader Init config took 3.95s 
186141     INFO  main            d.u.i.k.p.i.AbstractProblemLoader Replaying proof ArrayList.ArrayListIterator[ListIterator::hasNext()].JML accessible clause.0 
186143     DEBUG main            d.u.i.k.p.i.IntermediateProofReplayer Proof replay took 7.1ns 
186650     INFO  main            d.u.i.k.p.r.p.TestFile    ... finished proof: closed. 
187003     INFO  main            d.u.i.k.p.i.AbstractProblemLoader Loading environment from /home/runner/work/key/key/key.core/../key.ui/examples/heap/list/ArrayList.ArrayListIterator_hasNext_dep.key.proof 
187004     DEBUG main            d.u.i.k.p.i.AbstractProblemLoader Environment load took 675.81ns 
187006     INFO  main            d.u.i.k.p.i.AbstractProblemLoader Creating init config 
188266     DEBUG main            d.u.i.k.j.r.ClassPreparationMethodBuilder clPrepBuilder: Inner Class detected. Reject building class initialisation methods. 
190955     DEBUG main            d.u.i.k.p.i.AbstractProblemLoader Init config took 3.95s 
191022     INFO  main            d.u.i.k.p.i.AbstractProblemLoader Replaying proof ArrayList.ArrayListIterator[ListIterator::hasNext()].JML accessible clause.0 
191097     DEBUG main            d.u.i.k.p.i.IntermediateProofReplayer Proof replay took 72.54ms 
191100     DEBUG main            d.u.i.k.p.r.p.TestFile    ... success: reloaded. 
191101     INFO  main            d.u.i.k.p.r.p.TestFile    Now processing file /home/runner/work/key/key/key.core/../key.ui/examples/heap/list/ArrayList.ArrayListIterator_hasNext.key 
191101     INFO  main            d.u.i.k.p.i.AbstractProblemLoader Loading environment from /home/runner/work/key/key/key.core/../key.ui/examples/heap/list/ArrayList.ArrayListIterator_hasNext.key 
191101     DEBUG main            d.u.i.k.p.i.AbstractProblemLoader Environment load took 123.1ns 
191102     INFO  main            d.u.i.k.p.i.AbstractProblemLoader Creating init config 
192458     DEBUG main            d.u.i.k.j.r.ClassPreparationMethodBuilder clPrepBuilder: Inner Class detected. Reject building class initialisation methods. 
195344     DEBUG main            d.u.i.k.p.i.AbstractProblemLoader Init config took 4.24s 
195414     INFO  main            d.u.i.k.p.i.AbstractProblemLoader Replaying proof ArrayList.ArrayListIterator[ListIterator::hasNext()].JML normal_behavior operation contract.0 
195416     DEBUG main            d.u.i.k.p.i.IntermediateProofReplayer Proof replay took 7.8ns 
195919     INFO  main            d.u.i.k.p.r.p.TestFile    ... finished proof: closed. 
196242     INFO  main            d.u.i.k.p.i.AbstractProblemLoader Loading environment from /home/runner/work/key/key/key.core/../key.ui/examples/heap/list/ArrayList.ArrayListIterator_hasNext.key.proof 
196242     DEBUG main            d.u.i.k.p.i.AbstractProblemLoader Environment load took 127.2ns 
196249     INFO  main            d.u.i.k.p.i.AbstractProblemLoader Creating init config 
197554     DEBUG main            d.u.i.k.j.r.ClassPreparationMethodBuilder clPrepBuilder: Inner Class detected. Reject building class initialisation methods. 
200286     DEBUG main            d.u.i.k.p.i.AbstractProblemLoader Init config took 4.04s 
200359     INFO  main            d.u.i.k.p.i.AbstractProblemLoader Replaying proof ArrayList.ArrayListIterator[ListIterator::hasNext()].JML normal_behavior operation contract.0 
200438     DEBUG main            d.u.i.k.p.i.IntermediateProofReplayer Proof replay took 75.96ms 
200440     DEBUG main            d.u.i.k.p.r.p.TestFile    ... success: reloaded. 
200444     INFO  main            d.u.i.k.p.r.p.TestFile    Now processing file /home/runner/work/key/key/key.core/../key.ui/examples/heap/list/ArrayList.ArrayListIterator_inv.key 
200445     INFO  main            d.u.i.k.p.i.AbstractProblemLoader Loading environment from /home/runner/work/key/key/key.core/../key.ui/examples/heap/list/ArrayList.ArrayListIterator_inv.key 
200445     DEBUG main            d.u.i.k.p.i.AbstractProblemLoader Environment load took 367.41ns 
200447     INFO  main            d.u.i.k.p.i.AbstractProblemLoader Creating init config 
201656     DEBUG main            d.u.i.k.j.r.ClassPreparationMethodBuilder clPrepBuilder: Inner Class detected. Reject building class initialisation methods. 
204301     DEBUG main            d.u.i.k.p.i.AbstractProblemLoader Init config took 3.85s 
204369     INFO  main            d.u.i.k.p.i.AbstractProblemLoader Replaying proof ArrayList.ArrayListIterator[java.lang.Object::<inv>()].JML accessible clause.0 
204372     DEBUG main            d.u.i.k.p.i.IntermediateProofReplayer Proof replay took 6.5ns 
205577     INFO  main            d.u.i.k.p.r.p.TestFile    ... finished proof: closed. 
205902     INFO  main            d.u.i.k.p.i.AbstractProblemLoader Loading environment from /home/runner/work/key/key/key.core/../key.ui/examples/heap/list/ArrayList.ArrayListIterator_inv.key.proof 
205902     DEBUG main            d.u.i.k.p.i.AbstractProblemLoader Environment load took 123.1ns 
205903     INFO  main            d.u.i.k.p.i.AbstractProblemLoader Creating init config 
207102     DEBUG main            d.u.i.k.j.r.ClassPreparationMethodBuilder clPrepBuilder: Inner Class detected. Reject building class initialisation methods. 
209688     DEBUG main            d.u.i.k.p.i.AbstractProblemLoader Init config took 3.78s 
209752     INFO  main            d.u.i.k.p.i.AbstractProblemLoader Replaying proof ArrayList.ArrayListIterator[java.lang.Object::<inv>()].JML accessible clause.0 
209876     DEBUG main            d.u.i.k.p.i.IntermediateProofReplayer Proof replay took 116.97ms 
209878     DEBUG main            d.u.i.k.p.r.p.TestFile    ... success: reloaded. 
209880     INFO  main            d.u.i.k.p.r.p.TestFile    Now processing file /home/runner/work/key/key/key.core/../key.ui/examples/heap/list/ArrayList.ArrayListIterator_list.key 
209881     INFO  main            d.u.i.k.p.i.AbstractProblemLoader Loading environment from /home/runner/work/key/key/key.core/../key.ui/examples/heap/list/ArrayList.ArrayListIterator_list.key 
209881     DEBUG main            d.u.i.k.p.i.AbstractProblemLoader Environment load took 304.6ns 
209884     INFO  main            d.u.i.k.p.i.AbstractProblemLoader Creating init config 
211074     DEBUG main            d.u.i.k.j.r.ClassPreparationMethodBuilder clPrepBuilder: Inner Class detected. Reject building class initialisation methods. 
213552     DEBUG main            d.u.i.k.p.i.AbstractProblemLoader Init config took 3.67s 
213594     INFO  main            d.u.i.k.p.i.AbstractProblemLoader Replaying proof ListIterator[ListIterator::$list()].JML accessible clause.0 
213597     DEBUG main            d.u.i.k.p.i.IntermediateProofReplayer Proof replay took 6.6ns 
213699     INFO  main            d.u.i.k.p.r.p.TestFile    ... finished proof: closed. 
214002     INFO  main            d.u.i.k.p.i.AbstractProblemLoader Loading environment from /home/runner/work/key/key/key.core/../key.ui/examples/heap/list/ArrayList.ArrayListIterator_list.key.proof 
214002     DEBUG main            d.u.i.k.p.i.AbstractProblemLoader Environment load took 150.9ns 
214003     INFO  main            d.u.i.k.p.i.AbstractProblemLoader Creating init config 
215155     DEBUG main            d.u.i.k.j.r.ClassPreparationMethodBuilder clPrepBuilder: Inner Class detected. Reject building class initialisation methods. 
217597     DEBUG main            d.u.i.k.p.i.AbstractProblemLoader Init config took 3.59s 
217644     INFO  main            d.u.i.k.p.i.AbstractProblemLoader Replaying proof ListIterator[ListIterator::$list()].JML accessible clause.0 
217647     DEBUG main            d.u.i.k.p.i.IntermediateProofReplayer Proof replay took 1.73ms 
217648     DEBUG main            d.u.i.k.p.r.p.TestFile    ... success: reloaded. 
217649     INFO  main            d.u.i.k.p.r.p.TestFile    Now processing file /home/runner/work/key/key/key.core/../key.ui/examples/heap/list/ArrayList.ArrayListIterator_next_exceptional.key 
217650     INFO  main            d.u.i.k.p.i.AbstractProblemLoader Loading environment from /home/runner/work/key/key/key.core/../key.ui/examples/heap/list/ArrayList.ArrayListIterator_next_exceptional.key 
217650     DEBUG main            d.u.i.k.p.i.AbstractProblemLoader Environment load took 107.1ns 
217651     INFO  main            d.u.i.k.p.i.AbstractProblemLoader Creating init config 
218852     DEBUG main            d.u.i.k.j.r.ClassPreparationMethodBuilder clPrepBuilder: Inner Class detected. Reject building class initialisation methods. 
221418     DEBUG main            d.u.i.k.p.i.AbstractProblemLoader Init config took 3.77s 
221481     INFO  main            d.u.i.k.p.i.AbstractProblemLoader Replaying proof ArrayList.ArrayListIterator[ListIterator::next()].JML exceptional_behavior operation contract.0 
221483     DEBUG main            d.u.i.k.p.i.IntermediateProofReplayer Proof replay took 6.8ns 
222594     INFO  main            d.u.i.k.p.r.p.TestFile    ... finished proof: closed. 
222983     INFO  main            d.u.i.k.p.i.AbstractProblemLoader Loading environment from /home/runner/work/key/key/key.core/../key.ui/examples/heap/list/ArrayList.ArrayListIterator_next_exceptional.key.proof 
222983     DEBUG main            d.u.i.k.p.i.AbstractProblemLoader Environment load took 182.7ns 
222985     INFO  main            d.u.i.k.p.i.AbstractProblemLoader Creating init config 
224212     DEBUG main            d.u.i.k.j.r.ClassPreparationMethodBuilder clPrepBuilder: Inner Class detected. Reject building class initialisation methods. 
226939     DEBUG main            d.u.i.k.p.i.AbstractProblemLoader Init config took 3.95s 
227000     INFO  main            d.u.i.k.p.i.AbstractProblemLoader Replaying proof ArrayList.ArrayListIterator[ListIterator::next()].JML exceptional_behavior operation contract.0 
227207     DEBUG main            d.u.i.k.p.i.IntermediateProofReplayer Proof replay took 201.94ms 
227209     DEBUG main            d.u.i.k.p.r.p.TestFile    ... success: reloaded. 
227210     INFO  main            d.u.i.k.p.r.p.TestFile    Now processing file /home/runner/work/key/key/key.core/../key.ui/examples/heap/list/ArrayList.ArrayListIterator_next_normal.key 
227211     INFO  main            d.u.i.k.p.i.AbstractProblemLoader Loading environment from /home/runner/work/key/key/key.core/../key.ui/examples/heap/list/ArrayList.ArrayListIterator_next_normal.key 
227211     DEBUG main            d.u.i.k.p.i.AbstractProblemLoader Environment load took 292.4ns 
227212     INFO  main            d.u.i.k.p.i.AbstractProblemLoader Creating init config 
228521     DEBUG main            d.u.i.k.j.r.ClassPreparationMethodBuilder clPrepBuilder: Inner Class detected. Reject building class initialisation methods. 
231300     DEBUG main            d.u.i.k.p.i.AbstractProblemLoader Init config took 4.09s 
231391     INFO  main            d.u.i.k.p.i.AbstractProblemLoader Replaying proof ArrayList.ArrayListIterator[ListIterator::next()].JML normal_behavior operation contract.0 
231393     DEBUG main            d.u.i.k.p.i.IntermediateProofReplayer Proof replay took 7ns 
232600     INFO  main            d.u.i.k.p.r.p.TestFile    ... finished proof: closed. 
233007     INFO  main            d.u.i.k.p.i.AbstractProblemLoader Loading environment from /home/runner/work/key/key/key.core/../key.ui/examples/heap/list/ArrayList.ArrayListIterator_next_normal.key.proof 
233007     DEBUG main            d.u.i.k.p.i.AbstractProblemLoader Environment load took 129.7ns 
233009     INFO  main            d.u.i.k.p.i.AbstractProblemLoader Creating init config 
234283     DEBUG main            d.u.i.k.j.r.ClassPreparationMethodBuilder clPrepBuilder: Inner Class detected. Reject building class initialisation methods. 
236948     DEBUG main            d.u.i.k.p.i.AbstractProblemLoader Init config took 3.94s 
237023     INFO  main            d.u.i.k.p.i.AbstractProblemLoader Replaying proof ArrayList.ArrayListIterator[ListIterator::next()].JML normal_behavior operation contract.0 
237285     DEBUG main            d.u.i.k.p.i.IntermediateProofReplayer Proof replay took 255.63ms 
237286     DEBUG main            d.u.i.k.p.r.p.TestFile    ... success: reloaded. 
237288     INFO  main            d.u.i.k.p.r.p.TestFile    Now processing file /home/runner/work/key/key/key.core/../key.ui/examples/heap/list/ArrayList.ArrayListIterator_pos.key 
237288     INFO  main            d.u.i.k.p.i.AbstractProblemLoader Loading environment from /home/runner/work/key/key/key.core/../key.ui/examples/heap/list/ArrayList.ArrayListIterator_pos.key 
237288     DEBUG main            d.u.i.k.p.i.AbstractProblemLoader Environment load took 162.1ns 
237289     INFO  main            d.u.i.k.p.i.AbstractProblemLoader Creating init config 
238539     DEBUG main            d.u.i.k.j.r.ClassPreparationMethodBuilder clPrepBuilder: Inner Class detected. Reject building class initialisation methods. 
241310     DEBUG main            d.u.i.k.p.i.AbstractProblemLoader Init config took 4.02s 
241360     INFO  main            d.u.i.k.p.i.AbstractProblemLoader Replaying proof ListIterator[ListIterator::$pos()].JML accessible clause.0 
241362     DEBUG main            d.u.i.k.p.i.IntermediateProofReplayer Proof replay took 6.2ns 
241469     INFO  main            d.u.i.k.p.r.p.TestFile    ... finished proof: closed. 
241836     INFO  main            d.u.i.k.p.i.AbstractProblemLoader Loading environment from /home/runner/work/key/key/key.core/../key.ui/examples/heap/list/ArrayList.ArrayListIterator_pos.key.proof 
241836     DEBUG main            d.u.i.k.p.i.AbstractProblemLoader Environment load took 128.8ns 
241837     INFO  main            d.u.i.k.p.i.AbstractProblemLoader Creating init config 
243111     DEBUG main            d.u.i.k.j.r.ClassPreparationMethodBuilder clPrepBuilder: Inner Class detected. Reject building class initialisation methods. 
245723     DEBUG main            d.u.i.k.p.i.AbstractProblemLoader Init config took 3.89s 
245774     INFO  main            d.u.i.k.p.i.AbstractProblemLoader Replaying proof ListIterator[ListIterator::$pos()].JML accessible clause.0 
245778     DEBUG main            d.u.i.k.p.i.IntermediateProofReplayer Proof replay took 1.32ms 
245779     DEBUG main            d.u.i.k.p.r.p.TestFile    ... success: reloaded. 
245780     INFO  main            d.u.i.k.p.r.p.TestFile    Now processing file /home/runner/work/key/key/key.core/../key.ui/examples/heap/list/Client_m.key 
245780     INFO  main            d.u.i.k.p.i.AbstractProblemLoader Loading environment from /home/runner/work/key/key/key.core/../key.ui/examples/heap/list/Client_m.key 
245781     DEBUG main            d.u.i.k.p.i.AbstractProblemLoader Environment load took 153ns 
245782     INFO  main            d.u.i.k.p.i.AbstractProblemLoader Creating init config 
247138     DEBUG main            d.u.i.k.j.r.ClassPreparationMethodBuilder clPrepBuilder: Inner Class detected. Reject building class initialisation methods. 
249896     DEBUG main            d.u.i.k.p.i.AbstractProblemLoader Init config took 4.11s 
249959     INFO  main            d.u.i.k.p.i.AbstractProblemLoader Replaying proof Client[Client::m(List)].JML normal_behavior operation contract.0 
249964     DEBUG main            d.u.i.k.p.i.IntermediateProofReplayer Proof replay took 6.4ns 
250371     INFO  main            d.u.i.k.p.r.p.TestFile    ... finished proof: closed. 
250770     INFO  main            d.u.i.k.p.i.AbstractProblemLoader Loading environment from /home/runner/work/key/key/key.core/../key.ui/examples/heap/list/Client_m.key.proof 
250771     DEBUG main            d.u.i.k.p.i.AbstractProblemLoader Environment load took 659.91ns 
250772     INFO  main            d.u.i.k.p.i.AbstractProblemLoader Creating init config 
252082     DEBUG main            d.u.i.k.j.r.ClassPreparationMethodBuilder clPrepBuilder: Inner Class detected. Reject building class initialisation methods. 
254887     DEBUG main            d.u.i.k.p.i.AbstractProblemLoader Init config took 4.11s 
254937     INFO  main            d.u.i.k.p.i.AbstractProblemLoader Replaying proof Client[Client::m(List)].JML normal_behavior operation contract.0 
255029     DEBUG main            d.u.i.k.p.i.IntermediateProofReplayer Proof replay took 86.99ms 
255034     DEBUG main            d.u.i.k.p.r.p.TestFile    ... success: reloaded. 
255036     INFO  main            d.u.i.k.p.r.p.TestFile    Now processing file /home/runner/work/key/key/key.core/../key.ui/examples/heap/list/Client_n.key 
255042     INFO  main            d.u.i.k.p.i.AbstractProblemLoader Loading environment from /home/runner/work/key/key/key.core/../key.ui/examples/heap/list/Client_n.key 
255043     DEBUG main            d.u.i.k.p.i.AbstractProblemLoader Environment load took 399.91ns 
255048     INFO  main            d.u.i.k.p.i.AbstractProblemLoader Creating init config 
256352     DEBUG main            d.u.i.k.j.r.ClassPreparationMethodBuilder clPrepBuilder: Inner Class detected. Reject building class initialisation methods. 
259072     DEBUG main            d.u.i.k.p.i.AbstractProblemLoader Init config took 4.02s 
259131     INFO  main            d.u.i.k.p.i.AbstractProblemLoader Replaying proof Client[Client::n(List)].JML normal_behavior operation contract.0 
259134     DEBUG main            d.u.i.k.p.i.IntermediateProofReplayer Proof replay took 6.9ns 
259236     INFO  main            d.u.i.k.p.r.p.TestFile    ... finished proof: closed. 
259614     INFO  main            d.u.i.k.p.i.AbstractProblemLoader Loading environment from /home/runner/work/key/key/key.core/../key.ui/examples/heap/list/Client_n.key.proof 
259614     DEBUG main            d.u.i.k.p.i.AbstractProblemLoader Environment load took 133.8ns 
259616     INFO  main            d.u.i.k.p.i.AbstractProblemLoader Creating init config 
260923     DEBUG main            d.u.i.k.j.r.ClassPreparationMethodBuilder clPrepBuilder: Inner Class detected. Reject building class initialisation methods. 
263733     DEBUG main            d.u.i.k.p.i.AbstractProblemLoader Init config took 4.12s 
263787     INFO  main            d.u.i.k.p.i.AbstractProblemLoader Replaying proof Client[Client::n(List)].JML normal_behavior operation contract.0 
263818     DEBUG main            d.u.i.k.p.i.IntermediateProofReplayer Proof replay took 28.53ms 
263819     DEBUG main            d.u.i.k.p.r.p.TestFile    ... success: reloaded. 
263820     INFO  main            d.u.i.k.p.r.p.TestFile    Now processing file /home/runner/work/key/key/key.core/../key.ui/examples/heap/list/LinkedList_get_exceptional.key 
263821     INFO  main            d.u.i.k.p.i.AbstractProblemLoader Loading environment from /home/runner/work/key/key/key.core/../key.ui/examples/heap/list/LinkedList_get_exceptional.key 
263821     DEBUG main            d.u.i.k.p.i.AbstractProblemLoader Environment load took 275.7ns 
263822     INFO  main            d.u.i.k.p.i.AbstractProblemLoader Creating init config 
265108     DEBUG main            d.u.i.k.j.r.ClassPreparationMethodBuilder clPrepBuilder: Inner Class detected. Reject building class initialisation methods. 
267817     DEBUG main            d.u.i.k.p.i.AbstractProblemLoader Init config took 3.99s 
267867     INFO  main            d.u.i.k.p.i.AbstractProblemLoader Replaying proof LinkedList[List::get(int)].JML exceptional_behavior operation contract.0 
267869     DEBUG main            d.u.i.k.p.i.IntermediateProofReplayer Proof replay took 6.9ns 
270810     INFO  main            d.u.i.k.p.r.p.TestFile    ... finished proof: closed. 
271228     INFO  main            d.u.i.k.p.i.AbstractProblemLoader Loading environment from /home/runner/work/key/key/key.core/../key.ui/examples/heap/list/LinkedList_get_exceptional.key.proof 
271228     DEBUG main            d.u.i.k.p.i.AbstractProblemLoader Environment load took 220.5ns 
271230     INFO  main            d.u.i.k.p.i.AbstractProblemLoader Creating init config 
272523     DEBUG main            d.u.i.k.j.r.ClassPreparationMethodBuilder clPrepBuilder: Inner Class detected. Reject building class initialisation methods. 
275348     DEBUG main            d.u.i.k.p.i.AbstractProblemLoader Init config took 4.12s 
275414     INFO  main            d.u.i.k.p.i.AbstractProblemLoader Replaying proof LinkedList[List::get(int)].JML exceptional_behavior operation contract.0 
275872     DEBUG main            d.u.i.k.p.i.IntermediateProofReplayer Proof replay took 445.02ms 
275875     DEBUG main            d.u.i.k.p.r.p.TestFile    ... success: reloaded. 
275877     INFO  main            d.u.i.k.p.r.p.TestFile    Now processing file /home/runner/work/key/key/key.core/../key.ui/examples/heap/list/LinkedList_get_normal.key 
275877     INFO  main            d.u.i.k.p.i.AbstractProblemLoader Loading environment from /home/runner/work/key/key/key.core/../key.ui/examples/heap/list/LinkedList_get_normal.key 
275878     DEBUG main            d.u.i.k.p.i.AbstractProblemLoader Environment load took 111.6ns 
275879     INFO  main            d.u.i.k.p.i.AbstractProblemLoader Creating init config 
277104     DEBUG main            d.u.i.k.j.r.ClassPreparationMethodBuilder clPrepBuilder: Inner Class detected. Reject building class initialisation methods. 
279856     DEBUG main            d.u.i.k.p.i.AbstractProblemLoader Init config took 3.98s 
279940     INFO  main            d.u.i.k.p.i.AbstractProblemLoader Replaying proof LinkedList[List::get(int)].JML normal_behavior operation contract.0 
279942     DEBUG main            d.u.i.k.p.i.IntermediateProofReplayer Proof replay took 11.2ns 
287094     INFO  main            d.u.i.k.p.r.p.TestFile    ... finished proof: closed. 
287617     INFO  main            d.u.i.k.p.i.AbstractProblemLoader Loading environment from /home/runner/work/key/key/key.core/../key.ui/examples/heap/list/LinkedList_get_normal.key.proof 
287618     DEBUG main            d.u.i.k.p.i.AbstractProblemLoader Environment load took 557.41ns 
287620     INFO  main            d.u.i.k.p.i.AbstractProblemLoader Creating init config 
288763     DEBUG main            d.u.i.k.j.r.ClassPreparationMethodBuilder clPrepBuilder: Inner Class detected. Reject building class initialisation methods. 
291320     DEBUG main            d.u.i.k.p.i.AbstractProblemLoader Init config took 3.7s 
291391     INFO  main            d.u.i.k.p.i.AbstractProblemLoader Replaying proof LinkedList[List::get(int)].JML normal_behavior operation contract.0 
292028     DEBUG main            d.u.i.k.p.i.IntermediateProofReplayer Proof replay took 609.94ms 
292031     DEBUG main            d.u.i.k.p.r.p.TestFile    ... success: reloaded. 
292033     INFO  main            d.u.i.k.p.r.p.TestFile    Now processing file /home/runner/work/key/key/key.core/../key.ui/examples/heap/list/LinkedList_LinkedList.key 
292034     INFO  main            d.u.i.k.p.i.AbstractProblemLoader Loading environment from /home/runner/work/key/key/key.core/../key.ui/examples/heap/list/LinkedList_LinkedList.key 
292035     DEBUG main            d.u.i.k.p.i.AbstractProblemLoader Environment load took 277.7ns 
292036     INFO  main            d.u.i.k.p.i.AbstractProblemLoader Creating init config 
293284     DEBUG main            d.u.i.k.j.r.ClassPreparationMethodBuilder clPrepBuilder: Inner Class detected. Reject building class initialisation methods. 
295996     DEBUG main            d.u.i.k.p.i.AbstractProblemLoader Init config took 3.96s 
296050     INFO  main            d.u.i.k.p.i.AbstractProblemLoader Replaying proof LinkedList[LinkedList::LinkedList()].JML normal_behavior operation contract.0 
296052     DEBUG main            d.u.i.k.p.i.IntermediateProofReplayer Proof replay took 7.3ns 
296755     INFO  main            d.u.i.k.p.r.p.TestFile    ... finished proof: closed. 
297152     INFO  main            d.u.i.k.p.i.AbstractProblemLoader Loading environment from /home/runner/work/key/key/key.core/../key.ui/examples/heap/list/LinkedList_LinkedList.key.proof 
297152     DEBUG main            d.u.i.k.p.i.AbstractProblemLoader Environment load took 610.71ns 
297154     INFO  main            d.u.i.k.p.i.AbstractProblemLoader Creating init config 
298356     DEBUG main            d.u.i.k.j.r.ClassPreparationMethodBuilder clPrepBuilder: Inner Class detected. Reject building class initialisation methods. 
300966     DEBUG main            d.u.i.k.p.i.AbstractProblemLoader Init config took 3.81s 
301020     INFO  main            d.u.i.k.p.i.AbstractProblemLoader Replaying proof LinkedList[LinkedList::LinkedList()].JML normal_behavior operation contract.0 
301156     DEBUG main            d.u.i.k.p.i.IntermediateProofReplayer Proof replay took 131.23ms 
301158     DEBUG main            d.u.i.k.p.r.p.TestFile    ... success: reloaded. 
301159     INFO  main            d.u.i.k.p.r.p.TestFile    Now processing file /home/runner/work/key/key/key.core/../key.ui/examples/heap/list/LinkedList_size_dep.key 
301159     INFO  main            d.u.i.k.p.i.AbstractProblemLoader Loading environment from /home/runner/work/key/key/key.core/../key.ui/examples/heap/list/LinkedList_size_dep.key 
301160     DEBUG main            d.u.i.k.p.i.AbstractProblemLoader Environment load took 139.8ns 
301161     INFO  main            d.u.i.k.p.i.AbstractProblemLoader Creating init config 
302376     DEBUG main            d.u.i.k.j.r.ClassPreparationMethodBuilder clPrepBuilder: Inner Class detected. Reject building class initialisation methods. 
304923     DEBUG main            d.u.i.k.p.i.AbstractProblemLoader Init config took 3.76s 
304977     INFO  main            d.u.i.k.p.i.AbstractProblemLoader Replaying proof LinkedList[List::size()].JML accessible clause.0 
304979     DEBUG main            d.u.i.k.p.i.IntermediateProofReplayer Proof replay took 7.1ns 
305682     INFO  main            d.u.i.k.p.r.p.TestFile    ... finished proof: closed. 
306095     INFO  main            d.u.i.k.p.i.AbstractProblemLoader Loading environment from /home/runner/work/key/key/key.core/../key.ui/examples/heap/list/LinkedList_size_dep.key.proof 
306095     DEBUG main            d.u.i.k.p.i.AbstractProblemLoader Environment load took 666.41ns 
306097     INFO  main            d.u.i.k.p.i.AbstractProblemLoader Creating init config 
307266     DEBUG main            d.u.i.k.j.r.ClassPreparationMethodBuilder clPrepBuilder: Inner Class detected. Reject building class initialisation methods. 
309762     DEBUG main            d.u.i.k.p.i.AbstractProblemLoader Init config took 3.67s 
309815     INFO  main            d.u.i.k.p.i.AbstractProblemLoader Replaying proof LinkedList[List::size()].JML accessible clause.0 
309888     DEBUG main            d.u.i.k.p.i.IntermediateProofReplayer Proof replay took 68.84ms 
309891     DEBUG main            d.u.i.k.p.r.p.TestFile    ... success: reloaded. 
309892     INFO  main            d.u.i.k.p.r.p.TestFile    Now processing file /home/runner/work/key/key/key.core/../key.ui/examples/heap/list/LinkedList_size.key 
309892     INFO  main            d.u.i.k.p.i.AbstractProblemLoader Loading environment from /home/runner/work/key/key/key.core/../key.ui/examples/heap/list/LinkedList_size.key 
309893     DEBUG main            d.u.i.k.p.i.AbstractProblemLoader Environment load took 233.3ns 
309894     INFO  main            d.u.i.k.p.i.AbstractProblemLoader Creating init config 
311118     DEBUG main            d.u.i.k.j.r.ClassPreparationMethodBuilder clPrepBuilder: Inner Class detected. Reject building class initialisation methods. 
313741     DEBUG main            d.u.i.k.p.i.AbstractProblemLoader Init config took 3.85s 
313787     INFO  main            d.u.i.k.p.i.AbstractProblemLoader Replaying proof LinkedList[List::size()].JML normal_behavior operation contract.0 
313789     DEBUG main            d.u.i.k.p.i.IntermediateProofReplayer Proof replay took 8.1ns 
314394     INFO  main            d.u.i.k.p.r.p.TestFile    ... finished proof: closed. 
314838     INFO  main            d.u.i.k.p.i.AbstractProblemLoader Loading environment from /home/runner/work/key/key/key.core/../key.ui/examples/heap/list/LinkedList_size.key.proof 
314839     DEBUG main            d.u.i.k.p.i.AbstractProblemLoader Environment load took 611.51ns 
314840     INFO  main            d.u.i.k.p.i.AbstractProblemLoader Creating init config 
316035     DEBUG main            d.u.i.k.j.r.ClassPreparationMethodBuilder clPrepBuilder: Inner Class detected. Reject building class initialisation methods. 
318459     DEBUG main            d.u.i.k.p.i.AbstractProblemLoader Init config took 3.62s 
318514     INFO  main            d.u.i.k.p.i.AbstractProblemLoader Replaying proof LinkedList[List::size()].JML normal_behavior operation contract.0 
318579     DEBUG main            d.u.i.k.p.i.IntermediateProofReplayer Proof replay took 58.96ms 
318580     DEBUG main            d.u.i.k.p.r.p.TestFile    ... success: reloaded. 
318582     INFO  main            d.u.i.k.p.r.p.TestFile    Now processing file /home/runner/work/key/key/key.core/../key.ui/examples/heap/list/MySet_footprint.key 
318582     INFO  main            d.u.i.k.p.i.AbstractProblemLoader Loading environment from /home/runner/work/key/key/key.core/../key.ui/examples/heap/list/MySet_footprint.key 
318582     DEBUG main            d.u.i.k.p.i.AbstractProblemLoader Environment load took 63.7ns 
318583     INFO  main            d.u.i.k.p.i.AbstractProblemLoader Creating init config 
319754     DEBUG main            d.u.i.k.j.r.ClassPreparationMethodBuilder clPrepBuilder: Inner Class detected. Reject building class initialisation methods. 
322434     DEBUG main            d.u.i.k.p.i.AbstractProblemLoader Init config took 3.85s 
322493     INFO  main            d.u.i.k.p.i.AbstractProblemLoader Replaying proof MySet[MySet::$footprint()].JML accessible clause.0 
322495     DEBUG main            d.u.i.k.p.i.IntermediateProofReplayer Proof replay took 8.7ns 
322898     INFO  main            d.u.i.k.p.r.p.TestFile    ... finished proof: closed. 
323369     INFO  main            d.u.i.k.p.i.AbstractProblemLoader Loading environment from /home/runner/work/key/key/key.core/../key.ui/examples/heap/list/MySet_footprint.key.proof 
323370     DEBUG main            d.u.i.k.p.i.AbstractProblemLoader Environment load took 639.21ns 
323371     INFO  main            d.u.i.k.p.i.AbstractProblemLoader Creating init config 
324739     DEBUG main            d.u.i.k.j.r.ClassPreparationMethodBuilder clPrepBuilder: Inner Class detected. Reject building class initialisation methods. 
327484     DEBUG main            d.u.i.k.p.i.AbstractProblemLoader Init config took 4.11s 
327543     INFO  main            d.u.i.k.p.i.AbstractProblemLoader Replaying proof MySet[MySet::$footprint()].JML accessible clause.0 
327587     DEBUG main            d.u.i.k.p.i.IntermediateProofReplayer Proof replay took 41.8ms 
327589     DEBUG main            d.u.i.k.p.r.p.TestFile    ... success: reloaded. 
327590     INFO  main            d.u.i.k.p.r.p.TestFile    Now processing file /home/runner/work/key/key/key.core/../key.ui/examples/heap/list/MySet_MySet.key 
327590     INFO  main            d.u.i.k.p.i.AbstractProblemLoader Loading environment from /home/runner/work/key/key/key.core/../key.ui/examples/heap/list/MySet_MySet.key 
327590     DEBUG main            d.u.i.k.p.i.AbstractProblemLoader Environment load took 140.2ns 
327591     INFO  main            d.u.i.k.p.i.AbstractProblemLoader Creating init config 
328872     DEBUG main            d.u.i.k.j.r.ClassPreparationMethodBuilder clPrepBuilder: Inner Class detected. Reject building class initialisation methods. 
331689     DEBUG main            d.u.i.k.p.i.AbstractProblemLoader Init config took 4.1s 
331747     INFO  main            d.u.i.k.p.i.AbstractProblemLoader Replaying proof MySet[MySet::MySet()].JML normal_behavior operation contract.0 
331749     DEBUG main            d.u.i.k.p.i.IntermediateProofReplayer Proof replay took 7.5ns 
335162     INFO  main            d.u.i.k.p.r.p.TestFile    ... finished proof: closed. 
335666     INFO  main            d.u.i.k.p.i.AbstractProblemLoader Loading environment from /home/runner/work/key/key/key.core/../key.ui/examples/heap/list/MySet_MySet.key.proof 
335666     DEBUG main            d.u.i.k.p.i.AbstractProblemLoader Environment load took 126ns 
335668     INFO  main            d.u.i.k.p.i.AbstractProblemLoader Creating init config 
336956     DEBUG main            d.u.i.k.j.r.ClassPreparationMethodBuilder clPrepBuilder: Inner Class detected. Reject building class initialisation methods. 
339715     DEBUG main            d.u.i.k.p.i.AbstractProblemLoader Init config took 4.05s 
339775     INFO  main            d.u.i.k.p.i.AbstractProblemLoader Replaying proof MySet[MySet::MySet()].JML normal_behavior operation contract.0 
340273     DEBUG main            d.u.i.k.p.i.IntermediateProofReplayer Proof replay took 482.41ms 
340277     DEBUG main            d.u.i.k.p.r.p.TestFile    ... success: reloaded. 
1422293    INFO  Test worker     d.u.i.k.p.r.RunAllProofsTestUnit Returning from test list 
1422295    INFO  Test worker     d.u.i.k.p.r.RunAllProofsTestUnit Running test list_ghost 
530        INFO  Timeout watchdog d.u.i.k.p.r.p.ForkedTestFileRunner Timeout watcher launched (2000 secs.) 
565        WARN  main            d.u.i.k.s.ProofSettings   The settings in /home/runner/.key/proof-settings.props are *not* read. 
621        INFO  main            d.u.i.k.p.r.p.TestFile    Now processing file /home/runner/work/key/key/key.core/../key.ui/examples/heap/list_ghost/ArrayList_add.key 
837        INFO  main            d.u.i.k.p.i.AbstractProblemLoader Loading environment from /home/runner/work/key/key/key.core/../key.ui/examples/heap/list_ghost/ArrayList_add.key 
865        DEBUG main            d.u.i.k.p.i.AbstractProblemLoader Environment load took 2.36ms 
1194       INFO  main            d.u.i.k.p.i.AbstractProblemLoader Creating init config 
2500       DEBUG main            d.u.i.k.j.TypeConverter   No LDT found for Meta 
2501       DEBUG main            d.u.i.k.j.TypeConverter   No LDT found for Meta 
2505       DEBUG main            d.u.i.k.j.TypeConverter   No LDT found for Meta 
2506       DEBUG main            d.u.i.k.j.TypeConverter   No LDT found for Meta 
4313       DEBUG main            d.u.i.k.j.TypeConverter   No LDT found for JavaBigintExpression 
11095      DEBUG main            d.u.i.k.p.i.AbstractProblemLoader Init config took 9.9s 
11263      INFO  main            d.u.i.k.p.i.AbstractProblemLoader Replaying proof ArrayList[List::add(java.lang.Object)].JML normal_behavior operation contract.0 
11312      DEBUG main            d.u.i.k.p.i.IntermediateProofReplayer Proof replay took 38ns 
19156      INFO  main            d.u.i.k.p.r.p.TestFile    ... finished proof: closed. 
19441      INFO  main            d.u.i.k.p.i.AbstractProblemLoader Loading environment from /home/runner/work/key/key/key.core/../key.ui/examples/heap/list_ghost/ArrayList_add.key.proof 
19445      DEBUG main            d.u.i.k.p.i.AbstractProblemLoader Environment load took 4.05ms 
19448      INFO  main            d.u.i.k.p.i.AbstractProblemLoader Creating init config 
23137      DEBUG main            d.u.i.k.p.i.AbstractProblemLoader Init config took 3.69s 
23222      INFO  main            d.u.i.k.p.i.AbstractProblemLoader Replaying proof ArrayList[List::add(java.lang.Object)].JML normal_behavior operation contract.0 
24328      DEBUG main            d.u.i.k.p.i.IntermediateProofReplayer Proof replay took 1.08s 
24339      DEBUG main            d.u.i.k.p.r.p.TestFile    ... success: reloaded. 
24341      INFO  main            d.u.i.k.p.r.p.TestFile    Now processing file /home/runner/work/key/key/key.core/../key.ui/examples/heap/list_ghost/ArrayList_ArrayList.key 
24342      INFO  main            d.u.i.k.p.i.AbstractProblemLoader Loading environment from /home/runner/work/key/key/key.core/../key.ui/examples/heap/list_ghost/ArrayList_ArrayList.key 
24343      DEBUG main            d.u.i.k.p.i.AbstractProblemLoader Environment load took 387.41ns 
24345      INFO  main            d.u.i.k.p.i.AbstractProblemLoader Creating init config 
27847      DEBUG main            d.u.i.k.p.i.AbstractProblemLoader Init config took 3.5s 
27930      INFO  main            d.u.i.k.p.i.AbstractProblemLoader Replaying proof ArrayList[ArrayList::ArrayList()].JML normal_behavior operation contract.0 
27934      DEBUG main            d.u.i.k.p.i.IntermediateProofReplayer Proof replay took 7.5ns 
29548      INFO  main            d.u.i.k.p.r.p.TestFile    ... finished proof: closed. 
29773      INFO  main            d.u.i.k.p.i.AbstractProblemLoader Loading environment from /home/runner/work/key/key/key.core/../key.ui/examples/heap/list_ghost/ArrayList_ArrayList.key.proof 
29774      DEBUG main            d.u.i.k.p.i.AbstractProblemLoader Environment load took 598.91ns 
29782      INFO  main            d.u.i.k.p.i.AbstractProblemLoader Creating init config 
33240      DEBUG main            d.u.i.k.p.i.AbstractProblemLoader Init config took 3.46s 
33318      INFO  main            d.u.i.k.p.i.AbstractProblemLoader Replaying proof ArrayList[ArrayList::ArrayList()].JML normal_behavior operation contract.0 
33658      DEBUG main            d.u.i.k.p.i.IntermediateProofReplayer Proof replay took 327.3ms 
33662      DEBUG main            d.u.i.k.p.r.p.TestFile    ... success: reloaded. 
33665      INFO  main            d.u.i.k.p.r.p.TestFile    Now processing file /home/runner/work/key/key/key.core/../key.ui/examples/heap/list_ghost/ArrayList_enlarge.key 
33665      INFO  main            d.u.i.k.p.i.AbstractProblemLoader Loading environment from /home/runner/work/key/key/key.core/../key.ui/examples/heap/list_ghost/ArrayList_enlarge.key 
33666      DEBUG main            d.u.i.k.p.i.AbstractProblemLoader Environment load took 309.4ns 
33668      INFO  main            d.u.i.k.p.i.AbstractProblemLoader Creating init config 
37156      DEBUG main            d.u.i.k.p.i.AbstractProblemLoader Init config took 3.49s 
37234      INFO  main            d.u.i.k.p.i.AbstractProblemLoader Replaying proof ArrayList[ArrayList::enlarge()].JML normal_behavior operation contract.0 
37239      DEBUG main            d.u.i.k.p.i.IntermediateProofReplayer Proof replay took 7.7ns 
40253      INFO  main            d.u.i.k.p.r.p.TestFile    ... finished proof: closed. 
40524      INFO  main            d.u.i.k.p.i.AbstractProblemLoader Loading environment from /home/runner/work/key/key/key.core/../key.ui/examples/heap/list_ghost/ArrayList_enlarge.key.proof 
40525      DEBUG main            d.u.i.k.p.i.AbstractProblemLoader Environment load took 778.41ns 
40532      INFO  main            d.u.i.k.p.i.AbstractProblemLoader Creating init config 
43884      DEBUG main            d.u.i.k.p.i.AbstractProblemLoader Init config took 3.35s 
43964      INFO  main            d.u.i.k.p.i.AbstractProblemLoader Replaying proof ArrayList[ArrayList::enlarge()].JML normal_behavior operation contract.0 
44581      DEBUG main            d.u.i.k.p.i.IntermediateProofReplayer Proof replay took 606.3ms 
44583      DEBUG main            d.u.i.k.p.r.p.TestFile    ... success: reloaded. 
44585      INFO  main            d.u.i.k.p.r.p.TestFile    Now processing file /home/runner/work/key/key/key.core/../key.ui/examples/heap/list_ghost/ArrayList_get_dep.key 
44586      INFO  main            d.u.i.k.p.i.AbstractProblemLoader Loading environment from /home/runner/work/key/key/key.core/../key.ui/examples/heap/list_ghost/ArrayList_get_dep.key 
44586      DEBUG main            d.u.i.k.p.i.AbstractProblemLoader Environment load took 239.1ns 
44587      INFO  main            d.u.i.k.p.i.AbstractProblemLoader Creating init config 
47910      DEBUG main            d.u.i.k.p.i.AbstractProblemLoader Init config took 3.32s 
47971      INFO  main            d.u.i.k.p.i.AbstractProblemLoader Replaying proof ArrayList[List::get(int)].JML accessible clause.0 
47973      DEBUG main            d.u.i.k.p.i.IntermediateProofReplayer Proof replay took 6.9ns 
48477      INFO  main            d.u.i.k.p.r.p.TestFile    ... finished proof: closed. 
48699      INFO  main            d.u.i.k.p.i.AbstractProblemLoader Loading environment from /home/runner/work/key/key/key.core/../key.ui/examples/heap/list_ghost/ArrayList_get_dep.key.proof 
48700      DEBUG main            d.u.i.k.p.i.AbstractProblemLoader Environment load took 627.81ns 
48701      INFO  main            d.u.i.k.p.i.AbstractProblemLoader Creating init config 
51978      DEBUG main            d.u.i.k.p.i.AbstractProblemLoader Init config took 3.28s 
52047      INFO  main            d.u.i.k.p.i.AbstractProblemLoader Replaying proof ArrayList[List::get(int)].JML accessible clause.0 
52158      DEBUG main            d.u.i.k.p.i.IntermediateProofReplayer Proof replay took 104.81ms 
52159      DEBUG main            d.u.i.k.p.r.p.TestFile    ... success: reloaded. 
52162      INFO  main            d.u.i.k.p.r.p.TestFile    Now processing file /home/runner/work/key/key/key.core/../key.ui/examples/heap/list_ghost/ArrayList_get_exceptional.key 
52163      INFO  main            d.u.i.k.p.i.AbstractProblemLoader Loading environment from /home/runner/work/key/key/key.core/../key.ui/examples/heap/list_ghost/ArrayList_get_exceptional.key 
52164      DEBUG main            d.u.i.k.p.i.AbstractProblemLoader Environment load took 805.71ns 
52165      INFO  main            d.u.i.k.p.i.AbstractProblemLoader Creating init config 
55521      DEBUG main            d.u.i.k.p.i.AbstractProblemLoader Init config took 3.36s 
55576      INFO  main            d.u.i.k.p.i.AbstractProblemLoader Replaying proof ArrayList[List::get(int)].JML exceptional_behavior operation contract.0 
55579      DEBUG main            d.u.i.k.p.i.IntermediateProofReplayer Proof replay took 6ns 
56586      INFO  main            d.u.i.k.p.r.p.TestFile    ... finished proof: closed. 
56945      INFO  main            d.u.i.k.p.i.AbstractProblemLoader Loading environment from /home/runner/work/key/key/key.core/../key.ui/examples/heap/list_ghost/ArrayList_get_exceptional.key.proof 
56945      DEBUG main            d.u.i.k.p.i.AbstractProblemLoader Environment load took 146ns 
56948      INFO  main            d.u.i.k.p.i.AbstractProblemLoader Creating init config 
60190      DEBUG main            d.u.i.k.p.i.AbstractProblemLoader Init config took 3.24s 
60246      INFO  main            d.u.i.k.p.i.AbstractProblemLoader Replaying proof ArrayList[List::get(int)].JML exceptional_behavior operation contract.0 
60490      DEBUG main            d.u.i.k.p.i.IntermediateProofReplayer Proof replay took 236.28ms 
60492      DEBUG main            d.u.i.k.p.r.p.TestFile    ... success: reloaded. 
60493      INFO  main            d.u.i.k.p.r.p.TestFile    Now processing file /home/runner/work/key/key/key.core/../key.ui/examples/heap/list_ghost/ArrayList_get_normal.key 
60494      INFO  main            d.u.i.k.p.i.AbstractProblemLoader Loading environment from /home/runner/work/key/key/key.core/../key.ui/examples/heap/list_ghost/ArrayList_get_normal.key 
60494      DEBUG main            d.u.i.k.p.i.AbstractProblemLoader Environment load took 310.5ns 
60495      INFO  main            d.u.i.k.p.i.AbstractProblemLoader Creating init config 
63700      DEBUG main            d.u.i.k.p.i.AbstractProblemLoader Init config took 3.2s 
63755      INFO  main            d.u.i.k.p.i.AbstractProblemLoader Replaying proof ArrayList[List::get(int)].JML normal_behavior operation contract.0 
63757      DEBUG main            d.u.i.k.p.i.IntermediateProofReplayer Proof replay took 7.4ns 
64063      INFO  main            d.u.i.k.p.r.p.TestFile    ... finished proof: closed. 
64293      INFO  main            d.u.i.k.p.i.AbstractProblemLoader Loading environment from /home/runner/work/key/key/key.core/../key.ui/examples/heap/list_ghost/ArrayList_get_normal.key.proof 
64293      DEBUG main            d.u.i.k.p.i.AbstractProblemLoader Environment load took 151.5ns 
64294      INFO  main            d.u.i.k.p.i.AbstractProblemLoader Creating init config 
67490      DEBUG main            d.u.i.k.p.i.AbstractProblemLoader Init config took 3.2s 
67564      INFO  main            d.u.i.k.p.i.AbstractProblemLoader Replaying proof ArrayList[List::get(int)].JML normal_behavior operation contract.0 
67654      DEBUG main            d.u.i.k.p.i.IntermediateProofReplayer Proof replay took 84.57ms 
67655      DEBUG main            d.u.i.k.p.r.p.TestFile    ... success: reloaded. 
67657      INFO  main            d.u.i.k.p.r.p.TestFile    Now processing file /home/runner/work/key/key/key.core/../key.ui/examples/heap/list_ghost/ArrayList_inv.key 
67658      INFO  main            d.u.i.k.p.i.AbstractProblemLoader Loading environment from /home/runner/work/key/key/key.core/../key.ui/examples/heap/list_ghost/ArrayList_inv.key 
67658      DEBUG main            d.u.i.k.p.i.AbstractProblemLoader Environment load took 270.5ns 
67659      INFO  main            d.u.i.k.p.i.AbstractProblemLoader Creating init config 
70856      DEBUG main            d.u.i.k.p.i.AbstractProblemLoader Init config took 3.2s 
70907      INFO  main            d.u.i.k.p.i.AbstractProblemLoader Replaying proof ArrayList[java.lang.Object::<inv>()].JML accessible clause.0 
70909      DEBUG main            d.u.i.k.p.i.IntermediateProofReplayer Proof replay took 6.7ns 
71012      INFO  main            d.u.i.k.p.r.p.TestFile    ... finished proof: closed. 
71246      INFO  main            d.u.i.k.p.i.AbstractProblemLoader Loading environment from /home/runner/work/key/key/key.core/../key.ui/examples/heap/list_ghost/ArrayList_inv.key.proof 
71246      DEBUG main            d.u.i.k.p.i.AbstractProblemLoader Environment load took 130.6ns 
71248      INFO  main            d.u.i.k.p.i.AbstractProblemLoader Creating init config 
74399      DEBUG main            d.u.i.k.p.i.AbstractProblemLoader Init config took 3.15s 
74446      INFO  main            d.u.i.k.p.i.AbstractProblemLoader Replaying proof ArrayList[java.lang.Object::<inv>()].JML accessible clause.0 
74463      DEBUG main            d.u.i.k.p.i.IntermediateProofReplayer Proof replay took 14.34ms 
74464      DEBUG main            d.u.i.k.p.r.p.TestFile    ... success: reloaded. 
74466      INFO  main            d.u.i.k.p.r.p.TestFile    Now processing file /home/runner/work/key/key/key.core/../key.ui/examples/heap/list_ghost/ArrayList_size_dep.key 
74466      INFO  main            d.u.i.k.p.i.AbstractProblemLoader Loading environment from /home/runner/work/key/key/key.core/../key.ui/examples/heap/list_ghost/ArrayList_size_dep.key 
74466      DEBUG main            d.u.i.k.p.i.AbstractProblemLoader Environment load took 156ns 
74467      INFO  main            d.u.i.k.p.i.AbstractProblemLoader Creating init config 
77685      DEBUG main            d.u.i.k.p.i.AbstractProblemLoader Init config took 3.22s 
77737      INFO  main            d.u.i.k.p.i.AbstractProblemLoader Replaying proof ArrayList[List::size()].JML accessible clause.0 
77739      DEBUG main            d.u.i.k.p.i.IntermediateProofReplayer Proof replay took 7.4ns 
77844      INFO  main            d.u.i.k.p.r.p.TestFile    ... finished proof: closed. 
78076      INFO  main            d.u.i.k.p.i.AbstractProblemLoader Loading environment from /home/runner/work/key/key/key.core/../key.ui/examples/heap/list_ghost/ArrayList_size_dep.key.proof 
78076      DEBUG main            d.u.i.k.p.i.AbstractProblemLoader Environment load took 140.4ns 
78078      INFO  main            d.u.i.k.p.i.AbstractProblemLoader Creating init config 
81258      DEBUG main            d.u.i.k.p.i.AbstractProblemLoader Init config took 3.18s 
81311      INFO  main            d.u.i.k.p.i.AbstractProblemLoader Replaying proof ArrayList[List::size()].JML accessible clause.0 
81332      DEBUG main            d.u.i.k.p.i.IntermediateProofReplayer Proof replay took 18.38ms 
81333      DEBUG main            d.u.i.k.p.r.p.TestFile    ... success: reloaded. 
81335      INFO  main            d.u.i.k.p.r.p.TestFile    Now processing file /home/runner/work/key/key/key.core/../key.ui/examples/heap/list_ghost/ArrayList_size.key 
81336      INFO  main            d.u.i.k.p.i.AbstractProblemLoader Loading environment from /home/runner/work/key/key/key.core/../key.ui/examples/heap/list_ghost/ArrayList_size.key 
81336      DEBUG main            d.u.i.k.p.i.AbstractProblemLoader Environment load took 299ns 
81337      INFO  main            d.u.i.k.p.i.AbstractProblemLoader Creating init config 
84448      DEBUG main            d.u.i.k.p.i.AbstractProblemLoader Init config took 3.11s 
84521      INFO  main            d.u.i.k.p.i.AbstractProblemLoader Replaying proof ArrayList[List::size()].JML normal_behavior operation contract.0 
84523      DEBUG main            d.u.i.k.p.i.IntermediateProofReplayer Proof replay took 7.8ns 
84628      INFO  main            d.u.i.k.p.r.p.TestFile    ... finished proof: closed. 
84880      INFO  main            d.u.i.k.p.i.AbstractProblemLoader Loading environment from /home/runner/work/key/key/key.core/../key.ui/examples/heap/list_ghost/ArrayList_size.key.proof 
84880      DEBUG main            d.u.i.k.p.i.AbstractProblemLoader Environment load took 175.5ns 
84881      INFO  main            d.u.i.k.p.i.AbstractProblemLoader Creating init config 
88043      DEBUG main            d.u.i.k.p.i.AbstractProblemLoader Init config took 3.16s 
88097      INFO  main            d.u.i.k.p.i.AbstractProblemLoader Replaying proof ArrayList[List::size()].JML normal_behavior operation contract.0 
88138      DEBUG main            d.u.i.k.p.i.IntermediateProofReplayer Proof replay took 38.09ms 
88139      DEBUG main            d.u.i.k.p.r.p.TestFile    ... success: reloaded. 
1510678    INFO  Test worker     d.u.i.k.p.r.RunAllProofsTestUnit Returning from test list_ghost 
1510679    INFO  Test worker     d.u.i.k.p.r.RunAllProofsTestUnit Running test list_recursive 
482        INFO  Timeout watchdog d.u.i.k.p.r.p.ForkedTestFileRunner Timeout watcher launched (2000 secs.) 
499        WARN  main            d.u.i.k.s.ProofSettings   The settings in /home/runner/.key/proof-settings.props are *not* read. 
562        INFO  main            d.u.i.k.p.r.p.TestFile    Now processing file /home/runner/work/key/key/key.core/../key.ui/examples/heap/list_recursiveSpec/ListOperationsNonNull_getNextNN_normal_behavior.key 
734        INFO  main            d.u.i.k.p.i.AbstractProblemLoader Loading environment from /home/runner/work/key/key/key.core/../key.ui/examples/heap/list_recursiveSpec/ListOperationsNonNull_getNextNN_normal_behavior.key 
758        DEBUG main            d.u.i.k.p.i.AbstractProblemLoader Environment load took 3.72ms 
1091       INFO  main            d.u.i.k.p.i.AbstractProblemLoader Creating init config 
2453       DEBUG main            d.u.i.k.j.TypeConverter   No LDT found for Meta 
2454       DEBUG main            d.u.i.k.j.TypeConverter   No LDT found for Meta 
2457       DEBUG main            d.u.i.k.j.TypeConverter   No LDT found for Meta 
2459       DEBUG main            d.u.i.k.j.TypeConverter   No LDT found for Meta 
4685       DEBUG main            d.u.i.k.j.TypeConverter   No LDT found for JavaBigintExpression 
11619      DEBUG main            d.u.i.k.p.i.AbstractProblemLoader Init config took 10.53s 
11845      INFO  main            d.u.i.k.p.i.AbstractProblemLoader Replaying proof ListOperationsNonNull[ListOperationsNonNull::getNextNN(ListNN,int)].JML normal_behavior operation contract.0 
11897      DEBUG main            d.u.i.k.p.i.IntermediateProofReplayer Proof replay took 79.9ns 
13642      INFO  main            d.u.i.k.p.r.p.TestFile    ... finished proof: closed. 
13826      INFO  main            d.u.i.k.p.i.AbstractProblemLoader Loading environment from /home/runner/work/key/key/key.core/../key.ui/examples/heap/list_recursiveSpec/ListOperationsNonNull_getNextNN_normal_behavior.key.proof 
13828      DEBUG main            d.u.i.k.p.i.AbstractProblemLoader Environment load took 2.32ms 
13835      INFO  main            d.u.i.k.p.i.AbstractProblemLoader Creating init config 
17775      DEBUG main            d.u.i.k.p.i.AbstractProblemLoader Init config took 3.94s 
17892      INFO  main            d.u.i.k.p.i.AbstractProblemLoader Replaying proof ListOperationsNonNull[ListOperationsNonNull::getNextNN(ListNN,int)].JML normal_behavior operation contract.0 
18210      DEBUG main            d.u.i.k.p.i.IntermediateProofReplayer Proof replay took 307.62ms 
18227      DEBUG main            d.u.i.k.p.r.p.TestFile    ... success: reloaded. 
18233      INFO  main            d.u.i.k.p.r.p.TestFile    Now processing file /home/runner/work/key/key/key.core/../key.ui/examples/heap/list_recursiveSpec/ListOperationsNonNull_setValueAt_normal_behavior.key 
18237      INFO  main            d.u.i.k.p.i.AbstractProblemLoader Loading environment from /home/runner/work/key/key/key.core/../key.ui/examples/heap/list_recursiveSpec/ListOperationsNonNull_setValueAt_normal_behavior.key 
18238      DEBUG main            d.u.i.k.p.i.AbstractProblemLoader Environment load took 330.6ns 
18242      INFO  main            d.u.i.k.p.i.AbstractProblemLoader Creating init config 
21980      DEBUG main            d.u.i.k.p.i.AbstractProblemLoader Init config took 3.74s 
22062      INFO  main            d.u.i.k.p.i.AbstractProblemLoader Replaying proof ListOperationsNonNull[ListOperationsNonNull::setValueAt_NN(ListNN,int,int)].JML normal_behavior operation contract.0 
22066      DEBUG main            d.u.i.k.p.i.IntermediateProofReplayer Proof replay took 7.9ns 
22102      DEBUG main            d.u.i.k.m.s.ProofScriptEngine 1: 'macro autopilot' 
25909      DEBUG main            d.u.i.k.m.s.ProofScriptEngine 2: 'macro simp-upd' 
25917      DEBUG main            d.u.i.k.m.s.ProofScriptEngine 3: 'rule observerDependencyEQ' 
25942      DEBUG main            d.u.i.k.m.s.ProofScriptEngine 4: 'tryclose' 
25982      INFO  main            d.u.i.k.p.r.p.TestFile    ... finished proof: closed. 
26173      INFO  main            d.u.i.k.p.i.AbstractProblemLoader Loading environment from /home/runner/work/key/key/key.core/../key.ui/examples/heap/list_recursiveSpec/ListOperationsNonNull_setValueAt_normal_behavior.key.proof 
26174      DEBUG main            d.u.i.k.p.i.AbstractProblemLoader Environment load took 833.51ns 
26176      INFO  main            d.u.i.k.p.i.AbstractProblemLoader Creating init config 
29820      DEBUG main            d.u.i.k.p.i.AbstractProblemLoader Init config took 3.64s 
29904      INFO  main            d.u.i.k.p.i.AbstractProblemLoader Replaying proof ListOperationsNonNull[ListOperationsNonNull::setValueAt_NN(ListNN,int,int)].JML normal_behavior operation contract.0 
30115      DEBUG main            d.u.i.k.p.i.IntermediateProofReplayer Proof replay took 204.74ms 
30117      DEBUG main            d.u.i.k.p.r.p.TestFile    ... success: reloaded. 
1541032    INFO  Test worker     d.u.i.k.p.r.RunAllProofsTestUnit Returning from test list_recursive 
1541035    INFO  Test worker     d.u.i.k.p.r.RunAllProofsTestUnit Running test list_seq 
455        INFO  Timeout watchdog d.u.i.k.p.r.p.ForkedTestFileRunner Timeout watcher launched (2000 secs.) 
505        WARN  main            d.u.i.k.s.ProofSettings   The settings in /home/runner/.key/proof-settings.props are *not* read. 
564        INFO  main            d.u.i.k.p.r.p.TestFile    Now processing file /home/runner/work/key/key/key.core/../key.ui/examples/heap/list_seq/SimplifiedLinkedList.remove.key 
754        INFO  main            d.u.i.k.p.i.AbstractProblemLoader Loading environment from /home/runner/work/key/key/key.core/../key.ui/examples/heap/list_seq/SimplifiedLinkedList.remove.key 
775        DEBUG main            d.u.i.k.p.i.AbstractProblemLoader Environment load took 2.4ms 
1106       INFO  main            d.u.i.k.p.i.AbstractProblemLoader Creating init config 
2534       DEBUG main            d.u.i.k.j.TypeConverter   No LDT found for Meta 
2535       DEBUG main            d.u.i.k.j.TypeConverter   No LDT found for Meta 
2536       DEBUG main            d.u.i.k.j.TypeConverter   No LDT found for Meta 
2536       DEBUG main            d.u.i.k.j.TypeConverter   No LDT found for Meta 
4271       DEBUG main            d.u.i.k.j.TypeConverter   No LDT found for JavaBigintExpression 
11978      DEBUG main            d.u.i.k.p.i.AbstractProblemLoader Init config took 10.87s 
12184      INFO  main            d.u.i.k.p.i.AbstractProblemLoader Replaying proof SimplifiedLinkedList[SimplifiedLinkedList::remove(int)].JML normal_behavior operation contract.0 
12269      DEBUG main            d.u.i.k.p.i.IntermediateProofReplayer Proof replay took 84.9ns 
131006     INFO  main            d.u.i.k.p.r.p.TestFile    ... finished proof: closed. 
131615     INFO  main            d.u.i.k.p.i.AbstractProblemLoader Loading environment from /home/runner/work/key/key/key.core/../key.ui/examples/heap/list_seq/SimplifiedLinkedList.remove.key.proof 
131616     DEBUG main            d.u.i.k.p.i.AbstractProblemLoader Environment load took 696.71ns 
131632     INFO  main            d.u.i.k.p.i.AbstractProblemLoader Creating init config 
135950     DEBUG main            d.u.i.k.p.i.AbstractProblemLoader Init config took 4.32s 
136121     INFO  main            d.u.i.k.p.i.AbstractProblemLoader Replaying proof SimplifiedLinkedList[SimplifiedLinkedList::remove(int)].JML normal_behavior operation contract.0 
142353     DEBUG main            d.u.i.k.p.i.IntermediateProofReplayer Proof replay took 5.92s 
142377     DEBUG main            d.u.i.k.p.r.p.TestFile    ... success: reloaded. 
142380     INFO  main            d.u.i.k.p.r.p.TestFile    Now processing file /home/runner/work/key/key/key.core/../key.ui/examples/heap/list_seq/ArrayList.ArrayList.key 
142380     INFO  main            d.u.i.k.p.i.AbstractProblemLoader Loading environment from /home/runner/work/key/key/key.core/../key.ui/examples/heap/list_seq/ArrayList.ArrayList.key 
142381     DEBUG main            d.u.i.k.p.i.AbstractProblemLoader Environment load took 339.5ns 
142383     INFO  main            d.u.i.k.p.i.AbstractProblemLoader Creating init config 
146606     DEBUG main            d.u.i.k.p.i.AbstractProblemLoader Init config took 4.22s 
146725     INFO  main            d.u.i.k.p.i.AbstractProblemLoader Replaying proof ArrayList[ArrayList::ArrayList()].JML normal_behavior operation contract.0 
146727     DEBUG main            d.u.i.k.p.i.IntermediateProofReplayer Proof replay took 5.6ns 
147960     INFO  main            d.u.i.k.p.r.p.TestFile    ... finished proof: closed. 
148186     INFO  main            d.u.i.k.p.i.AbstractProblemLoader Loading environment from /home/runner/work/key/key/key.core/../key.ui/examples/heap/list_seq/ArrayList.ArrayList.key.proof 
148187     DEBUG main            d.u.i.k.p.i.AbstractProblemLoader Environment load took 235.3ns 
148189     INFO  main            d.u.i.k.p.i.AbstractProblemLoader Creating init config 
152229     DEBUG main            d.u.i.k.p.i.AbstractProblemLoader Init config took 4.04s 
152352     INFO  main            d.u.i.k.p.i.AbstractProblemLoader Replaying proof ArrayList[ArrayList::ArrayList()].JML normal_behavior operation contract.0 
152589     DEBUG main            d.u.i.k.p.i.IntermediateProofReplayer Proof replay took 230.36ms 
152591     DEBUG main            d.u.i.k.p.r.p.TestFile    ... success: reloaded. 
152593     INFO  main            d.u.i.k.p.r.p.TestFile    Now processing file /home/runner/work/key/key/key.core/../key.ui/examples/heap/list_seq/ArrayList.add.key 
152594     INFO  main            d.u.i.k.p.i.AbstractProblemLoader Loading environment from /home/runner/work/key/key/key.core/../key.ui/examples/heap/list_seq/ArrayList.add.key 
152594     DEBUG main            d.u.i.k.p.i.AbstractProblemLoader Environment load took 294.9ns 
152597     INFO  main            d.u.i.k.p.i.AbstractProblemLoader Creating init config 
156630     DEBUG main            d.u.i.k.p.i.AbstractProblemLoader Init config took 4.03s 
156744     INFO  main            d.u.i.k.p.i.AbstractProblemLoader Replaying proof ArrayList[List::add(java.lang.Object)].JML normal_behavior operation contract.0 
156751     DEBUG main            d.u.i.k.p.i.IntermediateProofReplayer Proof replay took 7.5ns 
161368     INFO  main            d.u.i.k.p.r.p.TestFile    ... finished proof: closed. 
161631     INFO  main            d.u.i.k.p.i.AbstractProblemLoader Loading environment from /home/runner/work/key/key/key.core/../key.ui/examples/heap/list_seq/ArrayList.add.key.proof 
161632     DEBUG main            d.u.i.k.p.i.AbstractProblemLoader Environment load took 230.3ns 
161635     INFO  main            d.u.i.k.p.i.AbstractProblemLoader Creating init config 
165725     DEBUG main            d.u.i.k.p.i.AbstractProblemLoader Init config took 4.09s 
165830     INFO  main            d.u.i.k.p.i.AbstractProblemLoader Replaying proof ArrayList[List::add(java.lang.Object)].JML normal_behavior operation contract.0 
166475     DEBUG main            d.u.i.k.p.i.IntermediateProofReplayer Proof replay took 626.67ms 
166477     DEBUG main            d.u.i.k.p.r.p.TestFile    ... success: reloaded. 
166479     INFO  main            d.u.i.k.p.r.p.TestFile    Now processing file /home/runner/work/key/key/key.core/../key.ui/examples/heap/list_seq/ArrayList.contains.key 
166479     INFO  main            d.u.i.k.p.i.AbstractProblemLoader Loading environment from /home/runner/work/key/key/key.core/../key.ui/examples/heap/list_seq/ArrayList.contains.key 
166487     DEBUG main            d.u.i.k.p.i.AbstractProblemLoader Environment load took 7.41ms 
166488     INFO  main            d.u.i.k.p.i.AbstractProblemLoader Creating init config 
170649     DEBUG main            d.u.i.k.p.i.AbstractProblemLoader Init config took 4.16s 
170756     INFO  main            d.u.i.k.p.i.AbstractProblemLoader Replaying proof ArrayList[List::contains(java.lang.Object)].JML normal_behavior operation contract.0 
170758     DEBUG main            d.u.i.k.p.i.IntermediateProofReplayer Proof replay took 7.8ns 
172892     INFO  main            d.u.i.k.p.r.p.TestFile    ... finished proof: closed. 
173137     INFO  main            d.u.i.k.p.i.AbstractProblemLoader Loading environment from /home/runner/work/key/key/key.core/../key.ui/examples/heap/list_seq/ArrayList.contains.key.proof 
173138     DEBUG main            d.u.i.k.p.i.AbstractProblemLoader Environment load took 579.01ns 
173140     INFO  main            d.u.i.k.p.i.AbstractProblemLoader Creating init config 
177277     DEBUG main            d.u.i.k.p.i.AbstractProblemLoader Init config took 4.14s 
177396     INFO  main            d.u.i.k.p.i.AbstractProblemLoader Replaying proof ArrayList[List::contains(java.lang.Object)].JML normal_behavior operation contract.0 
177750     DEBUG main            d.u.i.k.p.i.IntermediateProofReplayer Proof replay took 345.69ms 
177752     DEBUG main            d.u.i.k.p.r.p.TestFile    ... success: reloaded. 
177753     INFO  main            d.u.i.k.p.r.p.TestFile    Now processing file /home/runner/work/key/key/key.core/../key.ui/examples/heap/list_seq/ArrayList.enlarge.key 
177753     INFO  main            d.u.i.k.p.i.AbstractProblemLoader Loading environment from /home/runner/work/key/key/key.core/../key.ui/examples/heap/list_seq/ArrayList.enlarge.key 
177753     DEBUG main            d.u.i.k.p.i.AbstractProblemLoader Environment load took 280.6ns 
177757     INFO  main            d.u.i.k.p.i.AbstractProblemLoader Creating init config 
181923     DEBUG main            d.u.i.k.p.i.AbstractProblemLoader Init config took 4.17s 
182042     INFO  main            d.u.i.k.p.i.AbstractProblemLoader Replaying proof ArrayList[ArrayList::enlarge()].JML normal_behavior operation contract.0 
182046     DEBUG main            d.u.i.k.p.i.IntermediateProofReplayer Proof replay took 7ns 
184959     INFO  main            d.u.i.k.p.r.p.TestFile    ... finished proof: closed. 
185244     INFO  main            d.u.i.k.p.i.AbstractProblemLoader Loading environment from /home/runner/work/key/key/key.core/../key.ui/examples/heap/list_seq/ArrayList.enlarge.key.proof 
185245     DEBUG main            d.u.i.k.p.i.AbstractProblemLoader Environment load took 639.11ns 
185247     INFO  main            d.u.i.k.p.i.AbstractProblemLoader Creating init config 
189431     DEBUG main            d.u.i.k.p.i.AbstractProblemLoader Init config took 4.18s 
189527     INFO  main            d.u.i.k.p.i.AbstractProblemLoader Replaying proof ArrayList[ArrayList::enlarge()].JML normal_behavior operation contract.0 
190033     DEBUG main            d.u.i.k.p.i.IntermediateProofReplayer Proof replay took 497.48ms 
190035     DEBUG main            d.u.i.k.p.r.p.TestFile    ... success: reloaded. 
190036     INFO  main            d.u.i.k.p.r.p.TestFile    Now processing file /home/runner/work/key/key/key.core/../key.ui/examples/heap/list_seq/ArrayList.get.key 
190037     INFO  main            d.u.i.k.p.i.AbstractProblemLoader Loading environment from /home/runner/work/key/key/key.core/../key.ui/examples/heap/list_seq/ArrayList.get.key 
190037     DEBUG main            d.u.i.k.p.i.AbstractProblemLoader Environment load took 308.1ns 
190039     INFO  main            d.u.i.k.p.i.AbstractProblemLoader Creating init config 
194186     DEBUG main            d.u.i.k.p.i.AbstractProblemLoader Init config took 4.15s 
194305     INFO  main            d.u.i.k.p.i.AbstractProblemLoader Replaying proof ArrayList[List::get(int)].JML normal_behavior operation contract.0 
194308     DEBUG main            d.u.i.k.p.i.IntermediateProofReplayer Proof replay took 8.2ns 
195114     INFO  main            d.u.i.k.p.r.p.TestFile    ... finished proof: closed. 
195398     INFO  main            d.u.i.k.p.i.AbstractProblemLoader Loading environment from /home/runner/work/key/key/key.core/../key.ui/examples/heap/list_seq/ArrayList.get.key.proof 
195401     DEBUG main            d.u.i.k.p.i.AbstractProblemLoader Environment load took 2.16ms 
195404     INFO  main            d.u.i.k.p.i.AbstractProblemLoader Creating init config 
199406     DEBUG main            d.u.i.k.p.i.AbstractProblemLoader Init config took 4s 
199521     INFO  main            d.u.i.k.p.i.AbstractProblemLoader Replaying proof ArrayList[List::get(int)].JML normal_behavior operation contract.0 
199624     DEBUG main            d.u.i.k.p.i.IntermediateProofReplayer Proof replay took 98.56ms 
199625     DEBUG main            d.u.i.k.p.r.p.TestFile    ... success: reloaded. 
199626     INFO  main            d.u.i.k.p.r.p.TestFile    Now processing file /home/runner/work/key/key/key.core/../key.ui/examples/heap/list_seq/ArrayList.newArray.key 
199627     INFO  main            d.u.i.k.p.i.AbstractProblemLoader Loading environment from /home/runner/work/key/key/key.core/../key.ui/examples/heap/list_seq/ArrayList.newArray.key 
199627     DEBUG main            d.u.i.k.p.i.AbstractProblemLoader Environment load took 203.5ns 
199628     INFO  main            d.u.i.k.p.i.AbstractProblemLoader Creating init config 
203703     DEBUG main            d.u.i.k.p.i.AbstractProblemLoader Init config took 4.07s 
203797     INFO  main            d.u.i.k.p.i.AbstractProblemLoader Replaying proof ArrayList[ArrayList::newArray(int)].JML normal_behavior operation contract.0 
203799     DEBUG main            d.u.i.k.p.i.IntermediateProofReplayer Proof replay took 7.4ns 
204206     INFO  main            d.u.i.k.p.r.p.TestFile    ... finished proof: closed. 
204450     INFO  main            d.u.i.k.p.i.AbstractProblemLoader Loading environment from /home/runner/work/key/key/key.core/../key.ui/examples/heap/list_seq/ArrayList.newArray.key.proof 
204451     DEBUG main            d.u.i.k.p.i.AbstractProblemLoader Environment load took 682.11ns 
204452     INFO  main            d.u.i.k.p.i.AbstractProblemLoader Creating init config 
208460     DEBUG main            d.u.i.k.p.i.AbstractProblemLoader Init config took 4.01s 
208553     INFO  main            d.u.i.k.p.i.AbstractProblemLoader Replaying proof ArrayList[ArrayList::newArray(int)].JML normal_behavior operation contract.0 
208632     DEBUG main            d.u.i.k.p.i.IntermediateProofReplayer Proof replay took 74.31ms 
208633     DEBUG main            d.u.i.k.p.r.p.TestFile    ... success: reloaded. 
208634     INFO  main            d.u.i.k.p.r.p.TestFile    Now processing file /home/runner/work/key/key/key.core/../key.ui/examples/heap/list_seq/ArrayList.remove.0.key 
208635     INFO  main            d.u.i.k.p.i.AbstractProblemLoader Loading environment from /home/runner/work/key/key/key.core/../key.ui/examples/heap/list_seq/ArrayList.remove.0.key 
208635     DEBUG main            d.u.i.k.p.i.AbstractProblemLoader Environment load took 337.3ns 
208637     INFO  main            d.u.i.k.p.i.AbstractProblemLoader Creating init config 
212656     DEBUG main            d.u.i.k.p.i.AbstractProblemLoader Init config took 4.02s 
212754     INFO  main            d.u.i.k.p.i.AbstractProblemLoader Replaying proof ArrayList[List::remove(java.lang.Object)].JML normal_behavior operation contract.0 
212756     DEBUG main            d.u.i.k.p.i.IntermediateProofReplayer Proof replay took 7.9ns 
215474     INFO  main            d.u.i.k.p.r.p.TestFile    ... finished proof: closed. 
215753     INFO  main            d.u.i.k.p.i.AbstractProblemLoader Loading environment from /home/runner/work/key/key/key.core/../key.ui/examples/heap/list_seq/ArrayList.remove.0.key.proof 
215754     DEBUG main            d.u.i.k.p.i.AbstractProblemLoader Environment load took 1.76ms 
215756     INFO  main            d.u.i.k.p.i.AbstractProblemLoader Creating init config 
219654     DEBUG main            d.u.i.k.p.i.AbstractProblemLoader Init config took 3.9s 
219766     INFO  main            d.u.i.k.p.i.AbstractProblemLoader Replaying proof ArrayList[List::remove(java.lang.Object)].JML normal_behavior operation contract.0 
220457     DEBUG main            d.u.i.k.p.i.IntermediateProofReplayer Proof replay took 682.59ms 
220462     DEBUG main            d.u.i.k.p.r.p.TestFile    ... success: reloaded. 
220463     INFO  main            d.u.i.k.p.r.p.TestFile    Now processing file /home/runner/work/key/key/key.core/../key.ui/examples/heap/list_seq/ArrayList.remove.1.key 
220464     INFO  main            d.u.i.k.p.i.AbstractProblemLoader Loading environment from /home/runner/work/key/key/key.core/../key.ui/examples/heap/list_seq/ArrayList.remove.1.key 
220464     DEBUG main            d.u.i.k.p.i.AbstractProblemLoader Environment load took 293.3ns 
220465     INFO  main            d.u.i.k.p.i.AbstractProblemLoader Creating init config 
224451     DEBUG main            d.u.i.k.p.i.AbstractProblemLoader Init config took 3.99s 
224542     INFO  main            d.u.i.k.p.i.AbstractProblemLoader Replaying proof ArrayList[List::remove(java.lang.Object)].JML normal_behavior operation contract.1 
224545     DEBUG main            d.u.i.k.p.i.IntermediateProofReplayer Proof replay took 7.7ns 
240228     INFO  main            d.u.i.k.p.r.p.TestFile    ... finished proof: closed. 
240574     INFO  main            d.u.i.k.p.i.AbstractProblemLoader Loading environment from /home/runner/work/key/key/key.core/../key.ui/examples/heap/list_seq/ArrayList.remove.1.key.proof 
240575     DEBUG main            d.u.i.k.p.i.AbstractProblemLoader Environment load took 262.5ns 
240578     INFO  main            d.u.i.k.p.i.AbstractProblemLoader Creating init config 
244383     DEBUG main            d.u.i.k.p.i.AbstractProblemLoader Init config took 3.81s 
244472     INFO  main            d.u.i.k.p.i.AbstractProblemLoader Replaying proof ArrayList[List::remove(java.lang.Object)].JML normal_behavior operation contract.1 
246428     DEBUG main            d.u.i.k.p.i.IntermediateProofReplayer Proof replay took 1.92s 
246431     DEBUG main            d.u.i.k.p.r.p.TestFile    ... success: reloaded. 
1787686    INFO  Test worker     d.u.i.k.p.r.RunAllProofsTestUnit Returning from test list_seq 
1787688    INFO  Test worker     d.u.i.k.p.r.RunAllProofsTestUnit Running test observer 
447        INFO  Timeout watchdog d.u.i.k.p.r.p.ForkedTestFileRunner Timeout watcher launched (2000 secs.) 
447        WARN  main            d.u.i.k.s.ProofSettings   The settings in /home/runner/.key/proof-settings.props are *not* read. 
511        INFO  main            d.u.i.k.p.r.p.TestFile    Now processing file /home/runner/work/key/key/key.core/../key.ui/examples/heap/observer/ExampleObserver_ExampleObserver.key 
702        INFO  main            d.u.i.k.p.i.AbstractProblemLoader Loading environment from /home/runner/work/key/key/key.core/../key.ui/examples/heap/observer/ExampleObserver_ExampleObserver.key 
727        DEBUG main            d.u.i.k.p.i.AbstractProblemLoader Environment load took 2.24ms 
1062       INFO  main            d.u.i.k.p.i.AbstractProblemLoader Creating init config 
2448       DEBUG main            d.u.i.k.j.TypeConverter   No LDT found for Meta 
2449       DEBUG main            d.u.i.k.j.TypeConverter   No LDT found for Meta 
2451       DEBUG main            d.u.i.k.j.TypeConverter   No LDT found for Meta 
2451       DEBUG main            d.u.i.k.j.TypeConverter   No LDT found for Meta 
4330       DEBUG main            d.u.i.k.j.TypeConverter   No LDT found for JavaBigintExpression 
12000      DEBUG main            d.u.i.k.p.i.AbstractProblemLoader Init config took 10.94s 
12269      INFO  main            d.u.i.k.p.i.AbstractProblemLoader Replaying proof ExampleObserver[ExampleObserver::ExampleObserver(ExampleSubject)].JML normal_behavior operation contract.0 
12331      DEBUG main            d.u.i.k.p.i.IntermediateProofReplayer Proof replay took 42.6ns 
13870      INFO  main            d.u.i.k.p.r.p.TestFile    ... finished proof: closed. 
14047      INFO  main            d.u.i.k.p.i.AbstractProblemLoader Loading environment from /home/runner/work/key/key/key.core/../key.ui/examples/heap/observer/ExampleObserver_ExampleObserver.key.proof 
14048      DEBUG main            d.u.i.k.p.i.AbstractProblemLoader Environment load took 618.21ns 
14052      INFO  main            d.u.i.k.p.i.AbstractProblemLoader Creating init config 
18050      DEBUG main            d.u.i.k.p.i.AbstractProblemLoader Init config took 4s 
18158      INFO  main            d.u.i.k.p.i.AbstractProblemLoader Replaying proof ExampleObserver[ExampleObserver::ExampleObserver(ExampleSubject)].JML normal_behavior operation contract.0 
18406      DEBUG main            d.u.i.k.p.i.IntermediateProofReplayer Proof replay took 237.07ms 
18425      DEBUG main            d.u.i.k.p.r.p.TestFile    ... success: reloaded. 
18431      INFO  main            d.u.i.k.p.r.p.TestFile    Now processing file /home/runner/work/key/key/key.core/../key.ui/examples/heap/observer/ExampleObserver_inv.key 
18435      INFO  main            d.u.i.k.p.i.AbstractProblemLoader Loading environment from /home/runner/work/key/key/key.core/../key.ui/examples/heap/observer/ExampleObserver_inv.key 
18435      DEBUG main            d.u.i.k.p.i.AbstractProblemLoader Environment load took 394.8ns 
18438      INFO  main            d.u.i.k.p.i.AbstractProblemLoader Creating init config 
22307      DEBUG main            d.u.i.k.p.i.AbstractProblemLoader Init config took 3.87s 
22396      INFO  main            d.u.i.k.p.i.AbstractProblemLoader Replaying proof ExampleObserver[java.lang.Object::<inv>()].JML accessible clause.0 
22403      DEBUG main            d.u.i.k.p.i.IntermediateProofReplayer Proof replay took 8.7ns 
22508      INFO  main            d.u.i.k.p.r.p.TestFile    ... finished proof: closed. 
22702      INFO  main            d.u.i.k.p.i.AbstractProblemLoader Loading environment from /home/runner/work/key/key/key.core/../key.ui/examples/heap/observer/ExampleObserver_inv.key.proof 
22703      DEBUG main            d.u.i.k.p.i.AbstractProblemLoader Environment load took 1.31ms 
22706      INFO  main            d.u.i.k.p.i.AbstractProblemLoader Creating init config 
26428      DEBUG main            d.u.i.k.p.i.AbstractProblemLoader Init config took 3.72s 
26518      INFO  main            d.u.i.k.p.i.AbstractProblemLoader Replaying proof ExampleObserver[java.lang.Object::<inv>()].JML accessible clause.0 
26556      DEBUG main            d.u.i.k.p.i.IntermediateProofReplayer Proof replay took 31.11ms 
26559      DEBUG main            d.u.i.k.p.r.p.TestFile    ... success: reloaded. 
26561      INFO  main            d.u.i.k.p.r.p.TestFile    Now processing file /home/runner/work/key/key/key.core/../key.ui/examples/heap/observer/ExampleObserver_subject.key 
26562      INFO  main            d.u.i.k.p.i.AbstractProblemLoader Loading environment from /home/runner/work/key/key/key.core/../key.ui/examples/heap/observer/ExampleObserver_subject.key 
26562      DEBUG main            d.u.i.k.p.i.AbstractProblemLoader Environment load took 251.6ns 
26566      INFO  main            d.u.i.k.p.i.AbstractProblemLoader Creating init config 
30330      DEBUG main            d.u.i.k.p.i.AbstractProblemLoader Init config took 3.76s 
30403      INFO  main            d.u.i.k.p.i.AbstractProblemLoader Replaying proof Observer[Observer::$subject()].JML accessible clause.0 
30409      DEBUG main            d.u.i.k.p.i.IntermediateProofReplayer Proof replay took 6.4ns 
30514      INFO  main            d.u.i.k.p.r.p.TestFile    ... finished proof: closed. 
30712      INFO  main            d.u.i.k.p.i.AbstractProblemLoader Loading environment from /home/runner/work/key/key/key.core/../key.ui/examples/heap/observer/ExampleObserver_subject.key.proof 
30712      DEBUG main            d.u.i.k.p.i.AbstractProblemLoader Environment load took 173.4ns 
30715      INFO  main            d.u.i.k.p.i.AbstractProblemLoader Creating init config 
34360      DEBUG main            d.u.i.k.p.i.AbstractProblemLoader Init config took 3.64s 
34428      INFO  main            d.u.i.k.p.i.AbstractProblemLoader Replaying proof Observer[Observer::$subject()].JML accessible clause.0 
34434      DEBUG main            d.u.i.k.p.i.IntermediateProofReplayer Proof replay took 2.62ms 
34436      DEBUG main            d.u.i.k.p.r.p.TestFile    ... success: reloaded. 
34437      INFO  main            d.u.i.k.p.r.p.TestFile    Now processing file /home/runner/work/key/key/key.core/../key.ui/examples/heap/observer/ExampleObserver_update.key 
34438      INFO  main            d.u.i.k.p.i.AbstractProblemLoader Loading environment from /home/runner/work/key/key/key.core/../key.ui/examples/heap/observer/ExampleObserver_update.key 
34438      DEBUG main            d.u.i.k.p.i.AbstractProblemLoader Environment load took 319ns 
34439      INFO  main            d.u.i.k.p.i.AbstractProblemLoader Creating init config 
38084      DEBUG main            d.u.i.k.p.i.AbstractProblemLoader Init config took 3.64s 
38151      INFO  main            d.u.i.k.p.i.AbstractProblemLoader Replaying proof ExampleObserver[Observer::update()].JML normal_behavior operation contract.0 
38153      DEBUG main            d.u.i.k.p.i.IntermediateProofReplayer Proof replay took 6.7ns 
38557      INFO  main            d.u.i.k.p.r.p.TestFile    ... finished proof: closed. 
38765      INFO  main            d.u.i.k.p.i.AbstractProblemLoader Loading environment from /home/runner/work/key/key/key.core/../key.ui/examples/heap/observer/ExampleObserver_update.key.proof 
38765      DEBUG main            d.u.i.k.p.i.AbstractProblemLoader Environment load took 334ns 
38767      INFO  main            d.u.i.k.p.i.AbstractProblemLoader Creating init config 
42512      DEBUG main            d.u.i.k.p.i.AbstractProblemLoader Init config took 3.74s 
42601      INFO  main            d.u.i.k.p.i.AbstractProblemLoader Replaying proof ExampleObserver[Observer::update()].JML normal_behavior operation contract.0 
42695      DEBUG main            d.u.i.k.p.i.IntermediateProofReplayer Proof replay took 90.67ms 
42697      DEBUG main            d.u.i.k.p.r.p.TestFile    ... success: reloaded. 
42699      INFO  main            d.u.i.k.p.r.p.TestFile    Now processing file /home/runner/work/key/key/key.core/../key.ui/examples/heap/observer/ExampleObserver_upToDate.key 
42699      INFO  main            d.u.i.k.p.i.AbstractProblemLoader Loading environment from /home/runner/work/key/key/key.core/../key.ui/examples/heap/observer/ExampleObserver_upToDate.key 
42700      DEBUG main            d.u.i.k.p.i.AbstractProblemLoader Environment load took 290.3ns 
42701      INFO  main            d.u.i.k.p.i.AbstractProblemLoader Creating init config 
46360      DEBUG main            d.u.i.k.p.i.AbstractProblemLoader Init config took 3.66s 
46436      INFO  main            d.u.i.k.p.i.AbstractProblemLoader Replaying proof ExampleObserver[Observer::$upToDate()].JML accessible clause.0 
46439      DEBUG main            d.u.i.k.p.i.IntermediateProofReplayer Proof replay took 8.7ns 
46642      INFO  main            d.u.i.k.p.r.p.TestFile    ... finished proof: closed. 
46944      INFO  main            d.u.i.k.p.i.AbstractProblemLoader Loading environment from /home/runner/work/key/key/key.core/../key.ui/examples/heap/observer/ExampleObserver_upToDate.key.proof 
46948      DEBUG main            d.u.i.k.p.i.AbstractProblemLoader Environment load took 3.71ms 
46950      INFO  main            d.u.i.k.p.i.AbstractProblemLoader Creating init config 
50591      DEBUG main            d.u.i.k.p.i.AbstractProblemLoader Init config took 3.64s 
50658      INFO  main            d.u.i.k.p.i.AbstractProblemLoader Replaying proof ExampleObserver[Observer::$upToDate()].JML accessible clause.0 
50692      DEBUG main            d.u.i.k.p.i.IntermediateProofReplayer Proof replay took 30.68ms 
50693      DEBUG main            d.u.i.k.p.r.p.TestFile    ... success: reloaded. 
50695      INFO  main            d.u.i.k.p.r.p.TestFile    Now processing file /home/runner/work/key/key/key.core/../key.ui/examples/heap/observer/ExampleObserver_value.key 
50695      INFO  main            d.u.i.k.p.i.AbstractProblemLoader Loading environment from /home/runner/work/key/key/key.core/../key.ui/examples/heap/observer/ExampleObserver_value.key 
50696      DEBUG main            d.u.i.k.p.i.AbstractProblemLoader Environment load took 136.2ns 
50697      INFO  main            d.u.i.k.p.i.AbstractProblemLoader Creating init config 
54335      DEBUG main            d.u.i.k.p.i.AbstractProblemLoader Init config took 3.64s 
54396      INFO  main            d.u.i.k.p.i.AbstractProblemLoader Replaying proof ExampleObserver[ExampleObserver::value()].JML normal_behavior operation contract.0 
54399      DEBUG main            d.u.i.k.p.i.IntermediateProofReplayer Proof replay took 8.7ns 
54502      INFO  main            d.u.i.k.p.r.p.TestFile    ... finished proof: closed. 
54739      INFO  main            d.u.i.k.p.i.AbstractProblemLoader Loading environment from /home/runner/work/key/key/key.core/../key.ui/examples/heap/observer/ExampleObserver_value.key.proof 
54740      DEBUG main            d.u.i.k.p.i.AbstractProblemLoader Environment load took 640.51ns 
54741      INFO  main            d.u.i.k.p.i.AbstractProblemLoader Creating init config 
58308      DEBUG main            d.u.i.k.p.i.AbstractProblemLoader Init config took 3.57s 
58370      INFO  main            d.u.i.k.p.i.AbstractProblemLoader Replaying proof ExampleObserver[ExampleObserver::value()].JML normal_behavior operation contract.0 
58402      DEBUG main            d.u.i.k.p.i.IntermediateProofReplayer Proof replay took 29.09ms 
58403      DEBUG main            d.u.i.k.p.r.p.TestFile    ... success: reloaded. 
58405      INFO  main            d.u.i.k.p.r.p.TestFile    Now processing file /home/runner/work/key/key/key.core/../key.ui/examples/heap/observer/ExampleSubject_addObserver.key 
58405      INFO  main            d.u.i.k.p.i.AbstractProblemLoader Loading environment from /home/runner/work/key/key/key.core/../key.ui/examples/heap/observer/ExampleSubject_addObserver.key 
58405      DEBUG main            d.u.i.k.p.i.AbstractProblemLoader Environment load took 138.6ns 
58407      INFO  main            d.u.i.k.p.i.AbstractProblemLoader Creating init config 
61979      DEBUG main            d.u.i.k.p.i.AbstractProblemLoader Init config took 3.57s 
62042      INFO  main            d.u.i.k.p.i.AbstractProblemLoader Replaying proof ExampleSubject[Subject::addObserver(Observer)].JML normal_behavior operation contract.0 
62045      DEBUG main            d.u.i.k.p.i.IntermediateProofReplayer Proof replay took 8.6ns 
70697      INFO  main            d.u.i.k.p.r.p.TestFile    ... finished proof: closed. 
70996      INFO  main            d.u.i.k.p.i.AbstractProblemLoader Loading environment from /home/runner/work/key/key/key.core/../key.ui/examples/heap/observer/ExampleSubject_addObserver.key.proof 
70996      DEBUG main            d.u.i.k.p.i.AbstractProblemLoader Environment load took 645.01ns 
70999      INFO  main            d.u.i.k.p.i.AbstractProblemLoader Creating init config 
74455      DEBUG main            d.u.i.k.p.i.AbstractProblemLoader Init config took 3.46s 
74525      INFO  main            d.u.i.k.p.i.AbstractProblemLoader Replaying proof ExampleSubject[Subject::addObserver(Observer)].JML normal_behavior operation contract.0 
75687      DEBUG main            d.u.i.k.p.i.IntermediateProofReplayer Proof replay took 1.13s 
75690      DEBUG main            d.u.i.k.p.r.p.TestFile    ... success: reloaded. 
75693      INFO  main            d.u.i.k.p.r.p.TestFile    Now processing file /home/runner/work/key/key/key.core/../key.ui/examples/heap/observer/ExampleSubject_change.key 
75694      INFO  main            d.u.i.k.p.i.AbstractProblemLoader Loading environment from /home/runner/work/key/key/key.core/../key.ui/examples/heap/observer/ExampleSubject_change.key 
75694      DEBUG main            d.u.i.k.p.i.AbstractProblemLoader Environment load took 290.9ns 
75695      INFO  main            d.u.i.k.p.i.AbstractProblemLoader Creating init config 
79183      DEBUG main            d.u.i.k.p.i.AbstractProblemLoader Init config took 3.49s 
79264      INFO  main            d.u.i.k.p.i.AbstractProblemLoader Replaying proof ExampleSubject[ExampleSubject::change()].JML normal_behavior operation contract.0 
79268      DEBUG main            d.u.i.k.p.i.IntermediateProofReplayer Proof replay took 24.2ns 
80074      INFO  main            d.u.i.k.p.r.p.TestFile    ... finished proof: closed. 
80339      INFO  main            d.u.i.k.p.i.AbstractProblemLoader Loading environment from /home/runner/work/key/key/key.core/../key.ui/examples/heap/observer/ExampleSubject_change.key.proof 
80339      DEBUG main            d.u.i.k.p.i.AbstractProblemLoader Environment load took 234.2ns 
80341      INFO  main            d.u.i.k.p.i.AbstractProblemLoader Creating init config 
83749      DEBUG main            d.u.i.k.p.i.AbstractProblemLoader Init config took 3.41s 
83808      INFO  main            d.u.i.k.p.i.AbstractProblemLoader Replaying proof ExampleSubject[ExampleSubject::change()].JML normal_behavior operation contract.0 
83933      DEBUG main            d.u.i.k.p.i.IntermediateProofReplayer Proof replay took 119.4ms 
83935      DEBUG main            d.u.i.k.p.r.p.TestFile    ... success: reloaded. 
83937      INFO  main            d.u.i.k.p.r.p.TestFile    Now processing file /home/runner/work/key/key/key.core/../key.ui/examples/heap/observer/ExampleSubject_ExampleSubject.key 
83937      INFO  main            d.u.i.k.p.i.AbstractProblemLoader Loading environment from /home/runner/work/key/key/key.core/../key.ui/examples/heap/observer/ExampleSubject_ExampleSubject.key 
83937      DEBUG main            d.u.i.k.p.i.AbstractProblemLoader Environment load took 251.6ns 
83939      INFO  main            d.u.i.k.p.i.AbstractProblemLoader Creating init config 
87413      DEBUG main            d.u.i.k.p.i.AbstractProblemLoader Init config took 3.47s 
87496      INFO  main            d.u.i.k.p.i.AbstractProblemLoader Replaying proof ExampleSubject[ExampleSubject::ExampleSubject()].JML normal_behavior operation contract.0 
87500      DEBUG main            d.u.i.k.p.i.IntermediateProofReplayer Proof replay took 8.9ns 
89028      INFO  main            d.u.i.k.p.r.p.TestFile    ... finished proof: closed. 
89298      INFO  main            d.u.i.k.p.i.AbstractProblemLoader Loading environment from /home/runner/work/key/key/key.core/../key.ui/examples/heap/observer/ExampleSubject_ExampleSubject.key.proof 
89299      DEBUG main            d.u.i.k.p.i.AbstractProblemLoader Environment load took 856.01ns 
89304      INFO  main            d.u.i.k.p.i.AbstractProblemLoader Creating init config 
92694      DEBUG main            d.u.i.k.p.i.AbstractProblemLoader Init config took 3.39s 
92752      INFO  main            d.u.i.k.p.i.AbstractProblemLoader Replaying proof ExampleSubject[ExampleSubject::ExampleSubject()].JML normal_behavior operation contract.0 
93046      DEBUG main            d.u.i.k.p.i.IntermediateProofReplayer Proof replay took 285.59ms 
93048      DEBUG main            d.u.i.k.p.r.p.TestFile    ... success: reloaded. 
93049      INFO  main            d.u.i.k.p.r.p.TestFile    Now processing file /home/runner/work/key/key/key.core/../key.ui/examples/heap/observer/ExampleSubject_footprint.key 
93050      INFO  main            d.u.i.k.p.i.AbstractProblemLoader Loading environment from /home/runner/work/key/key/key.core/../key.ui/examples/heap/observer/ExampleSubject_footprint.key 
93050      DEBUG main            d.u.i.k.p.i.AbstractProblemLoader Environment load took 282.4ns 
93051      INFO  main            d.u.i.k.p.i.AbstractProblemLoader Creating init config 
96559      DEBUG main            d.u.i.k.p.i.AbstractProblemLoader Init config took 3.51s 
96626      INFO  main            d.u.i.k.p.i.AbstractProblemLoader Replaying proof ExampleSubject[Subject::$footprint()].JML accessible clause.0 
96629      DEBUG main            d.u.i.k.p.i.IntermediateProofReplayer Proof replay took 8.2ns 
96833      INFO  main            d.u.i.k.p.r.p.TestFile    ... finished proof: closed. 
97096      INFO  main            d.u.i.k.p.i.AbstractProblemLoader Loading environment from /home/runner/work/key/key/key.core/../key.ui/examples/heap/observer/ExampleSubject_footprint.key.proof 
97097      DEBUG main            d.u.i.k.p.i.AbstractProblemLoader Environment load took 155.4ns 
97098      INFO  main            d.u.i.k.p.i.AbstractProblemLoader Creating init config 
100609     DEBUG main            d.u.i.k.p.i.AbstractProblemLoader Init config took 3.51s 
100679     INFO  main            d.u.i.k.p.i.AbstractProblemLoader Replaying proof ExampleSubject[Subject::$footprint()].JML accessible clause.0 
100704     DEBUG main            d.u.i.k.p.i.IntermediateProofReplayer Proof replay took 22.34ms 
100705     DEBUG main            d.u.i.k.p.r.p.TestFile    ... success: reloaded. 
100707     INFO  main            d.u.i.k.p.r.p.TestFile    Now processing file /home/runner/work/key/key/key.core/../key.ui/examples/heap/observer/ExampleSubject_inv.key 
100707     INFO  main            d.u.i.k.p.i.AbstractProblemLoader Loading environment from /home/runner/work/key/key/key.core/../key.ui/examples/heap/observer/ExampleSubject_inv.key 
100708     DEBUG main            d.u.i.k.p.i.AbstractProblemLoader Environment load took 245ns 
100709     INFO  main            d.u.i.k.p.i.AbstractProblemLoader Creating init config 
104293     DEBUG main            d.u.i.k.p.i.AbstractProblemLoader Init config took 3.58s 
104363     INFO  main            d.u.i.k.p.i.AbstractProblemLoader Replaying proof ExampleSubject[java.lang.Object::<inv>()].JML accessible clause.0 
104365     DEBUG main            d.u.i.k.p.i.IntermediateProofReplayer Proof replay took 7.5ns 
105972     INFO  main            d.u.i.k.p.r.p.TestFile    ... finished proof: closed. 
106303     INFO  main            d.u.i.k.p.i.AbstractProblemLoader Loading environment from /home/runner/work/key/key/key.core/../key.ui/examples/heap/observer/ExampleSubject_inv.key.proof 
106303     DEBUG main            d.u.i.k.p.i.AbstractProblemLoader Environment load took 155.1ns 
106305     INFO  main            d.u.i.k.p.i.AbstractProblemLoader Creating init config 
109771     DEBUG main            d.u.i.k.p.i.AbstractProblemLoader Init config took 3.47s 
109844     INFO  main            d.u.i.k.p.i.AbstractProblemLoader Replaying proof ExampleSubject[java.lang.Object::<inv>()].JML accessible clause.0 
110018     DEBUG main            d.u.i.k.p.i.IntermediateProofReplayer Proof replay took 166.82ms 
110020     DEBUG main            d.u.i.k.p.r.p.TestFile    ... success: reloaded. 
110022     INFO  main            d.u.i.k.p.r.p.TestFile    Now processing file /home/runner/work/key/key/key.core/../key.ui/examples/heap/observer/ExampleSubject_notifyObservers.key 
110022     INFO  main            d.u.i.k.p.i.AbstractProblemLoader Loading environment from /home/runner/work/key/key/key.core/../key.ui/examples/heap/observer/ExampleSubject_notifyObservers.key 
110023     DEBUG main            d.u.i.k.p.i.AbstractProblemLoader Environment load took 497.41ns 
110024     INFO  main            d.u.i.k.p.i.AbstractProblemLoader Creating init config 
113534     DEBUG main            d.u.i.k.p.i.AbstractProblemLoader Init config took 3.51s 
113587     INFO  main            d.u.i.k.p.i.AbstractProblemLoader Replaying proof Subject[Subject::notifyObservers()].JML normal_behavior operation contract.0 
113589     DEBUG main            d.u.i.k.p.i.IntermediateProofReplayer Proof replay took 6.5ns 
113692     INFO  main            d.u.i.k.p.r.p.TestFile    ... finished proof: closed. 
113976     INFO  main            d.u.i.k.p.i.AbstractProblemLoader Loading environment from /home/runner/work/key/key/key.core/../key.ui/examples/heap/observer/ExampleSubject_notifyObservers.key.proof 
113976     DEBUG main            d.u.i.k.p.i.AbstractProblemLoader Environment load took 152.2ns 
113978     INFO  main            d.u.i.k.p.i.AbstractProblemLoader Creating init config 
117449     DEBUG main            d.u.i.k.p.i.AbstractProblemLoader Init config took 3.47s 
117524     INFO  main            d.u.i.k.p.i.AbstractProblemLoader Replaying proof Subject[Subject::notifyObservers()].JML normal_behavior operation contract.0 
117530     DEBUG main            d.u.i.k.p.i.IntermediateProofReplayer Proof replay took 3.78ms 
117532     DEBUG main            d.u.i.k.p.r.p.TestFile    ... success: reloaded. 
117533     INFO  main            d.u.i.k.p.r.p.TestFile    Now processing file /home/runner/work/key/key/key.core/../key.ui/examples/heap/observer/ExampleSubject_value_dep.key 
117534     INFO  main            d.u.i.k.p.i.AbstractProblemLoader Loading environment from /home/runner/work/key/key/key.core/../key.ui/examples/heap/observer/ExampleSubject_value_dep.key 
117534     DEBUG main            d.u.i.k.p.i.AbstractProblemLoader Environment load took 264.4ns 
117536     INFO  main            d.u.i.k.p.i.AbstractProblemLoader Creating init config 
121009     DEBUG main            d.u.i.k.p.i.AbstractProblemLoader Init config took 3.47s 
121064     INFO  main            d.u.i.k.p.i.AbstractProblemLoader Replaying proof ExampleSubject[ExampleSubject::value()].JML accessible clause.0 
121067     DEBUG main            d.u.i.k.p.i.IntermediateProofReplayer Proof replay took 7.6ns 
121172     INFO  main            d.u.i.k.p.r.p.TestFile    ... finished proof: closed. 
121456     INFO  main            d.u.i.k.p.i.AbstractProblemLoader Loading environment from /home/runner/work/key/key/key.core/../key.ui/examples/heap/observer/ExampleSubject_value_dep.key.proof 
121457     DEBUG main            d.u.i.k.p.i.AbstractProblemLoader Environment load took 201.9ns 
121458     INFO  main            d.u.i.k.p.i.AbstractProblemLoader Creating init config 
124860     DEBUG main            d.u.i.k.p.i.AbstractProblemLoader Init config took 3.4s 
124915     INFO  main            d.u.i.k.p.i.AbstractProblemLoader Replaying proof ExampleSubject[ExampleSubject::value()].JML accessible clause.0 
124936     DEBUG main            d.u.i.k.p.i.IntermediateProofReplayer Proof replay took 18.56ms 
124938     DEBUG main            d.u.i.k.p.r.p.TestFile    ... success: reloaded. 
124939     INFO  main            d.u.i.k.p.r.p.TestFile    Now processing file /home/runner/work/key/key/key.core/../key.ui/examples/heap/observer/ExampleSubject_value.key 
124940     INFO  main            d.u.i.k.p.i.AbstractProblemLoader Loading environment from /home/runner/work/key/key/key.core/../key.ui/examples/heap/observer/ExampleSubject_value.key 
124940     DEBUG main            d.u.i.k.p.i.AbstractProblemLoader Environment load took 278ns 
124941     INFO  main            d.u.i.k.p.i.AbstractProblemLoader Creating init config 
128412     DEBUG main            d.u.i.k.p.i.AbstractProblemLoader Init config took 3.47s 
128466     INFO  main            d.u.i.k.p.i.AbstractProblemLoader Replaying proof ExampleSubject[ExampleSubject::value()].JML normal_behavior operation contract.0 
128468     DEBUG main            d.u.i.k.p.i.IntermediateProofReplayer Proof replay took 8.7ns 
128576     INFO  main            d.u.i.k.p.r.p.TestFile    ... finished proof: closed. 
128848     INFO  main            d.u.i.k.p.i.AbstractProblemLoader Loading environment from /home/runner/work/key/key/key.core/../key.ui/examples/heap/observer/ExampleSubject_value.key.proof 
128848     DEBUG main            d.u.i.k.p.i.AbstractProblemLoader Environment load took 167.6ns 
128850     INFO  main            d.u.i.k.p.i.AbstractProblemLoader Creating init config 
132215     DEBUG main            d.u.i.k.p.i.AbstractProblemLoader Init config took 3.36s 
132272     INFO  main            d.u.i.k.p.i.AbstractProblemLoader Replaying proof ExampleSubject[ExampleSubject::value()].JML normal_behavior operation contract.0 
132290     DEBUG main            d.u.i.k.p.i.IntermediateProofReplayer Proof replay took 15.54ms 
132291     DEBUG main            d.u.i.k.p.r.p.TestFile    ... success: reloaded. 
1920197    INFO  Test worker     d.u.i.k.p.r.RunAllProofsTestUnit Returning from test observer 
1920199    INFO  Test worker     d.u.i.k.p.r.RunAllProofsTestUnit Running test removeDups 
524        INFO  Timeout watchdog d.u.i.k.p.r.p.ForkedTestFileRunner Timeout watcher launched (2000 secs.) 
542        WARN  main            d.u.i.k.s.ProofSettings   The settings in /home/runner/.key/proof-settings.props are *not* read. 
606        INFO  main            d.u.i.k.p.r.p.TestFile    Now processing file /home/runner/work/key/key/key.core/../key.ui/examples/heap/removeDups/arrayPart.key 
772        INFO  main            d.u.i.k.p.i.AbstractProblemLoader Loading environment from /home/runner/work/key/key/key.core/../key.ui/examples/heap/removeDups/arrayPart.key 
794        DEBUG main            d.u.i.k.p.i.AbstractProblemLoader Environment load took 2.21ms 
1111       INFO  main            d.u.i.k.p.i.AbstractProblemLoader Creating init config 
2399       DEBUG main            d.u.i.k.j.TypeConverter   No LDT found for Meta 
2400       DEBUG main            d.u.i.k.j.TypeConverter   No LDT found for Meta 
2409       DEBUG main            d.u.i.k.j.TypeConverter   No LDT found for Meta 
2411       DEBUG main            d.u.i.k.j.TypeConverter   No LDT found for Meta 
4291       DEBUG main            d.u.i.k.j.TypeConverter   No LDT found for JavaBigintExpression 
10913      DEBUG main            d.u.i.k.p.i.AbstractProblemLoader Init config took 9.8s 
11140      INFO  main            d.u.i.k.p.i.AbstractProblemLoader Replaying proof RemoveDup[RemoveDup::arrayPart([I,int)].JML normal_behavior operation contract.0 
11191      DEBUG main            d.u.i.k.p.i.IntermediateProofReplayer Proof replay took 42.7ns 
14881      INFO  main            d.u.i.k.p.r.p.TestFile    ... finished proof: closed. 
15094      INFO  main            d.u.i.k.p.i.AbstractProblemLoader Loading environment from /home/runner/work/key/key/key.core/../key.ui/examples/heap/removeDups/arrayPart.key.proof 
15095      DEBUG main            d.u.i.k.p.i.AbstractProblemLoader Environment load took 958.12ns 
15100      INFO  main            d.u.i.k.p.i.AbstractProblemLoader Creating init config 
19067      DEBUG main            d.u.i.k.p.i.AbstractProblemLoader Init config took 3.97s 
19168      INFO  main            d.u.i.k.p.i.AbstractProblemLoader Replaying proof RemoveDup[RemoveDup::arrayPart([I,int)].JML normal_behavior operation contract.0 
19762      DEBUG main            d.u.i.k.p.i.IntermediateProofReplayer Proof replay took 577.9ms 
19772      DEBUG main            d.u.i.k.p.r.p.TestFile    ... success: reloaded. 
19775      INFO  main            d.u.i.k.p.r.p.TestFile    Now processing file /home/runner/work/key/key/key.core/../key.ui/examples/heap/removeDups/contains.key 
19775      INFO  main            d.u.i.k.p.i.AbstractProblemLoader Loading environment from /home/runner/work/key/key/key.core/../key.ui/examples/heap/removeDups/contains.key 
19776      DEBUG main            d.u.i.k.p.i.AbstractProblemLoader Environment load took 288.41ns 
19780      INFO  main            d.u.i.k.p.i.AbstractProblemLoader Creating init config 
23582      DEBUG main            d.u.i.k.p.i.AbstractProblemLoader Init config took 3.8s 
23660      INFO  main            d.u.i.k.p.i.AbstractProblemLoader Replaying proof RemoveDup[RemoveDup::contains([I,int,int)].JML normal_behavior operation contract.0 
23664      DEBUG main            d.u.i.k.p.i.IntermediateProofReplayer Proof replay took 8.1ns 
24470      INFO  main            d.u.i.k.p.r.p.TestFile    ... finished proof: closed. 
24657      INFO  main            d.u.i.k.p.i.AbstractProblemLoader Loading environment from /home/runner/work/key/key/key.core/../key.ui/examples/heap/removeDups/contains.key.proof 
24657      DEBUG main            d.u.i.k.p.i.AbstractProblemLoader Environment load took 554.51ns 
24660      INFO  main            d.u.i.k.p.i.AbstractProblemLoader Creating init config 
28313      DEBUG main            d.u.i.k.p.i.AbstractProblemLoader Init config took 3.65s 
28426      INFO  main            d.u.i.k.p.i.AbstractProblemLoader Replaying proof RemoveDup[RemoveDup::contains([I,int,int)].JML normal_behavior operation contract.0 
28627      DEBUG main            d.u.i.k.p.i.IntermediateProofReplayer Proof replay took 192.96ms 
28630      DEBUG main            d.u.i.k.p.r.p.TestFile    ... success: reloaded. 
28634      INFO  main            d.u.i.k.p.r.p.TestFile    Now processing file /home/runner/work/key/key/key.core/../key.ui/examples/heap/removeDups/removeDup.key 
28634      INFO  main            d.u.i.k.p.i.AbstractProblemLoader Loading environment from /home/runner/work/key/key/key.core/../key.ui/examples/heap/removeDups/removeDup.key 
28635      DEBUG main            d.u.i.k.p.i.AbstractProblemLoader Environment load took 172.5ns 
28637      INFO  main            d.u.i.k.p.i.AbstractProblemLoader Creating init config 
32200      DEBUG main            d.u.i.k.p.i.AbstractProblemLoader Init config took 3.56s 
32265      INFO  main            d.u.i.k.p.i.AbstractProblemLoader Replaying proof RemoveDup[RemoveDup::removeDup([I)].JML normal_behavior operation contract.0 
32268      DEBUG main            d.u.i.k.p.i.IntermediateProofReplayer Proof replay took 7.9ns 
39286      DEBUG Thread-7        d.u.i.k.j.d.VariableSpecification Program match. Variables have different dimension (template #v0 = #vi;, source a#11[] = var;) 
69796      INFO  main            d.u.i.k.p.r.p.TestFile    ... finished proof: closed. 
70161      INFO  main            d.u.i.k.p.i.AbstractProblemLoader Loading environment from /home/runner/work/key/key/key.core/../key.ui/examples/heap/removeDups/removeDup.key.proof 
70162      DEBUG main            d.u.i.k.p.i.AbstractProblemLoader Environment load took 597.72ns 
70173      INFO  main            d.u.i.k.p.i.AbstractProblemLoader Creating init config 
73647      DEBUG main            d.u.i.k.p.i.AbstractProblemLoader Init config took 3.47s 
73706      INFO  main            d.u.i.k.p.i.AbstractProblemLoader Replaying proof RemoveDup[RemoveDup::removeDup([I)].JML normal_behavior operation contract.0 
76603      DEBUG main            d.u.i.k.p.i.IntermediateProofReplayer Proof replay took 2.78s 
76608      DEBUG main            d.u.i.k.p.r.p.TestFile    ... success: reloaded. 
76610      INFO  main            d.u.i.k.p.r.p.TestFile    Now processing file /home/runner/work/key/key/key.core/../key.ui/examples/heap/saddleback_search/Saddleback_search.key 
76611      INFO  main            d.u.i.k.p.i.AbstractProblemLoader Loading environment from /home/runner/work/key/key/key.core/../key.ui/examples/heap/saddleback_search/Saddleback_search.key 
76611      DEBUG main            d.u.i.k.p.i.AbstractProblemLoader Environment load took 141.1ns 
76612      INFO  main            d.u.i.k.p.i.AbstractProblemLoader Creating init config 
80203      DEBUG main            d.u.i.k.p.i.AbstractProblemLoader Init config took 3.59s 
80258      INFO  main            d.u.i.k.p.i.AbstractProblemLoader Replaying proof Saddleback[Saddleback::search([[I,int)].JML normal_behavior operation contract.0 
80268      DEBUG main            d.u.i.k.p.i.IntermediateProofReplayer Proof replay took 26.5ns 
195793     INFO  main            d.u.i.k.p.r.p.TestFile    ... finished proof: closed. 
196296     INFO  main            d.u.i.k.p.i.AbstractProblemLoader Loading environment from /home/runner/work/key/key/key.core/../key.ui/examples/heap/saddleback_search/Saddleback_search.key.proof 
196296     DEBUG main            d.u.i.k.p.i.AbstractProblemLoader Environment load took 647.41ns 
196308     INFO  main            d.u.i.k.p.i.AbstractProblemLoader Creating init config 
199605     DEBUG main            d.u.i.k.p.i.AbstractProblemLoader Init config took 3.3s 
199655     INFO  main            d.u.i.k.p.i.AbstractProblemLoader Replaying proof Saddleback[Saddleback::search([[I,int)].JML normal_behavior operation contract.0 
203553     DEBUG main            d.u.i.k.p.i.IntermediateProofReplayer Proof replay took 3.69s 
203625     DEBUG main            d.u.i.k.p.r.p.TestFile    ... success: reloaded. 
2125009    INFO  Test worker     d.u.i.k.p.r.RunAllProofsTestUnit Returning from test removeDups 
2125011    INFO  Test worker     d.u.i.k.p.r.RunAllProofsTestUnit Running test quicksort 
441        INFO  Timeout watchdog d.u.i.k.p.r.p.ForkedTestFileRunner Timeout watcher launched (2000 secs.) 
459        WARN  main            d.u.i.k.s.ProofSettings   The settings in /home/runner/.key/proof-settings.props are *not* read. 
501        INFO  main            d.u.i.k.p.r.p.TestFile    Now processing file /home/runner/work/key/key/key.core/../key.ui/examples/heap/quicksort/toplevel.key 
733        INFO  main            d.u.i.k.p.i.AbstractProblemLoader Loading environment from /home/runner/work/key/key/key.core/../key.ui/examples/heap/quicksort/toplevel.key 
756        DEBUG main            d.u.i.k.p.i.AbstractProblemLoader Environment load took 2.85ms 
1054       INFO  main            d.u.i.k.p.i.AbstractProblemLoader Creating init config 
2374       DEBUG main            d.u.i.k.j.TypeConverter   No LDT found for Meta 
2375       DEBUG main            d.u.i.k.j.TypeConverter   No LDT found for Meta 
2379       DEBUG main            d.u.i.k.j.TypeConverter   No LDT found for Meta 
2379       DEBUG main            d.u.i.k.j.TypeConverter   No LDT found for Meta 
4271       DEBUG main            d.u.i.k.j.TypeConverter   No LDT found for JavaBigintExpression 
11093      DEBUG main            d.u.i.k.p.i.AbstractProblemLoader Init config took 10.04s 
11332      INFO  main            d.u.i.k.p.i.AbstractProblemLoader Replaying proof Quicksort[Quicksort::sort([I)].JML normal_behavior operation contract.0 
11385      DEBUG main            d.u.i.k.p.i.IntermediateProofReplayer Proof replay took 41.6ns 
13040      INFO  main            d.u.i.k.p.r.p.TestFile    ... finished proof: closed. 
13212      INFO  main            d.u.i.k.p.i.AbstractProblemLoader Loading environment from /home/runner/work/key/key/key.core/../key.ui/examples/heap/quicksort/toplevel.key.proof 
13215      DEBUG main            d.u.i.k.p.i.AbstractProblemLoader Environment load took 3.01ms 
13223      INFO  main            d.u.i.k.p.i.AbstractProblemLoader Creating init config 
17258      DEBUG main            d.u.i.k.p.i.AbstractProblemLoader Init config took 4.04s 
17387      INFO  main            d.u.i.k.p.i.AbstractProblemLoader Replaying proof Quicksort[Quicksort::sort([I)].JML normal_behavior operation contract.0 
17761      DEBUG main            d.u.i.k.p.i.IntermediateProofReplayer Proof replay took 350.37ms 
17771      DEBUG main            d.u.i.k.p.r.p.TestFile    ... success: reloaded. 
17776      INFO  main            d.u.i.k.p.r.p.TestFile    Now processing file /home/runner/work/key/key/key.core/../key.ui/examples/heap/quicksort/sort.key 
17777      INFO  main            d.u.i.k.p.i.AbstractProblemLoader Loading environment from /home/runner/work/key/key/key.core/../key.ui/examples/heap/quicksort/sort.key 
17777      DEBUG main            d.u.i.k.p.i.AbstractProblemLoader Environment load took 154.4ns 
17781      INFO  main            d.u.i.k.p.i.AbstractProblemLoader Creating init config 
21729      DEBUG main            d.u.i.k.p.i.AbstractProblemLoader Init config took 3.95s 
21811      INFO  main            d.u.i.k.p.i.AbstractProblemLoader Replaying proof Quicksort[Quicksort::sort([I,int,int)].JML normal_behavior operation contract.0 
21815      DEBUG main            d.u.i.k.p.i.IntermediateProofReplayer Proof replay took 8.7ns 
21857      DEBUG main            d.u.i.k.m.s.ProofScriptEngine 1: 'script 'sort.script'' 
21862      INFO  main            d.u.i.k.m.s.ProofScriptCommand Included script /home/runner/work/key/key/key.core/../key.ui/examples/heap/quicksort/sort.script 
21863      DEBUG main            d.u.i.k.m.s.ProofScriptEngine 1: 'macro autopilot-prep' 
23364      DEBUG main            d.u.i.k.m.s.ProofScriptEngine 2: 'select formula="{heapAtPre:=heap || exc:=null || heap:=heapAfter_sort_0}
   seq ...' 
23371      DEBUG main            d.u.i.k.m.s.ProofScriptEngine 3: 'macro simp-upd' 
23391      DEBUG main            d.u.i.k.m.s.ProofScriptEngine 4: 'let   @seqPre="seqDef{int u;}(0, array.length, array[u])"
    @seqSplit="seqDef ...' 
23403      DEBUG main            d.u.i.k.m.s.ProofScriptEngine 5: 'rule seqPermSym 
  formula="seqPerm(@seqSplit, @seqPre)"' 
23441      DEBUG main            d.u.i.k.m.s.ProofScriptEngine 6: 'rule seqPermSym
  formula="seqPerm(@seqSort, @seqSplit)"' 
23445      DEBUG main            d.u.i.k.m.s.ProofScriptEngine 7: 'rule seqPermSym
  formula="seqPerm(@seqSort0, @seqSort)"' 
23447      DEBUG main            d.u.i.k.m.s.ProofScriptEngine 8: 'rule seqPermTrans
  formula="seqPerm(@seqPre, @seqSplit)"' 
23451      DEBUG main            d.u.i.k.m.s.ProofScriptEngine 9: 'rule seqPermTrans
  formula="seqPerm(@seqPre, @seqSort)"' 
23453      DEBUG main            d.u.i.k.m.s.ProofScriptEngine 10: 'rule seqPermSym
  formula="seqPerm(@seqPre, @seqSort0)"' 
23455      DEBUG main            d.u.i.k.m.s.ProofScriptEngine 11: 'tryclose' 
58565      INFO  main            d.u.i.k.p.r.p.TestFile    ... finished proof: closed. 
58956      INFO  main            d.u.i.k.p.i.AbstractProblemLoader Loading environment from /home/runner/work/key/key/key.core/../key.ui/examples/heap/quicksort/sort.key.proof 
58957      DEBUG main            d.u.i.k.p.i.AbstractProblemLoader Environment load took 697.31ns 
58964      INFO  main            d.u.i.k.p.i.AbstractProblemLoader Creating init config 
62434      DEBUG main            d.u.i.k.p.i.AbstractProblemLoader Init config took 3.47s 
62499      INFO  main            d.u.i.k.p.i.AbstractProblemLoader Replaying proof Quicksort[Quicksort::sort([I,int,int)].JML normal_behavior operation contract.0 
65381      DEBUG main            d.u.i.k.p.i.IntermediateProofReplayer Proof replay took 2.72s 
65437      DEBUG main            d.u.i.k.p.r.p.TestFile    ... success: reloaded. 
65442      INFO  main            d.u.i.k.p.r.p.TestFile    Now processing file /home/runner/work/key/key/key.core/../key.ui/examples/heap/quicksort/split.key 
65443      INFO  main            d.u.i.k.p.i.AbstractProblemLoader Loading environment from /home/runner/work/key/key/key.core/../key.ui/examples/heap/quicksort/split.key 
65443      DEBUG main            d.u.i.k.p.i.AbstractProblemLoader Environment load took 617.51ns 
65446      INFO  main            d.u.i.k.p.i.AbstractProblemLoader Creating init config 
69122      DEBUG main            d.u.i.k.p.i.AbstractProblemLoader Init config took 3.68s 
69183      INFO  main            d.u.i.k.p.i.AbstractProblemLoader Replaying proof Quicksort[Quicksort::split([I,int,int)].JML normal_behavior operation contract.0 
69187      DEBUG main            d.u.i.k.p.i.IntermediateProofReplayer Proof replay took 7.2ns 
69188      DEBUG main            d.u.i.k.m.s.ProofScriptEngine 1: 'macro autopilot-prep' 
70770      DEBUG main            d.u.i.k.m.s.ProofScriptEngine 2: 'tryclose' 
121813     DEBUG main            d.u.i.k.m.s.ProofScriptEngine 3: 'macro simp-upd' 
121960     DEBUG main            d.u.i.k.m.s.ProofScriptEngine 4: 'rule seqPermFromSwap' 
121982     DEBUG main            d.u.i.k.m.s.ProofScriptEngine 5: 'rule andRight' 
121984     DEBUG main            d.u.i.k.m.s.ProofScriptEngine 6: 'auto' 
122016     DEBUG main            d.u.i.k.m.s.ProofScriptEngine 7: 'instantiate hide var=iv with=i_0' 
122022     DEBUG main            d.u.i.k.m.s.ProofScriptEngine 8: 'instantiate hide var=jv with=j_0' 
122024     DEBUG main            d.u.i.k.m.s.ProofScriptEngine 9: 'auto' 
130916     DEBUG main            d.u.i.k.m.s.ProofScriptEngine 10: 'macro simp-upd' 
131030     DEBUG main            d.u.i.k.m.s.ProofScriptEngine 11: 'rule seqPermFromSwap' 
131037     DEBUG main            d.u.i.k.m.s.ProofScriptEngine 12: 'rule andRight' 
131040     DEBUG main            d.u.i.k.m.s.ProofScriptEngine 13: 'auto' 
131062     DEBUG main            d.u.i.k.m.s.ProofScriptEngine 14: 'instantiate hide var=iv with=i_0' 
131067     DEBUG main            d.u.i.k.m.s.ProofScriptEngine 15: 'instantiate hide var=jv with=to' 
131069     DEBUG main            d.u.i.k.m.s.ProofScriptEngine 16: 'auto' 
138224     INFO  main            d.u.i.k.p.r.p.TestFile    ... finished proof: closed. 
138930     INFO  main            d.u.i.k.p.i.AbstractProblemLoader Loading environment from /home/runner/work/key/key/key.core/../key.ui/examples/heap/quicksort/split.key.proof 
138930     DEBUG main            d.u.i.k.p.i.AbstractProblemLoader Environment load took 284ns 
138942     INFO  main            d.u.i.k.p.i.AbstractProblemLoader Creating init config 
142307     DEBUG main            d.u.i.k.p.i.AbstractProblemLoader Init config took 3.36s 
142385     INFO  main            d.u.i.k.p.i.AbstractProblemLoader Replaying proof Quicksort[Quicksort::split([I,int,int)].JML normal_behavior operation contract.0 
147666     DEBUG main            d.u.i.k.p.i.IntermediateProofReplayer Proof replay took 5.04s 
147682     DEBUG main            d.u.i.k.p.r.p.TestFile    ... success: reloaded. 
2272928    INFO  Test worker     d.u.i.k.p.r.RunAllProofsTestUnit Returning from test quicksort 
2272929    INFO  Test worker     d.u.i.k.p.r.RunAllProofsTestUnit Running test simpleTests 
448        INFO  Timeout watchdog d.u.i.k.p.r.p.ForkedTestFileRunner Timeout watcher launched (2000 secs.) 
469        WARN  main            d.u.i.k.s.ProofSettings   The settings in /home/runner/.key/proof-settings.props are *not* read. 
503        INFO  main            d.u.i.k.p.r.p.TestFile    Now processing file /home/runner/work/key/key/key.core/../key.ui/examples/heap/simple/anonymise_datagroup.key 
647        INFO  main            d.u.i.k.p.i.AbstractProblemLoader Loading environment from /home/runner/work/key/key/key.core/../key.ui/examples/heap/simple/anonymise_datagroup.key 
668        DEBUG main            d.u.i.k.p.i.AbstractProblemLoader Environment load took 1.97ms 
982        INFO  main            d.u.i.k.p.i.AbstractProblemLoader Creating init config 
2170       DEBUG main            d.u.i.k.j.TypeConverter   No LDT found for Meta 
2170       DEBUG main            d.u.i.k.j.TypeConverter   No LDT found for Meta 
2173       DEBUG main            d.u.i.k.j.TypeConverter   No LDT found for Meta 
2173       DEBUG main            d.u.i.k.j.TypeConverter   No LDT found for Meta 
4143       DEBUG main            d.u.i.k.j.TypeConverter   No LDT found for JavaBigintExpression 
9747       DEBUG main            d.u.i.k.p.i.AbstractProblemLoader Init config took 8.76s 
9827       INFO  main            d.u.i.k.p.i.AbstractProblemLoader Replaying proof anonymise_datagroup.key 
9876       DEBUG main            d.u.i.k.p.i.IntermediateProofReplayer Proof replay took 87.9ns 
10165      INFO  main            d.u.i.k.p.r.p.TestFile    ... finished proof: closed. 
10296      INFO  main            d.u.i.k.p.i.AbstractProblemLoader Loading environment from /home/runner/work/key/key/key.core/../key.ui/examples/heap/simple/anonymise_datagroup.key.proof 
10298      DEBUG main            d.u.i.k.p.i.AbstractProblemLoader Environment load took 1.72ms 
10305      INFO  main            d.u.i.k.p.i.AbstractProblemLoader Creating init config 
13626      DEBUG main            d.u.i.k.p.i.AbstractProblemLoader Init config took 3.32s 
13670      INFO  main            d.u.i.k.p.i.AbstractProblemLoader Replaying proof anonymise_datagroup.key.proof 
13687      DEBUG main            d.u.i.k.p.i.IntermediateProofReplayer Proof replay took 12ms 
13710      DEBUG main            d.u.i.k.p.r.p.TestFile    ... success: reloaded. 
13711      INFO  main            d.u.i.k.p.r.p.TestFile    Now processing file /home/runner/work/key/key/key.core/../key.ui/examples/heap/simple/array_creation.key 
13712      INFO  main            d.u.i.k.p.i.AbstractProblemLoader Loading environment from /home/runner/work/key/key/key.core/../key.ui/examples/heap/simple/array_creation.key 
13712      DEBUG main            d.u.i.k.p.i.AbstractProblemLoader Environment load took 427.7ns 
13715      INFO  main            d.u.i.k.p.i.AbstractProblemLoader Creating init config 
17081      DEBUG main            d.u.i.k.p.i.AbstractProblemLoader Init config took 3.37s 
17124      INFO  main            d.u.i.k.p.i.AbstractProblemLoader Replaying proof array_creation.key 
17130      DEBUG main            d.u.i.k.p.i.IntermediateProofReplayer Proof replay took 7.6ns 
17940      INFO  main            d.u.i.k.p.r.p.TestFile    ... finished proof: closed. 
18118      INFO  main            d.u.i.k.p.i.AbstractProblemLoader Loading environment from /home/runner/work/key/key/key.core/../key.ui/examples/heap/simple/array_creation.key.proof 
18119      DEBUG main            d.u.i.k.p.i.AbstractProblemLoader Environment load took 201.3ns 
18121      INFO  main            d.u.i.k.p.i.AbstractProblemLoader Creating init config 
21117      DEBUG main            d.u.i.k.p.i.AbstractProblemLoader Init config took 3s 
21165      INFO  main            d.u.i.k.p.i.AbstractProblemLoader Replaying proof array_creation.key.proof 
21413      DEBUG main            d.u.i.k.p.i.IntermediateProofReplayer Proof replay took 233.38ms 
21414      DEBUG main            d.u.i.k.p.r.p.TestFile    ... success: reloaded. 
21417      INFO  main            d.u.i.k.p.r.p.TestFile    Now processing file /home/runner/work/key/key/key.core/../key.ui/examples/heap/simple/arrays_with_disjoint_sorts.key 
21418      INFO  main            d.u.i.k.p.i.AbstractProblemLoader Loading environment from /home/runner/work/key/key/key.core/../key.ui/examples/heap/simple/arrays_with_disjoint_sorts.key 
21418      DEBUG main            d.u.i.k.p.i.AbstractProblemLoader Environment load took 406.61ns 
21420      INFO  main            d.u.i.k.p.i.AbstractProblemLoader Creating init config 
24529      DEBUG main            d.u.i.k.p.i.AbstractProblemLoader Init config took 3.11s 
24558      INFO  main            d.u.i.k.p.i.AbstractProblemLoader Replaying proof arrays_with_disjoint_sorts.key 
24560      DEBUG main            d.u.i.k.p.i.IntermediateProofReplayer Proof replay took 7.3ns 
24770      INFO  main            d.u.i.k.p.r.p.TestFile    ... finished proof: closed. 
24986      INFO  main            d.u.i.k.p.i.AbstractProblemLoader Loading environment from /home/runner/work/key/key/key.core/../key.ui/examples/heap/simple/arrays_with_disjoint_sorts.key.proof 
24986      DEBUG main            d.u.i.k.p.i.AbstractProblemLoader Environment load took 147.4ns 
24988      INFO  main            d.u.i.k.p.i.AbstractProblemLoader Creating init config 
27885      DEBUG main            d.u.i.k.p.i.AbstractProblemLoader Init config took 2.9s 
27912      INFO  main            d.u.i.k.p.i.AbstractProblemLoader Replaying proof arrays_with_disjoint_sorts.key.proof 
27941      DEBUG main            d.u.i.k.p.i.IntermediateProofReplayer Proof replay took 25.4ms 
27943      DEBUG main            d.u.i.k.p.r.p.TestFile    ... success: reloaded. 
27944      INFO  main            d.u.i.k.p.r.p.TestFile    Now processing file /home/runner/work/key/key/key.core/../key.ui/examples/heap/simple/arrays.key 
27945      INFO  main            d.u.i.k.p.i.AbstractProblemLoader Loading environment from /home/runner/work/key/key/key.core/../key.ui/examples/heap/simple/arrays.key 
27945      DEBUG main            d.u.i.k.p.i.AbstractProblemLoader Environment load took 352.01ns 
27947      INFO  main            d.u.i.k.p.i.AbstractProblemLoader Creating init config 
30930      DEBUG main            d.u.i.k.p.i.AbstractProblemLoader Init config took 2.98s 
30955      INFO  main            d.u.i.k.p.i.AbstractProblemLoader Replaying proof arrays.key 
30959      DEBUG main            d.u.i.k.p.i.IntermediateProofReplayer Proof replay took 6.5ns 
31166      INFO  main            d.u.i.k.p.r.p.TestFile    ... finished proof: closed. 
31381      INFO  main            d.u.i.k.p.i.AbstractProblemLoader Loading environment from /home/runner/work/key/key/key.core/../key.ui/examples/heap/simple/arrays.key.proof 
31382      DEBUG main            d.u.i.k.p.i.AbstractProblemLoader Environment load took 705.71ns 
31383      INFO  main            d.u.i.k.p.i.AbstractProblemLoader Creating init config 
34544      DEBUG main            d.u.i.k.p.i.AbstractProblemLoader Init config took 3.16s 
34572      INFO  main            d.u.i.k.p.i.AbstractProblemLoader Replaying proof arrays.key.proof 
34626      DEBUG main            d.u.i.k.p.i.IntermediateProofReplayer Proof replay took 45.76ms 
34628      DEBUG main            d.u.i.k.p.r.p.TestFile    ... success: reloaded. 
34630      INFO  main            d.u.i.k.p.r.p.TestFile    Now processing file /home/runner/work/key/key/key.core/../key.ui/examples/heap/simple/attributes.key 
34632      INFO  main            d.u.i.k.p.i.AbstractProblemLoader Loading environment from /home/runner/work/key/key/key.core/../key.ui/examples/heap/simple/attributes.key 
34632      DEBUG main            d.u.i.k.p.i.AbstractProblemLoader Environment load took 343.11ns 
34633      INFO  main            d.u.i.k.p.i.AbstractProblemLoader Creating init config 
37860      DEBUG main            d.u.i.k.p.i.AbstractProblemLoader Init config took 3.23s 
37884      INFO  main            d.u.i.k.p.i.AbstractProblemLoader Replaying proof attributes.key 
37886      DEBUG main            d.u.i.k.p.i.IntermediateProofReplayer Proof replay took 7.9ns 
37990      INFO  main            d.u.i.k.p.r.p.TestFile    ... finished proof: closed. 
38204      INFO  main            d.u.i.k.p.i.AbstractProblemLoader Loading environment from /home/runner/work/key/key/key.core/../key.ui/examples/heap/simple/attributes.key.proof 
38204      DEBUG main            d.u.i.k.p.i.AbstractProblemLoader Environment load took 146.6ns 
38206      INFO  main            d.u.i.k.p.i.AbstractProblemLoader Creating init config 
41245      DEBUG main            d.u.i.k.p.i.AbstractProblemLoader Init config took 3.04s 
41269      INFO  main            d.u.i.k.p.i.AbstractProblemLoader Replaying proof attributes.key.proof 
41275      DEBUG main            d.u.i.k.p.i.IntermediateProofReplayer Proof replay took 2.26ms 
41277      DEBUG main            d.u.i.k.p.r.p.TestFile    ... success: reloaded. 
41278      INFO  main            d.u.i.k.p.r.p.TestFile    Now processing file /home/runner/work/key/key/key.core/../key.ui/examples/heap/simple/constructor_contracts.key 
41278      INFO  main            d.u.i.k.p.i.AbstractProblemLoader Loading environment from /home/runner/work/key/key/key.core/../key.ui/examples/heap/simple/constructor_contracts.key 
41278      DEBUG main            d.u.i.k.p.i.AbstractProblemLoader Environment load took 282.6ns 
41281      INFO  main            d.u.i.k.p.i.AbstractProblemLoader Creating init config 
44855      DEBUG main            d.u.i.k.p.i.AbstractProblemLoader Init config took 3.57s 
44880      INFO  main            d.u.i.k.p.i.AbstractProblemLoader Replaying proof constructor_contracts.key 
44883      DEBUG main            d.u.i.k.p.i.IntermediateProofReplayer Proof replay took 17.9ns 
45914      INFO  main            d.u.i.k.p.r.p.TestFile    ... finished proof: closed. 
46191      INFO  main            d.u.i.k.p.i.AbstractProblemLoader Loading environment from /home/runner/work/key/key/key.core/../key.ui/examples/heap/simple/constructor_contracts.key.proof 
46192      DEBUG main            d.u.i.k.p.i.AbstractProblemLoader Environment load took 1.43ms 
46195      INFO  main            d.u.i.k.p.i.AbstractProblemLoader Creating init config 
49600      DEBUG main            d.u.i.k.p.i.AbstractProblemLoader Init config took 3.41s 
49627      INFO  main            d.u.i.k.p.i.AbstractProblemLoader Replaying proof constructor_contracts.key.proof 
49787      DEBUG main            d.u.i.k.p.i.IntermediateProofReplayer Proof replay took 154.25ms 
49790      DEBUG main            d.u.i.k.p.r.p.TestFile    ... success: reloaded. 
49791      INFO  main            d.u.i.k.p.r.p.TestFile    Now processing file /home/runner/work/key/key/key.core/../key.ui/examples/heap/simple/dependencies.key 
49791      INFO  main            d.u.i.k.p.i.AbstractProblemLoader Loading environment from /home/runner/work/key/key/key.core/../key.ui/examples/heap/simple/dependencies.key 
49791      DEBUG main            d.u.i.k.p.i.AbstractProblemLoader Environment load took 79.2ns 
49793      INFO  main            d.u.i.k.p.i.AbstractProblemLoader Creating init config 
52827      DEBUG main            d.u.i.k.p.i.AbstractProblemLoader Init config took 3.03s 
52852      INFO  main            d.u.i.k.p.i.AbstractProblemLoader Replaying proof dependencies.key 
52854      DEBUG main            d.u.i.k.p.i.IntermediateProofReplayer Proof replay took 6.4ns 
52958      INFO  main            d.u.i.k.p.r.p.TestFile    ... finished proof: closed. 
53203      INFO  main            d.u.i.k.p.i.AbstractProblemLoader Loading environment from /home/runner/work/key/key/key.core/../key.ui/examples/heap/simple/dependencies.key.proof 
53203      DEBUG main            d.u.i.k.p.i.AbstractProblemLoader Environment load took 152.9ns 
53206      INFO  main            d.u.i.k.p.i.AbstractProblemLoader Creating init config 
56014      DEBUG main            d.u.i.k.p.i.AbstractProblemLoader Init config took 2.81s 
56036      INFO  main            d.u.i.k.p.i.AbstractProblemLoader Replaying proof dependencies.key.proof 
56050      DEBUG main            d.u.i.k.p.i.IntermediateProofReplayer Proof replay took 11.64ms 
56051      DEBUG main            d.u.i.k.p.r.p.TestFile    ... success: reloaded. 
56052      INFO  main            d.u.i.k.p.r.p.TestFile    Now processing file /home/runner/work/key/key/key.core/../key.ui/examples/heap/simple/dependency_contracts.key 
56053      INFO  main            d.u.i.k.p.i.AbstractProblemLoader Loading environment from /home/runner/work/key/key/key.core/../key.ui/examples/heap/simple/dependency_contracts.key 
56053      DEBUG main            d.u.i.k.p.i.AbstractProblemLoader Environment load took 236.4ns 
56055      INFO  main            d.u.i.k.p.i.AbstractProblemLoader Creating init config 
59140      DEBUG main            d.u.i.k.p.i.AbstractProblemLoader Init config took 3.08s 
59160      INFO  main            d.u.i.k.p.i.AbstractProblemLoader Replaying proof dependency_contracts.key 
59162      DEBUG main            d.u.i.k.p.i.IntermediateProofReplayer Proof replay took 16.6ns 
60675      INFO  main            d.u.i.k.p.r.p.TestFile    ... finished proof: closed. 
60967      INFO  main            d.u.i.k.p.i.AbstractProblemLoader Loading environment from /home/runner/work/key/key/key.core/../key.ui/examples/heap/simple/dependency_contracts.key.proof 
60968      DEBUG main            d.u.i.k.p.i.AbstractProblemLoader Environment load took 822.01ns 
60971      INFO  main            d.u.i.k.p.i.AbstractProblemLoader Creating init config 
63970      DEBUG main            d.u.i.k.p.i.AbstractProblemLoader Init config took 3s 
63995      INFO  main            d.u.i.k.p.i.AbstractProblemLoader Replaying proof dependency_contracts.key.proof 
64248      DEBUG main            d.u.i.k.p.i.IntermediateProofReplayer Proof replay took 241.53ms 
64252      DEBUG main            d.u.i.k.p.r.p.TestFile    ... success: reloaded. 
64254      INFO  main            d.u.i.k.p.r.p.TestFile    Now processing file /home/runner/work/key/key/key.core/../key.ui/examples/heap/simple/invariant_preservation.key 
64256      INFO  main            d.u.i.k.p.i.AbstractProblemLoader Loading environment from /home/runner/work/key/key/key.core/../key.ui/examples/heap/simple/invariant_preservation.key 
64256      DEBUG main            d.u.i.k.p.i.AbstractProblemLoader Environment load took 238.2ns 
64258      INFO  main            d.u.i.k.p.i.AbstractProblemLoader Creating init config 
67265      DEBUG main            d.u.i.k.p.i.AbstractProblemLoader Init config took 3.01s 
67287      INFO  main            d.u.i.k.p.i.AbstractProblemLoader Replaying proof invariant_preservation.key 
67289      DEBUG main            d.u.i.k.p.i.IntermediateProofReplayer Proof replay took 7.2ns 
67493      INFO  main            d.u.i.k.p.r.p.TestFile    ... finished proof: closed. 
67740      INFO  main            d.u.i.k.p.i.AbstractProblemLoader Loading environment from /home/runner/work/key/key/key.core/../key.ui/examples/heap/simple/invariant_preservation.key.proof 
67742      DEBUG main            d.u.i.k.p.i.AbstractProblemLoader Environment load took 1.94ms 
67744      INFO  main            d.u.i.k.p.i.AbstractProblemLoader Creating init config 
70660      DEBUG main            d.u.i.k.p.i.AbstractProblemLoader Init config took 2.92s 
70680      INFO  main            d.u.i.k.p.i.AbstractProblemLoader Replaying proof invariant_preservation.key.proof 
70721      DEBUG main            d.u.i.k.p.i.IntermediateProofReplayer Proof replay took 38.26ms 
70724      DEBUG main            d.u.i.k.p.r.p.TestFile    ... success: reloaded. 
70725      INFO  main            d.u.i.k.p.r.p.TestFile    Now processing file /home/runner/work/key/key/key.core/../key.ui/examples/heap/simple/locsets.key 
70726      INFO  main            d.u.i.k.p.i.AbstractProblemLoader Loading environment from /home/runner/work/key/key/key.core/../key.ui/examples/heap/simple/locsets.key 
70726      DEBUG main            d.u.i.k.p.i.AbstractProblemLoader Environment load took 239.7ns 
70727      INFO  main            d.u.i.k.p.i.AbstractProblemLoader Creating init config 
73511      DEBUG main            d.u.i.k.p.i.AbstractProblemLoader Init config took 2.78s 
73531      INFO  main            d.u.i.k.p.i.AbstractProblemLoader Replaying proof locsets.key 
73532      DEBUG main            d.u.i.k.p.i.IntermediateProofReplayer Proof replay took 6.7ns 
73638      INFO  main            d.u.i.k.p.r.p.TestFile    ... finished proof: closed. 
73865      INFO  main            d.u.i.k.p.i.AbstractProblemLoader Loading environment from /home/runner/work/key/key/key.core/../key.ui/examples/heap/simple/locsets.key.proof 
73865      DEBUG main            d.u.i.k.p.i.AbstractProblemLoader Environment load took 130ns 
73866      INFO  main            d.u.i.k.p.i.AbstractProblemLoader Creating init config 
76580      DEBUG main            d.u.i.k.p.i.AbstractProblemLoader Init config took 2.71s 
76622      INFO  main            d.u.i.k.p.i.AbstractProblemLoader Replaying proof locsets.key.proof 
76626      DEBUG main            d.u.i.k.p.i.IntermediateProofReplayer Proof replay took 2.39ms 
76627      DEBUG main            d.u.i.k.p.r.p.TestFile    ... success: reloaded. 
76628      INFO  main            d.u.i.k.p.r.p.TestFile    Now processing file /home/runner/work/key/key/key.core/../key.ui/examples/heap/simple/loop1.key 
76628      INFO  main            d.u.i.k.p.i.AbstractProblemLoader Loading environment from /home/runner/work/key/key/key.core/../key.ui/examples/heap/simple/loop1.key 
76628      DEBUG main            d.u.i.k.p.i.AbstractProblemLoader Environment load took 115.6ns 
76630      INFO  main            d.u.i.k.p.i.AbstractProblemLoader Creating init config 
79853      DEBUG main            d.u.i.k.p.i.AbstractProblemLoader Init config took 3.22s 
79872      INFO  main            d.u.i.k.p.i.AbstractProblemLoader Replaying proof loop1.key 
79873      DEBUG main            d.u.i.k.p.i.IntermediateProofReplayer Proof replay took 7.4ns 
80079      INFO  main            d.u.i.k.p.r.p.TestFile    ... finished proof: closed. 
80324      INFO  main            d.u.i.k.p.i.AbstractProblemLoader Loading environment from /home/runner/work/key/key/key.core/../key.ui/examples/heap/simple/loop1.key.proof 
80324      DEBUG main            d.u.i.k.p.i.AbstractProblemLoader Environment load took 147.5ns 
80326      INFO  main            d.u.i.k.p.i.AbstractProblemLoader Creating init config 
83346      DEBUG main            d.u.i.k.p.i.AbstractProblemLoader Init config took 3.02s 
83371      INFO  main            d.u.i.k.p.i.AbstractProblemLoader Replaying proof loop1.key.proof 
83456      DEBUG main            d.u.i.k.p.i.IntermediateProofReplayer Proof replay took 81.72ms 
83457      DEBUG main            d.u.i.k.p.r.p.TestFile    ... success: reloaded. 
83458      INFO  main            d.u.i.k.p.r.p.TestFile    Now processing file /home/runner/work/key/key/key.core/../key.ui/examples/heap/simple/loop2.key 
83459      INFO  main            d.u.i.k.p.i.AbstractProblemLoader Loading environment from /home/runner/work/key/key/key.core/../key.ui/examples/heap/simple/loop2.key 
83459      DEBUG main            d.u.i.k.p.i.AbstractProblemLoader Environment load took 260.5ns 
83461      INFO  main            d.u.i.k.p.i.AbstractProblemLoader Creating init config 
86703      DEBUG main            d.u.i.k.p.i.AbstractProblemLoader Init config took 3.24s 
86724      INFO  main            d.u.i.k.p.i.AbstractProblemLoader Replaying proof loop2.key 
86727      DEBUG main            d.u.i.k.p.i.IntermediateProofReplayer Proof replay took 19.4ns 
87534      INFO  main            d.u.i.k.p.r.p.TestFile    ... finished proof: closed. 
87851      INFO  main            d.u.i.k.p.i.AbstractProblemLoader Loading environment from /home/runner/work/key/key/key.core/../key.ui/examples/heap/simple/loop2.key.proof 
87852      DEBUG main            d.u.i.k.p.i.AbstractProblemLoader Environment load took 914.31ns 
87854      INFO  main            d.u.i.k.p.i.AbstractProblemLoader Creating init config 
90906      DEBUG main            d.u.i.k.p.i.AbstractProblemLoader Init config took 3.05s 
90923      INFO  main            d.u.i.k.p.i.AbstractProblemLoader Replaying proof loop2.key.proof 
91096      DEBUG main            d.u.i.k.p.i.IntermediateProofReplayer Proof replay took 167.97ms 
91098      DEBUG main            d.u.i.k.p.r.p.TestFile    ... success: reloaded. 
91110      INFO  main            d.u.i.k.p.r.p.TestFile    Now processing file /home/runner/work/key/key/key.core/../key.ui/examples/heap/simple/modifies_datagroup.key 
91110      INFO  main            d.u.i.k.p.i.AbstractProblemLoader Loading environment from /home/runner/work/key/key/key.core/../key.ui/examples/heap/simple/modifies_datagroup.key 
91110      DEBUG main            d.u.i.k.p.i.AbstractProblemLoader Environment load took 80.5ns 
91111      INFO  main            d.u.i.k.p.i.AbstractProblemLoader Creating init config 
94167      DEBUG main            d.u.i.k.p.i.AbstractProblemLoader Init config took 3.06s 
94185      INFO  main            d.u.i.k.p.i.AbstractProblemLoader Replaying proof modifies_datagroup.key 
94186      DEBUG main            d.u.i.k.p.i.IntermediateProofReplayer Proof replay took 8.5ns 
94289      INFO  main            d.u.i.k.p.r.p.TestFile    ... finished proof: closed. 
94563      INFO  main            d.u.i.k.p.i.AbstractProblemLoader Loading environment from /home/runner/work/key/key/key.core/../key.ui/examples/heap/simple/modifies_datagroup.key.proof 
94563      DEBUG main            d.u.i.k.p.i.AbstractProblemLoader Environment load took 123.11ns 
94564      INFO  main            d.u.i.k.p.i.AbstractProblemLoader Creating init config 
97400      DEBUG main            d.u.i.k.p.i.AbstractProblemLoader Init config took 2.84s 
97417      INFO  main            d.u.i.k.p.i.AbstractProblemLoader Replaying proof modifies_datagroup.key.proof 
97424      DEBUG main            d.u.i.k.p.i.IntermediateProofReplayer Proof replay took 4.7ms 
97426      DEBUG main            d.u.i.k.p.r.p.TestFile    ... success: reloaded. 
97427      INFO  main            d.u.i.k.p.r.p.TestFile    Now processing file /home/runner/work/key/key/key.core/../key.ui/examples/heap/simple/modifies.key 
97428      INFO  main            d.u.i.k.p.i.AbstractProblemLoader Loading environment from /home/runner/work/key/key/key.core/../key.ui/examples/heap/simple/modifies.key 
97428      DEBUG main            d.u.i.k.p.i.AbstractProblemLoader Environment load took 265.31ns 
97431      INFO  main            d.u.i.k.p.i.AbstractProblemLoader Creating init config 
100340     DEBUG main            d.u.i.k.p.i.AbstractProblemLoader Init config took 2.91s 
100359     INFO  main            d.u.i.k.p.i.AbstractProblemLoader Replaying proof modifies.key 
100361     DEBUG main            d.u.i.k.p.i.IntermediateProofReplayer Proof replay took 8.6ns 
100566     INFO  main            d.u.i.k.p.r.p.TestFile    ... finished proof: closed. 
100836     INFO  main            d.u.i.k.p.i.AbstractProblemLoader Loading environment from /home/runner/work/key/key/key.core/../key.ui/examples/heap/simple/modifies.key.proof 
100836     DEBUG main            d.u.i.k.p.i.AbstractProblemLoader Environment load took 126.11ns 
100840     INFO  main            d.u.i.k.p.i.AbstractProblemLoader Creating init config 
103936     DEBUG main            d.u.i.k.p.i.AbstractProblemLoader Init config took 3.09s 
103963     INFO  main            d.u.i.k.p.i.AbstractProblemLoader Replaying proof modifies.key.proof 
103985     DEBUG main            d.u.i.k.p.i.IntermediateProofReplayer Proof replay took 18.56ms 
103987     DEBUG main            d.u.i.k.p.r.p.TestFile    ... success: reloaded. 
103988     INFO  main            d.u.i.k.p.r.p.TestFile    Now processing file /home/runner/work/key/key/key.core/../key.ui/examples/heap/simple/object_creation.key 
103989     INFO  main            d.u.i.k.p.i.AbstractProblemLoader Loading environment from /home/runner/work/key/key/key.core/../key.ui/examples/heap/simple/object_creation.key 
103989     DEBUG main            d.u.i.k.p.i.AbstractProblemLoader Environment load took 227.3ns 
103992     INFO  main            d.u.i.k.p.i.AbstractProblemLoader Creating init config 
106945     DEBUG main            d.u.i.k.p.i.AbstractProblemLoader Init config took 2.95s 
106965     INFO  main            d.u.i.k.p.i.AbstractProblemLoader Replaying proof object_creation.key 
106967     DEBUG main            d.u.i.k.p.i.IntermediateProofReplayer Proof replay took 9.3ns 
107272     INFO  main            d.u.i.k.p.r.p.TestFile    ... finished proof: closed. 
107554     INFO  main            d.u.i.k.p.i.AbstractProblemLoader Loading environment from /home/runner/work/key/key/key.core/../key.ui/examples/heap/simple/object_creation.key.proof 
107554     DEBUG main            d.u.i.k.p.i.AbstractProblemLoader Environment load took 133.8ns 
107555     INFO  main            d.u.i.k.p.i.AbstractProblemLoader Creating init config 
110471     DEBUG main            d.u.i.k.p.i.AbstractProblemLoader Init config took 2.92s 
110505     INFO  main            d.u.i.k.p.i.AbstractProblemLoader Replaying proof object_creation.key.proof 
110574     DEBUG main            d.u.i.k.p.i.IntermediateProofReplayer Proof replay took 65.25ms 
110575     DEBUG main            d.u.i.k.p.r.p.TestFile    ... success: reloaded. 
110576     INFO  main            d.u.i.k.p.r.p.TestFile    Now processing file /home/runner/work/key/key/key.core/../key.ui/examples/heap/simple/operation_contracts.key 
110576     INFO  main            d.u.i.k.p.i.AbstractProblemLoader Loading environment from /home/runner/work/key/key/key.core/../key.ui/examples/heap/simple/operation_contracts.key 
110576     DEBUG main            d.u.i.k.p.i.AbstractProblemLoader Environment load took 234.4ns 
110579     INFO  main            d.u.i.k.p.i.AbstractProblemLoader Creating init config 
113823     DEBUG main            d.u.i.k.p.i.AbstractProblemLoader Init config took 3.24s 
113847     INFO  main            d.u.i.k.p.i.AbstractProblemLoader Replaying proof operation_contracts.key 
113849     DEBUG main            d.u.i.k.p.i.IntermediateProofReplayer Proof replay took 8.1ns 
114965     INFO  main            d.u.i.k.p.r.p.TestFile    ... finished proof: closed. 
115298     INFO  main            d.u.i.k.p.i.AbstractProblemLoader Loading environment from /home/runner/work/key/key/key.core/../key.ui/examples/heap/simple/operation_contracts.key.proof 
115299     DEBUG main            d.u.i.k.p.i.AbstractProblemLoader Environment load took 826.51ns 
115301     INFO  main            d.u.i.k.p.i.AbstractProblemLoader Creating init config 
118437     DEBUG main            d.u.i.k.p.i.AbstractProblemLoader Init config took 3.14s 
118459     INFO  main            d.u.i.k.p.i.AbstractProblemLoader Replaying proof operation_contracts.key.proof 
118652     DEBUG main            d.u.i.k.p.i.IntermediateProofReplayer Proof replay took 184.6ms 
118654     DEBUG main            d.u.i.k.p.r.p.TestFile    ... success: reloaded. 
118656     INFO  main            d.u.i.k.p.r.p.TestFile    Now processing file /home/runner/work/key/key/key.core/../key.ui/examples/heap/simple/select_store.key 
118656     INFO  main            d.u.i.k.p.i.AbstractProblemLoader Loading environment from /home/runner/work/key/key/key.core/../key.ui/examples/heap/simple/select_store.key 
118656     DEBUG main            d.u.i.k.p.i.AbstractProblemLoader Environment load took 248ns 
118657     INFO  main            d.u.i.k.p.i.AbstractProblemLoader Creating init config 
121545     DEBUG main            d.u.i.k.p.i.AbstractProblemLoader Init config took 2.89s 
121564     INFO  main            d.u.i.k.p.i.AbstractProblemLoader Replaying proof select_store.key 
121566     DEBUG main            d.u.i.k.p.i.IntermediateProofReplayer Proof replay took 7.6ns 
121669     INFO  main            d.u.i.k.p.r.p.TestFile    ... finished proof: closed. 
121996     INFO  main            d.u.i.k.p.i.AbstractProblemLoader Loading environment from /home/runner/work/key/key/key.core/../key.ui/examples/heap/simple/select_store.key.proof 
121997     DEBUG main            d.u.i.k.p.i.AbstractProblemLoader Environment load took 929.78ns 
121998     INFO  main            d.u.i.k.p.i.AbstractProblemLoader Creating init config 
124879     DEBUG main            d.u.i.k.p.i.AbstractProblemLoader Init config took 2.88s 
124896     INFO  main            d.u.i.k.p.i.AbstractProblemLoader Replaying proof select_store.key.proof 
124901     DEBUG main            d.u.i.k.p.i.IntermediateProofReplayer Proof replay took 2.98ms 
124903     DEBUG main            d.u.i.k.p.r.p.TestFile    ... success: reloaded. 
124904     INFO  main            d.u.i.k.p.r.p.TestFile    Now processing file /home/runner/work/key/key/key.core/../key.ui/examples/heap/simple/selection_sort.key 
124904     INFO  main            d.u.i.k.p.i.AbstractProblemLoader Loading environment from /home/runner/work/key/key/key.core/../key.ui/examples/heap/simple/selection_sort.key 
124904     DEBUG main            d.u.i.k.p.i.AbstractProblemLoader Environment load took 266.7ns 
124906     INFO  main            d.u.i.k.p.i.AbstractProblemLoader Creating init config 
128183     DEBUG main            d.u.i.k.p.i.AbstractProblemLoader Init config took 3.28s 
128201     INFO  main            d.u.i.k.p.i.AbstractProblemLoader Replaying proof selection_sort.key 
128204     DEBUG main            d.u.i.k.p.i.IntermediateProofReplayer Proof replay took 24.9ns 
132923     INFO  main            d.u.i.k.p.r.p.TestFile    ... finished proof: closed. 
133267     INFO  main            d.u.i.k.p.i.AbstractProblemLoader Loading environment from /home/runner/work/key/key/key.core/../key.ui/examples/heap/simple/selection_sort.key.proof 
133267     DEBUG main            d.u.i.k.p.i.AbstractProblemLoader Environment load took 486.5ns 
133269     INFO  main            d.u.i.k.p.i.AbstractProblemLoader Creating init config 
136204     DEBUG main            d.u.i.k.p.i.AbstractProblemLoader Init config took 2.93s 
136223     INFO  main            d.u.i.k.p.i.AbstractProblemLoader Replaying proof selection_sort.key.proof 
137054     DEBUG main            d.u.i.k.p.i.IntermediateProofReplayer Proof replay took 806.55ms 
137056     DEBUG main            d.u.i.k.p.r.p.TestFile    ... success: reloaded. 
137058     INFO  main            d.u.i.k.p.r.p.TestFile    Now processing file /home/runner/work/key/key/key.core/../key.ui/examples/heap/simple/seq.key 
137058     INFO  main            d.u.i.k.p.i.AbstractProblemLoader Loading environment from /home/runner/work/key/key/key.core/../key.ui/examples/heap/simple/seq.key 
137059     DEBUG main            d.u.i.k.p.i.AbstractProblemLoader Environment load took 257.5ns 
137060     INFO  main            d.u.i.k.p.i.AbstractProblemLoader Creating init config 
139780     DEBUG main            d.u.i.k.p.i.AbstractProblemLoader Init config took 2.72s 
139795     INFO  main            d.u.i.k.p.i.AbstractProblemLoader Replaying proof seq.key 
139797     DEBUG main            d.u.i.k.p.i.IntermediateProofReplayer Proof replay took 7.1ns 
140308     INFO  main            d.u.i.k.p.r.p.TestFile    ... finished proof: closed. 
140747     INFO  main            d.u.i.k.p.i.AbstractProblemLoader Loading environment from /home/runner/work/key/key/key.core/../key.ui/examples/heap/simple/seq.key.proof 
140748     DEBUG main            d.u.i.k.p.i.AbstractProblemLoader Environment load took 1.24ms 
140750     INFO  main            d.u.i.k.p.i.AbstractProblemLoader Creating init config 
143403     DEBUG main            d.u.i.k.p.i.AbstractProblemLoader Init config took 2.65s 
143420     INFO  main            d.u.i.k.p.i.AbstractProblemLoader Replaying proof seq.key.proof 
143518     DEBUG main            d.u.i.k.p.i.IntermediateProofReplayer Proof replay took 87.79ms 
143520     DEBUG main            d.u.i.k.p.r.p.TestFile    ... success: reloaded. 
143521     INFO  main            d.u.i.k.p.r.p.TestFile    Now processing file /home/runner/work/key/key/key.core/../key.ui/examples/heap/simple/oldForParams.key 
143522     INFO  main            d.u.i.k.p.i.AbstractProblemLoader Loading environment from /home/runner/work/key/key/key.core/../key.ui/examples/heap/simple/oldForParams.key 
143522     DEBUG main            d.u.i.k.p.i.AbstractProblemLoader Environment load took 206ns 
143523     INFO  main            d.u.i.k.p.i.AbstractProblemLoader Creating init config 
146383     DEBUG main            d.u.i.k.p.i.AbstractProblemLoader Init config took 2.86s 
146463     INFO  main            d.u.i.k.p.i.AbstractProblemLoader Replaying proof OldForParameters[OldForParameters::method(int)].JML operation contract.0 
146465     DEBUG main            d.u.i.k.p.i.IntermediateProofReplayer Proof replay took 8.4ns 
146768     INFO  main            d.u.i.k.p.r.p.TestFile    ... finished proof: closed. 
147130     INFO  main            d.u.i.k.p.i.AbstractProblemLoader Loading environment from /home/runner/work/key/key/key.core/../key.ui/examples/heap/simple/oldForParams.key.proof 
147130     DEBUG main            d.u.i.k.p.i.AbstractProblemLoader Environment load took 106.9ns 
147131     INFO  main            d.u.i.k.p.i.AbstractProblemLoader Creating init config 
149952     DEBUG main            d.u.i.k.p.i.AbstractProblemLoader Init config took 2.82s 
150002     INFO  main            d.u.i.k.p.i.AbstractProblemLoader Replaying proof OldForParameters[OldForParameters::method(int)].JML operation contract.0 
150062     DEBUG main            d.u.i.k.p.i.IntermediateProofReplayer Proof replay took 57.19ms 
150063     DEBUG main            d.u.i.k.p.r.p.TestFile    ... success: reloaded. 
150065     INFO  main            d.u.i.k.p.r.p.TestFile    Now processing file /home/runner/work/key/key/key.core/../key.ui/examples/heap/simple/parse_lmtd.key 
150065     INFO  main            d.u.i.k.p.i.AbstractProblemLoader Loading environment from /home/runner/work/key/key/key.core/../key.ui/examples/heap/simple/parse_lmtd.key 
150065     DEBUG main            d.u.i.k.p.i.AbstractProblemLoader Environment load took 201.71ns 
150066     INFO  main            d.u.i.k.p.i.AbstractProblemLoader Creating init config 
153009     DEBUG main            d.u.i.k.p.i.AbstractProblemLoader Init config took 2.94s 
153055     INFO  main            d.u.i.k.p.i.AbstractProblemLoader Replaying proof ParseLmtd[ParseLmtd::simple(int)].JML normal_behavior operation contract.0 
153057     DEBUG main            d.u.i.k.p.i.IntermediateProofReplayer Proof replay took 27.1ns 
153262     INFO  main            d.u.i.k.p.r.p.TestFile    ... finished proof: closed. 
153624     INFO  main            d.u.i.k.p.i.AbstractProblemLoader Loading environment from /home/runner/work/key/key/key.core/../key.ui/examples/heap/simple/parse_lmtd.key.proof 
153624     DEBUG main            d.u.i.k.p.i.AbstractProblemLoader Environment load took 114.8ns 
153626     INFO  main            d.u.i.k.p.i.AbstractProblemLoader Creating init config 
156455     DEBUG main            d.u.i.k.p.i.AbstractProblemLoader Init config took 2.83s 
156502     INFO  main            d.u.i.k.p.i.AbstractProblemLoader Replaying proof ParseLmtd[ParseLmtd::simple(int)].JML normal_behavior operation contract.0 
156533     DEBUG main            d.u.i.k.p.i.IntermediateProofReplayer Proof replay took 28.49ms 
156534     DEBUG main            d.u.i.k.p.r.p.TestFile    ... success: reloaded. 
156536     INFO  main            d.u.i.k.p.r.p.TestFile    Now processing file /home/runner/work/key/key/key.core/../key.ui/examples/heap/strictly_pure/strictlyPureMethod.key 
156536     INFO  main            d.u.i.k.p.i.AbstractProblemLoader Loading environment from /home/runner/work/key/key/key.core/../key.ui/examples/heap/strictly_pure/strictlyPureMethod.key 
156537     DEBUG main            d.u.i.k.p.i.AbstractProblemLoader Environment load took 217.91ns 
156538     INFO  main            d.u.i.k.p.i.AbstractProblemLoader Creating init config 
159311     DEBUG main            d.u.i.k.p.i.AbstractProblemLoader Init config took 2.77s 
159358     INFO  main            d.u.i.k.p.i.AbstractProblemLoader Replaying proof StrictlyPure[StrictlyPure::strictlyPureMethod()].JML operation contract.0 
159360     DEBUG main            d.u.i.k.p.i.IntermediateProofReplayer Proof replay took 7.3ns 
159567     INFO  main            d.u.i.k.p.r.p.TestFile    ... finished proof: closed. 
159957     INFO  main            d.u.i.k.p.i.AbstractProblemLoader Loading environment from /home/runner/work/key/key/key.core/../key.ui/examples/heap/strictly_pure/strictlyPureMethod.key.proof 
159957     DEBUG main            d.u.i.k.p.i.AbstractProblemLoader Environment load took 122.21ns 
159959     INFO  main            d.u.i.k.p.i.AbstractProblemLoader Creating init config 
162638     DEBUG main            d.u.i.k.p.i.AbstractProblemLoader Init config took 2.68s 
162679     INFO  main            d.u.i.k.p.i.AbstractProblemLoader Replaying proof StrictlyPure[StrictlyPure::strictlyPureMethod()].JML operation contract.0 
162727     DEBUG main            d.u.i.k.p.i.IntermediateProofReplayer Proof replay took 45.75ms 
162728     DEBUG main            d.u.i.k.p.r.p.TestFile    ... success: reloaded. 
162729     INFO  main            d.u.i.k.p.r.p.TestFile    Now processing file /home/runner/work/key/key/key.core/../key.ui/examples/heap/strictly_pure/useStrictlyPureMethod.key 
162729     INFO  main            d.u.i.k.p.i.AbstractProblemLoader Loading environment from /home/runner/work/key/key/key.core/../key.ui/examples/heap/strictly_pure/useStrictlyPureMethod.key 
162730     DEBUG main            d.u.i.k.p.i.AbstractProblemLoader Environment load took 116.71ns 
162730     INFO  main            d.u.i.k.p.i.AbstractProblemLoader Creating init config 
165658     DEBUG main            d.u.i.k.p.i.AbstractProblemLoader Init config took 2.93s 
165698     INFO  main            d.u.i.k.p.i.AbstractProblemLoader Replaying proof StrictlyPure[StrictlyPure::useStrictlyPureMethod(StrictlyPureClass)].JML operation contract.0 
165700     DEBUG main            d.u.i.k.p.i.IntermediateProofReplayer Proof replay took 7ns 
166007     INFO  main            d.u.i.k.p.r.p.TestFile    ... finished proof: closed. 
166367     INFO  main            d.u.i.k.p.i.AbstractProblemLoader Loading environment from /home/runner/work/key/key/key.core/../key.ui/examples/heap/strictly_pure/useStrictlyPureMethod.key.proof 
166367     DEBUG main            d.u.i.k.p.i.AbstractProblemLoader Environment load took 122.9ns 
166369     INFO  main            d.u.i.k.p.i.AbstractProblemLoader Creating init config 
169065     DEBUG main            d.u.i.k.p.i.AbstractProblemLoader Init config took 2.7s 
169116     INFO  main            d.u.i.k.p.i.AbstractProblemLoader Replaying proof StrictlyPure[StrictlyPure::useStrictlyPureMethod(StrictlyPureClass)].JML operation contract.0 
169204     DEBUG main            d.u.i.k.p.i.IntermediateProofReplayer Proof replay took 84.73ms 
169205     DEBUG main            d.u.i.k.p.r.p.TestFile    ... success: reloaded. 
169207     INFO  main            d.u.i.k.p.r.p.TestFile    Now processing file /home/runner/work/key/key/key.core/../key.ui/examples/heap/Wellfounded/ackermann.key 
169208     INFO  main            d.u.i.k.p.i.AbstractProblemLoader Loading environment from /home/runner/work/key/key/key.core/../key.ui/examples/heap/Wellfounded/ackermann.key 
169208     DEBUG main            d.u.i.k.p.i.AbstractProblemLoader Environment load took 347.9ns 
169209     INFO  main            d.u.i.k.p.i.AbstractProblemLoader Creating init config 
172084     DEBUG main            d.u.i.k.p.i.AbstractProblemLoader Init config took 2.87s 
172141     INFO  main            d.u.i.k.p.i.AbstractProblemLoader Replaying proof Ackermann[Ackermann::a(int,int)].JML normal_behavior operation contract.0 
172144     DEBUG main            d.u.i.k.p.i.IntermediateProofReplayer Proof replay took 7.6ns 
172451     INFO  main            d.u.i.k.p.r.p.TestFile    ... finished proof: closed. 
172890     INFO  main            d.u.i.k.p.i.AbstractProblemLoader Loading environment from /home/runner/work/key/key/key.core/../key.ui/examples/heap/Wellfounded/ackermann.key.proof 
172890     DEBUG main            d.u.i.k.p.i.AbstractProblemLoader Environment load took 466.9ns 
172891     INFO  main            d.u.i.k.p.i.AbstractProblemLoader Creating init config 
175626     DEBUG main            d.u.i.k.p.i.AbstractProblemLoader Init config took 2.73s 
175666     INFO  main            d.u.i.k.p.i.AbstractProblemLoader Replaying proof Ackermann[Ackermann::a(int,int)].JML normal_behavior operation contract.0 
175753     DEBUG main            d.u.i.k.p.i.IntermediateProofReplayer Proof replay took 83.1ms 
175754     DEBUG main            d.u.i.k.p.r.p.TestFile    ... success: reloaded. 
175755     INFO  main            d.u.i.k.p.r.p.TestFile    Now processing file /home/runner/work/key/key/key.core/../key.ui/examples/standard_key/unicode_test.key 
175756     INFO  main            d.u.i.k.p.i.AbstractProblemLoader Loading environment from /home/runner/work/key/key/key.core/../key.ui/examples/standard_key/unicode_test.key 
175756     DEBUG main            d.u.i.k.p.i.AbstractProblemLoader Environment load took 262.3ns 
175758     INFO  main            d.u.i.k.p.i.AbstractProblemLoader Creating init config 
178439     DEBUG main            d.u.i.k.p.i.AbstractProblemLoader Init config took 2.68s 
178453     INFO  main            d.u.i.k.p.i.AbstractProblemLoader Replaying proof unicode_test.key 
178455     DEBUG main            d.u.i.k.p.i.IntermediateProofReplayer Proof replay took 7.1ns 
178557     INFO  main            d.u.i.k.p.r.p.TestFile    ... finished proof: closed. 
178870     INFO  main            d.u.i.k.p.i.AbstractProblemLoader Loading environment from /home/runner/work/key/key/key.core/../key.ui/examples/standard_key/unicode_test.key.proof 
178870     DEBUG main            d.u.i.k.p.i.AbstractProblemLoader Environment load took 106.4ns 
178871     INFO  main            d.u.i.k.p.i.AbstractProblemLoader Creating init config 
181423     DEBUG main            d.u.i.k.p.i.AbstractProblemLoader Init config took 2.55s 
181441     INFO  main            d.u.i.k.p.i.AbstractProblemLoader Replaying proof unicode_test.key.proof 
181443     DEBUG main            d.u.i.k.p.i.IntermediateProofReplayer Proof replay took 430.51ns 
181444     DEBUG main            d.u.i.k.p.r.p.TestFile    ... success: reloaded. 
181445     INFO  main            d.u.i.k.p.r.p.TestFile    Now processing file /home/runner/work/key/key/key.core/../key.ui/examples/heap/strictlyModular/mayExpand.key 
181445     INFO  main            d.u.i.k.p.i.AbstractProblemLoader Loading environment from /home/runner/work/key/key/key.core/../key.ui/examples/heap/strictlyModular/mayExpand.key 
181446     DEBUG main            d.u.i.k.p.i.AbstractProblemLoader Environment load took 380.11ns 
181447     INFO  main            d.u.i.k.p.i.AbstractProblemLoader Creating init config 
184155     DEBUG main            d.u.i.k.p.i.AbstractProblemLoader Init config took 2.71s 
184196     INFO  main            d.u.i.k.p.i.AbstractProblemLoader Replaying proof Modular[Modular::m()].JML operation contract.0 
184198     DEBUG main            d.u.i.k.p.i.IntermediateProofReplayer Proof replay took 7.3ns 
184302     INFO  main            d.u.i.k.p.r.p.TestFile    ... finished proof: closed. 
184661     INFO  main            d.u.i.k.p.i.AbstractProblemLoader Loading environment from /home/runner/work/key/key/key.core/../key.ui/examples/heap/strictlyModular/mayExpand.key.proof 
184661     DEBUG main            d.u.i.k.p.i.AbstractProblemLoader Environment load took 113.4ns 
184662     INFO  main            d.u.i.k.p.i.AbstractProblemLoader Creating init config 
187459     DEBUG main            d.u.i.k.p.i.AbstractProblemLoader Init config took 2.8s 
187502     INFO  main            d.u.i.k.p.i.AbstractProblemLoader Replaying proof Modular[Modular::m()].JML operation contract.0 
187522     DEBUG main            d.u.i.k.p.i.IntermediateProofReplayer Proof replay took 18.09ms 
187523     DEBUG main            d.u.i.k.p.r.p.TestFile    ... success: reloaded. 
187524     INFO  main            d.u.i.k.p.r.p.TestFile    Now processing file /home/runner/work/key/key/key.core/../key.ui/examples/heap/strictlyModular/modularOnly.key 
187525     INFO  main            d.u.i.k.p.i.AbstractProblemLoader Loading environment from /home/runner/work/key/key/key.core/../key.ui/examples/heap/strictlyModular/modularOnly.key 
187525     DEBUG main            d.u.i.k.p.i.AbstractProblemLoader Environment load took 123.6ns 
187526     INFO  main            d.u.i.k.p.i.AbstractProblemLoader Creating init config 
190215     DEBUG main            d.u.i.k.p.i.AbstractProblemLoader Init config took 2.69s 
190257     INFO  main            d.u.i.k.p.i.AbstractProblemLoader Replaying proof Modular[Modular::m()].JML operation contract.0 
190258     DEBUG main            d.u.i.k.p.i.IntermediateProofReplayer Proof replay took 6.7ns 
190361     INFO  main            d.u.i.k.p.r.p.TestFile    ... finished proof: open goal(s) 
2463857    INFO  Test worker     d.u.i.k.p.r.RunAllProofsTestUnit Returning from test simpleTests 
2463858    INFO  Test worker     d.u.i.k.p.r.RunAllProofsTestUnit Running test SmansEtAl 
491        INFO  Timeout watchdog d.u.i.k.p.r.p.ForkedTestFileRunner Timeout watcher launched (2000 secs.) 
528        WARN  main            d.u.i.k.s.ProofSettings   The settings in /home/runner/.key/proof-settings.props are *not* read. 
591        INFO  main            d.u.i.k.p.r.p.TestFile    Now processing file /home/runner/work/key/key/key.core/../key.ui/examples/heap/SmansEtAl/ArrayList_add.key 
747        INFO  main            d.u.i.k.p.i.AbstractProblemLoader Loading environment from /home/runner/work/key/key/key.core/../key.ui/examples/heap/SmansEtAl/ArrayList_add.key 
775        DEBUG main            d.u.i.k.p.i.AbstractProblemLoader Environment load took 5.78ms 
1055       INFO  main            d.u.i.k.p.i.AbstractProblemLoader Creating init config 
2263       DEBUG main            d.u.i.k.j.TypeConverter   No LDT found for Meta 
2264       DEBUG main            d.u.i.k.j.TypeConverter   No LDT found for Meta 
2268       DEBUG main            d.u.i.k.j.TypeConverter   No LDT found for Meta 
2268       DEBUG main            d.u.i.k.j.TypeConverter   No LDT found for Meta 
4122       DEBUG main            d.u.i.k.j.TypeConverter   No LDT found for JavaBigintExpression 
10385      DEBUG main            d.u.i.k.p.i.AbstractProblemLoader Init config took 9.33s 
10601      INFO  main            d.u.i.k.p.i.AbstractProblemLoader Replaying proof ArrayList[ArrayList::add(java.lang.Object)].JML normal_behavior operation contract.0 
10649      DEBUG main            d.u.i.k.p.i.IntermediateProofReplayer Proof replay took 37.3ns 
19416      INFO  main            d.u.i.k.p.r.p.TestFile    ... finished proof: closed. 
19660      INFO  main            d.u.i.k.p.i.AbstractProblemLoader Loading environment from /home/runner/work/key/key/key.core/../key.ui/examples/heap/SmansEtAl/ArrayList_add.key.proof 
19661      DEBUG main            d.u.i.k.p.i.AbstractProblemLoader Environment load took 549.11ns 
19664      INFO  main            d.u.i.k.p.i.AbstractProblemLoader Creating init config 
23236      DEBUG main            d.u.i.k.p.i.AbstractProblemLoader Init config took 3.57s 
23319      INFO  main            d.u.i.k.p.i.AbstractProblemLoader Replaying proof ArrayList[ArrayList::add(java.lang.Object)].JML normal_behavior operation contract.0 
24896      DEBUG main            d.u.i.k.p.i.IntermediateProofReplayer Proof replay took 1.54s 
24908      DEBUG main            d.u.i.k.p.r.p.TestFile    ... success: reloaded. 
24910      INFO  main            d.u.i.k.p.r.p.TestFile    Now processing file /home/runner/work/key/key/key.core/../key.ui/examples/heap/SmansEtAl/ArrayList_ArrayList.key 
24910      INFO  main            d.u.i.k.p.i.AbstractProblemLoader Loading environment from /home/runner/work/key/key/key.core/../key.ui/examples/heap/SmansEtAl/ArrayList_ArrayList.key 
24910      DEBUG main            d.u.i.k.p.i.AbstractProblemLoader Environment load took 243.7ns 
24912      INFO  main            d.u.i.k.p.i.AbstractProblemLoader Creating init config 
28304      DEBUG main            d.u.i.k.p.i.AbstractProblemLoader Init config took 3.39s 
28381      INFO  main            d.u.i.k.p.i.AbstractProblemLoader Replaying proof ArrayList[ArrayList::ArrayList()].JML normal_behavior operation contract.0 
28384      DEBUG main            d.u.i.k.p.i.IntermediateProofReplayer Proof replay took 18.6ns 
29590      INFO  main            d.u.i.k.p.r.p.TestFile    ... finished proof: closed. 
29861      INFO  main            d.u.i.k.p.i.AbstractProblemLoader Loading environment from /home/runner/work/key/key/key.core/../key.ui/examples/heap/SmansEtAl/ArrayList_ArrayList.key.proof 
29862      DEBUG main            d.u.i.k.p.i.AbstractProblemLoader Environment load took 543.01ns 
29864      INFO  main            d.u.i.k.p.i.AbstractProblemLoader Creating init config 
33133      DEBUG main            d.u.i.k.p.i.AbstractProblemLoader Init config took 3.27s 
33196      INFO  main            d.u.i.k.p.i.AbstractProblemLoader Replaying proof ArrayList[ArrayList::ArrayList()].JML normal_behavior operation contract.0 
33433      DEBUG main            d.u.i.k.p.i.IntermediateProofReplayer Proof replay took 223.47ms 
33436      DEBUG main            d.u.i.k.p.r.p.TestFile    ... success: reloaded. 
33437      INFO  main            d.u.i.k.p.r.p.TestFile    Now processing file /home/runner/work/key/key/key.core/../key.ui/examples/heap/SmansEtAl/ArrayList_footprint.key 
33438      INFO  main            d.u.i.k.p.i.AbstractProblemLoader Loading environment from /home/runner/work/key/key/key.core/../key.ui/examples/heap/SmansEtAl/ArrayList_footprint.key 
33438      DEBUG main            d.u.i.k.p.i.AbstractProblemLoader Environment load took 259.2ns 
33439      INFO  main            d.u.i.k.p.i.AbstractProblemLoader Creating init config 
36712      DEBUG main            d.u.i.k.p.i.AbstractProblemLoader Init config took 3.27s 
36774      INFO  main            d.u.i.k.p.i.AbstractProblemLoader Replaying proof ArrayList[ArrayList::$footprint()].JML accessible clause.0 
36776      DEBUG main            d.u.i.k.p.i.IntermediateProofReplayer Proof replay took 6.4ns 
36879      INFO  main            d.u.i.k.p.r.p.TestFile    ... finished proof: closed. 
37110      INFO  main            d.u.i.k.p.i.AbstractProblemLoader Loading environment from /home/runner/work/key/key/key.core/../key.ui/examples/heap/SmansEtAl/ArrayList_footprint.key.proof 
37111      DEBUG main            d.u.i.k.p.i.AbstractProblemLoader Environment load took 502.41ns 
37113      INFO  main            d.u.i.k.p.i.AbstractProblemLoader Creating init config 
40348      DEBUG main            d.u.i.k.p.i.AbstractProblemLoader Init config took 3.24s 
40398      INFO  main            d.u.i.k.p.i.AbstractProblemLoader Replaying proof ArrayList[ArrayList::$footprint()].JML accessible clause.0 
40414      DEBUG main            d.u.i.k.p.i.IntermediateProofReplayer Proof replay took 13.33ms 
40416      DEBUG main            d.u.i.k.p.r.p.TestFile    ... success: reloaded. 
40418      INFO  main            d.u.i.k.p.r.p.TestFile    Now processing file /home/runner/work/key/key/key.core/../key.ui/examples/heap/SmansEtAl/ArrayList_get_dep.key 
40418      INFO  main            d.u.i.k.p.i.AbstractProblemLoader Loading environment from /home/runner/work/key/key/key.core/../key.ui/examples/heap/SmansEtAl/ArrayList_get_dep.key 
40418      DEBUG main            d.u.i.k.p.i.AbstractProblemLoader Environment load took 296.8ns 
40419      INFO  main            d.u.i.k.p.i.AbstractProblemLoader Creating init config 
43577      DEBUG main            d.u.i.k.p.i.AbstractProblemLoader Init config took 3.16s 
43626      INFO  main            d.u.i.k.p.i.AbstractProblemLoader Replaying proof ArrayList[ArrayList::get(int)].JML accessible clause.0 
43629      DEBUG main            d.u.i.k.p.i.IntermediateProofReplayer Proof replay took 5.9ns 
44043      INFO  main            d.u.i.k.p.r.p.TestFile    ... finished proof: closed. 
44220      INFO  main            d.u.i.k.p.i.AbstractProblemLoader Loading environment from /home/runner/work/key/key/key.core/../key.ui/examples/heap/SmansEtAl/ArrayList_get_dep.key.proof 
44220      DEBUG main            d.u.i.k.p.i.AbstractProblemLoader Environment load took 649.81ns 
44222      INFO  main            d.u.i.k.p.i.AbstractProblemLoader Creating init config 
47444      DEBUG main            d.u.i.k.p.i.AbstractProblemLoader Init config took 3.22s 
47511      INFO  main            d.u.i.k.p.i.AbstractProblemLoader Replaying proof ArrayList[ArrayList::get(int)].JML accessible clause.0 
47594      DEBUG main            d.u.i.k.p.i.IntermediateProofReplayer Proof replay took 77.97ms 
47595      DEBUG main            d.u.i.k.p.r.p.TestFile    ... success: reloaded. 
47597      INFO  main            d.u.i.k.p.r.p.TestFile    Now processing file /home/runner/work/key/key/key.core/../key.ui/examples/heap/SmansEtAl/ArrayList_get.key 
47597      INFO  main            d.u.i.k.p.i.AbstractProblemLoader Loading environment from /home/runner/work/key/key/key.core/../key.ui/examples/heap/SmansEtAl/ArrayList_get.key 
47598      DEBUG main            d.u.i.k.p.i.AbstractProblemLoader Environment load took 228.1ns 
47599      INFO  main            d.u.i.k.p.i.AbstractProblemLoader Creating init config 
50901      DEBUG main            d.u.i.k.p.i.AbstractProblemLoader Init config took 3.3s 
50949      INFO  main            d.u.i.k.p.i.AbstractProblemLoader Replaying proof ArrayList[ArrayList::get(int)].JML normal_behavior operation contract.0 
50951      DEBUG main            d.u.i.k.p.i.IntermediateProofReplayer Proof replay took 6.3ns 
51154      INFO  main            d.u.i.k.p.r.p.TestFile    ... finished proof: closed. 
51450      INFO  main            d.u.i.k.p.i.AbstractProblemLoader Loading environment from /home/runner/work/key/key/key.core/../key.ui/examples/heap/SmansEtAl/ArrayList_get.key.proof 
51451      DEBUG main            d.u.i.k.p.i.AbstractProblemLoader Environment load took 778.11ns 
51452      INFO  main            d.u.i.k.p.i.AbstractProblemLoader Creating init config 
54723      DEBUG main            d.u.i.k.p.i.AbstractProblemLoader Init config took 3.27s 
54791      INFO  main            d.u.i.k.p.i.AbstractProblemLoader Replaying proof ArrayList[ArrayList::get(int)].JML normal_behavior operation contract.0 
54838      DEBUG main            d.u.i.k.p.i.IntermediateProofReplayer Proof replay took 42.45ms 
54840      DEBUG main            d.u.i.k.p.r.p.TestFile    ... success: reloaded. 
54841      INFO  main            d.u.i.k.p.r.p.TestFile    Now processing file /home/runner/work/key/key/key.core/../key.ui/examples/heap/SmansEtAl/ArrayList_inv.key 
54842      INFO  main            d.u.i.k.p.i.AbstractProblemLoader Loading environment from /home/runner/work/key/key/key.core/../key.ui/examples/heap/SmansEtAl/ArrayList_inv.key 
54842      DEBUG main            d.u.i.k.p.i.AbstractProblemLoader Environment load took 329.2ns 
54843      INFO  main            d.u.i.k.p.i.AbstractProblemLoader Creating init config 
58151      DEBUG main            d.u.i.k.p.i.AbstractProblemLoader Init config took 3.31s 
58203      INFO  main            d.u.i.k.p.i.AbstractProblemLoader Replaying proof ArrayList[java.lang.Object::<inv>()].JML accessible clause.0 
58205      DEBUG main            d.u.i.k.p.i.IntermediateProofReplayer Proof replay took 7.3ns 
58307      INFO  main            d.u.i.k.p.r.p.TestFile    ... finished proof: closed. 
58503      INFO  main            d.u.i.k.p.i.AbstractProblemLoader Loading environment from /home/runner/work/key/key/key.core/../key.ui/examples/heap/SmansEtAl/ArrayList_inv.key.proof 
58503      DEBUG main            d.u.i.k.p.i.AbstractProblemLoader Environment load took 150.7ns 
58504      INFO  main            d.u.i.k.p.i.AbstractProblemLoader Creating init config 
61774      DEBUG main            d.u.i.k.p.i.AbstractProblemLoader Init config took 3.27s 
61833      INFO  main            d.u.i.k.p.i.AbstractProblemLoader Replaying proof ArrayList[java.lang.Object::<inv>()].JML accessible clause.0 
61852      DEBUG main            d.u.i.k.p.i.IntermediateProofReplayer Proof replay took 16.76ms 
61854      DEBUG main            d.u.i.k.p.r.p.TestFile    ... success: reloaded. 
61855      INFO  main            d.u.i.k.p.r.p.TestFile    Now processing file /home/runner/work/key/key/key.core/../key.ui/examples/heap/SmansEtAl/ArrayList_size_dep.key 
61856      INFO  main            d.u.i.k.p.i.AbstractProblemLoader Loading environment from /home/runner/work/key/key/key.core/../key.ui/examples/heap/SmansEtAl/ArrayList_size_dep.key 
61856      DEBUG main            d.u.i.k.p.i.AbstractProblemLoader Environment load took 139.9ns 
61857      INFO  main            d.u.i.k.p.i.AbstractProblemLoader Creating init config 
65271      DEBUG main            d.u.i.k.p.i.AbstractProblemLoader Init config took 3.41s 
65323      INFO  main            d.u.i.k.p.i.AbstractProblemLoader Replaying proof ArrayList[ArrayList::size()].JML accessible clause.0 
65326      DEBUG main            d.u.i.k.p.i.IntermediateProofReplayer Proof replay took 7.4ns 
65430      INFO  main            d.u.i.k.p.r.p.TestFile    ... finished proof: closed. 
65663      INFO  main            d.u.i.k.p.i.AbstractProblemLoader Loading environment from /home/runner/work/key/key/key.core/../key.ui/examples/heap/SmansEtAl/ArrayList_size_dep.key.proof 
65663      DEBUG main            d.u.i.k.p.i.AbstractProblemLoader Environment load took 130.4ns 
65664      INFO  main            d.u.i.k.p.i.AbstractProblemLoader Creating init config 
68976      DEBUG main            d.u.i.k.p.i.AbstractProblemLoader Init config took 3.31s 
69025      INFO  main            d.u.i.k.p.i.AbstractProblemLoader Replaying proof ArrayList[ArrayList::size()].JML accessible clause.0 
69050      DEBUG main            d.u.i.k.p.i.IntermediateProofReplayer Proof replay took 21.68ms 
69051      DEBUG main            d.u.i.k.p.r.p.TestFile    ... success: reloaded. 
69052      INFO  main            d.u.i.k.p.r.p.TestFile    Now processing file /home/runner/work/key/key/key.core/../key.ui/examples/heap/SmansEtAl/ArrayList_size.key 
69053      INFO  main            d.u.i.k.p.i.AbstractProblemLoader Loading environment from /home/runner/work/key/key/key.core/../key.ui/examples/heap/SmansEtAl/ArrayList_size.key 
69053      DEBUG main            d.u.i.k.p.i.AbstractProblemLoader Environment load took 233.6ns 
69054      INFO  main            d.u.i.k.p.i.AbstractProblemLoader Creating init config 
72716      DEBUG main            d.u.i.k.p.i.AbstractProblemLoader Init config took 3.66s 
72764      INFO  main            d.u.i.k.p.i.AbstractProblemLoader Replaying proof ArrayList[ArrayList::size()].JML normal_behavior operation contract.0 
72766      DEBUG main            d.u.i.k.p.i.IntermediateProofReplayer Proof replay took 7.3ns 
72872      INFO  main            d.u.i.k.p.r.p.TestFile    ... finished proof: closed. 
73101      INFO  main            d.u.i.k.p.i.AbstractProblemLoader Loading environment from /home/runner/work/key/key/key.core/../key.ui/examples/heap/SmansEtAl/ArrayList_size.key.proof 
73102      DEBUG main            d.u.i.k.p.i.AbstractProblemLoader Environment load took 171.7ns 
73103      INFO  main            d.u.i.k.p.i.AbstractProblemLoader Creating init config 
76559      DEBUG main            d.u.i.k.p.i.AbstractProblemLoader Init config took 3.46s 
76617      INFO  main            d.u.i.k.p.i.AbstractProblemLoader Replaying proof ArrayList[ArrayList::size()].JML normal_behavior operation contract.0 
76643      DEBUG main            d.u.i.k.p.i.IntermediateProofReplayer Proof replay took 24.37ms 
76645      DEBUG main            d.u.i.k.p.r.p.TestFile    ... success: reloaded. 
76646      INFO  main            d.u.i.k.p.r.p.TestFile    Now processing file /home/runner/work/key/key/key.core/../key.ui/examples/heap/SmansEtAl/Cell_Cell.key 
76647      INFO  main            d.u.i.k.p.i.AbstractProblemLoader Loading environment from /home/runner/work/key/key/key.core/../key.ui/examples/heap/SmansEtAl/Cell_Cell.key 
76647      DEBUG main            d.u.i.k.p.i.AbstractProblemLoader Environment load took 110.9ns 
76648      INFO  main            d.u.i.k.p.i.AbstractProblemLoader Creating init config 
80204      DEBUG main            d.u.i.k.p.i.AbstractProblemLoader Init config took 3.56s 
80287      INFO  main            d.u.i.k.p.i.AbstractProblemLoader Replaying proof Cell[Cell::Cell()].JML normal_behavior operation contract.0 
80292      DEBUG main            d.u.i.k.p.i.IntermediateProofReplayer Proof replay took 22.4ns 
80595      INFO  main            d.u.i.k.p.r.p.TestFile    ... finished proof: closed. 
80874      INFO  main            d.u.i.k.p.i.AbstractProblemLoader Loading environment from /home/runner/work/key/key/key.core/../key.ui/examples/heap/SmansEtAl/Cell_Cell.key.proof 
80875      DEBUG main            d.u.i.k.p.i.AbstractProblemLoader Environment load took 144.1ns 
80876      INFO  main            d.u.i.k.p.i.AbstractProblemLoader Creating init config 
84210      DEBUG main            d.u.i.k.p.i.AbstractProblemLoader Init config took 3.33s 
84256      INFO  main            d.u.i.k.p.i.AbstractProblemLoader Replaying proof Cell[Cell::Cell()].JML normal_behavior operation contract.0 
84321      DEBUG main            d.u.i.k.p.i.IntermediateProofReplayer Proof replay took 62ms 
84322      DEBUG main            d.u.i.k.p.r.p.TestFile    ... success: reloaded. 
84324      INFO  main            d.u.i.k.p.r.p.TestFile    Now processing file /home/runner/work/key/key/key.core/../key.ui/examples/heap/SmansEtAl/Cell_footprint.key 
84324      INFO  main            d.u.i.k.p.i.AbstractProblemLoader Loading environment from /home/runner/work/key/key/key.core/../key.ui/examples/heap/SmansEtAl/Cell_footprint.key 
84324      DEBUG main            d.u.i.k.p.i.AbstractProblemLoader Environment load took 260.7ns 
84325      INFO  main            d.u.i.k.p.i.AbstractProblemLoader Creating init config 
87467      DEBUG main            d.u.i.k.p.i.AbstractProblemLoader Init config took 3.14s 
87507      INFO  main            d.u.i.k.p.i.AbstractProblemLoader Replaying proof Cell[Cell::$footprint()].JML accessible clause.0 
87509      DEBUG main            d.u.i.k.p.i.IntermediateProofReplayer Proof replay took 7.1ns 
87612      INFO  main            d.u.i.k.p.r.p.TestFile    ... finished proof: closed. 
87851      INFO  main            d.u.i.k.p.i.AbstractProblemLoader Loading environment from /home/runner/work/key/key/key.core/../key.ui/examples/heap/SmansEtAl/Cell_footprint.key.proof 
87852      DEBUG main            d.u.i.k.p.i.AbstractProblemLoader Environment load took 457.5ns 
87853      INFO  main            d.u.i.k.p.i.AbstractProblemLoader Creating init config 
91032      DEBUG main            d.u.i.k.p.i.AbstractProblemLoader Init config took 3.18s 
91071      INFO  main            d.u.i.k.p.i.AbstractProblemLoader Replaying proof Cell[Cell::$footprint()].JML accessible clause.0 
91078      DEBUG main            d.u.i.k.p.i.IntermediateProofReplayer Proof replay took 5.24ms 
91079      DEBUG main            d.u.i.k.p.r.p.TestFile    ... success: reloaded. 
91080      INFO  main            d.u.i.k.p.r.p.TestFile    Now processing file /home/runner/work/key/key/key.core/../key.ui/examples/heap/SmansEtAl/Cell_getX_dep.key 
91081      INFO  main            d.u.i.k.p.i.AbstractProblemLoader Loading environment from /home/runner/work/key/key/key.core/../key.ui/examples/heap/SmansEtAl/Cell_getX_dep.key 
91081      DEBUG main            d.u.i.k.p.i.AbstractProblemLoader Environment load took 120ns 
91082      INFO  main            d.u.i.k.p.i.AbstractProblemLoader Creating init config 
94136      DEBUG main            d.u.i.k.p.i.AbstractProblemLoader Init config took 3.05s 
94174      INFO  main            d.u.i.k.p.i.AbstractProblemLoader Replaying proof Cell[Cell::getX()].JML accessible clause.0 
94177      DEBUG main            d.u.i.k.p.i.IntermediateProofReplayer Proof replay took 7.8ns 
94282      INFO  main            d.u.i.k.p.r.p.TestFile    ... finished proof: closed. 
94550      INFO  main            d.u.i.k.p.i.AbstractProblemLoader Loading environment from /home/runner/work/key/key/key.core/../key.ui/examples/heap/SmansEtAl/Cell_getX_dep.key.proof 
94550      DEBUG main            d.u.i.k.p.i.AbstractProblemLoader Environment load took 140.4ns 
94552      INFO  main            d.u.i.k.p.i.AbstractProblemLoader Creating init config 
97624      DEBUG main            d.u.i.k.p.i.AbstractProblemLoader Init config took 3.07s 
97664      INFO  main            d.u.i.k.p.i.AbstractProblemLoader Replaying proof Cell[Cell::getX()].JML accessible clause.0 
97681      DEBUG main            d.u.i.k.p.i.IntermediateProofReplayer Proof replay took 15ms 
97682      DEBUG main            d.u.i.k.p.r.p.TestFile    ... success: reloaded. 
97684      INFO  main            d.u.i.k.p.r.p.TestFile    Now processing file /home/runner/work/key/key/key.core/../key.ui/examples/heap/SmansEtAl/Cell_getX.key 
97684      INFO  main            d.u.i.k.p.i.AbstractProblemLoader Loading environment from /home/runner/work/key/key/key.core/../key.ui/examples/heap/SmansEtAl/Cell_getX.key 
97684      DEBUG main            d.u.i.k.p.i.AbstractProblemLoader Environment load took 130.9ns 
97685      INFO  main            d.u.i.k.p.i.AbstractProblemLoader Creating init config 
100927     DEBUG main            d.u.i.k.p.i.AbstractProblemLoader Init config took 3.24s 
100968     INFO  main            d.u.i.k.p.i.AbstractProblemLoader Replaying proof Cell[Cell::getX()].JML normal_behavior operation contract.0 
100969     DEBUG main            d.u.i.k.p.i.IntermediateProofReplayer Proof replay took 6.5ns 
101071     INFO  main            d.u.i.k.p.r.p.TestFile    ... finished proof: closed. 
101332     INFO  main            d.u.i.k.p.i.AbstractProblemLoader Loading environment from /home/runner/work/key/key/key.core/../key.ui/examples/heap/SmansEtAl/Cell_getX.key.proof 
101332     DEBUG main            d.u.i.k.p.i.AbstractProblemLoader Environment load took 130.3ns 
101334     INFO  main            d.u.i.k.p.i.AbstractProblemLoader Creating init config 
104299     DEBUG main            d.u.i.k.p.i.AbstractProblemLoader Init config took 2.96s 
104348     INFO  main            d.u.i.k.p.i.AbstractProblemLoader Replaying proof Cell[Cell::getX()].JML normal_behavior operation contract.0 
104368     DEBUG main            d.u.i.k.p.i.IntermediateProofReplayer Proof replay took 16.82ms 
104369     DEBUG main            d.u.i.k.p.r.p.TestFile    ... success: reloaded. 
104371     INFO  main            d.u.i.k.p.r.p.TestFile    Now processing file /home/runner/work/key/key/key.core/../key.ui/examples/heap/SmansEtAl/Cell_inv.key 
104371     INFO  main            d.u.i.k.p.i.AbstractProblemLoader Loading environment from /home/runner/work/key/key/key.core/../key.ui/examples/heap/SmansEtAl/Cell_inv.key 
104372     DEBUG main            d.u.i.k.p.i.AbstractProblemLoader Environment load took 235.5ns 
104373     INFO  main            d.u.i.k.p.i.AbstractProblemLoader Creating init config 
107630     DEBUG main            d.u.i.k.p.i.AbstractProblemLoader Init config took 3.26s 
107677     INFO  main            d.u.i.k.p.i.AbstractProblemLoader Replaying proof Cell[java.lang.Object::<inv>()].JML accessible clause.0 
107679     DEBUG main            d.u.i.k.p.i.IntermediateProofReplayer Proof replay took 6.3ns 
107782     INFO  main            d.u.i.k.p.r.p.TestFile    ... finished proof: closed. 
108026     INFO  main            d.u.i.k.p.i.AbstractProblemLoader Loading environment from /home/runner/work/key/key/key.core/../key.ui/examples/heap/SmansEtAl/Cell_inv.key.proof 
108026     DEBUG main            d.u.i.k.p.i.AbstractProblemLoader Environment load took 147ns 
108028     INFO  main            d.u.i.k.p.i.AbstractProblemLoader Creating init config 
111035     DEBUG main            d.u.i.k.p.i.AbstractProblemLoader Init config took 3.01s 
111072     INFO  main            d.u.i.k.p.i.AbstractProblemLoader Replaying proof Cell[java.lang.Object::<inv>()].JML accessible clause.0 
111076     DEBUG main            d.u.i.k.p.i.IntermediateProofReplayer Proof replay took 2.47ms 
111077     DEBUG main            d.u.i.k.p.r.p.TestFile    ... success: reloaded. 
111079     INFO  main            d.u.i.k.p.r.p.TestFile    Now processing file /home/runner/work/key/key/key.core/../key.ui/examples/heap/SmansEtAl/Cell_setX.key 
111079     INFO  main            d.u.i.k.p.i.AbstractProblemLoader Loading environment from /home/runner/work/key/key/key.core/../key.ui/examples/heap/SmansEtAl/Cell_setX.key 
111079     DEBUG main            d.u.i.k.p.i.AbstractProblemLoader Environment load took 114.6ns 
111080     INFO  main            d.u.i.k.p.i.AbstractProblemLoader Creating init config 
114534     DEBUG main            d.u.i.k.p.i.AbstractProblemLoader Init config took 3.45s 
114579     INFO  main            d.u.i.k.p.i.AbstractProblemLoader Replaying proof Cell[Cell::setX(int)].JML normal_behavior operation contract.0 
114581     DEBUG main            d.u.i.k.p.i.IntermediateProofReplayer Proof replay took 7.5ns 
114683     INFO  main            d.u.i.k.p.r.p.TestFile    ... finished proof: closed. 
115002     INFO  main            d.u.i.k.p.i.AbstractProblemLoader Loading environment from /home/runner/work/key/key/key.core/../key.ui/examples/heap/SmansEtAl/Cell_setX.key.proof 
115003     DEBUG main            d.u.i.k.p.i.AbstractProblemLoader Environment load took 146.8ns 
115004     INFO  main            d.u.i.k.p.i.AbstractProblemLoader Creating init config 
118232     DEBUG main            d.u.i.k.p.i.AbstractProblemLoader Init config took 3.23s 
118275     INFO  main            d.u.i.k.p.i.AbstractProblemLoader Replaying proof Cell[Cell::setX(int)].JML normal_behavior operation contract.0 
118309     DEBUG main            d.u.i.k.p.i.IntermediateProofReplayer Proof replay took 30.58ms 
118310     DEBUG main            d.u.i.k.p.r.p.TestFile    ... success: reloaded. 
118311     INFO  main            d.u.i.k.p.r.p.TestFile    Now processing file /home/runner/work/key/key/key.core/../key.ui/examples/heap/SmansEtAl/CellClient_m.key 
118312     INFO  main            d.u.i.k.p.i.AbstractProblemLoader Loading environment from /home/runner/work/key/key/key.core/../key.ui/examples/heap/SmansEtAl/CellClient_m.key 
118312     DEBUG main            d.u.i.k.p.i.AbstractProblemLoader Environment load took 114.7ns 
118318     INFO  main            d.u.i.k.p.i.AbstractProblemLoader Creating init config 
121803     DEBUG main            d.u.i.k.p.i.AbstractProblemLoader Init config took 3.49s 
121849     INFO  main            d.u.i.k.p.i.AbstractProblemLoader Replaying proof CellClient[CellClient::m()].JML operation contract.0 
121852     DEBUG main            d.u.i.k.p.i.IntermediateProofReplayer Proof replay took 9.5ns 
122556     INFO  main            d.u.i.k.p.r.p.TestFile    ... finished proof: closed. 
122882     INFO  main            d.u.i.k.p.i.AbstractProblemLoader Loading environment from /home/runner/work/key/key/key.core/../key.ui/examples/heap/SmansEtAl/CellClient_m.key.proof 
122885     DEBUG main            d.u.i.k.p.i.AbstractProblemLoader Environment load took 540.71ns 
122887     INFO  main            d.u.i.k.p.i.AbstractProblemLoader Creating init config 
126320     DEBUG main            d.u.i.k.p.i.AbstractProblemLoader Init config took 3.43s 
126398     INFO  main            d.u.i.k.p.i.AbstractProblemLoader Replaying proof CellClient[CellClient::m()].JML operation contract.0 
126556     DEBUG main            d.u.i.k.p.i.IntermediateProofReplayer Proof replay took 144.74ms 
126558     DEBUG main            d.u.i.k.p.r.p.TestFile    ... success: reloaded. 
126560     INFO  main            d.u.i.k.p.r.p.TestFile    Now processing file /home/runner/work/key/key/key.core/../key.ui/examples/heap/SmansEtAl/Iterator_footprint.key 
126561     INFO  main            d.u.i.k.p.i.AbstractProblemLoader Loading environment from /home/runner/work/key/key/key.core/../key.ui/examples/heap/SmansEtAl/Iterator_footprint.key 
126561     DEBUG main            d.u.i.k.p.i.AbstractProblemLoader Environment load took 267.8ns 
126562     INFO  main            d.u.i.k.p.i.AbstractProblemLoader Creating init config 
129923     DEBUG main            d.u.i.k.p.i.AbstractProblemLoader Init config took 3.36s 
129988     INFO  main            d.u.i.k.p.i.AbstractProblemLoader Replaying proof Iterator[Iterator::$footprint()].JML accessible clause.0 
129991     DEBUG main            d.u.i.k.p.i.IntermediateProofReplayer Proof replay took 6.3ns 
130094     INFO  main            d.u.i.k.p.r.p.TestFile    ... finished proof: closed. 
130379     INFO  main            d.u.i.k.p.i.AbstractProblemLoader Loading environment from /home/runner/work/key/key/key.core/../key.ui/examples/heap/SmansEtAl/Iterator_footprint.key.proof 
130379     DEBUG main            d.u.i.k.p.i.AbstractProblemLoader Environment load took 136.1ns 
130380     INFO  main            d.u.i.k.p.i.AbstractProblemLoader Creating init config 
133987     DEBUG main            d.u.i.k.p.i.AbstractProblemLoader Init config took 3.61s 
134051     INFO  main            d.u.i.k.p.i.AbstractProblemLoader Replaying proof Iterator[Iterator::$footprint()].JML accessible clause.0 
134062     DEBUG main            d.u.i.k.p.i.IntermediateProofReplayer Proof replay took 8.2ms 
134063     DEBUG main            d.u.i.k.p.r.p.TestFile    ... success: reloaded. 
134064     INFO  main            d.u.i.k.p.r.p.TestFile    Now processing file /home/runner/work/key/key/key.core/../key.ui/examples/heap/SmansEtAl/Iterator_hasNext_dep.key 
134065     INFO  main            d.u.i.k.p.i.AbstractProblemLoader Loading environment from /home/runner/work/key/key/key.core/../key.ui/examples/heap/SmansEtAl/Iterator_hasNext_dep.key 
134065     DEBUG main            d.u.i.k.p.i.AbstractProblemLoader Environment load took 137ns 
134066     INFO  main            d.u.i.k.p.i.AbstractProblemLoader Creating init config 
137826     DEBUG main            d.u.i.k.p.i.AbstractProblemLoader Init config took 3.76s 
137872     INFO  main            d.u.i.k.p.i.AbstractProblemLoader Replaying proof Iterator[Iterator::hasNext()].JML accessible clause.0 
137874     DEBUG main            d.u.i.k.p.i.IntermediateProofReplayer Proof replay took 6.6ns 
138779     INFO  main            d.u.i.k.p.r.p.TestFile    ... finished proof: closed. 
139120     INFO  main            d.u.i.k.p.i.AbstractProblemLoader Loading environment from /home/runner/work/key/key/key.core/../key.ui/examples/heap/SmansEtAl/Iterator_hasNext_dep.key.proof 
139121     DEBUG main            d.u.i.k.p.i.AbstractProblemLoader Environment load took 2.69ms 
139123     INFO  main            d.u.i.k.p.i.AbstractProblemLoader Creating init config 
142549     DEBUG main            d.u.i.k.p.i.AbstractProblemLoader Init config took 3.43s 
142612     INFO  main            d.u.i.k.p.i.AbstractProblemLoader Replaying proof Iterator[Iterator::hasNext()].JML accessible clause.0 
142751     DEBUG main            d.u.i.k.p.i.IntermediateProofReplayer Proof replay took 129.06ms 
142753     DEBUG main            d.u.i.k.p.r.p.TestFile    ... success: reloaded. 
142754     INFO  main            d.u.i.k.p.r.p.TestFile    Now processing file /home/runner/work/key/key/key.core/../key.ui/examples/heap/SmansEtAl/Iterator_hasNext.key 
142755     INFO  main            d.u.i.k.p.i.AbstractProblemLoader Loading environment from /home/runner/work/key/key/key.core/../key.ui/examples/heap/SmansEtAl/Iterator_hasNext.key 
142755     DEBUG main            d.u.i.k.p.i.AbstractProblemLoader Environment load took 335.9ns 
142756     INFO  main            d.u.i.k.p.i.AbstractProblemLoader Creating init config 
146315     DEBUG main            d.u.i.k.p.i.AbstractProblemLoader Init config took 3.56s 
146362     INFO  main            d.u.i.k.p.i.AbstractProblemLoader Replaying proof Iterator[Iterator::hasNext()].JML normal_behavior operation contract.0 
146364     DEBUG main            d.u.i.k.p.i.IntermediateProofReplayer Proof replay took 8.7ns 
147172     INFO  main            d.u.i.k.p.r.p.TestFile    ... finished proof: closed. 
147597     INFO  main            d.u.i.k.p.i.AbstractProblemLoader Loading environment from /home/runner/work/key/key/key.core/../key.ui/examples/heap/SmansEtAl/Iterator_hasNext.key.proof 
147601     DEBUG main            d.u.i.k.p.i.AbstractProblemLoader Environment load took 3.55ms 
147602     INFO  main            d.u.i.k.p.i.AbstractProblemLoader Creating init config 
151083     DEBUG main            d.u.i.k.p.i.AbstractProblemLoader Init config took 3.48s 
151129     INFO  main            d.u.i.k.p.i.AbstractProblemLoader Replaying proof Iterator[Iterator::hasNext()].JML normal_behavior operation contract.0 
151255     DEBUG main            d.u.i.k.p.i.IntermediateProofReplayer Proof replay took 119.03ms 
151257     DEBUG main            d.u.i.k.p.r.p.TestFile    ... success: reloaded. 
151258     INFO  main            d.u.i.k.p.r.p.TestFile    Now processing file /home/runner/work/key/key/key.core/../key.ui/examples/heap/SmansEtAl/Iterator_inv.key 
151259     INFO  main            d.u.i.k.p.i.AbstractProblemLoader Loading environment from /home/runner/work/key/key/key.core/../key.ui/examples/heap/SmansEtAl/Iterator_inv.key 
151259     DEBUG main            d.u.i.k.p.i.AbstractProblemLoader Environment load took 257.3ns 
151260     INFO  main            d.u.i.k.p.i.AbstractProblemLoader Creating init config 
154827     DEBUG main            d.u.i.k.p.i.AbstractProblemLoader Init config took 3.57s 
154871     INFO  main            d.u.i.k.p.i.AbstractProblemLoader Replaying proof Iterator[java.lang.Object::<inv>()].JML accessible clause.0 
154873     DEBUG main            d.u.i.k.p.i.IntermediateProofReplayer Proof replay took 7.5ns 
155178     INFO  main            d.u.i.k.p.r.p.TestFile    ... finished proof: closed. 
155573     INFO  main            d.u.i.k.p.i.AbstractProblemLoader Loading environment from /home/runner/work/key/key/key.core/../key.ui/examples/heap/SmansEtAl/Iterator_inv.key.proof 
155573     DEBUG main            d.u.i.k.p.i.AbstractProblemLoader Environment load took 509.01ns 
155575     INFO  main            d.u.i.k.p.i.AbstractProblemLoader Creating init config 
158911     DEBUG main            d.u.i.k.p.i.AbstractProblemLoader Init config took 3.34s 
158954     INFO  main            d.u.i.k.p.i.AbstractProblemLoader Replaying proof Iterator[java.lang.Object::<inv>()].JML accessible clause.0 
159016     DEBUG main            d.u.i.k.p.i.IntermediateProofReplayer Proof replay took 54.02ms 
159021     DEBUG main            d.u.i.k.p.r.p.TestFile    ... success: reloaded. 
159023     INFO  main            d.u.i.k.p.r.p.TestFile    Now processing file /home/runner/work/key/key/key.core/../key.ui/examples/heap/SmansEtAl/Iterator_Iterator.key 
159024     INFO  main            d.u.i.k.p.i.AbstractProblemLoader Loading environment from /home/runner/work/key/key/key.core/../key.ui/examples/heap/SmansEtAl/Iterator_Iterator.key 
159025     DEBUG main            d.u.i.k.p.i.AbstractProblemLoader Environment load took 657.71ns 
159027     INFO  main            d.u.i.k.p.i.AbstractProblemLoader Creating init config 
162529     DEBUG main            d.u.i.k.p.i.AbstractProblemLoader Init config took 3.5s 
162575     INFO  main            d.u.i.k.p.i.AbstractProblemLoader Replaying proof Iterator[Iterator::Iterator(ArrayList)].JML normal_behavior operation contract.0 
162577     DEBUG main            d.u.i.k.p.i.IntermediateProofReplayer Proof replay took 7.1ns 
164486     INFO  main            d.u.i.k.p.r.p.TestFile    ... finished proof: closed. 
164860     INFO  main            d.u.i.k.p.i.AbstractProblemLoader Loading environment from /home/runner/work/key/key/key.core/../key.ui/examples/heap/SmansEtAl/Iterator_Iterator.key.proof 
164861     DEBUG main            d.u.i.k.p.i.AbstractProblemLoader Environment load took 948.41ns 
164863     INFO  main            d.u.i.k.p.i.AbstractProblemLoader Creating init config 
168217     DEBUG main            d.u.i.k.p.i.AbstractProblemLoader Init config took 3.35s 
168260     INFO  main            d.u.i.k.p.i.AbstractProblemLoader Replaying proof Iterator[Iterator::Iterator(ArrayList)].JML normal_behavior operation contract.0 
168547     DEBUG main            d.u.i.k.p.i.IntermediateProofReplayer Proof replay took 272.12ms 
168549     DEBUG main            d.u.i.k.p.r.p.TestFile    ... success: reloaded. 
168550     INFO  main            d.u.i.k.p.r.p.TestFile    Now processing file /home/runner/work/key/key/key.core/../key.ui/examples/heap/SmansEtAl/Iterator_list_dep.key 
168551     INFO  main            d.u.i.k.p.i.AbstractProblemLoader Loading environment from /home/runner/work/key/key/key.core/../key.ui/examples/heap/SmansEtAl/Iterator_list_dep.key 
168551     DEBUG main            d.u.i.k.p.i.AbstractProblemLoader Environment load took 398.4ns 
168553     INFO  main            d.u.i.k.p.i.AbstractProblemLoader Creating init config 
171879     DEBUG main            d.u.i.k.p.i.AbstractProblemLoader Init config took 3.33s 
171924     INFO  main            d.u.i.k.p.i.AbstractProblemLoader Replaying proof Iterator[Iterator::list()].JML accessible clause.0 
171926     DEBUG main            d.u.i.k.p.i.IntermediateProofReplayer Proof replay took 6.5ns 
172029     INFO  main            d.u.i.k.p.r.p.TestFile    ... finished proof: closed. 
172380     INFO  main            d.u.i.k.p.i.AbstractProblemLoader Loading environment from /home/runner/work/key/key/key.core/../key.ui/examples/heap/SmansEtAl/Iterator_list_dep.key.proof 
172380     DEBUG main            d.u.i.k.p.i.AbstractProblemLoader Environment load took 136.5ns 
172382     INFO  main            d.u.i.k.p.i.AbstractProblemLoader Creating init config 
175490     DEBUG main            d.u.i.k.p.i.AbstractProblemLoader Init config took 3.11s 
175529     INFO  main            d.u.i.k.p.i.AbstractProblemLoader Replaying proof Iterator[Iterator::list()].JML accessible clause.0 
175554     DEBUG main            d.u.i.k.p.i.IntermediateProofReplayer Proof replay took 23.15ms 
175556     DEBUG main            d.u.i.k.p.r.p.TestFile    ... success: reloaded. 
175557     INFO  main            d.u.i.k.p.r.p.TestFile    Now processing file /home/runner/work/key/key/key.core/../key.ui/examples/heap/SmansEtAl/Iterator_list.key 
175557     INFO  main            d.u.i.k.p.i.AbstractProblemLoader Loading environment from /home/runner/work/key/key/key.core/../key.ui/examples/heap/SmansEtAl/Iterator_list.key 
175558     DEBUG main            d.u.i.k.p.i.AbstractProblemLoader Environment load took 157.6ns 
175559     INFO  main            d.u.i.k.p.i.AbstractProblemLoader Creating init config 
178766     DEBUG main            d.u.i.k.p.i.AbstractProblemLoader Init config took 3.21s 
178810     INFO  main            d.u.i.k.p.i.AbstractProblemLoader Replaying proof Iterator[Iterator::list()].JML normal_behavior operation contract.0 
178812     DEBUG main            d.u.i.k.p.i.IntermediateProofReplayer Proof replay took 7.3ns 
178918     INFO  main            d.u.i.k.p.r.p.TestFile    ... finished proof: closed. 
179247     INFO  main            d.u.i.k.p.i.AbstractProblemLoader Loading environment from /home/runner/work/key/key/key.core/../key.ui/examples/heap/SmansEtAl/Iterator_list.key.proof 
179247     DEBUG main            d.u.i.k.p.i.AbstractProblemLoader Environment load took 149.2ns 
179248     INFO  main            d.u.i.k.p.i.AbstractProblemLoader Creating init config 
182280     DEBUG main            d.u.i.k.p.i.AbstractProblemLoader Init config took 3.03s 
182333     INFO  main            d.u.i.k.p.i.AbstractProblemLoader Replaying proof Iterator[Iterator::list()].JML normal_behavior operation contract.0 
182357     DEBUG main            d.u.i.k.p.i.IntermediateProofReplayer Proof replay took 21.32ms 
182359     DEBUG main            d.u.i.k.p.r.p.TestFile    ... success: reloaded. 
182360     INFO  main            d.u.i.k.p.r.p.TestFile    Now processing file /home/runner/work/key/key/key.core/../key.ui/examples/heap/SmansEtAl/Iterator_next.key 
182360     INFO  main            d.u.i.k.p.i.AbstractProblemLoader Loading environment from /home/runner/work/key/key/key.core/../key.ui/examples/heap/SmansEtAl/Iterator_next.key 
182360     DEBUG main            d.u.i.k.p.i.AbstractProblemLoader Environment load took 184.1ns 
182361     INFO  main            d.u.i.k.p.i.AbstractProblemLoader Creating init config 
185682     DEBUG main            d.u.i.k.p.i.AbstractProblemLoader Init config took 3.32s 
185730     INFO  main            d.u.i.k.p.i.AbstractProblemLoader Replaying proof Iterator[Iterator::next()].JML normal_behavior operation contract.0 
185731     DEBUG main            d.u.i.k.p.i.IntermediateProofReplayer Proof replay took 6.8ns 
189372     INFO  main            d.u.i.k.p.r.p.TestFile    ... finished proof: closed. 
189774     INFO  main            d.u.i.k.p.i.AbstractProblemLoader Loading environment from /home/runner/work/key/key/key.core/../key.ui/examples/heap/SmansEtAl/Iterator_next.key.proof 
189774     DEBUG main            d.u.i.k.p.i.AbstractProblemLoader Environment load took 213.7ns 
189776     INFO  main            d.u.i.k.p.i.AbstractProblemLoader Creating init config 
192904     DEBUG main            d.u.i.k.p.i.AbstractProblemLoader Init config took 3.13s 
192949     INFO  main            d.u.i.k.p.i.AbstractProblemLoader Replaying proof Iterator[Iterator::next()].JML normal_behavior operation contract.0 
193406     DEBUG main            d.u.i.k.p.i.IntermediateProofReplayer Proof replay took 439.01ms 
193408     DEBUG main            d.u.i.k.p.r.p.TestFile    ... success: reloaded. 
193410     INFO  main            d.u.i.k.p.r.p.TestFile    Now processing file /home/runner/work/key/key/key.core/../key.ui/examples/heap/SmansEtAl/Stack_footprint.key 
193410     INFO  main            d.u.i.k.p.i.AbstractProblemLoader Loading environment from /home/runner/work/key/key/key.core/../key.ui/examples/heap/SmansEtAl/Stack_footprint.key 
193410     DEBUG main            d.u.i.k.p.i.AbstractProblemLoader Environment load took 265.8ns 
193411     INFO  main            d.u.i.k.p.i.AbstractProblemLoader Creating init config 
196544     DEBUG main            d.u.i.k.p.i.AbstractProblemLoader Init config took 3.13s 
196589     INFO  main            d.u.i.k.p.i.AbstractProblemLoader Replaying proof Stack[Stack::$footprint()].JML accessible clause.0 
196591     DEBUG main            d.u.i.k.p.i.IntermediateProofReplayer Proof replay took 7.3ns 
196895     INFO  main            d.u.i.k.p.r.p.TestFile    ... finished proof: closed. 
197248     INFO  main            d.u.i.k.p.i.AbstractProblemLoader Loading environment from /home/runner/work/key/key/key.core/../key.ui/examples/heap/SmansEtAl/Stack_footprint.key.proof 
197249     DEBUG main            d.u.i.k.p.i.AbstractProblemLoader Environment load took 724.71ns 
197250     INFO  main            d.u.i.k.p.i.AbstractProblemLoader Creating init config 
200330     DEBUG main            d.u.i.k.p.i.AbstractProblemLoader Init config took 3.08s 
200372     INFO  main            d.u.i.k.p.i.AbstractProblemLoader Replaying proof Stack[Stack::$footprint()].JML accessible clause.0 
200411     DEBUG main            d.u.i.k.p.i.IntermediateProofReplayer Proof replay took 35.51ms 
200413     DEBUG main            d.u.i.k.p.r.p.TestFile    ... success: reloaded. 
200414     INFO  main            d.u.i.k.p.r.p.TestFile    Now processing file /home/runner/work/key/key/key.core/../key.ui/examples/heap/SmansEtAl/Stack_inv.key 
200414     INFO  main            d.u.i.k.p.i.AbstractProblemLoader Loading environment from /home/runner/work/key/key/key.core/../key.ui/examples/heap/SmansEtAl/Stack_inv.key 
200414     DEBUG main            d.u.i.k.p.i.AbstractProblemLoader Environment load took 243.1ns 
200416     INFO  main            d.u.i.k.p.i.AbstractProblemLoader Creating init config 
203658     DEBUG main            d.u.i.k.p.i.AbstractProblemLoader Init config took 3.24s 
203694     INFO  main            d.u.i.k.p.i.AbstractProblemLoader Replaying proof Stack[java.lang.Object::<inv>()].JML accessible clause.0 
203696     DEBUG main            d.u.i.k.p.i.IntermediateProofReplayer Proof replay took 6.6ns 
203798     INFO  main            d.u.i.k.p.r.p.TestFile    ... finished proof: closed. 
204143     INFO  main            d.u.i.k.p.i.AbstractProblemLoader Loading environment from /home/runner/work/key/key/key.core/../key.ui/examples/heap/SmansEtAl/Stack_inv.key.proof 
204143     DEBUG main            d.u.i.k.p.i.AbstractProblemLoader Environment load took 139.1ns 
204145     INFO  main            d.u.i.k.p.i.AbstractProblemLoader Creating init config 
207215     DEBUG main            d.u.i.k.p.i.AbstractProblemLoader Init config took 3.07s 
207251     INFO  main            d.u.i.k.p.i.AbstractProblemLoader Replaying proof Stack[java.lang.Object::<inv>()].JML accessible clause.0 
207272     DEBUG main            d.u.i.k.p.i.IntermediateProofReplayer Proof replay took 14.51ms 
207276     DEBUG main            d.u.i.k.p.r.p.TestFile    ... success: reloaded. 
207278     INFO  main            d.u.i.k.p.r.p.TestFile    Now processing file /home/runner/work/key/key/key.core/../key.ui/examples/heap/SmansEtAl/Stack_push.key 
207278     INFO  main            d.u.i.k.p.i.AbstractProblemLoader Loading environment from /home/runner/work/key/key/key.core/../key.ui/examples/heap/SmansEtAl/Stack_push.key 
207279     DEBUG main            d.u.i.k.p.i.AbstractProblemLoader Environment load took 335.1ns 
207280     INFO  main            d.u.i.k.p.i.AbstractProblemLoader Creating init config 
210394     DEBUG main            d.u.i.k.p.i.AbstractProblemLoader Init config took 3.11s 
210442     INFO  main            d.u.i.k.p.i.AbstractProblemLoader Replaying proof Stack[Stack::push(java.lang.Object)].JML normal_behavior operation contract.0 
210444     DEBUG main            d.u.i.k.p.i.IntermediateProofReplayer Proof replay took 25.9ns 
211368     INFO  main            d.u.i.k.p.r.p.TestFile    ... finished proof: closed. 
211732     INFO  main            d.u.i.k.p.i.AbstractProblemLoader Loading environment from /home/runner/work/key/key/key.core/../key.ui/examples/heap/SmansEtAl/Stack_push.key.proof 
211732     DEBUG main            d.u.i.k.p.i.AbstractProblemLoader Environment load took 572.91ns 
211733     INFO  main            d.u.i.k.p.i.AbstractProblemLoader Creating init config 
214815     DEBUG main            d.u.i.k.p.i.AbstractProblemLoader Init config took 3.08s 
214855     INFO  main            d.u.i.k.p.i.AbstractProblemLoader Replaying proof Stack[Stack::push(java.lang.Object)].JML normal_behavior operation contract.0 
215020     DEBUG main            d.u.i.k.p.i.IntermediateProofReplayer Proof replay took 159.41ms 
215023     DEBUG main            d.u.i.k.p.r.p.TestFile    ... success: reloaded. 
215026     INFO  main            d.u.i.k.p.r.p.TestFile    Now processing file /home/runner/work/key/key/key.core/../key.ui/examples/heap/SmansEtAl/Stack_size.key 
215026     INFO  main            d.u.i.k.p.i.AbstractProblemLoader Loading environment from /home/runner/work/key/key/key.core/../key.ui/examples/heap/SmansEtAl/Stack_size.key 
215026     DEBUG main            d.u.i.k.p.i.AbstractProblemLoader Environment load took 254.7ns 
215027     INFO  main            d.u.i.k.p.i.AbstractProblemLoader Creating init config 
218257     DEBUG main            d.u.i.k.p.i.AbstractProblemLoader Init config took 3.23s 
218300     INFO  main            d.u.i.k.p.i.AbstractProblemLoader Replaying proof Stack[Stack::size()].JML accessible clause.0 
218304     DEBUG main            d.u.i.k.p.i.IntermediateProofReplayer Proof replay took 8.8ns 
218628     INFO  main            d.u.i.k.p.r.p.TestFile    ... finished proof: closed. 
219006     INFO  main            d.u.i.k.p.i.AbstractProblemLoader Loading environment from /home/runner/work/key/key/key.core/../key.ui/examples/heap/SmansEtAl/Stack_size.key.proof 
219006     DEBUG main            d.u.i.k.p.i.AbstractProblemLoader Environment load took 556.21ns 
219008     INFO  main            d.u.i.k.p.i.AbstractProblemLoader Creating init config 
222092     DEBUG main            d.u.i.k.p.i.AbstractProblemLoader Init config took 3.08s 
222131     INFO  main            d.u.i.k.p.i.AbstractProblemLoader Replaying proof Stack[Stack::size()].JML accessible clause.0 
222193     DEBUG main            d.u.i.k.p.i.IntermediateProofReplayer Proof replay took 58.51ms 
222194     DEBUG main            d.u.i.k.p.r.p.TestFile    ... success: reloaded. 
222195     INFO  main            d.u.i.k.p.r.p.TestFile    Now processing file /home/runner/work/key/key/key.core/../key.ui/examples/heap/SmansEtAl/Stack_Stack.key 
222196     INFO  main            d.u.i.k.p.i.AbstractProblemLoader Loading environment from /home/runner/work/key/key/key.core/../key.ui/examples/heap/SmansEtAl/Stack_Stack.key 
222196     DEBUG main            d.u.i.k.p.i.AbstractProblemLoader Environment load took 254.3ns 
222197     INFO  main            d.u.i.k.p.i.AbstractProblemLoader Creating init config 
225368     DEBUG main            d.u.i.k.p.i.AbstractProblemLoader Init config took 3.17s 
225411     INFO  main            d.u.i.k.p.i.AbstractProblemLoader Replaying proof Stack[Stack::Stack()].JML normal_behavior operation contract.0 
225412     DEBUG main            d.u.i.k.p.i.IntermediateProofReplayer Proof replay took 7.4ns 
226819     INFO  main            d.u.i.k.p.r.p.TestFile    ... finished proof: closed. 
227264     INFO  main            d.u.i.k.p.i.AbstractProblemLoader Loading environment from /home/runner/work/key/key/key.core/../key.ui/examples/heap/SmansEtAl/Stack_Stack.key.proof 
227264     DEBUG main            d.u.i.k.p.i.AbstractProblemLoader Environment load took 580.51ns 
227266     INFO  main            d.u.i.k.p.i.AbstractProblemLoader Creating init config 
230405     DEBUG main            d.u.i.k.p.i.AbstractProblemLoader Init config took 3.14s 
230458     INFO  main            d.u.i.k.p.i.AbstractProblemLoader Replaying proof Stack[Stack::Stack()].JML normal_behavior operation contract.0 
230701     DEBUG main            d.u.i.k.p.i.IntermediateProofReplayer Proof replay took 235.49ms 
230703     DEBUG main            d.u.i.k.p.r.p.TestFile    ... success: reloaded. 
230704     INFO  main            d.u.i.k.p.r.p.TestFile    Now processing file /home/runner/work/key/key/key.core/../key.ui/examples/heap/SmansEtAl/Stack_switchContents.key 
230704     INFO  main            d.u.i.k.p.i.AbstractProblemLoader Loading environment from /home/runner/work/key/key/key.core/../key.ui/examples/heap/SmansEtAl/Stack_switchContents.key 
230704     DEBUG main            d.u.i.k.p.i.AbstractProblemLoader Environment load took 403.31ns 
230705     INFO  main            d.u.i.k.p.i.AbstractProblemLoader Creating init config 
233844     DEBUG main            d.u.i.k.p.i.AbstractProblemLoader Init config took 3.14s 
233889     INFO  main            d.u.i.k.p.i.AbstractProblemLoader Replaying proof Stack[Stack::switchContents(Stack)].JML normal_behavior operation contract.0 
233892     DEBUG main            d.u.i.k.p.i.IntermediateProofReplayer Proof replay took 8.7ns 
239448     INFO  main            d.u.i.k.p.r.p.TestFile    ... finished proof: closed. 
239894     INFO  main            d.u.i.k.p.i.AbstractProblemLoader Loading environment from /home/runner/work/key/key/key.core/../key.ui/examples/heap/SmansEtAl/Stack_switchContents.key.proof 
239894     DEBUG main            d.u.i.k.p.i.AbstractProblemLoader Environment load took 119.6ns 
239896     INFO  main            d.u.i.k.p.i.AbstractProblemLoader Creating init config 
243099     DEBUG main            d.u.i.k.p.i.AbstractProblemLoader Init config took 3.2s 
243141     INFO  main            d.u.i.k.p.i.AbstractProblemLoader Replaying proof Stack[Stack::switchContents(Stack)].JML normal_behavior operation contract.0 
243791     DEBUG main            d.u.i.k.p.i.IntermediateProofReplayer Proof replay took 633.58ms 
243793     DEBUG main            d.u.i.k.p.r.p.TestFile    ... success: reloaded. 
2707857    INFO  Test worker     d.u.i.k.p.r.RunAllProofsTestUnit Returning from test SmansEtAl 
2707858    INFO  Test worker     d.u.i.k.p.r.RunAllProofsTestUnit Running test VACID0 
462        INFO  Timeout watchdog d.u.i.k.p.r.p.ForkedTestFileRunner Timeout watcher launched (2000 secs.) 
473        WARN  main            d.u.i.k.s.ProofSettings   The settings in /home/runner/.key/proof-settings.props are *not* read. 
544        INFO  main            d.u.i.k.p.r.p.TestFile    Now processing file /home/runner/work/key/key/key.core/../key.ui/examples/heap/vacid0_01_SparseArray/Harness_sparseArrayTestHarness1.key 
750        INFO  main            d.u.i.k.p.i.AbstractProblemLoader Loading environment from /home/runner/work/key/key/key.core/../key.ui/examples/heap/vacid0_01_SparseArray/Harness_sparseArrayTestHarness1.key 
774        DEBUG main            d.u.i.k.p.i.AbstractProblemLoader Environment load took 2.91ms 
1083       INFO  main            d.u.i.k.p.i.AbstractProblemLoader Creating init config 
2401       DEBUG main            d.u.i.k.j.TypeConverter   No LDT found for Meta 
2402       DEBUG main            d.u.i.k.j.TypeConverter   No LDT found for Meta 
2406       DEBUG main            d.u.i.k.j.TypeConverter   No LDT found for Meta 
2407       DEBUG main            d.u.i.k.j.TypeConverter   No LDT found for Meta 
4043       DEBUG main            d.u.i.k.j.TypeConverter   No LDT found for JavaBigintExpression 
11446      DEBUG main            d.u.i.k.p.i.AbstractProblemLoader Init config took 10.36s 
11687      INFO  main            d.u.i.k.p.i.AbstractProblemLoader Replaying proof Harness[Harness::sparseArrayTestHarness1()].JML normal_behavior operation contract.0 
11732      DEBUG main            d.u.i.k.p.i.IntermediateProofReplayer Proof replay took 32.9ns 
13679      INFO  main            d.u.i.k.p.r.p.TestFile    ... finished proof: closed. 
13878      INFO  main            d.u.i.k.p.i.AbstractProblemLoader Loading environment from /home/runner/work/key/key/key.core/../key.ui/examples/heap/vacid0_01_SparseArray/Harness_sparseArrayTestHarness1.key.proof 
13880      DEBUG main            d.u.i.k.p.i.AbstractProblemLoader Environment load took 1.77ms 
13884      INFO  main            d.u.i.k.p.i.AbstractProblemLoader Creating init config 
17696      DEBUG main            d.u.i.k.p.i.AbstractProblemLoader Init config took 3.81s 
17777      INFO  main            d.u.i.k.p.i.AbstractProblemLoader Replaying proof Harness[Harness::sparseArrayTestHarness1()].JML normal_behavior operation contract.0 
18097      DEBUG main            d.u.i.k.p.i.IntermediateProofReplayer Proof replay took 309.97ms 
18107      DEBUG main            d.u.i.k.p.r.p.TestFile    ... success: reloaded. 
18110      INFO  main            d.u.i.k.p.r.p.TestFile    Now processing file /home/runner/work/key/key/key.core/../key.ui/examples/heap/vacid0_01_SparseArray/Harness_sparseArrayTestHarness2.key 
18111      INFO  main            d.u.i.k.p.i.AbstractProblemLoader Loading environment from /home/runner/work/key/key/key.core/../key.ui/examples/heap/vacid0_01_SparseArray/Harness_sparseArrayTestHarness2.key 
18113      DEBUG main            d.u.i.k.p.i.AbstractProblemLoader Environment load took 1.6ms 
18117      INFO  main            d.u.i.k.p.i.AbstractProblemLoader Creating init config 
21986      DEBUG main            d.u.i.k.p.i.AbstractProblemLoader Init config took 3.87s 
22058      INFO  main            d.u.i.k.p.i.AbstractProblemLoader Replaying proof Harness[Harness::sparseArrayTestHarness2()].JML normal_behavior operation contract.0 
22062      DEBUG main            d.u.i.k.p.i.IntermediateProofReplayer Proof replay took 6ns 
34057      INFO  main            d.u.i.k.p.r.p.TestFile    ... finished proof: closed. 
34342      INFO  main            d.u.i.k.p.i.AbstractProblemLoader Loading environment from /home/runner/work/key/key/key.core/../key.ui/examples/heap/vacid0_01_SparseArray/Harness_sparseArrayTestHarness2.key.proof 
34342      DEBUG main            d.u.i.k.p.i.AbstractProblemLoader Environment load took 683.21ns 
34354      INFO  main            d.u.i.k.p.i.AbstractProblemLoader Creating init config 
37715      DEBUG main            d.u.i.k.p.i.AbstractProblemLoader Init config took 3.36s 
37777      INFO  main            d.u.i.k.p.i.AbstractProblemLoader Replaying proof Harness[Harness::sparseArrayTestHarness2()].JML normal_behavior operation contract.0 
39289      DEBUG main            d.u.i.k.p.i.IntermediateProofReplayer Proof replay took 1.46s 
39293      DEBUG main            d.u.i.k.p.r.p.TestFile    ... success: reloaded. 
39295      INFO  main            d.u.i.k.p.r.p.TestFile    Now processing file /home/runner/work/key/key/key.core/../key.ui/examples/heap/vacid0_01_SparseArray/MemoryAllocator_alloc_unsigned.key 
39295      INFO  main            d.u.i.k.p.i.AbstractProblemLoader Loading environment from /home/runner/work/key/key/key.core/../key.ui/examples/heap/vacid0_01_SparseArray/MemoryAllocator_alloc_unsigned.key 
39296      DEBUG main            d.u.i.k.p.i.AbstractProblemLoader Environment load took 263.2ns 
39299      INFO  main            d.u.i.k.p.i.AbstractProblemLoader Creating init config 
42784      DEBUG main            d.u.i.k.p.i.AbstractProblemLoader Init config took 3.48s 
42860      INFO  main            d.u.i.k.p.i.AbstractProblemLoader Replaying proof MemoryAllocator[MemoryAllocator::alloc_unsigned(int)].JML normal_behavior operation contract.0 
42865      DEBUG main            d.u.i.k.p.i.IntermediateProofReplayer Proof replay took 5.3ns 
44172      INFO  main            d.u.i.k.p.r.p.TestFile    ... finished proof: closed. 
44419      INFO  main            d.u.i.k.p.i.AbstractProblemLoader Loading environment from /home/runner/work/key/key/key.core/../key.ui/examples/heap/vacid0_01_SparseArray/MemoryAllocator_alloc_unsigned.key.proof 
44420      DEBUG main            d.u.i.k.p.i.AbstractProblemLoader Environment load took 552.41ns 
44421      INFO  main            d.u.i.k.p.i.AbstractProblemLoader Creating init config 
48053      DEBUG main            d.u.i.k.p.i.AbstractProblemLoader Init config took 3.63s 
48115      INFO  main            d.u.i.k.p.i.AbstractProblemLoader Replaying proof MemoryAllocator[MemoryAllocator::alloc_unsigned(int)].JML normal_behavior operation contract.0 
48443      DEBUG main            d.u.i.k.p.i.IntermediateProofReplayer Proof replay took 319.68ms 
48445      DEBUG main            d.u.i.k.p.r.p.TestFile    ... success: reloaded. 
48447      INFO  main            d.u.i.k.p.r.p.TestFile    Now processing file /home/runner/work/key/key/key.core/../key.ui/examples/heap/vacid0_01_SparseArray/MemoryAllocator_alloc.key 
48448      INFO  main            d.u.i.k.p.i.AbstractProblemLoader Loading environment from /home/runner/work/key/key/key.core/../key.ui/examples/heap/vacid0_01_SparseArray/MemoryAllocator_alloc.key 
48448      DEBUG main            d.u.i.k.p.i.AbstractProblemLoader Environment load took 275.1ns 
48449      INFO  main            d.u.i.k.p.i.AbstractProblemLoader Creating init config 
52069      DEBUG main            d.u.i.k.p.i.AbstractProblemLoader Init config took 3.62s 
52126      INFO  main            d.u.i.k.p.i.AbstractProblemLoader Replaying proof MemoryAllocator[MemoryAllocator::alloc(int)].JML normal_behavior operation contract.0 
52129      DEBUG main            d.u.i.k.p.i.IntermediateProofReplayer Proof replay took 6.5ns 
52835      INFO  main            d.u.i.k.p.r.p.TestFile    ... finished proof: closed. 
53068      INFO  main            d.u.i.k.p.i.AbstractProblemLoader Loading environment from /home/runner/work/key/key/key.core/../key.ui/examples/heap/vacid0_01_SparseArray/MemoryAllocator_alloc.key.proof 
53069      DEBUG main            d.u.i.k.p.i.AbstractProblemLoader Environment load took 502.69ns 
53070      INFO  main            d.u.i.k.p.i.AbstractProblemLoader Creating init config 
56536      DEBUG main            d.u.i.k.p.i.AbstractProblemLoader Init config took 3.47s 
56592      INFO  main            d.u.i.k.p.i.AbstractProblemLoader Replaying proof MemoryAllocator[MemoryAllocator::alloc(int)].JML normal_behavior operation contract.0 
56788      DEBUG main            d.u.i.k.p.i.IntermediateProofReplayer Proof replay took 189.75ms 
56789      DEBUG main            d.u.i.k.p.r.p.TestFile    ... success: reloaded. 
56791      INFO  main            d.u.i.k.p.r.p.TestFile    Now processing file /home/runner/work/key/key/key.core/../key.ui/examples/heap/vacid0_01_SparseArray/SparseArray_get_dep.key 
56792      INFO  main            d.u.i.k.p.i.AbstractProblemLoader Loading environment from /home/runner/work/key/key/key.core/../key.ui/examples/heap/vacid0_01_SparseArray/SparseArray_get_dep.key 
56792      DEBUG main            d.u.i.k.p.i.AbstractProblemLoader Environment load took 267.2ns 
56793      INFO  main            d.u.i.k.p.i.AbstractProblemLoader Creating init config 
60317      DEBUG main            d.u.i.k.p.i.AbstractProblemLoader Init config took 3.52s 
60400      INFO  main            d.u.i.k.p.i.AbstractProblemLoader Replaying proof SparseArray[SparseArray::get(int)].JML accessible clause.0 
60407      DEBUG main            d.u.i.k.p.i.IntermediateProofReplayer Proof replay took 8.5ns 
64595      INFO  main            d.u.i.k.p.r.p.TestFile    ... finished proof: closed. 
64849      INFO  main            d.u.i.k.p.i.AbstractProblemLoader Loading environment from /home/runner/work/key/key/key.core/../key.ui/examples/heap/vacid0_01_SparseArray/SparseArray_get_dep.key.proof 
64854      DEBUG main            d.u.i.k.p.i.AbstractProblemLoader Environment load took 4.88ms 
64856      INFO  main            d.u.i.k.p.i.AbstractProblemLoader Creating init config 
68205      DEBUG main            d.u.i.k.p.i.AbstractProblemLoader Init config took 3.35s 
68277      INFO  main            d.u.i.k.p.i.AbstractProblemLoader Replaying proof SparseArray[SparseArray::get(int)].JML accessible clause.0 
68795      DEBUG main            d.u.i.k.p.i.IntermediateProofReplayer Proof replay took 501.92ms 
68797      DEBUG main            d.u.i.k.p.r.p.TestFile    ... success: reloaded. 
68798      INFO  main            d.u.i.k.p.r.p.TestFile    Now processing file /home/runner/work/key/key/key.core/../key.ui/examples/heap/vacid0_01_SparseArray/SparseArray_get.key 
68799      INFO  main            d.u.i.k.p.i.AbstractProblemLoader Loading environment from /home/runner/work/key/key/key.core/../key.ui/examples/heap/vacid0_01_SparseArray/SparseArray_get.key 
68799      DEBUG main            d.u.i.k.p.i.AbstractProblemLoader Environment load took 323.21ns 
68800      INFO  main            d.u.i.k.p.i.AbstractProblemLoader Creating init config 
71989      DEBUG main            d.u.i.k.p.i.AbstractProblemLoader Init config took 3.19s 
72052      INFO  main            d.u.i.k.p.i.AbstractProblemLoader Replaying proof SparseArray[SparseArray::get(int)].JML normal_behavior operation contract.0 
72054      DEBUG main            d.u.i.k.p.i.IntermediateProofReplayer Proof replay took 5.9ns 
74768      INFO  main            d.u.i.k.p.r.p.TestFile    ... finished proof: closed. 
75006      INFO  main            d.u.i.k.p.i.AbstractProblemLoader Loading environment from /home/runner/work/key/key/key.core/../key.ui/examples/heap/vacid0_01_SparseArray/SparseArray_get.key.proof 
75007      DEBUG main            d.u.i.k.p.i.AbstractProblemLoader Environment load took 590.51ns 
75009      INFO  main            d.u.i.k.p.i.AbstractProblemLoader Creating init config 
78154      DEBUG main            d.u.i.k.p.i.AbstractProblemLoader Init config took 3.15s 
78215      INFO  main            d.u.i.k.p.i.AbstractProblemLoader Replaying proof SparseArray[SparseArray::get(int)].JML normal_behavior operation contract.0 
78577      DEBUG main            d.u.i.k.p.i.IntermediateProofReplayer Proof replay took 350.82ms 
78578      DEBUG main            d.u.i.k.p.r.p.TestFile    ... success: reloaded. 
78580      INFO  main            d.u.i.k.p.r.p.TestFile    Now processing file /home/runner/work/key/key/key.core/../key.ui/examples/heap/vacid0_01_SparseArray/SparseArray_inv.key 
78580      INFO  main            d.u.i.k.p.i.AbstractProblemLoader Loading environment from /home/runner/work/key/key/key.core/../key.ui/examples/heap/vacid0_01_SparseArray/SparseArray_inv.key 
78580      DEBUG main            d.u.i.k.p.i.AbstractProblemLoader Environment load took 262.3ns 
78581      INFO  main            d.u.i.k.p.i.AbstractProblemLoader Creating init config 
81826      DEBUG main            d.u.i.k.p.i.AbstractProblemLoader Init config took 3.24s 
81889      INFO  main            d.u.i.k.p.i.AbstractProblemLoader Replaying proof SparseArray[java.lang.Object::<inv>()].JML accessible clause.0 
81891      DEBUG main            d.u.i.k.p.i.IntermediateProofReplayer Proof replay took 6.1ns 
84125      INFO  main            d.u.i.k.p.r.p.TestFile    ... finished proof: closed. 
84381      INFO  main            d.u.i.k.p.i.AbstractProblemLoader Loading environment from /home/runner/work/key/key/key.core/../key.ui/examples/heap/vacid0_01_SparseArray/SparseArray_inv.key.proof 
84381      DEBUG main            d.u.i.k.p.i.AbstractProblemLoader Environment load took 532.81ns 
84382      INFO  main            d.u.i.k.p.i.AbstractProblemLoader Creating init config 
87878      DEBUG main            d.u.i.k.p.i.AbstractProblemLoader Init config took 3.5s 
87939      INFO  main            d.u.i.k.p.i.AbstractProblemLoader Replaying proof SparseArray[java.lang.Object::<inv>()].JML accessible clause.0 
88113      DEBUG main            d.u.i.k.p.i.IntermediateProofReplayer Proof replay took 168.25ms 
88115      DEBUG main            d.u.i.k.p.r.p.TestFile    ... success: reloaded. 
88116      INFO  main            d.u.i.k.p.r.p.TestFile    Now processing file /home/runner/work/key/key/key.core/../key.ui/examples/heap/vacid0_01_SparseArray/SparseArray_SparseArray.key 
88116      INFO  main            d.u.i.k.p.i.AbstractProblemLoader Loading environment from /home/runner/work/key/key/key.core/../key.ui/examples/heap/vacid0_01_SparseArray/SparseArray_SparseArray.key 
88116      DEBUG main            d.u.i.k.p.i.AbstractProblemLoader Environment load took 123.8ns 
88117      INFO  main            d.u.i.k.p.i.AbstractProblemLoader Creating init config 
91324      DEBUG main            d.u.i.k.p.i.AbstractProblemLoader Init config took 3.21s 
91419      INFO  main            d.u.i.k.p.i.AbstractProblemLoader Replaying proof SparseArray[SparseArray::SparseArray(int)].JML normal_behavior operation contract.0 
91421      DEBUG main            d.u.i.k.p.i.IntermediateProofReplayer Proof replay took 6.7ns 
95876      INFO  main            d.u.i.k.p.r.p.TestFile    ... finished proof: closed. 
96150      INFO  main            d.u.i.k.p.i.AbstractProblemLoader Loading environment from /home/runner/work/key/key/key.core/../key.ui/examples/heap/vacid0_01_SparseArray/SparseArray_SparseArray.key.proof 
96150      DEBUG main            d.u.i.k.p.i.AbstractProblemLoader Environment load took 546.41ns 
96152      INFO  main            d.u.i.k.p.i.AbstractProblemLoader Creating init config 
99761      DEBUG main            d.u.i.k.p.i.AbstractProblemLoader Init config took 3.61s 
99842      INFO  main            d.u.i.k.p.i.AbstractProblemLoader Replaying proof SparseArray[SparseArray::SparseArray(int)].JML normal_behavior operation contract.0 
100632     DEBUG main            d.u.i.k.p.i.IntermediateProofReplayer Proof replay took 778.69ms 
100634     DEBUG main            d.u.i.k.p.r.p.TestFile    ... success: reloaded. 
2808704    INFO  Test worker     d.u.i.k.p.r.RunAllProofsTestUnit Returning from test VACID0 
2808705    INFO  Test worker     d.u.i.k.p.r.RunAllProofsTestUnit Running test VSTTE10 
434        INFO  Timeout watchdog d.u.i.k.p.r.p.ForkedTestFileRunner Timeout watcher launched (2000 secs.) 
462        WARN  main            d.u.i.k.s.ProofSettings   The settings in /home/runner/.key/proof-settings.props are *not* read. 
507        INFO  main            d.u.i.k.p.r.p.TestFile    Now processing file /home/runner/work/key/key/key.core/../key.ui/examples/heap/vstte10_01_SumAndMax/SumAndMax_sumAndMax.key 
644        INFO  main            d.u.i.k.p.i.AbstractProblemLoader Loading environment from /home/runner/work/key/key/key.core/../key.ui/examples/heap/vstte10_01_SumAndMax/SumAndMax_sumAndMax.key 
665        DEBUG main            d.u.i.k.p.i.AbstractProblemLoader Environment load took 2.74ms 
1011       INFO  main            d.u.i.k.p.i.AbstractProblemLoader Creating init config 
2323       DEBUG main            d.u.i.k.j.TypeConverter   No LDT found for Meta 
2324       DEBUG main            d.u.i.k.j.TypeConverter   No LDT found for Meta 
2329       DEBUG main            d.u.i.k.j.TypeConverter   No LDT found for Meta 
2330       DEBUG main            d.u.i.k.j.TypeConverter   No LDT found for Meta 
3961       DEBUG main            d.u.i.k.j.TypeConverter   No LDT found for JavaBigintExpression 
10466      DEBUG main            d.u.i.k.p.i.AbstractProblemLoader Init config took 9.45s 
10651      INFO  main            d.u.i.k.p.i.AbstractProblemLoader Replaying proof SumAndMax[SumAndMax::sumAndMax([I)].JML normal_behavior operation contract.0 
10702      DEBUG main            d.u.i.k.p.i.IntermediateProofReplayer Proof replay took 36.9ns 
17873      INFO  main            d.u.i.k.p.r.p.TestFile    ... finished proof: closed. 
18093      INFO  main            d.u.i.k.p.i.AbstractProblemLoader Loading environment from /home/runner/work/key/key/key.core/../key.ui/examples/heap/vstte10_01_SumAndMax/SumAndMax_sumAndMax.key.proof 
18094      DEBUG main            d.u.i.k.p.i.AbstractProblemLoader Environment load took 583.91ns 
18097      INFO  main            d.u.i.k.p.i.AbstractProblemLoader Creating init config 
22036      DEBUG main            d.u.i.k.p.i.AbstractProblemLoader Init config took 3.94s 
22123      INFO  main            d.u.i.k.p.i.AbstractProblemLoader Replaying proof SumAndMax[SumAndMax::sumAndMax([I)].JML normal_behavior operation contract.0 
23086      DEBUG main            d.u.i.k.p.i.IntermediateProofReplayer Proof replay took 923.78ms 
23096      DEBUG main            d.u.i.k.p.r.p.TestFile    ... success: reloaded. 
23102      INFO  main            d.u.i.k.p.r.p.TestFile    Now processing file /home/runner/work/key/key/key.core/../key.ui/examples/heap/vstte10_03_LinkedList/Node_cons.key 
23103      INFO  main            d.u.i.k.p.i.AbstractProblemLoader Loading environment from /home/runner/work/key/key/key.core/../key.ui/examples/heap/vstte10_03_LinkedList/Node_cons.key 
23103      DEBUG main            d.u.i.k.p.i.AbstractProblemLoader Environment load took 277.8ns 
23105      INFO  main            d.u.i.k.p.i.AbstractProblemLoader Creating init config 
26910      DEBUG main            d.u.i.k.p.i.AbstractProblemLoader Init config took 3.81s 
26986      INFO  main            d.u.i.k.p.i.AbstractProblemLoader Replaying proof Node[Node::cons(int,Node)].JML normal_behavior operation contract.0 
26989      DEBUG main            d.u.i.k.p.i.IntermediateProofReplayer Proof replay took 7.2ns 
29107      INFO  main            d.u.i.k.p.r.p.TestFile    ... finished proof: closed. 
29375      INFO  main            d.u.i.k.p.i.AbstractProblemLoader Loading environment from /home/runner/work/key/key/key.core/../key.ui/examples/heap/vstte10_03_LinkedList/Node_cons.key.proof 
29375      DEBUG main            d.u.i.k.p.i.AbstractProblemLoader Environment load took 288.8ns 
29378      INFO  main            d.u.i.k.p.i.AbstractProblemLoader Creating init config 
32604      DEBUG main            d.u.i.k.p.i.AbstractProblemLoader Init config took 3.23s 
32676      INFO  main            d.u.i.k.p.i.AbstractProblemLoader Replaying proof Node[Node::cons(int,Node)].JML normal_behavior operation contract.0 
33114      DEBUG main            d.u.i.k.p.i.IntermediateProofReplayer Proof replay took 420.41ms 
33117      DEBUG main            d.u.i.k.p.r.p.TestFile    ... success: reloaded. 
33120      INFO  main            d.u.i.k.p.r.p.TestFile    Now processing file /home/runner/work/key/key/key.core/../key.ui/examples/heap/vstte10_03_LinkedList/Node_inv.key 
33121      INFO  main            d.u.i.k.p.i.AbstractProblemLoader Loading environment from /home/runner/work/key/key/key.core/../key.ui/examples/heap/vstte10_03_LinkedList/Node_inv.key 
33121      DEBUG main            d.u.i.k.p.i.AbstractProblemLoader Environment load took 251.7ns 
33124      INFO  main            d.u.i.k.p.i.AbstractProblemLoader Creating init config 
36402      DEBUG main            d.u.i.k.p.i.AbstractProblemLoader Init config took 3.28s 
36473      INFO  main            d.u.i.k.p.i.AbstractProblemLoader Replaying proof Node[java.lang.Object::<inv>()].JML accessible clause.0 
36475      DEBUG main            d.u.i.k.p.i.IntermediateProofReplayer Proof replay took 6.4ns 
36880      INFO  main            d.u.i.k.p.r.p.TestFile    ... finished proof: closed. 
37069      INFO  main            d.u.i.k.p.i.AbstractProblemLoader Loading environment from /home/runner/work/key/key/key.core/../key.ui/examples/heap/vstte10_03_LinkedList/Node_inv.key.proof 
37070      DEBUG main            d.u.i.k.p.i.AbstractProblemLoader Environment load took 549.41ns 
37072      INFO  main            d.u.i.k.p.i.AbstractProblemLoader Creating init config 
40240      DEBUG main            d.u.i.k.p.i.AbstractProblemLoader Init config took 3.17s 
40306      INFO  main            d.u.i.k.p.i.AbstractProblemLoader Replaying proof Node[java.lang.Object::<inv>()].JML accessible clause.0 
40369      DEBUG main            d.u.i.k.p.i.IntermediateProofReplayer Proof replay took 57.86ms 
40371      DEBUG main            d.u.i.k.p.r.p.TestFile    ... success: reloaded. 
40372      INFO  main            d.u.i.k.p.r.p.TestFile    Now processing file /home/runner/work/key/key/key.core/../key.ui/examples/heap/vstte10_03_LinkedList/Node_search.key 
40373      INFO  main            d.u.i.k.p.i.AbstractProblemLoader Loading environment from /home/runner/work/key/key/key.core/../key.ui/examples/heap/vstte10_03_LinkedList/Node_search.key 
40373      DEBUG main            d.u.i.k.p.i.AbstractProblemLoader Environment load took 96.3ns 
40374      INFO  main            d.u.i.k.p.i.AbstractProblemLoader Creating init config 
43393      DEBUG main            d.u.i.k.p.i.AbstractProblemLoader Init config took 3.02s 
43457      INFO  main            d.u.i.k.p.i.AbstractProblemLoader Replaying proof Node[Node::search()].JML normal_behavior operation contract.0 
43459      DEBUG main            d.u.i.k.p.i.IntermediateProofReplayer Proof replay took 5.5ns 
51543      INFO  main            d.u.i.k.p.r.p.TestFile    ... finished proof: closed. 
51789      INFO  main            d.u.i.k.p.i.AbstractProblemLoader Loading environment from /home/runner/work/key/key/key.core/../key.ui/examples/heap/vstte10_03_LinkedList/Node_search.key.proof 
51789      DEBUG main            d.u.i.k.p.i.AbstractProblemLoader Environment load took 359.1ns 
51792      INFO  main            d.u.i.k.p.i.AbstractProblemLoader Creating init config 
54786      DEBUG main            d.u.i.k.p.i.AbstractProblemLoader Init config took 2.99s 
54846      INFO  main            d.u.i.k.p.i.AbstractProblemLoader Replaying proof Node[Node::search()].JML normal_behavior operation contract.0 
55806      DEBUG main            d.u.i.k.p.i.IntermediateProofReplayer Proof replay took 897.68ms 
55809      DEBUG main            d.u.i.k.p.r.p.TestFile    ... success: reloaded. 
55811      INFO  main            d.u.i.k.p.r.p.TestFile    Now processing file /home/runner/work/key/key/key.core/../key.ui/examples/heap/vstte10_04_Queens/Queens_isConsistent.key 
55812      INFO  main            d.u.i.k.p.i.AbstractProblemLoader Loading environment from /home/runner/work/key/key/key.core/../key.ui/examples/heap/vstte10_04_Queens/Queens_isConsistent.key 
55812      DEBUG main            d.u.i.k.p.i.AbstractProblemLoader Environment load took 298ns 
55813      INFO  main            d.u.i.k.p.i.AbstractProblemLoader Creating init config 
59435      DEBUG main            d.u.i.k.p.i.AbstractProblemLoader Init config took 3.62s 
59487      INFO  main            d.u.i.k.p.i.AbstractProblemLoader Replaying proof Queens[Queens::isConsistent([I,int)].JML normal_behavior operation contract.0 
59489      DEBUG main            d.u.i.k.p.i.IntermediateProofReplayer Proof replay took 6ns 
61752      INFO  main            d.u.i.k.p.r.p.TestFile    ... finished proof: closed. 
62003      INFO  main            d.u.i.k.p.i.AbstractProblemLoader Loading environment from /home/runner/work/key/key/key.core/../key.ui/examples/heap/vstte10_04_Queens/Queens_isConsistent.key.proof 
62003      DEBUG main            d.u.i.k.p.i.AbstractProblemLoader Environment load took 579.21ns 
62005      INFO  main            d.u.i.k.p.i.AbstractProblemLoader Creating init config 
65074      DEBUG main            d.u.i.k.p.i.AbstractProblemLoader Init config took 3.07s 
65125      INFO  main            d.u.i.k.p.i.AbstractProblemLoader Replaying proof Queens[Queens::isConsistent([I,int)].JML normal_behavior operation contract.0 
65693      DEBUG main            d.u.i.k.p.i.IntermediateProofReplayer Proof replay took 554.43ms 
65694      DEBUG main            d.u.i.k.p.r.p.TestFile    ... success: reloaded. 
65696      INFO  main            d.u.i.k.p.r.p.TestFile    Now processing file /home/runner/work/key/key/key.core/../key.ui/examples/heap/vstte10_04_Queens/Queens_nQueens.key 
65697      INFO  main            d.u.i.k.p.i.AbstractProblemLoader Loading environment from /home/runner/work/key/key/key.core/../key.ui/examples/heap/vstte10_04_Queens/Queens_nQueens.key 
65697      DEBUG main            d.u.i.k.p.i.AbstractProblemLoader Environment load took 269.5ns 
65698      INFO  main            d.u.i.k.p.i.AbstractProblemLoader Creating init config 
69028      DEBUG main            d.u.i.k.p.i.AbstractProblemLoader Init config took 3.33s 
69079      INFO  main            d.u.i.k.p.i.AbstractProblemLoader Replaying proof Queens[Queens::nQueens(int)].JML normal_behavior operation contract.0 
69084      DEBUG main            d.u.i.k.p.i.IntermediateProofReplayer Proof replay took 6.1ns 
84745      INFO  main            d.u.i.k.p.r.p.TestFile    ... finished proof: closed. 
85033      INFO  main            d.u.i.k.p.i.AbstractProblemLoader Loading environment from /home/runner/work/key/key/key.core/../key.ui/examples/heap/vstte10_04_Queens/Queens_nQueens.key.proof 
85033      DEBUG main            d.u.i.k.p.i.AbstractProblemLoader Environment load took 499.81ns 
85035      INFO  main            d.u.i.k.p.i.AbstractProblemLoader Creating init config 
88132      DEBUG main            d.u.i.k.p.i.AbstractProblemLoader Init config took 3.1s 
88200      INFO  main            d.u.i.k.p.i.AbstractProblemLoader Replaying proof Queens[Queens::nQueens(int)].JML normal_behavior operation contract.0 
89561      DEBUG main            d.u.i.k.p.i.IntermediateProofReplayer Proof replay took 1.34s 
89563      DEBUG main            d.u.i.k.p.r.p.TestFile    ... success: reloaded. 
89565      INFO  main            d.u.i.k.p.r.p.TestFile    Now processing file /home/runner/work/key/key/key.core/../key.ui/examples/heap/vstte10_05_Queue/AmortizedQueue_AmortizedQueue.key 
89565      INFO  main            d.u.i.k.p.i.AbstractProblemLoader Loading environment from /home/runner/work/key/key/key.core/../key.ui/examples/heap/vstte10_05_Queue/AmortizedQueue_AmortizedQueue.key 
89565      DEBUG main            d.u.i.k.p.i.AbstractProblemLoader Environment load took 143.1ns 
89566      INFO  main            d.u.i.k.p.i.AbstractProblemLoader Creating init config 
92902      DEBUG main            d.u.i.k.p.i.AbstractProblemLoader Init config took 3.34s 
92963      INFO  main            d.u.i.k.p.i.AbstractProblemLoader Replaying proof AmortizedQueue[AmortizedQueue::AmortizedQueue()].JML normal_behavior operation contract.0 
92965      DEBUG main            d.u.i.k.p.i.IntermediateProofReplayer Proof replay took 5.7ns 
94672      INFO  main            d.u.i.k.p.r.p.TestFile    ... finished proof: closed. 
94933      INFO  main            d.u.i.k.p.i.AbstractProblemLoader Loading environment from /home/runner/work/key/key/key.core/../key.ui/examples/heap/vstte10_05_Queue/AmortizedQueue_AmortizedQueue.key.proof 
94935      DEBUG main            d.u.i.k.p.i.AbstractProblemLoader Environment load took 1.84ms 
94936      INFO  main            d.u.i.k.p.i.AbstractProblemLoader Creating init config 
97989      DEBUG main            d.u.i.k.p.i.AbstractProblemLoader Init config took 3.05s 
98049      INFO  main            d.u.i.k.p.i.AbstractProblemLoader Replaying proof AmortizedQueue[AmortizedQueue::AmortizedQueue()].JML normal_behavior operation contract.0 
98390      DEBUG main            d.u.i.k.p.i.IntermediateProofReplayer Proof replay took 330.71ms 
98391      DEBUG main            d.u.i.k.p.r.p.TestFile    ... success: reloaded. 
98393      INFO  main            d.u.i.k.p.r.p.TestFile    Now processing file /home/runner/work/key/key/key.core/../key.ui/examples/heap/vstte10_05_Queue/AmortizedQueue_front.key 
98393      INFO  main            d.u.i.k.p.i.AbstractProblemLoader Loading environment from /home/runner/work/key/key/key.core/../key.ui/examples/heap/vstte10_05_Queue/AmortizedQueue_front.key 
98394      DEBUG main            d.u.i.k.p.i.AbstractProblemLoader Environment load took 236.9ns 
98395      INFO  main            d.u.i.k.p.i.AbstractProblemLoader Creating init config 
101830     DEBUG main            d.u.i.k.p.i.AbstractProblemLoader Init config took 3.44s 
101889     INFO  main            d.u.i.k.p.i.AbstractProblemLoader Replaying proof AmortizedQueue[AmortizedQueue::front()].JML normal_behavior operation contract.0 
101895     DEBUG main            d.u.i.k.p.i.IntermediateProofReplayer Proof replay took 6.9ns 
102501     INFO  main            d.u.i.k.p.r.p.TestFile    ... finished proof: closed. 
102760     INFO  main            d.u.i.k.p.i.AbstractProblemLoader Loading environment from /home/runner/work/key/key/key.core/../key.ui/examples/heap/vstte10_05_Queue/AmortizedQueue_front.key.proof 
102760     DEBUG main            d.u.i.k.p.i.AbstractProblemLoader Environment load took 190.8ns 
102762     INFO  main            d.u.i.k.p.i.AbstractProblemLoader Creating init config 
105846     DEBUG main            d.u.i.k.p.i.AbstractProblemLoader Init config took 3.08s 
105916     INFO  main            d.u.i.k.p.i.AbstractProblemLoader Replaying proof AmortizedQueue[AmortizedQueue::front()].JML normal_behavior operation contract.0 
106001     DEBUG main            d.u.i.k.p.i.IntermediateProofReplayer Proof replay took 77.06ms 
106003     DEBUG main            d.u.i.k.p.r.p.TestFile    ... success: reloaded. 
106004     INFO  main            d.u.i.k.p.r.p.TestFile    Now processing file /home/runner/work/key/key/key.core/../key.ui/examples/heap/vstte10_05_Queue/LinkedList_concat.key 
106005     INFO  main            d.u.i.k.p.i.AbstractProblemLoader Loading environment from /home/runner/work/key/key/key.core/../key.ui/examples/heap/vstte10_05_Queue/LinkedList_concat.key 
106005     DEBUG main            d.u.i.k.p.i.AbstractProblemLoader Environment load took 97ns 
106006     INFO  main            d.u.i.k.p.i.AbstractProblemLoader Creating init config 
109128     DEBUG main            d.u.i.k.p.i.AbstractProblemLoader Init config took 3.12s 
109184     INFO  main            d.u.i.k.p.i.AbstractProblemLoader Replaying proof LinkedList[LinkedList::concat(LinkedList)].JML normal_behavior operation contract.0 
109186     DEBUG main            d.u.i.k.p.i.IntermediateProofReplayer Proof replay took 6.8ns 
120303     INFO  main            d.u.i.k.p.r.p.TestFile    ... finished proof: closed. 
120656     INFO  main            d.u.i.k.p.i.AbstractProblemLoader Loading environment from /home/runner/work/key/key/key.core/../key.ui/examples/heap/vstte10_05_Queue/LinkedList_concat.key.proof 
120656     DEBUG main            d.u.i.k.p.i.AbstractProblemLoader Environment load took 595.81ns 
120659     INFO  main            d.u.i.k.p.i.AbstractProblemLoader Creating init config 
123708     DEBUG main            d.u.i.k.p.i.AbstractProblemLoader Init config took 3.05s 
123771     INFO  main            d.u.i.k.p.i.AbstractProblemLoader Replaying proof LinkedList[LinkedList::concat(LinkedList)].JML normal_behavior operation contract.0 
124825     DEBUG main            d.u.i.k.p.i.IntermediateProofReplayer Proof replay took 1.02s 
124829     DEBUG main            d.u.i.k.p.r.p.TestFile    ... success: reloaded. 
124830     INFO  main            d.u.i.k.p.r.p.TestFile    Now processing file /home/runner/work/key/key/key.core/../key.ui/examples/heap/vstte10_05_Queue/LinkedList_cons.key 
124831     INFO  main            d.u.i.k.p.i.AbstractProblemLoader Loading environment from /home/runner/work/key/key/key.core/../key.ui/examples/heap/vstte10_05_Queue/LinkedList_cons.key 
124831     DEBUG main            d.u.i.k.p.i.AbstractProblemLoader Environment load took 132.2ns 
124832     INFO  main            d.u.i.k.p.i.AbstractProblemLoader Creating init config 
127937     DEBUG main            d.u.i.k.p.i.AbstractProblemLoader Init config took 3.1s 
127990     INFO  main            d.u.i.k.p.i.AbstractProblemLoader Replaying proof LinkedList[LinkedList::cons(int)].JML normal_behavior operation contract.0 
127992     DEBUG main            d.u.i.k.p.i.IntermediateProofReplayer Proof replay took 7.6ns 
130903     INFO  main            d.u.i.k.p.r.p.TestFile    ... finished proof: closed. 
131223     INFO  main            d.u.i.k.p.i.AbstractProblemLoader Loading environment from /home/runner/work/key/key/key.core/../key.ui/examples/heap/vstte10_05_Queue/LinkedList_cons.key.proof 
131223     DEBUG main            d.u.i.k.p.i.AbstractProblemLoader Environment load took 499.91ns 
131225     INFO  main            d.u.i.k.p.i.AbstractProblemLoader Creating init config 
134267     DEBUG main            d.u.i.k.p.i.AbstractProblemLoader Init config took 3.04s 
134325     INFO  main            d.u.i.k.p.i.AbstractProblemLoader Replaying proof LinkedList[LinkedList::cons(int)].JML normal_behavior operation contract.0 
134707     DEBUG main            d.u.i.k.p.i.IntermediateProofReplayer Proof replay took 370.99ms 
134709     DEBUG main            d.u.i.k.p.r.p.TestFile    ... success: reloaded. 
134710     INFO  main            d.u.i.k.p.r.p.TestFile    Now processing file /home/runner/work/key/key/key.core/../key.ui/examples/heap/vstte10_05_Queue/LinkedList_head.key 
134711     INFO  main            d.u.i.k.p.i.AbstractProblemLoader Loading environment from /home/runner/work/key/key/key.core/../key.ui/examples/heap/vstte10_05_Queue/LinkedList_head.key 
134711     DEBUG main            d.u.i.k.p.i.AbstractProblemLoader Environment load took 285.8ns 
134713     INFO  main            d.u.i.k.p.i.AbstractProblemLoader Creating init config 
137718     DEBUG main            d.u.i.k.p.i.AbstractProblemLoader Init config took 3s 
137792     INFO  main            d.u.i.k.p.i.AbstractProblemLoader Replaying proof LinkedList[LinkedList::head()].JML normal_behavior operation contract.0 
137794     DEBUG main            d.u.i.k.p.i.IntermediateProofReplayer Proof replay took 6.6ns 
137899     INFO  main            d.u.i.k.p.r.p.TestFile    ... finished proof: closed. 
138140     INFO  main            d.u.i.k.p.i.AbstractProblemLoader Loading environment from /home/runner/work/key/key/key.core/../key.ui/examples/heap/vstte10_05_Queue/LinkedList_head.key.proof 
138140     DEBUG main            d.u.i.k.p.i.AbstractProblemLoader Environment load took 132.7ns 
138141     INFO  main            d.u.i.k.p.i.AbstractProblemLoader Creating init config 
141261     DEBUG main            d.u.i.k.p.i.AbstractProblemLoader Init config took 3.12s 
141309     INFO  main            d.u.i.k.p.i.AbstractProblemLoader Replaying proof LinkedList[LinkedList::head()].JML normal_behavior operation contract.0 
141332     DEBUG main            d.u.i.k.p.i.IntermediateProofReplayer Proof replay took 20.25ms 
141333     DEBUG main            d.u.i.k.p.r.p.TestFile    ... success: reloaded. 
141334     INFO  main            d.u.i.k.p.r.p.TestFile    Now processing file /home/runner/work/key/key/key.core/../key.ui/examples/heap/vstte10_05_Queue/LinkedList_inv.key 
141335     INFO  main            d.u.i.k.p.i.AbstractProblemLoader Loading environment from /home/runner/work/key/key/key.core/../key.ui/examples/heap/vstte10_05_Queue/LinkedList_inv.key 
141335     DEBUG main            d.u.i.k.p.i.AbstractProblemLoader Environment load took 139.5ns 
141336     INFO  main            d.u.i.k.p.i.AbstractProblemLoader Creating init config 
144557     DEBUG main            d.u.i.k.p.i.AbstractProblemLoader Init config took 3.22s 
144604     INFO  main            d.u.i.k.p.i.AbstractProblemLoader Replaying proof LinkedList[java.lang.Object::<inv>()].JML accessible clause.0 
144607     DEBUG main            d.u.i.k.p.i.IntermediateProofReplayer Proof replay took 7.6ns 
145015     INFO  main            d.u.i.k.p.r.p.TestFile    ... finished proof: closed. 
145270     INFO  main            d.u.i.k.p.i.AbstractProblemLoader Loading environment from /home/runner/work/key/key/key.core/../key.ui/examples/heap/vstte10_05_Queue/LinkedList_inv.key.proof 
145271     DEBUG main            d.u.i.k.p.i.AbstractProblemLoader Environment load took 149.5ns 
145272     INFO  main            d.u.i.k.p.i.AbstractProblemLoader Creating init config 
148330     DEBUG main            d.u.i.k.p.i.AbstractProblemLoader Init config took 3.06s 
148395     INFO  main            d.u.i.k.p.i.AbstractProblemLoader Replaying proof LinkedList[java.lang.Object::<inv>()].JML accessible clause.0 
148434     DEBUG main            d.u.i.k.p.i.IntermediateProofReplayer Proof replay took 35.61ms 
148435     DEBUG main            d.u.i.k.p.r.p.TestFile    ... success: reloaded. 
148437     INFO  main            d.u.i.k.p.r.p.TestFile    Now processing file /home/runner/work/key/key/key.core/../key.ui/examples/heap/vstte10_05_Queue/LinkedList_length.key 
148437     INFO  main            d.u.i.k.p.i.AbstractProblemLoader Loading environment from /home/runner/work/key/key/key.core/../key.ui/examples/heap/vstte10_05_Queue/LinkedList_length.key 
148437     DEBUG main            d.u.i.k.p.i.AbstractProblemLoader Environment load took 151.2ns 
148438     INFO  main            d.u.i.k.p.i.AbstractProblemLoader Creating init config 
151628     DEBUG main            d.u.i.k.p.i.AbstractProblemLoader Init config took 3.19s 
151679     INFO  main            d.u.i.k.p.i.AbstractProblemLoader Replaying proof LinkedList[LinkedList::length()].JML normal_behavior operation contract.0 
151681     DEBUG main            d.u.i.k.p.i.IntermediateProofReplayer Proof replay took 6.3ns 
151885     INFO  main            d.u.i.k.p.r.p.TestFile    ... finished proof: closed. 
152167     INFO  main            d.u.i.k.p.i.AbstractProblemLoader Loading environment from /home/runner/work/key/key/key.core/../key.ui/examples/heap/vstte10_05_Queue/LinkedList_length.key.proof 
152167     DEBUG main            d.u.i.k.p.i.AbstractProblemLoader Environment load took 164ns 
152169     INFO  main            d.u.i.k.p.i.AbstractProblemLoader Creating init config 
155355     DEBUG main            d.u.i.k.p.i.AbstractProblemLoader Init config took 3.19s 
155409     INFO  main            d.u.i.k.p.i.AbstractProblemLoader Replaying proof LinkedList[LinkedList::length()].JML normal_behavior operation contract.0 
155429     DEBUG main            d.u.i.k.p.i.IntermediateProofReplayer Proof replay took 17.35ms 
155430     DEBUG main            d.u.i.k.p.r.p.TestFile    ... success: reloaded. 
155431     INFO  main            d.u.i.k.p.r.p.TestFile    Now processing file /home/runner/work/key/key/key.core/../key.ui/examples/heap/vstte10_05_Queue/LinkedList_LinkedList1.key 
155431     INFO  main            d.u.i.k.p.i.AbstractProblemLoader Loading environment from /home/runner/work/key/key/key.core/../key.ui/examples/heap/vstte10_05_Queue/LinkedList_LinkedList1.key 
155431     DEBUG main            d.u.i.k.p.i.AbstractProblemLoader Environment load took 125.2ns 
155433     INFO  main            d.u.i.k.p.i.AbstractProblemLoader Creating init config 
158636     DEBUG main            d.u.i.k.p.i.AbstractProblemLoader Init config took 3.2s 
158685     INFO  main            d.u.i.k.p.i.AbstractProblemLoader Replaying proof LinkedList[LinkedList::LinkedList(int,LinkedList)].JML normal_behavior operation contract.0 
158686     DEBUG main            d.u.i.k.p.i.IntermediateProofReplayer Proof replay took 6.1ns 
161336     INFO  main            d.u.i.k.p.r.p.TestFile    ... finished proof: closed. 
161668     INFO  main            d.u.i.k.p.i.AbstractProblemLoader Loading environment from /home/runner/work/key/key/key.core/../key.ui/examples/heap/vstte10_05_Queue/LinkedList_LinkedList1.key.proof 
161668     DEBUG main            d.u.i.k.p.i.AbstractProblemLoader Environment load took 492.81ns 
161670     INFO  main            d.u.i.k.p.i.AbstractProblemLoader Creating init config 
164862     DEBUG main            d.u.i.k.p.i.AbstractProblemLoader Init config took 3.19s 
164915     INFO  main            d.u.i.k.p.i.AbstractProblemLoader Replaying proof LinkedList[LinkedList::LinkedList(int,LinkedList)].JML normal_behavior operation contract.0 
165289     DEBUG main            d.u.i.k.p.i.IntermediateProofReplayer Proof replay took 365.74ms 
165290     DEBUG main            d.u.i.k.p.r.p.TestFile    ... success: reloaded. 
165292     INFO  main            d.u.i.k.p.r.p.TestFile    Now processing file /home/runner/work/key/key/key.core/../key.ui/examples/heap/vstte10_05_Queue/LinkedList_LinkedList2.key 
165292     INFO  main            d.u.i.k.p.i.AbstractProblemLoader Loading environment from /home/runner/work/key/key/key.core/../key.ui/examples/heap/vstte10_05_Queue/LinkedList_LinkedList2.key 
165292     DEBUG main            d.u.i.k.p.i.AbstractProblemLoader Environment load took 106ns 
165293     INFO  main            d.u.i.k.p.i.AbstractProblemLoader Creating init config 
168643     DEBUG main            d.u.i.k.p.i.AbstractProblemLoader Init config took 3.35s 
168695     INFO  main            d.u.i.k.p.i.AbstractProblemLoader Replaying proof LinkedList[LinkedList::LinkedList(int,LinkedList)].JML normal_behavior operation contract.0 
168697     DEBUG main            d.u.i.k.p.i.IntermediateProofReplayer Proof replay took 6.7ns 
171206     INFO  main            d.u.i.k.p.r.p.TestFile    ... finished proof: closed. 
171559     INFO  main            d.u.i.k.p.i.AbstractProblemLoader Loading environment from /home/runner/work/key/key/key.core/../key.ui/examples/heap/vstte10_05_Queue/LinkedList_LinkedList2.key.proof 
171559     DEBUG main            d.u.i.k.p.i.AbstractProblemLoader Environment load took 145.2ns 
171561     INFO  main            d.u.i.k.p.i.AbstractProblemLoader Creating init config 
174834     DEBUG main            d.u.i.k.p.i.AbstractProblemLoader Init config took 3.27s 
174884     INFO  main            d.u.i.k.p.i.AbstractProblemLoader Replaying proof LinkedList[LinkedList::LinkedList(int,LinkedList)].JML normal_behavior operation contract.0 
175208     DEBUG main            d.u.i.k.p.i.IntermediateProofReplayer Proof replay took 312.93ms 
175209     DEBUG main            d.u.i.k.p.r.p.TestFile    ... success: reloaded. 
175210     INFO  main            d.u.i.k.p.r.p.TestFile    Now processing file /home/runner/work/key/key/key.core/../key.ui/examples/heap/vstte10_05_Queue/LinkedList_LinkedList3.key 
175211     INFO  main            d.u.i.k.p.i.AbstractProblemLoader Loading environment from /home/runner/work/key/key/key.core/../key.ui/examples/heap/vstte10_05_Queue/LinkedList_LinkedList3.key 
175211     DEBUG main            d.u.i.k.p.i.AbstractProblemLoader Environment load took 91.81ns 
175212     INFO  main            d.u.i.k.p.i.AbstractProblemLoader Creating init config 
178437     DEBUG main            d.u.i.k.p.i.AbstractProblemLoader Init config took 3.23s 
178485     INFO  main            d.u.i.k.p.i.AbstractProblemLoader Replaying proof LinkedList[LinkedList::LinkedList(int,LinkedList)].JML normal_behavior operation contract.0 
178487     DEBUG main            d.u.i.k.p.i.IntermediateProofReplayer Proof replay took 7.1ns 
195595     INFO  main            d.u.i.k.p.r.p.TestFile    ... finished proof: closed. 
196046     INFO  main            d.u.i.k.p.i.AbstractProblemLoader Loading environment from /home/runner/work/key/key/key.core/../key.ui/examples/heap/vstte10_05_Queue/LinkedList_LinkedList3.key.proof 
196046     DEBUG main            d.u.i.k.p.i.AbstractProblemLoader Environment load took 537.21ns 
196053     INFO  main            d.u.i.k.p.i.AbstractProblemLoader Creating init config 
198984     DEBUG main            d.u.i.k.p.i.AbstractProblemLoader Init config took 2.93s 
199035     INFO  main            d.u.i.k.p.i.AbstractProblemLoader Replaying proof LinkedList[LinkedList::LinkedList(int,LinkedList)].JML normal_behavior operation contract.0 
200843     DEBUG main            d.u.i.k.p.i.IntermediateProofReplayer Proof replay took 1.68s 
200850     DEBUG main            d.u.i.k.p.r.p.TestFile    ... success: reloaded. 
200851     INFO  main            d.u.i.k.p.r.p.TestFile    Now processing file /home/runner/work/key/key/key.core/../key.ui/examples/heap/vstte10_05_Queue/LinkedList_reverse.key 
200851     INFO  main            d.u.i.k.p.i.AbstractProblemLoader Loading environment from /home/runner/work/key/key/key.core/../key.ui/examples/heap/vstte10_05_Queue/LinkedList_reverse.key 
200852     DEBUG main            d.u.i.k.p.i.AbstractProblemLoader Environment load took 114.4ns 
200853     INFO  main            d.u.i.k.p.i.AbstractProblemLoader Creating init config 
204105     DEBUG main            d.u.i.k.p.i.AbstractProblemLoader Init config took 3.25s 
204152     INFO  main            d.u.i.k.p.i.AbstractProblemLoader Replaying proof LinkedList[LinkedList::reverse()].JML normal_behavior operation contract.0 
204154     DEBUG main            d.u.i.k.p.i.IntermediateProofReplayer Proof replay took 6.6ns 
215952     INFO  main            d.u.i.k.p.r.p.TestFile    ... finished proof: closed. 
216377     INFO  main            d.u.i.k.p.i.AbstractProblemLoader Loading environment from /home/runner/work/key/key/key.core/../key.ui/examples/heap/vstte10_05_Queue/LinkedList_reverse.key.proof 
216381     DEBUG main            d.u.i.k.p.i.AbstractProblemLoader Environment load took 5.62ms 
216385     INFO  main            d.u.i.k.p.i.AbstractProblemLoader Creating init config 
219497     DEBUG main            d.u.i.k.p.i.AbstractProblemLoader Init config took 3.11s 
219549     INFO  main            d.u.i.k.p.i.AbstractProblemLoader Replaying proof LinkedList[LinkedList::reverse()].JML normal_behavior operation contract.0 
220618     DEBUG main            d.u.i.k.p.i.IntermediateProofReplayer Proof replay took 1.02s 
220622     DEBUG main            d.u.i.k.p.r.p.TestFile    ... success: reloaded. 
220623     INFO  main            d.u.i.k.p.r.p.TestFile    Now processing file /home/runner/work/key/key/key.core/../key.ui/examples/heap/vstte10_05_Queue/LinkedList_tail.key 
220623     INFO  main            d.u.i.k.p.i.AbstractProblemLoader Loading environment from /home/runner/work/key/key/key.core/../key.ui/examples/heap/vstte10_05_Queue/LinkedList_tail.key 
220623     DEBUG main            d.u.i.k.p.i.AbstractProblemLoader Environment load took 139.6ns 
220624     INFO  main            d.u.i.k.p.i.AbstractProblemLoader Creating init config 
223983     DEBUG main            d.u.i.k.p.i.AbstractProblemLoader Init config took 3.36s 
224037     INFO  main            d.u.i.k.p.i.AbstractProblemLoader Replaying proof LinkedList[LinkedList::tail()].JML normal_behavior operation contract.0 
224040     DEBUG main            d.u.i.k.p.i.IntermediateProofReplayer Proof replay took 43.8ns 
224844     INFO  main            d.u.i.k.p.r.p.TestFile    ... finished proof: closed. 
225199     INFO  main            d.u.i.k.p.i.AbstractProblemLoader Loading environment from /home/runner/work/key/key/key.core/../key.ui/examples/heap/vstte10_05_Queue/LinkedList_tail.key.proof 
225200     DEBUG main            d.u.i.k.p.i.AbstractProblemLoader Environment load took 854.92ns 
225202     INFO  main            d.u.i.k.p.i.AbstractProblemLoader Creating init config 
228825     DEBUG main            d.u.i.k.p.i.AbstractProblemLoader Init config took 3.62s 
228874     INFO  main            d.u.i.k.p.i.AbstractProblemLoader Replaying proof LinkedList[LinkedList::tail()].JML normal_behavior operation contract.0 
229011     DEBUG main            d.u.i.k.p.i.IntermediateProofReplayer Proof replay took 133.47ms 
229012     DEBUG main            d.u.i.k.p.r.p.TestFile    ... success: reloaded. 
3037983    INFO  Test worker     d.u.i.k.p.r.RunAllProofsTestUnit Returning from test VSTTE10 
3037984    INFO  Test worker     d.u.i.k.p.r.RunAllProofsTestUnit Running test WeideEtAl 
534        INFO  Timeout watchdog d.u.i.k.p.r.p.ForkedTestFileRunner Timeout watcher launched (2000 secs.) 
567        WARN  main            d.u.i.k.s.ProofSettings   The settings in /home/runner/.key/proof-settings.props are *not* read. 
624        INFO  main            d.u.i.k.p.r.p.TestFile    Now processing file /home/runner/work/key/key/key.core/../key.ui/examples/heap/WeideEtAl_01_AddAndMultiply/AddAndMultiply_add.key 
777        INFO  main            d.u.i.k.p.i.AbstractProblemLoader Loading environment from /home/runner/work/key/key/key.core/../key.ui/examples/heap/WeideEtAl_01_AddAndMultiply/AddAndMultiply_add.key 
808        DEBUG main            d.u.i.k.p.i.AbstractProblemLoader Environment load took 2.04ms 
1092       INFO  main            d.u.i.k.p.i.AbstractProblemLoader Creating init config 
2349       DEBUG main            d.u.i.k.j.TypeConverter   No LDT found for Meta 
2349       DEBUG main            d.u.i.k.j.TypeConverter   No LDT found for Meta 
2355       DEBUG main            d.u.i.k.j.TypeConverter   No LDT found for Meta 
2355       DEBUG main            d.u.i.k.j.TypeConverter   No LDT found for Meta 
4315       DEBUG main            d.u.i.k.j.TypeConverter   No LDT found for JavaBigintExpression 
10968      DEBUG main            d.u.i.k.p.i.AbstractProblemLoader Init config took 9.88s 
11192      INFO  main            d.u.i.k.p.i.AbstractProblemLoader Replaying proof AddAndMultiply[AddAndMultiply::add(int,int)].JML normal_behavior operation contract.0 
11244      DEBUG main            d.u.i.k.p.i.IntermediateProofReplayer Proof replay took 39.5ns 
13396      INFO  main            d.u.i.k.p.r.p.TestFile    ... finished proof: closed. 
13577      INFO  main            d.u.i.k.p.i.AbstractProblemLoader Loading environment from /home/runner/work/key/key/key.core/../key.ui/examples/heap/WeideEtAl_01_AddAndMultiply/AddAndMultiply_add.key.proof 
13578      DEBUG main            d.u.i.k.p.i.AbstractProblemLoader Environment load took 536.22ns 
13583      INFO  main            d.u.i.k.p.i.AbstractProblemLoader Creating init config 
17041      DEBUG main            d.u.i.k.p.i.AbstractProblemLoader Init config took 3.46s 
17135      INFO  main            d.u.i.k.p.i.AbstractProblemLoader Replaying proof AddAndMultiply[AddAndMultiply::add(int,int)].JML normal_behavior operation contract.0 
17451      DEBUG main            d.u.i.k.p.i.IntermediateProofReplayer Proof replay took 303.86ms 
17459      DEBUG main            d.u.i.k.p.r.p.TestFile    ... success: reloaded. 
17461      INFO  main            d.u.i.k.p.r.p.TestFile    Now processing file /home/runner/work/key/key/key.core/../key.ui/examples/heap/WeideEtAl_01_AddAndMultiply/AddAndMultiply_mul.key 
17462      INFO  main            d.u.i.k.p.i.AbstractProblemLoader Loading environment from /home/runner/work/key/key/key.core/../key.ui/examples/heap/WeideEtAl_01_AddAndMultiply/AddAndMultiply_mul.key 
17462      DEBUG main            d.u.i.k.p.i.AbstractProblemLoader Environment load took 296.81ns 
17465      INFO  main            d.u.i.k.p.i.AbstractProblemLoader Creating init config 
20576      DEBUG main            d.u.i.k.p.i.AbstractProblemLoader Init config took 3.11s 
20653      INFO  main            d.u.i.k.p.i.AbstractProblemLoader Replaying proof AddAndMultiply[AddAndMultiply::mul(int,int)].JML normal_behavior operation contract.0 
20656      DEBUG main            d.u.i.k.p.i.IntermediateProofReplayer Proof replay took 6.8ns 
21262      INFO  main            d.u.i.k.p.r.p.TestFile    ... finished proof: closed. 
21489      INFO  main            d.u.i.k.p.i.AbstractProblemLoader Loading environment from /home/runner/work/key/key/key.core/../key.ui/examples/heap/WeideEtAl_01_AddAndMultiply/AddAndMultiply_mul.key.proof 
21490      DEBUG main            d.u.i.k.p.i.AbstractProblemLoader Environment load took 650.72ns 
21494      INFO  main            d.u.i.k.p.i.AbstractProblemLoader Creating init config 
24693      DEBUG main            d.u.i.k.p.i.AbstractProblemLoader Init config took 3.2s 
24753      INFO  main            d.u.i.k.p.i.AbstractProblemLoader Replaying proof AddAndMultiply[AddAndMultiply::mul(int,int)].JML normal_behavior operation contract.0 
24912      DEBUG main            d.u.i.k.p.i.IntermediateProofReplayer Proof replay took 152.1ms 
24914      DEBUG main            d.u.i.k.p.r.p.TestFile    ... success: reloaded. 
24916      INFO  main            d.u.i.k.p.r.p.TestFile    Now processing file /home/runner/work/key/key/key.core/../key.ui/examples/heap/WeideEtAl_02_BinarySearch/BinarySearch_search.key 
24917      INFO  main            d.u.i.k.p.i.AbstractProblemLoader Loading environment from /home/runner/work/key/key/key.core/../key.ui/examples/heap/WeideEtAl_02_BinarySearch/BinarySearch_search.key 
24917      DEBUG main            d.u.i.k.p.i.AbstractProblemLoader Environment load took 254.21ns 
24919      INFO  main            d.u.i.k.p.i.AbstractProblemLoader Creating init config 
28441      DEBUG main            d.u.i.k.p.i.AbstractProblemLoader Init config took 3.52s 
28535      INFO  main            d.u.i.k.p.i.AbstractProblemLoader Replaying proof BinarySearch[BinarySearch::search([I,int)].JML normal_behavior operation contract.0 
28544      DEBUG main            d.u.i.k.p.i.IntermediateProofReplayer Proof replay took 7.5ns 
32829      INFO  main            d.u.i.k.p.r.p.TestFile    ... finished proof: closed. 
33059      INFO  main            d.u.i.k.p.i.AbstractProblemLoader Loading environment from /home/runner/work/key/key/key.core/../key.ui/examples/heap/WeideEtAl_02_BinarySearch/BinarySearch_search.key.proof 
33060      DEBUG main            d.u.i.k.p.i.AbstractProblemLoader Environment load took 614.72ns 
33066      INFO  main            d.u.i.k.p.i.AbstractProblemLoader Creating init config 
36007      DEBUG main            d.u.i.k.p.i.AbstractProblemLoader Init config took 2.94s 
36077      INFO  main            d.u.i.k.p.i.AbstractProblemLoader Replaying proof BinarySearch[BinarySearch::search([I,int)].JML normal_behavior operation contract.0 
36833      DEBUG main            d.u.i.k.p.i.IntermediateProofReplayer Proof replay took 730.15ms 
36836      DEBUG main            d.u.i.k.p.r.p.TestFile    ... success: reloaded. 
3075057    INFO  Test worker     d.u.i.k.p.r.RunAllProofsTestUnit Returning from test WeideEtAl 
3075059    INFO  Test worker     d.u.i.k.p.r.RunAllProofsTestUnit Running test arithmetic 
436        INFO  Timeout watchdog d.u.i.k.p.r.p.ForkedTestFileRunner Timeout watcher launched (2000 secs.) 
459        WARN  main            d.u.i.k.s.ProofSettings   The settings in /home/runner/.key/proof-settings.props are *not* read. 
524        INFO  main            d.u.i.k.p.r.p.TestFile    Now processing file /home/runner/work/key/key/key.core/../key.ui/examples/standard_key/arith/binomial1.key 
687        INFO  main            d.u.i.k.p.i.AbstractProblemLoader Loading environment from /home/runner/work/key/key/key.core/../key.ui/examples/standard_key/arith/binomial1.key 
715        DEBUG main            d.u.i.k.p.i.AbstractProblemLoader Environment load took 8.81ms 
1042       INFO  main            d.u.i.k.p.i.AbstractProblemLoader Creating init config 
2242       DEBUG main            d.u.i.k.j.TypeConverter   No LDT found for Meta 
2243       DEBUG main            d.u.i.k.j.TypeConverter   No LDT found for Meta 
2244       DEBUG main            d.u.i.k.j.TypeConverter   No LDT found for Meta 
2244       DEBUG main            d.u.i.k.j.TypeConverter   No LDT found for Meta 
3798       DEBUG main            d.u.i.k.j.TypeConverter   No LDT found for JavaBigintExpression 
9666       DEBUG main            d.u.i.k.p.i.AbstractProblemLoader Init config took 8.62s 
9757       INFO  main            d.u.i.k.p.i.AbstractProblemLoader Replaying proof binomial1.key 
9804       DEBUG main            d.u.i.k.p.i.IntermediateProofReplayer Proof replay took 34.6ns 
10197      INFO  main            d.u.i.k.p.r.p.TestFile    ... finished proof: closed. 
10331      INFO  main            d.u.i.k.p.i.AbstractProblemLoader Loading environment from /home/runner/work/key/key/key.core/../key.ui/examples/standard_key/arith/binomial1.key.proof 
10331      DEBUG main            d.u.i.k.p.i.AbstractProblemLoader Environment load took 717.42ns 
10336      INFO  main            d.u.i.k.p.i.AbstractProblemLoader Creating init config 
13587      DEBUG main            d.u.i.k.p.i.AbstractProblemLoader Init config took 3.25s 
13619      INFO  main            d.u.i.k.p.i.AbstractProblemLoader Replaying proof binomial1.key.proof 
13640      DEBUG main            d.u.i.k.p.i.IntermediateProofReplayer Proof replay took 15.7ms 
13656      DEBUG main            d.u.i.k.p.r.p.TestFile    ... success: reloaded. 
13658      INFO  main            d.u.i.k.p.r.p.TestFile    Now processing file /home/runner/work/key/key/key.core/../key.ui/examples/standard_key/arith/binomial2.key 
13659      INFO  main            d.u.i.k.p.i.AbstractProblemLoader Loading environment from /home/runner/work/key/key/key.core/../key.ui/examples/standard_key/arith/binomial2.key 
13659      DEBUG main            d.u.i.k.p.i.AbstractProblemLoader Environment load took 328.11ns 
13661      INFO  main            d.u.i.k.p.i.AbstractProblemLoader Creating init config 
16919      DEBUG main            d.u.i.k.p.i.AbstractProblemLoader Init config took 3.26s 
16955      INFO  main            d.u.i.k.p.i.AbstractProblemLoader Replaying proof binomial2.key 
16960      DEBUG main            d.u.i.k.p.i.IntermediateProofReplayer Proof replay took 16.3ns 
17063      INFO  main            d.u.i.k.p.r.p.TestFile    ... finished proof: closed. 
17199      INFO  main            d.u.i.k.p.i.AbstractProblemLoader Loading environment from /home/runner/work/key/key/key.core/../key.ui/examples/standard_key/arith/binomial2.key.proof 
17201      DEBUG main            d.u.i.k.p.i.AbstractProblemLoader Environment load took 1.3ms 
17203      INFO  main            d.u.i.k.p.i.AbstractProblemLoader Creating init config 
20433      DEBUG main            d.u.i.k.p.i.AbstractProblemLoader Init config took 3.23s 
20460      INFO  main            d.u.i.k.p.i.AbstractProblemLoader Replaying proof binomial2.key.proof 
20475      DEBUG main            d.u.i.k.p.i.IntermediateProofReplayer Proof replay took 12.94ms 
20476      DEBUG main            d.u.i.k.p.r.p.TestFile    ... success: reloaded. 
20478      INFO  main            d.u.i.k.p.r.p.TestFile    Now processing file /home/runner/work/key/key/key.core/../key.ui/examples/standard_key/arith/check_jdiv.key 
20478      INFO  main            d.u.i.k.p.i.AbstractProblemLoader Loading environment from /home/runner/work/key/key/key.core/../key.ui/examples/standard_key/arith/check_jdiv.key 
20479      DEBUG main            d.u.i.k.p.i.AbstractProblemLoader Environment load took 232.01ns 
20481      INFO  main            d.u.i.k.p.i.AbstractProblemLoader Creating init config 
23565      DEBUG main            d.u.i.k.p.i.AbstractProblemLoader Init config took 3.08s 
23591      INFO  main            d.u.i.k.p.i.AbstractProblemLoader Replaying proof check_jdiv.key 
23595      DEBUG main            d.u.i.k.p.i.IntermediateProofReplayer Proof replay took 7ns 
30188      INFO  main            d.u.i.k.p.r.p.TestFile    ... finished proof: closed. 
30472      INFO  main            d.u.i.k.p.i.AbstractProblemLoader Loading environment from /home/runner/work/key/key/key.core/../key.ui/examples/standard_key/arith/check_jdiv.key.proof 
30472      DEBUG main            d.u.i.k.p.i.AbstractProblemLoader Environment load took 266.71ns 
30475      INFO  main            d.u.i.k.p.i.AbstractProblemLoader Creating init config 
33543      DEBUG main            d.u.i.k.p.i.AbstractProblemLoader Init config took 3.07s 
33564      INFO  main            d.u.i.k.p.i.AbstractProblemLoader Replaying proof check_jdiv.key.proof 
34122      DEBUG main            d.u.i.k.p.i.IntermediateProofReplayer Proof replay took 503.12ms 
34125      DEBUG main            d.u.i.k.p.r.p.TestFile    ... success: reloaded. 
34127      INFO  main            d.u.i.k.p.r.p.TestFile    Now processing file /home/runner/work/key/key/key.core/../key.ui/examples/standard_key/arith/check_jdiv_concrete.key 
34127      INFO  main            d.u.i.k.p.i.AbstractProblemLoader Loading environment from /home/runner/work/key/key/key.core/../key.ui/examples/standard_key/arith/check_jdiv_concrete.key 
34127      DEBUG main            d.u.i.k.p.i.AbstractProblemLoader Environment load took 250.81ns 
34130      INFO  main            d.u.i.k.p.i.AbstractProblemLoader Creating init config 
37133      DEBUG main            d.u.i.k.p.i.AbstractProblemLoader Init config took 3s 
37159      INFO  main            d.u.i.k.p.i.AbstractProblemLoader Replaying proof check_jdiv_concrete.key 
37162      DEBUG main            d.u.i.k.p.i.IntermediateProofReplayer Proof replay took 14.6ns 
37265      INFO  main            d.u.i.k.p.r.p.TestFile    ... finished proof: closed. 
37487      INFO  main            d.u.i.k.p.i.AbstractProblemLoader Loading environment from /home/runner/work/key/key/key.core/../key.ui/examples/standard_key/arith/check_jdiv_concrete.key.proof 
37487      DEBUG main            d.u.i.k.p.i.AbstractProblemLoader Environment load took 133.9ns 
37489      INFO  main            d.u.i.k.p.i.AbstractProblemLoader Creating init config 
40385      DEBUG main            d.u.i.k.p.i.AbstractProblemLoader Init config took 2.9s 
40418      INFO  main            d.u.i.k.p.i.AbstractProblemLoader Replaying proof check_jdiv_concrete.key.proof 
40427      DEBUG main            d.u.i.k.p.i.IntermediateProofReplayer Proof replay took 4.79ms 
40429      DEBUG main            d.u.i.k.p.r.p.TestFile    ... success: reloaded. 
40431      INFO  main            d.u.i.k.p.r.p.TestFile    Now processing file /home/runner/work/key/key/key.core/../key.ui/examples/standard_key/arith/check_jdiv_instantiated.key 
40431      INFO  main            d.u.i.k.p.i.AbstractProblemLoader Loading environment from /home/runner/work/key/key/key.core/../key.ui/examples/standard_key/arith/check_jdiv_instantiated.key 
40432      DEBUG main            d.u.i.k.p.i.AbstractProblemLoader Environment load took 276.01ns 
40435      INFO  main            d.u.i.k.p.i.AbstractProblemLoader Creating init config 
43580      DEBUG main            d.u.i.k.p.i.AbstractProblemLoader Init config took 3.15s 
43613      INFO  main            d.u.i.k.p.i.AbstractProblemLoader Replaying proof check_jdiv_instantiated.key 
43616      DEBUG main            d.u.i.k.p.i.IntermediateProofReplayer Proof replay took 7ns 
48046      INFO  main            d.u.i.k.p.r.p.TestFile    ... finished proof: closed. 
48299      INFO  main            d.u.i.k.p.i.AbstractProblemLoader Loading environment from /home/runner/work/key/key/key.core/../key.ui/examples/standard_key/arith/check_jdiv_instantiated.key.proof 
48300      DEBUG main            d.u.i.k.p.i.AbstractProblemLoader Environment load took 674.82ns 
48303      INFO  main            d.u.i.k.p.i.AbstractProblemLoader Creating init config 
51180      DEBUG main            d.u.i.k.p.i.AbstractProblemLoader Init config took 2.88s 
51208      INFO  main            d.u.i.k.p.i.AbstractProblemLoader Replaying proof check_jdiv_instantiated.key.proof 
51551      DEBUG main            d.u.i.k.p.i.IntermediateProofReplayer Proof replay took 312.95ms 
51553      DEBUG main            d.u.i.k.p.r.p.TestFile    ... success: reloaded. 
51554      INFO  main            d.u.i.k.p.r.p.TestFile    Now processing file /home/runner/work/key/key/key.core/../key.ui/examples/standard_key/arith/check_jmod.key 
51554      INFO  main            d.u.i.k.p.i.AbstractProblemLoader Loading environment from /home/runner/work/key/key/key.core/../key.ui/examples/standard_key/arith/check_jmod.key 
51555      DEBUG main            d.u.i.k.p.i.AbstractProblemLoader Environment load took 252.11ns 
51556      INFO  main            d.u.i.k.p.i.AbstractProblemLoader Creating init config 
54642      DEBUG main            d.u.i.k.p.i.AbstractProblemLoader Init config took 3.09s 
54664      INFO  main            d.u.i.k.p.i.AbstractProblemLoader Replaying proof check_jmod.key 
54667      DEBUG main            d.u.i.k.p.i.IntermediateProofReplayer Proof replay took 6.6ns 
55372      INFO  main            d.u.i.k.p.r.p.TestFile    ... finished proof: closed. 
55685      INFO  main            d.u.i.k.p.i.AbstractProblemLoader Loading environment from /home/runner/work/key/key/key.core/../key.ui/examples/standard_key/arith/check_jmod.key.proof 
55685      DEBUG main            d.u.i.k.p.i.AbstractProblemLoader Environment load took 468.11ns 
55687      INFO  main            d.u.i.k.p.i.AbstractProblemLoader Creating init config 
58655      DEBUG main            d.u.i.k.p.i.AbstractProblemLoader Init config took 2.97s 
58679      INFO  main            d.u.i.k.p.i.AbstractProblemLoader Replaying proof check_jmod.key.proof 
58739      DEBUG main            d.u.i.k.p.i.IntermediateProofReplayer Proof replay took 53.28ms 
58740      DEBUG main            d.u.i.k.p.r.p.TestFile    ... success: reloaded. 
58742      INFO  main            d.u.i.k.p.r.p.TestFile    Now processing file /home/runner/work/key/key/key.core/../key.ui/examples/standard_key/arith/complexExpressions.key 
58742      INFO  main            d.u.i.k.p.i.AbstractProblemLoader Loading environment from /home/runner/work/key/key/key.core/../key.ui/examples/standard_key/arith/complexExpressions.key 
58743      DEBUG main            d.u.i.k.p.i.AbstractProblemLoader Environment load took 295.91ns 
58744      INFO  main            d.u.i.k.p.i.AbstractProblemLoader Creating init config 
61654      DEBUG main            d.u.i.k.p.i.AbstractProblemLoader Init config took 2.91s 
61679      INFO  main            d.u.i.k.p.i.AbstractProblemLoader Replaying proof complexExpressions.key 
61681      DEBUG main            d.u.i.k.p.i.IntermediateProofReplayer Proof replay took 7.7ns 
61889      INFO  main            d.u.i.k.p.r.p.TestFile    ... finished proof: closed. 
62081      INFO  main            d.u.i.k.p.i.AbstractProblemLoader Loading environment from /home/runner/work/key/key/key.core/../key.ui/examples/standard_key/arith/complexExpressions.key.proof 
62081      DEBUG main            d.u.i.k.p.i.AbstractProblemLoader Environment load took 133.3ns 
62083      INFO  main            d.u.i.k.p.i.AbstractProblemLoader Creating init config 
65073      DEBUG main            d.u.i.k.p.i.AbstractProblemLoader Init config took 2.99s 
65094      INFO  main            d.u.i.k.p.i.AbstractProblemLoader Replaying proof complexExpressions.key.proof 
65121      DEBUG main            d.u.i.k.p.i.IntermediateProofReplayer Proof replay took 21.86ms 
65122      DEBUG main            d.u.i.k.p.r.p.TestFile    ... success: reloaded. 
65123      INFO  main            d.u.i.k.p.r.p.TestFile    Now processing file /home/runner/work/key/key/key.core/../key.ui/examples/standard_key/arith/compound_unaryMinus.key 
65123      INFO  main            d.u.i.k.p.i.AbstractProblemLoader Loading environment from /home/runner/work/key/key/key.core/../key.ui/examples/standard_key/arith/compound_unaryMinus.key 
65123      DEBUG main            d.u.i.k.p.i.AbstractProblemLoader Environment load took 218.5ns 
65124      INFO  main            d.u.i.k.p.i.AbstractProblemLoader Creating init config 
68031      DEBUG main            d.u.i.k.p.i.AbstractProblemLoader Init config took 2.91s 
68050      INFO  main            d.u.i.k.p.i.AbstractProblemLoader Replaying proof compound_unaryMinus.key 
68051      DEBUG main            d.u.i.k.p.i.IntermediateProofReplayer Proof replay took 5.9ns 
68154      INFO  main            d.u.i.k.p.r.p.TestFile    ... finished proof: closed. 
68359      INFO  main            d.u.i.k.p.i.AbstractProblemLoader Loading environment from /home/runner/work/key/key/key.core/../key.ui/examples/standard_key/arith/compound_unaryMinus.key.proof 
68360      DEBUG main            d.u.i.k.p.i.AbstractProblemLoader Environment load took 1.37ms 
68362      INFO  main            d.u.i.k.p.i.AbstractProblemLoader Creating init config 
71250      DEBUG main            d.u.i.k.p.i.AbstractProblemLoader Init config took 2.89s 
71269      INFO  main            d.u.i.k.p.i.AbstractProblemLoader Replaying proof compound_unaryMinus.key.proof 
71277      DEBUG main            d.u.i.k.p.i.IntermediateProofReplayer Proof replay took 4.83ms 
71278      DEBUG main            d.u.i.k.p.r.p.TestFile    ... success: reloaded. 
71278      INFO  main            d.u.i.k.p.r.p.TestFile    Now processing file /home/runner/work/key/key/key.core/../key.ui/examples/standard_key/arith/computation.key 
71279      INFO  main            d.u.i.k.p.i.AbstractProblemLoader Loading environment from /home/runner/work/key/key/key.core/../key.ui/examples/standard_key/arith/computation.key 
71279      DEBUG main            d.u.i.k.p.i.AbstractProblemLoader Environment load took 217ns 
71280      INFO  main            d.u.i.k.p.i.AbstractProblemLoader Creating init config 
74310      DEBUG main            d.u.i.k.p.i.AbstractProblemLoader Init config took 3.03s 
74329      INFO  main            d.u.i.k.p.i.AbstractProblemLoader Replaying proof computation.key 
74331      DEBUG main            d.u.i.k.p.i.IntermediateProofReplayer Proof replay took 5.4ns 
76160      INFO  main            d.u.i.k.p.r.p.TestFile    ... finished proof: closed. 
76429      INFO  main            d.u.i.k.p.i.AbstractProblemLoader Loading environment from /home/runner/work/key/key/key.core/../key.ui/examples/standard_key/arith/computation.key.proof 
76429      DEBUG main            d.u.i.k.p.i.AbstractProblemLoader Environment load took 497.51ns 
76431      INFO  main            d.u.i.k.p.i.AbstractProblemLoader Creating init config 
79188      DEBUG main            d.u.i.k.p.i.AbstractProblemLoader Init config took 2.76s 
79209      INFO  main            d.u.i.k.p.i.AbstractProblemLoader Replaying proof computation.key.proof 
79410      DEBUG main            d.u.i.k.p.i.IntermediateProofReplayer Proof replay took 194.05ms 
79411      DEBUG main            d.u.i.k.p.r.p.TestFile    ... success: reloaded. 
79413      INFO  main            d.u.i.k.p.r.p.TestFile    Now processing file /home/runner/work/key/key/key.core/../key.ui/examples/standard_key/arith/cubicSum.key 
79414      INFO  main            d.u.i.k.p.i.AbstractProblemLoader Loading environment from /home/runner/work/key/key/key.core/../key.ui/examples/standard_key/arith/cubicSum.key 
79414      DEBUG main            d.u.i.k.p.i.AbstractProblemLoader Environment load took 303.01ns 
79416      INFO  main            d.u.i.k.p.i.AbstractProblemLoader Creating init config 
82504      DEBUG main            d.u.i.k.p.i.AbstractProblemLoader Init config took 3.09s 
82522      INFO  main            d.u.i.k.p.i.AbstractProblemLoader Replaying proof cubicSum.key 
82526      DEBUG main            d.u.i.k.p.i.IntermediateProofReplayer Proof replay took 7.3ns 
83937      INFO  main            d.u.i.k.p.r.p.TestFile    ... finished proof: closed. 
84295      INFO  main            d.u.i.k.p.i.AbstractProblemLoader Loading environment from /home/runner/work/key/key/key.core/../key.ui/examples/standard_key/arith/cubicSum.key.proof 
84297      DEBUG main            d.u.i.k.p.i.AbstractProblemLoader Environment load took 1.72ms 
84298      INFO  main            d.u.i.k.p.i.AbstractProblemLoader Creating init config 
87340      DEBUG main            d.u.i.k.p.i.AbstractProblemLoader Init config took 3.04s 
87359      INFO  main            d.u.i.k.p.i.AbstractProblemLoader Replaying proof cubicSum.key.proof 
87538      DEBUG main            d.u.i.k.p.i.IntermediateProofReplayer Proof replay took 174.68ms 
87539      DEBUG main            d.u.i.k.p.r.p.TestFile    ... success: reloaded. 
87541      INFO  main            d.u.i.k.p.r.p.TestFile    Now processing file /home/runner/work/key/key/key.core/../key.ui/examples/standard_key/arith/divByZero.key 
87542      INFO  main            d.u.i.k.p.i.AbstractProblemLoader Loading environment from /home/runner/work/key/key/key.core/../key.ui/examples/standard_key/arith/divByZero.key 
87542      DEBUG main            d.u.i.k.p.i.AbstractProblemLoader Environment load took 325.91ns 
87544      INFO  main            d.u.i.k.p.i.AbstractProblemLoader Creating init config 
90596      DEBUG main            d.u.i.k.p.i.AbstractProblemLoader Init config took 3.05s 
90613      INFO  main            d.u.i.k.p.i.AbstractProblemLoader Replaying proof divByZero.key 
90616      DEBUG main            d.u.i.k.p.i.IntermediateProofReplayer Proof replay took 6.7ns 
90819      INFO  main            d.u.i.k.p.r.p.TestFile    ... finished proof: closed. 
91085      INFO  main            d.u.i.k.p.i.AbstractProblemLoader Loading environment from /home/runner/work/key/key/key.core/../key.ui/examples/standard_key/arith/divByZero.key.proof 
91086      DEBUG main            d.u.i.k.p.i.AbstractProblemLoader Environment load took 200ns 
91087      INFO  main            d.u.i.k.p.i.AbstractProblemLoader Creating init config 
94123      DEBUG main            d.u.i.k.p.i.AbstractProblemLoader Init config took 3.04s 
94143      INFO  main            d.u.i.k.p.i.AbstractProblemLoader Replaying proof divByZero.key.proof 
94194      DEBUG main            d.u.i.k.p.i.IntermediateProofReplayer Proof replay took 47.37ms 
94195      DEBUG main            d.u.i.k.p.r.p.TestFile    ... success: reloaded. 
94197      INFO  main            d.u.i.k.p.r.p.TestFile    Now processing file /home/runner/work/key/key/key.core/../key.ui/examples/standard_key/arith/divisionAssoc.key 
94197      INFO  main            d.u.i.k.p.i.AbstractProblemLoader Loading environment from /home/runner/work/key/key/key.core/../key.ui/examples/standard_key/arith/divisionAssoc.key 
94197      DEBUG main            d.u.i.k.p.i.AbstractProblemLoader Environment load took 241.21ns 
94198      INFO  main            d.u.i.k.p.i.AbstractProblemLoader Creating init config 
97214      DEBUG main            d.u.i.k.p.i.AbstractProblemLoader Init config took 3.02s 
97231      INFO  main            d.u.i.k.p.i.AbstractProblemLoader Replaying proof divisionAssoc.key 
97234      DEBUG main            d.u.i.k.p.i.IntermediateProofReplayer Proof replay took 6.4ns 
98141      INFO  main            d.u.i.k.p.r.p.TestFile    ... finished proof: closed. 
98505      INFO  main            d.u.i.k.p.i.AbstractProblemLoader Loading environment from /home/runner/work/key/key/key.core/../key.ui/examples/standard_key/arith/divisionAssoc.key.proof 
98505      DEBUG main            d.u.i.k.p.i.AbstractProblemLoader Environment load took 577.21ns 
98507      INFO  main            d.u.i.k.p.i.AbstractProblemLoader Creating init config 
101372     DEBUG main            d.u.i.k.p.i.AbstractProblemLoader Init config took 2.87s 
101398     INFO  main            d.u.i.k.p.i.AbstractProblemLoader Replaying proof divisionAssoc.key.proof 
101462     DEBUG main            d.u.i.k.p.i.IntermediateProofReplayer Proof replay took 58.51ms 
101464     DEBUG main            d.u.i.k.p.r.p.TestFile    ... success: reloaded. 
101465     INFO  main            d.u.i.k.p.r.p.TestFile    Now processing file /home/runner/work/key/key/key.core/../key.ui/examples/standard_key/arith/divisionBy2.key 
101466     INFO  main            d.u.i.k.p.i.AbstractProblemLoader Loading environment from /home/runner/work/key/key/key.core/../key.ui/examples/standard_key/arith/divisionBy2.key 
101466     DEBUG main            d.u.i.k.p.i.AbstractProblemLoader Environment load took 222.7ns 
101467     INFO  main            d.u.i.k.p.i.AbstractProblemLoader Creating init config 
104385     DEBUG main            d.u.i.k.p.i.AbstractProblemLoader Init config took 2.92s 
104409     INFO  main            d.u.i.k.p.i.AbstractProblemLoader Replaying proof divisionBy2.key 
104411     DEBUG main            d.u.i.k.p.i.IntermediateProofReplayer Proof replay took 6.6ns 
104514     INFO  main            d.u.i.k.p.r.p.TestFile    ... finished proof: closed. 
104785     INFO  main            d.u.i.k.p.i.AbstractProblemLoader Loading environment from /home/runner/work/key/key/key.core/../key.ui/examples/standard_key/arith/divisionBy2.key.proof 
104787     DEBUG main            d.u.i.k.p.i.AbstractProblemLoader Environment load took 959.82ns 
104788     INFO  main            d.u.i.k.p.i.AbstractProblemLoader Creating init config 
107558     DEBUG main            d.u.i.k.p.i.AbstractProblemLoader Init config took 2.77s 
107574     INFO  main            d.u.i.k.p.i.AbstractProblemLoader Replaying proof divisionBy2.key.proof 
107583     DEBUG main            d.u.i.k.p.i.IntermediateProofReplayer Proof replay took 6.96ms 
107584     DEBUG main            d.u.i.k.p.r.p.TestFile    ... success: reloaded. 
107585     INFO  main            d.u.i.k.p.r.p.TestFile    Now processing file /home/runner/work/key/key/key.core/../key.ui/examples/standard_key/arith/euclidean/gcdHelp-post.key 
107585     INFO  main            d.u.i.k.p.i.AbstractProblemLoader Loading environment from /home/runner/work/key/key/key.core/../key.ui/examples/standard_key/arith/euclidean/gcdHelp-post.key 
107586     DEBUG main            d.u.i.k.p.i.AbstractProblemLoader Environment load took 323.41ns 
107587     INFO  main            d.u.i.k.p.i.AbstractProblemLoader Creating init config 
110611     DEBUG main            d.u.i.k.p.i.AbstractProblemLoader Init config took 3.02s 
110628     INFO  main            d.u.i.k.p.i.AbstractProblemLoader Replaying proof gcdHelp-post.key 
110630     DEBUG main            d.u.i.k.p.i.IntermediateProofReplayer Proof replay took 6.3ns 
115415     INFO  main            d.u.i.k.p.r.p.TestFile    ... finished proof: closed. 
115705     INFO  main            d.u.i.k.p.i.AbstractProblemLoader Loading environment from /home/runner/work/key/key/key.core/../key.ui/examples/standard_key/arith/euclidean/gcdHelp-post.key.proof 
115705     DEBUG main            d.u.i.k.p.i.AbstractProblemLoader Environment load took 684.82ns 
115708     INFO  main            d.u.i.k.p.i.AbstractProblemLoader Creating init config 
118612     DEBUG main            d.u.i.k.p.i.AbstractProblemLoader Init config took 2.9s 
118629     INFO  main            d.u.i.k.p.i.AbstractProblemLoader Replaying proof gcdHelp-post.key.proof 
118922     DEBUG main            d.u.i.k.p.i.IntermediateProofReplayer Proof replay took 282.69ms 
118924     DEBUG main            d.u.i.k.p.r.p.TestFile    ... success: reloaded. 
118925     INFO  main            d.u.i.k.p.r.p.TestFile    Now processing file /home/runner/work/key/key/key.core/../key.ui/examples/standard_key/arith/gemplusDecimal/add.key 
118926     INFO  main            d.u.i.k.p.i.AbstractProblemLoader Loading environment from /home/runner/work/key/key/key.core/../key.ui/examples/standard_key/arith/gemplusDecimal/add.key 
118926     DEBUG main            d.u.i.k.p.i.AbstractProblemLoader Environment load took 321.71ns 
118929     INFO  main            d.u.i.k.p.i.AbstractProblemLoader Creating init config 
122071     DEBUG main            d.u.i.k.p.i.AbstractProblemLoader Init config took 3.14s 
122091     INFO  main            d.u.i.k.p.i.AbstractProblemLoader Replaying proof add.key 
122093     DEBUG main            d.u.i.k.p.i.IntermediateProofReplayer Proof replay took 6.5ns 
179805     INFO  main            d.u.i.k.p.r.p.TestFile    ... finished proof: closed. 
180303     INFO  main            d.u.i.k.p.i.AbstractProblemLoader Loading environment from /home/runner/work/key/key/key.core/../key.ui/examples/standard_key/arith/gemplusDecimal/add.key.proof 
180303     DEBUG main            d.u.i.k.p.i.AbstractProblemLoader Environment load took 738.72ns 
180315     INFO  main            d.u.i.k.p.i.AbstractProblemLoader Creating init config 
183406     DEBUG main            d.u.i.k.p.i.AbstractProblemLoader Init config took 3.09s 
183425     INFO  main            d.u.i.k.p.i.AbstractProblemLoader Replaying proof add.key.proof 
189272     DEBUG main            d.u.i.k.p.i.IntermediateProofReplayer Proof replay took 5.7s 
189283     DEBUG main            d.u.i.k.p.r.p.TestFile    ... success: reloaded. 
189284     INFO  main            d.u.i.k.p.r.p.TestFile    Now processing file /home/runner/work/key/key/key.core/../key.ui/examples/standard_key/arith/jdivevenodd.key 
189285     INFO  main            d.u.i.k.p.i.AbstractProblemLoader Loading environment from /home/runner/work/key/key/key.core/../key.ui/examples/standard_key/arith/jdivevenodd.key 
189285     DEBUG main            d.u.i.k.p.i.AbstractProblemLoader Environment load took 143.1ns 
189286     INFO  main            d.u.i.k.p.i.AbstractProblemLoader Creating init config 
192431     DEBUG main            d.u.i.k.p.i.AbstractProblemLoader Init config took 3.14s 
192448     INFO  main            d.u.i.k.p.i.AbstractProblemLoader Replaying proof jdivevenodd.key 
192450     DEBUG main            d.u.i.k.p.i.IntermediateProofReplayer Proof replay took 7ns 
192655     INFO  main            d.u.i.k.p.r.p.TestFile    ... finished proof: closed. 
193129     INFO  main            d.u.i.k.p.i.AbstractProblemLoader Loading environment from /home/runner/work/key/key/key.core/../key.ui/examples/standard_key/arith/jdivevenodd.key.proof 
193131     DEBUG main            d.u.i.k.p.i.AbstractProblemLoader Environment load took 1.32ms 
193133     INFO  main            d.u.i.k.p.i.AbstractProblemLoader Creating init config 
196255     DEBUG main            d.u.i.k.p.i.AbstractProblemLoader Init config took 3.12s 
196271     INFO  main            d.u.i.k.p.i.AbstractProblemLoader Replaying proof jdivevenodd.key.proof 
196298     DEBUG main            d.u.i.k.p.i.IntermediateProofReplayer Proof replay took 23.25ms 
196299     DEBUG main            d.u.i.k.p.r.p.TestFile    ... success: reloaded. 
196301     INFO  main            d.u.i.k.p.r.p.TestFile    Now processing file /home/runner/work/key/key/key.core/../key.ui/examples/standard_key/arith/median.key 
196301     INFO  main            d.u.i.k.p.i.AbstractProblemLoader Loading environment from /home/runner/work/key/key/key.core/../key.ui/examples/standard_key/arith/median.key 
196302     DEBUG main            d.u.i.k.p.i.AbstractProblemLoader Environment load took 256.5ns 
196304     INFO  main            d.u.i.k.p.i.AbstractProblemLoader Creating init config 
199368     DEBUG main            d.u.i.k.p.i.AbstractProblemLoader Init config took 3.06s 
199388     INFO  main            d.u.i.k.p.i.AbstractProblemLoader Replaying proof median.key 
199391     DEBUG main            d.u.i.k.p.i.IntermediateProofReplayer Proof replay took 6.6ns 
219473     INFO  main            d.u.i.k.p.r.p.TestFile    ... finished proof: closed. 
219870     INFO  main            d.u.i.k.p.i.AbstractProblemLoader Loading environment from /home/runner/work/key/key/key.core/../key.ui/examples/standard_key/arith/median.key.proof 
219875     DEBUG main            d.u.i.k.p.i.AbstractProblemLoader Environment load took 5.95ms 
219878     INFO  main            d.u.i.k.p.i.AbstractProblemLoader Creating init config 
222627     DEBUG main            d.u.i.k.p.i.AbstractProblemLoader Init config took 2.75s 
222642     INFO  main            d.u.i.k.p.i.AbstractProblemLoader Replaying proof median.key.proof 
224288     DEBUG main            d.u.i.k.p.i.IntermediateProofReplayer Proof replay took 1.59s 
224291     DEBUG main            d.u.i.k.p.r.p.TestFile    ... success: reloaded. 
224292     INFO  main            d.u.i.k.p.r.p.TestFile    Now processing file /home/runner/work/key/key/key.core/../key.ui/examples/standard_key/arith/mod1.key 
224292     INFO  main            d.u.i.k.p.i.AbstractProblemLoader Loading environment from /home/runner/work/key/key/key.core/../key.ui/examples/standard_key/arith/mod1.key 
224292     DEBUG main            d.u.i.k.p.i.AbstractProblemLoader Environment load took 154.3ns 
224293     INFO  main            d.u.i.k.p.i.AbstractProblemLoader Creating init config 
227146     DEBUG main            d.u.i.k.p.i.AbstractProblemLoader Init config took 2.85s 
227160     INFO  main            d.u.i.k.p.i.AbstractProblemLoader Replaying proof mod1.key 
227162     DEBUG main            d.u.i.k.p.i.IntermediateProofReplayer Proof replay took 5.9ns 
227265     INFO  main            d.u.i.k.p.r.p.TestFile    ... finished proof: closed. 
227627     INFO  main            d.u.i.k.p.i.AbstractProblemLoader Loading environment from /home/runner/work/key/key/key.core/../key.ui/examples/standard_key/arith/mod1.key.proof 
227627     DEBUG main            d.u.i.k.p.i.AbstractProblemLoader Environment load took 106.4ns 
227628     INFO  main            d.u.i.k.p.i.AbstractProblemLoader Creating init config 
230444     DEBUG main            d.u.i.k.p.i.AbstractProblemLoader Init config took 2.82s 
230462     INFO  main            d.u.i.k.p.i.AbstractProblemLoader Replaying proof mod1.key.proof 
230467     DEBUG main            d.u.i.k.p.i.IntermediateProofReplayer Proof replay took 2.66ms 
230468     DEBUG main            d.u.i.k.p.r.p.TestFile    ... success: reloaded. 
230469     INFO  main            d.u.i.k.p.r.p.TestFile    Now processing file /home/runner/work/key/key/key.core/../key.ui/examples/standard_key/arith/mod2.key 
230469     INFO  main            d.u.i.k.p.i.AbstractProblemLoader Loading environment from /home/runner/work/key/key/key.core/../key.ui/examples/standard_key/arith/mod2.key 
230470     DEBUG main            d.u.i.k.p.i.AbstractProblemLoader Environment load took 247.81ns 
230471     INFO  main            d.u.i.k.p.i.AbstractProblemLoader Creating init config 
233286     DEBUG main            d.u.i.k.p.i.AbstractProblemLoader Init config took 2.81s 
233300     INFO  main            d.u.i.k.p.i.AbstractProblemLoader Replaying proof mod2.key 
233302     DEBUG main            d.u.i.k.p.i.IntermediateProofReplayer Proof replay took 5.4ns 
233406     INFO  main            d.u.i.k.p.r.p.TestFile    ... finished proof: closed. 
233696     INFO  main            d.u.i.k.p.i.AbstractProblemLoader Loading environment from /home/runner/work/key/key/key.core/../key.ui/examples/standard_key/arith/mod2.key.proof 
233696     DEBUG main            d.u.i.k.p.i.AbstractProblemLoader Environment load took 110.7ns 
233697     INFO  main            d.u.i.k.p.i.AbstractProblemLoader Creating init config 
236499     DEBUG main            d.u.i.k.p.i.AbstractProblemLoader Init config took 2.8s 
236516     INFO  main            d.u.i.k.p.i.AbstractProblemLoader Replaying proof mod2.key.proof 
236522     DEBUG main            d.u.i.k.p.i.IntermediateProofReplayer Proof replay took 2.94ms 
236523     DEBUG main            d.u.i.k.p.r.p.TestFile    ... success: reloaded. 
236524     INFO  main            d.u.i.k.p.r.p.TestFile    Now processing file /home/runner/work/key/key/key.core/../key.ui/examples/standard_key/arith/mod7.key 
236525     INFO  main            d.u.i.k.p.i.AbstractProblemLoader Loading environment from /home/runner/work/key/key/key.core/../key.ui/examples/standard_key/arith/mod7.key 
236526     DEBUG main            d.u.i.k.p.i.AbstractProblemLoader Environment load took 285.31ns 
236527     INFO  main            d.u.i.k.p.i.AbstractProblemLoader Creating init config 
239461     DEBUG main            d.u.i.k.p.i.AbstractProblemLoader Init config took 2.93s 
239482     INFO  main            d.u.i.k.p.i.AbstractProblemLoader Replaying proof mod7.key 
239484     DEBUG main            d.u.i.k.p.i.IntermediateProofReplayer Proof replay took 7.4ns 
239589     INFO  main            d.u.i.k.p.r.p.TestFile    ... finished proof: closed. 
239890     INFO  main            d.u.i.k.p.i.AbstractProblemLoader Loading environment from /home/runner/work/key/key/key.core/../key.ui/examples/standard_key/arith/mod7.key.proof 
239891     DEBUG main            d.u.i.k.p.i.AbstractProblemLoader Environment load took 163.2ns 
239892     INFO  main            d.u.i.k.p.i.AbstractProblemLoader Creating init config 
242762     DEBUG main            d.u.i.k.p.i.AbstractProblemLoader Init config took 2.87s 
242780     INFO  main            d.u.i.k.p.i.AbstractProblemLoader Replaying proof mod7.key.proof 
242797     DEBUG main            d.u.i.k.p.i.IntermediateProofReplayer Proof replay took 14.23ms 
242799     DEBUG main            d.u.i.k.p.r.p.TestFile    ... success: reloaded. 
242800     INFO  main            d.u.i.k.p.r.p.TestFile    Now processing file /home/runner/work/key/key/key.core/../key.ui/examples/standard_key/arith/overflow_hija.key 
242800     INFO  main            d.u.i.k.p.i.AbstractProblemLoader Loading environment from /home/runner/work/key/key/key.core/../key.ui/examples/standard_key/arith/overflow_hija.key 
242800     DEBUG main            d.u.i.k.p.i.AbstractProblemLoader Environment load took 254.31ns 
242804     INFO  main            d.u.i.k.p.i.AbstractProblemLoader Creating init config 
245651     DEBUG main            d.u.i.k.p.i.AbstractProblemLoader Init config took 2.85s 
245679     INFO  main            d.u.i.k.p.i.AbstractProblemLoader Replaying proof overflow_hija.key 
245682     DEBUG main            d.u.i.k.p.i.IntermediateProofReplayer Proof replay took 6.8ns 
251545     INFO  main            d.u.i.k.p.r.p.TestFile    ... finished proof: closed. 
251901     INFO  main            d.u.i.k.p.i.AbstractProblemLoader Loading environment from /home/runner/work/key/key/key.core/../key.ui/examples/standard_key/arith/overflow_hija.key.proof 
251901     DEBUG main            d.u.i.k.p.i.AbstractProblemLoader Environment load took 206.7ns 
251903     INFO  main            d.u.i.k.p.i.AbstractProblemLoader Creating init config 
254709     DEBUG main            d.u.i.k.p.i.AbstractProblemLoader Init config took 2.81s 
254729     INFO  main            d.u.i.k.p.i.AbstractProblemLoader Replaying proof overflow_hija.key.proof 
255215     DEBUG main            d.u.i.k.p.i.IntermediateProofReplayer Proof replay took 477.49ms 
255218     DEBUG main            d.u.i.k.p.r.p.TestFile    ... success: reloaded. 
255219     INFO  main            d.u.i.k.p.r.p.TestFile    Now processing file /home/runner/work/key/key/key.core/../key.ui/examples/standard_key/arith/poly_division0.key 
255219     INFO  main            d.u.i.k.p.i.AbstractProblemLoader Loading environment from /home/runner/work/key/key/key.core/../key.ui/examples/standard_key/arith/poly_division0.key 
255219     DEBUG main            d.u.i.k.p.i.AbstractProblemLoader Environment load took 100.5ns 
255221     INFO  main            d.u.i.k.p.i.AbstractProblemLoader Creating init config 
258235     DEBUG main            d.u.i.k.p.i.AbstractProblemLoader Init config took 3.01s 
258249     INFO  main            d.u.i.k.p.i.AbstractProblemLoader Replaying proof poly_division0.key 
258251     DEBUG main            d.u.i.k.p.i.IntermediateProofReplayer Proof replay took 7.5ns 
258353     INFO  main            d.u.i.k.p.r.p.TestFile    ... finished proof: closed. 
258729     INFO  main            d.u.i.k.p.i.AbstractProblemLoader Loading environment from /home/runner/work/key/key/key.core/../key.ui/examples/standard_key/arith/poly_division0.key.proof 
258729     DEBUG main            d.u.i.k.p.i.AbstractProblemLoader Environment load took 150ns 
258730     INFO  main            d.u.i.k.p.i.AbstractProblemLoader Creating init config 
261664     DEBUG main            d.u.i.k.p.i.AbstractProblemLoader Init config took 2.93s 
261679     INFO  main            d.u.i.k.p.i.AbstractProblemLoader Replaying proof poly_division0.key.proof 
261693     DEBUG main            d.u.i.k.p.i.IntermediateProofReplayer Proof replay took 12.64ms 
261694     DEBUG main            d.u.i.k.p.r.p.TestFile    ... success: reloaded. 
261695     INFO  main            d.u.i.k.p.r.p.TestFile    Now processing file /home/runner/work/key/key/key.core/../key.ui/examples/standard_key/arith/poly_division1.key 
261695     INFO  main            d.u.i.k.p.i.AbstractProblemLoader Loading environment from /home/runner/work/key/key/key.core/../key.ui/examples/standard_key/arith/poly_division1.key 
261695     DEBUG main            d.u.i.k.p.i.AbstractProblemLoader Environment load took 110.8ns 
261697     INFO  main            d.u.i.k.p.i.AbstractProblemLoader Creating init config 
264586     DEBUG main            d.u.i.k.p.i.AbstractProblemLoader Init config took 2.89s 
264602     INFO  main            d.u.i.k.p.i.AbstractProblemLoader Replaying proof poly_division1.key 
264603     DEBUG main            d.u.i.k.p.i.IntermediateProofReplayer Proof replay took 6.2ns 
264705     INFO  main            d.u.i.k.p.r.p.TestFile    ... finished proof: closed. 
265049     INFO  main            d.u.i.k.p.i.AbstractProblemLoader Loading environment from /home/runner/work/key/key/key.core/../key.ui/examples/standard_key/arith/poly_division1.key.proof 
265049     DEBUG main            d.u.i.k.p.i.AbstractProblemLoader Environment load took 127.3ns 
265050     INFO  main            d.u.i.k.p.i.AbstractProblemLoader Creating init config 
267908     DEBUG main            d.u.i.k.p.i.AbstractProblemLoader Init config took 2.86s 
267926     INFO  main            d.u.i.k.p.i.AbstractProblemLoader Replaying proof poly_division1.key.proof 
267938     DEBUG main            d.u.i.k.p.i.IntermediateProofReplayer Proof replay took 8.75ms 
267939     DEBUG main            d.u.i.k.p.r.p.TestFile    ... success: reloaded. 
267939     INFO  main            d.u.i.k.p.r.p.TestFile    Now processing file /home/runner/work/key/key/key.core/../key.ui/examples/standard_key/inEqSimp/division.key 
267940     INFO  main            d.u.i.k.p.i.AbstractProblemLoader Loading environment from /home/runner/work/key/key/key.core/../key.ui/examples/standard_key/inEqSimp/division.key 
267940     DEBUG main            d.u.i.k.p.i.AbstractProblemLoader Environment load took 221ns 
267941     INFO  main            d.u.i.k.p.i.AbstractProblemLoader Creating init config 
270787     DEBUG main            d.u.i.k.p.i.AbstractProblemLoader Init config took 2.85s 
270804     INFO  main            d.u.i.k.p.i.AbstractProblemLoader Replaying proof division.key 
270807     DEBUG main            d.u.i.k.p.i.IntermediateProofReplayer Proof replay took 8ns 
273421     INFO  main            d.u.i.k.p.r.p.TestFile    ... finished proof: closed. 
273768     INFO  main            d.u.i.k.p.i.AbstractProblemLoader Loading environment from /home/runner/work/key/key/key.core/../key.ui/examples/standard_key/inEqSimp/division.key.proof 
273768     DEBUG main            d.u.i.k.p.i.AbstractProblemLoader Environment load took 120.3ns 
273769     INFO  main            d.u.i.k.p.i.AbstractProblemLoader Creating init config 
276518     DEBUG main            d.u.i.k.p.i.AbstractProblemLoader Init config took 2.75s 
276532     INFO  main            d.u.i.k.p.i.AbstractProblemLoader Replaying proof division.key.proof 
276632     DEBUG main            d.u.i.k.p.i.IntermediateProofReplayer Proof replay took 93.06ms 
276634     DEBUG main            d.u.i.k.p.r.p.TestFile    ... success: reloaded. 
276635     INFO  main            d.u.i.k.p.r.p.TestFile    Now processing file /home/runner/work/key/key/key.core/../key.ui/examples/standard_key/inEqSimp/inequations0.key 
276636     INFO  main            d.u.i.k.p.i.AbstractProblemLoader Loading environment from /home/runner/work/key/key/key.core/../key.ui/examples/standard_key/inEqSimp/inequations0.key 
276636     DEBUG main            d.u.i.k.p.i.AbstractProblemLoader Environment load took 220.8ns 
276637     INFO  main            d.u.i.k.p.i.AbstractProblemLoader Creating init config 
279505     DEBUG main            d.u.i.k.p.i.AbstractProblemLoader Init config took 2.87s 
279518     INFO  main            d.u.i.k.p.i.AbstractProblemLoader Replaying proof inequations0.key 
279519     DEBUG main            d.u.i.k.p.i.IntermediateProofReplayer Proof replay took 36.6ns 
279622     INFO  main            d.u.i.k.p.r.p.TestFile    ... finished proof: closed. 
279973     INFO  main            d.u.i.k.p.i.AbstractProblemLoader Loading environment from /home/runner/work/key/key/key.core/../key.ui/examples/standard_key/inEqSimp/inequations0.key.proof 
279973     DEBUG main            d.u.i.k.p.i.AbstractProblemLoader Environment load took 105.6ns 
279974     INFO  main            d.u.i.k.p.i.AbstractProblemLoader Creating init config 
282925     DEBUG main            d.u.i.k.p.i.AbstractProblemLoader Init config took 2.95s 
282941     INFO  main            d.u.i.k.p.i.AbstractProblemLoader Replaying proof inequations0.key.proof 
282946     DEBUG main            d.u.i.k.p.i.IntermediateProofReplayer Proof replay took 3.2ms 
282947     DEBUG main            d.u.i.k.p.r.p.TestFile    ... success: reloaded. 
282947     INFO  main            d.u.i.k.p.r.p.TestFile    Now processing file /home/runner/work/key/key/key.core/../key.ui/examples/standard_key/inEqSimp/inequations1.key 
282948     INFO  main            d.u.i.k.p.i.AbstractProblemLoader Loading environment from /home/runner/work/key/key/key.core/../key.ui/examples/standard_key/inEqSimp/inequations1.key 
282948     DEBUG main            d.u.i.k.p.i.AbstractProblemLoader Environment load took 98.1ns 
282949     INFO  main            d.u.i.k.p.i.AbstractProblemLoader Creating init config 
285830     DEBUG main            d.u.i.k.p.i.AbstractProblemLoader Init config took 2.88s 
285843     INFO  main            d.u.i.k.p.i.AbstractProblemLoader Replaying proof inequations1.key 
285845     DEBUG main            d.u.i.k.p.i.IntermediateProofReplayer Proof replay took 3.6ns 
285947     INFO  main            d.u.i.k.p.r.p.TestFile    ... finished proof: closed. 
286294     INFO  main            d.u.i.k.p.i.AbstractProblemLoader Loading environment from /home/runner/work/key/key/key.core/../key.ui/examples/standard_key/inEqSimp/inequations1.key.proof 
286294     DEBUG main            d.u.i.k.p.i.AbstractProblemLoader Environment load took 117.1ns 
286296     INFO  main            d.u.i.k.p.i.AbstractProblemLoader Creating init config 
289010     DEBUG main            d.u.i.k.p.i.AbstractProblemLoader Init config took 2.71s 
289024     INFO  main            d.u.i.k.p.i.AbstractProblemLoader Replaying proof inequations1.key.proof 
289028     DEBUG main            d.u.i.k.p.i.IntermediateProofReplayer Proof replay took 2.08ms 
289029     DEBUG main            d.u.i.k.p.r.p.TestFile    ... success: reloaded. 
289030     INFO  main            d.u.i.k.p.r.p.TestFile    Now processing file /home/runner/work/key/key/key.core/../key.ui/examples/standard_key/inEqSimp/inequations2.key 
289030     INFO  main            d.u.i.k.p.i.AbstractProblemLoader Loading environment from /home/runner/work/key/key/key.core/../key.ui/examples/standard_key/inEqSimp/inequations2.key 
289030     DEBUG main            d.u.i.k.p.i.AbstractProblemLoader Environment load took 92.7ns 
289031     INFO  main            d.u.i.k.p.i.AbstractProblemLoader Creating init config 
291888     DEBUG main            d.u.i.k.p.i.AbstractProblemLoader Init config took 2.86s 
291901     INFO  main            d.u.i.k.p.i.AbstractProblemLoader Replaying proof inequations2.key 
291903     DEBUG main            d.u.i.k.p.i.IntermediateProofReplayer Proof replay took 3.2ns 
292004     INFO  main            d.u.i.k.p.r.p.TestFile    ... finished proof: closed. 
292364     INFO  main            d.u.i.k.p.i.AbstractProblemLoader Loading environment from /home/runner/work/key/key/key.core/../key.ui/examples/standard_key/inEqSimp/inequations2.key.proof 
292364     DEBUG main            d.u.i.k.p.i.AbstractProblemLoader Environment load took 117.2ns 
292365     INFO  main            d.u.i.k.p.i.AbstractProblemLoader Creating init config 
295305     DEBUG main            d.u.i.k.p.i.AbstractProblemLoader Init config took 2.94s 
295322     INFO  main            d.u.i.k.p.i.AbstractProblemLoader Replaying proof inequations2.key.proof 
295327     DEBUG main            d.u.i.k.p.i.IntermediateProofReplayer Proof replay took 1.91ms 
295327     DEBUG main            d.u.i.k.p.r.p.TestFile    ... success: reloaded. 
295328     INFO  main            d.u.i.k.p.r.p.TestFile    Now processing file /home/runner/work/key/key/key.core/../key.ui/examples/standard_key/inEqSimp/linApprox.key 
295329     INFO  main            d.u.i.k.p.i.AbstractProblemLoader Loading environment from /home/runner/work/key/key/key.core/../key.ui/examples/standard_key/inEqSimp/linApprox.key 
295329     DEBUG main            d.u.i.k.p.i.AbstractProblemLoader Environment load took 216.7ns 
295330     INFO  main            d.u.i.k.p.i.AbstractProblemLoader Creating init config 
298269     DEBUG main            d.u.i.k.p.i.AbstractProblemLoader Init config took 2.94s 
298285     INFO  main            d.u.i.k.p.i.AbstractProblemLoader Replaying proof linApprox.key 
298288     DEBUG main            d.u.i.k.p.i.IntermediateProofReplayer Proof replay took 4.1ns 
298391     INFO  main            d.u.i.k.p.r.p.TestFile    ... finished proof: closed. 
298746     INFO  main            d.u.i.k.p.i.AbstractProblemLoader Loading environment from /home/runner/work/key/key/key.core/../key.ui/examples/standard_key/inEqSimp/linApprox.key.proof 
298747     DEBUG main            d.u.i.k.p.i.AbstractProblemLoader Environment load took 108ns 
298748     INFO  main            d.u.i.k.p.i.AbstractProblemLoader Creating init config 
301595     DEBUG main            d.u.i.k.p.i.AbstractProblemLoader Init config took 2.85s 
301612     INFO  main            d.u.i.k.p.i.AbstractProblemLoader Replaying proof linApprox.key.proof 
301617     DEBUG main            d.u.i.k.p.i.IntermediateProofReplayer Proof replay took 3.45ms 
301618     DEBUG main            d.u.i.k.p.r.p.TestFile    ... success: reloaded. 
301618     INFO  main            d.u.i.k.p.r.p.TestFile    Now processing file /home/runner/work/key/key/key.core/../key.ui/examples/standard_key/inEqSimp/nonLinInEqExample0.key 
301619     INFO  main            d.u.i.k.p.i.AbstractProblemLoader Loading environment from /home/runner/work/key/key/key.core/../key.ui/examples/standard_key/inEqSimp/nonLinInEqExample0.key 
301619     DEBUG main            d.u.i.k.p.i.AbstractProblemLoader Environment load took 51.9ns 
301620     INFO  main            d.u.i.k.p.i.AbstractProblemLoader Creating init config 
304507     DEBUG main            d.u.i.k.p.i.AbstractProblemLoader Init config took 2.89s 
304520     INFO  main            d.u.i.k.p.i.AbstractProblemLoader Replaying proof nonLinInEqExample0.key 
304522     DEBUG main            d.u.i.k.p.i.IntermediateProofReplayer Proof replay took 3.7ns 
304629     INFO  main            d.u.i.k.p.r.p.TestFile    ... finished proof: closed. 
304989     INFO  main            d.u.i.k.p.i.AbstractProblemLoader Loading environment from /home/runner/work/key/key/key.core/../key.ui/examples/standard_key/inEqSimp/nonLinInEqExample0.key.proof 
304990     DEBUG main            d.u.i.k.p.i.AbstractProblemLoader Environment load took 87.2ns 
304991     INFO  main            d.u.i.k.p.i.AbstractProblemLoader Creating init config 
307675     DEBUG main            d.u.i.k.p.i.AbstractProblemLoader Init config took 2.68s 
307690     INFO  main            d.u.i.k.p.i.AbstractProblemLoader Replaying proof nonLinInEqExample0.key.proof 
307692     DEBUG main            d.u.i.k.p.i.IntermediateProofReplayer Proof replay took 1.22ms 
307693     DEBUG main            d.u.i.k.p.r.p.TestFile    ... success: reloaded. 
307694     INFO  main            d.u.i.k.p.r.p.TestFile    Now processing file /home/runner/work/key/key/key.core/../key.ui/examples/standard_key/inEqSimp/nonLinInEqExample2.key 
307694     INFO  main            d.u.i.k.p.i.AbstractProblemLoader Loading environment from /home/runner/work/key/key/key.core/../key.ui/examples/standard_key/inEqSimp/nonLinInEqExample2.key 
307694     DEBUG main            d.u.i.k.p.i.AbstractProblemLoader Environment load took 134.6ns 
307696     INFO  main            d.u.i.k.p.i.AbstractProblemLoader Creating init config 
310440     DEBUG main            d.u.i.k.p.i.AbstractProblemLoader Init config took 2.74s 
310455     INFO  main            d.u.i.k.p.i.AbstractProblemLoader Replaying proof nonLinInEqExample2.key 
310457     DEBUG main            d.u.i.k.p.i.IntermediateProofReplayer Proof replay took 3.2ns 
310867     INFO  main            d.u.i.k.p.r.p.TestFile    ... finished proof: closed. 
311232     INFO  main            d.u.i.k.p.i.AbstractProblemLoader Loading environment from /home/runner/work/key/key/key.core/../key.ui/examples/standard_key/inEqSimp/nonLinInEqExample2.key.proof 
311233     DEBUG main            d.u.i.k.p.i.AbstractProblemLoader Environment load took 535.21ns 
311234     INFO  main            d.u.i.k.p.i.AbstractProblemLoader Creating init config 
314103     DEBUG main            d.u.i.k.p.i.AbstractProblemLoader Init config took 2.87s 
314117     INFO  main            d.u.i.k.p.i.AbstractProblemLoader Replaying proof nonLinInEqExample2.key.proof 
314156     DEBUG main            d.u.i.k.p.i.IntermediateProofReplayer Proof replay took 34.42ms 
314157     DEBUG main            d.u.i.k.p.r.p.TestFile    ... success: reloaded. 
314158     INFO  main            d.u.i.k.p.r.p.TestFile    Now processing file /home/runner/work/key/key/key.core/../key.ui/examples/standard_key/inEqSimp/nonLinInEqExample3.key 
314158     INFO  main            d.u.i.k.p.i.AbstractProblemLoader Loading environment from /home/runner/work/key/key/key.core/../key.ui/examples/standard_key/inEqSimp/nonLinInEqExample3.key 
314158     DEBUG main            d.u.i.k.p.i.AbstractProblemLoader Environment load took 56.2ns 
314159     INFO  main            d.u.i.k.p.i.AbstractProblemLoader Creating init config 
316936     DEBUG main            d.u.i.k.p.i.AbstractProblemLoader Init config took 2.78s 
316956     INFO  main            d.u.i.k.p.i.AbstractProblemLoader Replaying proof nonLinInEqExample3.key 
316958     DEBUG main            d.u.i.k.p.i.IntermediateProofReplayer Proof replay took 3.5ns 
317263     INFO  main            d.u.i.k.p.r.p.TestFile    ... finished proof: closed. 
317634     INFO  main            d.u.i.k.p.i.AbstractProblemLoader Loading environment from /home/runner/work/key/key/key.core/../key.ui/examples/standard_key/inEqSimp/nonLinInEqExample3.key.proof 
317634     DEBUG main            d.u.i.k.p.i.AbstractProblemLoader Environment load took 86.5ns 
317635     INFO  main            d.u.i.k.p.i.AbstractProblemLoader Creating init config 
320360     DEBUG main            d.u.i.k.p.i.AbstractProblemLoader Init config took 2.73s 
320376     INFO  main            d.u.i.k.p.i.AbstractProblemLoader Replaying proof nonLinInEqExample3.key.proof 
320398     DEBUG main            d.u.i.k.p.i.IntermediateProofReplayer Proof replay took 19.92ms 
320399     DEBUG main            d.u.i.k.p.r.p.TestFile    ... success: reloaded. 
320400     INFO  main            d.u.i.k.p.r.p.TestFile    Now processing file /home/runner/work/key/key/key.core/../key.ui/examples/standard_key/inEqSimp/nonLinInEqExample4.key 
320400     INFO  main            d.u.i.k.p.i.AbstractProblemLoader Loading environment from /home/runner/work/key/key/key.core/../key.ui/examples/standard_key/inEqSimp/nonLinInEqExample4.key 
320400     DEBUG main            d.u.i.k.p.i.AbstractProblemLoader Environment load took 98.3ns 
320401     INFO  main            d.u.i.k.p.i.AbstractProblemLoader Creating init config 
323258     DEBUG main            d.u.i.k.p.i.AbstractProblemLoader Init config took 2.86s 
323274     INFO  main            d.u.i.k.p.i.AbstractProblemLoader Replaying proof nonLinInEqExample4.key 
323276     DEBUG main            d.u.i.k.p.i.IntermediateProofReplayer Proof replay took 3.5ns 
323379     INFO  main            d.u.i.k.p.r.p.TestFile    ... finished proof: closed. 
323773     INFO  main            d.u.i.k.p.i.AbstractProblemLoader Loading environment from /home/runner/work/key/key/key.core/../key.ui/examples/standard_key/inEqSimp/nonLinInEqExample4.key.proof 
323773     DEBUG main            d.u.i.k.p.i.AbstractProblemLoader Environment load took 105.3ns 
323774     INFO  main            d.u.i.k.p.i.AbstractProblemLoader Creating init config 
326543     DEBUG main            d.u.i.k.p.i.AbstractProblemLoader Init config took 2.77s 
326558     INFO  main            d.u.i.k.p.i.AbstractProblemLoader Replaying proof nonLinInEqExample4.key.proof 
326565     DEBUG main            d.u.i.k.p.i.IntermediateProofReplayer Proof replay took 5.01ms 
326566     DEBUG main            d.u.i.k.p.r.p.TestFile    ... success: reloaded. 
326568     INFO  main            d.u.i.k.p.r.p.TestFile    Now processing file /home/runner/work/key/key/key.core/../key.ui/examples/standard_key/inEqSimp/quadraticInEq.key 
326568     INFO  main            d.u.i.k.p.i.AbstractProblemLoader Loading environment from /home/runner/work/key/key/key.core/../key.ui/examples/standard_key/inEqSimp/quadraticInEq.key 
326569     DEBUG main            d.u.i.k.p.i.AbstractProblemLoader Environment load took 305.2ns 
326570     INFO  main            d.u.i.k.p.i.AbstractProblemLoader Creating init config 
329435     DEBUG main            d.u.i.k.p.i.AbstractProblemLoader Init config took 2.86s 
329452     INFO  main            d.u.i.k.p.i.AbstractProblemLoader Replaying proof quadraticInEq.key 
329454     DEBUG main            d.u.i.k.p.i.IntermediateProofReplayer Proof replay took 3.9ns 
329859     INFO  main            d.u.i.k.p.r.p.TestFile    ... finished proof: closed. 
330277     INFO  main            d.u.i.k.p.i.AbstractProblemLoader Loading environment from /home/runner/work/key/key/key.core/../key.ui/examples/standard_key/inEqSimp/quadraticInEq.key.proof 
330277     DEBUG main            d.u.i.k.p.i.AbstractProblemLoader Environment load took 126.9ns 
330279     INFO  main            d.u.i.k.p.i.AbstractProblemLoader Creating init config 
333014     DEBUG main            d.u.i.k.p.i.AbstractProblemLoader Init config took 2.73s 
333028     INFO  main            d.u.i.k.p.i.AbstractProblemLoader Replaying proof quadraticInEq.key.proof 
333085     DEBUG main            d.u.i.k.p.i.IntermediateProofReplayer Proof replay took 53.17ms 
333086     DEBUG main            d.u.i.k.p.r.p.TestFile    ... success: reloaded. 
333087     INFO  main            d.u.i.k.p.r.p.TestFile    Now processing file /home/runner/work/key/key/key.core/../key.ui/examples/standard_key/inEqSimp/quadraticInEq10.key 
333087     INFO  main            d.u.i.k.p.i.AbstractProblemLoader Loading environment from /home/runner/work/key/key/key.core/../key.ui/examples/standard_key/inEqSimp/quadraticInEq10.key 
333087     DEBUG main            d.u.i.k.p.i.AbstractProblemLoader Environment load took 99.7ns 
333089     INFO  main            d.u.i.k.p.i.AbstractProblemLoader Creating init config 
335971     DEBUG main            d.u.i.k.p.i.AbstractProblemLoader Init config took 2.88s 
335986     INFO  main            d.u.i.k.p.i.AbstractProblemLoader Replaying proof quadraticInEq10.key 
335988     DEBUG main            d.u.i.k.p.i.IntermediateProofReplayer Proof replay took 3.1ns 
336192     INFO  main            d.u.i.k.p.r.p.TestFile    ... finished proof: closed. 
336600     INFO  main            d.u.i.k.p.i.AbstractProblemLoader Loading environment from /home/runner/work/key/key/key.core/../key.ui/examples/standard_key/inEqSimp/quadraticInEq10.key.proof 
336600     DEBUG main            d.u.i.k.p.i.AbstractProblemLoader Environment load took 171.4ns 
336601     INFO  main            d.u.i.k.p.i.AbstractProblemLoader Creating init config 
339510     DEBUG main            d.u.i.k.p.i.AbstractProblemLoader Init config took 2.91s 
339530     INFO  main            d.u.i.k.p.i.AbstractProblemLoader Replaying proof quadraticInEq10.key.proof 
339551     DEBUG main            d.u.i.k.p.i.IntermediateProofReplayer Proof replay took 18.96ms 
339553     DEBUG main            d.u.i.k.p.r.p.TestFile    ... success: reloaded. 
339554     INFO  main            d.u.i.k.p.r.p.TestFile    Now processing file /home/runner/work/key/key/key.core/../key.ui/examples/standard_key/inEqSimp/quadraticInEq13.key 
339554     INFO  main            d.u.i.k.p.i.AbstractProblemLoader Loading environment from /home/runner/work/key/key/key.core/../key.ui/examples/standard_key/inEqSimp/quadraticInEq13.key 
339554     DEBUG main            d.u.i.k.p.i.AbstractProblemLoader Environment load took 76.6ns 
339555     INFO  main            d.u.i.k.p.i.AbstractProblemLoader Creating init config 
342373     DEBUG main            d.u.i.k.p.i.AbstractProblemLoader Init config took 2.82s 
342386     INFO  main            d.u.i.k.p.i.AbstractProblemLoader Replaying proof quadraticInEq13.key 
342387     DEBUG main            d.u.i.k.p.i.IntermediateProofReplayer Proof replay took 3.5ns 
342690     INFO  main            d.u.i.k.p.r.p.TestFile    ... finished proof: closed. 
343101     INFO  main            d.u.i.k.p.i.AbstractProblemLoader Loading environment from /home/runner/work/key/key/key.core/../key.ui/examples/standard_key/inEqSimp/quadraticInEq13.key.proof 
343102     DEBUG main            d.u.i.k.p.i.AbstractProblemLoader Environment load took 547.71ns 
343104     INFO  main            d.u.i.k.p.i.AbstractProblemLoader Creating init config 
346122     DEBUG main            d.u.i.k.p.i.AbstractProblemLoader Init config took 3.02s 
346138     INFO  main            d.u.i.k.p.i.AbstractProblemLoader Replaying proof quadraticInEq13.key.proof 
346165     DEBUG main            d.u.i.k.p.i.IntermediateProofReplayer Proof replay took 24.46ms 
346166     DEBUG main            d.u.i.k.p.r.p.TestFile    ... success: reloaded. 
346167     INFO  main            d.u.i.k.p.r.p.TestFile    Now processing file /home/runner/work/key/key/key.core/../key.ui/examples/standard_key/inEqSimp/quadraticInEq14.key 
346168     INFO  main            d.u.i.k.p.i.AbstractProblemLoader Loading environment from /home/runner/work/key/key/key.core/../key.ui/examples/standard_key/inEqSimp/quadraticInEq14.key 
346168     DEBUG main            d.u.i.k.p.i.AbstractProblemLoader Environment load took 63.4ns 
346169     INFO  main            d.u.i.k.p.i.AbstractProblemLoader Creating init config 
349293     DEBUG main            d.u.i.k.p.i.AbstractProblemLoader Init config took 3.12s 
349309     INFO  main            d.u.i.k.p.i.AbstractProblemLoader Replaying proof quadraticInEq14.key 
349311     DEBUG main            d.u.i.k.p.i.IntermediateProofReplayer Proof replay took 3.5ns 
349716     INFO  main            d.u.i.k.p.r.p.TestFile    ... finished proof: closed. 
350195     INFO  main            d.u.i.k.p.i.AbstractProblemLoader Loading environment from /home/runner/work/key/key/key.core/../key.ui/examples/standard_key/inEqSimp/quadraticInEq14.key.proof 
350196     DEBUG main            d.u.i.k.p.i.AbstractProblemLoader Environment load took 686.31ns 
350198     INFO  main            d.u.i.k.p.i.AbstractProblemLoader Creating init config 
353223     DEBUG main            d.u.i.k.p.i.AbstractProblemLoader Init config took 3.03s 
353240     INFO  main            d.u.i.k.p.i.AbstractProblemLoader Replaying proof quadraticInEq14.key.proof 
353273     DEBUG main            d.u.i.k.p.i.IntermediateProofReplayer Proof replay took 29.52ms 
353274     DEBUG main            d.u.i.k.p.r.p.TestFile    ... success: reloaded. 
353275     INFO  main            d.u.i.k.p.r.p.TestFile    Now processing file /home/runner/work/key/key/key.core/../key.ui/examples/standard_key/inEqSimp/quadraticInEq2.key 
353275     INFO  main            d.u.i.k.p.i.AbstractProblemLoader Loading environment from /home/runner/work/key/key/key.core/../key.ui/examples/standard_key/inEqSimp/quadraticInEq2.key 
353275     DEBUG main            d.u.i.k.p.i.AbstractProblemLoader Environment load took 60ns 
353276     INFO  main            d.u.i.k.p.i.AbstractProblemLoader Creating init config 
356551     DEBUG main            d.u.i.k.p.i.AbstractProblemLoader Init config took 3.27s 
356566     INFO  main            d.u.i.k.p.i.AbstractProblemLoader Replaying proof quadraticInEq2.key 
356567     DEBUG main            d.u.i.k.p.i.IntermediateProofReplayer Proof replay took 3.9ns 
356672     INFO  main            d.u.i.k.p.r.p.TestFile    ... finished proof: closed. 
357118     INFO  main            d.u.i.k.p.i.AbstractProblemLoader Loading environment from /home/runner/work/key/key/key.core/../key.ui/examples/standard_key/inEqSimp/quadraticInEq2.key.proof 
357118     DEBUG main            d.u.i.k.p.i.AbstractProblemLoader Environment load took 135.1ns 
357119     INFO  main            d.u.i.k.p.i.AbstractProblemLoader Creating init config 
360002     DEBUG main            d.u.i.k.p.i.AbstractProblemLoader Init config took 2.88s 
360018     INFO  main            d.u.i.k.p.i.AbstractProblemLoader Replaying proof quadraticInEq2.key.proof 
360025     DEBUG main            d.u.i.k.p.i.IntermediateProofReplayer Proof replay took 3.71ms 
360026     DEBUG main            d.u.i.k.p.r.p.TestFile    ... success: reloaded. 
360027     INFO  main            d.u.i.k.p.r.p.TestFile    Now processing file /home/runner/work/key/key/key.core/../key.ui/examples/standard_key/inEqSimp/quadraticInEq3.key 
360027     INFO  main            d.u.i.k.p.i.AbstractProblemLoader Loading environment from /home/runner/work/key/key/key.core/../key.ui/examples/standard_key/inEqSimp/quadraticInEq3.key 
360027     DEBUG main            d.u.i.k.p.i.AbstractProblemLoader Environment load took 88.3ns 
360028     INFO  main            d.u.i.k.p.i.AbstractProblemLoader Creating init config 
363109     DEBUG main            d.u.i.k.p.i.AbstractProblemLoader Init config took 3.08s 
363125     INFO  main            d.u.i.k.p.i.AbstractProblemLoader Replaying proof quadraticInEq3.key 
363127     DEBUG main            d.u.i.k.p.i.IntermediateProofReplayer Proof replay took 3.6ns 
363229     INFO  main            d.u.i.k.p.r.p.TestFile    ... finished proof: closed. 
363678     INFO  main            d.u.i.k.p.i.AbstractProblemLoader Loading environment from /home/runner/work/key/key/key.core/../key.ui/examples/standard_key/inEqSimp/quadraticInEq3.key.proof 
363678     DEBUG main            d.u.i.k.p.i.AbstractProblemLoader Environment load took 90.6ns 
363679     INFO  main            d.u.i.k.p.i.AbstractProblemLoader Creating init config 
366732     DEBUG main            d.u.i.k.p.i.AbstractProblemLoader Init config took 3.05s 
366748     INFO  main            d.u.i.k.p.i.AbstractProblemLoader Replaying proof quadraticInEq3.key.proof 
366758     DEBUG main            d.u.i.k.p.i.IntermediateProofReplayer Proof replay took 8.18ms 
366759     DEBUG main            d.u.i.k.p.r.p.TestFile    ... success: reloaded. 
366760     INFO  main            d.u.i.k.p.r.p.TestFile    Now processing file /home/runner/work/key/key/key.core/../key.ui/examples/standard_key/inEqSimp/quadraticInEq4.key 
366760     INFO  main            d.u.i.k.p.i.AbstractProblemLoader Loading environment from /home/runner/work/key/key/key.core/../key.ui/examples/standard_key/inEqSimp/quadraticInEq4.key 
366761     DEBUG main            d.u.i.k.p.i.AbstractProblemLoader Environment load took 99.6ns 
366762     INFO  main            d.u.i.k.p.i.AbstractProblemLoader Creating init config 
369831     DEBUG main            d.u.i.k.p.i.AbstractProblemLoader Init config took 3.07s 
369847     INFO  main            d.u.i.k.p.i.AbstractProblemLoader Replaying proof quadraticInEq4.key 
369849     DEBUG main            d.u.i.k.p.i.IntermediateProofReplayer Proof replay took 4.3ns 
369951     INFO  main            d.u.i.k.p.r.p.TestFile    ... finished proof: closed. 
370413     INFO  main            d.u.i.k.p.i.AbstractProblemLoader Loading environment from /home/runner/work/key/key/key.core/../key.ui/examples/standard_key/inEqSimp/quadraticInEq4.key.proof 
370413     DEBUG main            d.u.i.k.p.i.AbstractProblemLoader Environment load took 93.3ns 
370414     INFO  main            d.u.i.k.p.i.AbstractProblemLoader Creating init config 
373367     DEBUG main            d.u.i.k.p.i.AbstractProblemLoader Init config took 2.95s 
373382     INFO  main            d.u.i.k.p.i.AbstractProblemLoader Replaying proof quadraticInEq4.key.proof 
373391     DEBUG main            d.u.i.k.p.i.IntermediateProofReplayer Proof replay took 6.82ms 
373392     DEBUG main            d.u.i.k.p.r.p.TestFile    ... success: reloaded. 
373393     INFO  main            d.u.i.k.p.r.p.TestFile    Now processing file /home/runner/work/key/key/key.core/../key.ui/examples/standard_key/inEqSimp/quadraticInEq5.key 
373393     INFO  main            d.u.i.k.p.i.AbstractProblemLoader Loading environment from /home/runner/work/key/key/key.core/../key.ui/examples/standard_key/inEqSimp/quadraticInEq5.key 
373393     DEBUG main            d.u.i.k.p.i.AbstractProblemLoader Environment load took 93.7ns 
373394     INFO  main            d.u.i.k.p.i.AbstractProblemLoader Creating init config 
376528     DEBUG main            d.u.i.k.p.i.AbstractProblemLoader Init config took 3.13s 
376544     INFO  main            d.u.i.k.p.i.AbstractProblemLoader Replaying proof quadraticInEq5.key 
376545     DEBUG main            d.u.i.k.p.i.IntermediateProofReplayer Proof replay took 3.3ns 
376647     INFO  main            d.u.i.k.p.r.p.TestFile    ... finished proof: closed. 
377098     INFO  main            d.u.i.k.p.i.AbstractProblemLoader Loading environment from /home/runner/work/key/key/key.core/../key.ui/examples/standard_key/inEqSimp/quadraticInEq5.key.proof 
377098     DEBUG main            d.u.i.k.p.i.AbstractProblemLoader Environment load took 103.8ns 
377100     INFO  main            d.u.i.k.p.i.AbstractProblemLoader Creating init config 
379972     DEBUG main            d.u.i.k.p.i.AbstractProblemLoader Init config took 2.87s 
379986     INFO  main            d.u.i.k.p.i.AbstractProblemLoader Replaying proof quadraticInEq5.key.proof 
379993     DEBUG main            d.u.i.k.p.i.IntermediateProofReplayer Proof replay took 5.57ms 
379994     DEBUG main            d.u.i.k.p.r.p.TestFile    ... success: reloaded. 
379994     INFO  main            d.u.i.k.p.r.p.TestFile    Now processing file /home/runner/work/key/key/key.core/../key.ui/examples/standard_key/inEqSimp/quadraticInEq6.key 
379995     INFO  main            d.u.i.k.p.i.AbstractProblemLoader Loading environment from /home/runner/work/key/key/key.core/../key.ui/examples/standard_key/inEqSimp/quadraticInEq6.key 
379995     DEBUG main            d.u.i.k.p.i.AbstractProblemLoader Environment load took 94.2ns 
379996     INFO  main            d.u.i.k.p.i.AbstractProblemLoader Creating init config 
382787     DEBUG main            d.u.i.k.p.i.AbstractProblemLoader Init config took 2.79s 
382803     INFO  main            d.u.i.k.p.i.AbstractProblemLoader Replaying proof quadraticInEq6.key 
382805     DEBUG main            d.u.i.k.p.i.IntermediateProofReplayer Proof replay took 3.6ns 
382907     INFO  main            d.u.i.k.p.r.p.TestFile    ... finished proof: closed. 
383310     INFO  main            d.u.i.k.p.i.AbstractProblemLoader Loading environment from /home/runner/work/key/key/key.core/../key.ui/examples/standard_key/inEqSimp/quadraticInEq6.key.proof 
383310     DEBUG main            d.u.i.k.p.i.AbstractProblemLoader Environment load took 71.9ns 
383311     INFO  main            d.u.i.k.p.i.AbstractProblemLoader Creating init config 
386058     DEBUG main            d.u.i.k.p.i.AbstractProblemLoader Init config took 2.75s 
386073     INFO  main            d.u.i.k.p.i.AbstractProblemLoader Replaying proof quadraticInEq6.key.proof 
386079     DEBUG main            d.u.i.k.p.i.IntermediateProofReplayer Proof replay took 5.01ms 
386080     DEBUG main            d.u.i.k.p.r.p.TestFile    ... success: reloaded. 
386081     INFO  main            d.u.i.k.p.r.p.TestFile    Now processing file /home/runner/work/key/key/key.core/../key.ui/examples/standard_key/inEqSimp/quadraticInEq7.key 
386081     INFO  main            d.u.i.k.p.i.AbstractProblemLoader Loading environment from /home/runner/work/key/key/key.core/../key.ui/examples/standard_key/inEqSimp/quadraticInEq7.key 
386082     DEBUG main            d.u.i.k.p.i.AbstractProblemLoader Environment load took 216.5ns 
386083     INFO  main            d.u.i.k.p.i.AbstractProblemLoader Creating init config 
388953     DEBUG main            d.u.i.k.p.i.AbstractProblemLoader Init config took 2.87s 
388967     INFO  main            d.u.i.k.p.i.AbstractProblemLoader Replaying proof quadraticInEq7.key 
388969     DEBUG main            d.u.i.k.p.i.IntermediateProofReplayer Proof replay took 3.9ns 
389070     INFO  main            d.u.i.k.p.r.p.TestFile    ... finished proof: closed. 
389479     INFO  main            d.u.i.k.p.i.AbstractProblemLoader Loading environment from /home/runner/work/key/key/key.core/../key.ui/examples/standard_key/inEqSimp/quadraticInEq7.key.proof 
389479     DEBUG main            d.u.i.k.p.i.AbstractProblemLoader Environment load took 78.4ns 
389480     INFO  main            d.u.i.k.p.i.AbstractProblemLoader Creating init config 
392077     DEBUG main            d.u.i.k.p.i.AbstractProblemLoader Init config took 2.6s 
392091     INFO  main            d.u.i.k.p.i.AbstractProblemLoader Replaying proof quadraticInEq7.key.proof 
392096     DEBUG main            d.u.i.k.p.i.IntermediateProofReplayer Proof replay took 2.96ms 
392097     DEBUG main            d.u.i.k.p.r.p.TestFile    ... success: reloaded. 
392098     INFO  main            d.u.i.k.p.r.p.TestFile    Now processing file /home/runner/work/key/key/key.core/../key.ui/examples/standard_key/inEqSimp/quadraticInEq8.key 
392099     INFO  main            d.u.i.k.p.i.AbstractProblemLoader Loading environment from /home/runner/work/key/key/key.core/../key.ui/examples/standard_key/inEqSimp/quadraticInEq8.key 
392099     DEBUG main            d.u.i.k.p.i.AbstractProblemLoader Environment load took 75.6ns 
392100     INFO  main            d.u.i.k.p.i.AbstractProblemLoader Creating init config 
394865     DEBUG main            d.u.i.k.p.i.AbstractProblemLoader Init config took 2.76s 
394883     INFO  main            d.u.i.k.p.i.AbstractProblemLoader Replaying proof quadraticInEq8.key 
394885     DEBUG main            d.u.i.k.p.i.IntermediateProofReplayer Proof replay took 3.6ns 
395087     INFO  main            d.u.i.k.p.r.p.TestFile    ... finished proof: closed. 
395553     INFO  main            d.u.i.k.p.i.AbstractProblemLoader Loading environment from /home/runner/work/key/key/key.core/../key.ui/examples/standard_key/inEqSimp/quadraticInEq8.key.proof 
395553     DEBUG main            d.u.i.k.p.i.AbstractProblemLoader Environment load took 89.2ns 
395554     INFO  main            d.u.i.k.p.i.AbstractProblemLoader Creating init config 
398332     DEBUG main            d.u.i.k.p.i.AbstractProblemLoader Init config took 2.78s 
398345     INFO  main            d.u.i.k.p.i.AbstractProblemLoader Replaying proof quadraticInEq8.key.proof 
398357     DEBUG main            d.u.i.k.p.i.IntermediateProofReplayer Proof replay took 10.16ms 
398358     DEBUG main            d.u.i.k.p.r.p.TestFile    ... success: reloaded. 
398359     INFO  main            d.u.i.k.p.r.p.TestFile    Now processing file /home/runner/work/key/key/key.core/../key.ui/examples/standard_key/inEqSimp/simplify0.key 
398359     INFO  main            d.u.i.k.p.i.AbstractProblemLoader Loading environment from /home/runner/work/key/key/key.core/../key.ui/examples/standard_key/inEqSimp/simplify0.key 
398359     DEBUG main            d.u.i.k.p.i.AbstractProblemLoader Environment load took 106.7ns 
398360     INFO  main            d.u.i.k.p.i.AbstractProblemLoader Creating init config 
401032     DEBUG main            d.u.i.k.p.i.AbstractProblemLoader Init config took 2.67s 
401047     INFO  main            d.u.i.k.p.i.AbstractProblemLoader Replaying proof simplify0.key 
401048     DEBUG main            d.u.i.k.p.i.IntermediateProofReplayer Proof replay took 3.2ns 
401150     INFO  main            d.u.i.k.p.r.p.TestFile    ... finished proof: closed. 
401624     INFO  main            d.u.i.k.p.i.AbstractProblemLoader Loading environment from /home/runner/work/key/key/key.core/../key.ui/examples/standard_key/inEqSimp/simplify0.key.proof 
401624     DEBUG main            d.u.i.k.p.i.AbstractProblemLoader Environment load took 104.6ns 
401625     INFO  main            d.u.i.k.p.i.AbstractProblemLoader Creating init config 
404328     DEBUG main            d.u.i.k.p.i.AbstractProblemLoader Init config took 2.7s 
404344     INFO  main            d.u.i.k.p.i.AbstractProblemLoader Replaying proof simplify0.key.proof 
404349     DEBUG main            d.u.i.k.p.i.IntermediateProofReplayer Proof replay took 3.49ms 
404350     DEBUG main            d.u.i.k.p.r.p.TestFile    ... success: reloaded. 
404350     INFO  main            d.u.i.k.p.r.p.TestFile    Now processing file /home/runner/work/key/key/key.core/../key.ui/examples/standard_key/inEqSimp/simplify1.key 
404350     INFO  main            d.u.i.k.p.i.AbstractProblemLoader Loading environment from /home/runner/work/key/key/key.core/../key.ui/examples/standard_key/inEqSimp/simplify1.key 
404350     DEBUG main            d.u.i.k.p.i.AbstractProblemLoader Environment load took 65.4ns 
404351     INFO  main            d.u.i.k.p.i.AbstractProblemLoader Creating init config 
407120     DEBUG main            d.u.i.k.p.i.AbstractProblemLoader Init config took 2.77s 
407133     INFO  main            d.u.i.k.p.i.AbstractProblemLoader Replaying proof simplify1.key 
407134     DEBUG main            d.u.i.k.p.i.IntermediateProofReplayer Proof replay took 3.3ns 
407237     INFO  main            d.u.i.k.p.r.p.TestFile    ... finished proof: closed. 
407699     INFO  main            d.u.i.k.p.i.AbstractProblemLoader Loading environment from /home/runner/work/key/key/key.core/../key.ui/examples/standard_key/inEqSimp/simplify1.key.proof 
407699     DEBUG main            d.u.i.k.p.i.AbstractProblemLoader Environment load took 85.7ns 
407700     INFO  main            d.u.i.k.p.i.AbstractProblemLoader Creating init config 
410378     DEBUG main            d.u.i.k.p.i.AbstractProblemLoader Init config took 2.68s 
410395     INFO  main            d.u.i.k.p.i.AbstractProblemLoader Replaying proof simplify1.key.proof 
410398     DEBUG main            d.u.i.k.p.i.IntermediateProofReplayer Proof replay took 1.44ms 
410399     DEBUG main            d.u.i.k.p.r.p.TestFile    ... success: reloaded. 
410399     INFO  main            d.u.i.k.p.r.p.TestFile    Now processing file /home/runner/work/key/key/key.core/../key.ui/examples/standard_key/inEqSimp/simplify2.key 
410400     INFO  main            d.u.i.k.p.i.AbstractProblemLoader Loading environment from /home/runner/work/key/key/key.core/../key.ui/examples/standard_key/inEqSimp/simplify2.key 
410400     DEBUG main            d.u.i.k.p.i.AbstractProblemLoader Environment load took 102.6ns 
410401     INFO  main            d.u.i.k.p.i.AbstractProblemLoader Creating init config 
413074     DEBUG main            d.u.i.k.p.i.AbstractProblemLoader Init config took 2.67s 
413092     INFO  main            d.u.i.k.p.i.AbstractProblemLoader Replaying proof simplify2.key 
413093     DEBUG main            d.u.i.k.p.i.IntermediateProofReplayer Proof replay took 3.8ns 
413296     INFO  main            d.u.i.k.p.r.p.TestFile    ... finished proof: closed. 
413761     INFO  main            d.u.i.k.p.i.AbstractProblemLoader Loading environment from /home/runner/work/key/key/key.core/../key.ui/examples/standard_key/inEqSimp/simplify2.key.proof 
413761     DEBUG main            d.u.i.k.p.i.AbstractProblemLoader Environment load took 72.4ns 
413762     INFO  main            d.u.i.k.p.i.AbstractProblemLoader Creating init config 
416488     DEBUG main            d.u.i.k.p.i.AbstractProblemLoader Init config took 2.73s 
416502     INFO  main            d.u.i.k.p.i.AbstractProblemLoader Replaying proof simplify2.key.proof 
416517     DEBUG main            d.u.i.k.p.i.IntermediateProofReplayer Proof replay took 13.2ms 
416518     DEBUG main            d.u.i.k.p.r.p.TestFile    ... success: reloaded. 
416519     INFO  main            d.u.i.k.p.r.p.TestFile    Now processing file /home/runner/work/key/key/key.core/../key.ui/examples/standard_key/inEqSimp/simplify3.key 
416519     INFO  main            d.u.i.k.p.i.AbstractProblemLoader Loading environment from /home/runner/work/key/key/key.core/../key.ui/examples/standard_key/inEqSimp/simplify3.key 
416519     DEBUG main            d.u.i.k.p.i.AbstractProblemLoader Environment load took 87.8ns 
416520     INFO  main            d.u.i.k.p.i.AbstractProblemLoader Creating init config 
419341     DEBUG main            d.u.i.k.p.i.AbstractProblemLoader Init config took 2.82s 
419354     INFO  main            d.u.i.k.p.i.AbstractProblemLoader Replaying proof simplify3.key 
419355     DEBUG main            d.u.i.k.p.i.IntermediateProofReplayer Proof replay took 3.6ns 
419457     INFO  main            d.u.i.k.p.r.p.TestFile    ... finished proof: closed. 
419930     INFO  main            d.u.i.k.p.i.AbstractProblemLoader Loading environment from /home/runner/work/key/key/key.core/../key.ui/examples/standard_key/inEqSimp/simplify3.key.proof 
419930     DEBUG main            d.u.i.k.p.i.AbstractProblemLoader Environment load took 72.4ns 
419931     INFO  main            d.u.i.k.p.i.AbstractProblemLoader Creating init config 
422731     DEBUG main            d.u.i.k.p.i.AbstractProblemLoader Init config took 2.8s 
422745     INFO  main            d.u.i.k.p.i.AbstractProblemLoader Replaying proof simplify3.key.proof 
422750     DEBUG main            d.u.i.k.p.i.IntermediateProofReplayer Proof replay took 2.6ms 
422751     DEBUG main            d.u.i.k.p.r.p.TestFile    ... success: reloaded. 
422752     INFO  main            d.u.i.k.p.r.p.TestFile    Now processing file /home/runner/work/key/key/key.core/../key.ui/examples/standard_key/inEqSimp/simplify4.key 
422752     INFO  main            d.u.i.k.p.i.AbstractProblemLoader Loading environment from /home/runner/work/key/key/key.core/../key.ui/examples/standard_key/inEqSimp/simplify4.key 
422752     DEBUG main            d.u.i.k.p.i.AbstractProblemLoader Environment load took 271.7ns 
422754     INFO  main            d.u.i.k.p.i.AbstractProblemLoader Creating init config 
425526     DEBUG main            d.u.i.k.p.i.AbstractProblemLoader Init config took 2.77s 
425539     INFO  main            d.u.i.k.p.i.AbstractProblemLoader Replaying proof simplify4.key 
425540     DEBUG main            d.u.i.k.p.i.IntermediateProofReplayer Proof replay took 3.4ns 
425645     INFO  main            d.u.i.k.p.r.p.TestFile    ... finished proof: closed. 
426142     INFO  main            d.u.i.k.p.i.AbstractProblemLoader Loading environment from /home/runner/work/key/key/key.core/../key.ui/examples/standard_key/inEqSimp/simplify4.key.proof 
426142     DEBUG main            d.u.i.k.p.i.AbstractProblemLoader Environment load took 71.6ns 
426143     INFO  main            d.u.i.k.p.i.AbstractProblemLoader Creating init config 
428966     DEBUG main            d.u.i.k.p.i.AbstractProblemLoader Init config took 2.82s 
428981     INFO  main            d.u.i.k.p.i.AbstractProblemLoader Replaying proof simplify4.key.proof 
429001     DEBUG main            d.u.i.k.p.i.IntermediateProofReplayer Proof replay took 17.25ms 
429001     DEBUG main            d.u.i.k.p.r.p.TestFile    ... success: reloaded. 
429002     INFO  main            d.u.i.k.p.r.p.TestFile    Now processing file /home/runner/work/key/key/key.core/../key.ui/examples/standard_key/inEqSimp/simplify5.key 
429002     INFO  main            d.u.i.k.p.i.AbstractProblemLoader Loading environment from /home/runner/work/key/key/key.core/../key.ui/examples/standard_key/inEqSimp/simplify5.key 
429002     DEBUG main            d.u.i.k.p.i.AbstractProblemLoader Environment load took 82.1ns 
429003     INFO  main            d.u.i.k.p.i.AbstractProblemLoader Creating init config 
431726     DEBUG main            d.u.i.k.p.i.AbstractProblemLoader Init config took 2.72s 
431740     INFO  main            d.u.i.k.p.i.AbstractProblemLoader Replaying proof simplify5.key 
431742     DEBUG main            d.u.i.k.p.i.IntermediateProofReplayer Proof replay took 3.9ns 
432460     INFO  main            d.u.i.k.p.r.p.TestFile    ... finished proof: closed. 
432961     INFO  main            d.u.i.k.p.i.AbstractProblemLoader Loading environment from /home/runner/work/key/key/key.core/../key.ui/examples/standard_key/inEqSimp/simplify5.key.proof 
432961     DEBUG main            d.u.i.k.p.i.AbstractProblemLoader Environment load took 467.41ns 
432963     INFO  main            d.u.i.k.p.i.AbstractProblemLoader Creating init config 
435654     DEBUG main            d.u.i.k.p.i.AbstractProblemLoader Init config took 2.69s 
435669     INFO  main            d.u.i.k.p.i.AbstractProblemLoader Replaying proof simplify5.key.proof 
435733     DEBUG main            d.u.i.k.p.i.IntermediateProofReplayer Proof replay took 58.88ms 
435734     DEBUG main            d.u.i.k.p.r.p.TestFile    ... success: reloaded. 
435735     INFO  main            d.u.i.k.p.r.p.TestFile    Now processing file /home/runner/work/key/key/key.core/../key.ui/examples/standard_key/inEqSimp/subsumptionExample.key 
435735     INFO  main            d.u.i.k.p.i.AbstractProblemLoader Loading environment from /home/runner/work/key/key/key.core/../key.ui/examples/standard_key/inEqSimp/subsumptionExample.key 
435735     DEBUG main            d.u.i.k.p.i.AbstractProblemLoader Environment load took 70.4ns 
435736     INFO  main            d.u.i.k.p.i.AbstractProblemLoader Creating init config 
438581     DEBUG main            d.u.i.k.p.i.AbstractProblemLoader Init config took 2.84s 
438594     INFO  main            d.u.i.k.p.i.AbstractProblemLoader Replaying proof subsumptionExample.key 
438596     DEBUG main            d.u.i.k.p.i.IntermediateProofReplayer Proof replay took 3.5ns 
438698     INFO  main            d.u.i.k.p.r.p.TestFile    ... finished proof: closed. 
439222     INFO  main            d.u.i.k.p.i.AbstractProblemLoader Loading environment from /home/runner/work/key/key/key.core/../key.ui/examples/standard_key/inEqSimp/subsumptionExample.key.proof 
439222     DEBUG main            d.u.i.k.p.i.AbstractProblemLoader Environment load took 94.4ns 
439224     INFO  main            d.u.i.k.p.i.AbstractProblemLoader Creating init config 
442007     DEBUG main            d.u.i.k.p.i.AbstractProblemLoader Init config took 2.78s 
442022     INFO  main            d.u.i.k.p.i.AbstractProblemLoader Replaying proof subsumptionExample.key.proof 
442025     DEBUG main            d.u.i.k.p.i.IntermediateProofReplayer Proof replay took 1.16ms 
442025     DEBUG main            d.u.i.k.p.r.p.TestFile    ... success: reloaded. 
442026     INFO  main            d.u.i.k.p.r.p.TestFile    Now processing file /home/runner/work/key/key/key.core/../key.ui/examples/standard_key/polySimp/simplify0.key 
442026     INFO  main            d.u.i.k.p.i.AbstractProblemLoader Loading environment from /home/runner/work/key/key/key.core/../key.ui/examples/standard_key/polySimp/simplify0.key 
442026     DEBUG main            d.u.i.k.p.i.AbstractProblemLoader Environment load took 51.3ns 
442027     INFO  main            d.u.i.k.p.i.AbstractProblemLoader Creating init config 
444735     DEBUG main            d.u.i.k.p.i.AbstractProblemLoader Init config took 2.71s 
444750     INFO  main            d.u.i.k.p.i.AbstractProblemLoader Replaying proof simplify0.key 
444751     DEBUG main            d.u.i.k.p.i.IntermediateProofReplayer Proof replay took 3.3ns 
444954     INFO  main            d.u.i.k.p.r.p.TestFile    ... finished proof: closed. 
445495     INFO  main            d.u.i.k.p.i.AbstractProblemLoader Loading environment from /home/runner/work/key/key/key.core/../key.ui/examples/standard_key/polySimp/simplify0.key.proof 
445495     DEBUG main            d.u.i.k.p.i.AbstractProblemLoader Environment load took 84.1ns 
445497     INFO  main            d.u.i.k.p.i.AbstractProblemLoader Creating init config 
448279     DEBUG main            d.u.i.k.p.i.AbstractProblemLoader Init config took 2.78s 
448296     INFO  main            d.u.i.k.p.i.AbstractProblemLoader Replaying proof simplify0.key.proof 
448320     DEBUG main            d.u.i.k.p.i.IntermediateProofReplayer Proof replay took 21.24ms 
448322     DEBUG main            d.u.i.k.p.r.p.TestFile    ... success: reloaded. 
448322     INFO  main            d.u.i.k.p.r.p.TestFile    Now processing file /home/runner/work/key/key/key.core/../key.ui/examples/standard_key/polySimp/simplify1.key 
448323     INFO  main            d.u.i.k.p.i.AbstractProblemLoader Loading environment from /home/runner/work/key/key/key.core/../key.ui/examples/standard_key/polySimp/simplify1.key 
448323     DEBUG main            d.u.i.k.p.i.AbstractProblemLoader Environment load took 97.6ns 
448324     INFO  main            d.u.i.k.p.i.AbstractProblemLoader Creating init config 
451105     DEBUG main            d.u.i.k.p.i.AbstractProblemLoader Init config took 2.78s 
451121     INFO  main            d.u.i.k.p.i.AbstractProblemLoader Replaying proof simplify1.key 
451123     DEBUG main            d.u.i.k.p.i.IntermediateProofReplayer Proof replay took 3.4ns 
451527     INFO  main            d.u.i.k.p.r.p.TestFile    ... finished proof: closed. 
452074     INFO  main            d.u.i.k.p.i.AbstractProblemLoader Loading environment from /home/runner/work/key/key/key.core/../key.ui/examples/standard_key/polySimp/simplify1.key.proof 
452074     DEBUG main            d.u.i.k.p.i.AbstractProblemLoader Environment load took 71.9ns 
452075     INFO  main            d.u.i.k.p.i.AbstractProblemLoader Creating init config 
454850     DEBUG main            d.u.i.k.p.i.AbstractProblemLoader Init config took 2.77s 
454865     INFO  main            d.u.i.k.p.i.AbstractProblemLoader Replaying proof simplify1.key.proof 
454897     DEBUG main            d.u.i.k.p.i.IntermediateProofReplayer Proof replay took 29.52ms 
454898     DEBUG main            d.u.i.k.p.r.p.TestFile    ... success: reloaded. 
454899     INFO  main            d.u.i.k.p.r.p.TestFile    Now processing file /home/runner/work/key/key/key.core/../key.ui/examples/standard_key/polySimp/simplify10.key 
454899     INFO  main            d.u.i.k.p.i.AbstractProblemLoader Loading environment from /home/runner/work/key/key/key.core/../key.ui/examples/standard_key/polySimp/simplify10.key 
454899     DEBUG main            d.u.i.k.p.i.AbstractProblemLoader Environment load took 52.2ns 
454900     INFO  main            d.u.i.k.p.i.AbstractProblemLoader Creating init config 
457807     DEBUG main            d.u.i.k.p.i.AbstractProblemLoader Init config took 2.91s 
457825     INFO  main            d.u.i.k.p.i.AbstractProblemLoader Replaying proof simplify10.key 
457826     DEBUG main            d.u.i.k.p.i.IntermediateProofReplayer Proof replay took 3.4ns 
458129     INFO  main            d.u.i.k.p.r.p.TestFile    ... finished proof: closed. 
458699     INFO  main            d.u.i.k.p.i.AbstractProblemLoader Loading environment from /home/runner/work/key/key/key.core/../key.ui/examples/standard_key/polySimp/simplify10.key.proof 
458699     DEBUG main            d.u.i.k.p.i.AbstractProblemLoader Environment load took 109.2ns 
458701     INFO  main            d.u.i.k.p.i.AbstractProblemLoader Creating init config 
461893     DEBUG main            d.u.i.k.p.i.AbstractProblemLoader Init config took 3.19s 
461912     INFO  main            d.u.i.k.p.i.AbstractProblemLoader Replaying proof simplify10.key.proof 
461967     DEBUG main            d.u.i.k.p.i.IntermediateProofReplayer Proof replay took 51.56ms 
461968     DEBUG main            d.u.i.k.p.r.p.TestFile    ... success: reloaded. 
461969     INFO  main            d.u.i.k.p.r.p.TestFile    Now processing file /home/runner/work/key/key/key.core/../key.ui/examples/standard_key/polySimp/simplify11.key 
461969     INFO  main            d.u.i.k.p.i.AbstractProblemLoader Loading environment from /home/runner/work/key/key/key.core/../key.ui/examples/standard_key/polySimp/simplify11.key 
461969     DEBUG main            d.u.i.k.p.i.AbstractProblemLoader Environment load took 59.5ns 
461970     INFO  main            d.u.i.k.p.i.AbstractProblemLoader Creating init config 
465034     DEBUG main            d.u.i.k.p.i.AbstractProblemLoader Init config took 3.06s 
465050     INFO  main            d.u.i.k.p.i.AbstractProblemLoader Replaying proof simplify11.key 
465051     DEBUG main            d.u.i.k.p.i.IntermediateProofReplayer Proof replay took 3.2ns 
465358     INFO  main            d.u.i.k.p.r.p.TestFile    ... finished proof: closed. 
465977     INFO  main            d.u.i.k.p.i.AbstractProblemLoader Loading environment from /home/runner/work/key/key/key.core/../key.ui/examples/standard_key/polySimp/simplify11.key.proof 
465978     DEBUG main            d.u.i.k.p.i.AbstractProblemLoader Environment load took 728.01ns 
465980     INFO  main            d.u.i.k.p.i.AbstractProblemLoader Creating init config 
469231     DEBUG main            d.u.i.k.p.i.AbstractProblemLoader Init config took 3.25s 
469248     INFO  main            d.u.i.k.p.i.AbstractProblemLoader Replaying proof simplify11.key.proof 
469284     DEBUG main            d.u.i.k.p.i.IntermediateProofReplayer Proof replay took 32.52ms 
469285     DEBUG main            d.u.i.k.p.r.p.TestFile    ... success: reloaded. 
469286     INFO  main            d.u.i.k.p.r.p.TestFile    Now processing file /home/runner/work/key/key/key.core/../key.ui/examples/standard_key/polySimp/simplify12.key 
469286     INFO  main            d.u.i.k.p.i.AbstractProblemLoader Loading environment from /home/runner/work/key/key/key.core/../key.ui/examples/standard_key/polySimp/simplify12.key 
469286     DEBUG main            d.u.i.k.p.i.AbstractProblemLoader Environment load took 55.7ns 
469288     INFO  main            d.u.i.k.p.i.AbstractProblemLoader Creating init config 
472572     DEBUG main            d.u.i.k.p.i.AbstractProblemLoader Init config took 3.28s 
472587     INFO  main            d.u.i.k.p.i.AbstractProblemLoader Replaying proof simplify12.key 
472588     DEBUG main            d.u.i.k.p.i.IntermediateProofReplayer Proof replay took 2.6ns 
472790     INFO  main            d.u.i.k.p.r.p.TestFile    ... finished proof: closed. 
473418     INFO  main            d.u.i.k.p.i.AbstractProblemLoader Loading environment from /home/runner/work/key/key/key.core/../key.ui/examples/standard_key/polySimp/simplify12.key.proof 
473418     DEBUG main            d.u.i.k.p.i.AbstractProblemLoader Environment load took 131.1ns 
473420     INFO  main            d.u.i.k.p.i.AbstractProblemLoader Creating init config 
476476     DEBUG main            d.u.i.k.p.i.AbstractProblemLoader Init config took 3.06s 
476491     INFO  main            d.u.i.k.p.i.AbstractProblemLoader Replaying proof simplify12.key.proof 
476506     DEBUG main            d.u.i.k.p.i.IntermediateProofReplayer Proof replay took 12.89ms 
476506     DEBUG main            d.u.i.k.p.r.p.TestFile    ... success: reloaded. 
476507     INFO  main            d.u.i.k.p.r.p.TestFile    Now processing file /home/runner/work/key/key/key.core/../key.ui/examples/standard_key/polySimp/simplify13.key 
476508     INFO  main            d.u.i.k.p.i.AbstractProblemLoader Loading environment from /home/runner/work/key/key/key.core/../key.ui/examples/standard_key/polySimp/simplify13.key 
476508     DEBUG main            d.u.i.k.p.i.AbstractProblemLoader Environment load took 59.7ns 
476509     INFO  main            d.u.i.k.p.i.AbstractProblemLoader Creating init config 
479514     DEBUG main            d.u.i.k.p.i.AbstractProblemLoader Init config took 3s 
479530     INFO  main            d.u.i.k.p.i.AbstractProblemLoader Replaying proof simplify13.key 
479531     DEBUG main            d.u.i.k.p.i.IntermediateProofReplayer Proof replay took 2.8ns 
479634     INFO  main            d.u.i.k.p.r.p.TestFile    ... finished proof: closed. 
480221     INFO  main            d.u.i.k.p.i.AbstractProblemLoader Loading environment from /home/runner/work/key/key/key.core/../key.ui/examples/standard_key/polySimp/simplify13.key.proof 
480221     DEBUG main            d.u.i.k.p.i.AbstractProblemLoader Environment load took 85ns 
480222     INFO  main            d.u.i.k.p.i.AbstractProblemLoader Creating init config 
483332     DEBUG main            d.u.i.k.p.i.AbstractProblemLoader Init config took 3.11s 
483347     INFO  main            d.u.i.k.p.i.AbstractProblemLoader Replaying proof simplify13.key.proof 
483357     DEBUG main            d.u.i.k.p.i.IntermediateProofReplayer Proof replay took 8.33ms 
483358     DEBUG main            d.u.i.k.p.r.p.TestFile    ... success: reloaded. 
483359     INFO  main            d.u.i.k.p.r.p.TestFile    Now processing file /home/runner/work/key/key/key.core/../key.ui/examples/standard_key/polySimp/simplify14.key 
483359     INFO  main            d.u.i.k.p.i.AbstractProblemLoader Loading environment from /home/runner/work/key/key/key.core/../key.ui/examples/standard_key/polySimp/simplify14.key 
483359     DEBUG main            d.u.i.k.p.i.AbstractProblemLoader Environment load took 51ns 
483360     INFO  main            d.u.i.k.p.i.AbstractProblemLoader Creating init config 
486388     DEBUG main            d.u.i.k.p.i.AbstractProblemLoader Init config took 3.03s 
486405     INFO  main            d.u.i.k.p.i.AbstractProblemLoader Replaying proof simplify14.key 
486406     DEBUG main            d.u.i.k.p.i.IntermediateProofReplayer Proof replay took 3.8ns 
486508     INFO  main            d.u.i.k.p.r.p.TestFile    ... finished proof: closed. 
487079     INFO  main            d.u.i.k.p.i.AbstractProblemLoader Loading environment from /home/runner/work/key/key/key.core/../key.ui/examples/standard_key/polySimp/simplify14.key.proof 
487080     DEBUG main            d.u.i.k.p.i.AbstractProblemLoader Environment load took 107.6ns 
487081     INFO  main            d.u.i.k.p.i.AbstractProblemLoader Creating init config 
490124     DEBUG main            d.u.i.k.p.i.AbstractProblemLoader Init config took 3.04s 
490144     INFO  main            d.u.i.k.p.i.AbstractProblemLoader Replaying proof simplify14.key.proof 
490150     DEBUG main            d.u.i.k.p.i.IntermediateProofReplayer Proof replay took 1.89ms 
490151     DEBUG main            d.u.i.k.p.r.p.TestFile    ... success: reloaded. 
490151     INFO  main            d.u.i.k.p.r.p.TestFile    Now processing file /home/runner/work/key/key/key.core/../key.ui/examples/standard_key/polySimp/simplify15.key 
490152     INFO  main            d.u.i.k.p.i.AbstractProblemLoader Loading environment from /home/runner/work/key/key/key.core/../key.ui/examples/standard_key/polySimp/simplify15.key 
490152     DEBUG main            d.u.i.k.p.i.AbstractProblemLoader Environment load took 53.7ns 
490153     INFO  main            d.u.i.k.p.i.AbstractProblemLoader Creating init config 
493155     DEBUG main            d.u.i.k.p.i.AbstractProblemLoader Init config took 3s 
493171     INFO  main            d.u.i.k.p.i.AbstractProblemLoader Replaying proof simplify15.key 
493172     DEBUG main            d.u.i.k.p.i.IntermediateProofReplayer Proof replay took 3.6ns 
493274     INFO  main            d.u.i.k.p.r.p.TestFile    ... finished proof: closed. 
493861     INFO  main            d.u.i.k.p.i.AbstractProblemLoader Loading environment from /home/runner/work/key/key/key.core/../key.ui/examples/standard_key/polySimp/simplify15.key.proof 
493861     DEBUG main            d.u.i.k.p.i.AbstractProblemLoader Environment load took 74.7ns 
493862     INFO  main            d.u.i.k.p.i.AbstractProblemLoader Creating init config 
496839     DEBUG main            d.u.i.k.p.i.AbstractProblemLoader Init config took 2.98s 
496855     INFO  main            d.u.i.k.p.i.AbstractProblemLoader Replaying proof simplify15.key.proof 
496858     DEBUG main            d.u.i.k.p.i.IntermediateProofReplayer Proof replay took 967.51ns 
496859     DEBUG main            d.u.i.k.p.r.p.TestFile    ... success: reloaded. 
496860     INFO  main            d.u.i.k.p.r.p.TestFile    Now processing file /home/runner/work/key/key/key.core/../key.ui/examples/standard_key/polySimp/simplify16.key 
496860     INFO  main            d.u.i.k.p.i.AbstractProblemLoader Loading environment from /home/runner/work/key/key/key.core/../key.ui/examples/standard_key/polySimp/simplify16.key 
496860     DEBUG main            d.u.i.k.p.i.AbstractProblemLoader Environment load took 90.3ns 
496861     INFO  main            d.u.i.k.p.i.AbstractProblemLoader Creating init config 
499878     DEBUG main            d.u.i.k.p.i.AbstractProblemLoader Init config took 3.02s 
499896     INFO  main            d.u.i.k.p.i.AbstractProblemLoader Replaying proof simplify16.key 
499897     DEBUG main            d.u.i.k.p.i.IntermediateProofReplayer Proof replay took 3.3ns 
500000     INFO  main            d.u.i.k.p.r.p.TestFile    ... finished proof: closed. 
500576     INFO  main            d.u.i.k.p.i.AbstractProblemLoader Loading environment from /home/runner/work/key/key/key.core/../key.ui/examples/standard_key/polySimp/simplify16.key.proof 
500576     DEBUG main            d.u.i.k.p.i.AbstractProblemLoader Environment load took 73.3ns 
500577     INFO  main            d.u.i.k.p.i.AbstractProblemLoader Creating init config 
503378     DEBUG main            d.u.i.k.p.i.AbstractProblemLoader Init config took 2.8s 
503391     INFO  main            d.u.i.k.p.i.AbstractProblemLoader Replaying proof simplify16.key.proof 
503393     DEBUG main            d.u.i.k.p.i.IntermediateProofReplayer Proof replay took 609.41ns 
503393     DEBUG main            d.u.i.k.p.r.p.TestFile    ... success: reloaded. 
503394     INFO  main            d.u.i.k.p.r.p.TestFile    Now processing file /home/runner/work/key/key/key.core/../key.ui/examples/standard_key/polySimp/simplify17.key 
503394     INFO  main            d.u.i.k.p.i.AbstractProblemLoader Loading environment from /home/runner/work/key/key/key.core/../key.ui/examples/standard_key/polySimp/simplify17.key 
503394     DEBUG main            d.u.i.k.p.i.AbstractProblemLoader Environment load took 60.7ns 
503395     INFO  main            d.u.i.k.p.i.AbstractProblemLoader Creating init config 
506195     DEBUG main            d.u.i.k.p.i.AbstractProblemLoader Init config took 2.8s 
506209     INFO  main            d.u.i.k.p.i.AbstractProblemLoader Replaying proof simplify17.key 
506211     DEBUG main            d.u.i.k.p.i.IntermediateProofReplayer Proof replay took 3.4ns 
506312     INFO  main            d.u.i.k.p.r.p.TestFile    ... finished proof: closed. 
506869     INFO  main            d.u.i.k.p.i.AbstractProblemLoader Loading environment from /home/runner/work/key/key/key.core/../key.ui/examples/standard_key/polySimp/simplify17.key.proof 
506869     DEBUG main            d.u.i.k.p.i.AbstractProblemLoader Environment load took 72.8ns 
506870     INFO  main            d.u.i.k.p.i.AbstractProblemLoader Creating init config 
509683     DEBUG main            d.u.i.k.p.i.AbstractProblemLoader Init config took 2.81s 
509697     INFO  main            d.u.i.k.p.i.AbstractProblemLoader Replaying proof simplify17.key.proof 
509705     DEBUG main            d.u.i.k.p.i.IntermediateProofReplayer Proof replay took 7.08ms 
509706     DEBUG main            d.u.i.k.p.r.p.TestFile    ... success: reloaded. 
509706     INFO  main            d.u.i.k.p.r.p.TestFile    Now processing file /home/runner/work/key/key/key.core/../key.ui/examples/standard_key/polySimp/simplify18.key 
509706     INFO  main            d.u.i.k.p.i.AbstractProblemLoader Loading environment from /home/runner/work/key/key/key.core/../key.ui/examples/standard_key/polySimp/simplify18.key 
509707     DEBUG main            d.u.i.k.p.i.AbstractProblemLoader Environment load took 68.6ns 
509707     INFO  main            d.u.i.k.p.i.AbstractProblemLoader Creating init config 
512631     DEBUG main            d.u.i.k.p.i.AbstractProblemLoader Init config took 2.92s 
512645     INFO  main            d.u.i.k.p.i.AbstractProblemLoader Replaying proof simplify18.key 
512646     DEBUG main            d.u.i.k.p.i.IntermediateProofReplayer Proof replay took 2.7ns 
512848     INFO  main            d.u.i.k.p.r.p.TestFile    ... finished proof: closed. 
513450     INFO  main            d.u.i.k.p.i.AbstractProblemLoader Loading environment from /home/runner/work/key/key/key.core/../key.ui/examples/standard_key/polySimp/simplify18.key.proof 
513450     DEBUG main            d.u.i.k.p.i.AbstractProblemLoader Environment load took 73.2ns 
513451     INFO  main            d.u.i.k.p.i.AbstractProblemLoader Creating init config 
516160     DEBUG main            d.u.i.k.p.i.AbstractProblemLoader Init config took 2.71s 
516188     INFO  main            d.u.i.k.p.i.AbstractProblemLoader Replaying proof simplify18.key.proof 
516213     DEBUG main            d.u.i.k.p.i.IntermediateProofReplayer Proof replay took 22.88ms 
516214     DEBUG main            d.u.i.k.p.r.p.TestFile    ... success: reloaded. 
516214     INFO  main            d.u.i.k.p.r.p.TestFile    Now processing file /home/runner/work/key/key/key.core/../key.ui/examples/standard_key/polySimp/simplify19.key 
516215     INFO  main            d.u.i.k.p.i.AbstractProblemLoader Loading environment from /home/runner/work/key/key/key.core/../key.ui/examples/standard_key/polySimp/simplify19.key 
516215     DEBUG main            d.u.i.k.p.i.AbstractProblemLoader Environment load took 157.2ns 
516216     INFO  main            d.u.i.k.p.i.AbstractProblemLoader Creating init config 
519045     DEBUG main            d.u.i.k.p.i.AbstractProblemLoader Init config took 2.83s 
519060     INFO  main            d.u.i.k.p.i.AbstractProblemLoader Replaying proof simplify19.key 
519061     DEBUG main            d.u.i.k.p.i.IntermediateProofReplayer Proof replay took 4ns 
523226     INFO  main            d.u.i.k.p.r.p.TestFile    ... finished proof: closed. 
523920     INFO  main            d.u.i.k.p.i.AbstractProblemLoader Loading environment from /home/runner/work/key/key/key.core/../key.ui/examples/standard_key/polySimp/simplify19.key.proof 
523921     DEBUG main            d.u.i.k.p.i.AbstractProblemLoader Environment load took 590.21ns 
523923     INFO  main            d.u.i.k.p.i.AbstractProblemLoader Creating init config 
526937     DEBUG main            d.u.i.k.p.i.AbstractProblemLoader Init config took 3.01s 
526954     INFO  main            d.u.i.k.p.i.AbstractProblemLoader Replaying proof simplify19.key.proof 
527304     DEBUG main            d.u.i.k.p.i.IntermediateProofReplayer Proof replay took 335.3ms 
527305     DEBUG main            d.u.i.k.p.r.p.TestFile    ... success: reloaded. 
527306     INFO  main            d.u.i.k.p.r.p.TestFile    Now processing file /home/runner/work/key/key/key.core/../key.ui/examples/standard_key/polySimp/simplify2.key 
527306     INFO  main            d.u.i.k.p.i.AbstractProblemLoader Loading environment from /home/runner/work/key/key/key.core/../key.ui/examples/standard_key/polySimp/simplify2.key 
527307     DEBUG main            d.u.i.k.p.i.AbstractProblemLoader Environment load took 378.9ns 
527307     INFO  main            d.u.i.k.p.i.AbstractProblemLoader Creating init config 
530404     DEBUG main            d.u.i.k.p.i.AbstractProblemLoader Init config took 3.1s 
530419     INFO  main            d.u.i.k.p.i.AbstractProblemLoader Replaying proof simplify2.key 
530420     DEBUG main            d.u.i.k.p.i.IntermediateProofReplayer Proof replay took 2.9ns 
530522     INFO  main            d.u.i.k.p.r.p.TestFile    ... finished proof: closed. 
531216     INFO  main            d.u.i.k.p.i.AbstractProblemLoader Loading environment from /home/runner/work/key/key/key.core/../key.ui/examples/standard_key/polySimp/simplify2.key.proof 
531217     DEBUG main            d.u.i.k.p.i.AbstractProblemLoader Environment load took 115.3ns 
531218     INFO  main            d.u.i.k.p.i.AbstractProblemLoader Creating init config 
534257     DEBUG main            d.u.i.k.p.i.AbstractProblemLoader Init config took 3.04s 
534272     INFO  main            d.u.i.k.p.i.AbstractProblemLoader Replaying proof simplify2.key.proof 
534274     DEBUG main            d.u.i.k.p.i.IntermediateProofReplayer Proof replay took 964.61ns 
534275     DEBUG main            d.u.i.k.p.r.p.TestFile    ... success: reloaded. 
534275     INFO  main            d.u.i.k.p.r.p.TestFile    Now processing file /home/runner/work/key/key/key.core/../key.ui/examples/standard_key/polySimp/simplify20.key 
534275     INFO  main            d.u.i.k.p.i.AbstractProblemLoader Loading environment from /home/runner/work/key/key/key.core/../key.ui/examples/standard_key/polySimp/simplify20.key 
534275     DEBUG main            d.u.i.k.p.i.AbstractProblemLoader Environment load took 49.7ns 
534276     INFO  main            d.u.i.k.p.i.AbstractProblemLoader Creating init config 
537208     DEBUG main            d.u.i.k.p.i.AbstractProblemLoader Init config took 2.93s 
537223     INFO  main            d.u.i.k.p.i.AbstractProblemLoader Replaying proof simplify20.key 
537224     DEBUG main            d.u.i.k.p.i.IntermediateProofReplayer Proof replay took 2.8ns 
538145     INFO  main            d.u.i.k.p.r.p.TestFile    ... finished proof: closed. 
538808     INFO  main            d.u.i.k.p.i.AbstractProblemLoader Loading environment from /home/runner/work/key/key/key.core/../key.ui/examples/standard_key/polySimp/simplify20.key.proof 
538809     DEBUG main            d.u.i.k.p.i.AbstractProblemLoader Environment load took 149.6ns 
538810     INFO  main            d.u.i.k.p.i.AbstractProblemLoader Creating init config 
541699     DEBUG main            d.u.i.k.p.i.AbstractProblemLoader Init config took 2.89s 
541716     INFO  main            d.u.i.k.p.i.AbstractProblemLoader Replaying proof simplify20.key.proof 
541818     DEBUG main            d.u.i.k.p.i.IntermediateProofReplayer Proof replay took 95.65ms 
541819     DEBUG main            d.u.i.k.p.r.p.TestFile    ... success: reloaded. 
541819     INFO  main            d.u.i.k.p.r.p.TestFile    Now processing file /home/runner/work/key/key/key.core/../key.ui/examples/standard_key/polySimp/simplify21.key 
541819     INFO  main            d.u.i.k.p.i.AbstractProblemLoader Loading environment from /home/runner/work/key/key/key.core/../key.ui/examples/standard_key/polySimp/simplify21.key 
541819     DEBUG main            d.u.i.k.p.i.AbstractProblemLoader Environment load took 67.5ns 
541823     INFO  main            d.u.i.k.p.i.AbstractProblemLoader Creating init config 
544693     DEBUG main            d.u.i.k.p.i.AbstractProblemLoader Init config took 2.87s 
544707     INFO  main            d.u.i.k.p.i.AbstractProblemLoader Replaying proof simplify21.key 
544709     DEBUG main            d.u.i.k.p.i.IntermediateProofReplayer Proof replay took 3ns 
545419     INFO  main            d.u.i.k.p.r.p.TestFile    ... finished proof: closed. 
546116     INFO  main            d.u.i.k.p.i.AbstractProblemLoader Loading environment from /home/runner/work/key/key/key.core/../key.ui/examples/standard_key/polySimp/simplify21.key.proof 
546116     DEBUG main            d.u.i.k.p.i.AbstractProblemLoader Environment load took 82.9ns 
546119     INFO  main            d.u.i.k.p.i.AbstractProblemLoader Creating init config 
548997     DEBUG main            d.u.i.k.p.i.AbstractProblemLoader Init config took 2.88s 
549015     INFO  main            d.u.i.k.p.i.AbstractProblemLoader Replaying proof simplify21.key.proof 
549088     DEBUG main            d.u.i.k.p.i.IntermediateProofReplayer Proof replay took 67.06ms 
549089     DEBUG main            d.u.i.k.p.r.p.TestFile    ... success: reloaded. 
549090     INFO  main            d.u.i.k.p.r.p.TestFile    Now processing file /home/runner/work/key/key/key.core/../key.ui/examples/standard_key/polySimp/simplify22.key 
549090     INFO  main            d.u.i.k.p.i.AbstractProblemLoader Loading environment from /home/runner/work/key/key/key.core/../key.ui/examples/standard_key/polySimp/simplify22.key 
549090     DEBUG main            d.u.i.k.p.i.AbstractProblemLoader Environment load took 50.4ns 
549091     INFO  main            d.u.i.k.p.i.AbstractProblemLoader Creating init config 
551939     DEBUG main            d.u.i.k.p.i.AbstractProblemLoader Init config took 2.85s 
551955     INFO  main            d.u.i.k.p.i.AbstractProblemLoader Replaying proof simplify22.key 
551956     DEBUG main            d.u.i.k.p.i.IntermediateProofReplayer Proof replay took 3.1ns 
552058     INFO  main            d.u.i.k.p.r.p.TestFile    ... finished proof: closed. 
552742     INFO  main            d.u.i.k.p.i.AbstractProblemLoader Loading environment from /home/runner/work/key/key/key.core/../key.ui/examples/standard_key/polySimp/simplify22.key.proof 
552742     DEBUG main            d.u.i.k.p.i.AbstractProblemLoader Environment load took 133.8ns 
552743     INFO  main            d.u.i.k.p.i.AbstractProblemLoader Creating init config 
555704     DEBUG main            d.u.i.k.p.i.AbstractProblemLoader Init config took 2.96s 
555724     INFO  main            d.u.i.k.p.i.AbstractProblemLoader Replaying proof simplify22.key.proof 
555728     DEBUG main            d.u.i.k.p.i.IntermediateProofReplayer Proof replay took 3.15ms 
555729     DEBUG main            d.u.i.k.p.r.p.TestFile    ... success: reloaded. 
555729     INFO  main            d.u.i.k.p.r.p.TestFile    Now processing file /home/runner/work/key/key/key.core/../key.ui/examples/standard_key/polySimp/simplify23.key 
555730     INFO  main            d.u.i.k.p.i.AbstractProblemLoader Loading environment from /home/runner/work/key/key/key.core/../key.ui/examples/standard_key/polySimp/simplify23.key 
555730     DEBUG main            d.u.i.k.p.i.AbstractProblemLoader Environment load took 145.5ns 
555731     INFO  main            d.u.i.k.p.i.AbstractProblemLoader Creating init config 
558825     DEBUG main            d.u.i.k.p.i.AbstractProblemLoader Init config took 3.09s 
558846     INFO  main            d.u.i.k.p.i.AbstractProblemLoader Replaying proof simplify23.key 
558847     DEBUG main            d.u.i.k.p.i.IntermediateProofReplayer Proof replay took 3.6ns 
559049     INFO  main            d.u.i.k.p.r.p.TestFile    ... finished proof: closed. 
559722     INFO  main            d.u.i.k.p.i.AbstractProblemLoader Loading environment from /home/runner/work/key/key/key.core/../key.ui/examples/standard_key/polySimp/simplify23.key.proof 
559722     DEBUG main            d.u.i.k.p.i.AbstractProblemLoader Environment load took 96.3ns 
559723     INFO  main            d.u.i.k.p.i.AbstractProblemLoader Creating init config 
562871     DEBUG main            d.u.i.k.p.i.AbstractProblemLoader Init config took 3.15s 
562891     INFO  main            d.u.i.k.p.i.AbstractProblemLoader Replaying proof simplify23.key.proof 
562915     DEBUG main            d.u.i.k.p.i.IntermediateProofReplayer Proof replay took 21.26ms 
562916     DEBUG main            d.u.i.k.p.r.p.TestFile    ... success: reloaded. 
562916     INFO  main            d.u.i.k.p.r.p.TestFile    Now processing file /home/runner/work/key/key/key.core/../key.ui/examples/standard_key/polySimp/simplify24.key 
562917     INFO  main            d.u.i.k.p.i.AbstractProblemLoader Loading environment from /home/runner/work/key/key/key.core/../key.ui/examples/standard_key/polySimp/simplify24.key 
562917     DEBUG main            d.u.i.k.p.i.AbstractProblemLoader Environment load took 66ns 
562917     INFO  main            d.u.i.k.p.i.AbstractProblemLoader Creating init config 
565924     DEBUG main            d.u.i.k.p.i.AbstractProblemLoader Init config took 3.01s 
565938     INFO  main            d.u.i.k.p.i.AbstractProblemLoader Replaying proof simplify24.key 
565939     DEBUG main            d.u.i.k.p.i.IntermediateProofReplayer Proof replay took 2.7ns 
566041     INFO  main            d.u.i.k.p.r.p.TestFile    ... finished proof: closed. 
566717     INFO  main            d.u.i.k.p.i.AbstractProblemLoader Loading environment from /home/runner/work/key/key/key.core/../key.ui/examples/standard_key/polySimp/simplify24.key.proof 
566717     DEBUG main            d.u.i.k.p.i.AbstractProblemLoader Environment load took 83.7ns 
566718     INFO  main            d.u.i.k.p.i.AbstractProblemLoader Creating init config 
569626     DEBUG main            d.u.i.k.p.i.AbstractProblemLoader Init config took 2.91s 
569641     INFO  main            d.u.i.k.p.i.AbstractProblemLoader Replaying proof simplify24.key.proof 
569646     DEBUG main            d.u.i.k.p.i.IntermediateProofReplayer Proof replay took 3.07ms 
569647     DEBUG main            d.u.i.k.p.r.p.TestFile    ... success: reloaded. 
569647     INFO  main            d.u.i.k.p.r.p.TestFile    Now processing file /home/runner/work/key/key/key.core/../key.ui/examples/standard_key/polySimp/simplify25.key 
569648     INFO  main            d.u.i.k.p.i.AbstractProblemLoader Loading environment from /home/runner/work/key/key/key.core/../key.ui/examples/standard_key/polySimp/simplify25.key 
569648     DEBUG main            d.u.i.k.p.i.AbstractProblemLoader Environment load took 126.2ns 
569649     INFO  main            d.u.i.k.p.i.AbstractProblemLoader Creating init config 
572551     DEBUG main            d.u.i.k.p.i.AbstractProblemLoader Init config took 2.9s 
572573     INFO  main            d.u.i.k.p.i.AbstractProblemLoader Replaying proof simplify25.key 
572574     DEBUG main            d.u.i.k.p.i.IntermediateProofReplayer Proof replay took 2.9ns 
572676     INFO  main            d.u.i.k.p.r.p.TestFile    ... finished proof: closed. 
573351     INFO  main            d.u.i.k.p.i.AbstractProblemLoader Loading environment from /home/runner/work/key/key/key.core/../key.ui/examples/standard_key/polySimp/simplify25.key.proof 
573351     DEBUG main            d.u.i.k.p.i.AbstractProblemLoader Environment load took 82.3ns 
573352     INFO  main            d.u.i.k.p.i.AbstractProblemLoader Creating init config 
576283     DEBUG main            d.u.i.k.p.i.AbstractProblemLoader Init config took 2.93s 
576299     INFO  main            d.u.i.k.p.i.AbstractProblemLoader Replaying proof simplify25.key.proof 
576305     DEBUG main            d.u.i.k.p.i.IntermediateProofReplayer Proof replay took 3.49ms 
576305     DEBUG main            d.u.i.k.p.r.p.TestFile    ... success: reloaded. 
576306     INFO  main            d.u.i.k.p.r.p.TestFile    Now processing file /home/runner/work/key/key/key.core/../key.ui/examples/standard_key/polySimp/simplify3.key 
576306     INFO  main            d.u.i.k.p.i.AbstractProblemLoader Loading environment from /home/runner/work/key/key/key.core/../key.ui/examples/standard_key/polySimp/simplify3.key 
576306     DEBUG main            d.u.i.k.p.i.AbstractProblemLoader Environment load took 50.2ns 
576307     INFO  main            d.u.i.k.p.i.AbstractProblemLoader Creating init config 
579260     DEBUG main            d.u.i.k.p.i.AbstractProblemLoader Init config took 2.95s 
579275     INFO  main            d.u.i.k.p.i.AbstractProblemLoader Replaying proof simplify3.key 
579276     DEBUG main            d.u.i.k.p.i.IntermediateProofReplayer Proof replay took 3.5ns 
579378     INFO  main            d.u.i.k.p.r.p.TestFile    ... finished proof: closed. 
580019     INFO  main            d.u.i.k.p.i.AbstractProblemLoader Loading environment from /home/runner/work/key/key/key.core/../key.ui/examples/standard_key/polySimp/simplify3.key.proof 
580019     DEBUG main            d.u.i.k.p.i.AbstractProblemLoader Environment load took 96.1ns 
580020     INFO  main            d.u.i.k.p.i.AbstractProblemLoader Creating init config 
582836     DEBUG main            d.u.i.k.p.i.AbstractProblemLoader Init config took 2.82s 
582850     INFO  main            d.u.i.k.p.i.AbstractProblemLoader Replaying proof simplify3.key.proof 
582853     DEBUG main            d.u.i.k.p.i.IntermediateProofReplayer Proof replay took 1.24ms 
582855     DEBUG main            d.u.i.k.p.r.p.TestFile    ... success: reloaded. 
582855     INFO  main            d.u.i.k.p.r.p.TestFile    Now processing file /home/runner/work/key/key/key.core/../key.ui/examples/standard_key/polySimp/simplify4.key 
582855     INFO  main            d.u.i.k.p.i.AbstractProblemLoader Loading environment from /home/runner/work/key/key/key.core/../key.ui/examples/standard_key/polySimp/simplify4.key 
582856     DEBUG main            d.u.i.k.p.i.AbstractProblemLoader Environment load took 54.8ns 
582857     INFO  main            d.u.i.k.p.i.AbstractProblemLoader Creating init config 
585782     DEBUG main            d.u.i.k.p.i.AbstractProblemLoader Init config took 2.93s 
585796     INFO  main            d.u.i.k.p.i.AbstractProblemLoader Replaying proof simplify4.key 
585797     DEBUG main            d.u.i.k.p.i.IntermediateProofReplayer Proof replay took 2.9ns 
585898     INFO  main            d.u.i.k.p.r.p.TestFile    ... finished proof: closed. 
586562     INFO  main            d.u.i.k.p.i.AbstractProblemLoader Loading environment from /home/runner/work/key/key/key.core/../key.ui/examples/standard_key/polySimp/simplify4.key.proof 
586563     DEBUG main            d.u.i.k.p.i.AbstractProblemLoader Environment load took 552.01ns 
586564     INFO  main            d.u.i.k.p.i.AbstractProblemLoader Creating init config 
589409     DEBUG main            d.u.i.k.p.i.AbstractProblemLoader Init config took 2.84s 
589427     INFO  main            d.u.i.k.p.i.AbstractProblemLoader Replaying proof simplify4.key.proof 
589430     DEBUG main            d.u.i.k.p.i.IntermediateProofReplayer Proof replay took 1.54ms 
589430     DEBUG main            d.u.i.k.p.r.p.TestFile    ... success: reloaded. 
589432     INFO  main            d.u.i.k.p.r.p.TestFile    Now processing file /home/runner/work/key/key/key.core/../key.ui/examples/standard_key/polySimp/simplify5.key 
589433     INFO  main            d.u.i.k.p.i.AbstractProblemLoader Loading environment from /home/runner/work/key/key/key.core/../key.ui/examples/standard_key/polySimp/simplify5.key 
589433     DEBUG main            d.u.i.k.p.i.AbstractProblemLoader Environment load took 102.6ns 
589434     INFO  main            d.u.i.k.p.i.AbstractProblemLoader Creating init config 
592293     DEBUG main            d.u.i.k.p.i.AbstractProblemLoader Init config took 2.86s 
592307     INFO  main            d.u.i.k.p.i.AbstractProblemLoader Replaying proof simplify5.key 
592308     DEBUG main            d.u.i.k.p.i.IntermediateProofReplayer Proof replay took 3.5ns 
592410     INFO  main            d.u.i.k.p.r.p.TestFile    ... finished proof: closed. 
593100     INFO  main            d.u.i.k.p.i.AbstractProblemLoader Loading environment from /home/runner/work/key/key/key.core/../key.ui/examples/standard_key/polySimp/simplify5.key.proof 
593100     DEBUG main            d.u.i.k.p.i.AbstractProblemLoader Environment load took 76.3ns 
593101     INFO  main            d.u.i.k.p.i.AbstractProblemLoader Creating init config 
596148     DEBUG main            d.u.i.k.p.i.AbstractProblemLoader Init config took 3.05s 
596163     INFO  main            d.u.i.k.p.i.AbstractProblemLoader Replaying proof simplify5.key.proof 
596175     DEBUG main            d.u.i.k.p.i.IntermediateProofReplayer Proof replay took 10.06ms 
596176     DEBUG main            d.u.i.k.p.r.p.TestFile    ... success: reloaded. 
596177     INFO  main            d.u.i.k.p.r.p.TestFile    Now processing file /home/runner/work/key/key/key.core/../key.ui/examples/standard_key/polySimp/simplify6.key 
596177     INFO  main            d.u.i.k.p.i.AbstractProblemLoader Loading environment from /home/runner/work/key/key/key.core/../key.ui/examples/standard_key/polySimp/simplify6.key 
596177     DEBUG main            d.u.i.k.p.i.AbstractProblemLoader Environment load took 71.2ns 
596178     INFO  main            d.u.i.k.p.i.AbstractProblemLoader Creating init config 
599150     DEBUG main            d.u.i.k.p.i.AbstractProblemLoader Init config took 2.97s 
599168     INFO  main            d.u.i.k.p.i.AbstractProblemLoader Replaying proof simplify6.key 
599169     DEBUG main            d.u.i.k.p.i.IntermediateProofReplayer Proof replay took 3.3ns 
599271     INFO  main            d.u.i.k.p.r.p.TestFile    ... finished proof: closed. 
599952     INFO  main            d.u.i.k.p.i.AbstractProblemLoader Loading environment from /home/runner/work/key/key/key.core/../key.ui/examples/standard_key/polySimp/simplify6.key.proof 
599952     DEBUG main            d.u.i.k.p.i.AbstractProblemLoader Environment load took 99.7ns 
599953     INFO  main            d.u.i.k.p.i.AbstractProblemLoader Creating init config 
602828     DEBUG main            d.u.i.k.p.i.AbstractProblemLoader Init config took 2.87s 
602845     INFO  main            d.u.i.k.p.i.AbstractProblemLoader Replaying proof simplify6.key.proof 
602848     DEBUG main            d.u.i.k.p.i.IntermediateProofReplayer Proof replay took 1.02ms 
602848     DEBUG main            d.u.i.k.p.r.p.TestFile    ... success: reloaded. 
602849     INFO  main            d.u.i.k.p.r.p.TestFile    Now processing file /home/runner/work/key/key/key.core/../key.ui/examples/standard_key/polySimp/simplify7.key 
602849     INFO  main            d.u.i.k.p.i.AbstractProblemLoader Loading environment from /home/runner/work/key/key/key.core/../key.ui/examples/standard_key/polySimp/simplify7.key 
602849     DEBUG main            d.u.i.k.p.i.AbstractProblemLoader Environment load took 48.6ns 
602851     INFO  main            d.u.i.k.p.i.AbstractProblemLoader Creating init config 
605842     DEBUG main            d.u.i.k.p.i.AbstractProblemLoader Init config took 2.99s 
605857     INFO  main            d.u.i.k.p.i.AbstractProblemLoader Replaying proof simplify7.key 
605859     DEBUG main            d.u.i.k.p.i.IntermediateProofReplayer Proof replay took 3.4ns 
605961     INFO  main            d.u.i.k.p.r.p.TestFile    ... finished proof: closed. 
606629     INFO  main            d.u.i.k.p.i.AbstractProblemLoader Loading environment from /home/runner/work/key/key/key.core/../key.ui/examples/standard_key/polySimp/simplify7.key.proof 
606629     DEBUG main            d.u.i.k.p.i.AbstractProblemLoader Environment load took 87.5ns 
606630     INFO  main            d.u.i.k.p.i.AbstractProblemLoader Creating init config 
609487     DEBUG main            d.u.i.k.p.i.AbstractProblemLoader Init config took 2.86s 
609506     INFO  main            d.u.i.k.p.i.AbstractProblemLoader Replaying proof simplify7.key.proof 
609508     DEBUG main            d.u.i.k.p.i.IntermediateProofReplayer Proof replay took 841.91ns 
609509     DEBUG main            d.u.i.k.p.r.p.TestFile    ... success: reloaded. 
609509     INFO  main            d.u.i.k.p.r.p.TestFile    Now processing file /home/runner/work/key/key/key.core/../key.ui/examples/standard_key/polySimp/simplify8.key 
609509     INFO  main            d.u.i.k.p.i.AbstractProblemLoader Loading environment from /home/runner/work/key/key/key.core/../key.ui/examples/standard_key/polySimp/simplify8.key 
609509     DEBUG main            d.u.i.k.p.i.AbstractProblemLoader Environment load took 68.4ns 
609513     INFO  main            d.u.i.k.p.i.AbstractProblemLoader Creating init config 
612389     DEBUG main            d.u.i.k.p.i.AbstractProblemLoader Init config took 2.88s 
612405     INFO  main            d.u.i.k.p.i.AbstractProblemLoader Replaying proof simplify8.key 
612406     DEBUG main            d.u.i.k.p.i.IntermediateProofReplayer Proof replay took 2.8ns 
616897     INFO  main            d.u.i.k.p.r.p.TestFile    ... finished proof: closed. 
617645     INFO  main            d.u.i.k.p.i.AbstractProblemLoader Loading environment from /home/runner/work/key/key/key.core/../key.ui/examples/standard_key/polySimp/simplify8.key.proof 
617645     DEBUG main            d.u.i.k.p.i.AbstractProblemLoader Environment load took 72.6ns 
617647     INFO  main            d.u.i.k.p.i.AbstractProblemLoader Creating init config 
620619     DEBUG main            d.u.i.k.p.i.AbstractProblemLoader Init config took 2.97s 
620637     INFO  main            d.u.i.k.p.i.AbstractProblemLoader Replaying proof simplify8.key.proof 
620883     DEBUG main            d.u.i.k.p.i.IntermediateProofReplayer Proof replay took 240.3ms 
620890     DEBUG main            d.u.i.k.p.r.p.TestFile    ... success: reloaded. 
620891     INFO  main            d.u.i.k.p.r.p.TestFile    Now processing file /home/runner/work/key/key/key.core/../key.ui/examples/standard_key/polySimp/simplify9.key 
620891     INFO  main            d.u.i.k.p.i.AbstractProblemLoader Loading environment from /home/runner/work/key/key/key.core/../key.ui/examples/standard_key/polySimp/simplify9.key 
620891     DEBUG main            d.u.i.k.p.i.AbstractProblemLoader Environment load took 70.4ns 
620893     INFO  main            d.u.i.k.p.i.AbstractProblemLoader Creating init config 
623916     DEBUG main            d.u.i.k.p.i.AbstractProblemLoader Init config took 3.02s 
623933     INFO  main            d.u.i.k.p.i.AbstractProblemLoader Replaying proof simplify9.key 
623934     DEBUG main            d.u.i.k.p.i.IntermediateProofReplayer Proof replay took 2.9ns 
624137     INFO  main            d.u.i.k.p.r.p.TestFile    ... finished proof: closed. 
624913     INFO  main            d.u.i.k.p.i.AbstractProblemLoader Loading environment from /home/runner/work/key/key/key.core/../key.ui/examples/standard_key/polySimp/simplify9.key.proof 
624914     DEBUG main            d.u.i.k.p.i.AbstractProblemLoader Environment load took 93ns 
624915     INFO  main            d.u.i.k.p.i.AbstractProblemLoader Creating init config 
627886     DEBUG main            d.u.i.k.p.i.AbstractProblemLoader Init config took 2.97s 
627904     INFO  main            d.u.i.k.p.i.AbstractProblemLoader Replaying proof simplify9.key.proof 
627921     DEBUG main            d.u.i.k.p.i.IntermediateProofReplayer Proof replay took 14.39ms 
627922     DEBUG main            d.u.i.k.p.r.p.TestFile    ... success: reloaded. 
3703205    INFO  Test worker     d.u.i.k.p.r.RunAllProofsTestUnit Returning from test arithmetic 
3703206    INFO  Test worker     d.u.i.k.p.r.RunAllProofsTestUnit Running test arrays 
521        INFO  Timeout watchdog d.u.i.k.p.r.p.ForkedTestFileRunner Timeout watcher launched (2000 secs.) 
547        WARN  main            d.u.i.k.s.ProofSettings   The settings in /home/runner/.key/proof-settings.props are *not* read. 
587        INFO  main            d.u.i.k.p.r.p.TestFile    Now processing file /home/runner/work/key/key/key.core/../key.ui/examples/standard_key/arrays/arrayStoreException/array2DimPrim.key 
716        INFO  main            d.u.i.k.p.i.AbstractProblemLoader Loading environment from /home/runner/work/key/key/key.core/../key.ui/examples/standard_key/arrays/arrayStoreException/array2DimPrim.key 
736        DEBUG main            d.u.i.k.p.i.AbstractProblemLoader Environment load took 2.62ms 
1056       INFO  main            d.u.i.k.p.i.AbstractProblemLoader Creating init config 
2350       DEBUG main            d.u.i.k.j.TypeConverter   No LDT found for Meta 
2350       DEBUG main            d.u.i.k.j.TypeConverter   No LDT found for Meta 
2354       DEBUG main            d.u.i.k.j.TypeConverter   No LDT found for Meta 
2361       DEBUG main            d.u.i.k.j.TypeConverter   No LDT found for Meta 
4785       DEBUG main            d.u.i.k.j.TypeConverter   No LDT found for JavaBigintExpression 
10936      DEBUG main            d.u.i.k.p.i.AbstractProblemLoader Init config took 9.88s 
11053      INFO  main            d.u.i.k.p.i.AbstractProblemLoader Replaying proof array2DimPrim.key 
11108      DEBUG main            d.u.i.k.p.i.IntermediateProofReplayer Proof replay took 43.1ns 
16226      INFO  main            d.u.i.k.p.r.p.TestFile    ... finished proof: closed. 
16503      INFO  main            d.u.i.k.p.i.AbstractProblemLoader Loading environment from /home/runner/work/key/key/key.core/../key.ui/examples/standard_key/arrays/arrayStoreException/array2DimPrim.key.proof 
16504      DEBUG main            d.u.i.k.p.i.AbstractProblemLoader Environment load took 741.31ns 
16513      INFO  main            d.u.i.k.p.i.AbstractProblemLoader Creating init config 
20124      DEBUG main            d.u.i.k.p.i.AbstractProblemLoader Init config took 3.61s 
20208      INFO  main            d.u.i.k.p.i.AbstractProblemLoader Replaying proof array2DimPrim.key.proof 
21126      DEBUG main            d.u.i.k.p.i.IntermediateProofReplayer Proof replay took 886.26ms 
21146      DEBUG main            d.u.i.k.p.r.p.TestFile    ... success: reloaded. 
21149      INFO  main            d.u.i.k.p.r.p.TestFile    Now processing file /home/runner/work/key/key/key.core/../key.ui/examples/standard_key/arrays/arrayStoreException/arrayStoreKnownDynType.key 
21149      INFO  main            d.u.i.k.p.i.AbstractProblemLoader Loading environment from /home/runner/work/key/key/key.core/../key.ui/examples/standard_key/arrays/arrayStoreException/arrayStoreKnownDynType.key 
21150      DEBUG main            d.u.i.k.p.i.AbstractProblemLoader Environment load took 251.4ns 
21154      INFO  main            d.u.i.k.p.i.AbstractProblemLoader Creating init config 
24317      DEBUG main            d.u.i.k.p.i.AbstractProblemLoader Init config took 3.16s 
24357      INFO  main            d.u.i.k.p.i.AbstractProblemLoader Replaying proof arrayStoreKnownDynType.key 
24360      DEBUG main            d.u.i.k.p.i.IntermediateProofReplayer Proof replay took 7ns 
24765      INFO  main            d.u.i.k.p.r.p.TestFile    ... finished proof: closed. 
25065      INFO  main            d.u.i.k.p.i.AbstractProblemLoader Loading environment from /home/runner/work/key/key/key.core/../key.ui/examples/standard_key/arrays/arrayStoreException/arrayStoreKnownDynType.key.proof 
25067      DEBUG main            d.u.i.k.p.i.AbstractProblemLoader Environment load took 1.44ms 
25070      INFO  main            d.u.i.k.p.i.AbstractProblemLoader Creating init config 
28227      DEBUG main            d.u.i.k.p.i.AbstractProblemLoader Init config took 3.16s 
28258      INFO  main            d.u.i.k.p.i.AbstractProblemLoader Replaying proof arrayStoreKnownDynType.key.proof 
28326      DEBUG main            d.u.i.k.p.i.IntermediateProofReplayer Proof replay took 64.02ms 
28328      DEBUG main            d.u.i.k.p.r.p.TestFile    ... success: reloaded. 
28330      INFO  main            d.u.i.k.p.r.p.TestFile    Now processing file /home/runner/work/key/key/key.core/../key.ui/examples/standard_key/arrays/arrayStoreException/reverseArray.key 
28330      INFO  main            d.u.i.k.p.i.AbstractProblemLoader Loading environment from /home/runner/work/key/key/key.core/../key.ui/examples/standard_key/arrays/arrayStoreException/reverseArray.key 
28331      DEBUG main            d.u.i.k.p.i.AbstractProblemLoader Environment load took 332.5ns 
28332      INFO  main            d.u.i.k.p.i.AbstractProblemLoader Creating init config 
31553      DEBUG main            d.u.i.k.p.i.AbstractProblemLoader Init config took 3.22s 
31616      INFO  main            d.u.i.k.p.i.AbstractProblemLoader Replaying proof reverseArray.key 
31621      DEBUG main            d.u.i.k.p.i.IntermediateProofReplayer Proof replay took 8.4ns 
32527      INFO  main            d.u.i.k.p.r.p.TestFile    ... finished proof: closed. 
32754      INFO  main            d.u.i.k.p.i.AbstractProblemLoader Loading environment from /home/runner/work/key/key/key.core/../key.ui/examples/standard_key/arrays/arrayStoreException/reverseArray.key.proof 
32755      DEBUG main            d.u.i.k.p.i.AbstractProblemLoader Environment load took 539.51ns 
32757      INFO  main            d.u.i.k.p.i.AbstractProblemLoader Creating init config 
35819      DEBUG main            d.u.i.k.p.i.AbstractProblemLoader Init config took 3.06s 
35847      INFO  main            d.u.i.k.p.i.AbstractProblemLoader Replaying proof reverseArray.key.proof 
36075      DEBUG main            d.u.i.k.p.i.IntermediateProofReplayer Proof replay took 220.56ms 
36078      DEBUG main            d.u.i.k.p.r.p.TestFile    ... success: reloaded. 
36080      INFO  main            d.u.i.k.p.r.p.TestFile    Now processing file /home/runner/work/key/key/key.core/../key.ui/examples/standard_key/arrays/arrayStoreException/throwArrayStoreException.key 
36080      INFO  main            d.u.i.k.p.i.AbstractProblemLoader Loading environment from /home/runner/work/key/key/key.core/../key.ui/examples/standard_key/arrays/arrayStoreException/throwArrayStoreException.key 
36080      DEBUG main            d.u.i.k.p.i.AbstractProblemLoader Environment load took 245.5ns 
36082      INFO  main            d.u.i.k.p.i.AbstractProblemLoader Creating init config 
39155      DEBUG main            d.u.i.k.p.i.AbstractProblemLoader Init config took 3.07s 
39182      INFO  main            d.u.i.k.p.i.AbstractProblemLoader Replaying proof throwArrayStoreException.key 
39185      DEBUG main            d.u.i.k.p.i.IntermediateProofReplayer Proof replay took 18.7ns 
39790      INFO  main            d.u.i.k.p.r.p.TestFile    ... finished proof: closed. 
40037      INFO  main            d.u.i.k.p.i.AbstractProblemLoader Loading environment from /home/runner/work/key/key/key.core/../key.ui/examples/standard_key/arrays/arrayStoreException/throwArrayStoreException.key.proof 
40038      DEBUG main            d.u.i.k.p.i.AbstractProblemLoader Environment load took 508.21ns 
40039      INFO  main            d.u.i.k.p.i.AbstractProblemLoader Creating init config 
43109      DEBUG main            d.u.i.k.p.i.AbstractProblemLoader Init config took 3.07s 
43136      INFO  main            d.u.i.k.p.i.AbstractProblemLoader Replaying proof throwArrayStoreException.key.proof 
43260      DEBUG main            d.u.i.k.p.i.IntermediateProofReplayer Proof replay took 119.61ms 
43262      DEBUG main            d.u.i.k.p.r.p.TestFile    ... success: reloaded. 
43263      INFO  main            d.u.i.k.p.r.p.TestFile    Now processing file /home/runner/work/key/key/key.core/../key.ui/examples/standard_key/arrays/creation/arrayCreation1.key 
43263      INFO  main            d.u.i.k.p.i.AbstractProblemLoader Loading environment from /home/runner/work/key/key/key.core/../key.ui/examples/standard_key/arrays/creation/arrayCreation1.key 
43264      DEBUG main            d.u.i.k.p.i.AbstractProblemLoader Environment load took 186.1ns 
43265      INFO  main            d.u.i.k.p.i.AbstractProblemLoader Creating init config 
46299      DEBUG main            d.u.i.k.p.i.AbstractProblemLoader Init config took 3.03s 
46325      INFO  main            d.u.i.k.p.i.AbstractProblemLoader Replaying proof arrayCreation1.key 
46328      DEBUG main            d.u.i.k.p.i.IntermediateProofReplayer Proof replay took 7.4ns 
46535      INFO  main            d.u.i.k.p.r.p.TestFile    ... finished proof: closed. 
46753      INFO  main            d.u.i.k.p.i.AbstractProblemLoader Loading environment from /home/runner/work/key/key/key.core/../key.ui/examples/standard_key/arrays/creation/arrayCreation1.key.proof 
46754      DEBUG main            d.u.i.k.p.i.AbstractProblemLoader Environment load took 627.31ns 
46755      INFO  main            d.u.i.k.p.i.AbstractProblemLoader Creating init config 
49726      DEBUG main            d.u.i.k.p.i.AbstractProblemLoader Init config took 2.97s 
49753      INFO  main            d.u.i.k.p.i.AbstractProblemLoader Replaying proof arrayCreation1.key.proof 
49794      DEBUG main            d.u.i.k.p.i.IntermediateProofReplayer Proof replay took 36.53ms 
49795      DEBUG main            d.u.i.k.p.r.p.TestFile    ... success: reloaded. 
49797      INFO  main            d.u.i.k.p.r.p.TestFile    Now processing file /home/runner/work/key/key/key.core/../key.ui/examples/standard_key/arrays/arrayStoreException/array2Dim.key 
49797      INFO  main            d.u.i.k.p.i.AbstractProblemLoader Loading environment from /home/runner/work/key/key/key.core/../key.ui/examples/standard_key/arrays/arrayStoreException/array2Dim.key 
49797      DEBUG main            d.u.i.k.p.i.AbstractProblemLoader Environment load took 318.7ns 
49799      INFO  main            d.u.i.k.p.i.AbstractProblemLoader Creating init config 
52901      DEBUG main            d.u.i.k.p.i.AbstractProblemLoader Init config took 3.1s 
52930      INFO  main            d.u.i.k.p.i.AbstractProblemLoader Replaying proof array2Dim.key 
52933      DEBUG main            d.u.i.k.p.i.IntermediateProofReplayer Proof replay took 8.1ns 
57367      INFO  main            d.u.i.k.p.r.p.TestFile    ... finished proof: open goal(s) 
57731      INFO  main            d.u.i.k.p.r.p.TestFile    Now processing file /home/runner/work/key/key/key.core/../key.ui/examples/standard_key/arrays/arrayStoreException/array2DimClose.key 
57734      INFO  main            d.u.i.k.p.i.AbstractProblemLoader Loading environment from /home/runner/work/key/key/key.core/../key.ui/examples/standard_key/arrays/arrayStoreException/array2DimClose.key 
57734      DEBUG main            d.u.i.k.p.i.AbstractProblemLoader Environment load took 279.9ns 
57736      INFO  main            d.u.i.k.p.i.AbstractProblemLoader Creating init config 
60803      DEBUG main            d.u.i.k.p.i.AbstractProblemLoader Init config took 3.07s 
60847      INFO  main            d.u.i.k.p.i.AbstractProblemLoader Replaying proof array2DimClose.key 
60853      DEBUG main            d.u.i.k.p.i.IntermediateProofReplayer Proof replay took 14.7ns 
63822      INFO  main            d.u.i.k.p.r.p.TestFile    ... finished proof: open goal(s) 
64270      INFO  main            d.u.i.k.p.r.p.TestFile    Now processing file /home/runner/work/key/key/key.core/../key.ui/examples/standard_key/arrays/arrayStoreException/throwASEForPrim.key 
64270      INFO  main            d.u.i.k.p.i.AbstractProblemLoader Loading environment from /home/runner/work/key/key/key.core/../key.ui/examples/standard_key/arrays/arrayStoreException/throwASEForPrim.key 
64270      DEBUG main            d.u.i.k.p.i.AbstractProblemLoader Environment load took 79.1ns 
64271      INFO  main            d.u.i.k.p.i.AbstractProblemLoader Creating init config 
67146      DEBUG main            d.u.i.k.p.i.AbstractProblemLoader Init config took 2.87s 
67166      INFO  main            d.u.i.k.p.i.AbstractProblemLoader Replaying proof throwASEForPrim.key 
67168      DEBUG main            d.u.i.k.p.i.IntermediateProofReplayer Proof replay took 6.8ns 
72748      INFO  main            d.u.i.k.p.r.p.TestFile    ... finished proof: open goal(s) 
3776595    INFO  Test worker     d.u.i.k.p.r.RunAllProofsTestUnit Returning from test arrays 
3776596    INFO  Test worker     d.u.i.k.p.r.RunAllProofsTestUnit Running test javadl 
446        INFO  Timeout watchdog d.u.i.k.p.r.p.ForkedTestFileRunner Timeout watcher launched (2000 secs.) 
470        WARN  main            d.u.i.k.s.ProofSettings   The settings in /home/runner/.key/proof-settings.props are *not* read. 
539        INFO  main            d.u.i.k.p.r.p.TestFile    Now processing file /home/runner/work/key/key/key.core/../key.ui/examples/standard_key/instanceCreation/instanceCreation1.key 
744        INFO  main            d.u.i.k.p.i.AbstractProblemLoader Loading environment from /home/runner/work/key/key/key.core/../key.ui/examples/standard_key/instanceCreation/instanceCreation1.key 
766        DEBUG main            d.u.i.k.p.i.AbstractProblemLoader Environment load took 4.74ms 
1054       INFO  main            d.u.i.k.p.i.AbstractProblemLoader Creating init config 
2226       DEBUG main            d.u.i.k.j.TypeConverter   No LDT found for Meta 
2227       DEBUG main            d.u.i.k.j.TypeConverter   No LDT found for Meta 
2228       DEBUG main            d.u.i.k.j.TypeConverter   No LDT found for Meta 
2229       DEBUG main            d.u.i.k.j.TypeConverter   No LDT found for Meta 
3830       DEBUG main            d.u.i.k.j.TypeConverter   No LDT found for JavaBigintExpression 
10056      DEBUG main            d.u.i.k.p.i.AbstractProblemLoader Init config took 9s 
10165      INFO  main            d.u.i.k.p.i.AbstractProblemLoader Replaying proof instanceCreation1.key 
10213      DEBUG main            d.u.i.k.p.i.IntermediateProofReplayer Proof replay took 54.2ns 
11555      INFO  main            d.u.i.k.p.r.p.TestFile    ... finished proof: closed. 
11729      INFO  main            d.u.i.k.p.i.AbstractProblemLoader Loading environment from /home/runner/work/key/key/key.core/../key.ui/examples/standard_key/instanceCreation/instanceCreation1.key.proof 
11732      DEBUG main            d.u.i.k.p.i.AbstractProblemLoader Environment load took 3.3ms 
11739      INFO  main            d.u.i.k.p.i.AbstractProblemLoader Creating init config 
15393      DEBUG main            d.u.i.k.p.i.AbstractProblemLoader Init config took 3.65s 
15462      INFO  main            d.u.i.k.p.i.AbstractProblemLoader Replaying proof instanceCreation1.key.proof 
15712      DEBUG main            d.u.i.k.p.i.IntermediateProofReplayer Proof replay took 229.96ms 
15731      DEBUG main            d.u.i.k.p.r.p.TestFile    ... success: reloaded. 
15733      INFO  main            d.u.i.k.p.r.p.TestFile    Now processing file /home/runner/work/key/key/key.core/../key.ui/examples/standard_key/instanceCreation/instanceCreation2.key 
15733      INFO  main            d.u.i.k.p.i.AbstractProblemLoader Loading environment from /home/runner/work/key/key/key.core/../key.ui/examples/standard_key/instanceCreation/instanceCreation2.key 
15733      DEBUG main            d.u.i.k.p.i.AbstractProblemLoader Environment load took 178.7ns 
15753      INFO  main            d.u.i.k.p.i.AbstractProblemLoader Creating init config 
19476      DEBUG main            d.u.i.k.p.i.AbstractProblemLoader Init config took 3.72s 
19512      INFO  main            d.u.i.k.p.i.AbstractProblemLoader Replaying proof instanceCreation2.key 
19514      DEBUG main            d.u.i.k.p.i.IntermediateProofReplayer Proof replay took 7.4ns 
20220      INFO  main            d.u.i.k.p.r.p.TestFile    ... finished proof: closed. 
20435      INFO  main            d.u.i.k.p.i.AbstractProblemLoader Loading environment from /home/runner/work/key/key/key.core/../key.ui/examples/standard_key/instanceCreation/instanceCreation2.key.proof 
20435      DEBUG main            d.u.i.k.p.i.AbstractProblemLoader Environment load took 608.21ns 
20444      INFO  main            d.u.i.k.p.i.AbstractProblemLoader Creating init config 
23943      DEBUG main            d.u.i.k.p.i.AbstractProblemLoader Init config took 3.5s 
23975      INFO  main            d.u.i.k.p.i.AbstractProblemLoader Replaying proof instanceCreation2.key.proof 
24113      DEBUG main            d.u.i.k.p.i.IntermediateProofReplayer Proof replay took 132.19ms 
24116      DEBUG main            d.u.i.k.p.r.p.TestFile    ... success: reloaded. 
24117      INFO  main            d.u.i.k.p.r.p.TestFile    Now processing file /home/runner/work/key/key/key.core/../key.ui/examples/standard_key/instanceCreation/interfacesAndAbstractClassesHaveNoInstances.key 
24117      INFO  main            d.u.i.k.p.i.AbstractProblemLoader Loading environment from /home/runner/work/key/key/key.core/../key.ui/examples/standard_key/instanceCreation/interfacesAndAbstractClassesHaveNoInstances.key 
24118      DEBUG main            d.u.i.k.p.i.AbstractProblemLoader Environment load took 306.6ns 
24119      INFO  main            d.u.i.k.p.i.AbstractProblemLoader Creating init config 
27373      DEBUG main            d.u.i.k.p.i.AbstractProblemLoader Init config took 3.25s 
27401      INFO  main            d.u.i.k.p.i.AbstractProblemLoader Replaying proof interfacesAndAbstractClassesHaveNoInstances.key 
27404      DEBUG main            d.u.i.k.p.i.IntermediateProofReplayer Proof replay took 7.3ns 
27508      INFO  main            d.u.i.k.p.r.p.TestFile    ... finished proof: closed. 
27710      INFO  main            d.u.i.k.p.i.AbstractProblemLoader Loading environment from /home/runner/work/key/key/key.core/../key.ui/examples/standard_key/instanceCreation/interfacesAndAbstractClassesHaveNoInstances.key.proof 
27711      DEBUG main            d.u.i.k.p.i.AbstractProblemLoader Environment load took 539.91ns 
27712      INFO  main            d.u.i.k.p.i.AbstractProblemLoader Creating init config 
30998      DEBUG main            d.u.i.k.p.i.AbstractProblemLoader Init config took 3.29s 
31021      INFO  main            d.u.i.k.p.i.AbstractProblemLoader Replaying proof interfacesAndAbstractClassesHaveNoInstances.key.proof 
31025      DEBUG main            d.u.i.k.p.i.IntermediateProofReplayer Proof replay took 1.37ms 
31027      DEBUG main            d.u.i.k.p.r.p.TestFile    ... success: reloaded. 
31028      INFO  main            d.u.i.k.p.r.p.TestFile    Now processing file /home/runner/work/key/key/key.core/../key.ui/examples/standard_key/instanceCreation/successiveCreatedObjectsAreDistinct.key 
31028      INFO  main            d.u.i.k.p.i.AbstractProblemLoader Loading environment from /home/runner/work/key/key/key.core/../key.ui/examples/standard_key/instanceCreation/successiveCreatedObjectsAreDistinct.key 
31028      DEBUG main            d.u.i.k.p.i.AbstractProblemLoader Environment load took 276ns 
31030      INFO  main            d.u.i.k.p.i.AbstractProblemLoader Creating init config 
34212      DEBUG main            d.u.i.k.p.i.AbstractProblemLoader Init config took 3.18s 
34237      INFO  main            d.u.i.k.p.i.AbstractProblemLoader Replaying proof successiveCreatedObjectsAreDistinct.key 
34239      DEBUG main            d.u.i.k.p.i.IntermediateProofReplayer Proof replay took 6.7ns 
34743      INFO  main            d.u.i.k.p.r.p.TestFile    ... finished proof: closed. 
34955      INFO  main            d.u.i.k.p.i.AbstractProblemLoader Loading environment from /home/runner/work/key/key/key.core/../key.ui/examples/standard_key/instanceCreation/successiveCreatedObjectsAreDistinct.key.proof 
34958      DEBUG main            d.u.i.k.p.i.AbstractProblemLoader Environment load took 2.55ms 
34960      INFO  main            d.u.i.k.p.i.AbstractProblemLoader Creating init config 
38177      DEBUG main            d.u.i.k.p.i.AbstractProblemLoader Init config took 3.22s 
38204      INFO  main            d.u.i.k.p.i.AbstractProblemLoader Replaying proof successiveCreatedObjectsAreDistinct.key.proof 
38287      DEBUG main            d.u.i.k.p.i.IntermediateProofReplayer Proof replay took 79.36ms 
38291      DEBUG main            d.u.i.k.p.r.p.TestFile    ... success: reloaded. 
38293      INFO  main            d.u.i.k.p.r.p.TestFile    Now processing file /home/runner/work/key/key/key.core/../key.ui/examples/standard_key/instanceCreation/testOverloadingConstructors.key 
38293      INFO  main            d.u.i.k.p.i.AbstractProblemLoader Loading environment from /home/runner/work/key/key/key.core/../key.ui/examples/standard_key/instanceCreation/testOverloadingConstructors.key 
38294      DEBUG main            d.u.i.k.p.i.AbstractProblemLoader Environment load took 283.9ns 
38295      INFO  main            d.u.i.k.p.i.AbstractProblemLoader Creating init config 
41734      DEBUG main            d.u.i.k.p.i.AbstractProblemLoader Init config took 3.44s 
41759      INFO  main            d.u.i.k.p.i.AbstractProblemLoader Replaying proof testOverloadingConstructors.key 
41761      DEBUG main            d.u.i.k.p.i.IntermediateProofReplayer Proof replay took 6.9ns 
42073      INFO  main            d.u.i.k.p.r.p.TestFile    ... finished proof: closed. 
42316      INFO  main            d.u.i.k.p.i.AbstractProblemLoader Loading environment from /home/runner/work/key/key/key.core/../key.ui/examples/standard_key/instanceCreation/testOverloadingConstructors.key.proof 
42318      DEBUG main            d.u.i.k.p.i.AbstractProblemLoader Environment load took 2.16ms 
42320      INFO  main            d.u.i.k.p.i.AbstractProblemLoader Creating init config 
45500      DEBUG main            d.u.i.k.p.i.AbstractProblemLoader Init config took 3.18s 
45525      INFO  main            d.u.i.k.p.i.AbstractProblemLoader Replaying proof testOverloadingConstructors.key.proof 
45601      DEBUG main            d.u.i.k.p.i.IntermediateProofReplayer Proof replay took 72.12ms 
45602      DEBUG main            d.u.i.k.p.r.p.TestFile    ... success: reloaded. 
45604      INFO  main            d.u.i.k.p.r.p.TestFile    Now processing file /home/runner/work/key/key/key.core/../key.ui/examples/standard_key/java_dl/SimpleAttributes.key 
45604      INFO  main            d.u.i.k.p.i.AbstractProblemLoader Loading environment from /home/runner/work/key/key/key.core/../key.ui/examples/standard_key/java_dl/SimpleAttributes.key 
45604      DEBUG main            d.u.i.k.p.i.AbstractProblemLoader Environment load took 251ns 
45606      INFO  main            d.u.i.k.p.i.AbstractProblemLoader Creating init config 
49009      DEBUG main            d.u.i.k.p.i.AbstractProblemLoader Init config took 3.4s 
49038      INFO  main            d.u.i.k.p.i.AbstractProblemLoader Replaying proof SimpleAttributes.key 
49041      DEBUG main            d.u.i.k.p.i.IntermediateProofReplayer Proof replay took 8.5ns 
49244      INFO  main            d.u.i.k.p.r.p.TestFile    ... finished proof: closed. 
49462      INFO  main            d.u.i.k.p.i.AbstractProblemLoader Loading environment from /home/runner/work/key/key/key.core/../key.ui/examples/standard_key/java_dl/SimpleAttributes.key.proof 
49463      DEBUG main            d.u.i.k.p.i.AbstractProblemLoader Environment load took 515.5ns 
49464      INFO  main            d.u.i.k.p.i.AbstractProblemLoader Creating init config 
52585      DEBUG main            d.u.i.k.p.i.AbstractProblemLoader Init config took 3.12s 
52611      INFO  main            d.u.i.k.p.i.AbstractProblemLoader Replaying proof SimpleAttributes.key.proof 
52649      DEBUG main            d.u.i.k.p.i.IntermediateProofReplayer Proof replay took 34.12ms 
52650      DEBUG main            d.u.i.k.p.r.p.TestFile    ... success: reloaded. 
52651      INFO  main            d.u.i.k.p.r.p.TestFile    Now processing file /home/runner/work/key/key/key.core/../key.ui/examples/standard_key/java_dl/arrayMax.key 
52651      INFO  main            d.u.i.k.p.i.AbstractProblemLoader Loading environment from /home/runner/work/key/key/key.core/../key.ui/examples/standard_key/java_dl/arrayMax.key 
52651      DEBUG main            d.u.i.k.p.i.AbstractProblemLoader Environment load took 112.9ns 
52654      INFO  main            d.u.i.k.p.i.AbstractProblemLoader Creating init config 
55902      DEBUG main            d.u.i.k.p.i.AbstractProblemLoader Init config took 3.25s 
55927      INFO  main            d.u.i.k.p.i.AbstractProblemLoader Replaying proof arrayMax.key 
55930      DEBUG main            d.u.i.k.p.i.IntermediateProofReplayer Proof replay took 7.7ns 
57653      INFO  main            d.u.i.k.p.r.p.TestFile    ... finished proof: closed. 
58001      INFO  main            d.u.i.k.p.i.AbstractProblemLoader Loading environment from /home/runner/work/key/key/key.core/../key.ui/examples/standard_key/java_dl/arrayMax.key.proof 
58001      DEBUG main            d.u.i.k.p.i.AbstractProblemLoader Environment load took 507.6ns 
58003      INFO  main            d.u.i.k.p.i.AbstractProblemLoader Creating init config 
61248      DEBUG main            d.u.i.k.p.i.AbstractProblemLoader Init config took 3.24s 
61275      INFO  main            d.u.i.k.p.i.AbstractProblemLoader Replaying proof arrayMax.key.proof 
61632      DEBUG main            d.u.i.k.p.i.IntermediateProofReplayer Proof replay took 347.89ms 
61636      DEBUG main            d.u.i.k.p.r.p.TestFile    ... success: reloaded. 
61638      INFO  main            d.u.i.k.p.r.p.TestFile    Now processing file /home/runner/work/key/key/key.core/../key.ui/examples/standard_key/java_dl/arrayUpdateSimp.key 
61638      INFO  main            d.u.i.k.p.i.AbstractProblemLoader Loading environment from /home/runner/work/key/key/key.core/../key.ui/examples/standard_key/java_dl/arrayUpdateSimp.key 
61638      DEBUG main            d.u.i.k.p.i.AbstractProblemLoader Environment load took 216.4ns 
61642      INFO  main            d.u.i.k.p.i.AbstractProblemLoader Creating init config 
61677      WARN  main            d.u.i.k.j.r.KeYCrossReferenceNameInfo Datatype java.io.InputStream declared twice: Once in FILE:/home/runner/work/key/key/key.core/../key.ui/examples/standard_key/java_dl/./classpath/InputStream.java and once in URL:file:/home/runner/work/key/key/key.core/build/resources/main/de/uka/ilkd/key/java/JavaRedux/java/io/InputStream.java, Keeping one from URL:file:/home/runner/work/key/key/key.core/build/resources/main/de/uka/ilkd/key/java/JavaRedux/java/io/InputStream.java 
61677      WARN  main            d.u.i.k.j.r.KeYCrossReferenceNameInfo Datatype java.lang.System declared twice: Once in FILE:/home/runner/work/key/key/key.core/../key.ui/examples/standard_key/java_dl/./classpath/System.java and once in URL:file:/home/runner/work/key/key/key.core/build/resources/main/de/uka/ilkd/key/java/JavaRedux/java/lang/System.java, Keeping one from URL:file:/home/runner/work/key/key/key.core/build/resources/main/de/uka/ilkd/key/java/JavaRedux/java/lang/System.java 
61677      WARN  main            d.u.i.k.j.r.KeYCrossReferenceNameInfo Datatype java.io.PrintStream declared twice: Once in FILE:/home/runner/work/key/key/key.core/../key.ui/examples/standard_key/java_dl/./classpath/PrintStream.java and once in URL:file:/home/runner/work/key/key/key.core/build/resources/main/de/uka/ilkd/key/java/JavaRedux/java/io/PrintStream.java, Keeping one from URL:file:/home/runner/work/key/key/key.core/build/resources/main/de/uka/ilkd/key/java/JavaRedux/java/io/PrintStream.java 
61685      DEBUG main            d.u.i.k.j.r.ClassFileDeclarationBuilder Parsing: package java.io; public class Closeable { } 
61685      DEBUG main            r.s.KeYCrossReferenceSourceInfo Dynamically created class: java.io.Closeable 
64978      DEBUG main            d.u.i.k.p.i.AbstractProblemLoader Init config took 3.34s 
65002      INFO  main            d.u.i.k.p.i.AbstractProblemLoader Replaying proof arrayUpdateSimp.key 
65004      DEBUG main            d.u.i.k.p.i.IntermediateProofReplayer Proof replay took 6.7ns 
65116      INFO  main            d.u.i.k.p.r.p.TestFile    ... finished proof: closed. 
65383      INFO  main            d.u.i.k.p.i.AbstractProblemLoader Loading environment from /home/runner/work/key/key/key.core/../key.ui/examples/standard_key/java_dl/arrayUpdateSimp.key.proof 
65383      DEBUG main            d.u.i.k.p.i.AbstractProblemLoader Environment load took 146.8ns 
65388      INFO  main            d.u.i.k.p.i.AbstractProblemLoader Creating init config 
65422      WARN  main            d.u.i.k.j.r.KeYCrossReferenceNameInfo Datatype java.io.InputStream declared twice: Once in FILE:/home/runner/work/key/key/key.core/../key.ui/examples/standard_key/java_dl/classpath/InputStream.java and once in URL:file:/home/runner/work/key/key/key.core/build/resources/main/de/uka/ilkd/key/java/JavaRedux/java/io/InputStream.java, Keeping one from URL:file:/home/runner/work/key/key/key.core/build/resources/main/de/uka/ilkd/key/java/JavaRedux/java/io/InputStream.java 
65422      WARN  main            d.u.i.k.j.r.KeYCrossReferenceNameInfo Datatype java.lang.System declared twice: Once in FILE:/home/runner/work/key/key/key.core/../key.ui/examples/standard_key/java_dl/classpath/System.java and once in URL:file:/home/runner/work/key/key/key.core/build/resources/main/de/uka/ilkd/key/java/JavaRedux/java/lang/System.java, Keeping one from URL:file:/home/runner/work/key/key/key.core/build/resources/main/de/uka/ilkd/key/java/JavaRedux/java/lang/System.java 
65423      WARN  main            d.u.i.k.j.r.KeYCrossReferenceNameInfo Datatype java.io.PrintStream declared twice: Once in FILE:/home/runner/work/key/key/key.core/../key.ui/examples/standard_key/java_dl/classpath/PrintStream.java and once in URL:file:/home/runner/work/key/key/key.core/build/resources/main/de/uka/ilkd/key/java/JavaRedux/java/io/PrintStream.java, Keeping one from URL:file:/home/runner/work/key/key/key.core/build/resources/main/de/uka/ilkd/key/java/JavaRedux/java/io/PrintStream.java 
65428      DEBUG main            d.u.i.k.j.r.ClassFileDeclarationBuilder Parsing: package java.io; public class Closeable { } 
65428      DEBUG main            r.s.KeYCrossReferenceSourceInfo Dynamically created class: java.io.Closeable 
68615      DEBUG main            d.u.i.k.p.i.AbstractProblemLoader Init config took 3.23s 
68643      INFO  main            d.u.i.k.p.i.AbstractProblemLoader Replaying proof arrayUpdateSimp.key.proof 
68647      DEBUG main            d.u.i.k.p.i.IntermediateProofReplayer Proof replay took 754.81ns 
68649      DEBUG main            d.u.i.k.p.r.p.TestFile    ... success: reloaded. 
68650      INFO  main            d.u.i.k.p.r.p.TestFile    Now processing file /home/runner/work/key/key/key.core/../key.ui/examples/standard_key/java_dl/attributes.key 
68651      INFO  main            d.u.i.k.p.i.AbstractProblemLoader Loading environment from /home/runner/work/key/key/key.core/../key.ui/examples/standard_key/java_dl/attributes.key 
68651      DEBUG main            d.u.i.k.p.i.AbstractProblemLoader Environment load took 240.7ns 
68652      INFO  main            d.u.i.k.p.i.AbstractProblemLoader Creating init config 
71912      DEBUG main            d.u.i.k.p.i.AbstractProblemLoader Init config took 3.26s 
71936      INFO  main            d.u.i.k.p.i.AbstractProblemLoader Replaying proof attributes.key 
71938      DEBUG main            d.u.i.k.p.i.IntermediateProofReplayer Proof replay took 7.7ns 
72143      INFO  main            d.u.i.k.p.r.p.TestFile    ... finished proof: closed. 
72390      INFO  main            d.u.i.k.p.i.AbstractProblemLoader Loading environment from /home/runner/work/key/key/key.core/../key.ui/examples/standard_key/java_dl/attributes.key.proof 
72390      DEBUG main            d.u.i.k.p.i.AbstractProblemLoader Environment load took 557.71ns 
72392      INFO  main            d.u.i.k.p.i.AbstractProblemLoader Creating init config 
75588      DEBUG main            d.u.i.k.p.i.AbstractProblemLoader Init config took 3.2s 
75617      INFO  main            d.u.i.k.p.i.AbstractProblemLoader Replaying proof attributes.key.proof 
75669      DEBUG main            d.u.i.k.p.i.IntermediateProofReplayer Proof replay took 49.09ms 
75671      DEBUG main            d.u.i.k.p.r.p.TestFile    ... success: reloaded. 
75672      INFO  main            d.u.i.k.p.r.p.TestFile    Now processing file /home/runner/work/key/key/key.core/../key.ui/examples/standard_key/java_dl/break.key 
75678      INFO  main            d.u.i.k.p.i.AbstractProblemLoader Loading environment from /home/runner/work/key/key/key.core/../key.ui/examples/standard_key/java_dl/break.key 
75679      DEBUG main            d.u.i.k.p.i.AbstractProblemLoader Environment load took 245.3ns 
75688      INFO  main            d.u.i.k.p.i.AbstractProblemLoader Creating init config 
75754      WARN  main            d.u.i.k.j.r.KeYCrossReferenceNameInfo Datatype java.io.InputStream declared twice: Once in FILE:/home/runner/work/key/key/key.core/../key.ui/examples/standard_key/java_dl/classpath/InputStream.java and once in URL:file:/home/runner/work/key/key/key.core/build/resources/main/de/uka/ilkd/key/java/JavaRedux/java/io/InputStream.java, Keeping one from URL:file:/home/runner/work/key/key/key.core/build/resources/main/de/uka/ilkd/key/java/JavaRedux/java/io/InputStream.java 
75755      WARN  main            d.u.i.k.j.r.KeYCrossReferenceNameInfo Datatype java.lang.System declared twice: Once in FILE:/home/runner/work/key/key/key.core/../key.ui/examples/standard_key/java_dl/classpath/System.java and once in URL:file:/home/runner/work/key/key/key.core/build/resources/main/de/uka/ilkd/key/java/JavaRedux/java/lang/System.java, Keeping one from URL:file:/home/runner/work/key/key/key.core/build/resources/main/de/uka/ilkd/key/java/JavaRedux/java/lang/System.java 
75755      WARN  main            d.u.i.k.j.r.KeYCrossReferenceNameInfo Datatype java.io.PrintStream declared twice: Once in FILE:/home/runner/work/key/key/key.core/../key.ui/examples/standard_key/java_dl/classpath/PrintStream.java and once in URL:file:/home/runner/work/key/key/key.core/build/resources/main/de/uka/ilkd/key/java/JavaRedux/java/io/PrintStream.java, Keeping one from URL:file:/home/runner/work/key/key/key.core/build/resources/main/de/uka/ilkd/key/java/JavaRedux/java/io/PrintStream.java 
75759      DEBUG main            d.u.i.k.j.r.ClassFileDeclarationBuilder Parsing: package java.io; public class Closeable { } 
75768      DEBUG main            r.s.KeYCrossReferenceSourceInfo Dynamically created class: java.io.Closeable 
78849      DEBUG main            d.u.i.k.p.i.AbstractProblemLoader Init config took 3.16s 
78871      INFO  main            d.u.i.k.p.i.AbstractProblemLoader Replaying proof break.key 
78873      DEBUG main            d.u.i.k.p.i.IntermediateProofReplayer Proof replay took 8.7ns 
78979      INFO  main            d.u.i.k.p.r.p.TestFile    ... finished proof: closed. 
79214      INFO  main            d.u.i.k.p.i.AbstractProblemLoader Loading environment from /home/runner/work/key/key/key.core/../key.ui/examples/standard_key/java_dl/break.key.proof 
79214      DEBUG main            d.u.i.k.p.i.AbstractProblemLoader Environment load took 276ns 
79215      INFO  main            d.u.i.k.p.i.AbstractProblemLoader Creating init config 
79243      WARN  main            d.u.i.k.j.r.KeYCrossReferenceNameInfo Datatype java.io.InputStream declared twice: Once in FILE:/home/runner/work/key/key/key.core/../key.ui/examples/standard_key/java_dl/classpath/InputStream.java and once in URL:file:/home/runner/work/key/key/key.core/build/resources/main/de/uka/ilkd/key/java/JavaRedux/java/io/InputStream.java, Keeping one from URL:file:/home/runner/work/key/key/key.core/build/resources/main/de/uka/ilkd/key/java/JavaRedux/java/io/InputStream.java 
79243      WARN  main            d.u.i.k.j.r.KeYCrossReferenceNameInfo Datatype java.lang.System declared twice: Once in FILE:/home/runner/work/key/key/key.core/../key.ui/examples/standard_key/java_dl/classpath/System.java and once in URL:file:/home/runner/work/key/key/key.core/build/resources/main/de/uka/ilkd/key/java/JavaRedux/java/lang/System.java, Keeping one from URL:file:/home/runner/work/key/key/key.core/build/resources/main/de/uka/ilkd/key/java/JavaRedux/java/lang/System.java 
79244      WARN  main            d.u.i.k.j.r.KeYCrossReferenceNameInfo Datatype java.io.PrintStream declared twice: Once in FILE:/home/runner/work/key/key/key.core/../key.ui/examples/standard_key/java_dl/classpath/PrintStream.java and once in URL:file:/home/runner/work/key/key/key.core/build/resources/main/de/uka/ilkd/key/java/JavaRedux/java/io/PrintStream.java, Keeping one from URL:file:/home/runner/work/key/key/key.core/build/resources/main/de/uka/ilkd/key/java/JavaRedux/java/io/PrintStream.java 
79247      DEBUG main            d.u.i.k.j.r.ClassFileDeclarationBuilder Parsing: package java.io; public class Closeable { } 
79247      DEBUG main            r.s.KeYCrossReferenceSourceInfo Dynamically created class: java.io.Closeable 
82336      DEBUG main            d.u.i.k.p.i.AbstractProblemLoader Init config took 3.12s 
82356      INFO  main            d.u.i.k.p.i.AbstractProblemLoader Replaying proof break.key.proof 
82368      DEBUG main            d.u.i.k.p.i.IntermediateProofReplayer Proof replay took 9.61ms 
82369      DEBUG main            d.u.i.k.p.r.p.TestFile    ... success: reloaded. 
82371      INFO  main            d.u.i.k.p.r.p.TestFile    Now processing file /home/runner/work/key/key/key.core/../key.ui/examples/standard_key/java_dl/char.key 
82371      INFO  main            d.u.i.k.p.i.AbstractProblemLoader Loading environment from /home/runner/work/key/key/key.core/../key.ui/examples/standard_key/java_dl/char.key 
82371      DEBUG main            d.u.i.k.p.i.AbstractProblemLoader Environment load took 205.2ns 
82373      INFO  main            d.u.i.k.p.i.AbstractProblemLoader Creating init config 
85405      DEBUG main            d.u.i.k.p.i.AbstractProblemLoader Init config took 3.03s 
85444      INFO  main            d.u.i.k.p.i.AbstractProblemLoader Replaying proof char.key 
85446      DEBUG main            d.u.i.k.p.i.IntermediateProofReplayer Proof replay took 8.6ns 
85548      INFO  main            d.u.i.k.p.r.p.TestFile    ... finished proof: closed. 
85799      INFO  main            d.u.i.k.p.i.AbstractProblemLoader Loading environment from /home/runner/work/key/key/key.core/../key.ui/examples/standard_key/java_dl/char.key.proof 
85799      DEBUG main            d.u.i.k.p.i.AbstractProblemLoader Environment load took 141.2ns 
85800      INFO  main            d.u.i.k.p.i.AbstractProblemLoader Creating init config 
88721      DEBUG main            d.u.i.k.p.i.AbstractProblemLoader Init config took 2.92s 
88739      INFO  main            d.u.i.k.p.i.AbstractProblemLoader Replaying proof char.key.proof 
88745      DEBUG main            d.u.i.k.p.i.IntermediateProofReplayer Proof replay took 3.91ms 
88746      DEBUG main            d.u.i.k.p.r.p.TestFile    ... success: reloaded. 
88747      INFO  main            d.u.i.k.p.r.p.TestFile    Now processing file /home/runner/work/key/key/key.core/../key.ui/examples/standard_key/java_dl/compileTimeConstants.key 
88747      INFO  main            d.u.i.k.p.i.AbstractProblemLoader Loading environment from /home/runner/work/key/key/key.core/../key.ui/examples/standard_key/java_dl/compileTimeConstants.key 
88747      DEBUG main            d.u.i.k.p.i.AbstractProblemLoader Environment load took 91.8ns 
88749      INFO  main            d.u.i.k.p.i.AbstractProblemLoader Creating init config 
91957      DEBUG main            d.u.i.k.p.i.AbstractProblemLoader Init config took 3.21s 
91975      INFO  main            d.u.i.k.p.i.AbstractProblemLoader Replaying proof compileTimeConstants.key 
91977      DEBUG main            d.u.i.k.p.i.IntermediateProofReplayer Proof replay took 9.1ns 
92083      INFO  main            d.u.i.k.p.r.p.TestFile    ... finished proof: closed. 
92337      INFO  main            d.u.i.k.p.i.AbstractProblemLoader Loading environment from /home/runner/work/key/key/key.core/../key.ui/examples/standard_key/java_dl/compileTimeConstants.key.proof 
92337      DEBUG main            d.u.i.k.p.i.AbstractProblemLoader Environment load took 128.5ns 
92340      INFO  main            d.u.i.k.p.i.AbstractProblemLoader Creating init config 
95350      DEBUG main            d.u.i.k.p.i.AbstractProblemLoader Init config took 3.01s 
95368      INFO  main            d.u.i.k.p.i.AbstractProblemLoader Replaying proof compileTimeConstants.key.proof 
95388      DEBUG main            d.u.i.k.p.i.IntermediateProofReplayer Proof replay took 16.37ms 
95389      DEBUG main            d.u.i.k.p.r.p.TestFile    ... success: reloaded. 
95390      INFO  main            d.u.i.k.p.r.p.TestFile    Now processing file /home/runner/work/key/key/key.core/../key.ui/examples/standard_key/java_dl/constructorException/test.key 
95391      INFO  main            d.u.i.k.p.i.AbstractProblemLoader Loading environment from /home/runner/work/key/key/key.core/../key.ui/examples/standard_key/java_dl/constructorException/test.key 
95391      DEBUG main            d.u.i.k.p.i.AbstractProblemLoader Environment load took 130.3ns 
95392      INFO  main            d.u.i.k.p.i.AbstractProblemLoader Creating init config 
98438      DEBUG main            d.u.i.k.p.i.AbstractProblemLoader Init config took 3.05s 
98538      INFO  main            d.u.i.k.p.i.AbstractProblemLoader Replaying proof Test[Test::Test(int)].JML operation contract.0 
98540      DEBUG main            d.u.i.k.p.i.IntermediateProofReplayer Proof replay took 10.9ns 
98844      INFO  main            d.u.i.k.p.r.p.TestFile    ... finished proof: closed. 
99120      INFO  main            d.u.i.k.p.i.AbstractProblemLoader Loading environment from /home/runner/work/key/key/key.core/../key.ui/examples/standard_key/java_dl/constructorException/test.key.proof 
99120      DEBUG main            d.u.i.k.p.i.AbstractProblemLoader Environment load took 575.11ns 
99122      INFO  main            d.u.i.k.p.i.AbstractProblemLoader Creating init config 
102320     DEBUG main            d.u.i.k.p.i.AbstractProblemLoader Init config took 3.2s 
102378     INFO  main            d.u.i.k.p.i.AbstractProblemLoader Replaying proof Test[Test::Test(int)].JML operation contract.0 
102452     DEBUG main            d.u.i.k.p.i.IntermediateProofReplayer Proof replay took 70.3ms 
102453     DEBUG main            d.u.i.k.p.r.p.TestFile    ... success: reloaded. 
102455     INFO  main            d.u.i.k.p.r.p.TestFile    Now processing file /home/runner/work/key/key/key.core/../key.ui/examples/standard_key/java_dl/constructorException/regressionTestBug1333.key 
102455     INFO  main            d.u.i.k.p.i.AbstractProblemLoader Loading environment from /home/runner/work/key/key/key.core/../key.ui/examples/standard_key/java_dl/constructorException/regressionTestBug1333.key 
102455     DEBUG main            d.u.i.k.p.i.AbstractProblemLoader Environment load took 206.5ns 
102457     INFO  main            d.u.i.k.p.i.AbstractProblemLoader Creating init config 
105601     DEBUG main            d.u.i.k.p.i.AbstractProblemLoader Init config took 3.14s 
105648     INFO  main            d.u.i.k.p.i.AbstractProblemLoader Replaying proof False[False::False()].JML normal_behavior operation contract.0 
105651     DEBUG main            d.u.i.k.p.i.IntermediateProofReplayer Proof replay took 7.5ns 
105756     INFO  main            d.u.i.k.p.r.p.TestFile    ... finished proof: open goal(s) 
106048     INFO  main            d.u.i.k.p.r.p.TestFile    Now processing file /home/runner/work/key/key/key.core/../key.ui/examples/standard_key/java_dl/continue1.key 
106049     INFO  main            d.u.i.k.p.i.AbstractProblemLoader Loading environment from /home/runner/work/key/key/key.core/../key.ui/examples/standard_key/java_dl/continue1.key 
106049     DEBUG main            d.u.i.k.p.i.AbstractProblemLoader Environment load took 79.7ns 
106050     INFO  main            d.u.i.k.p.i.AbstractProblemLoader Creating init config 
106081     WARN  main            d.u.i.k.j.r.KeYCrossReferenceNameInfo Datatype java.io.InputStream declared twice: Once in FILE:/home/runner/work/key/key/key.core/../key.ui/examples/standard_key/java_dl/classpath/InputStream.java and once in URL:file:/home/runner/work/key/key/key.core/build/resources/main/de/uka/ilkd/key/java/JavaRedux/java/io/InputStream.java, Keeping one from URL:file:/home/runner/work/key/key/key.core/build/resources/main/de/uka/ilkd/key/java/JavaRedux/java/io/InputStream.java 
106081     WARN  main            d.u.i.k.j.r.KeYCrossReferenceNameInfo Datatype java.lang.System declared twice: Once in FILE:/home/runner/work/key/key/key.core/../key.ui/examples/standard_key/java_dl/classpath/System.java and once in URL:file:/home/runner/work/key/key/key.core/build/resources/main/de/uka/ilkd/key/java/JavaRedux/java/lang/System.java, Keeping one from URL:file:/home/runner/work/key/key/key.core/build/resources/main/de/uka/ilkd/key/java/JavaRedux/java/lang/System.java 
106081     WARN  main            d.u.i.k.j.r.KeYCrossReferenceNameInfo Datatype java.io.PrintStream declared twice: Once in FILE:/home/runner/work/key/key/key.core/../key.ui/examples/standard_key/java_dl/classpath/PrintStream.java and once in URL:file:/home/runner/work/key/key/key.core/build/resources/main/de/uka/ilkd/key/java/JavaRedux/java/io/PrintStream.java, Keeping one from URL:file:/home/runner/work/key/key/key.core/build/resources/main/de/uka/ilkd/key/java/JavaRedux/java/io/PrintStream.java 
106084     DEBUG main            d.u.i.k.j.r.ClassFileDeclarationBuilder Parsing: package java.io; public class Closeable { } 
106085     DEBUG main            r.s.KeYCrossReferenceSourceInfo Dynamically created class: java.io.Closeable 
109184     DEBUG main            d.u.i.k.p.i.AbstractProblemLoader Init config took 3.13s 
109201     INFO  main            d.u.i.k.p.i.AbstractProblemLoader Replaying proof continue1.key 
109203     DEBUG main            d.u.i.k.p.i.IntermediateProofReplayer Proof replay took 7.8ns 
109308     INFO  main            d.u.i.k.p.r.p.TestFile    ... finished proof: closed. 
109567     INFO  main            d.u.i.k.p.i.AbstractProblemLoader Loading environment from /home/runner/work/key/key/key.core/../key.ui/examples/standard_key/java_dl/continue1.key.proof 
109569     DEBUG main            d.u.i.k.p.i.AbstractProblemLoader Environment load took 148ns 
109572     INFO  main            d.u.i.k.p.i.AbstractProblemLoader Creating init config 
109605     WARN  main            d.u.i.k.j.r.KeYCrossReferenceNameInfo Datatype java.io.InputStream declared twice: Once in FILE:/home/runner/work/key/key/key.core/../key.ui/examples/standard_key/java_dl/classpath/InputStream.java and once in URL:file:/home/runner/work/key/key/key.core/build/resources/main/de/uka/ilkd/key/java/JavaRedux/java/io/InputStream.java, Keeping one from URL:file:/home/runner/work/key/key/key.core/build/resources/main/de/uka/ilkd/key/java/JavaRedux/java/io/InputStream.java 
109606     WARN  main            d.u.i.k.j.r.KeYCrossReferenceNameInfo Datatype java.lang.System declared twice: Once in FILE:/home/runner/work/key/key/key.core/../key.ui/examples/standard_key/java_dl/classpath/System.java and once in URL:file:/home/runner/work/key/key/key.core/build/resources/main/de/uka/ilkd/key/java/JavaRedux/java/lang/System.java, Keeping one from URL:file:/home/runner/work/key/key/key.core/build/resources/main/de/uka/ilkd/key/java/JavaRedux/java/lang/System.java 
109606     WARN  main            d.u.i.k.j.r.KeYCrossReferenceNameInfo Datatype java.io.PrintStream declared twice: Once in FILE:/home/runner/work/key/key/key.core/../key.ui/examples/standard_key/java_dl/classpath/PrintStream.java and once in URL:file:/home/runner/work/key/key/key.core/build/resources/main/de/uka/ilkd/key/java/JavaRedux/java/io/PrintStream.java, Keeping one from URL:file:/home/runner/work/key/key/key.core/build/resources/main/de/uka/ilkd/key/java/JavaRedux/java/io/PrintStream.java 
109609     DEBUG main            d.u.i.k.j.r.ClassFileDeclarationBuilder Parsing: package java.io; public class Closeable { } 
109610     DEBUG main            r.s.KeYCrossReferenceSourceInfo Dynamically created class: java.io.Closeable 
112653     DEBUG main            d.u.i.k.p.i.AbstractProblemLoader Init config took 3.08s 
112674     INFO  main            d.u.i.k.p.i.AbstractProblemLoader Replaying proof continue1.key.proof 
112716     DEBUG main            d.u.i.k.p.i.IntermediateProofReplayer Proof replay took 37.47ms 
112718     DEBUG main            d.u.i.k.p.r.p.TestFile    ... success: reloaded. 
112719     INFO  main            d.u.i.k.p.r.p.TestFile    Now processing file /home/runner/work/key/key/key.core/../key.ui/examples/standard_key/java_dl/continue2.key 
112720     INFO  main            d.u.i.k.p.i.AbstractProblemLoader Loading environment from /home/runner/work/key/key/key.core/../key.ui/examples/standard_key/java_dl/continue2.key 
112720     DEBUG main            d.u.i.k.p.i.AbstractProblemLoader Environment load took 227.4ns 
112721     INFO  main            d.u.i.k.p.i.AbstractProblemLoader Creating init config 
112750     WARN  main            d.u.i.k.j.r.KeYCrossReferenceNameInfo Datatype java.io.InputStream declared twice: Once in FILE:/home/runner/work/key/key/key.core/../key.ui/examples/standard_key/java_dl/classpath/InputStream.java and once in URL:file:/home/runner/work/key/key/key.core/build/resources/main/de/uka/ilkd/key/java/JavaRedux/java/io/InputStream.java, Keeping one from URL:file:/home/runner/work/key/key/key.core/build/resources/main/de/uka/ilkd/key/java/JavaRedux/java/io/InputStream.java 
112750     WARN  main            d.u.i.k.j.r.KeYCrossReferenceNameInfo Datatype java.lang.System declared twice: Once in FILE:/home/runner/work/key/key/key.core/../key.ui/examples/standard_key/java_dl/classpath/System.java and once in URL:file:/home/runner/work/key/key/key.core/build/resources/main/de/uka/ilkd/key/java/JavaRedux/java/lang/System.java, Keeping one from URL:file:/home/runner/work/key/key/key.core/build/resources/main/de/uka/ilkd/key/java/JavaRedux/java/lang/System.java 
112750     WARN  main            d.u.i.k.j.r.KeYCrossReferenceNameInfo Datatype java.io.PrintStream declared twice: Once in FILE:/home/runner/work/key/key/key.core/../key.ui/examples/standard_key/java_dl/classpath/PrintStream.java and once in URL:file:/home/runner/work/key/key/key.core/build/resources/main/de/uka/ilkd/key/java/JavaRedux/java/io/PrintStream.java, Keeping one from URL:file:/home/runner/work/key/key/key.core/build/resources/main/de/uka/ilkd/key/java/JavaRedux/java/io/PrintStream.java 
112753     DEBUG main            d.u.i.k.j.r.ClassFileDeclarationBuilder Parsing: package java.io; public class Closeable { } 
112753     DEBUG main            r.s.KeYCrossReferenceSourceInfo Dynamically created class: java.io.Closeable 
115820     DEBUG main            d.u.i.k.p.i.AbstractProblemLoader Init config took 3.1s 
115839     INFO  main            d.u.i.k.p.i.AbstractProblemLoader Replaying proof continue2.key 
115842     DEBUG main            d.u.i.k.p.i.IntermediateProofReplayer Proof replay took 8.6ns 
116148     INFO  main            d.u.i.k.p.r.p.TestFile    ... finished proof: closed. 
116440     INFO  main            d.u.i.k.p.i.AbstractProblemLoader Loading environment from /home/runner/work/key/key/key.core/../key.ui/examples/standard_key/java_dl/continue2.key.proof 
116440     DEBUG main            d.u.i.k.p.i.AbstractProblemLoader Environment load took 622.11ns 
116442     INFO  main            d.u.i.k.p.i.AbstractProblemLoader Creating init config 
116476     WARN  main            d.u.i.k.j.r.KeYCrossReferenceNameInfo Datatype java.io.InputStream declared twice: Once in FILE:/home/runner/work/key/key/key.core/../key.ui/examples/standard_key/java_dl/classpath/InputStream.java and once in URL:file:/home/runner/work/key/key/key.core/build/resources/main/de/uka/ilkd/key/java/JavaRedux/java/io/InputStream.java, Keeping one from URL:file:/home/runner/work/key/key/key.core/build/resources/main/de/uka/ilkd/key/java/JavaRedux/java/io/InputStream.java 
116477     WARN  main            d.u.i.k.j.r.KeYCrossReferenceNameInfo Datatype java.lang.System declared twice: Once in FILE:/home/runner/work/key/key/key.core/../key.ui/examples/standard_key/java_dl/classpath/System.java and once in URL:file:/home/runner/work/key/key/key.core/build/resources/main/de/uka/ilkd/key/java/JavaRedux/java/lang/System.java, Keeping one from URL:file:/home/runner/work/key/key/key.core/build/resources/main/de/uka/ilkd/key/java/JavaRedux/java/lang/System.java 
116477     WARN  main            d.u.i.k.j.r.KeYCrossReferenceNameInfo Datatype java.io.PrintStream declared twice: Once in FILE:/home/runner/work/key/key/key.core/../key.ui/examples/standard_key/java_dl/classpath/PrintStream.java and once in URL:file:/home/runner/work/key/key/key.core/build/resources/main/de/uka/ilkd/key/java/JavaRedux/java/io/PrintStream.java, Keeping one from URL:file:/home/runner/work/key/key/key.core/build/resources/main/de/uka/ilkd/key/java/JavaRedux/java/io/PrintStream.java 
116480     DEBUG main            d.u.i.k.j.r.ClassFileDeclarationBuilder Parsing: package java.io; public class Closeable { } 
116480     DEBUG main            r.s.KeYCrossReferenceSourceInfo Dynamically created class: java.io.Closeable 
119401     DEBUG main            d.u.i.k.p.i.AbstractProblemLoader Init config took 2.96s 
119420     INFO  main            d.u.i.k.p.i.AbstractProblemLoader Replaying proof continue2.key.proof 
119553     DEBUG main            d.u.i.k.p.i.IntermediateProofReplayer Proof replay took 129.98ms 
119555     DEBUG main            d.u.i.k.p.r.p.TestFile    ... success: reloaded. 
119557     INFO  main            d.u.i.k.p.r.p.TestFile    Now processing file /home/runner/work/key/key/key.core/../key.ui/examples/standard_key/java_dl/complexAssignment.key 
119557     INFO  main            d.u.i.k.p.i.AbstractProblemLoader Loading environment from /home/runner/work/key/key/key.core/../key.ui/examples/standard_key/java_dl/complexAssignment.key 
119558     DEBUG main            d.u.i.k.p.i.AbstractProblemLoader Environment load took 283.9ns 
119560     INFO  main            d.u.i.k.p.i.AbstractProblemLoader Creating init config 
122585     DEBUG main            d.u.i.k.p.i.AbstractProblemLoader Init config took 3.03s 
122604     INFO  main            d.u.i.k.p.i.AbstractProblemLoader Replaying proof complexAssignment.key 
122606     DEBUG main            d.u.i.k.p.i.IntermediateProofReplayer Proof replay took 8.9ns 
122709     INFO  main            d.u.i.k.p.r.p.TestFile    ... finished proof: closed. 
123009     INFO  main            d.u.i.k.p.i.AbstractProblemLoader Loading environment from /home/runner/work/key/key/key.core/../key.ui/examples/standard_key/java_dl/complexAssignment.key.proof 
123009     DEBUG main            d.u.i.k.p.i.AbstractProblemLoader Environment load took 141.4ns 
123010     INFO  main            d.u.i.k.p.i.AbstractProblemLoader Creating init config 
125866     DEBUG main            d.u.i.k.p.i.AbstractProblemLoader Init config took 2.86s 
125883     INFO  main            d.u.i.k.p.i.AbstractProblemLoader Replaying proof complexAssignment.key.proof 
125894     DEBUG main            d.u.i.k.p.i.IntermediateProofReplayer Proof replay took 8.92ms 
125895     DEBUG main            d.u.i.k.p.r.p.TestFile    ... success: reloaded. 
125896     INFO  main            d.u.i.k.p.r.p.TestFile    Now processing file /home/runner/work/key/key/key.core/../key.ui/examples/standard_key/java_dl/danglingElseSolution1.key 
125896     INFO  main            d.u.i.k.p.i.AbstractProblemLoader Loading environment from /home/runner/work/key/key/key.core/../key.ui/examples/standard_key/java_dl/danglingElseSolution1.key 
125896     DEBUG main            d.u.i.k.p.i.AbstractProblemLoader Environment load took 101.7ns 
125898     INFO  main            d.u.i.k.p.i.AbstractProblemLoader Creating init config 
128804     DEBUG main            d.u.i.k.p.i.AbstractProblemLoader Init config took 2.91s 
128822     INFO  main            d.u.i.k.p.i.AbstractProblemLoader Replaying proof danglingElseSolution1.key 
128824     DEBUG main            d.u.i.k.p.i.IntermediateProofReplayer Proof replay took 9.8ns 
128927     INFO  main            d.u.i.k.p.r.p.TestFile    ... finished proof: closed. 
129212     INFO  main            d.u.i.k.p.i.AbstractProblemLoader Loading environment from /home/runner/work/key/key/key.core/../key.ui/examples/standard_key/java_dl/danglingElseSolution1.key.proof 
129212     DEBUG main            d.u.i.k.p.i.AbstractProblemLoader Environment load took 124.5ns 
129215     INFO  main            d.u.i.k.p.i.AbstractProblemLoader Creating init config 
132118     DEBUG main            d.u.i.k.p.i.AbstractProblemLoader Init config took 2.9s 
132136     INFO  main            d.u.i.k.p.i.AbstractProblemLoader Replaying proof danglingElseSolution1.key.proof 
132153     DEBUG main            d.u.i.k.p.i.IntermediateProofReplayer Proof replay took 13.67ms 
132154     DEBUG main            d.u.i.k.p.r.p.TestFile    ... success: reloaded. 
132155     INFO  main            d.u.i.k.p.r.p.TestFile    Now processing file /home/runner/work/key/key/key.core/../key.ui/examples/standard_key/java_dl/danglingElseSolution2.key 
132156     INFO  main            d.u.i.k.p.i.AbstractProblemLoader Loading environment from /home/runner/work/key/key/key.core/../key.ui/examples/standard_key/java_dl/danglingElseSolution2.key 
132156     DEBUG main            d.u.i.k.p.i.AbstractProblemLoader Environment load took 107.2ns 
132157     INFO  main            d.u.i.k.p.i.AbstractProblemLoader Creating init config 
135374     DEBUG main            d.u.i.k.p.i.AbstractProblemLoader Init config took 3.22s 
135392     INFO  main            d.u.i.k.p.i.AbstractProblemLoader Replaying proof danglingElseSolution2.key 
135394     DEBUG main            d.u.i.k.p.i.IntermediateProofReplayer Proof replay took 8.7ns 
135499     INFO  main            d.u.i.k.p.r.p.TestFile    ... finished proof: closed. 
135811     INFO  main            d.u.i.k.p.i.AbstractProblemLoader Loading environment from /home/runner/work/key/key/key.core/../key.ui/examples/standard_key/java_dl/danglingElseSolution2.key.proof 
135811     DEBUG main            d.u.i.k.p.i.AbstractProblemLoader Environment load took 125.4ns 
135816     INFO  main            d.u.i.k.p.i.AbstractProblemLoader Creating init config 
138639     DEBUG main            d.u.i.k.p.i.AbstractProblemLoader Init config took 2.82s 
138658     INFO  main            d.u.i.k.p.i.AbstractProblemLoader Replaying proof danglingElseSolution2.key.proof 
138675     DEBUG main            d.u.i.k.p.i.IntermediateProofReplayer Proof replay took 13.98ms 
138676     DEBUG main            d.u.i.k.p.r.p.TestFile    ... success: reloaded. 
138677     INFO  main            d.u.i.k.p.r.p.TestFile    Now processing file /home/runner/work/key/key/key.core/../key.ui/examples/standard_key/java_dl/deepNonNull/deepNonNull0.key 
138677     INFO  main            d.u.i.k.p.i.AbstractProblemLoader Loading environment from /home/runner/work/key/key/key.core/../key.ui/examples/standard_key/java_dl/deepNonNull/deepNonNull0.key 
138678     DEBUG main            d.u.i.k.p.i.AbstractProblemLoader Environment load took 233.5ns 
138679     INFO  main            d.u.i.k.p.i.AbstractProblemLoader Creating init config 
141657     DEBUG main            d.u.i.k.p.i.AbstractProblemLoader Init config took 2.98s 
141751     INFO  main            d.u.i.k.p.i.AbstractProblemLoader Replaying proof Arrays[Arrays::get()].JML operation contract.0 
141752     DEBUG main            d.u.i.k.p.i.IntermediateProofReplayer Proof replay took 7.8ns 
141955     INFO  main            d.u.i.k.p.r.p.TestFile    ... finished proof: closed. 
142301     INFO  main            d.u.i.k.p.i.AbstractProblemLoader Loading environment from /home/runner/work/key/key/key.core/../key.ui/examples/standard_key/java_dl/deepNonNull/deepNonNull0.key.proof 
142302     DEBUG main            d.u.i.k.p.i.AbstractProblemLoader Environment load took 580.31ns 
142303     INFO  main            d.u.i.k.p.i.AbstractProblemLoader Creating init config 
145382     DEBUG main            d.u.i.k.p.i.AbstractProblemLoader Init config took 3.08s 
145434     INFO  main            d.u.i.k.p.i.AbstractProblemLoader Replaying proof Arrays[Arrays::get()].JML operation contract.0 
145480     DEBUG main            d.u.i.k.p.i.IntermediateProofReplayer Proof replay took 43.7ms 
145481     DEBUG main            d.u.i.k.p.r.p.TestFile    ... success: reloaded. 
145482     INFO  main            d.u.i.k.p.r.p.TestFile    Now processing file /home/runner/work/key/key/key.core/../key.ui/examples/standard_key/java_dl/deepNonNull/deepNonNull1.key 
145483     INFO  main            d.u.i.k.p.i.AbstractProblemLoader Loading environment from /home/runner/work/key/key/key.core/../key.ui/examples/standard_key/java_dl/deepNonNull/deepNonNull1.key 
145483     DEBUG main            d.u.i.k.p.i.AbstractProblemLoader Environment load took 124.6ns 
145484     INFO  main            d.u.i.k.p.i.AbstractProblemLoader Creating init config 
148481     DEBUG main            d.u.i.k.p.i.AbstractProblemLoader Init config took 3s 
148538     INFO  main            d.u.i.k.p.i.AbstractProblemLoader Replaying proof Arrays[Arrays::head()].JML operation contract.0 
148539     DEBUG main            d.u.i.k.p.i.IntermediateProofReplayer Proof replay took 8.4ns 
148743     INFO  main            d.u.i.k.p.r.p.TestFile    ... finished proof: closed. 
149073     INFO  main            d.u.i.k.p.i.AbstractProblemLoader Loading environment from /home/runner/work/key/key/key.core/../key.ui/examples/standard_key/java_dl/deepNonNull/deepNonNull1.key.proof 
149073     DEBUG main            d.u.i.k.p.i.AbstractProblemLoader Environment load took 119.4ns 
149074     INFO  main            d.u.i.k.p.i.AbstractProblemLoader Creating init config 
151964     DEBUG main            d.u.i.k.p.i.AbstractProblemLoader Init config took 2.89s 
152012     INFO  main            d.u.i.k.p.i.AbstractProblemLoader Replaying proof Arrays[Arrays::head()].JML operation contract.0 
152051     DEBUG main            d.u.i.k.p.i.IntermediateProofReplayer Proof replay took 34.96ms 
152052     DEBUG main            d.u.i.k.p.r.p.TestFile    ... success: reloaded. 
152053     INFO  main            d.u.i.k.p.r.p.TestFile    Now processing file /home/runner/work/key/key/key.core/../key.ui/examples/standard_key/java_dl/deepNonNull/deepNonNull2.key 
152053     INFO  main            d.u.i.k.p.i.AbstractProblemLoader Loading environment from /home/runner/work/key/key/key.core/../key.ui/examples/standard_key/java_dl/deepNonNull/deepNonNull2.key 
152053     DEBUG main            d.u.i.k.p.i.AbstractProblemLoader Environment load took 199.9ns 
152054     INFO  main            d.u.i.k.p.i.AbstractProblemLoader Creating init config 
155153     DEBUG main            d.u.i.k.p.i.AbstractProblemLoader Init config took 3.1s 
155195     INFO  main            d.u.i.k.p.i.AbstractProblemLoader Replaying proof Arrays[Arrays::unprovable(java.lang.Object)].JML operation contract.0 
155196     DEBUG main            d.u.i.k.p.i.IntermediateProofReplayer Proof replay took 8.6ns 
155305     INFO  main            d.u.i.k.p.r.p.TestFile    ... finished proof: open goal(s) 
155652     INFO  main            d.u.i.k.p.r.p.TestFile    Now processing file /home/runner/work/key/key/key.core/../key.ui/examples/standard_key/java_dl/deepNonNull/deepNonNull3.key 
155653     INFO  main            d.u.i.k.p.i.AbstractProblemLoader Loading environment from /home/runner/work/key/key/key.core/../key.ui/examples/standard_key/java_dl/deepNonNull/deepNonNull3.key 
155653     DEBUG main            d.u.i.k.p.i.AbstractProblemLoader Environment load took 67.7ns 
155654     INFO  main            d.u.i.k.p.i.AbstractProblemLoader Creating init config 
158669     DEBUG main            d.u.i.k.p.i.AbstractProblemLoader Init config took 3.02s 
158715     INFO  main            d.u.i.k.p.i.AbstractProblemLoader Replaying proof Arrays[Arrays::head([[[[Ljava.lang.Object)].JML operation contract.0 
158717     DEBUG main            d.u.i.k.p.i.IntermediateProofReplayer Proof replay took 8.6ns 
159928     INFO  main            d.u.i.k.p.r.p.TestFile    ... finished proof: closed. 
160437     INFO  main            d.u.i.k.p.i.AbstractProblemLoader Loading environment from /home/runner/work/key/key/key.core/../key.ui/examples/standard_key/java_dl/deepNonNull/deepNonNull3.key.proof 
160438     DEBUG main            d.u.i.k.p.i.AbstractProblemLoader Environment load took 187.8ns 
160439     INFO  main            d.u.i.k.p.i.AbstractProblemLoader Creating init config 
163457     DEBUG main            d.u.i.k.p.i.AbstractProblemLoader Init config took 3.02s 
163500     INFO  main            d.u.i.k.p.i.AbstractProblemLoader Replaying proof Arrays[Arrays::head([[[[Ljava.lang.Object)].JML operation contract.0 
163665     DEBUG main            d.u.i.k.p.i.IntermediateProofReplayer Proof replay took 158.47ms 
163667     DEBUG main            d.u.i.k.p.r.p.TestFile    ... success: reloaded. 
163668     INFO  main            d.u.i.k.p.r.p.TestFile    Now processing file /home/runner/work/key/key/key.core/../key.ui/examples/standard_key/java_dl/exceptions.key 
163669     INFO  main            d.u.i.k.p.i.AbstractProblemLoader Loading environment from /home/runner/work/key/key/key.core/../key.ui/examples/standard_key/java_dl/exceptions.key 
163669     DEBUG main            d.u.i.k.p.i.AbstractProblemLoader Environment load took 277.2ns 
163673     INFO  main            d.u.i.k.p.i.AbstractProblemLoader Creating init config 
163705     WARN  main            d.u.i.k.j.r.KeYCrossReferenceNameInfo Datatype java.io.InputStream declared twice: Once in FILE:/home/runner/work/key/key/key.core/../key.ui/examples/standard_key/java_dl/classpath/InputStream.java and once in URL:file:/home/runner/work/key/key/key.core/build/resources/main/de/uka/ilkd/key/java/JavaRedux/java/io/InputStream.java, Keeping one from URL:file:/home/runner/work/key/key/key.core/build/resources/main/de/uka/ilkd/key/java/JavaRedux/java/io/InputStream.java 
163705     WARN  main            d.u.i.k.j.r.KeYCrossReferenceNameInfo Datatype java.lang.System declared twice: Once in FILE:/home/runner/work/key/key/key.core/../key.ui/examples/standard_key/java_dl/classpath/System.java and once in URL:file:/home/runner/work/key/key/key.core/build/resources/main/de/uka/ilkd/key/java/JavaRedux/java/lang/System.java, Keeping one from URL:file:/home/runner/work/key/key/key.core/build/resources/main/de/uka/ilkd/key/java/JavaRedux/java/lang/System.java 
163705     WARN  main            d.u.i.k.j.r.KeYCrossReferenceNameInfo Datatype java.io.PrintStream declared twice: Once in FILE:/home/runner/work/key/key/key.core/../key.ui/examples/standard_key/java_dl/classpath/PrintStream.java and once in URL:file:/home/runner/work/key/key/key.core/build/resources/main/de/uka/ilkd/key/java/JavaRedux/java/io/PrintStream.java, Keeping one from URL:file:/home/runner/work/key/key/key.core/build/resources/main/de/uka/ilkd/key/java/JavaRedux/java/io/PrintStream.java 
163709     DEBUG main            d.u.i.k.j.r.ClassFileDeclarationBuilder Parsing: package java.io; public class Closeable { } 
163709     DEBUG main            r.s.KeYCrossReferenceSourceInfo Dynamically created class: java.io.Closeable 
166803     DEBUG main            d.u.i.k.p.i.AbstractProblemLoader Init config took 3.13s 
166820     INFO  main            d.u.i.k.p.i.AbstractProblemLoader Replaying proof exceptions.key 
166822     DEBUG main            d.u.i.k.p.i.IntermediateProofReplayer Proof replay took 24.8ns 
167025     INFO  main            d.u.i.k.p.r.p.TestFile    ... finished proof: closed. 
167359     INFO  main            d.u.i.k.p.i.AbstractProblemLoader Loading environment from /home/runner/work/key/key/key.core/../key.ui/examples/standard_key/java_dl/exceptions.key.proof 
167359     DEBUG main            d.u.i.k.p.i.AbstractProblemLoader Environment load took 118.1ns 
167360     INFO  main            d.u.i.k.p.i.AbstractProblemLoader Creating init config 
167390     WARN  main            d.u.i.k.j.r.KeYCrossReferenceNameInfo Datatype java.io.InputStream declared twice: Once in FILE:/home/runner/work/key/key/key.core/../key.ui/examples/standard_key/java_dl/classpath/InputStream.java and once in URL:file:/home/runner/work/key/key/key.core/build/resources/main/de/uka/ilkd/key/java/JavaRedux/java/io/InputStream.java, Keeping one from URL:file:/home/runner/work/key/key/key.core/build/resources/main/de/uka/ilkd/key/java/JavaRedux/java/io/InputStream.java 
167390     WARN  main            d.u.i.k.j.r.KeYCrossReferenceNameInfo Datatype java.lang.System declared twice: Once in FILE:/home/runner/work/key/key/key.core/../key.ui/examples/standard_key/java_dl/classpath/System.java and once in URL:file:/home/runner/work/key/key/key.core/build/resources/main/de/uka/ilkd/key/java/JavaRedux/java/lang/System.java, Keeping one from URL:file:/home/runner/work/key/key/key.core/build/resources/main/de/uka/ilkd/key/java/JavaRedux/java/lang/System.java 
167390     WARN  main            d.u.i.k.j.r.KeYCrossReferenceNameInfo Datatype java.io.PrintStream declared twice: Once in FILE:/home/runner/work/key/key/key.core/../key.ui/examples/standard_key/java_dl/classpath/PrintStream.java and once in URL:file:/home/runner/work/key/key/key.core/build/resources/main/de/uka/ilkd/key/java/JavaRedux/java/io/PrintStream.java, Keeping one from URL:file:/home/runner/work/key/key/key.core/build/resources/main/de/uka/ilkd/key/java/JavaRedux/java/io/PrintStream.java 
167393     DEBUG main            d.u.i.k.j.r.ClassFileDeclarationBuilder Parsing: package java.io; public class Closeable { } 
167394     DEBUG main            r.s.KeYCrossReferenceSourceInfo Dynamically created class: java.io.Closeable 
170212     DEBUG main            d.u.i.k.p.i.AbstractProblemLoader Init config took 2.85s 
170227     INFO  main            d.u.i.k.p.i.AbstractProblemLoader Replaying proof exceptions.key.proof 
170288     DEBUG main            d.u.i.k.p.i.IntermediateProofReplayer Proof replay took 57.25ms 
170289     DEBUG main            d.u.i.k.p.r.p.TestFile    ... success: reloaded. 
170290     INFO  main            d.u.i.k.p.r.p.TestFile    Now processing file /home/runner/work/key/key/key.core/../key.ui/examples/standard_key/java_dl/exceptions1.key 
170290     INFO  main            d.u.i.k.p.i.AbstractProblemLoader Loading environment from /home/runner/work/key/key/key.core/../key.ui/examples/standard_key/java_dl/exceptions1.key 
170290     DEBUG main            d.u.i.k.p.i.AbstractProblemLoader Environment load took 111.2ns 
170292     INFO  main            d.u.i.k.p.i.AbstractProblemLoader Creating init config 
173219     DEBUG main            d.u.i.k.p.i.AbstractProblemLoader Init config took 2.93s 
173236     INFO  main            d.u.i.k.p.i.AbstractProblemLoader Replaying proof exceptions1.key 
173238     DEBUG main            d.u.i.k.p.i.IntermediateProofReplayer Proof replay took 7.4ns 
173442     INFO  main            d.u.i.k.p.r.p.TestFile    ... finished proof: closed. 
173802     INFO  main            d.u.i.k.p.i.AbstractProblemLoader Loading environment from /home/runner/work/key/key/key.core/../key.ui/examples/standard_key/java_dl/exceptions1.key.proof 
173802     DEBUG main            d.u.i.k.p.i.AbstractProblemLoader Environment load took 101.6ns 
173804     INFO  main            d.u.i.k.p.i.AbstractProblemLoader Creating init config 
176777     DEBUG main            d.u.i.k.p.i.AbstractProblemLoader Init config took 2.97s 
176794     INFO  main            d.u.i.k.p.i.AbstractProblemLoader Replaying proof exceptions1.key.proof 
176842     DEBUG main            d.u.i.k.p.i.IntermediateProofReplayer Proof replay took 45.2ms 
176843     DEBUG main            d.u.i.k.p.r.p.TestFile    ... success: reloaded. 
176844     INFO  main            d.u.i.k.p.r.p.TestFile    Now processing file /home/runner/work/key/key/key.core/../key.ui/examples/standard_key/java_dl/exceptions2.key 
176845     INFO  main            d.u.i.k.p.i.AbstractProblemLoader Loading environment from /home/runner/work/key/key/key.core/../key.ui/examples/standard_key/java_dl/exceptions2.key 
176845     DEBUG main            d.u.i.k.p.i.AbstractProblemLoader Environment load took 193ns 
176846     INFO  main            d.u.i.k.p.i.AbstractProblemLoader Creating init config 
179779     DEBUG main            d.u.i.k.p.i.AbstractProblemLoader Init config took 2.93s 
179796     INFO  main            d.u.i.k.p.i.AbstractProblemLoader Replaying proof exceptions2.key 
179799     DEBUG main            d.u.i.k.p.i.IntermediateProofReplayer Proof replay took 7.9ns 
180001     INFO  main            d.u.i.k.p.r.p.TestFile    ... finished proof: closed. 
180391     INFO  main            d.u.i.k.p.i.AbstractProblemLoader Loading environment from /home/runner/work/key/key/key.core/../key.ui/examples/standard_key/java_dl/exceptions2.key.proof 
180392     DEBUG main            d.u.i.k.p.i.AbstractProblemLoader Environment load took 203.8ns 
180394     INFO  main            d.u.i.k.p.i.AbstractProblemLoader Creating init config 
183223     DEBUG main            d.u.i.k.p.i.AbstractProblemLoader Init config took 2.83s 
183240     INFO  main            d.u.i.k.p.i.AbstractProblemLoader Replaying proof exceptions2.key.proof 
183285     DEBUG main            d.u.i.k.p.i.IntermediateProofReplayer Proof replay took 41.67ms 
183286     DEBUG main            d.u.i.k.p.r.p.TestFile    ... success: reloaded. 
183287     INFO  main            d.u.i.k.p.r.p.TestFile    Now processing file /home/runner/work/key/key/key.core/../key.ui/examples/standard_key/java_dl/exceptions3.key 
183287     INFO  main            d.u.i.k.p.i.AbstractProblemLoader Loading environment from /home/runner/work/key/key/key.core/../key.ui/examples/standard_key/java_dl/exceptions3.key 
183287     DEBUG main            d.u.i.k.p.i.AbstractProblemLoader Environment load took 86.5ns 
183289     INFO  main            d.u.i.k.p.i.AbstractProblemLoader Creating init config 
183315     WARN  main            d.u.i.k.j.r.KeYCrossReferenceNameInfo Datatype java.io.InputStream declared twice: Once in FILE:/home/runner/work/key/key/key.core/../key.ui/examples/standard_key/java_dl/classpath/InputStream.java and once in URL:file:/home/runner/work/key/key/key.core/build/resources/main/de/uka/ilkd/key/java/JavaRedux/java/io/InputStream.java, Keeping one from URL:file:/home/runner/work/key/key/key.core/build/resources/main/de/uka/ilkd/key/java/JavaRedux/java/io/InputStream.java 
183316     WARN  main            d.u.i.k.j.r.KeYCrossReferenceNameInfo Datatype java.lang.System declared twice: Once in FILE:/home/runner/work/key/key/key.core/../key.ui/examples/standard_key/java_dl/classpath/System.java and once in URL:file:/home/runner/work/key/key/key.core/build/resources/main/de/uka/ilkd/key/java/JavaRedux/java/lang/System.java, Keeping one from URL:file:/home/runner/work/key/key/key.core/build/resources/main/de/uka/ilkd/key/java/JavaRedux/java/lang/System.java 
183316     WARN  main            d.u.i.k.j.r.KeYCrossReferenceNameInfo Datatype java.io.PrintStream declared twice: Once in FILE:/home/runner/work/key/key/key.core/../key.ui/examples/standard_key/java_dl/classpath/PrintStream.java and once in URL:file:/home/runner/work/key/key/key.core/build/resources/main/de/uka/ilkd/key/java/JavaRedux/java/io/PrintStream.java, Keeping one from URL:file:/home/runner/work/key/key/key.core/build/resources/main/de/uka/ilkd/key/java/JavaRedux/java/io/PrintStream.java 
183319     DEBUG main            d.u.i.k.j.r.ClassFileDeclarationBuilder Parsing: package java.io; public class Closeable { } 
183319     DEBUG main            r.s.KeYCrossReferenceSourceInfo Dynamically created class: java.io.Closeable 
186397     DEBUG main            d.u.i.k.p.i.AbstractProblemLoader Init config took 3.11s 
186413     INFO  main            d.u.i.k.p.i.AbstractProblemLoader Replaying proof exceptions3.key 
186415     DEBUG main            d.u.i.k.p.i.IntermediateProofReplayer Proof replay took 7.4ns 
186520     INFO  main            d.u.i.k.p.r.p.TestFile    ... finished proof: closed. 
186870     INFO  main            d.u.i.k.p.i.AbstractProblemLoader Loading environment from /home/runner/work/key/key/key.core/../key.ui/examples/standard_key/java_dl/exceptions3.key.proof 
186870     DEBUG main            d.u.i.k.p.i.AbstractProblemLoader Environment load took 131.41ns 
186871     INFO  main            d.u.i.k.p.i.AbstractProblemLoader Creating init config 
186899     WARN  main            d.u.i.k.j.r.KeYCrossReferenceNameInfo Datatype java.io.InputStream declared twice: Once in FILE:/home/runner/work/key/key/key.core/../key.ui/examples/standard_key/java_dl/classpath/InputStream.java and once in URL:file:/home/runner/work/key/key/key.core/build/resources/main/de/uka/ilkd/key/java/JavaRedux/java/io/InputStream.java, Keeping one from URL:file:/home/runner/work/key/key/key.core/build/resources/main/de/uka/ilkd/key/java/JavaRedux/java/io/InputStream.java 
186899     WARN  main            d.u.i.k.j.r.KeYCrossReferenceNameInfo Datatype java.lang.System declared twice: Once in FILE:/home/runner/work/key/key/key.core/../key.ui/examples/standard_key/java_dl/classpath/System.java and once in URL:file:/home/runner/work/key/key/key.core/build/resources/main/de/uka/ilkd/key/java/JavaRedux/java/lang/System.java, Keeping one from URL:file:/home/runner/work/key/key/key.core/build/resources/main/de/uka/ilkd/key/java/JavaRedux/java/lang/System.java 
186899     WARN  main            d.u.i.k.j.r.KeYCrossReferenceNameInfo Datatype java.io.PrintStream declared twice: Once in FILE:/home/runner/work/key/key/key.core/../key.ui/examples/standard_key/java_dl/classpath/PrintStream.java and once in URL:file:/home/runner/work/key/key/key.core/build/resources/main/de/uka/ilkd/key/java/JavaRedux/java/io/PrintStream.java, Keeping one from URL:file:/home/runner/work/key/key/key.core/build/resources/main/de/uka/ilkd/key/java/JavaRedux/java/io/PrintStream.java 
186902     DEBUG main            d.u.i.k.j.r.ClassFileDeclarationBuilder Parsing: package java.io; public class Closeable { } 
186903     DEBUG main            r.s.KeYCrossReferenceSourceInfo Dynamically created class: java.io.Closeable 
189723     DEBUG main            d.u.i.k.p.i.AbstractProblemLoader Init config took 2.85s 
189741     INFO  main            d.u.i.k.p.i.AbstractProblemLoader Replaying proof exceptions3.key.proof 
189750     DEBUG main            d.u.i.k.p.i.IntermediateProofReplayer Proof replay took 5.67ms 
189752     DEBUG main            d.u.i.k.p.r.p.TestFile    ... success: reloaded. 
189753     INFO  main            d.u.i.k.p.r.p.TestFile    Now processing file /home/runner/work/key/key/key.core/../key.ui/examples/standard_key/java_dl/exchange.key 
189753     INFO  main            d.u.i.k.p.i.AbstractProblemLoader Loading environment from /home/runner/work/key/key/key.core/../key.ui/examples/standard_key/java_dl/exchange.key 
189753     DEBUG main            d.u.i.k.p.i.AbstractProblemLoader Environment load took 237.4ns 
189755     INFO  main            d.u.i.k.p.i.AbstractProblemLoader Creating init config 
192703     DEBUG main            d.u.i.k.p.i.AbstractProblemLoader Init config took 2.95s 
192719     INFO  main            d.u.i.k.p.i.AbstractProblemLoader Replaying proof exchange.key 
192721     DEBUG main            d.u.i.k.p.i.IntermediateProofReplayer Proof replay took 8.3ns 
192823     INFO  main            d.u.i.k.p.r.p.TestFile    ... finished proof: closed. 
193182     INFO  main            d.u.i.k.p.i.AbstractProblemLoader Loading environment from /home/runner/work/key/key/key.core/../key.ui/examples/standard_key/java_dl/exchange.key.proof 
193182     DEBUG main            d.u.i.k.p.i.AbstractProblemLoader Environment load took 101.5ns 
193183     INFO  main            d.u.i.k.p.i.AbstractProblemLoader Creating init config 
196167     DEBUG main            d.u.i.k.p.i.AbstractProblemLoader Init config took 2.98s 
196184     INFO  main            d.u.i.k.p.i.AbstractProblemLoader Replaying proof exchange.key.proof 
196191     DEBUG main            d.u.i.k.p.i.IntermediateProofReplayer Proof replay took 4.71ms 
196192     DEBUG main            d.u.i.k.p.r.p.TestFile    ... success: reloaded. 
196193     INFO  main            d.u.i.k.p.r.p.TestFile    Now processing file /home/runner/work/key/key/key.core/../key.ui/examples/standard_key/java_dl/if.key 
196193     INFO  main            d.u.i.k.p.i.AbstractProblemLoader Loading environment from /home/runner/work/key/key/key.core/../key.ui/examples/standard_key/java_dl/if.key 
196193     DEBUG main            d.u.i.k.p.i.AbstractProblemLoader Environment load took 227ns 
196194     INFO  main            d.u.i.k.p.i.AbstractProblemLoader Creating init config 
199140     DEBUG main            d.u.i.k.p.i.AbstractProblemLoader Init config took 2.95s 
199157     INFO  main            d.u.i.k.p.i.AbstractProblemLoader Replaying proof if.key 
199159     DEBUG main            d.u.i.k.p.i.IntermediateProofReplayer Proof replay took 20.3ns 
199261     INFO  main            d.u.i.k.p.r.p.TestFile    ... finished proof: closed. 
199640     INFO  main            d.u.i.k.p.i.AbstractProblemLoader Loading environment from /home/runner/work/key/key/key.core/../key.ui/examples/standard_key/java_dl/if.key.proof 
199640     DEBUG main            d.u.i.k.p.i.AbstractProblemLoader Environment load took 114.7ns 
199641     INFO  main            d.u.i.k.p.i.AbstractProblemLoader Creating init config 
202520     DEBUG main            d.u.i.k.p.i.AbstractProblemLoader Init config took 2.88s 
202536     INFO  main            d.u.i.k.p.i.AbstractProblemLoader Replaying proof if.key.proof 
202541     DEBUG main            d.u.i.k.p.i.IntermediateProofReplayer Proof replay took 3.59ms 
202542     DEBUG main            d.u.i.k.p.r.p.TestFile    ... success: reloaded. 
202543     INFO  main            d.u.i.k.p.r.p.TestFile    Now processing file /home/runner/work/key/key/key.core/../key.ui/examples/standard_key/java_dl/incrementcounter.key 
202543     INFO  main            d.u.i.k.p.i.AbstractProblemLoader Loading environment from /home/runner/work/key/key/key.core/../key.ui/examples/standard_key/java_dl/incrementcounter.key 
202543     DEBUG main            d.u.i.k.p.i.AbstractProblemLoader Environment load took 159.8ns 
202545     INFO  main            d.u.i.k.p.i.AbstractProblemLoader Creating init config 
205441     DEBUG main            d.u.i.k.p.i.AbstractProblemLoader Init config took 2.9s 
205458     INFO  main            d.u.i.k.p.i.AbstractProblemLoader Replaying proof incrementcounter.key 
205460     DEBUG main            d.u.i.k.p.i.IntermediateProofReplayer Proof replay took 10.8ns 
205563     INFO  main            d.u.i.k.p.r.p.TestFile    ... finished proof: closed. 
205963     INFO  main            d.u.i.k.p.i.AbstractProblemLoader Loading environment from /home/runner/work/key/key/key.core/../key.ui/examples/standard_key/java_dl/incrementcounter.key.proof 
205963     DEBUG main            d.u.i.k.p.i.AbstractProblemLoader Environment load took 114.7ns 
205964     INFO  main            d.u.i.k.p.i.AbstractProblemLoader Creating init config 
208867     DEBUG main            d.u.i.k.p.i.AbstractProblemLoader Init config took 2.9s 
208883     INFO  main            d.u.i.k.p.i.AbstractProblemLoader Replaying proof incrementcounter.key.proof 
208888     DEBUG main            d.u.i.k.p.i.IntermediateProofReplayer Proof replay took 2.52ms 
208890     DEBUG main            d.u.i.k.p.r.p.TestFile    ... success: reloaded. 
208890     INFO  main            d.u.i.k.p.r.p.TestFile    Now processing file /home/runner/work/key/key/key.core/../key.ui/examples/standard_key/java_dl/danglingElse.key 
208891     INFO  main            d.u.i.k.p.i.AbstractProblemLoader Loading environment from /home/runner/work/key/key/key.core/../key.ui/examples/standard_key/java_dl/danglingElse.key 
208891     DEBUG main            d.u.i.k.p.i.AbstractProblemLoader Environment load took 199.5ns 
208894     INFO  main            d.u.i.k.p.i.AbstractProblemLoader Creating init config 
211795     DEBUG main            d.u.i.k.p.i.AbstractProblemLoader Init config took 2.9s 
211815     INFO  main            d.u.i.k.p.i.AbstractProblemLoader Replaying proof danglingElse.key 
211818     DEBUG main            d.u.i.k.p.i.IntermediateProofReplayer Proof replay took 8.7ns 
211921     INFO  main            d.u.i.k.p.r.p.TestFile    ... finished proof: open goal(s) 
212309     INFO  main            d.u.i.k.p.r.p.TestFile    Now processing file /home/runner/work/key/key/key.core/../key.ui/examples/standard_key/java_dl/iteratedAssignment.key 
212309     INFO  main            d.u.i.k.p.i.AbstractProblemLoader Loading environment from /home/runner/work/key/key/key.core/../key.ui/examples/standard_key/java_dl/iteratedAssignment.key 
212309     DEBUG main            d.u.i.k.p.i.AbstractProblemLoader Environment load took 99.5ns 
212312     INFO  main            d.u.i.k.p.i.AbstractProblemLoader Creating init config 
215200     DEBUG main            d.u.i.k.p.i.AbstractProblemLoader Init config took 2.89s 
215226     INFO  main            d.u.i.k.p.i.AbstractProblemLoader Replaying proof iteratedAssignment.key 
215235     DEBUG main            d.u.i.k.p.i.IntermediateProofReplayer Proof replay took 9.6ns 
215639     INFO  main            d.u.i.k.p.r.p.TestFile    ... finished proof: closed. 
216033     INFO  main            d.u.i.k.p.i.AbstractProblemLoader Loading environment from /home/runner/work/key/key/key.core/../key.ui/examples/standard_key/java_dl/iteratedAssignment.key.proof 
216033     DEBUG main            d.u.i.k.p.i.AbstractProblemLoader Environment load took 111.1ns 
216035     INFO  main            d.u.i.k.p.i.AbstractProblemLoader Creating init config 
219034     DEBUG main            d.u.i.k.p.i.AbstractProblemLoader Init config took 3s 
219051     INFO  main            d.u.i.k.p.i.AbstractProblemLoader Replaying proof iteratedAssignment.key.proof 
219146     DEBUG main            d.u.i.k.p.i.IntermediateProofReplayer Proof replay took 91.16ms 
219147     DEBUG main            d.u.i.k.p.r.p.TestFile    ... success: reloaded. 
219148     INFO  main            d.u.i.k.p.r.p.TestFile    Now processing file /home/runner/work/key/key/key.core/../key.ui/examples/standard_key/java_dl/assert/assert1.key 
219148     INFO  main            d.u.i.k.p.i.AbstractProblemLoader Loading environment from /home/runner/work/key/key/key.core/../key.ui/examples/standard_key/java_dl/assert/assert1.key 
219148     DEBUG main            d.u.i.k.p.i.AbstractProblemLoader Environment load took 223ns 
219149     INFO  main            d.u.i.k.p.i.AbstractProblemLoader Creating init config 
222157     DEBUG main            d.u.i.k.p.i.AbstractProblemLoader Init config took 3.01s 
222196     INFO  main            d.u.i.k.p.i.AbstractProblemLoader Replaying proof C[C::foo()].JML normal_behavior operation contract.0 
222198     DEBUG main            d.u.i.k.p.i.IntermediateProofReplayer Proof replay took 7.7ns 
222401     INFO  main            d.u.i.k.p.r.p.TestFile    ... finished proof: open goal(s) 
222835     INFO  main            d.u.i.k.p.r.p.TestFile    Now processing file /home/runner/work/key/key/key.core/../key.ui/examples/standard_key/java_dl/assert/assert2.key 
222836     INFO  main            d.u.i.k.p.i.AbstractProblemLoader Loading environment from /home/runner/work/key/key/key.core/../key.ui/examples/standard_key/java_dl/assert/assert2.key 
222836     DEBUG main            d.u.i.k.p.i.AbstractProblemLoader Environment load took 75.5ns 
222838     INFO  main            d.u.i.k.p.i.AbstractProblemLoader Creating init config 
225759     DEBUG main            d.u.i.k.p.i.AbstractProblemLoader Init config took 2.92s 
225801     INFO  main            d.u.i.k.p.i.AbstractProblemLoader Replaying proof C[C::bar()].JML exceptional_behavior operation contract.0 
225804     DEBUG main            d.u.i.k.p.i.IntermediateProofReplayer Proof replay took 9ns 
226006     INFO  main            d.u.i.k.p.r.p.TestFile    ... finished proof: closed. 
226434     INFO  main            d.u.i.k.p.i.AbstractProblemLoader Loading environment from /home/runner/work/key/key/key.core/../key.ui/examples/standard_key/java_dl/assert/assert2.key.proof 
226434     DEBUG main            d.u.i.k.p.i.AbstractProblemLoader Environment load took 108.1ns 
226435     INFO  main            d.u.i.k.p.i.AbstractProblemLoader Creating init config 
229435     DEBUG main            d.u.i.k.p.i.AbstractProblemLoader Init config took 3s 
229479     INFO  main            d.u.i.k.p.i.AbstractProblemLoader Replaying proof C[C::bar()].JML exceptional_behavior operation contract.0 
229533     DEBUG main            d.u.i.k.p.i.IntermediateProofReplayer Proof replay took 50.7ms 
229534     DEBUG main            d.u.i.k.p.r.p.TestFile    ... success: reloaded. 
229535     INFO  main            d.u.i.k.p.r.p.TestFile    Now processing file /home/runner/work/key/key/key.core/../key.ui/examples/standard_key/java_dl/assert/assert3.key 
229535     INFO  main            d.u.i.k.p.i.AbstractProblemLoader Loading environment from /home/runner/work/key/key/key.core/../key.ui/examples/standard_key/java_dl/assert/assert3.key 
229535     DEBUG main            d.u.i.k.p.i.AbstractProblemLoader Environment load took 121.7ns 
229536     INFO  main            d.u.i.k.p.i.AbstractProblemLoader Creating init config 
232450     DEBUG main            d.u.i.k.p.i.AbstractProblemLoader Init config took 2.91s 
232487     INFO  main            d.u.i.k.p.i.AbstractProblemLoader Replaying proof C[C::foo()].JML normal_behavior operation contract.0 
232492     DEBUG main            d.u.i.k.p.i.IntermediateProofReplayer Proof replay took 8.4ns 
232595     INFO  main            d.u.i.k.p.r.p.TestFile    ... finished proof: open goal(s) 
233020     INFO  main            d.u.i.k.p.r.p.TestFile    Now processing file /home/runner/work/key/key/key.core/../key.ui/examples/standard_key/java_dl/java5/vararg.key 
233020     INFO  main            d.u.i.k.p.i.AbstractProblemLoader Loading environment from /home/runner/work/key/key/key.core/../key.ui/examples/standard_key/java_dl/java5/vararg.key 
233020     DEBUG main            d.u.i.k.p.i.AbstractProblemLoader Environment load took 75.3ns 
233022     INFO  main            d.u.i.k.p.i.AbstractProblemLoader Creating init config 
233991     DEBUG main            d.u.i.k.j.r.ClassPreparationMethodBuilder clPrepBuilder: Inner Class detected. Reject building class initialisation methods. 
236195     DEBUG main            d.u.i.k.p.i.AbstractProblemLoader Init config took 3.17s 
236229     INFO  main            d.u.i.k.p.i.AbstractProblemLoader Replaying proof vararg.key 
236231     DEBUG main            d.u.i.k.p.i.IntermediateProofReplayer Proof replay took 8.7ns 
236600     DEBUG Thread-101      d.u.i.k.j.d.VariableSpecification Program match. Variables have different dimension (template #v0 = #vi;, source var#17[] = new java.lang.Object[]{d1, d2};) 
236781     DEBUG Thread-101      d.u.i.k.j.d.VariableSpecification Program match. Variables have different dimension (template #v0 = #vi;, source var#24[] = new java.lang.Object[]{d1, d2};) 
237024     DEBUG Thread-101      d.u.i.k.j.d.VariableSpecification Program match. Variables have different dimension (template #v0 = #vi;, source var#33[] = new java.lang.Object[]{var_1};) 
237026     DEBUG Thread-101      d.u.i.k.j.d.VariableSpecification Program match. Variables have different dimension (template #v0 = #vi;, source var#33[] = new java.lang.Object[]{var_1};) 
237170     DEBUG Thread-101      d.u.i.k.j.d.VariableSpecification Program match. Variables have different dimension (template #v0 = #vi;, source var#39[] = new java.lang.Object[]{null, null};) 
237353     DEBUG Thread-101      d.u.i.k.j.d.VariableSpecification Program match. Variables have different dimension (template #v0 = #vi;, source var#46[] = new java.lang.Object[]{};) 
237841     INFO  main            d.u.i.k.p.r.p.TestFile    ... finished proof: closed. 
238373     INFO  main            d.u.i.k.p.i.AbstractProblemLoader Loading environment from /home/runner/work/key/key/key.core/../key.ui/examples/standard_key/java_dl/java5/vararg.key.proof 
238374     DEBUG main            d.u.i.k.p.i.AbstractProblemLoader Environment load took 188.9ns 
238375     INFO  main            d.u.i.k.p.i.AbstractProblemLoader Creating init config 
239444     DEBUG main            d.u.i.k.j.r.ClassPreparationMethodBuilder clPrepBuilder: Inner Class detected. Reject building class initialisation methods. 
241611     DEBUG main            d.u.i.k.p.i.AbstractProblemLoader Init config took 3.24s 
241663     INFO  main            d.u.i.k.p.i.AbstractProblemLoader Replaying proof vararg.key.proof 
242150     DEBUG main            d.u.i.k.p.i.IntermediateProofReplayer Proof replay took 471.77ms 
242152     DEBUG main            d.u.i.k.p.r.p.TestFile    ... success: reloaded. 
242152     INFO  main            d.u.i.k.p.r.p.TestFile    Now processing file /home/runner/work/key/key/key.core/../key.ui/examples/standard_key/java_dl/java5/for_Array.key 
242153     INFO  main            d.u.i.k.p.i.AbstractProblemLoader Loading environment from /home/runner/work/key/key/key.core/../key.ui/examples/standard_key/java_dl/java5/for_Array.key 
242153     DEBUG main            d.u.i.k.p.i.AbstractProblemLoader Environment load took 105.7ns 
242154     INFO  main            d.u.i.k.p.i.AbstractProblemLoader Creating init config 
243154     DEBUG main            d.u.i.k.j.r.ClassPreparationMethodBuilder clPrepBuilder: Inner Class detected. Reject building class initialisation methods. 
245450     DEBUG main            d.u.i.k.p.i.AbstractProblemLoader Init config took 3.3s 
245510     INFO  main            d.u.i.k.p.i.AbstractProblemLoader Replaying proof For[For::sum([I)].JML operation contract.0 
245512     DEBUG main            d.u.i.k.p.i.IntermediateProofReplayer Proof replay took 38.1ns 
246016     INFO  main            d.u.i.k.p.r.p.TestFile    ... finished proof: closed. 
246517     INFO  main            d.u.i.k.p.i.AbstractProblemLoader Loading environment from /home/runner/work/key/key/key.core/../key.ui/examples/standard_key/java_dl/java5/for_Array.key.proof 
246518     DEBUG main            d.u.i.k.p.i.AbstractProblemLoader Environment load took 605.71ns 
246519     INFO  main            d.u.i.k.p.i.AbstractProblemLoader Creating init config 
247561     DEBUG main            d.u.i.k.j.r.ClassPreparationMethodBuilder clPrepBuilder: Inner Class detected. Reject building class initialisation methods. 
249811     DEBUG main            d.u.i.k.p.i.AbstractProblemLoader Init config took 3.29s 
249878     INFO  main            d.u.i.k.p.i.AbstractProblemLoader Replaying proof For[For::sum([I)].JML operation contract.0 
250003     DEBUG main            d.u.i.k.p.i.IntermediateProofReplayer Proof replay took 120.63ms 
250004     DEBUG main            d.u.i.k.p.r.p.TestFile    ... success: reloaded. 
250006     INFO  main            d.u.i.k.p.r.p.TestFile    Now processing file /home/runner/work/key/key/key.core/../key.ui/examples/standard_key/java_dl/java5/for_Iterable.key 
250006     INFO  main            d.u.i.k.p.i.AbstractProblemLoader Loading environment from /home/runner/work/key/key/key.core/../key.ui/examples/standard_key/java_dl/java5/for_Iterable.key 
250006     DEBUG main            d.u.i.k.p.i.AbstractProblemLoader Environment load took 170.91ns 
250007     INFO  main            d.u.i.k.p.i.AbstractProblemLoader Creating init config 
251104     DEBUG main            d.u.i.k.j.r.ClassPreparationMethodBuilder clPrepBuilder: Inner Class detected. Reject building class initialisation methods. 
253390     DEBUG main            d.u.i.k.p.i.AbstractProblemLoader Init config took 3.38s 
253447     INFO  main            d.u.i.k.p.i.AbstractProblemLoader Replaying proof For[For::infiniteLoop(For)].JML operation contract.0 
253450     DEBUG main            d.u.i.k.p.i.IntermediateProofReplayer Proof replay took 23.7ns 
253653     INFO  main            d.u.i.k.p.r.p.TestFile    ... finished proof: closed. 
254154     INFO  main            d.u.i.k.p.i.AbstractProblemLoader Loading environment from /home/runner/work/key/key/key.core/../key.ui/examples/standard_key/java_dl/java5/for_Iterable.key.proof 
254155     DEBUG main            d.u.i.k.p.i.AbstractProblemLoader Environment load took 114.9ns 
254156     INFO  main            d.u.i.k.p.i.AbstractProblemLoader Creating init config 
255124     DEBUG main            d.u.i.k.j.r.ClassPreparationMethodBuilder clPrepBuilder: Inner Class detected. Reject building class initialisation methods. 
257312     DEBUG main            d.u.i.k.p.i.AbstractProblemLoader Init config took 3.16s 
257381     INFO  main            d.u.i.k.p.i.AbstractProblemLoader Replaying proof For[For::infiniteLoop(For)].JML operation contract.0 
257448     DEBUG main            d.u.i.k.p.i.IntermediateProofReplayer Proof replay took 63.69ms 
257449     DEBUG main            d.u.i.k.p.r.p.TestFile    ... success: reloaded. 
257450     INFO  main            d.u.i.k.p.r.p.TestFile    Now processing file /home/runner/work/key/key/key.core/../key.ui/examples/standard_key/java_dl/java5/for_ReferenceArray.key 
257450     INFO  main            d.u.i.k.p.i.AbstractProblemLoader Loading environment from /home/runner/work/key/key/key.core/../key.ui/examples/standard_key/java_dl/java5/for_ReferenceArray.key 
257450     DEBUG main            d.u.i.k.p.i.AbstractProblemLoader Environment load took 115.9ns 
257451     INFO  main            d.u.i.k.p.i.AbstractProblemLoader Creating init config 
258456     DEBUG main            d.u.i.k.j.r.ClassPreparationMethodBuilder clPrepBuilder: Inner Class detected. Reject building class initialisation methods. 
260763     DEBUG main            d.u.i.k.p.i.AbstractProblemLoader Init config took 3.31s 
260822     INFO  main            d.u.i.k.p.i.AbstractProblemLoader Replaying proof ForReferenceArray[ForReferenceArray::foo([Ljava.lang.Object)].JML operation contract.0 
260825     DEBUG main            d.u.i.k.p.i.IntermediateProofReplayer Proof replay took 8.7ns 
261132     INFO  main            d.u.i.k.p.r.p.TestFile    ... finished proof: closed. 
261596     INFO  main            d.u.i.k.p.i.AbstractProblemLoader Loading environment from /home/runner/work/key/key/key.core/../key.ui/examples/standard_key/java_dl/java5/for_ReferenceArray.key.proof 
261597     DEBUG main            d.u.i.k.p.i.AbstractProblemLoader Environment load took 499.11ns 
261598     INFO  main            d.u.i.k.p.i.AbstractProblemLoader Creating init config 
262608     DEBUG main            d.u.i.k.j.r.ClassPreparationMethodBuilder clPrepBuilder: Inner Class detected. Reject building class initialisation methods. 
264706     DEBUG main            d.u.i.k.p.i.AbstractProblemLoader Init config took 3.11s 
264767     INFO  main            d.u.i.k.p.i.AbstractProblemLoader Replaying proof ForReferenceArray[ForReferenceArray::foo([Ljava.lang.Object)].JML operation contract.0 
264849     DEBUG main            d.u.i.k.p.i.IntermediateProofReplayer Proof replay took 77.18ms 
264850     DEBUG main            d.u.i.k.p.r.p.TestFile    ... success: reloaded. 
264851     INFO  main            d.u.i.k.p.r.p.TestFile    Now processing file /home/runner/work/key/key/key.core/../key.ui/examples/standard_key/java_dl/jml-bigint/cast.key 
264851     INFO  main            d.u.i.k.p.i.AbstractProblemLoader Loading environment from /home/runner/work/key/key/key.core/../key.ui/examples/standard_key/java_dl/jml-bigint/cast.key 
264851     DEBUG main            d.u.i.k.p.i.AbstractProblemLoader Environment load took 159.61ns 
264852     INFO  main            d.u.i.k.p.i.AbstractProblemLoader Creating init config 
267988     DEBUG main            d.u.i.k.p.i.AbstractProblemLoader Init config took 3.14s 
268030     INFO  main            d.u.i.k.p.i.AbstractProblemLoader Replaying proof Mult[Mult::cast()].JML operation contract.0 
268033     DEBUG main            d.u.i.k.p.i.IntermediateProofReplayer Proof replay took 7.5ns 
268135     INFO  main            d.u.i.k.p.r.p.TestFile    ... finished proof: closed. 
268682     INFO  main            d.u.i.k.p.i.AbstractProblemLoader Loading environment from /home/runner/work/key/key/key.core/../key.ui/examples/standard_key/java_dl/jml-bigint/cast.key.proof 
268682     DEBUG main            d.u.i.k.p.i.AbstractProblemLoader Environment load took 135ns 
268684     INFO  main            d.u.i.k.p.i.AbstractProblemLoader Creating init config 
271818     DEBUG main            d.u.i.k.p.i.AbstractProblemLoader Init config took 3.13s 
271861     INFO  main            d.u.i.k.p.i.AbstractProblemLoader Replaying proof Mult[Mult::cast()].JML operation contract.0 
271882     DEBUG main            d.u.i.k.p.i.IntermediateProofReplayer Proof replay took 19.12ms 
271883     DEBUG main            d.u.i.k.p.r.p.TestFile    ... success: reloaded. 
271884     INFO  main            d.u.i.k.p.r.p.TestFile    Now processing file /home/runner/work/key/key/key.core/../key.ui/examples/standard_key/java_dl/jml-free/loopInvFree.key 
271884     INFO  main            d.u.i.k.p.i.AbstractProblemLoader Loading environment from /home/runner/work/key/key/key.core/../key.ui/examples/standard_key/java_dl/jml-free/loopInvFree.key 
271885     DEBUG main            d.u.i.k.p.i.AbstractProblemLoader Environment load took 141.5ns 
271886     INFO  main            d.u.i.k.p.i.AbstractProblemLoader Creating init config 
274898     DEBUG main            d.u.i.k.p.i.AbstractProblemLoader Init config took 3.01s 
274940     INFO  main            d.u.i.k.p.i.AbstractProblemLoader Replaying proof LoopInvFree[LoopInvFree::test()].JML operation contract.0 
274941     DEBUG main            d.u.i.k.p.i.IntermediateProofReplayer Proof replay took 7.7ns 
275144     INFO  main            d.u.i.k.p.r.p.TestFile    ... finished proof: closed. 
275626     INFO  main            d.u.i.k.p.i.AbstractProblemLoader Loading environment from /home/runner/work/key/key/key.core/../key.ui/examples/standard_key/java_dl/jml-free/loopInvFree.key.proof 
275626     DEBUG main            d.u.i.k.p.i.AbstractProblemLoader Environment load took 104.3ns 
275627     INFO  main            d.u.i.k.p.i.AbstractProblemLoader Creating init config 
278563     DEBUG main            d.u.i.k.p.i.AbstractProblemLoader Init config took 2.94s 
278603     INFO  main            d.u.i.k.p.i.AbstractProblemLoader Replaying proof LoopInvFree[LoopInvFree::test()].JML operation contract.0 
278663     DEBUG main            d.u.i.k.p.i.IntermediateProofReplayer Proof replay took 56.13ms 
278664     DEBUG main            d.u.i.k.p.r.p.TestFile    ... success: reloaded. 
278665     INFO  main            d.u.i.k.p.r.p.TestFile    Now processing file /home/runner/work/key/key/key.core/../key.ui/examples/standard_key/java_dl/jml-free/ensuresFree.key 
278666     INFO  main            d.u.i.k.p.i.AbstractProblemLoader Loading environment from /home/runner/work/key/key/key.core/../key.ui/examples/standard_key/java_dl/jml-free/ensuresFree.key 
278666     DEBUG main            d.u.i.k.p.i.AbstractProblemLoader Environment load took 152.8ns 
278667     INFO  main            d.u.i.k.p.i.AbstractProblemLoader Creating init config 
281809     DEBUG main            d.u.i.k.p.i.AbstractProblemLoader Init config took 3.14s 
281850     INFO  main            d.u.i.k.p.i.AbstractProblemLoader Replaying proof EnsuresFree[EnsuresFree::test()].JML operation contract.0 
281851     DEBUG main            d.u.i.k.p.i.IntermediateProofReplayer Proof replay took 7.8ns 
281953     INFO  main            d.u.i.k.p.r.p.TestFile    ... finished proof: closed. 
282437     INFO  main            d.u.i.k.p.i.AbstractProblemLoader Loading environment from /home/runner/work/key/key/key.core/../key.ui/examples/standard_key/java_dl/jml-free/ensuresFree.key.proof 
282438     DEBUG main            d.u.i.k.p.i.AbstractProblemLoader Environment load took 129.7ns 
282439     INFO  main            d.u.i.k.p.i.AbstractProblemLoader Creating init config 
285426     DEBUG main            d.u.i.k.p.i.AbstractProblemLoader Init config took 2.99s 
285464     INFO  main            d.u.i.k.p.i.AbstractProblemLoader Replaying proof EnsuresFree[EnsuresFree::test()].JML operation contract.0 
285490     DEBUG main            d.u.i.k.p.i.IntermediateProofReplayer Proof replay took 24.02ms 
285491     DEBUG main            d.u.i.k.p.r.p.TestFile    ... success: reloaded. 
285492     INFO  main            d.u.i.k.p.r.p.TestFile    Now processing file /home/runner/work/key/key/key.core/../key.ui/examples/standard_key/java_dl/jml-information-flow.key 
285492     INFO  main            d.u.i.k.p.i.AbstractProblemLoader Loading environment from /home/runner/work/key/key/key.core/../key.ui/examples/standard_key/java_dl/jml-information-flow.key 
285493     DEBUG main            d.u.i.k.p.i.AbstractProblemLoader Environment load took 112ns 
285500     INFO  main            d.u.i.k.p.i.AbstractProblemLoader Creating init config 
288779     DEBUG main            d.u.i.k.p.i.AbstractProblemLoader Init config took 3.28s 
288799     INFO  main            d.u.i.k.p.i.AbstractProblemLoader Replaying proof jml-information-flow.key 
288801     DEBUG main            d.u.i.k.p.i.IntermediateProofReplayer Proof replay took 7.9ns 
445108     INFO  main            d.u.i.k.p.r.p.TestFile    ... finished proof: closed. 
445842     INFO  main            d.u.i.k.p.i.AbstractProblemLoader Loading environment from /home/runner/work/key/key/key.core/../key.ui/examples/standard_key/java_dl/jml-information-flow.key.proof 
445842     DEBUG main            d.u.i.k.p.i.AbstractProblemLoader Environment load took 424.81ns 
445852     INFO  main            d.u.i.k.p.i.AbstractProblemLoader Creating init config 
448979     DEBUG main            d.u.i.k.p.i.AbstractProblemLoader Init config took 3.13s 
449002     INFO  main            d.u.i.k.p.i.AbstractProblemLoader Replaying proof jml-information-flow.key.proof 
453496     DEBUG main            d.u.i.k.p.i.IntermediateProofReplayer Proof replay took 4.36s 
453505     DEBUG main            d.u.i.k.p.r.p.TestFile    ... success: reloaded. 
453506     INFO  main            d.u.i.k.p.r.p.TestFile    Now processing file /home/runner/work/key/key/key.core/../key.ui/examples/standard_key/java_dl/jml-min/min-unprovable1.key 
453506     INFO  main            d.u.i.k.p.i.AbstractProblemLoader Loading environment from /home/runner/work/key/key/key.core/../key.ui/examples/standard_key/java_dl/jml-min/min-unprovable1.key 
453506     DEBUG main            d.u.i.k.p.i.AbstractProblemLoader Environment load took 52.8ns 
453507     INFO  main            d.u.i.k.p.i.AbstractProblemLoader Creating init config 
456511     DEBUG main            d.u.i.k.p.i.AbstractProblemLoader Init config took 3s 
456552     INFO  main            d.u.i.k.p.i.AbstractProblemLoader Replaying proof Min[Min::foo()].JML operation contract.0 
456553     DEBUG main            d.u.i.k.p.i.IntermediateProofReplayer Proof replay took 8.5ns 
456656     INFO  main            d.u.i.k.p.r.p.TestFile    ... finished proof: open goal(s) 
457323     INFO  main            d.u.i.k.p.r.p.TestFile    Now processing file /home/runner/work/key/key/key.core/../key.ui/examples/standard_key/java_dl/jml-min/min-unprovable2.key 
457324     INFO  main            d.u.i.k.p.i.AbstractProblemLoader Loading environment from /home/runner/work/key/key/key.core/../key.ui/examples/standard_key/java_dl/jml-min/min-unprovable2.key 
457324     DEBUG main            d.u.i.k.p.i.AbstractProblemLoader Environment load took 53.6ns 
457325     INFO  main            d.u.i.k.p.i.AbstractProblemLoader Creating init config 
460197     DEBUG main            d.u.i.k.p.i.AbstractProblemLoader Init config took 2.87s 
460247     INFO  main            d.u.i.k.p.i.AbstractProblemLoader Replaying proof Min[Min::foo2()].JML operation contract.0 
460248     DEBUG main            d.u.i.k.p.i.IntermediateProofReplayer Proof replay took 7.1ns 
460350     INFO  main            d.u.i.k.p.r.p.TestFile    ... finished proof: open goal(s) 
460828     INFO  main            d.u.i.k.p.r.p.TestFile    Now processing file /home/runner/work/key/key/key.core/../key.ui/examples/standard_key/java_dl/methodCall.key 
460828     INFO  main            d.u.i.k.p.i.AbstractProblemLoader Loading environment from /home/runner/work/key/key/key.core/../key.ui/examples/standard_key/java_dl/methodCall.key 
460829     DEBUG main            d.u.i.k.p.i.AbstractProblemLoader Environment load took 50ns 
460830     INFO  main            d.u.i.k.p.i.AbstractProblemLoader Creating init config 
463645     DEBUG main            d.u.i.k.p.i.AbstractProblemLoader Init config took 2.82s 
463669     INFO  main            d.u.i.k.p.i.AbstractProblemLoader Replaying proof methodCall.key 
463671     DEBUG main            d.u.i.k.p.i.IntermediateProofReplayer Proof replay took 7.7ns 
463773     INFO  main            d.u.i.k.p.r.p.TestFile    ... finished proof: closed. 
464232     INFO  main            d.u.i.k.p.i.AbstractProblemLoader Loading environment from /home/runner/work/key/key/key.core/../key.ui/examples/standard_key/java_dl/methodCall.key.proof 
464232     DEBUG main            d.u.i.k.p.i.AbstractProblemLoader Environment load took 90.1ns 
464233     INFO  main            d.u.i.k.p.i.AbstractProblemLoader Creating init config 
467174     DEBUG main            d.u.i.k.p.i.AbstractProblemLoader Init config took 2.94s 
467191     INFO  main            d.u.i.k.p.i.AbstractProblemLoader Replaying proof methodCall.key.proof 
467196     DEBUG main            d.u.i.k.p.i.IntermediateProofReplayer Proof replay took 2.63ms 
467197     DEBUG main            d.u.i.k.p.r.p.TestFile    ... success: reloaded. 
467198     INFO  main            d.u.i.k.p.r.p.TestFile    Now processing file /home/runner/work/key/key/key.core/../key.ui/examples/standard_key/java_dl/methodCall1.key 
467198     INFO  main            d.u.i.k.p.i.AbstractProblemLoader Loading environment from /home/runner/work/key/key/key.core/../key.ui/examples/standard_key/java_dl/methodCall1.key 
467198     DEBUG main            d.u.i.k.p.i.AbstractProblemLoader Environment load took 68.8ns 
467200     INFO  main            d.u.i.k.p.i.AbstractProblemLoader Creating init config 
469982     DEBUG main            d.u.i.k.p.i.AbstractProblemLoader Init config took 2.78s 
469997     INFO  main            d.u.i.k.p.i.AbstractProblemLoader Replaying proof methodCall1.key 
469998     DEBUG main            d.u.i.k.p.i.IntermediateProofReplayer Proof replay took 6ns 
470100     INFO  main            d.u.i.k.p.r.p.TestFile    ... finished proof: closed. 
470586     INFO  main            d.u.i.k.p.i.AbstractProblemLoader Loading environment from /home/runner/work/key/key/key.core/../key.ui/examples/standard_key/java_dl/methodCall1.key.proof 
470587     DEBUG main            d.u.i.k.p.i.AbstractProblemLoader Environment load took 117ns 
470588     INFO  main            d.u.i.k.p.i.AbstractProblemLoader Creating init config 
473295     DEBUG main            d.u.i.k.p.i.AbstractProblemLoader Init config took 2.71s 
473309     INFO  main            d.u.i.k.p.i.AbstractProblemLoader Replaying proof methodCall1.key.proof 
473326     DEBUG main            d.u.i.k.p.i.IntermediateProofReplayer Proof replay took 15.27ms 
473327     DEBUG main            d.u.i.k.p.r.p.TestFile    ... success: reloaded. 
473328     INFO  main            d.u.i.k.p.r.p.TestFile    Now processing file /home/runner/work/key/key/key.core/../key.ui/examples/standard_key/java_dl/methodCall1box.key 
473328     INFO  main            d.u.i.k.p.i.AbstractProblemLoader Loading environment from /home/runner/work/key/key/key.core/../key.ui/examples/standard_key/java_dl/methodCall1box.key 
473328     DEBUG main            d.u.i.k.p.i.AbstractProblemLoader Environment load took 88.2ns 
473329     INFO  main            d.u.i.k.p.i.AbstractProblemLoader Creating init config 
475993     DEBUG main            d.u.i.k.p.i.AbstractProblemLoader Init config took 2.66s 
476008     INFO  main            d.u.i.k.p.i.AbstractProblemLoader Replaying proof methodCall1box.key 
476009     DEBUG main            d.u.i.k.p.i.IntermediateProofReplayer Proof replay took 7.8ns 
476111     INFO  main            d.u.i.k.p.r.p.TestFile    ... finished proof: closed. 
476601     INFO  main            d.u.i.k.p.i.AbstractProblemLoader Loading environment from /home/runner/work/key/key/key.core/../key.ui/examples/standard_key/java_dl/methodCall1box.key.proof 
476601     DEBUG main            d.u.i.k.p.i.AbstractProblemLoader Environment load took 89.5ns 
476602     INFO  main            d.u.i.k.p.i.AbstractProblemLoader Creating init config 
479372     DEBUG main            d.u.i.k.p.i.AbstractProblemLoader Init config took 2.77s 
479390     INFO  main            d.u.i.k.p.i.AbstractProblemLoader Replaying proof methodCall1box.key.proof 
479410     DEBUG main            d.u.i.k.p.i.IntermediateProofReplayer Proof replay took 17.29ms 
479411     DEBUG main            d.u.i.k.p.r.p.TestFile    ... success: reloaded. 
479411     INFO  main            d.u.i.k.p.r.p.TestFile    Now processing file /home/runner/work/key/key/key.core/../key.ui/examples/standard_key/java_dl/methodCall3.key 
479412     INFO  main            d.u.i.k.p.i.AbstractProblemLoader Loading environment from /home/runner/work/key/key/key.core/../key.ui/examples/standard_key/java_dl/methodCall3.key 
479412     DEBUG main            d.u.i.k.p.i.AbstractProblemLoader Environment load took 56.8ns 
479413     INFO  main            d.u.i.k.p.i.AbstractProblemLoader Creating init config 
482174     DEBUG main            d.u.i.k.p.i.AbstractProblemLoader Init config took 2.76s 
482191     INFO  main            d.u.i.k.p.i.AbstractProblemLoader Replaying proof methodCall3.key 
482193     DEBUG main            d.u.i.k.p.i.IntermediateProofReplayer Proof replay took 6.4ns 
482294     INFO  main            d.u.i.k.p.r.p.TestFile    ... finished proof: closed. 
482791     INFO  main            d.u.i.k.p.i.AbstractProblemLoader Loading environment from /home/runner/work/key/key/key.core/../key.ui/examples/standard_key/java_dl/methodCall3.key.proof 
482792     DEBUG main            d.u.i.k.p.i.AbstractProblemLoader Environment load took 93.4ns 
482793     INFO  main            d.u.i.k.p.i.AbstractProblemLoader Creating init config 
485492     DEBUG main            d.u.i.k.p.i.AbstractProblemLoader Init config took 2.7s 
485507     INFO  main            d.u.i.k.p.i.AbstractProblemLoader Replaying proof methodCall3.key.proof 
485521     DEBUG main            d.u.i.k.p.i.IntermediateProofReplayer Proof replay took 11.15ms 
485522     DEBUG main            d.u.i.k.p.r.p.TestFile    ... success: reloaded. 
485523     INFO  main            d.u.i.k.p.r.p.TestFile    Now processing file /home/runner/work/key/key/key.core/../key.ui/examples/standard_key/java_dl/polishFlagSort.key 
485523     INFO  main            d.u.i.k.p.i.AbstractProblemLoader Loading environment from /home/runner/work/key/key/key.core/../key.ui/examples/standard_key/java_dl/polishFlagSort.key 
485523     DEBUG main            d.u.i.k.p.i.AbstractProblemLoader Environment load took 93.9ns 
485525     INFO  main            d.u.i.k.p.i.AbstractProblemLoader Creating init config 
488429     DEBUG main            d.u.i.k.p.i.AbstractProblemLoader Init config took 2.9s 
488445     INFO  main            d.u.i.k.p.i.AbstractProblemLoader Replaying proof polishFlagSort.key 
488446     DEBUG main            d.u.i.k.p.i.IntermediateProofReplayer Proof replay took 6.6ns 
491066     INFO  main            d.u.i.k.p.r.p.TestFile    ... finished proof: closed. 
491625     INFO  main            d.u.i.k.p.i.AbstractProblemLoader Loading environment from /home/runner/work/key/key/key.core/../key.ui/examples/standard_key/java_dl/polishFlagSort.key.proof 
491625     DEBUG main            d.u.i.k.p.i.AbstractProblemLoader Environment load took 424.51ns 
491628     INFO  main            d.u.i.k.p.i.AbstractProblemLoader Creating init config 
494402     DEBUG main            d.u.i.k.p.i.AbstractProblemLoader Init config took 2.77s 
494419     INFO  main            d.u.i.k.p.i.AbstractProblemLoader Replaying proof polishFlagSort.key.proof 
494866     DEBUG main            d.u.i.k.p.i.IntermediateProofReplayer Proof replay took 434.67ms 
494868     DEBUG main            d.u.i.k.p.r.p.TestFile    ... success: reloaded. 
494868     INFO  main            d.u.i.k.p.r.p.TestFile    Now processing file /home/runner/work/key/key/key.core/../key.ui/examples/standard_key/java_dl/postConditionTaclets1.key 
494869     INFO  main            d.u.i.k.p.i.AbstractProblemLoader Loading environment from /home/runner/work/key/key/key.core/../key.ui/examples/standard_key/java_dl/postConditionTaclets1.key 
494869     DEBUG main            d.u.i.k.p.i.AbstractProblemLoader Environment load took 75.2ns 
494870     INFO  main            d.u.i.k.p.i.AbstractProblemLoader Creating init config 
497714     DEBUG main            d.u.i.k.p.i.AbstractProblemLoader Init config took 2.84s 
497730     INFO  main            d.u.i.k.p.i.AbstractProblemLoader Replaying proof postConditionTaclets1.key 
497732     DEBUG main            d.u.i.k.p.i.IntermediateProofReplayer Proof replay took 6.7ns 
497835     INFO  main            d.u.i.k.p.r.p.TestFile    ... finished proof: closed. 
498435     INFO  main            d.u.i.k.p.i.AbstractProblemLoader Loading environment from /home/runner/work/key/key/key.core/../key.ui/examples/standard_key/java_dl/postConditionTaclets1.key.proof 
498435     DEBUG main            d.u.i.k.p.i.AbstractProblemLoader Environment load took 84.8ns 
498437     INFO  main            d.u.i.k.p.i.AbstractProblemLoader Creating init config 
501205     DEBUG main            d.u.i.k.p.i.AbstractProblemLoader Init config took 2.77s 
501221     INFO  main            d.u.i.k.p.i.AbstractProblemLoader Replaying proof postConditionTaclets1.key.proof 
501223     DEBUG main            d.u.i.k.p.i.IntermediateProofReplayer Proof replay took 626.51ns 
501224     DEBUG main            d.u.i.k.p.r.p.TestFile    ... success: reloaded. 
501225     INFO  main            d.u.i.k.p.r.p.TestFile    Now processing file /home/runner/work/key/key/key.core/../key.ui/examples/standard_key/java_dl/postConditionTaclets2.key 
501225     INFO  main            d.u.i.k.p.i.AbstractProblemLoader Loading environment from /home/runner/work/key/key/key.core/../key.ui/examples/standard_key/java_dl/postConditionTaclets2.key 
501225     DEBUG main            d.u.i.k.p.i.AbstractProblemLoader Environment load took 52.7ns 
501226     INFO  main            d.u.i.k.p.i.AbstractProblemLoader Creating init config 
503966     DEBUG main            d.u.i.k.p.i.AbstractProblemLoader Init config took 2.74s 
503979     INFO  main            d.u.i.k.p.i.AbstractProblemLoader Replaying proof postConditionTaclets2.key 
503981     DEBUG main            d.u.i.k.p.i.IntermediateProofReplayer Proof replay took 6.9ns 
504084     INFO  main            d.u.i.k.p.r.p.TestFile    ... finished proof: closed. 
504603     INFO  main            d.u.i.k.p.i.AbstractProblemLoader Loading environment from /home/runner/work/key/key/key.core/../key.ui/examples/standard_key/java_dl/postConditionTaclets2.key.proof 
504603     DEBUG main            d.u.i.k.p.i.AbstractProblemLoader Environment load took 84.3ns 
504605     INFO  main            d.u.i.k.p.i.AbstractProblemLoader Creating init config 
507279     DEBUG main            d.u.i.k.p.i.AbstractProblemLoader Init config took 2.67s 
507294     INFO  main            d.u.i.k.p.i.AbstractProblemLoader Replaying proof postConditionTaclets2.key.proof 
507297     DEBUG main            d.u.i.k.p.i.IntermediateProofReplayer Proof replay took 951.92ns 
507298     DEBUG main            d.u.i.k.p.r.p.TestFile    ... success: reloaded. 
507299     INFO  main            d.u.i.k.p.r.p.TestFile    Now processing file /home/runner/work/key/key/key.core/../key.ui/examples/standard_key/java_dl/quantifiedQuery.key 
507299     INFO  main            d.u.i.k.p.i.AbstractProblemLoader Loading environment from /home/runner/work/key/key/key.core/../key.ui/examples/standard_key/java_dl/quantifiedQuery.key 
507299     DEBUG main            d.u.i.k.p.i.AbstractProblemLoader Environment load took 67.8ns 
507300     INFO  main            d.u.i.k.p.i.AbstractProblemLoader Creating init config 
510171     DEBUG main            d.u.i.k.p.i.AbstractProblemLoader Init config took 2.87s 
510188     INFO  main            d.u.i.k.p.i.AbstractProblemLoader Replaying proof quantifiedQuery.key 
510190     DEBUG main            d.u.i.k.p.i.IntermediateProofReplayer Proof replay took 25.2ns 
510293     INFO  main            d.u.i.k.p.r.p.TestFile    ... finished proof: closed. 
510840     INFO  main            d.u.i.k.p.i.AbstractProblemLoader Loading environment from /home/runner/work/key/key/key.core/../key.ui/examples/standard_key/java_dl/quantifiedQuery.key.proof 
510840     DEBUG main            d.u.i.k.p.i.AbstractProblemLoader Environment load took 77.6ns 
510841     INFO  main            d.u.i.k.p.i.AbstractProblemLoader Creating init config 
513624     DEBUG main            d.u.i.k.p.i.AbstractProblemLoader Init config took 2.78s 
513640     INFO  main            d.u.i.k.p.i.AbstractProblemLoader Replaying proof quantifiedQuery.key.proof 
513657     DEBUG main            d.u.i.k.p.i.IntermediateProofReplayer Proof replay took 14.52ms 
513659     DEBUG main            d.u.i.k.p.r.p.TestFile    ... success: reloaded. 
513659     INFO  main            d.u.i.k.p.r.p.TestFile    Now processing file /home/runner/work/key/key/key.core/../key.ui/examples/standard_key/java_dl/recursion/triangular.key 
513660     INFO  main            d.u.i.k.p.i.AbstractProblemLoader Loading environment from /home/runner/work/key/key/key.core/../key.ui/examples/standard_key/java_dl/recursion/triangular.key 
513660     DEBUG main            d.u.i.k.p.i.AbstractProblemLoader Environment load took 124ns 
513661     INFO  main            d.u.i.k.p.i.AbstractProblemLoader Creating init config 
516445     DEBUG main            d.u.i.k.p.i.AbstractProblemLoader Init config took 2.78s 
516506     INFO  main            d.u.i.k.p.i.AbstractProblemLoader Replaying proof Triangular[Triangular::tria(int)].JML normal_behavior operation contract.0 
516507     DEBUG main            d.u.i.k.p.i.IntermediateProofReplayer Proof replay took 6.9ns 
516710     INFO  main            d.u.i.k.p.r.p.TestFile    ... finished proof: closed. 
517259     INFO  main            d.u.i.k.p.i.AbstractProblemLoader Loading environment from /home/runner/work/key/key/key.core/../key.ui/examples/standard_key/java_dl/recursion/triangular.key.proof 
517259     DEBUG main            d.u.i.k.p.i.AbstractProblemLoader Environment load took 111ns 
517260     INFO  main            d.u.i.k.p.i.AbstractProblemLoader Creating init config 
520117     DEBUG main            d.u.i.k.p.i.AbstractProblemLoader Init config took 2.86s 
520154     INFO  main            d.u.i.k.p.i.AbstractProblemLoader Replaying proof Triangular[Triangular::tria(int)].JML normal_behavior operation contract.0 
520198     DEBUG main            d.u.i.k.p.i.IntermediateProofReplayer Proof replay took 41.3ms 
520198     DEBUG main            d.u.i.k.p.r.p.TestFile    ... success: reloaded. 
520199     INFO  main            d.u.i.k.p.r.p.TestFile    Now processing file /home/runner/work/key/key/key.core/../key.ui/examples/standard_key/java_dl/reverseArray.key 
520199     INFO  main            d.u.i.k.p.i.AbstractProblemLoader Loading environment from /home/runner/work/key/key/key.core/../key.ui/examples/standard_key/java_dl/reverseArray.key 
520199     DEBUG main            d.u.i.k.p.i.AbstractProblemLoader Environment load took 79.2ns 
520201     INFO  main            d.u.i.k.p.i.AbstractProblemLoader Creating init config 
520225     WARN  main            d.u.i.k.j.r.KeYCrossReferenceNameInfo Datatype java.io.InputStream declared twice: Once in FILE:/home/runner/work/key/key/key.core/../key.ui/examples/standard_key/java_dl/./classpath/InputStream.java and once in URL:file:/home/runner/work/key/key/key.core/build/resources/main/de/uka/ilkd/key/java/JavaRedux/java/io/InputStream.java, Keeping one from URL:file:/home/runner/work/key/key/key.core/build/resources/main/de/uka/ilkd/key/java/JavaRedux/java/io/InputStream.java 
520225     WARN  main            d.u.i.k.j.r.KeYCrossReferenceNameInfo Datatype java.lang.System declared twice: Once in FILE:/home/runner/work/key/key/key.core/../key.ui/examples/standard_key/java_dl/./classpath/System.java and once in URL:file:/home/runner/work/key/key/key.core/build/resources/main/de/uka/ilkd/key/java/JavaRedux/java/lang/System.java, Keeping one from URL:file:/home/runner/work/key/key/key.core/build/resources/main/de/uka/ilkd/key/java/JavaRedux/java/lang/System.java 
520225     WARN  main            d.u.i.k.j.r.KeYCrossReferenceNameInfo Datatype java.io.PrintStream declared twice: Once in FILE:/home/runner/work/key/key/key.core/../key.ui/examples/standard_key/java_dl/./classpath/PrintStream.java and once in URL:file:/home/runner/work/key/key/key.core/build/resources/main/de/uka/ilkd/key/java/JavaRedux/java/io/PrintStream.java, Keeping one from URL:file:/home/runner/work/key/key/key.core/build/resources/main/de/uka/ilkd/key/java/JavaRedux/java/io/PrintStream.java 
520228     DEBUG main            d.u.i.k.j.r.ClassFileDeclarationBuilder Parsing: package java.io; public class Closeable { } 
520228     DEBUG main            r.s.KeYCrossReferenceSourceInfo Dynamically created class: java.io.Closeable 
523130     DEBUG main            d.u.i.k.p.i.AbstractProblemLoader Init config took 2.93s 
523146     INFO  main            d.u.i.k.p.i.AbstractProblemLoader Replaying proof reverseArray.key 
523148     DEBUG main            d.u.i.k.p.i.IntermediateProofReplayer Proof replay took 7.3ns 
528401     INFO  main            d.u.i.k.p.r.p.TestFile    ... finished proof: closed. 
529038     INFO  main            d.u.i.k.p.i.AbstractProblemLoader Loading environment from /home/runner/work/key/key/key.core/../key.ui/examples/standard_key/java_dl/reverseArray.key.proof 
529038     DEBUG main            d.u.i.k.p.i.AbstractProblemLoader Environment load took 412.11ns 
529041     INFO  main            d.u.i.k.p.i.AbstractProblemLoader Creating init config 
529066     WARN  main            d.u.i.k.j.r.KeYCrossReferenceNameInfo Datatype java.io.InputStream declared twice: Once in FILE:/home/runner/work/key/key/key.core/../key.ui/examples/standard_key/java_dl/classpath/InputStream.java and once in URL:file:/home/runner/work/key/key/key.core/build/resources/main/de/uka/ilkd/key/java/JavaRedux/java/io/InputStream.java, Keeping one from URL:file:/home/runner/work/key/key/key.core/build/resources/main/de/uka/ilkd/key/java/JavaRedux/java/io/InputStream.java 
529066     WARN  main            d.u.i.k.j.r.KeYCrossReferenceNameInfo Datatype java.lang.System declared twice: Once in FILE:/home/runner/work/key/key/key.core/../key.ui/examples/standard_key/java_dl/classpath/System.java and once in URL:file:/home/runner/work/key/key/key.core/build/resources/main/de/uka/ilkd/key/java/JavaRedux/java/lang/System.java, Keeping one from URL:file:/home/runner/work/key/key/key.core/build/resources/main/de/uka/ilkd/key/java/JavaRedux/java/lang/System.java 
529067     WARN  main            d.u.i.k.j.r.KeYCrossReferenceNameInfo Datatype java.io.PrintStream declared twice: Once in FILE:/home/runner/work/key/key/key.core/../key.ui/examples/standard_key/java_dl/classpath/PrintStream.java and once in URL:file:/home/runner/work/key/key/key.core/build/resources/main/de/uka/ilkd/key/java/JavaRedux/java/io/PrintStream.java, Keeping one from URL:file:/home/runner/work/key/key/key.core/build/resources/main/de/uka/ilkd/key/java/JavaRedux/java/io/PrintStream.java 
529070     DEBUG main            d.u.i.k.j.r.ClassFileDeclarationBuilder Parsing: package java.io; public class Closeable { } 
529070     DEBUG main            r.s.KeYCrossReferenceSourceInfo Dynamically created class: java.io.Closeable 
531933     DEBUG main            d.u.i.k.p.i.AbstractProblemLoader Init config took 2.89s 
531956     INFO  main            d.u.i.k.p.i.AbstractProblemLoader Replaying proof reverseArray.key.proof 
532790     DEBUG main            d.u.i.k.p.i.IntermediateProofReplayer Proof replay took 821.62ms 
532793     DEBUG main            d.u.i.k.p.r.p.TestFile    ... success: reloaded. 
532794     INFO  main            d.u.i.k.p.r.p.TestFile    Now processing file /home/runner/work/key/key/key.core/../key.ui/examples/standard_key/java_dl/reverseArray2.key 
532794     INFO  main            d.u.i.k.p.i.AbstractProblemLoader Loading environment from /home/runner/work/key/key/key.core/../key.ui/examples/standard_key/java_dl/reverseArray2.key 
532794     DEBUG main            d.u.i.k.p.i.AbstractProblemLoader Environment load took 198.6ns 
532798     INFO  main            d.u.i.k.p.i.AbstractProblemLoader Creating init config 
532822     WARN  main            d.u.i.k.j.r.KeYCrossReferenceNameInfo Datatype java.io.InputStream declared twice: Once in FILE:/home/runner/work/key/key/key.core/../key.ui/examples/standard_key/java_dl/classpath/InputStream.java and once in URL:file:/home/runner/work/key/key/key.core/build/resources/main/de/uka/ilkd/key/java/JavaRedux/java/io/InputStream.java, Keeping one from URL:file:/home/runner/work/key/key/key.core/build/resources/main/de/uka/ilkd/key/java/JavaRedux/java/io/InputStream.java 
532822     WARN  main            d.u.i.k.j.r.KeYCrossReferenceNameInfo Datatype java.lang.System declared twice: Once in FILE:/home/runner/work/key/key/key.core/../key.ui/examples/standard_key/java_dl/classpath/System.java and once in URL:file:/home/runner/work/key/key/key.core/build/resources/main/de/uka/ilkd/key/java/JavaRedux/java/lang/System.java, Keeping one from URL:file:/home/runner/work/key/key/key.core/build/resources/main/de/uka/ilkd/key/java/JavaRedux/java/lang/System.java 
532822     WARN  main            d.u.i.k.j.r.KeYCrossReferenceNameInfo Datatype java.io.PrintStream declared twice: Once in FILE:/home/runner/work/key/key/key.core/../key.ui/examples/standard_key/java_dl/classpath/PrintStream.java and once in URL:file:/home/runner/work/key/key/key.core/build/resources/main/de/uka/ilkd/key/java/JavaRedux/java/io/PrintStream.java, Keeping one from URL:file:/home/runner/work/key/key/key.core/build/resources/main/de/uka/ilkd/key/java/JavaRedux/java/io/PrintStream.java 
532825     DEBUG main            d.u.i.k.j.r.ClassFileDeclarationBuilder Parsing: package java.io; public class Closeable { } 
532825     DEBUG main            r.s.KeYCrossReferenceSourceInfo Dynamically created class: java.io.Closeable 
535736     DEBUG main            d.u.i.k.p.i.AbstractProblemLoader Init config took 2.94s 
535754     INFO  main            d.u.i.k.p.i.AbstractProblemLoader Replaying proof reverseArray2.key 
535756     DEBUG main            d.u.i.k.p.i.IntermediateProofReplayer Proof replay took 52.5ns 
537363     INFO  main            d.u.i.k.p.r.p.TestFile    ... finished proof: closed. 
538021     INFO  main            d.u.i.k.p.i.AbstractProblemLoader Loading environment from /home/runner/work/key/key/key.core/../key.ui/examples/standard_key/java_dl/reverseArray2.key.proof 
538022     DEBUG main            d.u.i.k.p.i.AbstractProblemLoader Environment load took 481.31ns 
538024     INFO  main            d.u.i.k.p.i.AbstractProblemLoader Creating init config 
538052     WARN  main            d.u.i.k.j.r.KeYCrossReferenceNameInfo Datatype java.io.InputStream declared twice: Once in FILE:/home/runner/work/key/key/key.core/../key.ui/examples/standard_key/java_dl/classpath/InputStream.java and once in URL:file:/home/runner/work/key/key/key.core/build/resources/main/de/uka/ilkd/key/java/JavaRedux/java/io/InputStream.java, Keeping one from URL:file:/home/runner/work/key/key/key.core/build/resources/main/de/uka/ilkd/key/java/JavaRedux/java/io/InputStream.java 
538053     WARN  main            d.u.i.k.j.r.KeYCrossReferenceNameInfo Datatype java.lang.System declared twice: Once in FILE:/home/runner/work/key/key/key.core/../key.ui/examples/standard_key/java_dl/classpath/System.java and once in URL:file:/home/runner/work/key/key/key.core/build/resources/main/de/uka/ilkd/key/java/JavaRedux/java/lang/System.java, Keeping one from URL:file:/home/runner/work/key/key/key.core/build/resources/main/de/uka/ilkd/key/java/JavaRedux/java/lang/System.java 
538053     WARN  main            d.u.i.k.j.r.KeYCrossReferenceNameInfo Datatype java.io.PrintStream declared twice: Once in FILE:/home/runner/work/key/key/key.core/../key.ui/examples/standard_key/java_dl/classpath/PrintStream.java and once in URL:file:/home/runner/work/key/key/key.core/build/resources/main/de/uka/ilkd/key/java/JavaRedux/java/io/PrintStream.java, Keeping one from URL:file:/home/runner/work/key/key/key.core/build/resources/main/de/uka/ilkd/key/java/JavaRedux/java/io/PrintStream.java 
538057     DEBUG main            d.u.i.k.j.r.ClassFileDeclarationBuilder Parsing: package java.io; public class Closeable { } 
538057     DEBUG main            r.s.KeYCrossReferenceSourceInfo Dynamically created class: java.io.Closeable 
540956     DEBUG main            d.u.i.k.p.i.AbstractProblemLoader Init config took 2.93s 
540976     INFO  main            d.u.i.k.p.i.AbstractProblemLoader Replaying proof reverseArray2.key.proof 
541244     DEBUG main            d.u.i.k.p.i.IntermediateProofReplayer Proof replay took 262.56ms 
541246     DEBUG main            d.u.i.k.p.r.p.TestFile    ... success: reloaded. 
541247     INFO  main            d.u.i.k.p.r.p.TestFile    Now processing file /home/runner/work/key/key/key.core/../key.ui/examples/standard_key/java_dl/simpleAssignment.key 
541247     INFO  main            d.u.i.k.p.i.AbstractProblemLoader Loading environment from /home/runner/work/key/key/key.core/../key.ui/examples/standard_key/java_dl/simpleAssignment.key 
541247     DEBUG main            d.u.i.k.p.i.AbstractProblemLoader Environment load took 74ns 
541248     INFO  main            d.u.i.k.p.i.AbstractProblemLoader Creating init config 
544067     DEBUG main            d.u.i.k.p.i.AbstractProblemLoader Init config took 2.82s 
544082     INFO  main            d.u.i.k.p.i.AbstractProblemLoader Replaying proof simpleAssignment.key 
544086     DEBUG main            d.u.i.k.p.i.IntermediateProofReplayer Proof replay took 3.8ns 
544188     INFO  main            d.u.i.k.p.r.p.TestFile    ... finished proof: closed. 
544787     INFO  main            d.u.i.k.p.i.AbstractProblemLoader Loading environment from /home/runner/work/key/key/key.core/../key.ui/examples/standard_key/java_dl/simpleAssignment.key.proof 
544787     DEBUG main            d.u.i.k.p.i.AbstractProblemLoader Environment load took 88ns 
544788     INFO  main            d.u.i.k.p.i.AbstractProblemLoader Creating init config 
547470     DEBUG main            d.u.i.k.p.i.AbstractProblemLoader Init config took 2.68s 
547484     INFO  main            d.u.i.k.p.i.AbstractProblemLoader Replaying proof simpleAssignment.key.proof 
547486     DEBUG main            d.u.i.k.p.i.IntermediateProofReplayer Proof replay took 659.31ns 
547487     DEBUG main            d.u.i.k.p.r.p.TestFile    ... success: reloaded. 
547487     INFO  main            d.u.i.k.p.r.p.TestFile    Now processing file /home/runner/work/key/key/key.core/../key.ui/examples/standard_key/java_dl/simpleAssignment2.key 
547488     INFO  main            d.u.i.k.p.i.AbstractProblemLoader Loading environment from /home/runner/work/key/key/key.core/../key.ui/examples/standard_key/java_dl/simpleAssignment2.key 
547488     DEBUG main            d.u.i.k.p.i.AbstractProblemLoader Environment load took 51.6ns 
547488     INFO  main            d.u.i.k.p.i.AbstractProblemLoader Creating init config 
550189     DEBUG main            d.u.i.k.p.i.AbstractProblemLoader Init config took 2.7s 
550206     INFO  main            d.u.i.k.p.i.AbstractProblemLoader Replaying proof simpleAssignment2.key 
550208     DEBUG main            d.u.i.k.p.i.IntermediateProofReplayer Proof replay took 4.2ns 
550309     INFO  main            d.u.i.k.p.r.p.TestFile    ... finished proof: closed. 
550920     INFO  main            d.u.i.k.p.i.AbstractProblemLoader Loading environment from /home/runner/work/key/key/key.core/../key.ui/examples/standard_key/java_dl/simpleAssignment2.key.proof 
550920     DEBUG main            d.u.i.k.p.i.AbstractProblemLoader Environment load took 109.9ns 
550921     INFO  main            d.u.i.k.p.i.AbstractProblemLoader Creating init config 
553725     DEBUG main            d.u.i.k.p.i.AbstractProblemLoader Init config took 2.8s 
553742     INFO  main            d.u.i.k.p.i.AbstractProblemLoader Replaying proof simpleAssignment2.key.proof 
553744     DEBUG main            d.u.i.k.p.i.IntermediateProofReplayer Proof replay took 588.5ns 
553745     DEBUG main            d.u.i.k.p.r.p.TestFile    ... success: reloaded. 
553745     INFO  main            d.u.i.k.p.r.p.TestFile    Now processing file /home/runner/work/key/key/key.core/../key.ui/examples/standard_key/java_dl/splittingWithQueries.key 
553746     INFO  main            d.u.i.k.p.i.AbstractProblemLoader Loading environment from /home/runner/work/key/key/key.core/../key.ui/examples/standard_key/java_dl/splittingWithQueries.key 
553746     DEBUG main            d.u.i.k.p.i.AbstractProblemLoader Environment load took 72.7ns 
553747     INFO  main            d.u.i.k.p.i.AbstractProblemLoader Creating init config 
556607     DEBUG main            d.u.i.k.p.i.AbstractProblemLoader Init config took 2.86s 
556626     INFO  main            d.u.i.k.p.i.AbstractProblemLoader Replaying proof splittingWithQueries.key 
556628     DEBUG main            d.u.i.k.p.i.IntermediateProofReplayer Proof replay took 3.8ns 
556730     INFO  main            d.u.i.k.p.r.p.TestFile    ... finished proof: closed. 
557353     INFO  main            d.u.i.k.p.i.AbstractProblemLoader Loading environment from /home/runner/work/key/key/key.core/../key.ui/examples/standard_key/java_dl/splittingWithQueries.key.proof 
557353     DEBUG main            d.u.i.k.p.i.AbstractProblemLoader Environment load took 98.6ns 
557355     INFO  main            d.u.i.k.p.i.AbstractProblemLoader Creating init config 
560310     DEBUG main            d.u.i.k.p.i.AbstractProblemLoader Init config took 2.95s 
560326     INFO  main            d.u.i.k.p.i.AbstractProblemLoader Replaying proof splittingWithQueries.key.proof 
560330     DEBUG main            d.u.i.k.p.i.IntermediateProofReplayer Proof replay took 2.5ms 
560331     DEBUG main            d.u.i.k.p.r.p.TestFile    ... success: reloaded. 
560332     INFO  main            d.u.i.k.p.r.p.TestFile    Now processing file /home/runner/work/key/key/key.core/../key.ui/examples/standard_key/java_dl/strassen/strassen.key 
560332     INFO  main            d.u.i.k.p.i.AbstractProblemLoader Loading environment from /home/runner/work/key/key/key.core/../key.ui/examples/standard_key/java_dl/strassen/strassen.key 
560332     DEBUG main            d.u.i.k.p.i.AbstractProblemLoader Environment load took 60.6ns 
560333     INFO  main            d.u.i.k.p.i.AbstractProblemLoader Creating init config 
563303     DEBUG main            d.u.i.k.p.i.AbstractProblemLoader Init config took 2.97s 
563348     INFO  main            d.u.i.k.p.i.AbstractProblemLoader Replaying proof Matrix22[Matrix22::strassen(Matrix22,Matrix22)].JML normal_behavior operation contract.0 
563349     DEBUG main            d.u.i.k.p.i.IntermediateProofReplayer Proof replay took 3.2ns 
569173     INFO  main            d.u.i.k.p.r.p.TestFile    ... finished proof: closed. 
569960     INFO  main            d.u.i.k.p.i.AbstractProblemLoader Loading environment from /home/runner/work/key/key/key.core/../key.ui/examples/standard_key/java_dl/strassen/strassen.key.proof 
569961     DEBUG main            d.u.i.k.p.i.AbstractProblemLoader Environment load took 364.31ns 
569963     INFO  main            d.u.i.k.p.i.AbstractProblemLoader Creating init config 
572941     DEBUG main            d.u.i.k.p.i.AbstractProblemLoader Init config took 2.98s 
572977     INFO  main            d.u.i.k.p.i.AbstractProblemLoader Replaying proof Matrix22[Matrix22::strassen(Matrix22,Matrix22)].JML normal_behavior operation contract.0 
573858     DEBUG main            d.u.i.k.p.i.IntermediateProofReplayer Proof replay took 872.26ms 
573860     DEBUG main            d.u.i.k.p.r.p.TestFile    ... success: reloaded. 
573861     INFO  main            d.u.i.k.p.r.p.TestFile    Now processing file /home/runner/work/key/key/key.core/../key.ui/examples/standard_key/java_dl/symmArray.key 
573862     INFO  main            d.u.i.k.p.i.AbstractProblemLoader Loading environment from /home/runner/work/key/key/key.core/../key.ui/examples/standard_key/java_dl/symmArray.key 
573862     DEBUG main            d.u.i.k.p.i.AbstractProblemLoader Environment load took 209.8ns 
573866     INFO  main            d.u.i.k.p.i.AbstractProblemLoader Creating init config 
576782     DEBUG main            d.u.i.k.p.i.AbstractProblemLoader Init config took 2.92s 
576799     INFO  main            d.u.i.k.p.i.AbstractProblemLoader Replaying proof symmArray.key 
576802     DEBUG main            d.u.i.k.p.i.IntermediateProofReplayer Proof replay took 3.3ns 
703122     INFO  main            d.u.i.k.p.r.p.TestFile    ... finished proof: closed. 
703897     INFO  main            d.u.i.k.p.i.AbstractProblemLoader Loading environment from /home/runner/work/key/key/key.core/../key.ui/examples/standard_key/java_dl/symmArray.key.proof 
703898     DEBUG main            d.u.i.k.p.i.AbstractProblemLoader Environment load took 209.4ns 
703903     INFO  main            d.u.i.k.p.i.AbstractProblemLoader Creating init config 
706907     DEBUG main            d.u.i.k.p.i.AbstractProblemLoader Init config took 3s 
706933     INFO  main            d.u.i.k.p.i.AbstractProblemLoader Replaying proof symmArray.key.proof 
708452     DEBUG main            d.u.i.k.p.i.IntermediateProofReplayer Proof replay took 1.45s 
708457     DEBUG main            d.u.i.k.p.r.p.TestFile    ... success: reloaded. 
708458     INFO  main            d.u.i.k.p.r.p.TestFile    Now processing file /home/runner/work/key/key/key.core/../key.ui/examples/standard_key/java_dl/testcontext.key 
708458     INFO  main            d.u.i.k.p.i.AbstractProblemLoader Loading environment from /home/runner/work/key/key/key.core/../key.ui/examples/standard_key/java_dl/testcontext.key 
708458     DEBUG main            d.u.i.k.p.i.AbstractProblemLoader Environment load took 104.5ns 
708460     INFO  main            d.u.i.k.p.i.AbstractProblemLoader Creating init config 
708483     WARN  main            d.u.i.k.j.r.KeYCrossReferenceNameInfo Datatype java.io.InputStream declared twice: Once in FILE:/home/runner/work/key/key/key.core/../key.ui/examples/standard_key/java_dl/classpath/InputStream.java and once in URL:file:/home/runner/work/key/key/key.core/build/resources/main/de/uka/ilkd/key/java/JavaRedux/java/io/InputStream.java, Keeping one from URL:file:/home/runner/work/key/key/key.core/build/resources/main/de/uka/ilkd/key/java/JavaRedux/java/io/InputStream.java 
708483     WARN  main            d.u.i.k.j.r.KeYCrossReferenceNameInfo Datatype java.lang.System declared twice: Once in FILE:/home/runner/work/key/key/key.core/../key.ui/examples/standard_key/java_dl/classpath/System.java and once in URL:file:/home/runner/work/key/key/key.core/build/resources/main/de/uka/ilkd/key/java/JavaRedux/java/lang/System.java, Keeping one from URL:file:/home/runner/work/key/key/key.core/build/resources/main/de/uka/ilkd/key/java/JavaRedux/java/lang/System.java 
708483     WARN  main            d.u.i.k.j.r.KeYCrossReferenceNameInfo Datatype java.io.PrintStream declared twice: Once in FILE:/home/runner/work/key/key/key.core/../key.ui/examples/standard_key/java_dl/classpath/PrintStream.java and once in URL:file:/home/runner/work/key/key/key.core/build/resources/main/de/uka/ilkd/key/java/JavaRedux/java/io/PrintStream.java, Keeping one from URL:file:/home/runner/work/key/key/key.core/build/resources/main/de/uka/ilkd/key/java/JavaRedux/java/io/PrintStream.java 
708486     DEBUG main            d.u.i.k.j.r.ClassFileDeclarationBuilder Parsing: package java.io; public class Closeable { } 
708486     DEBUG main            r.s.KeYCrossReferenceSourceInfo Dynamically created class: java.io.Closeable 
711334     DEBUG main            d.u.i.k.p.i.AbstractProblemLoader Init config took 2.87s 
711349     INFO  main            d.u.i.k.p.i.AbstractProblemLoader Replaying proof testcontext.key 
711351     DEBUG main            d.u.i.k.p.i.IntermediateProofReplayer Proof replay took 3.1ns 
711656     INFO  main            d.u.i.k.p.r.p.TestFile    ... finished proof: closed. 
712423     INFO  main            d.u.i.k.p.i.AbstractProblemLoader Loading environment from /home/runner/work/key/key/key.core/../key.ui/examples/standard_key/java_dl/testcontext.key.proof 
712423     DEBUG main            d.u.i.k.p.i.AbstractProblemLoader Environment load took 100.1ns 
712425     INFO  main            d.u.i.k.p.i.AbstractProblemLoader Creating init config 
712453     WARN  main            d.u.i.k.j.r.KeYCrossReferenceNameInfo Datatype java.io.InputStream declared twice: Once in FILE:/home/runner/work/key/key/key.core/../key.ui/examples/standard_key/java_dl/classpath/InputStream.java and once in URL:file:/home/runner/work/key/key/key.core/build/resources/main/de/uka/ilkd/key/java/JavaRedux/java/io/InputStream.java, Keeping one from URL:file:/home/runner/work/key/key/key.core/build/resources/main/de/uka/ilkd/key/java/JavaRedux/java/io/InputStream.java 
712453     WARN  main            d.u.i.k.j.r.KeYCrossReferenceNameInfo Datatype java.lang.System declared twice: Once in FILE:/home/runner/work/key/key/key.core/../key.ui/examples/standard_key/java_dl/classpath/System.java and once in URL:file:/home/runner/work/key/key/key.core/build/resources/main/de/uka/ilkd/key/java/JavaRedux/java/lang/System.java, Keeping one from URL:file:/home/runner/work/key/key/key.core/build/resources/main/de/uka/ilkd/key/java/JavaRedux/java/lang/System.java 
712453     WARN  main            d.u.i.k.j.r.KeYCrossReferenceNameInfo Datatype java.io.PrintStream declared twice: Once in FILE:/home/runner/work/key/key/key.core/../key.ui/examples/standard_key/java_dl/classpath/PrintStream.java and once in URL:file:/home/runner/work/key/key/key.core/build/resources/main/de/uka/ilkd/key/java/JavaRedux/java/io/PrintStream.java, Keeping one from URL:file:/home/runner/work/key/key/key.core/build/resources/main/de/uka/ilkd/key/java/JavaRedux/java/io/PrintStream.java 
712456     DEBUG main            d.u.i.k.j.r.ClassFileDeclarationBuilder Parsing: package java.io; public class Closeable { } 
712456     DEBUG main            r.s.KeYCrossReferenceSourceInfo Dynamically created class: java.io.Closeable 
715277     DEBUG main            d.u.i.k.p.i.AbstractProblemLoader Init config took 2.85s 
715295     INFO  main            d.u.i.k.p.i.AbstractProblemLoader Replaying proof testcontext.key.proof 
715380     DEBUG main            d.u.i.k.p.i.IntermediateProofReplayer Proof replay took 81.63ms 
715381     DEBUG main            d.u.i.k.p.r.p.TestFile    ... success: reloaded. 
715382     INFO  main            d.u.i.k.p.r.p.TestFile    Now processing file /home/runner/work/key/key/key.core/../key.ui/examples/standard_key/staticInitialisation/cascadeStaticInitialisation.key 
715383     INFO  main            d.u.i.k.p.i.AbstractProblemLoader Loading environment from /home/runner/work/key/key/key.core/../key.ui/examples/standard_key/staticInitialisation/cascadeStaticInitialisation.key 
715383     DEBUG main            d.u.i.k.p.i.AbstractProblemLoader Environment load took 55ns 
715386     INFO  main            d.u.i.k.p.i.AbstractProblemLoader Creating init config 
715412     WARN  main            d.u.i.k.j.r.KeYCrossReferenceNameInfo Datatype java.lang.System declared twice: Once in FILE:/home/runner/work/key/key/key.core/../key.ui/examples/standard_key/staticInitialisation/classpath/System.java and once in URL:file:/home/runner/work/key/key/key.core/build/resources/main/de/uka/ilkd/key/java/JavaRedux/java/lang/System.java, Keeping one from URL:file:/home/runner/work/key/key/key.core/build/resources/main/de/uka/ilkd/key/java/JavaRedux/java/lang/System.java 
715412     WARN  main            d.u.i.k.j.r.KeYCrossReferenceNameInfo Datatype java.io.PrintStream declared twice: Once in FILE:/home/runner/work/key/key/key.core/../key.ui/examples/standard_key/staticInitialisation/classpath/PrintStream.java and once in URL:file:/home/runner/work/key/key/key.core/build/resources/main/de/uka/ilkd/key/java/JavaRedux/java/io/PrintStream.java, Keeping one from URL:file:/home/runner/work/key/key/key.core/build/resources/main/de/uka/ilkd/key/java/JavaRedux/java/io/PrintStream.java 
718242     DEBUG main            d.u.i.k.p.i.AbstractProblemLoader Init config took 2.86s 
718258     INFO  main            d.u.i.k.p.i.AbstractProblemLoader Replaying proof cascadeStaticInitialisation.key 
718259     DEBUG main            d.u.i.k.p.i.IntermediateProofReplayer Proof replay took 3.2ns 
719066     INFO  main            d.u.i.k.p.r.p.TestFile    ... finished proof: closed. 
719754     INFO  main            d.u.i.k.p.i.AbstractProblemLoader Loading environment from /home/runner/work/key/key/key.core/../key.ui/examples/standard_key/staticInitialisation/cascadeStaticInitialisation.key.proof 
719754     DEBUG main            d.u.i.k.p.i.AbstractProblemLoader Environment load took 84.8ns 
719756     INFO  main            d.u.i.k.p.i.AbstractProblemLoader Creating init config 
719779     WARN  main            d.u.i.k.j.r.KeYCrossReferenceNameInfo Datatype java.lang.System declared twice: Once in FILE:/home/runner/work/key/key/key.core/../key.ui/examples/standard_key/staticInitialisation/classpath/System.java and once in URL:file:/home/runner/work/key/key/key.core/build/resources/main/de/uka/ilkd/key/java/JavaRedux/java/lang/System.java, Keeping one from URL:file:/home/runner/work/key/key/key.core/build/resources/main/de/uka/ilkd/key/java/JavaRedux/java/lang/System.java 
719779     WARN  main            d.u.i.k.j.r.KeYCrossReferenceNameInfo Datatype java.io.PrintStream declared twice: Once in FILE:/home/runner/work/key/key/key.core/../key.ui/examples/standard_key/staticInitialisation/classpath/PrintStream.java and once in URL:file:/home/runner/work/key/key/key.core/build/resources/main/de/uka/ilkd/key/java/JavaRedux/java/io/PrintStream.java, Keeping one from URL:file:/home/runner/work/key/key/key.core/build/resources/main/de/uka/ilkd/key/java/JavaRedux/java/io/PrintStream.java 
722548     DEBUG main            d.u.i.k.p.i.AbstractProblemLoader Init config took 2.79s 
722565     INFO  main            d.u.i.k.p.i.AbstractProblemLoader Replaying proof cascadeStaticInitialisation.key.proof 
722755     DEBUG main            d.u.i.k.p.i.IntermediateProofReplayer Proof replay took 187.45ms 
722757     DEBUG main            d.u.i.k.p.r.p.TestFile    ... success: reloaded. 
722757     INFO  main            d.u.i.k.p.r.p.TestFile    Now processing file /home/runner/work/key/key/key.core/../key.ui/examples/standard_key/staticInitialisation/erroneousClassImpliesErroneousSubclass.key 
722757     INFO  main            d.u.i.k.p.i.AbstractProblemLoader Loading environment from /home/runner/work/key/key/key.core/../key.ui/examples/standard_key/staticInitialisation/erroneousClassImpliesErroneousSubclass.key 
722758     DEBUG main            d.u.i.k.p.i.AbstractProblemLoader Environment load took 51.6ns 
722759     INFO  main            d.u.i.k.p.i.AbstractProblemLoader Creating init config 
722783     WARN  main            d.u.i.k.j.r.KeYCrossReferenceNameInfo Datatype java.lang.System declared twice: Once in FILE:/home/runner/work/key/key/key.core/../key.ui/examples/standard_key/staticInitialisation/classpath/System.java and once in URL:file:/home/runner/work/key/key/key.core/build/resources/main/de/uka/ilkd/key/java/JavaRedux/java/lang/System.java, Keeping one from URL:file:/home/runner/work/key/key/key.core/build/resources/main/de/uka/ilkd/key/java/JavaRedux/java/lang/System.java 
722783     WARN  main            d.u.i.k.j.r.KeYCrossReferenceNameInfo Datatype java.io.PrintStream declared twice: Once in FILE:/home/runner/work/key/key/key.core/../key.ui/examples/standard_key/staticInitialisation/classpath/PrintStream.java and once in URL:file:/home/runner/work/key/key/key.core/build/resources/main/de/uka/ilkd/key/java/JavaRedux/java/io/PrintStream.java, Keeping one from URL:file:/home/runner/work/key/key/key.core/build/resources/main/de/uka/ilkd/key/java/JavaRedux/java/io/PrintStream.java 
725539     DEBUG main            d.u.i.k.p.i.AbstractProblemLoader Init config took 2.78s 
725554     INFO  main            d.u.i.k.p.i.AbstractProblemLoader Replaying proof erroneousClassImpliesErroneousSubclass.key 
725555     DEBUG main            d.u.i.k.p.i.IntermediateProofReplayer Proof replay took 4.1ns 
725657     INFO  main            d.u.i.k.p.r.p.TestFile    ... finished proof: closed. 
726329     INFO  main            d.u.i.k.p.i.AbstractProblemLoader Loading environment from /home/runner/work/key/key/key.core/../key.ui/examples/standard_key/staticInitialisation/erroneousClassImpliesErroneousSubclass.key.proof 
726329     DEBUG main            d.u.i.k.p.i.AbstractProblemLoader Environment load took 87.5ns 
726331     INFO  main            d.u.i.k.p.i.AbstractProblemLoader Creating init config 
726354     WARN  main            d.u.i.k.j.r.KeYCrossReferenceNameInfo Datatype java.lang.System declared twice: Once in FILE:/home/runner/work/key/key/key.core/../key.ui/examples/standard_key/staticInitialisation/classpath/System.java and once in URL:file:/home/runner/work/key/key/key.core/build/resources/main/de/uka/ilkd/key/java/JavaRedux/java/lang/System.java, Keeping one from URL:file:/home/runner/work/key/key/key.core/build/resources/main/de/uka/ilkd/key/java/JavaRedux/java/lang/System.java 
726354     WARN  main            d.u.i.k.j.r.KeYCrossReferenceNameInfo Datatype java.io.PrintStream declared twice: Once in FILE:/home/runner/work/key/key/key.core/../key.ui/examples/standard_key/staticInitialisation/classpath/PrintStream.java and once in URL:file:/home/runner/work/key/key/key.core/build/resources/main/de/uka/ilkd/key/java/JavaRedux/java/io/PrintStream.java, Keeping one from URL:file:/home/runner/work/key/key/key.core/build/resources/main/de/uka/ilkd/key/java/JavaRedux/java/io/PrintStream.java 
729078     DEBUG main            d.u.i.k.p.i.AbstractProblemLoader Init config took 2.75s 
729092     INFO  main            d.u.i.k.p.i.AbstractProblemLoader Replaying proof erroneousClassImpliesErroneousSubclass.key.proof 
729095     DEBUG main            d.u.i.k.p.i.IntermediateProofReplayer Proof replay took 557.01ns 
729096     DEBUG main            d.u.i.k.p.r.p.TestFile    ... success: reloaded. 
729099     INFO  main            d.u.i.k.p.r.p.TestFile    Now processing file /home/runner/work/key/key/key.core/../key.ui/examples/standard_key/staticInitialisation/initializedSubclassImpliesInitializedSuperclass.key 
729099     INFO  main            d.u.i.k.p.i.AbstractProblemLoader Loading environment from /home/runner/work/key/key/key.core/../key.ui/examples/standard_key/staticInitialisation/initializedSubclassImpliesInitializedSuperclass.key 
729099     DEBUG main            d.u.i.k.p.i.AbstractProblemLoader Environment load took 167.9ns 
729101     INFO  main            d.u.i.k.p.i.AbstractProblemLoader Creating init config 
729128     WARN  main            d.u.i.k.j.r.KeYCrossReferenceNameInfo Datatype java.lang.System declared twice: Once in FILE:/home/runner/work/key/key/key.core/../key.ui/examples/standard_key/staticInitialisation/classpath/System.java and once in URL:file:/home/runner/work/key/key/key.core/build/resources/main/de/uka/ilkd/key/java/JavaRedux/java/lang/System.java, Keeping one from URL:file:/home/runner/work/key/key/key.core/build/resources/main/de/uka/ilkd/key/java/JavaRedux/java/lang/System.java 
729129     WARN  main            d.u.i.k.j.r.KeYCrossReferenceNameInfo Datatype java.io.PrintStream declared twice: Once in FILE:/home/runner/work/key/key/key.core/../key.ui/examples/standard_key/staticInitialisation/classpath/PrintStream.java and once in URL:file:/home/runner/work/key/key/key.core/build/resources/main/de/uka/ilkd/key/java/JavaRedux/java/io/PrintStream.java, Keeping one from URL:file:/home/runner/work/key/key/key.core/build/resources/main/de/uka/ilkd/key/java/JavaRedux/java/io/PrintStream.java 
731802     DEBUG main            d.u.i.k.p.i.AbstractProblemLoader Init config took 2.7s 
731817     INFO  main            d.u.i.k.p.i.AbstractProblemLoader Replaying proof initializedSubclassImpliesInitializedSuperclass.key 
731818     DEBUG main            d.u.i.k.p.i.IntermediateProofReplayer Proof replay took 3.1ns 
731921     INFO  main            d.u.i.k.p.r.p.TestFile    ... finished proof: closed. 
732575     INFO  main            d.u.i.k.p.i.AbstractProblemLoader Loading environment from /home/runner/work/key/key/key.core/../key.ui/examples/standard_key/staticInitialisation/initializedSubclassImpliesInitializedSuperclass.key.proof 
732575     DEBUG main            d.u.i.k.p.i.AbstractProblemLoader Environment load took 74.3ns 
732576     INFO  main            d.u.i.k.p.i.AbstractProblemLoader Creating init config 
732601     WARN  main            d.u.i.k.j.r.KeYCrossReferenceNameInfo Datatype java.lang.System declared twice: Once in FILE:/home/runner/work/key/key/key.core/../key.ui/examples/standard_key/staticInitialisation/classpath/System.java and once in URL:file:/home/runner/work/key/key/key.core/build/resources/main/de/uka/ilkd/key/java/JavaRedux/java/lang/System.java, Keeping one from URL:file:/home/runner/work/key/key/key.core/build/resources/main/de/uka/ilkd/key/java/JavaRedux/java/lang/System.java 
732601     WARN  main            d.u.i.k.j.r.KeYCrossReferenceNameInfo Datatype java.io.PrintStream declared twice: Once in FILE:/home/runner/work/key/key/key.core/../key.ui/examples/standard_key/staticInitialisation/classpath/PrintStream.java and once in URL:file:/home/runner/work/key/key/key.core/build/resources/main/de/uka/ilkd/key/java/JavaRedux/java/io/PrintStream.java, Keeping one from URL:file:/home/runner/work/key/key/key.core/build/resources/main/de/uka/ilkd/key/java/JavaRedux/java/io/PrintStream.java 
735258     DEBUG main            d.u.i.k.p.i.AbstractProblemLoader Init config took 2.68s 
735274     INFO  main            d.u.i.k.p.i.AbstractProblemLoader Replaying proof initializedSubclassImpliesInitializedSuperclass.key.proof 
735276     DEBUG main            d.u.i.k.p.i.IntermediateProofReplayer Proof replay took 496.81ns 
735277     DEBUG main            d.u.i.k.p.r.p.TestFile    ... success: reloaded. 
735278     INFO  main            d.u.i.k.p.r.p.TestFile    Now processing file /home/runner/work/key/key/key.core/../key.ui/examples/standard_key/staticInitialisation/localDeclared.key 
735278     INFO  main            d.u.i.k.p.i.AbstractProblemLoader Loading environment from /home/runner/work/key/key/key.core/../key.ui/examples/standard_key/staticInitialisation/localDeclared.key 
735278     DEBUG main            d.u.i.k.p.i.AbstractProblemLoader Environment load took 69ns 
735280     INFO  main            d.u.i.k.p.i.AbstractProblemLoader Creating init config 
735303     WARN  main            d.u.i.k.j.r.KeYCrossReferenceNameInfo Datatype java.lang.System declared twice: Once in FILE:/home/runner/work/key/key/key.core/../key.ui/examples/standard_key/staticInitialisation/classpath/System.java and once in URL:file:/home/runner/work/key/key/key.core/build/resources/main/de/uka/ilkd/key/java/JavaRedux/java/lang/System.java, Keeping one from URL:file:/home/runner/work/key/key/key.core/build/resources/main/de/uka/ilkd/key/java/JavaRedux/java/lang/System.java 
735303     WARN  main            d.u.i.k.j.r.KeYCrossReferenceNameInfo Datatype java.io.PrintStream declared twice: Once in FILE:/home/runner/work/key/key/key.core/../key.ui/examples/standard_key/staticInitialisation/classpath/PrintStream.java and once in URL:file:/home/runner/work/key/key/key.core/build/resources/main/de/uka/ilkd/key/java/JavaRedux/java/io/PrintStream.java, Keeping one from URL:file:/home/runner/work/key/key/key.core/build/resources/main/de/uka/ilkd/key/java/JavaRedux/java/io/PrintStream.java 
738273     DEBUG main            d.u.i.k.p.i.AbstractProblemLoader Init config took 2.99s 
738289     INFO  main            d.u.i.k.p.i.AbstractProblemLoader Replaying proof localDeclared.key 
738290     DEBUG main            d.u.i.k.p.i.IntermediateProofReplayer Proof replay took 3.7ns 
738596     INFO  main            d.u.i.k.p.r.p.TestFile    ... finished proof: closed. 
739256     INFO  main            d.u.i.k.p.i.AbstractProblemLoader Loading environment from /home/runner/work/key/key/key.core/../key.ui/examples/standard_key/staticInitialisation/localDeclared.key.proof 
739256     DEBUG main            d.u.i.k.p.i.AbstractProblemLoader Environment load took 79.3ns 
739257     INFO  main            d.u.i.k.p.i.AbstractProblemLoader Creating init config 
739283     WARN  main            d.u.i.k.j.r.KeYCrossReferenceNameInfo Datatype java.lang.System declared twice: Once in FILE:/home/runner/work/key/key/key.core/../key.ui/examples/standard_key/staticInitialisation/classpath/System.java and once in URL:file:/home/runner/work/key/key/key.core/build/resources/main/de/uka/ilkd/key/java/JavaRedux/java/lang/System.java, Keeping one from URL:file:/home/runner/work/key/key/key.core/build/resources/main/de/uka/ilkd/key/java/JavaRedux/java/lang/System.java 
739284     WARN  main            d.u.i.k.j.r.KeYCrossReferenceNameInfo Datatype java.io.PrintStream declared twice: Once in FILE:/home/runner/work/key/key/key.core/../key.ui/examples/standard_key/staticInitialisation/classpath/PrintStream.java and once in URL:file:/home/runner/work/key/key/key.core/build/resources/main/de/uka/ilkd/key/java/JavaRedux/java/io/PrintStream.java, Keeping one from URL:file:/home/runner/work/key/key/key.core/build/resources/main/de/uka/ilkd/key/java/JavaRedux/java/io/PrintStream.java 
742178     DEBUG main            d.u.i.k.p.i.AbstractProblemLoader Init config took 2.92s 
742193     INFO  main            d.u.i.k.p.i.AbstractProblemLoader Replaying proof localDeclared.key.proof 
742273     DEBUG main            d.u.i.k.p.i.IntermediateProofReplayer Proof replay took 77.8ms 
742274     DEBUG main            d.u.i.k.p.r.p.TestFile    ... success: reloaded. 
742275     INFO  main            d.u.i.k.p.r.p.TestFile    Now processing file /home/runner/work/key/key/key.core/../key.ui/examples/standard_key/staticInitialisation/localDeclaredMethod.key 
742275     INFO  main            d.u.i.k.p.i.AbstractProblemLoader Loading environment from /home/runner/work/key/key/key.core/../key.ui/examples/standard_key/staticInitialisation/localDeclaredMethod.key 
742275     DEBUG main            d.u.i.k.p.i.AbstractProblemLoader Environment load took 83.1ns 
742277     INFO  main            d.u.i.k.p.i.AbstractProblemLoader Creating init config 
742300     WARN  main            d.u.i.k.j.r.KeYCrossReferenceNameInfo Datatype java.lang.System declared twice: Once in FILE:/home/runner/work/key/key/key.core/../key.ui/examples/standard_key/staticInitialisation/classpath/System.java and once in URL:file:/home/runner/work/key/key/key.core/build/resources/main/de/uka/ilkd/key/java/JavaRedux/java/lang/System.java, Keeping one from URL:file:/home/runner/work/key/key/key.core/build/resources/main/de/uka/ilkd/key/java/JavaRedux/java/lang/System.java 
742300     WARN  main            d.u.i.k.j.r.KeYCrossReferenceNameInfo Datatype java.io.PrintStream declared twice: Once in FILE:/home/runner/work/key/key/key.core/../key.ui/examples/standard_key/staticInitialisation/classpath/PrintStream.java and once in URL:file:/home/runner/work/key/key/key.core/build/resources/main/de/uka/ilkd/key/java/JavaRedux/java/io/PrintStream.java, Keeping one from URL:file:/home/runner/work/key/key/key.core/build/resources/main/de/uka/ilkd/key/java/JavaRedux/java/io/PrintStream.java 
745027     DEBUG main            d.u.i.k.p.i.AbstractProblemLoader Init config took 2.75s 
745040     INFO  main            d.u.i.k.p.i.AbstractProblemLoader Replaying proof localDeclaredMethod.key 
745043     DEBUG main            d.u.i.k.p.i.IntermediateProofReplayer Proof replay took 2.9ns 
745346     INFO  main            d.u.i.k.p.r.p.TestFile    ... finished proof: closed. 
746024     INFO  main            d.u.i.k.p.i.AbstractProblemLoader Loading environment from /home/runner/work/key/key/key.core/../key.ui/examples/standard_key/staticInitialisation/localDeclaredMethod.key.proof 
746024     DEBUG main            d.u.i.k.p.i.AbstractProblemLoader Environment load took 85.8ns 
746025     INFO  main            d.u.i.k.p.i.AbstractProblemLoader Creating init config 
746048     WARN  main            d.u.i.k.j.r.KeYCrossReferenceNameInfo Datatype java.lang.System declared twice: Once in FILE:/home/runner/work/key/key/key.core/../key.ui/examples/standard_key/staticInitialisation/classpath/System.java and once in URL:file:/home/runner/work/key/key/key.core/build/resources/main/de/uka/ilkd/key/java/JavaRedux/java/lang/System.java, Keeping one from URL:file:/home/runner/work/key/key/key.core/build/resources/main/de/uka/ilkd/key/java/JavaRedux/java/lang/System.java 
746049     WARN  main            d.u.i.k.j.r.KeYCrossReferenceNameInfo Datatype java.io.PrintStream declared twice: Once in FILE:/home/runner/work/key/key/key.core/../key.ui/examples/standard_key/staticInitialisation/classpath/PrintStream.java and once in URL:file:/home/runner/work/key/key/key.core/build/resources/main/de/uka/ilkd/key/java/JavaRedux/java/io/PrintStream.java, Keeping one from URL:file:/home/runner/work/key/key/key.core/build/resources/main/de/uka/ilkd/key/java/JavaRedux/java/io/PrintStream.java 
748784     DEBUG main            d.u.i.k.p.i.AbstractProblemLoader Init config took 2.76s 
748799     INFO  main            d.u.i.k.p.i.AbstractProblemLoader Replaying proof localDeclaredMethod.key.proof 
748869     DEBUG main            d.u.i.k.p.i.IntermediateProofReplayer Proof replay took 67.07ms 
748870     DEBUG main            d.u.i.k.p.r.p.TestFile    ... success: reloaded. 
748871     INFO  main            d.u.i.k.p.r.p.TestFile    Now processing file /home/runner/work/key/key/key.core/../key.ui/examples/standard_key/staticInitialisation/objectOfErroneousClass.key 
748871     INFO  main            d.u.i.k.p.i.AbstractProblemLoader Loading environment from /home/runner/work/key/key/key.core/../key.ui/examples/standard_key/staticInitialisation/objectOfErroneousClass.key 
748872     DEBUG main            d.u.i.k.p.i.AbstractProblemLoader Environment load took 115.4ns 
748873     INFO  main            d.u.i.k.p.i.AbstractProblemLoader Creating init config 
748897     WARN  main            d.u.i.k.j.r.KeYCrossReferenceNameInfo Datatype java.lang.System declared twice: Once in FILE:/home/runner/work/key/key/key.core/../key.ui/examples/standard_key/staticInitialisation/classpath/System.java and once in URL:file:/home/runner/work/key/key/key.core/build/resources/main/de/uka/ilkd/key/java/JavaRedux/java/lang/System.java, Keeping one from URL:file:/home/runner/work/key/key/key.core/build/resources/main/de/uka/ilkd/key/java/JavaRedux/java/lang/System.java 
748897     WARN  main            d.u.i.k.j.r.KeYCrossReferenceNameInfo Datatype java.io.PrintStream declared twice: Once in FILE:/home/runner/work/key/key/key.core/../key.ui/examples/standard_key/staticInitialisation/classpath/PrintStream.java and once in URL:file:/home/runner/work/key/key/key.core/build/resources/main/de/uka/ilkd/key/java/JavaRedux/java/io/PrintStream.java, Keeping one from URL:file:/home/runner/work/key/key/key.core/build/resources/main/de/uka/ilkd/key/java/JavaRedux/java/io/PrintStream.java 
751562     DEBUG main            d.u.i.k.p.i.AbstractProblemLoader Init config took 2.69s 
751580     INFO  main            d.u.i.k.p.i.AbstractProblemLoader Replaying proof objectOfErroneousClass.key 
751582     DEBUG main            d.u.i.k.p.i.IntermediateProofReplayer Proof replay took 4.1ns 
767094     INFO  main            d.u.i.k.p.r.p.TestFile    ... finished proof: closed. 
767876     INFO  main            d.u.i.k.p.i.AbstractProblemLoader Loading environment from /home/runner/work/key/key/key.core/../key.ui/examples/standard_key/staticInitialisation/objectOfErroneousClass.key.proof 
767876     DEBUG main            d.u.i.k.p.i.AbstractProblemLoader Environment load took 184.4ns 
767883     INFO  main            d.u.i.k.p.i.AbstractProblemLoader Creating init config 
767911     WARN  main            d.u.i.k.j.r.KeYCrossReferenceNameInfo Datatype java.lang.System declared twice: Once in FILE:/home/runner/work/key/key/key.core/../key.ui/examples/standard_key/staticInitialisation/classpath/System.java and once in URL:file:/home/runner/work/key/key/key.core/build/resources/main/de/uka/ilkd/key/java/JavaRedux/java/lang/System.java, Keeping one from URL:file:/home/runner/work/key/key/key.core/build/resources/main/de/uka/ilkd/key/java/JavaRedux/java/lang/System.java 
767911     WARN  main            d.u.i.k.j.r.KeYCrossReferenceNameInfo Datatype java.io.PrintStream declared twice: Once in FILE:/home/runner/work/key/key/key.core/../key.ui/examples/standard_key/staticInitialisation/classpath/PrintStream.java and once in URL:file:/home/runner/work/key/key/key.core/build/resources/main/de/uka/ilkd/key/java/JavaRedux/java/io/PrintStream.java, Keeping one from URL:file:/home/runner/work/key/key/key.core/build/resources/main/de/uka/ilkd/key/java/JavaRedux/java/io/PrintStream.java 
770643     DEBUG main            d.u.i.k.p.i.AbstractProblemLoader Init config took 2.76s 
770670     INFO  main            d.u.i.k.p.i.AbstractProblemLoader Replaying proof objectOfErroneousClass.key.proof 
773197     DEBUG main            d.u.i.k.p.i.IntermediateProofReplayer Proof replay took 2.5s 
773201     DEBUG main            d.u.i.k.p.r.p.TestFile    ... success: reloaded. 
773202     INFO  main            d.u.i.k.p.r.p.TestFile    Now processing file /home/runner/work/key/key/key.core/../key.ui/examples/standard_key/staticInitialisation/staticInitialisersAreNonSimple.key 
773202     INFO  main            d.u.i.k.p.i.AbstractProblemLoader Loading environment from /home/runner/work/key/key/key.core/../key.ui/examples/standard_key/staticInitialisation/staticInitialisersAreNonSimple.key 
773202     DEBUG main            d.u.i.k.p.i.AbstractProblemLoader Environment load took 105.3ns 
773204     INFO  main            d.u.i.k.p.i.AbstractProblemLoader Creating init config 
773225     WARN  main            d.u.i.k.j.r.KeYCrossReferenceNameInfo Datatype java.lang.System declared twice: Once in FILE:/home/runner/work/key/key/key.core/../key.ui/examples/standard_key/staticInitialisation/classpath/System.java and once in URL:file:/home/runner/work/key/key/key.core/build/resources/main/de/uka/ilkd/key/java/JavaRedux/java/lang/System.java, Keeping one from URL:file:/home/runner/work/key/key/key.core/build/resources/main/de/uka/ilkd/key/java/JavaRedux/java/lang/System.java 
773225     WARN  main            d.u.i.k.j.r.KeYCrossReferenceNameInfo Datatype java.io.PrintStream declared twice: Once in FILE:/home/runner/work/key/key/key.core/../key.ui/examples/standard_key/staticInitialisation/classpath/PrintStream.java and once in URL:file:/home/runner/work/key/key/key.core/build/resources/main/de/uka/ilkd/key/java/JavaRedux/java/io/PrintStream.java, Keeping one from URL:file:/home/runner/work/key/key/key.core/build/resources/main/de/uka/ilkd/key/java/JavaRedux/java/io/PrintStream.java 
775983     DEBUG main            d.u.i.k.p.i.AbstractProblemLoader Init config took 2.78s 
775998     INFO  main            d.u.i.k.p.i.AbstractProblemLoader Replaying proof staticInitialisersAreNonSimple.key 
775999     DEBUG main            d.u.i.k.p.i.IntermediateProofReplayer Proof replay took 2.8ns 
776302     INFO  main            d.u.i.k.p.r.p.TestFile    ... finished proof: closed. 
777050     INFO  main            d.u.i.k.p.i.AbstractProblemLoader Loading environment from /home/runner/work/key/key/key.core/../key.ui/examples/standard_key/staticInitialisation/staticInitialisersAreNonSimple.key.proof 
777050     DEBUG main            d.u.i.k.p.i.AbstractProblemLoader Environment load took 78.7ns 
777052     INFO  main            d.u.i.k.p.i.AbstractProblemLoader Creating init config 
777075     WARN  main            d.u.i.k.j.r.KeYCrossReferenceNameInfo Datatype java.lang.System declared twice: Once in FILE:/home/runner/work/key/key/key.core/../key.ui/examples/standard_key/staticInitialisation/classpath/System.java and once in URL:file:/home/runner/work/key/key/key.core/build/resources/main/de/uka/ilkd/key/java/JavaRedux/java/lang/System.java, Keeping one from URL:file:/home/runner/work/key/key/key.core/build/resources/main/de/uka/ilkd/key/java/JavaRedux/java/lang/System.java 
777075     WARN  main            d.u.i.k.j.r.KeYCrossReferenceNameInfo Datatype java.io.PrintStream declared twice: Once in FILE:/home/runner/work/key/key/key.core/../key.ui/examples/standard_key/staticInitialisation/classpath/PrintStream.java and once in URL:file:/home/runner/work/key/key/key.core/build/resources/main/de/uka/ilkd/key/java/JavaRedux/java/io/PrintStream.java, Keeping one from URL:file:/home/runner/work/key/key/key.core/build/resources/main/de/uka/ilkd/key/java/JavaRedux/java/io/PrintStream.java 
779956     DEBUG main            d.u.i.k.p.i.AbstractProblemLoader Init config took 2.9s 
779972     INFO  main            d.u.i.k.p.i.AbstractProblemLoader Replaying proof staticInitialisersAreNonSimple.key.proof 
780072     DEBUG main            d.u.i.k.p.i.IntermediateProofReplayer Proof replay took 96.95ms 
780073     DEBUG main            d.u.i.k.p.r.p.TestFile    ... success: reloaded. 
780074     INFO  main            d.u.i.k.p.r.p.TestFile    Now processing file /home/runner/work/key/key/key.core/../key.ui/examples/standard_key/types/disjoint.key 
780074     INFO  main            d.u.i.k.p.i.AbstractProblemLoader Loading environment from /home/runner/work/key/key/key.core/../key.ui/examples/standard_key/types/disjoint.key 
780074     DEBUG main            d.u.i.k.p.i.AbstractProblemLoader Environment load took 84.1ns 
780075     INFO  main            d.u.i.k.p.i.AbstractProblemLoader Creating init config 
783051     DEBUG main            d.u.i.k.p.i.AbstractProblemLoader Init config took 2.98s 
783066     INFO  main            d.u.i.k.p.i.AbstractProblemLoader Replaying proof disjoint.key 
783068     DEBUG main            d.u.i.k.p.i.IntermediateProofReplayer Proof replay took 3.7ns 
783170     INFO  main            d.u.i.k.p.r.p.TestFile    ... finished proof: closed. 
783918     INFO  main            d.u.i.k.p.i.AbstractProblemLoader Loading environment from /home/runner/work/key/key/key.core/../key.ui/examples/standard_key/types/disjoint.key.proof 
783918     DEBUG main            d.u.i.k.p.i.AbstractProblemLoader Environment load took 86.1ns 
783919     INFO  main            d.u.i.k.p.i.AbstractProblemLoader Creating init config 
786834     DEBUG main            d.u.i.k.p.i.AbstractProblemLoader Init config took 2.91s 
786848     INFO  main            d.u.i.k.p.i.AbstractProblemLoader Replaying proof disjoint.key.proof 
786850     DEBUG main            d.u.i.k.p.i.IntermediateProofReplayer Proof replay took 716.91ns 
786851     DEBUG main            d.u.i.k.p.r.p.TestFile    ... success: reloaded. 
786852     INFO  main            d.u.i.k.p.r.p.TestFile    Now processing file /home/runner/work/key/key/key.core/../key.ui/examples/../../key.core/src/test/resources/testcase/classpath/classpath.key 
786852     INFO  main            d.u.i.k.p.i.AbstractProblemLoader Loading environment from /home/runner/work/key/key/key.core/../key.ui/examples/../../key.core/src/test/resources/testcase/classpath/classpath.key 
786852     DEBUG main            d.u.i.k.p.i.AbstractProblemLoader Environment load took 142ns 
786853     INFO  main            d.u.i.k.p.i.AbstractProblemLoader Creating init config 
786880     WARN  main            d.u.i.k.j.r.KeYCrossReferenceNameInfo Datatype cp.C declared twice: Once in FILE:/home/runner/work/key/key/key.core/../key.ui/examples/../../key.core/src/test/resources/testcase/classpath/classpath/C.class and once in FILE:/home/runner/work/key/key/key.core/../key.ui/examples/../../key.core/src/test/resources/testcase/classpath/classpath/C.jml, Keeping one from FILE:/home/runner/work/key/key/key.core/../key.ui/examples/../../key.core/src/test/resources/testcase/classpath/classpath/C.jml 
786883     DEBUG main            d.u.i.k.j.r.ClassFileDeclarationBuilder Parsing: package cp; public class Unresolved1 { } 
786883     DEBUG main            r.s.KeYCrossReferenceSourceInfo Dynamically created class: cp.Unresolved1 
786884     DEBUG main            d.u.i.k.j.r.ClassFileDeclarationBuilder Parsing: package cp; public class Unresolved2 { } 
786884     DEBUG main            r.s.KeYCrossReferenceSourceInfo Dynamically created class: cp.Unresolved2 
790038     DEBUG main            d.u.i.k.p.i.AbstractProblemLoader Init config took 3.19s 
790057     INFO  main            d.u.i.k.p.i.AbstractProblemLoader Replaying proof classpath.key 
790060     DEBUG main            d.u.i.k.p.i.IntermediateProofReplayer Proof replay took 3.4ns 
790162     INFO  main            d.u.i.k.p.r.p.TestFile    ... finished proof: closed. 
790935     INFO  main            d.u.i.k.p.i.AbstractProblemLoader Loading environment from /home/runner/work/key/key/key.core/../key.ui/examples/../../key.core/src/test/resources/testcase/classpath/classpath.key.proof 
790935     DEBUG main            d.u.i.k.p.i.AbstractProblemLoader Environment load took 90.7ns 
790936     INFO  main            d.u.i.k.p.i.AbstractProblemLoader Creating init config 
790977     WARN  main            d.u.i.k.j.r.KeYCrossReferenceNameInfo Datatype cp.C declared twice: Once in FILE:/home/runner/work/key/key/key.core/../key.ui/examples/../../key.core/src/test/resources/testcase/classpath/classpath/C.class and once in FILE:/home/runner/work/key/key/key.core/../key.ui/examples/../../key.core/src/test/resources/testcase/classpath/classpath/C.jml, Keeping one from FILE:/home/runner/work/key/key/key.core/../key.ui/examples/../../key.core/src/test/resources/testcase/classpath/classpath/C.jml 
790991     DEBUG main            d.u.i.k.j.r.ClassFileDeclarationBuilder Parsing: package cp; public class Unresolved1 { } 
790995     DEBUG main            r.s.KeYCrossReferenceSourceInfo Dynamically created class: cp.Unresolved1 
790995     DEBUG main            d.u.i.k.j.r.ClassFileDeclarationBuilder Parsing: package cp; public class Unresolved2 { } 
790996     DEBUG main            r.s.KeYCrossReferenceSourceInfo Dynamically created class: cp.Unresolved2 
794189     DEBUG main            d.u.i.k.p.i.AbstractProblemLoader Init config took 3.25s 
794207     INFO  main            d.u.i.k.p.i.AbstractProblemLoader Replaying proof classpath.key.proof 
794210     DEBUG main            d.u.i.k.p.i.IntermediateProofReplayer Proof replay took 753.21ns 
794210     DEBUG main            d.u.i.k.p.r.p.TestFile    ... success: reloaded. 
794211     INFO  main            d.u.i.k.p.r.p.TestFile    Now processing file /home/runner/work/key/key/key.core/../key.ui/examples/heap/inconsistent_represents/MyClass_m.key 
794211     INFO  main            d.u.i.k.p.i.AbstractProblemLoader Loading environment from /home/runner/work/key/key/key.core/../key.ui/examples/heap/inconsistent_represents/MyClass_m.key 
794211     DEBUG main            d.u.i.k.p.i.AbstractProblemLoader Environment load took 68.7ns 
794212     INFO  main            d.u.i.k.p.i.AbstractProblemLoader Creating init config 
797711     DEBUG main            d.u.i.k.p.i.AbstractProblemLoader Init config took 3.5s 
797765     INFO  main            d.u.i.k.p.i.AbstractProblemLoader Replaying proof MyClass[MyClass::m()].JML operation contract.0 
797769     DEBUG main            d.u.i.k.p.i.IntermediateProofReplayer Proof replay took 2.9ns 
797872     INFO  main            d.u.i.k.p.r.p.TestFile    ... finished proof: open goal(s) 
798649     INFO  main            d.u.i.k.p.r.p.TestFile    Now processing file /home/runner/work/key/key/key.core/../key.ui/examples/heap/inconsistent_represents/MyClass_n.key 
798650     INFO  main            d.u.i.k.p.i.AbstractProblemLoader Loading environment from /home/runner/work/key/key/key.core/../key.ui/examples/heap/inconsistent_represents/MyClass_n.key 
798650     DEBUG main            d.u.i.k.p.i.AbstractProblemLoader Environment load took 89.8ns 
798651     INFO  main            d.u.i.k.p.i.AbstractProblemLoader Creating init config 
801877     DEBUG main            d.u.i.k.p.i.AbstractProblemLoader Init config took 3.23s 
801927     INFO  main            d.u.i.k.p.i.AbstractProblemLoader Replaying proof MyClass[MyClass::n()].JML operation contract.0 
801929     DEBUG main            d.u.i.k.p.i.IntermediateProofReplayer Proof replay took 11.4ns 
802032     INFO  main            d.u.i.k.p.r.p.TestFile    ... finished proof: open goal(s) 
4579597    INFO  Test worker     d.u.i.k.p.r.RunAllProofsTestUnit Returning from test javadl 
4579601    INFO  Test worker     d.u.i.k.p.r.RunAllProofsTestUnit Running test FOL 
509        WARN  main            d.u.i.k.s.ProofSettings   The settings in /home/runner/.key/proof-settings.props are *not* read. 
506        INFO  Timeout watchdog d.u.i.k.p.r.p.ForkedTestFileRunner Timeout watcher launched (2000 secs.) 
577        INFO  main            d.u.i.k.p.r.p.TestFile    Now processing file /home/runner/work/key/key/key.core/../key.ui/examples/standard_key/pred_log/count.key 
763        INFO  main            d.u.i.k.p.i.AbstractProblemLoader Loading environment from /home/runner/work/key/key/key.core/../key.ui/examples/standard_key/pred_log/count.key 
783        DEBUG main            d.u.i.k.p.i.AbstractProblemLoader Environment load took 2.71ms 
1078       INFO  main            d.u.i.k.p.i.AbstractProblemLoader Creating init config 
2169       DEBUG main            d.u.i.k.j.TypeConverter   No LDT found for Meta 
2170       DEBUG main            d.u.i.k.j.TypeConverter   No LDT found for Meta 
2171       DEBUG main            d.u.i.k.j.TypeConverter   No LDT found for Meta 
2172       DEBUG main            d.u.i.k.j.TypeConverter   No LDT found for Meta 
3802       DEBUG main            d.u.i.k.j.TypeConverter   No LDT found for JavaBigintExpression 
10229      DEBUG main            d.u.i.k.p.i.AbstractProblemLoader Init config took 9.15s 
10330      INFO  main            d.u.i.k.p.i.AbstractProblemLoader Replaying proof count.key 
10384      DEBUG main            d.u.i.k.p.i.IntermediateProofReplayer Proof replay took 38ns 
10686      INFO  main            d.u.i.k.p.r.p.TestFile    ... finished proof: closed. 
10857      INFO  main            d.u.i.k.p.i.AbstractProblemLoader Loading environment from /home/runner/work/key/key/key.core/../key.ui/examples/standard_key/pred_log/count.key.proof 
10857      DEBUG main            d.u.i.k.p.i.AbstractProblemLoader Environment load took 592.91ns 
10865      INFO  main            d.u.i.k.p.i.AbstractProblemLoader Creating init config 
14373      DEBUG main            d.u.i.k.p.i.AbstractProblemLoader Init config took 3.51s 
14442      INFO  main            d.u.i.k.p.i.AbstractProblemLoader Replaying proof count.key.proof 
14458      DEBUG main            d.u.i.k.p.i.IntermediateProofReplayer Proof replay took 9.75ms 
14478      DEBUG main            d.u.i.k.p.r.p.TestFile    ... success: reloaded. 
14482      INFO  main            d.u.i.k.p.r.p.TestFile    Now processing file /home/runner/work/key/key/key.core/../key.ui/examples/standard_key/pred_log/count2.key 
14482      INFO  main            d.u.i.k.p.i.AbstractProblemLoader Loading environment from /home/runner/work/key/key/key.core/../key.ui/examples/standard_key/pred_log/count2.key 
14482      DEBUG main            d.u.i.k.p.i.AbstractProblemLoader Environment load took 137.6ns 
14486      INFO  main            d.u.i.k.p.i.AbstractProblemLoader Creating init config 
18085      DEBUG main            d.u.i.k.p.i.AbstractProblemLoader Init config took 3.6s 
18138      INFO  main            d.u.i.k.p.i.AbstractProblemLoader Replaying proof count2.key 
18145      DEBUG main            d.u.i.k.p.i.IntermediateProofReplayer Proof replay took 7.5ns 
18254      INFO  main            d.u.i.k.p.r.p.TestFile    ... finished proof: closed. 
18460      INFO  main            d.u.i.k.p.i.AbstractProblemLoader Loading environment from /home/runner/work/key/key/key.core/../key.ui/examples/standard_key/pred_log/count2.key.proof 
18460      DEBUG main            d.u.i.k.p.i.AbstractProblemLoader Environment load took 151.5ns 
18465      INFO  main            d.u.i.k.p.i.AbstractProblemLoader Creating init config 
21819      DEBUG main            d.u.i.k.p.i.AbstractProblemLoader Init config took 3.35s 
21844      INFO  main            d.u.i.k.p.i.AbstractProblemLoader Replaying proof count2.key.proof 
21852      DEBUG main            d.u.i.k.p.i.IntermediateProofReplayer Proof replay took 5.27ms 
21853      DEBUG main            d.u.i.k.p.r.p.TestFile    ... success: reloaded. 
21854      INFO  main            d.u.i.k.p.r.p.TestFile    Now processing file /home/runner/work/key/key/key.core/../key.ui/examples/standard_key/pred_log/count3.key 
21855      INFO  main            d.u.i.k.p.i.AbstractProblemLoader Loading environment from /home/runner/work/key/key/key.core/../key.ui/examples/standard_key/pred_log/count3.key 
21855      DEBUG main            d.u.i.k.p.i.AbstractProblemLoader Environment load took 196.1ns 
21856      INFO  main            d.u.i.k.p.i.AbstractProblemLoader Creating init config 
25073      DEBUG main            d.u.i.k.p.i.AbstractProblemLoader Init config took 3.22s 
25098      INFO  main            d.u.i.k.p.i.AbstractProblemLoader Replaying proof count3.key 
25101      DEBUG main            d.u.i.k.p.i.IntermediateProofReplayer Proof replay took 23.3ns 
25204      INFO  main            d.u.i.k.p.r.p.TestFile    ... finished proof: closed. 
25366      INFO  main            d.u.i.k.p.i.AbstractProblemLoader Loading environment from /home/runner/work/key/key/key.core/../key.ui/examples/standard_key/pred_log/count3.key.proof 
25369      DEBUG main            d.u.i.k.p.i.AbstractProblemLoader Environment load took 2.38ms 
25373      INFO  main            d.u.i.k.p.i.AbstractProblemLoader Creating init config 
28489      DEBUG main            d.u.i.k.p.i.AbstractProblemLoader Init config took 3.12s 
28512      INFO  main            d.u.i.k.p.i.AbstractProblemLoader Replaying proof count3.key.proof 
28519      DEBUG main            d.u.i.k.p.i.IntermediateProofReplayer Proof replay took 3.67ms 
28520      DEBUG main            d.u.i.k.p.r.p.TestFile    ... success: reloaded. 
28521      INFO  main            d.u.i.k.p.r.p.TestFile    Now processing file /home/runner/work/key/key/key.core/../key.ui/examples/standard_key/pred_log/equalities.key 
28521      INFO  main            d.u.i.k.p.i.AbstractProblemLoader Loading environment from /home/runner/work/key/key/key.core/../key.ui/examples/standard_key/pred_log/equalities.key 
28522      DEBUG main            d.u.i.k.p.i.AbstractProblemLoader Environment load took 239.1ns 
28523      INFO  main            d.u.i.k.p.i.AbstractProblemLoader Creating init config 
31560      DEBUG main            d.u.i.k.p.i.AbstractProblemLoader Init config took 3.04s 
31581      INFO  main            d.u.i.k.p.i.AbstractProblemLoader Replaying proof equalities.key 
31582      DEBUG main            d.u.i.k.p.i.IntermediateProofReplayer Proof replay took 6.3ns 
31687      INFO  main            d.u.i.k.p.r.p.TestFile    ... finished proof: closed. 
31862      INFO  main            d.u.i.k.p.i.AbstractProblemLoader Loading environment from /home/runner/work/key/key/key.core/../key.ui/examples/standard_key/pred_log/equalities.key.proof 
31863      DEBUG main            d.u.i.k.p.i.AbstractProblemLoader Environment load took 445.61ns 
31864      INFO  main            d.u.i.k.p.i.AbstractProblemLoader Creating init config 
34769      DEBUG main            d.u.i.k.p.i.AbstractProblemLoader Init config took 2.91s 
34794      INFO  main            d.u.i.k.p.i.AbstractProblemLoader Replaying proof equalities.key.proof 
34799      DEBUG main            d.u.i.k.p.i.IntermediateProofReplayer Proof replay took 2.74ms 
34800      DEBUG main            d.u.i.k.p.r.p.TestFile    ... success: reloaded. 
34801      INFO  main            d.u.i.k.p.r.p.TestFile    Now processing file /home/runner/work/key/key/key.core/../key.ui/examples/standard_key/pred_log/equalities2.key 
34802      INFO  main            d.u.i.k.p.i.AbstractProblemLoader Loading environment from /home/runner/work/key/key/key.core/../key.ui/examples/standard_key/pred_log/equalities2.key 
34802      DEBUG main            d.u.i.k.p.i.AbstractProblemLoader Environment load took 193.8ns 
34804      INFO  main            d.u.i.k.p.i.AbstractProblemLoader Creating init config 
37787      DEBUG main            d.u.i.k.p.i.AbstractProblemLoader Init config took 2.98s 
37813      INFO  main            d.u.i.k.p.i.AbstractProblemLoader Replaying proof equalities2.key 
37815      DEBUG main            d.u.i.k.p.i.IntermediateProofReplayer Proof replay took 8.2ns 
37918      INFO  main            d.u.i.k.p.r.p.TestFile    ... finished proof: closed. 
38161      INFO  main            d.u.i.k.p.i.AbstractProblemLoader Loading environment from /home/runner/work/key/key/key.core/../key.ui/examples/standard_key/pred_log/equalities2.key.proof 
38165      DEBUG main            d.u.i.k.p.i.AbstractProblemLoader Environment load took 3.12ms 
38166      INFO  main            d.u.i.k.p.i.AbstractProblemLoader Creating init config 
41221      DEBUG main            d.u.i.k.p.i.AbstractProblemLoader Init config took 3.06s 
41243      INFO  main            d.u.i.k.p.i.AbstractProblemLoader Replaying proof equalities2.key.proof 
41250      DEBUG main            d.u.i.k.p.i.IntermediateProofReplayer Proof replay took 5.08ms 
41251      DEBUG main            d.u.i.k.p.r.p.TestFile    ... success: reloaded. 
41253      INFO  main            d.u.i.k.p.r.p.TestFile    Now processing file /home/runner/work/key/key/key.core/../key.ui/examples/standard_key/pred_log/equalities3.key 
41253      INFO  main            d.u.i.k.p.i.AbstractProblemLoader Loading environment from /home/runner/work/key/key/key.core/../key.ui/examples/standard_key/pred_log/equalities3.key 
41253      DEBUG main            d.u.i.k.p.i.AbstractProblemLoader Environment load took 228.5ns 
41254      INFO  main            d.u.i.k.p.i.AbstractProblemLoader Creating init config 
44251      DEBUG main            d.u.i.k.p.i.AbstractProblemLoader Init config took 3s 
44276      INFO  main            d.u.i.k.p.i.AbstractProblemLoader Replaying proof equalities3.key 
44278      DEBUG main            d.u.i.k.p.i.IntermediateProofReplayer Proof replay took 8.5ns 
44383      INFO  main            d.u.i.k.p.r.p.TestFile    ... finished proof: closed. 
44564      INFO  main            d.u.i.k.p.i.AbstractProblemLoader Loading environment from /home/runner/work/key/key/key.core/../key.ui/examples/standard_key/pred_log/equalities3.key.proof 
44564      DEBUG main            d.u.i.k.p.i.AbstractProblemLoader Environment load took 134.8ns 
44565      INFO  main            d.u.i.k.p.i.AbstractProblemLoader Creating init config 
47432      DEBUG main            d.u.i.k.p.i.AbstractProblemLoader Init config took 2.87s 
47452      INFO  main            d.u.i.k.p.i.AbstractProblemLoader Replaying proof equalities3.key.proof 
47465      DEBUG main            d.u.i.k.p.i.IntermediateProofReplayer Proof replay took 9.86ms 
47466      DEBUG main            d.u.i.k.p.r.p.TestFile    ... success: reloaded. 
47467      INFO  main            d.u.i.k.p.r.p.TestFile    Now processing file /home/runner/work/key/key/key.core/../key.ui/examples/standard_key/pred_log/functions.key 
47467      INFO  main            d.u.i.k.p.i.AbstractProblemLoader Loading environment from /home/runner/work/key/key/key.core/../key.ui/examples/standard_key/pred_log/functions.key 
47468      DEBUG main            d.u.i.k.p.i.AbstractProblemLoader Environment load took 198.3ns 
47469      INFO  main            d.u.i.k.p.i.AbstractProblemLoader Creating init config 
50500      DEBUG main            d.u.i.k.p.i.AbstractProblemLoader Init config took 3.03s 
50519      INFO  main            d.u.i.k.p.i.AbstractProblemLoader Replaying proof functions.key 
50520      DEBUG main            d.u.i.k.p.i.IntermediateProofReplayer Proof replay took 6.4ns 
50624      INFO  main            d.u.i.k.p.r.p.TestFile    ... finished proof: closed. 
50819      INFO  main            d.u.i.k.p.i.AbstractProblemLoader Loading environment from /home/runner/work/key/key/key.core/../key.ui/examples/standard_key/pred_log/functions.key.proof 
50819      DEBUG main            d.u.i.k.p.i.AbstractProblemLoader Environment load took 128.7ns 
50821      INFO  main            d.u.i.k.p.i.AbstractProblemLoader Creating init config 
53748      DEBUG main            d.u.i.k.p.i.AbstractProblemLoader Init config took 2.93s 
53767      INFO  main            d.u.i.k.p.i.AbstractProblemLoader Replaying proof functions.key.proof 
53772      DEBUG main            d.u.i.k.p.i.IntermediateProofReplayer Proof replay took 3.02ms 
53773      DEBUG main            d.u.i.k.p.r.p.TestFile    ... success: reloaded. 
53773      INFO  main            d.u.i.k.p.r.p.TestFile    Now processing file /home/runner/work/key/key/key.core/../key.ui/examples/standard_key/pred_log/mv1.key 
53774      INFO  main            d.u.i.k.p.i.AbstractProblemLoader Loading environment from /home/runner/work/key/key/key.core/../key.ui/examples/standard_key/pred_log/mv1.key 
53774      DEBUG main            d.u.i.k.p.i.AbstractProblemLoader Environment load took 110.7ns 
53775      INFO  main            d.u.i.k.p.i.AbstractProblemLoader Creating init config 
56756      DEBUG main            d.u.i.k.p.i.AbstractProblemLoader Init config took 2.98s 
56777      INFO  main            d.u.i.k.p.i.AbstractProblemLoader Replaying proof mv1.key 
56779      DEBUG main            d.u.i.k.p.i.IntermediateProofReplayer Proof replay took 7.8ns 
56881      INFO  main            d.u.i.k.p.r.p.TestFile    ... finished proof: closed. 
57073      INFO  main            d.u.i.k.p.i.AbstractProblemLoader Loading environment from /home/runner/work/key/key/key.core/../key.ui/examples/standard_key/pred_log/mv1.key.proof 
57073      DEBUG main            d.u.i.k.p.i.AbstractProblemLoader Environment load took 186ns 
57076      INFO  main            d.u.i.k.p.i.AbstractProblemLoader Creating init config 
60005      DEBUG main            d.u.i.k.p.i.AbstractProblemLoader Init config took 2.93s 
60025      INFO  main            d.u.i.k.p.i.AbstractProblemLoader Replaying proof mv1.key.proof 
60029      DEBUG main            d.u.i.k.p.i.IntermediateProofReplayer Proof replay took 1.85ms 
60029      DEBUG main            d.u.i.k.p.r.p.TestFile    ... success: reloaded. 
60030      INFO  main            d.u.i.k.p.r.p.TestFile    Now processing file /home/runner/work/key/key/key.core/../key.ui/examples/standard_key/pred_log/mv2.key 
60031      INFO  main            d.u.i.k.p.i.AbstractProblemLoader Loading environment from /home/runner/work/key/key/key.core/../key.ui/examples/standard_key/pred_log/mv2.key 
60031      DEBUG main            d.u.i.k.p.i.AbstractProblemLoader Environment load took 152.3ns 
60032      INFO  main            d.u.i.k.p.i.AbstractProblemLoader Creating init config 
62919      DEBUG main            d.u.i.k.p.i.AbstractProblemLoader Init config took 2.89s 
62936      INFO  main            d.u.i.k.p.i.AbstractProblemLoader Replaying proof mv2.key 
62938      DEBUG main            d.u.i.k.p.i.IntermediateProofReplayer Proof replay took 7.5ns 
63041      INFO  main            d.u.i.k.p.r.p.TestFile    ... finished proof: closed. 
63292      INFO  main            d.u.i.k.p.i.AbstractProblemLoader Loading environment from /home/runner/work/key/key/key.core/../key.ui/examples/standard_key/pred_log/mv2.key.proof 
63292      DEBUG main            d.u.i.k.p.i.AbstractProblemLoader Environment load took 139ns 
63293      INFO  main            d.u.i.k.p.i.AbstractProblemLoader Creating init config 
66140      DEBUG main            d.u.i.k.p.i.AbstractProblemLoader Init config took 2.85s 
66156      INFO  main            d.u.i.k.p.i.AbstractProblemLoader Replaying proof mv2.key.proof 
66159      DEBUG main            d.u.i.k.p.i.IntermediateProofReplayer Proof replay took 1.63ms 
66160      DEBUG main            d.u.i.k.p.r.p.TestFile    ... success: reloaded. 
66161      INFO  main            d.u.i.k.p.r.p.TestFile    Now processing file /home/runner/work/key/key/key.core/../key.ui/examples/standard_key/pred_log/quantifiers.key 
66161      INFO  main            d.u.i.k.p.i.AbstractProblemLoader Loading environment from /home/runner/work/key/key/key.core/../key.ui/examples/standard_key/pred_log/quantifiers.key 
66161      DEBUG main            d.u.i.k.p.i.AbstractProblemLoader Environment load took 116ns 
66162      INFO  main            d.u.i.k.p.i.AbstractProblemLoader Creating init config 
69068      DEBUG main            d.u.i.k.p.i.AbstractProblemLoader Init config took 2.91s 
69086      INFO  main            d.u.i.k.p.i.AbstractProblemLoader Replaying proof quantifiers.key 
69087      DEBUG main            d.u.i.k.p.i.IntermediateProofReplayer Proof replay took 8.1ns 
69191      INFO  main            d.u.i.k.p.r.p.TestFile    ... finished proof: closed. 
69408      INFO  main            d.u.i.k.p.i.AbstractProblemLoader Loading environment from /home/runner/work/key/key/key.core/../key.ui/examples/standard_key/pred_log/quantifiers.key.proof 
69408      DEBUG main            d.u.i.k.p.i.AbstractProblemLoader Environment load took 159.6ns 
69414      INFO  main            d.u.i.k.p.i.AbstractProblemLoader Creating init config 
72361      DEBUG main            d.u.i.k.p.i.AbstractProblemLoader Init config took 2.95s 
72382      INFO  main            d.u.i.k.p.i.AbstractProblemLoader Replaying proof quantifiers.key.proof 
72391      DEBUG main            d.u.i.k.p.i.IntermediateProofReplayer Proof replay took 7.57ms 
72392      DEBUG main            d.u.i.k.p.r.p.TestFile    ... success: reloaded. 
72393      INFO  main            d.u.i.k.p.r.p.TestFile    Now processing file /home/runner/work/key/key/key.core/../key.ui/examples/standard_key/pred_log/simpleEps.key 
72394      INFO  main            d.u.i.k.p.i.AbstractProblemLoader Loading environment from /home/runner/work/key/key/key.core/../key.ui/examples/standard_key/pred_log/simpleEps.key 
72394      DEBUG main            d.u.i.k.p.i.AbstractProblemLoader Environment load took 260.6ns 
72395      INFO  main            d.u.i.k.p.i.AbstractProblemLoader Creating init config 
75323      DEBUG main            d.u.i.k.p.i.AbstractProblemLoader Init config took 2.93s 
75344      INFO  main            d.u.i.k.p.i.AbstractProblemLoader Replaying proof simpleEps.key 
75346      DEBUG main            d.u.i.k.p.i.IntermediateProofReplayer Proof replay took 7.7ns 
75449      INFO  main            d.u.i.k.p.r.p.TestFile    ... finished proof: closed. 
75672      INFO  main            d.u.i.k.p.i.AbstractProblemLoader Loading environment from /home/runner/work/key/key/key.core/../key.ui/examples/standard_key/pred_log/simpleEps.key.proof 
75672      DEBUG main            d.u.i.k.p.i.AbstractProblemLoader Environment load took 130.1ns 
75673      INFO  main            d.u.i.k.p.i.AbstractProblemLoader Creating init config 
78578      DEBUG main            d.u.i.k.p.i.AbstractProblemLoader Init config took 2.9s 
78594      INFO  main            d.u.i.k.p.i.AbstractProblemLoader Replaying proof simpleEps.key.proof 
78602      DEBUG main            d.u.i.k.p.i.IntermediateProofReplayer Proof replay took 1.68ms 
78604      DEBUG main            d.u.i.k.p.r.p.TestFile    ... success: reloaded. 
78605      INFO  main            d.u.i.k.p.r.p.TestFile    Now processing file /home/runner/work/key/key/key.core/../key.ui/examples/standard_key/pred_log/steam1.key 
78606      INFO  main            d.u.i.k.p.i.AbstractProblemLoader Loading environment from /home/runner/work/key/key/key.core/../key.ui/examples/standard_key/pred_log/steam1.key 
78606      DEBUG main            d.u.i.k.p.i.AbstractProblemLoader Environment load took 254ns 
78609      INFO  main            d.u.i.k.p.i.AbstractProblemLoader Creating init config 
81714      DEBUG main            d.u.i.k.p.i.AbstractProblemLoader Init config took 3.11s 
81745      INFO  main            d.u.i.k.p.i.AbstractProblemLoader Replaying proof steam1.key 
81747      DEBUG main            d.u.i.k.p.i.IntermediateProofReplayer Proof replay took 8.4ns 
82154      INFO  main            d.u.i.k.p.r.p.TestFile    ... finished proof: closed. 
82401      INFO  main            d.u.i.k.p.i.AbstractProblemLoader Loading environment from /home/runner/work/key/key/key.core/../key.ui/examples/standard_key/pred_log/steam1.key.proof 
82402      DEBUG main            d.u.i.k.p.i.AbstractProblemLoader Environment load took 622.31ns 
82404      INFO  main            d.u.i.k.p.i.AbstractProblemLoader Creating init config 
85280      DEBUG main            d.u.i.k.p.i.AbstractProblemLoader Init config took 2.88s 
85303      INFO  main            d.u.i.k.p.i.AbstractProblemLoader Replaying proof steam1.key.proof 
85334      DEBUG main            d.u.i.k.p.i.IntermediateProofReplayer Proof replay took 26.62ms 
85336      DEBUG main            d.u.i.k.p.r.p.TestFile    ... success: reloaded. 
85337      INFO  main            d.u.i.k.p.r.p.TestFile    Now processing file /home/runner/work/key/key/key.core/../key.ui/examples/standard_key/pred_log/tptp/PUZ/PUZ001p1.key 
85337      INFO  main            d.u.i.k.p.i.AbstractProblemLoader Loading environment from /home/runner/work/key/key/key.core/../key.ui/examples/standard_key/pred_log/tptp/PUZ/PUZ001p1.key 
85337      DEBUG main            d.u.i.k.p.i.AbstractProblemLoader Environment load took 109.1ns 
85339      INFO  main            d.u.i.k.p.i.AbstractProblemLoader Creating init config 
88265      DEBUG main            d.u.i.k.p.i.AbstractProblemLoader Init config took 2.93s 
88283      INFO  main            d.u.i.k.p.i.AbstractProblemLoader Replaying proof PUZ001p1.key 
88284      DEBUG main            d.u.i.k.p.i.IntermediateProofReplayer Proof replay took 6.6ns 
92142      INFO  main            d.u.i.k.p.r.p.TestFile    ... finished proof: closed. 
92410      INFO  main            d.u.i.k.p.i.AbstractProblemLoader Loading environment from /home/runner/work/key/key/key.core/../key.ui/examples/standard_key/pred_log/tptp/PUZ/PUZ001p1.key.proof 
92410      DEBUG main            d.u.i.k.p.i.AbstractProblemLoader Environment load took 161ns 
92412      INFO  main            d.u.i.k.p.i.AbstractProblemLoader Creating init config 
95268      DEBUG main            d.u.i.k.p.i.AbstractProblemLoader Init config took 2.86s 
95286      INFO  main            d.u.i.k.p.i.AbstractProblemLoader Replaying proof PUZ001p1.key.proof 
95498      DEBUG main            d.u.i.k.p.i.IntermediateProofReplayer Proof replay took 202.64ms 
95500      DEBUG main            d.u.i.k.p.r.p.TestFile    ... success: reloaded. 
95501      INFO  main            d.u.i.k.p.r.p.TestFile    Now processing file /home/runner/work/key/key/key.core/../key.ui/examples/standard_key/pred_log/tptp/PUZ/PUZ001p1-eq.key 
95502      INFO  main            d.u.i.k.p.i.AbstractProblemLoader Loading environment from /home/runner/work/key/key/key.core/../key.ui/examples/standard_key/pred_log/tptp/PUZ/PUZ001p1-eq.key 
95502      DEBUG main            d.u.i.k.p.i.AbstractProblemLoader Environment load took 231.8ns 
95504      INFO  main            d.u.i.k.p.i.AbstractProblemLoader Creating init config 
98388      DEBUG main            d.u.i.k.p.i.AbstractProblemLoader Init config took 2.88s 
98404      INFO  main            d.u.i.k.p.i.AbstractProblemLoader Replaying proof PUZ001p1-eq.key 
98405      DEBUG main            d.u.i.k.p.i.IntermediateProofReplayer Proof replay took 6.8ns 
98613      INFO  main            d.u.i.k.p.r.p.TestFile    ... finished proof: closed. 
98924      INFO  main            d.u.i.k.p.i.AbstractProblemLoader Loading environment from /home/runner/work/key/key/key.core/../key.ui/examples/standard_key/pred_log/tptp/PUZ/PUZ001p1-eq.key.proof 
98925      DEBUG main            d.u.i.k.p.i.AbstractProblemLoader Environment load took 641.51ns 
98927      INFO  main            d.u.i.k.p.i.AbstractProblemLoader Creating init config 
101817     DEBUG main            d.u.i.k.p.i.AbstractProblemLoader Init config took 2.89s 
101836     INFO  main            d.u.i.k.p.i.AbstractProblemLoader Replaying proof PUZ001p1-eq.key.proof 
101858     DEBUG main            d.u.i.k.p.i.IntermediateProofReplayer Proof replay took 19.13ms 
101860     DEBUG main            d.u.i.k.p.r.p.TestFile    ... success: reloaded. 
101861     INFO  main            d.u.i.k.p.r.p.TestFile    Now processing file /home/runner/work/key/key/key.core/../key.ui/examples/standard_key/pred_log/tptp/PUZ/PUZ031p1.key 
101862     INFO  main            d.u.i.k.p.i.AbstractProblemLoader Loading environment from /home/runner/work/key/key/key.core/../key.ui/examples/standard_key/pred_log/tptp/PUZ/PUZ031p1.key 
101862     DEBUG main            d.u.i.k.p.i.AbstractProblemLoader Environment load took 234ns 
101864     INFO  main            d.u.i.k.p.i.AbstractProblemLoader Creating init config 
104798     DEBUG main            d.u.i.k.p.i.AbstractProblemLoader Init config took 2.93s 
104818     INFO  main            d.u.i.k.p.i.AbstractProblemLoader Replaying proof PUZ031p1.key 
104819     DEBUG main            d.u.i.k.p.i.IntermediateProofReplayer Proof replay took 7.6ns 
114709     INFO  main            d.u.i.k.p.r.p.TestFile    ... finished proof: closed. 
114999     INFO  main            d.u.i.k.p.i.AbstractProblemLoader Loading environment from /home/runner/work/key/key/key.core/../key.ui/examples/standard_key/pred_log/tptp/PUZ/PUZ031p1.key.proof 
115000     DEBUG main            d.u.i.k.p.i.AbstractProblemLoader Environment load took 513.81ns 
115002     INFO  main            d.u.i.k.p.i.AbstractProblemLoader Creating init config 
117891     DEBUG main            d.u.i.k.p.i.AbstractProblemLoader Init config took 2.89s 
117912     INFO  main            d.u.i.k.p.i.AbstractProblemLoader Replaying proof PUZ031p1.key.proof 
118040     DEBUG main            d.u.i.k.p.i.IntermediateProofReplayer Proof replay took 121.5ms 
118042     DEBUG main            d.u.i.k.p.r.p.TestFile    ... success: reloaded. 
118042     INFO  main            d.u.i.k.p.r.p.TestFile    Now processing file /home/runner/work/key/key/key.core/../key.ui/examples/standard_key/pred_log/tptp/SET/SET027p3.key 
118043     INFO  main            d.u.i.k.p.i.AbstractProblemLoader Loading environment from /home/runner/work/key/key/key.core/../key.ui/examples/standard_key/pred_log/tptp/SET/SET027p3.key 
118043     DEBUG main            d.u.i.k.p.i.AbstractProblemLoader Environment load took 127.6ns 
118044     INFO  main            d.u.i.k.p.i.AbstractProblemLoader Creating init config 
121177     DEBUG main            d.u.i.k.p.i.AbstractProblemLoader Init config took 3.13s 
121194     INFO  main            d.u.i.k.p.i.AbstractProblemLoader Replaying proof SET027p3.key 
121195     DEBUG main            d.u.i.k.p.i.IntermediateProofReplayer Proof replay took 8.4ns 
121298     INFO  main            d.u.i.k.p.r.p.TestFile    ... finished proof: closed. 
121587     INFO  main            d.u.i.k.p.i.AbstractProblemLoader Loading environment from /home/runner/work/key/key/key.core/../key.ui/examples/standard_key/pred_log/tptp/SET/SET027p3.key.proof 
121587     DEBUG main            d.u.i.k.p.i.AbstractProblemLoader Environment load took 142.7ns 
121588     INFO  main            d.u.i.k.p.i.AbstractProblemLoader Creating init config 
124583     DEBUG main            d.u.i.k.p.i.AbstractProblemLoader Init config took 3s 
124600     INFO  main            d.u.i.k.p.i.AbstractProblemLoader Replaying proof SET027p3.key.proof 
124609     DEBUG main            d.u.i.k.p.i.IntermediateProofReplayer Proof replay took 7.02ms 
124610     DEBUG main            d.u.i.k.p.r.p.TestFile    ... success: reloaded. 
124611     INFO  main            d.u.i.k.p.r.p.TestFile    Now processing file /home/runner/work/key/key/key.core/../key.ui/examples/standard_key/pred_log/tptp/SET/SET043p1.key 
124612     INFO  main            d.u.i.k.p.i.AbstractProblemLoader Loading environment from /home/runner/work/key/key/key.core/../key.ui/examples/standard_key/pred_log/tptp/SET/SET043p1.key 
124612     DEBUG main            d.u.i.k.p.i.AbstractProblemLoader Environment load took 215.3ns 
124613     INFO  main            d.u.i.k.p.i.AbstractProblemLoader Creating init config 
127546     DEBUG main            d.u.i.k.p.i.AbstractProblemLoader Init config took 2.93s 
127568     INFO  main            d.u.i.k.p.i.AbstractProblemLoader Replaying proof SET043p1.key 
127569     DEBUG main            d.u.i.k.p.i.IntermediateProofReplayer Proof replay took 8.8ns 
127675     INFO  main            d.u.i.k.p.r.p.TestFile    ... finished proof: closed. 
127945     INFO  main            d.u.i.k.p.i.AbstractProblemLoader Loading environment from /home/runner/work/key/key/key.core/../key.ui/examples/standard_key/pred_log/tptp/SET/SET043p1.key.proof 
127945     DEBUG main            d.u.i.k.p.i.AbstractProblemLoader Environment load took 186.1ns 
127949     INFO  main            d.u.i.k.p.i.AbstractProblemLoader Creating init config 
130855     DEBUG main            d.u.i.k.p.i.AbstractProblemLoader Init config took 2.91s 
130873     INFO  main            d.u.i.k.p.i.AbstractProblemLoader Replaying proof SET043p1.key.proof 
130877     DEBUG main            d.u.i.k.p.i.IntermediateProofReplayer Proof replay took 1.9ms 
130878     DEBUG main            d.u.i.k.p.r.p.TestFile    ... success: reloaded. 
130878     INFO  main            d.u.i.k.p.r.p.TestFile    Now processing file /home/runner/work/key/key/key.core/../key.ui/examples/standard_key/pred_log/tptp/SET/SET045p1.key 
130879     INFO  main            d.u.i.k.p.i.AbstractProblemLoader Loading environment from /home/runner/work/key/key/key.core/../key.ui/examples/standard_key/pred_log/tptp/SET/SET045p1.key 
130879     DEBUG main            d.u.i.k.p.i.AbstractProblemLoader Environment load took 119.9ns 
130880     INFO  main            d.u.i.k.p.i.AbstractProblemLoader Creating init config 
134011     DEBUG main            d.u.i.k.p.i.AbstractProblemLoader Init config took 3.13s 
134029     INFO  main            d.u.i.k.p.i.AbstractProblemLoader Replaying proof SET045p1.key 
134031     DEBUG main            d.u.i.k.p.i.IntermediateProofReplayer Proof replay took 9.1ns 
134133     INFO  main            d.u.i.k.p.r.p.TestFile    ... finished proof: closed. 
134429     INFO  main            d.u.i.k.p.i.AbstractProblemLoader Loading environment from /home/runner/work/key/key/key.core/../key.ui/examples/standard_key/pred_log/tptp/SET/SET045p1.key.proof 
134430     DEBUG main            d.u.i.k.p.i.AbstractProblemLoader Environment load took 443.01ns 
134432     INFO  main            d.u.i.k.p.i.AbstractProblemLoader Creating init config 
137434     DEBUG main            d.u.i.k.p.i.AbstractProblemLoader Init config took 3s 
137449     INFO  main            d.u.i.k.p.i.AbstractProblemLoader Replaying proof SET045p1.key.proof 
137456     DEBUG main            d.u.i.k.p.i.IntermediateProofReplayer Proof replay took 5.38ms 
137457     DEBUG main            d.u.i.k.p.r.p.TestFile    ... success: reloaded. 
137457     INFO  main            d.u.i.k.p.r.p.TestFile    Now processing file /home/runner/work/key/key/key.core/../key.ui/examples/standard_key/pred_log/tptp/SET/SET062p3.key 
137458     INFO  main            d.u.i.k.p.i.AbstractProblemLoader Loading environment from /home/runner/work/key/key/key.core/../key.ui/examples/standard_key/pred_log/tptp/SET/SET062p3.key 
137458     DEBUG main            d.u.i.k.p.i.AbstractProblemLoader Environment load took 177.1ns 
137459     INFO  main            d.u.i.k.p.i.AbstractProblemLoader Creating init config 
140288     DEBUG main            d.u.i.k.p.i.AbstractProblemLoader Init config took 2.83s 
140305     INFO  main            d.u.i.k.p.i.AbstractProblemLoader Replaying proof SET062p3.key 
140307     DEBUG main            d.u.i.k.p.i.IntermediateProofReplayer Proof replay took 7.8ns 
140411     INFO  main            d.u.i.k.p.r.p.TestFile    ... finished proof: closed. 
140695     INFO  main            d.u.i.k.p.i.AbstractProblemLoader Loading environment from /home/runner/work/key/key/key.core/../key.ui/examples/standard_key/pred_log/tptp/SET/SET062p3.key.proof 
140695     DEBUG main            d.u.i.k.p.i.AbstractProblemLoader Environment load took 120.2ns 
140696     INFO  main            d.u.i.k.p.i.AbstractProblemLoader Creating init config 
143543     DEBUG main            d.u.i.k.p.i.AbstractProblemLoader Init config took 2.85s 
143561     INFO  main            d.u.i.k.p.i.AbstractProblemLoader Replaying proof SET062p3.key.proof 
143575     DEBUG main            d.u.i.k.p.i.IntermediateProofReplayer Proof replay took 10.82ms 
143576     DEBUG main            d.u.i.k.p.r.p.TestFile    ... success: reloaded. 
143577     INFO  main            d.u.i.k.p.r.p.TestFile    Now processing file /home/runner/work/key/key/key.core/../key.ui/examples/standard_key/pred_log/tptp/SET/SET063p3.key 
143577     INFO  main            d.u.i.k.p.i.AbstractProblemLoader Loading environment from /home/runner/work/key/key/key.core/../key.ui/examples/standard_key/pred_log/tptp/SET/SET063p3.key 
143577     DEBUG main            d.u.i.k.p.i.AbstractProblemLoader Environment load took 215.7ns 
143579     INFO  main            d.u.i.k.p.i.AbstractProblemLoader Creating init config 
146531     DEBUG main            d.u.i.k.p.i.AbstractProblemLoader Init config took 2.95s 
146547     INFO  main            d.u.i.k.p.i.AbstractProblemLoader Replaying proof SET063p3.key 
146548     DEBUG main            d.u.i.k.p.i.IntermediateProofReplayer Proof replay took 8.4ns 
146651     INFO  main            d.u.i.k.p.r.p.TestFile    ... finished proof: closed. 
146939     INFO  main            d.u.i.k.p.i.AbstractProblemLoader Loading environment from /home/runner/work/key/key/key.core/../key.ui/examples/standard_key/pred_log/tptp/SET/SET063p3.key.proof 
146940     DEBUG main            d.u.i.k.p.i.AbstractProblemLoader Environment load took 114.2ns 
146941     INFO  main            d.u.i.k.p.i.AbstractProblemLoader Creating init config 
149610     DEBUG main            d.u.i.k.p.i.AbstractProblemLoader Init config took 2.67s 
149630     INFO  main            d.u.i.k.p.i.AbstractProblemLoader Replaying proof SET063p3.key.proof 
149639     DEBUG main            d.u.i.k.p.i.IntermediateProofReplayer Proof replay took 6.75ms 
149640     DEBUG main            d.u.i.k.p.r.p.TestFile    ... success: reloaded. 
149641     INFO  main            d.u.i.k.p.r.p.TestFile    Now processing file /home/runner/work/key/key/key.core/../key.ui/examples/standard_key/pred_log/tptp/SYN/SYN036p2.key 
149642     INFO  main            d.u.i.k.p.i.AbstractProblemLoader Loading environment from /home/runner/work/key/key/key.core/../key.ui/examples/standard_key/pred_log/tptp/SYN/SYN036p2.key 
149642     DEBUG main            d.u.i.k.p.i.AbstractProblemLoader Environment load took 284.9ns 
149646     INFO  main            d.u.i.k.p.i.AbstractProblemLoader Creating init config 
152509     DEBUG main            d.u.i.k.p.i.AbstractProblemLoader Init config took 2.86s 
152525     INFO  main            d.u.i.k.p.i.AbstractProblemLoader Replaying proof SYN036p2.key 
152526     DEBUG main            d.u.i.k.p.i.IntermediateProofReplayer Proof replay took 9.6ns 
152933     INFO  main            d.u.i.k.p.r.p.TestFile    ... finished proof: closed. 
153238     INFO  main            d.u.i.k.p.i.AbstractProblemLoader Loading environment from /home/runner/work/key/key/key.core/../key.ui/examples/standard_key/pred_log/tptp/SYN/SYN036p2.key.proof 
153239     DEBUG main            d.u.i.k.p.i.AbstractProblemLoader Environment load took 517.51ns 
153241     INFO  main            d.u.i.k.p.i.AbstractProblemLoader Creating init config 
156099     DEBUG main            d.u.i.k.p.i.AbstractProblemLoader Init config took 2.86s 
156115     INFO  main            d.u.i.k.p.i.AbstractProblemLoader Replaying proof SYN036p2.key.proof 
156242     DEBUG main            d.u.i.k.p.i.IntermediateProofReplayer Proof replay took 118.29ms 
156243     DEBUG main            d.u.i.k.p.r.p.TestFile    ... success: reloaded. 
156245     INFO  main            d.u.i.k.p.r.p.TestFile    Now processing file /home/runner/work/key/key/key.core/../key.ui/examples/standard_key/pred_log/tptp/SYN/SYN550p1.key 
156245     INFO  main            d.u.i.k.p.i.AbstractProblemLoader Loading environment from /home/runner/work/key/key/key.core/../key.ui/examples/standard_key/pred_log/tptp/SYN/SYN550p1.key 
156245     DEBUG main            d.u.i.k.p.i.AbstractProblemLoader Environment load took 199.3ns 
156247     INFO  main            d.u.i.k.p.i.AbstractProblemLoader Creating init config 
159041     DEBUG main            d.u.i.k.p.i.AbstractProblemLoader Init config took 2.79s 
159059     INFO  main            d.u.i.k.p.i.AbstractProblemLoader Replaying proof SYN550p1.key 
159061     DEBUG main            d.u.i.k.p.i.IntermediateProofReplayer Proof replay took 8.3ns 
162504     INFO  main            d.u.i.k.p.r.p.TestFile    ... finished proof: closed. 
162859     INFO  main            d.u.i.k.p.i.AbstractProblemLoader Loading environment from /home/runner/work/key/key/key.core/../key.ui/examples/standard_key/pred_log/tptp/SYN/SYN550p1.key.proof 
162859     DEBUG main            d.u.i.k.p.i.AbstractProblemLoader Environment load took 153.9ns 
162861     INFO  main            d.u.i.k.p.i.AbstractProblemLoader Creating init config 
165740     DEBUG main            d.u.i.k.p.i.AbstractProblemLoader Init config took 2.88s 
165756     INFO  main            d.u.i.k.p.i.AbstractProblemLoader Replaying proof SYN550p1.key.proof 
165894     DEBUG main            d.u.i.k.p.i.IntermediateProofReplayer Proof replay took 128.9ms 
165896     DEBUG main            d.u.i.k.p.r.p.TestFile    ... success: reloaded. 
165898     INFO  main            d.u.i.k.p.r.p.TestFile    Now processing file /home/runner/work/key/key/key.core/../key.ui/examples/standard_key/prop_log/reallySimple.key 
165898     INFO  main            d.u.i.k.p.i.AbstractProblemLoader Loading environment from /home/runner/work/key/key/key.core/../key.ui/examples/standard_key/prop_log/reallySimple.key 
165898     DEBUG main            d.u.i.k.p.i.AbstractProblemLoader Environment load took 168.6ns 
165899     INFO  main            d.u.i.k.p.i.AbstractProblemLoader Creating init config 
168747     DEBUG main            d.u.i.k.p.i.AbstractProblemLoader Init config took 2.85s 
168761     INFO  main            d.u.i.k.p.i.AbstractProblemLoader Replaying proof reallySimple.key 
168763     DEBUG main            d.u.i.k.p.i.IntermediateProofReplayer Proof replay took 7.1ns 
168865     INFO  main            d.u.i.k.p.r.p.TestFile    ... finished proof: open goal(s) 
169220     INFO  main            d.u.i.k.p.r.p.TestFile    Now processing file /home/runner/work/key/key/key.core/../key.ui/examples/standard_key/pred_log/sameName1.key 
169221     INFO  main            d.u.i.k.p.i.AbstractProblemLoader Loading environment from /home/runner/work/key/key/key.core/../key.ui/examples/standard_key/pred_log/sameName1.key 
169221     DEBUG main            d.u.i.k.p.i.AbstractProblemLoader Environment load took 147.9ns 
169222     INFO  main            d.u.i.k.p.i.AbstractProblemLoader Creating init config 
172064     DEBUG main            d.u.i.k.p.i.AbstractProblemLoader Init config took 2.84s 
172080     INFO  main            d.u.i.k.p.i.AbstractProblemLoader Replaying proof sameName1.key 
172082     DEBUG main            d.u.i.k.p.i.IntermediateProofReplayer Proof replay took 7.2ns 
172184     INFO  main            d.u.i.k.p.r.p.TestFile    ... finished proof: open goal(s) 
172499     INFO  main            d.u.i.k.p.r.p.TestFile    Now processing file /home/runner/work/key/key/key.core/../key.ui/examples/standard_key/pred_log/jbyteIfEx.key 
172499     INFO  main            d.u.i.k.p.i.AbstractProblemLoader Loading environment from /home/runner/work/key/key/key.core/../key.ui/examples/standard_key/pred_log/jbyteIfEx.key 
172499     DEBUG main            d.u.i.k.p.i.AbstractProblemLoader Environment load took 107.5ns 
172501     INFO  main            d.u.i.k.p.i.AbstractProblemLoader Creating init config 
175497     DEBUG main            d.u.i.k.p.i.AbstractProblemLoader Init config took 3s 
175513     INFO  main            d.u.i.k.p.i.AbstractProblemLoader Replaying proof jbyteIfEx.key 
175515     DEBUG main            d.u.i.k.p.i.IntermediateProofReplayer Proof replay took 8.9ns 
175617     INFO  main            d.u.i.k.p.r.p.TestFile    ... finished proof: closed. 
175934     INFO  main            d.u.i.k.p.i.AbstractProblemLoader Loading environment from /home/runner/work/key/key/key.core/../key.ui/examples/standard_key/pred_log/jbyteIfEx.key.proof 
175934     DEBUG main            d.u.i.k.p.i.AbstractProblemLoader Environment load took 127.7ns 
175936     INFO  main            d.u.i.k.p.i.AbstractProblemLoader Creating init config 
179001     DEBUG main            d.u.i.k.p.i.AbstractProblemLoader Init config took 3.07s 
179018     INFO  main            d.u.i.k.p.i.AbstractProblemLoader Replaying proof jbyteIfEx.key.proof 
179032     DEBUG main            d.u.i.k.p.i.IntermediateProofReplayer Proof replay took 9.81ms 
179033     DEBUG main            d.u.i.k.p.r.p.TestFile    ... success: reloaded. 
179033     INFO  main            d.u.i.k.p.r.p.TestFile    Now processing file /home/runner/work/key/key/key.core/../key.ui/examples/standard_key/prop_log/allClausesLength4.key 
179034     INFO  main            d.u.i.k.p.i.AbstractProblemLoader Loading environment from /home/runner/work/key/key/key.core/../key.ui/examples/standard_key/prop_log/allClausesLength4.key 
179034     DEBUG main            d.u.i.k.p.i.AbstractProblemLoader Environment load took 219.2ns 
179036     INFO  main            d.u.i.k.p.i.AbstractProblemLoader Creating init config 
182212     DEBUG main            d.u.i.k.p.i.AbstractProblemLoader Init config took 3.18s 
182229     INFO  main            d.u.i.k.p.i.AbstractProblemLoader Replaying proof allClausesLength4.key 
182230     DEBUG main            d.u.i.k.p.i.IntermediateProofReplayer Proof replay took 7.4ns 
182334     INFO  main            d.u.i.k.p.r.p.TestFile    ... finished proof: closed. 
182670     INFO  main            d.u.i.k.p.i.AbstractProblemLoader Loading environment from /home/runner/work/key/key/key.core/../key.ui/examples/standard_key/prop_log/allClausesLength4.key.proof 
182671     DEBUG main            d.u.i.k.p.i.AbstractProblemLoader Environment load took 118.2ns 
182672     INFO  main            d.u.i.k.p.i.AbstractProblemLoader Creating init config 
185623     DEBUG main            d.u.i.k.p.i.AbstractProblemLoader Init config took 2.95s 
185640     INFO  main            d.u.i.k.p.i.AbstractProblemLoader Replaying proof allClausesLength4.key.proof 
185661     DEBUG main            d.u.i.k.p.i.IntermediateProofReplayer Proof replay took 17.48ms 
185662     DEBUG main            d.u.i.k.p.r.p.TestFile    ... success: reloaded. 
185663     INFO  main            d.u.i.k.p.r.p.TestFile    Now processing file /home/runner/work/key/key/key.core/../key.ui/examples/standard_key/prop_log/allClausesLength5.key 
185663     INFO  main            d.u.i.k.p.i.AbstractProblemLoader Loading environment from /home/runner/work/key/key/key.core/../key.ui/examples/standard_key/prop_log/allClausesLength5.key 
185663     DEBUG main            d.u.i.k.p.i.AbstractProblemLoader Environment load took 89.5ns 
185665     INFO  main            d.u.i.k.p.i.AbstractProblemLoader Creating init config 
188738     DEBUG main            d.u.i.k.p.i.AbstractProblemLoader Init config took 3.07s 
188757     INFO  main            d.u.i.k.p.i.AbstractProblemLoader Replaying proof allClausesLength5.key 
188759     DEBUG main            d.u.i.k.p.i.IntermediateProofReplayer Proof replay took 8.2ns 
189164     INFO  main            d.u.i.k.p.r.p.TestFile    ... finished proof: closed. 
189521     INFO  main            d.u.i.k.p.i.AbstractProblemLoader Loading environment from /home/runner/work/key/key/key.core/../key.ui/examples/standard_key/prop_log/allClausesLength5.key.proof 
189521     DEBUG main            d.u.i.k.p.i.AbstractProblemLoader Environment load took 487.21ns 
189523     INFO  main            d.u.i.k.p.i.AbstractProblemLoader Creating init config 
192602     DEBUG main            d.u.i.k.p.i.AbstractProblemLoader Init config took 3.08s 
192620     INFO  main            d.u.i.k.p.i.AbstractProblemLoader Replaying proof allClausesLength5.key.proof 
192688     DEBUG main            d.u.i.k.p.i.IntermediateProofReplayer Proof replay took 59.92ms 
192694     DEBUG main            d.u.i.k.p.r.p.TestFile    ... success: reloaded. 
192694     INFO  main            d.u.i.k.p.r.p.TestFile    Now processing file /home/runner/work/key/key/key.core/../key.ui/examples/standard_key/prop_log/doubleNeg.key 
192695     INFO  main            d.u.i.k.p.i.AbstractProblemLoader Loading environment from /home/runner/work/key/key/key.core/../key.ui/examples/standard_key/prop_log/doubleNeg.key 
192695     DEBUG main            d.u.i.k.p.i.AbstractProblemLoader Environment load took 210.8ns 
192696     INFO  main            d.u.i.k.p.i.AbstractProblemLoader Creating init config 
195730     DEBUG main            d.u.i.k.p.i.AbstractProblemLoader Init config took 3.03s 
195746     INFO  main            d.u.i.k.p.i.AbstractProblemLoader Replaying proof doubleNeg.key 
195750     DEBUG main            d.u.i.k.p.i.IntermediateProofReplayer Proof replay took 8.8ns 
195853     INFO  main            d.u.i.k.p.r.p.TestFile    ... finished proof: closed. 
196200     INFO  main            d.u.i.k.p.i.AbstractProblemLoader Loading environment from /home/runner/work/key/key/key.core/../key.ui/examples/standard_key/prop_log/doubleNeg.key.proof 
196200     DEBUG main            d.u.i.k.p.i.AbstractProblemLoader Environment load took 108.6ns 
196201     INFO  main            d.u.i.k.p.i.AbstractProblemLoader Creating init config 
199025     DEBUG main            d.u.i.k.p.i.AbstractProblemLoader Init config took 2.82s 
199039     INFO  main            d.u.i.k.p.i.AbstractProblemLoader Replaying proof doubleNeg.key.proof 
199041     DEBUG main            d.u.i.k.p.i.IntermediateProofReplayer Proof replay took 395.1ns 
199042     DEBUG main            d.u.i.k.p.r.p.TestFile    ... success: reloaded. 
199043     INFO  main            d.u.i.k.p.r.p.TestFile    Now processing file /home/runner/work/key/key/key.core/../key.ui/examples/standard_key/prop_log/liarsville.key 
199043     INFO  main            d.u.i.k.p.i.AbstractProblemLoader Loading environment from /home/runner/work/key/key/key.core/../key.ui/examples/standard_key/prop_log/liarsville.key 
199043     DEBUG main            d.u.i.k.p.i.AbstractProblemLoader Environment load took 184.4ns 
199045     INFO  main            d.u.i.k.p.i.AbstractProblemLoader Creating init config 
202052     DEBUG main            d.u.i.k.p.i.AbstractProblemLoader Init config took 3.01s 
202070     INFO  main            d.u.i.k.p.i.AbstractProblemLoader Replaying proof liarsville.key 
202071     DEBUG main            d.u.i.k.p.i.IntermediateProofReplayer Proof replay took 8ns 
202174     INFO  main            d.u.i.k.p.r.p.TestFile    ... finished proof: closed. 
202630     INFO  main            d.u.i.k.p.i.AbstractProblemLoader Loading environment from /home/runner/work/key/key/key.core/../key.ui/examples/standard_key/prop_log/liarsville.key.proof 
202630     DEBUG main            d.u.i.k.p.i.AbstractProblemLoader Environment load took 121.9ns 
202631     INFO  main            d.u.i.k.p.i.AbstractProblemLoader Creating init config 
205601     DEBUG main            d.u.i.k.p.i.AbstractProblemLoader Init config took 2.97s 
205619     INFO  main            d.u.i.k.p.i.AbstractProblemLoader Replaying proof liarsville.key.proof 
205623     DEBUG main            d.u.i.k.p.i.IntermediateProofReplayer Proof replay took 1.64ms 
205624     DEBUG main            d.u.i.k.p.r.p.TestFile    ... success: reloaded. 
205624     INFO  main            d.u.i.k.p.r.p.TestFile    Now processing file /home/runner/work/key/key/key.core/../key.ui/examples/standard_key/prop_log/simplest.key 
205624     INFO  main            d.u.i.k.p.i.AbstractProblemLoader Loading environment from /home/runner/work/key/key/key.core/../key.ui/examples/standard_key/prop_log/simplest.key 
205624     DEBUG main            d.u.i.k.p.i.AbstractProblemLoader Environment load took 101.8ns 
205626     INFO  main            d.u.i.k.p.i.AbstractProblemLoader Creating init config 
208591     DEBUG main            d.u.i.k.p.i.AbstractProblemLoader Init config took 2.97s 
208609     INFO  main            d.u.i.k.p.i.AbstractProblemLoader Replaying proof simplest.key 
208611     DEBUG main            d.u.i.k.p.i.IntermediateProofReplayer Proof replay took 9ns 
208713     INFO  main            d.u.i.k.p.r.p.TestFile    ... finished proof: closed. 
209067     INFO  main            d.u.i.k.p.i.AbstractProblemLoader Loading environment from /home/runner/work/key/key/key.core/../key.ui/examples/standard_key/prop_log/simplest.key.proof 
209067     DEBUG main            d.u.i.k.p.i.AbstractProblemLoader Environment load took 116.4ns 
209068     INFO  main            d.u.i.k.p.i.AbstractProblemLoader Creating init config 
211997     DEBUG main            d.u.i.k.p.i.AbstractProblemLoader Init config took 2.93s 
212013     INFO  main            d.u.i.k.p.i.AbstractProblemLoader Replaying proof simplest.key.proof 
212015     DEBUG main            d.u.i.k.p.i.IntermediateProofReplayer Proof replay took 125.6ns 
212016     DEBUG main            d.u.i.k.p.r.p.TestFile    ... success: reloaded. 
212016     INFO  main            d.u.i.k.p.r.p.TestFile    Now processing file /home/runner/work/key/key/key.core/../key.ui/examples/standard_key/prop_log/contraposition.key 
212016     INFO  main            d.u.i.k.p.i.AbstractProblemLoader Loading environment from /home/runner/work/key/key/key.core/../key.ui/examples/standard_key/prop_log/contraposition.key 
212016     DEBUG main            d.u.i.k.p.i.AbstractProblemLoader Environment load took 78.1ns 
212017     INFO  main            d.u.i.k.p.i.AbstractProblemLoader Creating init config 
214990     DEBUG main            d.u.i.k.p.i.AbstractProblemLoader Init config took 2.97s 
215006     INFO  main            d.u.i.k.p.i.AbstractProblemLoader Replaying proof contraposition.key 
215008     DEBUG main            d.u.i.k.p.i.IntermediateProofReplayer Proof replay took 7.6ns 
215110     INFO  main            d.u.i.k.p.r.p.TestFile    ... finished proof: closed. 
215478     INFO  main            d.u.i.k.p.i.AbstractProblemLoader Loading environment from /home/runner/work/key/key/key.core/../key.ui/examples/standard_key/prop_log/contraposition.key.proof 
215479     DEBUG main            d.u.i.k.p.i.AbstractProblemLoader Environment load took 116.1ns 
215480     INFO  main            d.u.i.k.p.i.AbstractProblemLoader Creating init config 
218404     DEBUG main            d.u.i.k.p.i.AbstractProblemLoader Init config took 2.92s 
218419     INFO  main            d.u.i.k.p.i.AbstractProblemLoader Replaying proof contraposition.key.proof 
218422     DEBUG main            d.u.i.k.p.i.IntermediateProofReplayer Proof replay took 682.81ns 
218423     DEBUG main            d.u.i.k.p.r.p.TestFile    ... success: reloaded. 
218424     INFO  main            d.u.i.k.p.r.p.TestFile    Now processing file /home/runner/work/key/key/key.core/../key.ui/examples/standard_key/quantifiers/elimination0.key 
218424     INFO  main            d.u.i.k.p.i.AbstractProblemLoader Loading environment from /home/runner/work/key/key/key.core/../key.ui/examples/standard_key/quantifiers/elimination0.key 
218424     DEBUG main            d.u.i.k.p.i.AbstractProblemLoader Environment load took 62.9ns 
218425     INFO  main            d.u.i.k.p.i.AbstractProblemLoader Creating init config 
221287     DEBUG main            d.u.i.k.p.i.AbstractProblemLoader Init config took 2.86s 
221304     INFO  main            d.u.i.k.p.i.AbstractProblemLoader Replaying proof elimination0.key 
221307     DEBUG main            d.u.i.k.p.i.IntermediateProofReplayer Proof replay took 7.8ns 
221409     INFO  main            d.u.i.k.p.r.p.TestFile    ... finished proof: closed. 
221783     INFO  main            d.u.i.k.p.i.AbstractProblemLoader Loading environment from /home/runner/work/key/key/key.core/../key.ui/examples/standard_key/quantifiers/elimination0.key.proof 
221783     DEBUG main            d.u.i.k.p.i.AbstractProblemLoader Environment load took 115.4ns 
221784     INFO  main            d.u.i.k.p.i.AbstractProblemLoader Creating init config 
224508     DEBUG main            d.u.i.k.p.i.AbstractProblemLoader Init config took 2.72s 
224521     INFO  main            d.u.i.k.p.i.AbstractProblemLoader Replaying proof elimination0.key.proof 
224524     DEBUG main            d.u.i.k.p.i.IntermediateProofReplayer Proof replay took 1.26ms 
224525     DEBUG main            d.u.i.k.p.r.p.TestFile    ... success: reloaded. 
224526     INFO  main            d.u.i.k.p.r.p.TestFile    Now processing file /home/runner/work/key/key/key.core/../key.ui/examples/standard_key/quantifiers/heuristic_PUZ001p1-eq.key 
224526     INFO  main            d.u.i.k.p.i.AbstractProblemLoader Loading environment from /home/runner/work/key/key/key.core/../key.ui/examples/standard_key/quantifiers/heuristic_PUZ001p1-eq.key 
224526     DEBUG main            d.u.i.k.p.i.AbstractProblemLoader Environment load took 81.6ns 
224528     INFO  main            d.u.i.k.p.i.AbstractProblemLoader Creating init config 
227402     DEBUG main            d.u.i.k.p.i.AbstractProblemLoader Init config took 2.87s 
227418     INFO  main            d.u.i.k.p.i.AbstractProblemLoader Replaying proof heuristic_PUZ001p1-eq.key 
227420     DEBUG main            d.u.i.k.p.i.IntermediateProofReplayer Proof replay took 7ns 
227523     INFO  main            d.u.i.k.p.r.p.TestFile    ... finished proof: closed. 
227891     INFO  main            d.u.i.k.p.i.AbstractProblemLoader Loading environment from /home/runner/work/key/key/key.core/../key.ui/examples/standard_key/quantifiers/heuristic_PUZ001p1-eq.key.proof 
227891     DEBUG main            d.u.i.k.p.i.AbstractProblemLoader Environment load took 110.4ns 
227893     INFO  main            d.u.i.k.p.i.AbstractProblemLoader Creating init config 
230627     DEBUG main            d.u.i.k.p.i.AbstractProblemLoader Init config took 2.73s 
230644     INFO  main            d.u.i.k.p.i.AbstractProblemLoader Replaying proof heuristic_PUZ001p1-eq.key.proof 
230671     DEBUG main            d.u.i.k.p.i.IntermediateProofReplayer Proof replay took 21.11ms 
230673     DEBUG main            d.u.i.k.p.r.p.TestFile    ... success: reloaded. 
230675     INFO  main            d.u.i.k.p.r.p.TestFile    Now processing file /home/runner/work/key/key/key.core/../key.ui/examples/standard_key/quantifiers/heuristic_PUZ001p1.key 
230675     INFO  main            d.u.i.k.p.i.AbstractProblemLoader Loading environment from /home/runner/work/key/key/key.core/../key.ui/examples/standard_key/quantifiers/heuristic_PUZ001p1.key 
230675     DEBUG main            d.u.i.k.p.i.AbstractProblemLoader Environment load took 107ns 
230677     INFO  main            d.u.i.k.p.i.AbstractProblemLoader Creating init config 
233516     DEBUG main            d.u.i.k.p.i.AbstractProblemLoader Init config took 2.84s 
233538     INFO  main            d.u.i.k.p.i.AbstractProblemLoader Replaying proof heuristic_PUZ001p1.key 
233540     DEBUG main            d.u.i.k.p.i.IntermediateProofReplayer Proof replay took 8ns 
235246     INFO  main            d.u.i.k.p.r.p.TestFile    ... finished proof: closed. 
235641     INFO  main            d.u.i.k.p.i.AbstractProblemLoader Loading environment from /home/runner/work/key/key/key.core/../key.ui/examples/standard_key/quantifiers/heuristic_PUZ001p1.key.proof 
235641     DEBUG main            d.u.i.k.p.i.AbstractProblemLoader Environment load took 420.01ns 
235643     INFO  main            d.u.i.k.p.i.AbstractProblemLoader Creating init config 
238485     DEBUG main            d.u.i.k.p.i.AbstractProblemLoader Init config took 2.84s 
238503     INFO  main            d.u.i.k.p.i.AbstractProblemLoader Replaying proof heuristic_PUZ001p1.key.proof 
238566     DEBUG main            d.u.i.k.p.i.IntermediateProofReplayer Proof replay took 57.44ms 
238568     DEBUG main            d.u.i.k.p.r.p.TestFile    ... success: reloaded. 
238569     INFO  main            d.u.i.k.p.r.p.TestFile    Now processing file /home/runner/work/key/key/key.core/../key.ui/examples/standard_key/quantifiers/heuristic_PUZ031p1.key 
238569     INFO  main            d.u.i.k.p.i.AbstractProblemLoader Loading environment from /home/runner/work/key/key/key.core/../key.ui/examples/standard_key/quantifiers/heuristic_PUZ031p1.key 
238569     DEBUG main            d.u.i.k.p.i.AbstractProblemLoader Environment load took 116.2ns 
238571     INFO  main            d.u.i.k.p.i.AbstractProblemLoader Creating init config 
241443     DEBUG main            d.u.i.k.p.i.AbstractProblemLoader Init config took 2.87s 
241457     INFO  main            d.u.i.k.p.i.AbstractProblemLoader Replaying proof heuristic_PUZ031p1.key 
241459     DEBUG main            d.u.i.k.p.i.IntermediateProofReplayer Proof replay took 6.9ns 
246913     INFO  main            d.u.i.k.p.r.p.TestFile    ... finished proof: closed. 
247337     INFO  main            d.u.i.k.p.i.AbstractProblemLoader Loading environment from /home/runner/work/key/key/key.core/../key.ui/examples/standard_key/quantifiers/heuristic_PUZ031p1.key.proof 
247340     DEBUG main            d.u.i.k.p.i.AbstractProblemLoader Environment load took 3.51ms 
247343     INFO  main            d.u.i.k.p.i.AbstractProblemLoader Creating init config 
250185     DEBUG main            d.u.i.k.p.i.AbstractProblemLoader Init config took 2.84s 
250202     INFO  main            d.u.i.k.p.i.AbstractProblemLoader Replaying proof heuristic_PUZ031p1.key.proof 
250267     DEBUG main            d.u.i.k.p.i.IntermediateProofReplayer Proof replay took 60.91ms 
250269     DEBUG main            d.u.i.k.p.r.p.TestFile    ... success: reloaded. 
250270     INFO  main            d.u.i.k.p.r.p.TestFile    Now processing file /home/runner/work/key/key/key.core/../key.ui/examples/standard_key/quantifiers/heuristic_SYN036p2.key 
250270     INFO  main            d.u.i.k.p.i.AbstractProblemLoader Loading environment from /home/runner/work/key/key/key.core/../key.ui/examples/standard_key/quantifiers/heuristic_SYN036p2.key 
250270     DEBUG main            d.u.i.k.p.i.AbstractProblemLoader Environment load took 164.6ns 
250272     INFO  main            d.u.i.k.p.i.AbstractProblemLoader Creating init config 
253111     DEBUG main            d.u.i.k.p.i.AbstractProblemLoader Init config took 2.84s 
253126     INFO  main            d.u.i.k.p.i.AbstractProblemLoader Replaying proof heuristic_SYN036p2.key 
253128     DEBUG main            d.u.i.k.p.i.IntermediateProofReplayer Proof replay took 8ns 
253434     INFO  main            d.u.i.k.p.r.p.TestFile    ... finished proof: closed. 
253871     INFO  main            d.u.i.k.p.i.AbstractProblemLoader Loading environment from /home/runner/work/key/key/key.core/../key.ui/examples/standard_key/quantifiers/heuristic_SYN036p2.key.proof 
253872     DEBUG main            d.u.i.k.p.i.AbstractProblemLoader Environment load took 541.81ns 
253874     INFO  main            d.u.i.k.p.i.AbstractProblemLoader Creating init config 
256620     DEBUG main            d.u.i.k.p.i.AbstractProblemLoader Init config took 2.75s 
256636     INFO  main            d.u.i.k.p.i.AbstractProblemLoader Replaying proof heuristic_SYN036p2.key.proof 
256724     DEBUG main            d.u.i.k.p.i.IntermediateProofReplayer Proof replay took 77.73ms 
256725     DEBUG main            d.u.i.k.p.r.p.TestFile    ... success: reloaded. 
256726     INFO  main            d.u.i.k.p.r.p.TestFile    Now processing file /home/runner/work/key/key/key.core/../key.ui/examples/standard_key/quantifiers/injectivity.key 
256726     INFO  main            d.u.i.k.p.i.AbstractProblemLoader Loading environment from /home/runner/work/key/key/key.core/../key.ui/examples/standard_key/quantifiers/injectivity.key 
256727     DEBUG main            d.u.i.k.p.i.AbstractProblemLoader Environment load took 113ns 
256728     INFO  main            d.u.i.k.p.i.AbstractProblemLoader Creating init config 
259607     DEBUG main            d.u.i.k.p.i.AbstractProblemLoader Init config took 2.88s 
259621     INFO  main            d.u.i.k.p.i.AbstractProblemLoader Replaying proof injectivity.key 
259622     DEBUG main            d.u.i.k.p.i.IntermediateProofReplayer Proof replay took 7.7ns 
259724     INFO  main            d.u.i.k.p.r.p.TestFile    ... finished proof: closed. 
260121     INFO  main            d.u.i.k.p.i.AbstractProblemLoader Loading environment from /home/runner/work/key/key/key.core/../key.ui/examples/standard_key/quantifiers/injectivity.key.proof 
260122     DEBUG main            d.u.i.k.p.i.AbstractProblemLoader Environment load took 122.3ns 
260123     INFO  main            d.u.i.k.p.i.AbstractProblemLoader Creating init config 
262803     DEBUG main            d.u.i.k.p.i.AbstractProblemLoader Init config took 2.68s 
262819     INFO  main            d.u.i.k.p.i.AbstractProblemLoader Replaying proof injectivity.key.proof 
262822     DEBUG main            d.u.i.k.p.i.IntermediateProofReplayer Proof replay took 1.96ms 
262823     DEBUG main            d.u.i.k.p.r.p.TestFile    ... success: reloaded. 
262825     INFO  main            d.u.i.k.p.r.p.TestFile    Now processing file /home/runner/work/key/key/key.core/../key.ui/examples/standard_key/quantifiers/normalisation0.key 
262825     INFO  main            d.u.i.k.p.i.AbstractProblemLoader Loading environment from /home/runner/work/key/key/key.core/../key.ui/examples/standard_key/quantifiers/normalisation0.key 
262826     DEBUG main            d.u.i.k.p.i.AbstractProblemLoader Environment load took 99.7ns 
262827     INFO  main            d.u.i.k.p.i.AbstractProblemLoader Creating init config 
265602     DEBUG main            d.u.i.k.p.i.AbstractProblemLoader Init config took 2.77s 
265619     INFO  main            d.u.i.k.p.i.AbstractProblemLoader Replaying proof normalisation0.key 
265625     DEBUG main            d.u.i.k.p.i.IntermediateProofReplayer Proof replay took 8.6ns 
265731     INFO  main            d.u.i.k.p.r.p.TestFile    ... finished proof: closed. 
266144     INFO  main            d.u.i.k.p.i.AbstractProblemLoader Loading environment from /home/runner/work/key/key/key.core/../key.ui/examples/standard_key/quantifiers/normalisation0.key.proof 
266144     DEBUG main            d.u.i.k.p.i.AbstractProblemLoader Environment load took 168.1ns 
266146     INFO  main            d.u.i.k.p.i.AbstractProblemLoader Creating init config 
268951     DEBUG main            d.u.i.k.p.i.AbstractProblemLoader Init config took 2.81s 
268966     INFO  main            d.u.i.k.p.i.AbstractProblemLoader Replaying proof normalisation0.key.proof 
268970     DEBUG main            d.u.i.k.p.i.IntermediateProofReplayer Proof replay took 2.87ms 
268971     DEBUG main            d.u.i.k.p.r.p.TestFile    ... success: reloaded. 
268972     INFO  main            d.u.i.k.p.r.p.TestFile    Now processing file /home/runner/work/key/key/key.core/../key.ui/examples/standard_key/quantifiers/normalisation1.key 
268972     INFO  main            d.u.i.k.p.i.AbstractProblemLoader Loading environment from /home/runner/work/key/key/key.core/../key.ui/examples/standard_key/quantifiers/normalisation1.key 
268972     DEBUG main            d.u.i.k.p.i.AbstractProblemLoader Environment load took 97.4ns 
268973     INFO  main            d.u.i.k.p.i.AbstractProblemLoader Creating init config 
271877     DEBUG main            d.u.i.k.p.i.AbstractProblemLoader Init config took 2.9s 
271892     INFO  main            d.u.i.k.p.i.AbstractProblemLoader Replaying proof normalisation1.key 
271894     DEBUG main            d.u.i.k.p.i.IntermediateProofReplayer Proof replay took 7.7ns 
272000     INFO  main            d.u.i.k.p.r.p.TestFile    ... finished proof: closed. 
272403     INFO  main            d.u.i.k.p.i.AbstractProblemLoader Loading environment from /home/runner/work/key/key/key.core/../key.ui/examples/standard_key/quantifiers/normalisation1.key.proof 
272403     DEBUG main            d.u.i.k.p.i.AbstractProblemLoader Environment load took 110.1ns 
272404     INFO  main            d.u.i.k.p.i.AbstractProblemLoader Creating init config 
274999     DEBUG main            d.u.i.k.p.i.AbstractProblemLoader Init config took 2.59s 
275025     INFO  main            d.u.i.k.p.i.AbstractProblemLoader Replaying proof normalisation1.key.proof 
275029     DEBUG main            d.u.i.k.p.i.IntermediateProofReplayer Proof replay took 2.66ms 
275030     DEBUG main            d.u.i.k.p.r.p.TestFile    ... success: reloaded. 
275031     INFO  main            d.u.i.k.p.r.p.TestFile    Now processing file /home/runner/work/key/key/key.core/../key.ui/examples/standard_key/quantifiers/normalisation2.key 
275031     INFO  main            d.u.i.k.p.i.AbstractProblemLoader Loading environment from /home/runner/work/key/key/key.core/../key.ui/examples/standard_key/quantifiers/normalisation2.key 
275031     DEBUG main            d.u.i.k.p.i.AbstractProblemLoader Environment load took 93.2ns 
275032     INFO  main            d.u.i.k.p.i.AbstractProblemLoader Creating init config 
277644     DEBUG main            d.u.i.k.p.i.AbstractProblemLoader Init config took 2.61s 
277661     INFO  main            d.u.i.k.p.i.AbstractProblemLoader Replaying proof normalisation2.key 
277663     DEBUG main            d.u.i.k.p.i.IntermediateProofReplayer Proof replay took 7.8ns 
277766     INFO  main            d.u.i.k.p.r.p.TestFile    ... finished proof: closed. 
278188     INFO  main            d.u.i.k.p.i.AbstractProblemLoader Loading environment from /home/runner/work/key/key/key.core/../key.ui/examples/standard_key/quantifiers/normalisation2.key.proof 
278188     DEBUG main            d.u.i.k.p.i.AbstractProblemLoader Environment load took 106.8ns 
278189     INFO  main            d.u.i.k.p.i.AbstractProblemLoader Creating init config 
280920     DEBUG main            d.u.i.k.p.i.AbstractProblemLoader Init config took 2.73s 
280936     INFO  main            d.u.i.k.p.i.AbstractProblemLoader Replaying proof normalisation2.key.proof 
280940     DEBUG main            d.u.i.k.p.i.IntermediateProofReplayer Proof replay took 2.79ms 
280941     DEBUG main            d.u.i.k.p.r.p.TestFile    ... success: reloaded. 
280942     INFO  main            d.u.i.k.p.r.p.TestFile    Now processing file /home/runner/work/key/key/key.core/../key.ui/examples/standard_key/quantifiers/normalisation3.key 
280942     INFO  main            d.u.i.k.p.i.AbstractProblemLoader Loading environment from /home/runner/work/key/key/key.core/../key.ui/examples/standard_key/quantifiers/normalisation3.key 
280943     DEBUG main            d.u.i.k.p.i.AbstractProblemLoader Environment load took 298ns 
280944     INFO  main            d.u.i.k.p.i.AbstractProblemLoader Creating init config 
283588     DEBUG main            d.u.i.k.p.i.AbstractProblemLoader Init config took 2.64s 
283603     INFO  main            d.u.i.k.p.i.AbstractProblemLoader Replaying proof normalisation3.key 
283605     DEBUG main            d.u.i.k.p.i.IntermediateProofReplayer Proof replay took 7.7ns 
283711     INFO  main            d.u.i.k.p.r.p.TestFile    ... finished proof: closed. 
284112     INFO  main            d.u.i.k.p.i.AbstractProblemLoader Loading environment from /home/runner/work/key/key/key.core/../key.ui/examples/standard_key/quantifiers/normalisation3.key.proof 
284112     DEBUG main            d.u.i.k.p.i.AbstractProblemLoader Environment load took 106.5ns 
284114     INFO  main            d.u.i.k.p.i.AbstractProblemLoader Creating init config 
286670     DEBUG main            d.u.i.k.p.i.AbstractProblemLoader Init config took 2.56s 
286688     INFO  main            d.u.i.k.p.i.AbstractProblemLoader Replaying proof normalisation3.key.proof 
286693     DEBUG main            d.u.i.k.p.i.IntermediateProofReplayer Proof replay took 2.98ms 
286694     DEBUG main            d.u.i.k.p.r.p.TestFile    ... success: reloaded. 
286695     INFO  main            d.u.i.k.p.r.p.TestFile    Now processing file /home/runner/work/key/key/key.core/../key.ui/examples/standard_key/quantifiers/normalisation4.key 
286696     INFO  main            d.u.i.k.p.i.AbstractProblemLoader Loading environment from /home/runner/work/key/key/key.core/../key.ui/examples/standard_key/quantifiers/normalisation4.key 
286696     DEBUG main            d.u.i.k.p.i.AbstractProblemLoader Environment load took 136ns 
286697     INFO  main            d.u.i.k.p.i.AbstractProblemLoader Creating init config 
289529     DEBUG main            d.u.i.k.p.i.AbstractProblemLoader Init config took 2.83s 
289544     INFO  main            d.u.i.k.p.i.AbstractProblemLoader Replaying proof normalisation4.key 
289546     DEBUG main            d.u.i.k.p.i.IntermediateProofReplayer Proof replay took 7.7ns 
289648     INFO  main            d.u.i.k.p.r.p.TestFile    ... finished proof: closed. 
290099     INFO  main            d.u.i.k.p.i.AbstractProblemLoader Loading environment from /home/runner/work/key/key/key.core/../key.ui/examples/standard_key/quantifiers/normalisation4.key.proof 
290099     DEBUG main            d.u.i.k.p.i.AbstractProblemLoader Environment load took 113.6ns 
290101     INFO  main            d.u.i.k.p.i.AbstractProblemLoader Creating init config 
292703     DEBUG main            d.u.i.k.p.i.AbstractProblemLoader Init config took 2.6s 
292718     INFO  main            d.u.i.k.p.i.AbstractProblemLoader Replaying proof normalisation4.key.proof 
292725     DEBUG main            d.u.i.k.p.i.IntermediateProofReplayer Proof replay took 5.46ms 
292726     DEBUG main            d.u.i.k.p.r.p.TestFile    ... success: reloaded. 
292728     INFO  main            d.u.i.k.p.r.p.TestFile    Now processing file /home/runner/work/key/key/key.core/../key.ui/examples/standard_key/quantifiers/normalisation5.key 
292728     INFO  main            d.u.i.k.p.i.AbstractProblemLoader Loading environment from /home/runner/work/key/key/key.core/../key.ui/examples/standard_key/quantifiers/normalisation5.key 
292728     DEBUG main            d.u.i.k.p.i.AbstractProblemLoader Environment load took 99.8ns 
292729     INFO  main            d.u.i.k.p.i.AbstractProblemLoader Creating init config 
295408     DEBUG main            d.u.i.k.p.i.AbstractProblemLoader Init config took 2.68s 
295422     INFO  main            d.u.i.k.p.i.AbstractProblemLoader Replaying proof normalisation5.key 
295424     DEBUG main            d.u.i.k.p.i.IntermediateProofReplayer Proof replay took 7.7ns 
295526     INFO  main            d.u.i.k.p.r.p.TestFile    ... finished proof: closed. 
295968     INFO  main            d.u.i.k.p.i.AbstractProblemLoader Loading environment from /home/runner/work/key/key/key.core/../key.ui/examples/standard_key/quantifiers/normalisation5.key.proof 
295968     DEBUG main            d.u.i.k.p.i.AbstractProblemLoader Environment load took 93.4ns 
295969     INFO  main            d.u.i.k.p.i.AbstractProblemLoader Creating init config 
298633     DEBUG main            d.u.i.k.p.i.AbstractProblemLoader Init config took 2.66s 
298649     INFO  main            d.u.i.k.p.i.AbstractProblemLoader Replaying proof normalisation5.key.proof 
298656     DEBUG main            d.u.i.k.p.i.IntermediateProofReplayer Proof replay took 5.22ms 
298657     DEBUG main            d.u.i.k.p.r.p.TestFile    ... success: reloaded. 
298658     INFO  main            d.u.i.k.p.r.p.TestFile    Now processing file /home/runner/work/key/key/key.core/../key.ui/examples/standard_key/quantifiers/normalisation6.key 
298658     INFO  main            d.u.i.k.p.i.AbstractProblemLoader Loading environment from /home/runner/work/key/key/key.core/../key.ui/examples/standard_key/quantifiers/normalisation6.key 
298659     DEBUG main            d.u.i.k.p.i.AbstractProblemLoader Environment load took 127ns 
298660     INFO  main            d.u.i.k.p.i.AbstractProblemLoader Creating init config 
301394     DEBUG main            d.u.i.k.p.i.AbstractProblemLoader Init config took 2.73s 
301410     INFO  main            d.u.i.k.p.i.AbstractProblemLoader Replaying proof normalisation6.key 
301411     DEBUG main            d.u.i.k.p.i.IntermediateProofReplayer Proof replay took 8.4ns 
301515     INFO  main            d.u.i.k.p.r.p.TestFile    ... finished proof: closed. 
301949     INFO  main            d.u.i.k.p.i.AbstractProblemLoader Loading environment from /home/runner/work/key/key/key.core/../key.ui/examples/standard_key/quantifiers/normalisation6.key.proof 
301949     DEBUG main            d.u.i.k.p.i.AbstractProblemLoader Environment load took 80ns 
301950     INFO  main            d.u.i.k.p.i.AbstractProblemLoader Creating init config 
304572     DEBUG main            d.u.i.k.p.i.AbstractProblemLoader Init config took 2.62s 
304587     INFO  main            d.u.i.k.p.i.AbstractProblemLoader Replaying proof normalisation6.key.proof 
304592     DEBUG main            d.u.i.k.p.i.IntermediateProofReplayer Proof replay took 3.66ms 
304593     DEBUG main            d.u.i.k.p.r.p.TestFile    ... success: reloaded. 
304595     INFO  main            d.u.i.k.p.r.p.TestFile    Now processing file /home/runner/work/key/key/key.core/../key.ui/examples/standard_key/quantifiers/normalisation7.key 
304595     INFO  main            d.u.i.k.p.i.AbstractProblemLoader Loading environment from /home/runner/work/key/key/key.core/../key.ui/examples/standard_key/quantifiers/normalisation7.key 
304595     DEBUG main            d.u.i.k.p.i.AbstractProblemLoader Environment load took 107.4ns 
304596     INFO  main            d.u.i.k.p.i.AbstractProblemLoader Creating init config 
307226     DEBUG main            d.u.i.k.p.i.AbstractProblemLoader Init config took 2.63s 
307242     INFO  main            d.u.i.k.p.i.AbstractProblemLoader Replaying proof normalisation7.key 
307243     DEBUG main            d.u.i.k.p.i.IntermediateProofReplayer Proof replay took 6.7ns 
307345     INFO  main            d.u.i.k.p.r.p.TestFile    ... finished proof: closed. 
307769     INFO  main            d.u.i.k.p.i.AbstractProblemLoader Loading environment from /home/runner/work/key/key/key.core/../key.ui/examples/standard_key/quantifiers/normalisation7.key.proof 
307769     DEBUG main            d.u.i.k.p.i.AbstractProblemLoader Environment load took 94.9ns 
307771     INFO  main            d.u.i.k.p.i.AbstractProblemLoader Creating init config 
310509     DEBUG main            d.u.i.k.p.i.AbstractProblemLoader Init config took 2.74s 
310528     INFO  main            d.u.i.k.p.i.AbstractProblemLoader Replaying proof normalisation7.key.proof 
310533     DEBUG main            d.u.i.k.p.i.IntermediateProofReplayer Proof replay took 2.41ms 
310534     DEBUG main            d.u.i.k.p.r.p.TestFile    ... success: reloaded. 
310537     INFO  main            d.u.i.k.p.r.p.TestFile    Now processing file /home/runner/work/key/key/key.core/../key.ui/examples/standard_key/quantifiers/normalisation8.key 
310537     INFO  main            d.u.i.k.p.i.AbstractProblemLoader Loading environment from /home/runner/work/key/key/key.core/../key.ui/examples/standard_key/quantifiers/normalisation8.key 
310537     DEBUG main            d.u.i.k.p.i.AbstractProblemLoader Environment load took 85.9ns 
310539     INFO  main            d.u.i.k.p.i.AbstractProblemLoader Creating init config 
313247     DEBUG main            d.u.i.k.p.i.AbstractProblemLoader Init config took 2.71s 
313264     INFO  main            d.u.i.k.p.i.AbstractProblemLoader Replaying proof normalisation8.key 
313266     DEBUG main            d.u.i.k.p.i.IntermediateProofReplayer Proof replay took 8.4ns 
313368     INFO  main            d.u.i.k.p.r.p.TestFile    ... finished proof: closed. 
313830     INFO  main            d.u.i.k.p.i.AbstractProblemLoader Loading environment from /home/runner/work/key/key/key.core/../key.ui/examples/standard_key/quantifiers/normalisation8.key.proof 
313831     DEBUG main            d.u.i.k.p.i.AbstractProblemLoader Environment load took 389.9ns 
313832     INFO  main            d.u.i.k.p.i.AbstractProblemLoader Creating init config 
316450     DEBUG main            d.u.i.k.p.i.AbstractProblemLoader Init config took 2.62s 
316464     INFO  main            d.u.i.k.p.i.AbstractProblemLoader Replaying proof normalisation8.key.proof 
316471     DEBUG main            d.u.i.k.p.i.IntermediateProofReplayer Proof replay took 5.93ms 
316472     DEBUG main            d.u.i.k.p.r.p.TestFile    ... success: reloaded. 
316473     INFO  main            d.u.i.k.p.r.p.TestFile    Now processing file /home/runner/work/key/key/key.core/../key.ui/examples/standard_key/quantifiers/normalisation9.key 
316473     INFO  main            d.u.i.k.p.i.AbstractProblemLoader Loading environment from /home/runner/work/key/key/key.core/../key.ui/examples/standard_key/quantifiers/normalisation9.key 
316473     DEBUG main            d.u.i.k.p.i.AbstractProblemLoader Environment load took 102.8ns 
316474     INFO  main            d.u.i.k.p.i.AbstractProblemLoader Creating init config 
319162     DEBUG main            d.u.i.k.p.i.AbstractProblemLoader Init config took 2.69s 
319176     INFO  main            d.u.i.k.p.i.AbstractProblemLoader Replaying proof normalisation9.key 
319177     DEBUG main            d.u.i.k.p.i.IntermediateProofReplayer Proof replay took 36.7ns 
319280     INFO  main            d.u.i.k.p.r.p.TestFile    ... finished proof: closed. 
319789     INFO  main            d.u.i.k.p.i.AbstractProblemLoader Loading environment from /home/runner/work/key/key/key.core/../key.ui/examples/standard_key/quantifiers/normalisation9.key.proof 
319789     DEBUG main            d.u.i.k.p.i.AbstractProblemLoader Environment load took 91.3ns 
319790     INFO  main            d.u.i.k.p.i.AbstractProblemLoader Creating init config 
322537     DEBUG main            d.u.i.k.p.i.AbstractProblemLoader Init config took 2.75s 
322550     INFO  main            d.u.i.k.p.i.AbstractProblemLoader Replaying proof normalisation9.key.proof 
322560     DEBUG main            d.u.i.k.p.i.IntermediateProofReplayer Proof replay took 7.19ms 
322560     DEBUG main            d.u.i.k.p.r.p.TestFile    ... success: reloaded. 
322561     INFO  main            d.u.i.k.p.r.p.TestFile    Now processing file /home/runner/work/key/key/key.core/../key.ui/examples/standard_key/quantifiers/normalisation10.key 
322561     INFO  main            d.u.i.k.p.i.AbstractProblemLoader Loading environment from /home/runner/work/key/key/key.core/../key.ui/examples/standard_key/quantifiers/normalisation10.key 
322562     DEBUG main            d.u.i.k.p.i.AbstractProblemLoader Environment load took 90.6ns 
322563     INFO  main            d.u.i.k.p.i.AbstractProblemLoader Creating init config 
325310     DEBUG main            d.u.i.k.p.i.AbstractProblemLoader Init config took 2.75s 
325328     INFO  main            d.u.i.k.p.i.AbstractProblemLoader Replaying proof normalisation10.key 
325329     DEBUG main            d.u.i.k.p.i.IntermediateProofReplayer Proof replay took 6.8ns 
325432     INFO  main            d.u.i.k.p.r.p.TestFile    ... finished proof: closed. 
325892     INFO  main            d.u.i.k.p.i.AbstractProblemLoader Loading environment from /home/runner/work/key/key/key.core/../key.ui/examples/standard_key/quantifiers/normalisation10.key.proof 
325892     DEBUG main            d.u.i.k.p.i.AbstractProblemLoader Environment load took 99ns 
325893     INFO  main            d.u.i.k.p.i.AbstractProblemLoader Creating init config 
328440     DEBUG main            d.u.i.k.p.i.AbstractProblemLoader Init config took 2.55s 
328463     INFO  main            d.u.i.k.p.i.AbstractProblemLoader Replaying proof normalisation10.key.proof 
328470     DEBUG main            d.u.i.k.p.i.IntermediateProofReplayer Proof replay took 4.97ms 
328471     DEBUG main            d.u.i.k.p.r.p.TestFile    ... success: reloaded. 
328472     INFO  main            d.u.i.k.p.r.p.TestFile    Now processing file /home/runner/work/key/key/key.core/../key.ui/examples/standard_key/quantifiers/normalisation12.key 
328472     INFO  main            d.u.i.k.p.i.AbstractProblemLoader Loading environment from /home/runner/work/key/key/key.core/../key.ui/examples/standard_key/quantifiers/normalisation12.key 
328472     DEBUG main            d.u.i.k.p.i.AbstractProblemLoader Environment load took 116.6ns 
328474     INFO  main            d.u.i.k.p.i.AbstractProblemLoader Creating init config 
331248     DEBUG main            d.u.i.k.p.i.AbstractProblemLoader Init config took 2.77s 
331261     INFO  main            d.u.i.k.p.i.AbstractProblemLoader Replaying proof normalisation12.key 
331263     DEBUG main            d.u.i.k.p.i.IntermediateProofReplayer Proof replay took 7.1ns 
331366     INFO  main            d.u.i.k.p.r.p.TestFile    ... finished proof: closed. 
331840     INFO  main            d.u.i.k.p.i.AbstractProblemLoader Loading environment from /home/runner/work/key/key/key.core/../key.ui/examples/standard_key/quantifiers/normalisation12.key.proof 
331840     DEBUG main            d.u.i.k.p.i.AbstractProblemLoader Environment load took 119.2ns 
331841     INFO  main            d.u.i.k.p.i.AbstractProblemLoader Creating init config 
334453     DEBUG main            d.u.i.k.p.i.AbstractProblemLoader Init config took 2.61s 
334466     INFO  main            d.u.i.k.p.i.AbstractProblemLoader Replaying proof normalisation12.key.proof 
334469     DEBUG main            d.u.i.k.p.i.IntermediateProofReplayer Proof replay took 1.23ms 
334470     DEBUG main            d.u.i.k.p.r.p.TestFile    ... success: reloaded. 
334471     INFO  main            d.u.i.k.p.r.p.TestFile    Now processing file /home/runner/work/key/key/key.core/../key.ui/examples/standard_key/quantifiers/normalisation13.key 
334471     INFO  main            d.u.i.k.p.i.AbstractProblemLoader Loading environment from /home/runner/work/key/key/key.core/../key.ui/examples/standard_key/quantifiers/normalisation13.key 
334471     DEBUG main            d.u.i.k.p.i.AbstractProblemLoader Environment load took 57.5ns 
334472     INFO  main            d.u.i.k.p.i.AbstractProblemLoader Creating init config 
337174     DEBUG main            d.u.i.k.p.i.AbstractProblemLoader Init config took 2.7s 
337191     INFO  main            d.u.i.k.p.i.AbstractProblemLoader Replaying proof normalisation13.key 
337192     DEBUG main            d.u.i.k.p.i.IntermediateProofReplayer Proof replay took 8.5ns 
337294     INFO  main            d.u.i.k.p.r.p.TestFile    ... finished proof: closed. 
337772     INFO  main            d.u.i.k.p.i.AbstractProblemLoader Loading environment from /home/runner/work/key/key/key.core/../key.ui/examples/standard_key/quantifiers/normalisation13.key.proof 
337772     DEBUG main            d.u.i.k.p.i.AbstractProblemLoader Environment load took 90.8ns 
337773     INFO  main            d.u.i.k.p.i.AbstractProblemLoader Creating init config 
340502     DEBUG main            d.u.i.k.p.i.AbstractProblemLoader Init config took 2.73s 
340520     INFO  main            d.u.i.k.p.i.AbstractProblemLoader Replaying proof normalisation13.key.proof 
340522     DEBUG main            d.u.i.k.p.i.IntermediateProofReplayer Proof replay took 697.61ns 
340523     DEBUG main            d.u.i.k.p.r.p.TestFile    ... success: reloaded. 
340524     INFO  main            d.u.i.k.p.r.p.TestFile    Now processing file /home/runner/work/key/key/key.core/../key.ui/examples/standard_key/quantifiers/triggers0.key 
340524     INFO  main            d.u.i.k.p.i.AbstractProblemLoader Loading environment from /home/runner/work/key/key/key.core/../key.ui/examples/standard_key/quantifiers/triggers0.key 
340524     DEBUG main            d.u.i.k.p.i.AbstractProblemLoader Environment load took 120.3ns 
340526     INFO  main            d.u.i.k.p.i.AbstractProblemLoader Creating init config 
343469     DEBUG main            d.u.i.k.p.i.AbstractProblemLoader Init config took 2.94s 
343484     INFO  main            d.u.i.k.p.i.AbstractProblemLoader Replaying proof triggers0.key 
343485     DEBUG main            d.u.i.k.p.i.IntermediateProofReplayer Proof replay took 6.5ns 
343587     INFO  main            d.u.i.k.p.r.p.TestFile    ... finished proof: closed. 
344064     INFO  main            d.u.i.k.p.i.AbstractProblemLoader Loading environment from /home/runner/work/key/key/key.core/../key.ui/examples/standard_key/quantifiers/triggers0.key.proof 
344065     DEBUG main            d.u.i.k.p.i.AbstractProblemLoader Environment load took 204.1ns 
344066     INFO  main            d.u.i.k.p.i.AbstractProblemLoader Creating init config 
346805     DEBUG main            d.u.i.k.p.i.AbstractProblemLoader Init config took 2.74s 
346821     INFO  main            d.u.i.k.p.i.AbstractProblemLoader Replaying proof triggers0.key.proof 
346824     DEBUG main            d.u.i.k.p.i.IntermediateProofReplayer Proof replay took 1.72ms 
346825     DEBUG main            d.u.i.k.p.r.p.TestFile    ... success: reloaded. 
4926671    INFO  Test worker     d.u.i.k.p.r.RunAllProofsTestUnit Returning from test FOL 
4926672    INFO  Test worker     d.u.i.k.p.r.RunAllProofsTestUnit Running test strings 
401        INFO  Timeout watchdog d.u.i.k.p.r.p.ForkedTestFileRunner Timeout watcher launched (2000 secs.) 
423        WARN  main            d.u.i.k.s.ProofSettings   The settings in /home/runner/.key/proof-settings.props are *not* read. 
477        INFO  main            d.u.i.k.p.r.p.TestFile    Now processing file /home/runner/work/key/key/key.core/../key.ui/examples/standard_key/strings/charAt0.key 
631        INFO  main            d.u.i.k.p.i.AbstractProblemLoader Loading environment from /home/runner/work/key/key/key.core/../key.ui/examples/standard_key/strings/charAt0.key 
660        DEBUG main            d.u.i.k.p.i.AbstractProblemLoader Environment load took 2.54ms 
983        INFO  main            d.u.i.k.p.i.AbstractProblemLoader Creating init config 
2247       DEBUG main            d.u.i.k.j.TypeConverter   No LDT found for Meta 
2247       DEBUG main            d.u.i.k.j.TypeConverter   No LDT found for Meta 
2249       DEBUG main            d.u.i.k.j.TypeConverter   No LDT found for Meta 
2249       DEBUG main            d.u.i.k.j.TypeConverter   No LDT found for Meta 
4713       DEBUG main            d.u.i.k.j.TypeConverter   No LDT found for JavaBigintExpression 
11658      DEBUG main            d.u.i.k.p.i.AbstractProblemLoader Init config took 10.67s 
11752      INFO  main            d.u.i.k.p.i.AbstractProblemLoader Replaying proof charAt0.key 
11808      DEBUG main            d.u.i.k.p.i.IntermediateProofReplayer Proof replay took 42.9ns 
12205      INFO  main            d.u.i.k.p.r.p.TestFile    ... finished proof: closed. 
12331      INFO  main            d.u.i.k.p.i.AbstractProblemLoader Loading environment from /home/runner/work/key/key/key.core/../key.ui/examples/standard_key/strings/charAt0.key.proof 
12332      DEBUG main            d.u.i.k.p.i.AbstractProblemLoader Environment load took 169.6ns 
12340      INFO  main            d.u.i.k.p.i.AbstractProblemLoader Creating init config 
15778      DEBUG main            d.u.i.k.p.i.AbstractProblemLoader Init config took 3.44s 
15821      INFO  main            d.u.i.k.p.i.AbstractProblemLoader Replaying proof charAt0.key.proof 
15877      DEBUG main            d.u.i.k.p.i.IntermediateProofReplayer Proof replay took 45.11ms 
15893      DEBUG main            d.u.i.k.p.r.p.TestFile    ... success: reloaded. 
15895      INFO  main            d.u.i.k.p.r.p.TestFile    Now processing file /home/runner/work/key/key/key.core/../key.ui/examples/standard_key/strings/charAt1.key 
15895      INFO  main            d.u.i.k.p.i.AbstractProblemLoader Loading environment from /home/runner/work/key/key/key.core/../key.ui/examples/standard_key/strings/charAt1.key 
15895      DEBUG main            d.u.i.k.p.i.AbstractProblemLoader Environment load took 264.6ns 
15899      INFO  main            d.u.i.k.p.i.AbstractProblemLoader Creating init config 
19149      DEBUG main            d.u.i.k.p.i.AbstractProblemLoader Init config took 3.25s 
19192      INFO  main            d.u.i.k.p.i.AbstractProblemLoader Replaying proof charAt1.key 
19197      DEBUG main            d.u.i.k.p.i.IntermediateProofReplayer Proof replay took 6.1ns 
19505      INFO  main            d.u.i.k.p.r.p.TestFile    ... finished proof: closed. 
19657      INFO  main            d.u.i.k.p.i.AbstractProblemLoader Loading environment from /home/runner/work/key/key/key.core/../key.ui/examples/standard_key/strings/charAt1.key.proof 
19658      DEBUG main            d.u.i.k.p.i.AbstractProblemLoader Environment load took 216.3ns 
19660      INFO  main            d.u.i.k.p.i.AbstractProblemLoader Creating init config 
22567      DEBUG main            d.u.i.k.p.i.AbstractProblemLoader Init config took 2.91s 
22598      INFO  main            d.u.i.k.p.i.AbstractProblemLoader Replaying proof charAt1.key.proof 
22642      DEBUG main            d.u.i.k.p.i.IntermediateProofReplayer Proof replay took 40.18ms 
22644      DEBUG main            d.u.i.k.p.r.p.TestFile    ... success: reloaded. 
22646      INFO  main            d.u.i.k.p.r.p.TestFile    Now processing file /home/runner/work/key/key/key.core/../key.ui/examples/standard_key/strings/concat1.key 
22646      INFO  main            d.u.i.k.p.i.AbstractProblemLoader Loading environment from /home/runner/work/key/key/key.core/../key.ui/examples/standard_key/strings/concat1.key 
22646      DEBUG main            d.u.i.k.p.i.AbstractProblemLoader Environment load took 196.3ns 
22648      INFO  main            d.u.i.k.p.i.AbstractProblemLoader Creating init config 
25704      DEBUG main            d.u.i.k.p.i.AbstractProblemLoader Init config took 3.06s 
25734      INFO  main            d.u.i.k.p.i.AbstractProblemLoader Replaying proof concat1.key 
25737      DEBUG main            d.u.i.k.p.i.IntermediateProofReplayer Proof replay took 7.5ns 
25840      INFO  main            d.u.i.k.p.r.p.TestFile    ... finished proof: closed. 
26001      INFO  main            d.u.i.k.p.i.AbstractProblemLoader Loading environment from /home/runner/work/key/key/key.core/../key.ui/examples/standard_key/strings/concat1.key.proof 
26001      DEBUG main            d.u.i.k.p.i.AbstractProblemLoader Environment load took 135.2ns 
26003      INFO  main            d.u.i.k.p.i.AbstractProblemLoader Creating init config 
28973      DEBUG main            d.u.i.k.p.i.AbstractProblemLoader Init config took 2.97s 
29019      INFO  main            d.u.i.k.p.i.AbstractProblemLoader Replaying proof concat1.key.proof 
29028      DEBUG main            d.u.i.k.p.i.IntermediateProofReplayer Proof replay took 2.87ms 
29029      DEBUG main            d.u.i.k.p.r.p.TestFile    ... success: reloaded. 
29031      INFO  main            d.u.i.k.p.r.p.TestFile    Now processing file /home/runner/work/key/key/key.core/../key.ui/examples/standard_key/strings/concat2.key 
29031      INFO  main            d.u.i.k.p.i.AbstractProblemLoader Loading environment from /home/runner/work/key/key/key.core/../key.ui/examples/standard_key/strings/concat2.key 
29032      DEBUG main            d.u.i.k.p.i.AbstractProblemLoader Environment load took 209.6ns 
29033      INFO  main            d.u.i.k.p.i.AbstractProblemLoader Creating init config 
31830      DEBUG main            d.u.i.k.p.i.AbstractProblemLoader Init config took 2.8s 
31857      INFO  main            d.u.i.k.p.i.AbstractProblemLoader Replaying proof concat2.key 
31861      DEBUG main            d.u.i.k.p.i.IntermediateProofReplayer Proof replay took 5.8ns 
31965      INFO  main            d.u.i.k.p.r.p.TestFile    ... finished proof: closed. 
32137      INFO  main            d.u.i.k.p.i.AbstractProblemLoader Loading environment from /home/runner/work/key/key/key.core/../key.ui/examples/standard_key/strings/concat2.key.proof 
32137      DEBUG main            d.u.i.k.p.i.AbstractProblemLoader Environment load took 152.3ns 
32143      INFO  main            d.u.i.k.p.i.AbstractProblemLoader Creating init config 
35006      DEBUG main            d.u.i.k.p.i.AbstractProblemLoader Init config took 2.86s 
35031      INFO  main            d.u.i.k.p.i.AbstractProblemLoader Replaying proof concat2.key.proof 
35047      DEBUG main            d.u.i.k.p.i.IntermediateProofReplayer Proof replay took 13.15ms 
35048      DEBUG main            d.u.i.k.p.r.p.TestFile    ... success: reloaded. 
35049      INFO  main            d.u.i.k.p.r.p.TestFile    Now processing file /home/runner/work/key/key/key.core/../key.ui/examples/standard_key/strings/deriveLength1.key 
35049      INFO  main            d.u.i.k.p.i.AbstractProblemLoader Loading environment from /home/runner/work/key/key/key.core/../key.ui/examples/standard_key/strings/deriveLength1.key 
35049      DEBUG main            d.u.i.k.p.i.AbstractProblemLoader Environment load took 109.7ns 
35050      INFO  main            d.u.i.k.p.i.AbstractProblemLoader Creating init config 
38072      DEBUG main            d.u.i.k.p.i.AbstractProblemLoader Init config took 3.02s 
38099      INFO  main            d.u.i.k.p.i.AbstractProblemLoader Replaying proof deriveLength1.key 
38101      DEBUG main            d.u.i.k.p.i.IntermediateProofReplayer Proof replay took 6.4ns 
38204      INFO  main            d.u.i.k.p.r.p.TestFile    ... finished proof: closed. 
38373      INFO  main            d.u.i.k.p.i.AbstractProblemLoader Loading environment from /home/runner/work/key/key/key.core/../key.ui/examples/standard_key/strings/deriveLength1.key.proof 
38373      DEBUG main            d.u.i.k.p.i.AbstractProblemLoader Environment load took 377ns 
38375      INFO  main            d.u.i.k.p.i.AbstractProblemLoader Creating init config 
41115      DEBUG main            d.u.i.k.p.i.AbstractProblemLoader Init config took 2.74s 
41140      INFO  main            d.u.i.k.p.i.AbstractProblemLoader Replaying proof deriveLength1.key.proof 
41173      DEBUG main            d.u.i.k.p.i.IntermediateProofReplayer Proof replay took 30.18ms 
41175      DEBUG main            d.u.i.k.p.r.p.TestFile    ... success: reloaded. 
41179      INFO  main            d.u.i.k.p.r.p.TestFile    Now processing file /home/runner/work/key/key/key.core/../key.ui/examples/standard_key/strings/emptyStringLengthZero.key 
41180      INFO  main            d.u.i.k.p.i.AbstractProblemLoader Loading environment from /home/runner/work/key/key/key.core/../key.ui/examples/standard_key/strings/emptyStringLengthZero.key 
41180      DEBUG main            d.u.i.k.p.i.AbstractProblemLoader Environment load took 253.5ns 
41181      INFO  main            d.u.i.k.p.i.AbstractProblemLoader Creating init config 
44215      DEBUG main            d.u.i.k.p.i.AbstractProblemLoader Init config took 3.03s 
44244      INFO  main            d.u.i.k.p.i.AbstractProblemLoader Replaying proof emptyStringLengthZero.key 
44246      DEBUG main            d.u.i.k.p.i.IntermediateProofReplayer Proof replay took 9.1ns 
44351      INFO  main            d.u.i.k.p.r.p.TestFile    ... finished proof: closed. 
44551      INFO  main            d.u.i.k.p.i.AbstractProblemLoader Loading environment from /home/runner/work/key/key/key.core/../key.ui/examples/standard_key/strings/emptyStringLengthZero.key.proof 
44551      DEBUG main            d.u.i.k.p.i.AbstractProblemLoader Environment load took 136.5ns 
44552      INFO  main            d.u.i.k.p.i.AbstractProblemLoader Creating init config 
47433      DEBUG main            d.u.i.k.p.i.AbstractProblemLoader Init config took 2.88s 
47452      INFO  main            d.u.i.k.p.i.AbstractProblemLoader Replaying proof emptyStringLengthZero.key.proof 
47459      DEBUG main            d.u.i.k.p.i.IntermediateProofReplayer Proof replay took 4.56ms 
47460      DEBUG main            d.u.i.k.p.r.p.TestFile    ... success: reloaded. 
47461      INFO  main            d.u.i.k.p.r.p.TestFile    Now processing file /home/runner/work/key/key/key.core/../key.ui/examples/standard_key/strings/implicitBooleanStringConversion.key 
47461      INFO  main            d.u.i.k.p.i.AbstractProblemLoader Loading environment from /home/runner/work/key/key/key.core/../key.ui/examples/standard_key/strings/implicitBooleanStringConversion.key 
47461      DEBUG main            d.u.i.k.p.i.AbstractProblemLoader Environment load took 174.8ns 
47462      INFO  main            d.u.i.k.p.i.AbstractProblemLoader Creating init config 
50443      DEBUG main            d.u.i.k.p.i.AbstractProblemLoader Init config took 2.98s 
50464      INFO  main            d.u.i.k.p.i.AbstractProblemLoader Replaying proof implicitBooleanStringConversion.key 
50465      DEBUG main            d.u.i.k.p.i.IntermediateProofReplayer Proof replay took 6.5ns 
51608      INFO  main            d.u.i.k.p.r.p.TestFile    ... finished proof: closed. 
51839      INFO  main            d.u.i.k.p.i.AbstractProblemLoader Loading environment from /home/runner/work/key/key/key.core/../key.ui/examples/standard_key/strings/implicitBooleanStringConversion.key.proof 
51839      DEBUG main            d.u.i.k.p.i.AbstractProblemLoader Environment load took 416.81ns 
51841      INFO  main            d.u.i.k.p.i.AbstractProblemLoader Creating init config 
54785      DEBUG main            d.u.i.k.p.i.AbstractProblemLoader Init config took 2.94s 
54809      INFO  main            d.u.i.k.p.i.AbstractProblemLoader Replaying proof implicitBooleanStringConversion.key.proof 
54944      DEBUG main            d.u.i.k.p.i.IntermediateProofReplayer Proof replay took 127.05ms 
54945      DEBUG main            d.u.i.k.p.r.p.TestFile    ... success: reloaded. 
54947      INFO  main            d.u.i.k.p.r.p.TestFile    Now processing file /home/runner/work/key/key/key.core/../key.ui/examples/standard_key/strings/implicitBooleanStringConversion2.key 
54947      INFO  main            d.u.i.k.p.i.AbstractProblemLoader Loading environment from /home/runner/work/key/key/key.core/../key.ui/examples/standard_key/strings/implicitBooleanStringConversion2.key 
54948      DEBUG main            d.u.i.k.p.i.AbstractProblemLoader Environment load took 220.7ns 
54949      INFO  main            d.u.i.k.p.i.AbstractProblemLoader Creating init config 
58126      DEBUG main            d.u.i.k.p.i.AbstractProblemLoader Init config took 3.17s 
58149      INFO  main            d.u.i.k.p.i.AbstractProblemLoader Replaying proof implicitBooleanStringConversion2.key 
58151      DEBUG main            d.u.i.k.p.i.IntermediateProofReplayer Proof replay took 9ns 
58559      INFO  main            d.u.i.k.p.r.p.TestFile    ... finished proof: closed. 
58818      INFO  main            d.u.i.k.p.i.AbstractProblemLoader Loading environment from /home/runner/work/key/key/key.core/../key.ui/examples/standard_key/strings/implicitBooleanStringConversion2.key.proof 
58819      DEBUG main            d.u.i.k.p.i.AbstractProblemLoader Environment load took 862.21ns 
58821      INFO  main            d.u.i.k.p.i.AbstractProblemLoader Creating init config 
61894      DEBUG main            d.u.i.k.p.i.AbstractProblemLoader Init config took 3.07s 
61920      INFO  main            d.u.i.k.p.i.AbstractProblemLoader Replaying proof implicitBooleanStringConversion2.key.proof 
61979      DEBUG main            d.u.i.k.p.i.IntermediateProofReplayer Proof replay took 53.65ms 
61981      DEBUG main            d.u.i.k.p.r.p.TestFile    ... success: reloaded. 
61982      INFO  main            d.u.i.k.p.r.p.TestFile    Now processing file /home/runner/work/key/key/key.core/../key.ui/examples/standard_key/strings/implicitIntStringConversion.key 
61985      INFO  main            d.u.i.k.p.i.AbstractProblemLoader Loading environment from /home/runner/work/key/key/key.core/../key.ui/examples/standard_key/strings/implicitIntStringConversion.key 
61985      DEBUG main            d.u.i.k.p.i.AbstractProblemLoader Environment load took 210.6ns 
61986      INFO  main            d.u.i.k.p.i.AbstractProblemLoader Creating init config 
65067      DEBUG main            d.u.i.k.p.i.AbstractProblemLoader Init config took 3.08s 
65091      INFO  main            d.u.i.k.p.i.AbstractProblemLoader Replaying proof implicitIntStringConversion.key 
65093      DEBUG main            d.u.i.k.p.i.IntermediateProofReplayer Proof replay took 8.4ns 
65997      INFO  main            d.u.i.k.p.r.p.TestFile    ... finished proof: closed. 
66312      INFO  main            d.u.i.k.p.i.AbstractProblemLoader Loading environment from /home/runner/work/key/key/key.core/../key.ui/examples/standard_key/strings/implicitIntStringConversion.key.proof 
66316      DEBUG main            d.u.i.k.p.i.AbstractProblemLoader Environment load took 4.28ms 
66322      INFO  main            d.u.i.k.p.i.AbstractProblemLoader Creating init config 
69550      DEBUG main            d.u.i.k.p.i.AbstractProblemLoader Init config took 3.23s 
69576      INFO  main            d.u.i.k.p.i.AbstractProblemLoader Replaying proof implicitIntStringConversion.key.proof 
69689      DEBUG main            d.u.i.k.p.i.IntermediateProofReplayer Proof replay took 107.55ms 
69691      DEBUG main            d.u.i.k.p.r.p.TestFile    ... success: reloaded. 
69692      INFO  main            d.u.i.k.p.r.p.TestFile    Now processing file /home/runner/work/key/key/key.core/../key.ui/examples/standard_key/strings/implicitNullStringConversion.key 
69692      INFO  main            d.u.i.k.p.i.AbstractProblemLoader Loading environment from /home/runner/work/key/key/key.core/../key.ui/examples/standard_key/strings/implicitNullStringConversion.key 
69693      DEBUG main            d.u.i.k.p.i.AbstractProblemLoader Environment load took 233.5ns 
69694      INFO  main            d.u.i.k.p.i.AbstractProblemLoader Creating init config 
72795      DEBUG main            d.u.i.k.p.i.AbstractProblemLoader Init config took 3.1s 
72817      INFO  main            d.u.i.k.p.i.AbstractProblemLoader Replaying proof implicitNullStringConversion.key 
72819      DEBUG main            d.u.i.k.p.i.IntermediateProofReplayer Proof replay took 8ns 
73226      INFO  main            d.u.i.k.p.r.p.TestFile    ... finished proof: closed. 
73533      INFO  main            d.u.i.k.p.i.AbstractProblemLoader Loading environment from /home/runner/work/key/key/key.core/../key.ui/examples/standard_key/strings/implicitNullStringConversion.key.proof 
73535      DEBUG main            d.u.i.k.p.i.AbstractProblemLoader Environment load took 1.91ms 
73537      INFO  main            d.u.i.k.p.i.AbstractProblemLoader Creating init config 
76434      DEBUG main            d.u.i.k.p.i.AbstractProblemLoader Init config took 2.9s 
76456      INFO  main            d.u.i.k.p.i.AbstractProblemLoader Replaying proof implicitNullStringConversion.key.proof 
76506      DEBUG main            d.u.i.k.p.i.IntermediateProofReplayer Proof replay took 45.69ms 
76508      DEBUG main            d.u.i.k.p.r.p.TestFile    ... success: reloaded. 
76509      INFO  main            d.u.i.k.p.r.p.TestFile    Now processing file /home/runner/work/key/key/key.core/../key.ui/examples/standard_key/strings/implicitNullStringConversion2.key 
76510      INFO  main            d.u.i.k.p.i.AbstractProblemLoader Loading environment from /home/runner/work/key/key/key.core/../key.ui/examples/standard_key/strings/implicitNullStringConversion2.key 
76510      DEBUG main            d.u.i.k.p.i.AbstractProblemLoader Environment load took 203.2ns 
76511      INFO  main            d.u.i.k.p.i.AbstractProblemLoader Creating init config 
79629      DEBUG main            d.u.i.k.p.i.AbstractProblemLoader Init config took 3.12s 
79654      INFO  main            d.u.i.k.p.i.AbstractProblemLoader Replaying proof implicitNullStringConversion2.key 
79658      DEBUG main            d.u.i.k.p.i.IntermediateProofReplayer Proof replay took 9.6ns 
79961      INFO  main            d.u.i.k.p.r.p.TestFile    ... finished proof: closed. 
80205      INFO  main            d.u.i.k.p.i.AbstractProblemLoader Loading environment from /home/runner/work/key/key/key.core/../key.ui/examples/standard_key/strings/implicitNullStringConversion2.key.proof 
80206      DEBUG main            d.u.i.k.p.i.AbstractProblemLoader Environment load took 686.41ns 
80207      INFO  main            d.u.i.k.p.i.AbstractProblemLoader Creating init config 
83105      DEBUG main            d.u.i.k.p.i.AbstractProblemLoader Init config took 2.9s 
83124      INFO  main            d.u.i.k.p.i.AbstractProblemLoader Replaying proof implicitNullStringConversion2.key.proof 
83157      DEBUG main            d.u.i.k.p.i.IntermediateProofReplayer Proof replay took 29.35ms 
83159      DEBUG main            d.u.i.k.p.r.p.TestFile    ... success: reloaded. 
83159      INFO  main            d.u.i.k.p.r.p.TestFile    Now processing file /home/runner/work/key/key/key.core/../key.ui/examples/standard_key/strings/implicitObjectStringConversion.key 
83160      INFO  main            d.u.i.k.p.i.AbstractProblemLoader Loading environment from /home/runner/work/key/key/key.core/../key.ui/examples/standard_key/strings/implicitObjectStringConversion.key 
83160      DEBUG main            d.u.i.k.p.i.AbstractProblemLoader Environment load took 110ns 
83161      INFO  main            d.u.i.k.p.i.AbstractProblemLoader Creating init config 
86224      DEBUG main            d.u.i.k.p.i.AbstractProblemLoader Init config took 3.06s 
86243      INFO  main            d.u.i.k.p.i.AbstractProblemLoader Replaying proof implicitObjectStringConversion.key 
86245      DEBUG main            d.u.i.k.p.i.IntermediateProofReplayer Proof replay took 8.1ns 
86904      INFO  main            d.u.i.k.p.r.p.TestFile    ... finished proof: closed. 
87154      INFO  main            d.u.i.k.p.i.AbstractProblemLoader Loading environment from /home/runner/work/key/key/key.core/../key.ui/examples/standard_key/strings/implicitObjectStringConversion.key.proof 
87154      DEBUG main            d.u.i.k.p.i.AbstractProblemLoader Environment load took 209.8ns 
87155      INFO  main            d.u.i.k.p.i.AbstractProblemLoader Creating init config 
90161      DEBUG main            d.u.i.k.p.i.AbstractProblemLoader Init config took 3.01s 
90187      INFO  main            d.u.i.k.p.i.AbstractProblemLoader Replaying proof implicitObjectStringConversion.key.proof 
90292      DEBUG main            d.u.i.k.p.i.IntermediateProofReplayer Proof replay took 101.12ms 
90294      DEBUG main            d.u.i.k.p.r.p.TestFile    ... success: reloaded. 
90295      INFO  main            d.u.i.k.p.r.p.TestFile    Now processing file /home/runner/work/key/key/key.core/../key.ui/examples/standard_key/strings/literalEquality.key 
90295      INFO  main            d.u.i.k.p.i.AbstractProblemLoader Loading environment from /home/runner/work/key/key/key.core/../key.ui/examples/standard_key/strings/literalEquality.key 
90295      DEBUG main            d.u.i.k.p.i.AbstractProblemLoader Environment load took 101.3ns 
90297      INFO  main            d.u.i.k.p.i.AbstractProblemLoader Creating init config 
93111      DEBUG main            d.u.i.k.p.i.AbstractProblemLoader Init config took 2.81s 
93131      INFO  main            d.u.i.k.p.i.AbstractProblemLoader Replaying proof literalEquality.key 
93132      DEBUG main            d.u.i.k.p.i.IntermediateProofReplayer Proof replay took 7.1ns 
93237      INFO  main            d.u.i.k.p.r.p.TestFile    ... finished proof: closed. 
93505      INFO  main            d.u.i.k.p.i.AbstractProblemLoader Loading environment from /home/runner/work/key/key/key.core/../key.ui/examples/standard_key/strings/literalEquality.key.proof 
93505      DEBUG main            d.u.i.k.p.i.AbstractProblemLoader Environment load took 158.9ns 
93507      INFO  main            d.u.i.k.p.i.AbstractProblemLoader Creating init config 
96265      DEBUG main            d.u.i.k.p.i.AbstractProblemLoader Init config took 2.76s 
96303      INFO  main            d.u.i.k.p.i.AbstractProblemLoader Replaying proof literalEquality.key.proof 
96310      DEBUG main            d.u.i.k.p.i.IntermediateProofReplayer Proof replay took 2.8ms 
96311      DEBUG main            d.u.i.k.p.r.p.TestFile    ... success: reloaded. 
96312      INFO  main            d.u.i.k.p.r.p.TestFile    Now processing file /home/runner/work/key/key/key.core/../key.ui/examples/standard_key/strings/replace0.key 
96312      INFO  main            d.u.i.k.p.i.AbstractProblemLoader Loading environment from /home/runner/work/key/key/key.core/../key.ui/examples/standard_key/strings/replace0.key 
96312      DEBUG main            d.u.i.k.p.i.AbstractProblemLoader Environment load took 212.6ns 
96314      INFO  main            d.u.i.k.p.i.AbstractProblemLoader Creating init config 
99241      DEBUG main            d.u.i.k.p.i.AbstractProblemLoader Init config took 2.93s 
99262      INFO  main            d.u.i.k.p.i.AbstractProblemLoader Replaying proof replace0.key 
99263      DEBUG main            d.u.i.k.p.i.IntermediateProofReplayer Proof replay took 7.9ns 
99369      INFO  main            d.u.i.k.p.r.p.TestFile    ... finished proof: closed. 
99613      INFO  main            d.u.i.k.p.i.AbstractProblemLoader Loading environment from /home/runner/work/key/key/key.core/../key.ui/examples/standard_key/strings/replace0.key.proof 
99613      DEBUG main            d.u.i.k.p.i.AbstractProblemLoader Environment load took 206.2ns 
99615      INFO  main            d.u.i.k.p.i.AbstractProblemLoader Creating init config 
102185     DEBUG main            d.u.i.k.p.i.AbstractProblemLoader Init config took 2.57s 
102202     INFO  main            d.u.i.k.p.i.AbstractProblemLoader Replaying proof replace0.key.proof 
102209     DEBUG main            d.u.i.k.p.i.IntermediateProofReplayer Proof replay took 5.48ms 
102210     DEBUG main            d.u.i.k.p.r.p.TestFile    ... success: reloaded. 
102211     INFO  main            d.u.i.k.p.r.p.TestFile    Now processing file /home/runner/work/key/key/key.core/../key.ui/examples/standard_key/strings/replace1.key 
102211     INFO  main            d.u.i.k.p.i.AbstractProblemLoader Loading environment from /home/runner/work/key/key/key.core/../key.ui/examples/standard_key/strings/replace1.key 
102212     DEBUG main            d.u.i.k.p.i.AbstractProblemLoader Environment load took 237.8ns 
102213     INFO  main            d.u.i.k.p.i.AbstractProblemLoader Creating init config 
104984     DEBUG main            d.u.i.k.p.i.AbstractProblemLoader Init config took 2.77s 
104999     INFO  main            d.u.i.k.p.i.AbstractProblemLoader Replaying proof replace1.key 
105000     DEBUG main            d.u.i.k.p.i.IntermediateProofReplayer Proof replay took 7.1ns 
105104     INFO  main            d.u.i.k.p.r.p.TestFile    ... finished proof: closed. 
105397     INFO  main            d.u.i.k.p.i.AbstractProblemLoader Loading environment from /home/runner/work/key/key/key.core/../key.ui/examples/standard_key/strings/replace1.key.proof 
105397     DEBUG main            d.u.i.k.p.i.AbstractProblemLoader Environment load took 146.6ns 
105399     INFO  main            d.u.i.k.p.i.AbstractProblemLoader Creating init config 
108091     DEBUG main            d.u.i.k.p.i.AbstractProblemLoader Init config took 2.69s 
108110     INFO  main            d.u.i.k.p.i.AbstractProblemLoader Replaying proof replace1.key.proof 
108119     DEBUG main            d.u.i.k.p.i.IntermediateProofReplayer Proof replay took 7.39ms 
108120     DEBUG main            d.u.i.k.p.r.p.TestFile    ... success: reloaded. 
108121     INFO  main            d.u.i.k.p.r.p.TestFile    Now processing file /home/runner/work/key/key/key.core/../key.ui/examples/standard_key/strings/simpleAssignment.key 
108121     INFO  main            d.u.i.k.p.i.AbstractProblemLoader Loading environment from /home/runner/work/key/key/key.core/../key.ui/examples/standard_key/strings/simpleAssignment.key 
108121     DEBUG main            d.u.i.k.p.i.AbstractProblemLoader Environment load took 109.2ns 
108124     INFO  main            d.u.i.k.p.i.AbstractProblemLoader Creating init config 
110964     DEBUG main            d.u.i.k.p.i.AbstractProblemLoader Init config took 2.84s 
110978     INFO  main            d.u.i.k.p.i.AbstractProblemLoader Replaying proof simpleAssignment.key 
110980     DEBUG main            d.u.i.k.p.i.IntermediateProofReplayer Proof replay took 6.8ns 
111082     INFO  main            d.u.i.k.p.r.p.TestFile    ... finished proof: closed. 
111332     INFO  main            d.u.i.k.p.i.AbstractProblemLoader Loading environment from /home/runner/work/key/key/key.core/../key.ui/examples/standard_key/strings/simpleAssignment.key.proof 
111332     DEBUG main            d.u.i.k.p.i.AbstractProblemLoader Environment load took 114.2ns 
111334     INFO  main            d.u.i.k.p.i.AbstractProblemLoader Creating init config 
113939     DEBUG main            d.u.i.k.p.i.AbstractProblemLoader Init config took 2.6s 
113957     INFO  main            d.u.i.k.p.i.AbstractProblemLoader Replaying proof simpleAssignment.key.proof 
113963     DEBUG main            d.u.i.k.p.i.IntermediateProofReplayer Proof replay took 1.46ms 
113965     DEBUG main            d.u.i.k.p.r.p.TestFile    ... success: reloaded. 
113966     INFO  main            d.u.i.k.p.r.p.TestFile    Now processing file /home/runner/work/key/key/key.core/../key.ui/examples/standard_key/strings/simpleLengthComp.key 
113966     INFO  main            d.u.i.k.p.i.AbstractProblemLoader Loading environment from /home/runner/work/key/key/key.core/../key.ui/examples/standard_key/strings/simpleLengthComp.key 
113967     DEBUG main            d.u.i.k.p.i.AbstractProblemLoader Environment load took 195ns 
113968     INFO  main            d.u.i.k.p.i.AbstractProblemLoader Creating init config 
116655     DEBUG main            d.u.i.k.p.i.AbstractProblemLoader Init config took 2.69s 
116674     INFO  main            d.u.i.k.p.i.AbstractProblemLoader Replaying proof simpleLengthComp.key 
116678     DEBUG main            d.u.i.k.p.i.IntermediateProofReplayer Proof replay took 7ns 
116881     INFO  main            d.u.i.k.p.r.p.TestFile    ... finished proof: closed. 
117147     INFO  main            d.u.i.k.p.i.AbstractProblemLoader Loading environment from /home/runner/work/key/key/key.core/../key.ui/examples/standard_key/strings/simpleLengthComp.key.proof 
117147     DEBUG main            d.u.i.k.p.i.AbstractProblemLoader Environment load took 164.5ns 
117149     INFO  main            d.u.i.k.p.i.AbstractProblemLoader Creating init config 
119935     DEBUG main            d.u.i.k.p.i.AbstractProblemLoader Init config took 2.79s 
119957     INFO  main            d.u.i.k.p.i.AbstractProblemLoader Replaying proof simpleLengthComp.key.proof 
119999     DEBUG main            d.u.i.k.p.i.IntermediateProofReplayer Proof replay took 35.76ms 
120001     DEBUG main            d.u.i.k.p.r.p.TestFile    ... success: reloaded. 
120003     INFO  main            d.u.i.k.p.r.p.TestFile    Now processing file /home/runner/work/key/key/key.core/../key.ui/examples/standard_key/strings/stringCompileTimeConstant1.key 
120003     INFO  main            d.u.i.k.p.i.AbstractProblemLoader Loading environment from /home/runner/work/key/key/key.core/../key.ui/examples/standard_key/strings/stringCompileTimeConstant1.key 
120003     DEBUG main            d.u.i.k.p.i.AbstractProblemLoader Environment load took 213.8ns 
120004     INFO  main            d.u.i.k.p.i.AbstractProblemLoader Creating init config 
122859     DEBUG main            d.u.i.k.p.i.AbstractProblemLoader Init config took 2.86s 
122876     INFO  main            d.u.i.k.p.i.AbstractProblemLoader Replaying proof stringCompileTimeConstant1.key 
122878     DEBUG main            d.u.i.k.p.i.IntermediateProofReplayer Proof replay took 7.2ns 
122981     INFO  main            d.u.i.k.p.r.p.TestFile    ... finished proof: closed. 
123288     INFO  main            d.u.i.k.p.i.AbstractProblemLoader Loading environment from /home/runner/work/key/key/key.core/../key.ui/examples/standard_key/strings/stringCompileTimeConstant1.key.proof 
123288     DEBUG main            d.u.i.k.p.i.AbstractProblemLoader Environment load took 114.7ns 
123290     INFO  main            d.u.i.k.p.i.AbstractProblemLoader Creating init config 
125945     DEBUG main            d.u.i.k.p.i.AbstractProblemLoader Init config took 2.65s 
125962     INFO  main            d.u.i.k.p.i.AbstractProblemLoader Replaying proof stringCompileTimeConstant1.key.proof 
125972     DEBUG main            d.u.i.k.p.i.IntermediateProofReplayer Proof replay took 7.89ms 
125973     DEBUG main            d.u.i.k.p.r.p.TestFile    ... success: reloaded. 
125974     INFO  main            d.u.i.k.p.r.p.TestFile    Now processing file /home/runner/work/key/key/key.core/../key.ui/examples/standard_key/strings/stringCompileTimeConstant2.key 
125975     INFO  main            d.u.i.k.p.i.AbstractProblemLoader Loading environment from /home/runner/work/key/key/key.core/../key.ui/examples/standard_key/strings/stringCompileTimeConstant2.key 
125975     DEBUG main            d.u.i.k.p.i.AbstractProblemLoader Environment load took 217.1ns 
125976     INFO  main            d.u.i.k.p.i.AbstractProblemLoader Creating init config 
128977     DEBUG main            d.u.i.k.p.i.AbstractProblemLoader Init config took 3s 
128996     INFO  main            d.u.i.k.p.i.AbstractProblemLoader Replaying proof stringCompileTimeConstant2.key 
128999     DEBUG main            d.u.i.k.p.i.IntermediateProofReplayer Proof replay took 7.5ns 
132517     INFO  main            d.u.i.k.p.r.p.TestFile    ... finished proof: closed. 
132866     INFO  main            d.u.i.k.p.i.AbstractProblemLoader Loading environment from /home/runner/work/key/key/key.core/../key.ui/examples/standard_key/strings/stringCompileTimeConstant2.key.proof 
132866     DEBUG main            d.u.i.k.p.i.AbstractProblemLoader Environment load took 113.2ns 
132867     INFO  main            d.u.i.k.p.i.AbstractProblemLoader Creating init config 
135622     DEBUG main            d.u.i.k.p.i.AbstractProblemLoader Init config took 2.75s 
135655     INFO  main            d.u.i.k.p.i.AbstractProblemLoader Replaying proof stringCompileTimeConstant2.key.proof 
136068     DEBUG main            d.u.i.k.p.i.IntermediateProofReplayer Proof replay took 399.74ms 
136070     DEBUG main            d.u.i.k.p.r.p.TestFile    ... success: reloaded. 
136071     INFO  main            d.u.i.k.p.r.p.TestFile    Now processing file /home/runner/work/key/key/key.core/../key.ui/examples/standard_key/strings/stringEquality1.key 
136072     INFO  main            d.u.i.k.p.i.AbstractProblemLoader Loading environment from /home/runner/work/key/key/key.core/../key.ui/examples/standard_key/strings/stringEquality1.key 
136073     DEBUG main            d.u.i.k.p.i.AbstractProblemLoader Environment load took 700.81ns 
136074     INFO  main            d.u.i.k.p.i.AbstractProblemLoader Creating init config 
138706     DEBUG main            d.u.i.k.p.i.AbstractProblemLoader Init config took 2.63s 
138725     INFO  main            d.u.i.k.p.i.AbstractProblemLoader Replaying proof stringEquality1.key 
138727     DEBUG main            d.u.i.k.p.i.IntermediateProofReplayer Proof replay took 8.8ns 
138830     INFO  main            d.u.i.k.p.r.p.TestFile    ... finished proof: closed. 
139181     INFO  main            d.u.i.k.p.i.AbstractProblemLoader Loading environment from /home/runner/work/key/key/key.core/../key.ui/examples/standard_key/strings/stringEquality1.key.proof 
139181     DEBUG main            d.u.i.k.p.i.AbstractProblemLoader Environment load took 115.8ns 
139182     INFO  main            d.u.i.k.p.i.AbstractProblemLoader Creating init config 
141916     DEBUG main            d.u.i.k.p.i.AbstractProblemLoader Init config took 2.73s 
141936     INFO  main            d.u.i.k.p.i.AbstractProblemLoader Replaying proof stringEquality1.key.proof 
141948     DEBUG main            d.u.i.k.p.i.IntermediateProofReplayer Proof replay took 9.85ms 
141949     DEBUG main            d.u.i.k.p.r.p.TestFile    ... success: reloaded. 
141949     INFO  main            d.u.i.k.p.r.p.TestFile    Now processing file /home/runner/work/key/key/key.core/../key.ui/examples/standard_key/strings/stringEquality2.key 
141950     INFO  main            d.u.i.k.p.i.AbstractProblemLoader Loading environment from /home/runner/work/key/key/key.core/../key.ui/examples/standard_key/strings/stringEquality2.key 
141950     DEBUG main            d.u.i.k.p.i.AbstractProblemLoader Environment load took 101.3ns 
141951     INFO  main            d.u.i.k.p.i.AbstractProblemLoader Creating init config 
144542     DEBUG main            d.u.i.k.p.i.AbstractProblemLoader Init config took 2.59s 
144558     INFO  main            d.u.i.k.p.i.AbstractProblemLoader Replaying proof stringEquality2.key 
144560     DEBUG main            d.u.i.k.p.i.IntermediateProofReplayer Proof replay took 7.5ns 
145064     INFO  main            d.u.i.k.p.r.p.TestFile    ... finished proof: closed. 
145373     INFO  main            d.u.i.k.p.i.AbstractProblemLoader Loading environment from /home/runner/work/key/key/key.core/../key.ui/examples/standard_key/strings/stringEquality2.key.proof 
145373     DEBUG main            d.u.i.k.p.i.AbstractProblemLoader Environment load took 527.31ns 
145375     INFO  main            d.u.i.k.p.i.AbstractProblemLoader Creating init config 
148035     DEBUG main            d.u.i.k.p.i.AbstractProblemLoader Init config took 2.66s 
148052     INFO  main            d.u.i.k.p.i.AbstractProblemLoader Replaying proof stringEquality2.key.proof 
148118     DEBUG main            d.u.i.k.p.i.IntermediateProofReplayer Proof replay took 61.14ms 
148119     DEBUG main            d.u.i.k.p.r.p.TestFile    ... success: reloaded. 
148120     INFO  main            d.u.i.k.p.r.p.TestFile    Now processing file /home/runner/work/key/key/key.core/../key.ui/examples/standard_key/strings/substring0.key 
148120     INFO  main            d.u.i.k.p.i.AbstractProblemLoader Loading environment from /home/runner/work/key/key/key.core/../key.ui/examples/standard_key/strings/substring0.key 
148120     DEBUG main            d.u.i.k.p.i.AbstractProblemLoader Environment load took 100.6ns 
148121     INFO  main            d.u.i.k.p.i.AbstractProblemLoader Creating init config 
150910     DEBUG main            d.u.i.k.p.i.AbstractProblemLoader Init config took 2.79s 
150925     INFO  main            d.u.i.k.p.i.AbstractProblemLoader Replaying proof substring0.key 
150927     DEBUG main            d.u.i.k.p.i.IntermediateProofReplayer Proof replay took 8.3ns 
151029     INFO  main            d.u.i.k.p.r.p.TestFile    ... finished proof: closed. 
151357     INFO  main            d.u.i.k.p.i.AbstractProblemLoader Loading environment from /home/runner/work/key/key/key.core/../key.ui/examples/standard_key/strings/substring0.key.proof 
151357     DEBUG main            d.u.i.k.p.i.AbstractProblemLoader Environment load took 107.7ns 
151359     INFO  main            d.u.i.k.p.i.AbstractProblemLoader Creating init config 
153965     DEBUG main            d.u.i.k.p.i.AbstractProblemLoader Init config took 2.61s 
153980     INFO  main            d.u.i.k.p.i.AbstractProblemLoader Replaying proof substring0.key.proof 
153983     DEBUG main            d.u.i.k.p.i.IntermediateProofReplayer Proof replay took 653.31ns 
153984     DEBUG main            d.u.i.k.p.r.p.TestFile    ... success: reloaded. 
153985     INFO  main            d.u.i.k.p.r.p.TestFile    Now processing file /home/runner/work/key/key/key.core/../key.ui/examples/standard_key/strings/substring1.key 
153985     INFO  main            d.u.i.k.p.i.AbstractProblemLoader Loading environment from /home/runner/work/key/key/key.core/../key.ui/examples/standard_key/strings/substring1.key 
153985     DEBUG main            d.u.i.k.p.i.AbstractProblemLoader Environment load took 94.4ns 
153986     INFO  main            d.u.i.k.p.i.AbstractProblemLoader Creating init config 
156622     DEBUG main            d.u.i.k.p.i.AbstractProblemLoader Init config took 2.64s 
156640     INFO  main            d.u.i.k.p.i.AbstractProblemLoader Replaying proof substring1.key 
156642     DEBUG main            d.u.i.k.p.i.IntermediateProofReplayer Proof replay took 9.4ns 
156744     INFO  main            d.u.i.k.p.r.p.TestFile    ... finished proof: closed. 
157054     INFO  main            d.u.i.k.p.i.AbstractProblemLoader Loading environment from /home/runner/work/key/key/key.core/../key.ui/examples/standard_key/strings/substring1.key.proof 
157055     DEBUG main            d.u.i.k.p.i.AbstractProblemLoader Environment load took 158.7ns 
157057     INFO  main            d.u.i.k.p.i.AbstractProblemLoader Creating init config 
159668     DEBUG main            d.u.i.k.p.i.AbstractProblemLoader Init config took 2.61s 
159686     INFO  main            d.u.i.k.p.i.AbstractProblemLoader Replaying proof substring1.key.proof 
159689     DEBUG main            d.u.i.k.p.i.IntermediateProofReplayer Proof replay took 608.52ns 
159690     DEBUG main            d.u.i.k.p.r.p.TestFile    ... success: reloaded. 
159690     INFO  main            d.u.i.k.p.r.p.TestFile    Now processing file /home/runner/work/key/key/key.core/../key.ui/examples/standard_key/strings/substring2.key 
159690     INFO  main            d.u.i.k.p.i.AbstractProblemLoader Loading environment from /home/runner/work/key/key/key.core/../key.ui/examples/standard_key/strings/substring2.key 
159690     DEBUG main            d.u.i.k.p.i.AbstractProblemLoader Environment load took 70.9ns 
159692     INFO  main            d.u.i.k.p.i.AbstractProblemLoader Creating init config 
162445     DEBUG main            d.u.i.k.p.i.AbstractProblemLoader Init config took 2.75s 
162460     INFO  main            d.u.i.k.p.i.AbstractProblemLoader Replaying proof substring2.key 
162461     DEBUG main            d.u.i.k.p.i.IntermediateProofReplayer Proof replay took 24.7ns 
162563     INFO  main            d.u.i.k.p.r.p.TestFile    ... finished proof: closed. 
162899     INFO  main            d.u.i.k.p.i.AbstractProblemLoader Loading environment from /home/runner/work/key/key/key.core/../key.ui/examples/standard_key/strings/substring2.key.proof 
162899     DEBUG main            d.u.i.k.p.i.AbstractProblemLoader Environment load took 111.4ns 
162900     INFO  main            d.u.i.k.p.i.AbstractProblemLoader Creating init config 
165472     DEBUG main            d.u.i.k.p.i.AbstractProblemLoader Init config took 2.57s 
165488     INFO  main            d.u.i.k.p.i.AbstractProblemLoader Replaying proof substring2.key.proof 
165491     DEBUG main            d.u.i.k.p.i.IntermediateProofReplayer Proof replay took 1.14ms 
165492     DEBUG main            d.u.i.k.p.r.p.TestFile    ... success: reloaded. 
165493     INFO  main            d.u.i.k.p.r.p.TestFile    Now processing file /home/runner/work/key/key/key.core/../key.ui/examples/standard_key/strings/substring3.key 
165494     INFO  main            d.u.i.k.p.i.AbstractProblemLoader Loading environment from /home/runner/work/key/key/key.core/../key.ui/examples/standard_key/strings/substring3.key 
165494     DEBUG main            d.u.i.k.p.i.AbstractProblemLoader Environment load took 468.61ns 
165496     INFO  main            d.u.i.k.p.i.AbstractProblemLoader Creating init config 
168103     DEBUG main            d.u.i.k.p.i.AbstractProblemLoader Init config took 2.61s 
168122     INFO  main            d.u.i.k.p.i.AbstractProblemLoader Replaying proof substring3.key 
168124     DEBUG main            d.u.i.k.p.i.IntermediateProofReplayer Proof replay took 24.7ns 
168226     INFO  main            d.u.i.k.p.r.p.TestFile    ... finished proof: closed. 
168530     INFO  main            d.u.i.k.p.i.AbstractProblemLoader Loading environment from /home/runner/work/key/key/key.core/../key.ui/examples/standard_key/strings/substring3.key.proof 
168530     DEBUG main            d.u.i.k.p.i.AbstractProblemLoader Environment load took 126.5ns 
168531     INFO  main            d.u.i.k.p.i.AbstractProblemLoader Creating init config 
171350     DEBUG main            d.u.i.k.p.i.AbstractProblemLoader Init config took 2.82s 
171368     INFO  main            d.u.i.k.p.i.AbstractProblemLoader Replaying proof substring3.key.proof 
171374     DEBUG main            d.u.i.k.p.i.IntermediateProofReplayer Proof replay took 3.6ms 
171375     DEBUG main            d.u.i.k.p.r.p.TestFile    ... success: reloaded. 
171375     INFO  main            d.u.i.k.p.r.p.TestFile    Now processing file /home/runner/work/key/key/key.core/../key.ui/examples/standard_key/strings/substring4.key 
171376     INFO  main            d.u.i.k.p.i.AbstractProblemLoader Loading environment from /home/runner/work/key/key/key.core/../key.ui/examples/standard_key/strings/substring4.key 
171376     DEBUG main            d.u.i.k.p.i.AbstractProblemLoader Environment load took 417.71ns 
171377     INFO  main            d.u.i.k.p.i.AbstractProblemLoader Creating init config 
174096     DEBUG main            d.u.i.k.p.i.AbstractProblemLoader Init config took 2.72s 
174112     INFO  main            d.u.i.k.p.i.AbstractProblemLoader Replaying proof substring4.key 
174114     DEBUG main            d.u.i.k.p.i.IntermediateProofReplayer Proof replay took 8.8ns 
174216     INFO  main            d.u.i.k.p.r.p.TestFile    ... finished proof: closed. 
174541     INFO  main            d.u.i.k.p.i.AbstractProblemLoader Loading environment from /home/runner/work/key/key/key.core/../key.ui/examples/standard_key/strings/substring4.key.proof 
174541     DEBUG main            d.u.i.k.p.i.AbstractProblemLoader Environment load took 122.2ns 
174543     INFO  main            d.u.i.k.p.i.AbstractProblemLoader Creating init config 
177117     DEBUG main            d.u.i.k.p.i.AbstractProblemLoader Init config took 2.57s 
177133     INFO  main            d.u.i.k.p.i.AbstractProblemLoader Replaying proof substring4.key.proof 
177140     DEBUG main            d.u.i.k.p.i.IntermediateProofReplayer Proof replay took 4.54ms 
177141     DEBUG main            d.u.i.k.p.r.p.TestFile    ... success: reloaded. 
177141     INFO  main            d.u.i.k.p.r.p.TestFile    Now processing file /home/runner/work/key/key/key.core/../key.ui/examples/standard_key/strings/substring5.key 
177142     INFO  main            d.u.i.k.p.i.AbstractProblemLoader Loading environment from /home/runner/work/key/key/key.core/../key.ui/examples/standard_key/strings/substring5.key 
177142     DEBUG main            d.u.i.k.p.i.AbstractProblemLoader Environment load took 171.9ns 
177143     INFO  main            d.u.i.k.p.i.AbstractProblemLoader Creating init config 
179688     DEBUG main            d.u.i.k.p.i.AbstractProblemLoader Init config took 2.54s 
179703     INFO  main            d.u.i.k.p.i.AbstractProblemLoader Replaying proof substring5.key 
179704     DEBUG main            d.u.i.k.p.i.IntermediateProofReplayer Proof replay took 7.6ns 
180008     INFO  main            d.u.i.k.p.r.p.TestFile    ... finished proof: closed. 
180354     INFO  main            d.u.i.k.p.i.AbstractProblemLoader Loading environment from /home/runner/work/key/key/key.core/../key.ui/examples/standard_key/strings/substring5.key.proof 
180355     DEBUG main            d.u.i.k.p.i.AbstractProblemLoader Environment load took 118.6ns 
180356     INFO  main            d.u.i.k.p.i.AbstractProblemLoader Creating init config 
183123     DEBUG main            d.u.i.k.p.i.AbstractProblemLoader Init config took 2.77s 
183140     INFO  main            d.u.i.k.p.i.AbstractProblemLoader Replaying proof substring5.key.proof 
183183     DEBUG main            d.u.i.k.p.i.IntermediateProofReplayer Proof replay took 38.73ms 
183184     DEBUG main            d.u.i.k.p.r.p.TestFile    ... success: reloaded. 
5110080    INFO  Test worker     d.u.i.k.p.r.RunAllProofsTestUnit Returning from test strings 
5110081    INFO  Test worker     d.u.i.k.p.r.RunAllProofsTestUnit Running test simple_info_flow 
431        INFO  Timeout watchdog d.u.i.k.p.r.p.ForkedTestFileRunner Timeout watcher launched (2000 secs.) 
446        WARN  main            d.u.i.k.s.ProofSettings   The settings in /home/runner/.key/proof-settings.props are *not* read. 
483        INFO  main            d.u.i.k.p.r.p.TestFile    Now processing file /home/runner/work/key/key/key.core/../key.ui/examples/heap/information_flow/UpdateAbstraction_ex7_1_insecure.key 
635        INFO  main            d.u.i.k.p.i.AbstractProblemLoader Loading environment from /home/runner/work/key/key/key.core/../key.ui/examples/heap/information_flow/UpdateAbstraction_ex7_1_insecure.key 
660        DEBUG main            d.u.i.k.p.i.AbstractProblemLoader Environment load took 3.32ms 
948        INFO  main            d.u.i.k.p.i.AbstractProblemLoader Creating init config 
2077       DEBUG main            d.u.i.k.j.TypeConverter   No LDT found for Meta 
2078       DEBUG main            d.u.i.k.j.TypeConverter   No LDT found for Meta 
2080       DEBUG main            d.u.i.k.j.TypeConverter   No LDT found for Meta 
2080       DEBUG main            d.u.i.k.j.TypeConverter   No LDT found for Meta 
4280       DEBUG main            d.u.i.k.j.TypeConverter   No LDT found for JavaBigintExpression 
10426      DEBUG main            d.u.i.k.p.i.AbstractProblemLoader Init config took 9.48s 
10600      INFO  main            d.u.i.k.p.i.AbstractProblemLoader Replaying proof UpdateAbstraction[UpdateAbstraction::ex7_1_insecure()].JML operation contract.0 
10641      DEBUG main            d.u.i.k.p.i.IntermediateProofReplayer Proof replay took 48.7ns 
11348      INFO  main            d.u.i.k.p.r.p.TestFile    ... finished proof: open goal(s) 
11480      INFO  main            d.u.i.k.p.r.p.TestFile    Now processing file /home/runner/work/key/key/key.core/../key.ui/examples/heap/information_flow/UpdateAbstraction_ex7_2_insecure.key 
11481      INFO  main            d.u.i.k.p.i.AbstractProblemLoader Loading environment from /home/runner/work/key/key/key.core/../key.ui/examples/heap/information_flow/UpdateAbstraction_ex7_2_insecure.key 
11481      DEBUG main            d.u.i.k.p.i.AbstractProblemLoader Environment load took 111.9ns 
11483      INFO  main            d.u.i.k.p.i.AbstractProblemLoader Creating init config 
15006      DEBUG main            d.u.i.k.p.i.AbstractProblemLoader Init config took 3.52s 
15091      INFO  main            d.u.i.k.p.i.AbstractProblemLoader Replaying proof UpdateAbstraction[UpdateAbstraction::ex7_2_insecure()].JML operation contract.0 
15095      DEBUG main            d.u.i.k.p.i.IntermediateProofReplayer Proof replay took 6.7ns 
15501      INFO  main            d.u.i.k.p.r.p.TestFile    ... finished proof: open goal(s) 
5125935    INFO  Test worker     d.u.i.k.p.r.RunAllProofsTestUnit Returning from test simple_info_flow 
5125937    INFO  Test worker     d.u.i.k.p.r.RunAllProofsTestUnit Running test modelMethods 
396        INFO  Timeout watchdog d.u.i.k.p.r.p.ForkedTestFileRunner Timeout watcher launched (2000 secs.) 
417        WARN  main            d.u.i.k.s.ProofSettings   The settings in /home/runner/.key/proof-settings.props are *not* read. 
468        INFO  main            d.u.i.k.p.r.p.TestFile    Now processing file /home/runner/work/key/key/key.core/../key.ui/examples/heap/model_methods/Cell_footprint_acc.key 
627        INFO  main            d.u.i.k.p.i.AbstractProblemLoader Loading environment from /home/runner/work/key/key/key.core/../key.ui/examples/heap/model_methods/Cell_footprint_acc.key 
646        DEBUG main            d.u.i.k.p.i.AbstractProblemLoader Environment load took 2.31ms 
900        INFO  main            d.u.i.k.p.i.AbstractProblemLoader Creating init config 
2051       DEBUG main            d.u.i.k.j.TypeConverter   No LDT found for Meta 
2051       DEBUG main            d.u.i.k.j.TypeConverter   No LDT found for Meta 
2055       DEBUG main            d.u.i.k.j.TypeConverter   No LDT found for Meta 
2055       DEBUG main            d.u.i.k.j.TypeConverter   No LDT found for Meta 
3716       DEBUG main            d.u.i.k.j.TypeConverter   No LDT found for JavaBigintExpression 
10133      DEBUG main            d.u.i.k.p.i.AbstractProblemLoader Init config took 9.23s 
10294      INFO  main            d.u.i.k.p.i.AbstractProblemLoader Replaying proof Cell[Cell::footprint()].JML accessible clause.0 
10347      DEBUG main            d.u.i.k.p.i.IntermediateProofReplayer Proof replay took 46.4ns 
10985      INFO  main            d.u.i.k.p.r.p.TestFile    ... finished proof: closed. 
11115      INFO  main            d.u.i.k.p.i.AbstractProblemLoader Loading environment from /home/runner/work/key/key/key.core/../key.ui/examples/heap/model_methods/Cell_footprint_acc.key.proof 
11115      DEBUG main            d.u.i.k.p.i.AbstractProblemLoader Environment load took 444.11ns 
11119      INFO  main            d.u.i.k.p.i.AbstractProblemLoader Creating init config 
14974      DEBUG main            d.u.i.k.p.i.AbstractProblemLoader Init config took 3.85s 
15068      INFO  main            d.u.i.k.p.i.AbstractProblemLoader Replaying proof Cell[Cell::footprint()].JML accessible clause.0 
15161      DEBUG main            d.u.i.k.p.i.IntermediateProofReplayer Proof replay took 86.2ms 
15171      DEBUG main            d.u.i.k.p.r.p.TestFile    ... success: reloaded. 
15175      INFO  main            d.u.i.k.p.r.p.TestFile    Now processing file /home/runner/work/key/key/key.core/../key.ui/examples/heap/model_methods/Cell_footprint.key 
15180      INFO  main            d.u.i.k.p.i.AbstractProblemLoader Loading environment from /home/runner/work/key/key/key.core/../key.ui/examples/heap/model_methods/Cell_footprint.key 
15180      DEBUG main            d.u.i.k.p.i.AbstractProblemLoader Environment load took 389.61ns 
15185      INFO  main            d.u.i.k.p.i.AbstractProblemLoader Creating init config 
18757      DEBUG main            d.u.i.k.p.i.AbstractProblemLoader Init config took 3.57s 
18838      INFO  main            d.u.i.k.p.i.AbstractProblemLoader Replaying proof Cell[Cell::footprint()].JML model_behavior operation contract.0 
18840      DEBUG main            d.u.i.k.p.i.IntermediateProofReplayer Proof replay took 6ns 
18943      INFO  main            d.u.i.k.p.r.p.TestFile    ... finished proof: closed. 
19092      INFO  main            d.u.i.k.p.i.AbstractProblemLoader Loading environment from /home/runner/work/key/key/key.core/../key.ui/examples/heap/model_methods/Cell_footprint.key.proof 
19093      DEBUG main            d.u.i.k.p.i.AbstractProblemLoader Environment load took 151.5ns 
19094      INFO  main            d.u.i.k.p.i.AbstractProblemLoader Creating init config 
22448      DEBUG main            d.u.i.k.p.i.AbstractProblemLoader Init config took 3.35s 
22526      INFO  main            d.u.i.k.p.i.AbstractProblemLoader Replaying proof Cell[Cell::footprint()].JML model_behavior operation contract.0 
22540      DEBUG main            d.u.i.k.p.i.IntermediateProofReplayer Proof replay took 9.51ms 
22541      DEBUG main            d.u.i.k.p.r.p.TestFile    ... success: reloaded. 
22543      INFO  main            d.u.i.k.p.r.p.TestFile    Now processing file /home/runner/work/key/key/key.core/../key.ui/examples/heap/model_methods/Cell_get_acc.key 
22543      INFO  main            d.u.i.k.p.i.AbstractProblemLoader Loading environment from /home/runner/work/key/key/key.core/../key.ui/examples/heap/model_methods/Cell_get_acc.key 
22543      DEBUG main            d.u.i.k.p.i.AbstractProblemLoader Environment load took 203ns 
22545      INFO  main            d.u.i.k.p.i.AbstractProblemLoader Creating init config 
26050      DEBUG main            d.u.i.k.p.i.AbstractProblemLoader Init config took 3.51s 
26117      INFO  main            d.u.i.k.p.i.AbstractProblemLoader Replaying proof Cell[Cell::get()].JML accessible clause.0 
26120      DEBUG main            d.u.i.k.p.i.IntermediateProofReplayer Proof replay took 5.9ns 
26434      INFO  main            d.u.i.k.p.r.p.TestFile    ... finished proof: closed. 
26614      INFO  main            d.u.i.k.p.i.AbstractProblemLoader Loading environment from /home/runner/work/key/key/key.core/../key.ui/examples/heap/model_methods/Cell_get_acc.key.proof 
26616      DEBUG main            d.u.i.k.p.i.AbstractProblemLoader Environment load took 2.56ms 
26618      INFO  main            d.u.i.k.p.i.AbstractProblemLoader Creating init config 
29776      DEBUG main            d.u.i.k.p.i.AbstractProblemLoader Init config took 3.16s 
29842      INFO  main            d.u.i.k.p.i.AbstractProblemLoader Replaying proof Cell[Cell::get()].JML accessible clause.0 
29922      DEBUG main            d.u.i.k.p.i.IntermediateProofReplayer Proof replay took 72.62ms 
29923      DEBUG main            d.u.i.k.p.r.p.TestFile    ... success: reloaded. 
29927      INFO  main            d.u.i.k.p.r.p.TestFile    Now processing file /home/runner/work/key/key/key.core/../key.ui/examples/heap/model_methods/Cell_get.key 
29928      INFO  main            d.u.i.k.p.i.AbstractProblemLoader Loading environment from /home/runner/work/key/key/key.core/../key.ui/examples/heap/model_methods/Cell_get.key 
29928      DEBUG main            d.u.i.k.p.i.AbstractProblemLoader Environment load took 204.81ns 
29929      INFO  main            d.u.i.k.p.i.AbstractProblemLoader Creating init config 
33232      DEBUG main            d.u.i.k.p.i.AbstractProblemLoader Init config took 3.3s 
33298      INFO  main            d.u.i.k.p.i.AbstractProblemLoader Replaying proof Cell[Cell::get()].JML operation contract.0 
33301      DEBUG main            d.u.i.k.p.i.IntermediateProofReplayer Proof replay took 22.5ns 
33404      INFO  main            d.u.i.k.p.r.p.TestFile    ... finished proof: closed. 
33605      INFO  main            d.u.i.k.p.i.AbstractProblemLoader Loading environment from /home/runner/work/key/key/key.core/../key.ui/examples/heap/model_methods/Cell_get.key.proof 
33606      DEBUG main            d.u.i.k.p.i.AbstractProblemLoader Environment load took 162.2ns 
33607      INFO  main            d.u.i.k.p.i.AbstractProblemLoader Creating init config 
36852      DEBUG main            d.u.i.k.p.i.AbstractProblemLoader Init config took 3.24s 
36907      INFO  main            d.u.i.k.p.i.AbstractProblemLoader Replaying proof Cell[Cell::get()].JML operation contract.0 
36930      DEBUG main            d.u.i.k.p.i.IntermediateProofReplayer Proof replay took 20.53ms 
36931      DEBUG main            d.u.i.k.p.r.p.TestFile    ... success: reloaded. 
36933      INFO  main            d.u.i.k.p.r.p.TestFile    Now processing file /home/runner/work/key/key/key.core/../key.ui/examples/heap/model_methods/Cell_post_set.key 
36933      INFO  main            d.u.i.k.p.i.AbstractProblemLoader Loading environment from /home/runner/work/key/key/key.core/../key.ui/examples/heap/model_methods/Cell_post_set.key 
36934      DEBUG main            d.u.i.k.p.i.AbstractProblemLoader Environment load took 267.71ns 
36935      INFO  main            d.u.i.k.p.i.AbstractProblemLoader Creating init config 
40243      DEBUG main            d.u.i.k.p.i.AbstractProblemLoader Init config took 3.31s 
40301      INFO  main            d.u.i.k.p.i.AbstractProblemLoader Replaying proof Cell[Cell::post_set(int)].JML model_behavior operation contract.0 
40304      DEBUG main            d.u.i.k.p.i.IntermediateProofReplayer Proof replay took 6.4ns 
40407      INFO  main            d.u.i.k.p.r.p.TestFile    ... finished proof: closed. 
40605      INFO  main            d.u.i.k.p.i.AbstractProblemLoader Loading environment from /home/runner/work/key/key/key.core/../key.ui/examples/heap/model_methods/Cell_post_set.key.proof 
40606      DEBUG main            d.u.i.k.p.i.AbstractProblemLoader Environment load took 134.4ns 
40607      INFO  main            d.u.i.k.p.i.AbstractProblemLoader Creating init config 
43931      DEBUG main            d.u.i.k.p.i.AbstractProblemLoader Init config took 3.32s 
43991      INFO  main            d.u.i.k.p.i.AbstractProblemLoader Replaying proof Cell[Cell::post_set(int)].JML model_behavior operation contract.0 
44001      DEBUG main            d.u.i.k.p.i.IntermediateProofReplayer Proof replay took 7.25ms 
44002      DEBUG main            d.u.i.k.p.r.p.TestFile    ... success: reloaded. 
44003      INFO  main            d.u.i.k.p.r.p.TestFile    Now processing file /home/runner/work/key/key/key.core/../key.ui/examples/heap/model_methods/Cell_set.key 
44004      INFO  main            d.u.i.k.p.i.AbstractProblemLoader Loading environment from /home/runner/work/key/key/key.core/../key.ui/examples/heap/model_methods/Cell_set.key 
44004      DEBUG main            d.u.i.k.p.i.AbstractProblemLoader Environment load took 144ns 
44005      INFO  main            d.u.i.k.p.i.AbstractProblemLoader Creating init config 
47443      DEBUG main            d.u.i.k.p.i.AbstractProblemLoader Init config took 3.44s 
47506      INFO  main            d.u.i.k.p.i.AbstractProblemLoader Replaying proof Cell[Cell::set(int)].JML operation contract.0 
47508      DEBUG main            d.u.i.k.p.i.IntermediateProofReplayer Proof replay took 8.1ns 
55428      INFO  main            d.u.i.k.p.r.p.TestFile    ... finished proof: closed. 
55694      INFO  main            d.u.i.k.p.i.AbstractProblemLoader Loading environment from /home/runner/work/key/key/key.core/../key.ui/examples/heap/model_methods/Cell_set.key.proof 
55696      DEBUG main            d.u.i.k.p.i.AbstractProblemLoader Environment load took 2.08ms 
55698      INFO  main            d.u.i.k.p.i.AbstractProblemLoader Creating init config 
58833      DEBUG main            d.u.i.k.p.i.AbstractProblemLoader Init config took 3.13s 
58897      INFO  main            d.u.i.k.p.i.AbstractProblemLoader Replaying proof Cell[Cell::set(int)].JML operation contract.0 
59731      DEBUG main            d.u.i.k.p.i.IntermediateProofReplayer Proof replay took 808.74ms 
59733      DEBUG main            d.u.i.k.p.r.p.TestFile    ... success: reloaded. 
59734      INFO  main            d.u.i.k.p.r.p.TestFile    Now processing file /home/runner/work/key/key/key.core/../key.ui/examples/heap/model_methods/CellTest_callSet.key 
59735      INFO  main            d.u.i.k.p.i.AbstractProblemLoader Loading environment from /home/runner/work/key/key/key.core/../key.ui/examples/heap/model_methods/CellTest_callSet.key 
59735      DEBUG main            d.u.i.k.p.i.AbstractProblemLoader Environment load took 225.81ns 
59736      INFO  main            d.u.i.k.p.i.AbstractProblemLoader Creating init config 
62844      DEBUG main            d.u.i.k.p.i.AbstractProblemLoader Init config took 3.11s 
62892      INFO  main            d.u.i.k.p.i.AbstractProblemLoader Replaying proof CellTest[CellTest::callSet(Cell,int)].JML operation contract.0 
62894      DEBUG main            d.u.i.k.p.i.IntermediateProofReplayer Proof replay took 6.9ns 
63098      INFO  main            d.u.i.k.p.r.p.TestFile    ... finished proof: closed. 
63331      INFO  main            d.u.i.k.p.i.AbstractProblemLoader Loading environment from /home/runner/work/key/key/key.core/../key.ui/examples/heap/model_methods/CellTest_callSet.key.proof 
63331      DEBUG main            d.u.i.k.p.i.AbstractProblemLoader Environment load took 131.7ns 
63332      INFO  main            d.u.i.k.p.i.AbstractProblemLoader Creating init config 
66537      DEBUG main            d.u.i.k.p.i.AbstractProblemLoader Init config took 3.21s 
66594      INFO  main            d.u.i.k.p.i.AbstractProblemLoader Replaying proof CellTest[CellTest::callSet(Cell,int)].JML operation contract.0 
66647      DEBUG main            d.u.i.k.p.i.IntermediateProofReplayer Proof replay took 49.58ms 
66648      DEBUG main            d.u.i.k.p.r.p.TestFile    ... success: reloaded. 
66650      INFO  main            d.u.i.k.p.r.p.TestFile    Now processing file /home/runner/work/key/key/key.core/../key.ui/examples/heap/model_methods/CellTest_test2.key 
66650      INFO  main            d.u.i.k.p.i.AbstractProblemLoader Loading environment from /home/runner/work/key/key/key.core/../key.ui/examples/heap/model_methods/CellTest_test2.key 
66650      DEBUG main            d.u.i.k.p.i.AbstractProblemLoader Environment load took 168.6ns 
66651      INFO  main            d.u.i.k.p.i.AbstractProblemLoader Creating init config 
70006      DEBUG main            d.u.i.k.p.i.AbstractProblemLoader Init config took 3.36s 
70067      INFO  main            d.u.i.k.p.i.AbstractProblemLoader Replaying proof CellTest[CellTest::test2(Cell)].JML operation contract.0 
70069      DEBUG main            d.u.i.k.p.i.IntermediateProofReplayer Proof replay took 24.9ns 
70473      INFO  main            d.u.i.k.p.r.p.TestFile    ... finished proof: closed. 
70738      INFO  main            d.u.i.k.p.i.AbstractProblemLoader Loading environment from /home/runner/work/key/key/key.core/../key.ui/examples/heap/model_methods/CellTest_test2.key.proof 
70739      DEBUG main            d.u.i.k.p.i.AbstractProblemLoader Environment load took 647.61ns 
70741      INFO  main            d.u.i.k.p.i.AbstractProblemLoader Creating init config 
73855      DEBUG main            d.u.i.k.p.i.AbstractProblemLoader Init config took 3.11s 
73916      INFO  main            d.u.i.k.p.i.AbstractProblemLoader Replaying proof CellTest[CellTest::test2(Cell)].JML operation contract.0 
74027      DEBUG main            d.u.i.k.p.i.IntermediateProofReplayer Proof replay took 108.22ms 
74029      DEBUG main            d.u.i.k.p.r.p.TestFile    ... success: reloaded. 
74030      INFO  main            d.u.i.k.p.r.p.TestFile    Now processing file /home/runner/work/key/key/key.core/../key.ui/examples/heap/model_methods/CellTest_test.key 
74030      INFO  main            d.u.i.k.p.i.AbstractProblemLoader Loading environment from /home/runner/work/key/key/key.core/../key.ui/examples/heap/model_methods/CellTest_test.key 
74031      DEBUG main            d.u.i.k.p.i.AbstractProblemLoader Environment load took 226.71ns 
74032      INFO  main            d.u.i.k.p.i.AbstractProblemLoader Creating init config 
77518      DEBUG main            d.u.i.k.p.i.AbstractProblemLoader Init config took 3.49s 
77574      INFO  main            d.u.i.k.p.i.AbstractProblemLoader Replaying proof CellTest[CellTest::test(Recell)].JML operation contract.0 
77576      DEBUG main            d.u.i.k.p.i.IntermediateProofReplayer Proof replay took 7.2ns 
81123      INFO  main            d.u.i.k.p.r.p.TestFile    ... finished proof: closed. 
81420      INFO  main            d.u.i.k.p.i.AbstractProblemLoader Loading environment from /home/runner/work/key/key/key.core/../key.ui/examples/heap/model_methods/CellTest_test.key.proof 
81421      DEBUG main            d.u.i.k.p.i.AbstractProblemLoader Environment load took 929.92ns 
81424      INFO  main            d.u.i.k.p.i.AbstractProblemLoader Creating init config 
84775      DEBUG main            d.u.i.k.p.i.AbstractProblemLoader Init config took 3.35s 
84834      INFO  main            d.u.i.k.p.i.AbstractProblemLoader Replaying proof CellTest[CellTest::test(Recell)].JML operation contract.0 
85644      DEBUG main            d.u.i.k.p.i.IntermediateProofReplayer Proof replay took 785.19ms 
85646      DEBUG main            d.u.i.k.p.r.p.TestFile    ... success: reloaded. 
85647      INFO  main            d.u.i.k.p.r.p.TestFile    Now processing file /home/runner/work/key/key/key.core/../key.ui/examples/heap/model_methods/Coll1_add.key 
85648      INFO  main            d.u.i.k.p.i.AbstractProblemLoader Loading environment from /home/runner/work/key/key/key.core/../key.ui/examples/heap/model_methods/Coll1_add.key 
85648      DEBUG main            d.u.i.k.p.i.AbstractProblemLoader Environment load took 224.6ns 
85649      INFO  main            d.u.i.k.p.i.AbstractProblemLoader Creating init config 
89206      DEBUG main            d.u.i.k.p.i.AbstractProblemLoader Init config took 3.56s 
89254      INFO  main            d.u.i.k.p.i.AbstractProblemLoader Replaying proof Coll1[Coll::add(int)].JML operation contract.0 
89257      DEBUG main            d.u.i.k.p.i.IntermediateProofReplayer Proof replay took 9.4ns 
89361      INFO  main            d.u.i.k.p.r.p.TestFile    ... finished proof: closed. 
89610      INFO  main            d.u.i.k.p.i.AbstractProblemLoader Loading environment from /home/runner/work/key/key/key.core/../key.ui/examples/heap/model_methods/Coll1_add.key.proof 
89610      DEBUG main            d.u.i.k.p.i.AbstractProblemLoader Environment load took 143.8ns 
89611      INFO  main            d.u.i.k.p.i.AbstractProblemLoader Creating init config 
92711      DEBUG main            d.u.i.k.p.i.AbstractProblemLoader Init config took 3.1s 
92759      INFO  main            d.u.i.k.p.i.AbstractProblemLoader Replaying proof Coll1[Coll::add(int)].JML operation contract.0 
92770      DEBUG main            d.u.i.k.p.i.IntermediateProofReplayer Proof replay took 8.18ms 
92771      DEBUG main            d.u.i.k.p.r.p.TestFile    ... success: reloaded. 
92772      INFO  main            d.u.i.k.p.r.p.TestFile    Now processing file /home/runner/work/key/key/key.core/../key.ui/examples/heap/model_methods/Coll1_Coll1_add_pre.key 
92773      INFO  main            d.u.i.k.p.i.AbstractProblemLoader Loading environment from /home/runner/work/key/key/key.core/../key.ui/examples/heap/model_methods/Coll1_Coll1_add_pre.key 
92773      DEBUG main            d.u.i.k.p.i.AbstractProblemLoader Environment load took 79.5ns 
92774      INFO  main            d.u.i.k.p.i.AbstractProblemLoader Creating init config 
96414      DEBUG main            d.u.i.k.p.i.AbstractProblemLoader Init config took 3.64s 
96462      INFO  main            d.u.i.k.p.i.AbstractProblemLoader Replaying proof Coll1[Coll1::add_pre(int)].JML model_behavior operation contract.0 
96465      DEBUG main            d.u.i.k.p.i.IntermediateProofReplayer Proof replay took 7.8ns 
96569      INFO  main            d.u.i.k.p.r.p.TestFile    ... finished proof: closed. 
96826      INFO  main            d.u.i.k.p.i.AbstractProblemLoader Loading environment from /home/runner/work/key/key/key.core/../key.ui/examples/heap/model_methods/Coll1_Coll1_add_pre.key.proof 
96827      DEBUG main            d.u.i.k.p.i.AbstractProblemLoader Environment load took 154.2ns 
96828      INFO  main            d.u.i.k.p.i.AbstractProblemLoader Creating init config 
100180     DEBUG main            d.u.i.k.p.i.AbstractProblemLoader Init config took 3.35s 
100241     INFO  main            d.u.i.k.p.i.AbstractProblemLoader Replaying proof Coll1[Coll1::add_pre(int)].JML model_behavior operation contract.0 
100248     DEBUG main            d.u.i.k.p.i.IntermediateProofReplayer Proof replay took 2.18ms 
100250     DEBUG main            d.u.i.k.p.r.p.TestFile    ... success: reloaded. 
100254     INFO  main            d.u.i.k.p.r.p.TestFile    Now processing file /home/runner/work/key/key/key.core/../key.ui/examples/heap/model_methods/Coll1_Coll_add_pre.key 
100256     INFO  main            d.u.i.k.p.i.AbstractProblemLoader Loading environment from /home/runner/work/key/key/key.core/../key.ui/examples/heap/model_methods/Coll1_Coll_add_pre.key 
100256     DEBUG main            d.u.i.k.p.i.AbstractProblemLoader Environment load took 220.3ns 
100257     INFO  main            d.u.i.k.p.i.AbstractProblemLoader Creating init config 
103682     DEBUG main            d.u.i.k.p.i.AbstractProblemLoader Init config took 3.43s 
103730     INFO  main            d.u.i.k.p.i.AbstractProblemLoader Replaying proof Coll1[Coll::add_pre(int)].JML model_behavior operation contract.0 
103733     DEBUG main            d.u.i.k.p.i.IntermediateProofReplayer Proof replay took 7.6ns 
103835     INFO  main            d.u.i.k.p.r.p.TestFile    ... finished proof: closed. 
104102     INFO  main            d.u.i.k.p.i.AbstractProblemLoader Loading environment from /home/runner/work/key/key/key.core/../key.ui/examples/heap/model_methods/Coll1_Coll_add_pre.key.proof 
104102     DEBUG main            d.u.i.k.p.i.AbstractProblemLoader Environment load took 143.8ns 
104103     INFO  main            d.u.i.k.p.i.AbstractProblemLoader Creating init config 
107399     DEBUG main            d.u.i.k.p.i.AbstractProblemLoader Init config took 3.3s 
107465     INFO  main            d.u.i.k.p.i.AbstractProblemLoader Replaying proof Coll1[Coll::add_pre(int)].JML model_behavior operation contract.0 
107470     DEBUG main            d.u.i.k.p.i.IntermediateProofReplayer Proof replay took 2.85ms 
107471     DEBUG main            d.u.i.k.p.r.p.TestFile    ... success: reloaded. 
107472     INFO  main            d.u.i.k.p.r.p.TestFile    Now processing file /home/runner/work/key/key/key.core/../key.ui/examples/heap/model_methods/Coll2_add.key 
107473     INFO  main            d.u.i.k.p.i.AbstractProblemLoader Loading environment from /home/runner/work/key/key/key.core/../key.ui/examples/heap/model_methods/Coll2_add.key 
107473     DEBUG main            d.u.i.k.p.i.AbstractProblemLoader Environment load took 232.5ns 
107474     INFO  main            d.u.i.k.p.i.AbstractProblemLoader Creating init config 
110835     DEBUG main            d.u.i.k.p.i.AbstractProblemLoader Init config took 3.36s 
110889     INFO  main            d.u.i.k.p.i.AbstractProblemLoader Replaying proof Coll2[Coll::add(int)].JML operation contract.0 
110892     DEBUG main            d.u.i.k.p.i.IntermediateProofReplayer Proof replay took 7.9ns 
110994     INFO  main            d.u.i.k.p.r.p.TestFile    ... finished proof: closed. 
111244     INFO  main            d.u.i.k.p.i.AbstractProblemLoader Loading environment from /home/runner/work/key/key/key.core/../key.ui/examples/heap/model_methods/Coll2_add.key.proof 
111244     DEBUG main            d.u.i.k.p.i.AbstractProblemLoader Environment load took 126.4ns 
111246     INFO  main            d.u.i.k.p.i.AbstractProblemLoader Creating init config 
114465     DEBUG main            d.u.i.k.p.i.AbstractProblemLoader Init config took 3.22s 
114514     INFO  main            d.u.i.k.p.i.AbstractProblemLoader Replaying proof Coll2[Coll::add(int)].JML operation contract.0 
114525     DEBUG main            d.u.i.k.p.i.IntermediateProofReplayer Proof replay took 7.76ms 
114526     DEBUG main            d.u.i.k.p.r.p.TestFile    ... success: reloaded. 
114527     INFO  main            d.u.i.k.p.r.p.TestFile    Now processing file /home/runner/work/key/key/key.core/../key.ui/examples/heap/model_methods/Coll2_Coll2_add_pre.key 
114527     INFO  main            d.u.i.k.p.i.AbstractProblemLoader Loading environment from /home/runner/work/key/key/key.core/../key.ui/examples/heap/model_methods/Coll2_Coll2_add_pre.key 
114528     DEBUG main            d.u.i.k.p.i.AbstractProblemLoader Environment load took 262.61ns 
114529     INFO  main            d.u.i.k.p.i.AbstractProblemLoader Creating init config 
117529     DEBUG main            d.u.i.k.p.i.AbstractProblemLoader Init config took 3s 
117600     INFO  main            d.u.i.k.p.i.AbstractProblemLoader Replaying proof Coll2[Coll2::add_pre(int)].JML model_behavior operation contract.0 
117607     DEBUG main            d.u.i.k.p.i.IntermediateProofReplayer Proof replay took 7.3ns 
117709     INFO  main            d.u.i.k.p.r.p.TestFile    ... finished proof: closed. 
118005     INFO  main            d.u.i.k.p.i.AbstractProblemLoader Loading environment from /home/runner/work/key/key/key.core/../key.ui/examples/heap/model_methods/Coll2_Coll2_add_pre.key.proof 
118005     DEBUG main            d.u.i.k.p.i.AbstractProblemLoader Environment load took 153.4ns 
118006     INFO  main            d.u.i.k.p.i.AbstractProblemLoader Creating init config 
121155     DEBUG main            d.u.i.k.p.i.AbstractProblemLoader Init config took 3.15s 
121202     INFO  main            d.u.i.k.p.i.AbstractProblemLoader Replaying proof Coll2[Coll2::add_pre(int)].JML model_behavior operation contract.0 
121205     DEBUG main            d.u.i.k.p.i.IntermediateProofReplayer Proof replay took 1.7ms 
121206     DEBUG main            d.u.i.k.p.r.p.TestFile    ... success: reloaded. 
121207     INFO  main            d.u.i.k.p.r.p.TestFile    Now processing file /home/runner/work/key/key/key.core/../key.ui/examples/heap/model_methods/Coll2_Coll_add_pre.key 
121207     INFO  main            d.u.i.k.p.i.AbstractProblemLoader Loading environment from /home/runner/work/key/key/key.core/../key.ui/examples/heap/model_methods/Coll2_Coll_add_pre.key 
121208     DEBUG main            d.u.i.k.p.i.AbstractProblemLoader Environment load took 101.2ns 
121209     INFO  main            d.u.i.k.p.i.AbstractProblemLoader Creating init config 
124299     DEBUG main            d.u.i.k.p.i.AbstractProblemLoader Init config took 3.09s 
124345     INFO  main            d.u.i.k.p.i.AbstractProblemLoader Replaying proof Coll2[Coll::add_pre(int)].JML model_behavior operation contract.0 
124347     DEBUG main            d.u.i.k.p.i.IntermediateProofReplayer Proof replay took 8.3ns 
124453     INFO  main            d.u.i.k.p.r.p.TestFile    ... finished proof: closed. 
124718     INFO  main            d.u.i.k.p.i.AbstractProblemLoader Loading environment from /home/runner/work/key/key/key.core/../key.ui/examples/heap/model_methods/Coll2_Coll_add_pre.key.proof 
124718     DEBUG main            d.u.i.k.p.i.AbstractProblemLoader Environment load took 118.2ns 
124719     INFO  main            d.u.i.k.p.i.AbstractProblemLoader Creating init config 
127785     DEBUG main            d.u.i.k.p.i.AbstractProblemLoader Init config took 3.07s 
127829     INFO  main            d.u.i.k.p.i.AbstractProblemLoader Replaying proof Coll2[Coll::add_pre(int)].JML model_behavior operation contract.0 
127834     DEBUG main            d.u.i.k.p.i.IntermediateProofReplayer Proof replay took 2.56ms 
127836     DEBUG main            d.u.i.k.p.r.p.TestFile    ... success: reloaded. 
127837     INFO  main            d.u.i.k.p.r.p.TestFile    Now processing file /home/runner/work/key/key/key.core/../key.ui/examples/heap/model_methods/Coll_add.key 
127837     INFO  main            d.u.i.k.p.i.AbstractProblemLoader Loading environment from /home/runner/work/key/key/key.core/../key.ui/examples/heap/model_methods/Coll_add.key 
127837     DEBUG main            d.u.i.k.p.i.AbstractProblemLoader Environment load took 68.6ns 
127838     INFO  main            d.u.i.k.p.i.AbstractProblemLoader Creating init config 
131013     DEBUG main            d.u.i.k.p.i.AbstractProblemLoader Init config took 3.17s 
131060     INFO  main            d.u.i.k.p.i.AbstractProblemLoader Replaying proof Coll[Coll::add(int)].JML operation contract.0 
131062     DEBUG main            d.u.i.k.p.i.IntermediateProofReplayer Proof replay took 6.8ns 
131166     INFO  main            d.u.i.k.p.r.p.TestFile    ... finished proof: closed. 
131472     INFO  main            d.u.i.k.p.i.AbstractProblemLoader Loading environment from /home/runner/work/key/key/key.core/../key.ui/examples/heap/model_methods/Coll_add.key.proof 
131472     DEBUG main            d.u.i.k.p.i.AbstractProblemLoader Environment load took 151.1ns 
131473     INFO  main            d.u.i.k.p.i.AbstractProblemLoader Creating init config 
134501     DEBUG main            d.u.i.k.p.i.AbstractProblemLoader Init config took 3.03s 
134549     INFO  main            d.u.i.k.p.i.AbstractProblemLoader Replaying proof Coll[Coll::add(int)].JML operation contract.0 
134559     DEBUG main            d.u.i.k.p.i.IntermediateProofReplayer Proof replay took 6.13ms 
134560     DEBUG main            d.u.i.k.p.r.p.TestFile    ... success: reloaded. 
134562     INFO  main            d.u.i.k.p.r.p.TestFile    Now processing file /home/runner/work/key/key/key.core/../key.ui/examples/heap/model_methods/Coll_add_pre.key 
134562     INFO  main            d.u.i.k.p.i.AbstractProblemLoader Loading environment from /home/runner/work/key/key/key.core/../key.ui/examples/heap/model_methods/Coll_add_pre.key 
134563     DEBUG main            d.u.i.k.p.i.AbstractProblemLoader Environment load took 139.7ns 
134564     INFO  main            d.u.i.k.p.i.AbstractProblemLoader Creating init config 
137699     DEBUG main            d.u.i.k.p.i.AbstractProblemLoader Init config took 3.14s 
137749     INFO  main            d.u.i.k.p.i.AbstractProblemLoader Replaying proof Coll[Coll::add_pre(int)].JML model_behavior operation contract.0 
137751     DEBUG main            d.u.i.k.p.i.IntermediateProofReplayer Proof replay took 7.1ns 
137854     INFO  main            d.u.i.k.p.r.p.TestFile    ... finished proof: closed. 
138161     INFO  main            d.u.i.k.p.i.AbstractProblemLoader Loading environment from /home/runner/work/key/key/key.core/../key.ui/examples/heap/model_methods/Coll_add_pre.key.proof 
138161     DEBUG main            d.u.i.k.p.i.AbstractProblemLoader Environment load took 159.3ns 
138162     INFO  main            d.u.i.k.p.i.AbstractProblemLoader Creating init config 
141215     DEBUG main            d.u.i.k.p.i.AbstractProblemLoader Init config took 3.05s 
141256     INFO  main            d.u.i.k.p.i.AbstractProblemLoader Replaying proof Coll[Coll::add_pre(int)].JML model_behavior operation contract.0 
141262     DEBUG main            d.u.i.k.p.i.IntermediateProofReplayer Proof replay took 5.04ms 
141263     DEBUG main            d.u.i.k.p.r.p.TestFile    ... success: reloaded. 
141264     INFO  main            d.u.i.k.p.r.p.TestFile    Now processing file /home/runner/work/key/key/key.core/../key.ui/examples/heap/model_methods/Indirect_callAdd.key 
141265     INFO  main            d.u.i.k.p.i.AbstractProblemLoader Loading environment from /home/runner/work/key/key/key.core/../key.ui/examples/heap/model_methods/Indirect_callAdd.key 
141265     DEBUG main            d.u.i.k.p.i.AbstractProblemLoader Environment load took 105.4ns 
141266     INFO  main            d.u.i.k.p.i.AbstractProblemLoader Creating init config 
144333     DEBUG main            d.u.i.k.p.i.AbstractProblemLoader Init config took 3.07s 
144373     INFO  main            d.u.i.k.p.i.AbstractProblemLoader Replaying proof Indirect[Indirect::callAdd(Coll,int)].JML operation contract.0 
144375     DEBUG main            d.u.i.k.p.i.IntermediateProofReplayer Proof replay took 7ns 
144477     INFO  main            d.u.i.k.p.r.p.TestFile    ... finished proof: closed. 
144768     INFO  main            d.u.i.k.p.i.AbstractProblemLoader Loading environment from /home/runner/work/key/key/key.core/../key.ui/examples/heap/model_methods/Indirect_callAdd.key.proof 
144768     DEBUG main            d.u.i.k.p.i.AbstractProblemLoader Environment load took 134.7ns 
144769     INFO  main            d.u.i.k.p.i.AbstractProblemLoader Creating init config 
147684     DEBUG main            d.u.i.k.p.i.AbstractProblemLoader Init config took 2.92s 
147732     INFO  main            d.u.i.k.p.i.AbstractProblemLoader Replaying proof Indirect[Indirect::callAdd(Coll,int)].JML operation contract.0 
147766     DEBUG main            d.u.i.k.p.i.IntermediateProofReplayer Proof replay took 30.93ms 
147767     DEBUG main            d.u.i.k.p.r.p.TestFile    ... success: reloaded. 
147768     INFO  main            d.u.i.k.p.r.p.TestFile    Now processing file /home/runner/work/key/key/key.core/../key.ui/examples/heap/model_methods/Indirect_test.key 
147769     INFO  main            d.u.i.k.p.i.AbstractProblemLoader Loading environment from /home/runner/work/key/key/key.core/../key.ui/examples/heap/model_methods/Indirect_test.key 
147769     DEBUG main            d.u.i.k.p.i.AbstractProblemLoader Environment load took 92.8ns 
147770     INFO  main            d.u.i.k.p.i.AbstractProblemLoader Creating init config 
150940     DEBUG main            d.u.i.k.p.i.AbstractProblemLoader Init config took 3.17s 
151010     INFO  main            d.u.i.k.p.i.AbstractProblemLoader Replaying proof Indirect[Indirect::test(Coll1,Coll2)].JML operation contract.0 
151012     DEBUG main            d.u.i.k.p.i.IntermediateProofReplayer Proof replay took 7.7ns 
151318     INFO  main            d.u.i.k.p.r.p.TestFile    ... finished proof: closed. 
151622     INFO  main            d.u.i.k.p.i.AbstractProblemLoader Loading environment from /home/runner/work/key/key/key.core/../key.ui/examples/heap/model_methods/Indirect_test.key.proof 
151622     DEBUG main            d.u.i.k.p.i.AbstractProblemLoader Environment load took 214.91ns 
151623     INFO  main            d.u.i.k.p.i.AbstractProblemLoader Creating init config 
154586     DEBUG main            d.u.i.k.p.i.AbstractProblemLoader Init config took 2.96s 
154627     INFO  main            d.u.i.k.p.i.AbstractProblemLoader Replaying proof Indirect[Indirect::test(Coll1,Coll2)].JML operation contract.0 
154697     DEBUG main            d.u.i.k.p.i.IntermediateProofReplayer Proof replay took 66.26ms 
154698     DEBUG main            d.u.i.k.p.r.p.TestFile    ... success: reloaded. 
154699     INFO  main            d.u.i.k.p.r.p.TestFile    Now processing file /home/runner/work/key/key/key.core/../key.ui/examples/heap/model_methods/Recell_Cell_footprint.key 
154700     INFO  main            d.u.i.k.p.i.AbstractProblemLoader Loading environment from /home/runner/work/key/key/key.core/../key.ui/examples/heap/model_methods/Recell_Cell_footprint.key 
154700     DEBUG main            d.u.i.k.p.i.AbstractProblemLoader Environment load took 137.2ns 
154701     INFO  main            d.u.i.k.p.i.AbstractProblemLoader Creating init config 
157890     DEBUG main            d.u.i.k.p.i.AbstractProblemLoader Init config took 3.19s 
157953     INFO  main            d.u.i.k.p.i.AbstractProblemLoader Replaying proof Recell[Cell::footprint()].JML model_behavior operation contract.0 
157955     DEBUG main            d.u.i.k.p.i.IntermediateProofReplayer Proof replay took 6.9ns 
158061     INFO  main            d.u.i.k.p.r.p.TestFile    ... finished proof: closed. 
158390     INFO  main            d.u.i.k.p.i.AbstractProblemLoader Loading environment from /home/runner/work/key/key/key.core/../key.ui/examples/heap/model_methods/Recell_Cell_footprint.key.proof 
158390     DEBUG main            d.u.i.k.p.i.AbstractProblemLoader Environment load took 164.2ns 
158391     INFO  main            d.u.i.k.p.i.AbstractProblemLoader Creating init config 
161760     DEBUG main            d.u.i.k.p.i.AbstractProblemLoader Init config took 3.37s 
161806     INFO  main            d.u.i.k.p.i.AbstractProblemLoader Replaying proof Recell[Cell::footprint()].JML model_behavior operation contract.0 
161813     DEBUG main            d.u.i.k.p.i.IntermediateProofReplayer Proof replay took 4.69ms 
161814     DEBUG main            d.u.i.k.p.r.p.TestFile    ... success: reloaded. 
161815     INFO  main            d.u.i.k.p.r.p.TestFile    Now processing file /home/runner/work/key/key/key.core/../key.ui/examples/heap/model_methods/Recell_Cell_post_set.key 
161815     INFO  main            d.u.i.k.p.i.AbstractProblemLoader Loading environment from /home/runner/work/key/key/key.core/../key.ui/examples/heap/model_methods/Recell_Cell_post_set.key 
161815     DEBUG main            d.u.i.k.p.i.AbstractProblemLoader Environment load took 140.4ns 
161816     INFO  main            d.u.i.k.p.i.AbstractProblemLoader Creating init config 
165083     DEBUG main            d.u.i.k.p.i.AbstractProblemLoader Init config took 3.27s 
165130     INFO  main            d.u.i.k.p.i.AbstractProblemLoader Replaying proof Recell[Cell::post_set(int)].JML model_behavior operation contract.0 
165133     DEBUG main            d.u.i.k.p.i.IntermediateProofReplayer Proof replay took 7.9ns 
165237     INFO  main            d.u.i.k.p.r.p.TestFile    ... finished proof: closed. 
165555     INFO  main            d.u.i.k.p.i.AbstractProblemLoader Loading environment from /home/runner/work/key/key/key.core/../key.ui/examples/heap/model_methods/Recell_Cell_post_set.key.proof 
165556     DEBUG main            d.u.i.k.p.i.AbstractProblemLoader Environment load took 241.4ns 
165557     INFO  main            d.u.i.k.p.i.AbstractProblemLoader Creating init config 
168548     DEBUG main            d.u.i.k.p.i.AbstractProblemLoader Init config took 2.99s 
168590     INFO  main            d.u.i.k.p.i.AbstractProblemLoader Replaying proof Recell[Cell::post_set(int)].JML model_behavior operation contract.0 
168597     DEBUG main            d.u.i.k.p.i.IntermediateProofReplayer Proof replay took 4.91ms 
168598     DEBUG main            d.u.i.k.p.r.p.TestFile    ... success: reloaded. 
168599     INFO  main            d.u.i.k.p.r.p.TestFile    Now processing file /home/runner/work/key/key/key.core/../key.ui/examples/heap/model_methods/Recell_footprint_acc.key 
168599     INFO  main            d.u.i.k.p.i.AbstractProblemLoader Loading environment from /home/runner/work/key/key/key.core/../key.ui/examples/heap/model_methods/Recell_footprint_acc.key 
168599     DEBUG main            d.u.i.k.p.i.AbstractProblemLoader Environment load took 81.8ns 
168600     INFO  main            d.u.i.k.p.i.AbstractProblemLoader Creating init config 
171534     DEBUG main            d.u.i.k.p.i.AbstractProblemLoader Init config took 2.93s 
171575     INFO  main            d.u.i.k.p.i.AbstractProblemLoader Replaying proof Recell[Cell::footprint()].JML accessible clause.0 
171576     DEBUG main            d.u.i.k.p.i.IntermediateProofReplayer Proof replay took 6.9ns 
171683     INFO  main            d.u.i.k.p.r.p.TestFile    ... finished proof: closed. 
171987     INFO  main            d.u.i.k.p.i.AbstractProblemLoader Loading environment from /home/runner/work/key/key/key.core/../key.ui/examples/heap/model_methods/Recell_footprint_acc.key.proof 
171987     DEBUG main            d.u.i.k.p.i.AbstractProblemLoader Environment load took 116.1ns 
171988     INFO  main            d.u.i.k.p.i.AbstractProblemLoader Creating init config 
175018     DEBUG main            d.u.i.k.p.i.AbstractProblemLoader Init config took 3.03s 
175060     INFO  main            d.u.i.k.p.i.AbstractProblemLoader Replaying proof Recell[Cell::footprint()].JML accessible clause.0 
175085     DEBUG main            d.u.i.k.p.i.IntermediateProofReplayer Proof replay took 22.92ms 
175086     DEBUG main            d.u.i.k.p.r.p.TestFile    ... success: reloaded. 
175088     INFO  main            d.u.i.k.p.r.p.TestFile    Now processing file /home/runner/work/key/key/key.core/../key.ui/examples/heap/model_methods/Recell_get_acc.key 
175088     INFO  main            d.u.i.k.p.i.AbstractProblemLoader Loading environment from /home/runner/work/key/key/key.core/../key.ui/examples/heap/model_methods/Recell_get_acc.key 
175088     DEBUG main            d.u.i.k.p.i.AbstractProblemLoader Environment load took 140.6ns 
175089     INFO  main            d.u.i.k.p.i.AbstractProblemLoader Creating init config 
178040     DEBUG main            d.u.i.k.p.i.AbstractProblemLoader Init config took 2.95s 
178083     INFO  main            d.u.i.k.p.i.AbstractProblemLoader Replaying proof Recell[Cell::get()].JML accessible clause.0 
178084     DEBUG main            d.u.i.k.p.i.IntermediateProofReplayer Proof replay took 7.5ns 
178190     INFO  main            d.u.i.k.p.r.p.TestFile    ... finished proof: closed. 
178533     INFO  main            d.u.i.k.p.i.AbstractProblemLoader Loading environment from /home/runner/work/key/key/key.core/../key.ui/examples/heap/model_methods/Recell_get_acc.key.proof 
178534     DEBUG main            d.u.i.k.p.i.AbstractProblemLoader Environment load took 116.6ns 
178534     INFO  main            d.u.i.k.p.i.AbstractProblemLoader Creating init config 
181475     DEBUG main            d.u.i.k.p.i.AbstractProblemLoader Init config took 2.94s 
181517     INFO  main            d.u.i.k.p.i.AbstractProblemLoader Replaying proof Recell[Cell::get()].JML accessible clause.0 
181543     DEBUG main            d.u.i.k.p.i.IntermediateProofReplayer Proof replay took 23.9ms 
181545     DEBUG main            d.u.i.k.p.r.p.TestFile    ... success: reloaded. 
181546     INFO  main            d.u.i.k.p.r.p.TestFile    Now processing file /home/runner/work/key/key/key.core/../key.ui/examples/heap/model_methods/Recell_get.key 
181546     INFO  main            d.u.i.k.p.i.AbstractProblemLoader Loading environment from /home/runner/work/key/key/key.core/../key.ui/examples/heap/model_methods/Recell_get.key 
181546     DEBUG main            d.u.i.k.p.i.AbstractProblemLoader Environment load took 107.7ns 
181548     INFO  main            d.u.i.k.p.i.AbstractProblemLoader Creating init config 
184511     DEBUG main            d.u.i.k.p.i.AbstractProblemLoader Init config took 2.96s 
184554     INFO  main            d.u.i.k.p.i.AbstractProblemLoader Replaying proof Recell[Cell::get()].JML operation contract.0 
184556     DEBUG main            d.u.i.k.p.i.IntermediateProofReplayer Proof replay took 7.5ns 
184658     INFO  main            d.u.i.k.p.r.p.TestFile    ... finished proof: closed. 
185004     INFO  main            d.u.i.k.p.i.AbstractProblemLoader Loading environment from /home/runner/work/key/key/key.core/../key.ui/examples/heap/model_methods/Recell_get.key.proof 
185004     DEBUG main            d.u.i.k.p.i.AbstractProblemLoader Environment load took 148.5ns 
185005     INFO  main            d.u.i.k.p.i.AbstractProblemLoader Creating init config 
187824     DEBUG main            d.u.i.k.p.i.AbstractProblemLoader Init config took 2.82s 
187868     INFO  main            d.u.i.k.p.i.AbstractProblemLoader Replaying proof Recell[Cell::get()].JML operation contract.0 
187881     DEBUG main            d.u.i.k.p.i.IntermediateProofReplayer Proof replay took 11.23ms 
187882     DEBUG main            d.u.i.k.p.r.p.TestFile    ... success: reloaded. 
187883     INFO  main            d.u.i.k.p.r.p.TestFile    Now processing file /home/runner/work/key/key/key.core/../key.ui/examples/heap/model_methods/Recell_Recell_footprint.key 
187883     INFO  main            d.u.i.k.p.i.AbstractProblemLoader Loading environment from /home/runner/work/key/key/key.core/../key.ui/examples/heap/model_methods/Recell_Recell_footprint.key 
187884     DEBUG main            d.u.i.k.p.i.AbstractProblemLoader Environment load took 282.91ns 
187885     INFO  main            d.u.i.k.p.i.AbstractProblemLoader Creating init config 
190980     DEBUG main            d.u.i.k.p.i.AbstractProblemLoader Init config took 3.09s 
191032     INFO  main            d.u.i.k.p.i.AbstractProblemLoader Replaying proof Recell[Recell::footprint()].JML model_behavior operation contract.0 
191036     DEBUG main            d.u.i.k.p.i.IntermediateProofReplayer Proof replay took 25.9ns 
191139     INFO  main            d.u.i.k.p.r.p.TestFile    ... finished proof: closed. 
191505     INFO  main            d.u.i.k.p.i.AbstractProblemLoader Loading environment from /home/runner/work/key/key/key.core/../key.ui/examples/heap/model_methods/Recell_Recell_footprint.key.proof 
191505     DEBUG main            d.u.i.k.p.i.AbstractProblemLoader Environment load took 122.8ns 
191506     INFO  main            d.u.i.k.p.i.AbstractProblemLoader Creating init config 
194512     DEBUG main            d.u.i.k.p.i.AbstractProblemLoader Init config took 3.01s 
194568     INFO  main            d.u.i.k.p.i.AbstractProblemLoader Replaying proof Recell[Recell::footprint()].JML model_behavior operation contract.0 
194572     DEBUG main            d.u.i.k.p.i.IntermediateProofReplayer Proof replay took 1.85ms 
194573     DEBUG main            d.u.i.k.p.r.p.TestFile    ... success: reloaded. 
194574     INFO  main            d.u.i.k.p.r.p.TestFile    Now processing file /home/runner/work/key/key/key.core/../key.ui/examples/heap/model_methods/Recell_Recell_post_set.key 
194575     INFO  main            d.u.i.k.p.i.AbstractProblemLoader Loading environment from /home/runner/work/key/key/key.core/../key.ui/examples/heap/model_methods/Recell_Recell_post_set.key 
194575     DEBUG main            d.u.i.k.p.i.AbstractProblemLoader Environment load took 113.4ns 
194576     INFO  main            d.u.i.k.p.i.AbstractProblemLoader Creating init config 
197571     DEBUG main            d.u.i.k.p.i.AbstractProblemLoader Init config took 2.99s 
197613     INFO  main            d.u.i.k.p.i.AbstractProblemLoader Replaying proof Recell[Recell::post_set(int)].JML model_behavior operation contract.0 
197615     DEBUG main            d.u.i.k.p.i.IntermediateProofReplayer Proof replay took 7.8ns 
197719     INFO  main            d.u.i.k.p.r.p.TestFile    ... finished proof: closed. 
198078     INFO  main            d.u.i.k.p.i.AbstractProblemLoader Loading environment from /home/runner/work/key/key/key.core/../key.ui/examples/heap/model_methods/Recell_Recell_post_set.key.proof 
198078     DEBUG main            d.u.i.k.p.i.AbstractProblemLoader Environment load took 180.2ns 
198079     INFO  main            d.u.i.k.p.i.AbstractProblemLoader Creating init config 
201028     DEBUG main            d.u.i.k.p.i.AbstractProblemLoader Init config took 2.95s 
201073     INFO  main            d.u.i.k.p.i.AbstractProblemLoader Replaying proof Recell[Recell::post_set(int)].JML model_behavior operation contract.0 
201078     DEBUG main            d.u.i.k.p.i.IntermediateProofReplayer Proof replay took 2.64ms 
201078     DEBUG main            d.u.i.k.p.r.p.TestFile    ... success: reloaded. 
201079     INFO  main            d.u.i.k.p.r.p.TestFile    Now processing file /home/runner/work/key/key/key.core/../key.ui/examples/heap/model_methods/Recell_set.key 
201080     INFO  main            d.u.i.k.p.i.AbstractProblemLoader Loading environment from /home/runner/work/key/key/key.core/../key.ui/examples/heap/model_methods/Recell_set.key 
201080     DEBUG main            d.u.i.k.p.i.AbstractProblemLoader Environment load took 145.3ns 
201081     INFO  main            d.u.i.k.p.i.AbstractProblemLoader Creating init config 
203991     DEBUG main            d.u.i.k.p.i.AbstractProblemLoader Init config took 2.91s 
204039     INFO  main            d.u.i.k.p.i.AbstractProblemLoader Replaying proof Recell[Cell::set(int)].JML operation contract.0 
204041     DEBUG main            d.u.i.k.p.i.IntermediateProofReplayer Proof replay took 7.6ns 
211725     INFO  main            d.u.i.k.p.r.p.TestFile    ... finished proof: closed. 
212107     INFO  main            d.u.i.k.p.i.AbstractProblemLoader Loading environment from /home/runner/work/key/key/key.core/../key.ui/examples/heap/model_methods/Recell_set.key.proof 
212107     DEBUG main            d.u.i.k.p.i.AbstractProblemLoader Environment load took 401.51ns 
212108     INFO  main            d.u.i.k.p.i.AbstractProblemLoader Creating init config 
215035     DEBUG main            d.u.i.k.p.i.AbstractProblemLoader Init config took 2.93s 
215082     INFO  main            d.u.i.k.p.i.AbstractProblemLoader Replaying proof Recell[Cell::set(int)].JML operation contract.0 
215778     DEBUG main            d.u.i.k.p.i.IntermediateProofReplayer Proof replay took 665.52ms 
215779     DEBUG main            d.u.i.k.p.r.p.TestFile    ... success: reloaded. 
215780     INFO  main            d.u.i.k.p.r.p.TestFile    Now processing file /home/runner/work/key/key/key.core/../key.ui/examples/heap/model_methods/Recell_undo.key 
215781     INFO  main            d.u.i.k.p.i.AbstractProblemLoader Loading environment from /home/runner/work/key/key/key.core/../key.ui/examples/heap/model_methods/Recell_undo.key 
215781     DEBUG main            d.u.i.k.p.i.AbstractProblemLoader Environment load took 204.3ns 
215782     INFO  main            d.u.i.k.p.i.AbstractProblemLoader Creating init config 
218735     DEBUG main            d.u.i.k.p.i.AbstractProblemLoader Init config took 2.95s 
218775     INFO  main            d.u.i.k.p.i.AbstractProblemLoader Replaying proof Recell[Recell::undo()].JML operation contract.0 
218777     DEBUG main            d.u.i.k.p.i.IntermediateProofReplayer Proof replay took 8.6ns 
218981     INFO  main            d.u.i.k.p.r.p.TestFile    ... finished proof: closed. 
219357     INFO  main            d.u.i.k.p.i.AbstractProblemLoader Loading environment from /home/runner/work/key/key/key.core/../key.ui/examples/heap/model_methods/Recell_undo.key.proof 
219357     DEBUG main            d.u.i.k.p.i.AbstractProblemLoader Environment load took 286.81ns 
219358     INFO  main            d.u.i.k.p.i.AbstractProblemLoader Creating init config 
222312     DEBUG main            d.u.i.k.p.i.AbstractProblemLoader Init config took 2.95s 
222368     INFO  main            d.u.i.k.p.i.AbstractProblemLoader Replaying proof Recell[Recell::undo()].JML operation contract.0 
222411     DEBUG main            d.u.i.k.p.i.IntermediateProofReplayer Proof replay took 41.11ms 
222413     DEBUG main            d.u.i.k.p.r.p.TestFile    ... success: reloaded. 
5348566    INFO  Test worker     d.u.i.k.p.r.RunAllProofsTestUnit Returning from test modelMethods 
5348567    INFO  Test worker     d.u.i.k.p.r.RunAllProofsTestUnit Running test permissionHeap 
427        INFO  Timeout watchdog d.u.i.k.p.r.p.ForkedTestFileRunner Timeout watcher launched (2000 secs.) 
441        WARN  main            d.u.i.k.s.ProofSettings   The settings in /home/runner/.key/proof-settings.props are *not* read. 
480        INFO  main            d.u.i.k.p.r.p.TestFile    Now processing file /home/runner/work/key/key/key.core/../key.ui/examples/heap/permissions/permissions_method0.key 
612        INFO  main            d.u.i.k.p.i.AbstractProblemLoader Loading environment from /home/runner/work/key/key/key.core/../key.ui/examples/heap/permissions/permissions_method0.key 
629        DEBUG main            d.u.i.k.p.i.AbstractProblemLoader Environment load took 2.17ms 
945        INFO  main            d.u.i.k.p.i.AbstractProblemLoader Creating init config 
2157       DEBUG main            d.u.i.k.j.TypeConverter   No LDT found for Meta 
2158       DEBUG main            d.u.i.k.j.TypeConverter   No LDT found for Meta 
2160       DEBUG main            d.u.i.k.j.TypeConverter   No LDT found for Meta 
2160       DEBUG main            d.u.i.k.j.TypeConverter   No LDT found for Meta 
3773       DEBUG main            d.u.i.k.j.TypeConverter   No LDT found for JavaBigintExpression 
9575       DEBUG main            d.u.i.k.p.i.AbstractProblemLoader Init config took 8.63s 
9730       INFO  main            d.u.i.k.p.i.AbstractProblemLoader Replaying proof MyClass[MyClass::method0()].JML normal_behavior operation contract.0 
9777       DEBUG main            d.u.i.k.p.i.IntermediateProofReplayer Proof replay took 39.5ns 
11020      INFO  main            d.u.i.k.p.r.p.TestFile    ... finished proof: closed. 
11175      INFO  main            d.u.i.k.p.i.AbstractProblemLoader Loading environment from /home/runner/work/key/key/key.core/../key.ui/examples/heap/permissions/permissions_method0.key.proof 
11178      DEBUG main            d.u.i.k.p.i.AbstractProblemLoader Environment load took 2.26ms 
11182      INFO  main            d.u.i.k.p.i.AbstractProblemLoader Creating init config 
14875      DEBUG main            d.u.i.k.p.i.AbstractProblemLoader Init config took 3.69s 
14961      INFO  main            d.u.i.k.p.i.AbstractProblemLoader Replaying proof MyClass[MyClass::method0()].JML normal_behavior operation contract.0 
15084      DEBUG main            d.u.i.k.p.i.IntermediateProofReplayer Proof replay took 116.6ms 
15091      DEBUG main            d.u.i.k.p.r.p.TestFile    ... success: reloaded. 
15093      INFO  main            d.u.i.k.p.r.p.TestFile    Now processing file /home/runner/work/key/key/key.core/../key.ui/examples/heap/permissions/permissions_method1.key 
15093      INFO  main            d.u.i.k.p.i.AbstractProblemLoader Loading environment from /home/runner/work/key/key/key.core/../key.ui/examples/heap/permissions/permissions_method1.key 
15094      DEBUG main            d.u.i.k.p.i.AbstractProblemLoader Environment load took 699.11ns 
15096      INFO  main            d.u.i.k.p.i.AbstractProblemLoader Creating init config 
18371      DEBUG main            d.u.i.k.p.i.AbstractProblemLoader Init config took 3.27s 
18440      INFO  main            d.u.i.k.p.i.AbstractProblemLoader Replaying proof MyClass[MyClass::method1()].JML normal_behavior operation contract.0 
18444      DEBUG main            d.u.i.k.p.i.IntermediateProofReplayer Proof replay took 7.3ns 
18849      INFO  main            d.u.i.k.p.r.p.TestFile    ... finished proof: closed. 
19087      INFO  main            d.u.i.k.p.i.AbstractProblemLoader Loading environment from /home/runner/work/key/key/key.core/../key.ui/examples/heap/permissions/permissions_method1.key.proof 
19088      DEBUG main            d.u.i.k.p.i.AbstractProblemLoader Environment load took 834.51ns 
19089      INFO  main            d.u.i.k.p.i.AbstractProblemLoader Creating init config 
22270      DEBUG main            d.u.i.k.p.i.AbstractProblemLoader Init config took 3.18s 
22342      INFO  main            d.u.i.k.p.i.AbstractProblemLoader Replaying proof MyClass[MyClass::method1()].JML normal_behavior operation contract.0 
22459      DEBUG main            d.u.i.k.p.i.IntermediateProofReplayer Proof replay took 107.69ms 
22460      DEBUG main            d.u.i.k.p.r.p.TestFile    ... success: reloaded. 
22462      INFO  main            d.u.i.k.p.r.p.TestFile    Now processing file /home/runner/work/key/key/key.core/../key.ui/examples/heap/permissions/permissions_method3.key 
22463      INFO  main            d.u.i.k.p.i.AbstractProblemLoader Loading environment from /home/runner/work/key/key/key.core/../key.ui/examples/heap/permissions/permissions_method3.key 
22463      DEBUG main            d.u.i.k.p.i.AbstractProblemLoader Environment load took 141.9ns 
22465      INFO  main            d.u.i.k.p.i.AbstractProblemLoader Creating init config 
25605      DEBUG main            d.u.i.k.p.i.AbstractProblemLoader Init config took 3.14s 
25665      INFO  main            d.u.i.k.p.i.AbstractProblemLoader Replaying proof MyClass[MyClass::method3()].JML normal_behavior operation contract.0 
25668      DEBUG main            d.u.i.k.p.i.IntermediateProofReplayer Proof replay took 7ns 
27377      INFO  main            d.u.i.k.p.r.p.TestFile    ... finished proof: closed. 
27613      INFO  main            d.u.i.k.p.i.AbstractProblemLoader Loading environment from /home/runner/work/key/key/key.core/../key.ui/examples/heap/permissions/permissions_method3.key.proof 
27613      DEBUG main            d.u.i.k.p.i.AbstractProblemLoader Environment load took 402.11ns 
27616      INFO  main            d.u.i.k.p.i.AbstractProblemLoader Creating init config 
30852      DEBUG main            d.u.i.k.p.i.AbstractProblemLoader Init config took 3.24s 
30924      INFO  main            d.u.i.k.p.i.AbstractProblemLoader Replaying proof MyClass[MyClass::method3()].JML normal_behavior operation contract.0 
31358      DEBUG main            d.u.i.k.p.i.IntermediateProofReplayer Proof replay took 400.24ms 
31361      DEBUG main            d.u.i.k.p.r.p.TestFile    ... success: reloaded. 
31363      INFO  main            d.u.i.k.p.r.p.TestFile    Now processing file /home/runner/work/key/key/key.core/../key.ui/examples/heap/permissions/permissions_setAB.key 
31363      INFO  main            d.u.i.k.p.i.AbstractProblemLoader Loading environment from /home/runner/work/key/key/key.core/../key.ui/examples/heap/permissions/permissions_setAB.key 
31364      DEBUG main            d.u.i.k.p.i.AbstractProblemLoader Environment load took 251.7ns 
31365      INFO  main            d.u.i.k.p.i.AbstractProblemLoader Creating init config 
34726      DEBUG main            d.u.i.k.p.i.AbstractProblemLoader Init config took 3.36s 
34791      INFO  main            d.u.i.k.p.i.AbstractProblemLoader Replaying proof MyClass[MyClass::setAB()].JML normal_behavior operation contract.0 
34794      DEBUG main            d.u.i.k.p.i.IntermediateProofReplayer Proof replay took 8.6ns 
36845      INFO  main            d.u.i.k.p.r.p.TestFile    ... finished proof: closed. 
37064      INFO  main            d.u.i.k.p.i.AbstractProblemLoader Loading environment from /home/runner/work/key/key/key.core/../key.ui/examples/heap/permissions/permissions_setAB.key.proof 
37066      DEBUG main            d.u.i.k.p.i.AbstractProblemLoader Environment load took 2.49ms 
37069      INFO  main            d.u.i.k.p.i.AbstractProblemLoader Creating init config 
40134      DEBUG main            d.u.i.k.p.i.AbstractProblemLoader Init config took 3.06s 
40225      INFO  main            d.u.i.k.p.i.AbstractProblemLoader Replaying proof MyClass[MyClass::setAB()].JML normal_behavior operation contract.0 
40528      DEBUG main            d.u.i.k.p.i.IntermediateProofReplayer Proof replay took 294.55ms 
40530      DEBUG main            d.u.i.k.p.r.p.TestFile    ... success: reloaded. 
40532      INFO  main            d.u.i.k.p.r.p.TestFile    Now processing file /home/runner/work/key/key/key.core/../key.ui/examples/heap/permissions/permissionProperties.key 
40533      INFO  main            d.u.i.k.p.i.AbstractProblemLoader Loading environment from /home/runner/work/key/key/key.core/../key.ui/examples/heap/permissions/permissionProperties.key 
40533      DEBUG main            d.u.i.k.p.i.AbstractProblemLoader Environment load took 210.2ns 
40535      INFO  main            d.u.i.k.p.i.AbstractProblemLoader Creating init config 
40725      DEBUG main            d.u.i.k.j.TypeConverter   No LDT found for Meta 
40725      DEBUG main            d.u.i.k.j.TypeConverter   No LDT found for Meta 
40726      DEBUG main            d.u.i.k.j.TypeConverter   No LDT found for Meta 
40726      DEBUG main            d.u.i.k.j.TypeConverter   No LDT found for Meta 
41481      DEBUG main            d.u.i.k.j.TypeConverter   No LDT found for JavaBigintExpression 
44718      DEBUG main            d.u.i.k.p.i.AbstractProblemLoader Init config took 4.18s 
44745      INFO  main            d.u.i.k.p.i.AbstractProblemLoader Replaying proof permissionProperties.key 
44747      DEBUG main            d.u.i.k.p.i.IntermediateProofReplayer Proof replay took 8.9ns 
44951      INFO  main            d.u.i.k.p.r.p.TestFile    ... finished proof: closed. 
45148      INFO  main            d.u.i.k.p.i.AbstractProblemLoader Loading environment from /home/runner/work/key/key/key.core/../key.ui/examples/heap/permissions/permissionProperties.key.proof 
45148      DEBUG main            d.u.i.k.p.i.AbstractProblemLoader Environment load took 162.9ns 
45151      INFO  main            d.u.i.k.p.i.AbstractProblemLoader Creating init config 
48104      DEBUG main            d.u.i.k.p.i.AbstractProblemLoader Init config took 2.95s 
48131      INFO  main            d.u.i.k.p.i.AbstractProblemLoader Replaying proof permissionProperties.key.proof 
48167      DEBUG main            d.u.i.k.p.i.IntermediateProofReplayer Proof replay took 33.1ms 
48168      DEBUG main            d.u.i.k.p.r.p.TestFile    ... success: reloaded. 
48170      INFO  main            d.u.i.k.p.r.p.TestFile    Now processing file /home/runner/work/key/key/key.core/../key.ui/examples/heap/permissions/threads/AFilter_AFilter.key 
48170      INFO  main            d.u.i.k.p.i.AbstractProblemLoader Loading environment from /home/runner/work/key/key/key.core/../key.ui/examples/heap/permissions/threads/AFilter_AFilter.key 
48170      DEBUG main            d.u.i.k.p.i.AbstractProblemLoader Environment load took 258.6ns 
48172      INFO  main            d.u.i.k.p.i.AbstractProblemLoader Creating init config 
48329      DEBUG main            d.u.i.k.j.TypeConverter   No LDT found for Meta 
48330      DEBUG main            d.u.i.k.j.TypeConverter   No LDT found for Meta 
48331      DEBUG main            d.u.i.k.j.TypeConverter   No LDT found for Meta 
48331      DEBUG main            d.u.i.k.j.TypeConverter   No LDT found for Meta 
49232      DEBUG main            d.u.i.k.j.TypeConverter   No LDT found for JavaBigintExpression 
55728      DEBUG main            d.u.i.k.p.i.AbstractProblemLoader Init config took 7.56s 
55878      INFO  main            d.u.i.k.p.i.AbstractProblemLoader Replaying proof AFilter[AFilter::AFilter(Sampler,Buffer)].JML normal_behavior operation contract.0 
55881      DEBUG main            d.u.i.k.p.i.IntermediateProofReplayer Proof replay took 9.4ns 
57212      INFO  main            d.u.i.k.p.r.p.TestFile    ... finished proof: closed. 
57513      INFO  main            d.u.i.k.p.i.AbstractProblemLoader Loading environment from /home/runner/work/key/key/key.core/../key.ui/examples/heap/permissions/threads/AFilter_AFilter.key.proof 
57513      DEBUG main            d.u.i.k.p.i.AbstractProblemLoader Environment load took 151.8ns 
57514      INFO  main            d.u.i.k.p.i.AbstractProblemLoader Creating init config 
63389      DEBUG main            d.u.i.k.p.i.AbstractProblemLoader Init config took 5.87s 
63514      INFO  main            d.u.i.k.p.i.AbstractProblemLoader Replaying proof AFilter[AFilter::AFilter(Sampler,Buffer)].JML normal_behavior operation contract.0 
63794      DEBUG main            d.u.i.k.p.i.IntermediateProofReplayer Proof replay took 273.19ms 
63796      DEBUG main            d.u.i.k.p.r.p.TestFile    ... success: reloaded. 
63797      INFO  main            d.u.i.k.p.r.p.TestFile    Now processing file /home/runner/work/key/key/key.core/../key.ui/examples/heap/permissions/threads/AFilter_initPost_accessible.key 
63798      INFO  main            d.u.i.k.p.i.AbstractProblemLoader Loading environment from /home/runner/work/key/key/key.core/../key.ui/examples/heap/permissions/threads/AFilter_initPost_accessible.key 
63798      DEBUG main            d.u.i.k.p.i.AbstractProblemLoader Environment load took 225.1ns 
63800      INFO  main            d.u.i.k.p.i.AbstractProblemLoader Creating init config 
69651      DEBUG main            d.u.i.k.p.i.AbstractProblemLoader Init config took 5.85s 
69787      INFO  main            d.u.i.k.p.i.AbstractProblemLoader Replaying proof AFilter[ThreadSpec2::initPost()].JML accessible clause.0 
69789      DEBUG main            d.u.i.k.p.i.IntermediateProofReplayer Proof replay took 8ns 
69891      INFO  main            d.u.i.k.p.r.p.TestFile    ... finished proof: closed. 
70140      INFO  main            d.u.i.k.p.i.AbstractProblemLoader Loading environment from /home/runner/work/key/key/key.core/../key.ui/examples/heap/permissions/threads/AFilter_initPost_accessible.key.proof 
70140      DEBUG main            d.u.i.k.p.i.AbstractProblemLoader Environment load took 132.5ns 
70142      INFO  main            d.u.i.k.p.i.AbstractProblemLoader Creating init config 
75830      DEBUG main            d.u.i.k.p.i.AbstractProblemLoader Init config took 5.69s 
75930      INFO  main            d.u.i.k.p.i.AbstractProblemLoader Replaying proof AFilter[ThreadSpec2::initPost()].JML accessible clause.0 
75954      DEBUG main            d.u.i.k.p.i.IntermediateProofReplayer Proof replay took 19.49ms 
75956      DEBUG main            d.u.i.k.p.r.p.TestFile    ... success: reloaded. 
75958      INFO  main            d.u.i.k.p.r.p.TestFile    Now processing file /home/runner/work/key/key/key.core/../key.ui/examples/heap/permissions/threads/AFilter_inv_accessible1.key 
75958      INFO  main            d.u.i.k.p.i.AbstractProblemLoader Loading environment from /home/runner/work/key/key/key.core/../key.ui/examples/heap/permissions/threads/AFilter_inv_accessible1.key 
75958      DEBUG main            d.u.i.k.p.i.AbstractProblemLoader Environment load took 197.2ns 
75960      INFO  main            d.u.i.k.p.i.AbstractProblemLoader Creating init config 
81609      DEBUG main            d.u.i.k.p.i.AbstractProblemLoader Init config took 5.65s 
81714      INFO  main            d.u.i.k.p.i.AbstractProblemLoader Replaying proof AFilter[java.lang.Object::<inv>()].JML accessible clause.0 
81717      DEBUG main            d.u.i.k.p.i.IntermediateProofReplayer Proof replay took 8.7ns 
81822      INFO  main            d.u.i.k.p.r.p.TestFile    ... finished proof: closed. 
82088      INFO  main            d.u.i.k.p.i.AbstractProblemLoader Loading environment from /home/runner/work/key/key/key.core/../key.ui/examples/heap/permissions/threads/AFilter_inv_accessible1.key.proof 
82088      DEBUG main            d.u.i.k.p.i.AbstractProblemLoader Environment load took 136.9ns 
82091      INFO  main            d.u.i.k.p.i.AbstractProblemLoader Creating init config 
87768      DEBUG main            d.u.i.k.p.i.AbstractProblemLoader Init config took 5.68s 
87875      INFO  main            d.u.i.k.p.i.AbstractProblemLoader Replaying proof AFilter[java.lang.Object::<inv>()].JML accessible clause.0 
87881      DEBUG main            d.u.i.k.p.i.IntermediateProofReplayer Proof replay took 3.24ms 
87882      DEBUG main            d.u.i.k.p.r.p.TestFile    ... success: reloaded. 
87883      INFO  main            d.u.i.k.p.r.p.TestFile    Now processing file /home/runner/work/key/key/key.core/../key.ui/examples/heap/permissions/threads/AFilter_inv_accessible2.key 
87884      INFO  main            d.u.i.k.p.i.AbstractProblemLoader Loading environment from /home/runner/work/key/key/key.core/../key.ui/examples/heap/permissions/threads/AFilter_inv_accessible2.key 
87884      DEBUG main            d.u.i.k.p.i.AbstractProblemLoader Environment load took 215.6ns 
87885      INFO  main            d.u.i.k.p.i.AbstractProblemLoader Creating init config 
93623      DEBUG main            d.u.i.k.p.i.AbstractProblemLoader Init config took 5.74s 
93731      INFO  main            d.u.i.k.p.i.AbstractProblemLoader Replaying proof AFilter[java.lang.Object::<inv>()].JML accessible clause.1 
93733      DEBUG main            d.u.i.k.p.i.IntermediateProofReplayer Proof replay took 8.8ns 
93836      INFO  main            d.u.i.k.p.r.p.TestFile    ... finished proof: closed. 
94198      INFO  main            d.u.i.k.p.i.AbstractProblemLoader Loading environment from /home/runner/work/key/key/key.core/../key.ui/examples/heap/permissions/threads/AFilter_inv_accessible2.key.proof 
94199      DEBUG main            d.u.i.k.p.i.AbstractProblemLoader Environment load took 221.7ns 
94200      INFO  main            d.u.i.k.p.i.AbstractProblemLoader Creating init config 
99890      DEBUG main            d.u.i.k.p.i.AbstractProblemLoader Init config took 5.69s 
99990      INFO  main            d.u.i.k.p.i.AbstractProblemLoader Replaying proof AFilter[java.lang.Object::<inv>()].JML accessible clause.1 
99998      DEBUG main            d.u.i.k.p.i.IntermediateProofReplayer Proof replay took 4.99ms 
100001     DEBUG main            d.u.i.k.p.r.p.TestFile    ... success: reloaded. 
100003     INFO  main            d.u.i.k.p.r.p.TestFile    Now processing file /home/runner/work/key/key/key.core/../key.ui/examples/heap/permissions/threads/AFilter_joinTransfer_accessible.key 
100003     INFO  main            d.u.i.k.p.i.AbstractProblemLoader Loading environment from /home/runner/work/key/key/key.core/../key.ui/examples/heap/permissions/threads/AFilter_joinTransfer_accessible.key 
100003     DEBUG main            d.u.i.k.p.i.AbstractProblemLoader Environment load took 138.6ns 
100004     INFO  main            d.u.i.k.p.i.AbstractProblemLoader Creating init config 
105556     DEBUG main            d.u.i.k.p.i.AbstractProblemLoader Init config took 5.55s 
105656     INFO  main            d.u.i.k.p.i.AbstractProblemLoader Replaying proof AFilter[ThreadSpec2::joinTransfer()].JML accessible clause.0 
105659     DEBUG main            d.u.i.k.p.i.IntermediateProofReplayer Proof replay took 10.8ns 
107163     INFO  main            d.u.i.k.p.r.p.TestFile    ... finished proof: closed. 
107520     INFO  main            d.u.i.k.p.i.AbstractProblemLoader Loading environment from /home/runner/work/key/key/key.core/../key.ui/examples/heap/permissions/threads/AFilter_joinTransfer_accessible.key.proof 
107521     DEBUG main            d.u.i.k.p.i.AbstractProblemLoader Environment load took 454.51ns 
107522     INFO  main            d.u.i.k.p.i.AbstractProblemLoader Creating init config 
113133     DEBUG main            d.u.i.k.p.i.AbstractProblemLoader Init config took 5.61s 
113262     INFO  main            d.u.i.k.p.i.AbstractProblemLoader Replaying proof AFilter[ThreadSpec2::joinTransfer()].JML accessible clause.0 
113476     DEBUG main            d.u.i.k.p.i.IntermediateProofReplayer Proof replay took 207.3ms 
113479     DEBUG main            d.u.i.k.p.r.p.TestFile    ... success: reloaded. 
113481     INFO  main            d.u.i.k.p.r.p.TestFile    Now processing file /home/runner/work/key/key/key.core/../key.ui/examples/heap/permissions/threads/AFilter_joinTransfer_contract.key 
113482     INFO  main            d.u.i.k.p.i.AbstractProblemLoader Loading environment from /home/runner/work/key/key/key.core/../key.ui/examples/heap/permissions/threads/AFilter_joinTransfer_contract.key 
113482     DEBUG main            d.u.i.k.p.i.AbstractProblemLoader Environment load took 321.7ns 
113483     INFO  main            d.u.i.k.p.i.AbstractProblemLoader Creating init config 
119208     DEBUG main            d.u.i.k.p.i.AbstractProblemLoader Init config took 5.73s 
119319     INFO  main            d.u.i.k.p.i.AbstractProblemLoader Replaying proof AFilter[ThreadSpec2::joinTransfer()].JML model_behavior operation contract.0 
119322     DEBUG main            d.u.i.k.p.i.IntermediateProofReplayer Proof replay took 18.2ns 
119424     INFO  main            d.u.i.k.p.r.p.TestFile    ... finished proof: closed. 
119726     INFO  main            d.u.i.k.p.i.AbstractProblemLoader Loading environment from /home/runner/work/key/key/key.core/../key.ui/examples/heap/permissions/threads/AFilter_joinTransfer_contract.key.proof 
119726     DEBUG main            d.u.i.k.p.i.AbstractProblemLoader Environment load took 195ns 
119728     INFO  main            d.u.i.k.p.i.AbstractProblemLoader Creating init config 
125172     DEBUG main            d.u.i.k.p.i.AbstractProblemLoader Init config took 5.44s 
125275     INFO  main            d.u.i.k.p.i.AbstractProblemLoader Replaying proof AFilter[ThreadSpec2::joinTransfer()].JML model_behavior operation contract.0 
125288     DEBUG main            d.u.i.k.p.i.IntermediateProofReplayer Proof replay took 9.92ms 
125289     DEBUG main            d.u.i.k.p.r.p.TestFile    ... success: reloaded. 
125290     INFO  main            d.u.i.k.p.r.p.TestFile    Now processing file /home/runner/work/key/key/key.core/../key.ui/examples/heap/permissions/threads/AFilter_postJoin_accessible.key 
125291     INFO  main            d.u.i.k.p.i.AbstractProblemLoader Loading environment from /home/runner/work/key/key/key.core/../key.ui/examples/heap/permissions/threads/AFilter_postJoin_accessible.key 
125291     DEBUG main            d.u.i.k.p.i.AbstractProblemLoader Environment load took 79.7ns 
125292     INFO  main            d.u.i.k.p.i.AbstractProblemLoader Creating init config 
130515     DEBUG main            d.u.i.k.p.i.AbstractProblemLoader Init config took 5.22s 
130623     INFO  main            d.u.i.k.p.i.AbstractProblemLoader Replaying proof AFilter[ThreadSpec2::postJoin(java.lang.Object)].JML accessible clause.0 
130628     DEBUG main            d.u.i.k.p.i.IntermediateProofReplayer Proof replay took 9.7ns 
130730     INFO  main            d.u.i.k.p.r.p.TestFile    ... finished proof: closed. 
131026     INFO  main            d.u.i.k.p.i.AbstractProblemLoader Loading environment from /home/runner/work/key/key/key.core/../key.ui/examples/heap/permissions/threads/AFilter_postJoin_accessible.key.proof 
131027     DEBUG main            d.u.i.k.p.i.AbstractProblemLoader Environment load took 132.2ns 
131028     INFO  main            d.u.i.k.p.i.AbstractProblemLoader Creating init config 
136123     DEBUG main            d.u.i.k.p.i.AbstractProblemLoader Init config took 5.1s 
136209     INFO  main            d.u.i.k.p.i.AbstractProblemLoader Replaying proof AFilter[ThreadSpec2::postJoin(java.lang.Object)].JML accessible clause.0 
136221     DEBUG main            d.u.i.k.p.i.IntermediateProofReplayer Proof replay took 10.35ms 
136223     DEBUG main            d.u.i.k.p.r.p.TestFile    ... success: reloaded. 
136224     INFO  main            d.u.i.k.p.r.p.TestFile    Now processing file /home/runner/work/key/key/key.core/../key.ui/examples/heap/permissions/threads/AFilter_preStart_accessible.key 
136224     INFO  main            d.u.i.k.p.i.AbstractProblemLoader Loading environment from /home/runner/work/key/key/key.core/../key.ui/examples/heap/permissions/threads/AFilter_preStart_accessible.key 
136225     DEBUG main            d.u.i.k.p.i.AbstractProblemLoader Environment load took 168.9ns 
136226     INFO  main            d.u.i.k.p.i.AbstractProblemLoader Creating init config 
141515     DEBUG main            d.u.i.k.p.i.AbstractProblemLoader Init config took 5.29s 
141602     INFO  main            d.u.i.k.p.i.AbstractProblemLoader Replaying proof AFilter[ThreadSpec2::preStart(java.lang.Object)].JML accessible clause.0 
141604     DEBUG main            d.u.i.k.p.i.IntermediateProofReplayer Proof replay took 7.8ns 
142006     INFO  main            d.u.i.k.p.r.p.TestFile    ... finished proof: closed. 
142302     INFO  main            d.u.i.k.p.i.AbstractProblemLoader Loading environment from /home/runner/work/key/key/key.core/../key.ui/examples/heap/permissions/threads/AFilter_preStart_accessible.key.proof 
142302     DEBUG main            d.u.i.k.p.i.AbstractProblemLoader Environment load took 142.7ns 
142303     INFO  main            d.u.i.k.p.i.AbstractProblemLoader Creating init config 
147443     DEBUG main            d.u.i.k.p.i.AbstractProblemLoader Init config took 5.14s 
147534     INFO  main            d.u.i.k.p.i.AbstractProblemLoader Replaying proof AFilter[ThreadSpec2::preStart(java.lang.Object)].JML accessible clause.0 
147580     DEBUG main            d.u.i.k.p.i.IntermediateProofReplayer Proof replay took 42.15ms 
147582     DEBUG main            d.u.i.k.p.r.p.TestFile    ... success: reloaded. 
147583     INFO  main            d.u.i.k.p.r.p.TestFile    Now processing file /home/runner/work/key/key/key.core/../key.ui/examples/heap/permissions/threads/AFilter_startTransfer_accessible.key 
147583     INFO  main            d.u.i.k.p.i.AbstractProblemLoader Loading environment from /home/runner/work/key/key/key.core/../key.ui/examples/heap/permissions/threads/AFilter_startTransfer_accessible.key 
147583     DEBUG main            d.u.i.k.p.i.AbstractProblemLoader Environment load took 229.2ns 
147584     INFO  main            d.u.i.k.p.i.AbstractProblemLoader Creating init config 
153199     DEBUG main            d.u.i.k.p.i.AbstractProblemLoader Init config took 5.61s 
153286     INFO  main            d.u.i.k.p.i.AbstractProblemLoader Replaying proof AFilter[ThreadSpec2::startTransfer()].JML accessible clause.0 
153287     DEBUG main            d.u.i.k.p.i.IntermediateProofReplayer Proof replay took 8.1ns 
166055     INFO  main            d.u.i.k.p.r.p.TestFile    ... finished proof: closed. 
166420     INFO  main            d.u.i.k.p.i.AbstractProblemLoader Loading environment from /home/runner/work/key/key/key.core/../key.ui/examples/heap/permissions/threads/AFilter_startTransfer_accessible.key.proof 
166423     DEBUG main            d.u.i.k.p.i.AbstractProblemLoader Environment load took 2.63ms 
166427     INFO  main            d.u.i.k.p.i.AbstractProblemLoader Creating init config 
172025     DEBUG main            d.u.i.k.p.i.AbstractProblemLoader Init config took 5.6s 
172136     INFO  main            d.u.i.k.p.i.AbstractProblemLoader Replaying proof AFilter[ThreadSpec2::startTransfer()].JML accessible clause.0 
173158     DEBUG main            d.u.i.k.p.i.IntermediateProofReplayer Proof replay took 994.55ms 
173159     DEBUG main            d.u.i.k.p.r.p.TestFile    ... success: reloaded. 
173161     INFO  main            d.u.i.k.p.r.p.TestFile    Now processing file /home/runner/work/key/key/key.core/../key.ui/examples/heap/permissions/threads/AFilter_startTransfer_contract.key 
173162     INFO  main            d.u.i.k.p.i.AbstractProblemLoader Loading environment from /home/runner/work/key/key/key.core/../key.ui/examples/heap/permissions/threads/AFilter_startTransfer_contract.key 
173162     DEBUG main            d.u.i.k.p.i.AbstractProblemLoader Environment load took 148.7ns 
173163     INFO  main            d.u.i.k.p.i.AbstractProblemLoader Creating init config 
178974     DEBUG main            d.u.i.k.p.i.AbstractProblemLoader Init config took 5.81s 
179079     INFO  main            d.u.i.k.p.i.AbstractProblemLoader Replaying proof AFilter[ThreadSpec2::startTransfer()].JML model_behavior operation contract.0 
179081     DEBUG main            d.u.i.k.p.i.IntermediateProofReplayer Proof replay took 7.2ns 
179687     INFO  main            d.u.i.k.p.r.p.TestFile    ... finished proof: closed. 
180204     INFO  main            d.u.i.k.p.i.AbstractProblemLoader Loading environment from /home/runner/work/key/key/key.core/../key.ui/examples/heap/permissions/threads/AFilter_startTransfer_contract.key.proof 
180204     DEBUG main            d.u.i.k.p.i.AbstractProblemLoader Environment load took 635.41ns 
180205     INFO  main            d.u.i.k.p.i.AbstractProblemLoader Creating init config 
185901     DEBUG main            d.u.i.k.p.i.AbstractProblemLoader Init config took 5.7s 
186010     INFO  main            d.u.i.k.p.i.AbstractProblemLoader Replaying proof AFilter[ThreadSpec2::startTransfer()].JML model_behavior operation contract.0 
186078     DEBUG main            d.u.i.k.p.i.IntermediateProofReplayer Proof replay took 62.17ms 
186079     DEBUG main            d.u.i.k.p.r.p.TestFile    ... success: reloaded. 
186080     INFO  main            d.u.i.k.p.r.p.TestFile    Now processing file /home/runner/work/key/key/key.core/../key.ui/examples/heap/permissions/threads/AFilter_stateInv_accessible.key 
186081     INFO  main            d.u.i.k.p.i.AbstractProblemLoader Loading environment from /home/runner/work/key/key/key.core/../key.ui/examples/heap/permissions/threads/AFilter_stateInv_accessible.key 
186081     DEBUG main            d.u.i.k.p.i.AbstractProblemLoader Environment load took 287.7ns 
186083     INFO  main            d.u.i.k.p.i.AbstractProblemLoader Creating init config 
191717     DEBUG main            d.u.i.k.p.i.AbstractProblemLoader Init config took 5.63s 
191811     INFO  main            d.u.i.k.p.i.AbstractProblemLoader Replaying proof AFilter[ThreadSpec2::stateInv()].JML accessible clause.0 
191813     DEBUG main            d.u.i.k.p.i.IntermediateProofReplayer Proof replay took 8.3ns 
192216     INFO  main            d.u.i.k.p.r.p.TestFile    ... finished proof: closed. 
192529     INFO  main            d.u.i.k.p.i.AbstractProblemLoader Loading environment from /home/runner/work/key/key/key.core/../key.ui/examples/heap/permissions/threads/AFilter_stateInv_accessible.key.proof 
192529     DEBUG main            d.u.i.k.p.i.AbstractProblemLoader Environment load took 122.5ns 
192530     INFO  main            d.u.i.k.p.i.AbstractProblemLoader Creating init config 
197825     DEBUG main            d.u.i.k.p.i.AbstractProblemLoader Init config took 5.29s 
197928     INFO  main            d.u.i.k.p.i.AbstractProblemLoader Replaying proof AFilter[ThreadSpec2::stateInv()].JML accessible clause.0 
197973     DEBUG main            d.u.i.k.p.i.IntermediateProofReplayer Proof replay took 41.8ms 
197975     DEBUG main            d.u.i.k.p.r.p.TestFile    ... success: reloaded. 
197976     INFO  main            d.u.i.k.p.r.p.TestFile    Now processing file /home/runner/work/key/key/key.core/../key.ui/examples/heap/permissions/threads/AFilter_staticPermissions_accessible.key 
197977     INFO  main            d.u.i.k.p.i.AbstractProblemLoader Loading environment from /home/runner/work/key/key/key.core/../key.ui/examples/heap/permissions/threads/AFilter_staticPermissions_accessible.key 
197977     DEBUG main            d.u.i.k.p.i.AbstractProblemLoader Environment load took 184.1ns 
197978     INFO  main            d.u.i.k.p.i.AbstractProblemLoader Creating init config 
203112     DEBUG main            d.u.i.k.p.i.AbstractProblemLoader Init config took 5.13s 
203218     INFO  main            d.u.i.k.p.i.AbstractProblemLoader Replaying proof AFilter[ThreadSpec2::staticPermissions()].JML accessible clause.0 
203220     DEBUG main            d.u.i.k.p.i.IntermediateProofReplayer Proof replay took 8.2ns 
203322     INFO  main            d.u.i.k.p.r.p.TestFile    ... finished proof: closed. 
203667     INFO  main            d.u.i.k.p.i.AbstractProblemLoader Loading environment from /home/runner/work/key/key/key.core/../key.ui/examples/heap/permissions/threads/AFilter_staticPermissions_accessible.key.proof 
203667     DEBUG main            d.u.i.k.p.i.AbstractProblemLoader Environment load took 121.6ns 
203668     INFO  main            d.u.i.k.p.i.AbstractProblemLoader Creating init config 
208772     DEBUG main            d.u.i.k.p.i.AbstractProblemLoader Init config took 5.1s 
208864     INFO  main            d.u.i.k.p.i.AbstractProblemLoader Replaying proof AFilter[ThreadSpec2::staticPermissions()].JML accessible clause.0 
208878     DEBUG main            d.u.i.k.p.i.IntermediateProofReplayer Proof replay took 11.89ms 
208879     DEBUG main            d.u.i.k.p.r.p.TestFile    ... success: reloaded. 
208880     INFO  main            d.u.i.k.p.r.p.TestFile    Now processing file /home/runner/work/key/key/key.core/../key.ui/examples/heap/permissions/threads/AFilter_workingPermissions_accessible.key 
208881     INFO  main            d.u.i.k.p.i.AbstractProblemLoader Loading environment from /home/runner/work/key/key/key.core/../key.ui/examples/heap/permissions/threads/AFilter_workingPermissions_accessible.key 
208881     DEBUG main            d.u.i.k.p.i.AbstractProblemLoader Environment load took 305.61ns 
208882     INFO  main            d.u.i.k.p.i.AbstractProblemLoader Creating init config 
214047     DEBUG main            d.u.i.k.p.i.AbstractProblemLoader Init config took 5.16s 
214144     INFO  main            d.u.i.k.p.i.AbstractProblemLoader Replaying proof AFilter[ThreadSpec2::workingPermissions()].JML accessible clause.0 
214150     DEBUG main            d.u.i.k.p.i.IntermediateProofReplayer Proof replay took 13.4ns 
214252     INFO  main            d.u.i.k.p.r.p.TestFile    ... finished proof: closed. 
214619     INFO  main            d.u.i.k.p.i.AbstractProblemLoader Loading environment from /home/runner/work/key/key/key.core/../key.ui/examples/heap/permissions/threads/AFilter_workingPermissions_accessible.key.proof 
214619     DEBUG main            d.u.i.k.p.i.AbstractProblemLoader Environment load took 137.4ns 
214620     INFO  main            d.u.i.k.p.i.AbstractProblemLoader Creating init config 
219793     DEBUG main            d.u.i.k.p.i.AbstractProblemLoader Init config took 5.17s 
219885     INFO  main            d.u.i.k.p.i.AbstractProblemLoader Replaying proof AFilter[ThreadSpec2::workingPermissions()].JML accessible clause.0 
219898     DEBUG main            d.u.i.k.p.i.IntermediateProofReplayer Proof replay took 11.25ms 
219899     DEBUG main            d.u.i.k.p.r.p.TestFile    ... success: reloaded. 
219901     INFO  main            d.u.i.k.p.r.p.TestFile    Now processing file /home/runner/work/key/key/key.core/../key.ui/examples/heap/permissions/threads/BFilter_BFilter.key 
219901     INFO  main            d.u.i.k.p.i.AbstractProblemLoader Loading environment from /home/runner/work/key/key/key.core/../key.ui/examples/heap/permissions/threads/BFilter_BFilter.key 
219901     DEBUG main            d.u.i.k.p.i.AbstractProblemLoader Environment load took 145.7ns 
219902     INFO  main            d.u.i.k.p.i.AbstractProblemLoader Creating init config 
225099     DEBUG main            d.u.i.k.p.i.AbstractProblemLoader Init config took 5.2s 
225202     INFO  main            d.u.i.k.p.i.AbstractProblemLoader Replaying proof BFilter[BFilter::BFilter(Sampler,Buffer)].JML normal_behavior operation contract.0 
225207     DEBUG main            d.u.i.k.p.i.IntermediateProofReplayer Proof replay took 21.5ns 
226440     INFO  main            d.u.i.k.p.r.p.TestFile    ... finished proof: closed. 
226826     INFO  main            d.u.i.k.p.i.AbstractProblemLoader Loading environment from /home/runner/work/key/key/key.core/../key.ui/examples/heap/permissions/threads/BFilter_BFilter.key.proof 
226830     DEBUG main            d.u.i.k.p.i.AbstractProblemLoader Environment load took 4.12ms 
226832     INFO  main            d.u.i.k.p.i.AbstractProblemLoader Creating init config 
231917     DEBUG main            d.u.i.k.p.i.AbstractProblemLoader Init config took 5.09s 
232001     INFO  main            d.u.i.k.p.i.AbstractProblemLoader Replaying proof BFilter[BFilter::BFilter(Sampler,Buffer)].JML normal_behavior operation contract.0 
232189     DEBUG main            d.u.i.k.p.i.IntermediateProofReplayer Proof replay took 183.92ms 
232190     DEBUG main            d.u.i.k.p.r.p.TestFile    ... success: reloaded. 
232192     INFO  main            d.u.i.k.p.r.p.TestFile    Now processing file /home/runner/work/key/key/key.core/../key.ui/examples/heap/permissions/threads/BFilter_initPost_accessible.key 
232193     INFO  main            d.u.i.k.p.i.AbstractProblemLoader Loading environment from /home/runner/work/key/key/key.core/../key.ui/examples/heap/permissions/threads/BFilter_initPost_accessible.key 
232193     DEBUG main            d.u.i.k.p.i.AbstractProblemLoader Environment load took 217.7ns 
232194     INFO  main            d.u.i.k.p.i.AbstractProblemLoader Creating init config 
237442     DEBUG main            d.u.i.k.p.i.AbstractProblemLoader Init config took 5.25s 
237523     INFO  main            d.u.i.k.p.i.AbstractProblemLoader Replaying proof BFilter[ThreadSpec2::initPost()].JML accessible clause.0 
237524     DEBUG main            d.u.i.k.p.i.IntermediateProofReplayer Proof replay took 6.6ns 
237626     INFO  main            d.u.i.k.p.r.p.TestFile    ... finished proof: closed. 
237981     INFO  main            d.u.i.k.p.i.AbstractProblemLoader Loading environment from /home/runner/work/key/key/key.core/../key.ui/examples/heap/permissions/threads/BFilter_initPost_accessible.key.proof 
237981     DEBUG main            d.u.i.k.p.i.AbstractProblemLoader Environment load took 146ns 
237982     INFO  main            d.u.i.k.p.i.AbstractProblemLoader Creating init config 
243152     DEBUG main            d.u.i.k.p.i.AbstractProblemLoader Init config took 5.17s 
243251     INFO  main            d.u.i.k.p.i.AbstractProblemLoader Replaying proof BFilter[ThreadSpec2::initPost()].JML accessible clause.0 
243266     DEBUG main            d.u.i.k.p.i.IntermediateProofReplayer Proof replay took 13.05ms 
243267     DEBUG main            d.u.i.k.p.r.p.TestFile    ... success: reloaded. 
243268     INFO  main            d.u.i.k.p.r.p.TestFile    Now processing file /home/runner/work/key/key/key.core/../key.ui/examples/heap/permissions/threads/BFilter_inv_accessible1.key 
243269     INFO  main            d.u.i.k.p.i.AbstractProblemLoader Loading environment from /home/runner/work/key/key/key.core/../key.ui/examples/heap/permissions/threads/BFilter_inv_accessible1.key 
243269     DEBUG main            d.u.i.k.p.i.AbstractProblemLoader Environment load took 106.4ns 
243270     INFO  main            d.u.i.k.p.i.AbstractProblemLoader Creating init config 
248496     DEBUG main            d.u.i.k.p.i.AbstractProblemLoader Init config took 5.23s 
248578     INFO  main            d.u.i.k.p.i.AbstractProblemLoader Replaying proof BFilter[java.lang.Object::<inv>()].JML accessible clause.0 
248579     DEBUG main            d.u.i.k.p.i.IntermediateProofReplayer Proof replay took 6.8ns 
248682     INFO  main            d.u.i.k.p.r.p.TestFile    ... finished proof: closed. 
249042     INFO  main            d.u.i.k.p.i.AbstractProblemLoader Loading environment from /home/runner/work/key/key/key.core/../key.ui/examples/heap/permissions/threads/BFilter_inv_accessible1.key.proof 
249042     DEBUG main            d.u.i.k.p.i.AbstractProblemLoader Environment load took 114ns 
249044     INFO  main            d.u.i.k.p.i.AbstractProblemLoader Creating init config 
254244     DEBUG main            d.u.i.k.p.i.AbstractProblemLoader Init config took 5.2s 
254332     INFO  main            d.u.i.k.p.i.AbstractProblemLoader Replaying proof BFilter[java.lang.Object::<inv>()].JML accessible clause.0 
254336     DEBUG main            d.u.i.k.p.i.IntermediateProofReplayer Proof replay took 2.3ms 
254339     DEBUG main            d.u.i.k.p.r.p.TestFile    ... success: reloaded. 
254340     INFO  main            d.u.i.k.p.r.p.TestFile    Now processing file /home/runner/work/key/key/key.core/../key.ui/examples/heap/permissions/threads/BFilter_inv_accessible2.key 
254341     INFO  main            d.u.i.k.p.i.AbstractProblemLoader Loading environment from /home/runner/work/key/key/key.core/../key.ui/examples/heap/permissions/threads/BFilter_inv_accessible2.key 
254341     DEBUG main            d.u.i.k.p.i.AbstractProblemLoader Environment load took 120.3ns 
254342     INFO  main            d.u.i.k.p.i.AbstractProblemLoader Creating init config 
259416     DEBUG main            d.u.i.k.p.i.AbstractProblemLoader Init config took 5.07s 
259503     INFO  main            d.u.i.k.p.i.AbstractProblemLoader Replaying proof BFilter[java.lang.Object::<inv>()].JML accessible clause.1 
259505     DEBUG main            d.u.i.k.p.i.IntermediateProofReplayer Proof replay took 8ns 
259610     INFO  main            d.u.i.k.p.r.p.TestFile    ... finished proof: closed. 
260004     INFO  main            d.u.i.k.p.i.AbstractProblemLoader Loading environment from /home/runner/work/key/key/key.core/../key.ui/examples/heap/permissions/threads/BFilter_inv_accessible2.key.proof 
260004     DEBUG main            d.u.i.k.p.i.AbstractProblemLoader Environment load took 115ns 
260005     INFO  main            d.u.i.k.p.i.AbstractProblemLoader Creating init config 
265038     DEBUG main            d.u.i.k.p.i.AbstractProblemLoader Init config took 5.03s 
265123     INFO  main            d.u.i.k.p.i.AbstractProblemLoader Replaying proof BFilter[java.lang.Object::<inv>()].JML accessible clause.1 
265127     DEBUG main            d.u.i.k.p.i.IntermediateProofReplayer Proof replay took 1.84ms 
265128     DEBUG main            d.u.i.k.p.r.p.TestFile    ... success: reloaded. 
265129     INFO  main            d.u.i.k.p.r.p.TestFile    Now processing file /home/runner/work/key/key/key.core/../key.ui/examples/heap/permissions/threads/BFilter_joinTransfer_accessible.key 
265129     INFO  main            d.u.i.k.p.i.AbstractProblemLoader Loading environment from /home/runner/work/key/key/key.core/../key.ui/examples/heap/permissions/threads/BFilter_joinTransfer_accessible.key 
265130     DEBUG main            d.u.i.k.p.i.AbstractProblemLoader Environment load took 143.8ns 
265131     INFO  main            d.u.i.k.p.i.AbstractProblemLoader Creating init config 
270337     DEBUG main            d.u.i.k.p.i.AbstractProblemLoader Init config took 5.21s 
270426     INFO  main            d.u.i.k.p.i.AbstractProblemLoader Replaying proof BFilter[ThreadSpec2::joinTransfer()].JML accessible clause.0 
270429     DEBUG main            d.u.i.k.p.i.IntermediateProofReplayer Proof replay took 8.1ns 
271737     INFO  main            d.u.i.k.p.r.p.TestFile    ... finished proof: closed. 
272112     INFO  main            d.u.i.k.p.i.AbstractProblemLoader Loading environment from /home/runner/work/key/key/key.core/../key.ui/examples/heap/permissions/threads/BFilter_joinTransfer_accessible.key.proof 
272113     DEBUG main            d.u.i.k.p.i.AbstractProblemLoader Environment load took 433.31ns 
272114     INFO  main            d.u.i.k.p.i.AbstractProblemLoader Creating init config 
277165     DEBUG main            d.u.i.k.p.i.AbstractProblemLoader Init config took 5.05s 
277271     INFO  main            d.u.i.k.p.i.AbstractProblemLoader Replaying proof BFilter[ThreadSpec2::joinTransfer()].JML accessible clause.0 
277443     DEBUG main            d.u.i.k.p.i.IntermediateProofReplayer Proof replay took 165.09ms 
277445     DEBUG main            d.u.i.k.p.r.p.TestFile    ... success: reloaded. 
277446     INFO  main            d.u.i.k.p.r.p.TestFile    Now processing file /home/runner/work/key/key/key.core/../key.ui/examples/heap/permissions/threads/BFilter_joinTransfer_contract.key 
277446     INFO  main            d.u.i.k.p.i.AbstractProblemLoader Loading environment from /home/runner/work/key/key/key.core/../key.ui/examples/heap/permissions/threads/BFilter_joinTransfer_contract.key 
277447     DEBUG main            d.u.i.k.p.i.AbstractProblemLoader Environment load took 120.1ns 
277448     INFO  main            d.u.i.k.p.i.AbstractProblemLoader Creating init config 
282585     DEBUG main            d.u.i.k.p.i.AbstractProblemLoader Init config took 5.14s 
282681     INFO  main            d.u.i.k.p.i.AbstractProblemLoader Replaying proof BFilter[ThreadSpec2::joinTransfer()].JML model_behavior operation contract.0 
282682     DEBUG main            d.u.i.k.p.i.IntermediateProofReplayer Proof replay took 8ns 
282786     INFO  main            d.u.i.k.p.r.p.TestFile    ... finished proof: closed. 
283194     INFO  main            d.u.i.k.p.i.AbstractProblemLoader Loading environment from /home/runner/work/key/key/key.core/../key.ui/examples/heap/permissions/threads/BFilter_joinTransfer_contract.key.proof 
283195     DEBUG main            d.u.i.k.p.i.AbstractProblemLoader Environment load took 124.1ns 
283196     INFO  main            d.u.i.k.p.i.AbstractProblemLoader Creating init config 
288252     DEBUG main            d.u.i.k.p.i.AbstractProblemLoader Init config took 5.06s 
288340     INFO  main            d.u.i.k.p.i.AbstractProblemLoader Replaying proof BFilter[ThreadSpec2::joinTransfer()].JML model_behavior operation contract.0 
288353     DEBUG main            d.u.i.k.p.i.IntermediateProofReplayer Proof replay took 10.52ms 
288354     DEBUG main            d.u.i.k.p.r.p.TestFile    ... success: reloaded. 
288356     INFO  main            d.u.i.k.p.r.p.TestFile    Now processing file /home/runner/work/key/key/key.core/../key.ui/examples/heap/permissions/threads/BFilter_postJoin_accessible.key 
288356     INFO  main            d.u.i.k.p.i.AbstractProblemLoader Loading environment from /home/runner/work/key/key/key.core/../key.ui/examples/heap/permissions/threads/BFilter_postJoin_accessible.key 
288356     DEBUG main            d.u.i.k.p.i.AbstractProblemLoader Environment load took 172.8ns 
288358     INFO  main            d.u.i.k.p.i.AbstractProblemLoader Creating init config 
293550     DEBUG main            d.u.i.k.p.i.AbstractProblemLoader Init config took 5.19s 
293629     INFO  main            d.u.i.k.p.i.AbstractProblemLoader Replaying proof BFilter[ThreadSpec2::postJoin(java.lang.Object)].JML accessible clause.0 
293631     DEBUG main            d.u.i.k.p.i.IntermediateProofReplayer Proof replay took 7.2ns 
293734     INFO  main            d.u.i.k.p.r.p.TestFile    ... finished proof: closed. 
294174     INFO  main            d.u.i.k.p.i.AbstractProblemLoader Loading environment from /home/runner/work/key/key/key.core/../key.ui/examples/heap/permissions/threads/BFilter_postJoin_accessible.key.proof 
294174     DEBUG main            d.u.i.k.p.i.AbstractProblemLoader Environment load took 104.7ns 
294175     INFO  main            d.u.i.k.p.i.AbstractProblemLoader Creating init config 
299258     DEBUG main            d.u.i.k.p.i.AbstractProblemLoader Init config took 5.08s 
299347     INFO  main            d.u.i.k.p.i.AbstractProblemLoader Replaying proof BFilter[ThreadSpec2::postJoin(java.lang.Object)].JML accessible clause.0 
299356     DEBUG main            d.u.i.k.p.i.IntermediateProofReplayer Proof replay took 7.12ms 
299358     DEBUG main            d.u.i.k.p.r.p.TestFile    ... success: reloaded. 
299359     INFO  main            d.u.i.k.p.r.p.TestFile    Now processing file /home/runner/work/key/key/key.core/../key.ui/examples/heap/permissions/threads/BFilter_preStart_accessible.key 
299359     INFO  main            d.u.i.k.p.i.AbstractProblemLoader Loading environment from /home/runner/work/key/key/key.core/../key.ui/examples/heap/permissions/threads/BFilter_preStart_accessible.key 
299359     DEBUG main            d.u.i.k.p.i.AbstractProblemLoader Environment load took 206.1ns 
299360     INFO  main            d.u.i.k.p.i.AbstractProblemLoader Creating init config 
304599     DEBUG main            d.u.i.k.p.i.AbstractProblemLoader Init config took 5.24s 
304691     INFO  main            d.u.i.k.p.i.AbstractProblemLoader Replaying proof BFilter[ThreadSpec2::preStart(java.lang.Object)].JML accessible clause.0 
304693     DEBUG main            d.u.i.k.p.i.IntermediateProofReplayer Proof replay took 8.4ns 
305102     INFO  main            d.u.i.k.p.r.p.TestFile    ... finished proof: closed. 
305541     INFO  main            d.u.i.k.p.i.AbstractProblemLoader Loading environment from /home/runner/work/key/key/key.core/../key.ui/examples/heap/permissions/threads/BFilter_preStart_accessible.key.proof 
305541     DEBUG main            d.u.i.k.p.i.AbstractProblemLoader Environment load took 663.31ns 
305543     INFO  main            d.u.i.k.p.i.AbstractProblemLoader Creating init config 
310795     DEBUG main            d.u.i.k.p.i.AbstractProblemLoader Init config took 5.25s 
310880     INFO  main            d.u.i.k.p.i.AbstractProblemLoader Replaying proof BFilter[ThreadSpec2::preStart(java.lang.Object)].JML accessible clause.0 
310923     DEBUG main            d.u.i.k.p.i.IntermediateProofReplayer Proof replay took 39.66ms 
310924     DEBUG main            d.u.i.k.p.r.p.TestFile    ... success: reloaded. 
310925     INFO  main            d.u.i.k.p.r.p.TestFile    Now processing file /home/runner/work/key/key/key.core/../key.ui/examples/heap/permissions/threads/BFilter_startTransfer_accessible.key 
310925     INFO  main            d.u.i.k.p.i.AbstractProblemLoader Loading environment from /home/runner/work/key/key/key.core/../key.ui/examples/heap/permissions/threads/BFilter_startTransfer_accessible.key 
310926     DEBUG main            d.u.i.k.p.i.AbstractProblemLoader Environment load took 154.4ns 
310927     INFO  main            d.u.i.k.p.i.AbstractProblemLoader Creating init config 
316000     DEBUG main            d.u.i.k.p.i.AbstractProblemLoader Init config took 5.07s 
316086     INFO  main            d.u.i.k.p.i.AbstractProblemLoader Replaying proof BFilter[ThreadSpec2::startTransfer()].JML accessible clause.0 
316088     DEBUG main            d.u.i.k.p.i.IntermediateProofReplayer Proof replay took 7.4ns 
327698     INFO  main            d.u.i.k.p.r.p.TestFile    ... finished proof: closed. 
328135     INFO  main            d.u.i.k.p.i.AbstractProblemLoader Loading environment from /home/runner/work/key/key/key.core/../key.ui/examples/heap/permissions/threads/BFilter_startTransfer_accessible.key.proof 
328135     DEBUG main            d.u.i.k.p.i.AbstractProblemLoader Environment load took 207.5ns 
328137     INFO  main            d.u.i.k.p.i.AbstractProblemLoader Creating init config 
333323     DEBUG main            d.u.i.k.p.i.AbstractProblemLoader Init config took 5.19s 
333428     INFO  main            d.u.i.k.p.i.AbstractProblemLoader Replaying proof BFilter[ThreadSpec2::startTransfer()].JML accessible clause.0 
334437     DEBUG main            d.u.i.k.p.i.IntermediateProofReplayer Proof replay took 987.43ms 
334439     DEBUG main            d.u.i.k.p.r.p.TestFile    ... success: reloaded. 
334440     INFO  main            d.u.i.k.p.r.p.TestFile    Now processing file /home/runner/work/key/key/key.core/../key.ui/examples/heap/permissions/threads/BFilter_startTransfer_contract.key 
334441     INFO  main            d.u.i.k.p.i.AbstractProblemLoader Loading environment from /home/runner/work/key/key/key.core/../key.ui/examples/heap/permissions/threads/BFilter_startTransfer_contract.key 
334441     DEBUG main            d.u.i.k.p.i.AbstractProblemLoader Environment load took 226.8ns 
334442     INFO  main            d.u.i.k.p.i.AbstractProblemLoader Creating init config 
339845     DEBUG main            d.u.i.k.p.i.AbstractProblemLoader Init config took 5.4s 
339960     INFO  main            d.u.i.k.p.i.AbstractProblemLoader Replaying proof BFilter[ThreadSpec2::startTransfer()].JML model_behavior operation contract.0 
339964     DEBUG main            d.u.i.k.p.i.IntermediateProofReplayer Proof replay took 7.9ns 
341373     INFO  main            d.u.i.k.p.r.p.TestFile    ... finished proof: closed. 
341826     INFO  main            d.u.i.k.p.i.AbstractProblemLoader Loading environment from /home/runner/work/key/key/key.core/../key.ui/examples/heap/permissions/threads/BFilter_startTransfer_contract.key.proof 
341827     DEBUG main            d.u.i.k.p.i.AbstractProblemLoader Environment load took 452.01ns 
341829     INFO  main            d.u.i.k.p.i.AbstractProblemLoader Creating init config 
347220     DEBUG main            d.u.i.k.p.i.AbstractProblemLoader Init config took 5.39s 
347304     INFO  main            d.u.i.k.p.i.AbstractProblemLoader Replaying proof BFilter[ThreadSpec2::startTransfer()].JML model_behavior operation contract.0 
347441     DEBUG main            d.u.i.k.p.i.IntermediateProofReplayer Proof replay took 131.43ms 
347443     DEBUG main            d.u.i.k.p.r.p.TestFile    ... success: reloaded. 
347444     INFO  main            d.u.i.k.p.r.p.TestFile    Now processing file /home/runner/work/key/key/key.core/../key.ui/examples/heap/permissions/threads/BFilter_stateInv_accessible.key 
347444     INFO  main            d.u.i.k.p.i.AbstractProblemLoader Loading environment from /home/runner/work/key/key/key.core/../key.ui/examples/heap/permissions/threads/BFilter_stateInv_accessible.key 
347444     DEBUG main            d.u.i.k.p.i.AbstractProblemLoader Environment load took 85.8ns 
347445     INFO  main            d.u.i.k.p.i.AbstractProblemLoader Creating init config 
353031     DEBUG main            d.u.i.k.p.i.AbstractProblemLoader Init config took 5.59s 
353130     INFO  main            d.u.i.k.p.i.AbstractProblemLoader Replaying proof BFilter[ThreadSpec2::stateInv()].JML accessible clause.0 
353134     DEBUG main            d.u.i.k.p.i.IntermediateProofReplayer Proof replay took 9.1ns 
353550     INFO  main            d.u.i.k.p.r.p.TestFile    ... finished proof: closed. 
353967     INFO  main            d.u.i.k.p.i.AbstractProblemLoader Loading environment from /home/runner/work/key/key/key.core/../key.ui/examples/heap/permissions/threads/BFilter_stateInv_accessible.key.proof 
353967     DEBUG main            d.u.i.k.p.i.AbstractProblemLoader Environment load took 110.1ns 
353968     INFO  main            d.u.i.k.p.i.AbstractProblemLoader Creating init config 
359280     DEBUG main            d.u.i.k.p.i.AbstractProblemLoader Init config took 5.31s 
359370     INFO  main            d.u.i.k.p.i.AbstractProblemLoader Replaying proof BFilter[ThreadSpec2::stateInv()].JML accessible clause.0 
359417     DEBUG main            d.u.i.k.p.i.IntermediateProofReplayer Proof replay took 43.91ms 
359418     DEBUG main            d.u.i.k.p.r.p.TestFile    ... success: reloaded. 
359419     INFO  main            d.u.i.k.p.r.p.TestFile    Now processing file /home/runner/work/key/key/key.core/../key.ui/examples/heap/permissions/threads/BFilter_staticPermissions_accessible.key 
359419     INFO  main            d.u.i.k.p.i.AbstractProblemLoader Loading environment from /home/runner/work/key/key/key.core/../key.ui/examples/heap/permissions/threads/BFilter_staticPermissions_accessible.key 
359419     DEBUG main            d.u.i.k.p.i.AbstractProblemLoader Environment load took 166.5ns 
359420     INFO  main            d.u.i.k.p.i.AbstractProblemLoader Creating init config 
365007     DEBUG main            d.u.i.k.p.i.AbstractProblemLoader Init config took 5.59s 
365094     INFO  main            d.u.i.k.p.i.AbstractProblemLoader Replaying proof BFilter[ThreadSpec2::staticPermissions()].JML accessible clause.0 
365096     DEBUG main            d.u.i.k.p.i.IntermediateProofReplayer Proof replay took 7.4ns 
365201     INFO  main            d.u.i.k.p.r.p.TestFile    ... finished proof: closed. 
365620     INFO  main            d.u.i.k.p.i.AbstractProblemLoader Loading environment from /home/runner/work/key/key/key.core/../key.ui/examples/heap/permissions/threads/BFilter_staticPermissions_accessible.key.proof 
365621     DEBUG main            d.u.i.k.p.i.AbstractProblemLoader Environment load took 259.9ns 
365622     INFO  main            d.u.i.k.p.i.AbstractProblemLoader Creating init config 
370857     DEBUG main            d.u.i.k.p.i.AbstractProblemLoader Init config took 5.23s 
370951     INFO  main            d.u.i.k.p.i.AbstractProblemLoader Replaying proof BFilter[ThreadSpec2::staticPermissions()].JML accessible clause.0 
370965     DEBUG main            d.u.i.k.p.i.IntermediateProofReplayer Proof replay took 11.63ms 
370965     DEBUG main            d.u.i.k.p.r.p.TestFile    ... success: reloaded. 
370967     INFO  main            d.u.i.k.p.r.p.TestFile    Now processing file /home/runner/work/key/key/key.core/../key.ui/examples/heap/permissions/threads/BFilter_workingPermissions_accessible.key 
370967     INFO  main            d.u.i.k.p.i.AbstractProblemLoader Loading environment from /home/runner/work/key/key/key.core/../key.ui/examples/heap/permissions/threads/BFilter_workingPermissions_accessible.key 
370967     DEBUG main            d.u.i.k.p.i.AbstractProblemLoader Environment load took 143.1ns 
370968     INFO  main            d.u.i.k.p.i.AbstractProblemLoader Creating init config 
376291     DEBUG main            d.u.i.k.p.i.AbstractProblemLoader Init config took 5.32s 
376395     INFO  main            d.u.i.k.p.i.AbstractProblemLoader Replaying proof BFilter[ThreadSpec2::workingPermissions()].JML accessible clause.0 
376397     DEBUG main            d.u.i.k.p.i.IntermediateProofReplayer Proof replay took 7.5ns 
376501     INFO  main            d.u.i.k.p.r.p.TestFile    ... finished proof: closed. 
376954     INFO  main            d.u.i.k.p.i.AbstractProblemLoader Loading environment from /home/runner/work/key/key/key.core/../key.ui/examples/heap/permissions/threads/BFilter_workingPermissions_accessible.key.proof 
376954     DEBUG main            d.u.i.k.p.i.AbstractProblemLoader Environment load took 121.6ns 
376956     INFO  main            d.u.i.k.p.i.AbstractProblemLoader Creating init config 
382105     DEBUG main            d.u.i.k.p.i.AbstractProblemLoader Init config took 5.15s 
382209     INFO  main            d.u.i.k.p.i.AbstractProblemLoader Replaying proof BFilter[ThreadSpec2::workingPermissions()].JML accessible clause.0 
382220     DEBUG main            d.u.i.k.p.i.IntermediateProofReplayer Proof replay took 9.43ms 
382221     DEBUG main            d.u.i.k.p.r.p.TestFile    ... success: reloaded. 
382222     INFO  main            d.u.i.k.p.r.p.TestFile    Now processing file /home/runner/work/key/key/key.core/../key.ui/examples/heap/permissions/threads/Fib_Fib.key 
382222     INFO  main            d.u.i.k.p.i.AbstractProblemLoader Loading environment from /home/runner/work/key/key/key.core/../key.ui/examples/heap/permissions/threads/Fib_Fib.key 
382222     DEBUG main            d.u.i.k.p.i.AbstractProblemLoader Environment load took 62.5ns 
382223     INFO  main            d.u.i.k.p.i.AbstractProblemLoader Creating init config 
387683     DEBUG main            d.u.i.k.p.i.AbstractProblemLoader Init config took 5.46s 
387782     INFO  main            d.u.i.k.p.i.AbstractProblemLoader Replaying proof Fib[Fib::Fib(int)].JML normal_behavior operation contract.0 
387784     DEBUG main            d.u.i.k.p.i.IntermediateProofReplayer Proof replay took 8.7ns 
388587     INFO  main            d.u.i.k.p.r.p.TestFile    ... finished proof: closed. 
389058     INFO  main            d.u.i.k.p.i.AbstractProblemLoader Loading environment from /home/runner/work/key/key/key.core/../key.ui/examples/heap/permissions/threads/Fib_Fib.key.proof 
389059     DEBUG main            d.u.i.k.p.i.AbstractProblemLoader Environment load took 107.5ns 
389060     INFO  main            d.u.i.k.p.i.AbstractProblemLoader Creating init config 
394431     DEBUG main            d.u.i.k.p.i.AbstractProblemLoader Init config took 5.37s 
394525     INFO  main            d.u.i.k.p.i.AbstractProblemLoader Replaying proof Fib[Fib::Fib(int)].JML normal_behavior operation contract.0 
394679     DEBUG main            d.u.i.k.p.i.IntermediateProofReplayer Proof replay took 150.21ms 
394680     DEBUG main            d.u.i.k.p.r.p.TestFile    ... success: reloaded. 
394681     INFO  main            d.u.i.k.p.r.p.TestFile    Now processing file /home/runner/work/key/key/key.core/../key.ui/examples/heap/permissions/threads/Fib_initPost_accessible.key 
394681     INFO  main            d.u.i.k.p.i.AbstractProblemLoader Loading environment from /home/runner/work/key/key/key.core/../key.ui/examples/heap/permissions/threads/Fib_initPost_accessible.key 
394681     DEBUG main            d.u.i.k.p.i.AbstractProblemLoader Environment load took 146.7ns 
394682     INFO  main            d.u.i.k.p.i.AbstractProblemLoader Creating init config 
400054     DEBUG main            d.u.i.k.p.i.AbstractProblemLoader Init config took 5.37s 
400133     INFO  main            d.u.i.k.p.i.AbstractProblemLoader Replaying proof Fib[ThreadSpec::initPost()].JML accessible clause.0 
400135     DEBUG main            d.u.i.k.p.i.IntermediateProofReplayer Proof replay took 7.2ns 
400237     INFO  main            d.u.i.k.p.r.p.TestFile    ... finished proof: closed. 
400697     INFO  main            d.u.i.k.p.i.AbstractProblemLoader Loading environment from /home/runner/work/key/key/key.core/../key.ui/examples/heap/permissions/threads/Fib_initPost_accessible.key.proof 
400698     DEBUG main            d.u.i.k.p.i.AbstractProblemLoader Environment load took 143ns 
400699     INFO  main            d.u.i.k.p.i.AbstractProblemLoader Creating init config 
405939     DEBUG main            d.u.i.k.p.i.AbstractProblemLoader Init config took 5.24s 
406024     INFO  main            d.u.i.k.p.i.AbstractProblemLoader Replaying proof Fib[ThreadSpec::initPost()].JML accessible clause.0 
406031     DEBUG main            d.u.i.k.p.i.IntermediateProofReplayer Proof replay took 5.44ms 
406032     DEBUG main            d.u.i.k.p.r.p.TestFile    ... success: reloaded. 
406033     INFO  main            d.u.i.k.p.r.p.TestFile    Now processing file /home/runner/work/key/key/key.core/../key.ui/examples/heap/permissions/threads/Fib_inv1_accessible.key 
406033     INFO  main            d.u.i.k.p.i.AbstractProblemLoader Loading environment from /home/runner/work/key/key/key.core/../key.ui/examples/heap/permissions/threads/Fib_inv1_accessible.key 
406033     DEBUG main            d.u.i.k.p.i.AbstractProblemLoader Environment load took 77.1ns 
406034     INFO  main            d.u.i.k.p.i.AbstractProblemLoader Creating init config 
411347     DEBUG main            d.u.i.k.p.i.AbstractProblemLoader Init config took 5.31s 
411448     INFO  main            d.u.i.k.p.i.AbstractProblemLoader Replaying proof Fib[java.lang.Object::<inv>()].JML accessible clause.0 
411451     DEBUG main            d.u.i.k.p.i.IntermediateProofReplayer Proof replay took 8ns 
411553     INFO  main            d.u.i.k.p.r.p.TestFile    ... finished proof: closed. 
412014     INFO  main            d.u.i.k.p.i.AbstractProblemLoader Loading environment from /home/runner/work/key/key/key.core/../key.ui/examples/heap/permissions/threads/Fib_inv1_accessible.key.proof 
412014     DEBUG main            d.u.i.k.p.i.AbstractProblemLoader Environment load took 93.1ns 
412015     INFO  main            d.u.i.k.p.i.AbstractProblemLoader Creating init config 
417216     DEBUG main            d.u.i.k.p.i.AbstractProblemLoader Init config took 5.2s 
417303     INFO  main            d.u.i.k.p.i.AbstractProblemLoader Replaying proof Fib[java.lang.Object::<inv>()].JML accessible clause.0 
417306     DEBUG main            d.u.i.k.p.i.IntermediateProofReplayer Proof replay took 1.94ms 
417307     DEBUG main            d.u.i.k.p.r.p.TestFile    ... success: reloaded. 
417308     INFO  main            d.u.i.k.p.r.p.TestFile    Now processing file /home/runner/work/key/key/key.core/../key.ui/examples/heap/permissions/threads/Fib_inv2_accessible.key 
417309     INFO  main            d.u.i.k.p.i.AbstractProblemLoader Loading environment from /home/runner/work/key/key/key.core/../key.ui/examples/heap/permissions/threads/Fib_inv2_accessible.key 
417309     DEBUG main            d.u.i.k.p.i.AbstractProblemLoader Environment load took 131.4ns 
417310     INFO  main            d.u.i.k.p.i.AbstractProblemLoader Creating init config 
422879     DEBUG main            d.u.i.k.p.i.AbstractProblemLoader Init config took 5.57s 
422967     INFO  main            d.u.i.k.p.i.AbstractProblemLoader Replaying proof Fib[java.lang.Object::<inv>()].JML accessible clause.1 
422970     DEBUG main            d.u.i.k.p.i.IntermediateProofReplayer Proof replay took 7.9ns 
423072     INFO  main            d.u.i.k.p.r.p.TestFile    ... finished proof: closed. 
423553     INFO  main            d.u.i.k.p.i.AbstractProblemLoader Loading environment from /home/runner/work/key/key/key.core/../key.ui/examples/heap/permissions/threads/Fib_inv2_accessible.key.proof 
423553     DEBUG main            d.u.i.k.p.i.AbstractProblemLoader Environment load took 92.2ns 
423554     INFO  main            d.u.i.k.p.i.AbstractProblemLoader Creating init config 
429030     DEBUG main            d.u.i.k.p.i.AbstractProblemLoader Init config took 5.48s 
429140     INFO  main            d.u.i.k.p.i.AbstractProblemLoader Replaying proof Fib[java.lang.Object::<inv>()].JML accessible clause.1 
429144     DEBUG main            d.u.i.k.p.i.IntermediateProofReplayer Proof replay took 1.94ms 
429145     DEBUG main            d.u.i.k.p.r.p.TestFile    ... success: reloaded. 
429146     INFO  main            d.u.i.k.p.r.p.TestFile    Now processing file /home/runner/work/key/key/key.core/../key.ui/examples/heap/permissions/threads/Fib_joinTransfer_accessible.key 
429147     INFO  main            d.u.i.k.p.i.AbstractProblemLoader Loading environment from /home/runner/work/key/key/key.core/../key.ui/examples/heap/permissions/threads/Fib_joinTransfer_accessible.key 
429147     DEBUG main            d.u.i.k.p.i.AbstractProblemLoader Environment load took 132.8ns 
429148     INFO  main            d.u.i.k.p.i.AbstractProblemLoader Creating init config 
434728     DEBUG main            d.u.i.k.p.i.AbstractProblemLoader Init config took 5.58s 
434818     INFO  main            d.u.i.k.p.i.AbstractProblemLoader Replaying proof Fib[ThreadSpec::joinTransfer()].JML accessible clause.0 
434820     DEBUG main            d.u.i.k.p.i.IntermediateProofReplayer Proof replay took 8.2ns 
435022     INFO  main            d.u.i.k.p.r.p.TestFile    ... finished proof: closed. 
435525     INFO  main            d.u.i.k.p.i.AbstractProblemLoader Loading environment from /home/runner/work/key/key/key.core/../key.ui/examples/heap/permissions/threads/Fib_joinTransfer_accessible.key.proof 
435525     DEBUG main            d.u.i.k.p.i.AbstractProblemLoader Environment load took 142.2ns 
435526     INFO  main            d.u.i.k.p.i.AbstractProblemLoader Creating init config 
440987     DEBUG main            d.u.i.k.p.i.AbstractProblemLoader Init config took 5.46s 
441073     INFO  main            d.u.i.k.p.i.AbstractProblemLoader Replaying proof Fib[ThreadSpec::joinTransfer()].JML accessible clause.0 
441103     DEBUG main            d.u.i.k.p.i.IntermediateProofReplayer Proof replay took 28.11ms 
441104     DEBUG main            d.u.i.k.p.r.p.TestFile    ... success: reloaded. 
441105     INFO  main            d.u.i.k.p.r.p.TestFile    Now processing file /home/runner/work/key/key/key.core/../key.ui/examples/heap/permissions/threads/Fib_joinTransfer_contract.key 
441106     INFO  main            d.u.i.k.p.i.AbstractProblemLoader Loading environment from /home/runner/work/key/key/key.core/../key.ui/examples/heap/permissions/threads/Fib_joinTransfer_contract.key 
441106     DEBUG main            d.u.i.k.p.i.AbstractProblemLoader Environment load took 73.3ns 
441107     INFO  main            d.u.i.k.p.i.AbstractProblemLoader Creating init config 
446582     DEBUG main            d.u.i.k.p.i.AbstractProblemLoader Init config took 5.48s 
446674     INFO  main            d.u.i.k.p.i.AbstractProblemLoader Replaying proof Fib[ThreadSpec::joinTransfer()].JML model_behavior operation contract.0 
446675     DEBUG main            d.u.i.k.p.i.IntermediateProofReplayer Proof replay took 7.9ns 
446777     INFO  main            d.u.i.k.p.r.p.TestFile    ... finished proof: closed. 
447261     INFO  main            d.u.i.k.p.i.AbstractProblemLoader Loading environment from /home/runner/work/key/key/key.core/../key.ui/examples/heap/permissions/threads/Fib_joinTransfer_contract.key.proof 
447261     DEBUG main            d.u.i.k.p.i.AbstractProblemLoader Environment load took 102.1ns 
447262     INFO  main            d.u.i.k.p.i.AbstractProblemLoader Creating init config 
452619     DEBUG main            d.u.i.k.p.i.AbstractProblemLoader Init config took 5.36s 
452707     INFO  main            d.u.i.k.p.i.AbstractProblemLoader Replaying proof Fib[ThreadSpec::joinTransfer()].JML model_behavior operation contract.0 
452716     DEBUG main            d.u.i.k.p.i.IntermediateProofReplayer Proof replay took 7.33ms 
452717     DEBUG main            d.u.i.k.p.r.p.TestFile    ... success: reloaded. 
452718     INFO  main            d.u.i.k.p.r.p.TestFile    Now processing file /home/runner/work/key/key/key.core/../key.ui/examples/heap/permissions/threads/Fib_postJoin_accessible.key 
452719     INFO  main            d.u.i.k.p.i.AbstractProblemLoader Loading environment from /home/runner/work/key/key/key.core/../key.ui/examples/heap/permissions/threads/Fib_postJoin_accessible.key 
452719     DEBUG main            d.u.i.k.p.i.AbstractProblemLoader Environment load took 91.4ns 
452719     INFO  main            d.u.i.k.p.i.AbstractProblemLoader Creating init config 
458219     DEBUG main            d.u.i.k.p.i.AbstractProblemLoader Init config took 5.5s 
458322     INFO  main            d.u.i.k.p.i.AbstractProblemLoader Replaying proof Fib[ThreadSpec::postJoin(java.lang.Object)].JML accessible clause.0 
458324     DEBUG main            d.u.i.k.p.i.IntermediateProofReplayer Proof replay took 24.4ns 
458426     INFO  main            d.u.i.k.p.r.p.TestFile    ... finished proof: closed. 
458931     INFO  main            d.u.i.k.p.i.AbstractProblemLoader Loading environment from /home/runner/work/key/key/key.core/../key.ui/examples/heap/permissions/threads/Fib_postJoin_accessible.key.proof 
458932     DEBUG main            d.u.i.k.p.i.AbstractProblemLoader Environment load took 130ns 
458933     INFO  main            d.u.i.k.p.i.AbstractProblemLoader Creating init config 
464198     DEBUG main            d.u.i.k.p.i.AbstractProblemLoader Init config took 5.27s 
464281     INFO  main            d.u.i.k.p.i.AbstractProblemLoader Replaying proof Fib[ThreadSpec::postJoin(java.lang.Object)].JML accessible clause.0 
464288     DEBUG main            d.u.i.k.p.i.IntermediateProofReplayer Proof replay took 5.3ms 
464289     DEBUG main            d.u.i.k.p.r.p.TestFile    ... success: reloaded. 
464289     INFO  main            d.u.i.k.p.r.p.TestFile    Now processing file /home/runner/work/key/key/key.core/../key.ui/examples/heap/permissions/threads/Fib_preStart_accessible.key 
464290     INFO  main            d.u.i.k.p.i.AbstractProblemLoader Loading environment from /home/runner/work/key/key/key.core/../key.ui/examples/heap/permissions/threads/Fib_preStart_accessible.key 
464290     DEBUG main            d.u.i.k.p.i.AbstractProblemLoader Environment load took 76.6ns 
464291     INFO  main            d.u.i.k.p.i.AbstractProblemLoader Creating init config 
469638     DEBUG main            d.u.i.k.p.i.AbstractProblemLoader Init config took 5.35s 
469735     INFO  main            d.u.i.k.p.i.AbstractProblemLoader Replaying proof Fib[ThreadSpec::preStart(java.lang.Object)].JML accessible clause.0 
469737     DEBUG main            d.u.i.k.p.i.IntermediateProofReplayer Proof replay took 8.2ns 
469839     INFO  main            d.u.i.k.p.r.p.TestFile    ... finished proof: closed. 
470353     INFO  main            d.u.i.k.p.i.AbstractProblemLoader Loading environment from /home/runner/work/key/key/key.core/../key.ui/examples/heap/permissions/threads/Fib_preStart_accessible.key.proof 
470353     DEBUG main            d.u.i.k.p.i.AbstractProblemLoader Environment load took 112.8ns 
470354     INFO  main            d.u.i.k.p.i.AbstractProblemLoader Creating init config 
475677     DEBUG main            d.u.i.k.p.i.AbstractProblemLoader Init config took 5.32s 
475770     INFO  main            d.u.i.k.p.i.AbstractProblemLoader Replaying proof Fib[ThreadSpec::preStart(java.lang.Object)].JML accessible clause.0 
475778     DEBUG main            d.u.i.k.p.i.IntermediateProofReplayer Proof replay took 6.03ms 
475779     DEBUG main            d.u.i.k.p.r.p.TestFile    ... success: reloaded. 
475780     INFO  main            d.u.i.k.p.r.p.TestFile    Now processing file /home/runner/work/key/key/key.core/../key.ui/examples/heap/permissions/threads/Fib_startTransfer_accessible.key 
475780     INFO  main            d.u.i.k.p.i.AbstractProblemLoader Loading environment from /home/runner/work/key/key/key.core/../key.ui/examples/heap/permissions/threads/Fib_startTransfer_accessible.key 
475780     DEBUG main            d.u.i.k.p.i.AbstractProblemLoader Environment load took 145ns 
475781     INFO  main            d.u.i.k.p.i.AbstractProblemLoader Creating init config 
481235     DEBUG main            d.u.i.k.p.i.AbstractProblemLoader Init config took 5.45s 
481321     INFO  main            d.u.i.k.p.i.AbstractProblemLoader Replaying proof Fib[ThreadSpec::startTransfer()].JML accessible clause.0 
481323     DEBUG main            d.u.i.k.p.i.IntermediateProofReplayer Proof replay took 7.1ns 
481625     INFO  main            d.u.i.k.p.r.p.TestFile    ... finished proof: closed. 
482170     INFO  main            d.u.i.k.p.i.AbstractProblemLoader Loading environment from /home/runner/work/key/key/key.core/../key.ui/examples/heap/permissions/threads/Fib_startTransfer_accessible.key.proof 
482170     DEBUG main            d.u.i.k.p.i.AbstractProblemLoader Environment load took 89.6ns 
482171     INFO  main            d.u.i.k.p.i.AbstractProblemLoader Creating init config 
487559     DEBUG main            d.u.i.k.p.i.AbstractProblemLoader Init config took 5.39s 
487651     INFO  main            d.u.i.k.p.i.AbstractProblemLoader Replaying proof Fib[ThreadSpec::startTransfer()].JML accessible clause.0 
487701     DEBUG main            d.u.i.k.p.i.IntermediateProofReplayer Proof replay took 47.19ms 
487703     DEBUG main            d.u.i.k.p.r.p.TestFile    ... success: reloaded. 
487705     INFO  main            d.u.i.k.p.r.p.TestFile    Now processing file /home/runner/work/key/key/key.core/../key.ui/examples/heap/permissions/threads/Fib_startTransfer_contract.key 
487705     INFO  main            d.u.i.k.p.i.AbstractProblemLoader Loading environment from /home/runner/work/key/key/key.core/../key.ui/examples/heap/permissions/threads/Fib_startTransfer_contract.key 
487705     DEBUG main            d.u.i.k.p.i.AbstractProblemLoader Environment load took 119.9ns 
487706     INFO  main            d.u.i.k.p.i.AbstractProblemLoader Creating init config 
493141     DEBUG main            d.u.i.k.p.i.AbstractProblemLoader Init config took 5.43s 
493223     INFO  main            d.u.i.k.p.i.AbstractProblemLoader Replaying proof Fib[ThreadSpec::startTransfer()].JML model_behavior operation contract.0 
493225     DEBUG main            d.u.i.k.p.i.IntermediateProofReplayer Proof replay took 6.9ns 
493327     INFO  main            d.u.i.k.p.r.p.TestFile    ... finished proof: closed. 
493869     INFO  main            d.u.i.k.p.i.AbstractProblemLoader Loading environment from /home/runner/work/key/key/key.core/../key.ui/examples/heap/permissions/threads/Fib_startTransfer_contract.key.proof 
493869     DEBUG main            d.u.i.k.p.i.AbstractProblemLoader Environment load took 115.7ns 
493871     INFO  main            d.u.i.k.p.i.AbstractProblemLoader Creating init config 
499248     DEBUG main            d.u.i.k.p.i.AbstractProblemLoader Init config took 5.38s 
499331     INFO  main            d.u.i.k.p.i.AbstractProblemLoader Replaying proof Fib[ThreadSpec::startTransfer()].JML model_behavior operation contract.0 
499341     DEBUG main            d.u.i.k.p.i.IntermediateProofReplayer Proof replay took 8.02ms 
499342     DEBUG main            d.u.i.k.p.r.p.TestFile    ... success: reloaded. 
499343     INFO  main            d.u.i.k.p.r.p.TestFile    Now processing file /home/runner/work/key/key/key.core/../key.ui/examples/heap/permissions/threads/Fib_workingPermissions_accessible.key 
499343     INFO  main            d.u.i.k.p.i.AbstractProblemLoader Loading environment from /home/runner/work/key/key/key.core/../key.ui/examples/heap/permissions/threads/Fib_workingPermissions_accessible.key 
499344     DEBUG main            d.u.i.k.p.i.AbstractProblemLoader Environment load took 156.4ns 
499345     INFO  main            d.u.i.k.p.i.AbstractProblemLoader Creating init config 
504640     DEBUG main            d.u.i.k.p.i.AbstractProblemLoader Init config took 5.3s 
504729     INFO  main            d.u.i.k.p.i.AbstractProblemLoader Replaying proof Fib[ThreadSpec::workingPermissions()].JML accessible clause.0 
504731     DEBUG main            d.u.i.k.p.i.IntermediateProofReplayer Proof replay took 7.9ns 
504833     INFO  main            d.u.i.k.p.r.p.TestFile    ... finished proof: closed. 
505383     INFO  main            d.u.i.k.p.i.AbstractProblemLoader Loading environment from /home/runner/work/key/key/key.core/../key.ui/examples/heap/permissions/threads/Fib_workingPermissions_accessible.key.proof 
505383     DEBUG main            d.u.i.k.p.i.AbstractProblemLoader Environment load took 104.5ns 
505384     INFO  main            d.u.i.k.p.i.AbstractProblemLoader Creating init config 
510747     DEBUG main            d.u.i.k.p.i.AbstractProblemLoader Init config took 5.36s 
510832     INFO  main            d.u.i.k.p.i.AbstractProblemLoader Replaying proof Fib[ThreadSpec::workingPermissions()].JML accessible clause.0 
510837     DEBUG main            d.u.i.k.p.i.IntermediateProofReplayer Proof replay took 2.68ms 
510838     DEBUG main            d.u.i.k.p.r.p.TestFile    ... success: reloaded. 
510839     INFO  main            d.u.i.k.p.r.p.TestFile    Now processing file /home/runner/work/key/key/key.core/../key.ui/examples/heap/permissions/threads/Plotter_initPost_accessible.key 
510839     INFO  main            d.u.i.k.p.i.AbstractProblemLoader Loading environment from /home/runner/work/key/key/key.core/../key.ui/examples/heap/permissions/threads/Plotter_initPost_accessible.key 
510839     DEBUG main            d.u.i.k.p.i.AbstractProblemLoader Environment load took 135.1ns 
510840     INFO  main            d.u.i.k.p.i.AbstractProblemLoader Creating init config 
516191     DEBUG main            d.u.i.k.p.i.AbstractProblemLoader Init config took 5.35s 
516278     INFO  main            d.u.i.k.p.i.AbstractProblemLoader Replaying proof Plotter[ThreadSpec2::initPost()].JML accessible clause.0 
516280     DEBUG main            d.u.i.k.p.i.IntermediateProofReplayer Proof replay took 7.2ns 
516482     INFO  main            d.u.i.k.p.r.p.TestFile    ... finished proof: closed. 
517006     INFO  main            d.u.i.k.p.i.AbstractProblemLoader Loading environment from /home/runner/work/key/key/key.core/../key.ui/examples/heap/permissions/threads/Plotter_initPost_accessible.key.proof 
517006     DEBUG main            d.u.i.k.p.i.AbstractProblemLoader Environment load took 92.3ns 
517008     INFO  main            d.u.i.k.p.i.AbstractProblemLoader Creating init config 
522207     DEBUG main            d.u.i.k.p.i.AbstractProblemLoader Init config took 5.2s 
522301     INFO  main            d.u.i.k.p.i.AbstractProblemLoader Replaying proof Plotter[ThreadSpec2::initPost()].JML accessible clause.0 
522319     DEBUG main            d.u.i.k.p.i.IntermediateProofReplayer Proof replay took 16.43ms 
522320     DEBUG main            d.u.i.k.p.r.p.TestFile    ... success: reloaded. 
522321     INFO  main            d.u.i.k.p.r.p.TestFile    Now processing file /home/runner/work/key/key/key.core/../key.ui/examples/heap/permissions/threads/Plotter_inv_accessible1.key 
522321     INFO  main            d.u.i.k.p.i.AbstractProblemLoader Loading environment from /home/runner/work/key/key/key.core/../key.ui/examples/heap/permissions/threads/Plotter_inv_accessible1.key 
522322     DEBUG main            d.u.i.k.p.i.AbstractProblemLoader Environment load took 157ns 
522323     INFO  main            d.u.i.k.p.i.AbstractProblemLoader Creating init config 
527597     DEBUG main            d.u.i.k.p.i.AbstractProblemLoader Init config took 5.27s 
527713     INFO  main            d.u.i.k.p.i.AbstractProblemLoader Replaying proof Plotter[java.lang.Object::<inv>()].JML accessible clause.0 
527715     DEBUG main            d.u.i.k.p.i.IntermediateProofReplayer Proof replay took 31.2ns 
527818     INFO  main            d.u.i.k.p.r.p.TestFile    ... finished proof: closed. 
528365     INFO  main            d.u.i.k.p.i.AbstractProblemLoader Loading environment from /home/runner/work/key/key/key.core/../key.ui/examples/heap/permissions/threads/Plotter_inv_accessible1.key.proof 
528365     DEBUG main            d.u.i.k.p.i.AbstractProblemLoader Environment load took 92.8ns 
528366     INFO  main            d.u.i.k.p.i.AbstractProblemLoader Creating init config 
533629     DEBUG main            d.u.i.k.p.i.AbstractProblemLoader Init config took 5.26s 
533732     INFO  main            d.u.i.k.p.i.AbstractProblemLoader Replaying proof Plotter[java.lang.Object::<inv>()].JML accessible clause.0 
533735     DEBUG main            d.u.i.k.p.i.IntermediateProofReplayer Proof replay took 2.01ms 
533736     DEBUG main            d.u.i.k.p.r.p.TestFile    ... success: reloaded. 
533737     INFO  main            d.u.i.k.p.r.p.TestFile    Now processing file /home/runner/work/key/key/key.core/../key.ui/examples/heap/permissions/threads/Plotter_inv_accessible2.key 
533737     INFO  main            d.u.i.k.p.i.AbstractProblemLoader Loading environment from /home/runner/work/key/key/key.core/../key.ui/examples/heap/permissions/threads/Plotter_inv_accessible2.key 
533738     DEBUG main            d.u.i.k.p.i.AbstractProblemLoader Environment load took 119.8ns 
533738     INFO  main            d.u.i.k.p.i.AbstractProblemLoader Creating init config 
538916     DEBUG main            d.u.i.k.p.i.AbstractProblemLoader Init config took 5.18s 
539005     INFO  main            d.u.i.k.p.i.AbstractProblemLoader Replaying proof Plotter[java.lang.Object::<inv>()].JML accessible clause.1 
539006     DEBUG main            d.u.i.k.p.i.IntermediateProofReplayer Proof replay took 7.3ns 
539108     INFO  main            d.u.i.k.p.r.p.TestFile    ... finished proof: closed. 
539697     INFO  main            d.u.i.k.p.i.AbstractProblemLoader Loading environment from /home/runner/work/key/key/key.core/../key.ui/examples/heap/permissions/threads/Plotter_inv_accessible2.key.proof 
539697     DEBUG main            d.u.i.k.p.i.AbstractProblemLoader Environment load took 89ns 
539698     INFO  main            d.u.i.k.p.i.AbstractProblemLoader Creating init config 
545058     DEBUG main            d.u.i.k.p.i.AbstractProblemLoader Init config took 5.36s 
545163     INFO  main            d.u.i.k.p.i.AbstractProblemLoader Replaying proof Plotter[java.lang.Object::<inv>()].JML accessible clause.1 
545167     DEBUG main            d.u.i.k.p.i.IntermediateProofReplayer Proof replay took 1.94ms 
545168     DEBUG main            d.u.i.k.p.r.p.TestFile    ... success: reloaded. 
545169     INFO  main            d.u.i.k.p.r.p.TestFile    Now processing file /home/runner/work/key/key/key.core/../key.ui/examples/heap/permissions/threads/Plotter_joinTransfer_contract.key 
545169     INFO  main            d.u.i.k.p.i.AbstractProblemLoader Loading environment from /home/runner/work/key/key/key.core/../key.ui/examples/heap/permissions/threads/Plotter_joinTransfer_contract.key 
545169     DEBUG main            d.u.i.k.p.i.AbstractProblemLoader Environment load took 112.6ns 
545170     INFO  main            d.u.i.k.p.i.AbstractProblemLoader Creating init config 
550572     DEBUG main            d.u.i.k.p.i.AbstractProblemLoader Init config took 5.4s 
550663     INFO  main            d.u.i.k.p.i.AbstractProblemLoader Replaying proof Plotter[ThreadSpec2::joinTransfer()].JML model_behavior operation contract.0 
550665     DEBUG main            d.u.i.k.p.i.IntermediateProofReplayer Proof replay took 23.7ns 
550767     INFO  main            d.u.i.k.p.r.p.TestFile    ... finished proof: closed. 
551346     INFO  main            d.u.i.k.p.i.AbstractProblemLoader Loading environment from /home/runner/work/key/key/key.core/../key.ui/examples/heap/permissions/threads/Plotter_joinTransfer_contract.key.proof 
551346     DEBUG main            d.u.i.k.p.i.AbstractProblemLoader Environment load took 113.6ns 
551347     INFO  main            d.u.i.k.p.i.AbstractProblemLoader Creating init config 
556632     DEBUG main            d.u.i.k.p.i.AbstractProblemLoader Init config took 5.29s 
556740     INFO  main            d.u.i.k.p.i.AbstractProblemLoader Replaying proof Plotter[ThreadSpec2::joinTransfer()].JML model_behavior operation contract.0 
556751     DEBUG main            d.u.i.k.p.i.IntermediateProofReplayer Proof replay took 8.75ms 
556752     DEBUG main            d.u.i.k.p.r.p.TestFile    ... success: reloaded. 
556753     INFO  main            d.u.i.k.p.r.p.TestFile    Now processing file /home/runner/work/key/key/key.core/../key.ui/examples/heap/permissions/threads/Plotter_Plotter.key 
556753     INFO  main            d.u.i.k.p.i.AbstractProblemLoader Loading environment from /home/runner/work/key/key/key.core/../key.ui/examples/heap/permissions/threads/Plotter_Plotter.key 
556753     DEBUG main            d.u.i.k.p.i.AbstractProblemLoader Environment load took 57.9ns 
556754     INFO  main            d.u.i.k.p.i.AbstractProblemLoader Creating init config 
562099     DEBUG main            d.u.i.k.p.i.AbstractProblemLoader Init config took 5.35s 
562185     INFO  main            d.u.i.k.p.i.AbstractProblemLoader Replaying proof Plotter[Plotter::Plotter(AFilter,BFilter,Buffer)].JML normal_behavior operation contract.0 
562186     DEBUG main            d.u.i.k.p.i.IntermediateProofReplayer Proof replay took 6.9ns 
564297     INFO  main            d.u.i.k.p.r.p.TestFile    ... finished proof: closed. 
564914     INFO  main            d.u.i.k.p.i.AbstractProblemLoader Loading environment from /home/runner/work/key/key/key.core/../key.ui/examples/heap/permissions/threads/Plotter_Plotter.key.proof 
564914     DEBUG main            d.u.i.k.p.i.AbstractProblemLoader Environment load took 344.3ns 
564915     INFO  main            d.u.i.k.p.i.AbstractProblemLoader Creating init config 
570132     DEBUG main            d.u.i.k.p.i.AbstractProblemLoader Init config took 5.22s 
570214     INFO  main            d.u.i.k.p.i.AbstractProblemLoader Replaying proof Plotter[Plotter::Plotter(AFilter,BFilter,Buffer)].JML normal_behavior operation contract.0 
570511     DEBUG main            d.u.i.k.p.i.IntermediateProofReplayer Proof replay took 292.36ms 
570512     DEBUG main            d.u.i.k.p.r.p.TestFile    ... success: reloaded. 
570514     INFO  main            d.u.i.k.p.r.p.TestFile    Now processing file /home/runner/work/key/key/key.core/../key.ui/examples/heap/permissions/threads/Plotter_postJoin_accessible.key 
570514     INFO  main            d.u.i.k.p.i.AbstractProblemLoader Loading environment from /home/runner/work/key/key/key.core/../key.ui/examples/heap/permissions/threads/Plotter_postJoin_accessible.key 
570514     DEBUG main            d.u.i.k.p.i.AbstractProblemLoader Environment load took 93.1ns 
570515     INFO  main            d.u.i.k.p.i.AbstractProblemLoader Creating init config 
575984     DEBUG main            d.u.i.k.p.i.AbstractProblemLoader Init config took 5.47s 
576064     INFO  main            d.u.i.k.p.i.AbstractProblemLoader Replaying proof Plotter[ThreadSpec2::postJoin(java.lang.Object)].JML accessible clause.0 
576066     DEBUG main            d.u.i.k.p.i.IntermediateProofReplayer Proof replay took 24.5ns 
576170     INFO  main            d.u.i.k.p.r.p.TestFile    ... finished proof: closed. 
576767     INFO  main            d.u.i.k.p.i.AbstractProblemLoader Loading environment from /home/runner/work/key/key/key.core/../key.ui/examples/heap/permissions/threads/Plotter_postJoin_accessible.key.proof 
576767     DEBUG main            d.u.i.k.p.i.AbstractProblemLoader Environment load took 101.8ns 
576769     INFO  main            d.u.i.k.p.i.AbstractProblemLoader Creating init config 
582087     DEBUG main            d.u.i.k.p.i.AbstractProblemLoader Init config took 5.32s 
582170     INFO  main            d.u.i.k.p.i.AbstractProblemLoader Replaying proof Plotter[ThreadSpec2::postJoin(java.lang.Object)].JML accessible clause.0 
582186     DEBUG main            d.u.i.k.p.i.IntermediateProofReplayer Proof replay took 13.59ms 
582187     DEBUG main            d.u.i.k.p.r.p.TestFile    ... success: reloaded. 
582188     INFO  main            d.u.i.k.p.r.p.TestFile    Now processing file /home/runner/work/key/key/key.core/../key.ui/examples/heap/permissions/threads/Plotter_preStart_accessible.key 
582188     INFO  main            d.u.i.k.p.i.AbstractProblemLoader Loading environment from /home/runner/work/key/key/key.core/../key.ui/examples/heap/permissions/threads/Plotter_preStart_accessible.key 
582188     DEBUG main            d.u.i.k.p.i.AbstractProblemLoader Environment load took 73.9ns 
582189     INFO  main            d.u.i.k.p.i.AbstractProblemLoader Creating init config 
587489     DEBUG main            d.u.i.k.p.i.AbstractProblemLoader Init config took 5.3s 
587598     INFO  main            d.u.i.k.p.i.AbstractProblemLoader Replaying proof Plotter[ThreadSpec2::preStart(java.lang.Object)].JML accessible clause.0 
587601     DEBUG main            d.u.i.k.p.i.IntermediateProofReplayer Proof replay took 8.1ns 
588906     INFO  main            d.u.i.k.p.r.p.TestFile    ... finished proof: closed. 
589536     INFO  main            d.u.i.k.p.i.AbstractProblemLoader Loading environment from /home/runner/work/key/key/key.core/../key.ui/examples/heap/permissions/threads/Plotter_preStart_accessible.key.proof 
589536     DEBUG main            d.u.i.k.p.i.AbstractProblemLoader Environment load took 110.9ns 
589537     INFO  main            d.u.i.k.p.i.AbstractProblemLoader Creating init config 
594784     DEBUG main            d.u.i.k.p.i.AbstractProblemLoader Init config took 5.25s 
594869     INFO  main            d.u.i.k.p.i.AbstractProblemLoader Replaying proof Plotter[ThreadSpec2::preStart(java.lang.Object)].JML accessible clause.0 
594969     DEBUG main            d.u.i.k.p.i.IntermediateProofReplayer Proof replay took 95.35ms 
594970     DEBUG main            d.u.i.k.p.r.p.TestFile    ... success: reloaded. 
594971     INFO  main            d.u.i.k.p.r.p.TestFile    Now processing file /home/runner/work/key/key/key.core/../key.ui/examples/heap/permissions/threads/Plotter_stateInv_accessible.key 
594971     INFO  main            d.u.i.k.p.i.AbstractProblemLoader Loading environment from /home/runner/work/key/key/key.core/../key.ui/examples/heap/permissions/threads/Plotter_stateInv_accessible.key 
594971     DEBUG main            d.u.i.k.p.i.AbstractProblemLoader Environment load took 51.7ns 
594972     INFO  main            d.u.i.k.p.i.AbstractProblemLoader Creating init config 
600432     DEBUG main            d.u.i.k.p.i.AbstractProblemLoader Init config took 5.46s 
600522     INFO  main            d.u.i.k.p.i.AbstractProblemLoader Replaying proof Plotter[ThreadSpec2::stateInv()].JML accessible clause.0 
600524     DEBUG main            d.u.i.k.p.i.IntermediateProofReplayer Proof replay took 7.1ns 
609940     INFO  main            d.u.i.k.p.r.p.TestFile    ... finished proof: closed. 
610566     INFO  main            d.u.i.k.p.i.AbstractProblemLoader Loading environment from /home/runner/work/key/key/key.core/../key.ui/examples/heap/permissions/threads/Plotter_stateInv_accessible.key.proof 
610566     DEBUG main            d.u.i.k.p.i.AbstractProblemLoader Environment load took 120.8ns 
610568     INFO  main            d.u.i.k.p.i.AbstractProblemLoader Creating init config 
615824     DEBUG main            d.u.i.k.p.i.AbstractProblemLoader Init config took 5.26s 
615925     INFO  main            d.u.i.k.p.i.AbstractProblemLoader Replaying proof Plotter[ThreadSpec2::stateInv()].JML accessible clause.0 
616663     DEBUG main            d.u.i.k.p.i.IntermediateProofReplayer Proof replay took 721.08ms 
616666     DEBUG main            d.u.i.k.p.r.p.TestFile    ... success: reloaded. 
616667     INFO  main            d.u.i.k.p.r.p.TestFile    Now processing file /home/runner/work/key/key/key.core/../key.ui/examples/heap/permissions/threads/Plotter_staticPermissions_accessible.key 
616667     INFO  main            d.u.i.k.p.i.AbstractProblemLoader Loading environment from /home/runner/work/key/key/key.core/../key.ui/examples/heap/permissions/threads/Plotter_staticPermissions_accessible.key 
616667     DEBUG main            d.u.i.k.p.i.AbstractProblemLoader Environment load took 78.2ns 
616668     INFO  main            d.u.i.k.p.i.AbstractProblemLoader Creating init config 
622003     DEBUG main            d.u.i.k.p.i.AbstractProblemLoader Init config took 5.34s 
622098     INFO  main            d.u.i.k.p.i.AbstractProblemLoader Replaying proof Plotter[ThreadSpec2::staticPermissions()].JML accessible clause.0 
622100     DEBUG main            d.u.i.k.p.i.IntermediateProofReplayer Proof replay took 38.9ns 
623004     INFO  main            d.u.i.k.p.r.p.TestFile    ... finished proof: closed. 
623609     INFO  main            d.u.i.k.p.i.AbstractProblemLoader Loading environment from /home/runner/work/key/key/key.core/../key.ui/examples/heap/permissions/threads/Plotter_staticPermissions_accessible.key.proof 
623609     DEBUG main            d.u.i.k.p.i.AbstractProblemLoader Environment load took 87.2ns 
623610     INFO  main            d.u.i.k.p.i.AbstractProblemLoader Creating init config 
628925     DEBUG main            d.u.i.k.p.i.AbstractProblemLoader Init config took 5.32s 
629013     INFO  main            d.u.i.k.p.i.AbstractProblemLoader Replaying proof Plotter[ThreadSpec2::staticPermissions()].JML accessible clause.0 
629092     DEBUG main            d.u.i.k.p.i.IntermediateProofReplayer Proof replay took 73.52ms 
629093     DEBUG main            d.u.i.k.p.r.p.TestFile    ... success: reloaded. 
629094     INFO  main            d.u.i.k.p.r.p.TestFile    Now processing file /home/runner/work/key/key/key.core/../key.ui/examples/heap/permissions/threads/Plotter_workingPermissions_accessible.key 
629095     INFO  main            d.u.i.k.p.i.AbstractProblemLoader Loading environment from /home/runner/work/key/key/key.core/../key.ui/examples/heap/permissions/threads/Plotter_workingPermissions_accessible.key 
629095     DEBUG main            d.u.i.k.p.i.AbstractProblemLoader Environment load took 153.3ns 
629096     INFO  main            d.u.i.k.p.i.AbstractProblemLoader Creating init config 
634485     DEBUG main            d.u.i.k.p.i.AbstractProblemLoader Init config took 5.39s 
634584     INFO  main            d.u.i.k.p.i.AbstractProblemLoader Replaying proof Plotter[ThreadSpec2::workingPermissions()].JML accessible clause.0 
634585     DEBUG main            d.u.i.k.p.i.IntermediateProofReplayer Proof replay took 3.3ns 
634788     INFO  main            d.u.i.k.p.r.p.TestFile    ... finished proof: closed. 
635443     INFO  main            d.u.i.k.p.i.AbstractProblemLoader Loading environment from /home/runner/work/key/key/key.core/../key.ui/examples/heap/permissions/threads/Plotter_workingPermissions_accessible.key.proof 
635443     DEBUG main            d.u.i.k.p.i.AbstractProblemLoader Environment load took 76.9ns 
635444     INFO  main            d.u.i.k.p.i.AbstractProblemLoader Creating init config 
640630     DEBUG main            d.u.i.k.p.i.AbstractProblemLoader Init config took 5.19s 
640723     INFO  main            d.u.i.k.p.i.AbstractProblemLoader Replaying proof Plotter[ThreadSpec2::workingPermissions()].JML accessible clause.0 
640745     DEBUG main            d.u.i.k.p.i.IntermediateProofReplayer Proof replay took 18.97ms 
640746     DEBUG main            d.u.i.k.p.r.p.TestFile    ... success: reloaded. 
640747     INFO  main            d.u.i.k.p.r.p.TestFile    Now processing file /home/runner/work/key/key/key.core/../key.ui/examples/heap/permissions/threads/Sampler_initPost_accessible.key 
640747     INFO  main            d.u.i.k.p.i.AbstractProblemLoader Loading environment from /home/runner/work/key/key/key.core/../key.ui/examples/heap/permissions/threads/Sampler_initPost_accessible.key 
640747     DEBUG main            d.u.i.k.p.i.AbstractProblemLoader Environment load took 75.4ns 
640748     INFO  main            d.u.i.k.p.i.AbstractProblemLoader Creating init config 
646084     DEBUG main            d.u.i.k.p.i.AbstractProblemLoader Init config took 5.34s 
646169     INFO  main            d.u.i.k.p.i.AbstractProblemLoader Replaying proof Sampler[ThreadSpec2::initPost()].JML accessible clause.0 
646170     DEBUG main            d.u.i.k.p.i.IntermediateProofReplayer Proof replay took 2.9ns 
646272     INFO  main            d.u.i.k.p.r.p.TestFile    ... finished proof: closed. 
646896     INFO  main            d.u.i.k.p.i.AbstractProblemLoader Loading environment from /home/runner/work/key/key/key.core/../key.ui/examples/heap/permissions/threads/Sampler_initPost_accessible.key.proof 
646896     DEBUG main            d.u.i.k.p.i.AbstractProblemLoader Environment load took 86.2ns 
646897     INFO  main            d.u.i.k.p.i.AbstractProblemLoader Creating init config 
652233     DEBUG main            d.u.i.k.p.i.AbstractProblemLoader Init config took 5.34s 
652315     INFO  main            d.u.i.k.p.i.AbstractProblemLoader Replaying proof Sampler[ThreadSpec2::initPost()].JML accessible clause.0 
652322     DEBUG main            d.u.i.k.p.i.IntermediateProofReplayer Proof replay took 5.72ms 
652323     DEBUG main            d.u.i.k.p.r.p.TestFile    ... success: reloaded. 
652324     INFO  main            d.u.i.k.p.r.p.TestFile    Now processing file /home/runner/work/key/key/key.core/../key.ui/examples/heap/permissions/threads/Sampler_inv_accessible1.key 
652324     INFO  main            d.u.i.k.p.i.AbstractProblemLoader Loading environment from /home/runner/work/key/key/key.core/../key.ui/examples/heap/permissions/threads/Sampler_inv_accessible1.key 
652324     DEBUG main            d.u.i.k.p.i.AbstractProblemLoader Environment load took 67.3ns 
652325     INFO  main            d.u.i.k.p.i.AbstractProblemLoader Creating init config 
657600     DEBUG main            d.u.i.k.p.i.AbstractProblemLoader Init config took 5.27s 
657688     INFO  main            d.u.i.k.p.i.AbstractProblemLoader Replaying proof Sampler[java.lang.Object::<inv>()].JML accessible clause.0 
657690     DEBUG main            d.u.i.k.p.i.IntermediateProofReplayer Proof replay took 3.5ns 
657791     INFO  main            d.u.i.k.p.r.p.TestFile    ... finished proof: closed. 
658386     INFO  main            d.u.i.k.p.i.AbstractProblemLoader Loading environment from /home/runner/work/key/key/key.core/../key.ui/examples/heap/permissions/threads/Sampler_inv_accessible1.key.proof 
658386     DEBUG main            d.u.i.k.p.i.AbstractProblemLoader Environment load took 97.8ns 
658387     INFO  main            d.u.i.k.p.i.AbstractProblemLoader Creating init config 
663749     DEBUG main            d.u.i.k.p.i.AbstractProblemLoader Init config took 5.36s 
663851     INFO  main            d.u.i.k.p.i.AbstractProblemLoader Replaying proof Sampler[java.lang.Object::<inv>()].JML accessible clause.0 
663855     DEBUG main            d.u.i.k.p.i.IntermediateProofReplayer Proof replay took 2.22ms 
663856     DEBUG main            d.u.i.k.p.r.p.TestFile    ... success: reloaded. 
663857     INFO  main            d.u.i.k.p.r.p.TestFile    Now processing file /home/runner/work/key/key/key.core/../key.ui/examples/heap/permissions/threads/Sampler_inv_accessible2.key 
663858     INFO  main            d.u.i.k.p.i.AbstractProblemLoader Loading environment from /home/runner/work/key/key/key.core/../key.ui/examples/heap/permissions/threads/Sampler_inv_accessible2.key 
663858     DEBUG main            d.u.i.k.p.i.AbstractProblemLoader Environment load took 57.1ns 
663859     INFO  main            d.u.i.k.p.i.AbstractProblemLoader Creating init config 
669274     DEBUG main            d.u.i.k.p.i.AbstractProblemLoader Init config took 5.41s 
669355     INFO  main            d.u.i.k.p.i.AbstractProblemLoader Replaying proof Sampler[java.lang.Object::<inv>()].JML accessible clause.1 
669357     DEBUG main            d.u.i.k.p.i.IntermediateProofReplayer Proof replay took 3.2ns 
669459     INFO  main            d.u.i.k.p.r.p.TestFile    ... finished proof: closed. 
670093     INFO  main            d.u.i.k.p.i.AbstractProblemLoader Loading environment from /home/runner/work/key/key/key.core/../key.ui/examples/heap/permissions/threads/Sampler_inv_accessible2.key.proof 
670093     DEBUG main            d.u.i.k.p.i.AbstractProblemLoader Environment load took 76.6ns 
670094     INFO  main            d.u.i.k.p.i.AbstractProblemLoader Creating init config 
675265     DEBUG main            d.u.i.k.p.i.AbstractProblemLoader Init config took 5.17s 
675364     INFO  main            d.u.i.k.p.i.AbstractProblemLoader Replaying proof Sampler[java.lang.Object::<inv>()].JML accessible clause.1 
675368     DEBUG main            d.u.i.k.p.i.IntermediateProofReplayer Proof replay took 1.86ms 
675369     DEBUG main            d.u.i.k.p.r.p.TestFile    ... success: reloaded. 
675373     INFO  main            d.u.i.k.p.r.p.TestFile    Now processing file /home/runner/work/key/key/key.core/../key.ui/examples/heap/permissions/threads/Sampler_joinTransfer_accessible.key 
675373     INFO  main            d.u.i.k.p.i.AbstractProblemLoader Loading environment from /home/runner/work/key/key/key.core/../key.ui/examples/heap/permissions/threads/Sampler_joinTransfer_accessible.key 
675373     DEBUG main            d.u.i.k.p.i.AbstractProblemLoader Environment load took 88.1ns 
675374     INFO  main            d.u.i.k.p.i.AbstractProblemLoader Creating init config 
680621     DEBUG main            d.u.i.k.p.i.AbstractProblemLoader Init config took 5.25s 
680702     INFO  main            d.u.i.k.p.i.AbstractProblemLoader Replaying proof Sampler[ThreadSpec2::joinTransfer()].JML accessible clause.0 
680704     DEBUG main            d.u.i.k.p.i.IntermediateProofReplayer Proof replay took 3.2ns 
684917     INFO  main            d.u.i.k.p.r.p.TestFile    ... finished proof: closed. 
685593     INFO  main            d.u.i.k.p.i.AbstractProblemLoader Loading environment from /home/runner/work/key/key/key.core/../key.ui/examples/heap/permissions/threads/Sampler_joinTransfer_accessible.key.proof 
685593     DEBUG main            d.u.i.k.p.i.AbstractProblemLoader Environment load took 338.21ns 
685594     INFO  main            d.u.i.k.p.i.AbstractProblemLoader Creating init config 
690906     DEBUG main            d.u.i.k.p.i.AbstractProblemLoader Init config took 5.31s 
690998     INFO  main            d.u.i.k.p.i.AbstractProblemLoader Replaying proof Sampler[ThreadSpec2::joinTransfer()].JML accessible clause.0 
691703     DEBUG main            d.u.i.k.p.i.IntermediateProofReplayer Proof replay took 693.36ms 
691704     DEBUG main            d.u.i.k.p.r.p.TestFile    ... success: reloaded. 
691705     INFO  main            d.u.i.k.p.r.p.TestFile    Now processing file /home/runner/work/key/key/key.core/../key.ui/examples/heap/permissions/threads/Sampler_joinTransfer_contract.key 
691706     INFO  main            d.u.i.k.p.i.AbstractProblemLoader Loading environment from /home/runner/work/key/key/key.core/../key.ui/examples/heap/permissions/threads/Sampler_joinTransfer_contract.key 
691706     DEBUG main            d.u.i.k.p.i.AbstractProblemLoader Environment load took 111.6ns 
691707     INFO  main            d.u.i.k.p.i.AbstractProblemLoader Creating init config 
697030     DEBUG main            d.u.i.k.p.i.AbstractProblemLoader Init config took 5.32s 
697110     INFO  main            d.u.i.k.p.i.AbstractProblemLoader Replaying proof Sampler[ThreadSpec2::joinTransfer()].JML model_behavior operation contract.0 
697112     DEBUG main            d.u.i.k.p.i.IntermediateProofReplayer Proof replay took 3.2ns 
697214     INFO  main            d.u.i.k.p.r.p.TestFile    ... finished proof: closed. 
697874     INFO  main            d.u.i.k.p.i.AbstractProblemLoader Loading environment from /home/runner/work/key/key/key.core/../key.ui/examples/heap/permissions/threads/Sampler_joinTransfer_contract.key.proof 
697874     DEBUG main            d.u.i.k.p.i.AbstractProblemLoader Environment load took 113.1ns 
697875     INFO  main            d.u.i.k.p.i.AbstractProblemLoader Creating init config 
703053     DEBUG main            d.u.i.k.p.i.AbstractProblemLoader Init config took 5.18s 
703131     INFO  main            d.u.i.k.p.i.AbstractProblemLoader Replaying proof Sampler[ThreadSpec2::joinTransfer()].JML model_behavior operation contract.0 
703141     DEBUG main            d.u.i.k.p.i.IntermediateProofReplayer Proof replay took 8.7ms 
703143     DEBUG main            d.u.i.k.p.r.p.TestFile    ... success: reloaded. 
703144     INFO  main            d.u.i.k.p.r.p.TestFile    Now processing file /home/runner/work/key/key/key.core/../key.ui/examples/heap/permissions/threads/Sampler_postJoin_accessible.key 
703144     INFO  main            d.u.i.k.p.i.AbstractProblemLoader Loading environment from /home/runner/work/key/key/key.core/../key.ui/examples/heap/permissions/threads/Sampler_postJoin_accessible.key 
703144     DEBUG main            d.u.i.k.p.i.AbstractProblemLoader Environment load took 274.9ns 
703145     INFO  main            d.u.i.k.p.i.AbstractProblemLoader Creating init config 
708336     DEBUG main            d.u.i.k.p.i.AbstractProblemLoader Init config took 5.19s 
708430     INFO  main            d.u.i.k.p.i.AbstractProblemLoader Replaying proof Sampler[ThreadSpec2::postJoin(java.lang.Object)].JML accessible clause.0 
708432     DEBUG main            d.u.i.k.p.i.IntermediateProofReplayer Proof replay took 3.3ns 
708533     INFO  main            d.u.i.k.p.r.p.TestFile    ... finished proof: closed. 
709206     INFO  main            d.u.i.k.p.i.AbstractProblemLoader Loading environment from /home/runner/work/key/key/key.core/../key.ui/examples/heap/permissions/threads/Sampler_postJoin_accessible.key.proof 
709206     DEBUG main            d.u.i.k.p.i.AbstractProblemLoader Environment load took 72.6ns 
709207     INFO  main            d.u.i.k.p.i.AbstractProblemLoader Creating init config 
714258     DEBUG main            d.u.i.k.p.i.AbstractProblemLoader Init config took 5.05s 
714352     INFO  main            d.u.i.k.p.i.AbstractProblemLoader Replaying proof Sampler[ThreadSpec2::postJoin(java.lang.Object)].JML accessible clause.0 
714364     DEBUG main            d.u.i.k.p.i.IntermediateProofReplayer Proof replay took 9.89ms 
714365     DEBUG main            d.u.i.k.p.r.p.TestFile    ... success: reloaded. 
714366     INFO  main            d.u.i.k.p.r.p.TestFile    Now processing file /home/runner/work/key/key/key.core/../key.ui/examples/heap/permissions/threads/Sampler_preStart_accessible.key 
714366     INFO  main            d.u.i.k.p.i.AbstractProblemLoader Loading environment from /home/runner/work/key/key/key.core/../key.ui/examples/heap/permissions/threads/Sampler_preStart_accessible.key 
714366     DEBUG main            d.u.i.k.p.i.AbstractProblemLoader Environment load took 86.8ns 
714367     INFO  main            d.u.i.k.p.i.AbstractProblemLoader Creating init config 
719563     DEBUG main            d.u.i.k.p.i.AbstractProblemLoader Init config took 5.2s 
719666     INFO  main            d.u.i.k.p.i.AbstractProblemLoader Replaying proof Sampler[ThreadSpec2::preStart(java.lang.Object)].JML accessible clause.0 
719668     DEBUG main            d.u.i.k.p.i.IntermediateProofReplayer Proof replay took 2.9ns 
719770     INFO  main            d.u.i.k.p.r.p.TestFile    ... finished proof: closed. 
720480     INFO  main            d.u.i.k.p.i.AbstractProblemLoader Loading environment from /home/runner/work/key/key/key.core/../key.ui/examples/heap/permissions/threads/Sampler_preStart_accessible.key.proof 
720480     DEBUG main            d.u.i.k.p.i.AbstractProblemLoader Environment load took 109.41ns 
720481     INFO  main            d.u.i.k.p.i.AbstractProblemLoader Creating init config 
725784     DEBUG main            d.u.i.k.p.i.AbstractProblemLoader Init config took 5.3s 
725872     INFO  main            d.u.i.k.p.i.AbstractProblemLoader Replaying proof Sampler[ThreadSpec2::preStart(java.lang.Object)].JML accessible clause.0 
725884     DEBUG main            d.u.i.k.p.i.IntermediateProofReplayer Proof replay took 10.31ms 
725885     DEBUG main            d.u.i.k.p.r.p.TestFile    ... success: reloaded. 
725886     INFO  main            d.u.i.k.p.r.p.TestFile    Now processing file /home/runner/work/key/key/key.core/../key.ui/examples/heap/permissions/threads/Sampler_run.key 
725886     INFO  main            d.u.i.k.p.i.AbstractProblemLoader Loading environment from /home/runner/work/key/key/key.core/../key.ui/examples/heap/permissions/threads/Sampler_run.key 
725886     DEBUG main            d.u.i.k.p.i.AbstractProblemLoader Environment load took 54.2ns 
725887     INFO  main            d.u.i.k.p.i.AbstractProblemLoader Creating init config 
731161     DEBUG main            d.u.i.k.p.i.AbstractProblemLoader Init config took 5.27s 
731242     INFO  main            d.u.i.k.p.i.AbstractProblemLoader Replaying proof Sampler[ThreadSpec2::run()].JML normal_behavior operation contract.0 
731243     DEBUG main            d.u.i.k.p.i.IntermediateProofReplayer Proof replay took 2.8ns 
731446     INFO  main            d.u.i.k.p.r.p.TestFile    ... finished proof: closed. 
732112     INFO  main            d.u.i.k.p.i.AbstractProblemLoader Loading environment from /home/runner/work/key/key/key.core/../key.ui/examples/heap/permissions/threads/Sampler_run.key.proof 
732112     DEBUG main            d.u.i.k.p.i.AbstractProblemLoader Environment load took 72.2ns 
732113     INFO  main            d.u.i.k.p.i.AbstractProblemLoader Creating init config 
737183     DEBUG main            d.u.i.k.p.i.AbstractProblemLoader Init config took 5.07s 
737260     INFO  main            d.u.i.k.p.i.AbstractProblemLoader Replaying proof Sampler[ThreadSpec2::run()].JML normal_behavior operation contract.0 
737299     DEBUG main            d.u.i.k.p.i.IntermediateProofReplayer Proof replay took 37.83ms 
737301     DEBUG main            d.u.i.k.p.r.p.TestFile    ... success: reloaded. 
737302     INFO  main            d.u.i.k.p.r.p.TestFile    Now processing file /home/runner/work/key/key/key.core/../key.ui/examples/heap/permissions/threads/Sampler_Sampler.key 
737302     INFO  main            d.u.i.k.p.i.AbstractProblemLoader Loading environment from /home/runner/work/key/key/key.core/../key.ui/examples/heap/permissions/threads/Sampler_Sampler.key 
737302     DEBUG main            d.u.i.k.p.i.AbstractProblemLoader Environment load took 103.1ns 
737303     INFO  main            d.u.i.k.p.i.AbstractProblemLoader Creating init config 
742649     DEBUG main            d.u.i.k.p.i.AbstractProblemLoader Init config took 5.35s 
742742     INFO  main            d.u.i.k.p.i.AbstractProblemLoader Replaying proof Sampler[Sampler::Sampler(Buffer)].JML normal_behavior operation contract.0 
742744     DEBUG main            d.u.i.k.p.i.IntermediateProofReplayer Proof replay took 2.9ns 
743495     INFO  main            d.u.i.k.p.r.p.TestFile    ... finished proof: closed. 
744191     INFO  main            d.u.i.k.p.i.AbstractProblemLoader Loading environment from /home/runner/work/key/key/key.core/../key.ui/examples/heap/permissions/threads/Sampler_Sampler.key.proof 
744191     DEBUG main            d.u.i.k.p.i.AbstractProblemLoader Environment load took 91.5ns 
744192     INFO  main            d.u.i.k.p.i.AbstractProblemLoader Creating init config 
749477     DEBUG main            d.u.i.k.p.i.AbstractProblemLoader Init config took 5.29s 
749562     INFO  main            d.u.i.k.p.i.AbstractProblemLoader Replaying proof Sampler[Sampler::Sampler(Buffer)].JML normal_behavior operation contract.0 
749667     DEBUG main            d.u.i.k.p.i.IntermediateProofReplayer Proof replay took 101.94ms 
749668     DEBUG main            d.u.i.k.p.r.p.TestFile    ... success: reloaded. 
749669     INFO  main            d.u.i.k.p.r.p.TestFile    Now processing file /home/runner/work/key/key/key.core/../key.ui/examples/heap/permissions/threads/Sampler_startTransfer_accessible.key 
749669     INFO  main            d.u.i.k.p.i.AbstractProblemLoader Loading environment from /home/runner/work/key/key/key.core/../key.ui/examples/heap/permissions/threads/Sampler_startTransfer_accessible.key 
749669     DEBUG main            d.u.i.k.p.i.AbstractProblemLoader Environment load took 69.7ns 
749670     INFO  main            d.u.i.k.p.i.AbstractProblemLoader Creating init config 
755124     DEBUG main            d.u.i.k.p.i.AbstractProblemLoader Init config took 5.45s 
755236     INFO  main            d.u.i.k.p.i.AbstractProblemLoader Replaying proof Sampler[ThreadSpec2::startTransfer()].JML accessible clause.0 
755240     DEBUG main            d.u.i.k.p.i.IntermediateProofReplayer Proof replay took 2.7ns 
760253     INFO  main            d.u.i.k.p.r.p.TestFile    ... finished proof: closed. 
761007     INFO  main            d.u.i.k.p.i.AbstractProblemLoader Loading environment from /home/runner/work/key/key/key.core/../key.ui/examples/heap/permissions/threads/Sampler_startTransfer_accessible.key.proof 
761007     DEBUG main            d.u.i.k.p.i.AbstractProblemLoader Environment load took 87.4ns 
761009     INFO  main            d.u.i.k.p.i.AbstractProblemLoader Creating init config 
766244     DEBUG main            d.u.i.k.p.i.AbstractProblemLoader Init config took 5.24s 
766342     INFO  main            d.u.i.k.p.i.AbstractProblemLoader Replaying proof Sampler[ThreadSpec2::startTransfer()].JML accessible clause.0 
767047     DEBUG main            d.u.i.k.p.i.IntermediateProofReplayer Proof replay took 692.97ms 
767048     DEBUG main            d.u.i.k.p.r.p.TestFile    ... success: reloaded. 
767049     INFO  main            d.u.i.k.p.r.p.TestFile    Now processing file /home/runner/work/key/key/key.core/../key.ui/examples/heap/permissions/threads/Sampler_startTransfer_contract.key 
767049     INFO  main            d.u.i.k.p.i.AbstractProblemLoader Loading environment from /home/runner/work/key/key/key.core/../key.ui/examples/heap/permissions/threads/Sampler_startTransfer_contract.key 
767050     DEBUG main            d.u.i.k.p.i.AbstractProblemLoader Environment load took 66.7ns 
767050     INFO  main            d.u.i.k.p.i.AbstractProblemLoader Creating init config 
772544     DEBUG main            d.u.i.k.p.i.AbstractProblemLoader Init config took 5.49s 
772665     INFO  main            d.u.i.k.p.i.AbstractProblemLoader Replaying proof Sampler[ThreadSpec2::startTransfer()].JML model_behavior operation contract.0 
772668     DEBUG main            d.u.i.k.p.i.IntermediateProofReplayer Proof replay took 3.5ns 
772770     INFO  main            d.u.i.k.p.r.p.TestFile    ... finished proof: closed. 
773516     INFO  main            d.u.i.k.p.i.AbstractProblemLoader Loading environment from /home/runner/work/key/key/key.core/../key.ui/examples/heap/permissions/threads/Sampler_startTransfer_contract.key.proof 
773516     DEBUG main            d.u.i.k.p.i.AbstractProblemLoader Environment load took 82ns 
773517     INFO  main            d.u.i.k.p.i.AbstractProblemLoader Creating init config 
778717     DEBUG main            d.u.i.k.p.i.AbstractProblemLoader Init config took 5.2s 
778806     INFO  main            d.u.i.k.p.i.AbstractProblemLoader Replaying proof Sampler[ThreadSpec2::startTransfer()].JML model_behavior operation contract.0 
778815     DEBUG main            d.u.i.k.p.i.IntermediateProofReplayer Proof replay took 7.62ms 
778816     DEBUG main            d.u.i.k.p.r.p.TestFile    ... success: reloaded. 
778817     INFO  main            d.u.i.k.p.r.p.TestFile    Now processing file /home/runner/work/key/key/key.core/../key.ui/examples/heap/permissions/threads/Sampler_stateInv_accessible.key 
778818     INFO  main            d.u.i.k.p.i.AbstractProblemLoader Loading environment from /home/runner/work/key/key/key.core/../key.ui/examples/heap/permissions/threads/Sampler_stateInv_accessible.key 
778819     DEBUG main            d.u.i.k.p.i.AbstractProblemLoader Environment load took 103.4ns 
778819     INFO  main            d.u.i.k.p.i.AbstractProblemLoader Creating init config 
784267     DEBUG main            d.u.i.k.p.i.AbstractProblemLoader Init config took 5.45s 
784348     INFO  main            d.u.i.k.p.i.AbstractProblemLoader Replaying proof Sampler[ThreadSpec2::stateInv()].JML accessible clause.0 
784350     DEBUG main            d.u.i.k.p.i.IntermediateProofReplayer Proof replay took 3.8ns 
784452     INFO  main            d.u.i.k.p.r.p.TestFile    ... finished proof: closed. 
785162     INFO  main            d.u.i.k.p.i.AbstractProblemLoader Loading environment from /home/runner/work/key/key/key.core/../key.ui/examples/heap/permissions/threads/Sampler_stateInv_accessible.key.proof 
785162     DEBUG main            d.u.i.k.p.i.AbstractProblemLoader Environment load took 100.1ns 
785163     INFO  main            d.u.i.k.p.i.AbstractProblemLoader Creating init config 
790359     DEBUG main            d.u.i.k.p.i.AbstractProblemLoader Init config took 5.2s 
790460     INFO  main            d.u.i.k.p.i.AbstractProblemLoader Replaying proof Sampler[ThreadSpec2::stateInv()].JML accessible clause.0 
790471     DEBUG main            d.u.i.k.p.i.IntermediateProofReplayer Proof replay took 8.64ms 
790472     DEBUG main            d.u.i.k.p.r.p.TestFile    ... success: reloaded. 
790473     INFO  main            d.u.i.k.p.r.p.TestFile    Now processing file /home/runner/work/key/key/key.core/../key.ui/examples/heap/permissions/threads/Sampler_staticPermissions_accessible.key 
790473     INFO  main            d.u.i.k.p.i.AbstractProblemLoader Loading environment from /home/runner/work/key/key/key.core/../key.ui/examples/heap/permissions/threads/Sampler_staticPermissions_accessible.key 
790473     DEBUG main            d.u.i.k.p.i.AbstractProblemLoader Environment load took 273.11ns 
790474     INFO  main            d.u.i.k.p.i.AbstractProblemLoader Creating init config 
795995     DEBUG main            d.u.i.k.p.i.AbstractProblemLoader Init config took 5.52s 
796095     INFO  main            d.u.i.k.p.i.AbstractProblemLoader Replaying proof Sampler[ThreadSpec2::staticPermissions()].JML accessible clause.0 
796097     DEBUG main            d.u.i.k.p.i.IntermediateProofReplayer Proof replay took 3.6ns 
796199     INFO  main            d.u.i.k.p.r.p.TestFile    ... finished proof: closed. 
796934     INFO  main            d.u.i.k.p.i.AbstractProblemLoader Loading environment from /home/runner/work/key/key/key.core/../key.ui/examples/heap/permissions/threads/Sampler_staticPermissions_accessible.key.proof 
796934     DEBUG main            d.u.i.k.p.i.AbstractProblemLoader Environment load took 76.8ns 
796935     INFO  main            d.u.i.k.p.i.AbstractProblemLoader Creating init config 
802196     DEBUG main            d.u.i.k.p.i.AbstractProblemLoader Init config took 5.26s 
802297     INFO  main            d.u.i.k.p.i.AbstractProblemLoader Replaying proof Sampler[ThreadSpec2::staticPermissions()].JML accessible clause.0 
802303     DEBUG main            d.u.i.k.p.i.IntermediateProofReplayer Proof replay took 3.93ms 
802304     DEBUG main            d.u.i.k.p.r.p.TestFile    ... success: reloaded. 
802305     INFO  main            d.u.i.k.p.r.p.TestFile    Now processing file /home/runner/work/key/key/key.core/../key.ui/examples/heap/permissions/threads/Sampler_workingPermissions_accessible.key 
802306     INFO  main            d.u.i.k.p.i.AbstractProblemLoader Loading environment from /home/runner/work/key/key/key.core/../key.ui/examples/heap/permissions/threads/Sampler_workingPermissions_accessible.key 
802306     DEBUG main            d.u.i.k.p.i.AbstractProblemLoader Environment load took 70.3ns 
802311     INFO  main            d.u.i.k.p.i.AbstractProblemLoader Creating init config 
807773     DEBUG main            d.u.i.k.p.i.AbstractProblemLoader Init config took 5.46s 
807877     INFO  main            d.u.i.k.p.i.AbstractProblemLoader Replaying proof Sampler[ThreadSpec2::workingPermissions()].JML accessible clause.0 
807879     DEBUG main            d.u.i.k.p.i.IntermediateProofReplayer Proof replay took 3.8ns 
807981     INFO  main            d.u.i.k.p.r.p.TestFile    ... finished proof: closed. 
808688     INFO  main            d.u.i.k.p.i.AbstractProblemLoader Loading environment from /home/runner/work/key/key/key.core/../key.ui/examples/heap/permissions/threads/Sampler_workingPermissions_accessible.key.proof 
808689     DEBUG main            d.u.i.k.p.i.AbstractProblemLoader Environment load took 262.41ns 
808690     INFO  main            d.u.i.k.p.i.AbstractProblemLoader Creating init config 
813922     DEBUG main            d.u.i.k.p.i.AbstractProblemLoader Init config took 5.23s 
814029     INFO  main            d.u.i.k.p.i.AbstractProblemLoader Replaying proof Sampler[ThreadSpec2::workingPermissions()].JML accessible clause.0 
814037     DEBUG main            d.u.i.k.p.i.IntermediateProofReplayer Proof replay took 5.97ms 
814038     DEBUG main            d.u.i.k.p.r.p.TestFile    ... success: reloaded. 
814039     INFO  main            d.u.i.k.p.r.p.TestFile    Now processing file /home/runner/work/key/key/key.core/../key.ui/examples/heap/permissions/mulleretal/ReadWrite_doRead_contract.key 
814039     INFO  main            d.u.i.k.p.i.AbstractProblemLoader Loading environment from /home/runner/work/key/key/key.core/../key.ui/examples/heap/permissions/mulleretal/ReadWrite_doRead_contract.key 
814039     DEBUG main            d.u.i.k.p.i.AbstractProblemLoader Environment load took 84.2ns 
814040     INFO  main            d.u.i.k.p.i.AbstractProblemLoader Creating init config 
817053     DEBUG main            d.u.i.k.p.i.AbstractProblemLoader Init config took 3.01s 
817089     INFO  main            d.u.i.k.p.i.AbstractProblemLoader Replaying proof ReadWrite[ReadWrite::doRead()].JML normal_behavior operation contract.0 
817092     DEBUG main            d.u.i.k.p.i.IntermediateProofReplayer Proof replay took 2.8ns 
819087     INFO  main            d.u.i.k.p.r.p.TestFile    ... finished proof: closed. 
819827     INFO  main            d.u.i.k.p.i.AbstractProblemLoader Loading environment from /home/runner/work/key/key/key.core/../key.ui/examples/heap/permissions/mulleretal/ReadWrite_doRead_contract.key.proof 
819827     DEBUG main            d.u.i.k.p.i.AbstractProblemLoader Environment load took 398.51ns 
819828     INFO  main            d.u.i.k.p.i.AbstractProblemLoader Creating init config 
822961     DEBUG main            d.u.i.k.p.i.AbstractProblemLoader Init config took 3.13s 
822996     INFO  main            d.u.i.k.p.i.AbstractProblemLoader Replaying proof ReadWrite[ReadWrite::doRead()].JML normal_behavior operation contract.0 
823592     DEBUG main            d.u.i.k.p.i.IntermediateProofReplayer Proof replay took 574.84ms 
823593     DEBUG main            d.u.i.k.p.r.p.TestFile    ... success: reloaded. 
823593     INFO  main            d.u.i.k.p.r.p.TestFile    Now processing file /home/runner/work/key/key/key.core/../key.ui/examples/heap/permissions/mulleretal/ReadWrite_doWrite_contract.key 
823593     INFO  main            d.u.i.k.p.i.AbstractProblemLoader Loading environment from /home/runner/work/key/key/key.core/../key.ui/examples/heap/permissions/mulleretal/ReadWrite_doWrite_contract.key 
823601     DEBUG main            d.u.i.k.p.i.AbstractProblemLoader Environment load took 7.19ms 
823601     INFO  main            d.u.i.k.p.i.AbstractProblemLoader Creating init config 
826907     DEBUG main            d.u.i.k.p.i.AbstractProblemLoader Init config took 3.31s 
826943     INFO  main            d.u.i.k.p.i.AbstractProblemLoader Replaying proof ReadWrite[ReadWrite::doWrite()].JML normal_behavior operation contract.0 
826944     DEBUG main            d.u.i.k.p.i.IntermediateProofReplayer Proof replay took 3ns 
829451     INFO  main            d.u.i.k.p.r.p.TestFile    ... finished proof: closed. 
830241     INFO  main            d.u.i.k.p.i.AbstractProblemLoader Loading environment from /home/runner/work/key/key/key.core/../key.ui/examples/heap/permissions/mulleretal/ReadWrite_doWrite_contract.key.proof 
830241     DEBUG main            d.u.i.k.p.i.AbstractProblemLoader Environment load took 344.51ns 
830242     INFO  main            d.u.i.k.p.i.AbstractProblemLoader Creating init config 
833253     DEBUG main            d.u.i.k.p.i.AbstractProblemLoader Init config took 3.01s 
833318     INFO  main            d.u.i.k.p.i.AbstractProblemLoader Replaying proof ReadWrite[ReadWrite::doWrite()].JML normal_behavior operation contract.0 
834007     DEBUG main            d.u.i.k.p.i.IntermediateProofReplayer Proof replay took 679.94ms 
834008     DEBUG main            d.u.i.k.p.r.p.TestFile    ... success: reloaded. 
834009     INFO  main            d.u.i.k.p.r.p.TestFile    Now processing file /home/runner/work/key/key/key.core/../key.ui/examples/heap/permissions/mulleretal/ReadWrite_read_contract.key 
834010     INFO  main            d.u.i.k.p.i.AbstractProblemLoader Loading environment from /home/runner/work/key/key/key.core/../key.ui/examples/heap/permissions/mulleretal/ReadWrite_read_contract.key 
834010     DEBUG main            d.u.i.k.p.i.AbstractProblemLoader Environment load took 180.8ns 
834011     INFO  main            d.u.i.k.p.i.AbstractProblemLoader Creating init config 
837226     DEBUG main            d.u.i.k.p.i.AbstractProblemLoader Init config took 3.22s 
837268     INFO  main            d.u.i.k.p.i.AbstractProblemLoader Replaying proof ReadWrite[ReadWrite::read()].JML normal_behavior operation contract.0 
837271     DEBUG main            d.u.i.k.p.i.IntermediateProofReplayer Proof replay took 3.1ns 
837373     INFO  main            d.u.i.k.p.r.p.TestFile    ... finished proof: closed. 
838126     INFO  main            d.u.i.k.p.i.AbstractProblemLoader Loading environment from /home/runner/work/key/key/key.core/../key.ui/examples/heap/permissions/mulleretal/ReadWrite_read_contract.key.proof 
838126     DEBUG main            d.u.i.k.p.i.AbstractProblemLoader Environment load took 70.9ns 
838127     INFO  main            d.u.i.k.p.i.AbstractProblemLoader Creating init config 
841254     DEBUG main            d.u.i.k.p.i.AbstractProblemLoader Init config took 3.13s 
841289     INFO  main            d.u.i.k.p.i.AbstractProblemLoader Replaying proof ReadWrite[ReadWrite::read()].JML normal_behavior operation contract.0 
841300     DEBUG main            d.u.i.k.p.i.IntermediateProofReplayer Proof replay took 9.38ms 
841301     DEBUG main            d.u.i.k.p.r.p.TestFile    ... success: reloaded. 
841302     INFO  main            d.u.i.k.p.r.p.TestFile    Now processing file /home/runner/work/key/key/key.core/../key.ui/examples/heap/permissions/mulleretal/ReadWrite_write_contract.key 
841302     INFO  main            d.u.i.k.p.i.AbstractProblemLoader Loading environment from /home/runner/work/key/key/key.core/../key.ui/examples/heap/permissions/mulleretal/ReadWrite_write_contract.key 
841302     DEBUG main            d.u.i.k.p.i.AbstractProblemLoader Environment load took 192.5ns 
841303     INFO  main            d.u.i.k.p.i.AbstractProblemLoader Creating init config 
844845     DEBUG main            d.u.i.k.p.i.AbstractProblemLoader Init config took 3.54s 
844907     INFO  main            d.u.i.k.p.i.AbstractProblemLoader Replaying proof ReadWrite[ReadWrite::write()].JML normal_behavior operation contract.0 
844909     DEBUG main            d.u.i.k.p.i.IntermediateProofReplayer Proof replay took 2.7ns 
845111     INFO  main            d.u.i.k.p.r.p.TestFile    ... finished proof: closed. 
845881     INFO  main            d.u.i.k.p.i.AbstractProblemLoader Loading environment from /home/runner/work/key/key/key.core/../key.ui/examples/heap/permissions/mulleretal/ReadWrite_write_contract.key.proof 
845881     DEBUG main            d.u.i.k.p.i.AbstractProblemLoader Environment load took 88.2ns 
845882     INFO  main            d.u.i.k.p.i.AbstractProblemLoader Creating init config 
848959     DEBUG main            d.u.i.k.p.i.AbstractProblemLoader Init config took 3.08s 
848993     INFO  main            d.u.i.k.p.i.AbstractProblemLoader Replaying proof ReadWrite[ReadWrite::write()].JML normal_behavior operation contract.0 
849026     DEBUG main            d.u.i.k.p.i.IntermediateProofReplayer Proof replay took 31.63ms 
849027     DEBUG main            d.u.i.k.p.r.p.TestFile    ... success: reloaded. 
849028     INFO  main            d.u.i.k.p.r.p.TestFile    Now processing file /home/runner/work/key/key/key.core/../key.ui/examples/heap/permissions/mulleretal/ReadWrite_inv1_accessible.key 
849028     INFO  main            d.u.i.k.p.i.AbstractProblemLoader Loading environment from /home/runner/work/key/key/key.core/../key.ui/examples/heap/permissions/mulleretal/ReadWrite_inv1_accessible.key 
849028     DEBUG main            d.u.i.k.p.i.AbstractProblemLoader Environment load took 50.3ns 
849029     INFO  main            d.u.i.k.p.i.AbstractProblemLoader Creating init config 
852313     DEBUG main            d.u.i.k.p.i.AbstractProblemLoader Init config took 3.28s 
852375     INFO  main            d.u.i.k.p.i.AbstractProblemLoader Replaying proof ReadWrite[java.lang.Object::<inv>()].JML accessible clause.0 
852376     DEBUG main            d.u.i.k.p.i.IntermediateProofReplayer Proof replay took 2.6ns 
852478     INFO  main            d.u.i.k.p.r.p.TestFile    ... finished proof: closed. 
853241     INFO  main            d.u.i.k.p.i.AbstractProblemLoader Loading environment from /home/runner/work/key/key/key.core/../key.ui/examples/heap/permissions/mulleretal/ReadWrite_inv1_accessible.key.proof 
853241     DEBUG main            d.u.i.k.p.i.AbstractProblemLoader Environment load took 107.1ns 
853242     INFO  main            d.u.i.k.p.i.AbstractProblemLoader Creating init config 
856325     DEBUG main            d.u.i.k.p.i.AbstractProblemLoader Init config took 3.08s 
856363     INFO  main            d.u.i.k.p.i.AbstractProblemLoader Replaying proof ReadWrite[java.lang.Object::<inv>()].JML accessible clause.0 
856367     DEBUG main            d.u.i.k.p.i.IntermediateProofReplayer Proof replay took 1.96ms 
856368     DEBUG main            d.u.i.k.p.r.p.TestFile    ... success: reloaded. 
856368     INFO  main            d.u.i.k.p.r.p.TestFile    Now processing file /home/runner/work/key/key/key.core/../key.ui/examples/heap/permissions/mulleretal/ReadWrite_inv2_accessible.key 
856369     INFO  main            d.u.i.k.p.i.AbstractProblemLoader Loading environment from /home/runner/work/key/key/key.core/../key.ui/examples/heap/permissions/mulleretal/ReadWrite_inv2_accessible.key 
856369     DEBUG main            d.u.i.k.p.i.AbstractProblemLoader Environment load took 75ns 
856370     INFO  main            d.u.i.k.p.i.AbstractProblemLoader Creating init config 
859607     DEBUG main            d.u.i.k.p.i.AbstractProblemLoader Init config took 3.24s 
859677     INFO  main            d.u.i.k.p.i.AbstractProblemLoader Replaying proof ReadWrite[java.lang.Object::<inv>()].JML accessible clause.1 
859679     DEBUG main            d.u.i.k.p.i.IntermediateProofReplayer Proof replay took 3ns 
859781     INFO  main            d.u.i.k.p.r.p.TestFile    ... finished proof: closed. 
860547     INFO  main            d.u.i.k.p.i.AbstractProblemLoader Loading environment from /home/runner/work/key/key/key.core/../key.ui/examples/heap/permissions/mulleretal/ReadWrite_inv2_accessible.key.proof 
860547     DEBUG main            d.u.i.k.p.i.AbstractProblemLoader Environment load took 140.2ns 
860548     INFO  main            d.u.i.k.p.i.AbstractProblemLoader Creating init config 
863851     DEBUG main            d.u.i.k.p.i.AbstractProblemLoader Init config took 3.3s 
863887     INFO  main            d.u.i.k.p.i.AbstractProblemLoader Replaying proof ReadWrite[java.lang.Object::<inv>()].JML accessible clause.1 
863891     DEBUG main            d.u.i.k.p.i.IntermediateProofReplayer Proof replay took 1.85ms 
863891     DEBUG main            d.u.i.k.p.r.p.TestFile    ... success: reloaded. 
863892     INFO  main            d.u.i.k.p.r.p.TestFile    Now processing file /home/runner/work/key/key/key.core/../key.ui/examples/heap/permissions/lockspec/Counter_lockConsistent_contract.key 
863892     INFO  main            d.u.i.k.p.i.AbstractProblemLoader Loading environment from /home/runner/work/key/key/key.core/../key.ui/examples/heap/permissions/lockspec/Counter_lockConsistent_contract.key 
863892     DEBUG main            d.u.i.k.p.i.AbstractProblemLoader Environment load took 83.9ns 
863893     INFO  main            d.u.i.k.p.i.AbstractProblemLoader Creating init config 
867960     DEBUG main            d.u.i.k.p.i.AbstractProblemLoader Init config took 4.07s 
868021     INFO  main            d.u.i.k.p.i.AbstractProblemLoader Replaying proof Counter[LockSpec::lockConsistent()].JML model_behavior operation contract.0 
868022     DEBUG main            d.u.i.k.p.i.IntermediateProofReplayer Proof replay took 2.9ns 
869328     INFO  main            d.u.i.k.p.r.p.TestFile    ... finished proof: closed. 
870152     INFO  main            d.u.i.k.p.i.AbstractProblemLoader Loading environment from /home/runner/work/key/key/key.core/../key.ui/examples/heap/permissions/lockspec/Counter_lockConsistent_contract.key.proof 
870152     DEBUG main            d.u.i.k.p.i.AbstractProblemLoader Environment load took 350.11ns 
870153     INFO  main            d.u.i.k.p.i.AbstractProblemLoader Creating init config 
873910     DEBUG main            d.u.i.k.p.i.AbstractProblemLoader Init config took 3.76s 
873965     INFO  main            d.u.i.k.p.i.AbstractProblemLoader Replaying proof Counter[LockSpec::lockConsistent()].JML model_behavior operation contract.0 
874278     DEBUG main            d.u.i.k.p.i.IntermediateProofReplayer Proof replay took 299.9ms 
874286     DEBUG main            d.u.i.k.p.r.p.TestFile    ... success: reloaded. 
874290     INFO  main            d.u.i.k.p.r.p.TestFile    Now processing file /home/runner/work/key/key/key.core/../key.ui/examples/heap/permissions/lockspec/Counter_increase_contract.key 
874292     INFO  main            d.u.i.k.p.i.AbstractProblemLoader Loading environment from /home/runner/work/key/key/key.core/../key.ui/examples/heap/permissions/lockspec/Counter_increase_contract.key 
874292     DEBUG main            d.u.i.k.p.i.AbstractProblemLoader Environment load took 837.52ns 
874297     INFO  main            d.u.i.k.p.i.AbstractProblemLoader Creating init config 
878206     DEBUG main            d.u.i.k.p.i.AbstractProblemLoader Init config took 3.91s 
878317     INFO  main            d.u.i.k.p.i.AbstractProblemLoader Replaying proof Counter[Counter::increase()].JML normal_behavior operation contract.0 
878327     DEBUG main            d.u.i.k.p.i.IntermediateProofReplayer Proof replay took 19.5ns 
880620     INFO  main            d.u.i.k.p.r.p.TestFile    ... finished proof: closed. 
881418     INFO  main            d.u.i.k.p.i.AbstractProblemLoader Loading environment from /home/runner/work/key/key/key.core/../key.ui/examples/heap/permissions/lockspec/Counter_increase_contract.key.proof 
881419     DEBUG main            d.u.i.k.p.i.AbstractProblemLoader Environment load took 400.21ns 
881420     INFO  main            d.u.i.k.p.i.AbstractProblemLoader Creating init config 
885103     DEBUG main            d.u.i.k.p.i.AbstractProblemLoader Init config took 3.68s 
885155     INFO  main            d.u.i.k.p.i.AbstractProblemLoader Replaying proof Counter[Counter::increase()].JML normal_behavior operation contract.0 
885517     DEBUG main            d.u.i.k.p.i.IntermediateProofReplayer Proof replay took 347.01ms 
885520     DEBUG main            d.u.i.k.p.r.p.TestFile    ... success: reloaded. 
885520     INFO  main            d.u.i.k.p.r.p.TestFile    Now processing file /home/runner/work/key/key/key.core/../key.ui/examples/heap/permissions/lockspec/Counter_fp_accessible.key 
885521     INFO  main            d.u.i.k.p.i.AbstractProblemLoader Loading environment from /home/runner/work/key/key/key.core/../key.ui/examples/heap/permissions/lockspec/Counter_fp_accessible.key 
885521     DEBUG main            d.u.i.k.p.i.AbstractProblemLoader Environment load took 176.1ns 
885522     INFO  main            d.u.i.k.p.i.AbstractProblemLoader Creating init config 
889179     DEBUG main            d.u.i.k.p.i.AbstractProblemLoader Init config took 3.66s 
889237     INFO  main            d.u.i.k.p.i.AbstractProblemLoader Replaying proof Counter[LockSpec::fp()].JML accessible clause.0 
889239     DEBUG main            d.u.i.k.p.i.IntermediateProofReplayer Proof replay took 2.7ns 
889340     INFO  main            d.u.i.k.p.r.p.TestFile    ... finished proof: closed. 
890105     INFO  main            d.u.i.k.p.i.AbstractProblemLoader Loading environment from /home/runner/work/key/key/key.core/../key.ui/examples/heap/permissions/lockspec/Counter_fp_accessible.key.proof 
890105     DEBUG main            d.u.i.k.p.i.AbstractProblemLoader Environment load took 71.9ns 
890106     INFO  main            d.u.i.k.p.i.AbstractProblemLoader Creating init config 
893477     DEBUG main            d.u.i.k.p.i.AbstractProblemLoader Init config took 3.37s 
893540     INFO  main            d.u.i.k.p.i.AbstractProblemLoader Replaying proof Counter[LockSpec::fp()].JML accessible clause.0 
893550     DEBUG main            d.u.i.k.p.i.IntermediateProofReplayer Proof replay took 8.56ms 
893551     DEBUG main            d.u.i.k.p.r.p.TestFile    ... success: reloaded. 
893551     INFO  main            d.u.i.k.p.r.p.TestFile    Now processing file /home/runner/work/key/key/key.core/../key.ui/examples/heap/permissions/lockspec/Counter_fpLock_accessible.key 
893551     INFO  main            d.u.i.k.p.i.AbstractProblemLoader Loading environment from /home/runner/work/key/key/key.core/../key.ui/examples/heap/permissions/lockspec/Counter_fpLock_accessible.key 
893552     DEBUG main            d.u.i.k.p.i.AbstractProblemLoader Environment load took 45.6ns 
893552     INFO  main            d.u.i.k.p.i.AbstractProblemLoader Creating init config 
896946     DEBUG main            d.u.i.k.p.i.AbstractProblemLoader Init config took 3.39s 
897013     INFO  main            d.u.i.k.p.i.AbstractProblemLoader Replaying proof Counter[LockSpec::fpLock()].JML accessible clause.0 
897015     DEBUG main            d.u.i.k.p.i.IntermediateProofReplayer Proof replay took 3.2ns 
897117     INFO  main            d.u.i.k.p.r.p.TestFile    ... finished proof: closed. 
897903     INFO  main            d.u.i.k.p.i.AbstractProblemLoader Loading environment from /home/runner/work/key/key/key.core/../key.ui/examples/heap/permissions/lockspec/Counter_fpLock_accessible.key.proof 
897903     DEBUG main            d.u.i.k.p.i.AbstractProblemLoader Environment load took 69.4ns 
897904     INFO  main            d.u.i.k.p.i.AbstractProblemLoader Creating init config 
901377     DEBUG main            d.u.i.k.p.i.AbstractProblemLoader Init config took 3.47s 
901432     INFO  main            d.u.i.k.p.i.AbstractProblemLoader Replaying proof Counter[LockSpec::fpLock()].JML accessible clause.0 
901446     DEBUG main            d.u.i.k.p.i.IntermediateProofReplayer Proof replay took 10.23ms 
901447     DEBUG main            d.u.i.k.p.r.p.TestFile    ... success: reloaded. 
901447     INFO  main            d.u.i.k.p.r.p.TestFile    Now processing file /home/runner/work/key/key/key.core/../key.ui/examples/heap/permissions/lockspec/Counter_fpPerm_accessible.key 
901448     INFO  main            d.u.i.k.p.i.AbstractProblemLoader Loading environment from /home/runner/work/key/key/key.core/../key.ui/examples/heap/permissions/lockspec/Counter_fpPerm_accessible.key 
901448     DEBUG main            d.u.i.k.p.i.AbstractProblemLoader Environment load took 115ns 
901449     INFO  main            d.u.i.k.p.i.AbstractProblemLoader Creating init config 
904965     DEBUG main            d.u.i.k.p.i.AbstractProblemLoader Init config took 3.52s 
905037     INFO  main            d.u.i.k.p.i.AbstractProblemLoader Replaying proof Counter[LockSpec::fpPerm()].JML accessible clause.0 
905039     DEBUG main            d.u.i.k.p.i.IntermediateProofReplayer Proof replay took 3ns 
905142     INFO  main            d.u.i.k.p.r.p.TestFile    ... finished proof: closed. 
905944     INFO  main            d.u.i.k.p.i.AbstractProblemLoader Loading environment from /home/runner/work/key/key/key.core/../key.ui/examples/heap/permissions/lockspec/Counter_fpPerm_accessible.key.proof 
905944     DEBUG main            d.u.i.k.p.i.AbstractProblemLoader Environment load took 66.8ns 
905944     INFO  main            d.u.i.k.p.i.AbstractProblemLoader Creating init config 
909515     DEBUG main            d.u.i.k.p.i.AbstractProblemLoader Init config took 3.57s 
909578     INFO  main            d.u.i.k.p.i.AbstractProblemLoader Replaying proof Counter[LockSpec::fpPerm()].JML accessible clause.0 
909589     DEBUG main            d.u.i.k.p.i.IntermediateProofReplayer Proof replay took 9.21ms 
909590     DEBUG main            d.u.i.k.p.r.p.TestFile    ... success: reloaded. 
909591     INFO  main            d.u.i.k.p.r.p.TestFile    Now processing file /home/runner/work/key/key/key.core/../key.ui/examples/heap/permissions/lockspec/Counter_inv_accessible1.key 
909591     INFO  main            d.u.i.k.p.i.AbstractProblemLoader Loading environment from /home/runner/work/key/key/key.core/../key.ui/examples/heap/permissions/lockspec/Counter_inv_accessible1.key 
909591     DEBUG main            d.u.i.k.p.i.AbstractProblemLoader Environment load took 63.8ns 
909592     INFO  main            d.u.i.k.p.i.AbstractProblemLoader Creating init config 
913125     DEBUG main            d.u.i.k.p.i.AbstractProblemLoader Init config took 3.53s 
913195     INFO  main            d.u.i.k.p.i.AbstractProblemLoader Replaying proof Counter[java.lang.Object::<inv>()].JML accessible clause.0 
913196     DEBUG main            d.u.i.k.p.i.IntermediateProofReplayer Proof replay took 3.6ns 
913298     INFO  main            d.u.i.k.p.r.p.TestFile    ... finished proof: closed. 
914150     INFO  main            d.u.i.k.p.i.AbstractProblemLoader Loading environment from /home/runner/work/key/key/key.core/../key.ui/examples/heap/permissions/lockspec/Counter_inv_accessible1.key.proof 
914150     DEBUG main            d.u.i.k.p.i.AbstractProblemLoader Environment load took 74.4ns 
914151     INFO  main            d.u.i.k.p.i.AbstractProblemLoader Creating init config 
917641     DEBUG main            d.u.i.k.p.i.AbstractProblemLoader Init config took 3.49s 
917707     INFO  main            d.u.i.k.p.i.AbstractProblemLoader Replaying proof Counter[java.lang.Object::<inv>()].JML accessible clause.0 
917721     DEBUG main            d.u.i.k.p.i.IntermediateProofReplayer Proof replay took 12.02ms 
917722     DEBUG main            d.u.i.k.p.r.p.TestFile    ... success: reloaded. 
917723     INFO  main            d.u.i.k.p.r.p.TestFile    Now processing file /home/runner/work/key/key/key.core/../key.ui/examples/heap/permissions/lockspec/Counter_inv_accessible2.key 
917723     INFO  main            d.u.i.k.p.i.AbstractProblemLoader Loading environment from /home/runner/work/key/key/key.core/../key.ui/examples/heap/permissions/lockspec/Counter_inv_accessible2.key 
917723     DEBUG main            d.u.i.k.p.i.AbstractProblemLoader Environment load took 48.9ns 
917724     INFO  main            d.u.i.k.p.i.AbstractProblemLoader Creating init config 
921303     DEBUG main            d.u.i.k.p.i.AbstractProblemLoader Init config took 3.58s 
921362     INFO  main            d.u.i.k.p.i.AbstractProblemLoader Replaying proof Counter[java.lang.Object::<inv>()].JML accessible clause.1 
921364     DEBUG main            d.u.i.k.p.i.IntermediateProofReplayer Proof replay took 3.1ns 
921466     INFO  main            d.u.i.k.p.r.p.TestFile    ... finished proof: closed. 
922300     INFO  main            d.u.i.k.p.i.AbstractProblemLoader Loading environment from /home/runner/work/key/key/key.core/../key.ui/examples/heap/permissions/lockspec/Counter_inv_accessible2.key.proof 
922300     DEBUG main            d.u.i.k.p.i.AbstractProblemLoader Environment load took 77.3ns 
922301     INFO  main            d.u.i.k.p.i.AbstractProblemLoader Creating init config 
925758     DEBUG main            d.u.i.k.p.i.AbstractProblemLoader Init config took 3.46s 
925826     INFO  main            d.u.i.k.p.i.AbstractProblemLoader Replaying proof Counter[java.lang.Object::<inv>()].JML accessible clause.1 
925841     DEBUG main            d.u.i.k.p.i.IntermediateProofReplayer Proof replay took 13.74ms 
925843     DEBUG main            d.u.i.k.p.r.p.TestFile    ... success: reloaded. 
925843     INFO  main            d.u.i.k.p.r.p.TestFile    Now processing file /home/runner/work/key/key/key.core/../key.ui/examples/heap/permissions/lockspec/Counter_lockRef_accessible.key 
925844     INFO  main            d.u.i.k.p.i.AbstractProblemLoader Loading environment from /home/runner/work/key/key/key.core/../key.ui/examples/heap/permissions/lockspec/Counter_lockRef_accessible.key 
925844     DEBUG main            d.u.i.k.p.i.AbstractProblemLoader Environment load took 128.4ns 
925845     INFO  main            d.u.i.k.p.i.AbstractProblemLoader Creating init config 
929323     DEBUG main            d.u.i.k.p.i.AbstractProblemLoader Init config took 3.48s 
929395     INFO  main            d.u.i.k.p.i.AbstractProblemLoader Replaying proof Counter[LockSpec::lockRef()].JML accessible clause.0 
929396     DEBUG main            d.u.i.k.p.i.IntermediateProofReplayer Proof replay took 3ns 
929599     INFO  main            d.u.i.k.p.r.p.TestFile    ... finished proof: closed. 
930498     INFO  main            d.u.i.k.p.i.AbstractProblemLoader Loading environment from /home/runner/work/key/key/key.core/../key.ui/examples/heap/permissions/lockspec/Counter_lockRef_accessible.key.proof 
930498     DEBUG main            d.u.i.k.p.i.AbstractProblemLoader Environment load took 73.2ns 
930499     INFO  main            d.u.i.k.p.i.AbstractProblemLoader Creating init config 
933992     DEBUG main            d.u.i.k.p.i.AbstractProblemLoader Init config took 3.49s 
934045     INFO  main            d.u.i.k.p.i.AbstractProblemLoader Replaying proof Counter[LockSpec::lockRef()].JML accessible clause.0 
934095     DEBUG main            d.u.i.k.p.i.IntermediateProofReplayer Proof replay took 47.88ms 
934096     DEBUG main            d.u.i.k.p.r.p.TestFile    ... success: reloaded. 
934097     INFO  main            d.u.i.k.p.r.p.TestFile    Now processing file /home/runner/work/key/key/key.core/../key.ui/examples/heap/permissions/lockspec/Counter_lockRef_contract1.key 
934097     INFO  main            d.u.i.k.p.i.AbstractProblemLoader Loading environment from /home/runner/work/key/key/key.core/../key.ui/examples/heap/permissions/lockspec/Counter_lockRef_contract1.key 
934097     DEBUG main            d.u.i.k.p.i.AbstractProblemLoader Environment load took 102.7ns 
934098     INFO  main            d.u.i.k.p.i.AbstractProblemLoader Creating init config 
937679     DEBUG main            d.u.i.k.p.i.AbstractProblemLoader Init config took 3.58s 
937737     INFO  main            d.u.i.k.p.i.AbstractProblemLoader Replaying proof Counter[LockSpec::lockRef()].JML model_behavior operation contract.0 
937739     DEBUG main            d.u.i.k.p.i.IntermediateProofReplayer Proof replay took 3.4ns 
937841     INFO  main            d.u.i.k.p.r.p.TestFile    ... finished proof: closed. 
938675     INFO  main            d.u.i.k.p.i.AbstractProblemLoader Loading environment from /home/runner/work/key/key/key.core/../key.ui/examples/heap/permissions/lockspec/Counter_lockRef_contract1.key.proof 
938675     DEBUG main            d.u.i.k.p.i.AbstractProblemLoader Environment load took 88.4ns 
938676     INFO  main            d.u.i.k.p.i.AbstractProblemLoader Creating init config 
942160     DEBUG main            d.u.i.k.p.i.AbstractProblemLoader Init config took 3.48s 
942218     INFO  main            d.u.i.k.p.i.AbstractProblemLoader Replaying proof Counter[LockSpec::lockRef()].JML model_behavior operation contract.0 
942223     DEBUG main            d.u.i.k.p.i.IntermediateProofReplayer Proof replay took 3.77ms 
942224     DEBUG main            d.u.i.k.p.r.p.TestFile    ... success: reloaded. 
942225     INFO  main            d.u.i.k.p.r.p.TestFile    Now processing file /home/runner/work/key/key/key.core/../key.ui/examples/heap/permissions/lockspec/Counter_lockRef_contract2.key 
942225     INFO  main            d.u.i.k.p.i.AbstractProblemLoader Loading environment from /home/runner/work/key/key/key.core/../key.ui/examples/heap/permissions/lockspec/Counter_lockRef_contract2.key 
942225     DEBUG main            d.u.i.k.p.i.AbstractProblemLoader Environment load took 71.8ns 
942226     INFO  main            d.u.i.k.p.i.AbstractProblemLoader Creating init config 
945779     DEBUG main            d.u.i.k.p.i.AbstractProblemLoader Init config took 3.55s 
945836     INFO  main            d.u.i.k.p.i.AbstractProblemLoader Replaying proof Counter[Counter::lockRef()].JML model_behavior operation contract.0 
945838     DEBUG main            d.u.i.k.p.i.IntermediateProofReplayer Proof replay took 2.7ns 
945939     INFO  main            d.u.i.k.p.r.p.TestFile    ... finished proof: closed. 
946755     INFO  main            d.u.i.k.p.i.AbstractProblemLoader Loading environment from /home/runner/work/key/key/key.core/../key.ui/examples/heap/permissions/lockspec/Counter_lockRef_contract2.key.proof 
946755     DEBUG main            d.u.i.k.p.i.AbstractProblemLoader Environment load took 79.6ns 
946756     INFO  main            d.u.i.k.p.i.AbstractProblemLoader Creating init config 
950201     DEBUG main            d.u.i.k.p.i.AbstractProblemLoader Init config took 3.45s 
950260     INFO  main            d.u.i.k.p.i.AbstractProblemLoader Replaying proof Counter[Counter::lockRef()].JML model_behavior operation contract.0 
950267     DEBUG main            d.u.i.k.p.i.IntermediateProofReplayer Proof replay took 4.7ms 
950267     DEBUG main            d.u.i.k.p.r.p.TestFile    ... success: reloaded. 
950268     INFO  main            d.u.i.k.p.r.p.TestFile    Now processing file /home/runner/work/key/key/key.core/../key.ui/examples/heap/permissions/lockspec/Counter_lockState_accessible.key 
950268     INFO  main            d.u.i.k.p.i.AbstractProblemLoader Loading environment from /home/runner/work/key/key/key.core/../key.ui/examples/heap/permissions/lockspec/Counter_lockState_accessible.key 
950269     DEBUG main            d.u.i.k.p.i.AbstractProblemLoader Environment load took 123ns 
950269     INFO  main            d.u.i.k.p.i.AbstractProblemLoader Creating init config 
953700     DEBUG main            d.u.i.k.p.i.AbstractProblemLoader Init config took 3.43s 
953750     INFO  main            d.u.i.k.p.i.AbstractProblemLoader Replaying proof Counter[LockSpec::lockState(boolean)].JML accessible clause.0 
953752     DEBUG main            d.u.i.k.p.i.IntermediateProofReplayer Proof replay took 3.1ns 
954156     INFO  main            d.u.i.k.p.r.p.TestFile    ... finished proof: closed. 
954987     INFO  main            d.u.i.k.p.i.AbstractProblemLoader Loading environment from /home/runner/work/key/key/key.core/../key.ui/examples/heap/permissions/lockspec/Counter_lockState_accessible.key.proof 
954987     DEBUG main            d.u.i.k.p.i.AbstractProblemLoader Environment load took 155.8ns 
954988     INFO  main            d.u.i.k.p.i.AbstractProblemLoader Creating init config 
958449     DEBUG main            d.u.i.k.p.i.AbstractProblemLoader Init config took 3.46s 
958502     INFO  main            d.u.i.k.p.i.AbstractProblemLoader Replaying proof Counter[LockSpec::lockState(boolean)].JML accessible clause.0 
958577     DEBUG main            d.u.i.k.p.i.IntermediateProofReplayer Proof replay took 72.49ms 
958578     DEBUG main            d.u.i.k.p.r.p.TestFile    ... success: reloaded. 
958579     INFO  main            d.u.i.k.p.r.p.TestFile    Now processing file /home/runner/work/key/key/key.core/../key.ui/examples/heap/permissions/lockspec/Counter_lockStatus_accessible.key 
958580     INFO  main            d.u.i.k.p.i.AbstractProblemLoader Loading environment from /home/runner/work/key/key/key.core/../key.ui/examples/heap/permissions/lockspec/Counter_lockStatus_accessible.key 
958581     DEBUG main            d.u.i.k.p.i.AbstractProblemLoader Environment load took 196.8ns 
958581     INFO  main            d.u.i.k.p.i.AbstractProblemLoader Creating init config 
962182     DEBUG main            d.u.i.k.p.i.AbstractProblemLoader Init config took 3.6s 
962234     INFO  main            d.u.i.k.p.i.AbstractProblemLoader Replaying proof Counter[LockSpec::lockStatus(boolean)].JML accessible clause.0 
962235     DEBUG main            d.u.i.k.p.i.IntermediateProofReplayer Proof replay took 2.9ns 
962337     INFO  main            d.u.i.k.p.r.p.TestFile    ... finished proof: closed. 
963230     INFO  main            d.u.i.k.p.i.AbstractProblemLoader Loading environment from /home/runner/work/key/key/key.core/../key.ui/examples/heap/permissions/lockspec/Counter_lockStatus_accessible.key.proof 
963230     DEBUG main            d.u.i.k.p.i.AbstractProblemLoader Environment load took 91.2ns 
963231     INFO  main            d.u.i.k.p.i.AbstractProblemLoader Creating init config 
966713     DEBUG main            d.u.i.k.p.i.AbstractProblemLoader Init config took 3.48s 
966771     INFO  main            d.u.i.k.p.i.AbstractProblemLoader Replaying proof Counter[LockSpec::lockStatus(boolean)].JML accessible clause.0 
966798     DEBUG main            d.u.i.k.p.i.IntermediateProofReplayer Proof replay took 25.49ms 
966799     DEBUG main            d.u.i.k.p.r.p.TestFile    ... success: reloaded. 
966800     INFO  main            d.u.i.k.p.r.p.TestFile    Now processing file /home/runner/work/key/key/key.core/../key.ui/examples/heap/permissions/lockspec/Counter_lockTransfer_accessible.key 
966800     INFO  main            d.u.i.k.p.i.AbstractProblemLoader Loading environment from /home/runner/work/key/key/key.core/../key.ui/examples/heap/permissions/lockspec/Counter_lockTransfer_accessible.key 
966800     DEBUG main            d.u.i.k.p.i.AbstractProblemLoader Environment load took 50.6ns 
966801     INFO  main            d.u.i.k.p.i.AbstractProblemLoader Creating init config 
970372     DEBUG main            d.u.i.k.p.i.AbstractProblemLoader Init config took 3.57s 
970423     INFO  main            d.u.i.k.p.i.AbstractProblemLoader Replaying proof Counter[LockSpec::lockTransfer()].JML accessible clause.0 
970425     DEBUG main            d.u.i.k.p.i.IntermediateProofReplayer Proof replay took 3.4ns 
970827     INFO  main            d.u.i.k.p.r.p.TestFile    ... finished proof: closed. 
971735     INFO  main            d.u.i.k.p.i.AbstractProblemLoader Loading environment from /home/runner/work/key/key/key.core/../key.ui/examples/heap/permissions/lockspec/Counter_lockTransfer_accessible.key.proof 
971735     DEBUG main            d.u.i.k.p.i.AbstractProblemLoader Environment load took 73.4ns 
971736     INFO  main            d.u.i.k.p.i.AbstractProblemLoader Creating init config 
975403     DEBUG main            d.u.i.k.p.i.AbstractProblemLoader Init config took 3.67s 
975459     INFO  main            d.u.i.k.p.i.AbstractProblemLoader Replaying proof Counter[LockSpec::lockTransfer()].JML accessible clause.0 
975526     DEBUG main            d.u.i.k.p.i.IntermediateProofReplayer Proof replay took 63.98ms 
975527     DEBUG main            d.u.i.k.p.r.p.TestFile    ... success: reloaded. 
975528     INFO  main            d.u.i.k.p.r.p.TestFile    Now processing file /home/runner/work/key/key/key.core/../key.ui/examples/heap/permissions/lockspec/Counter_unlockTransfer_accessible.key 
975528     INFO  main            d.u.i.k.p.i.AbstractProblemLoader Loading environment from /home/runner/work/key/key/key.core/../key.ui/examples/heap/permissions/lockspec/Counter_unlockTransfer_accessible.key 
975528     DEBUG main            d.u.i.k.p.i.AbstractProblemLoader Environment load took 92.5ns 
975529     INFO  main            d.u.i.k.p.i.AbstractProblemLoader Creating init config 
979027     DEBUG main            d.u.i.k.p.i.AbstractProblemLoader Init config took 3.5s 
979081     INFO  main            d.u.i.k.p.i.AbstractProblemLoader Replaying proof Counter[LockSpec::unlockTransfer()].JML accessible clause.0 
979083     DEBUG main            d.u.i.k.p.i.IntermediateProofReplayer Proof replay took 3.1ns 
979485     INFO  main            d.u.i.k.p.r.p.TestFile    ... finished proof: closed. 
980387     INFO  main            d.u.i.k.p.i.AbstractProblemLoader Loading environment from /home/runner/work/key/key/key.core/../key.ui/examples/heap/permissions/lockspec/Counter_unlockTransfer_accessible.key.proof 
980387     DEBUG main            d.u.i.k.p.i.AbstractProblemLoader Environment load took 71.6ns 
980388     INFO  main            d.u.i.k.p.i.AbstractProblemLoader Creating init config 
984061     DEBUG main            d.u.i.k.p.i.AbstractProblemLoader Init config took 3.67s 
984124     INFO  main            d.u.i.k.p.i.AbstractProblemLoader Replaying proof Counter[LockSpec::unlockTransfer()].JML accessible clause.0 
984219     DEBUG main            d.u.i.k.p.i.IntermediateProofReplayer Proof replay took 90.72ms 
984220     DEBUG main            d.u.i.k.p.r.p.TestFile    ... success: reloaded. 
984221     INFO  main            d.u.i.k.p.r.p.TestFile    Now processing file /home/runner/work/key/key/key.core/../key.ui/examples/heap/permissions/threads/Plotter_startTransfer_contract.proof 
984221     INFO  main            d.u.i.k.p.i.AbstractProblemLoader Loading environment from /home/runner/work/key/key/key.core/../key.ui/examples/heap/permissions/threads/Plotter_startTransfer_contract.proof 
984221     DEBUG main            d.u.i.k.p.i.AbstractProblemLoader Environment load took 160.9ns 
984223     INFO  main            d.u.i.k.p.i.AbstractProblemLoader Creating init config 
990068     DEBUG main            d.u.i.k.p.i.AbstractProblemLoader Init config took 5.85s 
990170     INFO  main            d.u.i.k.p.i.AbstractProblemLoader Replaying proof Plotter[ThreadSpec2::startTransfer()].JML model_behavior operation contract.0 
990370     DEBUG main            d.u.i.k.p.i.IntermediateProofReplayer Proof replay took 191.2ms 
990371     INFO  main            d.u.i.k.p.r.p.TestFile    ... success: loaded 
990377     INFO  main            d.u.i.k.p.r.p.TestFile    Now processing file /home/runner/work/key/key/key.core/../key.ui/examples/heap/permissions/threads/Plotter_startTransfer_accessible.proof 
990377     INFO  main            d.u.i.k.p.i.AbstractProblemLoader Loading environment from /home/runner/work/key/key/key.core/../key.ui/examples/heap/permissions/threads/Plotter_startTransfer_accessible.proof 
990377     DEBUG main            d.u.i.k.p.i.AbstractProblemLoader Environment load took 110.6ns 
990379     INFO  main            d.u.i.k.p.i.AbstractProblemLoader Creating init config 
995993     DEBUG main            d.u.i.k.p.i.AbstractProblemLoader Init config took 5.61s 
996087     INFO  main            d.u.i.k.p.i.AbstractProblemLoader Replaying proof Plotter[ThreadSpec2::startTransfer()].JML accessible clause.0 
996265     DEBUG main            d.u.i.k.p.i.IntermediateProofReplayer Proof replay took 165.44ms 
996266     INFO  main            d.u.i.k.p.r.p.TestFile    ... success: loaded 
996267     INFO  main            d.u.i.k.p.r.p.TestFile    Now processing file /home/runner/work/key/key/key.core/../key.ui/examples/heap/permissions/threads/Plotter_joinTransfer_accessible.proof 
996267     INFO  main            d.u.i.k.p.i.AbstractProblemLoader Loading environment from /home/runner/work/key/key/key.core/../key.ui/examples/heap/permissions/threads/Plotter_joinTransfer_accessible.proof 
996267     DEBUG main            d.u.i.k.p.i.AbstractProblemLoader Environment load took 138ns 
996268     INFO  main            d.u.i.k.p.i.AbstractProblemLoader Creating init config 
1001845    DEBUG main            d.u.i.k.p.i.AbstractProblemLoader Init config took 5.58s 
1001944    INFO  main            d.u.i.k.p.i.AbstractProblemLoader Replaying proof Plotter[ThreadSpec2::joinTransfer()].JML accessible clause.0 
1001962    WARN  main            d.u.i.k.p.i.IntermediateProofReplayer Proof contains wrong number of \assumes instatiations for Definition_axiom_for_stateInv_in_Plotter 
1001972    WARN  main            d.u.i.k.p.i.IntermediateProofReplayer Proof contains wrong number of \assumes instatiations for Definition_axiom_for_stateInv_in_Plotter 
1001992    WARN  main            d.u.i.k.p.i.IntermediateProofReplayer Proof contains wrong number of \assumes instatiations for Definition_axiom_for_workingPermissions_in_Plotter 
1001997    WARN  main            d.u.i.k.p.i.IntermediateProofReplayer Proof contains wrong number of \assumes instatiations for Definition_axiom_for_staticPermissions_in_Plotter 
1001998    WARN  main            d.u.i.k.p.i.IntermediateProofReplayer Proof contains wrong number of \assumes instatiations for Definition_axiom_for_joinTransfer_in_Plotter 
1002000    WARN  main            d.u.i.k.p.i.IntermediateProofReplayer Proof contains wrong number of \assumes instatiations for Definition_axiom_for_stateInv_in_BFilter 
1002004    WARN  main            d.u.i.k.p.i.IntermediateProofReplayer Proof contains wrong number of \assumes instatiations for Definition_axiom_for_stateInv_in_AFilter 
1002009    WARN  main            d.u.i.k.p.i.IntermediateProofReplayer Proof contains wrong number of \assumes instatiations for Definition_axiom_for_stateInv_in_BFilter 
1002012    WARN  main            d.u.i.k.p.i.IntermediateProofReplayer Proof contains wrong number of \assumes instatiations for Definition_axiom_for_stateInv_in_AFilter 
1002018    WARN  main            d.u.i.k.p.i.IntermediateProofReplayer Proof contains wrong number of \assumes instatiations for Definition_axiom_for_staticPermissions_in_AFilter 
1002019    WARN  main            d.u.i.k.p.i.IntermediateProofReplayer Proof contains wrong number of \assumes instatiations for Definition_axiom_for_staticPermissions_in_Plotter 
1002028    WARN  main            d.u.i.k.p.i.IntermediateProofReplayer Proof contains wrong number of \assumes instatiations for Definition_axiom_for_staticPermissions_in_BFilter 
1002030    WARN  main            d.u.i.k.p.i.IntermediateProofReplayer Proof contains wrong number of \assumes instatiations for Definition_axiom_for_workingPermissions_in_Plotter 
1002030    WARN  main            d.u.i.k.p.i.IntermediateProofReplayer Proof contains wrong number of \assumes instatiations for Definition_axiom_for_stateInv_in_Sampler 
1002031    WARN  main            d.u.i.k.p.i.IntermediateProofReplayer Proof contains wrong number of \assumes instatiations for Definition_axiom_for_stateInv_in_Sampler 
1002032    WARN  main            d.u.i.k.p.i.IntermediateProofReplayer Proof contains wrong number of \assumes instatiations for Definition_axiom_for_staticPermissions_in_Sampler 
1002033    WARN  main            d.u.i.k.p.i.IntermediateProofReplayer Proof contains wrong number of \assumes instatiations for Definition_axiom_for_staticPermissions_in_BFilter 
1002034    WARN  main            d.u.i.k.p.i.IntermediateProofReplayer Proof contains wrong number of \assumes instatiations for Definition_axiom_for_staticPermissions_in_AFilter 
1002035    WARN  main            d.u.i.k.p.i.IntermediateProofReplayer Proof contains wrong number of \assumes instatiations for Definition_axiom_for_staticPermissions_in_Sampler 
1002035    WARN  main            d.u.i.k.p.i.IntermediateProofReplayer Proof contains wrong number of \assumes instatiations for Definition_axiom_for_staticPermissions_in_Sampler 
1002036    WARN  main            d.u.i.k.p.i.IntermediateProofReplayer Proof contains wrong number of \assumes instatiations for Definition_axiom_for_staticPermissions_in_Sampler 
1002037    WARN  main            d.u.i.k.p.i.IntermediateProofReplayer Proof contains wrong number of \assumes instatiations for Definition_axiom_for_joinTransfer_in_Plotter 
1002148    DEBUG main            d.u.i.k.p.i.IntermediateProofReplayer Proof replay took 191.13ms 
1002160    INFO  main            d.u.i.k.p.r.p.TestFile    ... success: loaded 
6351414    INFO  Test worker     d.u.i.k.p.r.RunAllProofsTestUnit Returning from test permissionHeap 
6351415    INFO  Test worker     d.u.i.k.p.r.RunAllProofsTestUnit Running test completionScopes 
433        INFO  Timeout watchdog d.u.i.k.p.r.p.ForkedTestFileRunner Timeout watcher launched (2000 secs.) 
449        WARN  main            d.u.i.k.s.ProofSettings   The settings in /home/runner/.key/proof-settings.props are *not* read. 
493        INFO  main            d.u.i.k.p.r.p.TestFile    Now processing file /home/runner/work/key/key/key.core/../key.ui/examples/completionscopes/testCcatchReturnVal.key 
662        INFO  main            d.u.i.k.p.i.AbstractProblemLoader Loading environment from /home/runner/work/key/key/key.core/../key.ui/examples/completionscopes/testCcatchReturnVal.key 
697        DEBUG main            d.u.i.k.p.i.AbstractProblemLoader Environment load took 3.54ms 
1057       INFO  main            d.u.i.k.p.i.AbstractProblemLoader Creating init config 
2217       DEBUG main            d.u.i.k.j.TypeConverter   No LDT found for Meta 
2218       DEBUG main            d.u.i.k.j.TypeConverter   No LDT found for Meta 
2219       DEBUG main            d.u.i.k.j.TypeConverter   No LDT found for Meta 
2219       DEBUG main            d.u.i.k.j.TypeConverter   No LDT found for Meta 
4317       DEBUG main            d.u.i.k.j.TypeConverter   No LDT found for JavaBigintExpression 
10598      DEBUG main            d.u.i.k.p.i.AbstractProblemLoader Init config took 9.54s 
10774      INFO  main            d.u.i.k.p.i.AbstractProblemLoader Replaying proof CompletionScopes[CompletionScopes::testCcatchReturnVal()].JML normal_behavior operation contract.0 
10818      DEBUG main            d.u.i.k.p.i.IntermediateProofReplayer Proof replay took 34.6ns 
11478      INFO  main            d.u.i.k.p.r.p.TestFile    ... finished proof: closed. 
11614      INFO  main            d.u.i.k.p.i.AbstractProblemLoader Loading environment from /home/runner/work/key/key/key.core/../key.ui/examples/completionscopes/testCcatchReturnVal.key.proof 
11614      DEBUG main            d.u.i.k.p.i.AbstractProblemLoader Environment load took 719.01ns 
11617      INFO  main            d.u.i.k.p.i.AbstractProblemLoader Creating init config 
14961      DEBUG main            d.u.i.k.p.i.AbstractProblemLoader Init config took 3.34s 
15062      INFO  main            d.u.i.k.p.i.AbstractProblemLoader Replaying proof CompletionScopes[CompletionScopes::testCcatchReturnVal()].JML normal_behavior operation contract.0 
15106      DEBUG main            d.u.i.k.p.i.IntermediateProofReplayer Proof replay took 39.1ms 
15114      DEBUG main            d.u.i.k.p.r.p.TestFile    ... success: reloaded. 
15116      INFO  main            d.u.i.k.p.r.p.TestFile    Now processing file /home/runner/work/key/key/key.core/../key.ui/examples/completionscopes/testMultCcatchClauses.key 
15116      INFO  main            d.u.i.k.p.i.AbstractProblemLoader Loading environment from /home/runner/work/key/key/key.core/../key.ui/examples/completionscopes/testMultCcatchClauses.key 
15117      DEBUG main            d.u.i.k.p.i.AbstractProblemLoader Environment load took 296.71ns 
15118      INFO  main            d.u.i.k.p.i.AbstractProblemLoader Creating init config 
18278      DEBUG main            d.u.i.k.p.i.AbstractProblemLoader Init config took 3.16s 
18374      INFO  main            d.u.i.k.p.i.AbstractProblemLoader Replaying proof CompletionScopes[CompletionScopes::testMultCcatchClauses()].JML normal_behavior operation contract.0 
18381      DEBUG main            d.u.i.k.p.i.IntermediateProofReplayer Proof replay took 6.4ns 
18986      INFO  main            d.u.i.k.p.r.p.TestFile    ... finished proof: closed. 
19182      INFO  main            d.u.i.k.p.i.AbstractProblemLoader Loading environment from /home/runner/work/key/key/key.core/../key.ui/examples/completionscopes/testMultCcatchClauses.key.proof 
19184      DEBUG main            d.u.i.k.p.i.AbstractProblemLoader Environment load took 1.97ms 
19187      INFO  main            d.u.i.k.p.i.AbstractProblemLoader Creating init config 
22298      DEBUG main            d.u.i.k.p.i.AbstractProblemLoader Init config took 3.11s 
22359      INFO  main            d.u.i.k.p.i.AbstractProblemLoader Replaying proof CompletionScopes[CompletionScopes::testMultCcatchClauses()].JML normal_behavior operation contract.0 
22474      DEBUG main            d.u.i.k.p.i.IntermediateProofReplayer Proof replay took 111.22ms 
22475      DEBUG main            d.u.i.k.p.r.p.TestFile    ... success: reloaded. 
22477      INFO  main            d.u.i.k.p.r.p.TestFile    Now processing file /home/runner/work/key/key/key.core/../key.ui/examples/completionscopes/testNestedExec.key 
22477      INFO  main            d.u.i.k.p.i.AbstractProblemLoader Loading environment from /home/runner/work/key/key/key.core/../key.ui/examples/completionscopes/testNestedExec.key 
22478      DEBUG main            d.u.i.k.p.i.AbstractProblemLoader Environment load took 189.1ns 
22479      INFO  main            d.u.i.k.p.i.AbstractProblemLoader Creating init config 
25478      DEBUG main            d.u.i.k.p.i.AbstractProblemLoader Init config took 3s 
25544      INFO  main            d.u.i.k.p.i.AbstractProblemLoader Replaying proof CompletionScopes[CompletionScopes::testMultCcatchClauses()].JML normal_behavior operation contract.0 
25547      DEBUG main            d.u.i.k.p.i.IntermediateProofReplayer Proof replay took 7.4ns 
25851      INFO  main            d.u.i.k.p.r.p.TestFile    ... finished proof: closed. 
26048      INFO  main            d.u.i.k.p.i.AbstractProblemLoader Loading environment from /home/runner/work/key/key/key.core/../key.ui/examples/completionscopes/testNestedExec.key.proof 
26049      DEBUG main            d.u.i.k.p.i.AbstractProblemLoader Environment load took 415.61ns 
26051      INFO  main            d.u.i.k.p.i.AbstractProblemLoader Creating init config 
28974      DEBUG main            d.u.i.k.p.i.AbstractProblemLoader Init config took 2.92s 
29030      INFO  main            d.u.i.k.p.i.AbstractProblemLoader Replaying proof CompletionScopes[CompletionScopes::testMultCcatchClauses()].JML normal_behavior operation contract.0 
29118      DEBUG main            d.u.i.k.p.i.IntermediateProofReplayer Proof replay took 85.05ms 
29119      DEBUG main            d.u.i.k.p.r.p.TestFile    ... success: reloaded. 
29121      INFO  main            d.u.i.k.p.r.p.TestFile    Now processing file /home/runner/work/key/key/key.core/../key.ui/examples/completionscopes/testCcatchBreakLabel.key 
29123      INFO  main            d.u.i.k.p.i.AbstractProblemLoader Loading environment from /home/runner/work/key/key/key.core/../key.ui/examples/completionscopes/testCcatchBreakLabel.key 
29123      DEBUG main            d.u.i.k.p.i.AbstractProblemLoader Environment load took 268.81ns 
29125      INFO  main            d.u.i.k.p.i.AbstractProblemLoader Creating init config 
32022      DEBUG main            d.u.i.k.p.i.AbstractProblemLoader Init config took 2.9s 
32111      INFO  main            d.u.i.k.p.i.AbstractProblemLoader Replaying proof CompletionScopes[CompletionScopes::testBreakLabel()].JML normal_behavior operation contract.0 
32114      DEBUG main            d.u.i.k.p.i.IntermediateProofReplayer Proof replay took 7.4ns 
32140      DEBUG Thread-10       d.u.i.k.l.o.ProgramSV     Match failed: Former match of  SchemaVariable incompatible with  the current match. 
32217      INFO  main            d.u.i.k.p.r.p.TestFile    ... finished proof: closed. 
32420      INFO  main            d.u.i.k.p.i.AbstractProblemLoader Loading environment from /home/runner/work/key/key/key.core/../key.ui/examples/completionscopes/testCcatchBreakLabel.key.proof 
32420      DEBUG main            d.u.i.k.p.i.AbstractProblemLoader Environment load took 127.3ns 
32422      INFO  main            d.u.i.k.p.i.AbstractProblemLoader Creating init config 
35286      DEBUG main            d.u.i.k.p.i.AbstractProblemLoader Init config took 2.86s 
35338      INFO  main            d.u.i.k.p.i.AbstractProblemLoader Replaying proof CompletionScopes[CompletionScopes::testBreakLabel()].JML normal_behavior operation contract.0 
35350      DEBUG main            d.u.i.k.p.i.IntermediateProofReplayer Proof replay took 9.85ms 
35351      DEBUG main            d.u.i.k.p.r.p.TestFile    ... success: reloaded. 
35352      INFO  main            d.u.i.k.p.r.p.TestFile    Now processing file /home/runner/work/key/key/key.core/../key.ui/examples/completionscopes/testCcatchContinueLabel.key 
35352      INFO  main            d.u.i.k.p.i.AbstractProblemLoader Loading environment from /home/runner/work/key/key/key.core/../key.ui/examples/completionscopes/testCcatchContinueLabel.key 
35353      DEBUG main            d.u.i.k.p.i.AbstractProblemLoader Environment load took 155.1ns 
35354      INFO  main            d.u.i.k.p.i.AbstractProblemLoader Creating init config 
38274      DEBUG main            d.u.i.k.p.i.AbstractProblemLoader Init config took 2.92s 
38326      INFO  main            d.u.i.k.p.i.AbstractProblemLoader Replaying proof CompletionScopes[CompletionScopes::testContinueLabel()].JML normal_behavior operation contract.0 
38327      DEBUG main            d.u.i.k.p.i.IntermediateProofReplayer Proof replay took 6.8ns 
38368      DEBUG Thread-13       d.u.i.k.l.o.ProgramSV     Match failed: Former match of  SchemaVariable incompatible with  the current match. 
38429      INFO  main            d.u.i.k.p.r.p.TestFile    ... finished proof: closed. 
38608      INFO  main            d.u.i.k.p.i.AbstractProblemLoader Loading environment from /home/runner/work/key/key/key.core/../key.ui/examples/completionscopes/testCcatchContinueLabel.key.proof 
38608      DEBUG main            d.u.i.k.p.i.AbstractProblemLoader Environment load took 220ns 
38610      INFO  main            d.u.i.k.p.i.AbstractProblemLoader Creating init config 
41507      DEBUG main            d.u.i.k.p.i.AbstractProblemLoader Init config took 2.9s 
41561      INFO  main            d.u.i.k.p.i.AbstractProblemLoader Replaying proof CompletionScopes[CompletionScopes::testContinueLabel()].JML normal_behavior operation contract.0 
41574      DEBUG main            d.u.i.k.p.i.IntermediateProofReplayer Proof replay took 10.58ms 
41575      DEBUG main            d.u.i.k.p.r.p.TestFile    ... success: reloaded. 
41576      INFO  main            d.u.i.k.p.r.p.TestFile    Now processing file /home/runner/work/key/key/key.core/../key.ui/examples/completionscopes/testCcatchBreakLabelWildcard.key 
41577      INFO  main            d.u.i.k.p.i.AbstractProblemLoader Loading environment from /home/runner/work/key/key/key.core/../key.ui/examples/completionscopes/testCcatchBreakLabelWildcard.key 
41577      DEBUG main            d.u.i.k.p.i.AbstractProblemLoader Environment load took 190.2ns 
41579      INFO  main            d.u.i.k.p.i.AbstractProblemLoader Creating init config 
44497      DEBUG main            d.u.i.k.p.i.AbstractProblemLoader Init config took 2.92s 
44553      INFO  main            d.u.i.k.p.i.AbstractProblemLoader Replaying proof CompletionScopes[CompletionScopes::testBreakLabelWildcard()].JML normal_behavior operation contract.0 
44555      DEBUG main            d.u.i.k.p.i.IntermediateProofReplayer Proof replay took 7.4ns 
44575      DEBUG Thread-16       d.u.i.k.l.o.ProgramSV     Match failed: Former match of  SchemaVariable incompatible with  the current match. 
44576      DEBUG Thread-16       d.u.i.k.l.o.ProgramSV     Match failed: Former match of  SchemaVariable incompatible with  the current match. 
44658      INFO  main            d.u.i.k.p.r.p.TestFile    ... finished proof: closed. 
44868      INFO  main            d.u.i.k.p.i.AbstractProblemLoader Loading environment from /home/runner/work/key/key/key.core/../key.ui/examples/completionscopes/testCcatchBreakLabelWildcard.key.proof 
44868      DEBUG main            d.u.i.k.p.i.AbstractProblemLoader Environment load took 128.2ns 
44869      INFO  main            d.u.i.k.p.i.AbstractProblemLoader Creating init config 
47666      DEBUG main            d.u.i.k.p.i.AbstractProblemLoader Init config took 2.8s 
47726      INFO  main            d.u.i.k.p.i.AbstractProblemLoader Replaying proof CompletionScopes[CompletionScopes::testBreakLabelWildcard()].JML normal_behavior operation contract.0 
47739      DEBUG main            d.u.i.k.p.i.IntermediateProofReplayer Proof replay took 10.18ms 
47740      DEBUG main            d.u.i.k.p.r.p.TestFile    ... success: reloaded. 
47742      INFO  main            d.u.i.k.p.r.p.TestFile    Now processing file /home/runner/work/key/key/key.core/../key.ui/examples/completionscopes/testCcatchContinueLabelWildcard.key 
47742      INFO  main            d.u.i.k.p.i.AbstractProblemLoader Loading environment from /home/runner/work/key/key/key.core/../key.ui/examples/completionscopes/testCcatchContinueLabelWildcard.key 
47743      DEBUG main            d.u.i.k.p.i.AbstractProblemLoader Environment load took 248.3ns 
47744      INFO  main            d.u.i.k.p.i.AbstractProblemLoader Creating init config 
50681      DEBUG main            d.u.i.k.p.i.AbstractProblemLoader Init config took 2.94s 
50732      INFO  main            d.u.i.k.p.i.AbstractProblemLoader Replaying proof CompletionScopes[CompletionScopes::testContinueLabelWildcard()].JML normal_behavior operation contract.0 
50734      DEBUG main            d.u.i.k.p.i.IntermediateProofReplayer Proof replay took 7.7ns 
50755      DEBUG Thread-19       d.u.i.k.l.o.ProgramSV     Match failed: Former match of  SchemaVariable incompatible with  the current match. 
50757      DEBUG Thread-19       d.u.i.k.l.o.ProgramSV     Match failed: Former match of  SchemaVariable incompatible with  the current match. 
50837      INFO  main            d.u.i.k.p.r.p.TestFile    ... finished proof: closed. 
51040      INFO  main            d.u.i.k.p.i.AbstractProblemLoader Loading environment from /home/runner/work/key/key/key.core/../key.ui/examples/completionscopes/testCcatchContinueLabelWildcard.key.proof 
51040      DEBUG main            d.u.i.k.p.i.AbstractProblemLoader Environment load took 128.5ns 
51041      INFO  main            d.u.i.k.p.i.AbstractProblemLoader Creating init config 
53963      DEBUG main            d.u.i.k.p.i.AbstractProblemLoader Init config took 2.92s 
54011      INFO  main            d.u.i.k.p.i.AbstractProblemLoader Replaying proof CompletionScopes[CompletionScopes::testContinueLabelWildcard()].JML normal_behavior operation contract.0 
54026      DEBUG main            d.u.i.k.p.i.IntermediateProofReplayer Proof replay took 11.16ms 
54028      DEBUG main            d.u.i.k.p.r.p.TestFile    ... success: reloaded. 
54029      INFO  main            d.u.i.k.p.r.p.TestFile    Now processing file /home/runner/work/key/key/key.core/../key.ui/examples/completionscopes/testCcatchBreakLabelNonmatchingNested.key 
54030      INFO  main            d.u.i.k.p.i.AbstractProblemLoader Loading environment from /home/runner/work/key/key/key.core/../key.ui/examples/completionscopes/testCcatchBreakLabelNonmatchingNested.key 
54030      DEBUG main            d.u.i.k.p.i.AbstractProblemLoader Environment load took 235.9ns 
54032      INFO  main            d.u.i.k.p.i.AbstractProblemLoader Creating init config 
56870      DEBUG main            d.u.i.k.p.i.AbstractProblemLoader Init config took 2.84s 
56915      INFO  main            d.u.i.k.p.i.AbstractProblemLoader Replaying proof CompletionScopes[CompletionScopes::testBreakLabelNonmatchingNested()].JML normal_behavior operation contract.0 
56917      DEBUG main            d.u.i.k.p.i.IntermediateProofReplayer Proof replay took 6.9ns 
56936      DEBUG Thread-22       d.u.i.k.l.o.ProgramSV     Match failed: Former match of  SchemaVariable incompatible with  the current match. 
56937      DEBUG Thread-22       d.u.i.k.l.o.ProgramSV     Match failed: Former match of  SchemaVariable incompatible with  the current match. 
57021      INFO  main            d.u.i.k.p.r.p.TestFile    ... finished proof: closed. 
57222      INFO  main            d.u.i.k.p.i.AbstractProblemLoader Loading environment from /home/runner/work/key/key/key.core/../key.ui/examples/completionscopes/testCcatchBreakLabelNonmatchingNested.key.proof 
57222      DEBUG main            d.u.i.k.p.i.AbstractProblemLoader Environment load took 184.9ns 
57223      INFO  main            d.u.i.k.p.i.AbstractProblemLoader Creating init config 
60097      DEBUG main            d.u.i.k.p.i.AbstractProblemLoader Init config took 2.87s 
60145      INFO  main            d.u.i.k.p.i.AbstractProblemLoader Replaying proof CompletionScopes[CompletionScopes::testBreakLabelNonmatchingNested()].JML normal_behavior operation contract.0 
60163      DEBUG main            d.u.i.k.p.i.IntermediateProofReplayer Proof replay took 14.63ms 
60164      DEBUG main            d.u.i.k.p.r.p.TestFile    ... success: reloaded. 
6411855    INFO  Test worker     d.u.i.k.p.r.RunAllProofsTestUnit Returning from test completionScopes 
6411861    INFO  Test worker     d.u.i.k.p.r.RunAllProofsTestUnit Running test reload_examples 
416        INFO  Timeout watchdog d.u.i.k.p.r.p.ForkedTestFileRunner Timeout watcher launched (2000 secs.) 
435        WARN  main            d.u.i.k.s.ProofSettings   The settings in /home/runner/.key/proof-settings.props are *not* read. 
474        INFO  main            d.u.i.k.p.r.p.TestFile    Now processing file /home/runner/work/key/key/key.core/../key.ui/examples/firstTouch/05-ReverseArray/reverseArray.key 
637        INFO  main            d.u.i.k.p.i.AbstractProblemLoader Loading environment from /home/runner/work/key/key/key.core/../key.ui/examples/firstTouch/05-ReverseArray/reverseArray.key 
659        DEBUG main            d.u.i.k.p.i.AbstractProblemLoader Environment load took 2.55ms 
980        INFO  main            d.u.i.k.p.i.AbstractProblemLoader Creating init config 
2310       DEBUG main            d.u.i.k.j.TypeConverter   No LDT found for Meta 
2311       DEBUG main            d.u.i.k.j.TypeConverter   No LDT found for Meta 
2313       DEBUG main            d.u.i.k.j.TypeConverter   No LDT found for Meta 
2313       DEBUG main            d.u.i.k.j.TypeConverter   No LDT found for Meta 
4219       DEBUG main            d.u.i.k.j.TypeConverter   No LDT found for JavaBigintExpression 
10742      DEBUG main            d.u.i.k.p.i.AbstractProblemLoader Init config took 9.76s 
10932      INFO  main            d.u.i.k.p.i.AbstractProblemLoader Replaying proof ReverseArray[ReverseArray::reverse()].JML normal_behavior operation contract.0 
11011      DEBUG main            d.u.i.k.p.i.IntermediateProofReplayer Proof replay took 38.5ns 
23960      INFO  main            d.u.i.k.p.r.p.TestFile    ... finished proof: closed. 
24254      INFO  main            d.u.i.k.p.i.AbstractProblemLoader Loading environment from /home/runner/work/key/key/key.core/../key.ui/examples/firstTouch/05-ReverseArray/reverseArray.key.proof 
24254      DEBUG main            d.u.i.k.p.i.AbstractProblemLoader Environment load took 504.11ns 
24261      INFO  main            d.u.i.k.p.i.AbstractProblemLoader Creating init config 
27766      DEBUG main            d.u.i.k.p.i.AbstractProblemLoader Init config took 3.51s 
27834      INFO  main            d.u.i.k.p.i.AbstractProblemLoader Replaying proof ReverseArray[ReverseArray::reverse()].JML normal_behavior operation contract.0 
29437      DEBUG main            d.u.i.k.p.i.IntermediateProofReplayer Proof replay took 1.53s 
29463      DEBUG main            d.u.i.k.p.r.p.TestFile    ... success: reloaded. 
29467      INFO  main            d.u.i.k.p.r.p.TestFile    Now processing file /home/runner/work/key/key/key.core/../key.ui/examples/standard_key/arith/saveProofTest.key.proof 
29468      INFO  main            d.u.i.k.p.i.AbstractProblemLoader Loading environment from /home/runner/work/key/key/key.core/../key.ui/examples/standard_key/arith/saveProofTest.key.proof 
29471      DEBUG main            d.u.i.k.p.i.AbstractProblemLoader Environment load took 3.34ms 
29474      INFO  main            d.u.i.k.p.i.AbstractProblemLoader Creating init config 
32572      DEBUG main            d.u.i.k.p.i.AbstractProblemLoader Init config took 3.1s 
32612      INFO  main            d.u.i.k.p.i.AbstractProblemLoader Replaying proof saveProofTest.key.proof 
32623      DEBUG main            d.u.i.k.p.i.IntermediateProofReplayer Proof replay took 5.05ms 
32624      INFO  main            d.u.i.k.p.r.p.TestFile    ... success: loaded 
32626      INFO  main            d.u.i.k.p.r.p.TestFile    Now processing file /home/runner/work/key/key/key.core/../key.ui/examples/heap/permutedSum/perm.proof 
32626      INFO  main            d.u.i.k.p.i.AbstractProblemLoader Loading environment from /home/runner/work/key/key/key.core/../key.ui/examples/heap/permutedSum/perm.proof 
32627      DEBUG main            d.u.i.k.p.i.AbstractProblemLoader Environment load took 873.81ns 
32632      INFO  main            d.u.i.k.p.i.AbstractProblemLoader Creating init config 
35911      DEBUG main            d.u.i.k.p.i.AbstractProblemLoader Init config took 3.28s 
35989      INFO  main            d.u.i.k.p.i.AbstractProblemLoader Replaying proof Perm[Perm::foo()].JML normal_behavior operation contract.0 
37572      DEBUG main            d.u.i.k.p.i.IntermediateProofReplayer Proof replay took 1.52s 
37574      INFO  main            d.u.i.k.p.r.p.TestFile    ... success: loaded 
37576      INFO  main            d.u.i.k.p.r.p.TestFile    Now processing file /home/runner/work/key/key/key.core/../key.ui/examples/firstTouch/05-ReverseArray/reverseArray.proof 
37576      INFO  main            d.u.i.k.p.i.AbstractProblemLoader Loading environment from /home/runner/work/key/key/key.core/../key.ui/examples/firstTouch/05-ReverseArray/reverseArray.proof 
37577      DEBUG main            d.u.i.k.p.i.AbstractProblemLoader Environment load took 235.7ns 
37579      INFO  main            d.u.i.k.p.i.AbstractProblemLoader Creating init config 
40743      DEBUG main            d.u.i.k.p.i.AbstractProblemLoader Init config took 3.16s 
40808      INFO  main            d.u.i.k.p.i.AbstractProblemLoader Replaying proof ReverseArray[ReverseArray::reverse()].JML normal_behavior operation contract.0 
42186      DEBUG main            d.u.i.k.p.i.IntermediateProofReplayer Proof replay took 1.34s 
42190      INFO  main            d.u.i.k.p.r.p.TestFile    ... success: loaded 
42191      INFO  main            d.u.i.k.p.r.p.TestFile    Now processing file /home/runner/work/key/key/key.core/../key.ui/examples/heap/verifyThis15_1_RelaxedPrefix/relax.proof 
42191      INFO  main            d.u.i.k.p.i.AbstractProblemLoader Loading environment from /home/runner/work/key/key/key.core/../key.ui/examples/heap/verifyThis15_1_RelaxedPrefix/relax.proof 
42192      DEBUG main            d.u.i.k.p.i.AbstractProblemLoader Environment load took 254.1ns 
42194      INFO  main            d.u.i.k.p.i.AbstractProblemLoader Creating init config 
45316      DEBUG main            d.u.i.k.p.i.AbstractProblemLoader Init config took 3.12s 
45374      INFO  main            d.u.i.k.p.i.AbstractProblemLoader Replaying proof Relaxed[Relaxed::isRelaxedPrefix([I,[I)].JML operation contract.0 
46055      DEBUG main            d.u.i.k.p.i.IntermediateProofReplayer Proof replay took 658.32ms 
46056      INFO  main            d.u.i.k.p.r.p.TestFile    ... success: loaded 
46058      INFO  main            d.u.i.k.p.r.p.TestFile    Now processing file /home/runner/work/key/key/key.core/../key.ui/examples/heap/verifyThis15_3_DLL/doUndo.proof 
46058      INFO  main            d.u.i.k.p.i.AbstractProblemLoader Loading environment from /home/runner/work/key/key/key.core/../key.ui/examples/heap/verifyThis15_3_DLL/doUndo.proof 
46059      DEBUG main            d.u.i.k.p.i.AbstractProblemLoader Environment load took 227.3ns 
46061      INFO  main            d.u.i.k.p.i.AbstractProblemLoader Creating init config 
47146      DEBUG main            d.u.i.k.j.r.ClassPreparationMethodBuilder clPrepBuilder: Inner Class detected. Reject building class initialisation methods. 
49352      DEBUG main            d.u.i.k.p.i.AbstractProblemLoader Init config took 3.29s 
49441      INFO  main            d.u.i.k.p.i.AbstractProblemLoader Replaying proof DoubleLinkedList[DoubleLinkedList::doUndo(DoubleLinkedList.Node,int)].JML normal_behavior operation contract.0 
50517      DEBUG main            d.u.i.k.p.i.IntermediateProofReplayer Proof replay took 1.04s 
50518      INFO  main            d.u.i.k.p.r.p.TestFile    ... success: loaded 
50521      INFO  main            d.u.i.k.p.r.p.TestFile    Now processing file /home/runner/work/key/key/key.core/../key.ui/examples/heap/verifyThis15_2_ParallelGcd/parallelGcd.proof 
50521      INFO  main            d.u.i.k.p.i.AbstractProblemLoader Loading environment from /home/runner/work/key/key/key.core/../key.ui/examples/heap/verifyThis15_2_ParallelGcd/parallelGcd.proof 
50522      DEBUG main            d.u.i.k.p.i.AbstractProblemLoader Environment load took 226.8ns 
50523      INFO  main            d.u.i.k.p.i.AbstractProblemLoader Creating init config 
53636      DEBUG main            d.u.i.k.p.i.AbstractProblemLoader Init config took 3.11s 
53702      INFO  main            d.u.i.k.p.i.AbstractProblemLoader Replaying proof ParallelGcd[ParallelGcd::parallelGcd(int,int,[Z)].JML behavior operation contract.0 
54544      DEBUG main            d.u.i.k.p.i.IntermediateProofReplayer Proof replay took 828.27ms 
54546      INFO  main            d.u.i.k.p.r.p.TestFile    ... success: loaded 
6466610    INFO  Test worker     d.u.i.k.p.r.RunAllProofsTestUnit Returning from test reload_examples 
6466612    INFO  Test worker     d.u.i.k.p.r.RunAllProofsTestUnit Running test proofLoadRepair 
451        INFO  Timeout watchdog d.u.i.k.p.r.p.ForkedTestFileRunner Timeout watcher launched (2000 secs.) 
468        WARN  main            d.u.i.k.s.ProofSettings   The settings in /home/runner/.key/proof-settings.props are *not* read. 
528        INFO  main            d.u.i.k.p.r.p.TestFile    Now processing file /home/runner/work/key/key/key.core/../key.ui/examples/proofLoadRepair/disjConj-manipulated.proof 
701        INFO  main            d.u.i.k.p.i.AbstractProblemLoader Loading environment from /home/runner/work/key/key/key.core/../key.ui/examples/proofLoadRepair/disjConj-manipulated.proof 
725        DEBUG main            d.u.i.k.p.i.AbstractProblemLoader Environment load took 2.25ms 
1055       INFO  main            d.u.i.k.p.i.AbstractProblemLoader Creating init config 
2405       DEBUG main            d.u.i.k.j.TypeConverter   No LDT found for Meta 
2406       DEBUG main            d.u.i.k.j.TypeConverter   No LDT found for Meta 
2410       DEBUG main            d.u.i.k.j.TypeConverter   No LDT found for Meta 
2410       DEBUG main            d.u.i.k.j.TypeConverter   No LDT found for Meta 
4323       DEBUG main            d.u.i.k.j.TypeConverter   No LDT found for JavaBigintExpression 
10022      DEBUG main            d.u.i.k.p.i.AbstractProblemLoader Init config took 8.97s 
10104      INFO  main            d.u.i.k.p.i.AbstractProblemLoader Replaying proof disjConj-manipulated.proof 
10176      WARN  main            d.u.i.k.p.i.IntermediateProofReplayer Proof contains wrong number of \assumes instatiations for andLeft 
10177      WARN  main            d.u.i.k.p.i.IntermediateProofReplayer Proof contains wrong number of \assumes instatiations for replace_known_right 
10182      WARN  main            d.u.i.k.p.i.IntermediateProofReplayer Proof contains wrong number of \assumes instatiations for close 
10188      DEBUG main            d.u.i.k.p.i.IntermediateProofReplayer Proof replay took 24.89ms 
10194      INFO  main            d.u.i.k.p.r.p.TestFile    ... success: loaded 
10203      INFO  main            d.u.i.k.p.r.p.TestFile    Now processing file /home/runner/work/key/key/key.core/../key.ui/examples/proofLoadRepair/insufficient-manipulated.proof 
10204      INFO  main            d.u.i.k.p.i.AbstractProblemLoader Loading environment from /home/runner/work/key/key/key.core/../key.ui/examples/proofLoadRepair/insufficient-manipulated.proof 
10204      DEBUG main            d.u.i.k.p.i.AbstractProblemLoader Environment load took 264.8ns 
10211      INFO  main            d.u.i.k.p.i.AbstractProblemLoader Creating init config 
13548      DEBUG main            d.u.i.k.p.i.AbstractProblemLoader Init config took 3.34s 
13567      INFO  main            d.u.i.k.p.i.AbstractProblemLoader Replaying proof insufficient-manipulated.proof 
13590      WARN  main            d.u.i.k.p.i.IntermediateProofReplayer Proof contains wrong number of \assumes instatiations for applyEq 
13603      DEBUG main            d.u.i.k.p.i.IntermediateProofReplayer Proof replay took 16.38ms 
13607      INFO  main            d.u.i.k.p.r.p.TestFile    ... success: loading failed 
13608      INFO  main            d.u.i.k.p.r.p.TestFile    Now processing file /home/runner/work/key/key/key.core/../key.ui/examples/../../key.core/src/test/resources/testcase/issues/1716/incorrectPolarity.proof 
13609      INFO  main            d.u.i.k.p.i.AbstractProblemLoader Loading environment from /home/runner/work/key/key/key.core/../key.ui/examples/../../key.core/src/test/resources/testcase/issues/1716/incorrectPolarity.proof 
13609      DEBUG main            d.u.i.k.p.i.AbstractProblemLoader Environment load took 210.7ns 
13611      INFO  main            d.u.i.k.p.i.AbstractProblemLoader Creating init config 
16902      DEBUG main            d.u.i.k.p.i.AbstractProblemLoader Init config took 3.29s 
16935      INFO  main            d.u.i.k.p.i.AbstractProblemLoader Replaying proof incorrectPolarity.proof 
16943      DEBUG main            d.u.i.k.p.i.IntermediateProofReplayer Proof replay took 227ns 
16949      INFO  main            d.u.i.k.p.r.p.TestFile    ... success: loading failed 
16950      INFO  main            d.u.i.k.p.r.p.TestFile    Now processing file /home/runner/work/key/key/key.core/../key.ui/examples/../../key.core/src/test/resources/testcase/issues/1716/incorrectPolarity2.proof 
16951      INFO  main            d.u.i.k.p.i.AbstractProblemLoader Loading environment from /home/runner/work/key/key/key.core/../key.ui/examples/../../key.core/src/test/resources/testcase/issues/1716/incorrectPolarity2.proof 
16952      DEBUG main            d.u.i.k.p.i.AbstractProblemLoader Environment load took 1.03ms 
16954      INFO  main            d.u.i.k.p.i.AbstractProblemLoader Creating init config 
19926      DEBUG main            d.u.i.k.p.i.AbstractProblemLoader Init config took 2.97s 
19951      INFO  main            d.u.i.k.p.i.AbstractProblemLoader Replaying proof incorrectPolarity2.proof 
19954      DEBUG main            d.u.i.k.p.i.IntermediateProofReplayer Proof replay took 385.81ns 
19955      INFO  main            d.u.i.k.p.r.p.TestFile    ... success: loading failed 
19956      INFO  main            d.u.i.k.p.r.p.TestFile    Now processing file /home/runner/work/key/key/key.core/../key.ui/examples/../../key.core/src/test/resources/testcase/issues/1716/incorrectPolarity3.proof 
19956      INFO  main            d.u.i.k.p.i.AbstractProblemLoader Loading environment from /home/runner/work/key/key/key.core/../key.ui/examples/../../key.core/src/test/resources/testcase/issues/1716/incorrectPolarity3.proof 
19956      DEBUG main            d.u.i.k.p.i.AbstractProblemLoader Environment load took 204.1ns 
19958      INFO  main            d.u.i.k.p.i.AbstractProblemLoader Creating init config 
23004      DEBUG main            d.u.i.k.p.i.AbstractProblemLoader Init config took 3.05s 
23035      INFO  main            d.u.i.k.p.i.AbstractProblemLoader Replaying proof incorrectPolarity3.proof 
23040      DEBUG main            d.u.i.k.p.i.IntermediateProofReplayer Proof replay took 2.43ms 
23041      INFO  main            d.u.i.k.p.r.p.TestFile    ... success: loading failed 
6489877    INFO  Test worker     d.u.i.k.p.r.RunAllProofsTestUnit Returning from test proofLoadRepair 
6489878    INFO  Test worker     d.u.i.k.p.r.RunAllProofsTestUnit Running test switch 
423        INFO  Timeout watchdog d.u.i.k.p.r.p.ForkedTestFileRunner Timeout watcher launched (2000 secs.) 
446        WARN  main            d.u.i.k.s.ProofSettings   The settings in /home/runner/.key/proof-settings.props are *not* read. 
485        INFO  main            d.u.i.k.p.r.p.TestFile    Now processing file /home/runner/work/key/key/key.core/../key.ui/examples/standard_key/java_dl/switch/labeled_case.key 
636        INFO  main            d.u.i.k.p.i.AbstractProblemLoader Loading environment from /home/runner/work/key/key/key.core/../key.ui/examples/standard_key/java_dl/switch/labeled_case.key 
660        DEBUG main            d.u.i.k.p.i.AbstractProblemLoader Environment load took 2.28ms 
956        INFO  main            d.u.i.k.p.i.AbstractProblemLoader Creating init config 
2166       DEBUG main            d.u.i.k.j.TypeConverter   No LDT found for Meta 
2166       DEBUG main            d.u.i.k.j.TypeConverter   No LDT found for Meta 
2168       DEBUG main            d.u.i.k.j.TypeConverter   No LDT found for Meta 
2168       DEBUG main            d.u.i.k.j.TypeConverter   No LDT found for Meta 
3730       DEBUG main            d.u.i.k.j.TypeConverter   No LDT found for JavaBigintExpression 
9905       DEBUG main            d.u.i.k.p.i.AbstractProblemLoader Init config took 8.95s 
10100      INFO  main            d.u.i.k.p.i.AbstractProblemLoader Replaying proof LabeledCase[LabeledCase::m(int)].JML normal_behavior operation contract.0 
10153      DEBUG main            d.u.i.k.p.i.IntermediateProofReplayer Proof replay took 39.1ns 
10891      INFO  main            d.u.i.k.p.r.p.TestFile    ... finished proof: closed. 
11031      INFO  main            d.u.i.k.p.i.AbstractProblemLoader Loading environment from /home/runner/work/key/key/key.core/../key.ui/examples/standard_key/java_dl/switch/labeled_case.key.proof 
11031      DEBUG main            d.u.i.k.p.i.AbstractProblemLoader Environment load took 547.41ns 
11034      INFO  main            d.u.i.k.p.i.AbstractProblemLoader Creating init config 
14578      DEBUG main            d.u.i.k.p.i.AbstractProblemLoader Init config took 3.54s 
14658      INFO  main            d.u.i.k.p.i.AbstractProblemLoader Replaying proof LabeledCase[LabeledCase::m(int)].JML normal_behavior operation contract.0 
14800      DEBUG main            d.u.i.k.p.i.IntermediateProofReplayer Proof replay took 127.18ms 
14818      DEBUG main            d.u.i.k.p.r.p.TestFile    ... success: reloaded. 
14821      INFO  main            d.u.i.k.p.r.p.TestFile    Now processing file /home/runner/work/key/key/key.core/../key.ui/examples/standard_key/java_dl/switch/empty_switch.key 
14822      INFO  main            d.u.i.k.p.i.AbstractProblemLoader Loading environment from /home/runner/work/key/key/key.core/../key.ui/examples/standard_key/java_dl/switch/empty_switch.key 
14823      DEBUG main            d.u.i.k.p.i.AbstractProblemLoader Environment load took 746.41ns 
14825      INFO  main            d.u.i.k.p.i.AbstractProblemLoader Creating init config 
18033      DEBUG main            d.u.i.k.p.i.AbstractProblemLoader Init config took 3.21s 
18068      INFO  main            d.u.i.k.p.i.AbstractProblemLoader Replaying proof empty_switch.key 
18071      DEBUG main            d.u.i.k.p.i.IntermediateProofReplayer Proof replay took 16.6ns 
18177      INFO  main            d.u.i.k.p.r.p.TestFile    ... finished proof: closed. 
18322      INFO  main            d.u.i.k.p.i.AbstractProblemLoader Loading environment from /home/runner/work/key/key/key.core/../key.ui/examples/standard_key/java_dl/switch/empty_switch.key.proof 
18324      DEBUG main            d.u.i.k.p.i.AbstractProblemLoader Environment load took 1.09ms 
18326      INFO  main            d.u.i.k.p.i.AbstractProblemLoader Creating init config 
21506      DEBUG main            d.u.i.k.p.i.AbstractProblemLoader Init config took 3.18s 
21535      INFO  main            d.u.i.k.p.i.AbstractProblemLoader Replaying proof empty_switch.key.proof 
21541      DEBUG main            d.u.i.k.p.i.IntermediateProofReplayer Proof replay took 2.6ms 
21544      DEBUG main            d.u.i.k.p.r.p.TestFile    ... success: reloaded. 
21545      INFO  main            d.u.i.k.p.r.p.TestFile    Now processing file /home/runner/work/key/key/key.core/../key.ui/examples/standard_key/java_dl/switch/empty_switch_null.key 
21545      INFO  main            d.u.i.k.p.i.AbstractProblemLoader Loading environment from /home/runner/work/key/key/key.core/../key.ui/examples/standard_key/java_dl/switch/empty_switch_null.key 
21546      DEBUG main            d.u.i.k.p.i.AbstractProblemLoader Environment load took 256ns 
21547      INFO  main            d.u.i.k.p.i.AbstractProblemLoader Creating init config 
24638      DEBUG main            d.u.i.k.p.i.AbstractProblemLoader Init config took 3.09s 
24668      INFO  main            d.u.i.k.p.i.AbstractProblemLoader Replaying proof empty_switch_null.key 
24671      DEBUG main            d.u.i.k.p.i.IntermediateProofReplayer Proof replay took 8.2ns 
24878      INFO  main            d.u.i.k.p.r.p.TestFile    ... finished proof: closed. 
25057      INFO  main            d.u.i.k.p.i.AbstractProblemLoader Loading environment from /home/runner/work/key/key/key.core/../key.ui/examples/standard_key/java_dl/switch/empty_switch_null.key.proof 
25057      DEBUG main            d.u.i.k.p.i.AbstractProblemLoader Environment load took 171.2ns 
25060      INFO  main            d.u.i.k.p.i.AbstractProblemLoader Creating init config 
28118      DEBUG main            d.u.i.k.p.i.AbstractProblemLoader Init config took 3.06s 
28147      INFO  main            d.u.i.k.p.i.AbstractProblemLoader Replaying proof empty_switch_null.key.proof 
28201      DEBUG main            d.u.i.k.p.i.IntermediateProofReplayer Proof replay took 46.89ms 
28202      DEBUG main            d.u.i.k.p.r.p.TestFile    ... success: reloaded. 
28203      INFO  main            d.u.i.k.p.r.p.TestFile    Now processing file /home/runner/work/key/key/key.core/../key.ui/examples/standard_key/java_dl/switch/empty_switch_null_catch.key 
28204      INFO  main            d.u.i.k.p.i.AbstractProblemLoader Loading environment from /home/runner/work/key/key/key.core/../key.ui/examples/standard_key/java_dl/switch/empty_switch_null_catch.key 
28204      DEBUG main            d.u.i.k.p.i.AbstractProblemLoader Environment load took 220ns 
28206      INFO  main            d.u.i.k.p.i.AbstractProblemLoader Creating init config 
31283      DEBUG main            d.u.i.k.p.i.AbstractProblemLoader Init config took 3.08s 
31309      INFO  main            d.u.i.k.p.i.AbstractProblemLoader Replaying proof empty_switch_null_catch.key 
31311      DEBUG main            d.u.i.k.p.i.IntermediateProofReplayer Proof replay took 7.7ns 
31515      INFO  main            d.u.i.k.p.r.p.TestFile    ... finished proof: closed. 
31707      INFO  main            d.u.i.k.p.i.AbstractProblemLoader Loading environment from /home/runner/work/key/key/key.core/../key.ui/examples/standard_key/java_dl/switch/empty_switch_null_catch.key.proof 
31708      DEBUG main            d.u.i.k.p.i.AbstractProblemLoader Environment load took 151.3ns 
31709      INFO  main            d.u.i.k.p.i.AbstractProblemLoader Creating init config 
34766      DEBUG main            d.u.i.k.p.i.AbstractProblemLoader Init config took 3.06s 
34792      INFO  main            d.u.i.k.p.i.AbstractProblemLoader Replaying proof empty_switch_null_catch.key.proof 
34856      DEBUG main            d.u.i.k.p.i.IntermediateProofReplayer Proof replay took 60.32ms 
34857      DEBUG main            d.u.i.k.p.r.p.TestFile    ... success: reloaded. 
34860      INFO  main            d.u.i.k.p.r.p.TestFile    Now processing file /home/runner/work/key/key/key.core/../key.ui/examples/standard_key/java_dl/switch/empty_switch_array_out_of_bounds.key 
34860      INFO  main            d.u.i.k.p.i.AbstractProblemLoader Loading environment from /home/runner/work/key/key/key.core/../key.ui/examples/standard_key/java_dl/switch/empty_switch_array_out_of_bounds.key 
34860      DEBUG main            d.u.i.k.p.i.AbstractProblemLoader Environment load took 130.9ns 
34862      INFO  main            d.u.i.k.p.i.AbstractProblemLoader Creating init config 
37875      DEBUG main            d.u.i.k.p.i.AbstractProblemLoader Init config took 3.01s 
37898      INFO  main            d.u.i.k.p.i.AbstractProblemLoader Replaying proof empty_switch_array_out_of_bounds.key 
37902      DEBUG main            d.u.i.k.p.i.IntermediateProofReplayer Proof replay took 6.3ns 
38205      INFO  main            d.u.i.k.p.r.p.TestFile    ... finished proof: closed. 
38424      INFO  main            d.u.i.k.p.i.AbstractProblemLoader Loading environment from /home/runner/work/key/key/key.core/../key.ui/examples/standard_key/java_dl/switch/empty_switch_array_out_of_bounds.key.proof 
38425      DEBUG main            d.u.i.k.p.i.AbstractProblemLoader Environment load took 182.3ns 
38426      INFO  main            d.u.i.k.p.i.AbstractProblemLoader Creating init config 
41397      DEBUG main            d.u.i.k.p.i.AbstractProblemLoader Init config took 2.97s 
41436      INFO  main            d.u.i.k.p.i.AbstractProblemLoader Replaying proof empty_switch_array_out_of_bounds.key.proof 
41518      DEBUG main            d.u.i.k.p.i.IntermediateProofReplayer Proof replay took 78.17ms 
41519      DEBUG main            d.u.i.k.p.r.p.TestFile    ... success: reloaded. 
41521      INFO  main            d.u.i.k.p.r.p.TestFile    Now processing file /home/runner/work/key/key/key.core/../key.ui/examples/standard_key/java_dl/switch/empty_switch_array_out_of_bounds_catch.key 
41521      INFO  main            d.u.i.k.p.i.AbstractProblemLoader Loading environment from /home/runner/work/key/key/key.core/../key.ui/examples/standard_key/java_dl/switch/empty_switch_array_out_of_bounds_catch.key 
41522      DEBUG main            d.u.i.k.p.i.AbstractProblemLoader Environment load took 250.7ns 
41523      INFO  main            d.u.i.k.p.i.AbstractProblemLoader Creating init config 
44590      DEBUG main            d.u.i.k.p.i.AbstractProblemLoader Init config took 3.07s 
44618      INFO  main            d.u.i.k.p.i.AbstractProblemLoader Replaying proof empty_switch_array_out_of_bounds_catch.key 
44622      DEBUG main            d.u.i.k.p.i.IntermediateProofReplayer Proof replay took 8.1ns 
44826      INFO  main            d.u.i.k.p.r.p.TestFile    ... finished proof: closed. 
45017      INFO  main            d.u.i.k.p.i.AbstractProblemLoader Loading environment from /home/runner/work/key/key/key.core/../key.ui/examples/standard_key/java_dl/switch/empty_switch_array_out_of_bounds_catch.key.proof 
45017      DEBUG main            d.u.i.k.p.i.AbstractProblemLoader Environment load took 130.1ns 
45020      INFO  main            d.u.i.k.p.i.AbstractProblemLoader Creating init config 
47971      DEBUG main            d.u.i.k.p.i.AbstractProblemLoader Init config took 2.95s 
47997      INFO  main            d.u.i.k.p.i.AbstractProblemLoader Replaying proof empty_switch_array_out_of_bounds_catch.key.proof 
48055      DEBUG main            d.u.i.k.p.i.IntermediateProofReplayer Proof replay took 54.33ms 
48057      DEBUG main            d.u.i.k.p.r.p.TestFile    ... success: reloaded. 
48058      INFO  main            d.u.i.k.p.r.p.TestFile    Now processing file /home/runner/work/key/key/key.core/../key.ui/examples/standard_key/java_dl/switch/switch_in_switch.key 
48059      INFO  main            d.u.i.k.p.i.AbstractProblemLoader Loading environment from /home/runner/work/key/key/key.core/../key.ui/examples/standard_key/java_dl/switch/switch_in_switch.key 
48059      DEBUG main            d.u.i.k.p.i.AbstractProblemLoader Environment load took 245.2ns 
48060      INFO  main            d.u.i.k.p.i.AbstractProblemLoader Creating init config 
51155      DEBUG main            d.u.i.k.p.i.AbstractProblemLoader Init config took 3.09s 
51243      INFO  main            d.u.i.k.p.i.AbstractProblemLoader Replaying proof SwitchInSwitch[SwitchInSwitch::m(int)].JML normal_behavior operation contract.0 
51245      DEBUG main            d.u.i.k.p.i.IntermediateProofReplayer Proof replay took 7.6ns 
56768      INFO  main            d.u.i.k.p.r.p.TestFile    ... finished proof: closed. 
57077      INFO  main            d.u.i.k.p.i.AbstractProblemLoader Loading environment from /home/runner/work/key/key/key.core/../key.ui/examples/standard_key/java_dl/switch/switch_in_switch.key.proof 
57077      DEBUG main            d.u.i.k.p.i.AbstractProblemLoader Environment load took 552.61ns 
57082      INFO  main            d.u.i.k.p.i.AbstractProblemLoader Creating init config 
60074      DEBUG main            d.u.i.k.p.i.AbstractProblemLoader Init config took 2.99s 
60124      INFO  main            d.u.i.k.p.i.AbstractProblemLoader Replaying proof SwitchInSwitch[SwitchInSwitch::m(int)].JML normal_behavior operation contract.0 
60864      DEBUG main            d.u.i.k.p.i.IntermediateProofReplayer Proof replay took 700.65ms 
60866      DEBUG main            d.u.i.k.p.r.p.TestFile    ... success: reloaded. 
60867      INFO  main            d.u.i.k.p.r.p.TestFile    Now processing file /home/runner/work/key/key/key.core/../key.ui/examples/standard_key/java_dl/switch/while_and_switch.key 
60867      INFO  main            d.u.i.k.p.i.AbstractProblemLoader Loading environment from /home/runner/work/key/key/key.core/../key.ui/examples/standard_key/java_dl/switch/while_and_switch.key 
60868      DEBUG main            d.u.i.k.p.i.AbstractProblemLoader Environment load took 212.9ns 
60869      INFO  main            d.u.i.k.p.i.AbstractProblemLoader Creating init config 
63845      DEBUG main            d.u.i.k.p.i.AbstractProblemLoader Init config took 2.98s 
63900      INFO  main            d.u.i.k.p.i.AbstractProblemLoader Replaying proof WhileAndSwitch[WhileAndSwitch::m(int)].JML normal_behavior operation contract.0 
63903      DEBUG main            d.u.i.k.p.i.IntermediateProofReplayer Proof replay took 7.2ns 
64809      INFO  main            d.u.i.k.p.r.p.TestFile    ... finished proof: closed. 
65035      INFO  main            d.u.i.k.p.i.AbstractProblemLoader Loading environment from /home/runner/work/key/key/key.core/../key.ui/examples/standard_key/java_dl/switch/while_and_switch.key.proof 
65036      DEBUG main            d.u.i.k.p.i.AbstractProblemLoader Environment load took 422.9ns 
65037      INFO  main            d.u.i.k.p.i.AbstractProblemLoader Creating init config 
67959      DEBUG main            d.u.i.k.p.i.AbstractProblemLoader Init config took 2.92s 
68020      INFO  main            d.u.i.k.p.i.AbstractProblemLoader Replaying proof WhileAndSwitch[WhileAndSwitch::m(int)].JML normal_behavior operation contract.0 
68207      DEBUG main            d.u.i.k.p.i.IntermediateProofReplayer Proof replay took 179.5ms 
68208      DEBUG main            d.u.i.k.p.r.p.TestFile    ... success: reloaded. 
68210      INFO  main            d.u.i.k.p.r.p.TestFile    Now processing file /home/runner/work/key/key/key.core/../key.ui/examples/standard_key/java_dl/switch/large_switch.key 
68210      INFO  main            d.u.i.k.p.i.AbstractProblemLoader Loading environment from /home/runner/work/key/key/key.core/../key.ui/examples/standard_key/java_dl/switch/large_switch.key 
68211      DEBUG main            d.u.i.k.p.i.AbstractProblemLoader Environment load took 447.41ns 
68212      INFO  main            d.u.i.k.p.i.AbstractProblemLoader Creating init config 
71148      DEBUG main            d.u.i.k.p.i.AbstractProblemLoader Init config took 2.94s 
71217      INFO  main            d.u.i.k.p.i.AbstractProblemLoader Replaying proof LargeSwitch[LargeSwitch::m(int)].JML normal_behavior operation contract.0 
71219      DEBUG main            d.u.i.k.p.i.IntermediateProofReplayer Proof replay took 6.8ns 
72871      INFO  main            d.u.i.k.p.r.p.TestFile    ... finished proof: closed. 
73107      INFO  main            d.u.i.k.p.i.AbstractProblemLoader Loading environment from /home/runner/work/key/key/key.core/../key.ui/examples/standard_key/java_dl/switch/large_switch.key.proof 
73108      DEBUG main            d.u.i.k.p.i.AbstractProblemLoader Environment load took 431.21ns 
73110      INFO  main            d.u.i.k.p.i.AbstractProblemLoader Creating init config 
75942      DEBUG main            d.u.i.k.p.i.AbstractProblemLoader Init config took 2.83s 
75994      INFO  main            d.u.i.k.p.i.AbstractProblemLoader Replaying proof LargeSwitch[LargeSwitch::m(int)].JML normal_behavior operation contract.0 
76437      DEBUG main            d.u.i.k.p.i.IntermediateProofReplayer Proof replay took 425.96ms 
76439      DEBUG main            d.u.i.k.p.r.p.TestFile    ... success: reloaded. 
6566563    INFO  Test worker     d.u.i.k.p.r.RunAllProofsTestUnit Returning from test switch 
6566564    INFO  Test worker     d.u.i.k.p.r.RunAllProofsTestUnit Running test redux 
372        INFO  Timeout watchdog d.u.i.k.p.r.p.ForkedTestFileRunner Timeout watcher launched (2000 secs.) 
419        WARN  main            d.u.i.k.s.ProofSettings   The settings in /home/runner/.key/proof-settings.props are *not* read. 
453        INFO  main            d.u.i.k.p.r.p.TestFile    Now processing file /home/runner/work/key/key/key.core/../key.ui/examples/redux/arrays/Arrays.copyOf.key 
623        INFO  main            d.u.i.k.p.i.AbstractProblemLoader Loading environment from /home/runner/work/key/key/key.core/../key.ui/examples/redux/arrays/Arrays.copyOf.key 
651        DEBUG main            d.u.i.k.p.i.AbstractProblemLoader Environment load took 1.95ms 
930        INFO  main            d.u.i.k.p.i.AbstractProblemLoader Creating init config 
2044       DEBUG main            d.u.i.k.j.TypeConverter   No LDT found for Meta 
2044       DEBUG main            d.u.i.k.j.TypeConverter   No LDT found for Meta 
2046       DEBUG main            d.u.i.k.j.TypeConverter   No LDT found for Meta 
2047       DEBUG main            d.u.i.k.j.TypeConverter   No LDT found for Meta 
3904       DEBUG main            d.u.i.k.j.TypeConverter   No LDT found for JavaBigintExpression 
10540      DEBUG main            d.u.i.k.p.i.AbstractProblemLoader Init config took 9.61s 
10710      INFO  main            d.u.i.k.p.i.AbstractProblemLoader Replaying proof Arrays[Arrays::copyOf([I,int)].JML normal_behavior operation contract.0 
10755      DEBUG main            d.u.i.k.p.i.IntermediateProofReplayer Proof replay took 34ns 
16638      INFO  main            d.u.i.k.p.r.p.TestFile    ... finished proof: closed. 
16857      INFO  main            d.u.i.k.p.i.AbstractProblemLoader Loading environment from /home/runner/work/key/key/key.core/../key.ui/examples/redux/arrays/Arrays.copyOf.key.proof 
16858      DEBUG main            d.u.i.k.p.i.AbstractProblemLoader Environment load took 473.21ns 
16869      INFO  main            d.u.i.k.p.i.AbstractProblemLoader Creating init config 
20619      DEBUG main            d.u.i.k.p.i.AbstractProblemLoader Init config took 3.75s 
20703      INFO  main            d.u.i.k.p.i.AbstractProblemLoader Replaying proof Arrays[Arrays::copyOf([I,int)].JML normal_behavior operation contract.0 
21420      DEBUG main            d.u.i.k.p.i.IntermediateProofReplayer Proof replay took 693.15ms 
21430      DEBUG main            d.u.i.k.p.r.p.TestFile    ... success: reloaded. 
21432      INFO  main            d.u.i.k.p.r.p.TestFile    Now processing file /home/runner/work/key/key/key.core/../key.ui/examples/redux/arrays/Arrays.copyOf.float.key 
21432      INFO  main            d.u.i.k.p.i.AbstractProblemLoader Loading environment from /home/runner/work/key/key/key.core/../key.ui/examples/redux/arrays/Arrays.copyOf.float.key 
21432      DEBUG main            d.u.i.k.p.i.AbstractProblemLoader Environment load took 236.6ns 
21434      INFO  main            d.u.i.k.p.i.AbstractProblemLoader Creating init config 
25026      DEBUG main            d.u.i.k.p.i.AbstractProblemLoader Init config took 3.59s 
25104      INFO  main            d.u.i.k.p.i.AbstractProblemLoader Replaying proof Arrays[Arrays::copyOf([F,int)].JML normal_behavior operation contract.0 
25110      DEBUG main            d.u.i.k.p.i.IntermediateProofReplayer Proof replay took 15.4ns 
25156      DEBUG main            d.u.i.k.m.s.ProofScriptEngine 1: 'macro autopilot' 
30672      DEBUG main            d.u.i.k.m.s.ProofScriptEngine 2: 'smt solver=Z3' 
30791      INFO  main            d.u.i.k.m.s.SMTCommand    Finished run on goal 17 in 89ms, result is valid 
30792      DEBUG main            d.u.i.k.m.s.ProofScriptEngine 3: 'tryclose' 
32966      INFO  main            d.u.i.k.p.r.p.TestFile    ... finished proof: closed. 
33180      INFO  main            d.u.i.k.p.i.AbstractProblemLoader Loading environment from /home/runner/work/key/key/key.core/../key.ui/examples/redux/arrays/Arrays.copyOf.float.key.proof 
33181      DEBUG main            d.u.i.k.p.i.AbstractProblemLoader Environment load took 452.41ns 
33185      INFO  main            d.u.i.k.p.i.AbstractProblemLoader Creating init config 
36710      DEBUG main            d.u.i.k.p.i.AbstractProblemLoader Init config took 3.52s 
36771      INFO  main            d.u.i.k.p.i.AbstractProblemLoader Replaying proof Arrays[Arrays::copyOf([F,int)].JML normal_behavior operation contract.0 
36866      INFO  main            d.u.i.k.s.SMTFocusResults Analyzing unsat core: (L_6) 
37694      DEBUG main            d.u.i.k.p.i.IntermediateProofReplayer Proof replay took 899.74ms 
37696      DEBUG main            d.u.i.k.p.r.p.TestFile    ... success: reloaded. 
37697      INFO  main            d.u.i.k.p.r.p.TestFile    Now processing file /home/runner/work/key/key/key.core/../key.ui/examples/redux/arrays/Arrays.copyOfRange.key 
37698      INFO  main            d.u.i.k.p.i.AbstractProblemLoader Loading environment from /home/runner/work/key/key/key.core/../key.ui/examples/redux/arrays/Arrays.copyOfRange.key 
37698      DEBUG main            d.u.i.k.p.i.AbstractProblemLoader Environment load took 236.2ns 
37700      INFO  main            d.u.i.k.p.i.AbstractProblemLoader Creating init config 
41276      DEBUG main            d.u.i.k.p.i.AbstractProblemLoader Init config took 3.58s 
41327      INFO  main            d.u.i.k.p.i.AbstractProblemLoader Replaying proof Arrays[Arrays::copyOfRange([I,int,int)].JML normal_behavior operation contract.0 
41328      DEBUG main            d.u.i.k.p.i.IntermediateProofReplayer Proof replay took 6.3ns 
47103      INFO  main            d.u.i.k.p.r.p.TestFile    ... finished proof: closed. 
47378      INFO  main            d.u.i.k.p.i.AbstractProblemLoader Loading environment from /home/runner/work/key/key/key.core/../key.ui/examples/redux/arrays/Arrays.copyOfRange.key.proof 
47379      DEBUG main            d.u.i.k.p.i.AbstractProblemLoader Environment load took 454.21ns 
47381      INFO  main            d.u.i.k.p.i.AbstractProblemLoader Creating init config 
50811      DEBUG main            d.u.i.k.p.i.AbstractProblemLoader Init config took 3.43s 
50859      INFO  main            d.u.i.k.p.i.AbstractProblemLoader Replaying proof Arrays[Arrays::copyOfRange([I,int,int)].JML normal_behavior operation contract.0 
51536      DEBUG main            d.u.i.k.p.i.IntermediateProofReplayer Proof replay took 654.69ms 
51538      DEBUG main            d.u.i.k.p.r.p.TestFile    ... success: reloaded. 
51539      INFO  main            d.u.i.k.p.r.p.TestFile    Now processing file /home/runner/work/key/key/key.core/../key.ui/examples/redux/arrays/Arrays.copyOfRange.float.key 
51539      INFO  main            d.u.i.k.p.i.AbstractProblemLoader Loading environment from /home/runner/work/key/key/key.core/../key.ui/examples/redux/arrays/Arrays.copyOfRange.float.key 
51540      DEBUG main            d.u.i.k.p.i.AbstractProblemLoader Environment load took 195.9ns 
51541      INFO  main            d.u.i.k.p.i.AbstractProblemLoader Creating init config 
55076      DEBUG main            d.u.i.k.p.i.AbstractProblemLoader Init config took 3.54s 
55126      INFO  main            d.u.i.k.p.i.AbstractProblemLoader Replaying proof Arrays[Arrays::copyOfRange([F,int,int)].JML normal_behavior operation contract.0 
55128      DEBUG main            d.u.i.k.p.i.IntermediateProofReplayer Proof replay took 6.8ns 
55129      DEBUG main            d.u.i.k.m.s.ProofScriptEngine 1: 'macro autopilot' 
62343      DEBUG main            d.u.i.k.m.s.ProofScriptEngine 2: 'smt solver=Z3' 
62419      INFO  main            d.u.i.k.m.s.SMTCommand    Finished run on goal 27 in 69ms, result is valid 
62420      DEBUG main            d.u.i.k.m.s.ProofScriptEngine 3: 'tryclose' 
66779      INFO  main            d.u.i.k.p.r.p.TestFile    ... finished proof: closed. 
67038      INFO  main            d.u.i.k.p.i.AbstractProblemLoader Loading environment from /home/runner/work/key/key/key.core/../key.ui/examples/redux/arrays/Arrays.copyOfRange.float.key.proof 
67038      DEBUG main            d.u.i.k.p.i.AbstractProblemLoader Environment load took 463.91ns 
67041      INFO  main            d.u.i.k.p.i.AbstractProblemLoader Creating init config 
70649      DEBUG main            d.u.i.k.p.i.AbstractProblemLoader Init config took 3.61s 
70700      INFO  main            d.u.i.k.p.i.AbstractProblemLoader Replaying proof Arrays[Arrays::copyOfRange([F,int,int)].JML normal_behavior operation contract.0 
70792      INFO  main            d.u.i.k.s.SMTFocusResults Analyzing unsat core: (L_8) 
71955      DEBUG main            d.u.i.k.p.i.IntermediateProofReplayer Proof replay took 1.23s 
71957      DEBUG main            d.u.i.k.p.r.p.TestFile    ... success: reloaded. 
71958      INFO  main            d.u.i.k.p.r.p.TestFile    Now processing file /home/runner/work/key/key/key.core/../key.ui/examples/redux/arrays/Arrays.equals.key 
71958      INFO  main            d.u.i.k.p.i.AbstractProblemLoader Loading environment from /home/runner/work/key/key/key.core/../key.ui/examples/redux/arrays/Arrays.equals.key 
71959      DEBUG main            d.u.i.k.p.i.AbstractProblemLoader Environment load took 93.3ns 
71959      INFO  main            d.u.i.k.p.i.AbstractProblemLoader Creating init config 
75413      DEBUG main            d.u.i.k.p.i.AbstractProblemLoader Init config took 3.45s 
75460      INFO  main            d.u.i.k.p.i.AbstractProblemLoader Replaying proof Arrays[Arrays::equals([B,[B)].JML normal_behavior operation contract.0 
75464      DEBUG main            d.u.i.k.p.i.IntermediateProofReplayer Proof replay took 6.1ns 
76168      INFO  main            d.u.i.k.p.r.p.TestFile    ... finished proof: closed. 
76488      INFO  main            d.u.i.k.p.i.AbstractProblemLoader Loading environment from /home/runner/work/key/key/key.core/../key.ui/examples/redux/arrays/Arrays.equals.key.proof 
76489      DEBUG main            d.u.i.k.p.i.AbstractProblemLoader Environment load took 667.81ns 
76491      INFO  main            d.u.i.k.p.i.AbstractProblemLoader Creating init config 
79823      DEBUG main            d.u.i.k.p.i.AbstractProblemLoader Init config took 3.33s 
79890      INFO  main            d.u.i.k.p.i.AbstractProblemLoader Replaying proof Arrays[Arrays::equals([B,[B)].JML normal_behavior operation contract.0 
80076      DEBUG main            d.u.i.k.p.i.IntermediateProofReplayer Proof replay took 181.55ms 
80078      DEBUG main            d.u.i.k.p.r.p.TestFile    ... success: reloaded. 
80079      INFO  main            d.u.i.k.p.r.p.TestFile    Now processing file /home/runner/work/key/key/key.core/../key.ui/examples/redux/arrays/Arrays.fill.key 
80080      INFO  main            d.u.i.k.p.i.AbstractProblemLoader Loading environment from /home/runner/work/key/key/key.core/../key.ui/examples/redux/arrays/Arrays.fill.key 
80080      DEBUG main            d.u.i.k.p.i.AbstractProblemLoader Environment load took 209.3ns 
80081      INFO  main            d.u.i.k.p.i.AbstractProblemLoader Creating init config 
83483      DEBUG main            d.u.i.k.p.i.AbstractProblemLoader Init config took 3.4s 
83524      INFO  main            d.u.i.k.p.i.AbstractProblemLoader Replaying proof Arrays[Arrays::fill([I,int)].JML normal_behavior operation contract.0 
83526      DEBUG main            d.u.i.k.p.i.IntermediateProofReplayer Proof replay took 7.5ns 
83730      INFO  main            d.u.i.k.p.r.p.TestFile    ... finished proof: closed. 
83932      INFO  main            d.u.i.k.p.i.AbstractProblemLoader Loading environment from /home/runner/work/key/key/key.core/../key.ui/examples/redux/arrays/Arrays.fill.key.proof 
83932      DEBUG main            d.u.i.k.p.i.AbstractProblemLoader Environment load took 125.3ns 
83934      INFO  main            d.u.i.k.p.i.AbstractProblemLoader Creating init config 
87264      DEBUG main            d.u.i.k.p.i.AbstractProblemLoader Init config took 3.33s 
87304      INFO  main            d.u.i.k.p.i.AbstractProblemLoader Replaying proof Arrays[Arrays::fill([I,int)].JML normal_behavior operation contract.0 
87347      DEBUG main            d.u.i.k.p.i.IntermediateProofReplayer Proof replay took 39.76ms 
87348      DEBUG main            d.u.i.k.p.r.p.TestFile    ... success: reloaded. 
87349      INFO  main            d.u.i.k.p.r.p.TestFile    Now processing file /home/runner/work/key/key/key.core/../key.ui/examples/redux/arrays/Arrays.fill.float.key 
87349      INFO  main            d.u.i.k.p.i.AbstractProblemLoader Loading environment from /home/runner/work/key/key/key.core/../key.ui/examples/redux/arrays/Arrays.fill.float.key 
87350      DEBUG main            d.u.i.k.p.i.AbstractProblemLoader Environment load took 208.5ns 
87351      INFO  main            d.u.i.k.p.i.AbstractProblemLoader Creating init config 
90796      DEBUG main            d.u.i.k.p.i.AbstractProblemLoader Init config took 3.45s 
90838      INFO  main            d.u.i.k.p.i.AbstractProblemLoader Replaying proof Arrays[Arrays::fill([F,float)].JML normal_behavior operation contract.0 
90840      DEBUG main            d.u.i.k.p.i.IntermediateProofReplayer Proof replay took 7.4ns 
91043      INFO  main            d.u.i.k.p.r.p.TestFile    ... finished proof: closed. 
91258      INFO  main            d.u.i.k.p.i.AbstractProblemLoader Loading environment from /home/runner/work/key/key/key.core/../key.ui/examples/redux/arrays/Arrays.fill.float.key.proof 
91258      DEBUG main            d.u.i.k.p.i.AbstractProblemLoader Environment load took 130.1ns 
91259      INFO  main            d.u.i.k.p.i.AbstractProblemLoader Creating init config 
94553      DEBUG main            d.u.i.k.p.i.AbstractProblemLoader Init config took 3.29s 
94592      INFO  main            d.u.i.k.p.i.AbstractProblemLoader Replaying proof Arrays[Arrays::fill([F,float)].JML normal_behavior operation contract.0 
94649      DEBUG main            d.u.i.k.p.i.IntermediateProofReplayer Proof replay took 53.78ms 
94650      DEBUG main            d.u.i.k.p.r.p.TestFile    ... success: reloaded. 
94651      INFO  main            d.u.i.k.p.r.p.TestFile    Now processing file /home/runner/work/key/key/key.core/../key.ui/examples/redux/arrays/Arrays.fillFromTo.key 
94651      INFO  main            d.u.i.k.p.i.AbstractProblemLoader Loading environment from /home/runner/work/key/key/key.core/../key.ui/examples/redux/arrays/Arrays.fillFromTo.key 
94651      DEBUG main            d.u.i.k.p.i.AbstractProblemLoader Environment load took 141ns 
94652      INFO  main            d.u.i.k.p.i.AbstractProblemLoader Creating init config 
97904      DEBUG main            d.u.i.k.p.i.AbstractProblemLoader Init config took 3.25s 
97953      INFO  main            d.u.i.k.p.i.AbstractProblemLoader Replaying proof Arrays[Arrays::fill([I,int,int,int)].JML normal_behavior operation contract.0 
97955      DEBUG main            d.u.i.k.p.i.IntermediateProofReplayer Proof replay took 7ns 
98664      INFO  main            d.u.i.k.p.r.p.TestFile    ... finished proof: closed. 
98927      INFO  main            d.u.i.k.p.i.AbstractProblemLoader Loading environment from /home/runner/work/key/key/key.core/../key.ui/examples/redux/arrays/Arrays.fillFromTo.key.proof 
98928      DEBUG main            d.u.i.k.p.i.AbstractProblemLoader Environment load took 403.9ns 
98929      INFO  main            d.u.i.k.p.i.AbstractProblemLoader Creating init config 
102225     DEBUG main            d.u.i.k.p.i.AbstractProblemLoader Init config took 3.3s 
102268     INFO  main            d.u.i.k.p.i.AbstractProblemLoader Replaying proof Arrays[Arrays::fill([I,int,int,int)].JML normal_behavior operation contract.0 
102421     DEBUG main            d.u.i.k.p.i.IntermediateProofReplayer Proof replay took 148.15ms 
102423     DEBUG main            d.u.i.k.p.r.p.TestFile    ... success: reloaded. 
102424     INFO  main            d.u.i.k.p.r.p.TestFile    Now processing file /home/runner/work/key/key/key.core/../key.ui/examples/redux/arrays/Arrays.fillFromTo.float.key 
102424     INFO  main            d.u.i.k.p.i.AbstractProblemLoader Loading environment from /home/runner/work/key/key/key.core/../key.ui/examples/redux/arrays/Arrays.fillFromTo.float.key 
102425     DEBUG main            d.u.i.k.p.i.AbstractProblemLoader Environment load took 222.3ns 
102426     INFO  main            d.u.i.k.p.i.AbstractProblemLoader Creating init config 
105792     DEBUG main            d.u.i.k.p.i.AbstractProblemLoader Init config took 3.37s 
105834     INFO  main            d.u.i.k.p.i.AbstractProblemLoader Replaying proof Arrays[Arrays::fill([F,int,int,float)].JML normal_behavior operation contract.0 
105836     DEBUG main            d.u.i.k.p.i.IntermediateProofReplayer Proof replay took 7.3ns 
106640     INFO  main            d.u.i.k.p.r.p.TestFile    ... finished proof: closed. 
106911     INFO  main            d.u.i.k.p.i.AbstractProblemLoader Loading environment from /home/runner/work/key/key/key.core/../key.ui/examples/redux/arrays/Arrays.fillFromTo.float.key.proof 
106911     DEBUG main            d.u.i.k.p.i.AbstractProblemLoader Environment load took 423.31ns 
106913     INFO  main            d.u.i.k.p.i.AbstractProblemLoader Creating init config 
110370     DEBUG main            d.u.i.k.p.i.AbstractProblemLoader Init config took 3.46s 
110412     INFO  main            d.u.i.k.p.i.AbstractProblemLoader Replaying proof Arrays[Arrays::fill([F,int,int,float)].JML normal_behavior operation contract.0 
110596     DEBUG main            d.u.i.k.p.i.IntermediateProofReplayer Proof replay took 178.34ms 
110597     DEBUG main            d.u.i.k.p.r.p.TestFile    ... success: reloaded. 
110598     INFO  main            d.u.i.k.p.r.p.TestFile    Now processing file /home/runner/work/key/key/key.core/../key.ui/examples/redux/arrays/ArrayCopy.arraycopy.normal.0.key 
110598     INFO  main            d.u.i.k.p.i.AbstractProblemLoader Loading environment from /home/runner/work/key/key/key.core/../key.ui/examples/redux/arrays/ArrayCopy.arraycopy.normal.0.key 
110599     DEBUG main            d.u.i.k.p.i.AbstractProblemLoader Environment load took 388.8ns 
110600     INFO  main            d.u.i.k.p.i.AbstractProblemLoader Creating init config 
113884     DEBUG main            d.u.i.k.p.i.AbstractProblemLoader Init config took 3.28s 
113927     INFO  main            d.u.i.k.p.i.AbstractProblemLoader Replaying proof ArrayCopy[ArrayCopy::arraycopy(java.lang.Object,int,java.lang.Object,int,int)].JML normal_behavior operation contract.0 
113929     DEBUG main            d.u.i.k.p.i.IntermediateProofReplayer Proof replay took 6.9ns 
121710     INFO  main            d.u.i.k.p.r.p.TestFile    ... finished proof: closed. 
122020     INFO  main            d.u.i.k.p.i.AbstractProblemLoader Loading environment from /home/runner/work/key/key/key.core/../key.ui/examples/redux/arrays/ArrayCopy.arraycopy.normal.0.key.proof 
122021     DEBUG main            d.u.i.k.p.i.AbstractProblemLoader Environment load took 500.31ns 
122023     INFO  main            d.u.i.k.p.i.AbstractProblemLoader Creating init config 
125349     DEBUG main            d.u.i.k.p.i.AbstractProblemLoader Init config took 3.33s 
125392     INFO  main            d.u.i.k.p.i.AbstractProblemLoader Replaying proof ArrayCopy[ArrayCopy::arraycopy(java.lang.Object,int,java.lang.Object,int,int)].JML normal_behavior operation contract.0 
126484     DEBUG main            d.u.i.k.p.i.IntermediateProofReplayer Proof replay took 1.06s 
126487     DEBUG main            d.u.i.k.p.r.p.TestFile    ... success: reloaded. 
126488     INFO  main            d.u.i.k.p.r.p.TestFile    Now processing file /home/runner/work/key/key/key.core/../key.ui/examples/redux/arrays/ArrayCopy.arraycopy.exceptional.0.key 
126488     INFO  main            d.u.i.k.p.i.AbstractProblemLoader Loading environment from /home/runner/work/key/key/key.core/../key.ui/examples/redux/arrays/ArrayCopy.arraycopy.exceptional.0.key 
126488     DEBUG main            d.u.i.k.p.i.AbstractProblemLoader Environment load took 109.5ns 
126489     INFO  main            d.u.i.k.p.i.AbstractProblemLoader Creating init config 
129782     DEBUG main            d.u.i.k.p.i.AbstractProblemLoader Init config took 3.29s 
129824     INFO  main            d.u.i.k.p.i.AbstractProblemLoader Replaying proof ArrayCopy[ArrayCopy::arraycopy(java.lang.Object,int,java.lang.Object,int,int)].JML exceptional_behavior operation contract.0 
129826     DEBUG main            d.u.i.k.p.i.IntermediateProofReplayer Proof replay took 7.1ns 
130331     INFO  main            d.u.i.k.p.r.p.TestFile    ... finished proof: closed. 
130583     INFO  main            d.u.i.k.p.i.AbstractProblemLoader Loading environment from /home/runner/work/key/key/key.core/../key.ui/examples/redux/arrays/ArrayCopy.arraycopy.exceptional.0.key.proof 
130583     DEBUG main            d.u.i.k.p.i.AbstractProblemLoader Environment load took 452.71ns 
130584     INFO  main            d.u.i.k.p.i.AbstractProblemLoader Creating init config 
133913     DEBUG main            d.u.i.k.p.i.AbstractProblemLoader Init config took 3.33s 
133956     INFO  main            d.u.i.k.p.i.AbstractProblemLoader Replaying proof ArrayCopy[ArrayCopy::arraycopy(java.lang.Object,int,java.lang.Object,int,int)].JML exceptional_behavior operation contract.0 
134111     DEBUG main            d.u.i.k.p.i.IntermediateProofReplayer Proof replay took 151.41ms 
134112     DEBUG main            d.u.i.k.p.r.p.TestFile    ... success: reloaded. 
134113     INFO  main            d.u.i.k.p.r.p.TestFile    Now processing file /home/runner/work/key/key/key.core/../key.ui/examples/redux/arrays/ArrayCopy.arraycopy.exceptional.1.key 
134113     INFO  main            d.u.i.k.p.i.AbstractProblemLoader Loading environment from /home/runner/work/key/key/key.core/../key.ui/examples/redux/arrays/ArrayCopy.arraycopy.exceptional.1.key 
134113     DEBUG main            d.u.i.k.p.i.AbstractProblemLoader Environment load took 106ns 
134114     INFO  main            d.u.i.k.p.i.AbstractProblemLoader Creating init config 
137390     DEBUG main            d.u.i.k.p.i.AbstractProblemLoader Init config took 3.28s 
137426     INFO  main            d.u.i.k.p.i.AbstractProblemLoader Replaying proof ArrayCopy[ArrayCopy::arraycopy(java.lang.Object,int,java.lang.Object,int,int)].JML exceptional_behavior operation contract.1 
137427     DEBUG main            d.u.i.k.p.i.IntermediateProofReplayer Proof replay took 24.9ns 
144699     INFO  main            d.u.i.k.p.r.p.TestFile    ... finished proof: closed. 
145012     INFO  main            d.u.i.k.p.i.AbstractProblemLoader Loading environment from /home/runner/work/key/key/key.core/../key.ui/examples/redux/arrays/ArrayCopy.arraycopy.exceptional.1.key.proof 
145012     DEBUG main            d.u.i.k.p.i.AbstractProblemLoader Environment load took 218.4ns 
145016     INFO  main            d.u.i.k.p.i.AbstractProblemLoader Creating init config 
148259     DEBUG main            d.u.i.k.p.i.AbstractProblemLoader Init config took 3.24s 
148297     INFO  main            d.u.i.k.p.i.AbstractProblemLoader Replaying proof ArrayCopy[ArrayCopy::arraycopy(java.lang.Object,int,java.lang.Object,int,int)].JML exceptional_behavior operation contract.1 
150212     DEBUG main            d.u.i.k.p.i.IntermediateProofReplayer Proof replay took 1.9s 
150215     DEBUG main            d.u.i.k.p.r.p.TestFile    ... success: reloaded. 
6716973    INFO  Test worker     d.u.i.k.p.r.RunAllProofsTestUnit Returning from test redux 
]]></system-out>
  <system-err><![CDATA[]]></system-err>
</testsuite>
