<?xml version="1.0" encoding="UTF-8"?>
<testsuite name="recoder.testsuite.basic.syntax.WalkPositionTest" tests="1" skipped="0" failures="0" errors="0" timestamp="2023-03-06T20:52:33" hostname="fv-az442-882" time="0.004">
  <properties/>
  <testcase name="testWalkPosition" classname="recoder.testsuite.basic.syntax.WalkPositionTest" time="0.004"/>
  <system-out><![CDATA[]]></system-out>
  <system-err><![CDATA[]]></system-err>
</testsuite>
