<?xml version="1.0" encoding="UTF-8"?>
<testsuite name="de.uka.ilkd.key.symbolic_execution.testcase.strategy.TestStepReturnSymbolicExecutionTreeNodesStopCondition" tests="1" skipped="0" failures="0" errors="0" timestamp="2023-04-03T15:07:13" hostname="fv-az180-857" time="4.317">
  <properties/>
  <testcase name="testStepReturn()" classname="de.uka.ilkd.key.symbolic_execution.testcase.strategy.TestStepReturnSymbolicExecutionTreeNodesStopCondition" time="4.317"/>
  <system-out><![CDATA[]]></system-out>
  <system-err><![CDATA[]]></system-err>
</testsuite>
