<?xml version="1.0" encoding="UTF-8"?>
<testsuite name="de.uka.ilkd.key.smt.newsmt2.MasterHandlerTest" tests="48" skipped="24" failures="0" errors="0" timestamp="2023-04-18T11:02:35" hostname="fv-az269-753" time="61.906">
  <properties/>
  <testcase name="[1] bool1.props" classname="de.uka.ilkd.key.smt.newsmt2.MasterHandlerTest" time="0.011">
    <skipped/>
  </testcase>
  <testcase name="[2] bool2.props" classname="de.uka.ilkd.key.smt.newsmt2.MasterHandlerTest" time="0.01">
    <skipped/>
  </testcase>
  <testcase name="[3] bool3.props" classname="de.uka.ilkd.key.smt.newsmt2.MasterHandlerTest" time="0.011">
    <skipped/>
  </testcase>
  <testcase name="[4] cast1.props" classname="de.uka.ilkd.key.smt.newsmt2.MasterHandlerTest" time="0.011">
    <skipped/>
  </testcase>
  <testcase name="[5] cast2.props" classname="de.uka.ilkd.key.smt.newsmt2.MasterHandlerTest" time="0.011">
    <skipped/>
  </testcase>
  <testcase name="[6] cast3.props" classname="de.uka.ilkd.key.smt.newsmt2.MasterHandlerTest" time="0.01">
    <skipped/>
  </testcase>
  <testcase name="[7] ex1.props" classname="de.uka.ilkd.key.smt.newsmt2.MasterHandlerTest" time="0.01">
    <skipped/>
  </testcase>
  <testcase name="[8] ex2.props" classname="de.uka.ilkd.key.smt.newsmt2.MasterHandlerTest" time="0.01">
    <skipped/>
  </testcase>
  <testcase name="[9] float.eq.props" classname="de.uka.ilkd.key.smt.newsmt2.MasterHandlerTest" time="0.01">
    <skipped/>
  </testcase>
  <testcase name="[10] float.sinDouble.props" classname="de.uka.ilkd.key.smt.newsmt2.MasterHandlerTest" time="0.01">
    <skipped/>
  </testcase>
  <testcase name="[11] float.sqrt1.props" classname="de.uka.ilkd.key.smt.newsmt2.MasterHandlerTest" time="0.01">
    <skipped/>
  </testcase>
  <testcase name="[12] float.sqrt2.props" classname="de.uka.ilkd.key.smt.newsmt2.MasterHandlerTest" time="0.01">
    <skipped/>
  </testcase>
  <testcase name="[13] float1.props" classname="de.uka.ilkd.key.smt.newsmt2.MasterHandlerTest" time="0.01">
    <skipped/>
  </testcase>
  <testcase name="[14] float2.props" classname="de.uka.ilkd.key.smt.newsmt2.MasterHandlerTest" time="0.01">
    <skipped/>
  </testcase>
  <testcase name="[15] heap1.props" classname="de.uka.ilkd.key.smt.newsmt2.MasterHandlerTest" time="0.01">
    <skipped/>
  </testcase>
  <testcase name="[16] int1.props" classname="de.uka.ilkd.key.smt.newsmt2.MasterHandlerTest" time="0.01">
    <skipped/>
  </testcase>
  <testcase name="[17] ite1.props" classname="de.uka.ilkd.key.smt.newsmt2.MasterHandlerTest" time="0.01">
    <skipped/>
  </testcase>
  <testcase name="[18] quant1.props" classname="de.uka.ilkd.key.smt.newsmt2.MasterHandlerTest" time="0.01">
    <skipped/>
  </testcase>
  <testcase name="[19] quant2.props" classname="de.uka.ilkd.key.smt.newsmt2.MasterHandlerTest" time="0.011">
    <skipped/>
  </testcase>
  <testcase name="[20] types1.props" classname="de.uka.ilkd.key.smt.newsmt2.MasterHandlerTest" time="0.01">
    <skipped/>
  </testcase>
  <testcase name="[21] types2.props" classname="de.uka.ilkd.key.smt.newsmt2.MasterHandlerTest" time="0.01">
    <skipped/>
  </testcase>
  <testcase name="[22] uninterpreted1.props" classname="de.uka.ilkd.key.smt.newsmt2.MasterHandlerTest" time="0.011">
    <skipped/>
  </testcase>
  <testcase name="[23] upd1.props" classname="de.uka.ilkd.key.smt.newsmt2.MasterHandlerTest" time="0.01">
    <skipped/>
  </testcase>
  <testcase name="[24] upd2.props" classname="de.uka.ilkd.key.smt.newsmt2.MasterHandlerTest" time="0.01">
    <skipped/>
  </testcase>
  <testcase name="[1] bool1.props" classname="de.uka.ilkd.key.smt.newsmt2.MasterHandlerTest" time="0.001"/>
  <testcase name="[2] bool2.props" classname="de.uka.ilkd.key.smt.newsmt2.MasterHandlerTest" time="0.001"/>
  <testcase name="[3] bool3.props" classname="de.uka.ilkd.key.smt.newsmt2.MasterHandlerTest" time="0.001"/>
  <testcase name="[4] cast1.props" classname="de.uka.ilkd.key.smt.newsmt2.MasterHandlerTest" time="0.001"/>
  <testcase name="[5] cast2.props" classname="de.uka.ilkd.key.smt.newsmt2.MasterHandlerTest" time="0.001"/>
  <testcase name="[6] cast3.props" classname="de.uka.ilkd.key.smt.newsmt2.MasterHandlerTest" time="0.001"/>
  <testcase name="[7] ex1.props" classname="de.uka.ilkd.key.smt.newsmt2.MasterHandlerTest" time="0.001"/>
  <testcase name="[8] ex2.props" classname="de.uka.ilkd.key.smt.newsmt2.MasterHandlerTest" time="0.001"/>
  <testcase name="[9] float.eq.props" classname="de.uka.ilkd.key.smt.newsmt2.MasterHandlerTest" time="0.001"/>
  <testcase name="[10] float.sinDouble.props" classname="de.uka.ilkd.key.smt.newsmt2.MasterHandlerTest" time="0.001"/>
  <testcase name="[11] float.sqrt1.props" classname="de.uka.ilkd.key.smt.newsmt2.MasterHandlerTest" time="0.002"/>
  <testcase name="[12] float.sqrt2.props" classname="de.uka.ilkd.key.smt.newsmt2.MasterHandlerTest" time="0.001"/>
  <testcase name="[13] float1.props" classname="de.uka.ilkd.key.smt.newsmt2.MasterHandlerTest" time="0.001"/>
  <testcase name="[14] float2.props" classname="de.uka.ilkd.key.smt.newsmt2.MasterHandlerTest" time="0.001"/>
  <testcase name="[15] heap1.props" classname="de.uka.ilkd.key.smt.newsmt2.MasterHandlerTest" time="0.001"/>
  <testcase name="[16] int1.props" classname="de.uka.ilkd.key.smt.newsmt2.MasterHandlerTest" time="0.001"/>
  <testcase name="[17] ite1.props" classname="de.uka.ilkd.key.smt.newsmt2.MasterHandlerTest" time="0.001"/>
  <testcase name="[18] quant1.props" classname="de.uka.ilkd.key.smt.newsmt2.MasterHandlerTest" time="0.001"/>
  <testcase name="[19] quant2.props" classname="de.uka.ilkd.key.smt.newsmt2.MasterHandlerTest" time="0.001"/>
  <testcase name="[20] types1.props" classname="de.uka.ilkd.key.smt.newsmt2.MasterHandlerTest" time="0.001"/>
  <testcase name="[21] types2.props" classname="de.uka.ilkd.key.smt.newsmt2.MasterHandlerTest" time="0.001"/>
  <testcase name="[22] uninterpreted1.props" classname="de.uka.ilkd.key.smt.newsmt2.MasterHandlerTest" time="0.001"/>
  <testcase name="[23] upd1.props" classname="de.uka.ilkd.key.smt.newsmt2.MasterHandlerTest" time="0.001"/>
  <testcase name="[24] upd2.props" classname="de.uka.ilkd.key.smt.newsmt2.MasterHandlerTest" time="0.001"/>
  <system-out><![CDATA[477009     DEBUG Test worker     d.u.i.k.p.i.KeYFile       Reading KeY file C:\Users\RUNNER~1\AppData\Local\Temp\SMT_key_bool1.props11217838752139272903.key 
477009     DEBUG Test worker     d.u.i.k.p.i.KeYFile       Reading KeY file file:/D:/a/key/key/key.core/build/resources/main/de/uka/ilkd/key/proof/rules/standardRules.key 
477025     DEBUG Test worker     d.u.i.k.p.i.KeYFile       Reading KeY file file:/D:/a/key/key/key.core/build/resources/main/de/uka/ilkd/key/proof/rules/ldt.key 
477025     DEBUG Test worker     d.u.i.k.p.i.KeYFile       Reading KeY file file:/D:/a/key/key/key.core/build/resources/main/de/uka/ilkd/key/proof/rules/boolean.key 
477025     DEBUG Test worker     d.u.i.k.p.i.KeYFile       Reading KeY file file:/D:/a/key/key/key.core/build/resources/main/de/uka/ilkd/key/proof/rules/ruleSetsDeclarations.key 
477025     DEBUG Test worker     d.u.i.k.p.i.KeYFile       Reading KeY file file:/D:/a/key/key/key.core/build/resources/main/de/uka/ilkd/key/proof/rules/integerHeader.key 
477025     DEBUG Test worker     d.u.i.k.p.i.KeYFile       Reading KeY file file:/D:/a/key/key/key.core/build/resources/main/de/uka/ilkd/key/proof/rules/floatHeader.key 
477025     DEBUG Test worker     d.u.i.k.p.i.KeYFile       Reading KeY file file:/D:/a/key/key/key.core/build/resources/main/de/uka/ilkd/key/proof/rules/heap.key 
477025     DEBUG Test worker     d.u.i.k.p.i.KeYFile       Reading KeY file file:/D:/a/key/key/key.core/build/resources/main/de/uka/ilkd/key/proof/rules/locSets.key 
477025     DEBUG Test worker     d.u.i.k.p.i.KeYFile       Reading KeY file file:/D:/a/key/key/key.core/build/resources/main/de/uka/ilkd/key/proof/rules/permission.key 
477025     DEBUG Test worker     d.u.i.k.p.i.KeYFile       Reading KeY file file:/D:/a/key/key/key.core/build/resources/main/de/uka/ilkd/key/proof/rules/reach.key 
477025     DEBUG Test worker     d.u.i.k.p.i.KeYFile       Reading KeY file file:/D:/a/key/key/key.core/build/resources/main/de/uka/ilkd/key/proof/rules/seq.key 
477025     DEBUG Test worker     d.u.i.k.p.i.KeYFile       Reading KeY file file:/D:/a/key/key/key.core/build/resources/main/de/uka/ilkd/key/proof/rules/map.key 
477025     DEBUG Test worker     d.u.i.k.p.i.KeYFile       Reading KeY file file:/D:/a/key/key/key.core/build/resources/main/de/uka/ilkd/key/proof/rules/freeADT.key 
477025     DEBUG Test worker     d.u.i.k.p.i.KeYFile       Reading KeY file file:/D:/a/key/key/key.core/build/resources/main/de/uka/ilkd/key/proof/rules/wellfound.key 
477025     DEBUG Test worker     d.u.i.k.p.i.KeYFile       Reading KeY file file:/D:/a/key/key/key.core/build/resources/main/de/uka/ilkd/key/proof/rules/charListHeader.key 
477040     DEBUG Test worker     d.u.i.k.p.i.KeYFile       Reading KeY file file:/D:/a/key/key/key.core/build/resources/main/de/uka/ilkd/key/proof/rules/propRule.key 
477040     DEBUG Test worker     d.u.i.k.p.i.KeYFile       Reading KeY file file:/D:/a/key/key/key.core/build/resources/main/de/uka/ilkd/key/proof/rules/firstOrderRules.key 
477040     DEBUG Test worker     d.u.i.k.p.i.KeYFile       Reading KeY file file:/D:/a/key/key/key.core/build/resources/main/de/uka/ilkd/key/proof/rules/ifThenElseRules.key 
477056     DEBUG Test worker     d.u.i.k.p.i.KeYFile       Reading KeY file file:/D:/a/key/key/key.core/build/resources/main/de/uka/ilkd/key/proof/rules/formulaNormalisationRules.key 
477071     DEBUG Test worker     d.u.i.k.p.i.KeYFile       Reading KeY file file:/D:/a/key/key/key.core/build/resources/main/de/uka/ilkd/key/proof/rules/updateRules.key 
477071     DEBUG Test worker     d.u.i.k.p.i.KeYFile       Reading KeY file file:/D:/a/key/key/key.core/build/resources/main/de/uka/ilkd/key/proof/rules/integerRulesCommon.key 
477071     DEBUG Test worker     d.u.i.k.p.i.KeYFile       Reading KeY file file:/D:/a/key/key/key.core/build/resources/main/de/uka/ilkd/key/proof/rules/intRules.key 
477087     DEBUG Test worker     d.u.i.k.p.i.KeYFile       Reading KeY file file:/D:/a/key/key/key.core/build/resources/main/de/uka/ilkd/key/proof/rules/intRulesUncheckedSemantics.key 
477087     DEBUG Test worker     d.u.i.k.p.i.KeYFile       Reading KeY file file:/D:/a/key/key/key.core/build/resources/main/de/uka/ilkd/key/proof/rules/intRulesCheckedSemantics.key 
477087     DEBUG Test worker     d.u.i.k.p.i.KeYFile       Reading KeY file file:/D:/a/key/key/key.core/build/resources/main/de/uka/ilkd/key/proof/rules/intRulesJavaSemantics.key 
477087     DEBUG Test worker     d.u.i.k.p.i.KeYFile       Reading KeY file file:/D:/a/key/key/key.core/build/resources/main/de/uka/ilkd/key/proof/rules/integerSimplificationRules.key 
477128     DEBUG Test worker     d.u.i.k.j.TypeConverter   No LDT found for Meta 
477128     DEBUG Test worker     d.u.i.k.j.TypeConverter   No LDT found for Meta 
477128     DEBUG Test worker     d.u.i.k.j.TypeConverter   No LDT found for Meta 
477128     DEBUG Test worker     d.u.i.k.j.TypeConverter   No LDT found for Meta 
477144     DEBUG Test worker     d.u.i.k.p.i.KeYFile       Reading KeY file file:/D:/a/key/key/key.core/build/resources/main/de/uka/ilkd/key/proof/rules/intDiv.key 
477159     DEBUG Test worker     d.u.i.k.p.i.KeYFile       Reading KeY file file:/D:/a/key/key/key.core/build/resources/main/de/uka/ilkd/key/proof/rules/bsum.key 
477191     DEBUG Test worker     d.u.i.k.p.i.KeYFile       Reading KeY file file:/D:/a/key/key/key.core/build/resources/main/de/uka/ilkd/key/proof/rules/bprod.key 
477191     DEBUG Test worker     d.u.i.k.p.i.KeYFile       Reading KeY file file:/D:/a/key/key/key.core/build/resources/main/de/uka/ilkd/key/proof/rules/binaryAxioms.key 
477206     DEBUG Test worker     d.u.i.k.p.i.KeYFile       Reading KeY file file:/D:/a/key/key/key.core/build/resources/main/de/uka/ilkd/key/proof/rules/binaryLemmas.key 
477206     DEBUG Test worker     d.u.i.k.p.i.KeYFile       Reading KeY file file:/D:/a/key/key/key.core/build/resources/main/de/uka/ilkd/key/proof/rules/intPow.key 
477206     DEBUG Test worker     d.u.i.k.p.i.KeYFile       Reading KeY file file:/D:/a/key/key/key.core/build/resources/main/de/uka/ilkd/key/proof/rules/floatRulesCommon.key 
477206     DEBUG Test worker     d.u.i.k.p.i.KeYFile       Reading KeY file file:/D:/a/key/key/key.core/build/resources/main/de/uka/ilkd/key/proof/rules/floatRules.key 
477222     DEBUG Test worker     d.u.i.k.p.i.KeYFile       Reading KeY file file:/D:/a/key/key/key.core/build/resources/main/de/uka/ilkd/key/proof/rules/floatRulesVerifyNormal.key 
477222     DEBUG Test worker     d.u.i.k.p.i.KeYFile       Reading KeY file file:/D:/a/key/key/key.core/build/resources/main/de/uka/ilkd/key/proof/rules/floatRulesAssumeStrictfp.key 
477222     DEBUG Test worker     d.u.i.k.p.i.KeYFile       Reading KeY file file:/D:/a/key/key/key.core/build/resources/main/de/uka/ilkd/key/proof/rules/genericRules.key 
477222     DEBUG Test worker     d.u.i.k.p.i.KeYFile       Reading KeY file file:/D:/a/key/key/key.core/build/resources/main/de/uka/ilkd/key/proof/rules/booleanRules.key 
477222     DEBUG Test worker     d.u.i.k.p.i.KeYFile       Reading KeY file file:/D:/a/key/key/key.core/build/resources/main/de/uka/ilkd/key/proof/rules/epsilon.key 
477222     DEBUG Test worker     d.u.i.k.p.i.KeYFile       Reading KeY file file:/D:/a/key/key/key.core/build/resources/main/de/uka/ilkd/key/proof/rules/locSetsRules.key 
477253     DEBUG Test worker     d.u.i.k.p.i.KeYFile       Reading KeY file file:/D:/a/key/key/key.core/build/resources/main/de/uka/ilkd/key/proof/rules/heapRules.key 
477269     DEBUG Test worker     d.u.i.k.p.i.KeYFile       Reading KeY file file:/D:/a/key/key/key.core/build/resources/main/de/uka/ilkd/key/proof/rules/permissionRules.key 
477269     DEBUG Test worker     d.u.i.k.p.i.KeYFile       Reading KeY file file:/D:/a/key/key/key.core/build/resources/main/de/uka/ilkd/key/proof/rules/reachRules.key 
477284     DEBUG Test worker     d.u.i.k.p.i.KeYFile       Reading KeY file file:/D:/a/key/key/key.core/build/resources/main/de/uka/ilkd/key/proof/rules/seqCoreRules.key 
477284     DEBUG Test worker     d.u.i.k.p.i.KeYFile       Reading KeY file file:/D:/a/key/key/key.core/build/resources/main/de/uka/ilkd/key/proof/rules/seqRules.key 
477300     DEBUG Test worker     d.u.i.k.p.i.KeYFile       Reading KeY file file:/D:/a/key/key/key.core/build/resources/main/de/uka/ilkd/key/proof/rules/seqPerm.key 
477316     DEBUG Test worker     d.u.i.k.p.i.KeYFile       Reading KeY file file:/D:/a/key/key/key.core/build/resources/main/de/uka/ilkd/key/proof/rules/seqPerm2.key 
477328     DEBUG Test worker     d.u.i.k.p.i.KeYFile       Reading KeY file file:/D:/a/key/key/key.core/build/resources/main/de/uka/ilkd/key/proof/rules/javaRules.key 
477363     DEBUG Test worker     d.u.i.k.p.i.KeYFile       Reading KeY file file:/D:/a/key/key/key.core/build/resources/main/de/uka/ilkd/key/proof/rules/assertions.key 
477456     DEBUG Test worker     d.u.i.k.p.i.KeYFile       Reading KeY file file:/D:/a/key/key/key.core/build/resources/main/de/uka/ilkd/key/proof/rules/loopRules.key 
477456     DEBUG Test worker     d.u.i.k.p.i.KeYFile       Reading KeY file file:/D:/a/key/key/key.core/build/resources/main/de/uka/ilkd/key/proof/rules/activeUse.key 
477484     DEBUG Test worker     d.u.i.k.p.i.KeYFile       Reading KeY file file:/D:/a/key/key/key.core/build/resources/main/de/uka/ilkd/key/proof/rules/instanceAllocation.key 
477494     DEBUG Test worker     d.u.i.k.p.i.KeYFile       Reading KeY file file:/D:/a/key/key/key.core/build/resources/main/de/uka/ilkd/key/proof/rules/java5.key 
477494     DEBUG Test worker     d.u.i.k.p.i.KeYFile       Reading KeY file file:/D:/a/key/key/key.core/build/resources/main/de/uka/ilkd/key/proof/rules/integerAssignment2UpdateRules.key 
477506     DEBUG Test worker     d.u.i.k.p.i.KeYFile       Reading KeY file file:/D:/a/key/key/key.core/build/resources/main/de/uka/ilkd/key/proof/rules/floatAssignment2UpdateRules.key 
477520     DEBUG Test worker     d.u.i.k.p.i.KeYFile       Reading KeY file file:/D:/a/key/key/key.core/build/resources/main/de/uka/ilkd/key/proof/rules/bigint.key 
477520     DEBUG Test worker     d.u.i.k.j.TypeConverter   No LDT found for JavaBigintExpression 
477520     DEBUG Test worker     d.u.i.k.p.i.KeYFile       Reading KeY file file:/D:/a/key/key/key.core/build/resources/main/de/uka/ilkd/key/proof/rules/adtProgramDecompositionRules.key 
477535     DEBUG Test worker     d.u.i.k.p.i.KeYFile       Reading KeY file file:/D:/a/key/key/key.core/build/resources/main/de/uka/ilkd/key/proof/rules/precRules.key 
477535     DEBUG Test worker     d.u.i.k.p.i.KeYFile       Reading KeY file file:/D:/a/key/key/key.core/build/resources/main/de/uka/ilkd/key/proof/rules/charListRules.key 
477535     DEBUG Test worker     d.u.i.k.p.i.KeYFile       Reading KeY file file:/D:/a/key/key/key.core/build/resources/main/de/uka/ilkd/key/proof/rules/regExTheory.key 
477535     DEBUG Test worker     d.u.i.k.p.i.KeYFile       Reading KeY file file:/D:/a/key/key/key.core/build/resources/main/de/uka/ilkd/key/proof/rules/regExHeader.key 
477535     DEBUG Test worker     d.u.i.k.p.i.KeYFile       Reading KeY file file:/D:/a/key/key/key.core/build/resources/main/de/uka/ilkd/key/proof/rules/regExAxioms.key 
477551     DEBUG Test worker     d.u.i.k.p.i.KeYFile       Reading KeY file file:/D:/a/key/key/key.core/build/resources/main/de/uka/ilkd/key/proof/rules/regExLemmaProven.key 
477723     DEBUG Test worker     d.u.i.k.p.i.KeYFile       Reading KeY file file:/D:/a/key/key/key.core/build/resources/main/de/uka/ilkd/key/proof/rules/seqEq.key 
477739     DEBUG Test worker     d.u.i.k.p.i.KeYFile       Reading KeY file file:/D:/a/key/key/key.core/build/resources/main/de/uka/ilkd/key/proof/rules/infFlow.key 
477743     DEBUG Test worker     d.u.i.k.p.i.KeYFile       Reading KeY file file:/D:/a/key/key/key.core/build/resources/main/de/uka/ilkd/key/proof/rules/mapSize.key 
477743     DEBUG Test worker     d.u.i.k.p.i.KeYFile       Reading KeY file file:/D:/a/key/key/key.core/build/resources/main/de/uka/ilkd/key/proof/rules/wd.key 
477743     DEBUG Test worker     d.u.i.k.p.i.KeYFile       Reading KeY file file:/D:/a/key/key/key.core/build/resources/main/de/uka/ilkd/key/proof/rules/wdHeader.key 
477743     DEBUG Test worker     d.u.i.k.p.i.KeYFile       Reading KeY file file:/D:/a/key/key/key.core/build/resources/main/de/uka/ilkd/key/proof/rules/wdGeneralRules.key 
477743     DEBUG Test worker     d.u.i.k.p.i.KeYFile       Reading KeY file file:/D:/a/key/key/key.core/build/resources/main/de/uka/ilkd/key/proof/rules/wdNumericalRules.key 
477759     DEBUG Test worker     d.u.i.k.p.i.KeYFile       Reading KeY file file:/D:/a/key/key/key.core/build/resources/main/de/uka/ilkd/key/proof/rules/wdLocSetRules.key 
477759     DEBUG Test worker     d.u.i.k.p.i.KeYFile       Reading KeY file file:/D:/a/key/key/key.core/build/resources/main/de/uka/ilkd/key/proof/rules/wdHeapRules.key 
477759     DEBUG Test worker     d.u.i.k.p.i.KeYFile       Reading KeY file file:/D:/a/key/key/key.core/build/resources/main/de/uka/ilkd/key/proof/rules/wdReachRules.key 
477759     DEBUG Test worker     d.u.i.k.p.i.KeYFile       Reading KeY file file:/D:/a/key/key/key.core/build/resources/main/de/uka/ilkd/key/proof/rules/wdSeqRules.key 
477759     DEBUG Test worker     d.u.i.k.p.i.KeYFile       Reading KeY file file:/D:/a/key/key/key.core/build/resources/main/de/uka/ilkd/key/proof/rules/wdStringRules.key 
477806     DEBUG Test worker     d.u.i.k.p.i.KeYFile       Reading KeY file file:/D:/a/key/key/key.core/build/resources/main/de/uka/ilkd/key/proof/rules/wdRegExRules.key 
477806     DEBUG Test worker     d.u.i.k.p.i.KeYFile       Reading KeY file file:/D:/a/key/key/key.core/build/resources/main/de/uka/ilkd/key/proof/rules/wdFormulaRules.key 
477821     DEBUG Test worker     d.u.i.k.p.i.KeYFile       Reading KeY file file:/D:/a/key/key/key.core/build/resources/main/de/uka/ilkd/key/proof/rules/loopInvariantRules.key 
477821     DEBUG Test worker     d.u.i.k.p.i.KeYFile       Reading KeY file file:/D:/a/key/key/key.core/build/resources/main/de/uka/ilkd/key/proof/rules/forLoopRules.key 
477821     DEBUG Test worker     d.u.i.k.p.i.KeYFile       Reading KeY file file:/D:/a/key/key/key.core/build/resources/main/de/uka/ilkd/key/proof/rules/execRules.key 
477878     DEBUG Test worker     d.u.i.k.p.i.KeYFile       Reading KeY file file:/D:/a/key/key/key.core/build/resources/main/de/uka/ilkd/key/proof/rules/loopScopeRules.key 
478675     DEBUG Test worker     d.u.i.k.p.i.KeYFile       Reading KeY file file:/D:/a/key/key/key.core/build/resources/main/de/uka/ilkd/key/java/JavaRedux/java/lang/String.key 
480510     DEBUG Test worker     d.u.i.k.p.i.IntermediateProofReplayer Proof replay took 6.6ns 
480510     DEBUG Test worker     d.u.i.k.p.i.KeYFile       Reading KeY file C:\Users\RUNNER~1\AppData\Local\Temp\SMT_key_bool1.props11217838752139272903.key 
480510     DEBUG Test worker     d.u.i.k.p.i.KeYFile       Reading KeY file C:\Users\RUNNER~1\AppData\Local\Temp\SMT_key_bool2.props2003975347541618316.key 
481291     DEBUG Test worker     d.u.i.k.p.i.KeYFile       Reading KeY file file:/D:/a/key/key/key.core/build/resources/main/de/uka/ilkd/key/java/JavaRedux/java/lang/String.key 
483001     DEBUG Test worker     d.u.i.k.p.i.IntermediateProofReplayer Proof replay took 10.2ns 
483001     DEBUG Test worker     d.u.i.k.p.i.KeYFile       Reading KeY file C:\Users\RUNNER~1\AppData\Local\Temp\SMT_key_bool2.props2003975347541618316.key 
483001     DEBUG Test worker     d.u.i.k.p.i.KeYFile       Reading KeY file C:\Users\RUNNER~1\AppData\Local\Temp\SMT_key_bool3.props10489963584371737901.key 
483767     DEBUG Test worker     d.u.i.k.p.i.KeYFile       Reading KeY file file:/D:/a/key/key/key.core/build/resources/main/de/uka/ilkd/key/java/JavaRedux/java/lang/String.key 
485480     DEBUG Test worker     d.u.i.k.p.i.IntermediateProofReplayer Proof replay took 6.4ns 
485480     DEBUG Test worker     d.u.i.k.p.i.KeYFile       Reading KeY file C:\Users\RUNNER~1\AppData\Local\Temp\SMT_key_bool3.props10489963584371737901.key 
485496     DEBUG Test worker     d.u.i.k.p.i.KeYFile       Reading KeY file C:\Users\RUNNER~1\AppData\Local\Temp\SMT_key_cast1.props6315833720521851170.key 
486271     DEBUG Test worker     d.u.i.k.p.i.KeYFile       Reading KeY file file:/D:/a/key/key/key.core/build/resources/main/de/uka/ilkd/key/java/JavaRedux/java/lang/String.key 
487960     DEBUG Test worker     d.u.i.k.p.i.IntermediateProofReplayer Proof replay took 7.5ns 
487960     DEBUG Test worker     d.u.i.k.p.i.KeYFile       Reading KeY file C:\Users\RUNNER~1\AppData\Local\Temp\SMT_key_cast1.props6315833720521851170.key 
487960     DEBUG Test worker     d.u.i.k.p.i.KeYFile       Reading KeY file C:\Users\RUNNER~1\AppData\Local\Temp\SMT_key_cast2.props2024334939952523691.key 
488788     DEBUG Test worker     d.u.i.k.p.i.KeYFile       Reading KeY file file:/D:/a/key/key/key.core/build/resources/main/de/uka/ilkd/key/java/JavaRedux/java/lang/String.key 
490467     DEBUG Test worker     d.u.i.k.p.i.IntermediateProofReplayer Proof replay took 6.5ns 
490467     DEBUG Test worker     d.u.i.k.p.i.KeYFile       Reading KeY file C:\Users\RUNNER~1\AppData\Local\Temp\SMT_key_cast2.props2024334939952523691.key 
490467     DEBUG Test worker     d.u.i.k.p.i.KeYFile       Reading KeY file C:\Users\RUNNER~1\AppData\Local\Temp\SMT_key_cast3.props11044286292174353400.key 
491299     DEBUG Test worker     d.u.i.k.p.i.KeYFile       Reading KeY file file:/D:/a/key/key/key.core/build/resources/main/de/uka/ilkd/key/java/JavaRedux/java/lang/String.key 
493012     DEBUG Test worker     d.u.i.k.p.i.IntermediateProofReplayer Proof replay took 8.1ns 
493012     DEBUG Test worker     d.u.i.k.p.i.KeYFile       Reading KeY file C:\Users\RUNNER~1\AppData\Local\Temp\SMT_key_cast3.props11044286292174353400.key 
493012     DEBUG Test worker     d.u.i.k.p.i.KeYFile       Reading KeY file C:\Users\RUNNER~1\AppData\Local\Temp\SMT_key_ex1.props11236532238457599620.key 
493853     DEBUG Test worker     d.u.i.k.p.i.KeYFile       Reading KeY file file:/D:/a/key/key/key.core/build/resources/main/de/uka/ilkd/key/java/JavaRedux/java/lang/String.key 
495564     DEBUG Test worker     d.u.i.k.p.i.IntermediateProofReplayer Proof replay took 7.6ns 
495564     DEBUG Test worker     d.u.i.k.p.i.KeYFile       Reading KeY file C:\Users\RUNNER~1\AppData\Local\Temp\SMT_key_ex1.props11236532238457599620.key 
495580     DEBUG Test worker     d.u.i.k.p.i.KeYFile       Reading KeY file C:\Users\RUNNER~1\AppData\Local\Temp\SMT_key_ex2.props6580152750379736192.key 
496424     DEBUG Test worker     d.u.i.k.p.i.KeYFile       Reading KeY file file:/D:/a/key/key/key.core/build/resources/main/de/uka/ilkd/key/java/JavaRedux/java/lang/String.key 
498137     DEBUG Test worker     d.u.i.k.p.i.IntermediateProofReplayer Proof replay took 7.2ns 
498137     DEBUG Test worker     d.u.i.k.p.i.KeYFile       Reading KeY file C:\Users\RUNNER~1\AppData\Local\Temp\SMT_key_ex2.props6580152750379736192.key 
498137     DEBUG Test worker     d.u.i.k.p.i.KeYFile       Reading KeY file C:\Users\RUNNER~1\AppData\Local\Temp\SMT_key_float.eq.props8255577493678195825.key 
498980     DEBUG Test worker     d.u.i.k.p.i.KeYFile       Reading KeY file file:/D:/a/key/key/key.core/build/resources/main/de/uka/ilkd/key/java/JavaRedux/java/lang/String.key 
500696     DEBUG Test worker     d.u.i.k.p.i.IntermediateProofReplayer Proof replay took 6.4ns 
500696     DEBUG Test worker     d.u.i.k.p.i.KeYFile       Reading KeY file C:\Users\RUNNER~1\AppData\Local\Temp\SMT_key_float.eq.props8255577493678195825.key 
500696     DEBUG Test worker     d.u.i.k.p.i.KeYFile       Reading KeY file C:\Users\RUNNER~1\AppData\Local\Temp\SMT_key_float.sinDouble.props8463707302728897558.key 
501541     DEBUG Test worker     d.u.i.k.p.i.KeYFile       Reading KeY file file:/D:/a/key/key/key.core/build/resources/main/de/uka/ilkd/key/java/JavaRedux/java/lang/String.key 
503254     DEBUG Test worker     d.u.i.k.p.i.IntermediateProofReplayer Proof replay took 6.6ns 
503254     DEBUG Test worker     d.u.i.k.p.i.KeYFile       Reading KeY file C:\Users\RUNNER~1\AppData\Local\Temp\SMT_key_float.sinDouble.props8463707302728897558.key 
503254     DEBUG Test worker     d.u.i.k.p.i.KeYFile       Reading KeY file C:\Users\RUNNER~1\AppData\Local\Temp\SMT_key_float.sqrt1.props9789898844741847892.key 
504116     DEBUG Test worker     d.u.i.k.p.i.KeYFile       Reading KeY file file:/D:/a/key/key/key.core/build/resources/main/de/uka/ilkd/key/java/JavaRedux/java/lang/String.key 
505811     DEBUG Test worker     d.u.i.k.p.i.IntermediateProofReplayer Proof replay took 6.7ns 
505811     DEBUG Test worker     d.u.i.k.p.i.KeYFile       Reading KeY file C:\Users\RUNNER~1\AppData\Local\Temp\SMT_key_float.sqrt1.props9789898844741847892.key 
505827     DEBUG Test worker     d.u.i.k.p.i.KeYFile       Reading KeY file C:\Users\RUNNER~1\AppData\Local\Temp\SMT_key_float.sqrt2.props9287480525256405690.key 
506671     DEBUG Test worker     d.u.i.k.p.i.KeYFile       Reading KeY file file:/D:/a/key/key/key.core/build/resources/main/de/uka/ilkd/key/java/JavaRedux/java/lang/String.key 
508377     DEBUG Test worker     d.u.i.k.p.i.IntermediateProofReplayer Proof replay took 6.8ns 
508377     DEBUG Test worker     d.u.i.k.p.i.KeYFile       Reading KeY file C:\Users\RUNNER~1\AppData\Local\Temp\SMT_key_float.sqrt2.props9287480525256405690.key 
508392     DEBUG Test worker     d.u.i.k.p.i.KeYFile       Reading KeY file C:\Users\RUNNER~1\AppData\Local\Temp\SMT_key_float1.props13757140003770781861.key 
509226     DEBUG Test worker     d.u.i.k.p.i.KeYFile       Reading KeY file file:/D:/a/key/key/key.core/build/resources/main/de/uka/ilkd/key/java/JavaRedux/java/lang/String.key 
510934     DEBUG Test worker     d.u.i.k.p.i.IntermediateProofReplayer Proof replay took 6.9ns 
510934     DEBUG Test worker     d.u.i.k.p.i.KeYFile       Reading KeY file C:\Users\RUNNER~1\AppData\Local\Temp\SMT_key_float1.props13757140003770781861.key 
510934     DEBUG Test worker     d.u.i.k.p.i.KeYFile       Reading KeY file C:\Users\RUNNER~1\AppData\Local\Temp\SMT_key_float2.props15905129604020433328.key 
511782     DEBUG Test worker     d.u.i.k.p.i.KeYFile       Reading KeY file file:/D:/a/key/key/key.core/build/resources/main/de/uka/ilkd/key/java/JavaRedux/java/lang/String.key 
513499     DEBUG Test worker     d.u.i.k.p.i.IntermediateProofReplayer Proof replay took 6.2ns 
513499     DEBUG Test worker     d.u.i.k.p.i.KeYFile       Reading KeY file C:\Users\RUNNER~1\AppData\Local\Temp\SMT_key_float2.props15905129604020433328.key 
513499     DEBUG Test worker     d.u.i.k.p.i.KeYFile       Reading KeY file C:\Users\RUNNER~1\AppData\Local\Temp\SMT_key_heap1.props14105458870989007630.key 
514343     DEBUG Test worker     d.u.i.k.p.i.KeYFile       Reading KeY file file:/D:/a/key/key/key.core/build/resources/main/de/uka/ilkd/key/java/JavaRedux/java/lang/String.key 
516047     DEBUG Test worker     d.u.i.k.p.i.IntermediateProofReplayer Proof replay took 6.6ns 
516047     DEBUG Test worker     d.u.i.k.p.i.KeYFile       Reading KeY file C:\Users\RUNNER~1\AppData\Local\Temp\SMT_key_heap1.props14105458870989007630.key 
516063     DEBUG Test worker     d.u.i.k.p.i.KeYFile       Reading KeY file C:\Users\RUNNER~1\AppData\Local\Temp\SMT_key_int1.props12711824077333209351.key 
516907     DEBUG Test worker     d.u.i.k.p.i.KeYFile       Reading KeY file file:/D:/a/key/key/key.core/build/resources/main/de/uka/ilkd/key/java/JavaRedux/java/lang/String.key 
518678     DEBUG Test worker     d.u.i.k.p.i.IntermediateProofReplayer Proof replay took 6.7ns 
518678     DEBUG Test worker     d.u.i.k.p.i.KeYFile       Reading KeY file C:\Users\RUNNER~1\AppData\Local\Temp\SMT_key_int1.props12711824077333209351.key 
518693     DEBUG Test worker     d.u.i.k.p.i.KeYFile       Reading KeY file C:\Users\RUNNER~1\AppData\Local\Temp\SMT_key_ite1.props13204296402482639087.key 
519460     DEBUG Test worker     d.u.i.k.p.i.KeYFile       Reading KeY file file:/D:/a/key/key/key.core/build/resources/main/de/uka/ilkd/key/java/JavaRedux/java/lang/String.key 
521239     DEBUG Test worker     d.u.i.k.p.i.IntermediateProofReplayer Proof replay took 6.3ns 
521239     DEBUG Test worker     d.u.i.k.p.i.KeYFile       Reading KeY file C:\Users\RUNNER~1\AppData\Local\Temp\SMT_key_ite1.props13204296402482639087.key 
521239     DEBUG Test worker     d.u.i.k.p.i.KeYFile       Reading KeY file C:\Users\RUNNER~1\AppData\Local\Temp\SMT_key_quant1.props7880892098671555017.key 
522022     DEBUG Test worker     d.u.i.k.p.i.KeYFile       Reading KeY file file:/D:/a/key/key/key.core/build/resources/main/de/uka/ilkd/key/java/JavaRedux/java/lang/String.key 
523791     DEBUG Test worker     d.u.i.k.p.i.IntermediateProofReplayer Proof replay took 7.4ns 
523791     DEBUG Test worker     d.u.i.k.p.i.KeYFile       Reading KeY file C:\Users\RUNNER~1\AppData\Local\Temp\SMT_key_quant1.props7880892098671555017.key 
523807     DEBUG Test worker     d.u.i.k.p.i.KeYFile       Reading KeY file C:\Users\RUNNER~1\AppData\Local\Temp\SMT_key_quant2.props5301271026993021107.key 
524642     DEBUG Test worker     d.u.i.k.p.i.KeYFile       Reading KeY file file:/D:/a/key/key/key.core/build/resources/main/de/uka/ilkd/key/java/JavaRedux/java/lang/String.key 
526338     DEBUG Test worker     d.u.i.k.p.i.IntermediateProofReplayer Proof replay took 6.5ns 
526338     DEBUG Test worker     d.u.i.k.p.i.KeYFile       Reading KeY file C:\Users\RUNNER~1\AppData\Local\Temp\SMT_key_quant2.props5301271026993021107.key 
526353     INFO  Test worker     d.u.i.k.s.n.MasterHandlerTest Test case has been marked ignore 
526353     INFO  Test worker     d.u.i.k.s.n.MasterHandlerTest Test case has been marked ignore 
526353     INFO  Test worker     d.u.i.k.s.n.MasterHandlerTest Test case has been marked ignore 
526353     INFO  Test worker     d.u.i.k.s.n.MasterHandlerTest Test case has been marked ignore 
526353     DEBUG Test worker     d.u.i.k.p.i.KeYFile       Reading KeY file C:\Users\RUNNER~1\AppData\Local\Temp\SMT_key_types1.props2529893700581014800.key 
527186     DEBUG Test worker     d.u.i.k.p.i.KeYFile       Reading KeY file file:/D:/a/key/key/key.core/build/resources/main/de/uka/ilkd/key/java/JavaRedux/java/lang/String.key 
528902     DEBUG Test worker     d.u.i.k.p.i.IntermediateProofReplayer Proof replay took 6.6ns 
528902     DEBUG Test worker     d.u.i.k.p.i.KeYFile       Reading KeY file C:\Users\RUNNER~1\AppData\Local\Temp\SMT_key_types1.props2529893700581014800.key 
528902     DEBUG Test worker     d.u.i.k.p.i.KeYFile       Reading KeY file C:\Users\RUNNER~1\AppData\Local\Temp\SMT_key_types2.props11617580237896292131.key 
529738     DEBUG Test worker     d.u.i.k.p.i.KeYFile       Reading KeY file file:/D:/a/key/key/key.core/build/resources/main/de/uka/ilkd/key/java/JavaRedux/java/lang/String.key 
531505     DEBUG Test worker     d.u.i.k.p.i.IntermediateProofReplayer Proof replay took 6.3ns 
531505     DEBUG Test worker     d.u.i.k.p.i.KeYFile       Reading KeY file C:\Users\RUNNER~1\AppData\Local\Temp\SMT_key_types2.props11617580237896292131.key 
531505     DEBUG Test worker     d.u.i.k.p.i.KeYFile       Reading KeY file C:\Users\RUNNER~1\AppData\Local\Temp\SMT_key_uninterpreted1.props10912444187492632722.key 
532286     DEBUG Test worker     d.u.i.k.p.i.KeYFile       Reading KeY file file:/D:/a/key/key/key.core/build/resources/main/de/uka/ilkd/key/java/JavaRedux/java/lang/String.key 
534063     DEBUG Test worker     d.u.i.k.p.i.IntermediateProofReplayer Proof replay took 7.5ns 
534063     DEBUG Test worker     d.u.i.k.p.i.KeYFile       Reading KeY file C:\Users\RUNNER~1\AppData\Local\Temp\SMT_key_uninterpreted1.props10912444187492632722.key 
534063     DEBUG Test worker     d.u.i.k.p.i.KeYFile       Reading KeY file C:\Users\RUNNER~1\AppData\Local\Temp\SMT_key_upd1.props10538815995028766389.key 
534829     DEBUG Test worker     d.u.i.k.p.i.KeYFile       Reading KeY file file:/D:/a/key/key/key.core/build/resources/main/de/uka/ilkd/key/java/JavaRedux/java/lang/String.key 
536606     DEBUG Test worker     d.u.i.k.p.i.IntermediateProofReplayer Proof replay took 6.4ns 
536606     DEBUG Test worker     d.u.i.k.p.i.KeYFile       Reading KeY file C:\Users\RUNNER~1\AppData\Local\Temp\SMT_key_upd1.props10538815995028766389.key 
536606     DEBUG Test worker     d.u.i.k.p.i.KeYFile       Reading KeY file C:\Users\RUNNER~1\AppData\Local\Temp\SMT_key_upd2.props12005876316036389393.key 
537445     DEBUG Test worker     d.u.i.k.p.i.KeYFile       Reading KeY file file:/D:/a/key/key/key.core/build/resources/main/de/uka/ilkd/key/java/JavaRedux/java/lang/String.key 
539153     DEBUG Test worker     d.u.i.k.p.i.IntermediateProofReplayer Proof replay took 6.5ns 
539153     DEBUG Test worker     d.u.i.k.p.i.KeYFile       Reading KeY file C:\Users\RUNNER~1\AppData\Local\Temp\SMT_key_upd2.props12005876316036389393.key 
539406     DEBUG Test worker     d.u.i.k.p.i.KeYFile       Reading KeY file C:\Users\RUNNER~1\AppData\Local\Temp\SMT_key_bool1.props1004590707277393311.key 
540255     DEBUG Test worker     d.u.i.k.p.i.KeYFile       Reading KeY file file:/D:/a/key/key/key.core/build/resources/main/de/uka/ilkd/key/java/JavaRedux/java/lang/String.key 
542012     DEBUG Test worker     d.u.i.k.p.i.IntermediateProofReplayer Proof replay took 6.4ns 
542012     DEBUG Test worker     d.u.i.k.p.i.KeYFile       Reading KeY file C:\Users\RUNNER~1\AppData\Local\Temp\SMT_key_bool1.props1004590707277393311.key 
542012     DEBUG Test worker     d.u.i.k.p.i.KeYFile       Reading KeY file C:\Users\RUNNER~1\AppData\Local\Temp\SMT_key_bool2.props5604436288819452360.key 
542800     DEBUG Test worker     d.u.i.k.p.i.KeYFile       Reading KeY file file:/D:/a/key/key/key.core/build/resources/main/de/uka/ilkd/key/java/JavaRedux/java/lang/String.key 
544561     DEBUG Test worker     d.u.i.k.p.i.IntermediateProofReplayer Proof replay took 6.9ns 
544561     DEBUG Test worker     d.u.i.k.p.i.KeYFile       Reading KeY file C:\Users\RUNNER~1\AppData\Local\Temp\SMT_key_bool2.props5604436288819452360.key 
544561     DEBUG Test worker     d.u.i.k.p.i.KeYFile       Reading KeY file C:\Users\RUNNER~1\AppData\Local\Temp\SMT_key_bool3.props12674182589195554798.key 
545396     DEBUG Test worker     d.u.i.k.p.i.KeYFile       Reading KeY file file:/D:/a/key/key/key.core/build/resources/main/de/uka/ilkd/key/java/JavaRedux/java/lang/String.key 
547093     DEBUG Test worker     d.u.i.k.p.i.IntermediateProofReplayer Proof replay took 6.3ns 
547093     DEBUG Test worker     d.u.i.k.p.i.KeYFile       Reading KeY file C:\Users\RUNNER~1\AppData\Local\Temp\SMT_key_bool3.props12674182589195554798.key 
547108     DEBUG Test worker     d.u.i.k.p.i.KeYFile       Reading KeY file C:\Users\RUNNER~1\AppData\Local\Temp\SMT_key_cast1.props8911724558066802214.key 
547936     DEBUG Test worker     d.u.i.k.p.i.KeYFile       Reading KeY file file:/D:/a/key/key/key.core/build/resources/main/de/uka/ilkd/key/java/JavaRedux/java/lang/String.key 
549695     DEBUG Test worker     d.u.i.k.p.i.IntermediateProofReplayer Proof replay took 6.5ns 
549695     DEBUG Test worker     d.u.i.k.p.i.KeYFile       Reading KeY file C:\Users\RUNNER~1\AppData\Local\Temp\SMT_key_cast1.props8911724558066802214.key 
549695     DEBUG Test worker     d.u.i.k.p.i.KeYFile       Reading KeY file C:\Users\RUNNER~1\AppData\Local\Temp\SMT_key_cast2.props16319206112199441988.key 
550470     DEBUG Test worker     d.u.i.k.p.i.KeYFile       Reading KeY file file:/D:/a/key/key/key.core/build/resources/main/de/uka/ilkd/key/java/JavaRedux/java/lang/String.key 
552237     DEBUG Test worker     d.u.i.k.p.i.IntermediateProofReplayer Proof replay took 38.4ns 
552237     DEBUG Test worker     d.u.i.k.p.i.KeYFile       Reading KeY file C:\Users\RUNNER~1\AppData\Local\Temp\SMT_key_cast2.props16319206112199441988.key 
552237     DEBUG Test worker     d.u.i.k.p.i.KeYFile       Reading KeY file C:\Users\RUNNER~1\AppData\Local\Temp\SMT_key_cast3.props15147382123533102213.key 
553073     DEBUG Test worker     d.u.i.k.p.i.KeYFile       Reading KeY file file:/D:/a/key/key/key.core/build/resources/main/de/uka/ilkd/key/java/JavaRedux/java/lang/String.key 
554827     DEBUG Test worker     d.u.i.k.p.i.IntermediateProofReplayer Proof replay took 6.1ns 
554827     DEBUG Test worker     d.u.i.k.p.i.KeYFile       Reading KeY file C:\Users\RUNNER~1\AppData\Local\Temp\SMT_key_cast3.props15147382123533102213.key 
554843     DEBUG Test worker     d.u.i.k.p.i.KeYFile       Reading KeY file C:\Users\RUNNER~1\AppData\Local\Temp\SMT_key_ex1.props1898383899349861635.key 
555612     DEBUG Test worker     d.u.i.k.p.i.KeYFile       Reading KeY file file:/D:/a/key/key/key.core/build/resources/main/de/uka/ilkd/key/java/JavaRedux/java/lang/String.key 
557368     DEBUG Test worker     d.u.i.k.p.i.IntermediateProofReplayer Proof replay took 6.2ns 
557368     DEBUG Test worker     d.u.i.k.p.i.KeYFile       Reading KeY file C:\Users\RUNNER~1\AppData\Local\Temp\SMT_key_ex1.props1898383899349861635.key 
557368     DEBUG Test worker     d.u.i.k.p.i.KeYFile       Reading KeY file C:\Users\RUNNER~1\AppData\Local\Temp\SMT_key_ex2.props10965302551756719423.key 
558197     DEBUG Test worker     d.u.i.k.p.i.KeYFile       Reading KeY file file:/D:/a/key/key/key.core/build/resources/main/de/uka/ilkd/key/java/JavaRedux/java/lang/String.key 
559964     DEBUG Test worker     d.u.i.k.p.i.IntermediateProofReplayer Proof replay took 6.8ns 
559964     DEBUG Test worker     d.u.i.k.p.i.KeYFile       Reading KeY file C:\Users\RUNNER~1\AppData\Local\Temp\SMT_key_ex2.props10965302551756719423.key 
559964     DEBUG Test worker     d.u.i.k.p.i.KeYFile       Reading KeY file C:\Users\RUNNER~1\AppData\Local\Temp\SMT_key_float.eq.props7706870259812650551.key 
560730     DEBUG Test worker     d.u.i.k.p.i.KeYFile       Reading KeY file file:/D:/a/key/key/key.core/build/resources/main/de/uka/ilkd/key/java/JavaRedux/java/lang/String.key 
562506     DEBUG Test worker     d.u.i.k.p.i.IntermediateProofReplayer Proof replay took 7.3ns 
562506     DEBUG Test worker     d.u.i.k.p.i.KeYFile       Reading KeY file C:\Users\RUNNER~1\AppData\Local\Temp\SMT_key_float.eq.props7706870259812650551.key 
562506     DEBUG Test worker     d.u.i.k.p.i.KeYFile       Reading KeY file C:\Users\RUNNER~1\AppData\Local\Temp\SMT_key_float.sinDouble.props6564845951331469643.key 
563332     DEBUG Test worker     d.u.i.k.p.i.KeYFile       Reading KeY file file:/D:/a/key/key/key.core/build/resources/main/de/uka/ilkd/key/java/JavaRedux/java/lang/String.key 
565098     DEBUG Test worker     d.u.i.k.p.i.IntermediateProofReplayer Proof replay took 6.9ns 
565098     DEBUG Test worker     d.u.i.k.p.i.KeYFile       Reading KeY file C:\Users\RUNNER~1\AppData\Local\Temp\SMT_key_float.sinDouble.props6564845951331469643.key 
565098     DEBUG Test worker     d.u.i.k.p.i.KeYFile       Reading KeY file C:\Users\RUNNER~1\AppData\Local\Temp\SMT_key_float.sqrt1.props15439977527910290776.key 
565864     DEBUG Test worker     d.u.i.k.p.i.KeYFile       Reading KeY file file:/D:/a/key/key/key.core/build/resources/main/de/uka/ilkd/key/java/JavaRedux/java/lang/String.key 
567621     DEBUG Test worker     d.u.i.k.p.i.IntermediateProofReplayer Proof replay took 6.8ns 
567621     DEBUG Test worker     d.u.i.k.p.i.KeYFile       Reading KeY file C:\Users\RUNNER~1\AppData\Local\Temp\SMT_key_float.sqrt1.props15439977527910290776.key 
567621     DEBUG Test worker     d.u.i.k.p.i.KeYFile       Reading KeY file C:\Users\RUNNER~1\AppData\Local\Temp\SMT_key_float.sqrt2.props10419642601313182526.key 
568457     DEBUG Test worker     d.u.i.k.p.i.KeYFile       Reading KeY file file:/D:/a/key/key/key.core/build/resources/main/de/uka/ilkd/key/java/JavaRedux/java/lang/String.key 
570208     DEBUG Test worker     d.u.i.k.p.i.IntermediateProofReplayer Proof replay took 6.6ns 
570208     DEBUG Test worker     d.u.i.k.p.i.KeYFile       Reading KeY file C:\Users\RUNNER~1\AppData\Local\Temp\SMT_key_float.sqrt2.props10419642601313182526.key 
570208     DEBUG Test worker     d.u.i.k.p.i.KeYFile       Reading KeY file C:\Users\RUNNER~1\AppData\Local\Temp\SMT_key_float1.props9282994614344447381.key 
571043     DEBUG Test worker     d.u.i.k.p.i.KeYFile       Reading KeY file file:/D:/a/key/key/key.core/build/resources/main/de/uka/ilkd/key/java/JavaRedux/java/lang/String.key 
572722     DEBUG Test worker     d.u.i.k.p.i.IntermediateProofReplayer Proof replay took 7.6ns 
572722     DEBUG Test worker     d.u.i.k.p.i.KeYFile       Reading KeY file C:\Users\RUNNER~1\AppData\Local\Temp\SMT_key_float1.props9282994614344447381.key 
572737     DEBUG Test worker     d.u.i.k.p.i.KeYFile       Reading KeY file C:\Users\RUNNER~1\AppData\Local\Temp\SMT_key_float2.props117789227907173027.key 
573577     DEBUG Test worker     d.u.i.k.p.i.KeYFile       Reading KeY file file:/D:/a/key/key/key.core/build/resources/main/de/uka/ilkd/key/java/JavaRedux/java/lang/String.key 
575320     DEBUG Test worker     d.u.i.k.p.i.IntermediateProofReplayer Proof replay took 6.5ns 
575320     DEBUG Test worker     d.u.i.k.p.i.KeYFile       Reading KeY file C:\Users\RUNNER~1\AppData\Local\Temp\SMT_key_float2.props117789227907173027.key 
575320     DEBUG Test worker     d.u.i.k.p.i.KeYFile       Reading KeY file C:\Users\RUNNER~1\AppData\Local\Temp\SMT_key_heap1.props13320357403531127168.key 
576152     DEBUG Test worker     d.u.i.k.p.i.KeYFile       Reading KeY file file:/D:/a/key/key/key.core/build/resources/main/de/uka/ilkd/key/java/JavaRedux/java/lang/String.key 
577906     DEBUG Test worker     d.u.i.k.p.i.IntermediateProofReplayer Proof replay took 6.5ns 
577906     DEBUG Test worker     d.u.i.k.p.i.KeYFile       Reading KeY file C:\Users\RUNNER~1\AppData\Local\Temp\SMT_key_heap1.props13320357403531127168.key 
577906     DEBUG Test worker     d.u.i.k.p.i.KeYFile       Reading KeY file C:\Users\RUNNER~1\AppData\Local\Temp\SMT_key_int1.props14664073262520968752.key 
578731     DEBUG Test worker     d.u.i.k.p.i.KeYFile       Reading KeY file file:/D:/a/key/key/key.core/build/resources/main/de/uka/ilkd/key/java/JavaRedux/java/lang/String.key 
580436     DEBUG Test worker     d.u.i.k.p.i.IntermediateProofReplayer Proof replay took 6.3ns 
580436     DEBUG Test worker     d.u.i.k.p.i.KeYFile       Reading KeY file C:\Users\RUNNER~1\AppData\Local\Temp\SMT_key_int1.props14664073262520968752.key 
580436     DEBUG Test worker     d.u.i.k.p.i.KeYFile       Reading KeY file C:\Users\RUNNER~1\AppData\Local\Temp\SMT_key_ite1.props5716038346358732319.key 
581264     DEBUG Test worker     d.u.i.k.p.i.KeYFile       Reading KeY file file:/D:/a/key/key/key.core/build/resources/main/de/uka/ilkd/key/java/JavaRedux/java/lang/String.key 
583008     DEBUG Test worker     d.u.i.k.p.i.IntermediateProofReplayer Proof replay took 6.9ns 
583008     DEBUG Test worker     d.u.i.k.p.i.KeYFile       Reading KeY file C:\Users\RUNNER~1\AppData\Local\Temp\SMT_key_ite1.props5716038346358732319.key 
583008     DEBUG Test worker     d.u.i.k.p.i.KeYFile       Reading KeY file C:\Users\RUNNER~1\AppData\Local\Temp\SMT_key_quant1.props5058585146211961609.key 
583845     DEBUG Test worker     d.u.i.k.p.i.KeYFile       Reading KeY file file:/D:/a/key/key/key.core/build/resources/main/de/uka/ilkd/key/java/JavaRedux/java/lang/String.key 
585588     DEBUG Test worker     d.u.i.k.p.i.IntermediateProofReplayer Proof replay took 6ns 
585588     DEBUG Test worker     d.u.i.k.p.i.KeYFile       Reading KeY file C:\Users\RUNNER~1\AppData\Local\Temp\SMT_key_quant1.props5058585146211961609.key 
585604     DEBUG Test worker     d.u.i.k.p.i.KeYFile       Reading KeY file C:\Users\RUNNER~1\AppData\Local\Temp\SMT_key_quant2.props9510279309894782202.key 
586424     DEBUG Test worker     d.u.i.k.p.i.KeYFile       Reading KeY file file:/D:/a/key/key/key.core/build/resources/main/de/uka/ilkd/key/java/JavaRedux/java/lang/String.key 
588178     DEBUG Test worker     d.u.i.k.p.i.IntermediateProofReplayer Proof replay took 6.9ns 
588178     DEBUG Test worker     d.u.i.k.p.i.KeYFile       Reading KeY file C:\Users\RUNNER~1\AppData\Local\Temp\SMT_key_quant2.props9510279309894782202.key 
588178     INFO  Test worker     d.u.i.k.s.n.MasterHandlerTest Test case has been marked ignore 
588178     INFO  Test worker     d.u.i.k.s.n.MasterHandlerTest Test case has been marked ignore 
588178     INFO  Test worker     d.u.i.k.s.n.MasterHandlerTest Test case has been marked ignore 
588178     INFO  Test worker     d.u.i.k.s.n.MasterHandlerTest Test case has been marked ignore 
588178     DEBUG Test worker     d.u.i.k.p.i.KeYFile       Reading KeY file C:\Users\RUNNER~1\AppData\Local\Temp\SMT_key_types1.props9037536475015153842.key 
588994     DEBUG Test worker     d.u.i.k.p.i.KeYFile       Reading KeY file file:/D:/a/key/key/key.core/build/resources/main/de/uka/ilkd/key/java/JavaRedux/java/lang/String.key 
590754     DEBUG Test worker     d.u.i.k.p.i.IntermediateProofReplayer Proof replay took 6ns 
590754     DEBUG Test worker     d.u.i.k.p.i.KeYFile       Reading KeY file C:\Users\RUNNER~1\AppData\Local\Temp\SMT_key_types1.props9037536475015153842.key 
590754     DEBUG Test worker     d.u.i.k.p.i.KeYFile       Reading KeY file C:\Users\RUNNER~1\AppData\Local\Temp\SMT_key_types2.props9054920395387843950.key 
591536     DEBUG Test worker     d.u.i.k.p.i.KeYFile       Reading KeY file file:/D:/a/key/key/key.core/build/resources/main/de/uka/ilkd/key/java/JavaRedux/java/lang/String.key 
593341     DEBUG Test worker     d.u.i.k.p.i.IntermediateProofReplayer Proof replay took 6.9ns 
593341     DEBUG Test worker     d.u.i.k.p.i.KeYFile       Reading KeY file C:\Users\RUNNER~1\AppData\Local\Temp\SMT_key_types2.props9054920395387843950.key 
593341     DEBUG Test worker     d.u.i.k.p.i.KeYFile       Reading KeY file C:\Users\RUNNER~1\AppData\Local\Temp\SMT_key_uninterpreted1.props8700400816827040192.key 
594123     DEBUG Test worker     d.u.i.k.p.i.KeYFile       Reading KeY file file:/D:/a/key/key/key.core/build/resources/main/de/uka/ilkd/key/java/JavaRedux/java/lang/String.key 
595864     DEBUG Test worker     d.u.i.k.p.i.IntermediateProofReplayer Proof replay took 7ns 
595864     DEBUG Test worker     d.u.i.k.p.i.KeYFile       Reading KeY file C:\Users\RUNNER~1\AppData\Local\Temp\SMT_key_uninterpreted1.props8700400816827040192.key 
595864     DEBUG Test worker     d.u.i.k.p.i.KeYFile       Reading KeY file C:\Users\RUNNER~1\AppData\Local\Temp\SMT_key_upd1.props1368170661685234382.key 
596699     DEBUG Test worker     d.u.i.k.p.i.KeYFile       Reading KeY file file:/D:/a/key/key/key.core/build/resources/main/de/uka/ilkd/key/java/JavaRedux/java/lang/String.key 
598440     DEBUG Test worker     d.u.i.k.p.i.IntermediateProofReplayer Proof replay took 6.5ns 
598440     DEBUG Test worker     d.u.i.k.p.i.KeYFile       Reading KeY file C:\Users\RUNNER~1\AppData\Local\Temp\SMT_key_upd1.props1368170661685234382.key 
598440     DEBUG Test worker     d.u.i.k.p.i.KeYFile       Reading KeY file C:\Users\RUNNER~1\AppData\Local\Temp\SMT_key_upd2.props4843883725789797277.key 
599278     DEBUG Test worker     d.u.i.k.p.i.KeYFile       Reading KeY file file:/D:/a/key/key/key.core/build/resources/main/de/uka/ilkd/key/java/JavaRedux/java/lang/String.key 
601027     DEBUG Test worker     d.u.i.k.p.i.IntermediateProofReplayer Proof replay took 6.1ns 
601027     DEBUG Test worker     d.u.i.k.p.i.KeYFile       Reading KeY file C:\Users\RUNNER~1\AppData\Local\Temp\SMT_key_upd2.props4843883725789797277.key 
601027     INFO  Test worker     d.u.i.k.s.n.MasterHandlerTest SMT2 for bool1.props  saved in: C:\Users\RUNNER~1\AppData\Local\Temp\SMT_key_bool1.props1220652413928780229.smt2 
601027     INFO  Test worker     d.u.i.k.s.n.MasterHandlerTest SMT2 for bool2.props  saved in: C:\Users\RUNNER~1\AppData\Local\Temp\SMT_key_bool2.props8365298679265742584.smt2 
601027     INFO  Test worker     d.u.i.k.s.n.MasterHandlerTest SMT2 for bool3.props  saved in: C:\Users\RUNNER~1\AppData\Local\Temp\SMT_key_bool3.props972511146727688766.smt2 
601027     INFO  Test worker     d.u.i.k.s.n.MasterHandlerTest SMT2 for cast1.props  saved in: C:\Users\RUNNER~1\AppData\Local\Temp\SMT_key_cast1.props8420810052600904748.smt2 
601027     INFO  Test worker     d.u.i.k.s.n.MasterHandlerTest SMT2 for cast2.props  saved in: C:\Users\RUNNER~1\AppData\Local\Temp\SMT_key_cast2.props2431653031248722116.smt2 
601043     INFO  Test worker     d.u.i.k.s.n.MasterHandlerTest SMT2 for cast3.props  saved in: C:\Users\RUNNER~1\AppData\Local\Temp\SMT_key_cast3.props11968426638209515497.smt2 
601043     INFO  Test worker     d.u.i.k.s.n.MasterHandlerTest SMT2 for ex1.props  saved in: C:\Users\RUNNER~1\AppData\Local\Temp\SMT_key_ex1.props1854226793416241359.smt2 
601043     INFO  Test worker     d.u.i.k.s.n.MasterHandlerTest SMT2 for ex2.props  saved in: C:\Users\RUNNER~1\AppData\Local\Temp\SMT_key_ex2.props18071778501617495640.smt2 
601043     INFO  Test worker     d.u.i.k.s.n.MasterHandlerTest SMT2 for float.eq.props  saved in: C:\Users\RUNNER~1\AppData\Local\Temp\SMT_key_float.eq.props14562334525872560893.smt2 
601043     INFO  Test worker     d.u.i.k.s.n.MasterHandlerTest SMT2 for float.sinDouble.props  saved in: C:\Users\RUNNER~1\AppData\Local\Temp\SMT_key_float.sinDouble.props11323494868535243095.smt2 
601043     INFO  Test worker     d.u.i.k.s.n.MasterHandlerTest SMT2 for float.sqrt1.props  saved in: C:\Users\RUNNER~1\AppData\Local\Temp\SMT_key_float.sqrt1.props9633309485273335108.smt2 
601043     INFO  Test worker     d.u.i.k.s.n.MasterHandlerTest SMT2 for float.sqrt2.props  saved in: C:\Users\RUNNER~1\AppData\Local\Temp\SMT_key_float.sqrt2.props6754032490827509867.smt2 
601043     INFO  Test worker     d.u.i.k.s.n.MasterHandlerTest SMT2 for float1.props  saved in: C:\Users\RUNNER~1\AppData\Local\Temp\SMT_key_float1.props9146162383238631996.smt2 
601043     INFO  Test worker     d.u.i.k.s.n.MasterHandlerTest SMT2 for float2.props  saved in: C:\Users\RUNNER~1\AppData\Local\Temp\SMT_key_float2.props9720169585138712.smt2 
601043     INFO  Test worker     d.u.i.k.s.n.MasterHandlerTest SMT2 for heap1.props  saved in: C:\Users\RUNNER~1\AppData\Local\Temp\SMT_key_heap1.props12769196201552200962.smt2 
601043     INFO  Test worker     d.u.i.k.s.n.MasterHandlerTest SMT2 for int1.props  saved in: C:\Users\RUNNER~1\AppData\Local\Temp\SMT_key_int1.props5898587848954845585.smt2 
601043     INFO  Test worker     d.u.i.k.s.n.MasterHandlerTest SMT2 for ite1.props  saved in: C:\Users\RUNNER~1\AppData\Local\Temp\SMT_key_ite1.props16097847922121086802.smt2 
601058     INFO  Test worker     d.u.i.k.s.n.MasterHandlerTest SMT2 for quant1.props  saved in: C:\Users\RUNNER~1\AppData\Local\Temp\SMT_key_quant1.props12602361702387020467.smt2 
601058     INFO  Test worker     d.u.i.k.s.n.MasterHandlerTest SMT2 for quant2.props  saved in: C:\Users\RUNNER~1\AppData\Local\Temp\SMT_key_quant2.props8675476136867864919.smt2 
601058     INFO  Test worker     d.u.i.k.s.n.MasterHandlerTest SMT2 for types1.props  saved in: C:\Users\RUNNER~1\AppData\Local\Temp\SMT_key_types1.props442652679544903402.smt2 
601058     INFO  Test worker     d.u.i.k.s.n.MasterHandlerTest SMT2 for types2.props  saved in: C:\Users\RUNNER~1\AppData\Local\Temp\SMT_key_types2.props11491032588237100624.smt2 
601058     INFO  Test worker     d.u.i.k.s.n.MasterHandlerTest SMT2 for uninterpreted1.props  saved in: C:\Users\RUNNER~1\AppData\Local\Temp\SMT_key_uninterpreted1.props8334494139416210751.smt2 
601058     INFO  Test worker     d.u.i.k.s.n.MasterHandlerTest SMT2 for upd1.props  saved in: C:\Users\RUNNER~1\AppData\Local\Temp\SMT_key_upd1.props12285682905639729189.smt2 
601058     INFO  Test worker     d.u.i.k.s.n.MasterHandlerTest SMT2 for upd2.props  saved in: C:\Users\RUNNER~1\AppData\Local\Temp\SMT_key_upd2.props11366445095125280660.smt2 
]]></system-out>
  <system-err><![CDATA[]]></system-err>
</testsuite>
