<?xml version="1.0" encoding="UTF-8"?>
<testsuite name="de.uka.ilkd.key.parser.TestDeclParser" tests="14" skipped="2" failures="0" errors="0" timestamp="2023-04-18T10:56:45" hostname="fv-az269-753" time="9.779">
  <properties/>
  <testcase name="testGenericSortDecl1()" classname="de.uka.ilkd.key.parser.TestDeclParser" time="0.921"/>
  <testcase name="testGenericSortDecl2()" classname="de.uka.ilkd.key.parser.TestDeclParser" time="0.813"/>
  <testcase name="testGenericSortDecl3()" classname="de.uka.ilkd.key.parser.TestDeclParser" time="0.799"/>
  <testcase name="testGenericSortDecl4()" classname="de.uka.ilkd.key.parser.TestDeclParser" time="0.811"/>
  <testcase name="testGenericSortDecl5()" classname="de.uka.ilkd.key.parser.TestDeclParser" time="0.0">
    <skipped/>
  </testcase>
  <testcase name="testGenericSortDecl6()" classname="de.uka.ilkd.key.parser.TestDeclParser" time="0.813"/>
  <testcase name="testSortDecl()" classname="de.uka.ilkd.key.parser.TestDeclParser" time="0.808"/>
  <testcase name="testProxySortDecl()" classname="de.uka.ilkd.key.parser.TestDeclParser" time="0.823"/>
  <testcase name="testArrayDecl()" classname="de.uka.ilkd.key.parser.TestDeclParser" time="0.766"/>
  <testcase name="testAmbiguousDecls()" classname="de.uka.ilkd.key.parser.TestDeclParser" time="0.0">
    <skipped/>
  </testcase>
  <testcase name="testHeurDecl()" classname="de.uka.ilkd.key.parser.TestDeclParser" time="0.806"/>
  <testcase name="testFunctionDecl()" classname="de.uka.ilkd.key.parser.TestDeclParser" time="0.81"/>
  <testcase name="testPredicateDecl()" classname="de.uka.ilkd.key.parser.TestDeclParser" time="0.798"/>
  <testcase name="testSVDecl()" classname="de.uka.ilkd.key.parser.TestDeclParser" time="0.807"/>
  <system-out><![CDATA[189817     INFO  Test worker     d.u.i.k.n.KeyIO           Parsing took 0 ms 
189817     DEBUG Test worker     d.u.i.k.n.KeyIO           Load declarations of de.uka.ilkd.key.nparser.KeyAst$File:  <unknown>:1#1 
189817     INFO  Test worker     d.u.i.k.n.KeyIO           MODE: declarations took 0 ms 
189817     DEBUG Test worker     d.u.i.k.n.KeyIO           MODE: 2nd degree decls took 0 
189817     DEBUG Test worker     d.u.i.k.n.KeyIO           MODE: taclets took 0ms 
190618     INFO  Test worker     d.u.i.k.n.KeyIO           Parsing took 0 ms 
190618     DEBUG Test worker     d.u.i.k.n.KeyIO           Load declarations of de.uka.ilkd.key.nparser.KeyAst$File:  <unknown>:1#1 
190618     INFO  Test worker     d.u.i.k.n.KeyIO           MODE: declarations took 0 ms 
190618     DEBUG Test worker     d.u.i.k.n.KeyIO           MODE: 2nd degree decls took 0 
190618     DEBUG Test worker     d.u.i.k.n.KeyIO           MODE: taclets took 0ms 
191430     INFO  Test worker     d.u.i.k.n.KeyIO           Parsing took 0 ms 
191430     DEBUG Test worker     d.u.i.k.n.KeyIO           Load declarations of de.uka.ilkd.key.nparser.KeyAst$File:  <unknown>:1#1 
191430     INFO  Test worker     d.u.i.k.n.KeyIO           MODE: declarations took 0 ms 
191430     DEBUG Test worker     d.u.i.k.n.KeyIO           MODE: 2nd degree decls took 0 
191430     DEBUG Test worker     d.u.i.k.n.KeyIO           MODE: taclets took 0ms 
192248     INFO  Test worker     d.u.i.k.n.KeyIO           Parsing took 0 ms 
192248     DEBUG Test worker     d.u.i.k.n.KeyIO           Load declarations of de.uka.ilkd.key.nparser.KeyAst$File:  <unknown>:1#1 
192248     INFO  Test worker     d.u.i.k.n.KeyIO           MODE: declarations took 0 ms 
192248     DEBUG Test worker     d.u.i.k.n.KeyIO           MODE: 2nd degree decls took 0 
192248     DEBUG Test worker     d.u.i.k.n.KeyIO           MODE: taclets took 0ms 
193051     INFO  Test worker     d.u.i.k.n.KeyIO           Parsing took 0 ms 
193051     DEBUG Test worker     d.u.i.k.n.KeyIO           Load declarations of de.uka.ilkd.key.nparser.KeyAst$File:  <unknown>:1#1 
193051     INFO  Test worker     d.u.i.k.n.KeyIO           MODE: declarations took 0 ms 
193051     DEBUG Test worker     d.u.i.k.n.KeyIO           MODE: 2nd degree decls took 0 
193067     DEBUG Test worker     d.u.i.k.n.KeyIO           MODE: taclets took 0ms 
193872     INFO  Test worker     d.u.i.k.n.KeyIO           Parsing took 0 ms 
193872     DEBUG Test worker     d.u.i.k.n.KeyIO           Load declarations of de.uka.ilkd.key.nparser.KeyAst$File:  <unknown>:1#1 
193872     INFO  Test worker     d.u.i.k.n.KeyIO           MODE: declarations took 0 ms 
193872     DEBUG Test worker     d.u.i.k.n.KeyIO           MODE: 2nd degree decls took 0 
193872     DEBUG Test worker     d.u.i.k.n.KeyIO           MODE: taclets took 0ms 
194686     INFO  Test worker     d.u.i.k.n.KeyIO           Parsing took 0 ms 
194686     DEBUG Test worker     d.u.i.k.n.KeyIO           Load declarations of de.uka.ilkd.key.nparser.KeyAst$File:  <unknown>:1#1 
194686     INFO  Test worker     d.u.i.k.n.KeyIO           MODE: declarations took 0 ms 
194686     DEBUG Test worker     d.u.i.k.n.KeyIO           MODE: 2nd degree decls took 0 
194686     DEBUG Test worker     d.u.i.k.n.KeyIO           MODE: taclets took 0ms 
195452     INFO  Test worker     d.u.i.k.n.KeyIO           Parsing took 0 ms 
195452     DEBUG Test worker     d.u.i.k.n.KeyIO           Load declarations of de.uka.ilkd.key.nparser.KeyAst$File:  <unknown>:1#1 
195452     INFO  Test worker     d.u.i.k.n.KeyIO           MODE: declarations took 0 ms 
195452     DEBUG Test worker     d.u.i.k.n.KeyIO           MODE: 2nd degree decls took 0 
195452     DEBUG Test worker     d.u.i.k.n.KeyIO           MODE: taclets took 0ms 
196249     INFO  Test worker     d.u.i.k.n.KeyIO           Parsing took 0 ms 
196249     DEBUG Test worker     d.u.i.k.n.KeyIO           Load declarations of de.uka.ilkd.key.nparser.KeyAst$File:  <unknown>:1#1 
196249     INFO  Test worker     d.u.i.k.n.KeyIO           MODE: declarations took 0 ms 
196249     DEBUG Test worker     d.u.i.k.n.KeyIO           MODE: 2nd degree decls took 0 
196249     DEBUG Test worker     d.u.i.k.n.KeyIO           MODE: taclets took 0ms 
197066     INFO  Test worker     d.u.i.k.n.KeyIO           Parsing took 0 ms 
197066     DEBUG Test worker     d.u.i.k.n.KeyIO           Load declarations of de.uka.ilkd.key.nparser.KeyAst$File:  <unknown>:1#1 
197066     INFO  Test worker     d.u.i.k.n.KeyIO           MODE: declarations took 0 ms 
197066     DEBUG Test worker     d.u.i.k.n.KeyIO           MODE: 2nd degree decls took 0 
197066     DEBUG Test worker     d.u.i.k.n.KeyIO           MODE: taclets took 0ms 
197868     INFO  Test worker     d.u.i.k.n.KeyIO           Parsing took 0 ms 
197868     DEBUG Test worker     d.u.i.k.n.KeyIO           Load declarations of de.uka.ilkd.key.nparser.KeyAst$File:  <unknown>:1#1 
197868     INFO  Test worker     d.u.i.k.n.KeyIO           MODE: declarations took 0 ms 
197868     DEBUG Test worker     d.u.i.k.n.KeyIO           MODE: 2nd degree decls took 0 
197868     DEBUG Test worker     d.u.i.k.n.KeyIO           MODE: taclets took 0ms 
198688     INFO  Test worker     d.u.i.k.n.KeyIO           Parsing took 0 ms 
198688     DEBUG Test worker     d.u.i.k.n.KeyIO           Load declarations of de.uka.ilkd.key.nparser.KeyAst$File:  <unknown>:1#1 
198688     INFO  Test worker     d.u.i.k.n.KeyIO           MODE: declarations took 0 ms 
198688     DEBUG Test worker     d.u.i.k.n.KeyIO           MODE: 2nd degree decls took 0 
198688     DEBUG Test worker     d.u.i.k.n.KeyIO           MODE: taclets took 0ms 
]]></system-out>
  <system-err><![CDATA[]]></system-err>
</testsuite>
