<?xml version="1.0" encoding="UTF-8"?>
<testsuite name="de.uka.ilkd.key.taclettranslation.lemma.TestGenericRemovingLemmaGenerator" tests="1" skipped="0" failures="0" errors="0" timestamp="2023-04-18T11:05:18" hostname="fv-az269-753" time="0.006">
  <properties/>
  <testcase name="testRemovingGenericSorts()" classname="de.uka.ilkd.key.taclettranslation.lemma.TestGenericRemovingLemmaGenerator" time="0.006"/>
  <system-out><![CDATA[]]></system-out>
  <system-err><![CDATA[]]></system-err>
</testsuite>
