<?xml version="1.0" encoding="UTF-8"?>
<testsuite name="de.uka.ilkd.key.parser.TestTermParserSorts" tests="2" skipped="0" failures="0" errors="0" timestamp="2023-04-18T01:42:49" hostname="fv-az254-795" time="3.117">
  <properties/>
  <testcase name="testParseIntegerArgs()" classname="de.uka.ilkd.key.parser.TestTermParserSorts" time="0.014"/>
  <testcase name="testParseSequencePrettySyntax()" classname="de.uka.ilkd.key.parser.TestTermParserSorts" time="0.001"/>
  <system-out><![CDATA[445619     INFO  Test worker     d.u.i.k.n.KeyIO           Parsing took 0 ms 
445619     INFO  Test worker     d.u.i.k.n.KeyIO           MODE: declarations took 0 ms 
445619     INFO  Test worker     d.u.i.k.n.KeyIO           Parsing took 0 ms 
445620     INFO  Test worker     d.u.i.k.n.KeyIO           MODE: declarations took 0 ms 
445620     INFO  Test worker     d.u.i.k.n.KeyIO           Parsing took 0 ms 
445620     INFO  Test worker     d.u.i.k.n.KeyIO           MODE: declarations took 0 ms 
448735     INFO  Test worker     d.u.i.k.n.KeyIO           Parsing took 0 ms 
448735     INFO  Test worker     d.u.i.k.n.KeyIO           MODE: declarations took 0 ms 
448735     INFO  Test worker     d.u.i.k.n.KeyIO           Parsing took 0 ms 
448735     INFO  Test worker     d.u.i.k.n.KeyIO           MODE: declarations took 0 ms 
448735     INFO  Test worker     d.u.i.k.n.KeyIO           Parsing took 0 ms 
448735     INFO  Test worker     d.u.i.k.n.KeyIO           MODE: declarations took 0 ms 
]]></system-out>
  <system-err><![CDATA[]]></system-err>
</testsuite>
