<?xml version="1.0" encoding="UTF-8"?>
<testsuite name="de.uka.ilkd.key.nparser.ExprTest" tests="23" skipped="0" failures="0" errors="0" timestamp="2023-04-18T01:38:51" hostname="fv-az254-795" time="2.385">
  <properties/>
  <testcase name="[1] (bprod{int y;}(1, 2, y) = 0)" classname="de.uka.ilkd.key.nparser.ExprTest" time="0.028"/>
  <testcase name="[2] 1 = 1 -&gt; 2 = 2" classname="de.uka.ilkd.key.nparser.ExprTest" time="0.021"/>
  <testcase name="[3] \&lt; { int x = 1; } \&gt; x=1" classname="de.uka.ilkd.key.nparser.ExprTest" time="0.961"/>
  <testcase name="[4] \&lt;{ int x = 1; {int s = 2;} }\&gt; x=x" classname="de.uka.ilkd.key.nparser.ExprTest" time="1.038"/>
  <testcase name="[5] true" classname="de.uka.ilkd.key.nparser.ExprTest" time="0.012"/>
  <testcase name="[6] true &amp; false" classname="de.uka.ilkd.key.nparser.ExprTest" time="0.014"/>
  <testcase name="[7] 0" classname="de.uka.ilkd.key.nparser.ExprTest" time="0.012"/>
  <testcase name="[8] 1" classname="de.uka.ilkd.key.nparser.ExprTest" time="0.014"/>
  <testcase name="[9] 42" classname="de.uka.ilkd.key.nparser.ExprTest" time="0.012"/>
  <testcase name="[10] -5" classname="de.uka.ilkd.key.nparser.ExprTest" time="0.011"/>
  <testcase name="[11] 1 + 1 = 2" classname="de.uka.ilkd.key.nparser.ExprTest" time="0.013"/>
  <testcase name="[12] \if (3=4) \then (1) \else (2)" classname="de.uka.ilkd.key.nparser.ExprTest" time="0.012"/>
  <testcase name="[13] \if (3=4 &amp; 1=1) \then (\if (3=4) \then (1) \else (2)) \else (2)" classname="de.uka.ilkd.key.nparser.ExprTest" time="0.013"/>
  <testcase name="[14] aa + bb*cc" classname="de.uka.ilkd.key.nparser.ExprTest" time="0.033"/>
  <testcase name="[15] aa%bb*cc &lt; -123" classname="de.uka.ilkd.key.nparser.ExprTest" time="0.018"/>
  <testcase name="[16] \forall int x; true" classname="de.uka.ilkd.key.nparser.ExprTest" time="0.016"/>
  <testcase name="[17] \forall numbers x; x = x" classname="de.uka.ilkd.key.nparser.ExprTest" time="0.022"/>
  <testcase name="[18] (int)3+2" classname="de.uka.ilkd.key.nparser.ExprTest" time="0.016"/>
  <testcase name="[19] 1.f + 1f = 20e-1f * (2f-1f)" classname="de.uka.ilkd.key.nparser.ExprTest" time="0.027"/>
  <testcase name="[20] 1.d + 1d &lt;= 20e+1d * .01d" classname="de.uka.ilkd.key.nparser.ExprTest" time="0.015"/>
  <testcase name="[21] 1f &lt;= 2f" classname="de.uka.ilkd.key.nparser.ExprTest" time="0.013"/>
  <testcase name="[22] 2d &gt; 1d" classname="de.uka.ilkd.key.nparser.ExprTest" time="0.015"/>
  <testcase name="[23] seqEmpty + seqEmpty" classname="de.uka.ilkd.key.nparser.ExprTest" time="0.02"/>
  <system-out><![CDATA[207624     INFO  Test worker     d.u.i.k.n.KeyIO           Parsing took 19 ms 
207626     INFO  Test worker     d.u.i.k.n.KeyIO           MODE: declarations took 1 ms 
207629     INFO  Test worker     d.u.i.k.n.ExprTest        Term: equals(bprod{y:int}(Z(1(#)),Z(2(#)),y),Z(0(#))) 
207648     INFO  Test worker     d.u.i.k.n.KeyIO           Parsing took 15 ms 
207650     INFO  Test worker     d.u.i.k.n.KeyIO           MODE: declarations took 1 ms 
207652     INFO  Test worker     d.u.i.k.n.ExprTest        Term: imp(equals(Z(1(#)),Z(1(#))),equals(Z(2(#)),Z(2(#)))) 
207665     INFO  Test worker     d.u.i.k.n.KeyIO           Parsing took 10 ms 
207666     INFO  Test worker     d.u.i.k.n.KeyIO           MODE: declarations took 1 ms 
208613     INFO  Test worker     d.u.i.k.n.ExprTest        Term: \<{
  int x = 1;
}\> (equals(x,Z(1(#)))) 
208624     INFO  Test worker     d.u.i.k.n.KeyIO           Parsing took 8 ms 
208625     INFO  Test worker     d.u.i.k.n.KeyIO           MODE: declarations took 1 ms 
209652     INFO  Test worker     d.u.i.k.n.ExprTest        Term: \<{
  int x = 1;
  {
    int s = 2;
  }
}\> (equals(x,x)) 
209662     INFO  Test worker     d.u.i.k.n.KeyIO           Parsing took 8 ms 
209663     INFO  Test worker     d.u.i.k.n.KeyIO           MODE: declarations took 1 ms 
209665     INFO  Test worker     d.u.i.k.n.ExprTest        Term: true 
209678     INFO  Test worker     d.u.i.k.n.KeyIO           Parsing took 8 ms 
209679     INFO  Test worker     d.u.i.k.n.KeyIO           MODE: declarations took 1 ms 
209682     INFO  Test worker     d.u.i.k.n.ExprTest        Term: and(true,false) 
209691     INFO  Test worker     d.u.i.k.n.KeyIO           Parsing took 7 ms 
209692     INFO  Test worker     d.u.i.k.n.KeyIO           MODE: declarations took 1 ms 
209694     INFO  Test worker     d.u.i.k.n.ExprTest        Term: Z(0(#)) 
209705     INFO  Test worker     d.u.i.k.n.KeyIO           Parsing took 9 ms 
209707     INFO  Test worker     d.u.i.k.n.KeyIO           MODE: declarations took 2 ms 
209709     INFO  Test worker     d.u.i.k.n.ExprTest        Term: Z(1(#)) 
209719     INFO  Test worker     d.u.i.k.n.KeyIO           Parsing took 8 ms 
209720     INFO  Test worker     d.u.i.k.n.KeyIO           MODE: declarations took 1 ms 
209722     INFO  Test worker     d.u.i.k.n.ExprTest        Term: Z(2(4(#))) 
209731     INFO  Test worker     d.u.i.k.n.KeyIO           Parsing took 7 ms 
209732     INFO  Test worker     d.u.i.k.n.KeyIO           MODE: declarations took 0 ms 
209734     INFO  Test worker     d.u.i.k.n.ExprTest        Term: Z(neglit(5(#))) 
209744     INFO  Test worker     d.u.i.k.n.KeyIO           Parsing took 8 ms 
209745     INFO  Test worker     d.u.i.k.n.KeyIO           MODE: declarations took 1 ms 
209748     INFO  Test worker     d.u.i.k.n.ExprTest        Term: equals(add(Z(1(#)),Z(1(#))),Z(2(#))) 
209757     INFO  Test worker     d.u.i.k.n.KeyIO           Parsing took 7 ms 
209758     INFO  Test worker     d.u.i.k.n.KeyIO           MODE: declarations took 1 ms 
209760     INFO  Test worker     d.u.i.k.n.ExprTest        Term: if-then-else(equals(Z(3(#)),Z(4(#))),Z(1(#)),Z(2(#))) 
209770     INFO  Test worker     d.u.i.k.n.KeyIO           Parsing took 8 ms 
209771     INFO  Test worker     d.u.i.k.n.KeyIO           MODE: declarations took 1 ms 
209773     INFO  Test worker     d.u.i.k.n.ExprTest        Term: if-then-else(and(equals(Z(3(#)),Z(4(#))),equals(Z(1(#)),Z(1(#)))),if-then-else(equals(Z(3(#)),Z(4(#))),Z(1(#)),Z(2(#))),Z(2(#))) 
209787     INFO  Test worker     d.u.i.k.n.KeyIO           Parsing took 11 ms 
209796     INFO  Test worker     d.u.i.k.n.KeyIO           MODE: declarations took 6 ms 
209798     INFO  Test worker     d.u.i.k.n.ExprTest        Term: add(aa,mul(bb,cc)) 
209821     INFO  Test worker     d.u.i.k.n.KeyIO           Parsing took 9 ms 
209824     INFO  Test worker     d.u.i.k.n.KeyIO           MODE: declarations took 2 ms 
209827     INFO  Test worker     d.u.i.k.n.ExprTest        Term: lt(mul(mod(aa,bb),cc),Z(neglit(3(2(1(#)))))) 
209840     INFO  Test worker     d.u.i.k.n.KeyIO           Parsing took 8 ms 
209841     INFO  Test worker     d.u.i.k.n.KeyIO           MODE: declarations took 0 ms 
209845     INFO  Test worker     d.u.i.k.n.ExprTest        Term: all{x:int}(true) 
209860     INFO  Test worker     d.u.i.k.n.KeyIO           Parsing took 10 ms 
209863     INFO  Test worker     d.u.i.k.n.KeyIO           MODE: declarations took 0 ms 
209870     INFO  Test worker     d.u.i.k.n.ExprTest        Term: all{x:numbers}(equals(x,x)) 
209883     INFO  Test worker     d.u.i.k.n.KeyIO           Parsing took 8 ms 
209886     INFO  Test worker     d.u.i.k.n.KeyIO           MODE: declarations took 1 ms 
209888     INFO  Test worker     d.u.i.k.n.ExprTest        Term: add(int::cast(Z(3(#))),Z(2(#))) 
209909     INFO  Test worker     d.u.i.k.n.KeyIO           Parsing took 14 ms 
209910     INFO  Test worker     d.u.i.k.n.KeyIO           MODE: declarations took 1 ms 
209914     INFO  Test worker     d.u.i.k.n.ExprTest        Term: equals(addFloat(FP(6(1(2(3(5(3(5(6(0(1(#))))))))))),FP(6(1(2(3(5(3(5(6(0(1(#)))))))))))),mulFloat(FP(4(2(8(1(4(7(3(7(0(1(#))))))))))),subFloat(FP(4(2(8(1(4(7(3(7(0(1(#))))))))))),FP(6(1(2(3(5(3(5(6(0(1(#)))))))))))))) 
209928     INFO  Test worker     d.u.i.k.n.KeyIO           Parsing took 7 ms 
209930     INFO  Test worker     d.u.i.k.n.KeyIO           MODE: declarations took 1 ms 
209933     INFO  Test worker     d.u.i.k.n.ExprTest        Term: leqDouble(addDouble(DFP(8(0(4(7(1(0(0(0(8(8(1(4(2(8(1(7(0(6(4(#)))))))))))))))))))),DFP(8(0(4(7(1(0(0(0(8(8(1(4(2(8(1(7(0(6(4(#))))))))))))))))))))),mulDouble(DFP(4(8(7(6(0(0(2(8(9(0(9(8(0(4(2(1(4(6(4(#)))))))))))))))))))),DFP(5(7(6(7(8(0(4(0(3(9(2(2(8(1(9(6(7(5(4(#)))))))))))))))))))))) 
209945     INFO  Test worker     d.u.i.k.n.KeyIO           Parsing took 8 ms 
209946     INFO  Test worker     d.u.i.k.n.KeyIO           MODE: declarations took 1 ms 
209948     INFO  Test worker     d.u.i.k.n.ExprTest        Term: leqFloat(FP(6(1(2(3(5(3(5(6(0(1(#))))))))))),FP(4(2(8(1(4(7(3(7(0(1(#)))))))))))) 
209959     INFO  Test worker     d.u.i.k.n.KeyIO           Parsing took 7 ms 
209962     INFO  Test worker     d.u.i.k.n.KeyIO           MODE: declarations took 0 ms 
209965     INFO  Test worker     d.u.i.k.n.ExprTest        Term: gtDouble(DFP(4(0(9(7(8(3(7(2(4(8(1(0(6(8(6(1(1(6(4(#)))))))))))))))))))),DFP(8(0(4(7(1(0(0(0(8(8(1(4(2(8(1(7(0(6(4(#))))))))))))))))))))) 
209979     INFO  Test worker     d.u.i.k.n.KeyIO           Parsing took 10 ms 
209983     INFO  Test worker     d.u.i.k.n.KeyIO           MODE: declarations took 1 ms 
209986     INFO  Test worker     d.u.i.k.n.ExprTest        Term: seqConcat(seqEmpty,seqEmpty) 
]]></system-out>
  <system-err><![CDATA[]]></system-err>
</testsuite>
