<?xml version="1.0" encoding="UTF-8"?>
<testsuite name="de.uka.ilkd.key.logic.TestClashFreeSubst" tests="14" skipped="2" failures="0" errors="0" timestamp="2023-04-18T01:36:00" hostname="fv-az254-795" time="53.588">
  <properties/>
  <testcase name="testMultiShareBound()" classname="de.uka.ilkd.key.logic.TestClashFreeSubst" time="1.037"/>
  <testcase name="testClash()" classname="de.uka.ilkd.key.logic.TestClashFreeSubst" time="1.154"/>
  <testcase name="testShare()" classname="de.uka.ilkd.key.logic.TestClashFreeSubst" time="1.004"/>
  <testcase name="testSubst()" classname="de.uka.ilkd.key.logic.TestClashFreeSubst" time="0.988"/>
  <testcase name="testWary0()" classname="de.uka.ilkd.key.logic.TestClashFreeSubst" time="1.06"/>
  <testcase name="testWary1()" classname="de.uka.ilkd.key.logic.TestClashFreeSubst" time="0.977"/>
  <testcase name="testWary2()" classname="de.uka.ilkd.key.logic.TestClashFreeSubst" time="1.014"/>
  <testcase name="testClashInSubstTerm()" classname="de.uka.ilkd.key.logic.TestClashFreeSubst" time="0.98"/>
  <testcase name="testShareWary()" classname="de.uka.ilkd.key.logic.TestClashFreeSubst" time="0.919"/>
  <testcase name="testMultiSubst()" classname="de.uka.ilkd.key.logic.TestClashFreeSubst" time="0.967"/>
  <testcase name="xtestMultiClash()" classname="de.uka.ilkd.key.logic.TestClashFreeSubst" time="0.0">
    <skipped/>
  </testcase>
  <testcase name="testSubstInSubstTerm()" classname="de.uka.ilkd.key.logic.TestClashFreeSubst" time="0.885"/>
  <testcase name="testSubstWary()" classname="de.uka.ilkd.key.logic.TestClashFreeSubst" time="0.888"/>
  <testcase name="xtestMultiClash1()" classname="de.uka.ilkd.key.logic.TestClashFreeSubst" time="0.0">
    <skipped/>
  </testcase>
  <system-out><![CDATA[36960      INFO  Test worker     d.u.i.k.n.KeyIO           Parsing took 0 ms 
36961      INFO  Test worker     d.u.i.k.n.KeyIO           MODE: declarations took 0 ms 
37992      INFO  Test worker     d.u.i.k.n.KeyIO           Parsing took 0 ms 
37993      INFO  Test worker     d.u.i.k.n.KeyIO           MODE: declarations took 1 ms 
41580      INFO  Test worker     d.u.i.k.n.KeyIO           Parsing took 0 ms 
41582      INFO  Test worker     d.u.i.k.n.KeyIO           MODE: declarations took 0 ms 
42720      INFO  Test worker     d.u.i.k.n.KeyIO           Parsing took 0 ms 
42722      INFO  Test worker     d.u.i.k.n.KeyIO           MODE: declarations took 1 ms 
46219      INFO  Test worker     d.u.i.k.n.KeyIO           Parsing took 0 ms 
46220      INFO  Test worker     d.u.i.k.n.KeyIO           MODE: declarations took 0 ms 
47219      INFO  Test worker     d.u.i.k.n.KeyIO           Parsing took 0 ms 
47220      INFO  Test worker     d.u.i.k.n.KeyIO           MODE: declarations took 0 ms 
50561      INFO  Test worker     d.u.i.k.n.KeyIO           Parsing took 0 ms 
50562      INFO  Test worker     d.u.i.k.n.KeyIO           MODE: declarations took 1 ms 
51547      INFO  Test worker     d.u.i.k.n.KeyIO           Parsing took 0 ms 
51547      INFO  Test worker     d.u.i.k.n.KeyIO           MODE: declarations took 0 ms 
54734      INFO  Test worker     d.u.i.k.n.KeyIO           Parsing took 0 ms 
54735      INFO  Test worker     d.u.i.k.n.KeyIO           MODE: declarations took 0 ms 
55791      INFO  Test worker     d.u.i.k.n.KeyIO           Parsing took 1 ms 
55791      INFO  Test worker     d.u.i.k.n.KeyIO           MODE: declarations took 0 ms 
59209      INFO  Test worker     d.u.i.k.n.KeyIO           Parsing took 0 ms 
59210      INFO  Test worker     d.u.i.k.n.KeyIO           MODE: declarations took 1 ms 
60181      INFO  Test worker     d.u.i.k.n.KeyIO           Parsing took 0 ms 
60182      INFO  Test worker     d.u.i.k.n.KeyIO           MODE: declarations took 0 ms 
63477      INFO  Test worker     d.u.i.k.n.KeyIO           Parsing took 0 ms 
63478      INFO  Test worker     d.u.i.k.n.KeyIO           MODE: declarations took 0 ms 
64487      INFO  Test worker     d.u.i.k.n.KeyIO           Parsing took 0 ms 
64487      INFO  Test worker     d.u.i.k.n.KeyIO           MODE: declarations took 0 ms 
67895      INFO  Test worker     d.u.i.k.n.KeyIO           Parsing took 0 ms 
67896      INFO  Test worker     d.u.i.k.n.KeyIO           MODE: declarations took 1 ms 
68870      INFO  Test worker     d.u.i.k.n.KeyIO           Parsing took 0 ms 
68871      INFO  Test worker     d.u.i.k.n.KeyIO           MODE: declarations took 0 ms 
72055      INFO  Test worker     d.u.i.k.n.KeyIO           Parsing took 0 ms 
72057      INFO  Test worker     d.u.i.k.n.KeyIO           MODE: declarations took 0 ms 
72970      INFO  Test worker     d.u.i.k.n.KeyIO           Parsing took 0 ms 
72971      INFO  Test worker     d.u.i.k.n.KeyIO           MODE: declarations took 1 ms 
75988      INFO  Test worker     d.u.i.k.n.KeyIO           Parsing took 0 ms 
75988      INFO  Test worker     d.u.i.k.n.KeyIO           MODE: declarations took 0 ms 
76953      INFO  Test worker     d.u.i.k.n.KeyIO           Parsing took 1 ms 
76953      INFO  Test worker     d.u.i.k.n.KeyIO           MODE: declarations took 0 ms 
82866      INFO  Test worker     d.u.i.k.n.KeyIO           Parsing took 0 ms 
82876      INFO  Test worker     d.u.i.k.n.KeyIO           MODE: declarations took 1 ms 
83737      INFO  Test worker     d.u.i.k.n.KeyIO           Parsing took 0 ms 
83738      INFO  Test worker     d.u.i.k.n.KeyIO           MODE: declarations took 0 ms 
86700      INFO  Test worker     d.u.i.k.n.KeyIO           Parsing took 0 ms 
86700      INFO  Test worker     d.u.i.k.n.KeyIO           MODE: declarations took 0 ms 
87584      INFO  Test worker     d.u.i.k.n.KeyIO           Parsing took 0 ms 
87585      INFO  Test worker     d.u.i.k.n.KeyIO           MODE: declarations took 0 ms 
]]></system-out>
  <system-err><![CDATA[]]></system-err>
</testsuite>
