<?xml version="1.0" encoding="UTF-8"?>
<testsuite name="de.uka.ilkd.key.parser.TestDeclParser" tests="14" skipped="2" failures="0" errors="0" timestamp="2023-04-18T01:39:04" hostname="fv-az254-795" time="11.696">
  <properties/>
  <testcase name="testGenericSortDecl1()" classname="de.uka.ilkd.key.parser.TestDeclParser" time="0.954"/>
  <testcase name="testGenericSortDecl2()" classname="de.uka.ilkd.key.parser.TestDeclParser" time="0.95"/>
  <testcase name="testGenericSortDecl3()" classname="de.uka.ilkd.key.parser.TestDeclParser" time="0.968"/>
  <testcase name="testGenericSortDecl4()" classname="de.uka.ilkd.key.parser.TestDeclParser" time="0.952"/>
  <testcase name="testGenericSortDecl5()" classname="de.uka.ilkd.key.parser.TestDeclParser" time="0.0">
    <skipped/>
  </testcase>
  <testcase name="testGenericSortDecl6()" classname="de.uka.ilkd.key.parser.TestDeclParser" time="0.949"/>
  <testcase name="testSortDecl()" classname="de.uka.ilkd.key.parser.TestDeclParser" time="1.026"/>
  <testcase name="testProxySortDecl()" classname="de.uka.ilkd.key.parser.TestDeclParser" time="0.975"/>
  <testcase name="testArrayDecl()" classname="de.uka.ilkd.key.parser.TestDeclParser" time="1.001"/>
  <testcase name="testAmbiguousDecls()" classname="de.uka.ilkd.key.parser.TestDeclParser" time="0.0">
    <skipped/>
  </testcase>
  <testcase name="testHeurDecl()" classname="de.uka.ilkd.key.parser.TestDeclParser" time="0.952"/>
  <testcase name="testFunctionDecl()" classname="de.uka.ilkd.key.parser.TestDeclParser" time="0.983"/>
  <testcase name="testPredicateDecl()" classname="de.uka.ilkd.key.parser.TestDeclParser" time="1.005"/>
  <testcase name="testSVDecl()" classname="de.uka.ilkd.key.parser.TestDeclParser" time="0.977"/>
  <system-out><![CDATA[221776     INFO  Test worker     d.u.i.k.n.KeyIO           Parsing took 0 ms 
221777     INFO  Test worker     d.u.i.k.n.KeyIO           MODE: declarations took 1 ms 
222728     INFO  Test worker     d.u.i.k.n.KeyIO           Parsing took 0 ms 
222728     INFO  Test worker     d.u.i.k.n.KeyIO           MODE: declarations took 0 ms 
223698     INFO  Test worker     d.u.i.k.n.KeyIO           Parsing took 0 ms 
223698     INFO  Test worker     d.u.i.k.n.KeyIO           MODE: declarations took 0 ms 
224650     INFO  Test worker     d.u.i.k.n.KeyIO           Parsing took 0 ms 
224650     INFO  Test worker     d.u.i.k.n.KeyIO           MODE: declarations took 0 ms 
225599     INFO  Test worker     d.u.i.k.n.KeyIO           Parsing took 0 ms 
225599     INFO  Test worker     d.u.i.k.n.KeyIO           MODE: declarations took 0 ms 
226625     INFO  Test worker     d.u.i.k.n.KeyIO           Parsing took 0 ms 
226625     INFO  Test worker     d.u.i.k.n.KeyIO           MODE: declarations took 0 ms 
227599     INFO  Test worker     d.u.i.k.n.KeyIO           Parsing took 0 ms 
227600     INFO  Test worker     d.u.i.k.n.KeyIO           MODE: declarations took 1 ms 
228601     INFO  Test worker     d.u.i.k.n.KeyIO           Parsing took 1 ms 
228601     INFO  Test worker     d.u.i.k.n.KeyIO           MODE: declarations took 0 ms 
229554     INFO  Test worker     d.u.i.k.n.KeyIO           Parsing took 0 ms 
229555     INFO  Test worker     d.u.i.k.n.KeyIO           MODE: declarations took 1 ms 
230537     INFO  Test worker     d.u.i.k.n.KeyIO           Parsing took 0 ms 
230537     INFO  Test worker     d.u.i.k.n.KeyIO           MODE: declarations took 0 ms 
231543     INFO  Test worker     d.u.i.k.n.KeyIO           Parsing took 1 ms 
231543     INFO  Test worker     d.u.i.k.n.KeyIO           MODE: declarations took 0 ms 
232519     INFO  Test worker     d.u.i.k.n.KeyIO           Parsing took 0 ms 
232519     INFO  Test worker     d.u.i.k.n.KeyIO           MODE: declarations took 0 ms 
]]></system-out>
  <system-err><![CDATA[]]></system-err>
</testsuite>
