<?xml version="1.0" encoding="UTF-8"?>
<testsuite name="de.uka.ilkd.key.parser.TestTermParserHeap" tests="39" skipped="0" failures="0" errors="0" timestamp="2023-04-18T01:40:49" hostname="fv-az254-795" time="117.102">
  <properties/>
  <testcase name="testBracketHeapUpdate()" classname="de.uka.ilkd.key.parser.TestTermParserHeap" time="0.025"/>
  <testcase name="testStore()" classname="de.uka.ilkd.key.parser.TestTermParserHeap" time="0.008"/>
  <testcase name="testUnknownConstant()" classname="de.uka.ilkd.key.parser.TestTermParserHeap" time="0.002"/>
  <testcase name="testAllFieldsSelector()" classname="de.uka.ilkd.key.parser.TestTermParserHeap" time="0.002"/>
  <testcase name="testParsePrettyPrintedSelect()" classname="de.uka.ilkd.key.parser.TestTermParserHeap" time="0.002"/>
  <testcase name="testAccessStaticMembers()" classname="de.uka.ilkd.key.parser.TestTermParserHeap" time="0.003"/>
  <testcase name="testAtOperator_1()" classname="de.uka.ilkd.key.parser.TestTermParserHeap" time="0.001"/>
  <testcase name="testAtOperator_2()" classname="de.uka.ilkd.key.parser.TestTermParserHeap" time="0.001"/>
  <testcase name="testAtOperator_3()" classname="de.uka.ilkd.key.parser.TestTermParserHeap" time="0.002"/>
  <testcase name="testAtOperator_4()" classname="de.uka.ilkd.key.parser.TestTermParserHeap" time="0.005"/>
  <testcase name="testAtOperator_5()" classname="de.uka.ilkd.key.parser.TestTermParserHeap" time="0.004"/>
  <testcase name="testAtOperator_6()" classname="de.uka.ilkd.key.parser.TestTermParserHeap" time="0.003"/>
  <testcase name="testAtOperator_7()" classname="de.uka.ilkd.key.parser.TestTermParserHeap" time="0.003"/>
  <testcase name="testAtOperator_8()" classname="de.uka.ilkd.key.parser.TestTermParserHeap" time="0.003"/>
  <testcase name="testVerifyExceptionIfAtOperatorNotPreceededBySelectTerm()" classname="de.uka.ilkd.key.parser.TestTermParserHeap" time="0.002"/>
  <testcase name="testBugResettingCounter()" classname="de.uka.ilkd.key.parser.TestTermParserHeap" time="0.003"/>
  <testcase name="testLocationSets()" classname="de.uka.ilkd.key.parser.TestTermParserHeap" time="0.002"/>
  <testcase name="testQuantifiedSelect()" classname="de.uka.ilkd.key.parser.TestTermParserHeap" time="0.002"/>
  <testcase name="testGenericObjectProperties()" classname="de.uka.ilkd.key.parser.TestTermParserHeap" time="0.006"/>
  <testcase name="testQueryInheritance_1()" classname="de.uka.ilkd.key.parser.TestTermParserHeap" time="0.003"/>
  <testcase name="testQueryInheritance_2()" classname="de.uka.ilkd.key.parser.TestTermParserHeap" time="0.004"/>
  <testcase name="testQueryInheritance_3()" classname="de.uka.ilkd.key.parser.TestTermParserHeap" time="0.001"/>
  <testcase name="testQueryInheritance_4()" classname="de.uka.ilkd.key.parser.TestTermParserHeap" time="0.001"/>
  <testcase name="testQueryInheritance_5()" classname="de.uka.ilkd.key.parser.TestTermParserHeap" time="0.002"/>
  <testcase name="testQueryInheritance_6()" classname="de.uka.ilkd.key.parser.TestTermParserHeap" time="0.001"/>
  <testcase name="testQueryInheritance_7()" classname="de.uka.ilkd.key.parser.TestTermParserHeap" time="0.007"/>
  <testcase name="testQueryInheritance_8()" classname="de.uka.ilkd.key.parser.TestTermParserHeap" time="0.007"/>
  <testcase name="testQueryInheritance_9()" classname="de.uka.ilkd.key.parser.TestTermParserHeap" time="0.002"/>
  <testcase name="testQueryBasic_10()" classname="de.uka.ilkd.key.parser.TestTermParserHeap" time="0.002"/>
  <testcase name="testQueryBasic_11()" classname="de.uka.ilkd.key.parser.TestTermParserHeap" time="0.002"/>
  <testcase name="testQueryBasic_1()" classname="de.uka.ilkd.key.parser.TestTermParserHeap" time="0.001"/>
  <testcase name="testQueryBasic_2()" classname="de.uka.ilkd.key.parser.TestTermParserHeap" time="0.003"/>
  <testcase name="testQueryBasic_3()" classname="de.uka.ilkd.key.parser.TestTermParserHeap" time="0.002"/>
  <testcase name="testQueryBasic_4()" classname="de.uka.ilkd.key.parser.TestTermParserHeap" time="0.002"/>
  <testcase name="testQueryBasic_5()" classname="de.uka.ilkd.key.parser.TestTermParserHeap" time="0.003"/>
  <testcase name="testQueryBasic_6()" classname="de.uka.ilkd.key.parser.TestTermParserHeap" time="0.002"/>
  <testcase name="testQueryBasic_7()" classname="de.uka.ilkd.key.parser.TestTermParserHeap" time="0.002"/>
  <testcase name="testQueryBasic_8()" classname="de.uka.ilkd.key.parser.TestTermParserHeap" time="0.003"/>
  <testcase name="testQueryBasic_9()" classname="de.uka.ilkd.key.parser.TestTermParserHeap" time="0.003"/>
  <system-out><![CDATA[325280     INFO  Test worker     d.u.i.k.n.KeyIO           Parsing took 0 ms 
325280     INFO  Test worker     d.u.i.k.n.KeyIO           MODE: declarations took 0 ms 
325280     INFO  Test worker     d.u.i.k.n.KeyIO           Parsing took 0 ms 
325280     INFO  Test worker     d.u.i.k.n.KeyIO           MODE: declarations took 0 ms 
325280     INFO  Test worker     d.u.i.k.n.KeyIO           Parsing took 0 ms 
325280     INFO  Test worker     d.u.i.k.n.KeyIO           MODE: declarations took 0 ms 
325280     INFO  Test worker     d.u.i.k.n.KeyIO           Parsing took 0 ms 
325280     INFO  Test worker     d.u.i.k.n.KeyIO           MODE: declarations took 0 ms 
325281     INFO  Test worker     d.u.i.k.n.KeyIO           Parsing took 0 ms 
325281     INFO  Test worker     d.u.i.k.n.KeyIO           MODE: declarations took 0 ms 
328414     INFO  Test worker     d.u.i.k.n.KeyIO           Parsing took 0 ms 
328414     INFO  Test worker     d.u.i.k.n.KeyIO           MODE: declarations took 0 ms 
328414     INFO  Test worker     d.u.i.k.n.KeyIO           Parsing took 0 ms 
328415     INFO  Test worker     d.u.i.k.n.KeyIO           MODE: declarations took 1 ms 
328415     INFO  Test worker     d.u.i.k.n.KeyIO           Parsing took 0 ms 
328415     INFO  Test worker     d.u.i.k.n.KeyIO           MODE: declarations took 0 ms 
328415     INFO  Test worker     d.u.i.k.n.KeyIO           Parsing took 0 ms 
328415     INFO  Test worker     d.u.i.k.n.KeyIO           MODE: declarations took 0 ms 
328415     INFO  Test worker     d.u.i.k.n.KeyIO           Parsing took 0 ms 
328415     INFO  Test worker     d.u.i.k.n.KeyIO           MODE: declarations took 0 ms 
331423     INFO  Test worker     d.u.i.k.n.KeyIO           Parsing took 1 ms 
331423     INFO  Test worker     d.u.i.k.n.KeyIO           MODE: declarations took 0 ms 
331423     INFO  Test worker     d.u.i.k.n.KeyIO           Parsing took 0 ms 
331423     INFO  Test worker     d.u.i.k.n.KeyIO           MODE: declarations took 0 ms 
331423     INFO  Test worker     d.u.i.k.n.KeyIO           Parsing took 0 ms 
331423     INFO  Test worker     d.u.i.k.n.KeyIO           MODE: declarations took 0 ms 
331424     INFO  Test worker     d.u.i.k.n.KeyIO           Parsing took 0 ms 
331424     INFO  Test worker     d.u.i.k.n.KeyIO           MODE: declarations took 0 ms 
331424     INFO  Test worker     d.u.i.k.n.KeyIO           Parsing took 0 ms 
331424     INFO  Test worker     d.u.i.k.n.KeyIO           MODE: declarations took 0 ms 
331424     INFO  Test worker     d.u.i.k.n.KeyIO           Parsing took 0 ms 
331424     INFO  Test worker     d.u.i.k.n.KeyIO           MODE: declarations took 0 ms 
334447     INFO  Test worker     d.u.i.k.n.KeyIO           Parsing took 0 ms 
334447     INFO  Test worker     d.u.i.k.n.KeyIO           MODE: declarations took 0 ms 
334447     INFO  Test worker     d.u.i.k.n.KeyIO           Parsing took 0 ms 
334447     INFO  Test worker     d.u.i.k.n.KeyIO           MODE: declarations took 0 ms 
334448     INFO  Test worker     d.u.i.k.n.KeyIO           Parsing took 1 ms 
334448     INFO  Test worker     d.u.i.k.n.KeyIO           MODE: declarations took 0 ms 
334448     INFO  Test worker     d.u.i.k.n.KeyIO           Parsing took 0 ms 
334448     INFO  Test worker     d.u.i.k.n.KeyIO           MODE: declarations took 0 ms 
334448     INFO  Test worker     d.u.i.k.n.KeyIO           Parsing took 0 ms 
334448     INFO  Test worker     d.u.i.k.n.KeyIO           MODE: declarations took 0 ms 
337519     INFO  Test worker     d.u.i.k.n.KeyIO           Parsing took 0 ms 
337519     INFO  Test worker     d.u.i.k.n.KeyIO           MODE: declarations took 0 ms 
337519     INFO  Test worker     d.u.i.k.n.KeyIO           Parsing took 0 ms 
337520     INFO  Test worker     d.u.i.k.n.KeyIO           MODE: declarations took 1 ms 
337520     INFO  Test worker     d.u.i.k.n.KeyIO           Parsing took 0 ms 
337520     INFO  Test worker     d.u.i.k.n.KeyIO           MODE: declarations took 0 ms 
337520     INFO  Test worker     d.u.i.k.n.KeyIO           Parsing took 0 ms 
337520     INFO  Test worker     d.u.i.k.n.KeyIO           MODE: declarations took 0 ms 
337520     INFO  Test worker     d.u.i.k.n.KeyIO           Parsing took 0 ms 
337520     INFO  Test worker     d.u.i.k.n.KeyIO           MODE: declarations took 0 ms 
340562     INFO  Test worker     d.u.i.k.n.KeyIO           Parsing took 0 ms 
340562     INFO  Test worker     d.u.i.k.n.KeyIO           MODE: declarations took 0 ms 
340562     INFO  Test worker     d.u.i.k.n.KeyIO           Parsing took 0 ms 
340562     INFO  Test worker     d.u.i.k.n.KeyIO           MODE: declarations took 0 ms 
340562     INFO  Test worker     d.u.i.k.n.KeyIO           Parsing took 0 ms 
340562     INFO  Test worker     d.u.i.k.n.KeyIO           MODE: declarations took 0 ms 
340562     INFO  Test worker     d.u.i.k.n.KeyIO           Parsing took 0 ms 
340562     INFO  Test worker     d.u.i.k.n.KeyIO           MODE: declarations took 0 ms 
340562     INFO  Test worker     d.u.i.k.n.KeyIO           Parsing took 0 ms 
340562     INFO  Test worker     d.u.i.k.n.KeyIO           MODE: declarations took 0 ms 
343665     INFO  Test worker     d.u.i.k.n.KeyIO           Parsing took 0 ms 
343665     INFO  Test worker     d.u.i.k.n.KeyIO           MODE: declarations took 0 ms 
343665     INFO  Test worker     d.u.i.k.n.KeyIO           Parsing took 0 ms 
343665     INFO  Test worker     d.u.i.k.n.KeyIO           MODE: declarations took 0 ms 
343665     INFO  Test worker     d.u.i.k.n.KeyIO           Parsing took 0 ms 
343665     INFO  Test worker     d.u.i.k.n.KeyIO           MODE: declarations took 0 ms 
343665     INFO  Test worker     d.u.i.k.n.KeyIO           Parsing took 0 ms 
343665     INFO  Test worker     d.u.i.k.n.KeyIO           MODE: declarations took 0 ms 
343665     INFO  Test worker     d.u.i.k.n.KeyIO           Parsing took 0 ms 
343666     INFO  Test worker     d.u.i.k.n.KeyIO           MODE: declarations took 1 ms 
346669     INFO  Test worker     d.u.i.k.n.KeyIO           Parsing took 0 ms 
346670     INFO  Test worker     d.u.i.k.n.KeyIO           MODE: declarations took 0 ms 
346670     INFO  Test worker     d.u.i.k.n.KeyIO           Parsing took 0 ms 
346670     INFO  Test worker     d.u.i.k.n.KeyIO           MODE: declarations took 0 ms 
346670     INFO  Test worker     d.u.i.k.n.KeyIO           Parsing took 0 ms 
346670     INFO  Test worker     d.u.i.k.n.KeyIO           MODE: declarations took 0 ms 
346670     INFO  Test worker     d.u.i.k.n.KeyIO           Parsing took 0 ms 
346670     INFO  Test worker     d.u.i.k.n.KeyIO           MODE: declarations took 0 ms 
346670     INFO  Test worker     d.u.i.k.n.KeyIO           Parsing took 0 ms 
346670     INFO  Test worker     d.u.i.k.n.KeyIO           MODE: declarations took 0 ms 
349741     INFO  Test worker     d.u.i.k.n.KeyIO           Parsing took 0 ms 
349741     INFO  Test worker     d.u.i.k.n.KeyIO           MODE: declarations took 0 ms 
349741     INFO  Test worker     d.u.i.k.n.KeyIO           Parsing took 0 ms 
349741     INFO  Test worker     d.u.i.k.n.KeyIO           MODE: declarations took 0 ms 
349741     INFO  Test worker     d.u.i.k.n.KeyIO           Parsing took 0 ms 
349741     INFO  Test worker     d.u.i.k.n.KeyIO           MODE: declarations took 0 ms 
349741     INFO  Test worker     d.u.i.k.n.KeyIO           Parsing took 0 ms 
349741     INFO  Test worker     d.u.i.k.n.KeyIO           MODE: declarations took 0 ms 
349741     INFO  Test worker     d.u.i.k.n.KeyIO           Parsing took 0 ms 
349741     INFO  Test worker     d.u.i.k.n.KeyIO           MODE: declarations took 0 ms 
352524     INFO  Test worker     d.u.i.k.n.KeyIO           Parsing took 0 ms 
352524     INFO  Test worker     d.u.i.k.n.KeyIO           MODE: declarations took 0 ms 
352524     INFO  Test worker     d.u.i.k.n.KeyIO           Parsing took 0 ms 
352524     INFO  Test worker     d.u.i.k.n.KeyIO           MODE: declarations took 0 ms 
352524     INFO  Test worker     d.u.i.k.n.KeyIO           Parsing took 0 ms 
352524     INFO  Test worker     d.u.i.k.n.KeyIO           MODE: declarations took 0 ms 
352524     INFO  Test worker     d.u.i.k.n.KeyIO           Parsing took 0 ms 
352524     INFO  Test worker     d.u.i.k.n.KeyIO           MODE: declarations took 0 ms 
352524     INFO  Test worker     d.u.i.k.n.KeyIO           Parsing took 0 ms 
352524     INFO  Test worker     d.u.i.k.n.KeyIO           MODE: declarations took 0 ms 
355298     INFO  Test worker     d.u.i.k.n.KeyIO           Parsing took 0 ms 
355299     INFO  Test worker     d.u.i.k.n.KeyIO           MODE: declarations took 0 ms 
355299     INFO  Test worker     d.u.i.k.n.KeyIO           Parsing took 0 ms 
355299     INFO  Test worker     d.u.i.k.n.KeyIO           MODE: declarations took 0 ms 
355299     INFO  Test worker     d.u.i.k.n.KeyIO           Parsing took 0 ms 
355299     INFO  Test worker     d.u.i.k.n.KeyIO           MODE: declarations took 0 ms 
355299     INFO  Test worker     d.u.i.k.n.KeyIO           Parsing took 0 ms 
355299     INFO  Test worker     d.u.i.k.n.KeyIO           MODE: declarations took 0 ms 
355299     INFO  Test worker     d.u.i.k.n.KeyIO           Parsing took 0 ms 
355299     INFO  Test worker     d.u.i.k.n.KeyIO           MODE: declarations took 0 ms 
358124     INFO  Test worker     d.u.i.k.n.KeyIO           Parsing took 0 ms 
358124     INFO  Test worker     d.u.i.k.n.KeyIO           MODE: declarations took 0 ms 
358125     INFO  Test worker     d.u.i.k.n.KeyIO           Parsing took 1 ms 
358125     INFO  Test worker     d.u.i.k.n.KeyIO           MODE: declarations took 0 ms 
358125     INFO  Test worker     d.u.i.k.n.KeyIO           Parsing took 0 ms 
358125     INFO  Test worker     d.u.i.k.n.KeyIO           MODE: declarations took 0 ms 
358125     INFO  Test worker     d.u.i.k.n.KeyIO           Parsing took 0 ms 
358125     INFO  Test worker     d.u.i.k.n.KeyIO           MODE: declarations took 0 ms 
358125     INFO  Test worker     d.u.i.k.n.KeyIO           Parsing took 0 ms 
358125     INFO  Test worker     d.u.i.k.n.KeyIO           MODE: declarations took 0 ms 
361048     INFO  Test worker     d.u.i.k.n.KeyIO           Parsing took 0 ms 
361048     INFO  Test worker     d.u.i.k.n.KeyIO           MODE: declarations took 0 ms 
361048     INFO  Test worker     d.u.i.k.n.KeyIO           Parsing took 0 ms 
361048     INFO  Test worker     d.u.i.k.n.KeyIO           MODE: declarations took 0 ms 
361048     INFO  Test worker     d.u.i.k.n.KeyIO           Parsing took 0 ms 
361049     INFO  Test worker     d.u.i.k.n.KeyIO           MODE: declarations took 0 ms 
361049     INFO  Test worker     d.u.i.k.n.KeyIO           Parsing took 0 ms 
361049     INFO  Test worker     d.u.i.k.n.KeyIO           MODE: declarations took 0 ms 
361050     INFO  Test worker     d.u.i.k.n.KeyIO           Parsing took 0 ms 
361050     INFO  Test worker     d.u.i.k.n.KeyIO           MODE: declarations took 0 ms 
364077     INFO  Test worker     d.u.i.k.n.KeyIO           Parsing took 0 ms 
364077     INFO  Test worker     d.u.i.k.n.KeyIO           MODE: declarations took 0 ms 
364077     INFO  Test worker     d.u.i.k.n.KeyIO           Parsing took 0 ms 
364077     INFO  Test worker     d.u.i.k.n.KeyIO           MODE: declarations took 0 ms 
364077     INFO  Test worker     d.u.i.k.n.KeyIO           Parsing took 0 ms 
364077     INFO  Test worker     d.u.i.k.n.KeyIO           MODE: declarations took 0 ms 
364077     INFO  Test worker     d.u.i.k.n.KeyIO           Parsing took 0 ms 
364077     INFO  Test worker     d.u.i.k.n.KeyIO           MODE: declarations took 0 ms 
364077     INFO  Test worker     d.u.i.k.n.KeyIO           Parsing took 0 ms 
364077     INFO  Test worker     d.u.i.k.n.KeyIO           MODE: declarations took 0 ms 
367404     INFO  Test worker     d.u.i.k.n.KeyIO           Parsing took 0 ms 
367404     INFO  Test worker     d.u.i.k.n.KeyIO           MODE: declarations took 0 ms 
367404     INFO  Test worker     d.u.i.k.n.KeyIO           Parsing took 0 ms 
367404     INFO  Test worker     d.u.i.k.n.KeyIO           MODE: declarations took 0 ms 
367404     INFO  Test worker     d.u.i.k.n.KeyIO           Parsing took 0 ms 
367404     INFO  Test worker     d.u.i.k.n.KeyIO           MODE: declarations took 0 ms 
367404     INFO  Test worker     d.u.i.k.n.KeyIO           Parsing took 0 ms 
367405     INFO  Test worker     d.u.i.k.n.KeyIO           MODE: declarations took 0 ms 
367405     INFO  Test worker     d.u.i.k.n.KeyIO           Parsing took 0 ms 
367405     INFO  Test worker     d.u.i.k.n.KeyIO           MODE: declarations took 0 ms 
367406     WARN  Test worker     d.u.i.k.n.KeYParser       [syntax-error] <unknown>:1:11: mismatched input '@' expecting {'/', ':=', '.', '(', ')', '{', '[', '@', PARALLEL, OR, AND, IMP, '=', NOT_EQUALS, '%', '*', '-', '+', '>', GREATEREQUAL, '<', LESSEQUAL, LGUILLEMETS, EQV} [@11,11:11='@',<153>,1:11] (termEOF) 
370775     INFO  Test worker     d.u.i.k.n.KeyIO           Parsing took 0 ms 
370775     INFO  Test worker     d.u.i.k.n.KeyIO           MODE: declarations took 0 ms 
370776     INFO  Test worker     d.u.i.k.n.KeyIO           Parsing took 1 ms 
370776     INFO  Test worker     d.u.i.k.n.KeyIO           MODE: declarations took 0 ms 
370776     INFO  Test worker     d.u.i.k.n.KeyIO           Parsing took 0 ms 
370776     INFO  Test worker     d.u.i.k.n.KeyIO           MODE: declarations took 0 ms 
370776     INFO  Test worker     d.u.i.k.n.KeyIO           Parsing took 0 ms 
370776     INFO  Test worker     d.u.i.k.n.KeyIO           MODE: declarations took 0 ms 
370776     INFO  Test worker     d.u.i.k.n.KeyIO           Parsing took 0 ms 
370776     INFO  Test worker     d.u.i.k.n.KeyIO           MODE: declarations took 0 ms 
374017     INFO  Test worker     d.u.i.k.n.KeyIO           Parsing took 0 ms 
374017     INFO  Test worker     d.u.i.k.n.KeyIO           MODE: declarations took 0 ms 
374017     INFO  Test worker     d.u.i.k.n.KeyIO           Parsing took 0 ms 
374017     INFO  Test worker     d.u.i.k.n.KeyIO           MODE: declarations took 0 ms 
374017     INFO  Test worker     d.u.i.k.n.KeyIO           Parsing took 0 ms 
374017     INFO  Test worker     d.u.i.k.n.KeyIO           MODE: declarations took 0 ms 
374017     INFO  Test worker     d.u.i.k.n.KeyIO           Parsing took 0 ms 
374017     INFO  Test worker     d.u.i.k.n.KeyIO           MODE: declarations took 0 ms 
374017     INFO  Test worker     d.u.i.k.n.KeyIO           Parsing took 0 ms 
374017     INFO  Test worker     d.u.i.k.n.KeyIO           MODE: declarations took 0 ms 
377255     INFO  Test worker     d.u.i.k.n.KeyIO           Parsing took 0 ms 
377255     INFO  Test worker     d.u.i.k.n.KeyIO           MODE: declarations took 0 ms 
377255     INFO  Test worker     d.u.i.k.n.KeyIO           Parsing took 0 ms 
377255     INFO  Test worker     d.u.i.k.n.KeyIO           MODE: declarations took 0 ms 
377255     INFO  Test worker     d.u.i.k.n.KeyIO           Parsing took 0 ms 
377255     INFO  Test worker     d.u.i.k.n.KeyIO           MODE: declarations took 0 ms 
377255     INFO  Test worker     d.u.i.k.n.KeyIO           Parsing took 0 ms 
377255     INFO  Test worker     d.u.i.k.n.KeyIO           MODE: declarations took 0 ms 
377255     INFO  Test worker     d.u.i.k.n.KeyIO           Parsing took 0 ms 
377255     INFO  Test worker     d.u.i.k.n.KeyIO           MODE: declarations took 0 ms 
380296     INFO  Test worker     d.u.i.k.n.KeyIO           Parsing took 0 ms 
380297     INFO  Test worker     d.u.i.k.n.KeyIO           MODE: declarations took 0 ms 
380297     INFO  Test worker     d.u.i.k.n.KeyIO           Parsing took 0 ms 
380298     INFO  Test worker     d.u.i.k.n.KeyIO           MODE: declarations took 0 ms 
380298     INFO  Test worker     d.u.i.k.n.KeyIO           Parsing took 0 ms 
380298     INFO  Test worker     d.u.i.k.n.KeyIO           MODE: declarations took 0 ms 
380299     INFO  Test worker     d.u.i.k.n.KeyIO           Parsing took 1 ms 
380299     INFO  Test worker     d.u.i.k.n.KeyIO           MODE: declarations took 0 ms 
380299     INFO  Test worker     d.u.i.k.n.KeyIO           Parsing took 0 ms 
380299     INFO  Test worker     d.u.i.k.n.KeyIO           MODE: declarations took 0 ms 
383232     INFO  Test worker     d.u.i.k.n.KeyIO           Parsing took 0 ms 
383232     INFO  Test worker     d.u.i.k.n.KeyIO           MODE: declarations took 0 ms 
383232     INFO  Test worker     d.u.i.k.n.KeyIO           Parsing took 0 ms 
383233     INFO  Test worker     d.u.i.k.n.KeyIO           MODE: declarations took 1 ms 
383233     INFO  Test worker     d.u.i.k.n.KeyIO           Parsing took 0 ms 
383233     INFO  Test worker     d.u.i.k.n.KeyIO           MODE: declarations took 0 ms 
383233     INFO  Test worker     d.u.i.k.n.KeyIO           Parsing took 0 ms 
383233     INFO  Test worker     d.u.i.k.n.KeyIO           MODE: declarations took 0 ms 
383233     INFO  Test worker     d.u.i.k.n.KeyIO           Parsing took 0 ms 
383233     INFO  Test worker     d.u.i.k.n.KeyIO           MODE: declarations took 0 ms 
386138     INFO  Test worker     d.u.i.k.n.KeyIO           Parsing took 0 ms 
386138     INFO  Test worker     d.u.i.k.n.KeyIO           MODE: declarations took 0 ms 
386138     INFO  Test worker     d.u.i.k.n.KeyIO           Parsing took 0 ms 
386139     INFO  Test worker     d.u.i.k.n.KeyIO           MODE: declarations took 0 ms 
386139     INFO  Test worker     d.u.i.k.n.KeyIO           Parsing took 0 ms 
386139     INFO  Test worker     d.u.i.k.n.KeyIO           MODE: declarations took 0 ms 
386140     INFO  Test worker     d.u.i.k.n.KeyIO           Parsing took 1 ms 
386140     INFO  Test worker     d.u.i.k.n.KeyIO           MODE: declarations took 0 ms 
386140     INFO  Test worker     d.u.i.k.n.KeyIO           Parsing took 0 ms 
386140     INFO  Test worker     d.u.i.k.n.KeyIO           MODE: declarations took 0 ms 
389095     INFO  Test worker     d.u.i.k.n.KeyIO           Parsing took 0 ms 
389096     INFO  Test worker     d.u.i.k.n.KeyIO           MODE: declarations took 0 ms 
389096     INFO  Test worker     d.u.i.k.n.KeyIO           Parsing took 0 ms 
389096     INFO  Test worker     d.u.i.k.n.KeyIO           MODE: declarations took 0 ms 
389096     INFO  Test worker     d.u.i.k.n.KeyIO           Parsing took 0 ms 
389096     INFO  Test worker     d.u.i.k.n.KeyIO           MODE: declarations took 0 ms 
389096     INFO  Test worker     d.u.i.k.n.KeyIO           Parsing took 0 ms 
389096     INFO  Test worker     d.u.i.k.n.KeyIO           MODE: declarations took 0 ms 
389096     INFO  Test worker     d.u.i.k.n.KeyIO           Parsing took 0 ms 
389096     INFO  Test worker     d.u.i.k.n.KeyIO           MODE: declarations took 0 ms 
392165     INFO  Test worker     d.u.i.k.n.KeyIO           Parsing took 1 ms 
392165     INFO  Test worker     d.u.i.k.n.KeyIO           MODE: declarations took 0 ms 
392165     INFO  Test worker     d.u.i.k.n.KeyIO           Parsing took 0 ms 
392165     INFO  Test worker     d.u.i.k.n.KeyIO           MODE: declarations took 0 ms 
392165     INFO  Test worker     d.u.i.k.n.KeyIO           Parsing took 0 ms 
392165     INFO  Test worker     d.u.i.k.n.KeyIO           MODE: declarations took 0 ms 
392165     INFO  Test worker     d.u.i.k.n.KeyIO           Parsing took 0 ms 
392165     INFO  Test worker     d.u.i.k.n.KeyIO           MODE: declarations took 0 ms 
392165     INFO  Test worker     d.u.i.k.n.KeyIO           Parsing took 0 ms 
392165     INFO  Test worker     d.u.i.k.n.KeyIO           MODE: declarations took 0 ms 
395081     INFO  Test worker     d.u.i.k.n.KeyIO           Parsing took 0 ms 
395081     INFO  Test worker     d.u.i.k.n.KeyIO           MODE: declarations took 0 ms 
395081     INFO  Test worker     d.u.i.k.n.KeyIO           Parsing took 0 ms 
395081     INFO  Test worker     d.u.i.k.n.KeyIO           MODE: declarations took 0 ms 
395081     INFO  Test worker     d.u.i.k.n.KeyIO           Parsing took 0 ms 
395081     INFO  Test worker     d.u.i.k.n.KeyIO           MODE: declarations took 0 ms 
395081     INFO  Test worker     d.u.i.k.n.KeyIO           Parsing took 0 ms 
395081     INFO  Test worker     d.u.i.k.n.KeyIO           MODE: declarations took 0 ms 
395081     INFO  Test worker     d.u.i.k.n.KeyIO           Parsing took 0 ms 
395081     INFO  Test worker     d.u.i.k.n.KeyIO           MODE: declarations took 0 ms 
398038     INFO  Test worker     d.u.i.k.n.KeyIO           Parsing took 0 ms 
398039     INFO  Test worker     d.u.i.k.n.KeyIO           MODE: declarations took 1 ms 
398039     INFO  Test worker     d.u.i.k.n.KeyIO           Parsing took 0 ms 
398039     INFO  Test worker     d.u.i.k.n.KeyIO           MODE: declarations took 0 ms 
398039     INFO  Test worker     d.u.i.k.n.KeyIO           Parsing took 0 ms 
398039     INFO  Test worker     d.u.i.k.n.KeyIO           MODE: declarations took 0 ms 
398039     INFO  Test worker     d.u.i.k.n.KeyIO           Parsing took 0 ms 
398039     INFO  Test worker     d.u.i.k.n.KeyIO           MODE: declarations took 0 ms 
398039     INFO  Test worker     d.u.i.k.n.KeyIO           Parsing took 0 ms 
398039     INFO  Test worker     d.u.i.k.n.KeyIO           MODE: declarations took 0 ms 
401248     INFO  Test worker     d.u.i.k.n.KeyIO           Parsing took 0 ms 
401248     INFO  Test worker     d.u.i.k.n.KeyIO           MODE: declarations took 0 ms 
401249     INFO  Test worker     d.u.i.k.n.KeyIO           Parsing took 1 ms 
401251     INFO  Test worker     d.u.i.k.n.KeyIO           MODE: declarations took 1 ms 
401252     INFO  Test worker     d.u.i.k.n.KeyIO           Parsing took 0 ms 
401252     INFO  Test worker     d.u.i.k.n.KeyIO           MODE: declarations took 0 ms 
401252     INFO  Test worker     d.u.i.k.n.KeyIO           Parsing took 0 ms 
401252     INFO  Test worker     d.u.i.k.n.KeyIO           MODE: declarations took 0 ms 
401253     INFO  Test worker     d.u.i.k.n.KeyIO           Parsing took 0 ms 
401253     INFO  Test worker     d.u.i.k.n.KeyIO           MODE: declarations took 0 ms 
404479     INFO  Test worker     d.u.i.k.n.KeyIO           Parsing took 0 ms 
404480     INFO  Test worker     d.u.i.k.n.KeyIO           MODE: declarations took 0 ms 
404481     INFO  Test worker     d.u.i.k.n.KeyIO           Parsing took 0 ms 
404481     INFO  Test worker     d.u.i.k.n.KeyIO           MODE: declarations took 0 ms 
404482     INFO  Test worker     d.u.i.k.n.KeyIO           Parsing took 0 ms 
404482     INFO  Test worker     d.u.i.k.n.KeyIO           MODE: declarations took 0 ms 
404483     INFO  Test worker     d.u.i.k.n.KeyIO           Parsing took 0 ms 
404483     INFO  Test worker     d.u.i.k.n.KeyIO           MODE: declarations took 0 ms 
404483     INFO  Test worker     d.u.i.k.n.KeyIO           Parsing took 0 ms 
404483     INFO  Test worker     d.u.i.k.n.KeyIO           MODE: declarations took 0 ms 
407674     INFO  Test worker     d.u.i.k.n.KeyIO           Parsing took 0 ms 
407675     INFO  Test worker     d.u.i.k.n.KeyIO           MODE: declarations took 0 ms 
407675     INFO  Test worker     d.u.i.k.n.KeyIO           Parsing took 0 ms 
407675     INFO  Test worker     d.u.i.k.n.KeyIO           MODE: declarations took 0 ms 
407675     INFO  Test worker     d.u.i.k.n.KeyIO           Parsing took 0 ms 
407675     INFO  Test worker     d.u.i.k.n.KeyIO           MODE: declarations took 0 ms 
407675     INFO  Test worker     d.u.i.k.n.KeyIO           Parsing took 0 ms 
407675     INFO  Test worker     d.u.i.k.n.KeyIO           MODE: declarations took 0 ms 
407675     INFO  Test worker     d.u.i.k.n.KeyIO           Parsing took 0 ms 
407675     INFO  Test worker     d.u.i.k.n.KeyIO           MODE: declarations took 0 ms 
410846     INFO  Test worker     d.u.i.k.n.KeyIO           Parsing took 0 ms 
410847     INFO  Test worker     d.u.i.k.n.KeyIO           MODE: declarations took 0 ms 
410847     INFO  Test worker     d.u.i.k.n.KeyIO           Parsing took 0 ms 
410847     INFO  Test worker     d.u.i.k.n.KeyIO           MODE: declarations took 0 ms 
410847     INFO  Test worker     d.u.i.k.n.KeyIO           Parsing took 0 ms 
410847     INFO  Test worker     d.u.i.k.n.KeyIO           MODE: declarations took 0 ms 
410847     INFO  Test worker     d.u.i.k.n.KeyIO           Parsing took 0 ms 
410847     INFO  Test worker     d.u.i.k.n.KeyIO           MODE: declarations took 0 ms 
410847     INFO  Test worker     d.u.i.k.n.KeyIO           Parsing took 0 ms 
410847     INFO  Test worker     d.u.i.k.n.KeyIO           MODE: declarations took 0 ms 
414007     INFO  Test worker     d.u.i.k.n.KeyIO           Parsing took 0 ms 
414007     INFO  Test worker     d.u.i.k.n.KeyIO           MODE: declarations took 0 ms 
414007     INFO  Test worker     d.u.i.k.n.KeyIO           Parsing took 0 ms 
414007     INFO  Test worker     d.u.i.k.n.KeyIO           MODE: declarations took 0 ms 
414007     INFO  Test worker     d.u.i.k.n.KeyIO           Parsing took 0 ms 
414007     INFO  Test worker     d.u.i.k.n.KeyIO           MODE: declarations took 0 ms 
414007     INFO  Test worker     d.u.i.k.n.KeyIO           Parsing took 0 ms 
414007     INFO  Test worker     d.u.i.k.n.KeyIO           MODE: declarations took 0 ms 
414007     INFO  Test worker     d.u.i.k.n.KeyIO           Parsing took 0 ms 
414007     INFO  Test worker     d.u.i.k.n.KeyIO           MODE: declarations took 0 ms 
417171     INFO  Test worker     d.u.i.k.n.KeyIO           Parsing took 0 ms 
417171     INFO  Test worker     d.u.i.k.n.KeyIO           MODE: declarations took 0 ms 
417171     INFO  Test worker     d.u.i.k.n.KeyIO           Parsing took 0 ms 
417171     INFO  Test worker     d.u.i.k.n.KeyIO           MODE: declarations took 0 ms 
417171     INFO  Test worker     d.u.i.k.n.KeyIO           Parsing took 0 ms 
417171     INFO  Test worker     d.u.i.k.n.KeyIO           MODE: declarations took 0 ms 
417171     INFO  Test worker     d.u.i.k.n.KeyIO           Parsing took 0 ms 
417171     INFO  Test worker     d.u.i.k.n.KeyIO           MODE: declarations took 0 ms 
417171     INFO  Test worker     d.u.i.k.n.KeyIO           Parsing took 0 ms 
417171     INFO  Test worker     d.u.i.k.n.KeyIO           MODE: declarations took 0 ms 
420355     INFO  Test worker     d.u.i.k.n.KeyIO           Parsing took 0 ms 
420355     INFO  Test worker     d.u.i.k.n.KeyIO           MODE: declarations took 0 ms 
420355     INFO  Test worker     d.u.i.k.n.KeyIO           Parsing took 0 ms 
420355     INFO  Test worker     d.u.i.k.n.KeyIO           MODE: declarations took 0 ms 
420355     INFO  Test worker     d.u.i.k.n.KeyIO           Parsing took 0 ms 
420356     INFO  Test worker     d.u.i.k.n.KeyIO           MODE: declarations took 0 ms 
420356     INFO  Test worker     d.u.i.k.n.KeyIO           Parsing took 0 ms 
420356     INFO  Test worker     d.u.i.k.n.KeyIO           MODE: declarations took 0 ms 
420356     INFO  Test worker     d.u.i.k.n.KeyIO           Parsing took 0 ms 
420356     INFO  Test worker     d.u.i.k.n.KeyIO           MODE: declarations took 0 ms 
423521     INFO  Test worker     d.u.i.k.n.KeyIO           Parsing took 0 ms 
423522     INFO  Test worker     d.u.i.k.n.KeyIO           MODE: declarations took 0 ms 
423522     INFO  Test worker     d.u.i.k.n.KeyIO           Parsing took 0 ms 
423522     INFO  Test worker     d.u.i.k.n.KeyIO           MODE: declarations took 0 ms 
423522     INFO  Test worker     d.u.i.k.n.KeyIO           Parsing took 0 ms 
423522     INFO  Test worker     d.u.i.k.n.KeyIO           MODE: declarations took 0 ms 
423522     INFO  Test worker     d.u.i.k.n.KeyIO           Parsing took 0 ms 
423522     INFO  Test worker     d.u.i.k.n.KeyIO           MODE: declarations took 0 ms 
423522     INFO  Test worker     d.u.i.k.n.KeyIO           Parsing took 0 ms 
423522     INFO  Test worker     d.u.i.k.n.KeyIO           MODE: declarations took 0 ms 
426656     INFO  Test worker     d.u.i.k.n.KeyIO           Parsing took 0 ms 
426656     INFO  Test worker     d.u.i.k.n.KeyIO           MODE: declarations took 0 ms 
426656     INFO  Test worker     d.u.i.k.n.KeyIO           Parsing took 0 ms 
426656     INFO  Test worker     d.u.i.k.n.KeyIO           MODE: declarations took 0 ms 
426656     INFO  Test worker     d.u.i.k.n.KeyIO           Parsing took 0 ms 
426656     INFO  Test worker     d.u.i.k.n.KeyIO           MODE: declarations took 0 ms 
426656     INFO  Test worker     d.u.i.k.n.KeyIO           Parsing took 0 ms 
426656     INFO  Test worker     d.u.i.k.n.KeyIO           MODE: declarations took 0 ms 
426657     INFO  Test worker     d.u.i.k.n.KeyIO           Parsing took 0 ms 
426657     INFO  Test worker     d.u.i.k.n.KeyIO           MODE: declarations took 0 ms 
429828     INFO  Test worker     d.u.i.k.n.KeyIO           Parsing took 0 ms 
429828     INFO  Test worker     d.u.i.k.n.KeyIO           MODE: declarations took 0 ms 
429828     INFO  Test worker     d.u.i.k.n.KeyIO           Parsing took 0 ms 
429828     INFO  Test worker     d.u.i.k.n.KeyIO           MODE: declarations took 0 ms 
429828     INFO  Test worker     d.u.i.k.n.KeyIO           Parsing took 0 ms 
429829     INFO  Test worker     d.u.i.k.n.KeyIO           MODE: declarations took 0 ms 
429829     INFO  Test worker     d.u.i.k.n.KeyIO           Parsing took 0 ms 
429829     INFO  Test worker     d.u.i.k.n.KeyIO           MODE: declarations took 0 ms 
429829     INFO  Test worker     d.u.i.k.n.KeyIO           Parsing took 0 ms 
429829     INFO  Test worker     d.u.i.k.n.KeyIO           MODE: declarations took 0 ms 
432961     INFO  Test worker     d.u.i.k.n.KeyIO           Parsing took 0 ms 
432961     INFO  Test worker     d.u.i.k.n.KeyIO           MODE: declarations took 0 ms 
432961     INFO  Test worker     d.u.i.k.n.KeyIO           Parsing took 0 ms 
432961     INFO  Test worker     d.u.i.k.n.KeyIO           MODE: declarations took 0 ms 
432961     INFO  Test worker     d.u.i.k.n.KeyIO           Parsing took 0 ms 
432961     INFO  Test worker     d.u.i.k.n.KeyIO           MODE: declarations took 0 ms 
432961     INFO  Test worker     d.u.i.k.n.KeyIO           Parsing took 0 ms 
432961     INFO  Test worker     d.u.i.k.n.KeyIO           MODE: declarations took 0 ms 
432961     INFO  Test worker     d.u.i.k.n.KeyIO           Parsing took 0 ms 
432962     INFO  Test worker     d.u.i.k.n.KeyIO           MODE: declarations took 0 ms 
436043     INFO  Test worker     d.u.i.k.n.KeyIO           Parsing took 0 ms 
436043     INFO  Test worker     d.u.i.k.n.KeyIO           MODE: declarations took 0 ms 
436043     INFO  Test worker     d.u.i.k.n.KeyIO           Parsing took 0 ms 
436043     INFO  Test worker     d.u.i.k.n.KeyIO           MODE: declarations took 0 ms 
436043     INFO  Test worker     d.u.i.k.n.KeyIO           Parsing took 0 ms 
436043     INFO  Test worker     d.u.i.k.n.KeyIO           MODE: declarations took 0 ms 
436043     INFO  Test worker     d.u.i.k.n.KeyIO           Parsing took 0 ms 
436043     INFO  Test worker     d.u.i.k.n.KeyIO           MODE: declarations took 0 ms 
436043     INFO  Test worker     d.u.i.k.n.KeyIO           Parsing took 0 ms 
436043     INFO  Test worker     d.u.i.k.n.KeyIO           MODE: declarations took 0 ms 
439185     INFO  Test worker     d.u.i.k.n.KeyIO           Parsing took 0 ms 
439185     INFO  Test worker     d.u.i.k.n.KeyIO           MODE: declarations took 0 ms 
439186     INFO  Test worker     d.u.i.k.n.KeyIO           Parsing took 1 ms 
439186     INFO  Test worker     d.u.i.k.n.KeyIO           MODE: declarations took 0 ms 
439186     INFO  Test worker     d.u.i.k.n.KeyIO           Parsing took 0 ms 
439186     INFO  Test worker     d.u.i.k.n.KeyIO           MODE: declarations took 0 ms 
439186     INFO  Test worker     d.u.i.k.n.KeyIO           Parsing took 0 ms 
439186     INFO  Test worker     d.u.i.k.n.KeyIO           MODE: declarations took 0 ms 
439186     INFO  Test worker     d.u.i.k.n.KeyIO           Parsing took 0 ms 
439186     INFO  Test worker     d.u.i.k.n.KeyIO           MODE: declarations took 0 ms 
442379     INFO  Test worker     d.u.i.k.n.KeyIO           Parsing took 0 ms 
442381     INFO  Test worker     d.u.i.k.n.KeyIO           MODE: declarations took 1 ms 
442381     INFO  Test worker     d.u.i.k.n.KeyIO           Parsing took 0 ms 
442381     INFO  Test worker     d.u.i.k.n.KeyIO           MODE: declarations took 0 ms 
442381     INFO  Test worker     d.u.i.k.n.KeyIO           Parsing took 0 ms 
442381     INFO  Test worker     d.u.i.k.n.KeyIO           MODE: declarations took 0 ms 
442381     INFO  Test worker     d.u.i.k.n.KeyIO           Parsing took 0 ms 
442381     INFO  Test worker     d.u.i.k.n.KeyIO           MODE: declarations took 0 ms 
442381     INFO  Test worker     d.u.i.k.n.KeyIO           Parsing took 0 ms 
442382     INFO  Test worker     d.u.i.k.n.KeyIO           MODE: declarations took 1 ms 
]]></system-out>
  <system-err><![CDATA[]]></system-err>
</testsuite>
