<?xml version="1.0" encoding="UTF-8"?>
<testsuite name="de.uka.ilkd.key.nparser.ParseLDTsTests" tests="2" skipped="0" failures="0" errors="0" timestamp="2023-04-18T01:38:53" hostname="fv-az254-795" time="1.183">
  <properties/>
  <testcase name="testLDT()" classname="de.uka.ilkd.key.nparser.ParseLDTsTests" time="0.024"/>
  <testcase name="testSR()" classname="de.uka.ilkd.key.nparser.ParseLDTsTests" time="1.158"/>
  <system-out><![CDATA[210007     INFO  Test worker     d.u.i.k.n.KeyIO           Parsing took 13 ms 
210009     INFO  Test worker     d.u.i.k.n.KeyIO           MODE: declarations took 1 ms 
210382     INFO  Test worker     d.u.i.k.n.KeyIO           Parsing took 360 ms 
210388     INFO  Test worker     d.u.i.k.n.KeyIO           MODE: declarations took 4 ms 
]]></system-out>
  <system-err><![CDATA[]]></system-err>
</testsuite>
