<?xml version="1.0" encoding="UTF-8"?>
<testsuite name="de.uka.ilkd.key.java.TestContextStatementBlock" tests="1" skipped="0" failures="0" errors="0" timestamp="2023-04-18T01:35:45" hostname="fv-az254-795" time="1.192">
  <properties/>
  <testcase name="testContextTermInstantiation()" classname="de.uka.ilkd.key.java.TestContextStatementBlock" time="1.192"/>
  <system-out><![CDATA[23009      INFO  Test worker     d.u.i.k.n.KeyIO           Parsing took 5 ms 
23011      INFO  Test worker     d.u.i.k.n.KeyIO           MODE: declarations took 0 ms 
]]></system-out>
  <system-err><![CDATA[]]></system-err>
</testsuite>
