<?xml version="1.0" encoding="UTF-8"?>
<testsuite name="de.uka.ilkd.key.taclettranslation.TestTacletTranslator" tests="5" skipped="0" failures="0" errors="0" timestamp="2023-04-18T01:49:33" hostname="fv-az254-795" time="0.015">
  <properties/>
  <testcase name="testPropositional1()" classname="de.uka.ilkd.key.taclettranslation.TestTacletTranslator" time="0.003"/>
  <testcase name="testPropositional2()" classname="de.uka.ilkd.key.taclettranslation.TestTacletTranslator" time="0.001"/>
  <testcase name="testNegativePolarity()" classname="de.uka.ilkd.key.taclettranslation.TestTacletTranslator" time="0.001"/>
  <testcase name="testNoPolarity()" classname="de.uka.ilkd.key.taclettranslation.TestTacletTranslator" time="0.001"/>
  <testcase name="testPositivePolarity()" classname="de.uka.ilkd.key.taclettranslation.TestTacletTranslator" time="0.008"/>
  <system-out><![CDATA[849341     INFO  Test worker     d.u.i.k.n.KeyIO           Parsing took 0 ms 
849341     INFO  Test worker     d.u.i.k.n.KeyIO           MODE: declarations took 0 ms 
849344     INFO  Test worker     d.u.i.k.n.KeyIO           Parsing took 0 ms 
849344     INFO  Test worker     d.u.i.k.n.KeyIO           MODE: declarations took 0 ms 
849345     INFO  Test worker     d.u.i.k.n.KeyIO           Parsing took 0 ms 
849345     INFO  Test worker     d.u.i.k.n.KeyIO           MODE: declarations took 0 ms 
849347     INFO  Test worker     d.u.i.k.n.KeyIO           Parsing took 0 ms 
849347     INFO  Test worker     d.u.i.k.n.KeyIO           MODE: declarations took 0 ms 
849348     INFO  Test worker     d.u.i.k.n.KeyIO           Parsing took 0 ms 
849348     INFO  Test worker     d.u.i.k.n.KeyIO           MODE: declarations took 0 ms 
]]></system-out>
  <system-err><![CDATA[]]></system-err>
</testsuite>
