<?xml version="1.0" encoding="UTF-8"?>
<testsuite name="recoder.testsuite.basic.analysis.MemberXReferenceCompletenessTest" tests="1" skipped="0" failures="0" errors="0" timestamp="2023-03-09T16:23:04" hostname="fv-az563-955" time="0.005">
  <properties/>
  <testcase name="testMemberXReferenceCompletenessTest" classname="recoder.testsuite.basic.analysis.MemberXReferenceCompletenessTest" time="0.005"/>
  <system-out><![CDATA[]]></system-out>
  <system-err><![CDATA[]]></system-err>
</testsuite>
