<?xml version="1.0" encoding="UTF-8"?>
<testsuite name="de.uka.ilkd.key.util.TestEqualsModProofIrrelevancy" tests="1" skipped="0" failures="0" errors="0" timestamp="2023-05-23T13:43:01" hostname="fv-az553-149" time="11.583">
  <properties/>
  <testcase name="testJavaProof()" classname="de.uka.ilkd.key.util.TestEqualsModProofIrrelevancy" time="11.583"/>
  <system-out><![CDATA[980651     INFO  Test worker     d.u.i.k.p.i.AbstractProblemLoader Loading environment from src\test\resources\testcase\..\..\..\..\..\key.ui\examples\heap\verifyThis15_1_RelaxedPrefix\relax.proof 
980651     DEBUG Test worker     d.u.i.k.p.i.AbstractProblemLoader Environment load took 744ns 
980687     INFO  Test worker     d.u.i.k.p.i.AbstractProblemLoader Creating init config 
980922     DEBUG Test worker     d.u.i.k.j.TypeConverter   No LDT found for Meta 
980937     DEBUG Test worker     d.u.i.k.j.TypeConverter   No LDT found for Meta 
980937     DEBUG Test worker     d.u.i.k.j.TypeConverter   No LDT found for Meta 
980937     DEBUG Test worker     d.u.i.k.j.TypeConverter   No LDT found for Meta 
981712     DEBUG Test worker     d.u.i.k.j.TypeConverter   No LDT found for JavaBigintExpression 
985860     DEBUG Test worker     d.u.i.k.p.i.AbstractProblemLoader Init config took 5.18s 
985946     INFO  Test worker     d.u.i.k.p.i.AbstractProblemLoader Replaying proof Relaxed[Relaxed::isRelaxedPrefix([I,[I)].JML operation contract.0 
987465     DEBUG Test worker     d.u.i.k.p.i.IntermediateProofReplayer Proof replay took 1.49s 
987465     INFO  Test worker     d.u.i.k.p.i.AbstractProblemLoader Loading environment from src\test\resources\testcase\..\..\..\..\..\key.ui\examples\heap\verifyThis15_1_RelaxedPrefix\relax.proof 
987465     DEBUG Test worker     d.u.i.k.p.i.AbstractProblemLoader Environment load took 136.6ns 
987465     INFO  Test worker     d.u.i.k.p.i.AbstractProblemLoader Creating init config 
991319     DEBUG Test worker     d.u.i.k.p.i.AbstractProblemLoader Init config took 3.85s 
991381     INFO  Test worker     d.u.i.k.p.i.AbstractProblemLoader Replaying proof Relaxed[Relaxed::isRelaxedPrefix([I,[I)].JML operation contract.0 
992023     DEBUG Test worker     d.u.i.k.p.i.IntermediateProofReplayer Proof replay took 621.6ms 
]]></system-out>
  <system-err><![CDATA[]]></system-err>
</testsuite>
