<?xml version="1.0" encoding="UTF-8"?>
<testsuite name="de.uka.ilkd.key.nparser.ParseLDTsTests" tests="2" skipped="0" failures="0" errors="0" timestamp="2023-05-23T13:30:47" hostname="fv-az553-149" time="1.274">
  <properties/>
  <testcase name="testLDT()" classname="de.uka.ilkd.key.nparser.ParseLDTsTests" time="0.062"/>
  <testcase name="testSR()" classname="de.uka.ilkd.key.nparser.ParseLDTsTests" time="1.211"/>
  <system-out><![CDATA[245970     DEBUG Test worker     d.u.i.k.n.ParsingFacade   PARSING file:/D:/a/key/key/key.core/build/resources/main/de/uka/ilkd/key/proof/rules/ldt.key took 0 ms 
245970     DEBUG Test worker     d.u.i.k.n.ParsingFacade   PARSING file:/D:/a/key/key/key.core/build/resources/main/de/uka/ilkd/key/proof/rules/charListHeader.key took 0 ms 
245970     DEBUG Test worker     d.u.i.k.n.ParsingFacade   PARSING file:/D:/a/key/key/key.core/build/resources/main/de/uka/ilkd/key/proof/rules/wellfound.key took 0 ms 
245970     DEBUG Test worker     d.u.i.k.n.ParsingFacade   PARSING file:/D:/a/key/key/key.core/build/resources/main/de/uka/ilkd/key/proof/rules/freeADT.key took 0 ms 
246001     DEBUG Test worker     d.u.i.k.n.ParsingFacade   PARSING file:/D:/a/key/key/key.core/build/resources/main/de/uka/ilkd/key/proof/rules/map.key took 0 ms 
246001     DEBUG Test worker     d.u.i.k.n.ParsingFacade   PARSING file:/D:/a/key/key/key.core/build/resources/main/de/uka/ilkd/key/proof/rules/seq.key took 0 ms 
246001     DEBUG Test worker     d.u.i.k.n.ParsingFacade   PARSING file:/D:/a/key/key/key.core/build/resources/main/de/uka/ilkd/key/proof/rules/reach.key took 0 ms 
246001     DEBUG Test worker     d.u.i.k.n.ParsingFacade   PARSING file:/D:/a/key/key/key.core/build/resources/main/de/uka/ilkd/key/proof/rules/permission.key took 0 ms 
246001     DEBUG Test worker     d.u.i.k.n.ParsingFacade   PARSING file:/D:/a/key/key/key.core/build/resources/main/de/uka/ilkd/key/proof/rules/locSets.key took 0 ms 
246017     DEBUG Test worker     d.u.i.k.n.ParsingFacade   PARSING file:/D:/a/key/key/key.core/build/resources/main/de/uka/ilkd/key/proof/rules/heap.key took 16 ms 
246017     DEBUG Test worker     d.u.i.k.n.ParsingFacade   PARSING file:/D:/a/key/key/key.core/build/resources/main/de/uka/ilkd/key/proof/rules/floatHeader.key took 0 ms 
246017     DEBUG Test worker     d.u.i.k.n.ParsingFacade   PARSING file:/D:/a/key/key/key.core/build/resources/main/de/uka/ilkd/key/proof/rules/integerHeader.key took 0 ms 
246017     DEBUG Test worker     d.u.i.k.n.ParsingFacade   PARSING file:/D:/a/key/key/key.core/build/resources/main/de/uka/ilkd/key/proof/rules/ruleSetsDeclarations.key took 0 ms 
246017     DEBUG Test worker     d.u.i.k.n.ParsingFacade   PARSING file:/D:/a/key/key/key.core/build/resources/main/de/uka/ilkd/key/proof/rules/boolean.key took 0 ms 
246017     INFO  Test worker     d.u.i.k.n.KeyIO           Parsing took 47 ms 
246017     DEBUG Test worker     d.u.i.k.n.KeyIO           Load declarations of de.uka.ilkd.key.nparser.KeyAst$File:  file:/D:/a/key/key/key.core/build/resources/main/de/uka/ilkd/key/proof/rules/boolean.key:1#1 
246017     DEBUG Test worker     d.u.i.k.n.KeyIO           Load declarations of de.uka.ilkd.key.nparser.KeyAst$File:  file:/D:/a/key/key/key.core/build/resources/main/de/uka/ilkd/key/proof/rules/ruleSetsDeclarations.key:5#1 
246017     DEBUG Test worker     d.u.i.k.n.KeyIO           Load declarations of de.uka.ilkd.key.nparser.KeyAst$File:  file:/D:/a/key/key/key.core/build/resources/main/de/uka/ilkd/key/proof/rules/integerHeader.key:1#1 
246017     DEBUG Test worker     d.u.i.k.n.KeyIO           Load declarations of de.uka.ilkd.key.nparser.KeyAst$File:  file:/D:/a/key/key/key.core/build/resources/main/de/uka/ilkd/key/proof/rules/floatHeader.key:14#1 
246017     DEBUG Test worker     d.u.i.k.n.KeyIO           Load declarations of de.uka.ilkd.key.nparser.KeyAst$File:  file:/D:/a/key/key/key.core/build/resources/main/de/uka/ilkd/key/proof/rules/heap.key:4#1 
246017     DEBUG Test worker     d.u.i.k.n.KeyIO           Load declarations of de.uka.ilkd.key.nparser.KeyAst$File:  file:/D:/a/key/key/key.core/build/resources/main/de/uka/ilkd/key/proof/rules/locSets.key:4#1 
246017     DEBUG Test worker     d.u.i.k.n.KeyIO           Load declarations of de.uka.ilkd.key.nparser.KeyAst$File:  file:/D:/a/key/key/key.core/build/resources/main/de/uka/ilkd/key/proof/rules/permission.key:1#1 
246017     DEBUG Test worker     d.u.i.k.n.KeyIO           Load declarations of de.uka.ilkd.key.nparser.KeyAst$File:  file:/D:/a/key/key/key.core/build/resources/main/de/uka/ilkd/key/proof/rules/reach.key:3#1 
246017     DEBUG Test worker     d.u.i.k.n.KeyIO           Load declarations of de.uka.ilkd.key.nparser.KeyAst$File:  file:/D:/a/key/key/key.core/build/resources/main/de/uka/ilkd/key/proof/rules/seq.key:11#1 
246017     DEBUG Test worker     d.u.i.k.n.KeyIO           Load declarations of de.uka.ilkd.key.nparser.KeyAst$File:  file:/D:/a/key/key/key.core/build/resources/main/de/uka/ilkd/key/proof/rules/map.key:1#1 
246017     DEBUG Test worker     d.u.i.k.n.KeyIO           Load declarations of de.uka.ilkd.key.nparser.KeyAst$File:  file:/D:/a/key/key/key.core/build/resources/main/de/uka/ilkd/key/proof/rules/freeADT.key:17#1 
246017     DEBUG Test worker     d.u.i.k.n.KeyIO           Load declarations of de.uka.ilkd.key.nparser.KeyAst$File:  file:/D:/a/key/key/key.core/build/resources/main/de/uka/ilkd/key/proof/rules/wellfound.key:19#1 
246017     DEBUG Test worker     d.u.i.k.n.KeyIO           Load declarations of de.uka.ilkd.key.nparser.KeyAst$File:  file:/D:/a/key/key/key.core/build/resources/main/de/uka/ilkd/key/proof/rules/charListHeader.key:1#1 
246017     DEBUG Test worker     d.u.i.k.n.KeyIO           Load declarations of de.uka.ilkd.key.nparser.KeyAst$File:  file:/D:/a/key/key/key.core/build/resources/main/de/uka/ilkd/key/proof/rules/ldt.key:10#1 
246017     INFO  Test worker     d.u.i.k.n.KeyIO           MODE: declarations took 0 ms 
246017     DEBUG Test worker     d.u.i.k.n.KeyIO           MODE: 2nd degree decls took 0 
246033     DEBUG Test worker     d.u.i.k.n.KeyIO           MODE: taclets took 16ms 
246033     DEBUG Test worker     d.u.i.k.n.ParsingFacade   PARSING file:/D:/a/key/key/key.core/build/resources/main/de/uka/ilkd/key/proof/rules/standardRules.key took 0 ms 
246048     DEBUG Test worker     d.u.i.k.n.ParsingFacade   PARSING file:/D:/a/key/key/key.core/build/resources/main/de/uka/ilkd/key/proof/rules/loopScopeRules.key took 0 ms 
246048     DEBUG Test worker     d.u.i.k.n.ParsingFacade   PARSING file:/D:/a/key/key/key.core/build/resources/main/de/uka/ilkd/key/proof/rules/execRules.key took 0 ms 
246048     DEBUG Test worker     d.u.i.k.n.ParsingFacade   PARSING file:/D:/a/key/key/key.core/build/resources/main/de/uka/ilkd/key/proof/rules/forLoopRules.key took 0 ms 
246048     DEBUG Test worker     d.u.i.k.n.ParsingFacade   PARSING file:/D:/a/key/key/key.core/build/resources/main/de/uka/ilkd/key/proof/rules/loopInvariantRules.key took 0 ms 
246048     DEBUG Test worker     d.u.i.k.n.ParsingFacade   PARSING file:/D:/a/key/key/key.core/build/resources/main/de/uka/ilkd/key/proof/rules/wd.key took 0 ms 
246064     DEBUG Test worker     d.u.i.k.n.ParsingFacade   PARSING file:/D:/a/key/key/key.core/build/resources/main/de/uka/ilkd/key/proof/rules/wdFormulaRules.key took 0 ms 
246064     DEBUG Test worker     d.u.i.k.n.ParsingFacade   PARSING file:/D:/a/key/key/key.core/build/resources/main/de/uka/ilkd/key/proof/rules/wdRegExRules.key took 0 ms 
246064     DEBUG Test worker     d.u.i.k.n.ParsingFacade   PARSING file:/D:/a/key/key/key.core/build/resources/main/de/uka/ilkd/key/proof/rules/wdStringRules.key took 0 ms 
246064     DEBUG Test worker     d.u.i.k.n.ParsingFacade   PARSING file:/D:/a/key/key/key.core/build/resources/main/de/uka/ilkd/key/proof/rules/wdSeqRules.key took 0 ms 
246064     DEBUG Test worker     d.u.i.k.n.ParsingFacade   PARSING file:/D:/a/key/key/key.core/build/resources/main/de/uka/ilkd/key/proof/rules/wdReachRules.key took 0 ms 
246064     DEBUG Test worker     d.u.i.k.n.ParsingFacade   PARSING file:/D:/a/key/key/key.core/build/resources/main/de/uka/ilkd/key/proof/rules/wdHeapRules.key took 0 ms 
246064     DEBUG Test worker     d.u.i.k.n.ParsingFacade   PARSING file:/D:/a/key/key/key.core/build/resources/main/de/uka/ilkd/key/proof/rules/wdLocSetRules.key took 0 ms 
246079     DEBUG Test worker     d.u.i.k.n.ParsingFacade   PARSING file:/D:/a/key/key/key.core/build/resources/main/de/uka/ilkd/key/proof/rules/wdNumericalRules.key took 15 ms 
246079     DEBUG Test worker     d.u.i.k.n.ParsingFacade   PARSING file:/D:/a/key/key/key.core/build/resources/main/de/uka/ilkd/key/proof/rules/wdGeneralRules.key took 0 ms 
246079     DEBUG Test worker     d.u.i.k.n.ParsingFacade   PARSING file:/D:/a/key/key/key.core/build/resources/main/de/uka/ilkd/key/proof/rules/wdHeader.key took 0 ms 
246079     DEBUG Test worker     d.u.i.k.n.ParsingFacade   PARSING file:/D:/a/key/key/key.core/build/resources/main/de/uka/ilkd/key/proof/rules/mapSize.key took 0 ms 
246079     DEBUG Test worker     d.u.i.k.n.ParsingFacade   PARSING file:/D:/a/key/key/key.core/build/resources/main/de/uka/ilkd/key/proof/rules/infFlow.key took 0 ms 
246079     DEBUG Test worker     d.u.i.k.n.ParsingFacade   PARSING file:/D:/a/key/key/key.core/build/resources/main/de/uka/ilkd/key/proof/rules/seqEq.key took 0 ms 
246079     DEBUG Test worker     d.u.i.k.n.ParsingFacade   PARSING file:/D:/a/key/key/key.core/build/resources/main/de/uka/ilkd/key/proof/rules/regExTheory.key took 0 ms 
246095     DEBUG Test worker     d.u.i.k.n.ParsingFacade   PARSING file:/D:/a/key/key/key.core/build/resources/main/de/uka/ilkd/key/proof/rules/regExLemmaProven.key took 16 ms 
246095     DEBUG Test worker     d.u.i.k.n.ParsingFacade   PARSING file:/D:/a/key/key/key.core/build/resources/main/de/uka/ilkd/key/proof/rules/regExAxioms.key took 0 ms 
246095     DEBUG Test worker     d.u.i.k.n.ParsingFacade   PARSING file:/D:/a/key/key/key.core/build/resources/main/de/uka/ilkd/key/proof/rules/regExHeader.key took 0 ms 
246095     DEBUG Test worker     d.u.i.k.n.ParsingFacade   PARSING file:/D:/a/key/key/key.core/build/resources/main/de/uka/ilkd/key/proof/rules/charListRules.key took 0 ms 
246095     DEBUG Test worker     d.u.i.k.n.ParsingFacade   PARSING file:/D:/a/key/key/key.core/build/resources/main/de/uka/ilkd/key/proof/rules/precRules.key took 0 ms 
246111     DEBUG Test worker     d.u.i.k.n.ParsingFacade   PARSING file:/D:/a/key/key/key.core/build/resources/main/de/uka/ilkd/key/proof/rules/adtProgramDecompositionRules.key took 16 ms 
246111     DEBUG Test worker     d.u.i.k.n.ParsingFacade   PARSING file:/D:/a/key/key/key.core/build/resources/main/de/uka/ilkd/key/proof/rules/bigint.key took 0 ms 
246111     DEBUG Test worker     d.u.i.k.n.ParsingFacade   PARSING file:/D:/a/key/key/key.core/build/resources/main/de/uka/ilkd/key/proof/rules/floatAssignment2UpdateRules.key took 0 ms 
246111     DEBUG Test worker     d.u.i.k.n.ParsingFacade   PARSING file:/D:/a/key/key/key.core/build/resources/main/de/uka/ilkd/key/proof/rules/integerAssignment2UpdateRules.key took 0 ms 
246111     DEBUG Test worker     d.u.i.k.n.ParsingFacade   PARSING file:/D:/a/key/key/key.core/build/resources/main/de/uka/ilkd/key/proof/rules/java5.key took 0 ms 
246126     DEBUG Test worker     d.u.i.k.n.ParsingFacade   PARSING file:/D:/a/key/key/key.core/build/resources/main/de/uka/ilkd/key/proof/rules/instanceAllocation.key took 15 ms 
246126     DEBUG Test worker     d.u.i.k.n.ParsingFacade   PARSING file:/D:/a/key/key/key.core/build/resources/main/de/uka/ilkd/key/proof/rules/activeUse.key took 0 ms 
246126     DEBUG Test worker     d.u.i.k.n.ParsingFacade   PARSING file:/D:/a/key/key/key.core/build/resources/main/de/uka/ilkd/key/proof/rules/loopRules.key took 0 ms 
246173     DEBUG Test worker     d.u.i.k.n.ParsingFacade   PARSING file:/D:/a/key/key/key.core/build/resources/main/de/uka/ilkd/key/proof/rules/javaRules.key took 47 ms 
246189     DEBUG Test worker     d.u.i.k.n.ParsingFacade   PARSING file:/D:/a/key/key/key.core/build/resources/main/de/uka/ilkd/key/proof/rules/assertions.key took 0 ms 
246189     DEBUG Test worker     d.u.i.k.n.ParsingFacade   PARSING file:/D:/a/key/key/key.core/build/resources/main/de/uka/ilkd/key/proof/rules/seqPerm2.key took 0 ms 
246210     DEBUG Test worker     d.u.i.k.n.ParsingFacade   PARSING file:/D:/a/key/key/key.core/build/resources/main/de/uka/ilkd/key/proof/rules/seqPerm.key took 21 ms 
246225     DEBUG Test worker     d.u.i.k.n.ParsingFacade   PARSING file:/D:/a/key/key/key.core/build/resources/main/de/uka/ilkd/key/proof/rules/seqRules.key took 13 ms 
246229     DEBUG Test worker     d.u.i.k.n.ParsingFacade   PARSING file:/D:/a/key/key/key.core/build/resources/main/de/uka/ilkd/key/proof/rules/seqCoreRules.key took 1 ms 
246241     DEBUG Test worker     d.u.i.k.n.ParsingFacade   PARSING file:/D:/a/key/key/key.core/build/resources/main/de/uka/ilkd/key/proof/rules/reachRules.key took 12 ms 
246247     DEBUG Test worker     d.u.i.k.n.ParsingFacade   PARSING file:/D:/a/key/key/key.core/build/resources/main/de/uka/ilkd/key/proof/rules/permissionRules.key took 5 ms 
246259     DEBUG Test worker     d.u.i.k.n.ParsingFacade   PARSING file:/D:/a/key/key/key.core/build/resources/main/de/uka/ilkd/key/proof/rules/heapRules.key took 11 ms 
246274     DEBUG Test worker     d.u.i.k.n.ParsingFacade   PARSING file:/D:/a/key/key/key.core/build/resources/main/de/uka/ilkd/key/proof/rules/locSetsRules.key took 13 ms 
246282     DEBUG Test worker     d.u.i.k.n.ParsingFacade   PARSING file:/D:/a/key/key/key.core/build/resources/main/de/uka/ilkd/key/proof/rules/epsilon.key took 2 ms 
246283     DEBUG Test worker     d.u.i.k.n.ParsingFacade   PARSING file:/D:/a/key/key/key.core/build/resources/main/de/uka/ilkd/key/proof/rules/booleanRules.key took 1 ms 
246287     DEBUG Test worker     d.u.i.k.n.ParsingFacade   PARSING file:/D:/a/key/key/key.core/build/resources/main/de/uka/ilkd/key/proof/rules/genericRules.key took 3 ms 
246289     DEBUG Test worker     d.u.i.k.n.ParsingFacade   PARSING file:/D:/a/key/key/key.core/build/resources/main/de/uka/ilkd/key/proof/rules/floatRulesAssumeStrictfp.key took 1 ms 
246289     DEBUG Test worker     d.u.i.k.n.ParsingFacade   PARSING file:/D:/a/key/key/key.core/build/resources/main/de/uka/ilkd/key/proof/rules/floatRulesVerifyNormal.key took 0 ms 
246290     DEBUG Test worker     d.u.i.k.n.ParsingFacade   PARSING file:/D:/a/key/key/key.core/build/resources/main/de/uka/ilkd/key/proof/rules/floatRules.key took 0 ms 
246295     DEBUG Test worker     d.u.i.k.n.ParsingFacade   PARSING file:/D:/a/key/key/key.core/build/resources/main/de/uka/ilkd/key/proof/rules/floatRulesCommon.key took 4 ms 
246302     DEBUG Test worker     d.u.i.k.n.ParsingFacade   PARSING file:/D:/a/key/key/key.core/build/resources/main/de/uka/ilkd/key/proof/rules/intPow.key took 4 ms 
246303     DEBUG Test worker     d.u.i.k.n.ParsingFacade   PARSING file:/D:/a/key/key/key.core/build/resources/main/de/uka/ilkd/key/proof/rules/binaryLemmas.key took 1 ms 
246305     DEBUG Test worker     d.u.i.k.n.ParsingFacade   PARSING file:/D:/a/key/key/key.core/build/resources/main/de/uka/ilkd/key/proof/rules/binaryAxioms.key took 1 ms 
246319     DEBUG Test worker     d.u.i.k.n.ParsingFacade   PARSING file:/D:/a/key/key/key.core/build/resources/main/de/uka/ilkd/key/proof/rules/bprod.key took 14 ms 
246355     DEBUG Test worker     d.u.i.k.n.ParsingFacade   PARSING file:/D:/a/key/key/key.core/build/resources/main/de/uka/ilkd/key/proof/rules/bsum.key took 34 ms 
246364     DEBUG Test worker     d.u.i.k.n.ParsingFacade   PARSING file:/D:/a/key/key/key.core/build/resources/main/de/uka/ilkd/key/proof/rules/intDiv.key took 7 ms 
246400     DEBUG Test worker     d.u.i.k.n.ParsingFacade   PARSING file:/D:/a/key/key/key.core/build/resources/main/de/uka/ilkd/key/proof/rules/integerSimplificationRules.key took 34 ms 
246407     DEBUG Test worker     d.u.i.k.n.ParsingFacade   PARSING file:/D:/a/key/key/key.core/build/resources/main/de/uka/ilkd/key/proof/rules/intRulesJavaSemantics.key took 2 ms 
246409     DEBUG Test worker     d.u.i.k.n.ParsingFacade   PARSING file:/D:/a/key/key/key.core/build/resources/main/de/uka/ilkd/key/proof/rules/intRulesCheckedSemantics.key took 1 ms 
246410     DEBUG Test worker     d.u.i.k.n.ParsingFacade   PARSING file:/D:/a/key/key/key.core/build/resources/main/de/uka/ilkd/key/proof/rules/intRulesUncheckedSemantics.key took 1 ms 
246414     DEBUG Test worker     d.u.i.k.n.ParsingFacade   PARSING file:/D:/a/key/key/key.core/build/resources/main/de/uka/ilkd/key/proof/rules/intRules.key took 2 ms 
246415     DEBUG Test worker     d.u.i.k.n.ParsingFacade   PARSING file:/D:/a/key/key/key.core/build/resources/main/de/uka/ilkd/key/proof/rules/integerRulesCommon.key took 0 ms 
246419     DEBUG Test worker     d.u.i.k.n.ParsingFacade   PARSING file:/D:/a/key/key/key.core/build/resources/main/de/uka/ilkd/key/proof/rules/updateRules.key took 3 ms 
246432     DEBUG Test worker     d.u.i.k.n.ParsingFacade   PARSING file:/D:/a/key/key/key.core/build/resources/main/de/uka/ilkd/key/proof/rules/formulaNormalisationRules.key took 12 ms 
246437     DEBUG Test worker     d.u.i.k.n.ParsingFacade   PARSING file:/D:/a/key/key/key.core/build/resources/main/de/uka/ilkd/key/proof/rules/ifThenElseRules.key took 4 ms 
246440     DEBUG Test worker     d.u.i.k.n.ParsingFacade   PARSING file:/D:/a/key/key/key.core/build/resources/main/de/uka/ilkd/key/proof/rules/firstOrderRules.key took 2 ms 
246442     DEBUG Test worker     d.u.i.k.n.ParsingFacade   PARSING file:/D:/a/key/key/key.core/build/resources/main/de/uka/ilkd/key/proof/rules/propRule.key took 1 ms 
246444     DEBUG Test worker     d.u.i.k.n.ParsingFacade   PARSING file:/D:/a/key/key/key.core/build/resources/main/de/uka/ilkd/key/proof/rules/ldt.key took 0 ms 
246447     DEBUG Test worker     d.u.i.k.n.ParsingFacade   PARSING file:/D:/a/key/key/key.core/build/resources/main/de/uka/ilkd/key/proof/rules/charListHeader.key took 0 ms 
246447     DEBUG Test worker     d.u.i.k.n.ParsingFacade   PARSING file:/D:/a/key/key/key.core/build/resources/main/de/uka/ilkd/key/proof/rules/wellfound.key took 0 ms 
246456     DEBUG Test worker     d.u.i.k.n.ParsingFacade   PARSING file:/D:/a/key/key/key.core/build/resources/main/de/uka/ilkd/key/proof/rules/freeADT.key took 0 ms 
246460     DEBUG Test worker     d.u.i.k.n.ParsingFacade   PARSING file:/D:/a/key/key/key.core/build/resources/main/de/uka/ilkd/key/proof/rules/map.key took 3 ms 
246467     DEBUG Test worker     d.u.i.k.n.ParsingFacade   PARSING file:/D:/a/key/key/key.core/build/resources/main/de/uka/ilkd/key/proof/rules/seq.key took 0 ms 
246468     DEBUG Test worker     d.u.i.k.n.ParsingFacade   PARSING file:/D:/a/key/key/key.core/build/resources/main/de/uka/ilkd/key/proof/rules/reach.key took 0 ms 
246469     DEBUG Test worker     d.u.i.k.n.ParsingFacade   PARSING file:/D:/a/key/key/key.core/build/resources/main/de/uka/ilkd/key/proof/rules/permission.key took 1 ms 
246469     DEBUG Test worker     d.u.i.k.n.ParsingFacade   PARSING file:/D:/a/key/key/key.core/build/resources/main/de/uka/ilkd/key/proof/rules/locSets.key took 0 ms 
246470     DEBUG Test worker     d.u.i.k.n.ParsingFacade   PARSING file:/D:/a/key/key/key.core/build/resources/main/de/uka/ilkd/key/proof/rules/heap.key took 1 ms 
246470     DEBUG Test worker     d.u.i.k.n.ParsingFacade   PARSING file:/D:/a/key/key/key.core/build/resources/main/de/uka/ilkd/key/proof/rules/floatHeader.key took 0 ms 
246471     DEBUG Test worker     d.u.i.k.n.ParsingFacade   PARSING file:/D:/a/key/key/key.core/build/resources/main/de/uka/ilkd/key/proof/rules/integerHeader.key took 0 ms 
246473     DEBUG Test worker     d.u.i.k.n.ParsingFacade   PARSING file:/D:/a/key/key/key.core/build/resources/main/de/uka/ilkd/key/proof/rules/ruleSetsDeclarations.key took 1 ms 
246473     DEBUG Test worker     d.u.i.k.n.ParsingFacade   PARSING file:/D:/a/key/key/key.core/build/resources/main/de/uka/ilkd/key/proof/rules/boolean.key took 0 ms 
246474     INFO  Test worker     d.u.i.k.n.KeyIO           Parsing took 441 ms 
246474     DEBUG Test worker     d.u.i.k.n.KeyIO           Load declarations of de.uka.ilkd.key.nparser.KeyAst$File:  file:/D:/a/key/key/key.core/build/resources/main/de/uka/ilkd/key/proof/rules/boolean.key:1#1 
246474     DEBUG Test worker     d.u.i.k.n.KeyIO           Load declarations of de.uka.ilkd.key.nparser.KeyAst$File:  file:/D:/a/key/key/key.core/build/resources/main/de/uka/ilkd/key/proof/rules/ruleSetsDeclarations.key:5#1 
246475     DEBUG Test worker     d.u.i.k.n.KeyIO           Load declarations of de.uka.ilkd.key.nparser.KeyAst$File:  file:/D:/a/key/key/key.core/build/resources/main/de/uka/ilkd/key/proof/rules/integerHeader.key:1#1 
246475     DEBUG Test worker     d.u.i.k.n.KeyIO           Load declarations of de.uka.ilkd.key.nparser.KeyAst$File:  file:/D:/a/key/key/key.core/build/resources/main/de/uka/ilkd/key/proof/rules/floatHeader.key:14#1 
246476     DEBUG Test worker     d.u.i.k.n.KeyIO           Load declarations of de.uka.ilkd.key.nparser.KeyAst$File:  file:/D:/a/key/key/key.core/build/resources/main/de/uka/ilkd/key/proof/rules/heap.key:4#1 
246476     DEBUG Test worker     d.u.i.k.n.KeyIO           Load declarations of de.uka.ilkd.key.nparser.KeyAst$File:  file:/D:/a/key/key/key.core/build/resources/main/de/uka/ilkd/key/proof/rules/locSets.key:4#1 
246476     DEBUG Test worker     d.u.i.k.n.KeyIO           Load declarations of de.uka.ilkd.key.nparser.KeyAst$File:  file:/D:/a/key/key/key.core/build/resources/main/de/uka/ilkd/key/proof/rules/permission.key:1#1 
246477     DEBUG Test worker     d.u.i.k.n.KeyIO           Load declarations of de.uka.ilkd.key.nparser.KeyAst$File:  file:/D:/a/key/key/key.core/build/resources/main/de/uka/ilkd/key/proof/rules/reach.key:3#1 
246477     DEBUG Test worker     d.u.i.k.n.KeyIO           Load declarations of de.uka.ilkd.key.nparser.KeyAst$File:  file:/D:/a/key/key/key.core/build/resources/main/de/uka/ilkd/key/proof/rules/seq.key:11#1 
246477     DEBUG Test worker     d.u.i.k.n.KeyIO           Load declarations of de.uka.ilkd.key.nparser.KeyAst$File:  file:/D:/a/key/key/key.core/build/resources/main/de/uka/ilkd/key/proof/rules/map.key:1#1 
246478     DEBUG Test worker     d.u.i.k.n.KeyIO           Load declarations of de.uka.ilkd.key.nparser.KeyAst$File:  file:/D:/a/key/key/key.core/build/resources/main/de/uka/ilkd/key/proof/rules/freeADT.key:17#1 
246478     DEBUG Test worker     d.u.i.k.n.KeyIO           Load declarations of de.uka.ilkd.key.nparser.KeyAst$File:  file:/D:/a/key/key/key.core/build/resources/main/de/uka/ilkd/key/proof/rules/wellfound.key:19#1 
246478     DEBUG Test worker     d.u.i.k.n.KeyIO           Load declarations of de.uka.ilkd.key.nparser.KeyAst$File:  file:/D:/a/key/key/key.core/build/resources/main/de/uka/ilkd/key/proof/rules/charListHeader.key:1#1 
246478     DEBUG Test worker     d.u.i.k.n.KeyIO           Load declarations of de.uka.ilkd.key.nparser.KeyAst$File:  file:/D:/a/key/key/key.core/build/resources/main/de/uka/ilkd/key/proof/rules/ldt.key:10#1 
246479     DEBUG Test worker     d.u.i.k.n.KeyIO           Load declarations of de.uka.ilkd.key.nparser.KeyAst$File:  file:/D:/a/key/key/key.core/build/resources/main/de/uka/ilkd/key/proof/rules/propRule.key:9#1 
246479     DEBUG Test worker     d.u.i.k.n.KeyIO           Load declarations of de.uka.ilkd.key.nparser.KeyAst$File:  file:/D:/a/key/key/key.core/build/resources/main/de/uka/ilkd/key/proof/rules/firstOrderRules.key:3#1 
246479     DEBUG Test worker     d.u.i.k.n.KeyIO           Load declarations of de.uka.ilkd.key.nparser.KeyAst$File:  file:/D:/a/key/key/key.core/build/resources/main/de/uka/ilkd/key/proof/rules/ifThenElseRules.key:5#1 
246480     DEBUG Test worker     d.u.i.k.n.KeyIO           Load declarations of de.uka.ilkd.key.nparser.KeyAst$File:  file:/D:/a/key/key/key.core/build/resources/main/de/uka/ilkd/key/proof/rules/formulaNormalisationRules.key:5#1 
246480     DEBUG Test worker     d.u.i.k.n.KeyIO           Load declarations of de.uka.ilkd.key.nparser.KeyAst$File:  file:/D:/a/key/key/key.core/build/resources/main/de/uka/ilkd/key/proof/rules/updateRules.key:1#1 
246480     DEBUG Test worker     d.u.i.k.n.KeyIO           Load declarations of de.uka.ilkd.key.nparser.KeyAst$File:  file:/D:/a/key/key/key.core/build/resources/main/de/uka/ilkd/key/proof/rules/integerRulesCommon.key:7#1 
246480     DEBUG Test worker     d.u.i.k.n.KeyIO           Load declarations of de.uka.ilkd.key.nparser.KeyAst$File:  file:/D:/a/key/key/key.core/build/resources/main/de/uka/ilkd/key/proof/rules/intRules.key:34#1 
246481     DEBUG Test worker     d.u.i.k.n.KeyIO           Load declarations of de.uka.ilkd.key.nparser.KeyAst$File:  file:/D:/a/key/key/key.core/build/resources/main/de/uka/ilkd/key/proof/rules/intRulesUncheckedSemantics.key:9#1 
246481     DEBUG Test worker     d.u.i.k.n.KeyIO           Load declarations of de.uka.ilkd.key.nparser.KeyAst$File:  file:/D:/a/key/key/key.core/build/resources/main/de/uka/ilkd/key/proof/rules/intRulesCheckedSemantics.key:7#1 
246481     DEBUG Test worker     d.u.i.k.n.KeyIO           Load declarations of de.uka.ilkd.key.nparser.KeyAst$File:  file:/D:/a/key/key/key.core/build/resources/main/de/uka/ilkd/key/proof/rules/intRulesJavaSemantics.key:7#1 
246482     DEBUG Test worker     d.u.i.k.n.KeyIO           Load declarations of de.uka.ilkd.key.nparser.KeyAst$File:  file:/D:/a/key/key/key.core/build/resources/main/de/uka/ilkd/key/proof/rules/integerSimplificationRules.key:7#1 
246482     DEBUG Test worker     d.u.i.k.n.KeyIO           Load declarations of de.uka.ilkd.key.nparser.KeyAst$File:  file:/D:/a/key/key/key.core/build/resources/main/de/uka/ilkd/key/proof/rules/intDiv.key:11#1 
246482     DEBUG Test worker     d.u.i.k.n.KeyIO           Load declarations of de.uka.ilkd.key.nparser.KeyAst$File:  file:/D:/a/key/key/key.core/build/resources/main/de/uka/ilkd/key/proof/rules/bsum.key:5#1 
246483     DEBUG Test worker     d.u.i.k.n.KeyIO           Load declarations of de.uka.ilkd.key.nparser.KeyAst$File:  file:/D:/a/key/key/key.core/build/resources/main/de/uka/ilkd/key/proof/rules/bprod.key:5#1 
246483     DEBUG Test worker     d.u.i.k.n.KeyIO           Load declarations of de.uka.ilkd.key.nparser.KeyAst$File:  file:/D:/a/key/key/key.core/build/resources/main/de/uka/ilkd/key/proof/rules/binaryAxioms.key:1#1 
246483     DEBUG Test worker     d.u.i.k.n.KeyIO           Load declarations of de.uka.ilkd.key.nparser.KeyAst$File:  file:/D:/a/key/key/key.core/build/resources/main/de/uka/ilkd/key/proof/rules/binaryLemmas.key:1#1 
246484     DEBUG Test worker     d.u.i.k.n.KeyIO           Load declarations of de.uka.ilkd.key.nparser.KeyAst$File:  file:/D:/a/key/key/key.core/build/resources/main/de/uka/ilkd/key/proof/rules/intPow.key:5#1 
246484     DEBUG Test worker     d.u.i.k.n.KeyIO           Load declarations of de.uka.ilkd.key.nparser.KeyAst$File:  file:/D:/a/key/key/key.core/build/resources/main/de/uka/ilkd/key/proof/rules/floatRulesCommon.key:15#1 
246484     DEBUG Test worker     d.u.i.k.n.KeyIO           Load declarations of de.uka.ilkd.key.nparser.KeyAst$File:  file:/D:/a/key/key/key.core/build/resources/main/de/uka/ilkd/key/proof/rules/floatRules.key:15#1 
246485     DEBUG Test worker     d.u.i.k.n.KeyIO           Load declarations of de.uka.ilkd.key.nparser.KeyAst$File:  file:/D:/a/key/key/key.core/build/resources/main/de/uka/ilkd/key/proof/rules/floatRulesVerifyNormal.key:60#1 
246485     DEBUG Test worker     d.u.i.k.n.KeyIO           Load declarations of de.uka.ilkd.key.nparser.KeyAst$File:  file:/D:/a/key/key/key.core/build/resources/main/de/uka/ilkd/key/proof/rules/floatRulesAssumeStrictfp.key:15#1 
246486     DEBUG Test worker     d.u.i.k.n.KeyIO           Load declarations of de.uka.ilkd.key.nparser.KeyAst$File:  file:/D:/a/key/key/key.core/build/resources/main/de/uka/ilkd/key/proof/rules/genericRules.key:5#1 
246486     DEBUG Test worker     d.u.i.k.n.KeyIO           Load declarations of de.uka.ilkd.key.nparser.KeyAst$File:  file:/D:/a/key/key/key.core/build/resources/main/de/uka/ilkd/key/proof/rules/booleanRules.key:1#1 
246486     DEBUG Test worker     d.u.i.k.n.KeyIO           Load declarations of de.uka.ilkd.key.nparser.KeyAst$File:  file:/D:/a/key/key/key.core/build/resources/main/de/uka/ilkd/key/proof/rules/epsilon.key:1#1 
246486     DEBUG Test worker     d.u.i.k.n.KeyIO           Load declarations of de.uka.ilkd.key.nparser.KeyAst$File:  file:/D:/a/key/key/key.core/build/resources/main/de/uka/ilkd/key/proof/rules/locSetsRules.key:4#1 
246487     DEBUG Test worker     d.u.i.k.n.KeyIO           Load declarations of de.uka.ilkd.key.nparser.KeyAst$File:  file:/D:/a/key/key/key.core/build/resources/main/de/uka/ilkd/key/proof/rules/heapRules.key:5#1 
246487     DEBUG Test worker     d.u.i.k.n.KeyIO           Load declarations of de.uka.ilkd.key.nparser.KeyAst$File:  file:/D:/a/key/key/key.core/build/resources/main/de/uka/ilkd/key/proof/rules/permissionRules.key:1#1 
246487     DEBUG Test worker     d.u.i.k.n.KeyIO           Load declarations of de.uka.ilkd.key.nparser.KeyAst$File:  file:/D:/a/key/key/key.core/build/resources/main/de/uka/ilkd/key/proof/rules/reachRules.key:1#1 
246488     DEBUG Test worker     d.u.i.k.n.KeyIO           Load declarations of de.uka.ilkd.key.nparser.KeyAst$File:  file:/D:/a/key/key/key.core/build/resources/main/de/uka/ilkd/key/proof/rules/seqCoreRules.key:8#1 
246488     DEBUG Test worker     d.u.i.k.n.KeyIO           Load declarations of de.uka.ilkd.key.nparser.KeyAst$File:  file:/D:/a/key/key/key.core/build/resources/main/de/uka/ilkd/key/proof/rules/seqRules.key:7#1 
246488     DEBUG Test worker     d.u.i.k.n.KeyIO           Load declarations of de.uka.ilkd.key.nparser.KeyAst$File:  file:/D:/a/key/key/key.core/build/resources/main/de/uka/ilkd/key/proof/rules/seqPerm.key:12#1 
246488     DEBUG Test worker     d.u.i.k.n.KeyIO           Load declarations of de.uka.ilkd.key.nparser.KeyAst$File:  file:/D:/a/key/key/key.core/build/resources/main/de/uka/ilkd/key/proof/rules/seqPerm2.key:9#1 
246489     DEBUG Test worker     d.u.i.k.n.KeyIO           Load declarations of de.uka.ilkd.key.nparser.KeyAst$File:  file:/D:/a/key/key/key.core/build/resources/main/de/uka/ilkd/key/proof/rules/assertions.key:1#1 
246489     DEBUG Test worker     d.u.i.k.n.KeyIO           Load declarations of de.uka.ilkd.key.nparser.KeyAst$File:  file:/D:/a/key/key/key.core/build/resources/main/de/uka/ilkd/key/proof/rules/javaRules.key:4#1 
246490     DEBUG Test worker     d.u.i.k.n.KeyIO           Load declarations of de.uka.ilkd.key.nparser.KeyAst$File:  file:/D:/a/key/key/key.core/build/resources/main/de/uka/ilkd/key/proof/rules/loopRules.key:2#1 
246490     DEBUG Test worker     d.u.i.k.n.KeyIO           Load declarations of de.uka.ilkd.key.nparser.KeyAst$File:  file:/D:/a/key/key/key.core/build/resources/main/de/uka/ilkd/key/proof/rules/activeUse.key:1#1 
246490     DEBUG Test worker     d.u.i.k.n.KeyIO           Load declarations of de.uka.ilkd.key.nparser.KeyAst$File:  file:/D:/a/key/key/key.core/build/resources/main/de/uka/ilkd/key/proof/rules/instanceAllocation.key:1#1 
246490     DEBUG Test worker     d.u.i.k.n.KeyIO           Load declarations of de.uka.ilkd.key.nparser.KeyAst$File:  file:/D:/a/key/key/key.core/build/resources/main/de/uka/ilkd/key/proof/rules/java5.key:1#1 
246491     DEBUG Test worker     d.u.i.k.n.KeyIO           Load declarations of de.uka.ilkd.key.nparser.KeyAst$File:  file:/D:/a/key/key/key.core/build/resources/main/de/uka/ilkd/key/proof/rules/integerAssignment2UpdateRules.key:12#1 
246491     DEBUG Test worker     d.u.i.k.n.KeyIO           Load declarations of de.uka.ilkd.key.nparser.KeyAst$File:  file:/D:/a/key/key/key.core/build/resources/main/de/uka/ilkd/key/proof/rules/floatAssignment2UpdateRules.key:15#1 
246491     DEBUG Test worker     d.u.i.k.n.KeyIO           Load declarations of de.uka.ilkd.key.nparser.KeyAst$File:  file:/D:/a/key/key/key.core/build/resources/main/de/uka/ilkd/key/proof/rules/bigint.key:7#1 
246492     DEBUG Test worker     d.u.i.k.n.KeyIO           Load declarations of de.uka.ilkd.key.nparser.KeyAst$File:  file:/D:/a/key/key/key.core/build/resources/main/de/uka/ilkd/key/proof/rules/adtProgramDecompositionRules.key:1#1 
246492     DEBUG Test worker     d.u.i.k.n.KeyIO           Load declarations of de.uka.ilkd.key.nparser.KeyAst$File:  file:/D:/a/key/key/key.core/build/resources/main/de/uka/ilkd/key/proof/rules/precRules.key:1#1 
246493     DEBUG Test worker     d.u.i.k.n.KeyIO           Load declarations of de.uka.ilkd.key.nparser.KeyAst$File:  file:/D:/a/key/key/key.core/build/resources/main/de/uka/ilkd/key/proof/rules/charListRules.key:1#1 
246493     DEBUG Test worker     d.u.i.k.n.KeyIO           Load declarations of de.uka.ilkd.key.nparser.KeyAst$File:  file:/D:/a/key/key/key.core/build/resources/main/de/uka/ilkd/key/proof/rules/regExHeader.key:1#1 
246493     DEBUG Test worker     d.u.i.k.n.KeyIO           Load declarations of de.uka.ilkd.key.nparser.KeyAst$File:  file:/D:/a/key/key/key.core/build/resources/main/de/uka/ilkd/key/proof/rules/regExAxioms.key:1#1 
246494     DEBUG Test worker     d.u.i.k.n.KeyIO           Load declarations of de.uka.ilkd.key.nparser.KeyAst$File:  file:/D:/a/key/key/key.core/build/resources/main/de/uka/ilkd/key/proof/rules/regExLemmaProven.key:1#1 
246494     DEBUG Test worker     d.u.i.k.n.KeyIO           Load declarations of de.uka.ilkd.key.nparser.KeyAst$File:  file:/D:/a/key/key/key.core/build/resources/main/de/uka/ilkd/key/proof/rules/regExTheory.key:1#1 
246494     DEBUG Test worker     d.u.i.k.n.KeyIO           Load declarations of de.uka.ilkd.key.nparser.KeyAst$File:  file:/D:/a/key/key/key.core/build/resources/main/de/uka/ilkd/key/proof/rules/seqEq.key:1#1 
246494     DEBUG Test worker     d.u.i.k.n.KeyIO           Load declarations of de.uka.ilkd.key.nparser.KeyAst$File:  file:/D:/a/key/key/key.core/build/resources/main/de/uka/ilkd/key/proof/rules/infFlow.key:6#1 
246511     DEBUG Test worker     d.u.i.k.n.KeyIO           Load declarations of de.uka.ilkd.key.nparser.KeyAst$File:  file:/D:/a/key/key/key.core/build/resources/main/de/uka/ilkd/key/proof/rules/mapSize.key:5#1 
246512     DEBUG Test worker     d.u.i.k.n.KeyIO           Load declarations of de.uka.ilkd.key.nparser.KeyAst$File:  file:/D:/a/key/key/key.core/build/resources/main/de/uka/ilkd/key/proof/rules/wdHeader.key:1#1 
246512     DEBUG Test worker     d.u.i.k.n.KeyIO           Load declarations of de.uka.ilkd.key.nparser.KeyAst$File:  file:/D:/a/key/key/key.core/build/resources/main/de/uka/ilkd/key/proof/rules/wdGeneralRules.key:1#1 
246513     DEBUG Test worker     d.u.i.k.n.KeyIO           Load declarations of de.uka.ilkd.key.nparser.KeyAst$File:  file:/D:/a/key/key/key.core/build/resources/main/de/uka/ilkd/key/proof/rules/wdNumericalRules.key:1#1 
246513     DEBUG Test worker     d.u.i.k.n.KeyIO           Load declarations of de.uka.ilkd.key.nparser.KeyAst$File:  file:/D:/a/key/key/key.core/build/resources/main/de/uka/ilkd/key/proof/rules/wdLocSetRules.key:1#1 
246513     DEBUG Test worker     d.u.i.k.n.KeyIO           Load declarations of de.uka.ilkd.key.nparser.KeyAst$File:  file:/D:/a/key/key/key.core/build/resources/main/de/uka/ilkd/key/proof/rules/wdHeapRules.key:1#1 
246514     DEBUG Test worker     d.u.i.k.n.KeyIO           Load declarations of de.uka.ilkd.key.nparser.KeyAst$File:  file:/D:/a/key/key/key.core/build/resources/main/de/uka/ilkd/key/proof/rules/wdReachRules.key:1#1 
246514     DEBUG Test worker     d.u.i.k.n.KeyIO           Load declarations of de.uka.ilkd.key.nparser.KeyAst$File:  file:/D:/a/key/key/key.core/build/resources/main/de/uka/ilkd/key/proof/rules/wdSeqRules.key:1#1 
246514     DEBUG Test worker     d.u.i.k.n.KeyIO           Load declarations of de.uka.ilkd.key.nparser.KeyAst$File:  file:/D:/a/key/key/key.core/build/resources/main/de/uka/ilkd/key/proof/rules/wdStringRules.key:1#1 
246515     DEBUG Test worker     d.u.i.k.n.KeyIO           Load declarations of de.uka.ilkd.key.nparser.KeyAst$File:  file:/D:/a/key/key/key.core/build/resources/main/de/uka/ilkd/key/proof/rules/wdRegExRules.key:1#1 
246515     DEBUG Test worker     d.u.i.k.n.KeyIO           Load declarations of de.uka.ilkd.key.nparser.KeyAst$File:  file:/D:/a/key/key/key.core/build/resources/main/de/uka/ilkd/key/proof/rules/wdFormulaRules.key:1#1 
246515     DEBUG Test worker     d.u.i.k.n.KeyIO           Load declarations of de.uka.ilkd.key.nparser.KeyAst$File:  file:/D:/a/key/key/key.core/build/resources/main/de/uka/ilkd/key/proof/rules/wd.key:14#1 
246515     DEBUG Test worker     d.u.i.k.n.KeyIO           Load declarations of de.uka.ilkd.key.nparser.KeyAst$File:  file:/D:/a/key/key/key.core/build/resources/main/de/uka/ilkd/key/proof/rules/loopInvariantRules.key:3#1 
246516     DEBUG Test worker     d.u.i.k.n.KeyIO           Load declarations of de.uka.ilkd.key.nparser.KeyAst$File:  file:/D:/a/key/key/key.core/build/resources/main/de/uka/ilkd/key/proof/rules/forLoopRules.key:1#1 
246516     DEBUG Test worker     d.u.i.k.n.KeyIO           Load declarations of de.uka.ilkd.key.nparser.KeyAst$File:  file:/D:/a/key/key/key.core/build/resources/main/de/uka/ilkd/key/proof/rules/execRules.key:2#1 
246516     DEBUG Test worker     d.u.i.k.n.KeyIO           Load declarations of de.uka.ilkd.key.nparser.KeyAst$File:  file:/D:/a/key/key/key.core/build/resources/main/de/uka/ilkd/key/proof/rules/loopScopeRules.key:1#1 
246517     DEBUG Test worker     d.u.i.k.n.KeyIO           Load declarations of de.uka.ilkd.key.nparser.KeyAst$File:  file:/D:/a/key/key/key.core/build/resources/main/de/uka/ilkd/key/proof/rules/standardRules.key:1#1 
246518     INFO  Test worker     d.u.i.k.n.KeyIO           MODE: declarations took 44 ms 
246520     DEBUG Test worker     d.u.i.k.n.KeyIO           MODE: 2nd degree decls took 2 
246702     DEBUG Test worker     d.u.i.k.j.TypeConverter   No LDT found for JavaBigintExpression 
247192     DEBUG Test worker     d.u.i.k.j.TypeConverter   No LDT found for Meta 
247192     DEBUG Test worker     d.u.i.k.j.TypeConverter   No LDT found for Meta 
247192     DEBUG Test worker     d.u.i.k.j.TypeConverter   No LDT found for Meta 
247192     DEBUG Test worker     d.u.i.k.j.TypeConverter   No LDT found for Meta 
247239     DEBUG Test worker     d.u.i.k.n.KeyIO           MODE: taclets took 718ms 
]]></system-out>
  <system-err><![CDATA[]]></system-err>
</testsuite>
