<?xml version="1.0" encoding="UTF-8"?>
<testsuite name="de.uka.ilkd.key.proof.io.consistency.TestProofBundleIO" tests="3" skipped="0" failures="0" errors="0" timestamp="2023-05-23T13:35:33" hostname="fv-az553-149" time="9.171">
  <properties/>
  <testcase name="testSimpleFileRepo()" classname="de.uka.ilkd.key.proof.io.consistency.TestProofBundleIO" time="0.047"/>
  <testcase name="testComplexBundleGeneration()" classname="de.uka.ilkd.key.proof.io.consistency.TestProofBundleIO" time="1.717"/>
  <testcase name="testSimpleBundleGeneration()" classname="de.uka.ilkd.key.proof.io.consistency.TestProofBundleIO" time="7.405"/>
  <system-out><![CDATA[532711     INFO  Test worker     d.u.i.k.p.i.AbstractProblemLoader Loading environment from D:\a\key\key\key.core\src\test\resources\testcase\proofBundle\complexBundleGeneration\test.key 
532711     DEBUG Test worker     d.u.i.k.p.i.AbstractProblemLoader Environment load took 130.9ns 
532711     INFO  Test worker     d.u.i.k.p.i.AbstractProblemLoader Creating init config 
533273     DEBUG Test worker     d.u.i.k.p.i.AbstractProblemLoader Init config took 564.8ms 
533320     INFO  Test worker     d.u.i.k.p.i.AbstractProblemLoader Replaying proof Test[Test::constant()].JML normal_behavior operation contract.0 
533320     DEBUG Test worker     d.u.i.k.p.i.IntermediateProofReplayer Proof replay took 8.8ns 
533673     INFO  Test worker     d.u.i.k.p.i.AbstractProblemLoader Loading environment from D:\a\key\key\key.core\src\test\resources\testcase\proofBundle\complexBundleGeneration\test.zproof 
533720     DEBUG Test worker     d.u.i.k.p.i.AbstractProblemLoader Environment load took 60.81ms 
533735     INFO  Test worker     d.u.i.k.p.i.AbstractProblemLoader Creating init config 
534354     DEBUG Test worker     d.u.i.k.p.i.AbstractProblemLoader Init config took 621.6ms 
534400     INFO  Test worker     d.u.i.k.p.i.AbstractProblemLoader Replaying proof Test[Test::constant()].JML normal_behavior operation contract.0 
534416     DEBUG Test worker     d.u.i.k.p.i.IntermediateProofReplayer Proof replay took 25.97ms 
534432     INFO  Test worker     d.u.i.k.p.i.AbstractProblemLoader Loading environment from D:\a\key\key\key.core\src\test\resources\testcase\proofBundle\simpleBundleGeneration\test.key 
534432     DEBUG Test worker     d.u.i.k.p.i.AbstractProblemLoader Environment load took 514.6ns 
534432     INFO  Test worker     d.u.i.k.p.i.AbstractProblemLoader Creating init config 
538028     DEBUG Test worker     d.u.i.k.p.i.AbstractProblemLoader Init config took 3.59s 
538075     INFO  Test worker     d.u.i.k.p.i.AbstractProblemLoader Replaying proof Test[Test::constant()].JML normal_behavior operation contract.0 
538075     DEBUG Test worker     d.u.i.k.p.i.IntermediateProofReplayer Proof replay took 11.7ns 
538192     INFO  Test worker     d.u.i.k.p.i.AbstractProblemLoader Loading environment from D:\a\key\key\key.core\src\test\resources\testcase\proofBundle\simpleBundleGeneration\test.zproof 
538207     DEBUG Test worker     d.u.i.k.p.i.AbstractProblemLoader Environment load took 4.95ms 
538207     INFO  Test worker     d.u.i.k.p.i.AbstractProblemLoader Creating init config 
541761     DEBUG Test worker     d.u.i.k.p.i.AbstractProblemLoader Init config took 3.55s 
541823     INFO  Test worker     d.u.i.k.p.i.AbstractProblemLoader Replaying proof Test[Test::constant()].JML normal_behavior operation contract.0 
541839     DEBUG Test worker     d.u.i.k.p.i.IntermediateProofReplayer Proof replay took 10ms 
]]></system-out>
  <system-err><![CDATA[]]></system-err>
</testsuite>
