<?xml version="1.0" encoding="UTF-8"?>
<testsuite name="de.uka.ilkd.key.rule.merge.PredicateAbstractionLatticeTests" tests="3" skipped="0" failures="0" errors="0" timestamp="2023-05-23T13:37:36" hostname="fv-az553-149" time="8.003">
  <properties/>
  <testcase name="testToAndFromString()" classname="de.uka.ilkd.key.rule.merge.PredicateAbstractionLatticeTests" time="4.376"/>
  <testcase name="testCreateSignLatticeWithPredicates()" classname="de.uka.ilkd.key.rule.merge.PredicateAbstractionLatticeTests" time="3.627"/>
  <testcase name="testTrivialPredicatesLattice()" classname="de.uka.ilkd.key.rule.merge.PredicateAbstractionLatticeTests" time="0.0"/>
  <system-out><![CDATA[655520     INFO  Test worker     d.u.i.k.p.i.AbstractProblemLoader Loading environment from src\test\resources\testcase\merge\dummy.key 
655520     DEBUG Test worker     d.u.i.k.p.i.AbstractProblemLoader Environment load took 126.9ns 
655520     INFO  Test worker     d.u.i.k.p.i.AbstractProblemLoader Creating init config 
659866     DEBUG Test worker     d.u.i.k.p.i.AbstractProblemLoader Init config took 4.35s 
659898     INFO  Test worker     d.u.i.k.p.i.AbstractProblemLoader Replaying proof dummy.key 
659898     DEBUG Test worker     d.u.i.k.p.i.IntermediateProofReplayer Proof replay took 10.2ns 
659898     INFO  Test worker     d.u.i.k.p.i.AbstractProblemLoader Loading environment from src\test\resources\testcase\merge\dummy.key 
659898     DEBUG Test worker     d.u.i.k.p.i.AbstractProblemLoader Environment load took 419.2ns 
659898     INFO  Test worker     d.u.i.k.p.i.AbstractProblemLoader Creating init config 
663509     DEBUG Test worker     d.u.i.k.p.i.AbstractProblemLoader Init config took 3.61s 
663525     INFO  Test worker     d.u.i.k.p.i.AbstractProblemLoader Replaying proof dummy.key 
663525     DEBUG Test worker     d.u.i.k.p.i.IntermediateProofReplayer Proof replay took 9ns 
]]></system-out>
  <system-err><![CDATA[]]></system-err>
</testsuite>
