<?xml version="1.0" encoding="UTF-8"?>
<testsuite name="de.uka.ilkd.key.logic.TestClashFreeSubst" tests="14" skipped="2" failures="0" errors="0" timestamp="2023-05-23T13:27:28" hostname="fv-az553-149" time="59.504">
  <properties/>
  <testcase name="testMultiShareBound()" classname="de.uka.ilkd.key.logic.TestClashFreeSubst" time="1.206"/>
  <testcase name="testClash()" classname="de.uka.ilkd.key.logic.TestClashFreeSubst" time="1.151"/>
  <testcase name="testShare()" classname="de.uka.ilkd.key.logic.TestClashFreeSubst" time="1.128"/>
  <testcase name="testSubst()" classname="de.uka.ilkd.key.logic.TestClashFreeSubst" time="1.075"/>
  <testcase name="testWary0()" classname="de.uka.ilkd.key.logic.TestClashFreeSubst" time="1.091"/>
  <testcase name="testWary1()" classname="de.uka.ilkd.key.logic.TestClashFreeSubst" time="1.098"/>
  <testcase name="testWary2()" classname="de.uka.ilkd.key.logic.TestClashFreeSubst" time="1.079"/>
  <testcase name="testClashInSubstTerm()" classname="de.uka.ilkd.key.logic.TestClashFreeSubst" time="1.065"/>
  <testcase name="testShareWary()" classname="de.uka.ilkd.key.logic.TestClashFreeSubst" time="1.06"/>
  <testcase name="testMultiSubst()" classname="de.uka.ilkd.key.logic.TestClashFreeSubst" time="1.09"/>
  <testcase name="xtestMultiClash()" classname="de.uka.ilkd.key.logic.TestClashFreeSubst" time="0.0">
    <skipped/>
  </testcase>
  <testcase name="testSubstInSubstTerm()" classname="de.uka.ilkd.key.logic.TestClashFreeSubst" time="1.103"/>
  <testcase name="testSubstWary()" classname="de.uka.ilkd.key.logic.TestClashFreeSubst" time="1.089"/>
  <testcase name="xtestMultiClash1()" classname="de.uka.ilkd.key.logic.TestClashFreeSubst" time="0.0">
    <skipped/>
  </testcase>
  <system-out><![CDATA[46913      INFO  Test worker     d.u.i.k.n.KeyIO           Parsing took 0 ms 
46913      DEBUG Test worker     d.u.i.k.n.KeyIO           Load declarations of de.uka.ilkd.key.nparser.KeyAst$File:  <unknown>:1#1 
46913      INFO  Test worker     d.u.i.k.n.KeyIO           MODE: declarations took 0 ms 
46913      DEBUG Test worker     d.u.i.k.n.KeyIO           MODE: 2nd degree decls took 0 
48108      INFO  Test worker     d.u.i.k.n.KeyIO           Parsing took 0 ms 
48108      DEBUG Test worker     d.u.i.k.n.KeyIO           Load declarations of de.uka.ilkd.key.nparser.KeyAst$File:  <unknown>:1#1 
48108      INFO  Test worker     d.u.i.k.n.KeyIO           MODE: declarations took 0 ms 
48108      DEBUG Test worker     d.u.i.k.n.KeyIO           MODE: 2nd degree decls took 0 
51899      INFO  Test worker     d.u.i.k.n.KeyIO           Parsing took 0 ms 
51899      DEBUG Test worker     d.u.i.k.n.KeyIO           Load declarations of de.uka.ilkd.key.nparser.KeyAst$File:  <unknown>:1#1 
51899      INFO  Test worker     d.u.i.k.n.KeyIO           MODE: declarations took 0 ms 
51899      DEBUG Test worker     d.u.i.k.n.KeyIO           MODE: 2nd degree decls took 0 
53046      INFO  Test worker     d.u.i.k.n.KeyIO           Parsing took 0 ms 
53046      DEBUG Test worker     d.u.i.k.n.KeyIO           Load declarations of de.uka.ilkd.key.nparser.KeyAst$File:  <unknown>:1#1 
53046      INFO  Test worker     d.u.i.k.n.KeyIO           MODE: declarations took 0 ms 
53046      DEBUG Test worker     d.u.i.k.n.KeyIO           MODE: 2nd degree decls took 0 
56694      INFO  Test worker     d.u.i.k.n.KeyIO           Parsing took 0 ms 
56710      DEBUG Test worker     d.u.i.k.n.KeyIO           Load declarations of de.uka.ilkd.key.nparser.KeyAst$File:  <unknown>:1#1 
56710      INFO  Test worker     d.u.i.k.n.KeyIO           MODE: declarations took 0 ms 
56710      DEBUG Test worker     d.u.i.k.n.KeyIO           MODE: 2nd degree decls took 0 
57820      INFO  Test worker     d.u.i.k.n.KeyIO           Parsing took 0 ms 
57820      DEBUG Test worker     d.u.i.k.n.KeyIO           Load declarations of de.uka.ilkd.key.nparser.KeyAst$File:  <unknown>:1#1 
57820      INFO  Test worker     d.u.i.k.n.KeyIO           MODE: declarations took 0 ms 
57820      DEBUG Test worker     d.u.i.k.n.KeyIO           MODE: 2nd degree decls took 0 
61419      INFO  Test worker     d.u.i.k.n.KeyIO           Parsing took 0 ms 
61419      DEBUG Test worker     d.u.i.k.n.KeyIO           Load declarations of de.uka.ilkd.key.nparser.KeyAst$File:  <unknown>:1#1 
61419      INFO  Test worker     d.u.i.k.n.KeyIO           MODE: declarations took 0 ms 
61419      DEBUG Test worker     d.u.i.k.n.KeyIO           MODE: 2nd degree decls took 0 
62491      INFO  Test worker     d.u.i.k.n.KeyIO           Parsing took 0 ms 
62491      DEBUG Test worker     d.u.i.k.n.KeyIO           Load declarations of de.uka.ilkd.key.nparser.KeyAst$File:  <unknown>:1#1 
62491      INFO  Test worker     d.u.i.k.n.KeyIO           MODE: declarations took 0 ms 
62491      DEBUG Test worker     d.u.i.k.n.KeyIO           MODE: 2nd degree decls took 0 
66078      INFO  Test worker     d.u.i.k.n.KeyIO           Parsing took 0 ms 
66078      DEBUG Test worker     d.u.i.k.n.KeyIO           Load declarations of de.uka.ilkd.key.nparser.KeyAst$File:  <unknown>:1#1 
66078      INFO  Test worker     d.u.i.k.n.KeyIO           MODE: declarations took 0 ms 
66078      DEBUG Test worker     d.u.i.k.n.KeyIO           MODE: 2nd degree decls took 0 
67166      INFO  Test worker     d.u.i.k.n.KeyIO           Parsing took 0 ms 
67166      DEBUG Test worker     d.u.i.k.n.KeyIO           Load declarations of de.uka.ilkd.key.nparser.KeyAst$File:  <unknown>:1#1 
67166      INFO  Test worker     d.u.i.k.n.KeyIO           MODE: declarations took 0 ms 
67166      DEBUG Test worker     d.u.i.k.n.KeyIO           MODE: 2nd degree decls took 0 
70686      INFO  Test worker     d.u.i.k.n.KeyIO           Parsing took 0 ms 
70686      DEBUG Test worker     d.u.i.k.n.KeyIO           Load declarations of de.uka.ilkd.key.nparser.KeyAst$File:  <unknown>:1#1 
70686      INFO  Test worker     d.u.i.k.n.KeyIO           MODE: declarations took 0 ms 
70686      DEBUG Test worker     d.u.i.k.n.KeyIO           MODE: 2nd degree decls took 0 
71773      INFO  Test worker     d.u.i.k.n.KeyIO           Parsing took 0 ms 
71773      DEBUG Test worker     d.u.i.k.n.KeyIO           Load declarations of de.uka.ilkd.key.nparser.KeyAst$File:  <unknown>:1#1 
71773      INFO  Test worker     d.u.i.k.n.KeyIO           MODE: declarations took 0 ms 
71773      DEBUG Test worker     d.u.i.k.n.KeyIO           MODE: 2nd degree decls took 0 
75242      INFO  Test worker     d.u.i.k.n.KeyIO           Parsing took 0 ms 
75242      DEBUG Test worker     d.u.i.k.n.KeyIO           Load declarations of de.uka.ilkd.key.nparser.KeyAst$File:  <unknown>:1#1 
75242      INFO  Test worker     d.u.i.k.n.KeyIO           MODE: declarations took 0 ms 
75242      DEBUG Test worker     d.u.i.k.n.KeyIO           MODE: 2nd degree decls took 0 
76320      INFO  Test worker     d.u.i.k.n.KeyIO           Parsing took 0 ms 
76320      DEBUG Test worker     d.u.i.k.n.KeyIO           Load declarations of de.uka.ilkd.key.nparser.KeyAst$File:  <unknown>:1#1 
76320      INFO  Test worker     d.u.i.k.n.KeyIO           MODE: declarations took 0 ms 
76320      DEBUG Test worker     d.u.i.k.n.KeyIO           MODE: 2nd degree decls took 0 
79829      INFO  Test worker     d.u.i.k.n.KeyIO           Parsing took 0 ms 
79829      DEBUG Test worker     d.u.i.k.n.KeyIO           Load declarations of de.uka.ilkd.key.nparser.KeyAst$File:  <unknown>:1#1 
79829      INFO  Test worker     d.u.i.k.n.KeyIO           MODE: declarations took 0 ms 
79829      DEBUG Test worker     d.u.i.k.n.KeyIO           MODE: 2nd degree decls took 0 
80888      INFO  Test worker     d.u.i.k.n.KeyIO           Parsing took 0 ms 
80888      DEBUG Test worker     d.u.i.k.n.KeyIO           Load declarations of de.uka.ilkd.key.nparser.KeyAst$File:  <unknown>:1#1 
80888      INFO  Test worker     d.u.i.k.n.KeyIO           MODE: declarations took 0 ms 
80888      DEBUG Test worker     d.u.i.k.n.KeyIO           MODE: 2nd degree decls took 0 
84436      INFO  Test worker     d.u.i.k.n.KeyIO           Parsing took 0 ms 
84436      DEBUG Test worker     d.u.i.k.n.KeyIO           Load declarations of de.uka.ilkd.key.nparser.KeyAst$File:  <unknown>:1#1 
84436      INFO  Test worker     d.u.i.k.n.KeyIO           MODE: declarations took 0 ms 
84436      DEBUG Test worker     d.u.i.k.n.KeyIO           MODE: 2nd degree decls took 0 
85485      INFO  Test worker     d.u.i.k.n.KeyIO           Parsing took 0 ms 
85485      DEBUG Test worker     d.u.i.k.n.KeyIO           Load declarations of de.uka.ilkd.key.nparser.KeyAst$File:  <unknown>:1#1 
85485      INFO  Test worker     d.u.i.k.n.KeyIO           MODE: declarations took 0 ms 
85485      DEBUG Test worker     d.u.i.k.n.KeyIO           MODE: 2nd degree decls took 0 
89037      INFO  Test worker     d.u.i.k.n.KeyIO           Parsing took 0 ms 
89039      DEBUG Test worker     d.u.i.k.n.KeyIO           Load declarations of de.uka.ilkd.key.nparser.KeyAst$File:  <unknown>:1#1 
89039      INFO  Test worker     d.u.i.k.n.KeyIO           MODE: declarations took 0 ms 
89039      DEBUG Test worker     d.u.i.k.n.KeyIO           MODE: 2nd degree decls took 0 
90106      INFO  Test worker     d.u.i.k.n.KeyIO           Parsing took 0 ms 
90106      DEBUG Test worker     d.u.i.k.n.KeyIO           Load declarations of de.uka.ilkd.key.nparser.KeyAst$File:  <unknown>:1#1 
90106      INFO  Test worker     d.u.i.k.n.KeyIO           MODE: declarations took 0 ms 
90106      DEBUG Test worker     d.u.i.k.n.KeyIO           MODE: 2nd degree decls took 0 
97175      INFO  Test worker     d.u.i.k.n.KeyIO           Parsing took 0 ms 
97175      DEBUG Test worker     d.u.i.k.n.KeyIO           Load declarations of de.uka.ilkd.key.nparser.KeyAst$File:  <unknown>:1#1 
97190      INFO  Test worker     d.u.i.k.n.KeyIO           MODE: declarations took 15 ms 
97190      DEBUG Test worker     d.u.i.k.n.KeyIO           MODE: 2nd degree decls took 0 
98275      INFO  Test worker     d.u.i.k.n.KeyIO           Parsing took 0 ms 
98275      DEBUG Test worker     d.u.i.k.n.KeyIO           Load declarations of de.uka.ilkd.key.nparser.KeyAst$File:  <unknown>:1#1 
98275      INFO  Test worker     d.u.i.k.n.KeyIO           MODE: declarations took 0 ms 
98275      DEBUG Test worker     d.u.i.k.n.KeyIO           MODE: 2nd degree decls took 0 
101787     INFO  Test worker     d.u.i.k.n.KeyIO           Parsing took 0 ms 
101787     DEBUG Test worker     d.u.i.k.n.KeyIO           Load declarations of de.uka.ilkd.key.nparser.KeyAst$File:  <unknown>:1#1 
101787     INFO  Test worker     d.u.i.k.n.KeyIO           MODE: declarations took 0 ms 
101787     DEBUG Test worker     d.u.i.k.n.KeyIO           MODE: 2nd degree decls took 0 
102867     INFO  Test worker     d.u.i.k.n.KeyIO           Parsing took 0 ms 
102867     DEBUG Test worker     d.u.i.k.n.KeyIO           Load declarations of de.uka.ilkd.key.nparser.KeyAst$File:  <unknown>:1#1 
102867     INFO  Test worker     d.u.i.k.n.KeyIO           MODE: declarations took 0 ms 
102867     DEBUG Test worker     d.u.i.k.n.KeyIO           MODE: 2nd degree decls took 0 
]]></system-out>
  <system-err><![CDATA[]]></system-err>
</testsuite>
