<?xml version="1.0" encoding="UTF-8"?>
<testsuite name="de.uka.ilkd.key.parser.TestTermParserSorts" tests="2" skipped="0" failures="0" errors="0" timestamp="2023-05-23T13:35:15" hostname="fv-az553-149" time="3.53">
  <properties/>
  <testcase name="testParseIntegerArgs()" classname="de.uka.ilkd.key.parser.TestTermParserSorts" time="0.049"/>
  <testcase name="testParseSequencePrettySyntax()" classname="de.uka.ilkd.key.parser.TestTermParserSorts" time="0.005"/>
  <system-out><![CDATA[514577     INFO  Test worker     d.u.i.k.n.KeyIO           Parsing took 0 ms 
514577     DEBUG Test worker     d.u.i.k.n.KeyIO           Load declarations of de.uka.ilkd.key.nparser.KeyAst$File:  <unknown>:1#1 
514577     INFO  Test worker     d.u.i.k.n.KeyIO           MODE: declarations took 0 ms 
514577     DEBUG Test worker     d.u.i.k.n.KeyIO           MODE: 2nd degree decls took 0 
514577     INFO  Test worker     d.u.i.k.n.KeyIO           Parsing took 0 ms 
514577     DEBUG Test worker     d.u.i.k.n.KeyIO           Load declarations of de.uka.ilkd.key.nparser.KeyAst$File:  <unknown>:1#1 
514577     INFO  Test worker     d.u.i.k.n.KeyIO           MODE: declarations took 0 ms 
514577     DEBUG Test worker     d.u.i.k.n.KeyIO           MODE: 2nd degree decls took 0 
514577     INFO  Test worker     d.u.i.k.n.KeyIO           Parsing took 0 ms 
514577     DEBUG Test worker     d.u.i.k.n.KeyIO           Load declarations of de.uka.ilkd.key.nparser.KeyAst$File:  <unknown>:1#1 
514577     INFO  Test worker     d.u.i.k.n.KeyIO           MODE: declarations took 0 ms 
514577     DEBUG Test worker     d.u.i.k.n.KeyIO           MODE: 2nd degree decls took 0 
518102     INFO  Test worker     d.u.i.k.n.KeyIO           Parsing took 0 ms 
518102     DEBUG Test worker     d.u.i.k.n.KeyIO           Load declarations of de.uka.ilkd.key.nparser.KeyAst$File:  <unknown>:1#1 
518102     INFO  Test worker     d.u.i.k.n.KeyIO           MODE: declarations took 0 ms 
518102     DEBUG Test worker     d.u.i.k.n.KeyIO           MODE: 2nd degree decls took 0 
518102     INFO  Test worker     d.u.i.k.n.KeyIO           Parsing took 0 ms 
518102     DEBUG Test worker     d.u.i.k.n.KeyIO           Load declarations of de.uka.ilkd.key.nparser.KeyAst$File:  <unknown>:1#1 
518102     INFO  Test worker     d.u.i.k.n.KeyIO           MODE: declarations took 0 ms 
518102     DEBUG Test worker     d.u.i.k.n.KeyIO           MODE: 2nd degree decls took 0 
518102     INFO  Test worker     d.u.i.k.n.KeyIO           Parsing took 0 ms 
518102     DEBUG Test worker     d.u.i.k.n.KeyIO           Load declarations of de.uka.ilkd.key.nparser.KeyAst$File:  <unknown>:1#1 
518102     INFO  Test worker     d.u.i.k.n.KeyIO           MODE: declarations took 0 ms 
518102     DEBUG Test worker     d.u.i.k.n.KeyIO           MODE: 2nd degree decls took 0 
]]></system-out>
  <system-err><![CDATA[]]></system-err>
</testsuite>
