<?xml version="1.0" encoding="UTF-8"?>
<testsuite name="de.uka.ilkd.key.java.TestContextStatementBlock" tests="1" skipped="0" failures="0" errors="0" timestamp="2023-05-23T13:27:10" hostname="fv-az553-149" time="1.449">
  <properties/>
  <testcase name="testContextTermInstantiation()" classname="de.uka.ilkd.key.java.TestContextStatementBlock" time="1.449"/>
  <system-out><![CDATA[30485      INFO  Test worker     d.u.i.k.n.KeyIO           Parsing took 15 ms 
30485      DEBUG Test worker     d.u.i.k.n.KeyIO           Load declarations of de.uka.ilkd.key.nparser.KeyAst$File:  D:\a\key\key\key.core\src\test\resources\testcase\testrules.key:9#1 
30485      INFO  Test worker     d.u.i.k.n.KeyIO           MODE: declarations took 0 ms 
30485      DEBUG Test worker     d.u.i.k.n.KeyIO           MODE: 2nd degree decls took 0 
30610      DEBUG Test worker     d.u.i.k.n.KeyIO           MODE: taclets took 125ms 
]]></system-out>
  <system-err><![CDATA[]]></system-err>
</testsuite>
