<?xml version="1.0" encoding="UTF-8"?>
<testsuite name="de.uka.ilkd.key.proof.TestOneStepSimplifier" tests="1" skipped="0" failures="0" errors="0" timestamp="2023-05-23T13:35:19" hostname="fv-az553-149" time="4.788">
  <properties/>
  <testcase name="loadWithRestriction()" classname="de.uka.ilkd.key.proof.TestOneStepSimplifier" time="4.788"/>
  <system-out><![CDATA[518170     INFO  Test worker     d.u.i.k.p.i.AbstractProblemLoader Loading environment from src\test\resources\testcase\ossRestriction.proof 
518170     DEBUG Test worker     d.u.i.k.p.i.AbstractProblemLoader Environment load took 147.5ns 
518173     INFO  Test worker     d.u.i.k.p.i.AbstractProblemLoader Creating init config 
518406     DEBUG Test worker     d.u.i.k.j.TypeConverter   No LDT found for Meta 
518406     DEBUG Test worker     d.u.i.k.j.TypeConverter   No LDT found for Meta 
518406     DEBUG Test worker     d.u.i.k.j.TypeConverter   No LDT found for Meta 
518406     DEBUG Test worker     d.u.i.k.j.TypeConverter   No LDT found for Meta 
519037     DEBUG Test worker     d.u.i.k.j.TypeConverter   No LDT found for JavaBigintExpression 
522915     DEBUG Test worker     d.u.i.k.p.i.AbstractProblemLoader Init config took 4.74s 
522947     INFO  Test worker     d.u.i.k.p.i.AbstractProblemLoader Replaying proof ossRestriction.proof 
522947     DEBUG Test worker     d.u.i.k.p.i.IntermediateProofReplayer Proof replay took 1.97ms 
]]></system-out>
  <system-err><![CDATA[]]></system-err>
</testsuite>
