<?xml version="1.0" encoding="UTF-8"?>
<testsuite name="de.uka.ilkd.key.parser.TestParser" tests="5" skipped="1" failures="0" errors="0" timestamp="2023-05-23T13:32:44" hostname="fv-az553-149" time="5.917">
  <properties/>
  <testcase name="testConstantEvaluationError()" classname="de.uka.ilkd.key.parser.TestParser" time="1.199"/>
  <testcase name="testGenericSort()" classname="de.uka.ilkd.key.parser.TestParser" time="0.003"/>
  <testcase name="testIssue1566()" classname="de.uka.ilkd.key.parser.TestParser" time="3.586"/>
  <testcase name="testIssue39()" classname="de.uka.ilkd.key.parser.TestParser" time="1.126"/>
  <testcase name="testRelativeInclude()" classname="de.uka.ilkd.key.parser.TestParser" time="0.002">
    <skipped/>
  </testcase>
  <system-out><![CDATA[362997     INFO  Test worker     d.u.i.k.p.i.AbstractProblemLoader Loading environment from src\test\resources\testcase\parserErrorTest\AssignToArray.java 
362997     DEBUG Test worker     d.u.i.k.p.i.AbstractProblemLoader Environment load took 109.9ns 
362997     INFO  Test worker     d.u.i.k.p.i.AbstractProblemLoader Creating init config 
364188     INFO  Test worker     d.u.i.k.n.KeyIO           Parsing took 0 ms 
364188     DEBUG Test worker     d.u.i.k.n.KeyIO           Load declarations of de.uka.ilkd.key.nparser.KeyAst$File:  <unknown>:1#1 
364188     INFO  Test worker     d.u.i.k.n.KeyIO           MODE: declarations took 0 ms 
364188     DEBUG Test worker     d.u.i.k.n.KeyIO           MODE: 2nd degree decls took 0 
364188     DEBUG Test worker     d.u.i.k.n.KeyIO           MODE: taclets took 0ms 
364188     INFO  Test worker     d.u.i.k.p.i.AbstractProblemLoader Loading environment from src\test\resources\testcase\issues\1566\a.key 
364188     DEBUG Test worker     d.u.i.k.p.i.AbstractProblemLoader Environment load took 421.6ns 
364204     INFO  Test worker     d.u.i.k.p.i.AbstractProblemLoader Creating init config 
367757     DEBUG Test worker     d.u.i.k.p.i.AbstractProblemLoader Init config took 3.56s 
367772     INFO  Test worker     d.u.i.k.p.i.AbstractProblemLoader Replaying proof a.key 
367772     DEBUG Test worker     d.u.i.k.p.i.IntermediateProofReplayer Proof replay took 10.7ns 
367772     INFO  Test worker     d.u.i.k.p.i.AbstractProblemLoader Loading environment from src\test\resources\testcase\issues\39\A.java 
367772     DEBUG Test worker     d.u.i.k.p.i.AbstractProblemLoader Environment load took 114.5ns 
367788     INFO  Test worker     d.u.i.k.p.i.AbstractProblemLoader Creating init config 
]]></system-out>
  <system-err><![CDATA[]]></system-err>
</testsuite>
