<?xml version="1.0" encoding="UTF-8"?>
<testsuite name="de.uka.ilkd.key.parser.TestDeclParser" tests="14" skipped="2" failures="0" errors="0" timestamp="2023-05-23T13:31:00" hostname="fv-az553-149" time="13.527">
  <properties/>
  <testcase name="testGenericSortDecl1()" classname="de.uka.ilkd.key.parser.TestDeclParser" time="1.143"/>
  <testcase name="testGenericSortDecl2()" classname="de.uka.ilkd.key.parser.TestDeclParser" time="1.168"/>
  <testcase name="testGenericSortDecl3()" classname="de.uka.ilkd.key.parser.TestDeclParser" time="1.139"/>
  <testcase name="testGenericSortDecl4()" classname="de.uka.ilkd.key.parser.TestDeclParser" time="1.136"/>
  <testcase name="testGenericSortDecl5()" classname="de.uka.ilkd.key.parser.TestDeclParser" time="0.0">
    <skipped/>
  </testcase>
  <testcase name="testGenericSortDecl6()" classname="de.uka.ilkd.key.parser.TestDeclParser" time="1.051"/>
  <testcase name="testSortDecl()" classname="de.uka.ilkd.key.parser.TestDeclParser" time="1.132"/>
  <testcase name="testProxySortDecl()" classname="de.uka.ilkd.key.parser.TestDeclParser" time="1.118"/>
  <testcase name="testArrayDecl()" classname="de.uka.ilkd.key.parser.TestDeclParser" time="1.125"/>
  <testcase name="testAmbiguousDecls()" classname="de.uka.ilkd.key.parser.TestDeclParser" time="0.001">
    <skipped/>
  </testcase>
  <testcase name="testHeurDecl()" classname="de.uka.ilkd.key.parser.TestDeclParser" time="1.116"/>
  <testcase name="testFunctionDecl()" classname="de.uka.ilkd.key.parser.TestDeclParser" time="1.065"/>
  <testcase name="testPredicateDecl()" classname="de.uka.ilkd.key.parser.TestDeclParser" time="1.228"/>
  <testcase name="testSVDecl()" classname="de.uka.ilkd.key.parser.TestDeclParser" time="1.103"/>
  <system-out><![CDATA[260792     INFO  Test worker     d.u.i.k.n.KeyIO           Parsing took 0 ms 
260792     DEBUG Test worker     d.u.i.k.n.KeyIO           Load declarations of de.uka.ilkd.key.nparser.KeyAst$File:  <unknown>:1#1 
260792     INFO  Test worker     d.u.i.k.n.KeyIO           MODE: declarations took 0 ms 
260792     DEBUG Test worker     d.u.i.k.n.KeyIO           MODE: 2nd degree decls took 0 
260792     DEBUG Test worker     d.u.i.k.n.KeyIO           MODE: taclets took 0ms 
261967     INFO  Test worker     d.u.i.k.n.KeyIO           Parsing took 16 ms 
261967     DEBUG Test worker     d.u.i.k.n.KeyIO           Load declarations of de.uka.ilkd.key.nparser.KeyAst$File:  <unknown>:1#1 
261967     INFO  Test worker     d.u.i.k.n.KeyIO           MODE: declarations took 0 ms 
261967     DEBUG Test worker     d.u.i.k.n.KeyIO           MODE: 2nd degree decls took 0 
261967     DEBUG Test worker     d.u.i.k.n.KeyIO           MODE: taclets took 0ms 
263093     INFO  Test worker     d.u.i.k.n.KeyIO           Parsing took 0 ms 
263093     DEBUG Test worker     d.u.i.k.n.KeyIO           Load declarations of de.uka.ilkd.key.nparser.KeyAst$File:  <unknown>:1#1 
263093     INFO  Test worker     d.u.i.k.n.KeyIO           MODE: declarations took 0 ms 
263093     DEBUG Test worker     d.u.i.k.n.KeyIO           MODE: 2nd degree decls took 0 
263093     DEBUG Test worker     d.u.i.k.n.KeyIO           MODE: taclets took 0ms 
264235     INFO  Test worker     d.u.i.k.n.KeyIO           Parsing took 0 ms 
264235     DEBUG Test worker     d.u.i.k.n.KeyIO           Load declarations of de.uka.ilkd.key.nparser.KeyAst$File:  <unknown>:1#1 
264235     INFO  Test worker     d.u.i.k.n.KeyIO           MODE: declarations took 0 ms 
264235     DEBUG Test worker     d.u.i.k.n.KeyIO           MODE: 2nd degree decls took 0 
264235     DEBUG Test worker     d.u.i.k.n.KeyIO           MODE: taclets took 0ms 
265282     INFO  Test worker     d.u.i.k.n.KeyIO           Parsing took 0 ms 
265282     DEBUG Test worker     d.u.i.k.n.KeyIO           Load declarations of de.uka.ilkd.key.nparser.KeyAst$File:  <unknown>:1#1 
265282     INFO  Test worker     d.u.i.k.n.KeyIO           MODE: declarations took 0 ms 
265282     DEBUG Test worker     d.u.i.k.n.KeyIO           MODE: 2nd degree decls took 0 
265282     DEBUG Test worker     d.u.i.k.n.KeyIO           MODE: taclets took 0ms 
266416     INFO  Test worker     d.u.i.k.n.KeyIO           Parsing took 0 ms 
266416     DEBUG Test worker     d.u.i.k.n.KeyIO           Load declarations of de.uka.ilkd.key.nparser.KeyAst$File:  <unknown>:1#1 
266416     INFO  Test worker     d.u.i.k.n.KeyIO           MODE: declarations took 0 ms 
266416     DEBUG Test worker     d.u.i.k.n.KeyIO           MODE: 2nd degree decls took 0 
266416     DEBUG Test worker     d.u.i.k.n.KeyIO           MODE: taclets took 0ms 
267537     INFO  Test worker     d.u.i.k.n.KeyIO           Parsing took 0 ms 
267537     DEBUG Test worker     d.u.i.k.n.KeyIO           Load declarations of de.uka.ilkd.key.nparser.KeyAst$File:  <unknown>:1#1 
267537     INFO  Test worker     d.u.i.k.n.KeyIO           MODE: declarations took 0 ms 
267537     DEBUG Test worker     d.u.i.k.n.KeyIO           MODE: 2nd degree decls took 0 
267537     DEBUG Test worker     d.u.i.k.n.KeyIO           MODE: taclets took 0ms 
268667     INFO  Test worker     d.u.i.k.n.KeyIO           Parsing took 0 ms 
268667     DEBUG Test worker     d.u.i.k.n.KeyIO           Load declarations of de.uka.ilkd.key.nparser.KeyAst$File:  <unknown>:1#1 
268667     INFO  Test worker     d.u.i.k.n.KeyIO           MODE: declarations took 0 ms 
268667     DEBUG Test worker     d.u.i.k.n.KeyIO           MODE: 2nd degree decls took 0 
268667     DEBUG Test worker     d.u.i.k.n.KeyIO           MODE: taclets took 0ms 
269782     INFO  Test worker     d.u.i.k.n.KeyIO           Parsing took 0 ms 
269782     DEBUG Test worker     d.u.i.k.n.KeyIO           Load declarations of de.uka.ilkd.key.nparser.KeyAst$File:  <unknown>:1#1 
269782     INFO  Test worker     d.u.i.k.n.KeyIO           MODE: declarations took 0 ms 
269782     DEBUG Test worker     d.u.i.k.n.KeyIO           MODE: 2nd degree decls took 0 
269782     DEBUG Test worker     d.u.i.k.n.KeyIO           MODE: taclets took 0ms 
270829     INFO  Test worker     d.u.i.k.n.KeyIO           Parsing took 0 ms 
270829     DEBUG Test worker     d.u.i.k.n.KeyIO           Load declarations of de.uka.ilkd.key.nparser.KeyAst$File:  <unknown>:1#1 
270829     INFO  Test worker     d.u.i.k.n.KeyIO           MODE: declarations took 0 ms 
270844     DEBUG Test worker     d.u.i.k.n.KeyIO           MODE: 2nd degree decls took 15 
270844     DEBUG Test worker     d.u.i.k.n.KeyIO           MODE: taclets took 0ms 
272072     INFO  Test worker     d.u.i.k.n.KeyIO           Parsing took 0 ms 
272072     DEBUG Test worker     d.u.i.k.n.KeyIO           Load declarations of de.uka.ilkd.key.nparser.KeyAst$File:  <unknown>:1#1 
272072     INFO  Test worker     d.u.i.k.n.KeyIO           MODE: declarations took 0 ms 
272072     DEBUG Test worker     d.u.i.k.n.KeyIO           MODE: 2nd degree decls took 0 
272072     DEBUG Test worker     d.u.i.k.n.KeyIO           MODE: taclets took 0ms 
273169     INFO  Test worker     d.u.i.k.n.KeyIO           Parsing took 0 ms 
273169     DEBUG Test worker     d.u.i.k.n.KeyIO           Load declarations of de.uka.ilkd.key.nparser.KeyAst$File:  <unknown>:1#1 
273169     INFO  Test worker     d.u.i.k.n.KeyIO           MODE: declarations took 0 ms 
273169     DEBUG Test worker     d.u.i.k.n.KeyIO           MODE: 2nd degree decls took 0 
273169     DEBUG Test worker     d.u.i.k.n.KeyIO           MODE: taclets took 0ms 
]]></system-out>
  <system-err><![CDATA[]]></system-err>
</testsuite>
