<?xml version="1.0" encoding="UTF-8"?>
<testsuite name="de.uka.ilkd.key.testcase.smt.testgen.TestTestgen" tests="1" skipped="0" failures="0" errors="0" timestamp="2023-06-12T07:10:52" hostname="fv-az799-972" time="6.586">
  <properties/>
  <testcase name="testMiddle()" classname="de.uka.ilkd.key.testcase.smt.testgen.TestTestgen" time="6.586"/>
  <system-out><![CDATA[20253      WARN  Test worker     d.u.i.k.t.s.t.TestTestgen Warning: Z3_CE is not installed, tests skipped. 
20254      WARN  Test worker     d.u.i.k.t.s.t.TestTestgen Maybe use JVM system property "z3SolverPath" to define the path to the Z3 command. 
20258      INFO  Test worker     d.u.i.k.p.i.AbstractProblemLoader Loading environment from src/test/resources/testcase/smt/tg/middle.key 
20259      DEBUG Test worker     d.u.i.k.p.i.AbstractProblemLoader Environment load took 616.24ns 
20265      INFO  Test worker     d.u.i.k.p.i.AbstractProblemLoader Creating init config 
26033      DEBUG Test worker     d.u.i.k.p.i.AbstractProblemLoader Init config took 5.77s 
26145      INFO  Test worker     d.u.i.k.p.i.AbstractProblemLoader Replaying proof Middle[Middle::middle(int,int,int)].JML normal_behavior operation contract.0 
26157      DEBUG Test worker     d.u.i.k.p.i.IntermediateProofReplayer Proof replay took 19.2ns 
]]></system-out>
  <system-err><![CDATA[]]></system-err>
</testsuite>
