<?xml version="1.0" encoding="UTF-8"?>
<testsuite name="de.uka.ilkd.key.proof_references.testcase.TestKeYTypeUtil" tests="4" skipped="0" failures="0" errors="0" timestamp="2023-02-02T11:14:50" hostname="fv-az452-917" time="17.511">
  <properties/>
  <testcase name="testGetType()" classname="de.uka.ilkd.key.proof_references.testcase.TestKeYTypeUtil" time="9.06"/>
  <testcase name="testIsInnerType()" classname="de.uka.ilkd.key.proof_references.testcase.TestKeYTypeUtil" time="2.942"/>
  <testcase name="testGetParentName()" classname="de.uka.ilkd.key.proof_references.testcase.TestKeYTypeUtil" time="2.783"/>
  <testcase name="testIsType()" classname="de.uka.ilkd.key.proof_references.testcase.TestKeYTypeUtil" time="2.721"/>
  <system-out><![CDATA[11:14:50,932 |-INFO in ch.qos.logback.classic.LoggerContext[default] - Could NOT find resource [logback-test.xml]
11:14:50,933 |-INFO in ch.qos.logback.classic.LoggerContext[default] - Found resource [logback.xml] at [file:/home/runner/work/key/key/key.core.proof_references/build/resources/test/logback.xml]
11:14:51,348 |-INFO in ch.qos.logback.classic.joran.action.ConfigurationAction - debug attribute not set
11:14:51,348 |-INFO in ch.qos.logback.core.joran.action.AppenderAction - About to instantiate appender of type [ch.qos.logback.core.ConsoleAppender]
11:14:51,357 |-INFO in ch.qos.logback.core.joran.action.AppenderAction - Naming appender as [STDOUT]
11:14:51,370 |-ERROR in ch.qos.logback.core.joran.spi.Interpreter@3:15 - no applicable action for [file], current ElementPath  is [[configuration][appender][file]]
11:14:51,370 |-ERROR in ch.qos.logback.core.joran.spi.Interpreter@4:17 - no applicable action for [append], current ElementPath  is [[configuration][appender][append]]
11:14:51,371 |-INFO in ch.qos.logback.core.joran.action.NestedComplexPropertyIA - Assuming default type [ch.qos.logback.classic.encoder.PatternLayoutEncoder] for [encoder] property
11:14:51,403 |-INFO in ch.qos.logback.classic.joran.action.RootLoggerAction - Setting level of ROOT logger to WARN
11:14:51,403 |-INFO in ch.qos.logback.core.joran.action.AppenderRefAction - Attaching appender named [STDOUT] to Logger[ROOT]
11:14:51,403 |-INFO in ch.qos.logback.classic.joran.action.ConfigurationAction - End of configuration.
11:14:51,404 |-INFO in ch.qos.logback.classic.joran.JoranConfigurator@58bf8650 - Registering current configuration as safe fallback point

910        WARN  Test worker     d.u.i.k.s.ProofSettings   No proof-settings could be loaded, using defaults java.io.FileNotFoundException: /home/runner/.key/proof-settings.props (No such file or directory)
	at java.base/java.io.FileInputStream.open0(Native Method)

]]></system-out>
  <system-err><![CDATA[]]></system-err>
</testsuite>
